<?xml version="1.0" encoding="UTF-8"?>
<testsuite xmlns:xsi="http://www.w3.org/2001/XMLSchema-instance" xsi:noNamespaceSchemaLocation="https://maven.apache.org/surefire/maven-surefire-plugin/xsd/surefire-test-report.xsd" name="org.apache.hadoop.ozone.client.rpc.TestFailureHandlingByClient" time="407.672" tests="5" errors="0" skipped="0" failures="1">
  <properties>
    <property name="awt.toolkit" value="sun.awt.X11.XToolkit"/>
    <property name="file.encoding.pkg" value="sun.io"/>
    <property name="java.specification.version" value="1.8"/>
    <property name="sun.cpu.isalist" value=""/>
    <property name="sun.jnu.encoding" value="ANSI_X3.4-1968"/>
    <property name="java.class.path" value="/workdir/hadoop-ozone/integration-test/target/test-classes:/workdir/hadoop-ozone/integration-test/target/classes:/home/user/.m2/repository/org/apache/hadoop/hadoop-ozone-common/0.5.0-SNAPSHOT/hadoop-ozone-common-0.5.0-SNAPSHOT.jar:/home/user/.m2/repository/org/apache/commons/commons-compress/1.4.1/commons-compress-1.4.1.jar:/home/user/.m2/repository/org/tukaani/xz/1.0/xz-1.0.jar:/home/user/.m2/repository/org/apache/hadoop/hadoop-common/3.2.0/hadoop-common-3.2.0.jar:/home/user/.m2/repository/org/apache/hadoop/hadoop-hdfs/3.2.0/hadoop-hdfs-3.2.0.jar:/home/user/.m2/repository/org/apache/hadoop/hadoop-hdfs-client/3.2.0/hadoop-hdfs-client-3.2.0.jar:/home/user/.m2/repository/com/fasterxml/jackson/core/jackson-annotations/2.9.9/jackson-annotations-2.9.9.jar:/home/user/.m2/repository/org/apache/hadoop/hadoop-hdds-common/0.5.0-SNAPSHOT/hadoop-hdds-common-0.5.0-SNAPSHOT.jar:/home/user/.m2/repository/javax/annotation/javax.annotation-api/1.2/javax.annotation-api-1.2.jar:/home/user/.m2/repository/org/apache/ratis/ratis-server/0.5.0-3f446aa-SNAPSHOT/ratis-server-0.5.0-3f446aa-SNAPSHOT.jar:/home/user/.m2/repository/org/apache/ratis/ratis-thirdparty-misc/0.2.0/ratis-thirdparty-misc-0.2.0.jar:/home/user/.m2/repository/org/apache/ratis/ratis-proto/0.5.0-3f446aa-SNAPSHOT/ratis-proto-0.5.0-3f446aa-SNAPSHOT.jar:/home/user/.m2/repository/org/apache/ratis/ratis-common/0.5.0-3f446aa-SNAPSHOT/ratis-common-0.5.0-3f446aa-SNAPSHOT.jar:/home/user/.m2/repository/org/apache/ratis/ratis-client/0.5.0-3f446aa-SNAPSHOT/ratis-client-0.5.0-3f446aa-SNAPSHOT.jar:/home/user/.m2/repository/org/apache/ratis/ratis-metrics/0.5.0-3f446aa-SNAPSHOT/ratis-metrics-0.5.0-3f446aa-SNAPSHOT.jar:/home/user/.m2/repository/com/github/joshelser/dropwizard-metrics-hadoop-metrics2-reporter/0.1.2/dropwizard-metrics-hadoop-metrics2-reporter-0.1.2.jar:/home/user/.m2/repository/io/dropwizard/metrics/metrics-jvm/3.2.5/metrics-jvm-3.2.5.jar:/home/user/.m2/repository/io/dropwizard/metrics/metrics-ganglia/3.2.5/metrics-ganglia-3.2.5.jar:/home/user/.m2/repository/info/ganglia/gmetric4j/gmetric4j/1.0.7/gmetric4j-1.0.7.jar:/home/user/.m2/repository/org/apache/ratis/ratis-netty/0.5.0-3f446aa-SNAPSHOT/ratis-netty-0.5.0-3f446aa-SNAPSHOT.jar:/home/user/.m2/repository/org/apache/ratis/ratis-grpc/0.5.0-3f446aa-SNAPSHOT/ratis-grpc-0.5.0-3f446aa-SNAPSHOT.jar:/home/user/.m2/repository/org/rocksdb/rocksdbjni/6.0.1/rocksdbjni-6.0.1.jar:/home/user/.m2/repository/org/apache/logging/log4j/log4j-api/2.11.0/log4j-api-2.11.0.jar:/home/user/.m2/repository/org/apache/logging/log4j/log4j-core/2.11.0/log4j-core-2.11.0.jar:/home/user/.m2/repository/com/lmax/disruptor/3.4.2/disruptor-3.4.2.jar:/home/user/.m2/repository/org/apache/commons/commons-pool2/2.6.0/commons-pool2-2.6.0.jar:/home/user/.m2/repository/org/bouncycastle/bcpkix-jdk15on/1.60/bcpkix-jdk15on-1.60.jar:/home/user/.m2/repository/commons-validator/commons-validator/1.6/commons-validator-1.6.jar:/home/user/.m2/repository/commons-digester/commons-digester/1.8.1/commons-digester-1.8.1.jar:/home/user/.m2/repository/io/jaegertracing/jaeger-client/0.34.0/jaeger-client-0.34.0.jar:/home/user/.m2/repository/io/jaegertracing/jaeger-thrift/0.34.0/jaeger-thrift-0.34.0.jar:/home/user/.m2/repository/org/apache/thrift/libthrift/0.12.0/libthrift-0.12.0.jar:/home/user/.m2/repository/com/squareup/okhttp3/okhttp/3.9.0/okhttp-3.9.0.jar:/home/user/.m2/repository/com/squareup/okio/okio/1.13.0/okio-1.13.0.jar:/home/user/.m2/repository/io/jaegertracing/jaeger-core/0.34.0/jaeger-core-0.34.0.jar:/home/user/.m2/repository/io/jaegertracing/jaeger-tracerresolver/0.34.0/jaeger-tracerresolver-0.34.0.jar:/home/user/.m2/repository/io/opentracing/contrib/opentracing-tracerresolver/0.1.5/opentracing-tracerresolver-0.1.5.jar:/home/user/.m2/repository/io/opentracing/opentracing-util/0.31.0/opentracing-util-0.31.0.jar:/home/user/.m2/repository/io/opentracing/opentracing-api/0.31.0/opentracing-api-0.31.0.jar:/home/user/.m2/repository/io/opentracing/opentracing-noop/0.31.0/opentracing-noop-0.31.0.jar:/home/user/.m2/repository/org/apache/hadoop/hadoop-hdds-server-framework/0.5.0-SNAPSHOT/hadoop-hdds-server-framework-0.5.0-SNAPSHOT.jar:/home/user/.m2/repository/org/apache/hadoop/hadoop-hdds-container-service/0.5.0-SNAPSHOT/hadoop-hdds-container-service-0.5.0-SNAPSHOT.jar:/home/user/.m2/repository/org/apache/hadoop/hadoop-hdds-client/0.5.0-SNAPSHOT/hadoop-hdds-client-0.5.0-SNAPSHOT.jar:/home/user/.m2/repository/org/apache/hadoop/hadoop-hdds-tools/0.5.0-SNAPSHOT/hadoop-hdds-tools-0.5.0-SNAPSHOT.jar:/home/user/.m2/repository/org/apache/hadoop/hadoop-hdds-server-scm/0.5.0-SNAPSHOT/hadoop-hdds-server-scm-0.5.0-SNAPSHOT.jar:/home/user/.m2/repository/org/apache/hadoop/hadoop-hdds-docs/0.5.0-SNAPSHOT/hadoop-hdds-docs-0.5.0-SNAPSHOT.jar:/home/user/.m2/repository/io/dropwizard/metrics/metrics-core/3.2.4/metrics-core-3.2.4.jar:/home/user/.m2/repository/org/hamcrest/hamcrest-all/1.3/hamcrest-all-1.3.jar:/home/user/.m2/repository/org/bouncycastle/bcprov-jdk15on/1.60/bcprov-jdk15on-1.60.jar:/home/user/.m2/repository/info/picocli/picocli/3.9.6/picocli-3.9.6.jar:/home/user/.m2/repository/com/google/protobuf/protobuf-java/2.5.0/protobuf-java-2.5.0.jar:/home/user/.m2/repository/com/google/guava/guava/11.0.2/guava-11.0.2.jar:/home/user/.m2/repository/org/apache/hadoop/hadoop-ozone-ozone-manager/0.5.0-SNAPSHOT/hadoop-ozone-ozone-manager-0.5.0-SNAPSHOT.jar:/home/user/.m2/repository/org/apache/hadoop/hadoop-minikdc/3.2.0/hadoop-minikdc-3.2.0.jar:/home/user/.m2/repository/commons-io/commons-io/2.5/commons-io-2.5.jar:/home/user/.m2/repository/org/apache/kerby/kerb-simplekdc/1.0.1/kerb-simplekdc-1.0.1.jar:/home/user/.m2/repository/org/apache/kerby/kerb-client/1.0.1/kerb-client-1.0.1.jar:/home/user/.m2/repository/org/apache/kerby/kerby-config/1.0.1/kerby-config-1.0.1.jar:/home/user/.m2/repository/org/apache/kerby/kerb-core/1.0.1/kerb-core-1.0.1.jar:/home/user/.m2/repository/org/apache/kerby/kerby-pkix/1.0.1/kerby-pkix-1.0.1.jar:/home/user/.m2/repository/org/apache/kerby/kerby-asn1/1.0.1/kerby-asn1-1.0.1.jar:/home/user/.m2/repository/org/apache/kerby/kerby-util/1.0.1/kerby-util-1.0.1.jar:/home/user/.m2/repository/org/apache/kerby/kerb-common/1.0.1/kerb-common-1.0.1.jar:/home/user/.m2/repository/org/apache/kerby/kerb-crypto/1.0.1/kerb-crypto-1.0.1.jar:/home/user/.m2/repository/org/apache/kerby/kerb-util/1.0.1/kerb-util-1.0.1.jar:/home/user/.m2/repository/org/apache/kerby/token-provider/1.0.1/token-provider-1.0.1.jar:/home/user/.m2/repository/org/apache/kerby/kerb-admin/1.0.1/kerb-admin-1.0.1.jar:/home/user/.m2/repository/org/apache/kerby/kerb-server/1.0.1/kerb-server-1.0.1.jar:/home/user/.m2/repository/org/apache/kerby/kerb-identity/1.0.1/kerb-identity-1.0.1.jar:/home/user/.m2/repository/org/apache/kerby/kerby-xdr/1.0.1/kerby-xdr-1.0.1.jar:/home/user/.m2/repository/org/slf4j/slf4j-log4j12/1.7.25/slf4j-log4j12-1.7.25.jar:/home/user/.m2/repository/org/apache/hadoop/hadoop-ozone-s3gateway/0.5.0-SNAPSHOT/hadoop-ozone-s3gateway-0.5.0-SNAPSHOT.jar:/home/user/.m2/repository/org/jboss/weld/servlet/weld-servlet/2.4.7.Final/weld-servlet-2.4.7.Final.jar:/home/user/.m2/repository/org/glassfish/jersey/containers/jersey-container-servlet-core/2.27/jersey-container-servlet-core-2.27.jar:/home/user/.m2/repository/org/glassfish/hk2/external/javax.inject/2.5.0-b42/javax.inject-2.5.0-b42.jar:/home/user/.m2/repository/org/glassfish/jersey/core/jersey-common/2.27/jersey-common-2.27.jar:/home/user/.m2/repository/org/glassfish/hk2/osgi-resource-locator/1.0.1/osgi-resource-locator-1.0.1.jar:/home/user/.m2/repository/javax/ws/rs/javax.ws.rs-api/2.1/javax.ws.rs-api-2.1.jar:/home/user/.m2/repository/org/glassfish/jersey/ext/cdi/jersey-cdi1x/2.27/jersey-cdi1x-2.27.jar:/home/user/.m2/repository/org/glassfish/jersey/inject/jersey-hk2/2.27/jersey-hk2-2.27.jar:/home/user/.m2/repository/org/glassfish/hk2/hk2-locator/2.5.0-b42/hk2-locator-2.5.0-b42.jar:/home/user/.m2/repository/org/javassist/javassist/3.22.0-CR2/javassist-3.22.0-CR2.jar:/home/user/.m2/repository/org/glassfish/hk2/hk2-api/2.5.0/hk2-api-2.5.0.jar:/home/user/.m2/repository/org/glassfish/hk2/external/jakarta.inject/2.5.0/jakarta.inject-2.5.0.jar:/home/user/.m2/repository/org/glassfish/hk2/hk2-utils/2.5.0/hk2-utils-2.5.0.jar:/home/user/.m2/repository/jakarta/annotation/jakarta.annotation-api/1.3.4/jakarta.annotation-api-1.3.4.jar:/home/user/.m2/repository/org/glassfish/hk2/external/aopalliance-repackaged/2.5.0/aopalliance-repackaged-2.5.0.jar:/home/user/.m2/repository/com/fasterxml/jackson/dataformat/jackson-dataformat-xml/2.9.0/jackson-dataformat-xml-2.9.0.jar:/home/user/.m2/repository/com/fasterxml/jackson/core/jackson-core/2.9.9/jackson-core-2.9.9.jar:/home/user/.m2/repository/com/fasterxml/jackson/module/jackson-module-jaxb-annotations/2.9.9/jackson-module-jaxb-annotations-2.9.9.jar:/home/user/.m2/repository/javax/enterprise/cdi-api/1.2/cdi-api-1.2.jar:/home/user/.m2/repository/javax/el/javax.el-api/3.0.0/javax.el-api-3.0.0.jar:/home/user/.m2/repository/javax/interceptor/javax.interceptor-api/1.2/javax.interceptor-api-1.2.jar:/home/user/.m2/repository/javax/inject/javax.inject/1/javax.inject-1.jar:/home/user/.m2/repository/com/sun/xml/bind/jaxb-impl/2.3.0.1/jaxb-impl-2.3.0.1.jar:/home/user/.m2/repository/com/sun/xml/bind/jaxb-core/2.3.0.1/jaxb-core-2.3.0.1.jar:/home/user/.m2/repository/javax/xml/bind/jaxb-api/2.3.0/jaxb-api-2.3.0.jar:/home/user/.m2/repository/javax/activation/activation/1.1.1/activation-1.1.1.jar:/home/user/.m2/repository/org/apache/hadoop/hadoop-ozone-csi/0.5.0-SNAPSHOT/hadoop-ozone-csi-0.5.0-SNAPSHOT.jar:/home/user/.m2/repository/com/google/protobuf/protobuf-java-util/3.5.1/protobuf-java-util-3.5.1.jar:/home/user/.m2/repository/org/apache/hadoop/hadoop-hdds-config/0.5.0-SNAPSHOT/hadoop-hdds-config-0.5.0-SNAPSHOT.jar:/home/user/.m2/repository/io/grpc/grpc-netty/1.17.1/grpc-netty-1.17.1.jar:/home/user/.m2/repository/io/grpc/grpc-core/1.17.1/grpc-core-1.17.1.jar:/home/user/.m2/repository/io/grpc/grpc-context/1.17.1/grpc-context-1.17.1.jar:/home/user/.m2/repository/com/google/errorprone/error_prone_annotations/2.2.0/error_prone_annotations-2.2.0.jar:/home/user/.m2/repository/org/codehaus/mojo/animal-sniffer-annotations/1.17/animal-sniffer-annotations-1.17.jar:/home/user/.m2/repository/io/opencensus/opencensus-api/0.17.0/opencensus-api-0.17.0.jar:/home/user/.m2/repository/io/opencensus/opencensus-contrib-grpc-metrics/0.17.0/opencensus-contrib-grpc-metrics-0.17.0.jar:/home/user/.m2/repository/io/netty/netty-codec-http2/4.1.30.Final/netty-codec-http2-4.1.30.Final.jar:/home/user/.m2/repository/io/netty/netty-codec-http/4.1.30.Final/netty-codec-http-4.1.30.Final.jar:/home/user/.m2/repository/io/netty/netty-codec/4.1.30.Final/netty-codec-4.1.30.Final.jar:/home/user/.m2/repository/io/netty/netty-handler/4.1.30.Final/netty-handler-4.1.30.Final.jar:/home/user/.m2/repository/io/netty/netty-handler-proxy/4.1.30.Final/netty-handler-proxy-4.1.30.Final.jar:/home/user/.m2/repository/io/netty/netty-codec-socks/4.1.30.Final/netty-codec-socks-4.1.30.Final.jar:/home/user/.m2/repository/io/netty/netty-transport-native-epoll/4.1.30.Final/netty-transport-native-epoll-4.1.30.Final.jar:/home/user/.m2/repository/io/netty/netty-common/4.1.30.Final/netty-common-4.1.30.Final.jar:/home/user/.m2/repository/io/netty/netty-buffer/4.1.30.Final/netty-buffer-4.1.30.Final.jar:/home/user/.m2/repository/io/netty/netty-transport/4.1.30.Final/netty-transport-4.1.30.Final.jar:/home/user/.m2/repository/io/netty/netty-resolver/4.1.30.Final/netty-resolver-4.1.30.Final.jar:/home/user/.m2/repository/io/netty/netty-transport-native-unix-common/4.1.30.Final/netty-transport-native-unix-common-4.1.30.Final.jar:/home/user/.m2/repository/io/grpc/grpc-protobuf/1.17.1/grpc-protobuf-1.17.1.jar:/home/user/.m2/repository/com/google/api/grpc/proto-google-common-protos/1.0.0/proto-google-common-protos-1.0.0.jar:/home/user/.m2/repository/io/grpc/grpc-protobuf-lite/1.17.1/grpc-protobuf-lite-1.17.1.jar:/home/user/.m2/repository/io/grpc/grpc-stub/1.17.1/grpc-stub-1.17.1.jar:/home/user/.m2/repository/org/apache/hadoop/hadoop-ozone-recon/0.5.0-SNAPSHOT/hadoop-ozone-recon-0.5.0-SNAPSHOT.jar:/home/user/.m2/repository/org/apache/hadoop/hadoop-ozone-reconcodegen/0.5.0-SNAPSHOT/hadoop-ozone-reconcodegen-0.5.0-SNAPSHOT.jar:/home/user/.m2/repository/com/google/inject/extensions/guice-multibindings/4.0/guice-multibindings-4.0.jar:/home/user/.m2/repository/com/google/inject/guice/4.0/guice-4.0.jar:/home/user/.m2/repository/aopalliance/aopalliance/1.0/aopalliance-1.0.jar:/home/user/.m2/repository/com/google/inject/extensions/guice-servlet/4.0/guice-servlet-4.0.jar:/home/user/.m2/repository/org/glassfish/jersey/containers/jersey-container-servlet/2.27/jersey-container-servlet-2.27.jar:/home/user/.m2/repository/org/glassfish/hk2/guice-bridge/2.5.0/guice-bridge-2.5.0.jar:/home/user/.m2/repository/org/glassfish/jersey/core/jersey-server/2.27/jersey-server-2.27.jar:/home/user/.m2/repository/org/glassfish/jersey/core/jersey-client/2.27/jersey-client-2.27.jar:/home/user/.m2/repository/org/glassfish/jersey/media/jersey-media-jaxb/2.27/jersey-media-jaxb-2.27.jar:/home/user/.m2/repository/javax/validation/validation-api/1.1.0.Final/validation-api-1.1.0.Final.jar:/home/user/.m2/repository/org/glassfish/jersey/media/jersey-media-json-jackson/2.27/jersey-media-json-jackson-2.27.jar:/home/user/.m2/repository/org/glassfish/jersey/ext/jersey-entity-filtering/2.27/jersey-entity-filtering-2.27.jar:/home/user/.m2/repository/com/google/inject/extensions/guice-assistedinject/4.0/guice-assistedinject-4.0.jar:/home/user/.m2/repository/org/jooq/jooq/3.11.10/jooq-3.11.10.jar:/home/user/.m2/repository/org/jooq/jooq-meta/3.11.10/jooq-meta-3.11.10.jar:/home/user/.m2/repository/org/jooq/jooq-codegen/3.11.10/jooq-codegen-3.11.10.jar:/home/user/.m2/repository/com/jolbox/bonecp/0.8.0.RELEASE/bonecp-0.8.0.RELEASE.jar:/home/user/.m2/repository/org/xerial/sqlite-jdbc/3.25.2/sqlite-jdbc-3.25.2.jar:/home/user/.m2/repository/org/springframework/spring-jdbc/5.1.3.RELEASE/spring-jdbc-5.1.3.RELEASE.jar:/home/user/.m2/repository/org/springframework/spring-beans/5.1.3.RELEASE/spring-beans-5.1.3.RELEASE.jar:/home/user/.m2/repository/org/springframework/spring-core/5.1.3.RELEASE/spring-core-5.1.3.RELEASE.jar:/home/user/.m2/repository/org/springframework/spring-jcl/5.1.3.RELEASE/spring-jcl-5.1.3.RELEASE.jar:/home/user/.m2/repository/org/springframework/spring-tx/5.1.3.RELEASE/spring-tx-5.1.3.RELEASE.jar:/home/user/.m2/repository/org/apache/hadoop/hadoop-ozone-client/0.5.0-SNAPSHOT/hadoop-ozone-client-0.5.0-SNAPSHOT.jar:/home/user/.m2/repository/commons-lang/commons-lang/2.6/commons-lang-2.6.jar:/home/user/.m2/repository/org/apache/hadoop/hadoop-ozone-ozone-manager/0.5.0-SNAPSHOT/hadoop-ozone-ozone-manager-0.5.0-SNAPSHOT-tests.jar:/home/user/.m2/repository/junit/junit/4.11/junit-4.11.jar:/home/user/.m2/repository/org/hamcrest/hamcrest-core/1.3/hamcrest-core-1.3.jar:/home/user/.m2/repository/org/openjdk/jmh/jmh-core/1.19/jmh-core-1.19.jar:/home/user/.m2/repository/net/sf/jopt-simple/jopt-simple/4.6/jopt-simple-4.6.jar:/home/user/.m2/repository/org/apache/commons/commons-math3/3.1.1/commons-math3-3.1.1.jar:/home/user/.m2/repository/org/openjdk/jmh/jmh-generator-annprocess/1.19/jmh-generator-annprocess-1.19.jar:/home/user/.m2/repository/org/mockito/mockito-all/1.8.5/mockito-all-1.8.5.jar:/home/user/.m2/repository/org/apache/hadoop/hadoop-kms/3.2.0/hadoop-kms-3.2.0.jar:/home/user/.m2/repository/org/apache/hadoop/hadoop-auth/3.2.0/hadoop-auth-3.2.0.jar:/home/user/.m2/repository/com/nimbusds/nimbus-jose-jwt/4.41.1/nimbus-jose-jwt-4.41.1.jar:/home/user/.m2/repository/com/github/stephenc/jcip/jcip-annotations/1.0-1/jcip-annotations-1.0-1.jar:/home/user/.m2/repository/net/minidev/json-smart/2.3/json-smart-2.3.jar:/home/user/.m2/repository/net/minidev/accessors-smart/1.2/accessors-smart-1.2.jar:/home/user/.m2/repository/org/ow2/asm/asm/5.0.4/asm-5.0.4.jar:/home/user/.m2/repository/org/apache/curator/curator-framework/2.12.0/curator-framework-2.12.0.jar:/home/user/.m2/repository/com/sun/jersey/jersey-core/1.19/jersey-core-1.19.jar:/home/user/.m2/repository/javax/ws/rs/jsr311-api/1.1.1/jsr311-api-1.1.1.jar:/home/user/.m2/repository/com/sun/jersey/jersey-server/1.19/jersey-server-1.19.jar:/home/user/.m2/repository/javax/servlet/javax.servlet-api/3.1.0/javax.servlet-api-3.1.0.jar:/home/user/.m2/repository/org/eclipse/jetty/jetty-server/9.3.25.v20180904/jetty-server-9.3.25.v20180904.jar:/home/user/.m2/repository/org/eclipse/jetty/jetty-http/9.3.25.v20180904/jetty-http-9.3.25.v20180904.jar:/home/user/.m2/repository/org/eclipse/jetty/jetty-io/9.3.25.v20180904/jetty-io-9.3.25.v20180904.jar:/home/user/.m2/repository/org/eclipse/jetty/jetty-webapp/9.3.25.v20180904/jetty-webapp-9.3.25.v20180904.jar:/home/user/.m2/repository/org/eclipse/jetty/jetty-xml/9.3.25.v20180904/jetty-xml-9.3.25.v20180904.jar:/home/user/.m2/repository/log4j/log4j/1.2.17/log4j-1.2.17.jar:/home/user/.m2/repository/org/slf4j/slf4j-api/1.7.25/slf4j-api-1.7.25.jar:/home/user/.m2/repository/org/slf4j/jul-to-slf4j/1.7.25/jul-to-slf4j-1.7.25.jar:/home/user/.m2/repository/org/eclipse/jetty/jetty-util/9.3.25.v20180904/jetty-util-9.3.25.v20180904.jar:/home/user/.m2/repository/com/fasterxml/jackson/core/jackson-databind/2.9.9/jackson-databind-2.9.9.jar:/home/user/.m2/repository/org/apache/hadoop/hadoop-kms/3.2.0/hadoop-kms-3.2.0-tests.jar:/home/user/.m2/repository/org/apache/hadoop/hadoop-hdds-server-scm/0.5.0-SNAPSHOT/hadoop-hdds-server-scm-0.5.0-SNAPSHOT-tests.jar:/home/user/.m2/repository/org/apache/hadoop/hadoop-hdds-container-service/0.5.0-SNAPSHOT/hadoop-hdds-container-service-0.5.0-SNAPSHOT-tests.jar:/home/user/.m2/repository/org/yaml/snakeyaml/1.16/snakeyaml-1.16.jar:/home/user/.m2/repository/org/apache/hadoop/hadoop-common/3.2.0/hadoop-common-3.2.0-tests.jar:/home/user/.m2/repository/org/apache/hadoop/hadoop-annotations/3.2.0/hadoop-annotations-3.2.0.jar:/usr/lib/jvm/java-1.8.0-openjdk-1.8.0.222.b10-1.el7_7.x86_64/jre/../lib/tools.jar:/home/user/.m2/repository/commons-cli/commons-cli/1.2/commons-cli-1.2.jar:/home/user/.m2/repository/org/apache/httpcomponents/httpclient/4.5.2/httpclient-4.5.2.jar:/home/user/.m2/repository/org/apache/httpcomponents/httpcore/4.4.4/httpcore-4.4.4.jar:/home/user/.m2/repository/commons-codec/commons-codec/1.11/commons-codec-1.11.jar:/home/user/.m2/repository/commons-net/commons-net/3.6/commons-net-3.6.jar:/home/user/.m2/repository/commons-collections/commons-collections/3.2.2/commons-collections-3.2.2.jar:/home/user/.m2/repository/org/eclipse/jetty/jetty-servlet/9.3.25.v20180904/jetty-servlet-9.3.25.v20180904.jar:/home/user/.m2/repository/org/eclipse/jetty/jetty-security/9.3.25.v20180904/jetty-security-9.3.25.v20180904.jar:/home/user/.m2/repository/javax/servlet/jsp/jsp-api/2.1/jsp-api-2.1.jar:/home/user/.m2/repository/com/sun/jersey/jersey-servlet/1.19/jersey-servlet-1.19.jar:/home/user/.m2/repository/com/sun/jersey/jersey-json/1.19/jersey-json-1.19.jar:/home/user/.m2/repository/org/codehaus/jettison/jettison/1.1/jettison-1.1.jar:/home/user/.m2/repository/org/codehaus/jackson/jackson-core-asl/1.9.13/jackson-core-asl-1.9.13.jar:/home/user/.m2/repository/org/codehaus/jackson/jackson-mapper-asl/1.9.13/jackson-mapper-asl-1.9.13.jar:/home/user/.m2/repository/org/codehaus/jackson/jackson-jaxrs/1.9.13/jackson-jaxrs-1.9.13.jar:/home/user/.m2/repository/org/codehaus/jackson/jackson-xc/1.9.13/jackson-xc-1.9.13.jar:/home/user/.m2/repository/commons-logging/commons-logging/1.1.3/commons-logging-1.1.3.jar:/home/user/.m2/repository/commons-beanutils/commons-beanutils/1.9.4/commons-beanutils-1.9.4.jar:/home/user/.m2/repository/org/apache/commons/commons-configuration2/2.1.1/commons-configuration2-2.1.1.jar:/home/user/.m2/repository/org/apache/commons/commons-lang3/3.7/commons-lang3-3.7.jar:/home/user/.m2/repository/org/apache/commons/commons-text/1.4/commons-text-1.4.jar:/home/user/.m2/repository/org/apache/avro/avro/1.7.7/avro-1.7.7.jar:/home/user/.m2/repository/com/thoughtworks/paranamer/paranamer/2.3/paranamer-2.3.jar:/home/user/.m2/repository/org/xerial/snappy/snappy-java/1.0.5/snappy-java-1.0.5.jar:/home/user/.m2/repository/com/google/re2j/re2j/1.1/re2j-1.1.jar:/home/user/.m2/repository/com/google/code/gson/gson/2.2.4/gson-2.2.4.jar:/home/user/.m2/repository/com/jcraft/jsch/0.1.54/jsch-0.1.54.jar:/home/user/.m2/repository/org/apache/curator/curator-client/2.12.0/curator-client-2.12.0.jar:/home/user/.m2/repository/org/apache/curator/curator-recipes/2.12.0/curator-recipes-2.12.0.jar:/home/user/.m2/repository/com/google/code/findbugs/jsr305/3.0.0/jsr305-3.0.0.jar:/home/user/.m2/repository/org/apache/htrace/htrace-core4/4.1.0-incubating/htrace-core4-4.1.0-incubating.jar:/home/user/.m2/repository/org/apache/zookeeper/zookeeper/3.4.13/zookeeper-3.4.13.jar:/home/user/.m2/repository/jline/jline/0.9.94/jline-0.9.94.jar:/home/user/.m2/repository/org/apache/yetus/audience-annotations/0.5.0/audience-annotations-0.5.0.jar:/home/user/.m2/repository/org/codehaus/woodstox/stax2-api/3.1.4/stax2-api-3.1.4.jar:/home/user/.m2/repository/com/fasterxml/woodstox/woodstox-core/5.0.3/woodstox-core-5.0.3.jar:/home/user/.m2/repository/dnsjava/dnsjava/2.1.7/dnsjava-2.1.7.jar:/home/user/.m2/repository/org/apache/hadoop/hadoop-hdfs/3.2.0/hadoop-hdfs-3.2.0-tests.jar:/home/user/.m2/repository/org/eclipse/jetty/jetty-util-ajax/9.3.25.v20180904/jetty-util-ajax-9.3.25.v20180904.jar:/home/user/.m2/repository/commons-daemon/commons-daemon/1.0.13/commons-daemon-1.0.13.jar:/home/user/.m2/repository/io/netty/netty/3.10.5.Final/netty-3.10.5.Final.jar:/home/user/.m2/repository/io/netty/netty-all/4.0.52.Final/netty-all-4.0.52.Final.jar:/home/user/.m2/repository/org/fusesource/leveldbjni/leveldbjni-all/1.8/leveldbjni-all-1.8.jar:"/>
    <property name="java.vm.vendor" value="Oracle Corporation"/>
    <property name="sun.arch.data.model" value="64"/>
    <property name="test.build.dir" value="/workdir/hadoop-ozone/integration-test/target/test-dir"/>
    <property name="test.cache.data" value=""/>
    <property name="java.vendor.url" value="http://java.oracle.com/"/>
    <property name="user.timezone" value=""/>
    <property name="java.vm.specification.version" value="1.8"/>
    <property name="os.name" value="Linux"/>
    <property name="test.build.data" value="/workdir/hadoop-ozone/integration-test/target/test-dir"/>
    <property name="user.country" value="US"/>
    <property name="sun.java.launcher" value="SUN_STANDARD"/>
    <property name="sun.boot.library.path" value="/usr/lib/jvm/java-1.8.0-openjdk-1.8.0.222.b10-1.el7_7.x86_64/jre/lib/amd64"/>
    <property name="sun.java.command" value="/workdir/hadoop-ozone/integration-test/target/surefire/surefirebooter2815904410573969323.jar /workdir/hadoop-ozone/integration-test/target/surefire 2019-10-20T12-27-40_094-jvmRun1 surefire3529108126915547956tmp surefire_35748590772576751935tmp"/>
    <property name="surefire.test.class.path" value="/workdir/hadoop-ozone/integration-test/target/test-classes:/workdir/hadoop-ozone/integration-test/target/classes:/home/user/.m2/repository/org/apache/hadoop/hadoop-ozone-common/0.5.0-SNAPSHOT/hadoop-ozone-common-0.5.0-SNAPSHOT.jar:/home/user/.m2/repository/org/apache/commons/commons-compress/1.4.1/commons-compress-1.4.1.jar:/home/user/.m2/repository/org/tukaani/xz/1.0/xz-1.0.jar:/home/user/.m2/repository/org/apache/hadoop/hadoop-common/3.2.0/hadoop-common-3.2.0.jar:/home/user/.m2/repository/org/apache/hadoop/hadoop-hdfs/3.2.0/hadoop-hdfs-3.2.0.jar:/home/user/.m2/repository/org/apache/hadoop/hadoop-hdfs-client/3.2.0/hadoop-hdfs-client-3.2.0.jar:/home/user/.m2/repository/com/fasterxml/jackson/core/jackson-annotations/2.9.9/jackson-annotations-2.9.9.jar:/home/user/.m2/repository/org/apache/hadoop/hadoop-hdds-common/0.5.0-SNAPSHOT/hadoop-hdds-common-0.5.0-SNAPSHOT.jar:/home/user/.m2/repository/javax/annotation/javax.annotation-api/1.2/javax.annotation-api-1.2.jar:/home/user/.m2/repository/org/apache/ratis/ratis-server/0.5.0-3f446aa-SNAPSHOT/ratis-server-0.5.0-3f446aa-SNAPSHOT.jar:/home/user/.m2/repository/org/apache/ratis/ratis-thirdparty-misc/0.2.0/ratis-thirdparty-misc-0.2.0.jar:/home/user/.m2/repository/org/apache/ratis/ratis-proto/0.5.0-3f446aa-SNAPSHOT/ratis-proto-0.5.0-3f446aa-SNAPSHOT.jar:/home/user/.m2/repository/org/apache/ratis/ratis-common/0.5.0-3f446aa-SNAPSHOT/ratis-common-0.5.0-3f446aa-SNAPSHOT.jar:/home/user/.m2/repository/org/apache/ratis/ratis-client/0.5.0-3f446aa-SNAPSHOT/ratis-client-0.5.0-3f446aa-SNAPSHOT.jar:/home/user/.m2/repository/org/apache/ratis/ratis-metrics/0.5.0-3f446aa-SNAPSHOT/ratis-metrics-0.5.0-3f446aa-SNAPSHOT.jar:/home/user/.m2/repository/com/github/joshelser/dropwizard-metrics-hadoop-metrics2-reporter/0.1.2/dropwizard-metrics-hadoop-metrics2-reporter-0.1.2.jar:/home/user/.m2/repository/io/dropwizard/metrics/metrics-jvm/3.2.5/metrics-jvm-3.2.5.jar:/home/user/.m2/repository/io/dropwizard/metrics/metrics-ganglia/3.2.5/metrics-ganglia-3.2.5.jar:/home/user/.m2/repository/info/ganglia/gmetric4j/gmetric4j/1.0.7/gmetric4j-1.0.7.jar:/home/user/.m2/repository/org/apache/ratis/ratis-netty/0.5.0-3f446aa-SNAPSHOT/ratis-netty-0.5.0-3f446aa-SNAPSHOT.jar:/home/user/.m2/repository/org/apache/ratis/ratis-grpc/0.5.0-3f446aa-SNAPSHOT/ratis-grpc-0.5.0-3f446aa-SNAPSHOT.jar:/home/user/.m2/repository/org/rocksdb/rocksdbjni/6.0.1/rocksdbjni-6.0.1.jar:/home/user/.m2/repository/org/apache/logging/log4j/log4j-api/2.11.0/log4j-api-2.11.0.jar:/home/user/.m2/repository/org/apache/logging/log4j/log4j-core/2.11.0/log4j-core-2.11.0.jar:/home/user/.m2/repository/com/lmax/disruptor/3.4.2/disruptor-3.4.2.jar:/home/user/.m2/repository/org/apache/commons/commons-pool2/2.6.0/commons-pool2-2.6.0.jar:/home/user/.m2/repository/org/bouncycastle/bcpkix-jdk15on/1.60/bcpkix-jdk15on-1.60.jar:/home/user/.m2/repository/commons-validator/commons-validator/1.6/commons-validator-1.6.jar:/home/user/.m2/repository/commons-digester/commons-digester/1.8.1/commons-digester-1.8.1.jar:/home/user/.m2/repository/io/jaegertracing/jaeger-client/0.34.0/jaeger-client-0.34.0.jar:/home/user/.m2/repository/io/jaegertracing/jaeger-thrift/0.34.0/jaeger-thrift-0.34.0.jar:/home/user/.m2/repository/org/apache/thrift/libthrift/0.12.0/libthrift-0.12.0.jar:/home/user/.m2/repository/com/squareup/okhttp3/okhttp/3.9.0/okhttp-3.9.0.jar:/home/user/.m2/repository/com/squareup/okio/okio/1.13.0/okio-1.13.0.jar:/home/user/.m2/repository/io/jaegertracing/jaeger-core/0.34.0/jaeger-core-0.34.0.jar:/home/user/.m2/repository/io/jaegertracing/jaeger-tracerresolver/0.34.0/jaeger-tracerresolver-0.34.0.jar:/home/user/.m2/repository/io/opentracing/contrib/opentracing-tracerresolver/0.1.5/opentracing-tracerresolver-0.1.5.jar:/home/user/.m2/repository/io/opentracing/opentracing-util/0.31.0/opentracing-util-0.31.0.jar:/home/user/.m2/repository/io/opentracing/opentracing-api/0.31.0/opentracing-api-0.31.0.jar:/home/user/.m2/repository/io/opentracing/opentracing-noop/0.31.0/opentracing-noop-0.31.0.jar:/home/user/.m2/repository/org/apache/hadoop/hadoop-hdds-server-framework/0.5.0-SNAPSHOT/hadoop-hdds-server-framework-0.5.0-SNAPSHOT.jar:/home/user/.m2/repository/org/apache/hadoop/hadoop-hdds-container-service/0.5.0-SNAPSHOT/hadoop-hdds-container-service-0.5.0-SNAPSHOT.jar:/home/user/.m2/repository/org/apache/hadoop/hadoop-hdds-client/0.5.0-SNAPSHOT/hadoop-hdds-client-0.5.0-SNAPSHOT.jar:/home/user/.m2/repository/org/apache/hadoop/hadoop-hdds-tools/0.5.0-SNAPSHOT/hadoop-hdds-tools-0.5.0-SNAPSHOT.jar:/home/user/.m2/repository/org/apache/hadoop/hadoop-hdds-server-scm/0.5.0-SNAPSHOT/hadoop-hdds-server-scm-0.5.0-SNAPSHOT.jar:/home/user/.m2/repository/org/apache/hadoop/hadoop-hdds-docs/0.5.0-SNAPSHOT/hadoop-hdds-docs-0.5.0-SNAPSHOT.jar:/home/user/.m2/repository/io/dropwizard/metrics/metrics-core/3.2.4/metrics-core-3.2.4.jar:/home/user/.m2/repository/org/hamcrest/hamcrest-all/1.3/hamcrest-all-1.3.jar:/home/user/.m2/repository/org/bouncycastle/bcprov-jdk15on/1.60/bcprov-jdk15on-1.60.jar:/home/user/.m2/repository/info/picocli/picocli/3.9.6/picocli-3.9.6.jar:/home/user/.m2/repository/com/google/protobuf/protobuf-java/2.5.0/protobuf-java-2.5.0.jar:/home/user/.m2/repository/com/google/guava/guava/11.0.2/guava-11.0.2.jar:/home/user/.m2/repository/org/apache/hadoop/hadoop-ozone-ozone-manager/0.5.0-SNAPSHOT/hadoop-ozone-ozone-manager-0.5.0-SNAPSHOT.jar:/home/user/.m2/repository/org/apache/hadoop/hadoop-minikdc/3.2.0/hadoop-minikdc-3.2.0.jar:/home/user/.m2/repository/commons-io/commons-io/2.5/commons-io-2.5.jar:/home/user/.m2/repository/org/apache/kerby/kerb-simplekdc/1.0.1/kerb-simplekdc-1.0.1.jar:/home/user/.m2/repository/org/apache/kerby/kerb-client/1.0.1/kerb-client-1.0.1.jar:/home/user/.m2/repository/org/apache/kerby/kerby-config/1.0.1/kerby-config-1.0.1.jar:/home/user/.m2/repository/org/apache/kerby/kerb-core/1.0.1/kerb-core-1.0.1.jar:/home/user/.m2/repository/org/apache/kerby/kerby-pkix/1.0.1/kerby-pkix-1.0.1.jar:/home/user/.m2/repository/org/apache/kerby/kerby-asn1/1.0.1/kerby-asn1-1.0.1.jar:/home/user/.m2/repository/org/apache/kerby/kerby-util/1.0.1/kerby-util-1.0.1.jar:/home/user/.m2/repository/org/apache/kerby/kerb-common/1.0.1/kerb-common-1.0.1.jar:/home/user/.m2/repository/org/apache/kerby/kerb-crypto/1.0.1/kerb-crypto-1.0.1.jar:/home/user/.m2/repository/org/apache/kerby/kerb-util/1.0.1/kerb-util-1.0.1.jar:/home/user/.m2/repository/org/apache/kerby/token-provider/1.0.1/token-provider-1.0.1.jar:/home/user/.m2/repository/org/apache/kerby/kerb-admin/1.0.1/kerb-admin-1.0.1.jar:/home/user/.m2/repository/org/apache/kerby/kerb-server/1.0.1/kerb-server-1.0.1.jar:/home/user/.m2/repository/org/apache/kerby/kerb-identity/1.0.1/kerb-identity-1.0.1.jar:/home/user/.m2/repository/org/apache/kerby/kerby-xdr/1.0.1/kerby-xdr-1.0.1.jar:/home/user/.m2/repository/org/slf4j/slf4j-log4j12/1.7.25/slf4j-log4j12-1.7.25.jar:/home/user/.m2/repository/org/apache/hadoop/hadoop-ozone-s3gateway/0.5.0-SNAPSHOT/hadoop-ozone-s3gateway-0.5.0-SNAPSHOT.jar:/home/user/.m2/repository/org/jboss/weld/servlet/weld-servlet/2.4.7.Final/weld-servlet-2.4.7.Final.jar:/home/user/.m2/repository/org/glassfish/jersey/containers/jersey-container-servlet-core/2.27/jersey-container-servlet-core-2.27.jar:/home/user/.m2/repository/org/glassfish/hk2/external/javax.inject/2.5.0-b42/javax.inject-2.5.0-b42.jar:/home/user/.m2/repository/org/glassfish/jersey/core/jersey-common/2.27/jersey-common-2.27.jar:/home/user/.m2/repository/org/glassfish/hk2/osgi-resource-locator/1.0.1/osgi-resource-locator-1.0.1.jar:/home/user/.m2/repository/javax/ws/rs/javax.ws.rs-api/2.1/javax.ws.rs-api-2.1.jar:/home/user/.m2/repository/org/glassfish/jersey/ext/cdi/jersey-cdi1x/2.27/jersey-cdi1x-2.27.jar:/home/user/.m2/repository/org/glassfish/jersey/inject/jersey-hk2/2.27/jersey-hk2-2.27.jar:/home/user/.m2/repository/org/glassfish/hk2/hk2-locator/2.5.0-b42/hk2-locator-2.5.0-b42.jar:/home/user/.m2/repository/org/javassist/javassist/3.22.0-CR2/javassist-3.22.0-CR2.jar:/home/user/.m2/repository/org/glassfish/hk2/hk2-api/2.5.0/hk2-api-2.5.0.jar:/home/user/.m2/repository/org/glassfish/hk2/external/jakarta.inject/2.5.0/jakarta.inject-2.5.0.jar:/home/user/.m2/repository/org/glassfish/hk2/hk2-utils/2.5.0/hk2-utils-2.5.0.jar:/home/user/.m2/repository/jakarta/annotation/jakarta.annotation-api/1.3.4/jakarta.annotation-api-1.3.4.jar:/home/user/.m2/repository/org/glassfish/hk2/external/aopalliance-repackaged/2.5.0/aopalliance-repackaged-2.5.0.jar:/home/user/.m2/repository/com/fasterxml/jackson/dataformat/jackson-dataformat-xml/2.9.0/jackson-dataformat-xml-2.9.0.jar:/home/user/.m2/repository/com/fasterxml/jackson/core/jackson-core/2.9.9/jackson-core-2.9.9.jar:/home/user/.m2/repository/com/fasterxml/jackson/module/jackson-module-jaxb-annotations/2.9.9/jackson-module-jaxb-annotations-2.9.9.jar:/home/user/.m2/repository/javax/enterprise/cdi-api/1.2/cdi-api-1.2.jar:/home/user/.m2/repository/javax/el/javax.el-api/3.0.0/javax.el-api-3.0.0.jar:/home/user/.m2/repository/javax/interceptor/javax.interceptor-api/1.2/javax.interceptor-api-1.2.jar:/home/user/.m2/repository/javax/inject/javax.inject/1/javax.inject-1.jar:/home/user/.m2/repository/com/sun/xml/bind/jaxb-impl/2.3.0.1/jaxb-impl-2.3.0.1.jar:/home/user/.m2/repository/com/sun/xml/bind/jaxb-core/2.3.0.1/jaxb-core-2.3.0.1.jar:/home/user/.m2/repository/javax/xml/bind/jaxb-api/2.3.0/jaxb-api-2.3.0.jar:/home/user/.m2/repository/javax/activation/activation/1.1.1/activation-1.1.1.jar:/home/user/.m2/repository/org/apache/hadoop/hadoop-ozone-csi/0.5.0-SNAPSHOT/hadoop-ozone-csi-0.5.0-SNAPSHOT.jar:/home/user/.m2/repository/com/google/protobuf/protobuf-java-util/3.5.1/protobuf-java-util-3.5.1.jar:/home/user/.m2/repository/org/apache/hadoop/hadoop-hdds-config/0.5.0-SNAPSHOT/hadoop-hdds-config-0.5.0-SNAPSHOT.jar:/home/user/.m2/repository/io/grpc/grpc-netty/1.17.1/grpc-netty-1.17.1.jar:/home/user/.m2/repository/io/grpc/grpc-core/1.17.1/grpc-core-1.17.1.jar:/home/user/.m2/repository/io/grpc/grpc-context/1.17.1/grpc-context-1.17.1.jar:/home/user/.m2/repository/com/google/errorprone/error_prone_annotations/2.2.0/error_prone_annotations-2.2.0.jar:/home/user/.m2/repository/org/codehaus/mojo/animal-sniffer-annotations/1.17/animal-sniffer-annotations-1.17.jar:/home/user/.m2/repository/io/opencensus/opencensus-api/0.17.0/opencensus-api-0.17.0.jar:/home/user/.m2/repository/io/opencensus/opencensus-contrib-grpc-metrics/0.17.0/opencensus-contrib-grpc-metrics-0.17.0.jar:/home/user/.m2/repository/io/netty/netty-codec-http2/4.1.30.Final/netty-codec-http2-4.1.30.Final.jar:/home/user/.m2/repository/io/netty/netty-codec-http/4.1.30.Final/netty-codec-http-4.1.30.Final.jar:/home/user/.m2/repository/io/netty/netty-codec/4.1.30.Final/netty-codec-4.1.30.Final.jar:/home/user/.m2/repository/io/netty/netty-handler/4.1.30.Final/netty-handler-4.1.30.Final.jar:/home/user/.m2/repository/io/netty/netty-handler-proxy/4.1.30.Final/netty-handler-proxy-4.1.30.Final.jar:/home/user/.m2/repository/io/netty/netty-codec-socks/4.1.30.Final/netty-codec-socks-4.1.30.Final.jar:/home/user/.m2/repository/io/netty/netty-transport-native-epoll/4.1.30.Final/netty-transport-native-epoll-4.1.30.Final.jar:/home/user/.m2/repository/io/netty/netty-common/4.1.30.Final/netty-common-4.1.30.Final.jar:/home/user/.m2/repository/io/netty/netty-buffer/4.1.30.Final/netty-buffer-4.1.30.Final.jar:/home/user/.m2/repository/io/netty/netty-transport/4.1.30.Final/netty-transport-4.1.30.Final.jar:/home/user/.m2/repository/io/netty/netty-resolver/4.1.30.Final/netty-resolver-4.1.30.Final.jar:/home/user/.m2/repository/io/netty/netty-transport-native-unix-common/4.1.30.Final/netty-transport-native-unix-common-4.1.30.Final.jar:/home/user/.m2/repository/io/grpc/grpc-protobuf/1.17.1/grpc-protobuf-1.17.1.jar:/home/user/.m2/repository/com/google/api/grpc/proto-google-common-protos/1.0.0/proto-google-common-protos-1.0.0.jar:/home/user/.m2/repository/io/grpc/grpc-protobuf-lite/1.17.1/grpc-protobuf-lite-1.17.1.jar:/home/user/.m2/repository/io/grpc/grpc-stub/1.17.1/grpc-stub-1.17.1.jar:/home/user/.m2/repository/org/apache/hadoop/hadoop-ozone-recon/0.5.0-SNAPSHOT/hadoop-ozone-recon-0.5.0-SNAPSHOT.jar:/home/user/.m2/repository/org/apache/hadoop/hadoop-ozone-reconcodegen/0.5.0-SNAPSHOT/hadoop-ozone-reconcodegen-0.5.0-SNAPSHOT.jar:/home/user/.m2/repository/com/google/inject/extensions/guice-multibindings/4.0/guice-multibindings-4.0.jar:/home/user/.m2/repository/com/google/inject/guice/4.0/guice-4.0.jar:/home/user/.m2/repository/aopalliance/aopalliance/1.0/aopalliance-1.0.jar:/home/user/.m2/repository/com/google/inject/extensions/guice-servlet/4.0/guice-servlet-4.0.jar:/home/user/.m2/repository/org/glassfish/jersey/containers/jersey-container-servlet/2.27/jersey-container-servlet-2.27.jar:/home/user/.m2/repository/org/glassfish/hk2/guice-bridge/2.5.0/guice-bridge-2.5.0.jar:/home/user/.m2/repository/org/glassfish/jersey/core/jersey-server/2.27/jersey-server-2.27.jar:/home/user/.m2/repository/org/glassfish/jersey/core/jersey-client/2.27/jersey-client-2.27.jar:/home/user/.m2/repository/org/glassfish/jersey/media/jersey-media-jaxb/2.27/jersey-media-jaxb-2.27.jar:/home/user/.m2/repository/javax/validation/validation-api/1.1.0.Final/validation-api-1.1.0.Final.jar:/home/user/.m2/repository/org/glassfish/jersey/media/jersey-media-json-jackson/2.27/jersey-media-json-jackson-2.27.jar:/home/user/.m2/repository/org/glassfish/jersey/ext/jersey-entity-filtering/2.27/jersey-entity-filtering-2.27.jar:/home/user/.m2/repository/com/google/inject/extensions/guice-assistedinject/4.0/guice-assistedinject-4.0.jar:/home/user/.m2/repository/org/jooq/jooq/3.11.10/jooq-3.11.10.jar:/home/user/.m2/repository/org/jooq/jooq-meta/3.11.10/jooq-meta-3.11.10.jar:/home/user/.m2/repository/org/jooq/jooq-codegen/3.11.10/jooq-codegen-3.11.10.jar:/home/user/.m2/repository/com/jolbox/bonecp/0.8.0.RELEASE/bonecp-0.8.0.RELEASE.jar:/home/user/.m2/repository/org/xerial/sqlite-jdbc/3.25.2/sqlite-jdbc-3.25.2.jar:/home/user/.m2/repository/org/springframework/spring-jdbc/5.1.3.RELEASE/spring-jdbc-5.1.3.RELEASE.jar:/home/user/.m2/repository/org/springframework/spring-beans/5.1.3.RELEASE/spring-beans-5.1.3.RELEASE.jar:/home/user/.m2/repository/org/springframework/spring-core/5.1.3.RELEASE/spring-core-5.1.3.RELEASE.jar:/home/user/.m2/repository/org/springframework/spring-jcl/5.1.3.RELEASE/spring-jcl-5.1.3.RELEASE.jar:/home/user/.m2/repository/org/springframework/spring-tx/5.1.3.RELEASE/spring-tx-5.1.3.RELEASE.jar:/home/user/.m2/repository/org/apache/hadoop/hadoop-ozone-client/0.5.0-SNAPSHOT/hadoop-ozone-client-0.5.0-SNAPSHOT.jar:/home/user/.m2/repository/commons-lang/commons-lang/2.6/commons-lang-2.6.jar:/home/user/.m2/repository/org/apache/hadoop/hadoop-ozone-ozone-manager/0.5.0-SNAPSHOT/hadoop-ozone-ozone-manager-0.5.0-SNAPSHOT-tests.jar:/home/user/.m2/repository/junit/junit/4.11/junit-4.11.jar:/home/user/.m2/repository/org/hamcrest/hamcrest-core/1.3/hamcrest-core-1.3.jar:/home/user/.m2/repository/org/openjdk/jmh/jmh-core/1.19/jmh-core-1.19.jar:/home/user/.m2/repository/net/sf/jopt-simple/jopt-simple/4.6/jopt-simple-4.6.jar:/home/user/.m2/repository/org/apache/commons/commons-math3/3.1.1/commons-math3-3.1.1.jar:/home/user/.m2/repository/org/openjdk/jmh/jmh-generator-annprocess/1.19/jmh-generator-annprocess-1.19.jar:/home/user/.m2/repository/org/mockito/mockito-all/1.8.5/mockito-all-1.8.5.jar:/home/user/.m2/repository/org/apache/hadoop/hadoop-kms/3.2.0/hadoop-kms-3.2.0.jar:/home/user/.m2/repository/org/apache/hadoop/hadoop-auth/3.2.0/hadoop-auth-3.2.0.jar:/home/user/.m2/repository/com/nimbusds/nimbus-jose-jwt/4.41.1/nimbus-jose-jwt-4.41.1.jar:/home/user/.m2/repository/com/github/stephenc/jcip/jcip-annotations/1.0-1/jcip-annotations-1.0-1.jar:/home/user/.m2/repository/net/minidev/json-smart/2.3/json-smart-2.3.jar:/home/user/.m2/repository/net/minidev/accessors-smart/1.2/accessors-smart-1.2.jar:/home/user/.m2/repository/org/ow2/asm/asm/5.0.4/asm-5.0.4.jar:/home/user/.m2/repository/org/apache/curator/curator-framework/2.12.0/curator-framework-2.12.0.jar:/home/user/.m2/repository/com/sun/jersey/jersey-core/1.19/jersey-core-1.19.jar:/home/user/.m2/repository/javax/ws/rs/jsr311-api/1.1.1/jsr311-api-1.1.1.jar:/home/user/.m2/repository/com/sun/jersey/jersey-server/1.19/jersey-server-1.19.jar:/home/user/.m2/repository/javax/servlet/javax.servlet-api/3.1.0/javax.servlet-api-3.1.0.jar:/home/user/.m2/repository/org/eclipse/jetty/jetty-server/9.3.25.v20180904/jetty-server-9.3.25.v20180904.jar:/home/user/.m2/repository/org/eclipse/jetty/jetty-http/9.3.25.v20180904/jetty-http-9.3.25.v20180904.jar:/home/user/.m2/repository/org/eclipse/jetty/jetty-io/9.3.25.v20180904/jetty-io-9.3.25.v20180904.jar:/home/user/.m2/repository/org/eclipse/jetty/jetty-webapp/9.3.25.v20180904/jetty-webapp-9.3.25.v20180904.jar:/home/user/.m2/repository/org/eclipse/jetty/jetty-xml/9.3.25.v20180904/jetty-xml-9.3.25.v20180904.jar:/home/user/.m2/repository/log4j/log4j/1.2.17/log4j-1.2.17.jar:/home/user/.m2/repository/org/slf4j/slf4j-api/1.7.25/slf4j-api-1.7.25.jar:/home/user/.m2/repository/org/slf4j/jul-to-slf4j/1.7.25/jul-to-slf4j-1.7.25.jar:/home/user/.m2/repository/org/eclipse/jetty/jetty-util/9.3.25.v20180904/jetty-util-9.3.25.v20180904.jar:/home/user/.m2/repository/com/fasterxml/jackson/core/jackson-databind/2.9.9/jackson-databind-2.9.9.jar:/home/user/.m2/repository/org/apache/hadoop/hadoop-kms/3.2.0/hadoop-kms-3.2.0-tests.jar:/home/user/.m2/repository/org/apache/hadoop/hadoop-hdds-server-scm/0.5.0-SNAPSHOT/hadoop-hdds-server-scm-0.5.0-SNAPSHOT-tests.jar:/home/user/.m2/repository/org/apache/hadoop/hadoop-hdds-container-service/0.5.0-SNAPSHOT/hadoop-hdds-container-service-0.5.0-SNAPSHOT-tests.jar:/home/user/.m2/repository/org/yaml/snakeyaml/1.16/snakeyaml-1.16.jar:/home/user/.m2/repository/org/apache/hadoop/hadoop-common/3.2.0/hadoop-common-3.2.0-tests.jar:/home/user/.m2/repository/org/apache/hadoop/hadoop-annotations/3.2.0/hadoop-annotations-3.2.0.jar:/usr/lib/jvm/java-1.8.0-openjdk-1.8.0.222.b10-1.el7_7.x86_64/jre/../lib/tools.jar:/home/user/.m2/repository/commons-cli/commons-cli/1.2/commons-cli-1.2.jar:/home/user/.m2/repository/org/apache/httpcomponents/httpclient/4.5.2/httpclient-4.5.2.jar:/home/user/.m2/repository/org/apache/httpcomponents/httpcore/4.4.4/httpcore-4.4.4.jar:/home/user/.m2/repository/commons-codec/commons-codec/1.11/commons-codec-1.11.jar:/home/user/.m2/repository/commons-net/commons-net/3.6/commons-net-3.6.jar:/home/user/.m2/repository/commons-collections/commons-collections/3.2.2/commons-collections-3.2.2.jar:/home/user/.m2/repository/org/eclipse/jetty/jetty-servlet/9.3.25.v20180904/jetty-servlet-9.3.25.v20180904.jar:/home/user/.m2/repository/org/eclipse/jetty/jetty-security/9.3.25.v20180904/jetty-security-9.3.25.v20180904.jar:/home/user/.m2/repository/javax/servlet/jsp/jsp-api/2.1/jsp-api-2.1.jar:/home/user/.m2/repository/com/sun/jersey/jersey-servlet/1.19/jersey-servlet-1.19.jar:/home/user/.m2/repository/com/sun/jersey/jersey-json/1.19/jersey-json-1.19.jar:/home/user/.m2/repository/org/codehaus/jettison/jettison/1.1/jettison-1.1.jar:/home/user/.m2/repository/org/codehaus/jackson/jackson-core-asl/1.9.13/jackson-core-asl-1.9.13.jar:/home/user/.m2/repository/org/codehaus/jackson/jackson-mapper-asl/1.9.13/jackson-mapper-asl-1.9.13.jar:/home/user/.m2/repository/org/codehaus/jackson/jackson-jaxrs/1.9.13/jackson-jaxrs-1.9.13.jar:/home/user/.m2/repository/org/codehaus/jackson/jackson-xc/1.9.13/jackson-xc-1.9.13.jar:/home/user/.m2/repository/commons-logging/commons-logging/1.1.3/commons-logging-1.1.3.jar:/home/user/.m2/repository/commons-beanutils/commons-beanutils/1.9.4/commons-beanutils-1.9.4.jar:/home/user/.m2/repository/org/apache/commons/commons-configuration2/2.1.1/commons-configuration2-2.1.1.jar:/home/user/.m2/repository/org/apache/commons/commons-lang3/3.7/commons-lang3-3.7.jar:/home/user/.m2/repository/org/apache/commons/commons-text/1.4/commons-text-1.4.jar:/home/user/.m2/repository/org/apache/avro/avro/1.7.7/avro-1.7.7.jar:/home/user/.m2/repository/com/thoughtworks/paranamer/paranamer/2.3/paranamer-2.3.jar:/home/user/.m2/repository/org/xerial/snappy/snappy-java/1.0.5/snappy-java-1.0.5.jar:/home/user/.m2/repository/com/google/re2j/re2j/1.1/re2j-1.1.jar:/home/user/.m2/repository/com/google/code/gson/gson/2.2.4/gson-2.2.4.jar:/home/user/.m2/repository/com/jcraft/jsch/0.1.54/jsch-0.1.54.jar:/home/user/.m2/repository/org/apache/curator/curator-client/2.12.0/curator-client-2.12.0.jar:/home/user/.m2/repository/org/apache/curator/curator-recipes/2.12.0/curator-recipes-2.12.0.jar:/home/user/.m2/repository/com/google/code/findbugs/jsr305/3.0.0/jsr305-3.0.0.jar:/home/user/.m2/repository/org/apache/htrace/htrace-core4/4.1.0-incubating/htrace-core4-4.1.0-incubating.jar:/home/user/.m2/repository/org/apache/zookeeper/zookeeper/3.4.13/zookeeper-3.4.13.jar:/home/user/.m2/repository/jline/jline/0.9.94/jline-0.9.94.jar:/home/user/.m2/repository/org/apache/yetus/audience-annotations/0.5.0/audience-annotations-0.5.0.jar:/home/user/.m2/repository/org/codehaus/woodstox/stax2-api/3.1.4/stax2-api-3.1.4.jar:/home/user/.m2/repository/com/fasterxml/woodstox/woodstox-core/5.0.3/woodstox-core-5.0.3.jar:/home/user/.m2/repository/dnsjava/dnsjava/2.1.7/dnsjava-2.1.7.jar:/home/user/.m2/repository/org/apache/hadoop/hadoop-hdfs/3.2.0/hadoop-hdfs-3.2.0-tests.jar:/home/user/.m2/repository/org/eclipse/jetty/jetty-util-ajax/9.3.25.v20180904/jetty-util-ajax-9.3.25.v20180904.jar:/home/user/.m2/repository/commons-daemon/commons-daemon/1.0.13/commons-daemon-1.0.13.jar:/home/user/.m2/repository/io/netty/netty/3.10.5.Final/netty-3.10.5.Final.jar:/home/user/.m2/repository/io/netty/netty-all/4.0.52.Final/netty-all-4.0.52.Final.jar:/home/user/.m2/repository/org/fusesource/leveldbjni/leveldbjni-all/1.8/leveldbjni-all-1.8.jar:"/>
    <property name="sun.cpu.endian" value="little"/>
    <property name="user.home" value="/home/user"/>
    <property name="user.language" value="en"/>
    <property name="java.specification.vendor" value="Oracle Corporation"/>
    <property name="java.home" value="/usr/lib/jvm/java-1.8.0-openjdk-1.8.0.222.b10-1.el7_7.x86_64/jre"/>
    <property name="surefire.excludesFile" value="/tools/ozone-bad-unit-tests"/>
    <property name="java.security.krb5.conf" value="/workdir/hadoop-ozone/integration-test/target/test-classes/krb5.conf"/>
    <property name="basedir" value="/workdir/hadoop-ozone/integration-test"/>
    <property name="file.separator" value="/"/>
    <property name="line.separator" value="&#10;"/>
    <property name="java.vm.specification.vendor" value="Oracle Corporation"/>
    <property name="java.specification.name" value="Java Platform API Specification"/>
    <property name="java.awt.graphicsenv" value="sun.awt.X11GraphicsEnvironment"/>
    <property name="surefire.real.class.path" value="/workdir/hadoop-ozone/integration-test/target/surefire/surefirebooter2815904410573969323.jar"/>
    <property name="hadoop.log.dir" value="/workdir/hadoop-ozone/integration-test/target/log"/>
    <property name="sun.boot.class.path" value="/usr/lib/jvm/java-1.8.0-openjdk-1.8.0.222.b10-1.el7_7.x86_64/jre/lib/resources.jar:/usr/lib/jvm/java-1.8.0-openjdk-1.8.0.222.b10-1.el7_7.x86_64/jre/lib/rt.jar:/usr/lib/jvm/java-1.8.0-openjdk-1.8.0.222.b10-1.el7_7.x86_64/jre/lib/sunrsasign.jar:/usr/lib/jvm/java-1.8.0-openjdk-1.8.0.222.b10-1.el7_7.x86_64/jre/lib/jsse.jar:/usr/lib/jvm/java-1.8.0-openjdk-1.8.0.222.b10-1.el7_7.x86_64/jre/lib/jce.jar:/usr/lib/jvm/java-1.8.0-openjdk-1.8.0.222.b10-1.el7_7.x86_64/jre/lib/charsets.jar:/usr/lib/jvm/java-1.8.0-openjdk-1.8.0.222.b10-1.el7_7.x86_64/jre/lib/jfr.jar:/usr/lib/jvm/java-1.8.0-openjdk-1.8.0.222.b10-1.el7_7.x86_64/jre/classes"/>
    <property name="sun.management.compiler" value="HotSpot 64-Bit Tiered Compilers"/>
    <property name="java.runtime.version" value="1.8.0_222-b10"/>
    <property name="java.net.preferIPv4Stack" value="true"/>
    <property name="user.name" value="jenkins1000"/>
    <property name="path.separator" value=":"/>
    <property name="java.security.egd" value="file:///dev/urandom"/>
    <property name="os.version" value="3.10.0-957.12.2.el7.x86_64"/>
    <property name="java.endorsed.dirs" value="/usr/lib/jvm/java-1.8.0-openjdk-1.8.0.222.b10-1.el7_7.x86_64/jre/lib/endorsed"/>
    <property name="java.runtime.name" value="OpenJDK Runtime Environment"/>
    <property name="file.encoding" value="ANSI_X3.4-1968"/>
    <property name="java.vm.name" value="OpenJDK 64-Bit Server VM"/>
    <property name="test.build.webapps" value=""/>
    <property name="localRepository" value="/home/user/.m2/repository"/>
    <property name="java.vendor.url.bug" value="http://bugreport.sun.com/bugreport/"/>
    <property name="java.io.tmpdir" value="/tmp"/>
    <property name="require.test.libhadoop" value=""/>
    <property name="java.version" value="1.8.0_222"/>
    <property name="user.dir" value="/workdir/hadoop-ozone/integration-test"/>
    <property name="os.arch" value="amd64"/>
    <property name="java.vm.specification.name" value="Java Virtual Machine Specification"/>
    <property name="test.build.classes" value="/workdir/hadoop-ozone/integration-test/target/test-classes"/>
    <property name="java.awt.printerjob" value="sun.print.PSPrinterJob"/>
    <property name="sun.os.patch.level" value="unknown"/>
    <property name="hadoop.tmp.dir" value="/workdir/hadoop-ozone/integration-test/target/tmp"/>
    <property name="java.library.path" value="/usr/lib:/workdir/hadoop-ozone/integration-test/target/native/target/usr/local/lib:/workdir/hadoop-ozone/integration-test/../../hadoop-common-project/hadoop-common/target/native/target/usr/local/lib:/usr/java/packages/lib/amd64:/usr/lib64:/lib64:/lib:/usr/lib"/>
    <property name="java.vm.info" value="mixed mode"/>
    <property name="java.vendor" value="Oracle Corporation"/>
    <property name="java.vm.version" value="25.222-b10"/>
    <property name="java.ext.dirs" value="/usr/lib/jvm/java-1.8.0-openjdk-1.8.0.222.b10-1.el7_7.x86_64/jre/lib/ext:/usr/java/packages/lib/ext"/>
    <property name="sun.io.unicode.encoding" value="UnicodeLittle"/>
    <property name="java.class.version" value="52.0"/>
  </properties>
  <testcase name="testPipelineExclusionWithPipelineFailure" classname="org.apache.hadoop.ozone.client.rpc.TestFailureHandlingByClient" time="174.296"/>
  <testcase name="testContainerExclusionWithClosedContainerException" classname="org.apache.hadoop.ozone.client.rpc.TestFailureHandlingByClient" time="35.168"/>
  <testcase name="testWriteSmallFile" classname="org.apache.hadoop.ozone.client.rpc.TestFailureHandlingByClient" time="75.887"/>
  <testcase name="testBlockWritesWithDnFailures" classname="org.apache.hadoop.ozone.client.rpc.TestFailureHandlingByClient" time="75.478"/>
  <testcase name="testDatanodeExclusionWithMajorityCommit" classname="org.apache.hadoop.ozone.client.rpc.TestFailureHandlingByClient" time="46.783">
    <failure type="java.lang.AssertionError">java.lang.AssertionError
	at org.junit.Assert.fail(Assert.java:86)
	at org.junit.Assert.assertTrue(Assert.java:41)
	at org.junit.Assert.assertTrue(Assert.java:52)
	at org.apache.hadoop.ozone.client.rpc.TestFailureHandlingByClient.testDatanodeExclusionWithMajorityCommit(TestFailureHandlingByClient.java:318)
	at sun.reflect.NativeMethodAccessorImpl.invoke0(Native Method)
	at sun.reflect.NativeMethodAccessorImpl.invoke(NativeMethodAccessorImpl.java:62)
	at sun.reflect.DelegatingMethodAccessorImpl.invoke(DelegatingMethodAccessorImpl.java:43)
	at java.lang.reflect.Method.invoke(Method.java:498)
	at org.junit.runners.model.FrameworkMethod$1.runReflectiveCall(FrameworkMethod.java:47)
	at org.junit.internal.runners.model.ReflectiveCallable.run(ReflectiveCallable.java:12)
	at org.junit.runners.model.FrameworkMethod.invokeExplosively(FrameworkMethod.java:44)
	at org.junit.internal.runners.statements.InvokeMethod.evaluate(InvokeMethod.java:17)
	at org.junit.internal.runners.statements.RunAfters.evaluate(RunAfters.java:27)
	at org.junit.runners.ParentRunner.runLeaf(ParentRunner.java:271)
	at org.junit.runners.BlockJUnit4ClassRunner.runChild(BlockJUnit4ClassRunner.java:70)
	at org.junit.runners.BlockJUnit4ClassRunner.runChild(BlockJUnit4ClassRunner.java:50)
	at org.junit.runners.ParentRunner$3.run(ParentRunner.java:238)
	at org.junit.runners.ParentRunner$1.schedule(ParentRunner.java:63)
	at org.junit.runners.ParentRunner.runChildren(ParentRunner.java:236)
	at org.junit.runners.ParentRunner.access$000(ParentRunner.java:53)
	at org.junit.runners.ParentRunner$2.evaluate(ParentRunner.java:229)
	at org.junit.runners.ParentRunner.run(ParentRunner.java:309)
	at org.apache.maven.surefire.junit4.JUnit4Provider.execute(JUnit4Provider.java:365)
	at org.apache.maven.surefire.junit4.JUnit4Provider.executeWithRerun(JUnit4Provider.java:273)
	at org.apache.maven.surefire.junit4.JUnit4Provider.executeTestSet(JUnit4Provider.java:238)
	at org.apache.maven.surefire.junit4.JUnit4Provider.invoke(JUnit4Provider.java:159)
	at org.apache.maven.surefire.booter.ForkedBooter.invokeProviderInSameClassLoader(ForkedBooter.java:384)
	at org.apache.maven.surefire.booter.ForkedBooter.runSuitesInProcess(ForkedBooter.java:345)
	at org.apache.maven.surefire.booter.ForkedBooter.execute(ForkedBooter.java:126)
	at org.apache.maven.surefire.booter.ForkedBooter.main(ForkedBooter.java:418)
</failure>
    <system-out><![CDATA[2019-10-20 13:10:53,479 [main] WARN  server.ServerUtils (ServerUtils.java:getScmDbDir(145)) - ozone.scm.db.dirs is not configured. We recommend adding this setting. Falling back to ozone.metadata.dirs instead.
2019-10-20 13:10:53,505 [main] WARN  server.ServerUtils (ServerUtils.java:getScmDbDir(145)) - ozone.scm.db.dirs is not configured. We recommend adding this setting. Falling back to ozone.metadata.dirs instead.
2019-10-20 13:10:53,505 [main] WARN  server.ServerUtils (ServerUtils.java:getScmDbDir(145)) - ozone.scm.db.dirs is not configured. We recommend adding this setting. Falling back to ozone.metadata.dirs instead.
2019-10-20 13:10:53,506 [main] INFO  db.DBStoreBuilder (DBStoreBuilder.java:addTable(117)) - using custom profile for table: deletedBlocks
2019-10-20 13:10:53,506 [main] INFO  db.DBStoreBuilder (DBStoreBuilder.java:processTables(168)) - Using default column profile:DBProfile.DISK for Table:deletedBlocks
2019-10-20 13:10:53,506 [main] INFO  db.DBStoreBuilder (DBStoreBuilder.java:addTable(117)) - using custom profile for table: validCerts
2019-10-20 13:10:53,506 [main] INFO  db.DBStoreBuilder (DBStoreBuilder.java:processTables(168)) - Using default column profile:DBProfile.DISK for Table:validCerts
2019-10-20 13:10:53,506 [main] INFO  db.DBStoreBuilder (DBStoreBuilder.java:addTable(117)) - using custom profile for table: revokedCerts
2019-10-20 13:10:53,507 [main] INFO  db.DBStoreBuilder (DBStoreBuilder.java:processTables(168)) - Using default column profile:DBProfile.DISK for Table:revokedCerts
2019-10-20 13:10:53,507 [main] INFO  db.DBStoreBuilder (DBStoreBuilder.java:addTable(117)) - using custom profile for table: default
2019-10-20 13:10:53,507 [main] INFO  db.DBStoreBuilder (DBStoreBuilder.java:processTables(174)) - Using default column profile:DBProfile.DISK for Table:default
2019-10-20 13:10:53,507 [main] INFO  db.DBStoreBuilder (DBStoreBuilder.java:getDbProfile(205)) - Using default options. DBProfile.DISK
2019-10-20 13:10:53,642 [main] INFO  net.NodeSchemaLoader (NodeSchemaLoader.java:loadSchemaFromFile(125)) - Loading file from sun.misc.CompoundEnumeration@61d60e38
2019-10-20 13:10:53,642 [main] INFO  net.NodeSchemaLoader (NodeSchemaLoader.java:loadSchema(171)) - Loading network topology layer schema file
2019-10-20 13:10:53,649 [main] INFO  node.SCMNodeManager (SCMNodeManager.java:<init>(116)) - Entering startup safe mode.
2019-10-20 13:10:53,650 [main] INFO  algorithms.ContainerPlacementPolicyFactory (ContainerPlacementPolicyFactory.java:getPolicy(57)) - Create container placement policy of type org.apache.hadoop.hdds.scm.container.placement.algorithms.SCMContainerPlacementRandom
2019-10-20 13:10:53,650 [main] WARN  server.ServerUtils (ServerUtils.java:getScmDbDir(145)) - ozone.scm.db.dirs is not configured. We recommend adding this setting. Falling back to ozone.metadata.dirs instead.
2019-10-20 13:10:53,710 [main] INFO  pipeline.SCMPipelineManager (SCMPipelineManager.java:initializePipelineState(132)) - No pipeline exists in current db
2019-10-20 13:10:53,710 [main] WARN  server.ServerUtils (ServerUtils.java:getScmDbDir(145)) - ozone.scm.db.dirs is not configured. We recommend adding this setting. Falling back to ozone.metadata.dirs instead.
2019-10-20 13:10:53,794 [main] WARN  events.EventQueue (EventQueue.java:fireEvent(183)) - No event handler registered for event TypedEvent{payloadType=SafeModeStatus, name='SafeModeStatus'}
2019-10-20 13:10:53,795 [main] INFO  ipc.CallQueueManager (CallQueueManager.java:<init>(84)) - Using callQueue: class java.util.concurrent.LinkedBlockingQueue, queueCapacity: 2000, scheduler: class org.apache.hadoop.ipc.DefaultRpcScheduler, ipcBackoff: false.
2019-10-20 13:10:53,797 [Socket Reader #1 for port 40084] INFO  ipc.Server (Server.java:run(1074)) - Starting Socket Reader #1 for port 40084
2019-10-20 13:10:53,799 [main] INFO  ipc.CallQueueManager (CallQueueManager.java:<init>(84)) - Using callQueue: class java.util.concurrent.LinkedBlockingQueue, queueCapacity: 2000, scheduler: class org.apache.hadoop.ipc.DefaultRpcScheduler, ipcBackoff: false.
2019-10-20 13:10:53,800 [Socket Reader #1 for port 37200] INFO  ipc.Server (Server.java:run(1074)) - Starting Socket Reader #1 for port 37200
2019-10-20 13:10:53,802 [main] INFO  ipc.CallQueueManager (CallQueueManager.java:<init>(84)) - Using callQueue: class java.util.concurrent.LinkedBlockingQueue, queueCapacity: 2000, scheduler: class org.apache.hadoop.ipc.DefaultRpcScheduler, ipcBackoff: false.
2019-10-20 13:10:53,803 [Socket Reader #1 for port 40083] INFO  ipc.Server (Server.java:run(1074)) - Starting Socket Reader #1 for port 40083
2019-10-20 13:10:53,807 [main] INFO  hdfs.DFSUtil (DFSUtil.java:httpServerTemplateForNNAndJN(1641)) - Starting Web-server for scm at: http://0.0.0.0:0
2019-10-20 13:10:53,809 [main] INFO  server.AuthenticationFilter (AuthenticationFilter.java:constructSecretProvider(240)) - Unable to initialize FileSignerSecretProvider, falling back to use random secrets.
2019-10-20 13:10:53,810 [main] WARN  http.HttpRequestLog (HttpRequestLog.java:getRequestLog(97)) - Jetty request log can only be enabled using Log4j
2019-10-20 13:10:53,812 [main] INFO  http.HttpServer2 (HttpServer2.java:addGlobalFilter(975)) - Added global filter 'safety' (class=org.apache.hadoop.http.HttpServer2$QuotingInputFilter)
2019-10-20 13:10:53,813 [main] INFO  http.HttpServer2 (HttpServer2.java:addFilter(948)) - Added filter static_user_filter (class=org.apache.hadoop.http.lib.StaticUserWebFilter$StaticUserFilter) to context scm
2019-10-20 13:10:53,813 [main] INFO  http.HttpServer2 (HttpServer2.java:addFilter(958)) - Added filter static_user_filter (class=org.apache.hadoop.http.lib.StaticUserWebFilter$StaticUserFilter) to context static
2019-10-20 13:10:53,813 [main] INFO  http.HttpServer2 (HttpServer2.java:addFilter(958)) - Added filter static_user_filter (class=org.apache.hadoop.http.lib.StaticUserWebFilter$StaticUserFilter) to context logs
2019-10-20 13:10:53,815 [main] INFO  server.StorageContainerManager (StorageContainerManager.java:start(772)) - StorageContainerLocationProtocol RPC server is listening at /0.0.0.0:40083
2019-10-20 13:10:53,817 [main] WARN  impl.MetricsConfig (MetricsConfig.java:loadFirst(134)) - Cannot locate configuration: tried hadoop-metrics2-storagecontainermanager.properties,hadoop-metrics2.properties
2019-10-20 13:10:53,818 [main] INFO  impl.MetricsSystemImpl (MetricsSystemImpl.java:startTimer(374)) - Scheduled Metric snapshot period at 10 second(s).
2019-10-20 13:10:53,818 [main] INFO  impl.MetricsSystemImpl (MetricsSystemImpl.java:start(191)) - StorageContainerManager metrics system started
2019-10-20 13:10:54,079 [java.util.concurrent.ThreadPoolExecutor$Worker@3002585e[State = -1, empty queue]] WARN  server.GrpcLogAppender (GrpcLogAppender.java:timeoutAppendRequest(209)) - 05c6ae83-70fb-4a74-b57d-58753732c866@group-7D0035B4016B->630b50bc-6518-46f5-9b15-9c1106f40dc8-GrpcLogAppender: appendEntries Timeout, request=05c6ae83-70fb-4a74-b57d-58753732c866->630b50bc-6518-46f5-9b15-9c1106f40dc8#135-t1, previous=(t:1, i:0), leaderCommit=0, initializing? false, entries: <empty>
2019-10-20 13:10:54,083 [java.util.concurrent.ThreadPoolExecutor$Worker@21d32876[State = -1, empty queue]] WARN  server.GrpcLogAppender (GrpcLogAppender.java:timeoutAppendRequest(209)) - 05c6ae83-70fb-4a74-b57d-58753732c866@group-7D0035B4016B->a1e91a8e-501f-43ca-b84b-9165d707a051-GrpcLogAppender: appendEntries Timeout, request=05c6ae83-70fb-4a74-b57d-58753732c866->a1e91a8e-501f-43ca-b84b-9165d707a051#135-t1, previous=(t:1, i:0), leaderCommit=0, initializing? false, entries: <empty>
2019-10-20 13:10:54,305 [main] WARN  impl.MetricsSystemImpl (MetricsSystemImpl.java:register(276)) - Sink prometheus already exists!
2019-10-20 13:10:54,354 [java.util.concurrent.ThreadPoolExecutor$Worker@21d32876[State = -1, empty queue]] WARN  server.GrpcLogAppender (GrpcLogAppender.java:timeoutAppendRequest(209)) - 05c6ae83-70fb-4a74-b57d-58753732c866@group-7D0035B4016B->a1e91a8e-501f-43ca-b84b-9165d707a051-GrpcLogAppender: appendEntries Timeout, request=05c6ae83-70fb-4a74-b57d-58753732c866->a1e91a8e-501f-43ca-b84b-9165d707a051#136-t1, previous=(t:1, i:0), leaderCommit=0, initializing? false, entries: <empty>
2019-10-20 13:10:54,396 [java.util.concurrent.ThreadPoolExecutor$Worker@3002585e[State = -1, empty queue]] WARN  server.GrpcLogAppender (GrpcLogAppender.java:timeoutAppendRequest(209)) - 05c6ae83-70fb-4a74-b57d-58753732c866@group-7D0035B4016B->630b50bc-6518-46f5-9b15-9c1106f40dc8-GrpcLogAppender: appendEntries Timeout, request=05c6ae83-70fb-4a74-b57d-58753732c866->630b50bc-6518-46f5-9b15-9c1106f40dc8#136-t1, previous=(t:1, i:0), leaderCommit=0, initializing? false, entries: <empty>
2019-10-20 13:10:54,399 [main] INFO  server.SCMClientProtocolServer (SCMClientProtocolServer.java:start(159)) - RPC server for Client  is listening at /0.0.0.0:40083
2019-10-20 13:10:54,399 [IPC Server Responder] INFO  ipc.Server (Server.java:run(1314)) - IPC Server Responder: starting
2019-10-20 13:10:54,400 [IPC Server listener on 40083] INFO  ipc.Server (Server.java:run(1153)) - IPC Server listener on 40083: starting
2019-10-20 13:10:54,404 [main] INFO  server.StorageContainerManager (StorageContainerManager.java:start(782)) - ScmBlockLocationProtocol RPC server is listening at /0.0.0.0:37200
2019-10-20 13:10:54,409 [main] INFO  server.SCMBlockProtocolServer (SCMBlockProtocolServer.java:start(146)) - RPC server for Block Protocol is listening at /0.0.0.0:37200
2019-10-20 13:10:54,410 [IPC Server Responder] INFO  ipc.Server (Server.java:run(1314)) - IPC Server Responder: starting
2019-10-20 13:10:54,410 [IPC Server listener on 37200] INFO  ipc.Server (Server.java:run(1153)) - IPC Server listener on 37200: starting
2019-10-20 13:10:54,413 [main] INFO  server.StorageContainerManager (StorageContainerManager.java:start(786)) - ScmDatanodeProtocl RPC server is listening at /0.0.0.0:40084
2019-10-20 13:10:54,413 [main] INFO  server.SCMDatanodeProtocolServer (SCMDatanodeProtocolServer.java:start(169)) - RPC server for DataNodes is listening at /0.0.0.0:40084
2019-10-20 13:10:54,413 [IPC Server Responder] INFO  ipc.Server (Server.java:run(1314)) - IPC Server Responder: starting
2019-10-20 13:10:54,413 [IPC Server listener on 40084] INFO  ipc.Server (Server.java:run(1153)) - IPC Server listener on 40084: starting
2019-10-20 13:10:54,416 [main] INFO  http.HttpServer2 (HttpServer2.java:bindListener(1191)) - Jetty bound to port 38172
2019-10-20 13:10:54,416 [main] INFO  server.Server (Server.java:doStart(351)) - jetty-9.3.25.v20180904, build timestamp: 2018-09-04T21:11:46Z, git hash: 3ce520221d0240229c862b122d2b06c12a625732
2019-10-20 13:10:54,418 [main] INFO  handler.ContextHandler (ContextHandler.java:doStart(781)) - Started o.e.j.s.ServletContextHandler@5627cb29{/logs,file:///workdir/hadoop-ozone/integration-test/target/log,AVAILABLE}
2019-10-20 13:10:54,418 [main] INFO  handler.ContextHandler (ContextHandler.java:doStart(781)) - Started o.e.j.s.ServletContextHandler@2017f6e6{/static,file:///workdir/hadoop-ozone/integration-test/target/test-classes/webapps/static,AVAILABLE}
2019-10-20 13:10:54,422 [main] INFO  handler.ContextHandler (ContextHandler.java:doStart(781)) - Started o.e.j.w.WebAppContext@47058864{/,file:///workdir/hadoop-ozone/integration-test/target/test-classes/webapps/scm/,AVAILABLE}{/scm}
2019-10-20 13:10:54,422 [main] INFO  server.AbstractConnector (AbstractConnector.java:doStart(278)) - Started ServerConnector@ad3f70a{HTTP/1.1,[http/1.1]}{0.0.0.0:38172}
2019-10-20 13:10:54,422 [main] INFO  server.Server (Server.java:doStart(419)) - Started @362132ms
2019-10-20 13:10:54,423 [main] WARN  impl.MetricsSystemImpl (MetricsSystemImpl.java:register(276)) - Sink prometheus already exists!
2019-10-20 13:10:54,424 [main] INFO  server.BaseHttpServer (BaseHttpServer.java:updateConnectorAddress(215)) - HTTP server of SCM is listening at http://0.0.0.0:38172
2019-10-20 13:10:54,425 [main] WARN  server.ServerUtils (ServerUtils.java:getDBPath(222)) - ozone.om.db.dirs is not configured. We recommend adding this setting. Falling back to ozone.metadata.dirs instead.
2019-10-20 13:10:54,426 [org.apache.hadoop.util.JvmPauseMonitor$Monitor@9b2dc56] INFO  util.JvmPauseMonitor (JvmPauseMonitor.java:run(188)) - Starting JVM pause monitor
2019-10-20 13:10:54,439 [main] INFO  ha.OMHANodeDetails (OMHANodeDetails.java:loadOMHAConfig(190)) - Configuration either no ozone.om.address set. Falling back to the default OM address /127.0.0.1:0
2019-10-20 13:10:54,439 [main] INFO  ha.OMHANodeDetails (OMHANodeDetails.java:getOMNodeDetails(220)) - OM Service ID is not set. Setting it to the default ID: omServiceIdDefault
2019-10-20 13:10:54,440 [main] WARN  server.ServerUtils (ServerUtils.java:getDBPath(222)) - ozone.om.db.dirs is not configured. We recommend adding this setting. Falling back to ozone.metadata.dirs instead.
2019-10-20 13:10:54,440 [main] WARN  server.ServerUtils (ServerUtils.java:getDBPath(222)) - ozone.om.db.dirs is not configured. We recommend adding this setting. Falling back to ozone.metadata.dirs instead.
2019-10-20 13:10:54,447 [main] WARN  server.ServerUtils (ServerUtils.java:getDBPath(222)) - ozone.om.db.dirs is not configured. We recommend adding this setting. Falling back to ozone.metadata.dirs instead.
2019-10-20 13:10:54,448 [main] INFO  db.DBStoreBuilder (DBStoreBuilder.java:addTable(117)) - using custom profile for table: userTable
2019-10-20 13:10:54,448 [main] INFO  db.DBStoreBuilder (DBStoreBuilder.java:processTables(168)) - Using default column profile:DBProfile.DISK for Table:userTable
2019-10-20 13:10:54,448 [main] INFO  db.DBStoreBuilder (DBStoreBuilder.java:addTable(117)) - using custom profile for table: volumeTable
2019-10-20 13:10:54,448 [main] INFO  db.DBStoreBuilder (DBStoreBuilder.java:processTables(168)) - Using default column profile:DBProfile.DISK for Table:volumeTable
2019-10-20 13:10:54,448 [main] INFO  db.DBStoreBuilder (DBStoreBuilder.java:addTable(117)) - using custom profile for table: bucketTable
2019-10-20 13:10:54,448 [main] INFO  db.DBStoreBuilder (DBStoreBuilder.java:processTables(168)) - Using default column profile:DBProfile.DISK for Table:bucketTable
2019-10-20 13:10:54,449 [main] INFO  db.DBStoreBuilder (DBStoreBuilder.java:addTable(117)) - using custom profile for table: keyTable
2019-10-20 13:10:54,449 [main] INFO  db.DBStoreBuilder (DBStoreBuilder.java:processTables(168)) - Using default column profile:DBProfile.DISK for Table:keyTable
2019-10-20 13:10:54,449 [main] INFO  db.DBStoreBuilder (DBStoreBuilder.java:addTable(117)) - using custom profile for table: deletedTable
2019-10-20 13:10:54,449 [main] INFO  db.DBStoreBuilder (DBStoreBuilder.java:processTables(168)) - Using default column profile:DBProfile.DISK for Table:deletedTable
2019-10-20 13:10:54,449 [main] INFO  db.DBStoreBuilder (DBStoreBuilder.java:addTable(117)) - using custom profile for table: openKeyTable
2019-10-20 13:10:54,449 [main] INFO  db.DBStoreBuilder (DBStoreBuilder.java:processTables(168)) - Using default column profile:DBProfile.DISK for Table:openKeyTable
2019-10-20 13:10:54,449 [main] INFO  db.DBStoreBuilder (DBStoreBuilder.java:addTable(117)) - using custom profile for table: s3Table
2019-10-20 13:10:54,449 [main] INFO  db.DBStoreBuilder (DBStoreBuilder.java:processTables(168)) - Using default column profile:DBProfile.DISK for Table:s3Table
2019-10-20 13:10:54,450 [main] INFO  db.DBStoreBuilder (DBStoreBuilder.java:addTable(117)) - using custom profile for table: multipartInfoTable
2019-10-20 13:10:54,450 [main] INFO  db.DBStoreBuilder (DBStoreBuilder.java:processTables(168)) - Using default column profile:DBProfile.DISK for Table:multipartInfoTable
2019-10-20 13:10:54,450 [main] INFO  db.DBStoreBuilder (DBStoreBuilder.java:addTable(117)) - using custom profile for table: dTokenTable
2019-10-20 13:10:54,450 [main] INFO  db.DBStoreBuilder (DBStoreBuilder.java:processTables(168)) - Using default column profile:DBProfile.DISK for Table:dTokenTable
2019-10-20 13:10:54,450 [main] INFO  db.DBStoreBuilder (DBStoreBuilder.java:addTable(117)) - using custom profile for table: s3SecretTable
2019-10-20 13:10:54,450 [main] INFO  db.DBStoreBuilder (DBStoreBuilder.java:processTables(168)) - Using default column profile:DBProfile.DISK for Table:s3SecretTable
2019-10-20 13:10:54,450 [main] INFO  db.DBStoreBuilder (DBStoreBuilder.java:addTable(117)) - using custom profile for table: prefixTable
2019-10-20 13:10:54,450 [main] INFO  db.DBStoreBuilder (DBStoreBuilder.java:processTables(168)) - Using default column profile:DBProfile.DISK for Table:prefixTable
2019-10-20 13:10:54,451 [main] INFO  db.DBStoreBuilder (DBStoreBuilder.java:addTable(117)) - using custom profile for table: default
2019-10-20 13:10:54,451 [main] INFO  db.DBStoreBuilder (DBStoreBuilder.java:processTables(174)) - Using default column profile:DBProfile.DISK for Table:default
2019-10-20 13:10:54,451 [main] INFO  db.DBStoreBuilder (DBStoreBuilder.java:getDbProfile(205)) - Using default options. DBProfile.DISK
2019-10-20 13:10:54,843 [main] INFO  ipc.CallQueueManager (CallQueueManager.java:<init>(84)) - Using callQueue: class java.util.concurrent.LinkedBlockingQueue, queueCapacity: 2000, scheduler: class org.apache.hadoop.ipc.DefaultRpcScheduler, ipcBackoff: false.
2019-10-20 13:10:54,844 [Socket Reader #1 for port 43605] INFO  ipc.Server (Server.java:run(1074)) - Starting Socket Reader #1 for port 43605
2019-10-20 13:10:54,854 [java.util.concurrent.ThreadPoolExecutor$Worker@21d32876[State = -1, empty queue]] WARN  server.GrpcLogAppender (GrpcLogAppender.java:timeoutAppendRequest(209)) - 05c6ae83-70fb-4a74-b57d-58753732c866@group-7D0035B4016B->a1e91a8e-501f-43ca-b84b-9165d707a051-GrpcLogAppender: appendEntries Timeout, request=05c6ae83-70fb-4a74-b57d-58753732c866->a1e91a8e-501f-43ca-b84b-9165d707a051#137-t1, previous=(t:1, i:0), leaderCommit=0, initializing? false, entries: <empty>
2019-10-20 13:10:54,859 [main] INFO  om.OzoneManager (OzoneManager.java:start(1074)) - OzoneManager RPC server is listening at localhost/127.0.0.1:43605
2019-10-20 13:10:54,859 [main] INFO  impl.MetricsSystemImpl (MetricsSystemImpl.java:init(158)) - OzoneManager metrics system started (again)
2019-10-20 13:10:54,860 [IPC Server listener on 43605] INFO  ipc.Server (Server.java:run(1153)) - IPC Server listener on 43605: starting
2019-10-20 13:10:54,860 [IPC Server Responder] INFO  ipc.Server (Server.java:run(1314)) - IPC Server Responder: starting
2019-10-20 13:10:54,866 [main] INFO  hdfs.DFSUtil (DFSUtil.java:httpServerTemplateForNNAndJN(1641)) - Starting Web-server for ozoneManager at: http://0.0.0.0:0
2019-10-20 13:10:54,867 [main] INFO  server.AuthenticationFilter (AuthenticationFilter.java:constructSecretProvider(240)) - Unable to initialize FileSignerSecretProvider, falling back to use random secrets.
2019-10-20 13:10:54,867 [main] WARN  http.HttpRequestLog (HttpRequestLog.java:getRequestLog(97)) - Jetty request log can only be enabled using Log4j
2019-10-20 13:10:54,868 [main] INFO  http.HttpServer2 (HttpServer2.java:addGlobalFilter(975)) - Added global filter 'safety' (class=org.apache.hadoop.http.HttpServer2$QuotingInputFilter)
2019-10-20 13:10:54,869 [main] INFO  http.HttpServer2 (HttpServer2.java:addFilter(948)) - Added filter static_user_filter (class=org.apache.hadoop.http.lib.StaticUserWebFilter$StaticUserFilter) to context ozoneManager
2019-10-20 13:10:54,869 [main] INFO  http.HttpServer2 (HttpServer2.java:addFilter(958)) - Added filter static_user_filter (class=org.apache.hadoop.http.lib.StaticUserWebFilter$StaticUserFilter) to context static
2019-10-20 13:10:54,869 [main] INFO  http.HttpServer2 (HttpServer2.java:addFilter(958)) - Added filter static_user_filter (class=org.apache.hadoop.http.lib.StaticUserWebFilter$StaticUserFilter) to context logs
2019-10-20 13:10:54,870 [main] INFO  http.HttpServer2 (HttpServer2.java:bindListener(1191)) - Jetty bound to port 36735
2019-10-20 13:10:54,870 [main] INFO  server.Server (Server.java:doStart(351)) - jetty-9.3.25.v20180904, build timestamp: 2018-09-04T21:11:46Z, git hash: 3ce520221d0240229c862b122d2b06c12a625732
2019-10-20 13:10:54,871 [main] INFO  handler.ContextHandler (ContextHandler.java:doStart(781)) - Started o.e.j.s.ServletContextHandler@649b5891{/logs,file:///workdir/hadoop-ozone/integration-test/target/log,AVAILABLE}
2019-10-20 13:10:54,872 [main] INFO  handler.ContextHandler (ContextHandler.java:doStart(781)) - Started o.e.j.s.ServletContextHandler@1be52861{/static,file:///workdir/hadoop-ozone/integration-test/target/test-classes/webapps/static,AVAILABLE}
2019-10-20 13:10:54,875 [main] INFO  handler.ContextHandler (ContextHandler.java:doStart(781)) - Started o.e.j.w.WebAppContext@60deefed{/,file:///workdir/hadoop-ozone/integration-test/target/test-classes/webapps/ozoneManager/,AVAILABLE}{/ozoneManager}
2019-10-20 13:10:54,875 [main] INFO  server.AbstractConnector (AbstractConnector.java:doStart(278)) - Started ServerConnector@49754e74{HTTP/1.1,[http/1.1]}{0.0.0.0:36735}
2019-10-20 13:10:54,876 [main] INFO  server.Server (Server.java:doStart(419)) - Started @362585ms
2019-10-20 13:10:54,877 [main] WARN  impl.MetricsSystemImpl (MetricsSystemImpl.java:register(276)) - Sink prometheus already exists!
2019-10-20 13:10:54,878 [main] INFO  server.BaseHttpServer (BaseHttpServer.java:updateConnectorAddress(215)) - HTTP server of OZONEMANAGER is listening at http://0.0.0.0:36735
2019-10-20 13:10:54,894 [main] INFO  impl.MetricsSystemImpl (MetricsSystemImpl.java:init(158)) - HddsDatanode metrics system started (again)
2019-10-20 13:10:54,897 [java.util.concurrent.ThreadPoolExecutor$Worker@3002585e[State = -1, empty queue]] WARN  server.GrpcLogAppender (GrpcLogAppender.java:timeoutAppendRequest(209)) - 05c6ae83-70fb-4a74-b57d-58753732c866@group-7D0035B4016B->630b50bc-6518-46f5-9b15-9c1106f40dc8-GrpcLogAppender: appendEntries Timeout, request=05c6ae83-70fb-4a74-b57d-58753732c866->630b50bc-6518-46f5-9b15-9c1106f40dc8#137-t1, previous=(t:1, i:0), leaderCommit=0, initializing? false, entries: <empty>
2019-10-20 13:10:54,900 [main] INFO  ozone.HddsDatanodeService (HddsDatanodeService.java:start(184)) - HddsDatanodeService host:pr-hdds-2337-fjsvx-2218173377 ip:192.168.157.204
2019-10-20 13:10:54,907 [main] INFO  volume.HddsVolume (HddsVolume.java:<init>(176)) - Creating Volume: /workdir/hadoop-ozone/integration-test/target/test-dir/MiniOzoneClusterImpl-7cb4dc35-5948-4f28-9541-652e3d9b0dcd/datanode-0/data/containers/hdds of  storage type : DISK and capacity : 1482555576320
2019-10-20 13:10:54,907 [main] INFO  volume.VolumeSet (VolumeSet.java:initializeVolumeSet(170)) - Added Volume : /workdir/hadoop-ozone/integration-test/target/test-dir/MiniOzoneClusterImpl-7cb4dc35-5948-4f28-9541-652e3d9b0dcd/datanode-0/data/containers/hdds to VolumeSet
2019-10-20 13:10:54,908 [main] INFO  volume.ThrottledAsyncChecker (ThrottledAsyncChecker.java:schedule(141)) - Scheduling a check for /workdir/hadoop-ozone/integration-test/target/test-dir/MiniOzoneClusterImpl-7cb4dc35-5948-4f28-9541-652e3d9b0dcd/datanode-0/data/containers/hdds
2019-10-20 13:10:54,908 [main] INFO  volume.HddsVolumeChecker (HddsVolumeChecker.java:checkAllVolumes(204)) - Scheduled health check for volume /workdir/hadoop-ozone/integration-test/target/test-dir/MiniOzoneClusterImpl-7cb4dc35-5948-4f28-9541-652e3d9b0dcd/datanode-0/data/containers/hdds
2019-10-20 13:10:54,920 [main] INFO  impl.RaftServerProxy (ConfUtils.java:logGet(43)) - raft.rpc.type = GRPC (default)
2019-10-20 13:10:54,921 [main] INFO  grpc.GrpcFactory (GrpcFactory.java:checkPooledByteBufAllocatorUseCacheForAllThreads(45)) - PERFORMANCE WARNING: useCacheForAllThreads is true that may cause Netty to create a lot garbage objects and, as a result, trigger GC.
	It is recommended to disable useCacheForAllThreads by setting -Dorg.apache.ratis.thirdparty.io.netty.allocator.useCacheForAllThreads=false in command line.
2019-10-20 13:10:54,921 [main] INFO  grpc.GrpcConfigKeys$Server (ConfUtils.java:logGet(43)) - raft.grpc.server.port = 0 (default)
2019-10-20 13:10:54,921 [main] INFO  server.GrpcService (ConfUtils.java:logGet(43)) - raft.grpc.message.size.max = 33570816 (custom)
2019-10-20 13:10:54,921 [main] INFO  server.RaftServerConfigKeys (ConfUtils.java:logGet(43)) - raft.server.log.appender.buffer.byte-limit = 33554432 (custom)
2019-10-20 13:10:54,921 [main] INFO  server.GrpcService (ConfUtils.java:logGet(43)) - raft.grpc.flow.control.window = 1MB (=1048576) (default)
2019-10-20 13:10:54,921 [main] INFO  server.RaftServerConfigKeys (ConfUtils.java:logGet(43)) - raft.server.rpc.request.timeout = 3000ms (default)
2019-10-20 13:10:54,922 [main] INFO  server.RaftServerConfigKeys (ConfUtils.java:logGet(43)) - raft.server.storage.dir = [/workdir/hadoop-ozone/integration-test/target/test-dir/MiniOzoneClusterImpl-7cb4dc35-5948-4f28-9541-652e3d9b0dcd/datanode-0/data/ratis] (custom)
2019-10-20 13:10:54,923 [main] INFO  hdfs.DFSUtil (DFSUtil.java:httpServerTemplateForNNAndJN(1641)) - Starting Web-server for hddsDatanode at: http://0.0.0.0:0
2019-10-20 13:10:54,924 [main] INFO  server.AuthenticationFilter (AuthenticationFilter.java:constructSecretProvider(240)) - Unable to initialize FileSignerSecretProvider, falling back to use random secrets.
2019-10-20 13:10:54,924 [main] WARN  http.HttpRequestLog (HttpRequestLog.java:getRequestLog(97)) - Jetty request log can only be enabled using Log4j
2019-10-20 13:10:54,925 [main] INFO  http.HttpServer2 (HttpServer2.java:addGlobalFilter(975)) - Added global filter 'safety' (class=org.apache.hadoop.http.HttpServer2$QuotingInputFilter)
2019-10-20 13:10:54,926 [main] INFO  http.HttpServer2 (HttpServer2.java:addFilter(948)) - Added filter static_user_filter (class=org.apache.hadoop.http.lib.StaticUserWebFilter$StaticUserFilter) to context hddsDatanode
2019-10-20 13:10:54,926 [main] INFO  http.HttpServer2 (HttpServer2.java:addFilter(958)) - Added filter static_user_filter (class=org.apache.hadoop.http.lib.StaticUserWebFilter$StaticUserFilter) to context static
2019-10-20 13:10:54,926 [main] INFO  http.HttpServer2 (HttpServer2.java:addFilter(958)) - Added filter static_user_filter (class=org.apache.hadoop.http.lib.StaticUserWebFilter$StaticUserFilter) to context logs
2019-10-20 13:10:54,927 [main] INFO  http.HttpServer2 (HttpServer2.java:bindListener(1191)) - Jetty bound to port 44083
2019-10-20 13:10:54,927 [main] INFO  server.Server (Server.java:doStart(351)) - jetty-9.3.25.v20180904, build timestamp: 2018-09-04T21:11:46Z, git hash: 3ce520221d0240229c862b122d2b06c12a625732
2019-10-20 13:10:54,928 [main] INFO  handler.ContextHandler (ContextHandler.java:doStart(781)) - Started o.e.j.s.ServletContextHandler@433ef204{/logs,file:///workdir/hadoop-ozone/integration-test/target/log,AVAILABLE}
2019-10-20 13:10:54,928 [main] INFO  handler.ContextHandler (ContextHandler.java:doStart(781)) - Started o.e.j.s.ServletContextHandler@795b66d{/static,jar:file:/home/user/.m2/repository/org/apache/hadoop/hadoop-hdds-container-service/0.5.0-SNAPSHOT/hadoop-hdds-container-service-0.5.0-SNAPSHOT.jar!/webapps/static,AVAILABLE}
2019-10-20 13:10:54,956 [main] INFO  handler.ContextHandler (ContextHandler.java:doStart(781)) - Started o.e.j.w.WebAppContext@40d96578{/,file:///tmp/jetty-0.0.0.0-44083-hddsDatanode-_-any-8307328534668715402.dir/webapp/,AVAILABLE}{/hddsDatanode}
2019-10-20 13:10:54,957 [main] INFO  server.AbstractConnector (AbstractConnector.java:doStart(278)) - Started ServerConnector@c97721b{HTTP/1.1,[http/1.1]}{0.0.0.0:44083}
2019-10-20 13:10:54,957 [main] INFO  server.Server (Server.java:doStart(419)) - Started @362667ms
2019-10-20 13:10:54,958 [main] WARN  impl.MetricsSystemImpl (MetricsSystemImpl.java:register(276)) - Sink prometheus already exists!
2019-10-20 13:10:54,959 [main] INFO  server.BaseHttpServer (BaseHttpServer.java:updateConnectorAddress(215)) - HTTP server of HDDSDATANODE is listening at http://0.0.0.0:44083
2019-10-20 13:10:54,959 [main] INFO  impl.MetricsSystemImpl (MetricsSystemImpl.java:init(158)) - HddsDatanode metrics system started (again)
2019-10-20 13:10:54,965 [org.apache.hadoop.util.JvmPauseMonitor$Monitor@16023e1] INFO  util.JvmPauseMonitor (JvmPauseMonitor.java:run(188)) - Starting JVM pause monitor
2019-10-20 13:10:54,966 [main] INFO  ozone.HddsDatanodeService (HddsDatanodeService.java:start(184)) - HddsDatanodeService host:pr-hdds-2337-fjsvx-2218173377 ip:192.168.157.204
2019-10-20 13:10:54,967 [Datanode State Machine Thread - 0] INFO  datanode.InitDatanodeState (InitDatanodeState.java:persistContainerDatanodeDetails(140)) - DatanodeDetails is persisted to /workdir/hadoop-ozone/integration-test/target/test-dir/MiniOzoneClusterImpl-7cb4dc35-5948-4f28-9541-652e3d9b0dcd/datanode-0/meta/datanode.id
2019-10-20 13:10:54,972 [main] INFO  volume.HddsVolume (HddsVolume.java:<init>(176)) - Creating Volume: /workdir/hadoop-ozone/integration-test/target/test-dir/MiniOzoneClusterImpl-7cb4dc35-5948-4f28-9541-652e3d9b0dcd/datanode-1/data/containers/hdds of  storage type : DISK and capacity : 1482555576320
2019-10-20 13:10:54,973 [main] INFO  volume.VolumeSet (VolumeSet.java:initializeVolumeSet(170)) - Added Volume : /workdir/hadoop-ozone/integration-test/target/test-dir/MiniOzoneClusterImpl-7cb4dc35-5948-4f28-9541-652e3d9b0dcd/datanode-1/data/containers/hdds to VolumeSet
2019-10-20 13:10:54,973 [main] INFO  volume.ThrottledAsyncChecker (ThrottledAsyncChecker.java:schedule(141)) - Scheduling a check for /workdir/hadoop-ozone/integration-test/target/test-dir/MiniOzoneClusterImpl-7cb4dc35-5948-4f28-9541-652e3d9b0dcd/datanode-1/data/containers/hdds
2019-10-20 13:10:54,973 [main] INFO  volume.HddsVolumeChecker (HddsVolumeChecker.java:checkAllVolumes(204)) - Scheduled health check for volume /workdir/hadoop-ozone/integration-test/target/test-dir/MiniOzoneClusterImpl-7cb4dc35-5948-4f28-9541-652e3d9b0dcd/datanode-1/data/containers/hdds
2019-10-20 13:10:54,986 [main] INFO  impl.RaftServerProxy (ConfUtils.java:logGet(43)) - raft.rpc.type = GRPC (default)
2019-10-20 13:10:54,986 [main] INFO  grpc.GrpcFactory (GrpcFactory.java:checkPooledByteBufAllocatorUseCacheForAllThreads(45)) - PERFORMANCE WARNING: useCacheForAllThreads is true that may cause Netty to create a lot garbage objects and, as a result, trigger GC.
	It is recommended to disable useCacheForAllThreads by setting -Dorg.apache.ratis.thirdparty.io.netty.allocator.useCacheForAllThreads=false in command line.
2019-10-20 13:10:54,986 [main] INFO  grpc.GrpcConfigKeys$Server (ConfUtils.java:logGet(43)) - raft.grpc.server.port = 0 (default)
2019-10-20 13:10:54,986 [main] INFO  server.GrpcService (ConfUtils.java:logGet(43)) - raft.grpc.message.size.max = 33570816 (custom)
2019-10-20 13:10:54,986 [main] INFO  server.RaftServerConfigKeys (ConfUtils.java:logGet(43)) - raft.server.log.appender.buffer.byte-limit = 33554432 (custom)
2019-10-20 13:10:54,986 [main] INFO  server.GrpcService (ConfUtils.java:logGet(43)) - raft.grpc.flow.control.window = 1MB (=1048576) (default)
2019-10-20 13:10:54,986 [main] INFO  server.RaftServerConfigKeys (ConfUtils.java:logGet(43)) - raft.server.rpc.request.timeout = 3000ms (default)
2019-10-20 13:10:54,987 [main] INFO  server.RaftServerConfigKeys (ConfUtils.java:logGet(43)) - raft.server.storage.dir = [/workdir/hadoop-ozone/integration-test/target/test-dir/MiniOzoneClusterImpl-7cb4dc35-5948-4f28-9541-652e3d9b0dcd/datanode-1/data/ratis] (custom)
2019-10-20 13:10:54,988 [main] INFO  hdfs.DFSUtil (DFSUtil.java:httpServerTemplateForNNAndJN(1641)) - Starting Web-server for hddsDatanode at: http://0.0.0.0:0
2019-10-20 13:10:54,989 [main] INFO  server.AuthenticationFilter (AuthenticationFilter.java:constructSecretProvider(240)) - Unable to initialize FileSignerSecretProvider, falling back to use random secrets.
2019-10-20 13:10:54,989 [main] WARN  http.HttpRequestLog (HttpRequestLog.java:getRequestLog(97)) - Jetty request log can only be enabled using Log4j
2019-10-20 13:10:54,990 [main] INFO  http.HttpServer2 (HttpServer2.java:addGlobalFilter(975)) - Added global filter 'safety' (class=org.apache.hadoop.http.HttpServer2$QuotingInputFilter)
2019-10-20 13:10:54,991 [main] INFO  http.HttpServer2 (HttpServer2.java:addFilter(948)) - Added filter static_user_filter (class=org.apache.hadoop.http.lib.StaticUserWebFilter$StaticUserFilter) to context hddsDatanode
2019-10-20 13:10:54,991 [main] INFO  http.HttpServer2 (HttpServer2.java:addFilter(958)) - Added filter static_user_filter (class=org.apache.hadoop.http.lib.StaticUserWebFilter$StaticUserFilter) to context logs
2019-10-20 13:10:54,991 [main] INFO  http.HttpServer2 (HttpServer2.java:addFilter(958)) - Added filter static_user_filter (class=org.apache.hadoop.http.lib.StaticUserWebFilter$StaticUserFilter) to context static
2019-10-20 13:10:54,991 [main] INFO  http.HttpServer2 (HttpServer2.java:bindListener(1191)) - Jetty bound to port 36468
2019-10-20 13:10:54,991 [main] INFO  server.Server (Server.java:doStart(351)) - jetty-9.3.25.v20180904, build timestamp: 2018-09-04T21:11:46Z, git hash: 3ce520221d0240229c862b122d2b06c12a625732
2019-10-20 13:10:54,993 [main] INFO  handler.ContextHandler (ContextHandler.java:doStart(781)) - Started o.e.j.s.ServletContextHandler@5ed0b4e3{/logs,file:///workdir/hadoop-ozone/integration-test/target/log,AVAILABLE}
2019-10-20 13:10:54,993 [main] INFO  handler.ContextHandler (ContextHandler.java:doStart(781)) - Started o.e.j.s.ServletContextHandler@3a9b41a0{/static,jar:file:/home/user/.m2/repository/org/apache/hadoop/hadoop-hdds-container-service/0.5.0-SNAPSHOT/hadoop-hdds-container-service-0.5.0-SNAPSHOT.jar!/webapps/static,AVAILABLE}
2019-10-20 13:10:55,021 [main] INFO  handler.ContextHandler (ContextHandler.java:doStart(781)) - Started o.e.j.w.WebAppContext@e0d1dc4{/,file:///tmp/jetty-0.0.0.0-36468-hddsDatanode-_-any-5410621513740354875.dir/webapp/,AVAILABLE}{/hddsDatanode}
2019-10-20 13:10:55,022 [main] INFO  server.AbstractConnector (AbstractConnector.java:doStart(278)) - Started ServerConnector@5463f035{HTTP/1.1,[http/1.1]}{0.0.0.0:36468}
2019-10-20 13:10:55,022 [main] INFO  server.Server (Server.java:doStart(419)) - Started @362732ms
2019-10-20 13:10:55,023 [main] WARN  impl.MetricsSystemImpl (MetricsSystemImpl.java:register(276)) - Sink prometheus already exists!
2019-10-20 13:10:55,024 [main] INFO  server.BaseHttpServer (BaseHttpServer.java:updateConnectorAddress(215)) - HTTP server of HDDSDATANODE is listening at http://0.0.0.0:36468
2019-10-20 13:10:55,024 [main] INFO  impl.MetricsSystemImpl (MetricsSystemImpl.java:init(158)) - HddsDatanode metrics system started (again)
2019-10-20 13:10:55,031 [org.apache.hadoop.util.JvmPauseMonitor$Monitor@8e9c5a0] INFO  util.JvmPauseMonitor (JvmPauseMonitor.java:run(188)) - Starting JVM pause monitor
2019-10-20 13:10:55,031 [main] INFO  ozone.HddsDatanodeService (HddsDatanodeService.java:start(184)) - HddsDatanodeService host:pr-hdds-2337-fjsvx-2218173377 ip:192.168.157.204
2019-10-20 13:10:55,033 [Datanode State Machine Thread - 0] INFO  datanode.InitDatanodeState (InitDatanodeState.java:persistContainerDatanodeDetails(140)) - DatanodeDetails is persisted to /workdir/hadoop-ozone/integration-test/target/test-dir/MiniOzoneClusterImpl-7cb4dc35-5948-4f28-9541-652e3d9b0dcd/datanode-1/meta/datanode.id
2019-10-20 13:10:55,039 [main] INFO  volume.HddsVolume (HddsVolume.java:<init>(176)) - Creating Volume: /workdir/hadoop-ozone/integration-test/target/test-dir/MiniOzoneClusterImpl-7cb4dc35-5948-4f28-9541-652e3d9b0dcd/datanode-2/data/containers/hdds of  storage type : DISK and capacity : 1482555576320
2019-10-20 13:10:55,039 [main] INFO  volume.VolumeSet (VolumeSet.java:initializeVolumeSet(170)) - Added Volume : /workdir/hadoop-ozone/integration-test/target/test-dir/MiniOzoneClusterImpl-7cb4dc35-5948-4f28-9541-652e3d9b0dcd/datanode-2/data/containers/hdds to VolumeSet
2019-10-20 13:10:55,039 [main] INFO  volume.ThrottledAsyncChecker (ThrottledAsyncChecker.java:schedule(141)) - Scheduling a check for /workdir/hadoop-ozone/integration-test/target/test-dir/MiniOzoneClusterImpl-7cb4dc35-5948-4f28-9541-652e3d9b0dcd/datanode-2/data/containers/hdds
2019-10-20 13:10:55,039 [main] INFO  volume.HddsVolumeChecker (HddsVolumeChecker.java:checkAllVolumes(204)) - Scheduled health check for volume /workdir/hadoop-ozone/integration-test/target/test-dir/MiniOzoneClusterImpl-7cb4dc35-5948-4f28-9541-652e3d9b0dcd/datanode-2/data/containers/hdds
2019-10-20 13:10:55,052 [main] INFO  impl.RaftServerProxy (ConfUtils.java:logGet(43)) - raft.rpc.type = GRPC (default)
2019-10-20 13:10:55,053 [main] INFO  grpc.GrpcFactory (GrpcFactory.java:checkPooledByteBufAllocatorUseCacheForAllThreads(45)) - PERFORMANCE WARNING: useCacheForAllThreads is true that may cause Netty to create a lot garbage objects and, as a result, trigger GC.
	It is recommended to disable useCacheForAllThreads by setting -Dorg.apache.ratis.thirdparty.io.netty.allocator.useCacheForAllThreads=false in command line.
2019-10-20 13:10:55,053 [main] INFO  grpc.GrpcConfigKeys$Server (ConfUtils.java:logGet(43)) - raft.grpc.server.port = 0 (default)
2019-10-20 13:10:55,053 [main] INFO  server.GrpcService (ConfUtils.java:logGet(43)) - raft.grpc.message.size.max = 33570816 (custom)
2019-10-20 13:10:55,053 [main] INFO  server.RaftServerConfigKeys (ConfUtils.java:logGet(43)) - raft.server.log.appender.buffer.byte-limit = 33554432 (custom)
2019-10-20 13:10:55,053 [main] INFO  server.GrpcService (ConfUtils.java:logGet(43)) - raft.grpc.flow.control.window = 1MB (=1048576) (default)
2019-10-20 13:10:55,053 [main] INFO  server.RaftServerConfigKeys (ConfUtils.java:logGet(43)) - raft.server.rpc.request.timeout = 3000ms (default)
2019-10-20 13:10:55,054 [main] INFO  server.RaftServerConfigKeys (ConfUtils.java:logGet(43)) - raft.server.storage.dir = [/workdir/hadoop-ozone/integration-test/target/test-dir/MiniOzoneClusterImpl-7cb4dc35-5948-4f28-9541-652e3d9b0dcd/datanode-2/data/ratis] (custom)
2019-10-20 13:10:55,055 [main] INFO  hdfs.DFSUtil (DFSUtil.java:httpServerTemplateForNNAndJN(1641)) - Starting Web-server for hddsDatanode at: http://0.0.0.0:0
2019-10-20 13:10:55,056 [main] INFO  server.AuthenticationFilter (AuthenticationFilter.java:constructSecretProvider(240)) - Unable to initialize FileSignerSecretProvider, falling back to use random secrets.
2019-10-20 13:10:55,056 [main] WARN  http.HttpRequestLog (HttpRequestLog.java:getRequestLog(97)) - Jetty request log can only be enabled using Log4j
2019-10-20 13:10:55,058 [main] INFO  http.HttpServer2 (HttpServer2.java:addGlobalFilter(975)) - Added global filter 'safety' (class=org.apache.hadoop.http.HttpServer2$QuotingInputFilter)
2019-10-20 13:10:55,058 [main] INFO  http.HttpServer2 (HttpServer2.java:addFilter(948)) - Added filter static_user_filter (class=org.apache.hadoop.http.lib.StaticUserWebFilter$StaticUserFilter) to context hddsDatanode
2019-10-20 13:10:55,058 [main] INFO  http.HttpServer2 (HttpServer2.java:addFilter(958)) - Added filter static_user_filter (class=org.apache.hadoop.http.lib.StaticUserWebFilter$StaticUserFilter) to context logs
2019-10-20 13:10:55,058 [main] INFO  http.HttpServer2 (HttpServer2.java:addFilter(958)) - Added filter static_user_filter (class=org.apache.hadoop.http.lib.StaticUserWebFilter$StaticUserFilter) to context static
2019-10-20 13:10:55,059 [main] INFO  http.HttpServer2 (HttpServer2.java:bindListener(1191)) - Jetty bound to port 38567
2019-10-20 13:10:55,059 [main] INFO  server.Server (Server.java:doStart(351)) - jetty-9.3.25.v20180904, build timestamp: 2018-09-04T21:11:46Z, git hash: 3ce520221d0240229c862b122d2b06c12a625732
2019-10-20 13:10:55,060 [main] INFO  handler.ContextHandler (ContextHandler.java:doStart(781)) - Started o.e.j.s.ServletContextHandler@73d62b5{/logs,file:///workdir/hadoop-ozone/integration-test/target/log,AVAILABLE}
2019-10-20 13:10:55,060 [main] INFO  handler.ContextHandler (ContextHandler.java:doStart(781)) - Started o.e.j.s.ServletContextHandler@76ac68b0{/static,jar:file:/home/user/.m2/repository/org/apache/hadoop/hadoop-hdds-container-service/0.5.0-SNAPSHOT/hadoop-hdds-container-service-0.5.0-SNAPSHOT.jar!/webapps/static,AVAILABLE}
2019-10-20 13:10:55,088 [main] INFO  handler.ContextHandler (ContextHandler.java:doStart(781)) - Started o.e.j.w.WebAppContext@14457a95{/,file:///tmp/jetty-0.0.0.0-38567-hddsDatanode-_-any-3684860938075904250.dir/webapp/,AVAILABLE}{/hddsDatanode}
2019-10-20 13:10:55,089 [main] INFO  server.AbstractConnector (AbstractConnector.java:doStart(278)) - Started ServerConnector@48567727{HTTP/1.1,[http/1.1]}{0.0.0.0:38567}
2019-10-20 13:10:55,089 [main] INFO  server.Server (Server.java:doStart(419)) - Started @362799ms
2019-10-20 13:10:55,090 [main] WARN  impl.MetricsSystemImpl (MetricsSystemImpl.java:register(276)) - Sink prometheus already exists!
2019-10-20 13:10:55,091 [main] INFO  server.BaseHttpServer (BaseHttpServer.java:updateConnectorAddress(215)) - HTTP server of HDDSDATANODE is listening at http://0.0.0.0:38567
2019-10-20 13:10:55,091 [main] INFO  impl.MetricsSystemImpl (MetricsSystemImpl.java:init(158)) - HddsDatanode metrics system started (again)
2019-10-20 13:10:55,098 [main] INFO  ozone.HddsDatanodeService (HddsDatanodeService.java:start(184)) - HddsDatanodeService host:pr-hdds-2337-fjsvx-2218173377 ip:192.168.157.204
2019-10-20 13:10:55,098 [org.apache.hadoop.util.JvmPauseMonitor$Monitor@73d0ed64] INFO  util.JvmPauseMonitor (JvmPauseMonitor.java:run(188)) - Starting JVM pause monitor
2019-10-20 13:10:55,099 [Datanode State Machine Thread - 0] INFO  datanode.InitDatanodeState (InitDatanodeState.java:persistContainerDatanodeDetails(140)) - DatanodeDetails is persisted to /workdir/hadoop-ozone/integration-test/target/test-dir/MiniOzoneClusterImpl-7cb4dc35-5948-4f28-9541-652e3d9b0dcd/datanode-2/meta/datanode.id
2019-10-20 13:10:55,105 [main] INFO  volume.HddsVolume (HddsVolume.java:<init>(176)) - Creating Volume: /workdir/hadoop-ozone/integration-test/target/test-dir/MiniOzoneClusterImpl-7cb4dc35-5948-4f28-9541-652e3d9b0dcd/datanode-3/data/containers/hdds of  storage type : DISK and capacity : 1482555576320
2019-10-20 13:10:55,106 [main] INFO  volume.VolumeSet (VolumeSet.java:initializeVolumeSet(170)) - Added Volume : /workdir/hadoop-ozone/integration-test/target/test-dir/MiniOzoneClusterImpl-7cb4dc35-5948-4f28-9541-652e3d9b0dcd/datanode-3/data/containers/hdds to VolumeSet
2019-10-20 13:10:55,106 [main] INFO  volume.ThrottledAsyncChecker (ThrottledAsyncChecker.java:schedule(141)) - Scheduling a check for /workdir/hadoop-ozone/integration-test/target/test-dir/MiniOzoneClusterImpl-7cb4dc35-5948-4f28-9541-652e3d9b0dcd/datanode-3/data/containers/hdds
2019-10-20 13:10:55,106 [main] INFO  volume.HddsVolumeChecker (HddsVolumeChecker.java:checkAllVolumes(204)) - Scheduled health check for volume /workdir/hadoop-ozone/integration-test/target/test-dir/MiniOzoneClusterImpl-7cb4dc35-5948-4f28-9541-652e3d9b0dcd/datanode-3/data/containers/hdds
2019-10-20 13:10:55,116 [main] INFO  impl.RaftServerProxy (ConfUtils.java:logGet(43)) - raft.rpc.type = GRPC (default)
2019-10-20 13:10:55,116 [main] INFO  grpc.GrpcFactory (GrpcFactory.java:checkPooledByteBufAllocatorUseCacheForAllThreads(45)) - PERFORMANCE WARNING: useCacheForAllThreads is true that may cause Netty to create a lot garbage objects and, as a result, trigger GC.
	It is recommended to disable useCacheForAllThreads by setting -Dorg.apache.ratis.thirdparty.io.netty.allocator.useCacheForAllThreads=false in command line.
2019-10-20 13:10:55,116 [main] INFO  grpc.GrpcConfigKeys$Server (ConfUtils.java:logGet(43)) - raft.grpc.server.port = 0 (default)
2019-10-20 13:10:55,117 [main] INFO  server.GrpcService (ConfUtils.java:logGet(43)) - raft.grpc.message.size.max = 33570816 (custom)
2019-10-20 13:10:55,117 [main] INFO  server.RaftServerConfigKeys (ConfUtils.java:logGet(43)) - raft.server.log.appender.buffer.byte-limit = 33554432 (custom)
2019-10-20 13:10:55,117 [main] INFO  server.GrpcService (ConfUtils.java:logGet(43)) - raft.grpc.flow.control.window = 1MB (=1048576) (default)
2019-10-20 13:10:55,117 [main] INFO  server.RaftServerConfigKeys (ConfUtils.java:logGet(43)) - raft.server.rpc.request.timeout = 3000ms (default)
2019-10-20 13:10:55,117 [main] INFO  server.RaftServerConfigKeys (ConfUtils.java:logGet(43)) - raft.server.storage.dir = [/workdir/hadoop-ozone/integration-test/target/test-dir/MiniOzoneClusterImpl-7cb4dc35-5948-4f28-9541-652e3d9b0dcd/datanode-3/data/ratis] (custom)
2019-10-20 13:10:55,118 [main] INFO  hdfs.DFSUtil (DFSUtil.java:httpServerTemplateForNNAndJN(1641)) - Starting Web-server for hddsDatanode at: http://0.0.0.0:0
2019-10-20 13:10:55,119 [main] INFO  server.AuthenticationFilter (AuthenticationFilter.java:constructSecretProvider(240)) - Unable to initialize FileSignerSecretProvider, falling back to use random secrets.
2019-10-20 13:10:55,120 [main] WARN  http.HttpRequestLog (HttpRequestLog.java:getRequestLog(97)) - Jetty request log can only be enabled using Log4j
2019-10-20 13:10:55,121 [main] INFO  http.HttpServer2 (HttpServer2.java:addGlobalFilter(975)) - Added global filter 'safety' (class=org.apache.hadoop.http.HttpServer2$QuotingInputFilter)
2019-10-20 13:10:55,121 [main] INFO  http.HttpServer2 (HttpServer2.java:addFilter(948)) - Added filter static_user_filter (class=org.apache.hadoop.http.lib.StaticUserWebFilter$StaticUserFilter) to context hddsDatanode
2019-10-20 13:10:55,121 [main] INFO  http.HttpServer2 (HttpServer2.java:addFilter(958)) - Added filter static_user_filter (class=org.apache.hadoop.http.lib.StaticUserWebFilter$StaticUserFilter) to context logs
2019-10-20 13:10:55,121 [main] INFO  http.HttpServer2 (HttpServer2.java:addFilter(958)) - Added filter static_user_filter (class=org.apache.hadoop.http.lib.StaticUserWebFilter$StaticUserFilter) to context static
2019-10-20 13:10:55,122 [main] INFO  http.HttpServer2 (HttpServer2.java:bindListener(1191)) - Jetty bound to port 39500
2019-10-20 13:10:55,122 [main] INFO  server.Server (Server.java:doStart(351)) - jetty-9.3.25.v20180904, build timestamp: 2018-09-04T21:11:46Z, git hash: 3ce520221d0240229c862b122d2b06c12a625732
2019-10-20 13:10:55,123 [main] INFO  handler.ContextHandler (ContextHandler.java:doStart(781)) - Started o.e.j.s.ServletContextHandler@46612bfc{/logs,file:///workdir/hadoop-ozone/integration-test/target/log,AVAILABLE}
2019-10-20 13:10:55,123 [main] INFO  handler.ContextHandler (ContextHandler.java:doStart(781)) - Started o.e.j.s.ServletContextHandler@25699aa7{/static,jar:file:/home/user/.m2/repository/org/apache/hadoop/hadoop-hdds-container-service/0.5.0-SNAPSHOT/hadoop-hdds-container-service-0.5.0-SNAPSHOT.jar!/webapps/static,AVAILABLE}
2019-10-20 13:10:55,148 [main] INFO  handler.ContextHandler (ContextHandler.java:doStart(781)) - Started o.e.j.w.WebAppContext@37b01ce2{/,file:///tmp/jetty-0.0.0.0-39500-hddsDatanode-_-any-1080516546648059771.dir/webapp/,AVAILABLE}{/hddsDatanode}
2019-10-20 13:10:55,148 [main] INFO  server.AbstractConnector (AbstractConnector.java:doStart(278)) - Started ServerConnector@1a88c4f5{HTTP/1.1,[http/1.1]}{0.0.0.0:39500}
2019-10-20 13:10:55,150 [main] INFO  server.Server (Server.java:doStart(419)) - Started @362859ms
2019-10-20 13:10:55,150 [main] WARN  impl.MetricsSystemImpl (MetricsSystemImpl.java:register(276)) - Sink prometheus already exists!
2019-10-20 13:10:55,150 [main] INFO  server.BaseHttpServer (BaseHttpServer.java:updateConnectorAddress(215)) - HTTP server of HDDSDATANODE is listening at http://0.0.0.0:39500
2019-10-20 13:10:55,151 [main] INFO  impl.MetricsSystemImpl (MetricsSystemImpl.java:init(158)) - HddsDatanode metrics system started (again)
2019-10-20 13:10:55,157 [org.apache.hadoop.util.JvmPauseMonitor$Monitor@3e671afe] INFO  util.JvmPauseMonitor (JvmPauseMonitor.java:run(188)) - Starting JVM pause monitor
2019-10-20 13:10:55,157 [main] INFO  ozone.HddsDatanodeService (HddsDatanodeService.java:start(184)) - HddsDatanodeService host:pr-hdds-2337-fjsvx-2218173377 ip:192.168.157.204
2019-10-20 13:10:55,158 [Datanode State Machine Thread - 0] INFO  datanode.InitDatanodeState (InitDatanodeState.java:persistContainerDatanodeDetails(140)) - DatanodeDetails is persisted to /workdir/hadoop-ozone/integration-test/target/test-dir/MiniOzoneClusterImpl-7cb4dc35-5948-4f28-9541-652e3d9b0dcd/datanode-3/meta/datanode.id
2019-10-20 13:10:55,164 [main] INFO  volume.HddsVolume (HddsVolume.java:<init>(176)) - Creating Volume: /workdir/hadoop-ozone/integration-test/target/test-dir/MiniOzoneClusterImpl-7cb4dc35-5948-4f28-9541-652e3d9b0dcd/datanode-4/data/containers/hdds of  storage type : DISK and capacity : 1482555576320
2019-10-20 13:10:55,164 [main] INFO  volume.VolumeSet (VolumeSet.java:initializeVolumeSet(170)) - Added Volume : /workdir/hadoop-ozone/integration-test/target/test-dir/MiniOzoneClusterImpl-7cb4dc35-5948-4f28-9541-652e3d9b0dcd/datanode-4/data/containers/hdds to VolumeSet
2019-10-20 13:10:55,165 [main] INFO  volume.ThrottledAsyncChecker (ThrottledAsyncChecker.java:schedule(141)) - Scheduling a check for /workdir/hadoop-ozone/integration-test/target/test-dir/MiniOzoneClusterImpl-7cb4dc35-5948-4f28-9541-652e3d9b0dcd/datanode-4/data/containers/hdds
2019-10-20 13:10:55,165 [main] INFO  volume.HddsVolumeChecker (HddsVolumeChecker.java:checkAllVolumes(204)) - Scheduled health check for volume /workdir/hadoop-ozone/integration-test/target/test-dir/MiniOzoneClusterImpl-7cb4dc35-5948-4f28-9541-652e3d9b0dcd/datanode-4/data/containers/hdds
2019-10-20 13:10:55,179 [main] INFO  impl.RaftServerProxy (ConfUtils.java:logGet(43)) - raft.rpc.type = GRPC (default)
2019-10-20 13:10:55,179 [main] INFO  grpc.GrpcFactory (GrpcFactory.java:checkPooledByteBufAllocatorUseCacheForAllThreads(45)) - PERFORMANCE WARNING: useCacheForAllThreads is true that may cause Netty to create a lot garbage objects and, as a result, trigger GC.
	It is recommended to disable useCacheForAllThreads by setting -Dorg.apache.ratis.thirdparty.io.netty.allocator.useCacheForAllThreads=false in command line.
2019-10-20 13:10:55,179 [main] INFO  grpc.GrpcConfigKeys$Server (ConfUtils.java:logGet(43)) - raft.grpc.server.port = 0 (default)
2019-10-20 13:10:55,180 [main] INFO  server.GrpcService (ConfUtils.java:logGet(43)) - raft.grpc.message.size.max = 33570816 (custom)
2019-10-20 13:10:55,180 [main] INFO  server.RaftServerConfigKeys (ConfUtils.java:logGet(43)) - raft.server.log.appender.buffer.byte-limit = 33554432 (custom)
2019-10-20 13:10:55,180 [main] INFO  server.GrpcService (ConfUtils.java:logGet(43)) - raft.grpc.flow.control.window = 1MB (=1048576) (default)
2019-10-20 13:10:55,180 [main] INFO  server.RaftServerConfigKeys (ConfUtils.java:logGet(43)) - raft.server.rpc.request.timeout = 3000ms (default)
2019-10-20 13:10:55,180 [main] INFO  server.RaftServerConfigKeys (ConfUtils.java:logGet(43)) - raft.server.storage.dir = [/workdir/hadoop-ozone/integration-test/target/test-dir/MiniOzoneClusterImpl-7cb4dc35-5948-4f28-9541-652e3d9b0dcd/datanode-4/data/ratis] (custom)
2019-10-20 13:10:55,182 [main] INFO  hdfs.DFSUtil (DFSUtil.java:httpServerTemplateForNNAndJN(1641)) - Starting Web-server for hddsDatanode at: http://0.0.0.0:0
2019-10-20 13:10:55,183 [main] INFO  server.AuthenticationFilter (AuthenticationFilter.java:constructSecretProvider(240)) - Unable to initialize FileSignerSecretProvider, falling back to use random secrets.
2019-10-20 13:10:55,183 [main] WARN  http.HttpRequestLog (HttpRequestLog.java:getRequestLog(97)) - Jetty request log can only be enabled using Log4j
2019-10-20 13:10:55,184 [main] INFO  http.HttpServer2 (HttpServer2.java:addGlobalFilter(975)) - Added global filter 'safety' (class=org.apache.hadoop.http.HttpServer2$QuotingInputFilter)
2019-10-20 13:10:55,185 [main] INFO  http.HttpServer2 (HttpServer2.java:addFilter(948)) - Added filter static_user_filter (class=org.apache.hadoop.http.lib.StaticUserWebFilter$StaticUserFilter) to context hddsDatanode
2019-10-20 13:10:55,185 [main] INFO  http.HttpServer2 (HttpServer2.java:addFilter(958)) - Added filter static_user_filter (class=org.apache.hadoop.http.lib.StaticUserWebFilter$StaticUserFilter) to context static
2019-10-20 13:10:55,185 [main] INFO  http.HttpServer2 (HttpServer2.java:addFilter(958)) - Added filter static_user_filter (class=org.apache.hadoop.http.lib.StaticUserWebFilter$StaticUserFilter) to context logs
2019-10-20 13:10:55,186 [main] INFO  http.HttpServer2 (HttpServer2.java:bindListener(1191)) - Jetty bound to port 41525
2019-10-20 13:10:55,186 [main] INFO  server.Server (Server.java:doStart(351)) - jetty-9.3.25.v20180904, build timestamp: 2018-09-04T21:11:46Z, git hash: 3ce520221d0240229c862b122d2b06c12a625732
2019-10-20 13:10:55,187 [main] INFO  handler.ContextHandler (ContextHandler.java:doStart(781)) - Started o.e.j.s.ServletContextHandler@250967f1{/logs,file:///workdir/hadoop-ozone/integration-test/target/log,AVAILABLE}
2019-10-20 13:10:55,187 [main] INFO  handler.ContextHandler (ContextHandler.java:doStart(781)) - Started o.e.j.s.ServletContextHandler@4bce62b{/static,jar:file:/home/user/.m2/repository/org/apache/hadoop/hadoop-hdds-container-service/0.5.0-SNAPSHOT/hadoop-hdds-container-service-0.5.0-SNAPSHOT.jar!/webapps/static,AVAILABLE}
2019-10-20 13:10:55,218 [main] INFO  handler.ContextHandler (ContextHandler.java:doStart(781)) - Started o.e.j.w.WebAppContext@54895681{/,file:///tmp/jetty-0.0.0.0-41525-hddsDatanode-_-any-408384848708457529.dir/webapp/,AVAILABLE}{/hddsDatanode}
2019-10-20 13:10:55,219 [main] INFO  server.AbstractConnector (AbstractConnector.java:doStart(278)) - Started ServerConnector@2dd0a0d0{HTTP/1.1,[http/1.1]}{0.0.0.0:41525}
2019-10-20 13:10:55,219 [main] INFO  server.Server (Server.java:doStart(419)) - Started @362929ms
2019-10-20 13:10:55,220 [main] WARN  impl.MetricsSystemImpl (MetricsSystemImpl.java:register(276)) - Sink prometheus already exists!
2019-10-20 13:10:55,221 [main] INFO  server.BaseHttpServer (BaseHttpServer.java:updateConnectorAddress(215)) - HTTP server of HDDSDATANODE is listening at http://0.0.0.0:41525
2019-10-20 13:10:55,221 [main] INFO  impl.MetricsSystemImpl (MetricsSystemImpl.java:init(158)) - HddsDatanode metrics system started (again)
2019-10-20 13:10:55,229 [org.apache.hadoop.util.JvmPauseMonitor$Monitor@1f7d3e70] INFO  util.JvmPauseMonitor (JvmPauseMonitor.java:run(188)) - Starting JVM pause monitor
2019-10-20 13:10:55,230 [main] INFO  ozone.HddsDatanodeService (HddsDatanodeService.java:start(184)) - HddsDatanodeService host:pr-hdds-2337-fjsvx-2218173377 ip:192.168.157.204
2019-10-20 13:10:55,231 [Datanode State Machine Thread - 0] INFO  datanode.InitDatanodeState (InitDatanodeState.java:persistContainerDatanodeDetails(140)) - DatanodeDetails is persisted to /workdir/hadoop-ozone/integration-test/target/test-dir/MiniOzoneClusterImpl-7cb4dc35-5948-4f28-9541-652e3d9b0dcd/datanode-4/meta/datanode.id
2019-10-20 13:10:55,237 [main] INFO  volume.HddsVolume (HddsVolume.java:<init>(176)) - Creating Volume: /workdir/hadoop-ozone/integration-test/target/test-dir/MiniOzoneClusterImpl-7cb4dc35-5948-4f28-9541-652e3d9b0dcd/datanode-5/data/containers/hdds of  storage type : DISK and capacity : 1482555576320
2019-10-20 13:10:55,238 [main] INFO  volume.VolumeSet (VolumeSet.java:initializeVolumeSet(170)) - Added Volume : /workdir/hadoop-ozone/integration-test/target/test-dir/MiniOzoneClusterImpl-7cb4dc35-5948-4f28-9541-652e3d9b0dcd/datanode-5/data/containers/hdds to VolumeSet
2019-10-20 13:10:55,238 [main] INFO  volume.ThrottledAsyncChecker (ThrottledAsyncChecker.java:schedule(141)) - Scheduling a check for /workdir/hadoop-ozone/integration-test/target/test-dir/MiniOzoneClusterImpl-7cb4dc35-5948-4f28-9541-652e3d9b0dcd/datanode-5/data/containers/hdds
2019-10-20 13:10:55,238 [main] INFO  volume.HddsVolumeChecker (HddsVolumeChecker.java:checkAllVolumes(204)) - Scheduled health check for volume /workdir/hadoop-ozone/integration-test/target/test-dir/MiniOzoneClusterImpl-7cb4dc35-5948-4f28-9541-652e3d9b0dcd/datanode-5/data/containers/hdds
2019-10-20 13:10:55,252 [main] INFO  impl.RaftServerProxy (ConfUtils.java:logGet(43)) - raft.rpc.type = GRPC (default)
2019-10-20 13:10:55,252 [main] INFO  grpc.GrpcFactory (GrpcFactory.java:checkPooledByteBufAllocatorUseCacheForAllThreads(45)) - PERFORMANCE WARNING: useCacheForAllThreads is true that may cause Netty to create a lot garbage objects and, as a result, trigger GC.
	It is recommended to disable useCacheForAllThreads by setting -Dorg.apache.ratis.thirdparty.io.netty.allocator.useCacheForAllThreads=false in command line.
2019-10-20 13:10:55,252 [main] INFO  grpc.GrpcConfigKeys$Server (ConfUtils.java:logGet(43)) - raft.grpc.server.port = 0 (default)
2019-10-20 13:10:55,252 [main] INFO  server.GrpcService (ConfUtils.java:logGet(43)) - raft.grpc.message.size.max = 33570816 (custom)
2019-10-20 13:10:55,252 [main] INFO  server.RaftServerConfigKeys (ConfUtils.java:logGet(43)) - raft.server.log.appender.buffer.byte-limit = 33554432 (custom)
2019-10-20 13:10:55,252 [main] INFO  server.GrpcService (ConfUtils.java:logGet(43)) - raft.grpc.flow.control.window = 1MB (=1048576) (default)
2019-10-20 13:10:55,252 [main] INFO  server.RaftServerConfigKeys (ConfUtils.java:logGet(43)) - raft.server.rpc.request.timeout = 3000ms (default)
2019-10-20 13:10:55,253 [main] INFO  server.RaftServerConfigKeys (ConfUtils.java:logGet(43)) - raft.server.storage.dir = [/workdir/hadoop-ozone/integration-test/target/test-dir/MiniOzoneClusterImpl-7cb4dc35-5948-4f28-9541-652e3d9b0dcd/datanode-5/data/ratis] (custom)
2019-10-20 13:10:55,254 [main] INFO  hdfs.DFSUtil (DFSUtil.java:httpServerTemplateForNNAndJN(1641)) - Starting Web-server for hddsDatanode at: http://0.0.0.0:0
2019-10-20 13:10:55,255 [main] INFO  server.AuthenticationFilter (AuthenticationFilter.java:constructSecretProvider(240)) - Unable to initialize FileSignerSecretProvider, falling back to use random secrets.
2019-10-20 13:10:55,255 [main] WARN  http.HttpRequestLog (HttpRequestLog.java:getRequestLog(97)) - Jetty request log can only be enabled using Log4j
2019-10-20 13:10:55,256 [main] INFO  http.HttpServer2 (HttpServer2.java:addGlobalFilter(975)) - Added global filter 'safety' (class=org.apache.hadoop.http.HttpServer2$QuotingInputFilter)
2019-10-20 13:10:55,257 [main] INFO  http.HttpServer2 (HttpServer2.java:addFilter(948)) - Added filter static_user_filter (class=org.apache.hadoop.http.lib.StaticUserWebFilter$StaticUserFilter) to context hddsDatanode
2019-10-20 13:10:55,257 [main] INFO  http.HttpServer2 (HttpServer2.java:addFilter(958)) - Added filter static_user_filter (class=org.apache.hadoop.http.lib.StaticUserWebFilter$StaticUserFilter) to context static
2019-10-20 13:10:55,257 [main] INFO  http.HttpServer2 (HttpServer2.java:addFilter(958)) - Added filter static_user_filter (class=org.apache.hadoop.http.lib.StaticUserWebFilter$StaticUserFilter) to context logs
2019-10-20 13:10:55,257 [main] INFO  http.HttpServer2 (HttpServer2.java:bindListener(1191)) - Jetty bound to port 43824
2019-10-20 13:10:55,257 [main] INFO  server.Server (Server.java:doStart(351)) - jetty-9.3.25.v20180904, build timestamp: 2018-09-04T21:11:46Z, git hash: 3ce520221d0240229c862b122d2b06c12a625732
2019-10-20 13:10:55,259 [main] INFO  handler.ContextHandler (ContextHandler.java:doStart(781)) - Started o.e.j.s.ServletContextHandler@6eda012b{/logs,file:///workdir/hadoop-ozone/integration-test/target/log,AVAILABLE}
2019-10-20 13:10:55,259 [main] INFO  handler.ContextHandler (ContextHandler.java:doStart(781)) - Started o.e.j.s.ServletContextHandler@7d66a126{/static,jar:file:/home/user/.m2/repository/org/apache/hadoop/hadoop-hdds-container-service/0.5.0-SNAPSHOT/hadoop-hdds-container-service-0.5.0-SNAPSHOT.jar!/webapps/static,AVAILABLE}
2019-10-20 13:10:55,287 [main] INFO  handler.ContextHandler (ContextHandler.java:doStart(781)) - Started o.e.j.w.WebAppContext@55421b8d{/,file:///tmp/jetty-0.0.0.0-43824-hddsDatanode-_-any-3764336776151012105.dir/webapp/,AVAILABLE}{/hddsDatanode}
2019-10-20 13:10:55,287 [main] INFO  server.AbstractConnector (AbstractConnector.java:doStart(278)) - Started ServerConnector@24a04257{HTTP/1.1,[http/1.1]}{0.0.0.0:43824}
2019-10-20 13:10:55,287 [main] INFO  server.Server (Server.java:doStart(419)) - Started @362997ms
2019-10-20 13:10:55,288 [main] WARN  impl.MetricsSystemImpl (MetricsSystemImpl.java:register(276)) - Sink prometheus already exists!
2019-10-20 13:10:55,289 [main] INFO  server.BaseHttpServer (BaseHttpServer.java:updateConnectorAddress(215)) - HTTP server of HDDSDATANODE is listening at http://0.0.0.0:43824
2019-10-20 13:10:55,289 [main] INFO  impl.MetricsSystemImpl (MetricsSystemImpl.java:init(158)) - HddsDatanode metrics system started (again)
2019-10-20 13:10:55,297 [org.apache.hadoop.util.JvmPauseMonitor$Monitor@393142cf] INFO  util.JvmPauseMonitor (JvmPauseMonitor.java:run(188)) - Starting JVM pause monitor
2019-10-20 13:10:55,298 [main] INFO  ozone.HddsDatanodeService (HddsDatanodeService.java:start(184)) - HddsDatanodeService host:pr-hdds-2337-fjsvx-2218173377 ip:192.168.157.204
2019-10-20 13:10:55,299 [Datanode State Machine Thread - 0] INFO  datanode.InitDatanodeState (InitDatanodeState.java:persistContainerDatanodeDetails(140)) - DatanodeDetails is persisted to /workdir/hadoop-ozone/integration-test/target/test-dir/MiniOzoneClusterImpl-7cb4dc35-5948-4f28-9541-652e3d9b0dcd/datanode-5/meta/datanode.id
2019-10-20 13:10:55,304 [main] INFO  volume.HddsVolume (HddsVolume.java:<init>(176)) - Creating Volume: /workdir/hadoop-ozone/integration-test/target/test-dir/MiniOzoneClusterImpl-7cb4dc35-5948-4f28-9541-652e3d9b0dcd/datanode-6/data/containers/hdds of  storage type : DISK and capacity : 1482555576320
2019-10-20 13:10:55,305 [main] INFO  volume.VolumeSet (VolumeSet.java:initializeVolumeSet(170)) - Added Volume : /workdir/hadoop-ozone/integration-test/target/test-dir/MiniOzoneClusterImpl-7cb4dc35-5948-4f28-9541-652e3d9b0dcd/datanode-6/data/containers/hdds to VolumeSet
2019-10-20 13:10:55,305 [main] INFO  volume.ThrottledAsyncChecker (ThrottledAsyncChecker.java:schedule(141)) - Scheduling a check for /workdir/hadoop-ozone/integration-test/target/test-dir/MiniOzoneClusterImpl-7cb4dc35-5948-4f28-9541-652e3d9b0dcd/datanode-6/data/containers/hdds
2019-10-20 13:10:55,307 [main] INFO  volume.HddsVolumeChecker (HddsVolumeChecker.java:checkAllVolumes(204)) - Scheduled health check for volume /workdir/hadoop-ozone/integration-test/target/test-dir/MiniOzoneClusterImpl-7cb4dc35-5948-4f28-9541-652e3d9b0dcd/datanode-6/data/containers/hdds
2019-10-20 13:10:55,323 [main] INFO  impl.RaftServerProxy (ConfUtils.java:logGet(43)) - raft.rpc.type = GRPC (default)
2019-10-20 13:10:55,323 [main] INFO  grpc.GrpcFactory (GrpcFactory.java:checkPooledByteBufAllocatorUseCacheForAllThreads(45)) - PERFORMANCE WARNING: useCacheForAllThreads is true that may cause Netty to create a lot garbage objects and, as a result, trigger GC.
	It is recommended to disable useCacheForAllThreads by setting -Dorg.apache.ratis.thirdparty.io.netty.allocator.useCacheForAllThreads=false in command line.
2019-10-20 13:10:55,323 [main] INFO  grpc.GrpcConfigKeys$Server (ConfUtils.java:logGet(43)) - raft.grpc.server.port = 0 (default)
2019-10-20 13:10:55,323 [main] INFO  server.GrpcService (ConfUtils.java:logGet(43)) - raft.grpc.message.size.max = 33570816 (custom)
2019-10-20 13:10:55,324 [main] INFO  server.RaftServerConfigKeys (ConfUtils.java:logGet(43)) - raft.server.log.appender.buffer.byte-limit = 33554432 (custom)
2019-10-20 13:10:55,324 [main] INFO  server.GrpcService (ConfUtils.java:logGet(43)) - raft.grpc.flow.control.window = 1MB (=1048576) (default)
2019-10-20 13:10:55,324 [main] INFO  server.RaftServerConfigKeys (ConfUtils.java:logGet(43)) - raft.server.rpc.request.timeout = 3000ms (default)
2019-10-20 13:10:55,324 [main] INFO  server.RaftServerConfigKeys (ConfUtils.java:logGet(43)) - raft.server.storage.dir = [/workdir/hadoop-ozone/integration-test/target/test-dir/MiniOzoneClusterImpl-7cb4dc35-5948-4f28-9541-652e3d9b0dcd/datanode-6/data/ratis] (custom)
2019-10-20 13:10:55,326 [main] INFO  hdfs.DFSUtil (DFSUtil.java:httpServerTemplateForNNAndJN(1641)) - Starting Web-server for hddsDatanode at: http://0.0.0.0:0
2019-10-20 13:10:55,327 [main] INFO  server.AuthenticationFilter (AuthenticationFilter.java:constructSecretProvider(240)) - Unable to initialize FileSignerSecretProvider, falling back to use random secrets.
2019-10-20 13:10:55,328 [main] WARN  http.HttpRequestLog (HttpRequestLog.java:getRequestLog(97)) - Jetty request log can only be enabled using Log4j
2019-10-20 13:10:55,329 [main] INFO  http.HttpServer2 (HttpServer2.java:addGlobalFilter(975)) - Added global filter 'safety' (class=org.apache.hadoop.http.HttpServer2$QuotingInputFilter)
2019-10-20 13:10:55,330 [main] INFO  http.HttpServer2 (HttpServer2.java:addFilter(948)) - Added filter static_user_filter (class=org.apache.hadoop.http.lib.StaticUserWebFilter$StaticUserFilter) to context hddsDatanode
2019-10-20 13:10:55,330 [main] INFO  http.HttpServer2 (HttpServer2.java:addFilter(958)) - Added filter static_user_filter (class=org.apache.hadoop.http.lib.StaticUserWebFilter$StaticUserFilter) to context static
2019-10-20 13:10:55,330 [main] INFO  http.HttpServer2 (HttpServer2.java:addFilter(958)) - Added filter static_user_filter (class=org.apache.hadoop.http.lib.StaticUserWebFilter$StaticUserFilter) to context logs
2019-10-20 13:10:55,331 [main] INFO  http.HttpServer2 (HttpServer2.java:bindListener(1191)) - Jetty bound to port 41576
2019-10-20 13:10:55,331 [main] INFO  server.Server (Server.java:doStart(351)) - jetty-9.3.25.v20180904, build timestamp: 2018-09-04T21:11:46Z, git hash: 3ce520221d0240229c862b122d2b06c12a625732
2019-10-20 13:10:55,333 [main] INFO  handler.ContextHandler (ContextHandler.java:doStart(781)) - Started o.e.j.s.ServletContextHandler@4607d78b{/logs,file:///workdir/hadoop-ozone/integration-test/target/log,AVAILABLE}
2019-10-20 13:10:55,333 [main] INFO  handler.ContextHandler (ContextHandler.java:doStart(781)) - Started o.e.j.s.ServletContextHandler@22048bd6{/static,jar:file:/home/user/.m2/repository/org/apache/hadoop/hadoop-hdds-container-service/0.5.0-SNAPSHOT/hadoop-hdds-container-service-0.5.0-SNAPSHOT.jar!/webapps/static,AVAILABLE}
2019-10-20 13:10:55,355 [java.util.concurrent.ThreadPoolExecutor$Worker@21d32876[State = -1, empty queue]] WARN  server.GrpcLogAppender (GrpcLogAppender.java:timeoutAppendRequest(209)) - 05c6ae83-70fb-4a74-b57d-58753732c866@group-7D0035B4016B->a1e91a8e-501f-43ca-b84b-9165d707a051-GrpcLogAppender: appendEntries Timeout, request=05c6ae83-70fb-4a74-b57d-58753732c866->a1e91a8e-501f-43ca-b84b-9165d707a051#138-t1, previous=(t:1, i:0), leaderCommit=0, initializing? false, entries: <empty>
2019-10-20 13:10:55,371 [main] INFO  handler.ContextHandler (ContextHandler.java:doStart(781)) - Started o.e.j.w.WebAppContext@375084c9{/,file:///tmp/jetty-0.0.0.0-41576-hddsDatanode-_-any-2890667497653235062.dir/webapp/,AVAILABLE}{/hddsDatanode}
2019-10-20 13:10:55,372 [main] INFO  server.AbstractConnector (AbstractConnector.java:doStart(278)) - Started ServerConnector@bd93bc3{HTTP/1.1,[http/1.1]}{0.0.0.0:41576}
2019-10-20 13:10:55,372 [main] INFO  server.Server (Server.java:doStart(419)) - Started @363082ms
2019-10-20 13:10:55,374 [main] WARN  impl.MetricsSystemImpl (MetricsSystemImpl.java:register(276)) - Sink prometheus already exists!
2019-10-20 13:10:55,374 [main] INFO  server.BaseHttpServer (BaseHttpServer.java:updateConnectorAddress(215)) - HTTP server of HDDSDATANODE is listening at http://0.0.0.0:41576
2019-10-20 13:10:55,375 [main] INFO  impl.MetricsSystemImpl (MetricsSystemImpl.java:init(158)) - HddsDatanode metrics system started (again)
2019-10-20 13:10:55,385 [org.apache.hadoop.util.JvmPauseMonitor$Monitor@499e0a50] INFO  util.JvmPauseMonitor (JvmPauseMonitor.java:run(188)) - Starting JVM pause monitor
2019-10-20 13:10:55,385 [main] INFO  ozone.HddsDatanodeService (HddsDatanodeService.java:start(184)) - HddsDatanodeService host:pr-hdds-2337-fjsvx-2218173377 ip:192.168.157.204
2019-10-20 13:10:55,386 [Datanode State Machine Thread - 0] INFO  datanode.InitDatanodeState (InitDatanodeState.java:persistContainerDatanodeDetails(140)) - DatanodeDetails is persisted to /workdir/hadoop-ozone/integration-test/target/test-dir/MiniOzoneClusterImpl-7cb4dc35-5948-4f28-9541-652e3d9b0dcd/datanode-6/meta/datanode.id
2019-10-20 13:10:55,393 [main] INFO  volume.HddsVolume (HddsVolume.java:<init>(176)) - Creating Volume: /workdir/hadoop-ozone/integration-test/target/test-dir/MiniOzoneClusterImpl-7cb4dc35-5948-4f28-9541-652e3d9b0dcd/datanode-7/data/containers/hdds of  storage type : DISK and capacity : 1482555576320
2019-10-20 13:10:55,393 [main] INFO  volume.VolumeSet (VolumeSet.java:initializeVolumeSet(170)) - Added Volume : /workdir/hadoop-ozone/integration-test/target/test-dir/MiniOzoneClusterImpl-7cb4dc35-5948-4f28-9541-652e3d9b0dcd/datanode-7/data/containers/hdds to VolumeSet
2019-10-20 13:10:55,393 [main] INFO  volume.ThrottledAsyncChecker (ThrottledAsyncChecker.java:schedule(141)) - Scheduling a check for /workdir/hadoop-ozone/integration-test/target/test-dir/MiniOzoneClusterImpl-7cb4dc35-5948-4f28-9541-652e3d9b0dcd/datanode-7/data/containers/hdds
2019-10-20 13:10:55,393 [main] INFO  volume.HddsVolumeChecker (HddsVolumeChecker.java:checkAllVolumes(204)) - Scheduled health check for volume /workdir/hadoop-ozone/integration-test/target/test-dir/MiniOzoneClusterImpl-7cb4dc35-5948-4f28-9541-652e3d9b0dcd/datanode-7/data/containers/hdds
2019-10-20 13:10:55,401 [java.util.concurrent.ThreadPoolExecutor$Worker@3002585e[State = -1, empty queue]] WARN  server.GrpcLogAppender (GrpcLogAppender.java:timeoutAppendRequest(209)) - 05c6ae83-70fb-4a74-b57d-58753732c866@group-7D0035B4016B->630b50bc-6518-46f5-9b15-9c1106f40dc8-GrpcLogAppender: appendEntries Timeout, request=05c6ae83-70fb-4a74-b57d-58753732c866->630b50bc-6518-46f5-9b15-9c1106f40dc8#138-t1, previous=(t:1, i:0), leaderCommit=0, initializing? false, entries: <empty>
2019-10-20 13:10:55,412 [main] INFO  impl.RaftServerProxy (ConfUtils.java:logGet(43)) - raft.rpc.type = GRPC (default)
2019-10-20 13:10:55,412 [main] INFO  grpc.GrpcFactory (GrpcFactory.java:checkPooledByteBufAllocatorUseCacheForAllThreads(45)) - PERFORMANCE WARNING: useCacheForAllThreads is true that may cause Netty to create a lot garbage objects and, as a result, trigger GC.
	It is recommended to disable useCacheForAllThreads by setting -Dorg.apache.ratis.thirdparty.io.netty.allocator.useCacheForAllThreads=false in command line.
2019-10-20 13:10:55,412 [main] INFO  grpc.GrpcConfigKeys$Server (ConfUtils.java:logGet(43)) - raft.grpc.server.port = 0 (default)
2019-10-20 13:10:55,412 [main] INFO  server.GrpcService (ConfUtils.java:logGet(43)) - raft.grpc.message.size.max = 33570816 (custom)
2019-10-20 13:10:55,413 [main] INFO  server.RaftServerConfigKeys (ConfUtils.java:logGet(43)) - raft.server.log.appender.buffer.byte-limit = 33554432 (custom)
2019-10-20 13:10:55,413 [main] INFO  server.GrpcService (ConfUtils.java:logGet(43)) - raft.grpc.flow.control.window = 1MB (=1048576) (default)
2019-10-20 13:10:55,413 [main] INFO  server.RaftServerConfigKeys (ConfUtils.java:logGet(43)) - raft.server.rpc.request.timeout = 3000ms (default)
2019-10-20 13:10:55,413 [main] INFO  server.RaftServerConfigKeys (ConfUtils.java:logGet(43)) - raft.server.storage.dir = [/workdir/hadoop-ozone/integration-test/target/test-dir/MiniOzoneClusterImpl-7cb4dc35-5948-4f28-9541-652e3d9b0dcd/datanode-7/data/ratis] (custom)
2019-10-20 13:10:55,415 [main] INFO  hdfs.DFSUtil (DFSUtil.java:httpServerTemplateForNNAndJN(1641)) - Starting Web-server for hddsDatanode at: http://0.0.0.0:0
2019-10-20 13:10:55,416 [main] INFO  server.AuthenticationFilter (AuthenticationFilter.java:constructSecretProvider(240)) - Unable to initialize FileSignerSecretProvider, falling back to use random secrets.
2019-10-20 13:10:55,416 [main] WARN  http.HttpRequestLog (HttpRequestLog.java:getRequestLog(97)) - Jetty request log can only be enabled using Log4j
2019-10-20 13:10:55,417 [main] INFO  http.HttpServer2 (HttpServer2.java:addGlobalFilter(975)) - Added global filter 'safety' (class=org.apache.hadoop.http.HttpServer2$QuotingInputFilter)
2019-10-20 13:10:55,417 [main] INFO  http.HttpServer2 (HttpServer2.java:addFilter(948)) - Added filter static_user_filter (class=org.apache.hadoop.http.lib.StaticUserWebFilter$StaticUserFilter) to context hddsDatanode
2019-10-20 13:10:55,418 [main] INFO  http.HttpServer2 (HttpServer2.java:addFilter(958)) - Added filter static_user_filter (class=org.apache.hadoop.http.lib.StaticUserWebFilter$StaticUserFilter) to context logs
2019-10-20 13:10:55,418 [main] INFO  http.HttpServer2 (HttpServer2.java:addFilter(958)) - Added filter static_user_filter (class=org.apache.hadoop.http.lib.StaticUserWebFilter$StaticUserFilter) to context static
2019-10-20 13:10:55,418 [main] INFO  http.HttpServer2 (HttpServer2.java:bindListener(1191)) - Jetty bound to port 37923
2019-10-20 13:10:55,418 [main] INFO  server.Server (Server.java:doStart(351)) - jetty-9.3.25.v20180904, build timestamp: 2018-09-04T21:11:46Z, git hash: 3ce520221d0240229c862b122d2b06c12a625732
2019-10-20 13:10:55,420 [main] INFO  handler.ContextHandler (ContextHandler.java:doStart(781)) - Started o.e.j.s.ServletContextHandler@c472300{/logs,file:///workdir/hadoop-ozone/integration-test/target/log,AVAILABLE}
2019-10-20 13:10:55,420 [main] INFO  handler.ContextHandler (ContextHandler.java:doStart(781)) - Started o.e.j.s.ServletContextHandler@6826b70f{/static,jar:file:/home/user/.m2/repository/org/apache/hadoop/hadoop-hdds-container-service/0.5.0-SNAPSHOT/hadoop-hdds-container-service-0.5.0-SNAPSHOT.jar!/webapps/static,AVAILABLE}
2019-10-20 13:10:55,449 [main] INFO  handler.ContextHandler (ContextHandler.java:doStart(781)) - Started o.e.j.w.WebAppContext@1544ded3{/,file:///tmp/jetty-0.0.0.0-37923-hddsDatanode-_-any-2469681104845164173.dir/webapp/,AVAILABLE}{/hddsDatanode}
2019-10-20 13:10:55,450 [main] INFO  server.AbstractConnector (AbstractConnector.java:doStart(278)) - Started ServerConnector@3ccb12d{HTTP/1.1,[http/1.1]}{0.0.0.0:37923}
2019-10-20 13:10:55,450 [main] INFO  server.Server (Server.java:doStart(419)) - Started @363160ms
2019-10-20 13:10:55,451 [main] WARN  impl.MetricsSystemImpl (MetricsSystemImpl.java:register(276)) - Sink prometheus already exists!
2019-10-20 13:10:55,452 [main] INFO  server.BaseHttpServer (BaseHttpServer.java:updateConnectorAddress(215)) - HTTP server of HDDSDATANODE is listening at http://0.0.0.0:37923
2019-10-20 13:10:55,452 [main] INFO  impl.MetricsSystemImpl (MetricsSystemImpl.java:init(158)) - HddsDatanode metrics system started (again)
2019-10-20 13:10:55,462 [main] INFO  ozone.HddsDatanodeService (HddsDatanodeService.java:start(184)) - HddsDatanodeService host:pr-hdds-2337-fjsvx-2218173377 ip:192.168.157.204
2019-10-20 13:10:55,462 [org.apache.hadoop.util.JvmPauseMonitor$Monitor@4e65cc45] INFO  util.JvmPauseMonitor (JvmPauseMonitor.java:run(188)) - Starting JVM pause monitor
2019-10-20 13:10:55,464 [Datanode State Machine Thread - 0] INFO  datanode.InitDatanodeState (InitDatanodeState.java:persistContainerDatanodeDetails(140)) - DatanodeDetails is persisted to /workdir/hadoop-ozone/integration-test/target/test-dir/MiniOzoneClusterImpl-7cb4dc35-5948-4f28-9541-652e3d9b0dcd/datanode-7/meta/datanode.id
2019-10-20 13:10:55,470 [main] INFO  volume.HddsVolume (HddsVolume.java:<init>(176)) - Creating Volume: /workdir/hadoop-ozone/integration-test/target/test-dir/MiniOzoneClusterImpl-7cb4dc35-5948-4f28-9541-652e3d9b0dcd/datanode-8/data/containers/hdds of  storage type : DISK and capacity : 1482555576320
2019-10-20 13:10:55,471 [main] INFO  volume.VolumeSet (VolumeSet.java:initializeVolumeSet(170)) - Added Volume : /workdir/hadoop-ozone/integration-test/target/test-dir/MiniOzoneClusterImpl-7cb4dc35-5948-4f28-9541-652e3d9b0dcd/datanode-8/data/containers/hdds to VolumeSet
2019-10-20 13:10:55,471 [main] INFO  volume.ThrottledAsyncChecker (ThrottledAsyncChecker.java:schedule(141)) - Scheduling a check for /workdir/hadoop-ozone/integration-test/target/test-dir/MiniOzoneClusterImpl-7cb4dc35-5948-4f28-9541-652e3d9b0dcd/datanode-8/data/containers/hdds
2019-10-20 13:10:55,471 [main] INFO  volume.HddsVolumeChecker (HddsVolumeChecker.java:checkAllVolumes(204)) - Scheduled health check for volume /workdir/hadoop-ozone/integration-test/target/test-dir/MiniOzoneClusterImpl-7cb4dc35-5948-4f28-9541-652e3d9b0dcd/datanode-8/data/containers/hdds
2019-10-20 13:10:55,482 [main] INFO  impl.RaftServerProxy (ConfUtils.java:logGet(43)) - raft.rpc.type = GRPC (default)
2019-10-20 13:10:55,482 [main] INFO  grpc.GrpcFactory (GrpcFactory.java:checkPooledByteBufAllocatorUseCacheForAllThreads(45)) - PERFORMANCE WARNING: useCacheForAllThreads is true that may cause Netty to create a lot garbage objects and, as a result, trigger GC.
	It is recommended to disable useCacheForAllThreads by setting -Dorg.apache.ratis.thirdparty.io.netty.allocator.useCacheForAllThreads=false in command line.
2019-10-20 13:10:55,482 [main] INFO  grpc.GrpcConfigKeys$Server (ConfUtils.java:logGet(43)) - raft.grpc.server.port = 0 (default)
2019-10-20 13:10:55,482 [main] INFO  server.GrpcService (ConfUtils.java:logGet(43)) - raft.grpc.message.size.max = 33570816 (custom)
2019-10-20 13:10:55,483 [main] INFO  server.RaftServerConfigKeys (ConfUtils.java:logGet(43)) - raft.server.log.appender.buffer.byte-limit = 33554432 (custom)
2019-10-20 13:10:55,483 [main] INFO  server.GrpcService (ConfUtils.java:logGet(43)) - raft.grpc.flow.control.window = 1MB (=1048576) (default)
2019-10-20 13:10:55,483 [main] INFO  server.RaftServerConfigKeys (ConfUtils.java:logGet(43)) - raft.server.rpc.request.timeout = 3000ms (default)
2019-10-20 13:10:55,483 [main] INFO  server.RaftServerConfigKeys (ConfUtils.java:logGet(43)) - raft.server.storage.dir = [/workdir/hadoop-ozone/integration-test/target/test-dir/MiniOzoneClusterImpl-7cb4dc35-5948-4f28-9541-652e3d9b0dcd/datanode-8/data/ratis] (custom)
2019-10-20 13:10:55,484 [main] INFO  hdfs.DFSUtil (DFSUtil.java:httpServerTemplateForNNAndJN(1641)) - Starting Web-server for hddsDatanode at: http://0.0.0.0:0
2019-10-20 13:10:55,485 [main] INFO  server.AuthenticationFilter (AuthenticationFilter.java:constructSecretProvider(240)) - Unable to initialize FileSignerSecretProvider, falling back to use random secrets.
2019-10-20 13:10:55,485 [main] WARN  http.HttpRequestLog (HttpRequestLog.java:getRequestLog(97)) - Jetty request log can only be enabled using Log4j
2019-10-20 13:10:55,486 [main] INFO  http.HttpServer2 (HttpServer2.java:addGlobalFilter(975)) - Added global filter 'safety' (class=org.apache.hadoop.http.HttpServer2$QuotingInputFilter)
2019-10-20 13:10:55,487 [main] INFO  http.HttpServer2 (HttpServer2.java:addFilter(948)) - Added filter static_user_filter (class=org.apache.hadoop.http.lib.StaticUserWebFilter$StaticUserFilter) to context hddsDatanode
2019-10-20 13:10:55,487 [main] INFO  http.HttpServer2 (HttpServer2.java:addFilter(958)) - Added filter static_user_filter (class=org.apache.hadoop.http.lib.StaticUserWebFilter$StaticUserFilter) to context static
2019-10-20 13:10:55,487 [main] INFO  http.HttpServer2 (HttpServer2.java:addFilter(958)) - Added filter static_user_filter (class=org.apache.hadoop.http.lib.StaticUserWebFilter$StaticUserFilter) to context logs
2019-10-20 13:10:55,487 [main] INFO  http.HttpServer2 (HttpServer2.java:bindListener(1191)) - Jetty bound to port 40521
2019-10-20 13:10:55,488 [main] INFO  server.Server (Server.java:doStart(351)) - jetty-9.3.25.v20180904, build timestamp: 2018-09-04T21:11:46Z, git hash: 3ce520221d0240229c862b122d2b06c12a625732
2019-10-20 13:10:55,489 [main] INFO  handler.ContextHandler (ContextHandler.java:doStart(781)) - Started o.e.j.s.ServletContextHandler@3181d4de{/logs,file:///workdir/hadoop-ozone/integration-test/target/log,AVAILABLE}
2019-10-20 13:10:55,489 [main] INFO  handler.ContextHandler (ContextHandler.java:doStart(781)) - Started o.e.j.s.ServletContextHandler@639c7f9c{/static,jar:file:/home/user/.m2/repository/org/apache/hadoop/hadoop-hdds-container-service/0.5.0-SNAPSHOT/hadoop-hdds-container-service-0.5.0-SNAPSHOT.jar!/webapps/static,AVAILABLE}
2019-10-20 13:10:55,517 [main] INFO  handler.ContextHandler (ContextHandler.java:doStart(781)) - Started o.e.j.w.WebAppContext@28e7bb31{/,file:///tmp/jetty-0.0.0.0-40521-hddsDatanode-_-any-3197279611370063414.dir/webapp/,AVAILABLE}{/hddsDatanode}
2019-10-20 13:10:55,517 [main] INFO  server.AbstractConnector (AbstractConnector.java:doStart(278)) - Started ServerConnector@6fe04f2a{HTTP/1.1,[http/1.1]}{0.0.0.0:40521}
2019-10-20 13:10:55,517 [main] INFO  server.Server (Server.java:doStart(419)) - Started @363227ms
2019-10-20 13:10:55,519 [main] WARN  impl.MetricsSystemImpl (MetricsSystemImpl.java:register(276)) - Sink prometheus already exists!
2019-10-20 13:10:55,520 [main] INFO  server.BaseHttpServer (BaseHttpServer.java:updateConnectorAddress(215)) - HTTP server of HDDSDATANODE is listening at http://0.0.0.0:40521
2019-10-20 13:10:55,520 [main] INFO  impl.MetricsSystemImpl (MetricsSystemImpl.java:init(158)) - HddsDatanode metrics system started (again)
2019-10-20 13:10:55,531 [main] INFO  ozone.HddsDatanodeService (HddsDatanodeService.java:start(184)) - HddsDatanodeService host:pr-hdds-2337-fjsvx-2218173377 ip:192.168.157.204
2019-10-20 13:10:55,531 [org.apache.hadoop.util.JvmPauseMonitor$Monitor@20ef273] INFO  util.JvmPauseMonitor (JvmPauseMonitor.java:run(188)) - Starting JVM pause monitor
2019-10-20 13:10:55,532 [Datanode State Machine Thread - 0] INFO  datanode.InitDatanodeState (InitDatanodeState.java:persistContainerDatanodeDetails(140)) - DatanodeDetails is persisted to /workdir/hadoop-ozone/integration-test/target/test-dir/MiniOzoneClusterImpl-7cb4dc35-5948-4f28-9541-652e3d9b0dcd/datanode-8/meta/datanode.id
2019-10-20 13:10:55,538 [main] INFO  volume.HddsVolume (HddsVolume.java:<init>(176)) - Creating Volume: /workdir/hadoop-ozone/integration-test/target/test-dir/MiniOzoneClusterImpl-7cb4dc35-5948-4f28-9541-652e3d9b0dcd/datanode-9/data/containers/hdds of  storage type : DISK and capacity : 1482555576320
2019-10-20 13:10:55,538 [main] INFO  volume.VolumeSet (VolumeSet.java:initializeVolumeSet(170)) - Added Volume : /workdir/hadoop-ozone/integration-test/target/test-dir/MiniOzoneClusterImpl-7cb4dc35-5948-4f28-9541-652e3d9b0dcd/datanode-9/data/containers/hdds to VolumeSet
2019-10-20 13:10:55,539 [main] INFO  volume.ThrottledAsyncChecker (ThrottledAsyncChecker.java:schedule(141)) - Scheduling a check for /workdir/hadoop-ozone/integration-test/target/test-dir/MiniOzoneClusterImpl-7cb4dc35-5948-4f28-9541-652e3d9b0dcd/datanode-9/data/containers/hdds
2019-10-20 13:10:55,539 [main] INFO  volume.HddsVolumeChecker (HddsVolumeChecker.java:checkAllVolumes(204)) - Scheduled health check for volume /workdir/hadoop-ozone/integration-test/target/test-dir/MiniOzoneClusterImpl-7cb4dc35-5948-4f28-9541-652e3d9b0dcd/datanode-9/data/containers/hdds
2019-10-20 13:10:55,551 [main] INFO  impl.RaftServerProxy (ConfUtils.java:logGet(43)) - raft.rpc.type = GRPC (default)
2019-10-20 13:10:55,551 [main] INFO  grpc.GrpcFactory (GrpcFactory.java:checkPooledByteBufAllocatorUseCacheForAllThreads(45)) - PERFORMANCE WARNING: useCacheForAllThreads is true that may cause Netty to create a lot garbage objects and, as a result, trigger GC.
	It is recommended to disable useCacheForAllThreads by setting -Dorg.apache.ratis.thirdparty.io.netty.allocator.useCacheForAllThreads=false in command line.
2019-10-20 13:10:55,551 [main] INFO  grpc.GrpcConfigKeys$Server (ConfUtils.java:logGet(43)) - raft.grpc.server.port = 0 (default)
2019-10-20 13:10:55,551 [main] INFO  server.GrpcService (ConfUtils.java:logGet(43)) - raft.grpc.message.size.max = 33570816 (custom)
2019-10-20 13:10:55,551 [main] INFO  server.RaftServerConfigKeys (ConfUtils.java:logGet(43)) - raft.server.log.appender.buffer.byte-limit = 33554432 (custom)
2019-10-20 13:10:55,551 [main] INFO  server.GrpcService (ConfUtils.java:logGet(43)) - raft.grpc.flow.control.window = 1MB (=1048576) (default)
2019-10-20 13:10:55,552 [main] INFO  server.RaftServerConfigKeys (ConfUtils.java:logGet(43)) - raft.server.rpc.request.timeout = 3000ms (default)
2019-10-20 13:10:55,552 [main] INFO  server.RaftServerConfigKeys (ConfUtils.java:logGet(43)) - raft.server.storage.dir = [/workdir/hadoop-ozone/integration-test/target/test-dir/MiniOzoneClusterImpl-7cb4dc35-5948-4f28-9541-652e3d9b0dcd/datanode-9/data/ratis] (custom)
2019-10-20 13:10:55,553 [main] INFO  hdfs.DFSUtil (DFSUtil.java:httpServerTemplateForNNAndJN(1641)) - Starting Web-server for hddsDatanode at: http://0.0.0.0:0
2019-10-20 13:10:55,554 [main] INFO  server.AuthenticationFilter (AuthenticationFilter.java:constructSecretProvider(240)) - Unable to initialize FileSignerSecretProvider, falling back to use random secrets.
2019-10-20 13:10:55,554 [main] WARN  http.HttpRequestLog (HttpRequestLog.java:getRequestLog(97)) - Jetty request log can only be enabled using Log4j
2019-10-20 13:10:55,556 [main] INFO  http.HttpServer2 (HttpServer2.java:addGlobalFilter(975)) - Added global filter 'safety' (class=org.apache.hadoop.http.HttpServer2$QuotingInputFilter)
2019-10-20 13:10:55,556 [main] INFO  http.HttpServer2 (HttpServer2.java:addFilter(948)) - Added filter static_user_filter (class=org.apache.hadoop.http.lib.StaticUserWebFilter$StaticUserFilter) to context hddsDatanode
2019-10-20 13:10:55,556 [main] INFO  http.HttpServer2 (HttpServer2.java:addFilter(958)) - Added filter static_user_filter (class=org.apache.hadoop.http.lib.StaticUserWebFilter$StaticUserFilter) to context logs
2019-10-20 13:10:55,557 [main] INFO  http.HttpServer2 (HttpServer2.java:addFilter(958)) - Added filter static_user_filter (class=org.apache.hadoop.http.lib.StaticUserWebFilter$StaticUserFilter) to context static
2019-10-20 13:10:55,557 [main] INFO  http.HttpServer2 (HttpServer2.java:bindListener(1191)) - Jetty bound to port 43317
2019-10-20 13:10:55,557 [main] INFO  server.Server (Server.java:doStart(351)) - jetty-9.3.25.v20180904, build timestamp: 2018-09-04T21:11:46Z, git hash: 3ce520221d0240229c862b122d2b06c12a625732
2019-10-20 13:10:55,559 [main] INFO  handler.ContextHandler (ContextHandler.java:doStart(781)) - Started o.e.j.s.ServletContextHandler@6fb22ae3{/logs,file:///workdir/hadoop-ozone/integration-test/target/log,AVAILABLE}
2019-10-20 13:10:55,559 [main] INFO  handler.ContextHandler (ContextHandler.java:doStart(781)) - Started o.e.j.s.ServletContextHandler@69a373fd{/static,jar:file:/home/user/.m2/repository/org/apache/hadoop/hadoop-hdds-container-service/0.5.0-SNAPSHOT/hadoop-hdds-container-service-0.5.0-SNAPSHOT.jar!/webapps/static,AVAILABLE}
2019-10-20 13:10:55,589 [main] INFO  handler.ContextHandler (ContextHandler.java:doStart(781)) - Started o.e.j.w.WebAppContext@4217bce6{/,file:///tmp/jetty-0.0.0.0-43317-hddsDatanode-_-any-8553102053816382275.dir/webapp/,AVAILABLE}{/hddsDatanode}
2019-10-20 13:10:55,590 [main] INFO  server.AbstractConnector (AbstractConnector.java:doStart(278)) - Started ServerConnector@aa752bb{HTTP/1.1,[http/1.1]}{0.0.0.0:43317}
2019-10-20 13:10:55,590 [main] INFO  server.Server (Server.java:doStart(419)) - Started @363300ms
2019-10-20 13:10:55,592 [main] WARN  impl.MetricsSystemImpl (MetricsSystemImpl.java:register(276)) - Sink prometheus already exists!
2019-10-20 13:10:55,593 [main] INFO  server.BaseHttpServer (BaseHttpServer.java:updateConnectorAddress(215)) - HTTP server of HDDSDATANODE is listening at http://0.0.0.0:43317
2019-10-20 13:10:55,593 [main] INFO  ozone.MiniOzoneClusterImpl (MiniOzoneClusterImpl.java:lambda$waitForClusterToBeReady$0(147)) - Waiting for cluster to be ready. Got 0 of 10 DN Heartbeats.
2019-10-20 13:10:55,594 [org.apache.hadoop.util.JvmPauseMonitor$Monitor@5ed459f5] INFO  util.JvmPauseMonitor (JvmPauseMonitor.java:run(188)) - Starting JVM pause monitor
2019-10-20 13:10:55,595 [Datanode State Machine Thread - 0] INFO  datanode.InitDatanodeState (InitDatanodeState.java:persistContainerDatanodeDetails(140)) - DatanodeDetails is persisted to /workdir/hadoop-ozone/integration-test/target/test-dir/MiniOzoneClusterImpl-7cb4dc35-5948-4f28-9541-652e3d9b0dcd/datanode-9/meta/datanode.id
2019-10-20 13:10:55,855 [java.util.concurrent.ThreadPoolExecutor$Worker@21d32876[State = -1, empty queue]] WARN  server.GrpcLogAppender (GrpcLogAppender.java:timeoutAppendRequest(209)) - 05c6ae83-70fb-4a74-b57d-58753732c866@group-7D0035B4016B->a1e91a8e-501f-43ca-b84b-9165d707a051-GrpcLogAppender: appendEntries Timeout, request=05c6ae83-70fb-4a74-b57d-58753732c866->a1e91a8e-501f-43ca-b84b-9165d707a051#139-t1, previous=(t:1, i:0), leaderCommit=0, initializing? false, entries: <empty>
2019-10-20 13:10:55,897 [java.util.concurrent.ThreadPoolExecutor$Worker@3002585e[State = -1, empty queue]] WARN  server.GrpcLogAppender (GrpcLogAppender.java:timeoutAppendRequest(209)) - 05c6ae83-70fb-4a74-b57d-58753732c866@group-7D0035B4016B->630b50bc-6518-46f5-9b15-9c1106f40dc8-GrpcLogAppender: appendEntries Timeout, request=05c6ae83-70fb-4a74-b57d-58753732c866->630b50bc-6518-46f5-9b15-9c1106f40dc8#139-t1, previous=(t:1, i:0), leaderCommit=0, initializing? false, entries: <empty>
2019-10-20 13:10:56,594 [main] INFO  ozone.MiniOzoneClusterImpl (MiniOzoneClusterImpl.java:lambda$waitForClusterToBeReady$0(147)) - Waiting for cluster to be ready. Got 0 of 10 DN Heartbeats.
2019-10-20 13:10:57,003 [Datanode State Machine Thread - 0] INFO  ozoneimpl.OzoneContainer (OzoneContainer.java:start(213)) - Attempting to start container services.
2019-10-20 13:10:57,003 [Datanode State Machine Thread - 0] INFO  ozoneimpl.OzoneContainer (OzoneContainer.java:startContainerScrub(177)) - Background container scanner has been disabled.
2019-10-20 13:10:57,003 [Datanode State Machine Thread - 0] INFO  ratis.XceiverServerRatis (XceiverServerRatis.java:start(418)) - Starting XceiverServerRatis fdf19479-69c2-4639-b68c-6adde78ca28a at port 0
2019-10-20 13:10:57,010 [Datanode State Machine Thread - 0] INFO  impl.RaftServerProxy (RaftServerProxy.java:lambda$start$3(299)) - fdf19479-69c2-4639-b68c-6adde78ca28a: start RPC server
2019-10-20 13:10:57,012 [Datanode State Machine Thread - 0] INFO  server.GrpcService (GrpcService.java:startImpl(158)) - fdf19479-69c2-4639-b68c-6adde78ca28a: GrpcService started, listening on 0.0.0.0/0.0.0.0:42858
2019-10-20 13:10:57,012 [Datanode State Machine Thread - 0] INFO  ratis.XceiverServerRatis (XceiverServerRatis.java:start(428)) - XceiverServerRatis fdf19479-69c2-4639-b68c-6adde78ca28a is started using port 42858
2019-10-20 13:10:57,014 [Datanode State Machine Thread - 0] INFO  server.XceiverServerGrpc (XceiverServerGrpc.java:start(149)) - XceiverServerGrpc fdf19479-69c2-4639-b68c-6adde78ca28a is started using port 37065
2019-10-20 13:10:57,049 [Datanode State Machine Thread - 0] INFO  ozoneimpl.OzoneContainer (OzoneContainer.java:start(213)) - Attempting to start container services.
2019-10-20 13:10:57,049 [Datanode State Machine Thread - 0] INFO  ozoneimpl.OzoneContainer (OzoneContainer.java:startContainerScrub(177)) - Background container scanner has been disabled.
2019-10-20 13:10:57,049 [Datanode State Machine Thread - 0] INFO  ratis.XceiverServerRatis (XceiverServerRatis.java:start(418)) - Starting XceiverServerRatis 57d97a36-4998-4a67-afe7-2be16a9f25e7 at port 0
2019-10-20 13:10:57,056 [Datanode State Machine Thread - 0] INFO  impl.RaftServerProxy (RaftServerProxy.java:lambda$start$3(299)) - 57d97a36-4998-4a67-afe7-2be16a9f25e7: start RPC server
2019-10-20 13:10:57,059 [Datanode State Machine Thread - 0] INFO  server.GrpcService (GrpcService.java:startImpl(158)) - 57d97a36-4998-4a67-afe7-2be16a9f25e7: GrpcService started, listening on 0.0.0.0/0.0.0.0:44478
2019-10-20 13:10:57,059 [Datanode State Machine Thread - 0] INFO  ratis.XceiverServerRatis (XceiverServerRatis.java:start(428)) - XceiverServerRatis 57d97a36-4998-4a67-afe7-2be16a9f25e7 is started using port 44478
2019-10-20 13:10:57,061 [Datanode State Machine Thread - 0] INFO  server.XceiverServerGrpc (XceiverServerGrpc.java:start(149)) - XceiverServerGrpc 57d97a36-4998-4a67-afe7-2be16a9f25e7 is started using port 36800
2019-10-20 13:10:57,112 [Datanode State Machine Thread - 0] INFO  ozoneimpl.OzoneContainer (OzoneContainer.java:start(213)) - Attempting to start container services.
2019-10-20 13:10:57,113 [Datanode State Machine Thread - 0] INFO  ozoneimpl.OzoneContainer (OzoneContainer.java:startContainerScrub(177)) - Background container scanner has been disabled.
2019-10-20 13:10:57,113 [Datanode State Machine Thread - 0] INFO  ratis.XceiverServerRatis (XceiverServerRatis.java:start(418)) - Starting XceiverServerRatis 1ac0a8d4-e534-43ce-83b1-426d47a3040d at port 0
2019-10-20 13:10:57,120 [Datanode State Machine Thread - 0] INFO  impl.RaftServerProxy (RaftServerProxy.java:lambda$start$3(299)) - 1ac0a8d4-e534-43ce-83b1-426d47a3040d: start RPC server
2019-10-20 13:10:57,120 [Datanode State Machine Thread - 0] INFO  server.GrpcService (GrpcService.java:startImpl(158)) - 1ac0a8d4-e534-43ce-83b1-426d47a3040d: GrpcService started, listening on 0.0.0.0/0.0.0.0:32953
2019-10-20 13:10:57,120 [Datanode State Machine Thread - 0] INFO  ratis.XceiverServerRatis (XceiverServerRatis.java:start(428)) - XceiverServerRatis 1ac0a8d4-e534-43ce-83b1-426d47a3040d is started using port 32953
2019-10-20 13:10:57,128 [Datanode State Machine Thread - 0] INFO  server.XceiverServerGrpc (XceiverServerGrpc.java:start(149)) - XceiverServerGrpc 1ac0a8d4-e534-43ce-83b1-426d47a3040d is started using port 37429
2019-10-20 13:10:57,171 [Datanode State Machine Thread - 0] INFO  ozoneimpl.OzoneContainer (OzoneContainer.java:start(213)) - Attempting to start container services.
2019-10-20 13:10:57,171 [Datanode State Machine Thread - 0] INFO  ozoneimpl.OzoneContainer (OzoneContainer.java:startContainerScrub(177)) - Background container scanner has been disabled.
2019-10-20 13:10:57,171 [Datanode State Machine Thread - 0] INFO  ratis.XceiverServerRatis (XceiverServerRatis.java:start(418)) - Starting XceiverServerRatis 7660b851-9671-46a6-9e1d-7d946f95d492 at port 0
2019-10-20 13:10:57,178 [Datanode State Machine Thread - 0] INFO  impl.RaftServerProxy (RaftServerProxy.java:lambda$start$3(299)) - 7660b851-9671-46a6-9e1d-7d946f95d492: start RPC server
2019-10-20 13:10:57,180 [Datanode State Machine Thread - 0] INFO  server.GrpcService (GrpcService.java:startImpl(158)) - 7660b851-9671-46a6-9e1d-7d946f95d492: GrpcService started, listening on 0.0.0.0/0.0.0.0:41682
2019-10-20 13:10:57,180 [Datanode State Machine Thread - 0] INFO  ratis.XceiverServerRatis (XceiverServerRatis.java:start(428)) - XceiverServerRatis 7660b851-9671-46a6-9e1d-7d946f95d492 is started using port 41682
2019-10-20 13:10:57,180 [Datanode State Machine Thread - 0] INFO  server.XceiverServerGrpc (XceiverServerGrpc.java:start(149)) - XceiverServerGrpc 7660b851-9671-46a6-9e1d-7d946f95d492 is started using port 42701
2019-10-20 13:10:57,244 [Datanode State Machine Thread - 0] INFO  ozoneimpl.OzoneContainer (OzoneContainer.java:start(213)) - Attempting to start container services.
2019-10-20 13:10:57,244 [Datanode State Machine Thread - 0] INFO  ozoneimpl.OzoneContainer (OzoneContainer.java:startContainerScrub(177)) - Background container scanner has been disabled.
2019-10-20 13:10:57,245 [Datanode State Machine Thread - 0] INFO  ratis.XceiverServerRatis (XceiverServerRatis.java:start(418)) - Starting XceiverServerRatis 0b324774-4593-4f2f-a2c4-e2cf67d32ecd at port 0
2019-10-20 13:10:57,253 [Datanode State Machine Thread - 0] INFO  impl.RaftServerProxy (RaftServerProxy.java:lambda$start$3(299)) - 0b324774-4593-4f2f-a2c4-e2cf67d32ecd: start RPC server
2019-10-20 13:10:57,253 [Datanode State Machine Thread - 0] INFO  server.GrpcService (GrpcService.java:startImpl(158)) - 0b324774-4593-4f2f-a2c4-e2cf67d32ecd: GrpcService started, listening on 0.0.0.0/0.0.0.0:41063
2019-10-20 13:10:57,254 [Datanode State Machine Thread - 0] INFO  ratis.XceiverServerRatis (XceiverServerRatis.java:start(428)) - XceiverServerRatis 0b324774-4593-4f2f-a2c4-e2cf67d32ecd is started using port 41063
2019-10-20 13:10:57,254 [Datanode State Machine Thread - 0] INFO  server.XceiverServerGrpc (XceiverServerGrpc.java:start(149)) - XceiverServerGrpc 0b324774-4593-4f2f-a2c4-e2cf67d32ecd is started using port 35557
2019-10-20 13:10:57,314 [Datanode State Machine Thread - 0] INFO  ozoneimpl.OzoneContainer (OzoneContainer.java:start(213)) - Attempting to start container services.
2019-10-20 13:10:57,314 [Datanode State Machine Thread - 0] INFO  ozoneimpl.OzoneContainer (OzoneContainer.java:startContainerScrub(177)) - Background container scanner has been disabled.
2019-10-20 13:10:57,314 [Datanode State Machine Thread - 0] INFO  ratis.XceiverServerRatis (XceiverServerRatis.java:start(418)) - Starting XceiverServerRatis d7eba74f-c3d7-492f-90de-a44c4d301567 at port 0
2019-10-20 13:10:57,321 [Datanode State Machine Thread - 0] INFO  impl.RaftServerProxy (RaftServerProxy.java:lambda$start$3(299)) - d7eba74f-c3d7-492f-90de-a44c4d301567: start RPC server
2019-10-20 13:10:57,322 [Datanode State Machine Thread - 0] INFO  server.GrpcService (GrpcService.java:startImpl(158)) - d7eba74f-c3d7-492f-90de-a44c4d301567: GrpcService started, listening on 0.0.0.0/0.0.0.0:44625
2019-10-20 13:10:57,322 [Datanode State Machine Thread - 0] INFO  ratis.XceiverServerRatis (XceiverServerRatis.java:start(428)) - XceiverServerRatis d7eba74f-c3d7-492f-90de-a44c4d301567 is started using port 44625
2019-10-20 13:10:57,323 [Datanode State Machine Thread - 0] INFO  server.XceiverServerGrpc (XceiverServerGrpc.java:start(149)) - XceiverServerGrpc d7eba74f-c3d7-492f-90de-a44c4d301567 is started using port 41953
2019-10-20 13:10:57,399 [Datanode State Machine Thread - 0] INFO  ozoneimpl.OzoneContainer (OzoneContainer.java:start(213)) - Attempting to start container services.
2019-10-20 13:10:57,399 [Datanode State Machine Thread - 0] INFO  ozoneimpl.OzoneContainer (OzoneContainer.java:startContainerScrub(177)) - Background container scanner has been disabled.
2019-10-20 13:10:57,399 [Datanode State Machine Thread - 0] INFO  ratis.XceiverServerRatis (XceiverServerRatis.java:start(418)) - Starting XceiverServerRatis 92caf199-1518-46a4-aa0d-e8059f4ddc2b at port 0
2019-10-20 13:10:57,406 [Datanode State Machine Thread - 0] INFO  impl.RaftServerProxy (RaftServerProxy.java:lambda$start$3(299)) - 92caf199-1518-46a4-aa0d-e8059f4ddc2b: start RPC server
2019-10-20 13:10:57,409 [Datanode State Machine Thread - 0] INFO  server.GrpcService (GrpcService.java:startImpl(158)) - 92caf199-1518-46a4-aa0d-e8059f4ddc2b: GrpcService started, listening on 0.0.0.0/0.0.0.0:44100
2019-10-20 13:10:57,409 [Datanode State Machine Thread - 0] INFO  ratis.XceiverServerRatis (XceiverServerRatis.java:start(428)) - XceiverServerRatis 92caf199-1518-46a4-aa0d-e8059f4ddc2b is started using port 44100
2019-10-20 13:10:57,409 [Datanode State Machine Thread - 0] INFO  server.XceiverServerGrpc (XceiverServerGrpc.java:start(149)) - XceiverServerGrpc 92caf199-1518-46a4-aa0d-e8059f4ddc2b is started using port 36250
2019-10-20 13:10:57,476 [Datanode State Machine Thread - 0] INFO  ozoneimpl.OzoneContainer (OzoneContainer.java:start(213)) - Attempting to start container services.
2019-10-20 13:10:57,476 [Datanode State Machine Thread - 0] INFO  ozoneimpl.OzoneContainer (OzoneContainer.java:startContainerScrub(177)) - Background container scanner has been disabled.
2019-10-20 13:10:57,476 [Datanode State Machine Thread - 0] INFO  ratis.XceiverServerRatis (XceiverServerRatis.java:start(418)) - Starting XceiverServerRatis 4d585c25-980a-43ef-83b7-f2d8ca21bb18 at port 0
2019-10-20 13:10:57,484 [Datanode State Machine Thread - 0] INFO  impl.RaftServerProxy (RaftServerProxy.java:lambda$start$3(299)) - 4d585c25-980a-43ef-83b7-f2d8ca21bb18: start RPC server
2019-10-20 13:10:57,485 [Datanode State Machine Thread - 0] INFO  server.GrpcService (GrpcService.java:startImpl(158)) - 4d585c25-980a-43ef-83b7-f2d8ca21bb18: GrpcService started, listening on 0.0.0.0/0.0.0.0:43287
2019-10-20 13:10:57,485 [Datanode State Machine Thread - 0] INFO  ratis.XceiverServerRatis (XceiverServerRatis.java:start(428)) - XceiverServerRatis 4d585c25-980a-43ef-83b7-f2d8ca21bb18 is started using port 43287
2019-10-20 13:10:57,485 [Datanode State Machine Thread - 0] INFO  server.XceiverServerGrpc (XceiverServerGrpc.java:start(149)) - XceiverServerGrpc 4d585c25-980a-43ef-83b7-f2d8ca21bb18 is started using port 43869
2019-10-20 13:10:57,545 [Datanode State Machine Thread - 0] INFO  ozoneimpl.OzoneContainer (OzoneContainer.java:start(213)) - Attempting to start container services.
2019-10-20 13:10:57,545 [Datanode State Machine Thread - 0] INFO  ozoneimpl.OzoneContainer (OzoneContainer.java:startContainerScrub(177)) - Background container scanner has been disabled.
2019-10-20 13:10:57,545 [Datanode State Machine Thread - 0] INFO  ratis.XceiverServerRatis (XceiverServerRatis.java:start(418)) - Starting XceiverServerRatis 384d1456-c9b4-4a07-8bc5-984a6f09f9c3 at port 0
2019-10-20 13:10:57,553 [Datanode State Machine Thread - 0] INFO  impl.RaftServerProxy (RaftServerProxy.java:lambda$start$3(299)) - 384d1456-c9b4-4a07-8bc5-984a6f09f9c3: start RPC server
2019-10-20 13:10:57,553 [Datanode State Machine Thread - 0] INFO  server.GrpcService (GrpcService.java:startImpl(158)) - 384d1456-c9b4-4a07-8bc5-984a6f09f9c3: GrpcService started, listening on 0.0.0.0/0.0.0.0:38270
2019-10-20 13:10:57,554 [Datanode State Machine Thread - 0] INFO  ratis.XceiverServerRatis (XceiverServerRatis.java:start(428)) - XceiverServerRatis 384d1456-c9b4-4a07-8bc5-984a6f09f9c3 is started using port 38270
2019-10-20 13:10:57,554 [Datanode State Machine Thread - 0] INFO  server.XceiverServerGrpc (XceiverServerGrpc.java:start(149)) - XceiverServerGrpc 384d1456-c9b4-4a07-8bc5-984a6f09f9c3 is started using port 37624
2019-10-20 13:10:57,595 [main] INFO  ozone.MiniOzoneClusterImpl (MiniOzoneClusterImpl.java:lambda$waitForClusterToBeReady$0(147)) - Waiting for cluster to be ready. Got 0 of 10 DN Heartbeats.
2019-10-20 13:10:57,608 [Datanode State Machine Thread - 0] INFO  ozoneimpl.OzoneContainer (OzoneContainer.java:start(213)) - Attempting to start container services.
2019-10-20 13:10:57,608 [Datanode State Machine Thread - 0] INFO  ozoneimpl.OzoneContainer (OzoneContainer.java:startContainerScrub(177)) - Background container scanner has been disabled.
2019-10-20 13:10:57,608 [Datanode State Machine Thread - 0] INFO  ratis.XceiverServerRatis (XceiverServerRatis.java:start(418)) - Starting XceiverServerRatis ac1ec13a-a7c4-4559-854b-f894f05d9392 at port 0
2019-10-20 13:10:57,616 [Datanode State Machine Thread - 0] INFO  impl.RaftServerProxy (RaftServerProxy.java:lambda$start$3(299)) - ac1ec13a-a7c4-4559-854b-f894f05d9392: start RPC server
2019-10-20 13:10:57,619 [Datanode State Machine Thread - 0] INFO  server.GrpcService (GrpcService.java:startImpl(158)) - ac1ec13a-a7c4-4559-854b-f894f05d9392: GrpcService started, listening on 0.0.0.0/0.0.0.0:33942
2019-10-20 13:10:57,619 [Datanode State Machine Thread - 0] INFO  ratis.XceiverServerRatis (XceiverServerRatis.java:start(428)) - XceiverServerRatis ac1ec13a-a7c4-4559-854b-f894f05d9392 is started using port 33942
2019-10-20 13:10:57,640 [Datanode State Machine Thread - 0] INFO  server.XceiverServerGrpc (XceiverServerGrpc.java:start(149)) - XceiverServerGrpc ac1ec13a-a7c4-4559-854b-f894f05d9392 is started using port 34378
2019-10-20 13:10:58,595 [main] INFO  ozone.MiniOzoneClusterImpl (MiniOzoneClusterImpl.java:lambda$waitForClusterToBeReady$0(147)) - Waiting for cluster to be ready. Got 0 of 10 DN Heartbeats.
2019-10-20 13:10:58,978 [IPC Server handler 4 on 40084] INFO  net.NetworkTopology (NetworkTopologyImpl.java:add(111)) - Added a new node: /rack1/fdf19479-69c2-4639-b68c-6adde78ca28a
2019-10-20 13:10:58,981 [IPC Server handler 4 on 40084] INFO  node.SCMNodeManager (SCMNodeManager.java:register(268)) - Registered Data node : fdf19479-69c2-4639-b68c-6adde78ca28a{ip: 192.168.157.204, host: pr-hdds-2337-fjsvx-2218173377, networkLocation: /rack1, certSerialId: null}
2019-10-20 13:10:58,982 [EventQueue-NodeRegistrationContainerReportForDataNodeSafeModeRule] INFO  safemode.SCMSafeModeManager (DataNodeSafeModeRule.java:process(71)) - SCM in safe mode. 1 DataNodes registered, 1 required.
2019-10-20 13:10:58,984 [EventQueue-NodeRegistrationContainerReportForDataNodeSafeModeRule] INFO  safemode.SCMSafeModeManager (SCMSafeModeManager.java:validateSafeModeExitRules(177)) - ScmSafeModeManager, all rules are successfully validated
2019-10-20 13:10:58,984 [EventQueue-NodeRegistrationContainerReportForDataNodeSafeModeRule] INFO  safemode.SCMSafeModeManager (SCMSafeModeManager.java:exitSafeMode(193)) - SCM exiting safe mode.
2019-10-20 13:10:59,011 [grpc-default-executor-2] INFO  impl.RaftServerProxy (RaftServerProxy.java:addNew(89)) - fdf19479-69c2-4639-b68c-6adde78ca28a: addNew group-1E3CECB5CFD8:[fdf19479-69c2-4639-b68c-6adde78ca28a:192.168.157.204:42858] returns group-1E3CECB5CFD8:java.util.concurrent.CompletableFuture@7e615563[Not completed]
2019-10-20 13:10:59,013 [pool-522-thread-1] INFO  impl.RaftServerImpl (RaftServerImpl.java:<init>(104)) - fdf19479-69c2-4639-b68c-6adde78ca28a: new RaftServerImpl for group-1E3CECB5CFD8:[fdf19479-69c2-4639-b68c-6adde78ca28a:192.168.157.204:42858] with ContainerStateMachine:uninitialized
2019-10-20 13:10:59,013 [pool-522-thread-1] INFO  server.RaftServerConfigKeys (ConfUtils.java:logGet(43)) - raft.server.rpc.timeout.min = 1s (custom)
2019-10-20 13:10:59,013 [pool-522-thread-1] INFO  server.RaftServerConfigKeys (ConfUtils.java:logGet(43)) - raft.server.rpc.timeout.max = 1200ms (custom)
2019-10-20 13:10:59,014 [pool-522-thread-1] INFO  server.RaftServerConfigKeys (ConfUtils.java:logGet(43)) - raft.server.rpcslowness.timeout = 120s (custom)
2019-10-20 13:10:59,014 [pool-522-thread-1] INFO  server.RaftServerConfigKeys (ConfUtils.java:logGet(43)) - raft.server.sleep.deviation.threshold = 300 (default)
2019-10-20 13:10:59,014 [pool-522-thread-1] INFO  server.RaftServerConfigKeys (ConfUtils.java:logGet(43)) - raft.server.log.appender.install.snapshot.enabled = false (custom)
2019-10-20 13:10:59,014 [pool-522-thread-1] INFO  impl.RaftServerImpl (ServerState.java:<init>(103)) - fdf19479-69c2-4639-b68c-6adde78ca28a@group-1E3CECB5CFD8: ConfigurationManager, init=-1: [fdf19479-69c2-4639-b68c-6adde78ca28a:192.168.157.204:42858], old=null, confs=<EMPTY_MAP>
2019-10-20 13:10:59,014 [pool-522-thread-1] INFO  server.RaftServerConfigKeys (ConfUtils.java:logGet(43)) - raft.server.storage.dir = [/workdir/hadoop-ozone/integration-test/target/test-dir/MiniOzoneClusterImpl-7cb4dc35-5948-4f28-9541-652e3d9b0dcd/datanode-0/data/ratis] (custom)
2019-10-20 13:10:59,015 [pool-522-thread-1] INFO  server.RaftServerConfigKeys (ConfUtils.java:logGet(43)) - raft.server.log.corruption.policy = EXCEPTION (default)
2019-10-20 13:10:59,015 [pool-522-thread-1] INFO  storage.RaftStorageDirectory (RaftStorageDirectory.java:analyzeStorage(246)) - The storage directory /workdir/hadoop-ozone/integration-test/target/test-dir/MiniOzoneClusterImpl-7cb4dc35-5948-4f28-9541-652e3d9b0dcd/datanode-0/data/ratis/8a3aa833-a0fb-425a-a053-1e3cecb5cfd8 does not exist. Creating ...
2019-10-20 13:10:59,029 [pool-522-thread-1] INFO  storage.RaftStorageDirectory (RaftStorageDirectory.java:tryLock(328)) - Lock on /workdir/hadoop-ozone/integration-test/target/test-dir/MiniOzoneClusterImpl-7cb4dc35-5948-4f28-9541-652e3d9b0dcd/datanode-0/data/ratis/8a3aa833-a0fb-425a-a053-1e3cecb5cfd8/in_use.lock acquired by nodename 20633@pr-hdds-2337-fjsvx-2218173377
2019-10-20 13:10:59,033 [IPC Server handler 5 on 40084] INFO  net.NetworkTopology (NetworkTopologyImpl.java:add(111)) - Added a new node: /rack1/57d97a36-4998-4a67-afe7-2be16a9f25e7
2019-10-20 13:10:59,034 [IPC Server handler 5 on 40084] INFO  node.SCMNodeManager (SCMNodeManager.java:register(268)) - Registered Data node : 57d97a36-4998-4a67-afe7-2be16a9f25e7{ip: 192.168.157.204, host: pr-hdds-2337-fjsvx-2218173377, networkLocation: /rack1, certSerialId: null}
2019-10-20 13:10:59,042 [pool-522-thread-1] INFO  storage.RaftStorage (RaftStorage.java:format(84)) - Storage directory /workdir/hadoop-ozone/integration-test/target/test-dir/MiniOzoneClusterImpl-7cb4dc35-5948-4f28-9541-652e3d9b0dcd/datanode-0/data/ratis/8a3aa833-a0fb-425a-a053-1e3cecb5cfd8 has been successfully formatted.
2019-10-20 13:10:59,042 [pool-522-thread-1] INFO  ratis.ContainerStateMachine (ContainerStateMachine.java:loadSnapshot(231)) - group-1E3CECB5CFD8: The snapshot info is null. Setting the last applied indexto:(t:0, i:~)
2019-10-20 13:10:59,043 [pool-522-thread-1] INFO  server.RaftServerConfigKeys (ConfUtils.java:logGet(43)) - raft.server.notification.no-leader.timeout = 120s (custom)
2019-10-20 13:10:59,043 [pool-522-thread-1] INFO  server.RaftServerConfigKeys (ConfUtils.java:logGet(43)) - raft.server.log.use.memory = false (default)
2019-10-20 13:10:59,043 [pool-522-thread-1] INFO  server.RaftServerConfigKeys (ConfUtils.java:logGet(43)) - raft.server.log.purge.gap = 1000000 (custom)
2019-10-20 13:10:59,043 [pool-522-thread-1] INFO  server.RaftServerConfigKeys (ConfUtils.java:logGet(43)) - raft.server.log.appender.buffer.byte-limit = 33554432 (custom)
2019-10-20 13:10:59,043 [pool-522-thread-1] INFO  server.RaftServerConfigKeys (ConfUtils.java:logGet(43)) - raft.server.log.segment.size.max = 1048576 (custom)
2019-10-20 13:10:59,045 [pool-522-thread-1] INFO  server.RaftServerConfigKeys (ConfUtils.java:logGet(43)) - raft.server.log.segment.cache.num.max = 2 (custom)
2019-10-20 13:10:59,045 [pool-522-thread-1] INFO  segmented.SegmentedRaftLogWorker (SegmentedRaftLogWorker.java:<init>(173)) - new fdf19479-69c2-4639-b68c-6adde78ca28a@group-1E3CECB5CFD8-SegmentedRaftLogWorker for RaftStorage:Storage Directory /workdir/hadoop-ozone/integration-test/target/test-dir/MiniOzoneClusterImpl-7cb4dc35-5948-4f28-9541-652e3d9b0dcd/datanode-0/data/ratis/8a3aa833-a0fb-425a-a053-1e3cecb5cfd8
2019-10-20 13:10:59,045 [pool-522-thread-1] INFO  server.RaftServerConfigKeys (ConfUtils.java:logGet(43)) - raft.server.log.queue.byte-limit = 2147483647 (custom)
2019-10-20 13:10:59,045 [pool-522-thread-1] INFO  server.RaftServerConfigKeys (ConfUtils.java:logGet(43)) - raft.server.log.queue.element-limit = 1024 (custom)
2019-10-20 13:10:59,045 [pool-522-thread-1] INFO  server.RaftServerConfigKeys (ConfUtils.java:logGet(43)) - raft.server.log.segment.size.max = 1048576 (custom)
2019-10-20 13:10:59,045 [pool-522-thread-1] INFO  server.RaftServerConfigKeys (ConfUtils.java:logGet(43)) - raft.server.log.preallocated.size = 16384 (custom)
2019-10-20 13:10:59,045 [pool-522-thread-1] INFO  server.RaftServerConfigKeys (ConfUtils.java:logGet(43)) - raft.server.log.write.buffer.size = 33554432 (custom)
2019-10-20 13:10:59,045 [pool-522-thread-1] INFO  server.RaftServerConfigKeys (ConfUtils.java:logGet(43)) - raft.server.log.force.sync.num = 128 (default)
2019-10-20 13:10:59,045 [pool-522-thread-1] INFO  server.RaftServerConfigKeys (ConfUtils.java:logGet(43)) - raft.server.log.statemachine.data.sync = true (default)
2019-10-20 13:10:59,045 [pool-522-thread-1] INFO  server.RaftServerConfigKeys (ConfUtils.java:logGet(43)) - raft.server.log.statemachine.data.sync.timeout = 10s (default)
2019-10-20 13:10:59,045 [pool-522-thread-1] INFO  server.RaftServerConfigKeys (ConfUtils.java:logGet(43)) - raft.server.log.statemachine.data.sync.timeout.retry = -1 (default)
2019-10-20 13:10:59,046 [pool-522-thread-1] INFO  server.RaftServerConfigKeys (ConfUtils.java:logGet(43)) - raft.server.log.statemachine.data.caching.enabled = true (custom)
2019-10-20 13:10:59,046 [pool-522-thread-1] INFO  segmented.SegmentedRaftLogWorker (SegmentedRaftLogWorker.java:lambda$new$0(128)) - fdf19479-69c2-4639-b68c-6adde78ca28a@group-1E3CECB5CFD8-SegmentedRaftLogWorker: flushIndex: setUnconditionally 0 -> -1
2019-10-20 13:10:59,046 [pool-522-thread-1] INFO  server.RaftServerConfigKeys (ConfUtils.java:logGet(43)) - raft.server.snapshot.auto.trigger.enabled = true (custom)
2019-10-20 13:10:59,046 [pool-522-thread-1] INFO  server.RaftServerConfigKeys (ConfUtils.java:logGet(43)) - raft.server.snapshot.auto.trigger.threshold = 10000 (custom)
2019-10-20 13:10:59,047 [pool-522-thread-1] INFO  server.RaftServerConfigKeys (ConfUtils.java:logGet(43)) - raft.server.snapshot.retention.file.num = 5 (custom)
2019-10-20 13:10:59,047 [pool-522-thread-1] INFO  server.RaftServerConfigKeys (ConfUtils.java:logGet(43)) - raft.server.retrycache.expirytime = 600000ms (custom)
2019-10-20 13:10:59,049 [pool-522-thread-1] INFO  impl.RaftServerImpl (RaftServerImpl.java:start(195)) - fdf19479-69c2-4639-b68c-6adde78ca28a@group-1E3CECB5CFD8: start as a follower, conf=-1: [fdf19479-69c2-4639-b68c-6adde78ca28a:192.168.157.204:42858], old=null
2019-10-20 13:10:59,049 [pool-522-thread-1] INFO  impl.RaftServerImpl (RaftServerImpl.java:setRole(184)) - fdf19479-69c2-4639-b68c-6adde78ca28a@group-1E3CECB5CFD8: changes role from      null to FOLLOWER at term 0 for startAsFollower
2019-10-20 13:10:59,049 [pool-522-thread-1] INFO  impl.RoleInfo (RoleInfo.java:updateAndGet(143)) - fdf19479-69c2-4639-b68c-6adde78ca28a: start FollowerState
2019-10-20 13:10:59,059 [pool-522-thread-1] INFO  util.JmxRegister (JmxRegister.java:tryRegister(44)) - Successfully registered JMX Bean with object name Ratis:service=RaftServer,group=group-1E3CECB5CFD8,id=fdf19479-69c2-4639-b68c-6adde78ca28a
2019-10-20 13:10:59,070 [RatisPipelineUtilsThread] INFO  pipeline.PipelineStateManager (PipelineStateManager.java:addPipeline(56)) - Created pipeline Pipeline[ Id: 8a3aa833-a0fb-425a-a053-1e3cecb5cfd8, Nodes: fdf19479-69c2-4639-b68c-6adde78ca28a{ip: 192.168.157.204, host: pr-hdds-2337-fjsvx-2218173377, networkLocation: /rack1, certSerialId: null}, Type:RATIS, Factor:ONE, State:OPEN]
2019-10-20 13:10:59,076 [grpc-default-executor-2] INFO  impl.RaftServerProxy (RaftServerProxy.java:addNew(89)) - 57d97a36-4998-4a67-afe7-2be16a9f25e7: addNew group-C8C6C6EEBED7:[57d97a36-4998-4a67-afe7-2be16a9f25e7:192.168.157.204:44478] returns group-C8C6C6EEBED7:java.util.concurrent.CompletableFuture@3a40a941[Not completed]
2019-10-20 13:10:59,077 [pool-532-thread-1] INFO  impl.RaftServerImpl (RaftServerImpl.java:<init>(104)) - 57d97a36-4998-4a67-afe7-2be16a9f25e7: new RaftServerImpl for group-C8C6C6EEBED7:[57d97a36-4998-4a67-afe7-2be16a9f25e7:192.168.157.204:44478] with ContainerStateMachine:uninitialized
2019-10-20 13:10:59,078 [pool-532-thread-1] INFO  server.RaftServerConfigKeys (ConfUtils.java:logGet(43)) - raft.server.rpc.timeout.min = 1s (custom)
2019-10-20 13:10:59,078 [pool-532-thread-1] INFO  server.RaftServerConfigKeys (ConfUtils.java:logGet(43)) - raft.server.rpc.timeout.max = 1200ms (custom)
2019-10-20 13:10:59,078 [pool-532-thread-1] INFO  server.RaftServerConfigKeys (ConfUtils.java:logGet(43)) - raft.server.rpcslowness.timeout = 120s (custom)
2019-10-20 13:10:59,078 [pool-532-thread-1] INFO  server.RaftServerConfigKeys (ConfUtils.java:logGet(43)) - raft.server.sleep.deviation.threshold = 300 (default)
2019-10-20 13:10:59,078 [pool-532-thread-1] INFO  server.RaftServerConfigKeys (ConfUtils.java:logGet(43)) - raft.server.log.appender.install.snapshot.enabled = false (custom)
2019-10-20 13:10:59,078 [pool-532-thread-1] INFO  impl.RaftServerImpl (ServerState.java:<init>(103)) - 57d97a36-4998-4a67-afe7-2be16a9f25e7@group-C8C6C6EEBED7: ConfigurationManager, init=-1: [57d97a36-4998-4a67-afe7-2be16a9f25e7:192.168.157.204:44478], old=null, confs=<EMPTY_MAP>
2019-10-20 13:10:59,078 [pool-532-thread-1] INFO  server.RaftServerConfigKeys (ConfUtils.java:logGet(43)) - raft.server.storage.dir = [/workdir/hadoop-ozone/integration-test/target/test-dir/MiniOzoneClusterImpl-7cb4dc35-5948-4f28-9541-652e3d9b0dcd/datanode-1/data/ratis] (custom)
2019-10-20 13:10:59,078 [pool-532-thread-1] INFO  server.RaftServerConfigKeys (ConfUtils.java:logGet(43)) - raft.server.log.corruption.policy = EXCEPTION (default)
2019-10-20 13:10:59,079 [pool-532-thread-1] INFO  storage.RaftStorageDirectory (RaftStorageDirectory.java:analyzeStorage(246)) - The storage directory /workdir/hadoop-ozone/integration-test/target/test-dir/MiniOzoneClusterImpl-7cb4dc35-5948-4f28-9541-652e3d9b0dcd/datanode-1/data/ratis/1a328e04-acd7-45f9-b7c4-c8c6c6eebed7 does not exist. Creating ...
2019-10-20 13:10:59,093 [pool-532-thread-1] INFO  storage.RaftStorageDirectory (RaftStorageDirectory.java:tryLock(328)) - Lock on /workdir/hadoop-ozone/integration-test/target/test-dir/MiniOzoneClusterImpl-7cb4dc35-5948-4f28-9541-652e3d9b0dcd/datanode-1/data/ratis/1a328e04-acd7-45f9-b7c4-c8c6c6eebed7/in_use.lock acquired by nodename 20633@pr-hdds-2337-fjsvx-2218173377
2019-10-20 13:10:59,099 [IPC Server handler 6 on 40084] INFO  net.NetworkTopology (NetworkTopologyImpl.java:add(111)) - Added a new node: /rack1/1ac0a8d4-e534-43ce-83b1-426d47a3040d
2019-10-20 13:10:59,099 [IPC Server handler 6 on 40084] INFO  node.SCMNodeManager (SCMNodeManager.java:register(268)) - Registered Data node : 1ac0a8d4-e534-43ce-83b1-426d47a3040d{ip: 192.168.157.204, host: pr-hdds-2337-fjsvx-2218173377, networkLocation: /rack1, certSerialId: null}
2019-10-20 13:10:59,105 [pool-532-thread-1] INFO  storage.RaftStorage (RaftStorage.java:format(84)) - Storage directory /workdir/hadoop-ozone/integration-test/target/test-dir/MiniOzoneClusterImpl-7cb4dc35-5948-4f28-9541-652e3d9b0dcd/datanode-1/data/ratis/1a328e04-acd7-45f9-b7c4-c8c6c6eebed7 has been successfully formatted.
2019-10-20 13:10:59,105 [pool-532-thread-1] INFO  ratis.ContainerStateMachine (ContainerStateMachine.java:loadSnapshot(231)) - group-C8C6C6EEBED7: The snapshot info is null. Setting the last applied indexto:(t:0, i:~)
2019-10-20 13:10:59,105 [pool-532-thread-1] INFO  server.RaftServerConfigKeys (ConfUtils.java:logGet(43)) - raft.server.notification.no-leader.timeout = 120s (custom)
2019-10-20 13:10:59,106 [pool-532-thread-1] INFO  server.RaftServerConfigKeys (ConfUtils.java:logGet(43)) - raft.server.log.use.memory = false (default)
2019-10-20 13:10:59,106 [pool-532-thread-1] INFO  server.RaftServerConfigKeys (ConfUtils.java:logGet(43)) - raft.server.log.purge.gap = 1000000 (custom)
2019-10-20 13:10:59,106 [pool-532-thread-1] INFO  server.RaftServerConfigKeys (ConfUtils.java:logGet(43)) - raft.server.log.appender.buffer.byte-limit = 33554432 (custom)
2019-10-20 13:10:59,106 [pool-532-thread-1] INFO  server.RaftServerConfigKeys (ConfUtils.java:logGet(43)) - raft.server.log.segment.size.max = 1048576 (custom)
2019-10-20 13:10:59,107 [pool-532-thread-1] INFO  server.RaftServerConfigKeys (ConfUtils.java:logGet(43)) - raft.server.log.segment.cache.num.max = 2 (custom)
2019-10-20 13:10:59,107 [pool-532-thread-1] INFO  segmented.SegmentedRaftLogWorker (SegmentedRaftLogWorker.java:<init>(173)) - new 57d97a36-4998-4a67-afe7-2be16a9f25e7@group-C8C6C6EEBED7-SegmentedRaftLogWorker for RaftStorage:Storage Directory /workdir/hadoop-ozone/integration-test/target/test-dir/MiniOzoneClusterImpl-7cb4dc35-5948-4f28-9541-652e3d9b0dcd/datanode-1/data/ratis/1a328e04-acd7-45f9-b7c4-c8c6c6eebed7
2019-10-20 13:10:59,107 [pool-532-thread-1] INFO  server.RaftServerConfigKeys (ConfUtils.java:logGet(43)) - raft.server.log.queue.byte-limit = 2147483647 (custom)
2019-10-20 13:10:59,107 [pool-532-thread-1] INFO  server.RaftServerConfigKeys (ConfUtils.java:logGet(43)) - raft.server.log.queue.element-limit = 1024 (custom)
2019-10-20 13:10:59,108 [pool-532-thread-1] INFO  server.RaftServerConfigKeys (ConfUtils.java:logGet(43)) - raft.server.log.segment.size.max = 1048576 (custom)
2019-10-20 13:10:59,108 [pool-532-thread-1] INFO  server.RaftServerConfigKeys (ConfUtils.java:logGet(43)) - raft.server.log.preallocated.size = 16384 (custom)
2019-10-20 13:10:59,108 [pool-532-thread-1] INFO  server.RaftServerConfigKeys (ConfUtils.java:logGet(43)) - raft.server.log.write.buffer.size = 33554432 (custom)
2019-10-20 13:10:59,108 [pool-532-thread-1] INFO  server.RaftServerConfigKeys (ConfUtils.java:logGet(43)) - raft.server.log.force.sync.num = 128 (default)
2019-10-20 13:10:59,108 [pool-532-thread-1] INFO  server.RaftServerConfigKeys (ConfUtils.java:logGet(43)) - raft.server.log.statemachine.data.sync = true (default)
2019-10-20 13:10:59,108 [pool-532-thread-1] INFO  server.RaftServerConfigKeys (ConfUtils.java:logGet(43)) - raft.server.log.statemachine.data.sync.timeout = 10s (default)
2019-10-20 13:10:59,108 [pool-532-thread-1] INFO  server.RaftServerConfigKeys (ConfUtils.java:logGet(43)) - raft.server.log.statemachine.data.sync.timeout.retry = -1 (default)
2019-10-20 13:10:59,108 [pool-532-thread-1] INFO  server.RaftServerConfigKeys (ConfUtils.java:logGet(43)) - raft.server.log.statemachine.data.caching.enabled = true (custom)
2019-10-20 13:10:59,108 [pool-532-thread-1] INFO  segmented.SegmentedRaftLogWorker (SegmentedRaftLogWorker.java:lambda$new$0(128)) - 57d97a36-4998-4a67-afe7-2be16a9f25e7@group-C8C6C6EEBED7-SegmentedRaftLogWorker: flushIndex: setUnconditionally 0 -> -1
2019-10-20 13:10:59,109 [pool-532-thread-1] INFO  server.RaftServerConfigKeys (ConfUtils.java:logGet(43)) - raft.server.snapshot.auto.trigger.enabled = true (custom)
2019-10-20 13:10:59,109 [pool-532-thread-1] INFO  server.RaftServerConfigKeys (ConfUtils.java:logGet(43)) - raft.server.snapshot.auto.trigger.threshold = 10000 (custom)
2019-10-20 13:10:59,109 [pool-532-thread-1] INFO  server.RaftServerConfigKeys (ConfUtils.java:logGet(43)) - raft.server.snapshot.retention.file.num = 5 (custom)
2019-10-20 13:10:59,109 [pool-532-thread-1] INFO  server.RaftServerConfigKeys (ConfUtils.java:logGet(43)) - raft.server.retrycache.expirytime = 600000ms (custom)
2019-10-20 13:10:59,111 [pool-532-thread-1] INFO  impl.RaftServerImpl (RaftServerImpl.java:start(195)) - 57d97a36-4998-4a67-afe7-2be16a9f25e7@group-C8C6C6EEBED7: start as a follower, conf=-1: [57d97a36-4998-4a67-afe7-2be16a9f25e7:192.168.157.204:44478], old=null
2019-10-20 13:10:59,111 [pool-532-thread-1] INFO  impl.RaftServerImpl (RaftServerImpl.java:setRole(184)) - 57d97a36-4998-4a67-afe7-2be16a9f25e7@group-C8C6C6EEBED7: changes role from      null to FOLLOWER at term 0 for startAsFollower
2019-10-20 13:10:59,111 [pool-532-thread-1] INFO  impl.RoleInfo (RoleInfo.java:updateAndGet(143)) - 57d97a36-4998-4a67-afe7-2be16a9f25e7: start FollowerState
2019-10-20 13:10:59,112 [pool-532-thread-1] INFO  util.JmxRegister (JmxRegister.java:tryRegister(44)) - Successfully registered JMX Bean with object name Ratis:service=RaftServer,group=group-C8C6C6EEBED7,id=57d97a36-4998-4a67-afe7-2be16a9f25e7
2019-10-20 13:10:59,115 [RatisPipelineUtilsThread] INFO  pipeline.PipelineStateManager (PipelineStateManager.java:addPipeline(56)) - Created pipeline Pipeline[ Id: 1a328e04-acd7-45f9-b7c4-c8c6c6eebed7, Nodes: 57d97a36-4998-4a67-afe7-2be16a9f25e7{ip: 192.168.157.204, host: pr-hdds-2337-fjsvx-2218173377, networkLocation: /rack1, certSerialId: null}, Type:RATIS, Factor:ONE, State:OPEN]
2019-10-20 13:10:59,121 [grpc-default-executor-2] INFO  impl.RaftServerProxy (RaftServerProxy.java:addNew(89)) - 1ac0a8d4-e534-43ce-83b1-426d47a3040d: addNew group-C3E88BA3B0E5:[1ac0a8d4-e534-43ce-83b1-426d47a3040d:192.168.157.204:32953] returns group-C3E88BA3B0E5:java.util.concurrent.CompletableFuture@1d555a8d[Not completed]
2019-10-20 13:10:59,122 [pool-542-thread-1] INFO  impl.RaftServerImpl (RaftServerImpl.java:<init>(104)) - 1ac0a8d4-e534-43ce-83b1-426d47a3040d: new RaftServerImpl for group-C3E88BA3B0E5:[1ac0a8d4-e534-43ce-83b1-426d47a3040d:192.168.157.204:32953] with ContainerStateMachine:uninitialized
2019-10-20 13:10:59,122 [pool-542-thread-1] INFO  server.RaftServerConfigKeys (ConfUtils.java:logGet(43)) - raft.server.rpc.timeout.min = 1s (custom)
2019-10-20 13:10:59,122 [pool-542-thread-1] INFO  server.RaftServerConfigKeys (ConfUtils.java:logGet(43)) - raft.server.rpc.timeout.max = 1200ms (custom)
2019-10-20 13:10:59,122 [pool-542-thread-1] INFO  server.RaftServerConfigKeys (ConfUtils.java:logGet(43)) - raft.server.rpcslowness.timeout = 120s (custom)
2019-10-20 13:10:59,122 [pool-542-thread-1] INFO  server.RaftServerConfigKeys (ConfUtils.java:logGet(43)) - raft.server.sleep.deviation.threshold = 300 (default)
2019-10-20 13:10:59,122 [pool-542-thread-1] INFO  server.RaftServerConfigKeys (ConfUtils.java:logGet(43)) - raft.server.log.appender.install.snapshot.enabled = false (custom)
2019-10-20 13:10:59,122 [pool-542-thread-1] INFO  impl.RaftServerImpl (ServerState.java:<init>(103)) - 1ac0a8d4-e534-43ce-83b1-426d47a3040d@group-C3E88BA3B0E5: ConfigurationManager, init=-1: [1ac0a8d4-e534-43ce-83b1-426d47a3040d:192.168.157.204:32953], old=null, confs=<EMPTY_MAP>
2019-10-20 13:10:59,122 [pool-542-thread-1] INFO  server.RaftServerConfigKeys (ConfUtils.java:logGet(43)) - raft.server.storage.dir = [/workdir/hadoop-ozone/integration-test/target/test-dir/MiniOzoneClusterImpl-7cb4dc35-5948-4f28-9541-652e3d9b0dcd/datanode-2/data/ratis] (custom)
2019-10-20 13:10:59,123 [pool-542-thread-1] INFO  server.RaftServerConfigKeys (ConfUtils.java:logGet(43)) - raft.server.log.corruption.policy = EXCEPTION (default)
2019-10-20 13:10:59,123 [pool-542-thread-1] INFO  storage.RaftStorageDirectory (RaftStorageDirectory.java:analyzeStorage(246)) - The storage directory /workdir/hadoop-ozone/integration-test/target/test-dir/MiniOzoneClusterImpl-7cb4dc35-5948-4f28-9541-652e3d9b0dcd/datanode-2/data/ratis/19f8daf6-e2ca-4211-9319-c3e88ba3b0e5 does not exist. Creating ...
2019-10-20 13:10:59,135 [pool-542-thread-1] INFO  storage.RaftStorageDirectory (RaftStorageDirectory.java:tryLock(328)) - Lock on /workdir/hadoop-ozone/integration-test/target/test-dir/MiniOzoneClusterImpl-7cb4dc35-5948-4f28-9541-652e3d9b0dcd/datanode-2/data/ratis/19f8daf6-e2ca-4211-9319-c3e88ba3b0e5/in_use.lock acquired by nodename 20633@pr-hdds-2337-fjsvx-2218173377
2019-10-20 13:10:59,144 [Thread-24456] INFO  impl.FollowerState (FollowerState.java:run(108)) - fdf19479-69c2-4639-b68c-6adde78ca28a@group-1E3CECB5CFD8-FollowerState: change to CANDIDATE, lastRpcTime:95ms, electionTimeout:95ms
2019-10-20 13:10:59,144 [Thread-24456] INFO  impl.RoleInfo (RoleInfo.java:shutdownFollowerState(121)) - fdf19479-69c2-4639-b68c-6adde78ca28a: shutdown FollowerState
2019-10-20 13:10:59,145 [Thread-24456] INFO  impl.RaftServerImpl (RaftServerImpl.java:setRole(184)) - fdf19479-69c2-4639-b68c-6adde78ca28a@group-1E3CECB5CFD8: changes role from  FOLLOWER to CANDIDATE at term 0 for changeToCandidate
2019-10-20 13:10:59,145 [Thread-24456] INFO  impl.RoleInfo (RoleInfo.java:updateAndGet(143)) - fdf19479-69c2-4639-b68c-6adde78ca28a: start LeaderElection
2019-10-20 13:10:59,159 [pool-542-thread-1] INFO  storage.RaftStorage (RaftStorage.java:format(84)) - Storage directory /workdir/hadoop-ozone/integration-test/target/test-dir/MiniOzoneClusterImpl-7cb4dc35-5948-4f28-9541-652e3d9b0dcd/datanode-2/data/ratis/19f8daf6-e2ca-4211-9319-c3e88ba3b0e5 has been successfully formatted.
2019-10-20 13:10:59,159 [pool-542-thread-1] INFO  ratis.ContainerStateMachine (ContainerStateMachine.java:loadSnapshot(231)) - group-C3E88BA3B0E5: The snapshot info is null. Setting the last applied indexto:(t:0, i:~)
2019-10-20 13:10:59,160 [pool-542-thread-1] INFO  server.RaftServerConfigKeys (ConfUtils.java:logGet(43)) - raft.server.notification.no-leader.timeout = 120s (custom)
2019-10-20 13:10:59,160 [pool-542-thread-1] INFO  server.RaftServerConfigKeys (ConfUtils.java:logGet(43)) - raft.server.log.use.memory = false (default)
2019-10-20 13:10:59,160 [pool-542-thread-1] INFO  server.RaftServerConfigKeys (ConfUtils.java:logGet(43)) - raft.server.log.purge.gap = 1000000 (custom)
2019-10-20 13:10:59,160 [pool-542-thread-1] INFO  server.RaftServerConfigKeys (ConfUtils.java:logGet(43)) - raft.server.log.appender.buffer.byte-limit = 33554432 (custom)
2019-10-20 13:10:59,160 [pool-542-thread-1] INFO  server.RaftServerConfigKeys (ConfUtils.java:logGet(43)) - raft.server.log.segment.size.max = 1048576 (custom)
2019-10-20 13:10:59,161 [IPC Server handler 7 on 40084] INFO  net.NetworkTopology (NetworkTopologyImpl.java:add(111)) - Added a new node: /rack1/7660b851-9671-46a6-9e1d-7d946f95d492
2019-10-20 13:10:59,161 [IPC Server handler 7 on 40084] INFO  node.SCMNodeManager (SCMNodeManager.java:register(268)) - Registered Data node : 7660b851-9671-46a6-9e1d-7d946f95d492{ip: 192.168.157.204, host: pr-hdds-2337-fjsvx-2218173377, networkLocation: /rack1, certSerialId: null}
2019-10-20 13:10:59,161 [pool-542-thread-1] INFO  server.RaftServerConfigKeys (ConfUtils.java:logGet(43)) - raft.server.log.segment.cache.num.max = 2 (custom)
2019-10-20 13:10:59,161 [pool-542-thread-1] INFO  segmented.SegmentedRaftLogWorker (SegmentedRaftLogWorker.java:<init>(173)) - new 1ac0a8d4-e534-43ce-83b1-426d47a3040d@group-C3E88BA3B0E5-SegmentedRaftLogWorker for RaftStorage:Storage Directory /workdir/hadoop-ozone/integration-test/target/test-dir/MiniOzoneClusterImpl-7cb4dc35-5948-4f28-9541-652e3d9b0dcd/datanode-2/data/ratis/19f8daf6-e2ca-4211-9319-c3e88ba3b0e5
2019-10-20 13:10:59,161 [pool-542-thread-1] INFO  server.RaftServerConfigKeys (ConfUtils.java:logGet(43)) - raft.server.log.queue.byte-limit = 2147483647 (custom)
2019-10-20 13:10:59,161 [pool-542-thread-1] INFO  server.RaftServerConfigKeys (ConfUtils.java:logGet(43)) - raft.server.log.queue.element-limit = 1024 (custom)
2019-10-20 13:10:59,161 [pool-542-thread-1] INFO  server.RaftServerConfigKeys (ConfUtils.java:logGet(43)) - raft.server.log.segment.size.max = 1048576 (custom)
2019-10-20 13:10:59,162 [pool-542-thread-1] INFO  server.RaftServerConfigKeys (ConfUtils.java:logGet(43)) - raft.server.log.preallocated.size = 16384 (custom)
2019-10-20 13:10:59,162 [pool-542-thread-1] INFO  server.RaftServerConfigKeys (ConfUtils.java:logGet(43)) - raft.server.log.write.buffer.size = 33554432 (custom)
2019-10-20 13:10:59,162 [pool-542-thread-1] INFO  server.RaftServerConfigKeys (ConfUtils.java:logGet(43)) - raft.server.log.force.sync.num = 128 (default)
2019-10-20 13:10:59,162 [pool-542-thread-1] INFO  server.RaftServerConfigKeys (ConfUtils.java:logGet(43)) - raft.server.log.statemachine.data.sync = true (default)
2019-10-20 13:10:59,162 [pool-542-thread-1] INFO  server.RaftServerConfigKeys (ConfUtils.java:logGet(43)) - raft.server.log.statemachine.data.sync.timeout = 10s (default)
2019-10-20 13:10:59,162 [pool-542-thread-1] INFO  server.RaftServerConfigKeys (ConfUtils.java:logGet(43)) - raft.server.log.statemachine.data.sync.timeout.retry = -1 (default)
2019-10-20 13:10:59,162 [pool-542-thread-1] INFO  server.RaftServerConfigKeys (ConfUtils.java:logGet(43)) - raft.server.log.statemachine.data.caching.enabled = true (custom)
2019-10-20 13:10:59,162 [pool-542-thread-1] INFO  segmented.SegmentedRaftLogWorker (SegmentedRaftLogWorker.java:lambda$new$0(128)) - 1ac0a8d4-e534-43ce-83b1-426d47a3040d@group-C3E88BA3B0E5-SegmentedRaftLogWorker: flushIndex: setUnconditionally 0 -> -1
2019-10-20 13:10:59,163 [pool-542-thread-1] INFO  server.RaftServerConfigKeys (ConfUtils.java:logGet(43)) - raft.server.snapshot.auto.trigger.enabled = true (custom)
2019-10-20 13:10:59,163 [pool-542-thread-1] INFO  server.RaftServerConfigKeys (ConfUtils.java:logGet(43)) - raft.server.snapshot.auto.trigger.threshold = 10000 (custom)
2019-10-20 13:10:59,163 [pool-542-thread-1] INFO  server.RaftServerConfigKeys (ConfUtils.java:logGet(43)) - raft.server.snapshot.retention.file.num = 5 (custom)
2019-10-20 13:10:59,163 [pool-542-thread-1] INFO  server.RaftServerConfigKeys (ConfUtils.java:logGet(43)) - raft.server.retrycache.expirytime = 600000ms (custom)
2019-10-20 13:10:59,165 [pool-542-thread-1] INFO  impl.RaftServerImpl (RaftServerImpl.java:start(195)) - 1ac0a8d4-e534-43ce-83b1-426d47a3040d@group-C3E88BA3B0E5: start as a follower, conf=-1: [1ac0a8d4-e534-43ce-83b1-426d47a3040d:192.168.157.204:32953], old=null
2019-10-20 13:10:59,165 [pool-542-thread-1] INFO  impl.RaftServerImpl (RaftServerImpl.java:setRole(184)) - 1ac0a8d4-e534-43ce-83b1-426d47a3040d@group-C3E88BA3B0E5: changes role from      null to FOLLOWER at term 0 for startAsFollower
2019-10-20 13:10:59,165 [pool-542-thread-1] INFO  impl.RoleInfo (RoleInfo.java:updateAndGet(143)) - 1ac0a8d4-e534-43ce-83b1-426d47a3040d: start FollowerState
2019-10-20 13:10:59,166 [pool-542-thread-1] INFO  util.JmxRegister (JmxRegister.java:tryRegister(44)) - Successfully registered JMX Bean with object name Ratis:service=RaftServer,group=group-C3E88BA3B0E5,id=1ac0a8d4-e534-43ce-83b1-426d47a3040d
2019-10-20 13:10:59,169 [RatisPipelineUtilsThread] INFO  pipeline.PipelineStateManager (PipelineStateManager.java:addPipeline(56)) - Created pipeline Pipeline[ Id: 19f8daf6-e2ca-4211-9319-c3e88ba3b0e5, Nodes: 1ac0a8d4-e534-43ce-83b1-426d47a3040d{ip: 192.168.157.204, host: pr-hdds-2337-fjsvx-2218173377, networkLocation: /rack1, certSerialId: null}, Type:RATIS, Factor:ONE, State:OPEN]
2019-10-20 13:10:59,172 [fdf19479-69c2-4639-b68c-6adde78ca28a@group-1E3CECB5CFD8-LeaderElection3284] INFO  impl.LeaderElection (LeaderElection.java:askForVotes(178)) - fdf19479-69c2-4639-b68c-6adde78ca28a@group-1E3CECB5CFD8-LeaderElection3284: begin an election at term 1 for -1: [fdf19479-69c2-4639-b68c-6adde78ca28a:192.168.157.204:42858], old=null
2019-10-20 13:10:59,172 [fdf19479-69c2-4639-b68c-6adde78ca28a@group-1E3CECB5CFD8-LeaderElection3284] INFO  impl.RoleInfo (RoleInfo.java:shutdownLeaderElection(134)) - fdf19479-69c2-4639-b68c-6adde78ca28a: shutdown LeaderElection
2019-10-20 13:10:59,175 [fdf19479-69c2-4639-b68c-6adde78ca28a@group-1E3CECB5CFD8-LeaderElection3284] INFO  impl.RaftServerImpl (RaftServerImpl.java:setRole(184)) - fdf19479-69c2-4639-b68c-6adde78ca28a@group-1E3CECB5CFD8: changes role from CANDIDATE to LEADER at term 1 for changeToLeader
2019-10-20 13:10:59,175 [fdf19479-69c2-4639-b68c-6adde78ca28a@group-1E3CECB5CFD8-LeaderElection3284] INFO  impl.RaftServerImpl (ServerState.java:setLeader(256)) - fdf19479-69c2-4639-b68c-6adde78ca28a@group-1E3CECB5CFD8: change Leader from null to fdf19479-69c2-4639-b68c-6adde78ca28a at term 1 for becomeLeader, leader elected after 132ms
2019-10-20 13:10:59,175 [grpc-default-executor-2] INFO  impl.RaftServerProxy (RaftServerProxy.java:addNew(89)) - 7660b851-9671-46a6-9e1d-7d946f95d492: addNew group-26065DF3717D:[7660b851-9671-46a6-9e1d-7d946f95d492:192.168.157.204:41682] returns group-26065DF3717D:java.util.concurrent.CompletableFuture@16f8bec3[Not completed]
2019-10-20 13:10:59,175 [fdf19479-69c2-4639-b68c-6adde78ca28a@group-1E3CECB5CFD8-LeaderElection3284] INFO  server.RaftServerConfigKeys (ConfUtils.java:logGet(43)) - raft.server.staging.catchup.gap = 1000 (default)
2019-10-20 13:10:59,175 [fdf19479-69c2-4639-b68c-6adde78ca28a@group-1E3CECB5CFD8-LeaderElection3284] INFO  server.RaftServerConfigKeys (ConfUtils.java:logGet(43)) - raft.server.rpc.sleep.time = 25ms (default)
2019-10-20 13:10:59,176 [fdf19479-69c2-4639-b68c-6adde78ca28a@group-1E3CECB5CFD8-LeaderElection3284] INFO  server.RaftServerConfigKeys (ConfUtils.java:logGet(43)) - raft.server.write.element-limit = 4096 (default)
2019-10-20 13:10:59,176 [fdf19479-69c2-4639-b68c-6adde78ca28a@group-1E3CECB5CFD8-LeaderElection3284] INFO  server.RaftServerConfigKeys (ConfUtils.java:logGet(43)) - raft.server.watch.timeout = 10s (default)
2019-10-20 13:10:59,176 [fdf19479-69c2-4639-b68c-6adde78ca28a@group-1E3CECB5CFD8-LeaderElection3284] INFO  server.RaftServerConfigKeys (ConfUtils.java:logGet(43)) - raft.server.watch.timeout.denomination = 1s (default)
2019-10-20 13:10:59,176 [pool-552-thread-1] INFO  impl.RaftServerImpl (RaftServerImpl.java:<init>(104)) - 7660b851-9671-46a6-9e1d-7d946f95d492: new RaftServerImpl for group-26065DF3717D:[7660b851-9671-46a6-9e1d-7d946f95d492:192.168.157.204:41682] with ContainerStateMachine:uninitialized
2019-10-20 13:10:59,176 [fdf19479-69c2-4639-b68c-6adde78ca28a@group-1E3CECB5CFD8-LeaderElection3284] INFO  server.RaftServerConfigKeys (ConfUtils.java:logGet(43)) - raft.server.watch.element-limit = 65536 (default)
2019-10-20 13:10:59,176 [pool-552-thread-1] INFO  server.RaftServerConfigKeys (ConfUtils.java:logGet(43)) - raft.server.rpc.timeout.min = 1s (custom)
2019-10-20 13:10:59,176 [pool-552-thread-1] INFO  server.RaftServerConfigKeys (ConfUtils.java:logGet(43)) - raft.server.rpc.timeout.max = 1200ms (custom)
2019-10-20 13:10:59,176 [pool-552-thread-1] INFO  server.RaftServerConfigKeys (ConfUtils.java:logGet(43)) - raft.server.rpcslowness.timeout = 120s (custom)
2019-10-20 13:10:59,176 [pool-552-thread-1] INFO  server.RaftServerConfigKeys (ConfUtils.java:logGet(43)) - raft.server.sleep.deviation.threshold = 300 (default)
2019-10-20 13:10:59,177 [pool-552-thread-1] INFO  server.RaftServerConfigKeys (ConfUtils.java:logGet(43)) - raft.server.log.appender.install.snapshot.enabled = false (custom)
2019-10-20 13:10:59,177 [pool-552-thread-1] INFO  impl.RaftServerImpl (ServerState.java:<init>(103)) - 7660b851-9671-46a6-9e1d-7d946f95d492@group-26065DF3717D: ConfigurationManager, init=-1: [7660b851-9671-46a6-9e1d-7d946f95d492:192.168.157.204:41682], old=null, confs=<EMPTY_MAP>
2019-10-20 13:10:59,177 [pool-552-thread-1] INFO  server.RaftServerConfigKeys (ConfUtils.java:logGet(43)) - raft.server.storage.dir = [/workdir/hadoop-ozone/integration-test/target/test-dir/MiniOzoneClusterImpl-7cb4dc35-5948-4f28-9541-652e3d9b0dcd/datanode-3/data/ratis] (custom)
2019-10-20 13:10:59,177 [pool-552-thread-1] INFO  server.RaftServerConfigKeys (ConfUtils.java:logGet(43)) - raft.server.log.corruption.policy = EXCEPTION (default)
2019-10-20 13:10:59,177 [pool-552-thread-1] INFO  storage.RaftStorageDirectory (RaftStorageDirectory.java:analyzeStorage(246)) - The storage directory /workdir/hadoop-ozone/integration-test/target/test-dir/MiniOzoneClusterImpl-7cb4dc35-5948-4f28-9541-652e3d9b0dcd/datanode-3/data/ratis/0245568d-0040-4ba1-b296-26065df3717d does not exist. Creating ...
2019-10-20 13:10:59,178 [fdf19479-69c2-4639-b68c-6adde78ca28a@group-1E3CECB5CFD8-LeaderElection3284] INFO  impl.RoleInfo (RoleInfo.java:updateAndGet(143)) - fdf19479-69c2-4639-b68c-6adde78ca28a: start LeaderState
2019-10-20 13:10:59,179 [fdf19479-69c2-4639-b68c-6adde78ca28a@group-1E3CECB5CFD8-LeaderElection3284] INFO  segmented.SegmentedRaftLogWorker (SegmentedRaftLogWorker.java:startLogSegment(385)) - fdf19479-69c2-4639-b68c-6adde78ca28a@group-1E3CECB5CFD8-SegmentedRaftLogWorker: Starting segment from index:0
2019-10-20 13:10:59,179 [fdf19479-69c2-4639-b68c-6adde78ca28a@group-1E3CECB5CFD8-LeaderElection3284] INFO  impl.RaftServerImpl (ServerState.java:setRaftConf(357)) - fdf19479-69c2-4639-b68c-6adde78ca28a@group-1E3CECB5CFD8: set configuration 0: [fdf19479-69c2-4639-b68c-6adde78ca28a:192.168.157.204:42858], old=null at 0
2019-10-20 13:10:59,214 [pool-552-thread-1] INFO  storage.RaftStorageDirectory (RaftStorageDirectory.java:tryLock(328)) - Lock on /workdir/hadoop-ozone/integration-test/target/test-dir/MiniOzoneClusterImpl-7cb4dc35-5948-4f28-9541-652e3d9b0dcd/datanode-3/data/ratis/0245568d-0040-4ba1-b296-26065df3717d/in_use.lock acquired by nodename 20633@pr-hdds-2337-fjsvx-2218173377
2019-10-20 13:10:59,227 [fdf19479-69c2-4639-b68c-6adde78ca28a@group-1E3CECB5CFD8-SegmentedRaftLogWorker] INFO  segmented.SegmentedRaftLogWorker (SegmentedRaftLogWorker.java:execute(576)) - fdf19479-69c2-4639-b68c-6adde78ca28a@group-1E3CECB5CFD8-SegmentedRaftLogWorker: created new log segment /workdir/hadoop-ozone/integration-test/target/test-dir/MiniOzoneClusterImpl-7cb4dc35-5948-4f28-9541-652e3d9b0dcd/datanode-0/data/ratis/8a3aa833-a0fb-425a-a053-1e3cecb5cfd8/current/log_inprogress_0
2019-10-20 13:10:59,227 [pool-552-thread-1] INFO  storage.RaftStorage (RaftStorage.java:format(84)) - Storage directory /workdir/hadoop-ozone/integration-test/target/test-dir/MiniOzoneClusterImpl-7cb4dc35-5948-4f28-9541-652e3d9b0dcd/datanode-3/data/ratis/0245568d-0040-4ba1-b296-26065df3717d has been successfully formatted.
2019-10-20 13:10:59,228 [pool-552-thread-1] INFO  ratis.ContainerStateMachine (ContainerStateMachine.java:loadSnapshot(231)) - group-26065DF3717D: The snapshot info is null. Setting the last applied indexto:(t:0, i:~)
2019-10-20 13:10:59,228 [pool-552-thread-1] INFO  server.RaftServerConfigKeys (ConfUtils.java:logGet(43)) - raft.server.notification.no-leader.timeout = 120s (custom)
2019-10-20 13:10:59,228 [pool-552-thread-1] INFO  server.RaftServerConfigKeys (ConfUtils.java:logGet(43)) - raft.server.log.use.memory = false (default)
2019-10-20 13:10:59,228 [pool-552-thread-1] INFO  server.RaftServerConfigKeys (ConfUtils.java:logGet(43)) - raft.server.log.purge.gap = 1000000 (custom)
2019-10-20 13:10:59,229 [pool-552-thread-1] INFO  server.RaftServerConfigKeys (ConfUtils.java:logGet(43)) - raft.server.log.appender.buffer.byte-limit = 33554432 (custom)
2019-10-20 13:10:59,229 [pool-552-thread-1] INFO  server.RaftServerConfigKeys (ConfUtils.java:logGet(43)) - raft.server.log.segment.size.max = 1048576 (custom)
2019-10-20 13:10:59,231 [pool-552-thread-1] INFO  server.RaftServerConfigKeys (ConfUtils.java:logGet(43)) - raft.server.log.segment.cache.num.max = 2 (custom)
2019-10-20 13:10:59,231 [pool-552-thread-1] INFO  segmented.SegmentedRaftLogWorker (SegmentedRaftLogWorker.java:<init>(173)) - new 7660b851-9671-46a6-9e1d-7d946f95d492@group-26065DF3717D-SegmentedRaftLogWorker for RaftStorage:Storage Directory /workdir/hadoop-ozone/integration-test/target/test-dir/MiniOzoneClusterImpl-7cb4dc35-5948-4f28-9541-652e3d9b0dcd/datanode-3/data/ratis/0245568d-0040-4ba1-b296-26065df3717d
2019-10-20 13:10:59,231 [pool-552-thread-1] INFO  server.RaftServerConfigKeys (ConfUtils.java:logGet(43)) - raft.server.log.queue.byte-limit = 2147483647 (custom)
2019-10-20 13:10:59,231 [pool-552-thread-1] INFO  server.RaftServerConfigKeys (ConfUtils.java:logGet(43)) - raft.server.log.queue.element-limit = 1024 (custom)
2019-10-20 13:10:59,231 [pool-552-thread-1] INFO  server.RaftServerConfigKeys (ConfUtils.java:logGet(43)) - raft.server.log.segment.size.max = 1048576 (custom)
2019-10-20 13:10:59,231 [pool-552-thread-1] INFO  server.RaftServerConfigKeys (ConfUtils.java:logGet(43)) - raft.server.log.preallocated.size = 16384 (custom)
2019-10-20 13:10:59,231 [pool-552-thread-1] INFO  server.RaftServerConfigKeys (ConfUtils.java:logGet(43)) - raft.server.log.write.buffer.size = 33554432 (custom)
2019-10-20 13:10:59,232 [pool-552-thread-1] INFO  server.RaftServerConfigKeys (ConfUtils.java:logGet(43)) - raft.server.log.force.sync.num = 128 (default)
2019-10-20 13:10:59,232 [pool-552-thread-1] INFO  server.RaftServerConfigKeys (ConfUtils.java:logGet(43)) - raft.server.log.statemachine.data.sync = true (default)
2019-10-20 13:10:59,232 [IPC Server handler 8 on 40084] INFO  net.NetworkTopology (NetworkTopologyImpl.java:add(111)) - Added a new node: /rack1/0b324774-4593-4f2f-a2c4-e2cf67d32ecd
2019-10-20 13:10:59,232 [pool-552-thread-1] INFO  server.RaftServerConfigKeys (ConfUtils.java:logGet(43)) - raft.server.log.statemachine.data.sync.timeout = 10s (default)
2019-10-20 13:10:59,232 [IPC Server handler 8 on 40084] INFO  node.SCMNodeManager (SCMNodeManager.java:register(268)) - Registered Data node : 0b324774-4593-4f2f-a2c4-e2cf67d32ecd{ip: 192.168.157.204, host: pr-hdds-2337-fjsvx-2218173377, networkLocation: /rack1, certSerialId: null}
2019-10-20 13:10:59,232 [pool-552-thread-1] INFO  server.RaftServerConfigKeys (ConfUtils.java:logGet(43)) - raft.server.log.statemachine.data.sync.timeout.retry = -1 (default)
2019-10-20 13:10:59,233 [pool-552-thread-1] INFO  server.RaftServerConfigKeys (ConfUtils.java:logGet(43)) - raft.server.log.statemachine.data.caching.enabled = true (custom)
2019-10-20 13:10:59,233 [pool-552-thread-1] INFO  segmented.SegmentedRaftLogWorker (SegmentedRaftLogWorker.java:lambda$new$0(128)) - 7660b851-9671-46a6-9e1d-7d946f95d492@group-26065DF3717D-SegmentedRaftLogWorker: flushIndex: setUnconditionally 0 -> -1
2019-10-20 13:10:59,233 [pool-552-thread-1] INFO  server.RaftServerConfigKeys (ConfUtils.java:logGet(43)) - raft.server.snapshot.auto.trigger.enabled = true (custom)
2019-10-20 13:10:59,233 [pool-552-thread-1] INFO  server.RaftServerConfigKeys (ConfUtils.java:logGet(43)) - raft.server.snapshot.auto.trigger.threshold = 10000 (custom)
2019-10-20 13:10:59,234 [pool-552-thread-1] INFO  server.RaftServerConfigKeys (ConfUtils.java:logGet(43)) - raft.server.snapshot.retention.file.num = 5 (custom)
2019-10-20 13:10:59,234 [pool-552-thread-1] INFO  server.RaftServerConfigKeys (ConfUtils.java:logGet(43)) - raft.server.retrycache.expirytime = 600000ms (custom)
2019-10-20 13:10:59,237 [pool-552-thread-1] INFO  impl.RaftServerImpl (RaftServerImpl.java:start(195)) - 7660b851-9671-46a6-9e1d-7d946f95d492@group-26065DF3717D: start as a follower, conf=-1: [7660b851-9671-46a6-9e1d-7d946f95d492:192.168.157.204:41682], old=null
2019-10-20 13:10:59,237 [pool-552-thread-1] INFO  impl.RaftServerImpl (RaftServerImpl.java:setRole(184)) - 7660b851-9671-46a6-9e1d-7d946f95d492@group-26065DF3717D: changes role from      null to FOLLOWER at term 0 for startAsFollower
2019-10-20 13:10:59,237 [pool-552-thread-1] INFO  impl.RoleInfo (RoleInfo.java:updateAndGet(143)) - 7660b851-9671-46a6-9e1d-7d946f95d492: start FollowerState
2019-10-20 13:10:59,238 [pool-552-thread-1] INFO  util.JmxRegister (JmxRegister.java:tryRegister(44)) - Successfully registered JMX Bean with object name Ratis:service=RaftServer,group=group-26065DF3717D,id=7660b851-9671-46a6-9e1d-7d946f95d492
2019-10-20 13:10:59,241 [RatisPipelineUtilsThread] INFO  pipeline.PipelineStateManager (PipelineStateManager.java:addPipeline(56)) - Created pipeline Pipeline[ Id: 0245568d-0040-4ba1-b296-26065df3717d, Nodes: 7660b851-9671-46a6-9e1d-7d946f95d492{ip: 192.168.157.204, host: pr-hdds-2337-fjsvx-2218173377, networkLocation: /rack1, certSerialId: null}, Type:RATIS, Factor:ONE, State:OPEN]
2019-10-20 13:10:59,248 [grpc-default-executor-2] INFO  impl.RaftServerProxy (RaftServerProxy.java:addNew(89)) - 0b324774-4593-4f2f-a2c4-e2cf67d32ecd: addNew group-A10CF0A4F972:[0b324774-4593-4f2f-a2c4-e2cf67d32ecd:192.168.157.204:41063] returns group-A10CF0A4F972:java.util.concurrent.CompletableFuture@5b2fe201[Not completed]
2019-10-20 13:10:59,249 [pool-562-thread-1] INFO  impl.RaftServerImpl (RaftServerImpl.java:<init>(104)) - 0b324774-4593-4f2f-a2c4-e2cf67d32ecd: new RaftServerImpl for group-A10CF0A4F972:[0b324774-4593-4f2f-a2c4-e2cf67d32ecd:192.168.157.204:41063] with ContainerStateMachine:uninitialized
2019-10-20 13:10:59,249 [pool-562-thread-1] INFO  server.RaftServerConfigKeys (ConfUtils.java:logGet(43)) - raft.server.rpc.timeout.min = 1s (custom)
2019-10-20 13:10:59,249 [pool-562-thread-1] INFO  server.RaftServerConfigKeys (ConfUtils.java:logGet(43)) - raft.server.rpc.timeout.max = 1200ms (custom)
2019-10-20 13:10:59,250 [pool-562-thread-1] INFO  server.RaftServerConfigKeys (ConfUtils.java:logGet(43)) - raft.server.rpcslowness.timeout = 120s (custom)
2019-10-20 13:10:59,250 [pool-562-thread-1] INFO  server.RaftServerConfigKeys (ConfUtils.java:logGet(43)) - raft.server.sleep.deviation.threshold = 300 (default)
2019-10-20 13:10:59,250 [pool-562-thread-1] INFO  server.RaftServerConfigKeys (ConfUtils.java:logGet(43)) - raft.server.log.appender.install.snapshot.enabled = false (custom)
2019-10-20 13:10:59,250 [pool-562-thread-1] INFO  impl.RaftServerImpl (ServerState.java:<init>(103)) - 0b324774-4593-4f2f-a2c4-e2cf67d32ecd@group-A10CF0A4F972: ConfigurationManager, init=-1: [0b324774-4593-4f2f-a2c4-e2cf67d32ecd:192.168.157.204:41063], old=null, confs=<EMPTY_MAP>
2019-10-20 13:10:59,250 [pool-562-thread-1] INFO  server.RaftServerConfigKeys (ConfUtils.java:logGet(43)) - raft.server.storage.dir = [/workdir/hadoop-ozone/integration-test/target/test-dir/MiniOzoneClusterImpl-7cb4dc35-5948-4f28-9541-652e3d9b0dcd/datanode-4/data/ratis] (custom)
2019-10-20 13:10:59,250 [pool-562-thread-1] INFO  server.RaftServerConfigKeys (ConfUtils.java:logGet(43)) - raft.server.log.corruption.policy = EXCEPTION (default)
2019-10-20 13:10:59,251 [pool-562-thread-1] INFO  storage.RaftStorageDirectory (RaftStorageDirectory.java:analyzeStorage(246)) - The storage directory /workdir/hadoop-ozone/integration-test/target/test-dir/MiniOzoneClusterImpl-7cb4dc35-5948-4f28-9541-652e3d9b0dcd/datanode-4/data/ratis/5f9eb776-919e-42c8-94a8-a10cf0a4f972 does not exist. Creating ...
2019-10-20 13:10:59,256 [Thread-24459] INFO  impl.FollowerState (FollowerState.java:run(108)) - 57d97a36-4998-4a67-afe7-2be16a9f25e7@group-C8C6C6EEBED7-FollowerState: change to CANDIDATE, lastRpcTime:144ms, electionTimeout:144ms
2019-10-20 13:10:59,256 [Thread-24459] INFO  impl.RoleInfo (RoleInfo.java:shutdownFollowerState(121)) - 57d97a36-4998-4a67-afe7-2be16a9f25e7: shutdown FollowerState
2019-10-20 13:10:59,256 [Thread-24459] INFO  impl.RaftServerImpl (RaftServerImpl.java:setRole(184)) - 57d97a36-4998-4a67-afe7-2be16a9f25e7@group-C8C6C6EEBED7: changes role from  FOLLOWER to CANDIDATE at term 0 for changeToCandidate
2019-10-20 13:10:59,256 [Thread-24459] INFO  impl.RoleInfo (RoleInfo.java:updateAndGet(143)) - 57d97a36-4998-4a67-afe7-2be16a9f25e7: start LeaderElection
2019-10-20 13:10:59,258 [Thread-24467] INFO  impl.FollowerState (FollowerState.java:run(108)) - 7660b851-9671-46a6-9e1d-7d946f95d492@group-26065DF3717D-FollowerState: change to CANDIDATE, lastRpcTime:21ms, electionTimeout:19ms
2019-10-20 13:10:59,259 [Thread-24467] INFO  impl.RoleInfo (RoleInfo.java:shutdownFollowerState(121)) - 7660b851-9671-46a6-9e1d-7d946f95d492: shutdown FollowerState
2019-10-20 13:10:59,259 [Thread-24467] INFO  impl.RaftServerImpl (RaftServerImpl.java:setRole(184)) - 7660b851-9671-46a6-9e1d-7d946f95d492@group-26065DF3717D: changes role from  FOLLOWER to CANDIDATE at term 0 for changeToCandidate
2019-10-20 13:10:59,259 [Thread-24467] INFO  impl.RoleInfo (RoleInfo.java:updateAndGet(143)) - 7660b851-9671-46a6-9e1d-7d946f95d492: start LeaderElection
2019-10-20 13:10:59,264 [pool-562-thread-1] INFO  storage.RaftStorageDirectory (RaftStorageDirectory.java:tryLock(328)) - Lock on /workdir/hadoop-ozone/integration-test/target/test-dir/MiniOzoneClusterImpl-7cb4dc35-5948-4f28-9541-652e3d9b0dcd/datanode-4/data/ratis/5f9eb776-919e-42c8-94a8-a10cf0a4f972/in_use.lock acquired by nodename 20633@pr-hdds-2337-fjsvx-2218173377
2019-10-20 13:10:59,264 [57d97a36-4998-4a67-afe7-2be16a9f25e7@group-C8C6C6EEBED7-LeaderElection3285] INFO  impl.LeaderElection (LeaderElection.java:askForVotes(178)) - 57d97a36-4998-4a67-afe7-2be16a9f25e7@group-C8C6C6EEBED7-LeaderElection3285: begin an election at term 1 for -1: [57d97a36-4998-4a67-afe7-2be16a9f25e7:192.168.157.204:44478], old=null
2019-10-20 13:10:59,265 [57d97a36-4998-4a67-afe7-2be16a9f25e7@group-C8C6C6EEBED7-LeaderElection3285] INFO  impl.RoleInfo (RoleInfo.java:shutdownLeaderElection(134)) - 57d97a36-4998-4a67-afe7-2be16a9f25e7: shutdown LeaderElection
2019-10-20 13:10:59,265 [57d97a36-4998-4a67-afe7-2be16a9f25e7@group-C8C6C6EEBED7-LeaderElection3285] INFO  impl.RaftServerImpl (RaftServerImpl.java:setRole(184)) - 57d97a36-4998-4a67-afe7-2be16a9f25e7@group-C8C6C6EEBED7: changes role from CANDIDATE to LEADER at term 1 for changeToLeader
2019-10-20 13:10:59,265 [57d97a36-4998-4a67-afe7-2be16a9f25e7@group-C8C6C6EEBED7-LeaderElection3285] INFO  impl.RaftServerImpl (ServerState.java:setLeader(256)) - 57d97a36-4998-4a67-afe7-2be16a9f25e7@group-C8C6C6EEBED7: change Leader from null to 57d97a36-4998-4a67-afe7-2be16a9f25e7 at term 1 for becomeLeader, leader elected after 159ms
2019-10-20 13:10:59,265 [57d97a36-4998-4a67-afe7-2be16a9f25e7@group-C8C6C6EEBED7-LeaderElection3285] INFO  server.RaftServerConfigKeys (ConfUtils.java:logGet(43)) - raft.server.staging.catchup.gap = 1000 (default)
2019-10-20 13:10:59,265 [57d97a36-4998-4a67-afe7-2be16a9f25e7@group-C8C6C6EEBED7-LeaderElection3285] INFO  server.RaftServerConfigKeys (ConfUtils.java:logGet(43)) - raft.server.rpc.sleep.time = 25ms (default)
2019-10-20 13:10:59,265 [57d97a36-4998-4a67-afe7-2be16a9f25e7@group-C8C6C6EEBED7-LeaderElection3285] INFO  server.RaftServerConfigKeys (ConfUtils.java:logGet(43)) - raft.server.write.element-limit = 4096 (default)
2019-10-20 13:10:59,265 [57d97a36-4998-4a67-afe7-2be16a9f25e7@group-C8C6C6EEBED7-LeaderElection3285] INFO  server.RaftServerConfigKeys (ConfUtils.java:logGet(43)) - raft.server.watch.timeout = 10s (default)
2019-10-20 13:10:59,266 [57d97a36-4998-4a67-afe7-2be16a9f25e7@group-C8C6C6EEBED7-LeaderElection3285] INFO  server.RaftServerConfigKeys (ConfUtils.java:logGet(43)) - raft.server.watch.timeout.denomination = 1s (default)
2019-10-20 13:10:59,266 [57d97a36-4998-4a67-afe7-2be16a9f25e7@group-C8C6C6EEBED7-LeaderElection3285] INFO  server.RaftServerConfigKeys (ConfUtils.java:logGet(43)) - raft.server.watch.element-limit = 65536 (default)
2019-10-20 13:10:59,266 [7660b851-9671-46a6-9e1d-7d946f95d492@group-26065DF3717D-LeaderElection3286] INFO  impl.LeaderElection (LeaderElection.java:askForVotes(178)) - 7660b851-9671-46a6-9e1d-7d946f95d492@group-26065DF3717D-LeaderElection3286: begin an election at term 1 for -1: [7660b851-9671-46a6-9e1d-7d946f95d492:192.168.157.204:41682], old=null
2019-10-20 13:10:59,266 [7660b851-9671-46a6-9e1d-7d946f95d492@group-26065DF3717D-LeaderElection3286] INFO  impl.RoleInfo (RoleInfo.java:shutdownLeaderElection(134)) - 7660b851-9671-46a6-9e1d-7d946f95d492: shutdown LeaderElection
2019-10-20 13:10:59,266 [7660b851-9671-46a6-9e1d-7d946f95d492@group-26065DF3717D-LeaderElection3286] INFO  impl.RaftServerImpl (RaftServerImpl.java:setRole(184)) - 7660b851-9671-46a6-9e1d-7d946f95d492@group-26065DF3717D: changes role from CANDIDATE to LEADER at term 1 for changeToLeader
2019-10-20 13:10:59,267 [7660b851-9671-46a6-9e1d-7d946f95d492@group-26065DF3717D-LeaderElection3286] INFO  impl.RaftServerImpl (ServerState.java:setLeader(256)) - 7660b851-9671-46a6-9e1d-7d946f95d492@group-26065DF3717D: change Leader from null to 7660b851-9671-46a6-9e1d-7d946f95d492 at term 1 for becomeLeader, leader elected after 38ms
2019-10-20 13:10:59,267 [7660b851-9671-46a6-9e1d-7d946f95d492@group-26065DF3717D-LeaderElection3286] INFO  server.RaftServerConfigKeys (ConfUtils.java:logGet(43)) - raft.server.staging.catchup.gap = 1000 (default)
2019-10-20 13:10:59,267 [7660b851-9671-46a6-9e1d-7d946f95d492@group-26065DF3717D-LeaderElection3286] INFO  server.RaftServerConfigKeys (ConfUtils.java:logGet(43)) - raft.server.rpc.sleep.time = 25ms (default)
2019-10-20 13:10:59,267 [7660b851-9671-46a6-9e1d-7d946f95d492@group-26065DF3717D-LeaderElection3286] INFO  server.RaftServerConfigKeys (ConfUtils.java:logGet(43)) - raft.server.write.element-limit = 4096 (default)
2019-10-20 13:10:59,267 [7660b851-9671-46a6-9e1d-7d946f95d492@group-26065DF3717D-LeaderElection3286] INFO  server.RaftServerConfigKeys (ConfUtils.java:logGet(43)) - raft.server.watch.timeout = 10s (default)
2019-10-20 13:10:59,267 [7660b851-9671-46a6-9e1d-7d946f95d492@group-26065DF3717D-LeaderElection3286] INFO  server.RaftServerConfigKeys (ConfUtils.java:logGet(43)) - raft.server.watch.timeout.denomination = 1s (default)
2019-10-20 13:10:59,268 [7660b851-9671-46a6-9e1d-7d946f95d492@group-26065DF3717D-LeaderElection3286] INFO  server.RaftServerConfigKeys (ConfUtils.java:logGet(43)) - raft.server.watch.element-limit = 65536 (default)
2019-10-20 13:10:59,268 [57d97a36-4998-4a67-afe7-2be16a9f25e7@group-C8C6C6EEBED7-LeaderElection3285] INFO  impl.RoleInfo (RoleInfo.java:updateAndGet(143)) - 57d97a36-4998-4a67-afe7-2be16a9f25e7: start LeaderState
2019-10-20 13:10:59,268 [57d97a36-4998-4a67-afe7-2be16a9f25e7@group-C8C6C6EEBED7-LeaderElection3285] INFO  segmented.SegmentedRaftLogWorker (SegmentedRaftLogWorker.java:startLogSegment(385)) - 57d97a36-4998-4a67-afe7-2be16a9f25e7@group-C8C6C6EEBED7-SegmentedRaftLogWorker: Starting segment from index:0
2019-10-20 13:10:59,268 [57d97a36-4998-4a67-afe7-2be16a9f25e7@group-C8C6C6EEBED7-LeaderElection3285] INFO  impl.RaftServerImpl (ServerState.java:setRaftConf(357)) - 57d97a36-4998-4a67-afe7-2be16a9f25e7@group-C8C6C6EEBED7: set configuration 0: [57d97a36-4998-4a67-afe7-2be16a9f25e7:192.168.157.204:44478], old=null at 0
2019-10-20 13:10:59,271 [pool-562-thread-1] INFO  storage.RaftStorage (RaftStorage.java:format(84)) - Storage directory /workdir/hadoop-ozone/integration-test/target/test-dir/MiniOzoneClusterImpl-7cb4dc35-5948-4f28-9541-652e3d9b0dcd/datanode-4/data/ratis/5f9eb776-919e-42c8-94a8-a10cf0a4f972 has been successfully formatted.
2019-10-20 13:10:59,271 [pool-562-thread-1] INFO  ratis.ContainerStateMachine (ContainerStateMachine.java:loadSnapshot(231)) - group-A10CF0A4F972: The snapshot info is null. Setting the last applied indexto:(t:0, i:~)
2019-10-20 13:10:59,271 [pool-562-thread-1] INFO  server.RaftServerConfigKeys (ConfUtils.java:logGet(43)) - raft.server.notification.no-leader.timeout = 120s (custom)
2019-10-20 13:10:59,271 [pool-562-thread-1] INFO  server.RaftServerConfigKeys (ConfUtils.java:logGet(43)) - raft.server.log.use.memory = false (default)
2019-10-20 13:10:59,271 [pool-562-thread-1] INFO  server.RaftServerConfigKeys (ConfUtils.java:logGet(43)) - raft.server.log.purge.gap = 1000000 (custom)
2019-10-20 13:10:59,271 [pool-562-thread-1] INFO  server.RaftServerConfigKeys (ConfUtils.java:logGet(43)) - raft.server.log.appender.buffer.byte-limit = 33554432 (custom)
2019-10-20 13:10:59,272 [pool-562-thread-1] INFO  server.RaftServerConfigKeys (ConfUtils.java:logGet(43)) - raft.server.log.segment.size.max = 1048576 (custom)
2019-10-20 13:10:59,272 [7660b851-9671-46a6-9e1d-7d946f95d492@group-26065DF3717D-LeaderElection3286] INFO  impl.RoleInfo (RoleInfo.java:updateAndGet(143)) - 7660b851-9671-46a6-9e1d-7d946f95d492: start LeaderState
2019-10-20 13:10:59,272 [7660b851-9671-46a6-9e1d-7d946f95d492@group-26065DF3717D-LeaderElection3286] INFO  segmented.SegmentedRaftLogWorker (SegmentedRaftLogWorker.java:startLogSegment(385)) - 7660b851-9671-46a6-9e1d-7d946f95d492@group-26065DF3717D-SegmentedRaftLogWorker: Starting segment from index:0
2019-10-20 13:10:59,272 [7660b851-9671-46a6-9e1d-7d946f95d492@group-26065DF3717D-LeaderElection3286] INFO  impl.RaftServerImpl (ServerState.java:setRaftConf(357)) - 7660b851-9671-46a6-9e1d-7d946f95d492@group-26065DF3717D: set configuration 0: [7660b851-9671-46a6-9e1d-7d946f95d492:192.168.157.204:41682], old=null at 0
2019-10-20 13:10:59,273 [pool-562-thread-1] INFO  server.RaftServerConfigKeys (ConfUtils.java:logGet(43)) - raft.server.log.segment.cache.num.max = 2 (custom)
2019-10-20 13:10:59,274 [pool-562-thread-1] INFO  segmented.SegmentedRaftLogWorker (SegmentedRaftLogWorker.java:<init>(173)) - new 0b324774-4593-4f2f-a2c4-e2cf67d32ecd@group-A10CF0A4F972-SegmentedRaftLogWorker for RaftStorage:Storage Directory /workdir/hadoop-ozone/integration-test/target/test-dir/MiniOzoneClusterImpl-7cb4dc35-5948-4f28-9541-652e3d9b0dcd/datanode-4/data/ratis/5f9eb776-919e-42c8-94a8-a10cf0a4f972
2019-10-20 13:10:59,274 [pool-562-thread-1] INFO  server.RaftServerConfigKeys (ConfUtils.java:logGet(43)) - raft.server.log.queue.byte-limit = 2147483647 (custom)
2019-10-20 13:10:59,274 [pool-562-thread-1] INFO  server.RaftServerConfigKeys (ConfUtils.java:logGet(43)) - raft.server.log.queue.element-limit = 1024 (custom)
2019-10-20 13:10:59,274 [pool-562-thread-1] INFO  server.RaftServerConfigKeys (ConfUtils.java:logGet(43)) - raft.server.log.segment.size.max = 1048576 (custom)
2019-10-20 13:10:59,274 [pool-562-thread-1] INFO  server.RaftServerConfigKeys (ConfUtils.java:logGet(43)) - raft.server.log.preallocated.size = 16384 (custom)
2019-10-20 13:10:59,274 [pool-562-thread-1] INFO  server.RaftServerConfigKeys (ConfUtils.java:logGet(43)) - raft.server.log.write.buffer.size = 33554432 (custom)
2019-10-20 13:10:59,274 [pool-562-thread-1] INFO  server.RaftServerConfigKeys (ConfUtils.java:logGet(43)) - raft.server.log.force.sync.num = 128 (default)
2019-10-20 13:10:59,274 [pool-562-thread-1] INFO  server.RaftServerConfigKeys (ConfUtils.java:logGet(43)) - raft.server.log.statemachine.data.sync = true (default)
2019-10-20 13:10:59,274 [pool-562-thread-1] INFO  server.RaftServerConfigKeys (ConfUtils.java:logGet(43)) - raft.server.log.statemachine.data.sync.timeout = 10s (default)
2019-10-20 13:10:59,275 [pool-562-thread-1] INFO  server.RaftServerConfigKeys (ConfUtils.java:logGet(43)) - raft.server.log.statemachine.data.sync.timeout.retry = -1 (default)
2019-10-20 13:10:59,275 [pool-562-thread-1] INFO  server.RaftServerConfigKeys (ConfUtils.java:logGet(43)) - raft.server.log.statemachine.data.caching.enabled = true (custom)
2019-10-20 13:10:59,275 [pool-562-thread-1] INFO  segmented.SegmentedRaftLogWorker (SegmentedRaftLogWorker.java:lambda$new$0(128)) - 0b324774-4593-4f2f-a2c4-e2cf67d32ecd@group-A10CF0A4F972-SegmentedRaftLogWorker: flushIndex: setUnconditionally 0 -> -1
2019-10-20 13:10:59,275 [pool-562-thread-1] INFO  server.RaftServerConfigKeys (ConfUtils.java:logGet(43)) - raft.server.snapshot.auto.trigger.enabled = true (custom)
2019-10-20 13:10:59,276 [pool-562-thread-1] INFO  server.RaftServerConfigKeys (ConfUtils.java:logGet(43)) - raft.server.snapshot.auto.trigger.threshold = 10000 (custom)
2019-10-20 13:10:59,276 [pool-562-thread-1] INFO  server.RaftServerConfigKeys (ConfUtils.java:logGet(43)) - raft.server.snapshot.retention.file.num = 5 (custom)
2019-10-20 13:10:59,276 [pool-562-thread-1] INFO  server.RaftServerConfigKeys (ConfUtils.java:logGet(43)) - raft.server.retrycache.expirytime = 600000ms (custom)
2019-10-20 13:10:59,279 [pool-562-thread-1] INFO  impl.RaftServerImpl (RaftServerImpl.java:start(195)) - 0b324774-4593-4f2f-a2c4-e2cf67d32ecd@group-A10CF0A4F972: start as a follower, conf=-1: [0b324774-4593-4f2f-a2c4-e2cf67d32ecd:192.168.157.204:41063], old=null
2019-10-20 13:10:59,279 [pool-562-thread-1] INFO  impl.RaftServerImpl (RaftServerImpl.java:setRole(184)) - 0b324774-4593-4f2f-a2c4-e2cf67d32ecd@group-A10CF0A4F972: changes role from      null to FOLLOWER at term 0 for startAsFollower
2019-10-20 13:10:59,279 [pool-562-thread-1] INFO  impl.RoleInfo (RoleInfo.java:updateAndGet(143)) - 0b324774-4593-4f2f-a2c4-e2cf67d32ecd: start FollowerState
2019-10-20 13:10:59,279 [pool-562-thread-1] INFO  util.JmxRegister (JmxRegister.java:tryRegister(44)) - Successfully registered JMX Bean with object name Ratis:service=RaftServer,group=group-A10CF0A4F972,id=0b324774-4593-4f2f-a2c4-e2cf67d32ecd
2019-10-20 13:10:59,288 [RatisPipelineUtilsThread] INFO  pipeline.PipelineStateManager (PipelineStateManager.java:addPipeline(56)) - Created pipeline Pipeline[ Id: 5f9eb776-919e-42c8-94a8-a10cf0a4f972, Nodes: 0b324774-4593-4f2f-a2c4-e2cf67d32ecd{ip: 192.168.157.204, host: pr-hdds-2337-fjsvx-2218173377, networkLocation: /rack1, certSerialId: null}, Type:RATIS, Factor:ONE, State:OPEN]
2019-10-20 13:10:59,310 [Thread-24463] INFO  impl.FollowerState (FollowerState.java:run(108)) - 1ac0a8d4-e534-43ce-83b1-426d47a3040d@group-C3E88BA3B0E5-FollowerState: change to CANDIDATE, lastRpcTime:144ms, electionTimeout:129ms
2019-10-20 13:10:59,310 [Thread-24463] INFO  impl.RoleInfo (RoleInfo.java:shutdownFollowerState(121)) - 1ac0a8d4-e534-43ce-83b1-426d47a3040d: shutdown FollowerState
2019-10-20 13:10:59,311 [Thread-24463] INFO  impl.RaftServerImpl (RaftServerImpl.java:setRole(184)) - 1ac0a8d4-e534-43ce-83b1-426d47a3040d@group-C3E88BA3B0E5: changes role from  FOLLOWER to CANDIDATE at term 0 for changeToCandidate
2019-10-20 13:10:59,311 [Thread-24463] INFO  impl.RoleInfo (RoleInfo.java:updateAndGet(143)) - 1ac0a8d4-e534-43ce-83b1-426d47a3040d: start LeaderElection
2019-10-20 13:10:59,313 [IPC Server handler 2 on 40084] INFO  net.NetworkTopology (NetworkTopologyImpl.java:add(111)) - Added a new node: /rack1/d7eba74f-c3d7-492f-90de-a44c4d301567
2019-10-20 13:10:59,317 [IPC Server handler 2 on 40084] INFO  node.SCMNodeManager (SCMNodeManager.java:register(268)) - Registered Data node : d7eba74f-c3d7-492f-90de-a44c4d301567{ip: 192.168.157.204, host: pr-hdds-2337-fjsvx-2218173377, networkLocation: /rack1, certSerialId: null}
2019-10-20 13:10:59,320 [grpc-default-executor-9] INFO  impl.RaftServerProxy (RaftServerProxy.java:addNew(89)) - 7660b851-9671-46a6-9e1d-7d946f95d492: addNew group-42C3DBE2B33D:[fdf19479-69c2-4639-b68c-6adde78ca28a:192.168.157.204:42858, 1ac0a8d4-e534-43ce-83b1-426d47a3040d:192.168.157.204:32953, 7660b851-9671-46a6-9e1d-7d946f95d492:192.168.157.204:41682] returns group-42C3DBE2B33D:java.util.concurrent.CompletableFuture@360f2ef[Not completed]
2019-10-20 13:10:59,321 [grpc-default-executor-9] INFO  impl.RaftServerProxy (RaftServerProxy.java:addNew(89)) - 1ac0a8d4-e534-43ce-83b1-426d47a3040d: addNew group-42C3DBE2B33D:[fdf19479-69c2-4639-b68c-6adde78ca28a:192.168.157.204:42858, 1ac0a8d4-e534-43ce-83b1-426d47a3040d:192.168.157.204:32953, 7660b851-9671-46a6-9e1d-7d946f95d492:192.168.157.204:41682] returns group-42C3DBE2B33D:java.util.concurrent.CompletableFuture@7343b103[Not completed]
2019-10-20 13:10:59,321 [grpc-default-executor-9] INFO  impl.RaftServerProxy (RaftServerProxy.java:addNew(89)) - fdf19479-69c2-4639-b68c-6adde78ca28a: addNew group-42C3DBE2B33D:[fdf19479-69c2-4639-b68c-6adde78ca28a:192.168.157.204:42858, 1ac0a8d4-e534-43ce-83b1-426d47a3040d:192.168.157.204:32953, 7660b851-9671-46a6-9e1d-7d946f95d492:192.168.157.204:41682] returns group-42C3DBE2B33D:java.util.concurrent.CompletableFuture@77902329[Not completed]
2019-10-20 13:10:59,322 [pool-552-thread-1] INFO  impl.RaftServerImpl (RaftServerImpl.java:<init>(104)) - 7660b851-9671-46a6-9e1d-7d946f95d492: new RaftServerImpl for group-42C3DBE2B33D:[fdf19479-69c2-4639-b68c-6adde78ca28a:192.168.157.204:42858, 1ac0a8d4-e534-43ce-83b1-426d47a3040d:192.168.157.204:32953, 7660b851-9671-46a6-9e1d-7d946f95d492:192.168.157.204:41682] with ContainerStateMachine:uninitialized
2019-10-20 13:10:59,322 [pool-552-thread-1] INFO  server.RaftServerConfigKeys (ConfUtils.java:logGet(43)) - raft.server.rpc.timeout.min = 1s (custom)
2019-10-20 13:10:59,322 [pool-552-thread-1] INFO  server.RaftServerConfigKeys (ConfUtils.java:logGet(43)) - raft.server.rpc.timeout.max = 1200ms (custom)
2019-10-20 13:10:59,322 [pool-542-thread-1] INFO  impl.RaftServerImpl (RaftServerImpl.java:<init>(104)) - 1ac0a8d4-e534-43ce-83b1-426d47a3040d: new RaftServerImpl for group-42C3DBE2B33D:[fdf19479-69c2-4639-b68c-6adde78ca28a:192.168.157.204:42858, 1ac0a8d4-e534-43ce-83b1-426d47a3040d:192.168.157.204:32953, 7660b851-9671-46a6-9e1d-7d946f95d492:192.168.157.204:41682] with ContainerStateMachine:uninitialized
2019-10-20 13:10:59,322 [pool-552-thread-1] INFO  server.RaftServerConfigKeys (ConfUtils.java:logGet(43)) - raft.server.rpcslowness.timeout = 120s (custom)
2019-10-20 13:10:59,322 [pool-542-thread-1] INFO  server.RaftServerConfigKeys (ConfUtils.java:logGet(43)) - raft.server.rpc.timeout.min = 1s (custom)
2019-10-20 13:10:59,322 [pool-552-thread-1] INFO  server.RaftServerConfigKeys (ConfUtils.java:logGet(43)) - raft.server.sleep.deviation.threshold = 300 (default)
2019-10-20 13:10:59,322 [pool-542-thread-1] INFO  server.RaftServerConfigKeys (ConfUtils.java:logGet(43)) - raft.server.rpc.timeout.max = 1200ms (custom)
2019-10-20 13:10:59,323 [pool-552-thread-1] INFO  server.RaftServerConfigKeys (ConfUtils.java:logGet(43)) - raft.server.log.appender.install.snapshot.enabled = false (custom)
2019-10-20 13:10:59,323 [pool-522-thread-1] INFO  impl.RaftServerImpl (RaftServerImpl.java:<init>(104)) - fdf19479-69c2-4639-b68c-6adde78ca28a: new RaftServerImpl for group-42C3DBE2B33D:[fdf19479-69c2-4639-b68c-6adde78ca28a:192.168.157.204:42858, 1ac0a8d4-e534-43ce-83b1-426d47a3040d:192.168.157.204:32953, 7660b851-9671-46a6-9e1d-7d946f95d492:192.168.157.204:41682] with ContainerStateMachine:uninitialized
2019-10-20 13:10:59,323 [pool-542-thread-1] INFO  server.RaftServerConfigKeys (ConfUtils.java:logGet(43)) - raft.server.rpcslowness.timeout = 120s (custom)
2019-10-20 13:10:59,323 [pool-522-thread-1] INFO  server.RaftServerConfigKeys (ConfUtils.java:logGet(43)) - raft.server.rpc.timeout.min = 1s (custom)
2019-10-20 13:10:59,323 [pool-552-thread-1] INFO  impl.RaftServerImpl (ServerState.java:<init>(103)) - 7660b851-9671-46a6-9e1d-7d946f95d492@group-42C3DBE2B33D: ConfigurationManager, init=-1: [fdf19479-69c2-4639-b68c-6adde78ca28a:192.168.157.204:42858, 1ac0a8d4-e534-43ce-83b1-426d47a3040d:192.168.157.204:32953, 7660b851-9671-46a6-9e1d-7d946f95d492:192.168.157.204:41682], old=null, confs=<EMPTY_MAP>
2019-10-20 13:10:59,323 [pool-522-thread-1] INFO  server.RaftServerConfigKeys (ConfUtils.java:logGet(43)) - raft.server.rpc.timeout.max = 1200ms (custom)
2019-10-20 13:10:59,323 [pool-542-thread-1] INFO  server.RaftServerConfigKeys (ConfUtils.java:logGet(43)) - raft.server.sleep.deviation.threshold = 300 (default)
2019-10-20 13:10:59,323 [pool-522-thread-1] INFO  server.RaftServerConfigKeys (ConfUtils.java:logGet(43)) - raft.server.rpcslowness.timeout = 120s (custom)
2019-10-20 13:10:59,323 [pool-552-thread-1] INFO  server.RaftServerConfigKeys (ConfUtils.java:logGet(43)) - raft.server.storage.dir = [/workdir/hadoop-ozone/integration-test/target/test-dir/MiniOzoneClusterImpl-7cb4dc35-5948-4f28-9541-652e3d9b0dcd/datanode-3/data/ratis] (custom)
2019-10-20 13:10:59,323 [pool-522-thread-1] INFO  server.RaftServerConfigKeys (ConfUtils.java:logGet(43)) - raft.server.sleep.deviation.threshold = 300 (default)
2019-10-20 13:10:59,323 [pool-542-thread-1] INFO  server.RaftServerConfigKeys (ConfUtils.java:logGet(43)) - raft.server.log.appender.install.snapshot.enabled = false (custom)
2019-10-20 13:10:59,324 [pool-522-thread-1] INFO  server.RaftServerConfigKeys (ConfUtils.java:logGet(43)) - raft.server.log.appender.install.snapshot.enabled = false (custom)
2019-10-20 13:10:59,324 [pool-542-thread-1] INFO  impl.RaftServerImpl (ServerState.java:<init>(103)) - 1ac0a8d4-e534-43ce-83b1-426d47a3040d@group-42C3DBE2B33D: ConfigurationManager, init=-1: [fdf19479-69c2-4639-b68c-6adde78ca28a:192.168.157.204:42858, 1ac0a8d4-e534-43ce-83b1-426d47a3040d:192.168.157.204:32953, 7660b851-9671-46a6-9e1d-7d946f95d492:192.168.157.204:41682], old=null, confs=<EMPTY_MAP>
2019-10-20 13:10:59,324 [pool-552-thread-1] INFO  server.RaftServerConfigKeys (ConfUtils.java:logGet(43)) - raft.server.log.corruption.policy = EXCEPTION (default)
2019-10-20 13:10:59,324 [pool-542-thread-1] INFO  server.RaftServerConfigKeys (ConfUtils.java:logGet(43)) - raft.server.storage.dir = [/workdir/hadoop-ozone/integration-test/target/test-dir/MiniOzoneClusterImpl-7cb4dc35-5948-4f28-9541-652e3d9b0dcd/datanode-2/data/ratis] (custom)
2019-10-20 13:10:59,324 [pool-522-thread-1] INFO  impl.RaftServerImpl (ServerState.java:<init>(103)) - fdf19479-69c2-4639-b68c-6adde78ca28a@group-42C3DBE2B33D: ConfigurationManager, init=-1: [fdf19479-69c2-4639-b68c-6adde78ca28a:192.168.157.204:42858, 1ac0a8d4-e534-43ce-83b1-426d47a3040d:192.168.157.204:32953, 7660b851-9671-46a6-9e1d-7d946f95d492:192.168.157.204:41682], old=null, confs=<EMPTY_MAP>
2019-10-20 13:10:59,324 [pool-542-thread-1] INFO  server.RaftServerConfigKeys (ConfUtils.java:logGet(43)) - raft.server.log.corruption.policy = EXCEPTION (default)
2019-10-20 13:10:59,324 [pool-552-thread-1] INFO  storage.RaftStorageDirectory (RaftStorageDirectory.java:analyzeStorage(246)) - The storage directory /workdir/hadoop-ozone/integration-test/target/test-dir/MiniOzoneClusterImpl-7cb4dc35-5948-4f28-9541-652e3d9b0dcd/datanode-3/data/ratis/ae112795-7236-4d66-a54a-42c3dbe2b33d does not exist. Creating ...
2019-10-20 13:10:59,324 [pool-542-thread-1] INFO  storage.RaftStorageDirectory (RaftStorageDirectory.java:analyzeStorage(246)) - The storage directory /workdir/hadoop-ozone/integration-test/target/test-dir/MiniOzoneClusterImpl-7cb4dc35-5948-4f28-9541-652e3d9b0dcd/datanode-2/data/ratis/ae112795-7236-4d66-a54a-42c3dbe2b33d does not exist. Creating ...
2019-10-20 13:10:59,324 [pool-522-thread-1] INFO  server.RaftServerConfigKeys (ConfUtils.java:logGet(43)) - raft.server.storage.dir = [/workdir/hadoop-ozone/integration-test/target/test-dir/MiniOzoneClusterImpl-7cb4dc35-5948-4f28-9541-652e3d9b0dcd/datanode-0/data/ratis] (custom)
2019-10-20 13:10:59,325 [pool-522-thread-1] INFO  server.RaftServerConfigKeys (ConfUtils.java:logGet(43)) - raft.server.log.corruption.policy = EXCEPTION (default)
2019-10-20 13:10:59,325 [pool-522-thread-1] INFO  storage.RaftStorageDirectory (RaftStorageDirectory.java:analyzeStorage(246)) - The storage directory /workdir/hadoop-ozone/integration-test/target/test-dir/MiniOzoneClusterImpl-7cb4dc35-5948-4f28-9541-652e3d9b0dcd/datanode-0/data/ratis/ae112795-7236-4d66-a54a-42c3dbe2b33d does not exist. Creating ...
2019-10-20 13:10:59,331 [Thread-24474] INFO  impl.FollowerState (FollowerState.java:run(108)) - 0b324774-4593-4f2f-a2c4-e2cf67d32ecd@group-A10CF0A4F972-FollowerState: change to CANDIDATE, lastRpcTime:52ms, electionTimeout:52ms
2019-10-20 13:10:59,332 [Thread-24474] INFO  impl.RoleInfo (RoleInfo.java:shutdownFollowerState(121)) - 0b324774-4593-4f2f-a2c4-e2cf67d32ecd: shutdown FollowerState
2019-10-20 13:10:59,332 [Thread-24474] INFO  impl.RaftServerImpl (RaftServerImpl.java:setRole(184)) - 0b324774-4593-4f2f-a2c4-e2cf67d32ecd@group-A10CF0A4F972: changes role from  FOLLOWER to CANDIDATE at term 0 for changeToCandidate
2019-10-20 13:10:59,332 [Thread-24474] INFO  impl.RoleInfo (RoleInfo.java:updateAndGet(143)) - 0b324774-4593-4f2f-a2c4-e2cf67d32ecd: start LeaderElection
2019-10-20 13:10:59,345 [pool-542-thread-1] INFO  storage.RaftStorageDirectory (RaftStorageDirectory.java:tryLock(328)) - Lock on /workdir/hadoop-ozone/integration-test/target/test-dir/MiniOzoneClusterImpl-7cb4dc35-5948-4f28-9541-652e3d9b0dcd/datanode-2/data/ratis/ae112795-7236-4d66-a54a-42c3dbe2b33d/in_use.lock acquired by nodename 20633@pr-hdds-2337-fjsvx-2218173377
2019-10-20 13:10:59,345 [pool-552-thread-1] INFO  storage.RaftStorageDirectory (RaftStorageDirectory.java:tryLock(328)) - Lock on /workdir/hadoop-ozone/integration-test/target/test-dir/MiniOzoneClusterImpl-7cb4dc35-5948-4f28-9541-652e3d9b0dcd/datanode-3/data/ratis/ae112795-7236-4d66-a54a-42c3dbe2b33d/in_use.lock acquired by nodename 20633@pr-hdds-2337-fjsvx-2218173377
2019-10-20 13:10:59,345 [1ac0a8d4-e534-43ce-83b1-426d47a3040d@group-C3E88BA3B0E5-LeaderElection3287] INFO  impl.LeaderElection (LeaderElection.java:askForVotes(178)) - 1ac0a8d4-e534-43ce-83b1-426d47a3040d@group-C3E88BA3B0E5-LeaderElection3287: begin an election at term 1 for -1: [1ac0a8d4-e534-43ce-83b1-426d47a3040d:192.168.157.204:32953], old=null
2019-10-20 13:10:59,345 [7660b851-9671-46a6-9e1d-7d946f95d492@group-26065DF3717D-SegmentedRaftLogWorker] INFO  segmented.SegmentedRaftLogWorker (SegmentedRaftLogWorker.java:execute(576)) - 7660b851-9671-46a6-9e1d-7d946f95d492@group-26065DF3717D-SegmentedRaftLogWorker: created new log segment /workdir/hadoop-ozone/integration-test/target/test-dir/MiniOzoneClusterImpl-7cb4dc35-5948-4f28-9541-652e3d9b0dcd/datanode-3/data/ratis/0245568d-0040-4ba1-b296-26065df3717d/current/log_inprogress_0
2019-10-20 13:10:59,345 [57d97a36-4998-4a67-afe7-2be16a9f25e7@group-C8C6C6EEBED7-SegmentedRaftLogWorker] INFO  segmented.SegmentedRaftLogWorker (SegmentedRaftLogWorker.java:execute(576)) - 57d97a36-4998-4a67-afe7-2be16a9f25e7@group-C8C6C6EEBED7-SegmentedRaftLogWorker: created new log segment /workdir/hadoop-ozone/integration-test/target/test-dir/MiniOzoneClusterImpl-7cb4dc35-5948-4f28-9541-652e3d9b0dcd/datanode-1/data/ratis/1a328e04-acd7-45f9-b7c4-c8c6c6eebed7/current/log_inprogress_0
2019-10-20 13:10:59,345 [pool-522-thread-1] INFO  storage.RaftStorageDirectory (RaftStorageDirectory.java:tryLock(328)) - Lock on /workdir/hadoop-ozone/integration-test/target/test-dir/MiniOzoneClusterImpl-7cb4dc35-5948-4f28-9541-652e3d9b0dcd/datanode-0/data/ratis/ae112795-7236-4d66-a54a-42c3dbe2b33d/in_use.lock acquired by nodename 20633@pr-hdds-2337-fjsvx-2218173377
2019-10-20 13:10:59,345 [1ac0a8d4-e534-43ce-83b1-426d47a3040d@group-C3E88BA3B0E5-LeaderElection3287] INFO  impl.RoleInfo (RoleInfo.java:shutdownLeaderElection(134)) - 1ac0a8d4-e534-43ce-83b1-426d47a3040d: shutdown LeaderElection
2019-10-20 13:10:59,346 [1ac0a8d4-e534-43ce-83b1-426d47a3040d@group-C3E88BA3B0E5-LeaderElection3287] INFO  impl.RaftServerImpl (RaftServerImpl.java:setRole(184)) - 1ac0a8d4-e534-43ce-83b1-426d47a3040d@group-C3E88BA3B0E5: changes role from CANDIDATE to LEADER at term 1 for changeToLeader
2019-10-20 13:10:59,346 [1ac0a8d4-e534-43ce-83b1-426d47a3040d@group-C3E88BA3B0E5-LeaderElection3287] INFO  impl.RaftServerImpl (ServerState.java:setLeader(256)) - 1ac0a8d4-e534-43ce-83b1-426d47a3040d@group-C3E88BA3B0E5: change Leader from null to 1ac0a8d4-e534-43ce-83b1-426d47a3040d at term 1 for becomeLeader, leader elected after 186ms
2019-10-20 13:10:59,346 [1ac0a8d4-e534-43ce-83b1-426d47a3040d@group-C3E88BA3B0E5-LeaderElection3287] INFO  server.RaftServerConfigKeys (ConfUtils.java:logGet(43)) - raft.server.staging.catchup.gap = 1000 (default)
2019-10-20 13:10:59,346 [1ac0a8d4-e534-43ce-83b1-426d47a3040d@group-C3E88BA3B0E5-LeaderElection3287] INFO  server.RaftServerConfigKeys (ConfUtils.java:logGet(43)) - raft.server.rpc.sleep.time = 25ms (default)
2019-10-20 13:10:59,346 [1ac0a8d4-e534-43ce-83b1-426d47a3040d@group-C3E88BA3B0E5-LeaderElection3287] INFO  server.RaftServerConfigKeys (ConfUtils.java:logGet(43)) - raft.server.write.element-limit = 4096 (default)
2019-10-20 13:10:59,346 [1ac0a8d4-e534-43ce-83b1-426d47a3040d@group-C3E88BA3B0E5-LeaderElection3287] INFO  server.RaftServerConfigKeys (ConfUtils.java:logGet(43)) - raft.server.watch.timeout = 10s (default)
2019-10-20 13:10:59,346 [1ac0a8d4-e534-43ce-83b1-426d47a3040d@group-C3E88BA3B0E5-LeaderElection3287] INFO  server.RaftServerConfigKeys (ConfUtils.java:logGet(43)) - raft.server.watch.timeout.denomination = 1s (default)
2019-10-20 13:10:59,346 [1ac0a8d4-e534-43ce-83b1-426d47a3040d@group-C3E88BA3B0E5-LeaderElection3287] INFO  server.RaftServerConfigKeys (ConfUtils.java:logGet(43)) - raft.server.watch.element-limit = 65536 (default)
2019-10-20 13:10:59,347 [1ac0a8d4-e534-43ce-83b1-426d47a3040d@group-C3E88BA3B0E5-LeaderElection3287] INFO  impl.RoleInfo (RoleInfo.java:updateAndGet(143)) - 1ac0a8d4-e534-43ce-83b1-426d47a3040d: start LeaderState
2019-10-20 13:10:59,347 [1ac0a8d4-e534-43ce-83b1-426d47a3040d@group-C3E88BA3B0E5-LeaderElection3287] INFO  segmented.SegmentedRaftLogWorker (SegmentedRaftLogWorker.java:startLogSegment(385)) - 1ac0a8d4-e534-43ce-83b1-426d47a3040d@group-C3E88BA3B0E5-SegmentedRaftLogWorker: Starting segment from index:0
2019-10-20 13:10:59,348 [1ac0a8d4-e534-43ce-83b1-426d47a3040d@group-C3E88BA3B0E5-LeaderElection3287] INFO  impl.RaftServerImpl (ServerState.java:setRaftConf(357)) - 1ac0a8d4-e534-43ce-83b1-426d47a3040d@group-C3E88BA3B0E5: set configuration 0: [1ac0a8d4-e534-43ce-83b1-426d47a3040d:192.168.157.204:32953], old=null at 0
2019-10-20 13:10:59,359 [pool-542-thread-1] INFO  storage.RaftStorage (RaftStorage.java:format(84)) - Storage directory /workdir/hadoop-ozone/integration-test/target/test-dir/MiniOzoneClusterImpl-7cb4dc35-5948-4f28-9541-652e3d9b0dcd/datanode-2/data/ratis/ae112795-7236-4d66-a54a-42c3dbe2b33d has been successfully formatted.
2019-10-20 13:10:59,359 [0b324774-4593-4f2f-a2c4-e2cf67d32ecd@group-A10CF0A4F972-LeaderElection3288] INFO  impl.LeaderElection (LeaderElection.java:askForVotes(178)) - 0b324774-4593-4f2f-a2c4-e2cf67d32ecd@group-A10CF0A4F972-LeaderElection3288: begin an election at term 1 for -1: [0b324774-4593-4f2f-a2c4-e2cf67d32ecd:192.168.157.204:41063], old=null
2019-10-20 13:10:59,360 [0b324774-4593-4f2f-a2c4-e2cf67d32ecd@group-A10CF0A4F972-LeaderElection3288] INFO  impl.RoleInfo (RoleInfo.java:shutdownLeaderElection(134)) - 0b324774-4593-4f2f-a2c4-e2cf67d32ecd: shutdown LeaderElection
2019-10-20 13:10:59,360 [pool-542-thread-1] INFO  ratis.ContainerStateMachine (ContainerStateMachine.java:loadSnapshot(231)) - group-42C3DBE2B33D: The snapshot info is null. Setting the last applied indexto:(t:0, i:~)
2019-10-20 13:10:59,360 [0b324774-4593-4f2f-a2c4-e2cf67d32ecd@group-A10CF0A4F972-LeaderElection3288] INFO  impl.RaftServerImpl (RaftServerImpl.java:setRole(184)) - 0b324774-4593-4f2f-a2c4-e2cf67d32ecd@group-A10CF0A4F972: changes role from CANDIDATE to LEADER at term 1 for changeToLeader
2019-10-20 13:10:59,360 [pool-542-thread-1] INFO  server.RaftServerConfigKeys (ConfUtils.java:logGet(43)) - raft.server.notification.no-leader.timeout = 120s (custom)
2019-10-20 13:10:59,360 [0b324774-4593-4f2f-a2c4-e2cf67d32ecd@group-A10CF0A4F972-LeaderElection3288] INFO  impl.RaftServerImpl (ServerState.java:setLeader(256)) - 0b324774-4593-4f2f-a2c4-e2cf67d32ecd@group-A10CF0A4F972: change Leader from null to 0b324774-4593-4f2f-a2c4-e2cf67d32ecd at term 1 for becomeLeader, leader elected after 88ms
2019-10-20 13:10:59,360 [pool-542-thread-1] INFO  server.RaftServerConfigKeys (ConfUtils.java:logGet(43)) - raft.server.log.use.memory = false (default)
2019-10-20 13:10:59,360 [0b324774-4593-4f2f-a2c4-e2cf67d32ecd@group-A10CF0A4F972-LeaderElection3288] INFO  server.RaftServerConfigKeys (ConfUtils.java:logGet(43)) - raft.server.staging.catchup.gap = 1000 (default)
2019-10-20 13:10:59,360 [pool-542-thread-1] INFO  server.RaftServerConfigKeys (ConfUtils.java:logGet(43)) - raft.server.log.purge.gap = 1000000 (custom)
2019-10-20 13:10:59,360 [0b324774-4593-4f2f-a2c4-e2cf67d32ecd@group-A10CF0A4F972-LeaderElection3288] INFO  server.RaftServerConfigKeys (ConfUtils.java:logGet(43)) - raft.server.rpc.sleep.time = 25ms (default)
2019-10-20 13:10:59,361 [pool-542-thread-1] INFO  server.RaftServerConfigKeys (ConfUtils.java:logGet(43)) - raft.server.log.appender.buffer.byte-limit = 33554432 (custom)
2019-10-20 13:10:59,361 [0b324774-4593-4f2f-a2c4-e2cf67d32ecd@group-A10CF0A4F972-LeaderElection3288] INFO  server.RaftServerConfigKeys (ConfUtils.java:logGet(43)) - raft.server.write.element-limit = 4096 (default)
2019-10-20 13:10:59,361 [pool-542-thread-1] INFO  server.RaftServerConfigKeys (ConfUtils.java:logGet(43)) - raft.server.log.segment.size.max = 1048576 (custom)
2019-10-20 13:10:59,361 [0b324774-4593-4f2f-a2c4-e2cf67d32ecd@group-A10CF0A4F972-LeaderElection3288] INFO  server.RaftServerConfigKeys (ConfUtils.java:logGet(43)) - raft.server.watch.timeout = 10s (default)
2019-10-20 13:10:59,361 [pool-542-thread-1] INFO  server.RaftServerConfigKeys (ConfUtils.java:logGet(43)) - raft.server.log.segment.cache.num.max = 2 (custom)
2019-10-20 13:10:59,361 [0b324774-4593-4f2f-a2c4-e2cf67d32ecd@group-A10CF0A4F972-LeaderElection3288] INFO  server.RaftServerConfigKeys (ConfUtils.java:logGet(43)) - raft.server.watch.timeout.denomination = 1s (default)
2019-10-20 13:10:59,361 [pool-542-thread-1] INFO  segmented.SegmentedRaftLogWorker (SegmentedRaftLogWorker.java:<init>(173)) - new 1ac0a8d4-e534-43ce-83b1-426d47a3040d@group-42C3DBE2B33D-SegmentedRaftLogWorker for RaftStorage:Storage Directory /workdir/hadoop-ozone/integration-test/target/test-dir/MiniOzoneClusterImpl-7cb4dc35-5948-4f28-9541-652e3d9b0dcd/datanode-2/data/ratis/ae112795-7236-4d66-a54a-42c3dbe2b33d
2019-10-20 13:10:59,361 [0b324774-4593-4f2f-a2c4-e2cf67d32ecd@group-A10CF0A4F972-LeaderElection3288] INFO  server.RaftServerConfigKeys (ConfUtils.java:logGet(43)) - raft.server.watch.element-limit = 65536 (default)
2019-10-20 13:10:59,361 [pool-542-thread-1] INFO  server.RaftServerConfigKeys (ConfUtils.java:logGet(43)) - raft.server.log.queue.byte-limit = 2147483647 (custom)
2019-10-20 13:10:59,361 [pool-542-thread-1] INFO  server.RaftServerConfigKeys (ConfUtils.java:logGet(43)) - raft.server.log.queue.element-limit = 1024 (custom)
2019-10-20 13:10:59,361 [pool-522-thread-1] INFO  storage.RaftStorage (RaftStorage.java:format(84)) - Storage directory /workdir/hadoop-ozone/integration-test/target/test-dir/MiniOzoneClusterImpl-7cb4dc35-5948-4f28-9541-652e3d9b0dcd/datanode-0/data/ratis/ae112795-7236-4d66-a54a-42c3dbe2b33d has been successfully formatted.
2019-10-20 13:10:59,361 [pool-552-thread-1] INFO  storage.RaftStorage (RaftStorage.java:format(84)) - Storage directory /workdir/hadoop-ozone/integration-test/target/test-dir/MiniOzoneClusterImpl-7cb4dc35-5948-4f28-9541-652e3d9b0dcd/datanode-3/data/ratis/ae112795-7236-4d66-a54a-42c3dbe2b33d has been successfully formatted.
2019-10-20 13:10:59,361 [pool-542-thread-1] INFO  server.RaftServerConfigKeys (ConfUtils.java:logGet(43)) - raft.server.log.segment.size.max = 1048576 (custom)
2019-10-20 13:10:59,362 [pool-522-thread-1] INFO  ratis.ContainerStateMachine (ContainerStateMachine.java:loadSnapshot(231)) - group-42C3DBE2B33D: The snapshot info is null. Setting the last applied indexto:(t:0, i:~)
2019-10-20 13:10:59,362 [pool-542-thread-1] INFO  server.RaftServerConfigKeys (ConfUtils.java:logGet(43)) - raft.server.log.preallocated.size = 16384 (custom)
2019-10-20 13:10:59,362 [pool-552-thread-1] INFO  ratis.ContainerStateMachine (ContainerStateMachine.java:loadSnapshot(231)) - group-42C3DBE2B33D: The snapshot info is null. Setting the last applied indexto:(t:0, i:~)
2019-10-20 13:10:59,362 [pool-542-thread-1] INFO  server.RaftServerConfigKeys (ConfUtils.java:logGet(43)) - raft.server.log.write.buffer.size = 33554432 (custom)
2019-10-20 13:10:59,362 [pool-522-thread-1] INFO  server.RaftServerConfigKeys (ConfUtils.java:logGet(43)) - raft.server.notification.no-leader.timeout = 120s (custom)
2019-10-20 13:10:59,362 [pool-542-thread-1] INFO  server.RaftServerConfigKeys (ConfUtils.java:logGet(43)) - raft.server.log.force.sync.num = 128 (default)
2019-10-20 13:10:59,362 [pool-552-thread-1] INFO  server.RaftServerConfigKeys (ConfUtils.java:logGet(43)) - raft.server.notification.no-leader.timeout = 120s (custom)
2019-10-20 13:10:59,362 [0b324774-4593-4f2f-a2c4-e2cf67d32ecd@group-A10CF0A4F972-LeaderElection3288] INFO  impl.RoleInfo (RoleInfo.java:updateAndGet(143)) - 0b324774-4593-4f2f-a2c4-e2cf67d32ecd: start LeaderState
2019-10-20 13:10:59,362 [pool-542-thread-1] INFO  server.RaftServerConfigKeys (ConfUtils.java:logGet(43)) - raft.server.log.statemachine.data.sync = true (default)
2019-10-20 13:10:59,362 [pool-522-thread-1] INFO  server.RaftServerConfigKeys (ConfUtils.java:logGet(43)) - raft.server.log.use.memory = false (default)
2019-10-20 13:10:59,363 [0b324774-4593-4f2f-a2c4-e2cf67d32ecd@group-A10CF0A4F972-LeaderElection3288] INFO  segmented.SegmentedRaftLogWorker (SegmentedRaftLogWorker.java:startLogSegment(385)) - 0b324774-4593-4f2f-a2c4-e2cf67d32ecd@group-A10CF0A4F972-SegmentedRaftLogWorker: Starting segment from index:0
2019-10-20 13:10:59,363 [pool-542-thread-1] INFO  server.RaftServerConfigKeys (ConfUtils.java:logGet(43)) - raft.server.log.statemachine.data.sync.timeout = 10s (default)
2019-10-20 13:10:59,363 [pool-552-thread-1] INFO  server.RaftServerConfigKeys (ConfUtils.java:logGet(43)) - raft.server.log.use.memory = false (default)
2019-10-20 13:10:59,363 [pool-542-thread-1] INFO  server.RaftServerConfigKeys (ConfUtils.java:logGet(43)) - raft.server.log.statemachine.data.sync.timeout.retry = -1 (default)
2019-10-20 13:10:59,363 [pool-522-thread-1] INFO  server.RaftServerConfigKeys (ConfUtils.java:logGet(43)) - raft.server.log.purge.gap = 1000000 (custom)
2019-10-20 13:10:59,363 [pool-542-thread-1] INFO  server.RaftServerConfigKeys (ConfUtils.java:logGet(43)) - raft.server.log.statemachine.data.caching.enabled = true (custom)
2019-10-20 13:10:59,363 [pool-552-thread-1] INFO  server.RaftServerConfigKeys (ConfUtils.java:logGet(43)) - raft.server.log.purge.gap = 1000000 (custom)
2019-10-20 13:10:59,363 [0b324774-4593-4f2f-a2c4-e2cf67d32ecd@group-A10CF0A4F972-LeaderElection3288] INFO  impl.RaftServerImpl (ServerState.java:setRaftConf(357)) - 0b324774-4593-4f2f-a2c4-e2cf67d32ecd@group-A10CF0A4F972: set configuration 0: [0b324774-4593-4f2f-a2c4-e2cf67d32ecd:192.168.157.204:41063], old=null at 0
2019-10-20 13:10:59,364 [pool-542-thread-1] INFO  segmented.SegmentedRaftLogWorker (SegmentedRaftLogWorker.java:lambda$new$0(128)) - 1ac0a8d4-e534-43ce-83b1-426d47a3040d@group-42C3DBE2B33D-SegmentedRaftLogWorker: flushIndex: setUnconditionally 0 -> -1
2019-10-20 13:10:59,364 [pool-552-thread-1] INFO  server.RaftServerConfigKeys (ConfUtils.java:logGet(43)) - raft.server.log.appender.buffer.byte-limit = 33554432 (custom)
2019-10-20 13:10:59,363 [pool-522-thread-1] INFO  server.RaftServerConfigKeys (ConfUtils.java:logGet(43)) - raft.server.log.appender.buffer.byte-limit = 33554432 (custom)
2019-10-20 13:10:59,364 [pool-542-thread-1] INFO  server.RaftServerConfigKeys (ConfUtils.java:logGet(43)) - raft.server.snapshot.auto.trigger.enabled = true (custom)
2019-10-20 13:10:59,364 [pool-552-thread-1] INFO  server.RaftServerConfigKeys (ConfUtils.java:logGet(43)) - raft.server.log.segment.size.max = 1048576 (custom)
2019-10-20 13:10:59,364 [pool-542-thread-1] INFO  server.RaftServerConfigKeys (ConfUtils.java:logGet(43)) - raft.server.snapshot.auto.trigger.threshold = 10000 (custom)
2019-10-20 13:10:59,364 [pool-522-thread-1] INFO  server.RaftServerConfigKeys (ConfUtils.java:logGet(43)) - raft.server.log.segment.size.max = 1048576 (custom)
2019-10-20 13:10:59,364 [pool-542-thread-1] INFO  server.RaftServerConfigKeys (ConfUtils.java:logGet(43)) - raft.server.snapshot.retention.file.num = 5 (custom)
2019-10-20 13:10:59,364 [pool-552-thread-1] INFO  server.RaftServerConfigKeys (ConfUtils.java:logGet(43)) - raft.server.log.segment.cache.num.max = 2 (custom)
2019-10-20 13:10:59,364 [pool-542-thread-1] INFO  server.RaftServerConfigKeys (ConfUtils.java:logGet(43)) - raft.server.retrycache.expirytime = 600000ms (custom)
2019-10-20 13:10:59,364 [pool-522-thread-1] INFO  server.RaftServerConfigKeys (ConfUtils.java:logGet(43)) - raft.server.log.segment.cache.num.max = 2 (custom)
2019-10-20 13:10:59,364 [pool-552-thread-1] INFO  segmented.SegmentedRaftLogWorker (SegmentedRaftLogWorker.java:<init>(173)) - new 7660b851-9671-46a6-9e1d-7d946f95d492@group-42C3DBE2B33D-SegmentedRaftLogWorker for RaftStorage:Storage Directory /workdir/hadoop-ozone/integration-test/target/test-dir/MiniOzoneClusterImpl-7cb4dc35-5948-4f28-9541-652e3d9b0dcd/datanode-3/data/ratis/ae112795-7236-4d66-a54a-42c3dbe2b33d
2019-10-20 13:10:59,365 [pool-522-thread-1] INFO  segmented.SegmentedRaftLogWorker (SegmentedRaftLogWorker.java:<init>(173)) - new fdf19479-69c2-4639-b68c-6adde78ca28a@group-42C3DBE2B33D-SegmentedRaftLogWorker for RaftStorage:Storage Directory /workdir/hadoop-ozone/integration-test/target/test-dir/MiniOzoneClusterImpl-7cb4dc35-5948-4f28-9541-652e3d9b0dcd/datanode-0/data/ratis/ae112795-7236-4d66-a54a-42c3dbe2b33d
2019-10-20 13:10:59,365 [pool-552-thread-1] INFO  server.RaftServerConfigKeys (ConfUtils.java:logGet(43)) - raft.server.log.queue.byte-limit = 2147483647 (custom)
2019-10-20 13:10:59,365 [pool-522-thread-1] INFO  server.RaftServerConfigKeys (ConfUtils.java:logGet(43)) - raft.server.log.queue.byte-limit = 2147483647 (custom)
2019-10-20 13:10:59,365 [pool-552-thread-1] INFO  server.RaftServerConfigKeys (ConfUtils.java:logGet(43)) - raft.server.log.queue.element-limit = 1024 (custom)
2019-10-20 13:10:59,365 [pool-522-thread-1] INFO  server.RaftServerConfigKeys (ConfUtils.java:logGet(43)) - raft.server.log.queue.element-limit = 1024 (custom)
2019-10-20 13:10:59,365 [pool-552-thread-1] INFO  server.RaftServerConfigKeys (ConfUtils.java:logGet(43)) - raft.server.log.segment.size.max = 1048576 (custom)
2019-10-20 13:10:59,365 [pool-522-thread-1] INFO  server.RaftServerConfigKeys (ConfUtils.java:logGet(43)) - raft.server.log.segment.size.max = 1048576 (custom)
2019-10-20 13:10:59,365 [pool-552-thread-1] INFO  server.RaftServerConfigKeys (ConfUtils.java:logGet(43)) - raft.server.log.preallocated.size = 16384 (custom)
2019-10-20 13:10:59,365 [pool-522-thread-1] INFO  server.RaftServerConfigKeys (ConfUtils.java:logGet(43)) - raft.server.log.preallocated.size = 16384 (custom)
2019-10-20 13:10:59,365 [pool-552-thread-1] INFO  server.RaftServerConfigKeys (ConfUtils.java:logGet(43)) - raft.server.log.write.buffer.size = 33554432 (custom)
2019-10-20 13:10:59,366 [pool-522-thread-1] INFO  server.RaftServerConfigKeys (ConfUtils.java:logGet(43)) - raft.server.log.write.buffer.size = 33554432 (custom)
2019-10-20 13:10:59,366 [pool-552-thread-1] INFO  server.RaftServerConfigKeys (ConfUtils.java:logGet(43)) - raft.server.log.force.sync.num = 128 (default)
2019-10-20 13:10:59,366 [pool-542-thread-1] INFO  impl.RaftServerImpl (RaftServerImpl.java:start(195)) - 1ac0a8d4-e534-43ce-83b1-426d47a3040d@group-42C3DBE2B33D: start as a follower, conf=-1: [fdf19479-69c2-4639-b68c-6adde78ca28a:192.168.157.204:42858, 1ac0a8d4-e534-43ce-83b1-426d47a3040d:192.168.157.204:32953, 7660b851-9671-46a6-9e1d-7d946f95d492:192.168.157.204:41682], old=null
2019-10-20 13:10:59,366 [pool-522-thread-1] INFO  server.RaftServerConfigKeys (ConfUtils.java:logGet(43)) - raft.server.log.force.sync.num = 128 (default)
2019-10-20 13:10:59,366 [pool-542-thread-1] INFO  impl.RaftServerImpl (RaftServerImpl.java:setRole(184)) - 1ac0a8d4-e534-43ce-83b1-426d47a3040d@group-42C3DBE2B33D: changes role from      null to FOLLOWER at term 0 for startAsFollower
2019-10-20 13:10:59,366 [pool-552-thread-1] INFO  server.RaftServerConfigKeys (ConfUtils.java:logGet(43)) - raft.server.log.statemachine.data.sync = true (default)
2019-10-20 13:10:59,366 [pool-542-thread-1] INFO  impl.RoleInfo (RoleInfo.java:updateAndGet(143)) - 1ac0a8d4-e534-43ce-83b1-426d47a3040d: start FollowerState
2019-10-20 13:10:59,366 [pool-522-thread-1] INFO  server.RaftServerConfigKeys (ConfUtils.java:logGet(43)) - raft.server.log.statemachine.data.sync = true (default)
2019-10-20 13:10:59,366 [pool-552-thread-1] INFO  server.RaftServerConfigKeys (ConfUtils.java:logGet(43)) - raft.server.log.statemachine.data.sync.timeout = 10s (default)
2019-10-20 13:10:59,366 [pool-522-thread-1] INFO  server.RaftServerConfigKeys (ConfUtils.java:logGet(43)) - raft.server.log.statemachine.data.sync.timeout = 10s (default)
2019-10-20 13:10:59,366 [pool-542-thread-1] INFO  util.JmxRegister (JmxRegister.java:tryRegister(44)) - Successfully registered JMX Bean with object name Ratis:service=RaftServer,group=group-42C3DBE2B33D,id=1ac0a8d4-e534-43ce-83b1-426d47a3040d
2019-10-20 13:10:59,366 [pool-552-thread-1] INFO  server.RaftServerConfigKeys (ConfUtils.java:logGet(43)) - raft.server.log.statemachine.data.sync.timeout.retry = -1 (default)
2019-10-20 13:10:59,367 [pool-522-thread-1] INFO  server.RaftServerConfigKeys (ConfUtils.java:logGet(43)) - raft.server.log.statemachine.data.sync.timeout.retry = -1 (default)
2019-10-20 13:10:59,367 [pool-552-thread-1] INFO  server.RaftServerConfigKeys (ConfUtils.java:logGet(43)) - raft.server.log.statemachine.data.caching.enabled = true (custom)
2019-10-20 13:10:59,367 [pool-522-thread-1] INFO  server.RaftServerConfigKeys (ConfUtils.java:logGet(43)) - raft.server.log.statemachine.data.caching.enabled = true (custom)
2019-10-20 13:10:59,367 [pool-552-thread-1] INFO  segmented.SegmentedRaftLogWorker (SegmentedRaftLogWorker.java:lambda$new$0(128)) - 7660b851-9671-46a6-9e1d-7d946f95d492@group-42C3DBE2B33D-SegmentedRaftLogWorker: flushIndex: setUnconditionally 0 -> -1
2019-10-20 13:10:59,367 [pool-522-thread-1] INFO  segmented.SegmentedRaftLogWorker (SegmentedRaftLogWorker.java:lambda$new$0(128)) - fdf19479-69c2-4639-b68c-6adde78ca28a@group-42C3DBE2B33D-SegmentedRaftLogWorker: flushIndex: setUnconditionally 0 -> -1
2019-10-20 13:10:59,367 [pool-552-thread-1] INFO  server.RaftServerConfigKeys (ConfUtils.java:logGet(43)) - raft.server.snapshot.auto.trigger.enabled = true (custom)
2019-10-20 13:10:59,367 [pool-552-thread-1] INFO  server.RaftServerConfigKeys (ConfUtils.java:logGet(43)) - raft.server.snapshot.auto.trigger.threshold = 10000 (custom)
2019-10-20 13:10:59,368 [pool-522-thread-1] INFO  server.RaftServerConfigKeys (ConfUtils.java:logGet(43)) - raft.server.snapshot.auto.trigger.enabled = true (custom)
2019-10-20 13:10:59,368 [pool-552-thread-1] INFO  server.RaftServerConfigKeys (ConfUtils.java:logGet(43)) - raft.server.snapshot.retention.file.num = 5 (custom)
2019-10-20 13:10:59,368 [pool-522-thread-1] INFO  server.RaftServerConfigKeys (ConfUtils.java:logGet(43)) - raft.server.snapshot.auto.trigger.threshold = 10000 (custom)
2019-10-20 13:10:59,368 [pool-552-thread-1] INFO  server.RaftServerConfigKeys (ConfUtils.java:logGet(43)) - raft.server.retrycache.expirytime = 600000ms (custom)
2019-10-20 13:10:59,368 [pool-522-thread-1] INFO  server.RaftServerConfigKeys (ConfUtils.java:logGet(43)) - raft.server.snapshot.retention.file.num = 5 (custom)
2019-10-20 13:10:59,368 [pool-522-thread-1] INFO  server.RaftServerConfigKeys (ConfUtils.java:logGet(43)) - raft.server.retrycache.expirytime = 600000ms (custom)
2019-10-20 13:10:59,370 [Thread-24481] INFO  impl.FollowerState (FollowerState.java:run(108)) - 1ac0a8d4-e534-43ce-83b1-426d47a3040d@group-42C3DBE2B33D-FollowerState: change to CANDIDATE, lastRpcTime:3ms, electionTimeout:3ms
2019-10-20 13:10:59,370 [Thread-24481] INFO  impl.RoleInfo (RoleInfo.java:shutdownFollowerState(121)) - 1ac0a8d4-e534-43ce-83b1-426d47a3040d: shutdown FollowerState
2019-10-20 13:10:59,370 [Thread-24481] INFO  impl.RaftServerImpl (RaftServerImpl.java:setRole(184)) - 1ac0a8d4-e534-43ce-83b1-426d47a3040d@group-42C3DBE2B33D: changes role from  FOLLOWER to CANDIDATE at term 0 for changeToCandidate
2019-10-20 13:10:59,370 [pool-552-thread-1] INFO  impl.RaftServerImpl (RaftServerImpl.java:start(195)) - 7660b851-9671-46a6-9e1d-7d946f95d492@group-42C3DBE2B33D: start as a follower, conf=-1: [fdf19479-69c2-4639-b68c-6adde78ca28a:192.168.157.204:42858, 1ac0a8d4-e534-43ce-83b1-426d47a3040d:192.168.157.204:32953, 7660b851-9671-46a6-9e1d-7d946f95d492:192.168.157.204:41682], old=null
2019-10-20 13:10:59,370 [pool-552-thread-1] INFO  impl.RaftServerImpl (RaftServerImpl.java:setRole(184)) - 7660b851-9671-46a6-9e1d-7d946f95d492@group-42C3DBE2B33D: changes role from      null to FOLLOWER at term 0 for startAsFollower
2019-10-20 13:10:59,370 [Thread-24481] INFO  impl.RoleInfo (RoleInfo.java:updateAndGet(143)) - 1ac0a8d4-e534-43ce-83b1-426d47a3040d: start LeaderElection
2019-10-20 13:10:59,370 [pool-522-thread-1] INFO  impl.RaftServerImpl (RaftServerImpl.java:start(195)) - fdf19479-69c2-4639-b68c-6adde78ca28a@group-42C3DBE2B33D: start as a follower, conf=-1: [fdf19479-69c2-4639-b68c-6adde78ca28a:192.168.157.204:42858, 1ac0a8d4-e534-43ce-83b1-426d47a3040d:192.168.157.204:32953, 7660b851-9671-46a6-9e1d-7d946f95d492:192.168.157.204:41682], old=null
2019-10-20 13:10:59,370 [pool-552-thread-1] INFO  impl.RoleInfo (RoleInfo.java:updateAndGet(143)) - 7660b851-9671-46a6-9e1d-7d946f95d492: start FollowerState
2019-10-20 13:10:59,370 [pool-522-thread-1] INFO  impl.RaftServerImpl (RaftServerImpl.java:setRole(184)) - fdf19479-69c2-4639-b68c-6adde78ca28a@group-42C3DBE2B33D: changes role from      null to FOLLOWER at term 0 for startAsFollower
2019-10-20 13:10:59,398 [pool-552-thread-1] INFO  util.JmxRegister (JmxRegister.java:tryRegister(44)) - Successfully registered JMX Bean with object name Ratis:service=RaftServer,group=group-42C3DBE2B33D,id=7660b851-9671-46a6-9e1d-7d946f95d492
2019-10-20 13:10:59,398 [pool-522-thread-1] INFO  impl.RoleInfo (RoleInfo.java:updateAndGet(143)) - fdf19479-69c2-4639-b68c-6adde78ca28a: start FollowerState
2019-10-20 13:10:59,398 [pool-522-thread-1] INFO  util.JmxRegister (JmxRegister.java:tryRegister(44)) - Successfully registered JMX Bean with object name Ratis:service=RaftServer,group=group-42C3DBE2B33D,id=fdf19479-69c2-4639-b68c-6adde78ca28a
2019-10-20 13:10:59,399 [IPC Server handler 10 on 40084] INFO  net.NetworkTopology (NetworkTopologyImpl.java:add(111)) - Added a new node: /rack1/92caf199-1518-46a4-aa0d-e8059f4ddc2b
2019-10-20 13:10:59,399 [IPC Server handler 10 on 40084] INFO  node.SCMNodeManager (SCMNodeManager.java:register(268)) - Registered Data node : 92caf199-1518-46a4-aa0d-e8059f4ddc2b{ip: 192.168.157.204, host: pr-hdds-2337-fjsvx-2218173377, networkLocation: /rack1, certSerialId: null}
2019-10-20 13:10:59,402 [RatisPipelineUtilsThread] INFO  pipeline.PipelineStateManager (PipelineStateManager.java:addPipeline(56)) - Created pipeline Pipeline[ Id: ae112795-7236-4d66-a54a-42c3dbe2b33d, Nodes: fdf19479-69c2-4639-b68c-6adde78ca28a{ip: 192.168.157.204, host: pr-hdds-2337-fjsvx-2218173377, networkLocation: /rack1, certSerialId: null}7660b851-9671-46a6-9e1d-7d946f95d492{ip: 192.168.157.204, host: pr-hdds-2337-fjsvx-2218173377, networkLocation: /rack1, certSerialId: null}1ac0a8d4-e534-43ce-83b1-426d47a3040d{ip: 192.168.157.204, host: pr-hdds-2337-fjsvx-2218173377, networkLocation: /rack1, certSerialId: null}, Type:RATIS, Factor:THREE, State:OPEN]
2019-10-20 13:10:59,410 [1ac0a8d4-e534-43ce-83b1-426d47a3040d@group-C3E88BA3B0E5-SegmentedRaftLogWorker] INFO  segmented.SegmentedRaftLogWorker (SegmentedRaftLogWorker.java:execute(576)) - 1ac0a8d4-e534-43ce-83b1-426d47a3040d@group-C3E88BA3B0E5-SegmentedRaftLogWorker: created new log segment /workdir/hadoop-ozone/integration-test/target/test-dir/MiniOzoneClusterImpl-7cb4dc35-5948-4f28-9541-652e3d9b0dcd/datanode-2/data/ratis/19f8daf6-e2ca-4211-9319-c3e88ba3b0e5/current/log_inprogress_0
2019-10-20 13:10:59,410 [0b324774-4593-4f2f-a2c4-e2cf67d32ecd@group-A10CF0A4F972-SegmentedRaftLogWorker] INFO  segmented.SegmentedRaftLogWorker (SegmentedRaftLogWorker.java:execute(576)) - 0b324774-4593-4f2f-a2c4-e2cf67d32ecd@group-A10CF0A4F972-SegmentedRaftLogWorker: created new log segment /workdir/hadoop-ozone/integration-test/target/test-dir/MiniOzoneClusterImpl-7cb4dc35-5948-4f28-9541-652e3d9b0dcd/datanode-4/data/ratis/5f9eb776-919e-42c8-94a8-a10cf0a4f972/current/log_inprogress_0
2019-10-20 13:10:59,410 [1ac0a8d4-e534-43ce-83b1-426d47a3040d@group-42C3DBE2B33D-LeaderElection3289] INFO  impl.LeaderElection (LeaderElection.java:askForVotes(178)) - 1ac0a8d4-e534-43ce-83b1-426d47a3040d@group-42C3DBE2B33D-LeaderElection3289: begin an election at term 1 for -1: [fdf19479-69c2-4639-b68c-6adde78ca28a:192.168.157.204:42858, 1ac0a8d4-e534-43ce-83b1-426d47a3040d:192.168.157.204:32953, 7660b851-9671-46a6-9e1d-7d946f95d492:192.168.157.204:41682], old=null
2019-10-20 13:10:59,412 [grpc-default-executor-10] INFO  impl.RaftServerProxy (RaftServerProxy.java:addNew(89)) - d7eba74f-c3d7-492f-90de-a44c4d301567: addNew group-8AAF828E5632:[92caf199-1518-46a4-aa0d-e8059f4ddc2b:192.168.157.204:44100, d7eba74f-c3d7-492f-90de-a44c4d301567:192.168.157.204:44625, 57d97a36-4998-4a67-afe7-2be16a9f25e7:192.168.157.204:44478] returns group-8AAF828E5632:java.util.concurrent.CompletableFuture@5a029f3f[Not completed]
2019-10-20 13:10:59,412 [grpc-default-executor-2] INFO  impl.RaftServerProxy (RaftServerProxy.java:addNew(89)) - 57d97a36-4998-4a67-afe7-2be16a9f25e7: addNew group-8AAF828E5632:[92caf199-1518-46a4-aa0d-e8059f4ddc2b:192.168.157.204:44100, d7eba74f-c3d7-492f-90de-a44c4d301567:192.168.157.204:44625, 57d97a36-4998-4a67-afe7-2be16a9f25e7:192.168.157.204:44478] returns group-8AAF828E5632:java.util.concurrent.CompletableFuture@14c312f1[Not completed]
2019-10-20 13:10:59,415 [grpc-default-executor-10] INFO  impl.RaftServerProxy (RaftServerProxy.java:addNew(89)) - 92caf199-1518-46a4-aa0d-e8059f4ddc2b: addNew group-8AAF828E5632:[92caf199-1518-46a4-aa0d-e8059f4ddc2b:192.168.157.204:44100, d7eba74f-c3d7-492f-90de-a44c4d301567:192.168.157.204:44625, 57d97a36-4998-4a67-afe7-2be16a9f25e7:192.168.157.204:44478] returns group-8AAF828E5632:java.util.concurrent.CompletableFuture@2243672d[Not completed]
2019-10-20 13:10:59,416 [pool-532-thread-1] INFO  impl.RaftServerImpl (RaftServerImpl.java:<init>(104)) - 57d97a36-4998-4a67-afe7-2be16a9f25e7: new RaftServerImpl for group-8AAF828E5632:[92caf199-1518-46a4-aa0d-e8059f4ddc2b:192.168.157.204:44100, d7eba74f-c3d7-492f-90de-a44c4d301567:192.168.157.204:44625, 57d97a36-4998-4a67-afe7-2be16a9f25e7:192.168.157.204:44478] with ContainerStateMachine:uninitialized
2019-10-20 13:10:59,416 [pool-532-thread-1] INFO  server.RaftServerConfigKeys (ConfUtils.java:logGet(43)) - raft.server.rpc.timeout.min = 1s (custom)
2019-10-20 13:10:59,416 [pool-532-thread-1] INFO  server.RaftServerConfigKeys (ConfUtils.java:logGet(43)) - raft.server.rpc.timeout.max = 1200ms (custom)
2019-10-20 13:10:59,418 [grpc-default-executor-9] INFO  impl.RaftServerImpl (RaftServerImpl.java:setRole(184)) - fdf19479-69c2-4639-b68c-6adde78ca28a@group-42C3DBE2B33D: changes role from  FOLLOWER to FOLLOWER at term 1 for recognizeCandidate:1ac0a8d4-e534-43ce-83b1-426d47a3040d
2019-10-20 13:10:59,418 [grpc-default-executor-9] INFO  impl.RoleInfo (RoleInfo.java:shutdownFollowerState(121)) - fdf19479-69c2-4639-b68c-6adde78ca28a: shutdown FollowerState
2019-10-20 13:10:59,418 [pool-532-thread-1] INFO  server.RaftServerConfigKeys (ConfUtils.java:logGet(43)) - raft.server.rpcslowness.timeout = 120s (custom)
2019-10-20 13:10:59,420 [grpc-default-executor-2] INFO  impl.RaftServerImpl (RaftServerImpl.java:setRole(184)) - 7660b851-9671-46a6-9e1d-7d946f95d492@group-42C3DBE2B33D: changes role from  FOLLOWER to FOLLOWER at term 1 for recognizeCandidate:1ac0a8d4-e534-43ce-83b1-426d47a3040d
2019-10-20 13:10:59,419 [Thread-24487] INFO  impl.FollowerState (FollowerState.java:run(117)) - fdf19479-69c2-4639-b68c-6adde78ca28a@group-42C3DBE2B33D-FollowerState was interrupted: java.lang.InterruptedException: sleep interrupted
2019-10-20 13:10:59,418 [pool-582-thread-1] INFO  impl.RaftServerImpl (RaftServerImpl.java:<init>(104)) - 92caf199-1518-46a4-aa0d-e8059f4ddc2b: new RaftServerImpl for group-8AAF828E5632:[92caf199-1518-46a4-aa0d-e8059f4ddc2b:192.168.157.204:44100, d7eba74f-c3d7-492f-90de-a44c4d301567:192.168.157.204:44625, 57d97a36-4998-4a67-afe7-2be16a9f25e7:192.168.157.204:44478] with ContainerStateMachine:uninitialized
2019-10-20 13:10:59,418 [grpc-default-executor-9] INFO  impl.RoleInfo (RoleInfo.java:updateAndGet(143)) - fdf19479-69c2-4639-b68c-6adde78ca28a: start FollowerState
2019-10-20 13:10:59,421 [pool-582-thread-1] INFO  server.RaftServerConfigKeys (ConfUtils.java:logGet(43)) - raft.server.rpc.timeout.min = 1s (custom)
2019-10-20 13:10:59,421 [pool-582-thread-1] INFO  server.RaftServerConfigKeys (ConfUtils.java:logGet(43)) - raft.server.rpc.timeout.max = 1200ms (custom)
2019-10-20 13:10:59,420 [grpc-default-executor-2] INFO  impl.RoleInfo (RoleInfo.java:shutdownFollowerState(121)) - 7660b851-9671-46a6-9e1d-7d946f95d492: shutdown FollowerState
2019-10-20 13:10:59,421 [grpc-default-executor-2] INFO  impl.RoleInfo (RoleInfo.java:updateAndGet(143)) - 7660b851-9671-46a6-9e1d-7d946f95d492: start FollowerState
2019-10-20 13:10:59,420 [pool-532-thread-1] INFO  server.RaftServerConfigKeys (ConfUtils.java:logGet(43)) - raft.server.sleep.deviation.threshold = 300 (default)
2019-10-20 13:10:59,421 [Thread-24486] INFO  impl.FollowerState (FollowerState.java:run(117)) - 7660b851-9671-46a6-9e1d-7d946f95d492@group-42C3DBE2B33D-FollowerState was interrupted: java.lang.InterruptedException: sleep interrupted
2019-10-20 13:10:59,421 [pool-582-thread-1] INFO  server.RaftServerConfigKeys (ConfUtils.java:logGet(43)) - raft.server.rpcslowness.timeout = 120s (custom)
2019-10-20 13:10:59,421 [pool-572-thread-1] INFO  impl.RaftServerImpl (RaftServerImpl.java:<init>(104)) - d7eba74f-c3d7-492f-90de-a44c4d301567: new RaftServerImpl for group-8AAF828E5632:[92caf199-1518-46a4-aa0d-e8059f4ddc2b:192.168.157.204:44100, d7eba74f-c3d7-492f-90de-a44c4d301567:192.168.157.204:44625, 57d97a36-4998-4a67-afe7-2be16a9f25e7:192.168.157.204:44478] with ContainerStateMachine:uninitialized
2019-10-20 13:10:59,422 [pool-582-thread-1] INFO  server.RaftServerConfigKeys (ConfUtils.java:logGet(43)) - raft.server.sleep.deviation.threshold = 300 (default)
2019-10-20 13:10:59,421 [pool-532-thread-1] INFO  server.RaftServerConfigKeys (ConfUtils.java:logGet(43)) - raft.server.log.appender.install.snapshot.enabled = false (custom)
2019-10-20 13:10:59,422 [pool-582-thread-1] INFO  server.RaftServerConfigKeys (ConfUtils.java:logGet(43)) - raft.server.log.appender.install.snapshot.enabled = false (custom)
2019-10-20 13:10:59,422 [pool-572-thread-1] INFO  server.RaftServerConfigKeys (ConfUtils.java:logGet(43)) - raft.server.rpc.timeout.min = 1s (custom)
2019-10-20 13:10:59,422 [pool-582-thread-1] INFO  impl.RaftServerImpl (ServerState.java:<init>(103)) - 92caf199-1518-46a4-aa0d-e8059f4ddc2b@group-8AAF828E5632: ConfigurationManager, init=-1: [92caf199-1518-46a4-aa0d-e8059f4ddc2b:192.168.157.204:44100, d7eba74f-c3d7-492f-90de-a44c4d301567:192.168.157.204:44625, 57d97a36-4998-4a67-afe7-2be16a9f25e7:192.168.157.204:44478], old=null, confs=<EMPTY_MAP>
2019-10-20 13:10:59,422 [pool-532-thread-1] INFO  impl.RaftServerImpl (ServerState.java:<init>(103)) - 57d97a36-4998-4a67-afe7-2be16a9f25e7@group-8AAF828E5632: ConfigurationManager, init=-1: [92caf199-1518-46a4-aa0d-e8059f4ddc2b:192.168.157.204:44100, d7eba74f-c3d7-492f-90de-a44c4d301567:192.168.157.204:44625, 57d97a36-4998-4a67-afe7-2be16a9f25e7:192.168.157.204:44478], old=null, confs=<EMPTY_MAP>
2019-10-20 13:10:59,423 [pool-582-thread-1] INFO  server.RaftServerConfigKeys (ConfUtils.java:logGet(43)) - raft.server.storage.dir = [/workdir/hadoop-ozone/integration-test/target/test-dir/MiniOzoneClusterImpl-7cb4dc35-5948-4f28-9541-652e3d9b0dcd/datanode-6/data/ratis] (custom)
2019-10-20 13:10:59,422 [pool-572-thread-1] INFO  server.RaftServerConfigKeys (ConfUtils.java:logGet(43)) - raft.server.rpc.timeout.max = 1200ms (custom)
2019-10-20 13:10:59,423 [pool-532-thread-1] INFO  server.RaftServerConfigKeys (ConfUtils.java:logGet(43)) - raft.server.storage.dir = [/workdir/hadoop-ozone/integration-test/target/test-dir/MiniOzoneClusterImpl-7cb4dc35-5948-4f28-9541-652e3d9b0dcd/datanode-1/data/ratis] (custom)
2019-10-20 13:10:59,423 [pool-582-thread-1] INFO  server.RaftServerConfigKeys (ConfUtils.java:logGet(43)) - raft.server.log.corruption.policy = EXCEPTION (default)
2019-10-20 13:10:59,423 [pool-572-thread-1] INFO  server.RaftServerConfigKeys (ConfUtils.java:logGet(43)) - raft.server.rpcslowness.timeout = 120s (custom)
2019-10-20 13:10:59,423 [pool-532-thread-1] INFO  server.RaftServerConfigKeys (ConfUtils.java:logGet(43)) - raft.server.log.corruption.policy = EXCEPTION (default)
2019-10-20 13:10:59,423 [pool-572-thread-1] INFO  server.RaftServerConfigKeys (ConfUtils.java:logGet(43)) - raft.server.sleep.deviation.threshold = 300 (default)
2019-10-20 13:10:59,423 [pool-582-thread-1] INFO  storage.RaftStorageDirectory (RaftStorageDirectory.java:analyzeStorage(246)) - The storage directory /workdir/hadoop-ozone/integration-test/target/test-dir/MiniOzoneClusterImpl-7cb4dc35-5948-4f28-9541-652e3d9b0dcd/datanode-6/data/ratis/ef742c5e-1e61-48de-9699-8aaf828e5632 does not exist. Creating ...
2019-10-20 13:10:59,424 [pool-572-thread-1] INFO  server.RaftServerConfigKeys (ConfUtils.java:logGet(43)) - raft.server.log.appender.install.snapshot.enabled = false (custom)
2019-10-20 13:10:59,424 [pool-532-thread-1] INFO  storage.RaftStorageDirectory (RaftStorageDirectory.java:analyzeStorage(246)) - The storage directory /workdir/hadoop-ozone/integration-test/target/test-dir/MiniOzoneClusterImpl-7cb4dc35-5948-4f28-9541-652e3d9b0dcd/datanode-1/data/ratis/ef742c5e-1e61-48de-9699-8aaf828e5632 does not exist. Creating ...
2019-10-20 13:10:59,424 [pool-572-thread-1] INFO  impl.RaftServerImpl (ServerState.java:<init>(103)) - d7eba74f-c3d7-492f-90de-a44c4d301567@group-8AAF828E5632: ConfigurationManager, init=-1: [92caf199-1518-46a4-aa0d-e8059f4ddc2b:192.168.157.204:44100, d7eba74f-c3d7-492f-90de-a44c4d301567:192.168.157.204:44625, 57d97a36-4998-4a67-afe7-2be16a9f25e7:192.168.157.204:44478], old=null, confs=<EMPTY_MAP>
2019-10-20 13:10:59,424 [pool-572-thread-1] INFO  server.RaftServerConfigKeys (ConfUtils.java:logGet(43)) - raft.server.storage.dir = [/workdir/hadoop-ozone/integration-test/target/test-dir/MiniOzoneClusterImpl-7cb4dc35-5948-4f28-9541-652e3d9b0dcd/datanode-5/data/ratis] (custom)
2019-10-20 13:10:59,425 [pool-572-thread-1] INFO  server.RaftServerConfigKeys (ConfUtils.java:logGet(43)) - raft.server.log.corruption.policy = EXCEPTION (default)
2019-10-20 13:10:59,425 [pool-572-thread-1] INFO  storage.RaftStorageDirectory (RaftStorageDirectory.java:analyzeStorage(246)) - The storage directory /workdir/hadoop-ozone/integration-test/target/test-dir/MiniOzoneClusterImpl-7cb4dc35-5948-4f28-9541-652e3d9b0dcd/datanode-5/data/ratis/ef742c5e-1e61-48de-9699-8aaf828e5632 does not exist. Creating ...
2019-10-20 13:10:59,434 [pool-582-thread-1] INFO  storage.RaftStorageDirectory (RaftStorageDirectory.java:tryLock(328)) - Lock on /workdir/hadoop-ozone/integration-test/target/test-dir/MiniOzoneClusterImpl-7cb4dc35-5948-4f28-9541-652e3d9b0dcd/datanode-6/data/ratis/ef742c5e-1e61-48de-9699-8aaf828e5632/in_use.lock acquired by nodename 20633@pr-hdds-2337-fjsvx-2218173377
2019-10-20 13:10:59,434 [pool-532-thread-1] INFO  storage.RaftStorageDirectory (RaftStorageDirectory.java:tryLock(328)) - Lock on /workdir/hadoop-ozone/integration-test/target/test-dir/MiniOzoneClusterImpl-7cb4dc35-5948-4f28-9541-652e3d9b0dcd/datanode-1/data/ratis/ef742c5e-1e61-48de-9699-8aaf828e5632/in_use.lock acquired by nodename 20633@pr-hdds-2337-fjsvx-2218173377
2019-10-20 13:10:59,434 [pool-572-thread-1] INFO  storage.RaftStorageDirectory (RaftStorageDirectory.java:tryLock(328)) - Lock on /workdir/hadoop-ozone/integration-test/target/test-dir/MiniOzoneClusterImpl-7cb4dc35-5948-4f28-9541-652e3d9b0dcd/datanode-5/data/ratis/ef742c5e-1e61-48de-9699-8aaf828e5632/in_use.lock acquired by nodename 20633@pr-hdds-2337-fjsvx-2218173377
2019-10-20 13:10:59,435 [1ac0a8d4-e534-43ce-83b1-426d47a3040d@group-42C3DBE2B33D-LeaderElection3289] INFO  impl.LeaderElection (LeaderElection.java:logAndReturn(56)) - 1ac0a8d4-e534-43ce-83b1-426d47a3040d@group-42C3DBE2B33D-LeaderElection3289: Election PASSED; received 1 response(s) [1ac0a8d4-e534-43ce-83b1-426d47a3040d<-7660b851-9671-46a6-9e1d-7d946f95d492#0:OK-t1] and 0 exception(s); 1ac0a8d4-e534-43ce-83b1-426d47a3040d@group-42C3DBE2B33D:t1, leader=null, voted=1ac0a8d4-e534-43ce-83b1-426d47a3040d, raftlog=1ac0a8d4-e534-43ce-83b1-426d47a3040d@group-42C3DBE2B33D-SegmentedRaftLog:OPENED:c-1,f-1,i0, conf=-1: [fdf19479-69c2-4639-b68c-6adde78ca28a:192.168.157.204:42858, 1ac0a8d4-e534-43ce-83b1-426d47a3040d:192.168.157.204:32953, 7660b851-9671-46a6-9e1d-7d946f95d492:192.168.157.204:41682], old=null
2019-10-20 13:10:59,435 [1ac0a8d4-e534-43ce-83b1-426d47a3040d@group-42C3DBE2B33D-LeaderElection3289] INFO  impl.RoleInfo (RoleInfo.java:shutdownLeaderElection(134)) - 1ac0a8d4-e534-43ce-83b1-426d47a3040d: shutdown LeaderElection
2019-10-20 13:10:59,435 [1ac0a8d4-e534-43ce-83b1-426d47a3040d@group-42C3DBE2B33D-LeaderElection3289] INFO  impl.RaftServerImpl (RaftServerImpl.java:setRole(184)) - 1ac0a8d4-e534-43ce-83b1-426d47a3040d@group-42C3DBE2B33D: changes role from CANDIDATE to LEADER at term 1 for changeToLeader
2019-10-20 13:10:59,435 [1ac0a8d4-e534-43ce-83b1-426d47a3040d@group-42C3DBE2B33D-LeaderElection3289] INFO  impl.RaftServerImpl (ServerState.java:setLeader(256)) - 1ac0a8d4-e534-43ce-83b1-426d47a3040d@group-42C3DBE2B33D: change Leader from null to 1ac0a8d4-e534-43ce-83b1-426d47a3040d at term 1 for becomeLeader, leader elected after 74ms
2019-10-20 13:10:59,435 [1ac0a8d4-e534-43ce-83b1-426d47a3040d@group-42C3DBE2B33D-LeaderElection3289] INFO  server.RaftServerConfigKeys (ConfUtils.java:logGet(43)) - raft.server.staging.catchup.gap = 1000 (default)
2019-10-20 13:10:59,435 [1ac0a8d4-e534-43ce-83b1-426d47a3040d@group-42C3DBE2B33D-LeaderElection3289] INFO  server.RaftServerConfigKeys (ConfUtils.java:logGet(43)) - raft.server.rpc.sleep.time = 25ms (default)
2019-10-20 13:10:59,435 [1ac0a8d4-e534-43ce-83b1-426d47a3040d@group-42C3DBE2B33D-LeaderElection3289] INFO  server.RaftServerConfigKeys (ConfUtils.java:logGet(43)) - raft.server.write.element-limit = 4096 (default)
2019-10-20 13:10:59,435 [1ac0a8d4-e534-43ce-83b1-426d47a3040d@group-42C3DBE2B33D-LeaderElection3289] INFO  server.RaftServerConfigKeys (ConfUtils.java:logGet(43)) - raft.server.watch.timeout = 10s (default)
2019-10-20 13:10:59,435 [1ac0a8d4-e534-43ce-83b1-426d47a3040d@group-42C3DBE2B33D-LeaderElection3289] INFO  server.RaftServerConfigKeys (ConfUtils.java:logGet(43)) - raft.server.watch.timeout.denomination = 1s (default)
2019-10-20 13:10:59,436 [1ac0a8d4-e534-43ce-83b1-426d47a3040d@group-42C3DBE2B33D-LeaderElection3289] INFO  server.RaftServerConfigKeys (ConfUtils.java:logGet(43)) - raft.server.watch.element-limit = 65536 (default)
2019-10-20 13:10:59,437 [1ac0a8d4-e534-43ce-83b1-426d47a3040d@group-42C3DBE2B33D-LeaderElection3289] INFO  server.RaftServerConfigKeys (ConfUtils.java:logGet(43)) - raft.server.log.appender.snapshot.chunk.size.max = 16MB (=16777216) (default)
2019-10-20 13:10:59,437 [1ac0a8d4-e534-43ce-83b1-426d47a3040d@group-42C3DBE2B33D-LeaderElection3289] INFO  server.RaftServerConfigKeys (ConfUtils.java:logGet(43)) - raft.server.log.appender.buffer.byte-limit = 33554432 (custom)
2019-10-20 13:10:59,437 [1ac0a8d4-e534-43ce-83b1-426d47a3040d@group-42C3DBE2B33D-LeaderElection3289] INFO  server.RaftServerConfigKeys (ConfUtils.java:logGet(43)) - raft.server.log.appender.buffer.element-limit = 1 (custom)
2019-10-20 13:10:59,438 [1ac0a8d4-e534-43ce-83b1-426d47a3040d@group-42C3DBE2B33D-LeaderElection3289] INFO  grpc.GrpcConfigKeys$Server (ConfUtils.java:logGet(43)) - raft.grpc.server.leader.outstanding.appends.max = 128 (default)
2019-10-20 13:10:59,438 [1ac0a8d4-e534-43ce-83b1-426d47a3040d@group-42C3DBE2B33D-LeaderElection3289] INFO  server.RaftServerConfigKeys (ConfUtils.java:logGet(43)) - raft.server.rpc.request.timeout = 3000ms (default)
2019-10-20 13:10:59,438 [1ac0a8d4-e534-43ce-83b1-426d47a3040d@group-42C3DBE2B33D-LeaderElection3289] INFO  server.RaftServerConfigKeys (ConfUtils.java:logGet(43)) - raft.server.log.appender.install.snapshot.enabled = false (custom)
2019-10-20 13:10:59,439 [1ac0a8d4-e534-43ce-83b1-426d47a3040d@group-42C3DBE2B33D-LeaderElection3289] INFO  server.RaftServerConfigKeys (ConfUtils.java:logGet(43)) - raft.server.log.appender.snapshot.chunk.size.max = 16MB (=16777216) (default)
2019-10-20 13:10:59,440 [1ac0a8d4-e534-43ce-83b1-426d47a3040d@group-42C3DBE2B33D-LeaderElection3289] INFO  server.RaftServerConfigKeys (ConfUtils.java:logGet(43)) - raft.server.log.appender.buffer.byte-limit = 33554432 (custom)
2019-10-20 13:10:59,440 [1ac0a8d4-e534-43ce-83b1-426d47a3040d@group-42C3DBE2B33D-LeaderElection3289] INFO  server.RaftServerConfigKeys (ConfUtils.java:logGet(43)) - raft.server.log.appender.buffer.element-limit = 1 (custom)
2019-10-20 13:10:59,440 [1ac0a8d4-e534-43ce-83b1-426d47a3040d@group-42C3DBE2B33D-LeaderElection3289] INFO  grpc.GrpcConfigKeys$Server (ConfUtils.java:logGet(43)) - raft.grpc.server.leader.outstanding.appends.max = 128 (default)
2019-10-20 13:10:59,440 [1ac0a8d4-e534-43ce-83b1-426d47a3040d@group-42C3DBE2B33D-LeaderElection3289] INFO  server.RaftServerConfigKeys (ConfUtils.java:logGet(43)) - raft.server.rpc.request.timeout = 3000ms (default)
2019-10-20 13:10:59,440 [1ac0a8d4-e534-43ce-83b1-426d47a3040d@group-42C3DBE2B33D-LeaderElection3289] INFO  server.RaftServerConfigKeys (ConfUtils.java:logGet(43)) - raft.server.log.appender.install.snapshot.enabled = false (custom)
2019-10-20 13:10:59,443 [Thread-24493] INFO  impl.FollowerState (FollowerState.java:run(108)) - 7660b851-9671-46a6-9e1d-7d946f95d492@group-42C3DBE2B33D-FollowerState: change to CANDIDATE, lastRpcTime:22ms, electionTimeout:20ms
2019-10-20 13:10:59,443 [Thread-24493] INFO  impl.RoleInfo (RoleInfo.java:shutdownFollowerState(121)) - 7660b851-9671-46a6-9e1d-7d946f95d492: shutdown FollowerState
2019-10-20 13:10:59,444 [Thread-24493] INFO  impl.RaftServerImpl (RaftServerImpl.java:setRole(184)) - 7660b851-9671-46a6-9e1d-7d946f95d492@group-42C3DBE2B33D: changes role from  FOLLOWER to CANDIDATE at term 1 for changeToCandidate
2019-10-20 13:10:59,444 [1ac0a8d4-e534-43ce-83b1-426d47a3040d@group-42C3DBE2B33D-LeaderElection3289] INFO  impl.RoleInfo (RoleInfo.java:updateAndGet(143)) - 1ac0a8d4-e534-43ce-83b1-426d47a3040d: start LeaderState
2019-10-20 13:10:59,444 [Thread-24493] INFO  impl.RoleInfo (RoleInfo.java:updateAndGet(143)) - 7660b851-9671-46a6-9e1d-7d946f95d492: start LeaderElection
2019-10-20 13:10:59,444 [1ac0a8d4-e534-43ce-83b1-426d47a3040d@group-42C3DBE2B33D-LeaderElection3289] INFO  segmented.SegmentedRaftLogWorker (SegmentedRaftLogWorker.java:startLogSegment(385)) - 1ac0a8d4-e534-43ce-83b1-426d47a3040d@group-42C3DBE2B33D-SegmentedRaftLogWorker: Starting segment from index:0
2019-10-20 13:10:59,445 [1ac0a8d4-e534-43ce-83b1-426d47a3040d@group-42C3DBE2B33D-LeaderElection3289] INFO  impl.RaftServerImpl (ServerState.java:setRaftConf(357)) - 1ac0a8d4-e534-43ce-83b1-426d47a3040d@group-42C3DBE2B33D: set configuration 0: [fdf19479-69c2-4639-b68c-6adde78ca28a:192.168.157.204:42858, 1ac0a8d4-e534-43ce-83b1-426d47a3040d:192.168.157.204:32953, 7660b851-9671-46a6-9e1d-7d946f95d492:192.168.157.204:41682], old=null at 0
2019-10-20 13:10:59,478 [pool-582-thread-1] INFO  storage.RaftStorage (RaftStorage.java:format(84)) - Storage directory /workdir/hadoop-ozone/integration-test/target/test-dir/MiniOzoneClusterImpl-7cb4dc35-5948-4f28-9541-652e3d9b0dcd/datanode-6/data/ratis/ef742c5e-1e61-48de-9699-8aaf828e5632 has been successfully formatted.
2019-10-20 13:10:59,478 [pool-572-thread-1] INFO  storage.RaftStorage (RaftStorage.java:format(84)) - Storage directory /workdir/hadoop-ozone/integration-test/target/test-dir/MiniOzoneClusterImpl-7cb4dc35-5948-4f28-9541-652e3d9b0dcd/datanode-5/data/ratis/ef742c5e-1e61-48de-9699-8aaf828e5632 has been successfully formatted.
2019-10-20 13:10:59,478 [grpc-default-executor-9] INFO  impl.RaftServerImpl (ServerState.java:setLeader(256)) - fdf19479-69c2-4639-b68c-6adde78ca28a@group-42C3DBE2B33D: change Leader from null to 1ac0a8d4-e534-43ce-83b1-426d47a3040d at term 1 for appendEntries, leader elected after 116ms
2019-10-20 13:10:59,478 [7660b851-9671-46a6-9e1d-7d946f95d492@group-42C3DBE2B33D-LeaderElection3290] INFO  impl.LeaderElection (LeaderElection.java:askForVotes(178)) - 7660b851-9671-46a6-9e1d-7d946f95d492@group-42C3DBE2B33D-LeaderElection3290: begin an election at term 2 for -1: [fdf19479-69c2-4639-b68c-6adde78ca28a:192.168.157.204:42858, 1ac0a8d4-e534-43ce-83b1-426d47a3040d:192.168.157.204:32953, 7660b851-9671-46a6-9e1d-7d946f95d492:192.168.157.204:41682], old=null
2019-10-20 13:10:59,478 [pool-532-thread-1] INFO  storage.RaftStorage (RaftStorage.java:format(84)) - Storage directory /workdir/hadoop-ozone/integration-test/target/test-dir/MiniOzoneClusterImpl-7cb4dc35-5948-4f28-9541-652e3d9b0dcd/datanode-1/data/ratis/ef742c5e-1e61-48de-9699-8aaf828e5632 has been successfully formatted.
2019-10-20 13:10:59,479 [IPC Server handler 1 on 40084] INFO  net.NetworkTopology (NetworkTopologyImpl.java:add(111)) - Added a new node: /rack1/4d585c25-980a-43ef-83b7-f2d8ca21bb18
2019-10-20 13:10:59,478 [pool-572-thread-1] INFO  ratis.ContainerStateMachine (ContainerStateMachine.java:loadSnapshot(231)) - group-8AAF828E5632: The snapshot info is null. Setting the last applied indexto:(t:0, i:~)
2019-10-20 13:10:59,478 [pool-582-thread-1] INFO  ratis.ContainerStateMachine (ContainerStateMachine.java:loadSnapshot(231)) - group-8AAF828E5632: The snapshot info is null. Setting the last applied indexto:(t:0, i:~)
2019-10-20 13:10:59,481 [pool-572-thread-1] INFO  server.RaftServerConfigKeys (ConfUtils.java:logGet(43)) - raft.server.notification.no-leader.timeout = 120s (custom)
2019-10-20 13:10:59,479 [IPC Server handler 1 on 40084] INFO  node.SCMNodeManager (SCMNodeManager.java:register(268)) - Registered Data node : 4d585c25-980a-43ef-83b7-f2d8ca21bb18{ip: 192.168.157.204, host: pr-hdds-2337-fjsvx-2218173377, networkLocation: /rack1, certSerialId: null}
2019-10-20 13:10:59,479 [pool-532-thread-1] INFO  ratis.ContainerStateMachine (ContainerStateMachine.java:loadSnapshot(231)) - group-8AAF828E5632: The snapshot info is null. Setting the last applied indexto:(t:0, i:~)
2019-10-20 13:10:59,481 [pool-572-thread-1] INFO  server.RaftServerConfigKeys (ConfUtils.java:logGet(43)) - raft.server.log.use.memory = false (default)
2019-10-20 13:10:59,481 [pool-582-thread-1] INFO  server.RaftServerConfigKeys (ConfUtils.java:logGet(43)) - raft.server.notification.no-leader.timeout = 120s (custom)
2019-10-20 13:10:59,482 [pool-572-thread-1] INFO  server.RaftServerConfigKeys (ConfUtils.java:logGet(43)) - raft.server.log.purge.gap = 1000000 (custom)
2019-10-20 13:10:59,482 [pool-572-thread-1] INFO  server.RaftServerConfigKeys (ConfUtils.java:logGet(43)) - raft.server.log.appender.buffer.byte-limit = 33554432 (custom)
2019-10-20 13:10:59,482 [pool-532-thread-1] INFO  server.RaftServerConfigKeys (ConfUtils.java:logGet(43)) - raft.server.notification.no-leader.timeout = 120s (custom)
2019-10-20 13:10:59,482 [pool-572-thread-1] INFO  server.RaftServerConfigKeys (ConfUtils.java:logGet(43)) - raft.server.log.segment.size.max = 1048576 (custom)
2019-10-20 13:10:59,482 [pool-582-thread-1] INFO  server.RaftServerConfigKeys (ConfUtils.java:logGet(43)) - raft.server.log.use.memory = false (default)
2019-10-20 13:10:59,482 [pool-532-thread-1] INFO  server.RaftServerConfigKeys (ConfUtils.java:logGet(43)) - raft.server.log.use.memory = false (default)
2019-10-20 13:10:59,482 [grpc-default-executor-18] INFO  impl.RaftServerImpl (ServerState.java:setRaftConf(357)) - fdf19479-69c2-4639-b68c-6adde78ca28a@group-42C3DBE2B33D: set configuration 0: [fdf19479-69c2-4639-b68c-6adde78ca28a:192.168.157.204:42858, 1ac0a8d4-e534-43ce-83b1-426d47a3040d:192.168.157.204:32953, 7660b851-9671-46a6-9e1d-7d946f95d492:192.168.157.204:41682], old=null at 0
2019-10-20 13:10:59,482 [Thread-24494] INFO  impl.RaftServerImpl (ServerState.java:setLeader(256)) - 1ac0a8d4-e534-43ce-83b1-426d47a3040d@group-42C3DBE2B33D: change Leader from 1ac0a8d4-e534-43ce-83b1-426d47a3040d to null at term 2 for updateCurrentTerm
2019-10-20 13:10:59,482 [pool-582-thread-1] INFO  server.RaftServerConfigKeys (ConfUtils.java:logGet(43)) - raft.server.log.purge.gap = 1000000 (custom)
2019-10-20 13:10:59,483 [Thread-24494] INFO  impl.RaftServerImpl (RaftServerImpl.java:setRole(184)) - 1ac0a8d4-e534-43ce-83b1-426d47a3040d@group-42C3DBE2B33D: changes role from    LEADER to FOLLOWER at term 2 for stepDown
2019-10-20 13:10:59,483 [grpc-default-executor-18] INFO  segmented.SegmentedRaftLogWorker (SegmentedRaftLogWorker.java:startLogSegment(385)) - fdf19479-69c2-4639-b68c-6adde78ca28a@group-42C3DBE2B33D-SegmentedRaftLogWorker: Starting segment from index:0
2019-10-20 13:10:59,482 [pool-532-thread-1] INFO  server.RaftServerConfigKeys (ConfUtils.java:logGet(43)) - raft.server.log.purge.gap = 1000000 (custom)
2019-10-20 13:10:59,483 [grpc-default-executor-2] INFO  impl.RaftServerImpl (ServerState.java:setLeader(256)) - fdf19479-69c2-4639-b68c-6adde78ca28a@group-42C3DBE2B33D: change Leader from 1ac0a8d4-e534-43ce-83b1-426d47a3040d to null at term 2 for updateCurrentTerm
2019-10-20 13:10:59,483 [Thread-24494] INFO  impl.RoleInfo (RoleInfo.java:shutdownLeaderState(104)) - 1ac0a8d4-e534-43ce-83b1-426d47a3040d: shutdown LeaderState
2019-10-20 13:10:59,483 [pool-582-thread-1] INFO  server.RaftServerConfigKeys (ConfUtils.java:logGet(43)) - raft.server.log.appender.buffer.byte-limit = 33554432 (custom)
2019-10-20 13:10:59,515 [org.apache.ratis.server.impl.LogAppender$AppenderDaemon$$Lambda$474/353284224@3fe1d3e1] WARN  server.GrpcLogAppender (GrpcLogAppender.java:mayWait(149)) - 1ac0a8d4-e534-43ce-83b1-426d47a3040d@group-42C3DBE2B33D->fdf19479-69c2-4639-b68c-6adde78ca28a-GrpcLogAppender: Wait interrupted by java.lang.InterruptedException
2019-10-20 13:10:59,514 [1ac0a8d4-e534-43ce-83b1-426d47a3040d@group-42C3DBE2B33D-SegmentedRaftLogWorker] INFO  segmented.SegmentedRaftLogWorker (SegmentedRaftLogWorker.java:execute(576)) - 1ac0a8d4-e534-43ce-83b1-426d47a3040d@group-42C3DBE2B33D-SegmentedRaftLogWorker: created new log segment /workdir/hadoop-ozone/integration-test/target/test-dir/MiniOzoneClusterImpl-7cb4dc35-5948-4f28-9541-652e3d9b0dcd/datanode-2/data/ratis/ae112795-7236-4d66-a54a-42c3dbe2b33d/current/log_inprogress_0
2019-10-20 13:10:59,514 [org.apache.ratis.server.impl.LogAppender$AppenderDaemon$$Lambda$474/353284224@e14eac5] WARN  server.GrpcLogAppender (GrpcLogAppender.java:mayWait(149)) - 1ac0a8d4-e534-43ce-83b1-426d47a3040d@group-42C3DBE2B33D->7660b851-9671-46a6-9e1d-7d946f95d492-GrpcLogAppender: Wait interrupted by java.lang.InterruptedException
2019-10-20 13:10:59,514 [Thread-24494] INFO  impl.PendingRequests (PendingRequests.java:sendNotLeaderResponses(202)) - 1ac0a8d4-e534-43ce-83b1-426d47a3040d@group-42C3DBE2B33D-PendingRequests: sendNotLeaderResponses
2019-10-20 13:10:59,484 [grpc-default-executor-2] INFO  impl.RaftServerImpl (RaftServerImpl.java:setRole(184)) - fdf19479-69c2-4639-b68c-6adde78ca28a@group-42C3DBE2B33D: changes role from  FOLLOWER to FOLLOWER at term 2 for recognizeCandidate:7660b851-9671-46a6-9e1d-7d946f95d492
2019-10-20 13:10:59,516 [grpc-default-executor-2] INFO  impl.RoleInfo (RoleInfo.java:shutdownFollowerState(121)) - fdf19479-69c2-4639-b68c-6adde78ca28a: shutdown FollowerState
2019-10-20 13:10:59,483 [pool-572-thread-1] INFO  server.RaftServerConfigKeys (ConfUtils.java:logGet(43)) - raft.server.log.segment.cache.num.max = 2 (custom)
2019-10-20 13:10:59,516 [pool-572-thread-1] INFO  segmented.SegmentedRaftLogWorker (SegmentedRaftLogWorker.java:<init>(173)) - new d7eba74f-c3d7-492f-90de-a44c4d301567@group-8AAF828E5632-SegmentedRaftLogWorker for RaftStorage:Storage Directory /workdir/hadoop-ozone/integration-test/target/test-dir/MiniOzoneClusterImpl-7cb4dc35-5948-4f28-9541-652e3d9b0dcd/datanode-5/data/ratis/ef742c5e-1e61-48de-9699-8aaf828e5632
2019-10-20 13:10:59,483 [pool-532-thread-1] INFO  server.RaftServerConfigKeys (ConfUtils.java:logGet(43)) - raft.server.log.appender.buffer.byte-limit = 33554432 (custom)
2019-10-20 13:10:59,516 [pool-572-thread-1] INFO  server.RaftServerConfigKeys (ConfUtils.java:logGet(43)) - raft.server.log.queue.byte-limit = 2147483647 (custom)
2019-10-20 13:10:59,516 [pool-572-thread-1] INFO  server.RaftServerConfigKeys (ConfUtils.java:logGet(43)) - raft.server.log.queue.element-limit = 1024 (custom)
2019-10-20 13:10:59,516 [grpc-default-executor-2] INFO  impl.RoleInfo (RoleInfo.java:updateAndGet(143)) - fdf19479-69c2-4639-b68c-6adde78ca28a: start FollowerState
2019-10-20 13:10:59,515 [grpc-default-executor-9] INFO  server.GrpcServerProtocolService (GrpcServerProtocolService.java:onCompleted(113)) - 7660b851-9671-46a6-9e1d-7d946f95d492: Completed APPEND_ENTRIES, lastRequest: 1ac0a8d4-e534-43ce-83b1-426d47a3040d->7660b851-9671-46a6-9e1d-7d946f95d492#0-t1, previous=(t:0, i:0), leaderCommit=-1, initializing? false, entries: <empty>
2019-10-20 13:10:59,515 [grpc-default-executor-10] INFO  server.GrpcServerProtocolService (GrpcServerProtocolService.java:onCompleted(113)) - fdf19479-69c2-4639-b68c-6adde78ca28a: Completed APPEND_ENTRIES, lastRequest: 1ac0a8d4-e534-43ce-83b1-426d47a3040d->fdf19479-69c2-4639-b68c-6adde78ca28a#1-t1, previous=(t:0, i:0), leaderCommit=-1, initializing? false, entries: size=1, first=(t:1, i:0), CONFIGURATIONENTRY
2019-10-20 13:10:59,515 [Thread-24494] INFO  impl.RoleInfo (RoleInfo.java:updateAndGet(143)) - 1ac0a8d4-e534-43ce-83b1-426d47a3040d: start FollowerState
2019-10-20 13:10:59,515 [pool-582-thread-1] INFO  server.RaftServerConfigKeys (ConfUtils.java:logGet(43)) - raft.server.log.segment.size.max = 1048576 (custom)
2019-10-20 13:10:59,517 [grpc-default-executor-9] INFO  server.GrpcLogAppender (GrpcLogAppender.java:onCompleted(308)) - 1ac0a8d4-e534-43ce-83b1-426d47a3040d@group-42C3DBE2B33D->7660b851-9671-46a6-9e1d-7d946f95d492-AppendLogResponseHandler: follower responses appendEntries COMPLETED
2019-10-20 13:10:59,516 [pool-572-thread-1] INFO  server.RaftServerConfigKeys (ConfUtils.java:logGet(43)) - raft.server.log.segment.size.max = 1048576 (custom)
2019-10-20 13:10:59,516 [pool-532-thread-1] INFO  server.RaftServerConfigKeys (ConfUtils.java:logGet(43)) - raft.server.log.segment.size.max = 1048576 (custom)
2019-10-20 13:10:59,517 [pool-572-thread-1] INFO  server.RaftServerConfigKeys (ConfUtils.java:logGet(43)) - raft.server.log.preallocated.size = 16384 (custom)
2019-10-20 13:10:59,518 [pool-572-thread-1] INFO  server.RaftServerConfigKeys (ConfUtils.java:logGet(43)) - raft.server.log.write.buffer.size = 33554432 (custom)
2019-10-20 13:10:59,517 [grpc-default-executor-10] INFO  server.GrpcLogAppender (GrpcLogAppender.java:onCompleted(308)) - 1ac0a8d4-e534-43ce-83b1-426d47a3040d@group-42C3DBE2B33D->fdf19479-69c2-4639-b68c-6adde78ca28a-AppendLogResponseHandler: follower responses appendEntries COMPLETED
2019-10-20 13:10:59,518 [pool-572-thread-1] INFO  server.RaftServerConfigKeys (ConfUtils.java:logGet(43)) - raft.server.log.force.sync.num = 128 (default)
2019-10-20 13:10:59,518 [grpc-default-executor-9] INFO  impl.FollowerInfo (FollowerInfo.java:lambda$new$0(51)) - 1ac0a8d4-e534-43ce-83b1-426d47a3040d@group-42C3DBE2B33D->7660b851-9671-46a6-9e1d-7d946f95d492: nextIndex: updateUnconditionally 0 -> 0
2019-10-20 13:10:59,518 [pool-532-thread-1] INFO  server.RaftServerConfigKeys (ConfUtils.java:logGet(43)) - raft.server.log.segment.cache.num.max = 2 (custom)
2019-10-20 13:10:59,518 [grpc-default-executor-10] INFO  impl.FollowerInfo (FollowerInfo.java:lambda$new$0(51)) - 1ac0a8d4-e534-43ce-83b1-426d47a3040d@group-42C3DBE2B33D->fdf19479-69c2-4639-b68c-6adde78ca28a: nextIndex: updateUnconditionally 1 -> 0
2019-10-20 13:10:59,518 [pool-582-thread-1] INFO  server.RaftServerConfigKeys (ConfUtils.java:logGet(43)) - raft.server.log.segment.cache.num.max = 2 (custom)
2019-10-20 13:10:59,518 [pool-572-thread-1] INFO  server.RaftServerConfigKeys (ConfUtils.java:logGet(43)) - raft.server.log.statemachine.data.sync = true (default)
2019-10-20 13:10:59,519 [pool-582-thread-1] INFO  segmented.SegmentedRaftLogWorker (SegmentedRaftLogWorker.java:<init>(173)) - new 92caf199-1518-46a4-aa0d-e8059f4ddc2b@group-8AAF828E5632-SegmentedRaftLogWorker for RaftStorage:Storage Directory /workdir/hadoop-ozone/integration-test/target/test-dir/MiniOzoneClusterImpl-7cb4dc35-5948-4f28-9541-652e3d9b0dcd/datanode-6/data/ratis/ef742c5e-1e61-48de-9699-8aaf828e5632
2019-10-20 13:10:59,519 [pool-582-thread-1] INFO  server.RaftServerConfigKeys (ConfUtils.java:logGet(43)) - raft.server.log.queue.byte-limit = 2147483647 (custom)
2019-10-20 13:10:59,518 [pool-532-thread-1] INFO  segmented.SegmentedRaftLogWorker (SegmentedRaftLogWorker.java:<init>(173)) - new 57d97a36-4998-4a67-afe7-2be16a9f25e7@group-8AAF828E5632-SegmentedRaftLogWorker for RaftStorage:Storage Directory /workdir/hadoop-ozone/integration-test/target/test-dir/MiniOzoneClusterImpl-7cb4dc35-5948-4f28-9541-652e3d9b0dcd/datanode-1/data/ratis/ef742c5e-1e61-48de-9699-8aaf828e5632
2019-10-20 13:10:59,519 [pool-582-thread-1] INFO  server.RaftServerConfigKeys (ConfUtils.java:logGet(43)) - raft.server.log.queue.element-limit = 1024 (custom)
2019-10-20 13:10:59,519 [pool-572-thread-1] INFO  server.RaftServerConfigKeys (ConfUtils.java:logGet(43)) - raft.server.log.statemachine.data.sync.timeout = 10s (default)
2019-10-20 13:10:59,519 [pool-582-thread-1] INFO  server.RaftServerConfigKeys (ConfUtils.java:logGet(43)) - raft.server.log.segment.size.max = 1048576 (custom)
2019-10-20 13:10:59,519 [pool-532-thread-1] INFO  server.RaftServerConfigKeys (ConfUtils.java:logGet(43)) - raft.server.log.queue.byte-limit = 2147483647 (custom)
2019-10-20 13:10:59,519 [pool-582-thread-1] INFO  server.RaftServerConfigKeys (ConfUtils.java:logGet(43)) - raft.server.log.preallocated.size = 16384 (custom)
2019-10-20 13:10:59,519 [pool-572-thread-1] INFO  server.RaftServerConfigKeys (ConfUtils.java:logGet(43)) - raft.server.log.statemachine.data.sync.timeout.retry = -1 (default)
2019-10-20 13:10:59,520 [pool-582-thread-1] INFO  server.RaftServerConfigKeys (ConfUtils.java:logGet(43)) - raft.server.log.write.buffer.size = 33554432 (custom)
2019-10-20 13:10:59,520 [pool-532-thread-1] INFO  server.RaftServerConfigKeys (ConfUtils.java:logGet(43)) - raft.server.log.queue.element-limit = 1024 (custom)
2019-10-20 13:10:59,520 [pool-572-thread-1] INFO  server.RaftServerConfigKeys (ConfUtils.java:logGet(43)) - raft.server.log.statemachine.data.caching.enabled = true (custom)
2019-10-20 13:10:59,520 [pool-582-thread-1] INFO  server.RaftServerConfigKeys (ConfUtils.java:logGet(43)) - raft.server.log.force.sync.num = 128 (default)
2019-10-20 13:10:59,520 [pool-532-thread-1] INFO  server.RaftServerConfigKeys (ConfUtils.java:logGet(43)) - raft.server.log.segment.size.max = 1048576 (custom)
2019-10-20 13:10:59,520 [pool-572-thread-1] INFO  segmented.SegmentedRaftLogWorker (SegmentedRaftLogWorker.java:lambda$new$0(128)) - d7eba74f-c3d7-492f-90de-a44c4d301567@group-8AAF828E5632-SegmentedRaftLogWorker: flushIndex: setUnconditionally 0 -> -1
2019-10-20 13:10:59,520 [pool-582-thread-1] INFO  server.RaftServerConfigKeys (ConfUtils.java:logGet(43)) - raft.server.log.statemachine.data.sync = true (default)
2019-10-20 13:10:59,520 [pool-532-thread-1] INFO  server.RaftServerConfigKeys (ConfUtils.java:logGet(43)) - raft.server.log.preallocated.size = 16384 (custom)
2019-10-20 13:10:59,521 [pool-572-thread-1] INFO  server.RaftServerConfigKeys (ConfUtils.java:logGet(43)) - raft.server.snapshot.auto.trigger.enabled = true (custom)
2019-10-20 13:10:59,520 [pool-582-thread-1] INFO  server.RaftServerConfigKeys (ConfUtils.java:logGet(43)) - raft.server.log.statemachine.data.sync.timeout = 10s (default)
2019-10-20 13:10:59,521 [pool-572-thread-1] INFO  server.RaftServerConfigKeys (ConfUtils.java:logGet(43)) - raft.server.snapshot.auto.trigger.threshold = 10000 (custom)
2019-10-20 13:10:59,521 [pool-532-thread-1] INFO  server.RaftServerConfigKeys (ConfUtils.java:logGet(43)) - raft.server.log.write.buffer.size = 33554432 (custom)
2019-10-20 13:10:59,521 [pool-572-thread-1] INFO  server.RaftServerConfigKeys (ConfUtils.java:logGet(43)) - raft.server.snapshot.retention.file.num = 5 (custom)
2019-10-20 13:10:59,521 [pool-582-thread-1] INFO  server.RaftServerConfigKeys (ConfUtils.java:logGet(43)) - raft.server.log.statemachine.data.sync.timeout.retry = -1 (default)
2019-10-20 13:10:59,521 [pool-572-thread-1] INFO  server.RaftServerConfigKeys (ConfUtils.java:logGet(43)) - raft.server.retrycache.expirytime = 600000ms (custom)
2019-10-20 13:10:59,521 [pool-532-thread-1] INFO  server.RaftServerConfigKeys (ConfUtils.java:logGet(43)) - raft.server.log.force.sync.num = 128 (default)
2019-10-20 13:10:59,521 [pool-582-thread-1] INFO  server.RaftServerConfigKeys (ConfUtils.java:logGet(43)) - raft.server.log.statemachine.data.caching.enabled = true (custom)
2019-10-20 13:10:59,521 [pool-532-thread-1] INFO  server.RaftServerConfigKeys (ConfUtils.java:logGet(43)) - raft.server.log.statemachine.data.sync = true (default)
2019-10-20 13:10:59,522 [pool-582-thread-1] INFO  segmented.SegmentedRaftLogWorker (SegmentedRaftLogWorker.java:lambda$new$0(128)) - 92caf199-1518-46a4-aa0d-e8059f4ddc2b@group-8AAF828E5632-SegmentedRaftLogWorker: flushIndex: setUnconditionally 0 -> -1
2019-10-20 13:10:59,522 [pool-532-thread-1] INFO  server.RaftServerConfigKeys (ConfUtils.java:logGet(43)) - raft.server.log.statemachine.data.sync.timeout = 10s (default)
2019-10-20 13:10:59,522 [pool-532-thread-1] INFO  server.RaftServerConfigKeys (ConfUtils.java:logGet(43)) - raft.server.log.statemachine.data.sync.timeout.retry = -1 (default)
2019-10-20 13:10:59,522 [pool-582-thread-1] INFO  server.RaftServerConfigKeys (ConfUtils.java:logGet(43)) - raft.server.snapshot.auto.trigger.enabled = true (custom)
2019-10-20 13:10:59,522 [pool-532-thread-1] INFO  server.RaftServerConfigKeys (ConfUtils.java:logGet(43)) - raft.server.log.statemachine.data.caching.enabled = true (custom)
2019-10-20 13:10:59,522 [pool-582-thread-1] INFO  server.RaftServerConfigKeys (ConfUtils.java:logGet(43)) - raft.server.snapshot.auto.trigger.threshold = 10000 (custom)
2019-10-20 13:10:59,522 [pool-582-thread-1] INFO  server.RaftServerConfigKeys (ConfUtils.java:logGet(43)) - raft.server.snapshot.retention.file.num = 5 (custom)
2019-10-20 13:10:59,522 [pool-532-thread-1] INFO  segmented.SegmentedRaftLogWorker (SegmentedRaftLogWorker.java:lambda$new$0(128)) - 57d97a36-4998-4a67-afe7-2be16a9f25e7@group-8AAF828E5632-SegmentedRaftLogWorker: flushIndex: setUnconditionally 0 -> -1
2019-10-20 13:10:59,522 [pool-582-thread-1] INFO  server.RaftServerConfigKeys (ConfUtils.java:logGet(43)) - raft.server.retrycache.expirytime = 600000ms (custom)
2019-10-20 13:10:59,523 [pool-532-thread-1] INFO  server.RaftServerConfigKeys (ConfUtils.java:logGet(43)) - raft.server.snapshot.auto.trigger.enabled = true (custom)
2019-10-20 13:10:59,523 [pool-532-thread-1] INFO  server.RaftServerConfigKeys (ConfUtils.java:logGet(43)) - raft.server.snapshot.auto.trigger.threshold = 10000 (custom)
2019-10-20 13:10:59,523 [pool-532-thread-1] INFO  server.RaftServerConfigKeys (ConfUtils.java:logGet(43)) - raft.server.snapshot.retention.file.num = 5 (custom)
2019-10-20 13:10:59,523 [pool-532-thread-1] INFO  server.RaftServerConfigKeys (ConfUtils.java:logGet(43)) - raft.server.retrycache.expirytime = 600000ms (custom)
2019-10-20 13:10:59,524 [pool-572-thread-1] INFO  impl.RaftServerImpl (RaftServerImpl.java:start(195)) - d7eba74f-c3d7-492f-90de-a44c4d301567@group-8AAF828E5632: start as a follower, conf=-1: [92caf199-1518-46a4-aa0d-e8059f4ddc2b:192.168.157.204:44100, d7eba74f-c3d7-492f-90de-a44c4d301567:192.168.157.204:44625, 57d97a36-4998-4a67-afe7-2be16a9f25e7:192.168.157.204:44478], old=null
2019-10-20 13:10:59,524 [pool-572-thread-1] INFO  impl.RaftServerImpl (RaftServerImpl.java:setRole(184)) - d7eba74f-c3d7-492f-90de-a44c4d301567@group-8AAF828E5632: changes role from      null to FOLLOWER at term 0 for startAsFollower
2019-10-20 13:10:59,524 [pool-572-thread-1] INFO  impl.RoleInfo (RoleInfo.java:updateAndGet(143)) - d7eba74f-c3d7-492f-90de-a44c4d301567: start FollowerState
2019-10-20 13:10:59,524 [pool-572-thread-1] INFO  util.JmxRegister (JmxRegister.java:tryRegister(44)) - Successfully registered JMX Bean with object name Ratis:service=RaftServer,group=group-8AAF828E5632,id=d7eba74f-c3d7-492f-90de-a44c4d301567
2019-10-20 13:10:59,526 [7660b851-9671-46a6-9e1d-7d946f95d492@group-42C3DBE2B33D-LeaderElection3290] INFO  impl.LeaderElection (LeaderElection.java:logAndReturn(56)) - 7660b851-9671-46a6-9e1d-7d946f95d492@group-42C3DBE2B33D-LeaderElection3290: Election TIMEOUT; received 0 response(s) [] and 0 exception(s); 7660b851-9671-46a6-9e1d-7d946f95d492@group-42C3DBE2B33D:t2, leader=null, voted=7660b851-9671-46a6-9e1d-7d946f95d492, raftlog=7660b851-9671-46a6-9e1d-7d946f95d492@group-42C3DBE2B33D-SegmentedRaftLog:OPENED:c-1,f-1,i0, conf=-1: [fdf19479-69c2-4639-b68c-6adde78ca28a:192.168.157.204:42858, 1ac0a8d4-e534-43ce-83b1-426d47a3040d:192.168.157.204:32953, 7660b851-9671-46a6-9e1d-7d946f95d492:192.168.157.204:41682], old=null
2019-10-20 13:10:59,526 [fdf19479-69c2-4639-b68c-6adde78ca28a@group-42C3DBE2B33D-SegmentedRaftLogWorker] INFO  segmented.SegmentedRaftLogWorker (SegmentedRaftLogWorker.java:execute(576)) - fdf19479-69c2-4639-b68c-6adde78ca28a@group-42C3DBE2B33D-SegmentedRaftLogWorker: created new log segment /workdir/hadoop-ozone/integration-test/target/test-dir/MiniOzoneClusterImpl-7cb4dc35-5948-4f28-9541-652e3d9b0dcd/datanode-0/data/ratis/ae112795-7236-4d66-a54a-42c3dbe2b33d/current/log_inprogress_0
2019-10-20 13:10:59,527 [pool-532-thread-1] INFO  impl.RaftServerImpl (RaftServerImpl.java:start(195)) - 57d97a36-4998-4a67-afe7-2be16a9f25e7@group-8AAF828E5632: start as a follower, conf=-1: [92caf199-1518-46a4-aa0d-e8059f4ddc2b:192.168.157.204:44100, d7eba74f-c3d7-492f-90de-a44c4d301567:192.168.157.204:44625, 57d97a36-4998-4a67-afe7-2be16a9f25e7:192.168.157.204:44478], old=null
2019-10-20 13:10:59,529 [grpc-default-executor-18] INFO  impl.RaftServerImpl (RaftServerImpl.java:setRole(184)) - 1ac0a8d4-e534-43ce-83b1-426d47a3040d@group-42C3DBE2B33D: changes role from  FOLLOWER to FOLLOWER at term 2 for recognizeCandidate:7660b851-9671-46a6-9e1d-7d946f95d492
2019-10-20 13:10:59,529 [7660b851-9671-46a6-9e1d-7d946f95d492@group-42C3DBE2B33D-LeaderElection3290] INFO  impl.LeaderElection (LeaderElection.java:askForVotes(178)) - 7660b851-9671-46a6-9e1d-7d946f95d492@group-42C3DBE2B33D-LeaderElection3290: begin an election at term 3 for -1: [fdf19479-69c2-4639-b68c-6adde78ca28a:192.168.157.204:42858, 1ac0a8d4-e534-43ce-83b1-426d47a3040d:192.168.157.204:32953, 7660b851-9671-46a6-9e1d-7d946f95d492:192.168.157.204:41682], old=null
2019-10-20 13:10:59,529 [grpc-default-executor-18] INFO  impl.RoleInfo (RoleInfo.java:shutdownFollowerState(121)) - 1ac0a8d4-e534-43ce-83b1-426d47a3040d: shutdown FollowerState
2019-10-20 13:10:59,529 [pool-532-thread-1] INFO  impl.RaftServerImpl (RaftServerImpl.java:setRole(184)) - 57d97a36-4998-4a67-afe7-2be16a9f25e7@group-8AAF828E5632: changes role from      null to FOLLOWER at term 0 for startAsFollower
2019-10-20 13:10:59,530 [Thread-24503] INFO  impl.FollowerState (FollowerState.java:run(117)) - 1ac0a8d4-e534-43ce-83b1-426d47a3040d@group-42C3DBE2B33D-FollowerState was interrupted: java.lang.InterruptedException: sleep interrupted
2019-10-20 13:10:59,530 [grpc-default-executor-18] INFO  impl.RoleInfo (RoleInfo.java:updateAndGet(143)) - 1ac0a8d4-e534-43ce-83b1-426d47a3040d: start FollowerState
2019-10-20 13:10:59,530 [pool-532-thread-1] INFO  impl.RoleInfo (RoleInfo.java:updateAndGet(143)) - 57d97a36-4998-4a67-afe7-2be16a9f25e7: start FollowerState
2019-10-20 13:10:59,530 [pool-582-thread-1] INFO  impl.RaftServerImpl (RaftServerImpl.java:start(195)) - 92caf199-1518-46a4-aa0d-e8059f4ddc2b@group-8AAF828E5632: start as a follower, conf=-1: [92caf199-1518-46a4-aa0d-e8059f4ddc2b:192.168.157.204:44100, d7eba74f-c3d7-492f-90de-a44c4d301567:192.168.157.204:44625, 57d97a36-4998-4a67-afe7-2be16a9f25e7:192.168.157.204:44478], old=null
2019-10-20 13:10:59,530 [pool-582-thread-1] INFO  impl.RaftServerImpl (RaftServerImpl.java:setRole(184)) - 92caf199-1518-46a4-aa0d-e8059f4ddc2b@group-8AAF828E5632: changes role from      null to FOLLOWER at term 0 for startAsFollower
2019-10-20 13:10:59,530 [pool-582-thread-1] INFO  impl.RoleInfo (RoleInfo.java:updateAndGet(143)) - 92caf199-1518-46a4-aa0d-e8059f4ddc2b: start FollowerState
2019-10-20 13:10:59,530 [pool-532-thread-1] INFO  util.JmxRegister (JmxRegister.java:tryRegister(44)) - Successfully registered JMX Bean with object name Ratis:service=RaftServer,group=group-8AAF828E5632,id=57d97a36-4998-4a67-afe7-2be16a9f25e7
2019-10-20 13:10:59,531 [pool-582-thread-1] INFO  util.JmxRegister (JmxRegister.java:tryRegister(44)) - Successfully registered JMX Bean with object name Ratis:service=RaftServer,group=group-8AAF828E5632,id=92caf199-1518-46a4-aa0d-e8059f4ddc2b
2019-10-20 13:10:59,531 [grpc-default-executor-2] INFO  impl.RaftServerImpl (RaftServerImpl.java:setRole(184)) - fdf19479-69c2-4639-b68c-6adde78ca28a@group-42C3DBE2B33D: changes role from  FOLLOWER to FOLLOWER at term 3 for recognizeCandidate:7660b851-9671-46a6-9e1d-7d946f95d492
2019-10-20 13:10:59,531 [grpc-default-executor-2] INFO  impl.RoleInfo (RoleInfo.java:shutdownFollowerState(121)) - fdf19479-69c2-4639-b68c-6adde78ca28a: shutdown FollowerState
2019-10-20 13:10:59,531 [grpc-default-executor-2] INFO  impl.RoleInfo (RoleInfo.java:updateAndGet(143)) - fdf19479-69c2-4639-b68c-6adde78ca28a: start FollowerState
2019-10-20 13:10:59,531 [Thread-24504] INFO  impl.FollowerState (FollowerState.java:run(117)) - fdf19479-69c2-4639-b68c-6adde78ca28a@group-42C3DBE2B33D-FollowerState was interrupted: java.lang.InterruptedException: sleep interrupted
2019-10-20 13:10:59,532 [grpc-default-executor-18] INFO  impl.RaftServerImpl (RaftServerImpl.java:setRole(184)) - 1ac0a8d4-e534-43ce-83b1-426d47a3040d@group-42C3DBE2B33D: changes role from  FOLLOWER to FOLLOWER at term 3 for recognizeCandidate:7660b851-9671-46a6-9e1d-7d946f95d492
2019-10-20 13:10:59,532 [IPC Server handler 3 on 40084] INFO  net.NetworkTopology (NetworkTopologyImpl.java:add(111)) - Added a new node: /rack1/384d1456-c9b4-4a07-8bc5-984a6f09f9c3
2019-10-20 13:10:59,532 [grpc-default-executor-18] INFO  impl.RoleInfo (RoleInfo.java:shutdownFollowerState(121)) - 1ac0a8d4-e534-43ce-83b1-426d47a3040d: shutdown FollowerState
2019-10-20 13:10:59,532 [IPC Server handler 3 on 40084] INFO  node.SCMNodeManager (SCMNodeManager.java:register(268)) - Registered Data node : 384d1456-c9b4-4a07-8bc5-984a6f09f9c3{ip: 192.168.157.204, host: pr-hdds-2337-fjsvx-2218173377, networkLocation: /rack1, certSerialId: null}
2019-10-20 13:10:59,532 [Thread-24511] INFO  impl.FollowerState (FollowerState.java:run(117)) - 1ac0a8d4-e534-43ce-83b1-426d47a3040d@group-42C3DBE2B33D-FollowerState was interrupted: java.lang.InterruptedException: sleep interrupted
2019-10-20 13:10:59,532 [grpc-default-executor-18] INFO  impl.RoleInfo (RoleInfo.java:updateAndGet(143)) - 1ac0a8d4-e534-43ce-83b1-426d47a3040d: start FollowerState
2019-10-20 13:10:59,534 [RatisPipelineUtilsThread] INFO  pipeline.PipelineStateManager (PipelineStateManager.java:addPipeline(56)) - Created pipeline Pipeline[ Id: ef742c5e-1e61-48de-9699-8aaf828e5632, Nodes: 92caf199-1518-46a4-aa0d-e8059f4ddc2b{ip: 192.168.157.204, host: pr-hdds-2337-fjsvx-2218173377, networkLocation: /rack1, certSerialId: null}d7eba74f-c3d7-492f-90de-a44c4d301567{ip: 192.168.157.204, host: pr-hdds-2337-fjsvx-2218173377, networkLocation: /rack1, certSerialId: null}57d97a36-4998-4a67-afe7-2be16a9f25e7{ip: 192.168.157.204, host: pr-hdds-2337-fjsvx-2218173377, networkLocation: /rack1, certSerialId: null}, Type:RATIS, Factor:THREE, State:OPEN]
2019-10-20 13:10:59,549 [grpc-default-executor-19] INFO  impl.RaftServerProxy (RaftServerProxy.java:addNew(89)) - 0b324774-4593-4f2f-a2c4-e2cf67d32ecd: addNew group-18CBEC626CA6:[4d585c25-980a-43ef-83b7-f2d8ca21bb18:192.168.157.204:43287, 384d1456-c9b4-4a07-8bc5-984a6f09f9c3:192.168.157.204:38270, 0b324774-4593-4f2f-a2c4-e2cf67d32ecd:192.168.157.204:41063] returns group-18CBEC626CA6:java.util.concurrent.CompletableFuture@4fbc9365[Not completed]
2019-10-20 13:10:59,549 [grpc-default-executor-9] INFO  impl.RaftServerProxy (RaftServerProxy.java:addNew(89)) - 4d585c25-980a-43ef-83b7-f2d8ca21bb18: addNew group-18CBEC626CA6:[4d585c25-980a-43ef-83b7-f2d8ca21bb18:192.168.157.204:43287, 384d1456-c9b4-4a07-8bc5-984a6f09f9c3:192.168.157.204:38270, 0b324774-4593-4f2f-a2c4-e2cf67d32ecd:192.168.157.204:41063] returns group-18CBEC626CA6:java.util.concurrent.CompletableFuture@1117b05e[Not completed]
2019-10-20 13:10:59,549 [grpc-default-executor-10] INFO  impl.RaftServerProxy (RaftServerProxy.java:addNew(89)) - 384d1456-c9b4-4a07-8bc5-984a6f09f9c3: addNew group-18CBEC626CA6:[4d585c25-980a-43ef-83b7-f2d8ca21bb18:192.168.157.204:43287, 384d1456-c9b4-4a07-8bc5-984a6f09f9c3:192.168.157.204:38270, 0b324774-4593-4f2f-a2c4-e2cf67d32ecd:192.168.157.204:41063] returns group-18CBEC626CA6:java.util.concurrent.CompletableFuture@726d1ae5[Not completed]
2019-10-20 13:10:59,550 [pool-562-thread-1] INFO  impl.RaftServerImpl (RaftServerImpl.java:<init>(104)) - 0b324774-4593-4f2f-a2c4-e2cf67d32ecd: new RaftServerImpl for group-18CBEC626CA6:[4d585c25-980a-43ef-83b7-f2d8ca21bb18:192.168.157.204:43287, 384d1456-c9b4-4a07-8bc5-984a6f09f9c3:192.168.157.204:38270, 0b324774-4593-4f2f-a2c4-e2cf67d32ecd:192.168.157.204:41063] with ContainerStateMachine:uninitialized
2019-10-20 13:10:59,550 [pool-562-thread-1] INFO  server.RaftServerConfigKeys (ConfUtils.java:logGet(43)) - raft.server.rpc.timeout.min = 1s (custom)
2019-10-20 13:10:59,550 [pool-562-thread-1] INFO  server.RaftServerConfigKeys (ConfUtils.java:logGet(43)) - raft.server.rpc.timeout.max = 1200ms (custom)
2019-10-20 13:10:59,550 [pool-562-thread-1] INFO  server.RaftServerConfigKeys (ConfUtils.java:logGet(43)) - raft.server.rpcslowness.timeout = 120s (custom)
2019-10-20 13:10:59,550 [pool-562-thread-1] INFO  server.RaftServerConfigKeys (ConfUtils.java:logGet(43)) - raft.server.sleep.deviation.threshold = 300 (default)
2019-10-20 13:10:59,550 [pool-592-thread-1] INFO  impl.RaftServerImpl (RaftServerImpl.java:<init>(104)) - 4d585c25-980a-43ef-83b7-f2d8ca21bb18: new RaftServerImpl for group-18CBEC626CA6:[4d585c25-980a-43ef-83b7-f2d8ca21bb18:192.168.157.204:43287, 384d1456-c9b4-4a07-8bc5-984a6f09f9c3:192.168.157.204:38270, 0b324774-4593-4f2f-a2c4-e2cf67d32ecd:192.168.157.204:41063] with ContainerStateMachine:uninitialized
2019-10-20 13:10:59,550 [pool-562-thread-1] INFO  server.RaftServerConfigKeys (ConfUtils.java:logGet(43)) - raft.server.log.appender.install.snapshot.enabled = false (custom)
2019-10-20 13:10:59,551 [pool-592-thread-1] INFO  server.RaftServerConfigKeys (ConfUtils.java:logGet(43)) - raft.server.rpc.timeout.min = 1s (custom)
2019-10-20 13:10:59,551 [pool-562-thread-1] INFO  impl.RaftServerImpl (ServerState.java:<init>(103)) - 0b324774-4593-4f2f-a2c4-e2cf67d32ecd@group-18CBEC626CA6: ConfigurationManager, init=-1: [4d585c25-980a-43ef-83b7-f2d8ca21bb18:192.168.157.204:43287, 384d1456-c9b4-4a07-8bc5-984a6f09f9c3:192.168.157.204:38270, 0b324774-4593-4f2f-a2c4-e2cf67d32ecd:192.168.157.204:41063], old=null, confs=<EMPTY_MAP>
2019-10-20 13:10:59,551 [pool-592-thread-1] INFO  server.RaftServerConfigKeys (ConfUtils.java:logGet(43)) - raft.server.rpc.timeout.max = 1200ms (custom)
2019-10-20 13:10:59,551 [pool-602-thread-1] INFO  impl.RaftServerImpl (RaftServerImpl.java:<init>(104)) - 384d1456-c9b4-4a07-8bc5-984a6f09f9c3: new RaftServerImpl for group-18CBEC626CA6:[4d585c25-980a-43ef-83b7-f2d8ca21bb18:192.168.157.204:43287, 384d1456-c9b4-4a07-8bc5-984a6f09f9c3:192.168.157.204:38270, 0b324774-4593-4f2f-a2c4-e2cf67d32ecd:192.168.157.204:41063] with ContainerStateMachine:uninitialized
2019-10-20 13:10:59,551 [pool-562-thread-1] INFO  server.RaftServerConfigKeys (ConfUtils.java:logGet(43)) - raft.server.storage.dir = [/workdir/hadoop-ozone/integration-test/target/test-dir/MiniOzoneClusterImpl-7cb4dc35-5948-4f28-9541-652e3d9b0dcd/datanode-4/data/ratis] (custom)
2019-10-20 13:10:59,551 [pool-602-thread-1] INFO  server.RaftServerConfigKeys (ConfUtils.java:logGet(43)) - raft.server.rpc.timeout.min = 1s (custom)
2019-10-20 13:10:59,551 [pool-592-thread-1] INFO  server.RaftServerConfigKeys (ConfUtils.java:logGet(43)) - raft.server.rpcslowness.timeout = 120s (custom)
2019-10-20 13:10:59,551 [pool-562-thread-1] INFO  server.RaftServerConfigKeys (ConfUtils.java:logGet(43)) - raft.server.log.corruption.policy = EXCEPTION (default)
2019-10-20 13:10:59,551 [pool-602-thread-1] INFO  server.RaftServerConfigKeys (ConfUtils.java:logGet(43)) - raft.server.rpc.timeout.max = 1200ms (custom)
2019-10-20 13:10:59,551 [pool-592-thread-1] INFO  server.RaftServerConfigKeys (ConfUtils.java:logGet(43)) - raft.server.sleep.deviation.threshold = 300 (default)
2019-10-20 13:10:59,552 [pool-562-thread-1] INFO  storage.RaftStorageDirectory (RaftStorageDirectory.java:analyzeStorage(246)) - The storage directory /workdir/hadoop-ozone/integration-test/target/test-dir/MiniOzoneClusterImpl-7cb4dc35-5948-4f28-9541-652e3d9b0dcd/datanode-4/data/ratis/5675dbc0-d25f-423d-ae1e-18cbec626ca6 does not exist. Creating ...
2019-10-20 13:10:59,552 [pool-602-thread-1] INFO  server.RaftServerConfigKeys (ConfUtils.java:logGet(43)) - raft.server.rpcslowness.timeout = 120s (custom)
2019-10-20 13:10:59,552 [pool-592-thread-1] INFO  server.RaftServerConfigKeys (ConfUtils.java:logGet(43)) - raft.server.log.appender.install.snapshot.enabled = false (custom)
2019-10-20 13:10:59,552 [pool-602-thread-1] INFO  server.RaftServerConfigKeys (ConfUtils.java:logGet(43)) - raft.server.sleep.deviation.threshold = 300 (default)
2019-10-20 13:10:59,552 [pool-592-thread-1] INFO  impl.RaftServerImpl (ServerState.java:<init>(103)) - 4d585c25-980a-43ef-83b7-f2d8ca21bb18@group-18CBEC626CA6: ConfigurationManager, init=-1: [4d585c25-980a-43ef-83b7-f2d8ca21bb18:192.168.157.204:43287, 384d1456-c9b4-4a07-8bc5-984a6f09f9c3:192.168.157.204:38270, 0b324774-4593-4f2f-a2c4-e2cf67d32ecd:192.168.157.204:41063], old=null, confs=<EMPTY_MAP>
2019-10-20 13:10:59,552 [pool-602-thread-1] INFO  server.RaftServerConfigKeys (ConfUtils.java:logGet(43)) - raft.server.log.appender.install.snapshot.enabled = false (custom)
2019-10-20 13:10:59,552 [pool-592-thread-1] INFO  server.RaftServerConfigKeys (ConfUtils.java:logGet(43)) - raft.server.storage.dir = [/workdir/hadoop-ozone/integration-test/target/test-dir/MiniOzoneClusterImpl-7cb4dc35-5948-4f28-9541-652e3d9b0dcd/datanode-7/data/ratis] (custom)
2019-10-20 13:10:59,552 [pool-602-thread-1] INFO  impl.RaftServerImpl (ServerState.java:<init>(103)) - 384d1456-c9b4-4a07-8bc5-984a6f09f9c3@group-18CBEC626CA6: ConfigurationManager, init=-1: [4d585c25-980a-43ef-83b7-f2d8ca21bb18:192.168.157.204:43287, 384d1456-c9b4-4a07-8bc5-984a6f09f9c3:192.168.157.204:38270, 0b324774-4593-4f2f-a2c4-e2cf67d32ecd:192.168.157.204:41063], old=null, confs=<EMPTY_MAP>
2019-10-20 13:10:59,552 [pool-602-thread-1] INFO  server.RaftServerConfigKeys (ConfUtils.java:logGet(43)) - raft.server.storage.dir = [/workdir/hadoop-ozone/integration-test/target/test-dir/MiniOzoneClusterImpl-7cb4dc35-5948-4f28-9541-652e3d9b0dcd/datanode-8/data/ratis] (custom)
2019-10-20 13:10:59,552 [pool-592-thread-1] INFO  server.RaftServerConfigKeys (ConfUtils.java:logGet(43)) - raft.server.log.corruption.policy = EXCEPTION (default)
2019-10-20 13:10:59,553 [pool-602-thread-1] INFO  server.RaftServerConfigKeys (ConfUtils.java:logGet(43)) - raft.server.log.corruption.policy = EXCEPTION (default)
2019-10-20 13:10:59,553 [pool-592-thread-1] INFO  storage.RaftStorageDirectory (RaftStorageDirectory.java:analyzeStorage(246)) - The storage directory /workdir/hadoop-ozone/integration-test/target/test-dir/MiniOzoneClusterImpl-7cb4dc35-5948-4f28-9541-652e3d9b0dcd/datanode-7/data/ratis/5675dbc0-d25f-423d-ae1e-18cbec626ca6 does not exist. Creating ...
2019-10-20 13:10:59,553 [pool-602-thread-1] INFO  storage.RaftStorageDirectory (RaftStorageDirectory.java:analyzeStorage(246)) - The storage directory /workdir/hadoop-ozone/integration-test/target/test-dir/MiniOzoneClusterImpl-7cb4dc35-5948-4f28-9541-652e3d9b0dcd/datanode-8/data/ratis/5675dbc0-d25f-423d-ae1e-18cbec626ca6 does not exist. Creating ...
2019-10-20 13:10:59,554 [7660b851-9671-46a6-9e1d-7d946f95d492@group-42C3DBE2B33D-LeaderElection3290] INFO  impl.LeaderElection (LeaderElection.java:logAndReturn(56)) - 7660b851-9671-46a6-9e1d-7d946f95d492@group-42C3DBE2B33D-LeaderElection3290: Election REJECTED; received 2 response(s) [7660b851-9671-46a6-9e1d-7d946f95d492<-fdf19479-69c2-4639-b68c-6adde78ca28a#0:FAIL-t3, 7660b851-9671-46a6-9e1d-7d946f95d492<-1ac0a8d4-e534-43ce-83b1-426d47a3040d#0:FAIL-t3] and 0 exception(s); 7660b851-9671-46a6-9e1d-7d946f95d492@group-42C3DBE2B33D:t3, leader=null, voted=7660b851-9671-46a6-9e1d-7d946f95d492, raftlog=7660b851-9671-46a6-9e1d-7d946f95d492@group-42C3DBE2B33D-SegmentedRaftLog:OPENED:c-1,f-1,i0, conf=-1: [fdf19479-69c2-4639-b68c-6adde78ca28a:192.168.157.204:42858, 1ac0a8d4-e534-43ce-83b1-426d47a3040d:192.168.157.204:32953, 7660b851-9671-46a6-9e1d-7d946f95d492:192.168.157.204:41682], old=null
2019-10-20 13:10:59,554 [7660b851-9671-46a6-9e1d-7d946f95d492@group-42C3DBE2B33D-LeaderElection3290] INFO  impl.RaftServerImpl (RaftServerImpl.java:setRole(184)) - 7660b851-9671-46a6-9e1d-7d946f95d492@group-42C3DBE2B33D: changes role from CANDIDATE to FOLLOWER at term 3 for DISCOVERED_A_NEW_TERM
2019-10-20 13:10:59,554 [7660b851-9671-46a6-9e1d-7d946f95d492@group-42C3DBE2B33D-LeaderElection3290] INFO  impl.RoleInfo (RoleInfo.java:shutdownLeaderElection(134)) - 7660b851-9671-46a6-9e1d-7d946f95d492: shutdown LeaderElection
2019-10-20 13:10:59,554 [7660b851-9671-46a6-9e1d-7d946f95d492@group-42C3DBE2B33D-LeaderElection3290] INFO  impl.RoleInfo (RoleInfo.java:updateAndGet(143)) - 7660b851-9671-46a6-9e1d-7d946f95d492: start FollowerState
2019-10-20 13:10:59,568 [pool-602-thread-1] INFO  storage.RaftStorageDirectory (RaftStorageDirectory.java:tryLock(328)) - Lock on /workdir/hadoop-ozone/integration-test/target/test-dir/MiniOzoneClusterImpl-7cb4dc35-5948-4f28-9541-652e3d9b0dcd/datanode-8/data/ratis/5675dbc0-d25f-423d-ae1e-18cbec626ca6/in_use.lock acquired by nodename 20633@pr-hdds-2337-fjsvx-2218173377
2019-10-20 13:10:59,568 [pool-592-thread-1] INFO  storage.RaftStorageDirectory (RaftStorageDirectory.java:tryLock(328)) - Lock on /workdir/hadoop-ozone/integration-test/target/test-dir/MiniOzoneClusterImpl-7cb4dc35-5948-4f28-9541-652e3d9b0dcd/datanode-7/data/ratis/5675dbc0-d25f-423d-ae1e-18cbec626ca6/in_use.lock acquired by nodename 20633@pr-hdds-2337-fjsvx-2218173377
2019-10-20 13:10:59,568 [pool-562-thread-1] INFO  storage.RaftStorageDirectory (RaftStorageDirectory.java:tryLock(328)) - Lock on /workdir/hadoop-ozone/integration-test/target/test-dir/MiniOzoneClusterImpl-7cb4dc35-5948-4f28-9541-652e3d9b0dcd/datanode-4/data/ratis/5675dbc0-d25f-423d-ae1e-18cbec626ca6/in_use.lock acquired by nodename 20633@pr-hdds-2337-fjsvx-2218173377
2019-10-20 13:10:59,589 [pool-602-thread-1] INFO  storage.RaftStorage (RaftStorage.java:format(84)) - Storage directory /workdir/hadoop-ozone/integration-test/target/test-dir/MiniOzoneClusterImpl-7cb4dc35-5948-4f28-9541-652e3d9b0dcd/datanode-8/data/ratis/5675dbc0-d25f-423d-ae1e-18cbec626ca6 has been successfully formatted.
2019-10-20 13:10:59,589 [pool-592-thread-1] INFO  storage.RaftStorage (RaftStorage.java:format(84)) - Storage directory /workdir/hadoop-ozone/integration-test/target/test-dir/MiniOzoneClusterImpl-7cb4dc35-5948-4f28-9541-652e3d9b0dcd/datanode-7/data/ratis/5675dbc0-d25f-423d-ae1e-18cbec626ca6 has been successfully formatted.
2019-10-20 13:10:59,589 [pool-562-thread-1] INFO  storage.RaftStorage (RaftStorage.java:format(84)) - Storage directory /workdir/hadoop-ozone/integration-test/target/test-dir/MiniOzoneClusterImpl-7cb4dc35-5948-4f28-9541-652e3d9b0dcd/datanode-4/data/ratis/5675dbc0-d25f-423d-ae1e-18cbec626ca6 has been successfully formatted.
2019-10-20 13:10:59,589 [pool-602-thread-1] INFO  ratis.ContainerStateMachine (ContainerStateMachine.java:loadSnapshot(231)) - group-18CBEC626CA6: The snapshot info is null. Setting the last applied indexto:(t:0, i:~)
2019-10-20 13:10:59,590 [pool-562-thread-1] INFO  ratis.ContainerStateMachine (ContainerStateMachine.java:loadSnapshot(231)) - group-18CBEC626CA6: The snapshot info is null. Setting the last applied indexto:(t:0, i:~)
2019-10-20 13:10:59,589 [pool-592-thread-1] INFO  ratis.ContainerStateMachine (ContainerStateMachine.java:loadSnapshot(231)) - group-18CBEC626CA6: The snapshot info is null. Setting the last applied indexto:(t:0, i:~)
2019-10-20 13:10:59,590 [pool-562-thread-1] INFO  server.RaftServerConfigKeys (ConfUtils.java:logGet(43)) - raft.server.notification.no-leader.timeout = 120s (custom)
2019-10-20 13:10:59,590 [pool-602-thread-1] INFO  server.RaftServerConfigKeys (ConfUtils.java:logGet(43)) - raft.server.notification.no-leader.timeout = 120s (custom)
2019-10-20 13:10:59,590 [pool-562-thread-1] INFO  server.RaftServerConfigKeys (ConfUtils.java:logGet(43)) - raft.server.log.use.memory = false (default)
2019-10-20 13:10:59,590 [pool-592-thread-1] INFO  server.RaftServerConfigKeys (ConfUtils.java:logGet(43)) - raft.server.notification.no-leader.timeout = 120s (custom)
2019-10-20 13:10:59,590 [pool-562-thread-1] INFO  server.RaftServerConfigKeys (ConfUtils.java:logGet(43)) - raft.server.log.purge.gap = 1000000 (custom)
2019-10-20 13:10:59,590 [pool-602-thread-1] INFO  server.RaftServerConfigKeys (ConfUtils.java:logGet(43)) - raft.server.log.use.memory = false (default)
2019-10-20 13:10:59,590 [pool-562-thread-1] INFO  server.RaftServerConfigKeys (ConfUtils.java:logGet(43)) - raft.server.log.appender.buffer.byte-limit = 33554432 (custom)
2019-10-20 13:10:59,590 [pool-592-thread-1] INFO  server.RaftServerConfigKeys (ConfUtils.java:logGet(43)) - raft.server.log.use.memory = false (default)
2019-10-20 13:10:59,590 [pool-562-thread-1] INFO  server.RaftServerConfigKeys (ConfUtils.java:logGet(43)) - raft.server.log.segment.size.max = 1048576 (custom)
2019-10-20 13:10:59,590 [pool-602-thread-1] INFO  server.RaftServerConfigKeys (ConfUtils.java:logGet(43)) - raft.server.log.purge.gap = 1000000 (custom)
2019-10-20 13:10:59,591 [pool-562-thread-1] INFO  server.RaftServerConfigKeys (ConfUtils.java:logGet(43)) - raft.server.log.segment.cache.num.max = 2 (custom)
2019-10-20 13:10:59,591 [pool-592-thread-1] INFO  server.RaftServerConfigKeys (ConfUtils.java:logGet(43)) - raft.server.log.purge.gap = 1000000 (custom)
2019-10-20 13:10:59,591 [pool-562-thread-1] INFO  segmented.SegmentedRaftLogWorker (SegmentedRaftLogWorker.java:<init>(173)) - new 0b324774-4593-4f2f-a2c4-e2cf67d32ecd@group-18CBEC626CA6-SegmentedRaftLogWorker for RaftStorage:Storage Directory /workdir/hadoop-ozone/integration-test/target/test-dir/MiniOzoneClusterImpl-7cb4dc35-5948-4f28-9541-652e3d9b0dcd/datanode-4/data/ratis/5675dbc0-d25f-423d-ae1e-18cbec626ca6
2019-10-20 13:10:59,591 [pool-602-thread-1] INFO  server.RaftServerConfigKeys (ConfUtils.java:logGet(43)) - raft.server.log.appender.buffer.byte-limit = 33554432 (custom)
2019-10-20 13:10:59,591 [pool-562-thread-1] INFO  server.RaftServerConfigKeys (ConfUtils.java:logGet(43)) - raft.server.log.queue.byte-limit = 2147483647 (custom)
2019-10-20 13:10:59,591 [pool-592-thread-1] INFO  server.RaftServerConfigKeys (ConfUtils.java:logGet(43)) - raft.server.log.appender.buffer.byte-limit = 33554432 (custom)
2019-10-20 13:10:59,591 [pool-562-thread-1] INFO  server.RaftServerConfigKeys (ConfUtils.java:logGet(43)) - raft.server.log.queue.element-limit = 1024 (custom)
2019-10-20 13:10:59,591 [pool-602-thread-1] INFO  server.RaftServerConfigKeys (ConfUtils.java:logGet(43)) - raft.server.log.segment.size.max = 1048576 (custom)
2019-10-20 13:10:59,591 [pool-562-thread-1] INFO  server.RaftServerConfigKeys (ConfUtils.java:logGet(43)) - raft.server.log.segment.size.max = 1048576 (custom)
2019-10-20 13:10:59,591 [pool-592-thread-1] INFO  server.RaftServerConfigKeys (ConfUtils.java:logGet(43)) - raft.server.log.segment.size.max = 1048576 (custom)
2019-10-20 13:10:59,592 [pool-562-thread-1] INFO  server.RaftServerConfigKeys (ConfUtils.java:logGet(43)) - raft.server.log.preallocated.size = 16384 (custom)
2019-10-20 13:10:59,592 [pool-562-thread-1] INFO  server.RaftServerConfigKeys (ConfUtils.java:logGet(43)) - raft.server.log.write.buffer.size = 33554432 (custom)
2019-10-20 13:10:59,592 [pool-562-thread-1] INFO  server.RaftServerConfigKeys (ConfUtils.java:logGet(43)) - raft.server.log.force.sync.num = 128 (default)
2019-10-20 13:10:59,592 [pool-562-thread-1] INFO  server.RaftServerConfigKeys (ConfUtils.java:logGet(43)) - raft.server.log.statemachine.data.sync = true (default)
2019-10-20 13:10:59,592 [pool-562-thread-1] INFO  server.RaftServerConfigKeys (ConfUtils.java:logGet(43)) - raft.server.log.statemachine.data.sync.timeout = 10s (default)
2019-10-20 13:10:59,592 [pool-562-thread-1] INFO  server.RaftServerConfigKeys (ConfUtils.java:logGet(43)) - raft.server.log.statemachine.data.sync.timeout.retry = -1 (default)
2019-10-20 13:10:59,593 [pool-562-thread-1] INFO  server.RaftServerConfigKeys (ConfUtils.java:logGet(43)) - raft.server.log.statemachine.data.caching.enabled = true (custom)
2019-10-20 13:10:59,593 [pool-562-thread-1] INFO  segmented.SegmentedRaftLogWorker (SegmentedRaftLogWorker.java:lambda$new$0(128)) - 0b324774-4593-4f2f-a2c4-e2cf67d32ecd@group-18CBEC626CA6-SegmentedRaftLogWorker: flushIndex: setUnconditionally 0 -> -1
2019-10-20 13:10:59,593 [pool-562-thread-1] INFO  server.RaftServerConfigKeys (ConfUtils.java:logGet(43)) - raft.server.snapshot.auto.trigger.enabled = true (custom)
2019-10-20 13:10:59,593 [pool-562-thread-1] INFO  server.RaftServerConfigKeys (ConfUtils.java:logGet(43)) - raft.server.snapshot.auto.trigger.threshold = 10000 (custom)
2019-10-20 13:10:59,593 [pool-562-thread-1] INFO  server.RaftServerConfigKeys (ConfUtils.java:logGet(43)) - raft.server.snapshot.retention.file.num = 5 (custom)
2019-10-20 13:10:59,593 [pool-562-thread-1] INFO  server.RaftServerConfigKeys (ConfUtils.java:logGet(43)) - raft.server.retrycache.expirytime = 600000ms (custom)
2019-10-20 13:10:59,594 [pool-602-thread-1] INFO  server.RaftServerConfigKeys (ConfUtils.java:logGet(43)) - raft.server.log.segment.cache.num.max = 2 (custom)
2019-10-20 13:10:59,594 [pool-602-thread-1] INFO  segmented.SegmentedRaftLogWorker (SegmentedRaftLogWorker.java:<init>(173)) - new 384d1456-c9b4-4a07-8bc5-984a6f09f9c3@group-18CBEC626CA6-SegmentedRaftLogWorker for RaftStorage:Storage Directory /workdir/hadoop-ozone/integration-test/target/test-dir/MiniOzoneClusterImpl-7cb4dc35-5948-4f28-9541-652e3d9b0dcd/datanode-8/data/ratis/5675dbc0-d25f-423d-ae1e-18cbec626ca6
2019-10-20 13:10:59,595 [pool-602-thread-1] INFO  server.RaftServerConfigKeys (ConfUtils.java:logGet(43)) - raft.server.log.queue.byte-limit = 2147483647 (custom)
2019-10-20 13:10:59,595 [pool-602-thread-1] INFO  server.RaftServerConfigKeys (ConfUtils.java:logGet(43)) - raft.server.log.queue.element-limit = 1024 (custom)
2019-10-20 13:10:59,595 [pool-602-thread-1] INFO  server.RaftServerConfigKeys (ConfUtils.java:logGet(43)) - raft.server.log.segment.size.max = 1048576 (custom)
2019-10-20 13:10:59,595 [pool-592-thread-1] INFO  server.RaftServerConfigKeys (ConfUtils.java:logGet(43)) - raft.server.log.segment.cache.num.max = 2 (custom)
2019-10-20 13:10:59,595 [pool-602-thread-1] INFO  server.RaftServerConfigKeys (ConfUtils.java:logGet(43)) - raft.server.log.preallocated.size = 16384 (custom)
2019-10-20 13:10:59,595 [IPC Server handler 4 on 40084] INFO  net.NetworkTopology (NetworkTopologyImpl.java:add(111)) - Added a new node: /rack1/ac1ec13a-a7c4-4559-854b-f894f05d9392
2019-10-20 13:10:59,595 [pool-592-thread-1] INFO  segmented.SegmentedRaftLogWorker (SegmentedRaftLogWorker.java:<init>(173)) - new 4d585c25-980a-43ef-83b7-f2d8ca21bb18@group-18CBEC626CA6-SegmentedRaftLogWorker for RaftStorage:Storage Directory /workdir/hadoop-ozone/integration-test/target/test-dir/MiniOzoneClusterImpl-7cb4dc35-5948-4f28-9541-652e3d9b0dcd/datanode-7/data/ratis/5675dbc0-d25f-423d-ae1e-18cbec626ca6
2019-10-20 13:10:59,595 [IPC Server handler 4 on 40084] INFO  node.SCMNodeManager (SCMNodeManager.java:register(268)) - Registered Data node : ac1ec13a-a7c4-4559-854b-f894f05d9392{ip: 192.168.157.204, host: pr-hdds-2337-fjsvx-2218173377, networkLocation: /rack1, certSerialId: null}
2019-10-20 13:10:59,595 [pool-602-thread-1] INFO  server.RaftServerConfigKeys (ConfUtils.java:logGet(43)) - raft.server.log.write.buffer.size = 33554432 (custom)
2019-10-20 13:10:59,595 [pool-562-thread-1] INFO  impl.RaftServerImpl (RaftServerImpl.java:start(195)) - 0b324774-4593-4f2f-a2c4-e2cf67d32ecd@group-18CBEC626CA6: start as a follower, conf=-1: [4d585c25-980a-43ef-83b7-f2d8ca21bb18:192.168.157.204:43287, 384d1456-c9b4-4a07-8bc5-984a6f09f9c3:192.168.157.204:38270, 0b324774-4593-4f2f-a2c4-e2cf67d32ecd:192.168.157.204:41063], old=null
2019-10-20 13:10:59,596 [pool-602-thread-1] INFO  server.RaftServerConfigKeys (ConfUtils.java:logGet(43)) - raft.server.log.force.sync.num = 128 (default)
2019-10-20 13:10:59,595 [pool-592-thread-1] INFO  server.RaftServerConfigKeys (ConfUtils.java:logGet(43)) - raft.server.log.queue.byte-limit = 2147483647 (custom)
2019-10-20 13:10:59,596 [pool-602-thread-1] INFO  server.RaftServerConfigKeys (ConfUtils.java:logGet(43)) - raft.server.log.statemachine.data.sync = true (default)
2019-10-20 13:10:59,596 [main] INFO  ozone.MiniOzoneClusterImpl (MiniOzoneClusterImpl.java:lambda$waitForClusterToBeReady$0(147)) - Cluster is ready. Got 10 of 10 DN Heartbeats.
2019-10-20 13:10:59,596 [pool-562-thread-1] INFO  impl.RaftServerImpl (RaftServerImpl.java:setRole(184)) - 0b324774-4593-4f2f-a2c4-e2cf67d32ecd@group-18CBEC626CA6: changes role from      null to FOLLOWER at term 0 for startAsFollower
2019-10-20 13:10:59,596 [pool-602-thread-1] INFO  server.RaftServerConfigKeys (ConfUtils.java:logGet(43)) - raft.server.log.statemachine.data.sync.timeout = 10s (default)
2019-10-20 13:10:59,596 [pool-592-thread-1] INFO  server.RaftServerConfigKeys (ConfUtils.java:logGet(43)) - raft.server.log.queue.element-limit = 1024 (custom)
2019-10-20 13:10:59,597 [pool-602-thread-1] INFO  server.RaftServerConfigKeys (ConfUtils.java:logGet(43)) - raft.server.log.statemachine.data.sync.timeout.retry = -1 (default)
2019-10-20 13:10:59,596 [pool-562-thread-1] INFO  impl.RoleInfo (RoleInfo.java:updateAndGet(143)) - 0b324774-4593-4f2f-a2c4-e2cf67d32ecd: start FollowerState
2019-10-20 13:10:59,597 [pool-592-thread-1] INFO  server.RaftServerConfigKeys (ConfUtils.java:logGet(43)) - raft.server.log.segment.size.max = 1048576 (custom)
2019-10-20 13:10:59,597 [pool-602-thread-1] INFO  server.RaftServerConfigKeys (ConfUtils.java:logGet(43)) - raft.server.log.statemachine.data.caching.enabled = true (custom)
2019-10-20 13:10:59,597 [pool-592-thread-1] INFO  server.RaftServerConfigKeys (ConfUtils.java:logGet(43)) - raft.server.log.preallocated.size = 16384 (custom)
2019-10-20 13:10:59,597 [pool-562-thread-1] INFO  util.JmxRegister (JmxRegister.java:tryRegister(44)) - Successfully registered JMX Bean with object name Ratis:service=RaftServer,group=group-18CBEC626CA6,id=0b324774-4593-4f2f-a2c4-e2cf67d32ecd
2019-10-20 13:10:59,597 [pool-592-thread-1] INFO  server.RaftServerConfigKeys (ConfUtils.java:logGet(43)) - raft.server.log.write.buffer.size = 33554432 (custom)
2019-10-20 13:10:59,597 [pool-602-thread-1] INFO  segmented.SegmentedRaftLogWorker (SegmentedRaftLogWorker.java:lambda$new$0(128)) - 384d1456-c9b4-4a07-8bc5-984a6f09f9c3@group-18CBEC626CA6-SegmentedRaftLogWorker: flushIndex: setUnconditionally 0 -> -1
2019-10-20 13:10:59,597 [pool-592-thread-1] INFO  server.RaftServerConfigKeys (ConfUtils.java:logGet(43)) - raft.server.log.force.sync.num = 128 (default)
2019-10-20 13:10:59,597 [pool-592-thread-1] INFO  server.RaftServerConfigKeys (ConfUtils.java:logGet(43)) - raft.server.log.statemachine.data.sync = true (default)
2019-10-20 13:10:59,598 [pool-592-thread-1] INFO  server.RaftServerConfigKeys (ConfUtils.java:logGet(43)) - raft.server.log.statemachine.data.sync.timeout = 10s (default)
2019-10-20 13:10:59,598 [pool-602-thread-1] INFO  server.RaftServerConfigKeys (ConfUtils.java:logGet(43)) - raft.server.snapshot.auto.trigger.enabled = true (custom)
2019-10-20 13:10:59,598 [pool-592-thread-1] INFO  server.RaftServerConfigKeys (ConfUtils.java:logGet(43)) - raft.server.log.statemachine.data.sync.timeout.retry = -1 (default)
2019-10-20 13:10:59,598 [pool-602-thread-1] INFO  server.RaftServerConfigKeys (ConfUtils.java:logGet(43)) - raft.server.snapshot.auto.trigger.threshold = 10000 (custom)
2019-10-20 13:10:59,598 [pool-602-thread-1] INFO  server.RaftServerConfigKeys (ConfUtils.java:logGet(43)) - raft.server.snapshot.retention.file.num = 5 (custom)
2019-10-20 13:10:59,598 [pool-602-thread-1] INFO  server.RaftServerConfigKeys (ConfUtils.java:logGet(43)) - raft.server.retrycache.expirytime = 600000ms (custom)
2019-10-20 13:10:59,598 [pool-592-thread-1] INFO  server.RaftServerConfigKeys (ConfUtils.java:logGet(43)) - raft.server.log.statemachine.data.caching.enabled = true (custom)
2019-10-20 13:10:59,598 [pool-592-thread-1] INFO  segmented.SegmentedRaftLogWorker (SegmentedRaftLogWorker.java:lambda$new$0(128)) - 4d585c25-980a-43ef-83b7-f2d8ca21bb18@group-18CBEC626CA6-SegmentedRaftLogWorker: flushIndex: setUnconditionally 0 -> -1
2019-10-20 13:10:59,599 [pool-592-thread-1] INFO  server.RaftServerConfigKeys (ConfUtils.java:logGet(43)) - raft.server.snapshot.auto.trigger.enabled = true (custom)
2019-10-20 13:10:59,599 [pool-592-thread-1] INFO  server.RaftServerConfigKeys (ConfUtils.java:logGet(43)) - raft.server.snapshot.auto.trigger.threshold = 10000 (custom)
2019-10-20 13:10:59,599 [pool-592-thread-1] INFO  server.RaftServerConfigKeys (ConfUtils.java:logGet(43)) - raft.server.snapshot.retention.file.num = 5 (custom)
2019-10-20 13:10:59,599 [pool-592-thread-1] INFO  server.RaftServerConfigKeys (ConfUtils.java:logGet(43)) - raft.server.retrycache.expirytime = 600000ms (custom)
2019-10-20 13:10:59,607 [pool-602-thread-1] INFO  impl.RaftServerImpl (RaftServerImpl.java:start(195)) - 384d1456-c9b4-4a07-8bc5-984a6f09f9c3@group-18CBEC626CA6: start as a follower, conf=-1: [4d585c25-980a-43ef-83b7-f2d8ca21bb18:192.168.157.204:43287, 384d1456-c9b4-4a07-8bc5-984a6f09f9c3:192.168.157.204:38270, 0b324774-4593-4f2f-a2c4-e2cf67d32ecd:192.168.157.204:41063], old=null
2019-10-20 13:10:59,607 [pool-602-thread-1] INFO  impl.RaftServerImpl (RaftServerImpl.java:setRole(184)) - 384d1456-c9b4-4a07-8bc5-984a6f09f9c3@group-18CBEC626CA6: changes role from      null to FOLLOWER at term 0 for startAsFollower
2019-10-20 13:10:59,607 [pool-602-thread-1] INFO  impl.RoleInfo (RoleInfo.java:updateAndGet(143)) - 384d1456-c9b4-4a07-8bc5-984a6f09f9c3: start FollowerState
2019-10-20 13:10:59,608 [pool-602-thread-1] INFO  util.JmxRegister (JmxRegister.java:tryRegister(44)) - Successfully registered JMX Bean with object name Ratis:service=RaftServer,group=group-18CBEC626CA6,id=384d1456-c9b4-4a07-8bc5-984a6f09f9c3
2019-10-20 13:10:59,608 [pool-592-thread-1] INFO  impl.RaftServerImpl (RaftServerImpl.java:start(195)) - 4d585c25-980a-43ef-83b7-f2d8ca21bb18@group-18CBEC626CA6: start as a follower, conf=-1: [4d585c25-980a-43ef-83b7-f2d8ca21bb18:192.168.157.204:43287, 384d1456-c9b4-4a07-8bc5-984a6f09f9c3:192.168.157.204:38270, 0b324774-4593-4f2f-a2c4-e2cf67d32ecd:192.168.157.204:41063], old=null
2019-10-20 13:10:59,608 [pool-592-thread-1] INFO  impl.RaftServerImpl (RaftServerImpl.java:setRole(184)) - 4d585c25-980a-43ef-83b7-f2d8ca21bb18@group-18CBEC626CA6: changes role from      null to FOLLOWER at term 0 for startAsFollower
2019-10-20 13:10:59,611 [pool-592-thread-1] INFO  impl.RoleInfo (RoleInfo.java:updateAndGet(143)) - 4d585c25-980a-43ef-83b7-f2d8ca21bb18: start FollowerState
2019-10-20 13:10:59,611 [pool-592-thread-1] INFO  util.JmxRegister (JmxRegister.java:tryRegister(44)) - Successfully registered JMX Bean with object name Ratis:service=RaftServer,group=group-18CBEC626CA6,id=4d585c25-980a-43ef-83b7-f2d8ca21bb18
2019-10-20 13:10:59,628 [Thread-24529] INFO  impl.FollowerState (FollowerState.java:run(108)) - 4d585c25-980a-43ef-83b7-f2d8ca21bb18@group-18CBEC626CA6-FollowerState: change to CANDIDATE, lastRpcTime:17ms, electionTimeout:16ms
2019-10-20 13:10:59,629 [Thread-24508] INFO  impl.FollowerState (FollowerState.java:run(108)) - d7eba74f-c3d7-492f-90de-a44c4d301567@group-8AAF828E5632-FollowerState: change to CANDIDATE, lastRpcTime:104ms, electionTimeout:102ms
2019-10-20 13:10:59,629 [Thread-24529] INFO  impl.RoleInfo (RoleInfo.java:shutdownFollowerState(121)) - 4d585c25-980a-43ef-83b7-f2d8ca21bb18: shutdown FollowerState
2019-10-20 13:10:59,629 [Thread-24508] INFO  impl.RoleInfo (RoleInfo.java:shutdownFollowerState(121)) - d7eba74f-c3d7-492f-90de-a44c4d301567: shutdown FollowerState
2019-10-20 13:10:59,629 [Thread-24529] INFO  impl.RaftServerImpl (RaftServerImpl.java:setRole(184)) - 4d585c25-980a-43ef-83b7-f2d8ca21bb18@group-18CBEC626CA6: changes role from  FOLLOWER to CANDIDATE at term 0 for changeToCandidate
2019-10-20 13:10:59,629 [Thread-24508] INFO  impl.RaftServerImpl (RaftServerImpl.java:setRole(184)) - d7eba74f-c3d7-492f-90de-a44c4d301567@group-8AAF828E5632: changes role from  FOLLOWER to CANDIDATE at term 0 for changeToCandidate
2019-10-20 13:10:59,629 [Thread-24529] INFO  impl.RoleInfo (RoleInfo.java:updateAndGet(143)) - 4d585c25-980a-43ef-83b7-f2d8ca21bb18: start LeaderElection
2019-10-20 13:10:59,629 [Thread-24508] INFO  impl.RoleInfo (RoleInfo.java:updateAndGet(143)) - d7eba74f-c3d7-492f-90de-a44c4d301567: start LeaderElection
2019-10-20 13:10:59,637 [Thread-24514] INFO  impl.FollowerState (FollowerState.java:run(108)) - 92caf199-1518-46a4-aa0d-e8059f4ddc2b@group-8AAF828E5632-FollowerState: change to CANDIDATE, lastRpcTime:106ms, electionTimeout:105ms
2019-10-20 13:10:59,637 [Thread-24514] INFO  impl.RoleInfo (RoleInfo.java:shutdownFollowerState(121)) - 92caf199-1518-46a4-aa0d-e8059f4ddc2b: shutdown FollowerState
2019-10-20 13:10:59,637 [Thread-24514] INFO  impl.RaftServerImpl (RaftServerImpl.java:setRole(184)) - 92caf199-1518-46a4-aa0d-e8059f4ddc2b@group-8AAF828E5632: changes role from  FOLLOWER to CANDIDATE at term 0 for changeToCandidate
2019-10-20 13:10:59,637 [Thread-24514] INFO  impl.RoleInfo (RoleInfo.java:updateAndGet(143)) - 92caf199-1518-46a4-aa0d-e8059f4ddc2b: start LeaderElection
2019-10-20 13:10:59,637 [RatisPipelineUtilsThread] INFO  pipeline.PipelineStateManager (PipelineStateManager.java:addPipeline(56)) - Created pipeline Pipeline[ Id: 5675dbc0-d25f-423d-ae1e-18cbec626ca6, Nodes: 384d1456-c9b4-4a07-8bc5-984a6f09f9c3{ip: 192.168.157.204, host: pr-hdds-2337-fjsvx-2218173377, networkLocation: /rack1, certSerialId: null}4d585c25-980a-43ef-83b7-f2d8ca21bb18{ip: 192.168.157.204, host: pr-hdds-2337-fjsvx-2218173377, networkLocation: /rack1, certSerialId: null}0b324774-4593-4f2f-a2c4-e2cf67d32ecd{ip: 192.168.157.204, host: pr-hdds-2337-fjsvx-2218173377, networkLocation: /rack1, certSerialId: null}, Type:RATIS, Factor:THREE, State:OPEN]
2019-10-20 13:10:59,640 [Thread-24512] INFO  impl.FollowerState (FollowerState.java:run(108)) - 57d97a36-4998-4a67-afe7-2be16a9f25e7@group-8AAF828E5632-FollowerState: change to CANDIDATE, lastRpcTime:110ms, electionTimeout:108ms
2019-10-20 13:10:59,642 [Thread-24512] INFO  impl.RoleInfo (RoleInfo.java:shutdownFollowerState(121)) - 57d97a36-4998-4a67-afe7-2be16a9f25e7: shutdown FollowerState
2019-10-20 13:10:59,642 [Thread-24512] INFO  impl.RaftServerImpl (RaftServerImpl.java:setRole(184)) - 57d97a36-4998-4a67-afe7-2be16a9f25e7@group-8AAF828E5632: changes role from  FOLLOWER to CANDIDATE at term 0 for changeToCandidate
2019-10-20 13:10:59,642 [Thread-24512] INFO  impl.RoleInfo (RoleInfo.java:updateAndGet(143)) - 57d97a36-4998-4a67-afe7-2be16a9f25e7: start LeaderElection
2019-10-20 13:10:59,650 [4d585c25-980a-43ef-83b7-f2d8ca21bb18@group-18CBEC626CA6-LeaderElection3291] INFO  impl.LeaderElection (LeaderElection.java:askForVotes(178)) - 4d585c25-980a-43ef-83b7-f2d8ca21bb18@group-18CBEC626CA6-LeaderElection3291: begin an election at term 1 for -1: [4d585c25-980a-43ef-83b7-f2d8ca21bb18:192.168.157.204:43287, 384d1456-c9b4-4a07-8bc5-984a6f09f9c3:192.168.157.204:38270, 0b324774-4593-4f2f-a2c4-e2cf67d32ecd:192.168.157.204:41063], old=null
2019-10-20 13:10:59,652 [Thread-24527] INFO  impl.FollowerState (FollowerState.java:run(108)) - 384d1456-c9b4-4a07-8bc5-984a6f09f9c3@group-18CBEC626CA6-FollowerState: change to CANDIDATE, lastRpcTime:44ms, electionTimeout:43ms
2019-10-20 13:10:59,652 [57d97a36-4998-4a67-afe7-2be16a9f25e7@group-8AAF828E5632-LeaderElection3294] INFO  impl.LeaderElection (LeaderElection.java:askForVotes(178)) - 57d97a36-4998-4a67-afe7-2be16a9f25e7@group-8AAF828E5632-LeaderElection3294: begin an election at term 1 for -1: [92caf199-1518-46a4-aa0d-e8059f4ddc2b:192.168.157.204:44100, d7eba74f-c3d7-492f-90de-a44c4d301567:192.168.157.204:44625, 57d97a36-4998-4a67-afe7-2be16a9f25e7:192.168.157.204:44478], old=null
2019-10-20 13:10:59,650 [d7eba74f-c3d7-492f-90de-a44c4d301567@group-8AAF828E5632-LeaderElection3292] INFO  impl.LeaderElection (LeaderElection.java:askForVotes(178)) - d7eba74f-c3d7-492f-90de-a44c4d301567@group-8AAF828E5632-LeaderElection3292: begin an election at term 1 for -1: [92caf199-1518-46a4-aa0d-e8059f4ddc2b:192.168.157.204:44100, d7eba74f-c3d7-492f-90de-a44c4d301567:192.168.157.204:44625, 57d97a36-4998-4a67-afe7-2be16a9f25e7:192.168.157.204:44478], old=null
2019-10-20 13:10:59,650 [92caf199-1518-46a4-aa0d-e8059f4ddc2b@group-8AAF828E5632-LeaderElection3293] INFO  impl.LeaderElection (LeaderElection.java:askForVotes(178)) - 92caf199-1518-46a4-aa0d-e8059f4ddc2b@group-8AAF828E5632-LeaderElection3293: begin an election at term 1 for -1: [92caf199-1518-46a4-aa0d-e8059f4ddc2b:192.168.157.204:44100, d7eba74f-c3d7-492f-90de-a44c4d301567:192.168.157.204:44625, 57d97a36-4998-4a67-afe7-2be16a9f25e7:192.168.157.204:44478], old=null
2019-10-20 13:10:59,653 [Thread-24527] INFO  impl.RoleInfo (RoleInfo.java:shutdownFollowerState(121)) - 384d1456-c9b4-4a07-8bc5-984a6f09f9c3: shutdown FollowerState
2019-10-20 13:10:59,653 [Thread-24527] INFO  impl.RaftServerImpl (RaftServerImpl.java:setRole(184)) - 384d1456-c9b4-4a07-8bc5-984a6f09f9c3@group-18CBEC626CA6: changes role from  FOLLOWER to CANDIDATE at term 0 for changeToCandidate
2019-10-20 13:10:59,653 [grpc-default-executor-18] INFO  impl.RaftServerProxy (RaftServerProxy.java:addNew(89)) - 92caf199-1518-46a4-aa0d-e8059f4ddc2b: addNew group-69039087843C:[92caf199-1518-46a4-aa0d-e8059f4ddc2b:192.168.157.204:44100] returns group-69039087843C:java.util.concurrent.CompletableFuture@4a1123a5[Not completed]
2019-10-20 13:10:59,653 [Thread-24527] INFO  impl.RoleInfo (RoleInfo.java:updateAndGet(143)) - 384d1456-c9b4-4a07-8bc5-984a6f09f9c3: start LeaderElection
2019-10-20 13:10:59,662 [pool-582-thread-1] INFO  impl.RaftServerImpl (RaftServerImpl.java:<init>(104)) - 92caf199-1518-46a4-aa0d-e8059f4ddc2b: new RaftServerImpl for group-69039087843C:[92caf199-1518-46a4-aa0d-e8059f4ddc2b:192.168.157.204:44100] with ContainerStateMachine:uninitialized
2019-10-20 13:10:59,663 [pool-582-thread-1] INFO  server.RaftServerConfigKeys (ConfUtils.java:logGet(43)) - raft.server.rpc.timeout.min = 1s (custom)
2019-10-20 13:10:59,665 [pool-582-thread-1] INFO  server.RaftServerConfigKeys (ConfUtils.java:logGet(43)) - raft.server.rpc.timeout.max = 1200ms (custom)
2019-10-20 13:10:59,665 [pool-582-thread-1] INFO  server.RaftServerConfigKeys (ConfUtils.java:logGet(43)) - raft.server.rpcslowness.timeout = 120s (custom)
2019-10-20 13:10:59,665 [pool-582-thread-1] INFO  server.RaftServerConfigKeys (ConfUtils.java:logGet(43)) - raft.server.sleep.deviation.threshold = 300 (default)
2019-10-20 13:10:59,665 [pool-582-thread-1] INFO  server.RaftServerConfigKeys (ConfUtils.java:logGet(43)) - raft.server.log.appender.install.snapshot.enabled = false (custom)
2019-10-20 13:10:59,665 [pool-582-thread-1] INFO  impl.RaftServerImpl (ServerState.java:<init>(103)) - 92caf199-1518-46a4-aa0d-e8059f4ddc2b@group-69039087843C: ConfigurationManager, init=-1: [92caf199-1518-46a4-aa0d-e8059f4ddc2b:192.168.157.204:44100], old=null, confs=<EMPTY_MAP>
2019-10-20 13:10:59,665 [pool-582-thread-1] INFO  server.RaftServerConfigKeys (ConfUtils.java:logGet(43)) - raft.server.storage.dir = [/workdir/hadoop-ozone/integration-test/target/test-dir/MiniOzoneClusterImpl-7cb4dc35-5948-4f28-9541-652e3d9b0dcd/datanode-6/data/ratis] (custom)
2019-10-20 13:10:59,665 [pool-582-thread-1] INFO  server.RaftServerConfigKeys (ConfUtils.java:logGet(43)) - raft.server.log.corruption.policy = EXCEPTION (default)
2019-10-20 13:10:59,666 [pool-582-thread-1] INFO  storage.RaftStorageDirectory (RaftStorageDirectory.java:analyzeStorage(246)) - The storage directory /workdir/hadoop-ozone/integration-test/target/test-dir/MiniOzoneClusterImpl-7cb4dc35-5948-4f28-9541-652e3d9b0dcd/datanode-6/data/ratis/961affd5-939c-4e66-b1cb-69039087843c does not exist. Creating ...
2019-10-20 13:10:59,669 [grpc-default-executor-10] INFO  impl.RaftServerImpl (RaftServerImpl.java:setRole(184)) - 0b324774-4593-4f2f-a2c4-e2cf67d32ecd@group-18CBEC626CA6: changes role from  FOLLOWER to FOLLOWER at term 1 for recognizeCandidate:4d585c25-980a-43ef-83b7-f2d8ca21bb18
2019-10-20 13:10:59,669 [grpc-default-executor-10] INFO  impl.RoleInfo (RoleInfo.java:shutdownFollowerState(121)) - 0b324774-4593-4f2f-a2c4-e2cf67d32ecd: shutdown FollowerState
2019-10-20 13:10:59,669 [grpc-default-executor-10] INFO  impl.RoleInfo (RoleInfo.java:updateAndGet(143)) - 0b324774-4593-4f2f-a2c4-e2cf67d32ecd: start FollowerState
2019-10-20 13:10:59,669 [Thread-24522] INFO  impl.FollowerState (FollowerState.java:run(117)) - 0b324774-4593-4f2f-a2c4-e2cf67d32ecd@group-18CBEC626CA6-FollowerState was interrupted: java.lang.InterruptedException: sleep interrupted
2019-10-20 13:10:59,669 [d7eba74f-c3d7-492f-90de-a44c4d301567@group-8AAF828E5632-LeaderElection3292] INFO  impl.LeaderElection (LeaderElection.java:logAndReturn(56)) - d7eba74f-c3d7-492f-90de-a44c4d301567@group-8AAF828E5632-LeaderElection3292: Election REJECTED; received 2 response(s) [d7eba74f-c3d7-492f-90de-a44c4d301567<-92caf199-1518-46a4-aa0d-e8059f4ddc2b#0:FAIL-t1, d7eba74f-c3d7-492f-90de-a44c4d301567<-57d97a36-4998-4a67-afe7-2be16a9f25e7#0:FAIL-t1] and 0 exception(s); d7eba74f-c3d7-492f-90de-a44c4d301567@group-8AAF828E5632:t1, leader=null, voted=d7eba74f-c3d7-492f-90de-a44c4d301567, raftlog=d7eba74f-c3d7-492f-90de-a44c4d301567@group-8AAF828E5632-SegmentedRaftLog:OPENED:c-1,f-1,i0, conf=-1: [92caf199-1518-46a4-aa0d-e8059f4ddc2b:192.168.157.204:44100, d7eba74f-c3d7-492f-90de-a44c4d301567:192.168.157.204:44625, 57d97a36-4998-4a67-afe7-2be16a9f25e7:192.168.157.204:44478], old=null
2019-10-20 13:10:59,670 [57d97a36-4998-4a67-afe7-2be16a9f25e7@group-8AAF828E5632-LeaderElection3294] INFO  impl.LeaderElection (LeaderElection.java:logAndReturn(56)) - 57d97a36-4998-4a67-afe7-2be16a9f25e7@group-8AAF828E5632-LeaderElection3294: Election REJECTED; received 2 response(s) [57d97a36-4998-4a67-afe7-2be16a9f25e7<-92caf199-1518-46a4-aa0d-e8059f4ddc2b#0:FAIL-t1, 57d97a36-4998-4a67-afe7-2be16a9f25e7<-d7eba74f-c3d7-492f-90de-a44c4d301567#0:FAIL-t1] and 0 exception(s); 57d97a36-4998-4a67-afe7-2be16a9f25e7@group-8AAF828E5632:t1, leader=null, voted=57d97a36-4998-4a67-afe7-2be16a9f25e7, raftlog=57d97a36-4998-4a67-afe7-2be16a9f25e7@group-8AAF828E5632-SegmentedRaftLog:OPENED:c-1,f-1,i0, conf=-1: [92caf199-1518-46a4-aa0d-e8059f4ddc2b:192.168.157.204:44100, d7eba74f-c3d7-492f-90de-a44c4d301567:192.168.157.204:44625, 57d97a36-4998-4a67-afe7-2be16a9f25e7:192.168.157.204:44478], old=null
2019-10-20 13:10:59,670 [92caf199-1518-46a4-aa0d-e8059f4ddc2b@group-8AAF828E5632-LeaderElection3293] INFO  impl.LeaderElection (LeaderElection.java:logAndReturn(56)) - 92caf199-1518-46a4-aa0d-e8059f4ddc2b@group-8AAF828E5632-LeaderElection3293: Election REJECTED; received 2 response(s) [92caf199-1518-46a4-aa0d-e8059f4ddc2b<-d7eba74f-c3d7-492f-90de-a44c4d301567#0:FAIL-t1, 92caf199-1518-46a4-aa0d-e8059f4ddc2b<-57d97a36-4998-4a67-afe7-2be16a9f25e7#0:FAIL-t1] and 0 exception(s); 92caf199-1518-46a4-aa0d-e8059f4ddc2b@group-8AAF828E5632:t1, leader=null, voted=92caf199-1518-46a4-aa0d-e8059f4ddc2b, raftlog=92caf199-1518-46a4-aa0d-e8059f4ddc2b@group-8AAF828E5632-SegmentedRaftLog:OPENED:c-1,f-1,i0, conf=-1: [92caf199-1518-46a4-aa0d-e8059f4ddc2b:192.168.157.204:44100, d7eba74f-c3d7-492f-90de-a44c4d301567:192.168.157.204:44625, 57d97a36-4998-4a67-afe7-2be16a9f25e7:192.168.157.204:44478], old=null
2019-10-20 13:10:59,670 [d7eba74f-c3d7-492f-90de-a44c4d301567@group-8AAF828E5632-LeaderElection3292] INFO  impl.RaftServerImpl (RaftServerImpl.java:setRole(184)) - d7eba74f-c3d7-492f-90de-a44c4d301567@group-8AAF828E5632: changes role from CANDIDATE to FOLLOWER at term 1 for DISCOVERED_A_NEW_TERM
2019-10-20 13:10:59,670 [92caf199-1518-46a4-aa0d-e8059f4ddc2b@group-8AAF828E5632-LeaderElection3293] INFO  impl.RaftServerImpl (RaftServerImpl.java:setRole(184)) - 92caf199-1518-46a4-aa0d-e8059f4ddc2b@group-8AAF828E5632: changes role from CANDIDATE to FOLLOWER at term 1 for DISCOVERED_A_NEW_TERM
2019-10-20 13:10:59,670 [57d97a36-4998-4a67-afe7-2be16a9f25e7@group-8AAF828E5632-LeaderElection3294] INFO  impl.RaftServerImpl (RaftServerImpl.java:setRole(184)) - 57d97a36-4998-4a67-afe7-2be16a9f25e7@group-8AAF828E5632: changes role from CANDIDATE to FOLLOWER at term 1 for DISCOVERED_A_NEW_TERM
2019-10-20 13:10:59,670 [57d97a36-4998-4a67-afe7-2be16a9f25e7@group-8AAF828E5632-LeaderElection3294] INFO  impl.RoleInfo (RoleInfo.java:shutdownLeaderElection(134)) - 57d97a36-4998-4a67-afe7-2be16a9f25e7: shutdown LeaderElection
2019-10-20 13:10:59,670 [92caf199-1518-46a4-aa0d-e8059f4ddc2b@group-8AAF828E5632-LeaderElection3293] INFO  impl.RoleInfo (RoleInfo.java:shutdownLeaderElection(134)) - 92caf199-1518-46a4-aa0d-e8059f4ddc2b: shutdown LeaderElection
2019-10-20 13:10:59,670 [d7eba74f-c3d7-492f-90de-a44c4d301567@group-8AAF828E5632-LeaderElection3292] INFO  impl.RoleInfo (RoleInfo.java:shutdownLeaderElection(134)) - d7eba74f-c3d7-492f-90de-a44c4d301567: shutdown LeaderElection
2019-10-20 13:10:59,670 [92caf199-1518-46a4-aa0d-e8059f4ddc2b@group-8AAF828E5632-LeaderElection3293] INFO  impl.RoleInfo (RoleInfo.java:updateAndGet(143)) - 92caf199-1518-46a4-aa0d-e8059f4ddc2b: start FollowerState
2019-10-20 13:10:59,670 [57d97a36-4998-4a67-afe7-2be16a9f25e7@group-8AAF828E5632-LeaderElection3294] INFO  impl.RoleInfo (RoleInfo.java:updateAndGet(143)) - 57d97a36-4998-4a67-afe7-2be16a9f25e7: start FollowerState
2019-10-20 13:10:59,670 [d7eba74f-c3d7-492f-90de-a44c4d301567@group-8AAF828E5632-LeaderElection3292] INFO  impl.RoleInfo (RoleInfo.java:updateAndGet(143)) - d7eba74f-c3d7-492f-90de-a44c4d301567: start FollowerState
2019-10-20 13:10:59,677 [main] INFO  rpc.RpcClient (RpcClient.java:createVolume(272)) - Creating Volume: datanodefailurehandlingtest, with jenkins1000 as owner.
2019-10-20 13:10:59,680 [IPC Server handler 1 on 43605] INFO  volume.OMVolumeCreateRequest (OMVolumeCreateRequest.java:validateAndUpdateCache(193)) - created volume:datanodefailurehandlingtest for user:jenkins1000
2019-10-20 13:10:59,691 [pool-582-thread-1] INFO  storage.RaftStorageDirectory (RaftStorageDirectory.java:tryLock(328)) - Lock on /workdir/hadoop-ozone/integration-test/target/test-dir/MiniOzoneClusterImpl-7cb4dc35-5948-4f28-9541-652e3d9b0dcd/datanode-6/data/ratis/961affd5-939c-4e66-b1cb-69039087843c/in_use.lock acquired by nodename 20633@pr-hdds-2337-fjsvx-2218173377
2019-10-20 13:10:59,691 [384d1456-c9b4-4a07-8bc5-984a6f09f9c3@group-18CBEC626CA6-LeaderElection3295] INFO  impl.LeaderElection (LeaderElection.java:askForVotes(178)) - 384d1456-c9b4-4a07-8bc5-984a6f09f9c3@group-18CBEC626CA6-LeaderElection3295: begin an election at term 1 for -1: [4d585c25-980a-43ef-83b7-f2d8ca21bb18:192.168.157.204:43287, 384d1456-c9b4-4a07-8bc5-984a6f09f9c3:192.168.157.204:38270, 0b324774-4593-4f2f-a2c4-e2cf67d32ecd:192.168.157.204:41063], old=null
2019-10-20 13:10:59,691 [4d585c25-980a-43ef-83b7-f2d8ca21bb18@group-18CBEC626CA6-LeaderElection3291] INFO  impl.LeaderElection (LeaderElection.java:logAndReturn(56)) - 4d585c25-980a-43ef-83b7-f2d8ca21bb18@group-18CBEC626CA6-LeaderElection3291: Election PASSED; received 1 response(s) [4d585c25-980a-43ef-83b7-f2d8ca21bb18<-0b324774-4593-4f2f-a2c4-e2cf67d32ecd#0:OK-t1] and 0 exception(s); 4d585c25-980a-43ef-83b7-f2d8ca21bb18@group-18CBEC626CA6:t1, leader=null, voted=4d585c25-980a-43ef-83b7-f2d8ca21bb18, raftlog=4d585c25-980a-43ef-83b7-f2d8ca21bb18@group-18CBEC626CA6-SegmentedRaftLog:OPENED:c-1,f-1,i0, conf=-1: [4d585c25-980a-43ef-83b7-f2d8ca21bb18:192.168.157.204:43287, 384d1456-c9b4-4a07-8bc5-984a6f09f9c3:192.168.157.204:38270, 0b324774-4593-4f2f-a2c4-e2cf67d32ecd:192.168.157.204:41063], old=null
2019-10-20 13:10:59,691 [main] INFO  rpc.RpcClient (RpcClient.java:createBucket(411)) - Creating Bucket: datanodefailurehandlingtest/datanodefailurehandlingtest, with Versioning false and Storage Type set to DISK and Encryption set to false 
2019-10-20 13:10:59,692 [4d585c25-980a-43ef-83b7-f2d8ca21bb18@group-18CBEC626CA6-LeaderElection3291] INFO  impl.RoleInfo (RoleInfo.java:shutdownLeaderElection(134)) - 4d585c25-980a-43ef-83b7-f2d8ca21bb18: shutdown LeaderElection
2019-10-20 13:10:59,692 [4d585c25-980a-43ef-83b7-f2d8ca21bb18@group-18CBEC626CA6-LeaderElection3291] INFO  impl.RaftServerImpl (RaftServerImpl.java:setRole(184)) - 4d585c25-980a-43ef-83b7-f2d8ca21bb18@group-18CBEC626CA6: changes role from CANDIDATE to LEADER at term 1 for changeToLeader
2019-10-20 13:10:59,692 [4d585c25-980a-43ef-83b7-f2d8ca21bb18@group-18CBEC626CA6-LeaderElection3291] INFO  impl.RaftServerImpl (ServerState.java:setLeader(256)) - 4d585c25-980a-43ef-83b7-f2d8ca21bb18@group-18CBEC626CA6: change Leader from null to 4d585c25-980a-43ef-83b7-f2d8ca21bb18 at term 1 for becomeLeader, leader elected after 102ms
2019-10-20 13:10:59,692 [4d585c25-980a-43ef-83b7-f2d8ca21bb18@group-18CBEC626CA6-LeaderElection3291] INFO  server.RaftServerConfigKeys (ConfUtils.java:logGet(43)) - raft.server.staging.catchup.gap = 1000 (default)
2019-10-20 13:10:59,692 [4d585c25-980a-43ef-83b7-f2d8ca21bb18@group-18CBEC626CA6-LeaderElection3291] INFO  server.RaftServerConfigKeys (ConfUtils.java:logGet(43)) - raft.server.rpc.sleep.time = 25ms (default)
2019-10-20 13:10:59,692 [4d585c25-980a-43ef-83b7-f2d8ca21bb18@group-18CBEC626CA6-LeaderElection3291] INFO  server.RaftServerConfigKeys (ConfUtils.java:logGet(43)) - raft.server.write.element-limit = 4096 (default)
2019-10-20 13:10:59,692 [4d585c25-980a-43ef-83b7-f2d8ca21bb18@group-18CBEC626CA6-LeaderElection3291] INFO  server.RaftServerConfigKeys (ConfUtils.java:logGet(43)) - raft.server.watch.timeout = 10s (default)
2019-10-20 13:10:59,692 [4d585c25-980a-43ef-83b7-f2d8ca21bb18@group-18CBEC626CA6-LeaderElection3291] INFO  server.RaftServerConfigKeys (ConfUtils.java:logGet(43)) - raft.server.watch.timeout.denomination = 1s (default)
2019-10-20 13:10:59,692 [4d585c25-980a-43ef-83b7-f2d8ca21bb18@group-18CBEC626CA6-LeaderElection3291] INFO  server.RaftServerConfigKeys (ConfUtils.java:logGet(43)) - raft.server.watch.element-limit = 65536 (default)
2019-10-20 13:10:59,698 [4d585c25-980a-43ef-83b7-f2d8ca21bb18@group-18CBEC626CA6-LeaderElection3291] INFO  server.RaftServerConfigKeys (ConfUtils.java:logGet(43)) - raft.server.log.appender.snapshot.chunk.size.max = 16MB (=16777216) (default)
2019-10-20 13:10:59,699 [4d585c25-980a-43ef-83b7-f2d8ca21bb18@group-18CBEC626CA6-LeaderElection3291] INFO  server.RaftServerConfigKeys (ConfUtils.java:logGet(43)) - raft.server.log.appender.buffer.byte-limit = 33554432 (custom)
2019-10-20 13:10:59,699 [4d585c25-980a-43ef-83b7-f2d8ca21bb18@group-18CBEC626CA6-LeaderElection3291] INFO  server.RaftServerConfigKeys (ConfUtils.java:logGet(43)) - raft.server.log.appender.buffer.element-limit = 1 (custom)
2019-10-20 13:10:59,699 [4d585c25-980a-43ef-83b7-f2d8ca21bb18@group-18CBEC626CA6-LeaderElection3291] INFO  grpc.GrpcConfigKeys$Server (ConfUtils.java:logGet(43)) - raft.grpc.server.leader.outstanding.appends.max = 128 (default)
2019-10-20 13:10:59,699 [4d585c25-980a-43ef-83b7-f2d8ca21bb18@group-18CBEC626CA6-LeaderElection3291] INFO  server.RaftServerConfigKeys (ConfUtils.java:logGet(43)) - raft.server.rpc.request.timeout = 3000ms (default)
2019-10-20 13:10:59,699 [4d585c25-980a-43ef-83b7-f2d8ca21bb18@group-18CBEC626CA6-LeaderElection3291] INFO  server.RaftServerConfigKeys (ConfUtils.java:logGet(43)) - raft.server.log.appender.install.snapshot.enabled = false (custom)
2019-10-20 13:10:59,700 [4d585c25-980a-43ef-83b7-f2d8ca21bb18@group-18CBEC626CA6-LeaderElection3291] INFO  server.RaftServerConfigKeys (ConfUtils.java:logGet(43)) - raft.server.log.appender.snapshot.chunk.size.max = 16MB (=16777216) (default)
2019-10-20 13:10:59,700 [4d585c25-980a-43ef-83b7-f2d8ca21bb18@group-18CBEC626CA6-LeaderElection3291] INFO  server.RaftServerConfigKeys (ConfUtils.java:logGet(43)) - raft.server.log.appender.buffer.byte-limit = 33554432 (custom)
2019-10-20 13:10:59,700 [4d585c25-980a-43ef-83b7-f2d8ca21bb18@group-18CBEC626CA6-LeaderElection3291] INFO  server.RaftServerConfigKeys (ConfUtils.java:logGet(43)) - raft.server.log.appender.buffer.element-limit = 1 (custom)
2019-10-20 13:10:59,700 [4d585c25-980a-43ef-83b7-f2d8ca21bb18@group-18CBEC626CA6-LeaderElection3291] INFO  grpc.GrpcConfigKeys$Server (ConfUtils.java:logGet(43)) - raft.grpc.server.leader.outstanding.appends.max = 128 (default)
2019-10-20 13:10:59,700 [4d585c25-980a-43ef-83b7-f2d8ca21bb18@group-18CBEC626CA6-LeaderElection3291] INFO  server.RaftServerConfigKeys (ConfUtils.java:logGet(43)) - raft.server.rpc.request.timeout = 3000ms (default)
2019-10-20 13:10:59,700 [4d585c25-980a-43ef-83b7-f2d8ca21bb18@group-18CBEC626CA6-LeaderElection3291] INFO  server.RaftServerConfigKeys (ConfUtils.java:logGet(43)) - raft.server.log.appender.install.snapshot.enabled = false (custom)
2019-10-20 13:10:59,702 [4d585c25-980a-43ef-83b7-f2d8ca21bb18@group-18CBEC626CA6-LeaderElection3291] INFO  impl.RoleInfo (RoleInfo.java:updateAndGet(143)) - 4d585c25-980a-43ef-83b7-f2d8ca21bb18: start LeaderState
2019-10-20 13:10:59,702 [4d585c25-980a-43ef-83b7-f2d8ca21bb18@group-18CBEC626CA6-LeaderElection3291] INFO  segmented.SegmentedRaftLogWorker (SegmentedRaftLogWorker.java:startLogSegment(385)) - 4d585c25-980a-43ef-83b7-f2d8ca21bb18@group-18CBEC626CA6-SegmentedRaftLogWorker: Starting segment from index:0
2019-10-20 13:10:59,705 [Thread-24520] INFO  impl.FollowerState (FollowerState.java:run(108)) - 7660b851-9671-46a6-9e1d-7d946f95d492@group-42C3DBE2B33D-FollowerState: change to CANDIDATE, lastRpcTime:151ms, electionTimeout:151ms
2019-10-20 13:10:59,705 [pool-582-thread-1] INFO  storage.RaftStorage (RaftStorage.java:format(84)) - Storage directory /workdir/hadoop-ozone/integration-test/target/test-dir/MiniOzoneClusterImpl-7cb4dc35-5948-4f28-9541-652e3d9b0dcd/datanode-6/data/ratis/961affd5-939c-4e66-b1cb-69039087843c has been successfully formatted.
2019-10-20 13:10:59,705 [Thread-24520] INFO  impl.RoleInfo (RoleInfo.java:shutdownFollowerState(121)) - 7660b851-9671-46a6-9e1d-7d946f95d492: shutdown FollowerState
2019-10-20 13:10:59,706 [Thread-24520] INFO  impl.RaftServerImpl (RaftServerImpl.java:setRole(184)) - 7660b851-9671-46a6-9e1d-7d946f95d492@group-42C3DBE2B33D: changes role from  FOLLOWER to CANDIDATE at term 3 for changeToCandidate
2019-10-20 13:10:59,706 [4d585c25-980a-43ef-83b7-f2d8ca21bb18@group-18CBEC626CA6-LeaderElection3291] INFO  impl.RaftServerImpl (ServerState.java:setRaftConf(357)) - 4d585c25-980a-43ef-83b7-f2d8ca21bb18@group-18CBEC626CA6: set configuration 0: [4d585c25-980a-43ef-83b7-f2d8ca21bb18:192.168.157.204:43287, 384d1456-c9b4-4a07-8bc5-984a6f09f9c3:192.168.157.204:38270, 0b324774-4593-4f2f-a2c4-e2cf67d32ecd:192.168.157.204:41063], old=null at 0
2019-10-20 13:10:59,706 [pool-582-thread-1] INFO  ratis.ContainerStateMachine (ContainerStateMachine.java:loadSnapshot(231)) - group-69039087843C: The snapshot info is null. Setting the last applied indexto:(t:0, i:~)
2019-10-20 13:10:59,706 [grpc-default-executor-10] INFO  impl.RaftServerImpl (RaftServerImpl.java:requestVote(776)) - 4d585c25-980a-43ef-83b7-f2d8ca21bb18@group-18CBEC626CA6-   LEADER: Withhold vote from candidate 384d1456-c9b4-4a07-8bc5-984a6f09f9c3 with term 1. State: leader=4d585c25-980a-43ef-83b7-f2d8ca21bb18, term=1, lastRpcElapsed=null
2019-10-20 13:10:59,706 [Thread-24520] INFO  impl.RoleInfo (RoleInfo.java:updateAndGet(143)) - 7660b851-9671-46a6-9e1d-7d946f95d492: start LeaderElection
2019-10-20 13:10:59,706 [pool-582-thread-1] INFO  server.RaftServerConfigKeys (ConfUtils.java:logGet(43)) - raft.server.notification.no-leader.timeout = 120s (custom)
2019-10-20 13:10:59,706 [IPC Server handler 5 on 37200] INFO  server.SCMBlockProtocolServer (SCMBlockProtocolServer.java:allocateBlock(179)) - Allocating 1 blocks of size 4194304, with ExcludeList {datanodes = [], containerIds = [], pipelineIds = []}
2019-10-20 13:10:59,706 [384d1456-c9b4-4a07-8bc5-984a6f09f9c3@group-18CBEC626CA6-LeaderElection3295] INFO  impl.LeaderElection (LeaderElection.java:logAndReturn(56)) - 384d1456-c9b4-4a07-8bc5-984a6f09f9c3@group-18CBEC626CA6-LeaderElection3295: Election REJECTED; received 2 response(s) [384d1456-c9b4-4a07-8bc5-984a6f09f9c3<-4d585c25-980a-43ef-83b7-f2d8ca21bb18#0:FAIL-t1, 384d1456-c9b4-4a07-8bc5-984a6f09f9c3<-0b324774-4593-4f2f-a2c4-e2cf67d32ecd#0:FAIL-t1] and 0 exception(s); 384d1456-c9b4-4a07-8bc5-984a6f09f9c3@group-18CBEC626CA6:t1, leader=null, voted=384d1456-c9b4-4a07-8bc5-984a6f09f9c3, raftlog=384d1456-c9b4-4a07-8bc5-984a6f09f9c3@group-18CBEC626CA6-SegmentedRaftLog:OPENED:c-1,f-1,i0, conf=-1: [4d585c25-980a-43ef-83b7-f2d8ca21bb18:192.168.157.204:43287, 384d1456-c9b4-4a07-8bc5-984a6f09f9c3:192.168.157.204:38270, 0b324774-4593-4f2f-a2c4-e2cf67d32ecd:192.168.157.204:41063], old=null
2019-10-20 13:10:59,706 [grpc-default-executor-19] INFO  impl.RaftServerImpl (RaftServerImpl.java:setRole(184)) - 384d1456-c9b4-4a07-8bc5-984a6f09f9c3@group-18CBEC626CA6: changes role from CANDIDATE to FOLLOWER at term 1 for appendEntries
2019-10-20 13:10:59,706 [pool-582-thread-1] INFO  server.RaftServerConfigKeys (ConfUtils.java:logGet(43)) - raft.server.log.use.memory = false (default)
2019-10-20 13:10:59,731 [7660b851-9671-46a6-9e1d-7d946f95d492@group-42C3DBE2B33D-LeaderElection3296] INFO  impl.LeaderElection (LeaderElection.java:askForVotes(178)) - 7660b851-9671-46a6-9e1d-7d946f95d492@group-42C3DBE2B33D-LeaderElection3296: begin an election at term 4 for -1: [fdf19479-69c2-4639-b68c-6adde78ca28a:192.168.157.204:42858, 1ac0a8d4-e534-43ce-83b1-426d47a3040d:192.168.157.204:32953, 7660b851-9671-46a6-9e1d-7d946f95d492:192.168.157.204:41682], old=null
2019-10-20 13:10:59,731 [pool-582-thread-1] INFO  server.RaftServerConfigKeys (ConfUtils.java:logGet(43)) - raft.server.log.purge.gap = 1000000 (custom)
2019-10-20 13:10:59,731 [Thread-24549] INFO  impl.FollowerState (FollowerState.java:run(108)) - d7eba74f-c3d7-492f-90de-a44c4d301567@group-8AAF828E5632-FollowerState: change to CANDIDATE, lastRpcTime:60ms, electionTimeout:51ms
2019-10-20 13:10:59,732 [Thread-24549] INFO  impl.RoleInfo (RoleInfo.java:shutdownFollowerState(121)) - d7eba74f-c3d7-492f-90de-a44c4d301567: shutdown FollowerState
2019-10-20 13:10:59,731 [grpc-default-executor-18] INFO  impl.RaftServerImpl (ServerState.java:setLeader(256)) - 0b324774-4593-4f2f-a2c4-e2cf67d32ecd@group-18CBEC626CA6: change Leader from null to 4d585c25-980a-43ef-83b7-f2d8ca21bb18 at term 1 for appendEntries, leader elected after 141ms
2019-10-20 13:10:59,707 [grpc-default-executor-19] INFO  impl.RoleInfo (RoleInfo.java:shutdownLeaderElection(134)) - 384d1456-c9b4-4a07-8bc5-984a6f09f9c3: shutdown LeaderElection
2019-10-20 13:10:59,732 [Thread-24549] INFO  impl.RaftServerImpl (RaftServerImpl.java:setRole(184)) - d7eba74f-c3d7-492f-90de-a44c4d301567@group-8AAF828E5632: changes role from  FOLLOWER to CANDIDATE at term 1 for changeToCandidate
2019-10-20 13:10:59,732 [pool-582-thread-1] INFO  server.RaftServerConfigKeys (ConfUtils.java:logGet(43)) - raft.server.log.appender.buffer.byte-limit = 33554432 (custom)
2019-10-20 13:10:59,732 [grpc-default-executor-19] INFO  impl.RoleInfo (RoleInfo.java:updateAndGet(143)) - 384d1456-c9b4-4a07-8bc5-984a6f09f9c3: start FollowerState
2019-10-20 13:10:59,732 [pool-582-thread-1] INFO  server.RaftServerConfigKeys (ConfUtils.java:logGet(43)) - raft.server.log.segment.size.max = 1048576 (custom)
2019-10-20 13:10:59,732 [Thread-24549] INFO  impl.RoleInfo (RoleInfo.java:updateAndGet(143)) - d7eba74f-c3d7-492f-90de-a44c4d301567: start LeaderElection
2019-10-20 13:10:59,733 [pool-582-thread-1] INFO  server.RaftServerConfigKeys (ConfUtils.java:logGet(43)) - raft.server.log.segment.cache.num.max = 2 (custom)
2019-10-20 13:10:59,732 [grpc-default-executor-19] INFO  impl.RaftServerImpl (ServerState.java:setLeader(256)) - 384d1456-c9b4-4a07-8bc5-984a6f09f9c3@group-18CBEC626CA6: change Leader from null to 4d585c25-980a-43ef-83b7-f2d8ca21bb18 at term 1 for appendEntries, leader elected after 142ms
2019-10-20 13:10:59,732 [grpc-default-executor-18] INFO  impl.RaftServerImpl (RaftServerImpl.java:setRole(184)) - fdf19479-69c2-4639-b68c-6adde78ca28a@group-42C3DBE2B33D: changes role from  FOLLOWER to FOLLOWER at term 4 for recognizeCandidate:7660b851-9671-46a6-9e1d-7d946f95d492
2019-10-20 13:10:59,733 [grpc-default-executor-18] INFO  impl.RoleInfo (RoleInfo.java:shutdownFollowerState(121)) - fdf19479-69c2-4639-b68c-6adde78ca28a: shutdown FollowerState
2019-10-20 13:10:59,733 [pool-582-thread-1] INFO  segmented.SegmentedRaftLogWorker (SegmentedRaftLogWorker.java:<init>(173)) - new 92caf199-1518-46a4-aa0d-e8059f4ddc2b@group-69039087843C-SegmentedRaftLogWorker for RaftStorage:Storage Directory /workdir/hadoop-ozone/integration-test/target/test-dir/MiniOzoneClusterImpl-7cb4dc35-5948-4f28-9541-652e3d9b0dcd/datanode-6/data/ratis/961affd5-939c-4e66-b1cb-69039087843c
2019-10-20 13:10:59,733 [grpc-default-executor-10] INFO  impl.RaftServerImpl (RaftServerImpl.java:setRole(184)) - 1ac0a8d4-e534-43ce-83b1-426d47a3040d@group-42C3DBE2B33D: changes role from  FOLLOWER to FOLLOWER at term 4 for recognizeCandidate:7660b851-9671-46a6-9e1d-7d946f95d492
2019-10-20 13:10:59,733 [grpc-default-executor-10] INFO  impl.RoleInfo (RoleInfo.java:shutdownFollowerState(121)) - 1ac0a8d4-e534-43ce-83b1-426d47a3040d: shutdown FollowerState
2019-10-20 13:10:59,733 [pool-582-thread-1] INFO  server.RaftServerConfigKeys (ConfUtils.java:logGet(43)) - raft.server.log.queue.byte-limit = 2147483647 (custom)
2019-10-20 13:10:59,733 [Thread-24515] INFO  impl.FollowerState (FollowerState.java:run(117)) - fdf19479-69c2-4639-b68c-6adde78ca28a@group-42C3DBE2B33D-FollowerState was interrupted: java.lang.InterruptedException: sleep interrupted
2019-10-20 13:10:59,733 [grpc-default-executor-18] INFO  impl.RoleInfo (RoleInfo.java:updateAndGet(143)) - fdf19479-69c2-4639-b68c-6adde78ca28a: start FollowerState
2019-10-20 13:10:59,733 [pool-582-thread-1] INFO  server.RaftServerConfigKeys (ConfUtils.java:logGet(43)) - raft.server.log.queue.element-limit = 1024 (custom)
2019-10-20 13:10:59,733 [Thread-24516] INFO  impl.FollowerState (FollowerState.java:run(117)) - 1ac0a8d4-e534-43ce-83b1-426d47a3040d@group-42C3DBE2B33D-FollowerState was interrupted: java.lang.InterruptedException: sleep interrupted
2019-10-20 13:10:59,734 [pool-582-thread-1] INFO  server.RaftServerConfigKeys (ConfUtils.java:logGet(43)) - raft.server.log.segment.size.max = 1048576 (custom)
2019-10-20 13:10:59,733 [grpc-default-executor-10] INFO  impl.RoleInfo (RoleInfo.java:updateAndGet(143)) - 1ac0a8d4-e534-43ce-83b1-426d47a3040d: start FollowerState
2019-10-20 13:10:59,734 [grpc-default-executor-9] INFO  impl.RaftServerImpl (ServerState.java:setRaftConf(357)) - 384d1456-c9b4-4a07-8bc5-984a6f09f9c3@group-18CBEC626CA6: set configuration 0: [4d585c25-980a-43ef-83b7-f2d8ca21bb18:192.168.157.204:43287, 384d1456-c9b4-4a07-8bc5-984a6f09f9c3:192.168.157.204:38270, 0b324774-4593-4f2f-a2c4-e2cf67d32ecd:192.168.157.204:41063], old=null at 0
2019-10-20 13:10:59,734 [pool-582-thread-1] INFO  server.RaftServerConfigKeys (ConfUtils.java:logGet(43)) - raft.server.log.preallocated.size = 16384 (custom)
2019-10-20 13:10:59,734 [grpc-default-executor-19] INFO  impl.RaftServerImpl (ServerState.java:setRaftConf(357)) - 0b324774-4593-4f2f-a2c4-e2cf67d32ecd@group-18CBEC626CA6: set configuration 0: [4d585c25-980a-43ef-83b7-f2d8ca21bb18:192.168.157.204:43287, 384d1456-c9b4-4a07-8bc5-984a6f09f9c3:192.168.157.204:38270, 0b324774-4593-4f2f-a2c4-e2cf67d32ecd:192.168.157.204:41063], old=null at 0
2019-10-20 13:10:59,734 [pool-582-thread-1] INFO  server.RaftServerConfigKeys (ConfUtils.java:logGet(43)) - raft.server.log.write.buffer.size = 33554432 (custom)
2019-10-20 13:10:59,734 [grpc-default-executor-9] INFO  segmented.SegmentedRaftLogWorker (SegmentedRaftLogWorker.java:startLogSegment(385)) - 384d1456-c9b4-4a07-8bc5-984a6f09f9c3@group-18CBEC626CA6-SegmentedRaftLogWorker: Starting segment from index:0
2019-10-20 13:10:59,734 [pool-582-thread-1] INFO  server.RaftServerConfigKeys (ConfUtils.java:logGet(43)) - raft.server.log.force.sync.num = 128 (default)
2019-10-20 13:10:59,734 [grpc-default-executor-19] INFO  segmented.SegmentedRaftLogWorker (SegmentedRaftLogWorker.java:startLogSegment(385)) - 0b324774-4593-4f2f-a2c4-e2cf67d32ecd@group-18CBEC626CA6-SegmentedRaftLogWorker: Starting segment from index:0
2019-10-20 13:10:59,735 [pool-582-thread-1] INFO  server.RaftServerConfigKeys (ConfUtils.java:logGet(43)) - raft.server.log.statemachine.data.sync = true (default)
2019-10-20 13:10:59,735 [pool-582-thread-1] INFO  server.RaftServerConfigKeys (ConfUtils.java:logGet(43)) - raft.server.log.statemachine.data.sync.timeout = 10s (default)
2019-10-20 13:10:59,735 [pool-582-thread-1] INFO  server.RaftServerConfigKeys (ConfUtils.java:logGet(43)) - raft.server.log.statemachine.data.sync.timeout.retry = -1 (default)
2019-10-20 13:10:59,735 [pool-582-thread-1] INFO  server.RaftServerConfigKeys (ConfUtils.java:logGet(43)) - raft.server.log.statemachine.data.caching.enabled = true (custom)
2019-10-20 13:10:59,735 [pool-582-thread-1] INFO  segmented.SegmentedRaftLogWorker (SegmentedRaftLogWorker.java:lambda$new$0(128)) - 92caf199-1518-46a4-aa0d-e8059f4ddc2b@group-69039087843C-SegmentedRaftLogWorker: flushIndex: setUnconditionally 0 -> -1
2019-10-20 13:10:59,735 [pool-582-thread-1] INFO  server.RaftServerConfigKeys (ConfUtils.java:logGet(43)) - raft.server.snapshot.auto.trigger.enabled = true (custom)
2019-10-20 13:10:59,735 [pool-582-thread-1] INFO  server.RaftServerConfigKeys (ConfUtils.java:logGet(43)) - raft.server.snapshot.auto.trigger.threshold = 10000 (custom)
2019-10-20 13:10:59,736 [pool-582-thread-1] INFO  server.RaftServerConfigKeys (ConfUtils.java:logGet(43)) - raft.server.snapshot.retention.file.num = 5 (custom)
2019-10-20 13:10:59,736 [pool-582-thread-1] INFO  server.RaftServerConfigKeys (ConfUtils.java:logGet(43)) - raft.server.retrycache.expirytime = 600000ms (custom)
2019-10-20 13:10:59,737 [pool-582-thread-1] INFO  impl.RaftServerImpl (RaftServerImpl.java:start(195)) - 92caf199-1518-46a4-aa0d-e8059f4ddc2b@group-69039087843C: start as a follower, conf=-1: [92caf199-1518-46a4-aa0d-e8059f4ddc2b:192.168.157.204:44100], old=null
2019-10-20 13:10:59,737 [pool-582-thread-1] INFO  impl.RaftServerImpl (RaftServerImpl.java:setRole(184)) - 92caf199-1518-46a4-aa0d-e8059f4ddc2b@group-69039087843C: changes role from      null to FOLLOWER at term 0 for startAsFollower
2019-10-20 13:10:59,737 [pool-582-thread-1] INFO  impl.RoleInfo (RoleInfo.java:updateAndGet(143)) - 92caf199-1518-46a4-aa0d-e8059f4ddc2b: start FollowerState
2019-10-20 13:10:59,737 [pool-582-thread-1] INFO  util.JmxRegister (JmxRegister.java:tryRegister(44)) - Successfully registered JMX Bean with object name Ratis:service=RaftServer,group=group-69039087843C,id=92caf199-1518-46a4-aa0d-e8059f4ddc2b
2019-10-20 13:10:59,740 [RatisPipelineUtilsThread] INFO  pipeline.PipelineStateManager (PipelineStateManager.java:addPipeline(56)) - Created pipeline Pipeline[ Id: 961affd5-939c-4e66-b1cb-69039087843c, Nodes: 92caf199-1518-46a4-aa0d-e8059f4ddc2b{ip: 192.168.157.204, host: pr-hdds-2337-fjsvx-2218173377, networkLocation: /rack1, certSerialId: null}, Type:RATIS, Factor:ONE, State:OPEN]
2019-10-20 13:10:59,771 [4d585c25-980a-43ef-83b7-f2d8ca21bb18@group-18CBEC626CA6-SegmentedRaftLogWorker] INFO  segmented.SegmentedRaftLogWorker (SegmentedRaftLogWorker.java:execute(576)) - 4d585c25-980a-43ef-83b7-f2d8ca21bb18@group-18CBEC626CA6-SegmentedRaftLogWorker: created new log segment /workdir/hadoop-ozone/integration-test/target/test-dir/MiniOzoneClusterImpl-7cb4dc35-5948-4f28-9541-652e3d9b0dcd/datanode-7/data/ratis/5675dbc0-d25f-423d-ae1e-18cbec626ca6/current/log_inprogress_0
2019-10-20 13:10:59,771 [d7eba74f-c3d7-492f-90de-a44c4d301567@group-8AAF828E5632-LeaderElection3297] INFO  impl.LeaderElection (LeaderElection.java:askForVotes(178)) - d7eba74f-c3d7-492f-90de-a44c4d301567@group-8AAF828E5632-LeaderElection3297: begin an election at term 2 for -1: [92caf199-1518-46a4-aa0d-e8059f4ddc2b:192.168.157.204:44100, d7eba74f-c3d7-492f-90de-a44c4d301567:192.168.157.204:44625, 57d97a36-4998-4a67-afe7-2be16a9f25e7:192.168.157.204:44478], old=null
2019-10-20 13:10:59,771 [7660b851-9671-46a6-9e1d-7d946f95d492@group-42C3DBE2B33D-LeaderElection3296] INFO  impl.LeaderElection (LeaderElection.java:logAndReturn(56)) - 7660b851-9671-46a6-9e1d-7d946f95d492@group-42C3DBE2B33D-LeaderElection3296: Election REJECTED; received 2 response(s) [7660b851-9671-46a6-9e1d-7d946f95d492<-fdf19479-69c2-4639-b68c-6adde78ca28a#0:FAIL-t4, 7660b851-9671-46a6-9e1d-7d946f95d492<-1ac0a8d4-e534-43ce-83b1-426d47a3040d#0:FAIL-t4] and 0 exception(s); 7660b851-9671-46a6-9e1d-7d946f95d492@group-42C3DBE2B33D:t4, leader=null, voted=7660b851-9671-46a6-9e1d-7d946f95d492, raftlog=7660b851-9671-46a6-9e1d-7d946f95d492@group-42C3DBE2B33D-SegmentedRaftLog:OPENED:c-1,f-1,i0, conf=-1: [fdf19479-69c2-4639-b68c-6adde78ca28a:192.168.157.204:42858, 1ac0a8d4-e534-43ce-83b1-426d47a3040d:192.168.157.204:32953, 7660b851-9671-46a6-9e1d-7d946f95d492:192.168.157.204:41682], old=null
2019-10-20 13:10:59,772 [7660b851-9671-46a6-9e1d-7d946f95d492@group-42C3DBE2B33D-LeaderElection3296] INFO  impl.RaftServerImpl (RaftServerImpl.java:setRole(184)) - 7660b851-9671-46a6-9e1d-7d946f95d492@group-42C3DBE2B33D: changes role from CANDIDATE to FOLLOWER at term 4 for DISCOVERED_A_NEW_TERM
2019-10-20 13:10:59,772 [7660b851-9671-46a6-9e1d-7d946f95d492@group-42C3DBE2B33D-LeaderElection3296] INFO  impl.RoleInfo (RoleInfo.java:shutdownLeaderElection(134)) - 7660b851-9671-46a6-9e1d-7d946f95d492: shutdown LeaderElection
2019-10-20 13:10:59,772 [7660b851-9671-46a6-9e1d-7d946f95d492@group-42C3DBE2B33D-LeaderElection3296] INFO  impl.RoleInfo (RoleInfo.java:updateAndGet(143)) - 7660b851-9671-46a6-9e1d-7d946f95d492: start FollowerState
2019-10-20 13:10:59,772 [grpc-default-executor-10] INFO  impl.RaftServerImpl (RaftServerImpl.java:setRole(184)) - 92caf199-1518-46a4-aa0d-e8059f4ddc2b@group-8AAF828E5632: changes role from  FOLLOWER to FOLLOWER at term 2 for recognizeCandidate:d7eba74f-c3d7-492f-90de-a44c4d301567
2019-10-20 13:10:59,772 [grpc-default-executor-10] INFO  impl.RoleInfo (RoleInfo.java:shutdownFollowerState(121)) - 92caf199-1518-46a4-aa0d-e8059f4ddc2b: shutdown FollowerState
2019-10-20 13:10:59,772 [grpc-default-executor-10] INFO  impl.RoleInfo (RoleInfo.java:updateAndGet(143)) - 92caf199-1518-46a4-aa0d-e8059f4ddc2b: start FollowerState
2019-10-20 13:10:59,772 [Thread-24548] INFO  impl.FollowerState (FollowerState.java:run(117)) - 92caf199-1518-46a4-aa0d-e8059f4ddc2b@group-8AAF828E5632-FollowerState was interrupted: java.lang.InterruptedException: sleep interrupted
2019-10-20 13:10:59,772 [grpc-default-executor-18] INFO  impl.RaftServerImpl (RaftServerImpl.java:setRole(184)) - 57d97a36-4998-4a67-afe7-2be16a9f25e7@group-8AAF828E5632: changes role from  FOLLOWER to FOLLOWER at term 2 for recognizeCandidate:d7eba74f-c3d7-492f-90de-a44c4d301567
2019-10-20 13:10:59,773 [grpc-default-executor-18] INFO  impl.RoleInfo (RoleInfo.java:shutdownFollowerState(121)) - 57d97a36-4998-4a67-afe7-2be16a9f25e7: shutdown FollowerState
2019-10-20 13:10:59,773 [grpc-default-executor-18] INFO  impl.RoleInfo (RoleInfo.java:updateAndGet(143)) - 57d97a36-4998-4a67-afe7-2be16a9f25e7: start FollowerState
2019-10-20 13:10:59,773 [grpc-default-executor-19] INFO  impl.RaftServerProxy (RaftServerProxy.java:addNew(89)) - d7eba74f-c3d7-492f-90de-a44c4d301567: addNew group-A517EA7914C0:[d7eba74f-c3d7-492f-90de-a44c4d301567:192.168.157.204:44625] returns group-A517EA7914C0:java.util.concurrent.CompletableFuture@6ce759ba[Not completed]
2019-10-20 13:10:59,773 [Thread-24547] INFO  impl.FollowerState (FollowerState.java:run(117)) - 57d97a36-4998-4a67-afe7-2be16a9f25e7@group-8AAF828E5632-FollowerState was interrupted: java.lang.InterruptedException: sleep interrupted
2019-10-20 13:10:59,774 [pool-572-thread-1] INFO  impl.RaftServerImpl (RaftServerImpl.java:<init>(104)) - d7eba74f-c3d7-492f-90de-a44c4d301567: new RaftServerImpl for group-A517EA7914C0:[d7eba74f-c3d7-492f-90de-a44c4d301567:192.168.157.204:44625] with ContainerStateMachine:uninitialized
2019-10-20 13:10:59,775 [pool-572-thread-1] INFO  server.RaftServerConfigKeys (ConfUtils.java:logGet(43)) - raft.server.rpc.timeout.min = 1s (custom)
2019-10-20 13:10:59,775 [pool-572-thread-1] INFO  server.RaftServerConfigKeys (ConfUtils.java:logGet(43)) - raft.server.rpc.timeout.max = 1200ms (custom)
2019-10-20 13:10:59,775 [pool-572-thread-1] INFO  server.RaftServerConfigKeys (ConfUtils.java:logGet(43)) - raft.server.rpcslowness.timeout = 120s (custom)
2019-10-20 13:10:59,775 [pool-572-thread-1] INFO  server.RaftServerConfigKeys (ConfUtils.java:logGet(43)) - raft.server.sleep.deviation.threshold = 300 (default)
2019-10-20 13:10:59,775 [pool-572-thread-1] INFO  server.RaftServerConfigKeys (ConfUtils.java:logGet(43)) - raft.server.log.appender.install.snapshot.enabled = false (custom)
2019-10-20 13:10:59,775 [pool-572-thread-1] INFO  impl.RaftServerImpl (ServerState.java:<init>(103)) - d7eba74f-c3d7-492f-90de-a44c4d301567@group-A517EA7914C0: ConfigurationManager, init=-1: [d7eba74f-c3d7-492f-90de-a44c4d301567:192.168.157.204:44625], old=null, confs=<EMPTY_MAP>
2019-10-20 13:10:59,775 [pool-572-thread-1] INFO  server.RaftServerConfigKeys (ConfUtils.java:logGet(43)) - raft.server.storage.dir = [/workdir/hadoop-ozone/integration-test/target/test-dir/MiniOzoneClusterImpl-7cb4dc35-5948-4f28-9541-652e3d9b0dcd/datanode-5/data/ratis] (custom)
2019-10-20 13:10:59,775 [pool-572-thread-1] INFO  server.RaftServerConfigKeys (ConfUtils.java:logGet(43)) - raft.server.log.corruption.policy = EXCEPTION (default)
2019-10-20 13:10:59,776 [pool-572-thread-1] INFO  storage.RaftStorageDirectory (RaftStorageDirectory.java:analyzeStorage(246)) - The storage directory /workdir/hadoop-ozone/integration-test/target/test-dir/MiniOzoneClusterImpl-7cb4dc35-5948-4f28-9541-652e3d9b0dcd/datanode-5/data/ratis/c219855c-7925-47d4-8ed1-a517ea7914c0 does not exist. Creating ...
2019-10-20 13:10:59,783 [pool-572-thread-1] INFO  storage.RaftStorageDirectory (RaftStorageDirectory.java:tryLock(328)) - Lock on /workdir/hadoop-ozone/integration-test/target/test-dir/MiniOzoneClusterImpl-7cb4dc35-5948-4f28-9541-652e3d9b0dcd/datanode-5/data/ratis/c219855c-7925-47d4-8ed1-a517ea7914c0/in_use.lock acquired by nodename 20633@pr-hdds-2337-fjsvx-2218173377
2019-10-20 13:10:59,783 [384d1456-c9b4-4a07-8bc5-984a6f09f9c3@group-18CBEC626CA6-SegmentedRaftLogWorker] INFO  segmented.SegmentedRaftLogWorker (SegmentedRaftLogWorker.java:execute(576)) - 384d1456-c9b4-4a07-8bc5-984a6f09f9c3@group-18CBEC626CA6-SegmentedRaftLogWorker: created new log segment /workdir/hadoop-ozone/integration-test/target/test-dir/MiniOzoneClusterImpl-7cb4dc35-5948-4f28-9541-652e3d9b0dcd/datanode-8/data/ratis/5675dbc0-d25f-423d-ae1e-18cbec626ca6/current/log_inprogress_0
2019-10-20 13:10:59,783 [0b324774-4593-4f2f-a2c4-e2cf67d32ecd@group-18CBEC626CA6-SegmentedRaftLogWorker] INFO  segmented.SegmentedRaftLogWorker (SegmentedRaftLogWorker.java:execute(576)) - 0b324774-4593-4f2f-a2c4-e2cf67d32ecd@group-18CBEC626CA6-SegmentedRaftLogWorker: created new log segment /workdir/hadoop-ozone/integration-test/target/test-dir/MiniOzoneClusterImpl-7cb4dc35-5948-4f28-9541-652e3d9b0dcd/datanode-4/data/ratis/5675dbc0-d25f-423d-ae1e-18cbec626ca6/current/log_inprogress_0
2019-10-20 13:10:59,784 [d7eba74f-c3d7-492f-90de-a44c4d301567@group-8AAF828E5632-LeaderElection3297] INFO  impl.LeaderElection (LeaderElection.java:logAndReturn(56)) - d7eba74f-c3d7-492f-90de-a44c4d301567@group-8AAF828E5632-LeaderElection3297: Election PASSED; received 1 response(s) [d7eba74f-c3d7-492f-90de-a44c4d301567<-92caf199-1518-46a4-aa0d-e8059f4ddc2b#0:OK-t2] and 0 exception(s); d7eba74f-c3d7-492f-90de-a44c4d301567@group-8AAF828E5632:t2, leader=null, voted=d7eba74f-c3d7-492f-90de-a44c4d301567, raftlog=d7eba74f-c3d7-492f-90de-a44c4d301567@group-8AAF828E5632-SegmentedRaftLog:OPENED:c-1,f-1,i0, conf=-1: [92caf199-1518-46a4-aa0d-e8059f4ddc2b:192.168.157.204:44100, d7eba74f-c3d7-492f-90de-a44c4d301567:192.168.157.204:44625, 57d97a36-4998-4a67-afe7-2be16a9f25e7:192.168.157.204:44478], old=null
2019-10-20 13:10:59,784 [d7eba74f-c3d7-492f-90de-a44c4d301567@group-8AAF828E5632-LeaderElection3297] INFO  impl.RoleInfo (RoleInfo.java:shutdownLeaderElection(134)) - d7eba74f-c3d7-492f-90de-a44c4d301567: shutdown LeaderElection
2019-10-20 13:10:59,784 [d7eba74f-c3d7-492f-90de-a44c4d301567@group-8AAF828E5632-LeaderElection3297] INFO  impl.RaftServerImpl (RaftServerImpl.java:setRole(184)) - d7eba74f-c3d7-492f-90de-a44c4d301567@group-8AAF828E5632: changes role from CANDIDATE to LEADER at term 2 for changeToLeader
2019-10-20 13:10:59,784 [d7eba74f-c3d7-492f-90de-a44c4d301567@group-8AAF828E5632-LeaderElection3297] INFO  impl.RaftServerImpl (ServerState.java:setLeader(256)) - d7eba74f-c3d7-492f-90de-a44c4d301567@group-8AAF828E5632: change Leader from null to d7eba74f-c3d7-492f-90de-a44c4d301567 at term 2 for becomeLeader, leader elected after 302ms
2019-10-20 13:10:59,784 [d7eba74f-c3d7-492f-90de-a44c4d301567@group-8AAF828E5632-LeaderElection3297] INFO  server.RaftServerConfigKeys (ConfUtils.java:logGet(43)) - raft.server.staging.catchup.gap = 1000 (default)
2019-10-20 13:10:59,784 [d7eba74f-c3d7-492f-90de-a44c4d301567@group-8AAF828E5632-LeaderElection3297] INFO  server.RaftServerConfigKeys (ConfUtils.java:logGet(43)) - raft.server.rpc.sleep.time = 25ms (default)
2019-10-20 13:10:59,784 [d7eba74f-c3d7-492f-90de-a44c4d301567@group-8AAF828E5632-LeaderElection3297] INFO  server.RaftServerConfigKeys (ConfUtils.java:logGet(43)) - raft.server.write.element-limit = 4096 (default)
2019-10-20 13:10:59,784 [d7eba74f-c3d7-492f-90de-a44c4d301567@group-8AAF828E5632-LeaderElection3297] INFO  server.RaftServerConfigKeys (ConfUtils.java:logGet(43)) - raft.server.watch.timeout = 10s (default)
2019-10-20 13:10:59,784 [d7eba74f-c3d7-492f-90de-a44c4d301567@group-8AAF828E5632-LeaderElection3297] INFO  server.RaftServerConfigKeys (ConfUtils.java:logGet(43)) - raft.server.watch.timeout.denomination = 1s (default)
2019-10-20 13:10:59,784 [d7eba74f-c3d7-492f-90de-a44c4d301567@group-8AAF828E5632-LeaderElection3297] INFO  server.RaftServerConfigKeys (ConfUtils.java:logGet(43)) - raft.server.watch.element-limit = 65536 (default)
2019-10-20 13:10:59,785 [d7eba74f-c3d7-492f-90de-a44c4d301567@group-8AAF828E5632-LeaderElection3297] INFO  server.RaftServerConfigKeys (ConfUtils.java:logGet(43)) - raft.server.log.appender.snapshot.chunk.size.max = 16MB (=16777216) (default)
2019-10-20 13:10:59,785 [d7eba74f-c3d7-492f-90de-a44c4d301567@group-8AAF828E5632-LeaderElection3297] INFO  server.RaftServerConfigKeys (ConfUtils.java:logGet(43)) - raft.server.log.appender.buffer.byte-limit = 33554432 (custom)
2019-10-20 13:10:59,785 [d7eba74f-c3d7-492f-90de-a44c4d301567@group-8AAF828E5632-LeaderElection3297] INFO  server.RaftServerConfigKeys (ConfUtils.java:logGet(43)) - raft.server.log.appender.buffer.element-limit = 1 (custom)
2019-10-20 13:10:59,786 [d7eba74f-c3d7-492f-90de-a44c4d301567@group-8AAF828E5632-LeaderElection3297] INFO  grpc.GrpcConfigKeys$Server (ConfUtils.java:logGet(43)) - raft.grpc.server.leader.outstanding.appends.max = 128 (default)
2019-10-20 13:10:59,786 [d7eba74f-c3d7-492f-90de-a44c4d301567@group-8AAF828E5632-LeaderElection3297] INFO  server.RaftServerConfigKeys (ConfUtils.java:logGet(43)) - raft.server.rpc.request.timeout = 3000ms (default)
2019-10-20 13:10:59,786 [d7eba74f-c3d7-492f-90de-a44c4d301567@group-8AAF828E5632-LeaderElection3297] INFO  server.RaftServerConfigKeys (ConfUtils.java:logGet(43)) - raft.server.log.appender.install.snapshot.enabled = false (custom)
2019-10-20 13:10:59,787 [d7eba74f-c3d7-492f-90de-a44c4d301567@group-8AAF828E5632-LeaderElection3297] INFO  server.RaftServerConfigKeys (ConfUtils.java:logGet(43)) - raft.server.log.appender.snapshot.chunk.size.max = 16MB (=16777216) (default)
2019-10-20 13:10:59,787 [d7eba74f-c3d7-492f-90de-a44c4d301567@group-8AAF828E5632-LeaderElection3297] INFO  server.RaftServerConfigKeys (ConfUtils.java:logGet(43)) - raft.server.log.appender.buffer.byte-limit = 33554432 (custom)
2019-10-20 13:10:59,787 [d7eba74f-c3d7-492f-90de-a44c4d301567@group-8AAF828E5632-LeaderElection3297] INFO  server.RaftServerConfigKeys (ConfUtils.java:logGet(43)) - raft.server.log.appender.buffer.element-limit = 1 (custom)
2019-10-20 13:10:59,787 [d7eba74f-c3d7-492f-90de-a44c4d301567@group-8AAF828E5632-LeaderElection3297] INFO  grpc.GrpcConfigKeys$Server (ConfUtils.java:logGet(43)) - raft.grpc.server.leader.outstanding.appends.max = 128 (default)
2019-10-20 13:10:59,787 [d7eba74f-c3d7-492f-90de-a44c4d301567@group-8AAF828E5632-LeaderElection3297] INFO  server.RaftServerConfigKeys (ConfUtils.java:logGet(43)) - raft.server.rpc.request.timeout = 3000ms (default)
2019-10-20 13:10:59,788 [d7eba74f-c3d7-492f-90de-a44c4d301567@group-8AAF828E5632-LeaderElection3297] INFO  server.RaftServerConfigKeys (ConfUtils.java:logGet(43)) - raft.server.log.appender.install.snapshot.enabled = false (custom)
2019-10-20 13:10:59,788 [d7eba74f-c3d7-492f-90de-a44c4d301567@group-8AAF828E5632-LeaderElection3297] INFO  impl.RoleInfo (RoleInfo.java:updateAndGet(143)) - d7eba74f-c3d7-492f-90de-a44c4d301567: start LeaderState
2019-10-20 13:10:59,789 [d7eba74f-c3d7-492f-90de-a44c4d301567@group-8AAF828E5632-LeaderElection3297] INFO  segmented.SegmentedRaftLogWorker (SegmentedRaftLogWorker.java:startLogSegment(385)) - d7eba74f-c3d7-492f-90de-a44c4d301567@group-8AAF828E5632-SegmentedRaftLogWorker: Starting segment from index:0
2019-10-20 13:10:59,789 [d7eba74f-c3d7-492f-90de-a44c4d301567@group-8AAF828E5632-LeaderElection3297] INFO  impl.RaftServerImpl (ServerState.java:setRaftConf(357)) - d7eba74f-c3d7-492f-90de-a44c4d301567@group-8AAF828E5632: set configuration 0: [92caf199-1518-46a4-aa0d-e8059f4ddc2b:192.168.157.204:44100, d7eba74f-c3d7-492f-90de-a44c4d301567:192.168.157.204:44625, 57d97a36-4998-4a67-afe7-2be16a9f25e7:192.168.157.204:44478], old=null at 0
2019-10-20 13:10:59,790 [grpc-default-executor-18] INFO  impl.RaftServerImpl (ServerState.java:setLeader(256)) - 57d97a36-4998-4a67-afe7-2be16a9f25e7@group-8AAF828E5632: change Leader from null to d7eba74f-c3d7-492f-90de-a44c4d301567 at term 2 for appendEntries, leader elected after 308ms
2019-10-20 13:10:59,790 [grpc-default-executor-10] INFO  impl.RaftServerImpl (ServerState.java:setLeader(256)) - 92caf199-1518-46a4-aa0d-e8059f4ddc2b@group-8AAF828E5632: change Leader from null to d7eba74f-c3d7-492f-90de-a44c4d301567 at term 2 for appendEntries, leader elected after 308ms
2019-10-20 13:10:59,791 [grpc-default-executor-10] INFO  impl.RaftServerImpl (ServerState.java:setRaftConf(357)) - 57d97a36-4998-4a67-afe7-2be16a9f25e7@group-8AAF828E5632: set configuration 0: [92caf199-1518-46a4-aa0d-e8059f4ddc2b:192.168.157.204:44100, d7eba74f-c3d7-492f-90de-a44c4d301567:192.168.157.204:44625, 57d97a36-4998-4a67-afe7-2be16a9f25e7:192.168.157.204:44478], old=null at 0
2019-10-20 13:10:59,791 [grpc-default-executor-10] INFO  segmented.SegmentedRaftLogWorker (SegmentedRaftLogWorker.java:startLogSegment(385)) - 57d97a36-4998-4a67-afe7-2be16a9f25e7@group-8AAF828E5632-SegmentedRaftLogWorker: Starting segment from index:0
2019-10-20 13:10:59,791 [grpc-default-executor-18] INFO  impl.RaftServerImpl (ServerState.java:setRaftConf(357)) - 92caf199-1518-46a4-aa0d-e8059f4ddc2b@group-8AAF828E5632: set configuration 0: [92caf199-1518-46a4-aa0d-e8059f4ddc2b:192.168.157.204:44100, d7eba74f-c3d7-492f-90de-a44c4d301567:192.168.157.204:44625, 57d97a36-4998-4a67-afe7-2be16a9f25e7:192.168.157.204:44478], old=null at 0
2019-10-20 13:10:59,792 [grpc-default-executor-18] INFO  segmented.SegmentedRaftLogWorker (SegmentedRaftLogWorker.java:startLogSegment(385)) - 92caf199-1518-46a4-aa0d-e8059f4ddc2b@group-8AAF828E5632-SegmentedRaftLogWorker: Starting segment from index:0
2019-10-20 13:10:59,797 [pool-572-thread-1] INFO  storage.RaftStorage (RaftStorage.java:format(84)) - Storage directory /workdir/hadoop-ozone/integration-test/target/test-dir/MiniOzoneClusterImpl-7cb4dc35-5948-4f28-9541-652e3d9b0dcd/datanode-5/data/ratis/c219855c-7925-47d4-8ed1-a517ea7914c0 has been successfully formatted.
2019-10-20 13:10:59,798 [pool-572-thread-1] INFO  ratis.ContainerStateMachine (ContainerStateMachine.java:loadSnapshot(231)) - group-A517EA7914C0: The snapshot info is null. Setting the last applied indexto:(t:0, i:~)
2019-10-20 13:10:59,798 [pool-572-thread-1] INFO  server.RaftServerConfigKeys (ConfUtils.java:logGet(43)) - raft.server.notification.no-leader.timeout = 120s (custom)
2019-10-20 13:10:59,798 [pool-572-thread-1] INFO  server.RaftServerConfigKeys (ConfUtils.java:logGet(43)) - raft.server.log.use.memory = false (default)
2019-10-20 13:10:59,798 [pool-572-thread-1] INFO  server.RaftServerConfigKeys (ConfUtils.java:logGet(43)) - raft.server.log.purge.gap = 1000000 (custom)
2019-10-20 13:10:59,798 [pool-572-thread-1] INFO  server.RaftServerConfigKeys (ConfUtils.java:logGet(43)) - raft.server.log.appender.buffer.byte-limit = 33554432 (custom)
2019-10-20 13:10:59,798 [pool-572-thread-1] INFO  server.RaftServerConfigKeys (ConfUtils.java:logGet(43)) - raft.server.log.segment.size.max = 1048576 (custom)
2019-10-20 13:10:59,798 [pool-572-thread-1] INFO  server.RaftServerConfigKeys (ConfUtils.java:logGet(43)) - raft.server.log.segment.cache.num.max = 2 (custom)
2019-10-20 13:10:59,798 [pool-572-thread-1] INFO  segmented.SegmentedRaftLogWorker (SegmentedRaftLogWorker.java:<init>(173)) - new d7eba74f-c3d7-492f-90de-a44c4d301567@group-A517EA7914C0-SegmentedRaftLogWorker for RaftStorage:Storage Directory /workdir/hadoop-ozone/integration-test/target/test-dir/MiniOzoneClusterImpl-7cb4dc35-5948-4f28-9541-652e3d9b0dcd/datanode-5/data/ratis/c219855c-7925-47d4-8ed1-a517ea7914c0
2019-10-20 13:10:59,798 [pool-572-thread-1] INFO  server.RaftServerConfigKeys (ConfUtils.java:logGet(43)) - raft.server.log.queue.byte-limit = 2147483647 (custom)
2019-10-20 13:10:59,798 [pool-572-thread-1] INFO  server.RaftServerConfigKeys (ConfUtils.java:logGet(43)) - raft.server.log.queue.element-limit = 1024 (custom)
2019-10-20 13:10:59,798 [Thread-24571] INFO  impl.FollowerState (FollowerState.java:run(108)) - 7660b851-9671-46a6-9e1d-7d946f95d492@group-42C3DBE2B33D-FollowerState: change to CANDIDATE, lastRpcTime:26ms, electionTimeout:26ms
2019-10-20 13:10:59,798 [pool-572-thread-1] INFO  server.RaftServerConfigKeys (ConfUtils.java:logGet(43)) - raft.server.log.segment.size.max = 1048576 (custom)
2019-10-20 13:10:59,798 [Thread-24571] INFO  impl.RoleInfo (RoleInfo.java:shutdownFollowerState(121)) - 7660b851-9671-46a6-9e1d-7d946f95d492: shutdown FollowerState
2019-10-20 13:10:59,798 [pool-572-thread-1] INFO  server.RaftServerConfigKeys (ConfUtils.java:logGet(43)) - raft.server.log.preallocated.size = 16384 (custom)
2019-10-20 13:10:59,799 [Thread-24571] INFO  impl.RaftServerImpl (RaftServerImpl.java:setRole(184)) - 7660b851-9671-46a6-9e1d-7d946f95d492@group-42C3DBE2B33D: changes role from  FOLLOWER to CANDIDATE at term 4 for changeToCandidate
2019-10-20 13:10:59,799 [pool-572-thread-1] INFO  server.RaftServerConfigKeys (ConfUtils.java:logGet(43)) - raft.server.log.write.buffer.size = 33554432 (custom)
2019-10-20 13:10:59,799 [Thread-24571] INFO  impl.RoleInfo (RoleInfo.java:updateAndGet(143)) - 7660b851-9671-46a6-9e1d-7d946f95d492: start LeaderElection
2019-10-20 13:10:59,799 [pool-572-thread-1] INFO  server.RaftServerConfigKeys (ConfUtils.java:logGet(43)) - raft.server.log.force.sync.num = 128 (default)
2019-10-20 13:10:59,799 [pool-572-thread-1] INFO  server.RaftServerConfigKeys (ConfUtils.java:logGet(43)) - raft.server.log.statemachine.data.sync = true (default)
2019-10-20 13:10:59,799 [pool-572-thread-1] INFO  server.RaftServerConfigKeys (ConfUtils.java:logGet(43)) - raft.server.log.statemachine.data.sync.timeout = 10s (default)
2019-10-20 13:10:59,799 [pool-572-thread-1] INFO  server.RaftServerConfigKeys (ConfUtils.java:logGet(43)) - raft.server.log.statemachine.data.sync.timeout.retry = -1 (default)
2019-10-20 13:10:59,799 [pool-572-thread-1] INFO  server.RaftServerConfigKeys (ConfUtils.java:logGet(43)) - raft.server.log.statemachine.data.caching.enabled = true (custom)
2019-10-20 13:10:59,800 [pool-572-thread-1] INFO  segmented.SegmentedRaftLogWorker (SegmentedRaftLogWorker.java:lambda$new$0(128)) - d7eba74f-c3d7-492f-90de-a44c4d301567@group-A517EA7914C0-SegmentedRaftLogWorker: flushIndex: setUnconditionally 0 -> -1
2019-10-20 13:10:59,800 [pool-572-thread-1] INFO  server.RaftServerConfigKeys (ConfUtils.java:logGet(43)) - raft.server.snapshot.auto.trigger.enabled = true (custom)
2019-10-20 13:10:59,800 [pool-572-thread-1] INFO  server.RaftServerConfigKeys (ConfUtils.java:logGet(43)) - raft.server.snapshot.auto.trigger.threshold = 10000 (custom)
2019-10-20 13:10:59,801 [pool-572-thread-1] INFO  server.RaftServerConfigKeys (ConfUtils.java:logGet(43)) - raft.server.snapshot.retention.file.num = 5 (custom)
2019-10-20 13:10:59,801 [pool-572-thread-1] INFO  server.RaftServerConfigKeys (ConfUtils.java:logGet(43)) - raft.server.retrycache.expirytime = 600000ms (custom)
2019-10-20 13:10:59,802 [pool-572-thread-1] INFO  impl.RaftServerImpl (RaftServerImpl.java:start(195)) - d7eba74f-c3d7-492f-90de-a44c4d301567@group-A517EA7914C0: start as a follower, conf=-1: [d7eba74f-c3d7-492f-90de-a44c4d301567:192.168.157.204:44625], old=null
2019-10-20 13:10:59,802 [pool-572-thread-1] INFO  impl.RaftServerImpl (RaftServerImpl.java:setRole(184)) - d7eba74f-c3d7-492f-90de-a44c4d301567@group-A517EA7914C0: changes role from      null to FOLLOWER at term 0 for startAsFollower
2019-10-20 13:10:59,802 [pool-572-thread-1] INFO  impl.RoleInfo (RoleInfo.java:updateAndGet(143)) - d7eba74f-c3d7-492f-90de-a44c4d301567: start FollowerState
2019-10-20 13:10:59,802 [pool-572-thread-1] INFO  util.JmxRegister (JmxRegister.java:tryRegister(44)) - Successfully registered JMX Bean with object name Ratis:service=RaftServer,group=group-A517EA7914C0,id=d7eba74f-c3d7-492f-90de-a44c4d301567
2019-10-20 13:10:59,803 [Thread-24585] INFO  impl.FollowerState (FollowerState.java:run(108)) - d7eba74f-c3d7-492f-90de-a44c4d301567@group-A517EA7914C0-FollowerState: change to CANDIDATE, lastRpcTime:1ms, electionTimeout:1ms
2019-10-20 13:10:59,803 [Thread-24585] INFO  impl.RoleInfo (RoleInfo.java:shutdownFollowerState(121)) - d7eba74f-c3d7-492f-90de-a44c4d301567: shutdown FollowerState
2019-10-20 13:10:59,803 [Thread-24585] INFO  impl.RaftServerImpl (RaftServerImpl.java:setRole(184)) - d7eba74f-c3d7-492f-90de-a44c4d301567@group-A517EA7914C0: changes role from  FOLLOWER to CANDIDATE at term 0 for changeToCandidate
2019-10-20 13:10:59,804 [Thread-24585] INFO  impl.RoleInfo (RoleInfo.java:updateAndGet(143)) - d7eba74f-c3d7-492f-90de-a44c4d301567: start LeaderElection
2019-10-20 13:10:59,836 [7660b851-9671-46a6-9e1d-7d946f95d492@group-42C3DBE2B33D-LeaderElection3298] INFO  impl.LeaderElection (LeaderElection.java:askForVotes(178)) - 7660b851-9671-46a6-9e1d-7d946f95d492@group-42C3DBE2B33D-LeaderElection3298: begin an election at term 5 for -1: [fdf19479-69c2-4639-b68c-6adde78ca28a:192.168.157.204:42858, 1ac0a8d4-e534-43ce-83b1-426d47a3040d:192.168.157.204:32953, 7660b851-9671-46a6-9e1d-7d946f95d492:192.168.157.204:41682], old=null
2019-10-20 13:10:59,837 [grpc-default-executor-18] INFO  impl.RaftServerImpl (RaftServerImpl.java:setRole(184)) - fdf19479-69c2-4639-b68c-6adde78ca28a@group-42C3DBE2B33D: changes role from  FOLLOWER to FOLLOWER at term 5 for recognizeCandidate:7660b851-9671-46a6-9e1d-7d946f95d492
2019-10-20 13:10:59,837 [grpc-default-executor-18] INFO  impl.RoleInfo (RoleInfo.java:shutdownFollowerState(121)) - fdf19479-69c2-4639-b68c-6adde78ca28a: shutdown FollowerState
2019-10-20 13:10:59,837 [RatisPipelineUtilsThread] INFO  pipeline.PipelineStateManager (PipelineStateManager.java:addPipeline(56)) - Created pipeline Pipeline[ Id: c219855c-7925-47d4-8ed1-a517ea7914c0, Nodes: d7eba74f-c3d7-492f-90de-a44c4d301567{ip: 192.168.157.204, host: pr-hdds-2337-fjsvx-2218173377, networkLocation: /rack1, certSerialId: null}, Type:RATIS, Factor:ONE, State:OPEN]
2019-10-20 13:10:59,837 [Thread-24564] INFO  impl.FollowerState (FollowerState.java:run(117)) - fdf19479-69c2-4639-b68c-6adde78ca28a@group-42C3DBE2B33D-FollowerState was interrupted: java.lang.InterruptedException: sleep interrupted
2019-10-20 13:10:59,837 [grpc-default-executor-18] INFO  impl.RoleInfo (RoleInfo.java:updateAndGet(143)) - fdf19479-69c2-4639-b68c-6adde78ca28a: start FollowerState
2019-10-20 13:10:59,837 [grpc-default-executor-10] INFO  impl.RaftServerImpl (RaftServerImpl.java:setRole(184)) - 1ac0a8d4-e534-43ce-83b1-426d47a3040d@group-42C3DBE2B33D: changes role from  FOLLOWER to FOLLOWER at term 5 for recognizeCandidate:7660b851-9671-46a6-9e1d-7d946f95d492
2019-10-20 13:10:59,839 [grpc-default-executor-10] INFO  impl.RoleInfo (RoleInfo.java:shutdownFollowerState(121)) - 1ac0a8d4-e534-43ce-83b1-426d47a3040d: shutdown FollowerState
2019-10-20 13:10:59,839 [grpc-default-executor-10] INFO  impl.RoleInfo (RoleInfo.java:updateAndGet(143)) - 1ac0a8d4-e534-43ce-83b1-426d47a3040d: start FollowerState
2019-10-20 13:10:59,839 [Thread-24565] INFO  impl.FollowerState (FollowerState.java:run(117)) - 1ac0a8d4-e534-43ce-83b1-426d47a3040d@group-42C3DBE2B33D-FollowerState was interrupted: java.lang.InterruptedException: sleep interrupted
2019-10-20 13:10:59,844 [grpc-default-executor-19] INFO  impl.RaftServerProxy (RaftServerProxy.java:addNew(89)) - ac1ec13a-a7c4-4559-854b-f894f05d9392: addNew group-B49F827D0C35:[ac1ec13a-a7c4-4559-854b-f894f05d9392:192.168.157.204:33942] returns group-B49F827D0C35:java.util.concurrent.CompletableFuture@211f350d[Not completed]
2019-10-20 13:10:59,845 [pool-612-thread-1] INFO  impl.RaftServerImpl (RaftServerImpl.java:<init>(104)) - ac1ec13a-a7c4-4559-854b-f894f05d9392: new RaftServerImpl for group-B49F827D0C35:[ac1ec13a-a7c4-4559-854b-f894f05d9392:192.168.157.204:33942] with ContainerStateMachine:uninitialized
2019-10-20 13:10:59,846 [pool-612-thread-1] INFO  server.RaftServerConfigKeys (ConfUtils.java:logGet(43)) - raft.server.rpc.timeout.min = 1s (custom)
2019-10-20 13:10:59,846 [pool-612-thread-1] INFO  server.RaftServerConfigKeys (ConfUtils.java:logGet(43)) - raft.server.rpc.timeout.max = 1200ms (custom)
2019-10-20 13:10:59,846 [pool-612-thread-1] INFO  server.RaftServerConfigKeys (ConfUtils.java:logGet(43)) - raft.server.rpcslowness.timeout = 120s (custom)
2019-10-20 13:10:59,846 [pool-612-thread-1] INFO  server.RaftServerConfigKeys (ConfUtils.java:logGet(43)) - raft.server.sleep.deviation.threshold = 300 (default)
2019-10-20 13:10:59,846 [pool-612-thread-1] INFO  server.RaftServerConfigKeys (ConfUtils.java:logGet(43)) - raft.server.log.appender.install.snapshot.enabled = false (custom)
2019-10-20 13:10:59,846 [pool-612-thread-1] INFO  impl.RaftServerImpl (ServerState.java:<init>(103)) - ac1ec13a-a7c4-4559-854b-f894f05d9392@group-B49F827D0C35: ConfigurationManager, init=-1: [ac1ec13a-a7c4-4559-854b-f894f05d9392:192.168.157.204:33942], old=null, confs=<EMPTY_MAP>
2019-10-20 13:10:59,846 [pool-612-thread-1] INFO  server.RaftServerConfigKeys (ConfUtils.java:logGet(43)) - raft.server.storage.dir = [/workdir/hadoop-ozone/integration-test/target/test-dir/MiniOzoneClusterImpl-7cb4dc35-5948-4f28-9541-652e3d9b0dcd/datanode-9/data/ratis] (custom)
2019-10-20 13:10:59,847 [pool-612-thread-1] INFO  server.RaftServerConfigKeys (ConfUtils.java:logGet(43)) - raft.server.log.corruption.policy = EXCEPTION (default)
2019-10-20 13:10:59,847 [pool-612-thread-1] INFO  storage.RaftStorageDirectory (RaftStorageDirectory.java:analyzeStorage(246)) - The storage directory /workdir/hadoop-ozone/integration-test/target/test-dir/MiniOzoneClusterImpl-7cb4dc35-5948-4f28-9541-652e3d9b0dcd/datanode-9/data/ratis/b233bb35-8437-4219-94a2-b49f827d0c35 does not exist. Creating ...
2019-10-20 13:10:59,849 [92caf199-1518-46a4-aa0d-e8059f4ddc2b@group-8AAF828E5632-SegmentedRaftLogWorker] INFO  segmented.SegmentedRaftLogWorker (SegmentedRaftLogWorker.java:execute(576)) - 92caf199-1518-46a4-aa0d-e8059f4ddc2b@group-8AAF828E5632-SegmentedRaftLogWorker: created new log segment /workdir/hadoop-ozone/integration-test/target/test-dir/MiniOzoneClusterImpl-7cb4dc35-5948-4f28-9541-652e3d9b0dcd/datanode-6/data/ratis/ef742c5e-1e61-48de-9699-8aaf828e5632/current/log_inprogress_0
2019-10-20 13:10:59,849 [d7eba74f-c3d7-492f-90de-a44c4d301567@group-A517EA7914C0-LeaderElection3299] INFO  impl.LeaderElection (LeaderElection.java:askForVotes(178)) - d7eba74f-c3d7-492f-90de-a44c4d301567@group-A517EA7914C0-LeaderElection3299: begin an election at term 1 for -1: [d7eba74f-c3d7-492f-90de-a44c4d301567:192.168.157.204:44625], old=null
2019-10-20 13:10:59,849 [d7eba74f-c3d7-492f-90de-a44c4d301567@group-8AAF828E5632-SegmentedRaftLogWorker] INFO  segmented.SegmentedRaftLogWorker (SegmentedRaftLogWorker.java:execute(576)) - d7eba74f-c3d7-492f-90de-a44c4d301567@group-8AAF828E5632-SegmentedRaftLogWorker: created new log segment /workdir/hadoop-ozone/integration-test/target/test-dir/MiniOzoneClusterImpl-7cb4dc35-5948-4f28-9541-652e3d9b0dcd/datanode-5/data/ratis/ef742c5e-1e61-48de-9699-8aaf828e5632/current/log_inprogress_0
2019-10-20 13:10:59,849 [57d97a36-4998-4a67-afe7-2be16a9f25e7@group-8AAF828E5632-SegmentedRaftLogWorker] INFO  segmented.SegmentedRaftLogWorker (SegmentedRaftLogWorker.java:execute(576)) - 57d97a36-4998-4a67-afe7-2be16a9f25e7@group-8AAF828E5632-SegmentedRaftLogWorker: created new log segment /workdir/hadoop-ozone/integration-test/target/test-dir/MiniOzoneClusterImpl-7cb4dc35-5948-4f28-9541-652e3d9b0dcd/datanode-1/data/ratis/ef742c5e-1e61-48de-9699-8aaf828e5632/current/log_inprogress_0
2019-10-20 13:10:59,849 [d7eba74f-c3d7-492f-90de-a44c4d301567@group-A517EA7914C0-LeaderElection3299] INFO  impl.RoleInfo (RoleInfo.java:shutdownLeaderElection(134)) - d7eba74f-c3d7-492f-90de-a44c4d301567: shutdown LeaderElection
2019-10-20 13:10:59,849 [7660b851-9671-46a6-9e1d-7d946f95d492@group-42C3DBE2B33D-LeaderElection3298] INFO  impl.LeaderElection (LeaderElection.java:logAndReturn(56)) - 7660b851-9671-46a6-9e1d-7d946f95d492@group-42C3DBE2B33D-LeaderElection3298: Election REJECTED; received 2 response(s) [7660b851-9671-46a6-9e1d-7d946f95d492<-fdf19479-69c2-4639-b68c-6adde78ca28a#0:FAIL-t5, 7660b851-9671-46a6-9e1d-7d946f95d492<-1ac0a8d4-e534-43ce-83b1-426d47a3040d#0:FAIL-t5] and 0 exception(s); 7660b851-9671-46a6-9e1d-7d946f95d492@group-42C3DBE2B33D:t5, leader=null, voted=7660b851-9671-46a6-9e1d-7d946f95d492, raftlog=7660b851-9671-46a6-9e1d-7d946f95d492@group-42C3DBE2B33D-SegmentedRaftLog:OPENED:c-1,f-1,i0, conf=-1: [fdf19479-69c2-4639-b68c-6adde78ca28a:192.168.157.204:42858, 1ac0a8d4-e534-43ce-83b1-426d47a3040d:192.168.157.204:32953, 7660b851-9671-46a6-9e1d-7d946f95d492:192.168.157.204:41682], old=null
2019-10-20 13:10:59,849 [d7eba74f-c3d7-492f-90de-a44c4d301567@group-A517EA7914C0-LeaderElection3299] INFO  impl.RaftServerImpl (RaftServerImpl.java:setRole(184)) - d7eba74f-c3d7-492f-90de-a44c4d301567@group-A517EA7914C0: changes role from CANDIDATE to LEADER at term 1 for changeToLeader
2019-10-20 13:10:59,849 [7660b851-9671-46a6-9e1d-7d946f95d492@group-42C3DBE2B33D-LeaderElection3298] INFO  impl.RaftServerImpl (RaftServerImpl.java:setRole(184)) - 7660b851-9671-46a6-9e1d-7d946f95d492@group-42C3DBE2B33D: changes role from CANDIDATE to FOLLOWER at term 5 for DISCOVERED_A_NEW_TERM
2019-10-20 13:10:59,849 [d7eba74f-c3d7-492f-90de-a44c4d301567@group-A517EA7914C0-LeaderElection3299] INFO  impl.RaftServerImpl (ServerState.java:setLeader(256)) - d7eba74f-c3d7-492f-90de-a44c4d301567@group-A517EA7914C0: change Leader from null to d7eba74f-c3d7-492f-90de-a44c4d301567 at term 1 for becomeLeader, leader elected after 51ms
2019-10-20 13:10:59,850 [7660b851-9671-46a6-9e1d-7d946f95d492@group-42C3DBE2B33D-LeaderElection3298] INFO  impl.RoleInfo (RoleInfo.java:shutdownLeaderElection(134)) - 7660b851-9671-46a6-9e1d-7d946f95d492: shutdown LeaderElection
2019-10-20 13:10:59,850 [d7eba74f-c3d7-492f-90de-a44c4d301567@group-A517EA7914C0-LeaderElection3299] INFO  server.RaftServerConfigKeys (ConfUtils.java:logGet(43)) - raft.server.staging.catchup.gap = 1000 (default)
2019-10-20 13:10:59,850 [7660b851-9671-46a6-9e1d-7d946f95d492@group-42C3DBE2B33D-LeaderElection3298] INFO  impl.RoleInfo (RoleInfo.java:updateAndGet(143)) - 7660b851-9671-46a6-9e1d-7d946f95d492: start FollowerState
2019-10-20 13:10:59,850 [d7eba74f-c3d7-492f-90de-a44c4d301567@group-A517EA7914C0-LeaderElection3299] INFO  server.RaftServerConfigKeys (ConfUtils.java:logGet(43)) - raft.server.rpc.sleep.time = 25ms (default)
2019-10-20 13:10:59,850 [d7eba74f-c3d7-492f-90de-a44c4d301567@group-A517EA7914C0-LeaderElection3299] INFO  server.RaftServerConfigKeys (ConfUtils.java:logGet(43)) - raft.server.write.element-limit = 4096 (default)
2019-10-20 13:10:59,850 [d7eba74f-c3d7-492f-90de-a44c4d301567@group-A517EA7914C0-LeaderElection3299] INFO  server.RaftServerConfigKeys (ConfUtils.java:logGet(43)) - raft.server.watch.timeout = 10s (default)
2019-10-20 13:10:59,850 [d7eba74f-c3d7-492f-90de-a44c4d301567@group-A517EA7914C0-LeaderElection3299] INFO  server.RaftServerConfigKeys (ConfUtils.java:logGet(43)) - raft.server.watch.timeout.denomination = 1s (default)
2019-10-20 13:10:59,850 [d7eba74f-c3d7-492f-90de-a44c4d301567@group-A517EA7914C0-LeaderElection3299] INFO  server.RaftServerConfigKeys (ConfUtils.java:logGet(43)) - raft.server.watch.element-limit = 65536 (default)
2019-10-20 13:10:59,851 [d7eba74f-c3d7-492f-90de-a44c4d301567@group-A517EA7914C0-LeaderElection3299] INFO  impl.RoleInfo (RoleInfo.java:updateAndGet(143)) - d7eba74f-c3d7-492f-90de-a44c4d301567: start LeaderState
2019-10-20 13:10:59,851 [d7eba74f-c3d7-492f-90de-a44c4d301567@group-A517EA7914C0-LeaderElection3299] INFO  segmented.SegmentedRaftLogWorker (SegmentedRaftLogWorker.java:startLogSegment(385)) - d7eba74f-c3d7-492f-90de-a44c4d301567@group-A517EA7914C0-SegmentedRaftLogWorker: Starting segment from index:0
2019-10-20 13:10:59,852 [d7eba74f-c3d7-492f-90de-a44c4d301567@group-A517EA7914C0-LeaderElection3299] INFO  impl.RaftServerImpl (ServerState.java:setRaftConf(357)) - d7eba74f-c3d7-492f-90de-a44c4d301567@group-A517EA7914C0: set configuration 0: [d7eba74f-c3d7-492f-90de-a44c4d301567:192.168.157.204:44625], old=null at 0
2019-10-20 13:10:59,863 [pool-612-thread-1] INFO  storage.RaftStorageDirectory (RaftStorageDirectory.java:tryLock(328)) - Lock on /workdir/hadoop-ozone/integration-test/target/test-dir/MiniOzoneClusterImpl-7cb4dc35-5948-4f28-9541-652e3d9b0dcd/datanode-9/data/ratis/b233bb35-8437-4219-94a2-b49f827d0c35/in_use.lock acquired by nodename 20633@pr-hdds-2337-fjsvx-2218173377
2019-10-20 13:10:59,876 [pool-612-thread-1] INFO  storage.RaftStorage (RaftStorage.java:format(84)) - Storage directory /workdir/hadoop-ozone/integration-test/target/test-dir/MiniOzoneClusterImpl-7cb4dc35-5948-4f28-9541-652e3d9b0dcd/datanode-9/data/ratis/b233bb35-8437-4219-94a2-b49f827d0c35 has been successfully formatted.
2019-10-20 13:10:59,876 [pool-612-thread-1] INFO  ratis.ContainerStateMachine (ContainerStateMachine.java:loadSnapshot(231)) - group-B49F827D0C35: The snapshot info is null. Setting the last applied indexto:(t:0, i:~)
2019-10-20 13:10:59,876 [pool-612-thread-1] INFO  server.RaftServerConfigKeys (ConfUtils.java:logGet(43)) - raft.server.notification.no-leader.timeout = 120s (custom)
2019-10-20 13:10:59,876 [pool-612-thread-1] INFO  server.RaftServerConfigKeys (ConfUtils.java:logGet(43)) - raft.server.log.use.memory = false (default)
2019-10-20 13:10:59,876 [pool-612-thread-1] INFO  server.RaftServerConfigKeys (ConfUtils.java:logGet(43)) - raft.server.log.purge.gap = 1000000 (custom)
2019-10-20 13:10:59,877 [pool-612-thread-1] INFO  server.RaftServerConfigKeys (ConfUtils.java:logGet(43)) - raft.server.log.appender.buffer.byte-limit = 33554432 (custom)
2019-10-20 13:10:59,877 [pool-612-thread-1] INFO  server.RaftServerConfigKeys (ConfUtils.java:logGet(43)) - raft.server.log.segment.size.max = 1048576 (custom)
2019-10-20 13:10:59,878 [pool-612-thread-1] INFO  server.RaftServerConfigKeys (ConfUtils.java:logGet(43)) - raft.server.log.segment.cache.num.max = 2 (custom)
2019-10-20 13:10:59,878 [pool-612-thread-1] INFO  segmented.SegmentedRaftLogWorker (SegmentedRaftLogWorker.java:<init>(173)) - new ac1ec13a-a7c4-4559-854b-f894f05d9392@group-B49F827D0C35-SegmentedRaftLogWorker for RaftStorage:Storage Directory /workdir/hadoop-ozone/integration-test/target/test-dir/MiniOzoneClusterImpl-7cb4dc35-5948-4f28-9541-652e3d9b0dcd/datanode-9/data/ratis/b233bb35-8437-4219-94a2-b49f827d0c35
2019-10-20 13:10:59,878 [pool-612-thread-1] INFO  server.RaftServerConfigKeys (ConfUtils.java:logGet(43)) - raft.server.log.queue.byte-limit = 2147483647 (custom)
2019-10-20 13:10:59,878 [pool-612-thread-1] INFO  server.RaftServerConfigKeys (ConfUtils.java:logGet(43)) - raft.server.log.queue.element-limit = 1024 (custom)
2019-10-20 13:10:59,878 [pool-612-thread-1] INFO  server.RaftServerConfigKeys (ConfUtils.java:logGet(43)) - raft.server.log.segment.size.max = 1048576 (custom)
2019-10-20 13:10:59,878 [pool-612-thread-1] INFO  server.RaftServerConfigKeys (ConfUtils.java:logGet(43)) - raft.server.log.preallocated.size = 16384 (custom)
2019-10-20 13:10:59,878 [pool-612-thread-1] INFO  server.RaftServerConfigKeys (ConfUtils.java:logGet(43)) - raft.server.log.write.buffer.size = 33554432 (custom)
2019-10-20 13:10:59,878 [pool-612-thread-1] INFO  server.RaftServerConfigKeys (ConfUtils.java:logGet(43)) - raft.server.log.force.sync.num = 128 (default)
2019-10-20 13:10:59,878 [pool-612-thread-1] INFO  server.RaftServerConfigKeys (ConfUtils.java:logGet(43)) - raft.server.log.statemachine.data.sync = true (default)
2019-10-20 13:10:59,879 [pool-612-thread-1] INFO  server.RaftServerConfigKeys (ConfUtils.java:logGet(43)) - raft.server.log.statemachine.data.sync.timeout = 10s (default)
2019-10-20 13:10:59,879 [pool-612-thread-1] INFO  server.RaftServerConfigKeys (ConfUtils.java:logGet(43)) - raft.server.log.statemachine.data.sync.timeout.retry = -1 (default)
2019-10-20 13:10:59,879 [pool-612-thread-1] INFO  server.RaftServerConfigKeys (ConfUtils.java:logGet(43)) - raft.server.log.statemachine.data.caching.enabled = true (custom)
2019-10-20 13:10:59,879 [pool-612-thread-1] INFO  segmented.SegmentedRaftLogWorker (SegmentedRaftLogWorker.java:lambda$new$0(128)) - ac1ec13a-a7c4-4559-854b-f894f05d9392@group-B49F827D0C35-SegmentedRaftLogWorker: flushIndex: setUnconditionally 0 -> -1
2019-10-20 13:10:59,879 [pool-612-thread-1] INFO  server.RaftServerConfigKeys (ConfUtils.java:logGet(43)) - raft.server.snapshot.auto.trigger.enabled = true (custom)
2019-10-20 13:10:59,879 [pool-612-thread-1] INFO  server.RaftServerConfigKeys (ConfUtils.java:logGet(43)) - raft.server.snapshot.auto.trigger.threshold = 10000 (custom)
2019-10-20 13:10:59,879 [pool-612-thread-1] INFO  server.RaftServerConfigKeys (ConfUtils.java:logGet(43)) - raft.server.snapshot.retention.file.num = 5 (custom)
2019-10-20 13:10:59,880 [pool-612-thread-1] INFO  server.RaftServerConfigKeys (ConfUtils.java:logGet(43)) - raft.server.retrycache.expirytime = 600000ms (custom)
2019-10-20 13:10:59,881 [pool-612-thread-1] INFO  impl.RaftServerImpl (RaftServerImpl.java:start(195)) - ac1ec13a-a7c4-4559-854b-f894f05d9392@group-B49F827D0C35: start as a follower, conf=-1: [ac1ec13a-a7c4-4559-854b-f894f05d9392:192.168.157.204:33942], old=null
2019-10-20 13:10:59,882 [pool-612-thread-1] INFO  impl.RaftServerImpl (RaftServerImpl.java:setRole(184)) - ac1ec13a-a7c4-4559-854b-f894f05d9392@group-B49F827D0C35: changes role from      null to FOLLOWER at term 0 for startAsFollower
2019-10-20 13:10:59,882 [pool-612-thread-1] INFO  impl.RoleInfo (RoleInfo.java:updateAndGet(143)) - ac1ec13a-a7c4-4559-854b-f894f05d9392: start FollowerState
2019-10-20 13:10:59,882 [pool-612-thread-1] INFO  util.JmxRegister (JmxRegister.java:tryRegister(44)) - Successfully registered JMX Bean with object name Ratis:service=RaftServer,group=group-B49F827D0C35,id=ac1ec13a-a7c4-4559-854b-f894f05d9392
2019-10-20 13:10:59,884 [RatisPipelineUtilsThread] INFO  pipeline.PipelineStateManager (PipelineStateManager.java:addPipeline(56)) - Created pipeline Pipeline[ Id: b233bb35-8437-4219-94a2-b49f827d0c35, Nodes: ac1ec13a-a7c4-4559-854b-f894f05d9392{ip: 192.168.157.204, host: pr-hdds-2337-fjsvx-2218173377, networkLocation: /rack1, certSerialId: null}, Type:RATIS, Factor:ONE, State:OPEN]
2019-10-20 13:10:59,887 [grpc-default-executor-10] INFO  impl.RaftServerProxy (RaftServerProxy.java:addNew(89)) - 384d1456-c9b4-4a07-8bc5-984a6f09f9c3: addNew group-F6A445D47072:[384d1456-c9b4-4a07-8bc5-984a6f09f9c3:192.168.157.204:38270] returns group-F6A445D47072:java.util.concurrent.CompletableFuture@1e16eebf[Not completed]
2019-10-20 13:10:59,888 [pool-602-thread-1] INFO  impl.RaftServerImpl (RaftServerImpl.java:<init>(104)) - 384d1456-c9b4-4a07-8bc5-984a6f09f9c3: new RaftServerImpl for group-F6A445D47072:[384d1456-c9b4-4a07-8bc5-984a6f09f9c3:192.168.157.204:38270] with ContainerStateMachine:uninitialized
2019-10-20 13:10:59,888 [pool-602-thread-1] INFO  server.RaftServerConfigKeys (ConfUtils.java:logGet(43)) - raft.server.rpc.timeout.min = 1s (custom)
2019-10-20 13:10:59,888 [pool-602-thread-1] INFO  server.RaftServerConfigKeys (ConfUtils.java:logGet(43)) - raft.server.rpc.timeout.max = 1200ms (custom)
2019-10-20 13:10:59,888 [pool-602-thread-1] INFO  server.RaftServerConfigKeys (ConfUtils.java:logGet(43)) - raft.server.rpcslowness.timeout = 120s (custom)
2019-10-20 13:10:59,888 [pool-602-thread-1] INFO  server.RaftServerConfigKeys (ConfUtils.java:logGet(43)) - raft.server.sleep.deviation.threshold = 300 (default)
2019-10-20 13:10:59,889 [pool-602-thread-1] INFO  server.RaftServerConfigKeys (ConfUtils.java:logGet(43)) - raft.server.log.appender.install.snapshot.enabled = false (custom)
2019-10-20 13:10:59,889 [pool-602-thread-1] INFO  impl.RaftServerImpl (ServerState.java:<init>(103)) - 384d1456-c9b4-4a07-8bc5-984a6f09f9c3@group-F6A445D47072: ConfigurationManager, init=-1: [384d1456-c9b4-4a07-8bc5-984a6f09f9c3:192.168.157.204:38270], old=null, confs=<EMPTY_MAP>
2019-10-20 13:10:59,889 [pool-602-thread-1] INFO  server.RaftServerConfigKeys (ConfUtils.java:logGet(43)) - raft.server.storage.dir = [/workdir/hadoop-ozone/integration-test/target/test-dir/MiniOzoneClusterImpl-7cb4dc35-5948-4f28-9541-652e3d9b0dcd/datanode-8/data/ratis] (custom)
2019-10-20 13:10:59,889 [pool-602-thread-1] INFO  server.RaftServerConfigKeys (ConfUtils.java:logGet(43)) - raft.server.log.corruption.policy = EXCEPTION (default)
2019-10-20 13:10:59,889 [pool-602-thread-1] INFO  storage.RaftStorageDirectory (RaftStorageDirectory.java:analyzeStorage(246)) - The storage directory /workdir/hadoop-ozone/integration-test/target/test-dir/MiniOzoneClusterImpl-7cb4dc35-5948-4f28-9541-652e3d9b0dcd/datanode-8/data/ratis/a456970b-63b1-47b5-8677-f6a445d47072 does not exist. Creating ...
2019-10-20 13:10:59,904 [pool-602-thread-1] INFO  storage.RaftStorageDirectory (RaftStorageDirectory.java:tryLock(328)) - Lock on /workdir/hadoop-ozone/integration-test/target/test-dir/MiniOzoneClusterImpl-7cb4dc35-5948-4f28-9541-652e3d9b0dcd/datanode-8/data/ratis/a456970b-63b1-47b5-8677-f6a445d47072/in_use.lock acquired by nodename 20633@pr-hdds-2337-fjsvx-2218173377
2019-10-20 13:10:59,904 [d7eba74f-c3d7-492f-90de-a44c4d301567@group-A517EA7914C0-SegmentedRaftLogWorker] INFO  segmented.SegmentedRaftLogWorker (SegmentedRaftLogWorker.java:execute(576)) - d7eba74f-c3d7-492f-90de-a44c4d301567@group-A517EA7914C0-SegmentedRaftLogWorker: created new log segment /workdir/hadoop-ozone/integration-test/target/test-dir/MiniOzoneClusterImpl-7cb4dc35-5948-4f28-9541-652e3d9b0dcd/datanode-5/data/ratis/c219855c-7925-47d4-8ed1-a517ea7914c0/current/log_inprogress_0
2019-10-20 13:10:59,906 [Thread-24592] INFO  impl.FollowerState (FollowerState.java:run(108)) - 7660b851-9671-46a6-9e1d-7d946f95d492@group-42C3DBE2B33D-FollowerState: change to CANDIDATE, lastRpcTime:56ms, electionTimeout:56ms
2019-10-20 13:10:59,906 [Thread-24592] INFO  impl.RoleInfo (RoleInfo.java:shutdownFollowerState(121)) - 7660b851-9671-46a6-9e1d-7d946f95d492: shutdown FollowerState
2019-10-20 13:10:59,906 [Thread-24592] INFO  impl.RaftServerImpl (RaftServerImpl.java:setRole(184)) - 7660b851-9671-46a6-9e1d-7d946f95d492@group-42C3DBE2B33D: changes role from  FOLLOWER to CANDIDATE at term 5 for changeToCandidate
2019-10-20 13:10:59,906 [Thread-24592] INFO  impl.RoleInfo (RoleInfo.java:updateAndGet(143)) - 7660b851-9671-46a6-9e1d-7d946f95d492: start LeaderElection
2019-10-20 13:10:59,911 [Thread-24567] INFO  impl.FollowerState (FollowerState.java:run(108)) - 92caf199-1518-46a4-aa0d-e8059f4ddc2b@group-69039087843C-FollowerState: change to CANDIDATE, lastRpcTime:174ms, electionTimeout:174ms
2019-10-20 13:10:59,911 [Thread-24567] INFO  impl.RoleInfo (RoleInfo.java:shutdownFollowerState(121)) - 92caf199-1518-46a4-aa0d-e8059f4ddc2b: shutdown FollowerState
2019-10-20 13:10:59,911 [Thread-24567] INFO  impl.RaftServerImpl (RaftServerImpl.java:setRole(184)) - 92caf199-1518-46a4-aa0d-e8059f4ddc2b@group-69039087843C: changes role from  FOLLOWER to CANDIDATE at term 0 for changeToCandidate
2019-10-20 13:10:59,911 [Thread-24567] INFO  impl.RoleInfo (RoleInfo.java:updateAndGet(143)) - 92caf199-1518-46a4-aa0d-e8059f4ddc2b: start LeaderElection
2019-10-20 13:10:59,928 [pool-602-thread-1] INFO  storage.RaftStorage (RaftStorage.java:format(84)) - Storage directory /workdir/hadoop-ozone/integration-test/target/test-dir/MiniOzoneClusterImpl-7cb4dc35-5948-4f28-9541-652e3d9b0dcd/datanode-8/data/ratis/a456970b-63b1-47b5-8677-f6a445d47072 has been successfully formatted.
2019-10-20 13:10:59,929 [7660b851-9671-46a6-9e1d-7d946f95d492@group-42C3DBE2B33D-LeaderElection3300] INFO  impl.LeaderElection (LeaderElection.java:askForVotes(178)) - 7660b851-9671-46a6-9e1d-7d946f95d492@group-42C3DBE2B33D-LeaderElection3300: begin an election at term 6 for -1: [fdf19479-69c2-4639-b68c-6adde78ca28a:192.168.157.204:42858, 1ac0a8d4-e534-43ce-83b1-426d47a3040d:192.168.157.204:32953, 7660b851-9671-46a6-9e1d-7d946f95d492:192.168.157.204:41682], old=null
2019-10-20 13:10:59,929 [pool-602-thread-1] INFO  ratis.ContainerStateMachine (ContainerStateMachine.java:loadSnapshot(231)) - group-F6A445D47072: The snapshot info is null. Setting the last applied indexto:(t:0, i:~)
2019-10-20 13:10:59,929 [pool-602-thread-1] INFO  server.RaftServerConfigKeys (ConfUtils.java:logGet(43)) - raft.server.notification.no-leader.timeout = 120s (custom)
2019-10-20 13:10:59,929 [pool-602-thread-1] INFO  server.RaftServerConfigKeys (ConfUtils.java:logGet(43)) - raft.server.log.use.memory = false (default)
2019-10-20 13:10:59,929 [pool-602-thread-1] INFO  server.RaftServerConfigKeys (ConfUtils.java:logGet(43)) - raft.server.log.purge.gap = 1000000 (custom)
2019-10-20 13:10:59,929 [pool-602-thread-1] INFO  server.RaftServerConfigKeys (ConfUtils.java:logGet(43)) - raft.server.log.appender.buffer.byte-limit = 33554432 (custom)
2019-10-20 13:10:59,929 [pool-602-thread-1] INFO  server.RaftServerConfigKeys (ConfUtils.java:logGet(43)) - raft.server.log.segment.size.max = 1048576 (custom)
2019-10-20 13:10:59,929 [pool-602-thread-1] INFO  server.RaftServerConfigKeys (ConfUtils.java:logGet(43)) - raft.server.log.segment.cache.num.max = 2 (custom)
2019-10-20 13:10:59,929 [pool-602-thread-1] INFO  segmented.SegmentedRaftLogWorker (SegmentedRaftLogWorker.java:<init>(173)) - new 384d1456-c9b4-4a07-8bc5-984a6f09f9c3@group-F6A445D47072-SegmentedRaftLogWorker for RaftStorage:Storage Directory /workdir/hadoop-ozone/integration-test/target/test-dir/MiniOzoneClusterImpl-7cb4dc35-5948-4f28-9541-652e3d9b0dcd/datanode-8/data/ratis/a456970b-63b1-47b5-8677-f6a445d47072
2019-10-20 13:10:59,929 [pool-602-thread-1] INFO  server.RaftServerConfigKeys (ConfUtils.java:logGet(43)) - raft.server.log.queue.byte-limit = 2147483647 (custom)
2019-10-20 13:10:59,929 [pool-602-thread-1] INFO  server.RaftServerConfigKeys (ConfUtils.java:logGet(43)) - raft.server.log.queue.element-limit = 1024 (custom)
2019-10-20 13:10:59,929 [pool-602-thread-1] INFO  server.RaftServerConfigKeys (ConfUtils.java:logGet(43)) - raft.server.log.segment.size.max = 1048576 (custom)
2019-10-20 13:10:59,930 [pool-602-thread-1] INFO  server.RaftServerConfigKeys (ConfUtils.java:logGet(43)) - raft.server.log.preallocated.size = 16384 (custom)
2019-10-20 13:10:59,930 [pool-602-thread-1] INFO  server.RaftServerConfigKeys (ConfUtils.java:logGet(43)) - raft.server.log.write.buffer.size = 33554432 (custom)
2019-10-20 13:10:59,930 [pool-602-thread-1] INFO  server.RaftServerConfigKeys (ConfUtils.java:logGet(43)) - raft.server.log.force.sync.num = 128 (default)
2019-10-20 13:10:59,930 [grpc-default-executor-10] INFO  impl.RaftServerImpl (RaftServerImpl.java:setRole(184)) - fdf19479-69c2-4639-b68c-6adde78ca28a@group-42C3DBE2B33D: changes role from  FOLLOWER to FOLLOWER at term 6 for recognizeCandidate:7660b851-9671-46a6-9e1d-7d946f95d492
2019-10-20 13:10:59,930 [grpc-default-executor-18] INFO  impl.RaftServerImpl (RaftServerImpl.java:setRole(184)) - 1ac0a8d4-e534-43ce-83b1-426d47a3040d@group-42C3DBE2B33D: changes role from  FOLLOWER to FOLLOWER at term 6 for recognizeCandidate:7660b851-9671-46a6-9e1d-7d946f95d492
2019-10-20 13:10:59,930 [grpc-default-executor-18] INFO  impl.RoleInfo (RoleInfo.java:shutdownFollowerState(121)) - 1ac0a8d4-e534-43ce-83b1-426d47a3040d: shutdown FollowerState
2019-10-20 13:10:59,930 [pool-602-thread-1] INFO  server.RaftServerConfigKeys (ConfUtils.java:logGet(43)) - raft.server.log.statemachine.data.sync = true (default)
2019-10-20 13:10:59,930 [grpc-default-executor-18] INFO  impl.RoleInfo (RoleInfo.java:updateAndGet(143)) - 1ac0a8d4-e534-43ce-83b1-426d47a3040d: start FollowerState
2019-10-20 13:10:59,930 [grpc-default-executor-10] INFO  impl.RoleInfo (RoleInfo.java:shutdownFollowerState(121)) - fdf19479-69c2-4639-b68c-6adde78ca28a: shutdown FollowerState
2019-10-20 13:10:59,930 [Thread-24591] INFO  impl.FollowerState (FollowerState.java:run(117)) - 1ac0a8d4-e534-43ce-83b1-426d47a3040d@group-42C3DBE2B33D-FollowerState was interrupted: java.lang.InterruptedException: sleep interrupted
2019-10-20 13:10:59,931 [grpc-default-executor-10] INFO  impl.RoleInfo (RoleInfo.java:updateAndGet(143)) - fdf19479-69c2-4639-b68c-6adde78ca28a: start FollowerState
2019-10-20 13:10:59,930 [pool-602-thread-1] INFO  server.RaftServerConfigKeys (ConfUtils.java:logGet(43)) - raft.server.log.statemachine.data.sync.timeout = 10s (default)
2019-10-20 13:10:59,931 [Thread-24590] INFO  impl.FollowerState (FollowerState.java:run(117)) - fdf19479-69c2-4639-b68c-6adde78ca28a@group-42C3DBE2B33D-FollowerState was interrupted: java.lang.InterruptedException: sleep interrupted
2019-10-20 13:10:59,931 [pool-602-thread-1] INFO  server.RaftServerConfigKeys (ConfUtils.java:logGet(43)) - raft.server.log.statemachine.data.sync.timeout.retry = -1 (default)
2019-10-20 13:10:59,931 [pool-602-thread-1] INFO  server.RaftServerConfigKeys (ConfUtils.java:logGet(43)) - raft.server.log.statemachine.data.caching.enabled = true (custom)
2019-10-20 13:10:59,942 [pool-602-thread-1] INFO  segmented.SegmentedRaftLogWorker (SegmentedRaftLogWorker.java:lambda$new$0(128)) - 384d1456-c9b4-4a07-8bc5-984a6f09f9c3@group-F6A445D47072-SegmentedRaftLogWorker: flushIndex: setUnconditionally 0 -> -1
2019-10-20 13:10:59,942 [pool-602-thread-1] INFO  server.RaftServerConfigKeys (ConfUtils.java:logGet(43)) - raft.server.snapshot.auto.trigger.enabled = true (custom)
2019-10-20 13:10:59,942 [pool-602-thread-1] INFO  server.RaftServerConfigKeys (ConfUtils.java:logGet(43)) - raft.server.snapshot.auto.trigger.threshold = 10000 (custom)
2019-10-20 13:10:59,942 [92caf199-1518-46a4-aa0d-e8059f4ddc2b@group-69039087843C-LeaderElection3301] INFO  impl.LeaderElection (LeaderElection.java:askForVotes(178)) - 92caf199-1518-46a4-aa0d-e8059f4ddc2b@group-69039087843C-LeaderElection3301: begin an election at term 1 for -1: [92caf199-1518-46a4-aa0d-e8059f4ddc2b:192.168.157.204:44100], old=null
2019-10-20 13:10:59,942 [pool-602-thread-1] INFO  server.RaftServerConfigKeys (ConfUtils.java:logGet(43)) - raft.server.snapshot.retention.file.num = 5 (custom)
2019-10-20 13:10:59,942 [92caf199-1518-46a4-aa0d-e8059f4ddc2b@group-69039087843C-LeaderElection3301] INFO  impl.RoleInfo (RoleInfo.java:shutdownLeaderElection(134)) - 92caf199-1518-46a4-aa0d-e8059f4ddc2b: shutdown LeaderElection
2019-10-20 13:10:59,942 [pool-602-thread-1] INFO  server.RaftServerConfigKeys (ConfUtils.java:logGet(43)) - raft.server.retrycache.expirytime = 600000ms (custom)
2019-10-20 13:10:59,942 [92caf199-1518-46a4-aa0d-e8059f4ddc2b@group-69039087843C-LeaderElection3301] INFO  impl.RaftServerImpl (RaftServerImpl.java:setRole(184)) - 92caf199-1518-46a4-aa0d-e8059f4ddc2b@group-69039087843C: changes role from CANDIDATE to LEADER at term 1 for changeToLeader
2019-10-20 13:10:59,943 [92caf199-1518-46a4-aa0d-e8059f4ddc2b@group-69039087843C-LeaderElection3301] INFO  impl.RaftServerImpl (ServerState.java:setLeader(256)) - 92caf199-1518-46a4-aa0d-e8059f4ddc2b@group-69039087843C: change Leader from null to 92caf199-1518-46a4-aa0d-e8059f4ddc2b at term 1 for becomeLeader, leader elected after 236ms
2019-10-20 13:10:59,943 [92caf199-1518-46a4-aa0d-e8059f4ddc2b@group-69039087843C-LeaderElection3301] INFO  server.RaftServerConfigKeys (ConfUtils.java:logGet(43)) - raft.server.staging.catchup.gap = 1000 (default)
2019-10-20 13:10:59,943 [92caf199-1518-46a4-aa0d-e8059f4ddc2b@group-69039087843C-LeaderElection3301] INFO  server.RaftServerConfigKeys (ConfUtils.java:logGet(43)) - raft.server.rpc.sleep.time = 25ms (default)
2019-10-20 13:10:59,943 [92caf199-1518-46a4-aa0d-e8059f4ddc2b@group-69039087843C-LeaderElection3301] INFO  server.RaftServerConfigKeys (ConfUtils.java:logGet(43)) - raft.server.write.element-limit = 4096 (default)
2019-10-20 13:10:59,943 [92caf199-1518-46a4-aa0d-e8059f4ddc2b@group-69039087843C-LeaderElection3301] INFO  server.RaftServerConfigKeys (ConfUtils.java:logGet(43)) - raft.server.watch.timeout = 10s (default)
2019-10-20 13:10:59,943 [92caf199-1518-46a4-aa0d-e8059f4ddc2b@group-69039087843C-LeaderElection3301] INFO  server.RaftServerConfigKeys (ConfUtils.java:logGet(43)) - raft.server.watch.timeout.denomination = 1s (default)
2019-10-20 13:10:59,943 [92caf199-1518-46a4-aa0d-e8059f4ddc2b@group-69039087843C-LeaderElection3301] INFO  server.RaftServerConfigKeys (ConfUtils.java:logGet(43)) - raft.server.watch.element-limit = 65536 (default)
2019-10-20 13:10:59,944 [pool-602-thread-1] INFO  impl.RaftServerImpl (RaftServerImpl.java:start(195)) - 384d1456-c9b4-4a07-8bc5-984a6f09f9c3@group-F6A445D47072: start as a follower, conf=-1: [384d1456-c9b4-4a07-8bc5-984a6f09f9c3:192.168.157.204:38270], old=null
2019-10-20 13:10:59,945 [pool-602-thread-1] INFO  impl.RaftServerImpl (RaftServerImpl.java:setRole(184)) - 384d1456-c9b4-4a07-8bc5-984a6f09f9c3@group-F6A445D47072: changes role from      null to FOLLOWER at term 0 for startAsFollower
2019-10-20 13:10:59,945 [pool-602-thread-1] INFO  impl.RoleInfo (RoleInfo.java:updateAndGet(143)) - 384d1456-c9b4-4a07-8bc5-984a6f09f9c3: start FollowerState
2019-10-20 13:10:59,945 [pool-602-thread-1] INFO  util.JmxRegister (JmxRegister.java:tryRegister(44)) - Successfully registered JMX Bean with object name Ratis:service=RaftServer,group=group-F6A445D47072,id=384d1456-c9b4-4a07-8bc5-984a6f09f9c3
2019-10-20 13:10:59,945 [92caf199-1518-46a4-aa0d-e8059f4ddc2b@group-69039087843C-LeaderElection3301] INFO  impl.RoleInfo (RoleInfo.java:updateAndGet(143)) - 92caf199-1518-46a4-aa0d-e8059f4ddc2b: start LeaderState
2019-10-20 13:10:59,945 [92caf199-1518-46a4-aa0d-e8059f4ddc2b@group-69039087843C-LeaderElection3301] INFO  segmented.SegmentedRaftLogWorker (SegmentedRaftLogWorker.java:startLogSegment(385)) - 92caf199-1518-46a4-aa0d-e8059f4ddc2b@group-69039087843C-SegmentedRaftLogWorker: Starting segment from index:0
2019-10-20 13:10:59,946 [92caf199-1518-46a4-aa0d-e8059f4ddc2b@group-69039087843C-LeaderElection3301] INFO  impl.RaftServerImpl (ServerState.java:setRaftConf(357)) - 92caf199-1518-46a4-aa0d-e8059f4ddc2b@group-69039087843C: set configuration 0: [92caf199-1518-46a4-aa0d-e8059f4ddc2b:192.168.157.204:44100], old=null at 0
2019-10-20 13:10:59,948 [RatisPipelineUtilsThread] INFO  pipeline.PipelineStateManager (PipelineStateManager.java:addPipeline(56)) - Created pipeline Pipeline[ Id: a456970b-63b1-47b5-8677-f6a445d47072, Nodes: 384d1456-c9b4-4a07-8bc5-984a6f09f9c3{ip: 192.168.157.204, host: pr-hdds-2337-fjsvx-2218173377, networkLocation: /rack1, certSerialId: null}, Type:RATIS, Factor:ONE, State:OPEN]
2019-10-20 13:10:59,951 [grpc-default-executor-19] INFO  impl.RaftServerProxy (RaftServerProxy.java:addNew(89)) - 4d585c25-980a-43ef-83b7-f2d8ca21bb18: addNew group-D1999A31449A:[4d585c25-980a-43ef-83b7-f2d8ca21bb18:192.168.157.204:43287] returns group-D1999A31449A:java.util.concurrent.CompletableFuture@6ae0fc1e[Not completed]
2019-10-20 13:10:59,952 [pool-592-thread-1] INFO  impl.RaftServerImpl (RaftServerImpl.java:<init>(104)) - 4d585c25-980a-43ef-83b7-f2d8ca21bb18: new RaftServerImpl for group-D1999A31449A:[4d585c25-980a-43ef-83b7-f2d8ca21bb18:192.168.157.204:43287] with ContainerStateMachine:uninitialized
2019-10-20 13:10:59,952 [pool-592-thread-1] INFO  server.RaftServerConfigKeys (ConfUtils.java:logGet(43)) - raft.server.rpc.timeout.min = 1s (custom)
2019-10-20 13:10:59,952 [pool-592-thread-1] INFO  server.RaftServerConfigKeys (ConfUtils.java:logGet(43)) - raft.server.rpc.timeout.max = 1200ms (custom)
2019-10-20 13:10:59,952 [pool-592-thread-1] INFO  server.RaftServerConfigKeys (ConfUtils.java:logGet(43)) - raft.server.rpcslowness.timeout = 120s (custom)
2019-10-20 13:10:59,952 [pool-592-thread-1] INFO  server.RaftServerConfigKeys (ConfUtils.java:logGet(43)) - raft.server.sleep.deviation.threshold = 300 (default)
2019-10-20 13:10:59,953 [pool-592-thread-1] INFO  server.RaftServerConfigKeys (ConfUtils.java:logGet(43)) - raft.server.log.appender.install.snapshot.enabled = false (custom)
2019-10-20 13:10:59,953 [pool-592-thread-1] INFO  impl.RaftServerImpl (ServerState.java:<init>(103)) - 4d585c25-980a-43ef-83b7-f2d8ca21bb18@group-D1999A31449A: ConfigurationManager, init=-1: [4d585c25-980a-43ef-83b7-f2d8ca21bb18:192.168.157.204:43287], old=null, confs=<EMPTY_MAP>
2019-10-20 13:10:59,953 [pool-592-thread-1] INFO  server.RaftServerConfigKeys (ConfUtils.java:logGet(43)) - raft.server.storage.dir = [/workdir/hadoop-ozone/integration-test/target/test-dir/MiniOzoneClusterImpl-7cb4dc35-5948-4f28-9541-652e3d9b0dcd/datanode-7/data/ratis] (custom)
2019-10-20 13:10:59,953 [pool-592-thread-1] INFO  server.RaftServerConfigKeys (ConfUtils.java:logGet(43)) - raft.server.log.corruption.policy = EXCEPTION (default)
2019-10-20 13:10:59,953 [pool-592-thread-1] INFO  storage.RaftStorageDirectory (RaftStorageDirectory.java:analyzeStorage(246)) - The storage directory /workdir/hadoop-ozone/integration-test/target/test-dir/MiniOzoneClusterImpl-7cb4dc35-5948-4f28-9541-652e3d9b0dcd/datanode-7/data/ratis/6fe714da-8859-474c-b8f7-d1999a31449a does not exist. Creating ...
2019-10-20 13:10:59,956 [7660b851-9671-46a6-9e1d-7d946f95d492@group-42C3DBE2B33D-LeaderElection3300] INFO  impl.LeaderElection (LeaderElection.java:logAndReturn(56)) - 7660b851-9671-46a6-9e1d-7d946f95d492@group-42C3DBE2B33D-LeaderElection3300: Election REJECTED; received 2 response(s) [7660b851-9671-46a6-9e1d-7d946f95d492<-fdf19479-69c2-4639-b68c-6adde78ca28a#0:FAIL-t6, 7660b851-9671-46a6-9e1d-7d946f95d492<-1ac0a8d4-e534-43ce-83b1-426d47a3040d#0:FAIL-t6] and 0 exception(s); 7660b851-9671-46a6-9e1d-7d946f95d492@group-42C3DBE2B33D:t6, leader=null, voted=7660b851-9671-46a6-9e1d-7d946f95d492, raftlog=7660b851-9671-46a6-9e1d-7d946f95d492@group-42C3DBE2B33D-SegmentedRaftLog:OPENED:c-1,f-1,i0, conf=-1: [fdf19479-69c2-4639-b68c-6adde78ca28a:192.168.157.204:42858, 1ac0a8d4-e534-43ce-83b1-426d47a3040d:192.168.157.204:32953, 7660b851-9671-46a6-9e1d-7d946f95d492:192.168.157.204:41682], old=null
2019-10-20 13:10:59,957 [7660b851-9671-46a6-9e1d-7d946f95d492@group-42C3DBE2B33D-LeaderElection3300] INFO  impl.RaftServerImpl (RaftServerImpl.java:setRole(184)) - 7660b851-9671-46a6-9e1d-7d946f95d492@group-42C3DBE2B33D: changes role from CANDIDATE to FOLLOWER at term 6 for DISCOVERED_A_NEW_TERM
2019-10-20 13:10:59,957 [7660b851-9671-46a6-9e1d-7d946f95d492@group-42C3DBE2B33D-LeaderElection3300] INFO  impl.RoleInfo (RoleInfo.java:shutdownLeaderElection(134)) - 7660b851-9671-46a6-9e1d-7d946f95d492: shutdown LeaderElection
2019-10-20 13:10:59,957 [7660b851-9671-46a6-9e1d-7d946f95d492@group-42C3DBE2B33D-LeaderElection3300] INFO  impl.RoleInfo (RoleInfo.java:updateAndGet(143)) - 7660b851-9671-46a6-9e1d-7d946f95d492: start FollowerState
2019-10-20 13:10:59,966 [Thread-24597] INFO  impl.FollowerState (FollowerState.java:run(108)) - ac1ec13a-a7c4-4559-854b-f894f05d9392@group-B49F827D0C35-FollowerState: change to CANDIDATE, lastRpcTime:84ms, electionTimeout:84ms
2019-10-20 13:10:59,966 [Thread-24597] INFO  impl.RoleInfo (RoleInfo.java:shutdownFollowerState(121)) - ac1ec13a-a7c4-4559-854b-f894f05d9392: shutdown FollowerState
2019-10-20 13:10:59,966 [Thread-24597] INFO  impl.RaftServerImpl (RaftServerImpl.java:setRole(184)) - ac1ec13a-a7c4-4559-854b-f894f05d9392@group-B49F827D0C35: changes role from  FOLLOWER to CANDIDATE at term 0 for changeToCandidate
2019-10-20 13:10:59,966 [Thread-24597] INFO  impl.RoleInfo (RoleInfo.java:updateAndGet(143)) - ac1ec13a-a7c4-4559-854b-f894f05d9392: start LeaderElection
2019-10-20 13:10:59,983 [pool-592-thread-1] INFO  storage.RaftStorageDirectory (RaftStorageDirectory.java:tryLock(328)) - Lock on /workdir/hadoop-ozone/integration-test/target/test-dir/MiniOzoneClusterImpl-7cb4dc35-5948-4f28-9541-652e3d9b0dcd/datanode-7/data/ratis/6fe714da-8859-474c-b8f7-d1999a31449a/in_use.lock acquired by nodename 20633@pr-hdds-2337-fjsvx-2218173377
2019-10-20 13:10:59,984 [Thread-24609] INFO  impl.FollowerState (FollowerState.java:run(108)) - 7660b851-9671-46a6-9e1d-7d946f95d492@group-42C3DBE2B33D-FollowerState: change to CANDIDATE, lastRpcTime:27ms, electionTimeout:27ms
2019-10-20 13:10:59,984 [Thread-24609] INFO  impl.RoleInfo (RoleInfo.java:shutdownFollowerState(121)) - 7660b851-9671-46a6-9e1d-7d946f95d492: shutdown FollowerState
2019-10-20 13:10:59,984 [Thread-24609] INFO  impl.RaftServerImpl (RaftServerImpl.java:setRole(184)) - 7660b851-9671-46a6-9e1d-7d946f95d492@group-42C3DBE2B33D: changes role from  FOLLOWER to CANDIDATE at term 6 for changeToCandidate
2019-10-20 13:10:59,984 [Thread-24609] INFO  impl.RoleInfo (RoleInfo.java:updateAndGet(143)) - 7660b851-9671-46a6-9e1d-7d946f95d492: start LeaderElection
2019-10-20 13:10:59,997 [92caf199-1518-46a4-aa0d-e8059f4ddc2b@group-69039087843C-SegmentedRaftLogWorker] INFO  segmented.SegmentedRaftLogWorker (SegmentedRaftLogWorker.java:execute(576)) - 92caf199-1518-46a4-aa0d-e8059f4ddc2b@group-69039087843C-SegmentedRaftLogWorker: created new log segment /workdir/hadoop-ozone/integration-test/target/test-dir/MiniOzoneClusterImpl-7cb4dc35-5948-4f28-9541-652e3d9b0dcd/datanode-6/data/ratis/961affd5-939c-4e66-b1cb-69039087843c/current/log_inprogress_0
2019-10-20 13:10:59,997 [pool-592-thread-1] INFO  storage.RaftStorage (RaftStorage.java:format(84)) - Storage directory /workdir/hadoop-ozone/integration-test/target/test-dir/MiniOzoneClusterImpl-7cb4dc35-5948-4f28-9541-652e3d9b0dcd/datanode-7/data/ratis/6fe714da-8859-474c-b8f7-d1999a31449a has been successfully formatted.
2019-10-20 13:10:59,997 [ac1ec13a-a7c4-4559-854b-f894f05d9392@group-B49F827D0C35-LeaderElection3302] INFO  impl.LeaderElection (LeaderElection.java:askForVotes(178)) - ac1ec13a-a7c4-4559-854b-f894f05d9392@group-B49F827D0C35-LeaderElection3302: begin an election at term 1 for -1: [ac1ec13a-a7c4-4559-854b-f894f05d9392:192.168.157.204:33942], old=null
2019-10-20 13:10:59,997 [7660b851-9671-46a6-9e1d-7d946f95d492@group-42C3DBE2B33D-LeaderElection3303] INFO  impl.LeaderElection (LeaderElection.java:askForVotes(178)) - 7660b851-9671-46a6-9e1d-7d946f95d492@group-42C3DBE2B33D-LeaderElection3303: begin an election at term 7 for -1: [fdf19479-69c2-4639-b68c-6adde78ca28a:192.168.157.204:42858, 1ac0a8d4-e534-43ce-83b1-426d47a3040d:192.168.157.204:32953, 7660b851-9671-46a6-9e1d-7d946f95d492:192.168.157.204:41682], old=null
2019-10-20 13:10:59,998 [pool-592-thread-1] INFO  ratis.ContainerStateMachine (ContainerStateMachine.java:loadSnapshot(231)) - group-D1999A31449A: The snapshot info is null. Setting the last applied indexto:(t:0, i:~)
2019-10-20 13:10:59,998 [ac1ec13a-a7c4-4559-854b-f894f05d9392@group-B49F827D0C35-LeaderElection3302] INFO  impl.RoleInfo (RoleInfo.java:shutdownLeaderElection(134)) - ac1ec13a-a7c4-4559-854b-f894f05d9392: shutdown LeaderElection
2019-10-20 13:10:59,998 [pool-592-thread-1] INFO  server.RaftServerConfigKeys (ConfUtils.java:logGet(43)) - raft.server.notification.no-leader.timeout = 120s (custom)
2019-10-20 13:10:59,998 [ac1ec13a-a7c4-4559-854b-f894f05d9392@group-B49F827D0C35-LeaderElection3302] INFO  impl.RaftServerImpl (RaftServerImpl.java:setRole(184)) - ac1ec13a-a7c4-4559-854b-f894f05d9392@group-B49F827D0C35: changes role from CANDIDATE to LEADER at term 1 for changeToLeader
2019-10-20 13:10:59,998 [pool-592-thread-1] INFO  server.RaftServerConfigKeys (ConfUtils.java:logGet(43)) - raft.server.log.use.memory = false (default)
2019-10-20 13:10:59,998 [ac1ec13a-a7c4-4559-854b-f894f05d9392@group-B49F827D0C35-LeaderElection3302] INFO  impl.RaftServerImpl (ServerState.java:setLeader(256)) - ac1ec13a-a7c4-4559-854b-f894f05d9392@group-B49F827D0C35: change Leader from null to ac1ec13a-a7c4-4559-854b-f894f05d9392 at term 1 for becomeLeader, leader elected after 122ms
2019-10-20 13:10:59,998 [pool-592-thread-1] INFO  server.RaftServerConfigKeys (ConfUtils.java:logGet(43)) - raft.server.log.purge.gap = 1000000 (custom)
2019-10-20 13:10:59,999 [grpc-default-executor-18] INFO  impl.RaftServerImpl (RaftServerImpl.java:setRole(184)) - fdf19479-69c2-4639-b68c-6adde78ca28a@group-42C3DBE2B33D: changes role from  FOLLOWER to FOLLOWER at term 7 for recognizeCandidate:7660b851-9671-46a6-9e1d-7d946f95d492
2019-10-20 13:10:59,999 [ac1ec13a-a7c4-4559-854b-f894f05d9392@group-B49F827D0C35-LeaderElection3302] INFO  server.RaftServerConfigKeys (ConfUtils.java:logGet(43)) - raft.server.staging.catchup.gap = 1000 (default)
2019-10-20 13:10:59,999 [grpc-default-executor-10] INFO  impl.RaftServerImpl (RaftServerImpl.java:setRole(184)) - 1ac0a8d4-e534-43ce-83b1-426d47a3040d@group-42C3DBE2B33D: changes role from  FOLLOWER to FOLLOWER at term 7 for recognizeCandidate:7660b851-9671-46a6-9e1d-7d946f95d492
2019-10-20 13:10:59,999 [grpc-default-executor-10] INFO  impl.RoleInfo (RoleInfo.java:shutdownFollowerState(121)) - 1ac0a8d4-e534-43ce-83b1-426d47a3040d: shutdown FollowerState
2019-10-20 13:10:59,999 [grpc-default-executor-18] INFO  impl.RoleInfo (RoleInfo.java:shutdownFollowerState(121)) - fdf19479-69c2-4639-b68c-6adde78ca28a: shutdown FollowerState
2019-10-20 13:10:59,999 [Thread-24603] INFO  impl.FollowerState (FollowerState.java:run(117)) - 1ac0a8d4-e534-43ce-83b1-426d47a3040d@group-42C3DBE2B33D-FollowerState was interrupted: java.lang.InterruptedException: sleep interrupted
2019-10-20 13:10:59,999 [Thread-24604] INFO  impl.FollowerState (FollowerState.java:run(117)) - fdf19479-69c2-4639-b68c-6adde78ca28a@group-42C3DBE2B33D-FollowerState was interrupted: java.lang.InterruptedException: sleep interrupted
2019-10-20 13:10:59,999 [pool-592-thread-1] INFO  server.RaftServerConfigKeys (ConfUtils.java:logGet(43)) - raft.server.log.appender.buffer.byte-limit = 33554432 (custom)
2019-10-20 13:10:59,999 [grpc-default-executor-18] INFO  impl.RoleInfo (RoleInfo.java:updateAndGet(143)) - fdf19479-69c2-4639-b68c-6adde78ca28a: start FollowerState
2019-10-20 13:10:59,999 [grpc-default-executor-10] INFO  impl.RoleInfo (RoleInfo.java:updateAndGet(143)) - 1ac0a8d4-e534-43ce-83b1-426d47a3040d: start FollowerState
2019-10-20 13:10:59,999 [ac1ec13a-a7c4-4559-854b-f894f05d9392@group-B49F827D0C35-LeaderElection3302] INFO  server.RaftServerConfigKeys (ConfUtils.java:logGet(43)) - raft.server.rpc.sleep.time = 25ms (default)
2019-10-20 13:11:00,000 [pool-592-thread-1] INFO  server.RaftServerConfigKeys (ConfUtils.java:logGet(43)) - raft.server.log.segment.size.max = 1048576 (custom)
2019-10-20 13:11:00,000 [ac1ec13a-a7c4-4559-854b-f894f05d9392@group-B49F827D0C35-LeaderElection3302] INFO  server.RaftServerConfigKeys (ConfUtils.java:logGet(43)) - raft.server.write.element-limit = 4096 (default)
2019-10-20 13:11:00,000 [pool-592-thread-1] INFO  server.RaftServerConfigKeys (ConfUtils.java:logGet(43)) - raft.server.log.segment.cache.num.max = 2 (custom)
2019-10-20 13:11:00,000 [ac1ec13a-a7c4-4559-854b-f894f05d9392@group-B49F827D0C35-LeaderElection3302] INFO  server.RaftServerConfigKeys (ConfUtils.java:logGet(43)) - raft.server.watch.timeout = 10s (default)
2019-10-20 13:11:00,000 [pool-592-thread-1] INFO  segmented.SegmentedRaftLogWorker (SegmentedRaftLogWorker.java:<init>(173)) - new 4d585c25-980a-43ef-83b7-f2d8ca21bb18@group-D1999A31449A-SegmentedRaftLogWorker for RaftStorage:Storage Directory /workdir/hadoop-ozone/integration-test/target/test-dir/MiniOzoneClusterImpl-7cb4dc35-5948-4f28-9541-652e3d9b0dcd/datanode-7/data/ratis/6fe714da-8859-474c-b8f7-d1999a31449a
2019-10-20 13:11:00,000 [ac1ec13a-a7c4-4559-854b-f894f05d9392@group-B49F827D0C35-LeaderElection3302] INFO  server.RaftServerConfigKeys (ConfUtils.java:logGet(43)) - raft.server.watch.timeout.denomination = 1s (default)
2019-10-20 13:11:00,001 [pool-592-thread-1] INFO  server.RaftServerConfigKeys (ConfUtils.java:logGet(43)) - raft.server.log.queue.byte-limit = 2147483647 (custom)
2019-10-20 13:11:00,001 [ac1ec13a-a7c4-4559-854b-f894f05d9392@group-B49F827D0C35-LeaderElection3302] INFO  server.RaftServerConfigKeys (ConfUtils.java:logGet(43)) - raft.server.watch.element-limit = 65536 (default)
2019-10-20 13:11:00,001 [pool-592-thread-1] INFO  server.RaftServerConfigKeys (ConfUtils.java:logGet(43)) - raft.server.log.queue.element-limit = 1024 (custom)
2019-10-20 13:11:00,001 [pool-592-thread-1] INFO  server.RaftServerConfigKeys (ConfUtils.java:logGet(43)) - raft.server.log.segment.size.max = 1048576 (custom)
2019-10-20 13:11:00,001 [pool-592-thread-1] INFO  server.RaftServerConfigKeys (ConfUtils.java:logGet(43)) - raft.server.log.preallocated.size = 16384 (custom)
2019-10-20 13:11:00,001 [pool-592-thread-1] INFO  server.RaftServerConfigKeys (ConfUtils.java:logGet(43)) - raft.server.log.write.buffer.size = 33554432 (custom)
2019-10-20 13:11:00,001 [pool-592-thread-1] INFO  server.RaftServerConfigKeys (ConfUtils.java:logGet(43)) - raft.server.log.force.sync.num = 128 (default)
2019-10-20 13:11:00,001 [pool-592-thread-1] INFO  server.RaftServerConfigKeys (ConfUtils.java:logGet(43)) - raft.server.log.statemachine.data.sync = true (default)
2019-10-20 13:11:00,002 [pool-592-thread-1] INFO  server.RaftServerConfigKeys (ConfUtils.java:logGet(43)) - raft.server.log.statemachine.data.sync.timeout = 10s (default)
2019-10-20 13:11:00,002 [pool-592-thread-1] INFO  server.RaftServerConfigKeys (ConfUtils.java:logGet(43)) - raft.server.log.statemachine.data.sync.timeout.retry = -1 (default)
2019-10-20 13:11:00,002 [ac1ec13a-a7c4-4559-854b-f894f05d9392@group-B49F827D0C35-LeaderElection3302] INFO  impl.RoleInfo (RoleInfo.java:updateAndGet(143)) - ac1ec13a-a7c4-4559-854b-f894f05d9392: start LeaderState
2019-10-20 13:11:00,002 [pool-592-thread-1] INFO  server.RaftServerConfigKeys (ConfUtils.java:logGet(43)) - raft.server.log.statemachine.data.caching.enabled = true (custom)
2019-10-20 13:11:00,002 [ac1ec13a-a7c4-4559-854b-f894f05d9392@group-B49F827D0C35-LeaderElection3302] INFO  segmented.SegmentedRaftLogWorker (SegmentedRaftLogWorker.java:startLogSegment(385)) - ac1ec13a-a7c4-4559-854b-f894f05d9392@group-B49F827D0C35-SegmentedRaftLogWorker: Starting segment from index:0
2019-10-20 13:11:00,002 [ac1ec13a-a7c4-4559-854b-f894f05d9392@group-B49F827D0C35-LeaderElection3302] INFO  impl.RaftServerImpl (ServerState.java:setRaftConf(357)) - ac1ec13a-a7c4-4559-854b-f894f05d9392@group-B49F827D0C35: set configuration 0: [ac1ec13a-a7c4-4559-854b-f894f05d9392:192.168.157.204:33942], old=null at 0
2019-10-20 13:11:00,003 [pool-592-thread-1] INFO  segmented.SegmentedRaftLogWorker (SegmentedRaftLogWorker.java:lambda$new$0(128)) - 4d585c25-980a-43ef-83b7-f2d8ca21bb18@group-D1999A31449A-SegmentedRaftLogWorker: flushIndex: setUnconditionally 0 -> -1
2019-10-20 13:11:00,003 [pool-592-thread-1] INFO  server.RaftServerConfigKeys (ConfUtils.java:logGet(43)) - raft.server.snapshot.auto.trigger.enabled = true (custom)
2019-10-20 13:11:00,003 [pool-592-thread-1] INFO  server.RaftServerConfigKeys (ConfUtils.java:logGet(43)) - raft.server.snapshot.auto.trigger.threshold = 10000 (custom)
2019-10-20 13:11:00,003 [pool-592-thread-1] INFO  server.RaftServerConfigKeys (ConfUtils.java:logGet(43)) - raft.server.snapshot.retention.file.num = 5 (custom)
2019-10-20 13:11:00,003 [pool-592-thread-1] INFO  server.RaftServerConfigKeys (ConfUtils.java:logGet(43)) - raft.server.retrycache.expirytime = 600000ms (custom)
2019-10-20 13:11:00,004 [7660b851-9671-46a6-9e1d-7d946f95d492@group-42C3DBE2B33D-LeaderElection3303] INFO  impl.LeaderElection (LeaderElection.java:logAndReturn(56)) - 7660b851-9671-46a6-9e1d-7d946f95d492@group-42C3DBE2B33D-LeaderElection3303: Election REJECTED; received 2 response(s) [7660b851-9671-46a6-9e1d-7d946f95d492<-fdf19479-69c2-4639-b68c-6adde78ca28a#0:FAIL-t7, 7660b851-9671-46a6-9e1d-7d946f95d492<-1ac0a8d4-e534-43ce-83b1-426d47a3040d#0:FAIL-t7] and 0 exception(s); 7660b851-9671-46a6-9e1d-7d946f95d492@group-42C3DBE2B33D:t7, leader=null, voted=7660b851-9671-46a6-9e1d-7d946f95d492, raftlog=7660b851-9671-46a6-9e1d-7d946f95d492@group-42C3DBE2B33D-SegmentedRaftLog:OPENED:c-1,f-1,i0, conf=-1: [fdf19479-69c2-4639-b68c-6adde78ca28a:192.168.157.204:42858, 1ac0a8d4-e534-43ce-83b1-426d47a3040d:192.168.157.204:32953, 7660b851-9671-46a6-9e1d-7d946f95d492:192.168.157.204:41682], old=null
2019-10-20 13:11:00,004 [7660b851-9671-46a6-9e1d-7d946f95d492@group-42C3DBE2B33D-LeaderElection3303] INFO  impl.RaftServerImpl (RaftServerImpl.java:setRole(184)) - 7660b851-9671-46a6-9e1d-7d946f95d492@group-42C3DBE2B33D: changes role from CANDIDATE to FOLLOWER at term 7 for DISCOVERED_A_NEW_TERM
2019-10-20 13:11:00,004 [pool-592-thread-1] INFO  impl.RaftServerImpl (RaftServerImpl.java:start(195)) - 4d585c25-980a-43ef-83b7-f2d8ca21bb18@group-D1999A31449A: start as a follower, conf=-1: [4d585c25-980a-43ef-83b7-f2d8ca21bb18:192.168.157.204:43287], old=null
2019-10-20 13:11:00,005 [7660b851-9671-46a6-9e1d-7d946f95d492@group-42C3DBE2B33D-LeaderElection3303] INFO  impl.RoleInfo (RoleInfo.java:shutdownLeaderElection(134)) - 7660b851-9671-46a6-9e1d-7d946f95d492: shutdown LeaderElection
2019-10-20 13:11:00,005 [pool-592-thread-1] INFO  impl.RaftServerImpl (RaftServerImpl.java:setRole(184)) - 4d585c25-980a-43ef-83b7-f2d8ca21bb18@group-D1999A31449A: changes role from      null to FOLLOWER at term 0 for startAsFollower
2019-10-20 13:11:00,005 [7660b851-9671-46a6-9e1d-7d946f95d492@group-42C3DBE2B33D-LeaderElection3303] INFO  impl.RoleInfo (RoleInfo.java:updateAndGet(143)) - 7660b851-9671-46a6-9e1d-7d946f95d492: start FollowerState
2019-10-20 13:11:00,005 [pool-592-thread-1] INFO  impl.RoleInfo (RoleInfo.java:updateAndGet(143)) - 4d585c25-980a-43ef-83b7-f2d8ca21bb18: start FollowerState
2019-10-20 13:11:00,005 [pool-592-thread-1] INFO  util.JmxRegister (JmxRegister.java:tryRegister(44)) - Successfully registered JMX Bean with object name Ratis:service=RaftServer,group=group-D1999A31449A,id=4d585c25-980a-43ef-83b7-f2d8ca21bb18
2019-10-20 13:11:00,008 [RatisPipelineUtilsThread] INFO  pipeline.PipelineStateManager (PipelineStateManager.java:addPipeline(56)) - Created pipeline Pipeline[ Id: 6fe714da-8859-474c-b8f7-d1999a31449a, Nodes: 4d585c25-980a-43ef-83b7-f2d8ca21bb18{ip: 192.168.157.204, host: pr-hdds-2337-fjsvx-2218173377, networkLocation: /rack1, certSerialId: null}, Type:RATIS, Factor:ONE, State:OPEN]
2019-10-20 13:11:00,030 [Thread-24618] INFO  impl.FollowerState (FollowerState.java:run(108)) - 7660b851-9671-46a6-9e1d-7d946f95d492@group-42C3DBE2B33D-FollowerState: change to CANDIDATE, lastRpcTime:24ms, electionTimeout:20ms
2019-10-20 13:11:00,030 [Thread-24618] INFO  impl.RoleInfo (RoleInfo.java:shutdownFollowerState(121)) - 7660b851-9671-46a6-9e1d-7d946f95d492: shutdown FollowerState
2019-10-20 13:11:00,030 [Thread-24619] INFO  impl.FollowerState (FollowerState.java:run(108)) - 4d585c25-980a-43ef-83b7-f2d8ca21bb18@group-D1999A31449A-FollowerState: change to CANDIDATE, lastRpcTime:24ms, electionTimeout:16ms
2019-10-20 13:11:00,030 [Thread-24618] INFO  impl.RaftServerImpl (RaftServerImpl.java:setRole(184)) - 7660b851-9671-46a6-9e1d-7d946f95d492@group-42C3DBE2B33D: changes role from  FOLLOWER to CANDIDATE at term 7 for changeToCandidate
2019-10-20 13:11:00,030 [Thread-24619] INFO  impl.RoleInfo (RoleInfo.java:shutdownFollowerState(121)) - 4d585c25-980a-43ef-83b7-f2d8ca21bb18: shutdown FollowerState
2019-10-20 13:11:00,030 [Thread-24618] INFO  impl.RoleInfo (RoleInfo.java:updateAndGet(143)) - 7660b851-9671-46a6-9e1d-7d946f95d492: start LeaderElection
2019-10-20 13:11:00,030 [Thread-24619] INFO  impl.RaftServerImpl (RaftServerImpl.java:setRole(184)) - 4d585c25-980a-43ef-83b7-f2d8ca21bb18@group-D1999A31449A: changes role from  FOLLOWER to CANDIDATE at term 0 for changeToCandidate
2019-10-20 13:11:00,030 [Thread-24619] INFO  impl.RoleInfo (RoleInfo.java:updateAndGet(143)) - 4d585c25-980a-43ef-83b7-f2d8ca21bb18: start LeaderElection
2019-10-20 13:11:00,035 [ac1ec13a-a7c4-4559-854b-f894f05d9392@group-B49F827D0C35-SegmentedRaftLogWorker] INFO  segmented.SegmentedRaftLogWorker (SegmentedRaftLogWorker.java:execute(576)) - ac1ec13a-a7c4-4559-854b-f894f05d9392@group-B49F827D0C35-SegmentedRaftLogWorker: created new log segment /workdir/hadoop-ozone/integration-test/target/test-dir/MiniOzoneClusterImpl-7cb4dc35-5948-4f28-9541-652e3d9b0dcd/datanode-9/data/ratis/b233bb35-8437-4219-94a2-b49f827d0c35/current/log_inprogress_0
2019-10-20 13:11:00,040 [Thread-24607] INFO  impl.FollowerState (FollowerState.java:run(108)) - 384d1456-c9b4-4a07-8bc5-984a6f09f9c3@group-F6A445D47072-FollowerState: change to CANDIDATE, lastRpcTime:95ms, electionTimeout:95ms
2019-10-20 13:11:00,040 [Thread-24607] INFO  impl.RoleInfo (RoleInfo.java:shutdownFollowerState(121)) - 384d1456-c9b4-4a07-8bc5-984a6f09f9c3: shutdown FollowerState
2019-10-20 13:11:00,040 [Thread-24607] INFO  impl.RaftServerImpl (RaftServerImpl.java:setRole(184)) - 384d1456-c9b4-4a07-8bc5-984a6f09f9c3@group-F6A445D47072: changes role from  FOLLOWER to CANDIDATE at term 0 for changeToCandidate
2019-10-20 13:11:00,040 [Thread-24607] INFO  impl.RoleInfo (RoleInfo.java:updateAndGet(143)) - 384d1456-c9b4-4a07-8bc5-984a6f09f9c3: start LeaderElection
2019-10-20 13:11:00,046 [4d585c25-980a-43ef-83b7-f2d8ca21bb18@group-D1999A31449A-LeaderElection3305] INFO  impl.LeaderElection (LeaderElection.java:askForVotes(178)) - 4d585c25-980a-43ef-83b7-f2d8ca21bb18@group-D1999A31449A-LeaderElection3305: begin an election at term 1 for -1: [4d585c25-980a-43ef-83b7-f2d8ca21bb18:192.168.157.204:43287], old=null
2019-10-20 13:11:00,047 [7660b851-9671-46a6-9e1d-7d946f95d492@group-42C3DBE2B33D-LeaderElection3304] INFO  impl.LeaderElection (LeaderElection.java:askForVotes(178)) - 7660b851-9671-46a6-9e1d-7d946f95d492@group-42C3DBE2B33D-LeaderElection3304: begin an election at term 8 for -1: [fdf19479-69c2-4639-b68c-6adde78ca28a:192.168.157.204:42858, 1ac0a8d4-e534-43ce-83b1-426d47a3040d:192.168.157.204:32953, 7660b851-9671-46a6-9e1d-7d946f95d492:192.168.157.204:41682], old=null
2019-10-20 13:11:00,047 [4d585c25-980a-43ef-83b7-f2d8ca21bb18@group-D1999A31449A-LeaderElection3305] INFO  impl.RoleInfo (RoleInfo.java:shutdownLeaderElection(134)) - 4d585c25-980a-43ef-83b7-f2d8ca21bb18: shutdown LeaderElection
2019-10-20 13:11:00,047 [4d585c25-980a-43ef-83b7-f2d8ca21bb18@group-D1999A31449A-LeaderElection3305] INFO  impl.RaftServerImpl (RaftServerImpl.java:setRole(184)) - 4d585c25-980a-43ef-83b7-f2d8ca21bb18@group-D1999A31449A: changes role from CANDIDATE to LEADER at term 1 for changeToLeader
2019-10-20 13:11:00,047 [4d585c25-980a-43ef-83b7-f2d8ca21bb18@group-D1999A31449A-LeaderElection3305] INFO  impl.RaftServerImpl (ServerState.java:setLeader(256)) - 4d585c25-980a-43ef-83b7-f2d8ca21bb18@group-D1999A31449A: change Leader from null to 4d585c25-980a-43ef-83b7-f2d8ca21bb18 at term 1 for becomeLeader, leader elected after 48ms
2019-10-20 13:11:00,047 [4d585c25-980a-43ef-83b7-f2d8ca21bb18@group-D1999A31449A-LeaderElection3305] INFO  server.RaftServerConfigKeys (ConfUtils.java:logGet(43)) - raft.server.staging.catchup.gap = 1000 (default)
2019-10-20 13:11:00,047 [4d585c25-980a-43ef-83b7-f2d8ca21bb18@group-D1999A31449A-LeaderElection3305] INFO  server.RaftServerConfigKeys (ConfUtils.java:logGet(43)) - raft.server.rpc.sleep.time = 25ms (default)
2019-10-20 13:11:00,047 [4d585c25-980a-43ef-83b7-f2d8ca21bb18@group-D1999A31449A-LeaderElection3305] INFO  server.RaftServerConfigKeys (ConfUtils.java:logGet(43)) - raft.server.write.element-limit = 4096 (default)
2019-10-20 13:11:00,047 [4d585c25-980a-43ef-83b7-f2d8ca21bb18@group-D1999A31449A-LeaderElection3305] INFO  server.RaftServerConfigKeys (ConfUtils.java:logGet(43)) - raft.server.watch.timeout = 10s (default)
2019-10-20 13:11:00,048 [4d585c25-980a-43ef-83b7-f2d8ca21bb18@group-D1999A31449A-LeaderElection3305] INFO  server.RaftServerConfigKeys (ConfUtils.java:logGet(43)) - raft.server.watch.timeout.denomination = 1s (default)
2019-10-20 13:11:00,048 [grpc-default-executor-10] INFO  impl.RaftServerImpl (RaftServerImpl.java:setRole(184)) - fdf19479-69c2-4639-b68c-6adde78ca28a@group-42C3DBE2B33D: changes role from  FOLLOWER to FOLLOWER at term 8 for recognizeCandidate:7660b851-9671-46a6-9e1d-7d946f95d492
2019-10-20 13:11:00,048 [grpc-default-executor-10] INFO  impl.RoleInfo (RoleInfo.java:shutdownFollowerState(121)) - fdf19479-69c2-4639-b68c-6adde78ca28a: shutdown FollowerState
2019-10-20 13:11:00,048 [4d585c25-980a-43ef-83b7-f2d8ca21bb18@group-D1999A31449A-LeaderElection3305] INFO  server.RaftServerConfigKeys (ConfUtils.java:logGet(43)) - raft.server.watch.element-limit = 65536 (default)
2019-10-20 13:11:00,048 [grpc-default-executor-18] INFO  impl.RaftServerImpl (RaftServerImpl.java:setRole(184)) - 1ac0a8d4-e534-43ce-83b1-426d47a3040d@group-42C3DBE2B33D: changes role from  FOLLOWER to FOLLOWER at term 8 for recognizeCandidate:7660b851-9671-46a6-9e1d-7d946f95d492
2019-10-20 13:11:00,048 [grpc-default-executor-18] INFO  impl.RoleInfo (RoleInfo.java:shutdownFollowerState(121)) - 1ac0a8d4-e534-43ce-83b1-426d47a3040d: shutdown FollowerState
2019-10-20 13:11:00,048 [Thread-24615] INFO  impl.FollowerState (FollowerState.java:run(117)) - fdf19479-69c2-4639-b68c-6adde78ca28a@group-42C3DBE2B33D-FollowerState was interrupted: java.lang.InterruptedException: sleep interrupted
2019-10-20 13:11:00,048 [grpc-default-executor-10] INFO  impl.RoleInfo (RoleInfo.java:updateAndGet(143)) - fdf19479-69c2-4639-b68c-6adde78ca28a: start FollowerState
2019-10-20 13:11:00,048 [Thread-24614] INFO  impl.FollowerState (FollowerState.java:run(117)) - 1ac0a8d4-e534-43ce-83b1-426d47a3040d@group-42C3DBE2B33D-FollowerState was interrupted: java.lang.InterruptedException: sleep interrupted
2019-10-20 13:11:00,048 [grpc-default-executor-18] INFO  impl.RoleInfo (RoleInfo.java:updateAndGet(143)) - 1ac0a8d4-e534-43ce-83b1-426d47a3040d: start FollowerState
2019-10-20 13:11:00,050 [4d585c25-980a-43ef-83b7-f2d8ca21bb18@group-D1999A31449A-LeaderElection3305] INFO  impl.RoleInfo (RoleInfo.java:updateAndGet(143)) - 4d585c25-980a-43ef-83b7-f2d8ca21bb18: start LeaderState
2019-10-20 13:11:00,050 [4d585c25-980a-43ef-83b7-f2d8ca21bb18@group-D1999A31449A-LeaderElection3305] INFO  segmented.SegmentedRaftLogWorker (SegmentedRaftLogWorker.java:startLogSegment(385)) - 4d585c25-980a-43ef-83b7-f2d8ca21bb18@group-D1999A31449A-SegmentedRaftLogWorker: Starting segment from index:0
2019-10-20 13:11:00,050 [4d585c25-980a-43ef-83b7-f2d8ca21bb18@group-D1999A31449A-LeaderElection3305] INFO  impl.RaftServerImpl (ServerState.java:setRaftConf(357)) - 4d585c25-980a-43ef-83b7-f2d8ca21bb18@group-D1999A31449A: set configuration 0: [4d585c25-980a-43ef-83b7-f2d8ca21bb18:192.168.157.204:43287], old=null at 0
2019-10-20 13:11:00,051 [384d1456-c9b4-4a07-8bc5-984a6f09f9c3@group-F6A445D47072-LeaderElection3306] INFO  impl.LeaderElection (LeaderElection.java:askForVotes(178)) - 384d1456-c9b4-4a07-8bc5-984a6f09f9c3@group-F6A445D47072-LeaderElection3306: begin an election at term 1 for -1: [384d1456-c9b4-4a07-8bc5-984a6f09f9c3:192.168.157.204:38270], old=null
2019-10-20 13:11:00,052 [384d1456-c9b4-4a07-8bc5-984a6f09f9c3@group-F6A445D47072-LeaderElection3306] INFO  impl.RoleInfo (RoleInfo.java:shutdownLeaderElection(134)) - 384d1456-c9b4-4a07-8bc5-984a6f09f9c3: shutdown LeaderElection
2019-10-20 13:11:00,052 [384d1456-c9b4-4a07-8bc5-984a6f09f9c3@group-F6A445D47072-LeaderElection3306] INFO  impl.RaftServerImpl (RaftServerImpl.java:setRole(184)) - 384d1456-c9b4-4a07-8bc5-984a6f09f9c3@group-F6A445D47072: changes role from CANDIDATE to LEADER at term 1 for changeToLeader
2019-10-20 13:11:00,052 [384d1456-c9b4-4a07-8bc5-984a6f09f9c3@group-F6A445D47072-LeaderElection3306] INFO  impl.RaftServerImpl (ServerState.java:setLeader(256)) - 384d1456-c9b4-4a07-8bc5-984a6f09f9c3@group-F6A445D47072: change Leader from null to 384d1456-c9b4-4a07-8bc5-984a6f09f9c3 at term 1 for becomeLeader, leader elected after 122ms
2019-10-20 13:11:00,052 [384d1456-c9b4-4a07-8bc5-984a6f09f9c3@group-F6A445D47072-LeaderElection3306] INFO  server.RaftServerConfigKeys (ConfUtils.java:logGet(43)) - raft.server.staging.catchup.gap = 1000 (default)
2019-10-20 13:11:00,052 [384d1456-c9b4-4a07-8bc5-984a6f09f9c3@group-F6A445D47072-LeaderElection3306] INFO  server.RaftServerConfigKeys (ConfUtils.java:logGet(43)) - raft.server.rpc.sleep.time = 25ms (default)
2019-10-20 13:11:00,052 [384d1456-c9b4-4a07-8bc5-984a6f09f9c3@group-F6A445D47072-LeaderElection3306] INFO  server.RaftServerConfigKeys (ConfUtils.java:logGet(43)) - raft.server.write.element-limit = 4096 (default)
2019-10-20 13:11:00,052 [384d1456-c9b4-4a07-8bc5-984a6f09f9c3@group-F6A445D47072-LeaderElection3306] INFO  server.RaftServerConfigKeys (ConfUtils.java:logGet(43)) - raft.server.watch.timeout = 10s (default)
2019-10-20 13:11:00,052 [384d1456-c9b4-4a07-8bc5-984a6f09f9c3@group-F6A445D47072-LeaderElection3306] INFO  server.RaftServerConfigKeys (ConfUtils.java:logGet(43)) - raft.server.watch.timeout.denomination = 1s (default)
2019-10-20 13:11:00,052 [384d1456-c9b4-4a07-8bc5-984a6f09f9c3@group-F6A445D47072-LeaderElection3306] INFO  server.RaftServerConfigKeys (ConfUtils.java:logGet(43)) - raft.server.watch.element-limit = 65536 (default)
2019-10-20 13:11:00,053 [384d1456-c9b4-4a07-8bc5-984a6f09f9c3@group-F6A445D47072-LeaderElection3306] INFO  impl.RoleInfo (RoleInfo.java:updateAndGet(143)) - 384d1456-c9b4-4a07-8bc5-984a6f09f9c3: start LeaderState
2019-10-20 13:11:00,053 [384d1456-c9b4-4a07-8bc5-984a6f09f9c3@group-F6A445D47072-LeaderElection3306] INFO  segmented.SegmentedRaftLogWorker (SegmentedRaftLogWorker.java:startLogSegment(385)) - 384d1456-c9b4-4a07-8bc5-984a6f09f9c3@group-F6A445D47072-SegmentedRaftLogWorker: Starting segment from index:0
2019-10-20 13:11:00,054 [384d1456-c9b4-4a07-8bc5-984a6f09f9c3@group-F6A445D47072-LeaderElection3306] INFO  impl.RaftServerImpl (ServerState.java:setRaftConf(357)) - 384d1456-c9b4-4a07-8bc5-984a6f09f9c3@group-F6A445D47072: set configuration 0: [384d1456-c9b4-4a07-8bc5-984a6f09f9c3:192.168.157.204:38270], old=null at 0
2019-10-20 13:11:00,054 [7660b851-9671-46a6-9e1d-7d946f95d492@group-42C3DBE2B33D-LeaderElection3304] INFO  impl.LeaderElection (LeaderElection.java:logAndReturn(56)) - 7660b851-9671-46a6-9e1d-7d946f95d492@group-42C3DBE2B33D-LeaderElection3304: Election REJECTED; received 2 response(s) [7660b851-9671-46a6-9e1d-7d946f95d492<-fdf19479-69c2-4639-b68c-6adde78ca28a#0:FAIL-t8, 7660b851-9671-46a6-9e1d-7d946f95d492<-1ac0a8d4-e534-43ce-83b1-426d47a3040d#0:FAIL-t8] and 0 exception(s); 7660b851-9671-46a6-9e1d-7d946f95d492@group-42C3DBE2B33D:t8, leader=null, voted=7660b851-9671-46a6-9e1d-7d946f95d492, raftlog=7660b851-9671-46a6-9e1d-7d946f95d492@group-42C3DBE2B33D-SegmentedRaftLog:OPENED:c-1,f-1,i0, conf=-1: [fdf19479-69c2-4639-b68c-6adde78ca28a:192.168.157.204:42858, 1ac0a8d4-e534-43ce-83b1-426d47a3040d:192.168.157.204:32953, 7660b851-9671-46a6-9e1d-7d946f95d492:192.168.157.204:41682], old=null
2019-10-20 13:11:00,054 [7660b851-9671-46a6-9e1d-7d946f95d492@group-42C3DBE2B33D-LeaderElection3304] INFO  impl.RaftServerImpl (RaftServerImpl.java:setRole(184)) - 7660b851-9671-46a6-9e1d-7d946f95d492@group-42C3DBE2B33D: changes role from CANDIDATE to FOLLOWER at term 8 for DISCOVERED_A_NEW_TERM
2019-10-20 13:11:00,054 [7660b851-9671-46a6-9e1d-7d946f95d492@group-42C3DBE2B33D-LeaderElection3304] INFO  impl.RoleInfo (RoleInfo.java:shutdownLeaderElection(134)) - 7660b851-9671-46a6-9e1d-7d946f95d492: shutdown LeaderElection
2019-10-20 13:11:00,054 [7660b851-9671-46a6-9e1d-7d946f95d492@group-42C3DBE2B33D-LeaderElection3304] INFO  impl.RoleInfo (RoleInfo.java:updateAndGet(143)) - 7660b851-9671-46a6-9e1d-7d946f95d492: start FollowerState
2019-10-20 13:11:00,086 [4d585c25-980a-43ef-83b7-f2d8ca21bb18@group-D1999A31449A-SegmentedRaftLogWorker] INFO  segmented.SegmentedRaftLogWorker (SegmentedRaftLogWorker.java:execute(576)) - 4d585c25-980a-43ef-83b7-f2d8ca21bb18@group-D1999A31449A-SegmentedRaftLogWorker: created new log segment /workdir/hadoop-ozone/integration-test/target/test-dir/MiniOzoneClusterImpl-7cb4dc35-5948-4f28-9541-652e3d9b0dcd/datanode-7/data/ratis/6fe714da-8859-474c-b8f7-d1999a31449a/current/log_inprogress_0
2019-10-20 13:11:00,086 [384d1456-c9b4-4a07-8bc5-984a6f09f9c3@group-F6A445D47072-SegmentedRaftLogWorker] INFO  segmented.SegmentedRaftLogWorker (SegmentedRaftLogWorker.java:execute(576)) - 384d1456-c9b4-4a07-8bc5-984a6f09f9c3@group-F6A445D47072-SegmentedRaftLogWorker: created new log segment /workdir/hadoop-ozone/integration-test/target/test-dir/MiniOzoneClusterImpl-7cb4dc35-5948-4f28-9541-652e3d9b0dcd/datanode-8/data/ratis/a456970b-63b1-47b5-8677-f6a445d47072/current/log_inprogress_0
2019-10-20 13:11:00,100 [Thread-24630] INFO  impl.FollowerState (FollowerState.java:run(108)) - 7660b851-9671-46a6-9e1d-7d946f95d492@group-42C3DBE2B33D-FollowerState: change to CANDIDATE, lastRpcTime:45ms, electionTimeout:45ms
2019-10-20 13:11:00,100 [Thread-24630] INFO  impl.RoleInfo (RoleInfo.java:shutdownFollowerState(121)) - 7660b851-9671-46a6-9e1d-7d946f95d492: shutdown FollowerState
2019-10-20 13:11:00,100 [Thread-24630] INFO  impl.RaftServerImpl (RaftServerImpl.java:setRole(184)) - 7660b851-9671-46a6-9e1d-7d946f95d492@group-42C3DBE2B33D: changes role from  FOLLOWER to CANDIDATE at term 8 for changeToCandidate
2019-10-20 13:11:00,100 [Thread-24630] INFO  impl.RoleInfo (RoleInfo.java:updateAndGet(143)) - 7660b851-9671-46a6-9e1d-7d946f95d492: start LeaderElection
2019-10-20 13:11:00,108 [7660b851-9671-46a6-9e1d-7d946f95d492@group-42C3DBE2B33D-LeaderElection3307] INFO  impl.LeaderElection (LeaderElection.java:askForVotes(178)) - 7660b851-9671-46a6-9e1d-7d946f95d492@group-42C3DBE2B33D-LeaderElection3307: begin an election at term 9 for -1: [fdf19479-69c2-4639-b68c-6adde78ca28a:192.168.157.204:42858, 1ac0a8d4-e534-43ce-83b1-426d47a3040d:192.168.157.204:32953, 7660b851-9671-46a6-9e1d-7d946f95d492:192.168.157.204:41682], old=null
2019-10-20 13:11:00,109 [grpc-default-executor-10] INFO  impl.RaftServerImpl (RaftServerImpl.java:setRole(184)) - fdf19479-69c2-4639-b68c-6adde78ca28a@group-42C3DBE2B33D: changes role from  FOLLOWER to FOLLOWER at term 9 for recognizeCandidate:7660b851-9671-46a6-9e1d-7d946f95d492
2019-10-20 13:11:00,109 [grpc-default-executor-10] INFO  impl.RoleInfo (RoleInfo.java:shutdownFollowerState(121)) - fdf19479-69c2-4639-b68c-6adde78ca28a: shutdown FollowerState
2019-10-20 13:11:00,109 [grpc-default-executor-18] INFO  impl.RaftServerImpl (RaftServerImpl.java:setRole(184)) - 1ac0a8d4-e534-43ce-83b1-426d47a3040d@group-42C3DBE2B33D: changes role from  FOLLOWER to FOLLOWER at term 9 for recognizeCandidate:7660b851-9671-46a6-9e1d-7d946f95d492
2019-10-20 13:11:00,109 [Thread-24627] INFO  impl.FollowerState (FollowerState.java:run(117)) - fdf19479-69c2-4639-b68c-6adde78ca28a@group-42C3DBE2B33D-FollowerState was interrupted: java.lang.InterruptedException: sleep interrupted
2019-10-20 13:11:00,109 [grpc-default-executor-10] INFO  impl.RoleInfo (RoleInfo.java:updateAndGet(143)) - fdf19479-69c2-4639-b68c-6adde78ca28a: start FollowerState
2019-10-20 13:11:00,109 [grpc-default-executor-18] INFO  impl.RoleInfo (RoleInfo.java:shutdownFollowerState(121)) - 1ac0a8d4-e534-43ce-83b1-426d47a3040d: shutdown FollowerState
2019-10-20 13:11:00,110 [grpc-default-executor-18] INFO  impl.RoleInfo (RoleInfo.java:updateAndGet(143)) - 1ac0a8d4-e534-43ce-83b1-426d47a3040d: start FollowerState
2019-10-20 13:11:00,110 [Thread-24628] INFO  impl.FollowerState (FollowerState.java:run(117)) - 1ac0a8d4-e534-43ce-83b1-426d47a3040d@group-42C3DBE2B33D-FollowerState was interrupted: java.lang.InterruptedException: sleep interrupted
2019-10-20 13:11:00,121 [7660b851-9671-46a6-9e1d-7d946f95d492@group-42C3DBE2B33D-LeaderElection3307] INFO  impl.LeaderElection (LeaderElection.java:logAndReturn(56)) - 7660b851-9671-46a6-9e1d-7d946f95d492@group-42C3DBE2B33D-LeaderElection3307: Election TIMEOUT; received 0 response(s) [] and 0 exception(s); 7660b851-9671-46a6-9e1d-7d946f95d492@group-42C3DBE2B33D:t9, leader=null, voted=7660b851-9671-46a6-9e1d-7d946f95d492, raftlog=7660b851-9671-46a6-9e1d-7d946f95d492@group-42C3DBE2B33D-SegmentedRaftLog:OPENED:c-1,f-1,i0, conf=-1: [fdf19479-69c2-4639-b68c-6adde78ca28a:192.168.157.204:42858, 1ac0a8d4-e534-43ce-83b1-426d47a3040d:192.168.157.204:32953, 7660b851-9671-46a6-9e1d-7d946f95d492:192.168.157.204:41682], old=null
2019-10-20 13:11:00,130 [7660b851-9671-46a6-9e1d-7d946f95d492@group-42C3DBE2B33D-LeaderElection3307] INFO  impl.LeaderElection (LeaderElection.java:askForVotes(178)) - 7660b851-9671-46a6-9e1d-7d946f95d492@group-42C3DBE2B33D-LeaderElection3307: begin an election at term 10 for -1: [fdf19479-69c2-4639-b68c-6adde78ca28a:192.168.157.204:42858, 1ac0a8d4-e534-43ce-83b1-426d47a3040d:192.168.157.204:32953, 7660b851-9671-46a6-9e1d-7d946f95d492:192.168.157.204:41682], old=null
2019-10-20 13:11:00,131 [grpc-default-executor-18] INFO  impl.RaftServerImpl (RaftServerImpl.java:setRole(184)) - fdf19479-69c2-4639-b68c-6adde78ca28a@group-42C3DBE2B33D: changes role from  FOLLOWER to FOLLOWER at term 10 for recognizeCandidate:7660b851-9671-46a6-9e1d-7d946f95d492
2019-10-20 13:11:00,131 [grpc-default-executor-18] INFO  impl.RoleInfo (RoleInfo.java:shutdownFollowerState(121)) - fdf19479-69c2-4639-b68c-6adde78ca28a: shutdown FollowerState
2019-10-20 13:11:00,131 [grpc-default-executor-18] INFO  impl.RoleInfo (RoleInfo.java:updateAndGet(143)) - fdf19479-69c2-4639-b68c-6adde78ca28a: start FollowerState
2019-10-20 13:11:00,131 [Thread-24637] INFO  impl.FollowerState (FollowerState.java:run(117)) - fdf19479-69c2-4639-b68c-6adde78ca28a@group-42C3DBE2B33D-FollowerState was interrupted: java.lang.InterruptedException: sleep interrupted
2019-10-20 13:11:00,131 [grpc-default-executor-10] INFO  impl.RaftServerImpl (RaftServerImpl.java:setRole(184)) - 1ac0a8d4-e534-43ce-83b1-426d47a3040d@group-42C3DBE2B33D: changes role from  FOLLOWER to FOLLOWER at term 10 for recognizeCandidate:7660b851-9671-46a6-9e1d-7d946f95d492
2019-10-20 13:11:00,131 [grpc-default-executor-10] INFO  impl.RoleInfo (RoleInfo.java:shutdownFollowerState(121)) - 1ac0a8d4-e534-43ce-83b1-426d47a3040d: shutdown FollowerState
2019-10-20 13:11:00,132 [grpc-default-executor-10] INFO  impl.RoleInfo (RoleInfo.java:updateAndGet(143)) - 1ac0a8d4-e534-43ce-83b1-426d47a3040d: start FollowerState
2019-10-20 13:11:00,132 [Thread-24638] INFO  impl.FollowerState (FollowerState.java:run(117)) - 1ac0a8d4-e534-43ce-83b1-426d47a3040d@group-42C3DBE2B33D-FollowerState was interrupted: java.lang.InterruptedException: sleep interrupted
2019-10-20 13:11:00,146 [7660b851-9671-46a6-9e1d-7d946f95d492@group-42C3DBE2B33D-LeaderElection3307] INFO  impl.LeaderElection (LeaderElection.java:logAndReturn(56)) - 7660b851-9671-46a6-9e1d-7d946f95d492@group-42C3DBE2B33D-LeaderElection3307: Election REJECTED; received 2 response(s) [7660b851-9671-46a6-9e1d-7d946f95d492<-fdf19479-69c2-4639-b68c-6adde78ca28a#0:FAIL-t10, 7660b851-9671-46a6-9e1d-7d946f95d492<-1ac0a8d4-e534-43ce-83b1-426d47a3040d#0:FAIL-t10] and 0 exception(s); 7660b851-9671-46a6-9e1d-7d946f95d492@group-42C3DBE2B33D:t10, leader=null, voted=7660b851-9671-46a6-9e1d-7d946f95d492, raftlog=7660b851-9671-46a6-9e1d-7d946f95d492@group-42C3DBE2B33D-SegmentedRaftLog:OPENED:c-1,f-1,i0, conf=-1: [fdf19479-69c2-4639-b68c-6adde78ca28a:192.168.157.204:42858, 1ac0a8d4-e534-43ce-83b1-426d47a3040d:192.168.157.204:32953, 7660b851-9671-46a6-9e1d-7d946f95d492:192.168.157.204:41682], old=null
2019-10-20 13:11:00,146 [7660b851-9671-46a6-9e1d-7d946f95d492@group-42C3DBE2B33D-LeaderElection3307] INFO  impl.RaftServerImpl (RaftServerImpl.java:setRole(184)) - 7660b851-9671-46a6-9e1d-7d946f95d492@group-42C3DBE2B33D: changes role from CANDIDATE to FOLLOWER at term 10 for DISCOVERED_A_NEW_TERM
2019-10-20 13:11:00,146 [7660b851-9671-46a6-9e1d-7d946f95d492@group-42C3DBE2B33D-LeaderElection3307] INFO  impl.RoleInfo (RoleInfo.java:shutdownLeaderElection(134)) - 7660b851-9671-46a6-9e1d-7d946f95d492: shutdown LeaderElection
2019-10-20 13:11:00,146 [7660b851-9671-46a6-9e1d-7d946f95d492@group-42C3DBE2B33D-LeaderElection3307] INFO  impl.RoleInfo (RoleInfo.java:updateAndGet(143)) - 7660b851-9671-46a6-9e1d-7d946f95d492: start FollowerState
2019-10-20 13:11:00,216 [Thread-24643] INFO  impl.FollowerState (FollowerState.java:run(108)) - 7660b851-9671-46a6-9e1d-7d946f95d492@group-42C3DBE2B33D-FollowerState: change to CANDIDATE, lastRpcTime:69ms, electionTimeout:69ms
2019-10-20 13:11:00,216 [Thread-24643] INFO  impl.RoleInfo (RoleInfo.java:shutdownFollowerState(121)) - 7660b851-9671-46a6-9e1d-7d946f95d492: shutdown FollowerState
2019-10-20 13:11:00,216 [Thread-24643] INFO  impl.RaftServerImpl (RaftServerImpl.java:setRole(184)) - 7660b851-9671-46a6-9e1d-7d946f95d492@group-42C3DBE2B33D: changes role from  FOLLOWER to CANDIDATE at term 10 for changeToCandidate
2019-10-20 13:11:00,216 [Thread-24643] INFO  impl.RoleInfo (RoleInfo.java:updateAndGet(143)) - 7660b851-9671-46a6-9e1d-7d946f95d492: start LeaderElection
2019-10-20 13:11:00,229 [7660b851-9671-46a6-9e1d-7d946f95d492@group-42C3DBE2B33D-LeaderElection3308] INFO  impl.LeaderElection (LeaderElection.java:askForVotes(178)) - 7660b851-9671-46a6-9e1d-7d946f95d492@group-42C3DBE2B33D-LeaderElection3308: begin an election at term 11 for -1: [fdf19479-69c2-4639-b68c-6adde78ca28a:192.168.157.204:42858, 1ac0a8d4-e534-43ce-83b1-426d47a3040d:192.168.157.204:32953, 7660b851-9671-46a6-9e1d-7d946f95d492:192.168.157.204:41682], old=null
2019-10-20 13:11:00,230 [grpc-default-executor-10] INFO  impl.RaftServerImpl (RaftServerImpl.java:setRole(184)) - 1ac0a8d4-e534-43ce-83b1-426d47a3040d@group-42C3DBE2B33D: changes role from  FOLLOWER to FOLLOWER at term 11 for recognizeCandidate:7660b851-9671-46a6-9e1d-7d946f95d492
2019-10-20 13:11:00,230 [grpc-default-executor-10] INFO  impl.RoleInfo (RoleInfo.java:shutdownFollowerState(121)) - 1ac0a8d4-e534-43ce-83b1-426d47a3040d: shutdown FollowerState
2019-10-20 13:11:00,230 [grpc-default-executor-10] INFO  impl.RoleInfo (RoleInfo.java:updateAndGet(143)) - 1ac0a8d4-e534-43ce-83b1-426d47a3040d: start FollowerState
2019-10-20 13:11:00,230 [grpc-default-executor-18] INFO  impl.RaftServerImpl (RaftServerImpl.java:setRole(184)) - fdf19479-69c2-4639-b68c-6adde78ca28a@group-42C3DBE2B33D: changes role from  FOLLOWER to FOLLOWER at term 11 for recognizeCandidate:7660b851-9671-46a6-9e1d-7d946f95d492
2019-10-20 13:11:00,230 [grpc-default-executor-18] INFO  impl.RoleInfo (RoleInfo.java:shutdownFollowerState(121)) - fdf19479-69c2-4639-b68c-6adde78ca28a: shutdown FollowerState
2019-10-20 13:11:00,230 [Thread-24642] INFO  impl.FollowerState (FollowerState.java:run(117)) - 1ac0a8d4-e534-43ce-83b1-426d47a3040d@group-42C3DBE2B33D-FollowerState was interrupted: java.lang.InterruptedException: sleep interrupted
2019-10-20 13:11:00,230 [Thread-24641] INFO  impl.FollowerState (FollowerState.java:run(117)) - fdf19479-69c2-4639-b68c-6adde78ca28a@group-42C3DBE2B33D-FollowerState was interrupted: java.lang.InterruptedException: sleep interrupted
2019-10-20 13:11:00,230 [grpc-default-executor-18] INFO  impl.RoleInfo (RoleInfo.java:updateAndGet(143)) - fdf19479-69c2-4639-b68c-6adde78ca28a: start FollowerState
2019-10-20 13:11:00,244 [7660b851-9671-46a6-9e1d-7d946f95d492@group-42C3DBE2B33D-LeaderElection3308] INFO  impl.LeaderElection (LeaderElection.java:logAndReturn(56)) - 7660b851-9671-46a6-9e1d-7d946f95d492@group-42C3DBE2B33D-LeaderElection3308: Election REJECTED; received 2 response(s) [7660b851-9671-46a6-9e1d-7d946f95d492<-fdf19479-69c2-4639-b68c-6adde78ca28a#0:FAIL-t11, 7660b851-9671-46a6-9e1d-7d946f95d492<-1ac0a8d4-e534-43ce-83b1-426d47a3040d#0:FAIL-t11] and 0 exception(s); 7660b851-9671-46a6-9e1d-7d946f95d492@group-42C3DBE2B33D:t11, leader=null, voted=7660b851-9671-46a6-9e1d-7d946f95d492, raftlog=7660b851-9671-46a6-9e1d-7d946f95d492@group-42C3DBE2B33D-SegmentedRaftLog:OPENED:c-1,f-1,i0, conf=-1: [fdf19479-69c2-4639-b68c-6adde78ca28a:192.168.157.204:42858, 1ac0a8d4-e534-43ce-83b1-426d47a3040d:192.168.157.204:32953, 7660b851-9671-46a6-9e1d-7d946f95d492:192.168.157.204:41682], old=null
2019-10-20 13:11:00,244 [7660b851-9671-46a6-9e1d-7d946f95d492@group-42C3DBE2B33D-LeaderElection3308] INFO  impl.RaftServerImpl (RaftServerImpl.java:setRole(184)) - 7660b851-9671-46a6-9e1d-7d946f95d492@group-42C3DBE2B33D: changes role from CANDIDATE to FOLLOWER at term 11 for DISCOVERED_A_NEW_TERM
2019-10-20 13:11:00,245 [7660b851-9671-46a6-9e1d-7d946f95d492@group-42C3DBE2B33D-LeaderElection3308] INFO  impl.RoleInfo (RoleInfo.java:shutdownLeaderElection(134)) - 7660b851-9671-46a6-9e1d-7d946f95d492: shutdown LeaderElection
2019-10-20 13:11:00,245 [7660b851-9671-46a6-9e1d-7d946f95d492@group-42C3DBE2B33D-LeaderElection3308] INFO  impl.RoleInfo (RoleInfo.java:updateAndGet(143)) - 7660b851-9671-46a6-9e1d-7d946f95d492: start FollowerState
2019-10-20 13:11:00,424 [Thread-24649] INFO  impl.FollowerState (FollowerState.java:run(108)) - 7660b851-9671-46a6-9e1d-7d946f95d492@group-42C3DBE2B33D-FollowerState: change to CANDIDATE, lastRpcTime:179ms, electionTimeout:179ms
2019-10-20 13:11:00,424 [Thread-24649] INFO  impl.RoleInfo (RoleInfo.java:shutdownFollowerState(121)) - 7660b851-9671-46a6-9e1d-7d946f95d492: shutdown FollowerState
2019-10-20 13:11:00,424 [Thread-24649] INFO  impl.RaftServerImpl (RaftServerImpl.java:setRole(184)) - 7660b851-9671-46a6-9e1d-7d946f95d492@group-42C3DBE2B33D: changes role from  FOLLOWER to CANDIDATE at term 11 for changeToCandidate
2019-10-20 13:11:00,424 [Thread-24649] INFO  impl.RoleInfo (RoleInfo.java:updateAndGet(143)) - 7660b851-9671-46a6-9e1d-7d946f95d492: start LeaderElection
2019-10-20 13:11:00,438 [7660b851-9671-46a6-9e1d-7d946f95d492@group-42C3DBE2B33D-LeaderElection3309] INFO  impl.LeaderElection (LeaderElection.java:askForVotes(178)) - 7660b851-9671-46a6-9e1d-7d946f95d492@group-42C3DBE2B33D-LeaderElection3309: begin an election at term 12 for -1: [fdf19479-69c2-4639-b68c-6adde78ca28a:192.168.157.204:42858, 1ac0a8d4-e534-43ce-83b1-426d47a3040d:192.168.157.204:32953, 7660b851-9671-46a6-9e1d-7d946f95d492:192.168.157.204:41682], old=null
2019-10-20 13:11:00,440 [grpc-default-executor-10] INFO  impl.RaftServerImpl (RaftServerImpl.java:setRole(184)) - fdf19479-69c2-4639-b68c-6adde78ca28a@group-42C3DBE2B33D: changes role from  FOLLOWER to FOLLOWER at term 12 for recognizeCandidate:7660b851-9671-46a6-9e1d-7d946f95d492
2019-10-20 13:11:00,440 [grpc-default-executor-10] INFO  impl.RoleInfo (RoleInfo.java:shutdownFollowerState(121)) - fdf19479-69c2-4639-b68c-6adde78ca28a: shutdown FollowerState
2019-10-20 13:11:00,440 [grpc-default-executor-18] INFO  impl.RaftServerImpl (RaftServerImpl.java:setRole(184)) - 1ac0a8d4-e534-43ce-83b1-426d47a3040d@group-42C3DBE2B33D: changes role from  FOLLOWER to FOLLOWER at term 12 for recognizeCandidate:7660b851-9671-46a6-9e1d-7d946f95d492
2019-10-20 13:11:00,440 [grpc-default-executor-18] INFO  impl.RoleInfo (RoleInfo.java:shutdownFollowerState(121)) - 1ac0a8d4-e534-43ce-83b1-426d47a3040d: shutdown FollowerState
2019-10-20 13:11:00,440 [Thread-24648] INFO  impl.FollowerState (FollowerState.java:run(117)) - fdf19479-69c2-4639-b68c-6adde78ca28a@group-42C3DBE2B33D-FollowerState was interrupted: java.lang.InterruptedException: sleep interrupted
2019-10-20 13:11:00,440 [grpc-default-executor-10] INFO  impl.RoleInfo (RoleInfo.java:updateAndGet(143)) - fdf19479-69c2-4639-b68c-6adde78ca28a: start FollowerState
2019-10-20 13:11:00,440 [Thread-24647] INFO  impl.FollowerState (FollowerState.java:run(117)) - 1ac0a8d4-e534-43ce-83b1-426d47a3040d@group-42C3DBE2B33D-FollowerState was interrupted: java.lang.InterruptedException: sleep interrupted
2019-10-20 13:11:00,440 [grpc-default-executor-18] INFO  impl.RoleInfo (RoleInfo.java:updateAndGet(143)) - 1ac0a8d4-e534-43ce-83b1-426d47a3040d: start FollowerState
2019-10-20 13:11:00,463 [7660b851-9671-46a6-9e1d-7d946f95d492@group-42C3DBE2B33D-LeaderElection3309] INFO  impl.LeaderElection (LeaderElection.java:logAndReturn(56)) - 7660b851-9671-46a6-9e1d-7d946f95d492@group-42C3DBE2B33D-LeaderElection3309: Election TIMEOUT; received 0 response(s) [] and 0 exception(s); 7660b851-9671-46a6-9e1d-7d946f95d492@group-42C3DBE2B33D:t12, leader=null, voted=7660b851-9671-46a6-9e1d-7d946f95d492, raftlog=7660b851-9671-46a6-9e1d-7d946f95d492@group-42C3DBE2B33D-SegmentedRaftLog:OPENED:c-1,f-1,i0, conf=-1: [fdf19479-69c2-4639-b68c-6adde78ca28a:192.168.157.204:42858, 1ac0a8d4-e534-43ce-83b1-426d47a3040d:192.168.157.204:32953, 7660b851-9671-46a6-9e1d-7d946f95d492:192.168.157.204:41682], old=null
2019-10-20 13:11:00,468 [7660b851-9671-46a6-9e1d-7d946f95d492@group-42C3DBE2B33D-LeaderElection3309] INFO  impl.LeaderElection (LeaderElection.java:askForVotes(178)) - 7660b851-9671-46a6-9e1d-7d946f95d492@group-42C3DBE2B33D-LeaderElection3309: begin an election at term 13 for -1: [fdf19479-69c2-4639-b68c-6adde78ca28a:192.168.157.204:42858, 1ac0a8d4-e534-43ce-83b1-426d47a3040d:192.168.157.204:32953, 7660b851-9671-46a6-9e1d-7d946f95d492:192.168.157.204:41682], old=null
2019-10-20 13:11:00,469 [grpc-default-executor-18] INFO  impl.RaftServerImpl (RaftServerImpl.java:setRole(184)) - fdf19479-69c2-4639-b68c-6adde78ca28a@group-42C3DBE2B33D: changes role from  FOLLOWER to FOLLOWER at term 13 for recognizeCandidate:7660b851-9671-46a6-9e1d-7d946f95d492
2019-10-20 13:11:00,469 [grpc-default-executor-18] INFO  impl.RoleInfo (RoleInfo.java:shutdownFollowerState(121)) - fdf19479-69c2-4639-b68c-6adde78ca28a: shutdown FollowerState
2019-10-20 13:11:00,469 [grpc-default-executor-10] INFO  impl.RaftServerImpl (RaftServerImpl.java:setRole(184)) - 1ac0a8d4-e534-43ce-83b1-426d47a3040d@group-42C3DBE2B33D: changes role from  FOLLOWER to FOLLOWER at term 13 for recognizeCandidate:7660b851-9671-46a6-9e1d-7d946f95d492
2019-10-20 13:11:00,469 [grpc-default-executor-10] INFO  impl.RoleInfo (RoleInfo.java:shutdownFollowerState(121)) - 1ac0a8d4-e534-43ce-83b1-426d47a3040d: shutdown FollowerState
2019-10-20 13:11:00,469 [Thread-24657] INFO  impl.FollowerState (FollowerState.java:run(117)) - fdf19479-69c2-4639-b68c-6adde78ca28a@group-42C3DBE2B33D-FollowerState was interrupted: java.lang.InterruptedException: sleep interrupted
2019-10-20 13:11:00,469 [grpc-default-executor-18] INFO  impl.RoleInfo (RoleInfo.java:updateAndGet(143)) - fdf19479-69c2-4639-b68c-6adde78ca28a: start FollowerState
2019-10-20 13:11:00,470 [Thread-24658] INFO  impl.FollowerState (FollowerState.java:run(117)) - 1ac0a8d4-e534-43ce-83b1-426d47a3040d@group-42C3DBE2B33D-FollowerState was interrupted: java.lang.InterruptedException: sleep interrupted
2019-10-20 13:11:00,470 [grpc-default-executor-10] INFO  impl.RoleInfo (RoleInfo.java:updateAndGet(143)) - 1ac0a8d4-e534-43ce-83b1-426d47a3040d: start FollowerState
2019-10-20 13:11:00,495 [7660b851-9671-46a6-9e1d-7d946f95d492@group-42C3DBE2B33D-LeaderElection3309] INFO  impl.LeaderElection (LeaderElection.java:logAndReturn(56)) - 7660b851-9671-46a6-9e1d-7d946f95d492@group-42C3DBE2B33D-LeaderElection3309: Election REJECTED; received 2 response(s) [7660b851-9671-46a6-9e1d-7d946f95d492<-fdf19479-69c2-4639-b68c-6adde78ca28a#0:FAIL-t13, 7660b851-9671-46a6-9e1d-7d946f95d492<-1ac0a8d4-e534-43ce-83b1-426d47a3040d#0:FAIL-t13] and 0 exception(s); 7660b851-9671-46a6-9e1d-7d946f95d492@group-42C3DBE2B33D:t13, leader=null, voted=7660b851-9671-46a6-9e1d-7d946f95d492, raftlog=7660b851-9671-46a6-9e1d-7d946f95d492@group-42C3DBE2B33D-SegmentedRaftLog:OPENED:c-1,f-1,i0, conf=-1: [fdf19479-69c2-4639-b68c-6adde78ca28a:192.168.157.204:42858, 1ac0a8d4-e534-43ce-83b1-426d47a3040d:192.168.157.204:32953, 7660b851-9671-46a6-9e1d-7d946f95d492:192.168.157.204:41682], old=null
2019-10-20 13:11:00,495 [7660b851-9671-46a6-9e1d-7d946f95d492@group-42C3DBE2B33D-LeaderElection3309] INFO  impl.RaftServerImpl (RaftServerImpl.java:setRole(184)) - 7660b851-9671-46a6-9e1d-7d946f95d492@group-42C3DBE2B33D: changes role from CANDIDATE to FOLLOWER at term 13 for DISCOVERED_A_NEW_TERM
2019-10-20 13:11:00,495 [7660b851-9671-46a6-9e1d-7d946f95d492@group-42C3DBE2B33D-LeaderElection3309] INFO  impl.RoleInfo (RoleInfo.java:shutdownLeaderElection(134)) - 7660b851-9671-46a6-9e1d-7d946f95d492: shutdown LeaderElection
2019-10-20 13:11:00,495 [7660b851-9671-46a6-9e1d-7d946f95d492@group-42C3DBE2B33D-LeaderElection3309] INFO  impl.RoleInfo (RoleInfo.java:updateAndGet(143)) - 7660b851-9671-46a6-9e1d-7d946f95d492: start FollowerState
2019-10-20 13:11:00,546 [Thread-24663] INFO  impl.FollowerState (FollowerState.java:run(108)) - 7660b851-9671-46a6-9e1d-7d946f95d492@group-42C3DBE2B33D-FollowerState: change to CANDIDATE, lastRpcTime:50ms, electionTimeout:50ms
2019-10-20 13:11:00,546 [Thread-24663] INFO  impl.RoleInfo (RoleInfo.java:shutdownFollowerState(121)) - 7660b851-9671-46a6-9e1d-7d946f95d492: shutdown FollowerState
2019-10-20 13:11:00,546 [Thread-24663] INFO  impl.RaftServerImpl (RaftServerImpl.java:setRole(184)) - 7660b851-9671-46a6-9e1d-7d946f95d492@group-42C3DBE2B33D: changes role from  FOLLOWER to CANDIDATE at term 13 for changeToCandidate
2019-10-20 13:11:00,546 [Thread-24663] INFO  impl.RoleInfo (RoleInfo.java:updateAndGet(143)) - 7660b851-9671-46a6-9e1d-7d946f95d492: start LeaderElection
2019-10-20 13:11:00,558 [7660b851-9671-46a6-9e1d-7d946f95d492@group-42C3DBE2B33D-LeaderElection3310] INFO  impl.LeaderElection (LeaderElection.java:askForVotes(178)) - 7660b851-9671-46a6-9e1d-7d946f95d492@group-42C3DBE2B33D-LeaderElection3310: begin an election at term 14 for -1: [fdf19479-69c2-4639-b68c-6adde78ca28a:192.168.157.204:42858, 1ac0a8d4-e534-43ce-83b1-426d47a3040d:192.168.157.204:32953, 7660b851-9671-46a6-9e1d-7d946f95d492:192.168.157.204:41682], old=null
2019-10-20 13:11:00,560 [grpc-default-executor-10] INFO  impl.RaftServerImpl (RaftServerImpl.java:setRole(184)) - fdf19479-69c2-4639-b68c-6adde78ca28a@group-42C3DBE2B33D: changes role from  FOLLOWER to FOLLOWER at term 14 for recognizeCandidate:7660b851-9671-46a6-9e1d-7d946f95d492
2019-10-20 13:11:00,560 [grpc-default-executor-10] INFO  impl.RoleInfo (RoleInfo.java:shutdownFollowerState(121)) - fdf19479-69c2-4639-b68c-6adde78ca28a: shutdown FollowerState
2019-10-20 13:11:00,560 [grpc-default-executor-18] INFO  impl.RaftServerImpl (RaftServerImpl.java:setRole(184)) - 1ac0a8d4-e534-43ce-83b1-426d47a3040d@group-42C3DBE2B33D: changes role from  FOLLOWER to FOLLOWER at term 14 for recognizeCandidate:7660b851-9671-46a6-9e1d-7d946f95d492
2019-10-20 13:11:00,560 [grpc-default-executor-18] INFO  impl.RoleInfo (RoleInfo.java:shutdownFollowerState(121)) - 1ac0a8d4-e534-43ce-83b1-426d47a3040d: shutdown FollowerState
2019-10-20 13:11:00,560 [Thread-24661] INFO  impl.FollowerState (FollowerState.java:run(117)) - fdf19479-69c2-4639-b68c-6adde78ca28a@group-42C3DBE2B33D-FollowerState was interrupted: java.lang.InterruptedException: sleep interrupted
2019-10-20 13:11:00,560 [grpc-default-executor-10] INFO  impl.RoleInfo (RoleInfo.java:updateAndGet(143)) - fdf19479-69c2-4639-b68c-6adde78ca28a: start FollowerState
2019-10-20 13:11:00,560 [Thread-24662] INFO  impl.FollowerState (FollowerState.java:run(117)) - 1ac0a8d4-e534-43ce-83b1-426d47a3040d@group-42C3DBE2B33D-FollowerState was interrupted: java.lang.InterruptedException: sleep interrupted
2019-10-20 13:11:00,560 [grpc-default-executor-18] INFO  impl.RoleInfo (RoleInfo.java:updateAndGet(143)) - 1ac0a8d4-e534-43ce-83b1-426d47a3040d: start FollowerState
2019-10-20 13:11:00,586 [7660b851-9671-46a6-9e1d-7d946f95d492@group-42C3DBE2B33D-LeaderElection3310] INFO  impl.LeaderElection (LeaderElection.java:logAndReturn(56)) - 7660b851-9671-46a6-9e1d-7d946f95d492@group-42C3DBE2B33D-LeaderElection3310: Election REJECTED; received 2 response(s) [7660b851-9671-46a6-9e1d-7d946f95d492<-fdf19479-69c2-4639-b68c-6adde78ca28a#0:FAIL-t14, 7660b851-9671-46a6-9e1d-7d946f95d492<-1ac0a8d4-e534-43ce-83b1-426d47a3040d#0:FAIL-t14] and 0 exception(s); 7660b851-9671-46a6-9e1d-7d946f95d492@group-42C3DBE2B33D:t14, leader=null, voted=7660b851-9671-46a6-9e1d-7d946f95d492, raftlog=7660b851-9671-46a6-9e1d-7d946f95d492@group-42C3DBE2B33D-SegmentedRaftLog:OPENED:c-1,f-1,i0, conf=-1: [fdf19479-69c2-4639-b68c-6adde78ca28a:192.168.157.204:42858, 1ac0a8d4-e534-43ce-83b1-426d47a3040d:192.168.157.204:32953, 7660b851-9671-46a6-9e1d-7d946f95d492:192.168.157.204:41682], old=null
2019-10-20 13:11:00,586 [7660b851-9671-46a6-9e1d-7d946f95d492@group-42C3DBE2B33D-LeaderElection3310] INFO  impl.RaftServerImpl (RaftServerImpl.java:setRole(184)) - 7660b851-9671-46a6-9e1d-7d946f95d492@group-42C3DBE2B33D: changes role from CANDIDATE to FOLLOWER at term 14 for DISCOVERED_A_NEW_TERM
2019-10-20 13:11:00,586 [7660b851-9671-46a6-9e1d-7d946f95d492@group-42C3DBE2B33D-LeaderElection3310] INFO  impl.RoleInfo (RoleInfo.java:shutdownLeaderElection(134)) - 7660b851-9671-46a6-9e1d-7d946f95d492: shutdown LeaderElection
2019-10-20 13:11:00,586 [7660b851-9671-46a6-9e1d-7d946f95d492@group-42C3DBE2B33D-LeaderElection3310] INFO  impl.RoleInfo (RoleInfo.java:updateAndGet(143)) - 7660b851-9671-46a6-9e1d-7d946f95d492: start FollowerState
2019-10-20 13:11:00,727 [Thread-24669] INFO  impl.FollowerState (FollowerState.java:run(108)) - 7660b851-9671-46a6-9e1d-7d946f95d492@group-42C3DBE2B33D-FollowerState: change to CANDIDATE, lastRpcTime:140ms, electionTimeout:140ms
2019-10-20 13:11:00,727 [Thread-24669] INFO  impl.RoleInfo (RoleInfo.java:shutdownFollowerState(121)) - 7660b851-9671-46a6-9e1d-7d946f95d492: shutdown FollowerState
2019-10-20 13:11:00,727 [Thread-24669] INFO  impl.RaftServerImpl (RaftServerImpl.java:setRole(184)) - 7660b851-9671-46a6-9e1d-7d946f95d492@group-42C3DBE2B33D: changes role from  FOLLOWER to CANDIDATE at term 14 for changeToCandidate
2019-10-20 13:11:00,727 [Thread-24669] INFO  impl.RoleInfo (RoleInfo.java:updateAndGet(143)) - 7660b851-9671-46a6-9e1d-7d946f95d492: start LeaderElection
2019-10-20 13:11:00,741 [7660b851-9671-46a6-9e1d-7d946f95d492@group-42C3DBE2B33D-LeaderElection3311] INFO  impl.LeaderElection (LeaderElection.java:askForVotes(178)) - 7660b851-9671-46a6-9e1d-7d946f95d492@group-42C3DBE2B33D-LeaderElection3311: begin an election at term 15 for -1: [fdf19479-69c2-4639-b68c-6adde78ca28a:192.168.157.204:42858, 1ac0a8d4-e534-43ce-83b1-426d47a3040d:192.168.157.204:32953, 7660b851-9671-46a6-9e1d-7d946f95d492:192.168.157.204:41682], old=null
2019-10-20 13:11:00,743 [grpc-default-executor-10] INFO  impl.RaftServerImpl (RaftServerImpl.java:setRole(184)) - fdf19479-69c2-4639-b68c-6adde78ca28a@group-42C3DBE2B33D: changes role from  FOLLOWER to FOLLOWER at term 15 for recognizeCandidate:7660b851-9671-46a6-9e1d-7d946f95d492
2019-10-20 13:11:00,743 [grpc-default-executor-10] INFO  impl.RoleInfo (RoleInfo.java:shutdownFollowerState(121)) - fdf19479-69c2-4639-b68c-6adde78ca28a: shutdown FollowerState
2019-10-20 13:11:00,743 [grpc-default-executor-18] INFO  impl.RaftServerImpl (RaftServerImpl.java:setRole(184)) - 1ac0a8d4-e534-43ce-83b1-426d47a3040d@group-42C3DBE2B33D: changes role from  FOLLOWER to FOLLOWER at term 15 for recognizeCandidate:7660b851-9671-46a6-9e1d-7d946f95d492
2019-10-20 13:11:00,743 [grpc-default-executor-18] INFO  impl.RoleInfo (RoleInfo.java:shutdownFollowerState(121)) - 1ac0a8d4-e534-43ce-83b1-426d47a3040d: shutdown FollowerState
2019-10-20 13:11:00,743 [Thread-24667] INFO  impl.FollowerState (FollowerState.java:run(117)) - fdf19479-69c2-4639-b68c-6adde78ca28a@group-42C3DBE2B33D-FollowerState was interrupted: java.lang.InterruptedException: sleep interrupted
2019-10-20 13:11:00,743 [grpc-default-executor-10] INFO  impl.RoleInfo (RoleInfo.java:updateAndGet(143)) - fdf19479-69c2-4639-b68c-6adde78ca28a: start FollowerState
2019-10-20 13:11:00,743 [Thread-24668] INFO  impl.FollowerState (FollowerState.java:run(117)) - 1ac0a8d4-e534-43ce-83b1-426d47a3040d@group-42C3DBE2B33D-FollowerState was interrupted: java.lang.InterruptedException: sleep interrupted
2019-10-20 13:11:00,743 [grpc-default-executor-18] INFO  impl.RoleInfo (RoleInfo.java:updateAndGet(143)) - 1ac0a8d4-e534-43ce-83b1-426d47a3040d: start FollowerState
2019-10-20 13:11:00,769 [7660b851-9671-46a6-9e1d-7d946f95d492@group-42C3DBE2B33D-LeaderElection3311] INFO  impl.LeaderElection (LeaderElection.java:logAndReturn(56)) - 7660b851-9671-46a6-9e1d-7d946f95d492@group-42C3DBE2B33D-LeaderElection3311: Election REJECTED; received 2 response(s) [7660b851-9671-46a6-9e1d-7d946f95d492<-fdf19479-69c2-4639-b68c-6adde78ca28a#0:FAIL-t15, 7660b851-9671-46a6-9e1d-7d946f95d492<-1ac0a8d4-e534-43ce-83b1-426d47a3040d#0:FAIL-t15] and 0 exception(s); 7660b851-9671-46a6-9e1d-7d946f95d492@group-42C3DBE2B33D:t15, leader=null, voted=7660b851-9671-46a6-9e1d-7d946f95d492, raftlog=7660b851-9671-46a6-9e1d-7d946f95d492@group-42C3DBE2B33D-SegmentedRaftLog:OPENED:c-1,f-1,i0, conf=-1: [fdf19479-69c2-4639-b68c-6adde78ca28a:192.168.157.204:42858, 1ac0a8d4-e534-43ce-83b1-426d47a3040d:192.168.157.204:32953, 7660b851-9671-46a6-9e1d-7d946f95d492:192.168.157.204:41682], old=null
2019-10-20 13:11:00,769 [7660b851-9671-46a6-9e1d-7d946f95d492@group-42C3DBE2B33D-LeaderElection3311] INFO  impl.RaftServerImpl (RaftServerImpl.java:setRole(184)) - 7660b851-9671-46a6-9e1d-7d946f95d492@group-42C3DBE2B33D: changes role from CANDIDATE to FOLLOWER at term 15 for DISCOVERED_A_NEW_TERM
2019-10-20 13:11:00,769 [7660b851-9671-46a6-9e1d-7d946f95d492@group-42C3DBE2B33D-LeaderElection3311] INFO  impl.RoleInfo (RoleInfo.java:shutdownLeaderElection(134)) - 7660b851-9671-46a6-9e1d-7d946f95d492: shutdown LeaderElection
2019-10-20 13:11:00,769 [7660b851-9671-46a6-9e1d-7d946f95d492@group-42C3DBE2B33D-LeaderElection3311] INFO  impl.RoleInfo (RoleInfo.java:updateAndGet(143)) - 7660b851-9671-46a6-9e1d-7d946f95d492: start FollowerState
2019-10-20 13:11:00,877 [Thread-24675] INFO  impl.FollowerState (FollowerState.java:run(108)) - 7660b851-9671-46a6-9e1d-7d946f95d492@group-42C3DBE2B33D-FollowerState: change to CANDIDATE, lastRpcTime:108ms, electionTimeout:108ms
2019-10-20 13:11:00,878 [Thread-24675] INFO  impl.RoleInfo (RoleInfo.java:shutdownFollowerState(121)) - 7660b851-9671-46a6-9e1d-7d946f95d492: shutdown FollowerState
2019-10-20 13:11:00,878 [Thread-24675] INFO  impl.RaftServerImpl (RaftServerImpl.java:setRole(184)) - 7660b851-9671-46a6-9e1d-7d946f95d492@group-42C3DBE2B33D: changes role from  FOLLOWER to CANDIDATE at term 15 for changeToCandidate
2019-10-20 13:11:00,878 [Thread-24675] INFO  impl.RoleInfo (RoleInfo.java:updateAndGet(143)) - 7660b851-9671-46a6-9e1d-7d946f95d492: start LeaderElection
2019-10-20 13:11:00,891 [7660b851-9671-46a6-9e1d-7d946f95d492@group-42C3DBE2B33D-LeaderElection3312] INFO  impl.LeaderElection (LeaderElection.java:askForVotes(178)) - 7660b851-9671-46a6-9e1d-7d946f95d492@group-42C3DBE2B33D-LeaderElection3312: begin an election at term 16 for -1: [fdf19479-69c2-4639-b68c-6adde78ca28a:192.168.157.204:42858, 1ac0a8d4-e534-43ce-83b1-426d47a3040d:192.168.157.204:32953, 7660b851-9671-46a6-9e1d-7d946f95d492:192.168.157.204:41682], old=null
2019-10-20 13:11:00,892 [grpc-default-executor-10] INFO  impl.RaftServerImpl (RaftServerImpl.java:setRole(184)) - fdf19479-69c2-4639-b68c-6adde78ca28a@group-42C3DBE2B33D: changes role from  FOLLOWER to FOLLOWER at term 16 for recognizeCandidate:7660b851-9671-46a6-9e1d-7d946f95d492
2019-10-20 13:11:00,892 [grpc-default-executor-10] INFO  impl.RoleInfo (RoleInfo.java:shutdownFollowerState(121)) - fdf19479-69c2-4639-b68c-6adde78ca28a: shutdown FollowerState
2019-10-20 13:11:00,892 [grpc-default-executor-18] INFO  impl.RaftServerImpl (RaftServerImpl.java:setRole(184)) - 1ac0a8d4-e534-43ce-83b1-426d47a3040d@group-42C3DBE2B33D: changes role from  FOLLOWER to FOLLOWER at term 16 for recognizeCandidate:7660b851-9671-46a6-9e1d-7d946f95d492
2019-10-20 13:11:00,892 [grpc-default-executor-18] INFO  impl.RoleInfo (RoleInfo.java:shutdownFollowerState(121)) - 1ac0a8d4-e534-43ce-83b1-426d47a3040d: shutdown FollowerState
2019-10-20 13:11:00,892 [Thread-24673] INFO  impl.FollowerState (FollowerState.java:run(117)) - fdf19479-69c2-4639-b68c-6adde78ca28a@group-42C3DBE2B33D-FollowerState was interrupted: java.lang.InterruptedException: sleep interrupted
2019-10-20 13:11:00,893 [Thread-24674] INFO  impl.FollowerState (FollowerState.java:run(117)) - 1ac0a8d4-e534-43ce-83b1-426d47a3040d@group-42C3DBE2B33D-FollowerState was interrupted: java.lang.InterruptedException: sleep interrupted
2019-10-20 13:11:00,892 [grpc-default-executor-10] INFO  impl.RoleInfo (RoleInfo.java:updateAndGet(143)) - fdf19479-69c2-4639-b68c-6adde78ca28a: start FollowerState
2019-10-20 13:11:00,893 [grpc-default-executor-18] INFO  impl.RoleInfo (RoleInfo.java:updateAndGet(143)) - 1ac0a8d4-e534-43ce-83b1-426d47a3040d: start FollowerState
2019-10-20 13:11:00,920 [7660b851-9671-46a6-9e1d-7d946f95d492@group-42C3DBE2B33D-LeaderElection3312] INFO  impl.LeaderElection (LeaderElection.java:logAndReturn(56)) - 7660b851-9671-46a6-9e1d-7d946f95d492@group-42C3DBE2B33D-LeaderElection3312: Election REJECTED; received 2 response(s) [7660b851-9671-46a6-9e1d-7d946f95d492<-fdf19479-69c2-4639-b68c-6adde78ca28a#0:FAIL-t16, 7660b851-9671-46a6-9e1d-7d946f95d492<-1ac0a8d4-e534-43ce-83b1-426d47a3040d#0:FAIL-t16] and 0 exception(s); 7660b851-9671-46a6-9e1d-7d946f95d492@group-42C3DBE2B33D:t16, leader=null, voted=7660b851-9671-46a6-9e1d-7d946f95d492, raftlog=7660b851-9671-46a6-9e1d-7d946f95d492@group-42C3DBE2B33D-SegmentedRaftLog:OPENED:c-1,f-1,i0, conf=-1: [fdf19479-69c2-4639-b68c-6adde78ca28a:192.168.157.204:42858, 1ac0a8d4-e534-43ce-83b1-426d47a3040d:192.168.157.204:32953, 7660b851-9671-46a6-9e1d-7d946f95d492:192.168.157.204:41682], old=null
2019-10-20 13:11:00,920 [7660b851-9671-46a6-9e1d-7d946f95d492@group-42C3DBE2B33D-LeaderElection3312] INFO  impl.RaftServerImpl (RaftServerImpl.java:setRole(184)) - 7660b851-9671-46a6-9e1d-7d946f95d492@group-42C3DBE2B33D: changes role from CANDIDATE to FOLLOWER at term 16 for DISCOVERED_A_NEW_TERM
2019-10-20 13:11:00,920 [7660b851-9671-46a6-9e1d-7d946f95d492@group-42C3DBE2B33D-LeaderElection3312] INFO  impl.RoleInfo (RoleInfo.java:shutdownLeaderElection(134)) - 7660b851-9671-46a6-9e1d-7d946f95d492: shutdown LeaderElection
2019-10-20 13:11:00,920 [7660b851-9671-46a6-9e1d-7d946f95d492@group-42C3DBE2B33D-LeaderElection3312] INFO  impl.RoleInfo (RoleInfo.java:updateAndGet(143)) - 7660b851-9671-46a6-9e1d-7d946f95d492: start FollowerState
2019-10-20 13:11:00,947 [Thread-24685] INFO  impl.FollowerState (FollowerState.java:run(108)) - 7660b851-9671-46a6-9e1d-7d946f95d492@group-42C3DBE2B33D-FollowerState: change to CANDIDATE, lastRpcTime:26ms, electionTimeout:26ms
2019-10-20 13:11:00,947 [Thread-24685] INFO  impl.RoleInfo (RoleInfo.java:shutdownFollowerState(121)) - 7660b851-9671-46a6-9e1d-7d946f95d492: shutdown FollowerState
2019-10-20 13:11:00,947 [Thread-24685] INFO  impl.RaftServerImpl (RaftServerImpl.java:setRole(184)) - 7660b851-9671-46a6-9e1d-7d946f95d492@group-42C3DBE2B33D: changes role from  FOLLOWER to CANDIDATE at term 16 for changeToCandidate
2019-10-20 13:11:00,947 [Thread-24685] INFO  impl.RoleInfo (RoleInfo.java:updateAndGet(143)) - 7660b851-9671-46a6-9e1d-7d946f95d492: start LeaderElection
2019-10-20 13:11:00,960 [7660b851-9671-46a6-9e1d-7d946f95d492@group-42C3DBE2B33D-LeaderElection3313] INFO  impl.LeaderElection (LeaderElection.java:askForVotes(178)) - 7660b851-9671-46a6-9e1d-7d946f95d492@group-42C3DBE2B33D-LeaderElection3313: begin an election at term 17 for -1: [fdf19479-69c2-4639-b68c-6adde78ca28a:192.168.157.204:42858, 1ac0a8d4-e534-43ce-83b1-426d47a3040d:192.168.157.204:32953, 7660b851-9671-46a6-9e1d-7d946f95d492:192.168.157.204:41682], old=null
2019-10-20 13:11:00,962 [grpc-default-executor-10] INFO  impl.RaftServerImpl (RaftServerImpl.java:setRole(184)) - fdf19479-69c2-4639-b68c-6adde78ca28a@group-42C3DBE2B33D: changes role from  FOLLOWER to FOLLOWER at term 17 for recognizeCandidate:7660b851-9671-46a6-9e1d-7d946f95d492
2019-10-20 13:11:00,962 [grpc-default-executor-10] INFO  impl.RoleInfo (RoleInfo.java:shutdownFollowerState(121)) - fdf19479-69c2-4639-b68c-6adde78ca28a: shutdown FollowerState
2019-10-20 13:11:00,962 [grpc-default-executor-18] INFO  impl.RaftServerImpl (RaftServerImpl.java:setRole(184)) - 1ac0a8d4-e534-43ce-83b1-426d47a3040d@group-42C3DBE2B33D: changes role from  FOLLOWER to FOLLOWER at term 17 for recognizeCandidate:7660b851-9671-46a6-9e1d-7d946f95d492
2019-10-20 13:11:00,962 [grpc-default-executor-18] INFO  impl.RoleInfo (RoleInfo.java:shutdownFollowerState(121)) - 1ac0a8d4-e534-43ce-83b1-426d47a3040d: shutdown FollowerState
2019-10-20 13:11:00,962 [Thread-24683] INFO  impl.FollowerState (FollowerState.java:run(117)) - fdf19479-69c2-4639-b68c-6adde78ca28a@group-42C3DBE2B33D-FollowerState was interrupted: java.lang.InterruptedException: sleep interrupted
2019-10-20 13:11:00,962 [grpc-default-executor-10] INFO  impl.RoleInfo (RoleInfo.java:updateAndGet(143)) - fdf19479-69c2-4639-b68c-6adde78ca28a: start FollowerState
2019-10-20 13:11:00,962 [Thread-24684] INFO  impl.FollowerState (FollowerState.java:run(117)) - 1ac0a8d4-e534-43ce-83b1-426d47a3040d@group-42C3DBE2B33D-FollowerState was interrupted: java.lang.InterruptedException: sleep interrupted
2019-10-20 13:11:00,962 [grpc-default-executor-18] INFO  impl.RoleInfo (RoleInfo.java:updateAndGet(143)) - 1ac0a8d4-e534-43ce-83b1-426d47a3040d: start FollowerState
2019-10-20 13:11:00,976 [7660b851-9671-46a6-9e1d-7d946f95d492@group-42C3DBE2B33D-LeaderElection3313] INFO  impl.LeaderElection (LeaderElection.java:logAndReturn(56)) - 7660b851-9671-46a6-9e1d-7d946f95d492@group-42C3DBE2B33D-LeaderElection3313: Election REJECTED; received 2 response(s) [7660b851-9671-46a6-9e1d-7d946f95d492<-fdf19479-69c2-4639-b68c-6adde78ca28a#0:FAIL-t17, 7660b851-9671-46a6-9e1d-7d946f95d492<-1ac0a8d4-e534-43ce-83b1-426d47a3040d#0:FAIL-t17] and 0 exception(s); 7660b851-9671-46a6-9e1d-7d946f95d492@group-42C3DBE2B33D:t17, leader=null, voted=7660b851-9671-46a6-9e1d-7d946f95d492, raftlog=7660b851-9671-46a6-9e1d-7d946f95d492@group-42C3DBE2B33D-SegmentedRaftLog:OPENED:c-1,f-1,i0, conf=-1: [fdf19479-69c2-4639-b68c-6adde78ca28a:192.168.157.204:42858, 1ac0a8d4-e534-43ce-83b1-426d47a3040d:192.168.157.204:32953, 7660b851-9671-46a6-9e1d-7d946f95d492:192.168.157.204:41682], old=null
2019-10-20 13:11:00,976 [7660b851-9671-46a6-9e1d-7d946f95d492@group-42C3DBE2B33D-LeaderElection3313] INFO  impl.RaftServerImpl (RaftServerImpl.java:setRole(184)) - 7660b851-9671-46a6-9e1d-7d946f95d492@group-42C3DBE2B33D: changes role from CANDIDATE to FOLLOWER at term 17 for DISCOVERED_A_NEW_TERM
2019-10-20 13:11:00,976 [7660b851-9671-46a6-9e1d-7d946f95d492@group-42C3DBE2B33D-LeaderElection3313] INFO  impl.RoleInfo (RoleInfo.java:shutdownLeaderElection(134)) - 7660b851-9671-46a6-9e1d-7d946f95d492: shutdown LeaderElection
2019-10-20 13:11:00,976 [7660b851-9671-46a6-9e1d-7d946f95d492@group-42C3DBE2B33D-LeaderElection3313] INFO  impl.RoleInfo (RoleInfo.java:updateAndGet(143)) - 7660b851-9671-46a6-9e1d-7d946f95d492: start FollowerState
2019-10-20 13:11:01,145 [Thread-24691] INFO  impl.FollowerState (FollowerState.java:run(108)) - 7660b851-9671-46a6-9e1d-7d946f95d492@group-42C3DBE2B33D-FollowerState: change to CANDIDATE, lastRpcTime:168ms, electionTimeout:168ms
2019-10-20 13:11:01,145 [Thread-24691] INFO  impl.RoleInfo (RoleInfo.java:shutdownFollowerState(121)) - 7660b851-9671-46a6-9e1d-7d946f95d492: shutdown FollowerState
2019-10-20 13:11:01,145 [Thread-24691] INFO  impl.RaftServerImpl (RaftServerImpl.java:setRole(184)) - 7660b851-9671-46a6-9e1d-7d946f95d492@group-42C3DBE2B33D: changes role from  FOLLOWER to CANDIDATE at term 17 for changeToCandidate
2019-10-20 13:11:01,145 [Thread-24691] INFO  impl.RoleInfo (RoleInfo.java:updateAndGet(143)) - 7660b851-9671-46a6-9e1d-7d946f95d492: start LeaderElection
2019-10-20 13:11:01,159 [7660b851-9671-46a6-9e1d-7d946f95d492@group-42C3DBE2B33D-LeaderElection3314] INFO  impl.LeaderElection (LeaderElection.java:askForVotes(178)) - 7660b851-9671-46a6-9e1d-7d946f95d492@group-42C3DBE2B33D-LeaderElection3314: begin an election at term 18 for -1: [fdf19479-69c2-4639-b68c-6adde78ca28a:192.168.157.204:42858, 1ac0a8d4-e534-43ce-83b1-426d47a3040d:192.168.157.204:32953, 7660b851-9671-46a6-9e1d-7d946f95d492:192.168.157.204:41682], old=null
2019-10-20 13:11:01,160 [grpc-default-executor-18] INFO  impl.RaftServerImpl (RaftServerImpl.java:setRole(184)) - fdf19479-69c2-4639-b68c-6adde78ca28a@group-42C3DBE2B33D: changes role from  FOLLOWER to FOLLOWER at term 18 for recognizeCandidate:7660b851-9671-46a6-9e1d-7d946f95d492
2019-10-20 13:11:01,160 [grpc-default-executor-10] INFO  impl.RaftServerImpl (RaftServerImpl.java:setRole(184)) - 1ac0a8d4-e534-43ce-83b1-426d47a3040d@group-42C3DBE2B33D: changes role from  FOLLOWER to FOLLOWER at term 18 for recognizeCandidate:7660b851-9671-46a6-9e1d-7d946f95d492
2019-10-20 13:11:01,161 [grpc-default-executor-10] INFO  impl.RoleInfo (RoleInfo.java:shutdownFollowerState(121)) - 1ac0a8d4-e534-43ce-83b1-426d47a3040d: shutdown FollowerState
2019-10-20 13:11:01,161 [grpc-default-executor-18] INFO  impl.RoleInfo (RoleInfo.java:shutdownFollowerState(121)) - fdf19479-69c2-4639-b68c-6adde78ca28a: shutdown FollowerState
2019-10-20 13:11:01,161 [grpc-default-executor-18] INFO  impl.RoleInfo (RoleInfo.java:updateAndGet(143)) - fdf19479-69c2-4639-b68c-6adde78ca28a: start FollowerState
2019-10-20 13:11:01,161 [Thread-24690] INFO  impl.FollowerState (FollowerState.java:run(117)) - 1ac0a8d4-e534-43ce-83b1-426d47a3040d@group-42C3DBE2B33D-FollowerState was interrupted: java.lang.InterruptedException: sleep interrupted
2019-10-20 13:11:01,161 [grpc-default-executor-10] INFO  impl.RoleInfo (RoleInfo.java:updateAndGet(143)) - 1ac0a8d4-e534-43ce-83b1-426d47a3040d: start FollowerState
2019-10-20 13:11:01,161 [Thread-24689] INFO  impl.FollowerState (FollowerState.java:run(117)) - fdf19479-69c2-4639-b68c-6adde78ca28a@group-42C3DBE2B33D-FollowerState was interrupted: java.lang.InterruptedException: sleep interrupted
2019-10-20 13:11:01,181 [7660b851-9671-46a6-9e1d-7d946f95d492@group-42C3DBE2B33D-LeaderElection3314] INFO  impl.LeaderElection (LeaderElection.java:logAndReturn(56)) - 7660b851-9671-46a6-9e1d-7d946f95d492@group-42C3DBE2B33D-LeaderElection3314: Election REJECTED; received 2 response(s) [7660b851-9671-46a6-9e1d-7d946f95d492<-fdf19479-69c2-4639-b68c-6adde78ca28a#0:FAIL-t18, 7660b851-9671-46a6-9e1d-7d946f95d492<-1ac0a8d4-e534-43ce-83b1-426d47a3040d#0:FAIL-t18] and 0 exception(s); 7660b851-9671-46a6-9e1d-7d946f95d492@group-42C3DBE2B33D:t18, leader=null, voted=7660b851-9671-46a6-9e1d-7d946f95d492, raftlog=7660b851-9671-46a6-9e1d-7d946f95d492@group-42C3DBE2B33D-SegmentedRaftLog:OPENED:c-1,f-1,i0, conf=-1: [fdf19479-69c2-4639-b68c-6adde78ca28a:192.168.157.204:42858, 1ac0a8d4-e534-43ce-83b1-426d47a3040d:192.168.157.204:32953, 7660b851-9671-46a6-9e1d-7d946f95d492:192.168.157.204:41682], old=null
2019-10-20 13:11:01,181 [7660b851-9671-46a6-9e1d-7d946f95d492@group-42C3DBE2B33D-LeaderElection3314] INFO  impl.RaftServerImpl (RaftServerImpl.java:setRole(184)) - 7660b851-9671-46a6-9e1d-7d946f95d492@group-42C3DBE2B33D: changes role from CANDIDATE to FOLLOWER at term 18 for DISCOVERED_A_NEW_TERM
2019-10-20 13:11:01,182 [7660b851-9671-46a6-9e1d-7d946f95d492@group-42C3DBE2B33D-LeaderElection3314] INFO  impl.RoleInfo (RoleInfo.java:shutdownLeaderElection(134)) - 7660b851-9671-46a6-9e1d-7d946f95d492: shutdown LeaderElection
2019-10-20 13:11:01,182 [7660b851-9671-46a6-9e1d-7d946f95d492@group-42C3DBE2B33D-LeaderElection3314] INFO  impl.RoleInfo (RoleInfo.java:updateAndGet(143)) - 7660b851-9671-46a6-9e1d-7d946f95d492: start FollowerState
2019-10-20 13:11:01,256 [Thread-24699] INFO  impl.FollowerState (FollowerState.java:run(108)) - 7660b851-9671-46a6-9e1d-7d946f95d492@group-42C3DBE2B33D-FollowerState: change to CANDIDATE, lastRpcTime:74ms, electionTimeout:74ms
2019-10-20 13:11:01,256 [Thread-24699] INFO  impl.RoleInfo (RoleInfo.java:shutdownFollowerState(121)) - 7660b851-9671-46a6-9e1d-7d946f95d492: shutdown FollowerState
2019-10-20 13:11:01,256 [Thread-24699] INFO  impl.RaftServerImpl (RaftServerImpl.java:setRole(184)) - 7660b851-9671-46a6-9e1d-7d946f95d492@group-42C3DBE2B33D: changes role from  FOLLOWER to CANDIDATE at term 18 for changeToCandidate
2019-10-20 13:11:01,256 [Thread-24699] INFO  impl.RoleInfo (RoleInfo.java:updateAndGet(143)) - 7660b851-9671-46a6-9e1d-7d946f95d492: start LeaderElection
2019-10-20 13:11:01,270 [7660b851-9671-46a6-9e1d-7d946f95d492@group-42C3DBE2B33D-LeaderElection3315] INFO  impl.LeaderElection (LeaderElection.java:askForVotes(178)) - 7660b851-9671-46a6-9e1d-7d946f95d492@group-42C3DBE2B33D-LeaderElection3315: begin an election at term 19 for -1: [fdf19479-69c2-4639-b68c-6adde78ca28a:192.168.157.204:42858, 1ac0a8d4-e534-43ce-83b1-426d47a3040d:192.168.157.204:32953, 7660b851-9671-46a6-9e1d-7d946f95d492:192.168.157.204:41682], old=null
2019-10-20 13:11:01,271 [grpc-default-executor-10] INFO  impl.RaftServerImpl (RaftServerImpl.java:setRole(184)) - fdf19479-69c2-4639-b68c-6adde78ca28a@group-42C3DBE2B33D: changes role from  FOLLOWER to FOLLOWER at term 19 for recognizeCandidate:7660b851-9671-46a6-9e1d-7d946f95d492
2019-10-20 13:11:01,271 [grpc-default-executor-18] INFO  impl.RaftServerImpl (RaftServerImpl.java:setRole(184)) - 1ac0a8d4-e534-43ce-83b1-426d47a3040d@group-42C3DBE2B33D: changes role from  FOLLOWER to FOLLOWER at term 19 for recognizeCandidate:7660b851-9671-46a6-9e1d-7d946f95d492
2019-10-20 13:11:01,271 [grpc-default-executor-10] INFO  impl.RoleInfo (RoleInfo.java:shutdownFollowerState(121)) - fdf19479-69c2-4639-b68c-6adde78ca28a: shutdown FollowerState
2019-10-20 13:11:01,271 [grpc-default-executor-18] INFO  impl.RoleInfo (RoleInfo.java:shutdownFollowerState(121)) - 1ac0a8d4-e534-43ce-83b1-426d47a3040d: shutdown FollowerState
2019-10-20 13:11:01,271 [grpc-default-executor-10] INFO  impl.RoleInfo (RoleInfo.java:updateAndGet(143)) - fdf19479-69c2-4639-b68c-6adde78ca28a: start FollowerState
2019-10-20 13:11:01,271 [Thread-24698] INFO  impl.FollowerState (FollowerState.java:run(117)) - fdf19479-69c2-4639-b68c-6adde78ca28a@group-42C3DBE2B33D-FollowerState was interrupted: java.lang.InterruptedException: sleep interrupted
2019-10-20 13:11:01,272 [Thread-24697] INFO  impl.FollowerState (FollowerState.java:run(117)) - 1ac0a8d4-e534-43ce-83b1-426d47a3040d@group-42C3DBE2B33D-FollowerState was interrupted: java.lang.InterruptedException: sleep interrupted
2019-10-20 13:11:01,272 [grpc-default-executor-18] INFO  impl.RoleInfo (RoleInfo.java:updateAndGet(143)) - 1ac0a8d4-e534-43ce-83b1-426d47a3040d: start FollowerState
2019-10-20 13:11:01,286 [7660b851-9671-46a6-9e1d-7d946f95d492@group-42C3DBE2B33D-LeaderElection3315] INFO  impl.LeaderElection (LeaderElection.java:logAndReturn(56)) - 7660b851-9671-46a6-9e1d-7d946f95d492@group-42C3DBE2B33D-LeaderElection3315: Election REJECTED; received 2 response(s) [7660b851-9671-46a6-9e1d-7d946f95d492<-fdf19479-69c2-4639-b68c-6adde78ca28a#0:FAIL-t19, 7660b851-9671-46a6-9e1d-7d946f95d492<-1ac0a8d4-e534-43ce-83b1-426d47a3040d#0:FAIL-t19] and 0 exception(s); 7660b851-9671-46a6-9e1d-7d946f95d492@group-42C3DBE2B33D:t19, leader=null, voted=7660b851-9671-46a6-9e1d-7d946f95d492, raftlog=7660b851-9671-46a6-9e1d-7d946f95d492@group-42C3DBE2B33D-SegmentedRaftLog:OPENED:c-1,f-1,i0, conf=-1: [fdf19479-69c2-4639-b68c-6adde78ca28a:192.168.157.204:42858, 1ac0a8d4-e534-43ce-83b1-426d47a3040d:192.168.157.204:32953, 7660b851-9671-46a6-9e1d-7d946f95d492:192.168.157.204:41682], old=null
2019-10-20 13:11:01,287 [7660b851-9671-46a6-9e1d-7d946f95d492@group-42C3DBE2B33D-LeaderElection3315] INFO  impl.RaftServerImpl (RaftServerImpl.java:setRole(184)) - 7660b851-9671-46a6-9e1d-7d946f95d492@group-42C3DBE2B33D: changes role from CANDIDATE to FOLLOWER at term 19 for DISCOVERED_A_NEW_TERM
2019-10-20 13:11:01,287 [7660b851-9671-46a6-9e1d-7d946f95d492@group-42C3DBE2B33D-LeaderElection3315] INFO  impl.RoleInfo (RoleInfo.java:shutdownLeaderElection(134)) - 7660b851-9671-46a6-9e1d-7d946f95d492: shutdown LeaderElection
2019-10-20 13:11:01,287 [7660b851-9671-46a6-9e1d-7d946f95d492@group-42C3DBE2B33D-LeaderElection3315] INFO  impl.RoleInfo (RoleInfo.java:updateAndGet(143)) - 7660b851-9671-46a6-9e1d-7d946f95d492: start FollowerState
2019-10-20 13:11:01,395 [Thread-24705] INFO  impl.FollowerState (FollowerState.java:run(108)) - 7660b851-9671-46a6-9e1d-7d946f95d492@group-42C3DBE2B33D-FollowerState: change to CANDIDATE, lastRpcTime:108ms, electionTimeout:108ms
2019-10-20 13:11:01,395 [Thread-24705] INFO  impl.RoleInfo (RoleInfo.java:shutdownFollowerState(121)) - 7660b851-9671-46a6-9e1d-7d946f95d492: shutdown FollowerState
2019-10-20 13:11:01,395 [Thread-24705] INFO  impl.RaftServerImpl (RaftServerImpl.java:setRole(184)) - 7660b851-9671-46a6-9e1d-7d946f95d492@group-42C3DBE2B33D: changes role from  FOLLOWER to CANDIDATE at term 19 for changeToCandidate
2019-10-20 13:11:01,396 [Thread-24705] INFO  impl.RoleInfo (RoleInfo.java:updateAndGet(143)) - 7660b851-9671-46a6-9e1d-7d946f95d492: start LeaderElection
2019-10-20 13:11:01,410 [7660b851-9671-46a6-9e1d-7d946f95d492@group-42C3DBE2B33D-LeaderElection3316] INFO  impl.LeaderElection (LeaderElection.java:askForVotes(178)) - 7660b851-9671-46a6-9e1d-7d946f95d492@group-42C3DBE2B33D-LeaderElection3316: begin an election at term 20 for -1: [fdf19479-69c2-4639-b68c-6adde78ca28a:192.168.157.204:42858, 1ac0a8d4-e534-43ce-83b1-426d47a3040d:192.168.157.204:32953, 7660b851-9671-46a6-9e1d-7d946f95d492:192.168.157.204:41682], old=null
2019-10-20 13:11:01,411 [grpc-default-executor-18] INFO  impl.RaftServerImpl (RaftServerImpl.java:setRole(184)) - fdf19479-69c2-4639-b68c-6adde78ca28a@group-42C3DBE2B33D: changes role from  FOLLOWER to FOLLOWER at term 20 for recognizeCandidate:7660b851-9671-46a6-9e1d-7d946f95d492
2019-10-20 13:11:01,411 [grpc-default-executor-18] INFO  impl.RoleInfo (RoleInfo.java:shutdownFollowerState(121)) - fdf19479-69c2-4639-b68c-6adde78ca28a: shutdown FollowerState
2019-10-20 13:11:01,411 [grpc-default-executor-10] INFO  impl.RaftServerImpl (RaftServerImpl.java:setRole(184)) - 1ac0a8d4-e534-43ce-83b1-426d47a3040d@group-42C3DBE2B33D: changes role from  FOLLOWER to FOLLOWER at term 20 for recognizeCandidate:7660b851-9671-46a6-9e1d-7d946f95d492
2019-10-20 13:11:01,411 [grpc-default-executor-10] INFO  impl.RoleInfo (RoleInfo.java:shutdownFollowerState(121)) - 1ac0a8d4-e534-43ce-83b1-426d47a3040d: shutdown FollowerState
2019-10-20 13:11:01,411 [Thread-24703] INFO  impl.FollowerState (FollowerState.java:run(117)) - fdf19479-69c2-4639-b68c-6adde78ca28a@group-42C3DBE2B33D-FollowerState was interrupted: java.lang.InterruptedException: sleep interrupted
2019-10-20 13:11:01,411 [grpc-default-executor-18] INFO  impl.RoleInfo (RoleInfo.java:updateAndGet(143)) - fdf19479-69c2-4639-b68c-6adde78ca28a: start FollowerState
2019-10-20 13:11:01,411 [Thread-24704] INFO  impl.FollowerState (FollowerState.java:run(117)) - 1ac0a8d4-e534-43ce-83b1-426d47a3040d@group-42C3DBE2B33D-FollowerState was interrupted: java.lang.InterruptedException: sleep interrupted
2019-10-20 13:11:01,411 [grpc-default-executor-10] INFO  impl.RoleInfo (RoleInfo.java:updateAndGet(143)) - 1ac0a8d4-e534-43ce-83b1-426d47a3040d: start FollowerState
2019-10-20 13:11:01,431 [7660b851-9671-46a6-9e1d-7d946f95d492@group-42C3DBE2B33D-LeaderElection3316] INFO  impl.LeaderElection (LeaderElection.java:logAndReturn(56)) - 7660b851-9671-46a6-9e1d-7d946f95d492@group-42C3DBE2B33D-LeaderElection3316: Election REJECTED; received 2 response(s) [7660b851-9671-46a6-9e1d-7d946f95d492<-fdf19479-69c2-4639-b68c-6adde78ca28a#0:FAIL-t20, 7660b851-9671-46a6-9e1d-7d946f95d492<-1ac0a8d4-e534-43ce-83b1-426d47a3040d#0:FAIL-t20] and 0 exception(s); 7660b851-9671-46a6-9e1d-7d946f95d492@group-42C3DBE2B33D:t20, leader=null, voted=7660b851-9671-46a6-9e1d-7d946f95d492, raftlog=7660b851-9671-46a6-9e1d-7d946f95d492@group-42C3DBE2B33D-SegmentedRaftLog:OPENED:c-1,f-1,i0, conf=-1: [fdf19479-69c2-4639-b68c-6adde78ca28a:192.168.157.204:42858, 1ac0a8d4-e534-43ce-83b1-426d47a3040d:192.168.157.204:32953, 7660b851-9671-46a6-9e1d-7d946f95d492:192.168.157.204:41682], old=null
2019-10-20 13:11:01,432 [7660b851-9671-46a6-9e1d-7d946f95d492@group-42C3DBE2B33D-LeaderElection3316] INFO  impl.RaftServerImpl (RaftServerImpl.java:setRole(184)) - 7660b851-9671-46a6-9e1d-7d946f95d492@group-42C3DBE2B33D: changes role from CANDIDATE to FOLLOWER at term 20 for DISCOVERED_A_NEW_TERM
2019-10-20 13:11:01,432 [7660b851-9671-46a6-9e1d-7d946f95d492@group-42C3DBE2B33D-LeaderElection3316] INFO  impl.RoleInfo (RoleInfo.java:shutdownLeaderElection(134)) - 7660b851-9671-46a6-9e1d-7d946f95d492: shutdown LeaderElection
2019-10-20 13:11:01,432 [7660b851-9671-46a6-9e1d-7d946f95d492@group-42C3DBE2B33D-LeaderElection3316] INFO  impl.RoleInfo (RoleInfo.java:updateAndGet(143)) - 7660b851-9671-46a6-9e1d-7d946f95d492: start FollowerState
2019-10-20 13:11:01,462 [Thread-24715] INFO  impl.FollowerState (FollowerState.java:run(108)) - 7660b851-9671-46a6-9e1d-7d946f95d492@group-42C3DBE2B33D-FollowerState: change to CANDIDATE, lastRpcTime:30ms, electionTimeout:30ms
2019-10-20 13:11:01,462 [Thread-24715] INFO  impl.RoleInfo (RoleInfo.java:shutdownFollowerState(121)) - 7660b851-9671-46a6-9e1d-7d946f95d492: shutdown FollowerState
2019-10-20 13:11:01,462 [Thread-24715] INFO  impl.RaftServerImpl (RaftServerImpl.java:setRole(184)) - 7660b851-9671-46a6-9e1d-7d946f95d492@group-42C3DBE2B33D: changes role from  FOLLOWER to CANDIDATE at term 20 for changeToCandidate
2019-10-20 13:11:01,462 [Thread-24715] INFO  impl.RoleInfo (RoleInfo.java:updateAndGet(143)) - 7660b851-9671-46a6-9e1d-7d946f95d492: start LeaderElection
2019-10-20 13:11:01,484 [7660b851-9671-46a6-9e1d-7d946f95d492@group-42C3DBE2B33D-LeaderElection3317] INFO  impl.LeaderElection (LeaderElection.java:askForVotes(178)) - 7660b851-9671-46a6-9e1d-7d946f95d492@group-42C3DBE2B33D-LeaderElection3317: begin an election at term 21 for -1: [fdf19479-69c2-4639-b68c-6adde78ca28a:192.168.157.204:42858, 1ac0a8d4-e534-43ce-83b1-426d47a3040d:192.168.157.204:32953, 7660b851-9671-46a6-9e1d-7d946f95d492:192.168.157.204:41682], old=null
2019-10-20 13:11:01,485 [grpc-default-executor-10] INFO  impl.RaftServerImpl (RaftServerImpl.java:setRole(184)) - fdf19479-69c2-4639-b68c-6adde78ca28a@group-42C3DBE2B33D: changes role from  FOLLOWER to FOLLOWER at term 21 for recognizeCandidate:7660b851-9671-46a6-9e1d-7d946f95d492
2019-10-20 13:11:01,485 [grpc-default-executor-10] INFO  impl.RoleInfo (RoleInfo.java:shutdownFollowerState(121)) - fdf19479-69c2-4639-b68c-6adde78ca28a: shutdown FollowerState
2019-10-20 13:11:01,485 [grpc-default-executor-18] INFO  impl.RaftServerImpl (RaftServerImpl.java:setRole(184)) - 1ac0a8d4-e534-43ce-83b1-426d47a3040d@group-42C3DBE2B33D: changes role from  FOLLOWER to FOLLOWER at term 21 for recognizeCandidate:7660b851-9671-46a6-9e1d-7d946f95d492
2019-10-20 13:11:01,486 [grpc-default-executor-18] INFO  impl.RoleInfo (RoleInfo.java:shutdownFollowerState(121)) - 1ac0a8d4-e534-43ce-83b1-426d47a3040d: shutdown FollowerState
2019-10-20 13:11:01,486 [Thread-24713] INFO  impl.FollowerState (FollowerState.java:run(117)) - fdf19479-69c2-4639-b68c-6adde78ca28a@group-42C3DBE2B33D-FollowerState was interrupted: java.lang.InterruptedException: sleep interrupted
2019-10-20 13:11:01,486 [Thread-24714] INFO  impl.FollowerState (FollowerState.java:run(117)) - 1ac0a8d4-e534-43ce-83b1-426d47a3040d@group-42C3DBE2B33D-FollowerState was interrupted: java.lang.InterruptedException: sleep interrupted
2019-10-20 13:11:01,486 [grpc-default-executor-10] INFO  impl.RoleInfo (RoleInfo.java:updateAndGet(143)) - fdf19479-69c2-4639-b68c-6adde78ca28a: start FollowerState
2019-10-20 13:11:01,486 [grpc-default-executor-18] INFO  impl.RoleInfo (RoleInfo.java:updateAndGet(143)) - 1ac0a8d4-e534-43ce-83b1-426d47a3040d: start FollowerState
2019-10-20 13:11:01,511 [7660b851-9671-46a6-9e1d-7d946f95d492@group-42C3DBE2B33D-LeaderElection3317] INFO  impl.LeaderElection (LeaderElection.java:logAndReturn(56)) - 7660b851-9671-46a6-9e1d-7d946f95d492@group-42C3DBE2B33D-LeaderElection3317: Election REJECTED; received 2 response(s) [7660b851-9671-46a6-9e1d-7d946f95d492<-fdf19479-69c2-4639-b68c-6adde78ca28a#0:FAIL-t21, 7660b851-9671-46a6-9e1d-7d946f95d492<-1ac0a8d4-e534-43ce-83b1-426d47a3040d#0:FAIL-t21] and 0 exception(s); 7660b851-9671-46a6-9e1d-7d946f95d492@group-42C3DBE2B33D:t21, leader=null, voted=7660b851-9671-46a6-9e1d-7d946f95d492, raftlog=7660b851-9671-46a6-9e1d-7d946f95d492@group-42C3DBE2B33D-SegmentedRaftLog:OPENED:c-1,f-1,i0, conf=-1: [fdf19479-69c2-4639-b68c-6adde78ca28a:192.168.157.204:42858, 1ac0a8d4-e534-43ce-83b1-426d47a3040d:192.168.157.204:32953, 7660b851-9671-46a6-9e1d-7d946f95d492:192.168.157.204:41682], old=null
2019-10-20 13:11:01,511 [7660b851-9671-46a6-9e1d-7d946f95d492@group-42C3DBE2B33D-LeaderElection3317] INFO  impl.RaftServerImpl (RaftServerImpl.java:setRole(184)) - 7660b851-9671-46a6-9e1d-7d946f95d492@group-42C3DBE2B33D: changes role from CANDIDATE to FOLLOWER at term 21 for DISCOVERED_A_NEW_TERM
2019-10-20 13:11:01,511 [7660b851-9671-46a6-9e1d-7d946f95d492@group-42C3DBE2B33D-LeaderElection3317] INFO  impl.RoleInfo (RoleInfo.java:shutdownLeaderElection(134)) - 7660b851-9671-46a6-9e1d-7d946f95d492: shutdown LeaderElection
2019-10-20 13:11:01,511 [7660b851-9671-46a6-9e1d-7d946f95d492@group-42C3DBE2B33D-LeaderElection3317] INFO  impl.RoleInfo (RoleInfo.java:updateAndGet(143)) - 7660b851-9671-46a6-9e1d-7d946f95d492: start FollowerState
2019-10-20 13:11:01,654 [Thread-24721] INFO  impl.FollowerState (FollowerState.java:run(108)) - 7660b851-9671-46a6-9e1d-7d946f95d492@group-42C3DBE2B33D-FollowerState: change to CANDIDATE, lastRpcTime:142ms, electionTimeout:142ms
2019-10-20 13:11:01,654 [Thread-24721] INFO  impl.RoleInfo (RoleInfo.java:shutdownFollowerState(121)) - 7660b851-9671-46a6-9e1d-7d946f95d492: shutdown FollowerState
2019-10-20 13:11:01,654 [Thread-24721] INFO  impl.RaftServerImpl (RaftServerImpl.java:setRole(184)) - 7660b851-9671-46a6-9e1d-7d946f95d492@group-42C3DBE2B33D: changes role from  FOLLOWER to CANDIDATE at term 21 for changeToCandidate
2019-10-20 13:11:01,654 [Thread-24721] INFO  impl.RoleInfo (RoleInfo.java:updateAndGet(143)) - 7660b851-9671-46a6-9e1d-7d946f95d492: start LeaderElection
2019-10-20 13:11:01,667 [7660b851-9671-46a6-9e1d-7d946f95d492@group-42C3DBE2B33D-LeaderElection3318] INFO  impl.LeaderElection (LeaderElection.java:askForVotes(178)) - 7660b851-9671-46a6-9e1d-7d946f95d492@group-42C3DBE2B33D-LeaderElection3318: begin an election at term 22 for -1: [fdf19479-69c2-4639-b68c-6adde78ca28a:192.168.157.204:42858, 1ac0a8d4-e534-43ce-83b1-426d47a3040d:192.168.157.204:32953, 7660b851-9671-46a6-9e1d-7d946f95d492:192.168.157.204:41682], old=null
2019-10-20 13:11:01,668 [grpc-default-executor-18] INFO  impl.RaftServerImpl (RaftServerImpl.java:setRole(184)) - fdf19479-69c2-4639-b68c-6adde78ca28a@group-42C3DBE2B33D: changes role from  FOLLOWER to FOLLOWER at term 22 for recognizeCandidate:7660b851-9671-46a6-9e1d-7d946f95d492
2019-10-20 13:11:01,668 [grpc-default-executor-18] INFO  impl.RoleInfo (RoleInfo.java:shutdownFollowerState(121)) - fdf19479-69c2-4639-b68c-6adde78ca28a: shutdown FollowerState
2019-10-20 13:11:01,668 [grpc-default-executor-18] INFO  impl.RoleInfo (RoleInfo.java:updateAndGet(143)) - fdf19479-69c2-4639-b68c-6adde78ca28a: start FollowerState
2019-10-20 13:11:01,669 [grpc-default-executor-10] INFO  impl.RaftServerImpl (RaftServerImpl.java:setRole(184)) - 1ac0a8d4-e534-43ce-83b1-426d47a3040d@group-42C3DBE2B33D: changes role from  FOLLOWER to FOLLOWER at term 22 for recognizeCandidate:7660b851-9671-46a6-9e1d-7d946f95d492
2019-10-20 13:11:01,669 [grpc-default-executor-10] INFO  impl.RoleInfo (RoleInfo.java:shutdownFollowerState(121)) - 1ac0a8d4-e534-43ce-83b1-426d47a3040d: shutdown FollowerState
2019-10-20 13:11:01,669 [Thread-24719] INFO  impl.FollowerState (FollowerState.java:run(117)) - fdf19479-69c2-4639-b68c-6adde78ca28a@group-42C3DBE2B33D-FollowerState was interrupted: java.lang.InterruptedException: sleep interrupted
2019-10-20 13:11:01,669 [Thread-24720] INFO  impl.FollowerState (FollowerState.java:run(117)) - 1ac0a8d4-e534-43ce-83b1-426d47a3040d@group-42C3DBE2B33D-FollowerState was interrupted: java.lang.InterruptedException: sleep interrupted
2019-10-20 13:11:01,669 [grpc-default-executor-10] INFO  impl.RoleInfo (RoleInfo.java:updateAndGet(143)) - 1ac0a8d4-e534-43ce-83b1-426d47a3040d: start FollowerState
2019-10-20 13:11:01,698 [7660b851-9671-46a6-9e1d-7d946f95d492@group-42C3DBE2B33D-LeaderElection3318] INFO  impl.LeaderElection (LeaderElection.java:logAndReturn(56)) - 7660b851-9671-46a6-9e1d-7d946f95d492@group-42C3DBE2B33D-LeaderElection3318: Election REJECTED; received 2 response(s) [7660b851-9671-46a6-9e1d-7d946f95d492<-fdf19479-69c2-4639-b68c-6adde78ca28a#0:FAIL-t22, 7660b851-9671-46a6-9e1d-7d946f95d492<-1ac0a8d4-e534-43ce-83b1-426d47a3040d#0:FAIL-t22] and 0 exception(s); 7660b851-9671-46a6-9e1d-7d946f95d492@group-42C3DBE2B33D:t22, leader=null, voted=7660b851-9671-46a6-9e1d-7d946f95d492, raftlog=7660b851-9671-46a6-9e1d-7d946f95d492@group-42C3DBE2B33D-SegmentedRaftLog:OPENED:c-1,f-1,i0, conf=-1: [fdf19479-69c2-4639-b68c-6adde78ca28a:192.168.157.204:42858, 1ac0a8d4-e534-43ce-83b1-426d47a3040d:192.168.157.204:32953, 7660b851-9671-46a6-9e1d-7d946f95d492:192.168.157.204:41682], old=null
2019-10-20 13:11:01,698 [7660b851-9671-46a6-9e1d-7d946f95d492@group-42C3DBE2B33D-LeaderElection3318] INFO  impl.RaftServerImpl (RaftServerImpl.java:setRole(184)) - 7660b851-9671-46a6-9e1d-7d946f95d492@group-42C3DBE2B33D: changes role from CANDIDATE to FOLLOWER at term 22 for DISCOVERED_A_NEW_TERM
2019-10-20 13:11:01,698 [7660b851-9671-46a6-9e1d-7d946f95d492@group-42C3DBE2B33D-LeaderElection3318] INFO  impl.RoleInfo (RoleInfo.java:shutdownLeaderElection(134)) - 7660b851-9671-46a6-9e1d-7d946f95d492: shutdown LeaderElection
2019-10-20 13:11:01,698 [7660b851-9671-46a6-9e1d-7d946f95d492@group-42C3DBE2B33D-LeaderElection3318] INFO  impl.RoleInfo (RoleInfo.java:updateAndGet(143)) - 7660b851-9671-46a6-9e1d-7d946f95d492: start FollowerState
2019-10-20 13:11:01,763 [Thread-24727] INFO  impl.FollowerState (FollowerState.java:run(108)) - 7660b851-9671-46a6-9e1d-7d946f95d492@group-42C3DBE2B33D-FollowerState: change to CANDIDATE, lastRpcTime:64ms, electionTimeout:64ms
2019-10-20 13:11:01,763 [Thread-24727] INFO  impl.RoleInfo (RoleInfo.java:shutdownFollowerState(121)) - 7660b851-9671-46a6-9e1d-7d946f95d492: shutdown FollowerState
2019-10-20 13:11:01,763 [Thread-24727] INFO  impl.RaftServerImpl (RaftServerImpl.java:setRole(184)) - 7660b851-9671-46a6-9e1d-7d946f95d492@group-42C3DBE2B33D: changes role from  FOLLOWER to CANDIDATE at term 22 for changeToCandidate
2019-10-20 13:11:01,763 [Thread-24727] INFO  impl.RoleInfo (RoleInfo.java:updateAndGet(143)) - 7660b851-9671-46a6-9e1d-7d946f95d492: start LeaderElection
2019-10-20 13:11:01,777 [7660b851-9671-46a6-9e1d-7d946f95d492@group-42C3DBE2B33D-LeaderElection3319] INFO  impl.LeaderElection (LeaderElection.java:askForVotes(178)) - 7660b851-9671-46a6-9e1d-7d946f95d492@group-42C3DBE2B33D-LeaderElection3319: begin an election at term 23 for -1: [fdf19479-69c2-4639-b68c-6adde78ca28a:192.168.157.204:42858, 1ac0a8d4-e534-43ce-83b1-426d47a3040d:192.168.157.204:32953, 7660b851-9671-46a6-9e1d-7d946f95d492:192.168.157.204:41682], old=null
2019-10-20 13:11:01,777 [grpc-default-executor-18] INFO  impl.RaftServerImpl (RaftServerImpl.java:setRole(184)) - fdf19479-69c2-4639-b68c-6adde78ca28a@group-42C3DBE2B33D: changes role from  FOLLOWER to FOLLOWER at term 23 for recognizeCandidate:7660b851-9671-46a6-9e1d-7d946f95d492
2019-10-20 13:11:01,778 [grpc-default-executor-18] INFO  impl.RoleInfo (RoleInfo.java:shutdownFollowerState(121)) - fdf19479-69c2-4639-b68c-6adde78ca28a: shutdown FollowerState
2019-10-20 13:11:01,778 [grpc-default-executor-18] INFO  impl.RoleInfo (RoleInfo.java:updateAndGet(143)) - fdf19479-69c2-4639-b68c-6adde78ca28a: start FollowerState
2019-10-20 13:11:01,778 [grpc-default-executor-10] INFO  impl.RaftServerImpl (RaftServerImpl.java:setRole(184)) - 1ac0a8d4-e534-43ce-83b1-426d47a3040d@group-42C3DBE2B33D: changes role from  FOLLOWER to FOLLOWER at term 23 for recognizeCandidate:7660b851-9671-46a6-9e1d-7d946f95d492
2019-10-20 13:11:01,778 [grpc-default-executor-10] INFO  impl.RoleInfo (RoleInfo.java:shutdownFollowerState(121)) - 1ac0a8d4-e534-43ce-83b1-426d47a3040d: shutdown FollowerState
2019-10-20 13:11:01,778 [Thread-24725] INFO  impl.FollowerState (FollowerState.java:run(117)) - fdf19479-69c2-4639-b68c-6adde78ca28a@group-42C3DBE2B33D-FollowerState was interrupted: java.lang.InterruptedException: sleep interrupted
2019-10-20 13:11:01,778 [Thread-24726] INFO  impl.FollowerState (FollowerState.java:run(117)) - 1ac0a8d4-e534-43ce-83b1-426d47a3040d@group-42C3DBE2B33D-FollowerState was interrupted: java.lang.InterruptedException: sleep interrupted
2019-10-20 13:11:01,778 [grpc-default-executor-10] INFO  impl.RoleInfo (RoleInfo.java:updateAndGet(143)) - 1ac0a8d4-e534-43ce-83b1-426d47a3040d: start FollowerState
2019-10-20 13:11:01,803 [7660b851-9671-46a6-9e1d-7d946f95d492@group-42C3DBE2B33D-LeaderElection3319] INFO  impl.LeaderElection (LeaderElection.java:logAndReturn(56)) - 7660b851-9671-46a6-9e1d-7d946f95d492@group-42C3DBE2B33D-LeaderElection3319: Election REJECTED; received 2 response(s) [7660b851-9671-46a6-9e1d-7d946f95d492<-fdf19479-69c2-4639-b68c-6adde78ca28a#0:FAIL-t23, 7660b851-9671-46a6-9e1d-7d946f95d492<-1ac0a8d4-e534-43ce-83b1-426d47a3040d#0:FAIL-t23] and 0 exception(s); 7660b851-9671-46a6-9e1d-7d946f95d492@group-42C3DBE2B33D:t23, leader=null, voted=7660b851-9671-46a6-9e1d-7d946f95d492, raftlog=7660b851-9671-46a6-9e1d-7d946f95d492@group-42C3DBE2B33D-SegmentedRaftLog:OPENED:c-1,f-1,i0, conf=-1: [fdf19479-69c2-4639-b68c-6adde78ca28a:192.168.157.204:42858, 1ac0a8d4-e534-43ce-83b1-426d47a3040d:192.168.157.204:32953, 7660b851-9671-46a6-9e1d-7d946f95d492:192.168.157.204:41682], old=null
2019-10-20 13:11:01,803 [7660b851-9671-46a6-9e1d-7d946f95d492@group-42C3DBE2B33D-LeaderElection3319] INFO  impl.RaftServerImpl (RaftServerImpl.java:setRole(184)) - 7660b851-9671-46a6-9e1d-7d946f95d492@group-42C3DBE2B33D: changes role from CANDIDATE to FOLLOWER at term 23 for DISCOVERED_A_NEW_TERM
2019-10-20 13:11:01,803 [7660b851-9671-46a6-9e1d-7d946f95d492@group-42C3DBE2B33D-LeaderElection3319] INFO  impl.RoleInfo (RoleInfo.java:shutdownLeaderElection(134)) - 7660b851-9671-46a6-9e1d-7d946f95d492: shutdown LeaderElection
2019-10-20 13:11:01,804 [7660b851-9671-46a6-9e1d-7d946f95d492@group-42C3DBE2B33D-LeaderElection3319] INFO  impl.RoleInfo (RoleInfo.java:updateAndGet(143)) - 7660b851-9671-46a6-9e1d-7d946f95d492: start FollowerState
2019-10-20 13:11:01,973 [Thread-24735] INFO  impl.FollowerState (FollowerState.java:run(108)) - 7660b851-9671-46a6-9e1d-7d946f95d492@group-42C3DBE2B33D-FollowerState: change to CANDIDATE, lastRpcTime:169ms, electionTimeout:169ms
2019-10-20 13:11:01,973 [Thread-24735] INFO  impl.RoleInfo (RoleInfo.java:shutdownFollowerState(121)) - 7660b851-9671-46a6-9e1d-7d946f95d492: shutdown FollowerState
2019-10-20 13:11:01,973 [Thread-24735] INFO  impl.RaftServerImpl (RaftServerImpl.java:setRole(184)) - 7660b851-9671-46a6-9e1d-7d946f95d492@group-42C3DBE2B33D: changes role from  FOLLOWER to CANDIDATE at term 23 for changeToCandidate
2019-10-20 13:11:01,973 [Thread-24735] INFO  impl.RoleInfo (RoleInfo.java:updateAndGet(143)) - 7660b851-9671-46a6-9e1d-7d946f95d492: start LeaderElection
2019-10-20 13:11:01,985 [Thread-24454] INFO  container.ReplicationManager (ReplicationManager.java:start(162)) - Starting Replication Monitor Thread.
2019-10-20 13:11:01,990 [ReplicationMonitor] INFO  container.ReplicationManager (ReplicationManager.java:run(225)) - Replication Monitor Thread took 0 milliseconds for processing 1 containers.
2019-10-20 13:11:02,003 [7660b851-9671-46a6-9e1d-7d946f95d492@group-42C3DBE2B33D-LeaderElection3320] INFO  impl.LeaderElection (LeaderElection.java:askForVotes(178)) - 7660b851-9671-46a6-9e1d-7d946f95d492@group-42C3DBE2B33D-LeaderElection3320: begin an election at term 24 for -1: [fdf19479-69c2-4639-b68c-6adde78ca28a:192.168.157.204:42858, 1ac0a8d4-e534-43ce-83b1-426d47a3040d:192.168.157.204:32953, 7660b851-9671-46a6-9e1d-7d946f95d492:192.168.157.204:41682], old=null
2019-10-20 13:11:02,004 [grpc-default-executor-18] INFO  impl.RaftServerImpl (RaftServerImpl.java:setRole(184)) - fdf19479-69c2-4639-b68c-6adde78ca28a@group-42C3DBE2B33D: changes role from  FOLLOWER to FOLLOWER at term 24 for recognizeCandidate:7660b851-9671-46a6-9e1d-7d946f95d492
2019-10-20 13:11:02,004 [grpc-default-executor-18] INFO  impl.RoleInfo (RoleInfo.java:shutdownFollowerState(121)) - fdf19479-69c2-4639-b68c-6adde78ca28a: shutdown FollowerState
2019-10-20 13:11:02,004 [grpc-default-executor-18] INFO  impl.RoleInfo (RoleInfo.java:updateAndGet(143)) - fdf19479-69c2-4639-b68c-6adde78ca28a: start FollowerState
2019-10-20 13:11:02,004 [Thread-24731] INFO  impl.FollowerState (FollowerState.java:run(117)) - fdf19479-69c2-4639-b68c-6adde78ca28a@group-42C3DBE2B33D-FollowerState was interrupted: java.lang.InterruptedException: sleep interrupted
2019-10-20 13:11:02,004 [grpc-default-executor-10] INFO  impl.RaftServerImpl (RaftServerImpl.java:setRole(184)) - 1ac0a8d4-e534-43ce-83b1-426d47a3040d@group-42C3DBE2B33D: changes role from  FOLLOWER to FOLLOWER at term 24 for recognizeCandidate:7660b851-9671-46a6-9e1d-7d946f95d492
2019-10-20 13:11:02,005 [grpc-default-executor-10] INFO  impl.RoleInfo (RoleInfo.java:shutdownFollowerState(121)) - 1ac0a8d4-e534-43ce-83b1-426d47a3040d: shutdown FollowerState
2019-10-20 13:11:02,005 [grpc-default-executor-10] INFO  impl.RoleInfo (RoleInfo.java:updateAndGet(143)) - 1ac0a8d4-e534-43ce-83b1-426d47a3040d: start FollowerState
2019-10-20 13:11:02,005 [Thread-24732] INFO  impl.FollowerState (FollowerState.java:run(117)) - 1ac0a8d4-e534-43ce-83b1-426d47a3040d@group-42C3DBE2B33D-FollowerState was interrupted: java.lang.InterruptedException: sleep interrupted
2019-10-20 13:11:02,018 [7660b851-9671-46a6-9e1d-7d946f95d492@group-42C3DBE2B33D-LeaderElection3320] INFO  impl.LeaderElection (LeaderElection.java:logAndReturn(56)) - 7660b851-9671-46a6-9e1d-7d946f95d492@group-42C3DBE2B33D-LeaderElection3320: Election REJECTED; received 2 response(s) [7660b851-9671-46a6-9e1d-7d946f95d492<-fdf19479-69c2-4639-b68c-6adde78ca28a#0:FAIL-t24, 7660b851-9671-46a6-9e1d-7d946f95d492<-1ac0a8d4-e534-43ce-83b1-426d47a3040d#0:FAIL-t24] and 0 exception(s); 7660b851-9671-46a6-9e1d-7d946f95d492@group-42C3DBE2B33D:t24, leader=null, voted=7660b851-9671-46a6-9e1d-7d946f95d492, raftlog=7660b851-9671-46a6-9e1d-7d946f95d492@group-42C3DBE2B33D-SegmentedRaftLog:OPENED:c-1,f-1,i0, conf=-1: [fdf19479-69c2-4639-b68c-6adde78ca28a:192.168.157.204:42858, 1ac0a8d4-e534-43ce-83b1-426d47a3040d:192.168.157.204:32953, 7660b851-9671-46a6-9e1d-7d946f95d492:192.168.157.204:41682], old=null
2019-10-20 13:11:02,019 [7660b851-9671-46a6-9e1d-7d946f95d492@group-42C3DBE2B33D-LeaderElection3320] INFO  impl.RaftServerImpl (RaftServerImpl.java:setRole(184)) - 7660b851-9671-46a6-9e1d-7d946f95d492@group-42C3DBE2B33D: changes role from CANDIDATE to FOLLOWER at term 24 for DISCOVERED_A_NEW_TERM
2019-10-20 13:11:02,019 [7660b851-9671-46a6-9e1d-7d946f95d492@group-42C3DBE2B33D-LeaderElection3320] INFO  impl.RoleInfo (RoleInfo.java:shutdownLeaderElection(134)) - 7660b851-9671-46a6-9e1d-7d946f95d492: shutdown LeaderElection
2019-10-20 13:11:02,019 [7660b851-9671-46a6-9e1d-7d946f95d492@group-42C3DBE2B33D-LeaderElection3320] INFO  impl.RoleInfo (RoleInfo.java:updateAndGet(143)) - 7660b851-9671-46a6-9e1d-7d946f95d492: start FollowerState
2019-10-20 13:11:02,059 [Thread-24744] INFO  impl.FollowerState (FollowerState.java:run(108)) - 7660b851-9671-46a6-9e1d-7d946f95d492@group-42C3DBE2B33D-FollowerState: change to CANDIDATE, lastRpcTime:40ms, electionTimeout:40ms
2019-10-20 13:11:02,059 [Thread-24744] INFO  impl.RoleInfo (RoleInfo.java:shutdownFollowerState(121)) - 7660b851-9671-46a6-9e1d-7d946f95d492: shutdown FollowerState
2019-10-20 13:11:02,059 [Thread-24744] INFO  impl.RaftServerImpl (RaftServerImpl.java:setRole(184)) - 7660b851-9671-46a6-9e1d-7d946f95d492@group-42C3DBE2B33D: changes role from  FOLLOWER to CANDIDATE at term 24 for changeToCandidate
2019-10-20 13:11:02,059 [Thread-24744] INFO  impl.RoleInfo (RoleInfo.java:updateAndGet(143)) - 7660b851-9671-46a6-9e1d-7d946f95d492: start LeaderElection
2019-10-20 13:11:02,073 [7660b851-9671-46a6-9e1d-7d946f95d492@group-42C3DBE2B33D-LeaderElection3321] INFO  impl.LeaderElection (LeaderElection.java:askForVotes(178)) - 7660b851-9671-46a6-9e1d-7d946f95d492@group-42C3DBE2B33D-LeaderElection3321: begin an election at term 25 for -1: [fdf19479-69c2-4639-b68c-6adde78ca28a:192.168.157.204:42858, 1ac0a8d4-e534-43ce-83b1-426d47a3040d:192.168.157.204:32953, 7660b851-9671-46a6-9e1d-7d946f95d492:192.168.157.204:41682], old=null
2019-10-20 13:11:02,074 [grpc-default-executor-10] INFO  impl.RaftServerImpl (RaftServerImpl.java:setRole(184)) - fdf19479-69c2-4639-b68c-6adde78ca28a@group-42C3DBE2B33D: changes role from  FOLLOWER to FOLLOWER at term 25 for recognizeCandidate:7660b851-9671-46a6-9e1d-7d946f95d492
2019-10-20 13:11:02,074 [grpc-default-executor-10] INFO  impl.RoleInfo (RoleInfo.java:shutdownFollowerState(121)) - fdf19479-69c2-4639-b68c-6adde78ca28a: shutdown FollowerState
2019-10-20 13:11:02,074 [grpc-default-executor-10] INFO  impl.RoleInfo (RoleInfo.java:updateAndGet(143)) - fdf19479-69c2-4639-b68c-6adde78ca28a: start FollowerState
2019-10-20 13:11:02,074 [Thread-24742] INFO  impl.FollowerState (FollowerState.java:run(117)) - fdf19479-69c2-4639-b68c-6adde78ca28a@group-42C3DBE2B33D-FollowerState was interrupted: java.lang.InterruptedException: sleep interrupted
2019-10-20 13:11:02,074 [grpc-default-executor-18] INFO  impl.RaftServerImpl (RaftServerImpl.java:setRole(184)) - 1ac0a8d4-e534-43ce-83b1-426d47a3040d@group-42C3DBE2B33D: changes role from  FOLLOWER to FOLLOWER at term 25 for recognizeCandidate:7660b851-9671-46a6-9e1d-7d946f95d492
2019-10-20 13:11:02,074 [grpc-default-executor-18] INFO  impl.RoleInfo (RoleInfo.java:shutdownFollowerState(121)) - 1ac0a8d4-e534-43ce-83b1-426d47a3040d: shutdown FollowerState
2019-10-20 13:11:02,075 [grpc-default-executor-18] INFO  impl.RoleInfo (RoleInfo.java:updateAndGet(143)) - 1ac0a8d4-e534-43ce-83b1-426d47a3040d: start FollowerState
2019-10-20 13:11:02,075 [Thread-24743] INFO  impl.FollowerState (FollowerState.java:run(117)) - 1ac0a8d4-e534-43ce-83b1-426d47a3040d@group-42C3DBE2B33D-FollowerState was interrupted: java.lang.InterruptedException: sleep interrupted
2019-10-20 13:11:02,099 [7660b851-9671-46a6-9e1d-7d946f95d492@group-42C3DBE2B33D-LeaderElection3321] INFO  impl.LeaderElection (LeaderElection.java:logAndReturn(56)) - 7660b851-9671-46a6-9e1d-7d946f95d492@group-42C3DBE2B33D-LeaderElection3321: Election REJECTED; received 2 response(s) [7660b851-9671-46a6-9e1d-7d946f95d492<-fdf19479-69c2-4639-b68c-6adde78ca28a#0:FAIL-t25, 7660b851-9671-46a6-9e1d-7d946f95d492<-1ac0a8d4-e534-43ce-83b1-426d47a3040d#0:FAIL-t25] and 0 exception(s); 7660b851-9671-46a6-9e1d-7d946f95d492@group-42C3DBE2B33D:t25, leader=null, voted=7660b851-9671-46a6-9e1d-7d946f95d492, raftlog=7660b851-9671-46a6-9e1d-7d946f95d492@group-42C3DBE2B33D-SegmentedRaftLog:OPENED:c-1,f-1,i0, conf=-1: [fdf19479-69c2-4639-b68c-6adde78ca28a:192.168.157.204:42858, 1ac0a8d4-e534-43ce-83b1-426d47a3040d:192.168.157.204:32953, 7660b851-9671-46a6-9e1d-7d946f95d492:192.168.157.204:41682], old=null
2019-10-20 13:11:02,099 [7660b851-9671-46a6-9e1d-7d946f95d492@group-42C3DBE2B33D-LeaderElection3321] INFO  impl.RaftServerImpl (RaftServerImpl.java:setRole(184)) - 7660b851-9671-46a6-9e1d-7d946f95d492@group-42C3DBE2B33D: changes role from CANDIDATE to FOLLOWER at term 25 for DISCOVERED_A_NEW_TERM
2019-10-20 13:11:02,099 [7660b851-9671-46a6-9e1d-7d946f95d492@group-42C3DBE2B33D-LeaderElection3321] INFO  impl.RoleInfo (RoleInfo.java:shutdownLeaderElection(134)) - 7660b851-9671-46a6-9e1d-7d946f95d492: shutdown LeaderElection
2019-10-20 13:11:02,099 [7660b851-9671-46a6-9e1d-7d946f95d492@group-42C3DBE2B33D-LeaderElection3321] INFO  impl.RoleInfo (RoleInfo.java:updateAndGet(143)) - 7660b851-9671-46a6-9e1d-7d946f95d492: start FollowerState
2019-10-20 13:11:02,282 [Thread-24750] INFO  impl.FollowerState (FollowerState.java:run(108)) - 7660b851-9671-46a6-9e1d-7d946f95d492@group-42C3DBE2B33D-FollowerState: change to CANDIDATE, lastRpcTime:182ms, electionTimeout:182ms
2019-10-20 13:11:02,282 [Thread-24750] INFO  impl.RoleInfo (RoleInfo.java:shutdownFollowerState(121)) - 7660b851-9671-46a6-9e1d-7d946f95d492: shutdown FollowerState
2019-10-20 13:11:02,282 [Thread-24750] INFO  impl.RaftServerImpl (RaftServerImpl.java:setRole(184)) - 7660b851-9671-46a6-9e1d-7d946f95d492@group-42C3DBE2B33D: changes role from  FOLLOWER to CANDIDATE at term 25 for changeToCandidate
2019-10-20 13:11:02,282 [Thread-24750] INFO  impl.RoleInfo (RoleInfo.java:updateAndGet(143)) - 7660b851-9671-46a6-9e1d-7d946f95d492: start LeaderElection
2019-10-20 13:11:02,297 [7660b851-9671-46a6-9e1d-7d946f95d492@group-42C3DBE2B33D-LeaderElection3322] INFO  impl.LeaderElection (LeaderElection.java:askForVotes(178)) - 7660b851-9671-46a6-9e1d-7d946f95d492@group-42C3DBE2B33D-LeaderElection3322: begin an election at term 26 for -1: [fdf19479-69c2-4639-b68c-6adde78ca28a:192.168.157.204:42858, 1ac0a8d4-e534-43ce-83b1-426d47a3040d:192.168.157.204:32953, 7660b851-9671-46a6-9e1d-7d946f95d492:192.168.157.204:41682], old=null
2019-10-20 13:11:02,298 [grpc-default-executor-18] INFO  impl.RaftServerImpl (RaftServerImpl.java:setRole(184)) - fdf19479-69c2-4639-b68c-6adde78ca28a@group-42C3DBE2B33D: changes role from  FOLLOWER to FOLLOWER at term 26 for recognizeCandidate:7660b851-9671-46a6-9e1d-7d946f95d492
2019-10-20 13:11:02,298 [grpc-default-executor-18] INFO  impl.RoleInfo (RoleInfo.java:shutdownFollowerState(121)) - fdf19479-69c2-4639-b68c-6adde78ca28a: shutdown FollowerState
2019-10-20 13:11:02,298 [grpc-default-executor-10] INFO  impl.RaftServerImpl (RaftServerImpl.java:setRole(184)) - 1ac0a8d4-e534-43ce-83b1-426d47a3040d@group-42C3DBE2B33D: changes role from  FOLLOWER to FOLLOWER at term 26 for recognizeCandidate:7660b851-9671-46a6-9e1d-7d946f95d492
2019-10-20 13:11:02,299 [grpc-default-executor-10] INFO  impl.RoleInfo (RoleInfo.java:shutdownFollowerState(121)) - 1ac0a8d4-e534-43ce-83b1-426d47a3040d: shutdown FollowerState
2019-10-20 13:11:02,299 [Thread-24748] INFO  impl.FollowerState (FollowerState.java:run(117)) - fdf19479-69c2-4639-b68c-6adde78ca28a@group-42C3DBE2B33D-FollowerState was interrupted: java.lang.InterruptedException: sleep interrupted
2019-10-20 13:11:02,299 [grpc-default-executor-18] INFO  impl.RoleInfo (RoleInfo.java:updateAndGet(143)) - fdf19479-69c2-4639-b68c-6adde78ca28a: start FollowerState
2019-10-20 13:11:02,299 [Thread-24749] INFO  impl.FollowerState (FollowerState.java:run(117)) - 1ac0a8d4-e534-43ce-83b1-426d47a3040d@group-42C3DBE2B33D-FollowerState was interrupted: java.lang.InterruptedException: sleep interrupted
2019-10-20 13:11:02,299 [grpc-default-executor-10] INFO  impl.RoleInfo (RoleInfo.java:updateAndGet(143)) - 1ac0a8d4-e534-43ce-83b1-426d47a3040d: start FollowerState
2019-10-20 13:11:02,313 [7660b851-9671-46a6-9e1d-7d946f95d492@group-42C3DBE2B33D-LeaderElection3322] INFO  impl.LeaderElection (LeaderElection.java:logAndReturn(56)) - 7660b851-9671-46a6-9e1d-7d946f95d492@group-42C3DBE2B33D-LeaderElection3322: Election REJECTED; received 2 response(s) [7660b851-9671-46a6-9e1d-7d946f95d492<-fdf19479-69c2-4639-b68c-6adde78ca28a#0:FAIL-t26, 7660b851-9671-46a6-9e1d-7d946f95d492<-1ac0a8d4-e534-43ce-83b1-426d47a3040d#0:FAIL-t26] and 0 exception(s); 7660b851-9671-46a6-9e1d-7d946f95d492@group-42C3DBE2B33D:t26, leader=null, voted=7660b851-9671-46a6-9e1d-7d946f95d492, raftlog=7660b851-9671-46a6-9e1d-7d946f95d492@group-42C3DBE2B33D-SegmentedRaftLog:OPENED:c-1,f-1,i0, conf=-1: [fdf19479-69c2-4639-b68c-6adde78ca28a:192.168.157.204:42858, 1ac0a8d4-e534-43ce-83b1-426d47a3040d:192.168.157.204:32953, 7660b851-9671-46a6-9e1d-7d946f95d492:192.168.157.204:41682], old=null
2019-10-20 13:11:02,313 [7660b851-9671-46a6-9e1d-7d946f95d492@group-42C3DBE2B33D-LeaderElection3322] INFO  impl.RaftServerImpl (RaftServerImpl.java:setRole(184)) - 7660b851-9671-46a6-9e1d-7d946f95d492@group-42C3DBE2B33D: changes role from CANDIDATE to FOLLOWER at term 26 for DISCOVERED_A_NEW_TERM
2019-10-20 13:11:02,313 [7660b851-9671-46a6-9e1d-7d946f95d492@group-42C3DBE2B33D-LeaderElection3322] INFO  impl.RoleInfo (RoleInfo.java:shutdownLeaderElection(134)) - 7660b851-9671-46a6-9e1d-7d946f95d492: shutdown LeaderElection
2019-10-20 13:11:02,314 [7660b851-9671-46a6-9e1d-7d946f95d492@group-42C3DBE2B33D-LeaderElection3322] INFO  impl.RoleInfo (RoleInfo.java:updateAndGet(143)) - 7660b851-9671-46a6-9e1d-7d946f95d492: start FollowerState
2019-10-20 13:11:02,387 [Thread-24760] INFO  impl.FollowerState (FollowerState.java:run(108)) - 7660b851-9671-46a6-9e1d-7d946f95d492@group-42C3DBE2B33D-FollowerState: change to CANDIDATE, lastRpcTime:73ms, electionTimeout:73ms
2019-10-20 13:11:02,387 [Thread-24760] INFO  impl.RoleInfo (RoleInfo.java:shutdownFollowerState(121)) - 7660b851-9671-46a6-9e1d-7d946f95d492: shutdown FollowerState
2019-10-20 13:11:02,387 [Thread-24760] INFO  impl.RaftServerImpl (RaftServerImpl.java:setRole(184)) - 7660b851-9671-46a6-9e1d-7d946f95d492@group-42C3DBE2B33D: changes role from  FOLLOWER to CANDIDATE at term 26 for changeToCandidate
2019-10-20 13:11:02,387 [Thread-24760] INFO  impl.RoleInfo (RoleInfo.java:updateAndGet(143)) - 7660b851-9671-46a6-9e1d-7d946f95d492: start LeaderElection
2019-10-20 13:11:02,400 [7660b851-9671-46a6-9e1d-7d946f95d492@group-42C3DBE2B33D-LeaderElection3323] INFO  impl.LeaderElection (LeaderElection.java:askForVotes(178)) - 7660b851-9671-46a6-9e1d-7d946f95d492@group-42C3DBE2B33D-LeaderElection3323: begin an election at term 27 for -1: [fdf19479-69c2-4639-b68c-6adde78ca28a:192.168.157.204:42858, 1ac0a8d4-e534-43ce-83b1-426d47a3040d:192.168.157.204:32953, 7660b851-9671-46a6-9e1d-7d946f95d492:192.168.157.204:41682], old=null
2019-10-20 13:11:02,401 [grpc-default-executor-18] INFO  impl.RaftServerImpl (RaftServerImpl.java:setRole(184)) - fdf19479-69c2-4639-b68c-6adde78ca28a@group-42C3DBE2B33D: changes role from  FOLLOWER to FOLLOWER at term 27 for recognizeCandidate:7660b851-9671-46a6-9e1d-7d946f95d492
2019-10-20 13:11:02,401 [grpc-default-executor-18] INFO  impl.RoleInfo (RoleInfo.java:shutdownFollowerState(121)) - fdf19479-69c2-4639-b68c-6adde78ca28a: shutdown FollowerState
2019-10-20 13:11:02,402 [grpc-default-executor-18] INFO  impl.RoleInfo (RoleInfo.java:updateAndGet(143)) - fdf19479-69c2-4639-b68c-6adde78ca28a: start FollowerState
2019-10-20 13:11:02,402 [grpc-default-executor-10] INFO  impl.RaftServerImpl (RaftServerImpl.java:setRole(184)) - 1ac0a8d4-e534-43ce-83b1-426d47a3040d@group-42C3DBE2B33D: changes role from  FOLLOWER to FOLLOWER at term 27 for recognizeCandidate:7660b851-9671-46a6-9e1d-7d946f95d492
2019-10-20 13:11:02,402 [grpc-default-executor-10] INFO  impl.RoleInfo (RoleInfo.java:shutdownFollowerState(121)) - 1ac0a8d4-e534-43ce-83b1-426d47a3040d: shutdown FollowerState
2019-10-20 13:11:02,402 [Thread-24758] INFO  impl.FollowerState (FollowerState.java:run(117)) - fdf19479-69c2-4639-b68c-6adde78ca28a@group-42C3DBE2B33D-FollowerState was interrupted: java.lang.InterruptedException: sleep interrupted
2019-10-20 13:11:02,402 [Thread-24759] INFO  impl.FollowerState (FollowerState.java:run(117)) - 1ac0a8d4-e534-43ce-83b1-426d47a3040d@group-42C3DBE2B33D-FollowerState was interrupted: java.lang.InterruptedException: sleep interrupted
2019-10-20 13:11:02,402 [grpc-default-executor-10] INFO  impl.RoleInfo (RoleInfo.java:updateAndGet(143)) - 1ac0a8d4-e534-43ce-83b1-426d47a3040d: start FollowerState
2019-10-20 13:11:02,416 [7660b851-9671-46a6-9e1d-7d946f95d492@group-42C3DBE2B33D-LeaderElection3323] INFO  impl.LeaderElection (LeaderElection.java:logAndReturn(56)) - 7660b851-9671-46a6-9e1d-7d946f95d492@group-42C3DBE2B33D-LeaderElection3323: Election REJECTED; received 2 response(s) [7660b851-9671-46a6-9e1d-7d946f95d492<-fdf19479-69c2-4639-b68c-6adde78ca28a#0:FAIL-t27, 7660b851-9671-46a6-9e1d-7d946f95d492<-1ac0a8d4-e534-43ce-83b1-426d47a3040d#0:FAIL-t27] and 0 exception(s); 7660b851-9671-46a6-9e1d-7d946f95d492@group-42C3DBE2B33D:t27, leader=null, voted=7660b851-9671-46a6-9e1d-7d946f95d492, raftlog=7660b851-9671-46a6-9e1d-7d946f95d492@group-42C3DBE2B33D-SegmentedRaftLog:OPENED:c-1,f-1,i0, conf=-1: [fdf19479-69c2-4639-b68c-6adde78ca28a:192.168.157.204:42858, 1ac0a8d4-e534-43ce-83b1-426d47a3040d:192.168.157.204:32953, 7660b851-9671-46a6-9e1d-7d946f95d492:192.168.157.204:41682], old=null
2019-10-20 13:11:02,416 [7660b851-9671-46a6-9e1d-7d946f95d492@group-42C3DBE2B33D-LeaderElection3323] INFO  impl.RaftServerImpl (RaftServerImpl.java:setRole(184)) - 7660b851-9671-46a6-9e1d-7d946f95d492@group-42C3DBE2B33D: changes role from CANDIDATE to FOLLOWER at term 27 for DISCOVERED_A_NEW_TERM
2019-10-20 13:11:02,416 [7660b851-9671-46a6-9e1d-7d946f95d492@group-42C3DBE2B33D-LeaderElection3323] INFO  impl.RoleInfo (RoleInfo.java:shutdownLeaderElection(134)) - 7660b851-9671-46a6-9e1d-7d946f95d492: shutdown LeaderElection
2019-10-20 13:11:02,416 [7660b851-9671-46a6-9e1d-7d946f95d492@group-42C3DBE2B33D-LeaderElection3323] INFO  impl.RoleInfo (RoleInfo.java:updateAndGet(143)) - 7660b851-9671-46a6-9e1d-7d946f95d492: start FollowerState
2019-10-20 13:11:02,442 [Thread-24768] INFO  impl.FollowerState (FollowerState.java:run(108)) - 7660b851-9671-46a6-9e1d-7d946f95d492@group-42C3DBE2B33D-FollowerState: change to CANDIDATE, lastRpcTime:26ms, electionTimeout:26ms
2019-10-20 13:11:02,442 [Thread-24768] INFO  impl.RoleInfo (RoleInfo.java:shutdownFollowerState(121)) - 7660b851-9671-46a6-9e1d-7d946f95d492: shutdown FollowerState
2019-10-20 13:11:02,442 [Thread-24768] INFO  impl.RaftServerImpl (RaftServerImpl.java:setRole(184)) - 7660b851-9671-46a6-9e1d-7d946f95d492@group-42C3DBE2B33D: changes role from  FOLLOWER to CANDIDATE at term 27 for changeToCandidate
2019-10-20 13:11:02,443 [Thread-24768] INFO  impl.RoleInfo (RoleInfo.java:updateAndGet(143)) - 7660b851-9671-46a6-9e1d-7d946f95d492: start LeaderElection
2019-10-20 13:11:02,455 [7660b851-9671-46a6-9e1d-7d946f95d492@group-42C3DBE2B33D-LeaderElection3324] INFO  impl.LeaderElection (LeaderElection.java:askForVotes(178)) - 7660b851-9671-46a6-9e1d-7d946f95d492@group-42C3DBE2B33D-LeaderElection3324: begin an election at term 28 for -1: [fdf19479-69c2-4639-b68c-6adde78ca28a:192.168.157.204:42858, 1ac0a8d4-e534-43ce-83b1-426d47a3040d:192.168.157.204:32953, 7660b851-9671-46a6-9e1d-7d946f95d492:192.168.157.204:41682], old=null
2019-10-20 13:11:02,456 [grpc-default-executor-18] INFO  impl.RaftServerImpl (RaftServerImpl.java:setRole(184)) - fdf19479-69c2-4639-b68c-6adde78ca28a@group-42C3DBE2B33D: changes role from  FOLLOWER to FOLLOWER at term 28 for recognizeCandidate:7660b851-9671-46a6-9e1d-7d946f95d492
2019-10-20 13:11:02,456 [grpc-default-executor-18] INFO  impl.RoleInfo (RoleInfo.java:shutdownFollowerState(121)) - fdf19479-69c2-4639-b68c-6adde78ca28a: shutdown FollowerState
2019-10-20 13:11:02,456 [grpc-default-executor-18] INFO  impl.RoleInfo (RoleInfo.java:updateAndGet(143)) - fdf19479-69c2-4639-b68c-6adde78ca28a: start FollowerState
2019-10-20 13:11:02,456 [grpc-default-executor-10] INFO  impl.RaftServerImpl (RaftServerImpl.java:setRole(184)) - 1ac0a8d4-e534-43ce-83b1-426d47a3040d@group-42C3DBE2B33D: changes role from  FOLLOWER to FOLLOWER at term 28 for recognizeCandidate:7660b851-9671-46a6-9e1d-7d946f95d492
2019-10-20 13:11:02,457 [grpc-default-executor-10] INFO  impl.RoleInfo (RoleInfo.java:shutdownFollowerState(121)) - 1ac0a8d4-e534-43ce-83b1-426d47a3040d: shutdown FollowerState
2019-10-20 13:11:02,456 [Thread-24766] INFO  impl.FollowerState (FollowerState.java:run(117)) - fdf19479-69c2-4639-b68c-6adde78ca28a@group-42C3DBE2B33D-FollowerState was interrupted: java.lang.InterruptedException: sleep interrupted
2019-10-20 13:11:02,457 [grpc-default-executor-10] INFO  impl.RoleInfo (RoleInfo.java:updateAndGet(143)) - 1ac0a8d4-e534-43ce-83b1-426d47a3040d: start FollowerState
2019-10-20 13:11:02,457 [Thread-24767] INFO  impl.FollowerState (FollowerState.java:run(117)) - 1ac0a8d4-e534-43ce-83b1-426d47a3040d@group-42C3DBE2B33D-FollowerState was interrupted: java.lang.InterruptedException: sleep interrupted
2019-10-20 13:11:02,482 [7660b851-9671-46a6-9e1d-7d946f95d492@group-42C3DBE2B33D-LeaderElection3324] INFO  impl.LeaderElection (LeaderElection.java:logAndReturn(56)) - 7660b851-9671-46a6-9e1d-7d946f95d492@group-42C3DBE2B33D-LeaderElection3324: Election REJECTED; received 2 response(s) [7660b851-9671-46a6-9e1d-7d946f95d492<-fdf19479-69c2-4639-b68c-6adde78ca28a#0:FAIL-t28, 7660b851-9671-46a6-9e1d-7d946f95d492<-1ac0a8d4-e534-43ce-83b1-426d47a3040d#0:FAIL-t28] and 0 exception(s); 7660b851-9671-46a6-9e1d-7d946f95d492@group-42C3DBE2B33D:t28, leader=null, voted=7660b851-9671-46a6-9e1d-7d946f95d492, raftlog=7660b851-9671-46a6-9e1d-7d946f95d492@group-42C3DBE2B33D-SegmentedRaftLog:OPENED:c-1,f-1,i0, conf=-1: [fdf19479-69c2-4639-b68c-6adde78ca28a:192.168.157.204:42858, 1ac0a8d4-e534-43ce-83b1-426d47a3040d:192.168.157.204:32953, 7660b851-9671-46a6-9e1d-7d946f95d492:192.168.157.204:41682], old=null
2019-10-20 13:11:02,482 [7660b851-9671-46a6-9e1d-7d946f95d492@group-42C3DBE2B33D-LeaderElection3324] INFO  impl.RaftServerImpl (RaftServerImpl.java:setRole(184)) - 7660b851-9671-46a6-9e1d-7d946f95d492@group-42C3DBE2B33D: changes role from CANDIDATE to FOLLOWER at term 28 for DISCOVERED_A_NEW_TERM
2019-10-20 13:11:02,482 [7660b851-9671-46a6-9e1d-7d946f95d492@group-42C3DBE2B33D-LeaderElection3324] INFO  impl.RoleInfo (RoleInfo.java:shutdownLeaderElection(134)) - 7660b851-9671-46a6-9e1d-7d946f95d492: shutdown LeaderElection
2019-10-20 13:11:02,482 [7660b851-9671-46a6-9e1d-7d946f95d492@group-42C3DBE2B33D-LeaderElection3324] INFO  impl.RoleInfo (RoleInfo.java:updateAndGet(143)) - 7660b851-9671-46a6-9e1d-7d946f95d492: start FollowerState
2019-10-20 13:11:02,515 [Thread-24774] INFO  impl.FollowerState (FollowerState.java:run(108)) - 7660b851-9671-46a6-9e1d-7d946f95d492@group-42C3DBE2B33D-FollowerState: change to CANDIDATE, lastRpcTime:33ms, electionTimeout:33ms
2019-10-20 13:11:02,515 [Thread-24774] INFO  impl.RoleInfo (RoleInfo.java:shutdownFollowerState(121)) - 7660b851-9671-46a6-9e1d-7d946f95d492: shutdown FollowerState
2019-10-20 13:11:02,516 [Thread-24774] INFO  impl.RaftServerImpl (RaftServerImpl.java:setRole(184)) - 7660b851-9671-46a6-9e1d-7d946f95d492@group-42C3DBE2B33D: changes role from  FOLLOWER to CANDIDATE at term 28 for changeToCandidate
2019-10-20 13:11:02,516 [Thread-24774] INFO  impl.RoleInfo (RoleInfo.java:updateAndGet(143)) - 7660b851-9671-46a6-9e1d-7d946f95d492: start LeaderElection
2019-10-20 13:11:02,528 [7660b851-9671-46a6-9e1d-7d946f95d492@group-42C3DBE2B33D-LeaderElection3325] INFO  impl.LeaderElection (LeaderElection.java:askForVotes(178)) - 7660b851-9671-46a6-9e1d-7d946f95d492@group-42C3DBE2B33D-LeaderElection3325: begin an election at term 29 for -1: [fdf19479-69c2-4639-b68c-6adde78ca28a:192.168.157.204:42858, 1ac0a8d4-e534-43ce-83b1-426d47a3040d:192.168.157.204:32953, 7660b851-9671-46a6-9e1d-7d946f95d492:192.168.157.204:41682], old=null
2019-10-20 13:11:02,529 [grpc-default-executor-18] INFO  impl.RaftServerImpl (RaftServerImpl.java:setRole(184)) - fdf19479-69c2-4639-b68c-6adde78ca28a@group-42C3DBE2B33D: changes role from  FOLLOWER to FOLLOWER at term 29 for recognizeCandidate:7660b851-9671-46a6-9e1d-7d946f95d492
2019-10-20 13:11:02,529 [grpc-default-executor-18] INFO  impl.RoleInfo (RoleInfo.java:shutdownFollowerState(121)) - fdf19479-69c2-4639-b68c-6adde78ca28a: shutdown FollowerState
2019-10-20 13:11:02,529 [grpc-default-executor-18] INFO  impl.RoleInfo (RoleInfo.java:updateAndGet(143)) - fdf19479-69c2-4639-b68c-6adde78ca28a: start FollowerState
2019-10-20 13:11:02,529 [Thread-24772] INFO  impl.FollowerState (FollowerState.java:run(117)) - fdf19479-69c2-4639-b68c-6adde78ca28a@group-42C3DBE2B33D-FollowerState was interrupted: java.lang.InterruptedException: sleep interrupted
2019-10-20 13:11:02,529 [grpc-default-executor-10] INFO  impl.RaftServerImpl (RaftServerImpl.java:setRole(184)) - 1ac0a8d4-e534-43ce-83b1-426d47a3040d@group-42C3DBE2B33D: changes role from  FOLLOWER to FOLLOWER at term 29 for recognizeCandidate:7660b851-9671-46a6-9e1d-7d946f95d492
2019-10-20 13:11:02,529 [grpc-default-executor-10] INFO  impl.RoleInfo (RoleInfo.java:shutdownFollowerState(121)) - 1ac0a8d4-e534-43ce-83b1-426d47a3040d: shutdown FollowerState
2019-10-20 13:11:02,530 [grpc-default-executor-10] INFO  impl.RoleInfo (RoleInfo.java:updateAndGet(143)) - 1ac0a8d4-e534-43ce-83b1-426d47a3040d: start FollowerState
2019-10-20 13:11:02,530 [Thread-24773] INFO  impl.FollowerState (FollowerState.java:run(117)) - 1ac0a8d4-e534-43ce-83b1-426d47a3040d@group-42C3DBE2B33D-FollowerState was interrupted: java.lang.InterruptedException: sleep interrupted
2019-10-20 13:11:02,548 [7660b851-9671-46a6-9e1d-7d946f95d492@group-42C3DBE2B33D-LeaderElection3325] INFO  impl.LeaderElection (LeaderElection.java:logAndReturn(56)) - 7660b851-9671-46a6-9e1d-7d946f95d492@group-42C3DBE2B33D-LeaderElection3325: Election REJECTED; received 2 response(s) [7660b851-9671-46a6-9e1d-7d946f95d492<-fdf19479-69c2-4639-b68c-6adde78ca28a#0:FAIL-t29, 7660b851-9671-46a6-9e1d-7d946f95d492<-1ac0a8d4-e534-43ce-83b1-426d47a3040d#0:FAIL-t29] and 0 exception(s); 7660b851-9671-46a6-9e1d-7d946f95d492@group-42C3DBE2B33D:t29, leader=null, voted=7660b851-9671-46a6-9e1d-7d946f95d492, raftlog=7660b851-9671-46a6-9e1d-7d946f95d492@group-42C3DBE2B33D-SegmentedRaftLog:OPENED:c-1,f-1,i0, conf=-1: [fdf19479-69c2-4639-b68c-6adde78ca28a:192.168.157.204:42858, 1ac0a8d4-e534-43ce-83b1-426d47a3040d:192.168.157.204:32953, 7660b851-9671-46a6-9e1d-7d946f95d492:192.168.157.204:41682], old=null
2019-10-20 13:11:02,548 [7660b851-9671-46a6-9e1d-7d946f95d492@group-42C3DBE2B33D-LeaderElection3325] INFO  impl.RaftServerImpl (RaftServerImpl.java:setRole(184)) - 7660b851-9671-46a6-9e1d-7d946f95d492@group-42C3DBE2B33D: changes role from CANDIDATE to FOLLOWER at term 29 for DISCOVERED_A_NEW_TERM
2019-10-20 13:11:02,548 [7660b851-9671-46a6-9e1d-7d946f95d492@group-42C3DBE2B33D-LeaderElection3325] INFO  impl.RoleInfo (RoleInfo.java:shutdownLeaderElection(134)) - 7660b851-9671-46a6-9e1d-7d946f95d492: shutdown LeaderElection
2019-10-20 13:11:02,548 [7660b851-9671-46a6-9e1d-7d946f95d492@group-42C3DBE2B33D-LeaderElection3325] INFO  impl.RoleInfo (RoleInfo.java:updateAndGet(143)) - 7660b851-9671-46a6-9e1d-7d946f95d492: start FollowerState
2019-10-20 13:11:02,735 [Thread-24780] INFO  impl.FollowerState (FollowerState.java:run(108)) - 7660b851-9671-46a6-9e1d-7d946f95d492@group-42C3DBE2B33D-FollowerState: change to CANDIDATE, lastRpcTime:186ms, electionTimeout:186ms
2019-10-20 13:11:02,735 [Thread-24780] INFO  impl.RoleInfo (RoleInfo.java:shutdownFollowerState(121)) - 7660b851-9671-46a6-9e1d-7d946f95d492: shutdown FollowerState
2019-10-20 13:11:02,735 [Thread-24780] INFO  impl.RaftServerImpl (RaftServerImpl.java:setRole(184)) - 7660b851-9671-46a6-9e1d-7d946f95d492@group-42C3DBE2B33D: changes role from  FOLLOWER to CANDIDATE at term 29 for changeToCandidate
2019-10-20 13:11:02,735 [Thread-24780] INFO  impl.RoleInfo (RoleInfo.java:updateAndGet(143)) - 7660b851-9671-46a6-9e1d-7d946f95d492: start LeaderElection
2019-10-20 13:11:02,758 [7660b851-9671-46a6-9e1d-7d946f95d492@group-42C3DBE2B33D-LeaderElection3326] INFO  impl.LeaderElection (LeaderElection.java:askForVotes(178)) - 7660b851-9671-46a6-9e1d-7d946f95d492@group-42C3DBE2B33D-LeaderElection3326: begin an election at term 30 for -1: [fdf19479-69c2-4639-b68c-6adde78ca28a:192.168.157.204:42858, 1ac0a8d4-e534-43ce-83b1-426d47a3040d:192.168.157.204:32953, 7660b851-9671-46a6-9e1d-7d946f95d492:192.168.157.204:41682], old=null
2019-10-20 13:11:02,759 [grpc-default-executor-10] INFO  impl.RaftServerImpl (RaftServerImpl.java:setRole(184)) - fdf19479-69c2-4639-b68c-6adde78ca28a@group-42C3DBE2B33D: changes role from  FOLLOWER to FOLLOWER at term 30 for recognizeCandidate:7660b851-9671-46a6-9e1d-7d946f95d492
2019-10-20 13:11:02,759 [grpc-default-executor-10] INFO  impl.RoleInfo (RoleInfo.java:shutdownFollowerState(121)) - fdf19479-69c2-4639-b68c-6adde78ca28a: shutdown FollowerState
2019-10-20 13:11:02,759 [grpc-default-executor-10] INFO  impl.RoleInfo (RoleInfo.java:updateAndGet(143)) - fdf19479-69c2-4639-b68c-6adde78ca28a: start FollowerState
2019-10-20 13:11:02,759 [Thread-24778] INFO  impl.FollowerState (FollowerState.java:run(117)) - fdf19479-69c2-4639-b68c-6adde78ca28a@group-42C3DBE2B33D-FollowerState was interrupted: java.lang.InterruptedException: sleep interrupted
2019-10-20 13:11:02,760 [grpc-default-executor-18] INFO  impl.RaftServerImpl (RaftServerImpl.java:setRole(184)) - 1ac0a8d4-e534-43ce-83b1-426d47a3040d@group-42C3DBE2B33D: changes role from  FOLLOWER to FOLLOWER at term 30 for recognizeCandidate:7660b851-9671-46a6-9e1d-7d946f95d492
2019-10-20 13:11:02,760 [grpc-default-executor-18] INFO  impl.RoleInfo (RoleInfo.java:shutdownFollowerState(121)) - 1ac0a8d4-e534-43ce-83b1-426d47a3040d: shutdown FollowerState
2019-10-20 13:11:02,760 [grpc-default-executor-18] INFO  impl.RoleInfo (RoleInfo.java:updateAndGet(143)) - 1ac0a8d4-e534-43ce-83b1-426d47a3040d: start FollowerState
2019-10-20 13:11:02,760 [Thread-24779] INFO  impl.FollowerState (FollowerState.java:run(117)) - 1ac0a8d4-e534-43ce-83b1-426d47a3040d@group-42C3DBE2B33D-FollowerState was interrupted: java.lang.InterruptedException: sleep interrupted
2019-10-20 13:11:02,784 [7660b851-9671-46a6-9e1d-7d946f95d492@group-42C3DBE2B33D-LeaderElection3326] INFO  impl.LeaderElection (LeaderElection.java:logAndReturn(56)) - 7660b851-9671-46a6-9e1d-7d946f95d492@group-42C3DBE2B33D-LeaderElection3326: Election REJECTED; received 2 response(s) [7660b851-9671-46a6-9e1d-7d946f95d492<-fdf19479-69c2-4639-b68c-6adde78ca28a#0:FAIL-t30, 7660b851-9671-46a6-9e1d-7d946f95d492<-1ac0a8d4-e534-43ce-83b1-426d47a3040d#0:FAIL-t30] and 0 exception(s); 7660b851-9671-46a6-9e1d-7d946f95d492@group-42C3DBE2B33D:t30, leader=null, voted=7660b851-9671-46a6-9e1d-7d946f95d492, raftlog=7660b851-9671-46a6-9e1d-7d946f95d492@group-42C3DBE2B33D-SegmentedRaftLog:OPENED:c-1,f-1,i0, conf=-1: [fdf19479-69c2-4639-b68c-6adde78ca28a:192.168.157.204:42858, 1ac0a8d4-e534-43ce-83b1-426d47a3040d:192.168.157.204:32953, 7660b851-9671-46a6-9e1d-7d946f95d492:192.168.157.204:41682], old=null
2019-10-20 13:11:02,784 [7660b851-9671-46a6-9e1d-7d946f95d492@group-42C3DBE2B33D-LeaderElection3326] INFO  impl.RaftServerImpl (RaftServerImpl.java:setRole(184)) - 7660b851-9671-46a6-9e1d-7d946f95d492@group-42C3DBE2B33D: changes role from CANDIDATE to FOLLOWER at term 30 for DISCOVERED_A_NEW_TERM
2019-10-20 13:11:02,785 [7660b851-9671-46a6-9e1d-7d946f95d492@group-42C3DBE2B33D-LeaderElection3326] INFO  impl.RoleInfo (RoleInfo.java:shutdownLeaderElection(134)) - 7660b851-9671-46a6-9e1d-7d946f95d492: shutdown LeaderElection
2019-10-20 13:11:02,785 [7660b851-9671-46a6-9e1d-7d946f95d492@group-42C3DBE2B33D-LeaderElection3326] INFO  impl.RoleInfo (RoleInfo.java:updateAndGet(143)) - 7660b851-9671-46a6-9e1d-7d946f95d492: start FollowerState
2019-10-20 13:11:02,909 [Thread-24786] INFO  impl.FollowerState (FollowerState.java:run(108)) - 7660b851-9671-46a6-9e1d-7d946f95d492@group-42C3DBE2B33D-FollowerState: change to CANDIDATE, lastRpcTime:124ms, electionTimeout:124ms
2019-10-20 13:11:02,909 [Thread-24786] INFO  impl.RoleInfo (RoleInfo.java:shutdownFollowerState(121)) - 7660b851-9671-46a6-9e1d-7d946f95d492: shutdown FollowerState
2019-10-20 13:11:02,909 [Thread-24786] INFO  impl.RaftServerImpl (RaftServerImpl.java:setRole(184)) - 7660b851-9671-46a6-9e1d-7d946f95d492@group-42C3DBE2B33D: changes role from  FOLLOWER to CANDIDATE at term 30 for changeToCandidate
2019-10-20 13:11:02,909 [Thread-24786] INFO  impl.RoleInfo (RoleInfo.java:updateAndGet(143)) - 7660b851-9671-46a6-9e1d-7d946f95d492: start LeaderElection
2019-10-20 13:11:02,923 [7660b851-9671-46a6-9e1d-7d946f95d492@group-42C3DBE2B33D-LeaderElection3327] INFO  impl.LeaderElection (LeaderElection.java:askForVotes(178)) - 7660b851-9671-46a6-9e1d-7d946f95d492@group-42C3DBE2B33D-LeaderElection3327: begin an election at term 31 for -1: [fdf19479-69c2-4639-b68c-6adde78ca28a:192.168.157.204:42858, 1ac0a8d4-e534-43ce-83b1-426d47a3040d:192.168.157.204:32953, 7660b851-9671-46a6-9e1d-7d946f95d492:192.168.157.204:41682], old=null
2019-10-20 13:11:02,924 [grpc-default-executor-18] INFO  impl.RaftServerImpl (RaftServerImpl.java:setRole(184)) - fdf19479-69c2-4639-b68c-6adde78ca28a@group-42C3DBE2B33D: changes role from  FOLLOWER to FOLLOWER at term 31 for recognizeCandidate:7660b851-9671-46a6-9e1d-7d946f95d492
2019-10-20 13:11:02,924 [grpc-default-executor-18] INFO  impl.RoleInfo (RoleInfo.java:shutdownFollowerState(121)) - fdf19479-69c2-4639-b68c-6adde78ca28a: shutdown FollowerState
2019-10-20 13:11:02,924 [grpc-default-executor-18] INFO  impl.RoleInfo (RoleInfo.java:updateAndGet(143)) - fdf19479-69c2-4639-b68c-6adde78ca28a: start FollowerState
2019-10-20 13:11:02,924 [Thread-24784] INFO  impl.FollowerState (FollowerState.java:run(117)) - fdf19479-69c2-4639-b68c-6adde78ca28a@group-42C3DBE2B33D-FollowerState was interrupted: java.lang.InterruptedException: sleep interrupted
2019-10-20 13:11:02,924 [grpc-default-executor-10] INFO  impl.RaftServerImpl (RaftServerImpl.java:setRole(184)) - 1ac0a8d4-e534-43ce-83b1-426d47a3040d@group-42C3DBE2B33D: changes role from  FOLLOWER to FOLLOWER at term 31 for recognizeCandidate:7660b851-9671-46a6-9e1d-7d946f95d492
2019-10-20 13:11:02,924 [grpc-default-executor-10] INFO  impl.RoleInfo (RoleInfo.java:shutdownFollowerState(121)) - 1ac0a8d4-e534-43ce-83b1-426d47a3040d: shutdown FollowerState
2019-10-20 13:11:02,925 [grpc-default-executor-10] INFO  impl.RoleInfo (RoleInfo.java:updateAndGet(143)) - 1ac0a8d4-e534-43ce-83b1-426d47a3040d: start FollowerState
2019-10-20 13:11:02,925 [Thread-24785] INFO  impl.FollowerState (FollowerState.java:run(117)) - 1ac0a8d4-e534-43ce-83b1-426d47a3040d@group-42C3DBE2B33D-FollowerState was interrupted: java.lang.InterruptedException: sleep interrupted
2019-10-20 13:11:02,949 [7660b851-9671-46a6-9e1d-7d946f95d492@group-42C3DBE2B33D-LeaderElection3327] INFO  impl.LeaderElection (LeaderElection.java:logAndReturn(56)) - 7660b851-9671-46a6-9e1d-7d946f95d492@group-42C3DBE2B33D-LeaderElection3327: Election REJECTED; received 2 response(s) [7660b851-9671-46a6-9e1d-7d946f95d492<-fdf19479-69c2-4639-b68c-6adde78ca28a#0:FAIL-t31, 7660b851-9671-46a6-9e1d-7d946f95d492<-1ac0a8d4-e534-43ce-83b1-426d47a3040d#0:FAIL-t31] and 0 exception(s); 7660b851-9671-46a6-9e1d-7d946f95d492@group-42C3DBE2B33D:t31, leader=null, voted=7660b851-9671-46a6-9e1d-7d946f95d492, raftlog=7660b851-9671-46a6-9e1d-7d946f95d492@group-42C3DBE2B33D-SegmentedRaftLog:OPENED:c-1,f-1,i0, conf=-1: [fdf19479-69c2-4639-b68c-6adde78ca28a:192.168.157.204:42858, 1ac0a8d4-e534-43ce-83b1-426d47a3040d:192.168.157.204:32953, 7660b851-9671-46a6-9e1d-7d946f95d492:192.168.157.204:41682], old=null
2019-10-20 13:11:02,949 [7660b851-9671-46a6-9e1d-7d946f95d492@group-42C3DBE2B33D-LeaderElection3327] INFO  impl.RaftServerImpl (RaftServerImpl.java:setRole(184)) - 7660b851-9671-46a6-9e1d-7d946f95d492@group-42C3DBE2B33D: changes role from CANDIDATE to FOLLOWER at term 31 for DISCOVERED_A_NEW_TERM
2019-10-20 13:11:02,949 [7660b851-9671-46a6-9e1d-7d946f95d492@group-42C3DBE2B33D-LeaderElection3327] INFO  impl.RoleInfo (RoleInfo.java:shutdownLeaderElection(134)) - 7660b851-9671-46a6-9e1d-7d946f95d492: shutdown LeaderElection
2019-10-20 13:11:02,949 [7660b851-9671-46a6-9e1d-7d946f95d492@group-42C3DBE2B33D-LeaderElection3327] INFO  impl.RoleInfo (RoleInfo.java:updateAndGet(143)) - 7660b851-9671-46a6-9e1d-7d946f95d492: start FollowerState
2019-10-20 13:11:03,027 [Thread-24796] INFO  impl.FollowerState (FollowerState.java:run(108)) - 7660b851-9671-46a6-9e1d-7d946f95d492@group-42C3DBE2B33D-FollowerState: change to CANDIDATE, lastRpcTime:78ms, electionTimeout:78ms
2019-10-20 13:11:03,027 [Thread-24796] INFO  impl.RoleInfo (RoleInfo.java:shutdownFollowerState(121)) - 7660b851-9671-46a6-9e1d-7d946f95d492: shutdown FollowerState
2019-10-20 13:11:03,028 [Thread-24796] INFO  impl.RaftServerImpl (RaftServerImpl.java:setRole(184)) - 7660b851-9671-46a6-9e1d-7d946f95d492@group-42C3DBE2B33D: changes role from  FOLLOWER to CANDIDATE at term 31 for changeToCandidate
2019-10-20 13:11:03,028 [Thread-24796] INFO  impl.RoleInfo (RoleInfo.java:updateAndGet(143)) - 7660b851-9671-46a6-9e1d-7d946f95d492: start LeaderElection
2019-10-20 13:11:03,041 [7660b851-9671-46a6-9e1d-7d946f95d492@group-42C3DBE2B33D-LeaderElection3328] INFO  impl.LeaderElection (LeaderElection.java:askForVotes(178)) - 7660b851-9671-46a6-9e1d-7d946f95d492@group-42C3DBE2B33D-LeaderElection3328: begin an election at term 32 for -1: [fdf19479-69c2-4639-b68c-6adde78ca28a:192.168.157.204:42858, 1ac0a8d4-e534-43ce-83b1-426d47a3040d:192.168.157.204:32953, 7660b851-9671-46a6-9e1d-7d946f95d492:192.168.157.204:41682], old=null
2019-10-20 13:11:03,042 [grpc-default-executor-18] INFO  impl.RaftServerImpl (RaftServerImpl.java:setRole(184)) - fdf19479-69c2-4639-b68c-6adde78ca28a@group-42C3DBE2B33D: changes role from  FOLLOWER to FOLLOWER at term 32 for recognizeCandidate:7660b851-9671-46a6-9e1d-7d946f95d492
2019-10-20 13:11:03,042 [grpc-default-executor-18] INFO  impl.RoleInfo (RoleInfo.java:shutdownFollowerState(121)) - fdf19479-69c2-4639-b68c-6adde78ca28a: shutdown FollowerState
2019-10-20 13:11:03,043 [grpc-default-executor-18] INFO  impl.RoleInfo (RoleInfo.java:updateAndGet(143)) - fdf19479-69c2-4639-b68c-6adde78ca28a: start FollowerState
2019-10-20 13:11:03,043 [Thread-24794] INFO  impl.FollowerState (FollowerState.java:run(117)) - fdf19479-69c2-4639-b68c-6adde78ca28a@group-42C3DBE2B33D-FollowerState was interrupted: java.lang.InterruptedException: sleep interrupted
2019-10-20 13:11:03,043 [grpc-default-executor-10] INFO  impl.RaftServerImpl (RaftServerImpl.java:setRole(184)) - 1ac0a8d4-e534-43ce-83b1-426d47a3040d@group-42C3DBE2B33D: changes role from  FOLLOWER to FOLLOWER at term 32 for recognizeCandidate:7660b851-9671-46a6-9e1d-7d946f95d492
2019-10-20 13:11:03,043 [grpc-default-executor-10] INFO  impl.RoleInfo (RoleInfo.java:shutdownFollowerState(121)) - 1ac0a8d4-e534-43ce-83b1-426d47a3040d: shutdown FollowerState
2019-10-20 13:11:03,043 [grpc-default-executor-10] INFO  impl.RoleInfo (RoleInfo.java:updateAndGet(143)) - 1ac0a8d4-e534-43ce-83b1-426d47a3040d: start FollowerState
2019-10-20 13:11:03,043 [Thread-24795] INFO  impl.FollowerState (FollowerState.java:run(117)) - 1ac0a8d4-e534-43ce-83b1-426d47a3040d@group-42C3DBE2B33D-FollowerState was interrupted: java.lang.InterruptedException: sleep interrupted
2019-10-20 13:11:03,060 [7660b851-9671-46a6-9e1d-7d946f95d492@group-42C3DBE2B33D-LeaderElection3328] INFO  impl.LeaderElection (LeaderElection.java:logAndReturn(56)) - 7660b851-9671-46a6-9e1d-7d946f95d492@group-42C3DBE2B33D-LeaderElection3328: Election REJECTED; received 2 response(s) [7660b851-9671-46a6-9e1d-7d946f95d492<-fdf19479-69c2-4639-b68c-6adde78ca28a#0:FAIL-t32, 7660b851-9671-46a6-9e1d-7d946f95d492<-1ac0a8d4-e534-43ce-83b1-426d47a3040d#0:FAIL-t32] and 0 exception(s); 7660b851-9671-46a6-9e1d-7d946f95d492@group-42C3DBE2B33D:t32, leader=null, voted=7660b851-9671-46a6-9e1d-7d946f95d492, raftlog=7660b851-9671-46a6-9e1d-7d946f95d492@group-42C3DBE2B33D-SegmentedRaftLog:OPENED:c-1,f-1,i0, conf=-1: [fdf19479-69c2-4639-b68c-6adde78ca28a:192.168.157.204:42858, 1ac0a8d4-e534-43ce-83b1-426d47a3040d:192.168.157.204:32953, 7660b851-9671-46a6-9e1d-7d946f95d492:192.168.157.204:41682], old=null
2019-10-20 13:11:03,061 [7660b851-9671-46a6-9e1d-7d946f95d492@group-42C3DBE2B33D-LeaderElection3328] INFO  impl.RaftServerImpl (RaftServerImpl.java:setRole(184)) - 7660b851-9671-46a6-9e1d-7d946f95d492@group-42C3DBE2B33D: changes role from CANDIDATE to FOLLOWER at term 32 for DISCOVERED_A_NEW_TERM
2019-10-20 13:11:03,061 [7660b851-9671-46a6-9e1d-7d946f95d492@group-42C3DBE2B33D-LeaderElection3328] INFO  impl.RoleInfo (RoleInfo.java:shutdownLeaderElection(134)) - 7660b851-9671-46a6-9e1d-7d946f95d492: shutdown LeaderElection
2019-10-20 13:11:03,061 [7660b851-9671-46a6-9e1d-7d946f95d492@group-42C3DBE2B33D-LeaderElection3328] INFO  impl.RoleInfo (RoleInfo.java:updateAndGet(143)) - 7660b851-9671-46a6-9e1d-7d946f95d492: start FollowerState
2019-10-20 13:11:03,136 [Thread-24802] INFO  impl.FollowerState (FollowerState.java:run(108)) - 7660b851-9671-46a6-9e1d-7d946f95d492@group-42C3DBE2B33D-FollowerState: change to CANDIDATE, lastRpcTime:74ms, electionTimeout:74ms
2019-10-20 13:11:03,136 [Thread-24802] INFO  impl.RoleInfo (RoleInfo.java:shutdownFollowerState(121)) - 7660b851-9671-46a6-9e1d-7d946f95d492: shutdown FollowerState
2019-10-20 13:11:03,136 [Thread-24802] INFO  impl.RaftServerImpl (RaftServerImpl.java:setRole(184)) - 7660b851-9671-46a6-9e1d-7d946f95d492@group-42C3DBE2B33D: changes role from  FOLLOWER to CANDIDATE at term 32 for changeToCandidate
2019-10-20 13:11:03,136 [Thread-24802] INFO  impl.RoleInfo (RoleInfo.java:updateAndGet(143)) - 7660b851-9671-46a6-9e1d-7d946f95d492: start LeaderElection
2019-10-20 13:11:03,157 [7660b851-9671-46a6-9e1d-7d946f95d492@group-42C3DBE2B33D-LeaderElection3329] INFO  impl.LeaderElection (LeaderElection.java:askForVotes(178)) - 7660b851-9671-46a6-9e1d-7d946f95d492@group-42C3DBE2B33D-LeaderElection3329: begin an election at term 33 for -1: [fdf19479-69c2-4639-b68c-6adde78ca28a:192.168.157.204:42858, 1ac0a8d4-e534-43ce-83b1-426d47a3040d:192.168.157.204:32953, 7660b851-9671-46a6-9e1d-7d946f95d492:192.168.157.204:41682], old=null
2019-10-20 13:11:03,158 [grpc-default-executor-18] INFO  impl.RaftServerImpl (RaftServerImpl.java:setRole(184)) - fdf19479-69c2-4639-b68c-6adde78ca28a@group-42C3DBE2B33D: changes role from  FOLLOWER to FOLLOWER at term 33 for recognizeCandidate:7660b851-9671-46a6-9e1d-7d946f95d492
2019-10-20 13:11:03,159 [grpc-default-executor-18] INFO  impl.RoleInfo (RoleInfo.java:shutdownFollowerState(121)) - fdf19479-69c2-4639-b68c-6adde78ca28a: shutdown FollowerState
2019-10-20 13:11:03,159 [grpc-default-executor-18] INFO  impl.RoleInfo (RoleInfo.java:updateAndGet(143)) - fdf19479-69c2-4639-b68c-6adde78ca28a: start FollowerState
2019-10-20 13:11:03,159 [Thread-24800] INFO  impl.FollowerState (FollowerState.java:run(117)) - fdf19479-69c2-4639-b68c-6adde78ca28a@group-42C3DBE2B33D-FollowerState was interrupted: java.lang.InterruptedException: sleep interrupted
2019-10-20 13:11:03,159 [grpc-default-executor-10] INFO  impl.RaftServerImpl (RaftServerImpl.java:setRole(184)) - 1ac0a8d4-e534-43ce-83b1-426d47a3040d@group-42C3DBE2B33D: changes role from  FOLLOWER to FOLLOWER at term 33 for recognizeCandidate:7660b851-9671-46a6-9e1d-7d946f95d492
2019-10-20 13:11:03,159 [grpc-default-executor-10] INFO  impl.RoleInfo (RoleInfo.java:shutdownFollowerState(121)) - 1ac0a8d4-e534-43ce-83b1-426d47a3040d: shutdown FollowerState
2019-10-20 13:11:03,159 [grpc-default-executor-10] INFO  impl.RoleInfo (RoleInfo.java:updateAndGet(143)) - 1ac0a8d4-e534-43ce-83b1-426d47a3040d: start FollowerState
2019-10-20 13:11:03,159 [Thread-24801] INFO  impl.FollowerState (FollowerState.java:run(117)) - 1ac0a8d4-e534-43ce-83b1-426d47a3040d@group-42C3DBE2B33D-FollowerState was interrupted: java.lang.InterruptedException: sleep interrupted
2019-10-20 13:11:03,172 [7660b851-9671-46a6-9e1d-7d946f95d492@group-42C3DBE2B33D-LeaderElection3329] INFO  impl.LeaderElection (LeaderElection.java:logAndReturn(56)) - 7660b851-9671-46a6-9e1d-7d946f95d492@group-42C3DBE2B33D-LeaderElection3329: Election REJECTED; received 2 response(s) [7660b851-9671-46a6-9e1d-7d946f95d492<-fdf19479-69c2-4639-b68c-6adde78ca28a#0:FAIL-t33, 7660b851-9671-46a6-9e1d-7d946f95d492<-1ac0a8d4-e534-43ce-83b1-426d47a3040d#0:FAIL-t33] and 0 exception(s); 7660b851-9671-46a6-9e1d-7d946f95d492@group-42C3DBE2B33D:t33, leader=null, voted=7660b851-9671-46a6-9e1d-7d946f95d492, raftlog=7660b851-9671-46a6-9e1d-7d946f95d492@group-42C3DBE2B33D-SegmentedRaftLog:OPENED:c-1,f-1,i0, conf=-1: [fdf19479-69c2-4639-b68c-6adde78ca28a:192.168.157.204:42858, 1ac0a8d4-e534-43ce-83b1-426d47a3040d:192.168.157.204:32953, 7660b851-9671-46a6-9e1d-7d946f95d492:192.168.157.204:41682], old=null
2019-10-20 13:11:03,172 [7660b851-9671-46a6-9e1d-7d946f95d492@group-42C3DBE2B33D-LeaderElection3329] INFO  impl.RaftServerImpl (RaftServerImpl.java:setRole(184)) - 7660b851-9671-46a6-9e1d-7d946f95d492@group-42C3DBE2B33D: changes role from CANDIDATE to FOLLOWER at term 33 for DISCOVERED_A_NEW_TERM
2019-10-20 13:11:03,172 [7660b851-9671-46a6-9e1d-7d946f95d492@group-42C3DBE2B33D-LeaderElection3329] INFO  impl.RoleInfo (RoleInfo.java:shutdownLeaderElection(134)) - 7660b851-9671-46a6-9e1d-7d946f95d492: shutdown LeaderElection
2019-10-20 13:11:03,173 [7660b851-9671-46a6-9e1d-7d946f95d492@group-42C3DBE2B33D-LeaderElection3329] INFO  impl.RoleInfo (RoleInfo.java:updateAndGet(143)) - 7660b851-9671-46a6-9e1d-7d946f95d492: start FollowerState
2019-10-20 13:11:03,336 [Thread-24810] INFO  impl.FollowerState (FollowerState.java:run(108)) - 7660b851-9671-46a6-9e1d-7d946f95d492@group-42C3DBE2B33D-FollowerState: change to CANDIDATE, lastRpcTime:163ms, electionTimeout:163ms
2019-10-20 13:11:03,336 [Thread-24810] INFO  impl.RoleInfo (RoleInfo.java:shutdownFollowerState(121)) - 7660b851-9671-46a6-9e1d-7d946f95d492: shutdown FollowerState
2019-10-20 13:11:03,336 [Thread-24810] INFO  impl.RaftServerImpl (RaftServerImpl.java:setRole(184)) - 7660b851-9671-46a6-9e1d-7d946f95d492@group-42C3DBE2B33D: changes role from  FOLLOWER to CANDIDATE at term 33 for changeToCandidate
2019-10-20 13:11:03,336 [Thread-24810] INFO  impl.RoleInfo (RoleInfo.java:updateAndGet(143)) - 7660b851-9671-46a6-9e1d-7d946f95d492: start LeaderElection
2019-10-20 13:11:03,350 [7660b851-9671-46a6-9e1d-7d946f95d492@group-42C3DBE2B33D-LeaderElection3330] INFO  impl.LeaderElection (LeaderElection.java:askForVotes(178)) - 7660b851-9671-46a6-9e1d-7d946f95d492@group-42C3DBE2B33D-LeaderElection3330: begin an election at term 34 for -1: [fdf19479-69c2-4639-b68c-6adde78ca28a:192.168.157.204:42858, 1ac0a8d4-e534-43ce-83b1-426d47a3040d:192.168.157.204:32953, 7660b851-9671-46a6-9e1d-7d946f95d492:192.168.157.204:41682], old=null
2019-10-20 13:11:03,352 [grpc-default-executor-10] INFO  impl.RaftServerImpl (RaftServerImpl.java:setRole(184)) - fdf19479-69c2-4639-b68c-6adde78ca28a@group-42C3DBE2B33D: changes role from  FOLLOWER to FOLLOWER at term 34 for recognizeCandidate:7660b851-9671-46a6-9e1d-7d946f95d492
2019-10-20 13:11:03,352 [grpc-default-executor-18] INFO  impl.RaftServerImpl (RaftServerImpl.java:setRole(184)) - 1ac0a8d4-e534-43ce-83b1-426d47a3040d@group-42C3DBE2B33D: changes role from  FOLLOWER to FOLLOWER at term 34 for recognizeCandidate:7660b851-9671-46a6-9e1d-7d946f95d492
2019-10-20 13:11:03,352 [grpc-default-executor-18] INFO  impl.RoleInfo (RoleInfo.java:shutdownFollowerState(121)) - 1ac0a8d4-e534-43ce-83b1-426d47a3040d: shutdown FollowerState
2019-10-20 13:11:03,352 [grpc-default-executor-10] INFO  impl.RoleInfo (RoleInfo.java:shutdownFollowerState(121)) - fdf19479-69c2-4639-b68c-6adde78ca28a: shutdown FollowerState
2019-10-20 13:11:03,352 [Thread-24809] INFO  impl.FollowerState (FollowerState.java:run(117)) - 1ac0a8d4-e534-43ce-83b1-426d47a3040d@group-42C3DBE2B33D-FollowerState was interrupted: java.lang.InterruptedException: sleep interrupted
2019-10-20 13:11:03,353 [Thread-24808] INFO  impl.FollowerState (FollowerState.java:run(117)) - fdf19479-69c2-4639-b68c-6adde78ca28a@group-42C3DBE2B33D-FollowerState was interrupted: java.lang.InterruptedException: sleep interrupted
2019-10-20 13:11:03,352 [grpc-default-executor-18] INFO  impl.RoleInfo (RoleInfo.java:updateAndGet(143)) - 1ac0a8d4-e534-43ce-83b1-426d47a3040d: start FollowerState
2019-10-20 13:11:03,352 [grpc-default-executor-10] INFO  impl.RoleInfo (RoleInfo.java:updateAndGet(143)) - fdf19479-69c2-4639-b68c-6adde78ca28a: start FollowerState
2019-10-20 13:11:03,367 [7660b851-9671-46a6-9e1d-7d946f95d492@group-42C3DBE2B33D-LeaderElection3330] INFO  impl.LeaderElection (LeaderElection.java:logAndReturn(56)) - 7660b851-9671-46a6-9e1d-7d946f95d492@group-42C3DBE2B33D-LeaderElection3330: Election REJECTED; received 2 response(s) [7660b851-9671-46a6-9e1d-7d946f95d492<-fdf19479-69c2-4639-b68c-6adde78ca28a#0:FAIL-t34, 7660b851-9671-46a6-9e1d-7d946f95d492<-1ac0a8d4-e534-43ce-83b1-426d47a3040d#0:FAIL-t34] and 0 exception(s); 7660b851-9671-46a6-9e1d-7d946f95d492@group-42C3DBE2B33D:t34, leader=null, voted=7660b851-9671-46a6-9e1d-7d946f95d492, raftlog=7660b851-9671-46a6-9e1d-7d946f95d492@group-42C3DBE2B33D-SegmentedRaftLog:OPENED:c-1,f-1,i0, conf=-1: [fdf19479-69c2-4639-b68c-6adde78ca28a:192.168.157.204:42858, 1ac0a8d4-e534-43ce-83b1-426d47a3040d:192.168.157.204:32953, 7660b851-9671-46a6-9e1d-7d946f95d492:192.168.157.204:41682], old=null
2019-10-20 13:11:03,367 [7660b851-9671-46a6-9e1d-7d946f95d492@group-42C3DBE2B33D-LeaderElection3330] INFO  impl.RaftServerImpl (RaftServerImpl.java:setRole(184)) - 7660b851-9671-46a6-9e1d-7d946f95d492@group-42C3DBE2B33D: changes role from CANDIDATE to FOLLOWER at term 34 for DISCOVERED_A_NEW_TERM
2019-10-20 13:11:03,368 [7660b851-9671-46a6-9e1d-7d946f95d492@group-42C3DBE2B33D-LeaderElection3330] INFO  impl.RoleInfo (RoleInfo.java:shutdownLeaderElection(134)) - 7660b851-9671-46a6-9e1d-7d946f95d492: shutdown LeaderElection
2019-10-20 13:11:03,368 [7660b851-9671-46a6-9e1d-7d946f95d492@group-42C3DBE2B33D-LeaderElection3330] INFO  impl.RoleInfo (RoleInfo.java:updateAndGet(143)) - 7660b851-9671-46a6-9e1d-7d946f95d492: start FollowerState
2019-10-20 13:11:03,379 [Thread-24818] INFO  impl.FollowerState (FollowerState.java:run(108)) - 7660b851-9671-46a6-9e1d-7d946f95d492@group-42C3DBE2B33D-FollowerState: change to CANDIDATE, lastRpcTime:11ms, electionTimeout:11ms
2019-10-20 13:11:03,379 [Thread-24818] INFO  impl.RoleInfo (RoleInfo.java:shutdownFollowerState(121)) - 7660b851-9671-46a6-9e1d-7d946f95d492: shutdown FollowerState
2019-10-20 13:11:03,379 [Thread-24818] INFO  impl.RaftServerImpl (RaftServerImpl.java:setRole(184)) - 7660b851-9671-46a6-9e1d-7d946f95d492@group-42C3DBE2B33D: changes role from  FOLLOWER to CANDIDATE at term 34 for changeToCandidate
2019-10-20 13:11:03,379 [Thread-24818] INFO  impl.RoleInfo (RoleInfo.java:updateAndGet(143)) - 7660b851-9671-46a6-9e1d-7d946f95d492: start LeaderElection
2019-10-20 13:11:03,393 [7660b851-9671-46a6-9e1d-7d946f95d492@group-42C3DBE2B33D-LeaderElection3331] INFO  impl.LeaderElection (LeaderElection.java:askForVotes(178)) - 7660b851-9671-46a6-9e1d-7d946f95d492@group-42C3DBE2B33D-LeaderElection3331: begin an election at term 35 for -1: [fdf19479-69c2-4639-b68c-6adde78ca28a:192.168.157.204:42858, 1ac0a8d4-e534-43ce-83b1-426d47a3040d:192.168.157.204:32953, 7660b851-9671-46a6-9e1d-7d946f95d492:192.168.157.204:41682], old=null
2019-10-20 13:11:03,394 [grpc-default-executor-10] INFO  impl.RaftServerImpl (RaftServerImpl.java:setRole(184)) - fdf19479-69c2-4639-b68c-6adde78ca28a@group-42C3DBE2B33D: changes role from  FOLLOWER to FOLLOWER at term 35 for recognizeCandidate:7660b851-9671-46a6-9e1d-7d946f95d492
2019-10-20 13:11:03,394 [grpc-default-executor-10] INFO  impl.RoleInfo (RoleInfo.java:shutdownFollowerState(121)) - fdf19479-69c2-4639-b68c-6adde78ca28a: shutdown FollowerState
2019-10-20 13:11:03,394 [grpc-default-executor-18] INFO  impl.RaftServerImpl (RaftServerImpl.java:setRole(184)) - 1ac0a8d4-e534-43ce-83b1-426d47a3040d@group-42C3DBE2B33D: changes role from  FOLLOWER to FOLLOWER at term 35 for recognizeCandidate:7660b851-9671-46a6-9e1d-7d946f95d492
2019-10-20 13:11:03,394 [grpc-default-executor-18] INFO  impl.RoleInfo (RoleInfo.java:shutdownFollowerState(121)) - 1ac0a8d4-e534-43ce-83b1-426d47a3040d: shutdown FollowerState
2019-10-20 13:11:03,394 [Thread-24817] INFO  impl.FollowerState (FollowerState.java:run(117)) - fdf19479-69c2-4639-b68c-6adde78ca28a@group-42C3DBE2B33D-FollowerState was interrupted: java.lang.InterruptedException: sleep interrupted
2019-10-20 13:11:03,394 [grpc-default-executor-10] INFO  impl.RoleInfo (RoleInfo.java:updateAndGet(143)) - fdf19479-69c2-4639-b68c-6adde78ca28a: start FollowerState
2019-10-20 13:11:03,395 [Thread-24816] INFO  impl.FollowerState (FollowerState.java:run(117)) - 1ac0a8d4-e534-43ce-83b1-426d47a3040d@group-42C3DBE2B33D-FollowerState was interrupted: java.lang.InterruptedException: sleep interrupted
2019-10-20 13:11:03,395 [grpc-default-executor-18] INFO  impl.RoleInfo (RoleInfo.java:updateAndGet(143)) - 1ac0a8d4-e534-43ce-83b1-426d47a3040d: start FollowerState
2019-10-20 13:11:03,408 [7660b851-9671-46a6-9e1d-7d946f95d492@group-42C3DBE2B33D-LeaderElection3331] INFO  impl.LeaderElection (LeaderElection.java:logAndReturn(56)) - 7660b851-9671-46a6-9e1d-7d946f95d492@group-42C3DBE2B33D-LeaderElection3331: Election REJECTED; received 2 response(s) [7660b851-9671-46a6-9e1d-7d946f95d492<-fdf19479-69c2-4639-b68c-6adde78ca28a#0:FAIL-t35, 7660b851-9671-46a6-9e1d-7d946f95d492<-1ac0a8d4-e534-43ce-83b1-426d47a3040d#0:FAIL-t35] and 0 exception(s); 7660b851-9671-46a6-9e1d-7d946f95d492@group-42C3DBE2B33D:t35, leader=null, voted=7660b851-9671-46a6-9e1d-7d946f95d492, raftlog=7660b851-9671-46a6-9e1d-7d946f95d492@group-42C3DBE2B33D-SegmentedRaftLog:OPENED:c-1,f-1,i0, conf=-1: [fdf19479-69c2-4639-b68c-6adde78ca28a:192.168.157.204:42858, 1ac0a8d4-e534-43ce-83b1-426d47a3040d:192.168.157.204:32953, 7660b851-9671-46a6-9e1d-7d946f95d492:192.168.157.204:41682], old=null
2019-10-20 13:11:03,408 [7660b851-9671-46a6-9e1d-7d946f95d492@group-42C3DBE2B33D-LeaderElection3331] INFO  impl.RaftServerImpl (RaftServerImpl.java:setRole(184)) - 7660b851-9671-46a6-9e1d-7d946f95d492@group-42C3DBE2B33D: changes role from CANDIDATE to FOLLOWER at term 35 for DISCOVERED_A_NEW_TERM
2019-10-20 13:11:03,408 [7660b851-9671-46a6-9e1d-7d946f95d492@group-42C3DBE2B33D-LeaderElection3331] INFO  impl.RoleInfo (RoleInfo.java:shutdownLeaderElection(134)) - 7660b851-9671-46a6-9e1d-7d946f95d492: shutdown LeaderElection
2019-10-20 13:11:03,408 [7660b851-9671-46a6-9e1d-7d946f95d492@group-42C3DBE2B33D-LeaderElection3331] INFO  impl.RoleInfo (RoleInfo.java:updateAndGet(143)) - 7660b851-9671-46a6-9e1d-7d946f95d492: start FollowerState
2019-10-20 13:11:03,432 [Thread-24826] INFO  impl.FollowerState (FollowerState.java:run(108)) - 7660b851-9671-46a6-9e1d-7d946f95d492@group-42C3DBE2B33D-FollowerState: change to CANDIDATE, lastRpcTime:23ms, electionTimeout:23ms
2019-10-20 13:11:03,432 [Thread-24826] INFO  impl.RoleInfo (RoleInfo.java:shutdownFollowerState(121)) - 7660b851-9671-46a6-9e1d-7d946f95d492: shutdown FollowerState
2019-10-20 13:11:03,432 [Thread-24826] INFO  impl.RaftServerImpl (RaftServerImpl.java:setRole(184)) - 7660b851-9671-46a6-9e1d-7d946f95d492@group-42C3DBE2B33D: changes role from  FOLLOWER to CANDIDATE at term 35 for changeToCandidate
2019-10-20 13:11:03,432 [Thread-24826] INFO  impl.RoleInfo (RoleInfo.java:updateAndGet(143)) - 7660b851-9671-46a6-9e1d-7d946f95d492: start LeaderElection
2019-10-20 13:11:03,445 [7660b851-9671-46a6-9e1d-7d946f95d492@group-42C3DBE2B33D-LeaderElection3332] INFO  impl.LeaderElection (LeaderElection.java:askForVotes(178)) - 7660b851-9671-46a6-9e1d-7d946f95d492@group-42C3DBE2B33D-LeaderElection3332: begin an election at term 36 for -1: [fdf19479-69c2-4639-b68c-6adde78ca28a:192.168.157.204:42858, 1ac0a8d4-e534-43ce-83b1-426d47a3040d:192.168.157.204:32953, 7660b851-9671-46a6-9e1d-7d946f95d492:192.168.157.204:41682], old=null
2019-10-20 13:11:03,446 [grpc-default-executor-18] INFO  impl.RaftServerImpl (RaftServerImpl.java:setRole(184)) - fdf19479-69c2-4639-b68c-6adde78ca28a@group-42C3DBE2B33D: changes role from  FOLLOWER to FOLLOWER at term 36 for recognizeCandidate:7660b851-9671-46a6-9e1d-7d946f95d492
2019-10-20 13:11:03,446 [grpc-default-executor-18] INFO  impl.RoleInfo (RoleInfo.java:shutdownFollowerState(121)) - fdf19479-69c2-4639-b68c-6adde78ca28a: shutdown FollowerState
2019-10-20 13:11:03,446 [grpc-default-executor-10] INFO  impl.RaftServerImpl (RaftServerImpl.java:setRole(184)) - 1ac0a8d4-e534-43ce-83b1-426d47a3040d@group-42C3DBE2B33D: changes role from  FOLLOWER to FOLLOWER at term 36 for recognizeCandidate:7660b851-9671-46a6-9e1d-7d946f95d492
2019-10-20 13:11:03,446 [grpc-default-executor-10] INFO  impl.RoleInfo (RoleInfo.java:shutdownFollowerState(121)) - 1ac0a8d4-e534-43ce-83b1-426d47a3040d: shutdown FollowerState
2019-10-20 13:11:03,446 [Thread-24824] INFO  impl.FollowerState (FollowerState.java:run(117)) - fdf19479-69c2-4639-b68c-6adde78ca28a@group-42C3DBE2B33D-FollowerState was interrupted: java.lang.InterruptedException: sleep interrupted
2019-10-20 13:11:03,446 [grpc-default-executor-18] INFO  impl.RoleInfo (RoleInfo.java:updateAndGet(143)) - fdf19479-69c2-4639-b68c-6adde78ca28a: start FollowerState
2019-10-20 13:11:03,447 [Thread-24825] INFO  impl.FollowerState (FollowerState.java:run(117)) - 1ac0a8d4-e534-43ce-83b1-426d47a3040d@group-42C3DBE2B33D-FollowerState was interrupted: java.lang.InterruptedException: sleep interrupted
2019-10-20 13:11:03,447 [grpc-default-executor-10] INFO  impl.RoleInfo (RoleInfo.java:updateAndGet(143)) - 1ac0a8d4-e534-43ce-83b1-426d47a3040d: start FollowerState
2019-10-20 13:11:03,472 [7660b851-9671-46a6-9e1d-7d946f95d492@group-42C3DBE2B33D-LeaderElection3332] INFO  impl.LeaderElection (LeaderElection.java:logAndReturn(56)) - 7660b851-9671-46a6-9e1d-7d946f95d492@group-42C3DBE2B33D-LeaderElection3332: Election REJECTED; received 2 response(s) [7660b851-9671-46a6-9e1d-7d946f95d492<-fdf19479-69c2-4639-b68c-6adde78ca28a#0:FAIL-t36, 7660b851-9671-46a6-9e1d-7d946f95d492<-1ac0a8d4-e534-43ce-83b1-426d47a3040d#0:FAIL-t36] and 0 exception(s); 7660b851-9671-46a6-9e1d-7d946f95d492@group-42C3DBE2B33D:t36, leader=null, voted=7660b851-9671-46a6-9e1d-7d946f95d492, raftlog=7660b851-9671-46a6-9e1d-7d946f95d492@group-42C3DBE2B33D-SegmentedRaftLog:OPENED:c-1,f-1,i0, conf=-1: [fdf19479-69c2-4639-b68c-6adde78ca28a:192.168.157.204:42858, 1ac0a8d4-e534-43ce-83b1-426d47a3040d:192.168.157.204:32953, 7660b851-9671-46a6-9e1d-7d946f95d492:192.168.157.204:41682], old=null
2019-10-20 13:11:03,472 [7660b851-9671-46a6-9e1d-7d946f95d492@group-42C3DBE2B33D-LeaderElection3332] INFO  impl.RaftServerImpl (RaftServerImpl.java:setRole(184)) - 7660b851-9671-46a6-9e1d-7d946f95d492@group-42C3DBE2B33D: changes role from CANDIDATE to FOLLOWER at term 36 for DISCOVERED_A_NEW_TERM
2019-10-20 13:11:03,473 [7660b851-9671-46a6-9e1d-7d946f95d492@group-42C3DBE2B33D-LeaderElection3332] INFO  impl.RoleInfo (RoleInfo.java:shutdownLeaderElection(134)) - 7660b851-9671-46a6-9e1d-7d946f95d492: shutdown LeaderElection
2019-10-20 13:11:03,473 [7660b851-9671-46a6-9e1d-7d946f95d492@group-42C3DBE2B33D-LeaderElection3332] INFO  impl.RoleInfo (RoleInfo.java:updateAndGet(143)) - 7660b851-9671-46a6-9e1d-7d946f95d492: start FollowerState
2019-10-20 13:11:03,585 [Thread-24832] INFO  impl.FollowerState (FollowerState.java:run(108)) - 7660b851-9671-46a6-9e1d-7d946f95d492@group-42C3DBE2B33D-FollowerState: change to CANDIDATE, lastRpcTime:112ms, electionTimeout:112ms
2019-10-20 13:11:03,585 [Thread-24832] INFO  impl.RoleInfo (RoleInfo.java:shutdownFollowerState(121)) - 7660b851-9671-46a6-9e1d-7d946f95d492: shutdown FollowerState
2019-10-20 13:11:03,585 [Thread-24832] INFO  impl.RaftServerImpl (RaftServerImpl.java:setRole(184)) - 7660b851-9671-46a6-9e1d-7d946f95d492@group-42C3DBE2B33D: changes role from  FOLLOWER to CANDIDATE at term 36 for changeToCandidate
2019-10-20 13:11:03,585 [Thread-24832] INFO  impl.RoleInfo (RoleInfo.java:updateAndGet(143)) - 7660b851-9671-46a6-9e1d-7d946f95d492: start LeaderElection
2019-10-20 13:11:03,598 [7660b851-9671-46a6-9e1d-7d946f95d492@group-42C3DBE2B33D-LeaderElection3333] INFO  impl.LeaderElection (LeaderElection.java:askForVotes(178)) - 7660b851-9671-46a6-9e1d-7d946f95d492@group-42C3DBE2B33D-LeaderElection3333: begin an election at term 37 for -1: [fdf19479-69c2-4639-b68c-6adde78ca28a:192.168.157.204:42858, 1ac0a8d4-e534-43ce-83b1-426d47a3040d:192.168.157.204:32953, 7660b851-9671-46a6-9e1d-7d946f95d492:192.168.157.204:41682], old=null
2019-10-20 13:11:03,600 [grpc-default-executor-18] INFO  impl.RaftServerImpl (RaftServerImpl.java:setRole(184)) - fdf19479-69c2-4639-b68c-6adde78ca28a@group-42C3DBE2B33D: changes role from  FOLLOWER to FOLLOWER at term 37 for recognizeCandidate:7660b851-9671-46a6-9e1d-7d946f95d492
2019-10-20 13:11:03,600 [grpc-default-executor-18] INFO  impl.RoleInfo (RoleInfo.java:shutdownFollowerState(121)) - fdf19479-69c2-4639-b68c-6adde78ca28a: shutdown FollowerState
2019-10-20 13:11:03,600 [grpc-default-executor-10] INFO  impl.RaftServerImpl (RaftServerImpl.java:setRole(184)) - 1ac0a8d4-e534-43ce-83b1-426d47a3040d@group-42C3DBE2B33D: changes role from  FOLLOWER to FOLLOWER at term 37 for recognizeCandidate:7660b851-9671-46a6-9e1d-7d946f95d492
2019-10-20 13:11:03,600 [grpc-default-executor-10] INFO  impl.RoleInfo (RoleInfo.java:shutdownFollowerState(121)) - 1ac0a8d4-e534-43ce-83b1-426d47a3040d: shutdown FollowerState
2019-10-20 13:11:03,600 [Thread-24830] INFO  impl.FollowerState (FollowerState.java:run(117)) - fdf19479-69c2-4639-b68c-6adde78ca28a@group-42C3DBE2B33D-FollowerState was interrupted: java.lang.InterruptedException: sleep interrupted
2019-10-20 13:11:03,600 [grpc-default-executor-18] INFO  impl.RoleInfo (RoleInfo.java:updateAndGet(143)) - fdf19479-69c2-4639-b68c-6adde78ca28a: start FollowerState
2019-10-20 13:11:03,601 [Thread-24831] INFO  impl.FollowerState (FollowerState.java:run(117)) - 1ac0a8d4-e534-43ce-83b1-426d47a3040d@group-42C3DBE2B33D-FollowerState was interrupted: java.lang.InterruptedException: sleep interrupted
2019-10-20 13:11:03,601 [grpc-default-executor-10] INFO  impl.RoleInfo (RoleInfo.java:updateAndGet(143)) - 1ac0a8d4-e534-43ce-83b1-426d47a3040d: start FollowerState
2019-10-20 13:11:03,639 [7660b851-9671-46a6-9e1d-7d946f95d492@group-42C3DBE2B33D-LeaderElection3333] INFO  impl.LeaderElection (LeaderElection.java:logAndReturn(56)) - 7660b851-9671-46a6-9e1d-7d946f95d492@group-42C3DBE2B33D-LeaderElection3333: Election REJECTED; received 2 response(s) [7660b851-9671-46a6-9e1d-7d946f95d492<-fdf19479-69c2-4639-b68c-6adde78ca28a#0:FAIL-t37, 7660b851-9671-46a6-9e1d-7d946f95d492<-1ac0a8d4-e534-43ce-83b1-426d47a3040d#0:FAIL-t37] and 0 exception(s); 7660b851-9671-46a6-9e1d-7d946f95d492@group-42C3DBE2B33D:t37, leader=null, voted=7660b851-9671-46a6-9e1d-7d946f95d492, raftlog=7660b851-9671-46a6-9e1d-7d946f95d492@group-42C3DBE2B33D-SegmentedRaftLog:OPENED:c-1,f-1,i0, conf=-1: [fdf19479-69c2-4639-b68c-6adde78ca28a:192.168.157.204:42858, 1ac0a8d4-e534-43ce-83b1-426d47a3040d:192.168.157.204:32953, 7660b851-9671-46a6-9e1d-7d946f95d492:192.168.157.204:41682], old=null
2019-10-20 13:11:03,639 [7660b851-9671-46a6-9e1d-7d946f95d492@group-42C3DBE2B33D-LeaderElection3333] INFO  impl.RaftServerImpl (RaftServerImpl.java:setRole(184)) - 7660b851-9671-46a6-9e1d-7d946f95d492@group-42C3DBE2B33D: changes role from CANDIDATE to FOLLOWER at term 37 for DISCOVERED_A_NEW_TERM
2019-10-20 13:11:03,639 [7660b851-9671-46a6-9e1d-7d946f95d492@group-42C3DBE2B33D-LeaderElection3333] INFO  impl.RoleInfo (RoleInfo.java:shutdownLeaderElection(134)) - 7660b851-9671-46a6-9e1d-7d946f95d492: shutdown LeaderElection
2019-10-20 13:11:03,639 [7660b851-9671-46a6-9e1d-7d946f95d492@group-42C3DBE2B33D-LeaderElection3333] INFO  impl.RoleInfo (RoleInfo.java:updateAndGet(143)) - 7660b851-9671-46a6-9e1d-7d946f95d492: start FollowerState
2019-10-20 13:11:03,743 [Thread-24838] INFO  impl.FollowerState (FollowerState.java:run(108)) - 7660b851-9671-46a6-9e1d-7d946f95d492@group-42C3DBE2B33D-FollowerState: change to CANDIDATE, lastRpcTime:103ms, electionTimeout:103ms
2019-10-20 13:11:03,743 [Thread-24838] INFO  impl.RoleInfo (RoleInfo.java:shutdownFollowerState(121)) - 7660b851-9671-46a6-9e1d-7d946f95d492: shutdown FollowerState
2019-10-20 13:11:03,743 [Thread-24838] INFO  impl.RaftServerImpl (RaftServerImpl.java:setRole(184)) - 7660b851-9671-46a6-9e1d-7d946f95d492@group-42C3DBE2B33D: changes role from  FOLLOWER to CANDIDATE at term 37 for changeToCandidate
2019-10-20 13:11:03,743 [Thread-24838] INFO  impl.RoleInfo (RoleInfo.java:updateAndGet(143)) - 7660b851-9671-46a6-9e1d-7d946f95d492: start LeaderElection
2019-10-20 13:11:03,757 [7660b851-9671-46a6-9e1d-7d946f95d492@group-42C3DBE2B33D-LeaderElection3334] INFO  impl.LeaderElection (LeaderElection.java:askForVotes(178)) - 7660b851-9671-46a6-9e1d-7d946f95d492@group-42C3DBE2B33D-LeaderElection3334: begin an election at term 38 for -1: [fdf19479-69c2-4639-b68c-6adde78ca28a:192.168.157.204:42858, 1ac0a8d4-e534-43ce-83b1-426d47a3040d:192.168.157.204:32953, 7660b851-9671-46a6-9e1d-7d946f95d492:192.168.157.204:41682], old=null
2019-10-20 13:11:03,759 [grpc-default-executor-10] INFO  impl.RaftServerImpl (RaftServerImpl.java:setRole(184)) - fdf19479-69c2-4639-b68c-6adde78ca28a@group-42C3DBE2B33D: changes role from  FOLLOWER to FOLLOWER at term 38 for recognizeCandidate:7660b851-9671-46a6-9e1d-7d946f95d492
2019-10-20 13:11:03,759 [grpc-default-executor-10] INFO  impl.RoleInfo (RoleInfo.java:shutdownFollowerState(121)) - fdf19479-69c2-4639-b68c-6adde78ca28a: shutdown FollowerState
2019-10-20 13:11:03,759 [grpc-default-executor-18] INFO  impl.RaftServerImpl (RaftServerImpl.java:setRole(184)) - 1ac0a8d4-e534-43ce-83b1-426d47a3040d@group-42C3DBE2B33D: changes role from  FOLLOWER to FOLLOWER at term 38 for recognizeCandidate:7660b851-9671-46a6-9e1d-7d946f95d492
2019-10-20 13:11:03,759 [grpc-default-executor-18] INFO  impl.RoleInfo (RoleInfo.java:shutdownFollowerState(121)) - 1ac0a8d4-e534-43ce-83b1-426d47a3040d: shutdown FollowerState
2019-10-20 13:11:03,759 [Thread-24836] INFO  impl.FollowerState (FollowerState.java:run(117)) - fdf19479-69c2-4639-b68c-6adde78ca28a@group-42C3DBE2B33D-FollowerState was interrupted: java.lang.InterruptedException: sleep interrupted
2019-10-20 13:11:03,759 [grpc-default-executor-10] INFO  impl.RoleInfo (RoleInfo.java:updateAndGet(143)) - fdf19479-69c2-4639-b68c-6adde78ca28a: start FollowerState
2019-10-20 13:11:03,759 [Thread-24837] INFO  impl.FollowerState (FollowerState.java:run(117)) - 1ac0a8d4-e534-43ce-83b1-426d47a3040d@group-42C3DBE2B33D-FollowerState was interrupted: java.lang.InterruptedException: sleep interrupted
2019-10-20 13:11:03,759 [grpc-default-executor-18] INFO  impl.RoleInfo (RoleInfo.java:updateAndGet(143)) - 1ac0a8d4-e534-43ce-83b1-426d47a3040d: start FollowerState
2019-10-20 13:11:03,794 [7660b851-9671-46a6-9e1d-7d946f95d492@group-42C3DBE2B33D-LeaderElection3334] INFO  impl.LeaderElection (LeaderElection.java:logAndReturn(56)) - 7660b851-9671-46a6-9e1d-7d946f95d492@group-42C3DBE2B33D-LeaderElection3334: Election REJECTED; received 2 response(s) [7660b851-9671-46a6-9e1d-7d946f95d492<-fdf19479-69c2-4639-b68c-6adde78ca28a#0:FAIL-t38, 7660b851-9671-46a6-9e1d-7d946f95d492<-1ac0a8d4-e534-43ce-83b1-426d47a3040d#0:FAIL-t38] and 0 exception(s); 7660b851-9671-46a6-9e1d-7d946f95d492@group-42C3DBE2B33D:t38, leader=null, voted=7660b851-9671-46a6-9e1d-7d946f95d492, raftlog=7660b851-9671-46a6-9e1d-7d946f95d492@group-42C3DBE2B33D-SegmentedRaftLog:OPENED:c-1,f-1,i0, conf=-1: [fdf19479-69c2-4639-b68c-6adde78ca28a:192.168.157.204:42858, 1ac0a8d4-e534-43ce-83b1-426d47a3040d:192.168.157.204:32953, 7660b851-9671-46a6-9e1d-7d946f95d492:192.168.157.204:41682], old=null
2019-10-20 13:11:03,794 [7660b851-9671-46a6-9e1d-7d946f95d492@group-42C3DBE2B33D-LeaderElection3334] INFO  impl.RaftServerImpl (RaftServerImpl.java:setRole(184)) - 7660b851-9671-46a6-9e1d-7d946f95d492@group-42C3DBE2B33D: changes role from CANDIDATE to FOLLOWER at term 38 for DISCOVERED_A_NEW_TERM
2019-10-20 13:11:03,794 [7660b851-9671-46a6-9e1d-7d946f95d492@group-42C3DBE2B33D-LeaderElection3334] INFO  impl.RoleInfo (RoleInfo.java:shutdownLeaderElection(134)) - 7660b851-9671-46a6-9e1d-7d946f95d492: shutdown LeaderElection
2019-10-20 13:11:03,794 [7660b851-9671-46a6-9e1d-7d946f95d492@group-42C3DBE2B33D-LeaderElection3334] INFO  impl.RoleInfo (RoleInfo.java:updateAndGet(143)) - 7660b851-9671-46a6-9e1d-7d946f95d492: start FollowerState
2019-10-20 13:11:03,943 [Thread-24844] INFO  impl.FollowerState (FollowerState.java:run(108)) - 7660b851-9671-46a6-9e1d-7d946f95d492@group-42C3DBE2B33D-FollowerState: change to CANDIDATE, lastRpcTime:148ms, electionTimeout:148ms
2019-10-20 13:11:03,943 [Thread-24844] INFO  impl.RoleInfo (RoleInfo.java:shutdownFollowerState(121)) - 7660b851-9671-46a6-9e1d-7d946f95d492: shutdown FollowerState
2019-10-20 13:11:03,943 [Thread-24844] INFO  impl.RaftServerImpl (RaftServerImpl.java:setRole(184)) - 7660b851-9671-46a6-9e1d-7d946f95d492@group-42C3DBE2B33D: changes role from  FOLLOWER to CANDIDATE at term 38 for changeToCandidate
2019-10-20 13:11:03,943 [Thread-24844] INFO  impl.RoleInfo (RoleInfo.java:updateAndGet(143)) - 7660b851-9671-46a6-9e1d-7d946f95d492: start LeaderElection
2019-10-20 13:11:03,958 [7660b851-9671-46a6-9e1d-7d946f95d492@group-42C3DBE2B33D-LeaderElection3335] INFO  impl.LeaderElection (LeaderElection.java:askForVotes(178)) - 7660b851-9671-46a6-9e1d-7d946f95d492@group-42C3DBE2B33D-LeaderElection3335: begin an election at term 39 for -1: [fdf19479-69c2-4639-b68c-6adde78ca28a:192.168.157.204:42858, 1ac0a8d4-e534-43ce-83b1-426d47a3040d:192.168.157.204:32953, 7660b851-9671-46a6-9e1d-7d946f95d492:192.168.157.204:41682], old=null
2019-10-20 13:11:03,959 [grpc-default-executor-18] INFO  impl.RaftServerImpl (RaftServerImpl.java:setRole(184)) - fdf19479-69c2-4639-b68c-6adde78ca28a@group-42C3DBE2B33D: changes role from  FOLLOWER to FOLLOWER at term 39 for recognizeCandidate:7660b851-9671-46a6-9e1d-7d946f95d492
2019-10-20 13:11:03,959 [grpc-default-executor-18] INFO  impl.RoleInfo (RoleInfo.java:shutdownFollowerState(121)) - fdf19479-69c2-4639-b68c-6adde78ca28a: shutdown FollowerState
2019-10-20 13:11:03,959 [grpc-default-executor-18] INFO  impl.RoleInfo (RoleInfo.java:updateAndGet(143)) - fdf19479-69c2-4639-b68c-6adde78ca28a: start FollowerState
2019-10-20 13:11:03,959 [Thread-24842] INFO  impl.FollowerState (FollowerState.java:run(117)) - fdf19479-69c2-4639-b68c-6adde78ca28a@group-42C3DBE2B33D-FollowerState was interrupted: java.lang.InterruptedException: sleep interrupted
2019-10-20 13:11:03,959 [grpc-default-executor-10] INFO  impl.RaftServerImpl (RaftServerImpl.java:setRole(184)) - 1ac0a8d4-e534-43ce-83b1-426d47a3040d@group-42C3DBE2B33D: changes role from  FOLLOWER to FOLLOWER at term 39 for recognizeCandidate:7660b851-9671-46a6-9e1d-7d946f95d492
2019-10-20 13:11:03,959 [grpc-default-executor-10] INFO  impl.RoleInfo (RoleInfo.java:shutdownFollowerState(121)) - 1ac0a8d4-e534-43ce-83b1-426d47a3040d: shutdown FollowerState
2019-10-20 13:11:03,960 [grpc-default-executor-10] INFO  impl.RoleInfo (RoleInfo.java:updateAndGet(143)) - 1ac0a8d4-e534-43ce-83b1-426d47a3040d: start FollowerState
2019-10-20 13:11:03,960 [Thread-24843] INFO  impl.FollowerState (FollowerState.java:run(117)) - 1ac0a8d4-e534-43ce-83b1-426d47a3040d@group-42C3DBE2B33D-FollowerState was interrupted: java.lang.InterruptedException: sleep interrupted
2019-10-20 13:11:03,985 [7660b851-9671-46a6-9e1d-7d946f95d492@group-42C3DBE2B33D-LeaderElection3335] INFO  impl.LeaderElection (LeaderElection.java:logAndReturn(56)) - 7660b851-9671-46a6-9e1d-7d946f95d492@group-42C3DBE2B33D-LeaderElection3335: Election REJECTED; received 2 response(s) [7660b851-9671-46a6-9e1d-7d946f95d492<-fdf19479-69c2-4639-b68c-6adde78ca28a#0:FAIL-t39, 7660b851-9671-46a6-9e1d-7d946f95d492<-1ac0a8d4-e534-43ce-83b1-426d47a3040d#0:FAIL-t39] and 0 exception(s); 7660b851-9671-46a6-9e1d-7d946f95d492@group-42C3DBE2B33D:t39, leader=null, voted=7660b851-9671-46a6-9e1d-7d946f95d492, raftlog=7660b851-9671-46a6-9e1d-7d946f95d492@group-42C3DBE2B33D-SegmentedRaftLog:OPENED:c-1,f-1,i0, conf=-1: [fdf19479-69c2-4639-b68c-6adde78ca28a:192.168.157.204:42858, 1ac0a8d4-e534-43ce-83b1-426d47a3040d:192.168.157.204:32953, 7660b851-9671-46a6-9e1d-7d946f95d492:192.168.157.204:41682], old=null
2019-10-20 13:11:03,985 [7660b851-9671-46a6-9e1d-7d946f95d492@group-42C3DBE2B33D-LeaderElection3335] INFO  impl.RaftServerImpl (RaftServerImpl.java:setRole(184)) - 7660b851-9671-46a6-9e1d-7d946f95d492@group-42C3DBE2B33D: changes role from CANDIDATE to FOLLOWER at term 39 for DISCOVERED_A_NEW_TERM
2019-10-20 13:11:03,985 [7660b851-9671-46a6-9e1d-7d946f95d492@group-42C3DBE2B33D-LeaderElection3335] INFO  impl.RoleInfo (RoleInfo.java:shutdownLeaderElection(134)) - 7660b851-9671-46a6-9e1d-7d946f95d492: shutdown LeaderElection
2019-10-20 13:11:03,985 [7660b851-9671-46a6-9e1d-7d946f95d492@group-42C3DBE2B33D-LeaderElection3335] INFO  impl.RoleInfo (RoleInfo.java:updateAndGet(143)) - 7660b851-9671-46a6-9e1d-7d946f95d492: start FollowerState
2019-10-20 13:11:04,053 [Thread-24854] INFO  impl.FollowerState (FollowerState.java:run(108)) - 7660b851-9671-46a6-9e1d-7d946f95d492@group-42C3DBE2B33D-FollowerState: change to CANDIDATE, lastRpcTime:68ms, electionTimeout:68ms
2019-10-20 13:11:04,053 [Thread-24854] INFO  impl.RoleInfo (RoleInfo.java:shutdownFollowerState(121)) - 7660b851-9671-46a6-9e1d-7d946f95d492: shutdown FollowerState
2019-10-20 13:11:04,053 [Thread-24854] INFO  impl.RaftServerImpl (RaftServerImpl.java:setRole(184)) - 7660b851-9671-46a6-9e1d-7d946f95d492@group-42C3DBE2B33D: changes role from  FOLLOWER to CANDIDATE at term 39 for changeToCandidate
2019-10-20 13:11:04,054 [Thread-24854] INFO  impl.RoleInfo (RoleInfo.java:updateAndGet(143)) - 7660b851-9671-46a6-9e1d-7d946f95d492: start LeaderElection
2019-10-20 13:11:04,067 [7660b851-9671-46a6-9e1d-7d946f95d492@group-42C3DBE2B33D-LeaderElection3336] INFO  impl.LeaderElection (LeaderElection.java:askForVotes(178)) - 7660b851-9671-46a6-9e1d-7d946f95d492@group-42C3DBE2B33D-LeaderElection3336: begin an election at term 40 for -1: [fdf19479-69c2-4639-b68c-6adde78ca28a:192.168.157.204:42858, 1ac0a8d4-e534-43ce-83b1-426d47a3040d:192.168.157.204:32953, 7660b851-9671-46a6-9e1d-7d946f95d492:192.168.157.204:41682], old=null
2019-10-20 13:11:04,068 [grpc-default-executor-18] INFO  impl.RaftServerImpl (RaftServerImpl.java:setRole(184)) - fdf19479-69c2-4639-b68c-6adde78ca28a@group-42C3DBE2B33D: changes role from  FOLLOWER to FOLLOWER at term 40 for recognizeCandidate:7660b851-9671-46a6-9e1d-7d946f95d492
2019-10-20 13:11:04,068 [grpc-default-executor-18] INFO  impl.RoleInfo (RoleInfo.java:shutdownFollowerState(121)) - fdf19479-69c2-4639-b68c-6adde78ca28a: shutdown FollowerState
2019-10-20 13:11:04,068 [grpc-default-executor-10] INFO  impl.RaftServerImpl (RaftServerImpl.java:setRole(184)) - 1ac0a8d4-e534-43ce-83b1-426d47a3040d@group-42C3DBE2B33D: changes role from  FOLLOWER to FOLLOWER at term 40 for recognizeCandidate:7660b851-9671-46a6-9e1d-7d946f95d492
2019-10-20 13:11:04,068 [grpc-default-executor-10] INFO  impl.RoleInfo (RoleInfo.java:shutdownFollowerState(121)) - 1ac0a8d4-e534-43ce-83b1-426d47a3040d: shutdown FollowerState
2019-10-20 13:11:04,068 [Thread-24852] INFO  impl.FollowerState (FollowerState.java:run(117)) - fdf19479-69c2-4639-b68c-6adde78ca28a@group-42C3DBE2B33D-FollowerState was interrupted: java.lang.InterruptedException: sleep interrupted
2019-10-20 13:11:04,068 [grpc-default-executor-18] INFO  impl.RoleInfo (RoleInfo.java:updateAndGet(143)) - fdf19479-69c2-4639-b68c-6adde78ca28a: start FollowerState
2019-10-20 13:11:04,068 [Thread-24853] INFO  impl.FollowerState (FollowerState.java:run(117)) - 1ac0a8d4-e534-43ce-83b1-426d47a3040d@group-42C3DBE2B33D-FollowerState was interrupted: java.lang.InterruptedException: sleep interrupted
2019-10-20 13:11:04,068 [grpc-default-executor-10] INFO  impl.RoleInfo (RoleInfo.java:updateAndGet(143)) - 1ac0a8d4-e534-43ce-83b1-426d47a3040d: start FollowerState
2019-10-20 13:11:04,094 [7660b851-9671-46a6-9e1d-7d946f95d492@group-42C3DBE2B33D-LeaderElection3336] INFO  impl.LeaderElection (LeaderElection.java:logAndReturn(56)) - 7660b851-9671-46a6-9e1d-7d946f95d492@group-42C3DBE2B33D-LeaderElection3336: Election REJECTED; received 2 response(s) [7660b851-9671-46a6-9e1d-7d946f95d492<-fdf19479-69c2-4639-b68c-6adde78ca28a#0:FAIL-t40, 7660b851-9671-46a6-9e1d-7d946f95d492<-1ac0a8d4-e534-43ce-83b1-426d47a3040d#0:FAIL-t40] and 0 exception(s); 7660b851-9671-46a6-9e1d-7d946f95d492@group-42C3DBE2B33D:t40, leader=null, voted=7660b851-9671-46a6-9e1d-7d946f95d492, raftlog=7660b851-9671-46a6-9e1d-7d946f95d492@group-42C3DBE2B33D-SegmentedRaftLog:OPENED:c-1,f-1,i0, conf=-1: [fdf19479-69c2-4639-b68c-6adde78ca28a:192.168.157.204:42858, 1ac0a8d4-e534-43ce-83b1-426d47a3040d:192.168.157.204:32953, 7660b851-9671-46a6-9e1d-7d946f95d492:192.168.157.204:41682], old=null
2019-10-20 13:11:04,094 [7660b851-9671-46a6-9e1d-7d946f95d492@group-42C3DBE2B33D-LeaderElection3336] INFO  impl.RaftServerImpl (RaftServerImpl.java:setRole(184)) - 7660b851-9671-46a6-9e1d-7d946f95d492@group-42C3DBE2B33D: changes role from CANDIDATE to FOLLOWER at term 40 for DISCOVERED_A_NEW_TERM
2019-10-20 13:11:04,094 [7660b851-9671-46a6-9e1d-7d946f95d492@group-42C3DBE2B33D-LeaderElection3336] INFO  impl.RoleInfo (RoleInfo.java:shutdownLeaderElection(134)) - 7660b851-9671-46a6-9e1d-7d946f95d492: shutdown LeaderElection
2019-10-20 13:11:04,094 [7660b851-9671-46a6-9e1d-7d946f95d492@group-42C3DBE2B33D-LeaderElection3336] INFO  impl.RoleInfo (RoleInfo.java:updateAndGet(143)) - 7660b851-9671-46a6-9e1d-7d946f95d492: start FollowerState
2019-10-20 13:11:04,251 [Thread-24860] INFO  impl.FollowerState (FollowerState.java:run(108)) - 7660b851-9671-46a6-9e1d-7d946f95d492@group-42C3DBE2B33D-FollowerState: change to CANDIDATE, lastRpcTime:157ms, electionTimeout:157ms
2019-10-20 13:11:04,252 [Thread-24860] INFO  impl.RoleInfo (RoleInfo.java:shutdownFollowerState(121)) - 7660b851-9671-46a6-9e1d-7d946f95d492: shutdown FollowerState
2019-10-20 13:11:04,252 [Thread-24860] INFO  impl.RaftServerImpl (RaftServerImpl.java:setRole(184)) - 7660b851-9671-46a6-9e1d-7d946f95d492@group-42C3DBE2B33D: changes role from  FOLLOWER to CANDIDATE at term 40 for changeToCandidate
2019-10-20 13:11:04,252 [Thread-24860] INFO  impl.RoleInfo (RoleInfo.java:updateAndGet(143)) - 7660b851-9671-46a6-9e1d-7d946f95d492: start LeaderElection
2019-10-20 13:11:04,266 [7660b851-9671-46a6-9e1d-7d946f95d492@group-42C3DBE2B33D-LeaderElection3337] INFO  impl.LeaderElection (LeaderElection.java:askForVotes(178)) - 7660b851-9671-46a6-9e1d-7d946f95d492@group-42C3DBE2B33D-LeaderElection3337: begin an election at term 41 for -1: [fdf19479-69c2-4639-b68c-6adde78ca28a:192.168.157.204:42858, 1ac0a8d4-e534-43ce-83b1-426d47a3040d:192.168.157.204:32953, 7660b851-9671-46a6-9e1d-7d946f95d492:192.168.157.204:41682], old=null
2019-10-20 13:11:04,268 [grpc-default-executor-10] INFO  impl.RaftServerImpl (RaftServerImpl.java:setRole(184)) - fdf19479-69c2-4639-b68c-6adde78ca28a@group-42C3DBE2B33D: changes role from  FOLLOWER to FOLLOWER at term 41 for recognizeCandidate:7660b851-9671-46a6-9e1d-7d946f95d492
2019-10-20 13:11:04,268 [grpc-default-executor-10] INFO  impl.RoleInfo (RoleInfo.java:shutdownFollowerState(121)) - fdf19479-69c2-4639-b68c-6adde78ca28a: shutdown FollowerState
2019-10-20 13:11:04,268 [grpc-default-executor-10] INFO  impl.RoleInfo (RoleInfo.java:updateAndGet(143)) - fdf19479-69c2-4639-b68c-6adde78ca28a: start FollowerState
2019-10-20 13:11:04,268 [Thread-24858] INFO  impl.FollowerState (FollowerState.java:run(117)) - fdf19479-69c2-4639-b68c-6adde78ca28a@group-42C3DBE2B33D-FollowerState was interrupted: java.lang.InterruptedException: sleep interrupted
2019-10-20 13:11:04,268 [grpc-default-executor-18] INFO  impl.RaftServerImpl (RaftServerImpl.java:setRole(184)) - 1ac0a8d4-e534-43ce-83b1-426d47a3040d@group-42C3DBE2B33D: changes role from  FOLLOWER to FOLLOWER at term 41 for recognizeCandidate:7660b851-9671-46a6-9e1d-7d946f95d492
2019-10-20 13:11:04,268 [grpc-default-executor-18] INFO  impl.RoleInfo (RoleInfo.java:shutdownFollowerState(121)) - 1ac0a8d4-e534-43ce-83b1-426d47a3040d: shutdown FollowerState
2019-10-20 13:11:04,269 [grpc-default-executor-18] INFO  impl.RoleInfo (RoleInfo.java:updateAndGet(143)) - 1ac0a8d4-e534-43ce-83b1-426d47a3040d: start FollowerState
2019-10-20 13:11:04,269 [Thread-24859] INFO  impl.FollowerState (FollowerState.java:run(117)) - 1ac0a8d4-e534-43ce-83b1-426d47a3040d@group-42C3DBE2B33D-FollowerState was interrupted: java.lang.InterruptedException: sleep interrupted
2019-10-20 13:11:04,293 [7660b851-9671-46a6-9e1d-7d946f95d492@group-42C3DBE2B33D-LeaderElection3337] INFO  impl.LeaderElection (LeaderElection.java:logAndReturn(56)) - 7660b851-9671-46a6-9e1d-7d946f95d492@group-42C3DBE2B33D-LeaderElection3337: Election REJECTED; received 2 response(s) [7660b851-9671-46a6-9e1d-7d946f95d492<-fdf19479-69c2-4639-b68c-6adde78ca28a#0:FAIL-t41, 7660b851-9671-46a6-9e1d-7d946f95d492<-1ac0a8d4-e534-43ce-83b1-426d47a3040d#0:FAIL-t41] and 0 exception(s); 7660b851-9671-46a6-9e1d-7d946f95d492@group-42C3DBE2B33D:t41, leader=null, voted=7660b851-9671-46a6-9e1d-7d946f95d492, raftlog=7660b851-9671-46a6-9e1d-7d946f95d492@group-42C3DBE2B33D-SegmentedRaftLog:OPENED:c-1,f-1,i0, conf=-1: [fdf19479-69c2-4639-b68c-6adde78ca28a:192.168.157.204:42858, 1ac0a8d4-e534-43ce-83b1-426d47a3040d:192.168.157.204:32953, 7660b851-9671-46a6-9e1d-7d946f95d492:192.168.157.204:41682], old=null
2019-10-20 13:11:04,293 [7660b851-9671-46a6-9e1d-7d946f95d492@group-42C3DBE2B33D-LeaderElection3337] INFO  impl.RaftServerImpl (RaftServerImpl.java:setRole(184)) - 7660b851-9671-46a6-9e1d-7d946f95d492@group-42C3DBE2B33D: changes role from CANDIDATE to FOLLOWER at term 41 for DISCOVERED_A_NEW_TERM
2019-10-20 13:11:04,293 [7660b851-9671-46a6-9e1d-7d946f95d492@group-42C3DBE2B33D-LeaderElection3337] INFO  impl.RoleInfo (RoleInfo.java:shutdownLeaderElection(134)) - 7660b851-9671-46a6-9e1d-7d946f95d492: shutdown LeaderElection
2019-10-20 13:11:04,293 [7660b851-9671-46a6-9e1d-7d946f95d492@group-42C3DBE2B33D-LeaderElection3337] INFO  impl.RoleInfo (RoleInfo.java:updateAndGet(143)) - 7660b851-9671-46a6-9e1d-7d946f95d492: start FollowerState
2019-10-20 13:11:04,480 [Thread-24868] INFO  impl.FollowerState (FollowerState.java:run(108)) - 7660b851-9671-46a6-9e1d-7d946f95d492@group-42C3DBE2B33D-FollowerState: change to CANDIDATE, lastRpcTime:186ms, electionTimeout:186ms
2019-10-20 13:11:04,480 [Thread-24868] INFO  impl.RoleInfo (RoleInfo.java:shutdownFollowerState(121)) - 7660b851-9671-46a6-9e1d-7d946f95d492: shutdown FollowerState
2019-10-20 13:11:04,480 [Thread-24868] INFO  impl.RaftServerImpl (RaftServerImpl.java:setRole(184)) - 7660b851-9671-46a6-9e1d-7d946f95d492@group-42C3DBE2B33D: changes role from  FOLLOWER to CANDIDATE at term 41 for changeToCandidate
2019-10-20 13:11:04,480 [Thread-24868] INFO  impl.RoleInfo (RoleInfo.java:updateAndGet(143)) - 7660b851-9671-46a6-9e1d-7d946f95d492: start LeaderElection
2019-10-20 13:11:04,494 [7660b851-9671-46a6-9e1d-7d946f95d492@group-42C3DBE2B33D-LeaderElection3338] INFO  impl.LeaderElection (LeaderElection.java:askForVotes(178)) - 7660b851-9671-46a6-9e1d-7d946f95d492@group-42C3DBE2B33D-LeaderElection3338: begin an election at term 42 for -1: [fdf19479-69c2-4639-b68c-6adde78ca28a:192.168.157.204:42858, 1ac0a8d4-e534-43ce-83b1-426d47a3040d:192.168.157.204:32953, 7660b851-9671-46a6-9e1d-7d946f95d492:192.168.157.204:41682], old=null
2019-10-20 13:11:04,495 [grpc-default-executor-10] INFO  impl.RaftServerImpl (RaftServerImpl.java:setRole(184)) - fdf19479-69c2-4639-b68c-6adde78ca28a@group-42C3DBE2B33D: changes role from  FOLLOWER to FOLLOWER at term 42 for recognizeCandidate:7660b851-9671-46a6-9e1d-7d946f95d492
2019-10-20 13:11:04,495 [grpc-default-executor-10] INFO  impl.RoleInfo (RoleInfo.java:shutdownFollowerState(121)) - fdf19479-69c2-4639-b68c-6adde78ca28a: shutdown FollowerState
2019-10-20 13:11:04,495 [grpc-default-executor-18] INFO  impl.RaftServerImpl (RaftServerImpl.java:setRole(184)) - 1ac0a8d4-e534-43ce-83b1-426d47a3040d@group-42C3DBE2B33D: changes role from  FOLLOWER to FOLLOWER at term 42 for recognizeCandidate:7660b851-9671-46a6-9e1d-7d946f95d492
2019-10-20 13:11:04,495 [grpc-default-executor-18] INFO  impl.RoleInfo (RoleInfo.java:shutdownFollowerState(121)) - 1ac0a8d4-e534-43ce-83b1-426d47a3040d: shutdown FollowerState
2019-10-20 13:11:04,496 [grpc-default-executor-18] INFO  impl.RoleInfo (RoleInfo.java:updateAndGet(143)) - 1ac0a8d4-e534-43ce-83b1-426d47a3040d: start FollowerState
2019-10-20 13:11:04,495 [Thread-24866] INFO  impl.FollowerState (FollowerState.java:run(117)) - fdf19479-69c2-4639-b68c-6adde78ca28a@group-42C3DBE2B33D-FollowerState was interrupted: java.lang.InterruptedException: sleep interrupted
2019-10-20 13:11:04,495 [grpc-default-executor-10] INFO  impl.RoleInfo (RoleInfo.java:updateAndGet(143)) - fdf19479-69c2-4639-b68c-6adde78ca28a: start FollowerState
2019-10-20 13:11:04,496 [Thread-24867] INFO  impl.FollowerState (FollowerState.java:run(117)) - 1ac0a8d4-e534-43ce-83b1-426d47a3040d@group-42C3DBE2B33D-FollowerState was interrupted: java.lang.InterruptedException: sleep interrupted
2019-10-20 13:11:04,521 [7660b851-9671-46a6-9e1d-7d946f95d492@group-42C3DBE2B33D-LeaderElection3338] INFO  impl.LeaderElection (LeaderElection.java:logAndReturn(56)) - 7660b851-9671-46a6-9e1d-7d946f95d492@group-42C3DBE2B33D-LeaderElection3338: Election REJECTED; received 2 response(s) [7660b851-9671-46a6-9e1d-7d946f95d492<-fdf19479-69c2-4639-b68c-6adde78ca28a#0:FAIL-t42, 7660b851-9671-46a6-9e1d-7d946f95d492<-1ac0a8d4-e534-43ce-83b1-426d47a3040d#0:FAIL-t42] and 0 exception(s); 7660b851-9671-46a6-9e1d-7d946f95d492@group-42C3DBE2B33D:t42, leader=null, voted=7660b851-9671-46a6-9e1d-7d946f95d492, raftlog=7660b851-9671-46a6-9e1d-7d946f95d492@group-42C3DBE2B33D-SegmentedRaftLog:OPENED:c-1,f-1,i0, conf=-1: [fdf19479-69c2-4639-b68c-6adde78ca28a:192.168.157.204:42858, 1ac0a8d4-e534-43ce-83b1-426d47a3040d:192.168.157.204:32953, 7660b851-9671-46a6-9e1d-7d946f95d492:192.168.157.204:41682], old=null
2019-10-20 13:11:04,521 [7660b851-9671-46a6-9e1d-7d946f95d492@group-42C3DBE2B33D-LeaderElection3338] INFO  impl.RaftServerImpl (RaftServerImpl.java:setRole(184)) - 7660b851-9671-46a6-9e1d-7d946f95d492@group-42C3DBE2B33D: changes role from CANDIDATE to FOLLOWER at term 42 for DISCOVERED_A_NEW_TERM
2019-10-20 13:11:04,521 [7660b851-9671-46a6-9e1d-7d946f95d492@group-42C3DBE2B33D-LeaderElection3338] INFO  impl.RoleInfo (RoleInfo.java:shutdownLeaderElection(134)) - 7660b851-9671-46a6-9e1d-7d946f95d492: shutdown LeaderElection
2019-10-20 13:11:04,521 [7660b851-9671-46a6-9e1d-7d946f95d492@group-42C3DBE2B33D-LeaderElection3338] INFO  impl.RoleInfo (RoleInfo.java:updateAndGet(143)) - 7660b851-9671-46a6-9e1d-7d946f95d492: start FollowerState
2019-10-20 13:11:04,611 [Thread-24878] INFO  impl.FollowerState (FollowerState.java:run(108)) - 7660b851-9671-46a6-9e1d-7d946f95d492@group-42C3DBE2B33D-FollowerState: change to CANDIDATE, lastRpcTime:89ms, electionTimeout:89ms
2019-10-20 13:11:04,611 [Thread-24878] INFO  impl.RoleInfo (RoleInfo.java:shutdownFollowerState(121)) - 7660b851-9671-46a6-9e1d-7d946f95d492: shutdown FollowerState
2019-10-20 13:11:04,611 [Thread-24878] INFO  impl.RaftServerImpl (RaftServerImpl.java:setRole(184)) - 7660b851-9671-46a6-9e1d-7d946f95d492@group-42C3DBE2B33D: changes role from  FOLLOWER to CANDIDATE at term 42 for changeToCandidate
2019-10-20 13:11:04,611 [Thread-24878] INFO  impl.RoleInfo (RoleInfo.java:updateAndGet(143)) - 7660b851-9671-46a6-9e1d-7d946f95d492: start LeaderElection
2019-10-20 13:11:04,626 [7660b851-9671-46a6-9e1d-7d946f95d492@group-42C3DBE2B33D-LeaderElection3339] INFO  impl.LeaderElection (LeaderElection.java:askForVotes(178)) - 7660b851-9671-46a6-9e1d-7d946f95d492@group-42C3DBE2B33D-LeaderElection3339: begin an election at term 43 for -1: [fdf19479-69c2-4639-b68c-6adde78ca28a:192.168.157.204:42858, 1ac0a8d4-e534-43ce-83b1-426d47a3040d:192.168.157.204:32953, 7660b851-9671-46a6-9e1d-7d946f95d492:192.168.157.204:41682], old=null
2019-10-20 13:11:04,627 [grpc-default-executor-10] INFO  impl.RaftServerImpl (RaftServerImpl.java:setRole(184)) - 1ac0a8d4-e534-43ce-83b1-426d47a3040d@group-42C3DBE2B33D: changes role from  FOLLOWER to FOLLOWER at term 43 for recognizeCandidate:7660b851-9671-46a6-9e1d-7d946f95d492
2019-10-20 13:11:04,627 [grpc-default-executor-18] INFO  impl.RaftServerImpl (RaftServerImpl.java:setRole(184)) - fdf19479-69c2-4639-b68c-6adde78ca28a@group-42C3DBE2B33D: changes role from  FOLLOWER to FOLLOWER at term 43 for recognizeCandidate:7660b851-9671-46a6-9e1d-7d946f95d492
2019-10-20 13:11:04,627 [grpc-default-executor-18] INFO  impl.RoleInfo (RoleInfo.java:shutdownFollowerState(121)) - fdf19479-69c2-4639-b68c-6adde78ca28a: shutdown FollowerState
2019-10-20 13:11:04,627 [grpc-default-executor-10] INFO  impl.RoleInfo (RoleInfo.java:shutdownFollowerState(121)) - 1ac0a8d4-e534-43ce-83b1-426d47a3040d: shutdown FollowerState
2019-10-20 13:11:04,628 [Thread-24876] INFO  impl.FollowerState (FollowerState.java:run(117)) - fdf19479-69c2-4639-b68c-6adde78ca28a@group-42C3DBE2B33D-FollowerState was interrupted: java.lang.InterruptedException: sleep interrupted
2019-10-20 13:11:04,628 [Thread-24877] INFO  impl.FollowerState (FollowerState.java:run(117)) - 1ac0a8d4-e534-43ce-83b1-426d47a3040d@group-42C3DBE2B33D-FollowerState was interrupted: java.lang.InterruptedException: sleep interrupted
2019-10-20 13:11:04,628 [grpc-default-executor-18] INFO  impl.RoleInfo (RoleInfo.java:updateAndGet(143)) - fdf19479-69c2-4639-b68c-6adde78ca28a: start FollowerState
2019-10-20 13:11:04,628 [grpc-default-executor-10] INFO  impl.RoleInfo (RoleInfo.java:updateAndGet(143)) - 1ac0a8d4-e534-43ce-83b1-426d47a3040d: start FollowerState
2019-10-20 13:11:04,641 [7660b851-9671-46a6-9e1d-7d946f95d492@group-42C3DBE2B33D-LeaderElection3339] INFO  impl.LeaderElection (LeaderElection.java:logAndReturn(56)) - 7660b851-9671-46a6-9e1d-7d946f95d492@group-42C3DBE2B33D-LeaderElection3339: Election REJECTED; received 2 response(s) [7660b851-9671-46a6-9e1d-7d946f95d492<-fdf19479-69c2-4639-b68c-6adde78ca28a#0:FAIL-t43, 7660b851-9671-46a6-9e1d-7d946f95d492<-1ac0a8d4-e534-43ce-83b1-426d47a3040d#0:FAIL-t43] and 0 exception(s); 7660b851-9671-46a6-9e1d-7d946f95d492@group-42C3DBE2B33D:t43, leader=null, voted=7660b851-9671-46a6-9e1d-7d946f95d492, raftlog=7660b851-9671-46a6-9e1d-7d946f95d492@group-42C3DBE2B33D-SegmentedRaftLog:OPENED:c-1,f-1,i0, conf=-1: [fdf19479-69c2-4639-b68c-6adde78ca28a:192.168.157.204:42858, 1ac0a8d4-e534-43ce-83b1-426d47a3040d:192.168.157.204:32953, 7660b851-9671-46a6-9e1d-7d946f95d492:192.168.157.204:41682], old=null
2019-10-20 13:11:04,641 [7660b851-9671-46a6-9e1d-7d946f95d492@group-42C3DBE2B33D-LeaderElection3339] INFO  impl.RaftServerImpl (RaftServerImpl.java:setRole(184)) - 7660b851-9671-46a6-9e1d-7d946f95d492@group-42C3DBE2B33D: changes role from CANDIDATE to FOLLOWER at term 43 for DISCOVERED_A_NEW_TERM
2019-10-20 13:11:04,641 [7660b851-9671-46a6-9e1d-7d946f95d492@group-42C3DBE2B33D-LeaderElection3339] INFO  impl.RoleInfo (RoleInfo.java:shutdownLeaderElection(134)) - 7660b851-9671-46a6-9e1d-7d946f95d492: shutdown LeaderElection
2019-10-20 13:11:04,641 [7660b851-9671-46a6-9e1d-7d946f95d492@group-42C3DBE2B33D-LeaderElection3339] INFO  impl.RoleInfo (RoleInfo.java:updateAndGet(143)) - 7660b851-9671-46a6-9e1d-7d946f95d492: start FollowerState
2019-10-20 13:11:04,650 [Thread-24884] INFO  impl.FollowerState (FollowerState.java:run(108)) - 7660b851-9671-46a6-9e1d-7d946f95d492@group-42C3DBE2B33D-FollowerState: change to CANDIDATE, lastRpcTime:8ms, electionTimeout:8ms
2019-10-20 13:11:04,650 [Thread-24884] INFO  impl.RoleInfo (RoleInfo.java:shutdownFollowerState(121)) - 7660b851-9671-46a6-9e1d-7d946f95d492: shutdown FollowerState
2019-10-20 13:11:04,650 [Thread-24884] INFO  impl.RaftServerImpl (RaftServerImpl.java:setRole(184)) - 7660b851-9671-46a6-9e1d-7d946f95d492@group-42C3DBE2B33D: changes role from  FOLLOWER to CANDIDATE at term 43 for changeToCandidate
2019-10-20 13:11:04,650 [Thread-24884] INFO  impl.RoleInfo (RoleInfo.java:updateAndGet(143)) - 7660b851-9671-46a6-9e1d-7d946f95d492: start LeaderElection
2019-10-20 13:11:04,662 [7660b851-9671-46a6-9e1d-7d946f95d492@group-42C3DBE2B33D-LeaderElection3340] INFO  impl.LeaderElection (LeaderElection.java:askForVotes(178)) - 7660b851-9671-46a6-9e1d-7d946f95d492@group-42C3DBE2B33D-LeaderElection3340: begin an election at term 44 for -1: [fdf19479-69c2-4639-b68c-6adde78ca28a:192.168.157.204:42858, 1ac0a8d4-e534-43ce-83b1-426d47a3040d:192.168.157.204:32953, 7660b851-9671-46a6-9e1d-7d946f95d492:192.168.157.204:41682], old=null
2019-10-20 13:11:04,664 [grpc-default-executor-10] INFO  impl.RaftServerImpl (RaftServerImpl.java:setRole(184)) - 1ac0a8d4-e534-43ce-83b1-426d47a3040d@group-42C3DBE2B33D: changes role from  FOLLOWER to FOLLOWER at term 44 for recognizeCandidate:7660b851-9671-46a6-9e1d-7d946f95d492
2019-10-20 13:11:04,664 [grpc-default-executor-10] INFO  impl.RoleInfo (RoleInfo.java:shutdownFollowerState(121)) - 1ac0a8d4-e534-43ce-83b1-426d47a3040d: shutdown FollowerState
2019-10-20 13:11:04,664 [grpc-default-executor-10] INFO  impl.RoleInfo (RoleInfo.java:updateAndGet(143)) - 1ac0a8d4-e534-43ce-83b1-426d47a3040d: start FollowerState
2019-10-20 13:11:04,664 [Thread-24883] INFO  impl.FollowerState (FollowerState.java:run(117)) - 1ac0a8d4-e534-43ce-83b1-426d47a3040d@group-42C3DBE2B33D-FollowerState was interrupted: java.lang.InterruptedException: sleep interrupted
2019-10-20 13:11:04,664 [grpc-default-executor-18] INFO  impl.RaftServerImpl (RaftServerImpl.java:setRole(184)) - fdf19479-69c2-4639-b68c-6adde78ca28a@group-42C3DBE2B33D: changes role from  FOLLOWER to FOLLOWER at term 44 for recognizeCandidate:7660b851-9671-46a6-9e1d-7d946f95d492
2019-10-20 13:11:04,665 [grpc-default-executor-18] INFO  impl.RoleInfo (RoleInfo.java:shutdownFollowerState(121)) - fdf19479-69c2-4639-b68c-6adde78ca28a: shutdown FollowerState
2019-10-20 13:11:04,665 [grpc-default-executor-18] INFO  impl.RoleInfo (RoleInfo.java:updateAndGet(143)) - fdf19479-69c2-4639-b68c-6adde78ca28a: start FollowerState
2019-10-20 13:11:04,665 [Thread-24882] INFO  impl.FollowerState (FollowerState.java:run(117)) - fdf19479-69c2-4639-b68c-6adde78ca28a@group-42C3DBE2B33D-FollowerState was interrupted: java.lang.InterruptedException: sleep interrupted
2019-10-20 13:11:04,678 [7660b851-9671-46a6-9e1d-7d946f95d492@group-42C3DBE2B33D-LeaderElection3340] INFO  impl.LeaderElection (LeaderElection.java:logAndReturn(56)) - 7660b851-9671-46a6-9e1d-7d946f95d492@group-42C3DBE2B33D-LeaderElection3340: Election REJECTED; received 2 response(s) [7660b851-9671-46a6-9e1d-7d946f95d492<-fdf19479-69c2-4639-b68c-6adde78ca28a#0:FAIL-t44, 7660b851-9671-46a6-9e1d-7d946f95d492<-1ac0a8d4-e534-43ce-83b1-426d47a3040d#0:FAIL-t44] and 0 exception(s); 7660b851-9671-46a6-9e1d-7d946f95d492@group-42C3DBE2B33D:t44, leader=null, voted=7660b851-9671-46a6-9e1d-7d946f95d492, raftlog=7660b851-9671-46a6-9e1d-7d946f95d492@group-42C3DBE2B33D-SegmentedRaftLog:OPENED:c-1,f-1,i0, conf=-1: [fdf19479-69c2-4639-b68c-6adde78ca28a:192.168.157.204:42858, 1ac0a8d4-e534-43ce-83b1-426d47a3040d:192.168.157.204:32953, 7660b851-9671-46a6-9e1d-7d946f95d492:192.168.157.204:41682], old=null
2019-10-20 13:11:04,678 [7660b851-9671-46a6-9e1d-7d946f95d492@group-42C3DBE2B33D-LeaderElection3340] INFO  impl.RaftServerImpl (RaftServerImpl.java:setRole(184)) - 7660b851-9671-46a6-9e1d-7d946f95d492@group-42C3DBE2B33D: changes role from CANDIDATE to FOLLOWER at term 44 for DISCOVERED_A_NEW_TERM
2019-10-20 13:11:04,678 [7660b851-9671-46a6-9e1d-7d946f95d492@group-42C3DBE2B33D-LeaderElection3340] INFO  impl.RoleInfo (RoleInfo.java:shutdownLeaderElection(134)) - 7660b851-9671-46a6-9e1d-7d946f95d492: shutdown LeaderElection
2019-10-20 13:11:04,678 [7660b851-9671-46a6-9e1d-7d946f95d492@group-42C3DBE2B33D-LeaderElection3340] INFO  impl.RoleInfo (RoleInfo.java:updateAndGet(143)) - 7660b851-9671-46a6-9e1d-7d946f95d492: start FollowerState
2019-10-20 13:11:04,738 [Thread-24890] INFO  impl.FollowerState (FollowerState.java:run(108)) - 7660b851-9671-46a6-9e1d-7d946f95d492@group-42C3DBE2B33D-FollowerState: change to CANDIDATE, lastRpcTime:59ms, electionTimeout:59ms
2019-10-20 13:11:04,738 [Thread-24890] INFO  impl.RoleInfo (RoleInfo.java:shutdownFollowerState(121)) - 7660b851-9671-46a6-9e1d-7d946f95d492: shutdown FollowerState
2019-10-20 13:11:04,738 [Thread-24890] INFO  impl.RaftServerImpl (RaftServerImpl.java:setRole(184)) - 7660b851-9671-46a6-9e1d-7d946f95d492@group-42C3DBE2B33D: changes role from  FOLLOWER to CANDIDATE at term 44 for changeToCandidate
2019-10-20 13:11:04,738 [Thread-24890] INFO  impl.RoleInfo (RoleInfo.java:updateAndGet(143)) - 7660b851-9671-46a6-9e1d-7d946f95d492: start LeaderElection
2019-10-20 13:11:04,763 [7660b851-9671-46a6-9e1d-7d946f95d492@group-42C3DBE2B33D-LeaderElection3341] INFO  impl.LeaderElection (LeaderElection.java:askForVotes(178)) - 7660b851-9671-46a6-9e1d-7d946f95d492@group-42C3DBE2B33D-LeaderElection3341: begin an election at term 45 for -1: [fdf19479-69c2-4639-b68c-6adde78ca28a:192.168.157.204:42858, 1ac0a8d4-e534-43ce-83b1-426d47a3040d:192.168.157.204:32953, 7660b851-9671-46a6-9e1d-7d946f95d492:192.168.157.204:41682], old=null
2019-10-20 13:11:04,765 [grpc-default-executor-18] INFO  impl.RaftServerImpl (RaftServerImpl.java:setRole(184)) - fdf19479-69c2-4639-b68c-6adde78ca28a@group-42C3DBE2B33D: changes role from  FOLLOWER to FOLLOWER at term 45 for recognizeCandidate:7660b851-9671-46a6-9e1d-7d946f95d492
2019-10-20 13:11:04,765 [grpc-default-executor-18] INFO  impl.RoleInfo (RoleInfo.java:shutdownFollowerState(121)) - fdf19479-69c2-4639-b68c-6adde78ca28a: shutdown FollowerState
2019-10-20 13:11:04,765 [Thread-24889] INFO  impl.FollowerState (FollowerState.java:run(117)) - fdf19479-69c2-4639-b68c-6adde78ca28a@group-42C3DBE2B33D-FollowerState was interrupted: java.lang.InterruptedException: sleep interrupted
2019-10-20 13:11:04,765 [grpc-default-executor-18] INFO  impl.RoleInfo (RoleInfo.java:updateAndGet(143)) - fdf19479-69c2-4639-b68c-6adde78ca28a: start FollowerState
2019-10-20 13:11:04,765 [grpc-default-executor-10] INFO  impl.RaftServerImpl (RaftServerImpl.java:setRole(184)) - 1ac0a8d4-e534-43ce-83b1-426d47a3040d@group-42C3DBE2B33D: changes role from  FOLLOWER to FOLLOWER at term 45 for recognizeCandidate:7660b851-9671-46a6-9e1d-7d946f95d492
2019-10-20 13:11:04,766 [grpc-default-executor-10] INFO  impl.RoleInfo (RoleInfo.java:shutdownFollowerState(121)) - 1ac0a8d4-e534-43ce-83b1-426d47a3040d: shutdown FollowerState
2019-10-20 13:11:04,766 [grpc-default-executor-10] INFO  impl.RoleInfo (RoleInfo.java:updateAndGet(143)) - 1ac0a8d4-e534-43ce-83b1-426d47a3040d: start FollowerState
2019-10-20 13:11:04,766 [Thread-24888] INFO  impl.FollowerState (FollowerState.java:run(117)) - 1ac0a8d4-e534-43ce-83b1-426d47a3040d@group-42C3DBE2B33D-FollowerState was interrupted: java.lang.InterruptedException: sleep interrupted
2019-10-20 13:11:04,805 [7660b851-9671-46a6-9e1d-7d946f95d492@group-42C3DBE2B33D-LeaderElection3341] INFO  impl.LeaderElection (LeaderElection.java:logAndReturn(56)) - 7660b851-9671-46a6-9e1d-7d946f95d492@group-42C3DBE2B33D-LeaderElection3341: Election REJECTED; received 2 response(s) [7660b851-9671-46a6-9e1d-7d946f95d492<-fdf19479-69c2-4639-b68c-6adde78ca28a#0:FAIL-t45, 7660b851-9671-46a6-9e1d-7d946f95d492<-1ac0a8d4-e534-43ce-83b1-426d47a3040d#0:FAIL-t45] and 0 exception(s); 7660b851-9671-46a6-9e1d-7d946f95d492@group-42C3DBE2B33D:t45, leader=null, voted=7660b851-9671-46a6-9e1d-7d946f95d492, raftlog=7660b851-9671-46a6-9e1d-7d946f95d492@group-42C3DBE2B33D-SegmentedRaftLog:OPENED:c-1,f-1,i0, conf=-1: [fdf19479-69c2-4639-b68c-6adde78ca28a:192.168.157.204:42858, 1ac0a8d4-e534-43ce-83b1-426d47a3040d:192.168.157.204:32953, 7660b851-9671-46a6-9e1d-7d946f95d492:192.168.157.204:41682], old=null
2019-10-20 13:11:04,805 [7660b851-9671-46a6-9e1d-7d946f95d492@group-42C3DBE2B33D-LeaderElection3341] INFO  impl.RaftServerImpl (RaftServerImpl.java:setRole(184)) - 7660b851-9671-46a6-9e1d-7d946f95d492@group-42C3DBE2B33D: changes role from CANDIDATE to FOLLOWER at term 45 for DISCOVERED_A_NEW_TERM
2019-10-20 13:11:04,805 [7660b851-9671-46a6-9e1d-7d946f95d492@group-42C3DBE2B33D-LeaderElection3341] INFO  impl.RoleInfo (RoleInfo.java:shutdownLeaderElection(134)) - 7660b851-9671-46a6-9e1d-7d946f95d492: shutdown LeaderElection
2019-10-20 13:11:04,806 [7660b851-9671-46a6-9e1d-7d946f95d492@group-42C3DBE2B33D-LeaderElection3341] INFO  impl.RoleInfo (RoleInfo.java:updateAndGet(143)) - 7660b851-9671-46a6-9e1d-7d946f95d492: start FollowerState
2019-10-20 13:11:04,886 [Thread-24898] INFO  impl.FollowerState (FollowerState.java:run(108)) - 7660b851-9671-46a6-9e1d-7d946f95d492@group-42C3DBE2B33D-FollowerState: change to CANDIDATE, lastRpcTime:80ms, electionTimeout:80ms
2019-10-20 13:11:04,886 [Thread-24898] INFO  impl.RoleInfo (RoleInfo.java:shutdownFollowerState(121)) - 7660b851-9671-46a6-9e1d-7d946f95d492: shutdown FollowerState
2019-10-20 13:11:04,886 [Thread-24898] INFO  impl.RaftServerImpl (RaftServerImpl.java:setRole(184)) - 7660b851-9671-46a6-9e1d-7d946f95d492@group-42C3DBE2B33D: changes role from  FOLLOWER to CANDIDATE at term 45 for changeToCandidate
2019-10-20 13:11:04,886 [Thread-24898] INFO  impl.RoleInfo (RoleInfo.java:updateAndGet(143)) - 7660b851-9671-46a6-9e1d-7d946f95d492: start LeaderElection
2019-10-20 13:11:04,899 [7660b851-9671-46a6-9e1d-7d946f95d492@group-42C3DBE2B33D-LeaderElection3342] INFO  impl.LeaderElection (LeaderElection.java:askForVotes(178)) - 7660b851-9671-46a6-9e1d-7d946f95d492@group-42C3DBE2B33D-LeaderElection3342: begin an election at term 46 for -1: [fdf19479-69c2-4639-b68c-6adde78ca28a:192.168.157.204:42858, 1ac0a8d4-e534-43ce-83b1-426d47a3040d:192.168.157.204:32953, 7660b851-9671-46a6-9e1d-7d946f95d492:192.168.157.204:41682], old=null
2019-10-20 13:11:04,900 [grpc-default-executor-10] INFO  impl.RaftServerImpl (RaftServerImpl.java:setRole(184)) - fdf19479-69c2-4639-b68c-6adde78ca28a@group-42C3DBE2B33D: changes role from  FOLLOWER to FOLLOWER at term 46 for recognizeCandidate:7660b851-9671-46a6-9e1d-7d946f95d492
2019-10-20 13:11:04,901 [grpc-default-executor-10] INFO  impl.RoleInfo (RoleInfo.java:shutdownFollowerState(121)) - fdf19479-69c2-4639-b68c-6adde78ca28a: shutdown FollowerState
2019-10-20 13:11:04,901 [grpc-default-executor-18] INFO  impl.RaftServerImpl (RaftServerImpl.java:setRole(184)) - 1ac0a8d4-e534-43ce-83b1-426d47a3040d@group-42C3DBE2B33D: changes role from  FOLLOWER to FOLLOWER at term 46 for recognizeCandidate:7660b851-9671-46a6-9e1d-7d946f95d492
2019-10-20 13:11:04,901 [grpc-default-executor-18] INFO  impl.RoleInfo (RoleInfo.java:shutdownFollowerState(121)) - 1ac0a8d4-e534-43ce-83b1-426d47a3040d: shutdown FollowerState
2019-10-20 13:11:04,901 [Thread-24894] INFO  impl.FollowerState (FollowerState.java:run(117)) - fdf19479-69c2-4639-b68c-6adde78ca28a@group-42C3DBE2B33D-FollowerState was interrupted: java.lang.InterruptedException: sleep interrupted
2019-10-20 13:11:04,901 [Thread-24895] INFO  impl.FollowerState (FollowerState.java:run(117)) - 1ac0a8d4-e534-43ce-83b1-426d47a3040d@group-42C3DBE2B33D-FollowerState was interrupted: java.lang.InterruptedException: sleep interrupted
2019-10-20 13:11:04,901 [grpc-default-executor-10] INFO  impl.RoleInfo (RoleInfo.java:updateAndGet(143)) - fdf19479-69c2-4639-b68c-6adde78ca28a: start FollowerState
2019-10-20 13:11:04,901 [grpc-default-executor-18] INFO  impl.RoleInfo (RoleInfo.java:updateAndGet(143)) - 1ac0a8d4-e534-43ce-83b1-426d47a3040d: start FollowerState
2019-10-20 13:11:04,926 [7660b851-9671-46a6-9e1d-7d946f95d492@group-42C3DBE2B33D-LeaderElection3342] INFO  impl.LeaderElection (LeaderElection.java:logAndReturn(56)) - 7660b851-9671-46a6-9e1d-7d946f95d492@group-42C3DBE2B33D-LeaderElection3342: Election REJECTED; received 2 response(s) [7660b851-9671-46a6-9e1d-7d946f95d492<-fdf19479-69c2-4639-b68c-6adde78ca28a#0:FAIL-t46, 7660b851-9671-46a6-9e1d-7d946f95d492<-1ac0a8d4-e534-43ce-83b1-426d47a3040d#0:FAIL-t46] and 0 exception(s); 7660b851-9671-46a6-9e1d-7d946f95d492@group-42C3DBE2B33D:t46, leader=null, voted=7660b851-9671-46a6-9e1d-7d946f95d492, raftlog=7660b851-9671-46a6-9e1d-7d946f95d492@group-42C3DBE2B33D-SegmentedRaftLog:OPENED:c-1,f-1,i0, conf=-1: [fdf19479-69c2-4639-b68c-6adde78ca28a:192.168.157.204:42858, 1ac0a8d4-e534-43ce-83b1-426d47a3040d:192.168.157.204:32953, 7660b851-9671-46a6-9e1d-7d946f95d492:192.168.157.204:41682], old=null
2019-10-20 13:11:04,926 [7660b851-9671-46a6-9e1d-7d946f95d492@group-42C3DBE2B33D-LeaderElection3342] INFO  impl.RaftServerImpl (RaftServerImpl.java:setRole(184)) - 7660b851-9671-46a6-9e1d-7d946f95d492@group-42C3DBE2B33D: changes role from CANDIDATE to FOLLOWER at term 46 for DISCOVERED_A_NEW_TERM
2019-10-20 13:11:04,927 [7660b851-9671-46a6-9e1d-7d946f95d492@group-42C3DBE2B33D-LeaderElection3342] INFO  impl.RoleInfo (RoleInfo.java:shutdownLeaderElection(134)) - 7660b851-9671-46a6-9e1d-7d946f95d492: shutdown LeaderElection
2019-10-20 13:11:04,927 [7660b851-9671-46a6-9e1d-7d946f95d492@group-42C3DBE2B33D-LeaderElection3342] INFO  impl.RoleInfo (RoleInfo.java:updateAndGet(143)) - 7660b851-9671-46a6-9e1d-7d946f95d492: start FollowerState
2019-10-20 13:11:05,080 [Thread-24906] INFO  impl.FollowerState (FollowerState.java:run(108)) - 7660b851-9671-46a6-9e1d-7d946f95d492@group-42C3DBE2B33D-FollowerState: change to CANDIDATE, lastRpcTime:153ms, electionTimeout:153ms
2019-10-20 13:11:05,080 [Thread-24906] INFO  impl.RoleInfo (RoleInfo.java:shutdownFollowerState(121)) - 7660b851-9671-46a6-9e1d-7d946f95d492: shutdown FollowerState
2019-10-20 13:11:05,080 [Thread-24906] INFO  impl.RaftServerImpl (RaftServerImpl.java:setRole(184)) - 7660b851-9671-46a6-9e1d-7d946f95d492@group-42C3DBE2B33D: changes role from  FOLLOWER to CANDIDATE at term 46 for changeToCandidate
2019-10-20 13:11:05,081 [Thread-24906] INFO  impl.RoleInfo (RoleInfo.java:updateAndGet(143)) - 7660b851-9671-46a6-9e1d-7d946f95d492: start LeaderElection
2019-10-20 13:11:05,094 [7660b851-9671-46a6-9e1d-7d946f95d492@group-42C3DBE2B33D-LeaderElection3343] INFO  impl.LeaderElection (LeaderElection.java:askForVotes(178)) - 7660b851-9671-46a6-9e1d-7d946f95d492@group-42C3DBE2B33D-LeaderElection3343: begin an election at term 47 for -1: [fdf19479-69c2-4639-b68c-6adde78ca28a:192.168.157.204:42858, 1ac0a8d4-e534-43ce-83b1-426d47a3040d:192.168.157.204:32953, 7660b851-9671-46a6-9e1d-7d946f95d492:192.168.157.204:41682], old=null
2019-10-20 13:11:05,095 [grpc-default-executor-18] INFO  impl.RaftServerImpl (RaftServerImpl.java:setRole(184)) - fdf19479-69c2-4639-b68c-6adde78ca28a@group-42C3DBE2B33D: changes role from  FOLLOWER to FOLLOWER at term 47 for recognizeCandidate:7660b851-9671-46a6-9e1d-7d946f95d492
2019-10-20 13:11:05,095 [grpc-default-executor-18] INFO  impl.RoleInfo (RoleInfo.java:shutdownFollowerState(121)) - fdf19479-69c2-4639-b68c-6adde78ca28a: shutdown FollowerState
2019-10-20 13:11:05,096 [grpc-default-executor-18] INFO  impl.RoleInfo (RoleInfo.java:updateAndGet(143)) - fdf19479-69c2-4639-b68c-6adde78ca28a: start FollowerState
2019-10-20 13:11:05,096 [Thread-24904] INFO  impl.FollowerState (FollowerState.java:run(117)) - fdf19479-69c2-4639-b68c-6adde78ca28a@group-42C3DBE2B33D-FollowerState was interrupted: java.lang.InterruptedException: sleep interrupted
2019-10-20 13:11:05,096 [grpc-default-executor-10] INFO  impl.RaftServerImpl (RaftServerImpl.java:setRole(184)) - 1ac0a8d4-e534-43ce-83b1-426d47a3040d@group-42C3DBE2B33D: changes role from  FOLLOWER to FOLLOWER at term 47 for recognizeCandidate:7660b851-9671-46a6-9e1d-7d946f95d492
2019-10-20 13:11:05,096 [grpc-default-executor-10] INFO  impl.RoleInfo (RoleInfo.java:shutdownFollowerState(121)) - 1ac0a8d4-e534-43ce-83b1-426d47a3040d: shutdown FollowerState
2019-10-20 13:11:05,096 [grpc-default-executor-10] INFO  impl.RoleInfo (RoleInfo.java:updateAndGet(143)) - 1ac0a8d4-e534-43ce-83b1-426d47a3040d: start FollowerState
2019-10-20 13:11:05,096 [Thread-24905] INFO  impl.FollowerState (FollowerState.java:run(117)) - 1ac0a8d4-e534-43ce-83b1-426d47a3040d@group-42C3DBE2B33D-FollowerState was interrupted: java.lang.InterruptedException: sleep interrupted
2019-10-20 13:11:05,100 [7660b851-9671-46a6-9e1d-7d946f95d492@group-42C3DBE2B33D-LeaderElection3343] INFO  impl.LeaderElection (LeaderElection.java:logAndReturn(56)) - 7660b851-9671-46a6-9e1d-7d946f95d492@group-42C3DBE2B33D-LeaderElection3343: Election TIMEOUT; received 0 response(s) [] and 0 exception(s); 7660b851-9671-46a6-9e1d-7d946f95d492@group-42C3DBE2B33D:t47, leader=null, voted=7660b851-9671-46a6-9e1d-7d946f95d492, raftlog=7660b851-9671-46a6-9e1d-7d946f95d492@group-42C3DBE2B33D-SegmentedRaftLog:OPENED:c-1,f-1,i0, conf=-1: [fdf19479-69c2-4639-b68c-6adde78ca28a:192.168.157.204:42858, 1ac0a8d4-e534-43ce-83b1-426d47a3040d:192.168.157.204:32953, 7660b851-9671-46a6-9e1d-7d946f95d492:192.168.157.204:41682], old=null
2019-10-20 13:11:05,109 [7660b851-9671-46a6-9e1d-7d946f95d492@group-42C3DBE2B33D-LeaderElection3343] INFO  impl.LeaderElection (LeaderElection.java:askForVotes(178)) - 7660b851-9671-46a6-9e1d-7d946f95d492@group-42C3DBE2B33D-LeaderElection3343: begin an election at term 48 for -1: [fdf19479-69c2-4639-b68c-6adde78ca28a:192.168.157.204:42858, 1ac0a8d4-e534-43ce-83b1-426d47a3040d:192.168.157.204:32953, 7660b851-9671-46a6-9e1d-7d946f95d492:192.168.157.204:41682], old=null
2019-10-20 13:11:05,110 [grpc-default-executor-18] INFO  impl.RaftServerImpl (RaftServerImpl.java:setRole(184)) - fdf19479-69c2-4639-b68c-6adde78ca28a@group-42C3DBE2B33D: changes role from  FOLLOWER to FOLLOWER at term 48 for recognizeCandidate:7660b851-9671-46a6-9e1d-7d946f95d492
2019-10-20 13:11:05,110 [grpc-default-executor-18] INFO  impl.RoleInfo (RoleInfo.java:shutdownFollowerState(121)) - fdf19479-69c2-4639-b68c-6adde78ca28a: shutdown FollowerState
2019-10-20 13:11:05,110 [grpc-default-executor-10] INFO  impl.RaftServerImpl (RaftServerImpl.java:setRole(184)) - 1ac0a8d4-e534-43ce-83b1-426d47a3040d@group-42C3DBE2B33D: changes role from  FOLLOWER to FOLLOWER at term 48 for recognizeCandidate:7660b851-9671-46a6-9e1d-7d946f95d492
2019-10-20 13:11:05,110 [grpc-default-executor-18] INFO  impl.RoleInfo (RoleInfo.java:updateAndGet(143)) - fdf19479-69c2-4639-b68c-6adde78ca28a: start FollowerState
2019-10-20 13:11:05,110 [Thread-24910] INFO  impl.FollowerState (FollowerState.java:run(117)) - fdf19479-69c2-4639-b68c-6adde78ca28a@group-42C3DBE2B33D-FollowerState was interrupted: java.lang.InterruptedException: sleep interrupted
2019-10-20 13:11:05,110 [grpc-default-executor-10] INFO  impl.RoleInfo (RoleInfo.java:shutdownFollowerState(121)) - 1ac0a8d4-e534-43ce-83b1-426d47a3040d: shutdown FollowerState
2019-10-20 13:11:05,111 [grpc-default-executor-10] INFO  impl.RoleInfo (RoleInfo.java:updateAndGet(143)) - 1ac0a8d4-e534-43ce-83b1-426d47a3040d: start FollowerState
2019-10-20 13:11:05,111 [Thread-24911] INFO  impl.FollowerState (FollowerState.java:run(117)) - 1ac0a8d4-e534-43ce-83b1-426d47a3040d@group-42C3DBE2B33D-FollowerState was interrupted: java.lang.InterruptedException: sleep interrupted
2019-10-20 13:11:05,124 [7660b851-9671-46a6-9e1d-7d946f95d492@group-42C3DBE2B33D-LeaderElection3343] INFO  impl.LeaderElection (LeaderElection.java:logAndReturn(56)) - 7660b851-9671-46a6-9e1d-7d946f95d492@group-42C3DBE2B33D-LeaderElection3343: Election REJECTED; received 2 response(s) [7660b851-9671-46a6-9e1d-7d946f95d492<-fdf19479-69c2-4639-b68c-6adde78ca28a#0:FAIL-t48, 7660b851-9671-46a6-9e1d-7d946f95d492<-1ac0a8d4-e534-43ce-83b1-426d47a3040d#0:FAIL-t48] and 0 exception(s); 7660b851-9671-46a6-9e1d-7d946f95d492@group-42C3DBE2B33D:t48, leader=null, voted=7660b851-9671-46a6-9e1d-7d946f95d492, raftlog=7660b851-9671-46a6-9e1d-7d946f95d492@group-42C3DBE2B33D-SegmentedRaftLog:OPENED:c-1,f-1,i0, conf=-1: [fdf19479-69c2-4639-b68c-6adde78ca28a:192.168.157.204:42858, 1ac0a8d4-e534-43ce-83b1-426d47a3040d:192.168.157.204:32953, 7660b851-9671-46a6-9e1d-7d946f95d492:192.168.157.204:41682], old=null
2019-10-20 13:11:05,124 [7660b851-9671-46a6-9e1d-7d946f95d492@group-42C3DBE2B33D-LeaderElection3343] INFO  impl.RaftServerImpl (RaftServerImpl.java:setRole(184)) - 7660b851-9671-46a6-9e1d-7d946f95d492@group-42C3DBE2B33D: changes role from CANDIDATE to FOLLOWER at term 48 for DISCOVERED_A_NEW_TERM
2019-10-20 13:11:05,124 [7660b851-9671-46a6-9e1d-7d946f95d492@group-42C3DBE2B33D-LeaderElection3343] INFO  impl.RoleInfo (RoleInfo.java:shutdownLeaderElection(134)) - 7660b851-9671-46a6-9e1d-7d946f95d492: shutdown LeaderElection
2019-10-20 13:11:05,124 [7660b851-9671-46a6-9e1d-7d946f95d492@group-42C3DBE2B33D-LeaderElection3343] INFO  impl.RoleInfo (RoleInfo.java:updateAndGet(143)) - 7660b851-9671-46a6-9e1d-7d946f95d492: start FollowerState
2019-10-20 13:11:05,129 [Thread-24917] INFO  impl.FollowerState (FollowerState.java:run(108)) - 7660b851-9671-46a6-9e1d-7d946f95d492@group-42C3DBE2B33D-FollowerState: change to CANDIDATE, lastRpcTime:4ms, electionTimeout:4ms
2019-10-20 13:11:05,129 [Thread-24917] INFO  impl.RoleInfo (RoleInfo.java:shutdownFollowerState(121)) - 7660b851-9671-46a6-9e1d-7d946f95d492: shutdown FollowerState
2019-10-20 13:11:05,129 [Thread-24917] INFO  impl.RaftServerImpl (RaftServerImpl.java:setRole(184)) - 7660b851-9671-46a6-9e1d-7d946f95d492@group-42C3DBE2B33D: changes role from  FOLLOWER to CANDIDATE at term 48 for changeToCandidate
2019-10-20 13:11:05,129 [Thread-24917] INFO  impl.RoleInfo (RoleInfo.java:updateAndGet(143)) - 7660b851-9671-46a6-9e1d-7d946f95d492: start LeaderElection
2019-10-20 13:11:05,143 [7660b851-9671-46a6-9e1d-7d946f95d492@group-42C3DBE2B33D-LeaderElection3344] INFO  impl.LeaderElection (LeaderElection.java:askForVotes(178)) - 7660b851-9671-46a6-9e1d-7d946f95d492@group-42C3DBE2B33D-LeaderElection3344: begin an election at term 49 for -1: [fdf19479-69c2-4639-b68c-6adde78ca28a:192.168.157.204:42858, 1ac0a8d4-e534-43ce-83b1-426d47a3040d:192.168.157.204:32953, 7660b851-9671-46a6-9e1d-7d946f95d492:192.168.157.204:41682], old=null
2019-10-20 13:11:05,144 [grpc-default-executor-19] INFO  impl.RaftServerImpl (RaftServerImpl.java:setRole(184)) - fdf19479-69c2-4639-b68c-6adde78ca28a@group-42C3DBE2B33D: changes role from  FOLLOWER to FOLLOWER at term 49 for recognizeCandidate:7660b851-9671-46a6-9e1d-7d946f95d492
2019-10-20 13:11:05,144 [grpc-default-executor-19] INFO  impl.RoleInfo (RoleInfo.java:shutdownFollowerState(121)) - fdf19479-69c2-4639-b68c-6adde78ca28a: shutdown FollowerState
2019-10-20 13:11:05,144 [grpc-default-executor-19] INFO  impl.RoleInfo (RoleInfo.java:updateAndGet(143)) - fdf19479-69c2-4639-b68c-6adde78ca28a: start FollowerState
2019-10-20 13:11:05,144 [Thread-24914] INFO  impl.FollowerState (FollowerState.java:run(117)) - fdf19479-69c2-4639-b68c-6adde78ca28a@group-42C3DBE2B33D-FollowerState was interrupted: java.lang.InterruptedException: sleep interrupted
2019-10-20 13:11:05,144 [grpc-default-executor-18] INFO  impl.RaftServerImpl (RaftServerImpl.java:setRole(184)) - 1ac0a8d4-e534-43ce-83b1-426d47a3040d@group-42C3DBE2B33D: changes role from  FOLLOWER to FOLLOWER at term 49 for recognizeCandidate:7660b851-9671-46a6-9e1d-7d946f95d492
2019-10-20 13:11:05,145 [grpc-default-executor-18] INFO  impl.RoleInfo (RoleInfo.java:shutdownFollowerState(121)) - 1ac0a8d4-e534-43ce-83b1-426d47a3040d: shutdown FollowerState
2019-10-20 13:11:05,145 [grpc-default-executor-18] INFO  impl.RoleInfo (RoleInfo.java:updateAndGet(143)) - 1ac0a8d4-e534-43ce-83b1-426d47a3040d: start FollowerState
2019-10-20 13:11:05,145 [Thread-24915] INFO  impl.FollowerState (FollowerState.java:run(117)) - 1ac0a8d4-e534-43ce-83b1-426d47a3040d@group-42C3DBE2B33D-FollowerState was interrupted: java.lang.InterruptedException: sleep interrupted
2019-10-20 13:11:05,157 [7660b851-9671-46a6-9e1d-7d946f95d492@group-42C3DBE2B33D-LeaderElection3344] INFO  impl.LeaderElection (LeaderElection.java:logAndReturn(56)) - 7660b851-9671-46a6-9e1d-7d946f95d492@group-42C3DBE2B33D-LeaderElection3344: Election REJECTED; received 2 response(s) [7660b851-9671-46a6-9e1d-7d946f95d492<-fdf19479-69c2-4639-b68c-6adde78ca28a#0:FAIL-t49, 7660b851-9671-46a6-9e1d-7d946f95d492<-1ac0a8d4-e534-43ce-83b1-426d47a3040d#0:FAIL-t49] and 0 exception(s); 7660b851-9671-46a6-9e1d-7d946f95d492@group-42C3DBE2B33D:t49, leader=null, voted=7660b851-9671-46a6-9e1d-7d946f95d492, raftlog=7660b851-9671-46a6-9e1d-7d946f95d492@group-42C3DBE2B33D-SegmentedRaftLog:OPENED:c-1,f-1,i0, conf=-1: [fdf19479-69c2-4639-b68c-6adde78ca28a:192.168.157.204:42858, 1ac0a8d4-e534-43ce-83b1-426d47a3040d:192.168.157.204:32953, 7660b851-9671-46a6-9e1d-7d946f95d492:192.168.157.204:41682], old=null
2019-10-20 13:11:05,158 [7660b851-9671-46a6-9e1d-7d946f95d492@group-42C3DBE2B33D-LeaderElection3344] INFO  impl.RaftServerImpl (RaftServerImpl.java:setRole(184)) - 7660b851-9671-46a6-9e1d-7d946f95d492@group-42C3DBE2B33D: changes role from CANDIDATE to FOLLOWER at term 49 for DISCOVERED_A_NEW_TERM
2019-10-20 13:11:05,158 [7660b851-9671-46a6-9e1d-7d946f95d492@group-42C3DBE2B33D-LeaderElection3344] INFO  impl.RoleInfo (RoleInfo.java:shutdownLeaderElection(134)) - 7660b851-9671-46a6-9e1d-7d946f95d492: shutdown LeaderElection
2019-10-20 13:11:05,158 [7660b851-9671-46a6-9e1d-7d946f95d492@group-42C3DBE2B33D-LeaderElection3344] INFO  impl.RoleInfo (RoleInfo.java:updateAndGet(143)) - 7660b851-9671-46a6-9e1d-7d946f95d492: start FollowerState
2019-10-20 13:11:05,171 [Thread-24924] INFO  impl.FollowerState (FollowerState.java:run(108)) - 7660b851-9671-46a6-9e1d-7d946f95d492@group-42C3DBE2B33D-FollowerState: change to CANDIDATE, lastRpcTime:13ms, electionTimeout:13ms
2019-10-20 13:11:05,171 [Thread-24924] INFO  impl.RoleInfo (RoleInfo.java:shutdownFollowerState(121)) - 7660b851-9671-46a6-9e1d-7d946f95d492: shutdown FollowerState
2019-10-20 13:11:05,171 [Thread-24924] INFO  impl.RaftServerImpl (RaftServerImpl.java:setRole(184)) - 7660b851-9671-46a6-9e1d-7d946f95d492@group-42C3DBE2B33D: changes role from  FOLLOWER to CANDIDATE at term 49 for changeToCandidate
2019-10-20 13:11:05,171 [Thread-24924] INFO  impl.RoleInfo (RoleInfo.java:updateAndGet(143)) - 7660b851-9671-46a6-9e1d-7d946f95d492: start LeaderElection
2019-10-20 13:11:05,184 [7660b851-9671-46a6-9e1d-7d946f95d492@group-42C3DBE2B33D-LeaderElection3345] INFO  impl.LeaderElection (LeaderElection.java:askForVotes(178)) - 7660b851-9671-46a6-9e1d-7d946f95d492@group-42C3DBE2B33D-LeaderElection3345: begin an election at term 50 for -1: [fdf19479-69c2-4639-b68c-6adde78ca28a:192.168.157.204:42858, 1ac0a8d4-e534-43ce-83b1-426d47a3040d:192.168.157.204:32953, 7660b851-9671-46a6-9e1d-7d946f95d492:192.168.157.204:41682], old=null
2019-10-20 13:11:05,185 [grpc-default-executor-19] INFO  impl.RaftServerImpl (RaftServerImpl.java:setRole(184)) - fdf19479-69c2-4639-b68c-6adde78ca28a@group-42C3DBE2B33D: changes role from  FOLLOWER to FOLLOWER at term 50 for recognizeCandidate:7660b851-9671-46a6-9e1d-7d946f95d492
2019-10-20 13:11:05,185 [grpc-default-executor-19] INFO  impl.RoleInfo (RoleInfo.java:shutdownFollowerState(121)) - fdf19479-69c2-4639-b68c-6adde78ca28a: shutdown FollowerState
2019-10-20 13:11:05,185 [grpc-default-executor-19] INFO  impl.RoleInfo (RoleInfo.java:updateAndGet(143)) - fdf19479-69c2-4639-b68c-6adde78ca28a: start FollowerState
2019-10-20 13:11:05,185 [Thread-24922] INFO  impl.FollowerState (FollowerState.java:run(117)) - fdf19479-69c2-4639-b68c-6adde78ca28a@group-42C3DBE2B33D-FollowerState was interrupted: java.lang.InterruptedException: sleep interrupted
2019-10-20 13:11:05,185 [grpc-default-executor-18] INFO  impl.RaftServerImpl (RaftServerImpl.java:setRole(184)) - 1ac0a8d4-e534-43ce-83b1-426d47a3040d@group-42C3DBE2B33D: changes role from  FOLLOWER to FOLLOWER at term 50 for recognizeCandidate:7660b851-9671-46a6-9e1d-7d946f95d492
2019-10-20 13:11:05,185 [grpc-default-executor-18] INFO  impl.RoleInfo (RoleInfo.java:shutdownFollowerState(121)) - 1ac0a8d4-e534-43ce-83b1-426d47a3040d: shutdown FollowerState
2019-10-20 13:11:05,186 [grpc-default-executor-18] INFO  impl.RoleInfo (RoleInfo.java:updateAndGet(143)) - 1ac0a8d4-e534-43ce-83b1-426d47a3040d: start FollowerState
2019-10-20 13:11:05,186 [Thread-24923] INFO  impl.FollowerState (FollowerState.java:run(117)) - 1ac0a8d4-e534-43ce-83b1-426d47a3040d@group-42C3DBE2B33D-FollowerState was interrupted: java.lang.InterruptedException: sleep interrupted
2019-10-20 13:11:05,210 [7660b851-9671-46a6-9e1d-7d946f95d492@group-42C3DBE2B33D-LeaderElection3345] INFO  impl.LeaderElection (LeaderElection.java:logAndReturn(56)) - 7660b851-9671-46a6-9e1d-7d946f95d492@group-42C3DBE2B33D-LeaderElection3345: Election REJECTED; received 2 response(s) [7660b851-9671-46a6-9e1d-7d946f95d492<-fdf19479-69c2-4639-b68c-6adde78ca28a#0:FAIL-t50, 7660b851-9671-46a6-9e1d-7d946f95d492<-1ac0a8d4-e534-43ce-83b1-426d47a3040d#0:FAIL-t50] and 0 exception(s); 7660b851-9671-46a6-9e1d-7d946f95d492@group-42C3DBE2B33D:t50, leader=null, voted=7660b851-9671-46a6-9e1d-7d946f95d492, raftlog=7660b851-9671-46a6-9e1d-7d946f95d492@group-42C3DBE2B33D-SegmentedRaftLog:OPENED:c-1,f-1,i0, conf=-1: [fdf19479-69c2-4639-b68c-6adde78ca28a:192.168.157.204:42858, 1ac0a8d4-e534-43ce-83b1-426d47a3040d:192.168.157.204:32953, 7660b851-9671-46a6-9e1d-7d946f95d492:192.168.157.204:41682], old=null
2019-10-20 13:11:05,211 [7660b851-9671-46a6-9e1d-7d946f95d492@group-42C3DBE2B33D-LeaderElection3345] INFO  impl.RaftServerImpl (RaftServerImpl.java:setRole(184)) - 7660b851-9671-46a6-9e1d-7d946f95d492@group-42C3DBE2B33D: changes role from CANDIDATE to FOLLOWER at term 50 for DISCOVERED_A_NEW_TERM
2019-10-20 13:11:05,211 [7660b851-9671-46a6-9e1d-7d946f95d492@group-42C3DBE2B33D-LeaderElection3345] INFO  impl.RoleInfo (RoleInfo.java:shutdownLeaderElection(134)) - 7660b851-9671-46a6-9e1d-7d946f95d492: shutdown LeaderElection
2019-10-20 13:11:05,211 [7660b851-9671-46a6-9e1d-7d946f95d492@group-42C3DBE2B33D-LeaderElection3345] INFO  impl.RoleInfo (RoleInfo.java:updateAndGet(143)) - 7660b851-9671-46a6-9e1d-7d946f95d492: start FollowerState
2019-10-20 13:11:05,358 [Thread-24930] INFO  impl.FollowerState (FollowerState.java:run(108)) - 7660b851-9671-46a6-9e1d-7d946f95d492@group-42C3DBE2B33D-FollowerState: change to CANDIDATE, lastRpcTime:147ms, electionTimeout:147ms
2019-10-20 13:11:05,358 [Thread-24930] INFO  impl.RoleInfo (RoleInfo.java:shutdownFollowerState(121)) - 7660b851-9671-46a6-9e1d-7d946f95d492: shutdown FollowerState
2019-10-20 13:11:05,358 [Thread-24930] INFO  impl.RaftServerImpl (RaftServerImpl.java:setRole(184)) - 7660b851-9671-46a6-9e1d-7d946f95d492@group-42C3DBE2B33D: changes role from  FOLLOWER to CANDIDATE at term 50 for changeToCandidate
2019-10-20 13:11:05,358 [Thread-24930] INFO  impl.RoleInfo (RoleInfo.java:updateAndGet(143)) - 7660b851-9671-46a6-9e1d-7d946f95d492: start LeaderElection
2019-10-20 13:11:05,384 [7660b851-9671-46a6-9e1d-7d946f95d492@group-42C3DBE2B33D-LeaderElection3346] INFO  impl.LeaderElection (LeaderElection.java:askForVotes(178)) - 7660b851-9671-46a6-9e1d-7d946f95d492@group-42C3DBE2B33D-LeaderElection3346: begin an election at term 51 for -1: [fdf19479-69c2-4639-b68c-6adde78ca28a:192.168.157.204:42858, 1ac0a8d4-e534-43ce-83b1-426d47a3040d:192.168.157.204:32953, 7660b851-9671-46a6-9e1d-7d946f95d492:192.168.157.204:41682], old=null
2019-10-20 13:11:05,386 [grpc-default-executor-18] INFO  impl.RaftServerImpl (RaftServerImpl.java:setRole(184)) - fdf19479-69c2-4639-b68c-6adde78ca28a@group-42C3DBE2B33D: changes role from  FOLLOWER to FOLLOWER at term 51 for recognizeCandidate:7660b851-9671-46a6-9e1d-7d946f95d492
2019-10-20 13:11:05,386 [grpc-default-executor-18] INFO  impl.RoleInfo (RoleInfo.java:shutdownFollowerState(121)) - fdf19479-69c2-4639-b68c-6adde78ca28a: shutdown FollowerState
2019-10-20 13:11:05,386 [grpc-default-executor-18] INFO  impl.RoleInfo (RoleInfo.java:updateAndGet(143)) - fdf19479-69c2-4639-b68c-6adde78ca28a: start FollowerState
2019-10-20 13:11:05,386 [Thread-24928] INFO  impl.FollowerState (FollowerState.java:run(117)) - fdf19479-69c2-4639-b68c-6adde78ca28a@group-42C3DBE2B33D-FollowerState was interrupted: java.lang.InterruptedException: sleep interrupted
2019-10-20 13:11:05,387 [grpc-default-executor-19] INFO  impl.RaftServerImpl (RaftServerImpl.java:setRole(184)) - 1ac0a8d4-e534-43ce-83b1-426d47a3040d@group-42C3DBE2B33D: changes role from  FOLLOWER to FOLLOWER at term 51 for recognizeCandidate:7660b851-9671-46a6-9e1d-7d946f95d492
2019-10-20 13:11:05,387 [grpc-default-executor-19] INFO  impl.RoleInfo (RoleInfo.java:shutdownFollowerState(121)) - 1ac0a8d4-e534-43ce-83b1-426d47a3040d: shutdown FollowerState
2019-10-20 13:11:05,387 [grpc-default-executor-19] INFO  impl.RoleInfo (RoleInfo.java:updateAndGet(143)) - 1ac0a8d4-e534-43ce-83b1-426d47a3040d: start FollowerState
2019-10-20 13:11:05,387 [Thread-24929] INFO  impl.FollowerState (FollowerState.java:run(117)) - 1ac0a8d4-e534-43ce-83b1-426d47a3040d@group-42C3DBE2B33D-FollowerState was interrupted: java.lang.InterruptedException: sleep interrupted
2019-10-20 13:11:05,411 [7660b851-9671-46a6-9e1d-7d946f95d492@group-42C3DBE2B33D-LeaderElection3346] INFO  impl.LeaderElection (LeaderElection.java:logAndReturn(56)) - 7660b851-9671-46a6-9e1d-7d946f95d492@group-42C3DBE2B33D-LeaderElection3346: Election REJECTED; received 2 response(s) [7660b851-9671-46a6-9e1d-7d946f95d492<-fdf19479-69c2-4639-b68c-6adde78ca28a#0:FAIL-t51, 7660b851-9671-46a6-9e1d-7d946f95d492<-1ac0a8d4-e534-43ce-83b1-426d47a3040d#0:FAIL-t51] and 0 exception(s); 7660b851-9671-46a6-9e1d-7d946f95d492@group-42C3DBE2B33D:t51, leader=null, voted=7660b851-9671-46a6-9e1d-7d946f95d492, raftlog=7660b851-9671-46a6-9e1d-7d946f95d492@group-42C3DBE2B33D-SegmentedRaftLog:OPENED:c-1,f-1,i0, conf=-1: [fdf19479-69c2-4639-b68c-6adde78ca28a:192.168.157.204:42858, 1ac0a8d4-e534-43ce-83b1-426d47a3040d:192.168.157.204:32953, 7660b851-9671-46a6-9e1d-7d946f95d492:192.168.157.204:41682], old=null
2019-10-20 13:11:05,412 [7660b851-9671-46a6-9e1d-7d946f95d492@group-42C3DBE2B33D-LeaderElection3346] INFO  impl.RaftServerImpl (RaftServerImpl.java:setRole(184)) - 7660b851-9671-46a6-9e1d-7d946f95d492@group-42C3DBE2B33D: changes role from CANDIDATE to FOLLOWER at term 51 for DISCOVERED_A_NEW_TERM
2019-10-20 13:11:05,412 [7660b851-9671-46a6-9e1d-7d946f95d492@group-42C3DBE2B33D-LeaderElection3346] INFO  impl.RoleInfo (RoleInfo.java:shutdownLeaderElection(134)) - 7660b851-9671-46a6-9e1d-7d946f95d492: shutdown LeaderElection
2019-10-20 13:11:05,412 [7660b851-9671-46a6-9e1d-7d946f95d492@group-42C3DBE2B33D-LeaderElection3346] INFO  impl.RoleInfo (RoleInfo.java:updateAndGet(143)) - 7660b851-9671-46a6-9e1d-7d946f95d492: start FollowerState
2019-10-20 13:11:05,509 [Thread-24940] INFO  impl.FollowerState (FollowerState.java:run(108)) - 7660b851-9671-46a6-9e1d-7d946f95d492@group-42C3DBE2B33D-FollowerState: change to CANDIDATE, lastRpcTime:97ms, electionTimeout:97ms
2019-10-20 13:11:05,509 [Thread-24940] INFO  impl.RoleInfo (RoleInfo.java:shutdownFollowerState(121)) - 7660b851-9671-46a6-9e1d-7d946f95d492: shutdown FollowerState
2019-10-20 13:11:05,509 [Thread-24940] INFO  impl.RaftServerImpl (RaftServerImpl.java:setRole(184)) - 7660b851-9671-46a6-9e1d-7d946f95d492@group-42C3DBE2B33D: changes role from  FOLLOWER to CANDIDATE at term 51 for changeToCandidate
2019-10-20 13:11:05,510 [Thread-24940] INFO  impl.RoleInfo (RoleInfo.java:updateAndGet(143)) - 7660b851-9671-46a6-9e1d-7d946f95d492: start LeaderElection
2019-10-20 13:11:05,524 [7660b851-9671-46a6-9e1d-7d946f95d492@group-42C3DBE2B33D-LeaderElection3347] INFO  impl.LeaderElection (LeaderElection.java:askForVotes(178)) - 7660b851-9671-46a6-9e1d-7d946f95d492@group-42C3DBE2B33D-LeaderElection3347: begin an election at term 52 for -1: [fdf19479-69c2-4639-b68c-6adde78ca28a:192.168.157.204:42858, 1ac0a8d4-e534-43ce-83b1-426d47a3040d:192.168.157.204:32953, 7660b851-9671-46a6-9e1d-7d946f95d492:192.168.157.204:41682], old=null
2019-10-20 13:11:05,525 [grpc-default-executor-18] INFO  impl.RaftServerImpl (RaftServerImpl.java:setRole(184)) - fdf19479-69c2-4639-b68c-6adde78ca28a@group-42C3DBE2B33D: changes role from  FOLLOWER to FOLLOWER at term 52 for recognizeCandidate:7660b851-9671-46a6-9e1d-7d946f95d492
2019-10-20 13:11:05,525 [grpc-default-executor-18] INFO  impl.RoleInfo (RoleInfo.java:shutdownFollowerState(121)) - fdf19479-69c2-4639-b68c-6adde78ca28a: shutdown FollowerState
2019-10-20 13:11:05,525 [grpc-default-executor-18] INFO  impl.RoleInfo (RoleInfo.java:updateAndGet(143)) - fdf19479-69c2-4639-b68c-6adde78ca28a: start FollowerState
2019-10-20 13:11:05,525 [Thread-24938] INFO  impl.FollowerState (FollowerState.java:run(117)) - fdf19479-69c2-4639-b68c-6adde78ca28a@group-42C3DBE2B33D-FollowerState was interrupted: java.lang.InterruptedException: sleep interrupted
2019-10-20 13:11:05,525 [grpc-default-executor-19] INFO  impl.RaftServerImpl (RaftServerImpl.java:setRole(184)) - 1ac0a8d4-e534-43ce-83b1-426d47a3040d@group-42C3DBE2B33D: changes role from  FOLLOWER to FOLLOWER at term 52 for recognizeCandidate:7660b851-9671-46a6-9e1d-7d946f95d492
2019-10-20 13:11:05,525 [grpc-default-executor-19] INFO  impl.RoleInfo (RoleInfo.java:shutdownFollowerState(121)) - 1ac0a8d4-e534-43ce-83b1-426d47a3040d: shutdown FollowerState
2019-10-20 13:11:05,526 [grpc-default-executor-19] INFO  impl.RoleInfo (RoleInfo.java:updateAndGet(143)) - 1ac0a8d4-e534-43ce-83b1-426d47a3040d: start FollowerState
2019-10-20 13:11:05,526 [Thread-24939] INFO  impl.FollowerState (FollowerState.java:run(117)) - 1ac0a8d4-e534-43ce-83b1-426d47a3040d@group-42C3DBE2B33D-FollowerState was interrupted: java.lang.InterruptedException: sleep interrupted
2019-10-20 13:11:05,538 [7660b851-9671-46a6-9e1d-7d946f95d492@group-42C3DBE2B33D-LeaderElection3347] INFO  impl.LeaderElection (LeaderElection.java:logAndReturn(56)) - 7660b851-9671-46a6-9e1d-7d946f95d492@group-42C3DBE2B33D-LeaderElection3347: Election REJECTED; received 2 response(s) [7660b851-9671-46a6-9e1d-7d946f95d492<-fdf19479-69c2-4639-b68c-6adde78ca28a#0:FAIL-t52, 7660b851-9671-46a6-9e1d-7d946f95d492<-1ac0a8d4-e534-43ce-83b1-426d47a3040d#0:FAIL-t52] and 0 exception(s); 7660b851-9671-46a6-9e1d-7d946f95d492@group-42C3DBE2B33D:t52, leader=null, voted=7660b851-9671-46a6-9e1d-7d946f95d492, raftlog=7660b851-9671-46a6-9e1d-7d946f95d492@group-42C3DBE2B33D-SegmentedRaftLog:OPENED:c-1,f-1,i0, conf=-1: [fdf19479-69c2-4639-b68c-6adde78ca28a:192.168.157.204:42858, 1ac0a8d4-e534-43ce-83b1-426d47a3040d:192.168.157.204:32953, 7660b851-9671-46a6-9e1d-7d946f95d492:192.168.157.204:41682], old=null
2019-10-20 13:11:05,539 [7660b851-9671-46a6-9e1d-7d946f95d492@group-42C3DBE2B33D-LeaderElection3347] INFO  impl.RaftServerImpl (RaftServerImpl.java:setRole(184)) - 7660b851-9671-46a6-9e1d-7d946f95d492@group-42C3DBE2B33D: changes role from CANDIDATE to FOLLOWER at term 52 for DISCOVERED_A_NEW_TERM
2019-10-20 13:11:05,539 [7660b851-9671-46a6-9e1d-7d946f95d492@group-42C3DBE2B33D-LeaderElection3347] INFO  impl.RoleInfo (RoleInfo.java:shutdownLeaderElection(134)) - 7660b851-9671-46a6-9e1d-7d946f95d492: shutdown LeaderElection
2019-10-20 13:11:05,539 [7660b851-9671-46a6-9e1d-7d946f95d492@group-42C3DBE2B33D-LeaderElection3347] INFO  impl.RoleInfo (RoleInfo.java:updateAndGet(143)) - 7660b851-9671-46a6-9e1d-7d946f95d492: start FollowerState
2019-10-20 13:11:05,599 [Thread-24946] INFO  impl.FollowerState (FollowerState.java:run(108)) - 7660b851-9671-46a6-9e1d-7d946f95d492@group-42C3DBE2B33D-FollowerState: change to CANDIDATE, lastRpcTime:60ms, electionTimeout:60ms
2019-10-20 13:11:05,599 [Thread-24946] INFO  impl.RoleInfo (RoleInfo.java:shutdownFollowerState(121)) - 7660b851-9671-46a6-9e1d-7d946f95d492: shutdown FollowerState
2019-10-20 13:11:05,599 [Thread-24946] INFO  impl.RaftServerImpl (RaftServerImpl.java:setRole(184)) - 7660b851-9671-46a6-9e1d-7d946f95d492@group-42C3DBE2B33D: changes role from  FOLLOWER to CANDIDATE at term 52 for changeToCandidate
2019-10-20 13:11:05,600 [Thread-24946] INFO  impl.RoleInfo (RoleInfo.java:updateAndGet(143)) - 7660b851-9671-46a6-9e1d-7d946f95d492: start LeaderElection
2019-10-20 13:11:05,614 [7660b851-9671-46a6-9e1d-7d946f95d492@group-42C3DBE2B33D-LeaderElection3348] INFO  impl.LeaderElection (LeaderElection.java:askForVotes(178)) - 7660b851-9671-46a6-9e1d-7d946f95d492@group-42C3DBE2B33D-LeaderElection3348: begin an election at term 53 for -1: [fdf19479-69c2-4639-b68c-6adde78ca28a:192.168.157.204:42858, 1ac0a8d4-e534-43ce-83b1-426d47a3040d:192.168.157.204:32953, 7660b851-9671-46a6-9e1d-7d946f95d492:192.168.157.204:41682], old=null
2019-10-20 13:11:05,615 [grpc-default-executor-19] INFO  impl.RaftServerImpl (RaftServerImpl.java:setRole(184)) - fdf19479-69c2-4639-b68c-6adde78ca28a@group-42C3DBE2B33D: changes role from  FOLLOWER to FOLLOWER at term 53 for recognizeCandidate:7660b851-9671-46a6-9e1d-7d946f95d492
2019-10-20 13:11:05,615 [grpc-default-executor-19] INFO  impl.RoleInfo (RoleInfo.java:shutdownFollowerState(121)) - fdf19479-69c2-4639-b68c-6adde78ca28a: shutdown FollowerState
2019-10-20 13:11:05,615 [grpc-default-executor-18] INFO  impl.RaftServerImpl (RaftServerImpl.java:setRole(184)) - 1ac0a8d4-e534-43ce-83b1-426d47a3040d@group-42C3DBE2B33D: changes role from  FOLLOWER to FOLLOWER at term 53 for recognizeCandidate:7660b851-9671-46a6-9e1d-7d946f95d492
2019-10-20 13:11:05,615 [grpc-default-executor-18] INFO  impl.RoleInfo (RoleInfo.java:shutdownFollowerState(121)) - 1ac0a8d4-e534-43ce-83b1-426d47a3040d: shutdown FollowerState
2019-10-20 13:11:05,615 [Thread-24944] INFO  impl.FollowerState (FollowerState.java:run(117)) - fdf19479-69c2-4639-b68c-6adde78ca28a@group-42C3DBE2B33D-FollowerState was interrupted: java.lang.InterruptedException: sleep interrupted
2019-10-20 13:11:05,615 [grpc-default-executor-19] INFO  impl.RoleInfo (RoleInfo.java:updateAndGet(143)) - fdf19479-69c2-4639-b68c-6adde78ca28a: start FollowerState
2019-10-20 13:11:05,615 [Thread-24945] INFO  impl.FollowerState (FollowerState.java:run(117)) - 1ac0a8d4-e534-43ce-83b1-426d47a3040d@group-42C3DBE2B33D-FollowerState was interrupted: java.lang.InterruptedException: sleep interrupted
2019-10-20 13:11:05,615 [grpc-default-executor-18] INFO  impl.RoleInfo (RoleInfo.java:updateAndGet(143)) - 1ac0a8d4-e534-43ce-83b1-426d47a3040d: start FollowerState
2019-10-20 13:11:05,655 [7660b851-9671-46a6-9e1d-7d946f95d492@group-42C3DBE2B33D-LeaderElection3348] INFO  impl.LeaderElection (LeaderElection.java:logAndReturn(56)) - 7660b851-9671-46a6-9e1d-7d946f95d492@group-42C3DBE2B33D-LeaderElection3348: Election REJECTED; received 2 response(s) [7660b851-9671-46a6-9e1d-7d946f95d492<-fdf19479-69c2-4639-b68c-6adde78ca28a#0:FAIL-t53, 7660b851-9671-46a6-9e1d-7d946f95d492<-1ac0a8d4-e534-43ce-83b1-426d47a3040d#0:FAIL-t53] and 0 exception(s); 7660b851-9671-46a6-9e1d-7d946f95d492@group-42C3DBE2B33D:t53, leader=null, voted=7660b851-9671-46a6-9e1d-7d946f95d492, raftlog=7660b851-9671-46a6-9e1d-7d946f95d492@group-42C3DBE2B33D-SegmentedRaftLog:OPENED:c-1,f-1,i0, conf=-1: [fdf19479-69c2-4639-b68c-6adde78ca28a:192.168.157.204:42858, 1ac0a8d4-e534-43ce-83b1-426d47a3040d:192.168.157.204:32953, 7660b851-9671-46a6-9e1d-7d946f95d492:192.168.157.204:41682], old=null
2019-10-20 13:11:05,655 [7660b851-9671-46a6-9e1d-7d946f95d492@group-42C3DBE2B33D-LeaderElection3348] INFO  impl.RaftServerImpl (RaftServerImpl.java:setRole(184)) - 7660b851-9671-46a6-9e1d-7d946f95d492@group-42C3DBE2B33D: changes role from CANDIDATE to FOLLOWER at term 53 for DISCOVERED_A_NEW_TERM
2019-10-20 13:11:05,655 [7660b851-9671-46a6-9e1d-7d946f95d492@group-42C3DBE2B33D-LeaderElection3348] INFO  impl.RoleInfo (RoleInfo.java:shutdownLeaderElection(134)) - 7660b851-9671-46a6-9e1d-7d946f95d492: shutdown LeaderElection
2019-10-20 13:11:05,655 [7660b851-9671-46a6-9e1d-7d946f95d492@group-42C3DBE2B33D-LeaderElection3348] INFO  impl.RoleInfo (RoleInfo.java:updateAndGet(143)) - 7660b851-9671-46a6-9e1d-7d946f95d492: start FollowerState
2019-10-20 13:11:05,847 [Thread-24952] INFO  impl.FollowerState (FollowerState.java:run(108)) - 7660b851-9671-46a6-9e1d-7d946f95d492@group-42C3DBE2B33D-FollowerState: change to CANDIDATE, lastRpcTime:191ms, electionTimeout:191ms
2019-10-20 13:11:05,847 [Thread-24952] INFO  impl.RoleInfo (RoleInfo.java:shutdownFollowerState(121)) - 7660b851-9671-46a6-9e1d-7d946f95d492: shutdown FollowerState
2019-10-20 13:11:05,847 [Thread-24952] INFO  impl.RaftServerImpl (RaftServerImpl.java:setRole(184)) - 7660b851-9671-46a6-9e1d-7d946f95d492@group-42C3DBE2B33D: changes role from  FOLLOWER to CANDIDATE at term 53 for changeToCandidate
2019-10-20 13:11:05,847 [Thread-24952] INFO  impl.RoleInfo (RoleInfo.java:updateAndGet(143)) - 7660b851-9671-46a6-9e1d-7d946f95d492: start LeaderElection
2019-10-20 13:11:05,860 [7660b851-9671-46a6-9e1d-7d946f95d492@group-42C3DBE2B33D-LeaderElection3349] INFO  impl.LeaderElection (LeaderElection.java:askForVotes(178)) - 7660b851-9671-46a6-9e1d-7d946f95d492@group-42C3DBE2B33D-LeaderElection3349: begin an election at term 54 for -1: [fdf19479-69c2-4639-b68c-6adde78ca28a:192.168.157.204:42858, 1ac0a8d4-e534-43ce-83b1-426d47a3040d:192.168.157.204:32953, 7660b851-9671-46a6-9e1d-7d946f95d492:192.168.157.204:41682], old=null
2019-10-20 13:11:05,861 [grpc-default-executor-19] INFO  impl.RaftServerImpl (RaftServerImpl.java:setRole(184)) - fdf19479-69c2-4639-b68c-6adde78ca28a@group-42C3DBE2B33D: changes role from  FOLLOWER to FOLLOWER at term 54 for recognizeCandidate:7660b851-9671-46a6-9e1d-7d946f95d492
2019-10-20 13:11:05,861 [grpc-default-executor-19] INFO  impl.RoleInfo (RoleInfo.java:shutdownFollowerState(121)) - fdf19479-69c2-4639-b68c-6adde78ca28a: shutdown FollowerState
2019-10-20 13:11:05,861 [grpc-default-executor-18] INFO  impl.RaftServerImpl (RaftServerImpl.java:setRole(184)) - 1ac0a8d4-e534-43ce-83b1-426d47a3040d@group-42C3DBE2B33D: changes role from  FOLLOWER to FOLLOWER at term 54 for recognizeCandidate:7660b851-9671-46a6-9e1d-7d946f95d492
2019-10-20 13:11:05,861 [grpc-default-executor-18] INFO  impl.RoleInfo (RoleInfo.java:shutdownFollowerState(121)) - 1ac0a8d4-e534-43ce-83b1-426d47a3040d: shutdown FollowerState
2019-10-20 13:11:05,861 [Thread-24950] INFO  impl.FollowerState (FollowerState.java:run(117)) - fdf19479-69c2-4639-b68c-6adde78ca28a@group-42C3DBE2B33D-FollowerState was interrupted: java.lang.InterruptedException: sleep interrupted
2019-10-20 13:11:05,862 [Thread-24951] INFO  impl.FollowerState (FollowerState.java:run(117)) - 1ac0a8d4-e534-43ce-83b1-426d47a3040d@group-42C3DBE2B33D-FollowerState was interrupted: java.lang.InterruptedException: sleep interrupted
2019-10-20 13:11:05,861 [grpc-default-executor-19] INFO  impl.RoleInfo (RoleInfo.java:updateAndGet(143)) - fdf19479-69c2-4639-b68c-6adde78ca28a: start FollowerState
2019-10-20 13:11:05,862 [grpc-default-executor-18] INFO  impl.RoleInfo (RoleInfo.java:updateAndGet(143)) - 1ac0a8d4-e534-43ce-83b1-426d47a3040d: start FollowerState
2019-10-20 13:11:05,874 [7660b851-9671-46a6-9e1d-7d946f95d492@group-42C3DBE2B33D-LeaderElection3349] INFO  impl.LeaderElection (LeaderElection.java:logAndReturn(56)) - 7660b851-9671-46a6-9e1d-7d946f95d492@group-42C3DBE2B33D-LeaderElection3349: Election REJECTED; received 2 response(s) [7660b851-9671-46a6-9e1d-7d946f95d492<-fdf19479-69c2-4639-b68c-6adde78ca28a#0:FAIL-t54, 7660b851-9671-46a6-9e1d-7d946f95d492<-1ac0a8d4-e534-43ce-83b1-426d47a3040d#0:FAIL-t54] and 0 exception(s); 7660b851-9671-46a6-9e1d-7d946f95d492@group-42C3DBE2B33D:t54, leader=null, voted=7660b851-9671-46a6-9e1d-7d946f95d492, raftlog=7660b851-9671-46a6-9e1d-7d946f95d492@group-42C3DBE2B33D-SegmentedRaftLog:OPENED:c-1,f-1,i0, conf=-1: [fdf19479-69c2-4639-b68c-6adde78ca28a:192.168.157.204:42858, 1ac0a8d4-e534-43ce-83b1-426d47a3040d:192.168.157.204:32953, 7660b851-9671-46a6-9e1d-7d946f95d492:192.168.157.204:41682], old=null
2019-10-20 13:11:05,874 [7660b851-9671-46a6-9e1d-7d946f95d492@group-42C3DBE2B33D-LeaderElection3349] INFO  impl.RaftServerImpl (RaftServerImpl.java:setRole(184)) - 7660b851-9671-46a6-9e1d-7d946f95d492@group-42C3DBE2B33D: changes role from CANDIDATE to FOLLOWER at term 54 for DISCOVERED_A_NEW_TERM
2019-10-20 13:11:05,874 [7660b851-9671-46a6-9e1d-7d946f95d492@group-42C3DBE2B33D-LeaderElection3349] INFO  impl.RoleInfo (RoleInfo.java:shutdownLeaderElection(134)) - 7660b851-9671-46a6-9e1d-7d946f95d492: shutdown LeaderElection
2019-10-20 13:11:05,874 [7660b851-9671-46a6-9e1d-7d946f95d492@group-42C3DBE2B33D-LeaderElection3349] INFO  impl.RoleInfo (RoleInfo.java:updateAndGet(143)) - 7660b851-9671-46a6-9e1d-7d946f95d492: start FollowerState
2019-10-20 13:11:06,042 [Thread-24960] INFO  impl.FollowerState (FollowerState.java:run(108)) - 7660b851-9671-46a6-9e1d-7d946f95d492@group-42C3DBE2B33D-FollowerState: change to CANDIDATE, lastRpcTime:167ms, electionTimeout:167ms
2019-10-20 13:11:06,042 [Thread-24960] INFO  impl.RoleInfo (RoleInfo.java:shutdownFollowerState(121)) - 7660b851-9671-46a6-9e1d-7d946f95d492: shutdown FollowerState
2019-10-20 13:11:06,042 [Thread-24960] INFO  impl.RaftServerImpl (RaftServerImpl.java:setRole(184)) - 7660b851-9671-46a6-9e1d-7d946f95d492@group-42C3DBE2B33D: changes role from  FOLLOWER to CANDIDATE at term 54 for changeToCandidate
2019-10-20 13:11:06,042 [Thread-24960] INFO  impl.RoleInfo (RoleInfo.java:updateAndGet(143)) - 7660b851-9671-46a6-9e1d-7d946f95d492: start LeaderElection
2019-10-20 13:11:06,057 [7660b851-9671-46a6-9e1d-7d946f95d492@group-42C3DBE2B33D-LeaderElection3350] INFO  impl.LeaderElection (LeaderElection.java:askForVotes(178)) - 7660b851-9671-46a6-9e1d-7d946f95d492@group-42C3DBE2B33D-LeaderElection3350: begin an election at term 55 for -1: [fdf19479-69c2-4639-b68c-6adde78ca28a:192.168.157.204:42858, 1ac0a8d4-e534-43ce-83b1-426d47a3040d:192.168.157.204:32953, 7660b851-9671-46a6-9e1d-7d946f95d492:192.168.157.204:41682], old=null
2019-10-20 13:11:06,058 [grpc-default-executor-18] INFO  impl.RaftServerImpl (RaftServerImpl.java:setRole(184)) - fdf19479-69c2-4639-b68c-6adde78ca28a@group-42C3DBE2B33D: changes role from  FOLLOWER to FOLLOWER at term 55 for recognizeCandidate:7660b851-9671-46a6-9e1d-7d946f95d492
2019-10-20 13:11:06,058 [grpc-default-executor-18] INFO  impl.RoleInfo (RoleInfo.java:shutdownFollowerState(121)) - fdf19479-69c2-4639-b68c-6adde78ca28a: shutdown FollowerState
2019-10-20 13:11:06,058 [grpc-default-executor-18] INFO  impl.RoleInfo (RoleInfo.java:updateAndGet(143)) - fdf19479-69c2-4639-b68c-6adde78ca28a: start FollowerState
2019-10-20 13:11:06,058 [grpc-default-executor-19] INFO  impl.RaftServerImpl (RaftServerImpl.java:setRole(184)) - 1ac0a8d4-e534-43ce-83b1-426d47a3040d@group-42C3DBE2B33D: changes role from  FOLLOWER to FOLLOWER at term 55 for recognizeCandidate:7660b851-9671-46a6-9e1d-7d946f95d492
2019-10-20 13:11:06,058 [grpc-default-executor-19] INFO  impl.RoleInfo (RoleInfo.java:shutdownFollowerState(121)) - 1ac0a8d4-e534-43ce-83b1-426d47a3040d: shutdown FollowerState
2019-10-20 13:11:06,058 [Thread-24958] INFO  impl.FollowerState (FollowerState.java:run(117)) - fdf19479-69c2-4639-b68c-6adde78ca28a@group-42C3DBE2B33D-FollowerState was interrupted: java.lang.InterruptedException: sleep interrupted
2019-10-20 13:11:06,059 [Thread-24959] INFO  impl.FollowerState (FollowerState.java:run(117)) - 1ac0a8d4-e534-43ce-83b1-426d47a3040d@group-42C3DBE2B33D-FollowerState was interrupted: java.lang.InterruptedException: sleep interrupted
2019-10-20 13:11:06,059 [grpc-default-executor-19] INFO  impl.RoleInfo (RoleInfo.java:updateAndGet(143)) - 1ac0a8d4-e534-43ce-83b1-426d47a3040d: start FollowerState
2019-10-20 13:11:06,067 [7660b851-9671-46a6-9e1d-7d946f95d492@group-42C3DBE2B33D-LeaderElection3350] INFO  impl.LeaderElection (LeaderElection.java:logAndReturn(56)) - 7660b851-9671-46a6-9e1d-7d946f95d492@group-42C3DBE2B33D-LeaderElection3350: Election TIMEOUT; received 0 response(s) [] and 0 exception(s); 7660b851-9671-46a6-9e1d-7d946f95d492@group-42C3DBE2B33D:t55, leader=null, voted=7660b851-9671-46a6-9e1d-7d946f95d492, raftlog=7660b851-9671-46a6-9e1d-7d946f95d492@group-42C3DBE2B33D-SegmentedRaftLog:OPENED:c-1,f-1,i0, conf=-1: [fdf19479-69c2-4639-b68c-6adde78ca28a:192.168.157.204:42858, 1ac0a8d4-e534-43ce-83b1-426d47a3040d:192.168.157.204:32953, 7660b851-9671-46a6-9e1d-7d946f95d492:192.168.157.204:41682], old=null
2019-10-20 13:11:06,072 [7660b851-9671-46a6-9e1d-7d946f95d492@group-42C3DBE2B33D-LeaderElection3350] INFO  impl.LeaderElection (LeaderElection.java:askForVotes(178)) - 7660b851-9671-46a6-9e1d-7d946f95d492@group-42C3DBE2B33D-LeaderElection3350: begin an election at term 56 for -1: [fdf19479-69c2-4639-b68c-6adde78ca28a:192.168.157.204:42858, 1ac0a8d4-e534-43ce-83b1-426d47a3040d:192.168.157.204:32953, 7660b851-9671-46a6-9e1d-7d946f95d492:192.168.157.204:41682], old=null
2019-10-20 13:11:06,073 [grpc-default-executor-18] INFO  impl.RaftServerImpl (RaftServerImpl.java:setRole(184)) - fdf19479-69c2-4639-b68c-6adde78ca28a@group-42C3DBE2B33D: changes role from  FOLLOWER to FOLLOWER at term 56 for recognizeCandidate:7660b851-9671-46a6-9e1d-7d946f95d492
2019-10-20 13:11:06,073 [grpc-default-executor-18] INFO  impl.RoleInfo (RoleInfo.java:shutdownFollowerState(121)) - fdf19479-69c2-4639-b68c-6adde78ca28a: shutdown FollowerState
2019-10-20 13:11:06,073 [grpc-default-executor-18] INFO  impl.RoleInfo (RoleInfo.java:updateAndGet(143)) - fdf19479-69c2-4639-b68c-6adde78ca28a: start FollowerState
2019-10-20 13:11:06,073 [Thread-24966] INFO  impl.FollowerState (FollowerState.java:run(117)) - fdf19479-69c2-4639-b68c-6adde78ca28a@group-42C3DBE2B33D-FollowerState was interrupted: java.lang.InterruptedException: sleep interrupted
2019-10-20 13:11:06,073 [grpc-default-executor-19] INFO  impl.RaftServerImpl (RaftServerImpl.java:setRole(184)) - 1ac0a8d4-e534-43ce-83b1-426d47a3040d@group-42C3DBE2B33D: changes role from  FOLLOWER to FOLLOWER at term 56 for recognizeCandidate:7660b851-9671-46a6-9e1d-7d946f95d492
2019-10-20 13:11:06,074 [grpc-default-executor-19] INFO  impl.RoleInfo (RoleInfo.java:shutdownFollowerState(121)) - 1ac0a8d4-e534-43ce-83b1-426d47a3040d: shutdown FollowerState
2019-10-20 13:11:06,074 [grpc-default-executor-19] INFO  impl.RoleInfo (RoleInfo.java:updateAndGet(143)) - 1ac0a8d4-e534-43ce-83b1-426d47a3040d: start FollowerState
2019-10-20 13:11:06,074 [Thread-24967] INFO  impl.FollowerState (FollowerState.java:run(117)) - 1ac0a8d4-e534-43ce-83b1-426d47a3040d@group-42C3DBE2B33D-FollowerState was interrupted: java.lang.InterruptedException: sleep interrupted
2019-10-20 13:11:06,087 [7660b851-9671-46a6-9e1d-7d946f95d492@group-42C3DBE2B33D-LeaderElection3350] INFO  impl.LeaderElection (LeaderElection.java:logAndReturn(56)) - 7660b851-9671-46a6-9e1d-7d946f95d492@group-42C3DBE2B33D-LeaderElection3350: Election REJECTED; received 2 response(s) [7660b851-9671-46a6-9e1d-7d946f95d492<-fdf19479-69c2-4639-b68c-6adde78ca28a#0:FAIL-t56, 7660b851-9671-46a6-9e1d-7d946f95d492<-1ac0a8d4-e534-43ce-83b1-426d47a3040d#0:FAIL-t56] and 0 exception(s); 7660b851-9671-46a6-9e1d-7d946f95d492@group-42C3DBE2B33D:t56, leader=null, voted=7660b851-9671-46a6-9e1d-7d946f95d492, raftlog=7660b851-9671-46a6-9e1d-7d946f95d492@group-42C3DBE2B33D-SegmentedRaftLog:OPENED:c-1,f-1,i0, conf=-1: [fdf19479-69c2-4639-b68c-6adde78ca28a:192.168.157.204:42858, 1ac0a8d4-e534-43ce-83b1-426d47a3040d:192.168.157.204:32953, 7660b851-9671-46a6-9e1d-7d946f95d492:192.168.157.204:41682], old=null
2019-10-20 13:11:06,087 [7660b851-9671-46a6-9e1d-7d946f95d492@group-42C3DBE2B33D-LeaderElection3350] INFO  impl.RaftServerImpl (RaftServerImpl.java:setRole(184)) - 7660b851-9671-46a6-9e1d-7d946f95d492@group-42C3DBE2B33D: changes role from CANDIDATE to FOLLOWER at term 56 for DISCOVERED_A_NEW_TERM
2019-10-20 13:11:06,088 [7660b851-9671-46a6-9e1d-7d946f95d492@group-42C3DBE2B33D-LeaderElection3350] INFO  impl.RoleInfo (RoleInfo.java:shutdownLeaderElection(134)) - 7660b851-9671-46a6-9e1d-7d946f95d492: shutdown LeaderElection
2019-10-20 13:11:06,088 [7660b851-9671-46a6-9e1d-7d946f95d492@group-42C3DBE2B33D-LeaderElection3350] INFO  impl.RoleInfo (RoleInfo.java:updateAndGet(143)) - 7660b851-9671-46a6-9e1d-7d946f95d492: start FollowerState
2019-10-20 13:11:06,146 [Thread-24972] INFO  impl.FollowerState (FollowerState.java:run(108)) - 7660b851-9671-46a6-9e1d-7d946f95d492@group-42C3DBE2B33D-FollowerState: change to CANDIDATE, lastRpcTime:58ms, electionTimeout:58ms
2019-10-20 13:11:06,146 [Thread-24972] INFO  impl.RoleInfo (RoleInfo.java:shutdownFollowerState(121)) - 7660b851-9671-46a6-9e1d-7d946f95d492: shutdown FollowerState
2019-10-20 13:11:06,146 [Thread-24972] INFO  impl.RaftServerImpl (RaftServerImpl.java:setRole(184)) - 7660b851-9671-46a6-9e1d-7d946f95d492@group-42C3DBE2B33D: changes role from  FOLLOWER to CANDIDATE at term 56 for changeToCandidate
2019-10-20 13:11:06,146 [Thread-24972] INFO  impl.RoleInfo (RoleInfo.java:updateAndGet(143)) - 7660b851-9671-46a6-9e1d-7d946f95d492: start LeaderElection
2019-10-20 13:11:06,159 [7660b851-9671-46a6-9e1d-7d946f95d492@group-42C3DBE2B33D-LeaderElection3351] INFO  impl.LeaderElection (LeaderElection.java:askForVotes(178)) - 7660b851-9671-46a6-9e1d-7d946f95d492@group-42C3DBE2B33D-LeaderElection3351: begin an election at term 57 for -1: [fdf19479-69c2-4639-b68c-6adde78ca28a:192.168.157.204:42858, 1ac0a8d4-e534-43ce-83b1-426d47a3040d:192.168.157.204:32953, 7660b851-9671-46a6-9e1d-7d946f95d492:192.168.157.204:41682], old=null
2019-10-20 13:11:06,160 [grpc-default-executor-18] INFO  impl.RaftServerImpl (RaftServerImpl.java:setRole(184)) - fdf19479-69c2-4639-b68c-6adde78ca28a@group-42C3DBE2B33D: changes role from  FOLLOWER to FOLLOWER at term 57 for recognizeCandidate:7660b851-9671-46a6-9e1d-7d946f95d492
2019-10-20 13:11:06,160 [grpc-default-executor-18] INFO  impl.RoleInfo (RoleInfo.java:shutdownFollowerState(121)) - fdf19479-69c2-4639-b68c-6adde78ca28a: shutdown FollowerState
2019-10-20 13:11:06,161 [grpc-default-executor-18] INFO  impl.RoleInfo (RoleInfo.java:updateAndGet(143)) - fdf19479-69c2-4639-b68c-6adde78ca28a: start FollowerState
2019-10-20 13:11:06,161 [Thread-24970] INFO  impl.FollowerState (FollowerState.java:run(117)) - fdf19479-69c2-4639-b68c-6adde78ca28a@group-42C3DBE2B33D-FollowerState was interrupted: java.lang.InterruptedException: sleep interrupted
2019-10-20 13:11:06,161 [grpc-default-executor-19] INFO  impl.RaftServerImpl (RaftServerImpl.java:setRole(184)) - 1ac0a8d4-e534-43ce-83b1-426d47a3040d@group-42C3DBE2B33D: changes role from  FOLLOWER to FOLLOWER at term 57 for recognizeCandidate:7660b851-9671-46a6-9e1d-7d946f95d492
2019-10-20 13:11:06,161 [grpc-default-executor-19] INFO  impl.RoleInfo (RoleInfo.java:shutdownFollowerState(121)) - 1ac0a8d4-e534-43ce-83b1-426d47a3040d: shutdown FollowerState
2019-10-20 13:11:06,161 [grpc-default-executor-19] INFO  impl.RoleInfo (RoleInfo.java:updateAndGet(143)) - 1ac0a8d4-e534-43ce-83b1-426d47a3040d: start FollowerState
2019-10-20 13:11:06,161 [Thread-24971] INFO  impl.FollowerState (FollowerState.java:run(117)) - 1ac0a8d4-e534-43ce-83b1-426d47a3040d@group-42C3DBE2B33D-FollowerState was interrupted: java.lang.InterruptedException: sleep interrupted
2019-10-20 13:11:06,185 [7660b851-9671-46a6-9e1d-7d946f95d492@group-42C3DBE2B33D-LeaderElection3351] INFO  impl.LeaderElection (LeaderElection.java:logAndReturn(56)) - 7660b851-9671-46a6-9e1d-7d946f95d492@group-42C3DBE2B33D-LeaderElection3351: Election REJECTED; received 2 response(s) [7660b851-9671-46a6-9e1d-7d946f95d492<-fdf19479-69c2-4639-b68c-6adde78ca28a#0:FAIL-t57, 7660b851-9671-46a6-9e1d-7d946f95d492<-1ac0a8d4-e534-43ce-83b1-426d47a3040d#0:FAIL-t57] and 0 exception(s); 7660b851-9671-46a6-9e1d-7d946f95d492@group-42C3DBE2B33D:t57, leader=null, voted=7660b851-9671-46a6-9e1d-7d946f95d492, raftlog=7660b851-9671-46a6-9e1d-7d946f95d492@group-42C3DBE2B33D-SegmentedRaftLog:OPENED:c-1,f-1,i0, conf=-1: [fdf19479-69c2-4639-b68c-6adde78ca28a:192.168.157.204:42858, 1ac0a8d4-e534-43ce-83b1-426d47a3040d:192.168.157.204:32953, 7660b851-9671-46a6-9e1d-7d946f95d492:192.168.157.204:41682], old=null
2019-10-20 13:11:06,186 [7660b851-9671-46a6-9e1d-7d946f95d492@group-42C3DBE2B33D-LeaderElection3351] INFO  impl.RaftServerImpl (RaftServerImpl.java:setRole(184)) - 7660b851-9671-46a6-9e1d-7d946f95d492@group-42C3DBE2B33D: changes role from CANDIDATE to FOLLOWER at term 57 for DISCOVERED_A_NEW_TERM
2019-10-20 13:11:06,186 [7660b851-9671-46a6-9e1d-7d946f95d492@group-42C3DBE2B33D-LeaderElection3351] INFO  impl.RoleInfo (RoleInfo.java:shutdownLeaderElection(134)) - 7660b851-9671-46a6-9e1d-7d946f95d492: shutdown LeaderElection
2019-10-20 13:11:06,186 [7660b851-9671-46a6-9e1d-7d946f95d492@group-42C3DBE2B33D-LeaderElection3351] INFO  impl.RoleInfo (RoleInfo.java:updateAndGet(143)) - 7660b851-9671-46a6-9e1d-7d946f95d492: start FollowerState
2019-10-20 13:11:06,281 [Thread-24980] INFO  impl.FollowerState (FollowerState.java:run(108)) - 7660b851-9671-46a6-9e1d-7d946f95d492@group-42C3DBE2B33D-FollowerState: change to CANDIDATE, lastRpcTime:95ms, electionTimeout:95ms
2019-10-20 13:11:06,281 [Thread-24980] INFO  impl.RoleInfo (RoleInfo.java:shutdownFollowerState(121)) - 7660b851-9671-46a6-9e1d-7d946f95d492: shutdown FollowerState
2019-10-20 13:11:06,281 [Thread-24980] INFO  impl.RaftServerImpl (RaftServerImpl.java:setRole(184)) - 7660b851-9671-46a6-9e1d-7d946f95d492@group-42C3DBE2B33D: changes role from  FOLLOWER to CANDIDATE at term 57 for changeToCandidate
2019-10-20 13:11:06,281 [Thread-24980] INFO  impl.RoleInfo (RoleInfo.java:updateAndGet(143)) - 7660b851-9671-46a6-9e1d-7d946f95d492: start LeaderElection
2019-10-20 13:11:06,295 [7660b851-9671-46a6-9e1d-7d946f95d492@group-42C3DBE2B33D-LeaderElection3352] INFO  impl.LeaderElection (LeaderElection.java:askForVotes(178)) - 7660b851-9671-46a6-9e1d-7d946f95d492@group-42C3DBE2B33D-LeaderElection3352: begin an election at term 58 for -1: [fdf19479-69c2-4639-b68c-6adde78ca28a:192.168.157.204:42858, 1ac0a8d4-e534-43ce-83b1-426d47a3040d:192.168.157.204:32953, 7660b851-9671-46a6-9e1d-7d946f95d492:192.168.157.204:41682], old=null
2019-10-20 13:11:06,296 [grpc-default-executor-18] INFO  impl.RaftServerImpl (RaftServerImpl.java:setRole(184)) - fdf19479-69c2-4639-b68c-6adde78ca28a@group-42C3DBE2B33D: changes role from  FOLLOWER to FOLLOWER at term 58 for recognizeCandidate:7660b851-9671-46a6-9e1d-7d946f95d492
2019-10-20 13:11:06,296 [grpc-default-executor-18] INFO  impl.RoleInfo (RoleInfo.java:shutdownFollowerState(121)) - fdf19479-69c2-4639-b68c-6adde78ca28a: shutdown FollowerState
2019-10-20 13:11:06,296 [grpc-default-executor-18] INFO  impl.RoleInfo (RoleInfo.java:updateAndGet(143)) - fdf19479-69c2-4639-b68c-6adde78ca28a: start FollowerState
2019-10-20 13:11:06,296 [Thread-24978] INFO  impl.FollowerState (FollowerState.java:run(117)) - fdf19479-69c2-4639-b68c-6adde78ca28a@group-42C3DBE2B33D-FollowerState was interrupted: java.lang.InterruptedException: sleep interrupted
2019-10-20 13:11:06,296 [grpc-default-executor-19] INFO  impl.RaftServerImpl (RaftServerImpl.java:setRole(184)) - 1ac0a8d4-e534-43ce-83b1-426d47a3040d@group-42C3DBE2B33D: changes role from  FOLLOWER to FOLLOWER at term 58 for recognizeCandidate:7660b851-9671-46a6-9e1d-7d946f95d492
2019-10-20 13:11:06,297 [grpc-default-executor-19] INFO  impl.RoleInfo (RoleInfo.java:shutdownFollowerState(121)) - 1ac0a8d4-e534-43ce-83b1-426d47a3040d: shutdown FollowerState
2019-10-20 13:11:06,297 [grpc-default-executor-19] INFO  impl.RoleInfo (RoleInfo.java:updateAndGet(143)) - 1ac0a8d4-e534-43ce-83b1-426d47a3040d: start FollowerState
2019-10-20 13:11:06,297 [Thread-24979] INFO  impl.FollowerState (FollowerState.java:run(117)) - 1ac0a8d4-e534-43ce-83b1-426d47a3040d@group-42C3DBE2B33D-FollowerState was interrupted: java.lang.InterruptedException: sleep interrupted
2019-10-20 13:11:06,310 [7660b851-9671-46a6-9e1d-7d946f95d492@group-42C3DBE2B33D-LeaderElection3352] INFO  impl.LeaderElection (LeaderElection.java:logAndReturn(56)) - 7660b851-9671-46a6-9e1d-7d946f95d492@group-42C3DBE2B33D-LeaderElection3352: Election REJECTED; received 2 response(s) [7660b851-9671-46a6-9e1d-7d946f95d492<-fdf19479-69c2-4639-b68c-6adde78ca28a#0:FAIL-t58, 7660b851-9671-46a6-9e1d-7d946f95d492<-1ac0a8d4-e534-43ce-83b1-426d47a3040d#0:FAIL-t58] and 0 exception(s); 7660b851-9671-46a6-9e1d-7d946f95d492@group-42C3DBE2B33D:t58, leader=null, voted=7660b851-9671-46a6-9e1d-7d946f95d492, raftlog=7660b851-9671-46a6-9e1d-7d946f95d492@group-42C3DBE2B33D-SegmentedRaftLog:OPENED:c-1,f-1,i0, conf=-1: [fdf19479-69c2-4639-b68c-6adde78ca28a:192.168.157.204:42858, 1ac0a8d4-e534-43ce-83b1-426d47a3040d:192.168.157.204:32953, 7660b851-9671-46a6-9e1d-7d946f95d492:192.168.157.204:41682], old=null
2019-10-20 13:11:06,310 [7660b851-9671-46a6-9e1d-7d946f95d492@group-42C3DBE2B33D-LeaderElection3352] INFO  impl.RaftServerImpl (RaftServerImpl.java:setRole(184)) - 7660b851-9671-46a6-9e1d-7d946f95d492@group-42C3DBE2B33D: changes role from CANDIDATE to FOLLOWER at term 58 for DISCOVERED_A_NEW_TERM
2019-10-20 13:11:06,310 [7660b851-9671-46a6-9e1d-7d946f95d492@group-42C3DBE2B33D-LeaderElection3352] INFO  impl.RoleInfo (RoleInfo.java:shutdownLeaderElection(134)) - 7660b851-9671-46a6-9e1d-7d946f95d492: shutdown LeaderElection
2019-10-20 13:11:06,310 [7660b851-9671-46a6-9e1d-7d946f95d492@group-42C3DBE2B33D-LeaderElection3352] INFO  impl.RoleInfo (RoleInfo.java:updateAndGet(143)) - 7660b851-9671-46a6-9e1d-7d946f95d492: start FollowerState
2019-10-20 13:11:06,477 [Thread-24988] INFO  impl.FollowerState (FollowerState.java:run(108)) - 7660b851-9671-46a6-9e1d-7d946f95d492@group-42C3DBE2B33D-FollowerState: change to CANDIDATE, lastRpcTime:166ms, electionTimeout:166ms
2019-10-20 13:11:06,477 [Thread-24988] INFO  impl.RoleInfo (RoleInfo.java:shutdownFollowerState(121)) - 7660b851-9671-46a6-9e1d-7d946f95d492: shutdown FollowerState
2019-10-20 13:11:06,477 [Thread-24988] INFO  impl.RaftServerImpl (RaftServerImpl.java:setRole(184)) - 7660b851-9671-46a6-9e1d-7d946f95d492@group-42C3DBE2B33D: changes role from  FOLLOWER to CANDIDATE at term 58 for changeToCandidate
2019-10-20 13:11:06,477 [Thread-24988] INFO  impl.RoleInfo (RoleInfo.java:updateAndGet(143)) - 7660b851-9671-46a6-9e1d-7d946f95d492: start LeaderElection
2019-10-20 13:11:06,491 [7660b851-9671-46a6-9e1d-7d946f95d492@group-42C3DBE2B33D-LeaderElection3353] INFO  impl.LeaderElection (LeaderElection.java:askForVotes(178)) - 7660b851-9671-46a6-9e1d-7d946f95d492@group-42C3DBE2B33D-LeaderElection3353: begin an election at term 59 for -1: [fdf19479-69c2-4639-b68c-6adde78ca28a:192.168.157.204:42858, 1ac0a8d4-e534-43ce-83b1-426d47a3040d:192.168.157.204:32953, 7660b851-9671-46a6-9e1d-7d946f95d492:192.168.157.204:41682], old=null
2019-10-20 13:11:06,493 [grpc-default-executor-19] INFO  impl.RaftServerImpl (RaftServerImpl.java:setRole(184)) - fdf19479-69c2-4639-b68c-6adde78ca28a@group-42C3DBE2B33D: changes role from  FOLLOWER to FOLLOWER at term 59 for recognizeCandidate:7660b851-9671-46a6-9e1d-7d946f95d492
2019-10-20 13:11:06,493 [grpc-default-executor-19] INFO  impl.RoleInfo (RoleInfo.java:shutdownFollowerState(121)) - fdf19479-69c2-4639-b68c-6adde78ca28a: shutdown FollowerState
2019-10-20 13:11:06,493 [grpc-default-executor-18] INFO  impl.RaftServerImpl (RaftServerImpl.java:setRole(184)) - 1ac0a8d4-e534-43ce-83b1-426d47a3040d@group-42C3DBE2B33D: changes role from  FOLLOWER to FOLLOWER at term 59 for recognizeCandidate:7660b851-9671-46a6-9e1d-7d946f95d492
2019-10-20 13:11:06,493 [grpc-default-executor-18] INFO  impl.RoleInfo (RoleInfo.java:shutdownFollowerState(121)) - 1ac0a8d4-e534-43ce-83b1-426d47a3040d: shutdown FollowerState
2019-10-20 13:11:06,493 [Thread-24984] INFO  impl.FollowerState (FollowerState.java:run(117)) - fdf19479-69c2-4639-b68c-6adde78ca28a@group-42C3DBE2B33D-FollowerState was interrupted: java.lang.InterruptedException: sleep interrupted
2019-10-20 13:11:06,493 [grpc-default-executor-19] INFO  impl.RoleInfo (RoleInfo.java:updateAndGet(143)) - fdf19479-69c2-4639-b68c-6adde78ca28a: start FollowerState
2019-10-20 13:11:06,493 [Thread-24985] INFO  impl.FollowerState (FollowerState.java:run(117)) - 1ac0a8d4-e534-43ce-83b1-426d47a3040d@group-42C3DBE2B33D-FollowerState was interrupted: java.lang.InterruptedException: sleep interrupted
2019-10-20 13:11:06,493 [grpc-default-executor-18] INFO  impl.RoleInfo (RoleInfo.java:updateAndGet(143)) - 1ac0a8d4-e534-43ce-83b1-426d47a3040d: start FollowerState
2019-10-20 13:11:06,519 [7660b851-9671-46a6-9e1d-7d946f95d492@group-42C3DBE2B33D-LeaderElection3353] INFO  impl.LeaderElection (LeaderElection.java:logAndReturn(56)) - 7660b851-9671-46a6-9e1d-7d946f95d492@group-42C3DBE2B33D-LeaderElection3353: Election REJECTED; received 2 response(s) [7660b851-9671-46a6-9e1d-7d946f95d492<-fdf19479-69c2-4639-b68c-6adde78ca28a#0:FAIL-t59, 7660b851-9671-46a6-9e1d-7d946f95d492<-1ac0a8d4-e534-43ce-83b1-426d47a3040d#0:FAIL-t59] and 0 exception(s); 7660b851-9671-46a6-9e1d-7d946f95d492@group-42C3DBE2B33D:t59, leader=null, voted=7660b851-9671-46a6-9e1d-7d946f95d492, raftlog=7660b851-9671-46a6-9e1d-7d946f95d492@group-42C3DBE2B33D-SegmentedRaftLog:OPENED:c-1,f-1,i0, conf=-1: [fdf19479-69c2-4639-b68c-6adde78ca28a:192.168.157.204:42858, 1ac0a8d4-e534-43ce-83b1-426d47a3040d:192.168.157.204:32953, 7660b851-9671-46a6-9e1d-7d946f95d492:192.168.157.204:41682], old=null
2019-10-20 13:11:06,519 [7660b851-9671-46a6-9e1d-7d946f95d492@group-42C3DBE2B33D-LeaderElection3353] INFO  impl.RaftServerImpl (RaftServerImpl.java:setRole(184)) - 7660b851-9671-46a6-9e1d-7d946f95d492@group-42C3DBE2B33D: changes role from CANDIDATE to FOLLOWER at term 59 for DISCOVERED_A_NEW_TERM
2019-10-20 13:11:06,519 [7660b851-9671-46a6-9e1d-7d946f95d492@group-42C3DBE2B33D-LeaderElection3353] INFO  impl.RoleInfo (RoleInfo.java:shutdownLeaderElection(134)) - 7660b851-9671-46a6-9e1d-7d946f95d492: shutdown LeaderElection
2019-10-20 13:11:06,519 [7660b851-9671-46a6-9e1d-7d946f95d492@group-42C3DBE2B33D-LeaderElection3353] INFO  impl.RoleInfo (RoleInfo.java:updateAndGet(143)) - 7660b851-9671-46a6-9e1d-7d946f95d492: start FollowerState
2019-10-20 13:11:06,635 [Thread-24996] INFO  impl.FollowerState (FollowerState.java:run(108)) - 7660b851-9671-46a6-9e1d-7d946f95d492@group-42C3DBE2B33D-FollowerState: change to CANDIDATE, lastRpcTime:116ms, electionTimeout:116ms
2019-10-20 13:11:06,635 [Thread-24996] INFO  impl.RoleInfo (RoleInfo.java:shutdownFollowerState(121)) - 7660b851-9671-46a6-9e1d-7d946f95d492: shutdown FollowerState
2019-10-20 13:11:06,635 [Thread-24996] INFO  impl.RaftServerImpl (RaftServerImpl.java:setRole(184)) - 7660b851-9671-46a6-9e1d-7d946f95d492@group-42C3DBE2B33D: changes role from  FOLLOWER to CANDIDATE at term 59 for changeToCandidate
2019-10-20 13:11:06,636 [Thread-24996] INFO  impl.RoleInfo (RoleInfo.java:updateAndGet(143)) - 7660b851-9671-46a6-9e1d-7d946f95d492: start LeaderElection
2019-10-20 13:11:06,649 [7660b851-9671-46a6-9e1d-7d946f95d492@group-42C3DBE2B33D-LeaderElection3354] INFO  impl.LeaderElection (LeaderElection.java:askForVotes(178)) - 7660b851-9671-46a6-9e1d-7d946f95d492@group-42C3DBE2B33D-LeaderElection3354: begin an election at term 60 for -1: [fdf19479-69c2-4639-b68c-6adde78ca28a:192.168.157.204:42858, 1ac0a8d4-e534-43ce-83b1-426d47a3040d:192.168.157.204:32953, 7660b851-9671-46a6-9e1d-7d946f95d492:192.168.157.204:41682], old=null
2019-10-20 13:11:06,651 [grpc-default-executor-19] INFO  impl.RaftServerImpl (RaftServerImpl.java:setRole(184)) - fdf19479-69c2-4639-b68c-6adde78ca28a@group-42C3DBE2B33D: changes role from  FOLLOWER to FOLLOWER at term 60 for recognizeCandidate:7660b851-9671-46a6-9e1d-7d946f95d492
2019-10-20 13:11:06,651 [grpc-default-executor-19] INFO  impl.RoleInfo (RoleInfo.java:shutdownFollowerState(121)) - fdf19479-69c2-4639-b68c-6adde78ca28a: shutdown FollowerState
2019-10-20 13:11:06,651 [grpc-default-executor-18] INFO  impl.RaftServerImpl (RaftServerImpl.java:setRole(184)) - 1ac0a8d4-e534-43ce-83b1-426d47a3040d@group-42C3DBE2B33D: changes role from  FOLLOWER to FOLLOWER at term 60 for recognizeCandidate:7660b851-9671-46a6-9e1d-7d946f95d492
2019-10-20 13:11:06,651 [grpc-default-executor-18] INFO  impl.RoleInfo (RoleInfo.java:shutdownFollowerState(121)) - 1ac0a8d4-e534-43ce-83b1-426d47a3040d: shutdown FollowerState
2019-10-20 13:11:06,651 [Thread-24994] INFO  impl.FollowerState (FollowerState.java:run(117)) - fdf19479-69c2-4639-b68c-6adde78ca28a@group-42C3DBE2B33D-FollowerState was interrupted: java.lang.InterruptedException: sleep interrupted
2019-10-20 13:11:06,651 [grpc-default-executor-19] INFO  impl.RoleInfo (RoleInfo.java:updateAndGet(143)) - fdf19479-69c2-4639-b68c-6adde78ca28a: start FollowerState
2019-10-20 13:11:06,651 [Thread-24995] INFO  impl.FollowerState (FollowerState.java:run(117)) - 1ac0a8d4-e534-43ce-83b1-426d47a3040d@group-42C3DBE2B33D-FollowerState was interrupted: java.lang.InterruptedException: sleep interrupted
2019-10-20 13:11:06,651 [grpc-default-executor-18] INFO  impl.RoleInfo (RoleInfo.java:updateAndGet(143)) - 1ac0a8d4-e534-43ce-83b1-426d47a3040d: start FollowerState
2019-10-20 13:11:06,661 [7660b851-9671-46a6-9e1d-7d946f95d492@group-42C3DBE2B33D-LeaderElection3354] INFO  impl.LeaderElection (LeaderElection.java:logAndReturn(56)) - 7660b851-9671-46a6-9e1d-7d946f95d492@group-42C3DBE2B33D-LeaderElection3354: Election TIMEOUT; received 0 response(s) [] and 0 exception(s); 7660b851-9671-46a6-9e1d-7d946f95d492@group-42C3DBE2B33D:t60, leader=null, voted=7660b851-9671-46a6-9e1d-7d946f95d492, raftlog=7660b851-9671-46a6-9e1d-7d946f95d492@group-42C3DBE2B33D-SegmentedRaftLog:OPENED:c-1,f-1,i0, conf=-1: [fdf19479-69c2-4639-b68c-6adde78ca28a:192.168.157.204:42858, 1ac0a8d4-e534-43ce-83b1-426d47a3040d:192.168.157.204:32953, 7660b851-9671-46a6-9e1d-7d946f95d492:192.168.157.204:41682], old=null
2019-10-20 13:11:06,666 [7660b851-9671-46a6-9e1d-7d946f95d492@group-42C3DBE2B33D-LeaderElection3354] INFO  impl.LeaderElection (LeaderElection.java:askForVotes(178)) - 7660b851-9671-46a6-9e1d-7d946f95d492@group-42C3DBE2B33D-LeaderElection3354: begin an election at term 61 for -1: [fdf19479-69c2-4639-b68c-6adde78ca28a:192.168.157.204:42858, 1ac0a8d4-e534-43ce-83b1-426d47a3040d:192.168.157.204:32953, 7660b851-9671-46a6-9e1d-7d946f95d492:192.168.157.204:41682], old=null
2019-10-20 13:11:06,668 [grpc-default-executor-18] INFO  impl.RaftServerImpl (RaftServerImpl.java:setRole(184)) - fdf19479-69c2-4639-b68c-6adde78ca28a@group-42C3DBE2B33D: changes role from  FOLLOWER to FOLLOWER at term 61 for recognizeCandidate:7660b851-9671-46a6-9e1d-7d946f95d492
2019-10-20 13:11:06,668 [grpc-default-executor-18] INFO  impl.RoleInfo (RoleInfo.java:shutdownFollowerState(121)) - fdf19479-69c2-4639-b68c-6adde78ca28a: shutdown FollowerState
2019-10-20 13:11:06,668 [grpc-default-executor-19] INFO  impl.RaftServerImpl (RaftServerImpl.java:setRole(184)) - 1ac0a8d4-e534-43ce-83b1-426d47a3040d@group-42C3DBE2B33D: changes role from  FOLLOWER to FOLLOWER at term 61 for recognizeCandidate:7660b851-9671-46a6-9e1d-7d946f95d492
2019-10-20 13:11:06,668 [grpc-default-executor-18] INFO  impl.RoleInfo (RoleInfo.java:updateAndGet(143)) - fdf19479-69c2-4639-b68c-6adde78ca28a: start FollowerState
2019-10-20 13:11:06,668 [Thread-25000] INFO  impl.FollowerState (FollowerState.java:run(117)) - fdf19479-69c2-4639-b68c-6adde78ca28a@group-42C3DBE2B33D-FollowerState was interrupted: java.lang.InterruptedException: sleep interrupted
2019-10-20 13:11:06,668 [grpc-default-executor-19] INFO  impl.RoleInfo (RoleInfo.java:shutdownFollowerState(121)) - 1ac0a8d4-e534-43ce-83b1-426d47a3040d: shutdown FollowerState
2019-10-20 13:11:06,668 [grpc-default-executor-19] INFO  impl.RoleInfo (RoleInfo.java:updateAndGet(143)) - 1ac0a8d4-e534-43ce-83b1-426d47a3040d: start FollowerState
2019-10-20 13:11:06,668 [Thread-25001] INFO  impl.FollowerState (FollowerState.java:run(117)) - 1ac0a8d4-e534-43ce-83b1-426d47a3040d@group-42C3DBE2B33D-FollowerState was interrupted: java.lang.InterruptedException: sleep interrupted
2019-10-20 13:11:06,700 [7660b851-9671-46a6-9e1d-7d946f95d492@group-42C3DBE2B33D-LeaderElection3354] INFO  impl.LeaderElection (LeaderElection.java:logAndReturn(56)) - 7660b851-9671-46a6-9e1d-7d946f95d492@group-42C3DBE2B33D-LeaderElection3354: Election REJECTED; received 2 response(s) [7660b851-9671-46a6-9e1d-7d946f95d492<-fdf19479-69c2-4639-b68c-6adde78ca28a#0:FAIL-t61, 7660b851-9671-46a6-9e1d-7d946f95d492<-1ac0a8d4-e534-43ce-83b1-426d47a3040d#0:FAIL-t61] and 0 exception(s); 7660b851-9671-46a6-9e1d-7d946f95d492@group-42C3DBE2B33D:t61, leader=null, voted=7660b851-9671-46a6-9e1d-7d946f95d492, raftlog=7660b851-9671-46a6-9e1d-7d946f95d492@group-42C3DBE2B33D-SegmentedRaftLog:OPENED:c-1,f-1,i0, conf=-1: [fdf19479-69c2-4639-b68c-6adde78ca28a:192.168.157.204:42858, 1ac0a8d4-e534-43ce-83b1-426d47a3040d:192.168.157.204:32953, 7660b851-9671-46a6-9e1d-7d946f95d492:192.168.157.204:41682], old=null
2019-10-20 13:11:06,700 [7660b851-9671-46a6-9e1d-7d946f95d492@group-42C3DBE2B33D-LeaderElection3354] INFO  impl.RaftServerImpl (RaftServerImpl.java:setRole(184)) - 7660b851-9671-46a6-9e1d-7d946f95d492@group-42C3DBE2B33D: changes role from CANDIDATE to FOLLOWER at term 61 for DISCOVERED_A_NEW_TERM
2019-10-20 13:11:06,700 [7660b851-9671-46a6-9e1d-7d946f95d492@group-42C3DBE2B33D-LeaderElection3354] INFO  impl.RoleInfo (RoleInfo.java:shutdownLeaderElection(134)) - 7660b851-9671-46a6-9e1d-7d946f95d492: shutdown LeaderElection
2019-10-20 13:11:06,700 [7660b851-9671-46a6-9e1d-7d946f95d492@group-42C3DBE2B33D-LeaderElection3354] INFO  impl.RoleInfo (RoleInfo.java:updateAndGet(143)) - 7660b851-9671-46a6-9e1d-7d946f95d492: start FollowerState
2019-10-20 13:11:06,713 [Thread-25006] INFO  impl.FollowerState (FollowerState.java:run(108)) - 7660b851-9671-46a6-9e1d-7d946f95d492@group-42C3DBE2B33D-FollowerState: change to CANDIDATE, lastRpcTime:12ms, electionTimeout:12ms
2019-10-20 13:11:06,713 [Thread-25006] INFO  impl.RoleInfo (RoleInfo.java:shutdownFollowerState(121)) - 7660b851-9671-46a6-9e1d-7d946f95d492: shutdown FollowerState
2019-10-20 13:11:06,713 [Thread-25006] INFO  impl.RaftServerImpl (RaftServerImpl.java:setRole(184)) - 7660b851-9671-46a6-9e1d-7d946f95d492@group-42C3DBE2B33D: changes role from  FOLLOWER to CANDIDATE at term 61 for changeToCandidate
2019-10-20 13:11:06,713 [Thread-25006] INFO  impl.RoleInfo (RoleInfo.java:updateAndGet(143)) - 7660b851-9671-46a6-9e1d-7d946f95d492: start LeaderElection
2019-10-20 13:11:06,726 [7660b851-9671-46a6-9e1d-7d946f95d492@group-42C3DBE2B33D-LeaderElection3355] INFO  impl.LeaderElection (LeaderElection.java:askForVotes(178)) - 7660b851-9671-46a6-9e1d-7d946f95d492@group-42C3DBE2B33D-LeaderElection3355: begin an election at term 62 for -1: [fdf19479-69c2-4639-b68c-6adde78ca28a:192.168.157.204:42858, 1ac0a8d4-e534-43ce-83b1-426d47a3040d:192.168.157.204:32953, 7660b851-9671-46a6-9e1d-7d946f95d492:192.168.157.204:41682], old=null
2019-10-20 13:11:06,727 [grpc-default-executor-19] INFO  impl.RaftServerImpl (RaftServerImpl.java:setRole(184)) - fdf19479-69c2-4639-b68c-6adde78ca28a@group-42C3DBE2B33D: changes role from  FOLLOWER to FOLLOWER at term 62 for recognizeCandidate:7660b851-9671-46a6-9e1d-7d946f95d492
2019-10-20 13:11:06,727 [grpc-default-executor-18] INFO  impl.RaftServerImpl (RaftServerImpl.java:setRole(184)) - 1ac0a8d4-e534-43ce-83b1-426d47a3040d@group-42C3DBE2B33D: changes role from  FOLLOWER to FOLLOWER at term 62 for recognizeCandidate:7660b851-9671-46a6-9e1d-7d946f95d492
2019-10-20 13:11:06,728 [grpc-default-executor-18] INFO  impl.RoleInfo (RoleInfo.java:shutdownFollowerState(121)) - 1ac0a8d4-e534-43ce-83b1-426d47a3040d: shutdown FollowerState
2019-10-20 13:11:06,728 [grpc-default-executor-19] INFO  impl.RoleInfo (RoleInfo.java:shutdownFollowerState(121)) - fdf19479-69c2-4639-b68c-6adde78ca28a: shutdown FollowerState
2019-10-20 13:11:06,728 [grpc-default-executor-19] INFO  impl.RoleInfo (RoleInfo.java:updateAndGet(143)) - fdf19479-69c2-4639-b68c-6adde78ca28a: start FollowerState
2019-10-20 13:11:06,728 [Thread-25005] INFO  impl.FollowerState (FollowerState.java:run(117)) - 1ac0a8d4-e534-43ce-83b1-426d47a3040d@group-42C3DBE2B33D-FollowerState was interrupted: java.lang.InterruptedException: sleep interrupted
2019-10-20 13:11:06,728 [grpc-default-executor-18] INFO  impl.RoleInfo (RoleInfo.java:updateAndGet(143)) - 1ac0a8d4-e534-43ce-83b1-426d47a3040d: start FollowerState
2019-10-20 13:11:06,728 [Thread-25004] INFO  impl.FollowerState (FollowerState.java:run(117)) - fdf19479-69c2-4639-b68c-6adde78ca28a@group-42C3DBE2B33D-FollowerState was interrupted: java.lang.InterruptedException: sleep interrupted
2019-10-20 13:11:06,754 [7660b851-9671-46a6-9e1d-7d946f95d492@group-42C3DBE2B33D-LeaderElection3355] INFO  impl.LeaderElection (LeaderElection.java:logAndReturn(56)) - 7660b851-9671-46a6-9e1d-7d946f95d492@group-42C3DBE2B33D-LeaderElection3355: Election REJECTED; received 2 response(s) [7660b851-9671-46a6-9e1d-7d946f95d492<-fdf19479-69c2-4639-b68c-6adde78ca28a#0:FAIL-t62, 7660b851-9671-46a6-9e1d-7d946f95d492<-1ac0a8d4-e534-43ce-83b1-426d47a3040d#0:FAIL-t62] and 0 exception(s); 7660b851-9671-46a6-9e1d-7d946f95d492@group-42C3DBE2B33D:t62, leader=null, voted=7660b851-9671-46a6-9e1d-7d946f95d492, raftlog=7660b851-9671-46a6-9e1d-7d946f95d492@group-42C3DBE2B33D-SegmentedRaftLog:OPENED:c-1,f-1,i0, conf=-1: [fdf19479-69c2-4639-b68c-6adde78ca28a:192.168.157.204:42858, 1ac0a8d4-e534-43ce-83b1-426d47a3040d:192.168.157.204:32953, 7660b851-9671-46a6-9e1d-7d946f95d492:192.168.157.204:41682], old=null
2019-10-20 13:11:06,754 [7660b851-9671-46a6-9e1d-7d946f95d492@group-42C3DBE2B33D-LeaderElection3355] INFO  impl.RaftServerImpl (RaftServerImpl.java:setRole(184)) - 7660b851-9671-46a6-9e1d-7d946f95d492@group-42C3DBE2B33D: changes role from CANDIDATE to FOLLOWER at term 62 for DISCOVERED_A_NEW_TERM
2019-10-20 13:11:06,754 [7660b851-9671-46a6-9e1d-7d946f95d492@group-42C3DBE2B33D-LeaderElection3355] INFO  impl.RoleInfo (RoleInfo.java:shutdownLeaderElection(134)) - 7660b851-9671-46a6-9e1d-7d946f95d492: shutdown LeaderElection
2019-10-20 13:11:06,754 [7660b851-9671-46a6-9e1d-7d946f95d492@group-42C3DBE2B33D-LeaderElection3355] INFO  impl.RoleInfo (RoleInfo.java:updateAndGet(143)) - 7660b851-9671-46a6-9e1d-7d946f95d492: start FollowerState
2019-10-20 13:11:06,825 [Thread-25012] INFO  impl.FollowerState (FollowerState.java:run(108)) - 7660b851-9671-46a6-9e1d-7d946f95d492@group-42C3DBE2B33D-FollowerState: change to CANDIDATE, lastRpcTime:70ms, electionTimeout:70ms
2019-10-20 13:11:06,825 [Thread-25012] INFO  impl.RoleInfo (RoleInfo.java:shutdownFollowerState(121)) - 7660b851-9671-46a6-9e1d-7d946f95d492: shutdown FollowerState
2019-10-20 13:11:06,825 [Thread-25012] INFO  impl.RaftServerImpl (RaftServerImpl.java:setRole(184)) - 7660b851-9671-46a6-9e1d-7d946f95d492@group-42C3DBE2B33D: changes role from  FOLLOWER to CANDIDATE at term 62 for changeToCandidate
2019-10-20 13:11:06,825 [Thread-25012] INFO  impl.RoleInfo (RoleInfo.java:updateAndGet(143)) - 7660b851-9671-46a6-9e1d-7d946f95d492: start LeaderElection
2019-10-20 13:11:06,839 [7660b851-9671-46a6-9e1d-7d946f95d492@group-42C3DBE2B33D-LeaderElection3356] INFO  impl.LeaderElection (LeaderElection.java:askForVotes(178)) - 7660b851-9671-46a6-9e1d-7d946f95d492@group-42C3DBE2B33D-LeaderElection3356: begin an election at term 63 for -1: [fdf19479-69c2-4639-b68c-6adde78ca28a:192.168.157.204:42858, 1ac0a8d4-e534-43ce-83b1-426d47a3040d:192.168.157.204:32953, 7660b851-9671-46a6-9e1d-7d946f95d492:192.168.157.204:41682], old=null
2019-10-20 13:11:06,840 [grpc-default-executor-19] INFO  impl.RaftServerImpl (RaftServerImpl.java:setRole(184)) - fdf19479-69c2-4639-b68c-6adde78ca28a@group-42C3DBE2B33D: changes role from  FOLLOWER to FOLLOWER at term 63 for recognizeCandidate:7660b851-9671-46a6-9e1d-7d946f95d492
2019-10-20 13:11:06,840 [grpc-default-executor-19] INFO  impl.RoleInfo (RoleInfo.java:shutdownFollowerState(121)) - fdf19479-69c2-4639-b68c-6adde78ca28a: shutdown FollowerState
2019-10-20 13:11:06,840 [grpc-default-executor-19] INFO  impl.RoleInfo (RoleInfo.java:updateAndGet(143)) - fdf19479-69c2-4639-b68c-6adde78ca28a: start FollowerState
2019-10-20 13:11:06,840 [Thread-25011] INFO  impl.FollowerState (FollowerState.java:run(117)) - fdf19479-69c2-4639-b68c-6adde78ca28a@group-42C3DBE2B33D-FollowerState was interrupted: java.lang.InterruptedException: sleep interrupted
2019-10-20 13:11:06,841 [grpc-default-executor-18] INFO  impl.RaftServerImpl (RaftServerImpl.java:setRole(184)) - 1ac0a8d4-e534-43ce-83b1-426d47a3040d@group-42C3DBE2B33D: changes role from  FOLLOWER to FOLLOWER at term 63 for recognizeCandidate:7660b851-9671-46a6-9e1d-7d946f95d492
2019-10-20 13:11:06,841 [grpc-default-executor-18] INFO  impl.RoleInfo (RoleInfo.java:shutdownFollowerState(121)) - 1ac0a8d4-e534-43ce-83b1-426d47a3040d: shutdown FollowerState
2019-10-20 13:11:06,841 [grpc-default-executor-18] INFO  impl.RoleInfo (RoleInfo.java:updateAndGet(143)) - 1ac0a8d4-e534-43ce-83b1-426d47a3040d: start FollowerState
2019-10-20 13:11:06,841 [Thread-25010] INFO  impl.FollowerState (FollowerState.java:run(117)) - 1ac0a8d4-e534-43ce-83b1-426d47a3040d@group-42C3DBE2B33D-FollowerState was interrupted: java.lang.InterruptedException: sleep interrupted
2019-10-20 13:11:06,866 [7660b851-9671-46a6-9e1d-7d946f95d492@group-42C3DBE2B33D-LeaderElection3356] INFO  impl.LeaderElection (LeaderElection.java:logAndReturn(56)) - 7660b851-9671-46a6-9e1d-7d946f95d492@group-42C3DBE2B33D-LeaderElection3356: Election REJECTED; received 2 response(s) [7660b851-9671-46a6-9e1d-7d946f95d492<-fdf19479-69c2-4639-b68c-6adde78ca28a#0:FAIL-t63, 7660b851-9671-46a6-9e1d-7d946f95d492<-1ac0a8d4-e534-43ce-83b1-426d47a3040d#0:FAIL-t63] and 0 exception(s); 7660b851-9671-46a6-9e1d-7d946f95d492@group-42C3DBE2B33D:t63, leader=null, voted=7660b851-9671-46a6-9e1d-7d946f95d492, raftlog=7660b851-9671-46a6-9e1d-7d946f95d492@group-42C3DBE2B33D-SegmentedRaftLog:OPENED:c-1,f-1,i0, conf=-1: [fdf19479-69c2-4639-b68c-6adde78ca28a:192.168.157.204:42858, 1ac0a8d4-e534-43ce-83b1-426d47a3040d:192.168.157.204:32953, 7660b851-9671-46a6-9e1d-7d946f95d492:192.168.157.204:41682], old=null
2019-10-20 13:11:06,866 [7660b851-9671-46a6-9e1d-7d946f95d492@group-42C3DBE2B33D-LeaderElection3356] INFO  impl.RaftServerImpl (RaftServerImpl.java:setRole(184)) - 7660b851-9671-46a6-9e1d-7d946f95d492@group-42C3DBE2B33D: changes role from CANDIDATE to FOLLOWER at term 63 for DISCOVERED_A_NEW_TERM
2019-10-20 13:11:06,866 [7660b851-9671-46a6-9e1d-7d946f95d492@group-42C3DBE2B33D-LeaderElection3356] INFO  impl.RoleInfo (RoleInfo.java:shutdownLeaderElection(134)) - 7660b851-9671-46a6-9e1d-7d946f95d492: shutdown LeaderElection
2019-10-20 13:11:06,866 [7660b851-9671-46a6-9e1d-7d946f95d492@group-42C3DBE2B33D-LeaderElection3356] INFO  impl.RoleInfo (RoleInfo.java:updateAndGet(143)) - 7660b851-9671-46a6-9e1d-7d946f95d492: start FollowerState
2019-10-20 13:11:06,906 [Thread-25020] INFO  impl.FollowerState (FollowerState.java:run(108)) - 7660b851-9671-46a6-9e1d-7d946f95d492@group-42C3DBE2B33D-FollowerState: change to CANDIDATE, lastRpcTime:40ms, electionTimeout:40ms
2019-10-20 13:11:06,906 [Thread-25020] INFO  impl.RoleInfo (RoleInfo.java:shutdownFollowerState(121)) - 7660b851-9671-46a6-9e1d-7d946f95d492: shutdown FollowerState
2019-10-20 13:11:06,906 [Thread-25020] INFO  impl.RaftServerImpl (RaftServerImpl.java:setRole(184)) - 7660b851-9671-46a6-9e1d-7d946f95d492@group-42C3DBE2B33D: changes role from  FOLLOWER to CANDIDATE at term 63 for changeToCandidate
2019-10-20 13:11:06,906 [Thread-25020] INFO  impl.RoleInfo (RoleInfo.java:updateAndGet(143)) - 7660b851-9671-46a6-9e1d-7d946f95d492: start LeaderElection
2019-10-20 13:11:06,919 [7660b851-9671-46a6-9e1d-7d946f95d492@group-42C3DBE2B33D-LeaderElection3357] INFO  impl.LeaderElection (LeaderElection.java:askForVotes(178)) - 7660b851-9671-46a6-9e1d-7d946f95d492@group-42C3DBE2B33D-LeaderElection3357: begin an election at term 64 for -1: [fdf19479-69c2-4639-b68c-6adde78ca28a:192.168.157.204:42858, 1ac0a8d4-e534-43ce-83b1-426d47a3040d:192.168.157.204:32953, 7660b851-9671-46a6-9e1d-7d946f95d492:192.168.157.204:41682], old=null
2019-10-20 13:11:06,920 [grpc-default-executor-19] INFO  impl.RaftServerImpl (RaftServerImpl.java:setRole(184)) - fdf19479-69c2-4639-b68c-6adde78ca28a@group-42C3DBE2B33D: changes role from  FOLLOWER to FOLLOWER at term 64 for recognizeCandidate:7660b851-9671-46a6-9e1d-7d946f95d492
2019-10-20 13:11:06,920 [grpc-default-executor-19] INFO  impl.RoleInfo (RoleInfo.java:shutdownFollowerState(121)) - fdf19479-69c2-4639-b68c-6adde78ca28a: shutdown FollowerState
2019-10-20 13:11:06,920 [grpc-default-executor-19] INFO  impl.RoleInfo (RoleInfo.java:updateAndGet(143)) - fdf19479-69c2-4639-b68c-6adde78ca28a: start FollowerState
2019-10-20 13:11:06,920 [Thread-25018] INFO  impl.FollowerState (FollowerState.java:run(117)) - fdf19479-69c2-4639-b68c-6adde78ca28a@group-42C3DBE2B33D-FollowerState was interrupted: java.lang.InterruptedException: sleep interrupted
2019-10-20 13:11:06,920 [grpc-default-executor-18] INFO  impl.RaftServerImpl (RaftServerImpl.java:setRole(184)) - 1ac0a8d4-e534-43ce-83b1-426d47a3040d@group-42C3DBE2B33D: changes role from  FOLLOWER to FOLLOWER at term 64 for recognizeCandidate:7660b851-9671-46a6-9e1d-7d946f95d492
2019-10-20 13:11:06,920 [grpc-default-executor-18] INFO  impl.RoleInfo (RoleInfo.java:shutdownFollowerState(121)) - 1ac0a8d4-e534-43ce-83b1-426d47a3040d: shutdown FollowerState
2019-10-20 13:11:06,920 [grpc-default-executor-18] INFO  impl.RoleInfo (RoleInfo.java:updateAndGet(143)) - 1ac0a8d4-e534-43ce-83b1-426d47a3040d: start FollowerState
2019-10-20 13:11:06,920 [Thread-25019] INFO  impl.FollowerState (FollowerState.java:run(117)) - 1ac0a8d4-e534-43ce-83b1-426d47a3040d@group-42C3DBE2B33D-FollowerState was interrupted: java.lang.InterruptedException: sleep interrupted
2019-10-20 13:11:06,936 [7660b851-9671-46a6-9e1d-7d946f95d492@group-42C3DBE2B33D-LeaderElection3357] INFO  impl.LeaderElection (LeaderElection.java:logAndReturn(56)) - 7660b851-9671-46a6-9e1d-7d946f95d492@group-42C3DBE2B33D-LeaderElection3357: Election REJECTED; received 2 response(s) [7660b851-9671-46a6-9e1d-7d946f95d492<-fdf19479-69c2-4639-b68c-6adde78ca28a#0:FAIL-t64, 7660b851-9671-46a6-9e1d-7d946f95d492<-1ac0a8d4-e534-43ce-83b1-426d47a3040d#0:FAIL-t64] and 0 exception(s); 7660b851-9671-46a6-9e1d-7d946f95d492@group-42C3DBE2B33D:t64, leader=null, voted=7660b851-9671-46a6-9e1d-7d946f95d492, raftlog=7660b851-9671-46a6-9e1d-7d946f95d492@group-42C3DBE2B33D-SegmentedRaftLog:OPENED:c-1,f-1,i0, conf=-1: [fdf19479-69c2-4639-b68c-6adde78ca28a:192.168.157.204:42858, 1ac0a8d4-e534-43ce-83b1-426d47a3040d:192.168.157.204:32953, 7660b851-9671-46a6-9e1d-7d946f95d492:192.168.157.204:41682], old=null
2019-10-20 13:11:06,937 [7660b851-9671-46a6-9e1d-7d946f95d492@group-42C3DBE2B33D-LeaderElection3357] INFO  impl.RaftServerImpl (RaftServerImpl.java:setRole(184)) - 7660b851-9671-46a6-9e1d-7d946f95d492@group-42C3DBE2B33D: changes role from CANDIDATE to FOLLOWER at term 64 for DISCOVERED_A_NEW_TERM
2019-10-20 13:11:06,937 [7660b851-9671-46a6-9e1d-7d946f95d492@group-42C3DBE2B33D-LeaderElection3357] INFO  impl.RoleInfo (RoleInfo.java:shutdownLeaderElection(134)) - 7660b851-9671-46a6-9e1d-7d946f95d492: shutdown LeaderElection
2019-10-20 13:11:06,937 [7660b851-9671-46a6-9e1d-7d946f95d492@group-42C3DBE2B33D-LeaderElection3357] INFO  impl.RoleInfo (RoleInfo.java:updateAndGet(143)) - 7660b851-9671-46a6-9e1d-7d946f95d492: start FollowerState
2019-10-20 13:11:07,058 [Thread-25028] INFO  impl.FollowerState (FollowerState.java:run(108)) - 7660b851-9671-46a6-9e1d-7d946f95d492@group-42C3DBE2B33D-FollowerState: change to CANDIDATE, lastRpcTime:121ms, electionTimeout:121ms
2019-10-20 13:11:07,058 [Thread-25028] INFO  impl.RoleInfo (RoleInfo.java:shutdownFollowerState(121)) - 7660b851-9671-46a6-9e1d-7d946f95d492: shutdown FollowerState
2019-10-20 13:11:07,058 [Thread-25028] INFO  impl.RaftServerImpl (RaftServerImpl.java:setRole(184)) - 7660b851-9671-46a6-9e1d-7d946f95d492@group-42C3DBE2B33D: changes role from  FOLLOWER to CANDIDATE at term 64 for changeToCandidate
2019-10-20 13:11:07,058 [Thread-25028] INFO  impl.RoleInfo (RoleInfo.java:updateAndGet(143)) - 7660b851-9671-46a6-9e1d-7d946f95d492: start LeaderElection
2019-10-20 13:11:07,072 [7660b851-9671-46a6-9e1d-7d946f95d492@group-42C3DBE2B33D-LeaderElection3358] INFO  impl.LeaderElection (LeaderElection.java:askForVotes(178)) - 7660b851-9671-46a6-9e1d-7d946f95d492@group-42C3DBE2B33D-LeaderElection3358: begin an election at term 65 for -1: [fdf19479-69c2-4639-b68c-6adde78ca28a:192.168.157.204:42858, 1ac0a8d4-e534-43ce-83b1-426d47a3040d:192.168.157.204:32953, 7660b851-9671-46a6-9e1d-7d946f95d492:192.168.157.204:41682], old=null
2019-10-20 13:11:07,074 [grpc-default-executor-18] INFO  impl.RaftServerImpl (RaftServerImpl.java:setRole(184)) - fdf19479-69c2-4639-b68c-6adde78ca28a@group-42C3DBE2B33D: changes role from  FOLLOWER to FOLLOWER at term 65 for recognizeCandidate:7660b851-9671-46a6-9e1d-7d946f95d492
2019-10-20 13:11:07,074 [grpc-default-executor-19] INFO  impl.RaftServerImpl (RaftServerImpl.java:setRole(184)) - 1ac0a8d4-e534-43ce-83b1-426d47a3040d@group-42C3DBE2B33D: changes role from  FOLLOWER to FOLLOWER at term 65 for recognizeCandidate:7660b851-9671-46a6-9e1d-7d946f95d492
2019-10-20 13:11:07,074 [grpc-default-executor-19] INFO  impl.RoleInfo (RoleInfo.java:shutdownFollowerState(121)) - 1ac0a8d4-e534-43ce-83b1-426d47a3040d: shutdown FollowerState
2019-10-20 13:11:07,074 [grpc-default-executor-18] INFO  impl.RoleInfo (RoleInfo.java:shutdownFollowerState(121)) - fdf19479-69c2-4639-b68c-6adde78ca28a: shutdown FollowerState
2019-10-20 13:11:07,074 [Thread-25027] INFO  impl.FollowerState (FollowerState.java:run(117)) - 1ac0a8d4-e534-43ce-83b1-426d47a3040d@group-42C3DBE2B33D-FollowerState was interrupted: java.lang.InterruptedException: sleep interrupted
2019-10-20 13:11:07,074 [grpc-default-executor-19] INFO  impl.RoleInfo (RoleInfo.java:updateAndGet(143)) - 1ac0a8d4-e534-43ce-83b1-426d47a3040d: start FollowerState
2019-10-20 13:11:07,074 [grpc-default-executor-18] INFO  impl.RoleInfo (RoleInfo.java:updateAndGet(143)) - fdf19479-69c2-4639-b68c-6adde78ca28a: start FollowerState
2019-10-20 13:11:07,074 [Thread-25026] INFO  impl.FollowerState (FollowerState.java:run(117)) - fdf19479-69c2-4639-b68c-6adde78ca28a@group-42C3DBE2B33D-FollowerState was interrupted: java.lang.InterruptedException: sleep interrupted
2019-10-20 13:11:07,100 [7660b851-9671-46a6-9e1d-7d946f95d492@group-42C3DBE2B33D-LeaderElection3358] INFO  impl.LeaderElection (LeaderElection.java:logAndReturn(56)) - 7660b851-9671-46a6-9e1d-7d946f95d492@group-42C3DBE2B33D-LeaderElection3358: Election REJECTED; received 2 response(s) [7660b851-9671-46a6-9e1d-7d946f95d492<-fdf19479-69c2-4639-b68c-6adde78ca28a#0:FAIL-t65, 7660b851-9671-46a6-9e1d-7d946f95d492<-1ac0a8d4-e534-43ce-83b1-426d47a3040d#0:FAIL-t65] and 0 exception(s); 7660b851-9671-46a6-9e1d-7d946f95d492@group-42C3DBE2B33D:t65, leader=null, voted=7660b851-9671-46a6-9e1d-7d946f95d492, raftlog=7660b851-9671-46a6-9e1d-7d946f95d492@group-42C3DBE2B33D-SegmentedRaftLog:OPENED:c-1,f-1,i0, conf=-1: [fdf19479-69c2-4639-b68c-6adde78ca28a:192.168.157.204:42858, 1ac0a8d4-e534-43ce-83b1-426d47a3040d:192.168.157.204:32953, 7660b851-9671-46a6-9e1d-7d946f95d492:192.168.157.204:41682], old=null
2019-10-20 13:11:07,100 [7660b851-9671-46a6-9e1d-7d946f95d492@group-42C3DBE2B33D-LeaderElection3358] INFO  impl.RaftServerImpl (RaftServerImpl.java:setRole(184)) - 7660b851-9671-46a6-9e1d-7d946f95d492@group-42C3DBE2B33D: changes role from CANDIDATE to FOLLOWER at term 65 for DISCOVERED_A_NEW_TERM
2019-10-20 13:11:07,100 [7660b851-9671-46a6-9e1d-7d946f95d492@group-42C3DBE2B33D-LeaderElection3358] INFO  impl.RoleInfo (RoleInfo.java:shutdownLeaderElection(134)) - 7660b851-9671-46a6-9e1d-7d946f95d492: shutdown LeaderElection
2019-10-20 13:11:07,100 [7660b851-9671-46a6-9e1d-7d946f95d492@group-42C3DBE2B33D-LeaderElection3358] INFO  impl.RoleInfo (RoleInfo.java:updateAndGet(143)) - 7660b851-9671-46a6-9e1d-7d946f95d492: start FollowerState
2019-10-20 13:11:07,196 [Thread-25034] INFO  impl.FollowerState (FollowerState.java:run(108)) - 7660b851-9671-46a6-9e1d-7d946f95d492@group-42C3DBE2B33D-FollowerState: change to CANDIDATE, lastRpcTime:96ms, electionTimeout:96ms
2019-10-20 13:11:07,197 [Thread-25034] INFO  impl.RoleInfo (RoleInfo.java:shutdownFollowerState(121)) - 7660b851-9671-46a6-9e1d-7d946f95d492: shutdown FollowerState
2019-10-20 13:11:07,197 [Thread-25034] INFO  impl.RaftServerImpl (RaftServerImpl.java:setRole(184)) - 7660b851-9671-46a6-9e1d-7d946f95d492@group-42C3DBE2B33D: changes role from  FOLLOWER to CANDIDATE at term 65 for changeToCandidate
2019-10-20 13:11:07,197 [Thread-25034] INFO  impl.RoleInfo (RoleInfo.java:updateAndGet(143)) - 7660b851-9671-46a6-9e1d-7d946f95d492: start LeaderElection
2019-10-20 13:11:07,210 [7660b851-9671-46a6-9e1d-7d946f95d492@group-42C3DBE2B33D-LeaderElection3359] INFO  impl.LeaderElection (LeaderElection.java:askForVotes(178)) - 7660b851-9671-46a6-9e1d-7d946f95d492@group-42C3DBE2B33D-LeaderElection3359: begin an election at term 66 for -1: [fdf19479-69c2-4639-b68c-6adde78ca28a:192.168.157.204:42858, 1ac0a8d4-e534-43ce-83b1-426d47a3040d:192.168.157.204:32953, 7660b851-9671-46a6-9e1d-7d946f95d492:192.168.157.204:41682], old=null
2019-10-20 13:11:07,210 [7660b851-9671-46a6-9e1d-7d946f95d492@group-42C3DBE2B33D-LeaderElection3359] INFO  impl.LeaderElection (LeaderElection.java:logAndReturn(56)) - 7660b851-9671-46a6-9e1d-7d946f95d492@group-42C3DBE2B33D-LeaderElection3359: Election TIMEOUT; received 0 response(s) [] and 0 exception(s); 7660b851-9671-46a6-9e1d-7d946f95d492@group-42C3DBE2B33D:t66, leader=null, voted=7660b851-9671-46a6-9e1d-7d946f95d492, raftlog=7660b851-9671-46a6-9e1d-7d946f95d492@group-42C3DBE2B33D-SegmentedRaftLog:OPENED:c-1,f-1,i0, conf=-1: [fdf19479-69c2-4639-b68c-6adde78ca28a:192.168.157.204:42858, 1ac0a8d4-e534-43ce-83b1-426d47a3040d:192.168.157.204:32953, 7660b851-9671-46a6-9e1d-7d946f95d492:192.168.157.204:41682], old=null
2019-10-20 13:11:07,211 [grpc-default-executor-18] INFO  impl.RaftServerImpl (RaftServerImpl.java:setRole(184)) - fdf19479-69c2-4639-b68c-6adde78ca28a@group-42C3DBE2B33D: changes role from  FOLLOWER to FOLLOWER at term 66 for recognizeCandidate:7660b851-9671-46a6-9e1d-7d946f95d492
2019-10-20 13:11:07,211 [grpc-default-executor-18] INFO  impl.RoleInfo (RoleInfo.java:shutdownFollowerState(121)) - fdf19479-69c2-4639-b68c-6adde78ca28a: shutdown FollowerState
2019-10-20 13:11:07,212 [grpc-default-executor-9] INFO  impl.RaftServerImpl (RaftServerImpl.java:setRole(184)) - 1ac0a8d4-e534-43ce-83b1-426d47a3040d@group-42C3DBE2B33D: changes role from  FOLLOWER to FOLLOWER at term 66 for recognizeCandidate:7660b851-9671-46a6-9e1d-7d946f95d492
2019-10-20 13:11:07,212 [grpc-default-executor-9] INFO  impl.RoleInfo (RoleInfo.java:shutdownFollowerState(121)) - 1ac0a8d4-e534-43ce-83b1-426d47a3040d: shutdown FollowerState
2019-10-20 13:11:07,212 [Thread-25033] INFO  impl.FollowerState (FollowerState.java:run(117)) - fdf19479-69c2-4639-b68c-6adde78ca28a@group-42C3DBE2B33D-FollowerState was interrupted: java.lang.InterruptedException: sleep interrupted
2019-10-20 13:11:07,212 [Thread-25032] INFO  impl.FollowerState (FollowerState.java:run(117)) - 1ac0a8d4-e534-43ce-83b1-426d47a3040d@group-42C3DBE2B33D-FollowerState was interrupted: java.lang.InterruptedException: sleep interrupted
2019-10-20 13:11:07,212 [grpc-default-executor-18] INFO  impl.RoleInfo (RoleInfo.java:updateAndGet(143)) - fdf19479-69c2-4639-b68c-6adde78ca28a: start FollowerState
2019-10-20 13:11:07,212 [grpc-default-executor-9] INFO  impl.RoleInfo (RoleInfo.java:updateAndGet(143)) - 1ac0a8d4-e534-43ce-83b1-426d47a3040d: start FollowerState
2019-10-20 13:11:07,225 [7660b851-9671-46a6-9e1d-7d946f95d492@group-42C3DBE2B33D-LeaderElection3359] INFO  impl.LeaderElection (LeaderElection.java:askForVotes(178)) - 7660b851-9671-46a6-9e1d-7d946f95d492@group-42C3DBE2B33D-LeaderElection3359: begin an election at term 67 for -1: [fdf19479-69c2-4639-b68c-6adde78ca28a:192.168.157.204:42858, 1ac0a8d4-e534-43ce-83b1-426d47a3040d:192.168.157.204:32953, 7660b851-9671-46a6-9e1d-7d946f95d492:192.168.157.204:41682], old=null
2019-10-20 13:11:07,226 [grpc-default-executor-9] INFO  impl.RaftServerImpl (RaftServerImpl.java:setRole(184)) - fdf19479-69c2-4639-b68c-6adde78ca28a@group-42C3DBE2B33D: changes role from  FOLLOWER to FOLLOWER at term 67 for recognizeCandidate:7660b851-9671-46a6-9e1d-7d946f95d492
2019-10-20 13:11:07,226 [grpc-default-executor-9] INFO  impl.RoleInfo (RoleInfo.java:shutdownFollowerState(121)) - fdf19479-69c2-4639-b68c-6adde78ca28a: shutdown FollowerState
2019-10-20 13:11:07,226 [grpc-default-executor-9] INFO  impl.RoleInfo (RoleInfo.java:updateAndGet(143)) - fdf19479-69c2-4639-b68c-6adde78ca28a: start FollowerState
2019-10-20 13:11:07,226 [Thread-25040] INFO  impl.FollowerState (FollowerState.java:run(117)) - fdf19479-69c2-4639-b68c-6adde78ca28a@group-42C3DBE2B33D-FollowerState was interrupted: java.lang.InterruptedException: sleep interrupted
2019-10-20 13:11:07,226 [grpc-default-executor-18] INFO  impl.RaftServerImpl (RaftServerImpl.java:setRole(184)) - 1ac0a8d4-e534-43ce-83b1-426d47a3040d@group-42C3DBE2B33D: changes role from  FOLLOWER to FOLLOWER at term 67 for recognizeCandidate:7660b851-9671-46a6-9e1d-7d946f95d492
2019-10-20 13:11:07,227 [grpc-default-executor-18] INFO  impl.RoleInfo (RoleInfo.java:shutdownFollowerState(121)) - 1ac0a8d4-e534-43ce-83b1-426d47a3040d: shutdown FollowerState
2019-10-20 13:11:07,227 [grpc-default-executor-18] INFO  impl.RoleInfo (RoleInfo.java:updateAndGet(143)) - 1ac0a8d4-e534-43ce-83b1-426d47a3040d: start FollowerState
2019-10-20 13:11:07,227 [Thread-25041] INFO  impl.FollowerState (FollowerState.java:run(117)) - 1ac0a8d4-e534-43ce-83b1-426d47a3040d@group-42C3DBE2B33D-FollowerState was interrupted: java.lang.InterruptedException: sleep interrupted
2019-10-20 13:11:07,244 [7660b851-9671-46a6-9e1d-7d946f95d492@group-42C3DBE2B33D-LeaderElection3359] INFO  impl.LeaderElection (LeaderElection.java:logAndReturn(56)) - 7660b851-9671-46a6-9e1d-7d946f95d492@group-42C3DBE2B33D-LeaderElection3359: Election TIMEOUT; received 0 response(s) [] and 0 exception(s); 7660b851-9671-46a6-9e1d-7d946f95d492@group-42C3DBE2B33D:t67, leader=null, voted=7660b851-9671-46a6-9e1d-7d946f95d492, raftlog=7660b851-9671-46a6-9e1d-7d946f95d492@group-42C3DBE2B33D-SegmentedRaftLog:OPENED:c-1,f-1,i0, conf=-1: [fdf19479-69c2-4639-b68c-6adde78ca28a:192.168.157.204:42858, 1ac0a8d4-e534-43ce-83b1-426d47a3040d:192.168.157.204:32953, 7660b851-9671-46a6-9e1d-7d946f95d492:192.168.157.204:41682], old=null
2019-10-20 13:11:07,252 [7660b851-9671-46a6-9e1d-7d946f95d492@group-42C3DBE2B33D-LeaderElection3359] INFO  impl.LeaderElection (LeaderElection.java:askForVotes(178)) - 7660b851-9671-46a6-9e1d-7d946f95d492@group-42C3DBE2B33D-LeaderElection3359: begin an election at term 68 for -1: [fdf19479-69c2-4639-b68c-6adde78ca28a:192.168.157.204:42858, 1ac0a8d4-e534-43ce-83b1-426d47a3040d:192.168.157.204:32953, 7660b851-9671-46a6-9e1d-7d946f95d492:192.168.157.204:41682], old=null
2019-10-20 13:11:07,253 [grpc-default-executor-18] INFO  impl.RaftServerImpl (RaftServerImpl.java:setRole(184)) - fdf19479-69c2-4639-b68c-6adde78ca28a@group-42C3DBE2B33D: changes role from  FOLLOWER to FOLLOWER at term 68 for recognizeCandidate:7660b851-9671-46a6-9e1d-7d946f95d492
2019-10-20 13:11:07,253 [grpc-default-executor-18] INFO  impl.RoleInfo (RoleInfo.java:shutdownFollowerState(121)) - fdf19479-69c2-4639-b68c-6adde78ca28a: shutdown FollowerState
2019-10-20 13:11:07,253 [grpc-default-executor-18] INFO  impl.RoleInfo (RoleInfo.java:updateAndGet(143)) - fdf19479-69c2-4639-b68c-6adde78ca28a: start FollowerState
2019-10-20 13:11:07,253 [Thread-25044] INFO  impl.FollowerState (FollowerState.java:run(117)) - fdf19479-69c2-4639-b68c-6adde78ca28a@group-42C3DBE2B33D-FollowerState was interrupted: java.lang.InterruptedException: sleep interrupted
2019-10-20 13:11:07,253 [grpc-default-executor-9] INFO  impl.RaftServerImpl (RaftServerImpl.java:setRole(184)) - 1ac0a8d4-e534-43ce-83b1-426d47a3040d@group-42C3DBE2B33D: changes role from  FOLLOWER to FOLLOWER at term 68 for recognizeCandidate:7660b851-9671-46a6-9e1d-7d946f95d492
2019-10-20 13:11:07,253 [grpc-default-executor-9] INFO  impl.RoleInfo (RoleInfo.java:shutdownFollowerState(121)) - 1ac0a8d4-e534-43ce-83b1-426d47a3040d: shutdown FollowerState
2019-10-20 13:11:07,253 [grpc-default-executor-9] INFO  impl.RoleInfo (RoleInfo.java:updateAndGet(143)) - 1ac0a8d4-e534-43ce-83b1-426d47a3040d: start FollowerState
2019-10-20 13:11:07,253 [Thread-25045] INFO  impl.FollowerState (FollowerState.java:run(117)) - 1ac0a8d4-e534-43ce-83b1-426d47a3040d@group-42C3DBE2B33D-FollowerState was interrupted: java.lang.InterruptedException: sleep interrupted
2019-10-20 13:11:07,278 [7660b851-9671-46a6-9e1d-7d946f95d492@group-42C3DBE2B33D-LeaderElection3359] INFO  impl.LeaderElection (LeaderElection.java:logAndReturn(56)) - 7660b851-9671-46a6-9e1d-7d946f95d492@group-42C3DBE2B33D-LeaderElection3359: Election REJECTED; received 2 response(s) [7660b851-9671-46a6-9e1d-7d946f95d492<-fdf19479-69c2-4639-b68c-6adde78ca28a#0:FAIL-t68, 7660b851-9671-46a6-9e1d-7d946f95d492<-1ac0a8d4-e534-43ce-83b1-426d47a3040d#0:FAIL-t68] and 0 exception(s); 7660b851-9671-46a6-9e1d-7d946f95d492@group-42C3DBE2B33D:t68, leader=null, voted=7660b851-9671-46a6-9e1d-7d946f95d492, raftlog=7660b851-9671-46a6-9e1d-7d946f95d492@group-42C3DBE2B33D-SegmentedRaftLog:OPENED:c-1,f-1,i0, conf=-1: [fdf19479-69c2-4639-b68c-6adde78ca28a:192.168.157.204:42858, 1ac0a8d4-e534-43ce-83b1-426d47a3040d:192.168.157.204:32953, 7660b851-9671-46a6-9e1d-7d946f95d492:192.168.157.204:41682], old=null
2019-10-20 13:11:07,278 [7660b851-9671-46a6-9e1d-7d946f95d492@group-42C3DBE2B33D-LeaderElection3359] INFO  impl.RaftServerImpl (RaftServerImpl.java:setRole(184)) - 7660b851-9671-46a6-9e1d-7d946f95d492@group-42C3DBE2B33D: changes role from CANDIDATE to FOLLOWER at term 68 for DISCOVERED_A_NEW_TERM
2019-10-20 13:11:07,278 [7660b851-9671-46a6-9e1d-7d946f95d492@group-42C3DBE2B33D-LeaderElection3359] INFO  impl.RoleInfo (RoleInfo.java:shutdownLeaderElection(134)) - 7660b851-9671-46a6-9e1d-7d946f95d492: shutdown LeaderElection
2019-10-20 13:11:07,278 [7660b851-9671-46a6-9e1d-7d946f95d492@group-42C3DBE2B33D-LeaderElection3359] INFO  impl.RoleInfo (RoleInfo.java:updateAndGet(143)) - 7660b851-9671-46a6-9e1d-7d946f95d492: start FollowerState
2019-10-20 13:11:07,376 [Thread-25050] INFO  impl.FollowerState (FollowerState.java:run(108)) - 7660b851-9671-46a6-9e1d-7d946f95d492@group-42C3DBE2B33D-FollowerState: change to CANDIDATE, lastRpcTime:97ms, electionTimeout:97ms
2019-10-20 13:11:07,376 [Thread-25050] INFO  impl.RoleInfo (RoleInfo.java:shutdownFollowerState(121)) - 7660b851-9671-46a6-9e1d-7d946f95d492: shutdown FollowerState
2019-10-20 13:11:07,376 [Thread-25050] INFO  impl.RaftServerImpl (RaftServerImpl.java:setRole(184)) - 7660b851-9671-46a6-9e1d-7d946f95d492@group-42C3DBE2B33D: changes role from  FOLLOWER to CANDIDATE at term 68 for changeToCandidate
2019-10-20 13:11:07,376 [Thread-25050] INFO  impl.RoleInfo (RoleInfo.java:updateAndGet(143)) - 7660b851-9671-46a6-9e1d-7d946f95d492: start LeaderElection
2019-10-20 13:11:07,390 [7660b851-9671-46a6-9e1d-7d946f95d492@group-42C3DBE2B33D-LeaderElection3360] INFO  impl.LeaderElection (LeaderElection.java:askForVotes(178)) - 7660b851-9671-46a6-9e1d-7d946f95d492@group-42C3DBE2B33D-LeaderElection3360: begin an election at term 69 for -1: [fdf19479-69c2-4639-b68c-6adde78ca28a:192.168.157.204:42858, 1ac0a8d4-e534-43ce-83b1-426d47a3040d:192.168.157.204:32953, 7660b851-9671-46a6-9e1d-7d946f95d492:192.168.157.204:41682], old=null
2019-10-20 13:11:07,392 [grpc-default-executor-18] INFO  impl.RaftServerImpl (RaftServerImpl.java:setRole(184)) - fdf19479-69c2-4639-b68c-6adde78ca28a@group-42C3DBE2B33D: changes role from  FOLLOWER to FOLLOWER at term 69 for recognizeCandidate:7660b851-9671-46a6-9e1d-7d946f95d492
2019-10-20 13:11:07,392 [grpc-default-executor-18] INFO  impl.RoleInfo (RoleInfo.java:shutdownFollowerState(121)) - fdf19479-69c2-4639-b68c-6adde78ca28a: shutdown FollowerState
2019-10-20 13:11:07,392 [grpc-default-executor-9] INFO  impl.RaftServerImpl (RaftServerImpl.java:setRole(184)) - 1ac0a8d4-e534-43ce-83b1-426d47a3040d@group-42C3DBE2B33D: changes role from  FOLLOWER to FOLLOWER at term 69 for recognizeCandidate:7660b851-9671-46a6-9e1d-7d946f95d492
2019-10-20 13:11:07,392 [grpc-default-executor-9] INFO  impl.RoleInfo (RoleInfo.java:shutdownFollowerState(121)) - 1ac0a8d4-e534-43ce-83b1-426d47a3040d: shutdown FollowerState
2019-10-20 13:11:07,392 [Thread-25048] INFO  impl.FollowerState (FollowerState.java:run(117)) - fdf19479-69c2-4639-b68c-6adde78ca28a@group-42C3DBE2B33D-FollowerState was interrupted: java.lang.InterruptedException: sleep interrupted
2019-10-20 13:11:07,392 [grpc-default-executor-18] INFO  impl.RoleInfo (RoleInfo.java:updateAndGet(143)) - fdf19479-69c2-4639-b68c-6adde78ca28a: start FollowerState
2019-10-20 13:11:07,392 [Thread-25049] INFO  impl.FollowerState (FollowerState.java:run(117)) - 1ac0a8d4-e534-43ce-83b1-426d47a3040d@group-42C3DBE2B33D-FollowerState was interrupted: java.lang.InterruptedException: sleep interrupted
2019-10-20 13:11:07,392 [grpc-default-executor-9] INFO  impl.RoleInfo (RoleInfo.java:updateAndGet(143)) - 1ac0a8d4-e534-43ce-83b1-426d47a3040d: start FollowerState
2019-10-20 13:11:07,417 [7660b851-9671-46a6-9e1d-7d946f95d492@group-42C3DBE2B33D-LeaderElection3360] INFO  impl.LeaderElection (LeaderElection.java:logAndReturn(56)) - 7660b851-9671-46a6-9e1d-7d946f95d492@group-42C3DBE2B33D-LeaderElection3360: Election REJECTED; received 2 response(s) [7660b851-9671-46a6-9e1d-7d946f95d492<-fdf19479-69c2-4639-b68c-6adde78ca28a#0:FAIL-t69, 7660b851-9671-46a6-9e1d-7d946f95d492<-1ac0a8d4-e534-43ce-83b1-426d47a3040d#0:FAIL-t69] and 0 exception(s); 7660b851-9671-46a6-9e1d-7d946f95d492@group-42C3DBE2B33D:t69, leader=null, voted=7660b851-9671-46a6-9e1d-7d946f95d492, raftlog=7660b851-9671-46a6-9e1d-7d946f95d492@group-42C3DBE2B33D-SegmentedRaftLog:OPENED:c-1,f-1,i0, conf=-1: [fdf19479-69c2-4639-b68c-6adde78ca28a:192.168.157.204:42858, 1ac0a8d4-e534-43ce-83b1-426d47a3040d:192.168.157.204:32953, 7660b851-9671-46a6-9e1d-7d946f95d492:192.168.157.204:41682], old=null
2019-10-20 13:11:07,417 [7660b851-9671-46a6-9e1d-7d946f95d492@group-42C3DBE2B33D-LeaderElection3360] INFO  impl.RaftServerImpl (RaftServerImpl.java:setRole(184)) - 7660b851-9671-46a6-9e1d-7d946f95d492@group-42C3DBE2B33D: changes role from CANDIDATE to FOLLOWER at term 69 for DISCOVERED_A_NEW_TERM
2019-10-20 13:11:07,418 [7660b851-9671-46a6-9e1d-7d946f95d492@group-42C3DBE2B33D-LeaderElection3360] INFO  impl.RoleInfo (RoleInfo.java:shutdownLeaderElection(134)) - 7660b851-9671-46a6-9e1d-7d946f95d492: shutdown LeaderElection
2019-10-20 13:11:07,418 [7660b851-9671-46a6-9e1d-7d946f95d492@group-42C3DBE2B33D-LeaderElection3360] INFO  impl.RoleInfo (RoleInfo.java:updateAndGet(143)) - 7660b851-9671-46a6-9e1d-7d946f95d492: start FollowerState
2019-10-20 13:11:07,489 [Thread-25060] INFO  impl.FollowerState (FollowerState.java:run(108)) - 7660b851-9671-46a6-9e1d-7d946f95d492@group-42C3DBE2B33D-FollowerState: change to CANDIDATE, lastRpcTime:71ms, electionTimeout:71ms
2019-10-20 13:11:07,489 [Thread-25060] INFO  impl.RoleInfo (RoleInfo.java:shutdownFollowerState(121)) - 7660b851-9671-46a6-9e1d-7d946f95d492: shutdown FollowerState
2019-10-20 13:11:07,489 [Thread-25060] INFO  impl.RaftServerImpl (RaftServerImpl.java:setRole(184)) - 7660b851-9671-46a6-9e1d-7d946f95d492@group-42C3DBE2B33D: changes role from  FOLLOWER to CANDIDATE at term 69 for changeToCandidate
2019-10-20 13:11:07,489 [Thread-25060] INFO  impl.RoleInfo (RoleInfo.java:updateAndGet(143)) - 7660b851-9671-46a6-9e1d-7d946f95d492: start LeaderElection
2019-10-20 13:11:07,504 [7660b851-9671-46a6-9e1d-7d946f95d492@group-42C3DBE2B33D-LeaderElection3361] INFO  impl.LeaderElection (LeaderElection.java:askForVotes(178)) - 7660b851-9671-46a6-9e1d-7d946f95d492@group-42C3DBE2B33D-LeaderElection3361: begin an election at term 70 for -1: [fdf19479-69c2-4639-b68c-6adde78ca28a:192.168.157.204:42858, 1ac0a8d4-e534-43ce-83b1-426d47a3040d:192.168.157.204:32953, 7660b851-9671-46a6-9e1d-7d946f95d492:192.168.157.204:41682], old=null
2019-10-20 13:11:07,505 [grpc-default-executor-9] INFO  impl.RaftServerImpl (RaftServerImpl.java:setRole(184)) - fdf19479-69c2-4639-b68c-6adde78ca28a@group-42C3DBE2B33D: changes role from  FOLLOWER to FOLLOWER at term 70 for recognizeCandidate:7660b851-9671-46a6-9e1d-7d946f95d492
2019-10-20 13:11:07,505 [grpc-default-executor-9] INFO  impl.RoleInfo (RoleInfo.java:shutdownFollowerState(121)) - fdf19479-69c2-4639-b68c-6adde78ca28a: shutdown FollowerState
2019-10-20 13:11:07,506 [grpc-default-executor-18] INFO  impl.RaftServerImpl (RaftServerImpl.java:setRole(184)) - 1ac0a8d4-e534-43ce-83b1-426d47a3040d@group-42C3DBE2B33D: changes role from  FOLLOWER to FOLLOWER at term 70 for recognizeCandidate:7660b851-9671-46a6-9e1d-7d946f95d492
2019-10-20 13:11:07,506 [grpc-default-executor-18] INFO  impl.RoleInfo (RoleInfo.java:shutdownFollowerState(121)) - 1ac0a8d4-e534-43ce-83b1-426d47a3040d: shutdown FollowerState
2019-10-20 13:11:07,506 [Thread-25058] INFO  impl.FollowerState (FollowerState.java:run(117)) - fdf19479-69c2-4639-b68c-6adde78ca28a@group-42C3DBE2B33D-FollowerState was interrupted: java.lang.InterruptedException: sleep interrupted
2019-10-20 13:11:07,506 [grpc-default-executor-9] INFO  impl.RoleInfo (RoleInfo.java:updateAndGet(143)) - fdf19479-69c2-4639-b68c-6adde78ca28a: start FollowerState
2019-10-20 13:11:07,506 [Thread-25059] INFO  impl.FollowerState (FollowerState.java:run(117)) - 1ac0a8d4-e534-43ce-83b1-426d47a3040d@group-42C3DBE2B33D-FollowerState was interrupted: java.lang.InterruptedException: sleep interrupted
2019-10-20 13:11:07,506 [grpc-default-executor-18] INFO  impl.RoleInfo (RoleInfo.java:updateAndGet(143)) - 1ac0a8d4-e534-43ce-83b1-426d47a3040d: start FollowerState
2019-10-20 13:11:07,532 [7660b851-9671-46a6-9e1d-7d946f95d492@group-42C3DBE2B33D-LeaderElection3361] INFO  impl.LeaderElection (LeaderElection.java:logAndReturn(56)) - 7660b851-9671-46a6-9e1d-7d946f95d492@group-42C3DBE2B33D-LeaderElection3361: Election REJECTED; received 2 response(s) [7660b851-9671-46a6-9e1d-7d946f95d492<-fdf19479-69c2-4639-b68c-6adde78ca28a#0:FAIL-t70, 7660b851-9671-46a6-9e1d-7d946f95d492<-1ac0a8d4-e534-43ce-83b1-426d47a3040d#0:FAIL-t70] and 0 exception(s); 7660b851-9671-46a6-9e1d-7d946f95d492@group-42C3DBE2B33D:t70, leader=null, voted=7660b851-9671-46a6-9e1d-7d946f95d492, raftlog=7660b851-9671-46a6-9e1d-7d946f95d492@group-42C3DBE2B33D-SegmentedRaftLog:OPENED:c-1,f-1,i0, conf=-1: [fdf19479-69c2-4639-b68c-6adde78ca28a:192.168.157.204:42858, 1ac0a8d4-e534-43ce-83b1-426d47a3040d:192.168.157.204:32953, 7660b851-9671-46a6-9e1d-7d946f95d492:192.168.157.204:41682], old=null
2019-10-20 13:11:07,532 [7660b851-9671-46a6-9e1d-7d946f95d492@group-42C3DBE2B33D-LeaderElection3361] INFO  impl.RaftServerImpl (RaftServerImpl.java:setRole(184)) - 7660b851-9671-46a6-9e1d-7d946f95d492@group-42C3DBE2B33D: changes role from CANDIDATE to FOLLOWER at term 70 for DISCOVERED_A_NEW_TERM
2019-10-20 13:11:07,532 [7660b851-9671-46a6-9e1d-7d946f95d492@group-42C3DBE2B33D-LeaderElection3361] INFO  impl.RoleInfo (RoleInfo.java:shutdownLeaderElection(134)) - 7660b851-9671-46a6-9e1d-7d946f95d492: shutdown LeaderElection
2019-10-20 13:11:07,532 [7660b851-9671-46a6-9e1d-7d946f95d492@group-42C3DBE2B33D-LeaderElection3361] INFO  impl.RoleInfo (RoleInfo.java:updateAndGet(143)) - 7660b851-9671-46a6-9e1d-7d946f95d492: start FollowerState
2019-10-20 13:11:07,605 [Thread-25066] INFO  impl.FollowerState (FollowerState.java:run(108)) - 7660b851-9671-46a6-9e1d-7d946f95d492@group-42C3DBE2B33D-FollowerState: change to CANDIDATE, lastRpcTime:73ms, electionTimeout:73ms
2019-10-20 13:11:07,606 [Thread-25066] INFO  impl.RoleInfo (RoleInfo.java:shutdownFollowerState(121)) - 7660b851-9671-46a6-9e1d-7d946f95d492: shutdown FollowerState
2019-10-20 13:11:07,606 [Thread-25066] INFO  impl.RaftServerImpl (RaftServerImpl.java:setRole(184)) - 7660b851-9671-46a6-9e1d-7d946f95d492@group-42C3DBE2B33D: changes role from  FOLLOWER to CANDIDATE at term 70 for changeToCandidate
2019-10-20 13:11:07,606 [Thread-25066] INFO  impl.RoleInfo (RoleInfo.java:updateAndGet(143)) - 7660b851-9671-46a6-9e1d-7d946f95d492: start LeaderElection
2019-10-20 13:11:07,619 [7660b851-9671-46a6-9e1d-7d946f95d492@group-42C3DBE2B33D-LeaderElection3362] INFO  impl.LeaderElection (LeaderElection.java:askForVotes(178)) - 7660b851-9671-46a6-9e1d-7d946f95d492@group-42C3DBE2B33D-LeaderElection3362: begin an election at term 71 for -1: [fdf19479-69c2-4639-b68c-6adde78ca28a:192.168.157.204:42858, 1ac0a8d4-e534-43ce-83b1-426d47a3040d:192.168.157.204:32953, 7660b851-9671-46a6-9e1d-7d946f95d492:192.168.157.204:41682], old=null
2019-10-20 13:11:07,620 [grpc-default-executor-18] INFO  impl.RaftServerImpl (RaftServerImpl.java:setRole(184)) - fdf19479-69c2-4639-b68c-6adde78ca28a@group-42C3DBE2B33D: changes role from  FOLLOWER to FOLLOWER at term 71 for recognizeCandidate:7660b851-9671-46a6-9e1d-7d946f95d492
2019-10-20 13:11:07,620 [grpc-default-executor-18] INFO  impl.RoleInfo (RoleInfo.java:shutdownFollowerState(121)) - fdf19479-69c2-4639-b68c-6adde78ca28a: shutdown FollowerState
2019-10-20 13:11:07,620 [grpc-default-executor-9] INFO  impl.RaftServerImpl (RaftServerImpl.java:setRole(184)) - 1ac0a8d4-e534-43ce-83b1-426d47a3040d@group-42C3DBE2B33D: changes role from  FOLLOWER to FOLLOWER at term 71 for recognizeCandidate:7660b851-9671-46a6-9e1d-7d946f95d492
2019-10-20 13:11:07,621 [grpc-default-executor-9] INFO  impl.RoleInfo (RoleInfo.java:shutdownFollowerState(121)) - 1ac0a8d4-e534-43ce-83b1-426d47a3040d: shutdown FollowerState
2019-10-20 13:11:07,621 [Thread-25064] INFO  impl.FollowerState (FollowerState.java:run(117)) - fdf19479-69c2-4639-b68c-6adde78ca28a@group-42C3DBE2B33D-FollowerState was interrupted: java.lang.InterruptedException: sleep interrupted
2019-10-20 13:11:07,620 [grpc-default-executor-18] INFO  impl.RoleInfo (RoleInfo.java:updateAndGet(143)) - fdf19479-69c2-4639-b68c-6adde78ca28a: start FollowerState
2019-10-20 13:11:07,621 [Thread-25065] INFO  impl.FollowerState (FollowerState.java:run(117)) - 1ac0a8d4-e534-43ce-83b1-426d47a3040d@group-42C3DBE2B33D-FollowerState was interrupted: java.lang.InterruptedException: sleep interrupted
2019-10-20 13:11:07,621 [grpc-default-executor-9] INFO  impl.RoleInfo (RoleInfo.java:updateAndGet(143)) - 1ac0a8d4-e534-43ce-83b1-426d47a3040d: start FollowerState
2019-10-20 13:11:07,635 [7660b851-9671-46a6-9e1d-7d946f95d492@group-42C3DBE2B33D-LeaderElection3362] INFO  impl.LeaderElection (LeaderElection.java:logAndReturn(56)) - 7660b851-9671-46a6-9e1d-7d946f95d492@group-42C3DBE2B33D-LeaderElection3362: Election REJECTED; received 2 response(s) [7660b851-9671-46a6-9e1d-7d946f95d492<-fdf19479-69c2-4639-b68c-6adde78ca28a#0:FAIL-t71, 7660b851-9671-46a6-9e1d-7d946f95d492<-1ac0a8d4-e534-43ce-83b1-426d47a3040d#0:FAIL-t71] and 0 exception(s); 7660b851-9671-46a6-9e1d-7d946f95d492@group-42C3DBE2B33D:t71, leader=null, voted=7660b851-9671-46a6-9e1d-7d946f95d492, raftlog=7660b851-9671-46a6-9e1d-7d946f95d492@group-42C3DBE2B33D-SegmentedRaftLog:OPENED:c-1,f-1,i0, conf=-1: [fdf19479-69c2-4639-b68c-6adde78ca28a:192.168.157.204:42858, 1ac0a8d4-e534-43ce-83b1-426d47a3040d:192.168.157.204:32953, 7660b851-9671-46a6-9e1d-7d946f95d492:192.168.157.204:41682], old=null
2019-10-20 13:11:07,636 [7660b851-9671-46a6-9e1d-7d946f95d492@group-42C3DBE2B33D-LeaderElection3362] INFO  impl.RaftServerImpl (RaftServerImpl.java:setRole(184)) - 7660b851-9671-46a6-9e1d-7d946f95d492@group-42C3DBE2B33D: changes role from CANDIDATE to FOLLOWER at term 71 for DISCOVERED_A_NEW_TERM
2019-10-20 13:11:07,636 [7660b851-9671-46a6-9e1d-7d946f95d492@group-42C3DBE2B33D-LeaderElection3362] INFO  impl.RoleInfo (RoleInfo.java:shutdownLeaderElection(134)) - 7660b851-9671-46a6-9e1d-7d946f95d492: shutdown LeaderElection
2019-10-20 13:11:07,636 [7660b851-9671-46a6-9e1d-7d946f95d492@group-42C3DBE2B33D-LeaderElection3362] INFO  impl.RoleInfo (RoleInfo.java:updateAndGet(143)) - 7660b851-9671-46a6-9e1d-7d946f95d492: start FollowerState
2019-10-20 13:11:07,654 [Thread-25072] INFO  impl.FollowerState (FollowerState.java:run(108)) - 7660b851-9671-46a6-9e1d-7d946f95d492@group-42C3DBE2B33D-FollowerState: change to CANDIDATE, lastRpcTime:18ms, electionTimeout:18ms
2019-10-20 13:11:07,654 [Thread-25072] INFO  impl.RoleInfo (RoleInfo.java:shutdownFollowerState(121)) - 7660b851-9671-46a6-9e1d-7d946f95d492: shutdown FollowerState
2019-10-20 13:11:07,655 [Thread-25072] INFO  impl.RaftServerImpl (RaftServerImpl.java:setRole(184)) - 7660b851-9671-46a6-9e1d-7d946f95d492@group-42C3DBE2B33D: changes role from  FOLLOWER to CANDIDATE at term 71 for changeToCandidate
2019-10-20 13:11:07,655 [Thread-25072] INFO  impl.RoleInfo (RoleInfo.java:updateAndGet(143)) - 7660b851-9671-46a6-9e1d-7d946f95d492: start LeaderElection
2019-10-20 13:11:07,667 [7660b851-9671-46a6-9e1d-7d946f95d492@group-42C3DBE2B33D-LeaderElection3363] INFO  impl.LeaderElection (LeaderElection.java:askForVotes(178)) - 7660b851-9671-46a6-9e1d-7d946f95d492@group-42C3DBE2B33D-LeaderElection3363: begin an election at term 72 for -1: [fdf19479-69c2-4639-b68c-6adde78ca28a:192.168.157.204:42858, 1ac0a8d4-e534-43ce-83b1-426d47a3040d:192.168.157.204:32953, 7660b851-9671-46a6-9e1d-7d946f95d492:192.168.157.204:41682], old=null
2019-10-20 13:11:07,668 [grpc-default-executor-18] INFO  impl.RaftServerImpl (RaftServerImpl.java:setRole(184)) - fdf19479-69c2-4639-b68c-6adde78ca28a@group-42C3DBE2B33D: changes role from  FOLLOWER to FOLLOWER at term 72 for recognizeCandidate:7660b851-9671-46a6-9e1d-7d946f95d492
2019-10-20 13:11:07,668 [grpc-default-executor-18] INFO  impl.RoleInfo (RoleInfo.java:shutdownFollowerState(121)) - fdf19479-69c2-4639-b68c-6adde78ca28a: shutdown FollowerState
2019-10-20 13:11:07,668 [grpc-default-executor-9] INFO  impl.RaftServerImpl (RaftServerImpl.java:setRole(184)) - 1ac0a8d4-e534-43ce-83b1-426d47a3040d@group-42C3DBE2B33D: changes role from  FOLLOWER to FOLLOWER at term 72 for recognizeCandidate:7660b851-9671-46a6-9e1d-7d946f95d492
2019-10-20 13:11:07,669 [grpc-default-executor-9] INFO  impl.RoleInfo (RoleInfo.java:shutdownFollowerState(121)) - 1ac0a8d4-e534-43ce-83b1-426d47a3040d: shutdown FollowerState
2019-10-20 13:11:07,669 [grpc-default-executor-18] INFO  impl.RoleInfo (RoleInfo.java:updateAndGet(143)) - fdf19479-69c2-4639-b68c-6adde78ca28a: start FollowerState
2019-10-20 13:11:07,669 [Thread-25070] INFO  impl.FollowerState (FollowerState.java:run(117)) - fdf19479-69c2-4639-b68c-6adde78ca28a@group-42C3DBE2B33D-FollowerState was interrupted: java.lang.InterruptedException: sleep interrupted
2019-10-20 13:11:07,669 [Thread-25071] INFO  impl.FollowerState (FollowerState.java:run(117)) - 1ac0a8d4-e534-43ce-83b1-426d47a3040d@group-42C3DBE2B33D-FollowerState was interrupted: java.lang.InterruptedException: sleep interrupted
2019-10-20 13:11:07,669 [grpc-default-executor-9] INFO  impl.RoleInfo (RoleInfo.java:updateAndGet(143)) - 1ac0a8d4-e534-43ce-83b1-426d47a3040d: start FollowerState
2019-10-20 13:11:07,683 [7660b851-9671-46a6-9e1d-7d946f95d492@group-42C3DBE2B33D-LeaderElection3363] INFO  impl.LeaderElection (LeaderElection.java:logAndReturn(56)) - 7660b851-9671-46a6-9e1d-7d946f95d492@group-42C3DBE2B33D-LeaderElection3363: Election TIMEOUT; received 0 response(s) [] and 0 exception(s); 7660b851-9671-46a6-9e1d-7d946f95d492@group-42C3DBE2B33D:t72, leader=null, voted=7660b851-9671-46a6-9e1d-7d946f95d492, raftlog=7660b851-9671-46a6-9e1d-7d946f95d492@group-42C3DBE2B33D-SegmentedRaftLog:OPENED:c-1,f-1,i0, conf=-1: [fdf19479-69c2-4639-b68c-6adde78ca28a:192.168.157.204:42858, 1ac0a8d4-e534-43ce-83b1-426d47a3040d:192.168.157.204:32953, 7660b851-9671-46a6-9e1d-7d946f95d492:192.168.157.204:41682], old=null
2019-10-20 13:11:07,696 [7660b851-9671-46a6-9e1d-7d946f95d492@group-42C3DBE2B33D-LeaderElection3363] INFO  impl.LeaderElection (LeaderElection.java:askForVotes(178)) - 7660b851-9671-46a6-9e1d-7d946f95d492@group-42C3DBE2B33D-LeaderElection3363: begin an election at term 73 for -1: [fdf19479-69c2-4639-b68c-6adde78ca28a:192.168.157.204:42858, 1ac0a8d4-e534-43ce-83b1-426d47a3040d:192.168.157.204:32953, 7660b851-9671-46a6-9e1d-7d946f95d492:192.168.157.204:41682], old=null
2019-10-20 13:11:07,697 [grpc-default-executor-9] INFO  impl.RaftServerImpl (RaftServerImpl.java:setRole(184)) - fdf19479-69c2-4639-b68c-6adde78ca28a@group-42C3DBE2B33D: changes role from  FOLLOWER to FOLLOWER at term 73 for recognizeCandidate:7660b851-9671-46a6-9e1d-7d946f95d492
2019-10-20 13:11:07,697 [grpc-default-executor-9] INFO  impl.RoleInfo (RoleInfo.java:shutdownFollowerState(121)) - fdf19479-69c2-4639-b68c-6adde78ca28a: shutdown FollowerState
2019-10-20 13:11:07,697 [grpc-default-executor-18] INFO  impl.RaftServerImpl (RaftServerImpl.java:setRole(184)) - 1ac0a8d4-e534-43ce-83b1-426d47a3040d@group-42C3DBE2B33D: changes role from  FOLLOWER to FOLLOWER at term 73 for recognizeCandidate:7660b851-9671-46a6-9e1d-7d946f95d492
2019-10-20 13:11:07,697 [grpc-default-executor-18] INFO  impl.RoleInfo (RoleInfo.java:shutdownFollowerState(121)) - 1ac0a8d4-e534-43ce-83b1-426d47a3040d: shutdown FollowerState
2019-10-20 13:11:07,697 [Thread-25076] INFO  impl.FollowerState (FollowerState.java:run(117)) - fdf19479-69c2-4639-b68c-6adde78ca28a@group-42C3DBE2B33D-FollowerState was interrupted: java.lang.InterruptedException: sleep interrupted
2019-10-20 13:11:07,697 [grpc-default-executor-9] INFO  impl.RoleInfo (RoleInfo.java:updateAndGet(143)) - fdf19479-69c2-4639-b68c-6adde78ca28a: start FollowerState
2019-10-20 13:11:07,697 [Thread-25077] INFO  impl.FollowerState (FollowerState.java:run(117)) - 1ac0a8d4-e534-43ce-83b1-426d47a3040d@group-42C3DBE2B33D-FollowerState was interrupted: java.lang.InterruptedException: sleep interrupted
2019-10-20 13:11:07,697 [grpc-default-executor-18] INFO  impl.RoleInfo (RoleInfo.java:updateAndGet(143)) - 1ac0a8d4-e534-43ce-83b1-426d47a3040d: start FollowerState
2019-10-20 13:11:07,723 [7660b851-9671-46a6-9e1d-7d946f95d492@group-42C3DBE2B33D-LeaderElection3363] INFO  impl.LeaderElection (LeaderElection.java:logAndReturn(56)) - 7660b851-9671-46a6-9e1d-7d946f95d492@group-42C3DBE2B33D-LeaderElection3363: Election REJECTED; received 2 response(s) [7660b851-9671-46a6-9e1d-7d946f95d492<-fdf19479-69c2-4639-b68c-6adde78ca28a#0:FAIL-t73, 7660b851-9671-46a6-9e1d-7d946f95d492<-1ac0a8d4-e534-43ce-83b1-426d47a3040d#0:FAIL-t73] and 0 exception(s); 7660b851-9671-46a6-9e1d-7d946f95d492@group-42C3DBE2B33D:t73, leader=null, voted=7660b851-9671-46a6-9e1d-7d946f95d492, raftlog=7660b851-9671-46a6-9e1d-7d946f95d492@group-42C3DBE2B33D-SegmentedRaftLog:OPENED:c-1,f-1,i0, conf=-1: [fdf19479-69c2-4639-b68c-6adde78ca28a:192.168.157.204:42858, 1ac0a8d4-e534-43ce-83b1-426d47a3040d:192.168.157.204:32953, 7660b851-9671-46a6-9e1d-7d946f95d492:192.168.157.204:41682], old=null
2019-10-20 13:11:07,723 [7660b851-9671-46a6-9e1d-7d946f95d492@group-42C3DBE2B33D-LeaderElection3363] INFO  impl.RaftServerImpl (RaftServerImpl.java:setRole(184)) - 7660b851-9671-46a6-9e1d-7d946f95d492@group-42C3DBE2B33D: changes role from CANDIDATE to FOLLOWER at term 73 for DISCOVERED_A_NEW_TERM
2019-10-20 13:11:07,723 [7660b851-9671-46a6-9e1d-7d946f95d492@group-42C3DBE2B33D-LeaderElection3363] INFO  impl.RoleInfo (RoleInfo.java:shutdownLeaderElection(134)) - 7660b851-9671-46a6-9e1d-7d946f95d492: shutdown LeaderElection
2019-10-20 13:11:07,724 [7660b851-9671-46a6-9e1d-7d946f95d492@group-42C3DBE2B33D-LeaderElection3363] INFO  impl.RoleInfo (RoleInfo.java:updateAndGet(143)) - 7660b851-9671-46a6-9e1d-7d946f95d492: start FollowerState
2019-10-20 13:11:07,793 [Thread-25082] INFO  impl.FollowerState (FollowerState.java:run(108)) - 7660b851-9671-46a6-9e1d-7d946f95d492@group-42C3DBE2B33D-FollowerState: change to CANDIDATE, lastRpcTime:69ms, electionTimeout:69ms
2019-10-20 13:11:07,793 [Thread-25082] INFO  impl.RoleInfo (RoleInfo.java:shutdownFollowerState(121)) - 7660b851-9671-46a6-9e1d-7d946f95d492: shutdown FollowerState
2019-10-20 13:11:07,793 [Thread-25082] INFO  impl.RaftServerImpl (RaftServerImpl.java:setRole(184)) - 7660b851-9671-46a6-9e1d-7d946f95d492@group-42C3DBE2B33D: changes role from  FOLLOWER to CANDIDATE at term 73 for changeToCandidate
2019-10-20 13:11:07,793 [Thread-25082] INFO  impl.RoleInfo (RoleInfo.java:updateAndGet(143)) - 7660b851-9671-46a6-9e1d-7d946f95d492: start LeaderElection
2019-10-20 13:11:07,808 [7660b851-9671-46a6-9e1d-7d946f95d492@group-42C3DBE2B33D-LeaderElection3364] INFO  impl.LeaderElection (LeaderElection.java:askForVotes(178)) - 7660b851-9671-46a6-9e1d-7d946f95d492@group-42C3DBE2B33D-LeaderElection3364: begin an election at term 74 for -1: [fdf19479-69c2-4639-b68c-6adde78ca28a:192.168.157.204:42858, 1ac0a8d4-e534-43ce-83b1-426d47a3040d:192.168.157.204:32953, 7660b851-9671-46a6-9e1d-7d946f95d492:192.168.157.204:41682], old=null
2019-10-20 13:11:07,809 [grpc-default-executor-19] INFO  impl.RaftServerImpl (RaftServerImpl.java:setRole(184)) - fdf19479-69c2-4639-b68c-6adde78ca28a@group-42C3DBE2B33D: changes role from  FOLLOWER to FOLLOWER at term 74 for recognizeCandidate:7660b851-9671-46a6-9e1d-7d946f95d492
2019-10-20 13:11:07,810 [grpc-default-executor-19] INFO  impl.RoleInfo (RoleInfo.java:shutdownFollowerState(121)) - fdf19479-69c2-4639-b68c-6adde78ca28a: shutdown FollowerState
2019-10-20 13:11:07,809 [grpc-default-executor-18] INFO  impl.RaftServerImpl (RaftServerImpl.java:setRole(184)) - 1ac0a8d4-e534-43ce-83b1-426d47a3040d@group-42C3DBE2B33D: changes role from  FOLLOWER to FOLLOWER at term 74 for recognizeCandidate:7660b851-9671-46a6-9e1d-7d946f95d492
2019-10-20 13:11:07,810 [grpc-default-executor-18] INFO  impl.RoleInfo (RoleInfo.java:shutdownFollowerState(121)) - 1ac0a8d4-e534-43ce-83b1-426d47a3040d: shutdown FollowerState
2019-10-20 13:11:07,810 [Thread-25080] INFO  impl.FollowerState (FollowerState.java:run(117)) - fdf19479-69c2-4639-b68c-6adde78ca28a@group-42C3DBE2B33D-FollowerState was interrupted: java.lang.InterruptedException: sleep interrupted
2019-10-20 13:11:07,810 [Thread-25081] INFO  impl.FollowerState (FollowerState.java:run(117)) - 1ac0a8d4-e534-43ce-83b1-426d47a3040d@group-42C3DBE2B33D-FollowerState was interrupted: java.lang.InterruptedException: sleep interrupted
2019-10-20 13:11:07,810 [grpc-default-executor-19] INFO  impl.RoleInfo (RoleInfo.java:updateAndGet(143)) - fdf19479-69c2-4639-b68c-6adde78ca28a: start FollowerState
2019-10-20 13:11:07,810 [grpc-default-executor-18] INFO  impl.RoleInfo (RoleInfo.java:updateAndGet(143)) - 1ac0a8d4-e534-43ce-83b1-426d47a3040d: start FollowerState
2019-10-20 13:11:07,835 [7660b851-9671-46a6-9e1d-7d946f95d492@group-42C3DBE2B33D-LeaderElection3364] INFO  impl.LeaderElection (LeaderElection.java:logAndReturn(56)) - 7660b851-9671-46a6-9e1d-7d946f95d492@group-42C3DBE2B33D-LeaderElection3364: Election REJECTED; received 2 response(s) [7660b851-9671-46a6-9e1d-7d946f95d492<-fdf19479-69c2-4639-b68c-6adde78ca28a#0:FAIL-t74, 7660b851-9671-46a6-9e1d-7d946f95d492<-1ac0a8d4-e534-43ce-83b1-426d47a3040d#0:FAIL-t74] and 0 exception(s); 7660b851-9671-46a6-9e1d-7d946f95d492@group-42C3DBE2B33D:t74, leader=null, voted=7660b851-9671-46a6-9e1d-7d946f95d492, raftlog=7660b851-9671-46a6-9e1d-7d946f95d492@group-42C3DBE2B33D-SegmentedRaftLog:OPENED:c-1,f-1,i0, conf=-1: [fdf19479-69c2-4639-b68c-6adde78ca28a:192.168.157.204:42858, 1ac0a8d4-e534-43ce-83b1-426d47a3040d:192.168.157.204:32953, 7660b851-9671-46a6-9e1d-7d946f95d492:192.168.157.204:41682], old=null
2019-10-20 13:11:07,836 [7660b851-9671-46a6-9e1d-7d946f95d492@group-42C3DBE2B33D-LeaderElection3364] INFO  impl.RaftServerImpl (RaftServerImpl.java:setRole(184)) - 7660b851-9671-46a6-9e1d-7d946f95d492@group-42C3DBE2B33D: changes role from CANDIDATE to FOLLOWER at term 74 for DISCOVERED_A_NEW_TERM
2019-10-20 13:11:07,836 [7660b851-9671-46a6-9e1d-7d946f95d492@group-42C3DBE2B33D-LeaderElection3364] INFO  impl.RoleInfo (RoleInfo.java:shutdownLeaderElection(134)) - 7660b851-9671-46a6-9e1d-7d946f95d492: shutdown LeaderElection
2019-10-20 13:11:07,836 [7660b851-9671-46a6-9e1d-7d946f95d492@group-42C3DBE2B33D-LeaderElection3364] INFO  impl.RoleInfo (RoleInfo.java:updateAndGet(143)) - 7660b851-9671-46a6-9e1d-7d946f95d492: start FollowerState
2019-10-20 13:11:07,850 [Thread-25090] INFO  impl.FollowerState (FollowerState.java:run(108)) - 7660b851-9671-46a6-9e1d-7d946f95d492@group-42C3DBE2B33D-FollowerState: change to CANDIDATE, lastRpcTime:14ms, electionTimeout:14ms
2019-10-20 13:11:07,851 [Thread-25090] INFO  impl.RoleInfo (RoleInfo.java:shutdownFollowerState(121)) - 7660b851-9671-46a6-9e1d-7d946f95d492: shutdown FollowerState
2019-10-20 13:11:07,851 [Thread-25090] INFO  impl.RaftServerImpl (RaftServerImpl.java:setRole(184)) - 7660b851-9671-46a6-9e1d-7d946f95d492@group-42C3DBE2B33D: changes role from  FOLLOWER to CANDIDATE at term 74 for changeToCandidate
2019-10-20 13:11:07,851 [Thread-25090] INFO  impl.RoleInfo (RoleInfo.java:updateAndGet(143)) - 7660b851-9671-46a6-9e1d-7d946f95d492: start LeaderElection
2019-10-20 13:11:07,865 [7660b851-9671-46a6-9e1d-7d946f95d492@group-42C3DBE2B33D-LeaderElection3365] INFO  impl.LeaderElection (LeaderElection.java:askForVotes(178)) - 7660b851-9671-46a6-9e1d-7d946f95d492@group-42C3DBE2B33D-LeaderElection3365: begin an election at term 75 for -1: [fdf19479-69c2-4639-b68c-6adde78ca28a:192.168.157.204:42858, 1ac0a8d4-e534-43ce-83b1-426d47a3040d:192.168.157.204:32953, 7660b851-9671-46a6-9e1d-7d946f95d492:192.168.157.204:41682], old=null
2019-10-20 13:11:07,866 [grpc-default-executor-19] INFO  impl.RaftServerImpl (RaftServerImpl.java:setRole(184)) - fdf19479-69c2-4639-b68c-6adde78ca28a@group-42C3DBE2B33D: changes role from  FOLLOWER to FOLLOWER at term 75 for recognizeCandidate:7660b851-9671-46a6-9e1d-7d946f95d492
2019-10-20 13:11:07,866 [grpc-default-executor-18] INFO  impl.RaftServerImpl (RaftServerImpl.java:setRole(184)) - 1ac0a8d4-e534-43ce-83b1-426d47a3040d@group-42C3DBE2B33D: changes role from  FOLLOWER to FOLLOWER at term 75 for recognizeCandidate:7660b851-9671-46a6-9e1d-7d946f95d492
2019-10-20 13:11:07,866 [grpc-default-executor-19] INFO  impl.RoleInfo (RoleInfo.java:shutdownFollowerState(121)) - fdf19479-69c2-4639-b68c-6adde78ca28a: shutdown FollowerState
2019-10-20 13:11:07,866 [grpc-default-executor-18] INFO  impl.RoleInfo (RoleInfo.java:shutdownFollowerState(121)) - 1ac0a8d4-e534-43ce-83b1-426d47a3040d: shutdown FollowerState
2019-10-20 13:11:07,866 [Thread-25088] INFO  impl.FollowerState (FollowerState.java:run(117)) - fdf19479-69c2-4639-b68c-6adde78ca28a@group-42C3DBE2B33D-FollowerState was interrupted: java.lang.InterruptedException: sleep interrupted
2019-10-20 13:11:07,866 [grpc-default-executor-19] INFO  impl.RoleInfo (RoleInfo.java:updateAndGet(143)) - fdf19479-69c2-4639-b68c-6adde78ca28a: start FollowerState
2019-10-20 13:11:07,866 [Thread-25089] INFO  impl.FollowerState (FollowerState.java:run(117)) - 1ac0a8d4-e534-43ce-83b1-426d47a3040d@group-42C3DBE2B33D-FollowerState was interrupted: java.lang.InterruptedException: sleep interrupted
2019-10-20 13:11:07,866 [grpc-default-executor-18] INFO  impl.RoleInfo (RoleInfo.java:updateAndGet(143)) - 1ac0a8d4-e534-43ce-83b1-426d47a3040d: start FollowerState
2019-10-20 13:11:07,884 [7660b851-9671-46a6-9e1d-7d946f95d492@group-42C3DBE2B33D-LeaderElection3365] INFO  impl.LeaderElection (LeaderElection.java:logAndReturn(56)) - 7660b851-9671-46a6-9e1d-7d946f95d492@group-42C3DBE2B33D-LeaderElection3365: Election TIMEOUT; received 0 response(s) [] and 0 exception(s); 7660b851-9671-46a6-9e1d-7d946f95d492@group-42C3DBE2B33D:t75, leader=null, voted=7660b851-9671-46a6-9e1d-7d946f95d492, raftlog=7660b851-9671-46a6-9e1d-7d946f95d492@group-42C3DBE2B33D-SegmentedRaftLog:OPENED:c-1,f-1,i0, conf=-1: [fdf19479-69c2-4639-b68c-6adde78ca28a:192.168.157.204:42858, 1ac0a8d4-e534-43ce-83b1-426d47a3040d:192.168.157.204:32953, 7660b851-9671-46a6-9e1d-7d946f95d492:192.168.157.204:41682], old=null
2019-10-20 13:11:07,895 [7660b851-9671-46a6-9e1d-7d946f95d492@group-42C3DBE2B33D-LeaderElection3365] INFO  impl.LeaderElection (LeaderElection.java:askForVotes(178)) - 7660b851-9671-46a6-9e1d-7d946f95d492@group-42C3DBE2B33D-LeaderElection3365: begin an election at term 76 for -1: [fdf19479-69c2-4639-b68c-6adde78ca28a:192.168.157.204:42858, 1ac0a8d4-e534-43ce-83b1-426d47a3040d:192.168.157.204:32953, 7660b851-9671-46a6-9e1d-7d946f95d492:192.168.157.204:41682], old=null
2019-10-20 13:11:07,909 [grpc-default-executor-10] INFO  impl.RaftServerImpl (RaftServerImpl.java:setRole(184)) - fdf19479-69c2-4639-b68c-6adde78ca28a@group-42C3DBE2B33D: changes role from  FOLLOWER to FOLLOWER at term 76 for recognizeCandidate:7660b851-9671-46a6-9e1d-7d946f95d492
2019-10-20 13:11:07,910 [grpc-default-executor-9] INFO  impl.RaftServerImpl (RaftServerImpl.java:setRole(184)) - 1ac0a8d4-e534-43ce-83b1-426d47a3040d@group-42C3DBE2B33D: changes role from  FOLLOWER to FOLLOWER at term 76 for recognizeCandidate:7660b851-9671-46a6-9e1d-7d946f95d492
2019-10-20 13:11:07,910 [grpc-default-executor-9] INFO  impl.RoleInfo (RoleInfo.java:shutdownFollowerState(121)) - 1ac0a8d4-e534-43ce-83b1-426d47a3040d: shutdown FollowerState
2019-10-20 13:11:07,910 [grpc-default-executor-10] INFO  impl.RoleInfo (RoleInfo.java:shutdownFollowerState(121)) - fdf19479-69c2-4639-b68c-6adde78ca28a: shutdown FollowerState
2019-10-20 13:11:07,910 [Thread-25095] INFO  impl.FollowerState (FollowerState.java:run(117)) - 1ac0a8d4-e534-43ce-83b1-426d47a3040d@group-42C3DBE2B33D-FollowerState was interrupted: java.lang.InterruptedException: sleep interrupted
2019-10-20 13:11:07,910 [Thread-25094] INFO  impl.FollowerState (FollowerState.java:run(117)) - fdf19479-69c2-4639-b68c-6adde78ca28a@group-42C3DBE2B33D-FollowerState was interrupted: java.lang.InterruptedException: sleep interrupted
2019-10-20 13:11:07,910 [grpc-default-executor-9] INFO  impl.RoleInfo (RoleInfo.java:updateAndGet(143)) - 1ac0a8d4-e534-43ce-83b1-426d47a3040d: start FollowerState
2019-10-20 13:11:07,910 [grpc-default-executor-10] INFO  impl.RoleInfo (RoleInfo.java:updateAndGet(143)) - fdf19479-69c2-4639-b68c-6adde78ca28a: start FollowerState
2019-10-20 13:11:07,937 [7660b851-9671-46a6-9e1d-7d946f95d492@group-42C3DBE2B33D-LeaderElection3365] INFO  impl.LeaderElection (LeaderElection.java:logAndReturn(56)) - 7660b851-9671-46a6-9e1d-7d946f95d492@group-42C3DBE2B33D-LeaderElection3365: Election REJECTED; received 2 response(s) [7660b851-9671-46a6-9e1d-7d946f95d492<-fdf19479-69c2-4639-b68c-6adde78ca28a#0:FAIL-t76, 7660b851-9671-46a6-9e1d-7d946f95d492<-1ac0a8d4-e534-43ce-83b1-426d47a3040d#0:FAIL-t76] and 0 exception(s); 7660b851-9671-46a6-9e1d-7d946f95d492@group-42C3DBE2B33D:t76, leader=null, voted=7660b851-9671-46a6-9e1d-7d946f95d492, raftlog=7660b851-9671-46a6-9e1d-7d946f95d492@group-42C3DBE2B33D-SegmentedRaftLog:OPENED:c-1,f-1,i0, conf=-1: [fdf19479-69c2-4639-b68c-6adde78ca28a:192.168.157.204:42858, 1ac0a8d4-e534-43ce-83b1-426d47a3040d:192.168.157.204:32953, 7660b851-9671-46a6-9e1d-7d946f95d492:192.168.157.204:41682], old=null
2019-10-20 13:11:07,937 [7660b851-9671-46a6-9e1d-7d946f95d492@group-42C3DBE2B33D-LeaderElection3365] INFO  impl.RaftServerImpl (RaftServerImpl.java:setRole(184)) - 7660b851-9671-46a6-9e1d-7d946f95d492@group-42C3DBE2B33D: changes role from CANDIDATE to FOLLOWER at term 76 for DISCOVERED_A_NEW_TERM
2019-10-20 13:11:07,937 [7660b851-9671-46a6-9e1d-7d946f95d492@group-42C3DBE2B33D-LeaderElection3365] INFO  impl.RoleInfo (RoleInfo.java:shutdownLeaderElection(134)) - 7660b851-9671-46a6-9e1d-7d946f95d492: shutdown LeaderElection
2019-10-20 13:11:07,937 [7660b851-9671-46a6-9e1d-7d946f95d492@group-42C3DBE2B33D-LeaderElection3365] INFO  impl.RoleInfo (RoleInfo.java:updateAndGet(143)) - 7660b851-9671-46a6-9e1d-7d946f95d492: start FollowerState
2019-10-20 13:11:07,973 [Thread-25102] INFO  impl.FollowerState (FollowerState.java:run(108)) - 7660b851-9671-46a6-9e1d-7d946f95d492@group-42C3DBE2B33D-FollowerState: change to CANDIDATE, lastRpcTime:36ms, electionTimeout:36ms
2019-10-20 13:11:07,973 [Thread-25102] INFO  impl.RoleInfo (RoleInfo.java:shutdownFollowerState(121)) - 7660b851-9671-46a6-9e1d-7d946f95d492: shutdown FollowerState
2019-10-20 13:11:07,974 [Thread-25102] INFO  impl.RaftServerImpl (RaftServerImpl.java:setRole(184)) - 7660b851-9671-46a6-9e1d-7d946f95d492@group-42C3DBE2B33D: changes role from  FOLLOWER to CANDIDATE at term 76 for changeToCandidate
2019-10-20 13:11:07,974 [Thread-25102] INFO  impl.RoleInfo (RoleInfo.java:updateAndGet(143)) - 7660b851-9671-46a6-9e1d-7d946f95d492: start LeaderElection
2019-10-20 13:11:07,988 [7660b851-9671-46a6-9e1d-7d946f95d492@group-42C3DBE2B33D-LeaderElection3366] INFO  impl.LeaderElection (LeaderElection.java:askForVotes(178)) - 7660b851-9671-46a6-9e1d-7d946f95d492@group-42C3DBE2B33D-LeaderElection3366: begin an election at term 77 for -1: [fdf19479-69c2-4639-b68c-6adde78ca28a:192.168.157.204:42858, 1ac0a8d4-e534-43ce-83b1-426d47a3040d:192.168.157.204:32953, 7660b851-9671-46a6-9e1d-7d946f95d492:192.168.157.204:41682], old=null
2019-10-20 13:11:07,989 [grpc-default-executor-9] INFO  impl.RaftServerImpl (RaftServerImpl.java:setRole(184)) - fdf19479-69c2-4639-b68c-6adde78ca28a@group-42C3DBE2B33D: changes role from  FOLLOWER to FOLLOWER at term 77 for recognizeCandidate:7660b851-9671-46a6-9e1d-7d946f95d492
2019-10-20 13:11:07,989 [grpc-default-executor-9] INFO  impl.RoleInfo (RoleInfo.java:shutdownFollowerState(121)) - fdf19479-69c2-4639-b68c-6adde78ca28a: shutdown FollowerState
2019-10-20 13:11:07,989 [grpc-default-executor-9] INFO  impl.RoleInfo (RoleInfo.java:updateAndGet(143)) - fdf19479-69c2-4639-b68c-6adde78ca28a: start FollowerState
2019-10-20 13:11:07,989 [grpc-default-executor-10] INFO  impl.RaftServerImpl (RaftServerImpl.java:setRole(184)) - 1ac0a8d4-e534-43ce-83b1-426d47a3040d@group-42C3DBE2B33D: changes role from  FOLLOWER to FOLLOWER at term 77 for recognizeCandidate:7660b851-9671-46a6-9e1d-7d946f95d492
2019-10-20 13:11:07,989 [grpc-default-executor-10] INFO  impl.RoleInfo (RoleInfo.java:shutdownFollowerState(121)) - 1ac0a8d4-e534-43ce-83b1-426d47a3040d: shutdown FollowerState
2019-10-20 13:11:07,989 [Thread-25101] INFO  impl.FollowerState (FollowerState.java:run(117)) - fdf19479-69c2-4639-b68c-6adde78ca28a@group-42C3DBE2B33D-FollowerState was interrupted: java.lang.InterruptedException: sleep interrupted
2019-10-20 13:11:07,990 [grpc-default-executor-10] INFO  impl.RoleInfo (RoleInfo.java:updateAndGet(143)) - 1ac0a8d4-e534-43ce-83b1-426d47a3040d: start FollowerState
2019-10-20 13:11:07,990 [Thread-25100] INFO  impl.FollowerState (FollowerState.java:run(117)) - 1ac0a8d4-e534-43ce-83b1-426d47a3040d@group-42C3DBE2B33D-FollowerState was interrupted: java.lang.InterruptedException: sleep interrupted
2019-10-20 13:11:08,031 [7660b851-9671-46a6-9e1d-7d946f95d492@group-42C3DBE2B33D-LeaderElection3366] INFO  impl.LeaderElection (LeaderElection.java:logAndReturn(56)) - 7660b851-9671-46a6-9e1d-7d946f95d492@group-42C3DBE2B33D-LeaderElection3366: Election REJECTED; received 2 response(s) [7660b851-9671-46a6-9e1d-7d946f95d492<-fdf19479-69c2-4639-b68c-6adde78ca28a#0:FAIL-t77, 7660b851-9671-46a6-9e1d-7d946f95d492<-1ac0a8d4-e534-43ce-83b1-426d47a3040d#0:FAIL-t77] and 0 exception(s); 7660b851-9671-46a6-9e1d-7d946f95d492@group-42C3DBE2B33D:t77, leader=null, voted=7660b851-9671-46a6-9e1d-7d946f95d492, raftlog=7660b851-9671-46a6-9e1d-7d946f95d492@group-42C3DBE2B33D-SegmentedRaftLog:OPENED:c-1,f-1,i0, conf=-1: [fdf19479-69c2-4639-b68c-6adde78ca28a:192.168.157.204:42858, 1ac0a8d4-e534-43ce-83b1-426d47a3040d:192.168.157.204:32953, 7660b851-9671-46a6-9e1d-7d946f95d492:192.168.157.204:41682], old=null
2019-10-20 13:11:08,031 [7660b851-9671-46a6-9e1d-7d946f95d492@group-42C3DBE2B33D-LeaderElection3366] INFO  impl.RaftServerImpl (RaftServerImpl.java:setRole(184)) - 7660b851-9671-46a6-9e1d-7d946f95d492@group-42C3DBE2B33D: changes role from CANDIDATE to FOLLOWER at term 77 for DISCOVERED_A_NEW_TERM
2019-10-20 13:11:08,031 [7660b851-9671-46a6-9e1d-7d946f95d492@group-42C3DBE2B33D-LeaderElection3366] INFO  impl.RoleInfo (RoleInfo.java:shutdownLeaderElection(134)) - 7660b851-9671-46a6-9e1d-7d946f95d492: shutdown LeaderElection
2019-10-20 13:11:08,031 [7660b851-9671-46a6-9e1d-7d946f95d492@group-42C3DBE2B33D-LeaderElection3366] INFO  impl.RoleInfo (RoleInfo.java:updateAndGet(143)) - 7660b851-9671-46a6-9e1d-7d946f95d492: start FollowerState
2019-10-20 13:11:08,087 [Thread-25108] INFO  impl.FollowerState (FollowerState.java:run(108)) - 7660b851-9671-46a6-9e1d-7d946f95d492@group-42C3DBE2B33D-FollowerState: change to CANDIDATE, lastRpcTime:55ms, electionTimeout:55ms
2019-10-20 13:11:08,087 [Thread-25108] INFO  impl.RoleInfo (RoleInfo.java:shutdownFollowerState(121)) - 7660b851-9671-46a6-9e1d-7d946f95d492: shutdown FollowerState
2019-10-20 13:11:08,087 [Thread-25108] INFO  impl.RaftServerImpl (RaftServerImpl.java:setRole(184)) - 7660b851-9671-46a6-9e1d-7d946f95d492@group-42C3DBE2B33D: changes role from  FOLLOWER to CANDIDATE at term 77 for changeToCandidate
2019-10-20 13:11:08,087 [Thread-25108] INFO  impl.RoleInfo (RoleInfo.java:updateAndGet(143)) - 7660b851-9671-46a6-9e1d-7d946f95d492: start LeaderElection
2019-10-20 13:11:08,100 [7660b851-9671-46a6-9e1d-7d946f95d492@group-42C3DBE2B33D-LeaderElection3367] INFO  impl.LeaderElection (LeaderElection.java:askForVotes(178)) - 7660b851-9671-46a6-9e1d-7d946f95d492@group-42C3DBE2B33D-LeaderElection3367: begin an election at term 78 for -1: [fdf19479-69c2-4639-b68c-6adde78ca28a:192.168.157.204:42858, 1ac0a8d4-e534-43ce-83b1-426d47a3040d:192.168.157.204:32953, 7660b851-9671-46a6-9e1d-7d946f95d492:192.168.157.204:41682], old=null
2019-10-20 13:11:08,102 [grpc-default-executor-10] INFO  impl.RaftServerImpl (RaftServerImpl.java:setRole(184)) - 1ac0a8d4-e534-43ce-83b1-426d47a3040d@group-42C3DBE2B33D: changes role from  FOLLOWER to FOLLOWER at term 78 for recognizeCandidate:7660b851-9671-46a6-9e1d-7d946f95d492
2019-10-20 13:11:08,102 [grpc-default-executor-9] INFO  impl.RaftServerImpl (RaftServerImpl.java:setRole(184)) - fdf19479-69c2-4639-b68c-6adde78ca28a@group-42C3DBE2B33D: changes role from  FOLLOWER to FOLLOWER at term 78 for recognizeCandidate:7660b851-9671-46a6-9e1d-7d946f95d492
2019-10-20 13:11:08,102 [grpc-default-executor-10] INFO  impl.RoleInfo (RoleInfo.java:shutdownFollowerState(121)) - 1ac0a8d4-e534-43ce-83b1-426d47a3040d: shutdown FollowerState
2019-10-20 13:11:08,102 [grpc-default-executor-9] INFO  impl.RoleInfo (RoleInfo.java:shutdownFollowerState(121)) - fdf19479-69c2-4639-b68c-6adde78ca28a: shutdown FollowerState
2019-10-20 13:11:08,102 [Thread-25107] INFO  impl.FollowerState (FollowerState.java:run(117)) - 1ac0a8d4-e534-43ce-83b1-426d47a3040d@group-42C3DBE2B33D-FollowerState was interrupted: java.lang.InterruptedException: sleep interrupted
2019-10-20 13:11:08,102 [grpc-default-executor-10] INFO  impl.RoleInfo (RoleInfo.java:updateAndGet(143)) - 1ac0a8d4-e534-43ce-83b1-426d47a3040d: start FollowerState
2019-10-20 13:11:08,102 [Thread-25106] INFO  impl.FollowerState (FollowerState.java:run(117)) - fdf19479-69c2-4639-b68c-6adde78ca28a@group-42C3DBE2B33D-FollowerState was interrupted: java.lang.InterruptedException: sleep interrupted
2019-10-20 13:11:08,102 [grpc-default-executor-9] INFO  impl.RoleInfo (RoleInfo.java:updateAndGet(143)) - fdf19479-69c2-4639-b68c-6adde78ca28a: start FollowerState
2019-10-20 13:11:08,128 [7660b851-9671-46a6-9e1d-7d946f95d492@group-42C3DBE2B33D-LeaderElection3367] INFO  impl.LeaderElection (LeaderElection.java:logAndReturn(56)) - 7660b851-9671-46a6-9e1d-7d946f95d492@group-42C3DBE2B33D-LeaderElection3367: Election REJECTED; received 2 response(s) [7660b851-9671-46a6-9e1d-7d946f95d492<-fdf19479-69c2-4639-b68c-6adde78ca28a#0:FAIL-t78, 7660b851-9671-46a6-9e1d-7d946f95d492<-1ac0a8d4-e534-43ce-83b1-426d47a3040d#0:FAIL-t78] and 0 exception(s); 7660b851-9671-46a6-9e1d-7d946f95d492@group-42C3DBE2B33D:t78, leader=null, voted=7660b851-9671-46a6-9e1d-7d946f95d492, raftlog=7660b851-9671-46a6-9e1d-7d946f95d492@group-42C3DBE2B33D-SegmentedRaftLog:OPENED:c-1,f-1,i0, conf=-1: [fdf19479-69c2-4639-b68c-6adde78ca28a:192.168.157.204:42858, 1ac0a8d4-e534-43ce-83b1-426d47a3040d:192.168.157.204:32953, 7660b851-9671-46a6-9e1d-7d946f95d492:192.168.157.204:41682], old=null
2019-10-20 13:11:08,128 [7660b851-9671-46a6-9e1d-7d946f95d492@group-42C3DBE2B33D-LeaderElection3367] INFO  impl.RaftServerImpl (RaftServerImpl.java:setRole(184)) - 7660b851-9671-46a6-9e1d-7d946f95d492@group-42C3DBE2B33D: changes role from CANDIDATE to FOLLOWER at term 78 for DISCOVERED_A_NEW_TERM
2019-10-20 13:11:08,129 [7660b851-9671-46a6-9e1d-7d946f95d492@group-42C3DBE2B33D-LeaderElection3367] INFO  impl.RoleInfo (RoleInfo.java:shutdownLeaderElection(134)) - 7660b851-9671-46a6-9e1d-7d946f95d492: shutdown LeaderElection
2019-10-20 13:11:08,129 [7660b851-9671-46a6-9e1d-7d946f95d492@group-42C3DBE2B33D-LeaderElection3367] INFO  impl.RoleInfo (RoleInfo.java:updateAndGet(143)) - 7660b851-9671-46a6-9e1d-7d946f95d492: start FollowerState
2019-10-20 13:11:08,201 [Thread-25114] INFO  impl.FollowerState (FollowerState.java:run(108)) - 7660b851-9671-46a6-9e1d-7d946f95d492@group-42C3DBE2B33D-FollowerState: change to CANDIDATE, lastRpcTime:72ms, electionTimeout:72ms
2019-10-20 13:11:08,201 [Thread-25114] INFO  impl.RoleInfo (RoleInfo.java:shutdownFollowerState(121)) - 7660b851-9671-46a6-9e1d-7d946f95d492: shutdown FollowerState
2019-10-20 13:11:08,201 [Thread-25114] INFO  impl.RaftServerImpl (RaftServerImpl.java:setRole(184)) - 7660b851-9671-46a6-9e1d-7d946f95d492@group-42C3DBE2B33D: changes role from  FOLLOWER to CANDIDATE at term 78 for changeToCandidate
2019-10-20 13:11:08,201 [Thread-25114] INFO  impl.RoleInfo (RoleInfo.java:updateAndGet(143)) - 7660b851-9671-46a6-9e1d-7d946f95d492: start LeaderElection
2019-10-20 13:11:08,214 [7660b851-9671-46a6-9e1d-7d946f95d492@group-42C3DBE2B33D-LeaderElection3368] INFO  impl.LeaderElection (LeaderElection.java:askForVotes(178)) - 7660b851-9671-46a6-9e1d-7d946f95d492@group-42C3DBE2B33D-LeaderElection3368: begin an election at term 79 for -1: [fdf19479-69c2-4639-b68c-6adde78ca28a:192.168.157.204:42858, 1ac0a8d4-e534-43ce-83b1-426d47a3040d:192.168.157.204:32953, 7660b851-9671-46a6-9e1d-7d946f95d492:192.168.157.204:41682], old=null
2019-10-20 13:11:08,215 [grpc-default-executor-9] INFO  impl.RaftServerImpl (RaftServerImpl.java:setRole(184)) - fdf19479-69c2-4639-b68c-6adde78ca28a@group-42C3DBE2B33D: changes role from  FOLLOWER to FOLLOWER at term 79 for recognizeCandidate:7660b851-9671-46a6-9e1d-7d946f95d492
2019-10-20 13:11:08,215 [grpc-default-executor-10] INFO  impl.RaftServerImpl (RaftServerImpl.java:setRole(184)) - 1ac0a8d4-e534-43ce-83b1-426d47a3040d@group-42C3DBE2B33D: changes role from  FOLLOWER to FOLLOWER at term 79 for recognizeCandidate:7660b851-9671-46a6-9e1d-7d946f95d492
2019-10-20 13:11:08,215 [grpc-default-executor-10] INFO  impl.RoleInfo (RoleInfo.java:shutdownFollowerState(121)) - 1ac0a8d4-e534-43ce-83b1-426d47a3040d: shutdown FollowerState
2019-10-20 13:11:08,215 [grpc-default-executor-9] INFO  impl.RoleInfo (RoleInfo.java:shutdownFollowerState(121)) - fdf19479-69c2-4639-b68c-6adde78ca28a: shutdown FollowerState
2019-10-20 13:11:08,215 [Thread-25112] INFO  impl.FollowerState (FollowerState.java:run(117)) - 1ac0a8d4-e534-43ce-83b1-426d47a3040d@group-42C3DBE2B33D-FollowerState was interrupted: java.lang.InterruptedException: sleep interrupted
2019-10-20 13:11:08,215 [Thread-25113] INFO  impl.FollowerState (FollowerState.java:run(117)) - fdf19479-69c2-4639-b68c-6adde78ca28a@group-42C3DBE2B33D-FollowerState was interrupted: java.lang.InterruptedException: sleep interrupted
2019-10-20 13:11:08,215 [grpc-default-executor-10] INFO  impl.RoleInfo (RoleInfo.java:updateAndGet(143)) - 1ac0a8d4-e534-43ce-83b1-426d47a3040d: start FollowerState
2019-10-20 13:11:08,215 [grpc-default-executor-9] INFO  impl.RoleInfo (RoleInfo.java:updateAndGet(143)) - fdf19479-69c2-4639-b68c-6adde78ca28a: start FollowerState
2019-10-20 13:11:08,241 [7660b851-9671-46a6-9e1d-7d946f95d492@group-42C3DBE2B33D-LeaderElection3368] INFO  impl.LeaderElection (LeaderElection.java:logAndReturn(56)) - 7660b851-9671-46a6-9e1d-7d946f95d492@group-42C3DBE2B33D-LeaderElection3368: Election REJECTED; received 2 response(s) [7660b851-9671-46a6-9e1d-7d946f95d492<-fdf19479-69c2-4639-b68c-6adde78ca28a#0:FAIL-t79, 7660b851-9671-46a6-9e1d-7d946f95d492<-1ac0a8d4-e534-43ce-83b1-426d47a3040d#0:FAIL-t79] and 0 exception(s); 7660b851-9671-46a6-9e1d-7d946f95d492@group-42C3DBE2B33D:t79, leader=null, voted=7660b851-9671-46a6-9e1d-7d946f95d492, raftlog=7660b851-9671-46a6-9e1d-7d946f95d492@group-42C3DBE2B33D-SegmentedRaftLog:OPENED:c-1,f-1,i0, conf=-1: [fdf19479-69c2-4639-b68c-6adde78ca28a:192.168.157.204:42858, 1ac0a8d4-e534-43ce-83b1-426d47a3040d:192.168.157.204:32953, 7660b851-9671-46a6-9e1d-7d946f95d492:192.168.157.204:41682], old=null
2019-10-20 13:11:08,241 [7660b851-9671-46a6-9e1d-7d946f95d492@group-42C3DBE2B33D-LeaderElection3368] INFO  impl.RaftServerImpl (RaftServerImpl.java:setRole(184)) - 7660b851-9671-46a6-9e1d-7d946f95d492@group-42C3DBE2B33D: changes role from CANDIDATE to FOLLOWER at term 79 for DISCOVERED_A_NEW_TERM
2019-10-20 13:11:08,241 [7660b851-9671-46a6-9e1d-7d946f95d492@group-42C3DBE2B33D-LeaderElection3368] INFO  impl.RoleInfo (RoleInfo.java:shutdownLeaderElection(134)) - 7660b851-9671-46a6-9e1d-7d946f95d492: shutdown LeaderElection
2019-10-20 13:11:08,242 [7660b851-9671-46a6-9e1d-7d946f95d492@group-42C3DBE2B33D-LeaderElection3368] INFO  impl.RoleInfo (RoleInfo.java:updateAndGet(143)) - 7660b851-9671-46a6-9e1d-7d946f95d492: start FollowerState
2019-10-20 13:11:08,339 [Thread-25122] INFO  impl.FollowerState (FollowerState.java:run(108)) - 7660b851-9671-46a6-9e1d-7d946f95d492@group-42C3DBE2B33D-FollowerState: change to CANDIDATE, lastRpcTime:97ms, electionTimeout:97ms
2019-10-20 13:11:08,339 [Thread-25122] INFO  impl.RoleInfo (RoleInfo.java:shutdownFollowerState(121)) - 7660b851-9671-46a6-9e1d-7d946f95d492: shutdown FollowerState
2019-10-20 13:11:08,340 [Thread-25122] INFO  impl.RaftServerImpl (RaftServerImpl.java:setRole(184)) - 7660b851-9671-46a6-9e1d-7d946f95d492@group-42C3DBE2B33D: changes role from  FOLLOWER to CANDIDATE at term 79 for changeToCandidate
2019-10-20 13:11:08,340 [Thread-25122] INFO  impl.RoleInfo (RoleInfo.java:updateAndGet(143)) - 7660b851-9671-46a6-9e1d-7d946f95d492: start LeaderElection
2019-10-20 13:11:08,356 [7660b851-9671-46a6-9e1d-7d946f95d492@group-42C3DBE2B33D-LeaderElection3369] INFO  impl.LeaderElection (LeaderElection.java:askForVotes(178)) - 7660b851-9671-46a6-9e1d-7d946f95d492@group-42C3DBE2B33D-LeaderElection3369: begin an election at term 80 for -1: [fdf19479-69c2-4639-b68c-6adde78ca28a:192.168.157.204:42858, 1ac0a8d4-e534-43ce-83b1-426d47a3040d:192.168.157.204:32953, 7660b851-9671-46a6-9e1d-7d946f95d492:192.168.157.204:41682], old=null
2019-10-20 13:11:08,357 [grpc-default-executor-10] INFO  impl.RaftServerImpl (RaftServerImpl.java:setRole(184)) - 1ac0a8d4-e534-43ce-83b1-426d47a3040d@group-42C3DBE2B33D: changes role from  FOLLOWER to FOLLOWER at term 80 for recognizeCandidate:7660b851-9671-46a6-9e1d-7d946f95d492
2019-10-20 13:11:08,358 [grpc-default-executor-10] INFO  impl.RoleInfo (RoleInfo.java:shutdownFollowerState(121)) - 1ac0a8d4-e534-43ce-83b1-426d47a3040d: shutdown FollowerState
2019-10-20 13:11:08,357 [grpc-default-executor-9] INFO  impl.RaftServerImpl (RaftServerImpl.java:setRole(184)) - fdf19479-69c2-4639-b68c-6adde78ca28a@group-42C3DBE2B33D: changes role from  FOLLOWER to FOLLOWER at term 80 for recognizeCandidate:7660b851-9671-46a6-9e1d-7d946f95d492
2019-10-20 13:11:08,358 [grpc-default-executor-10] INFO  impl.RoleInfo (RoleInfo.java:updateAndGet(143)) - 1ac0a8d4-e534-43ce-83b1-426d47a3040d: start FollowerState
2019-10-20 13:11:08,358 [Thread-25120] INFO  impl.FollowerState (FollowerState.java:run(117)) - 1ac0a8d4-e534-43ce-83b1-426d47a3040d@group-42C3DBE2B33D-FollowerState was interrupted: java.lang.InterruptedException: sleep interrupted
2019-10-20 13:11:08,358 [grpc-default-executor-9] INFO  impl.RoleInfo (RoleInfo.java:shutdownFollowerState(121)) - fdf19479-69c2-4639-b68c-6adde78ca28a: shutdown FollowerState
2019-10-20 13:11:08,358 [grpc-default-executor-9] INFO  impl.RoleInfo (RoleInfo.java:updateAndGet(143)) - fdf19479-69c2-4639-b68c-6adde78ca28a: start FollowerState
2019-10-20 13:11:08,358 [Thread-25121] INFO  impl.FollowerState (FollowerState.java:run(117)) - fdf19479-69c2-4639-b68c-6adde78ca28a@group-42C3DBE2B33D-FollowerState was interrupted: java.lang.InterruptedException: sleep interrupted
2019-10-20 13:11:08,383 [7660b851-9671-46a6-9e1d-7d946f95d492@group-42C3DBE2B33D-LeaderElection3369] INFO  impl.LeaderElection (LeaderElection.java:logAndReturn(56)) - 7660b851-9671-46a6-9e1d-7d946f95d492@group-42C3DBE2B33D-LeaderElection3369: Election REJECTED; received 2 response(s) [7660b851-9671-46a6-9e1d-7d946f95d492<-fdf19479-69c2-4639-b68c-6adde78ca28a#0:FAIL-t80, 7660b851-9671-46a6-9e1d-7d946f95d492<-1ac0a8d4-e534-43ce-83b1-426d47a3040d#0:FAIL-t80] and 0 exception(s); 7660b851-9671-46a6-9e1d-7d946f95d492@group-42C3DBE2B33D:t80, leader=null, voted=7660b851-9671-46a6-9e1d-7d946f95d492, raftlog=7660b851-9671-46a6-9e1d-7d946f95d492@group-42C3DBE2B33D-SegmentedRaftLog:OPENED:c-1,f-1,i0, conf=-1: [fdf19479-69c2-4639-b68c-6adde78ca28a:192.168.157.204:42858, 1ac0a8d4-e534-43ce-83b1-426d47a3040d:192.168.157.204:32953, 7660b851-9671-46a6-9e1d-7d946f95d492:192.168.157.204:41682], old=null
2019-10-20 13:11:08,383 [7660b851-9671-46a6-9e1d-7d946f95d492@group-42C3DBE2B33D-LeaderElection3369] INFO  impl.RaftServerImpl (RaftServerImpl.java:setRole(184)) - 7660b851-9671-46a6-9e1d-7d946f95d492@group-42C3DBE2B33D: changes role from CANDIDATE to FOLLOWER at term 80 for DISCOVERED_A_NEW_TERM
2019-10-20 13:11:08,383 [7660b851-9671-46a6-9e1d-7d946f95d492@group-42C3DBE2B33D-LeaderElection3369] INFO  impl.RoleInfo (RoleInfo.java:shutdownLeaderElection(134)) - 7660b851-9671-46a6-9e1d-7d946f95d492: shutdown LeaderElection
2019-10-20 13:11:08,384 [7660b851-9671-46a6-9e1d-7d946f95d492@group-42C3DBE2B33D-LeaderElection3369] INFO  impl.RoleInfo (RoleInfo.java:updateAndGet(143)) - 7660b851-9671-46a6-9e1d-7d946f95d492: start FollowerState
2019-10-20 13:11:08,403 [Thread-25130] INFO  impl.FollowerState (FollowerState.java:run(108)) - 7660b851-9671-46a6-9e1d-7d946f95d492@group-42C3DBE2B33D-FollowerState: change to CANDIDATE, lastRpcTime:19ms, electionTimeout:19ms
2019-10-20 13:11:08,403 [Thread-25130] INFO  impl.RoleInfo (RoleInfo.java:shutdownFollowerState(121)) - 7660b851-9671-46a6-9e1d-7d946f95d492: shutdown FollowerState
2019-10-20 13:11:08,403 [Thread-25130] INFO  impl.RaftServerImpl (RaftServerImpl.java:setRole(184)) - 7660b851-9671-46a6-9e1d-7d946f95d492@group-42C3DBE2B33D: changes role from  FOLLOWER to CANDIDATE at term 80 for changeToCandidate
2019-10-20 13:11:08,403 [Thread-25130] INFO  impl.RoleInfo (RoleInfo.java:updateAndGet(143)) - 7660b851-9671-46a6-9e1d-7d946f95d492: start LeaderElection
2019-10-20 13:11:08,417 [7660b851-9671-46a6-9e1d-7d946f95d492@group-42C3DBE2B33D-LeaderElection3370] INFO  impl.LeaderElection (LeaderElection.java:askForVotes(178)) - 7660b851-9671-46a6-9e1d-7d946f95d492@group-42C3DBE2B33D-LeaderElection3370: begin an election at term 81 for -1: [fdf19479-69c2-4639-b68c-6adde78ca28a:192.168.157.204:42858, 1ac0a8d4-e534-43ce-83b1-426d47a3040d:192.168.157.204:32953, 7660b851-9671-46a6-9e1d-7d946f95d492:192.168.157.204:41682], old=null
2019-10-20 13:11:08,418 [grpc-default-executor-10] INFO  impl.RaftServerImpl (RaftServerImpl.java:setRole(184)) - fdf19479-69c2-4639-b68c-6adde78ca28a@group-42C3DBE2B33D: changes role from  FOLLOWER to FOLLOWER at term 81 for recognizeCandidate:7660b851-9671-46a6-9e1d-7d946f95d492
2019-10-20 13:11:08,418 [grpc-default-executor-10] INFO  impl.RoleInfo (RoleInfo.java:shutdownFollowerState(121)) - fdf19479-69c2-4639-b68c-6adde78ca28a: shutdown FollowerState
2019-10-20 13:11:08,418 [grpc-default-executor-9] INFO  impl.RaftServerImpl (RaftServerImpl.java:setRole(184)) - 1ac0a8d4-e534-43ce-83b1-426d47a3040d@group-42C3DBE2B33D: changes role from  FOLLOWER to FOLLOWER at term 81 for recognizeCandidate:7660b851-9671-46a6-9e1d-7d946f95d492
2019-10-20 13:11:08,418 [grpc-default-executor-9] INFO  impl.RoleInfo (RoleInfo.java:shutdownFollowerState(121)) - 1ac0a8d4-e534-43ce-83b1-426d47a3040d: shutdown FollowerState
2019-10-20 13:11:08,418 [Thread-25129] INFO  impl.FollowerState (FollowerState.java:run(117)) - fdf19479-69c2-4639-b68c-6adde78ca28a@group-42C3DBE2B33D-FollowerState was interrupted: java.lang.InterruptedException: sleep interrupted
2019-10-20 13:11:08,418 [grpc-default-executor-10] INFO  impl.RoleInfo (RoleInfo.java:updateAndGet(143)) - fdf19479-69c2-4639-b68c-6adde78ca28a: start FollowerState
2019-10-20 13:11:08,418 [Thread-25128] INFO  impl.FollowerState (FollowerState.java:run(117)) - 1ac0a8d4-e534-43ce-83b1-426d47a3040d@group-42C3DBE2B33D-FollowerState was interrupted: java.lang.InterruptedException: sleep interrupted
2019-10-20 13:11:08,418 [grpc-default-executor-9] INFO  impl.RoleInfo (RoleInfo.java:updateAndGet(143)) - 1ac0a8d4-e534-43ce-83b1-426d47a3040d: start FollowerState
2019-10-20 13:11:08,443 [7660b851-9671-46a6-9e1d-7d946f95d492@group-42C3DBE2B33D-LeaderElection3370] INFO  impl.LeaderElection (LeaderElection.java:logAndReturn(56)) - 7660b851-9671-46a6-9e1d-7d946f95d492@group-42C3DBE2B33D-LeaderElection3370: Election REJECTED; received 2 response(s) [7660b851-9671-46a6-9e1d-7d946f95d492<-fdf19479-69c2-4639-b68c-6adde78ca28a#0:FAIL-t81, 7660b851-9671-46a6-9e1d-7d946f95d492<-1ac0a8d4-e534-43ce-83b1-426d47a3040d#0:FAIL-t81] and 0 exception(s); 7660b851-9671-46a6-9e1d-7d946f95d492@group-42C3DBE2B33D:t81, leader=null, voted=7660b851-9671-46a6-9e1d-7d946f95d492, raftlog=7660b851-9671-46a6-9e1d-7d946f95d492@group-42C3DBE2B33D-SegmentedRaftLog:OPENED:c-1,f-1,i0, conf=-1: [fdf19479-69c2-4639-b68c-6adde78ca28a:192.168.157.204:42858, 1ac0a8d4-e534-43ce-83b1-426d47a3040d:192.168.157.204:32953, 7660b851-9671-46a6-9e1d-7d946f95d492:192.168.157.204:41682], old=null
2019-10-20 13:11:08,443 [7660b851-9671-46a6-9e1d-7d946f95d492@group-42C3DBE2B33D-LeaderElection3370] INFO  impl.RaftServerImpl (RaftServerImpl.java:setRole(184)) - 7660b851-9671-46a6-9e1d-7d946f95d492@group-42C3DBE2B33D: changes role from CANDIDATE to FOLLOWER at term 81 for DISCOVERED_A_NEW_TERM
2019-10-20 13:11:08,443 [7660b851-9671-46a6-9e1d-7d946f95d492@group-42C3DBE2B33D-LeaderElection3370] INFO  impl.RoleInfo (RoleInfo.java:shutdownLeaderElection(134)) - 7660b851-9671-46a6-9e1d-7d946f95d492: shutdown LeaderElection
2019-10-20 13:11:08,444 [7660b851-9671-46a6-9e1d-7d946f95d492@group-42C3DBE2B33D-LeaderElection3370] INFO  impl.RoleInfo (RoleInfo.java:updateAndGet(143)) - 7660b851-9671-46a6-9e1d-7d946f95d492: start FollowerState
2019-10-20 13:11:08,636 [Thread-25138] INFO  impl.FollowerState (FollowerState.java:run(108)) - 7660b851-9671-46a6-9e1d-7d946f95d492@group-42C3DBE2B33D-FollowerState: change to CANDIDATE, lastRpcTime:192ms, electionTimeout:192ms
2019-10-20 13:11:08,636 [Thread-25138] INFO  impl.RoleInfo (RoleInfo.java:shutdownFollowerState(121)) - 7660b851-9671-46a6-9e1d-7d946f95d492: shutdown FollowerState
2019-10-20 13:11:08,636 [Thread-25138] INFO  impl.RaftServerImpl (RaftServerImpl.java:setRole(184)) - 7660b851-9671-46a6-9e1d-7d946f95d492@group-42C3DBE2B33D: changes role from  FOLLOWER to CANDIDATE at term 81 for changeToCandidate
2019-10-20 13:11:08,637 [Thread-25138] INFO  impl.RoleInfo (RoleInfo.java:updateAndGet(143)) - 7660b851-9671-46a6-9e1d-7d946f95d492: start LeaderElection
2019-10-20 13:11:08,660 [7660b851-9671-46a6-9e1d-7d946f95d492@group-42C3DBE2B33D-LeaderElection3371] INFO  impl.LeaderElection (LeaderElection.java:askForVotes(178)) - 7660b851-9671-46a6-9e1d-7d946f95d492@group-42C3DBE2B33D-LeaderElection3371: begin an election at term 82 for -1: [fdf19479-69c2-4639-b68c-6adde78ca28a:192.168.157.204:42858, 1ac0a8d4-e534-43ce-83b1-426d47a3040d:192.168.157.204:32953, 7660b851-9671-46a6-9e1d-7d946f95d492:192.168.157.204:41682], old=null
2019-10-20 13:11:08,661 [grpc-default-executor-10] INFO  impl.RaftServerImpl (RaftServerImpl.java:setRole(184)) - fdf19479-69c2-4639-b68c-6adde78ca28a@group-42C3DBE2B33D: changes role from  FOLLOWER to FOLLOWER at term 82 for recognizeCandidate:7660b851-9671-46a6-9e1d-7d946f95d492
2019-10-20 13:11:08,662 [grpc-default-executor-10] INFO  impl.RoleInfo (RoleInfo.java:shutdownFollowerState(121)) - fdf19479-69c2-4639-b68c-6adde78ca28a: shutdown FollowerState
2019-10-20 13:11:08,662 [grpc-default-executor-9] INFO  impl.RaftServerImpl (RaftServerImpl.java:setRole(184)) - 1ac0a8d4-e534-43ce-83b1-426d47a3040d@group-42C3DBE2B33D: changes role from  FOLLOWER to FOLLOWER at term 82 for recognizeCandidate:7660b851-9671-46a6-9e1d-7d946f95d492
2019-10-20 13:11:08,662 [grpc-default-executor-9] INFO  impl.RoleInfo (RoleInfo.java:shutdownFollowerState(121)) - 1ac0a8d4-e534-43ce-83b1-426d47a3040d: shutdown FollowerState
2019-10-20 13:11:08,662 [Thread-25136] INFO  impl.FollowerState (FollowerState.java:run(117)) - fdf19479-69c2-4639-b68c-6adde78ca28a@group-42C3DBE2B33D-FollowerState was interrupted: java.lang.InterruptedException: sleep interrupted
2019-10-20 13:11:08,662 [Thread-25137] INFO  impl.FollowerState (FollowerState.java:run(117)) - 1ac0a8d4-e534-43ce-83b1-426d47a3040d@group-42C3DBE2B33D-FollowerState was interrupted: java.lang.InterruptedException: sleep interrupted
2019-10-20 13:11:08,662 [grpc-default-executor-10] INFO  impl.RoleInfo (RoleInfo.java:updateAndGet(143)) - fdf19479-69c2-4639-b68c-6adde78ca28a: start FollowerState
2019-10-20 13:11:08,662 [grpc-default-executor-9] INFO  impl.RoleInfo (RoleInfo.java:updateAndGet(143)) - 1ac0a8d4-e534-43ce-83b1-426d47a3040d: start FollowerState
2019-10-20 13:11:08,687 [7660b851-9671-46a6-9e1d-7d946f95d492@group-42C3DBE2B33D-LeaderElection3371] INFO  impl.LeaderElection (LeaderElection.java:logAndReturn(56)) - 7660b851-9671-46a6-9e1d-7d946f95d492@group-42C3DBE2B33D-LeaderElection3371: Election REJECTED; received 2 response(s) [7660b851-9671-46a6-9e1d-7d946f95d492<-fdf19479-69c2-4639-b68c-6adde78ca28a#0:FAIL-t82, 7660b851-9671-46a6-9e1d-7d946f95d492<-1ac0a8d4-e534-43ce-83b1-426d47a3040d#0:FAIL-t82] and 0 exception(s); 7660b851-9671-46a6-9e1d-7d946f95d492@group-42C3DBE2B33D:t82, leader=null, voted=7660b851-9671-46a6-9e1d-7d946f95d492, raftlog=7660b851-9671-46a6-9e1d-7d946f95d492@group-42C3DBE2B33D-SegmentedRaftLog:OPENED:c-1,f-1,i0, conf=-1: [fdf19479-69c2-4639-b68c-6adde78ca28a:192.168.157.204:42858, 1ac0a8d4-e534-43ce-83b1-426d47a3040d:192.168.157.204:32953, 7660b851-9671-46a6-9e1d-7d946f95d492:192.168.157.204:41682], old=null
2019-10-20 13:11:08,688 [7660b851-9671-46a6-9e1d-7d946f95d492@group-42C3DBE2B33D-LeaderElection3371] INFO  impl.RaftServerImpl (RaftServerImpl.java:setRole(184)) - 7660b851-9671-46a6-9e1d-7d946f95d492@group-42C3DBE2B33D: changes role from CANDIDATE to FOLLOWER at term 82 for DISCOVERED_A_NEW_TERM
2019-10-20 13:11:08,688 [7660b851-9671-46a6-9e1d-7d946f95d492@group-42C3DBE2B33D-LeaderElection3371] INFO  impl.RoleInfo (RoleInfo.java:shutdownLeaderElection(134)) - 7660b851-9671-46a6-9e1d-7d946f95d492: shutdown LeaderElection
2019-10-20 13:11:08,688 [7660b851-9671-46a6-9e1d-7d946f95d492@group-42C3DBE2B33D-LeaderElection3371] INFO  impl.RoleInfo (RoleInfo.java:updateAndGet(143)) - 7660b851-9671-46a6-9e1d-7d946f95d492: start FollowerState
2019-10-20 13:11:08,844 [Thread-25144] INFO  impl.FollowerState (FollowerState.java:run(108)) - 7660b851-9671-46a6-9e1d-7d946f95d492@group-42C3DBE2B33D-FollowerState: change to CANDIDATE, lastRpcTime:156ms, electionTimeout:156ms
2019-10-20 13:11:08,844 [Thread-25144] INFO  impl.RoleInfo (RoleInfo.java:shutdownFollowerState(121)) - 7660b851-9671-46a6-9e1d-7d946f95d492: shutdown FollowerState
2019-10-20 13:11:08,845 [Thread-25144] INFO  impl.RaftServerImpl (RaftServerImpl.java:setRole(184)) - 7660b851-9671-46a6-9e1d-7d946f95d492@group-42C3DBE2B33D: changes role from  FOLLOWER to CANDIDATE at term 82 for changeToCandidate
2019-10-20 13:11:08,845 [Thread-25144] INFO  impl.RoleInfo (RoleInfo.java:updateAndGet(143)) - 7660b851-9671-46a6-9e1d-7d946f95d492: start LeaderElection
2019-10-20 13:11:08,859 [7660b851-9671-46a6-9e1d-7d946f95d492@group-42C3DBE2B33D-LeaderElection3372] INFO  impl.LeaderElection (LeaderElection.java:askForVotes(178)) - 7660b851-9671-46a6-9e1d-7d946f95d492@group-42C3DBE2B33D-LeaderElection3372: begin an election at term 83 for -1: [fdf19479-69c2-4639-b68c-6adde78ca28a:192.168.157.204:42858, 1ac0a8d4-e534-43ce-83b1-426d47a3040d:192.168.157.204:32953, 7660b851-9671-46a6-9e1d-7d946f95d492:192.168.157.204:41682], old=null
2019-10-20 13:11:08,860 [grpc-default-executor-9] INFO  impl.RaftServerImpl (RaftServerImpl.java:setRole(184)) - fdf19479-69c2-4639-b68c-6adde78ca28a@group-42C3DBE2B33D: changes role from  FOLLOWER to FOLLOWER at term 83 for recognizeCandidate:7660b851-9671-46a6-9e1d-7d946f95d492
2019-10-20 13:11:08,860 [grpc-default-executor-9] INFO  impl.RoleInfo (RoleInfo.java:shutdownFollowerState(121)) - fdf19479-69c2-4639-b68c-6adde78ca28a: shutdown FollowerState
2019-10-20 13:11:08,861 [grpc-default-executor-9] INFO  impl.RoleInfo (RoleInfo.java:updateAndGet(143)) - fdf19479-69c2-4639-b68c-6adde78ca28a: start FollowerState
2019-10-20 13:11:08,861 [Thread-25142] INFO  impl.FollowerState (FollowerState.java:run(117)) - fdf19479-69c2-4639-b68c-6adde78ca28a@group-42C3DBE2B33D-FollowerState was interrupted: java.lang.InterruptedException: sleep interrupted
2019-10-20 13:11:08,861 [grpc-default-executor-10] INFO  impl.RaftServerImpl (RaftServerImpl.java:setRole(184)) - 1ac0a8d4-e534-43ce-83b1-426d47a3040d@group-42C3DBE2B33D: changes role from  FOLLOWER to FOLLOWER at term 83 for recognizeCandidate:7660b851-9671-46a6-9e1d-7d946f95d492
2019-10-20 13:11:08,861 [grpc-default-executor-10] INFO  impl.RoleInfo (RoleInfo.java:shutdownFollowerState(121)) - 1ac0a8d4-e534-43ce-83b1-426d47a3040d: shutdown FollowerState
2019-10-20 13:11:08,861 [grpc-default-executor-10] INFO  impl.RoleInfo (RoleInfo.java:updateAndGet(143)) - 1ac0a8d4-e534-43ce-83b1-426d47a3040d: start FollowerState
2019-10-20 13:11:08,861 [Thread-25143] INFO  impl.FollowerState (FollowerState.java:run(117)) - 1ac0a8d4-e534-43ce-83b1-426d47a3040d@group-42C3DBE2B33D-FollowerState was interrupted: java.lang.InterruptedException: sleep interrupted
2019-10-20 13:11:08,886 [7660b851-9671-46a6-9e1d-7d946f95d492@group-42C3DBE2B33D-LeaderElection3372] INFO  impl.LeaderElection (LeaderElection.java:logAndReturn(56)) - 7660b851-9671-46a6-9e1d-7d946f95d492@group-42C3DBE2B33D-LeaderElection3372: Election REJECTED; received 2 response(s) [7660b851-9671-46a6-9e1d-7d946f95d492<-fdf19479-69c2-4639-b68c-6adde78ca28a#0:FAIL-t83, 7660b851-9671-46a6-9e1d-7d946f95d492<-1ac0a8d4-e534-43ce-83b1-426d47a3040d#0:FAIL-t83] and 0 exception(s); 7660b851-9671-46a6-9e1d-7d946f95d492@group-42C3DBE2B33D:t83, leader=null, voted=7660b851-9671-46a6-9e1d-7d946f95d492, raftlog=7660b851-9671-46a6-9e1d-7d946f95d492@group-42C3DBE2B33D-SegmentedRaftLog:OPENED:c-1,f-1,i0, conf=-1: [fdf19479-69c2-4639-b68c-6adde78ca28a:192.168.157.204:42858, 1ac0a8d4-e534-43ce-83b1-426d47a3040d:192.168.157.204:32953, 7660b851-9671-46a6-9e1d-7d946f95d492:192.168.157.204:41682], old=null
2019-10-20 13:11:08,886 [7660b851-9671-46a6-9e1d-7d946f95d492@group-42C3DBE2B33D-LeaderElection3372] INFO  impl.RaftServerImpl (RaftServerImpl.java:setRole(184)) - 7660b851-9671-46a6-9e1d-7d946f95d492@group-42C3DBE2B33D: changes role from CANDIDATE to FOLLOWER at term 83 for DISCOVERED_A_NEW_TERM
2019-10-20 13:11:08,886 [7660b851-9671-46a6-9e1d-7d946f95d492@group-42C3DBE2B33D-LeaderElection3372] INFO  impl.RoleInfo (RoleInfo.java:shutdownLeaderElection(134)) - 7660b851-9671-46a6-9e1d-7d946f95d492: shutdown LeaderElection
2019-10-20 13:11:08,886 [7660b851-9671-46a6-9e1d-7d946f95d492@group-42C3DBE2B33D-LeaderElection3372] INFO  impl.RoleInfo (RoleInfo.java:updateAndGet(143)) - 7660b851-9671-46a6-9e1d-7d946f95d492: start FollowerState
2019-10-20 13:11:09,100 [Thread-25152] INFO  impl.FollowerState (FollowerState.java:run(108)) - 7660b851-9671-46a6-9e1d-7d946f95d492@group-42C3DBE2B33D-FollowerState: change to CANDIDATE, lastRpcTime:213ms, electionTimeout:91ms
2019-10-20 13:11:09,100 [Thread-25152] INFO  impl.RoleInfo (RoleInfo.java:shutdownFollowerState(121)) - 7660b851-9671-46a6-9e1d-7d946f95d492: shutdown FollowerState
2019-10-20 13:11:09,100 [Thread-25152] INFO  impl.RaftServerImpl (RaftServerImpl.java:setRole(184)) - 7660b851-9671-46a6-9e1d-7d946f95d492@group-42C3DBE2B33D: changes role from  FOLLOWER to CANDIDATE at term 83 for changeToCandidate
2019-10-20 13:11:09,101 [Thread-25152] INFO  impl.RoleInfo (RoleInfo.java:updateAndGet(143)) - 7660b851-9671-46a6-9e1d-7d946f95d492: start LeaderElection
2019-10-20 13:11:09,175 [main] WARN  io.KeyOutputStream (KeyOutputStream.java:handleException(274)) - Encountered exception java.io.IOException: Unexpected Storage Container Exception: java.util.concurrent.CompletionException: java.util.concurrent.CompletionException: org.apache.ratis.protocol.RaftRetryFailureException: Failed RaftClientRequest:client-5F5726890DFC->fdf19479-69c2-4639-b68c-6adde78ca28a@group-42C3DBE2B33D, cid=154, seq=1*, RW, cmdType: WriteChunk
traceID: "a97a4d5c3934920a:a97a4d5c3934920a:0:0"
containerID: 1
datanodeUuid: "fdf19479-69c2-4639-b68c-6adde78ca28a"
writeChunk {
  blockID {
    containerID: 1
    localID: 102994874206453785
    blockCommitSequenceId: 0
  }
  chunkData {
    chunkName: "102994874206453785_chunk_1"
    offset: 0
    len: 1048576
    checksumData {
      type: CRC32
      bytesPerChecksum: 1048576
      checksums: "\333|\361\317"
    }
  }
}
, data.size=1048576 for 10 attempts with RetryLimited(maxAttempts=10, sleepTime=1000ms) on the pipeline Pipeline[ Id: ae112795-7236-4d66-a54a-42c3dbe2b33d, Nodes: fdf19479-69c2-4639-b68c-6adde78ca28a{ip: 192.168.157.204, host: pr-hdds-2337-fjsvx-2218173377, networkLocation: /rack1, certSerialId: null}7660b851-9671-46a6-9e1d-7d946f95d492{ip: 192.168.157.204, host: pr-hdds-2337-fjsvx-2218173377, networkLocation: /rack1, certSerialId: null}1ac0a8d4-e534-43ce-83b1-426d47a3040d{ip: 192.168.157.204, host: pr-hdds-2337-fjsvx-2218173377, networkLocation: /rack1, certSerialId: null}, Type:RATIS, Factor:THREE, State:OPEN]. The last committed block length is 0, uncommitted data length is 1048576 retry count 0
2019-10-20 13:11:09,177 [main] INFO  io.BlockOutputStreamEntryPool (BlockOutputStreamEntryPool.java:allocateNewBlock(257)) - Allocating block with ExcludeList {datanodes = [], containerIds = [], pipelineIds = [PipelineID=ae112795-7236-4d66-a54a-42c3dbe2b33d]}
2019-10-20 13:11:09,181 [IPC Server handler 6 on 37200] INFO  server.SCMBlockProtocolServer (SCMBlockProtocolServer.java:allocateBlock(179)) - Allocating 1 blocks of size 4194304, with ExcludeList {datanodes = [], containerIds = [], pipelineIds = [PipelineID=ae112795-7236-4d66-a54a-42c3dbe2b33d]}
2019-10-20 13:11:09,181 [7660b851-9671-46a6-9e1d-7d946f95d492@group-42C3DBE2B33D-LeaderElection3373] INFO  impl.LeaderElection (LeaderElection.java:askForVotes(178)) - 7660b851-9671-46a6-9e1d-7d946f95d492@group-42C3DBE2B33D-LeaderElection3373: begin an election at term 84 for -1: [fdf19479-69c2-4639-b68c-6adde78ca28a:192.168.157.204:42858, 1ac0a8d4-e534-43ce-83b1-426d47a3040d:192.168.157.204:32953, 7660b851-9671-46a6-9e1d-7d946f95d492:192.168.157.204:41682], old=null
2019-10-20 13:11:09,182 [grpc-default-executor-18] INFO  impl.RaftServerImpl (RaftServerImpl.java:setRole(184)) - fdf19479-69c2-4639-b68c-6adde78ca28a@group-42C3DBE2B33D: changes role from  FOLLOWER to FOLLOWER at term 84 for recognizeCandidate:7660b851-9671-46a6-9e1d-7d946f95d492
2019-10-20 13:11:09,182 [grpc-default-executor-18] INFO  impl.RoleInfo (RoleInfo.java:shutdownFollowerState(121)) - fdf19479-69c2-4639-b68c-6adde78ca28a: shutdown FollowerState
2019-10-20 13:11:09,182 [grpc-default-executor-10] INFO  impl.RaftServerImpl (RaftServerImpl.java:setRole(184)) - 1ac0a8d4-e534-43ce-83b1-426d47a3040d@group-42C3DBE2B33D: changes role from  FOLLOWER to FOLLOWER at term 84 for recognizeCandidate:7660b851-9671-46a6-9e1d-7d946f95d492
2019-10-20 13:11:09,182 [Thread-25150] INFO  impl.FollowerState (FollowerState.java:run(117)) - fdf19479-69c2-4639-b68c-6adde78ca28a@group-42C3DBE2B33D-FollowerState was interrupted: java.lang.InterruptedException: sleep interrupted
2019-10-20 13:11:09,182 [grpc-default-executor-18] INFO  impl.RoleInfo (RoleInfo.java:updateAndGet(143)) - fdf19479-69c2-4639-b68c-6adde78ca28a: start FollowerState
2019-10-20 13:11:09,183 [grpc-default-executor-10] INFO  impl.RoleInfo (RoleInfo.java:shutdownFollowerState(121)) - 1ac0a8d4-e534-43ce-83b1-426d47a3040d: shutdown FollowerState
2019-10-20 13:11:09,185 [grpc-default-executor-10] INFO  impl.RoleInfo (RoleInfo.java:updateAndGet(143)) - 1ac0a8d4-e534-43ce-83b1-426d47a3040d: start FollowerState
2019-10-20 13:11:09,185 [Thread-25151] INFO  impl.FollowerState (FollowerState.java:run(117)) - 1ac0a8d4-e534-43ce-83b1-426d47a3040d@group-42C3DBE2B33D-FollowerState was interrupted: java.lang.InterruptedException: sleep interrupted
2019-10-20 13:11:09,190 [7660b851-9671-46a6-9e1d-7d946f95d492@group-42C3DBE2B33D-LeaderElection3373] INFO  impl.LeaderElection (LeaderElection.java:logAndReturn(56)) - 7660b851-9671-46a6-9e1d-7d946f95d492@group-42C3DBE2B33D-LeaderElection3373: Election TIMEOUT; received 0 response(s) [] and 0 exception(s); 7660b851-9671-46a6-9e1d-7d946f95d492@group-42C3DBE2B33D:t84, leader=null, voted=7660b851-9671-46a6-9e1d-7d946f95d492, raftlog=7660b851-9671-46a6-9e1d-7d946f95d492@group-42C3DBE2B33D-SegmentedRaftLog:OPENED:c-1,f-1,i0, conf=-1: [fdf19479-69c2-4639-b68c-6adde78ca28a:192.168.157.204:42858, 1ac0a8d4-e534-43ce-83b1-426d47a3040d:192.168.157.204:32953, 7660b851-9671-46a6-9e1d-7d946f95d492:192.168.157.204:41682], old=null
2019-10-20 13:11:09,198 [7660b851-9671-46a6-9e1d-7d946f95d492@group-42C3DBE2B33D-LeaderElection3373] INFO  impl.LeaderElection (LeaderElection.java:askForVotes(178)) - 7660b851-9671-46a6-9e1d-7d946f95d492@group-42C3DBE2B33D-LeaderElection3373: begin an election at term 85 for -1: [fdf19479-69c2-4639-b68c-6adde78ca28a:192.168.157.204:42858, 1ac0a8d4-e534-43ce-83b1-426d47a3040d:192.168.157.204:32953, 7660b851-9671-46a6-9e1d-7d946f95d492:192.168.157.204:41682], old=null
2019-10-20 13:11:09,202 [grpc-default-executor-18] INFO  impl.RaftServerImpl (RaftServerImpl.java:setRole(184)) - fdf19479-69c2-4639-b68c-6adde78ca28a@group-42C3DBE2B33D: changes role from  FOLLOWER to FOLLOWER at term 85 for recognizeCandidate:7660b851-9671-46a6-9e1d-7d946f95d492
2019-10-20 13:11:09,202 [grpc-default-executor-18] INFO  impl.RoleInfo (RoleInfo.java:shutdownFollowerState(121)) - fdf19479-69c2-4639-b68c-6adde78ca28a: shutdown FollowerState
2019-10-20 13:11:09,202 [grpc-default-executor-18] INFO  impl.RoleInfo (RoleInfo.java:updateAndGet(143)) - fdf19479-69c2-4639-b68c-6adde78ca28a: start FollowerState
2019-10-20 13:11:09,203 [Thread-25160] INFO  impl.FollowerState (FollowerState.java:run(117)) - fdf19479-69c2-4639-b68c-6adde78ca28a@group-42C3DBE2B33D-FollowerState was interrupted: java.lang.InterruptedException: sleep interrupted
2019-10-20 13:11:09,203 [grpc-default-executor-10] INFO  impl.RaftServerImpl (RaftServerImpl.java:setRole(184)) - 1ac0a8d4-e534-43ce-83b1-426d47a3040d@group-42C3DBE2B33D: changes role from  FOLLOWER to FOLLOWER at term 85 for recognizeCandidate:7660b851-9671-46a6-9e1d-7d946f95d492
2019-10-20 13:11:09,203 [grpc-default-executor-10] INFO  impl.RoleInfo (RoleInfo.java:shutdownFollowerState(121)) - 1ac0a8d4-e534-43ce-83b1-426d47a3040d: shutdown FollowerState
2019-10-20 13:11:09,203 [Thread-25161] INFO  impl.FollowerState (FollowerState.java:run(117)) - 1ac0a8d4-e534-43ce-83b1-426d47a3040d@group-42C3DBE2B33D-FollowerState was interrupted: java.lang.InterruptedException: sleep interrupted
2019-10-20 13:11:09,203 [grpc-default-executor-10] INFO  impl.RoleInfo (RoleInfo.java:updateAndGet(143)) - 1ac0a8d4-e534-43ce-83b1-426d47a3040d: start FollowerState
2019-10-20 13:11:09,217 [7660b851-9671-46a6-9e1d-7d946f95d492@group-42C3DBE2B33D-LeaderElection3373] INFO  impl.LeaderElection (LeaderElection.java:logAndReturn(56)) - 7660b851-9671-46a6-9e1d-7d946f95d492@group-42C3DBE2B33D-LeaderElection3373: Election REJECTED; received 2 response(s) [7660b851-9671-46a6-9e1d-7d946f95d492<-fdf19479-69c2-4639-b68c-6adde78ca28a#0:FAIL-t85, 7660b851-9671-46a6-9e1d-7d946f95d492<-1ac0a8d4-e534-43ce-83b1-426d47a3040d#0:FAIL-t85] and 0 exception(s); 7660b851-9671-46a6-9e1d-7d946f95d492@group-42C3DBE2B33D:t85, leader=null, voted=7660b851-9671-46a6-9e1d-7d946f95d492, raftlog=7660b851-9671-46a6-9e1d-7d946f95d492@group-42C3DBE2B33D-SegmentedRaftLog:OPENED:c-1,f-1,i0, conf=-1: [fdf19479-69c2-4639-b68c-6adde78ca28a:192.168.157.204:42858, 1ac0a8d4-e534-43ce-83b1-426d47a3040d:192.168.157.204:32953, 7660b851-9671-46a6-9e1d-7d946f95d492:192.168.157.204:41682], old=null
2019-10-20 13:11:09,217 [7660b851-9671-46a6-9e1d-7d946f95d492@group-42C3DBE2B33D-LeaderElection3373] INFO  impl.RaftServerImpl (RaftServerImpl.java:setRole(184)) - 7660b851-9671-46a6-9e1d-7d946f95d492@group-42C3DBE2B33D: changes role from CANDIDATE to FOLLOWER at term 85 for DISCOVERED_A_NEW_TERM
2019-10-20 13:11:09,217 [7660b851-9671-46a6-9e1d-7d946f95d492@group-42C3DBE2B33D-LeaderElection3373] INFO  impl.RoleInfo (RoleInfo.java:shutdownLeaderElection(134)) - 7660b851-9671-46a6-9e1d-7d946f95d492: shutdown LeaderElection
2019-10-20 13:11:09,217 [7660b851-9671-46a6-9e1d-7d946f95d492@group-42C3DBE2B33D-LeaderElection3373] INFO  impl.RoleInfo (RoleInfo.java:updateAndGet(143)) - 7660b851-9671-46a6-9e1d-7d946f95d492: start FollowerState
2019-10-20 13:11:09,267 [Thread-25170] INFO  impl.FollowerState (FollowerState.java:run(108)) - 7660b851-9671-46a6-9e1d-7d946f95d492@group-42C3DBE2B33D-FollowerState: change to CANDIDATE, lastRpcTime:49ms, electionTimeout:49ms
2019-10-20 13:11:09,267 [Thread-25170] INFO  impl.RoleInfo (RoleInfo.java:shutdownFollowerState(121)) - 7660b851-9671-46a6-9e1d-7d946f95d492: shutdown FollowerState
2019-10-20 13:11:09,267 [Thread-25170] INFO  impl.RaftServerImpl (RaftServerImpl.java:setRole(184)) - 7660b851-9671-46a6-9e1d-7d946f95d492@group-42C3DBE2B33D: changes role from  FOLLOWER to CANDIDATE at term 85 for changeToCandidate
2019-10-20 13:11:09,267 [Thread-25170] INFO  impl.RoleInfo (RoleInfo.java:updateAndGet(143)) - 7660b851-9671-46a6-9e1d-7d946f95d492: start LeaderElection
2019-10-20 13:11:09,289 [7660b851-9671-46a6-9e1d-7d946f95d492@group-42C3DBE2B33D-LeaderElection3374] INFO  impl.LeaderElection (LeaderElection.java:askForVotes(178)) - 7660b851-9671-46a6-9e1d-7d946f95d492@group-42C3DBE2B33D-LeaderElection3374: begin an election at term 86 for -1: [fdf19479-69c2-4639-b68c-6adde78ca28a:192.168.157.204:42858, 1ac0a8d4-e534-43ce-83b1-426d47a3040d:192.168.157.204:32953, 7660b851-9671-46a6-9e1d-7d946f95d492:192.168.157.204:41682], old=null
2019-10-20 13:11:09,290 [grpc-default-executor-18] INFO  impl.RaftServerImpl (RaftServerImpl.java:setRole(184)) - fdf19479-69c2-4639-b68c-6adde78ca28a@group-42C3DBE2B33D: changes role from  FOLLOWER to FOLLOWER at term 86 for recognizeCandidate:7660b851-9671-46a6-9e1d-7d946f95d492
2019-10-20 13:11:09,290 [grpc-default-executor-10] INFO  impl.RaftServerImpl (RaftServerImpl.java:setRole(184)) - 1ac0a8d4-e534-43ce-83b1-426d47a3040d@group-42C3DBE2B33D: changes role from  FOLLOWER to FOLLOWER at term 86 for recognizeCandidate:7660b851-9671-46a6-9e1d-7d946f95d492
2019-10-20 13:11:09,291 [grpc-default-executor-10] INFO  impl.RoleInfo (RoleInfo.java:shutdownFollowerState(121)) - 1ac0a8d4-e534-43ce-83b1-426d47a3040d: shutdown FollowerState
2019-10-20 13:11:09,290 [grpc-default-executor-18] INFO  impl.RoleInfo (RoleInfo.java:shutdownFollowerState(121)) - fdf19479-69c2-4639-b68c-6adde78ca28a: shutdown FollowerState
2019-10-20 13:11:09,291 [Thread-25169] INFO  impl.FollowerState (FollowerState.java:run(117)) - 1ac0a8d4-e534-43ce-83b1-426d47a3040d@group-42C3DBE2B33D-FollowerState was interrupted: java.lang.InterruptedException: sleep interrupted
2019-10-20 13:11:09,291 [Thread-25167] INFO  impl.FollowerState (FollowerState.java:run(117)) - fdf19479-69c2-4639-b68c-6adde78ca28a@group-42C3DBE2B33D-FollowerState was interrupted: java.lang.InterruptedException: sleep interrupted
2019-10-20 13:11:09,291 [grpc-default-executor-10] INFO  impl.RoleInfo (RoleInfo.java:updateAndGet(143)) - 1ac0a8d4-e534-43ce-83b1-426d47a3040d: start FollowerState
2019-10-20 13:11:09,291 [grpc-default-executor-18] INFO  impl.RoleInfo (RoleInfo.java:updateAndGet(143)) - fdf19479-69c2-4639-b68c-6adde78ca28a: start FollowerState
2019-10-20 13:11:09,306 [7660b851-9671-46a6-9e1d-7d946f95d492@group-42C3DBE2B33D-LeaderElection3374] INFO  impl.LeaderElection (LeaderElection.java:logAndReturn(56)) - 7660b851-9671-46a6-9e1d-7d946f95d492@group-42C3DBE2B33D-LeaderElection3374: Election REJECTED; received 2 response(s) [7660b851-9671-46a6-9e1d-7d946f95d492<-fdf19479-69c2-4639-b68c-6adde78ca28a#0:FAIL-t86, 7660b851-9671-46a6-9e1d-7d946f95d492<-1ac0a8d4-e534-43ce-83b1-426d47a3040d#0:FAIL-t86] and 0 exception(s); 7660b851-9671-46a6-9e1d-7d946f95d492@group-42C3DBE2B33D:t86, leader=null, voted=7660b851-9671-46a6-9e1d-7d946f95d492, raftlog=7660b851-9671-46a6-9e1d-7d946f95d492@group-42C3DBE2B33D-SegmentedRaftLog:OPENED:c-1,f-1,i0, conf=-1: [fdf19479-69c2-4639-b68c-6adde78ca28a:192.168.157.204:42858, 1ac0a8d4-e534-43ce-83b1-426d47a3040d:192.168.157.204:32953, 7660b851-9671-46a6-9e1d-7d946f95d492:192.168.157.204:41682], old=null
2019-10-20 13:11:09,306 [7660b851-9671-46a6-9e1d-7d946f95d492@group-42C3DBE2B33D-LeaderElection3374] INFO  impl.RaftServerImpl (RaftServerImpl.java:setRole(184)) - 7660b851-9671-46a6-9e1d-7d946f95d492@group-42C3DBE2B33D: changes role from CANDIDATE to FOLLOWER at term 86 for DISCOVERED_A_NEW_TERM
2019-10-20 13:11:09,306 [7660b851-9671-46a6-9e1d-7d946f95d492@group-42C3DBE2B33D-LeaderElection3374] INFO  impl.RoleInfo (RoleInfo.java:shutdownLeaderElection(134)) - 7660b851-9671-46a6-9e1d-7d946f95d492: shutdown LeaderElection
2019-10-20 13:11:09,306 [7660b851-9671-46a6-9e1d-7d946f95d492@group-42C3DBE2B33D-LeaderElection3374] INFO  impl.RoleInfo (RoleInfo.java:updateAndGet(143)) - 7660b851-9671-46a6-9e1d-7d946f95d492: start FollowerState
2019-10-20 13:11:09,375 [Thread-25176] INFO  impl.FollowerState (FollowerState.java:run(108)) - 7660b851-9671-46a6-9e1d-7d946f95d492@group-42C3DBE2B33D-FollowerState: change to CANDIDATE, lastRpcTime:69ms, electionTimeout:69ms
2019-10-20 13:11:09,376 [Thread-25176] INFO  impl.RoleInfo (RoleInfo.java:shutdownFollowerState(121)) - 7660b851-9671-46a6-9e1d-7d946f95d492: shutdown FollowerState
2019-10-20 13:11:09,376 [Thread-25176] INFO  impl.RaftServerImpl (RaftServerImpl.java:setRole(184)) - 7660b851-9671-46a6-9e1d-7d946f95d492@group-42C3DBE2B33D: changes role from  FOLLOWER to CANDIDATE at term 86 for changeToCandidate
2019-10-20 13:11:09,376 [Thread-25176] INFO  impl.RoleInfo (RoleInfo.java:updateAndGet(143)) - 7660b851-9671-46a6-9e1d-7d946f95d492: start LeaderElection
2019-10-20 13:11:09,437 [7660b851-9671-46a6-9e1d-7d946f95d492@group-42C3DBE2B33D-LeaderElection3375] INFO  impl.LeaderElection (LeaderElection.java:askForVotes(178)) - 7660b851-9671-46a6-9e1d-7d946f95d492@group-42C3DBE2B33D-LeaderElection3375: begin an election at term 87 for -1: [fdf19479-69c2-4639-b68c-6adde78ca28a:192.168.157.204:42858, 1ac0a8d4-e534-43ce-83b1-426d47a3040d:192.168.157.204:32953, 7660b851-9671-46a6-9e1d-7d946f95d492:192.168.157.204:41682], old=null
2019-10-20 13:11:09,438 [grpc-default-executor-18] INFO  impl.RaftServerImpl (RaftServerImpl.java:setRole(184)) - fdf19479-69c2-4639-b68c-6adde78ca28a@group-42C3DBE2B33D: changes role from  FOLLOWER to FOLLOWER at term 87 for recognizeCandidate:7660b851-9671-46a6-9e1d-7d946f95d492
2019-10-20 13:11:09,439 [grpc-default-executor-18] INFO  impl.RoleInfo (RoleInfo.java:shutdownFollowerState(121)) - fdf19479-69c2-4639-b68c-6adde78ca28a: shutdown FollowerState
2019-10-20 13:11:09,439 [grpc-default-executor-10] INFO  impl.RaftServerImpl (RaftServerImpl.java:setRole(184)) - 1ac0a8d4-e534-43ce-83b1-426d47a3040d@group-42C3DBE2B33D: changes role from  FOLLOWER to FOLLOWER at term 87 for recognizeCandidate:7660b851-9671-46a6-9e1d-7d946f95d492
2019-10-20 13:11:09,439 [grpc-default-executor-10] INFO  impl.RoleInfo (RoleInfo.java:shutdownFollowerState(121)) - 1ac0a8d4-e534-43ce-83b1-426d47a3040d: shutdown FollowerState
2019-10-20 13:11:09,439 [Thread-25175] INFO  impl.FollowerState (FollowerState.java:run(117)) - fdf19479-69c2-4639-b68c-6adde78ca28a@group-42C3DBE2B33D-FollowerState was interrupted: java.lang.InterruptedException: sleep interrupted
2019-10-20 13:11:09,439 [grpc-default-executor-18] INFO  impl.RoleInfo (RoleInfo.java:updateAndGet(143)) - fdf19479-69c2-4639-b68c-6adde78ca28a: start FollowerState
2019-10-20 13:11:09,439 [Thread-25174] INFO  impl.FollowerState (FollowerState.java:run(117)) - 1ac0a8d4-e534-43ce-83b1-426d47a3040d@group-42C3DBE2B33D-FollowerState was interrupted: java.lang.InterruptedException: sleep interrupted
2019-10-20 13:11:09,439 [grpc-default-executor-10] INFO  impl.RoleInfo (RoleInfo.java:updateAndGet(143)) - 1ac0a8d4-e534-43ce-83b1-426d47a3040d: start FollowerState
2019-10-20 13:11:09,467 [7660b851-9671-46a6-9e1d-7d946f95d492@group-42C3DBE2B33D-LeaderElection3375] INFO  impl.LeaderElection (LeaderElection.java:logAndReturn(56)) - 7660b851-9671-46a6-9e1d-7d946f95d492@group-42C3DBE2B33D-LeaderElection3375: Election TIMEOUT; received 0 response(s) [] and 0 exception(s); 7660b851-9671-46a6-9e1d-7d946f95d492@group-42C3DBE2B33D:t87, leader=null, voted=7660b851-9671-46a6-9e1d-7d946f95d492, raftlog=7660b851-9671-46a6-9e1d-7d946f95d492@group-42C3DBE2B33D-SegmentedRaftLog:OPENED:c-1,f-1,i0, conf=-1: [fdf19479-69c2-4639-b68c-6adde78ca28a:192.168.157.204:42858, 1ac0a8d4-e534-43ce-83b1-426d47a3040d:192.168.157.204:32953, 7660b851-9671-46a6-9e1d-7d946f95d492:192.168.157.204:41682], old=null
2019-10-20 13:11:09,510 [7660b851-9671-46a6-9e1d-7d946f95d492@group-42C3DBE2B33D-LeaderElection3375] INFO  impl.LeaderElection (LeaderElection.java:askForVotes(178)) - 7660b851-9671-46a6-9e1d-7d946f95d492@group-42C3DBE2B33D-LeaderElection3375: begin an election at term 88 for -1: [fdf19479-69c2-4639-b68c-6adde78ca28a:192.168.157.204:42858, 1ac0a8d4-e534-43ce-83b1-426d47a3040d:192.168.157.204:32953, 7660b851-9671-46a6-9e1d-7d946f95d492:192.168.157.204:41682], old=null
2019-10-20 13:11:09,511 [grpc-default-executor-10] INFO  impl.RaftServerImpl (RaftServerImpl.java:setRole(184)) - fdf19479-69c2-4639-b68c-6adde78ca28a@group-42C3DBE2B33D: changes role from  FOLLOWER to FOLLOWER at term 88 for recognizeCandidate:7660b851-9671-46a6-9e1d-7d946f95d492
2019-10-20 13:11:09,511 [grpc-default-executor-18] INFO  impl.RaftServerImpl (RaftServerImpl.java:setRole(184)) - 1ac0a8d4-e534-43ce-83b1-426d47a3040d@group-42C3DBE2B33D: changes role from  FOLLOWER to FOLLOWER at term 88 for recognizeCandidate:7660b851-9671-46a6-9e1d-7d946f95d492
2019-10-20 13:11:09,511 [grpc-default-executor-18] INFO  impl.RoleInfo (RoleInfo.java:shutdownFollowerState(121)) - 1ac0a8d4-e534-43ce-83b1-426d47a3040d: shutdown FollowerState
2019-10-20 13:11:09,511 [grpc-default-executor-10] INFO  impl.RoleInfo (RoleInfo.java:shutdownFollowerState(121)) - fdf19479-69c2-4639-b68c-6adde78ca28a: shutdown FollowerState
2019-10-20 13:11:09,511 [grpc-default-executor-10] INFO  impl.RoleInfo (RoleInfo.java:updateAndGet(143)) - fdf19479-69c2-4639-b68c-6adde78ca28a: start FollowerState
2019-10-20 13:11:09,511 [Thread-25194] INFO  impl.FollowerState (FollowerState.java:run(117)) - 1ac0a8d4-e534-43ce-83b1-426d47a3040d@group-42C3DBE2B33D-FollowerState was interrupted: java.lang.InterruptedException: sleep interrupted
2019-10-20 13:11:09,511 [grpc-default-executor-18] INFO  impl.RoleInfo (RoleInfo.java:updateAndGet(143)) - 1ac0a8d4-e534-43ce-83b1-426d47a3040d: start FollowerState
2019-10-20 13:11:09,511 [Thread-25193] INFO  impl.FollowerState (FollowerState.java:run(117)) - fdf19479-69c2-4639-b68c-6adde78ca28a@group-42C3DBE2B33D-FollowerState was interrupted: java.lang.InterruptedException: sleep interrupted
2019-10-20 13:11:09,519 [7660b851-9671-46a6-9e1d-7d946f95d492@group-42C3DBE2B33D-LeaderElection3375] INFO  impl.LeaderElection (LeaderElection.java:logAndReturn(56)) - 7660b851-9671-46a6-9e1d-7d946f95d492@group-42C3DBE2B33D-LeaderElection3375: Election REJECTED; received 2 response(s) [7660b851-9671-46a6-9e1d-7d946f95d492<-fdf19479-69c2-4639-b68c-6adde78ca28a#0:FAIL-t88, 7660b851-9671-46a6-9e1d-7d946f95d492<-1ac0a8d4-e534-43ce-83b1-426d47a3040d#0:FAIL-t88] and 0 exception(s); 7660b851-9671-46a6-9e1d-7d946f95d492@group-42C3DBE2B33D:t88, leader=null, voted=7660b851-9671-46a6-9e1d-7d946f95d492, raftlog=7660b851-9671-46a6-9e1d-7d946f95d492@group-42C3DBE2B33D-SegmentedRaftLog:OPENED:c-1,f-1,i0, conf=-1: [fdf19479-69c2-4639-b68c-6adde78ca28a:192.168.157.204:42858, 1ac0a8d4-e534-43ce-83b1-426d47a3040d:192.168.157.204:32953, 7660b851-9671-46a6-9e1d-7d946f95d492:192.168.157.204:41682], old=null
2019-10-20 13:11:09,519 [7660b851-9671-46a6-9e1d-7d946f95d492@group-42C3DBE2B33D-LeaderElection3375] INFO  impl.RaftServerImpl (RaftServerImpl.java:setRole(184)) - 7660b851-9671-46a6-9e1d-7d946f95d492@group-42C3DBE2B33D: changes role from CANDIDATE to FOLLOWER at term 88 for DISCOVERED_A_NEW_TERM
2019-10-20 13:11:09,519 [7660b851-9671-46a6-9e1d-7d946f95d492@group-42C3DBE2B33D-LeaderElection3375] INFO  impl.RoleInfo (RoleInfo.java:shutdownLeaderElection(134)) - 7660b851-9671-46a6-9e1d-7d946f95d492: shutdown LeaderElection
2019-10-20 13:11:09,519 [7660b851-9671-46a6-9e1d-7d946f95d492@group-42C3DBE2B33D-LeaderElection3375] INFO  impl.RoleInfo (RoleInfo.java:updateAndGet(143)) - 7660b851-9671-46a6-9e1d-7d946f95d492: start FollowerState
2019-10-20 13:11:09,653 [Thread-25199] INFO  impl.FollowerState (FollowerState.java:run(108)) - 7660b851-9671-46a6-9e1d-7d946f95d492@group-42C3DBE2B33D-FollowerState: change to CANDIDATE, lastRpcTime:134ms, electionTimeout:134ms
2019-10-20 13:11:09,653 [Thread-25199] INFO  impl.RoleInfo (RoleInfo.java:shutdownFollowerState(121)) - 7660b851-9671-46a6-9e1d-7d946f95d492: shutdown FollowerState
2019-10-20 13:11:09,653 [Thread-25199] INFO  impl.RaftServerImpl (RaftServerImpl.java:setRole(184)) - 7660b851-9671-46a6-9e1d-7d946f95d492@group-42C3DBE2B33D: changes role from  FOLLOWER to CANDIDATE at term 88 for changeToCandidate
2019-10-20 13:11:09,654 [Thread-25199] INFO  impl.RoleInfo (RoleInfo.java:updateAndGet(143)) - 7660b851-9671-46a6-9e1d-7d946f95d492: start LeaderElection
2019-10-20 13:11:09,676 [7660b851-9671-46a6-9e1d-7d946f95d492@group-42C3DBE2B33D-LeaderElection3376] INFO  impl.LeaderElection (LeaderElection.java:askForVotes(178)) - 7660b851-9671-46a6-9e1d-7d946f95d492@group-42C3DBE2B33D-LeaderElection3376: begin an election at term 89 for -1: [fdf19479-69c2-4639-b68c-6adde78ca28a:192.168.157.204:42858, 1ac0a8d4-e534-43ce-83b1-426d47a3040d:192.168.157.204:32953, 7660b851-9671-46a6-9e1d-7d946f95d492:192.168.157.204:41682], old=null
2019-10-20 13:11:09,677 [grpc-default-executor-10] INFO  impl.RaftServerImpl (RaftServerImpl.java:setRole(184)) - fdf19479-69c2-4639-b68c-6adde78ca28a@group-42C3DBE2B33D: changes role from  FOLLOWER to FOLLOWER at term 89 for recognizeCandidate:7660b851-9671-46a6-9e1d-7d946f95d492
2019-10-20 13:11:09,678 [grpc-default-executor-10] INFO  impl.RoleInfo (RoleInfo.java:shutdownFollowerState(121)) - fdf19479-69c2-4639-b68c-6adde78ca28a: shutdown FollowerState
2019-10-20 13:11:09,677 [grpc-default-executor-18] INFO  impl.RaftServerImpl (RaftServerImpl.java:setRole(184)) - 1ac0a8d4-e534-43ce-83b1-426d47a3040d@group-42C3DBE2B33D: changes role from  FOLLOWER to FOLLOWER at term 89 for recognizeCandidate:7660b851-9671-46a6-9e1d-7d946f95d492
2019-10-20 13:11:09,678 [grpc-default-executor-18] INFO  impl.RoleInfo (RoleInfo.java:shutdownFollowerState(121)) - 1ac0a8d4-e534-43ce-83b1-426d47a3040d: shutdown FollowerState
2019-10-20 13:11:09,678 [grpc-default-executor-10] INFO  impl.RoleInfo (RoleInfo.java:updateAndGet(143)) - fdf19479-69c2-4639-b68c-6adde78ca28a: start FollowerState
2019-10-20 13:11:09,678 [Thread-25198] INFO  impl.FollowerState (FollowerState.java:run(117)) - fdf19479-69c2-4639-b68c-6adde78ca28a@group-42C3DBE2B33D-FollowerState was interrupted: java.lang.InterruptedException: sleep interrupted
2019-10-20 13:11:09,678 [Thread-25197] INFO  impl.FollowerState (FollowerState.java:run(117)) - 1ac0a8d4-e534-43ce-83b1-426d47a3040d@group-42C3DBE2B33D-FollowerState was interrupted: java.lang.InterruptedException: sleep interrupted
2019-10-20 13:11:09,678 [grpc-default-executor-18] INFO  impl.RoleInfo (RoleInfo.java:updateAndGet(143)) - 1ac0a8d4-e534-43ce-83b1-426d47a3040d: start FollowerState
2019-10-20 13:11:09,698 [7660b851-9671-46a6-9e1d-7d946f95d492@group-42C3DBE2B33D-LeaderElection3376] INFO  impl.LeaderElection (LeaderElection.java:logAndReturn(56)) - 7660b851-9671-46a6-9e1d-7d946f95d492@group-42C3DBE2B33D-LeaderElection3376: Election REJECTED; received 2 response(s) [7660b851-9671-46a6-9e1d-7d946f95d492<-fdf19479-69c2-4639-b68c-6adde78ca28a#0:FAIL-t89, 7660b851-9671-46a6-9e1d-7d946f95d492<-1ac0a8d4-e534-43ce-83b1-426d47a3040d#0:FAIL-t89] and 0 exception(s); 7660b851-9671-46a6-9e1d-7d946f95d492@group-42C3DBE2B33D:t89, leader=null, voted=7660b851-9671-46a6-9e1d-7d946f95d492, raftlog=7660b851-9671-46a6-9e1d-7d946f95d492@group-42C3DBE2B33D-SegmentedRaftLog:OPENED:c-1,f-1,i0, conf=-1: [fdf19479-69c2-4639-b68c-6adde78ca28a:192.168.157.204:42858, 1ac0a8d4-e534-43ce-83b1-426d47a3040d:192.168.157.204:32953, 7660b851-9671-46a6-9e1d-7d946f95d492:192.168.157.204:41682], old=null
2019-10-20 13:11:09,698 [7660b851-9671-46a6-9e1d-7d946f95d492@group-42C3DBE2B33D-LeaderElection3376] INFO  impl.RaftServerImpl (RaftServerImpl.java:setRole(184)) - 7660b851-9671-46a6-9e1d-7d946f95d492@group-42C3DBE2B33D: changes role from CANDIDATE to FOLLOWER at term 89 for DISCOVERED_A_NEW_TERM
2019-10-20 13:11:09,698 [7660b851-9671-46a6-9e1d-7d946f95d492@group-42C3DBE2B33D-LeaderElection3376] INFO  impl.RoleInfo (RoleInfo.java:shutdownLeaderElection(134)) - 7660b851-9671-46a6-9e1d-7d946f95d492: shutdown LeaderElection
2019-10-20 13:11:09,698 [7660b851-9671-46a6-9e1d-7d946f95d492@group-42C3DBE2B33D-LeaderElection3376] INFO  impl.RoleInfo (RoleInfo.java:updateAndGet(143)) - 7660b851-9671-46a6-9e1d-7d946f95d492: start FollowerState
2019-10-20 13:11:09,825 [Thread-25208] INFO  impl.FollowerState (FollowerState.java:run(108)) - 7660b851-9671-46a6-9e1d-7d946f95d492@group-42C3DBE2B33D-FollowerState: change to CANDIDATE, lastRpcTime:127ms, electionTimeout:127ms
2019-10-20 13:11:09,825 [Thread-25208] INFO  impl.RoleInfo (RoleInfo.java:shutdownFollowerState(121)) - 7660b851-9671-46a6-9e1d-7d946f95d492: shutdown FollowerState
2019-10-20 13:11:09,826 [Thread-25208] INFO  impl.RaftServerImpl (RaftServerImpl.java:setRole(184)) - 7660b851-9671-46a6-9e1d-7d946f95d492@group-42C3DBE2B33D: changes role from  FOLLOWER to CANDIDATE at term 89 for changeToCandidate
2019-10-20 13:11:09,826 [Thread-25208] INFO  impl.RoleInfo (RoleInfo.java:updateAndGet(143)) - 7660b851-9671-46a6-9e1d-7d946f95d492: start LeaderElection
2019-10-20 13:11:09,849 [7660b851-9671-46a6-9e1d-7d946f95d492@group-42C3DBE2B33D-LeaderElection3377] INFO  impl.LeaderElection (LeaderElection.java:askForVotes(178)) - 7660b851-9671-46a6-9e1d-7d946f95d492@group-42C3DBE2B33D-LeaderElection3377: begin an election at term 90 for -1: [fdf19479-69c2-4639-b68c-6adde78ca28a:192.168.157.204:42858, 1ac0a8d4-e534-43ce-83b1-426d47a3040d:192.168.157.204:32953, 7660b851-9671-46a6-9e1d-7d946f95d492:192.168.157.204:41682], old=null
2019-10-20 13:11:09,850 [grpc-default-executor-18] INFO  impl.RaftServerImpl (RaftServerImpl.java:setRole(184)) - fdf19479-69c2-4639-b68c-6adde78ca28a@group-42C3DBE2B33D: changes role from  FOLLOWER to FOLLOWER at term 90 for recognizeCandidate:7660b851-9671-46a6-9e1d-7d946f95d492
2019-10-20 13:11:09,850 [grpc-default-executor-10] INFO  impl.RaftServerImpl (RaftServerImpl.java:setRole(184)) - 1ac0a8d4-e534-43ce-83b1-426d47a3040d@group-42C3DBE2B33D: changes role from  FOLLOWER to FOLLOWER at term 90 for recognizeCandidate:7660b851-9671-46a6-9e1d-7d946f95d492
2019-10-20 13:11:09,850 [grpc-default-executor-10] INFO  impl.RoleInfo (RoleInfo.java:shutdownFollowerState(121)) - 1ac0a8d4-e534-43ce-83b1-426d47a3040d: shutdown FollowerState
2019-10-20 13:11:09,850 [grpc-default-executor-18] INFO  impl.RoleInfo (RoleInfo.java:shutdownFollowerState(121)) - fdf19479-69c2-4639-b68c-6adde78ca28a: shutdown FollowerState
2019-10-20 13:11:09,850 [grpc-default-executor-10] INFO  impl.RoleInfo (RoleInfo.java:updateAndGet(143)) - 1ac0a8d4-e534-43ce-83b1-426d47a3040d: start FollowerState
2019-10-20 13:11:09,850 [Thread-25207] INFO  impl.FollowerState (FollowerState.java:run(117)) - 1ac0a8d4-e534-43ce-83b1-426d47a3040d@group-42C3DBE2B33D-FollowerState was interrupted: java.lang.InterruptedException: sleep interrupted
2019-10-20 13:11:09,850 [grpc-default-executor-18] INFO  impl.RoleInfo (RoleInfo.java:updateAndGet(143)) - fdf19479-69c2-4639-b68c-6adde78ca28a: start FollowerState
2019-10-20 13:11:09,851 [Thread-25206] INFO  impl.FollowerState (FollowerState.java:run(117)) - fdf19479-69c2-4639-b68c-6adde78ca28a@group-42C3DBE2B33D-FollowerState was interrupted: java.lang.InterruptedException: sleep interrupted
2019-10-20 13:11:09,860 [7660b851-9671-46a6-9e1d-7d946f95d492@group-42C3DBE2B33D-LeaderElection3377] INFO  impl.LeaderElection (LeaderElection.java:logAndReturn(56)) - 7660b851-9671-46a6-9e1d-7d946f95d492@group-42C3DBE2B33D-LeaderElection3377: Election REJECTED; received 2 response(s) [7660b851-9671-46a6-9e1d-7d946f95d492<-fdf19479-69c2-4639-b68c-6adde78ca28a#0:FAIL-t90, 7660b851-9671-46a6-9e1d-7d946f95d492<-1ac0a8d4-e534-43ce-83b1-426d47a3040d#0:FAIL-t90] and 0 exception(s); 7660b851-9671-46a6-9e1d-7d946f95d492@group-42C3DBE2B33D:t90, leader=null, voted=7660b851-9671-46a6-9e1d-7d946f95d492, raftlog=7660b851-9671-46a6-9e1d-7d946f95d492@group-42C3DBE2B33D-SegmentedRaftLog:OPENED:c-1,f-1,i0, conf=-1: [fdf19479-69c2-4639-b68c-6adde78ca28a:192.168.157.204:42858, 1ac0a8d4-e534-43ce-83b1-426d47a3040d:192.168.157.204:32953, 7660b851-9671-46a6-9e1d-7d946f95d492:192.168.157.204:41682], old=null
2019-10-20 13:11:09,860 [7660b851-9671-46a6-9e1d-7d946f95d492@group-42C3DBE2B33D-LeaderElection3377] INFO  impl.RaftServerImpl (RaftServerImpl.java:setRole(184)) - 7660b851-9671-46a6-9e1d-7d946f95d492@group-42C3DBE2B33D: changes role from CANDIDATE to FOLLOWER at term 90 for DISCOVERED_A_NEW_TERM
2019-10-20 13:11:09,860 [7660b851-9671-46a6-9e1d-7d946f95d492@group-42C3DBE2B33D-LeaderElection3377] INFO  impl.RoleInfo (RoleInfo.java:shutdownLeaderElection(134)) - 7660b851-9671-46a6-9e1d-7d946f95d492: shutdown LeaderElection
2019-10-20 13:11:09,860 [7660b851-9671-46a6-9e1d-7d946f95d492@group-42C3DBE2B33D-LeaderElection3377] INFO  impl.RoleInfo (RoleInfo.java:updateAndGet(143)) - 7660b851-9671-46a6-9e1d-7d946f95d492: start FollowerState
2019-10-20 13:11:10,001 [Thread-25214] INFO  impl.FollowerState (FollowerState.java:run(108)) - 7660b851-9671-46a6-9e1d-7d946f95d492@group-42C3DBE2B33D-FollowerState: change to CANDIDATE, lastRpcTime:141ms, electionTimeout:141ms
2019-10-20 13:11:10,002 [Thread-25214] INFO  impl.RoleInfo (RoleInfo.java:shutdownFollowerState(121)) - 7660b851-9671-46a6-9e1d-7d946f95d492: shutdown FollowerState
2019-10-20 13:11:10,002 [Thread-25214] INFO  impl.RaftServerImpl (RaftServerImpl.java:setRole(184)) - 7660b851-9671-46a6-9e1d-7d946f95d492@group-42C3DBE2B33D: changes role from  FOLLOWER to CANDIDATE at term 90 for changeToCandidate
2019-10-20 13:11:10,002 [Thread-25214] INFO  impl.RoleInfo (RoleInfo.java:updateAndGet(143)) - 7660b851-9671-46a6-9e1d-7d946f95d492: start LeaderElection
2019-10-20 13:11:10,016 [7660b851-9671-46a6-9e1d-7d946f95d492@group-42C3DBE2B33D-LeaderElection3378] INFO  impl.LeaderElection (LeaderElection.java:askForVotes(178)) - 7660b851-9671-46a6-9e1d-7d946f95d492@group-42C3DBE2B33D-LeaderElection3378: begin an election at term 91 for -1: [fdf19479-69c2-4639-b68c-6adde78ca28a:192.168.157.204:42858, 1ac0a8d4-e534-43ce-83b1-426d47a3040d:192.168.157.204:32953, 7660b851-9671-46a6-9e1d-7d946f95d492:192.168.157.204:41682], old=null
2019-10-20 13:11:10,017 [grpc-default-executor-10] INFO  impl.RaftServerImpl (RaftServerImpl.java:setRole(184)) - fdf19479-69c2-4639-b68c-6adde78ca28a@group-42C3DBE2B33D: changes role from  FOLLOWER to FOLLOWER at term 91 for recognizeCandidate:7660b851-9671-46a6-9e1d-7d946f95d492
2019-10-20 13:11:10,017 [grpc-default-executor-10] INFO  impl.RoleInfo (RoleInfo.java:shutdownFollowerState(121)) - fdf19479-69c2-4639-b68c-6adde78ca28a: shutdown FollowerState
2019-10-20 13:11:10,017 [grpc-default-executor-18] INFO  impl.RaftServerImpl (RaftServerImpl.java:setRole(184)) - 1ac0a8d4-e534-43ce-83b1-426d47a3040d@group-42C3DBE2B33D: changes role from  FOLLOWER to FOLLOWER at term 91 for recognizeCandidate:7660b851-9671-46a6-9e1d-7d946f95d492
2019-10-20 13:11:10,017 [grpc-default-executor-18] INFO  impl.RoleInfo (RoleInfo.java:shutdownFollowerState(121)) - 1ac0a8d4-e534-43ce-83b1-426d47a3040d: shutdown FollowerState
2019-10-20 13:11:10,018 [grpc-default-executor-18] INFO  impl.RoleInfo (RoleInfo.java:updateAndGet(143)) - 1ac0a8d4-e534-43ce-83b1-426d47a3040d: start FollowerState
2019-10-20 13:11:10,017 [Thread-25213] INFO  impl.FollowerState (FollowerState.java:run(117)) - fdf19479-69c2-4639-b68c-6adde78ca28a@group-42C3DBE2B33D-FollowerState was interrupted: java.lang.InterruptedException: sleep interrupted
2019-10-20 13:11:10,017 [grpc-default-executor-10] INFO  impl.RoleInfo (RoleInfo.java:updateAndGet(143)) - fdf19479-69c2-4639-b68c-6adde78ca28a: start FollowerState
2019-10-20 13:11:10,018 [Thread-25212] INFO  impl.FollowerState (FollowerState.java:run(117)) - 1ac0a8d4-e534-43ce-83b1-426d47a3040d@group-42C3DBE2B33D-FollowerState was interrupted: java.lang.InterruptedException: sleep interrupted
2019-10-20 13:11:10,032 [7660b851-9671-46a6-9e1d-7d946f95d492@group-42C3DBE2B33D-LeaderElection3378] INFO  impl.LeaderElection (LeaderElection.java:logAndReturn(56)) - 7660b851-9671-46a6-9e1d-7d946f95d492@group-42C3DBE2B33D-LeaderElection3378: Election REJECTED; received 2 response(s) [7660b851-9671-46a6-9e1d-7d946f95d492<-fdf19479-69c2-4639-b68c-6adde78ca28a#0:FAIL-t91, 7660b851-9671-46a6-9e1d-7d946f95d492<-1ac0a8d4-e534-43ce-83b1-426d47a3040d#0:FAIL-t91] and 0 exception(s); 7660b851-9671-46a6-9e1d-7d946f95d492@group-42C3DBE2B33D:t91, leader=null, voted=7660b851-9671-46a6-9e1d-7d946f95d492, raftlog=7660b851-9671-46a6-9e1d-7d946f95d492@group-42C3DBE2B33D-SegmentedRaftLog:OPENED:c-1,f-1,i0, conf=-1: [fdf19479-69c2-4639-b68c-6adde78ca28a:192.168.157.204:42858, 1ac0a8d4-e534-43ce-83b1-426d47a3040d:192.168.157.204:32953, 7660b851-9671-46a6-9e1d-7d946f95d492:192.168.157.204:41682], old=null
2019-10-20 13:11:10,032 [7660b851-9671-46a6-9e1d-7d946f95d492@group-42C3DBE2B33D-LeaderElection3378] INFO  impl.RaftServerImpl (RaftServerImpl.java:setRole(184)) - 7660b851-9671-46a6-9e1d-7d946f95d492@group-42C3DBE2B33D: changes role from CANDIDATE to FOLLOWER at term 91 for DISCOVERED_A_NEW_TERM
2019-10-20 13:11:10,032 [7660b851-9671-46a6-9e1d-7d946f95d492@group-42C3DBE2B33D-LeaderElection3378] INFO  impl.RoleInfo (RoleInfo.java:shutdownLeaderElection(134)) - 7660b851-9671-46a6-9e1d-7d946f95d492: shutdown LeaderElection
2019-10-20 13:11:10,032 [7660b851-9671-46a6-9e1d-7d946f95d492@group-42C3DBE2B33D-LeaderElection3378] INFO  impl.RoleInfo (RoleInfo.java:updateAndGet(143)) - 7660b851-9671-46a6-9e1d-7d946f95d492: start FollowerState
2019-10-20 13:11:10,099 [Datanode State Machine Thread - 0] INFO  statemachine.DatanodeStateMachine (DatanodeStateMachine.java:lambda$startDaemon$0(350)) - Ozone container server started.
2019-10-20 13:11:10,202 [Thread-25222] INFO  impl.FollowerState (FollowerState.java:run(108)) - 7660b851-9671-46a6-9e1d-7d946f95d492@group-42C3DBE2B33D-FollowerState: change to CANDIDATE, lastRpcTime:169ms, electionTimeout:169ms
2019-10-20 13:11:10,202 [Thread-25222] INFO  impl.RoleInfo (RoleInfo.java:shutdownFollowerState(121)) - 7660b851-9671-46a6-9e1d-7d946f95d492: shutdown FollowerState
2019-10-20 13:11:10,202 [Thread-25222] INFO  impl.RaftServerImpl (RaftServerImpl.java:setRole(184)) - 7660b851-9671-46a6-9e1d-7d946f95d492@group-42C3DBE2B33D: changes role from  FOLLOWER to CANDIDATE at term 91 for changeToCandidate
2019-10-20 13:11:10,202 [Thread-25222] INFO  impl.RoleInfo (RoleInfo.java:updateAndGet(143)) - 7660b851-9671-46a6-9e1d-7d946f95d492: start LeaderElection
2019-10-20 13:11:10,215 [7660b851-9671-46a6-9e1d-7d946f95d492@group-42C3DBE2B33D-LeaderElection3379] INFO  impl.LeaderElection (LeaderElection.java:askForVotes(178)) - 7660b851-9671-46a6-9e1d-7d946f95d492@group-42C3DBE2B33D-LeaderElection3379: begin an election at term 92 for -1: [fdf19479-69c2-4639-b68c-6adde78ca28a:192.168.157.204:42858, 1ac0a8d4-e534-43ce-83b1-426d47a3040d:192.168.157.204:32953, 7660b851-9671-46a6-9e1d-7d946f95d492:192.168.157.204:41682], old=null
2019-10-20 13:11:10,216 [grpc-default-executor-10] INFO  impl.RaftServerImpl (RaftServerImpl.java:setRole(184)) - fdf19479-69c2-4639-b68c-6adde78ca28a@group-42C3DBE2B33D: changes role from  FOLLOWER to FOLLOWER at term 92 for recognizeCandidate:7660b851-9671-46a6-9e1d-7d946f95d492
2019-10-20 13:11:10,216 [grpc-default-executor-10] INFO  impl.RoleInfo (RoleInfo.java:shutdownFollowerState(121)) - fdf19479-69c2-4639-b68c-6adde78ca28a: shutdown FollowerState
2019-10-20 13:11:10,216 [grpc-default-executor-18] INFO  impl.RaftServerImpl (RaftServerImpl.java:setRole(184)) - 1ac0a8d4-e534-43ce-83b1-426d47a3040d@group-42C3DBE2B33D: changes role from  FOLLOWER to FOLLOWER at term 92 for recognizeCandidate:7660b851-9671-46a6-9e1d-7d946f95d492
2019-10-20 13:11:10,217 [Thread-25220] INFO  impl.FollowerState (FollowerState.java:run(117)) - fdf19479-69c2-4639-b68c-6adde78ca28a@group-42C3DBE2B33D-FollowerState was interrupted: java.lang.InterruptedException: sleep interrupted
2019-10-20 13:11:10,216 [grpc-default-executor-10] INFO  impl.RoleInfo (RoleInfo.java:updateAndGet(143)) - fdf19479-69c2-4639-b68c-6adde78ca28a: start FollowerState
2019-10-20 13:11:10,217 [grpc-default-executor-18] INFO  impl.RoleInfo (RoleInfo.java:shutdownFollowerState(121)) - 1ac0a8d4-e534-43ce-83b1-426d47a3040d: shutdown FollowerState
2019-10-20 13:11:10,217 [grpc-default-executor-18] INFO  impl.RoleInfo (RoleInfo.java:updateAndGet(143)) - 1ac0a8d4-e534-43ce-83b1-426d47a3040d: start FollowerState
2019-10-20 13:11:10,217 [Thread-25221] INFO  impl.FollowerState (FollowerState.java:run(117)) - 1ac0a8d4-e534-43ce-83b1-426d47a3040d@group-42C3DBE2B33D-FollowerState was interrupted: java.lang.InterruptedException: sleep interrupted
2019-10-20 13:11:10,235 [7660b851-9671-46a6-9e1d-7d946f95d492@group-42C3DBE2B33D-LeaderElection3379] INFO  impl.LeaderElection (LeaderElection.java:logAndReturn(56)) - 7660b851-9671-46a6-9e1d-7d946f95d492@group-42C3DBE2B33D-LeaderElection3379: Election REJECTED; received 2 response(s) [7660b851-9671-46a6-9e1d-7d946f95d492<-fdf19479-69c2-4639-b68c-6adde78ca28a#0:FAIL-t92, 7660b851-9671-46a6-9e1d-7d946f95d492<-1ac0a8d4-e534-43ce-83b1-426d47a3040d#0:FAIL-t92] and 0 exception(s); 7660b851-9671-46a6-9e1d-7d946f95d492@group-42C3DBE2B33D:t92, leader=null, voted=7660b851-9671-46a6-9e1d-7d946f95d492, raftlog=7660b851-9671-46a6-9e1d-7d946f95d492@group-42C3DBE2B33D-SegmentedRaftLog:OPENED:c-1,f-1,i0, conf=-1: [fdf19479-69c2-4639-b68c-6adde78ca28a:192.168.157.204:42858, 1ac0a8d4-e534-43ce-83b1-426d47a3040d:192.168.157.204:32953, 7660b851-9671-46a6-9e1d-7d946f95d492:192.168.157.204:41682], old=null
2019-10-20 13:11:10,235 [7660b851-9671-46a6-9e1d-7d946f95d492@group-42C3DBE2B33D-LeaderElection3379] INFO  impl.RaftServerImpl (RaftServerImpl.java:setRole(184)) - 7660b851-9671-46a6-9e1d-7d946f95d492@group-42C3DBE2B33D: changes role from CANDIDATE to FOLLOWER at term 92 for DISCOVERED_A_NEW_TERM
2019-10-20 13:11:10,235 [7660b851-9671-46a6-9e1d-7d946f95d492@group-42C3DBE2B33D-LeaderElection3379] INFO  impl.RoleInfo (RoleInfo.java:shutdownLeaderElection(134)) - 7660b851-9671-46a6-9e1d-7d946f95d492: shutdown LeaderElection
2019-10-20 13:11:10,235 [7660b851-9671-46a6-9e1d-7d946f95d492@group-42C3DBE2B33D-LeaderElection3379] INFO  impl.RoleInfo (RoleInfo.java:updateAndGet(143)) - 7660b851-9671-46a6-9e1d-7d946f95d492: start FollowerState
2019-10-20 13:11:10,262 [Thread-25230] INFO  impl.FollowerState (FollowerState.java:run(108)) - 7660b851-9671-46a6-9e1d-7d946f95d492@group-42C3DBE2B33D-FollowerState: change to CANDIDATE, lastRpcTime:26ms, electionTimeout:26ms
2019-10-20 13:11:10,262 [Thread-25230] INFO  impl.RoleInfo (RoleInfo.java:shutdownFollowerState(121)) - 7660b851-9671-46a6-9e1d-7d946f95d492: shutdown FollowerState
2019-10-20 13:11:10,262 [Thread-25230] INFO  impl.RaftServerImpl (RaftServerImpl.java:setRole(184)) - 7660b851-9671-46a6-9e1d-7d946f95d492@group-42C3DBE2B33D: changes role from  FOLLOWER to CANDIDATE at term 92 for changeToCandidate
2019-10-20 13:11:10,262 [Thread-25230] INFO  impl.RoleInfo (RoleInfo.java:updateAndGet(143)) - 7660b851-9671-46a6-9e1d-7d946f95d492: start LeaderElection
2019-10-20 13:11:10,275 [7660b851-9671-46a6-9e1d-7d946f95d492@group-42C3DBE2B33D-LeaderElection3380] INFO  impl.LeaderElection (LeaderElection.java:askForVotes(178)) - 7660b851-9671-46a6-9e1d-7d946f95d492@group-42C3DBE2B33D-LeaderElection3380: begin an election at term 93 for -1: [fdf19479-69c2-4639-b68c-6adde78ca28a:192.168.157.204:42858, 1ac0a8d4-e534-43ce-83b1-426d47a3040d:192.168.157.204:32953, 7660b851-9671-46a6-9e1d-7d946f95d492:192.168.157.204:41682], old=null
2019-10-20 13:11:10,276 [grpc-default-executor-18] INFO  impl.RaftServerImpl (RaftServerImpl.java:setRole(184)) - fdf19479-69c2-4639-b68c-6adde78ca28a@group-42C3DBE2B33D: changes role from  FOLLOWER to FOLLOWER at term 93 for recognizeCandidate:7660b851-9671-46a6-9e1d-7d946f95d492
2019-10-20 13:11:10,276 [grpc-default-executor-10] INFO  impl.RaftServerImpl (RaftServerImpl.java:setRole(184)) - 1ac0a8d4-e534-43ce-83b1-426d47a3040d@group-42C3DBE2B33D: changes role from  FOLLOWER to FOLLOWER at term 93 for recognizeCandidate:7660b851-9671-46a6-9e1d-7d946f95d492
2019-10-20 13:11:10,276 [grpc-default-executor-10] INFO  impl.RoleInfo (RoleInfo.java:shutdownFollowerState(121)) - 1ac0a8d4-e534-43ce-83b1-426d47a3040d: shutdown FollowerState
2019-10-20 13:11:10,276 [grpc-default-executor-18] INFO  impl.RoleInfo (RoleInfo.java:shutdownFollowerState(121)) - fdf19479-69c2-4639-b68c-6adde78ca28a: shutdown FollowerState
2019-10-20 13:11:10,276 [Thread-25229] INFO  impl.FollowerState (FollowerState.java:run(117)) - 1ac0a8d4-e534-43ce-83b1-426d47a3040d@group-42C3DBE2B33D-FollowerState was interrupted: java.lang.InterruptedException: sleep interrupted
2019-10-20 13:11:10,276 [Thread-25228] INFO  impl.FollowerState (FollowerState.java:run(117)) - fdf19479-69c2-4639-b68c-6adde78ca28a@group-42C3DBE2B33D-FollowerState was interrupted: java.lang.InterruptedException: sleep interrupted
2019-10-20 13:11:10,276 [grpc-default-executor-10] INFO  impl.RoleInfo (RoleInfo.java:updateAndGet(143)) - 1ac0a8d4-e534-43ce-83b1-426d47a3040d: start FollowerState
2019-10-20 13:11:10,276 [grpc-default-executor-18] INFO  impl.RoleInfo (RoleInfo.java:updateAndGet(143)) - fdf19479-69c2-4639-b68c-6adde78ca28a: start FollowerState
2019-10-20 13:11:10,290 [7660b851-9671-46a6-9e1d-7d946f95d492@group-42C3DBE2B33D-LeaderElection3380] INFO  impl.LeaderElection (LeaderElection.java:logAndReturn(56)) - 7660b851-9671-46a6-9e1d-7d946f95d492@group-42C3DBE2B33D-LeaderElection3380: Election REJECTED; received 2 response(s) [7660b851-9671-46a6-9e1d-7d946f95d492<-fdf19479-69c2-4639-b68c-6adde78ca28a#0:FAIL-t93, 7660b851-9671-46a6-9e1d-7d946f95d492<-1ac0a8d4-e534-43ce-83b1-426d47a3040d#0:FAIL-t93] and 0 exception(s); 7660b851-9671-46a6-9e1d-7d946f95d492@group-42C3DBE2B33D:t93, leader=null, voted=7660b851-9671-46a6-9e1d-7d946f95d492, raftlog=7660b851-9671-46a6-9e1d-7d946f95d492@group-42C3DBE2B33D-SegmentedRaftLog:OPENED:c-1,f-1,i0, conf=-1: [fdf19479-69c2-4639-b68c-6adde78ca28a:192.168.157.204:42858, 1ac0a8d4-e534-43ce-83b1-426d47a3040d:192.168.157.204:32953, 7660b851-9671-46a6-9e1d-7d946f95d492:192.168.157.204:41682], old=null
2019-10-20 13:11:10,290 [7660b851-9671-46a6-9e1d-7d946f95d492@group-42C3DBE2B33D-LeaderElection3380] INFO  impl.RaftServerImpl (RaftServerImpl.java:setRole(184)) - 7660b851-9671-46a6-9e1d-7d946f95d492@group-42C3DBE2B33D: changes role from CANDIDATE to FOLLOWER at term 93 for DISCOVERED_A_NEW_TERM
2019-10-20 13:11:10,290 [7660b851-9671-46a6-9e1d-7d946f95d492@group-42C3DBE2B33D-LeaderElection3380] INFO  impl.RoleInfo (RoleInfo.java:shutdownLeaderElection(134)) - 7660b851-9671-46a6-9e1d-7d946f95d492: shutdown LeaderElection
2019-10-20 13:11:10,290 [7660b851-9671-46a6-9e1d-7d946f95d492@group-42C3DBE2B33D-LeaderElection3380] INFO  impl.RoleInfo (RoleInfo.java:updateAndGet(143)) - 7660b851-9671-46a6-9e1d-7d946f95d492: start FollowerState
2019-10-20 13:11:10,294 [Thread-25236] INFO  impl.FollowerState (FollowerState.java:run(108)) - 7660b851-9671-46a6-9e1d-7d946f95d492@group-42C3DBE2B33D-FollowerState: change to CANDIDATE, lastRpcTime:3ms, electionTimeout:3ms
2019-10-20 13:11:10,294 [Thread-25236] INFO  impl.RoleInfo (RoleInfo.java:shutdownFollowerState(121)) - 7660b851-9671-46a6-9e1d-7d946f95d492: shutdown FollowerState
2019-10-20 13:11:10,294 [Thread-25236] INFO  impl.RaftServerImpl (RaftServerImpl.java:setRole(184)) - 7660b851-9671-46a6-9e1d-7d946f95d492@group-42C3DBE2B33D: changes role from  FOLLOWER to CANDIDATE at term 93 for changeToCandidate
2019-10-20 13:11:10,294 [Thread-25236] INFO  impl.RoleInfo (RoleInfo.java:updateAndGet(143)) - 7660b851-9671-46a6-9e1d-7d946f95d492: start LeaderElection
2019-10-20 13:11:10,307 [7660b851-9671-46a6-9e1d-7d946f95d492@group-42C3DBE2B33D-LeaderElection3381] INFO  impl.LeaderElection (LeaderElection.java:askForVotes(178)) - 7660b851-9671-46a6-9e1d-7d946f95d492@group-42C3DBE2B33D-LeaderElection3381: begin an election at term 94 for -1: [fdf19479-69c2-4639-b68c-6adde78ca28a:192.168.157.204:42858, 1ac0a8d4-e534-43ce-83b1-426d47a3040d:192.168.157.204:32953, 7660b851-9671-46a6-9e1d-7d946f95d492:192.168.157.204:41682], old=null
2019-10-20 13:11:10,308 [grpc-default-executor-10] INFO  impl.RaftServerImpl (RaftServerImpl.java:setRole(184)) - fdf19479-69c2-4639-b68c-6adde78ca28a@group-42C3DBE2B33D: changes role from  FOLLOWER to FOLLOWER at term 94 for recognizeCandidate:7660b851-9671-46a6-9e1d-7d946f95d492
2019-10-20 13:11:10,308 [grpc-default-executor-10] INFO  impl.RoleInfo (RoleInfo.java:shutdownFollowerState(121)) - fdf19479-69c2-4639-b68c-6adde78ca28a: shutdown FollowerState
2019-10-20 13:11:10,308 [grpc-default-executor-18] INFO  impl.RaftServerImpl (RaftServerImpl.java:setRole(184)) - 1ac0a8d4-e534-43ce-83b1-426d47a3040d@group-42C3DBE2B33D: changes role from  FOLLOWER to FOLLOWER at term 94 for recognizeCandidate:7660b851-9671-46a6-9e1d-7d946f95d492
2019-10-20 13:11:10,309 [grpc-default-executor-18] INFO  impl.RoleInfo (RoleInfo.java:shutdownFollowerState(121)) - 1ac0a8d4-e534-43ce-83b1-426d47a3040d: shutdown FollowerState
2019-10-20 13:11:10,308 [Thread-25235] INFO  impl.FollowerState (FollowerState.java:run(117)) - fdf19479-69c2-4639-b68c-6adde78ca28a@group-42C3DBE2B33D-FollowerState was interrupted: java.lang.InterruptedException: sleep interrupted
2019-10-20 13:11:10,308 [grpc-default-executor-10] INFO  impl.RoleInfo (RoleInfo.java:updateAndGet(143)) - fdf19479-69c2-4639-b68c-6adde78ca28a: start FollowerState
2019-10-20 13:11:10,309 [Thread-25234] INFO  impl.FollowerState (FollowerState.java:run(117)) - 1ac0a8d4-e534-43ce-83b1-426d47a3040d@group-42C3DBE2B33D-FollowerState was interrupted: java.lang.InterruptedException: sleep interrupted
2019-10-20 13:11:10,309 [grpc-default-executor-18] INFO  impl.RoleInfo (RoleInfo.java:updateAndGet(143)) - 1ac0a8d4-e534-43ce-83b1-426d47a3040d: start FollowerState
2019-10-20 13:11:10,323 [7660b851-9671-46a6-9e1d-7d946f95d492@group-42C3DBE2B33D-LeaderElection3381] INFO  impl.LeaderElection (LeaderElection.java:logAndReturn(56)) - 7660b851-9671-46a6-9e1d-7d946f95d492@group-42C3DBE2B33D-LeaderElection3381: Election REJECTED; received 2 response(s) [7660b851-9671-46a6-9e1d-7d946f95d492<-fdf19479-69c2-4639-b68c-6adde78ca28a#0:FAIL-t94, 7660b851-9671-46a6-9e1d-7d946f95d492<-1ac0a8d4-e534-43ce-83b1-426d47a3040d#0:FAIL-t94] and 0 exception(s); 7660b851-9671-46a6-9e1d-7d946f95d492@group-42C3DBE2B33D:t94, leader=null, voted=7660b851-9671-46a6-9e1d-7d946f95d492, raftlog=7660b851-9671-46a6-9e1d-7d946f95d492@group-42C3DBE2B33D-SegmentedRaftLog:OPENED:c-1,f-1,i0, conf=-1: [fdf19479-69c2-4639-b68c-6adde78ca28a:192.168.157.204:42858, 1ac0a8d4-e534-43ce-83b1-426d47a3040d:192.168.157.204:32953, 7660b851-9671-46a6-9e1d-7d946f95d492:192.168.157.204:41682], old=null
2019-10-20 13:11:10,323 [7660b851-9671-46a6-9e1d-7d946f95d492@group-42C3DBE2B33D-LeaderElection3381] INFO  impl.RaftServerImpl (RaftServerImpl.java:setRole(184)) - 7660b851-9671-46a6-9e1d-7d946f95d492@group-42C3DBE2B33D: changes role from CANDIDATE to FOLLOWER at term 94 for DISCOVERED_A_NEW_TERM
2019-10-20 13:11:10,323 [7660b851-9671-46a6-9e1d-7d946f95d492@group-42C3DBE2B33D-LeaderElection3381] INFO  impl.RoleInfo (RoleInfo.java:shutdownLeaderElection(134)) - 7660b851-9671-46a6-9e1d-7d946f95d492: shutdown LeaderElection
2019-10-20 13:11:10,323 [7660b851-9671-46a6-9e1d-7d946f95d492@group-42C3DBE2B33D-LeaderElection3381] INFO  impl.RoleInfo (RoleInfo.java:updateAndGet(143)) - 7660b851-9671-46a6-9e1d-7d946f95d492: start FollowerState
2019-10-20 13:11:10,341 [Thread-25242] INFO  impl.FollowerState (FollowerState.java:run(108)) - 7660b851-9671-46a6-9e1d-7d946f95d492@group-42C3DBE2B33D-FollowerState: change to CANDIDATE, lastRpcTime:18ms, electionTimeout:18ms
2019-10-20 13:11:10,341 [Thread-25242] INFO  impl.RoleInfo (RoleInfo.java:shutdownFollowerState(121)) - 7660b851-9671-46a6-9e1d-7d946f95d492: shutdown FollowerState
2019-10-20 13:11:10,341 [Thread-25242] INFO  impl.RaftServerImpl (RaftServerImpl.java:setRole(184)) - 7660b851-9671-46a6-9e1d-7d946f95d492@group-42C3DBE2B33D: changes role from  FOLLOWER to CANDIDATE at term 94 for changeToCandidate
2019-10-20 13:11:10,342 [Thread-25242] INFO  impl.RoleInfo (RoleInfo.java:updateAndGet(143)) - 7660b851-9671-46a6-9e1d-7d946f95d492: start LeaderElection
2019-10-20 13:11:10,354 [7660b851-9671-46a6-9e1d-7d946f95d492@group-42C3DBE2B33D-LeaderElection3382] INFO  impl.LeaderElection (LeaderElection.java:askForVotes(178)) - 7660b851-9671-46a6-9e1d-7d946f95d492@group-42C3DBE2B33D-LeaderElection3382: begin an election at term 95 for -1: [fdf19479-69c2-4639-b68c-6adde78ca28a:192.168.157.204:42858, 1ac0a8d4-e534-43ce-83b1-426d47a3040d:192.168.157.204:32953, 7660b851-9671-46a6-9e1d-7d946f95d492:192.168.157.204:41682], old=null
2019-10-20 13:11:10,355 [grpc-default-executor-10] INFO  impl.RaftServerImpl (RaftServerImpl.java:setRole(184)) - fdf19479-69c2-4639-b68c-6adde78ca28a@group-42C3DBE2B33D: changes role from  FOLLOWER to FOLLOWER at term 95 for recognizeCandidate:7660b851-9671-46a6-9e1d-7d946f95d492
2019-10-20 13:11:10,355 [grpc-default-executor-10] INFO  impl.RoleInfo (RoleInfo.java:shutdownFollowerState(121)) - fdf19479-69c2-4639-b68c-6adde78ca28a: shutdown FollowerState
2019-10-20 13:11:10,355 [grpc-default-executor-18] INFO  impl.RaftServerImpl (RaftServerImpl.java:setRole(184)) - 1ac0a8d4-e534-43ce-83b1-426d47a3040d@group-42C3DBE2B33D: changes role from  FOLLOWER to FOLLOWER at term 95 for recognizeCandidate:7660b851-9671-46a6-9e1d-7d946f95d492
2019-10-20 13:11:10,355 [grpc-default-executor-18] INFO  impl.RoleInfo (RoleInfo.java:shutdownFollowerState(121)) - 1ac0a8d4-e534-43ce-83b1-426d47a3040d: shutdown FollowerState
2019-10-20 13:11:10,355 [Thread-25240] INFO  impl.FollowerState (FollowerState.java:run(117)) - fdf19479-69c2-4639-b68c-6adde78ca28a@group-42C3DBE2B33D-FollowerState was interrupted: java.lang.InterruptedException: sleep interrupted
2019-10-20 13:11:10,355 [grpc-default-executor-10] INFO  impl.RoleInfo (RoleInfo.java:updateAndGet(143)) - fdf19479-69c2-4639-b68c-6adde78ca28a: start FollowerState
2019-10-20 13:11:10,355 [Thread-25241] INFO  impl.FollowerState (FollowerState.java:run(117)) - 1ac0a8d4-e534-43ce-83b1-426d47a3040d@group-42C3DBE2B33D-FollowerState was interrupted: java.lang.InterruptedException: sleep interrupted
2019-10-20 13:11:10,355 [grpc-default-executor-18] INFO  impl.RoleInfo (RoleInfo.java:updateAndGet(143)) - 1ac0a8d4-e534-43ce-83b1-426d47a3040d: start FollowerState
2019-10-20 13:11:10,369 [7660b851-9671-46a6-9e1d-7d946f95d492@group-42C3DBE2B33D-LeaderElection3382] INFO  impl.LeaderElection (LeaderElection.java:logAndReturn(56)) - 7660b851-9671-46a6-9e1d-7d946f95d492@group-42C3DBE2B33D-LeaderElection3382: Election REJECTED; received 2 response(s) [7660b851-9671-46a6-9e1d-7d946f95d492<-fdf19479-69c2-4639-b68c-6adde78ca28a#0:FAIL-t95, 7660b851-9671-46a6-9e1d-7d946f95d492<-1ac0a8d4-e534-43ce-83b1-426d47a3040d#0:FAIL-t95] and 0 exception(s); 7660b851-9671-46a6-9e1d-7d946f95d492@group-42C3DBE2B33D:t95, leader=null, voted=7660b851-9671-46a6-9e1d-7d946f95d492, raftlog=7660b851-9671-46a6-9e1d-7d946f95d492@group-42C3DBE2B33D-SegmentedRaftLog:OPENED:c-1,f-1,i0, conf=-1: [fdf19479-69c2-4639-b68c-6adde78ca28a:192.168.157.204:42858, 1ac0a8d4-e534-43ce-83b1-426d47a3040d:192.168.157.204:32953, 7660b851-9671-46a6-9e1d-7d946f95d492:192.168.157.204:41682], old=null
2019-10-20 13:11:10,369 [7660b851-9671-46a6-9e1d-7d946f95d492@group-42C3DBE2B33D-LeaderElection3382] INFO  impl.RaftServerImpl (RaftServerImpl.java:setRole(184)) - 7660b851-9671-46a6-9e1d-7d946f95d492@group-42C3DBE2B33D: changes role from CANDIDATE to FOLLOWER at term 95 for DISCOVERED_A_NEW_TERM
2019-10-20 13:11:10,369 [7660b851-9671-46a6-9e1d-7d946f95d492@group-42C3DBE2B33D-LeaderElection3382] INFO  impl.RoleInfo (RoleInfo.java:shutdownLeaderElection(134)) - 7660b851-9671-46a6-9e1d-7d946f95d492: shutdown LeaderElection
2019-10-20 13:11:10,369 [7660b851-9671-46a6-9e1d-7d946f95d492@group-42C3DBE2B33D-LeaderElection3382] INFO  impl.RoleInfo (RoleInfo.java:updateAndGet(143)) - 7660b851-9671-46a6-9e1d-7d946f95d492: start FollowerState
2019-10-20 13:11:10,570 [Thread-25249] INFO  impl.FollowerState (FollowerState.java:run(108)) - 7660b851-9671-46a6-9e1d-7d946f95d492@group-42C3DBE2B33D-FollowerState: change to CANDIDATE, lastRpcTime:200ms, electionTimeout:200ms
2019-10-20 13:11:10,570 [Thread-25249] INFO  impl.RoleInfo (RoleInfo.java:shutdownFollowerState(121)) - 7660b851-9671-46a6-9e1d-7d946f95d492: shutdown FollowerState
2019-10-20 13:11:10,570 [Thread-25249] INFO  impl.RaftServerImpl (RaftServerImpl.java:setRole(184)) - 7660b851-9671-46a6-9e1d-7d946f95d492@group-42C3DBE2B33D: changes role from  FOLLOWER to CANDIDATE at term 95 for changeToCandidate
2019-10-20 13:11:10,570 [Thread-25249] INFO  impl.RoleInfo (RoleInfo.java:updateAndGet(143)) - 7660b851-9671-46a6-9e1d-7d946f95d492: start LeaderElection
2019-10-20 13:11:10,583 [7660b851-9671-46a6-9e1d-7d946f95d492@group-42C3DBE2B33D-LeaderElection3383] INFO  impl.LeaderElection (LeaderElection.java:askForVotes(178)) - 7660b851-9671-46a6-9e1d-7d946f95d492@group-42C3DBE2B33D-LeaderElection3383: begin an election at term 96 for -1: [fdf19479-69c2-4639-b68c-6adde78ca28a:192.168.157.204:42858, 1ac0a8d4-e534-43ce-83b1-426d47a3040d:192.168.157.204:32953, 7660b851-9671-46a6-9e1d-7d946f95d492:192.168.157.204:41682], old=null
2019-10-20 13:11:10,584 [grpc-default-executor-10] INFO  impl.RaftServerImpl (RaftServerImpl.java:setRole(184)) - fdf19479-69c2-4639-b68c-6adde78ca28a@group-42C3DBE2B33D: changes role from  FOLLOWER to FOLLOWER at term 96 for recognizeCandidate:7660b851-9671-46a6-9e1d-7d946f95d492
2019-10-20 13:11:10,584 [grpc-default-executor-10] INFO  impl.RoleInfo (RoleInfo.java:shutdownFollowerState(121)) - fdf19479-69c2-4639-b68c-6adde78ca28a: shutdown FollowerState
2019-10-20 13:11:10,584 [grpc-default-executor-18] INFO  impl.RaftServerImpl (RaftServerImpl.java:setRole(184)) - 1ac0a8d4-e534-43ce-83b1-426d47a3040d@group-42C3DBE2B33D: changes role from  FOLLOWER to FOLLOWER at term 96 for recognizeCandidate:7660b851-9671-46a6-9e1d-7d946f95d492
2019-10-20 13:11:10,585 [grpc-default-executor-18] INFO  impl.RoleInfo (RoleInfo.java:shutdownFollowerState(121)) - 1ac0a8d4-e534-43ce-83b1-426d47a3040d: shutdown FollowerState
2019-10-20 13:11:10,585 [Thread-25246] INFO  impl.FollowerState (FollowerState.java:run(117)) - fdf19479-69c2-4639-b68c-6adde78ca28a@group-42C3DBE2B33D-FollowerState was interrupted: java.lang.InterruptedException: sleep interrupted
2019-10-20 13:11:10,585 [grpc-default-executor-10] INFO  impl.RoleInfo (RoleInfo.java:updateAndGet(143)) - fdf19479-69c2-4639-b68c-6adde78ca28a: start FollowerState
2019-10-20 13:11:10,585 [Thread-25247] INFO  impl.FollowerState (FollowerState.java:run(117)) - 1ac0a8d4-e534-43ce-83b1-426d47a3040d@group-42C3DBE2B33D-FollowerState was interrupted: java.lang.InterruptedException: sleep interrupted
2019-10-20 13:11:10,585 [grpc-default-executor-18] INFO  impl.RoleInfo (RoleInfo.java:updateAndGet(143)) - 1ac0a8d4-e534-43ce-83b1-426d47a3040d: start FollowerState
2019-10-20 13:11:10,608 [7660b851-9671-46a6-9e1d-7d946f95d492@group-42C3DBE2B33D-LeaderElection3383] INFO  impl.LeaderElection (LeaderElection.java:logAndReturn(56)) - 7660b851-9671-46a6-9e1d-7d946f95d492@group-42C3DBE2B33D-LeaderElection3383: Election REJECTED; received 2 response(s) [7660b851-9671-46a6-9e1d-7d946f95d492<-fdf19479-69c2-4639-b68c-6adde78ca28a#0:FAIL-t96, 7660b851-9671-46a6-9e1d-7d946f95d492<-1ac0a8d4-e534-43ce-83b1-426d47a3040d#0:FAIL-t96] and 0 exception(s); 7660b851-9671-46a6-9e1d-7d946f95d492@group-42C3DBE2B33D:t96, leader=null, voted=7660b851-9671-46a6-9e1d-7d946f95d492, raftlog=7660b851-9671-46a6-9e1d-7d946f95d492@group-42C3DBE2B33D-SegmentedRaftLog:OPENED:c-1,f-1,i0, conf=-1: [fdf19479-69c2-4639-b68c-6adde78ca28a:192.168.157.204:42858, 1ac0a8d4-e534-43ce-83b1-426d47a3040d:192.168.157.204:32953, 7660b851-9671-46a6-9e1d-7d946f95d492:192.168.157.204:41682], old=null
2019-10-20 13:11:10,608 [7660b851-9671-46a6-9e1d-7d946f95d492@group-42C3DBE2B33D-LeaderElection3383] INFO  impl.RaftServerImpl (RaftServerImpl.java:setRole(184)) - 7660b851-9671-46a6-9e1d-7d946f95d492@group-42C3DBE2B33D: changes role from CANDIDATE to FOLLOWER at term 96 for DISCOVERED_A_NEW_TERM
2019-10-20 13:11:10,608 [7660b851-9671-46a6-9e1d-7d946f95d492@group-42C3DBE2B33D-LeaderElection3383] INFO  impl.RoleInfo (RoleInfo.java:shutdownLeaderElection(134)) - 7660b851-9671-46a6-9e1d-7d946f95d492: shutdown LeaderElection
2019-10-20 13:11:10,608 [7660b851-9671-46a6-9e1d-7d946f95d492@group-42C3DBE2B33D-LeaderElection3383] INFO  impl.RoleInfo (RoleInfo.java:updateAndGet(143)) - 7660b851-9671-46a6-9e1d-7d946f95d492: start FollowerState
2019-10-20 13:11:10,660 [Thread-25258] INFO  impl.FollowerState (FollowerState.java:run(108)) - 7660b851-9671-46a6-9e1d-7d946f95d492@group-42C3DBE2B33D-FollowerState: change to CANDIDATE, lastRpcTime:52ms, electionTimeout:52ms
2019-10-20 13:11:10,660 [Thread-25258] INFO  impl.RoleInfo (RoleInfo.java:shutdownFollowerState(121)) - 7660b851-9671-46a6-9e1d-7d946f95d492: shutdown FollowerState
2019-10-20 13:11:10,661 [Thread-25258] INFO  impl.RaftServerImpl (RaftServerImpl.java:setRole(184)) - 7660b851-9671-46a6-9e1d-7d946f95d492@group-42C3DBE2B33D: changes role from  FOLLOWER to CANDIDATE at term 96 for changeToCandidate
2019-10-20 13:11:10,661 [Thread-25258] INFO  impl.RoleInfo (RoleInfo.java:updateAndGet(143)) - 7660b851-9671-46a6-9e1d-7d946f95d492: start LeaderElection
2019-10-20 13:11:10,673 [7660b851-9671-46a6-9e1d-7d946f95d492@group-42C3DBE2B33D-LeaderElection3384] INFO  impl.LeaderElection (LeaderElection.java:askForVotes(178)) - 7660b851-9671-46a6-9e1d-7d946f95d492@group-42C3DBE2B33D-LeaderElection3384: begin an election at term 97 for -1: [fdf19479-69c2-4639-b68c-6adde78ca28a:192.168.157.204:42858, 1ac0a8d4-e534-43ce-83b1-426d47a3040d:192.168.157.204:32953, 7660b851-9671-46a6-9e1d-7d946f95d492:192.168.157.204:41682], old=null
2019-10-20 13:11:10,674 [grpc-default-executor-10] INFO  impl.RaftServerImpl (RaftServerImpl.java:setRole(184)) - fdf19479-69c2-4639-b68c-6adde78ca28a@group-42C3DBE2B33D: changes role from  FOLLOWER to FOLLOWER at term 97 for recognizeCandidate:7660b851-9671-46a6-9e1d-7d946f95d492
2019-10-20 13:11:10,675 [grpc-default-executor-10] INFO  impl.RoleInfo (RoleInfo.java:shutdownFollowerState(121)) - fdf19479-69c2-4639-b68c-6adde78ca28a: shutdown FollowerState
2019-10-20 13:11:10,675 [grpc-default-executor-18] INFO  impl.RaftServerImpl (RaftServerImpl.java:setRole(184)) - 1ac0a8d4-e534-43ce-83b1-426d47a3040d@group-42C3DBE2B33D: changes role from  FOLLOWER to FOLLOWER at term 97 for recognizeCandidate:7660b851-9671-46a6-9e1d-7d946f95d492
2019-10-20 13:11:10,675 [grpc-default-executor-18] INFO  impl.RoleInfo (RoleInfo.java:shutdownFollowerState(121)) - 1ac0a8d4-e534-43ce-83b1-426d47a3040d: shutdown FollowerState
2019-10-20 13:11:10,675 [Thread-25254] INFO  impl.FollowerState (FollowerState.java:run(117)) - fdf19479-69c2-4639-b68c-6adde78ca28a@group-42C3DBE2B33D-FollowerState was interrupted: java.lang.InterruptedException: sleep interrupted
2019-10-20 13:11:10,675 [grpc-default-executor-10] INFO  impl.RoleInfo (RoleInfo.java:updateAndGet(143)) - fdf19479-69c2-4639-b68c-6adde78ca28a: start FollowerState
2019-10-20 13:11:10,675 [Thread-25255] INFO  impl.FollowerState (FollowerState.java:run(117)) - 1ac0a8d4-e534-43ce-83b1-426d47a3040d@group-42C3DBE2B33D-FollowerState was interrupted: java.lang.InterruptedException: sleep interrupted
2019-10-20 13:11:10,675 [grpc-default-executor-18] INFO  impl.RoleInfo (RoleInfo.java:updateAndGet(143)) - 1ac0a8d4-e534-43ce-83b1-426d47a3040d: start FollowerState
2019-10-20 13:11:10,689 [7660b851-9671-46a6-9e1d-7d946f95d492@group-42C3DBE2B33D-LeaderElection3384] INFO  impl.LeaderElection (LeaderElection.java:logAndReturn(56)) - 7660b851-9671-46a6-9e1d-7d946f95d492@group-42C3DBE2B33D-LeaderElection3384: Election REJECTED; received 2 response(s) [7660b851-9671-46a6-9e1d-7d946f95d492<-fdf19479-69c2-4639-b68c-6adde78ca28a#0:FAIL-t97, 7660b851-9671-46a6-9e1d-7d946f95d492<-1ac0a8d4-e534-43ce-83b1-426d47a3040d#0:FAIL-t97] and 0 exception(s); 7660b851-9671-46a6-9e1d-7d946f95d492@group-42C3DBE2B33D:t97, leader=null, voted=7660b851-9671-46a6-9e1d-7d946f95d492, raftlog=7660b851-9671-46a6-9e1d-7d946f95d492@group-42C3DBE2B33D-SegmentedRaftLog:OPENED:c-1,f-1,i0, conf=-1: [fdf19479-69c2-4639-b68c-6adde78ca28a:192.168.157.204:42858, 1ac0a8d4-e534-43ce-83b1-426d47a3040d:192.168.157.204:32953, 7660b851-9671-46a6-9e1d-7d946f95d492:192.168.157.204:41682], old=null
2019-10-20 13:11:10,689 [7660b851-9671-46a6-9e1d-7d946f95d492@group-42C3DBE2B33D-LeaderElection3384] INFO  impl.RaftServerImpl (RaftServerImpl.java:setRole(184)) - 7660b851-9671-46a6-9e1d-7d946f95d492@group-42C3DBE2B33D: changes role from CANDIDATE to FOLLOWER at term 97 for DISCOVERED_A_NEW_TERM
2019-10-20 13:11:10,689 [7660b851-9671-46a6-9e1d-7d946f95d492@group-42C3DBE2B33D-LeaderElection3384] INFO  impl.RoleInfo (RoleInfo.java:shutdownLeaderElection(134)) - 7660b851-9671-46a6-9e1d-7d946f95d492: shutdown LeaderElection
2019-10-20 13:11:10,689 [7660b851-9671-46a6-9e1d-7d946f95d492@group-42C3DBE2B33D-LeaderElection3384] INFO  impl.RoleInfo (RoleInfo.java:updateAndGet(143)) - 7660b851-9671-46a6-9e1d-7d946f95d492: start FollowerState
2019-10-20 13:11:10,786 [Thread-25264] INFO  impl.FollowerState (FollowerState.java:run(108)) - 7660b851-9671-46a6-9e1d-7d946f95d492@group-42C3DBE2B33D-FollowerState: change to CANDIDATE, lastRpcTime:96ms, electionTimeout:96ms
2019-10-20 13:11:10,786 [Thread-25264] INFO  impl.RoleInfo (RoleInfo.java:shutdownFollowerState(121)) - 7660b851-9671-46a6-9e1d-7d946f95d492: shutdown FollowerState
2019-10-20 13:11:10,786 [Thread-25264] INFO  impl.RaftServerImpl (RaftServerImpl.java:setRole(184)) - 7660b851-9671-46a6-9e1d-7d946f95d492@group-42C3DBE2B33D: changes role from  FOLLOWER to CANDIDATE at term 97 for changeToCandidate
2019-10-20 13:11:10,786 [Thread-25264] INFO  impl.RoleInfo (RoleInfo.java:updateAndGet(143)) - 7660b851-9671-46a6-9e1d-7d946f95d492: start LeaderElection
2019-10-20 13:11:10,799 [7660b851-9671-46a6-9e1d-7d946f95d492@group-42C3DBE2B33D-LeaderElection3385] INFO  impl.LeaderElection (LeaderElection.java:askForVotes(178)) - 7660b851-9671-46a6-9e1d-7d946f95d492@group-42C3DBE2B33D-LeaderElection3385: begin an election at term 98 for -1: [fdf19479-69c2-4639-b68c-6adde78ca28a:192.168.157.204:42858, 1ac0a8d4-e534-43ce-83b1-426d47a3040d:192.168.157.204:32953, 7660b851-9671-46a6-9e1d-7d946f95d492:192.168.157.204:41682], old=null
2019-10-20 13:11:10,800 [grpc-default-executor-18] INFO  impl.RaftServerImpl (RaftServerImpl.java:setRole(184)) - fdf19479-69c2-4639-b68c-6adde78ca28a@group-42C3DBE2B33D: changes role from  FOLLOWER to FOLLOWER at term 98 for recognizeCandidate:7660b851-9671-46a6-9e1d-7d946f95d492
2019-10-20 13:11:10,800 [grpc-default-executor-18] INFO  impl.RoleInfo (RoleInfo.java:shutdownFollowerState(121)) - fdf19479-69c2-4639-b68c-6adde78ca28a: shutdown FollowerState
2019-10-20 13:11:10,800 [grpc-default-executor-10] INFO  impl.RaftServerImpl (RaftServerImpl.java:setRole(184)) - 1ac0a8d4-e534-43ce-83b1-426d47a3040d@group-42C3DBE2B33D: changes role from  FOLLOWER to FOLLOWER at term 98 for recognizeCandidate:7660b851-9671-46a6-9e1d-7d946f95d492
2019-10-20 13:11:10,800 [grpc-default-executor-10] INFO  impl.RoleInfo (RoleInfo.java:shutdownFollowerState(121)) - 1ac0a8d4-e534-43ce-83b1-426d47a3040d: shutdown FollowerState
2019-10-20 13:11:10,800 [Thread-25262] INFO  impl.FollowerState (FollowerState.java:run(117)) - fdf19479-69c2-4639-b68c-6adde78ca28a@group-42C3DBE2B33D-FollowerState was interrupted: java.lang.InterruptedException: sleep interrupted
2019-10-20 13:11:10,800 [grpc-default-executor-18] INFO  impl.RoleInfo (RoleInfo.java:updateAndGet(143)) - fdf19479-69c2-4639-b68c-6adde78ca28a: start FollowerState
2019-10-20 13:11:10,801 [Thread-25263] INFO  impl.FollowerState (FollowerState.java:run(117)) - 1ac0a8d4-e534-43ce-83b1-426d47a3040d@group-42C3DBE2B33D-FollowerState was interrupted: java.lang.InterruptedException: sleep interrupted
2019-10-20 13:11:10,801 [grpc-default-executor-10] INFO  impl.RoleInfo (RoleInfo.java:updateAndGet(143)) - 1ac0a8d4-e534-43ce-83b1-426d47a3040d: start FollowerState
2019-10-20 13:11:10,827 [7660b851-9671-46a6-9e1d-7d946f95d492@group-42C3DBE2B33D-LeaderElection3385] INFO  impl.LeaderElection (LeaderElection.java:logAndReturn(56)) - 7660b851-9671-46a6-9e1d-7d946f95d492@group-42C3DBE2B33D-LeaderElection3385: Election REJECTED; received 2 response(s) [7660b851-9671-46a6-9e1d-7d946f95d492<-fdf19479-69c2-4639-b68c-6adde78ca28a#0:FAIL-t98, 7660b851-9671-46a6-9e1d-7d946f95d492<-1ac0a8d4-e534-43ce-83b1-426d47a3040d#0:FAIL-t98] and 0 exception(s); 7660b851-9671-46a6-9e1d-7d946f95d492@group-42C3DBE2B33D:t98, leader=null, voted=7660b851-9671-46a6-9e1d-7d946f95d492, raftlog=7660b851-9671-46a6-9e1d-7d946f95d492@group-42C3DBE2B33D-SegmentedRaftLog:OPENED:c-1,f-1,i0, conf=-1: [fdf19479-69c2-4639-b68c-6adde78ca28a:192.168.157.204:42858, 1ac0a8d4-e534-43ce-83b1-426d47a3040d:192.168.157.204:32953, 7660b851-9671-46a6-9e1d-7d946f95d492:192.168.157.204:41682], old=null
2019-10-20 13:11:10,827 [7660b851-9671-46a6-9e1d-7d946f95d492@group-42C3DBE2B33D-LeaderElection3385] INFO  impl.RaftServerImpl (RaftServerImpl.java:setRole(184)) - 7660b851-9671-46a6-9e1d-7d946f95d492@group-42C3DBE2B33D: changes role from CANDIDATE to FOLLOWER at term 98 for DISCOVERED_A_NEW_TERM
2019-10-20 13:11:10,827 [7660b851-9671-46a6-9e1d-7d946f95d492@group-42C3DBE2B33D-LeaderElection3385] INFO  impl.RoleInfo (RoleInfo.java:shutdownLeaderElection(134)) - 7660b851-9671-46a6-9e1d-7d946f95d492: shutdown LeaderElection
2019-10-20 13:11:10,828 [7660b851-9671-46a6-9e1d-7d946f95d492@group-42C3DBE2B33D-LeaderElection3385] INFO  impl.RoleInfo (RoleInfo.java:updateAndGet(143)) - 7660b851-9671-46a6-9e1d-7d946f95d492: start FollowerState
2019-10-20 13:11:10,971 [Thread-25270] INFO  impl.FollowerState (FollowerState.java:run(108)) - 7660b851-9671-46a6-9e1d-7d946f95d492@group-42C3DBE2B33D-FollowerState: change to CANDIDATE, lastRpcTime:143ms, electionTimeout:143ms
2019-10-20 13:11:10,971 [Thread-25270] INFO  impl.RoleInfo (RoleInfo.java:shutdownFollowerState(121)) - 7660b851-9671-46a6-9e1d-7d946f95d492: shutdown FollowerState
2019-10-20 13:11:10,971 [Thread-25270] INFO  impl.RaftServerImpl (RaftServerImpl.java:setRole(184)) - 7660b851-9671-46a6-9e1d-7d946f95d492@group-42C3DBE2B33D: changes role from  FOLLOWER to CANDIDATE at term 98 for changeToCandidate
2019-10-20 13:11:10,971 [Thread-25270] INFO  impl.RoleInfo (RoleInfo.java:updateAndGet(143)) - 7660b851-9671-46a6-9e1d-7d946f95d492: start LeaderElection
2019-10-20 13:11:10,993 [7660b851-9671-46a6-9e1d-7d946f95d492@group-42C3DBE2B33D-LeaderElection3386] INFO  impl.LeaderElection (LeaderElection.java:askForVotes(178)) - 7660b851-9671-46a6-9e1d-7d946f95d492@group-42C3DBE2B33D-LeaderElection3386: begin an election at term 99 for -1: [fdf19479-69c2-4639-b68c-6adde78ca28a:192.168.157.204:42858, 1ac0a8d4-e534-43ce-83b1-426d47a3040d:192.168.157.204:32953, 7660b851-9671-46a6-9e1d-7d946f95d492:192.168.157.204:41682], old=null
2019-10-20 13:11:10,994 [grpc-default-executor-10] INFO  impl.RaftServerImpl (RaftServerImpl.java:setRole(184)) - fdf19479-69c2-4639-b68c-6adde78ca28a@group-42C3DBE2B33D: changes role from  FOLLOWER to FOLLOWER at term 99 for recognizeCandidate:7660b851-9671-46a6-9e1d-7d946f95d492
2019-10-20 13:11:10,994 [grpc-default-executor-18] INFO  impl.RaftServerImpl (RaftServerImpl.java:setRole(184)) - 1ac0a8d4-e534-43ce-83b1-426d47a3040d@group-42C3DBE2B33D: changes role from  FOLLOWER to FOLLOWER at term 99 for recognizeCandidate:7660b851-9671-46a6-9e1d-7d946f95d492
2019-10-20 13:11:10,994 [grpc-default-executor-18] INFO  impl.RoleInfo (RoleInfo.java:shutdownFollowerState(121)) - 1ac0a8d4-e534-43ce-83b1-426d47a3040d: shutdown FollowerState
2019-10-20 13:11:10,994 [grpc-default-executor-10] INFO  impl.RoleInfo (RoleInfo.java:shutdownFollowerState(121)) - fdf19479-69c2-4639-b68c-6adde78ca28a: shutdown FollowerState
2019-10-20 13:11:10,994 [Thread-25269] INFO  impl.FollowerState (FollowerState.java:run(117)) - 1ac0a8d4-e534-43ce-83b1-426d47a3040d@group-42C3DBE2B33D-FollowerState was interrupted: java.lang.InterruptedException: sleep interrupted
2019-10-20 13:11:10,994 [grpc-default-executor-18] INFO  impl.RoleInfo (RoleInfo.java:updateAndGet(143)) - 1ac0a8d4-e534-43ce-83b1-426d47a3040d: start FollowerState
2019-10-20 13:11:10,995 [Thread-25268] INFO  impl.FollowerState (FollowerState.java:run(117)) - fdf19479-69c2-4639-b68c-6adde78ca28a@group-42C3DBE2B33D-FollowerState was interrupted: java.lang.InterruptedException: sleep interrupted
2019-10-20 13:11:10,994 [grpc-default-executor-10] INFO  impl.RoleInfo (RoleInfo.java:updateAndGet(143)) - fdf19479-69c2-4639-b68c-6adde78ca28a: start FollowerState
2019-10-20 13:11:10,997 [7660b851-9671-46a6-9e1d-7d946f95d492@group-42C3DBE2B33D-LeaderElection3386] INFO  impl.LeaderElection (LeaderElection.java:logAndReturn(56)) - 7660b851-9671-46a6-9e1d-7d946f95d492@group-42C3DBE2B33D-LeaderElection3386: Election TIMEOUT; received 0 response(s) [] and 0 exception(s); 7660b851-9671-46a6-9e1d-7d946f95d492@group-42C3DBE2B33D:t99, leader=null, voted=7660b851-9671-46a6-9e1d-7d946f95d492, raftlog=7660b851-9671-46a6-9e1d-7d946f95d492@group-42C3DBE2B33D-SegmentedRaftLog:OPENED:c-1,f-1,i0, conf=-1: [fdf19479-69c2-4639-b68c-6adde78ca28a:192.168.157.204:42858, 1ac0a8d4-e534-43ce-83b1-426d47a3040d:192.168.157.204:32953, 7660b851-9671-46a6-9e1d-7d946f95d492:192.168.157.204:41682], old=null
2019-10-20 13:11:11,008 [7660b851-9671-46a6-9e1d-7d946f95d492@group-42C3DBE2B33D-LeaderElection3386] INFO  impl.LeaderElection (LeaderElection.java:askForVotes(178)) - 7660b851-9671-46a6-9e1d-7d946f95d492@group-42C3DBE2B33D-LeaderElection3386: begin an election at term 100 for -1: [fdf19479-69c2-4639-b68c-6adde78ca28a:192.168.157.204:42858, 1ac0a8d4-e534-43ce-83b1-426d47a3040d:192.168.157.204:32953, 7660b851-9671-46a6-9e1d-7d946f95d492:192.168.157.204:41682], old=null
2019-10-20 13:11:11,009 [grpc-default-executor-18] INFO  impl.RaftServerImpl (RaftServerImpl.java:setRole(184)) - fdf19479-69c2-4639-b68c-6adde78ca28a@group-42C3DBE2B33D: changes role from  FOLLOWER to FOLLOWER at term 100 for recognizeCandidate:7660b851-9671-46a6-9e1d-7d946f95d492
2019-10-20 13:11:11,010 [grpc-default-executor-18] INFO  impl.RoleInfo (RoleInfo.java:shutdownFollowerState(121)) - fdf19479-69c2-4639-b68c-6adde78ca28a: shutdown FollowerState
2019-10-20 13:11:11,010 [grpc-default-executor-10] INFO  impl.RaftServerImpl (RaftServerImpl.java:setRole(184)) - 1ac0a8d4-e534-43ce-83b1-426d47a3040d@group-42C3DBE2B33D: changes role from  FOLLOWER to FOLLOWER at term 100 for recognizeCandidate:7660b851-9671-46a6-9e1d-7d946f95d492
2019-10-20 13:11:11,010 [grpc-default-executor-10] INFO  impl.RoleInfo (RoleInfo.java:shutdownFollowerState(121)) - 1ac0a8d4-e534-43ce-83b1-426d47a3040d: shutdown FollowerState
2019-10-20 13:11:11,010 [Thread-25277] INFO  impl.FollowerState (FollowerState.java:run(117)) - fdf19479-69c2-4639-b68c-6adde78ca28a@group-42C3DBE2B33D-FollowerState was interrupted: java.lang.InterruptedException: sleep interrupted
2019-10-20 13:11:11,010 [grpc-default-executor-18] INFO  impl.RoleInfo (RoleInfo.java:updateAndGet(143)) - fdf19479-69c2-4639-b68c-6adde78ca28a: start FollowerState
2019-10-20 13:11:11,010 [Thread-25276] INFO  impl.FollowerState (FollowerState.java:run(117)) - 1ac0a8d4-e534-43ce-83b1-426d47a3040d@group-42C3DBE2B33D-FollowerState was interrupted: java.lang.InterruptedException: sleep interrupted
2019-10-20 13:11:11,010 [grpc-default-executor-10] INFO  impl.RoleInfo (RoleInfo.java:updateAndGet(143)) - 1ac0a8d4-e534-43ce-83b1-426d47a3040d: start FollowerState
2019-10-20 13:11:11,024 [7660b851-9671-46a6-9e1d-7d946f95d492@group-42C3DBE2B33D-LeaderElection3386] INFO  impl.LeaderElection (LeaderElection.java:logAndReturn(56)) - 7660b851-9671-46a6-9e1d-7d946f95d492@group-42C3DBE2B33D-LeaderElection3386: Election REJECTED; received 2 response(s) [7660b851-9671-46a6-9e1d-7d946f95d492<-fdf19479-69c2-4639-b68c-6adde78ca28a#0:FAIL-t100, 7660b851-9671-46a6-9e1d-7d946f95d492<-1ac0a8d4-e534-43ce-83b1-426d47a3040d#0:FAIL-t100] and 0 exception(s); 7660b851-9671-46a6-9e1d-7d946f95d492@group-42C3DBE2B33D:t100, leader=null, voted=7660b851-9671-46a6-9e1d-7d946f95d492, raftlog=7660b851-9671-46a6-9e1d-7d946f95d492@group-42C3DBE2B33D-SegmentedRaftLog:OPENED:c-1,f-1,i0, conf=-1: [fdf19479-69c2-4639-b68c-6adde78ca28a:192.168.157.204:42858, 1ac0a8d4-e534-43ce-83b1-426d47a3040d:192.168.157.204:32953, 7660b851-9671-46a6-9e1d-7d946f95d492:192.168.157.204:41682], old=null
2019-10-20 13:11:11,024 [7660b851-9671-46a6-9e1d-7d946f95d492@group-42C3DBE2B33D-LeaderElection3386] INFO  impl.RaftServerImpl (RaftServerImpl.java:setRole(184)) - 7660b851-9671-46a6-9e1d-7d946f95d492@group-42C3DBE2B33D: changes role from CANDIDATE to FOLLOWER at term 100 for DISCOVERED_A_NEW_TERM
2019-10-20 13:11:11,024 [7660b851-9671-46a6-9e1d-7d946f95d492@group-42C3DBE2B33D-LeaderElection3386] INFO  impl.RoleInfo (RoleInfo.java:shutdownLeaderElection(134)) - 7660b851-9671-46a6-9e1d-7d946f95d492: shutdown LeaderElection
2019-10-20 13:11:11,024 [7660b851-9671-46a6-9e1d-7d946f95d492@group-42C3DBE2B33D-LeaderElection3386] INFO  impl.RoleInfo (RoleInfo.java:updateAndGet(143)) - 7660b851-9671-46a6-9e1d-7d946f95d492: start FollowerState
2019-10-20 13:11:11,025 [Thread-25282] INFO  impl.FollowerState (FollowerState.java:run(108)) - 7660b851-9671-46a6-9e1d-7d946f95d492@group-42C3DBE2B33D-FollowerState: change to CANDIDATE, lastRpcTime:0ms, electionTimeout:0ms
2019-10-20 13:11:11,025 [Thread-25282] INFO  impl.RoleInfo (RoleInfo.java:shutdownFollowerState(121)) - 7660b851-9671-46a6-9e1d-7d946f95d492: shutdown FollowerState
2019-10-20 13:11:11,025 [Thread-25282] INFO  impl.RaftServerImpl (RaftServerImpl.java:setRole(184)) - 7660b851-9671-46a6-9e1d-7d946f95d492@group-42C3DBE2B33D: changes role from  FOLLOWER to CANDIDATE at term 100 for changeToCandidate
2019-10-20 13:11:11,025 [Thread-25282] INFO  impl.RoleInfo (RoleInfo.java:updateAndGet(143)) - 7660b851-9671-46a6-9e1d-7d946f95d492: start LeaderElection
2019-10-20 13:11:11,038 [7660b851-9671-46a6-9e1d-7d946f95d492@group-42C3DBE2B33D-LeaderElection3387] INFO  impl.LeaderElection (LeaderElection.java:askForVotes(178)) - 7660b851-9671-46a6-9e1d-7d946f95d492@group-42C3DBE2B33D-LeaderElection3387: begin an election at term 101 for -1: [fdf19479-69c2-4639-b68c-6adde78ca28a:192.168.157.204:42858, 1ac0a8d4-e534-43ce-83b1-426d47a3040d:192.168.157.204:32953, 7660b851-9671-46a6-9e1d-7d946f95d492:192.168.157.204:41682], old=null
2019-10-20 13:11:11,039 [grpc-default-executor-10] INFO  impl.RaftServerImpl (RaftServerImpl.java:setRole(184)) - fdf19479-69c2-4639-b68c-6adde78ca28a@group-42C3DBE2B33D: changes role from  FOLLOWER to FOLLOWER at term 101 for recognizeCandidate:7660b851-9671-46a6-9e1d-7d946f95d492
2019-10-20 13:11:11,039 [grpc-default-executor-10] INFO  impl.RoleInfo (RoleInfo.java:shutdownFollowerState(121)) - fdf19479-69c2-4639-b68c-6adde78ca28a: shutdown FollowerState
2019-10-20 13:11:11,039 [grpc-default-executor-18] INFO  impl.RaftServerImpl (RaftServerImpl.java:setRole(184)) - 1ac0a8d4-e534-43ce-83b1-426d47a3040d@group-42C3DBE2B33D: changes role from  FOLLOWER to FOLLOWER at term 101 for recognizeCandidate:7660b851-9671-46a6-9e1d-7d946f95d492
2019-10-20 13:11:11,039 [grpc-default-executor-18] INFO  impl.RoleInfo (RoleInfo.java:shutdownFollowerState(121)) - 1ac0a8d4-e534-43ce-83b1-426d47a3040d: shutdown FollowerState
2019-10-20 13:11:11,039 [Thread-25280] INFO  impl.FollowerState (FollowerState.java:run(117)) - fdf19479-69c2-4639-b68c-6adde78ca28a@group-42C3DBE2B33D-FollowerState was interrupted: java.lang.InterruptedException: sleep interrupted
2019-10-20 13:11:11,039 [grpc-default-executor-10] INFO  impl.RoleInfo (RoleInfo.java:updateAndGet(143)) - fdf19479-69c2-4639-b68c-6adde78ca28a: start FollowerState
2019-10-20 13:11:11,039 [Thread-25281] INFO  impl.FollowerState (FollowerState.java:run(117)) - 1ac0a8d4-e534-43ce-83b1-426d47a3040d@group-42C3DBE2B33D-FollowerState was interrupted: java.lang.InterruptedException: sleep interrupted
2019-10-20 13:11:11,039 [grpc-default-executor-18] INFO  impl.RoleInfo (RoleInfo.java:updateAndGet(143)) - 1ac0a8d4-e534-43ce-83b1-426d47a3040d: start FollowerState
2019-10-20 13:11:11,056 [7660b851-9671-46a6-9e1d-7d946f95d492@group-42C3DBE2B33D-LeaderElection3387] INFO  impl.LeaderElection (LeaderElection.java:logAndReturn(56)) - 7660b851-9671-46a6-9e1d-7d946f95d492@group-42C3DBE2B33D-LeaderElection3387: Election REJECTED; received 2 response(s) [7660b851-9671-46a6-9e1d-7d946f95d492<-fdf19479-69c2-4639-b68c-6adde78ca28a#0:FAIL-t101, 7660b851-9671-46a6-9e1d-7d946f95d492<-1ac0a8d4-e534-43ce-83b1-426d47a3040d#0:FAIL-t101] and 0 exception(s); 7660b851-9671-46a6-9e1d-7d946f95d492@group-42C3DBE2B33D:t101, leader=null, voted=7660b851-9671-46a6-9e1d-7d946f95d492, raftlog=7660b851-9671-46a6-9e1d-7d946f95d492@group-42C3DBE2B33D-SegmentedRaftLog:OPENED:c-1,f-1,i0, conf=-1: [fdf19479-69c2-4639-b68c-6adde78ca28a:192.168.157.204:42858, 1ac0a8d4-e534-43ce-83b1-426d47a3040d:192.168.157.204:32953, 7660b851-9671-46a6-9e1d-7d946f95d492:192.168.157.204:41682], old=null
2019-10-20 13:11:11,056 [7660b851-9671-46a6-9e1d-7d946f95d492@group-42C3DBE2B33D-LeaderElection3387] INFO  impl.RaftServerImpl (RaftServerImpl.java:setRole(184)) - 7660b851-9671-46a6-9e1d-7d946f95d492@group-42C3DBE2B33D: changes role from CANDIDATE to FOLLOWER at term 101 for DISCOVERED_A_NEW_TERM
2019-10-20 13:11:11,056 [7660b851-9671-46a6-9e1d-7d946f95d492@group-42C3DBE2B33D-LeaderElection3387] INFO  impl.RoleInfo (RoleInfo.java:shutdownLeaderElection(134)) - 7660b851-9671-46a6-9e1d-7d946f95d492: shutdown LeaderElection
2019-10-20 13:11:11,056 [7660b851-9671-46a6-9e1d-7d946f95d492@group-42C3DBE2B33D-LeaderElection3387] INFO  impl.RoleInfo (RoleInfo.java:updateAndGet(143)) - 7660b851-9671-46a6-9e1d-7d946f95d492: start FollowerState
2019-10-20 13:11:11,068 [Thread-25288] INFO  impl.FollowerState (FollowerState.java:run(108)) - 7660b851-9671-46a6-9e1d-7d946f95d492@group-42C3DBE2B33D-FollowerState: change to CANDIDATE, lastRpcTime:12ms, electionTimeout:12ms
2019-10-20 13:11:11,068 [Thread-25288] INFO  impl.RoleInfo (RoleInfo.java:shutdownFollowerState(121)) - 7660b851-9671-46a6-9e1d-7d946f95d492: shutdown FollowerState
2019-10-20 13:11:11,068 [Thread-25288] INFO  impl.RaftServerImpl (RaftServerImpl.java:setRole(184)) - 7660b851-9671-46a6-9e1d-7d946f95d492@group-42C3DBE2B33D: changes role from  FOLLOWER to CANDIDATE at term 101 for changeToCandidate
2019-10-20 13:11:11,068 [Thread-25288] INFO  impl.RoleInfo (RoleInfo.java:updateAndGet(143)) - 7660b851-9671-46a6-9e1d-7d946f95d492: start LeaderElection
2019-10-20 13:11:11,090 [7660b851-9671-46a6-9e1d-7d946f95d492@group-42C3DBE2B33D-LeaderElection3388] INFO  impl.LeaderElection (LeaderElection.java:askForVotes(178)) - 7660b851-9671-46a6-9e1d-7d946f95d492@group-42C3DBE2B33D-LeaderElection3388: begin an election at term 102 for -1: [fdf19479-69c2-4639-b68c-6adde78ca28a:192.168.157.204:42858, 1ac0a8d4-e534-43ce-83b1-426d47a3040d:192.168.157.204:32953, 7660b851-9671-46a6-9e1d-7d946f95d492:192.168.157.204:41682], old=null
2019-10-20 13:11:11,091 [grpc-default-executor-10] INFO  impl.RaftServerImpl (RaftServerImpl.java:setRole(184)) - fdf19479-69c2-4639-b68c-6adde78ca28a@group-42C3DBE2B33D: changes role from  FOLLOWER to FOLLOWER at term 102 for recognizeCandidate:7660b851-9671-46a6-9e1d-7d946f95d492
2019-10-20 13:11:11,091 [grpc-default-executor-10] INFO  impl.RoleInfo (RoleInfo.java:shutdownFollowerState(121)) - fdf19479-69c2-4639-b68c-6adde78ca28a: shutdown FollowerState
2019-10-20 13:11:11,091 [grpc-default-executor-18] INFO  impl.RaftServerImpl (RaftServerImpl.java:setRole(184)) - 1ac0a8d4-e534-43ce-83b1-426d47a3040d@group-42C3DBE2B33D: changes role from  FOLLOWER to FOLLOWER at term 102 for recognizeCandidate:7660b851-9671-46a6-9e1d-7d946f95d492
2019-10-20 13:11:11,091 [grpc-default-executor-18] INFO  impl.RoleInfo (RoleInfo.java:shutdownFollowerState(121)) - 1ac0a8d4-e534-43ce-83b1-426d47a3040d: shutdown FollowerState
2019-10-20 13:11:11,091 [Thread-25286] INFO  impl.FollowerState (FollowerState.java:run(117)) - fdf19479-69c2-4639-b68c-6adde78ca28a@group-42C3DBE2B33D-FollowerState was interrupted: java.lang.InterruptedException: sleep interrupted
2019-10-20 13:11:11,091 [grpc-default-executor-10] INFO  impl.RoleInfo (RoleInfo.java:updateAndGet(143)) - fdf19479-69c2-4639-b68c-6adde78ca28a: start FollowerState
2019-10-20 13:11:11,091 [Thread-25287] INFO  impl.FollowerState (FollowerState.java:run(117)) - 1ac0a8d4-e534-43ce-83b1-426d47a3040d@group-42C3DBE2B33D-FollowerState was interrupted: java.lang.InterruptedException: sleep interrupted
2019-10-20 13:11:11,091 [grpc-default-executor-18] INFO  impl.RoleInfo (RoleInfo.java:updateAndGet(143)) - 1ac0a8d4-e534-43ce-83b1-426d47a3040d: start FollowerState
2019-10-20 13:11:11,106 [7660b851-9671-46a6-9e1d-7d946f95d492@group-42C3DBE2B33D-LeaderElection3388] INFO  impl.LeaderElection (LeaderElection.java:logAndReturn(56)) - 7660b851-9671-46a6-9e1d-7d946f95d492@group-42C3DBE2B33D-LeaderElection3388: Election REJECTED; received 2 response(s) [7660b851-9671-46a6-9e1d-7d946f95d492<-fdf19479-69c2-4639-b68c-6adde78ca28a#0:FAIL-t102, 7660b851-9671-46a6-9e1d-7d946f95d492<-1ac0a8d4-e534-43ce-83b1-426d47a3040d#0:FAIL-t102] and 0 exception(s); 7660b851-9671-46a6-9e1d-7d946f95d492@group-42C3DBE2B33D:t102, leader=null, voted=7660b851-9671-46a6-9e1d-7d946f95d492, raftlog=7660b851-9671-46a6-9e1d-7d946f95d492@group-42C3DBE2B33D-SegmentedRaftLog:OPENED:c-1,f-1,i0, conf=-1: [fdf19479-69c2-4639-b68c-6adde78ca28a:192.168.157.204:42858, 1ac0a8d4-e534-43ce-83b1-426d47a3040d:192.168.157.204:32953, 7660b851-9671-46a6-9e1d-7d946f95d492:192.168.157.204:41682], old=null
2019-10-20 13:11:11,106 [7660b851-9671-46a6-9e1d-7d946f95d492@group-42C3DBE2B33D-LeaderElection3388] INFO  impl.RaftServerImpl (RaftServerImpl.java:setRole(184)) - 7660b851-9671-46a6-9e1d-7d946f95d492@group-42C3DBE2B33D: changes role from CANDIDATE to FOLLOWER at term 102 for DISCOVERED_A_NEW_TERM
2019-10-20 13:11:11,106 [7660b851-9671-46a6-9e1d-7d946f95d492@group-42C3DBE2B33D-LeaderElection3388] INFO  impl.RoleInfo (RoleInfo.java:shutdownLeaderElection(134)) - 7660b851-9671-46a6-9e1d-7d946f95d492: shutdown LeaderElection
2019-10-20 13:11:11,106 [7660b851-9671-46a6-9e1d-7d946f95d492@group-42C3DBE2B33D-LeaderElection3388] INFO  impl.RoleInfo (RoleInfo.java:updateAndGet(143)) - 7660b851-9671-46a6-9e1d-7d946f95d492: start FollowerState
2019-10-20 13:11:11,168 [Thread-25296] INFO  impl.FollowerState (FollowerState.java:run(108)) - 7660b851-9671-46a6-9e1d-7d946f95d492@group-42C3DBE2B33D-FollowerState: change to CANDIDATE, lastRpcTime:62ms, electionTimeout:62ms
2019-10-20 13:11:11,168 [Thread-25296] INFO  impl.RoleInfo (RoleInfo.java:shutdownFollowerState(121)) - 7660b851-9671-46a6-9e1d-7d946f95d492: shutdown FollowerState
2019-10-20 13:11:11,168 [Thread-25296] INFO  impl.RaftServerImpl (RaftServerImpl.java:setRole(184)) - 7660b851-9671-46a6-9e1d-7d946f95d492@group-42C3DBE2B33D: changes role from  FOLLOWER to CANDIDATE at term 102 for changeToCandidate
2019-10-20 13:11:11,169 [Thread-25296] INFO  impl.RoleInfo (RoleInfo.java:updateAndGet(143)) - 7660b851-9671-46a6-9e1d-7d946f95d492: start LeaderElection
2019-10-20 13:11:11,182 [7660b851-9671-46a6-9e1d-7d946f95d492@group-42C3DBE2B33D-LeaderElection3389] INFO  impl.LeaderElection (LeaderElection.java:askForVotes(178)) - 7660b851-9671-46a6-9e1d-7d946f95d492@group-42C3DBE2B33D-LeaderElection3389: begin an election at term 103 for -1: [fdf19479-69c2-4639-b68c-6adde78ca28a:192.168.157.204:42858, 1ac0a8d4-e534-43ce-83b1-426d47a3040d:192.168.157.204:32953, 7660b851-9671-46a6-9e1d-7d946f95d492:192.168.157.204:41682], old=null
2019-10-20 13:11:11,184 [grpc-default-executor-18] INFO  impl.RaftServerImpl (RaftServerImpl.java:setRole(184)) - fdf19479-69c2-4639-b68c-6adde78ca28a@group-42C3DBE2B33D: changes role from  FOLLOWER to FOLLOWER at term 103 for recognizeCandidate:7660b851-9671-46a6-9e1d-7d946f95d492
2019-10-20 13:11:11,184 [grpc-default-executor-10] INFO  impl.RaftServerImpl (RaftServerImpl.java:setRole(184)) - 1ac0a8d4-e534-43ce-83b1-426d47a3040d@group-42C3DBE2B33D: changes role from  FOLLOWER to FOLLOWER at term 103 for recognizeCandidate:7660b851-9671-46a6-9e1d-7d946f95d492
2019-10-20 13:11:11,184 [grpc-default-executor-10] INFO  impl.RoleInfo (RoleInfo.java:shutdownFollowerState(121)) - 1ac0a8d4-e534-43ce-83b1-426d47a3040d: shutdown FollowerState
2019-10-20 13:11:11,184 [grpc-default-executor-18] INFO  impl.RoleInfo (RoleInfo.java:shutdownFollowerState(121)) - fdf19479-69c2-4639-b68c-6adde78ca28a: shutdown FollowerState
2019-10-20 13:11:11,184 [Thread-25293] INFO  impl.FollowerState (FollowerState.java:run(117)) - 1ac0a8d4-e534-43ce-83b1-426d47a3040d@group-42C3DBE2B33D-FollowerState was interrupted: java.lang.InterruptedException: sleep interrupted
2019-10-20 13:11:11,184 [Thread-25292] INFO  impl.FollowerState (FollowerState.java:run(117)) - fdf19479-69c2-4639-b68c-6adde78ca28a@group-42C3DBE2B33D-FollowerState was interrupted: java.lang.InterruptedException: sleep interrupted
2019-10-20 13:11:11,184 [grpc-default-executor-10] INFO  impl.RoleInfo (RoleInfo.java:updateAndGet(143)) - 1ac0a8d4-e534-43ce-83b1-426d47a3040d: start FollowerState
2019-10-20 13:11:11,184 [grpc-default-executor-18] INFO  impl.RoleInfo (RoleInfo.java:updateAndGet(143)) - fdf19479-69c2-4639-b68c-6adde78ca28a: start FollowerState
2019-10-20 13:11:11,198 [7660b851-9671-46a6-9e1d-7d946f95d492@group-42C3DBE2B33D-LeaderElection3389] INFO  impl.LeaderElection (LeaderElection.java:logAndReturn(56)) - 7660b851-9671-46a6-9e1d-7d946f95d492@group-42C3DBE2B33D-LeaderElection3389: Election REJECTED; received 2 response(s) [7660b851-9671-46a6-9e1d-7d946f95d492<-fdf19479-69c2-4639-b68c-6adde78ca28a#0:FAIL-t103, 7660b851-9671-46a6-9e1d-7d946f95d492<-1ac0a8d4-e534-43ce-83b1-426d47a3040d#0:FAIL-t103] and 0 exception(s); 7660b851-9671-46a6-9e1d-7d946f95d492@group-42C3DBE2B33D:t103, leader=null, voted=7660b851-9671-46a6-9e1d-7d946f95d492, raftlog=7660b851-9671-46a6-9e1d-7d946f95d492@group-42C3DBE2B33D-SegmentedRaftLog:OPENED:c-1,f-1,i0, conf=-1: [fdf19479-69c2-4639-b68c-6adde78ca28a:192.168.157.204:42858, 1ac0a8d4-e534-43ce-83b1-426d47a3040d:192.168.157.204:32953, 7660b851-9671-46a6-9e1d-7d946f95d492:192.168.157.204:41682], old=null
2019-10-20 13:11:11,199 [7660b851-9671-46a6-9e1d-7d946f95d492@group-42C3DBE2B33D-LeaderElection3389] INFO  impl.RaftServerImpl (RaftServerImpl.java:setRole(184)) - 7660b851-9671-46a6-9e1d-7d946f95d492@group-42C3DBE2B33D: changes role from CANDIDATE to FOLLOWER at term 103 for DISCOVERED_A_NEW_TERM
2019-10-20 13:11:11,199 [7660b851-9671-46a6-9e1d-7d946f95d492@group-42C3DBE2B33D-LeaderElection3389] INFO  impl.RoleInfo (RoleInfo.java:shutdownLeaderElection(134)) - 7660b851-9671-46a6-9e1d-7d946f95d492: shutdown LeaderElection
2019-10-20 13:11:11,199 [7660b851-9671-46a6-9e1d-7d946f95d492@group-42C3DBE2B33D-LeaderElection3389] INFO  impl.RoleInfo (RoleInfo.java:updateAndGet(143)) - 7660b851-9671-46a6-9e1d-7d946f95d492: start FollowerState
2019-10-20 13:11:11,249 [Thread-25302] INFO  impl.FollowerState (FollowerState.java:run(108)) - 7660b851-9671-46a6-9e1d-7d946f95d492@group-42C3DBE2B33D-FollowerState: change to CANDIDATE, lastRpcTime:50ms, electionTimeout:50ms
2019-10-20 13:11:11,250 [Thread-25302] INFO  impl.RoleInfo (RoleInfo.java:shutdownFollowerState(121)) - 7660b851-9671-46a6-9e1d-7d946f95d492: shutdown FollowerState
2019-10-20 13:11:11,250 [Thread-25302] INFO  impl.RaftServerImpl (RaftServerImpl.java:setRole(184)) - 7660b851-9671-46a6-9e1d-7d946f95d492@group-42C3DBE2B33D: changes role from  FOLLOWER to CANDIDATE at term 103 for changeToCandidate
2019-10-20 13:11:11,250 [Thread-25302] INFO  impl.RoleInfo (RoleInfo.java:updateAndGet(143)) - 7660b851-9671-46a6-9e1d-7d946f95d492: start LeaderElection
2019-10-20 13:11:11,264 [7660b851-9671-46a6-9e1d-7d946f95d492@group-42C3DBE2B33D-LeaderElection3390] INFO  impl.LeaderElection (LeaderElection.java:askForVotes(178)) - 7660b851-9671-46a6-9e1d-7d946f95d492@group-42C3DBE2B33D-LeaderElection3390: begin an election at term 104 for -1: [fdf19479-69c2-4639-b68c-6adde78ca28a:192.168.157.204:42858, 1ac0a8d4-e534-43ce-83b1-426d47a3040d:192.168.157.204:32953, 7660b851-9671-46a6-9e1d-7d946f95d492:192.168.157.204:41682], old=null
2019-10-20 13:11:11,265 [grpc-default-executor-10] INFO  impl.RaftServerImpl (RaftServerImpl.java:setRole(184)) - fdf19479-69c2-4639-b68c-6adde78ca28a@group-42C3DBE2B33D: changes role from  FOLLOWER to FOLLOWER at term 104 for recognizeCandidate:7660b851-9671-46a6-9e1d-7d946f95d492
2019-10-20 13:11:11,265 [grpc-default-executor-18] INFO  impl.RaftServerImpl (RaftServerImpl.java:setRole(184)) - 1ac0a8d4-e534-43ce-83b1-426d47a3040d@group-42C3DBE2B33D: changes role from  FOLLOWER to FOLLOWER at term 104 for recognizeCandidate:7660b851-9671-46a6-9e1d-7d946f95d492
2019-10-20 13:11:11,266 [grpc-default-executor-18] INFO  impl.RoleInfo (RoleInfo.java:shutdownFollowerState(121)) - 1ac0a8d4-e534-43ce-83b1-426d47a3040d: shutdown FollowerState
2019-10-20 13:11:11,266 [grpc-default-executor-10] INFO  impl.RoleInfo (RoleInfo.java:shutdownFollowerState(121)) - fdf19479-69c2-4639-b68c-6adde78ca28a: shutdown FollowerState
2019-10-20 13:11:11,266 [Thread-25300] INFO  impl.FollowerState (FollowerState.java:run(117)) - 1ac0a8d4-e534-43ce-83b1-426d47a3040d@group-42C3DBE2B33D-FollowerState was interrupted: java.lang.InterruptedException: sleep interrupted
2019-10-20 13:11:11,266 [grpc-default-executor-18] INFO  impl.RoleInfo (RoleInfo.java:updateAndGet(143)) - 1ac0a8d4-e534-43ce-83b1-426d47a3040d: start FollowerState
2019-10-20 13:11:11,266 [Thread-25301] INFO  impl.FollowerState (FollowerState.java:run(117)) - fdf19479-69c2-4639-b68c-6adde78ca28a@group-42C3DBE2B33D-FollowerState was interrupted: java.lang.InterruptedException: sleep interrupted
2019-10-20 13:11:11,266 [grpc-default-executor-10] INFO  impl.RoleInfo (RoleInfo.java:updateAndGet(143)) - fdf19479-69c2-4639-b68c-6adde78ca28a: start FollowerState
2019-10-20 13:11:11,280 [7660b851-9671-46a6-9e1d-7d946f95d492@group-42C3DBE2B33D-LeaderElection3390] INFO  impl.LeaderElection (LeaderElection.java:logAndReturn(56)) - 7660b851-9671-46a6-9e1d-7d946f95d492@group-42C3DBE2B33D-LeaderElection3390: Election REJECTED; received 2 response(s) [7660b851-9671-46a6-9e1d-7d946f95d492<-fdf19479-69c2-4639-b68c-6adde78ca28a#0:FAIL-t104, 7660b851-9671-46a6-9e1d-7d946f95d492<-1ac0a8d4-e534-43ce-83b1-426d47a3040d#0:FAIL-t104] and 0 exception(s); 7660b851-9671-46a6-9e1d-7d946f95d492@group-42C3DBE2B33D:t104, leader=null, voted=7660b851-9671-46a6-9e1d-7d946f95d492, raftlog=7660b851-9671-46a6-9e1d-7d946f95d492@group-42C3DBE2B33D-SegmentedRaftLog:OPENED:c-1,f-1,i0, conf=-1: [fdf19479-69c2-4639-b68c-6adde78ca28a:192.168.157.204:42858, 1ac0a8d4-e534-43ce-83b1-426d47a3040d:192.168.157.204:32953, 7660b851-9671-46a6-9e1d-7d946f95d492:192.168.157.204:41682], old=null
2019-10-20 13:11:11,280 [7660b851-9671-46a6-9e1d-7d946f95d492@group-42C3DBE2B33D-LeaderElection3390] INFO  impl.RaftServerImpl (RaftServerImpl.java:setRole(184)) - 7660b851-9671-46a6-9e1d-7d946f95d492@group-42C3DBE2B33D: changes role from CANDIDATE to FOLLOWER at term 104 for DISCOVERED_A_NEW_TERM
2019-10-20 13:11:11,280 [7660b851-9671-46a6-9e1d-7d946f95d492@group-42C3DBE2B33D-LeaderElection3390] INFO  impl.RoleInfo (RoleInfo.java:shutdownLeaderElection(134)) - 7660b851-9671-46a6-9e1d-7d946f95d492: shutdown LeaderElection
2019-10-20 13:11:11,280 [7660b851-9671-46a6-9e1d-7d946f95d492@group-42C3DBE2B33D-LeaderElection3390] INFO  impl.RoleInfo (RoleInfo.java:updateAndGet(143)) - 7660b851-9671-46a6-9e1d-7d946f95d492: start FollowerState
2019-10-20 13:11:11,284 [Thread-25308] INFO  impl.FollowerState (FollowerState.java:run(108)) - 7660b851-9671-46a6-9e1d-7d946f95d492@group-42C3DBE2B33D-FollowerState: change to CANDIDATE, lastRpcTime:4ms, electionTimeout:4ms
2019-10-20 13:11:11,285 [Thread-25308] INFO  impl.RoleInfo (RoleInfo.java:shutdownFollowerState(121)) - 7660b851-9671-46a6-9e1d-7d946f95d492: shutdown FollowerState
2019-10-20 13:11:11,285 [Thread-25308] INFO  impl.RaftServerImpl (RaftServerImpl.java:setRole(184)) - 7660b851-9671-46a6-9e1d-7d946f95d492@group-42C3DBE2B33D: changes role from  FOLLOWER to CANDIDATE at term 104 for changeToCandidate
2019-10-20 13:11:11,285 [Thread-25308] INFO  impl.RoleInfo (RoleInfo.java:updateAndGet(143)) - 7660b851-9671-46a6-9e1d-7d946f95d492: start LeaderElection
2019-10-20 13:11:11,297 [7660b851-9671-46a6-9e1d-7d946f95d492@group-42C3DBE2B33D-LeaderElection3391] INFO  impl.LeaderElection (LeaderElection.java:askForVotes(178)) - 7660b851-9671-46a6-9e1d-7d946f95d492@group-42C3DBE2B33D-LeaderElection3391: begin an election at term 105 for -1: [fdf19479-69c2-4639-b68c-6adde78ca28a:192.168.157.204:42858, 1ac0a8d4-e534-43ce-83b1-426d47a3040d:192.168.157.204:32953, 7660b851-9671-46a6-9e1d-7d946f95d492:192.168.157.204:41682], old=null
2019-10-20 13:11:11,298 [grpc-default-executor-18] INFO  impl.RaftServerImpl (RaftServerImpl.java:setRole(184)) - fdf19479-69c2-4639-b68c-6adde78ca28a@group-42C3DBE2B33D: changes role from  FOLLOWER to FOLLOWER at term 105 for recognizeCandidate:7660b851-9671-46a6-9e1d-7d946f95d492
2019-10-20 13:11:11,298 [grpc-default-executor-18] INFO  impl.RoleInfo (RoleInfo.java:shutdownFollowerState(121)) - fdf19479-69c2-4639-b68c-6adde78ca28a: shutdown FollowerState
2019-10-20 13:11:11,299 [grpc-default-executor-18] INFO  impl.RoleInfo (RoleInfo.java:updateAndGet(143)) - fdf19479-69c2-4639-b68c-6adde78ca28a: start FollowerState
2019-10-20 13:11:11,299 [Thread-25307] INFO  impl.FollowerState (FollowerState.java:run(117)) - fdf19479-69c2-4639-b68c-6adde78ca28a@group-42C3DBE2B33D-FollowerState was interrupted: java.lang.InterruptedException: sleep interrupted
2019-10-20 13:11:11,299 [grpc-default-executor-10] INFO  impl.RaftServerImpl (RaftServerImpl.java:setRole(184)) - 1ac0a8d4-e534-43ce-83b1-426d47a3040d@group-42C3DBE2B33D: changes role from  FOLLOWER to FOLLOWER at term 105 for recognizeCandidate:7660b851-9671-46a6-9e1d-7d946f95d492
2019-10-20 13:11:11,299 [grpc-default-executor-10] INFO  impl.RoleInfo (RoleInfo.java:shutdownFollowerState(121)) - 1ac0a8d4-e534-43ce-83b1-426d47a3040d: shutdown FollowerState
2019-10-20 13:11:11,299 [grpc-default-executor-10] INFO  impl.RoleInfo (RoleInfo.java:updateAndGet(143)) - 1ac0a8d4-e534-43ce-83b1-426d47a3040d: start FollowerState
2019-10-20 13:11:11,299 [Thread-25306] INFO  impl.FollowerState (FollowerState.java:run(117)) - 1ac0a8d4-e534-43ce-83b1-426d47a3040d@group-42C3DBE2B33D-FollowerState was interrupted: java.lang.InterruptedException: sleep interrupted
2019-10-20 13:11:11,322 [7660b851-9671-46a6-9e1d-7d946f95d492@group-42C3DBE2B33D-LeaderElection3391] INFO  impl.LeaderElection (LeaderElection.java:logAndReturn(56)) - 7660b851-9671-46a6-9e1d-7d946f95d492@group-42C3DBE2B33D-LeaderElection3391: Election REJECTED; received 2 response(s) [7660b851-9671-46a6-9e1d-7d946f95d492<-fdf19479-69c2-4639-b68c-6adde78ca28a#0:FAIL-t105, 7660b851-9671-46a6-9e1d-7d946f95d492<-1ac0a8d4-e534-43ce-83b1-426d47a3040d#0:FAIL-t105] and 0 exception(s); 7660b851-9671-46a6-9e1d-7d946f95d492@group-42C3DBE2B33D:t105, leader=null, voted=7660b851-9671-46a6-9e1d-7d946f95d492, raftlog=7660b851-9671-46a6-9e1d-7d946f95d492@group-42C3DBE2B33D-SegmentedRaftLog:OPENED:c-1,f-1,i0, conf=-1: [fdf19479-69c2-4639-b68c-6adde78ca28a:192.168.157.204:42858, 1ac0a8d4-e534-43ce-83b1-426d47a3040d:192.168.157.204:32953, 7660b851-9671-46a6-9e1d-7d946f95d492:192.168.157.204:41682], old=null
2019-10-20 13:11:11,322 [7660b851-9671-46a6-9e1d-7d946f95d492@group-42C3DBE2B33D-LeaderElection3391] INFO  impl.RaftServerImpl (RaftServerImpl.java:setRole(184)) - 7660b851-9671-46a6-9e1d-7d946f95d492@group-42C3DBE2B33D: changes role from CANDIDATE to FOLLOWER at term 105 for DISCOVERED_A_NEW_TERM
2019-10-20 13:11:11,322 [7660b851-9671-46a6-9e1d-7d946f95d492@group-42C3DBE2B33D-LeaderElection3391] INFO  impl.RoleInfo (RoleInfo.java:shutdownLeaderElection(134)) - 7660b851-9671-46a6-9e1d-7d946f95d492: shutdown LeaderElection
2019-10-20 13:11:11,323 [7660b851-9671-46a6-9e1d-7d946f95d492@group-42C3DBE2B33D-LeaderElection3391] INFO  impl.RoleInfo (RoleInfo.java:updateAndGet(143)) - 7660b851-9671-46a6-9e1d-7d946f95d492: start FollowerState
2019-10-20 13:11:11,402 [Thread-25314] INFO  impl.FollowerState (FollowerState.java:run(108)) - 7660b851-9671-46a6-9e1d-7d946f95d492@group-42C3DBE2B33D-FollowerState: change to CANDIDATE, lastRpcTime:79ms, electionTimeout:79ms
2019-10-20 13:11:11,402 [Thread-25314] INFO  impl.RoleInfo (RoleInfo.java:shutdownFollowerState(121)) - 7660b851-9671-46a6-9e1d-7d946f95d492: shutdown FollowerState
2019-10-20 13:11:11,402 [Thread-25314] INFO  impl.RaftServerImpl (RaftServerImpl.java:setRole(184)) - 7660b851-9671-46a6-9e1d-7d946f95d492@group-42C3DBE2B33D: changes role from  FOLLOWER to CANDIDATE at term 105 for changeToCandidate
2019-10-20 13:11:11,402 [Thread-25314] INFO  impl.RoleInfo (RoleInfo.java:updateAndGet(143)) - 7660b851-9671-46a6-9e1d-7d946f95d492: start LeaderElection
2019-10-20 13:11:11,424 [7660b851-9671-46a6-9e1d-7d946f95d492@group-42C3DBE2B33D-LeaderElection3392] INFO  impl.LeaderElection (LeaderElection.java:askForVotes(178)) - 7660b851-9671-46a6-9e1d-7d946f95d492@group-42C3DBE2B33D-LeaderElection3392: begin an election at term 106 for -1: [fdf19479-69c2-4639-b68c-6adde78ca28a:192.168.157.204:42858, 1ac0a8d4-e534-43ce-83b1-426d47a3040d:192.168.157.204:32953, 7660b851-9671-46a6-9e1d-7d946f95d492:192.168.157.204:41682], old=null
2019-10-20 13:11:11,425 [grpc-default-executor-18] INFO  impl.RaftServerImpl (RaftServerImpl.java:setRole(184)) - fdf19479-69c2-4639-b68c-6adde78ca28a@group-42C3DBE2B33D: changes role from  FOLLOWER to FOLLOWER at term 106 for recognizeCandidate:7660b851-9671-46a6-9e1d-7d946f95d492
2019-10-20 13:11:11,425 [grpc-default-executor-10] INFO  impl.RaftServerImpl (RaftServerImpl.java:setRole(184)) - 1ac0a8d4-e534-43ce-83b1-426d47a3040d@group-42C3DBE2B33D: changes role from  FOLLOWER to FOLLOWER at term 106 for recognizeCandidate:7660b851-9671-46a6-9e1d-7d946f95d492
2019-10-20 13:11:11,425 [grpc-default-executor-10] INFO  impl.RoleInfo (RoleInfo.java:shutdownFollowerState(121)) - 1ac0a8d4-e534-43ce-83b1-426d47a3040d: shutdown FollowerState
2019-10-20 13:11:11,425 [grpc-default-executor-18] INFO  impl.RoleInfo (RoleInfo.java:shutdownFollowerState(121)) - fdf19479-69c2-4639-b68c-6adde78ca28a: shutdown FollowerState
2019-10-20 13:11:11,425 [Thread-25313] INFO  impl.FollowerState (FollowerState.java:run(117)) - 1ac0a8d4-e534-43ce-83b1-426d47a3040d@group-42C3DBE2B33D-FollowerState was interrupted: java.lang.InterruptedException: sleep interrupted
2019-10-20 13:11:11,425 [grpc-default-executor-10] INFO  impl.RoleInfo (RoleInfo.java:updateAndGet(143)) - 1ac0a8d4-e534-43ce-83b1-426d47a3040d: start FollowerState
2019-10-20 13:11:11,425 [Thread-25312] INFO  impl.FollowerState (FollowerState.java:run(117)) - fdf19479-69c2-4639-b68c-6adde78ca28a@group-42C3DBE2B33D-FollowerState was interrupted: java.lang.InterruptedException: sleep interrupted
2019-10-20 13:11:11,425 [grpc-default-executor-18] INFO  impl.RoleInfo (RoleInfo.java:updateAndGet(143)) - fdf19479-69c2-4639-b68c-6adde78ca28a: start FollowerState
2019-10-20 13:11:11,439 [7660b851-9671-46a6-9e1d-7d946f95d492@group-42C3DBE2B33D-LeaderElection3392] INFO  impl.LeaderElection (LeaderElection.java:logAndReturn(56)) - 7660b851-9671-46a6-9e1d-7d946f95d492@group-42C3DBE2B33D-LeaderElection3392: Election REJECTED; received 2 response(s) [7660b851-9671-46a6-9e1d-7d946f95d492<-fdf19479-69c2-4639-b68c-6adde78ca28a#0:FAIL-t106, 7660b851-9671-46a6-9e1d-7d946f95d492<-1ac0a8d4-e534-43ce-83b1-426d47a3040d#0:FAIL-t106] and 0 exception(s); 7660b851-9671-46a6-9e1d-7d946f95d492@group-42C3DBE2B33D:t106, leader=null, voted=7660b851-9671-46a6-9e1d-7d946f95d492, raftlog=7660b851-9671-46a6-9e1d-7d946f95d492@group-42C3DBE2B33D-SegmentedRaftLog:OPENED:c-1,f-1,i0, conf=-1: [fdf19479-69c2-4639-b68c-6adde78ca28a:192.168.157.204:42858, 1ac0a8d4-e534-43ce-83b1-426d47a3040d:192.168.157.204:32953, 7660b851-9671-46a6-9e1d-7d946f95d492:192.168.157.204:41682], old=null
2019-10-20 13:11:11,439 [7660b851-9671-46a6-9e1d-7d946f95d492@group-42C3DBE2B33D-LeaderElection3392] INFO  impl.RaftServerImpl (RaftServerImpl.java:setRole(184)) - 7660b851-9671-46a6-9e1d-7d946f95d492@group-42C3DBE2B33D: changes role from CANDIDATE to FOLLOWER at term 106 for DISCOVERED_A_NEW_TERM
2019-10-20 13:11:11,439 [7660b851-9671-46a6-9e1d-7d946f95d492@group-42C3DBE2B33D-LeaderElection3392] INFO  impl.RoleInfo (RoleInfo.java:shutdownLeaderElection(134)) - 7660b851-9671-46a6-9e1d-7d946f95d492: shutdown LeaderElection
2019-10-20 13:11:11,439 [7660b851-9671-46a6-9e1d-7d946f95d492@group-42C3DBE2B33D-LeaderElection3392] INFO  impl.RoleInfo (RoleInfo.java:updateAndGet(143)) - 7660b851-9671-46a6-9e1d-7d946f95d492: start FollowerState
2019-10-20 13:11:11,486 [Thread-25322] INFO  impl.FollowerState (FollowerState.java:run(108)) - 7660b851-9671-46a6-9e1d-7d946f95d492@group-42C3DBE2B33D-FollowerState: change to CANDIDATE, lastRpcTime:46ms, electionTimeout:46ms
2019-10-20 13:11:11,486 [Thread-25322] INFO  impl.RoleInfo (RoleInfo.java:shutdownFollowerState(121)) - 7660b851-9671-46a6-9e1d-7d946f95d492: shutdown FollowerState
2019-10-20 13:11:11,486 [Thread-25322] INFO  impl.RaftServerImpl (RaftServerImpl.java:setRole(184)) - 7660b851-9671-46a6-9e1d-7d946f95d492@group-42C3DBE2B33D: changes role from  FOLLOWER to CANDIDATE at term 106 for changeToCandidate
2019-10-20 13:11:11,486 [Thread-25322] INFO  impl.RoleInfo (RoleInfo.java:updateAndGet(143)) - 7660b851-9671-46a6-9e1d-7d946f95d492: start LeaderElection
2019-10-20 13:11:11,500 [7660b851-9671-46a6-9e1d-7d946f95d492@group-42C3DBE2B33D-LeaderElection3393] INFO  impl.LeaderElection (LeaderElection.java:askForVotes(178)) - 7660b851-9671-46a6-9e1d-7d946f95d492@group-42C3DBE2B33D-LeaderElection3393: begin an election at term 107 for -1: [fdf19479-69c2-4639-b68c-6adde78ca28a:192.168.157.204:42858, 1ac0a8d4-e534-43ce-83b1-426d47a3040d:192.168.157.204:32953, 7660b851-9671-46a6-9e1d-7d946f95d492:192.168.157.204:41682], old=null
2019-10-20 13:11:11,501 [grpc-default-executor-18] INFO  impl.RaftServerImpl (RaftServerImpl.java:setRole(184)) - fdf19479-69c2-4639-b68c-6adde78ca28a@group-42C3DBE2B33D: changes role from  FOLLOWER to FOLLOWER at term 107 for recognizeCandidate:7660b851-9671-46a6-9e1d-7d946f95d492
2019-10-20 13:11:11,501 [grpc-default-executor-18] INFO  impl.RoleInfo (RoleInfo.java:shutdownFollowerState(121)) - fdf19479-69c2-4639-b68c-6adde78ca28a: shutdown FollowerState
2019-10-20 13:11:11,501 [grpc-default-executor-10] INFO  impl.RaftServerImpl (RaftServerImpl.java:setRole(184)) - 1ac0a8d4-e534-43ce-83b1-426d47a3040d@group-42C3DBE2B33D: changes role from  FOLLOWER to FOLLOWER at term 107 for recognizeCandidate:7660b851-9671-46a6-9e1d-7d946f95d492
2019-10-20 13:11:11,501 [Thread-25321] INFO  impl.FollowerState (FollowerState.java:run(117)) - fdf19479-69c2-4639-b68c-6adde78ca28a@group-42C3DBE2B33D-FollowerState was interrupted: java.lang.InterruptedException: sleep interrupted
2019-10-20 13:11:11,501 [grpc-default-executor-18] INFO  impl.RoleInfo (RoleInfo.java:updateAndGet(143)) - fdf19479-69c2-4639-b68c-6adde78ca28a: start FollowerState
2019-10-20 13:11:11,501 [grpc-default-executor-10] INFO  impl.RoleInfo (RoleInfo.java:shutdownFollowerState(121)) - 1ac0a8d4-e534-43ce-83b1-426d47a3040d: shutdown FollowerState
2019-10-20 13:11:11,502 [grpc-default-executor-10] INFO  impl.RoleInfo (RoleInfo.java:updateAndGet(143)) - 1ac0a8d4-e534-43ce-83b1-426d47a3040d: start FollowerState
2019-10-20 13:11:11,502 [Thread-25320] INFO  impl.FollowerState (FollowerState.java:run(117)) - 1ac0a8d4-e534-43ce-83b1-426d47a3040d@group-42C3DBE2B33D-FollowerState was interrupted: java.lang.InterruptedException: sleep interrupted
2019-10-20 13:11:11,516 [7660b851-9671-46a6-9e1d-7d946f95d492@group-42C3DBE2B33D-LeaderElection3393] INFO  impl.LeaderElection (LeaderElection.java:logAndReturn(56)) - 7660b851-9671-46a6-9e1d-7d946f95d492@group-42C3DBE2B33D-LeaderElection3393: Election REJECTED; received 2 response(s) [7660b851-9671-46a6-9e1d-7d946f95d492<-fdf19479-69c2-4639-b68c-6adde78ca28a#0:FAIL-t107, 7660b851-9671-46a6-9e1d-7d946f95d492<-1ac0a8d4-e534-43ce-83b1-426d47a3040d#0:FAIL-t107] and 0 exception(s); 7660b851-9671-46a6-9e1d-7d946f95d492@group-42C3DBE2B33D:t107, leader=null, voted=7660b851-9671-46a6-9e1d-7d946f95d492, raftlog=7660b851-9671-46a6-9e1d-7d946f95d492@group-42C3DBE2B33D-SegmentedRaftLog:OPENED:c-1,f-1,i0, conf=-1: [fdf19479-69c2-4639-b68c-6adde78ca28a:192.168.157.204:42858, 1ac0a8d4-e534-43ce-83b1-426d47a3040d:192.168.157.204:32953, 7660b851-9671-46a6-9e1d-7d946f95d492:192.168.157.204:41682], old=null
2019-10-20 13:11:11,516 [7660b851-9671-46a6-9e1d-7d946f95d492@group-42C3DBE2B33D-LeaderElection3393] INFO  impl.RaftServerImpl (RaftServerImpl.java:setRole(184)) - 7660b851-9671-46a6-9e1d-7d946f95d492@group-42C3DBE2B33D: changes role from CANDIDATE to FOLLOWER at term 107 for DISCOVERED_A_NEW_TERM
2019-10-20 13:11:11,516 [7660b851-9671-46a6-9e1d-7d946f95d492@group-42C3DBE2B33D-LeaderElection3393] INFO  impl.RoleInfo (RoleInfo.java:shutdownLeaderElection(134)) - 7660b851-9671-46a6-9e1d-7d946f95d492: shutdown LeaderElection
2019-10-20 13:11:11,516 [7660b851-9671-46a6-9e1d-7d946f95d492@group-42C3DBE2B33D-LeaderElection3393] INFO  impl.RoleInfo (RoleInfo.java:updateAndGet(143)) - 7660b851-9671-46a6-9e1d-7d946f95d492: start FollowerState
2019-10-20 13:11:11,678 [Thread-25328] INFO  impl.FollowerState (FollowerState.java:run(108)) - 7660b851-9671-46a6-9e1d-7d946f95d492@group-42C3DBE2B33D-FollowerState: change to CANDIDATE, lastRpcTime:161ms, electionTimeout:161ms
2019-10-20 13:11:11,678 [Thread-25328] INFO  impl.RoleInfo (RoleInfo.java:shutdownFollowerState(121)) - 7660b851-9671-46a6-9e1d-7d946f95d492: shutdown FollowerState
2019-10-20 13:11:11,678 [Thread-25328] INFO  impl.RaftServerImpl (RaftServerImpl.java:setRole(184)) - 7660b851-9671-46a6-9e1d-7d946f95d492@group-42C3DBE2B33D: changes role from  FOLLOWER to CANDIDATE at term 107 for changeToCandidate
2019-10-20 13:11:11,678 [Thread-25328] INFO  impl.RoleInfo (RoleInfo.java:updateAndGet(143)) - 7660b851-9671-46a6-9e1d-7d946f95d492: start LeaderElection
2019-10-20 13:11:11,692 [7660b851-9671-46a6-9e1d-7d946f95d492@group-42C3DBE2B33D-LeaderElection3394] INFO  impl.LeaderElection (LeaderElection.java:askForVotes(178)) - 7660b851-9671-46a6-9e1d-7d946f95d492@group-42C3DBE2B33D-LeaderElection3394: begin an election at term 108 for -1: [fdf19479-69c2-4639-b68c-6adde78ca28a:192.168.157.204:42858, 1ac0a8d4-e534-43ce-83b1-426d47a3040d:192.168.157.204:32953, 7660b851-9671-46a6-9e1d-7d946f95d492:192.168.157.204:41682], old=null
2019-10-20 13:11:11,693 [grpc-default-executor-10] INFO  impl.RaftServerImpl (RaftServerImpl.java:setRole(184)) - fdf19479-69c2-4639-b68c-6adde78ca28a@group-42C3DBE2B33D: changes role from  FOLLOWER to FOLLOWER at term 108 for recognizeCandidate:7660b851-9671-46a6-9e1d-7d946f95d492
2019-10-20 13:11:11,693 [grpc-default-executor-10] INFO  impl.RoleInfo (RoleInfo.java:shutdownFollowerState(121)) - fdf19479-69c2-4639-b68c-6adde78ca28a: shutdown FollowerState
2019-10-20 13:11:11,693 [grpc-default-executor-18] INFO  impl.RaftServerImpl (RaftServerImpl.java:setRole(184)) - 1ac0a8d4-e534-43ce-83b1-426d47a3040d@group-42C3DBE2B33D: changes role from  FOLLOWER to FOLLOWER at term 108 for recognizeCandidate:7660b851-9671-46a6-9e1d-7d946f95d492
2019-10-20 13:11:11,693 [grpc-default-executor-18] INFO  impl.RoleInfo (RoleInfo.java:shutdownFollowerState(121)) - 1ac0a8d4-e534-43ce-83b1-426d47a3040d: shutdown FollowerState
2019-10-20 13:11:11,693 [grpc-default-executor-10] INFO  impl.RoleInfo (RoleInfo.java:updateAndGet(143)) - fdf19479-69c2-4639-b68c-6adde78ca28a: start FollowerState
2019-10-20 13:11:11,693 [Thread-25326] INFO  impl.FollowerState (FollowerState.java:run(117)) - fdf19479-69c2-4639-b68c-6adde78ca28a@group-42C3DBE2B33D-FollowerState was interrupted: java.lang.InterruptedException: sleep interrupted
2019-10-20 13:11:11,693 [Thread-25327] INFO  impl.FollowerState (FollowerState.java:run(117)) - 1ac0a8d4-e534-43ce-83b1-426d47a3040d@group-42C3DBE2B33D-FollowerState was interrupted: java.lang.InterruptedException: sleep interrupted
2019-10-20 13:11:11,693 [grpc-default-executor-18] INFO  impl.RoleInfo (RoleInfo.java:updateAndGet(143)) - 1ac0a8d4-e534-43ce-83b1-426d47a3040d: start FollowerState
2019-10-20 13:11:11,708 [7660b851-9671-46a6-9e1d-7d946f95d492@group-42C3DBE2B33D-LeaderElection3394] INFO  impl.LeaderElection (LeaderElection.java:logAndReturn(56)) - 7660b851-9671-46a6-9e1d-7d946f95d492@group-42C3DBE2B33D-LeaderElection3394: Election REJECTED; received 2 response(s) [7660b851-9671-46a6-9e1d-7d946f95d492<-fdf19479-69c2-4639-b68c-6adde78ca28a#0:FAIL-t108, 7660b851-9671-46a6-9e1d-7d946f95d492<-1ac0a8d4-e534-43ce-83b1-426d47a3040d#0:FAIL-t108] and 0 exception(s); 7660b851-9671-46a6-9e1d-7d946f95d492@group-42C3DBE2B33D:t108, leader=null, voted=7660b851-9671-46a6-9e1d-7d946f95d492, raftlog=7660b851-9671-46a6-9e1d-7d946f95d492@group-42C3DBE2B33D-SegmentedRaftLog:OPENED:c-1,f-1,i0, conf=-1: [fdf19479-69c2-4639-b68c-6adde78ca28a:192.168.157.204:42858, 1ac0a8d4-e534-43ce-83b1-426d47a3040d:192.168.157.204:32953, 7660b851-9671-46a6-9e1d-7d946f95d492:192.168.157.204:41682], old=null
2019-10-20 13:11:11,708 [7660b851-9671-46a6-9e1d-7d946f95d492@group-42C3DBE2B33D-LeaderElection3394] INFO  impl.RaftServerImpl (RaftServerImpl.java:setRole(184)) - 7660b851-9671-46a6-9e1d-7d946f95d492@group-42C3DBE2B33D: changes role from CANDIDATE to FOLLOWER at term 108 for DISCOVERED_A_NEW_TERM
2019-10-20 13:11:11,708 [7660b851-9671-46a6-9e1d-7d946f95d492@group-42C3DBE2B33D-LeaderElection3394] INFO  impl.RoleInfo (RoleInfo.java:shutdownLeaderElection(134)) - 7660b851-9671-46a6-9e1d-7d946f95d492: shutdown LeaderElection
2019-10-20 13:11:11,708 [7660b851-9671-46a6-9e1d-7d946f95d492@group-42C3DBE2B33D-LeaderElection3394] INFO  impl.RoleInfo (RoleInfo.java:updateAndGet(143)) - 7660b851-9671-46a6-9e1d-7d946f95d492: start FollowerState
2019-10-20 13:11:11,882 [Thread-25336] INFO  impl.FollowerState (FollowerState.java:run(108)) - 7660b851-9671-46a6-9e1d-7d946f95d492@group-42C3DBE2B33D-FollowerState: change to CANDIDATE, lastRpcTime:174ms, electionTimeout:174ms
2019-10-20 13:11:11,882 [Thread-25336] INFO  impl.RoleInfo (RoleInfo.java:shutdownFollowerState(121)) - 7660b851-9671-46a6-9e1d-7d946f95d492: shutdown FollowerState
2019-10-20 13:11:11,883 [Thread-25336] INFO  impl.RaftServerImpl (RaftServerImpl.java:setRole(184)) - 7660b851-9671-46a6-9e1d-7d946f95d492@group-42C3DBE2B33D: changes role from  FOLLOWER to CANDIDATE at term 108 for changeToCandidate
2019-10-20 13:11:11,883 [Thread-25336] INFO  impl.RoleInfo (RoleInfo.java:updateAndGet(143)) - 7660b851-9671-46a6-9e1d-7d946f95d492: start LeaderElection
2019-10-20 13:11:11,904 [7660b851-9671-46a6-9e1d-7d946f95d492@group-42C3DBE2B33D-LeaderElection3395] INFO  impl.LeaderElection (LeaderElection.java:askForVotes(178)) - 7660b851-9671-46a6-9e1d-7d946f95d492@group-42C3DBE2B33D-LeaderElection3395: begin an election at term 109 for -1: [fdf19479-69c2-4639-b68c-6adde78ca28a:192.168.157.204:42858, 1ac0a8d4-e534-43ce-83b1-426d47a3040d:192.168.157.204:32953, 7660b851-9671-46a6-9e1d-7d946f95d492:192.168.157.204:41682], old=null
2019-10-20 13:11:11,905 [grpc-default-executor-18] INFO  impl.RaftServerImpl (RaftServerImpl.java:setRole(184)) - fdf19479-69c2-4639-b68c-6adde78ca28a@group-42C3DBE2B33D: changes role from  FOLLOWER to FOLLOWER at term 109 for recognizeCandidate:7660b851-9671-46a6-9e1d-7d946f95d492
2019-10-20 13:11:11,905 [grpc-default-executor-18] INFO  impl.RoleInfo (RoleInfo.java:shutdownFollowerState(121)) - fdf19479-69c2-4639-b68c-6adde78ca28a: shutdown FollowerState
2019-10-20 13:11:11,905 [grpc-default-executor-10] INFO  impl.RaftServerImpl (RaftServerImpl.java:setRole(184)) - 1ac0a8d4-e534-43ce-83b1-426d47a3040d@group-42C3DBE2B33D: changes role from  FOLLOWER to FOLLOWER at term 109 for recognizeCandidate:7660b851-9671-46a6-9e1d-7d946f95d492
2019-10-20 13:11:11,906 [grpc-default-executor-10] INFO  impl.RoleInfo (RoleInfo.java:shutdownFollowerState(121)) - 1ac0a8d4-e534-43ce-83b1-426d47a3040d: shutdown FollowerState
2019-10-20 13:11:11,906 [Thread-25334] INFO  impl.FollowerState (FollowerState.java:run(117)) - fdf19479-69c2-4639-b68c-6adde78ca28a@group-42C3DBE2B33D-FollowerState was interrupted: java.lang.InterruptedException: sleep interrupted
2019-10-20 13:11:11,905 [grpc-default-executor-18] INFO  impl.RoleInfo (RoleInfo.java:updateAndGet(143)) - fdf19479-69c2-4639-b68c-6adde78ca28a: start FollowerState
2019-10-20 13:11:11,906 [Thread-25335] INFO  impl.FollowerState (FollowerState.java:run(117)) - 1ac0a8d4-e534-43ce-83b1-426d47a3040d@group-42C3DBE2B33D-FollowerState was interrupted: java.lang.InterruptedException: sleep interrupted
2019-10-20 13:11:11,906 [grpc-default-executor-10] INFO  impl.RoleInfo (RoleInfo.java:updateAndGet(143)) - 1ac0a8d4-e534-43ce-83b1-426d47a3040d: start FollowerState
2019-10-20 13:11:11,921 [7660b851-9671-46a6-9e1d-7d946f95d492@group-42C3DBE2B33D-LeaderElection3395] INFO  impl.LeaderElection (LeaderElection.java:logAndReturn(56)) - 7660b851-9671-46a6-9e1d-7d946f95d492@group-42C3DBE2B33D-LeaderElection3395: Election REJECTED; received 2 response(s) [7660b851-9671-46a6-9e1d-7d946f95d492<-fdf19479-69c2-4639-b68c-6adde78ca28a#0:FAIL-t109, 7660b851-9671-46a6-9e1d-7d946f95d492<-1ac0a8d4-e534-43ce-83b1-426d47a3040d#0:FAIL-t109] and 0 exception(s); 7660b851-9671-46a6-9e1d-7d946f95d492@group-42C3DBE2B33D:t109, leader=null, voted=7660b851-9671-46a6-9e1d-7d946f95d492, raftlog=7660b851-9671-46a6-9e1d-7d946f95d492@group-42C3DBE2B33D-SegmentedRaftLog:OPENED:c-1,f-1,i0, conf=-1: [fdf19479-69c2-4639-b68c-6adde78ca28a:192.168.157.204:42858, 1ac0a8d4-e534-43ce-83b1-426d47a3040d:192.168.157.204:32953, 7660b851-9671-46a6-9e1d-7d946f95d492:192.168.157.204:41682], old=null
2019-10-20 13:11:11,921 [7660b851-9671-46a6-9e1d-7d946f95d492@group-42C3DBE2B33D-LeaderElection3395] INFO  impl.RaftServerImpl (RaftServerImpl.java:setRole(184)) - 7660b851-9671-46a6-9e1d-7d946f95d492@group-42C3DBE2B33D: changes role from CANDIDATE to FOLLOWER at term 109 for DISCOVERED_A_NEW_TERM
2019-10-20 13:11:11,921 [7660b851-9671-46a6-9e1d-7d946f95d492@group-42C3DBE2B33D-LeaderElection3395] INFO  impl.RoleInfo (RoleInfo.java:shutdownLeaderElection(134)) - 7660b851-9671-46a6-9e1d-7d946f95d492: shutdown LeaderElection
2019-10-20 13:11:11,921 [7660b851-9671-46a6-9e1d-7d946f95d492@group-42C3DBE2B33D-LeaderElection3395] INFO  impl.RoleInfo (RoleInfo.java:updateAndGet(143)) - 7660b851-9671-46a6-9e1d-7d946f95d492: start FollowerState
2019-10-20 13:11:11,989 [Thread-25344] INFO  impl.FollowerState (FollowerState.java:run(108)) - 7660b851-9671-46a6-9e1d-7d946f95d492@group-42C3DBE2B33D-FollowerState: change to CANDIDATE, lastRpcTime:68ms, electionTimeout:68ms
2019-10-20 13:11:11,990 [Thread-25344] INFO  impl.RoleInfo (RoleInfo.java:shutdownFollowerState(121)) - 7660b851-9671-46a6-9e1d-7d946f95d492: shutdown FollowerState
2019-10-20 13:11:11,990 [Thread-25344] INFO  impl.RaftServerImpl (RaftServerImpl.java:setRole(184)) - 7660b851-9671-46a6-9e1d-7d946f95d492@group-42C3DBE2B33D: changes role from  FOLLOWER to CANDIDATE at term 109 for changeToCandidate
2019-10-20 13:11:11,990 [Thread-25344] INFO  impl.RoleInfo (RoleInfo.java:updateAndGet(143)) - 7660b851-9671-46a6-9e1d-7d946f95d492: start LeaderElection
2019-10-20 13:11:12,004 [7660b851-9671-46a6-9e1d-7d946f95d492@group-42C3DBE2B33D-LeaderElection3396] INFO  impl.LeaderElection (LeaderElection.java:askForVotes(178)) - 7660b851-9671-46a6-9e1d-7d946f95d492@group-42C3DBE2B33D-LeaderElection3396: begin an election at term 110 for -1: [fdf19479-69c2-4639-b68c-6adde78ca28a:192.168.157.204:42858, 1ac0a8d4-e534-43ce-83b1-426d47a3040d:192.168.157.204:32953, 7660b851-9671-46a6-9e1d-7d946f95d492:192.168.157.204:41682], old=null
2019-10-20 13:11:12,005 [grpc-default-executor-10] INFO  impl.RaftServerImpl (RaftServerImpl.java:setRole(184)) - fdf19479-69c2-4639-b68c-6adde78ca28a@group-42C3DBE2B33D: changes role from  FOLLOWER to FOLLOWER at term 110 for recognizeCandidate:7660b851-9671-46a6-9e1d-7d946f95d492
2019-10-20 13:11:12,006 [grpc-default-executor-10] INFO  impl.RoleInfo (RoleInfo.java:shutdownFollowerState(121)) - fdf19479-69c2-4639-b68c-6adde78ca28a: shutdown FollowerState
2019-10-20 13:11:12,005 [grpc-default-executor-18] INFO  impl.RaftServerImpl (RaftServerImpl.java:setRole(184)) - 1ac0a8d4-e534-43ce-83b1-426d47a3040d@group-42C3DBE2B33D: changes role from  FOLLOWER to FOLLOWER at term 110 for recognizeCandidate:7660b851-9671-46a6-9e1d-7d946f95d492
2019-10-20 13:11:12,006 [grpc-default-executor-18] INFO  impl.RoleInfo (RoleInfo.java:shutdownFollowerState(121)) - 1ac0a8d4-e534-43ce-83b1-426d47a3040d: shutdown FollowerState
2019-10-20 13:11:12,006 [Thread-25342] INFO  impl.FollowerState (FollowerState.java:run(117)) - fdf19479-69c2-4639-b68c-6adde78ca28a@group-42C3DBE2B33D-FollowerState was interrupted: java.lang.InterruptedException: sleep interrupted
2019-10-20 13:11:12,006 [Thread-25343] INFO  impl.FollowerState (FollowerState.java:run(117)) - 1ac0a8d4-e534-43ce-83b1-426d47a3040d@group-42C3DBE2B33D-FollowerState was interrupted: java.lang.InterruptedException: sleep interrupted
2019-10-20 13:11:12,006 [grpc-default-executor-10] INFO  impl.RoleInfo (RoleInfo.java:updateAndGet(143)) - fdf19479-69c2-4639-b68c-6adde78ca28a: start FollowerState
2019-10-20 13:11:12,006 [grpc-default-executor-18] INFO  impl.RoleInfo (RoleInfo.java:updateAndGet(143)) - 1ac0a8d4-e534-43ce-83b1-426d47a3040d: start FollowerState
2019-10-20 13:11:12,021 [7660b851-9671-46a6-9e1d-7d946f95d492@group-42C3DBE2B33D-LeaderElection3396] INFO  impl.LeaderElection (LeaderElection.java:logAndReturn(56)) - 7660b851-9671-46a6-9e1d-7d946f95d492@group-42C3DBE2B33D-LeaderElection3396: Election REJECTED; received 2 response(s) [7660b851-9671-46a6-9e1d-7d946f95d492<-fdf19479-69c2-4639-b68c-6adde78ca28a#0:FAIL-t110, 7660b851-9671-46a6-9e1d-7d946f95d492<-1ac0a8d4-e534-43ce-83b1-426d47a3040d#0:FAIL-t110] and 0 exception(s); 7660b851-9671-46a6-9e1d-7d946f95d492@group-42C3DBE2B33D:t110, leader=null, voted=7660b851-9671-46a6-9e1d-7d946f95d492, raftlog=7660b851-9671-46a6-9e1d-7d946f95d492@group-42C3DBE2B33D-SegmentedRaftLog:OPENED:c-1,f-1,i0, conf=-1: [fdf19479-69c2-4639-b68c-6adde78ca28a:192.168.157.204:42858, 1ac0a8d4-e534-43ce-83b1-426d47a3040d:192.168.157.204:32953, 7660b851-9671-46a6-9e1d-7d946f95d492:192.168.157.204:41682], old=null
2019-10-20 13:11:12,021 [7660b851-9671-46a6-9e1d-7d946f95d492@group-42C3DBE2B33D-LeaderElection3396] INFO  impl.RaftServerImpl (RaftServerImpl.java:setRole(184)) - 7660b851-9671-46a6-9e1d-7d946f95d492@group-42C3DBE2B33D: changes role from CANDIDATE to FOLLOWER at term 110 for DISCOVERED_A_NEW_TERM
2019-10-20 13:11:12,021 [7660b851-9671-46a6-9e1d-7d946f95d492@group-42C3DBE2B33D-LeaderElection3396] INFO  impl.RoleInfo (RoleInfo.java:shutdownLeaderElection(134)) - 7660b851-9671-46a6-9e1d-7d946f95d492: shutdown LeaderElection
2019-10-20 13:11:12,021 [7660b851-9671-46a6-9e1d-7d946f95d492@group-42C3DBE2B33D-LeaderElection3396] INFO  impl.RoleInfo (RoleInfo.java:updateAndGet(143)) - 7660b851-9671-46a6-9e1d-7d946f95d492: start FollowerState
2019-10-20 13:11:12,165 [Thread-25350] INFO  impl.FollowerState (FollowerState.java:run(108)) - 7660b851-9671-46a6-9e1d-7d946f95d492@group-42C3DBE2B33D-FollowerState: change to CANDIDATE, lastRpcTime:143ms, electionTimeout:143ms
2019-10-20 13:11:12,165 [Thread-25350] INFO  impl.RoleInfo (RoleInfo.java:shutdownFollowerState(121)) - 7660b851-9671-46a6-9e1d-7d946f95d492: shutdown FollowerState
2019-10-20 13:11:12,165 [Thread-25350] INFO  impl.RaftServerImpl (RaftServerImpl.java:setRole(184)) - 7660b851-9671-46a6-9e1d-7d946f95d492@group-42C3DBE2B33D: changes role from  FOLLOWER to CANDIDATE at term 110 for changeToCandidate
2019-10-20 13:11:12,165 [Thread-25350] INFO  impl.RoleInfo (RoleInfo.java:updateAndGet(143)) - 7660b851-9671-46a6-9e1d-7d946f95d492: start LeaderElection
2019-10-20 13:11:12,188 [7660b851-9671-46a6-9e1d-7d946f95d492@group-42C3DBE2B33D-LeaderElection3397] INFO  impl.LeaderElection (LeaderElection.java:askForVotes(178)) - 7660b851-9671-46a6-9e1d-7d946f95d492@group-42C3DBE2B33D-LeaderElection3397: begin an election at term 111 for -1: [fdf19479-69c2-4639-b68c-6adde78ca28a:192.168.157.204:42858, 1ac0a8d4-e534-43ce-83b1-426d47a3040d:192.168.157.204:32953, 7660b851-9671-46a6-9e1d-7d946f95d492:192.168.157.204:41682], old=null
2019-10-20 13:11:12,189 [grpc-default-executor-10] INFO  impl.RaftServerImpl (RaftServerImpl.java:setRole(184)) - fdf19479-69c2-4639-b68c-6adde78ca28a@group-42C3DBE2B33D: changes role from  FOLLOWER to FOLLOWER at term 111 for recognizeCandidate:7660b851-9671-46a6-9e1d-7d946f95d492
2019-10-20 13:11:12,189 [grpc-default-executor-18] INFO  impl.RaftServerImpl (RaftServerImpl.java:setRole(184)) - 1ac0a8d4-e534-43ce-83b1-426d47a3040d@group-42C3DBE2B33D: changes role from  FOLLOWER to FOLLOWER at term 111 for recognizeCandidate:7660b851-9671-46a6-9e1d-7d946f95d492
2019-10-20 13:11:12,190 [grpc-default-executor-18] INFO  impl.RoleInfo (RoleInfo.java:shutdownFollowerState(121)) - 1ac0a8d4-e534-43ce-83b1-426d47a3040d: shutdown FollowerState
2019-10-20 13:11:12,189 [grpc-default-executor-10] INFO  impl.RoleInfo (RoleInfo.java:shutdownFollowerState(121)) - fdf19479-69c2-4639-b68c-6adde78ca28a: shutdown FollowerState
2019-10-20 13:11:12,190 [Thread-25349] INFO  impl.FollowerState (FollowerState.java:run(117)) - 1ac0a8d4-e534-43ce-83b1-426d47a3040d@group-42C3DBE2B33D-FollowerState was interrupted: java.lang.InterruptedException: sleep interrupted
2019-10-20 13:11:12,190 [Thread-25348] INFO  impl.FollowerState (FollowerState.java:run(117)) - fdf19479-69c2-4639-b68c-6adde78ca28a@group-42C3DBE2B33D-FollowerState was interrupted: java.lang.InterruptedException: sleep interrupted
2019-10-20 13:11:12,190 [grpc-default-executor-18] INFO  impl.RoleInfo (RoleInfo.java:updateAndGet(143)) - 1ac0a8d4-e534-43ce-83b1-426d47a3040d: start FollowerState
2019-10-20 13:11:12,190 [grpc-default-executor-10] INFO  impl.RoleInfo (RoleInfo.java:updateAndGet(143)) - fdf19479-69c2-4639-b68c-6adde78ca28a: start FollowerState
2019-10-20 13:11:12,198 [7660b851-9671-46a6-9e1d-7d946f95d492@group-42C3DBE2B33D-LeaderElection3397] INFO  impl.LeaderElection (LeaderElection.java:logAndReturn(56)) - 7660b851-9671-46a6-9e1d-7d946f95d492@group-42C3DBE2B33D-LeaderElection3397: Election TIMEOUT; received 0 response(s) [] and 0 exception(s); 7660b851-9671-46a6-9e1d-7d946f95d492@group-42C3DBE2B33D:t111, leader=null, voted=7660b851-9671-46a6-9e1d-7d946f95d492, raftlog=7660b851-9671-46a6-9e1d-7d946f95d492@group-42C3DBE2B33D-SegmentedRaftLog:OPENED:c-1,f-1,i0, conf=-1: [fdf19479-69c2-4639-b68c-6adde78ca28a:192.168.157.204:42858, 1ac0a8d4-e534-43ce-83b1-426d47a3040d:192.168.157.204:32953, 7660b851-9671-46a6-9e1d-7d946f95d492:192.168.157.204:41682], old=null
2019-10-20 13:11:12,204 [7660b851-9671-46a6-9e1d-7d946f95d492@group-42C3DBE2B33D-LeaderElection3397] INFO  impl.LeaderElection (LeaderElection.java:askForVotes(178)) - 7660b851-9671-46a6-9e1d-7d946f95d492@group-42C3DBE2B33D-LeaderElection3397: begin an election at term 112 for -1: [fdf19479-69c2-4639-b68c-6adde78ca28a:192.168.157.204:42858, 1ac0a8d4-e534-43ce-83b1-426d47a3040d:192.168.157.204:32953, 7660b851-9671-46a6-9e1d-7d946f95d492:192.168.157.204:41682], old=null
2019-10-20 13:11:12,205 [grpc-default-executor-18] INFO  impl.RaftServerImpl (RaftServerImpl.java:setRole(184)) - fdf19479-69c2-4639-b68c-6adde78ca28a@group-42C3DBE2B33D: changes role from  FOLLOWER to FOLLOWER at term 112 for recognizeCandidate:7660b851-9671-46a6-9e1d-7d946f95d492
2019-10-20 13:11:12,205 [grpc-default-executor-18] INFO  impl.RoleInfo (RoleInfo.java:shutdownFollowerState(121)) - fdf19479-69c2-4639-b68c-6adde78ca28a: shutdown FollowerState
2019-10-20 13:11:12,205 [grpc-default-executor-10] INFO  impl.RaftServerImpl (RaftServerImpl.java:setRole(184)) - 1ac0a8d4-e534-43ce-83b1-426d47a3040d@group-42C3DBE2B33D: changes role from  FOLLOWER to FOLLOWER at term 112 for recognizeCandidate:7660b851-9671-46a6-9e1d-7d946f95d492
2019-10-20 13:11:12,205 [grpc-default-executor-10] INFO  impl.RoleInfo (RoleInfo.java:shutdownFollowerState(121)) - 1ac0a8d4-e534-43ce-83b1-426d47a3040d: shutdown FollowerState
2019-10-20 13:11:12,205 [Thread-25357] INFO  impl.FollowerState (FollowerState.java:run(117)) - fdf19479-69c2-4639-b68c-6adde78ca28a@group-42C3DBE2B33D-FollowerState was interrupted: java.lang.InterruptedException: sleep interrupted
2019-10-20 13:11:12,205 [Thread-25356] INFO  impl.FollowerState (FollowerState.java:run(117)) - 1ac0a8d4-e534-43ce-83b1-426d47a3040d@group-42C3DBE2B33D-FollowerState was interrupted: java.lang.InterruptedException: sleep interrupted
2019-10-20 13:11:12,205 [grpc-default-executor-18] INFO  impl.RoleInfo (RoleInfo.java:updateAndGet(143)) - fdf19479-69c2-4639-b68c-6adde78ca28a: start FollowerState
2019-10-20 13:11:12,205 [grpc-default-executor-10] INFO  impl.RoleInfo (RoleInfo.java:updateAndGet(143)) - 1ac0a8d4-e534-43ce-83b1-426d47a3040d: start FollowerState
2019-10-20 13:11:12,227 [7660b851-9671-46a6-9e1d-7d946f95d492@group-42C3DBE2B33D-LeaderElection3397] INFO  impl.LeaderElection (LeaderElection.java:logAndReturn(56)) - 7660b851-9671-46a6-9e1d-7d946f95d492@group-42C3DBE2B33D-LeaderElection3397: Election REJECTED; received 2 response(s) [7660b851-9671-46a6-9e1d-7d946f95d492<-fdf19479-69c2-4639-b68c-6adde78ca28a#0:FAIL-t112, 7660b851-9671-46a6-9e1d-7d946f95d492<-1ac0a8d4-e534-43ce-83b1-426d47a3040d#0:FAIL-t112] and 0 exception(s); 7660b851-9671-46a6-9e1d-7d946f95d492@group-42C3DBE2B33D:t112, leader=null, voted=7660b851-9671-46a6-9e1d-7d946f95d492, raftlog=7660b851-9671-46a6-9e1d-7d946f95d492@group-42C3DBE2B33D-SegmentedRaftLog:OPENED:c-1,f-1,i0, conf=-1: [fdf19479-69c2-4639-b68c-6adde78ca28a:192.168.157.204:42858, 1ac0a8d4-e534-43ce-83b1-426d47a3040d:192.168.157.204:32953, 7660b851-9671-46a6-9e1d-7d946f95d492:192.168.157.204:41682], old=null
2019-10-20 13:11:12,227 [7660b851-9671-46a6-9e1d-7d946f95d492@group-42C3DBE2B33D-LeaderElection3397] INFO  impl.RaftServerImpl (RaftServerImpl.java:setRole(184)) - 7660b851-9671-46a6-9e1d-7d946f95d492@group-42C3DBE2B33D: changes role from CANDIDATE to FOLLOWER at term 112 for DISCOVERED_A_NEW_TERM
2019-10-20 13:11:12,227 [7660b851-9671-46a6-9e1d-7d946f95d492@group-42C3DBE2B33D-LeaderElection3397] INFO  impl.RoleInfo (RoleInfo.java:shutdownLeaderElection(134)) - 7660b851-9671-46a6-9e1d-7d946f95d492: shutdown LeaderElection
2019-10-20 13:11:12,227 [7660b851-9671-46a6-9e1d-7d946f95d492@group-42C3DBE2B33D-LeaderElection3397] INFO  impl.RoleInfo (RoleInfo.java:updateAndGet(143)) - 7660b851-9671-46a6-9e1d-7d946f95d492: start FollowerState
2019-10-20 13:11:12,229 [Thread-25362] INFO  impl.FollowerState (FollowerState.java:run(108)) - 7660b851-9671-46a6-9e1d-7d946f95d492@group-42C3DBE2B33D-FollowerState: change to CANDIDATE, lastRpcTime:1ms, electionTimeout:1ms
2019-10-20 13:11:12,229 [Thread-25362] INFO  impl.RoleInfo (RoleInfo.java:shutdownFollowerState(121)) - 7660b851-9671-46a6-9e1d-7d946f95d492: shutdown FollowerState
2019-10-20 13:11:12,229 [Thread-25362] INFO  impl.RaftServerImpl (RaftServerImpl.java:setRole(184)) - 7660b851-9671-46a6-9e1d-7d946f95d492@group-42C3DBE2B33D: changes role from  FOLLOWER to CANDIDATE at term 112 for changeToCandidate
2019-10-20 13:11:12,229 [Thread-25362] INFO  impl.RoleInfo (RoleInfo.java:updateAndGet(143)) - 7660b851-9671-46a6-9e1d-7d946f95d492: start LeaderElection
2019-10-20 13:11:12,241 [7660b851-9671-46a6-9e1d-7d946f95d492@group-42C3DBE2B33D-LeaderElection3398] INFO  impl.LeaderElection (LeaderElection.java:askForVotes(178)) - 7660b851-9671-46a6-9e1d-7d946f95d492@group-42C3DBE2B33D-LeaderElection3398: begin an election at term 113 for -1: [fdf19479-69c2-4639-b68c-6adde78ca28a:192.168.157.204:42858, 1ac0a8d4-e534-43ce-83b1-426d47a3040d:192.168.157.204:32953, 7660b851-9671-46a6-9e1d-7d946f95d492:192.168.157.204:41682], old=null
2019-10-20 13:11:12,242 [grpc-default-executor-10] INFO  impl.RaftServerImpl (RaftServerImpl.java:setRole(184)) - fdf19479-69c2-4639-b68c-6adde78ca28a@group-42C3DBE2B33D: changes role from  FOLLOWER to FOLLOWER at term 113 for recognizeCandidate:7660b851-9671-46a6-9e1d-7d946f95d492
2019-10-20 13:11:12,242 [grpc-default-executor-10] INFO  impl.RoleInfo (RoleInfo.java:shutdownFollowerState(121)) - fdf19479-69c2-4639-b68c-6adde78ca28a: shutdown FollowerState
2019-10-20 13:11:12,242 [grpc-default-executor-18] INFO  impl.RaftServerImpl (RaftServerImpl.java:setRole(184)) - 1ac0a8d4-e534-43ce-83b1-426d47a3040d@group-42C3DBE2B33D: changes role from  FOLLOWER to FOLLOWER at term 113 for recognizeCandidate:7660b851-9671-46a6-9e1d-7d946f95d492
2019-10-20 13:11:12,243 [grpc-default-executor-18] INFO  impl.RoleInfo (RoleInfo.java:shutdownFollowerState(121)) - 1ac0a8d4-e534-43ce-83b1-426d47a3040d: shutdown FollowerState
2019-10-20 13:11:12,243 [Thread-25360] INFO  impl.FollowerState (FollowerState.java:run(117)) - fdf19479-69c2-4639-b68c-6adde78ca28a@group-42C3DBE2B33D-FollowerState was interrupted: java.lang.InterruptedException: sleep interrupted
2019-10-20 13:11:12,243 [Thread-25361] INFO  impl.FollowerState (FollowerState.java:run(117)) - 1ac0a8d4-e534-43ce-83b1-426d47a3040d@group-42C3DBE2B33D-FollowerState was interrupted: java.lang.InterruptedException: sleep interrupted
2019-10-20 13:11:12,243 [grpc-default-executor-10] INFO  impl.RoleInfo (RoleInfo.java:updateAndGet(143)) - fdf19479-69c2-4639-b68c-6adde78ca28a: start FollowerState
2019-10-20 13:11:12,243 [grpc-default-executor-18] INFO  impl.RoleInfo (RoleInfo.java:updateAndGet(143)) - 1ac0a8d4-e534-43ce-83b1-426d47a3040d: start FollowerState
2019-10-20 13:11:12,245 [7660b851-9671-46a6-9e1d-7d946f95d492@group-42C3DBE2B33D-LeaderElection3398] INFO  impl.LeaderElection (LeaderElection.java:logAndReturn(56)) - 7660b851-9671-46a6-9e1d-7d946f95d492@group-42C3DBE2B33D-LeaderElection3398: Election TIMEOUT; received 0 response(s) [] and 0 exception(s); 7660b851-9671-46a6-9e1d-7d946f95d492@group-42C3DBE2B33D:t113, leader=null, voted=7660b851-9671-46a6-9e1d-7d946f95d492, raftlog=7660b851-9671-46a6-9e1d-7d946f95d492@group-42C3DBE2B33D-SegmentedRaftLog:OPENED:c-1,f-1,i0, conf=-1: [fdf19479-69c2-4639-b68c-6adde78ca28a:192.168.157.204:42858, 1ac0a8d4-e534-43ce-83b1-426d47a3040d:192.168.157.204:32953, 7660b851-9671-46a6-9e1d-7d946f95d492:192.168.157.204:41682], old=null
2019-10-20 13:11:12,256 [7660b851-9671-46a6-9e1d-7d946f95d492@group-42C3DBE2B33D-LeaderElection3398] INFO  impl.LeaderElection (LeaderElection.java:askForVotes(178)) - 7660b851-9671-46a6-9e1d-7d946f95d492@group-42C3DBE2B33D-LeaderElection3398: begin an election at term 114 for -1: [fdf19479-69c2-4639-b68c-6adde78ca28a:192.168.157.204:42858, 1ac0a8d4-e534-43ce-83b1-426d47a3040d:192.168.157.204:32953, 7660b851-9671-46a6-9e1d-7d946f95d492:192.168.157.204:41682], old=null
2019-10-20 13:11:12,257 [grpc-default-executor-10] INFO  impl.RaftServerImpl (RaftServerImpl.java:setRole(184)) - fdf19479-69c2-4639-b68c-6adde78ca28a@group-42C3DBE2B33D: changes role from  FOLLOWER to FOLLOWER at term 114 for recognizeCandidate:7660b851-9671-46a6-9e1d-7d946f95d492
2019-10-20 13:11:12,257 [grpc-default-executor-10] INFO  impl.RoleInfo (RoleInfo.java:shutdownFollowerState(121)) - fdf19479-69c2-4639-b68c-6adde78ca28a: shutdown FollowerState
2019-10-20 13:11:12,257 [grpc-default-executor-18] INFO  impl.RaftServerImpl (RaftServerImpl.java:setRole(184)) - 1ac0a8d4-e534-43ce-83b1-426d47a3040d@group-42C3DBE2B33D: changes role from  FOLLOWER to FOLLOWER at term 114 for recognizeCandidate:7660b851-9671-46a6-9e1d-7d946f95d492
2019-10-20 13:11:12,258 [grpc-default-executor-18] INFO  impl.RoleInfo (RoleInfo.java:shutdownFollowerState(121)) - 1ac0a8d4-e534-43ce-83b1-426d47a3040d: shutdown FollowerState
2019-10-20 13:11:12,258 [Thread-25366] INFO  impl.FollowerState (FollowerState.java:run(117)) - fdf19479-69c2-4639-b68c-6adde78ca28a@group-42C3DBE2B33D-FollowerState was interrupted: java.lang.InterruptedException: sleep interrupted
2019-10-20 13:11:12,258 [grpc-default-executor-10] INFO  impl.RoleInfo (RoleInfo.java:updateAndGet(143)) - fdf19479-69c2-4639-b68c-6adde78ca28a: start FollowerState
2019-10-20 13:11:12,258 [Thread-25367] INFO  impl.FollowerState (FollowerState.java:run(117)) - 1ac0a8d4-e534-43ce-83b1-426d47a3040d@group-42C3DBE2B33D-FollowerState was interrupted: java.lang.InterruptedException: sleep interrupted
2019-10-20 13:11:12,258 [grpc-default-executor-18] INFO  impl.RoleInfo (RoleInfo.java:updateAndGet(143)) - 1ac0a8d4-e534-43ce-83b1-426d47a3040d: start FollowerState
2019-10-20 13:11:12,271 [7660b851-9671-46a6-9e1d-7d946f95d492@group-42C3DBE2B33D-LeaderElection3398] INFO  impl.LeaderElection (LeaderElection.java:logAndReturn(56)) - 7660b851-9671-46a6-9e1d-7d946f95d492@group-42C3DBE2B33D-LeaderElection3398: Election REJECTED; received 2 response(s) [7660b851-9671-46a6-9e1d-7d946f95d492<-fdf19479-69c2-4639-b68c-6adde78ca28a#0:FAIL-t114, 7660b851-9671-46a6-9e1d-7d946f95d492<-1ac0a8d4-e534-43ce-83b1-426d47a3040d#0:FAIL-t114] and 0 exception(s); 7660b851-9671-46a6-9e1d-7d946f95d492@group-42C3DBE2B33D:t114, leader=null, voted=7660b851-9671-46a6-9e1d-7d946f95d492, raftlog=7660b851-9671-46a6-9e1d-7d946f95d492@group-42C3DBE2B33D-SegmentedRaftLog:OPENED:c-1,f-1,i0, conf=-1: [fdf19479-69c2-4639-b68c-6adde78ca28a:192.168.157.204:42858, 1ac0a8d4-e534-43ce-83b1-426d47a3040d:192.168.157.204:32953, 7660b851-9671-46a6-9e1d-7d946f95d492:192.168.157.204:41682], old=null
2019-10-20 13:11:12,271 [7660b851-9671-46a6-9e1d-7d946f95d492@group-42C3DBE2B33D-LeaderElection3398] INFO  impl.RaftServerImpl (RaftServerImpl.java:setRole(184)) - 7660b851-9671-46a6-9e1d-7d946f95d492@group-42C3DBE2B33D: changes role from CANDIDATE to FOLLOWER at term 114 for DISCOVERED_A_NEW_TERM
2019-10-20 13:11:12,271 [7660b851-9671-46a6-9e1d-7d946f95d492@group-42C3DBE2B33D-LeaderElection3398] INFO  impl.RoleInfo (RoleInfo.java:shutdownLeaderElection(134)) - 7660b851-9671-46a6-9e1d-7d946f95d492: shutdown LeaderElection
2019-10-20 13:11:12,271 [7660b851-9671-46a6-9e1d-7d946f95d492@group-42C3DBE2B33D-LeaderElection3398] INFO  impl.RoleInfo (RoleInfo.java:updateAndGet(143)) - 7660b851-9671-46a6-9e1d-7d946f95d492: start FollowerState
2019-10-20 13:11:12,374 [Thread-25372] INFO  impl.FollowerState (FollowerState.java:run(108)) - 7660b851-9671-46a6-9e1d-7d946f95d492@group-42C3DBE2B33D-FollowerState: change to CANDIDATE, lastRpcTime:103ms, electionTimeout:103ms
2019-10-20 13:11:12,374 [Thread-25372] INFO  impl.RoleInfo (RoleInfo.java:shutdownFollowerState(121)) - 7660b851-9671-46a6-9e1d-7d946f95d492: shutdown FollowerState
2019-10-20 13:11:12,375 [Thread-25372] INFO  impl.RaftServerImpl (RaftServerImpl.java:setRole(184)) - 7660b851-9671-46a6-9e1d-7d946f95d492@group-42C3DBE2B33D: changes role from  FOLLOWER to CANDIDATE at term 114 for changeToCandidate
2019-10-20 13:11:12,375 [Thread-25372] INFO  impl.RoleInfo (RoleInfo.java:updateAndGet(143)) - 7660b851-9671-46a6-9e1d-7d946f95d492: start LeaderElection
2019-10-20 13:11:12,388 [7660b851-9671-46a6-9e1d-7d946f95d492@group-42C3DBE2B33D-LeaderElection3399] INFO  impl.LeaderElection (LeaderElection.java:askForVotes(178)) - 7660b851-9671-46a6-9e1d-7d946f95d492@group-42C3DBE2B33D-LeaderElection3399: begin an election at term 115 for -1: [fdf19479-69c2-4639-b68c-6adde78ca28a:192.168.157.204:42858, 1ac0a8d4-e534-43ce-83b1-426d47a3040d:192.168.157.204:32953, 7660b851-9671-46a6-9e1d-7d946f95d492:192.168.157.204:41682], old=null
2019-10-20 13:11:12,389 [grpc-default-executor-10] INFO  impl.RaftServerImpl (RaftServerImpl.java:setRole(184)) - fdf19479-69c2-4639-b68c-6adde78ca28a@group-42C3DBE2B33D: changes role from  FOLLOWER to FOLLOWER at term 115 for recognizeCandidate:7660b851-9671-46a6-9e1d-7d946f95d492
2019-10-20 13:11:12,389 [grpc-default-executor-10] INFO  impl.RoleInfo (RoleInfo.java:shutdownFollowerState(121)) - fdf19479-69c2-4639-b68c-6adde78ca28a: shutdown FollowerState
2019-10-20 13:11:12,389 [grpc-default-executor-18] INFO  impl.RaftServerImpl (RaftServerImpl.java:setRole(184)) - 1ac0a8d4-e534-43ce-83b1-426d47a3040d@group-42C3DBE2B33D: changes role from  FOLLOWER to FOLLOWER at term 115 for recognizeCandidate:7660b851-9671-46a6-9e1d-7d946f95d492
2019-10-20 13:11:12,389 [grpc-default-executor-18] INFO  impl.RoleInfo (RoleInfo.java:shutdownFollowerState(121)) - 1ac0a8d4-e534-43ce-83b1-426d47a3040d: shutdown FollowerState
2019-10-20 13:11:12,389 [Thread-25370] INFO  impl.FollowerState (FollowerState.java:run(117)) - fdf19479-69c2-4639-b68c-6adde78ca28a@group-42C3DBE2B33D-FollowerState was interrupted: java.lang.InterruptedException: sleep interrupted
2019-10-20 13:11:12,389 [grpc-default-executor-10] INFO  impl.RoleInfo (RoleInfo.java:updateAndGet(143)) - fdf19479-69c2-4639-b68c-6adde78ca28a: start FollowerState
2019-10-20 13:11:12,389 [Thread-25371] INFO  impl.FollowerState (FollowerState.java:run(117)) - 1ac0a8d4-e534-43ce-83b1-426d47a3040d@group-42C3DBE2B33D-FollowerState was interrupted: java.lang.InterruptedException: sleep interrupted
2019-10-20 13:11:12,389 [grpc-default-executor-18] INFO  impl.RoleInfo (RoleInfo.java:updateAndGet(143)) - 1ac0a8d4-e534-43ce-83b1-426d47a3040d: start FollowerState
2019-10-20 13:11:12,402 [7660b851-9671-46a6-9e1d-7d946f95d492@group-42C3DBE2B33D-LeaderElection3399] INFO  impl.LeaderElection (LeaderElection.java:logAndReturn(56)) - 7660b851-9671-46a6-9e1d-7d946f95d492@group-42C3DBE2B33D-LeaderElection3399: Election REJECTED; received 2 response(s) [7660b851-9671-46a6-9e1d-7d946f95d492<-fdf19479-69c2-4639-b68c-6adde78ca28a#0:FAIL-t115, 7660b851-9671-46a6-9e1d-7d946f95d492<-1ac0a8d4-e534-43ce-83b1-426d47a3040d#0:FAIL-t115] and 0 exception(s); 7660b851-9671-46a6-9e1d-7d946f95d492@group-42C3DBE2B33D:t115, leader=null, voted=7660b851-9671-46a6-9e1d-7d946f95d492, raftlog=7660b851-9671-46a6-9e1d-7d946f95d492@group-42C3DBE2B33D-SegmentedRaftLog:OPENED:c-1,f-1,i0, conf=-1: [fdf19479-69c2-4639-b68c-6adde78ca28a:192.168.157.204:42858, 1ac0a8d4-e534-43ce-83b1-426d47a3040d:192.168.157.204:32953, 7660b851-9671-46a6-9e1d-7d946f95d492:192.168.157.204:41682], old=null
2019-10-20 13:11:12,403 [7660b851-9671-46a6-9e1d-7d946f95d492@group-42C3DBE2B33D-LeaderElection3399] INFO  impl.RaftServerImpl (RaftServerImpl.java:setRole(184)) - 7660b851-9671-46a6-9e1d-7d946f95d492@group-42C3DBE2B33D: changes role from CANDIDATE to FOLLOWER at term 115 for DISCOVERED_A_NEW_TERM
2019-10-20 13:11:12,403 [7660b851-9671-46a6-9e1d-7d946f95d492@group-42C3DBE2B33D-LeaderElection3399] INFO  impl.RoleInfo (RoleInfo.java:shutdownLeaderElection(134)) - 7660b851-9671-46a6-9e1d-7d946f95d492: shutdown LeaderElection
2019-10-20 13:11:12,403 [7660b851-9671-46a6-9e1d-7d946f95d492@group-42C3DBE2B33D-LeaderElection3399] INFO  impl.RoleInfo (RoleInfo.java:updateAndGet(143)) - 7660b851-9671-46a6-9e1d-7d946f95d492: start FollowerState
2019-10-20 13:11:12,490 [Thread-25380] INFO  impl.FollowerState (FollowerState.java:run(108)) - 7660b851-9671-46a6-9e1d-7d946f95d492@group-42C3DBE2B33D-FollowerState: change to CANDIDATE, lastRpcTime:87ms, electionTimeout:87ms
2019-10-20 13:11:12,490 [Thread-25380] INFO  impl.RoleInfo (RoleInfo.java:shutdownFollowerState(121)) - 7660b851-9671-46a6-9e1d-7d946f95d492: shutdown FollowerState
2019-10-20 13:11:12,490 [Thread-25380] INFO  impl.RaftServerImpl (RaftServerImpl.java:setRole(184)) - 7660b851-9671-46a6-9e1d-7d946f95d492@group-42C3DBE2B33D: changes role from  FOLLOWER to CANDIDATE at term 115 for changeToCandidate
2019-10-20 13:11:12,490 [Thread-25380] INFO  impl.RoleInfo (RoleInfo.java:updateAndGet(143)) - 7660b851-9671-46a6-9e1d-7d946f95d492: start LeaderElection
2019-10-20 13:11:12,503 [7660b851-9671-46a6-9e1d-7d946f95d492@group-42C3DBE2B33D-LeaderElection3400] INFO  impl.LeaderElection (LeaderElection.java:askForVotes(178)) - 7660b851-9671-46a6-9e1d-7d946f95d492@group-42C3DBE2B33D-LeaderElection3400: begin an election at term 116 for -1: [fdf19479-69c2-4639-b68c-6adde78ca28a:192.168.157.204:42858, 1ac0a8d4-e534-43ce-83b1-426d47a3040d:192.168.157.204:32953, 7660b851-9671-46a6-9e1d-7d946f95d492:192.168.157.204:41682], old=null
2019-10-20 13:11:12,504 [grpc-default-executor-10] INFO  impl.RaftServerImpl (RaftServerImpl.java:setRole(184)) - 1ac0a8d4-e534-43ce-83b1-426d47a3040d@group-42C3DBE2B33D: changes role from  FOLLOWER to FOLLOWER at term 116 for recognizeCandidate:7660b851-9671-46a6-9e1d-7d946f95d492
2019-10-20 13:11:12,505 [grpc-default-executor-18] INFO  impl.RaftServerImpl (RaftServerImpl.java:setRole(184)) - fdf19479-69c2-4639-b68c-6adde78ca28a@group-42C3DBE2B33D: changes role from  FOLLOWER to FOLLOWER at term 116 for recognizeCandidate:7660b851-9671-46a6-9e1d-7d946f95d492
2019-10-20 13:11:12,505 [grpc-default-executor-18] INFO  impl.RoleInfo (RoleInfo.java:shutdownFollowerState(121)) - fdf19479-69c2-4639-b68c-6adde78ca28a: shutdown FollowerState
2019-10-20 13:11:12,505 [grpc-default-executor-10] INFO  impl.RoleInfo (RoleInfo.java:shutdownFollowerState(121)) - 1ac0a8d4-e534-43ce-83b1-426d47a3040d: shutdown FollowerState
2019-10-20 13:11:12,505 [Thread-25378] INFO  impl.FollowerState (FollowerState.java:run(117)) - fdf19479-69c2-4639-b68c-6adde78ca28a@group-42C3DBE2B33D-FollowerState was interrupted: java.lang.InterruptedException: sleep interrupted
2019-10-20 13:11:12,505 [grpc-default-executor-18] INFO  impl.RoleInfo (RoleInfo.java:updateAndGet(143)) - fdf19479-69c2-4639-b68c-6adde78ca28a: start FollowerState
2019-10-20 13:11:12,505 [Thread-25379] INFO  impl.FollowerState (FollowerState.java:run(117)) - 1ac0a8d4-e534-43ce-83b1-426d47a3040d@group-42C3DBE2B33D-FollowerState was interrupted: java.lang.InterruptedException: sleep interrupted
2019-10-20 13:11:12,505 [grpc-default-executor-10] INFO  impl.RoleInfo (RoleInfo.java:updateAndGet(143)) - 1ac0a8d4-e534-43ce-83b1-426d47a3040d: start FollowerState
2019-10-20 13:11:12,507 [7660b851-9671-46a6-9e1d-7d946f95d492@group-42C3DBE2B33D-LeaderElection3400] INFO  impl.LeaderElection (LeaderElection.java:logAndReturn(56)) - 7660b851-9671-46a6-9e1d-7d946f95d492@group-42C3DBE2B33D-LeaderElection3400: Election TIMEOUT; received 0 response(s) [] and 0 exception(s); 7660b851-9671-46a6-9e1d-7d946f95d492@group-42C3DBE2B33D:t116, leader=null, voted=7660b851-9671-46a6-9e1d-7d946f95d492, raftlog=7660b851-9671-46a6-9e1d-7d946f95d492@group-42C3DBE2B33D-SegmentedRaftLog:OPENED:c-1,f-1,i0, conf=-1: [fdf19479-69c2-4639-b68c-6adde78ca28a:192.168.157.204:42858, 1ac0a8d4-e534-43ce-83b1-426d47a3040d:192.168.157.204:32953, 7660b851-9671-46a6-9e1d-7d946f95d492:192.168.157.204:41682], old=null
2019-10-20 13:11:12,519 [7660b851-9671-46a6-9e1d-7d946f95d492@group-42C3DBE2B33D-LeaderElection3400] INFO  impl.LeaderElection (LeaderElection.java:askForVotes(178)) - 7660b851-9671-46a6-9e1d-7d946f95d492@group-42C3DBE2B33D-LeaderElection3400: begin an election at term 117 for -1: [fdf19479-69c2-4639-b68c-6adde78ca28a:192.168.157.204:42858, 1ac0a8d4-e534-43ce-83b1-426d47a3040d:192.168.157.204:32953, 7660b851-9671-46a6-9e1d-7d946f95d492:192.168.157.204:41682], old=null
2019-10-20 13:11:12,520 [grpc-default-executor-10] INFO  impl.RaftServerImpl (RaftServerImpl.java:setRole(184)) - fdf19479-69c2-4639-b68c-6adde78ca28a@group-42C3DBE2B33D: changes role from  FOLLOWER to FOLLOWER at term 117 for recognizeCandidate:7660b851-9671-46a6-9e1d-7d946f95d492
2019-10-20 13:11:12,520 [grpc-default-executor-10] INFO  impl.RoleInfo (RoleInfo.java:shutdownFollowerState(121)) - fdf19479-69c2-4639-b68c-6adde78ca28a: shutdown FollowerState
2019-10-20 13:11:12,520 [grpc-default-executor-18] INFO  impl.RaftServerImpl (RaftServerImpl.java:setRole(184)) - 1ac0a8d4-e534-43ce-83b1-426d47a3040d@group-42C3DBE2B33D: changes role from  FOLLOWER to FOLLOWER at term 117 for recognizeCandidate:7660b851-9671-46a6-9e1d-7d946f95d492
2019-10-20 13:11:12,520 [grpc-default-executor-18] INFO  impl.RoleInfo (RoleInfo.java:shutdownFollowerState(121)) - 1ac0a8d4-e534-43ce-83b1-426d47a3040d: shutdown FollowerState
2019-10-20 13:11:12,520 [Thread-25384] INFO  impl.FollowerState (FollowerState.java:run(117)) - fdf19479-69c2-4639-b68c-6adde78ca28a@group-42C3DBE2B33D-FollowerState was interrupted: java.lang.InterruptedException: sleep interrupted
2019-10-20 13:11:12,520 [grpc-default-executor-10] INFO  impl.RoleInfo (RoleInfo.java:updateAndGet(143)) - fdf19479-69c2-4639-b68c-6adde78ca28a: start FollowerState
2019-10-20 13:11:12,520 [Thread-25385] INFO  impl.FollowerState (FollowerState.java:run(117)) - 1ac0a8d4-e534-43ce-83b1-426d47a3040d@group-42C3DBE2B33D-FollowerState was interrupted: java.lang.InterruptedException: sleep interrupted
2019-10-20 13:11:12,520 [grpc-default-executor-18] INFO  impl.RoleInfo (RoleInfo.java:updateAndGet(143)) - 1ac0a8d4-e534-43ce-83b1-426d47a3040d: start FollowerState
2019-10-20 13:11:12,522 [7660b851-9671-46a6-9e1d-7d946f95d492@group-42C3DBE2B33D-LeaderElection3400] INFO  impl.LeaderElection (LeaderElection.java:logAndReturn(56)) - 7660b851-9671-46a6-9e1d-7d946f95d492@group-42C3DBE2B33D-LeaderElection3400: Election TIMEOUT; received 0 response(s) [] and 0 exception(s); 7660b851-9671-46a6-9e1d-7d946f95d492@group-42C3DBE2B33D:t117, leader=null, voted=7660b851-9671-46a6-9e1d-7d946f95d492, raftlog=7660b851-9671-46a6-9e1d-7d946f95d492@group-42C3DBE2B33D-SegmentedRaftLog:OPENED:c-1,f-1,i0, conf=-1: [fdf19479-69c2-4639-b68c-6adde78ca28a:192.168.157.204:42858, 1ac0a8d4-e534-43ce-83b1-426d47a3040d:192.168.157.204:32953, 7660b851-9671-46a6-9e1d-7d946f95d492:192.168.157.204:41682], old=null
2019-10-20 13:11:12,542 [7660b851-9671-46a6-9e1d-7d946f95d492@group-42C3DBE2B33D-LeaderElection3400] INFO  impl.LeaderElection (LeaderElection.java:askForVotes(178)) - 7660b851-9671-46a6-9e1d-7d946f95d492@group-42C3DBE2B33D-LeaderElection3400: begin an election at term 118 for -1: [fdf19479-69c2-4639-b68c-6adde78ca28a:192.168.157.204:42858, 1ac0a8d4-e534-43ce-83b1-426d47a3040d:192.168.157.204:32953, 7660b851-9671-46a6-9e1d-7d946f95d492:192.168.157.204:41682], old=null
2019-10-20 13:11:12,543 [grpc-default-executor-10] INFO  impl.RaftServerImpl (RaftServerImpl.java:setRole(184)) - fdf19479-69c2-4639-b68c-6adde78ca28a@group-42C3DBE2B33D: changes role from  FOLLOWER to FOLLOWER at term 118 for recognizeCandidate:7660b851-9671-46a6-9e1d-7d946f95d492
2019-10-20 13:11:12,543 [grpc-default-executor-10] INFO  impl.RoleInfo (RoleInfo.java:shutdownFollowerState(121)) - fdf19479-69c2-4639-b68c-6adde78ca28a: shutdown FollowerState
2019-10-20 13:11:12,543 [grpc-default-executor-18] INFO  impl.RaftServerImpl (RaftServerImpl.java:setRole(184)) - 1ac0a8d4-e534-43ce-83b1-426d47a3040d@group-42C3DBE2B33D: changes role from  FOLLOWER to FOLLOWER at term 118 for recognizeCandidate:7660b851-9671-46a6-9e1d-7d946f95d492
2019-10-20 13:11:12,543 [grpc-default-executor-18] INFO  impl.RoleInfo (RoleInfo.java:shutdownFollowerState(121)) - 1ac0a8d4-e534-43ce-83b1-426d47a3040d: shutdown FollowerState
2019-10-20 13:11:12,543 [Thread-25388] INFO  impl.FollowerState (FollowerState.java:run(117)) - fdf19479-69c2-4639-b68c-6adde78ca28a@group-42C3DBE2B33D-FollowerState was interrupted: java.lang.InterruptedException: sleep interrupted
2019-10-20 13:11:12,543 [grpc-default-executor-10] INFO  impl.RoleInfo (RoleInfo.java:updateAndGet(143)) - fdf19479-69c2-4639-b68c-6adde78ca28a: start FollowerState
2019-10-20 13:11:12,544 [Thread-25389] INFO  impl.FollowerState (FollowerState.java:run(117)) - 1ac0a8d4-e534-43ce-83b1-426d47a3040d@group-42C3DBE2B33D-FollowerState was interrupted: java.lang.InterruptedException: sleep interrupted
2019-10-20 13:11:12,544 [grpc-default-executor-18] INFO  impl.RoleInfo (RoleInfo.java:updateAndGet(143)) - 1ac0a8d4-e534-43ce-83b1-426d47a3040d: start FollowerState
2019-10-20 13:11:12,558 [7660b851-9671-46a6-9e1d-7d946f95d492@group-42C3DBE2B33D-LeaderElection3400] INFO  impl.LeaderElection (LeaderElection.java:logAndReturn(56)) - 7660b851-9671-46a6-9e1d-7d946f95d492@group-42C3DBE2B33D-LeaderElection3400: Election REJECTED; received 2 response(s) [7660b851-9671-46a6-9e1d-7d946f95d492<-fdf19479-69c2-4639-b68c-6adde78ca28a#0:FAIL-t118, 7660b851-9671-46a6-9e1d-7d946f95d492<-1ac0a8d4-e534-43ce-83b1-426d47a3040d#0:FAIL-t118] and 0 exception(s); 7660b851-9671-46a6-9e1d-7d946f95d492@group-42C3DBE2B33D:t118, leader=null, voted=7660b851-9671-46a6-9e1d-7d946f95d492, raftlog=7660b851-9671-46a6-9e1d-7d946f95d492@group-42C3DBE2B33D-SegmentedRaftLog:OPENED:c-1,f-1,i0, conf=-1: [fdf19479-69c2-4639-b68c-6adde78ca28a:192.168.157.204:42858, 1ac0a8d4-e534-43ce-83b1-426d47a3040d:192.168.157.204:32953, 7660b851-9671-46a6-9e1d-7d946f95d492:192.168.157.204:41682], old=null
2019-10-20 13:11:12,558 [7660b851-9671-46a6-9e1d-7d946f95d492@group-42C3DBE2B33D-LeaderElection3400] INFO  impl.RaftServerImpl (RaftServerImpl.java:setRole(184)) - 7660b851-9671-46a6-9e1d-7d946f95d492@group-42C3DBE2B33D: changes role from CANDIDATE to FOLLOWER at term 118 for DISCOVERED_A_NEW_TERM
2019-10-20 13:11:12,558 [7660b851-9671-46a6-9e1d-7d946f95d492@group-42C3DBE2B33D-LeaderElection3400] INFO  impl.RoleInfo (RoleInfo.java:shutdownLeaderElection(134)) - 7660b851-9671-46a6-9e1d-7d946f95d492: shutdown LeaderElection
2019-10-20 13:11:12,559 [7660b851-9671-46a6-9e1d-7d946f95d492@group-42C3DBE2B33D-LeaderElection3400] INFO  impl.RoleInfo (RoleInfo.java:updateAndGet(143)) - 7660b851-9671-46a6-9e1d-7d946f95d492: start FollowerState
2019-10-20 13:11:12,575 [Thread-25394] INFO  impl.FollowerState (FollowerState.java:run(108)) - 7660b851-9671-46a6-9e1d-7d946f95d492@group-42C3DBE2B33D-FollowerState: change to CANDIDATE, lastRpcTime:16ms, electionTimeout:16ms
2019-10-20 13:11:12,575 [Thread-25394] INFO  impl.RoleInfo (RoleInfo.java:shutdownFollowerState(121)) - 7660b851-9671-46a6-9e1d-7d946f95d492: shutdown FollowerState
2019-10-20 13:11:12,575 [Thread-25394] INFO  impl.RaftServerImpl (RaftServerImpl.java:setRole(184)) - 7660b851-9671-46a6-9e1d-7d946f95d492@group-42C3DBE2B33D: changes role from  FOLLOWER to CANDIDATE at term 118 for changeToCandidate
2019-10-20 13:11:12,575 [Thread-25394] INFO  impl.RoleInfo (RoleInfo.java:updateAndGet(143)) - 7660b851-9671-46a6-9e1d-7d946f95d492: start LeaderElection
2019-10-20 13:11:12,589 [7660b851-9671-46a6-9e1d-7d946f95d492@group-42C3DBE2B33D-LeaderElection3401] INFO  impl.LeaderElection (LeaderElection.java:askForVotes(178)) - 7660b851-9671-46a6-9e1d-7d946f95d492@group-42C3DBE2B33D-LeaderElection3401: begin an election at term 119 for -1: [fdf19479-69c2-4639-b68c-6adde78ca28a:192.168.157.204:42858, 1ac0a8d4-e534-43ce-83b1-426d47a3040d:192.168.157.204:32953, 7660b851-9671-46a6-9e1d-7d946f95d492:192.168.157.204:41682], old=null
2019-10-20 13:11:12,590 [grpc-default-executor-10] INFO  impl.RaftServerImpl (RaftServerImpl.java:setRole(184)) - fdf19479-69c2-4639-b68c-6adde78ca28a@group-42C3DBE2B33D: changes role from  FOLLOWER to FOLLOWER at term 119 for recognizeCandidate:7660b851-9671-46a6-9e1d-7d946f95d492
2019-10-20 13:11:12,590 [grpc-default-executor-18] INFO  impl.RaftServerImpl (RaftServerImpl.java:setRole(184)) - 1ac0a8d4-e534-43ce-83b1-426d47a3040d@group-42C3DBE2B33D: changes role from  FOLLOWER to FOLLOWER at term 119 for recognizeCandidate:7660b851-9671-46a6-9e1d-7d946f95d492
2019-10-20 13:11:12,590 [grpc-default-executor-18] INFO  impl.RoleInfo (RoleInfo.java:shutdownFollowerState(121)) - 1ac0a8d4-e534-43ce-83b1-426d47a3040d: shutdown FollowerState
2019-10-20 13:11:12,590 [grpc-default-executor-10] INFO  impl.RoleInfo (RoleInfo.java:shutdownFollowerState(121)) - fdf19479-69c2-4639-b68c-6adde78ca28a: shutdown FollowerState
2019-10-20 13:11:12,590 [Thread-25393] INFO  impl.FollowerState (FollowerState.java:run(117)) - 1ac0a8d4-e534-43ce-83b1-426d47a3040d@group-42C3DBE2B33D-FollowerState was interrupted: java.lang.InterruptedException: sleep interrupted
2019-10-20 13:11:12,590 [grpc-default-executor-18] INFO  impl.RoleInfo (RoleInfo.java:updateAndGet(143)) - 1ac0a8d4-e534-43ce-83b1-426d47a3040d: start FollowerState
2019-10-20 13:11:12,590 [Thread-25392] INFO  impl.FollowerState (FollowerState.java:run(117)) - fdf19479-69c2-4639-b68c-6adde78ca28a@group-42C3DBE2B33D-FollowerState was interrupted: java.lang.InterruptedException: sleep interrupted
2019-10-20 13:11:12,590 [grpc-default-executor-10] INFO  impl.RoleInfo (RoleInfo.java:updateAndGet(143)) - fdf19479-69c2-4639-b68c-6adde78ca28a: start FollowerState
2019-10-20 13:11:12,604 [7660b851-9671-46a6-9e1d-7d946f95d492@group-42C3DBE2B33D-LeaderElection3401] INFO  impl.LeaderElection (LeaderElection.java:logAndReturn(56)) - 7660b851-9671-46a6-9e1d-7d946f95d492@group-42C3DBE2B33D-LeaderElection3401: Election REJECTED; received 2 response(s) [7660b851-9671-46a6-9e1d-7d946f95d492<-fdf19479-69c2-4639-b68c-6adde78ca28a#0:FAIL-t119, 7660b851-9671-46a6-9e1d-7d946f95d492<-1ac0a8d4-e534-43ce-83b1-426d47a3040d#0:FAIL-t119] and 0 exception(s); 7660b851-9671-46a6-9e1d-7d946f95d492@group-42C3DBE2B33D:t119, leader=null, voted=7660b851-9671-46a6-9e1d-7d946f95d492, raftlog=7660b851-9671-46a6-9e1d-7d946f95d492@group-42C3DBE2B33D-SegmentedRaftLog:OPENED:c-1,f-1,i0, conf=-1: [fdf19479-69c2-4639-b68c-6adde78ca28a:192.168.157.204:42858, 1ac0a8d4-e534-43ce-83b1-426d47a3040d:192.168.157.204:32953, 7660b851-9671-46a6-9e1d-7d946f95d492:192.168.157.204:41682], old=null
2019-10-20 13:11:12,604 [7660b851-9671-46a6-9e1d-7d946f95d492@group-42C3DBE2B33D-LeaderElection3401] INFO  impl.RaftServerImpl (RaftServerImpl.java:setRole(184)) - 7660b851-9671-46a6-9e1d-7d946f95d492@group-42C3DBE2B33D: changes role from CANDIDATE to FOLLOWER at term 119 for DISCOVERED_A_NEW_TERM
2019-10-20 13:11:12,604 [7660b851-9671-46a6-9e1d-7d946f95d492@group-42C3DBE2B33D-LeaderElection3401] INFO  impl.RoleInfo (RoleInfo.java:shutdownLeaderElection(134)) - 7660b851-9671-46a6-9e1d-7d946f95d492: shutdown LeaderElection
2019-10-20 13:11:12,604 [7660b851-9671-46a6-9e1d-7d946f95d492@group-42C3DBE2B33D-LeaderElection3401] INFO  impl.RoleInfo (RoleInfo.java:updateAndGet(143)) - 7660b851-9671-46a6-9e1d-7d946f95d492: start FollowerState
2019-10-20 13:11:12,751 [Thread-25400] INFO  impl.FollowerState (FollowerState.java:run(108)) - 7660b851-9671-46a6-9e1d-7d946f95d492@group-42C3DBE2B33D-FollowerState: change to CANDIDATE, lastRpcTime:147ms, electionTimeout:147ms
2019-10-20 13:11:12,752 [Thread-25400] INFO  impl.RoleInfo (RoleInfo.java:shutdownFollowerState(121)) - 7660b851-9671-46a6-9e1d-7d946f95d492: shutdown FollowerState
2019-10-20 13:11:12,752 [Thread-25400] INFO  impl.RaftServerImpl (RaftServerImpl.java:setRole(184)) - 7660b851-9671-46a6-9e1d-7d946f95d492@group-42C3DBE2B33D: changes role from  FOLLOWER to CANDIDATE at term 119 for changeToCandidate
2019-10-20 13:11:12,752 [Thread-25400] INFO  impl.RoleInfo (RoleInfo.java:updateAndGet(143)) - 7660b851-9671-46a6-9e1d-7d946f95d492: start LeaderElection
2019-10-20 13:11:12,778 [7660b851-9671-46a6-9e1d-7d946f95d492@group-42C3DBE2B33D-LeaderElection3402] INFO  impl.LeaderElection (LeaderElection.java:askForVotes(178)) - 7660b851-9671-46a6-9e1d-7d946f95d492@group-42C3DBE2B33D-LeaderElection3402: begin an election at term 120 for -1: [fdf19479-69c2-4639-b68c-6adde78ca28a:192.168.157.204:42858, 1ac0a8d4-e534-43ce-83b1-426d47a3040d:192.168.157.204:32953, 7660b851-9671-46a6-9e1d-7d946f95d492:192.168.157.204:41682], old=null
2019-10-20 13:11:12,778 [grpc-default-executor-18] INFO  impl.RaftServerImpl (RaftServerImpl.java:setRole(184)) - fdf19479-69c2-4639-b68c-6adde78ca28a@group-42C3DBE2B33D: changes role from  FOLLOWER to FOLLOWER at term 120 for recognizeCandidate:7660b851-9671-46a6-9e1d-7d946f95d492
2019-10-20 13:11:12,779 [grpc-default-executor-18] INFO  impl.RoleInfo (RoleInfo.java:shutdownFollowerState(121)) - fdf19479-69c2-4639-b68c-6adde78ca28a: shutdown FollowerState
2019-10-20 13:11:12,779 [grpc-default-executor-10] INFO  impl.RaftServerImpl (RaftServerImpl.java:setRole(184)) - 1ac0a8d4-e534-43ce-83b1-426d47a3040d@group-42C3DBE2B33D: changes role from  FOLLOWER to FOLLOWER at term 120 for recognizeCandidate:7660b851-9671-46a6-9e1d-7d946f95d492
2019-10-20 13:11:12,779 [grpc-default-executor-10] INFO  impl.RoleInfo (RoleInfo.java:shutdownFollowerState(121)) - 1ac0a8d4-e534-43ce-83b1-426d47a3040d: shutdown FollowerState
2019-10-20 13:11:12,779 [Thread-25399] INFO  impl.FollowerState (FollowerState.java:run(117)) - fdf19479-69c2-4639-b68c-6adde78ca28a@group-42C3DBE2B33D-FollowerState was interrupted: java.lang.InterruptedException: sleep interrupted
2019-10-20 13:11:12,779 [Thread-25398] INFO  impl.FollowerState (FollowerState.java:run(117)) - 1ac0a8d4-e534-43ce-83b1-426d47a3040d@group-42C3DBE2B33D-FollowerState was interrupted: java.lang.InterruptedException: sleep interrupted
2019-10-20 13:11:12,779 [grpc-default-executor-18] INFO  impl.RoleInfo (RoleInfo.java:updateAndGet(143)) - fdf19479-69c2-4639-b68c-6adde78ca28a: start FollowerState
2019-10-20 13:11:12,779 [grpc-default-executor-10] INFO  impl.RoleInfo (RoleInfo.java:updateAndGet(143)) - 1ac0a8d4-e534-43ce-83b1-426d47a3040d: start FollowerState
2019-10-20 13:11:12,793 [7660b851-9671-46a6-9e1d-7d946f95d492@group-42C3DBE2B33D-LeaderElection3402] INFO  impl.LeaderElection (LeaderElection.java:logAndReturn(56)) - 7660b851-9671-46a6-9e1d-7d946f95d492@group-42C3DBE2B33D-LeaderElection3402: Election REJECTED; received 2 response(s) [7660b851-9671-46a6-9e1d-7d946f95d492<-fdf19479-69c2-4639-b68c-6adde78ca28a#0:FAIL-t120, 7660b851-9671-46a6-9e1d-7d946f95d492<-1ac0a8d4-e534-43ce-83b1-426d47a3040d#0:FAIL-t120] and 0 exception(s); 7660b851-9671-46a6-9e1d-7d946f95d492@group-42C3DBE2B33D:t120, leader=null, voted=7660b851-9671-46a6-9e1d-7d946f95d492, raftlog=7660b851-9671-46a6-9e1d-7d946f95d492@group-42C3DBE2B33D-SegmentedRaftLog:OPENED:c-1,f-1,i0, conf=-1: [fdf19479-69c2-4639-b68c-6adde78ca28a:192.168.157.204:42858, 1ac0a8d4-e534-43ce-83b1-426d47a3040d:192.168.157.204:32953, 7660b851-9671-46a6-9e1d-7d946f95d492:192.168.157.204:41682], old=null
2019-10-20 13:11:12,794 [7660b851-9671-46a6-9e1d-7d946f95d492@group-42C3DBE2B33D-LeaderElection3402] INFO  impl.RaftServerImpl (RaftServerImpl.java:setRole(184)) - 7660b851-9671-46a6-9e1d-7d946f95d492@group-42C3DBE2B33D: changes role from CANDIDATE to FOLLOWER at term 120 for DISCOVERED_A_NEW_TERM
2019-10-20 13:11:12,794 [7660b851-9671-46a6-9e1d-7d946f95d492@group-42C3DBE2B33D-LeaderElection3402] INFO  impl.RoleInfo (RoleInfo.java:shutdownLeaderElection(134)) - 7660b851-9671-46a6-9e1d-7d946f95d492: shutdown LeaderElection
2019-10-20 13:11:12,794 [7660b851-9671-46a6-9e1d-7d946f95d492@group-42C3DBE2B33D-LeaderElection3402] INFO  impl.RoleInfo (RoleInfo.java:updateAndGet(143)) - 7660b851-9671-46a6-9e1d-7d946f95d492: start FollowerState
2019-10-20 13:11:12,799 [Thread-25408] INFO  impl.FollowerState (FollowerState.java:run(108)) - 7660b851-9671-46a6-9e1d-7d946f95d492@group-42C3DBE2B33D-FollowerState: change to CANDIDATE, lastRpcTime:5ms, electionTimeout:5ms
2019-10-20 13:11:12,799 [Thread-25408] INFO  impl.RoleInfo (RoleInfo.java:shutdownFollowerState(121)) - 7660b851-9671-46a6-9e1d-7d946f95d492: shutdown FollowerState
2019-10-20 13:11:12,800 [Thread-25408] INFO  impl.RaftServerImpl (RaftServerImpl.java:setRole(184)) - 7660b851-9671-46a6-9e1d-7d946f95d492@group-42C3DBE2B33D: changes role from  FOLLOWER to CANDIDATE at term 120 for changeToCandidate
2019-10-20 13:11:12,800 [Thread-25408] INFO  impl.RoleInfo (RoleInfo.java:updateAndGet(143)) - 7660b851-9671-46a6-9e1d-7d946f95d492: start LeaderElection
2019-10-20 13:11:12,814 [7660b851-9671-46a6-9e1d-7d946f95d492@group-42C3DBE2B33D-LeaderElection3403] INFO  impl.LeaderElection (LeaderElection.java:askForVotes(178)) - 7660b851-9671-46a6-9e1d-7d946f95d492@group-42C3DBE2B33D-LeaderElection3403: begin an election at term 121 for -1: [fdf19479-69c2-4639-b68c-6adde78ca28a:192.168.157.204:42858, 1ac0a8d4-e534-43ce-83b1-426d47a3040d:192.168.157.204:32953, 7660b851-9671-46a6-9e1d-7d946f95d492:192.168.157.204:41682], old=null
2019-10-20 13:11:12,815 [grpc-default-executor-18] INFO  impl.RaftServerImpl (RaftServerImpl.java:setRole(184)) - fdf19479-69c2-4639-b68c-6adde78ca28a@group-42C3DBE2B33D: changes role from  FOLLOWER to FOLLOWER at term 121 for recognizeCandidate:7660b851-9671-46a6-9e1d-7d946f95d492
2019-10-20 13:11:12,815 [grpc-default-executor-18] INFO  impl.RoleInfo (RoleInfo.java:shutdownFollowerState(121)) - fdf19479-69c2-4639-b68c-6adde78ca28a: shutdown FollowerState
2019-10-20 13:11:12,815 [grpc-default-executor-10] INFO  impl.RaftServerImpl (RaftServerImpl.java:setRole(184)) - 1ac0a8d4-e534-43ce-83b1-426d47a3040d@group-42C3DBE2B33D: changes role from  FOLLOWER to FOLLOWER at term 121 for recognizeCandidate:7660b851-9671-46a6-9e1d-7d946f95d492
2019-10-20 13:11:12,815 [grpc-default-executor-10] INFO  impl.RoleInfo (RoleInfo.java:shutdownFollowerState(121)) - 1ac0a8d4-e534-43ce-83b1-426d47a3040d: shutdown FollowerState
2019-10-20 13:11:12,815 [Thread-25406] INFO  impl.FollowerState (FollowerState.java:run(117)) - fdf19479-69c2-4639-b68c-6adde78ca28a@group-42C3DBE2B33D-FollowerState was interrupted: java.lang.InterruptedException: sleep interrupted
2019-10-20 13:11:12,815 [grpc-default-executor-18] INFO  impl.RoleInfo (RoleInfo.java:updateAndGet(143)) - fdf19479-69c2-4639-b68c-6adde78ca28a: start FollowerState
2019-10-20 13:11:12,816 [Thread-25407] INFO  impl.FollowerState (FollowerState.java:run(117)) - 1ac0a8d4-e534-43ce-83b1-426d47a3040d@group-42C3DBE2B33D-FollowerState was interrupted: java.lang.InterruptedException: sleep interrupted
2019-10-20 13:11:12,815 [grpc-default-executor-10] INFO  impl.RoleInfo (RoleInfo.java:updateAndGet(143)) - 1ac0a8d4-e534-43ce-83b1-426d47a3040d: start FollowerState
2019-10-20 13:11:12,830 [7660b851-9671-46a6-9e1d-7d946f95d492@group-42C3DBE2B33D-LeaderElection3403] INFO  impl.LeaderElection (LeaderElection.java:logAndReturn(56)) - 7660b851-9671-46a6-9e1d-7d946f95d492@group-42C3DBE2B33D-LeaderElection3403: Election REJECTED; received 2 response(s) [7660b851-9671-46a6-9e1d-7d946f95d492<-fdf19479-69c2-4639-b68c-6adde78ca28a#0:FAIL-t121, 7660b851-9671-46a6-9e1d-7d946f95d492<-1ac0a8d4-e534-43ce-83b1-426d47a3040d#0:FAIL-t121] and 0 exception(s); 7660b851-9671-46a6-9e1d-7d946f95d492@group-42C3DBE2B33D:t121, leader=null, voted=7660b851-9671-46a6-9e1d-7d946f95d492, raftlog=7660b851-9671-46a6-9e1d-7d946f95d492@group-42C3DBE2B33D-SegmentedRaftLog:OPENED:c-1,f-1,i0, conf=-1: [fdf19479-69c2-4639-b68c-6adde78ca28a:192.168.157.204:42858, 1ac0a8d4-e534-43ce-83b1-426d47a3040d:192.168.157.204:32953, 7660b851-9671-46a6-9e1d-7d946f95d492:192.168.157.204:41682], old=null
2019-10-20 13:11:12,830 [7660b851-9671-46a6-9e1d-7d946f95d492@group-42C3DBE2B33D-LeaderElection3403] INFO  impl.RaftServerImpl (RaftServerImpl.java:setRole(184)) - 7660b851-9671-46a6-9e1d-7d946f95d492@group-42C3DBE2B33D: changes role from CANDIDATE to FOLLOWER at term 121 for DISCOVERED_A_NEW_TERM
2019-10-20 13:11:12,830 [7660b851-9671-46a6-9e1d-7d946f95d492@group-42C3DBE2B33D-LeaderElection3403] INFO  impl.RoleInfo (RoleInfo.java:shutdownLeaderElection(134)) - 7660b851-9671-46a6-9e1d-7d946f95d492: shutdown LeaderElection
2019-10-20 13:11:12,830 [7660b851-9671-46a6-9e1d-7d946f95d492@group-42C3DBE2B33D-LeaderElection3403] INFO  impl.RoleInfo (RoleInfo.java:updateAndGet(143)) - 7660b851-9671-46a6-9e1d-7d946f95d492: start FollowerState
2019-10-20 13:11:12,834 [Thread-25414] INFO  impl.FollowerState (FollowerState.java:run(108)) - 7660b851-9671-46a6-9e1d-7d946f95d492@group-42C3DBE2B33D-FollowerState: change to CANDIDATE, lastRpcTime:4ms, electionTimeout:4ms
2019-10-20 13:11:12,835 [Thread-25414] INFO  impl.RoleInfo (RoleInfo.java:shutdownFollowerState(121)) - 7660b851-9671-46a6-9e1d-7d946f95d492: shutdown FollowerState
2019-10-20 13:11:12,835 [Thread-25414] INFO  impl.RaftServerImpl (RaftServerImpl.java:setRole(184)) - 7660b851-9671-46a6-9e1d-7d946f95d492@group-42C3DBE2B33D: changes role from  FOLLOWER to CANDIDATE at term 121 for changeToCandidate
2019-10-20 13:11:12,835 [Thread-25414] INFO  impl.RoleInfo (RoleInfo.java:updateAndGet(143)) - 7660b851-9671-46a6-9e1d-7d946f95d492: start LeaderElection
2019-10-20 13:11:12,847 [7660b851-9671-46a6-9e1d-7d946f95d492@group-42C3DBE2B33D-LeaderElection3404] INFO  impl.LeaderElection (LeaderElection.java:askForVotes(178)) - 7660b851-9671-46a6-9e1d-7d946f95d492@group-42C3DBE2B33D-LeaderElection3404: begin an election at term 122 for -1: [fdf19479-69c2-4639-b68c-6adde78ca28a:192.168.157.204:42858, 1ac0a8d4-e534-43ce-83b1-426d47a3040d:192.168.157.204:32953, 7660b851-9671-46a6-9e1d-7d946f95d492:192.168.157.204:41682], old=null
2019-10-20 13:11:12,848 [grpc-default-executor-10] INFO  impl.RaftServerImpl (RaftServerImpl.java:setRole(184)) - fdf19479-69c2-4639-b68c-6adde78ca28a@group-42C3DBE2B33D: changes role from  FOLLOWER to FOLLOWER at term 122 for recognizeCandidate:7660b851-9671-46a6-9e1d-7d946f95d492
2019-10-20 13:11:12,848 [grpc-default-executor-18] INFO  impl.RaftServerImpl (RaftServerImpl.java:setRole(184)) - 1ac0a8d4-e534-43ce-83b1-426d47a3040d@group-42C3DBE2B33D: changes role from  FOLLOWER to FOLLOWER at term 122 for recognizeCandidate:7660b851-9671-46a6-9e1d-7d946f95d492
2019-10-20 13:11:12,849 [grpc-default-executor-18] INFO  impl.RoleInfo (RoleInfo.java:shutdownFollowerState(121)) - 1ac0a8d4-e534-43ce-83b1-426d47a3040d: shutdown FollowerState
2019-10-20 13:11:12,848 [grpc-default-executor-10] INFO  impl.RoleInfo (RoleInfo.java:shutdownFollowerState(121)) - fdf19479-69c2-4639-b68c-6adde78ca28a: shutdown FollowerState
2019-10-20 13:11:12,849 [Thread-25413] INFO  impl.FollowerState (FollowerState.java:run(117)) - 1ac0a8d4-e534-43ce-83b1-426d47a3040d@group-42C3DBE2B33D-FollowerState was interrupted: java.lang.InterruptedException: sleep interrupted
2019-10-20 13:11:12,849 [grpc-default-executor-18] INFO  impl.RoleInfo (RoleInfo.java:updateAndGet(143)) - 1ac0a8d4-e534-43ce-83b1-426d47a3040d: start FollowerState
2019-10-20 13:11:12,849 [Thread-25412] INFO  impl.FollowerState (FollowerState.java:run(117)) - fdf19479-69c2-4639-b68c-6adde78ca28a@group-42C3DBE2B33D-FollowerState was interrupted: java.lang.InterruptedException: sleep interrupted
2019-10-20 13:11:12,849 [grpc-default-executor-10] INFO  impl.RoleInfo (RoleInfo.java:updateAndGet(143)) - fdf19479-69c2-4639-b68c-6adde78ca28a: start FollowerState
2019-10-20 13:11:12,864 [7660b851-9671-46a6-9e1d-7d946f95d492@group-42C3DBE2B33D-LeaderElection3404] INFO  impl.LeaderElection (LeaderElection.java:logAndReturn(56)) - 7660b851-9671-46a6-9e1d-7d946f95d492@group-42C3DBE2B33D-LeaderElection3404: Election REJECTED; received 2 response(s) [7660b851-9671-46a6-9e1d-7d946f95d492<-fdf19479-69c2-4639-b68c-6adde78ca28a#0:FAIL-t122, 7660b851-9671-46a6-9e1d-7d946f95d492<-1ac0a8d4-e534-43ce-83b1-426d47a3040d#0:FAIL-t122] and 0 exception(s); 7660b851-9671-46a6-9e1d-7d946f95d492@group-42C3DBE2B33D:t122, leader=null, voted=7660b851-9671-46a6-9e1d-7d946f95d492, raftlog=7660b851-9671-46a6-9e1d-7d946f95d492@group-42C3DBE2B33D-SegmentedRaftLog:OPENED:c-1,f-1,i0, conf=-1: [fdf19479-69c2-4639-b68c-6adde78ca28a:192.168.157.204:42858, 1ac0a8d4-e534-43ce-83b1-426d47a3040d:192.168.157.204:32953, 7660b851-9671-46a6-9e1d-7d946f95d492:192.168.157.204:41682], old=null
2019-10-20 13:11:12,865 [7660b851-9671-46a6-9e1d-7d946f95d492@group-42C3DBE2B33D-LeaderElection3404] INFO  impl.RaftServerImpl (RaftServerImpl.java:setRole(184)) - 7660b851-9671-46a6-9e1d-7d946f95d492@group-42C3DBE2B33D: changes role from CANDIDATE to FOLLOWER at term 122 for DISCOVERED_A_NEW_TERM
2019-10-20 13:11:12,865 [7660b851-9671-46a6-9e1d-7d946f95d492@group-42C3DBE2B33D-LeaderElection3404] INFO  impl.RoleInfo (RoleInfo.java:shutdownLeaderElection(134)) - 7660b851-9671-46a6-9e1d-7d946f95d492: shutdown LeaderElection
2019-10-20 13:11:12,865 [7660b851-9671-46a6-9e1d-7d946f95d492@group-42C3DBE2B33D-LeaderElection3404] INFO  impl.RoleInfo (RoleInfo.java:updateAndGet(143)) - 7660b851-9671-46a6-9e1d-7d946f95d492: start FollowerState
2019-10-20 13:11:12,975 [Thread-25420] INFO  impl.FollowerState (FollowerState.java:run(108)) - 7660b851-9671-46a6-9e1d-7d946f95d492@group-42C3DBE2B33D-FollowerState: change to CANDIDATE, lastRpcTime:110ms, electionTimeout:110ms
2019-10-20 13:11:12,975 [Thread-25420] INFO  impl.RoleInfo (RoleInfo.java:shutdownFollowerState(121)) - 7660b851-9671-46a6-9e1d-7d946f95d492: shutdown FollowerState
2019-10-20 13:11:12,976 [Thread-25420] INFO  impl.RaftServerImpl (RaftServerImpl.java:setRole(184)) - 7660b851-9671-46a6-9e1d-7d946f95d492@group-42C3DBE2B33D: changes role from  FOLLOWER to CANDIDATE at term 122 for changeToCandidate
2019-10-20 13:11:12,976 [Thread-25420] INFO  impl.RoleInfo (RoleInfo.java:updateAndGet(143)) - 7660b851-9671-46a6-9e1d-7d946f95d492: start LeaderElection
2019-10-20 13:11:12,988 [7660b851-9671-46a6-9e1d-7d946f95d492@group-42C3DBE2B33D-LeaderElection3405] INFO  impl.LeaderElection (LeaderElection.java:askForVotes(178)) - 7660b851-9671-46a6-9e1d-7d946f95d492@group-42C3DBE2B33D-LeaderElection3405: begin an election at term 123 for -1: [fdf19479-69c2-4639-b68c-6adde78ca28a:192.168.157.204:42858, 1ac0a8d4-e534-43ce-83b1-426d47a3040d:192.168.157.204:32953, 7660b851-9671-46a6-9e1d-7d946f95d492:192.168.157.204:41682], old=null
2019-10-20 13:11:12,990 [grpc-default-executor-10] INFO  impl.RaftServerImpl (RaftServerImpl.java:setRole(184)) - fdf19479-69c2-4639-b68c-6adde78ca28a@group-42C3DBE2B33D: changes role from  FOLLOWER to FOLLOWER at term 123 for recognizeCandidate:7660b851-9671-46a6-9e1d-7d946f95d492
2019-10-20 13:11:12,990 [grpc-default-executor-18] INFO  impl.RaftServerImpl (RaftServerImpl.java:setRole(184)) - 1ac0a8d4-e534-43ce-83b1-426d47a3040d@group-42C3DBE2B33D: changes role from  FOLLOWER to FOLLOWER at term 123 for recognizeCandidate:7660b851-9671-46a6-9e1d-7d946f95d492
2019-10-20 13:11:12,990 [grpc-default-executor-18] INFO  impl.RoleInfo (RoleInfo.java:shutdownFollowerState(121)) - 1ac0a8d4-e534-43ce-83b1-426d47a3040d: shutdown FollowerState
2019-10-20 13:11:12,990 [grpc-default-executor-10] INFO  impl.RoleInfo (RoleInfo.java:shutdownFollowerState(121)) - fdf19479-69c2-4639-b68c-6adde78ca28a: shutdown FollowerState
2019-10-20 13:11:12,990 [Thread-25418] INFO  impl.FollowerState (FollowerState.java:run(117)) - 1ac0a8d4-e534-43ce-83b1-426d47a3040d@group-42C3DBE2B33D-FollowerState was interrupted: java.lang.InterruptedException: sleep interrupted
2019-10-20 13:11:12,990 [grpc-default-executor-18] INFO  impl.RoleInfo (RoleInfo.java:updateAndGet(143)) - 1ac0a8d4-e534-43ce-83b1-426d47a3040d: start FollowerState
2019-10-20 13:11:12,990 [Thread-25419] INFO  impl.FollowerState (FollowerState.java:run(117)) - fdf19479-69c2-4639-b68c-6adde78ca28a@group-42C3DBE2B33D-FollowerState was interrupted: java.lang.InterruptedException: sleep interrupted
2019-10-20 13:11:12,990 [grpc-default-executor-10] INFO  impl.RoleInfo (RoleInfo.java:updateAndGet(143)) - fdf19479-69c2-4639-b68c-6adde78ca28a: start FollowerState
2019-10-20 13:11:12,999 [7660b851-9671-46a6-9e1d-7d946f95d492@group-42C3DBE2B33D-LeaderElection3405] INFO  impl.LeaderElection (LeaderElection.java:logAndReturn(56)) - 7660b851-9671-46a6-9e1d-7d946f95d492@group-42C3DBE2B33D-LeaderElection3405: Election TIMEOUT; received 0 response(s) [] and 0 exception(s); 7660b851-9671-46a6-9e1d-7d946f95d492@group-42C3DBE2B33D:t123, leader=null, voted=7660b851-9671-46a6-9e1d-7d946f95d492, raftlog=7660b851-9671-46a6-9e1d-7d946f95d492@group-42C3DBE2B33D-SegmentedRaftLog:OPENED:c-1,f-1,i0, conf=-1: [fdf19479-69c2-4639-b68c-6adde78ca28a:192.168.157.204:42858, 1ac0a8d4-e534-43ce-83b1-426d47a3040d:192.168.157.204:32953, 7660b851-9671-46a6-9e1d-7d946f95d492:192.168.157.204:41682], old=null
2019-10-20 13:11:13,029 [7660b851-9671-46a6-9e1d-7d946f95d492@group-42C3DBE2B33D-LeaderElection3405] INFO  impl.LeaderElection (LeaderElection.java:askForVotes(178)) - 7660b851-9671-46a6-9e1d-7d946f95d492@group-42C3DBE2B33D-LeaderElection3405: begin an election at term 124 for -1: [fdf19479-69c2-4639-b68c-6adde78ca28a:192.168.157.204:42858, 1ac0a8d4-e534-43ce-83b1-426d47a3040d:192.168.157.204:32953, 7660b851-9671-46a6-9e1d-7d946f95d492:192.168.157.204:41682], old=null
2019-10-20 13:11:13,030 [grpc-default-executor-10] INFO  impl.RaftServerImpl (RaftServerImpl.java:setRole(184)) - fdf19479-69c2-4639-b68c-6adde78ca28a@group-42C3DBE2B33D: changes role from  FOLLOWER to FOLLOWER at term 124 for recognizeCandidate:7660b851-9671-46a6-9e1d-7d946f95d492
2019-10-20 13:11:13,031 [grpc-default-executor-18] INFO  impl.RaftServerImpl (RaftServerImpl.java:setRole(184)) - 1ac0a8d4-e534-43ce-83b1-426d47a3040d@group-42C3DBE2B33D: changes role from  FOLLOWER to FOLLOWER at term 124 for recognizeCandidate:7660b851-9671-46a6-9e1d-7d946f95d492
2019-10-20 13:11:13,031 [grpc-default-executor-18] INFO  impl.RoleInfo (RoleInfo.java:shutdownFollowerState(121)) - 1ac0a8d4-e534-43ce-83b1-426d47a3040d: shutdown FollowerState
2019-10-20 13:11:13,031 [grpc-default-executor-10] INFO  impl.RoleInfo (RoleInfo.java:shutdownFollowerState(121)) - fdf19479-69c2-4639-b68c-6adde78ca28a: shutdown FollowerState
2019-10-20 13:11:13,031 [Thread-25426] INFO  impl.FollowerState (FollowerState.java:run(117)) - 1ac0a8d4-e534-43ce-83b1-426d47a3040d@group-42C3DBE2B33D-FollowerState was interrupted: java.lang.InterruptedException: sleep interrupted
2019-10-20 13:11:13,031 [grpc-default-executor-18] INFO  impl.RoleInfo (RoleInfo.java:updateAndGet(143)) - 1ac0a8d4-e534-43ce-83b1-426d47a3040d: start FollowerState
2019-10-20 13:11:13,031 [Thread-25427] INFO  impl.FollowerState (FollowerState.java:run(117)) - fdf19479-69c2-4639-b68c-6adde78ca28a@group-42C3DBE2B33D-FollowerState was interrupted: java.lang.InterruptedException: sleep interrupted
2019-10-20 13:11:13,031 [grpc-default-executor-10] INFO  impl.RoleInfo (RoleInfo.java:updateAndGet(143)) - fdf19479-69c2-4639-b68c-6adde78ca28a: start FollowerState
2019-10-20 13:11:13,042 [7660b851-9671-46a6-9e1d-7d946f95d492@group-42C3DBE2B33D-LeaderElection3405] INFO  impl.LeaderElection (LeaderElection.java:logAndReturn(56)) - 7660b851-9671-46a6-9e1d-7d946f95d492@group-42C3DBE2B33D-LeaderElection3405: Election REJECTED; received 2 response(s) [7660b851-9671-46a6-9e1d-7d946f95d492<-fdf19479-69c2-4639-b68c-6adde78ca28a#0:FAIL-t124, 7660b851-9671-46a6-9e1d-7d946f95d492<-1ac0a8d4-e534-43ce-83b1-426d47a3040d#0:FAIL-t124] and 0 exception(s); 7660b851-9671-46a6-9e1d-7d946f95d492@group-42C3DBE2B33D:t124, leader=null, voted=7660b851-9671-46a6-9e1d-7d946f95d492, raftlog=7660b851-9671-46a6-9e1d-7d946f95d492@group-42C3DBE2B33D-SegmentedRaftLog:OPENED:c-1,f-1,i0, conf=-1: [fdf19479-69c2-4639-b68c-6adde78ca28a:192.168.157.204:42858, 1ac0a8d4-e534-43ce-83b1-426d47a3040d:192.168.157.204:32953, 7660b851-9671-46a6-9e1d-7d946f95d492:192.168.157.204:41682], old=null
2019-10-20 13:11:13,042 [7660b851-9671-46a6-9e1d-7d946f95d492@group-42C3DBE2B33D-LeaderElection3405] INFO  impl.RaftServerImpl (RaftServerImpl.java:setRole(184)) - 7660b851-9671-46a6-9e1d-7d946f95d492@group-42C3DBE2B33D: changes role from CANDIDATE to FOLLOWER at term 124 for DISCOVERED_A_NEW_TERM
2019-10-20 13:11:13,042 [7660b851-9671-46a6-9e1d-7d946f95d492@group-42C3DBE2B33D-LeaderElection3405] INFO  impl.RoleInfo (RoleInfo.java:shutdownLeaderElection(134)) - 7660b851-9671-46a6-9e1d-7d946f95d492: shutdown LeaderElection
2019-10-20 13:11:13,043 [7660b851-9671-46a6-9e1d-7d946f95d492@group-42C3DBE2B33D-LeaderElection3405] INFO  impl.RoleInfo (RoleInfo.java:updateAndGet(143)) - 7660b851-9671-46a6-9e1d-7d946f95d492: start FollowerState
2019-10-20 13:11:13,104 [Thread-25432] INFO  impl.FollowerState (FollowerState.java:run(108)) - 7660b851-9671-46a6-9e1d-7d946f95d492@group-42C3DBE2B33D-FollowerState: change to CANDIDATE, lastRpcTime:61ms, electionTimeout:61ms
2019-10-20 13:11:13,105 [Thread-25432] INFO  impl.RoleInfo (RoleInfo.java:shutdownFollowerState(121)) - 7660b851-9671-46a6-9e1d-7d946f95d492: shutdown FollowerState
2019-10-20 13:11:13,105 [Thread-25432] INFO  impl.RaftServerImpl (RaftServerImpl.java:setRole(184)) - 7660b851-9671-46a6-9e1d-7d946f95d492@group-42C3DBE2B33D: changes role from  FOLLOWER to CANDIDATE at term 124 for changeToCandidate
2019-10-20 13:11:13,105 [Thread-25432] INFO  impl.RoleInfo (RoleInfo.java:updateAndGet(143)) - 7660b851-9671-46a6-9e1d-7d946f95d492: start LeaderElection
2019-10-20 13:11:13,119 [7660b851-9671-46a6-9e1d-7d946f95d492@group-42C3DBE2B33D-LeaderElection3406] INFO  impl.LeaderElection (LeaderElection.java:askForVotes(178)) - 7660b851-9671-46a6-9e1d-7d946f95d492@group-42C3DBE2B33D-LeaderElection3406: begin an election at term 125 for -1: [fdf19479-69c2-4639-b68c-6adde78ca28a:192.168.157.204:42858, 1ac0a8d4-e534-43ce-83b1-426d47a3040d:192.168.157.204:32953, 7660b851-9671-46a6-9e1d-7d946f95d492:192.168.157.204:41682], old=null
2019-10-20 13:11:13,121 [grpc-default-executor-18] INFO  impl.RaftServerImpl (RaftServerImpl.java:setRole(184)) - fdf19479-69c2-4639-b68c-6adde78ca28a@group-42C3DBE2B33D: changes role from  FOLLOWER to FOLLOWER at term 125 for recognizeCandidate:7660b851-9671-46a6-9e1d-7d946f95d492
2019-10-20 13:11:13,121 [grpc-default-executor-10] INFO  impl.RaftServerImpl (RaftServerImpl.java:setRole(184)) - 1ac0a8d4-e534-43ce-83b1-426d47a3040d@group-42C3DBE2B33D: changes role from  FOLLOWER to FOLLOWER at term 125 for recognizeCandidate:7660b851-9671-46a6-9e1d-7d946f95d492
2019-10-20 13:11:13,121 [grpc-default-executor-10] INFO  impl.RoleInfo (RoleInfo.java:shutdownFollowerState(121)) - 1ac0a8d4-e534-43ce-83b1-426d47a3040d: shutdown FollowerState
2019-10-20 13:11:13,121 [grpc-default-executor-18] INFO  impl.RoleInfo (RoleInfo.java:shutdownFollowerState(121)) - fdf19479-69c2-4639-b68c-6adde78ca28a: shutdown FollowerState
2019-10-20 13:11:13,121 [grpc-default-executor-10] INFO  impl.RoleInfo (RoleInfo.java:updateAndGet(143)) - 1ac0a8d4-e534-43ce-83b1-426d47a3040d: start FollowerState
2019-10-20 13:11:13,121 [grpc-default-executor-18] INFO  impl.RoleInfo (RoleInfo.java:updateAndGet(143)) - fdf19479-69c2-4639-b68c-6adde78ca28a: start FollowerState
2019-10-20 13:11:13,121 [Thread-25430] INFO  impl.FollowerState (FollowerState.java:run(117)) - 1ac0a8d4-e534-43ce-83b1-426d47a3040d@group-42C3DBE2B33D-FollowerState was interrupted: java.lang.InterruptedException: sleep interrupted
2019-10-20 13:11:13,122 [Thread-25431] INFO  impl.FollowerState (FollowerState.java:run(117)) - fdf19479-69c2-4639-b68c-6adde78ca28a@group-42C3DBE2B33D-FollowerState was interrupted: java.lang.InterruptedException: sleep interrupted
2019-10-20 13:11:13,122 [7660b851-9671-46a6-9e1d-7d946f95d492@group-42C3DBE2B33D-LeaderElection3406] INFO  impl.LeaderElection (LeaderElection.java:logAndReturn(56)) - 7660b851-9671-46a6-9e1d-7d946f95d492@group-42C3DBE2B33D-LeaderElection3406: Election TIMEOUT; received 0 response(s) [] and 0 exception(s); 7660b851-9671-46a6-9e1d-7d946f95d492@group-42C3DBE2B33D:t125, leader=null, voted=7660b851-9671-46a6-9e1d-7d946f95d492, raftlog=7660b851-9671-46a6-9e1d-7d946f95d492@group-42C3DBE2B33D-SegmentedRaftLog:OPENED:c-1,f-1,i0, conf=-1: [fdf19479-69c2-4639-b68c-6adde78ca28a:192.168.157.204:42858, 1ac0a8d4-e534-43ce-83b1-426d47a3040d:192.168.157.204:32953, 7660b851-9671-46a6-9e1d-7d946f95d492:192.168.157.204:41682], old=null
2019-10-20 13:11:13,135 [7660b851-9671-46a6-9e1d-7d946f95d492@group-42C3DBE2B33D-LeaderElection3406] INFO  impl.LeaderElection (LeaderElection.java:askForVotes(178)) - 7660b851-9671-46a6-9e1d-7d946f95d492@group-42C3DBE2B33D-LeaderElection3406: begin an election at term 126 for -1: [fdf19479-69c2-4639-b68c-6adde78ca28a:192.168.157.204:42858, 1ac0a8d4-e534-43ce-83b1-426d47a3040d:192.168.157.204:32953, 7660b851-9671-46a6-9e1d-7d946f95d492:192.168.157.204:41682], old=null
2019-10-20 13:11:13,136 [grpc-default-executor-18] INFO  impl.RaftServerImpl (RaftServerImpl.java:setRole(184)) - fdf19479-69c2-4639-b68c-6adde78ca28a@group-42C3DBE2B33D: changes role from  FOLLOWER to FOLLOWER at term 126 for recognizeCandidate:7660b851-9671-46a6-9e1d-7d946f95d492
2019-10-20 13:11:13,136 [grpc-default-executor-18] INFO  impl.RoleInfo (RoleInfo.java:shutdownFollowerState(121)) - fdf19479-69c2-4639-b68c-6adde78ca28a: shutdown FollowerState
2019-10-20 13:11:13,136 [grpc-default-executor-10] INFO  impl.RaftServerImpl (RaftServerImpl.java:setRole(184)) - 1ac0a8d4-e534-43ce-83b1-426d47a3040d@group-42C3DBE2B33D: changes role from  FOLLOWER to FOLLOWER at term 126 for recognizeCandidate:7660b851-9671-46a6-9e1d-7d946f95d492
2019-10-20 13:11:13,136 [grpc-default-executor-10] INFO  impl.RoleInfo (RoleInfo.java:shutdownFollowerState(121)) - 1ac0a8d4-e534-43ce-83b1-426d47a3040d: shutdown FollowerState
2019-10-20 13:11:13,136 [Thread-25439] INFO  impl.FollowerState (FollowerState.java:run(117)) - fdf19479-69c2-4639-b68c-6adde78ca28a@group-42C3DBE2B33D-FollowerState was interrupted: java.lang.InterruptedException: sleep interrupted
2019-10-20 13:11:13,136 [grpc-default-executor-18] INFO  impl.RoleInfo (RoleInfo.java:updateAndGet(143)) - fdf19479-69c2-4639-b68c-6adde78ca28a: start FollowerState
2019-10-20 13:11:13,136 [Thread-25438] INFO  impl.FollowerState (FollowerState.java:run(117)) - 1ac0a8d4-e534-43ce-83b1-426d47a3040d@group-42C3DBE2B33D-FollowerState was interrupted: java.lang.InterruptedException: sleep interrupted
2019-10-20 13:11:13,136 [grpc-default-executor-10] INFO  impl.RoleInfo (RoleInfo.java:updateAndGet(143)) - 1ac0a8d4-e534-43ce-83b1-426d47a3040d: start FollowerState
2019-10-20 13:11:13,150 [7660b851-9671-46a6-9e1d-7d946f95d492@group-42C3DBE2B33D-LeaderElection3406] INFO  impl.LeaderElection (LeaderElection.java:logAndReturn(56)) - 7660b851-9671-46a6-9e1d-7d946f95d492@group-42C3DBE2B33D-LeaderElection3406: Election REJECTED; received 2 response(s) [7660b851-9671-46a6-9e1d-7d946f95d492<-fdf19479-69c2-4639-b68c-6adde78ca28a#0:FAIL-t126, 7660b851-9671-46a6-9e1d-7d946f95d492<-1ac0a8d4-e534-43ce-83b1-426d47a3040d#0:FAIL-t126] and 0 exception(s); 7660b851-9671-46a6-9e1d-7d946f95d492@group-42C3DBE2B33D:t126, leader=null, voted=7660b851-9671-46a6-9e1d-7d946f95d492, raftlog=7660b851-9671-46a6-9e1d-7d946f95d492@group-42C3DBE2B33D-SegmentedRaftLog:OPENED:c-1,f-1,i0, conf=-1: [fdf19479-69c2-4639-b68c-6adde78ca28a:192.168.157.204:42858, 1ac0a8d4-e534-43ce-83b1-426d47a3040d:192.168.157.204:32953, 7660b851-9671-46a6-9e1d-7d946f95d492:192.168.157.204:41682], old=null
2019-10-20 13:11:13,150 [7660b851-9671-46a6-9e1d-7d946f95d492@group-42C3DBE2B33D-LeaderElection3406] INFO  impl.RaftServerImpl (RaftServerImpl.java:setRole(184)) - 7660b851-9671-46a6-9e1d-7d946f95d492@group-42C3DBE2B33D: changes role from CANDIDATE to FOLLOWER at term 126 for DISCOVERED_A_NEW_TERM
2019-10-20 13:11:13,150 [7660b851-9671-46a6-9e1d-7d946f95d492@group-42C3DBE2B33D-LeaderElection3406] INFO  impl.RoleInfo (RoleInfo.java:shutdownLeaderElection(134)) - 7660b851-9671-46a6-9e1d-7d946f95d492: shutdown LeaderElection
2019-10-20 13:11:13,150 [7660b851-9671-46a6-9e1d-7d946f95d492@group-42C3DBE2B33D-LeaderElection3406] INFO  impl.RoleInfo (RoleInfo.java:updateAndGet(143)) - 7660b851-9671-46a6-9e1d-7d946f95d492: start FollowerState
2019-10-20 13:11:13,232 [Thread-25444] INFO  impl.FollowerState (FollowerState.java:run(108)) - 7660b851-9671-46a6-9e1d-7d946f95d492@group-42C3DBE2B33D-FollowerState: change to CANDIDATE, lastRpcTime:82ms, electionTimeout:82ms
2019-10-20 13:11:13,233 [Thread-25444] INFO  impl.RoleInfo (RoleInfo.java:shutdownFollowerState(121)) - 7660b851-9671-46a6-9e1d-7d946f95d492: shutdown FollowerState
2019-10-20 13:11:13,233 [Thread-25444] INFO  impl.RaftServerImpl (RaftServerImpl.java:setRole(184)) - 7660b851-9671-46a6-9e1d-7d946f95d492@group-42C3DBE2B33D: changes role from  FOLLOWER to CANDIDATE at term 126 for changeToCandidate
2019-10-20 13:11:13,233 [Thread-25444] INFO  impl.RoleInfo (RoleInfo.java:updateAndGet(143)) - 7660b851-9671-46a6-9e1d-7d946f95d492: start LeaderElection
2019-10-20 13:11:13,247 [7660b851-9671-46a6-9e1d-7d946f95d492@group-42C3DBE2B33D-LeaderElection3407] INFO  impl.LeaderElection (LeaderElection.java:askForVotes(178)) - 7660b851-9671-46a6-9e1d-7d946f95d492@group-42C3DBE2B33D-LeaderElection3407: begin an election at term 127 for -1: [fdf19479-69c2-4639-b68c-6adde78ca28a:192.168.157.204:42858, 1ac0a8d4-e534-43ce-83b1-426d47a3040d:192.168.157.204:32953, 7660b851-9671-46a6-9e1d-7d946f95d492:192.168.157.204:41682], old=null
2019-10-20 13:11:13,249 [grpc-default-executor-10] INFO  impl.RaftServerImpl (RaftServerImpl.java:setRole(184)) - 1ac0a8d4-e534-43ce-83b1-426d47a3040d@group-42C3DBE2B33D: changes role from  FOLLOWER to FOLLOWER at term 127 for recognizeCandidate:7660b851-9671-46a6-9e1d-7d946f95d492
2019-10-20 13:11:13,249 [grpc-default-executor-18] INFO  impl.RaftServerImpl (RaftServerImpl.java:setRole(184)) - fdf19479-69c2-4639-b68c-6adde78ca28a@group-42C3DBE2B33D: changes role from  FOLLOWER to FOLLOWER at term 127 for recognizeCandidate:7660b851-9671-46a6-9e1d-7d946f95d492
2019-10-20 13:11:13,249 [grpc-default-executor-18] INFO  impl.RoleInfo (RoleInfo.java:shutdownFollowerState(121)) - fdf19479-69c2-4639-b68c-6adde78ca28a: shutdown FollowerState
2019-10-20 13:11:13,249 [grpc-default-executor-10] INFO  impl.RoleInfo (RoleInfo.java:shutdownFollowerState(121)) - 1ac0a8d4-e534-43ce-83b1-426d47a3040d: shutdown FollowerState
2019-10-20 13:11:13,249 [grpc-default-executor-18] INFO  impl.RoleInfo (RoleInfo.java:updateAndGet(143)) - fdf19479-69c2-4639-b68c-6adde78ca28a: start FollowerState
2019-10-20 13:11:13,249 [grpc-default-executor-10] INFO  impl.RoleInfo (RoleInfo.java:updateAndGet(143)) - 1ac0a8d4-e534-43ce-83b1-426d47a3040d: start FollowerState
2019-10-20 13:11:13,249 [Thread-25442] INFO  impl.FollowerState (FollowerState.java:run(117)) - fdf19479-69c2-4639-b68c-6adde78ca28a@group-42C3DBE2B33D-FollowerState was interrupted: java.lang.InterruptedException: sleep interrupted
2019-10-20 13:11:13,249 [Thread-25443] INFO  impl.FollowerState (FollowerState.java:run(117)) - 1ac0a8d4-e534-43ce-83b1-426d47a3040d@group-42C3DBE2B33D-FollowerState was interrupted: java.lang.InterruptedException: sleep interrupted
2019-10-20 13:11:13,264 [7660b851-9671-46a6-9e1d-7d946f95d492@group-42C3DBE2B33D-LeaderElection3407] INFO  impl.LeaderElection (LeaderElection.java:logAndReturn(56)) - 7660b851-9671-46a6-9e1d-7d946f95d492@group-42C3DBE2B33D-LeaderElection3407: Election REJECTED; received 2 response(s) [7660b851-9671-46a6-9e1d-7d946f95d492<-fdf19479-69c2-4639-b68c-6adde78ca28a#0:FAIL-t127, 7660b851-9671-46a6-9e1d-7d946f95d492<-1ac0a8d4-e534-43ce-83b1-426d47a3040d#0:FAIL-t127] and 0 exception(s); 7660b851-9671-46a6-9e1d-7d946f95d492@group-42C3DBE2B33D:t127, leader=null, voted=7660b851-9671-46a6-9e1d-7d946f95d492, raftlog=7660b851-9671-46a6-9e1d-7d946f95d492@group-42C3DBE2B33D-SegmentedRaftLog:OPENED:c-1,f-1,i0, conf=-1: [fdf19479-69c2-4639-b68c-6adde78ca28a:192.168.157.204:42858, 1ac0a8d4-e534-43ce-83b1-426d47a3040d:192.168.157.204:32953, 7660b851-9671-46a6-9e1d-7d946f95d492:192.168.157.204:41682], old=null
2019-10-20 13:11:13,264 [7660b851-9671-46a6-9e1d-7d946f95d492@group-42C3DBE2B33D-LeaderElection3407] INFO  impl.RaftServerImpl (RaftServerImpl.java:setRole(184)) - 7660b851-9671-46a6-9e1d-7d946f95d492@group-42C3DBE2B33D: changes role from CANDIDATE to FOLLOWER at term 127 for DISCOVERED_A_NEW_TERM
2019-10-20 13:11:13,264 [7660b851-9671-46a6-9e1d-7d946f95d492@group-42C3DBE2B33D-LeaderElection3407] INFO  impl.RoleInfo (RoleInfo.java:shutdownLeaderElection(134)) - 7660b851-9671-46a6-9e1d-7d946f95d492: shutdown LeaderElection
2019-10-20 13:11:13,264 [7660b851-9671-46a6-9e1d-7d946f95d492@group-42C3DBE2B33D-LeaderElection3407] INFO  impl.RoleInfo (RoleInfo.java:updateAndGet(143)) - 7660b851-9671-46a6-9e1d-7d946f95d492: start FollowerState
2019-10-20 13:11:13,313 [Thread-25450] INFO  impl.FollowerState (FollowerState.java:run(108)) - 7660b851-9671-46a6-9e1d-7d946f95d492@group-42C3DBE2B33D-FollowerState: change to CANDIDATE, lastRpcTime:49ms, electionTimeout:49ms
2019-10-20 13:11:13,314 [Thread-25450] INFO  impl.RoleInfo (RoleInfo.java:shutdownFollowerState(121)) - 7660b851-9671-46a6-9e1d-7d946f95d492: shutdown FollowerState
2019-10-20 13:11:13,314 [Thread-25450] INFO  impl.RaftServerImpl (RaftServerImpl.java:setRole(184)) - 7660b851-9671-46a6-9e1d-7d946f95d492@group-42C3DBE2B33D: changes role from  FOLLOWER to CANDIDATE at term 127 for changeToCandidate
2019-10-20 13:11:13,314 [Thread-25450] INFO  impl.RoleInfo (RoleInfo.java:updateAndGet(143)) - 7660b851-9671-46a6-9e1d-7d946f95d492: start LeaderElection
2019-10-20 13:11:13,327 [7660b851-9671-46a6-9e1d-7d946f95d492@group-42C3DBE2B33D-LeaderElection3408] INFO  impl.LeaderElection (LeaderElection.java:askForVotes(178)) - 7660b851-9671-46a6-9e1d-7d946f95d492@group-42C3DBE2B33D-LeaderElection3408: begin an election at term 128 for -1: [fdf19479-69c2-4639-b68c-6adde78ca28a:192.168.157.204:42858, 1ac0a8d4-e534-43ce-83b1-426d47a3040d:192.168.157.204:32953, 7660b851-9671-46a6-9e1d-7d946f95d492:192.168.157.204:41682], old=null
2019-10-20 13:11:13,328 [grpc-default-executor-18] INFO  impl.RaftServerImpl (RaftServerImpl.java:setRole(184)) - fdf19479-69c2-4639-b68c-6adde78ca28a@group-42C3DBE2B33D: changes role from  FOLLOWER to FOLLOWER at term 128 for recognizeCandidate:7660b851-9671-46a6-9e1d-7d946f95d492
2019-10-20 13:11:13,328 [grpc-default-executor-18] INFO  impl.RoleInfo (RoleInfo.java:shutdownFollowerState(121)) - fdf19479-69c2-4639-b68c-6adde78ca28a: shutdown FollowerState
2019-10-20 13:11:13,328 [grpc-default-executor-18] INFO  impl.RoleInfo (RoleInfo.java:updateAndGet(143)) - fdf19479-69c2-4639-b68c-6adde78ca28a: start FollowerState
2019-10-20 13:11:13,328 [Thread-25448] INFO  impl.FollowerState (FollowerState.java:run(117)) - fdf19479-69c2-4639-b68c-6adde78ca28a@group-42C3DBE2B33D-FollowerState was interrupted: java.lang.InterruptedException: sleep interrupted
2019-10-20 13:11:13,328 [grpc-default-executor-10] INFO  impl.RaftServerImpl (RaftServerImpl.java:setRole(184)) - 1ac0a8d4-e534-43ce-83b1-426d47a3040d@group-42C3DBE2B33D: changes role from  FOLLOWER to FOLLOWER at term 128 for recognizeCandidate:7660b851-9671-46a6-9e1d-7d946f95d492
2019-10-20 13:11:13,329 [grpc-default-executor-10] INFO  impl.RoleInfo (RoleInfo.java:shutdownFollowerState(121)) - 1ac0a8d4-e534-43ce-83b1-426d47a3040d: shutdown FollowerState
2019-10-20 13:11:13,329 [grpc-default-executor-10] INFO  impl.RoleInfo (RoleInfo.java:updateAndGet(143)) - 1ac0a8d4-e534-43ce-83b1-426d47a3040d: start FollowerState
2019-10-20 13:11:13,329 [Thread-25449] INFO  impl.FollowerState (FollowerState.java:run(117)) - 1ac0a8d4-e534-43ce-83b1-426d47a3040d@group-42C3DBE2B33D-FollowerState was interrupted: java.lang.InterruptedException: sleep interrupted
2019-10-20 13:11:13,333 [7660b851-9671-46a6-9e1d-7d946f95d492@group-42C3DBE2B33D-LeaderElection3408] INFO  impl.LeaderElection (LeaderElection.java:logAndReturn(56)) - 7660b851-9671-46a6-9e1d-7d946f95d492@group-42C3DBE2B33D-LeaderElection3408: Election TIMEOUT; received 0 response(s) [] and 0 exception(s); 7660b851-9671-46a6-9e1d-7d946f95d492@group-42C3DBE2B33D:t128, leader=null, voted=7660b851-9671-46a6-9e1d-7d946f95d492, raftlog=7660b851-9671-46a6-9e1d-7d946f95d492@group-42C3DBE2B33D-SegmentedRaftLog:OPENED:c-1,f-1,i0, conf=-1: [fdf19479-69c2-4639-b68c-6adde78ca28a:192.168.157.204:42858, 1ac0a8d4-e534-43ce-83b1-426d47a3040d:192.168.157.204:32953, 7660b851-9671-46a6-9e1d-7d946f95d492:192.168.157.204:41682], old=null
2019-10-20 13:11:13,342 [7660b851-9671-46a6-9e1d-7d946f95d492@group-42C3DBE2B33D-LeaderElection3408] INFO  impl.LeaderElection (LeaderElection.java:askForVotes(178)) - 7660b851-9671-46a6-9e1d-7d946f95d492@group-42C3DBE2B33D-LeaderElection3408: begin an election at term 129 for -1: [fdf19479-69c2-4639-b68c-6adde78ca28a:192.168.157.204:42858, 1ac0a8d4-e534-43ce-83b1-426d47a3040d:192.168.157.204:32953, 7660b851-9671-46a6-9e1d-7d946f95d492:192.168.157.204:41682], old=null
2019-10-20 13:11:13,343 [grpc-default-executor-18] INFO  impl.RaftServerImpl (RaftServerImpl.java:setRole(184)) - fdf19479-69c2-4639-b68c-6adde78ca28a@group-42C3DBE2B33D: changes role from  FOLLOWER to FOLLOWER at term 129 for recognizeCandidate:7660b851-9671-46a6-9e1d-7d946f95d492
2019-10-20 13:11:13,343 [grpc-default-executor-18] INFO  impl.RoleInfo (RoleInfo.java:shutdownFollowerState(121)) - fdf19479-69c2-4639-b68c-6adde78ca28a: shutdown FollowerState
2019-10-20 13:11:13,343 [grpc-default-executor-18] INFO  impl.RoleInfo (RoleInfo.java:updateAndGet(143)) - fdf19479-69c2-4639-b68c-6adde78ca28a: start FollowerState
2019-10-20 13:11:13,343 [grpc-default-executor-10] INFO  impl.RaftServerImpl (RaftServerImpl.java:setRole(184)) - 1ac0a8d4-e534-43ce-83b1-426d47a3040d@group-42C3DBE2B33D: changes role from  FOLLOWER to FOLLOWER at term 129 for recognizeCandidate:7660b851-9671-46a6-9e1d-7d946f95d492
2019-10-20 13:11:13,343 [Thread-25454] INFO  impl.FollowerState (FollowerState.java:run(117)) - fdf19479-69c2-4639-b68c-6adde78ca28a@group-42C3DBE2B33D-FollowerState was interrupted: java.lang.InterruptedException: sleep interrupted
2019-10-20 13:11:13,343 [grpc-default-executor-10] INFO  impl.RoleInfo (RoleInfo.java:shutdownFollowerState(121)) - 1ac0a8d4-e534-43ce-83b1-426d47a3040d: shutdown FollowerState
2019-10-20 13:11:13,344 [grpc-default-executor-10] INFO  impl.RoleInfo (RoleInfo.java:updateAndGet(143)) - 1ac0a8d4-e534-43ce-83b1-426d47a3040d: start FollowerState
2019-10-20 13:11:13,344 [Thread-25455] INFO  impl.FollowerState (FollowerState.java:run(117)) - 1ac0a8d4-e534-43ce-83b1-426d47a3040d@group-42C3DBE2B33D-FollowerState was interrupted: java.lang.InterruptedException: sleep interrupted
2019-10-20 13:11:13,357 [7660b851-9671-46a6-9e1d-7d946f95d492@group-42C3DBE2B33D-LeaderElection3408] INFO  impl.LeaderElection (LeaderElection.java:logAndReturn(56)) - 7660b851-9671-46a6-9e1d-7d946f95d492@group-42C3DBE2B33D-LeaderElection3408: Election REJECTED; received 2 response(s) [7660b851-9671-46a6-9e1d-7d946f95d492<-fdf19479-69c2-4639-b68c-6adde78ca28a#0:FAIL-t129, 7660b851-9671-46a6-9e1d-7d946f95d492<-1ac0a8d4-e534-43ce-83b1-426d47a3040d#0:FAIL-t129] and 0 exception(s); 7660b851-9671-46a6-9e1d-7d946f95d492@group-42C3DBE2B33D:t129, leader=null, voted=7660b851-9671-46a6-9e1d-7d946f95d492, raftlog=7660b851-9671-46a6-9e1d-7d946f95d492@group-42C3DBE2B33D-SegmentedRaftLog:OPENED:c-1,f-1,i0, conf=-1: [fdf19479-69c2-4639-b68c-6adde78ca28a:192.168.157.204:42858, 1ac0a8d4-e534-43ce-83b1-426d47a3040d:192.168.157.204:32953, 7660b851-9671-46a6-9e1d-7d946f95d492:192.168.157.204:41682], old=null
2019-10-20 13:11:13,357 [7660b851-9671-46a6-9e1d-7d946f95d492@group-42C3DBE2B33D-LeaderElection3408] INFO  impl.RaftServerImpl (RaftServerImpl.java:setRole(184)) - 7660b851-9671-46a6-9e1d-7d946f95d492@group-42C3DBE2B33D: changes role from CANDIDATE to FOLLOWER at term 129 for DISCOVERED_A_NEW_TERM
2019-10-20 13:11:13,357 [7660b851-9671-46a6-9e1d-7d946f95d492@group-42C3DBE2B33D-LeaderElection3408] INFO  impl.RoleInfo (RoleInfo.java:shutdownLeaderElection(134)) - 7660b851-9671-46a6-9e1d-7d946f95d492: shutdown LeaderElection
2019-10-20 13:11:13,357 [7660b851-9671-46a6-9e1d-7d946f95d492@group-42C3DBE2B33D-LeaderElection3408] INFO  impl.RoleInfo (RoleInfo.java:updateAndGet(143)) - 7660b851-9671-46a6-9e1d-7d946f95d492: start FollowerState
2019-10-20 13:11:13,497 [Thread-25460] INFO  impl.FollowerState (FollowerState.java:run(108)) - 7660b851-9671-46a6-9e1d-7d946f95d492@group-42C3DBE2B33D-FollowerState: change to CANDIDATE, lastRpcTime:139ms, electionTimeout:139ms
2019-10-20 13:11:13,497 [Thread-25460] INFO  impl.RoleInfo (RoleInfo.java:shutdownFollowerState(121)) - 7660b851-9671-46a6-9e1d-7d946f95d492: shutdown FollowerState
2019-10-20 13:11:13,497 [Thread-25460] INFO  impl.RaftServerImpl (RaftServerImpl.java:setRole(184)) - 7660b851-9671-46a6-9e1d-7d946f95d492@group-42C3DBE2B33D: changes role from  FOLLOWER to CANDIDATE at term 129 for changeToCandidate
2019-10-20 13:11:13,497 [Thread-25460] INFO  impl.RoleInfo (RoleInfo.java:updateAndGet(143)) - 7660b851-9671-46a6-9e1d-7d946f95d492: start LeaderElection
2019-10-20 13:11:13,510 [7660b851-9671-46a6-9e1d-7d946f95d492@group-42C3DBE2B33D-LeaderElection3409] INFO  impl.LeaderElection (LeaderElection.java:askForVotes(178)) - 7660b851-9671-46a6-9e1d-7d946f95d492@group-42C3DBE2B33D-LeaderElection3409: begin an election at term 130 for -1: [fdf19479-69c2-4639-b68c-6adde78ca28a:192.168.157.204:42858, 1ac0a8d4-e534-43ce-83b1-426d47a3040d:192.168.157.204:32953, 7660b851-9671-46a6-9e1d-7d946f95d492:192.168.157.204:41682], old=null
2019-10-20 13:11:13,511 [grpc-default-executor-18] INFO  impl.RaftServerImpl (RaftServerImpl.java:setRole(184)) - fdf19479-69c2-4639-b68c-6adde78ca28a@group-42C3DBE2B33D: changes role from  FOLLOWER to FOLLOWER at term 130 for recognizeCandidate:7660b851-9671-46a6-9e1d-7d946f95d492
2019-10-20 13:11:13,511 [grpc-default-executor-18] INFO  impl.RoleInfo (RoleInfo.java:shutdownFollowerState(121)) - fdf19479-69c2-4639-b68c-6adde78ca28a: shutdown FollowerState
2019-10-20 13:11:13,511 [grpc-default-executor-10] INFO  impl.RaftServerImpl (RaftServerImpl.java:setRole(184)) - 1ac0a8d4-e534-43ce-83b1-426d47a3040d@group-42C3DBE2B33D: changes role from  FOLLOWER to FOLLOWER at term 130 for recognizeCandidate:7660b851-9671-46a6-9e1d-7d946f95d492
2019-10-20 13:11:13,511 [grpc-default-executor-10] INFO  impl.RoleInfo (RoleInfo.java:shutdownFollowerState(121)) - 1ac0a8d4-e534-43ce-83b1-426d47a3040d: shutdown FollowerState
2019-10-20 13:11:13,511 [Thread-25458] INFO  impl.FollowerState (FollowerState.java:run(117)) - fdf19479-69c2-4639-b68c-6adde78ca28a@group-42C3DBE2B33D-FollowerState was interrupted: java.lang.InterruptedException: sleep interrupted
2019-10-20 13:11:13,511 [grpc-default-executor-18] INFO  impl.RoleInfo (RoleInfo.java:updateAndGet(143)) - fdf19479-69c2-4639-b68c-6adde78ca28a: start FollowerState
2019-10-20 13:11:13,512 [Thread-25459] INFO  impl.FollowerState (FollowerState.java:run(117)) - 1ac0a8d4-e534-43ce-83b1-426d47a3040d@group-42C3DBE2B33D-FollowerState was interrupted: java.lang.InterruptedException: sleep interrupted
2019-10-20 13:11:13,512 [grpc-default-executor-10] INFO  impl.RoleInfo (RoleInfo.java:updateAndGet(143)) - 1ac0a8d4-e534-43ce-83b1-426d47a3040d: start FollowerState
2019-10-20 13:11:13,526 [7660b851-9671-46a6-9e1d-7d946f95d492@group-42C3DBE2B33D-LeaderElection3409] INFO  impl.LeaderElection (LeaderElection.java:logAndReturn(56)) - 7660b851-9671-46a6-9e1d-7d946f95d492@group-42C3DBE2B33D-LeaderElection3409: Election REJECTED; received 2 response(s) [7660b851-9671-46a6-9e1d-7d946f95d492<-fdf19479-69c2-4639-b68c-6adde78ca28a#0:FAIL-t130, 7660b851-9671-46a6-9e1d-7d946f95d492<-1ac0a8d4-e534-43ce-83b1-426d47a3040d#0:FAIL-t130] and 0 exception(s); 7660b851-9671-46a6-9e1d-7d946f95d492@group-42C3DBE2B33D:t130, leader=null, voted=7660b851-9671-46a6-9e1d-7d946f95d492, raftlog=7660b851-9671-46a6-9e1d-7d946f95d492@group-42C3DBE2B33D-SegmentedRaftLog:OPENED:c-1,f-1,i0, conf=-1: [fdf19479-69c2-4639-b68c-6adde78ca28a:192.168.157.204:42858, 1ac0a8d4-e534-43ce-83b1-426d47a3040d:192.168.157.204:32953, 7660b851-9671-46a6-9e1d-7d946f95d492:192.168.157.204:41682], old=null
2019-10-20 13:11:13,526 [7660b851-9671-46a6-9e1d-7d946f95d492@group-42C3DBE2B33D-LeaderElection3409] INFO  impl.RaftServerImpl (RaftServerImpl.java:setRole(184)) - 7660b851-9671-46a6-9e1d-7d946f95d492@group-42C3DBE2B33D: changes role from CANDIDATE to FOLLOWER at term 130 for DISCOVERED_A_NEW_TERM
2019-10-20 13:11:13,526 [7660b851-9671-46a6-9e1d-7d946f95d492@group-42C3DBE2B33D-LeaderElection3409] INFO  impl.RoleInfo (RoleInfo.java:shutdownLeaderElection(134)) - 7660b851-9671-46a6-9e1d-7d946f95d492: shutdown LeaderElection
2019-10-20 13:11:13,526 [7660b851-9671-46a6-9e1d-7d946f95d492@group-42C3DBE2B33D-LeaderElection3409] INFO  impl.RoleInfo (RoleInfo.java:updateAndGet(143)) - 7660b851-9671-46a6-9e1d-7d946f95d492: start FollowerState
2019-10-20 13:11:13,627 [Thread-25468] INFO  impl.FollowerState (FollowerState.java:run(108)) - 7660b851-9671-46a6-9e1d-7d946f95d492@group-42C3DBE2B33D-FollowerState: change to CANDIDATE, lastRpcTime:100ms, electionTimeout:100ms
2019-10-20 13:11:13,627 [Thread-25468] INFO  impl.RoleInfo (RoleInfo.java:shutdownFollowerState(121)) - 7660b851-9671-46a6-9e1d-7d946f95d492: shutdown FollowerState
2019-10-20 13:11:13,627 [Thread-25468] INFO  impl.RaftServerImpl (RaftServerImpl.java:setRole(184)) - 7660b851-9671-46a6-9e1d-7d946f95d492@group-42C3DBE2B33D: changes role from  FOLLOWER to CANDIDATE at term 130 for changeToCandidate
2019-10-20 13:11:13,627 [Thread-25468] INFO  impl.RoleInfo (RoleInfo.java:updateAndGet(143)) - 7660b851-9671-46a6-9e1d-7d946f95d492: start LeaderElection
2019-10-20 13:11:13,653 [7660b851-9671-46a6-9e1d-7d946f95d492@group-42C3DBE2B33D-LeaderElection3410] INFO  impl.LeaderElection (LeaderElection.java:askForVotes(178)) - 7660b851-9671-46a6-9e1d-7d946f95d492@group-42C3DBE2B33D-LeaderElection3410: begin an election at term 131 for -1: [fdf19479-69c2-4639-b68c-6adde78ca28a:192.168.157.204:42858, 1ac0a8d4-e534-43ce-83b1-426d47a3040d:192.168.157.204:32953, 7660b851-9671-46a6-9e1d-7d946f95d492:192.168.157.204:41682], old=null
2019-10-20 13:11:13,654 [grpc-default-executor-18] INFO  impl.RaftServerImpl (RaftServerImpl.java:setRole(184)) - fdf19479-69c2-4639-b68c-6adde78ca28a@group-42C3DBE2B33D: changes role from  FOLLOWER to FOLLOWER at term 131 for recognizeCandidate:7660b851-9671-46a6-9e1d-7d946f95d492
2019-10-20 13:11:13,654 [grpc-default-executor-18] INFO  impl.RoleInfo (RoleInfo.java:shutdownFollowerState(121)) - fdf19479-69c2-4639-b68c-6adde78ca28a: shutdown FollowerState
2019-10-20 13:11:13,654 [grpc-default-executor-18] INFO  impl.RoleInfo (RoleInfo.java:updateAndGet(143)) - fdf19479-69c2-4639-b68c-6adde78ca28a: start FollowerState
2019-10-20 13:11:13,654 [Thread-25466] INFO  impl.FollowerState (FollowerState.java:run(117)) - fdf19479-69c2-4639-b68c-6adde78ca28a@group-42C3DBE2B33D-FollowerState was interrupted: java.lang.InterruptedException: sleep interrupted
2019-10-20 13:11:13,655 [grpc-default-executor-10] INFO  impl.RaftServerImpl (RaftServerImpl.java:setRole(184)) - 1ac0a8d4-e534-43ce-83b1-426d47a3040d@group-42C3DBE2B33D: changes role from  FOLLOWER to FOLLOWER at term 131 for recognizeCandidate:7660b851-9671-46a6-9e1d-7d946f95d492
2019-10-20 13:11:13,656 [grpc-default-executor-10] INFO  impl.RoleInfo (RoleInfo.java:shutdownFollowerState(121)) - 1ac0a8d4-e534-43ce-83b1-426d47a3040d: shutdown FollowerState
2019-10-20 13:11:13,656 [grpc-default-executor-10] INFO  impl.RoleInfo (RoleInfo.java:updateAndGet(143)) - 1ac0a8d4-e534-43ce-83b1-426d47a3040d: start FollowerState
2019-10-20 13:11:13,656 [Thread-25467] INFO  impl.FollowerState (FollowerState.java:run(117)) - 1ac0a8d4-e534-43ce-83b1-426d47a3040d@group-42C3DBE2B33D-FollowerState was interrupted: java.lang.InterruptedException: sleep interrupted
2019-10-20 13:11:13,668 [7660b851-9671-46a6-9e1d-7d946f95d492@group-42C3DBE2B33D-LeaderElection3410] INFO  impl.LeaderElection (LeaderElection.java:logAndReturn(56)) - 7660b851-9671-46a6-9e1d-7d946f95d492@group-42C3DBE2B33D-LeaderElection3410: Election REJECTED; received 2 response(s) [7660b851-9671-46a6-9e1d-7d946f95d492<-fdf19479-69c2-4639-b68c-6adde78ca28a#0:FAIL-t131, 7660b851-9671-46a6-9e1d-7d946f95d492<-1ac0a8d4-e534-43ce-83b1-426d47a3040d#0:FAIL-t131] and 0 exception(s); 7660b851-9671-46a6-9e1d-7d946f95d492@group-42C3DBE2B33D:t131, leader=null, voted=7660b851-9671-46a6-9e1d-7d946f95d492, raftlog=7660b851-9671-46a6-9e1d-7d946f95d492@group-42C3DBE2B33D-SegmentedRaftLog:OPENED:c-1,f-1,i0, conf=-1: [fdf19479-69c2-4639-b68c-6adde78ca28a:192.168.157.204:42858, 1ac0a8d4-e534-43ce-83b1-426d47a3040d:192.168.157.204:32953, 7660b851-9671-46a6-9e1d-7d946f95d492:192.168.157.204:41682], old=null
2019-10-20 13:11:13,668 [7660b851-9671-46a6-9e1d-7d946f95d492@group-42C3DBE2B33D-LeaderElection3410] INFO  impl.RaftServerImpl (RaftServerImpl.java:setRole(184)) - 7660b851-9671-46a6-9e1d-7d946f95d492@group-42C3DBE2B33D: changes role from CANDIDATE to FOLLOWER at term 131 for DISCOVERED_A_NEW_TERM
2019-10-20 13:11:13,668 [7660b851-9671-46a6-9e1d-7d946f95d492@group-42C3DBE2B33D-LeaderElection3410] INFO  impl.RoleInfo (RoleInfo.java:shutdownLeaderElection(134)) - 7660b851-9671-46a6-9e1d-7d946f95d492: shutdown LeaderElection
2019-10-20 13:11:13,668 [7660b851-9671-46a6-9e1d-7d946f95d492@group-42C3DBE2B33D-LeaderElection3410] INFO  impl.RoleInfo (RoleInfo.java:updateAndGet(143)) - 7660b851-9671-46a6-9e1d-7d946f95d492: start FollowerState
2019-10-20 13:11:13,867 [Thread-25476] INFO  impl.FollowerState (FollowerState.java:run(108)) - 7660b851-9671-46a6-9e1d-7d946f95d492@group-42C3DBE2B33D-FollowerState: change to CANDIDATE, lastRpcTime:198ms, electionTimeout:198ms
2019-10-20 13:11:13,867 [Thread-25476] INFO  impl.RoleInfo (RoleInfo.java:shutdownFollowerState(121)) - 7660b851-9671-46a6-9e1d-7d946f95d492: shutdown FollowerState
2019-10-20 13:11:13,867 [Thread-25476] INFO  impl.RaftServerImpl (RaftServerImpl.java:setRole(184)) - 7660b851-9671-46a6-9e1d-7d946f95d492@group-42C3DBE2B33D: changes role from  FOLLOWER to CANDIDATE at term 131 for changeToCandidate
2019-10-20 13:11:13,867 [Thread-25476] INFO  impl.RoleInfo (RoleInfo.java:updateAndGet(143)) - 7660b851-9671-46a6-9e1d-7d946f95d492: start LeaderElection
2019-10-20 13:11:13,881 [7660b851-9671-46a6-9e1d-7d946f95d492@group-42C3DBE2B33D-LeaderElection3411] INFO  impl.LeaderElection (LeaderElection.java:askForVotes(178)) - 7660b851-9671-46a6-9e1d-7d946f95d492@group-42C3DBE2B33D-LeaderElection3411: begin an election at term 132 for -1: [fdf19479-69c2-4639-b68c-6adde78ca28a:192.168.157.204:42858, 1ac0a8d4-e534-43ce-83b1-426d47a3040d:192.168.157.204:32953, 7660b851-9671-46a6-9e1d-7d946f95d492:192.168.157.204:41682], old=null
2019-10-20 13:11:13,882 [grpc-default-executor-10] INFO  impl.RaftServerImpl (RaftServerImpl.java:setRole(184)) - fdf19479-69c2-4639-b68c-6adde78ca28a@group-42C3DBE2B33D: changes role from  FOLLOWER to FOLLOWER at term 132 for recognizeCandidate:7660b851-9671-46a6-9e1d-7d946f95d492
2019-10-20 13:11:13,882 [grpc-default-executor-10] INFO  impl.RoleInfo (RoleInfo.java:shutdownFollowerState(121)) - fdf19479-69c2-4639-b68c-6adde78ca28a: shutdown FollowerState
2019-10-20 13:11:13,882 [grpc-default-executor-18] INFO  impl.RaftServerImpl (RaftServerImpl.java:setRole(184)) - 1ac0a8d4-e534-43ce-83b1-426d47a3040d@group-42C3DBE2B33D: changes role from  FOLLOWER to FOLLOWER at term 132 for recognizeCandidate:7660b851-9671-46a6-9e1d-7d946f95d492
2019-10-20 13:11:13,883 [grpc-default-executor-18] INFO  impl.RoleInfo (RoleInfo.java:shutdownFollowerState(121)) - 1ac0a8d4-e534-43ce-83b1-426d47a3040d: shutdown FollowerState
2019-10-20 13:11:13,882 [Thread-25474] INFO  impl.FollowerState (FollowerState.java:run(117)) - fdf19479-69c2-4639-b68c-6adde78ca28a@group-42C3DBE2B33D-FollowerState was interrupted: java.lang.InterruptedException: sleep interrupted
2019-10-20 13:11:13,882 [grpc-default-executor-10] INFO  impl.RoleInfo (RoleInfo.java:updateAndGet(143)) - fdf19479-69c2-4639-b68c-6adde78ca28a: start FollowerState
2019-10-20 13:11:13,883 [Thread-25475] INFO  impl.FollowerState (FollowerState.java:run(117)) - 1ac0a8d4-e534-43ce-83b1-426d47a3040d@group-42C3DBE2B33D-FollowerState was interrupted: java.lang.InterruptedException: sleep interrupted
2019-10-20 13:11:13,883 [grpc-default-executor-18] INFO  impl.RoleInfo (RoleInfo.java:updateAndGet(143)) - 1ac0a8d4-e534-43ce-83b1-426d47a3040d: start FollowerState
2019-10-20 13:11:13,899 [7660b851-9671-46a6-9e1d-7d946f95d492@group-42C3DBE2B33D-LeaderElection3411] INFO  impl.LeaderElection (LeaderElection.java:logAndReturn(56)) - 7660b851-9671-46a6-9e1d-7d946f95d492@group-42C3DBE2B33D-LeaderElection3411: Election REJECTED; received 2 response(s) [7660b851-9671-46a6-9e1d-7d946f95d492<-fdf19479-69c2-4639-b68c-6adde78ca28a#0:FAIL-t132, 7660b851-9671-46a6-9e1d-7d946f95d492<-1ac0a8d4-e534-43ce-83b1-426d47a3040d#0:FAIL-t132] and 0 exception(s); 7660b851-9671-46a6-9e1d-7d946f95d492@group-42C3DBE2B33D:t132, leader=null, voted=7660b851-9671-46a6-9e1d-7d946f95d492, raftlog=7660b851-9671-46a6-9e1d-7d946f95d492@group-42C3DBE2B33D-SegmentedRaftLog:OPENED:c-1,f-1,i0, conf=-1: [fdf19479-69c2-4639-b68c-6adde78ca28a:192.168.157.204:42858, 1ac0a8d4-e534-43ce-83b1-426d47a3040d:192.168.157.204:32953, 7660b851-9671-46a6-9e1d-7d946f95d492:192.168.157.204:41682], old=null
2019-10-20 13:11:13,899 [7660b851-9671-46a6-9e1d-7d946f95d492@group-42C3DBE2B33D-LeaderElection3411] INFO  impl.RaftServerImpl (RaftServerImpl.java:setRole(184)) - 7660b851-9671-46a6-9e1d-7d946f95d492@group-42C3DBE2B33D: changes role from CANDIDATE to FOLLOWER at term 132 for DISCOVERED_A_NEW_TERM
2019-10-20 13:11:13,899 [7660b851-9671-46a6-9e1d-7d946f95d492@group-42C3DBE2B33D-LeaderElection3411] INFO  impl.RoleInfo (RoleInfo.java:shutdownLeaderElection(134)) - 7660b851-9671-46a6-9e1d-7d946f95d492: shutdown LeaderElection
2019-10-20 13:11:13,899 [7660b851-9671-46a6-9e1d-7d946f95d492@group-42C3DBE2B33D-LeaderElection3411] INFO  impl.RoleInfo (RoleInfo.java:updateAndGet(143)) - 7660b851-9671-46a6-9e1d-7d946f95d492: start FollowerState
2019-10-20 13:11:13,961 [Thread-25484] INFO  impl.FollowerState (FollowerState.java:run(108)) - 7660b851-9671-46a6-9e1d-7d946f95d492@group-42C3DBE2B33D-FollowerState: change to CANDIDATE, lastRpcTime:62ms, electionTimeout:62ms
2019-10-20 13:11:13,961 [Thread-25484] INFO  impl.RoleInfo (RoleInfo.java:shutdownFollowerState(121)) - 7660b851-9671-46a6-9e1d-7d946f95d492: shutdown FollowerState
2019-10-20 13:11:13,961 [Thread-25484] INFO  impl.RaftServerImpl (RaftServerImpl.java:setRole(184)) - 7660b851-9671-46a6-9e1d-7d946f95d492@group-42C3DBE2B33D: changes role from  FOLLOWER to CANDIDATE at term 132 for changeToCandidate
2019-10-20 13:11:13,961 [Thread-25484] INFO  impl.RoleInfo (RoleInfo.java:updateAndGet(143)) - 7660b851-9671-46a6-9e1d-7d946f95d492: start LeaderElection
2019-10-20 13:11:13,975 [7660b851-9671-46a6-9e1d-7d946f95d492@group-42C3DBE2B33D-LeaderElection3412] INFO  impl.LeaderElection (LeaderElection.java:askForVotes(178)) - 7660b851-9671-46a6-9e1d-7d946f95d492@group-42C3DBE2B33D-LeaderElection3412: begin an election at term 133 for -1: [fdf19479-69c2-4639-b68c-6adde78ca28a:192.168.157.204:42858, 1ac0a8d4-e534-43ce-83b1-426d47a3040d:192.168.157.204:32953, 7660b851-9671-46a6-9e1d-7d946f95d492:192.168.157.204:41682], old=null
2019-10-20 13:11:13,976 [grpc-default-executor-10] INFO  impl.RaftServerImpl (RaftServerImpl.java:setRole(184)) - fdf19479-69c2-4639-b68c-6adde78ca28a@group-42C3DBE2B33D: changes role from  FOLLOWER to FOLLOWER at term 133 for recognizeCandidate:7660b851-9671-46a6-9e1d-7d946f95d492
2019-10-20 13:11:13,976 [grpc-default-executor-10] INFO  impl.RoleInfo (RoleInfo.java:shutdownFollowerState(121)) - fdf19479-69c2-4639-b68c-6adde78ca28a: shutdown FollowerState
2019-10-20 13:11:13,976 [grpc-default-executor-18] INFO  impl.RaftServerImpl (RaftServerImpl.java:setRole(184)) - 1ac0a8d4-e534-43ce-83b1-426d47a3040d@group-42C3DBE2B33D: changes role from  FOLLOWER to FOLLOWER at term 133 for recognizeCandidate:7660b851-9671-46a6-9e1d-7d946f95d492
2019-10-20 13:11:13,976 [grpc-default-executor-18] INFO  impl.RoleInfo (RoleInfo.java:shutdownFollowerState(121)) - 1ac0a8d4-e534-43ce-83b1-426d47a3040d: shutdown FollowerState
2019-10-20 13:11:13,976 [Thread-25481] INFO  impl.FollowerState (FollowerState.java:run(117)) - fdf19479-69c2-4639-b68c-6adde78ca28a@group-42C3DBE2B33D-FollowerState was interrupted: java.lang.InterruptedException: sleep interrupted
2019-10-20 13:11:13,976 [Thread-25482] INFO  impl.FollowerState (FollowerState.java:run(117)) - 1ac0a8d4-e534-43ce-83b1-426d47a3040d@group-42C3DBE2B33D-FollowerState was interrupted: java.lang.InterruptedException: sleep interrupted
2019-10-20 13:11:13,976 [grpc-default-executor-10] INFO  impl.RoleInfo (RoleInfo.java:updateAndGet(143)) - fdf19479-69c2-4639-b68c-6adde78ca28a: start FollowerState
2019-10-20 13:11:13,976 [grpc-default-executor-18] INFO  impl.RoleInfo (RoleInfo.java:updateAndGet(143)) - 1ac0a8d4-e534-43ce-83b1-426d47a3040d: start FollowerState
2019-10-20 13:11:13,990 [7660b851-9671-46a6-9e1d-7d946f95d492@group-42C3DBE2B33D-LeaderElection3412] INFO  impl.LeaderElection (LeaderElection.java:logAndReturn(56)) - 7660b851-9671-46a6-9e1d-7d946f95d492@group-42C3DBE2B33D-LeaderElection3412: Election REJECTED; received 2 response(s) [7660b851-9671-46a6-9e1d-7d946f95d492<-fdf19479-69c2-4639-b68c-6adde78ca28a#0:FAIL-t133, 7660b851-9671-46a6-9e1d-7d946f95d492<-1ac0a8d4-e534-43ce-83b1-426d47a3040d#0:FAIL-t133] and 0 exception(s); 7660b851-9671-46a6-9e1d-7d946f95d492@group-42C3DBE2B33D:t133, leader=null, voted=7660b851-9671-46a6-9e1d-7d946f95d492, raftlog=7660b851-9671-46a6-9e1d-7d946f95d492@group-42C3DBE2B33D-SegmentedRaftLog:OPENED:c-1,f-1,i0, conf=-1: [fdf19479-69c2-4639-b68c-6adde78ca28a:192.168.157.204:42858, 1ac0a8d4-e534-43ce-83b1-426d47a3040d:192.168.157.204:32953, 7660b851-9671-46a6-9e1d-7d946f95d492:192.168.157.204:41682], old=null
2019-10-20 13:11:13,991 [7660b851-9671-46a6-9e1d-7d946f95d492@group-42C3DBE2B33D-LeaderElection3412] INFO  impl.RaftServerImpl (RaftServerImpl.java:setRole(184)) - 7660b851-9671-46a6-9e1d-7d946f95d492@group-42C3DBE2B33D: changes role from CANDIDATE to FOLLOWER at term 133 for DISCOVERED_A_NEW_TERM
2019-10-20 13:11:13,991 [7660b851-9671-46a6-9e1d-7d946f95d492@group-42C3DBE2B33D-LeaderElection3412] INFO  impl.RoleInfo (RoleInfo.java:shutdownLeaderElection(134)) - 7660b851-9671-46a6-9e1d-7d946f95d492: shutdown LeaderElection
2019-10-20 13:11:13,991 [7660b851-9671-46a6-9e1d-7d946f95d492@group-42C3DBE2B33D-LeaderElection3412] INFO  impl.RoleInfo (RoleInfo.java:updateAndGet(143)) - 7660b851-9671-46a6-9e1d-7d946f95d492: start FollowerState
2019-10-20 13:11:14,005 [Thread-25490] INFO  impl.FollowerState (FollowerState.java:run(108)) - 7660b851-9671-46a6-9e1d-7d946f95d492@group-42C3DBE2B33D-FollowerState: change to CANDIDATE, lastRpcTime:14ms, electionTimeout:14ms
2019-10-20 13:11:14,005 [Thread-25490] INFO  impl.RoleInfo (RoleInfo.java:shutdownFollowerState(121)) - 7660b851-9671-46a6-9e1d-7d946f95d492: shutdown FollowerState
2019-10-20 13:11:14,005 [Thread-25490] INFO  impl.RaftServerImpl (RaftServerImpl.java:setRole(184)) - 7660b851-9671-46a6-9e1d-7d946f95d492@group-42C3DBE2B33D: changes role from  FOLLOWER to CANDIDATE at term 133 for changeToCandidate
2019-10-20 13:11:14,005 [Thread-25490] INFO  impl.RoleInfo (RoleInfo.java:updateAndGet(143)) - 7660b851-9671-46a6-9e1d-7d946f95d492: start LeaderElection
2019-10-20 13:11:14,030 [7660b851-9671-46a6-9e1d-7d946f95d492@group-42C3DBE2B33D-LeaderElection3413] INFO  impl.LeaderElection (LeaderElection.java:askForVotes(178)) - 7660b851-9671-46a6-9e1d-7d946f95d492@group-42C3DBE2B33D-LeaderElection3413: begin an election at term 134 for -1: [fdf19479-69c2-4639-b68c-6adde78ca28a:192.168.157.204:42858, 1ac0a8d4-e534-43ce-83b1-426d47a3040d:192.168.157.204:32953, 7660b851-9671-46a6-9e1d-7d946f95d492:192.168.157.204:41682], old=null
2019-10-20 13:11:14,031 [grpc-default-executor-10] INFO  impl.RaftServerImpl (RaftServerImpl.java:setRole(184)) - fdf19479-69c2-4639-b68c-6adde78ca28a@group-42C3DBE2B33D: changes role from  FOLLOWER to FOLLOWER at term 134 for recognizeCandidate:7660b851-9671-46a6-9e1d-7d946f95d492
2019-10-20 13:11:14,031 [grpc-default-executor-10] INFO  impl.RoleInfo (RoleInfo.java:shutdownFollowerState(121)) - fdf19479-69c2-4639-b68c-6adde78ca28a: shutdown FollowerState
2019-10-20 13:11:14,031 [grpc-default-executor-18] INFO  impl.RaftServerImpl (RaftServerImpl.java:setRole(184)) - 1ac0a8d4-e534-43ce-83b1-426d47a3040d@group-42C3DBE2B33D: changes role from  FOLLOWER to FOLLOWER at term 134 for recognizeCandidate:7660b851-9671-46a6-9e1d-7d946f95d492
2019-10-20 13:11:14,031 [grpc-default-executor-18] INFO  impl.RoleInfo (RoleInfo.java:shutdownFollowerState(121)) - 1ac0a8d4-e534-43ce-83b1-426d47a3040d: shutdown FollowerState
2019-10-20 13:11:14,031 [Thread-25488] INFO  impl.FollowerState (FollowerState.java:run(117)) - fdf19479-69c2-4639-b68c-6adde78ca28a@group-42C3DBE2B33D-FollowerState was interrupted: java.lang.InterruptedException: sleep interrupted
2019-10-20 13:11:14,031 [grpc-default-executor-10] INFO  impl.RoleInfo (RoleInfo.java:updateAndGet(143)) - fdf19479-69c2-4639-b68c-6adde78ca28a: start FollowerState
2019-10-20 13:11:14,032 [Thread-25489] INFO  impl.FollowerState (FollowerState.java:run(117)) - 1ac0a8d4-e534-43ce-83b1-426d47a3040d@group-42C3DBE2B33D-FollowerState was interrupted: java.lang.InterruptedException: sleep interrupted
2019-10-20 13:11:14,032 [grpc-default-executor-18] INFO  impl.RoleInfo (RoleInfo.java:updateAndGet(143)) - 1ac0a8d4-e534-43ce-83b1-426d47a3040d: start FollowerState
2019-10-20 13:11:14,052 [7660b851-9671-46a6-9e1d-7d946f95d492@group-42C3DBE2B33D-LeaderElection3413] INFO  impl.LeaderElection (LeaderElection.java:logAndReturn(56)) - 7660b851-9671-46a6-9e1d-7d946f95d492@group-42C3DBE2B33D-LeaderElection3413: Election REJECTED; received 2 response(s) [7660b851-9671-46a6-9e1d-7d946f95d492<-fdf19479-69c2-4639-b68c-6adde78ca28a#0:FAIL-t134, 7660b851-9671-46a6-9e1d-7d946f95d492<-1ac0a8d4-e534-43ce-83b1-426d47a3040d#0:FAIL-t134] and 0 exception(s); 7660b851-9671-46a6-9e1d-7d946f95d492@group-42C3DBE2B33D:t134, leader=null, voted=7660b851-9671-46a6-9e1d-7d946f95d492, raftlog=7660b851-9671-46a6-9e1d-7d946f95d492@group-42C3DBE2B33D-SegmentedRaftLog:OPENED:c-1,f-1,i0, conf=-1: [fdf19479-69c2-4639-b68c-6adde78ca28a:192.168.157.204:42858, 1ac0a8d4-e534-43ce-83b1-426d47a3040d:192.168.157.204:32953, 7660b851-9671-46a6-9e1d-7d946f95d492:192.168.157.204:41682], old=null
2019-10-20 13:11:14,052 [7660b851-9671-46a6-9e1d-7d946f95d492@group-42C3DBE2B33D-LeaderElection3413] INFO  impl.RaftServerImpl (RaftServerImpl.java:setRole(184)) - 7660b851-9671-46a6-9e1d-7d946f95d492@group-42C3DBE2B33D: changes role from CANDIDATE to FOLLOWER at term 134 for DISCOVERED_A_NEW_TERM
2019-10-20 13:11:14,052 [7660b851-9671-46a6-9e1d-7d946f95d492@group-42C3DBE2B33D-LeaderElection3413] INFO  impl.RoleInfo (RoleInfo.java:shutdownLeaderElection(134)) - 7660b851-9671-46a6-9e1d-7d946f95d492: shutdown LeaderElection
2019-10-20 13:11:14,052 [7660b851-9671-46a6-9e1d-7d946f95d492@group-42C3DBE2B33D-LeaderElection3413] INFO  impl.RoleInfo (RoleInfo.java:updateAndGet(143)) - 7660b851-9671-46a6-9e1d-7d946f95d492: start FollowerState
2019-10-20 13:11:14,198 [Thread-25496] INFO  impl.FollowerState (FollowerState.java:run(108)) - 7660b851-9671-46a6-9e1d-7d946f95d492@group-42C3DBE2B33D-FollowerState: change to CANDIDATE, lastRpcTime:146ms, electionTimeout:146ms
2019-10-20 13:11:14,199 [Thread-25496] INFO  impl.RoleInfo (RoleInfo.java:shutdownFollowerState(121)) - 7660b851-9671-46a6-9e1d-7d946f95d492: shutdown FollowerState
2019-10-20 13:11:14,199 [Thread-25496] INFO  impl.RaftServerImpl (RaftServerImpl.java:setRole(184)) - 7660b851-9671-46a6-9e1d-7d946f95d492@group-42C3DBE2B33D: changes role from  FOLLOWER to CANDIDATE at term 134 for changeToCandidate
2019-10-20 13:11:14,199 [Thread-25496] INFO  impl.RoleInfo (RoleInfo.java:updateAndGet(143)) - 7660b851-9671-46a6-9e1d-7d946f95d492: start LeaderElection
2019-10-20 13:11:14,212 [7660b851-9671-46a6-9e1d-7d946f95d492@group-42C3DBE2B33D-LeaderElection3414] INFO  impl.LeaderElection (LeaderElection.java:askForVotes(178)) - 7660b851-9671-46a6-9e1d-7d946f95d492@group-42C3DBE2B33D-LeaderElection3414: begin an election at term 135 for -1: [fdf19479-69c2-4639-b68c-6adde78ca28a:192.168.157.204:42858, 1ac0a8d4-e534-43ce-83b1-426d47a3040d:192.168.157.204:32953, 7660b851-9671-46a6-9e1d-7d946f95d492:192.168.157.204:41682], old=null
2019-10-20 13:11:14,213 [grpc-default-executor-18] INFO  impl.RaftServerImpl (RaftServerImpl.java:setRole(184)) - fdf19479-69c2-4639-b68c-6adde78ca28a@group-42C3DBE2B33D: changes role from  FOLLOWER to FOLLOWER at term 135 for recognizeCandidate:7660b851-9671-46a6-9e1d-7d946f95d492
2019-10-20 13:11:14,213 [grpc-default-executor-18] INFO  impl.RoleInfo (RoleInfo.java:shutdownFollowerState(121)) - fdf19479-69c2-4639-b68c-6adde78ca28a: shutdown FollowerState
2019-10-20 13:11:14,213 [grpc-default-executor-10] INFO  impl.RaftServerImpl (RaftServerImpl.java:setRole(184)) - 1ac0a8d4-e534-43ce-83b1-426d47a3040d@group-42C3DBE2B33D: changes role from  FOLLOWER to FOLLOWER at term 135 for recognizeCandidate:7660b851-9671-46a6-9e1d-7d946f95d492
2019-10-20 13:11:14,213 [grpc-default-executor-10] INFO  impl.RoleInfo (RoleInfo.java:shutdownFollowerState(121)) - 1ac0a8d4-e534-43ce-83b1-426d47a3040d: shutdown FollowerState
2019-10-20 13:11:14,213 [Thread-25494] INFO  impl.FollowerState (FollowerState.java:run(117)) - fdf19479-69c2-4639-b68c-6adde78ca28a@group-42C3DBE2B33D-FollowerState was interrupted: java.lang.InterruptedException: sleep interrupted
2019-10-20 13:11:14,213 [grpc-default-executor-18] INFO  impl.RoleInfo (RoleInfo.java:updateAndGet(143)) - fdf19479-69c2-4639-b68c-6adde78ca28a: start FollowerState
2019-10-20 13:11:14,213 [grpc-default-executor-10] INFO  impl.RoleInfo (RoleInfo.java:updateAndGet(143)) - 1ac0a8d4-e534-43ce-83b1-426d47a3040d: start FollowerState
2019-10-20 13:11:14,213 [Thread-25495] INFO  impl.FollowerState (FollowerState.java:run(117)) - 1ac0a8d4-e534-43ce-83b1-426d47a3040d@group-42C3DBE2B33D-FollowerState was interrupted: java.lang.InterruptedException: sleep interrupted
2019-10-20 13:11:14,215 [7660b851-9671-46a6-9e1d-7d946f95d492@group-42C3DBE2B33D-LeaderElection3414] INFO  impl.LeaderElection (LeaderElection.java:logAndReturn(56)) - 7660b851-9671-46a6-9e1d-7d946f95d492@group-42C3DBE2B33D-LeaderElection3414: Election TIMEOUT; received 0 response(s) [] and 0 exception(s); 7660b851-9671-46a6-9e1d-7d946f95d492@group-42C3DBE2B33D:t135, leader=null, voted=7660b851-9671-46a6-9e1d-7d946f95d492, raftlog=7660b851-9671-46a6-9e1d-7d946f95d492@group-42C3DBE2B33D-SegmentedRaftLog:OPENED:c-1,f-1,i0, conf=-1: [fdf19479-69c2-4639-b68c-6adde78ca28a:192.168.157.204:42858, 1ac0a8d4-e534-43ce-83b1-426d47a3040d:192.168.157.204:32953, 7660b851-9671-46a6-9e1d-7d946f95d492:192.168.157.204:41682], old=null
2019-10-20 13:11:14,227 [7660b851-9671-46a6-9e1d-7d946f95d492@group-42C3DBE2B33D-LeaderElection3414] INFO  impl.LeaderElection (LeaderElection.java:askForVotes(178)) - 7660b851-9671-46a6-9e1d-7d946f95d492@group-42C3DBE2B33D-LeaderElection3414: begin an election at term 136 for -1: [fdf19479-69c2-4639-b68c-6adde78ca28a:192.168.157.204:42858, 1ac0a8d4-e534-43ce-83b1-426d47a3040d:192.168.157.204:32953, 7660b851-9671-46a6-9e1d-7d946f95d492:192.168.157.204:41682], old=null
2019-10-20 13:11:14,228 [grpc-default-executor-18] INFO  impl.RaftServerImpl (RaftServerImpl.java:setRole(184)) - fdf19479-69c2-4639-b68c-6adde78ca28a@group-42C3DBE2B33D: changes role from  FOLLOWER to FOLLOWER at term 136 for recognizeCandidate:7660b851-9671-46a6-9e1d-7d946f95d492
2019-10-20 13:11:14,228 [grpc-default-executor-18] INFO  impl.RoleInfo (RoleInfo.java:shutdownFollowerState(121)) - fdf19479-69c2-4639-b68c-6adde78ca28a: shutdown FollowerState
2019-10-20 13:11:14,228 [grpc-default-executor-18] INFO  impl.RoleInfo (RoleInfo.java:updateAndGet(143)) - fdf19479-69c2-4639-b68c-6adde78ca28a: start FollowerState
2019-10-20 13:11:14,228 [Thread-25502] INFO  impl.FollowerState (FollowerState.java:run(117)) - fdf19479-69c2-4639-b68c-6adde78ca28a@group-42C3DBE2B33D-FollowerState was interrupted: java.lang.InterruptedException: sleep interrupted
2019-10-20 13:11:14,228 [grpc-default-executor-10] INFO  impl.RaftServerImpl (RaftServerImpl.java:setRole(184)) - 1ac0a8d4-e534-43ce-83b1-426d47a3040d@group-42C3DBE2B33D: changes role from  FOLLOWER to FOLLOWER at term 136 for recognizeCandidate:7660b851-9671-46a6-9e1d-7d946f95d492
2019-10-20 13:11:14,228 [grpc-default-executor-10] INFO  impl.RoleInfo (RoleInfo.java:shutdownFollowerState(121)) - 1ac0a8d4-e534-43ce-83b1-426d47a3040d: shutdown FollowerState
2019-10-20 13:11:14,229 [grpc-default-executor-10] INFO  impl.RoleInfo (RoleInfo.java:updateAndGet(143)) - 1ac0a8d4-e534-43ce-83b1-426d47a3040d: start FollowerState
2019-10-20 13:11:14,229 [Thread-25503] INFO  impl.FollowerState (FollowerState.java:run(117)) - 1ac0a8d4-e534-43ce-83b1-426d47a3040d@group-42C3DBE2B33D-FollowerState was interrupted: java.lang.InterruptedException: sleep interrupted
2019-10-20 13:11:14,242 [7660b851-9671-46a6-9e1d-7d946f95d492@group-42C3DBE2B33D-LeaderElection3414] INFO  impl.LeaderElection (LeaderElection.java:logAndReturn(56)) - 7660b851-9671-46a6-9e1d-7d946f95d492@group-42C3DBE2B33D-LeaderElection3414: Election REJECTED; received 2 response(s) [7660b851-9671-46a6-9e1d-7d946f95d492<-fdf19479-69c2-4639-b68c-6adde78ca28a#0:FAIL-t136, 7660b851-9671-46a6-9e1d-7d946f95d492<-1ac0a8d4-e534-43ce-83b1-426d47a3040d#0:FAIL-t136] and 0 exception(s); 7660b851-9671-46a6-9e1d-7d946f95d492@group-42C3DBE2B33D:t136, leader=null, voted=7660b851-9671-46a6-9e1d-7d946f95d492, raftlog=7660b851-9671-46a6-9e1d-7d946f95d492@group-42C3DBE2B33D-SegmentedRaftLog:OPENED:c-1,f-1,i0, conf=-1: [fdf19479-69c2-4639-b68c-6adde78ca28a:192.168.157.204:42858, 1ac0a8d4-e534-43ce-83b1-426d47a3040d:192.168.157.204:32953, 7660b851-9671-46a6-9e1d-7d946f95d492:192.168.157.204:41682], old=null
2019-10-20 13:11:14,242 [7660b851-9671-46a6-9e1d-7d946f95d492@group-42C3DBE2B33D-LeaderElection3414] INFO  impl.RaftServerImpl (RaftServerImpl.java:setRole(184)) - 7660b851-9671-46a6-9e1d-7d946f95d492@group-42C3DBE2B33D: changes role from CANDIDATE to FOLLOWER at term 136 for DISCOVERED_A_NEW_TERM
2019-10-20 13:11:14,243 [7660b851-9671-46a6-9e1d-7d946f95d492@group-42C3DBE2B33D-LeaderElection3414] INFO  impl.RoleInfo (RoleInfo.java:shutdownLeaderElection(134)) - 7660b851-9671-46a6-9e1d-7d946f95d492: shutdown LeaderElection
2019-10-20 13:11:14,243 [7660b851-9671-46a6-9e1d-7d946f95d492@group-42C3DBE2B33D-LeaderElection3414] INFO  impl.RoleInfo (RoleInfo.java:updateAndGet(143)) - 7660b851-9671-46a6-9e1d-7d946f95d492: start FollowerState
2019-10-20 13:11:14,252 [Thread-25508] INFO  impl.FollowerState (FollowerState.java:run(108)) - 7660b851-9671-46a6-9e1d-7d946f95d492@group-42C3DBE2B33D-FollowerState: change to CANDIDATE, lastRpcTime:9ms, electionTimeout:9ms
2019-10-20 13:11:14,252 [Thread-25508] INFO  impl.RoleInfo (RoleInfo.java:shutdownFollowerState(121)) - 7660b851-9671-46a6-9e1d-7d946f95d492: shutdown FollowerState
2019-10-20 13:11:14,252 [Thread-25508] INFO  impl.RaftServerImpl (RaftServerImpl.java:setRole(184)) - 7660b851-9671-46a6-9e1d-7d946f95d492@group-42C3DBE2B33D: changes role from  FOLLOWER to CANDIDATE at term 136 for changeToCandidate
2019-10-20 13:11:14,252 [Thread-25508] INFO  impl.RoleInfo (RoleInfo.java:updateAndGet(143)) - 7660b851-9671-46a6-9e1d-7d946f95d492: start LeaderElection
2019-10-20 13:11:14,265 [7660b851-9671-46a6-9e1d-7d946f95d492@group-42C3DBE2B33D-LeaderElection3415] INFO  impl.LeaderElection (LeaderElection.java:askForVotes(178)) - 7660b851-9671-46a6-9e1d-7d946f95d492@group-42C3DBE2B33D-LeaderElection3415: begin an election at term 137 for -1: [fdf19479-69c2-4639-b68c-6adde78ca28a:192.168.157.204:42858, 1ac0a8d4-e534-43ce-83b1-426d47a3040d:192.168.157.204:32953, 7660b851-9671-46a6-9e1d-7d946f95d492:192.168.157.204:41682], old=null
2019-10-20 13:11:14,266 [grpc-default-executor-10] INFO  impl.RaftServerImpl (RaftServerImpl.java:setRole(184)) - fdf19479-69c2-4639-b68c-6adde78ca28a@group-42C3DBE2B33D: changes role from  FOLLOWER to FOLLOWER at term 137 for recognizeCandidate:7660b851-9671-46a6-9e1d-7d946f95d492
2019-10-20 13:11:14,267 [grpc-default-executor-10] INFO  impl.RoleInfo (RoleInfo.java:shutdownFollowerState(121)) - fdf19479-69c2-4639-b68c-6adde78ca28a: shutdown FollowerState
2019-10-20 13:11:14,267 [grpc-default-executor-10] INFO  impl.RoleInfo (RoleInfo.java:updateAndGet(143)) - fdf19479-69c2-4639-b68c-6adde78ca28a: start FollowerState
2019-10-20 13:11:14,267 [Thread-25506] INFO  impl.FollowerState (FollowerState.java:run(117)) - fdf19479-69c2-4639-b68c-6adde78ca28a@group-42C3DBE2B33D-FollowerState was interrupted: java.lang.InterruptedException: sleep interrupted
2019-10-20 13:11:14,267 [grpc-default-executor-18] INFO  impl.RaftServerImpl (RaftServerImpl.java:setRole(184)) - 1ac0a8d4-e534-43ce-83b1-426d47a3040d@group-42C3DBE2B33D: changes role from  FOLLOWER to FOLLOWER at term 137 for recognizeCandidate:7660b851-9671-46a6-9e1d-7d946f95d492
2019-10-20 13:11:14,267 [grpc-default-executor-18] INFO  impl.RoleInfo (RoleInfo.java:shutdownFollowerState(121)) - 1ac0a8d4-e534-43ce-83b1-426d47a3040d: shutdown FollowerState
2019-10-20 13:11:14,267 [grpc-default-executor-18] INFO  impl.RoleInfo (RoleInfo.java:updateAndGet(143)) - 1ac0a8d4-e534-43ce-83b1-426d47a3040d: start FollowerState
2019-10-20 13:11:14,267 [Thread-25507] INFO  impl.FollowerState (FollowerState.java:run(117)) - 1ac0a8d4-e534-43ce-83b1-426d47a3040d@group-42C3DBE2B33D-FollowerState was interrupted: java.lang.InterruptedException: sleep interrupted
2019-10-20 13:11:14,289 [7660b851-9671-46a6-9e1d-7d946f95d492@group-42C3DBE2B33D-LeaderElection3415] INFO  impl.LeaderElection (LeaderElection.java:logAndReturn(56)) - 7660b851-9671-46a6-9e1d-7d946f95d492@group-42C3DBE2B33D-LeaderElection3415: Election REJECTED; received 2 response(s) [7660b851-9671-46a6-9e1d-7d946f95d492<-fdf19479-69c2-4639-b68c-6adde78ca28a#0:FAIL-t137, 7660b851-9671-46a6-9e1d-7d946f95d492<-1ac0a8d4-e534-43ce-83b1-426d47a3040d#0:FAIL-t137] and 0 exception(s); 7660b851-9671-46a6-9e1d-7d946f95d492@group-42C3DBE2B33D:t137, leader=null, voted=7660b851-9671-46a6-9e1d-7d946f95d492, raftlog=7660b851-9671-46a6-9e1d-7d946f95d492@group-42C3DBE2B33D-SegmentedRaftLog:OPENED:c-1,f-1,i0, conf=-1: [fdf19479-69c2-4639-b68c-6adde78ca28a:192.168.157.204:42858, 1ac0a8d4-e534-43ce-83b1-426d47a3040d:192.168.157.204:32953, 7660b851-9671-46a6-9e1d-7d946f95d492:192.168.157.204:41682], old=null
2019-10-20 13:11:14,289 [7660b851-9671-46a6-9e1d-7d946f95d492@group-42C3DBE2B33D-LeaderElection3415] INFO  impl.RaftServerImpl (RaftServerImpl.java:setRole(184)) - 7660b851-9671-46a6-9e1d-7d946f95d492@group-42C3DBE2B33D: changes role from CANDIDATE to FOLLOWER at term 137 for DISCOVERED_A_NEW_TERM
2019-10-20 13:11:14,289 [7660b851-9671-46a6-9e1d-7d946f95d492@group-42C3DBE2B33D-LeaderElection3415] INFO  impl.RoleInfo (RoleInfo.java:shutdownLeaderElection(134)) - 7660b851-9671-46a6-9e1d-7d946f95d492: shutdown LeaderElection
2019-10-20 13:11:14,289 [7660b851-9671-46a6-9e1d-7d946f95d492@group-42C3DBE2B33D-LeaderElection3415] INFO  impl.RoleInfo (RoleInfo.java:updateAndGet(143)) - 7660b851-9671-46a6-9e1d-7d946f95d492: start FollowerState
2019-10-20 13:11:14,394 [Thread-25514] INFO  impl.FollowerState (FollowerState.java:run(108)) - 7660b851-9671-46a6-9e1d-7d946f95d492@group-42C3DBE2B33D-FollowerState: change to CANDIDATE, lastRpcTime:104ms, electionTimeout:104ms
2019-10-20 13:11:14,394 [Thread-25514] INFO  impl.RoleInfo (RoleInfo.java:shutdownFollowerState(121)) - 7660b851-9671-46a6-9e1d-7d946f95d492: shutdown FollowerState
2019-10-20 13:11:14,394 [Thread-25514] INFO  impl.RaftServerImpl (RaftServerImpl.java:setRole(184)) - 7660b851-9671-46a6-9e1d-7d946f95d492@group-42C3DBE2B33D: changes role from  FOLLOWER to CANDIDATE at term 137 for changeToCandidate
2019-10-20 13:11:14,394 [Thread-25514] INFO  impl.RoleInfo (RoleInfo.java:updateAndGet(143)) - 7660b851-9671-46a6-9e1d-7d946f95d492: start LeaderElection
2019-10-20 13:11:14,409 [7660b851-9671-46a6-9e1d-7d946f95d492@group-42C3DBE2B33D-LeaderElection3416] INFO  impl.LeaderElection (LeaderElection.java:askForVotes(178)) - 7660b851-9671-46a6-9e1d-7d946f95d492@group-42C3DBE2B33D-LeaderElection3416: begin an election at term 138 for -1: [fdf19479-69c2-4639-b68c-6adde78ca28a:192.168.157.204:42858, 1ac0a8d4-e534-43ce-83b1-426d47a3040d:192.168.157.204:32953, 7660b851-9671-46a6-9e1d-7d946f95d492:192.168.157.204:41682], old=null
2019-10-20 13:11:14,410 [grpc-default-executor-10] INFO  impl.RaftServerImpl (RaftServerImpl.java:setRole(184)) - fdf19479-69c2-4639-b68c-6adde78ca28a@group-42C3DBE2B33D: changes role from  FOLLOWER to FOLLOWER at term 138 for recognizeCandidate:7660b851-9671-46a6-9e1d-7d946f95d492
2019-10-20 13:11:14,410 [grpc-default-executor-10] INFO  impl.RoleInfo (RoleInfo.java:shutdownFollowerState(121)) - fdf19479-69c2-4639-b68c-6adde78ca28a: shutdown FollowerState
2019-10-20 13:11:14,410 [grpc-default-executor-10] INFO  impl.RoleInfo (RoleInfo.java:updateAndGet(143)) - fdf19479-69c2-4639-b68c-6adde78ca28a: start FollowerState
2019-10-20 13:11:14,410 [grpc-default-executor-18] INFO  impl.RaftServerImpl (RaftServerImpl.java:setRole(184)) - 1ac0a8d4-e534-43ce-83b1-426d47a3040d@group-42C3DBE2B33D: changes role from  FOLLOWER to FOLLOWER at term 138 for recognizeCandidate:7660b851-9671-46a6-9e1d-7d946f95d492
2019-10-20 13:11:14,410 [grpc-default-executor-18] INFO  impl.RoleInfo (RoleInfo.java:shutdownFollowerState(121)) - 1ac0a8d4-e534-43ce-83b1-426d47a3040d: shutdown FollowerState
2019-10-20 13:11:14,410 [Thread-25512] INFO  impl.FollowerState (FollowerState.java:run(117)) - fdf19479-69c2-4639-b68c-6adde78ca28a@group-42C3DBE2B33D-FollowerState was interrupted: java.lang.InterruptedException: sleep interrupted
2019-10-20 13:11:14,411 [Thread-25513] INFO  impl.FollowerState (FollowerState.java:run(117)) - 1ac0a8d4-e534-43ce-83b1-426d47a3040d@group-42C3DBE2B33D-FollowerState was interrupted: java.lang.InterruptedException: sleep interrupted
2019-10-20 13:11:14,410 [grpc-default-executor-18] INFO  impl.RoleInfo (RoleInfo.java:updateAndGet(143)) - 1ac0a8d4-e534-43ce-83b1-426d47a3040d: start FollowerState
2019-10-20 13:11:14,434 [7660b851-9671-46a6-9e1d-7d946f95d492@group-42C3DBE2B33D-LeaderElection3416] INFO  impl.LeaderElection (LeaderElection.java:logAndReturn(56)) - 7660b851-9671-46a6-9e1d-7d946f95d492@group-42C3DBE2B33D-LeaderElection3416: Election REJECTED; received 2 response(s) [7660b851-9671-46a6-9e1d-7d946f95d492<-fdf19479-69c2-4639-b68c-6adde78ca28a#0:FAIL-t138, 7660b851-9671-46a6-9e1d-7d946f95d492<-1ac0a8d4-e534-43ce-83b1-426d47a3040d#0:FAIL-t138] and 0 exception(s); 7660b851-9671-46a6-9e1d-7d946f95d492@group-42C3DBE2B33D:t138, leader=null, voted=7660b851-9671-46a6-9e1d-7d946f95d492, raftlog=7660b851-9671-46a6-9e1d-7d946f95d492@group-42C3DBE2B33D-SegmentedRaftLog:OPENED:c-1,f-1,i0, conf=-1: [fdf19479-69c2-4639-b68c-6adde78ca28a:192.168.157.204:42858, 1ac0a8d4-e534-43ce-83b1-426d47a3040d:192.168.157.204:32953, 7660b851-9671-46a6-9e1d-7d946f95d492:192.168.157.204:41682], old=null
2019-10-20 13:11:14,434 [7660b851-9671-46a6-9e1d-7d946f95d492@group-42C3DBE2B33D-LeaderElection3416] INFO  impl.RaftServerImpl (RaftServerImpl.java:setRole(184)) - 7660b851-9671-46a6-9e1d-7d946f95d492@group-42C3DBE2B33D: changes role from CANDIDATE to FOLLOWER at term 138 for DISCOVERED_A_NEW_TERM
2019-10-20 13:11:14,434 [7660b851-9671-46a6-9e1d-7d946f95d492@group-42C3DBE2B33D-LeaderElection3416] INFO  impl.RoleInfo (RoleInfo.java:shutdownLeaderElection(134)) - 7660b851-9671-46a6-9e1d-7d946f95d492: shutdown LeaderElection
2019-10-20 13:11:14,434 [7660b851-9671-46a6-9e1d-7d946f95d492@group-42C3DBE2B33D-LeaderElection3416] INFO  impl.RoleInfo (RoleInfo.java:updateAndGet(143)) - 7660b851-9671-46a6-9e1d-7d946f95d492: start FollowerState
2019-10-20 13:11:14,523 [main] INFO  ozoneimpl.OzoneContainer (OzoneContainer.java:stop(227)) - Attempting to stop container services.
2019-10-20 13:11:14,524 [main] INFO  impl.RaftServerProxy (RaftServerProxy.java:lambda$close$4(314)) - fdf19479-69c2-4639-b68c-6adde78ca28a: close
2019-10-20 13:11:14,524 [main] INFO  impl.RaftServerImpl (RaftServerImpl.java:lambda$shutdown$3(261)) - fdf19479-69c2-4639-b68c-6adde78ca28a@group-42C3DBE2B33D: shutdown
2019-10-20 13:11:14,525 [ForkJoinPool.commonPool-worker-1] INFO  impl.RaftServerImpl (RaftServerImpl.java:lambda$shutdown$3(261)) - fdf19479-69c2-4639-b68c-6adde78ca28a@group-1E3CECB5CFD8: shutdown
2019-10-20 13:11:14,525 [main] INFO  util.JmxRegister (JmxRegister.java:unregister(73)) - Successfully un-registered JMX Bean with object name Ratis:service=RaftServer,group=group-42C3DBE2B33D,id=fdf19479-69c2-4639-b68c-6adde78ca28a
2019-10-20 13:11:14,525 [main] INFO  impl.RoleInfo (RoleInfo.java:shutdownFollowerState(121)) - fdf19479-69c2-4639-b68c-6adde78ca28a: shutdown FollowerState
2019-10-20 13:11:14,525 [ForkJoinPool.commonPool-worker-1] INFO  util.JmxRegister (JmxRegister.java:unregister(73)) - Successfully un-registered JMX Bean with object name Ratis:service=RaftServer,group=group-1E3CECB5CFD8,id=fdf19479-69c2-4639-b68c-6adde78ca28a
2019-10-20 13:11:14,525 [Thread-25520] INFO  impl.FollowerState (FollowerState.java:run(117)) - fdf19479-69c2-4639-b68c-6adde78ca28a@group-42C3DBE2B33D-FollowerState was interrupted: java.lang.InterruptedException: sleep interrupted
2019-10-20 13:11:14,525 [main] INFO  impl.StateMachineUpdater (StateMachineUpdater.java:stopAndJoin(136)) - fdf19479-69c2-4639-b68c-6adde78ca28a@group-42C3DBE2B33D-StateMachineUpdater: set stopIndex = -1
2019-10-20 13:11:14,525 [ForkJoinPool.commonPool-worker-1] INFO  impl.RoleInfo (RoleInfo.java:shutdownLeaderState(104)) - fdf19479-69c2-4639-b68c-6adde78ca28a: shutdown LeaderState
2019-10-20 13:11:14,526 [main] INFO  impl.RaftServerImpl (ServerState.java:close(388)) - fdf19479-69c2-4639-b68c-6adde78ca28a@group-42C3DBE2B33D: closes. applyIndex: -1
2019-10-20 13:11:14,526 [ForkJoinPool.commonPool-worker-1] INFO  impl.PendingRequests (PendingRequests.java:sendNotLeaderResponses(202)) - fdf19479-69c2-4639-b68c-6adde78ca28a@group-1E3CECB5CFD8-PendingRequests: sendNotLeaderResponses
2019-10-20 13:11:14,526 [fdf19479-69c2-4639-b68c-6adde78ca28a@group-42C3DBE2B33D-SegmentedRaftLogWorker] INFO  segmented.SegmentedRaftLogWorker (SegmentedRaftLogWorker.java:run(316)) - fdf19479-69c2-4639-b68c-6adde78ca28a@group-42C3DBE2B33D-SegmentedRaftLogWorker was interrupted, exiting. There are 0 tasks remaining in the queue.
2019-10-20 13:11:14,527 [ForkJoinPool.commonPool-worker-1] INFO  impl.StateMachineUpdater (StateMachineUpdater.java:stopAndJoin(136)) - fdf19479-69c2-4639-b68c-6adde78ca28a@group-1E3CECB5CFD8-StateMachineUpdater: set stopIndex = 0
2019-10-20 13:11:14,531 [main] INFO  segmented.SegmentedRaftLogWorker (SegmentedRaftLogWorker.java:close(224)) - fdf19479-69c2-4639-b68c-6adde78ca28a@group-42C3DBE2B33D-SegmentedRaftLogWorker close()
2019-10-20 13:11:14,531 [ForkJoinPool.commonPool-worker-1] INFO  impl.RaftServerImpl (ServerState.java:close(388)) - fdf19479-69c2-4639-b68c-6adde78ca28a@group-1E3CECB5CFD8: closes. applyIndex: 0
2019-10-20 13:11:14,553 [fdf19479-69c2-4639-b68c-6adde78ca28a@group-1E3CECB5CFD8-SegmentedRaftLogWorker] INFO  segmented.SegmentedRaftLogWorker (SegmentedRaftLogWorker.java:run(316)) - fdf19479-69c2-4639-b68c-6adde78ca28a@group-1E3CECB5CFD8-SegmentedRaftLogWorker was interrupted, exiting. There are 0 tasks remaining in the queue.
2019-10-20 13:11:14,556 [ForkJoinPool.commonPool-worker-1] INFO  segmented.SegmentedRaftLogWorker (SegmentedRaftLogWorker.java:close(224)) - fdf19479-69c2-4639-b68c-6adde78ca28a@group-1E3CECB5CFD8-SegmentedRaftLogWorker close()
2019-10-20 13:11:14,559 [main] INFO  server.GrpcService (GrpcService.java:closeImpl(164)) - fdf19479-69c2-4639-b68c-6adde78ca28a: shutdown server with port 42858 now
2019-10-20 13:11:14,560 [main] INFO  server.GrpcService (GrpcService.java:closeImpl(172)) - fdf19479-69c2-4639-b68c-6adde78ca28a: shutdown server with port 42858 successfully
2019-10-20 13:11:14,566 [refreshUsed-/workdir/hadoop-ozone/integration-test/target/test-dir/MiniOzoneClusterImpl-7cb4dc35-5948-4f28-9541-652e3d9b0dcd/datanode-0/data/containers] WARN  fs.CachingGetSpaceUsed (CachingGetSpaceUsed.java:run(183)) - Thread Interrupted waiting to refresh disk information: sleep interrupted
2019-10-20 13:11:14,578 [Thread-25522] INFO  impl.FollowerState (FollowerState.java:run(108)) - 7660b851-9671-46a6-9e1d-7d946f95d492@group-42C3DBE2B33D-FollowerState: change to CANDIDATE, lastRpcTime:144ms, electionTimeout:144ms
2019-10-20 13:11:14,579 [Thread-25522] INFO  impl.RoleInfo (RoleInfo.java:shutdownFollowerState(121)) - 7660b851-9671-46a6-9e1d-7d946f95d492: shutdown FollowerState
2019-10-20 13:11:14,579 [Thread-25522] INFO  impl.RaftServerImpl (RaftServerImpl.java:setRole(184)) - 7660b851-9671-46a6-9e1d-7d946f95d492@group-42C3DBE2B33D: changes role from  FOLLOWER to CANDIDATE at term 138 for changeToCandidate
2019-10-20 13:11:14,579 [Thread-25522] INFO  impl.RoleInfo (RoleInfo.java:updateAndGet(143)) - 7660b851-9671-46a6-9e1d-7d946f95d492: start LeaderElection
2019-10-20 13:11:14,585 [main] INFO  utils.BackgroundService (BackgroundService.java:shutdown(151)) - Shutting down service BlockDeletingService
2019-10-20 13:11:14,594 [main] INFO  statemachine.DatanodeStateMachine (DatanodeStateMachine.java:stopDaemon(395)) - Ozone container server stopped.
2019-10-20 13:11:14,595 [main] INFO  handler.ContextHandler (ContextHandler.java:doStop(910)) - Stopped o.e.j.w.WebAppContext@40d96578{/,null,UNAVAILABLE}{/hddsDatanode}
2019-10-20 13:11:14,596 [main] INFO  server.AbstractConnector (AbstractConnector.java:doStop(318)) - Stopped ServerConnector@c97721b{HTTP/1.1,[http/1.1]}{0.0.0.0:0}
2019-10-20 13:11:14,596 [main] INFO  handler.ContextHandler (ContextHandler.java:doStop(910)) - Stopped o.e.j.s.ServletContextHandler@795b66d{/static,jar:file:/home/user/.m2/repository/org/apache/hadoop/hadoop-hdds-container-service/0.5.0-SNAPSHOT/hadoop-hdds-container-service-0.5.0-SNAPSHOT.jar!/webapps/static,UNAVAILABLE}
2019-10-20 13:11:14,597 [main] INFO  handler.ContextHandler (ContextHandler.java:doStop(910)) - Stopped o.e.j.s.ServletContextHandler@433ef204{/logs,file:///workdir/hadoop-ozone/integration-test/target/log,UNAVAILABLE}
2019-10-20 13:11:14,619 [7660b851-9671-46a6-9e1d-7d946f95d492@group-42C3DBE2B33D-LeaderElection3417] INFO  impl.LeaderElection (LeaderElection.java:askForVotes(178)) - 7660b851-9671-46a6-9e1d-7d946f95d492@group-42C3DBE2B33D-LeaderElection3417: begin an election at term 139 for -1: [fdf19479-69c2-4639-b68c-6adde78ca28a:192.168.157.204:42858, 1ac0a8d4-e534-43ce-83b1-426d47a3040d:192.168.157.204:32953, 7660b851-9671-46a6-9e1d-7d946f95d492:192.168.157.204:41682], old=null
2019-10-20 13:11:14,621 [grpc-default-executor-2] INFO  impl.RaftServerImpl (RaftServerImpl.java:setRole(184)) - 1ac0a8d4-e534-43ce-83b1-426d47a3040d@group-42C3DBE2B33D: changes role from  FOLLOWER to FOLLOWER at term 139 for recognizeCandidate:7660b851-9671-46a6-9e1d-7d946f95d492
2019-10-20 13:11:14,621 [grpc-default-executor-2] INFO  impl.RoleInfo (RoleInfo.java:shutdownFollowerState(121)) - 1ac0a8d4-e534-43ce-83b1-426d47a3040d: shutdown FollowerState
2019-10-20 13:11:14,621 [grpc-default-executor-2] INFO  impl.RoleInfo (RoleInfo.java:updateAndGet(143)) - 1ac0a8d4-e534-43ce-83b1-426d47a3040d: start FollowerState
2019-10-20 13:11:14,621 [Thread-25521] INFO  impl.FollowerState (FollowerState.java:run(117)) - 1ac0a8d4-e534-43ce-83b1-426d47a3040d@group-42C3DBE2B33D-FollowerState was interrupted: java.lang.InterruptedException: sleep interrupted
2019-10-20 13:11:14,621 [7660b851-9671-46a6-9e1d-7d946f95d492@group-42C3DBE2B33D-LeaderElection3417] INFO  impl.LeaderElection (LogUtils.java:infoOrTrace(149)) - 7660b851-9671-46a6-9e1d-7d946f95d492@group-42C3DBE2B33D-LeaderElection3417 got exception when requesting votes: {}
java.util.concurrent.ExecutionException: org.apache.ratis.thirdparty.io.grpc.StatusRuntimeException: UNAVAILABLE: io exception
	at java.util.concurrent.FutureTask.report(FutureTask.java:122)
	at java.util.concurrent.FutureTask.get(FutureTask.java:192)
	at org.apache.ratis.server.impl.LeaderElection.waitForResults(LeaderElection.java:259)
	at org.apache.ratis.server.impl.LeaderElection.askForVotes(LeaderElection.java:197)
	at org.apache.ratis.server.impl.LeaderElection.run(LeaderElection.java:133)
	at java.lang.Thread.run(Thread.java:748)
Caused by: org.apache.ratis.thirdparty.io.grpc.StatusRuntimeException: UNAVAILABLE: io exception
	at org.apache.ratis.thirdparty.io.grpc.stub.ClientCalls.toStatusRuntimeException(ClientCalls.java:233)
	at org.apache.ratis.thirdparty.io.grpc.stub.ClientCalls.getUnchecked(ClientCalls.java:214)
	at org.apache.ratis.thirdparty.io.grpc.stub.ClientCalls.blockingUnaryCall(ClientCalls.java:139)
	at org.apache.ratis.proto.grpc.RaftServerProtocolServiceGrpc$RaftServerProtocolServiceBlockingStub.requestVote(RaftServerProtocolServiceGrpc.java:265)
	at org.apache.ratis.grpc.server.GrpcServerProtocolClient.requestVote(GrpcServerProtocolClient.java:99)
	at org.apache.ratis.grpc.server.GrpcService.requestVote(GrpcService.java:204)
	at org.apache.ratis.server.impl.LeaderElection.lambda$submitRequests$1(LeaderElection.java:234)
	at java.util.concurrent.FutureTask.run(FutureTask.java:266)
	at java.util.concurrent.Executors$RunnableAdapter.call(Executors.java:511)
	at java.util.concurrent.FutureTask.run(FutureTask.java:266)
	at java.util.concurrent.ThreadPoolExecutor.runWorker(ThreadPoolExecutor.java:1149)
	at java.util.concurrent.ThreadPoolExecutor$Worker.run(ThreadPoolExecutor.java:624)
	... 1 more
Caused by: org.apache.ratis.thirdparty.io.netty.channel.AbstractChannel$AnnotatedConnectException: Connection refused: /192.168.157.204:42858
	at sun.nio.ch.SocketChannelImpl.checkConnect(Native Method)
	at sun.nio.ch.SocketChannelImpl.finishConnect(SocketChannelImpl.java:717)
	at org.apache.ratis.thirdparty.io.netty.channel.socket.nio.NioSocketChannel.doFinishConnect(NioSocketChannel.java:327)
	at org.apache.ratis.thirdparty.io.netty.channel.nio.AbstractNioChannel$AbstractNioUnsafe.finishConnect(AbstractNioChannel.java:340)
	at org.apache.ratis.thirdparty.io.netty.channel.nio.NioEventLoop.processSelectedKey(NioEventLoop.java:632)
	at org.apache.ratis.thirdparty.io.netty.channel.nio.NioEventLoop.processSelectedKeysOptimized(NioEventLoop.java:579)
	at org.apache.ratis.thirdparty.io.netty.channel.nio.NioEventLoop.processSelectedKeys(NioEventLoop.java:496)
	at org.apache.ratis.thirdparty.io.netty.channel.nio.NioEventLoop.run(NioEventLoop.java:458)
	at org.apache.ratis.thirdparty.io.netty.util.concurrent.SingleThreadEventExecutor$5.run(SingleThreadEventExecutor.java:897)
	at org.apache.ratis.thirdparty.io.netty.util.concurrent.FastThreadLocalRunnable.run(FastThreadLocalRunnable.java:30)
	... 1 more
Caused by: java.net.ConnectException: Connection refused
	... 11 more
2019-10-20 13:11:14,636 [7660b851-9671-46a6-9e1d-7d946f95d492@group-42C3DBE2B33D-LeaderElection3417] INFO  impl.LeaderElection (LeaderElection.java:logAndReturn(56)) - 7660b851-9671-46a6-9e1d-7d946f95d492@group-42C3DBE2B33D-LeaderElection3417: Election REJECTED; received 1 response(s) [7660b851-9671-46a6-9e1d-7d946f95d492<-1ac0a8d4-e534-43ce-83b1-426d47a3040d#0:FAIL-t139] and 1 exception(s); 7660b851-9671-46a6-9e1d-7d946f95d492@group-42C3DBE2B33D:t139, leader=null, voted=7660b851-9671-46a6-9e1d-7d946f95d492, raftlog=7660b851-9671-46a6-9e1d-7d946f95d492@group-42C3DBE2B33D-SegmentedRaftLog:OPENED:c-1,f-1,i0, conf=-1: [fdf19479-69c2-4639-b68c-6adde78ca28a:192.168.157.204:42858, 1ac0a8d4-e534-43ce-83b1-426d47a3040d:192.168.157.204:32953, 7660b851-9671-46a6-9e1d-7d946f95d492:192.168.157.204:41682], old=null
2019-10-20 13:11:14,636 [7660b851-9671-46a6-9e1d-7d946f95d492@group-42C3DBE2B33D-LeaderElection3417] INFO  impl.LeaderElection (LogUtils.java:infoOrTrace(149)) -   Exception 0: {}
java.util.concurrent.ExecutionException: org.apache.ratis.thirdparty.io.grpc.StatusRuntimeException: UNAVAILABLE: io exception
	at java.util.concurrent.FutureTask.report(FutureTask.java:122)
	at java.util.concurrent.FutureTask.get(FutureTask.java:192)
	at org.apache.ratis.server.impl.LeaderElection.waitForResults(LeaderElection.java:259)
	at org.apache.ratis.server.impl.LeaderElection.askForVotes(LeaderElection.java:197)
	at org.apache.ratis.server.impl.LeaderElection.run(LeaderElection.java:133)
	at java.lang.Thread.run(Thread.java:748)
Caused by: org.apache.ratis.thirdparty.io.grpc.StatusRuntimeException: UNAVAILABLE: io exception
	at org.apache.ratis.thirdparty.io.grpc.stub.ClientCalls.toStatusRuntimeException(ClientCalls.java:233)
	at org.apache.ratis.thirdparty.io.grpc.stub.ClientCalls.getUnchecked(ClientCalls.java:214)
	at org.apache.ratis.thirdparty.io.grpc.stub.ClientCalls.blockingUnaryCall(ClientCalls.java:139)
	at org.apache.ratis.proto.grpc.RaftServerProtocolServiceGrpc$RaftServerProtocolServiceBlockingStub.requestVote(RaftServerProtocolServiceGrpc.java:265)
	at org.apache.ratis.grpc.server.GrpcServerProtocolClient.requestVote(GrpcServerProtocolClient.java:99)
	at org.apache.ratis.grpc.server.GrpcService.requestVote(GrpcService.java:204)
	at org.apache.ratis.server.impl.LeaderElection.lambda$submitRequests$1(LeaderElection.java:234)
	at java.util.concurrent.FutureTask.run(FutureTask.java:266)
	at java.util.concurrent.Executors$RunnableAdapter.call(Executors.java:511)
	at java.util.concurrent.FutureTask.run(FutureTask.java:266)
	at java.util.concurrent.ThreadPoolExecutor.runWorker(ThreadPoolExecutor.java:1149)
	at java.util.concurrent.ThreadPoolExecutor$Worker.run(ThreadPoolExecutor.java:624)
	... 1 more
Caused by: org.apache.ratis.thirdparty.io.netty.channel.AbstractChannel$AnnotatedConnectException: Connection refused: /192.168.157.204:42858
	at sun.nio.ch.SocketChannelImpl.checkConnect(Native Method)
	at sun.nio.ch.SocketChannelImpl.finishConnect(SocketChannelImpl.java:717)
	at org.apache.ratis.thirdparty.io.netty.channel.socket.nio.NioSocketChannel.doFinishConnect(NioSocketChannel.java:327)
	at org.apache.ratis.thirdparty.io.netty.channel.nio.AbstractNioChannel$AbstractNioUnsafe.finishConnect(AbstractNioChannel.java:340)
	at org.apache.ratis.thirdparty.io.netty.channel.nio.NioEventLoop.processSelectedKey(NioEventLoop.java:632)
	at org.apache.ratis.thirdparty.io.netty.channel.nio.NioEventLoop.processSelectedKeysOptimized(NioEventLoop.java:579)
	at org.apache.ratis.thirdparty.io.netty.channel.nio.NioEventLoop.processSelectedKeys(NioEventLoop.java:496)
	at org.apache.ratis.thirdparty.io.netty.channel.nio.NioEventLoop.run(NioEventLoop.java:458)
	at org.apache.ratis.thirdparty.io.netty.util.concurrent.SingleThreadEventExecutor$5.run(SingleThreadEventExecutor.java:897)
	at org.apache.ratis.thirdparty.io.netty.util.concurrent.FastThreadLocalRunnable.run(FastThreadLocalRunnable.java:30)
	... 1 more
Caused by: java.net.ConnectException: Connection refused
	... 11 more
2019-10-20 13:11:14,637 [7660b851-9671-46a6-9e1d-7d946f95d492@group-42C3DBE2B33D-LeaderElection3417] INFO  impl.RaftServerImpl (RaftServerImpl.java:setRole(184)) - 7660b851-9671-46a6-9e1d-7d946f95d492@group-42C3DBE2B33D: changes role from CANDIDATE to FOLLOWER at term 139 for DISCOVERED_A_NEW_TERM
2019-10-20 13:11:14,637 [7660b851-9671-46a6-9e1d-7d946f95d492@group-42C3DBE2B33D-LeaderElection3417] INFO  impl.RoleInfo (RoleInfo.java:shutdownLeaderElection(134)) - 7660b851-9671-46a6-9e1d-7d946f95d492: shutdown LeaderElection
2019-10-20 13:11:14,637 [7660b851-9671-46a6-9e1d-7d946f95d492@group-42C3DBE2B33D-LeaderElection3417] INFO  impl.RoleInfo (RoleInfo.java:updateAndGet(143)) - 7660b851-9671-46a6-9e1d-7d946f95d492: start FollowerState
2019-10-20 13:11:14,647 [main] INFO  ozone.MiniOzoneClusterImpl (MiniOzoneClusterImpl.java:shutdown(314)) - Shutting down the Mini Ozone Cluster
2019-10-20 13:11:14,647 [main] INFO  ozone.MiniOzoneClusterImpl (MiniOzoneClusterImpl.java:stop(330)) - Stopping the Mini Ozone Cluster
2019-10-20 13:11:14,647 [main] INFO  ozone.MiniOzoneClusterImpl (MiniOzoneClusterImpl.java:stopOM(400)) - Stopping the OzoneManager
2019-10-20 13:11:14,647 [main] INFO  ipc.Server (Server.java:stop(3082)) - Stopping server on 43605
2019-10-20 13:11:14,657 [IPC Server listener on 43605] INFO  ipc.Server (Server.java:run(1185)) - Stopping IPC Server listener on 43605
2019-10-20 13:11:14,660 [main] INFO  ratis.OzoneManagerDoubleBuffer (OzoneManagerDoubleBuffer.java:stop(250)) - Stopping OMDoubleBuffer flush thread
2019-10-20 13:11:14,662 [IPC Server Responder] INFO  ipc.Server (Server.java:run(1319)) - Stopping IPC Server Responder
2019-10-20 13:11:14,676 [OMDoubleBufferFlushThread] INFO  ratis.OzoneManagerDoubleBuffer (OzoneManagerDoubleBuffer.java:flushTransactions(193)) - OMDoubleBuffer flush thread OMDoubleBufferFlushThread is interrupted and will exit. OMDoubleBufferFlushThread
2019-10-20 13:11:14,680 [main] INFO  utils.BackgroundService (BackgroundService.java:shutdown(151)) - Shutting down service KeyDeletingService
2019-10-20 13:11:14,695 [main] INFO  handler.ContextHandler (ContextHandler.java:doStop(910)) - Stopped o.e.j.w.WebAppContext@60deefed{/,null,UNAVAILABLE}{/ozoneManager}
2019-10-20 13:11:14,695 [main] INFO  server.AbstractConnector (AbstractConnector.java:doStop(318)) - Stopped ServerConnector@49754e74{HTTP/1.1,[http/1.1]}{0.0.0.0:0}
2019-10-20 13:11:14,696 [main] INFO  handler.ContextHandler (ContextHandler.java:doStop(910)) - Stopped o.e.j.s.ServletContextHandler@1be52861{/static,file:///workdir/hadoop-ozone/integration-test/target/test-classes/webapps/static,UNAVAILABLE}
2019-10-20 13:11:14,696 [main] INFO  handler.ContextHandler (ContextHandler.java:doStop(910)) - Stopped o.e.j.s.ServletContextHandler@649b5891{/logs,file:///workdir/hadoop-ozone/integration-test/target/log,UNAVAILABLE}
2019-10-20 13:11:14,699 [main] INFO  ozone.MiniOzoneClusterImpl (MiniOzoneClusterImpl.java:stopDatanodes(377)) - Stopping the HddsDatanodes
2019-10-20 13:11:14,754 [Thread-25541] INFO  impl.FollowerState (FollowerState.java:run(108)) - 7660b851-9671-46a6-9e1d-7d946f95d492@group-42C3DBE2B33D-FollowerState: change to CANDIDATE, lastRpcTime:117ms, electionTimeout:117ms
2019-10-20 13:11:14,754 [Thread-25541] INFO  impl.RoleInfo (RoleInfo.java:shutdownFollowerState(121)) - 7660b851-9671-46a6-9e1d-7d946f95d492: shutdown FollowerState
2019-10-20 13:11:14,754 [Thread-25541] INFO  impl.RaftServerImpl (RaftServerImpl.java:setRole(184)) - 7660b851-9671-46a6-9e1d-7d946f95d492@group-42C3DBE2B33D: changes role from  FOLLOWER to CANDIDATE at term 139 for changeToCandidate
2019-10-20 13:11:14,754 [Thread-25541] INFO  impl.RoleInfo (RoleInfo.java:updateAndGet(143)) - 7660b851-9671-46a6-9e1d-7d946f95d492: start LeaderElection
2019-10-20 13:11:14,767 [7660b851-9671-46a6-9e1d-7d946f95d492@group-42C3DBE2B33D-LeaderElection3418] INFO  impl.LeaderElection (LeaderElection.java:askForVotes(178)) - 7660b851-9671-46a6-9e1d-7d946f95d492@group-42C3DBE2B33D-LeaderElection3418: begin an election at term 140 for -1: [fdf19479-69c2-4639-b68c-6adde78ca28a:192.168.157.204:42858, 1ac0a8d4-e534-43ce-83b1-426d47a3040d:192.168.157.204:32953, 7660b851-9671-46a6-9e1d-7d946f95d492:192.168.157.204:41682], old=null
2019-10-20 13:11:14,768 [7660b851-9671-46a6-9e1d-7d946f95d492@group-42C3DBE2B33D-LeaderElection3418] INFO  impl.LeaderElection (LogUtils.java:infoOrTrace(149)) - 7660b851-9671-46a6-9e1d-7d946f95d492@group-42C3DBE2B33D-LeaderElection3418 got exception when requesting votes: {}
java.util.concurrent.ExecutionException: org.apache.ratis.thirdparty.io.grpc.StatusRuntimeException: UNAVAILABLE: io exception
	at java.util.concurrent.FutureTask.report(FutureTask.java:122)
	at java.util.concurrent.FutureTask.get(FutureTask.java:192)
	at org.apache.ratis.server.impl.LeaderElection.waitForResults(LeaderElection.java:259)
	at org.apache.ratis.server.impl.LeaderElection.askForVotes(LeaderElection.java:197)
	at org.apache.ratis.server.impl.LeaderElection.run(LeaderElection.java:133)
	at java.lang.Thread.run(Thread.java:748)
Caused by: org.apache.ratis.thirdparty.io.grpc.StatusRuntimeException: UNAVAILABLE: io exception
	at org.apache.ratis.thirdparty.io.grpc.stub.ClientCalls.toStatusRuntimeException(ClientCalls.java:233)
	at org.apache.ratis.thirdparty.io.grpc.stub.ClientCalls.getUnchecked(ClientCalls.java:214)
	at org.apache.ratis.thirdparty.io.grpc.stub.ClientCalls.blockingUnaryCall(ClientCalls.java:139)
	at org.apache.ratis.proto.grpc.RaftServerProtocolServiceGrpc$RaftServerProtocolServiceBlockingStub.requestVote(RaftServerProtocolServiceGrpc.java:265)
	at org.apache.ratis.grpc.server.GrpcServerProtocolClient.requestVote(GrpcServerProtocolClient.java:99)
	at org.apache.ratis.grpc.server.GrpcService.requestVote(GrpcService.java:204)
	at org.apache.ratis.server.impl.LeaderElection.lambda$submitRequests$1(LeaderElection.java:234)
	at java.util.concurrent.FutureTask.run(FutureTask.java:266)
	at java.util.concurrent.Executors$RunnableAdapter.call(Executors.java:511)
	at java.util.concurrent.FutureTask.run(FutureTask.java:266)
	at java.util.concurrent.ThreadPoolExecutor.runWorker(ThreadPoolExecutor.java:1149)
	at java.util.concurrent.ThreadPoolExecutor$Worker.run(ThreadPoolExecutor.java:624)
	... 1 more
Caused by: org.apache.ratis.thirdparty.io.netty.channel.AbstractChannel$AnnotatedConnectException: Connection refused: /192.168.157.204:42858
	at sun.nio.ch.SocketChannelImpl.checkConnect(Native Method)
	at sun.nio.ch.SocketChannelImpl.finishConnect(SocketChannelImpl.java:717)
	at org.apache.ratis.thirdparty.io.netty.channel.socket.nio.NioSocketChannel.doFinishConnect(NioSocketChannel.java:327)
	at org.apache.ratis.thirdparty.io.netty.channel.nio.AbstractNioChannel$AbstractNioUnsafe.finishConnect(AbstractNioChannel.java:340)
	at org.apache.ratis.thirdparty.io.netty.channel.nio.NioEventLoop.processSelectedKey(NioEventLoop.java:632)
	at org.apache.ratis.thirdparty.io.netty.channel.nio.NioEventLoop.processSelectedKeysOptimized(NioEventLoop.java:579)
	at org.apache.ratis.thirdparty.io.netty.channel.nio.NioEventLoop.processSelectedKeys(NioEventLoop.java:496)
	at org.apache.ratis.thirdparty.io.netty.channel.nio.NioEventLoop.run(NioEventLoop.java:458)
	at org.apache.ratis.thirdparty.io.netty.util.concurrent.SingleThreadEventExecutor$5.run(SingleThreadEventExecutor.java:897)
	at org.apache.ratis.thirdparty.io.netty.util.concurrent.FastThreadLocalRunnable.run(FastThreadLocalRunnable.java:30)
	... 1 more
Caused by: java.net.ConnectException: Connection refused
	... 11 more
2019-10-20 13:11:14,768 [grpc-default-executor-2] INFO  impl.RaftServerImpl (RaftServerImpl.java:setRole(184)) - 1ac0a8d4-e534-43ce-83b1-426d47a3040d@group-42C3DBE2B33D: changes role from  FOLLOWER to FOLLOWER at term 140 for recognizeCandidate:7660b851-9671-46a6-9e1d-7d946f95d492
2019-10-20 13:11:14,769 [grpc-default-executor-2] INFO  impl.RoleInfo (RoleInfo.java:shutdownFollowerState(121)) - 1ac0a8d4-e534-43ce-83b1-426d47a3040d: shutdown FollowerState
2019-10-20 13:11:14,769 [grpc-default-executor-2] INFO  impl.RoleInfo (RoleInfo.java:updateAndGet(143)) - 1ac0a8d4-e534-43ce-83b1-426d47a3040d: start FollowerState
2019-10-20 13:11:14,769 [Thread-25528] INFO  impl.FollowerState (FollowerState.java:run(117)) - 1ac0a8d4-e534-43ce-83b1-426d47a3040d@group-42C3DBE2B33D-FollowerState was interrupted: java.lang.InterruptedException: sleep interrupted
2019-10-20 13:11:14,781 [7660b851-9671-46a6-9e1d-7d946f95d492@group-42C3DBE2B33D-LeaderElection3418] INFO  impl.LeaderElection (LeaderElection.java:logAndReturn(56)) - 7660b851-9671-46a6-9e1d-7d946f95d492@group-42C3DBE2B33D-LeaderElection3418: Election REJECTED; received 1 response(s) [7660b851-9671-46a6-9e1d-7d946f95d492<-1ac0a8d4-e534-43ce-83b1-426d47a3040d#0:FAIL-t140] and 1 exception(s); 7660b851-9671-46a6-9e1d-7d946f95d492@group-42C3DBE2B33D:t140, leader=null, voted=7660b851-9671-46a6-9e1d-7d946f95d492, raftlog=7660b851-9671-46a6-9e1d-7d946f95d492@group-42C3DBE2B33D-SegmentedRaftLog:OPENED:c-1,f-1,i0, conf=-1: [fdf19479-69c2-4639-b68c-6adde78ca28a:192.168.157.204:42858, 1ac0a8d4-e534-43ce-83b1-426d47a3040d:192.168.157.204:32953, 7660b851-9671-46a6-9e1d-7d946f95d492:192.168.157.204:41682], old=null
2019-10-20 13:11:14,781 [7660b851-9671-46a6-9e1d-7d946f95d492@group-42C3DBE2B33D-LeaderElection3418] INFO  impl.LeaderElection (LogUtils.java:infoOrTrace(149)) -   Exception 0: {}
java.util.concurrent.ExecutionException: org.apache.ratis.thirdparty.io.grpc.StatusRuntimeException: UNAVAILABLE: io exception
	at java.util.concurrent.FutureTask.report(FutureTask.java:122)
	at java.util.concurrent.FutureTask.get(FutureTask.java:192)
	at org.apache.ratis.server.impl.LeaderElection.waitForResults(LeaderElection.java:259)
	at org.apache.ratis.server.impl.LeaderElection.askForVotes(LeaderElection.java:197)
	at org.apache.ratis.server.impl.LeaderElection.run(LeaderElection.java:133)
	at java.lang.Thread.run(Thread.java:748)
Caused by: org.apache.ratis.thirdparty.io.grpc.StatusRuntimeException: UNAVAILABLE: io exception
	at org.apache.ratis.thirdparty.io.grpc.stub.ClientCalls.toStatusRuntimeException(ClientCalls.java:233)
	at org.apache.ratis.thirdparty.io.grpc.stub.ClientCalls.getUnchecked(ClientCalls.java:214)
	at org.apache.ratis.thirdparty.io.grpc.stub.ClientCalls.blockingUnaryCall(ClientCalls.java:139)
	at org.apache.ratis.proto.grpc.RaftServerProtocolServiceGrpc$RaftServerProtocolServiceBlockingStub.requestVote(RaftServerProtocolServiceGrpc.java:265)
	at org.apache.ratis.grpc.server.GrpcServerProtocolClient.requestVote(GrpcServerProtocolClient.java:99)
	at org.apache.ratis.grpc.server.GrpcService.requestVote(GrpcService.java:204)
	at org.apache.ratis.server.impl.LeaderElection.lambda$submitRequests$1(LeaderElection.java:234)
	at java.util.concurrent.FutureTask.run(FutureTask.java:266)
	at java.util.concurrent.Executors$RunnableAdapter.call(Executors.java:511)
	at java.util.concurrent.FutureTask.run(FutureTask.java:266)
	at java.util.concurrent.ThreadPoolExecutor.runWorker(ThreadPoolExecutor.java:1149)
	at java.util.concurrent.ThreadPoolExecutor$Worker.run(ThreadPoolExecutor.java:624)
	... 1 more
Caused by: org.apache.ratis.thirdparty.io.netty.channel.AbstractChannel$AnnotatedConnectException: Connection refused: /192.168.157.204:42858
	at sun.nio.ch.SocketChannelImpl.checkConnect(Native Method)
	at sun.nio.ch.SocketChannelImpl.finishConnect(SocketChannelImpl.java:717)
	at org.apache.ratis.thirdparty.io.netty.channel.socket.nio.NioSocketChannel.doFinishConnect(NioSocketChannel.java:327)
	at org.apache.ratis.thirdparty.io.netty.channel.nio.AbstractNioChannel$AbstractNioUnsafe.finishConnect(AbstractNioChannel.java:340)
	at org.apache.ratis.thirdparty.io.netty.channel.nio.NioEventLoop.processSelectedKey(NioEventLoop.java:632)
	at org.apache.ratis.thirdparty.io.netty.channel.nio.NioEventLoop.processSelectedKeysOptimized(NioEventLoop.java:579)
	at org.apache.ratis.thirdparty.io.netty.channel.nio.NioEventLoop.processSelectedKeys(NioEventLoop.java:496)
	at org.apache.ratis.thirdparty.io.netty.channel.nio.NioEventLoop.run(NioEventLoop.java:458)
	at org.apache.ratis.thirdparty.io.netty.util.concurrent.SingleThreadEventExecutor$5.run(SingleThreadEventExecutor.java:897)
	at org.apache.ratis.thirdparty.io.netty.util.concurrent.FastThreadLocalRunnable.run(FastThreadLocalRunnable.java:30)
	... 1 more
Caused by: java.net.ConnectException: Connection refused
	... 11 more
2019-10-20 13:11:14,781 [7660b851-9671-46a6-9e1d-7d946f95d492@group-42C3DBE2B33D-LeaderElection3418] INFO  impl.RaftServerImpl (RaftServerImpl.java:setRole(184)) - 7660b851-9671-46a6-9e1d-7d946f95d492@group-42C3DBE2B33D: changes role from CANDIDATE to FOLLOWER at term 140 for DISCOVERED_A_NEW_TERM
2019-10-20 13:11:14,781 [7660b851-9671-46a6-9e1d-7d946f95d492@group-42C3DBE2B33D-LeaderElection3418] INFO  impl.RoleInfo (RoleInfo.java:shutdownLeaderElection(134)) - 7660b851-9671-46a6-9e1d-7d946f95d492: shutdown LeaderElection
2019-10-20 13:11:14,781 [7660b851-9671-46a6-9e1d-7d946f95d492@group-42C3DBE2B33D-LeaderElection3418] INFO  impl.RoleInfo (RoleInfo.java:updateAndGet(143)) - 7660b851-9671-46a6-9e1d-7d946f95d492: start FollowerState
2019-10-20 13:11:14,796 [Thread-25550] INFO  impl.FollowerState (FollowerState.java:run(108)) - 7660b851-9671-46a6-9e1d-7d946f95d492@group-42C3DBE2B33D-FollowerState: change to CANDIDATE, lastRpcTime:14ms, electionTimeout:14ms
2019-10-20 13:11:14,796 [Thread-25550] INFO  impl.RoleInfo (RoleInfo.java:shutdownFollowerState(121)) - 7660b851-9671-46a6-9e1d-7d946f95d492: shutdown FollowerState
2019-10-20 13:11:14,796 [Thread-25550] INFO  impl.RaftServerImpl (RaftServerImpl.java:setRole(184)) - 7660b851-9671-46a6-9e1d-7d946f95d492@group-42C3DBE2B33D: changes role from  FOLLOWER to CANDIDATE at term 140 for changeToCandidate
2019-10-20 13:11:14,796 [Thread-25550] INFO  impl.RoleInfo (RoleInfo.java:updateAndGet(143)) - 7660b851-9671-46a6-9e1d-7d946f95d492: start LeaderElection
2019-10-20 13:11:14,807 [7660b851-9671-46a6-9e1d-7d946f95d492@group-42C3DBE2B33D-LeaderElection3419] INFO  impl.LeaderElection (LeaderElection.java:askForVotes(178)) - 7660b851-9671-46a6-9e1d-7d946f95d492@group-42C3DBE2B33D-LeaderElection3419: begin an election at term 141 for -1: [fdf19479-69c2-4639-b68c-6adde78ca28a:192.168.157.204:42858, 1ac0a8d4-e534-43ce-83b1-426d47a3040d:192.168.157.204:32953, 7660b851-9671-46a6-9e1d-7d946f95d492:192.168.157.204:41682], old=null
2019-10-20 13:11:14,808 [7660b851-9671-46a6-9e1d-7d946f95d492@group-42C3DBE2B33D-LeaderElection3419] INFO  impl.LeaderElection (LogUtils.java:infoOrTrace(149)) - 7660b851-9671-46a6-9e1d-7d946f95d492@group-42C3DBE2B33D-LeaderElection3419 got exception when requesting votes: {}
java.util.concurrent.ExecutionException: org.apache.ratis.thirdparty.io.grpc.StatusRuntimeException: UNAVAILABLE: io exception
	at java.util.concurrent.FutureTask.report(FutureTask.java:122)
	at java.util.concurrent.FutureTask.get(FutureTask.java:192)
	at org.apache.ratis.server.impl.LeaderElection.waitForResults(LeaderElection.java:259)
	at org.apache.ratis.server.impl.LeaderElection.askForVotes(LeaderElection.java:197)
	at org.apache.ratis.server.impl.LeaderElection.run(LeaderElection.java:133)
	at java.lang.Thread.run(Thread.java:748)
Caused by: org.apache.ratis.thirdparty.io.grpc.StatusRuntimeException: UNAVAILABLE: io exception
	at org.apache.ratis.thirdparty.io.grpc.stub.ClientCalls.toStatusRuntimeException(ClientCalls.java:233)
	at org.apache.ratis.thirdparty.io.grpc.stub.ClientCalls.getUnchecked(ClientCalls.java:214)
	at org.apache.ratis.thirdparty.io.grpc.stub.ClientCalls.blockingUnaryCall(ClientCalls.java:139)
	at org.apache.ratis.proto.grpc.RaftServerProtocolServiceGrpc$RaftServerProtocolServiceBlockingStub.requestVote(RaftServerProtocolServiceGrpc.java:265)
	at org.apache.ratis.grpc.server.GrpcServerProtocolClient.requestVote(GrpcServerProtocolClient.java:99)
	at org.apache.ratis.grpc.server.GrpcService.requestVote(GrpcService.java:204)
	at org.apache.ratis.server.impl.LeaderElection.lambda$submitRequests$1(LeaderElection.java:234)
	at java.util.concurrent.FutureTask.run(FutureTask.java:266)
	at java.util.concurrent.Executors$RunnableAdapter.call(Executors.java:511)
	at java.util.concurrent.FutureTask.run(FutureTask.java:266)
	at java.util.concurrent.ThreadPoolExecutor.runWorker(ThreadPoolExecutor.java:1149)
	at java.util.concurrent.ThreadPoolExecutor$Worker.run(ThreadPoolExecutor.java:624)
	... 1 more
Caused by: org.apache.ratis.thirdparty.io.netty.channel.AbstractChannel$AnnotatedConnectException: Connection refused: /192.168.157.204:42858
	at sun.nio.ch.SocketChannelImpl.checkConnect(Native Method)
	at sun.nio.ch.SocketChannelImpl.finishConnect(SocketChannelImpl.java:717)
	at org.apache.ratis.thirdparty.io.netty.channel.socket.nio.NioSocketChannel.doFinishConnect(NioSocketChannel.java:327)
	at org.apache.ratis.thirdparty.io.netty.channel.nio.AbstractNioChannel$AbstractNioUnsafe.finishConnect(AbstractNioChannel.java:340)
	at org.apache.ratis.thirdparty.io.netty.channel.nio.NioEventLoop.processSelectedKey(NioEventLoop.java:632)
	at org.apache.ratis.thirdparty.io.netty.channel.nio.NioEventLoop.processSelectedKeysOptimized(NioEventLoop.java:579)
	at org.apache.ratis.thirdparty.io.netty.channel.nio.NioEventLoop.processSelectedKeys(NioEventLoop.java:496)
	at org.apache.ratis.thirdparty.io.netty.channel.nio.NioEventLoop.run(NioEventLoop.java:458)
	at org.apache.ratis.thirdparty.io.netty.util.concurrent.SingleThreadEventExecutor$5.run(SingleThreadEventExecutor.java:897)
	at org.apache.ratis.thirdparty.io.netty.util.concurrent.FastThreadLocalRunnable.run(FastThreadLocalRunnable.java:30)
	... 1 more
Caused by: java.net.ConnectException: Connection refused
	... 11 more
2019-10-20 13:11:14,809 [grpc-default-executor-2] INFO  impl.RaftServerImpl (RaftServerImpl.java:setRole(184)) - 1ac0a8d4-e534-43ce-83b1-426d47a3040d@group-42C3DBE2B33D: changes role from  FOLLOWER to FOLLOWER at term 141 for recognizeCandidate:7660b851-9671-46a6-9e1d-7d946f95d492
2019-10-20 13:11:14,809 [grpc-default-executor-2] INFO  impl.RoleInfo (RoleInfo.java:shutdownFollowerState(121)) - 1ac0a8d4-e534-43ce-83b1-426d47a3040d: shutdown FollowerState
2019-10-20 13:11:14,809 [grpc-default-executor-2] INFO  impl.RoleInfo (RoleInfo.java:updateAndGet(143)) - 1ac0a8d4-e534-43ce-83b1-426d47a3040d: start FollowerState
2019-10-20 13:11:14,809 [Thread-25549] INFO  impl.FollowerState (FollowerState.java:run(117)) - 1ac0a8d4-e534-43ce-83b1-426d47a3040d@group-42C3DBE2B33D-FollowerState was interrupted: java.lang.InterruptedException: sleep interrupted
2019-10-20 13:11:14,854 [7660b851-9671-46a6-9e1d-7d946f95d492@group-42C3DBE2B33D-LeaderElection3419] INFO  impl.LeaderElection (LeaderElection.java:logAndReturn(56)) - 7660b851-9671-46a6-9e1d-7d946f95d492@group-42C3DBE2B33D-LeaderElection3419: Election REJECTED; received 1 response(s) [7660b851-9671-46a6-9e1d-7d946f95d492<-1ac0a8d4-e534-43ce-83b1-426d47a3040d#0:FAIL-t141] and 1 exception(s); 7660b851-9671-46a6-9e1d-7d946f95d492@group-42C3DBE2B33D:t141, leader=null, voted=7660b851-9671-46a6-9e1d-7d946f95d492, raftlog=7660b851-9671-46a6-9e1d-7d946f95d492@group-42C3DBE2B33D-SegmentedRaftLog:OPENED:c-1,f-1,i0, conf=-1: [fdf19479-69c2-4639-b68c-6adde78ca28a:192.168.157.204:42858, 1ac0a8d4-e534-43ce-83b1-426d47a3040d:192.168.157.204:32953, 7660b851-9671-46a6-9e1d-7d946f95d492:192.168.157.204:41682], old=null
2019-10-20 13:11:14,854 [7660b851-9671-46a6-9e1d-7d946f95d492@group-42C3DBE2B33D-LeaderElection3419] INFO  impl.LeaderElection (LogUtils.java:infoOrTrace(149)) -   Exception 0: {}
java.util.concurrent.ExecutionException: org.apache.ratis.thirdparty.io.grpc.StatusRuntimeException: UNAVAILABLE: io exception
	at java.util.concurrent.FutureTask.report(FutureTask.java:122)
	at java.util.concurrent.FutureTask.get(FutureTask.java:192)
	at org.apache.ratis.server.impl.LeaderElection.waitForResults(LeaderElection.java:259)
	at org.apache.ratis.server.impl.LeaderElection.askForVotes(LeaderElection.java:197)
	at org.apache.ratis.server.impl.LeaderElection.run(LeaderElection.java:133)
	at java.lang.Thread.run(Thread.java:748)
Caused by: org.apache.ratis.thirdparty.io.grpc.StatusRuntimeException: UNAVAILABLE: io exception
	at org.apache.ratis.thirdparty.io.grpc.stub.ClientCalls.toStatusRuntimeException(ClientCalls.java:233)
	at org.apache.ratis.thirdparty.io.grpc.stub.ClientCalls.getUnchecked(ClientCalls.java:214)
	at org.apache.ratis.thirdparty.io.grpc.stub.ClientCalls.blockingUnaryCall(ClientCalls.java:139)
	at org.apache.ratis.proto.grpc.RaftServerProtocolServiceGrpc$RaftServerProtocolServiceBlockingStub.requestVote(RaftServerProtocolServiceGrpc.java:265)
	at org.apache.ratis.grpc.server.GrpcServerProtocolClient.requestVote(GrpcServerProtocolClient.java:99)
	at org.apache.ratis.grpc.server.GrpcService.requestVote(GrpcService.java:204)
	at org.apache.ratis.server.impl.LeaderElection.lambda$submitRequests$1(LeaderElection.java:234)
	at java.util.concurrent.FutureTask.run(FutureTask.java:266)
	at java.util.concurrent.Executors$RunnableAdapter.call(Executors.java:511)
	at java.util.concurrent.FutureTask.run(FutureTask.java:266)
	at java.util.concurrent.ThreadPoolExecutor.runWorker(ThreadPoolExecutor.java:1149)
	at java.util.concurrent.ThreadPoolExecutor$Worker.run(ThreadPoolExecutor.java:624)
	... 1 more
Caused by: org.apache.ratis.thirdparty.io.netty.channel.AbstractChannel$AnnotatedConnectException: Connection refused: /192.168.157.204:42858
	at sun.nio.ch.SocketChannelImpl.checkConnect(Native Method)
	at sun.nio.ch.SocketChannelImpl.finishConnect(SocketChannelImpl.java:717)
	at org.apache.ratis.thirdparty.io.netty.channel.socket.nio.NioSocketChannel.doFinishConnect(NioSocketChannel.java:327)
	at org.apache.ratis.thirdparty.io.netty.channel.nio.AbstractNioChannel$AbstractNioUnsafe.finishConnect(AbstractNioChannel.java:340)
	at org.apache.ratis.thirdparty.io.netty.channel.nio.NioEventLoop.processSelectedKey(NioEventLoop.java:632)
	at org.apache.ratis.thirdparty.io.netty.channel.nio.NioEventLoop.processSelectedKeysOptimized(NioEventLoop.java:579)
	at org.apache.ratis.thirdparty.io.netty.channel.nio.NioEventLoop.processSelectedKeys(NioEventLoop.java:496)
	at org.apache.ratis.thirdparty.io.netty.channel.nio.NioEventLoop.run(NioEventLoop.java:458)
	at org.apache.ratis.thirdparty.io.netty.util.concurrent.SingleThreadEventExecutor$5.run(SingleThreadEventExecutor.java:897)
	at org.apache.ratis.thirdparty.io.netty.util.concurrent.FastThreadLocalRunnable.run(FastThreadLocalRunnable.java:30)
	... 1 more
Caused by: java.net.ConnectException: Connection refused
	... 11 more
2019-10-20 13:11:14,855 [7660b851-9671-46a6-9e1d-7d946f95d492@group-42C3DBE2B33D-LeaderElection3419] INFO  impl.RaftServerImpl (RaftServerImpl.java:setRole(184)) - 7660b851-9671-46a6-9e1d-7d946f95d492@group-42C3DBE2B33D: changes role from CANDIDATE to FOLLOWER at term 141 for DISCOVERED_A_NEW_TERM
2019-10-20 13:11:14,855 [7660b851-9671-46a6-9e1d-7d946f95d492@group-42C3DBE2B33D-LeaderElection3419] INFO  impl.RoleInfo (RoleInfo.java:shutdownLeaderElection(134)) - 7660b851-9671-46a6-9e1d-7d946f95d492: shutdown LeaderElection
2019-10-20 13:11:14,855 [7660b851-9671-46a6-9e1d-7d946f95d492@group-42C3DBE2B33D-LeaderElection3419] INFO  impl.RoleInfo (RoleInfo.java:updateAndGet(143)) - 7660b851-9671-46a6-9e1d-7d946f95d492: start FollowerState
2019-10-20 13:11:15,001 [Thread-25555] INFO  impl.FollowerState (FollowerState.java:run(108)) - 7660b851-9671-46a6-9e1d-7d946f95d492@group-42C3DBE2B33D-FollowerState: change to CANDIDATE, lastRpcTime:145ms, electionTimeout:145ms
2019-10-20 13:11:15,001 [Thread-25555] INFO  impl.RoleInfo (RoleInfo.java:shutdownFollowerState(121)) - 7660b851-9671-46a6-9e1d-7d946f95d492: shutdown FollowerState
2019-10-20 13:11:15,001 [Thread-25555] INFO  impl.RaftServerImpl (RaftServerImpl.java:setRole(184)) - 7660b851-9671-46a6-9e1d-7d946f95d492@group-42C3DBE2B33D: changes role from  FOLLOWER to CANDIDATE at term 141 for changeToCandidate
2019-10-20 13:11:15,001 [Thread-25555] INFO  impl.RoleInfo (RoleInfo.java:updateAndGet(143)) - 7660b851-9671-46a6-9e1d-7d946f95d492: start LeaderElection
2019-10-20 13:11:15,015 [7660b851-9671-46a6-9e1d-7d946f95d492@group-42C3DBE2B33D-LeaderElection3420] INFO  impl.LeaderElection (LeaderElection.java:askForVotes(178)) - 7660b851-9671-46a6-9e1d-7d946f95d492@group-42C3DBE2B33D-LeaderElection3420: begin an election at term 142 for -1: [fdf19479-69c2-4639-b68c-6adde78ca28a:192.168.157.204:42858, 1ac0a8d4-e534-43ce-83b1-426d47a3040d:192.168.157.204:32953, 7660b851-9671-46a6-9e1d-7d946f95d492:192.168.157.204:41682], old=null
2019-10-20 13:11:15,016 [7660b851-9671-46a6-9e1d-7d946f95d492@group-42C3DBE2B33D-LeaderElection3420] INFO  impl.LeaderElection (LogUtils.java:infoOrTrace(149)) - 7660b851-9671-46a6-9e1d-7d946f95d492@group-42C3DBE2B33D-LeaderElection3420 got exception when requesting votes: {}
java.util.concurrent.ExecutionException: org.apache.ratis.thirdparty.io.grpc.StatusRuntimeException: UNAVAILABLE: io exception
	at java.util.concurrent.FutureTask.report(FutureTask.java:122)
	at java.util.concurrent.FutureTask.get(FutureTask.java:192)
	at org.apache.ratis.server.impl.LeaderElection.waitForResults(LeaderElection.java:259)
	at org.apache.ratis.server.impl.LeaderElection.askForVotes(LeaderElection.java:197)
	at org.apache.ratis.server.impl.LeaderElection.run(LeaderElection.java:133)
	at java.lang.Thread.run(Thread.java:748)
Caused by: org.apache.ratis.thirdparty.io.grpc.StatusRuntimeException: UNAVAILABLE: io exception
	at org.apache.ratis.thirdparty.io.grpc.stub.ClientCalls.toStatusRuntimeException(ClientCalls.java:233)
	at org.apache.ratis.thirdparty.io.grpc.stub.ClientCalls.getUnchecked(ClientCalls.java:214)
	at org.apache.ratis.thirdparty.io.grpc.stub.ClientCalls.blockingUnaryCall(ClientCalls.java:139)
	at org.apache.ratis.proto.grpc.RaftServerProtocolServiceGrpc$RaftServerProtocolServiceBlockingStub.requestVote(RaftServerProtocolServiceGrpc.java:265)
	at org.apache.ratis.grpc.server.GrpcServerProtocolClient.requestVote(GrpcServerProtocolClient.java:99)
	at org.apache.ratis.grpc.server.GrpcService.requestVote(GrpcService.java:204)
	at org.apache.ratis.server.impl.LeaderElection.lambda$submitRequests$1(LeaderElection.java:234)
	at java.util.concurrent.FutureTask.run(FutureTask.java:266)
	at java.util.concurrent.Executors$RunnableAdapter.call(Executors.java:511)
	at java.util.concurrent.FutureTask.run(FutureTask.java:266)
	at java.util.concurrent.ThreadPoolExecutor.runWorker(ThreadPoolExecutor.java:1149)
	at java.util.concurrent.ThreadPoolExecutor$Worker.run(ThreadPoolExecutor.java:624)
	... 1 more
Caused by: org.apache.ratis.thirdparty.io.netty.channel.AbstractChannel$AnnotatedConnectException: Connection refused: /192.168.157.204:42858
	at sun.nio.ch.SocketChannelImpl.checkConnect(Native Method)
	at sun.nio.ch.SocketChannelImpl.finishConnect(SocketChannelImpl.java:717)
	at org.apache.ratis.thirdparty.io.netty.channel.socket.nio.NioSocketChannel.doFinishConnect(NioSocketChannel.java:327)
	at org.apache.ratis.thirdparty.io.netty.channel.nio.AbstractNioChannel$AbstractNioUnsafe.finishConnect(AbstractNioChannel.java:340)
	at org.apache.ratis.thirdparty.io.netty.channel.nio.NioEventLoop.processSelectedKey(NioEventLoop.java:632)
	at org.apache.ratis.thirdparty.io.netty.channel.nio.NioEventLoop.processSelectedKeysOptimized(NioEventLoop.java:579)
	at org.apache.ratis.thirdparty.io.netty.channel.nio.NioEventLoop.processSelectedKeys(NioEventLoop.java:496)
	at org.apache.ratis.thirdparty.io.netty.channel.nio.NioEventLoop.run(NioEventLoop.java:458)
	at org.apache.ratis.thirdparty.io.netty.util.concurrent.SingleThreadEventExecutor$5.run(SingleThreadEventExecutor.java:897)
	at org.apache.ratis.thirdparty.io.netty.util.concurrent.FastThreadLocalRunnable.run(FastThreadLocalRunnable.java:30)
	... 1 more
Caused by: java.net.ConnectException: Connection refused
	... 11 more
2019-10-20 13:11:15,017 [grpc-default-executor-2] INFO  impl.RaftServerImpl (RaftServerImpl.java:setRole(184)) - 1ac0a8d4-e534-43ce-83b1-426d47a3040d@group-42C3DBE2B33D: changes role from  FOLLOWER to FOLLOWER at term 142 for recognizeCandidate:7660b851-9671-46a6-9e1d-7d946f95d492
2019-10-20 13:11:15,017 [grpc-default-executor-2] INFO  impl.RoleInfo (RoleInfo.java:shutdownFollowerState(121)) - 1ac0a8d4-e534-43ce-83b1-426d47a3040d: shutdown FollowerState
2019-10-20 13:11:15,017 [grpc-default-executor-2] INFO  impl.RoleInfo (RoleInfo.java:updateAndGet(143)) - 1ac0a8d4-e534-43ce-83b1-426d47a3040d: start FollowerState
2019-10-20 13:11:15,018 [Thread-25554] INFO  impl.FollowerState (FollowerState.java:run(117)) - 1ac0a8d4-e534-43ce-83b1-426d47a3040d@group-42C3DBE2B33D-FollowerState was interrupted: java.lang.InterruptedException: sleep interrupted
2019-10-20 13:11:15,031 [7660b851-9671-46a6-9e1d-7d946f95d492@group-42C3DBE2B33D-LeaderElection3420] INFO  impl.LeaderElection (LeaderElection.java:logAndReturn(56)) - 7660b851-9671-46a6-9e1d-7d946f95d492@group-42C3DBE2B33D-LeaderElection3420: Election REJECTED; received 1 response(s) [7660b851-9671-46a6-9e1d-7d946f95d492<-1ac0a8d4-e534-43ce-83b1-426d47a3040d#0:FAIL-t142] and 1 exception(s); 7660b851-9671-46a6-9e1d-7d946f95d492@group-42C3DBE2B33D:t142, leader=null, voted=7660b851-9671-46a6-9e1d-7d946f95d492, raftlog=7660b851-9671-46a6-9e1d-7d946f95d492@group-42C3DBE2B33D-SegmentedRaftLog:OPENED:c-1,f-1,i0, conf=-1: [fdf19479-69c2-4639-b68c-6adde78ca28a:192.168.157.204:42858, 1ac0a8d4-e534-43ce-83b1-426d47a3040d:192.168.157.204:32953, 7660b851-9671-46a6-9e1d-7d946f95d492:192.168.157.204:41682], old=null
2019-10-20 13:11:15,031 [7660b851-9671-46a6-9e1d-7d946f95d492@group-42C3DBE2B33D-LeaderElection3420] INFO  impl.LeaderElection (LogUtils.java:infoOrTrace(149)) -   Exception 0: {}
java.util.concurrent.ExecutionException: org.apache.ratis.thirdparty.io.grpc.StatusRuntimeException: UNAVAILABLE: io exception
	at java.util.concurrent.FutureTask.report(FutureTask.java:122)
	at java.util.concurrent.FutureTask.get(FutureTask.java:192)
	at org.apache.ratis.server.impl.LeaderElection.waitForResults(LeaderElection.java:259)
	at org.apache.ratis.server.impl.LeaderElection.askForVotes(LeaderElection.java:197)
	at org.apache.ratis.server.impl.LeaderElection.run(LeaderElection.java:133)
	at java.lang.Thread.run(Thread.java:748)
Caused by: org.apache.ratis.thirdparty.io.grpc.StatusRuntimeException: UNAVAILABLE: io exception
	at org.apache.ratis.thirdparty.io.grpc.stub.ClientCalls.toStatusRuntimeException(ClientCalls.java:233)
	at org.apache.ratis.thirdparty.io.grpc.stub.ClientCalls.getUnchecked(ClientCalls.java:214)
	at org.apache.ratis.thirdparty.io.grpc.stub.ClientCalls.blockingUnaryCall(ClientCalls.java:139)
	at org.apache.ratis.proto.grpc.RaftServerProtocolServiceGrpc$RaftServerProtocolServiceBlockingStub.requestVote(RaftServerProtocolServiceGrpc.java:265)
	at org.apache.ratis.grpc.server.GrpcServerProtocolClient.requestVote(GrpcServerProtocolClient.java:99)
	at org.apache.ratis.grpc.server.GrpcService.requestVote(GrpcService.java:204)
	at org.apache.ratis.server.impl.LeaderElection.lambda$submitRequests$1(LeaderElection.java:234)
	at java.util.concurrent.FutureTask.run(FutureTask.java:266)
	at java.util.concurrent.Executors$RunnableAdapter.call(Executors.java:511)
	at java.util.concurrent.FutureTask.run(FutureTask.java:266)
	at java.util.concurrent.ThreadPoolExecutor.runWorker(ThreadPoolExecutor.java:1149)
	at java.util.concurrent.ThreadPoolExecutor$Worker.run(ThreadPoolExecutor.java:624)
	... 1 more
Caused by: org.apache.ratis.thirdparty.io.netty.channel.AbstractChannel$AnnotatedConnectException: Connection refused: /192.168.157.204:42858
	at sun.nio.ch.SocketChannelImpl.checkConnect(Native Method)
	at sun.nio.ch.SocketChannelImpl.finishConnect(SocketChannelImpl.java:717)
	at org.apache.ratis.thirdparty.io.netty.channel.socket.nio.NioSocketChannel.doFinishConnect(NioSocketChannel.java:327)
	at org.apache.ratis.thirdparty.io.netty.channel.nio.AbstractNioChannel$AbstractNioUnsafe.finishConnect(AbstractNioChannel.java:340)
	at org.apache.ratis.thirdparty.io.netty.channel.nio.NioEventLoop.processSelectedKey(NioEventLoop.java:632)
	at org.apache.ratis.thirdparty.io.netty.channel.nio.NioEventLoop.processSelectedKeysOptimized(NioEventLoop.java:579)
	at org.apache.ratis.thirdparty.io.netty.channel.nio.NioEventLoop.processSelectedKeys(NioEventLoop.java:496)
	at org.apache.ratis.thirdparty.io.netty.channel.nio.NioEventLoop.run(NioEventLoop.java:458)
	at org.apache.ratis.thirdparty.io.netty.util.concurrent.SingleThreadEventExecutor$5.run(SingleThreadEventExecutor.java:897)
	at org.apache.ratis.thirdparty.io.netty.util.concurrent.FastThreadLocalRunnable.run(FastThreadLocalRunnable.java:30)
	... 1 more
Caused by: java.net.ConnectException: Connection refused
	... 11 more
2019-10-20 13:11:15,031 [7660b851-9671-46a6-9e1d-7d946f95d492@group-42C3DBE2B33D-LeaderElection3420] INFO  impl.RaftServerImpl (RaftServerImpl.java:setRole(184)) - 7660b851-9671-46a6-9e1d-7d946f95d492@group-42C3DBE2B33D: changes role from CANDIDATE to FOLLOWER at term 142 for DISCOVERED_A_NEW_TERM
2019-10-20 13:11:15,031 [7660b851-9671-46a6-9e1d-7d946f95d492@group-42C3DBE2B33D-LeaderElection3420] INFO  impl.RoleInfo (RoleInfo.java:shutdownLeaderElection(134)) - 7660b851-9671-46a6-9e1d-7d946f95d492: shutdown LeaderElection
2019-10-20 13:11:15,032 [7660b851-9671-46a6-9e1d-7d946f95d492@group-42C3DBE2B33D-LeaderElection3420] INFO  impl.RoleInfo (RoleInfo.java:updateAndGet(143)) - 7660b851-9671-46a6-9e1d-7d946f95d492: start FollowerState
2019-10-20 13:11:15,032 [Thread-25560] INFO  impl.FollowerState (FollowerState.java:run(108)) - 7660b851-9671-46a6-9e1d-7d946f95d492@group-42C3DBE2B33D-FollowerState: change to CANDIDATE, lastRpcTime:0ms, electionTimeout:0ms
2019-10-20 13:11:15,032 [Thread-25560] INFO  impl.RoleInfo (RoleInfo.java:shutdownFollowerState(121)) - 7660b851-9671-46a6-9e1d-7d946f95d492: shutdown FollowerState
2019-10-20 13:11:15,032 [Thread-25560] INFO  impl.RaftServerImpl (RaftServerImpl.java:setRole(184)) - 7660b851-9671-46a6-9e1d-7d946f95d492@group-42C3DBE2B33D: changes role from  FOLLOWER to CANDIDATE at term 142 for changeToCandidate
2019-10-20 13:11:15,032 [Thread-25560] INFO  impl.RoleInfo (RoleInfo.java:updateAndGet(143)) - 7660b851-9671-46a6-9e1d-7d946f95d492: start LeaderElection
2019-10-20 13:11:15,045 [7660b851-9671-46a6-9e1d-7d946f95d492@group-42C3DBE2B33D-LeaderElection3421] INFO  impl.LeaderElection (LeaderElection.java:askForVotes(178)) - 7660b851-9671-46a6-9e1d-7d946f95d492@group-42C3DBE2B33D-LeaderElection3421: begin an election at term 143 for -1: [fdf19479-69c2-4639-b68c-6adde78ca28a:192.168.157.204:42858, 1ac0a8d4-e534-43ce-83b1-426d47a3040d:192.168.157.204:32953, 7660b851-9671-46a6-9e1d-7d946f95d492:192.168.157.204:41682], old=null
2019-10-20 13:11:15,046 [7660b851-9671-46a6-9e1d-7d946f95d492@group-42C3DBE2B33D-LeaderElection3421] INFO  impl.LeaderElection (LogUtils.java:infoOrTrace(149)) - 7660b851-9671-46a6-9e1d-7d946f95d492@group-42C3DBE2B33D-LeaderElection3421 got exception when requesting votes: {}
java.util.concurrent.ExecutionException: org.apache.ratis.thirdparty.io.grpc.StatusRuntimeException: UNAVAILABLE: io exception
	at java.util.concurrent.FutureTask.report(FutureTask.java:122)
	at java.util.concurrent.FutureTask.get(FutureTask.java:192)
	at org.apache.ratis.server.impl.LeaderElection.waitForResults(LeaderElection.java:259)
	at org.apache.ratis.server.impl.LeaderElection.askForVotes(LeaderElection.java:197)
	at org.apache.ratis.server.impl.LeaderElection.run(LeaderElection.java:133)
	at java.lang.Thread.run(Thread.java:748)
Caused by: org.apache.ratis.thirdparty.io.grpc.StatusRuntimeException: UNAVAILABLE: io exception
	at org.apache.ratis.thirdparty.io.grpc.stub.ClientCalls.toStatusRuntimeException(ClientCalls.java:233)
	at org.apache.ratis.thirdparty.io.grpc.stub.ClientCalls.getUnchecked(ClientCalls.java:214)
	at org.apache.ratis.thirdparty.io.grpc.stub.ClientCalls.blockingUnaryCall(ClientCalls.java:139)
	at org.apache.ratis.proto.grpc.RaftServerProtocolServiceGrpc$RaftServerProtocolServiceBlockingStub.requestVote(RaftServerProtocolServiceGrpc.java:265)
	at org.apache.ratis.grpc.server.GrpcServerProtocolClient.requestVote(GrpcServerProtocolClient.java:99)
	at org.apache.ratis.grpc.server.GrpcService.requestVote(GrpcService.java:204)
	at org.apache.ratis.server.impl.LeaderElection.lambda$submitRequests$1(LeaderElection.java:234)
	at java.util.concurrent.FutureTask.run(FutureTask.java:266)
	at java.util.concurrent.Executors$RunnableAdapter.call(Executors.java:511)
	at java.util.concurrent.FutureTask.run(FutureTask.java:266)
	at java.util.concurrent.ThreadPoolExecutor.runWorker(ThreadPoolExecutor.java:1149)
	at java.util.concurrent.ThreadPoolExecutor$Worker.run(ThreadPoolExecutor.java:624)
	... 1 more
Caused by: org.apache.ratis.thirdparty.io.netty.channel.AbstractChannel$AnnotatedConnectException: Connection refused: /192.168.157.204:42858
	at sun.nio.ch.SocketChannelImpl.checkConnect(Native Method)
	at sun.nio.ch.SocketChannelImpl.finishConnect(SocketChannelImpl.java:717)
	at org.apache.ratis.thirdparty.io.netty.channel.socket.nio.NioSocketChannel.doFinishConnect(NioSocketChannel.java:327)
	at org.apache.ratis.thirdparty.io.netty.channel.nio.AbstractNioChannel$AbstractNioUnsafe.finishConnect(AbstractNioChannel.java:340)
	at org.apache.ratis.thirdparty.io.netty.channel.nio.NioEventLoop.processSelectedKey(NioEventLoop.java:632)
	at org.apache.ratis.thirdparty.io.netty.channel.nio.NioEventLoop.processSelectedKeysOptimized(NioEventLoop.java:579)
	at org.apache.ratis.thirdparty.io.netty.channel.nio.NioEventLoop.processSelectedKeys(NioEventLoop.java:496)
	at org.apache.ratis.thirdparty.io.netty.channel.nio.NioEventLoop.run(NioEventLoop.java:458)
	at org.apache.ratis.thirdparty.io.netty.util.concurrent.SingleThreadEventExecutor$5.run(SingleThreadEventExecutor.java:897)
	at org.apache.ratis.thirdparty.io.netty.util.concurrent.FastThreadLocalRunnable.run(FastThreadLocalRunnable.java:30)
	... 1 more
Caused by: java.net.ConnectException: Connection refused
	... 11 more
2019-10-20 13:11:15,047 [grpc-default-executor-2] INFO  impl.RaftServerImpl (RaftServerImpl.java:setRole(184)) - 1ac0a8d4-e534-43ce-83b1-426d47a3040d@group-42C3DBE2B33D: changes role from  FOLLOWER to FOLLOWER at term 143 for recognizeCandidate:7660b851-9671-46a6-9e1d-7d946f95d492
2019-10-20 13:11:15,047 [grpc-default-executor-2] INFO  impl.RoleInfo (RoleInfo.java:shutdownFollowerState(121)) - 1ac0a8d4-e534-43ce-83b1-426d47a3040d: shutdown FollowerState
2019-10-20 13:11:15,047 [grpc-default-executor-2] INFO  impl.RoleInfo (RoleInfo.java:updateAndGet(143)) - 1ac0a8d4-e534-43ce-83b1-426d47a3040d: start FollowerState
2019-10-20 13:11:15,047 [Thread-25559] INFO  impl.FollowerState (FollowerState.java:run(117)) - 1ac0a8d4-e534-43ce-83b1-426d47a3040d@group-42C3DBE2B33D-FollowerState was interrupted: java.lang.InterruptedException: sleep interrupted
2019-10-20 13:11:15,060 [7660b851-9671-46a6-9e1d-7d946f95d492@group-42C3DBE2B33D-LeaderElection3421] INFO  impl.LeaderElection (LeaderElection.java:logAndReturn(56)) - 7660b851-9671-46a6-9e1d-7d946f95d492@group-42C3DBE2B33D-LeaderElection3421: Election REJECTED; received 1 response(s) [7660b851-9671-46a6-9e1d-7d946f95d492<-1ac0a8d4-e534-43ce-83b1-426d47a3040d#0:FAIL-t143] and 1 exception(s); 7660b851-9671-46a6-9e1d-7d946f95d492@group-42C3DBE2B33D:t143, leader=null, voted=7660b851-9671-46a6-9e1d-7d946f95d492, raftlog=7660b851-9671-46a6-9e1d-7d946f95d492@group-42C3DBE2B33D-SegmentedRaftLog:OPENED:c-1,f-1,i0, conf=-1: [fdf19479-69c2-4639-b68c-6adde78ca28a:192.168.157.204:42858, 1ac0a8d4-e534-43ce-83b1-426d47a3040d:192.168.157.204:32953, 7660b851-9671-46a6-9e1d-7d946f95d492:192.168.157.204:41682], old=null
2019-10-20 13:11:15,060 [7660b851-9671-46a6-9e1d-7d946f95d492@group-42C3DBE2B33D-LeaderElection3421] INFO  impl.LeaderElection (LogUtils.java:infoOrTrace(149)) -   Exception 0: {}
java.util.concurrent.ExecutionException: org.apache.ratis.thirdparty.io.grpc.StatusRuntimeException: UNAVAILABLE: io exception
	at java.util.concurrent.FutureTask.report(FutureTask.java:122)
	at java.util.concurrent.FutureTask.get(FutureTask.java:192)
	at org.apache.ratis.server.impl.LeaderElection.waitForResults(LeaderElection.java:259)
	at org.apache.ratis.server.impl.LeaderElection.askForVotes(LeaderElection.java:197)
	at org.apache.ratis.server.impl.LeaderElection.run(LeaderElection.java:133)
	at java.lang.Thread.run(Thread.java:748)
Caused by: org.apache.ratis.thirdparty.io.grpc.StatusRuntimeException: UNAVAILABLE: io exception
	at org.apache.ratis.thirdparty.io.grpc.stub.ClientCalls.toStatusRuntimeException(ClientCalls.java:233)
	at org.apache.ratis.thirdparty.io.grpc.stub.ClientCalls.getUnchecked(ClientCalls.java:214)
	at org.apache.ratis.thirdparty.io.grpc.stub.ClientCalls.blockingUnaryCall(ClientCalls.java:139)
	at org.apache.ratis.proto.grpc.RaftServerProtocolServiceGrpc$RaftServerProtocolServiceBlockingStub.requestVote(RaftServerProtocolServiceGrpc.java:265)
	at org.apache.ratis.grpc.server.GrpcServerProtocolClient.requestVote(GrpcServerProtocolClient.java:99)
	at org.apache.ratis.grpc.server.GrpcService.requestVote(GrpcService.java:204)
	at org.apache.ratis.server.impl.LeaderElection.lambda$submitRequests$1(LeaderElection.java:234)
	at java.util.concurrent.FutureTask.run(FutureTask.java:266)
	at java.util.concurrent.Executors$RunnableAdapter.call(Executors.java:511)
	at java.util.concurrent.FutureTask.run(FutureTask.java:266)
	at java.util.concurrent.ThreadPoolExecutor.runWorker(ThreadPoolExecutor.java:1149)
	at java.util.concurrent.ThreadPoolExecutor$Worker.run(ThreadPoolExecutor.java:624)
	... 1 more
Caused by: org.apache.ratis.thirdparty.io.netty.channel.AbstractChannel$AnnotatedConnectException: Connection refused: /192.168.157.204:42858
	at sun.nio.ch.SocketChannelImpl.checkConnect(Native Method)
	at sun.nio.ch.SocketChannelImpl.finishConnect(SocketChannelImpl.java:717)
	at org.apache.ratis.thirdparty.io.netty.channel.socket.nio.NioSocketChannel.doFinishConnect(NioSocketChannel.java:327)
	at org.apache.ratis.thirdparty.io.netty.channel.nio.AbstractNioChannel$AbstractNioUnsafe.finishConnect(AbstractNioChannel.java:340)
	at org.apache.ratis.thirdparty.io.netty.channel.nio.NioEventLoop.processSelectedKey(NioEventLoop.java:632)
	at org.apache.ratis.thirdparty.io.netty.channel.nio.NioEventLoop.processSelectedKeysOptimized(NioEventLoop.java:579)
	at org.apache.ratis.thirdparty.io.netty.channel.nio.NioEventLoop.processSelectedKeys(NioEventLoop.java:496)
	at org.apache.ratis.thirdparty.io.netty.channel.nio.NioEventLoop.run(NioEventLoop.java:458)
	at org.apache.ratis.thirdparty.io.netty.util.concurrent.SingleThreadEventExecutor$5.run(SingleThreadEventExecutor.java:897)
	at org.apache.ratis.thirdparty.io.netty.util.concurrent.FastThreadLocalRunnable.run(FastThreadLocalRunnable.java:30)
	... 1 more
Caused by: java.net.ConnectException: Connection refused
	... 11 more
2019-10-20 13:11:15,060 [7660b851-9671-46a6-9e1d-7d946f95d492@group-42C3DBE2B33D-LeaderElection3421] INFO  impl.RaftServerImpl (RaftServerImpl.java:setRole(184)) - 7660b851-9671-46a6-9e1d-7d946f95d492@group-42C3DBE2B33D: changes role from CANDIDATE to FOLLOWER at term 143 for DISCOVERED_A_NEW_TERM
2019-10-20 13:11:15,060 [7660b851-9671-46a6-9e1d-7d946f95d492@group-42C3DBE2B33D-LeaderElection3421] INFO  impl.RoleInfo (RoleInfo.java:shutdownLeaderElection(134)) - 7660b851-9671-46a6-9e1d-7d946f95d492: shutdown LeaderElection
2019-10-20 13:11:15,061 [7660b851-9671-46a6-9e1d-7d946f95d492@group-42C3DBE2B33D-LeaderElection3421] INFO  impl.RoleInfo (RoleInfo.java:updateAndGet(143)) - 7660b851-9671-46a6-9e1d-7d946f95d492: start FollowerState
2019-10-20 13:11:15,098 [Datanode State Machine Thread - 0] INFO  statemachine.DatanodeStateMachine (DatanodeStateMachine.java:lambda$startDaemon$0(350)) - Ozone container server started.
2019-10-20 13:11:15,122 [Thread-25565] INFO  impl.FollowerState (FollowerState.java:run(108)) - 7660b851-9671-46a6-9e1d-7d946f95d492@group-42C3DBE2B33D-FollowerState: change to CANDIDATE, lastRpcTime:61ms, electionTimeout:61ms
2019-10-20 13:11:15,122 [Thread-25565] INFO  impl.RoleInfo (RoleInfo.java:shutdownFollowerState(121)) - 7660b851-9671-46a6-9e1d-7d946f95d492: shutdown FollowerState
2019-10-20 13:11:15,122 [Thread-25565] INFO  impl.RaftServerImpl (RaftServerImpl.java:setRole(184)) - 7660b851-9671-46a6-9e1d-7d946f95d492@group-42C3DBE2B33D: changes role from  FOLLOWER to CANDIDATE at term 143 for changeToCandidate
2019-10-20 13:11:15,122 [Thread-25565] INFO  impl.RoleInfo (RoleInfo.java:updateAndGet(143)) - 7660b851-9671-46a6-9e1d-7d946f95d492: start LeaderElection
2019-10-20 13:11:15,136 [7660b851-9671-46a6-9e1d-7d946f95d492@group-42C3DBE2B33D-LeaderElection3422] INFO  impl.LeaderElection (LeaderElection.java:askForVotes(178)) - 7660b851-9671-46a6-9e1d-7d946f95d492@group-42C3DBE2B33D-LeaderElection3422: begin an election at term 144 for -1: [fdf19479-69c2-4639-b68c-6adde78ca28a:192.168.157.204:42858, 1ac0a8d4-e534-43ce-83b1-426d47a3040d:192.168.157.204:32953, 7660b851-9671-46a6-9e1d-7d946f95d492:192.168.157.204:41682], old=null
2019-10-20 13:11:15,137 [7660b851-9671-46a6-9e1d-7d946f95d492@group-42C3DBE2B33D-LeaderElection3422] INFO  impl.LeaderElection (LogUtils.java:infoOrTrace(149)) - 7660b851-9671-46a6-9e1d-7d946f95d492@group-42C3DBE2B33D-LeaderElection3422 got exception when requesting votes: {}
java.util.concurrent.ExecutionException: org.apache.ratis.thirdparty.io.grpc.StatusRuntimeException: UNAVAILABLE: io exception
	at java.util.concurrent.FutureTask.report(FutureTask.java:122)
	at java.util.concurrent.FutureTask.get(FutureTask.java:192)
	at org.apache.ratis.server.impl.LeaderElection.waitForResults(LeaderElection.java:259)
	at org.apache.ratis.server.impl.LeaderElection.askForVotes(LeaderElection.java:197)
	at org.apache.ratis.server.impl.LeaderElection.run(LeaderElection.java:133)
	at java.lang.Thread.run(Thread.java:748)
Caused by: org.apache.ratis.thirdparty.io.grpc.StatusRuntimeException: UNAVAILABLE: io exception
	at org.apache.ratis.thirdparty.io.grpc.stub.ClientCalls.toStatusRuntimeException(ClientCalls.java:233)
	at org.apache.ratis.thirdparty.io.grpc.stub.ClientCalls.getUnchecked(ClientCalls.java:214)
	at org.apache.ratis.thirdparty.io.grpc.stub.ClientCalls.blockingUnaryCall(ClientCalls.java:139)
	at org.apache.ratis.proto.grpc.RaftServerProtocolServiceGrpc$RaftServerProtocolServiceBlockingStub.requestVote(RaftServerProtocolServiceGrpc.java:265)
	at org.apache.ratis.grpc.server.GrpcServerProtocolClient.requestVote(GrpcServerProtocolClient.java:99)
	at org.apache.ratis.grpc.server.GrpcService.requestVote(GrpcService.java:204)
	at org.apache.ratis.server.impl.LeaderElection.lambda$submitRequests$1(LeaderElection.java:234)
	at java.util.concurrent.FutureTask.run(FutureTask.java:266)
	at java.util.concurrent.Executors$RunnableAdapter.call(Executors.java:511)
	at java.util.concurrent.FutureTask.run(FutureTask.java:266)
	at java.util.concurrent.ThreadPoolExecutor.runWorker(ThreadPoolExecutor.java:1149)
	at java.util.concurrent.ThreadPoolExecutor$Worker.run(ThreadPoolExecutor.java:624)
	... 1 more
Caused by: org.apache.ratis.thirdparty.io.netty.channel.AbstractChannel$AnnotatedConnectException: Connection refused: /192.168.157.204:42858
	at sun.nio.ch.SocketChannelImpl.checkConnect(Native Method)
	at sun.nio.ch.SocketChannelImpl.finishConnect(SocketChannelImpl.java:717)
	at org.apache.ratis.thirdparty.io.netty.channel.socket.nio.NioSocketChannel.doFinishConnect(NioSocketChannel.java:327)
	at org.apache.ratis.thirdparty.io.netty.channel.nio.AbstractNioChannel$AbstractNioUnsafe.finishConnect(AbstractNioChannel.java:340)
	at org.apache.ratis.thirdparty.io.netty.channel.nio.NioEventLoop.processSelectedKey(NioEventLoop.java:632)
	at org.apache.ratis.thirdparty.io.netty.channel.nio.NioEventLoop.processSelectedKeysOptimized(NioEventLoop.java:579)
	at org.apache.ratis.thirdparty.io.netty.channel.nio.NioEventLoop.processSelectedKeys(NioEventLoop.java:496)
	at org.apache.ratis.thirdparty.io.netty.channel.nio.NioEventLoop.run(NioEventLoop.java:458)
	at org.apache.ratis.thirdparty.io.netty.util.concurrent.SingleThreadEventExecutor$5.run(SingleThreadEventExecutor.java:897)
	at org.apache.ratis.thirdparty.io.netty.util.concurrent.FastThreadLocalRunnable.run(FastThreadLocalRunnable.java:30)
	... 1 more
Caused by: java.net.ConnectException: Connection refused
	... 11 more
2019-10-20 13:11:15,137 [grpc-default-executor-10] INFO  impl.RaftServerImpl (RaftServerImpl.java:setRole(184)) - 1ac0a8d4-e534-43ce-83b1-426d47a3040d@group-42C3DBE2B33D: changes role from  FOLLOWER to FOLLOWER at term 144 for recognizeCandidate:7660b851-9671-46a6-9e1d-7d946f95d492
2019-10-20 13:11:15,138 [grpc-default-executor-10] INFO  impl.RoleInfo (RoleInfo.java:shutdownFollowerState(121)) - 1ac0a8d4-e534-43ce-83b1-426d47a3040d: shutdown FollowerState
2019-10-20 13:11:15,138 [grpc-default-executor-10] INFO  impl.RoleInfo (RoleInfo.java:updateAndGet(143)) - 1ac0a8d4-e534-43ce-83b1-426d47a3040d: start FollowerState
2019-10-20 13:11:15,138 [Thread-25564] INFO  impl.FollowerState (FollowerState.java:run(117)) - 1ac0a8d4-e534-43ce-83b1-426d47a3040d@group-42C3DBE2B33D-FollowerState was interrupted: java.lang.InterruptedException: sleep interrupted
2019-10-20 13:11:15,151 [7660b851-9671-46a6-9e1d-7d946f95d492@group-42C3DBE2B33D-LeaderElection3422] INFO  impl.LeaderElection (LeaderElection.java:logAndReturn(56)) - 7660b851-9671-46a6-9e1d-7d946f95d492@group-42C3DBE2B33D-LeaderElection3422: Election REJECTED; received 1 response(s) [7660b851-9671-46a6-9e1d-7d946f95d492<-1ac0a8d4-e534-43ce-83b1-426d47a3040d#0:FAIL-t144] and 1 exception(s); 7660b851-9671-46a6-9e1d-7d946f95d492@group-42C3DBE2B33D:t144, leader=null, voted=7660b851-9671-46a6-9e1d-7d946f95d492, raftlog=7660b851-9671-46a6-9e1d-7d946f95d492@group-42C3DBE2B33D-SegmentedRaftLog:OPENED:c-1,f-1,i0, conf=-1: [fdf19479-69c2-4639-b68c-6adde78ca28a:192.168.157.204:42858, 1ac0a8d4-e534-43ce-83b1-426d47a3040d:192.168.157.204:32953, 7660b851-9671-46a6-9e1d-7d946f95d492:192.168.157.204:41682], old=null
2019-10-20 13:11:15,151 [7660b851-9671-46a6-9e1d-7d946f95d492@group-42C3DBE2B33D-LeaderElection3422] INFO  impl.LeaderElection (LogUtils.java:infoOrTrace(149)) -   Exception 0: {}
java.util.concurrent.ExecutionException: org.apache.ratis.thirdparty.io.grpc.StatusRuntimeException: UNAVAILABLE: io exception
	at java.util.concurrent.FutureTask.report(FutureTask.java:122)
	at java.util.concurrent.FutureTask.get(FutureTask.java:192)
	at org.apache.ratis.server.impl.LeaderElection.waitForResults(LeaderElection.java:259)
	at org.apache.ratis.server.impl.LeaderElection.askForVotes(LeaderElection.java:197)
	at org.apache.ratis.server.impl.LeaderElection.run(LeaderElection.java:133)
	at java.lang.Thread.run(Thread.java:748)
Caused by: org.apache.ratis.thirdparty.io.grpc.StatusRuntimeException: UNAVAILABLE: io exception
	at org.apache.ratis.thirdparty.io.grpc.stub.ClientCalls.toStatusRuntimeException(ClientCalls.java:233)
	at org.apache.ratis.thirdparty.io.grpc.stub.ClientCalls.getUnchecked(ClientCalls.java:214)
	at org.apache.ratis.thirdparty.io.grpc.stub.ClientCalls.blockingUnaryCall(ClientCalls.java:139)
	at org.apache.ratis.proto.grpc.RaftServerProtocolServiceGrpc$RaftServerProtocolServiceBlockingStub.requestVote(RaftServerProtocolServiceGrpc.java:265)
	at org.apache.ratis.grpc.server.GrpcServerProtocolClient.requestVote(GrpcServerProtocolClient.java:99)
	at org.apache.ratis.grpc.server.GrpcService.requestVote(GrpcService.java:204)
	at org.apache.ratis.server.impl.LeaderElection.lambda$submitRequests$1(LeaderElection.java:234)
	at java.util.concurrent.FutureTask.run(FutureTask.java:266)
	at java.util.concurrent.Executors$RunnableAdapter.call(Executors.java:511)
	at java.util.concurrent.FutureTask.run(FutureTask.java:266)
	at java.util.concurrent.ThreadPoolExecutor.runWorker(ThreadPoolExecutor.java:1149)
	at java.util.concurrent.ThreadPoolExecutor$Worker.run(ThreadPoolExecutor.java:624)
	... 1 more
Caused by: org.apache.ratis.thirdparty.io.netty.channel.AbstractChannel$AnnotatedConnectException: Connection refused: /192.168.157.204:42858
	at sun.nio.ch.SocketChannelImpl.checkConnect(Native Method)
	at sun.nio.ch.SocketChannelImpl.finishConnect(SocketChannelImpl.java:717)
	at org.apache.ratis.thirdparty.io.netty.channel.socket.nio.NioSocketChannel.doFinishConnect(NioSocketChannel.java:327)
	at org.apache.ratis.thirdparty.io.netty.channel.nio.AbstractNioChannel$AbstractNioUnsafe.finishConnect(AbstractNioChannel.java:340)
	at org.apache.ratis.thirdparty.io.netty.channel.nio.NioEventLoop.processSelectedKey(NioEventLoop.java:632)
	at org.apache.ratis.thirdparty.io.netty.channel.nio.NioEventLoop.processSelectedKeysOptimized(NioEventLoop.java:579)
	at org.apache.ratis.thirdparty.io.netty.channel.nio.NioEventLoop.processSelectedKeys(NioEventLoop.java:496)
	at org.apache.ratis.thirdparty.io.netty.channel.nio.NioEventLoop.run(NioEventLoop.java:458)
	at org.apache.ratis.thirdparty.io.netty.util.concurrent.SingleThreadEventExecutor$5.run(SingleThreadEventExecutor.java:897)
	at org.apache.ratis.thirdparty.io.netty.util.concurrent.FastThreadLocalRunnable.run(FastThreadLocalRunnable.java:30)
	... 1 more
Caused by: java.net.ConnectException: Connection refused
	... 11 more
2019-10-20 13:11:15,152 [7660b851-9671-46a6-9e1d-7d946f95d492@group-42C3DBE2B33D-LeaderElection3422] INFO  impl.RaftServerImpl (RaftServerImpl.java:setRole(184)) - 7660b851-9671-46a6-9e1d-7d946f95d492@group-42C3DBE2B33D: changes role from CANDIDATE to FOLLOWER at term 144 for DISCOVERED_A_NEW_TERM
2019-10-20 13:11:15,152 [7660b851-9671-46a6-9e1d-7d946f95d492@group-42C3DBE2B33D-LeaderElection3422] INFO  impl.RoleInfo (RoleInfo.java:shutdownLeaderElection(134)) - 7660b851-9671-46a6-9e1d-7d946f95d492: shutdown LeaderElection
2019-10-20 13:11:15,152 [7660b851-9671-46a6-9e1d-7d946f95d492@group-42C3DBE2B33D-LeaderElection3422] INFO  impl.RoleInfo (RoleInfo.java:updateAndGet(143)) - 7660b851-9671-46a6-9e1d-7d946f95d492: start FollowerState
2019-10-20 13:11:15,197 [Thread-25574] INFO  impl.FollowerState (FollowerState.java:run(108)) - 7660b851-9671-46a6-9e1d-7d946f95d492@group-42C3DBE2B33D-FollowerState: change to CANDIDATE, lastRpcTime:45ms, electionTimeout:45ms
2019-10-20 13:11:15,197 [Thread-25574] INFO  impl.RoleInfo (RoleInfo.java:shutdownFollowerState(121)) - 7660b851-9671-46a6-9e1d-7d946f95d492: shutdown FollowerState
2019-10-20 13:11:15,197 [Thread-25574] INFO  impl.RaftServerImpl (RaftServerImpl.java:setRole(184)) - 7660b851-9671-46a6-9e1d-7d946f95d492@group-42C3DBE2B33D: changes role from  FOLLOWER to CANDIDATE at term 144 for changeToCandidate
2019-10-20 13:11:15,198 [Thread-25574] INFO  impl.RoleInfo (RoleInfo.java:updateAndGet(143)) - 7660b851-9671-46a6-9e1d-7d946f95d492: start LeaderElection
2019-10-20 13:11:15,210 [7660b851-9671-46a6-9e1d-7d946f95d492@group-42C3DBE2B33D-LeaderElection3423] INFO  impl.LeaderElection (LeaderElection.java:askForVotes(178)) - 7660b851-9671-46a6-9e1d-7d946f95d492@group-42C3DBE2B33D-LeaderElection3423: begin an election at term 145 for -1: [fdf19479-69c2-4639-b68c-6adde78ca28a:192.168.157.204:42858, 1ac0a8d4-e534-43ce-83b1-426d47a3040d:192.168.157.204:32953, 7660b851-9671-46a6-9e1d-7d946f95d492:192.168.157.204:41682], old=null
2019-10-20 13:11:15,211 [7660b851-9671-46a6-9e1d-7d946f95d492@group-42C3DBE2B33D-LeaderElection3423] INFO  impl.LeaderElection (LogUtils.java:infoOrTrace(149)) - 7660b851-9671-46a6-9e1d-7d946f95d492@group-42C3DBE2B33D-LeaderElection3423 got exception when requesting votes: {}
java.util.concurrent.ExecutionException: org.apache.ratis.thirdparty.io.grpc.StatusRuntimeException: UNAVAILABLE: io exception
	at java.util.concurrent.FutureTask.report(FutureTask.java:122)
	at java.util.concurrent.FutureTask.get(FutureTask.java:192)
	at org.apache.ratis.server.impl.LeaderElection.waitForResults(LeaderElection.java:259)
	at org.apache.ratis.server.impl.LeaderElection.askForVotes(LeaderElection.java:197)
	at org.apache.ratis.server.impl.LeaderElection.run(LeaderElection.java:133)
	at java.lang.Thread.run(Thread.java:748)
Caused by: org.apache.ratis.thirdparty.io.grpc.StatusRuntimeException: UNAVAILABLE: io exception
	at org.apache.ratis.thirdparty.io.grpc.stub.ClientCalls.toStatusRuntimeException(ClientCalls.java:233)
	at org.apache.ratis.thirdparty.io.grpc.stub.ClientCalls.getUnchecked(ClientCalls.java:214)
	at org.apache.ratis.thirdparty.io.grpc.stub.ClientCalls.blockingUnaryCall(ClientCalls.java:139)
	at org.apache.ratis.proto.grpc.RaftServerProtocolServiceGrpc$RaftServerProtocolServiceBlockingStub.requestVote(RaftServerProtocolServiceGrpc.java:265)
	at org.apache.ratis.grpc.server.GrpcServerProtocolClient.requestVote(GrpcServerProtocolClient.java:99)
	at org.apache.ratis.grpc.server.GrpcService.requestVote(GrpcService.java:204)
	at org.apache.ratis.server.impl.LeaderElection.lambda$submitRequests$1(LeaderElection.java:234)
	at java.util.concurrent.FutureTask.run(FutureTask.java:266)
	at java.util.concurrent.Executors$RunnableAdapter.call(Executors.java:511)
	at java.util.concurrent.FutureTask.run(FutureTask.java:266)
	at java.util.concurrent.ThreadPoolExecutor.runWorker(ThreadPoolExecutor.java:1149)
	at java.util.concurrent.ThreadPoolExecutor$Worker.run(ThreadPoolExecutor.java:624)
	... 1 more
Caused by: org.apache.ratis.thirdparty.io.netty.channel.AbstractChannel$AnnotatedConnectException: Connection refused: /192.168.157.204:42858
	at sun.nio.ch.SocketChannelImpl.checkConnect(Native Method)
	at sun.nio.ch.SocketChannelImpl.finishConnect(SocketChannelImpl.java:717)
	at org.apache.ratis.thirdparty.io.netty.channel.socket.nio.NioSocketChannel.doFinishConnect(NioSocketChannel.java:327)
	at org.apache.ratis.thirdparty.io.netty.channel.nio.AbstractNioChannel$AbstractNioUnsafe.finishConnect(AbstractNioChannel.java:340)
	at org.apache.ratis.thirdparty.io.netty.channel.nio.NioEventLoop.processSelectedKey(NioEventLoop.java:632)
	at org.apache.ratis.thirdparty.io.netty.channel.nio.NioEventLoop.processSelectedKeysOptimized(NioEventLoop.java:579)
	at org.apache.ratis.thirdparty.io.netty.channel.nio.NioEventLoop.processSelectedKeys(NioEventLoop.java:496)
	at org.apache.ratis.thirdparty.io.netty.channel.nio.NioEventLoop.run(NioEventLoop.java:458)
	at org.apache.ratis.thirdparty.io.netty.util.concurrent.SingleThreadEventExecutor$5.run(SingleThreadEventExecutor.java:897)
	at org.apache.ratis.thirdparty.io.netty.util.concurrent.FastThreadLocalRunnable.run(FastThreadLocalRunnable.java:30)
	... 1 more
Caused by: java.net.ConnectException: Connection refused
	... 11 more
2019-10-20 13:11:15,212 [grpc-default-executor-10] INFO  impl.RaftServerImpl (RaftServerImpl.java:setRole(184)) - 1ac0a8d4-e534-43ce-83b1-426d47a3040d@group-42C3DBE2B33D: changes role from  FOLLOWER to FOLLOWER at term 145 for recognizeCandidate:7660b851-9671-46a6-9e1d-7d946f95d492
2019-10-20 13:11:15,212 [grpc-default-executor-10] INFO  impl.RoleInfo (RoleInfo.java:shutdownFollowerState(121)) - 1ac0a8d4-e534-43ce-83b1-426d47a3040d: shutdown FollowerState
2019-10-20 13:11:15,212 [grpc-default-executor-10] INFO  impl.RoleInfo (RoleInfo.java:updateAndGet(143)) - 1ac0a8d4-e534-43ce-83b1-426d47a3040d: start FollowerState
2019-10-20 13:11:15,212 [Thread-25572] INFO  impl.FollowerState (FollowerState.java:run(117)) - 1ac0a8d4-e534-43ce-83b1-426d47a3040d@group-42C3DBE2B33D-FollowerState was interrupted: java.lang.InterruptedException: sleep interrupted
2019-10-20 13:11:15,225 [7660b851-9671-46a6-9e1d-7d946f95d492@group-42C3DBE2B33D-LeaderElection3423] INFO  impl.LeaderElection (LeaderElection.java:logAndReturn(56)) - 7660b851-9671-46a6-9e1d-7d946f95d492@group-42C3DBE2B33D-LeaderElection3423: Election REJECTED; received 1 response(s) [7660b851-9671-46a6-9e1d-7d946f95d492<-1ac0a8d4-e534-43ce-83b1-426d47a3040d#0:FAIL-t145] and 1 exception(s); 7660b851-9671-46a6-9e1d-7d946f95d492@group-42C3DBE2B33D:t145, leader=null, voted=7660b851-9671-46a6-9e1d-7d946f95d492, raftlog=7660b851-9671-46a6-9e1d-7d946f95d492@group-42C3DBE2B33D-SegmentedRaftLog:OPENED:c-1,f-1,i0, conf=-1: [fdf19479-69c2-4639-b68c-6adde78ca28a:192.168.157.204:42858, 1ac0a8d4-e534-43ce-83b1-426d47a3040d:192.168.157.204:32953, 7660b851-9671-46a6-9e1d-7d946f95d492:192.168.157.204:41682], old=null
2019-10-20 13:11:15,225 [7660b851-9671-46a6-9e1d-7d946f95d492@group-42C3DBE2B33D-LeaderElection3423] INFO  impl.LeaderElection (LogUtils.java:infoOrTrace(149)) -   Exception 0: {}
java.util.concurrent.ExecutionException: org.apache.ratis.thirdparty.io.grpc.StatusRuntimeException: UNAVAILABLE: io exception
	at java.util.concurrent.FutureTask.report(FutureTask.java:122)
	at java.util.concurrent.FutureTask.get(FutureTask.java:192)
	at org.apache.ratis.server.impl.LeaderElection.waitForResults(LeaderElection.java:259)
	at org.apache.ratis.server.impl.LeaderElection.askForVotes(LeaderElection.java:197)
	at org.apache.ratis.server.impl.LeaderElection.run(LeaderElection.java:133)
	at java.lang.Thread.run(Thread.java:748)
Caused by: org.apache.ratis.thirdparty.io.grpc.StatusRuntimeException: UNAVAILABLE: io exception
	at org.apache.ratis.thirdparty.io.grpc.stub.ClientCalls.toStatusRuntimeException(ClientCalls.java:233)
	at org.apache.ratis.thirdparty.io.grpc.stub.ClientCalls.getUnchecked(ClientCalls.java:214)
	at org.apache.ratis.thirdparty.io.grpc.stub.ClientCalls.blockingUnaryCall(ClientCalls.java:139)
	at org.apache.ratis.proto.grpc.RaftServerProtocolServiceGrpc$RaftServerProtocolServiceBlockingStub.requestVote(RaftServerProtocolServiceGrpc.java:265)
	at org.apache.ratis.grpc.server.GrpcServerProtocolClient.requestVote(GrpcServerProtocolClient.java:99)
	at org.apache.ratis.grpc.server.GrpcService.requestVote(GrpcService.java:204)
	at org.apache.ratis.server.impl.LeaderElection.lambda$submitRequests$1(LeaderElection.java:234)
	at java.util.concurrent.FutureTask.run(FutureTask.java:266)
	at java.util.concurrent.Executors$RunnableAdapter.call(Executors.java:511)
	at java.util.concurrent.FutureTask.run(FutureTask.java:266)
	at java.util.concurrent.ThreadPoolExecutor.runWorker(ThreadPoolExecutor.java:1149)
	at java.util.concurrent.ThreadPoolExecutor$Worker.run(ThreadPoolExecutor.java:624)
	... 1 more
Caused by: org.apache.ratis.thirdparty.io.netty.channel.AbstractChannel$AnnotatedConnectException: Connection refused: /192.168.157.204:42858
	at sun.nio.ch.SocketChannelImpl.checkConnect(Native Method)
	at sun.nio.ch.SocketChannelImpl.finishConnect(SocketChannelImpl.java:717)
	at org.apache.ratis.thirdparty.io.netty.channel.socket.nio.NioSocketChannel.doFinishConnect(NioSocketChannel.java:327)
	at org.apache.ratis.thirdparty.io.netty.channel.nio.AbstractNioChannel$AbstractNioUnsafe.finishConnect(AbstractNioChannel.java:340)
	at org.apache.ratis.thirdparty.io.netty.channel.nio.NioEventLoop.processSelectedKey(NioEventLoop.java:632)
	at org.apache.ratis.thirdparty.io.netty.channel.nio.NioEventLoop.processSelectedKeysOptimized(NioEventLoop.java:579)
	at org.apache.ratis.thirdparty.io.netty.channel.nio.NioEventLoop.processSelectedKeys(NioEventLoop.java:496)
	at org.apache.ratis.thirdparty.io.netty.channel.nio.NioEventLoop.run(NioEventLoop.java:458)
	at org.apache.ratis.thirdparty.io.netty.util.concurrent.SingleThreadEventExecutor$5.run(SingleThreadEventExecutor.java:897)
	at org.apache.ratis.thirdparty.io.netty.util.concurrent.FastThreadLocalRunnable.run(FastThreadLocalRunnable.java:30)
	... 1 more
Caused by: java.net.ConnectException: Connection refused
	... 11 more
2019-10-20 13:11:15,226 [7660b851-9671-46a6-9e1d-7d946f95d492@group-42C3DBE2B33D-LeaderElection3423] INFO  impl.RaftServerImpl (RaftServerImpl.java:setRole(184)) - 7660b851-9671-46a6-9e1d-7d946f95d492@group-42C3DBE2B33D: changes role from CANDIDATE to FOLLOWER at term 145 for DISCOVERED_A_NEW_TERM
2019-10-20 13:11:15,226 [7660b851-9671-46a6-9e1d-7d946f95d492@group-42C3DBE2B33D-LeaderElection3423] INFO  impl.RoleInfo (RoleInfo.java:shutdownLeaderElection(134)) - 7660b851-9671-46a6-9e1d-7d946f95d492: shutdown LeaderElection
2019-10-20 13:11:15,226 [7660b851-9671-46a6-9e1d-7d946f95d492@group-42C3DBE2B33D-LeaderElection3423] INFO  impl.RoleInfo (RoleInfo.java:updateAndGet(143)) - 7660b851-9671-46a6-9e1d-7d946f95d492: start FollowerState
2019-10-20 13:11:15,311 [Datanode State Machine Thread - 0] INFO  statemachine.DatanodeStateMachine (DatanodeStateMachine.java:lambda$startDaemon$0(350)) - Ozone container server started.
2019-10-20 13:11:15,414 [Thread-25579] INFO  impl.FollowerState (FollowerState.java:run(108)) - 7660b851-9671-46a6-9e1d-7d946f95d492@group-42C3DBE2B33D-FollowerState: change to CANDIDATE, lastRpcTime:188ms, electionTimeout:188ms
2019-10-20 13:11:15,414 [Thread-25579] INFO  impl.RoleInfo (RoleInfo.java:shutdownFollowerState(121)) - 7660b851-9671-46a6-9e1d-7d946f95d492: shutdown FollowerState
2019-10-20 13:11:15,414 [Thread-25579] INFO  impl.RaftServerImpl (RaftServerImpl.java:setRole(184)) - 7660b851-9671-46a6-9e1d-7d946f95d492@group-42C3DBE2B33D: changes role from  FOLLOWER to CANDIDATE at term 145 for changeToCandidate
2019-10-20 13:11:15,414 [Thread-25579] INFO  impl.RoleInfo (RoleInfo.java:updateAndGet(143)) - 7660b851-9671-46a6-9e1d-7d946f95d492: start LeaderElection
2019-10-20 13:11:15,428 [7660b851-9671-46a6-9e1d-7d946f95d492@group-42C3DBE2B33D-LeaderElection3424] INFO  impl.LeaderElection (LeaderElection.java:askForVotes(178)) - 7660b851-9671-46a6-9e1d-7d946f95d492@group-42C3DBE2B33D-LeaderElection3424: begin an election at term 146 for -1: [fdf19479-69c2-4639-b68c-6adde78ca28a:192.168.157.204:42858, 1ac0a8d4-e534-43ce-83b1-426d47a3040d:192.168.157.204:32953, 7660b851-9671-46a6-9e1d-7d946f95d492:192.168.157.204:41682], old=null
2019-10-20 13:11:15,429 [7660b851-9671-46a6-9e1d-7d946f95d492@group-42C3DBE2B33D-LeaderElection3424] INFO  impl.LeaderElection (LogUtils.java:infoOrTrace(149)) - 7660b851-9671-46a6-9e1d-7d946f95d492@group-42C3DBE2B33D-LeaderElection3424 got exception when requesting votes: {}
java.util.concurrent.ExecutionException: org.apache.ratis.thirdparty.io.grpc.StatusRuntimeException: UNAVAILABLE: io exception
	at java.util.concurrent.FutureTask.report(FutureTask.java:122)
	at java.util.concurrent.FutureTask.get(FutureTask.java:192)
	at org.apache.ratis.server.impl.LeaderElection.waitForResults(LeaderElection.java:259)
	at org.apache.ratis.server.impl.LeaderElection.askForVotes(LeaderElection.java:197)
	at org.apache.ratis.server.impl.LeaderElection.run(LeaderElection.java:133)
	at java.lang.Thread.run(Thread.java:748)
Caused by: org.apache.ratis.thirdparty.io.grpc.StatusRuntimeException: UNAVAILABLE: io exception
	at org.apache.ratis.thirdparty.io.grpc.stub.ClientCalls.toStatusRuntimeException(ClientCalls.java:233)
	at org.apache.ratis.thirdparty.io.grpc.stub.ClientCalls.getUnchecked(ClientCalls.java:214)
	at org.apache.ratis.thirdparty.io.grpc.stub.ClientCalls.blockingUnaryCall(ClientCalls.java:139)
	at org.apache.ratis.proto.grpc.RaftServerProtocolServiceGrpc$RaftServerProtocolServiceBlockingStub.requestVote(RaftServerProtocolServiceGrpc.java:265)
	at org.apache.ratis.grpc.server.GrpcServerProtocolClient.requestVote(GrpcServerProtocolClient.java:99)
	at org.apache.ratis.grpc.server.GrpcService.requestVote(GrpcService.java:204)
	at org.apache.ratis.server.impl.LeaderElection.lambda$submitRequests$1(LeaderElection.java:234)
	at java.util.concurrent.FutureTask.run(FutureTask.java:266)
	at java.util.concurrent.Executors$RunnableAdapter.call(Executors.java:511)
	at java.util.concurrent.FutureTask.run(FutureTask.java:266)
	at java.util.concurrent.ThreadPoolExecutor.runWorker(ThreadPoolExecutor.java:1149)
	at java.util.concurrent.ThreadPoolExecutor$Worker.run(ThreadPoolExecutor.java:624)
	... 1 more
Caused by: org.apache.ratis.thirdparty.io.netty.channel.AbstractChannel$AnnotatedConnectException: Connection refused: /192.168.157.204:42858
	at sun.nio.ch.SocketChannelImpl.checkConnect(Native Method)
	at sun.nio.ch.SocketChannelImpl.finishConnect(SocketChannelImpl.java:717)
	at org.apache.ratis.thirdparty.io.netty.channel.socket.nio.NioSocketChannel.doFinishConnect(NioSocketChannel.java:327)
	at org.apache.ratis.thirdparty.io.netty.channel.nio.AbstractNioChannel$AbstractNioUnsafe.finishConnect(AbstractNioChannel.java:340)
	at org.apache.ratis.thirdparty.io.netty.channel.nio.NioEventLoop.processSelectedKey(NioEventLoop.java:632)
	at org.apache.ratis.thirdparty.io.netty.channel.nio.NioEventLoop.processSelectedKeysOptimized(NioEventLoop.java:579)
	at org.apache.ratis.thirdparty.io.netty.channel.nio.NioEventLoop.processSelectedKeys(NioEventLoop.java:496)
	at org.apache.ratis.thirdparty.io.netty.channel.nio.NioEventLoop.run(NioEventLoop.java:458)
	at org.apache.ratis.thirdparty.io.netty.util.concurrent.SingleThreadEventExecutor$5.run(SingleThreadEventExecutor.java:897)
	at org.apache.ratis.thirdparty.io.netty.util.concurrent.FastThreadLocalRunnable.run(FastThreadLocalRunnable.java:30)
	... 1 more
Caused by: java.net.ConnectException: Connection refused
	... 11 more
2019-10-20 13:11:15,429 [grpc-default-executor-10] INFO  impl.RaftServerImpl (RaftServerImpl.java:setRole(184)) - 1ac0a8d4-e534-43ce-83b1-426d47a3040d@group-42C3DBE2B33D: changes role from  FOLLOWER to FOLLOWER at term 146 for recognizeCandidate:7660b851-9671-46a6-9e1d-7d946f95d492
2019-10-20 13:11:15,430 [grpc-default-executor-10] INFO  impl.RoleInfo (RoleInfo.java:shutdownFollowerState(121)) - 1ac0a8d4-e534-43ce-83b1-426d47a3040d: shutdown FollowerState
2019-10-20 13:11:15,430 [grpc-default-executor-10] INFO  impl.RoleInfo (RoleInfo.java:updateAndGet(143)) - 1ac0a8d4-e534-43ce-83b1-426d47a3040d: start FollowerState
2019-10-20 13:11:15,430 [Thread-25578] INFO  impl.FollowerState (FollowerState.java:run(117)) - 1ac0a8d4-e534-43ce-83b1-426d47a3040d@group-42C3DBE2B33D-FollowerState was interrupted: java.lang.InterruptedException: sleep interrupted
2019-10-20 13:11:15,443 [7660b851-9671-46a6-9e1d-7d946f95d492@group-42C3DBE2B33D-LeaderElection3424] INFO  impl.LeaderElection (LeaderElection.java:logAndReturn(56)) - 7660b851-9671-46a6-9e1d-7d946f95d492@group-42C3DBE2B33D-LeaderElection3424: Election REJECTED; received 1 response(s) [7660b851-9671-46a6-9e1d-7d946f95d492<-1ac0a8d4-e534-43ce-83b1-426d47a3040d#0:FAIL-t146] and 1 exception(s); 7660b851-9671-46a6-9e1d-7d946f95d492@group-42C3DBE2B33D:t146, leader=null, voted=7660b851-9671-46a6-9e1d-7d946f95d492, raftlog=7660b851-9671-46a6-9e1d-7d946f95d492@group-42C3DBE2B33D-SegmentedRaftLog:OPENED:c-1,f-1,i0, conf=-1: [fdf19479-69c2-4639-b68c-6adde78ca28a:192.168.157.204:42858, 1ac0a8d4-e534-43ce-83b1-426d47a3040d:192.168.157.204:32953, 7660b851-9671-46a6-9e1d-7d946f95d492:192.168.157.204:41682], old=null
2019-10-20 13:11:15,443 [7660b851-9671-46a6-9e1d-7d946f95d492@group-42C3DBE2B33D-LeaderElection3424] INFO  impl.LeaderElection (LogUtils.java:infoOrTrace(149)) -   Exception 0: {}
java.util.concurrent.ExecutionException: org.apache.ratis.thirdparty.io.grpc.StatusRuntimeException: UNAVAILABLE: io exception
	at java.util.concurrent.FutureTask.report(FutureTask.java:122)
	at java.util.concurrent.FutureTask.get(FutureTask.java:192)
	at org.apache.ratis.server.impl.LeaderElection.waitForResults(LeaderElection.java:259)
	at org.apache.ratis.server.impl.LeaderElection.askForVotes(LeaderElection.java:197)
	at org.apache.ratis.server.impl.LeaderElection.run(LeaderElection.java:133)
	at java.lang.Thread.run(Thread.java:748)
Caused by: org.apache.ratis.thirdparty.io.grpc.StatusRuntimeException: UNAVAILABLE: io exception
	at org.apache.ratis.thirdparty.io.grpc.stub.ClientCalls.toStatusRuntimeException(ClientCalls.java:233)
	at org.apache.ratis.thirdparty.io.grpc.stub.ClientCalls.getUnchecked(ClientCalls.java:214)
	at org.apache.ratis.thirdparty.io.grpc.stub.ClientCalls.blockingUnaryCall(ClientCalls.java:139)
	at org.apache.ratis.proto.grpc.RaftServerProtocolServiceGrpc$RaftServerProtocolServiceBlockingStub.requestVote(RaftServerProtocolServiceGrpc.java:265)
	at org.apache.ratis.grpc.server.GrpcServerProtocolClient.requestVote(GrpcServerProtocolClient.java:99)
	at org.apache.ratis.grpc.server.GrpcService.requestVote(GrpcService.java:204)
	at org.apache.ratis.server.impl.LeaderElection.lambda$submitRequests$1(LeaderElection.java:234)
	at java.util.concurrent.FutureTask.run(FutureTask.java:266)
	at java.util.concurrent.Executors$RunnableAdapter.call(Executors.java:511)
	at java.util.concurrent.FutureTask.run(FutureTask.java:266)
	at java.util.concurrent.ThreadPoolExecutor.runWorker(ThreadPoolExecutor.java:1149)
	at java.util.concurrent.ThreadPoolExecutor$Worker.run(ThreadPoolExecutor.java:624)
	... 1 more
Caused by: org.apache.ratis.thirdparty.io.netty.channel.AbstractChannel$AnnotatedConnectException: Connection refused: /192.168.157.204:42858
	at sun.nio.ch.SocketChannelImpl.checkConnect(Native Method)
	at sun.nio.ch.SocketChannelImpl.finishConnect(SocketChannelImpl.java:717)
	at org.apache.ratis.thirdparty.io.netty.channel.socket.nio.NioSocketChannel.doFinishConnect(NioSocketChannel.java:327)
	at org.apache.ratis.thirdparty.io.netty.channel.nio.AbstractNioChannel$AbstractNioUnsafe.finishConnect(AbstractNioChannel.java:340)
	at org.apache.ratis.thirdparty.io.netty.channel.nio.NioEventLoop.processSelectedKey(NioEventLoop.java:632)
	at org.apache.ratis.thirdparty.io.netty.channel.nio.NioEventLoop.processSelectedKeysOptimized(NioEventLoop.java:579)
	at org.apache.ratis.thirdparty.io.netty.channel.nio.NioEventLoop.processSelectedKeys(NioEventLoop.java:496)
	at org.apache.ratis.thirdparty.io.netty.channel.nio.NioEventLoop.run(NioEventLoop.java:458)
	at org.apache.ratis.thirdparty.io.netty.util.concurrent.SingleThreadEventExecutor$5.run(SingleThreadEventExecutor.java:897)
	at org.apache.ratis.thirdparty.io.netty.util.concurrent.FastThreadLocalRunnable.run(FastThreadLocalRunnable.java:30)
	... 1 more
Caused by: java.net.ConnectException: Connection refused
	... 11 more
2019-10-20 13:11:15,443 [7660b851-9671-46a6-9e1d-7d946f95d492@group-42C3DBE2B33D-LeaderElection3424] INFO  impl.RaftServerImpl (RaftServerImpl.java:setRole(184)) - 7660b851-9671-46a6-9e1d-7d946f95d492@group-42C3DBE2B33D: changes role from CANDIDATE to FOLLOWER at term 146 for DISCOVERED_A_NEW_TERM
2019-10-20 13:11:15,443 [7660b851-9671-46a6-9e1d-7d946f95d492@group-42C3DBE2B33D-LeaderElection3424] INFO  impl.RoleInfo (RoleInfo.java:shutdownLeaderElection(134)) - 7660b851-9671-46a6-9e1d-7d946f95d492: shutdown LeaderElection
2019-10-20 13:11:15,443 [7660b851-9671-46a6-9e1d-7d946f95d492@group-42C3DBE2B33D-LeaderElection3424] INFO  impl.RoleInfo (RoleInfo.java:updateAndGet(143)) - 7660b851-9671-46a6-9e1d-7d946f95d492: start FollowerState
2019-10-20 13:11:15,493 [Thread-25584] INFO  impl.FollowerState (FollowerState.java:run(108)) - 7660b851-9671-46a6-9e1d-7d946f95d492@group-42C3DBE2B33D-FollowerState: change to CANDIDATE, lastRpcTime:49ms, electionTimeout:49ms
2019-10-20 13:11:15,493 [Thread-25584] INFO  impl.RoleInfo (RoleInfo.java:shutdownFollowerState(121)) - 7660b851-9671-46a6-9e1d-7d946f95d492: shutdown FollowerState
2019-10-20 13:11:15,493 [Thread-25584] INFO  impl.RaftServerImpl (RaftServerImpl.java:setRole(184)) - 7660b851-9671-46a6-9e1d-7d946f95d492@group-42C3DBE2B33D: changes role from  FOLLOWER to CANDIDATE at term 146 for changeToCandidate
2019-10-20 13:11:15,493 [Thread-25584] INFO  impl.RoleInfo (RoleInfo.java:updateAndGet(143)) - 7660b851-9671-46a6-9e1d-7d946f95d492: start LeaderElection
2019-10-20 13:11:15,506 [7660b851-9671-46a6-9e1d-7d946f95d492@group-42C3DBE2B33D-LeaderElection3425] INFO  impl.LeaderElection (LeaderElection.java:askForVotes(178)) - 7660b851-9671-46a6-9e1d-7d946f95d492@group-42C3DBE2B33D-LeaderElection3425: begin an election at term 147 for -1: [fdf19479-69c2-4639-b68c-6adde78ca28a:192.168.157.204:42858, 1ac0a8d4-e534-43ce-83b1-426d47a3040d:192.168.157.204:32953, 7660b851-9671-46a6-9e1d-7d946f95d492:192.168.157.204:41682], old=null
2019-10-20 13:11:15,506 [7660b851-9671-46a6-9e1d-7d946f95d492@group-42C3DBE2B33D-LeaderElection3425] INFO  impl.LeaderElection (LogUtils.java:infoOrTrace(149)) - 7660b851-9671-46a6-9e1d-7d946f95d492@group-42C3DBE2B33D-LeaderElection3425 got exception when requesting votes: {}
java.util.concurrent.ExecutionException: org.apache.ratis.thirdparty.io.grpc.StatusRuntimeException: UNAVAILABLE: io exception
	at java.util.concurrent.FutureTask.report(FutureTask.java:122)
	at java.util.concurrent.FutureTask.get(FutureTask.java:192)
	at org.apache.ratis.server.impl.LeaderElection.waitForResults(LeaderElection.java:259)
	at org.apache.ratis.server.impl.LeaderElection.askForVotes(LeaderElection.java:197)
	at org.apache.ratis.server.impl.LeaderElection.run(LeaderElection.java:133)
	at java.lang.Thread.run(Thread.java:748)
Caused by: org.apache.ratis.thirdparty.io.grpc.StatusRuntimeException: UNAVAILABLE: io exception
	at org.apache.ratis.thirdparty.io.grpc.stub.ClientCalls.toStatusRuntimeException(ClientCalls.java:233)
	at org.apache.ratis.thirdparty.io.grpc.stub.ClientCalls.getUnchecked(ClientCalls.java:214)
	at org.apache.ratis.thirdparty.io.grpc.stub.ClientCalls.blockingUnaryCall(ClientCalls.java:139)
	at org.apache.ratis.proto.grpc.RaftServerProtocolServiceGrpc$RaftServerProtocolServiceBlockingStub.requestVote(RaftServerProtocolServiceGrpc.java:265)
	at org.apache.ratis.grpc.server.GrpcServerProtocolClient.requestVote(GrpcServerProtocolClient.java:99)
	at org.apache.ratis.grpc.server.GrpcService.requestVote(GrpcService.java:204)
	at org.apache.ratis.server.impl.LeaderElection.lambda$submitRequests$1(LeaderElection.java:234)
	at java.util.concurrent.FutureTask.run(FutureTask.java:266)
	at java.util.concurrent.Executors$RunnableAdapter.call(Executors.java:511)
	at java.util.concurrent.FutureTask.run(FutureTask.java:266)
	at java.util.concurrent.ThreadPoolExecutor.runWorker(ThreadPoolExecutor.java:1149)
	at java.util.concurrent.ThreadPoolExecutor$Worker.run(ThreadPoolExecutor.java:624)
	... 1 more
Caused by: org.apache.ratis.thirdparty.io.netty.channel.AbstractChannel$AnnotatedConnectException: Connection refused: /192.168.157.204:42858
	at sun.nio.ch.SocketChannelImpl.checkConnect(Native Method)
	at sun.nio.ch.SocketChannelImpl.finishConnect(SocketChannelImpl.java:717)
	at org.apache.ratis.thirdparty.io.netty.channel.socket.nio.NioSocketChannel.doFinishConnect(NioSocketChannel.java:327)
	at org.apache.ratis.thirdparty.io.netty.channel.nio.AbstractNioChannel$AbstractNioUnsafe.finishConnect(AbstractNioChannel.java:340)
	at org.apache.ratis.thirdparty.io.netty.channel.nio.NioEventLoop.processSelectedKey(NioEventLoop.java:632)
	at org.apache.ratis.thirdparty.io.netty.channel.nio.NioEventLoop.processSelectedKeysOptimized(NioEventLoop.java:579)
	at org.apache.ratis.thirdparty.io.netty.channel.nio.NioEventLoop.processSelectedKeys(NioEventLoop.java:496)
	at org.apache.ratis.thirdparty.io.netty.channel.nio.NioEventLoop.run(NioEventLoop.java:458)
	at org.apache.ratis.thirdparty.io.netty.util.concurrent.SingleThreadEventExecutor$5.run(SingleThreadEventExecutor.java:897)
	at org.apache.ratis.thirdparty.io.netty.util.concurrent.FastThreadLocalRunnable.run(FastThreadLocalRunnable.java:30)
	... 1 more
Caused by: java.net.ConnectException: Connection refused
	... 11 more
2019-10-20 13:11:15,507 [grpc-default-executor-10] INFO  impl.RaftServerImpl (RaftServerImpl.java:setRole(184)) - 1ac0a8d4-e534-43ce-83b1-426d47a3040d@group-42C3DBE2B33D: changes role from  FOLLOWER to FOLLOWER at term 147 for recognizeCandidate:7660b851-9671-46a6-9e1d-7d946f95d492
2019-10-20 13:11:15,507 [grpc-default-executor-10] INFO  impl.RoleInfo (RoleInfo.java:shutdownFollowerState(121)) - 1ac0a8d4-e534-43ce-83b1-426d47a3040d: shutdown FollowerState
2019-10-20 13:11:15,507 [grpc-default-executor-10] INFO  impl.RoleInfo (RoleInfo.java:updateAndGet(143)) - 1ac0a8d4-e534-43ce-83b1-426d47a3040d: start FollowerState
2019-10-20 13:11:15,507 [Thread-25583] INFO  impl.FollowerState (FollowerState.java:run(117)) - 1ac0a8d4-e534-43ce-83b1-426d47a3040d@group-42C3DBE2B33D-FollowerState was interrupted: java.lang.InterruptedException: sleep interrupted
2019-10-20 13:11:15,520 [7660b851-9671-46a6-9e1d-7d946f95d492@group-42C3DBE2B33D-LeaderElection3425] INFO  impl.LeaderElection (LeaderElection.java:logAndReturn(56)) - 7660b851-9671-46a6-9e1d-7d946f95d492@group-42C3DBE2B33D-LeaderElection3425: Election REJECTED; received 1 response(s) [7660b851-9671-46a6-9e1d-7d946f95d492<-1ac0a8d4-e534-43ce-83b1-426d47a3040d#0:FAIL-t147] and 1 exception(s); 7660b851-9671-46a6-9e1d-7d946f95d492@group-42C3DBE2B33D:t147, leader=null, voted=7660b851-9671-46a6-9e1d-7d946f95d492, raftlog=7660b851-9671-46a6-9e1d-7d946f95d492@group-42C3DBE2B33D-SegmentedRaftLog:OPENED:c-1,f-1,i0, conf=-1: [fdf19479-69c2-4639-b68c-6adde78ca28a:192.168.157.204:42858, 1ac0a8d4-e534-43ce-83b1-426d47a3040d:192.168.157.204:32953, 7660b851-9671-46a6-9e1d-7d946f95d492:192.168.157.204:41682], old=null
2019-10-20 13:11:15,520 [7660b851-9671-46a6-9e1d-7d946f95d492@group-42C3DBE2B33D-LeaderElection3425] INFO  impl.LeaderElection (LogUtils.java:infoOrTrace(149)) -   Exception 0: {}
java.util.concurrent.ExecutionException: org.apache.ratis.thirdparty.io.grpc.StatusRuntimeException: UNAVAILABLE: io exception
	at java.util.concurrent.FutureTask.report(FutureTask.java:122)
	at java.util.concurrent.FutureTask.get(FutureTask.java:192)
	at org.apache.ratis.server.impl.LeaderElection.waitForResults(LeaderElection.java:259)
	at org.apache.ratis.server.impl.LeaderElection.askForVotes(LeaderElection.java:197)
	at org.apache.ratis.server.impl.LeaderElection.run(LeaderElection.java:133)
	at java.lang.Thread.run(Thread.java:748)
Caused by: org.apache.ratis.thirdparty.io.grpc.StatusRuntimeException: UNAVAILABLE: io exception
	at org.apache.ratis.thirdparty.io.grpc.stub.ClientCalls.toStatusRuntimeException(ClientCalls.java:233)
	at org.apache.ratis.thirdparty.io.grpc.stub.ClientCalls.getUnchecked(ClientCalls.java:214)
	at org.apache.ratis.thirdparty.io.grpc.stub.ClientCalls.blockingUnaryCall(ClientCalls.java:139)
	at org.apache.ratis.proto.grpc.RaftServerProtocolServiceGrpc$RaftServerProtocolServiceBlockingStub.requestVote(RaftServerProtocolServiceGrpc.java:265)
	at org.apache.ratis.grpc.server.GrpcServerProtocolClient.requestVote(GrpcServerProtocolClient.java:99)
	at org.apache.ratis.grpc.server.GrpcService.requestVote(GrpcService.java:204)
	at org.apache.ratis.server.impl.LeaderElection.lambda$submitRequests$1(LeaderElection.java:234)
	at java.util.concurrent.FutureTask.run(FutureTask.java:266)
	at java.util.concurrent.Executors$RunnableAdapter.call(Executors.java:511)
	at java.util.concurrent.FutureTask.run(FutureTask.java:266)
	at java.util.concurrent.ThreadPoolExecutor.runWorker(ThreadPoolExecutor.java:1149)
	at java.util.concurrent.ThreadPoolExecutor$Worker.run(ThreadPoolExecutor.java:624)
	... 1 more
Caused by: org.apache.ratis.thirdparty.io.netty.channel.AbstractChannel$AnnotatedConnectException: Connection refused: /192.168.157.204:42858
	at sun.nio.ch.SocketChannelImpl.checkConnect(Native Method)
	at sun.nio.ch.SocketChannelImpl.finishConnect(SocketChannelImpl.java:717)
	at org.apache.ratis.thirdparty.io.netty.channel.socket.nio.NioSocketChannel.doFinishConnect(NioSocketChannel.java:327)
	at org.apache.ratis.thirdparty.io.netty.channel.nio.AbstractNioChannel$AbstractNioUnsafe.finishConnect(AbstractNioChannel.java:340)
	at org.apache.ratis.thirdparty.io.netty.channel.nio.NioEventLoop.processSelectedKey(NioEventLoop.java:632)
	at org.apache.ratis.thirdparty.io.netty.channel.nio.NioEventLoop.processSelectedKeysOptimized(NioEventLoop.java:579)
	at org.apache.ratis.thirdparty.io.netty.channel.nio.NioEventLoop.processSelectedKeys(NioEventLoop.java:496)
	at org.apache.ratis.thirdparty.io.netty.channel.nio.NioEventLoop.run(NioEventLoop.java:458)
	at org.apache.ratis.thirdparty.io.netty.util.concurrent.SingleThreadEventExecutor$5.run(SingleThreadEventExecutor.java:897)
	at org.apache.ratis.thirdparty.io.netty.util.concurrent.FastThreadLocalRunnable.run(FastThreadLocalRunnable.java:30)
	... 1 more
Caused by: java.net.ConnectException: Connection refused
	... 11 more
2019-10-20 13:11:15,520 [7660b851-9671-46a6-9e1d-7d946f95d492@group-42C3DBE2B33D-LeaderElection3425] INFO  impl.RaftServerImpl (RaftServerImpl.java:setRole(184)) - 7660b851-9671-46a6-9e1d-7d946f95d492@group-42C3DBE2B33D: changes role from CANDIDATE to FOLLOWER at term 147 for DISCOVERED_A_NEW_TERM
2019-10-20 13:11:15,521 [7660b851-9671-46a6-9e1d-7d946f95d492@group-42C3DBE2B33D-LeaderElection3425] INFO  impl.RoleInfo (RoleInfo.java:shutdownLeaderElection(134)) - 7660b851-9671-46a6-9e1d-7d946f95d492: shutdown LeaderElection
2019-10-20 13:11:15,521 [7660b851-9671-46a6-9e1d-7d946f95d492@group-42C3DBE2B33D-LeaderElection3425] INFO  impl.RoleInfo (RoleInfo.java:updateAndGet(143)) - 7660b851-9671-46a6-9e1d-7d946f95d492: start FollowerState
2019-10-20 13:11:15,541 [Thread-25589] INFO  impl.FollowerState (FollowerState.java:run(108)) - 7660b851-9671-46a6-9e1d-7d946f95d492@group-42C3DBE2B33D-FollowerState: change to CANDIDATE, lastRpcTime:20ms, electionTimeout:20ms
2019-10-20 13:11:15,541 [Thread-25589] INFO  impl.RoleInfo (RoleInfo.java:shutdownFollowerState(121)) - 7660b851-9671-46a6-9e1d-7d946f95d492: shutdown FollowerState
2019-10-20 13:11:15,541 [Thread-25589] INFO  impl.RaftServerImpl (RaftServerImpl.java:setRole(184)) - 7660b851-9671-46a6-9e1d-7d946f95d492@group-42C3DBE2B33D: changes role from  FOLLOWER to CANDIDATE at term 147 for changeToCandidate
2019-10-20 13:11:15,541 [Thread-25589] INFO  impl.RoleInfo (RoleInfo.java:updateAndGet(143)) - 7660b851-9671-46a6-9e1d-7d946f95d492: start LeaderElection
2019-10-20 13:11:15,566 [7660b851-9671-46a6-9e1d-7d946f95d492@group-42C3DBE2B33D-LeaderElection3426] INFO  impl.LeaderElection (LeaderElection.java:askForVotes(178)) - 7660b851-9671-46a6-9e1d-7d946f95d492@group-42C3DBE2B33D-LeaderElection3426: begin an election at term 148 for -1: [fdf19479-69c2-4639-b68c-6adde78ca28a:192.168.157.204:42858, 1ac0a8d4-e534-43ce-83b1-426d47a3040d:192.168.157.204:32953, 7660b851-9671-46a6-9e1d-7d946f95d492:192.168.157.204:41682], old=null
2019-10-20 13:11:15,567 [7660b851-9671-46a6-9e1d-7d946f95d492@group-42C3DBE2B33D-LeaderElection3426] INFO  impl.LeaderElection (LogUtils.java:infoOrTrace(149)) - 7660b851-9671-46a6-9e1d-7d946f95d492@group-42C3DBE2B33D-LeaderElection3426 got exception when requesting votes: {}
java.util.concurrent.ExecutionException: org.apache.ratis.thirdparty.io.grpc.StatusRuntimeException: UNAVAILABLE: io exception
	at java.util.concurrent.FutureTask.report(FutureTask.java:122)
	at java.util.concurrent.FutureTask.get(FutureTask.java:192)
	at org.apache.ratis.server.impl.LeaderElection.waitForResults(LeaderElection.java:259)
	at org.apache.ratis.server.impl.LeaderElection.askForVotes(LeaderElection.java:197)
	at org.apache.ratis.server.impl.LeaderElection.run(LeaderElection.java:133)
	at java.lang.Thread.run(Thread.java:748)
Caused by: org.apache.ratis.thirdparty.io.grpc.StatusRuntimeException: UNAVAILABLE: io exception
	at org.apache.ratis.thirdparty.io.grpc.stub.ClientCalls.toStatusRuntimeException(ClientCalls.java:233)
	at org.apache.ratis.thirdparty.io.grpc.stub.ClientCalls.getUnchecked(ClientCalls.java:214)
	at org.apache.ratis.thirdparty.io.grpc.stub.ClientCalls.blockingUnaryCall(ClientCalls.java:139)
	at org.apache.ratis.proto.grpc.RaftServerProtocolServiceGrpc$RaftServerProtocolServiceBlockingStub.requestVote(RaftServerProtocolServiceGrpc.java:265)
	at org.apache.ratis.grpc.server.GrpcServerProtocolClient.requestVote(GrpcServerProtocolClient.java:99)
	at org.apache.ratis.grpc.server.GrpcService.requestVote(GrpcService.java:204)
	at org.apache.ratis.server.impl.LeaderElection.lambda$submitRequests$1(LeaderElection.java:234)
	at java.util.concurrent.FutureTask.run(FutureTask.java:266)
	at java.util.concurrent.Executors$RunnableAdapter.call(Executors.java:511)
	at java.util.concurrent.FutureTask.run(FutureTask.java:266)
	at java.util.concurrent.ThreadPoolExecutor.runWorker(ThreadPoolExecutor.java:1149)
	at java.util.concurrent.ThreadPoolExecutor$Worker.run(ThreadPoolExecutor.java:624)
	... 1 more
Caused by: org.apache.ratis.thirdparty.io.netty.channel.AbstractChannel$AnnotatedConnectException: Connection refused: /192.168.157.204:42858
	at sun.nio.ch.SocketChannelImpl.checkConnect(Native Method)
	at sun.nio.ch.SocketChannelImpl.finishConnect(SocketChannelImpl.java:717)
	at org.apache.ratis.thirdparty.io.netty.channel.socket.nio.NioSocketChannel.doFinishConnect(NioSocketChannel.java:327)
	at org.apache.ratis.thirdparty.io.netty.channel.nio.AbstractNioChannel$AbstractNioUnsafe.finishConnect(AbstractNioChannel.java:340)
	at org.apache.ratis.thirdparty.io.netty.channel.nio.NioEventLoop.processSelectedKey(NioEventLoop.java:632)
	at org.apache.ratis.thirdparty.io.netty.channel.nio.NioEventLoop.processSelectedKeysOptimized(NioEventLoop.java:579)
	at org.apache.ratis.thirdparty.io.netty.channel.nio.NioEventLoop.processSelectedKeys(NioEventLoop.java:496)
	at org.apache.ratis.thirdparty.io.netty.channel.nio.NioEventLoop.run(NioEventLoop.java:458)
	at org.apache.ratis.thirdparty.io.netty.util.concurrent.SingleThreadEventExecutor$5.run(SingleThreadEventExecutor.java:897)
	at org.apache.ratis.thirdparty.io.netty.util.concurrent.FastThreadLocalRunnable.run(FastThreadLocalRunnable.java:30)
	... 1 more
Caused by: java.net.ConnectException: Connection refused
	... 11 more
2019-10-20 13:11:15,567 [grpc-default-executor-10] INFO  impl.RaftServerImpl (RaftServerImpl.java:setRole(184)) - 1ac0a8d4-e534-43ce-83b1-426d47a3040d@group-42C3DBE2B33D: changes role from  FOLLOWER to FOLLOWER at term 148 for recognizeCandidate:7660b851-9671-46a6-9e1d-7d946f95d492
2019-10-20 13:11:15,567 [grpc-default-executor-10] INFO  impl.RoleInfo (RoleInfo.java:shutdownFollowerState(121)) - 1ac0a8d4-e534-43ce-83b1-426d47a3040d: shutdown FollowerState
2019-10-20 13:11:15,567 [grpc-default-executor-10] INFO  impl.RoleInfo (RoleInfo.java:updateAndGet(143)) - 1ac0a8d4-e534-43ce-83b1-426d47a3040d: start FollowerState
2019-10-20 13:11:15,568 [Thread-25588] INFO  impl.FollowerState (FollowerState.java:run(117)) - 1ac0a8d4-e534-43ce-83b1-426d47a3040d@group-42C3DBE2B33D-FollowerState was interrupted: java.lang.InterruptedException: sleep interrupted
2019-10-20 13:11:15,581 [7660b851-9671-46a6-9e1d-7d946f95d492@group-42C3DBE2B33D-LeaderElection3426] INFO  impl.LeaderElection (LeaderElection.java:logAndReturn(56)) - 7660b851-9671-46a6-9e1d-7d946f95d492@group-42C3DBE2B33D-LeaderElection3426: Election REJECTED; received 1 response(s) [7660b851-9671-46a6-9e1d-7d946f95d492<-1ac0a8d4-e534-43ce-83b1-426d47a3040d#0:FAIL-t148] and 1 exception(s); 7660b851-9671-46a6-9e1d-7d946f95d492@group-42C3DBE2B33D:t148, leader=null, voted=7660b851-9671-46a6-9e1d-7d946f95d492, raftlog=7660b851-9671-46a6-9e1d-7d946f95d492@group-42C3DBE2B33D-SegmentedRaftLog:OPENED:c-1,f-1,i0, conf=-1: [fdf19479-69c2-4639-b68c-6adde78ca28a:192.168.157.204:42858, 1ac0a8d4-e534-43ce-83b1-426d47a3040d:192.168.157.204:32953, 7660b851-9671-46a6-9e1d-7d946f95d492:192.168.157.204:41682], old=null
2019-10-20 13:11:15,581 [7660b851-9671-46a6-9e1d-7d946f95d492@group-42C3DBE2B33D-LeaderElection3426] INFO  impl.LeaderElection (LogUtils.java:infoOrTrace(149)) -   Exception 0: {}
java.util.concurrent.ExecutionException: org.apache.ratis.thirdparty.io.grpc.StatusRuntimeException: UNAVAILABLE: io exception
	at java.util.concurrent.FutureTask.report(FutureTask.java:122)
	at java.util.concurrent.FutureTask.get(FutureTask.java:192)
	at org.apache.ratis.server.impl.LeaderElection.waitForResults(LeaderElection.java:259)
	at org.apache.ratis.server.impl.LeaderElection.askForVotes(LeaderElection.java:197)
	at org.apache.ratis.server.impl.LeaderElection.run(LeaderElection.java:133)
	at java.lang.Thread.run(Thread.java:748)
Caused by: org.apache.ratis.thirdparty.io.grpc.StatusRuntimeException: UNAVAILABLE: io exception
	at org.apache.ratis.thirdparty.io.grpc.stub.ClientCalls.toStatusRuntimeException(ClientCalls.java:233)
	at org.apache.ratis.thirdparty.io.grpc.stub.ClientCalls.getUnchecked(ClientCalls.java:214)
	at org.apache.ratis.thirdparty.io.grpc.stub.ClientCalls.blockingUnaryCall(ClientCalls.java:139)
	at org.apache.ratis.proto.grpc.RaftServerProtocolServiceGrpc$RaftServerProtocolServiceBlockingStub.requestVote(RaftServerProtocolServiceGrpc.java:265)
	at org.apache.ratis.grpc.server.GrpcServerProtocolClient.requestVote(GrpcServerProtocolClient.java:99)
	at org.apache.ratis.grpc.server.GrpcService.requestVote(GrpcService.java:204)
	at org.apache.ratis.server.impl.LeaderElection.lambda$submitRequests$1(LeaderElection.java:234)
	at java.util.concurrent.FutureTask.run(FutureTask.java:266)
	at java.util.concurrent.Executors$RunnableAdapter.call(Executors.java:511)
	at java.util.concurrent.FutureTask.run(FutureTask.java:266)
	at java.util.concurrent.ThreadPoolExecutor.runWorker(ThreadPoolExecutor.java:1149)
	at java.util.concurrent.ThreadPoolExecutor$Worker.run(ThreadPoolExecutor.java:624)
	... 1 more
Caused by: org.apache.ratis.thirdparty.io.netty.channel.AbstractChannel$AnnotatedConnectException: Connection refused: /192.168.157.204:42858
	at sun.nio.ch.SocketChannelImpl.checkConnect(Native Method)
	at sun.nio.ch.SocketChannelImpl.finishConnect(SocketChannelImpl.java:717)
	at org.apache.ratis.thirdparty.io.netty.channel.socket.nio.NioSocketChannel.doFinishConnect(NioSocketChannel.java:327)
	at org.apache.ratis.thirdparty.io.netty.channel.nio.AbstractNioChannel$AbstractNioUnsafe.finishConnect(AbstractNioChannel.java:340)
	at org.apache.ratis.thirdparty.io.netty.channel.nio.NioEventLoop.processSelectedKey(NioEventLoop.java:632)
	at org.apache.ratis.thirdparty.io.netty.channel.nio.NioEventLoop.processSelectedKeysOptimized(NioEventLoop.java:579)
	at org.apache.ratis.thirdparty.io.netty.channel.nio.NioEventLoop.processSelectedKeys(NioEventLoop.java:496)
	at org.apache.ratis.thirdparty.io.netty.channel.nio.NioEventLoop.run(NioEventLoop.java:458)
	at org.apache.ratis.thirdparty.io.netty.util.concurrent.SingleThreadEventExecutor$5.run(SingleThreadEventExecutor.java:897)
	at org.apache.ratis.thirdparty.io.netty.util.concurrent.FastThreadLocalRunnable.run(FastThreadLocalRunnable.java:30)
	... 1 more
Caused by: java.net.ConnectException: Connection refused
	... 11 more
2019-10-20 13:11:15,581 [7660b851-9671-46a6-9e1d-7d946f95d492@group-42C3DBE2B33D-LeaderElection3426] INFO  impl.RaftServerImpl (RaftServerImpl.java:setRole(184)) - 7660b851-9671-46a6-9e1d-7d946f95d492@group-42C3DBE2B33D: changes role from CANDIDATE to FOLLOWER at term 148 for DISCOVERED_A_NEW_TERM
2019-10-20 13:11:15,581 [7660b851-9671-46a6-9e1d-7d946f95d492@group-42C3DBE2B33D-LeaderElection3426] INFO  impl.RoleInfo (RoleInfo.java:shutdownLeaderElection(134)) - 7660b851-9671-46a6-9e1d-7d946f95d492: shutdown LeaderElection
2019-10-20 13:11:15,581 [7660b851-9671-46a6-9e1d-7d946f95d492@group-42C3DBE2B33D-LeaderElection3426] INFO  impl.RoleInfo (RoleInfo.java:updateAndGet(143)) - 7660b851-9671-46a6-9e1d-7d946f95d492: start FollowerState
2019-10-20 13:11:15,608 [Thread-25594] INFO  impl.FollowerState (FollowerState.java:run(108)) - 7660b851-9671-46a6-9e1d-7d946f95d492@group-42C3DBE2B33D-FollowerState: change to CANDIDATE, lastRpcTime:26ms, electionTimeout:26ms
2019-10-20 13:11:15,608 [Thread-25594] INFO  impl.RoleInfo (RoleInfo.java:shutdownFollowerState(121)) - 7660b851-9671-46a6-9e1d-7d946f95d492: shutdown FollowerState
2019-10-20 13:11:15,608 [Thread-25594] INFO  impl.RaftServerImpl (RaftServerImpl.java:setRole(184)) - 7660b851-9671-46a6-9e1d-7d946f95d492@group-42C3DBE2B33D: changes role from  FOLLOWER to CANDIDATE at term 148 for changeToCandidate
2019-10-20 13:11:15,608 [Thread-25594] INFO  impl.RoleInfo (RoleInfo.java:updateAndGet(143)) - 7660b851-9671-46a6-9e1d-7d946f95d492: start LeaderElection
2019-10-20 13:11:15,621 [7660b851-9671-46a6-9e1d-7d946f95d492@group-42C3DBE2B33D-LeaderElection3427] INFO  impl.LeaderElection (LeaderElection.java:askForVotes(178)) - 7660b851-9671-46a6-9e1d-7d946f95d492@group-42C3DBE2B33D-LeaderElection3427: begin an election at term 149 for -1: [fdf19479-69c2-4639-b68c-6adde78ca28a:192.168.157.204:42858, 1ac0a8d4-e534-43ce-83b1-426d47a3040d:192.168.157.204:32953, 7660b851-9671-46a6-9e1d-7d946f95d492:192.168.157.204:41682], old=null
2019-10-20 13:11:15,621 [7660b851-9671-46a6-9e1d-7d946f95d492@group-42C3DBE2B33D-LeaderElection3427] INFO  impl.LeaderElection (LogUtils.java:infoOrTrace(149)) - 7660b851-9671-46a6-9e1d-7d946f95d492@group-42C3DBE2B33D-LeaderElection3427 got exception when requesting votes: {}
java.util.concurrent.ExecutionException: org.apache.ratis.thirdparty.io.grpc.StatusRuntimeException: UNAVAILABLE: io exception
	at java.util.concurrent.FutureTask.report(FutureTask.java:122)
	at java.util.concurrent.FutureTask.get(FutureTask.java:192)
	at org.apache.ratis.server.impl.LeaderElection.waitForResults(LeaderElection.java:259)
	at org.apache.ratis.server.impl.LeaderElection.askForVotes(LeaderElection.java:197)
	at org.apache.ratis.server.impl.LeaderElection.run(LeaderElection.java:133)
	at java.lang.Thread.run(Thread.java:748)
Caused by: org.apache.ratis.thirdparty.io.grpc.StatusRuntimeException: UNAVAILABLE: io exception
	at org.apache.ratis.thirdparty.io.grpc.stub.ClientCalls.toStatusRuntimeException(ClientCalls.java:233)
	at org.apache.ratis.thirdparty.io.grpc.stub.ClientCalls.getUnchecked(ClientCalls.java:214)
	at org.apache.ratis.thirdparty.io.grpc.stub.ClientCalls.blockingUnaryCall(ClientCalls.java:139)
	at org.apache.ratis.proto.grpc.RaftServerProtocolServiceGrpc$RaftServerProtocolServiceBlockingStub.requestVote(RaftServerProtocolServiceGrpc.java:265)
	at org.apache.ratis.grpc.server.GrpcServerProtocolClient.requestVote(GrpcServerProtocolClient.java:99)
	at org.apache.ratis.grpc.server.GrpcService.requestVote(GrpcService.java:204)
	at org.apache.ratis.server.impl.LeaderElection.lambda$submitRequests$1(LeaderElection.java:234)
	at java.util.concurrent.FutureTask.run(FutureTask.java:266)
	at java.util.concurrent.Executors$RunnableAdapter.call(Executors.java:511)
	at java.util.concurrent.FutureTask.run(FutureTask.java:266)
	at java.util.concurrent.ThreadPoolExecutor.runWorker(ThreadPoolExecutor.java:1149)
	at java.util.concurrent.ThreadPoolExecutor$Worker.run(ThreadPoolExecutor.java:624)
	... 1 more
Caused by: org.apache.ratis.thirdparty.io.netty.channel.AbstractChannel$AnnotatedConnectException: Connection refused: /192.168.157.204:42858
	at sun.nio.ch.SocketChannelImpl.checkConnect(Native Method)
	at sun.nio.ch.SocketChannelImpl.finishConnect(SocketChannelImpl.java:717)
	at org.apache.ratis.thirdparty.io.netty.channel.socket.nio.NioSocketChannel.doFinishConnect(NioSocketChannel.java:327)
	at org.apache.ratis.thirdparty.io.netty.channel.nio.AbstractNioChannel$AbstractNioUnsafe.finishConnect(AbstractNioChannel.java:340)
	at org.apache.ratis.thirdparty.io.netty.channel.nio.NioEventLoop.processSelectedKey(NioEventLoop.java:632)
	at org.apache.ratis.thirdparty.io.netty.channel.nio.NioEventLoop.processSelectedKeysOptimized(NioEventLoop.java:579)
	at org.apache.ratis.thirdparty.io.netty.channel.nio.NioEventLoop.processSelectedKeys(NioEventLoop.java:496)
	at org.apache.ratis.thirdparty.io.netty.channel.nio.NioEventLoop.run(NioEventLoop.java:458)
	at org.apache.ratis.thirdparty.io.netty.util.concurrent.SingleThreadEventExecutor$5.run(SingleThreadEventExecutor.java:897)
	at org.apache.ratis.thirdparty.io.netty.util.concurrent.FastThreadLocalRunnable.run(FastThreadLocalRunnable.java:30)
	... 1 more
Caused by: java.net.ConnectException: Connection refused
	... 11 more
2019-10-20 13:11:15,622 [grpc-default-executor-10] INFO  impl.RaftServerImpl (RaftServerImpl.java:setRole(184)) - 1ac0a8d4-e534-43ce-83b1-426d47a3040d@group-42C3DBE2B33D: changes role from  FOLLOWER to FOLLOWER at term 149 for recognizeCandidate:7660b851-9671-46a6-9e1d-7d946f95d492
2019-10-20 13:11:15,622 [grpc-default-executor-10] INFO  impl.RoleInfo (RoleInfo.java:shutdownFollowerState(121)) - 1ac0a8d4-e534-43ce-83b1-426d47a3040d: shutdown FollowerState
2019-10-20 13:11:15,622 [grpc-default-executor-10] INFO  impl.RoleInfo (RoleInfo.java:updateAndGet(143)) - 1ac0a8d4-e534-43ce-83b1-426d47a3040d: start FollowerState
2019-10-20 13:11:15,622 [Thread-25593] INFO  impl.FollowerState (FollowerState.java:run(117)) - 1ac0a8d4-e534-43ce-83b1-426d47a3040d@group-42C3DBE2B33D-FollowerState was interrupted: java.lang.InterruptedException: sleep interrupted
2019-10-20 13:11:15,660 [7660b851-9671-46a6-9e1d-7d946f95d492@group-42C3DBE2B33D-LeaderElection3427] INFO  impl.LeaderElection (LeaderElection.java:logAndReturn(56)) - 7660b851-9671-46a6-9e1d-7d946f95d492@group-42C3DBE2B33D-LeaderElection3427: Election REJECTED; received 1 response(s) [7660b851-9671-46a6-9e1d-7d946f95d492<-1ac0a8d4-e534-43ce-83b1-426d47a3040d#0:FAIL-t149] and 1 exception(s); 7660b851-9671-46a6-9e1d-7d946f95d492@group-42C3DBE2B33D:t149, leader=null, voted=7660b851-9671-46a6-9e1d-7d946f95d492, raftlog=7660b851-9671-46a6-9e1d-7d946f95d492@group-42C3DBE2B33D-SegmentedRaftLog:OPENED:c-1,f-1,i0, conf=-1: [fdf19479-69c2-4639-b68c-6adde78ca28a:192.168.157.204:42858, 1ac0a8d4-e534-43ce-83b1-426d47a3040d:192.168.157.204:32953, 7660b851-9671-46a6-9e1d-7d946f95d492:192.168.157.204:41682], old=null
2019-10-20 13:11:15,661 [7660b851-9671-46a6-9e1d-7d946f95d492@group-42C3DBE2B33D-LeaderElection3427] INFO  impl.LeaderElection (LogUtils.java:infoOrTrace(149)) -   Exception 0: {}
java.util.concurrent.ExecutionException: org.apache.ratis.thirdparty.io.grpc.StatusRuntimeException: UNAVAILABLE: io exception
	at java.util.concurrent.FutureTask.report(FutureTask.java:122)
	at java.util.concurrent.FutureTask.get(FutureTask.java:192)
	at org.apache.ratis.server.impl.LeaderElection.waitForResults(LeaderElection.java:259)
	at org.apache.ratis.server.impl.LeaderElection.askForVotes(LeaderElection.java:197)
	at org.apache.ratis.server.impl.LeaderElection.run(LeaderElection.java:133)
	at java.lang.Thread.run(Thread.java:748)
Caused by: org.apache.ratis.thirdparty.io.grpc.StatusRuntimeException: UNAVAILABLE: io exception
	at org.apache.ratis.thirdparty.io.grpc.stub.ClientCalls.toStatusRuntimeException(ClientCalls.java:233)
	at org.apache.ratis.thirdparty.io.grpc.stub.ClientCalls.getUnchecked(ClientCalls.java:214)
	at org.apache.ratis.thirdparty.io.grpc.stub.ClientCalls.blockingUnaryCall(ClientCalls.java:139)
	at org.apache.ratis.proto.grpc.RaftServerProtocolServiceGrpc$RaftServerProtocolServiceBlockingStub.requestVote(RaftServerProtocolServiceGrpc.java:265)
	at org.apache.ratis.grpc.server.GrpcServerProtocolClient.requestVote(GrpcServerProtocolClient.java:99)
	at org.apache.ratis.grpc.server.GrpcService.requestVote(GrpcService.java:204)
	at org.apache.ratis.server.impl.LeaderElection.lambda$submitRequests$1(LeaderElection.java:234)
	at java.util.concurrent.FutureTask.run(FutureTask.java:266)
	at java.util.concurrent.Executors$RunnableAdapter.call(Executors.java:511)
	at java.util.concurrent.FutureTask.run(FutureTask.java:266)
	at java.util.concurrent.ThreadPoolExecutor.runWorker(ThreadPoolExecutor.java:1149)
	at java.util.concurrent.ThreadPoolExecutor$Worker.run(ThreadPoolExecutor.java:624)
	... 1 more
Caused by: org.apache.ratis.thirdparty.io.netty.channel.AbstractChannel$AnnotatedConnectException: Connection refused: /192.168.157.204:42858
	at sun.nio.ch.SocketChannelImpl.checkConnect(Native Method)
	at sun.nio.ch.SocketChannelImpl.finishConnect(SocketChannelImpl.java:717)
	at org.apache.ratis.thirdparty.io.netty.channel.socket.nio.NioSocketChannel.doFinishConnect(NioSocketChannel.java:327)
	at org.apache.ratis.thirdparty.io.netty.channel.nio.AbstractNioChannel$AbstractNioUnsafe.finishConnect(AbstractNioChannel.java:340)
	at org.apache.ratis.thirdparty.io.netty.channel.nio.NioEventLoop.processSelectedKey(NioEventLoop.java:632)
	at org.apache.ratis.thirdparty.io.netty.channel.nio.NioEventLoop.processSelectedKeysOptimized(NioEventLoop.java:579)
	at org.apache.ratis.thirdparty.io.netty.channel.nio.NioEventLoop.processSelectedKeys(NioEventLoop.java:496)
	at org.apache.ratis.thirdparty.io.netty.channel.nio.NioEventLoop.run(NioEventLoop.java:458)
	at org.apache.ratis.thirdparty.io.netty.util.concurrent.SingleThreadEventExecutor$5.run(SingleThreadEventExecutor.java:897)
	at org.apache.ratis.thirdparty.io.netty.util.concurrent.FastThreadLocalRunnable.run(FastThreadLocalRunnable.java:30)
	... 1 more
Caused by: java.net.ConnectException: Connection refused
	... 11 more
2019-10-20 13:11:15,661 [7660b851-9671-46a6-9e1d-7d946f95d492@group-42C3DBE2B33D-LeaderElection3427] INFO  impl.RaftServerImpl (RaftServerImpl.java:setRole(184)) - 7660b851-9671-46a6-9e1d-7d946f95d492@group-42C3DBE2B33D: changes role from CANDIDATE to FOLLOWER at term 149 for DISCOVERED_A_NEW_TERM
2019-10-20 13:11:15,661 [7660b851-9671-46a6-9e1d-7d946f95d492@group-42C3DBE2B33D-LeaderElection3427] INFO  impl.RoleInfo (RoleInfo.java:shutdownLeaderElection(134)) - 7660b851-9671-46a6-9e1d-7d946f95d492: shutdown LeaderElection
2019-10-20 13:11:15,661 [7660b851-9671-46a6-9e1d-7d946f95d492@group-42C3DBE2B33D-LeaderElection3427] INFO  impl.RoleInfo (RoleInfo.java:updateAndGet(143)) - 7660b851-9671-46a6-9e1d-7d946f95d492: start FollowerState
2019-10-20 13:11:15,841 [Thread-25603] INFO  impl.FollowerState (FollowerState.java:run(108)) - 7660b851-9671-46a6-9e1d-7d946f95d492@group-42C3DBE2B33D-FollowerState: change to CANDIDATE, lastRpcTime:179ms, electionTimeout:179ms
2019-10-20 13:11:15,841 [Thread-25603] INFO  impl.RoleInfo (RoleInfo.java:shutdownFollowerState(121)) - 7660b851-9671-46a6-9e1d-7d946f95d492: shutdown FollowerState
2019-10-20 13:11:15,841 [Thread-25603] INFO  impl.RaftServerImpl (RaftServerImpl.java:setRole(184)) - 7660b851-9671-46a6-9e1d-7d946f95d492@group-42C3DBE2B33D: changes role from  FOLLOWER to CANDIDATE at term 149 for changeToCandidate
2019-10-20 13:11:15,841 [Thread-25603] INFO  impl.RoleInfo (RoleInfo.java:updateAndGet(143)) - 7660b851-9671-46a6-9e1d-7d946f95d492: start LeaderElection
2019-10-20 13:11:15,854 [7660b851-9671-46a6-9e1d-7d946f95d492@group-42C3DBE2B33D-LeaderElection3428] INFO  impl.LeaderElection (LeaderElection.java:askForVotes(178)) - 7660b851-9671-46a6-9e1d-7d946f95d492@group-42C3DBE2B33D-LeaderElection3428: begin an election at term 150 for -1: [fdf19479-69c2-4639-b68c-6adde78ca28a:192.168.157.204:42858, 1ac0a8d4-e534-43ce-83b1-426d47a3040d:192.168.157.204:32953, 7660b851-9671-46a6-9e1d-7d946f95d492:192.168.157.204:41682], old=null
2019-10-20 13:11:15,855 [7660b851-9671-46a6-9e1d-7d946f95d492@group-42C3DBE2B33D-LeaderElection3428] INFO  impl.LeaderElection (LogUtils.java:infoOrTrace(149)) - 7660b851-9671-46a6-9e1d-7d946f95d492@group-42C3DBE2B33D-LeaderElection3428 got exception when requesting votes: {}
java.util.concurrent.ExecutionException: org.apache.ratis.thirdparty.io.grpc.StatusRuntimeException: UNAVAILABLE: io exception
	at java.util.concurrent.FutureTask.report(FutureTask.java:122)
	at java.util.concurrent.FutureTask.get(FutureTask.java:192)
	at org.apache.ratis.server.impl.LeaderElection.waitForResults(LeaderElection.java:259)
	at org.apache.ratis.server.impl.LeaderElection.askForVotes(LeaderElection.java:197)
	at org.apache.ratis.server.impl.LeaderElection.run(LeaderElection.java:133)
	at java.lang.Thread.run(Thread.java:748)
Caused by: org.apache.ratis.thirdparty.io.grpc.StatusRuntimeException: UNAVAILABLE: io exception
	at org.apache.ratis.thirdparty.io.grpc.stub.ClientCalls.toStatusRuntimeException(ClientCalls.java:233)
	at org.apache.ratis.thirdparty.io.grpc.stub.ClientCalls.getUnchecked(ClientCalls.java:214)
	at org.apache.ratis.thirdparty.io.grpc.stub.ClientCalls.blockingUnaryCall(ClientCalls.java:139)
	at org.apache.ratis.proto.grpc.RaftServerProtocolServiceGrpc$RaftServerProtocolServiceBlockingStub.requestVote(RaftServerProtocolServiceGrpc.java:265)
	at org.apache.ratis.grpc.server.GrpcServerProtocolClient.requestVote(GrpcServerProtocolClient.java:99)
	at org.apache.ratis.grpc.server.GrpcService.requestVote(GrpcService.java:204)
	at org.apache.ratis.server.impl.LeaderElection.lambda$submitRequests$1(LeaderElection.java:234)
	at java.util.concurrent.FutureTask.run(FutureTask.java:266)
	at java.util.concurrent.Executors$RunnableAdapter.call(Executors.java:511)
	at java.util.concurrent.FutureTask.run(FutureTask.java:266)
	at java.util.concurrent.ThreadPoolExecutor.runWorker(ThreadPoolExecutor.java:1149)
	at java.util.concurrent.ThreadPoolExecutor$Worker.run(ThreadPoolExecutor.java:624)
	... 1 more
Caused by: org.apache.ratis.thirdparty.io.netty.channel.AbstractChannel$AnnotatedConnectException: Connection refused: /192.168.157.204:42858
	at sun.nio.ch.SocketChannelImpl.checkConnect(Native Method)
	at sun.nio.ch.SocketChannelImpl.finishConnect(SocketChannelImpl.java:717)
	at org.apache.ratis.thirdparty.io.netty.channel.socket.nio.NioSocketChannel.doFinishConnect(NioSocketChannel.java:327)
	at org.apache.ratis.thirdparty.io.netty.channel.nio.AbstractNioChannel$AbstractNioUnsafe.finishConnect(AbstractNioChannel.java:340)
	at org.apache.ratis.thirdparty.io.netty.channel.nio.NioEventLoop.processSelectedKey(NioEventLoop.java:632)
	at org.apache.ratis.thirdparty.io.netty.channel.nio.NioEventLoop.processSelectedKeysOptimized(NioEventLoop.java:579)
	at org.apache.ratis.thirdparty.io.netty.channel.nio.NioEventLoop.processSelectedKeys(NioEventLoop.java:496)
	at org.apache.ratis.thirdparty.io.netty.channel.nio.NioEventLoop.run(NioEventLoop.java:458)
	at org.apache.ratis.thirdparty.io.netty.util.concurrent.SingleThreadEventExecutor$5.run(SingleThreadEventExecutor.java:897)
	at org.apache.ratis.thirdparty.io.netty.util.concurrent.FastThreadLocalRunnable.run(FastThreadLocalRunnable.java:30)
	... 1 more
Caused by: java.net.ConnectException: Connection refused
	... 11 more
2019-10-20 13:11:15,856 [grpc-default-executor-10] INFO  impl.RaftServerImpl (RaftServerImpl.java:setRole(184)) - 1ac0a8d4-e534-43ce-83b1-426d47a3040d@group-42C3DBE2B33D: changes role from  FOLLOWER to FOLLOWER at term 150 for recognizeCandidate:7660b851-9671-46a6-9e1d-7d946f95d492
2019-10-20 13:11:15,856 [grpc-default-executor-10] INFO  impl.RoleInfo (RoleInfo.java:shutdownFollowerState(121)) - 1ac0a8d4-e534-43ce-83b1-426d47a3040d: shutdown FollowerState
2019-10-20 13:11:15,856 [grpc-default-executor-10] INFO  impl.RoleInfo (RoleInfo.java:updateAndGet(143)) - 1ac0a8d4-e534-43ce-83b1-426d47a3040d: start FollowerState
2019-10-20 13:11:15,856 [Thread-25600] INFO  impl.FollowerState (FollowerState.java:run(117)) - 1ac0a8d4-e534-43ce-83b1-426d47a3040d@group-42C3DBE2B33D-FollowerState was interrupted: java.lang.InterruptedException: sleep interrupted
2019-10-20 13:11:15,870 [7660b851-9671-46a6-9e1d-7d946f95d492@group-42C3DBE2B33D-LeaderElection3428] INFO  impl.LeaderElection (LeaderElection.java:logAndReturn(56)) - 7660b851-9671-46a6-9e1d-7d946f95d492@group-42C3DBE2B33D-LeaderElection3428: Election REJECTED; received 1 response(s) [7660b851-9671-46a6-9e1d-7d946f95d492<-1ac0a8d4-e534-43ce-83b1-426d47a3040d#0:FAIL-t150] and 1 exception(s); 7660b851-9671-46a6-9e1d-7d946f95d492@group-42C3DBE2B33D:t150, leader=null, voted=7660b851-9671-46a6-9e1d-7d946f95d492, raftlog=7660b851-9671-46a6-9e1d-7d946f95d492@group-42C3DBE2B33D-SegmentedRaftLog:OPENED:c-1,f-1,i0, conf=-1: [fdf19479-69c2-4639-b68c-6adde78ca28a:192.168.157.204:42858, 1ac0a8d4-e534-43ce-83b1-426d47a3040d:192.168.157.204:32953, 7660b851-9671-46a6-9e1d-7d946f95d492:192.168.157.204:41682], old=null
2019-10-20 13:11:15,870 [7660b851-9671-46a6-9e1d-7d946f95d492@group-42C3DBE2B33D-LeaderElection3428] INFO  impl.LeaderElection (LogUtils.java:infoOrTrace(149)) -   Exception 0: {}
java.util.concurrent.ExecutionException: org.apache.ratis.thirdparty.io.grpc.StatusRuntimeException: UNAVAILABLE: io exception
	at java.util.concurrent.FutureTask.report(FutureTask.java:122)
	at java.util.concurrent.FutureTask.get(FutureTask.java:192)
	at org.apache.ratis.server.impl.LeaderElection.waitForResults(LeaderElection.java:259)
	at org.apache.ratis.server.impl.LeaderElection.askForVotes(LeaderElection.java:197)
	at org.apache.ratis.server.impl.LeaderElection.run(LeaderElection.java:133)
	at java.lang.Thread.run(Thread.java:748)
Caused by: org.apache.ratis.thirdparty.io.grpc.StatusRuntimeException: UNAVAILABLE: io exception
	at org.apache.ratis.thirdparty.io.grpc.stub.ClientCalls.toStatusRuntimeException(ClientCalls.java:233)
	at org.apache.ratis.thirdparty.io.grpc.stub.ClientCalls.getUnchecked(ClientCalls.java:214)
	at org.apache.ratis.thirdparty.io.grpc.stub.ClientCalls.blockingUnaryCall(ClientCalls.java:139)
	at org.apache.ratis.proto.grpc.RaftServerProtocolServiceGrpc$RaftServerProtocolServiceBlockingStub.requestVote(RaftServerProtocolServiceGrpc.java:265)
	at org.apache.ratis.grpc.server.GrpcServerProtocolClient.requestVote(GrpcServerProtocolClient.java:99)
	at org.apache.ratis.grpc.server.GrpcService.requestVote(GrpcService.java:204)
	at org.apache.ratis.server.impl.LeaderElection.lambda$submitRequests$1(LeaderElection.java:234)
	at java.util.concurrent.FutureTask.run(FutureTask.java:266)
	at java.util.concurrent.Executors$RunnableAdapter.call(Executors.java:511)
	at java.util.concurrent.FutureTask.run(FutureTask.java:266)
	at java.util.concurrent.ThreadPoolExecutor.runWorker(ThreadPoolExecutor.java:1149)
	at java.util.concurrent.ThreadPoolExecutor$Worker.run(ThreadPoolExecutor.java:624)
	... 1 more
Caused by: org.apache.ratis.thirdparty.io.netty.channel.AbstractChannel$AnnotatedConnectException: Connection refused: /192.168.157.204:42858
	at sun.nio.ch.SocketChannelImpl.checkConnect(Native Method)
	at sun.nio.ch.SocketChannelImpl.finishConnect(SocketChannelImpl.java:717)
	at org.apache.ratis.thirdparty.io.netty.channel.socket.nio.NioSocketChannel.doFinishConnect(NioSocketChannel.java:327)
	at org.apache.ratis.thirdparty.io.netty.channel.nio.AbstractNioChannel$AbstractNioUnsafe.finishConnect(AbstractNioChannel.java:340)
	at org.apache.ratis.thirdparty.io.netty.channel.nio.NioEventLoop.processSelectedKey(NioEventLoop.java:632)
	at org.apache.ratis.thirdparty.io.netty.channel.nio.NioEventLoop.processSelectedKeysOptimized(NioEventLoop.java:579)
	at org.apache.ratis.thirdparty.io.netty.channel.nio.NioEventLoop.processSelectedKeys(NioEventLoop.java:496)
	at org.apache.ratis.thirdparty.io.netty.channel.nio.NioEventLoop.run(NioEventLoop.java:458)
	at org.apache.ratis.thirdparty.io.netty.util.concurrent.SingleThreadEventExecutor$5.run(SingleThreadEventExecutor.java:897)
	at org.apache.ratis.thirdparty.io.netty.util.concurrent.FastThreadLocalRunnable.run(FastThreadLocalRunnable.java:30)
	... 1 more
Caused by: java.net.ConnectException: Connection refused
	... 11 more
2019-10-20 13:11:15,871 [7660b851-9671-46a6-9e1d-7d946f95d492@group-42C3DBE2B33D-LeaderElection3428] INFO  impl.RaftServerImpl (RaftServerImpl.java:setRole(184)) - 7660b851-9671-46a6-9e1d-7d946f95d492@group-42C3DBE2B33D: changes role from CANDIDATE to FOLLOWER at term 150 for DISCOVERED_A_NEW_TERM
2019-10-20 13:11:15,871 [7660b851-9671-46a6-9e1d-7d946f95d492@group-42C3DBE2B33D-LeaderElection3428] INFO  impl.RoleInfo (RoleInfo.java:shutdownLeaderElection(134)) - 7660b851-9671-46a6-9e1d-7d946f95d492: shutdown LeaderElection
2019-10-20 13:11:15,871 [7660b851-9671-46a6-9e1d-7d946f95d492@group-42C3DBE2B33D-LeaderElection3428] INFO  impl.RoleInfo (RoleInfo.java:updateAndGet(143)) - 7660b851-9671-46a6-9e1d-7d946f95d492: start FollowerState
2019-10-20 13:11:15,914 [Thread-25608] INFO  impl.FollowerState (FollowerState.java:run(108)) - 7660b851-9671-46a6-9e1d-7d946f95d492@group-42C3DBE2B33D-FollowerState: change to CANDIDATE, lastRpcTime:43ms, electionTimeout:43ms
2019-10-20 13:11:15,914 [Thread-25608] INFO  impl.RoleInfo (RoleInfo.java:shutdownFollowerState(121)) - 7660b851-9671-46a6-9e1d-7d946f95d492: shutdown FollowerState
2019-10-20 13:11:15,914 [Thread-25608] INFO  impl.RaftServerImpl (RaftServerImpl.java:setRole(184)) - 7660b851-9671-46a6-9e1d-7d946f95d492@group-42C3DBE2B33D: changes role from  FOLLOWER to CANDIDATE at term 150 for changeToCandidate
2019-10-20 13:11:15,914 [Thread-25608] INFO  impl.RoleInfo (RoleInfo.java:updateAndGet(143)) - 7660b851-9671-46a6-9e1d-7d946f95d492: start LeaderElection
2019-10-20 13:11:15,940 [7660b851-9671-46a6-9e1d-7d946f95d492@group-42C3DBE2B33D-LeaderElection3429] INFO  impl.LeaderElection (LeaderElection.java:askForVotes(178)) - 7660b851-9671-46a6-9e1d-7d946f95d492@group-42C3DBE2B33D-LeaderElection3429: begin an election at term 151 for -1: [fdf19479-69c2-4639-b68c-6adde78ca28a:192.168.157.204:42858, 1ac0a8d4-e534-43ce-83b1-426d47a3040d:192.168.157.204:32953, 7660b851-9671-46a6-9e1d-7d946f95d492:192.168.157.204:41682], old=null
2019-10-20 13:11:15,940 [7660b851-9671-46a6-9e1d-7d946f95d492@group-42C3DBE2B33D-LeaderElection3429] INFO  impl.LeaderElection (LogUtils.java:infoOrTrace(149)) - 7660b851-9671-46a6-9e1d-7d946f95d492@group-42C3DBE2B33D-LeaderElection3429 got exception when requesting votes: {}
java.util.concurrent.ExecutionException: org.apache.ratis.thirdparty.io.grpc.StatusRuntimeException: UNAVAILABLE: io exception
	at java.util.concurrent.FutureTask.report(FutureTask.java:122)
	at java.util.concurrent.FutureTask.get(FutureTask.java:192)
	at org.apache.ratis.server.impl.LeaderElection.waitForResults(LeaderElection.java:259)
	at org.apache.ratis.server.impl.LeaderElection.askForVotes(LeaderElection.java:197)
	at org.apache.ratis.server.impl.LeaderElection.run(LeaderElection.java:133)
	at java.lang.Thread.run(Thread.java:748)
Caused by: org.apache.ratis.thirdparty.io.grpc.StatusRuntimeException: UNAVAILABLE: io exception
	at org.apache.ratis.thirdparty.io.grpc.stub.ClientCalls.toStatusRuntimeException(ClientCalls.java:233)
	at org.apache.ratis.thirdparty.io.grpc.stub.ClientCalls.getUnchecked(ClientCalls.java:214)
	at org.apache.ratis.thirdparty.io.grpc.stub.ClientCalls.blockingUnaryCall(ClientCalls.java:139)
	at org.apache.ratis.proto.grpc.RaftServerProtocolServiceGrpc$RaftServerProtocolServiceBlockingStub.requestVote(RaftServerProtocolServiceGrpc.java:265)
	at org.apache.ratis.grpc.server.GrpcServerProtocolClient.requestVote(GrpcServerProtocolClient.java:99)
	at org.apache.ratis.grpc.server.GrpcService.requestVote(GrpcService.java:204)
	at org.apache.ratis.server.impl.LeaderElection.lambda$submitRequests$1(LeaderElection.java:234)
	at java.util.concurrent.FutureTask.run(FutureTask.java:266)
	at java.util.concurrent.Executors$RunnableAdapter.call(Executors.java:511)
	at java.util.concurrent.FutureTask.run(FutureTask.java:266)
	at java.util.concurrent.ThreadPoolExecutor.runWorker(ThreadPoolExecutor.java:1149)
	at java.util.concurrent.ThreadPoolExecutor$Worker.run(ThreadPoolExecutor.java:624)
	... 1 more
Caused by: org.apache.ratis.thirdparty.io.netty.channel.AbstractChannel$AnnotatedConnectException: Connection refused: /192.168.157.204:42858
	at sun.nio.ch.SocketChannelImpl.checkConnect(Native Method)
	at sun.nio.ch.SocketChannelImpl.finishConnect(SocketChannelImpl.java:717)
	at org.apache.ratis.thirdparty.io.netty.channel.socket.nio.NioSocketChannel.doFinishConnect(NioSocketChannel.java:327)
	at org.apache.ratis.thirdparty.io.netty.channel.nio.AbstractNioChannel$AbstractNioUnsafe.finishConnect(AbstractNioChannel.java:340)
	at org.apache.ratis.thirdparty.io.netty.channel.nio.NioEventLoop.processSelectedKey(NioEventLoop.java:632)
	at org.apache.ratis.thirdparty.io.netty.channel.nio.NioEventLoop.processSelectedKeysOptimized(NioEventLoop.java:579)
	at org.apache.ratis.thirdparty.io.netty.channel.nio.NioEventLoop.processSelectedKeys(NioEventLoop.java:496)
	at org.apache.ratis.thirdparty.io.netty.channel.nio.NioEventLoop.run(NioEventLoop.java:458)
	at org.apache.ratis.thirdparty.io.netty.util.concurrent.SingleThreadEventExecutor$5.run(SingleThreadEventExecutor.java:897)
	at org.apache.ratis.thirdparty.io.netty.util.concurrent.FastThreadLocalRunnable.run(FastThreadLocalRunnable.java:30)
	... 1 more
Caused by: java.net.ConnectException: Connection refused
	... 11 more
2019-10-20 13:11:15,941 [grpc-default-executor-10] INFO  impl.RaftServerImpl (RaftServerImpl.java:setRole(184)) - 1ac0a8d4-e534-43ce-83b1-426d47a3040d@group-42C3DBE2B33D: changes role from  FOLLOWER to FOLLOWER at term 151 for recognizeCandidate:7660b851-9671-46a6-9e1d-7d946f95d492
2019-10-20 13:11:15,941 [grpc-default-executor-10] INFO  impl.RoleInfo (RoleInfo.java:shutdownFollowerState(121)) - 1ac0a8d4-e534-43ce-83b1-426d47a3040d: shutdown FollowerState
2019-10-20 13:11:15,941 [grpc-default-executor-10] INFO  impl.RoleInfo (RoleInfo.java:updateAndGet(143)) - 1ac0a8d4-e534-43ce-83b1-426d47a3040d: start FollowerState
2019-10-20 13:11:15,941 [Thread-25607] INFO  impl.FollowerState (FollowerState.java:run(117)) - 1ac0a8d4-e534-43ce-83b1-426d47a3040d@group-42C3DBE2B33D-FollowerState was interrupted: java.lang.InterruptedException: sleep interrupted
2019-10-20 13:11:15,954 [7660b851-9671-46a6-9e1d-7d946f95d492@group-42C3DBE2B33D-LeaderElection3429] INFO  impl.LeaderElection (LeaderElection.java:logAndReturn(56)) - 7660b851-9671-46a6-9e1d-7d946f95d492@group-42C3DBE2B33D-LeaderElection3429: Election REJECTED; received 1 response(s) [7660b851-9671-46a6-9e1d-7d946f95d492<-1ac0a8d4-e534-43ce-83b1-426d47a3040d#0:FAIL-t151] and 1 exception(s); 7660b851-9671-46a6-9e1d-7d946f95d492@group-42C3DBE2B33D:t151, leader=null, voted=7660b851-9671-46a6-9e1d-7d946f95d492, raftlog=7660b851-9671-46a6-9e1d-7d946f95d492@group-42C3DBE2B33D-SegmentedRaftLog:OPENED:c-1,f-1,i0, conf=-1: [fdf19479-69c2-4639-b68c-6adde78ca28a:192.168.157.204:42858, 1ac0a8d4-e534-43ce-83b1-426d47a3040d:192.168.157.204:32953, 7660b851-9671-46a6-9e1d-7d946f95d492:192.168.157.204:41682], old=null
2019-10-20 13:11:15,954 [7660b851-9671-46a6-9e1d-7d946f95d492@group-42C3DBE2B33D-LeaderElection3429] INFO  impl.LeaderElection (LogUtils.java:infoOrTrace(149)) -   Exception 0: {}
java.util.concurrent.ExecutionException: org.apache.ratis.thirdparty.io.grpc.StatusRuntimeException: UNAVAILABLE: io exception
	at java.util.concurrent.FutureTask.report(FutureTask.java:122)
	at java.util.concurrent.FutureTask.get(FutureTask.java:192)
	at org.apache.ratis.server.impl.LeaderElection.waitForResults(LeaderElection.java:259)
	at org.apache.ratis.server.impl.LeaderElection.askForVotes(LeaderElection.java:197)
	at org.apache.ratis.server.impl.LeaderElection.run(LeaderElection.java:133)
	at java.lang.Thread.run(Thread.java:748)
Caused by: org.apache.ratis.thirdparty.io.grpc.StatusRuntimeException: UNAVAILABLE: io exception
	at org.apache.ratis.thirdparty.io.grpc.stub.ClientCalls.toStatusRuntimeException(ClientCalls.java:233)
	at org.apache.ratis.thirdparty.io.grpc.stub.ClientCalls.getUnchecked(ClientCalls.java:214)
	at org.apache.ratis.thirdparty.io.grpc.stub.ClientCalls.blockingUnaryCall(ClientCalls.java:139)
	at org.apache.ratis.proto.grpc.RaftServerProtocolServiceGrpc$RaftServerProtocolServiceBlockingStub.requestVote(RaftServerProtocolServiceGrpc.java:265)
	at org.apache.ratis.grpc.server.GrpcServerProtocolClient.requestVote(GrpcServerProtocolClient.java:99)
	at org.apache.ratis.grpc.server.GrpcService.requestVote(GrpcService.java:204)
	at org.apache.ratis.server.impl.LeaderElection.lambda$submitRequests$1(LeaderElection.java:234)
	at java.util.concurrent.FutureTask.run(FutureTask.java:266)
	at java.util.concurrent.Executors$RunnableAdapter.call(Executors.java:511)
	at java.util.concurrent.FutureTask.run(FutureTask.java:266)
	at java.util.concurrent.ThreadPoolExecutor.runWorker(ThreadPoolExecutor.java:1149)
	at java.util.concurrent.ThreadPoolExecutor$Worker.run(ThreadPoolExecutor.java:624)
	... 1 more
Caused by: org.apache.ratis.thirdparty.io.netty.channel.AbstractChannel$AnnotatedConnectException: Connection refused: /192.168.157.204:42858
	at sun.nio.ch.SocketChannelImpl.checkConnect(Native Method)
	at sun.nio.ch.SocketChannelImpl.finishConnect(SocketChannelImpl.java:717)
	at org.apache.ratis.thirdparty.io.netty.channel.socket.nio.NioSocketChannel.doFinishConnect(NioSocketChannel.java:327)
	at org.apache.ratis.thirdparty.io.netty.channel.nio.AbstractNioChannel$AbstractNioUnsafe.finishConnect(AbstractNioChannel.java:340)
	at org.apache.ratis.thirdparty.io.netty.channel.nio.NioEventLoop.processSelectedKey(NioEventLoop.java:632)
	at org.apache.ratis.thirdparty.io.netty.channel.nio.NioEventLoop.processSelectedKeysOptimized(NioEventLoop.java:579)
	at org.apache.ratis.thirdparty.io.netty.channel.nio.NioEventLoop.processSelectedKeys(NioEventLoop.java:496)
	at org.apache.ratis.thirdparty.io.netty.channel.nio.NioEventLoop.run(NioEventLoop.java:458)
	at org.apache.ratis.thirdparty.io.netty.util.concurrent.SingleThreadEventExecutor$5.run(SingleThreadEventExecutor.java:897)
	at org.apache.ratis.thirdparty.io.netty.util.concurrent.FastThreadLocalRunnable.run(FastThreadLocalRunnable.java:30)
	... 1 more
Caused by: java.net.ConnectException: Connection refused
	... 11 more
2019-10-20 13:11:15,954 [7660b851-9671-46a6-9e1d-7d946f95d492@group-42C3DBE2B33D-LeaderElection3429] INFO  impl.RaftServerImpl (RaftServerImpl.java:setRole(184)) - 7660b851-9671-46a6-9e1d-7d946f95d492@group-42C3DBE2B33D: changes role from CANDIDATE to FOLLOWER at term 151 for DISCOVERED_A_NEW_TERM
2019-10-20 13:11:15,954 [7660b851-9671-46a6-9e1d-7d946f95d492@group-42C3DBE2B33D-LeaderElection3429] INFO  impl.RoleInfo (RoleInfo.java:shutdownLeaderElection(134)) - 7660b851-9671-46a6-9e1d-7d946f95d492: shutdown LeaderElection
2019-10-20 13:11:15,954 [7660b851-9671-46a6-9e1d-7d946f95d492@group-42C3DBE2B33D-LeaderElection3429] INFO  impl.RoleInfo (RoleInfo.java:updateAndGet(143)) - 7660b851-9671-46a6-9e1d-7d946f95d492: start FollowerState
2019-10-20 13:11:16,066 [Thread-25613] INFO  impl.FollowerState (FollowerState.java:run(108)) - 7660b851-9671-46a6-9e1d-7d946f95d492@group-42C3DBE2B33D-FollowerState: change to CANDIDATE, lastRpcTime:111ms, electionTimeout:111ms
2019-10-20 13:11:16,066 [Thread-25613] INFO  impl.RoleInfo (RoleInfo.java:shutdownFollowerState(121)) - 7660b851-9671-46a6-9e1d-7d946f95d492: shutdown FollowerState
2019-10-20 13:11:16,066 [Thread-25613] INFO  impl.RaftServerImpl (RaftServerImpl.java:setRole(184)) - 7660b851-9671-46a6-9e1d-7d946f95d492@group-42C3DBE2B33D: changes role from  FOLLOWER to CANDIDATE at term 151 for changeToCandidate
2019-10-20 13:11:16,066 [Thread-25613] INFO  impl.RoleInfo (RoleInfo.java:updateAndGet(143)) - 7660b851-9671-46a6-9e1d-7d946f95d492: start LeaderElection
2019-10-20 13:11:16,091 [7660b851-9671-46a6-9e1d-7d946f95d492@group-42C3DBE2B33D-LeaderElection3430] INFO  impl.LeaderElection (LeaderElection.java:askForVotes(178)) - 7660b851-9671-46a6-9e1d-7d946f95d492@group-42C3DBE2B33D-LeaderElection3430: begin an election at term 152 for -1: [fdf19479-69c2-4639-b68c-6adde78ca28a:192.168.157.204:42858, 1ac0a8d4-e534-43ce-83b1-426d47a3040d:192.168.157.204:32953, 7660b851-9671-46a6-9e1d-7d946f95d492:192.168.157.204:41682], old=null
2019-10-20 13:11:16,092 [7660b851-9671-46a6-9e1d-7d946f95d492@group-42C3DBE2B33D-LeaderElection3430] INFO  impl.LeaderElection (LogUtils.java:infoOrTrace(149)) - 7660b851-9671-46a6-9e1d-7d946f95d492@group-42C3DBE2B33D-LeaderElection3430 got exception when requesting votes: {}
java.util.concurrent.ExecutionException: org.apache.ratis.thirdparty.io.grpc.StatusRuntimeException: UNAVAILABLE: io exception
	at java.util.concurrent.FutureTask.report(FutureTask.java:122)
	at java.util.concurrent.FutureTask.get(FutureTask.java:192)
	at org.apache.ratis.server.impl.LeaderElection.waitForResults(LeaderElection.java:259)
	at org.apache.ratis.server.impl.LeaderElection.askForVotes(LeaderElection.java:197)
	at org.apache.ratis.server.impl.LeaderElection.run(LeaderElection.java:133)
	at java.lang.Thread.run(Thread.java:748)
Caused by: org.apache.ratis.thirdparty.io.grpc.StatusRuntimeException: UNAVAILABLE: io exception
	at org.apache.ratis.thirdparty.io.grpc.stub.ClientCalls.toStatusRuntimeException(ClientCalls.java:233)
	at org.apache.ratis.thirdparty.io.grpc.stub.ClientCalls.getUnchecked(ClientCalls.java:214)
	at org.apache.ratis.thirdparty.io.grpc.stub.ClientCalls.blockingUnaryCall(ClientCalls.java:139)
	at org.apache.ratis.proto.grpc.RaftServerProtocolServiceGrpc$RaftServerProtocolServiceBlockingStub.requestVote(RaftServerProtocolServiceGrpc.java:265)
	at org.apache.ratis.grpc.server.GrpcServerProtocolClient.requestVote(GrpcServerProtocolClient.java:99)
	at org.apache.ratis.grpc.server.GrpcService.requestVote(GrpcService.java:204)
	at org.apache.ratis.server.impl.LeaderElection.lambda$submitRequests$1(LeaderElection.java:234)
	at java.util.concurrent.FutureTask.run(FutureTask.java:266)
	at java.util.concurrent.Executors$RunnableAdapter.call(Executors.java:511)
	at java.util.concurrent.FutureTask.run(FutureTask.java:266)
	at java.util.concurrent.ThreadPoolExecutor.runWorker(ThreadPoolExecutor.java:1149)
	at java.util.concurrent.ThreadPoolExecutor$Worker.run(ThreadPoolExecutor.java:624)
	... 1 more
Caused by: org.apache.ratis.thirdparty.io.netty.channel.AbstractChannel$AnnotatedConnectException: Connection refused: /192.168.157.204:42858
	at sun.nio.ch.SocketChannelImpl.checkConnect(Native Method)
	at sun.nio.ch.SocketChannelImpl.finishConnect(SocketChannelImpl.java:717)
	at org.apache.ratis.thirdparty.io.netty.channel.socket.nio.NioSocketChannel.doFinishConnect(NioSocketChannel.java:327)
	at org.apache.ratis.thirdparty.io.netty.channel.nio.AbstractNioChannel$AbstractNioUnsafe.finishConnect(AbstractNioChannel.java:340)
	at org.apache.ratis.thirdparty.io.netty.channel.nio.NioEventLoop.processSelectedKey(NioEventLoop.java:632)
	at org.apache.ratis.thirdparty.io.netty.channel.nio.NioEventLoop.processSelectedKeysOptimized(NioEventLoop.java:579)
	at org.apache.ratis.thirdparty.io.netty.channel.nio.NioEventLoop.processSelectedKeys(NioEventLoop.java:496)
	at org.apache.ratis.thirdparty.io.netty.channel.nio.NioEventLoop.run(NioEventLoop.java:458)
	at org.apache.ratis.thirdparty.io.netty.util.concurrent.SingleThreadEventExecutor$5.run(SingleThreadEventExecutor.java:897)
	at org.apache.ratis.thirdparty.io.netty.util.concurrent.FastThreadLocalRunnable.run(FastThreadLocalRunnable.java:30)
	... 1 more
Caused by: java.net.ConnectException: Connection refused
	... 11 more
2019-10-20 13:11:16,092 [grpc-default-executor-10] INFO  impl.RaftServerImpl (RaftServerImpl.java:setRole(184)) - 1ac0a8d4-e534-43ce-83b1-426d47a3040d@group-42C3DBE2B33D: changes role from  FOLLOWER to FOLLOWER at term 152 for recognizeCandidate:7660b851-9671-46a6-9e1d-7d946f95d492
2019-10-20 13:11:16,093 [grpc-default-executor-10] INFO  impl.RoleInfo (RoleInfo.java:shutdownFollowerState(121)) - 1ac0a8d4-e534-43ce-83b1-426d47a3040d: shutdown FollowerState
2019-10-20 13:11:16,093 [grpc-default-executor-10] INFO  impl.RoleInfo (RoleInfo.java:updateAndGet(143)) - 1ac0a8d4-e534-43ce-83b1-426d47a3040d: start FollowerState
2019-10-20 13:11:16,093 [Thread-25612] INFO  impl.FollowerState (FollowerState.java:run(117)) - 1ac0a8d4-e534-43ce-83b1-426d47a3040d@group-42C3DBE2B33D-FollowerState was interrupted: java.lang.InterruptedException: sleep interrupted
2019-10-20 13:11:16,106 [7660b851-9671-46a6-9e1d-7d946f95d492@group-42C3DBE2B33D-LeaderElection3430] INFO  impl.LeaderElection (LeaderElection.java:logAndReturn(56)) - 7660b851-9671-46a6-9e1d-7d946f95d492@group-42C3DBE2B33D-LeaderElection3430: Election REJECTED; received 1 response(s) [7660b851-9671-46a6-9e1d-7d946f95d492<-1ac0a8d4-e534-43ce-83b1-426d47a3040d#0:FAIL-t152] and 1 exception(s); 7660b851-9671-46a6-9e1d-7d946f95d492@group-42C3DBE2B33D:t152, leader=null, voted=7660b851-9671-46a6-9e1d-7d946f95d492, raftlog=7660b851-9671-46a6-9e1d-7d946f95d492@group-42C3DBE2B33D-SegmentedRaftLog:OPENED:c-1,f-1,i0, conf=-1: [fdf19479-69c2-4639-b68c-6adde78ca28a:192.168.157.204:42858, 1ac0a8d4-e534-43ce-83b1-426d47a3040d:192.168.157.204:32953, 7660b851-9671-46a6-9e1d-7d946f95d492:192.168.157.204:41682], old=null
2019-10-20 13:11:16,107 [7660b851-9671-46a6-9e1d-7d946f95d492@group-42C3DBE2B33D-LeaderElection3430] INFO  impl.LeaderElection (LogUtils.java:infoOrTrace(149)) -   Exception 0: {}
java.util.concurrent.ExecutionException: org.apache.ratis.thirdparty.io.grpc.StatusRuntimeException: UNAVAILABLE: io exception
	at java.util.concurrent.FutureTask.report(FutureTask.java:122)
	at java.util.concurrent.FutureTask.get(FutureTask.java:192)
	at org.apache.ratis.server.impl.LeaderElection.waitForResults(LeaderElection.java:259)
	at org.apache.ratis.server.impl.LeaderElection.askForVotes(LeaderElection.java:197)
	at org.apache.ratis.server.impl.LeaderElection.run(LeaderElection.java:133)
	at java.lang.Thread.run(Thread.java:748)
Caused by: org.apache.ratis.thirdparty.io.grpc.StatusRuntimeException: UNAVAILABLE: io exception
	at org.apache.ratis.thirdparty.io.grpc.stub.ClientCalls.toStatusRuntimeException(ClientCalls.java:233)
	at org.apache.ratis.thirdparty.io.grpc.stub.ClientCalls.getUnchecked(ClientCalls.java:214)
	at org.apache.ratis.thirdparty.io.grpc.stub.ClientCalls.blockingUnaryCall(ClientCalls.java:139)
	at org.apache.ratis.proto.grpc.RaftServerProtocolServiceGrpc$RaftServerProtocolServiceBlockingStub.requestVote(RaftServerProtocolServiceGrpc.java:265)
	at org.apache.ratis.grpc.server.GrpcServerProtocolClient.requestVote(GrpcServerProtocolClient.java:99)
	at org.apache.ratis.grpc.server.GrpcService.requestVote(GrpcService.java:204)
	at org.apache.ratis.server.impl.LeaderElection.lambda$submitRequests$1(LeaderElection.java:234)
	at java.util.concurrent.FutureTask.run(FutureTask.java:266)
	at java.util.concurrent.Executors$RunnableAdapter.call(Executors.java:511)
	at java.util.concurrent.FutureTask.run(FutureTask.java:266)
	at java.util.concurrent.ThreadPoolExecutor.runWorker(ThreadPoolExecutor.java:1149)
	at java.util.concurrent.ThreadPoolExecutor$Worker.run(ThreadPoolExecutor.java:624)
	... 1 more
Caused by: org.apache.ratis.thirdparty.io.netty.channel.AbstractChannel$AnnotatedConnectException: Connection refused: /192.168.157.204:42858
	at sun.nio.ch.SocketChannelImpl.checkConnect(Native Method)
	at sun.nio.ch.SocketChannelImpl.finishConnect(SocketChannelImpl.java:717)
	at org.apache.ratis.thirdparty.io.netty.channel.socket.nio.NioSocketChannel.doFinishConnect(NioSocketChannel.java:327)
	at org.apache.ratis.thirdparty.io.netty.channel.nio.AbstractNioChannel$AbstractNioUnsafe.finishConnect(AbstractNioChannel.java:340)
	at org.apache.ratis.thirdparty.io.netty.channel.nio.NioEventLoop.processSelectedKey(NioEventLoop.java:632)
	at org.apache.ratis.thirdparty.io.netty.channel.nio.NioEventLoop.processSelectedKeysOptimized(NioEventLoop.java:579)
	at org.apache.ratis.thirdparty.io.netty.channel.nio.NioEventLoop.processSelectedKeys(NioEventLoop.java:496)
	at org.apache.ratis.thirdparty.io.netty.channel.nio.NioEventLoop.run(NioEventLoop.java:458)
	at org.apache.ratis.thirdparty.io.netty.util.concurrent.SingleThreadEventExecutor$5.run(SingleThreadEventExecutor.java:897)
	at org.apache.ratis.thirdparty.io.netty.util.concurrent.FastThreadLocalRunnable.run(FastThreadLocalRunnable.java:30)
	... 1 more
Caused by: java.net.ConnectException: Connection refused
	... 11 more
2019-10-20 13:11:16,107 [7660b851-9671-46a6-9e1d-7d946f95d492@group-42C3DBE2B33D-LeaderElection3430] INFO  impl.RaftServerImpl (RaftServerImpl.java:setRole(184)) - 7660b851-9671-46a6-9e1d-7d946f95d492@group-42C3DBE2B33D: changes role from CANDIDATE to FOLLOWER at term 152 for DISCOVERED_A_NEW_TERM
2019-10-20 13:11:16,107 [7660b851-9671-46a6-9e1d-7d946f95d492@group-42C3DBE2B33D-LeaderElection3430] INFO  impl.RoleInfo (RoleInfo.java:shutdownLeaderElection(134)) - 7660b851-9671-46a6-9e1d-7d946f95d492: shutdown LeaderElection
2019-10-20 13:11:16,107 [7660b851-9671-46a6-9e1d-7d946f95d492@group-42C3DBE2B33D-LeaderElection3430] INFO  impl.RoleInfo (RoleInfo.java:updateAndGet(143)) - 7660b851-9671-46a6-9e1d-7d946f95d492: start FollowerState
2019-10-20 13:11:16,210 [Thread-25618] INFO  impl.FollowerState (FollowerState.java:run(108)) - 7660b851-9671-46a6-9e1d-7d946f95d492@group-42C3DBE2B33D-FollowerState: change to CANDIDATE, lastRpcTime:103ms, electionTimeout:103ms
2019-10-20 13:11:16,211 [Thread-25618] INFO  impl.RoleInfo (RoleInfo.java:shutdownFollowerState(121)) - 7660b851-9671-46a6-9e1d-7d946f95d492: shutdown FollowerState
2019-10-20 13:11:16,211 [Thread-25618] INFO  impl.RaftServerImpl (RaftServerImpl.java:setRole(184)) - 7660b851-9671-46a6-9e1d-7d946f95d492@group-42C3DBE2B33D: changes role from  FOLLOWER to CANDIDATE at term 152 for changeToCandidate
2019-10-20 13:11:16,211 [Thread-25618] INFO  impl.RoleInfo (RoleInfo.java:updateAndGet(143)) - 7660b851-9671-46a6-9e1d-7d946f95d492: start LeaderElection
2019-10-20 13:11:16,236 [7660b851-9671-46a6-9e1d-7d946f95d492@group-42C3DBE2B33D-LeaderElection3431] INFO  impl.LeaderElection (LeaderElection.java:askForVotes(178)) - 7660b851-9671-46a6-9e1d-7d946f95d492@group-42C3DBE2B33D-LeaderElection3431: begin an election at term 153 for -1: [fdf19479-69c2-4639-b68c-6adde78ca28a:192.168.157.204:42858, 1ac0a8d4-e534-43ce-83b1-426d47a3040d:192.168.157.204:32953, 7660b851-9671-46a6-9e1d-7d946f95d492:192.168.157.204:41682], old=null
2019-10-20 13:11:16,237 [7660b851-9671-46a6-9e1d-7d946f95d492@group-42C3DBE2B33D-LeaderElection3431] INFO  impl.LeaderElection (LogUtils.java:infoOrTrace(149)) - 7660b851-9671-46a6-9e1d-7d946f95d492@group-42C3DBE2B33D-LeaderElection3431 got exception when requesting votes: {}
java.util.concurrent.ExecutionException: org.apache.ratis.thirdparty.io.grpc.StatusRuntimeException: UNAVAILABLE: io exception
	at java.util.concurrent.FutureTask.report(FutureTask.java:122)
	at java.util.concurrent.FutureTask.get(FutureTask.java:192)
	at org.apache.ratis.server.impl.LeaderElection.waitForResults(LeaderElection.java:259)
	at org.apache.ratis.server.impl.LeaderElection.askForVotes(LeaderElection.java:197)
	at org.apache.ratis.server.impl.LeaderElection.run(LeaderElection.java:133)
	at java.lang.Thread.run(Thread.java:748)
Caused by: org.apache.ratis.thirdparty.io.grpc.StatusRuntimeException: UNAVAILABLE: io exception
	at org.apache.ratis.thirdparty.io.grpc.stub.ClientCalls.toStatusRuntimeException(ClientCalls.java:233)
	at org.apache.ratis.thirdparty.io.grpc.stub.ClientCalls.getUnchecked(ClientCalls.java:214)
	at org.apache.ratis.thirdparty.io.grpc.stub.ClientCalls.blockingUnaryCall(ClientCalls.java:139)
	at org.apache.ratis.proto.grpc.RaftServerProtocolServiceGrpc$RaftServerProtocolServiceBlockingStub.requestVote(RaftServerProtocolServiceGrpc.java:265)
	at org.apache.ratis.grpc.server.GrpcServerProtocolClient.requestVote(GrpcServerProtocolClient.java:99)
	at org.apache.ratis.grpc.server.GrpcService.requestVote(GrpcService.java:204)
	at org.apache.ratis.server.impl.LeaderElection.lambda$submitRequests$1(LeaderElection.java:234)
	at java.util.concurrent.FutureTask.run(FutureTask.java:266)
	at java.util.concurrent.Executors$RunnableAdapter.call(Executors.java:511)
	at java.util.concurrent.FutureTask.run(FutureTask.java:266)
	at java.util.concurrent.ThreadPoolExecutor.runWorker(ThreadPoolExecutor.java:1149)
	at java.util.concurrent.ThreadPoolExecutor$Worker.run(ThreadPoolExecutor.java:624)
	... 1 more
Caused by: org.apache.ratis.thirdparty.io.netty.channel.AbstractChannel$AnnotatedConnectException: Connection refused: /192.168.157.204:42858
	at sun.nio.ch.SocketChannelImpl.checkConnect(Native Method)
	at sun.nio.ch.SocketChannelImpl.finishConnect(SocketChannelImpl.java:717)
	at org.apache.ratis.thirdparty.io.netty.channel.socket.nio.NioSocketChannel.doFinishConnect(NioSocketChannel.java:327)
	at org.apache.ratis.thirdparty.io.netty.channel.nio.AbstractNioChannel$AbstractNioUnsafe.finishConnect(AbstractNioChannel.java:340)
	at org.apache.ratis.thirdparty.io.netty.channel.nio.NioEventLoop.processSelectedKey(NioEventLoop.java:632)
	at org.apache.ratis.thirdparty.io.netty.channel.nio.NioEventLoop.processSelectedKeysOptimized(NioEventLoop.java:579)
	at org.apache.ratis.thirdparty.io.netty.channel.nio.NioEventLoop.processSelectedKeys(NioEventLoop.java:496)
	at org.apache.ratis.thirdparty.io.netty.channel.nio.NioEventLoop.run(NioEventLoop.java:458)
	at org.apache.ratis.thirdparty.io.netty.util.concurrent.SingleThreadEventExecutor$5.run(SingleThreadEventExecutor.java:897)
	at org.apache.ratis.thirdparty.io.netty.util.concurrent.FastThreadLocalRunnable.run(FastThreadLocalRunnable.java:30)
	... 1 more
Caused by: java.net.ConnectException: Connection refused
	... 11 more
2019-10-20 13:11:16,238 [grpc-default-executor-10] INFO  impl.RaftServerImpl (RaftServerImpl.java:setRole(184)) - 1ac0a8d4-e534-43ce-83b1-426d47a3040d@group-42C3DBE2B33D: changes role from  FOLLOWER to FOLLOWER at term 153 for recognizeCandidate:7660b851-9671-46a6-9e1d-7d946f95d492
2019-10-20 13:11:16,238 [grpc-default-executor-10] INFO  impl.RoleInfo (RoleInfo.java:shutdownFollowerState(121)) - 1ac0a8d4-e534-43ce-83b1-426d47a3040d: shutdown FollowerState
2019-10-20 13:11:16,238 [grpc-default-executor-10] INFO  impl.RoleInfo (RoleInfo.java:updateAndGet(143)) - 1ac0a8d4-e534-43ce-83b1-426d47a3040d: start FollowerState
2019-10-20 13:11:16,238 [Thread-25617] INFO  impl.FollowerState (FollowerState.java:run(117)) - 1ac0a8d4-e534-43ce-83b1-426d47a3040d@group-42C3DBE2B33D-FollowerState was interrupted: java.lang.InterruptedException: sleep interrupted
2019-10-20 13:11:16,251 [7660b851-9671-46a6-9e1d-7d946f95d492@group-42C3DBE2B33D-LeaderElection3431] INFO  impl.LeaderElection (LeaderElection.java:logAndReturn(56)) - 7660b851-9671-46a6-9e1d-7d946f95d492@group-42C3DBE2B33D-LeaderElection3431: Election REJECTED; received 1 response(s) [7660b851-9671-46a6-9e1d-7d946f95d492<-1ac0a8d4-e534-43ce-83b1-426d47a3040d#0:FAIL-t153] and 1 exception(s); 7660b851-9671-46a6-9e1d-7d946f95d492@group-42C3DBE2B33D:t153, leader=null, voted=7660b851-9671-46a6-9e1d-7d946f95d492, raftlog=7660b851-9671-46a6-9e1d-7d946f95d492@group-42C3DBE2B33D-SegmentedRaftLog:OPENED:c-1,f-1,i0, conf=-1: [fdf19479-69c2-4639-b68c-6adde78ca28a:192.168.157.204:42858, 1ac0a8d4-e534-43ce-83b1-426d47a3040d:192.168.157.204:32953, 7660b851-9671-46a6-9e1d-7d946f95d492:192.168.157.204:41682], old=null
2019-10-20 13:11:16,251 [7660b851-9671-46a6-9e1d-7d946f95d492@group-42C3DBE2B33D-LeaderElection3431] INFO  impl.LeaderElection (LogUtils.java:infoOrTrace(149)) -   Exception 0: {}
java.util.concurrent.ExecutionException: org.apache.ratis.thirdparty.io.grpc.StatusRuntimeException: UNAVAILABLE: io exception
	at java.util.concurrent.FutureTask.report(FutureTask.java:122)
	at java.util.concurrent.FutureTask.get(FutureTask.java:192)
	at org.apache.ratis.server.impl.LeaderElection.waitForResults(LeaderElection.java:259)
	at org.apache.ratis.server.impl.LeaderElection.askForVotes(LeaderElection.java:197)
	at org.apache.ratis.server.impl.LeaderElection.run(LeaderElection.java:133)
	at java.lang.Thread.run(Thread.java:748)
Caused by: org.apache.ratis.thirdparty.io.grpc.StatusRuntimeException: UNAVAILABLE: io exception
	at org.apache.ratis.thirdparty.io.grpc.stub.ClientCalls.toStatusRuntimeException(ClientCalls.java:233)
	at org.apache.ratis.thirdparty.io.grpc.stub.ClientCalls.getUnchecked(ClientCalls.java:214)
	at org.apache.ratis.thirdparty.io.grpc.stub.ClientCalls.blockingUnaryCall(ClientCalls.java:139)
	at org.apache.ratis.proto.grpc.RaftServerProtocolServiceGrpc$RaftServerProtocolServiceBlockingStub.requestVote(RaftServerProtocolServiceGrpc.java:265)
	at org.apache.ratis.grpc.server.GrpcServerProtocolClient.requestVote(GrpcServerProtocolClient.java:99)
	at org.apache.ratis.grpc.server.GrpcService.requestVote(GrpcService.java:204)
	at org.apache.ratis.server.impl.LeaderElection.lambda$submitRequests$1(LeaderElection.java:234)
	at java.util.concurrent.FutureTask.run(FutureTask.java:266)
	at java.util.concurrent.Executors$RunnableAdapter.call(Executors.java:511)
	at java.util.concurrent.FutureTask.run(FutureTask.java:266)
	at java.util.concurrent.ThreadPoolExecutor.runWorker(ThreadPoolExecutor.java:1149)
	at java.util.concurrent.ThreadPoolExecutor$Worker.run(ThreadPoolExecutor.java:624)
	... 1 more
Caused by: org.apache.ratis.thirdparty.io.netty.channel.AbstractChannel$AnnotatedConnectException: Connection refused: /192.168.157.204:42858
	at sun.nio.ch.SocketChannelImpl.checkConnect(Native Method)
	at sun.nio.ch.SocketChannelImpl.finishConnect(SocketChannelImpl.java:717)
	at org.apache.ratis.thirdparty.io.netty.channel.socket.nio.NioSocketChannel.doFinishConnect(NioSocketChannel.java:327)
	at org.apache.ratis.thirdparty.io.netty.channel.nio.AbstractNioChannel$AbstractNioUnsafe.finishConnect(AbstractNioChannel.java:340)
	at org.apache.ratis.thirdparty.io.netty.channel.nio.NioEventLoop.processSelectedKey(NioEventLoop.java:632)
	at org.apache.ratis.thirdparty.io.netty.channel.nio.NioEventLoop.processSelectedKeysOptimized(NioEventLoop.java:579)
	at org.apache.ratis.thirdparty.io.netty.channel.nio.NioEventLoop.processSelectedKeys(NioEventLoop.java:496)
	at org.apache.ratis.thirdparty.io.netty.channel.nio.NioEventLoop.run(NioEventLoop.java:458)
	at org.apache.ratis.thirdparty.io.netty.util.concurrent.SingleThreadEventExecutor$5.run(SingleThreadEventExecutor.java:897)
	at org.apache.ratis.thirdparty.io.netty.util.concurrent.FastThreadLocalRunnable.run(FastThreadLocalRunnable.java:30)
	... 1 more
Caused by: java.net.ConnectException: Connection refused
	... 11 more
2019-10-20 13:11:16,252 [7660b851-9671-46a6-9e1d-7d946f95d492@group-42C3DBE2B33D-LeaderElection3431] INFO  impl.RaftServerImpl (RaftServerImpl.java:setRole(184)) - 7660b851-9671-46a6-9e1d-7d946f95d492@group-42C3DBE2B33D: changes role from CANDIDATE to FOLLOWER at term 153 for DISCOVERED_A_NEW_TERM
2019-10-20 13:11:16,252 [7660b851-9671-46a6-9e1d-7d946f95d492@group-42C3DBE2B33D-LeaderElection3431] INFO  impl.RoleInfo (RoleInfo.java:shutdownLeaderElection(134)) - 7660b851-9671-46a6-9e1d-7d946f95d492: shutdown LeaderElection
2019-10-20 13:11:16,252 [7660b851-9671-46a6-9e1d-7d946f95d492@group-42C3DBE2B33D-LeaderElection3431] INFO  impl.RoleInfo (RoleInfo.java:updateAndGet(143)) - 7660b851-9671-46a6-9e1d-7d946f95d492: start FollowerState
2019-10-20 13:11:16,278 [Thread-25627] INFO  impl.FollowerState (FollowerState.java:run(108)) - 7660b851-9671-46a6-9e1d-7d946f95d492@group-42C3DBE2B33D-FollowerState: change to CANDIDATE, lastRpcTime:26ms, electionTimeout:26ms
2019-10-20 13:11:16,278 [Thread-25627] INFO  impl.RoleInfo (RoleInfo.java:shutdownFollowerState(121)) - 7660b851-9671-46a6-9e1d-7d946f95d492: shutdown FollowerState
2019-10-20 13:11:16,278 [Thread-25627] INFO  impl.RaftServerImpl (RaftServerImpl.java:setRole(184)) - 7660b851-9671-46a6-9e1d-7d946f95d492@group-42C3DBE2B33D: changes role from  FOLLOWER to CANDIDATE at term 153 for changeToCandidate
2019-10-20 13:11:16,278 [Thread-25627] INFO  impl.RoleInfo (RoleInfo.java:updateAndGet(143)) - 7660b851-9671-46a6-9e1d-7d946f95d492: start LeaderElection
2019-10-20 13:11:16,292 [7660b851-9671-46a6-9e1d-7d946f95d492@group-42C3DBE2B33D-LeaderElection3432] INFO  impl.LeaderElection (LeaderElection.java:askForVotes(178)) - 7660b851-9671-46a6-9e1d-7d946f95d492@group-42C3DBE2B33D-LeaderElection3432: begin an election at term 154 for -1: [fdf19479-69c2-4639-b68c-6adde78ca28a:192.168.157.204:42858, 1ac0a8d4-e534-43ce-83b1-426d47a3040d:192.168.157.204:32953, 7660b851-9671-46a6-9e1d-7d946f95d492:192.168.157.204:41682], old=null
2019-10-20 13:11:16,293 [7660b851-9671-46a6-9e1d-7d946f95d492@group-42C3DBE2B33D-LeaderElection3432] INFO  impl.LeaderElection (LogUtils.java:infoOrTrace(149)) - 7660b851-9671-46a6-9e1d-7d946f95d492@group-42C3DBE2B33D-LeaderElection3432 got exception when requesting votes: {}
java.util.concurrent.ExecutionException: org.apache.ratis.thirdparty.io.grpc.StatusRuntimeException: UNAVAILABLE: io exception
	at java.util.concurrent.FutureTask.report(FutureTask.java:122)
	at java.util.concurrent.FutureTask.get(FutureTask.java:192)
	at org.apache.ratis.server.impl.LeaderElection.waitForResults(LeaderElection.java:259)
	at org.apache.ratis.server.impl.LeaderElection.askForVotes(LeaderElection.java:197)
	at org.apache.ratis.server.impl.LeaderElection.run(LeaderElection.java:133)
	at java.lang.Thread.run(Thread.java:748)
Caused by: org.apache.ratis.thirdparty.io.grpc.StatusRuntimeException: UNAVAILABLE: io exception
	at org.apache.ratis.thirdparty.io.grpc.stub.ClientCalls.toStatusRuntimeException(ClientCalls.java:233)
	at org.apache.ratis.thirdparty.io.grpc.stub.ClientCalls.getUnchecked(ClientCalls.java:214)
	at org.apache.ratis.thirdparty.io.grpc.stub.ClientCalls.blockingUnaryCall(ClientCalls.java:139)
	at org.apache.ratis.proto.grpc.RaftServerProtocolServiceGrpc$RaftServerProtocolServiceBlockingStub.requestVote(RaftServerProtocolServiceGrpc.java:265)
	at org.apache.ratis.grpc.server.GrpcServerProtocolClient.requestVote(GrpcServerProtocolClient.java:99)
	at org.apache.ratis.grpc.server.GrpcService.requestVote(GrpcService.java:204)
	at org.apache.ratis.server.impl.LeaderElection.lambda$submitRequests$1(LeaderElection.java:234)
	at java.util.concurrent.FutureTask.run(FutureTask.java:266)
	at java.util.concurrent.Executors$RunnableAdapter.call(Executors.java:511)
	at java.util.concurrent.FutureTask.run(FutureTask.java:266)
	at java.util.concurrent.ThreadPoolExecutor.runWorker(ThreadPoolExecutor.java:1149)
	at java.util.concurrent.ThreadPoolExecutor$Worker.run(ThreadPoolExecutor.java:624)
	... 1 more
Caused by: org.apache.ratis.thirdparty.io.netty.channel.AbstractChannel$AnnotatedConnectException: Connection refused: /192.168.157.204:42858
	at sun.nio.ch.SocketChannelImpl.checkConnect(Native Method)
	at sun.nio.ch.SocketChannelImpl.finishConnect(SocketChannelImpl.java:717)
	at org.apache.ratis.thirdparty.io.netty.channel.socket.nio.NioSocketChannel.doFinishConnect(NioSocketChannel.java:327)
	at org.apache.ratis.thirdparty.io.netty.channel.nio.AbstractNioChannel$AbstractNioUnsafe.finishConnect(AbstractNioChannel.java:340)
	at org.apache.ratis.thirdparty.io.netty.channel.nio.NioEventLoop.processSelectedKey(NioEventLoop.java:632)
	at org.apache.ratis.thirdparty.io.netty.channel.nio.NioEventLoop.processSelectedKeysOptimized(NioEventLoop.java:579)
	at org.apache.ratis.thirdparty.io.netty.channel.nio.NioEventLoop.processSelectedKeys(NioEventLoop.java:496)
	at org.apache.ratis.thirdparty.io.netty.channel.nio.NioEventLoop.run(NioEventLoop.java:458)
	at org.apache.ratis.thirdparty.io.netty.util.concurrent.SingleThreadEventExecutor$5.run(SingleThreadEventExecutor.java:897)
	at org.apache.ratis.thirdparty.io.netty.util.concurrent.FastThreadLocalRunnable.run(FastThreadLocalRunnable.java:30)
	... 1 more
Caused by: java.net.ConnectException: Connection refused
	... 11 more
2019-10-20 13:11:16,293 [grpc-default-executor-10] INFO  impl.RaftServerImpl (RaftServerImpl.java:setRole(184)) - 1ac0a8d4-e534-43ce-83b1-426d47a3040d@group-42C3DBE2B33D: changes role from  FOLLOWER to FOLLOWER at term 154 for recognizeCandidate:7660b851-9671-46a6-9e1d-7d946f95d492
2019-10-20 13:11:16,293 [grpc-default-executor-10] INFO  impl.RoleInfo (RoleInfo.java:shutdownFollowerState(121)) - 1ac0a8d4-e534-43ce-83b1-426d47a3040d: shutdown FollowerState
2019-10-20 13:11:16,294 [grpc-default-executor-10] INFO  impl.RoleInfo (RoleInfo.java:updateAndGet(143)) - 1ac0a8d4-e534-43ce-83b1-426d47a3040d: start FollowerState
2019-10-20 13:11:16,294 [Thread-25626] INFO  impl.FollowerState (FollowerState.java:run(117)) - 1ac0a8d4-e534-43ce-83b1-426d47a3040d@group-42C3DBE2B33D-FollowerState was interrupted: java.lang.InterruptedException: sleep interrupted
2019-10-20 13:11:16,307 [7660b851-9671-46a6-9e1d-7d946f95d492@group-42C3DBE2B33D-LeaderElection3432] INFO  impl.LeaderElection (LeaderElection.java:logAndReturn(56)) - 7660b851-9671-46a6-9e1d-7d946f95d492@group-42C3DBE2B33D-LeaderElection3432: Election REJECTED; received 1 response(s) [7660b851-9671-46a6-9e1d-7d946f95d492<-1ac0a8d4-e534-43ce-83b1-426d47a3040d#0:FAIL-t154] and 1 exception(s); 7660b851-9671-46a6-9e1d-7d946f95d492@group-42C3DBE2B33D:t154, leader=null, voted=7660b851-9671-46a6-9e1d-7d946f95d492, raftlog=7660b851-9671-46a6-9e1d-7d946f95d492@group-42C3DBE2B33D-SegmentedRaftLog:OPENED:c-1,f-1,i0, conf=-1: [fdf19479-69c2-4639-b68c-6adde78ca28a:192.168.157.204:42858, 1ac0a8d4-e534-43ce-83b1-426d47a3040d:192.168.157.204:32953, 7660b851-9671-46a6-9e1d-7d946f95d492:192.168.157.204:41682], old=null
2019-10-20 13:11:16,307 [7660b851-9671-46a6-9e1d-7d946f95d492@group-42C3DBE2B33D-LeaderElection3432] INFO  impl.LeaderElection (LogUtils.java:infoOrTrace(149)) -   Exception 0: {}
java.util.concurrent.ExecutionException: org.apache.ratis.thirdparty.io.grpc.StatusRuntimeException: UNAVAILABLE: io exception
	at java.util.concurrent.FutureTask.report(FutureTask.java:122)
	at java.util.concurrent.FutureTask.get(FutureTask.java:192)
	at org.apache.ratis.server.impl.LeaderElection.waitForResults(LeaderElection.java:259)
	at org.apache.ratis.server.impl.LeaderElection.askForVotes(LeaderElection.java:197)
	at org.apache.ratis.server.impl.LeaderElection.run(LeaderElection.java:133)
	at java.lang.Thread.run(Thread.java:748)
Caused by: org.apache.ratis.thirdparty.io.grpc.StatusRuntimeException: UNAVAILABLE: io exception
	at org.apache.ratis.thirdparty.io.grpc.stub.ClientCalls.toStatusRuntimeException(ClientCalls.java:233)
	at org.apache.ratis.thirdparty.io.grpc.stub.ClientCalls.getUnchecked(ClientCalls.java:214)
	at org.apache.ratis.thirdparty.io.grpc.stub.ClientCalls.blockingUnaryCall(ClientCalls.java:139)
	at org.apache.ratis.proto.grpc.RaftServerProtocolServiceGrpc$RaftServerProtocolServiceBlockingStub.requestVote(RaftServerProtocolServiceGrpc.java:265)
	at org.apache.ratis.grpc.server.GrpcServerProtocolClient.requestVote(GrpcServerProtocolClient.java:99)
	at org.apache.ratis.grpc.server.GrpcService.requestVote(GrpcService.java:204)
	at org.apache.ratis.server.impl.LeaderElection.lambda$submitRequests$1(LeaderElection.java:234)
	at java.util.concurrent.FutureTask.run(FutureTask.java:266)
	at java.util.concurrent.Executors$RunnableAdapter.call(Executors.java:511)
	at java.util.concurrent.FutureTask.run(FutureTask.java:266)
	at java.util.concurrent.ThreadPoolExecutor.runWorker(ThreadPoolExecutor.java:1149)
	at java.util.concurrent.ThreadPoolExecutor$Worker.run(ThreadPoolExecutor.java:624)
	... 1 more
Caused by: org.apache.ratis.thirdparty.io.netty.channel.AbstractChannel$AnnotatedConnectException: Connection refused: /192.168.157.204:42858
	at sun.nio.ch.SocketChannelImpl.checkConnect(Native Method)
	at sun.nio.ch.SocketChannelImpl.finishConnect(SocketChannelImpl.java:717)
	at org.apache.ratis.thirdparty.io.netty.channel.socket.nio.NioSocketChannel.doFinishConnect(NioSocketChannel.java:327)
	at org.apache.ratis.thirdparty.io.netty.channel.nio.AbstractNioChannel$AbstractNioUnsafe.finishConnect(AbstractNioChannel.java:340)
	at org.apache.ratis.thirdparty.io.netty.channel.nio.NioEventLoop.processSelectedKey(NioEventLoop.java:632)
	at org.apache.ratis.thirdparty.io.netty.channel.nio.NioEventLoop.processSelectedKeysOptimized(NioEventLoop.java:579)
	at org.apache.ratis.thirdparty.io.netty.channel.nio.NioEventLoop.processSelectedKeys(NioEventLoop.java:496)
	at org.apache.ratis.thirdparty.io.netty.channel.nio.NioEventLoop.run(NioEventLoop.java:458)
	at org.apache.ratis.thirdparty.io.netty.util.concurrent.SingleThreadEventExecutor$5.run(SingleThreadEventExecutor.java:897)
	at org.apache.ratis.thirdparty.io.netty.util.concurrent.FastThreadLocalRunnable.run(FastThreadLocalRunnable.java:30)
	... 1 more
Caused by: java.net.ConnectException: Connection refused
	... 11 more
2019-10-20 13:11:16,308 [7660b851-9671-46a6-9e1d-7d946f95d492@group-42C3DBE2B33D-LeaderElection3432] INFO  impl.RaftServerImpl (RaftServerImpl.java:setRole(184)) - 7660b851-9671-46a6-9e1d-7d946f95d492@group-42C3DBE2B33D: changes role from CANDIDATE to FOLLOWER at term 154 for DISCOVERED_A_NEW_TERM
2019-10-20 13:11:16,308 [7660b851-9671-46a6-9e1d-7d946f95d492@group-42C3DBE2B33D-LeaderElection3432] INFO  impl.RoleInfo (RoleInfo.java:shutdownLeaderElection(134)) - 7660b851-9671-46a6-9e1d-7d946f95d492: shutdown LeaderElection
2019-10-20 13:11:16,308 [7660b851-9671-46a6-9e1d-7d946f95d492@group-42C3DBE2B33D-LeaderElection3432] INFO  impl.RoleInfo (RoleInfo.java:updateAndGet(143)) - 7660b851-9671-46a6-9e1d-7d946f95d492: start FollowerState
2019-10-20 13:11:16,328 [Thread-25632] INFO  impl.FollowerState (FollowerState.java:run(108)) - 7660b851-9671-46a6-9e1d-7d946f95d492@group-42C3DBE2B33D-FollowerState: change to CANDIDATE, lastRpcTime:20ms, electionTimeout:20ms
2019-10-20 13:11:16,329 [Thread-25632] INFO  impl.RoleInfo (RoleInfo.java:shutdownFollowerState(121)) - 7660b851-9671-46a6-9e1d-7d946f95d492: shutdown FollowerState
2019-10-20 13:11:16,329 [Thread-25632] INFO  impl.RaftServerImpl (RaftServerImpl.java:setRole(184)) - 7660b851-9671-46a6-9e1d-7d946f95d492@group-42C3DBE2B33D: changes role from  FOLLOWER to CANDIDATE at term 154 for changeToCandidate
2019-10-20 13:11:16,329 [Thread-25632] INFO  impl.RoleInfo (RoleInfo.java:updateAndGet(143)) - 7660b851-9671-46a6-9e1d-7d946f95d492: start LeaderElection
2019-10-20 13:11:16,341 [7660b851-9671-46a6-9e1d-7d946f95d492@group-42C3DBE2B33D-LeaderElection3433] INFO  impl.LeaderElection (LeaderElection.java:askForVotes(178)) - 7660b851-9671-46a6-9e1d-7d946f95d492@group-42C3DBE2B33D-LeaderElection3433: begin an election at term 155 for -1: [fdf19479-69c2-4639-b68c-6adde78ca28a:192.168.157.204:42858, 1ac0a8d4-e534-43ce-83b1-426d47a3040d:192.168.157.204:32953, 7660b851-9671-46a6-9e1d-7d946f95d492:192.168.157.204:41682], old=null
2019-10-20 13:11:16,342 [7660b851-9671-46a6-9e1d-7d946f95d492@group-42C3DBE2B33D-LeaderElection3433] INFO  impl.LeaderElection (LogUtils.java:infoOrTrace(149)) - 7660b851-9671-46a6-9e1d-7d946f95d492@group-42C3DBE2B33D-LeaderElection3433 got exception when requesting votes: {}
java.util.concurrent.ExecutionException: org.apache.ratis.thirdparty.io.grpc.StatusRuntimeException: UNAVAILABLE: io exception
	at java.util.concurrent.FutureTask.report(FutureTask.java:122)
	at java.util.concurrent.FutureTask.get(FutureTask.java:192)
	at org.apache.ratis.server.impl.LeaderElection.waitForResults(LeaderElection.java:259)
	at org.apache.ratis.server.impl.LeaderElection.askForVotes(LeaderElection.java:197)
	at org.apache.ratis.server.impl.LeaderElection.run(LeaderElection.java:133)
	at java.lang.Thread.run(Thread.java:748)
Caused by: org.apache.ratis.thirdparty.io.grpc.StatusRuntimeException: UNAVAILABLE: io exception
	at org.apache.ratis.thirdparty.io.grpc.stub.ClientCalls.toStatusRuntimeException(ClientCalls.java:233)
	at org.apache.ratis.thirdparty.io.grpc.stub.ClientCalls.getUnchecked(ClientCalls.java:214)
	at org.apache.ratis.thirdparty.io.grpc.stub.ClientCalls.blockingUnaryCall(ClientCalls.java:139)
	at org.apache.ratis.proto.grpc.RaftServerProtocolServiceGrpc$RaftServerProtocolServiceBlockingStub.requestVote(RaftServerProtocolServiceGrpc.java:265)
	at org.apache.ratis.grpc.server.GrpcServerProtocolClient.requestVote(GrpcServerProtocolClient.java:99)
	at org.apache.ratis.grpc.server.GrpcService.requestVote(GrpcService.java:204)
	at org.apache.ratis.server.impl.LeaderElection.lambda$submitRequests$1(LeaderElection.java:234)
	at java.util.concurrent.FutureTask.run(FutureTask.java:266)
	at java.util.concurrent.Executors$RunnableAdapter.call(Executors.java:511)
	at java.util.concurrent.FutureTask.run(FutureTask.java:266)
	at java.util.concurrent.ThreadPoolExecutor.runWorker(ThreadPoolExecutor.java:1149)
	at java.util.concurrent.ThreadPoolExecutor$Worker.run(ThreadPoolExecutor.java:624)
	... 1 more
Caused by: org.apache.ratis.thirdparty.io.netty.channel.AbstractChannel$AnnotatedConnectException: Connection refused: /192.168.157.204:42858
	at sun.nio.ch.SocketChannelImpl.checkConnect(Native Method)
	at sun.nio.ch.SocketChannelImpl.finishConnect(SocketChannelImpl.java:717)
	at org.apache.ratis.thirdparty.io.netty.channel.socket.nio.NioSocketChannel.doFinishConnect(NioSocketChannel.java:327)
	at org.apache.ratis.thirdparty.io.netty.channel.nio.AbstractNioChannel$AbstractNioUnsafe.finishConnect(AbstractNioChannel.java:340)
	at org.apache.ratis.thirdparty.io.netty.channel.nio.NioEventLoop.processSelectedKey(NioEventLoop.java:632)
	at org.apache.ratis.thirdparty.io.netty.channel.nio.NioEventLoop.processSelectedKeysOptimized(NioEventLoop.java:579)
	at org.apache.ratis.thirdparty.io.netty.channel.nio.NioEventLoop.processSelectedKeys(NioEventLoop.java:496)
	at org.apache.ratis.thirdparty.io.netty.channel.nio.NioEventLoop.run(NioEventLoop.java:458)
	at org.apache.ratis.thirdparty.io.netty.util.concurrent.SingleThreadEventExecutor$5.run(SingleThreadEventExecutor.java:897)
	at org.apache.ratis.thirdparty.io.netty.util.concurrent.FastThreadLocalRunnable.run(FastThreadLocalRunnable.java:30)
	... 1 more
Caused by: java.net.ConnectException: Connection refused
	... 11 more
2019-10-20 13:11:16,342 [grpc-default-executor-10] INFO  impl.RaftServerImpl (RaftServerImpl.java:setRole(184)) - 1ac0a8d4-e534-43ce-83b1-426d47a3040d@group-42C3DBE2B33D: changes role from  FOLLOWER to FOLLOWER at term 155 for recognizeCandidate:7660b851-9671-46a6-9e1d-7d946f95d492
2019-10-20 13:11:16,342 [grpc-default-executor-10] INFO  impl.RoleInfo (RoleInfo.java:shutdownFollowerState(121)) - 1ac0a8d4-e534-43ce-83b1-426d47a3040d: shutdown FollowerState
2019-10-20 13:11:16,342 [grpc-default-executor-10] INFO  impl.RoleInfo (RoleInfo.java:updateAndGet(143)) - 1ac0a8d4-e534-43ce-83b1-426d47a3040d: start FollowerState
2019-10-20 13:11:16,342 [Thread-25631] INFO  impl.FollowerState (FollowerState.java:run(117)) - 1ac0a8d4-e534-43ce-83b1-426d47a3040d@group-42C3DBE2B33D-FollowerState was interrupted: java.lang.InterruptedException: sleep interrupted
2019-10-20 13:11:16,355 [7660b851-9671-46a6-9e1d-7d946f95d492@group-42C3DBE2B33D-LeaderElection3433] INFO  impl.LeaderElection (LeaderElection.java:logAndReturn(56)) - 7660b851-9671-46a6-9e1d-7d946f95d492@group-42C3DBE2B33D-LeaderElection3433: Election REJECTED; received 1 response(s) [7660b851-9671-46a6-9e1d-7d946f95d492<-1ac0a8d4-e534-43ce-83b1-426d47a3040d#0:FAIL-t155] and 1 exception(s); 7660b851-9671-46a6-9e1d-7d946f95d492@group-42C3DBE2B33D:t155, leader=null, voted=7660b851-9671-46a6-9e1d-7d946f95d492, raftlog=7660b851-9671-46a6-9e1d-7d946f95d492@group-42C3DBE2B33D-SegmentedRaftLog:OPENED:c-1,f-1,i0, conf=-1: [fdf19479-69c2-4639-b68c-6adde78ca28a:192.168.157.204:42858, 1ac0a8d4-e534-43ce-83b1-426d47a3040d:192.168.157.204:32953, 7660b851-9671-46a6-9e1d-7d946f95d492:192.168.157.204:41682], old=null
2019-10-20 13:11:16,356 [7660b851-9671-46a6-9e1d-7d946f95d492@group-42C3DBE2B33D-LeaderElection3433] INFO  impl.LeaderElection (LogUtils.java:infoOrTrace(149)) -   Exception 0: {}
java.util.concurrent.ExecutionException: org.apache.ratis.thirdparty.io.grpc.StatusRuntimeException: UNAVAILABLE: io exception
	at java.util.concurrent.FutureTask.report(FutureTask.java:122)
	at java.util.concurrent.FutureTask.get(FutureTask.java:192)
	at org.apache.ratis.server.impl.LeaderElection.waitForResults(LeaderElection.java:259)
	at org.apache.ratis.server.impl.LeaderElection.askForVotes(LeaderElection.java:197)
	at org.apache.ratis.server.impl.LeaderElection.run(LeaderElection.java:133)
	at java.lang.Thread.run(Thread.java:748)
Caused by: org.apache.ratis.thirdparty.io.grpc.StatusRuntimeException: UNAVAILABLE: io exception
	at org.apache.ratis.thirdparty.io.grpc.stub.ClientCalls.toStatusRuntimeException(ClientCalls.java:233)
	at org.apache.ratis.thirdparty.io.grpc.stub.ClientCalls.getUnchecked(ClientCalls.java:214)
	at org.apache.ratis.thirdparty.io.grpc.stub.ClientCalls.blockingUnaryCall(ClientCalls.java:139)
	at org.apache.ratis.proto.grpc.RaftServerProtocolServiceGrpc$RaftServerProtocolServiceBlockingStub.requestVote(RaftServerProtocolServiceGrpc.java:265)
	at org.apache.ratis.grpc.server.GrpcServerProtocolClient.requestVote(GrpcServerProtocolClient.java:99)
	at org.apache.ratis.grpc.server.GrpcService.requestVote(GrpcService.java:204)
	at org.apache.ratis.server.impl.LeaderElection.lambda$submitRequests$1(LeaderElection.java:234)
	at java.util.concurrent.FutureTask.run(FutureTask.java:266)
	at java.util.concurrent.Executors$RunnableAdapter.call(Executors.java:511)
	at java.util.concurrent.FutureTask.run(FutureTask.java:266)
	at java.util.concurrent.ThreadPoolExecutor.runWorker(ThreadPoolExecutor.java:1149)
	at java.util.concurrent.ThreadPoolExecutor$Worker.run(ThreadPoolExecutor.java:624)
	... 1 more
Caused by: org.apache.ratis.thirdparty.io.netty.channel.AbstractChannel$AnnotatedConnectException: Connection refused: /192.168.157.204:42858
	at sun.nio.ch.SocketChannelImpl.checkConnect(Native Method)
	at sun.nio.ch.SocketChannelImpl.finishConnect(SocketChannelImpl.java:717)
	at org.apache.ratis.thirdparty.io.netty.channel.socket.nio.NioSocketChannel.doFinishConnect(NioSocketChannel.java:327)
	at org.apache.ratis.thirdparty.io.netty.channel.nio.AbstractNioChannel$AbstractNioUnsafe.finishConnect(AbstractNioChannel.java:340)
	at org.apache.ratis.thirdparty.io.netty.channel.nio.NioEventLoop.processSelectedKey(NioEventLoop.java:632)
	at org.apache.ratis.thirdparty.io.netty.channel.nio.NioEventLoop.processSelectedKeysOptimized(NioEventLoop.java:579)
	at org.apache.ratis.thirdparty.io.netty.channel.nio.NioEventLoop.processSelectedKeys(NioEventLoop.java:496)
	at org.apache.ratis.thirdparty.io.netty.channel.nio.NioEventLoop.run(NioEventLoop.java:458)
	at org.apache.ratis.thirdparty.io.netty.util.concurrent.SingleThreadEventExecutor$5.run(SingleThreadEventExecutor.java:897)
	at org.apache.ratis.thirdparty.io.netty.util.concurrent.FastThreadLocalRunnable.run(FastThreadLocalRunnable.java:30)
	... 1 more
Caused by: java.net.ConnectException: Connection refused
	... 11 more
2019-10-20 13:11:16,356 [7660b851-9671-46a6-9e1d-7d946f95d492@group-42C3DBE2B33D-LeaderElection3433] INFO  impl.RaftServerImpl (RaftServerImpl.java:setRole(184)) - 7660b851-9671-46a6-9e1d-7d946f95d492@group-42C3DBE2B33D: changes role from CANDIDATE to FOLLOWER at term 155 for DISCOVERED_A_NEW_TERM
2019-10-20 13:11:16,356 [7660b851-9671-46a6-9e1d-7d946f95d492@group-42C3DBE2B33D-LeaderElection3433] INFO  impl.RoleInfo (RoleInfo.java:shutdownLeaderElection(134)) - 7660b851-9671-46a6-9e1d-7d946f95d492: shutdown LeaderElection
2019-10-20 13:11:16,356 [7660b851-9671-46a6-9e1d-7d946f95d492@group-42C3DBE2B33D-LeaderElection3433] INFO  impl.RoleInfo (RoleInfo.java:updateAndGet(143)) - 7660b851-9671-46a6-9e1d-7d946f95d492: start FollowerState
2019-10-20 13:11:16,516 [Thread-25637] INFO  impl.FollowerState (FollowerState.java:run(108)) - 7660b851-9671-46a6-9e1d-7d946f95d492@group-42C3DBE2B33D-FollowerState: change to CANDIDATE, lastRpcTime:160ms, electionTimeout:160ms
2019-10-20 13:11:16,516 [Thread-25637] INFO  impl.RoleInfo (RoleInfo.java:shutdownFollowerState(121)) - 7660b851-9671-46a6-9e1d-7d946f95d492: shutdown FollowerState
2019-10-20 13:11:16,517 [Thread-25637] INFO  impl.RaftServerImpl (RaftServerImpl.java:setRole(184)) - 7660b851-9671-46a6-9e1d-7d946f95d492@group-42C3DBE2B33D: changes role from  FOLLOWER to CANDIDATE at term 155 for changeToCandidate
2019-10-20 13:11:16,517 [Thread-25637] INFO  impl.RoleInfo (RoleInfo.java:updateAndGet(143)) - 7660b851-9671-46a6-9e1d-7d946f95d492: start LeaderElection
2019-10-20 13:11:16,531 [7660b851-9671-46a6-9e1d-7d946f95d492@group-42C3DBE2B33D-LeaderElection3434] INFO  impl.LeaderElection (LeaderElection.java:askForVotes(178)) - 7660b851-9671-46a6-9e1d-7d946f95d492@group-42C3DBE2B33D-LeaderElection3434: begin an election at term 156 for -1: [fdf19479-69c2-4639-b68c-6adde78ca28a:192.168.157.204:42858, 1ac0a8d4-e534-43ce-83b1-426d47a3040d:192.168.157.204:32953, 7660b851-9671-46a6-9e1d-7d946f95d492:192.168.157.204:41682], old=null
2019-10-20 13:11:16,531 [7660b851-9671-46a6-9e1d-7d946f95d492@group-42C3DBE2B33D-LeaderElection3434] INFO  impl.LeaderElection (LogUtils.java:infoOrTrace(149)) - 7660b851-9671-46a6-9e1d-7d946f95d492@group-42C3DBE2B33D-LeaderElection3434 got exception when requesting votes: {}
java.util.concurrent.ExecutionException: org.apache.ratis.thirdparty.io.grpc.StatusRuntimeException: UNAVAILABLE: io exception
	at java.util.concurrent.FutureTask.report(FutureTask.java:122)
	at java.util.concurrent.FutureTask.get(FutureTask.java:192)
	at org.apache.ratis.server.impl.LeaderElection.waitForResults(LeaderElection.java:259)
	at org.apache.ratis.server.impl.LeaderElection.askForVotes(LeaderElection.java:197)
	at org.apache.ratis.server.impl.LeaderElection.run(LeaderElection.java:133)
	at java.lang.Thread.run(Thread.java:748)
Caused by: org.apache.ratis.thirdparty.io.grpc.StatusRuntimeException: UNAVAILABLE: io exception
	at org.apache.ratis.thirdparty.io.grpc.stub.ClientCalls.toStatusRuntimeException(ClientCalls.java:233)
	at org.apache.ratis.thirdparty.io.grpc.stub.ClientCalls.getUnchecked(ClientCalls.java:214)
	at org.apache.ratis.thirdparty.io.grpc.stub.ClientCalls.blockingUnaryCall(ClientCalls.java:139)
	at org.apache.ratis.proto.grpc.RaftServerProtocolServiceGrpc$RaftServerProtocolServiceBlockingStub.requestVote(RaftServerProtocolServiceGrpc.java:265)
	at org.apache.ratis.grpc.server.GrpcServerProtocolClient.requestVote(GrpcServerProtocolClient.java:99)
	at org.apache.ratis.grpc.server.GrpcService.requestVote(GrpcService.java:204)
	at org.apache.ratis.server.impl.LeaderElection.lambda$submitRequests$1(LeaderElection.java:234)
	at java.util.concurrent.FutureTask.run(FutureTask.java:266)
	at java.util.concurrent.Executors$RunnableAdapter.call(Executors.java:511)
	at java.util.concurrent.FutureTask.run(FutureTask.java:266)
	at java.util.concurrent.ThreadPoolExecutor.runWorker(ThreadPoolExecutor.java:1149)
	at java.util.concurrent.ThreadPoolExecutor$Worker.run(ThreadPoolExecutor.java:624)
	... 1 more
Caused by: org.apache.ratis.thirdparty.io.netty.channel.AbstractChannel$AnnotatedConnectException: Connection refused: /192.168.157.204:42858
	at sun.nio.ch.SocketChannelImpl.checkConnect(Native Method)
	at sun.nio.ch.SocketChannelImpl.finishConnect(SocketChannelImpl.java:717)
	at org.apache.ratis.thirdparty.io.netty.channel.socket.nio.NioSocketChannel.doFinishConnect(NioSocketChannel.java:327)
	at org.apache.ratis.thirdparty.io.netty.channel.nio.AbstractNioChannel$AbstractNioUnsafe.finishConnect(AbstractNioChannel.java:340)
	at org.apache.ratis.thirdparty.io.netty.channel.nio.NioEventLoop.processSelectedKey(NioEventLoop.java:632)
	at org.apache.ratis.thirdparty.io.netty.channel.nio.NioEventLoop.processSelectedKeysOptimized(NioEventLoop.java:579)
	at org.apache.ratis.thirdparty.io.netty.channel.nio.NioEventLoop.processSelectedKeys(NioEventLoop.java:496)
	at org.apache.ratis.thirdparty.io.netty.channel.nio.NioEventLoop.run(NioEventLoop.java:458)
	at org.apache.ratis.thirdparty.io.netty.util.concurrent.SingleThreadEventExecutor$5.run(SingleThreadEventExecutor.java:897)
	at org.apache.ratis.thirdparty.io.netty.util.concurrent.FastThreadLocalRunnable.run(FastThreadLocalRunnable.java:30)
	... 1 more
Caused by: java.net.ConnectException: Connection refused
	... 11 more
2019-10-20 13:11:16,532 [grpc-default-executor-10] INFO  impl.RaftServerImpl (RaftServerImpl.java:setRole(184)) - 1ac0a8d4-e534-43ce-83b1-426d47a3040d@group-42C3DBE2B33D: changes role from  FOLLOWER to FOLLOWER at term 156 for recognizeCandidate:7660b851-9671-46a6-9e1d-7d946f95d492
2019-10-20 13:11:16,532 [grpc-default-executor-10] INFO  impl.RoleInfo (RoleInfo.java:shutdownFollowerState(121)) - 1ac0a8d4-e534-43ce-83b1-426d47a3040d: shutdown FollowerState
2019-10-20 13:11:16,532 [grpc-default-executor-10] INFO  impl.RoleInfo (RoleInfo.java:updateAndGet(143)) - 1ac0a8d4-e534-43ce-83b1-426d47a3040d: start FollowerState
2019-10-20 13:11:16,532 [Thread-25636] INFO  impl.FollowerState (FollowerState.java:run(117)) - 1ac0a8d4-e534-43ce-83b1-426d47a3040d@group-42C3DBE2B33D-FollowerState was interrupted: java.lang.InterruptedException: sleep interrupted
2019-10-20 13:11:16,546 [7660b851-9671-46a6-9e1d-7d946f95d492@group-42C3DBE2B33D-LeaderElection3434] INFO  impl.LeaderElection (LeaderElection.java:logAndReturn(56)) - 7660b851-9671-46a6-9e1d-7d946f95d492@group-42C3DBE2B33D-LeaderElection3434: Election REJECTED; received 1 response(s) [7660b851-9671-46a6-9e1d-7d946f95d492<-1ac0a8d4-e534-43ce-83b1-426d47a3040d#0:FAIL-t156] and 1 exception(s); 7660b851-9671-46a6-9e1d-7d946f95d492@group-42C3DBE2B33D:t156, leader=null, voted=7660b851-9671-46a6-9e1d-7d946f95d492, raftlog=7660b851-9671-46a6-9e1d-7d946f95d492@group-42C3DBE2B33D-SegmentedRaftLog:OPENED:c-1,f-1,i0, conf=-1: [fdf19479-69c2-4639-b68c-6adde78ca28a:192.168.157.204:42858, 1ac0a8d4-e534-43ce-83b1-426d47a3040d:192.168.157.204:32953, 7660b851-9671-46a6-9e1d-7d946f95d492:192.168.157.204:41682], old=null
2019-10-20 13:11:16,546 [7660b851-9671-46a6-9e1d-7d946f95d492@group-42C3DBE2B33D-LeaderElection3434] INFO  impl.LeaderElection (LogUtils.java:infoOrTrace(149)) -   Exception 0: {}
java.util.concurrent.ExecutionException: org.apache.ratis.thirdparty.io.grpc.StatusRuntimeException: UNAVAILABLE: io exception
	at java.util.concurrent.FutureTask.report(FutureTask.java:122)
	at java.util.concurrent.FutureTask.get(FutureTask.java:192)
	at org.apache.ratis.server.impl.LeaderElection.waitForResults(LeaderElection.java:259)
	at org.apache.ratis.server.impl.LeaderElection.askForVotes(LeaderElection.java:197)
	at org.apache.ratis.server.impl.LeaderElection.run(LeaderElection.java:133)
	at java.lang.Thread.run(Thread.java:748)
Caused by: org.apache.ratis.thirdparty.io.grpc.StatusRuntimeException: UNAVAILABLE: io exception
	at org.apache.ratis.thirdparty.io.grpc.stub.ClientCalls.toStatusRuntimeException(ClientCalls.java:233)
	at org.apache.ratis.thirdparty.io.grpc.stub.ClientCalls.getUnchecked(ClientCalls.java:214)
	at org.apache.ratis.thirdparty.io.grpc.stub.ClientCalls.blockingUnaryCall(ClientCalls.java:139)
	at org.apache.ratis.proto.grpc.RaftServerProtocolServiceGrpc$RaftServerProtocolServiceBlockingStub.requestVote(RaftServerProtocolServiceGrpc.java:265)
	at org.apache.ratis.grpc.server.GrpcServerProtocolClient.requestVote(GrpcServerProtocolClient.java:99)
	at org.apache.ratis.grpc.server.GrpcService.requestVote(GrpcService.java:204)
	at org.apache.ratis.server.impl.LeaderElection.lambda$submitRequests$1(LeaderElection.java:234)
	at java.util.concurrent.FutureTask.run(FutureTask.java:266)
	at java.util.concurrent.Executors$RunnableAdapter.call(Executors.java:511)
	at java.util.concurrent.FutureTask.run(FutureTask.java:266)
	at java.util.concurrent.ThreadPoolExecutor.runWorker(ThreadPoolExecutor.java:1149)
	at java.util.concurrent.ThreadPoolExecutor$Worker.run(ThreadPoolExecutor.java:624)
	... 1 more
Caused by: org.apache.ratis.thirdparty.io.netty.channel.AbstractChannel$AnnotatedConnectException: Connection refused: /192.168.157.204:42858
	at sun.nio.ch.SocketChannelImpl.checkConnect(Native Method)
	at sun.nio.ch.SocketChannelImpl.finishConnect(SocketChannelImpl.java:717)
	at org.apache.ratis.thirdparty.io.netty.channel.socket.nio.NioSocketChannel.doFinishConnect(NioSocketChannel.java:327)
	at org.apache.ratis.thirdparty.io.netty.channel.nio.AbstractNioChannel$AbstractNioUnsafe.finishConnect(AbstractNioChannel.java:340)
	at org.apache.ratis.thirdparty.io.netty.channel.nio.NioEventLoop.processSelectedKey(NioEventLoop.java:632)
	at org.apache.ratis.thirdparty.io.netty.channel.nio.NioEventLoop.processSelectedKeysOptimized(NioEventLoop.java:579)
	at org.apache.ratis.thirdparty.io.netty.channel.nio.NioEventLoop.processSelectedKeys(NioEventLoop.java:496)
	at org.apache.ratis.thirdparty.io.netty.channel.nio.NioEventLoop.run(NioEventLoop.java:458)
	at org.apache.ratis.thirdparty.io.netty.util.concurrent.SingleThreadEventExecutor$5.run(SingleThreadEventExecutor.java:897)
	at org.apache.ratis.thirdparty.io.netty.util.concurrent.FastThreadLocalRunnable.run(FastThreadLocalRunnable.java:30)
	... 1 more
Caused by: java.net.ConnectException: Connection refused
	... 11 more
2019-10-20 13:11:16,546 [7660b851-9671-46a6-9e1d-7d946f95d492@group-42C3DBE2B33D-LeaderElection3434] INFO  impl.RaftServerImpl (RaftServerImpl.java:setRole(184)) - 7660b851-9671-46a6-9e1d-7d946f95d492@group-42C3DBE2B33D: changes role from CANDIDATE to FOLLOWER at term 156 for DISCOVERED_A_NEW_TERM
2019-10-20 13:11:16,547 [7660b851-9671-46a6-9e1d-7d946f95d492@group-42C3DBE2B33D-LeaderElection3434] INFO  impl.RoleInfo (RoleInfo.java:shutdownLeaderElection(134)) - 7660b851-9671-46a6-9e1d-7d946f95d492: shutdown LeaderElection
2019-10-20 13:11:16,547 [7660b851-9671-46a6-9e1d-7d946f95d492@group-42C3DBE2B33D-LeaderElection3434] INFO  impl.RoleInfo (RoleInfo.java:updateAndGet(143)) - 7660b851-9671-46a6-9e1d-7d946f95d492: start FollowerState
2019-10-20 13:11:16,646 [Thread-25642] INFO  impl.FollowerState (FollowerState.java:run(108)) - 7660b851-9671-46a6-9e1d-7d946f95d492@group-42C3DBE2B33D-FollowerState: change to CANDIDATE, lastRpcTime:99ms, electionTimeout:99ms
2019-10-20 13:11:16,646 [Thread-25642] INFO  impl.RoleInfo (RoleInfo.java:shutdownFollowerState(121)) - 7660b851-9671-46a6-9e1d-7d946f95d492: shutdown FollowerState
2019-10-20 13:11:16,646 [Thread-25642] INFO  impl.RaftServerImpl (RaftServerImpl.java:setRole(184)) - 7660b851-9671-46a6-9e1d-7d946f95d492@group-42C3DBE2B33D: changes role from  FOLLOWER to CANDIDATE at term 156 for changeToCandidate
2019-10-20 13:11:16,646 [Thread-25642] INFO  impl.RoleInfo (RoleInfo.java:updateAndGet(143)) - 7660b851-9671-46a6-9e1d-7d946f95d492: start LeaderElection
2019-10-20 13:11:16,659 [7660b851-9671-46a6-9e1d-7d946f95d492@group-42C3DBE2B33D-LeaderElection3435] INFO  impl.LeaderElection (LeaderElection.java:askForVotes(178)) - 7660b851-9671-46a6-9e1d-7d946f95d492@group-42C3DBE2B33D-LeaderElection3435: begin an election at term 157 for -1: [fdf19479-69c2-4639-b68c-6adde78ca28a:192.168.157.204:42858, 1ac0a8d4-e534-43ce-83b1-426d47a3040d:192.168.157.204:32953, 7660b851-9671-46a6-9e1d-7d946f95d492:192.168.157.204:41682], old=null
2019-10-20 13:11:16,659 [7660b851-9671-46a6-9e1d-7d946f95d492@group-42C3DBE2B33D-LeaderElection3435] INFO  impl.LeaderElection (LogUtils.java:infoOrTrace(149)) - 7660b851-9671-46a6-9e1d-7d946f95d492@group-42C3DBE2B33D-LeaderElection3435 got exception when requesting votes: {}
java.util.concurrent.ExecutionException: org.apache.ratis.thirdparty.io.grpc.StatusRuntimeException: UNAVAILABLE: io exception
	at java.util.concurrent.FutureTask.report(FutureTask.java:122)
	at java.util.concurrent.FutureTask.get(FutureTask.java:192)
	at org.apache.ratis.server.impl.LeaderElection.waitForResults(LeaderElection.java:259)
	at org.apache.ratis.server.impl.LeaderElection.askForVotes(LeaderElection.java:197)
	at org.apache.ratis.server.impl.LeaderElection.run(LeaderElection.java:133)
	at java.lang.Thread.run(Thread.java:748)
Caused by: org.apache.ratis.thirdparty.io.grpc.StatusRuntimeException: UNAVAILABLE: io exception
	at org.apache.ratis.thirdparty.io.grpc.stub.ClientCalls.toStatusRuntimeException(ClientCalls.java:233)
	at org.apache.ratis.thirdparty.io.grpc.stub.ClientCalls.getUnchecked(ClientCalls.java:214)
	at org.apache.ratis.thirdparty.io.grpc.stub.ClientCalls.blockingUnaryCall(ClientCalls.java:139)
	at org.apache.ratis.proto.grpc.RaftServerProtocolServiceGrpc$RaftServerProtocolServiceBlockingStub.requestVote(RaftServerProtocolServiceGrpc.java:265)
	at org.apache.ratis.grpc.server.GrpcServerProtocolClient.requestVote(GrpcServerProtocolClient.java:99)
	at org.apache.ratis.grpc.server.GrpcService.requestVote(GrpcService.java:204)
	at org.apache.ratis.server.impl.LeaderElection.lambda$submitRequests$1(LeaderElection.java:234)
	at java.util.concurrent.FutureTask.run(FutureTask.java:266)
	at java.util.concurrent.Executors$RunnableAdapter.call(Executors.java:511)
	at java.util.concurrent.FutureTask.run(FutureTask.java:266)
	at java.util.concurrent.ThreadPoolExecutor.runWorker(ThreadPoolExecutor.java:1149)
	at java.util.concurrent.ThreadPoolExecutor$Worker.run(ThreadPoolExecutor.java:624)
	... 1 more
Caused by: org.apache.ratis.thirdparty.io.netty.channel.AbstractChannel$AnnotatedConnectException: Connection refused: /192.168.157.204:42858
	at sun.nio.ch.SocketChannelImpl.checkConnect(Native Method)
	at sun.nio.ch.SocketChannelImpl.finishConnect(SocketChannelImpl.java:717)
	at org.apache.ratis.thirdparty.io.netty.channel.socket.nio.NioSocketChannel.doFinishConnect(NioSocketChannel.java:327)
	at org.apache.ratis.thirdparty.io.netty.channel.nio.AbstractNioChannel$AbstractNioUnsafe.finishConnect(AbstractNioChannel.java:340)
	at org.apache.ratis.thirdparty.io.netty.channel.nio.NioEventLoop.processSelectedKey(NioEventLoop.java:632)
	at org.apache.ratis.thirdparty.io.netty.channel.nio.NioEventLoop.processSelectedKeysOptimized(NioEventLoop.java:579)
	at org.apache.ratis.thirdparty.io.netty.channel.nio.NioEventLoop.processSelectedKeys(NioEventLoop.java:496)
	at org.apache.ratis.thirdparty.io.netty.channel.nio.NioEventLoop.run(NioEventLoop.java:458)
	at org.apache.ratis.thirdparty.io.netty.util.concurrent.SingleThreadEventExecutor$5.run(SingleThreadEventExecutor.java:897)
	at org.apache.ratis.thirdparty.io.netty.util.concurrent.FastThreadLocalRunnable.run(FastThreadLocalRunnable.java:30)
	... 1 more
Caused by: java.net.ConnectException: Connection refused
	... 11 more
2019-10-20 13:11:16,660 [grpc-default-executor-2] INFO  impl.RaftServerImpl (RaftServerImpl.java:setRole(184)) - 1ac0a8d4-e534-43ce-83b1-426d47a3040d@group-42C3DBE2B33D: changes role from  FOLLOWER to FOLLOWER at term 157 for recognizeCandidate:7660b851-9671-46a6-9e1d-7d946f95d492
2019-10-20 13:11:16,660 [grpc-default-executor-2] INFO  impl.RoleInfo (RoleInfo.java:shutdownFollowerState(121)) - 1ac0a8d4-e534-43ce-83b1-426d47a3040d: shutdown FollowerState
2019-10-20 13:11:16,660 [grpc-default-executor-2] INFO  impl.RoleInfo (RoleInfo.java:updateAndGet(143)) - 1ac0a8d4-e534-43ce-83b1-426d47a3040d: start FollowerState
2019-10-20 13:11:16,660 [Thread-25641] INFO  impl.FollowerState (FollowerState.java:run(117)) - 1ac0a8d4-e534-43ce-83b1-426d47a3040d@group-42C3DBE2B33D-FollowerState was interrupted: java.lang.InterruptedException: sleep interrupted
2019-10-20 13:11:16,674 [7660b851-9671-46a6-9e1d-7d946f95d492@group-42C3DBE2B33D-LeaderElection3435] INFO  impl.LeaderElection (LeaderElection.java:logAndReturn(56)) - 7660b851-9671-46a6-9e1d-7d946f95d492@group-42C3DBE2B33D-LeaderElection3435: Election REJECTED; received 1 response(s) [7660b851-9671-46a6-9e1d-7d946f95d492<-1ac0a8d4-e534-43ce-83b1-426d47a3040d#0:FAIL-t157] and 1 exception(s); 7660b851-9671-46a6-9e1d-7d946f95d492@group-42C3DBE2B33D:t157, leader=null, voted=7660b851-9671-46a6-9e1d-7d946f95d492, raftlog=7660b851-9671-46a6-9e1d-7d946f95d492@group-42C3DBE2B33D-SegmentedRaftLog:OPENED:c-1,f-1,i0, conf=-1: [fdf19479-69c2-4639-b68c-6adde78ca28a:192.168.157.204:42858, 1ac0a8d4-e534-43ce-83b1-426d47a3040d:192.168.157.204:32953, 7660b851-9671-46a6-9e1d-7d946f95d492:192.168.157.204:41682], old=null
2019-10-20 13:11:16,674 [7660b851-9671-46a6-9e1d-7d946f95d492@group-42C3DBE2B33D-LeaderElection3435] INFO  impl.LeaderElection (LogUtils.java:infoOrTrace(149)) -   Exception 0: {}
java.util.concurrent.ExecutionException: org.apache.ratis.thirdparty.io.grpc.StatusRuntimeException: UNAVAILABLE: io exception
	at java.util.concurrent.FutureTask.report(FutureTask.java:122)
	at java.util.concurrent.FutureTask.get(FutureTask.java:192)
	at org.apache.ratis.server.impl.LeaderElection.waitForResults(LeaderElection.java:259)
	at org.apache.ratis.server.impl.LeaderElection.askForVotes(LeaderElection.java:197)
	at org.apache.ratis.server.impl.LeaderElection.run(LeaderElection.java:133)
	at java.lang.Thread.run(Thread.java:748)
Caused by: org.apache.ratis.thirdparty.io.grpc.StatusRuntimeException: UNAVAILABLE: io exception
	at org.apache.ratis.thirdparty.io.grpc.stub.ClientCalls.toStatusRuntimeException(ClientCalls.java:233)
	at org.apache.ratis.thirdparty.io.grpc.stub.ClientCalls.getUnchecked(ClientCalls.java:214)
	at org.apache.ratis.thirdparty.io.grpc.stub.ClientCalls.blockingUnaryCall(ClientCalls.java:139)
	at org.apache.ratis.proto.grpc.RaftServerProtocolServiceGrpc$RaftServerProtocolServiceBlockingStub.requestVote(RaftServerProtocolServiceGrpc.java:265)
	at org.apache.ratis.grpc.server.GrpcServerProtocolClient.requestVote(GrpcServerProtocolClient.java:99)
	at org.apache.ratis.grpc.server.GrpcService.requestVote(GrpcService.java:204)
	at org.apache.ratis.server.impl.LeaderElection.lambda$submitRequests$1(LeaderElection.java:234)
	at java.util.concurrent.FutureTask.run(FutureTask.java:266)
	at java.util.concurrent.Executors$RunnableAdapter.call(Executors.java:511)
	at java.util.concurrent.FutureTask.run(FutureTask.java:266)
	at java.util.concurrent.ThreadPoolExecutor.runWorker(ThreadPoolExecutor.java:1149)
	at java.util.concurrent.ThreadPoolExecutor$Worker.run(ThreadPoolExecutor.java:624)
	... 1 more
Caused by: org.apache.ratis.thirdparty.io.netty.channel.AbstractChannel$AnnotatedConnectException: Connection refused: /192.168.157.204:42858
	at sun.nio.ch.SocketChannelImpl.checkConnect(Native Method)
	at sun.nio.ch.SocketChannelImpl.finishConnect(SocketChannelImpl.java:717)
	at org.apache.ratis.thirdparty.io.netty.channel.socket.nio.NioSocketChannel.doFinishConnect(NioSocketChannel.java:327)
	at org.apache.ratis.thirdparty.io.netty.channel.nio.AbstractNioChannel$AbstractNioUnsafe.finishConnect(AbstractNioChannel.java:340)
	at org.apache.ratis.thirdparty.io.netty.channel.nio.NioEventLoop.processSelectedKey(NioEventLoop.java:632)
	at org.apache.ratis.thirdparty.io.netty.channel.nio.NioEventLoop.processSelectedKeysOptimized(NioEventLoop.java:579)
	at org.apache.ratis.thirdparty.io.netty.channel.nio.NioEventLoop.processSelectedKeys(NioEventLoop.java:496)
	at org.apache.ratis.thirdparty.io.netty.channel.nio.NioEventLoop.run(NioEventLoop.java:458)
	at org.apache.ratis.thirdparty.io.netty.util.concurrent.SingleThreadEventExecutor$5.run(SingleThreadEventExecutor.java:897)
	at org.apache.ratis.thirdparty.io.netty.util.concurrent.FastThreadLocalRunnable.run(FastThreadLocalRunnable.java:30)
	... 1 more
Caused by: java.net.ConnectException: Connection refused
	... 11 more
2019-10-20 13:11:16,674 [7660b851-9671-46a6-9e1d-7d946f95d492@group-42C3DBE2B33D-LeaderElection3435] INFO  impl.RaftServerImpl (RaftServerImpl.java:setRole(184)) - 7660b851-9671-46a6-9e1d-7d946f95d492@group-42C3DBE2B33D: changes role from CANDIDATE to FOLLOWER at term 157 for DISCOVERED_A_NEW_TERM
2019-10-20 13:11:16,674 [7660b851-9671-46a6-9e1d-7d946f95d492@group-42C3DBE2B33D-LeaderElection3435] INFO  impl.RoleInfo (RoleInfo.java:shutdownLeaderElection(134)) - 7660b851-9671-46a6-9e1d-7d946f95d492: shutdown LeaderElection
2019-10-20 13:11:16,674 [7660b851-9671-46a6-9e1d-7d946f95d492@group-42C3DBE2B33D-LeaderElection3435] INFO  impl.RoleInfo (RoleInfo.java:updateAndGet(143)) - 7660b851-9671-46a6-9e1d-7d946f95d492: start FollowerState
2019-10-20 13:11:16,779 [Thread-25651] INFO  impl.FollowerState (FollowerState.java:run(108)) - 7660b851-9671-46a6-9e1d-7d946f95d492@group-42C3DBE2B33D-FollowerState: change to CANDIDATE, lastRpcTime:104ms, electionTimeout:104ms
2019-10-20 13:11:16,779 [Thread-25651] INFO  impl.RoleInfo (RoleInfo.java:shutdownFollowerState(121)) - 7660b851-9671-46a6-9e1d-7d946f95d492: shutdown FollowerState
2019-10-20 13:11:16,779 [Thread-25651] INFO  impl.RaftServerImpl (RaftServerImpl.java:setRole(184)) - 7660b851-9671-46a6-9e1d-7d946f95d492@group-42C3DBE2B33D: changes role from  FOLLOWER to CANDIDATE at term 157 for changeToCandidate
2019-10-20 13:11:16,779 [Thread-25651] INFO  impl.RoleInfo (RoleInfo.java:updateAndGet(143)) - 7660b851-9671-46a6-9e1d-7d946f95d492: start LeaderElection
2019-10-20 13:11:16,792 [7660b851-9671-46a6-9e1d-7d946f95d492@group-42C3DBE2B33D-LeaderElection3436] INFO  impl.LeaderElection (LeaderElection.java:askForVotes(178)) - 7660b851-9671-46a6-9e1d-7d946f95d492@group-42C3DBE2B33D-LeaderElection3436: begin an election at term 158 for -1: [fdf19479-69c2-4639-b68c-6adde78ca28a:192.168.157.204:42858, 1ac0a8d4-e534-43ce-83b1-426d47a3040d:192.168.157.204:32953, 7660b851-9671-46a6-9e1d-7d946f95d492:192.168.157.204:41682], old=null
2019-10-20 13:11:16,793 [7660b851-9671-46a6-9e1d-7d946f95d492@group-42C3DBE2B33D-LeaderElection3436] INFO  impl.LeaderElection (LogUtils.java:infoOrTrace(149)) - 7660b851-9671-46a6-9e1d-7d946f95d492@group-42C3DBE2B33D-LeaderElection3436 got exception when requesting votes: {}
java.util.concurrent.ExecutionException: org.apache.ratis.thirdparty.io.grpc.StatusRuntimeException: UNAVAILABLE: io exception
	at java.util.concurrent.FutureTask.report(FutureTask.java:122)
	at java.util.concurrent.FutureTask.get(FutureTask.java:192)
	at org.apache.ratis.server.impl.LeaderElection.waitForResults(LeaderElection.java:259)
	at org.apache.ratis.server.impl.LeaderElection.askForVotes(LeaderElection.java:197)
	at org.apache.ratis.server.impl.LeaderElection.run(LeaderElection.java:133)
	at java.lang.Thread.run(Thread.java:748)
Caused by: org.apache.ratis.thirdparty.io.grpc.StatusRuntimeException: UNAVAILABLE: io exception
	at org.apache.ratis.thirdparty.io.grpc.stub.ClientCalls.toStatusRuntimeException(ClientCalls.java:233)
	at org.apache.ratis.thirdparty.io.grpc.stub.ClientCalls.getUnchecked(ClientCalls.java:214)
	at org.apache.ratis.thirdparty.io.grpc.stub.ClientCalls.blockingUnaryCall(ClientCalls.java:139)
	at org.apache.ratis.proto.grpc.RaftServerProtocolServiceGrpc$RaftServerProtocolServiceBlockingStub.requestVote(RaftServerProtocolServiceGrpc.java:265)
	at org.apache.ratis.grpc.server.GrpcServerProtocolClient.requestVote(GrpcServerProtocolClient.java:99)
	at org.apache.ratis.grpc.server.GrpcService.requestVote(GrpcService.java:204)
	at org.apache.ratis.server.impl.LeaderElection.lambda$submitRequests$1(LeaderElection.java:234)
	at java.util.concurrent.FutureTask.run(FutureTask.java:266)
	at java.util.concurrent.Executors$RunnableAdapter.call(Executors.java:511)
	at java.util.concurrent.FutureTask.run(FutureTask.java:266)
	at java.util.concurrent.ThreadPoolExecutor.runWorker(ThreadPoolExecutor.java:1149)
	at java.util.concurrent.ThreadPoolExecutor$Worker.run(ThreadPoolExecutor.java:624)
	... 1 more
Caused by: org.apache.ratis.thirdparty.io.netty.channel.AbstractChannel$AnnotatedConnectException: Connection refused: /192.168.157.204:42858
	at sun.nio.ch.SocketChannelImpl.checkConnect(Native Method)
	at sun.nio.ch.SocketChannelImpl.finishConnect(SocketChannelImpl.java:717)
	at org.apache.ratis.thirdparty.io.netty.channel.socket.nio.NioSocketChannel.doFinishConnect(NioSocketChannel.java:327)
	at org.apache.ratis.thirdparty.io.netty.channel.nio.AbstractNioChannel$AbstractNioUnsafe.finishConnect(AbstractNioChannel.java:340)
	at org.apache.ratis.thirdparty.io.netty.channel.nio.NioEventLoop.processSelectedKey(NioEventLoop.java:632)
	at org.apache.ratis.thirdparty.io.netty.channel.nio.NioEventLoop.processSelectedKeysOptimized(NioEventLoop.java:579)
	at org.apache.ratis.thirdparty.io.netty.channel.nio.NioEventLoop.processSelectedKeys(NioEventLoop.java:496)
	at org.apache.ratis.thirdparty.io.netty.channel.nio.NioEventLoop.run(NioEventLoop.java:458)
	at org.apache.ratis.thirdparty.io.netty.util.concurrent.SingleThreadEventExecutor$5.run(SingleThreadEventExecutor.java:897)
	at org.apache.ratis.thirdparty.io.netty.util.concurrent.FastThreadLocalRunnable.run(FastThreadLocalRunnable.java:30)
	... 1 more
Caused by: java.net.ConnectException: Connection refused
	... 11 more
2019-10-20 13:11:16,794 [grpc-default-executor-2] INFO  impl.RaftServerImpl (RaftServerImpl.java:setRole(184)) - 1ac0a8d4-e534-43ce-83b1-426d47a3040d@group-42C3DBE2B33D: changes role from  FOLLOWER to FOLLOWER at term 158 for recognizeCandidate:7660b851-9671-46a6-9e1d-7d946f95d492
2019-10-20 13:11:16,794 [grpc-default-executor-2] INFO  impl.RoleInfo (RoleInfo.java:shutdownFollowerState(121)) - 1ac0a8d4-e534-43ce-83b1-426d47a3040d: shutdown FollowerState
2019-10-20 13:11:16,794 [grpc-default-executor-2] INFO  impl.RoleInfo (RoleInfo.java:updateAndGet(143)) - 1ac0a8d4-e534-43ce-83b1-426d47a3040d: start FollowerState
2019-10-20 13:11:16,794 [Thread-25650] INFO  impl.FollowerState (FollowerState.java:run(117)) - 1ac0a8d4-e534-43ce-83b1-426d47a3040d@group-42C3DBE2B33D-FollowerState was interrupted: java.lang.InterruptedException: sleep interrupted
2019-10-20 13:11:16,809 [7660b851-9671-46a6-9e1d-7d946f95d492@group-42C3DBE2B33D-LeaderElection3436] INFO  impl.LeaderElection (LeaderElection.java:logAndReturn(56)) - 7660b851-9671-46a6-9e1d-7d946f95d492@group-42C3DBE2B33D-LeaderElection3436: Election REJECTED; received 1 response(s) [7660b851-9671-46a6-9e1d-7d946f95d492<-1ac0a8d4-e534-43ce-83b1-426d47a3040d#0:FAIL-t158] and 1 exception(s); 7660b851-9671-46a6-9e1d-7d946f95d492@group-42C3DBE2B33D:t158, leader=null, voted=7660b851-9671-46a6-9e1d-7d946f95d492, raftlog=7660b851-9671-46a6-9e1d-7d946f95d492@group-42C3DBE2B33D-SegmentedRaftLog:OPENED:c-1,f-1,i0, conf=-1: [fdf19479-69c2-4639-b68c-6adde78ca28a:192.168.157.204:42858, 1ac0a8d4-e534-43ce-83b1-426d47a3040d:192.168.157.204:32953, 7660b851-9671-46a6-9e1d-7d946f95d492:192.168.157.204:41682], old=null
2019-10-20 13:11:16,809 [7660b851-9671-46a6-9e1d-7d946f95d492@group-42C3DBE2B33D-LeaderElection3436] INFO  impl.LeaderElection (LogUtils.java:infoOrTrace(149)) -   Exception 0: {}
java.util.concurrent.ExecutionException: org.apache.ratis.thirdparty.io.grpc.StatusRuntimeException: UNAVAILABLE: io exception
	at java.util.concurrent.FutureTask.report(FutureTask.java:122)
	at java.util.concurrent.FutureTask.get(FutureTask.java:192)
	at org.apache.ratis.server.impl.LeaderElection.waitForResults(LeaderElection.java:259)
	at org.apache.ratis.server.impl.LeaderElection.askForVotes(LeaderElection.java:197)
	at org.apache.ratis.server.impl.LeaderElection.run(LeaderElection.java:133)
	at java.lang.Thread.run(Thread.java:748)
Caused by: org.apache.ratis.thirdparty.io.grpc.StatusRuntimeException: UNAVAILABLE: io exception
	at org.apache.ratis.thirdparty.io.grpc.stub.ClientCalls.toStatusRuntimeException(ClientCalls.java:233)
	at org.apache.ratis.thirdparty.io.grpc.stub.ClientCalls.getUnchecked(ClientCalls.java:214)
	at org.apache.ratis.thirdparty.io.grpc.stub.ClientCalls.blockingUnaryCall(ClientCalls.java:139)
	at org.apache.ratis.proto.grpc.RaftServerProtocolServiceGrpc$RaftServerProtocolServiceBlockingStub.requestVote(RaftServerProtocolServiceGrpc.java:265)
	at org.apache.ratis.grpc.server.GrpcServerProtocolClient.requestVote(GrpcServerProtocolClient.java:99)
	at org.apache.ratis.grpc.server.GrpcService.requestVote(GrpcService.java:204)
	at org.apache.ratis.server.impl.LeaderElection.lambda$submitRequests$1(LeaderElection.java:234)
	at java.util.concurrent.FutureTask.run(FutureTask.java:266)
	at java.util.concurrent.Executors$RunnableAdapter.call(Executors.java:511)
	at java.util.concurrent.FutureTask.run(FutureTask.java:266)
	at java.util.concurrent.ThreadPoolExecutor.runWorker(ThreadPoolExecutor.java:1149)
	at java.util.concurrent.ThreadPoolExecutor$Worker.run(ThreadPoolExecutor.java:624)
	... 1 more
Caused by: org.apache.ratis.thirdparty.io.netty.channel.AbstractChannel$AnnotatedConnectException: Connection refused: /192.168.157.204:42858
	at sun.nio.ch.SocketChannelImpl.checkConnect(Native Method)
	at sun.nio.ch.SocketChannelImpl.finishConnect(SocketChannelImpl.java:717)
	at org.apache.ratis.thirdparty.io.netty.channel.socket.nio.NioSocketChannel.doFinishConnect(NioSocketChannel.java:327)
	at org.apache.ratis.thirdparty.io.netty.channel.nio.AbstractNioChannel$AbstractNioUnsafe.finishConnect(AbstractNioChannel.java:340)
	at org.apache.ratis.thirdparty.io.netty.channel.nio.NioEventLoop.processSelectedKey(NioEventLoop.java:632)
	at org.apache.ratis.thirdparty.io.netty.channel.nio.NioEventLoop.processSelectedKeysOptimized(NioEventLoop.java:579)
	at org.apache.ratis.thirdparty.io.netty.channel.nio.NioEventLoop.processSelectedKeys(NioEventLoop.java:496)
	at org.apache.ratis.thirdparty.io.netty.channel.nio.NioEventLoop.run(NioEventLoop.java:458)
	at org.apache.ratis.thirdparty.io.netty.util.concurrent.SingleThreadEventExecutor$5.run(SingleThreadEventExecutor.java:897)
	at org.apache.ratis.thirdparty.io.netty.util.concurrent.FastThreadLocalRunnable.run(FastThreadLocalRunnable.java:30)
	... 1 more
Caused by: java.net.ConnectException: Connection refused
	... 11 more
2019-10-20 13:11:16,809 [7660b851-9671-46a6-9e1d-7d946f95d492@group-42C3DBE2B33D-LeaderElection3436] INFO  impl.RaftServerImpl (RaftServerImpl.java:setRole(184)) - 7660b851-9671-46a6-9e1d-7d946f95d492@group-42C3DBE2B33D: changes role from CANDIDATE to FOLLOWER at term 158 for DISCOVERED_A_NEW_TERM
2019-10-20 13:11:16,809 [7660b851-9671-46a6-9e1d-7d946f95d492@group-42C3DBE2B33D-LeaderElection3436] INFO  impl.RoleInfo (RoleInfo.java:shutdownLeaderElection(134)) - 7660b851-9671-46a6-9e1d-7d946f95d492: shutdown LeaderElection
2019-10-20 13:11:16,809 [7660b851-9671-46a6-9e1d-7d946f95d492@group-42C3DBE2B33D-LeaderElection3436] INFO  impl.RoleInfo (RoleInfo.java:updateAndGet(143)) - 7660b851-9671-46a6-9e1d-7d946f95d492: start FollowerState
2019-10-20 13:11:16,974 [Thread-25656] INFO  impl.FollowerState (FollowerState.java:run(108)) - 7660b851-9671-46a6-9e1d-7d946f95d492@group-42C3DBE2B33D-FollowerState: change to CANDIDATE, lastRpcTime:164ms, electionTimeout:164ms
2019-10-20 13:11:16,974 [Thread-25656] INFO  impl.RoleInfo (RoleInfo.java:shutdownFollowerState(121)) - 7660b851-9671-46a6-9e1d-7d946f95d492: shutdown FollowerState
2019-10-20 13:11:16,974 [Thread-25656] INFO  impl.RaftServerImpl (RaftServerImpl.java:setRole(184)) - 7660b851-9671-46a6-9e1d-7d946f95d492@group-42C3DBE2B33D: changes role from  FOLLOWER to CANDIDATE at term 158 for changeToCandidate
2019-10-20 13:11:16,974 [Thread-25656] INFO  impl.RoleInfo (RoleInfo.java:updateAndGet(143)) - 7660b851-9671-46a6-9e1d-7d946f95d492: start LeaderElection
2019-10-20 13:11:16,988 [7660b851-9671-46a6-9e1d-7d946f95d492@group-42C3DBE2B33D-LeaderElection3437] INFO  impl.LeaderElection (LeaderElection.java:askForVotes(178)) - 7660b851-9671-46a6-9e1d-7d946f95d492@group-42C3DBE2B33D-LeaderElection3437: begin an election at term 159 for -1: [fdf19479-69c2-4639-b68c-6adde78ca28a:192.168.157.204:42858, 1ac0a8d4-e534-43ce-83b1-426d47a3040d:192.168.157.204:32953, 7660b851-9671-46a6-9e1d-7d946f95d492:192.168.157.204:41682], old=null
2019-10-20 13:11:16,988 [7660b851-9671-46a6-9e1d-7d946f95d492@group-42C3DBE2B33D-LeaderElection3437] INFO  impl.LeaderElection (LogUtils.java:infoOrTrace(149)) - 7660b851-9671-46a6-9e1d-7d946f95d492@group-42C3DBE2B33D-LeaderElection3437 got exception when requesting votes: {}
java.util.concurrent.ExecutionException: org.apache.ratis.thirdparty.io.grpc.StatusRuntimeException: UNAVAILABLE: io exception
	at java.util.concurrent.FutureTask.report(FutureTask.java:122)
	at java.util.concurrent.FutureTask.get(FutureTask.java:192)
	at org.apache.ratis.server.impl.LeaderElection.waitForResults(LeaderElection.java:259)
	at org.apache.ratis.server.impl.LeaderElection.askForVotes(LeaderElection.java:197)
	at org.apache.ratis.server.impl.LeaderElection.run(LeaderElection.java:133)
	at java.lang.Thread.run(Thread.java:748)
Caused by: org.apache.ratis.thirdparty.io.grpc.StatusRuntimeException: UNAVAILABLE: io exception
	at org.apache.ratis.thirdparty.io.grpc.stub.ClientCalls.toStatusRuntimeException(ClientCalls.java:233)
	at org.apache.ratis.thirdparty.io.grpc.stub.ClientCalls.getUnchecked(ClientCalls.java:214)
	at org.apache.ratis.thirdparty.io.grpc.stub.ClientCalls.blockingUnaryCall(ClientCalls.java:139)
	at org.apache.ratis.proto.grpc.RaftServerProtocolServiceGrpc$RaftServerProtocolServiceBlockingStub.requestVote(RaftServerProtocolServiceGrpc.java:265)
	at org.apache.ratis.grpc.server.GrpcServerProtocolClient.requestVote(GrpcServerProtocolClient.java:99)
	at org.apache.ratis.grpc.server.GrpcService.requestVote(GrpcService.java:204)
	at org.apache.ratis.server.impl.LeaderElection.lambda$submitRequests$1(LeaderElection.java:234)
	at java.util.concurrent.FutureTask.run(FutureTask.java:266)
	at java.util.concurrent.Executors$RunnableAdapter.call(Executors.java:511)
	at java.util.concurrent.FutureTask.run(FutureTask.java:266)
	at java.util.concurrent.ThreadPoolExecutor.runWorker(ThreadPoolExecutor.java:1149)
	at java.util.concurrent.ThreadPoolExecutor$Worker.run(ThreadPoolExecutor.java:624)
	... 1 more
Caused by: org.apache.ratis.thirdparty.io.netty.channel.AbstractChannel$AnnotatedConnectException: Connection refused: /192.168.157.204:42858
	at sun.nio.ch.SocketChannelImpl.checkConnect(Native Method)
	at sun.nio.ch.SocketChannelImpl.finishConnect(SocketChannelImpl.java:717)
	at org.apache.ratis.thirdparty.io.netty.channel.socket.nio.NioSocketChannel.doFinishConnect(NioSocketChannel.java:327)
	at org.apache.ratis.thirdparty.io.netty.channel.nio.AbstractNioChannel$AbstractNioUnsafe.finishConnect(AbstractNioChannel.java:340)
	at org.apache.ratis.thirdparty.io.netty.channel.nio.NioEventLoop.processSelectedKey(NioEventLoop.java:632)
	at org.apache.ratis.thirdparty.io.netty.channel.nio.NioEventLoop.processSelectedKeysOptimized(NioEventLoop.java:579)
	at org.apache.ratis.thirdparty.io.netty.channel.nio.NioEventLoop.processSelectedKeys(NioEventLoop.java:496)
	at org.apache.ratis.thirdparty.io.netty.channel.nio.NioEventLoop.run(NioEventLoop.java:458)
	at org.apache.ratis.thirdparty.io.netty.util.concurrent.SingleThreadEventExecutor$5.run(SingleThreadEventExecutor.java:897)
	at org.apache.ratis.thirdparty.io.netty.util.concurrent.FastThreadLocalRunnable.run(FastThreadLocalRunnable.java:30)
	... 1 more
Caused by: java.net.ConnectException: Connection refused
	... 11 more
2019-10-20 13:11:16,989 [grpc-default-executor-2] INFO  impl.RaftServerImpl (RaftServerImpl.java:setRole(184)) - 1ac0a8d4-e534-43ce-83b1-426d47a3040d@group-42C3DBE2B33D: changes role from  FOLLOWER to FOLLOWER at term 159 for recognizeCandidate:7660b851-9671-46a6-9e1d-7d946f95d492
2019-10-20 13:11:16,989 [grpc-default-executor-2] INFO  impl.RoleInfo (RoleInfo.java:shutdownFollowerState(121)) - 1ac0a8d4-e534-43ce-83b1-426d47a3040d: shutdown FollowerState
2019-10-20 13:11:16,989 [grpc-default-executor-2] INFO  impl.RoleInfo (RoleInfo.java:updateAndGet(143)) - 1ac0a8d4-e534-43ce-83b1-426d47a3040d: start FollowerState
2019-10-20 13:11:16,989 [Thread-25655] INFO  impl.FollowerState (FollowerState.java:run(117)) - 1ac0a8d4-e534-43ce-83b1-426d47a3040d@group-42C3DBE2B33D-FollowerState was interrupted: java.lang.InterruptedException: sleep interrupted
2019-10-20 13:11:17,003 [7660b851-9671-46a6-9e1d-7d946f95d492@group-42C3DBE2B33D-LeaderElection3437] INFO  impl.LeaderElection (LeaderElection.java:logAndReturn(56)) - 7660b851-9671-46a6-9e1d-7d946f95d492@group-42C3DBE2B33D-LeaderElection3437: Election REJECTED; received 1 response(s) [7660b851-9671-46a6-9e1d-7d946f95d492<-1ac0a8d4-e534-43ce-83b1-426d47a3040d#0:FAIL-t159] and 1 exception(s); 7660b851-9671-46a6-9e1d-7d946f95d492@group-42C3DBE2B33D:t159, leader=null, voted=7660b851-9671-46a6-9e1d-7d946f95d492, raftlog=7660b851-9671-46a6-9e1d-7d946f95d492@group-42C3DBE2B33D-SegmentedRaftLog:OPENED:c-1,f-1,i0, conf=-1: [fdf19479-69c2-4639-b68c-6adde78ca28a:192.168.157.204:42858, 1ac0a8d4-e534-43ce-83b1-426d47a3040d:192.168.157.204:32953, 7660b851-9671-46a6-9e1d-7d946f95d492:192.168.157.204:41682], old=null
2019-10-20 13:11:17,003 [7660b851-9671-46a6-9e1d-7d946f95d492@group-42C3DBE2B33D-LeaderElection3437] INFO  impl.LeaderElection (LogUtils.java:infoOrTrace(149)) -   Exception 0: {}
java.util.concurrent.ExecutionException: org.apache.ratis.thirdparty.io.grpc.StatusRuntimeException: UNAVAILABLE: io exception
	at java.util.concurrent.FutureTask.report(FutureTask.java:122)
	at java.util.concurrent.FutureTask.get(FutureTask.java:192)
	at org.apache.ratis.server.impl.LeaderElection.waitForResults(LeaderElection.java:259)
	at org.apache.ratis.server.impl.LeaderElection.askForVotes(LeaderElection.java:197)
	at org.apache.ratis.server.impl.LeaderElection.run(LeaderElection.java:133)
	at java.lang.Thread.run(Thread.java:748)
Caused by: org.apache.ratis.thirdparty.io.grpc.StatusRuntimeException: UNAVAILABLE: io exception
	at org.apache.ratis.thirdparty.io.grpc.stub.ClientCalls.toStatusRuntimeException(ClientCalls.java:233)
	at org.apache.ratis.thirdparty.io.grpc.stub.ClientCalls.getUnchecked(ClientCalls.java:214)
	at org.apache.ratis.thirdparty.io.grpc.stub.ClientCalls.blockingUnaryCall(ClientCalls.java:139)
	at org.apache.ratis.proto.grpc.RaftServerProtocolServiceGrpc$RaftServerProtocolServiceBlockingStub.requestVote(RaftServerProtocolServiceGrpc.java:265)
	at org.apache.ratis.grpc.server.GrpcServerProtocolClient.requestVote(GrpcServerProtocolClient.java:99)
	at org.apache.ratis.grpc.server.GrpcService.requestVote(GrpcService.java:204)
	at org.apache.ratis.server.impl.LeaderElection.lambda$submitRequests$1(LeaderElection.java:234)
	at java.util.concurrent.FutureTask.run(FutureTask.java:266)
	at java.util.concurrent.Executors$RunnableAdapter.call(Executors.java:511)
	at java.util.concurrent.FutureTask.run(FutureTask.java:266)
	at java.util.concurrent.ThreadPoolExecutor.runWorker(ThreadPoolExecutor.java:1149)
	at java.util.concurrent.ThreadPoolExecutor$Worker.run(ThreadPoolExecutor.java:624)
	... 1 more
Caused by: org.apache.ratis.thirdparty.io.netty.channel.AbstractChannel$AnnotatedConnectException: Connection refused: /192.168.157.204:42858
	at sun.nio.ch.SocketChannelImpl.checkConnect(Native Method)
	at sun.nio.ch.SocketChannelImpl.finishConnect(SocketChannelImpl.java:717)
	at org.apache.ratis.thirdparty.io.netty.channel.socket.nio.NioSocketChannel.doFinishConnect(NioSocketChannel.java:327)
	at org.apache.ratis.thirdparty.io.netty.channel.nio.AbstractNioChannel$AbstractNioUnsafe.finishConnect(AbstractNioChannel.java:340)
	at org.apache.ratis.thirdparty.io.netty.channel.nio.NioEventLoop.processSelectedKey(NioEventLoop.java:632)
	at org.apache.ratis.thirdparty.io.netty.channel.nio.NioEventLoop.processSelectedKeysOptimized(NioEventLoop.java:579)
	at org.apache.ratis.thirdparty.io.netty.channel.nio.NioEventLoop.processSelectedKeys(NioEventLoop.java:496)
	at org.apache.ratis.thirdparty.io.netty.channel.nio.NioEventLoop.run(NioEventLoop.java:458)
	at org.apache.ratis.thirdparty.io.netty.util.concurrent.SingleThreadEventExecutor$5.run(SingleThreadEventExecutor.java:897)
	at org.apache.ratis.thirdparty.io.netty.util.concurrent.FastThreadLocalRunnable.run(FastThreadLocalRunnable.java:30)
	... 1 more
Caused by: java.net.ConnectException: Connection refused
	... 11 more
2019-10-20 13:11:17,003 [7660b851-9671-46a6-9e1d-7d946f95d492@group-42C3DBE2B33D-LeaderElection3437] INFO  impl.RaftServerImpl (RaftServerImpl.java:setRole(184)) - 7660b851-9671-46a6-9e1d-7d946f95d492@group-42C3DBE2B33D: changes role from CANDIDATE to FOLLOWER at term 159 for DISCOVERED_A_NEW_TERM
2019-10-20 13:11:17,003 [7660b851-9671-46a6-9e1d-7d946f95d492@group-42C3DBE2B33D-LeaderElection3437] INFO  impl.RoleInfo (RoleInfo.java:shutdownLeaderElection(134)) - 7660b851-9671-46a6-9e1d-7d946f95d492: shutdown LeaderElection
2019-10-20 13:11:17,003 [7660b851-9671-46a6-9e1d-7d946f95d492@group-42C3DBE2B33D-LeaderElection3437] INFO  impl.RoleInfo (RoleInfo.java:updateAndGet(143)) - 7660b851-9671-46a6-9e1d-7d946f95d492: start FollowerState
2019-10-20 13:11:17,058 [Thread-25661] INFO  impl.FollowerState (FollowerState.java:run(108)) - 7660b851-9671-46a6-9e1d-7d946f95d492@group-42C3DBE2B33D-FollowerState: change to CANDIDATE, lastRpcTime:54ms, electionTimeout:54ms
2019-10-20 13:11:17,058 [Thread-25661] INFO  impl.RoleInfo (RoleInfo.java:shutdownFollowerState(121)) - 7660b851-9671-46a6-9e1d-7d946f95d492: shutdown FollowerState
2019-10-20 13:11:17,058 [Thread-25661] INFO  impl.RaftServerImpl (RaftServerImpl.java:setRole(184)) - 7660b851-9671-46a6-9e1d-7d946f95d492@group-42C3DBE2B33D: changes role from  FOLLOWER to CANDIDATE at term 159 for changeToCandidate
2019-10-20 13:11:17,058 [Thread-25661] INFO  impl.RoleInfo (RoleInfo.java:updateAndGet(143)) - 7660b851-9671-46a6-9e1d-7d946f95d492: start LeaderElection
2019-10-20 13:11:17,072 [7660b851-9671-46a6-9e1d-7d946f95d492@group-42C3DBE2B33D-LeaderElection3438] INFO  impl.LeaderElection (LeaderElection.java:askForVotes(178)) - 7660b851-9671-46a6-9e1d-7d946f95d492@group-42C3DBE2B33D-LeaderElection3438: begin an election at term 160 for -1: [fdf19479-69c2-4639-b68c-6adde78ca28a:192.168.157.204:42858, 1ac0a8d4-e534-43ce-83b1-426d47a3040d:192.168.157.204:32953, 7660b851-9671-46a6-9e1d-7d946f95d492:192.168.157.204:41682], old=null
2019-10-20 13:11:17,072 [7660b851-9671-46a6-9e1d-7d946f95d492@group-42C3DBE2B33D-LeaderElection3438] INFO  impl.LeaderElection (LogUtils.java:infoOrTrace(149)) - 7660b851-9671-46a6-9e1d-7d946f95d492@group-42C3DBE2B33D-LeaderElection3438 got exception when requesting votes: {}
java.util.concurrent.ExecutionException: org.apache.ratis.thirdparty.io.grpc.StatusRuntimeException: UNAVAILABLE: io exception
	at java.util.concurrent.FutureTask.report(FutureTask.java:122)
	at java.util.concurrent.FutureTask.get(FutureTask.java:192)
	at org.apache.ratis.server.impl.LeaderElection.waitForResults(LeaderElection.java:259)
	at org.apache.ratis.server.impl.LeaderElection.askForVotes(LeaderElection.java:197)
	at org.apache.ratis.server.impl.LeaderElection.run(LeaderElection.java:133)
	at java.lang.Thread.run(Thread.java:748)
Caused by: org.apache.ratis.thirdparty.io.grpc.StatusRuntimeException: UNAVAILABLE: io exception
	at org.apache.ratis.thirdparty.io.grpc.stub.ClientCalls.toStatusRuntimeException(ClientCalls.java:233)
	at org.apache.ratis.thirdparty.io.grpc.stub.ClientCalls.getUnchecked(ClientCalls.java:214)
	at org.apache.ratis.thirdparty.io.grpc.stub.ClientCalls.blockingUnaryCall(ClientCalls.java:139)
	at org.apache.ratis.proto.grpc.RaftServerProtocolServiceGrpc$RaftServerProtocolServiceBlockingStub.requestVote(RaftServerProtocolServiceGrpc.java:265)
	at org.apache.ratis.grpc.server.GrpcServerProtocolClient.requestVote(GrpcServerProtocolClient.java:99)
	at org.apache.ratis.grpc.server.GrpcService.requestVote(GrpcService.java:204)
	at org.apache.ratis.server.impl.LeaderElection.lambda$submitRequests$1(LeaderElection.java:234)
	at java.util.concurrent.FutureTask.run(FutureTask.java:266)
	at java.util.concurrent.Executors$RunnableAdapter.call(Executors.java:511)
	at java.util.concurrent.FutureTask.run(FutureTask.java:266)
	at java.util.concurrent.ThreadPoolExecutor.runWorker(ThreadPoolExecutor.java:1149)
	at java.util.concurrent.ThreadPoolExecutor$Worker.run(ThreadPoolExecutor.java:624)
	... 1 more
Caused by: org.apache.ratis.thirdparty.io.netty.channel.AbstractChannel$AnnotatedConnectException: Connection refused: /192.168.157.204:42858
	at sun.nio.ch.SocketChannelImpl.checkConnect(Native Method)
	at sun.nio.ch.SocketChannelImpl.finishConnect(SocketChannelImpl.java:717)
	at org.apache.ratis.thirdparty.io.netty.channel.socket.nio.NioSocketChannel.doFinishConnect(NioSocketChannel.java:327)
	at org.apache.ratis.thirdparty.io.netty.channel.nio.AbstractNioChannel$AbstractNioUnsafe.finishConnect(AbstractNioChannel.java:340)
	at org.apache.ratis.thirdparty.io.netty.channel.nio.NioEventLoop.processSelectedKey(NioEventLoop.java:632)
	at org.apache.ratis.thirdparty.io.netty.channel.nio.NioEventLoop.processSelectedKeysOptimized(NioEventLoop.java:579)
	at org.apache.ratis.thirdparty.io.netty.channel.nio.NioEventLoop.processSelectedKeys(NioEventLoop.java:496)
	at org.apache.ratis.thirdparty.io.netty.channel.nio.NioEventLoop.run(NioEventLoop.java:458)
	at org.apache.ratis.thirdparty.io.netty.util.concurrent.SingleThreadEventExecutor$5.run(SingleThreadEventExecutor.java:897)
	at org.apache.ratis.thirdparty.io.netty.util.concurrent.FastThreadLocalRunnable.run(FastThreadLocalRunnable.java:30)
	... 1 more
Caused by: java.net.ConnectException: Connection refused
	... 11 more
2019-10-20 13:11:17,073 [grpc-default-executor-2] INFO  impl.RaftServerImpl (RaftServerImpl.java:setRole(184)) - 1ac0a8d4-e534-43ce-83b1-426d47a3040d@group-42C3DBE2B33D: changes role from  FOLLOWER to FOLLOWER at term 160 for recognizeCandidate:7660b851-9671-46a6-9e1d-7d946f95d492
2019-10-20 13:11:17,073 [grpc-default-executor-2] INFO  impl.RoleInfo (RoleInfo.java:shutdownFollowerState(121)) - 1ac0a8d4-e534-43ce-83b1-426d47a3040d: shutdown FollowerState
2019-10-20 13:11:17,073 [grpc-default-executor-2] INFO  impl.RoleInfo (RoleInfo.java:updateAndGet(143)) - 1ac0a8d4-e534-43ce-83b1-426d47a3040d: start FollowerState
2019-10-20 13:11:17,073 [Thread-25660] INFO  impl.FollowerState (FollowerState.java:run(117)) - 1ac0a8d4-e534-43ce-83b1-426d47a3040d@group-42C3DBE2B33D-FollowerState was interrupted: java.lang.InterruptedException: sleep interrupted
2019-10-20 13:11:17,087 [7660b851-9671-46a6-9e1d-7d946f95d492@group-42C3DBE2B33D-LeaderElection3438] INFO  impl.LeaderElection (LeaderElection.java:logAndReturn(56)) - 7660b851-9671-46a6-9e1d-7d946f95d492@group-42C3DBE2B33D-LeaderElection3438: Election REJECTED; received 1 response(s) [7660b851-9671-46a6-9e1d-7d946f95d492<-1ac0a8d4-e534-43ce-83b1-426d47a3040d#0:FAIL-t160] and 1 exception(s); 7660b851-9671-46a6-9e1d-7d946f95d492@group-42C3DBE2B33D:t160, leader=null, voted=7660b851-9671-46a6-9e1d-7d946f95d492, raftlog=7660b851-9671-46a6-9e1d-7d946f95d492@group-42C3DBE2B33D-SegmentedRaftLog:OPENED:c-1,f-1,i0, conf=-1: [fdf19479-69c2-4639-b68c-6adde78ca28a:192.168.157.204:42858, 1ac0a8d4-e534-43ce-83b1-426d47a3040d:192.168.157.204:32953, 7660b851-9671-46a6-9e1d-7d946f95d492:192.168.157.204:41682], old=null
2019-10-20 13:11:17,087 [7660b851-9671-46a6-9e1d-7d946f95d492@group-42C3DBE2B33D-LeaderElection3438] INFO  impl.LeaderElection (LogUtils.java:infoOrTrace(149)) -   Exception 0: {}
java.util.concurrent.ExecutionException: org.apache.ratis.thirdparty.io.grpc.StatusRuntimeException: UNAVAILABLE: io exception
	at java.util.concurrent.FutureTask.report(FutureTask.java:122)
	at java.util.concurrent.FutureTask.get(FutureTask.java:192)
	at org.apache.ratis.server.impl.LeaderElection.waitForResults(LeaderElection.java:259)
	at org.apache.ratis.server.impl.LeaderElection.askForVotes(LeaderElection.java:197)
	at org.apache.ratis.server.impl.LeaderElection.run(LeaderElection.java:133)
	at java.lang.Thread.run(Thread.java:748)
Caused by: org.apache.ratis.thirdparty.io.grpc.StatusRuntimeException: UNAVAILABLE: io exception
	at org.apache.ratis.thirdparty.io.grpc.stub.ClientCalls.toStatusRuntimeException(ClientCalls.java:233)
	at org.apache.ratis.thirdparty.io.grpc.stub.ClientCalls.getUnchecked(ClientCalls.java:214)
	at org.apache.ratis.thirdparty.io.grpc.stub.ClientCalls.blockingUnaryCall(ClientCalls.java:139)
	at org.apache.ratis.proto.grpc.RaftServerProtocolServiceGrpc$RaftServerProtocolServiceBlockingStub.requestVote(RaftServerProtocolServiceGrpc.java:265)
	at org.apache.ratis.grpc.server.GrpcServerProtocolClient.requestVote(GrpcServerProtocolClient.java:99)
	at org.apache.ratis.grpc.server.GrpcService.requestVote(GrpcService.java:204)
	at org.apache.ratis.server.impl.LeaderElection.lambda$submitRequests$1(LeaderElection.java:234)
	at java.util.concurrent.FutureTask.run(FutureTask.java:266)
	at java.util.concurrent.Executors$RunnableAdapter.call(Executors.java:511)
	at java.util.concurrent.FutureTask.run(FutureTask.java:266)
	at java.util.concurrent.ThreadPoolExecutor.runWorker(ThreadPoolExecutor.java:1149)
	at java.util.concurrent.ThreadPoolExecutor$Worker.run(ThreadPoolExecutor.java:624)
	... 1 more
Caused by: org.apache.ratis.thirdparty.io.netty.channel.AbstractChannel$AnnotatedConnectException: Connection refused: /192.168.157.204:42858
	at sun.nio.ch.SocketChannelImpl.checkConnect(Native Method)
	at sun.nio.ch.SocketChannelImpl.finishConnect(SocketChannelImpl.java:717)
	at org.apache.ratis.thirdparty.io.netty.channel.socket.nio.NioSocketChannel.doFinishConnect(NioSocketChannel.java:327)
	at org.apache.ratis.thirdparty.io.netty.channel.nio.AbstractNioChannel$AbstractNioUnsafe.finishConnect(AbstractNioChannel.java:340)
	at org.apache.ratis.thirdparty.io.netty.channel.nio.NioEventLoop.processSelectedKey(NioEventLoop.java:632)
	at org.apache.ratis.thirdparty.io.netty.channel.nio.NioEventLoop.processSelectedKeysOptimized(NioEventLoop.java:579)
	at org.apache.ratis.thirdparty.io.netty.channel.nio.NioEventLoop.processSelectedKeys(NioEventLoop.java:496)
	at org.apache.ratis.thirdparty.io.netty.channel.nio.NioEventLoop.run(NioEventLoop.java:458)
	at org.apache.ratis.thirdparty.io.netty.util.concurrent.SingleThreadEventExecutor$5.run(SingleThreadEventExecutor.java:897)
	at org.apache.ratis.thirdparty.io.netty.util.concurrent.FastThreadLocalRunnable.run(FastThreadLocalRunnable.java:30)
	... 1 more
Caused by: java.net.ConnectException: Connection refused
	... 11 more
2019-10-20 13:11:17,087 [7660b851-9671-46a6-9e1d-7d946f95d492@group-42C3DBE2B33D-LeaderElection3438] INFO  impl.RaftServerImpl (RaftServerImpl.java:setRole(184)) - 7660b851-9671-46a6-9e1d-7d946f95d492@group-42C3DBE2B33D: changes role from CANDIDATE to FOLLOWER at term 160 for DISCOVERED_A_NEW_TERM
2019-10-20 13:11:17,087 [7660b851-9671-46a6-9e1d-7d946f95d492@group-42C3DBE2B33D-LeaderElection3438] INFO  impl.RoleInfo (RoleInfo.java:shutdownLeaderElection(134)) - 7660b851-9671-46a6-9e1d-7d946f95d492: shutdown LeaderElection
2019-10-20 13:11:17,087 [7660b851-9671-46a6-9e1d-7d946f95d492@group-42C3DBE2B33D-LeaderElection3438] INFO  impl.RoleInfo (RoleInfo.java:updateAndGet(143)) - 7660b851-9671-46a6-9e1d-7d946f95d492: start FollowerState
2019-10-20 13:11:17,135 [Thread-25666] INFO  impl.FollowerState (FollowerState.java:run(108)) - 7660b851-9671-46a6-9e1d-7d946f95d492@group-42C3DBE2B33D-FollowerState: change to CANDIDATE, lastRpcTime:47ms, electionTimeout:47ms
2019-10-20 13:11:17,135 [Thread-25666] INFO  impl.RoleInfo (RoleInfo.java:shutdownFollowerState(121)) - 7660b851-9671-46a6-9e1d-7d946f95d492: shutdown FollowerState
2019-10-20 13:11:17,135 [Thread-25666] INFO  impl.RaftServerImpl (RaftServerImpl.java:setRole(184)) - 7660b851-9671-46a6-9e1d-7d946f95d492@group-42C3DBE2B33D: changes role from  FOLLOWER to CANDIDATE at term 160 for changeToCandidate
2019-10-20 13:11:17,135 [Thread-25666] INFO  impl.RoleInfo (RoleInfo.java:updateAndGet(143)) - 7660b851-9671-46a6-9e1d-7d946f95d492: start LeaderElection
2019-10-20 13:11:17,160 [7660b851-9671-46a6-9e1d-7d946f95d492@group-42C3DBE2B33D-LeaderElection3439] INFO  impl.LeaderElection (LeaderElection.java:askForVotes(178)) - 7660b851-9671-46a6-9e1d-7d946f95d492@group-42C3DBE2B33D-LeaderElection3439: begin an election at term 161 for -1: [fdf19479-69c2-4639-b68c-6adde78ca28a:192.168.157.204:42858, 1ac0a8d4-e534-43ce-83b1-426d47a3040d:192.168.157.204:32953, 7660b851-9671-46a6-9e1d-7d946f95d492:192.168.157.204:41682], old=null
2019-10-20 13:11:17,161 [7660b851-9671-46a6-9e1d-7d946f95d492@group-42C3DBE2B33D-LeaderElection3439] INFO  impl.LeaderElection (LogUtils.java:infoOrTrace(149)) - 7660b851-9671-46a6-9e1d-7d946f95d492@group-42C3DBE2B33D-LeaderElection3439 got exception when requesting votes: {}
java.util.concurrent.ExecutionException: org.apache.ratis.thirdparty.io.grpc.StatusRuntimeException: UNAVAILABLE: io exception
	at java.util.concurrent.FutureTask.report(FutureTask.java:122)
	at java.util.concurrent.FutureTask.get(FutureTask.java:192)
	at org.apache.ratis.server.impl.LeaderElection.waitForResults(LeaderElection.java:259)
	at org.apache.ratis.server.impl.LeaderElection.askForVotes(LeaderElection.java:197)
	at org.apache.ratis.server.impl.LeaderElection.run(LeaderElection.java:133)
	at java.lang.Thread.run(Thread.java:748)
Caused by: org.apache.ratis.thirdparty.io.grpc.StatusRuntimeException: UNAVAILABLE: io exception
	at org.apache.ratis.thirdparty.io.grpc.stub.ClientCalls.toStatusRuntimeException(ClientCalls.java:233)
	at org.apache.ratis.thirdparty.io.grpc.stub.ClientCalls.getUnchecked(ClientCalls.java:214)
	at org.apache.ratis.thirdparty.io.grpc.stub.ClientCalls.blockingUnaryCall(ClientCalls.java:139)
	at org.apache.ratis.proto.grpc.RaftServerProtocolServiceGrpc$RaftServerProtocolServiceBlockingStub.requestVote(RaftServerProtocolServiceGrpc.java:265)
	at org.apache.ratis.grpc.server.GrpcServerProtocolClient.requestVote(GrpcServerProtocolClient.java:99)
	at org.apache.ratis.grpc.server.GrpcService.requestVote(GrpcService.java:204)
	at org.apache.ratis.server.impl.LeaderElection.lambda$submitRequests$1(LeaderElection.java:234)
	at java.util.concurrent.FutureTask.run(FutureTask.java:266)
	at java.util.concurrent.Executors$RunnableAdapter.call(Executors.java:511)
	at java.util.concurrent.FutureTask.run(FutureTask.java:266)
	at java.util.concurrent.ThreadPoolExecutor.runWorker(ThreadPoolExecutor.java:1149)
	at java.util.concurrent.ThreadPoolExecutor$Worker.run(ThreadPoolExecutor.java:624)
	... 1 more
Caused by: org.apache.ratis.thirdparty.io.netty.channel.AbstractChannel$AnnotatedConnectException: Connection refused: /192.168.157.204:42858
	at sun.nio.ch.SocketChannelImpl.checkConnect(Native Method)
	at sun.nio.ch.SocketChannelImpl.finishConnect(SocketChannelImpl.java:717)
	at org.apache.ratis.thirdparty.io.netty.channel.socket.nio.NioSocketChannel.doFinishConnect(NioSocketChannel.java:327)
	at org.apache.ratis.thirdparty.io.netty.channel.nio.AbstractNioChannel$AbstractNioUnsafe.finishConnect(AbstractNioChannel.java:340)
	at org.apache.ratis.thirdparty.io.netty.channel.nio.NioEventLoop.processSelectedKey(NioEventLoop.java:632)
	at org.apache.ratis.thirdparty.io.netty.channel.nio.NioEventLoop.processSelectedKeysOptimized(NioEventLoop.java:579)
	at org.apache.ratis.thirdparty.io.netty.channel.nio.NioEventLoop.processSelectedKeys(NioEventLoop.java:496)
	at org.apache.ratis.thirdparty.io.netty.channel.nio.NioEventLoop.run(NioEventLoop.java:458)
	at org.apache.ratis.thirdparty.io.netty.util.concurrent.SingleThreadEventExecutor$5.run(SingleThreadEventExecutor.java:897)
	at org.apache.ratis.thirdparty.io.netty.util.concurrent.FastThreadLocalRunnable.run(FastThreadLocalRunnable.java:30)
	... 1 more
Caused by: java.net.ConnectException: Connection refused
	... 11 more
2019-10-20 13:11:17,162 [grpc-default-executor-10] INFO  impl.RaftServerImpl (RaftServerImpl.java:setRole(184)) - 1ac0a8d4-e534-43ce-83b1-426d47a3040d@group-42C3DBE2B33D: changes role from  FOLLOWER to FOLLOWER at term 161 for recognizeCandidate:7660b851-9671-46a6-9e1d-7d946f95d492
2019-10-20 13:11:17,162 [grpc-default-executor-10] INFO  impl.RoleInfo (RoleInfo.java:shutdownFollowerState(121)) - 1ac0a8d4-e534-43ce-83b1-426d47a3040d: shutdown FollowerState
2019-10-20 13:11:17,162 [grpc-default-executor-10] INFO  impl.RoleInfo (RoleInfo.java:updateAndGet(143)) - 1ac0a8d4-e534-43ce-83b1-426d47a3040d: start FollowerState
2019-10-20 13:11:17,162 [Thread-25665] INFO  impl.FollowerState (FollowerState.java:run(117)) - 1ac0a8d4-e534-43ce-83b1-426d47a3040d@group-42C3DBE2B33D-FollowerState was interrupted: java.lang.InterruptedException: sleep interrupted
2019-10-20 13:11:17,175 [7660b851-9671-46a6-9e1d-7d946f95d492@group-42C3DBE2B33D-LeaderElection3439] INFO  impl.LeaderElection (LeaderElection.java:logAndReturn(56)) - 7660b851-9671-46a6-9e1d-7d946f95d492@group-42C3DBE2B33D-LeaderElection3439: Election REJECTED; received 1 response(s) [7660b851-9671-46a6-9e1d-7d946f95d492<-1ac0a8d4-e534-43ce-83b1-426d47a3040d#0:FAIL-t161] and 1 exception(s); 7660b851-9671-46a6-9e1d-7d946f95d492@group-42C3DBE2B33D:t161, leader=null, voted=7660b851-9671-46a6-9e1d-7d946f95d492, raftlog=7660b851-9671-46a6-9e1d-7d946f95d492@group-42C3DBE2B33D-SegmentedRaftLog:OPENED:c-1,f-1,i0, conf=-1: [fdf19479-69c2-4639-b68c-6adde78ca28a:192.168.157.204:42858, 1ac0a8d4-e534-43ce-83b1-426d47a3040d:192.168.157.204:32953, 7660b851-9671-46a6-9e1d-7d946f95d492:192.168.157.204:41682], old=null
2019-10-20 13:11:17,176 [7660b851-9671-46a6-9e1d-7d946f95d492@group-42C3DBE2B33D-LeaderElection3439] INFO  impl.LeaderElection (LogUtils.java:infoOrTrace(149)) -   Exception 0: {}
java.util.concurrent.ExecutionException: org.apache.ratis.thirdparty.io.grpc.StatusRuntimeException: UNAVAILABLE: io exception
	at java.util.concurrent.FutureTask.report(FutureTask.java:122)
	at java.util.concurrent.FutureTask.get(FutureTask.java:192)
	at org.apache.ratis.server.impl.LeaderElection.waitForResults(LeaderElection.java:259)
	at org.apache.ratis.server.impl.LeaderElection.askForVotes(LeaderElection.java:197)
	at org.apache.ratis.server.impl.LeaderElection.run(LeaderElection.java:133)
	at java.lang.Thread.run(Thread.java:748)
Caused by: org.apache.ratis.thirdparty.io.grpc.StatusRuntimeException: UNAVAILABLE: io exception
	at org.apache.ratis.thirdparty.io.grpc.stub.ClientCalls.toStatusRuntimeException(ClientCalls.java:233)
	at org.apache.ratis.thirdparty.io.grpc.stub.ClientCalls.getUnchecked(ClientCalls.java:214)
	at org.apache.ratis.thirdparty.io.grpc.stub.ClientCalls.blockingUnaryCall(ClientCalls.java:139)
	at org.apache.ratis.proto.grpc.RaftServerProtocolServiceGrpc$RaftServerProtocolServiceBlockingStub.requestVote(RaftServerProtocolServiceGrpc.java:265)
	at org.apache.ratis.grpc.server.GrpcServerProtocolClient.requestVote(GrpcServerProtocolClient.java:99)
	at org.apache.ratis.grpc.server.GrpcService.requestVote(GrpcService.java:204)
	at org.apache.ratis.server.impl.LeaderElection.lambda$submitRequests$1(LeaderElection.java:234)
	at java.util.concurrent.FutureTask.run(FutureTask.java:266)
	at java.util.concurrent.Executors$RunnableAdapter.call(Executors.java:511)
	at java.util.concurrent.FutureTask.run(FutureTask.java:266)
	at java.util.concurrent.ThreadPoolExecutor.runWorker(ThreadPoolExecutor.java:1149)
	at java.util.concurrent.ThreadPoolExecutor$Worker.run(ThreadPoolExecutor.java:624)
	... 1 more
Caused by: org.apache.ratis.thirdparty.io.netty.channel.AbstractChannel$AnnotatedConnectException: Connection refused: /192.168.157.204:42858
	at sun.nio.ch.SocketChannelImpl.checkConnect(Native Method)
	at sun.nio.ch.SocketChannelImpl.finishConnect(SocketChannelImpl.java:717)
	at org.apache.ratis.thirdparty.io.netty.channel.socket.nio.NioSocketChannel.doFinishConnect(NioSocketChannel.java:327)
	at org.apache.ratis.thirdparty.io.netty.channel.nio.AbstractNioChannel$AbstractNioUnsafe.finishConnect(AbstractNioChannel.java:340)
	at org.apache.ratis.thirdparty.io.netty.channel.nio.NioEventLoop.processSelectedKey(NioEventLoop.java:632)
	at org.apache.ratis.thirdparty.io.netty.channel.nio.NioEventLoop.processSelectedKeysOptimized(NioEventLoop.java:579)
	at org.apache.ratis.thirdparty.io.netty.channel.nio.NioEventLoop.processSelectedKeys(NioEventLoop.java:496)
	at org.apache.ratis.thirdparty.io.netty.channel.nio.NioEventLoop.run(NioEventLoop.java:458)
	at org.apache.ratis.thirdparty.io.netty.util.concurrent.SingleThreadEventExecutor$5.run(SingleThreadEventExecutor.java:897)
	at org.apache.ratis.thirdparty.io.netty.util.concurrent.FastThreadLocalRunnable.run(FastThreadLocalRunnable.java:30)
	... 1 more
Caused by: java.net.ConnectException: Connection refused
	... 11 more
2019-10-20 13:11:17,176 [7660b851-9671-46a6-9e1d-7d946f95d492@group-42C3DBE2B33D-LeaderElection3439] INFO  impl.RaftServerImpl (RaftServerImpl.java:setRole(184)) - 7660b851-9671-46a6-9e1d-7d946f95d492@group-42C3DBE2B33D: changes role from CANDIDATE to FOLLOWER at term 161 for DISCOVERED_A_NEW_TERM
2019-10-20 13:11:17,176 [7660b851-9671-46a6-9e1d-7d946f95d492@group-42C3DBE2B33D-LeaderElection3439] INFO  impl.RoleInfo (RoleInfo.java:shutdownLeaderElection(134)) - 7660b851-9671-46a6-9e1d-7d946f95d492: shutdown LeaderElection
2019-10-20 13:11:17,176 [7660b851-9671-46a6-9e1d-7d946f95d492@group-42C3DBE2B33D-LeaderElection3439] INFO  impl.RoleInfo (RoleInfo.java:updateAndGet(143)) - 7660b851-9671-46a6-9e1d-7d946f95d492: start FollowerState
2019-10-20 13:11:17,268 [Thread-25675] INFO  impl.FollowerState (FollowerState.java:run(108)) - 7660b851-9671-46a6-9e1d-7d946f95d492@group-42C3DBE2B33D-FollowerState: change to CANDIDATE, lastRpcTime:92ms, electionTimeout:92ms
2019-10-20 13:11:17,269 [Thread-25675] INFO  impl.RoleInfo (RoleInfo.java:shutdownFollowerState(121)) - 7660b851-9671-46a6-9e1d-7d946f95d492: shutdown FollowerState
2019-10-20 13:11:17,269 [Thread-25675] INFO  impl.RaftServerImpl (RaftServerImpl.java:setRole(184)) - 7660b851-9671-46a6-9e1d-7d946f95d492@group-42C3DBE2B33D: changes role from  FOLLOWER to CANDIDATE at term 161 for changeToCandidate
2019-10-20 13:11:17,269 [Thread-25675] INFO  impl.RoleInfo (RoleInfo.java:updateAndGet(143)) - 7660b851-9671-46a6-9e1d-7d946f95d492: start LeaderElection
2019-10-20 13:11:17,282 [7660b851-9671-46a6-9e1d-7d946f95d492@group-42C3DBE2B33D-LeaderElection3440] INFO  impl.LeaderElection (LeaderElection.java:askForVotes(178)) - 7660b851-9671-46a6-9e1d-7d946f95d492@group-42C3DBE2B33D-LeaderElection3440: begin an election at term 162 for -1: [fdf19479-69c2-4639-b68c-6adde78ca28a:192.168.157.204:42858, 1ac0a8d4-e534-43ce-83b1-426d47a3040d:192.168.157.204:32953, 7660b851-9671-46a6-9e1d-7d946f95d492:192.168.157.204:41682], old=null
2019-10-20 13:11:17,283 [7660b851-9671-46a6-9e1d-7d946f95d492@group-42C3DBE2B33D-LeaderElection3440] INFO  impl.LeaderElection (LogUtils.java:infoOrTrace(149)) - 7660b851-9671-46a6-9e1d-7d946f95d492@group-42C3DBE2B33D-LeaderElection3440 got exception when requesting votes: {}
java.util.concurrent.ExecutionException: org.apache.ratis.thirdparty.io.grpc.StatusRuntimeException: UNAVAILABLE: io exception
	at java.util.concurrent.FutureTask.report(FutureTask.java:122)
	at java.util.concurrent.FutureTask.get(FutureTask.java:192)
	at org.apache.ratis.server.impl.LeaderElection.waitForResults(LeaderElection.java:259)
	at org.apache.ratis.server.impl.LeaderElection.askForVotes(LeaderElection.java:197)
	at org.apache.ratis.server.impl.LeaderElection.run(LeaderElection.java:133)
	at java.lang.Thread.run(Thread.java:748)
Caused by: org.apache.ratis.thirdparty.io.grpc.StatusRuntimeException: UNAVAILABLE: io exception
	at org.apache.ratis.thirdparty.io.grpc.stub.ClientCalls.toStatusRuntimeException(ClientCalls.java:233)
	at org.apache.ratis.thirdparty.io.grpc.stub.ClientCalls.getUnchecked(ClientCalls.java:214)
	at org.apache.ratis.thirdparty.io.grpc.stub.ClientCalls.blockingUnaryCall(ClientCalls.java:139)
	at org.apache.ratis.proto.grpc.RaftServerProtocolServiceGrpc$RaftServerProtocolServiceBlockingStub.requestVote(RaftServerProtocolServiceGrpc.java:265)
	at org.apache.ratis.grpc.server.GrpcServerProtocolClient.requestVote(GrpcServerProtocolClient.java:99)
	at org.apache.ratis.grpc.server.GrpcService.requestVote(GrpcService.java:204)
	at org.apache.ratis.server.impl.LeaderElection.lambda$submitRequests$1(LeaderElection.java:234)
	at java.util.concurrent.FutureTask.run(FutureTask.java:266)
	at java.util.concurrent.Executors$RunnableAdapter.call(Executors.java:511)
	at java.util.concurrent.FutureTask.run(FutureTask.java:266)
	at java.util.concurrent.ThreadPoolExecutor.runWorker(ThreadPoolExecutor.java:1149)
	at java.util.concurrent.ThreadPoolExecutor$Worker.run(ThreadPoolExecutor.java:624)
	... 1 more
Caused by: org.apache.ratis.thirdparty.io.netty.channel.AbstractChannel$AnnotatedConnectException: Connection refused: /192.168.157.204:42858
	at sun.nio.ch.SocketChannelImpl.checkConnect(Native Method)
	at sun.nio.ch.SocketChannelImpl.finishConnect(SocketChannelImpl.java:717)
	at org.apache.ratis.thirdparty.io.netty.channel.socket.nio.NioSocketChannel.doFinishConnect(NioSocketChannel.java:327)
	at org.apache.ratis.thirdparty.io.netty.channel.nio.AbstractNioChannel$AbstractNioUnsafe.finishConnect(AbstractNioChannel.java:340)
	at org.apache.ratis.thirdparty.io.netty.channel.nio.NioEventLoop.processSelectedKey(NioEventLoop.java:632)
	at org.apache.ratis.thirdparty.io.netty.channel.nio.NioEventLoop.processSelectedKeysOptimized(NioEventLoop.java:579)
	at org.apache.ratis.thirdparty.io.netty.channel.nio.NioEventLoop.processSelectedKeys(NioEventLoop.java:496)
	at org.apache.ratis.thirdparty.io.netty.channel.nio.NioEventLoop.run(NioEventLoop.java:458)
	at org.apache.ratis.thirdparty.io.netty.util.concurrent.SingleThreadEventExecutor$5.run(SingleThreadEventExecutor.java:897)
	at org.apache.ratis.thirdparty.io.netty.util.concurrent.FastThreadLocalRunnable.run(FastThreadLocalRunnable.java:30)
	... 1 more
Caused by: java.net.ConnectException: Connection refused
	... 11 more
2019-10-20 13:11:17,284 [grpc-default-executor-10] INFO  impl.RaftServerImpl (RaftServerImpl.java:setRole(184)) - 1ac0a8d4-e534-43ce-83b1-426d47a3040d@group-42C3DBE2B33D: changes role from  FOLLOWER to FOLLOWER at term 162 for recognizeCandidate:7660b851-9671-46a6-9e1d-7d946f95d492
2019-10-20 13:11:17,284 [grpc-default-executor-10] INFO  impl.RoleInfo (RoleInfo.java:shutdownFollowerState(121)) - 1ac0a8d4-e534-43ce-83b1-426d47a3040d: shutdown FollowerState
2019-10-20 13:11:17,284 [grpc-default-executor-10] INFO  impl.RoleInfo (RoleInfo.java:updateAndGet(143)) - 1ac0a8d4-e534-43ce-83b1-426d47a3040d: start FollowerState
2019-10-20 13:11:17,284 [Thread-25674] INFO  impl.FollowerState (FollowerState.java:run(117)) - 1ac0a8d4-e534-43ce-83b1-426d47a3040d@group-42C3DBE2B33D-FollowerState was interrupted: java.lang.InterruptedException: sleep interrupted
2019-10-20 13:11:17,302 [7660b851-9671-46a6-9e1d-7d946f95d492@group-42C3DBE2B33D-LeaderElection3440] INFO  impl.LeaderElection (LeaderElection.java:logAndReturn(56)) - 7660b851-9671-46a6-9e1d-7d946f95d492@group-42C3DBE2B33D-LeaderElection3440: Election REJECTED; received 1 response(s) [7660b851-9671-46a6-9e1d-7d946f95d492<-1ac0a8d4-e534-43ce-83b1-426d47a3040d#0:FAIL-t162] and 1 exception(s); 7660b851-9671-46a6-9e1d-7d946f95d492@group-42C3DBE2B33D:t162, leader=null, voted=7660b851-9671-46a6-9e1d-7d946f95d492, raftlog=7660b851-9671-46a6-9e1d-7d946f95d492@group-42C3DBE2B33D-SegmentedRaftLog:OPENED:c-1,f-1,i0, conf=-1: [fdf19479-69c2-4639-b68c-6adde78ca28a:192.168.157.204:42858, 1ac0a8d4-e534-43ce-83b1-426d47a3040d:192.168.157.204:32953, 7660b851-9671-46a6-9e1d-7d946f95d492:192.168.157.204:41682], old=null
2019-10-20 13:11:17,302 [7660b851-9671-46a6-9e1d-7d946f95d492@group-42C3DBE2B33D-LeaderElection3440] INFO  impl.LeaderElection (LogUtils.java:infoOrTrace(149)) -   Exception 0: {}
java.util.concurrent.ExecutionException: org.apache.ratis.thirdparty.io.grpc.StatusRuntimeException: UNAVAILABLE: io exception
	at java.util.concurrent.FutureTask.report(FutureTask.java:122)
	at java.util.concurrent.FutureTask.get(FutureTask.java:192)
	at org.apache.ratis.server.impl.LeaderElection.waitForResults(LeaderElection.java:259)
	at org.apache.ratis.server.impl.LeaderElection.askForVotes(LeaderElection.java:197)
	at org.apache.ratis.server.impl.LeaderElection.run(LeaderElection.java:133)
	at java.lang.Thread.run(Thread.java:748)
Caused by: org.apache.ratis.thirdparty.io.grpc.StatusRuntimeException: UNAVAILABLE: io exception
	at org.apache.ratis.thirdparty.io.grpc.stub.ClientCalls.toStatusRuntimeException(ClientCalls.java:233)
	at org.apache.ratis.thirdparty.io.grpc.stub.ClientCalls.getUnchecked(ClientCalls.java:214)
	at org.apache.ratis.thirdparty.io.grpc.stub.ClientCalls.blockingUnaryCall(ClientCalls.java:139)
	at org.apache.ratis.proto.grpc.RaftServerProtocolServiceGrpc$RaftServerProtocolServiceBlockingStub.requestVote(RaftServerProtocolServiceGrpc.java:265)
	at org.apache.ratis.grpc.server.GrpcServerProtocolClient.requestVote(GrpcServerProtocolClient.java:99)
	at org.apache.ratis.grpc.server.GrpcService.requestVote(GrpcService.java:204)
	at org.apache.ratis.server.impl.LeaderElection.lambda$submitRequests$1(LeaderElection.java:234)
	at java.util.concurrent.FutureTask.run(FutureTask.java:266)
	at java.util.concurrent.Executors$RunnableAdapter.call(Executors.java:511)
	at java.util.concurrent.FutureTask.run(FutureTask.java:266)
	at java.util.concurrent.ThreadPoolExecutor.runWorker(ThreadPoolExecutor.java:1149)
	at java.util.concurrent.ThreadPoolExecutor$Worker.run(ThreadPoolExecutor.java:624)
	... 1 more
Caused by: org.apache.ratis.thirdparty.io.netty.channel.AbstractChannel$AnnotatedConnectException: Connection refused: /192.168.157.204:42858
	at sun.nio.ch.SocketChannelImpl.checkConnect(Native Method)
	at sun.nio.ch.SocketChannelImpl.finishConnect(SocketChannelImpl.java:717)
	at org.apache.ratis.thirdparty.io.netty.channel.socket.nio.NioSocketChannel.doFinishConnect(NioSocketChannel.java:327)
	at org.apache.ratis.thirdparty.io.netty.channel.nio.AbstractNioChannel$AbstractNioUnsafe.finishConnect(AbstractNioChannel.java:340)
	at org.apache.ratis.thirdparty.io.netty.channel.nio.NioEventLoop.processSelectedKey(NioEventLoop.java:632)
	at org.apache.ratis.thirdparty.io.netty.channel.nio.NioEventLoop.processSelectedKeysOptimized(NioEventLoop.java:579)
	at org.apache.ratis.thirdparty.io.netty.channel.nio.NioEventLoop.processSelectedKeys(NioEventLoop.java:496)
	at org.apache.ratis.thirdparty.io.netty.channel.nio.NioEventLoop.run(NioEventLoop.java:458)
	at org.apache.ratis.thirdparty.io.netty.util.concurrent.SingleThreadEventExecutor$5.run(SingleThreadEventExecutor.java:897)
	at org.apache.ratis.thirdparty.io.netty.util.concurrent.FastThreadLocalRunnable.run(FastThreadLocalRunnable.java:30)
	... 1 more
Caused by: java.net.ConnectException: Connection refused
	... 11 more
2019-10-20 13:11:17,303 [7660b851-9671-46a6-9e1d-7d946f95d492@group-42C3DBE2B33D-LeaderElection3440] INFO  impl.RaftServerImpl (RaftServerImpl.java:setRole(184)) - 7660b851-9671-46a6-9e1d-7d946f95d492@group-42C3DBE2B33D: changes role from CANDIDATE to FOLLOWER at term 162 for DISCOVERED_A_NEW_TERM
2019-10-20 13:11:17,303 [7660b851-9671-46a6-9e1d-7d946f95d492@group-42C3DBE2B33D-LeaderElection3440] INFO  impl.RoleInfo (RoleInfo.java:shutdownLeaderElection(134)) - 7660b851-9671-46a6-9e1d-7d946f95d492: shutdown LeaderElection
2019-10-20 13:11:17,303 [7660b851-9671-46a6-9e1d-7d946f95d492@group-42C3DBE2B33D-LeaderElection3440] INFO  impl.RoleInfo (RoleInfo.java:updateAndGet(143)) - 7660b851-9671-46a6-9e1d-7d946f95d492: start FollowerState
2019-10-20 13:11:17,426 [Thread-25680] INFO  impl.FollowerState (FollowerState.java:run(108)) - 7660b851-9671-46a6-9e1d-7d946f95d492@group-42C3DBE2B33D-FollowerState: change to CANDIDATE, lastRpcTime:123ms, electionTimeout:123ms
2019-10-20 13:11:17,427 [Thread-25680] INFO  impl.RoleInfo (RoleInfo.java:shutdownFollowerState(121)) - 7660b851-9671-46a6-9e1d-7d946f95d492: shutdown FollowerState
2019-10-20 13:11:17,427 [Thread-25680] INFO  impl.RaftServerImpl (RaftServerImpl.java:setRole(184)) - 7660b851-9671-46a6-9e1d-7d946f95d492@group-42C3DBE2B33D: changes role from  FOLLOWER to CANDIDATE at term 162 for changeToCandidate
2019-10-20 13:11:17,427 [Thread-25680] INFO  impl.RoleInfo (RoleInfo.java:updateAndGet(143)) - 7660b851-9671-46a6-9e1d-7d946f95d492: start LeaderElection
2019-10-20 13:11:17,440 [7660b851-9671-46a6-9e1d-7d946f95d492@group-42C3DBE2B33D-LeaderElection3441] INFO  impl.LeaderElection (LeaderElection.java:askForVotes(178)) - 7660b851-9671-46a6-9e1d-7d946f95d492@group-42C3DBE2B33D-LeaderElection3441: begin an election at term 163 for -1: [fdf19479-69c2-4639-b68c-6adde78ca28a:192.168.157.204:42858, 1ac0a8d4-e534-43ce-83b1-426d47a3040d:192.168.157.204:32953, 7660b851-9671-46a6-9e1d-7d946f95d492:192.168.157.204:41682], old=null
2019-10-20 13:11:17,441 [7660b851-9671-46a6-9e1d-7d946f95d492@group-42C3DBE2B33D-LeaderElection3441] INFO  impl.LeaderElection (LogUtils.java:infoOrTrace(149)) - 7660b851-9671-46a6-9e1d-7d946f95d492@group-42C3DBE2B33D-LeaderElection3441 got exception when requesting votes: {}
java.util.concurrent.ExecutionException: org.apache.ratis.thirdparty.io.grpc.StatusRuntimeException: UNAVAILABLE: io exception
	at java.util.concurrent.FutureTask.report(FutureTask.java:122)
	at java.util.concurrent.FutureTask.get(FutureTask.java:192)
	at org.apache.ratis.server.impl.LeaderElection.waitForResults(LeaderElection.java:259)
	at org.apache.ratis.server.impl.LeaderElection.askForVotes(LeaderElection.java:197)
	at org.apache.ratis.server.impl.LeaderElection.run(LeaderElection.java:133)
	at java.lang.Thread.run(Thread.java:748)
Caused by: org.apache.ratis.thirdparty.io.grpc.StatusRuntimeException: UNAVAILABLE: io exception
	at org.apache.ratis.thirdparty.io.grpc.stub.ClientCalls.toStatusRuntimeException(ClientCalls.java:233)
	at org.apache.ratis.thirdparty.io.grpc.stub.ClientCalls.getUnchecked(ClientCalls.java:214)
	at org.apache.ratis.thirdparty.io.grpc.stub.ClientCalls.blockingUnaryCall(ClientCalls.java:139)
	at org.apache.ratis.proto.grpc.RaftServerProtocolServiceGrpc$RaftServerProtocolServiceBlockingStub.requestVote(RaftServerProtocolServiceGrpc.java:265)
	at org.apache.ratis.grpc.server.GrpcServerProtocolClient.requestVote(GrpcServerProtocolClient.java:99)
	at org.apache.ratis.grpc.server.GrpcService.requestVote(GrpcService.java:204)
	at org.apache.ratis.server.impl.LeaderElection.lambda$submitRequests$1(LeaderElection.java:234)
	at java.util.concurrent.FutureTask.run(FutureTask.java:266)
	at java.util.concurrent.Executors$RunnableAdapter.call(Executors.java:511)
	at java.util.concurrent.FutureTask.run(FutureTask.java:266)
	at java.util.concurrent.ThreadPoolExecutor.runWorker(ThreadPoolExecutor.java:1149)
	at java.util.concurrent.ThreadPoolExecutor$Worker.run(ThreadPoolExecutor.java:624)
	... 1 more
Caused by: org.apache.ratis.thirdparty.io.netty.channel.AbstractChannel$AnnotatedConnectException: Connection refused: /192.168.157.204:42858
	at sun.nio.ch.SocketChannelImpl.checkConnect(Native Method)
	at sun.nio.ch.SocketChannelImpl.finishConnect(SocketChannelImpl.java:717)
	at org.apache.ratis.thirdparty.io.netty.channel.socket.nio.NioSocketChannel.doFinishConnect(NioSocketChannel.java:327)
	at org.apache.ratis.thirdparty.io.netty.channel.nio.AbstractNioChannel$AbstractNioUnsafe.finishConnect(AbstractNioChannel.java:340)
	at org.apache.ratis.thirdparty.io.netty.channel.nio.NioEventLoop.processSelectedKey(NioEventLoop.java:632)
	at org.apache.ratis.thirdparty.io.netty.channel.nio.NioEventLoop.processSelectedKeysOptimized(NioEventLoop.java:579)
	at org.apache.ratis.thirdparty.io.netty.channel.nio.NioEventLoop.processSelectedKeys(NioEventLoop.java:496)
	at org.apache.ratis.thirdparty.io.netty.channel.nio.NioEventLoop.run(NioEventLoop.java:458)
	at org.apache.ratis.thirdparty.io.netty.util.concurrent.SingleThreadEventExecutor$5.run(SingleThreadEventExecutor.java:897)
	at org.apache.ratis.thirdparty.io.netty.util.concurrent.FastThreadLocalRunnable.run(FastThreadLocalRunnable.java:30)
	... 1 more
Caused by: java.net.ConnectException: Connection refused
	... 11 more
2019-10-20 13:11:17,442 [grpc-default-executor-10] INFO  impl.RaftServerImpl (RaftServerImpl.java:setRole(184)) - 1ac0a8d4-e534-43ce-83b1-426d47a3040d@group-42C3DBE2B33D: changes role from  FOLLOWER to FOLLOWER at term 163 for recognizeCandidate:7660b851-9671-46a6-9e1d-7d946f95d492
2019-10-20 13:11:17,442 [grpc-default-executor-10] INFO  impl.RoleInfo (RoleInfo.java:shutdownFollowerState(121)) - 1ac0a8d4-e534-43ce-83b1-426d47a3040d: shutdown FollowerState
2019-10-20 13:11:17,442 [grpc-default-executor-10] INFO  impl.RoleInfo (RoleInfo.java:updateAndGet(143)) - 1ac0a8d4-e534-43ce-83b1-426d47a3040d: start FollowerState
2019-10-20 13:11:17,442 [Thread-25679] INFO  impl.FollowerState (FollowerState.java:run(117)) - 1ac0a8d4-e534-43ce-83b1-426d47a3040d@group-42C3DBE2B33D-FollowerState was interrupted: java.lang.InterruptedException: sleep interrupted
2019-10-20 13:11:17,456 [7660b851-9671-46a6-9e1d-7d946f95d492@group-42C3DBE2B33D-LeaderElection3441] INFO  impl.LeaderElection (LeaderElection.java:logAndReturn(56)) - 7660b851-9671-46a6-9e1d-7d946f95d492@group-42C3DBE2B33D-LeaderElection3441: Election REJECTED; received 1 response(s) [7660b851-9671-46a6-9e1d-7d946f95d492<-1ac0a8d4-e534-43ce-83b1-426d47a3040d#0:FAIL-t163] and 1 exception(s); 7660b851-9671-46a6-9e1d-7d946f95d492@group-42C3DBE2B33D:t163, leader=null, voted=7660b851-9671-46a6-9e1d-7d946f95d492, raftlog=7660b851-9671-46a6-9e1d-7d946f95d492@group-42C3DBE2B33D-SegmentedRaftLog:OPENED:c-1,f-1,i0, conf=-1: [fdf19479-69c2-4639-b68c-6adde78ca28a:192.168.157.204:42858, 1ac0a8d4-e534-43ce-83b1-426d47a3040d:192.168.157.204:32953, 7660b851-9671-46a6-9e1d-7d946f95d492:192.168.157.204:41682], old=null
2019-10-20 13:11:17,456 [7660b851-9671-46a6-9e1d-7d946f95d492@group-42C3DBE2B33D-LeaderElection3441] INFO  impl.LeaderElection (LogUtils.java:infoOrTrace(149)) -   Exception 0: {}
java.util.concurrent.ExecutionException: org.apache.ratis.thirdparty.io.grpc.StatusRuntimeException: UNAVAILABLE: io exception
	at java.util.concurrent.FutureTask.report(FutureTask.java:122)
	at java.util.concurrent.FutureTask.get(FutureTask.java:192)
	at org.apache.ratis.server.impl.LeaderElection.waitForResults(LeaderElection.java:259)
	at org.apache.ratis.server.impl.LeaderElection.askForVotes(LeaderElection.java:197)
	at org.apache.ratis.server.impl.LeaderElection.run(LeaderElection.java:133)
	at java.lang.Thread.run(Thread.java:748)
Caused by: org.apache.ratis.thirdparty.io.grpc.StatusRuntimeException: UNAVAILABLE: io exception
	at org.apache.ratis.thirdparty.io.grpc.stub.ClientCalls.toStatusRuntimeException(ClientCalls.java:233)
	at org.apache.ratis.thirdparty.io.grpc.stub.ClientCalls.getUnchecked(ClientCalls.java:214)
	at org.apache.ratis.thirdparty.io.grpc.stub.ClientCalls.blockingUnaryCall(ClientCalls.java:139)
	at org.apache.ratis.proto.grpc.RaftServerProtocolServiceGrpc$RaftServerProtocolServiceBlockingStub.requestVote(RaftServerProtocolServiceGrpc.java:265)
	at org.apache.ratis.grpc.server.GrpcServerProtocolClient.requestVote(GrpcServerProtocolClient.java:99)
	at org.apache.ratis.grpc.server.GrpcService.requestVote(GrpcService.java:204)
	at org.apache.ratis.server.impl.LeaderElection.lambda$submitRequests$1(LeaderElection.java:234)
	at java.util.concurrent.FutureTask.run(FutureTask.java:266)
	at java.util.concurrent.Executors$RunnableAdapter.call(Executors.java:511)
	at java.util.concurrent.FutureTask.run(FutureTask.java:266)
	at java.util.concurrent.ThreadPoolExecutor.runWorker(ThreadPoolExecutor.java:1149)
	at java.util.concurrent.ThreadPoolExecutor$Worker.run(ThreadPoolExecutor.java:624)
	... 1 more
Caused by: org.apache.ratis.thirdparty.io.netty.channel.AbstractChannel$AnnotatedConnectException: Connection refused: /192.168.157.204:42858
	at sun.nio.ch.SocketChannelImpl.checkConnect(Native Method)
	at sun.nio.ch.SocketChannelImpl.finishConnect(SocketChannelImpl.java:717)
	at org.apache.ratis.thirdparty.io.netty.channel.socket.nio.NioSocketChannel.doFinishConnect(NioSocketChannel.java:327)
	at org.apache.ratis.thirdparty.io.netty.channel.nio.AbstractNioChannel$AbstractNioUnsafe.finishConnect(AbstractNioChannel.java:340)
	at org.apache.ratis.thirdparty.io.netty.channel.nio.NioEventLoop.processSelectedKey(NioEventLoop.java:632)
	at org.apache.ratis.thirdparty.io.netty.channel.nio.NioEventLoop.processSelectedKeysOptimized(NioEventLoop.java:579)
	at org.apache.ratis.thirdparty.io.netty.channel.nio.NioEventLoop.processSelectedKeys(NioEventLoop.java:496)
	at org.apache.ratis.thirdparty.io.netty.channel.nio.NioEventLoop.run(NioEventLoop.java:458)
	at org.apache.ratis.thirdparty.io.netty.util.concurrent.SingleThreadEventExecutor$5.run(SingleThreadEventExecutor.java:897)
	at org.apache.ratis.thirdparty.io.netty.util.concurrent.FastThreadLocalRunnable.run(FastThreadLocalRunnable.java:30)
	... 1 more
Caused by: java.net.ConnectException: Connection refused
	... 11 more
2019-10-20 13:11:17,456 [7660b851-9671-46a6-9e1d-7d946f95d492@group-42C3DBE2B33D-LeaderElection3441] INFO  impl.RaftServerImpl (RaftServerImpl.java:setRole(184)) - 7660b851-9671-46a6-9e1d-7d946f95d492@group-42C3DBE2B33D: changes role from CANDIDATE to FOLLOWER at term 163 for DISCOVERED_A_NEW_TERM
2019-10-20 13:11:17,456 [7660b851-9671-46a6-9e1d-7d946f95d492@group-42C3DBE2B33D-LeaderElection3441] INFO  impl.RoleInfo (RoleInfo.java:shutdownLeaderElection(134)) - 7660b851-9671-46a6-9e1d-7d946f95d492: shutdown LeaderElection
2019-10-20 13:11:17,456 [7660b851-9671-46a6-9e1d-7d946f95d492@group-42C3DBE2B33D-LeaderElection3441] INFO  impl.RoleInfo (RoleInfo.java:updateAndGet(143)) - 7660b851-9671-46a6-9e1d-7d946f95d492: start FollowerState
2019-10-20 13:11:17,599 [Thread-25685] INFO  impl.FollowerState (FollowerState.java:run(108)) - 7660b851-9671-46a6-9e1d-7d946f95d492@group-42C3DBE2B33D-FollowerState: change to CANDIDATE, lastRpcTime:142ms, electionTimeout:142ms
2019-10-20 13:11:17,599 [Thread-25685] INFO  impl.RoleInfo (RoleInfo.java:shutdownFollowerState(121)) - 7660b851-9671-46a6-9e1d-7d946f95d492: shutdown FollowerState
2019-10-20 13:11:17,599 [Thread-25685] INFO  impl.RaftServerImpl (RaftServerImpl.java:setRole(184)) - 7660b851-9671-46a6-9e1d-7d946f95d492@group-42C3DBE2B33D: changes role from  FOLLOWER to CANDIDATE at term 163 for changeToCandidate
2019-10-20 13:11:17,599 [Thread-25685] INFO  impl.RoleInfo (RoleInfo.java:updateAndGet(143)) - 7660b851-9671-46a6-9e1d-7d946f95d492: start LeaderElection
2019-10-20 13:11:17,612 [7660b851-9671-46a6-9e1d-7d946f95d492@group-42C3DBE2B33D-LeaderElection3442] INFO  impl.LeaderElection (LeaderElection.java:askForVotes(178)) - 7660b851-9671-46a6-9e1d-7d946f95d492@group-42C3DBE2B33D-LeaderElection3442: begin an election at term 164 for -1: [fdf19479-69c2-4639-b68c-6adde78ca28a:192.168.157.204:42858, 1ac0a8d4-e534-43ce-83b1-426d47a3040d:192.168.157.204:32953, 7660b851-9671-46a6-9e1d-7d946f95d492:192.168.157.204:41682], old=null
2019-10-20 13:11:17,613 [7660b851-9671-46a6-9e1d-7d946f95d492@group-42C3DBE2B33D-LeaderElection3442] INFO  impl.LeaderElection (LogUtils.java:infoOrTrace(149)) - 7660b851-9671-46a6-9e1d-7d946f95d492@group-42C3DBE2B33D-LeaderElection3442 got exception when requesting votes: {}
java.util.concurrent.ExecutionException: org.apache.ratis.thirdparty.io.grpc.StatusRuntimeException: UNAVAILABLE: io exception
	at java.util.concurrent.FutureTask.report(FutureTask.java:122)
	at java.util.concurrent.FutureTask.get(FutureTask.java:192)
	at org.apache.ratis.server.impl.LeaderElection.waitForResults(LeaderElection.java:259)
	at org.apache.ratis.server.impl.LeaderElection.askForVotes(LeaderElection.java:197)
	at org.apache.ratis.server.impl.LeaderElection.run(LeaderElection.java:133)
	at java.lang.Thread.run(Thread.java:748)
Caused by: org.apache.ratis.thirdparty.io.grpc.StatusRuntimeException: UNAVAILABLE: io exception
	at org.apache.ratis.thirdparty.io.grpc.stub.ClientCalls.toStatusRuntimeException(ClientCalls.java:233)
	at org.apache.ratis.thirdparty.io.grpc.stub.ClientCalls.getUnchecked(ClientCalls.java:214)
	at org.apache.ratis.thirdparty.io.grpc.stub.ClientCalls.blockingUnaryCall(ClientCalls.java:139)
	at org.apache.ratis.proto.grpc.RaftServerProtocolServiceGrpc$RaftServerProtocolServiceBlockingStub.requestVote(RaftServerProtocolServiceGrpc.java:265)
	at org.apache.ratis.grpc.server.GrpcServerProtocolClient.requestVote(GrpcServerProtocolClient.java:99)
	at org.apache.ratis.grpc.server.GrpcService.requestVote(GrpcService.java:204)
	at org.apache.ratis.server.impl.LeaderElection.lambda$submitRequests$1(LeaderElection.java:234)
	at java.util.concurrent.FutureTask.run(FutureTask.java:266)
	at java.util.concurrent.Executors$RunnableAdapter.call(Executors.java:511)
	at java.util.concurrent.FutureTask.run(FutureTask.java:266)
	at java.util.concurrent.ThreadPoolExecutor.runWorker(ThreadPoolExecutor.java:1149)
	at java.util.concurrent.ThreadPoolExecutor$Worker.run(ThreadPoolExecutor.java:624)
	... 1 more
Caused by: org.apache.ratis.thirdparty.io.netty.channel.AbstractChannel$AnnotatedConnectException: Connection refused: /192.168.157.204:42858
	at sun.nio.ch.SocketChannelImpl.checkConnect(Native Method)
	at sun.nio.ch.SocketChannelImpl.finishConnect(SocketChannelImpl.java:717)
	at org.apache.ratis.thirdparty.io.netty.channel.socket.nio.NioSocketChannel.doFinishConnect(NioSocketChannel.java:327)
	at org.apache.ratis.thirdparty.io.netty.channel.nio.AbstractNioChannel$AbstractNioUnsafe.finishConnect(AbstractNioChannel.java:340)
	at org.apache.ratis.thirdparty.io.netty.channel.nio.NioEventLoop.processSelectedKey(NioEventLoop.java:632)
	at org.apache.ratis.thirdparty.io.netty.channel.nio.NioEventLoop.processSelectedKeysOptimized(NioEventLoop.java:579)
	at org.apache.ratis.thirdparty.io.netty.channel.nio.NioEventLoop.processSelectedKeys(NioEventLoop.java:496)
	at org.apache.ratis.thirdparty.io.netty.channel.nio.NioEventLoop.run(NioEventLoop.java:458)
	at org.apache.ratis.thirdparty.io.netty.util.concurrent.SingleThreadEventExecutor$5.run(SingleThreadEventExecutor.java:897)
	at org.apache.ratis.thirdparty.io.netty.util.concurrent.FastThreadLocalRunnable.run(FastThreadLocalRunnable.java:30)
	... 1 more
Caused by: java.net.ConnectException: Connection refused
	... 11 more
2019-10-20 13:11:17,614 [grpc-default-executor-10] INFO  impl.RaftServerImpl (RaftServerImpl.java:setRole(184)) - 1ac0a8d4-e534-43ce-83b1-426d47a3040d@group-42C3DBE2B33D: changes role from  FOLLOWER to FOLLOWER at term 164 for recognizeCandidate:7660b851-9671-46a6-9e1d-7d946f95d492
2019-10-20 13:11:17,614 [grpc-default-executor-10] INFO  impl.RoleInfo (RoleInfo.java:shutdownFollowerState(121)) - 1ac0a8d4-e534-43ce-83b1-426d47a3040d: shutdown FollowerState
2019-10-20 13:11:17,614 [grpc-default-executor-10] INFO  impl.RoleInfo (RoleInfo.java:updateAndGet(143)) - 1ac0a8d4-e534-43ce-83b1-426d47a3040d: start FollowerState
2019-10-20 13:11:17,614 [Thread-25684] INFO  impl.FollowerState (FollowerState.java:run(117)) - 1ac0a8d4-e534-43ce-83b1-426d47a3040d@group-42C3DBE2B33D-FollowerState was interrupted: java.lang.InterruptedException: sleep interrupted
2019-10-20 13:11:17,628 [7660b851-9671-46a6-9e1d-7d946f95d492@group-42C3DBE2B33D-LeaderElection3442] INFO  impl.LeaderElection (LeaderElection.java:logAndReturn(56)) - 7660b851-9671-46a6-9e1d-7d946f95d492@group-42C3DBE2B33D-LeaderElection3442: Election REJECTED; received 1 response(s) [7660b851-9671-46a6-9e1d-7d946f95d492<-1ac0a8d4-e534-43ce-83b1-426d47a3040d#0:FAIL-t164] and 1 exception(s); 7660b851-9671-46a6-9e1d-7d946f95d492@group-42C3DBE2B33D:t164, leader=null, voted=7660b851-9671-46a6-9e1d-7d946f95d492, raftlog=7660b851-9671-46a6-9e1d-7d946f95d492@group-42C3DBE2B33D-SegmentedRaftLog:OPENED:c-1,f-1,i0, conf=-1: [fdf19479-69c2-4639-b68c-6adde78ca28a:192.168.157.204:42858, 1ac0a8d4-e534-43ce-83b1-426d47a3040d:192.168.157.204:32953, 7660b851-9671-46a6-9e1d-7d946f95d492:192.168.157.204:41682], old=null
2019-10-20 13:11:17,628 [7660b851-9671-46a6-9e1d-7d946f95d492@group-42C3DBE2B33D-LeaderElection3442] INFO  impl.LeaderElection (LogUtils.java:infoOrTrace(149)) -   Exception 0: {}
java.util.concurrent.ExecutionException: org.apache.ratis.thirdparty.io.grpc.StatusRuntimeException: UNAVAILABLE: io exception
	at java.util.concurrent.FutureTask.report(FutureTask.java:122)
	at java.util.concurrent.FutureTask.get(FutureTask.java:192)
	at org.apache.ratis.server.impl.LeaderElection.waitForResults(LeaderElection.java:259)
	at org.apache.ratis.server.impl.LeaderElection.askForVotes(LeaderElection.java:197)
	at org.apache.ratis.server.impl.LeaderElection.run(LeaderElection.java:133)
	at java.lang.Thread.run(Thread.java:748)
Caused by: org.apache.ratis.thirdparty.io.grpc.StatusRuntimeException: UNAVAILABLE: io exception
	at org.apache.ratis.thirdparty.io.grpc.stub.ClientCalls.toStatusRuntimeException(ClientCalls.java:233)
	at org.apache.ratis.thirdparty.io.grpc.stub.ClientCalls.getUnchecked(ClientCalls.java:214)
	at org.apache.ratis.thirdparty.io.grpc.stub.ClientCalls.blockingUnaryCall(ClientCalls.java:139)
	at org.apache.ratis.proto.grpc.RaftServerProtocolServiceGrpc$RaftServerProtocolServiceBlockingStub.requestVote(RaftServerProtocolServiceGrpc.java:265)
	at org.apache.ratis.grpc.server.GrpcServerProtocolClient.requestVote(GrpcServerProtocolClient.java:99)
	at org.apache.ratis.grpc.server.GrpcService.requestVote(GrpcService.java:204)
	at org.apache.ratis.server.impl.LeaderElection.lambda$submitRequests$1(LeaderElection.java:234)
	at java.util.concurrent.FutureTask.run(FutureTask.java:266)
	at java.util.concurrent.Executors$RunnableAdapter.call(Executors.java:511)
	at java.util.concurrent.FutureTask.run(FutureTask.java:266)
	at java.util.concurrent.ThreadPoolExecutor.runWorker(ThreadPoolExecutor.java:1149)
	at java.util.concurrent.ThreadPoolExecutor$Worker.run(ThreadPoolExecutor.java:624)
	... 1 more
Caused by: org.apache.ratis.thirdparty.io.netty.channel.AbstractChannel$AnnotatedConnectException: Connection refused: /192.168.157.204:42858
	at sun.nio.ch.SocketChannelImpl.checkConnect(Native Method)
	at sun.nio.ch.SocketChannelImpl.finishConnect(SocketChannelImpl.java:717)
	at org.apache.ratis.thirdparty.io.netty.channel.socket.nio.NioSocketChannel.doFinishConnect(NioSocketChannel.java:327)
	at org.apache.ratis.thirdparty.io.netty.channel.nio.AbstractNioChannel$AbstractNioUnsafe.finishConnect(AbstractNioChannel.java:340)
	at org.apache.ratis.thirdparty.io.netty.channel.nio.NioEventLoop.processSelectedKey(NioEventLoop.java:632)
	at org.apache.ratis.thirdparty.io.netty.channel.nio.NioEventLoop.processSelectedKeysOptimized(NioEventLoop.java:579)
	at org.apache.ratis.thirdparty.io.netty.channel.nio.NioEventLoop.processSelectedKeys(NioEventLoop.java:496)
	at org.apache.ratis.thirdparty.io.netty.channel.nio.NioEventLoop.run(NioEventLoop.java:458)
	at org.apache.ratis.thirdparty.io.netty.util.concurrent.SingleThreadEventExecutor$5.run(SingleThreadEventExecutor.java:897)
	at org.apache.ratis.thirdparty.io.netty.util.concurrent.FastThreadLocalRunnable.run(FastThreadLocalRunnable.java:30)
	... 1 more
Caused by: java.net.ConnectException: Connection refused
	... 11 more
2019-10-20 13:11:17,628 [7660b851-9671-46a6-9e1d-7d946f95d492@group-42C3DBE2B33D-LeaderElection3442] INFO  impl.RaftServerImpl (RaftServerImpl.java:setRole(184)) - 7660b851-9671-46a6-9e1d-7d946f95d492@group-42C3DBE2B33D: changes role from CANDIDATE to FOLLOWER at term 164 for DISCOVERED_A_NEW_TERM
2019-10-20 13:11:17,629 [7660b851-9671-46a6-9e1d-7d946f95d492@group-42C3DBE2B33D-LeaderElection3442] INFO  impl.RoleInfo (RoleInfo.java:shutdownLeaderElection(134)) - 7660b851-9671-46a6-9e1d-7d946f95d492: shutdown LeaderElection
2019-10-20 13:11:17,629 [7660b851-9671-46a6-9e1d-7d946f95d492@group-42C3DBE2B33D-LeaderElection3442] INFO  impl.RoleInfo (RoleInfo.java:updateAndGet(143)) - 7660b851-9671-46a6-9e1d-7d946f95d492: start FollowerState
2019-10-20 13:11:17,734 [Thread-25692] INFO  impl.FollowerState (FollowerState.java:run(108)) - 7660b851-9671-46a6-9e1d-7d946f95d492@group-42C3DBE2B33D-FollowerState: change to CANDIDATE, lastRpcTime:105ms, electionTimeout:105ms
2019-10-20 13:11:17,734 [Thread-25692] INFO  impl.RoleInfo (RoleInfo.java:shutdownFollowerState(121)) - 7660b851-9671-46a6-9e1d-7d946f95d492: shutdown FollowerState
2019-10-20 13:11:17,734 [Thread-25692] INFO  impl.RaftServerImpl (RaftServerImpl.java:setRole(184)) - 7660b851-9671-46a6-9e1d-7d946f95d492@group-42C3DBE2B33D: changes role from  FOLLOWER to CANDIDATE at term 164 for changeToCandidate
2019-10-20 13:11:17,734 [Thread-25692] INFO  impl.RoleInfo (RoleInfo.java:updateAndGet(143)) - 7660b851-9671-46a6-9e1d-7d946f95d492: start LeaderElection
2019-10-20 13:11:17,757 [7660b851-9671-46a6-9e1d-7d946f95d492@group-42C3DBE2B33D-LeaderElection3443] INFO  impl.LeaderElection (LeaderElection.java:askForVotes(178)) - 7660b851-9671-46a6-9e1d-7d946f95d492@group-42C3DBE2B33D-LeaderElection3443: begin an election at term 165 for -1: [fdf19479-69c2-4639-b68c-6adde78ca28a:192.168.157.204:42858, 1ac0a8d4-e534-43ce-83b1-426d47a3040d:192.168.157.204:32953, 7660b851-9671-46a6-9e1d-7d946f95d492:192.168.157.204:41682], old=null
2019-10-20 13:11:17,758 [7660b851-9671-46a6-9e1d-7d946f95d492@group-42C3DBE2B33D-LeaderElection3443] INFO  impl.LeaderElection (LogUtils.java:infoOrTrace(149)) - 7660b851-9671-46a6-9e1d-7d946f95d492@group-42C3DBE2B33D-LeaderElection3443 got exception when requesting votes: {}
java.util.concurrent.ExecutionException: org.apache.ratis.thirdparty.io.grpc.StatusRuntimeException: UNAVAILABLE: io exception
	at java.util.concurrent.FutureTask.report(FutureTask.java:122)
	at java.util.concurrent.FutureTask.get(FutureTask.java:192)
	at org.apache.ratis.server.impl.LeaderElection.waitForResults(LeaderElection.java:259)
	at org.apache.ratis.server.impl.LeaderElection.askForVotes(LeaderElection.java:197)
	at org.apache.ratis.server.impl.LeaderElection.run(LeaderElection.java:133)
	at java.lang.Thread.run(Thread.java:748)
Caused by: org.apache.ratis.thirdparty.io.grpc.StatusRuntimeException: UNAVAILABLE: io exception
	at org.apache.ratis.thirdparty.io.grpc.stub.ClientCalls.toStatusRuntimeException(ClientCalls.java:233)
	at org.apache.ratis.thirdparty.io.grpc.stub.ClientCalls.getUnchecked(ClientCalls.java:214)
	at org.apache.ratis.thirdparty.io.grpc.stub.ClientCalls.blockingUnaryCall(ClientCalls.java:139)
	at org.apache.ratis.proto.grpc.RaftServerProtocolServiceGrpc$RaftServerProtocolServiceBlockingStub.requestVote(RaftServerProtocolServiceGrpc.java:265)
	at org.apache.ratis.grpc.server.GrpcServerProtocolClient.requestVote(GrpcServerProtocolClient.java:99)
	at org.apache.ratis.grpc.server.GrpcService.requestVote(GrpcService.java:204)
	at org.apache.ratis.server.impl.LeaderElection.lambda$submitRequests$1(LeaderElection.java:234)
	at java.util.concurrent.FutureTask.run(FutureTask.java:266)
	at java.util.concurrent.Executors$RunnableAdapter.call(Executors.java:511)
	at java.util.concurrent.FutureTask.run(FutureTask.java:266)
	at java.util.concurrent.ThreadPoolExecutor.runWorker(ThreadPoolExecutor.java:1149)
	at java.util.concurrent.ThreadPoolExecutor$Worker.run(ThreadPoolExecutor.java:624)
	... 1 more
Caused by: org.apache.ratis.thirdparty.io.netty.channel.AbstractChannel$AnnotatedConnectException: Connection refused: /192.168.157.204:42858
	at sun.nio.ch.SocketChannelImpl.checkConnect(Native Method)
	at sun.nio.ch.SocketChannelImpl.finishConnect(SocketChannelImpl.java:717)
	at org.apache.ratis.thirdparty.io.netty.channel.socket.nio.NioSocketChannel.doFinishConnect(NioSocketChannel.java:327)
	at org.apache.ratis.thirdparty.io.netty.channel.nio.AbstractNioChannel$AbstractNioUnsafe.finishConnect(AbstractNioChannel.java:340)
	at org.apache.ratis.thirdparty.io.netty.channel.nio.NioEventLoop.processSelectedKey(NioEventLoop.java:632)
	at org.apache.ratis.thirdparty.io.netty.channel.nio.NioEventLoop.processSelectedKeysOptimized(NioEventLoop.java:579)
	at org.apache.ratis.thirdparty.io.netty.channel.nio.NioEventLoop.processSelectedKeys(NioEventLoop.java:496)
	at org.apache.ratis.thirdparty.io.netty.channel.nio.NioEventLoop.run(NioEventLoop.java:458)
	at org.apache.ratis.thirdparty.io.netty.util.concurrent.SingleThreadEventExecutor$5.run(SingleThreadEventExecutor.java:897)
	at org.apache.ratis.thirdparty.io.netty.util.concurrent.FastThreadLocalRunnable.run(FastThreadLocalRunnable.java:30)
	... 1 more
Caused by: java.net.ConnectException: Connection refused
	... 11 more
2019-10-20 13:11:17,758 [grpc-default-executor-10] INFO  impl.RaftServerImpl (RaftServerImpl.java:setRole(184)) - 1ac0a8d4-e534-43ce-83b1-426d47a3040d@group-42C3DBE2B33D: changes role from  FOLLOWER to FOLLOWER at term 165 for recognizeCandidate:7660b851-9671-46a6-9e1d-7d946f95d492
2019-10-20 13:11:17,759 [grpc-default-executor-10] INFO  impl.RoleInfo (RoleInfo.java:shutdownFollowerState(121)) - 1ac0a8d4-e534-43ce-83b1-426d47a3040d: shutdown FollowerState
2019-10-20 13:11:17,759 [grpc-default-executor-10] INFO  impl.RoleInfo (RoleInfo.java:updateAndGet(143)) - 1ac0a8d4-e534-43ce-83b1-426d47a3040d: start FollowerState
2019-10-20 13:11:17,759 [Thread-25689] INFO  impl.FollowerState (FollowerState.java:run(117)) - 1ac0a8d4-e534-43ce-83b1-426d47a3040d@group-42C3DBE2B33D-FollowerState was interrupted: java.lang.InterruptedException: sleep interrupted
2019-10-20 13:11:17,774 [7660b851-9671-46a6-9e1d-7d946f95d492@group-42C3DBE2B33D-LeaderElection3443] INFO  impl.LeaderElection (LeaderElection.java:logAndReturn(56)) - 7660b851-9671-46a6-9e1d-7d946f95d492@group-42C3DBE2B33D-LeaderElection3443: Election REJECTED; received 1 response(s) [7660b851-9671-46a6-9e1d-7d946f95d492<-1ac0a8d4-e534-43ce-83b1-426d47a3040d#0:FAIL-t165] and 1 exception(s); 7660b851-9671-46a6-9e1d-7d946f95d492@group-42C3DBE2B33D:t165, leader=null, voted=7660b851-9671-46a6-9e1d-7d946f95d492, raftlog=7660b851-9671-46a6-9e1d-7d946f95d492@group-42C3DBE2B33D-SegmentedRaftLog:OPENED:c-1,f-1,i0, conf=-1: [fdf19479-69c2-4639-b68c-6adde78ca28a:192.168.157.204:42858, 1ac0a8d4-e534-43ce-83b1-426d47a3040d:192.168.157.204:32953, 7660b851-9671-46a6-9e1d-7d946f95d492:192.168.157.204:41682], old=null
2019-10-20 13:11:17,774 [7660b851-9671-46a6-9e1d-7d946f95d492@group-42C3DBE2B33D-LeaderElection3443] INFO  impl.LeaderElection (LogUtils.java:infoOrTrace(149)) -   Exception 0: {}
java.util.concurrent.ExecutionException: org.apache.ratis.thirdparty.io.grpc.StatusRuntimeException: UNAVAILABLE: io exception
	at java.util.concurrent.FutureTask.report(FutureTask.java:122)
	at java.util.concurrent.FutureTask.get(FutureTask.java:192)
	at org.apache.ratis.server.impl.LeaderElection.waitForResults(LeaderElection.java:259)
	at org.apache.ratis.server.impl.LeaderElection.askForVotes(LeaderElection.java:197)
	at org.apache.ratis.server.impl.LeaderElection.run(LeaderElection.java:133)
	at java.lang.Thread.run(Thread.java:748)
Caused by: org.apache.ratis.thirdparty.io.grpc.StatusRuntimeException: UNAVAILABLE: io exception
	at org.apache.ratis.thirdparty.io.grpc.stub.ClientCalls.toStatusRuntimeException(ClientCalls.java:233)
	at org.apache.ratis.thirdparty.io.grpc.stub.ClientCalls.getUnchecked(ClientCalls.java:214)
	at org.apache.ratis.thirdparty.io.grpc.stub.ClientCalls.blockingUnaryCall(ClientCalls.java:139)
	at org.apache.ratis.proto.grpc.RaftServerProtocolServiceGrpc$RaftServerProtocolServiceBlockingStub.requestVote(RaftServerProtocolServiceGrpc.java:265)
	at org.apache.ratis.grpc.server.GrpcServerProtocolClient.requestVote(GrpcServerProtocolClient.java:99)
	at org.apache.ratis.grpc.server.GrpcService.requestVote(GrpcService.java:204)
	at org.apache.ratis.server.impl.LeaderElection.lambda$submitRequests$1(LeaderElection.java:234)
	at java.util.concurrent.FutureTask.run(FutureTask.java:266)
	at java.util.concurrent.Executors$RunnableAdapter.call(Executors.java:511)
	at java.util.concurrent.FutureTask.run(FutureTask.java:266)
	at java.util.concurrent.ThreadPoolExecutor.runWorker(ThreadPoolExecutor.java:1149)
	at java.util.concurrent.ThreadPoolExecutor$Worker.run(ThreadPoolExecutor.java:624)
	... 1 more
Caused by: org.apache.ratis.thirdparty.io.netty.channel.AbstractChannel$AnnotatedConnectException: Connection refused: /192.168.157.204:42858
	at sun.nio.ch.SocketChannelImpl.checkConnect(Native Method)
	at sun.nio.ch.SocketChannelImpl.finishConnect(SocketChannelImpl.java:717)
	at org.apache.ratis.thirdparty.io.netty.channel.socket.nio.NioSocketChannel.doFinishConnect(NioSocketChannel.java:327)
	at org.apache.ratis.thirdparty.io.netty.channel.nio.AbstractNioChannel$AbstractNioUnsafe.finishConnect(AbstractNioChannel.java:340)
	at org.apache.ratis.thirdparty.io.netty.channel.nio.NioEventLoop.processSelectedKey(NioEventLoop.java:632)
	at org.apache.ratis.thirdparty.io.netty.channel.nio.NioEventLoop.processSelectedKeysOptimized(NioEventLoop.java:579)
	at org.apache.ratis.thirdparty.io.netty.channel.nio.NioEventLoop.processSelectedKeys(NioEventLoop.java:496)
	at org.apache.ratis.thirdparty.io.netty.channel.nio.NioEventLoop.run(NioEventLoop.java:458)
	at org.apache.ratis.thirdparty.io.netty.util.concurrent.SingleThreadEventExecutor$5.run(SingleThreadEventExecutor.java:897)
	at org.apache.ratis.thirdparty.io.netty.util.concurrent.FastThreadLocalRunnable.run(FastThreadLocalRunnable.java:30)
	... 1 more
Caused by: java.net.ConnectException: Connection refused
	... 11 more
2019-10-20 13:11:17,775 [7660b851-9671-46a6-9e1d-7d946f95d492@group-42C3DBE2B33D-LeaderElection3443] INFO  impl.RaftServerImpl (RaftServerImpl.java:setRole(184)) - 7660b851-9671-46a6-9e1d-7d946f95d492@group-42C3DBE2B33D: changes role from CANDIDATE to FOLLOWER at term 165 for DISCOVERED_A_NEW_TERM
2019-10-20 13:11:17,775 [7660b851-9671-46a6-9e1d-7d946f95d492@group-42C3DBE2B33D-LeaderElection3443] INFO  impl.RoleInfo (RoleInfo.java:shutdownLeaderElection(134)) - 7660b851-9671-46a6-9e1d-7d946f95d492: shutdown LeaderElection
2019-10-20 13:11:17,775 [7660b851-9671-46a6-9e1d-7d946f95d492@group-42C3DBE2B33D-LeaderElection3443] INFO  impl.RoleInfo (RoleInfo.java:updateAndGet(143)) - 7660b851-9671-46a6-9e1d-7d946f95d492: start FollowerState
2019-10-20 13:11:17,922 [Thread-25699] INFO  impl.FollowerState (FollowerState.java:run(108)) - 7660b851-9671-46a6-9e1d-7d946f95d492@group-42C3DBE2B33D-FollowerState: change to CANDIDATE, lastRpcTime:147ms, electionTimeout:147ms
2019-10-20 13:11:17,923 [Thread-25699] INFO  impl.RoleInfo (RoleInfo.java:shutdownFollowerState(121)) - 7660b851-9671-46a6-9e1d-7d946f95d492: shutdown FollowerState
2019-10-20 13:11:17,923 [Thread-25699] INFO  impl.RaftServerImpl (RaftServerImpl.java:setRole(184)) - 7660b851-9671-46a6-9e1d-7d946f95d492@group-42C3DBE2B33D: changes role from  FOLLOWER to CANDIDATE at term 165 for changeToCandidate
2019-10-20 13:11:17,923 [Thread-25699] INFO  impl.RoleInfo (RoleInfo.java:updateAndGet(143)) - 7660b851-9671-46a6-9e1d-7d946f95d492: start LeaderElection
2019-10-20 13:11:17,937 [7660b851-9671-46a6-9e1d-7d946f95d492@group-42C3DBE2B33D-LeaderElection3444] INFO  impl.LeaderElection (LeaderElection.java:askForVotes(178)) - 7660b851-9671-46a6-9e1d-7d946f95d492@group-42C3DBE2B33D-LeaderElection3444: begin an election at term 166 for -1: [fdf19479-69c2-4639-b68c-6adde78ca28a:192.168.157.204:42858, 1ac0a8d4-e534-43ce-83b1-426d47a3040d:192.168.157.204:32953, 7660b851-9671-46a6-9e1d-7d946f95d492:192.168.157.204:41682], old=null
2019-10-20 13:11:17,938 [7660b851-9671-46a6-9e1d-7d946f95d492@group-42C3DBE2B33D-LeaderElection3444] INFO  impl.LeaderElection (LogUtils.java:infoOrTrace(149)) - 7660b851-9671-46a6-9e1d-7d946f95d492@group-42C3DBE2B33D-LeaderElection3444 got exception when requesting votes: {}
java.util.concurrent.ExecutionException: org.apache.ratis.thirdparty.io.grpc.StatusRuntimeException: UNAVAILABLE: io exception
	at java.util.concurrent.FutureTask.report(FutureTask.java:122)
	at java.util.concurrent.FutureTask.get(FutureTask.java:192)
	at org.apache.ratis.server.impl.LeaderElection.waitForResults(LeaderElection.java:259)
	at org.apache.ratis.server.impl.LeaderElection.askForVotes(LeaderElection.java:197)
	at org.apache.ratis.server.impl.LeaderElection.run(LeaderElection.java:133)
	at java.lang.Thread.run(Thread.java:748)
Caused by: org.apache.ratis.thirdparty.io.grpc.StatusRuntimeException: UNAVAILABLE: io exception
	at org.apache.ratis.thirdparty.io.grpc.stub.ClientCalls.toStatusRuntimeException(ClientCalls.java:233)
	at org.apache.ratis.thirdparty.io.grpc.stub.ClientCalls.getUnchecked(ClientCalls.java:214)
	at org.apache.ratis.thirdparty.io.grpc.stub.ClientCalls.blockingUnaryCall(ClientCalls.java:139)
	at org.apache.ratis.proto.grpc.RaftServerProtocolServiceGrpc$RaftServerProtocolServiceBlockingStub.requestVote(RaftServerProtocolServiceGrpc.java:265)
	at org.apache.ratis.grpc.server.GrpcServerProtocolClient.requestVote(GrpcServerProtocolClient.java:99)
	at org.apache.ratis.grpc.server.GrpcService.requestVote(GrpcService.java:204)
	at org.apache.ratis.server.impl.LeaderElection.lambda$submitRequests$1(LeaderElection.java:234)
	at java.util.concurrent.FutureTask.run(FutureTask.java:266)
	at java.util.concurrent.Executors$RunnableAdapter.call(Executors.java:511)
	at java.util.concurrent.FutureTask.run(FutureTask.java:266)
	at java.util.concurrent.ThreadPoolExecutor.runWorker(ThreadPoolExecutor.java:1149)
	at java.util.concurrent.ThreadPoolExecutor$Worker.run(ThreadPoolExecutor.java:624)
	... 1 more
Caused by: org.apache.ratis.thirdparty.io.netty.channel.AbstractChannel$AnnotatedConnectException: Connection refused: /192.168.157.204:42858
	at sun.nio.ch.SocketChannelImpl.checkConnect(Native Method)
	at sun.nio.ch.SocketChannelImpl.finishConnect(SocketChannelImpl.java:717)
	at org.apache.ratis.thirdparty.io.netty.channel.socket.nio.NioSocketChannel.doFinishConnect(NioSocketChannel.java:327)
	at org.apache.ratis.thirdparty.io.netty.channel.nio.AbstractNioChannel$AbstractNioUnsafe.finishConnect(AbstractNioChannel.java:340)
	at org.apache.ratis.thirdparty.io.netty.channel.nio.NioEventLoop.processSelectedKey(NioEventLoop.java:632)
	at org.apache.ratis.thirdparty.io.netty.channel.nio.NioEventLoop.processSelectedKeysOptimized(NioEventLoop.java:579)
	at org.apache.ratis.thirdparty.io.netty.channel.nio.NioEventLoop.processSelectedKeys(NioEventLoop.java:496)
	at org.apache.ratis.thirdparty.io.netty.channel.nio.NioEventLoop.run(NioEventLoop.java:458)
	at org.apache.ratis.thirdparty.io.netty.util.concurrent.SingleThreadEventExecutor$5.run(SingleThreadEventExecutor.java:897)
	at org.apache.ratis.thirdparty.io.netty.util.concurrent.FastThreadLocalRunnable.run(FastThreadLocalRunnable.java:30)
	... 1 more
Caused by: java.net.ConnectException: Connection refused
	... 11 more
2019-10-20 13:11:17,939 [grpc-default-executor-10] INFO  impl.RaftServerImpl (RaftServerImpl.java:setRole(184)) - 1ac0a8d4-e534-43ce-83b1-426d47a3040d@group-42C3DBE2B33D: changes role from  FOLLOWER to FOLLOWER at term 166 for recognizeCandidate:7660b851-9671-46a6-9e1d-7d946f95d492
2019-10-20 13:11:17,939 [grpc-default-executor-10] INFO  impl.RoleInfo (RoleInfo.java:shutdownFollowerState(121)) - 1ac0a8d4-e534-43ce-83b1-426d47a3040d: shutdown FollowerState
2019-10-20 13:11:17,939 [grpc-default-executor-10] INFO  impl.RoleInfo (RoleInfo.java:updateAndGet(143)) - 1ac0a8d4-e534-43ce-83b1-426d47a3040d: start FollowerState
2019-10-20 13:11:17,939 [Thread-25698] INFO  impl.FollowerState (FollowerState.java:run(117)) - 1ac0a8d4-e534-43ce-83b1-426d47a3040d@group-42C3DBE2B33D-FollowerState was interrupted: java.lang.InterruptedException: sleep interrupted
2019-10-20 13:11:17,954 [7660b851-9671-46a6-9e1d-7d946f95d492@group-42C3DBE2B33D-LeaderElection3444] INFO  impl.LeaderElection (LeaderElection.java:logAndReturn(56)) - 7660b851-9671-46a6-9e1d-7d946f95d492@group-42C3DBE2B33D-LeaderElection3444: Election REJECTED; received 1 response(s) [7660b851-9671-46a6-9e1d-7d946f95d492<-1ac0a8d4-e534-43ce-83b1-426d47a3040d#0:FAIL-t166] and 1 exception(s); 7660b851-9671-46a6-9e1d-7d946f95d492@group-42C3DBE2B33D:t166, leader=null, voted=7660b851-9671-46a6-9e1d-7d946f95d492, raftlog=7660b851-9671-46a6-9e1d-7d946f95d492@group-42C3DBE2B33D-SegmentedRaftLog:OPENED:c-1,f-1,i0, conf=-1: [fdf19479-69c2-4639-b68c-6adde78ca28a:192.168.157.204:42858, 1ac0a8d4-e534-43ce-83b1-426d47a3040d:192.168.157.204:32953, 7660b851-9671-46a6-9e1d-7d946f95d492:192.168.157.204:41682], old=null
2019-10-20 13:11:17,954 [7660b851-9671-46a6-9e1d-7d946f95d492@group-42C3DBE2B33D-LeaderElection3444] INFO  impl.LeaderElection (LogUtils.java:infoOrTrace(149)) -   Exception 0: {}
java.util.concurrent.ExecutionException: org.apache.ratis.thirdparty.io.grpc.StatusRuntimeException: UNAVAILABLE: io exception
	at java.util.concurrent.FutureTask.report(FutureTask.java:122)
	at java.util.concurrent.FutureTask.get(FutureTask.java:192)
	at org.apache.ratis.server.impl.LeaderElection.waitForResults(LeaderElection.java:259)
	at org.apache.ratis.server.impl.LeaderElection.askForVotes(LeaderElection.java:197)
	at org.apache.ratis.server.impl.LeaderElection.run(LeaderElection.java:133)
	at java.lang.Thread.run(Thread.java:748)
Caused by: org.apache.ratis.thirdparty.io.grpc.StatusRuntimeException: UNAVAILABLE: io exception
	at org.apache.ratis.thirdparty.io.grpc.stub.ClientCalls.toStatusRuntimeException(ClientCalls.java:233)
	at org.apache.ratis.thirdparty.io.grpc.stub.ClientCalls.getUnchecked(ClientCalls.java:214)
	at org.apache.ratis.thirdparty.io.grpc.stub.ClientCalls.blockingUnaryCall(ClientCalls.java:139)
	at org.apache.ratis.proto.grpc.RaftServerProtocolServiceGrpc$RaftServerProtocolServiceBlockingStub.requestVote(RaftServerProtocolServiceGrpc.java:265)
	at org.apache.ratis.grpc.server.GrpcServerProtocolClient.requestVote(GrpcServerProtocolClient.java:99)
	at org.apache.ratis.grpc.server.GrpcService.requestVote(GrpcService.java:204)
	at org.apache.ratis.server.impl.LeaderElection.lambda$submitRequests$1(LeaderElection.java:234)
	at java.util.concurrent.FutureTask.run(FutureTask.java:266)
	at java.util.concurrent.Executors$RunnableAdapter.call(Executors.java:511)
	at java.util.concurrent.FutureTask.run(FutureTask.java:266)
	at java.util.concurrent.ThreadPoolExecutor.runWorker(ThreadPoolExecutor.java:1149)
	at java.util.concurrent.ThreadPoolExecutor$Worker.run(ThreadPoolExecutor.java:624)
	... 1 more
Caused by: org.apache.ratis.thirdparty.io.netty.channel.AbstractChannel$AnnotatedConnectException: Connection refused: /192.168.157.204:42858
	at sun.nio.ch.SocketChannelImpl.checkConnect(Native Method)
	at sun.nio.ch.SocketChannelImpl.finishConnect(SocketChannelImpl.java:717)
	at org.apache.ratis.thirdparty.io.netty.channel.socket.nio.NioSocketChannel.doFinishConnect(NioSocketChannel.java:327)
	at org.apache.ratis.thirdparty.io.netty.channel.nio.AbstractNioChannel$AbstractNioUnsafe.finishConnect(AbstractNioChannel.java:340)
	at org.apache.ratis.thirdparty.io.netty.channel.nio.NioEventLoop.processSelectedKey(NioEventLoop.java:632)
	at org.apache.ratis.thirdparty.io.netty.channel.nio.NioEventLoop.processSelectedKeysOptimized(NioEventLoop.java:579)
	at org.apache.ratis.thirdparty.io.netty.channel.nio.NioEventLoop.processSelectedKeys(NioEventLoop.java:496)
	at org.apache.ratis.thirdparty.io.netty.channel.nio.NioEventLoop.run(NioEventLoop.java:458)
	at org.apache.ratis.thirdparty.io.netty.util.concurrent.SingleThreadEventExecutor$5.run(SingleThreadEventExecutor.java:897)
	at org.apache.ratis.thirdparty.io.netty.util.concurrent.FastThreadLocalRunnable.run(FastThreadLocalRunnable.java:30)
	... 1 more
Caused by: java.net.ConnectException: Connection refused
	... 11 more
2019-10-20 13:11:17,954 [7660b851-9671-46a6-9e1d-7d946f95d492@group-42C3DBE2B33D-LeaderElection3444] INFO  impl.RaftServerImpl (RaftServerImpl.java:setRole(184)) - 7660b851-9671-46a6-9e1d-7d946f95d492@group-42C3DBE2B33D: changes role from CANDIDATE to FOLLOWER at term 166 for DISCOVERED_A_NEW_TERM
2019-10-20 13:11:17,955 [7660b851-9671-46a6-9e1d-7d946f95d492@group-42C3DBE2B33D-LeaderElection3444] INFO  impl.RoleInfo (RoleInfo.java:shutdownLeaderElection(134)) - 7660b851-9671-46a6-9e1d-7d946f95d492: shutdown LeaderElection
2019-10-20 13:11:17,955 [7660b851-9671-46a6-9e1d-7d946f95d492@group-42C3DBE2B33D-LeaderElection3444] INFO  impl.RoleInfo (RoleInfo.java:updateAndGet(143)) - 7660b851-9671-46a6-9e1d-7d946f95d492: start FollowerState
2019-10-20 13:11:17,980 [Thread-25704] INFO  impl.FollowerState (FollowerState.java:run(108)) - 7660b851-9671-46a6-9e1d-7d946f95d492@group-42C3DBE2B33D-FollowerState: change to CANDIDATE, lastRpcTime:25ms, electionTimeout:25ms
2019-10-20 13:11:17,980 [Thread-25704] INFO  impl.RoleInfo (RoleInfo.java:shutdownFollowerState(121)) - 7660b851-9671-46a6-9e1d-7d946f95d492: shutdown FollowerState
2019-10-20 13:11:17,980 [Thread-25704] INFO  impl.RaftServerImpl (RaftServerImpl.java:setRole(184)) - 7660b851-9671-46a6-9e1d-7d946f95d492@group-42C3DBE2B33D: changes role from  FOLLOWER to CANDIDATE at term 166 for changeToCandidate
2019-10-20 13:11:17,980 [Thread-25704] INFO  impl.RoleInfo (RoleInfo.java:updateAndGet(143)) - 7660b851-9671-46a6-9e1d-7d946f95d492: start LeaderElection
2019-10-20 13:11:17,993 [7660b851-9671-46a6-9e1d-7d946f95d492@group-42C3DBE2B33D-LeaderElection3445] INFO  impl.LeaderElection (LeaderElection.java:askForVotes(178)) - 7660b851-9671-46a6-9e1d-7d946f95d492@group-42C3DBE2B33D-LeaderElection3445: begin an election at term 167 for -1: [fdf19479-69c2-4639-b68c-6adde78ca28a:192.168.157.204:42858, 1ac0a8d4-e534-43ce-83b1-426d47a3040d:192.168.157.204:32953, 7660b851-9671-46a6-9e1d-7d946f95d492:192.168.157.204:41682], old=null
2019-10-20 13:11:17,994 [7660b851-9671-46a6-9e1d-7d946f95d492@group-42C3DBE2B33D-LeaderElection3445] INFO  impl.LeaderElection (LogUtils.java:infoOrTrace(149)) - 7660b851-9671-46a6-9e1d-7d946f95d492@group-42C3DBE2B33D-LeaderElection3445 got exception when requesting votes: {}
java.util.concurrent.ExecutionException: org.apache.ratis.thirdparty.io.grpc.StatusRuntimeException: UNAVAILABLE: io exception
	at java.util.concurrent.FutureTask.report(FutureTask.java:122)
	at java.util.concurrent.FutureTask.get(FutureTask.java:192)
	at org.apache.ratis.server.impl.LeaderElection.waitForResults(LeaderElection.java:259)
	at org.apache.ratis.server.impl.LeaderElection.askForVotes(LeaderElection.java:197)
	at org.apache.ratis.server.impl.LeaderElection.run(LeaderElection.java:133)
	at java.lang.Thread.run(Thread.java:748)
Caused by: org.apache.ratis.thirdparty.io.grpc.StatusRuntimeException: UNAVAILABLE: io exception
	at org.apache.ratis.thirdparty.io.grpc.stub.ClientCalls.toStatusRuntimeException(ClientCalls.java:233)
	at org.apache.ratis.thirdparty.io.grpc.stub.ClientCalls.getUnchecked(ClientCalls.java:214)
	at org.apache.ratis.thirdparty.io.grpc.stub.ClientCalls.blockingUnaryCall(ClientCalls.java:139)
	at org.apache.ratis.proto.grpc.RaftServerProtocolServiceGrpc$RaftServerProtocolServiceBlockingStub.requestVote(RaftServerProtocolServiceGrpc.java:265)
	at org.apache.ratis.grpc.server.GrpcServerProtocolClient.requestVote(GrpcServerProtocolClient.java:99)
	at org.apache.ratis.grpc.server.GrpcService.requestVote(GrpcService.java:204)
	at org.apache.ratis.server.impl.LeaderElection.lambda$submitRequests$1(LeaderElection.java:234)
	at java.util.concurrent.FutureTask.run(FutureTask.java:266)
	at java.util.concurrent.Executors$RunnableAdapter.call(Executors.java:511)
	at java.util.concurrent.FutureTask.run(FutureTask.java:266)
	at java.util.concurrent.ThreadPoolExecutor.runWorker(ThreadPoolExecutor.java:1149)
	at java.util.concurrent.ThreadPoolExecutor$Worker.run(ThreadPoolExecutor.java:624)
	... 1 more
Caused by: org.apache.ratis.thirdparty.io.netty.channel.AbstractChannel$AnnotatedConnectException: Connection refused: /192.168.157.204:42858
	at sun.nio.ch.SocketChannelImpl.checkConnect(Native Method)
	at sun.nio.ch.SocketChannelImpl.finishConnect(SocketChannelImpl.java:717)
	at org.apache.ratis.thirdparty.io.netty.channel.socket.nio.NioSocketChannel.doFinishConnect(NioSocketChannel.java:327)
	at org.apache.ratis.thirdparty.io.netty.channel.nio.AbstractNioChannel$AbstractNioUnsafe.finishConnect(AbstractNioChannel.java:340)
	at org.apache.ratis.thirdparty.io.netty.channel.nio.NioEventLoop.processSelectedKey(NioEventLoop.java:632)
	at org.apache.ratis.thirdparty.io.netty.channel.nio.NioEventLoop.processSelectedKeysOptimized(NioEventLoop.java:579)
	at org.apache.ratis.thirdparty.io.netty.channel.nio.NioEventLoop.processSelectedKeys(NioEventLoop.java:496)
	at org.apache.ratis.thirdparty.io.netty.channel.nio.NioEventLoop.run(NioEventLoop.java:458)
	at org.apache.ratis.thirdparty.io.netty.util.concurrent.SingleThreadEventExecutor$5.run(SingleThreadEventExecutor.java:897)
	at org.apache.ratis.thirdparty.io.netty.util.concurrent.FastThreadLocalRunnable.run(FastThreadLocalRunnable.java:30)
	... 1 more
Caused by: java.net.ConnectException: Connection refused
	... 11 more
2019-10-20 13:11:17,994 [grpc-default-executor-10] INFO  impl.RaftServerImpl (RaftServerImpl.java:setRole(184)) - 1ac0a8d4-e534-43ce-83b1-426d47a3040d@group-42C3DBE2B33D: changes role from  FOLLOWER to FOLLOWER at term 167 for recognizeCandidate:7660b851-9671-46a6-9e1d-7d946f95d492
2019-10-20 13:11:17,994 [grpc-default-executor-10] INFO  impl.RoleInfo (RoleInfo.java:shutdownFollowerState(121)) - 1ac0a8d4-e534-43ce-83b1-426d47a3040d: shutdown FollowerState
2019-10-20 13:11:17,994 [grpc-default-executor-10] INFO  impl.RoleInfo (RoleInfo.java:updateAndGet(143)) - 1ac0a8d4-e534-43ce-83b1-426d47a3040d: start FollowerState
2019-10-20 13:11:17,995 [Thread-25703] INFO  impl.FollowerState (FollowerState.java:run(117)) - 1ac0a8d4-e534-43ce-83b1-426d47a3040d@group-42C3DBE2B33D-FollowerState was interrupted: java.lang.InterruptedException: sleep interrupted
2019-10-20 13:11:18,008 [7660b851-9671-46a6-9e1d-7d946f95d492@group-42C3DBE2B33D-LeaderElection3445] INFO  impl.LeaderElection (LeaderElection.java:logAndReturn(56)) - 7660b851-9671-46a6-9e1d-7d946f95d492@group-42C3DBE2B33D-LeaderElection3445: Election REJECTED; received 1 response(s) [7660b851-9671-46a6-9e1d-7d946f95d492<-1ac0a8d4-e534-43ce-83b1-426d47a3040d#0:FAIL-t167] and 1 exception(s); 7660b851-9671-46a6-9e1d-7d946f95d492@group-42C3DBE2B33D:t167, leader=null, voted=7660b851-9671-46a6-9e1d-7d946f95d492, raftlog=7660b851-9671-46a6-9e1d-7d946f95d492@group-42C3DBE2B33D-SegmentedRaftLog:OPENED:c-1,f-1,i0, conf=-1: [fdf19479-69c2-4639-b68c-6adde78ca28a:192.168.157.204:42858, 1ac0a8d4-e534-43ce-83b1-426d47a3040d:192.168.157.204:32953, 7660b851-9671-46a6-9e1d-7d946f95d492:192.168.157.204:41682], old=null
2019-10-20 13:11:18,008 [7660b851-9671-46a6-9e1d-7d946f95d492@group-42C3DBE2B33D-LeaderElection3445] INFO  impl.LeaderElection (LogUtils.java:infoOrTrace(149)) -   Exception 0: {}
java.util.concurrent.ExecutionException: org.apache.ratis.thirdparty.io.grpc.StatusRuntimeException: UNAVAILABLE: io exception
	at java.util.concurrent.FutureTask.report(FutureTask.java:122)
	at java.util.concurrent.FutureTask.get(FutureTask.java:192)
	at org.apache.ratis.server.impl.LeaderElection.waitForResults(LeaderElection.java:259)
	at org.apache.ratis.server.impl.LeaderElection.askForVotes(LeaderElection.java:197)
	at org.apache.ratis.server.impl.LeaderElection.run(LeaderElection.java:133)
	at java.lang.Thread.run(Thread.java:748)
Caused by: org.apache.ratis.thirdparty.io.grpc.StatusRuntimeException: UNAVAILABLE: io exception
	at org.apache.ratis.thirdparty.io.grpc.stub.ClientCalls.toStatusRuntimeException(ClientCalls.java:233)
	at org.apache.ratis.thirdparty.io.grpc.stub.ClientCalls.getUnchecked(ClientCalls.java:214)
	at org.apache.ratis.thirdparty.io.grpc.stub.ClientCalls.blockingUnaryCall(ClientCalls.java:139)
	at org.apache.ratis.proto.grpc.RaftServerProtocolServiceGrpc$RaftServerProtocolServiceBlockingStub.requestVote(RaftServerProtocolServiceGrpc.java:265)
	at org.apache.ratis.grpc.server.GrpcServerProtocolClient.requestVote(GrpcServerProtocolClient.java:99)
	at org.apache.ratis.grpc.server.GrpcService.requestVote(GrpcService.java:204)
	at org.apache.ratis.server.impl.LeaderElection.lambda$submitRequests$1(LeaderElection.java:234)
	at java.util.concurrent.FutureTask.run(FutureTask.java:266)
	at java.util.concurrent.Executors$RunnableAdapter.call(Executors.java:511)
	at java.util.concurrent.FutureTask.run(FutureTask.java:266)
	at java.util.concurrent.ThreadPoolExecutor.runWorker(ThreadPoolExecutor.java:1149)
	at java.util.concurrent.ThreadPoolExecutor$Worker.run(ThreadPoolExecutor.java:624)
	... 1 more
Caused by: org.apache.ratis.thirdparty.io.netty.channel.AbstractChannel$AnnotatedConnectException: Connection refused: /192.168.157.204:42858
	at sun.nio.ch.SocketChannelImpl.checkConnect(Native Method)
	at sun.nio.ch.SocketChannelImpl.finishConnect(SocketChannelImpl.java:717)
	at org.apache.ratis.thirdparty.io.netty.channel.socket.nio.NioSocketChannel.doFinishConnect(NioSocketChannel.java:327)
	at org.apache.ratis.thirdparty.io.netty.channel.nio.AbstractNioChannel$AbstractNioUnsafe.finishConnect(AbstractNioChannel.java:340)
	at org.apache.ratis.thirdparty.io.netty.channel.nio.NioEventLoop.processSelectedKey(NioEventLoop.java:632)
	at org.apache.ratis.thirdparty.io.netty.channel.nio.NioEventLoop.processSelectedKeysOptimized(NioEventLoop.java:579)
	at org.apache.ratis.thirdparty.io.netty.channel.nio.NioEventLoop.processSelectedKeys(NioEventLoop.java:496)
	at org.apache.ratis.thirdparty.io.netty.channel.nio.NioEventLoop.run(NioEventLoop.java:458)
	at org.apache.ratis.thirdparty.io.netty.util.concurrent.SingleThreadEventExecutor$5.run(SingleThreadEventExecutor.java:897)
	at org.apache.ratis.thirdparty.io.netty.util.concurrent.FastThreadLocalRunnable.run(FastThreadLocalRunnable.java:30)
	... 1 more
Caused by: java.net.ConnectException: Connection refused
	... 11 more
2019-10-20 13:11:18,008 [7660b851-9671-46a6-9e1d-7d946f95d492@group-42C3DBE2B33D-LeaderElection3445] INFO  impl.RaftServerImpl (RaftServerImpl.java:setRole(184)) - 7660b851-9671-46a6-9e1d-7d946f95d492@group-42C3DBE2B33D: changes role from CANDIDATE to FOLLOWER at term 167 for DISCOVERED_A_NEW_TERM
2019-10-20 13:11:18,008 [7660b851-9671-46a6-9e1d-7d946f95d492@group-42C3DBE2B33D-LeaderElection3445] INFO  impl.RoleInfo (RoleInfo.java:shutdownLeaderElection(134)) - 7660b851-9671-46a6-9e1d-7d946f95d492: shutdown LeaderElection
2019-10-20 13:11:18,008 [7660b851-9671-46a6-9e1d-7d946f95d492@group-42C3DBE2B33D-LeaderElection3445] INFO  impl.RoleInfo (RoleInfo.java:updateAndGet(143)) - 7660b851-9671-46a6-9e1d-7d946f95d492: start FollowerState
2019-10-20 13:11:18,127 [Thread-25709] INFO  impl.FollowerState (FollowerState.java:run(108)) - 7660b851-9671-46a6-9e1d-7d946f95d492@group-42C3DBE2B33D-FollowerState: change to CANDIDATE, lastRpcTime:118ms, electionTimeout:118ms
2019-10-20 13:11:18,127 [Thread-25709] INFO  impl.RoleInfo (RoleInfo.java:shutdownFollowerState(121)) - 7660b851-9671-46a6-9e1d-7d946f95d492: shutdown FollowerState
2019-10-20 13:11:18,127 [Thread-25709] INFO  impl.RaftServerImpl (RaftServerImpl.java:setRole(184)) - 7660b851-9671-46a6-9e1d-7d946f95d492@group-42C3DBE2B33D: changes role from  FOLLOWER to CANDIDATE at term 167 for changeToCandidate
2019-10-20 13:11:18,127 [Thread-25709] INFO  impl.RoleInfo (RoleInfo.java:updateAndGet(143)) - 7660b851-9671-46a6-9e1d-7d946f95d492: start LeaderElection
2019-10-20 13:11:18,140 [7660b851-9671-46a6-9e1d-7d946f95d492@group-42C3DBE2B33D-LeaderElection3446] INFO  impl.LeaderElection (LeaderElection.java:askForVotes(178)) - 7660b851-9671-46a6-9e1d-7d946f95d492@group-42C3DBE2B33D-LeaderElection3446: begin an election at term 168 for -1: [fdf19479-69c2-4639-b68c-6adde78ca28a:192.168.157.204:42858, 1ac0a8d4-e534-43ce-83b1-426d47a3040d:192.168.157.204:32953, 7660b851-9671-46a6-9e1d-7d946f95d492:192.168.157.204:41682], old=null
2019-10-20 13:11:18,141 [7660b851-9671-46a6-9e1d-7d946f95d492@group-42C3DBE2B33D-LeaderElection3446] INFO  impl.LeaderElection (LogUtils.java:infoOrTrace(149)) - 7660b851-9671-46a6-9e1d-7d946f95d492@group-42C3DBE2B33D-LeaderElection3446 got exception when requesting votes: {}
java.util.concurrent.ExecutionException: org.apache.ratis.thirdparty.io.grpc.StatusRuntimeException: UNAVAILABLE: io exception
	at java.util.concurrent.FutureTask.report(FutureTask.java:122)
	at java.util.concurrent.FutureTask.get(FutureTask.java:192)
	at org.apache.ratis.server.impl.LeaderElection.waitForResults(LeaderElection.java:259)
	at org.apache.ratis.server.impl.LeaderElection.askForVotes(LeaderElection.java:197)
	at org.apache.ratis.server.impl.LeaderElection.run(LeaderElection.java:133)
	at java.lang.Thread.run(Thread.java:748)
Caused by: org.apache.ratis.thirdparty.io.grpc.StatusRuntimeException: UNAVAILABLE: io exception
	at org.apache.ratis.thirdparty.io.grpc.stub.ClientCalls.toStatusRuntimeException(ClientCalls.java:233)
	at org.apache.ratis.thirdparty.io.grpc.stub.ClientCalls.getUnchecked(ClientCalls.java:214)
	at org.apache.ratis.thirdparty.io.grpc.stub.ClientCalls.blockingUnaryCall(ClientCalls.java:139)
	at org.apache.ratis.proto.grpc.RaftServerProtocolServiceGrpc$RaftServerProtocolServiceBlockingStub.requestVote(RaftServerProtocolServiceGrpc.java:265)
	at org.apache.ratis.grpc.server.GrpcServerProtocolClient.requestVote(GrpcServerProtocolClient.java:99)
	at org.apache.ratis.grpc.server.GrpcService.requestVote(GrpcService.java:204)
	at org.apache.ratis.server.impl.LeaderElection.lambda$submitRequests$1(LeaderElection.java:234)
	at java.util.concurrent.FutureTask.run(FutureTask.java:266)
	at java.util.concurrent.Executors$RunnableAdapter.call(Executors.java:511)
	at java.util.concurrent.FutureTask.run(FutureTask.java:266)
	at java.util.concurrent.ThreadPoolExecutor.runWorker(ThreadPoolExecutor.java:1149)
	at java.util.concurrent.ThreadPoolExecutor$Worker.run(ThreadPoolExecutor.java:624)
	... 1 more
Caused by: org.apache.ratis.thirdparty.io.netty.channel.AbstractChannel$AnnotatedConnectException: Connection refused: /192.168.157.204:42858
	at sun.nio.ch.SocketChannelImpl.checkConnect(Native Method)
	at sun.nio.ch.SocketChannelImpl.finishConnect(SocketChannelImpl.java:717)
	at org.apache.ratis.thirdparty.io.netty.channel.socket.nio.NioSocketChannel.doFinishConnect(NioSocketChannel.java:327)
	at org.apache.ratis.thirdparty.io.netty.channel.nio.AbstractNioChannel$AbstractNioUnsafe.finishConnect(AbstractNioChannel.java:340)
	at org.apache.ratis.thirdparty.io.netty.channel.nio.NioEventLoop.processSelectedKey(NioEventLoop.java:632)
	at org.apache.ratis.thirdparty.io.netty.channel.nio.NioEventLoop.processSelectedKeysOptimized(NioEventLoop.java:579)
	at org.apache.ratis.thirdparty.io.netty.channel.nio.NioEventLoop.processSelectedKeys(NioEventLoop.java:496)
	at org.apache.ratis.thirdparty.io.netty.channel.nio.NioEventLoop.run(NioEventLoop.java:458)
	at org.apache.ratis.thirdparty.io.netty.util.concurrent.SingleThreadEventExecutor$5.run(SingleThreadEventExecutor.java:897)
	at org.apache.ratis.thirdparty.io.netty.util.concurrent.FastThreadLocalRunnable.run(FastThreadLocalRunnable.java:30)
	... 1 more
Caused by: java.net.ConnectException: Connection refused
	... 11 more
2019-10-20 13:11:18,141 [grpc-default-executor-10] INFO  impl.RaftServerImpl (RaftServerImpl.java:setRole(184)) - 1ac0a8d4-e534-43ce-83b1-426d47a3040d@group-42C3DBE2B33D: changes role from  FOLLOWER to FOLLOWER at term 168 for recognizeCandidate:7660b851-9671-46a6-9e1d-7d946f95d492
2019-10-20 13:11:18,142 [grpc-default-executor-10] INFO  impl.RoleInfo (RoleInfo.java:shutdownFollowerState(121)) - 1ac0a8d4-e534-43ce-83b1-426d47a3040d: shutdown FollowerState
2019-10-20 13:11:18,142 [grpc-default-executor-10] INFO  impl.RoleInfo (RoleInfo.java:updateAndGet(143)) - 1ac0a8d4-e534-43ce-83b1-426d47a3040d: start FollowerState
2019-10-20 13:11:18,142 [Thread-25708] INFO  impl.FollowerState (FollowerState.java:run(117)) - 1ac0a8d4-e534-43ce-83b1-426d47a3040d@group-42C3DBE2B33D-FollowerState was interrupted: java.lang.InterruptedException: sleep interrupted
2019-10-20 13:11:18,159 [7660b851-9671-46a6-9e1d-7d946f95d492@group-42C3DBE2B33D-LeaderElection3446] INFO  impl.LeaderElection (LeaderElection.java:logAndReturn(56)) - 7660b851-9671-46a6-9e1d-7d946f95d492@group-42C3DBE2B33D-LeaderElection3446: Election REJECTED; received 1 response(s) [7660b851-9671-46a6-9e1d-7d946f95d492<-1ac0a8d4-e534-43ce-83b1-426d47a3040d#0:FAIL-t168] and 1 exception(s); 7660b851-9671-46a6-9e1d-7d946f95d492@group-42C3DBE2B33D:t168, leader=null, voted=7660b851-9671-46a6-9e1d-7d946f95d492, raftlog=7660b851-9671-46a6-9e1d-7d946f95d492@group-42C3DBE2B33D-SegmentedRaftLog:OPENED:c-1,f-1,i0, conf=-1: [fdf19479-69c2-4639-b68c-6adde78ca28a:192.168.157.204:42858, 1ac0a8d4-e534-43ce-83b1-426d47a3040d:192.168.157.204:32953, 7660b851-9671-46a6-9e1d-7d946f95d492:192.168.157.204:41682], old=null
2019-10-20 13:11:18,159 [7660b851-9671-46a6-9e1d-7d946f95d492@group-42C3DBE2B33D-LeaderElection3446] INFO  impl.LeaderElection (LogUtils.java:infoOrTrace(149)) -   Exception 0: {}
java.util.concurrent.ExecutionException: org.apache.ratis.thirdparty.io.grpc.StatusRuntimeException: UNAVAILABLE: io exception
	at java.util.concurrent.FutureTask.report(FutureTask.java:122)
	at java.util.concurrent.FutureTask.get(FutureTask.java:192)
	at org.apache.ratis.server.impl.LeaderElection.waitForResults(LeaderElection.java:259)
	at org.apache.ratis.server.impl.LeaderElection.askForVotes(LeaderElection.java:197)
	at org.apache.ratis.server.impl.LeaderElection.run(LeaderElection.java:133)
	at java.lang.Thread.run(Thread.java:748)
Caused by: org.apache.ratis.thirdparty.io.grpc.StatusRuntimeException: UNAVAILABLE: io exception
	at org.apache.ratis.thirdparty.io.grpc.stub.ClientCalls.toStatusRuntimeException(ClientCalls.java:233)
	at org.apache.ratis.thirdparty.io.grpc.stub.ClientCalls.getUnchecked(ClientCalls.java:214)
	at org.apache.ratis.thirdparty.io.grpc.stub.ClientCalls.blockingUnaryCall(ClientCalls.java:139)
	at org.apache.ratis.proto.grpc.RaftServerProtocolServiceGrpc$RaftServerProtocolServiceBlockingStub.requestVote(RaftServerProtocolServiceGrpc.java:265)
	at org.apache.ratis.grpc.server.GrpcServerProtocolClient.requestVote(GrpcServerProtocolClient.java:99)
	at org.apache.ratis.grpc.server.GrpcService.requestVote(GrpcService.java:204)
	at org.apache.ratis.server.impl.LeaderElection.lambda$submitRequests$1(LeaderElection.java:234)
	at java.util.concurrent.FutureTask.run(FutureTask.java:266)
	at java.util.concurrent.Executors$RunnableAdapter.call(Executors.java:511)
	at java.util.concurrent.FutureTask.run(FutureTask.java:266)
	at java.util.concurrent.ThreadPoolExecutor.runWorker(ThreadPoolExecutor.java:1149)
	at java.util.concurrent.ThreadPoolExecutor$Worker.run(ThreadPoolExecutor.java:624)
	... 1 more
Caused by: org.apache.ratis.thirdparty.io.netty.channel.AbstractChannel$AnnotatedConnectException: Connection refused: /192.168.157.204:42858
	at sun.nio.ch.SocketChannelImpl.checkConnect(Native Method)
	at sun.nio.ch.SocketChannelImpl.finishConnect(SocketChannelImpl.java:717)
	at org.apache.ratis.thirdparty.io.netty.channel.socket.nio.NioSocketChannel.doFinishConnect(NioSocketChannel.java:327)
	at org.apache.ratis.thirdparty.io.netty.channel.nio.AbstractNioChannel$AbstractNioUnsafe.finishConnect(AbstractNioChannel.java:340)
	at org.apache.ratis.thirdparty.io.netty.channel.nio.NioEventLoop.processSelectedKey(NioEventLoop.java:632)
	at org.apache.ratis.thirdparty.io.netty.channel.nio.NioEventLoop.processSelectedKeysOptimized(NioEventLoop.java:579)
	at org.apache.ratis.thirdparty.io.netty.channel.nio.NioEventLoop.processSelectedKeys(NioEventLoop.java:496)
	at org.apache.ratis.thirdparty.io.netty.channel.nio.NioEventLoop.run(NioEventLoop.java:458)
	at org.apache.ratis.thirdparty.io.netty.util.concurrent.SingleThreadEventExecutor$5.run(SingleThreadEventExecutor.java:897)
	at org.apache.ratis.thirdparty.io.netty.util.concurrent.FastThreadLocalRunnable.run(FastThreadLocalRunnable.java:30)
	... 1 more
Caused by: java.net.ConnectException: Connection refused
	... 11 more
2019-10-20 13:11:18,159 [7660b851-9671-46a6-9e1d-7d946f95d492@group-42C3DBE2B33D-LeaderElection3446] INFO  impl.RaftServerImpl (RaftServerImpl.java:setRole(184)) - 7660b851-9671-46a6-9e1d-7d946f95d492@group-42C3DBE2B33D: changes role from CANDIDATE to FOLLOWER at term 168 for DISCOVERED_A_NEW_TERM
2019-10-20 13:11:18,159 [7660b851-9671-46a6-9e1d-7d946f95d492@group-42C3DBE2B33D-LeaderElection3446] INFO  impl.RoleInfo (RoleInfo.java:shutdownLeaderElection(134)) - 7660b851-9671-46a6-9e1d-7d946f95d492: shutdown LeaderElection
2019-10-20 13:11:18,159 [7660b851-9671-46a6-9e1d-7d946f95d492@group-42C3DBE2B33D-LeaderElection3446] INFO  impl.RoleInfo (RoleInfo.java:updateAndGet(143)) - 7660b851-9671-46a6-9e1d-7d946f95d492: start FollowerState
2019-10-20 13:11:18,189 [Thread-25718] INFO  impl.FollowerState (FollowerState.java:run(108)) - 7660b851-9671-46a6-9e1d-7d946f95d492@group-42C3DBE2B33D-FollowerState: change to CANDIDATE, lastRpcTime:29ms, electionTimeout:29ms
2019-10-20 13:11:18,189 [Thread-25718] INFO  impl.RoleInfo (RoleInfo.java:shutdownFollowerState(121)) - 7660b851-9671-46a6-9e1d-7d946f95d492: shutdown FollowerState
2019-10-20 13:11:18,189 [Thread-25718] INFO  impl.RaftServerImpl (RaftServerImpl.java:setRole(184)) - 7660b851-9671-46a6-9e1d-7d946f95d492@group-42C3DBE2B33D: changes role from  FOLLOWER to CANDIDATE at term 168 for changeToCandidate
2019-10-20 13:11:18,189 [Thread-25718] INFO  impl.RoleInfo (RoleInfo.java:updateAndGet(143)) - 7660b851-9671-46a6-9e1d-7d946f95d492: start LeaderElection
2019-10-20 13:11:18,214 [7660b851-9671-46a6-9e1d-7d946f95d492@group-42C3DBE2B33D-LeaderElection3447] INFO  impl.LeaderElection (LeaderElection.java:askForVotes(178)) - 7660b851-9671-46a6-9e1d-7d946f95d492@group-42C3DBE2B33D-LeaderElection3447: begin an election at term 169 for -1: [fdf19479-69c2-4639-b68c-6adde78ca28a:192.168.157.204:42858, 1ac0a8d4-e534-43ce-83b1-426d47a3040d:192.168.157.204:32953, 7660b851-9671-46a6-9e1d-7d946f95d492:192.168.157.204:41682], old=null
2019-10-20 13:11:18,214 [7660b851-9671-46a6-9e1d-7d946f95d492@group-42C3DBE2B33D-LeaderElection3447] INFO  impl.LeaderElection (LogUtils.java:infoOrTrace(149)) - 7660b851-9671-46a6-9e1d-7d946f95d492@group-42C3DBE2B33D-LeaderElection3447 got exception when requesting votes: {}
java.util.concurrent.ExecutionException: org.apache.ratis.thirdparty.io.grpc.StatusRuntimeException: UNAVAILABLE: io exception
	at java.util.concurrent.FutureTask.report(FutureTask.java:122)
	at java.util.concurrent.FutureTask.get(FutureTask.java:192)
	at org.apache.ratis.server.impl.LeaderElection.waitForResults(LeaderElection.java:259)
	at org.apache.ratis.server.impl.LeaderElection.askForVotes(LeaderElection.java:197)
	at org.apache.ratis.server.impl.LeaderElection.run(LeaderElection.java:133)
	at java.lang.Thread.run(Thread.java:748)
Caused by: org.apache.ratis.thirdparty.io.grpc.StatusRuntimeException: UNAVAILABLE: io exception
	at org.apache.ratis.thirdparty.io.grpc.stub.ClientCalls.toStatusRuntimeException(ClientCalls.java:233)
	at org.apache.ratis.thirdparty.io.grpc.stub.ClientCalls.getUnchecked(ClientCalls.java:214)
	at org.apache.ratis.thirdparty.io.grpc.stub.ClientCalls.blockingUnaryCall(ClientCalls.java:139)
	at org.apache.ratis.proto.grpc.RaftServerProtocolServiceGrpc$RaftServerProtocolServiceBlockingStub.requestVote(RaftServerProtocolServiceGrpc.java:265)
	at org.apache.ratis.grpc.server.GrpcServerProtocolClient.requestVote(GrpcServerProtocolClient.java:99)
	at org.apache.ratis.grpc.server.GrpcService.requestVote(GrpcService.java:204)
	at org.apache.ratis.server.impl.LeaderElection.lambda$submitRequests$1(LeaderElection.java:234)
	at java.util.concurrent.FutureTask.run(FutureTask.java:266)
	at java.util.concurrent.Executors$RunnableAdapter.call(Executors.java:511)
	at java.util.concurrent.FutureTask.run(FutureTask.java:266)
	at java.util.concurrent.ThreadPoolExecutor.runWorker(ThreadPoolExecutor.java:1149)
	at java.util.concurrent.ThreadPoolExecutor$Worker.run(ThreadPoolExecutor.java:624)
	... 1 more
Caused by: org.apache.ratis.thirdparty.io.netty.channel.AbstractChannel$AnnotatedConnectException: Connection refused: /192.168.157.204:42858
	at sun.nio.ch.SocketChannelImpl.checkConnect(Native Method)
	at sun.nio.ch.SocketChannelImpl.finishConnect(SocketChannelImpl.java:717)
	at org.apache.ratis.thirdparty.io.netty.channel.socket.nio.NioSocketChannel.doFinishConnect(NioSocketChannel.java:327)
	at org.apache.ratis.thirdparty.io.netty.channel.nio.AbstractNioChannel$AbstractNioUnsafe.finishConnect(AbstractNioChannel.java:340)
	at org.apache.ratis.thirdparty.io.netty.channel.nio.NioEventLoop.processSelectedKey(NioEventLoop.java:632)
	at org.apache.ratis.thirdparty.io.netty.channel.nio.NioEventLoop.processSelectedKeysOptimized(NioEventLoop.java:579)
	at org.apache.ratis.thirdparty.io.netty.channel.nio.NioEventLoop.processSelectedKeys(NioEventLoop.java:496)
	at org.apache.ratis.thirdparty.io.netty.channel.nio.NioEventLoop.run(NioEventLoop.java:458)
	at org.apache.ratis.thirdparty.io.netty.util.concurrent.SingleThreadEventExecutor$5.run(SingleThreadEventExecutor.java:897)
	at org.apache.ratis.thirdparty.io.netty.util.concurrent.FastThreadLocalRunnable.run(FastThreadLocalRunnable.java:30)
	... 1 more
Caused by: java.net.ConnectException: Connection refused
	... 11 more
2019-10-20 13:11:18,215 [grpc-default-executor-10] INFO  impl.RaftServerImpl (RaftServerImpl.java:setRole(184)) - 1ac0a8d4-e534-43ce-83b1-426d47a3040d@group-42C3DBE2B33D: changes role from  FOLLOWER to FOLLOWER at term 169 for recognizeCandidate:7660b851-9671-46a6-9e1d-7d946f95d492
2019-10-20 13:11:18,215 [grpc-default-executor-10] INFO  impl.RoleInfo (RoleInfo.java:shutdownFollowerState(121)) - 1ac0a8d4-e534-43ce-83b1-426d47a3040d: shutdown FollowerState
2019-10-20 13:11:18,215 [grpc-default-executor-10] INFO  impl.RoleInfo (RoleInfo.java:updateAndGet(143)) - 1ac0a8d4-e534-43ce-83b1-426d47a3040d: start FollowerState
2019-10-20 13:11:18,215 [Thread-25715] INFO  impl.FollowerState (FollowerState.java:run(117)) - 1ac0a8d4-e534-43ce-83b1-426d47a3040d@group-42C3DBE2B33D-FollowerState was interrupted: java.lang.InterruptedException: sleep interrupted
2019-10-20 13:11:18,228 [7660b851-9671-46a6-9e1d-7d946f95d492@group-42C3DBE2B33D-LeaderElection3447] INFO  impl.LeaderElection (LeaderElection.java:logAndReturn(56)) - 7660b851-9671-46a6-9e1d-7d946f95d492@group-42C3DBE2B33D-LeaderElection3447: Election REJECTED; received 1 response(s) [7660b851-9671-46a6-9e1d-7d946f95d492<-1ac0a8d4-e534-43ce-83b1-426d47a3040d#0:FAIL-t169] and 1 exception(s); 7660b851-9671-46a6-9e1d-7d946f95d492@group-42C3DBE2B33D:t169, leader=null, voted=7660b851-9671-46a6-9e1d-7d946f95d492, raftlog=7660b851-9671-46a6-9e1d-7d946f95d492@group-42C3DBE2B33D-SegmentedRaftLog:OPENED:c-1,f-1,i0, conf=-1: [fdf19479-69c2-4639-b68c-6adde78ca28a:192.168.157.204:42858, 1ac0a8d4-e534-43ce-83b1-426d47a3040d:192.168.157.204:32953, 7660b851-9671-46a6-9e1d-7d946f95d492:192.168.157.204:41682], old=null
2019-10-20 13:11:18,229 [7660b851-9671-46a6-9e1d-7d946f95d492@group-42C3DBE2B33D-LeaderElection3447] INFO  impl.LeaderElection (LogUtils.java:infoOrTrace(149)) -   Exception 0: {}
java.util.concurrent.ExecutionException: org.apache.ratis.thirdparty.io.grpc.StatusRuntimeException: UNAVAILABLE: io exception
	at java.util.concurrent.FutureTask.report(FutureTask.java:122)
	at java.util.concurrent.FutureTask.get(FutureTask.java:192)
	at org.apache.ratis.server.impl.LeaderElection.waitForResults(LeaderElection.java:259)
	at org.apache.ratis.server.impl.LeaderElection.askForVotes(LeaderElection.java:197)
	at org.apache.ratis.server.impl.LeaderElection.run(LeaderElection.java:133)
	at java.lang.Thread.run(Thread.java:748)
Caused by: org.apache.ratis.thirdparty.io.grpc.StatusRuntimeException: UNAVAILABLE: io exception
	at org.apache.ratis.thirdparty.io.grpc.stub.ClientCalls.toStatusRuntimeException(ClientCalls.java:233)
	at org.apache.ratis.thirdparty.io.grpc.stub.ClientCalls.getUnchecked(ClientCalls.java:214)
	at org.apache.ratis.thirdparty.io.grpc.stub.ClientCalls.blockingUnaryCall(ClientCalls.java:139)
	at org.apache.ratis.proto.grpc.RaftServerProtocolServiceGrpc$RaftServerProtocolServiceBlockingStub.requestVote(RaftServerProtocolServiceGrpc.java:265)
	at org.apache.ratis.grpc.server.GrpcServerProtocolClient.requestVote(GrpcServerProtocolClient.java:99)
	at org.apache.ratis.grpc.server.GrpcService.requestVote(GrpcService.java:204)
	at org.apache.ratis.server.impl.LeaderElection.lambda$submitRequests$1(LeaderElection.java:234)
	at java.util.concurrent.FutureTask.run(FutureTask.java:266)
	at java.util.concurrent.Executors$RunnableAdapter.call(Executors.java:511)
	at java.util.concurrent.FutureTask.run(FutureTask.java:266)
	at java.util.concurrent.ThreadPoolExecutor.runWorker(ThreadPoolExecutor.java:1149)
	at java.util.concurrent.ThreadPoolExecutor$Worker.run(ThreadPoolExecutor.java:624)
	... 1 more
Caused by: org.apache.ratis.thirdparty.io.netty.channel.AbstractChannel$AnnotatedConnectException: Connection refused: /192.168.157.204:42858
	at sun.nio.ch.SocketChannelImpl.checkConnect(Native Method)
	at sun.nio.ch.SocketChannelImpl.finishConnect(SocketChannelImpl.java:717)
	at org.apache.ratis.thirdparty.io.netty.channel.socket.nio.NioSocketChannel.doFinishConnect(NioSocketChannel.java:327)
	at org.apache.ratis.thirdparty.io.netty.channel.nio.AbstractNioChannel$AbstractNioUnsafe.finishConnect(AbstractNioChannel.java:340)
	at org.apache.ratis.thirdparty.io.netty.channel.nio.NioEventLoop.processSelectedKey(NioEventLoop.java:632)
	at org.apache.ratis.thirdparty.io.netty.channel.nio.NioEventLoop.processSelectedKeysOptimized(NioEventLoop.java:579)
	at org.apache.ratis.thirdparty.io.netty.channel.nio.NioEventLoop.processSelectedKeys(NioEventLoop.java:496)
	at org.apache.ratis.thirdparty.io.netty.channel.nio.NioEventLoop.run(NioEventLoop.java:458)
	at org.apache.ratis.thirdparty.io.netty.util.concurrent.SingleThreadEventExecutor$5.run(SingleThreadEventExecutor.java:897)
	at org.apache.ratis.thirdparty.io.netty.util.concurrent.FastThreadLocalRunnable.run(FastThreadLocalRunnable.java:30)
	... 1 more
Caused by: java.net.ConnectException: Connection refused
	... 11 more
2019-10-20 13:11:18,229 [7660b851-9671-46a6-9e1d-7d946f95d492@group-42C3DBE2B33D-LeaderElection3447] INFO  impl.RaftServerImpl (RaftServerImpl.java:setRole(184)) - 7660b851-9671-46a6-9e1d-7d946f95d492@group-42C3DBE2B33D: changes role from CANDIDATE to FOLLOWER at term 169 for DISCOVERED_A_NEW_TERM
2019-10-20 13:11:18,229 [7660b851-9671-46a6-9e1d-7d946f95d492@group-42C3DBE2B33D-LeaderElection3447] INFO  impl.RoleInfo (RoleInfo.java:shutdownLeaderElection(134)) - 7660b851-9671-46a6-9e1d-7d946f95d492: shutdown LeaderElection
2019-10-20 13:11:18,229 [7660b851-9671-46a6-9e1d-7d946f95d492@group-42C3DBE2B33D-LeaderElection3447] INFO  impl.RoleInfo (RoleInfo.java:updateAndGet(143)) - 7660b851-9671-46a6-9e1d-7d946f95d492: start FollowerState
2019-10-20 13:11:18,248 [Thread-25723] INFO  impl.FollowerState (FollowerState.java:run(108)) - 7660b851-9671-46a6-9e1d-7d946f95d492@group-42C3DBE2B33D-FollowerState: change to CANDIDATE, lastRpcTime:18ms, electionTimeout:18ms
2019-10-20 13:11:18,248 [Thread-25723] INFO  impl.RoleInfo (RoleInfo.java:shutdownFollowerState(121)) - 7660b851-9671-46a6-9e1d-7d946f95d492: shutdown FollowerState
2019-10-20 13:11:18,248 [Thread-25723] INFO  impl.RaftServerImpl (RaftServerImpl.java:setRole(184)) - 7660b851-9671-46a6-9e1d-7d946f95d492@group-42C3DBE2B33D: changes role from  FOLLOWER to CANDIDATE at term 169 for changeToCandidate
2019-10-20 13:11:18,248 [Thread-25723] INFO  impl.RoleInfo (RoleInfo.java:updateAndGet(143)) - 7660b851-9671-46a6-9e1d-7d946f95d492: start LeaderElection
2019-10-20 13:11:18,262 [7660b851-9671-46a6-9e1d-7d946f95d492@group-42C3DBE2B33D-LeaderElection3448] INFO  impl.LeaderElection (LeaderElection.java:askForVotes(178)) - 7660b851-9671-46a6-9e1d-7d946f95d492@group-42C3DBE2B33D-LeaderElection3448: begin an election at term 170 for -1: [fdf19479-69c2-4639-b68c-6adde78ca28a:192.168.157.204:42858, 1ac0a8d4-e534-43ce-83b1-426d47a3040d:192.168.157.204:32953, 7660b851-9671-46a6-9e1d-7d946f95d492:192.168.157.204:41682], old=null
2019-10-20 13:11:18,263 [7660b851-9671-46a6-9e1d-7d946f95d492@group-42C3DBE2B33D-LeaderElection3448] INFO  impl.LeaderElection (LogUtils.java:infoOrTrace(149)) - 7660b851-9671-46a6-9e1d-7d946f95d492@group-42C3DBE2B33D-LeaderElection3448 got exception when requesting votes: {}
java.util.concurrent.ExecutionException: org.apache.ratis.thirdparty.io.grpc.StatusRuntimeException: UNAVAILABLE: io exception
	at java.util.concurrent.FutureTask.report(FutureTask.java:122)
	at java.util.concurrent.FutureTask.get(FutureTask.java:192)
	at org.apache.ratis.server.impl.LeaderElection.waitForResults(LeaderElection.java:259)
	at org.apache.ratis.server.impl.LeaderElection.askForVotes(LeaderElection.java:197)
	at org.apache.ratis.server.impl.LeaderElection.run(LeaderElection.java:133)
	at java.lang.Thread.run(Thread.java:748)
Caused by: org.apache.ratis.thirdparty.io.grpc.StatusRuntimeException: UNAVAILABLE: io exception
	at org.apache.ratis.thirdparty.io.grpc.stub.ClientCalls.toStatusRuntimeException(ClientCalls.java:233)
	at org.apache.ratis.thirdparty.io.grpc.stub.ClientCalls.getUnchecked(ClientCalls.java:214)
	at org.apache.ratis.thirdparty.io.grpc.stub.ClientCalls.blockingUnaryCall(ClientCalls.java:139)
	at org.apache.ratis.proto.grpc.RaftServerProtocolServiceGrpc$RaftServerProtocolServiceBlockingStub.requestVote(RaftServerProtocolServiceGrpc.java:265)
	at org.apache.ratis.grpc.server.GrpcServerProtocolClient.requestVote(GrpcServerProtocolClient.java:99)
	at org.apache.ratis.grpc.server.GrpcService.requestVote(GrpcService.java:204)
	at org.apache.ratis.server.impl.LeaderElection.lambda$submitRequests$1(LeaderElection.java:234)
	at java.util.concurrent.FutureTask.run(FutureTask.java:266)
	at java.util.concurrent.Executors$RunnableAdapter.call(Executors.java:511)
	at java.util.concurrent.FutureTask.run(FutureTask.java:266)
	at java.util.concurrent.ThreadPoolExecutor.runWorker(ThreadPoolExecutor.java:1149)
	at java.util.concurrent.ThreadPoolExecutor$Worker.run(ThreadPoolExecutor.java:624)
	... 1 more
Caused by: org.apache.ratis.thirdparty.io.netty.channel.AbstractChannel$AnnotatedConnectException: Connection refused: /192.168.157.204:42858
	at sun.nio.ch.SocketChannelImpl.checkConnect(Native Method)
	at sun.nio.ch.SocketChannelImpl.finishConnect(SocketChannelImpl.java:717)
	at org.apache.ratis.thirdparty.io.netty.channel.socket.nio.NioSocketChannel.doFinishConnect(NioSocketChannel.java:327)
	at org.apache.ratis.thirdparty.io.netty.channel.nio.AbstractNioChannel$AbstractNioUnsafe.finishConnect(AbstractNioChannel.java:340)
	at org.apache.ratis.thirdparty.io.netty.channel.nio.NioEventLoop.processSelectedKey(NioEventLoop.java:632)
	at org.apache.ratis.thirdparty.io.netty.channel.nio.NioEventLoop.processSelectedKeysOptimized(NioEventLoop.java:579)
	at org.apache.ratis.thirdparty.io.netty.channel.nio.NioEventLoop.processSelectedKeys(NioEventLoop.java:496)
	at org.apache.ratis.thirdparty.io.netty.channel.nio.NioEventLoop.run(NioEventLoop.java:458)
	at org.apache.ratis.thirdparty.io.netty.util.concurrent.SingleThreadEventExecutor$5.run(SingleThreadEventExecutor.java:897)
	at org.apache.ratis.thirdparty.io.netty.util.concurrent.FastThreadLocalRunnable.run(FastThreadLocalRunnable.java:30)
	... 1 more
Caused by: java.net.ConnectException: Connection refused
	... 11 more
2019-10-20 13:11:18,263 [grpc-default-executor-10] INFO  impl.RaftServerImpl (RaftServerImpl.java:setRole(184)) - 1ac0a8d4-e534-43ce-83b1-426d47a3040d@group-42C3DBE2B33D: changes role from  FOLLOWER to FOLLOWER at term 170 for recognizeCandidate:7660b851-9671-46a6-9e1d-7d946f95d492
2019-10-20 13:11:18,263 [grpc-default-executor-10] INFO  impl.RoleInfo (RoleInfo.java:shutdownFollowerState(121)) - 1ac0a8d4-e534-43ce-83b1-426d47a3040d: shutdown FollowerState
2019-10-20 13:11:18,263 [grpc-default-executor-10] INFO  impl.RoleInfo (RoleInfo.java:updateAndGet(143)) - 1ac0a8d4-e534-43ce-83b1-426d47a3040d: start FollowerState
2019-10-20 13:11:18,263 [Thread-25722] INFO  impl.FollowerState (FollowerState.java:run(117)) - 1ac0a8d4-e534-43ce-83b1-426d47a3040d@group-42C3DBE2B33D-FollowerState was interrupted: java.lang.InterruptedException: sleep interrupted
2019-10-20 13:11:18,277 [7660b851-9671-46a6-9e1d-7d946f95d492@group-42C3DBE2B33D-LeaderElection3448] INFO  impl.LeaderElection (LeaderElection.java:logAndReturn(56)) - 7660b851-9671-46a6-9e1d-7d946f95d492@group-42C3DBE2B33D-LeaderElection3448: Election REJECTED; received 1 response(s) [7660b851-9671-46a6-9e1d-7d946f95d492<-1ac0a8d4-e534-43ce-83b1-426d47a3040d#0:FAIL-t170] and 1 exception(s); 7660b851-9671-46a6-9e1d-7d946f95d492@group-42C3DBE2B33D:t170, leader=null, voted=7660b851-9671-46a6-9e1d-7d946f95d492, raftlog=7660b851-9671-46a6-9e1d-7d946f95d492@group-42C3DBE2B33D-SegmentedRaftLog:OPENED:c-1,f-1,i0, conf=-1: [fdf19479-69c2-4639-b68c-6adde78ca28a:192.168.157.204:42858, 1ac0a8d4-e534-43ce-83b1-426d47a3040d:192.168.157.204:32953, 7660b851-9671-46a6-9e1d-7d946f95d492:192.168.157.204:41682], old=null
2019-10-20 13:11:18,277 [7660b851-9671-46a6-9e1d-7d946f95d492@group-42C3DBE2B33D-LeaderElection3448] INFO  impl.LeaderElection (LogUtils.java:infoOrTrace(149)) -   Exception 0: {}
java.util.concurrent.ExecutionException: org.apache.ratis.thirdparty.io.grpc.StatusRuntimeException: UNAVAILABLE: io exception
	at java.util.concurrent.FutureTask.report(FutureTask.java:122)
	at java.util.concurrent.FutureTask.get(FutureTask.java:192)
	at org.apache.ratis.server.impl.LeaderElection.waitForResults(LeaderElection.java:259)
	at org.apache.ratis.server.impl.LeaderElection.askForVotes(LeaderElection.java:197)
	at org.apache.ratis.server.impl.LeaderElection.run(LeaderElection.java:133)
	at java.lang.Thread.run(Thread.java:748)
Caused by: org.apache.ratis.thirdparty.io.grpc.StatusRuntimeException: UNAVAILABLE: io exception
	at org.apache.ratis.thirdparty.io.grpc.stub.ClientCalls.toStatusRuntimeException(ClientCalls.java:233)
	at org.apache.ratis.thirdparty.io.grpc.stub.ClientCalls.getUnchecked(ClientCalls.java:214)
	at org.apache.ratis.thirdparty.io.grpc.stub.ClientCalls.blockingUnaryCall(ClientCalls.java:139)
	at org.apache.ratis.proto.grpc.RaftServerProtocolServiceGrpc$RaftServerProtocolServiceBlockingStub.requestVote(RaftServerProtocolServiceGrpc.java:265)
	at org.apache.ratis.grpc.server.GrpcServerProtocolClient.requestVote(GrpcServerProtocolClient.java:99)
	at org.apache.ratis.grpc.server.GrpcService.requestVote(GrpcService.java:204)
	at org.apache.ratis.server.impl.LeaderElection.lambda$submitRequests$1(LeaderElection.java:234)
	at java.util.concurrent.FutureTask.run(FutureTask.java:266)
	at java.util.concurrent.Executors$RunnableAdapter.call(Executors.java:511)
	at java.util.concurrent.FutureTask.run(FutureTask.java:266)
	at java.util.concurrent.ThreadPoolExecutor.runWorker(ThreadPoolExecutor.java:1149)
	at java.util.concurrent.ThreadPoolExecutor$Worker.run(ThreadPoolExecutor.java:624)
	... 1 more
Caused by: org.apache.ratis.thirdparty.io.netty.channel.AbstractChannel$AnnotatedConnectException: Connection refused: /192.168.157.204:42858
	at sun.nio.ch.SocketChannelImpl.checkConnect(Native Method)
	at sun.nio.ch.SocketChannelImpl.finishConnect(SocketChannelImpl.java:717)
	at org.apache.ratis.thirdparty.io.netty.channel.socket.nio.NioSocketChannel.doFinishConnect(NioSocketChannel.java:327)
	at org.apache.ratis.thirdparty.io.netty.channel.nio.AbstractNioChannel$AbstractNioUnsafe.finishConnect(AbstractNioChannel.java:340)
	at org.apache.ratis.thirdparty.io.netty.channel.nio.NioEventLoop.processSelectedKey(NioEventLoop.java:632)
	at org.apache.ratis.thirdparty.io.netty.channel.nio.NioEventLoop.processSelectedKeysOptimized(NioEventLoop.java:579)
	at org.apache.ratis.thirdparty.io.netty.channel.nio.NioEventLoop.processSelectedKeys(NioEventLoop.java:496)
	at org.apache.ratis.thirdparty.io.netty.channel.nio.NioEventLoop.run(NioEventLoop.java:458)
	at org.apache.ratis.thirdparty.io.netty.util.concurrent.SingleThreadEventExecutor$5.run(SingleThreadEventExecutor.java:897)
	at org.apache.ratis.thirdparty.io.netty.util.concurrent.FastThreadLocalRunnable.run(FastThreadLocalRunnable.java:30)
	... 1 more
Caused by: java.net.ConnectException: Connection refused
	... 11 more
2019-10-20 13:11:18,277 [7660b851-9671-46a6-9e1d-7d946f95d492@group-42C3DBE2B33D-LeaderElection3448] INFO  impl.RaftServerImpl (RaftServerImpl.java:setRole(184)) - 7660b851-9671-46a6-9e1d-7d946f95d492@group-42C3DBE2B33D: changes role from CANDIDATE to FOLLOWER at term 170 for DISCOVERED_A_NEW_TERM
2019-10-20 13:11:18,277 [7660b851-9671-46a6-9e1d-7d946f95d492@group-42C3DBE2B33D-LeaderElection3448] INFO  impl.RoleInfo (RoleInfo.java:shutdownLeaderElection(134)) - 7660b851-9671-46a6-9e1d-7d946f95d492: shutdown LeaderElection
2019-10-20 13:11:18,277 [7660b851-9671-46a6-9e1d-7d946f95d492@group-42C3DBE2B33D-LeaderElection3448] INFO  impl.RoleInfo (RoleInfo.java:updateAndGet(143)) - 7660b851-9671-46a6-9e1d-7d946f95d492: start FollowerState
2019-10-20 13:11:18,363 [Thread-25728] INFO  impl.FollowerState (FollowerState.java:run(108)) - 7660b851-9671-46a6-9e1d-7d946f95d492@group-42C3DBE2B33D-FollowerState: change to CANDIDATE, lastRpcTime:85ms, electionTimeout:85ms
2019-10-20 13:11:18,363 [Thread-25728] INFO  impl.RoleInfo (RoleInfo.java:shutdownFollowerState(121)) - 7660b851-9671-46a6-9e1d-7d946f95d492: shutdown FollowerState
2019-10-20 13:11:18,363 [Thread-25728] INFO  impl.RaftServerImpl (RaftServerImpl.java:setRole(184)) - 7660b851-9671-46a6-9e1d-7d946f95d492@group-42C3DBE2B33D: changes role from  FOLLOWER to CANDIDATE at term 170 for changeToCandidate
2019-10-20 13:11:18,363 [Thread-25728] INFO  impl.RoleInfo (RoleInfo.java:updateAndGet(143)) - 7660b851-9671-46a6-9e1d-7d946f95d492: start LeaderElection
2019-10-20 13:11:18,376 [7660b851-9671-46a6-9e1d-7d946f95d492@group-42C3DBE2B33D-LeaderElection3449] INFO  impl.LeaderElection (LeaderElection.java:askForVotes(178)) - 7660b851-9671-46a6-9e1d-7d946f95d492@group-42C3DBE2B33D-LeaderElection3449: begin an election at term 171 for -1: [fdf19479-69c2-4639-b68c-6adde78ca28a:192.168.157.204:42858, 1ac0a8d4-e534-43ce-83b1-426d47a3040d:192.168.157.204:32953, 7660b851-9671-46a6-9e1d-7d946f95d492:192.168.157.204:41682], old=null
2019-10-20 13:11:18,377 [7660b851-9671-46a6-9e1d-7d946f95d492@group-42C3DBE2B33D-LeaderElection3449] INFO  impl.LeaderElection (LogUtils.java:infoOrTrace(149)) - 7660b851-9671-46a6-9e1d-7d946f95d492@group-42C3DBE2B33D-LeaderElection3449 got exception when requesting votes: {}
java.util.concurrent.ExecutionException: org.apache.ratis.thirdparty.io.grpc.StatusRuntimeException: UNAVAILABLE: io exception
	at java.util.concurrent.FutureTask.report(FutureTask.java:122)
	at java.util.concurrent.FutureTask.get(FutureTask.java:192)
	at org.apache.ratis.server.impl.LeaderElection.waitForResults(LeaderElection.java:259)
	at org.apache.ratis.server.impl.LeaderElection.askForVotes(LeaderElection.java:197)
	at org.apache.ratis.server.impl.LeaderElection.run(LeaderElection.java:133)
	at java.lang.Thread.run(Thread.java:748)
Caused by: org.apache.ratis.thirdparty.io.grpc.StatusRuntimeException: UNAVAILABLE: io exception
	at org.apache.ratis.thirdparty.io.grpc.stub.ClientCalls.toStatusRuntimeException(ClientCalls.java:233)
	at org.apache.ratis.thirdparty.io.grpc.stub.ClientCalls.getUnchecked(ClientCalls.java:214)
	at org.apache.ratis.thirdparty.io.grpc.stub.ClientCalls.blockingUnaryCall(ClientCalls.java:139)
	at org.apache.ratis.proto.grpc.RaftServerProtocolServiceGrpc$RaftServerProtocolServiceBlockingStub.requestVote(RaftServerProtocolServiceGrpc.java:265)
	at org.apache.ratis.grpc.server.GrpcServerProtocolClient.requestVote(GrpcServerProtocolClient.java:99)
	at org.apache.ratis.grpc.server.GrpcService.requestVote(GrpcService.java:204)
	at org.apache.ratis.server.impl.LeaderElection.lambda$submitRequests$1(LeaderElection.java:234)
	at java.util.concurrent.FutureTask.run(FutureTask.java:266)
	at java.util.concurrent.Executors$RunnableAdapter.call(Executors.java:511)
	at java.util.concurrent.FutureTask.run(FutureTask.java:266)
	at java.util.concurrent.ThreadPoolExecutor.runWorker(ThreadPoolExecutor.java:1149)
	at java.util.concurrent.ThreadPoolExecutor$Worker.run(ThreadPoolExecutor.java:624)
	... 1 more
Caused by: org.apache.ratis.thirdparty.io.netty.channel.AbstractChannel$AnnotatedConnectException: Connection refused: /192.168.157.204:42858
	at sun.nio.ch.SocketChannelImpl.checkConnect(Native Method)
	at sun.nio.ch.SocketChannelImpl.finishConnect(SocketChannelImpl.java:717)
	at org.apache.ratis.thirdparty.io.netty.channel.socket.nio.NioSocketChannel.doFinishConnect(NioSocketChannel.java:327)
	at org.apache.ratis.thirdparty.io.netty.channel.nio.AbstractNioChannel$AbstractNioUnsafe.finishConnect(AbstractNioChannel.java:340)
	at org.apache.ratis.thirdparty.io.netty.channel.nio.NioEventLoop.processSelectedKey(NioEventLoop.java:632)
	at org.apache.ratis.thirdparty.io.netty.channel.nio.NioEventLoop.processSelectedKeysOptimized(NioEventLoop.java:579)
	at org.apache.ratis.thirdparty.io.netty.channel.nio.NioEventLoop.processSelectedKeys(NioEventLoop.java:496)
	at org.apache.ratis.thirdparty.io.netty.channel.nio.NioEventLoop.run(NioEventLoop.java:458)
	at org.apache.ratis.thirdparty.io.netty.util.concurrent.SingleThreadEventExecutor$5.run(SingleThreadEventExecutor.java:897)
	at org.apache.ratis.thirdparty.io.netty.util.concurrent.FastThreadLocalRunnable.run(FastThreadLocalRunnable.java:30)
	... 1 more
Caused by: java.net.ConnectException: Connection refused
	... 11 more
2019-10-20 13:11:18,377 [grpc-default-executor-10] INFO  impl.RaftServerImpl (RaftServerImpl.java:setRole(184)) - 1ac0a8d4-e534-43ce-83b1-426d47a3040d@group-42C3DBE2B33D: changes role from  FOLLOWER to FOLLOWER at term 171 for recognizeCandidate:7660b851-9671-46a6-9e1d-7d946f95d492
2019-10-20 13:11:18,378 [grpc-default-executor-10] INFO  impl.RoleInfo (RoleInfo.java:shutdownFollowerState(121)) - 1ac0a8d4-e534-43ce-83b1-426d47a3040d: shutdown FollowerState
2019-10-20 13:11:18,378 [grpc-default-executor-10] INFO  impl.RoleInfo (RoleInfo.java:updateAndGet(143)) - 1ac0a8d4-e534-43ce-83b1-426d47a3040d: start FollowerState
2019-10-20 13:11:18,378 [Thread-25727] INFO  impl.FollowerState (FollowerState.java:run(117)) - 1ac0a8d4-e534-43ce-83b1-426d47a3040d@group-42C3DBE2B33D-FollowerState was interrupted: java.lang.InterruptedException: sleep interrupted
2019-10-20 13:11:18,391 [7660b851-9671-46a6-9e1d-7d946f95d492@group-42C3DBE2B33D-LeaderElection3449] INFO  impl.LeaderElection (LeaderElection.java:logAndReturn(56)) - 7660b851-9671-46a6-9e1d-7d946f95d492@group-42C3DBE2B33D-LeaderElection3449: Election REJECTED; received 1 response(s) [7660b851-9671-46a6-9e1d-7d946f95d492<-1ac0a8d4-e534-43ce-83b1-426d47a3040d#0:FAIL-t171] and 1 exception(s); 7660b851-9671-46a6-9e1d-7d946f95d492@group-42C3DBE2B33D:t171, leader=null, voted=7660b851-9671-46a6-9e1d-7d946f95d492, raftlog=7660b851-9671-46a6-9e1d-7d946f95d492@group-42C3DBE2B33D-SegmentedRaftLog:OPENED:c-1,f-1,i0, conf=-1: [fdf19479-69c2-4639-b68c-6adde78ca28a:192.168.157.204:42858, 1ac0a8d4-e534-43ce-83b1-426d47a3040d:192.168.157.204:32953, 7660b851-9671-46a6-9e1d-7d946f95d492:192.168.157.204:41682], old=null
2019-10-20 13:11:18,391 [7660b851-9671-46a6-9e1d-7d946f95d492@group-42C3DBE2B33D-LeaderElection3449] INFO  impl.LeaderElection (LogUtils.java:infoOrTrace(149)) -   Exception 0: {}
java.util.concurrent.ExecutionException: org.apache.ratis.thirdparty.io.grpc.StatusRuntimeException: UNAVAILABLE: io exception
	at java.util.concurrent.FutureTask.report(FutureTask.java:122)
	at java.util.concurrent.FutureTask.get(FutureTask.java:192)
	at org.apache.ratis.server.impl.LeaderElection.waitForResults(LeaderElection.java:259)
	at org.apache.ratis.server.impl.LeaderElection.askForVotes(LeaderElection.java:197)
	at org.apache.ratis.server.impl.LeaderElection.run(LeaderElection.java:133)
	at java.lang.Thread.run(Thread.java:748)
Caused by: org.apache.ratis.thirdparty.io.grpc.StatusRuntimeException: UNAVAILABLE: io exception
	at org.apache.ratis.thirdparty.io.grpc.stub.ClientCalls.toStatusRuntimeException(ClientCalls.java:233)
	at org.apache.ratis.thirdparty.io.grpc.stub.ClientCalls.getUnchecked(ClientCalls.java:214)
	at org.apache.ratis.thirdparty.io.grpc.stub.ClientCalls.blockingUnaryCall(ClientCalls.java:139)
	at org.apache.ratis.proto.grpc.RaftServerProtocolServiceGrpc$RaftServerProtocolServiceBlockingStub.requestVote(RaftServerProtocolServiceGrpc.java:265)
	at org.apache.ratis.grpc.server.GrpcServerProtocolClient.requestVote(GrpcServerProtocolClient.java:99)
	at org.apache.ratis.grpc.server.GrpcService.requestVote(GrpcService.java:204)
	at org.apache.ratis.server.impl.LeaderElection.lambda$submitRequests$1(LeaderElection.java:234)
	at java.util.concurrent.FutureTask.run(FutureTask.java:266)
	at java.util.concurrent.Executors$RunnableAdapter.call(Executors.java:511)
	at java.util.concurrent.FutureTask.run(FutureTask.java:266)
	at java.util.concurrent.ThreadPoolExecutor.runWorker(ThreadPoolExecutor.java:1149)
	at java.util.concurrent.ThreadPoolExecutor$Worker.run(ThreadPoolExecutor.java:624)
	... 1 more
Caused by: org.apache.ratis.thirdparty.io.netty.channel.AbstractChannel$AnnotatedConnectException: Connection refused: /192.168.157.204:42858
	at sun.nio.ch.SocketChannelImpl.checkConnect(Native Method)
	at sun.nio.ch.SocketChannelImpl.finishConnect(SocketChannelImpl.java:717)
	at org.apache.ratis.thirdparty.io.netty.channel.socket.nio.NioSocketChannel.doFinishConnect(NioSocketChannel.java:327)
	at org.apache.ratis.thirdparty.io.netty.channel.nio.AbstractNioChannel$AbstractNioUnsafe.finishConnect(AbstractNioChannel.java:340)
	at org.apache.ratis.thirdparty.io.netty.channel.nio.NioEventLoop.processSelectedKey(NioEventLoop.java:632)
	at org.apache.ratis.thirdparty.io.netty.channel.nio.NioEventLoop.processSelectedKeysOptimized(NioEventLoop.java:579)
	at org.apache.ratis.thirdparty.io.netty.channel.nio.NioEventLoop.processSelectedKeys(NioEventLoop.java:496)
	at org.apache.ratis.thirdparty.io.netty.channel.nio.NioEventLoop.run(NioEventLoop.java:458)
	at org.apache.ratis.thirdparty.io.netty.util.concurrent.SingleThreadEventExecutor$5.run(SingleThreadEventExecutor.java:897)
	at org.apache.ratis.thirdparty.io.netty.util.concurrent.FastThreadLocalRunnable.run(FastThreadLocalRunnable.java:30)
	... 1 more
Caused by: java.net.ConnectException: Connection refused
	... 11 more
2019-10-20 13:11:18,391 [7660b851-9671-46a6-9e1d-7d946f95d492@group-42C3DBE2B33D-LeaderElection3449] INFO  impl.RaftServerImpl (RaftServerImpl.java:setRole(184)) - 7660b851-9671-46a6-9e1d-7d946f95d492@group-42C3DBE2B33D: changes role from CANDIDATE to FOLLOWER at term 171 for DISCOVERED_A_NEW_TERM
2019-10-20 13:11:18,391 [7660b851-9671-46a6-9e1d-7d946f95d492@group-42C3DBE2B33D-LeaderElection3449] INFO  impl.RoleInfo (RoleInfo.java:shutdownLeaderElection(134)) - 7660b851-9671-46a6-9e1d-7d946f95d492: shutdown LeaderElection
2019-10-20 13:11:18,391 [7660b851-9671-46a6-9e1d-7d946f95d492@group-42C3DBE2B33D-LeaderElection3449] INFO  impl.RoleInfo (RoleInfo.java:updateAndGet(143)) - 7660b851-9671-46a6-9e1d-7d946f95d492: start FollowerState
2019-10-20 13:11:18,468 [Thread-25733] INFO  impl.FollowerState (FollowerState.java:run(108)) - 7660b851-9671-46a6-9e1d-7d946f95d492@group-42C3DBE2B33D-FollowerState: change to CANDIDATE, lastRpcTime:76ms, electionTimeout:76ms
2019-10-20 13:11:18,468 [Thread-25733] INFO  impl.RoleInfo (RoleInfo.java:shutdownFollowerState(121)) - 7660b851-9671-46a6-9e1d-7d946f95d492: shutdown FollowerState
2019-10-20 13:11:18,468 [Thread-25733] INFO  impl.RaftServerImpl (RaftServerImpl.java:setRole(184)) - 7660b851-9671-46a6-9e1d-7d946f95d492@group-42C3DBE2B33D: changes role from  FOLLOWER to CANDIDATE at term 171 for changeToCandidate
2019-10-20 13:11:18,468 [Thread-25733] INFO  impl.RoleInfo (RoleInfo.java:updateAndGet(143)) - 7660b851-9671-46a6-9e1d-7d946f95d492: start LeaderElection
2019-10-20 13:11:18,482 [7660b851-9671-46a6-9e1d-7d946f95d492@group-42C3DBE2B33D-LeaderElection3450] INFO  impl.LeaderElection (LeaderElection.java:askForVotes(178)) - 7660b851-9671-46a6-9e1d-7d946f95d492@group-42C3DBE2B33D-LeaderElection3450: begin an election at term 172 for -1: [fdf19479-69c2-4639-b68c-6adde78ca28a:192.168.157.204:42858, 1ac0a8d4-e534-43ce-83b1-426d47a3040d:192.168.157.204:32953, 7660b851-9671-46a6-9e1d-7d946f95d492:192.168.157.204:41682], old=null
2019-10-20 13:11:18,483 [7660b851-9671-46a6-9e1d-7d946f95d492@group-42C3DBE2B33D-LeaderElection3450] INFO  impl.LeaderElection (LogUtils.java:infoOrTrace(149)) - 7660b851-9671-46a6-9e1d-7d946f95d492@group-42C3DBE2B33D-LeaderElection3450 got exception when requesting votes: {}
java.util.concurrent.ExecutionException: org.apache.ratis.thirdparty.io.grpc.StatusRuntimeException: UNAVAILABLE: io exception
	at java.util.concurrent.FutureTask.report(FutureTask.java:122)
	at java.util.concurrent.FutureTask.get(FutureTask.java:192)
	at org.apache.ratis.server.impl.LeaderElection.waitForResults(LeaderElection.java:259)
	at org.apache.ratis.server.impl.LeaderElection.askForVotes(LeaderElection.java:197)
	at org.apache.ratis.server.impl.LeaderElection.run(LeaderElection.java:133)
	at java.lang.Thread.run(Thread.java:748)
Caused by: org.apache.ratis.thirdparty.io.grpc.StatusRuntimeException: UNAVAILABLE: io exception
	at org.apache.ratis.thirdparty.io.grpc.stub.ClientCalls.toStatusRuntimeException(ClientCalls.java:233)
	at org.apache.ratis.thirdparty.io.grpc.stub.ClientCalls.getUnchecked(ClientCalls.java:214)
	at org.apache.ratis.thirdparty.io.grpc.stub.ClientCalls.blockingUnaryCall(ClientCalls.java:139)
	at org.apache.ratis.proto.grpc.RaftServerProtocolServiceGrpc$RaftServerProtocolServiceBlockingStub.requestVote(RaftServerProtocolServiceGrpc.java:265)
	at org.apache.ratis.grpc.server.GrpcServerProtocolClient.requestVote(GrpcServerProtocolClient.java:99)
	at org.apache.ratis.grpc.server.GrpcService.requestVote(GrpcService.java:204)
	at org.apache.ratis.server.impl.LeaderElection.lambda$submitRequests$1(LeaderElection.java:234)
	at java.util.concurrent.FutureTask.run(FutureTask.java:266)
	at java.util.concurrent.Executors$RunnableAdapter.call(Executors.java:511)
	at java.util.concurrent.FutureTask.run(FutureTask.java:266)
	at java.util.concurrent.ThreadPoolExecutor.runWorker(ThreadPoolExecutor.java:1149)
	at java.util.concurrent.ThreadPoolExecutor$Worker.run(ThreadPoolExecutor.java:624)
	... 1 more
Caused by: org.apache.ratis.thirdparty.io.netty.channel.AbstractChannel$AnnotatedConnectException: Connection refused: /192.168.157.204:42858
	at sun.nio.ch.SocketChannelImpl.checkConnect(Native Method)
	at sun.nio.ch.SocketChannelImpl.finishConnect(SocketChannelImpl.java:717)
	at org.apache.ratis.thirdparty.io.netty.channel.socket.nio.NioSocketChannel.doFinishConnect(NioSocketChannel.java:327)
	at org.apache.ratis.thirdparty.io.netty.channel.nio.AbstractNioChannel$AbstractNioUnsafe.finishConnect(AbstractNioChannel.java:340)
	at org.apache.ratis.thirdparty.io.netty.channel.nio.NioEventLoop.processSelectedKey(NioEventLoop.java:632)
	at org.apache.ratis.thirdparty.io.netty.channel.nio.NioEventLoop.processSelectedKeysOptimized(NioEventLoop.java:579)
	at org.apache.ratis.thirdparty.io.netty.channel.nio.NioEventLoop.processSelectedKeys(NioEventLoop.java:496)
	at org.apache.ratis.thirdparty.io.netty.channel.nio.NioEventLoop.run(NioEventLoop.java:458)
	at org.apache.ratis.thirdparty.io.netty.util.concurrent.SingleThreadEventExecutor$5.run(SingleThreadEventExecutor.java:897)
	at org.apache.ratis.thirdparty.io.netty.util.concurrent.FastThreadLocalRunnable.run(FastThreadLocalRunnable.java:30)
	... 1 more
Caused by: java.net.ConnectException: Connection refused
	... 11 more
2019-10-20 13:11:18,484 [grpc-default-executor-10] INFO  impl.RaftServerImpl (RaftServerImpl.java:setRole(184)) - 1ac0a8d4-e534-43ce-83b1-426d47a3040d@group-42C3DBE2B33D: changes role from  FOLLOWER to FOLLOWER at term 172 for recognizeCandidate:7660b851-9671-46a6-9e1d-7d946f95d492
2019-10-20 13:11:18,484 [grpc-default-executor-10] INFO  impl.RoleInfo (RoleInfo.java:shutdownFollowerState(121)) - 1ac0a8d4-e534-43ce-83b1-426d47a3040d: shutdown FollowerState
2019-10-20 13:11:18,484 [grpc-default-executor-10] INFO  impl.RoleInfo (RoleInfo.java:updateAndGet(143)) - 1ac0a8d4-e534-43ce-83b1-426d47a3040d: start FollowerState
2019-10-20 13:11:18,484 [Thread-25732] INFO  impl.FollowerState (FollowerState.java:run(117)) - 1ac0a8d4-e534-43ce-83b1-426d47a3040d@group-42C3DBE2B33D-FollowerState was interrupted: java.lang.InterruptedException: sleep interrupted
2019-10-20 13:11:18,499 [7660b851-9671-46a6-9e1d-7d946f95d492@group-42C3DBE2B33D-LeaderElection3450] INFO  impl.LeaderElection (LeaderElection.java:logAndReturn(56)) - 7660b851-9671-46a6-9e1d-7d946f95d492@group-42C3DBE2B33D-LeaderElection3450: Election REJECTED; received 1 response(s) [7660b851-9671-46a6-9e1d-7d946f95d492<-1ac0a8d4-e534-43ce-83b1-426d47a3040d#0:FAIL-t172] and 1 exception(s); 7660b851-9671-46a6-9e1d-7d946f95d492@group-42C3DBE2B33D:t172, leader=null, voted=7660b851-9671-46a6-9e1d-7d946f95d492, raftlog=7660b851-9671-46a6-9e1d-7d946f95d492@group-42C3DBE2B33D-SegmentedRaftLog:OPENED:c-1,f-1,i0, conf=-1: [fdf19479-69c2-4639-b68c-6adde78ca28a:192.168.157.204:42858, 1ac0a8d4-e534-43ce-83b1-426d47a3040d:192.168.157.204:32953, 7660b851-9671-46a6-9e1d-7d946f95d492:192.168.157.204:41682], old=null
2019-10-20 13:11:18,499 [7660b851-9671-46a6-9e1d-7d946f95d492@group-42C3DBE2B33D-LeaderElection3450] INFO  impl.LeaderElection (LogUtils.java:infoOrTrace(149)) -   Exception 0: {}
java.util.concurrent.ExecutionException: org.apache.ratis.thirdparty.io.grpc.StatusRuntimeException: UNAVAILABLE: io exception
	at java.util.concurrent.FutureTask.report(FutureTask.java:122)
	at java.util.concurrent.FutureTask.get(FutureTask.java:192)
	at org.apache.ratis.server.impl.LeaderElection.waitForResults(LeaderElection.java:259)
	at org.apache.ratis.server.impl.LeaderElection.askForVotes(LeaderElection.java:197)
	at org.apache.ratis.server.impl.LeaderElection.run(LeaderElection.java:133)
	at java.lang.Thread.run(Thread.java:748)
Caused by: org.apache.ratis.thirdparty.io.grpc.StatusRuntimeException: UNAVAILABLE: io exception
	at org.apache.ratis.thirdparty.io.grpc.stub.ClientCalls.toStatusRuntimeException(ClientCalls.java:233)
	at org.apache.ratis.thirdparty.io.grpc.stub.ClientCalls.getUnchecked(ClientCalls.java:214)
	at org.apache.ratis.thirdparty.io.grpc.stub.ClientCalls.blockingUnaryCall(ClientCalls.java:139)
	at org.apache.ratis.proto.grpc.RaftServerProtocolServiceGrpc$RaftServerProtocolServiceBlockingStub.requestVote(RaftServerProtocolServiceGrpc.java:265)
	at org.apache.ratis.grpc.server.GrpcServerProtocolClient.requestVote(GrpcServerProtocolClient.java:99)
	at org.apache.ratis.grpc.server.GrpcService.requestVote(GrpcService.java:204)
	at org.apache.ratis.server.impl.LeaderElection.lambda$submitRequests$1(LeaderElection.java:234)
	at java.util.concurrent.FutureTask.run(FutureTask.java:266)
	at java.util.concurrent.Executors$RunnableAdapter.call(Executors.java:511)
	at java.util.concurrent.FutureTask.run(FutureTask.java:266)
	at java.util.concurrent.ThreadPoolExecutor.runWorker(ThreadPoolExecutor.java:1149)
	at java.util.concurrent.ThreadPoolExecutor$Worker.run(ThreadPoolExecutor.java:624)
	... 1 more
Caused by: org.apache.ratis.thirdparty.io.netty.channel.AbstractChannel$AnnotatedConnectException: Connection refused: /192.168.157.204:42858
	at sun.nio.ch.SocketChannelImpl.checkConnect(Native Method)
	at sun.nio.ch.SocketChannelImpl.finishConnect(SocketChannelImpl.java:717)
	at org.apache.ratis.thirdparty.io.netty.channel.socket.nio.NioSocketChannel.doFinishConnect(NioSocketChannel.java:327)
	at org.apache.ratis.thirdparty.io.netty.channel.nio.AbstractNioChannel$AbstractNioUnsafe.finishConnect(AbstractNioChannel.java:340)
	at org.apache.ratis.thirdparty.io.netty.channel.nio.NioEventLoop.processSelectedKey(NioEventLoop.java:632)
	at org.apache.ratis.thirdparty.io.netty.channel.nio.NioEventLoop.processSelectedKeysOptimized(NioEventLoop.java:579)
	at org.apache.ratis.thirdparty.io.netty.channel.nio.NioEventLoop.processSelectedKeys(NioEventLoop.java:496)
	at org.apache.ratis.thirdparty.io.netty.channel.nio.NioEventLoop.run(NioEventLoop.java:458)
	at org.apache.ratis.thirdparty.io.netty.util.concurrent.SingleThreadEventExecutor$5.run(SingleThreadEventExecutor.java:897)
	at org.apache.ratis.thirdparty.io.netty.util.concurrent.FastThreadLocalRunnable.run(FastThreadLocalRunnable.java:30)
	... 1 more
Caused by: java.net.ConnectException: Connection refused
	... 11 more
2019-10-20 13:11:18,499 [7660b851-9671-46a6-9e1d-7d946f95d492@group-42C3DBE2B33D-LeaderElection3450] INFO  impl.RaftServerImpl (RaftServerImpl.java:setRole(184)) - 7660b851-9671-46a6-9e1d-7d946f95d492@group-42C3DBE2B33D: changes role from CANDIDATE to FOLLOWER at term 172 for DISCOVERED_A_NEW_TERM
2019-10-20 13:11:18,499 [7660b851-9671-46a6-9e1d-7d946f95d492@group-42C3DBE2B33D-LeaderElection3450] INFO  impl.RoleInfo (RoleInfo.java:shutdownLeaderElection(134)) - 7660b851-9671-46a6-9e1d-7d946f95d492: shutdown LeaderElection
2019-10-20 13:11:18,499 [7660b851-9671-46a6-9e1d-7d946f95d492@group-42C3DBE2B33D-LeaderElection3450] INFO  impl.RoleInfo (RoleInfo.java:updateAndGet(143)) - 7660b851-9671-46a6-9e1d-7d946f95d492: start FollowerState
2019-10-20 13:11:18,691 [Thread-25738] INFO  impl.FollowerState (FollowerState.java:run(108)) - 7660b851-9671-46a6-9e1d-7d946f95d492@group-42C3DBE2B33D-FollowerState: change to CANDIDATE, lastRpcTime:191ms, electionTimeout:191ms
2019-10-20 13:11:18,691 [Thread-25738] INFO  impl.RoleInfo (RoleInfo.java:shutdownFollowerState(121)) - 7660b851-9671-46a6-9e1d-7d946f95d492: shutdown FollowerState
2019-10-20 13:11:18,691 [Thread-25738] INFO  impl.RaftServerImpl (RaftServerImpl.java:setRole(184)) - 7660b851-9671-46a6-9e1d-7d946f95d492@group-42C3DBE2B33D: changes role from  FOLLOWER to CANDIDATE at term 172 for changeToCandidate
2019-10-20 13:11:18,691 [Thread-25738] INFO  impl.RoleInfo (RoleInfo.java:updateAndGet(143)) - 7660b851-9671-46a6-9e1d-7d946f95d492: start LeaderElection
2019-10-20 13:11:18,706 [7660b851-9671-46a6-9e1d-7d946f95d492@group-42C3DBE2B33D-LeaderElection3451] INFO  impl.LeaderElection (LeaderElection.java:askForVotes(178)) - 7660b851-9671-46a6-9e1d-7d946f95d492@group-42C3DBE2B33D-LeaderElection3451: begin an election at term 173 for -1: [fdf19479-69c2-4639-b68c-6adde78ca28a:192.168.157.204:42858, 1ac0a8d4-e534-43ce-83b1-426d47a3040d:192.168.157.204:32953, 7660b851-9671-46a6-9e1d-7d946f95d492:192.168.157.204:41682], old=null
2019-10-20 13:11:18,708 [7660b851-9671-46a6-9e1d-7d946f95d492@group-42C3DBE2B33D-LeaderElection3451] INFO  impl.LeaderElection (LogUtils.java:infoOrTrace(149)) - 7660b851-9671-46a6-9e1d-7d946f95d492@group-42C3DBE2B33D-LeaderElection3451 got exception when requesting votes: {}
java.util.concurrent.ExecutionException: org.apache.ratis.thirdparty.io.grpc.StatusRuntimeException: UNAVAILABLE: io exception
	at java.util.concurrent.FutureTask.report(FutureTask.java:122)
	at java.util.concurrent.FutureTask.get(FutureTask.java:192)
	at org.apache.ratis.server.impl.LeaderElection.waitForResults(LeaderElection.java:259)
	at org.apache.ratis.server.impl.LeaderElection.askForVotes(LeaderElection.java:197)
	at org.apache.ratis.server.impl.LeaderElection.run(LeaderElection.java:133)
	at java.lang.Thread.run(Thread.java:748)
Caused by: org.apache.ratis.thirdparty.io.grpc.StatusRuntimeException: UNAVAILABLE: io exception
	at org.apache.ratis.thirdparty.io.grpc.stub.ClientCalls.toStatusRuntimeException(ClientCalls.java:233)
	at org.apache.ratis.thirdparty.io.grpc.stub.ClientCalls.getUnchecked(ClientCalls.java:214)
	at org.apache.ratis.thirdparty.io.grpc.stub.ClientCalls.blockingUnaryCall(ClientCalls.java:139)
	at org.apache.ratis.proto.grpc.RaftServerProtocolServiceGrpc$RaftServerProtocolServiceBlockingStub.requestVote(RaftServerProtocolServiceGrpc.java:265)
	at org.apache.ratis.grpc.server.GrpcServerProtocolClient.requestVote(GrpcServerProtocolClient.java:99)
	at org.apache.ratis.grpc.server.GrpcService.requestVote(GrpcService.java:204)
	at org.apache.ratis.server.impl.LeaderElection.lambda$submitRequests$1(LeaderElection.java:234)
	at java.util.concurrent.FutureTask.run(FutureTask.java:266)
	at java.util.concurrent.Executors$RunnableAdapter.call(Executors.java:511)
	at java.util.concurrent.FutureTask.run(FutureTask.java:266)
	at java.util.concurrent.ThreadPoolExecutor.runWorker(ThreadPoolExecutor.java:1149)
	at java.util.concurrent.ThreadPoolExecutor$Worker.run(ThreadPoolExecutor.java:624)
	... 1 more
Caused by: org.apache.ratis.thirdparty.io.netty.channel.AbstractChannel$AnnotatedConnectException: Connection refused: /192.168.157.204:42858
	at sun.nio.ch.SocketChannelImpl.checkConnect(Native Method)
	at sun.nio.ch.SocketChannelImpl.finishConnect(SocketChannelImpl.java:717)
	at org.apache.ratis.thirdparty.io.netty.channel.socket.nio.NioSocketChannel.doFinishConnect(NioSocketChannel.java:327)
	at org.apache.ratis.thirdparty.io.netty.channel.nio.AbstractNioChannel$AbstractNioUnsafe.finishConnect(AbstractNioChannel.java:340)
	at org.apache.ratis.thirdparty.io.netty.channel.nio.NioEventLoop.processSelectedKey(NioEventLoop.java:632)
	at org.apache.ratis.thirdparty.io.netty.channel.nio.NioEventLoop.processSelectedKeysOptimized(NioEventLoop.java:579)
	at org.apache.ratis.thirdparty.io.netty.channel.nio.NioEventLoop.processSelectedKeys(NioEventLoop.java:496)
	at org.apache.ratis.thirdparty.io.netty.channel.nio.NioEventLoop.run(NioEventLoop.java:458)
	at org.apache.ratis.thirdparty.io.netty.util.concurrent.SingleThreadEventExecutor$5.run(SingleThreadEventExecutor.java:897)
	at org.apache.ratis.thirdparty.io.netty.util.concurrent.FastThreadLocalRunnable.run(FastThreadLocalRunnable.java:30)
	... 1 more
Caused by: java.net.ConnectException: Connection refused
	... 11 more
2019-10-20 13:11:18,708 [grpc-default-executor-10] INFO  impl.RaftServerImpl (RaftServerImpl.java:setRole(184)) - 1ac0a8d4-e534-43ce-83b1-426d47a3040d@group-42C3DBE2B33D: changes role from  FOLLOWER to FOLLOWER at term 173 for recognizeCandidate:7660b851-9671-46a6-9e1d-7d946f95d492
2019-10-20 13:11:18,709 [grpc-default-executor-10] INFO  impl.RoleInfo (RoleInfo.java:shutdownFollowerState(121)) - 1ac0a8d4-e534-43ce-83b1-426d47a3040d: shutdown FollowerState
2019-10-20 13:11:18,709 [grpc-default-executor-10] INFO  impl.RoleInfo (RoleInfo.java:updateAndGet(143)) - 1ac0a8d4-e534-43ce-83b1-426d47a3040d: start FollowerState
2019-10-20 13:11:18,709 [Thread-25737] INFO  impl.FollowerState (FollowerState.java:run(117)) - 1ac0a8d4-e534-43ce-83b1-426d47a3040d@group-42C3DBE2B33D-FollowerState was interrupted: java.lang.InterruptedException: sleep interrupted
2019-10-20 13:11:18,723 [7660b851-9671-46a6-9e1d-7d946f95d492@group-42C3DBE2B33D-LeaderElection3451] INFO  impl.LeaderElection (LeaderElection.java:logAndReturn(56)) - 7660b851-9671-46a6-9e1d-7d946f95d492@group-42C3DBE2B33D-LeaderElection3451: Election REJECTED; received 1 response(s) [7660b851-9671-46a6-9e1d-7d946f95d492<-1ac0a8d4-e534-43ce-83b1-426d47a3040d#0:FAIL-t173] and 1 exception(s); 7660b851-9671-46a6-9e1d-7d946f95d492@group-42C3DBE2B33D:t173, leader=null, voted=7660b851-9671-46a6-9e1d-7d946f95d492, raftlog=7660b851-9671-46a6-9e1d-7d946f95d492@group-42C3DBE2B33D-SegmentedRaftLog:OPENED:c-1,f-1,i0, conf=-1: [fdf19479-69c2-4639-b68c-6adde78ca28a:192.168.157.204:42858, 1ac0a8d4-e534-43ce-83b1-426d47a3040d:192.168.157.204:32953, 7660b851-9671-46a6-9e1d-7d946f95d492:192.168.157.204:41682], old=null
2019-10-20 13:11:18,723 [7660b851-9671-46a6-9e1d-7d946f95d492@group-42C3DBE2B33D-LeaderElection3451] INFO  impl.LeaderElection (LogUtils.java:infoOrTrace(149)) -   Exception 0: {}
java.util.concurrent.ExecutionException: org.apache.ratis.thirdparty.io.grpc.StatusRuntimeException: UNAVAILABLE: io exception
	at java.util.concurrent.FutureTask.report(FutureTask.java:122)
	at java.util.concurrent.FutureTask.get(FutureTask.java:192)
	at org.apache.ratis.server.impl.LeaderElection.waitForResults(LeaderElection.java:259)
	at org.apache.ratis.server.impl.LeaderElection.askForVotes(LeaderElection.java:197)
	at org.apache.ratis.server.impl.LeaderElection.run(LeaderElection.java:133)
	at java.lang.Thread.run(Thread.java:748)
Caused by: org.apache.ratis.thirdparty.io.grpc.StatusRuntimeException: UNAVAILABLE: io exception
	at org.apache.ratis.thirdparty.io.grpc.stub.ClientCalls.toStatusRuntimeException(ClientCalls.java:233)
	at org.apache.ratis.thirdparty.io.grpc.stub.ClientCalls.getUnchecked(ClientCalls.java:214)
	at org.apache.ratis.thirdparty.io.grpc.stub.ClientCalls.blockingUnaryCall(ClientCalls.java:139)
	at org.apache.ratis.proto.grpc.RaftServerProtocolServiceGrpc$RaftServerProtocolServiceBlockingStub.requestVote(RaftServerProtocolServiceGrpc.java:265)
	at org.apache.ratis.grpc.server.GrpcServerProtocolClient.requestVote(GrpcServerProtocolClient.java:99)
	at org.apache.ratis.grpc.server.GrpcService.requestVote(GrpcService.java:204)
	at org.apache.ratis.server.impl.LeaderElection.lambda$submitRequests$1(LeaderElection.java:234)
	at java.util.concurrent.FutureTask.run(FutureTask.java:266)
	at java.util.concurrent.Executors$RunnableAdapter.call(Executors.java:511)
	at java.util.concurrent.FutureTask.run(FutureTask.java:266)
	at java.util.concurrent.ThreadPoolExecutor.runWorker(ThreadPoolExecutor.java:1149)
	at java.util.concurrent.ThreadPoolExecutor$Worker.run(ThreadPoolExecutor.java:624)
	... 1 more
Caused by: org.apache.ratis.thirdparty.io.netty.channel.AbstractChannel$AnnotatedConnectException: Connection refused: /192.168.157.204:42858
	at sun.nio.ch.SocketChannelImpl.checkConnect(Native Method)
	at sun.nio.ch.SocketChannelImpl.finishConnect(SocketChannelImpl.java:717)
	at org.apache.ratis.thirdparty.io.netty.channel.socket.nio.NioSocketChannel.doFinishConnect(NioSocketChannel.java:327)
	at org.apache.ratis.thirdparty.io.netty.channel.nio.AbstractNioChannel$AbstractNioUnsafe.finishConnect(AbstractNioChannel.java:340)
	at org.apache.ratis.thirdparty.io.netty.channel.nio.NioEventLoop.processSelectedKey(NioEventLoop.java:632)
	at org.apache.ratis.thirdparty.io.netty.channel.nio.NioEventLoop.processSelectedKeysOptimized(NioEventLoop.java:579)
	at org.apache.ratis.thirdparty.io.netty.channel.nio.NioEventLoop.processSelectedKeys(NioEventLoop.java:496)
	at org.apache.ratis.thirdparty.io.netty.channel.nio.NioEventLoop.run(NioEventLoop.java:458)
	at org.apache.ratis.thirdparty.io.netty.util.concurrent.SingleThreadEventExecutor$5.run(SingleThreadEventExecutor.java:897)
	at org.apache.ratis.thirdparty.io.netty.util.concurrent.FastThreadLocalRunnable.run(FastThreadLocalRunnable.java:30)
	... 1 more
Caused by: java.net.ConnectException: Connection refused
	... 11 more
2019-10-20 13:11:18,723 [7660b851-9671-46a6-9e1d-7d946f95d492@group-42C3DBE2B33D-LeaderElection3451] INFO  impl.RaftServerImpl (RaftServerImpl.java:setRole(184)) - 7660b851-9671-46a6-9e1d-7d946f95d492@group-42C3DBE2B33D: changes role from CANDIDATE to FOLLOWER at term 173 for DISCOVERED_A_NEW_TERM
2019-10-20 13:11:18,724 [7660b851-9671-46a6-9e1d-7d946f95d492@group-42C3DBE2B33D-LeaderElection3451] INFO  impl.RoleInfo (RoleInfo.java:shutdownLeaderElection(134)) - 7660b851-9671-46a6-9e1d-7d946f95d492: shutdown LeaderElection
2019-10-20 13:11:18,724 [7660b851-9671-46a6-9e1d-7d946f95d492@group-42C3DBE2B33D-LeaderElection3451] INFO  impl.RoleInfo (RoleInfo.java:updateAndGet(143)) - 7660b851-9671-46a6-9e1d-7d946f95d492: start FollowerState
2019-10-20 13:11:18,829 [Thread-25747] INFO  impl.FollowerState (FollowerState.java:run(108)) - 7660b851-9671-46a6-9e1d-7d946f95d492@group-42C3DBE2B33D-FollowerState: change to CANDIDATE, lastRpcTime:105ms, electionTimeout:105ms
2019-10-20 13:11:18,829 [Thread-25747] INFO  impl.RoleInfo (RoleInfo.java:shutdownFollowerState(121)) - 7660b851-9671-46a6-9e1d-7d946f95d492: shutdown FollowerState
2019-10-20 13:11:18,829 [Thread-25747] INFO  impl.RaftServerImpl (RaftServerImpl.java:setRole(184)) - 7660b851-9671-46a6-9e1d-7d946f95d492@group-42C3DBE2B33D: changes role from  FOLLOWER to CANDIDATE at term 173 for changeToCandidate
2019-10-20 13:11:18,829 [Thread-25747] INFO  impl.RoleInfo (RoleInfo.java:updateAndGet(143)) - 7660b851-9671-46a6-9e1d-7d946f95d492: start LeaderElection
2019-10-20 13:11:18,854 [7660b851-9671-46a6-9e1d-7d946f95d492@group-42C3DBE2B33D-LeaderElection3452] INFO  impl.LeaderElection (LeaderElection.java:askForVotes(178)) - 7660b851-9671-46a6-9e1d-7d946f95d492@group-42C3DBE2B33D-LeaderElection3452: begin an election at term 174 for -1: [fdf19479-69c2-4639-b68c-6adde78ca28a:192.168.157.204:42858, 1ac0a8d4-e534-43ce-83b1-426d47a3040d:192.168.157.204:32953, 7660b851-9671-46a6-9e1d-7d946f95d492:192.168.157.204:41682], old=null
2019-10-20 13:11:18,855 [7660b851-9671-46a6-9e1d-7d946f95d492@group-42C3DBE2B33D-LeaderElection3452] INFO  impl.LeaderElection (LogUtils.java:infoOrTrace(149)) - 7660b851-9671-46a6-9e1d-7d946f95d492@group-42C3DBE2B33D-LeaderElection3452 got exception when requesting votes: {}
java.util.concurrent.ExecutionException: org.apache.ratis.thirdparty.io.grpc.StatusRuntimeException: UNAVAILABLE: io exception
	at java.util.concurrent.FutureTask.report(FutureTask.java:122)
	at java.util.concurrent.FutureTask.get(FutureTask.java:192)
	at org.apache.ratis.server.impl.LeaderElection.waitForResults(LeaderElection.java:259)
	at org.apache.ratis.server.impl.LeaderElection.askForVotes(LeaderElection.java:197)
	at org.apache.ratis.server.impl.LeaderElection.run(LeaderElection.java:133)
	at java.lang.Thread.run(Thread.java:748)
Caused by: org.apache.ratis.thirdparty.io.grpc.StatusRuntimeException: UNAVAILABLE: io exception
	at org.apache.ratis.thirdparty.io.grpc.stub.ClientCalls.toStatusRuntimeException(ClientCalls.java:233)
	at org.apache.ratis.thirdparty.io.grpc.stub.ClientCalls.getUnchecked(ClientCalls.java:214)
	at org.apache.ratis.thirdparty.io.grpc.stub.ClientCalls.blockingUnaryCall(ClientCalls.java:139)
	at org.apache.ratis.proto.grpc.RaftServerProtocolServiceGrpc$RaftServerProtocolServiceBlockingStub.requestVote(RaftServerProtocolServiceGrpc.java:265)
	at org.apache.ratis.grpc.server.GrpcServerProtocolClient.requestVote(GrpcServerProtocolClient.java:99)
	at org.apache.ratis.grpc.server.GrpcService.requestVote(GrpcService.java:204)
	at org.apache.ratis.server.impl.LeaderElection.lambda$submitRequests$1(LeaderElection.java:234)
	at java.util.concurrent.FutureTask.run(FutureTask.java:266)
	at java.util.concurrent.Executors$RunnableAdapter.call(Executors.java:511)
	at java.util.concurrent.FutureTask.run(FutureTask.java:266)
	at java.util.concurrent.ThreadPoolExecutor.runWorker(ThreadPoolExecutor.java:1149)
	at java.util.concurrent.ThreadPoolExecutor$Worker.run(ThreadPoolExecutor.java:624)
	... 1 more
Caused by: org.apache.ratis.thirdparty.io.netty.channel.AbstractChannel$AnnotatedConnectException: Connection refused: /192.168.157.204:42858
	at sun.nio.ch.SocketChannelImpl.checkConnect(Native Method)
	at sun.nio.ch.SocketChannelImpl.finishConnect(SocketChannelImpl.java:717)
	at org.apache.ratis.thirdparty.io.netty.channel.socket.nio.NioSocketChannel.doFinishConnect(NioSocketChannel.java:327)
	at org.apache.ratis.thirdparty.io.netty.channel.nio.AbstractNioChannel$AbstractNioUnsafe.finishConnect(AbstractNioChannel.java:340)
	at org.apache.ratis.thirdparty.io.netty.channel.nio.NioEventLoop.processSelectedKey(NioEventLoop.java:632)
	at org.apache.ratis.thirdparty.io.netty.channel.nio.NioEventLoop.processSelectedKeysOptimized(NioEventLoop.java:579)
	at org.apache.ratis.thirdparty.io.netty.channel.nio.NioEventLoop.processSelectedKeys(NioEventLoop.java:496)
	at org.apache.ratis.thirdparty.io.netty.channel.nio.NioEventLoop.run(NioEventLoop.java:458)
	at org.apache.ratis.thirdparty.io.netty.util.concurrent.SingleThreadEventExecutor$5.run(SingleThreadEventExecutor.java:897)
	at org.apache.ratis.thirdparty.io.netty.util.concurrent.FastThreadLocalRunnable.run(FastThreadLocalRunnable.java:30)
	... 1 more
Caused by: java.net.ConnectException: Connection refused
	... 11 more
2019-10-20 13:11:18,856 [grpc-default-executor-10] INFO  impl.RaftServerImpl (RaftServerImpl.java:setRole(184)) - 1ac0a8d4-e534-43ce-83b1-426d47a3040d@group-42C3DBE2B33D: changes role from  FOLLOWER to FOLLOWER at term 174 for recognizeCandidate:7660b851-9671-46a6-9e1d-7d946f95d492
2019-10-20 13:11:18,856 [grpc-default-executor-10] INFO  impl.RoleInfo (RoleInfo.java:shutdownFollowerState(121)) - 1ac0a8d4-e534-43ce-83b1-426d47a3040d: shutdown FollowerState
2019-10-20 13:11:18,856 [grpc-default-executor-10] INFO  impl.RoleInfo (RoleInfo.java:updateAndGet(143)) - 1ac0a8d4-e534-43ce-83b1-426d47a3040d: start FollowerState
2019-10-20 13:11:18,856 [Thread-25746] INFO  impl.FollowerState (FollowerState.java:run(117)) - 1ac0a8d4-e534-43ce-83b1-426d47a3040d@group-42C3DBE2B33D-FollowerState was interrupted: java.lang.InterruptedException: sleep interrupted
2019-10-20 13:11:18,869 [7660b851-9671-46a6-9e1d-7d946f95d492@group-42C3DBE2B33D-LeaderElection3452] INFO  impl.LeaderElection (LeaderElection.java:logAndReturn(56)) - 7660b851-9671-46a6-9e1d-7d946f95d492@group-42C3DBE2B33D-LeaderElection3452: Election REJECTED; received 1 response(s) [7660b851-9671-46a6-9e1d-7d946f95d492<-1ac0a8d4-e534-43ce-83b1-426d47a3040d#0:FAIL-t174] and 1 exception(s); 7660b851-9671-46a6-9e1d-7d946f95d492@group-42C3DBE2B33D:t174, leader=null, voted=7660b851-9671-46a6-9e1d-7d946f95d492, raftlog=7660b851-9671-46a6-9e1d-7d946f95d492@group-42C3DBE2B33D-SegmentedRaftLog:OPENED:c-1,f-1,i0, conf=-1: [fdf19479-69c2-4639-b68c-6adde78ca28a:192.168.157.204:42858, 1ac0a8d4-e534-43ce-83b1-426d47a3040d:192.168.157.204:32953, 7660b851-9671-46a6-9e1d-7d946f95d492:192.168.157.204:41682], old=null
2019-10-20 13:11:18,869 [7660b851-9671-46a6-9e1d-7d946f95d492@group-42C3DBE2B33D-LeaderElection3452] INFO  impl.LeaderElection (LogUtils.java:infoOrTrace(149)) -   Exception 0: {}
java.util.concurrent.ExecutionException: org.apache.ratis.thirdparty.io.grpc.StatusRuntimeException: UNAVAILABLE: io exception
	at java.util.concurrent.FutureTask.report(FutureTask.java:122)
	at java.util.concurrent.FutureTask.get(FutureTask.java:192)
	at org.apache.ratis.server.impl.LeaderElection.waitForResults(LeaderElection.java:259)
	at org.apache.ratis.server.impl.LeaderElection.askForVotes(LeaderElection.java:197)
	at org.apache.ratis.server.impl.LeaderElection.run(LeaderElection.java:133)
	at java.lang.Thread.run(Thread.java:748)
Caused by: org.apache.ratis.thirdparty.io.grpc.StatusRuntimeException: UNAVAILABLE: io exception
	at org.apache.ratis.thirdparty.io.grpc.stub.ClientCalls.toStatusRuntimeException(ClientCalls.java:233)
	at org.apache.ratis.thirdparty.io.grpc.stub.ClientCalls.getUnchecked(ClientCalls.java:214)
	at org.apache.ratis.thirdparty.io.grpc.stub.ClientCalls.blockingUnaryCall(ClientCalls.java:139)
	at org.apache.ratis.proto.grpc.RaftServerProtocolServiceGrpc$RaftServerProtocolServiceBlockingStub.requestVote(RaftServerProtocolServiceGrpc.java:265)
	at org.apache.ratis.grpc.server.GrpcServerProtocolClient.requestVote(GrpcServerProtocolClient.java:99)
	at org.apache.ratis.grpc.server.GrpcService.requestVote(GrpcService.java:204)
	at org.apache.ratis.server.impl.LeaderElection.lambda$submitRequests$1(LeaderElection.java:234)
	at java.util.concurrent.FutureTask.run(FutureTask.java:266)
	at java.util.concurrent.Executors$RunnableAdapter.call(Executors.java:511)
	at java.util.concurrent.FutureTask.run(FutureTask.java:266)
	at java.util.concurrent.ThreadPoolExecutor.runWorker(ThreadPoolExecutor.java:1149)
	at java.util.concurrent.ThreadPoolExecutor$Worker.run(ThreadPoolExecutor.java:624)
	... 1 more
Caused by: org.apache.ratis.thirdparty.io.netty.channel.AbstractChannel$AnnotatedConnectException: Connection refused: /192.168.157.204:42858
	at sun.nio.ch.SocketChannelImpl.checkConnect(Native Method)
	at sun.nio.ch.SocketChannelImpl.finishConnect(SocketChannelImpl.java:717)
	at org.apache.ratis.thirdparty.io.netty.channel.socket.nio.NioSocketChannel.doFinishConnect(NioSocketChannel.java:327)
	at org.apache.ratis.thirdparty.io.netty.channel.nio.AbstractNioChannel$AbstractNioUnsafe.finishConnect(AbstractNioChannel.java:340)
	at org.apache.ratis.thirdparty.io.netty.channel.nio.NioEventLoop.processSelectedKey(NioEventLoop.java:632)
	at org.apache.ratis.thirdparty.io.netty.channel.nio.NioEventLoop.processSelectedKeysOptimized(NioEventLoop.java:579)
	at org.apache.ratis.thirdparty.io.netty.channel.nio.NioEventLoop.processSelectedKeys(NioEventLoop.java:496)
	at org.apache.ratis.thirdparty.io.netty.channel.nio.NioEventLoop.run(NioEventLoop.java:458)
	at org.apache.ratis.thirdparty.io.netty.util.concurrent.SingleThreadEventExecutor$5.run(SingleThreadEventExecutor.java:897)
	at org.apache.ratis.thirdparty.io.netty.util.concurrent.FastThreadLocalRunnable.run(FastThreadLocalRunnable.java:30)
	... 1 more
Caused by: java.net.ConnectException: Connection refused
	... 11 more
2019-10-20 13:11:18,870 [7660b851-9671-46a6-9e1d-7d946f95d492@group-42C3DBE2B33D-LeaderElection3452] INFO  impl.RaftServerImpl (RaftServerImpl.java:setRole(184)) - 7660b851-9671-46a6-9e1d-7d946f95d492@group-42C3DBE2B33D: changes role from CANDIDATE to FOLLOWER at term 174 for DISCOVERED_A_NEW_TERM
2019-10-20 13:11:18,870 [7660b851-9671-46a6-9e1d-7d946f95d492@group-42C3DBE2B33D-LeaderElection3452] INFO  impl.RoleInfo (RoleInfo.java:shutdownLeaderElection(134)) - 7660b851-9671-46a6-9e1d-7d946f95d492: shutdown LeaderElection
2019-10-20 13:11:18,870 [7660b851-9671-46a6-9e1d-7d946f95d492@group-42C3DBE2B33D-LeaderElection3452] INFO  impl.RoleInfo (RoleInfo.java:updateAndGet(143)) - 7660b851-9671-46a6-9e1d-7d946f95d492: start FollowerState
2019-10-20 13:11:18,989 [Thread-25752] INFO  impl.FollowerState (FollowerState.java:run(108)) - 7660b851-9671-46a6-9e1d-7d946f95d492@group-42C3DBE2B33D-FollowerState: change to CANDIDATE, lastRpcTime:119ms, electionTimeout:119ms
2019-10-20 13:11:18,989 [Thread-25752] INFO  impl.RoleInfo (RoleInfo.java:shutdownFollowerState(121)) - 7660b851-9671-46a6-9e1d-7d946f95d492: shutdown FollowerState
2019-10-20 13:11:18,990 [Thread-25752] INFO  impl.RaftServerImpl (RaftServerImpl.java:setRole(184)) - 7660b851-9671-46a6-9e1d-7d946f95d492@group-42C3DBE2B33D: changes role from  FOLLOWER to CANDIDATE at term 174 for changeToCandidate
2019-10-20 13:11:18,990 [Thread-25752] INFO  impl.RoleInfo (RoleInfo.java:updateAndGet(143)) - 7660b851-9671-46a6-9e1d-7d946f95d492: start LeaderElection
2019-10-20 13:11:19,003 [7660b851-9671-46a6-9e1d-7d946f95d492@group-42C3DBE2B33D-LeaderElection3453] INFO  impl.LeaderElection (LeaderElection.java:askForVotes(178)) - 7660b851-9671-46a6-9e1d-7d946f95d492@group-42C3DBE2B33D-LeaderElection3453: begin an election at term 175 for -1: [fdf19479-69c2-4639-b68c-6adde78ca28a:192.168.157.204:42858, 1ac0a8d4-e534-43ce-83b1-426d47a3040d:192.168.157.204:32953, 7660b851-9671-46a6-9e1d-7d946f95d492:192.168.157.204:41682], old=null
2019-10-20 13:11:19,003 [7660b851-9671-46a6-9e1d-7d946f95d492@group-42C3DBE2B33D-LeaderElection3453] INFO  impl.LeaderElection (LogUtils.java:infoOrTrace(149)) - 7660b851-9671-46a6-9e1d-7d946f95d492@group-42C3DBE2B33D-LeaderElection3453 got exception when requesting votes: {}
java.util.concurrent.ExecutionException: org.apache.ratis.thirdparty.io.grpc.StatusRuntimeException: UNAVAILABLE: io exception
	at java.util.concurrent.FutureTask.report(FutureTask.java:122)
	at java.util.concurrent.FutureTask.get(FutureTask.java:192)
	at org.apache.ratis.server.impl.LeaderElection.waitForResults(LeaderElection.java:259)
	at org.apache.ratis.server.impl.LeaderElection.askForVotes(LeaderElection.java:197)
	at org.apache.ratis.server.impl.LeaderElection.run(LeaderElection.java:133)
	at java.lang.Thread.run(Thread.java:748)
Caused by: org.apache.ratis.thirdparty.io.grpc.StatusRuntimeException: UNAVAILABLE: io exception
	at org.apache.ratis.thirdparty.io.grpc.stub.ClientCalls.toStatusRuntimeException(ClientCalls.java:233)
	at org.apache.ratis.thirdparty.io.grpc.stub.ClientCalls.getUnchecked(ClientCalls.java:214)
	at org.apache.ratis.thirdparty.io.grpc.stub.ClientCalls.blockingUnaryCall(ClientCalls.java:139)
	at org.apache.ratis.proto.grpc.RaftServerProtocolServiceGrpc$RaftServerProtocolServiceBlockingStub.requestVote(RaftServerProtocolServiceGrpc.java:265)
	at org.apache.ratis.grpc.server.GrpcServerProtocolClient.requestVote(GrpcServerProtocolClient.java:99)
	at org.apache.ratis.grpc.server.GrpcService.requestVote(GrpcService.java:204)
	at org.apache.ratis.server.impl.LeaderElection.lambda$submitRequests$1(LeaderElection.java:234)
	at java.util.concurrent.FutureTask.run(FutureTask.java:266)
	at java.util.concurrent.Executors$RunnableAdapter.call(Executors.java:511)
	at java.util.concurrent.FutureTask.run(FutureTask.java:266)
	at java.util.concurrent.ThreadPoolExecutor.runWorker(ThreadPoolExecutor.java:1149)
	at java.util.concurrent.ThreadPoolExecutor$Worker.run(ThreadPoolExecutor.java:624)
	... 1 more
Caused by: org.apache.ratis.thirdparty.io.netty.channel.AbstractChannel$AnnotatedConnectException: Connection refused: /192.168.157.204:42858
	at sun.nio.ch.SocketChannelImpl.checkConnect(Native Method)
	at sun.nio.ch.SocketChannelImpl.finishConnect(SocketChannelImpl.java:717)
	at org.apache.ratis.thirdparty.io.netty.channel.socket.nio.NioSocketChannel.doFinishConnect(NioSocketChannel.java:327)
	at org.apache.ratis.thirdparty.io.netty.channel.nio.AbstractNioChannel$AbstractNioUnsafe.finishConnect(AbstractNioChannel.java:340)
	at org.apache.ratis.thirdparty.io.netty.channel.nio.NioEventLoop.processSelectedKey(NioEventLoop.java:632)
	at org.apache.ratis.thirdparty.io.netty.channel.nio.NioEventLoop.processSelectedKeysOptimized(NioEventLoop.java:579)
	at org.apache.ratis.thirdparty.io.netty.channel.nio.NioEventLoop.processSelectedKeys(NioEventLoop.java:496)
	at org.apache.ratis.thirdparty.io.netty.channel.nio.NioEventLoop.run(NioEventLoop.java:458)
	at org.apache.ratis.thirdparty.io.netty.util.concurrent.SingleThreadEventExecutor$5.run(SingleThreadEventExecutor.java:897)
	at org.apache.ratis.thirdparty.io.netty.util.concurrent.FastThreadLocalRunnable.run(FastThreadLocalRunnable.java:30)
	... 1 more
Caused by: java.net.ConnectException: Connection refused
	... 11 more
2019-10-20 13:11:19,004 [grpc-default-executor-10] INFO  impl.RaftServerImpl (RaftServerImpl.java:setRole(184)) - 1ac0a8d4-e534-43ce-83b1-426d47a3040d@group-42C3DBE2B33D: changes role from  FOLLOWER to FOLLOWER at term 175 for recognizeCandidate:7660b851-9671-46a6-9e1d-7d946f95d492
2019-10-20 13:11:19,004 [grpc-default-executor-10] INFO  impl.RoleInfo (RoleInfo.java:shutdownFollowerState(121)) - 1ac0a8d4-e534-43ce-83b1-426d47a3040d: shutdown FollowerState
2019-10-20 13:11:19,004 [grpc-default-executor-10] INFO  impl.RoleInfo (RoleInfo.java:updateAndGet(143)) - 1ac0a8d4-e534-43ce-83b1-426d47a3040d: start FollowerState
2019-10-20 13:11:19,004 [Thread-25751] INFO  impl.FollowerState (FollowerState.java:run(117)) - 1ac0a8d4-e534-43ce-83b1-426d47a3040d@group-42C3DBE2B33D-FollowerState was interrupted: java.lang.InterruptedException: sleep interrupted
2019-10-20 13:11:19,018 [7660b851-9671-46a6-9e1d-7d946f95d492@group-42C3DBE2B33D-LeaderElection3453] INFO  impl.LeaderElection (LeaderElection.java:logAndReturn(56)) - 7660b851-9671-46a6-9e1d-7d946f95d492@group-42C3DBE2B33D-LeaderElection3453: Election REJECTED; received 1 response(s) [7660b851-9671-46a6-9e1d-7d946f95d492<-1ac0a8d4-e534-43ce-83b1-426d47a3040d#0:FAIL-t175] and 1 exception(s); 7660b851-9671-46a6-9e1d-7d946f95d492@group-42C3DBE2B33D:t175, leader=null, voted=7660b851-9671-46a6-9e1d-7d946f95d492, raftlog=7660b851-9671-46a6-9e1d-7d946f95d492@group-42C3DBE2B33D-SegmentedRaftLog:OPENED:c-1,f-1,i0, conf=-1: [fdf19479-69c2-4639-b68c-6adde78ca28a:192.168.157.204:42858, 1ac0a8d4-e534-43ce-83b1-426d47a3040d:192.168.157.204:32953, 7660b851-9671-46a6-9e1d-7d946f95d492:192.168.157.204:41682], old=null
2019-10-20 13:11:19,018 [7660b851-9671-46a6-9e1d-7d946f95d492@group-42C3DBE2B33D-LeaderElection3453] INFO  impl.LeaderElection (LogUtils.java:infoOrTrace(149)) -   Exception 0: {}
java.util.concurrent.ExecutionException: org.apache.ratis.thirdparty.io.grpc.StatusRuntimeException: UNAVAILABLE: io exception
	at java.util.concurrent.FutureTask.report(FutureTask.java:122)
	at java.util.concurrent.FutureTask.get(FutureTask.java:192)
	at org.apache.ratis.server.impl.LeaderElection.waitForResults(LeaderElection.java:259)
	at org.apache.ratis.server.impl.LeaderElection.askForVotes(LeaderElection.java:197)
	at org.apache.ratis.server.impl.LeaderElection.run(LeaderElection.java:133)
	at java.lang.Thread.run(Thread.java:748)
Caused by: org.apache.ratis.thirdparty.io.grpc.StatusRuntimeException: UNAVAILABLE: io exception
	at org.apache.ratis.thirdparty.io.grpc.stub.ClientCalls.toStatusRuntimeException(ClientCalls.java:233)
	at org.apache.ratis.thirdparty.io.grpc.stub.ClientCalls.getUnchecked(ClientCalls.java:214)
	at org.apache.ratis.thirdparty.io.grpc.stub.ClientCalls.blockingUnaryCall(ClientCalls.java:139)
	at org.apache.ratis.proto.grpc.RaftServerProtocolServiceGrpc$RaftServerProtocolServiceBlockingStub.requestVote(RaftServerProtocolServiceGrpc.java:265)
	at org.apache.ratis.grpc.server.GrpcServerProtocolClient.requestVote(GrpcServerProtocolClient.java:99)
	at org.apache.ratis.grpc.server.GrpcService.requestVote(GrpcService.java:204)
	at org.apache.ratis.server.impl.LeaderElection.lambda$submitRequests$1(LeaderElection.java:234)
	at java.util.concurrent.FutureTask.run(FutureTask.java:266)
	at java.util.concurrent.Executors$RunnableAdapter.call(Executors.java:511)
	at java.util.concurrent.FutureTask.run(FutureTask.java:266)
	at java.util.concurrent.ThreadPoolExecutor.runWorker(ThreadPoolExecutor.java:1149)
	at java.util.concurrent.ThreadPoolExecutor$Worker.run(ThreadPoolExecutor.java:624)
	... 1 more
Caused by: org.apache.ratis.thirdparty.io.netty.channel.AbstractChannel$AnnotatedConnectException: Connection refused: /192.168.157.204:42858
	at sun.nio.ch.SocketChannelImpl.checkConnect(Native Method)
	at sun.nio.ch.SocketChannelImpl.finishConnect(SocketChannelImpl.java:717)
	at org.apache.ratis.thirdparty.io.netty.channel.socket.nio.NioSocketChannel.doFinishConnect(NioSocketChannel.java:327)
	at org.apache.ratis.thirdparty.io.netty.channel.nio.AbstractNioChannel$AbstractNioUnsafe.finishConnect(AbstractNioChannel.java:340)
	at org.apache.ratis.thirdparty.io.netty.channel.nio.NioEventLoop.processSelectedKey(NioEventLoop.java:632)
	at org.apache.ratis.thirdparty.io.netty.channel.nio.NioEventLoop.processSelectedKeysOptimized(NioEventLoop.java:579)
	at org.apache.ratis.thirdparty.io.netty.channel.nio.NioEventLoop.processSelectedKeys(NioEventLoop.java:496)
	at org.apache.ratis.thirdparty.io.netty.channel.nio.NioEventLoop.run(NioEventLoop.java:458)
	at org.apache.ratis.thirdparty.io.netty.util.concurrent.SingleThreadEventExecutor$5.run(SingleThreadEventExecutor.java:897)
	at org.apache.ratis.thirdparty.io.netty.util.concurrent.FastThreadLocalRunnable.run(FastThreadLocalRunnable.java:30)
	... 1 more
Caused by: java.net.ConnectException: Connection refused
	... 11 more
2019-10-20 13:11:19,019 [7660b851-9671-46a6-9e1d-7d946f95d492@group-42C3DBE2B33D-LeaderElection3453] INFO  impl.RaftServerImpl (RaftServerImpl.java:setRole(184)) - 7660b851-9671-46a6-9e1d-7d946f95d492@group-42C3DBE2B33D: changes role from CANDIDATE to FOLLOWER at term 175 for DISCOVERED_A_NEW_TERM
2019-10-20 13:11:19,019 [7660b851-9671-46a6-9e1d-7d946f95d492@group-42C3DBE2B33D-LeaderElection3453] INFO  impl.RoleInfo (RoleInfo.java:shutdownLeaderElection(134)) - 7660b851-9671-46a6-9e1d-7d946f95d492: shutdown LeaderElection
2019-10-20 13:11:19,019 [7660b851-9671-46a6-9e1d-7d946f95d492@group-42C3DBE2B33D-LeaderElection3453] INFO  impl.RoleInfo (RoleInfo.java:updateAndGet(143)) - 7660b851-9671-46a6-9e1d-7d946f95d492: start FollowerState
2019-10-20 13:11:19,117 [Thread-25757] INFO  impl.FollowerState (FollowerState.java:run(108)) - 7660b851-9671-46a6-9e1d-7d946f95d492@group-42C3DBE2B33D-FollowerState: change to CANDIDATE, lastRpcTime:98ms, electionTimeout:98ms
2019-10-20 13:11:19,117 [Thread-25757] INFO  impl.RoleInfo (RoleInfo.java:shutdownFollowerState(121)) - 7660b851-9671-46a6-9e1d-7d946f95d492: shutdown FollowerState
2019-10-20 13:11:19,117 [Thread-25757] INFO  impl.RaftServerImpl (RaftServerImpl.java:setRole(184)) - 7660b851-9671-46a6-9e1d-7d946f95d492@group-42C3DBE2B33D: changes role from  FOLLOWER to CANDIDATE at term 175 for changeToCandidate
2019-10-20 13:11:19,117 [Thread-25757] INFO  impl.RoleInfo (RoleInfo.java:updateAndGet(143)) - 7660b851-9671-46a6-9e1d-7d946f95d492: start LeaderElection
2019-10-20 13:11:19,131 [7660b851-9671-46a6-9e1d-7d946f95d492@group-42C3DBE2B33D-LeaderElection3454] INFO  impl.LeaderElection (LeaderElection.java:askForVotes(178)) - 7660b851-9671-46a6-9e1d-7d946f95d492@group-42C3DBE2B33D-LeaderElection3454: begin an election at term 176 for -1: [fdf19479-69c2-4639-b68c-6adde78ca28a:192.168.157.204:42858, 1ac0a8d4-e534-43ce-83b1-426d47a3040d:192.168.157.204:32953, 7660b851-9671-46a6-9e1d-7d946f95d492:192.168.157.204:41682], old=null
2019-10-20 13:11:19,132 [7660b851-9671-46a6-9e1d-7d946f95d492@group-42C3DBE2B33D-LeaderElection3454] INFO  impl.LeaderElection (LogUtils.java:infoOrTrace(149)) - 7660b851-9671-46a6-9e1d-7d946f95d492@group-42C3DBE2B33D-LeaderElection3454 got exception when requesting votes: {}
java.util.concurrent.ExecutionException: org.apache.ratis.thirdparty.io.grpc.StatusRuntimeException: UNAVAILABLE: io exception
	at java.util.concurrent.FutureTask.report(FutureTask.java:122)
	at java.util.concurrent.FutureTask.get(FutureTask.java:192)
	at org.apache.ratis.server.impl.LeaderElection.waitForResults(LeaderElection.java:259)
	at org.apache.ratis.server.impl.LeaderElection.askForVotes(LeaderElection.java:197)
	at org.apache.ratis.server.impl.LeaderElection.run(LeaderElection.java:133)
	at java.lang.Thread.run(Thread.java:748)
Caused by: org.apache.ratis.thirdparty.io.grpc.StatusRuntimeException: UNAVAILABLE: io exception
	at org.apache.ratis.thirdparty.io.grpc.stub.ClientCalls.toStatusRuntimeException(ClientCalls.java:233)
	at org.apache.ratis.thirdparty.io.grpc.stub.ClientCalls.getUnchecked(ClientCalls.java:214)
	at org.apache.ratis.thirdparty.io.grpc.stub.ClientCalls.blockingUnaryCall(ClientCalls.java:139)
	at org.apache.ratis.proto.grpc.RaftServerProtocolServiceGrpc$RaftServerProtocolServiceBlockingStub.requestVote(RaftServerProtocolServiceGrpc.java:265)
	at org.apache.ratis.grpc.server.GrpcServerProtocolClient.requestVote(GrpcServerProtocolClient.java:99)
	at org.apache.ratis.grpc.server.GrpcService.requestVote(GrpcService.java:204)
	at org.apache.ratis.server.impl.LeaderElection.lambda$submitRequests$1(LeaderElection.java:234)
	at java.util.concurrent.FutureTask.run(FutureTask.java:266)
	at java.util.concurrent.Executors$RunnableAdapter.call(Executors.java:511)
	at java.util.concurrent.FutureTask.run(FutureTask.java:266)
	at java.util.concurrent.ThreadPoolExecutor.runWorker(ThreadPoolExecutor.java:1149)
	at java.util.concurrent.ThreadPoolExecutor$Worker.run(ThreadPoolExecutor.java:624)
	... 1 more
Caused by: org.apache.ratis.thirdparty.io.netty.channel.AbstractChannel$AnnotatedConnectException: Connection refused: /192.168.157.204:42858
	at sun.nio.ch.SocketChannelImpl.checkConnect(Native Method)
	at sun.nio.ch.SocketChannelImpl.finishConnect(SocketChannelImpl.java:717)
	at org.apache.ratis.thirdparty.io.netty.channel.socket.nio.NioSocketChannel.doFinishConnect(NioSocketChannel.java:327)
	at org.apache.ratis.thirdparty.io.netty.channel.nio.AbstractNioChannel$AbstractNioUnsafe.finishConnect(AbstractNioChannel.java:340)
	at org.apache.ratis.thirdparty.io.netty.channel.nio.NioEventLoop.processSelectedKey(NioEventLoop.java:632)
	at org.apache.ratis.thirdparty.io.netty.channel.nio.NioEventLoop.processSelectedKeysOptimized(NioEventLoop.java:579)
	at org.apache.ratis.thirdparty.io.netty.channel.nio.NioEventLoop.processSelectedKeys(NioEventLoop.java:496)
	at org.apache.ratis.thirdparty.io.netty.channel.nio.NioEventLoop.run(NioEventLoop.java:458)
	at org.apache.ratis.thirdparty.io.netty.util.concurrent.SingleThreadEventExecutor$5.run(SingleThreadEventExecutor.java:897)
	at org.apache.ratis.thirdparty.io.netty.util.concurrent.FastThreadLocalRunnable.run(FastThreadLocalRunnable.java:30)
	... 1 more
Caused by: java.net.ConnectException: Connection refused
	... 11 more
2019-10-20 13:11:19,132 [grpc-default-executor-18] INFO  impl.RaftServerImpl (RaftServerImpl.java:setRole(184)) - 1ac0a8d4-e534-43ce-83b1-426d47a3040d@group-42C3DBE2B33D: changes role from  FOLLOWER to FOLLOWER at term 176 for recognizeCandidate:7660b851-9671-46a6-9e1d-7d946f95d492
2019-10-20 13:11:19,132 [grpc-default-executor-18] INFO  impl.RoleInfo (RoleInfo.java:shutdownFollowerState(121)) - 1ac0a8d4-e534-43ce-83b1-426d47a3040d: shutdown FollowerState
2019-10-20 13:11:19,132 [grpc-default-executor-18] INFO  impl.RoleInfo (RoleInfo.java:updateAndGet(143)) - 1ac0a8d4-e534-43ce-83b1-426d47a3040d: start FollowerState
2019-10-20 13:11:19,133 [Thread-25756] INFO  impl.FollowerState (FollowerState.java:run(117)) - 1ac0a8d4-e534-43ce-83b1-426d47a3040d@group-42C3DBE2B33D-FollowerState was interrupted: java.lang.InterruptedException: sleep interrupted
2019-10-20 13:11:19,145 [7660b851-9671-46a6-9e1d-7d946f95d492@group-42C3DBE2B33D-LeaderElection3454] INFO  impl.LeaderElection (LeaderElection.java:logAndReturn(56)) - 7660b851-9671-46a6-9e1d-7d946f95d492@group-42C3DBE2B33D-LeaderElection3454: Election REJECTED; received 1 response(s) [7660b851-9671-46a6-9e1d-7d946f95d492<-1ac0a8d4-e534-43ce-83b1-426d47a3040d#0:FAIL-t176] and 1 exception(s); 7660b851-9671-46a6-9e1d-7d946f95d492@group-42C3DBE2B33D:t176, leader=null, voted=7660b851-9671-46a6-9e1d-7d946f95d492, raftlog=7660b851-9671-46a6-9e1d-7d946f95d492@group-42C3DBE2B33D-SegmentedRaftLog:OPENED:c-1,f-1,i0, conf=-1: [fdf19479-69c2-4639-b68c-6adde78ca28a:192.168.157.204:42858, 1ac0a8d4-e534-43ce-83b1-426d47a3040d:192.168.157.204:32953, 7660b851-9671-46a6-9e1d-7d946f95d492:192.168.157.204:41682], old=null
2019-10-20 13:11:19,145 [7660b851-9671-46a6-9e1d-7d946f95d492@group-42C3DBE2B33D-LeaderElection3454] INFO  impl.LeaderElection (LogUtils.java:infoOrTrace(149)) -   Exception 0: {}
java.util.concurrent.ExecutionException: org.apache.ratis.thirdparty.io.grpc.StatusRuntimeException: UNAVAILABLE: io exception
	at java.util.concurrent.FutureTask.report(FutureTask.java:122)
	at java.util.concurrent.FutureTask.get(FutureTask.java:192)
	at org.apache.ratis.server.impl.LeaderElection.waitForResults(LeaderElection.java:259)
	at org.apache.ratis.server.impl.LeaderElection.askForVotes(LeaderElection.java:197)
	at org.apache.ratis.server.impl.LeaderElection.run(LeaderElection.java:133)
	at java.lang.Thread.run(Thread.java:748)
Caused by: org.apache.ratis.thirdparty.io.grpc.StatusRuntimeException: UNAVAILABLE: io exception
	at org.apache.ratis.thirdparty.io.grpc.stub.ClientCalls.toStatusRuntimeException(ClientCalls.java:233)
	at org.apache.ratis.thirdparty.io.grpc.stub.ClientCalls.getUnchecked(ClientCalls.java:214)
	at org.apache.ratis.thirdparty.io.grpc.stub.ClientCalls.blockingUnaryCall(ClientCalls.java:139)
	at org.apache.ratis.proto.grpc.RaftServerProtocolServiceGrpc$RaftServerProtocolServiceBlockingStub.requestVote(RaftServerProtocolServiceGrpc.java:265)
	at org.apache.ratis.grpc.server.GrpcServerProtocolClient.requestVote(GrpcServerProtocolClient.java:99)
	at org.apache.ratis.grpc.server.GrpcService.requestVote(GrpcService.java:204)
	at org.apache.ratis.server.impl.LeaderElection.lambda$submitRequests$1(LeaderElection.java:234)
	at java.util.concurrent.FutureTask.run(FutureTask.java:266)
	at java.util.concurrent.Executors$RunnableAdapter.call(Executors.java:511)
	at java.util.concurrent.FutureTask.run(FutureTask.java:266)
	at java.util.concurrent.ThreadPoolExecutor.runWorker(ThreadPoolExecutor.java:1149)
	at java.util.concurrent.ThreadPoolExecutor$Worker.run(ThreadPoolExecutor.java:624)
	... 1 more
Caused by: org.apache.ratis.thirdparty.io.netty.channel.AbstractChannel$AnnotatedConnectException: Connection refused: /192.168.157.204:42858
	at sun.nio.ch.SocketChannelImpl.checkConnect(Native Method)
	at sun.nio.ch.SocketChannelImpl.finishConnect(SocketChannelImpl.java:717)
	at org.apache.ratis.thirdparty.io.netty.channel.socket.nio.NioSocketChannel.doFinishConnect(NioSocketChannel.java:327)
	at org.apache.ratis.thirdparty.io.netty.channel.nio.AbstractNioChannel$AbstractNioUnsafe.finishConnect(AbstractNioChannel.java:340)
	at org.apache.ratis.thirdparty.io.netty.channel.nio.NioEventLoop.processSelectedKey(NioEventLoop.java:632)
	at org.apache.ratis.thirdparty.io.netty.channel.nio.NioEventLoop.processSelectedKeysOptimized(NioEventLoop.java:579)
	at org.apache.ratis.thirdparty.io.netty.channel.nio.NioEventLoop.processSelectedKeys(NioEventLoop.java:496)
	at org.apache.ratis.thirdparty.io.netty.channel.nio.NioEventLoop.run(NioEventLoop.java:458)
	at org.apache.ratis.thirdparty.io.netty.util.concurrent.SingleThreadEventExecutor$5.run(SingleThreadEventExecutor.java:897)
	at org.apache.ratis.thirdparty.io.netty.util.concurrent.FastThreadLocalRunnable.run(FastThreadLocalRunnable.java:30)
	... 1 more
Caused by: java.net.ConnectException: Connection refused
	... 11 more
2019-10-20 13:11:19,146 [7660b851-9671-46a6-9e1d-7d946f95d492@group-42C3DBE2B33D-LeaderElection3454] INFO  impl.RaftServerImpl (RaftServerImpl.java:setRole(184)) - 7660b851-9671-46a6-9e1d-7d946f95d492@group-42C3DBE2B33D: changes role from CANDIDATE to FOLLOWER at term 176 for DISCOVERED_A_NEW_TERM
2019-10-20 13:11:19,146 [7660b851-9671-46a6-9e1d-7d946f95d492@group-42C3DBE2B33D-LeaderElection3454] INFO  impl.RoleInfo (RoleInfo.java:shutdownLeaderElection(134)) - 7660b851-9671-46a6-9e1d-7d946f95d492: shutdown LeaderElection
2019-10-20 13:11:19,146 [7660b851-9671-46a6-9e1d-7d946f95d492@group-42C3DBE2B33D-LeaderElection3454] INFO  impl.RoleInfo (RoleInfo.java:updateAndGet(143)) - 7660b851-9671-46a6-9e1d-7d946f95d492: start FollowerState
2019-10-20 13:11:19,344 [Thread-25764] INFO  impl.FollowerState (FollowerState.java:run(108)) - 7660b851-9671-46a6-9e1d-7d946f95d492@group-42C3DBE2B33D-FollowerState: change to CANDIDATE, lastRpcTime:198ms, electionTimeout:198ms
2019-10-20 13:11:19,344 [Thread-25764] INFO  impl.RoleInfo (RoleInfo.java:shutdownFollowerState(121)) - 7660b851-9671-46a6-9e1d-7d946f95d492: shutdown FollowerState
2019-10-20 13:11:19,345 [Thread-25764] INFO  impl.RaftServerImpl (RaftServerImpl.java:setRole(184)) - 7660b851-9671-46a6-9e1d-7d946f95d492@group-42C3DBE2B33D: changes role from  FOLLOWER to CANDIDATE at term 176 for changeToCandidate
2019-10-20 13:11:19,345 [Thread-25764] INFO  impl.RoleInfo (RoleInfo.java:updateAndGet(143)) - 7660b851-9671-46a6-9e1d-7d946f95d492: start LeaderElection
2019-10-20 13:11:19,358 [7660b851-9671-46a6-9e1d-7d946f95d492@group-42C3DBE2B33D-LeaderElection3455] INFO  impl.LeaderElection (LeaderElection.java:askForVotes(178)) - 7660b851-9671-46a6-9e1d-7d946f95d492@group-42C3DBE2B33D-LeaderElection3455: begin an election at term 177 for -1: [fdf19479-69c2-4639-b68c-6adde78ca28a:192.168.157.204:42858, 1ac0a8d4-e534-43ce-83b1-426d47a3040d:192.168.157.204:32953, 7660b851-9671-46a6-9e1d-7d946f95d492:192.168.157.204:41682], old=null
2019-10-20 13:11:19,359 [7660b851-9671-46a6-9e1d-7d946f95d492@group-42C3DBE2B33D-LeaderElection3455] INFO  impl.LeaderElection (LogUtils.java:infoOrTrace(149)) - 7660b851-9671-46a6-9e1d-7d946f95d492@group-42C3DBE2B33D-LeaderElection3455 got exception when requesting votes: {}
java.util.concurrent.ExecutionException: org.apache.ratis.thirdparty.io.grpc.StatusRuntimeException: UNAVAILABLE: io exception
	at java.util.concurrent.FutureTask.report(FutureTask.java:122)
	at java.util.concurrent.FutureTask.get(FutureTask.java:192)
	at org.apache.ratis.server.impl.LeaderElection.waitForResults(LeaderElection.java:259)
	at org.apache.ratis.server.impl.LeaderElection.askForVotes(LeaderElection.java:197)
	at org.apache.ratis.server.impl.LeaderElection.run(LeaderElection.java:133)
	at java.lang.Thread.run(Thread.java:748)
Caused by: org.apache.ratis.thirdparty.io.grpc.StatusRuntimeException: UNAVAILABLE: io exception
	at org.apache.ratis.thirdparty.io.grpc.stub.ClientCalls.toStatusRuntimeException(ClientCalls.java:233)
	at org.apache.ratis.thirdparty.io.grpc.stub.ClientCalls.getUnchecked(ClientCalls.java:214)
	at org.apache.ratis.thirdparty.io.grpc.stub.ClientCalls.blockingUnaryCall(ClientCalls.java:139)
	at org.apache.ratis.proto.grpc.RaftServerProtocolServiceGrpc$RaftServerProtocolServiceBlockingStub.requestVote(RaftServerProtocolServiceGrpc.java:265)
	at org.apache.ratis.grpc.server.GrpcServerProtocolClient.requestVote(GrpcServerProtocolClient.java:99)
	at org.apache.ratis.grpc.server.GrpcService.requestVote(GrpcService.java:204)
	at org.apache.ratis.server.impl.LeaderElection.lambda$submitRequests$1(LeaderElection.java:234)
	at java.util.concurrent.FutureTask.run(FutureTask.java:266)
	at java.util.concurrent.Executors$RunnableAdapter.call(Executors.java:511)
	at java.util.concurrent.FutureTask.run(FutureTask.java:266)
	at java.util.concurrent.ThreadPoolExecutor.runWorker(ThreadPoolExecutor.java:1149)
	at java.util.concurrent.ThreadPoolExecutor$Worker.run(ThreadPoolExecutor.java:624)
	... 1 more
Caused by: org.apache.ratis.thirdparty.io.netty.channel.AbstractChannel$AnnotatedConnectException: Connection refused: /192.168.157.204:42858
	at sun.nio.ch.SocketChannelImpl.checkConnect(Native Method)
	at sun.nio.ch.SocketChannelImpl.finishConnect(SocketChannelImpl.java:717)
	at org.apache.ratis.thirdparty.io.netty.channel.socket.nio.NioSocketChannel.doFinishConnect(NioSocketChannel.java:327)
	at org.apache.ratis.thirdparty.io.netty.channel.nio.AbstractNioChannel$AbstractNioUnsafe.finishConnect(AbstractNioChannel.java:340)
	at org.apache.ratis.thirdparty.io.netty.channel.nio.NioEventLoop.processSelectedKey(NioEventLoop.java:632)
	at org.apache.ratis.thirdparty.io.netty.channel.nio.NioEventLoop.processSelectedKeysOptimized(NioEventLoop.java:579)
	at org.apache.ratis.thirdparty.io.netty.channel.nio.NioEventLoop.processSelectedKeys(NioEventLoop.java:496)
	at org.apache.ratis.thirdparty.io.netty.channel.nio.NioEventLoop.run(NioEventLoop.java:458)
	at org.apache.ratis.thirdparty.io.netty.util.concurrent.SingleThreadEventExecutor$5.run(SingleThreadEventExecutor.java:897)
	at org.apache.ratis.thirdparty.io.netty.util.concurrent.FastThreadLocalRunnable.run(FastThreadLocalRunnable.java:30)
	... 1 more
Caused by: java.net.ConnectException: Connection refused
	... 11 more
2019-10-20 13:11:19,359 [grpc-default-executor-18] INFO  impl.RaftServerImpl (RaftServerImpl.java:setRole(184)) - 1ac0a8d4-e534-43ce-83b1-426d47a3040d@group-42C3DBE2B33D: changes role from  FOLLOWER to FOLLOWER at term 177 for recognizeCandidate:7660b851-9671-46a6-9e1d-7d946f95d492
2019-10-20 13:11:19,359 [grpc-default-executor-18] INFO  impl.RoleInfo (RoleInfo.java:shutdownFollowerState(121)) - 1ac0a8d4-e534-43ce-83b1-426d47a3040d: shutdown FollowerState
2019-10-20 13:11:19,360 [grpc-default-executor-18] INFO  impl.RoleInfo (RoleInfo.java:updateAndGet(143)) - 1ac0a8d4-e534-43ce-83b1-426d47a3040d: start FollowerState
2019-10-20 13:11:19,360 [Thread-25763] INFO  impl.FollowerState (FollowerState.java:run(117)) - 1ac0a8d4-e534-43ce-83b1-426d47a3040d@group-42C3DBE2B33D-FollowerState was interrupted: java.lang.InterruptedException: sleep interrupted
2019-10-20 13:11:19,373 [7660b851-9671-46a6-9e1d-7d946f95d492@group-42C3DBE2B33D-LeaderElection3455] INFO  impl.LeaderElection (LeaderElection.java:logAndReturn(56)) - 7660b851-9671-46a6-9e1d-7d946f95d492@group-42C3DBE2B33D-LeaderElection3455: Election REJECTED; received 1 response(s) [7660b851-9671-46a6-9e1d-7d946f95d492<-1ac0a8d4-e534-43ce-83b1-426d47a3040d#0:FAIL-t177] and 1 exception(s); 7660b851-9671-46a6-9e1d-7d946f95d492@group-42C3DBE2B33D:t177, leader=null, voted=7660b851-9671-46a6-9e1d-7d946f95d492, raftlog=7660b851-9671-46a6-9e1d-7d946f95d492@group-42C3DBE2B33D-SegmentedRaftLog:OPENED:c-1,f-1,i0, conf=-1: [fdf19479-69c2-4639-b68c-6adde78ca28a:192.168.157.204:42858, 1ac0a8d4-e534-43ce-83b1-426d47a3040d:192.168.157.204:32953, 7660b851-9671-46a6-9e1d-7d946f95d492:192.168.157.204:41682], old=null
2019-10-20 13:11:19,373 [7660b851-9671-46a6-9e1d-7d946f95d492@group-42C3DBE2B33D-LeaderElection3455] INFO  impl.LeaderElection (LogUtils.java:infoOrTrace(149)) -   Exception 0: {}
java.util.concurrent.ExecutionException: org.apache.ratis.thirdparty.io.grpc.StatusRuntimeException: UNAVAILABLE: io exception
	at java.util.concurrent.FutureTask.report(FutureTask.java:122)
	at java.util.concurrent.FutureTask.get(FutureTask.java:192)
	at org.apache.ratis.server.impl.LeaderElection.waitForResults(LeaderElection.java:259)
	at org.apache.ratis.server.impl.LeaderElection.askForVotes(LeaderElection.java:197)
	at org.apache.ratis.server.impl.LeaderElection.run(LeaderElection.java:133)
	at java.lang.Thread.run(Thread.java:748)
Caused by: org.apache.ratis.thirdparty.io.grpc.StatusRuntimeException: UNAVAILABLE: io exception
	at org.apache.ratis.thirdparty.io.grpc.stub.ClientCalls.toStatusRuntimeException(ClientCalls.java:233)
	at org.apache.ratis.thirdparty.io.grpc.stub.ClientCalls.getUnchecked(ClientCalls.java:214)
	at org.apache.ratis.thirdparty.io.grpc.stub.ClientCalls.blockingUnaryCall(ClientCalls.java:139)
	at org.apache.ratis.proto.grpc.RaftServerProtocolServiceGrpc$RaftServerProtocolServiceBlockingStub.requestVote(RaftServerProtocolServiceGrpc.java:265)
	at org.apache.ratis.grpc.server.GrpcServerProtocolClient.requestVote(GrpcServerProtocolClient.java:99)
	at org.apache.ratis.grpc.server.GrpcService.requestVote(GrpcService.java:204)
	at org.apache.ratis.server.impl.LeaderElection.lambda$submitRequests$1(LeaderElection.java:234)
	at java.util.concurrent.FutureTask.run(FutureTask.java:266)
	at java.util.concurrent.Executors$RunnableAdapter.call(Executors.java:511)
	at java.util.concurrent.FutureTask.run(FutureTask.java:266)
	at java.util.concurrent.ThreadPoolExecutor.runWorker(ThreadPoolExecutor.java:1149)
	at java.util.concurrent.ThreadPoolExecutor$Worker.run(ThreadPoolExecutor.java:624)
	... 1 more
Caused by: org.apache.ratis.thirdparty.io.netty.channel.AbstractChannel$AnnotatedConnectException: Connection refused: /192.168.157.204:42858
	at sun.nio.ch.SocketChannelImpl.checkConnect(Native Method)
	at sun.nio.ch.SocketChannelImpl.finishConnect(SocketChannelImpl.java:717)
	at org.apache.ratis.thirdparty.io.netty.channel.socket.nio.NioSocketChannel.doFinishConnect(NioSocketChannel.java:327)
	at org.apache.ratis.thirdparty.io.netty.channel.nio.AbstractNioChannel$AbstractNioUnsafe.finishConnect(AbstractNioChannel.java:340)
	at org.apache.ratis.thirdparty.io.netty.channel.nio.NioEventLoop.processSelectedKey(NioEventLoop.java:632)
	at org.apache.ratis.thirdparty.io.netty.channel.nio.NioEventLoop.processSelectedKeysOptimized(NioEventLoop.java:579)
	at org.apache.ratis.thirdparty.io.netty.channel.nio.NioEventLoop.processSelectedKeys(NioEventLoop.java:496)
	at org.apache.ratis.thirdparty.io.netty.channel.nio.NioEventLoop.run(NioEventLoop.java:458)
	at org.apache.ratis.thirdparty.io.netty.util.concurrent.SingleThreadEventExecutor$5.run(SingleThreadEventExecutor.java:897)
	at org.apache.ratis.thirdparty.io.netty.util.concurrent.FastThreadLocalRunnable.run(FastThreadLocalRunnable.java:30)
	... 1 more
Caused by: java.net.ConnectException: Connection refused
	... 11 more
2019-10-20 13:11:19,373 [7660b851-9671-46a6-9e1d-7d946f95d492@group-42C3DBE2B33D-LeaderElection3455] INFO  impl.RaftServerImpl (RaftServerImpl.java:setRole(184)) - 7660b851-9671-46a6-9e1d-7d946f95d492@group-42C3DBE2B33D: changes role from CANDIDATE to FOLLOWER at term 177 for DISCOVERED_A_NEW_TERM
2019-10-20 13:11:19,374 [7660b851-9671-46a6-9e1d-7d946f95d492@group-42C3DBE2B33D-LeaderElection3455] INFO  impl.RoleInfo (RoleInfo.java:shutdownLeaderElection(134)) - 7660b851-9671-46a6-9e1d-7d946f95d492: shutdown LeaderElection
2019-10-20 13:11:19,374 [7660b851-9671-46a6-9e1d-7d946f95d492@group-42C3DBE2B33D-LeaderElection3455] INFO  impl.RoleInfo (RoleInfo.java:updateAndGet(143)) - 7660b851-9671-46a6-9e1d-7d946f95d492: start FollowerState
2019-10-20 13:11:19,418 [Thread-25771] INFO  impl.FollowerState (FollowerState.java:run(108)) - 7660b851-9671-46a6-9e1d-7d946f95d492@group-42C3DBE2B33D-FollowerState: change to CANDIDATE, lastRpcTime:44ms, electionTimeout:44ms
2019-10-20 13:11:19,418 [Thread-25771] INFO  impl.RoleInfo (RoleInfo.java:shutdownFollowerState(121)) - 7660b851-9671-46a6-9e1d-7d946f95d492: shutdown FollowerState
2019-10-20 13:11:19,418 [Thread-25771] INFO  impl.RaftServerImpl (RaftServerImpl.java:setRole(184)) - 7660b851-9671-46a6-9e1d-7d946f95d492@group-42C3DBE2B33D: changes role from  FOLLOWER to CANDIDATE at term 177 for changeToCandidate
2019-10-20 13:11:19,418 [Thread-25771] INFO  impl.RoleInfo (RoleInfo.java:updateAndGet(143)) - 7660b851-9671-46a6-9e1d-7d946f95d492: start LeaderElection
2019-10-20 13:11:19,431 [7660b851-9671-46a6-9e1d-7d946f95d492@group-42C3DBE2B33D-LeaderElection3456] INFO  impl.LeaderElection (LeaderElection.java:askForVotes(178)) - 7660b851-9671-46a6-9e1d-7d946f95d492@group-42C3DBE2B33D-LeaderElection3456: begin an election at term 178 for -1: [fdf19479-69c2-4639-b68c-6adde78ca28a:192.168.157.204:42858, 1ac0a8d4-e534-43ce-83b1-426d47a3040d:192.168.157.204:32953, 7660b851-9671-46a6-9e1d-7d946f95d492:192.168.157.204:41682], old=null
2019-10-20 13:11:19,432 [7660b851-9671-46a6-9e1d-7d946f95d492@group-42C3DBE2B33D-LeaderElection3456] INFO  impl.LeaderElection (LogUtils.java:infoOrTrace(149)) - 7660b851-9671-46a6-9e1d-7d946f95d492@group-42C3DBE2B33D-LeaderElection3456 got exception when requesting votes: {}
java.util.concurrent.ExecutionException: org.apache.ratis.thirdparty.io.grpc.StatusRuntimeException: UNAVAILABLE: io exception
	at java.util.concurrent.FutureTask.report(FutureTask.java:122)
	at java.util.concurrent.FutureTask.get(FutureTask.java:192)
	at org.apache.ratis.server.impl.LeaderElection.waitForResults(LeaderElection.java:259)
	at org.apache.ratis.server.impl.LeaderElection.askForVotes(LeaderElection.java:197)
	at org.apache.ratis.server.impl.LeaderElection.run(LeaderElection.java:133)
	at java.lang.Thread.run(Thread.java:748)
Caused by: org.apache.ratis.thirdparty.io.grpc.StatusRuntimeException: UNAVAILABLE: io exception
	at org.apache.ratis.thirdparty.io.grpc.stub.ClientCalls.toStatusRuntimeException(ClientCalls.java:233)
	at org.apache.ratis.thirdparty.io.grpc.stub.ClientCalls.getUnchecked(ClientCalls.java:214)
	at org.apache.ratis.thirdparty.io.grpc.stub.ClientCalls.blockingUnaryCall(ClientCalls.java:139)
	at org.apache.ratis.proto.grpc.RaftServerProtocolServiceGrpc$RaftServerProtocolServiceBlockingStub.requestVote(RaftServerProtocolServiceGrpc.java:265)
	at org.apache.ratis.grpc.server.GrpcServerProtocolClient.requestVote(GrpcServerProtocolClient.java:99)
	at org.apache.ratis.grpc.server.GrpcService.requestVote(GrpcService.java:204)
	at org.apache.ratis.server.impl.LeaderElection.lambda$submitRequests$1(LeaderElection.java:234)
	at java.util.concurrent.FutureTask.run(FutureTask.java:266)
	at java.util.concurrent.Executors$RunnableAdapter.call(Executors.java:511)
	at java.util.concurrent.FutureTask.run(FutureTask.java:266)
	at java.util.concurrent.ThreadPoolExecutor.runWorker(ThreadPoolExecutor.java:1149)
	at java.util.concurrent.ThreadPoolExecutor$Worker.run(ThreadPoolExecutor.java:624)
	... 1 more
Caused by: org.apache.ratis.thirdparty.io.netty.channel.AbstractChannel$AnnotatedConnectException: Connection refused: /192.168.157.204:42858
	at sun.nio.ch.SocketChannelImpl.checkConnect(Native Method)
	at sun.nio.ch.SocketChannelImpl.finishConnect(SocketChannelImpl.java:717)
	at org.apache.ratis.thirdparty.io.netty.channel.socket.nio.NioSocketChannel.doFinishConnect(NioSocketChannel.java:327)
	at org.apache.ratis.thirdparty.io.netty.channel.nio.AbstractNioChannel$AbstractNioUnsafe.finishConnect(AbstractNioChannel.java:340)
	at org.apache.ratis.thirdparty.io.netty.channel.nio.NioEventLoop.processSelectedKey(NioEventLoop.java:632)
	at org.apache.ratis.thirdparty.io.netty.channel.nio.NioEventLoop.processSelectedKeysOptimized(NioEventLoop.java:579)
	at org.apache.ratis.thirdparty.io.netty.channel.nio.NioEventLoop.processSelectedKeys(NioEventLoop.java:496)
	at org.apache.ratis.thirdparty.io.netty.channel.nio.NioEventLoop.run(NioEventLoop.java:458)
	at org.apache.ratis.thirdparty.io.netty.util.concurrent.SingleThreadEventExecutor$5.run(SingleThreadEventExecutor.java:897)
	at org.apache.ratis.thirdparty.io.netty.util.concurrent.FastThreadLocalRunnable.run(FastThreadLocalRunnable.java:30)
	... 1 more
Caused by: java.net.ConnectException: Connection refused
	... 11 more
2019-10-20 13:11:19,432 [grpc-default-executor-18] INFO  impl.RaftServerImpl (RaftServerImpl.java:setRole(184)) - 1ac0a8d4-e534-43ce-83b1-426d47a3040d@group-42C3DBE2B33D: changes role from  FOLLOWER to FOLLOWER at term 178 for recognizeCandidate:7660b851-9671-46a6-9e1d-7d946f95d492
2019-10-20 13:11:19,432 [grpc-default-executor-18] INFO  impl.RoleInfo (RoleInfo.java:shutdownFollowerState(121)) - 1ac0a8d4-e534-43ce-83b1-426d47a3040d: shutdown FollowerState
2019-10-20 13:11:19,432 [grpc-default-executor-18] INFO  impl.RoleInfo (RoleInfo.java:updateAndGet(143)) - 1ac0a8d4-e534-43ce-83b1-426d47a3040d: start FollowerState
2019-10-20 13:11:19,432 [Thread-25770] INFO  impl.FollowerState (FollowerState.java:run(117)) - 1ac0a8d4-e534-43ce-83b1-426d47a3040d@group-42C3DBE2B33D-FollowerState was interrupted: java.lang.InterruptedException: sleep interrupted
2019-10-20 13:11:19,446 [7660b851-9671-46a6-9e1d-7d946f95d492@group-42C3DBE2B33D-LeaderElection3456] INFO  impl.LeaderElection (LeaderElection.java:logAndReturn(56)) - 7660b851-9671-46a6-9e1d-7d946f95d492@group-42C3DBE2B33D-LeaderElection3456: Election REJECTED; received 1 response(s) [7660b851-9671-46a6-9e1d-7d946f95d492<-1ac0a8d4-e534-43ce-83b1-426d47a3040d#0:FAIL-t178] and 1 exception(s); 7660b851-9671-46a6-9e1d-7d946f95d492@group-42C3DBE2B33D:t178, leader=null, voted=7660b851-9671-46a6-9e1d-7d946f95d492, raftlog=7660b851-9671-46a6-9e1d-7d946f95d492@group-42C3DBE2B33D-SegmentedRaftLog:OPENED:c-1,f-1,i0, conf=-1: [fdf19479-69c2-4639-b68c-6adde78ca28a:192.168.157.204:42858, 1ac0a8d4-e534-43ce-83b1-426d47a3040d:192.168.157.204:32953, 7660b851-9671-46a6-9e1d-7d946f95d492:192.168.157.204:41682], old=null
2019-10-20 13:11:19,446 [7660b851-9671-46a6-9e1d-7d946f95d492@group-42C3DBE2B33D-LeaderElection3456] INFO  impl.LeaderElection (LogUtils.java:infoOrTrace(149)) -   Exception 0: {}
java.util.concurrent.ExecutionException: org.apache.ratis.thirdparty.io.grpc.StatusRuntimeException: UNAVAILABLE: io exception
	at java.util.concurrent.FutureTask.report(FutureTask.java:122)
	at java.util.concurrent.FutureTask.get(FutureTask.java:192)
	at org.apache.ratis.server.impl.LeaderElection.waitForResults(LeaderElection.java:259)
	at org.apache.ratis.server.impl.LeaderElection.askForVotes(LeaderElection.java:197)
	at org.apache.ratis.server.impl.LeaderElection.run(LeaderElection.java:133)
	at java.lang.Thread.run(Thread.java:748)
Caused by: org.apache.ratis.thirdparty.io.grpc.StatusRuntimeException: UNAVAILABLE: io exception
	at org.apache.ratis.thirdparty.io.grpc.stub.ClientCalls.toStatusRuntimeException(ClientCalls.java:233)
	at org.apache.ratis.thirdparty.io.grpc.stub.ClientCalls.getUnchecked(ClientCalls.java:214)
	at org.apache.ratis.thirdparty.io.grpc.stub.ClientCalls.blockingUnaryCall(ClientCalls.java:139)
	at org.apache.ratis.proto.grpc.RaftServerProtocolServiceGrpc$RaftServerProtocolServiceBlockingStub.requestVote(RaftServerProtocolServiceGrpc.java:265)
	at org.apache.ratis.grpc.server.GrpcServerProtocolClient.requestVote(GrpcServerProtocolClient.java:99)
	at org.apache.ratis.grpc.server.GrpcService.requestVote(GrpcService.java:204)
	at org.apache.ratis.server.impl.LeaderElection.lambda$submitRequests$1(LeaderElection.java:234)
	at java.util.concurrent.FutureTask.run(FutureTask.java:266)
	at java.util.concurrent.Executors$RunnableAdapter.call(Executors.java:511)
	at java.util.concurrent.FutureTask.run(FutureTask.java:266)
	at java.util.concurrent.ThreadPoolExecutor.runWorker(ThreadPoolExecutor.java:1149)
	at java.util.concurrent.ThreadPoolExecutor$Worker.run(ThreadPoolExecutor.java:624)
	... 1 more
Caused by: org.apache.ratis.thirdparty.io.netty.channel.AbstractChannel$AnnotatedConnectException: Connection refused: /192.168.157.204:42858
	at sun.nio.ch.SocketChannelImpl.checkConnect(Native Method)
	at sun.nio.ch.SocketChannelImpl.finishConnect(SocketChannelImpl.java:717)
	at org.apache.ratis.thirdparty.io.netty.channel.socket.nio.NioSocketChannel.doFinishConnect(NioSocketChannel.java:327)
	at org.apache.ratis.thirdparty.io.netty.channel.nio.AbstractNioChannel$AbstractNioUnsafe.finishConnect(AbstractNioChannel.java:340)
	at org.apache.ratis.thirdparty.io.netty.channel.nio.NioEventLoop.processSelectedKey(NioEventLoop.java:632)
	at org.apache.ratis.thirdparty.io.netty.channel.nio.NioEventLoop.processSelectedKeysOptimized(NioEventLoop.java:579)
	at org.apache.ratis.thirdparty.io.netty.channel.nio.NioEventLoop.processSelectedKeys(NioEventLoop.java:496)
	at org.apache.ratis.thirdparty.io.netty.channel.nio.NioEventLoop.run(NioEventLoop.java:458)
	at org.apache.ratis.thirdparty.io.netty.util.concurrent.SingleThreadEventExecutor$5.run(SingleThreadEventExecutor.java:897)
	at org.apache.ratis.thirdparty.io.netty.util.concurrent.FastThreadLocalRunnable.run(FastThreadLocalRunnable.java:30)
	... 1 more
Caused by: java.net.ConnectException: Connection refused
	... 11 more
2019-10-20 13:11:19,446 [7660b851-9671-46a6-9e1d-7d946f95d492@group-42C3DBE2B33D-LeaderElection3456] INFO  impl.RaftServerImpl (RaftServerImpl.java:setRole(184)) - 7660b851-9671-46a6-9e1d-7d946f95d492@group-42C3DBE2B33D: changes role from CANDIDATE to FOLLOWER at term 178 for DISCOVERED_A_NEW_TERM
2019-10-20 13:11:19,446 [7660b851-9671-46a6-9e1d-7d946f95d492@group-42C3DBE2B33D-LeaderElection3456] INFO  impl.RoleInfo (RoleInfo.java:shutdownLeaderElection(134)) - 7660b851-9671-46a6-9e1d-7d946f95d492: shutdown LeaderElection
2019-10-20 13:11:19,446 [7660b851-9671-46a6-9e1d-7d946f95d492@group-42C3DBE2B33D-LeaderElection3456] INFO  impl.RoleInfo (RoleInfo.java:updateAndGet(143)) - 7660b851-9671-46a6-9e1d-7d946f95d492: start FollowerState
2019-10-20 13:11:19,482 [Thread-25776] INFO  impl.FollowerState (FollowerState.java:run(108)) - 7660b851-9671-46a6-9e1d-7d946f95d492@group-42C3DBE2B33D-FollowerState: change to CANDIDATE, lastRpcTime:35ms, electionTimeout:35ms
2019-10-20 13:11:19,482 [Thread-25776] INFO  impl.RoleInfo (RoleInfo.java:shutdownFollowerState(121)) - 7660b851-9671-46a6-9e1d-7d946f95d492: shutdown FollowerState
2019-10-20 13:11:19,482 [Thread-25776] INFO  impl.RaftServerImpl (RaftServerImpl.java:setRole(184)) - 7660b851-9671-46a6-9e1d-7d946f95d492@group-42C3DBE2B33D: changes role from  FOLLOWER to CANDIDATE at term 178 for changeToCandidate
2019-10-20 13:11:19,482 [Thread-25776] INFO  impl.RoleInfo (RoleInfo.java:updateAndGet(143)) - 7660b851-9671-46a6-9e1d-7d946f95d492: start LeaderElection
2019-10-20 13:11:19,634 [7660b851-9671-46a6-9e1d-7d946f95d492@group-42C3DBE2B33D-LeaderElection3457] INFO  impl.LeaderElection (LeaderElection.java:askForVotes(178)) - 7660b851-9671-46a6-9e1d-7d946f95d492@group-42C3DBE2B33D-LeaderElection3457: begin an election at term 179 for -1: [fdf19479-69c2-4639-b68c-6adde78ca28a:192.168.157.204:42858, 1ac0a8d4-e534-43ce-83b1-426d47a3040d:192.168.157.204:32953, 7660b851-9671-46a6-9e1d-7d946f95d492:192.168.157.204:41682], old=null
2019-10-20 13:11:19,635 [7660b851-9671-46a6-9e1d-7d946f95d492@group-42C3DBE2B33D-LeaderElection3457] INFO  impl.LeaderElection (LogUtils.java:infoOrTrace(149)) - 7660b851-9671-46a6-9e1d-7d946f95d492@group-42C3DBE2B33D-LeaderElection3457 got exception when requesting votes: {}
java.util.concurrent.ExecutionException: org.apache.ratis.thirdparty.io.grpc.StatusRuntimeException: UNAVAILABLE: io exception
	at java.util.concurrent.FutureTask.report(FutureTask.java:122)
	at java.util.concurrent.FutureTask.get(FutureTask.java:192)
	at org.apache.ratis.server.impl.LeaderElection.waitForResults(LeaderElection.java:259)
	at org.apache.ratis.server.impl.LeaderElection.askForVotes(LeaderElection.java:197)
	at org.apache.ratis.server.impl.LeaderElection.run(LeaderElection.java:133)
	at java.lang.Thread.run(Thread.java:748)
Caused by: org.apache.ratis.thirdparty.io.grpc.StatusRuntimeException: UNAVAILABLE: io exception
	at org.apache.ratis.thirdparty.io.grpc.stub.ClientCalls.toStatusRuntimeException(ClientCalls.java:233)
	at org.apache.ratis.thirdparty.io.grpc.stub.ClientCalls.getUnchecked(ClientCalls.java:214)
	at org.apache.ratis.thirdparty.io.grpc.stub.ClientCalls.blockingUnaryCall(ClientCalls.java:139)
	at org.apache.ratis.proto.grpc.RaftServerProtocolServiceGrpc$RaftServerProtocolServiceBlockingStub.requestVote(RaftServerProtocolServiceGrpc.java:265)
	at org.apache.ratis.grpc.server.GrpcServerProtocolClient.requestVote(GrpcServerProtocolClient.java:99)
	at org.apache.ratis.grpc.server.GrpcService.requestVote(GrpcService.java:204)
	at org.apache.ratis.server.impl.LeaderElection.lambda$submitRequests$1(LeaderElection.java:234)
	at java.util.concurrent.FutureTask.run(FutureTask.java:266)
	at java.util.concurrent.Executors$RunnableAdapter.call(Executors.java:511)
	at java.util.concurrent.FutureTask.run(FutureTask.java:266)
	at java.util.concurrent.ThreadPoolExecutor.runWorker(ThreadPoolExecutor.java:1149)
	at java.util.concurrent.ThreadPoolExecutor$Worker.run(ThreadPoolExecutor.java:624)
	... 1 more
Caused by: org.apache.ratis.thirdparty.io.netty.channel.AbstractChannel$AnnotatedConnectException: Connection refused: /192.168.157.204:42858
	at sun.nio.ch.SocketChannelImpl.checkConnect(Native Method)
	at sun.nio.ch.SocketChannelImpl.finishConnect(SocketChannelImpl.java:717)
	at org.apache.ratis.thirdparty.io.netty.channel.socket.nio.NioSocketChannel.doFinishConnect(NioSocketChannel.java:327)
	at org.apache.ratis.thirdparty.io.netty.channel.nio.AbstractNioChannel$AbstractNioUnsafe.finishConnect(AbstractNioChannel.java:340)
	at org.apache.ratis.thirdparty.io.netty.channel.nio.NioEventLoop.processSelectedKey(NioEventLoop.java:632)
	at org.apache.ratis.thirdparty.io.netty.channel.nio.NioEventLoop.processSelectedKeysOptimized(NioEventLoop.java:579)
	at org.apache.ratis.thirdparty.io.netty.channel.nio.NioEventLoop.processSelectedKeys(NioEventLoop.java:496)
	at org.apache.ratis.thirdparty.io.netty.channel.nio.NioEventLoop.run(NioEventLoop.java:458)
	at org.apache.ratis.thirdparty.io.netty.util.concurrent.SingleThreadEventExecutor$5.run(SingleThreadEventExecutor.java:897)
	at org.apache.ratis.thirdparty.io.netty.util.concurrent.FastThreadLocalRunnable.run(FastThreadLocalRunnable.java:30)
	... 1 more
Caused by: java.net.ConnectException: Connection refused
	... 11 more
2019-10-20 13:11:19,636 [grpc-default-executor-18] INFO  impl.RaftServerImpl (RaftServerImpl.java:setRole(184)) - 1ac0a8d4-e534-43ce-83b1-426d47a3040d@group-42C3DBE2B33D: changes role from  FOLLOWER to FOLLOWER at term 179 for recognizeCandidate:7660b851-9671-46a6-9e1d-7d946f95d492
2019-10-20 13:11:19,636 [grpc-default-executor-18] INFO  impl.RoleInfo (RoleInfo.java:shutdownFollowerState(121)) - 1ac0a8d4-e534-43ce-83b1-426d47a3040d: shutdown FollowerState
2019-10-20 13:11:19,636 [grpc-default-executor-18] INFO  impl.RoleInfo (RoleInfo.java:updateAndGet(143)) - 1ac0a8d4-e534-43ce-83b1-426d47a3040d: start FollowerState
2019-10-20 13:11:19,636 [Thread-25775] INFO  impl.FollowerState (FollowerState.java:run(117)) - 1ac0a8d4-e534-43ce-83b1-426d47a3040d@group-42C3DBE2B33D-FollowerState was interrupted: java.lang.InterruptedException: sleep interrupted
2019-10-20 13:11:19,647 [7660b851-9671-46a6-9e1d-7d946f95d492@group-42C3DBE2B33D-LeaderElection3457] INFO  impl.LeaderElection (LeaderElection.java:logAndReturn(56)) - 7660b851-9671-46a6-9e1d-7d946f95d492@group-42C3DBE2B33D-LeaderElection3457: Election REJECTED; received 1 response(s) [7660b851-9671-46a6-9e1d-7d946f95d492<-1ac0a8d4-e534-43ce-83b1-426d47a3040d#0:FAIL-t179] and 1 exception(s); 7660b851-9671-46a6-9e1d-7d946f95d492@group-42C3DBE2B33D:t179, leader=null, voted=7660b851-9671-46a6-9e1d-7d946f95d492, raftlog=7660b851-9671-46a6-9e1d-7d946f95d492@group-42C3DBE2B33D-SegmentedRaftLog:OPENED:c-1,f-1,i0, conf=-1: [fdf19479-69c2-4639-b68c-6adde78ca28a:192.168.157.204:42858, 1ac0a8d4-e534-43ce-83b1-426d47a3040d:192.168.157.204:32953, 7660b851-9671-46a6-9e1d-7d946f95d492:192.168.157.204:41682], old=null
2019-10-20 13:11:19,647 [7660b851-9671-46a6-9e1d-7d946f95d492@group-42C3DBE2B33D-LeaderElection3457] INFO  impl.LeaderElection (LogUtils.java:infoOrTrace(149)) -   Exception 0: {}
java.util.concurrent.ExecutionException: org.apache.ratis.thirdparty.io.grpc.StatusRuntimeException: UNAVAILABLE: io exception
	at java.util.concurrent.FutureTask.report(FutureTask.java:122)
	at java.util.concurrent.FutureTask.get(FutureTask.java:192)
	at org.apache.ratis.server.impl.LeaderElection.waitForResults(LeaderElection.java:259)
	at org.apache.ratis.server.impl.LeaderElection.askForVotes(LeaderElection.java:197)
	at org.apache.ratis.server.impl.LeaderElection.run(LeaderElection.java:133)
	at java.lang.Thread.run(Thread.java:748)
Caused by: org.apache.ratis.thirdparty.io.grpc.StatusRuntimeException: UNAVAILABLE: io exception
	at org.apache.ratis.thirdparty.io.grpc.stub.ClientCalls.toStatusRuntimeException(ClientCalls.java:233)
	at org.apache.ratis.thirdparty.io.grpc.stub.ClientCalls.getUnchecked(ClientCalls.java:214)
	at org.apache.ratis.thirdparty.io.grpc.stub.ClientCalls.blockingUnaryCall(ClientCalls.java:139)
	at org.apache.ratis.proto.grpc.RaftServerProtocolServiceGrpc$RaftServerProtocolServiceBlockingStub.requestVote(RaftServerProtocolServiceGrpc.java:265)
	at org.apache.ratis.grpc.server.GrpcServerProtocolClient.requestVote(GrpcServerProtocolClient.java:99)
	at org.apache.ratis.grpc.server.GrpcService.requestVote(GrpcService.java:204)
	at org.apache.ratis.server.impl.LeaderElection.lambda$submitRequests$1(LeaderElection.java:234)
	at java.util.concurrent.FutureTask.run(FutureTask.java:266)
	at java.util.concurrent.Executors$RunnableAdapter.call(Executors.java:511)
	at java.util.concurrent.FutureTask.run(FutureTask.java:266)
	at java.util.concurrent.ThreadPoolExecutor.runWorker(ThreadPoolExecutor.java:1149)
	at java.util.concurrent.ThreadPoolExecutor$Worker.run(ThreadPoolExecutor.java:624)
	... 1 more
Caused by: org.apache.ratis.thirdparty.io.netty.channel.AbstractChannel$AnnotatedConnectException: Connection refused: /192.168.157.204:42858
	at sun.nio.ch.SocketChannelImpl.checkConnect(Native Method)
	at sun.nio.ch.SocketChannelImpl.finishConnect(SocketChannelImpl.java:717)
	at org.apache.ratis.thirdparty.io.netty.channel.socket.nio.NioSocketChannel.doFinishConnect(NioSocketChannel.java:327)
	at org.apache.ratis.thirdparty.io.netty.channel.nio.AbstractNioChannel$AbstractNioUnsafe.finishConnect(AbstractNioChannel.java:340)
	at org.apache.ratis.thirdparty.io.netty.channel.nio.NioEventLoop.processSelectedKey(NioEventLoop.java:632)
	at org.apache.ratis.thirdparty.io.netty.channel.nio.NioEventLoop.processSelectedKeysOptimized(NioEventLoop.java:579)
	at org.apache.ratis.thirdparty.io.netty.channel.nio.NioEventLoop.processSelectedKeys(NioEventLoop.java:496)
	at org.apache.ratis.thirdparty.io.netty.channel.nio.NioEventLoop.run(NioEventLoop.java:458)
	at org.apache.ratis.thirdparty.io.netty.util.concurrent.SingleThreadEventExecutor$5.run(SingleThreadEventExecutor.java:897)
	at org.apache.ratis.thirdparty.io.netty.util.concurrent.FastThreadLocalRunnable.run(FastThreadLocalRunnable.java:30)
	... 1 more
Caused by: java.net.ConnectException: Connection refused
	... 11 more
2019-10-20 13:11:19,648 [7660b851-9671-46a6-9e1d-7d946f95d492@group-42C3DBE2B33D-LeaderElection3457] INFO  impl.RaftServerImpl (RaftServerImpl.java:setRole(184)) - 7660b851-9671-46a6-9e1d-7d946f95d492@group-42C3DBE2B33D: changes role from CANDIDATE to FOLLOWER at term 179 for DISCOVERED_A_NEW_TERM
2019-10-20 13:11:19,648 [7660b851-9671-46a6-9e1d-7d946f95d492@group-42C3DBE2B33D-LeaderElection3457] INFO  impl.RoleInfo (RoleInfo.java:shutdownLeaderElection(134)) - 7660b851-9671-46a6-9e1d-7d946f95d492: shutdown LeaderElection
2019-10-20 13:11:19,648 [7660b851-9671-46a6-9e1d-7d946f95d492@group-42C3DBE2B33D-LeaderElection3457] INFO  impl.RoleInfo (RoleInfo.java:updateAndGet(143)) - 7660b851-9671-46a6-9e1d-7d946f95d492: start FollowerState
2019-10-20 13:11:19,649 [Thread-25783] INFO  impl.FollowerState (FollowerState.java:run(108)) - 7660b851-9671-46a6-9e1d-7d946f95d492@group-42C3DBE2B33D-FollowerState: change to CANDIDATE, lastRpcTime:1ms, electionTimeout:1ms
2019-10-20 13:11:19,649 [Thread-25783] INFO  impl.RoleInfo (RoleInfo.java:shutdownFollowerState(121)) - 7660b851-9671-46a6-9e1d-7d946f95d492: shutdown FollowerState
2019-10-20 13:11:19,650 [Thread-25783] INFO  impl.RaftServerImpl (RaftServerImpl.java:setRole(184)) - 7660b851-9671-46a6-9e1d-7d946f95d492@group-42C3DBE2B33D: changes role from  FOLLOWER to CANDIDATE at term 179 for changeToCandidate
2019-10-20 13:11:19,650 [Thread-25783] INFO  impl.RoleInfo (RoleInfo.java:updateAndGet(143)) - 7660b851-9671-46a6-9e1d-7d946f95d492: start LeaderElection
2019-10-20 13:11:19,655 [7660b851-9671-46a6-9e1d-7d946f95d492@group-42C3DBE2B33D-LeaderElection3458] INFO  impl.LeaderElection (LeaderElection.java:askForVotes(178)) - 7660b851-9671-46a6-9e1d-7d946f95d492@group-42C3DBE2B33D-LeaderElection3458: begin an election at term 180 for -1: [fdf19479-69c2-4639-b68c-6adde78ca28a:192.168.157.204:42858, 1ac0a8d4-e534-43ce-83b1-426d47a3040d:192.168.157.204:32953, 7660b851-9671-46a6-9e1d-7d946f95d492:192.168.157.204:41682], old=null
2019-10-20 13:11:19,655 [7660b851-9671-46a6-9e1d-7d946f95d492@group-42C3DBE2B33D-LeaderElection3458] INFO  impl.LeaderElection (LogUtils.java:infoOrTrace(149)) - 7660b851-9671-46a6-9e1d-7d946f95d492@group-42C3DBE2B33D-LeaderElection3458 got exception when requesting votes: {}
java.util.concurrent.ExecutionException: org.apache.ratis.thirdparty.io.grpc.StatusRuntimeException: UNAVAILABLE: io exception
	at java.util.concurrent.FutureTask.report(FutureTask.java:122)
	at java.util.concurrent.FutureTask.get(FutureTask.java:192)
	at org.apache.ratis.server.impl.LeaderElection.waitForResults(LeaderElection.java:259)
	at org.apache.ratis.server.impl.LeaderElection.askForVotes(LeaderElection.java:197)
	at org.apache.ratis.server.impl.LeaderElection.run(LeaderElection.java:133)
	at java.lang.Thread.run(Thread.java:748)
Caused by: org.apache.ratis.thirdparty.io.grpc.StatusRuntimeException: UNAVAILABLE: io exception
	at org.apache.ratis.thirdparty.io.grpc.stub.ClientCalls.toStatusRuntimeException(ClientCalls.java:233)
	at org.apache.ratis.thirdparty.io.grpc.stub.ClientCalls.getUnchecked(ClientCalls.java:214)
	at org.apache.ratis.thirdparty.io.grpc.stub.ClientCalls.blockingUnaryCall(ClientCalls.java:139)
	at org.apache.ratis.proto.grpc.RaftServerProtocolServiceGrpc$RaftServerProtocolServiceBlockingStub.requestVote(RaftServerProtocolServiceGrpc.java:265)
	at org.apache.ratis.grpc.server.GrpcServerProtocolClient.requestVote(GrpcServerProtocolClient.java:99)
	at org.apache.ratis.grpc.server.GrpcService.requestVote(GrpcService.java:204)
	at org.apache.ratis.server.impl.LeaderElection.lambda$submitRequests$1(LeaderElection.java:234)
	at java.util.concurrent.FutureTask.run(FutureTask.java:266)
	at java.util.concurrent.Executors$RunnableAdapter.call(Executors.java:511)
	at java.util.concurrent.FutureTask.run(FutureTask.java:266)
	at java.util.concurrent.ThreadPoolExecutor.runWorker(ThreadPoolExecutor.java:1149)
	at java.util.concurrent.ThreadPoolExecutor$Worker.run(ThreadPoolExecutor.java:624)
	... 1 more
Caused by: org.apache.ratis.thirdparty.io.netty.channel.AbstractChannel$AnnotatedConnectException: Connection refused: /192.168.157.204:42858
	at sun.nio.ch.SocketChannelImpl.checkConnect(Native Method)
	at sun.nio.ch.SocketChannelImpl.finishConnect(SocketChannelImpl.java:717)
	at org.apache.ratis.thirdparty.io.netty.channel.socket.nio.NioSocketChannel.doFinishConnect(NioSocketChannel.java:327)
	at org.apache.ratis.thirdparty.io.netty.channel.nio.AbstractNioChannel$AbstractNioUnsafe.finishConnect(AbstractNioChannel.java:340)
	at org.apache.ratis.thirdparty.io.netty.channel.nio.NioEventLoop.processSelectedKey(NioEventLoop.java:632)
	at org.apache.ratis.thirdparty.io.netty.channel.nio.NioEventLoop.processSelectedKeysOptimized(NioEventLoop.java:579)
	at org.apache.ratis.thirdparty.io.netty.channel.nio.NioEventLoop.processSelectedKeys(NioEventLoop.java:496)
	at org.apache.ratis.thirdparty.io.netty.channel.nio.NioEventLoop.run(NioEventLoop.java:458)
	at org.apache.ratis.thirdparty.io.netty.util.concurrent.SingleThreadEventExecutor$5.run(SingleThreadEventExecutor.java:897)
	at org.apache.ratis.thirdparty.io.netty.util.concurrent.FastThreadLocalRunnable.run(FastThreadLocalRunnable.java:30)
	... 1 more
Caused by: java.net.ConnectException: Connection refused
	... 11 more
2019-10-20 13:11:19,656 [grpc-default-executor-18] INFO  impl.RaftServerImpl (RaftServerImpl.java:setRole(184)) - 1ac0a8d4-e534-43ce-83b1-426d47a3040d@group-42C3DBE2B33D: changes role from  FOLLOWER to FOLLOWER at term 180 for recognizeCandidate:7660b851-9671-46a6-9e1d-7d946f95d492
2019-10-20 13:11:19,656 [grpc-default-executor-18] INFO  impl.RoleInfo (RoleInfo.java:shutdownFollowerState(121)) - 1ac0a8d4-e534-43ce-83b1-426d47a3040d: shutdown FollowerState
2019-10-20 13:11:19,656 [grpc-default-executor-18] INFO  impl.RoleInfo (RoleInfo.java:updateAndGet(143)) - 1ac0a8d4-e534-43ce-83b1-426d47a3040d: start FollowerState
2019-10-20 13:11:19,656 [Thread-25782] INFO  impl.FollowerState (FollowerState.java:run(117)) - 1ac0a8d4-e534-43ce-83b1-426d47a3040d@group-42C3DBE2B33D-FollowerState was interrupted: java.lang.InterruptedException: sleep interrupted
2019-10-20 13:11:19,664 [7660b851-9671-46a6-9e1d-7d946f95d492@group-42C3DBE2B33D-LeaderElection3458] INFO  impl.LeaderElection (LeaderElection.java:logAndReturn(56)) - 7660b851-9671-46a6-9e1d-7d946f95d492@group-42C3DBE2B33D-LeaderElection3458: Election REJECTED; received 1 response(s) [7660b851-9671-46a6-9e1d-7d946f95d492<-1ac0a8d4-e534-43ce-83b1-426d47a3040d#0:FAIL-t180] and 1 exception(s); 7660b851-9671-46a6-9e1d-7d946f95d492@group-42C3DBE2B33D:t180, leader=null, voted=7660b851-9671-46a6-9e1d-7d946f95d492, raftlog=7660b851-9671-46a6-9e1d-7d946f95d492@group-42C3DBE2B33D-SegmentedRaftLog:OPENED:c-1,f-1,i0, conf=-1: [fdf19479-69c2-4639-b68c-6adde78ca28a:192.168.157.204:42858, 1ac0a8d4-e534-43ce-83b1-426d47a3040d:192.168.157.204:32953, 7660b851-9671-46a6-9e1d-7d946f95d492:192.168.157.204:41682], old=null
2019-10-20 13:11:19,664 [7660b851-9671-46a6-9e1d-7d946f95d492@group-42C3DBE2B33D-LeaderElection3458] INFO  impl.LeaderElection (LogUtils.java:infoOrTrace(149)) -   Exception 0: {}
java.util.concurrent.ExecutionException: org.apache.ratis.thirdparty.io.grpc.StatusRuntimeException: UNAVAILABLE: io exception
	at java.util.concurrent.FutureTask.report(FutureTask.java:122)
	at java.util.concurrent.FutureTask.get(FutureTask.java:192)
	at org.apache.ratis.server.impl.LeaderElection.waitForResults(LeaderElection.java:259)
	at org.apache.ratis.server.impl.LeaderElection.askForVotes(LeaderElection.java:197)
	at org.apache.ratis.server.impl.LeaderElection.run(LeaderElection.java:133)
	at java.lang.Thread.run(Thread.java:748)
Caused by: org.apache.ratis.thirdparty.io.grpc.StatusRuntimeException: UNAVAILABLE: io exception
	at org.apache.ratis.thirdparty.io.grpc.stub.ClientCalls.toStatusRuntimeException(ClientCalls.java:233)
	at org.apache.ratis.thirdparty.io.grpc.stub.ClientCalls.getUnchecked(ClientCalls.java:214)
	at org.apache.ratis.thirdparty.io.grpc.stub.ClientCalls.blockingUnaryCall(ClientCalls.java:139)
	at org.apache.ratis.proto.grpc.RaftServerProtocolServiceGrpc$RaftServerProtocolServiceBlockingStub.requestVote(RaftServerProtocolServiceGrpc.java:265)
	at org.apache.ratis.grpc.server.GrpcServerProtocolClient.requestVote(GrpcServerProtocolClient.java:99)
	at org.apache.ratis.grpc.server.GrpcService.requestVote(GrpcService.java:204)
	at org.apache.ratis.server.impl.LeaderElection.lambda$submitRequests$1(LeaderElection.java:234)
	at java.util.concurrent.FutureTask.run(FutureTask.java:266)
	at java.util.concurrent.Executors$RunnableAdapter.call(Executors.java:511)
	at java.util.concurrent.FutureTask.run(FutureTask.java:266)
	at java.util.concurrent.ThreadPoolExecutor.runWorker(ThreadPoolExecutor.java:1149)
	at java.util.concurrent.ThreadPoolExecutor$Worker.run(ThreadPoolExecutor.java:624)
	... 1 more
Caused by: org.apache.ratis.thirdparty.io.netty.channel.AbstractChannel$AnnotatedConnectException: Connection refused: /192.168.157.204:42858
	at sun.nio.ch.SocketChannelImpl.checkConnect(Native Method)
	at sun.nio.ch.SocketChannelImpl.finishConnect(SocketChannelImpl.java:717)
	at org.apache.ratis.thirdparty.io.netty.channel.socket.nio.NioSocketChannel.doFinishConnect(NioSocketChannel.java:327)
	at org.apache.ratis.thirdparty.io.netty.channel.nio.AbstractNioChannel$AbstractNioUnsafe.finishConnect(AbstractNioChannel.java:340)
	at org.apache.ratis.thirdparty.io.netty.channel.nio.NioEventLoop.processSelectedKey(NioEventLoop.java:632)
	at org.apache.ratis.thirdparty.io.netty.channel.nio.NioEventLoop.processSelectedKeysOptimized(NioEventLoop.java:579)
	at org.apache.ratis.thirdparty.io.netty.channel.nio.NioEventLoop.processSelectedKeys(NioEventLoop.java:496)
	at org.apache.ratis.thirdparty.io.netty.channel.nio.NioEventLoop.run(NioEventLoop.java:458)
	at org.apache.ratis.thirdparty.io.netty.util.concurrent.SingleThreadEventExecutor$5.run(SingleThreadEventExecutor.java:897)
	at org.apache.ratis.thirdparty.io.netty.util.concurrent.FastThreadLocalRunnable.run(FastThreadLocalRunnable.java:30)
	... 1 more
Caused by: java.net.ConnectException: Connection refused
	... 11 more
2019-10-20 13:11:19,665 [7660b851-9671-46a6-9e1d-7d946f95d492@group-42C3DBE2B33D-LeaderElection3458] INFO  impl.RaftServerImpl (RaftServerImpl.java:setRole(184)) - 7660b851-9671-46a6-9e1d-7d946f95d492@group-42C3DBE2B33D: changes role from CANDIDATE to FOLLOWER at term 180 for DISCOVERED_A_NEW_TERM
2019-10-20 13:11:19,665 [7660b851-9671-46a6-9e1d-7d946f95d492@group-42C3DBE2B33D-LeaderElection3458] INFO  impl.RoleInfo (RoleInfo.java:shutdownLeaderElection(134)) - 7660b851-9671-46a6-9e1d-7d946f95d492: shutdown LeaderElection
2019-10-20 13:11:19,665 [7660b851-9671-46a6-9e1d-7d946f95d492@group-42C3DBE2B33D-LeaderElection3458] INFO  impl.RoleInfo (RoleInfo.java:updateAndGet(143)) - 7660b851-9671-46a6-9e1d-7d946f95d492: start FollowerState
2019-10-20 13:11:19,700 [main] INFO  ozoneimpl.OzoneContainer (OzoneContainer.java:stop(227)) - Attempting to stop container services.
2019-10-20 13:11:19,700 [ForkJoinPool.commonPool-worker-1] INFO  ozoneimpl.OzoneContainer (OzoneContainer.java:stop(227)) - Attempting to stop container services.
2019-10-20 13:11:19,701 [main] INFO  impl.RaftServerProxy (RaftServerProxy.java:lambda$close$4(314)) - d7eba74f-c3d7-492f-90de-a44c4d301567: close
2019-10-20 13:11:19,701 [ForkJoinPool.commonPool-worker-1] INFO  impl.RaftServerProxy (RaftServerProxy.java:lambda$close$4(314)) - 1ac0a8d4-e534-43ce-83b1-426d47a3040d: close
2019-10-20 13:11:19,702 [main] INFO  impl.RaftServerImpl (RaftServerImpl.java:lambda$shutdown$3(261)) - d7eba74f-c3d7-492f-90de-a44c4d301567@group-A517EA7914C0: shutdown
2019-10-20 13:11:19,702 [ForkJoinPool.commonPool-worker-1] INFO  impl.RaftServerImpl (RaftServerImpl.java:lambda$shutdown$3(261)) - 1ac0a8d4-e534-43ce-83b1-426d47a3040d@group-C3E88BA3B0E5: shutdown
2019-10-20 13:11:19,702 [main] INFO  util.JmxRegister (JmxRegister.java:unregister(73)) - Successfully un-registered JMX Bean with object name Ratis:service=RaftServer,group=group-A517EA7914C0,id=d7eba74f-c3d7-492f-90de-a44c4d301567
2019-10-20 13:11:19,702 [ForkJoinPool.commonPool-worker-1] INFO  util.JmxRegister (JmxRegister.java:unregister(73)) - Successfully un-registered JMX Bean with object name Ratis:service=RaftServer,group=group-C3E88BA3B0E5,id=1ac0a8d4-e534-43ce-83b1-426d47a3040d
2019-10-20 13:11:19,702 [main] INFO  impl.RoleInfo (RoleInfo.java:shutdownLeaderState(104)) - d7eba74f-c3d7-492f-90de-a44c4d301567: shutdown LeaderState
2019-10-20 13:11:19,702 [ForkJoinPool.commonPool-worker-1] INFO  impl.RoleInfo (RoleInfo.java:shutdownLeaderState(104)) - 1ac0a8d4-e534-43ce-83b1-426d47a3040d: shutdown LeaderState
2019-10-20 13:11:19,703 [main] INFO  impl.PendingRequests (PendingRequests.java:sendNotLeaderResponses(202)) - d7eba74f-c3d7-492f-90de-a44c4d301567@group-A517EA7914C0-PendingRequests: sendNotLeaderResponses
2019-10-20 13:11:19,703 [ForkJoinPool.commonPool-worker-1] INFO  impl.PendingRequests (PendingRequests.java:sendNotLeaderResponses(202)) - 1ac0a8d4-e534-43ce-83b1-426d47a3040d@group-C3E88BA3B0E5-PendingRequests: sendNotLeaderResponses
2019-10-20 13:11:19,703 [main] INFO  impl.StateMachineUpdater (StateMachineUpdater.java:stopAndJoin(136)) - d7eba74f-c3d7-492f-90de-a44c4d301567@group-A517EA7914C0-StateMachineUpdater: set stopIndex = 0
2019-10-20 13:11:19,703 [ForkJoinPool.commonPool-worker-1] INFO  impl.StateMachineUpdater (StateMachineUpdater.java:stopAndJoin(136)) - 1ac0a8d4-e534-43ce-83b1-426d47a3040d@group-C3E88BA3B0E5-StateMachineUpdater: set stopIndex = 0
2019-10-20 13:11:19,704 [ForkJoinPool.commonPool-worker-1] INFO  impl.RaftServerImpl (ServerState.java:close(388)) - 1ac0a8d4-e534-43ce-83b1-426d47a3040d@group-C3E88BA3B0E5: closes. applyIndex: 0
2019-10-20 13:11:19,704 [main] INFO  impl.RaftServerImpl (ServerState.java:close(388)) - d7eba74f-c3d7-492f-90de-a44c4d301567@group-A517EA7914C0: closes. applyIndex: 0
2019-10-20 13:11:19,704 [1ac0a8d4-e534-43ce-83b1-426d47a3040d@group-C3E88BA3B0E5-SegmentedRaftLogWorker] INFO  segmented.SegmentedRaftLogWorker (SegmentedRaftLogWorker.java:run(316)) - 1ac0a8d4-e534-43ce-83b1-426d47a3040d@group-C3E88BA3B0E5-SegmentedRaftLogWorker was interrupted, exiting. There are 0 tasks remaining in the queue.
2019-10-20 13:11:19,704 [d7eba74f-c3d7-492f-90de-a44c4d301567@group-A517EA7914C0-SegmentedRaftLogWorker] INFO  segmented.SegmentedRaftLogWorker (SegmentedRaftLogWorker.java:run(316)) - d7eba74f-c3d7-492f-90de-a44c4d301567@group-A517EA7914C0-SegmentedRaftLogWorker was interrupted, exiting. There are 0 tasks remaining in the queue.
2019-10-20 13:11:19,708 [ForkJoinPool.commonPool-worker-1] INFO  segmented.SegmentedRaftLogWorker (SegmentedRaftLogWorker.java:close(224)) - 1ac0a8d4-e534-43ce-83b1-426d47a3040d@group-C3E88BA3B0E5-SegmentedRaftLogWorker close()
2019-10-20 13:11:19,710 [main] INFO  segmented.SegmentedRaftLogWorker (SegmentedRaftLogWorker.java:close(224)) - d7eba74f-c3d7-492f-90de-a44c4d301567@group-A517EA7914C0-SegmentedRaftLogWorker close()
2019-10-20 13:11:19,713 [ForkJoinPool.commonPool-worker-1] INFO  impl.RaftServerImpl (RaftServerImpl.java:lambda$shutdown$3(261)) - 1ac0a8d4-e534-43ce-83b1-426d47a3040d@group-42C3DBE2B33D: shutdown
2019-10-20 13:11:19,716 [main] INFO  impl.RaftServerImpl (RaftServerImpl.java:lambda$shutdown$3(261)) - d7eba74f-c3d7-492f-90de-a44c4d301567@group-8AAF828E5632: shutdown
2019-10-20 13:11:19,716 [ForkJoinPool.commonPool-worker-1] INFO  util.JmxRegister (JmxRegister.java:unregister(73)) - Successfully un-registered JMX Bean with object name Ratis:service=RaftServer,group=group-42C3DBE2B33D,id=1ac0a8d4-e534-43ce-83b1-426d47a3040d
2019-10-20 13:11:19,716 [ForkJoinPool.commonPool-worker-1] INFO  impl.RoleInfo (RoleInfo.java:shutdownFollowerState(121)) - 1ac0a8d4-e534-43ce-83b1-426d47a3040d: shutdown FollowerState
2019-10-20 13:11:19,716 [main] INFO  util.JmxRegister (JmxRegister.java:unregister(73)) - Successfully un-registered JMX Bean with object name Ratis:service=RaftServer,group=group-8AAF828E5632,id=d7eba74f-c3d7-492f-90de-a44c4d301567
2019-10-20 13:11:19,717 [Thread-25788] INFO  impl.FollowerState (FollowerState.java:run(117)) - 1ac0a8d4-e534-43ce-83b1-426d47a3040d@group-42C3DBE2B33D-FollowerState was interrupted: java.lang.InterruptedException: sleep interrupted
2019-10-20 13:11:19,716 [ForkJoinPool.commonPool-worker-1] INFO  impl.StateMachineUpdater (StateMachineUpdater.java:stopAndJoin(136)) - 1ac0a8d4-e534-43ce-83b1-426d47a3040d@group-42C3DBE2B33D-StateMachineUpdater: set stopIndex = -1
2019-10-20 13:11:19,717 [ForkJoinPool.commonPool-worker-1] INFO  impl.RaftServerImpl (ServerState.java:close(388)) - 1ac0a8d4-e534-43ce-83b1-426d47a3040d@group-42C3DBE2B33D: closes. applyIndex: -1
2019-10-20 13:11:19,717 [main] INFO  impl.RoleInfo (RoleInfo.java:shutdownLeaderState(104)) - d7eba74f-c3d7-492f-90de-a44c4d301567: shutdown LeaderState
2019-10-20 13:11:19,717 [1ac0a8d4-e534-43ce-83b1-426d47a3040d@group-42C3DBE2B33D-SegmentedRaftLogWorker] INFO  segmented.SegmentedRaftLogWorker (SegmentedRaftLogWorker.java:run(316)) - 1ac0a8d4-e534-43ce-83b1-426d47a3040d@group-42C3DBE2B33D-SegmentedRaftLogWorker was interrupted, exiting. There are 0 tasks remaining in the queue.
2019-10-20 13:11:19,721 [org.apache.ratis.server.impl.LogAppender$AppenderDaemon$$Lambda$474/353284224@31e3da02] WARN  server.GrpcLogAppender (GrpcLogAppender.java:mayWait(149)) - d7eba74f-c3d7-492f-90de-a44c4d301567@group-8AAF828E5632->92caf199-1518-46a4-aa0d-e8059f4ddc2b-GrpcLogAppender: Wait interrupted by java.lang.InterruptedException
2019-10-20 13:11:19,721 [org.apache.ratis.server.impl.LogAppender$AppenderDaemon$$Lambda$474/353284224@18ef2c] WARN  server.GrpcLogAppender (GrpcLogAppender.java:mayWait(149)) - d7eba74f-c3d7-492f-90de-a44c4d301567@group-8AAF828E5632->57d97a36-4998-4a67-afe7-2be16a9f25e7-GrpcLogAppender: Wait interrupted by java.lang.InterruptedException
2019-10-20 13:11:19,721 [main] INFO  impl.PendingRequests (PendingRequests.java:sendNotLeaderResponses(202)) - d7eba74f-c3d7-492f-90de-a44c4d301567@group-8AAF828E5632-PendingRequests: sendNotLeaderResponses
2019-10-20 13:11:19,721 [ForkJoinPool.commonPool-worker-1] INFO  segmented.SegmentedRaftLogWorker (SegmentedRaftLogWorker.java:close(224)) - 1ac0a8d4-e534-43ce-83b1-426d47a3040d@group-42C3DBE2B33D-SegmentedRaftLogWorker close()
2019-10-20 13:11:19,722 [main] INFO  impl.StateMachineUpdater (StateMachineUpdater.java:stopAndJoin(136)) - d7eba74f-c3d7-492f-90de-a44c4d301567@group-8AAF828E5632-StateMachineUpdater: set stopIndex = 0
2019-10-20 13:11:19,724 [main] INFO  impl.RaftServerImpl (ServerState.java:close(388)) - d7eba74f-c3d7-492f-90de-a44c4d301567@group-8AAF828E5632: closes. applyIndex: 0
2019-10-20 13:11:19,722 [grpc-default-executor-10] INFO  server.GrpcServerProtocolService (GrpcServerProtocolService.java:onCompleted(113)) - 92caf199-1518-46a4-aa0d-e8059f4ddc2b: Completed APPEND_ENTRIES, lastRequest: d7eba74f-c3d7-492f-90de-a44c4d301567->92caf199-1518-46a4-aa0d-e8059f4ddc2b#40-t2, previous=(t:2, i:0), leaderCommit=0, initializing? false, entries: <empty>
2019-10-20 13:11:19,722 [grpc-default-executor-18] INFO  server.GrpcServerProtocolService (GrpcServerProtocolService.java:onCompleted(113)) - 57d97a36-4998-4a67-afe7-2be16a9f25e7: Completed APPEND_ENTRIES, lastRequest: d7eba74f-c3d7-492f-90de-a44c4d301567->57d97a36-4998-4a67-afe7-2be16a9f25e7#40-t2, previous=(t:2, i:0), leaderCommit=0, initializing? false, entries: <empty>
2019-10-20 13:11:19,724 [grpc-default-executor-2] INFO  server.GrpcLogAppender (GrpcLogAppender.java:onCompleted(308)) - d7eba74f-c3d7-492f-90de-a44c4d301567@group-8AAF828E5632->92caf199-1518-46a4-aa0d-e8059f4ddc2b-AppendLogResponseHandler: follower responses appendEntries COMPLETED
2019-10-20 13:11:19,724 [d7eba74f-c3d7-492f-90de-a44c4d301567@group-8AAF828E5632-SegmentedRaftLogWorker] INFO  segmented.SegmentedRaftLogWorker (SegmentedRaftLogWorker.java:run(316)) - d7eba74f-c3d7-492f-90de-a44c4d301567@group-8AAF828E5632-SegmentedRaftLogWorker was interrupted, exiting. There are 0 tasks remaining in the queue.
2019-10-20 13:11:19,723 [ForkJoinPool.commonPool-worker-1] INFO  server.GrpcService (GrpcService.java:closeImpl(164)) - 1ac0a8d4-e534-43ce-83b1-426d47a3040d: shutdown server with port 32953 now
2019-10-20 13:11:19,724 [grpc-default-executor-18] INFO  server.GrpcLogAppender (GrpcLogAppender.java:onCompleted(308)) - d7eba74f-c3d7-492f-90de-a44c4d301567@group-8AAF828E5632->57d97a36-4998-4a67-afe7-2be16a9f25e7-AppendLogResponseHandler: follower responses appendEntries COMPLETED
2019-10-20 13:11:19,728 [main] INFO  segmented.SegmentedRaftLogWorker (SegmentedRaftLogWorker.java:close(224)) - d7eba74f-c3d7-492f-90de-a44c4d301567@group-8AAF828E5632-SegmentedRaftLogWorker close()
2019-10-20 13:11:19,729 [grpc-default-executor-2] INFO  impl.FollowerInfo (FollowerInfo.java:lambda$new$0(51)) - d7eba74f-c3d7-492f-90de-a44c4d301567@group-8AAF828E5632->92caf199-1518-46a4-aa0d-e8059f4ddc2b: nextIndex: updateUnconditionally 1 -> 0
2019-10-20 13:11:19,731 [main] INFO  server.GrpcService (GrpcService.java:closeImpl(164)) - d7eba74f-c3d7-492f-90de-a44c4d301567: shutdown server with port 44625 now
2019-10-20 13:11:19,731 [ForkJoinPool.commonPool-worker-1] INFO  server.GrpcService (GrpcService.java:closeImpl(172)) - 1ac0a8d4-e534-43ce-83b1-426d47a3040d: shutdown server with port 32953 successfully
2019-10-20 13:11:19,732 [grpc-default-executor-18] INFO  impl.FollowerInfo (FollowerInfo.java:lambda$new$0(51)) - d7eba74f-c3d7-492f-90de-a44c4d301567@group-8AAF828E5632->57d97a36-4998-4a67-afe7-2be16a9f25e7: nextIndex: updateUnconditionally 1 -> 0
2019-10-20 13:11:19,732 [main] INFO  server.GrpcService (GrpcService.java:closeImpl(172)) - d7eba74f-c3d7-492f-90de-a44c4d301567: shutdown server with port 44625 successfully
2019-10-20 13:11:19,734 [refreshUsed-/workdir/hadoop-ozone/integration-test/target/test-dir/MiniOzoneClusterImpl-7cb4dc35-5948-4f28-9541-652e3d9b0dcd/datanode-2/data/containers] WARN  fs.CachingGetSpaceUsed (CachingGetSpaceUsed.java:run(183)) - Thread Interrupted waiting to refresh disk information: sleep interrupted
2019-10-20 13:11:19,736 [refreshUsed-/workdir/hadoop-ozone/integration-test/target/test-dir/MiniOzoneClusterImpl-7cb4dc35-5948-4f28-9541-652e3d9b0dcd/datanode-5/data/containers] WARN  fs.CachingGetSpaceUsed (CachingGetSpaceUsed.java:run(183)) - Thread Interrupted waiting to refresh disk information: sleep interrupted
2019-10-20 13:11:19,763 [main] INFO  utils.BackgroundService (BackgroundService.java:shutdown(151)) - Shutting down service BlockDeletingService
2019-10-20 13:11:19,763 [ForkJoinPool.commonPool-worker-1] INFO  utils.BackgroundService (BackgroundService.java:shutdown(151)) - Shutting down service BlockDeletingService
2019-10-20 13:11:19,786 [main] INFO  statemachine.DatanodeStateMachine (DatanodeStateMachine.java:stopDaemon(395)) - Ozone container server stopped.
2019-10-20 13:11:19,788 [main] INFO  handler.ContextHandler (ContextHandler.java:doStop(910)) - Stopped o.e.j.w.WebAppContext@55421b8d{/,null,UNAVAILABLE}{/hddsDatanode}
2019-10-20 13:11:19,789 [ForkJoinPool.commonPool-worker-1] INFO  statemachine.DatanodeStateMachine (DatanodeStateMachine.java:stopDaemon(395)) - Ozone container server stopped.
2019-10-20 13:11:19,789 [main] INFO  server.AbstractConnector (AbstractConnector.java:doStop(318)) - Stopped ServerConnector@24a04257{HTTP/1.1,[http/1.1]}{0.0.0.0:0}
2019-10-20 13:11:19,793 [main] INFO  handler.ContextHandler (ContextHandler.java:doStop(910)) - Stopped o.e.j.s.ServletContextHandler@7d66a126{/static,jar:file:/home/user/.m2/repository/org/apache/hadoop/hadoop-hdds-container-service/0.5.0-SNAPSHOT/hadoop-hdds-container-service-0.5.0-SNAPSHOT.jar!/webapps/static,UNAVAILABLE}
2019-10-20 13:11:19,795 [ForkJoinPool.commonPool-worker-1] INFO  handler.ContextHandler (ContextHandler.java:doStop(910)) - Stopped o.e.j.w.WebAppContext@14457a95{/,null,UNAVAILABLE}{/hddsDatanode}
2019-10-20 13:11:19,795 [main] INFO  handler.ContextHandler (ContextHandler.java:doStop(910)) - Stopped o.e.j.s.ServletContextHandler@6eda012b{/logs,file:///workdir/hadoop-ozone/integration-test/target/log,UNAVAILABLE}
2019-10-20 13:11:19,795 [ForkJoinPool.commonPool-worker-1] INFO  server.AbstractConnector (AbstractConnector.java:doStop(318)) - Stopped ServerConnector@48567727{HTTP/1.1,[http/1.1]}{0.0.0.0:0}
2019-10-20 13:11:19,797 [ForkJoinPool.commonPool-worker-1] INFO  handler.ContextHandler (ContextHandler.java:doStop(910)) - Stopped o.e.j.s.ServletContextHandler@76ac68b0{/static,jar:file:/home/user/.m2/repository/org/apache/hadoop/hadoop-hdds-container-service/0.5.0-SNAPSHOT/hadoop-hdds-container-service-0.5.0-SNAPSHOT.jar!/webapps/static,UNAVAILABLE}
2019-10-20 13:11:19,799 [ForkJoinPool.commonPool-worker-1] INFO  handler.ContextHandler (ContextHandler.java:doStop(910)) - Stopped o.e.j.s.ServletContextHandler@73d62b5{/logs,file:///workdir/hadoop-ozone/integration-test/target/log,UNAVAILABLE}
2019-10-20 13:11:19,811 [Thread-25790] INFO  impl.FollowerState (FollowerState.java:run(108)) - 7660b851-9671-46a6-9e1d-7d946f95d492@group-42C3DBE2B33D-FollowerState: change to CANDIDATE, lastRpcTime:146ms, electionTimeout:146ms
2019-10-20 13:11:19,811 [Thread-25790] INFO  impl.RoleInfo (RoleInfo.java:shutdownFollowerState(121)) - 7660b851-9671-46a6-9e1d-7d946f95d492: shutdown FollowerState
2019-10-20 13:11:19,811 [Thread-25790] INFO  impl.RaftServerImpl (RaftServerImpl.java:setRole(184)) - 7660b851-9671-46a6-9e1d-7d946f95d492@group-42C3DBE2B33D: changes role from  FOLLOWER to CANDIDATE at term 180 for changeToCandidate
2019-10-20 13:11:19,811 [Thread-25790] INFO  impl.RoleInfo (RoleInfo.java:updateAndGet(143)) - 7660b851-9671-46a6-9e1d-7d946f95d492: start LeaderElection
2019-10-20 13:11:19,839 [7660b851-9671-46a6-9e1d-7d946f95d492@group-42C3DBE2B33D-LeaderElection3459] INFO  impl.LeaderElection (LeaderElection.java:askForVotes(178)) - 7660b851-9671-46a6-9e1d-7d946f95d492@group-42C3DBE2B33D-LeaderElection3459: begin an election at term 181 for -1: [fdf19479-69c2-4639-b68c-6adde78ca28a:192.168.157.204:42858, 1ac0a8d4-e534-43ce-83b1-426d47a3040d:192.168.157.204:32953, 7660b851-9671-46a6-9e1d-7d946f95d492:192.168.157.204:41682], old=null
2019-10-20 13:11:19,839 [7660b851-9671-46a6-9e1d-7d946f95d492@group-42C3DBE2B33D-LeaderElection3459] INFO  impl.LeaderElection (LogUtils.java:infoOrTrace(149)) - 7660b851-9671-46a6-9e1d-7d946f95d492@group-42C3DBE2B33D-LeaderElection3459 got exception when requesting votes: {}
java.util.concurrent.ExecutionException: org.apache.ratis.thirdparty.io.grpc.StatusRuntimeException: UNAVAILABLE: io exception
	at java.util.concurrent.FutureTask.report(FutureTask.java:122)
	at java.util.concurrent.FutureTask.get(FutureTask.java:192)
	at org.apache.ratis.server.impl.LeaderElection.waitForResults(LeaderElection.java:259)
	at org.apache.ratis.server.impl.LeaderElection.askForVotes(LeaderElection.java:197)
	at org.apache.ratis.server.impl.LeaderElection.run(LeaderElection.java:133)
	at java.lang.Thread.run(Thread.java:748)
Caused by: org.apache.ratis.thirdparty.io.grpc.StatusRuntimeException: UNAVAILABLE: io exception
	at org.apache.ratis.thirdparty.io.grpc.stub.ClientCalls.toStatusRuntimeException(ClientCalls.java:233)
	at org.apache.ratis.thirdparty.io.grpc.stub.ClientCalls.getUnchecked(ClientCalls.java:214)
	at org.apache.ratis.thirdparty.io.grpc.stub.ClientCalls.blockingUnaryCall(ClientCalls.java:139)
	at org.apache.ratis.proto.grpc.RaftServerProtocolServiceGrpc$RaftServerProtocolServiceBlockingStub.requestVote(RaftServerProtocolServiceGrpc.java:265)
	at org.apache.ratis.grpc.server.GrpcServerProtocolClient.requestVote(GrpcServerProtocolClient.java:99)
	at org.apache.ratis.grpc.server.GrpcService.requestVote(GrpcService.java:204)
	at org.apache.ratis.server.impl.LeaderElection.lambda$submitRequests$1(LeaderElection.java:234)
	at java.util.concurrent.FutureTask.run(FutureTask.java:266)
	at java.util.concurrent.Executors$RunnableAdapter.call(Executors.java:511)
	at java.util.concurrent.FutureTask.run(FutureTask.java:266)
	at java.util.concurrent.ThreadPoolExecutor.runWorker(ThreadPoolExecutor.java:1149)
	at java.util.concurrent.ThreadPoolExecutor$Worker.run(ThreadPoolExecutor.java:624)
	... 1 more
Caused by: org.apache.ratis.thirdparty.io.netty.channel.AbstractChannel$AnnotatedConnectException: Connection refused: /192.168.157.204:42858
	at sun.nio.ch.SocketChannelImpl.checkConnect(Native Method)
	at sun.nio.ch.SocketChannelImpl.finishConnect(SocketChannelImpl.java:717)
	at org.apache.ratis.thirdparty.io.netty.channel.socket.nio.NioSocketChannel.doFinishConnect(NioSocketChannel.java:327)
	at org.apache.ratis.thirdparty.io.netty.channel.nio.AbstractNioChannel$AbstractNioUnsafe.finishConnect(AbstractNioChannel.java:340)
	at org.apache.ratis.thirdparty.io.netty.channel.nio.NioEventLoop.processSelectedKey(NioEventLoop.java:632)
	at org.apache.ratis.thirdparty.io.netty.channel.nio.NioEventLoop.processSelectedKeysOptimized(NioEventLoop.java:579)
	at org.apache.ratis.thirdparty.io.netty.channel.nio.NioEventLoop.processSelectedKeys(NioEventLoop.java:496)
	at org.apache.ratis.thirdparty.io.netty.channel.nio.NioEventLoop.run(NioEventLoop.java:458)
	at org.apache.ratis.thirdparty.io.netty.util.concurrent.SingleThreadEventExecutor$5.run(SingleThreadEventExecutor.java:897)
	at org.apache.ratis.thirdparty.io.netty.util.concurrent.FastThreadLocalRunnable.run(FastThreadLocalRunnable.java:30)
	... 1 more
Caused by: java.net.ConnectException: Connection refused
	... 11 more
2019-10-20 13:11:19,841 [7660b851-9671-46a6-9e1d-7d946f95d492@group-42C3DBE2B33D-LeaderElection3459] INFO  impl.LeaderElection (LogUtils.java:infoOrTrace(149)) - 7660b851-9671-46a6-9e1d-7d946f95d492@group-42C3DBE2B33D-LeaderElection3459 got exception when requesting votes: {}
java.util.concurrent.ExecutionException: org.apache.ratis.thirdparty.io.grpc.StatusRuntimeException: UNAVAILABLE: io exception
	at java.util.concurrent.FutureTask.report(FutureTask.java:122)
	at java.util.concurrent.FutureTask.get(FutureTask.java:192)
	at org.apache.ratis.server.impl.LeaderElection.waitForResults(LeaderElection.java:259)
	at org.apache.ratis.server.impl.LeaderElection.askForVotes(LeaderElection.java:197)
	at org.apache.ratis.server.impl.LeaderElection.run(LeaderElection.java:133)
	at java.lang.Thread.run(Thread.java:748)
Caused by: org.apache.ratis.thirdparty.io.grpc.StatusRuntimeException: UNAVAILABLE: io exception
	at org.apache.ratis.thirdparty.io.grpc.stub.ClientCalls.toStatusRuntimeException(ClientCalls.java:233)
	at org.apache.ratis.thirdparty.io.grpc.stub.ClientCalls.getUnchecked(ClientCalls.java:214)
	at org.apache.ratis.thirdparty.io.grpc.stub.ClientCalls.blockingUnaryCall(ClientCalls.java:139)
	at org.apache.ratis.proto.grpc.RaftServerProtocolServiceGrpc$RaftServerProtocolServiceBlockingStub.requestVote(RaftServerProtocolServiceGrpc.java:265)
	at org.apache.ratis.grpc.server.GrpcServerProtocolClient.requestVote(GrpcServerProtocolClient.java:99)
	at org.apache.ratis.grpc.server.GrpcService.requestVote(GrpcService.java:204)
	at org.apache.ratis.server.impl.LeaderElection.lambda$submitRequests$1(LeaderElection.java:234)
	at java.util.concurrent.FutureTask.run(FutureTask.java:266)
	at java.util.concurrent.Executors$RunnableAdapter.call(Executors.java:511)
	at java.util.concurrent.FutureTask.run(FutureTask.java:266)
	at java.util.concurrent.ThreadPoolExecutor.runWorker(ThreadPoolExecutor.java:1149)
	at java.util.concurrent.ThreadPoolExecutor$Worker.run(ThreadPoolExecutor.java:624)
	... 1 more
Caused by: org.apache.ratis.thirdparty.io.netty.channel.AbstractChannel$AnnotatedConnectException: Connection refused: /192.168.157.204:32953
	at sun.nio.ch.SocketChannelImpl.checkConnect(Native Method)
	at sun.nio.ch.SocketChannelImpl.finishConnect(SocketChannelImpl.java:717)
	at org.apache.ratis.thirdparty.io.netty.channel.socket.nio.NioSocketChannel.doFinishConnect(NioSocketChannel.java:327)
	at org.apache.ratis.thirdparty.io.netty.channel.nio.AbstractNioChannel$AbstractNioUnsafe.finishConnect(AbstractNioChannel.java:340)
	at org.apache.ratis.thirdparty.io.netty.channel.nio.NioEventLoop.processSelectedKey(NioEventLoop.java:632)
	at org.apache.ratis.thirdparty.io.netty.channel.nio.NioEventLoop.processSelectedKeysOptimized(NioEventLoop.java:579)
	at org.apache.ratis.thirdparty.io.netty.channel.nio.NioEventLoop.processSelectedKeys(NioEventLoop.java:496)
	at org.apache.ratis.thirdparty.io.netty.channel.nio.NioEventLoop.run(NioEventLoop.java:458)
	at org.apache.ratis.thirdparty.io.netty.util.concurrent.SingleThreadEventExecutor$5.run(SingleThreadEventExecutor.java:897)
	at org.apache.ratis.thirdparty.io.netty.util.concurrent.FastThreadLocalRunnable.run(FastThreadLocalRunnable.java:30)
	... 1 more
Caused by: java.net.ConnectException: Connection refused
	... 11 more
2019-10-20 13:11:19,842 [7660b851-9671-46a6-9e1d-7d946f95d492@group-42C3DBE2B33D-LeaderElection3459] INFO  impl.LeaderElection (LeaderElection.java:logAndReturn(56)) - 7660b851-9671-46a6-9e1d-7d946f95d492@group-42C3DBE2B33D-LeaderElection3459: Election REJECTED; received 0 response(s) [] and 2 exception(s); 7660b851-9671-46a6-9e1d-7d946f95d492@group-42C3DBE2B33D:t181, leader=null, voted=7660b851-9671-46a6-9e1d-7d946f95d492, raftlog=7660b851-9671-46a6-9e1d-7d946f95d492@group-42C3DBE2B33D-SegmentedRaftLog:OPENED:c-1,f-1,i0, conf=-1: [fdf19479-69c2-4639-b68c-6adde78ca28a:192.168.157.204:42858, 1ac0a8d4-e534-43ce-83b1-426d47a3040d:192.168.157.204:32953, 7660b851-9671-46a6-9e1d-7d946f95d492:192.168.157.204:41682], old=null
2019-10-20 13:11:19,842 [7660b851-9671-46a6-9e1d-7d946f95d492@group-42C3DBE2B33D-LeaderElection3459] INFO  impl.LeaderElection (LogUtils.java:infoOrTrace(149)) -   Exception 0: {}
java.util.concurrent.ExecutionException: org.apache.ratis.thirdparty.io.grpc.StatusRuntimeException: UNAVAILABLE: io exception
	at java.util.concurrent.FutureTask.report(FutureTask.java:122)
	at java.util.concurrent.FutureTask.get(FutureTask.java:192)
	at org.apache.ratis.server.impl.LeaderElection.waitForResults(LeaderElection.java:259)
	at org.apache.ratis.server.impl.LeaderElection.askForVotes(LeaderElection.java:197)
	at org.apache.ratis.server.impl.LeaderElection.run(LeaderElection.java:133)
	at java.lang.Thread.run(Thread.java:748)
Caused by: org.apache.ratis.thirdparty.io.grpc.StatusRuntimeException: UNAVAILABLE: io exception
	at org.apache.ratis.thirdparty.io.grpc.stub.ClientCalls.toStatusRuntimeException(ClientCalls.java:233)
	at org.apache.ratis.thirdparty.io.grpc.stub.ClientCalls.getUnchecked(ClientCalls.java:214)
	at org.apache.ratis.thirdparty.io.grpc.stub.ClientCalls.blockingUnaryCall(ClientCalls.java:139)
	at org.apache.ratis.proto.grpc.RaftServerProtocolServiceGrpc$RaftServerProtocolServiceBlockingStub.requestVote(RaftServerProtocolServiceGrpc.java:265)
	at org.apache.ratis.grpc.server.GrpcServerProtocolClient.requestVote(GrpcServerProtocolClient.java:99)
	at org.apache.ratis.grpc.server.GrpcService.requestVote(GrpcService.java:204)
	at org.apache.ratis.server.impl.LeaderElection.lambda$submitRequests$1(LeaderElection.java:234)
	at java.util.concurrent.FutureTask.run(FutureTask.java:266)
	at java.util.concurrent.Executors$RunnableAdapter.call(Executors.java:511)
	at java.util.concurrent.FutureTask.run(FutureTask.java:266)
	at java.util.concurrent.ThreadPoolExecutor.runWorker(ThreadPoolExecutor.java:1149)
	at java.util.concurrent.ThreadPoolExecutor$Worker.run(ThreadPoolExecutor.java:624)
	... 1 more
Caused by: org.apache.ratis.thirdparty.io.netty.channel.AbstractChannel$AnnotatedConnectException: Connection refused: /192.168.157.204:42858
	at sun.nio.ch.SocketChannelImpl.checkConnect(Native Method)
	at sun.nio.ch.SocketChannelImpl.finishConnect(SocketChannelImpl.java:717)
	at org.apache.ratis.thirdparty.io.netty.channel.socket.nio.NioSocketChannel.doFinishConnect(NioSocketChannel.java:327)
	at org.apache.ratis.thirdparty.io.netty.channel.nio.AbstractNioChannel$AbstractNioUnsafe.finishConnect(AbstractNioChannel.java:340)
	at org.apache.ratis.thirdparty.io.netty.channel.nio.NioEventLoop.processSelectedKey(NioEventLoop.java:632)
	at org.apache.ratis.thirdparty.io.netty.channel.nio.NioEventLoop.processSelectedKeysOptimized(NioEventLoop.java:579)
	at org.apache.ratis.thirdparty.io.netty.channel.nio.NioEventLoop.processSelectedKeys(NioEventLoop.java:496)
	at org.apache.ratis.thirdparty.io.netty.channel.nio.NioEventLoop.run(NioEventLoop.java:458)
	at org.apache.ratis.thirdparty.io.netty.util.concurrent.SingleThreadEventExecutor$5.run(SingleThreadEventExecutor.java:897)
	at org.apache.ratis.thirdparty.io.netty.util.concurrent.FastThreadLocalRunnable.run(FastThreadLocalRunnable.java:30)
	... 1 more
Caused by: java.net.ConnectException: Connection refused
	... 11 more
2019-10-20 13:11:19,843 [7660b851-9671-46a6-9e1d-7d946f95d492@group-42C3DBE2B33D-LeaderElection3459] INFO  impl.LeaderElection (LogUtils.java:infoOrTrace(149)) -   Exception 1: {}
java.util.concurrent.ExecutionException: org.apache.ratis.thirdparty.io.grpc.StatusRuntimeException: UNAVAILABLE: io exception
	at java.util.concurrent.FutureTask.report(FutureTask.java:122)
	at java.util.concurrent.FutureTask.get(FutureTask.java:192)
	at org.apache.ratis.server.impl.LeaderElection.waitForResults(LeaderElection.java:259)
	at org.apache.ratis.server.impl.LeaderElection.askForVotes(LeaderElection.java:197)
	at org.apache.ratis.server.impl.LeaderElection.run(LeaderElection.java:133)
	at java.lang.Thread.run(Thread.java:748)
Caused by: org.apache.ratis.thirdparty.io.grpc.StatusRuntimeException: UNAVAILABLE: io exception
	at org.apache.ratis.thirdparty.io.grpc.stub.ClientCalls.toStatusRuntimeException(ClientCalls.java:233)
	at org.apache.ratis.thirdparty.io.grpc.stub.ClientCalls.getUnchecked(ClientCalls.java:214)
	at org.apache.ratis.thirdparty.io.grpc.stub.ClientCalls.blockingUnaryCall(ClientCalls.java:139)
	at org.apache.ratis.proto.grpc.RaftServerProtocolServiceGrpc$RaftServerProtocolServiceBlockingStub.requestVote(RaftServerProtocolServiceGrpc.java:265)
	at org.apache.ratis.grpc.server.GrpcServerProtocolClient.requestVote(GrpcServerProtocolClient.java:99)
	at org.apache.ratis.grpc.server.GrpcService.requestVote(GrpcService.java:204)
	at org.apache.ratis.server.impl.LeaderElection.lambda$submitRequests$1(LeaderElection.java:234)
	at java.util.concurrent.FutureTask.run(FutureTask.java:266)
	at java.util.concurrent.Executors$RunnableAdapter.call(Executors.java:511)
	at java.util.concurrent.FutureTask.run(FutureTask.java:266)
	at java.util.concurrent.ThreadPoolExecutor.runWorker(ThreadPoolExecutor.java:1149)
	at java.util.concurrent.ThreadPoolExecutor$Worker.run(ThreadPoolExecutor.java:624)
	... 1 more
Caused by: org.apache.ratis.thirdparty.io.netty.channel.AbstractChannel$AnnotatedConnectException: Connection refused: /192.168.157.204:32953
	at sun.nio.ch.SocketChannelImpl.checkConnect(Native Method)
	at sun.nio.ch.SocketChannelImpl.finishConnect(SocketChannelImpl.java:717)
	at org.apache.ratis.thirdparty.io.netty.channel.socket.nio.NioSocketChannel.doFinishConnect(NioSocketChannel.java:327)
	at org.apache.ratis.thirdparty.io.netty.channel.nio.AbstractNioChannel$AbstractNioUnsafe.finishConnect(AbstractNioChannel.java:340)
	at org.apache.ratis.thirdparty.io.netty.channel.nio.NioEventLoop.processSelectedKey(NioEventLoop.java:632)
	at org.apache.ratis.thirdparty.io.netty.channel.nio.NioEventLoop.processSelectedKeysOptimized(NioEventLoop.java:579)
	at org.apache.ratis.thirdparty.io.netty.channel.nio.NioEventLoop.processSelectedKeys(NioEventLoop.java:496)
	at org.apache.ratis.thirdparty.io.netty.channel.nio.NioEventLoop.run(NioEventLoop.java:458)
	at org.apache.ratis.thirdparty.io.netty.util.concurrent.SingleThreadEventExecutor$5.run(SingleThreadEventExecutor.java:897)
	at org.apache.ratis.thirdparty.io.netty.util.concurrent.FastThreadLocalRunnable.run(FastThreadLocalRunnable.java:30)
	... 1 more
Caused by: java.net.ConnectException: Connection refused
	... 11 more
2019-10-20 13:11:19,843 [7660b851-9671-46a6-9e1d-7d946f95d492@group-42C3DBE2B33D-LeaderElection3459] INFO  impl.RaftServerImpl (RaftServerImpl.java:setRole(184)) - 7660b851-9671-46a6-9e1d-7d946f95d492@group-42C3DBE2B33D: changes role from CANDIDATE to FOLLOWER at term 181 for DISCOVERED_A_NEW_TERM
2019-10-20 13:11:19,843 [7660b851-9671-46a6-9e1d-7d946f95d492@group-42C3DBE2B33D-LeaderElection3459] INFO  impl.RoleInfo (RoleInfo.java:shutdownLeaderElection(134)) - 7660b851-9671-46a6-9e1d-7d946f95d492: shutdown LeaderElection
2019-10-20 13:11:19,843 [7660b851-9671-46a6-9e1d-7d946f95d492@group-42C3DBE2B33D-LeaderElection3459] INFO  impl.RoleInfo (RoleInfo.java:updateAndGet(143)) - 7660b851-9671-46a6-9e1d-7d946f95d492: start FollowerState
2019-10-20 13:11:20,013 [Thread-25794] INFO  impl.FollowerState (FollowerState.java:run(108)) - 7660b851-9671-46a6-9e1d-7d946f95d492@group-42C3DBE2B33D-FollowerState: change to CANDIDATE, lastRpcTime:169ms, electionTimeout:169ms
2019-10-20 13:11:20,013 [Thread-25794] INFO  impl.RoleInfo (RoleInfo.java:shutdownFollowerState(121)) - 7660b851-9671-46a6-9e1d-7d946f95d492: shutdown FollowerState
2019-10-20 13:11:20,013 [Thread-25794] INFO  impl.RaftServerImpl (RaftServerImpl.java:setRole(184)) - 7660b851-9671-46a6-9e1d-7d946f95d492@group-42C3DBE2B33D: changes role from  FOLLOWER to CANDIDATE at term 181 for changeToCandidate
2019-10-20 13:11:20,013 [Thread-25794] INFO  impl.RoleInfo (RoleInfo.java:updateAndGet(143)) - 7660b851-9671-46a6-9e1d-7d946f95d492: start LeaderElection
2019-10-20 13:11:20,027 [7660b851-9671-46a6-9e1d-7d946f95d492@group-42C3DBE2B33D-LeaderElection3460] INFO  impl.LeaderElection (LeaderElection.java:askForVotes(178)) - 7660b851-9671-46a6-9e1d-7d946f95d492@group-42C3DBE2B33D-LeaderElection3460: begin an election at term 182 for -1: [fdf19479-69c2-4639-b68c-6adde78ca28a:192.168.157.204:42858, 1ac0a8d4-e534-43ce-83b1-426d47a3040d:192.168.157.204:32953, 7660b851-9671-46a6-9e1d-7d946f95d492:192.168.157.204:41682], old=null
2019-10-20 13:11:20,028 [7660b851-9671-46a6-9e1d-7d946f95d492@group-42C3DBE2B33D-LeaderElection3460] INFO  impl.LeaderElection (LogUtils.java:infoOrTrace(149)) - 7660b851-9671-46a6-9e1d-7d946f95d492@group-42C3DBE2B33D-LeaderElection3460 got exception when requesting votes: {}
java.util.concurrent.ExecutionException: org.apache.ratis.thirdparty.io.grpc.StatusRuntimeException: UNAVAILABLE: io exception
	at java.util.concurrent.FutureTask.report(FutureTask.java:122)
	at java.util.concurrent.FutureTask.get(FutureTask.java:192)
	at org.apache.ratis.server.impl.LeaderElection.waitForResults(LeaderElection.java:259)
	at org.apache.ratis.server.impl.LeaderElection.askForVotes(LeaderElection.java:197)
	at org.apache.ratis.server.impl.LeaderElection.run(LeaderElection.java:133)
	at java.lang.Thread.run(Thread.java:748)
Caused by: org.apache.ratis.thirdparty.io.grpc.StatusRuntimeException: UNAVAILABLE: io exception
	at org.apache.ratis.thirdparty.io.grpc.stub.ClientCalls.toStatusRuntimeException(ClientCalls.java:233)
	at org.apache.ratis.thirdparty.io.grpc.stub.ClientCalls.getUnchecked(ClientCalls.java:214)
	at org.apache.ratis.thirdparty.io.grpc.stub.ClientCalls.blockingUnaryCall(ClientCalls.java:139)
	at org.apache.ratis.proto.grpc.RaftServerProtocolServiceGrpc$RaftServerProtocolServiceBlockingStub.requestVote(RaftServerProtocolServiceGrpc.java:265)
	at org.apache.ratis.grpc.server.GrpcServerProtocolClient.requestVote(GrpcServerProtocolClient.java:99)
	at org.apache.ratis.grpc.server.GrpcService.requestVote(GrpcService.java:204)
	at org.apache.ratis.server.impl.LeaderElection.lambda$submitRequests$1(LeaderElection.java:234)
	at java.util.concurrent.FutureTask.run(FutureTask.java:266)
	at java.util.concurrent.Executors$RunnableAdapter.call(Executors.java:511)
	at java.util.concurrent.FutureTask.run(FutureTask.java:266)
	at java.util.concurrent.ThreadPoolExecutor.runWorker(ThreadPoolExecutor.java:1149)
	at java.util.concurrent.ThreadPoolExecutor$Worker.run(ThreadPoolExecutor.java:624)
	... 1 more
Caused by: org.apache.ratis.thirdparty.io.netty.channel.AbstractChannel$AnnotatedConnectException: Connection refused: /192.168.157.204:42858
	at sun.nio.ch.SocketChannelImpl.checkConnect(Native Method)
	at sun.nio.ch.SocketChannelImpl.finishConnect(SocketChannelImpl.java:717)
	at org.apache.ratis.thirdparty.io.netty.channel.socket.nio.NioSocketChannel.doFinishConnect(NioSocketChannel.java:327)
	at org.apache.ratis.thirdparty.io.netty.channel.nio.AbstractNioChannel$AbstractNioUnsafe.finishConnect(AbstractNioChannel.java:340)
	at org.apache.ratis.thirdparty.io.netty.channel.nio.NioEventLoop.processSelectedKey(NioEventLoop.java:632)
	at org.apache.ratis.thirdparty.io.netty.channel.nio.NioEventLoop.processSelectedKeysOptimized(NioEventLoop.java:579)
	at org.apache.ratis.thirdparty.io.netty.channel.nio.NioEventLoop.processSelectedKeys(NioEventLoop.java:496)
	at org.apache.ratis.thirdparty.io.netty.channel.nio.NioEventLoop.run(NioEventLoop.java:458)
	at org.apache.ratis.thirdparty.io.netty.util.concurrent.SingleThreadEventExecutor$5.run(SingleThreadEventExecutor.java:897)
	at org.apache.ratis.thirdparty.io.netty.util.concurrent.FastThreadLocalRunnable.run(FastThreadLocalRunnable.java:30)
	... 1 more
Caused by: java.net.ConnectException: Connection refused
	... 11 more
2019-10-20 13:11:20,029 [7660b851-9671-46a6-9e1d-7d946f95d492@group-42C3DBE2B33D-LeaderElection3460] INFO  impl.LeaderElection (LogUtils.java:infoOrTrace(149)) - 7660b851-9671-46a6-9e1d-7d946f95d492@group-42C3DBE2B33D-LeaderElection3460 got exception when requesting votes: {}
java.util.concurrent.ExecutionException: org.apache.ratis.thirdparty.io.grpc.StatusRuntimeException: UNAVAILABLE: io exception
	at java.util.concurrent.FutureTask.report(FutureTask.java:122)
	at java.util.concurrent.FutureTask.get(FutureTask.java:192)
	at org.apache.ratis.server.impl.LeaderElection.waitForResults(LeaderElection.java:259)
	at org.apache.ratis.server.impl.LeaderElection.askForVotes(LeaderElection.java:197)
	at org.apache.ratis.server.impl.LeaderElection.run(LeaderElection.java:133)
	at java.lang.Thread.run(Thread.java:748)
Caused by: org.apache.ratis.thirdparty.io.grpc.StatusRuntimeException: UNAVAILABLE: io exception
	at org.apache.ratis.thirdparty.io.grpc.stub.ClientCalls.toStatusRuntimeException(ClientCalls.java:233)
	at org.apache.ratis.thirdparty.io.grpc.stub.ClientCalls.getUnchecked(ClientCalls.java:214)
	at org.apache.ratis.thirdparty.io.grpc.stub.ClientCalls.blockingUnaryCall(ClientCalls.java:139)
	at org.apache.ratis.proto.grpc.RaftServerProtocolServiceGrpc$RaftServerProtocolServiceBlockingStub.requestVote(RaftServerProtocolServiceGrpc.java:265)
	at org.apache.ratis.grpc.server.GrpcServerProtocolClient.requestVote(GrpcServerProtocolClient.java:99)
	at org.apache.ratis.grpc.server.GrpcService.requestVote(GrpcService.java:204)
	at org.apache.ratis.server.impl.LeaderElection.lambda$submitRequests$1(LeaderElection.java:234)
	at java.util.concurrent.FutureTask.run(FutureTask.java:266)
	at java.util.concurrent.Executors$RunnableAdapter.call(Executors.java:511)
	at java.util.concurrent.FutureTask.run(FutureTask.java:266)
	at java.util.concurrent.ThreadPoolExecutor.runWorker(ThreadPoolExecutor.java:1149)
	at java.util.concurrent.ThreadPoolExecutor$Worker.run(ThreadPoolExecutor.java:624)
	... 1 more
Caused by: org.apache.ratis.thirdparty.io.netty.channel.AbstractChannel$AnnotatedConnectException: Connection refused: /192.168.157.204:32953
	at sun.nio.ch.SocketChannelImpl.checkConnect(Native Method)
	at sun.nio.ch.SocketChannelImpl.finishConnect(SocketChannelImpl.java:717)
	at org.apache.ratis.thirdparty.io.netty.channel.socket.nio.NioSocketChannel.doFinishConnect(NioSocketChannel.java:327)
	at org.apache.ratis.thirdparty.io.netty.channel.nio.AbstractNioChannel$AbstractNioUnsafe.finishConnect(AbstractNioChannel.java:340)
	at org.apache.ratis.thirdparty.io.netty.channel.nio.NioEventLoop.processSelectedKey(NioEventLoop.java:632)
	at org.apache.ratis.thirdparty.io.netty.channel.nio.NioEventLoop.processSelectedKeysOptimized(NioEventLoop.java:579)
	at org.apache.ratis.thirdparty.io.netty.channel.nio.NioEventLoop.processSelectedKeys(NioEventLoop.java:496)
	at org.apache.ratis.thirdparty.io.netty.channel.nio.NioEventLoop.run(NioEventLoop.java:458)
	at org.apache.ratis.thirdparty.io.netty.util.concurrent.SingleThreadEventExecutor$5.run(SingleThreadEventExecutor.java:897)
	at org.apache.ratis.thirdparty.io.netty.util.concurrent.FastThreadLocalRunnable.run(FastThreadLocalRunnable.java:30)
	... 1 more
Caused by: java.net.ConnectException: Connection refused
	... 11 more
2019-10-20 13:11:20,029 [7660b851-9671-46a6-9e1d-7d946f95d492@group-42C3DBE2B33D-LeaderElection3460] INFO  impl.LeaderElection (LeaderElection.java:logAndReturn(56)) - 7660b851-9671-46a6-9e1d-7d946f95d492@group-42C3DBE2B33D-LeaderElection3460: Election REJECTED; received 0 response(s) [] and 2 exception(s); 7660b851-9671-46a6-9e1d-7d946f95d492@group-42C3DBE2B33D:t182, leader=null, voted=7660b851-9671-46a6-9e1d-7d946f95d492, raftlog=7660b851-9671-46a6-9e1d-7d946f95d492@group-42C3DBE2B33D-SegmentedRaftLog:OPENED:c-1,f-1,i0, conf=-1: [fdf19479-69c2-4639-b68c-6adde78ca28a:192.168.157.204:42858, 1ac0a8d4-e534-43ce-83b1-426d47a3040d:192.168.157.204:32953, 7660b851-9671-46a6-9e1d-7d946f95d492:192.168.157.204:41682], old=null
2019-10-20 13:11:20,029 [7660b851-9671-46a6-9e1d-7d946f95d492@group-42C3DBE2B33D-LeaderElection3460] INFO  impl.LeaderElection (LogUtils.java:infoOrTrace(149)) -   Exception 0: {}
java.util.concurrent.ExecutionException: org.apache.ratis.thirdparty.io.grpc.StatusRuntimeException: UNAVAILABLE: io exception
	at java.util.concurrent.FutureTask.report(FutureTask.java:122)
	at java.util.concurrent.FutureTask.get(FutureTask.java:192)
	at org.apache.ratis.server.impl.LeaderElection.waitForResults(LeaderElection.java:259)
	at org.apache.ratis.server.impl.LeaderElection.askForVotes(LeaderElection.java:197)
	at org.apache.ratis.server.impl.LeaderElection.run(LeaderElection.java:133)
	at java.lang.Thread.run(Thread.java:748)
Caused by: org.apache.ratis.thirdparty.io.grpc.StatusRuntimeException: UNAVAILABLE: io exception
	at org.apache.ratis.thirdparty.io.grpc.stub.ClientCalls.toStatusRuntimeException(ClientCalls.java:233)
	at org.apache.ratis.thirdparty.io.grpc.stub.ClientCalls.getUnchecked(ClientCalls.java:214)
	at org.apache.ratis.thirdparty.io.grpc.stub.ClientCalls.blockingUnaryCall(ClientCalls.java:139)
	at org.apache.ratis.proto.grpc.RaftServerProtocolServiceGrpc$RaftServerProtocolServiceBlockingStub.requestVote(RaftServerProtocolServiceGrpc.java:265)
	at org.apache.ratis.grpc.server.GrpcServerProtocolClient.requestVote(GrpcServerProtocolClient.java:99)
	at org.apache.ratis.grpc.server.GrpcService.requestVote(GrpcService.java:204)
	at org.apache.ratis.server.impl.LeaderElection.lambda$submitRequests$1(LeaderElection.java:234)
	at java.util.concurrent.FutureTask.run(FutureTask.java:266)
	at java.util.concurrent.Executors$RunnableAdapter.call(Executors.java:511)
	at java.util.concurrent.FutureTask.run(FutureTask.java:266)
	at java.util.concurrent.ThreadPoolExecutor.runWorker(ThreadPoolExecutor.java:1149)
	at java.util.concurrent.ThreadPoolExecutor$Worker.run(ThreadPoolExecutor.java:624)
	... 1 more
Caused by: org.apache.ratis.thirdparty.io.netty.channel.AbstractChannel$AnnotatedConnectException: Connection refused: /192.168.157.204:42858
	at sun.nio.ch.SocketChannelImpl.checkConnect(Native Method)
	at sun.nio.ch.SocketChannelImpl.finishConnect(SocketChannelImpl.java:717)
	at org.apache.ratis.thirdparty.io.netty.channel.socket.nio.NioSocketChannel.doFinishConnect(NioSocketChannel.java:327)
	at org.apache.ratis.thirdparty.io.netty.channel.nio.AbstractNioChannel$AbstractNioUnsafe.finishConnect(AbstractNioChannel.java:340)
	at org.apache.ratis.thirdparty.io.netty.channel.nio.NioEventLoop.processSelectedKey(NioEventLoop.java:632)
	at org.apache.ratis.thirdparty.io.netty.channel.nio.NioEventLoop.processSelectedKeysOptimized(NioEventLoop.java:579)
	at org.apache.ratis.thirdparty.io.netty.channel.nio.NioEventLoop.processSelectedKeys(NioEventLoop.java:496)
	at org.apache.ratis.thirdparty.io.netty.channel.nio.NioEventLoop.run(NioEventLoop.java:458)
	at org.apache.ratis.thirdparty.io.netty.util.concurrent.SingleThreadEventExecutor$5.run(SingleThreadEventExecutor.java:897)
	at org.apache.ratis.thirdparty.io.netty.util.concurrent.FastThreadLocalRunnable.run(FastThreadLocalRunnable.java:30)
	... 1 more
Caused by: java.net.ConnectException: Connection refused
	... 11 more
2019-10-20 13:11:20,030 [7660b851-9671-46a6-9e1d-7d946f95d492@group-42C3DBE2B33D-LeaderElection3460] INFO  impl.LeaderElection (LogUtils.java:infoOrTrace(149)) -   Exception 1: {}
java.util.concurrent.ExecutionException: org.apache.ratis.thirdparty.io.grpc.StatusRuntimeException: UNAVAILABLE: io exception
	at java.util.concurrent.FutureTask.report(FutureTask.java:122)
	at java.util.concurrent.FutureTask.get(FutureTask.java:192)
	at org.apache.ratis.server.impl.LeaderElection.waitForResults(LeaderElection.java:259)
	at org.apache.ratis.server.impl.LeaderElection.askForVotes(LeaderElection.java:197)
	at org.apache.ratis.server.impl.LeaderElection.run(LeaderElection.java:133)
	at java.lang.Thread.run(Thread.java:748)
Caused by: org.apache.ratis.thirdparty.io.grpc.StatusRuntimeException: UNAVAILABLE: io exception
	at org.apache.ratis.thirdparty.io.grpc.stub.ClientCalls.toStatusRuntimeException(ClientCalls.java:233)
	at org.apache.ratis.thirdparty.io.grpc.stub.ClientCalls.getUnchecked(ClientCalls.java:214)
	at org.apache.ratis.thirdparty.io.grpc.stub.ClientCalls.blockingUnaryCall(ClientCalls.java:139)
	at org.apache.ratis.proto.grpc.RaftServerProtocolServiceGrpc$RaftServerProtocolServiceBlockingStub.requestVote(RaftServerProtocolServiceGrpc.java:265)
	at org.apache.ratis.grpc.server.GrpcServerProtocolClient.requestVote(GrpcServerProtocolClient.java:99)
	at org.apache.ratis.grpc.server.GrpcService.requestVote(GrpcService.java:204)
	at org.apache.ratis.server.impl.LeaderElection.lambda$submitRequests$1(LeaderElection.java:234)
	at java.util.concurrent.FutureTask.run(FutureTask.java:266)
	at java.util.concurrent.Executors$RunnableAdapter.call(Executors.java:511)
	at java.util.concurrent.FutureTask.run(FutureTask.java:266)
	at java.util.concurrent.ThreadPoolExecutor.runWorker(ThreadPoolExecutor.java:1149)
	at java.util.concurrent.ThreadPoolExecutor$Worker.run(ThreadPoolExecutor.java:624)
	... 1 more
Caused by: org.apache.ratis.thirdparty.io.netty.channel.AbstractChannel$AnnotatedConnectException: Connection refused: /192.168.157.204:32953
	at sun.nio.ch.SocketChannelImpl.checkConnect(Native Method)
	at sun.nio.ch.SocketChannelImpl.finishConnect(SocketChannelImpl.java:717)
	at org.apache.ratis.thirdparty.io.netty.channel.socket.nio.NioSocketChannel.doFinishConnect(NioSocketChannel.java:327)
	at org.apache.ratis.thirdparty.io.netty.channel.nio.AbstractNioChannel$AbstractNioUnsafe.finishConnect(AbstractNioChannel.java:340)
	at org.apache.ratis.thirdparty.io.netty.channel.nio.NioEventLoop.processSelectedKey(NioEventLoop.java:632)
	at org.apache.ratis.thirdparty.io.netty.channel.nio.NioEventLoop.processSelectedKeysOptimized(NioEventLoop.java:579)
	at org.apache.ratis.thirdparty.io.netty.channel.nio.NioEventLoop.processSelectedKeys(NioEventLoop.java:496)
	at org.apache.ratis.thirdparty.io.netty.channel.nio.NioEventLoop.run(NioEventLoop.java:458)
	at org.apache.ratis.thirdparty.io.netty.util.concurrent.SingleThreadEventExecutor$5.run(SingleThreadEventExecutor.java:897)
	at org.apache.ratis.thirdparty.io.netty.util.concurrent.FastThreadLocalRunnable.run(FastThreadLocalRunnable.java:30)
	... 1 more
Caused by: java.net.ConnectException: Connection refused
	... 11 more
2019-10-20 13:11:20,030 [7660b851-9671-46a6-9e1d-7d946f95d492@group-42C3DBE2B33D-LeaderElection3460] INFO  impl.RaftServerImpl (RaftServerImpl.java:setRole(184)) - 7660b851-9671-46a6-9e1d-7d946f95d492@group-42C3DBE2B33D: changes role from CANDIDATE to FOLLOWER at term 182 for DISCOVERED_A_NEW_TERM
2019-10-20 13:11:20,030 [7660b851-9671-46a6-9e1d-7d946f95d492@group-42C3DBE2B33D-LeaderElection3460] INFO  impl.RoleInfo (RoleInfo.java:shutdownLeaderElection(134)) - 7660b851-9671-46a6-9e1d-7d946f95d492: shutdown LeaderElection
2019-10-20 13:11:20,030 [7660b851-9671-46a6-9e1d-7d946f95d492@group-42C3DBE2B33D-LeaderElection3460] INFO  impl.RoleInfo (RoleInfo.java:updateAndGet(143)) - 7660b851-9671-46a6-9e1d-7d946f95d492: start FollowerState
2019-10-20 13:11:20,134 [Thread-25798] INFO  impl.FollowerState (FollowerState.java:run(108)) - 7660b851-9671-46a6-9e1d-7d946f95d492@group-42C3DBE2B33D-FollowerState: change to CANDIDATE, lastRpcTime:103ms, electionTimeout:103ms
2019-10-20 13:11:20,134 [Thread-25798] INFO  impl.RoleInfo (RoleInfo.java:shutdownFollowerState(121)) - 7660b851-9671-46a6-9e1d-7d946f95d492: shutdown FollowerState
2019-10-20 13:11:20,134 [Thread-25798] INFO  impl.RaftServerImpl (RaftServerImpl.java:setRole(184)) - 7660b851-9671-46a6-9e1d-7d946f95d492@group-42C3DBE2B33D: changes role from  FOLLOWER to CANDIDATE at term 182 for changeToCandidate
2019-10-20 13:11:20,134 [Thread-25798] INFO  impl.RoleInfo (RoleInfo.java:updateAndGet(143)) - 7660b851-9671-46a6-9e1d-7d946f95d492: start LeaderElection
2019-10-20 13:11:20,147 [7660b851-9671-46a6-9e1d-7d946f95d492@group-42C3DBE2B33D-LeaderElection3461] INFO  impl.LeaderElection (LeaderElection.java:askForVotes(178)) - 7660b851-9671-46a6-9e1d-7d946f95d492@group-42C3DBE2B33D-LeaderElection3461: begin an election at term 183 for -1: [fdf19479-69c2-4639-b68c-6adde78ca28a:192.168.157.204:42858, 1ac0a8d4-e534-43ce-83b1-426d47a3040d:192.168.157.204:32953, 7660b851-9671-46a6-9e1d-7d946f95d492:192.168.157.204:41682], old=null
2019-10-20 13:11:20,148 [7660b851-9671-46a6-9e1d-7d946f95d492@group-42C3DBE2B33D-LeaderElection3461] INFO  impl.LeaderElection (LogUtils.java:infoOrTrace(149)) - 7660b851-9671-46a6-9e1d-7d946f95d492@group-42C3DBE2B33D-LeaderElection3461 got exception when requesting votes: {}
java.util.concurrent.ExecutionException: org.apache.ratis.thirdparty.io.grpc.StatusRuntimeException: UNAVAILABLE: io exception
	at java.util.concurrent.FutureTask.report(FutureTask.java:122)
	at java.util.concurrent.FutureTask.get(FutureTask.java:192)
	at org.apache.ratis.server.impl.LeaderElection.waitForResults(LeaderElection.java:259)
	at org.apache.ratis.server.impl.LeaderElection.askForVotes(LeaderElection.java:197)
	at org.apache.ratis.server.impl.LeaderElection.run(LeaderElection.java:133)
	at java.lang.Thread.run(Thread.java:748)
Caused by: org.apache.ratis.thirdparty.io.grpc.StatusRuntimeException: UNAVAILABLE: io exception
	at org.apache.ratis.thirdparty.io.grpc.stub.ClientCalls.toStatusRuntimeException(ClientCalls.java:233)
	at org.apache.ratis.thirdparty.io.grpc.stub.ClientCalls.getUnchecked(ClientCalls.java:214)
	at org.apache.ratis.thirdparty.io.grpc.stub.ClientCalls.blockingUnaryCall(ClientCalls.java:139)
	at org.apache.ratis.proto.grpc.RaftServerProtocolServiceGrpc$RaftServerProtocolServiceBlockingStub.requestVote(RaftServerProtocolServiceGrpc.java:265)
	at org.apache.ratis.grpc.server.GrpcServerProtocolClient.requestVote(GrpcServerProtocolClient.java:99)
	at org.apache.ratis.grpc.server.GrpcService.requestVote(GrpcService.java:204)
	at org.apache.ratis.server.impl.LeaderElection.lambda$submitRequests$1(LeaderElection.java:234)
	at java.util.concurrent.FutureTask.run(FutureTask.java:266)
	at java.util.concurrent.Executors$RunnableAdapter.call(Executors.java:511)
	at java.util.concurrent.FutureTask.run(FutureTask.java:266)
	at java.util.concurrent.ThreadPoolExecutor.runWorker(ThreadPoolExecutor.java:1149)
	at java.util.concurrent.ThreadPoolExecutor$Worker.run(ThreadPoolExecutor.java:624)
	... 1 more
Caused by: org.apache.ratis.thirdparty.io.netty.channel.AbstractChannel$AnnotatedConnectException: Connection refused: /192.168.157.204:42858
	at sun.nio.ch.SocketChannelImpl.checkConnect(Native Method)
	at sun.nio.ch.SocketChannelImpl.finishConnect(SocketChannelImpl.java:717)
	at org.apache.ratis.thirdparty.io.netty.channel.socket.nio.NioSocketChannel.doFinishConnect(NioSocketChannel.java:327)
	at org.apache.ratis.thirdparty.io.netty.channel.nio.AbstractNioChannel$AbstractNioUnsafe.finishConnect(AbstractNioChannel.java:340)
	at org.apache.ratis.thirdparty.io.netty.channel.nio.NioEventLoop.processSelectedKey(NioEventLoop.java:632)
	at org.apache.ratis.thirdparty.io.netty.channel.nio.NioEventLoop.processSelectedKeysOptimized(NioEventLoop.java:579)
	at org.apache.ratis.thirdparty.io.netty.channel.nio.NioEventLoop.processSelectedKeys(NioEventLoop.java:496)
	at org.apache.ratis.thirdparty.io.netty.channel.nio.NioEventLoop.run(NioEventLoop.java:458)
	at org.apache.ratis.thirdparty.io.netty.util.concurrent.SingleThreadEventExecutor$5.run(SingleThreadEventExecutor.java:897)
	at org.apache.ratis.thirdparty.io.netty.util.concurrent.FastThreadLocalRunnable.run(FastThreadLocalRunnable.java:30)
	... 1 more
Caused by: java.net.ConnectException: Connection refused
	... 11 more
2019-10-20 13:11:20,148 [7660b851-9671-46a6-9e1d-7d946f95d492@group-42C3DBE2B33D-LeaderElection3461] INFO  impl.LeaderElection (LogUtils.java:infoOrTrace(149)) - 7660b851-9671-46a6-9e1d-7d946f95d492@group-42C3DBE2B33D-LeaderElection3461 got exception when requesting votes: {}
java.util.concurrent.ExecutionException: org.apache.ratis.thirdparty.io.grpc.StatusRuntimeException: UNAVAILABLE: io exception
	at java.util.concurrent.FutureTask.report(FutureTask.java:122)
	at java.util.concurrent.FutureTask.get(FutureTask.java:192)
	at org.apache.ratis.server.impl.LeaderElection.waitForResults(LeaderElection.java:259)
	at org.apache.ratis.server.impl.LeaderElection.askForVotes(LeaderElection.java:197)
	at org.apache.ratis.server.impl.LeaderElection.run(LeaderElection.java:133)
	at java.lang.Thread.run(Thread.java:748)
Caused by: org.apache.ratis.thirdparty.io.grpc.StatusRuntimeException: UNAVAILABLE: io exception
	at org.apache.ratis.thirdparty.io.grpc.stub.ClientCalls.toStatusRuntimeException(ClientCalls.java:233)
	at org.apache.ratis.thirdparty.io.grpc.stub.ClientCalls.getUnchecked(ClientCalls.java:214)
	at org.apache.ratis.thirdparty.io.grpc.stub.ClientCalls.blockingUnaryCall(ClientCalls.java:139)
	at org.apache.ratis.proto.grpc.RaftServerProtocolServiceGrpc$RaftServerProtocolServiceBlockingStub.requestVote(RaftServerProtocolServiceGrpc.java:265)
	at org.apache.ratis.grpc.server.GrpcServerProtocolClient.requestVote(GrpcServerProtocolClient.java:99)
	at org.apache.ratis.grpc.server.GrpcService.requestVote(GrpcService.java:204)
	at org.apache.ratis.server.impl.LeaderElection.lambda$submitRequests$1(LeaderElection.java:234)
	at java.util.concurrent.FutureTask.run(FutureTask.java:266)
	at java.util.concurrent.Executors$RunnableAdapter.call(Executors.java:511)
	at java.util.concurrent.FutureTask.run(FutureTask.java:266)
	at java.util.concurrent.ThreadPoolExecutor.runWorker(ThreadPoolExecutor.java:1149)
	at java.util.concurrent.ThreadPoolExecutor$Worker.run(ThreadPoolExecutor.java:624)
	... 1 more
Caused by: org.apache.ratis.thirdparty.io.netty.channel.AbstractChannel$AnnotatedConnectException: Connection refused: /192.168.157.204:32953
	at sun.nio.ch.SocketChannelImpl.checkConnect(Native Method)
	at sun.nio.ch.SocketChannelImpl.finishConnect(SocketChannelImpl.java:717)
	at org.apache.ratis.thirdparty.io.netty.channel.socket.nio.NioSocketChannel.doFinishConnect(NioSocketChannel.java:327)
	at org.apache.ratis.thirdparty.io.netty.channel.nio.AbstractNioChannel$AbstractNioUnsafe.finishConnect(AbstractNioChannel.java:340)
	at org.apache.ratis.thirdparty.io.netty.channel.nio.NioEventLoop.processSelectedKey(NioEventLoop.java:632)
	at org.apache.ratis.thirdparty.io.netty.channel.nio.NioEventLoop.processSelectedKeysOptimized(NioEventLoop.java:579)
	at org.apache.ratis.thirdparty.io.netty.channel.nio.NioEventLoop.processSelectedKeys(NioEventLoop.java:496)
	at org.apache.ratis.thirdparty.io.netty.channel.nio.NioEventLoop.run(NioEventLoop.java:458)
	at org.apache.ratis.thirdparty.io.netty.util.concurrent.SingleThreadEventExecutor$5.run(SingleThreadEventExecutor.java:897)
	at org.apache.ratis.thirdparty.io.netty.util.concurrent.FastThreadLocalRunnable.run(FastThreadLocalRunnable.java:30)
	... 1 more
Caused by: java.net.ConnectException: Connection refused
	... 11 more
2019-10-20 13:11:20,148 [7660b851-9671-46a6-9e1d-7d946f95d492@group-42C3DBE2B33D-LeaderElection3461] INFO  impl.LeaderElection (LeaderElection.java:logAndReturn(56)) - 7660b851-9671-46a6-9e1d-7d946f95d492@group-42C3DBE2B33D-LeaderElection3461: Election REJECTED; received 0 response(s) [] and 2 exception(s); 7660b851-9671-46a6-9e1d-7d946f95d492@group-42C3DBE2B33D:t183, leader=null, voted=7660b851-9671-46a6-9e1d-7d946f95d492, raftlog=7660b851-9671-46a6-9e1d-7d946f95d492@group-42C3DBE2B33D-SegmentedRaftLog:OPENED:c-1,f-1,i0, conf=-1: [fdf19479-69c2-4639-b68c-6adde78ca28a:192.168.157.204:42858, 1ac0a8d4-e534-43ce-83b1-426d47a3040d:192.168.157.204:32953, 7660b851-9671-46a6-9e1d-7d946f95d492:192.168.157.204:41682], old=null
2019-10-20 13:11:20,149 [7660b851-9671-46a6-9e1d-7d946f95d492@group-42C3DBE2B33D-LeaderElection3461] INFO  impl.LeaderElection (LogUtils.java:infoOrTrace(149)) -   Exception 0: {}
java.util.concurrent.ExecutionException: org.apache.ratis.thirdparty.io.grpc.StatusRuntimeException: UNAVAILABLE: io exception
	at java.util.concurrent.FutureTask.report(FutureTask.java:122)
	at java.util.concurrent.FutureTask.get(FutureTask.java:192)
	at org.apache.ratis.server.impl.LeaderElection.waitForResults(LeaderElection.java:259)
	at org.apache.ratis.server.impl.LeaderElection.askForVotes(LeaderElection.java:197)
	at org.apache.ratis.server.impl.LeaderElection.run(LeaderElection.java:133)
	at java.lang.Thread.run(Thread.java:748)
Caused by: org.apache.ratis.thirdparty.io.grpc.StatusRuntimeException: UNAVAILABLE: io exception
	at org.apache.ratis.thirdparty.io.grpc.stub.ClientCalls.toStatusRuntimeException(ClientCalls.java:233)
	at org.apache.ratis.thirdparty.io.grpc.stub.ClientCalls.getUnchecked(ClientCalls.java:214)
	at org.apache.ratis.thirdparty.io.grpc.stub.ClientCalls.blockingUnaryCall(ClientCalls.java:139)
	at org.apache.ratis.proto.grpc.RaftServerProtocolServiceGrpc$RaftServerProtocolServiceBlockingStub.requestVote(RaftServerProtocolServiceGrpc.java:265)
	at org.apache.ratis.grpc.server.GrpcServerProtocolClient.requestVote(GrpcServerProtocolClient.java:99)
	at org.apache.ratis.grpc.server.GrpcService.requestVote(GrpcService.java:204)
	at org.apache.ratis.server.impl.LeaderElection.lambda$submitRequests$1(LeaderElection.java:234)
	at java.util.concurrent.FutureTask.run(FutureTask.java:266)
	at java.util.concurrent.Executors$RunnableAdapter.call(Executors.java:511)
	at java.util.concurrent.FutureTask.run(FutureTask.java:266)
	at java.util.concurrent.ThreadPoolExecutor.runWorker(ThreadPoolExecutor.java:1149)
	at java.util.concurrent.ThreadPoolExecutor$Worker.run(ThreadPoolExecutor.java:624)
	... 1 more
Caused by: org.apache.ratis.thirdparty.io.netty.channel.AbstractChannel$AnnotatedConnectException: Connection refused: /192.168.157.204:42858
	at sun.nio.ch.SocketChannelImpl.checkConnect(Native Method)
	at sun.nio.ch.SocketChannelImpl.finishConnect(SocketChannelImpl.java:717)
	at org.apache.ratis.thirdparty.io.netty.channel.socket.nio.NioSocketChannel.doFinishConnect(NioSocketChannel.java:327)
	at org.apache.ratis.thirdparty.io.netty.channel.nio.AbstractNioChannel$AbstractNioUnsafe.finishConnect(AbstractNioChannel.java:340)
	at org.apache.ratis.thirdparty.io.netty.channel.nio.NioEventLoop.processSelectedKey(NioEventLoop.java:632)
	at org.apache.ratis.thirdparty.io.netty.channel.nio.NioEventLoop.processSelectedKeysOptimized(NioEventLoop.java:579)
	at org.apache.ratis.thirdparty.io.netty.channel.nio.NioEventLoop.processSelectedKeys(NioEventLoop.java:496)
	at org.apache.ratis.thirdparty.io.netty.channel.nio.NioEventLoop.run(NioEventLoop.java:458)
	at org.apache.ratis.thirdparty.io.netty.util.concurrent.SingleThreadEventExecutor$5.run(SingleThreadEventExecutor.java:897)
	at org.apache.ratis.thirdparty.io.netty.util.concurrent.FastThreadLocalRunnable.run(FastThreadLocalRunnable.java:30)
	... 1 more
Caused by: java.net.ConnectException: Connection refused
	... 11 more
2019-10-20 13:11:20,149 [7660b851-9671-46a6-9e1d-7d946f95d492@group-42C3DBE2B33D-LeaderElection3461] INFO  impl.LeaderElection (LogUtils.java:infoOrTrace(149)) -   Exception 1: {}
java.util.concurrent.ExecutionException: org.apache.ratis.thirdparty.io.grpc.StatusRuntimeException: UNAVAILABLE: io exception
	at java.util.concurrent.FutureTask.report(FutureTask.java:122)
	at java.util.concurrent.FutureTask.get(FutureTask.java:192)
	at org.apache.ratis.server.impl.LeaderElection.waitForResults(LeaderElection.java:259)
	at org.apache.ratis.server.impl.LeaderElection.askForVotes(LeaderElection.java:197)
	at org.apache.ratis.server.impl.LeaderElection.run(LeaderElection.java:133)
	at java.lang.Thread.run(Thread.java:748)
Caused by: org.apache.ratis.thirdparty.io.grpc.StatusRuntimeException: UNAVAILABLE: io exception
	at org.apache.ratis.thirdparty.io.grpc.stub.ClientCalls.toStatusRuntimeException(ClientCalls.java:233)
	at org.apache.ratis.thirdparty.io.grpc.stub.ClientCalls.getUnchecked(ClientCalls.java:214)
	at org.apache.ratis.thirdparty.io.grpc.stub.ClientCalls.blockingUnaryCall(ClientCalls.java:139)
	at org.apache.ratis.proto.grpc.RaftServerProtocolServiceGrpc$RaftServerProtocolServiceBlockingStub.requestVote(RaftServerProtocolServiceGrpc.java:265)
	at org.apache.ratis.grpc.server.GrpcServerProtocolClient.requestVote(GrpcServerProtocolClient.java:99)
	at org.apache.ratis.grpc.server.GrpcService.requestVote(GrpcService.java:204)
	at org.apache.ratis.server.impl.LeaderElection.lambda$submitRequests$1(LeaderElection.java:234)
	at java.util.concurrent.FutureTask.run(FutureTask.java:266)
	at java.util.concurrent.Executors$RunnableAdapter.call(Executors.java:511)
	at java.util.concurrent.FutureTask.run(FutureTask.java:266)
	at java.util.concurrent.ThreadPoolExecutor.runWorker(ThreadPoolExecutor.java:1149)
	at java.util.concurrent.ThreadPoolExecutor$Worker.run(ThreadPoolExecutor.java:624)
	... 1 more
Caused by: org.apache.ratis.thirdparty.io.netty.channel.AbstractChannel$AnnotatedConnectException: Connection refused: /192.168.157.204:32953
	at sun.nio.ch.SocketChannelImpl.checkConnect(Native Method)
	at sun.nio.ch.SocketChannelImpl.finishConnect(SocketChannelImpl.java:717)
	at org.apache.ratis.thirdparty.io.netty.channel.socket.nio.NioSocketChannel.doFinishConnect(NioSocketChannel.java:327)
	at org.apache.ratis.thirdparty.io.netty.channel.nio.AbstractNioChannel$AbstractNioUnsafe.finishConnect(AbstractNioChannel.java:340)
	at org.apache.ratis.thirdparty.io.netty.channel.nio.NioEventLoop.processSelectedKey(NioEventLoop.java:632)
	at org.apache.ratis.thirdparty.io.netty.channel.nio.NioEventLoop.processSelectedKeysOptimized(NioEventLoop.java:579)
	at org.apache.ratis.thirdparty.io.netty.channel.nio.NioEventLoop.processSelectedKeys(NioEventLoop.java:496)
	at org.apache.ratis.thirdparty.io.netty.channel.nio.NioEventLoop.run(NioEventLoop.java:458)
	at org.apache.ratis.thirdparty.io.netty.util.concurrent.SingleThreadEventExecutor$5.run(SingleThreadEventExecutor.java:897)
	at org.apache.ratis.thirdparty.io.netty.util.concurrent.FastThreadLocalRunnable.run(FastThreadLocalRunnable.java:30)
	... 1 more
Caused by: java.net.ConnectException: Connection refused
	... 11 more
2019-10-20 13:11:20,149 [7660b851-9671-46a6-9e1d-7d946f95d492@group-42C3DBE2B33D-LeaderElection3461] INFO  impl.RaftServerImpl (RaftServerImpl.java:setRole(184)) - 7660b851-9671-46a6-9e1d-7d946f95d492@group-42C3DBE2B33D: changes role from CANDIDATE to FOLLOWER at term 183 for DISCOVERED_A_NEW_TERM
2019-10-20 13:11:20,149 [7660b851-9671-46a6-9e1d-7d946f95d492@group-42C3DBE2B33D-LeaderElection3461] INFO  impl.RoleInfo (RoleInfo.java:shutdownLeaderElection(134)) - 7660b851-9671-46a6-9e1d-7d946f95d492: shutdown LeaderElection
2019-10-20 13:11:20,149 [7660b851-9671-46a6-9e1d-7d946f95d492@group-42C3DBE2B33D-LeaderElection3461] INFO  impl.RoleInfo (RoleInfo.java:updateAndGet(143)) - 7660b851-9671-46a6-9e1d-7d946f95d492: start FollowerState
2019-10-20 13:11:20,159 [Datanode State Machine Thread - 0] INFO  statemachine.DatanodeStateMachine (DatanodeStateMachine.java:lambda$startDaemon$0(350)) - Ozone container server started.
2019-10-20 13:11:20,270 [Thread-25802] INFO  impl.FollowerState (FollowerState.java:run(108)) - 7660b851-9671-46a6-9e1d-7d946f95d492@group-42C3DBE2B33D-FollowerState: change to CANDIDATE, lastRpcTime:120ms, electionTimeout:120ms
2019-10-20 13:11:20,270 [Thread-25802] INFO  impl.RoleInfo (RoleInfo.java:shutdownFollowerState(121)) - 7660b851-9671-46a6-9e1d-7d946f95d492: shutdown FollowerState
2019-10-20 13:11:20,270 [Thread-25802] INFO  impl.RaftServerImpl (RaftServerImpl.java:setRole(184)) - 7660b851-9671-46a6-9e1d-7d946f95d492@group-42C3DBE2B33D: changes role from  FOLLOWER to CANDIDATE at term 183 for changeToCandidate
2019-10-20 13:11:20,270 [Thread-25802] INFO  impl.RoleInfo (RoleInfo.java:updateAndGet(143)) - 7660b851-9671-46a6-9e1d-7d946f95d492: start LeaderElection
2019-10-20 13:11:20,284 [7660b851-9671-46a6-9e1d-7d946f95d492@group-42C3DBE2B33D-LeaderElection3462] INFO  impl.LeaderElection (LeaderElection.java:askForVotes(178)) - 7660b851-9671-46a6-9e1d-7d946f95d492@group-42C3DBE2B33D-LeaderElection3462: begin an election at term 184 for -1: [fdf19479-69c2-4639-b68c-6adde78ca28a:192.168.157.204:42858, 1ac0a8d4-e534-43ce-83b1-426d47a3040d:192.168.157.204:32953, 7660b851-9671-46a6-9e1d-7d946f95d492:192.168.157.204:41682], old=null
2019-10-20 13:11:20,285 [7660b851-9671-46a6-9e1d-7d946f95d492@group-42C3DBE2B33D-LeaderElection3462] INFO  impl.LeaderElection (LogUtils.java:infoOrTrace(149)) - 7660b851-9671-46a6-9e1d-7d946f95d492@group-42C3DBE2B33D-LeaderElection3462 got exception when requesting votes: {}
java.util.concurrent.ExecutionException: org.apache.ratis.thirdparty.io.grpc.StatusRuntimeException: UNAVAILABLE: io exception
	at java.util.concurrent.FutureTask.report(FutureTask.java:122)
	at java.util.concurrent.FutureTask.get(FutureTask.java:192)
	at org.apache.ratis.server.impl.LeaderElection.waitForResults(LeaderElection.java:259)
	at org.apache.ratis.server.impl.LeaderElection.askForVotes(LeaderElection.java:197)
	at org.apache.ratis.server.impl.LeaderElection.run(LeaderElection.java:133)
	at java.lang.Thread.run(Thread.java:748)
Caused by: org.apache.ratis.thirdparty.io.grpc.StatusRuntimeException: UNAVAILABLE: io exception
	at org.apache.ratis.thirdparty.io.grpc.stub.ClientCalls.toStatusRuntimeException(ClientCalls.java:233)
	at org.apache.ratis.thirdparty.io.grpc.stub.ClientCalls.getUnchecked(ClientCalls.java:214)
	at org.apache.ratis.thirdparty.io.grpc.stub.ClientCalls.blockingUnaryCall(ClientCalls.java:139)
	at org.apache.ratis.proto.grpc.RaftServerProtocolServiceGrpc$RaftServerProtocolServiceBlockingStub.requestVote(RaftServerProtocolServiceGrpc.java:265)
	at org.apache.ratis.grpc.server.GrpcServerProtocolClient.requestVote(GrpcServerProtocolClient.java:99)
	at org.apache.ratis.grpc.server.GrpcService.requestVote(GrpcService.java:204)
	at org.apache.ratis.server.impl.LeaderElection.lambda$submitRequests$1(LeaderElection.java:234)
	at java.util.concurrent.FutureTask.run(FutureTask.java:266)
	at java.util.concurrent.Executors$RunnableAdapter.call(Executors.java:511)
	at java.util.concurrent.FutureTask.run(FutureTask.java:266)
	at java.util.concurrent.ThreadPoolExecutor.runWorker(ThreadPoolExecutor.java:1149)
	at java.util.concurrent.ThreadPoolExecutor$Worker.run(ThreadPoolExecutor.java:624)
	... 1 more
Caused by: org.apache.ratis.thirdparty.io.netty.channel.AbstractChannel$AnnotatedConnectException: Connection refused: /192.168.157.204:42858
	at sun.nio.ch.SocketChannelImpl.checkConnect(Native Method)
	at sun.nio.ch.SocketChannelImpl.finishConnect(SocketChannelImpl.java:717)
	at org.apache.ratis.thirdparty.io.netty.channel.socket.nio.NioSocketChannel.doFinishConnect(NioSocketChannel.java:327)
	at org.apache.ratis.thirdparty.io.netty.channel.nio.AbstractNioChannel$AbstractNioUnsafe.finishConnect(AbstractNioChannel.java:340)
	at org.apache.ratis.thirdparty.io.netty.channel.nio.NioEventLoop.processSelectedKey(NioEventLoop.java:632)
	at org.apache.ratis.thirdparty.io.netty.channel.nio.NioEventLoop.processSelectedKeysOptimized(NioEventLoop.java:579)
	at org.apache.ratis.thirdparty.io.netty.channel.nio.NioEventLoop.processSelectedKeys(NioEventLoop.java:496)
	at org.apache.ratis.thirdparty.io.netty.channel.nio.NioEventLoop.run(NioEventLoop.java:458)
	at org.apache.ratis.thirdparty.io.netty.util.concurrent.SingleThreadEventExecutor$5.run(SingleThreadEventExecutor.java:897)
	at org.apache.ratis.thirdparty.io.netty.util.concurrent.FastThreadLocalRunnable.run(FastThreadLocalRunnable.java:30)
	... 1 more
Caused by: java.net.ConnectException: Connection refused
	... 11 more
2019-10-20 13:11:20,285 [7660b851-9671-46a6-9e1d-7d946f95d492@group-42C3DBE2B33D-LeaderElection3462] INFO  impl.LeaderElection (LogUtils.java:infoOrTrace(149)) - 7660b851-9671-46a6-9e1d-7d946f95d492@group-42C3DBE2B33D-LeaderElection3462 got exception when requesting votes: {}
java.util.concurrent.ExecutionException: org.apache.ratis.thirdparty.io.grpc.StatusRuntimeException: UNAVAILABLE: io exception
	at java.util.concurrent.FutureTask.report(FutureTask.java:122)
	at java.util.concurrent.FutureTask.get(FutureTask.java:192)
	at org.apache.ratis.server.impl.LeaderElection.waitForResults(LeaderElection.java:259)
	at org.apache.ratis.server.impl.LeaderElection.askForVotes(LeaderElection.java:197)
	at org.apache.ratis.server.impl.LeaderElection.run(LeaderElection.java:133)
	at java.lang.Thread.run(Thread.java:748)
Caused by: org.apache.ratis.thirdparty.io.grpc.StatusRuntimeException: UNAVAILABLE: io exception
	at org.apache.ratis.thirdparty.io.grpc.stub.ClientCalls.toStatusRuntimeException(ClientCalls.java:233)
	at org.apache.ratis.thirdparty.io.grpc.stub.ClientCalls.getUnchecked(ClientCalls.java:214)
	at org.apache.ratis.thirdparty.io.grpc.stub.ClientCalls.blockingUnaryCall(ClientCalls.java:139)
	at org.apache.ratis.proto.grpc.RaftServerProtocolServiceGrpc$RaftServerProtocolServiceBlockingStub.requestVote(RaftServerProtocolServiceGrpc.java:265)
	at org.apache.ratis.grpc.server.GrpcServerProtocolClient.requestVote(GrpcServerProtocolClient.java:99)
	at org.apache.ratis.grpc.server.GrpcService.requestVote(GrpcService.java:204)
	at org.apache.ratis.server.impl.LeaderElection.lambda$submitRequests$1(LeaderElection.java:234)
	at java.util.concurrent.FutureTask.run(FutureTask.java:266)
	at java.util.concurrent.Executors$RunnableAdapter.call(Executors.java:511)
	at java.util.concurrent.FutureTask.run(FutureTask.java:266)
	at java.util.concurrent.ThreadPoolExecutor.runWorker(ThreadPoolExecutor.java:1149)
	at java.util.concurrent.ThreadPoolExecutor$Worker.run(ThreadPoolExecutor.java:624)
	... 1 more
Caused by: org.apache.ratis.thirdparty.io.netty.channel.AbstractChannel$AnnotatedConnectException: Connection refused: /192.168.157.204:32953
	at sun.nio.ch.SocketChannelImpl.checkConnect(Native Method)
	at sun.nio.ch.SocketChannelImpl.finishConnect(SocketChannelImpl.java:717)
	at org.apache.ratis.thirdparty.io.netty.channel.socket.nio.NioSocketChannel.doFinishConnect(NioSocketChannel.java:327)
	at org.apache.ratis.thirdparty.io.netty.channel.nio.AbstractNioChannel$AbstractNioUnsafe.finishConnect(AbstractNioChannel.java:340)
	at org.apache.ratis.thirdparty.io.netty.channel.nio.NioEventLoop.processSelectedKey(NioEventLoop.java:632)
	at org.apache.ratis.thirdparty.io.netty.channel.nio.NioEventLoop.processSelectedKeysOptimized(NioEventLoop.java:579)
	at org.apache.ratis.thirdparty.io.netty.channel.nio.NioEventLoop.processSelectedKeys(NioEventLoop.java:496)
	at org.apache.ratis.thirdparty.io.netty.channel.nio.NioEventLoop.run(NioEventLoop.java:458)
	at org.apache.ratis.thirdparty.io.netty.util.concurrent.SingleThreadEventExecutor$5.run(SingleThreadEventExecutor.java:897)
	at org.apache.ratis.thirdparty.io.netty.util.concurrent.FastThreadLocalRunnable.run(FastThreadLocalRunnable.java:30)
	... 1 more
Caused by: java.net.ConnectException: Connection refused
	... 11 more
2019-10-20 13:11:20,285 [7660b851-9671-46a6-9e1d-7d946f95d492@group-42C3DBE2B33D-LeaderElection3462] INFO  impl.LeaderElection (LeaderElection.java:logAndReturn(56)) - 7660b851-9671-46a6-9e1d-7d946f95d492@group-42C3DBE2B33D-LeaderElection3462: Election REJECTED; received 0 response(s) [] and 2 exception(s); 7660b851-9671-46a6-9e1d-7d946f95d492@group-42C3DBE2B33D:t184, leader=null, voted=7660b851-9671-46a6-9e1d-7d946f95d492, raftlog=7660b851-9671-46a6-9e1d-7d946f95d492@group-42C3DBE2B33D-SegmentedRaftLog:OPENED:c-1,f-1,i0, conf=-1: [fdf19479-69c2-4639-b68c-6adde78ca28a:192.168.157.204:42858, 1ac0a8d4-e534-43ce-83b1-426d47a3040d:192.168.157.204:32953, 7660b851-9671-46a6-9e1d-7d946f95d492:192.168.157.204:41682], old=null
2019-10-20 13:11:20,285 [7660b851-9671-46a6-9e1d-7d946f95d492@group-42C3DBE2B33D-LeaderElection3462] INFO  impl.LeaderElection (LogUtils.java:infoOrTrace(149)) -   Exception 0: {}
java.util.concurrent.ExecutionException: org.apache.ratis.thirdparty.io.grpc.StatusRuntimeException: UNAVAILABLE: io exception
	at java.util.concurrent.FutureTask.report(FutureTask.java:122)
	at java.util.concurrent.FutureTask.get(FutureTask.java:192)
	at org.apache.ratis.server.impl.LeaderElection.waitForResults(LeaderElection.java:259)
	at org.apache.ratis.server.impl.LeaderElection.askForVotes(LeaderElection.java:197)
	at org.apache.ratis.server.impl.LeaderElection.run(LeaderElection.java:133)
	at java.lang.Thread.run(Thread.java:748)
Caused by: org.apache.ratis.thirdparty.io.grpc.StatusRuntimeException: UNAVAILABLE: io exception
	at org.apache.ratis.thirdparty.io.grpc.stub.ClientCalls.toStatusRuntimeException(ClientCalls.java:233)
	at org.apache.ratis.thirdparty.io.grpc.stub.ClientCalls.getUnchecked(ClientCalls.java:214)
	at org.apache.ratis.thirdparty.io.grpc.stub.ClientCalls.blockingUnaryCall(ClientCalls.java:139)
	at org.apache.ratis.proto.grpc.RaftServerProtocolServiceGrpc$RaftServerProtocolServiceBlockingStub.requestVote(RaftServerProtocolServiceGrpc.java:265)
	at org.apache.ratis.grpc.server.GrpcServerProtocolClient.requestVote(GrpcServerProtocolClient.java:99)
	at org.apache.ratis.grpc.server.GrpcService.requestVote(GrpcService.java:204)
	at org.apache.ratis.server.impl.LeaderElection.lambda$submitRequests$1(LeaderElection.java:234)
	at java.util.concurrent.FutureTask.run(FutureTask.java:266)
	at java.util.concurrent.Executors$RunnableAdapter.call(Executors.java:511)
	at java.util.concurrent.FutureTask.run(FutureTask.java:266)
	at java.util.concurrent.ThreadPoolExecutor.runWorker(ThreadPoolExecutor.java:1149)
	at java.util.concurrent.ThreadPoolExecutor$Worker.run(ThreadPoolExecutor.java:624)
	... 1 more
Caused by: org.apache.ratis.thirdparty.io.netty.channel.AbstractChannel$AnnotatedConnectException: Connection refused: /192.168.157.204:42858
	at sun.nio.ch.SocketChannelImpl.checkConnect(Native Method)
	at sun.nio.ch.SocketChannelImpl.finishConnect(SocketChannelImpl.java:717)
	at org.apache.ratis.thirdparty.io.netty.channel.socket.nio.NioSocketChannel.doFinishConnect(NioSocketChannel.java:327)
	at org.apache.ratis.thirdparty.io.netty.channel.nio.AbstractNioChannel$AbstractNioUnsafe.finishConnect(AbstractNioChannel.java:340)
	at org.apache.ratis.thirdparty.io.netty.channel.nio.NioEventLoop.processSelectedKey(NioEventLoop.java:632)
	at org.apache.ratis.thirdparty.io.netty.channel.nio.NioEventLoop.processSelectedKeysOptimized(NioEventLoop.java:579)
	at org.apache.ratis.thirdparty.io.netty.channel.nio.NioEventLoop.processSelectedKeys(NioEventLoop.java:496)
	at org.apache.ratis.thirdparty.io.netty.channel.nio.NioEventLoop.run(NioEventLoop.java:458)
	at org.apache.ratis.thirdparty.io.netty.util.concurrent.SingleThreadEventExecutor$5.run(SingleThreadEventExecutor.java:897)
	at org.apache.ratis.thirdparty.io.netty.util.concurrent.FastThreadLocalRunnable.run(FastThreadLocalRunnable.java:30)
	... 1 more
Caused by: java.net.ConnectException: Connection refused
	... 11 more
2019-10-20 13:11:20,286 [7660b851-9671-46a6-9e1d-7d946f95d492@group-42C3DBE2B33D-LeaderElection3462] INFO  impl.LeaderElection (LogUtils.java:infoOrTrace(149)) -   Exception 1: {}
java.util.concurrent.ExecutionException: org.apache.ratis.thirdparty.io.grpc.StatusRuntimeException: UNAVAILABLE: io exception
	at java.util.concurrent.FutureTask.report(FutureTask.java:122)
	at java.util.concurrent.FutureTask.get(FutureTask.java:192)
	at org.apache.ratis.server.impl.LeaderElection.waitForResults(LeaderElection.java:259)
	at org.apache.ratis.server.impl.LeaderElection.askForVotes(LeaderElection.java:197)
	at org.apache.ratis.server.impl.LeaderElection.run(LeaderElection.java:133)
	at java.lang.Thread.run(Thread.java:748)
Caused by: org.apache.ratis.thirdparty.io.grpc.StatusRuntimeException: UNAVAILABLE: io exception
	at org.apache.ratis.thirdparty.io.grpc.stub.ClientCalls.toStatusRuntimeException(ClientCalls.java:233)
	at org.apache.ratis.thirdparty.io.grpc.stub.ClientCalls.getUnchecked(ClientCalls.java:214)
	at org.apache.ratis.thirdparty.io.grpc.stub.ClientCalls.blockingUnaryCall(ClientCalls.java:139)
	at org.apache.ratis.proto.grpc.RaftServerProtocolServiceGrpc$RaftServerProtocolServiceBlockingStub.requestVote(RaftServerProtocolServiceGrpc.java:265)
	at org.apache.ratis.grpc.server.GrpcServerProtocolClient.requestVote(GrpcServerProtocolClient.java:99)
	at org.apache.ratis.grpc.server.GrpcService.requestVote(GrpcService.java:204)
	at org.apache.ratis.server.impl.LeaderElection.lambda$submitRequests$1(LeaderElection.java:234)
	at java.util.concurrent.FutureTask.run(FutureTask.java:266)
	at java.util.concurrent.Executors$RunnableAdapter.call(Executors.java:511)
	at java.util.concurrent.FutureTask.run(FutureTask.java:266)
	at java.util.concurrent.ThreadPoolExecutor.runWorker(ThreadPoolExecutor.java:1149)
	at java.util.concurrent.ThreadPoolExecutor$Worker.run(ThreadPoolExecutor.java:624)
	... 1 more
Caused by: org.apache.ratis.thirdparty.io.netty.channel.AbstractChannel$AnnotatedConnectException: Connection refused: /192.168.157.204:32953
	at sun.nio.ch.SocketChannelImpl.checkConnect(Native Method)
	at sun.nio.ch.SocketChannelImpl.finishConnect(SocketChannelImpl.java:717)
	at org.apache.ratis.thirdparty.io.netty.channel.socket.nio.NioSocketChannel.doFinishConnect(NioSocketChannel.java:327)
	at org.apache.ratis.thirdparty.io.netty.channel.nio.AbstractNioChannel$AbstractNioUnsafe.finishConnect(AbstractNioChannel.java:340)
	at org.apache.ratis.thirdparty.io.netty.channel.nio.NioEventLoop.processSelectedKey(NioEventLoop.java:632)
	at org.apache.ratis.thirdparty.io.netty.channel.nio.NioEventLoop.processSelectedKeysOptimized(NioEventLoop.java:579)
	at org.apache.ratis.thirdparty.io.netty.channel.nio.NioEventLoop.processSelectedKeys(NioEventLoop.java:496)
	at org.apache.ratis.thirdparty.io.netty.channel.nio.NioEventLoop.run(NioEventLoop.java:458)
	at org.apache.ratis.thirdparty.io.netty.util.concurrent.SingleThreadEventExecutor$5.run(SingleThreadEventExecutor.java:897)
	at org.apache.ratis.thirdparty.io.netty.util.concurrent.FastThreadLocalRunnable.run(FastThreadLocalRunnable.java:30)
	... 1 more
Caused by: java.net.ConnectException: Connection refused
	... 11 more
2019-10-20 13:11:20,286 [7660b851-9671-46a6-9e1d-7d946f95d492@group-42C3DBE2B33D-LeaderElection3462] INFO  impl.RaftServerImpl (RaftServerImpl.java:setRole(184)) - 7660b851-9671-46a6-9e1d-7d946f95d492@group-42C3DBE2B33D: changes role from CANDIDATE to FOLLOWER at term 184 for DISCOVERED_A_NEW_TERM
2019-10-20 13:11:20,286 [7660b851-9671-46a6-9e1d-7d946f95d492@group-42C3DBE2B33D-LeaderElection3462] INFO  impl.RoleInfo (RoleInfo.java:shutdownLeaderElection(134)) - 7660b851-9671-46a6-9e1d-7d946f95d492: shutdown LeaderElection
2019-10-20 13:11:20,286 [7660b851-9671-46a6-9e1d-7d946f95d492@group-42C3DBE2B33D-LeaderElection3462] INFO  impl.RoleInfo (RoleInfo.java:updateAndGet(143)) - 7660b851-9671-46a6-9e1d-7d946f95d492: start FollowerState
2019-10-20 13:11:20,353 [Thread-25808] INFO  impl.FollowerState (FollowerState.java:run(108)) - 7660b851-9671-46a6-9e1d-7d946f95d492@group-42C3DBE2B33D-FollowerState: change to CANDIDATE, lastRpcTime:66ms, electionTimeout:66ms
2019-10-20 13:11:20,353 [Thread-25808] INFO  impl.RoleInfo (RoleInfo.java:shutdownFollowerState(121)) - 7660b851-9671-46a6-9e1d-7d946f95d492: shutdown FollowerState
2019-10-20 13:11:20,353 [Thread-25808] INFO  impl.RaftServerImpl (RaftServerImpl.java:setRole(184)) - 7660b851-9671-46a6-9e1d-7d946f95d492@group-42C3DBE2B33D: changes role from  FOLLOWER to CANDIDATE at term 184 for changeToCandidate
2019-10-20 13:11:20,353 [Thread-25808] INFO  impl.RoleInfo (RoleInfo.java:updateAndGet(143)) - 7660b851-9671-46a6-9e1d-7d946f95d492: start LeaderElection
2019-10-20 13:11:20,366 [7660b851-9671-46a6-9e1d-7d946f95d492@group-42C3DBE2B33D-LeaderElection3463] INFO  impl.LeaderElection (LeaderElection.java:askForVotes(178)) - 7660b851-9671-46a6-9e1d-7d946f95d492@group-42C3DBE2B33D-LeaderElection3463: begin an election at term 185 for -1: [fdf19479-69c2-4639-b68c-6adde78ca28a:192.168.157.204:42858, 1ac0a8d4-e534-43ce-83b1-426d47a3040d:192.168.157.204:32953, 7660b851-9671-46a6-9e1d-7d946f95d492:192.168.157.204:41682], old=null
2019-10-20 13:11:20,367 [7660b851-9671-46a6-9e1d-7d946f95d492@group-42C3DBE2B33D-LeaderElection3463] INFO  impl.LeaderElection (LogUtils.java:infoOrTrace(149)) - 7660b851-9671-46a6-9e1d-7d946f95d492@group-42C3DBE2B33D-LeaderElection3463 got exception when requesting votes: {}
java.util.concurrent.ExecutionException: org.apache.ratis.thirdparty.io.grpc.StatusRuntimeException: UNAVAILABLE: io exception
	at java.util.concurrent.FutureTask.report(FutureTask.java:122)
	at java.util.concurrent.FutureTask.get(FutureTask.java:192)
	at org.apache.ratis.server.impl.LeaderElection.waitForResults(LeaderElection.java:259)
	at org.apache.ratis.server.impl.LeaderElection.askForVotes(LeaderElection.java:197)
	at org.apache.ratis.server.impl.LeaderElection.run(LeaderElection.java:133)
	at java.lang.Thread.run(Thread.java:748)
Caused by: org.apache.ratis.thirdparty.io.grpc.StatusRuntimeException: UNAVAILABLE: io exception
	at org.apache.ratis.thirdparty.io.grpc.stub.ClientCalls.toStatusRuntimeException(ClientCalls.java:233)
	at org.apache.ratis.thirdparty.io.grpc.stub.ClientCalls.getUnchecked(ClientCalls.java:214)
	at org.apache.ratis.thirdparty.io.grpc.stub.ClientCalls.blockingUnaryCall(ClientCalls.java:139)
	at org.apache.ratis.proto.grpc.RaftServerProtocolServiceGrpc$RaftServerProtocolServiceBlockingStub.requestVote(RaftServerProtocolServiceGrpc.java:265)
	at org.apache.ratis.grpc.server.GrpcServerProtocolClient.requestVote(GrpcServerProtocolClient.java:99)
	at org.apache.ratis.grpc.server.GrpcService.requestVote(GrpcService.java:204)
	at org.apache.ratis.server.impl.LeaderElection.lambda$submitRequests$1(LeaderElection.java:234)
	at java.util.concurrent.FutureTask.run(FutureTask.java:266)
	at java.util.concurrent.Executors$RunnableAdapter.call(Executors.java:511)
	at java.util.concurrent.FutureTask.run(FutureTask.java:266)
	at java.util.concurrent.ThreadPoolExecutor.runWorker(ThreadPoolExecutor.java:1149)
	at java.util.concurrent.ThreadPoolExecutor$Worker.run(ThreadPoolExecutor.java:624)
	... 1 more
Caused by: org.apache.ratis.thirdparty.io.netty.channel.AbstractChannel$AnnotatedConnectException: Connection refused: /192.168.157.204:42858
	at sun.nio.ch.SocketChannelImpl.checkConnect(Native Method)
	at sun.nio.ch.SocketChannelImpl.finishConnect(SocketChannelImpl.java:717)
	at org.apache.ratis.thirdparty.io.netty.channel.socket.nio.NioSocketChannel.doFinishConnect(NioSocketChannel.java:327)
	at org.apache.ratis.thirdparty.io.netty.channel.nio.AbstractNioChannel$AbstractNioUnsafe.finishConnect(AbstractNioChannel.java:340)
	at org.apache.ratis.thirdparty.io.netty.channel.nio.NioEventLoop.processSelectedKey(NioEventLoop.java:632)
	at org.apache.ratis.thirdparty.io.netty.channel.nio.NioEventLoop.processSelectedKeysOptimized(NioEventLoop.java:579)
	at org.apache.ratis.thirdparty.io.netty.channel.nio.NioEventLoop.processSelectedKeys(NioEventLoop.java:496)
	at org.apache.ratis.thirdparty.io.netty.channel.nio.NioEventLoop.run(NioEventLoop.java:458)
	at org.apache.ratis.thirdparty.io.netty.util.concurrent.SingleThreadEventExecutor$5.run(SingleThreadEventExecutor.java:897)
	at org.apache.ratis.thirdparty.io.netty.util.concurrent.FastThreadLocalRunnable.run(FastThreadLocalRunnable.java:30)
	... 1 more
Caused by: java.net.ConnectException: Connection refused
	... 11 more
2019-10-20 13:11:20,367 [7660b851-9671-46a6-9e1d-7d946f95d492@group-42C3DBE2B33D-LeaderElection3463] INFO  impl.LeaderElection (LogUtils.java:infoOrTrace(149)) - 7660b851-9671-46a6-9e1d-7d946f95d492@group-42C3DBE2B33D-LeaderElection3463 got exception when requesting votes: {}
java.util.concurrent.ExecutionException: org.apache.ratis.thirdparty.io.grpc.StatusRuntimeException: UNAVAILABLE: io exception
	at java.util.concurrent.FutureTask.report(FutureTask.java:122)
	at java.util.concurrent.FutureTask.get(FutureTask.java:192)
	at org.apache.ratis.server.impl.LeaderElection.waitForResults(LeaderElection.java:259)
	at org.apache.ratis.server.impl.LeaderElection.askForVotes(LeaderElection.java:197)
	at org.apache.ratis.server.impl.LeaderElection.run(LeaderElection.java:133)
	at java.lang.Thread.run(Thread.java:748)
Caused by: org.apache.ratis.thirdparty.io.grpc.StatusRuntimeException: UNAVAILABLE: io exception
	at org.apache.ratis.thirdparty.io.grpc.stub.ClientCalls.toStatusRuntimeException(ClientCalls.java:233)
	at org.apache.ratis.thirdparty.io.grpc.stub.ClientCalls.getUnchecked(ClientCalls.java:214)
	at org.apache.ratis.thirdparty.io.grpc.stub.ClientCalls.blockingUnaryCall(ClientCalls.java:139)
	at org.apache.ratis.proto.grpc.RaftServerProtocolServiceGrpc$RaftServerProtocolServiceBlockingStub.requestVote(RaftServerProtocolServiceGrpc.java:265)
	at org.apache.ratis.grpc.server.GrpcServerProtocolClient.requestVote(GrpcServerProtocolClient.java:99)
	at org.apache.ratis.grpc.server.GrpcService.requestVote(GrpcService.java:204)
	at org.apache.ratis.server.impl.LeaderElection.lambda$submitRequests$1(LeaderElection.java:234)
	at java.util.concurrent.FutureTask.run(FutureTask.java:266)
	at java.util.concurrent.Executors$RunnableAdapter.call(Executors.java:511)
	at java.util.concurrent.FutureTask.run(FutureTask.java:266)
	at java.util.concurrent.ThreadPoolExecutor.runWorker(ThreadPoolExecutor.java:1149)
	at java.util.concurrent.ThreadPoolExecutor$Worker.run(ThreadPoolExecutor.java:624)
	... 1 more
Caused by: org.apache.ratis.thirdparty.io.netty.channel.AbstractChannel$AnnotatedConnectException: Connection refused: /192.168.157.204:32953
	at sun.nio.ch.SocketChannelImpl.checkConnect(Native Method)
	at sun.nio.ch.SocketChannelImpl.finishConnect(SocketChannelImpl.java:717)
	at org.apache.ratis.thirdparty.io.netty.channel.socket.nio.NioSocketChannel.doFinishConnect(NioSocketChannel.java:327)
	at org.apache.ratis.thirdparty.io.netty.channel.nio.AbstractNioChannel$AbstractNioUnsafe.finishConnect(AbstractNioChannel.java:340)
	at org.apache.ratis.thirdparty.io.netty.channel.nio.NioEventLoop.processSelectedKey(NioEventLoop.java:632)
	at org.apache.ratis.thirdparty.io.netty.channel.nio.NioEventLoop.processSelectedKeysOptimized(NioEventLoop.java:579)
	at org.apache.ratis.thirdparty.io.netty.channel.nio.NioEventLoop.processSelectedKeys(NioEventLoop.java:496)
	at org.apache.ratis.thirdparty.io.netty.channel.nio.NioEventLoop.run(NioEventLoop.java:458)
	at org.apache.ratis.thirdparty.io.netty.util.concurrent.SingleThreadEventExecutor$5.run(SingleThreadEventExecutor.java:897)
	at org.apache.ratis.thirdparty.io.netty.util.concurrent.FastThreadLocalRunnable.run(FastThreadLocalRunnable.java:30)
	... 1 more
Caused by: java.net.ConnectException: Connection refused
	... 11 more
2019-10-20 13:11:20,368 [7660b851-9671-46a6-9e1d-7d946f95d492@group-42C3DBE2B33D-LeaderElection3463] INFO  impl.LeaderElection (LeaderElection.java:logAndReturn(56)) - 7660b851-9671-46a6-9e1d-7d946f95d492@group-42C3DBE2B33D-LeaderElection3463: Election REJECTED; received 0 response(s) [] and 2 exception(s); 7660b851-9671-46a6-9e1d-7d946f95d492@group-42C3DBE2B33D:t185, leader=null, voted=7660b851-9671-46a6-9e1d-7d946f95d492, raftlog=7660b851-9671-46a6-9e1d-7d946f95d492@group-42C3DBE2B33D-SegmentedRaftLog:OPENED:c-1,f-1,i0, conf=-1: [fdf19479-69c2-4639-b68c-6adde78ca28a:192.168.157.204:42858, 1ac0a8d4-e534-43ce-83b1-426d47a3040d:192.168.157.204:32953, 7660b851-9671-46a6-9e1d-7d946f95d492:192.168.157.204:41682], old=null
2019-10-20 13:11:20,368 [7660b851-9671-46a6-9e1d-7d946f95d492@group-42C3DBE2B33D-LeaderElection3463] INFO  impl.LeaderElection (LogUtils.java:infoOrTrace(149)) -   Exception 0: {}
java.util.concurrent.ExecutionException: org.apache.ratis.thirdparty.io.grpc.StatusRuntimeException: UNAVAILABLE: io exception
	at java.util.concurrent.FutureTask.report(FutureTask.java:122)
	at java.util.concurrent.FutureTask.get(FutureTask.java:192)
	at org.apache.ratis.server.impl.LeaderElection.waitForResults(LeaderElection.java:259)
	at org.apache.ratis.server.impl.LeaderElection.askForVotes(LeaderElection.java:197)
	at org.apache.ratis.server.impl.LeaderElection.run(LeaderElection.java:133)
	at java.lang.Thread.run(Thread.java:748)
Caused by: org.apache.ratis.thirdparty.io.grpc.StatusRuntimeException: UNAVAILABLE: io exception
	at org.apache.ratis.thirdparty.io.grpc.stub.ClientCalls.toStatusRuntimeException(ClientCalls.java:233)
	at org.apache.ratis.thirdparty.io.grpc.stub.ClientCalls.getUnchecked(ClientCalls.java:214)
	at org.apache.ratis.thirdparty.io.grpc.stub.ClientCalls.blockingUnaryCall(ClientCalls.java:139)
	at org.apache.ratis.proto.grpc.RaftServerProtocolServiceGrpc$RaftServerProtocolServiceBlockingStub.requestVote(RaftServerProtocolServiceGrpc.java:265)
	at org.apache.ratis.grpc.server.GrpcServerProtocolClient.requestVote(GrpcServerProtocolClient.java:99)
	at org.apache.ratis.grpc.server.GrpcService.requestVote(GrpcService.java:204)
	at org.apache.ratis.server.impl.LeaderElection.lambda$submitRequests$1(LeaderElection.java:234)
	at java.util.concurrent.FutureTask.run(FutureTask.java:266)
	at java.util.concurrent.Executors$RunnableAdapter.call(Executors.java:511)
	at java.util.concurrent.FutureTask.run(FutureTask.java:266)
	at java.util.concurrent.ThreadPoolExecutor.runWorker(ThreadPoolExecutor.java:1149)
	at java.util.concurrent.ThreadPoolExecutor$Worker.run(ThreadPoolExecutor.java:624)
	... 1 more
Caused by: org.apache.ratis.thirdparty.io.netty.channel.AbstractChannel$AnnotatedConnectException: Connection refused: /192.168.157.204:42858
	at sun.nio.ch.SocketChannelImpl.checkConnect(Native Method)
	at sun.nio.ch.SocketChannelImpl.finishConnect(SocketChannelImpl.java:717)
	at org.apache.ratis.thirdparty.io.netty.channel.socket.nio.NioSocketChannel.doFinishConnect(NioSocketChannel.java:327)
	at org.apache.ratis.thirdparty.io.netty.channel.nio.AbstractNioChannel$AbstractNioUnsafe.finishConnect(AbstractNioChannel.java:340)
	at org.apache.ratis.thirdparty.io.netty.channel.nio.NioEventLoop.processSelectedKey(NioEventLoop.java:632)
	at org.apache.ratis.thirdparty.io.netty.channel.nio.NioEventLoop.processSelectedKeysOptimized(NioEventLoop.java:579)
	at org.apache.ratis.thirdparty.io.netty.channel.nio.NioEventLoop.processSelectedKeys(NioEventLoop.java:496)
	at org.apache.ratis.thirdparty.io.netty.channel.nio.NioEventLoop.run(NioEventLoop.java:458)
	at org.apache.ratis.thirdparty.io.netty.util.concurrent.SingleThreadEventExecutor$5.run(SingleThreadEventExecutor.java:897)
	at org.apache.ratis.thirdparty.io.netty.util.concurrent.FastThreadLocalRunnable.run(FastThreadLocalRunnable.java:30)
	... 1 more
Caused by: java.net.ConnectException: Connection refused
	... 11 more
2019-10-20 13:11:20,368 [7660b851-9671-46a6-9e1d-7d946f95d492@group-42C3DBE2B33D-LeaderElection3463] INFO  impl.LeaderElection (LogUtils.java:infoOrTrace(149)) -   Exception 1: {}
java.util.concurrent.ExecutionException: org.apache.ratis.thirdparty.io.grpc.StatusRuntimeException: UNAVAILABLE: io exception
	at java.util.concurrent.FutureTask.report(FutureTask.java:122)
	at java.util.concurrent.FutureTask.get(FutureTask.java:192)
	at org.apache.ratis.server.impl.LeaderElection.waitForResults(LeaderElection.java:259)
	at org.apache.ratis.server.impl.LeaderElection.askForVotes(LeaderElection.java:197)
	at org.apache.ratis.server.impl.LeaderElection.run(LeaderElection.java:133)
	at java.lang.Thread.run(Thread.java:748)
Caused by: org.apache.ratis.thirdparty.io.grpc.StatusRuntimeException: UNAVAILABLE: io exception
	at org.apache.ratis.thirdparty.io.grpc.stub.ClientCalls.toStatusRuntimeException(ClientCalls.java:233)
	at org.apache.ratis.thirdparty.io.grpc.stub.ClientCalls.getUnchecked(ClientCalls.java:214)
	at org.apache.ratis.thirdparty.io.grpc.stub.ClientCalls.blockingUnaryCall(ClientCalls.java:139)
	at org.apache.ratis.proto.grpc.RaftServerProtocolServiceGrpc$RaftServerProtocolServiceBlockingStub.requestVote(RaftServerProtocolServiceGrpc.java:265)
	at org.apache.ratis.grpc.server.GrpcServerProtocolClient.requestVote(GrpcServerProtocolClient.java:99)
	at org.apache.ratis.grpc.server.GrpcService.requestVote(GrpcService.java:204)
	at org.apache.ratis.server.impl.LeaderElection.lambda$submitRequests$1(LeaderElection.java:234)
	at java.util.concurrent.FutureTask.run(FutureTask.java:266)
	at java.util.concurrent.Executors$RunnableAdapter.call(Executors.java:511)
	at java.util.concurrent.FutureTask.run(FutureTask.java:266)
	at java.util.concurrent.ThreadPoolExecutor.runWorker(ThreadPoolExecutor.java:1149)
	at java.util.concurrent.ThreadPoolExecutor$Worker.run(ThreadPoolExecutor.java:624)
	... 1 more
Caused by: org.apache.ratis.thirdparty.io.netty.channel.AbstractChannel$AnnotatedConnectException: Connection refused: /192.168.157.204:32953
	at sun.nio.ch.SocketChannelImpl.checkConnect(Native Method)
	at sun.nio.ch.SocketChannelImpl.finishConnect(SocketChannelImpl.java:717)
	at org.apache.ratis.thirdparty.io.netty.channel.socket.nio.NioSocketChannel.doFinishConnect(NioSocketChannel.java:327)
	at org.apache.ratis.thirdparty.io.netty.channel.nio.AbstractNioChannel$AbstractNioUnsafe.finishConnect(AbstractNioChannel.java:340)
	at org.apache.ratis.thirdparty.io.netty.channel.nio.NioEventLoop.processSelectedKey(NioEventLoop.java:632)
	at org.apache.ratis.thirdparty.io.netty.channel.nio.NioEventLoop.processSelectedKeysOptimized(NioEventLoop.java:579)
	at org.apache.ratis.thirdparty.io.netty.channel.nio.NioEventLoop.processSelectedKeys(NioEventLoop.java:496)
	at org.apache.ratis.thirdparty.io.netty.channel.nio.NioEventLoop.run(NioEventLoop.java:458)
	at org.apache.ratis.thirdparty.io.netty.util.concurrent.SingleThreadEventExecutor$5.run(SingleThreadEventExecutor.java:897)
	at org.apache.ratis.thirdparty.io.netty.util.concurrent.FastThreadLocalRunnable.run(FastThreadLocalRunnable.java:30)
	... 1 more
Caused by: java.net.ConnectException: Connection refused
	... 11 more
2019-10-20 13:11:20,369 [7660b851-9671-46a6-9e1d-7d946f95d492@group-42C3DBE2B33D-LeaderElection3463] INFO  impl.RaftServerImpl (RaftServerImpl.java:setRole(184)) - 7660b851-9671-46a6-9e1d-7d946f95d492@group-42C3DBE2B33D: changes role from CANDIDATE to FOLLOWER at term 185 for DISCOVERED_A_NEW_TERM
2019-10-20 13:11:20,369 [7660b851-9671-46a6-9e1d-7d946f95d492@group-42C3DBE2B33D-LeaderElection3463] INFO  impl.RoleInfo (RoleInfo.java:shutdownLeaderElection(134)) - 7660b851-9671-46a6-9e1d-7d946f95d492: shutdown LeaderElection
2019-10-20 13:11:20,369 [7660b851-9671-46a6-9e1d-7d946f95d492@group-42C3DBE2B33D-LeaderElection3463] INFO  impl.RoleInfo (RoleInfo.java:updateAndGet(143)) - 7660b851-9671-46a6-9e1d-7d946f95d492: start FollowerState
2019-10-20 13:11:20,402 [Datanode State Machine Thread - 0] INFO  statemachine.DatanodeStateMachine (DatanodeStateMachine.java:lambda$startDaemon$0(350)) - Ozone container server started.
2019-10-20 13:11:20,473 [Thread-25812] INFO  impl.FollowerState (FollowerState.java:run(108)) - 7660b851-9671-46a6-9e1d-7d946f95d492@group-42C3DBE2B33D-FollowerState: change to CANDIDATE, lastRpcTime:104ms, electionTimeout:104ms
2019-10-20 13:11:20,473 [Thread-25812] INFO  impl.RoleInfo (RoleInfo.java:shutdownFollowerState(121)) - 7660b851-9671-46a6-9e1d-7d946f95d492: shutdown FollowerState
2019-10-20 13:11:20,474 [Thread-25812] INFO  impl.RaftServerImpl (RaftServerImpl.java:setRole(184)) - 7660b851-9671-46a6-9e1d-7d946f95d492@group-42C3DBE2B33D: changes role from  FOLLOWER to CANDIDATE at term 185 for changeToCandidate
2019-10-20 13:11:20,474 [Thread-25812] INFO  impl.RoleInfo (RoleInfo.java:updateAndGet(143)) - 7660b851-9671-46a6-9e1d-7d946f95d492: start LeaderElection
2019-10-20 13:11:20,487 [7660b851-9671-46a6-9e1d-7d946f95d492@group-42C3DBE2B33D-LeaderElection3464] INFO  impl.LeaderElection (LeaderElection.java:askForVotes(178)) - 7660b851-9671-46a6-9e1d-7d946f95d492@group-42C3DBE2B33D-LeaderElection3464: begin an election at term 186 for -1: [fdf19479-69c2-4639-b68c-6adde78ca28a:192.168.157.204:42858, 1ac0a8d4-e534-43ce-83b1-426d47a3040d:192.168.157.204:32953, 7660b851-9671-46a6-9e1d-7d946f95d492:192.168.157.204:41682], old=null
2019-10-20 13:11:20,488 [7660b851-9671-46a6-9e1d-7d946f95d492@group-42C3DBE2B33D-LeaderElection3464] INFO  impl.LeaderElection (LogUtils.java:infoOrTrace(149)) - 7660b851-9671-46a6-9e1d-7d946f95d492@group-42C3DBE2B33D-LeaderElection3464 got exception when requesting votes: {}
java.util.concurrent.ExecutionException: org.apache.ratis.thirdparty.io.grpc.StatusRuntimeException: UNAVAILABLE: io exception
	at java.util.concurrent.FutureTask.report(FutureTask.java:122)
	at java.util.concurrent.FutureTask.get(FutureTask.java:192)
	at org.apache.ratis.server.impl.LeaderElection.waitForResults(LeaderElection.java:259)
	at org.apache.ratis.server.impl.LeaderElection.askForVotes(LeaderElection.java:197)
	at org.apache.ratis.server.impl.LeaderElection.run(LeaderElection.java:133)
	at java.lang.Thread.run(Thread.java:748)
Caused by: org.apache.ratis.thirdparty.io.grpc.StatusRuntimeException: UNAVAILABLE: io exception
	at org.apache.ratis.thirdparty.io.grpc.stub.ClientCalls.toStatusRuntimeException(ClientCalls.java:233)
	at org.apache.ratis.thirdparty.io.grpc.stub.ClientCalls.getUnchecked(ClientCalls.java:214)
	at org.apache.ratis.thirdparty.io.grpc.stub.ClientCalls.blockingUnaryCall(ClientCalls.java:139)
	at org.apache.ratis.proto.grpc.RaftServerProtocolServiceGrpc$RaftServerProtocolServiceBlockingStub.requestVote(RaftServerProtocolServiceGrpc.java:265)
	at org.apache.ratis.grpc.server.GrpcServerProtocolClient.requestVote(GrpcServerProtocolClient.java:99)
	at org.apache.ratis.grpc.server.GrpcService.requestVote(GrpcService.java:204)
	at org.apache.ratis.server.impl.LeaderElection.lambda$submitRequests$1(LeaderElection.java:234)
	at java.util.concurrent.FutureTask.run(FutureTask.java:266)
	at java.util.concurrent.Executors$RunnableAdapter.call(Executors.java:511)
	at java.util.concurrent.FutureTask.run(FutureTask.java:266)
	at java.util.concurrent.ThreadPoolExecutor.runWorker(ThreadPoolExecutor.java:1149)
	at java.util.concurrent.ThreadPoolExecutor$Worker.run(ThreadPoolExecutor.java:624)
	... 1 more
Caused by: org.apache.ratis.thirdparty.io.netty.channel.AbstractChannel$AnnotatedConnectException: Connection refused: /192.168.157.204:42858
	at sun.nio.ch.SocketChannelImpl.checkConnect(Native Method)
	at sun.nio.ch.SocketChannelImpl.finishConnect(SocketChannelImpl.java:717)
	at org.apache.ratis.thirdparty.io.netty.channel.socket.nio.NioSocketChannel.doFinishConnect(NioSocketChannel.java:327)
	at org.apache.ratis.thirdparty.io.netty.channel.nio.AbstractNioChannel$AbstractNioUnsafe.finishConnect(AbstractNioChannel.java:340)
	at org.apache.ratis.thirdparty.io.netty.channel.nio.NioEventLoop.processSelectedKey(NioEventLoop.java:632)
	at org.apache.ratis.thirdparty.io.netty.channel.nio.NioEventLoop.processSelectedKeysOptimized(NioEventLoop.java:579)
	at org.apache.ratis.thirdparty.io.netty.channel.nio.NioEventLoop.processSelectedKeys(NioEventLoop.java:496)
	at org.apache.ratis.thirdparty.io.netty.channel.nio.NioEventLoop.run(NioEventLoop.java:458)
	at org.apache.ratis.thirdparty.io.netty.util.concurrent.SingleThreadEventExecutor$5.run(SingleThreadEventExecutor.java:897)
	at org.apache.ratis.thirdparty.io.netty.util.concurrent.FastThreadLocalRunnable.run(FastThreadLocalRunnable.java:30)
	... 1 more
Caused by: java.net.ConnectException: Connection refused
	... 11 more
2019-10-20 13:11:20,489 [7660b851-9671-46a6-9e1d-7d946f95d492@group-42C3DBE2B33D-LeaderElection3464] INFO  impl.LeaderElection (LogUtils.java:infoOrTrace(149)) - 7660b851-9671-46a6-9e1d-7d946f95d492@group-42C3DBE2B33D-LeaderElection3464 got exception when requesting votes: {}
java.util.concurrent.ExecutionException: org.apache.ratis.thirdparty.io.grpc.StatusRuntimeException: UNAVAILABLE: io exception
	at java.util.concurrent.FutureTask.report(FutureTask.java:122)
	at java.util.concurrent.FutureTask.get(FutureTask.java:192)
	at org.apache.ratis.server.impl.LeaderElection.waitForResults(LeaderElection.java:259)
	at org.apache.ratis.server.impl.LeaderElection.askForVotes(LeaderElection.java:197)
	at org.apache.ratis.server.impl.LeaderElection.run(LeaderElection.java:133)
	at java.lang.Thread.run(Thread.java:748)
Caused by: org.apache.ratis.thirdparty.io.grpc.StatusRuntimeException: UNAVAILABLE: io exception
	at org.apache.ratis.thirdparty.io.grpc.stub.ClientCalls.toStatusRuntimeException(ClientCalls.java:233)
	at org.apache.ratis.thirdparty.io.grpc.stub.ClientCalls.getUnchecked(ClientCalls.java:214)
	at org.apache.ratis.thirdparty.io.grpc.stub.ClientCalls.blockingUnaryCall(ClientCalls.java:139)
	at org.apache.ratis.proto.grpc.RaftServerProtocolServiceGrpc$RaftServerProtocolServiceBlockingStub.requestVote(RaftServerProtocolServiceGrpc.java:265)
	at org.apache.ratis.grpc.server.GrpcServerProtocolClient.requestVote(GrpcServerProtocolClient.java:99)
	at org.apache.ratis.grpc.server.GrpcService.requestVote(GrpcService.java:204)
	at org.apache.ratis.server.impl.LeaderElection.lambda$submitRequests$1(LeaderElection.java:234)
	at java.util.concurrent.FutureTask.run(FutureTask.java:266)
	at java.util.concurrent.Executors$RunnableAdapter.call(Executors.java:511)
	at java.util.concurrent.FutureTask.run(FutureTask.java:266)
	at java.util.concurrent.ThreadPoolExecutor.runWorker(ThreadPoolExecutor.java:1149)
	at java.util.concurrent.ThreadPoolExecutor$Worker.run(ThreadPoolExecutor.java:624)
	... 1 more
Caused by: org.apache.ratis.thirdparty.io.netty.channel.AbstractChannel$AnnotatedConnectException: Connection refused: /192.168.157.204:32953
	at sun.nio.ch.SocketChannelImpl.checkConnect(Native Method)
	at sun.nio.ch.SocketChannelImpl.finishConnect(SocketChannelImpl.java:717)
	at org.apache.ratis.thirdparty.io.netty.channel.socket.nio.NioSocketChannel.doFinishConnect(NioSocketChannel.java:327)
	at org.apache.ratis.thirdparty.io.netty.channel.nio.AbstractNioChannel$AbstractNioUnsafe.finishConnect(AbstractNioChannel.java:340)
	at org.apache.ratis.thirdparty.io.netty.channel.nio.NioEventLoop.processSelectedKey(NioEventLoop.java:632)
	at org.apache.ratis.thirdparty.io.netty.channel.nio.NioEventLoop.processSelectedKeysOptimized(NioEventLoop.java:579)
	at org.apache.ratis.thirdparty.io.netty.channel.nio.NioEventLoop.processSelectedKeys(NioEventLoop.java:496)
	at org.apache.ratis.thirdparty.io.netty.channel.nio.NioEventLoop.run(NioEventLoop.java:458)
	at org.apache.ratis.thirdparty.io.netty.util.concurrent.SingleThreadEventExecutor$5.run(SingleThreadEventExecutor.java:897)
	at org.apache.ratis.thirdparty.io.netty.util.concurrent.FastThreadLocalRunnable.run(FastThreadLocalRunnable.java:30)
	... 1 more
Caused by: java.net.ConnectException: Connection refused
	... 11 more
2019-10-20 13:11:20,489 [7660b851-9671-46a6-9e1d-7d946f95d492@group-42C3DBE2B33D-LeaderElection3464] INFO  impl.LeaderElection (LeaderElection.java:logAndReturn(56)) - 7660b851-9671-46a6-9e1d-7d946f95d492@group-42C3DBE2B33D-LeaderElection3464: Election REJECTED; received 0 response(s) [] and 2 exception(s); 7660b851-9671-46a6-9e1d-7d946f95d492@group-42C3DBE2B33D:t186, leader=null, voted=7660b851-9671-46a6-9e1d-7d946f95d492, raftlog=7660b851-9671-46a6-9e1d-7d946f95d492@group-42C3DBE2B33D-SegmentedRaftLog:OPENED:c-1,f-1,i0, conf=-1: [fdf19479-69c2-4639-b68c-6adde78ca28a:192.168.157.204:42858, 1ac0a8d4-e534-43ce-83b1-426d47a3040d:192.168.157.204:32953, 7660b851-9671-46a6-9e1d-7d946f95d492:192.168.157.204:41682], old=null
2019-10-20 13:11:20,489 [7660b851-9671-46a6-9e1d-7d946f95d492@group-42C3DBE2B33D-LeaderElection3464] INFO  impl.LeaderElection (LogUtils.java:infoOrTrace(149)) -   Exception 0: {}
java.util.concurrent.ExecutionException: org.apache.ratis.thirdparty.io.grpc.StatusRuntimeException: UNAVAILABLE: io exception
	at java.util.concurrent.FutureTask.report(FutureTask.java:122)
	at java.util.concurrent.FutureTask.get(FutureTask.java:192)
	at org.apache.ratis.server.impl.LeaderElection.waitForResults(LeaderElection.java:259)
	at org.apache.ratis.server.impl.LeaderElection.askForVotes(LeaderElection.java:197)
	at org.apache.ratis.server.impl.LeaderElection.run(LeaderElection.java:133)
	at java.lang.Thread.run(Thread.java:748)
Caused by: org.apache.ratis.thirdparty.io.grpc.StatusRuntimeException: UNAVAILABLE: io exception
	at org.apache.ratis.thirdparty.io.grpc.stub.ClientCalls.toStatusRuntimeException(ClientCalls.java:233)
	at org.apache.ratis.thirdparty.io.grpc.stub.ClientCalls.getUnchecked(ClientCalls.java:214)
	at org.apache.ratis.thirdparty.io.grpc.stub.ClientCalls.blockingUnaryCall(ClientCalls.java:139)
	at org.apache.ratis.proto.grpc.RaftServerProtocolServiceGrpc$RaftServerProtocolServiceBlockingStub.requestVote(RaftServerProtocolServiceGrpc.java:265)
	at org.apache.ratis.grpc.server.GrpcServerProtocolClient.requestVote(GrpcServerProtocolClient.java:99)
	at org.apache.ratis.grpc.server.GrpcService.requestVote(GrpcService.java:204)
	at org.apache.ratis.server.impl.LeaderElection.lambda$submitRequests$1(LeaderElection.java:234)
	at java.util.concurrent.FutureTask.run(FutureTask.java:266)
	at java.util.concurrent.Executors$RunnableAdapter.call(Executors.java:511)
	at java.util.concurrent.FutureTask.run(FutureTask.java:266)
	at java.util.concurrent.ThreadPoolExecutor.runWorker(ThreadPoolExecutor.java:1149)
	at java.util.concurrent.ThreadPoolExecutor$Worker.run(ThreadPoolExecutor.java:624)
	... 1 more
Caused by: org.apache.ratis.thirdparty.io.netty.channel.AbstractChannel$AnnotatedConnectException: Connection refused: /192.168.157.204:42858
	at sun.nio.ch.SocketChannelImpl.checkConnect(Native Method)
	at sun.nio.ch.SocketChannelImpl.finishConnect(SocketChannelImpl.java:717)
	at org.apache.ratis.thirdparty.io.netty.channel.socket.nio.NioSocketChannel.doFinishConnect(NioSocketChannel.java:327)
	at org.apache.ratis.thirdparty.io.netty.channel.nio.AbstractNioChannel$AbstractNioUnsafe.finishConnect(AbstractNioChannel.java:340)
	at org.apache.ratis.thirdparty.io.netty.channel.nio.NioEventLoop.processSelectedKey(NioEventLoop.java:632)
	at org.apache.ratis.thirdparty.io.netty.channel.nio.NioEventLoop.processSelectedKeysOptimized(NioEventLoop.java:579)
	at org.apache.ratis.thirdparty.io.netty.channel.nio.NioEventLoop.processSelectedKeys(NioEventLoop.java:496)
	at org.apache.ratis.thirdparty.io.netty.channel.nio.NioEventLoop.run(NioEventLoop.java:458)
	at org.apache.ratis.thirdparty.io.netty.util.concurrent.SingleThreadEventExecutor$5.run(SingleThreadEventExecutor.java:897)
	at org.apache.ratis.thirdparty.io.netty.util.concurrent.FastThreadLocalRunnable.run(FastThreadLocalRunnable.java:30)
	... 1 more
Caused by: java.net.ConnectException: Connection refused
	... 11 more
2019-10-20 13:11:20,489 [7660b851-9671-46a6-9e1d-7d946f95d492@group-42C3DBE2B33D-LeaderElection3464] INFO  impl.LeaderElection (LogUtils.java:infoOrTrace(149)) -   Exception 1: {}
java.util.concurrent.ExecutionException: org.apache.ratis.thirdparty.io.grpc.StatusRuntimeException: UNAVAILABLE: io exception
	at java.util.concurrent.FutureTask.report(FutureTask.java:122)
	at java.util.concurrent.FutureTask.get(FutureTask.java:192)
	at org.apache.ratis.server.impl.LeaderElection.waitForResults(LeaderElection.java:259)
	at org.apache.ratis.server.impl.LeaderElection.askForVotes(LeaderElection.java:197)
	at org.apache.ratis.server.impl.LeaderElection.run(LeaderElection.java:133)
	at java.lang.Thread.run(Thread.java:748)
Caused by: org.apache.ratis.thirdparty.io.grpc.StatusRuntimeException: UNAVAILABLE: io exception
	at org.apache.ratis.thirdparty.io.grpc.stub.ClientCalls.toStatusRuntimeException(ClientCalls.java:233)
	at org.apache.ratis.thirdparty.io.grpc.stub.ClientCalls.getUnchecked(ClientCalls.java:214)
	at org.apache.ratis.thirdparty.io.grpc.stub.ClientCalls.blockingUnaryCall(ClientCalls.java:139)
	at org.apache.ratis.proto.grpc.RaftServerProtocolServiceGrpc$RaftServerProtocolServiceBlockingStub.requestVote(RaftServerProtocolServiceGrpc.java:265)
	at org.apache.ratis.grpc.server.GrpcServerProtocolClient.requestVote(GrpcServerProtocolClient.java:99)
	at org.apache.ratis.grpc.server.GrpcService.requestVote(GrpcService.java:204)
	at org.apache.ratis.server.impl.LeaderElection.lambda$submitRequests$1(LeaderElection.java:234)
	at java.util.concurrent.FutureTask.run(FutureTask.java:266)
	at java.util.concurrent.Executors$RunnableAdapter.call(Executors.java:511)
	at java.util.concurrent.FutureTask.run(FutureTask.java:266)
	at java.util.concurrent.ThreadPoolExecutor.runWorker(ThreadPoolExecutor.java:1149)
	at java.util.concurrent.ThreadPoolExecutor$Worker.run(ThreadPoolExecutor.java:624)
	... 1 more
Caused by: org.apache.ratis.thirdparty.io.netty.channel.AbstractChannel$AnnotatedConnectException: Connection refused: /192.168.157.204:32953
	at sun.nio.ch.SocketChannelImpl.checkConnect(Native Method)
	at sun.nio.ch.SocketChannelImpl.finishConnect(SocketChannelImpl.java:717)
	at org.apache.ratis.thirdparty.io.netty.channel.socket.nio.NioSocketChannel.doFinishConnect(NioSocketChannel.java:327)
	at org.apache.ratis.thirdparty.io.netty.channel.nio.AbstractNioChannel$AbstractNioUnsafe.finishConnect(AbstractNioChannel.java:340)
	at org.apache.ratis.thirdparty.io.netty.channel.nio.NioEventLoop.processSelectedKey(NioEventLoop.java:632)
	at org.apache.ratis.thirdparty.io.netty.channel.nio.NioEventLoop.processSelectedKeysOptimized(NioEventLoop.java:579)
	at org.apache.ratis.thirdparty.io.netty.channel.nio.NioEventLoop.processSelectedKeys(NioEventLoop.java:496)
	at org.apache.ratis.thirdparty.io.netty.channel.nio.NioEventLoop.run(NioEventLoop.java:458)
	at org.apache.ratis.thirdparty.io.netty.util.concurrent.SingleThreadEventExecutor$5.run(SingleThreadEventExecutor.java:897)
	at org.apache.ratis.thirdparty.io.netty.util.concurrent.FastThreadLocalRunnable.run(FastThreadLocalRunnable.java:30)
	... 1 more
Caused by: java.net.ConnectException: Connection refused
	... 11 more
2019-10-20 13:11:20,490 [7660b851-9671-46a6-9e1d-7d946f95d492@group-42C3DBE2B33D-LeaderElection3464] INFO  impl.RaftServerImpl (RaftServerImpl.java:setRole(184)) - 7660b851-9671-46a6-9e1d-7d946f95d492@group-42C3DBE2B33D: changes role from CANDIDATE to FOLLOWER at term 186 for DISCOVERED_A_NEW_TERM
2019-10-20 13:11:20,490 [7660b851-9671-46a6-9e1d-7d946f95d492@group-42C3DBE2B33D-LeaderElection3464] INFO  impl.RoleInfo (RoleInfo.java:shutdownLeaderElection(134)) - 7660b851-9671-46a6-9e1d-7d946f95d492: shutdown LeaderElection
2019-10-20 13:11:20,490 [7660b851-9671-46a6-9e1d-7d946f95d492@group-42C3DBE2B33D-LeaderElection3464] INFO  impl.RoleInfo (RoleInfo.java:updateAndGet(143)) - 7660b851-9671-46a6-9e1d-7d946f95d492: start FollowerState
2019-10-20 13:11:20,549 [Thread-25816] INFO  impl.FollowerState (FollowerState.java:run(108)) - 7660b851-9671-46a6-9e1d-7d946f95d492@group-42C3DBE2B33D-FollowerState: change to CANDIDATE, lastRpcTime:59ms, electionTimeout:59ms
2019-10-20 13:11:20,549 [Thread-25816] INFO  impl.RoleInfo (RoleInfo.java:shutdownFollowerState(121)) - 7660b851-9671-46a6-9e1d-7d946f95d492: shutdown FollowerState
2019-10-20 13:11:20,549 [Thread-25816] INFO  impl.RaftServerImpl (RaftServerImpl.java:setRole(184)) - 7660b851-9671-46a6-9e1d-7d946f95d492@group-42C3DBE2B33D: changes role from  FOLLOWER to CANDIDATE at term 186 for changeToCandidate
2019-10-20 13:11:20,549 [Thread-25816] INFO  impl.RoleInfo (RoleInfo.java:updateAndGet(143)) - 7660b851-9671-46a6-9e1d-7d946f95d492: start LeaderElection
2019-10-20 13:11:20,563 [7660b851-9671-46a6-9e1d-7d946f95d492@group-42C3DBE2B33D-LeaderElection3465] INFO  impl.LeaderElection (LeaderElection.java:askForVotes(178)) - 7660b851-9671-46a6-9e1d-7d946f95d492@group-42C3DBE2B33D-LeaderElection3465: begin an election at term 187 for -1: [fdf19479-69c2-4639-b68c-6adde78ca28a:192.168.157.204:42858, 1ac0a8d4-e534-43ce-83b1-426d47a3040d:192.168.157.204:32953, 7660b851-9671-46a6-9e1d-7d946f95d492:192.168.157.204:41682], old=null
2019-10-20 13:11:20,564 [7660b851-9671-46a6-9e1d-7d946f95d492@group-42C3DBE2B33D-LeaderElection3465] INFO  impl.LeaderElection (LogUtils.java:infoOrTrace(149)) - 7660b851-9671-46a6-9e1d-7d946f95d492@group-42C3DBE2B33D-LeaderElection3465 got exception when requesting votes: {}
java.util.concurrent.ExecutionException: org.apache.ratis.thirdparty.io.grpc.StatusRuntimeException: UNAVAILABLE: io exception
	at java.util.concurrent.FutureTask.report(FutureTask.java:122)
	at java.util.concurrent.FutureTask.get(FutureTask.java:192)
	at org.apache.ratis.server.impl.LeaderElection.waitForResults(LeaderElection.java:259)
	at org.apache.ratis.server.impl.LeaderElection.askForVotes(LeaderElection.java:197)
	at org.apache.ratis.server.impl.LeaderElection.run(LeaderElection.java:133)
	at java.lang.Thread.run(Thread.java:748)
Caused by: org.apache.ratis.thirdparty.io.grpc.StatusRuntimeException: UNAVAILABLE: io exception
	at org.apache.ratis.thirdparty.io.grpc.stub.ClientCalls.toStatusRuntimeException(ClientCalls.java:233)
	at org.apache.ratis.thirdparty.io.grpc.stub.ClientCalls.getUnchecked(ClientCalls.java:214)
	at org.apache.ratis.thirdparty.io.grpc.stub.ClientCalls.blockingUnaryCall(ClientCalls.java:139)
	at org.apache.ratis.proto.grpc.RaftServerProtocolServiceGrpc$RaftServerProtocolServiceBlockingStub.requestVote(RaftServerProtocolServiceGrpc.java:265)
	at org.apache.ratis.grpc.server.GrpcServerProtocolClient.requestVote(GrpcServerProtocolClient.java:99)
	at org.apache.ratis.grpc.server.GrpcService.requestVote(GrpcService.java:204)
	at org.apache.ratis.server.impl.LeaderElection.lambda$submitRequests$1(LeaderElection.java:234)
	at java.util.concurrent.FutureTask.run(FutureTask.java:266)
	at java.util.concurrent.Executors$RunnableAdapter.call(Executors.java:511)
	at java.util.concurrent.FutureTask.run(FutureTask.java:266)
	at java.util.concurrent.ThreadPoolExecutor.runWorker(ThreadPoolExecutor.java:1149)
	at java.util.concurrent.ThreadPoolExecutor$Worker.run(ThreadPoolExecutor.java:624)
	... 1 more
Caused by: org.apache.ratis.thirdparty.io.netty.channel.AbstractChannel$AnnotatedConnectException: Connection refused: /192.168.157.204:42858
	at sun.nio.ch.SocketChannelImpl.checkConnect(Native Method)
	at sun.nio.ch.SocketChannelImpl.finishConnect(SocketChannelImpl.java:717)
	at org.apache.ratis.thirdparty.io.netty.channel.socket.nio.NioSocketChannel.doFinishConnect(NioSocketChannel.java:327)
	at org.apache.ratis.thirdparty.io.netty.channel.nio.AbstractNioChannel$AbstractNioUnsafe.finishConnect(AbstractNioChannel.java:340)
	at org.apache.ratis.thirdparty.io.netty.channel.nio.NioEventLoop.processSelectedKey(NioEventLoop.java:632)
	at org.apache.ratis.thirdparty.io.netty.channel.nio.NioEventLoop.processSelectedKeysOptimized(NioEventLoop.java:579)
	at org.apache.ratis.thirdparty.io.netty.channel.nio.NioEventLoop.processSelectedKeys(NioEventLoop.java:496)
	at org.apache.ratis.thirdparty.io.netty.channel.nio.NioEventLoop.run(NioEventLoop.java:458)
	at org.apache.ratis.thirdparty.io.netty.util.concurrent.SingleThreadEventExecutor$5.run(SingleThreadEventExecutor.java:897)
	at org.apache.ratis.thirdparty.io.netty.util.concurrent.FastThreadLocalRunnable.run(FastThreadLocalRunnable.java:30)
	... 1 more
Caused by: java.net.ConnectException: Connection refused
	... 11 more
2019-10-20 13:11:20,564 [7660b851-9671-46a6-9e1d-7d946f95d492@group-42C3DBE2B33D-LeaderElection3465] INFO  impl.LeaderElection (LogUtils.java:infoOrTrace(149)) - 7660b851-9671-46a6-9e1d-7d946f95d492@group-42C3DBE2B33D-LeaderElection3465 got exception when requesting votes: {}
java.util.concurrent.ExecutionException: org.apache.ratis.thirdparty.io.grpc.StatusRuntimeException: UNAVAILABLE: io exception
	at java.util.concurrent.FutureTask.report(FutureTask.java:122)
	at java.util.concurrent.FutureTask.get(FutureTask.java:192)
	at org.apache.ratis.server.impl.LeaderElection.waitForResults(LeaderElection.java:259)
	at org.apache.ratis.server.impl.LeaderElection.askForVotes(LeaderElection.java:197)
	at org.apache.ratis.server.impl.LeaderElection.run(LeaderElection.java:133)
	at java.lang.Thread.run(Thread.java:748)
Caused by: org.apache.ratis.thirdparty.io.grpc.StatusRuntimeException: UNAVAILABLE: io exception
	at org.apache.ratis.thirdparty.io.grpc.stub.ClientCalls.toStatusRuntimeException(ClientCalls.java:233)
	at org.apache.ratis.thirdparty.io.grpc.stub.ClientCalls.getUnchecked(ClientCalls.java:214)
	at org.apache.ratis.thirdparty.io.grpc.stub.ClientCalls.blockingUnaryCall(ClientCalls.java:139)
	at org.apache.ratis.proto.grpc.RaftServerProtocolServiceGrpc$RaftServerProtocolServiceBlockingStub.requestVote(RaftServerProtocolServiceGrpc.java:265)
	at org.apache.ratis.grpc.server.GrpcServerProtocolClient.requestVote(GrpcServerProtocolClient.java:99)
	at org.apache.ratis.grpc.server.GrpcService.requestVote(GrpcService.java:204)
	at org.apache.ratis.server.impl.LeaderElection.lambda$submitRequests$1(LeaderElection.java:234)
	at java.util.concurrent.FutureTask.run(FutureTask.java:266)
	at java.util.concurrent.Executors$RunnableAdapter.call(Executors.java:511)
	at java.util.concurrent.FutureTask.run(FutureTask.java:266)
	at java.util.concurrent.ThreadPoolExecutor.runWorker(ThreadPoolExecutor.java:1149)
	at java.util.concurrent.ThreadPoolExecutor$Worker.run(ThreadPoolExecutor.java:624)
	... 1 more
Caused by: org.apache.ratis.thirdparty.io.netty.channel.AbstractChannel$AnnotatedConnectException: Connection refused: /192.168.157.204:32953
	at sun.nio.ch.SocketChannelImpl.checkConnect(Native Method)
	at sun.nio.ch.SocketChannelImpl.finishConnect(SocketChannelImpl.java:717)
	at org.apache.ratis.thirdparty.io.netty.channel.socket.nio.NioSocketChannel.doFinishConnect(NioSocketChannel.java:327)
	at org.apache.ratis.thirdparty.io.netty.channel.nio.AbstractNioChannel$AbstractNioUnsafe.finishConnect(AbstractNioChannel.java:340)
	at org.apache.ratis.thirdparty.io.netty.channel.nio.NioEventLoop.processSelectedKey(NioEventLoop.java:632)
	at org.apache.ratis.thirdparty.io.netty.channel.nio.NioEventLoop.processSelectedKeysOptimized(NioEventLoop.java:579)
	at org.apache.ratis.thirdparty.io.netty.channel.nio.NioEventLoop.processSelectedKeys(NioEventLoop.java:496)
	at org.apache.ratis.thirdparty.io.netty.channel.nio.NioEventLoop.run(NioEventLoop.java:458)
	at org.apache.ratis.thirdparty.io.netty.util.concurrent.SingleThreadEventExecutor$5.run(SingleThreadEventExecutor.java:897)
	at org.apache.ratis.thirdparty.io.netty.util.concurrent.FastThreadLocalRunnable.run(FastThreadLocalRunnable.java:30)
	... 1 more
Caused by: java.net.ConnectException: Connection refused
	... 11 more
2019-10-20 13:11:20,565 [7660b851-9671-46a6-9e1d-7d946f95d492@group-42C3DBE2B33D-LeaderElection3465] INFO  impl.LeaderElection (LeaderElection.java:logAndReturn(56)) - 7660b851-9671-46a6-9e1d-7d946f95d492@group-42C3DBE2B33D-LeaderElection3465: Election REJECTED; received 0 response(s) [] and 2 exception(s); 7660b851-9671-46a6-9e1d-7d946f95d492@group-42C3DBE2B33D:t187, leader=null, voted=7660b851-9671-46a6-9e1d-7d946f95d492, raftlog=7660b851-9671-46a6-9e1d-7d946f95d492@group-42C3DBE2B33D-SegmentedRaftLog:OPENED:c-1,f-1,i0, conf=-1: [fdf19479-69c2-4639-b68c-6adde78ca28a:192.168.157.204:42858, 1ac0a8d4-e534-43ce-83b1-426d47a3040d:192.168.157.204:32953, 7660b851-9671-46a6-9e1d-7d946f95d492:192.168.157.204:41682], old=null
2019-10-20 13:11:20,565 [7660b851-9671-46a6-9e1d-7d946f95d492@group-42C3DBE2B33D-LeaderElection3465] INFO  impl.LeaderElection (LogUtils.java:infoOrTrace(149)) -   Exception 0: {}
java.util.concurrent.ExecutionException: org.apache.ratis.thirdparty.io.grpc.StatusRuntimeException: UNAVAILABLE: io exception
	at java.util.concurrent.FutureTask.report(FutureTask.java:122)
	at java.util.concurrent.FutureTask.get(FutureTask.java:192)
	at org.apache.ratis.server.impl.LeaderElection.waitForResults(LeaderElection.java:259)
	at org.apache.ratis.server.impl.LeaderElection.askForVotes(LeaderElection.java:197)
	at org.apache.ratis.server.impl.LeaderElection.run(LeaderElection.java:133)
	at java.lang.Thread.run(Thread.java:748)
Caused by: org.apache.ratis.thirdparty.io.grpc.StatusRuntimeException: UNAVAILABLE: io exception
	at org.apache.ratis.thirdparty.io.grpc.stub.ClientCalls.toStatusRuntimeException(ClientCalls.java:233)
	at org.apache.ratis.thirdparty.io.grpc.stub.ClientCalls.getUnchecked(ClientCalls.java:214)
	at org.apache.ratis.thirdparty.io.grpc.stub.ClientCalls.blockingUnaryCall(ClientCalls.java:139)
	at org.apache.ratis.proto.grpc.RaftServerProtocolServiceGrpc$RaftServerProtocolServiceBlockingStub.requestVote(RaftServerProtocolServiceGrpc.java:265)
	at org.apache.ratis.grpc.server.GrpcServerProtocolClient.requestVote(GrpcServerProtocolClient.java:99)
	at org.apache.ratis.grpc.server.GrpcService.requestVote(GrpcService.java:204)
	at org.apache.ratis.server.impl.LeaderElection.lambda$submitRequests$1(LeaderElection.java:234)
	at java.util.concurrent.FutureTask.run(FutureTask.java:266)
	at java.util.concurrent.Executors$RunnableAdapter.call(Executors.java:511)
	at java.util.concurrent.FutureTask.run(FutureTask.java:266)
	at java.util.concurrent.ThreadPoolExecutor.runWorker(ThreadPoolExecutor.java:1149)
	at java.util.concurrent.ThreadPoolExecutor$Worker.run(ThreadPoolExecutor.java:624)
	... 1 more
Caused by: org.apache.ratis.thirdparty.io.netty.channel.AbstractChannel$AnnotatedConnectException: Connection refused: /192.168.157.204:42858
	at sun.nio.ch.SocketChannelImpl.checkConnect(Native Method)
	at sun.nio.ch.SocketChannelImpl.finishConnect(SocketChannelImpl.java:717)
	at org.apache.ratis.thirdparty.io.netty.channel.socket.nio.NioSocketChannel.doFinishConnect(NioSocketChannel.java:327)
	at org.apache.ratis.thirdparty.io.netty.channel.nio.AbstractNioChannel$AbstractNioUnsafe.finishConnect(AbstractNioChannel.java:340)
	at org.apache.ratis.thirdparty.io.netty.channel.nio.NioEventLoop.processSelectedKey(NioEventLoop.java:632)
	at org.apache.ratis.thirdparty.io.netty.channel.nio.NioEventLoop.processSelectedKeysOptimized(NioEventLoop.java:579)
	at org.apache.ratis.thirdparty.io.netty.channel.nio.NioEventLoop.processSelectedKeys(NioEventLoop.java:496)
	at org.apache.ratis.thirdparty.io.netty.channel.nio.NioEventLoop.run(NioEventLoop.java:458)
	at org.apache.ratis.thirdparty.io.netty.util.concurrent.SingleThreadEventExecutor$5.run(SingleThreadEventExecutor.java:897)
	at org.apache.ratis.thirdparty.io.netty.util.concurrent.FastThreadLocalRunnable.run(FastThreadLocalRunnable.java:30)
	... 1 more
Caused by: java.net.ConnectException: Connection refused
	... 11 more
2019-10-20 13:11:20,565 [7660b851-9671-46a6-9e1d-7d946f95d492@group-42C3DBE2B33D-LeaderElection3465] INFO  impl.LeaderElection (LogUtils.java:infoOrTrace(149)) -   Exception 1: {}
java.util.concurrent.ExecutionException: org.apache.ratis.thirdparty.io.grpc.StatusRuntimeException: UNAVAILABLE: io exception
	at java.util.concurrent.FutureTask.report(FutureTask.java:122)
	at java.util.concurrent.FutureTask.get(FutureTask.java:192)
	at org.apache.ratis.server.impl.LeaderElection.waitForResults(LeaderElection.java:259)
	at org.apache.ratis.server.impl.LeaderElection.askForVotes(LeaderElection.java:197)
	at org.apache.ratis.server.impl.LeaderElection.run(LeaderElection.java:133)
	at java.lang.Thread.run(Thread.java:748)
Caused by: org.apache.ratis.thirdparty.io.grpc.StatusRuntimeException: UNAVAILABLE: io exception
	at org.apache.ratis.thirdparty.io.grpc.stub.ClientCalls.toStatusRuntimeException(ClientCalls.java:233)
	at org.apache.ratis.thirdparty.io.grpc.stub.ClientCalls.getUnchecked(ClientCalls.java:214)
	at org.apache.ratis.thirdparty.io.grpc.stub.ClientCalls.blockingUnaryCall(ClientCalls.java:139)
	at org.apache.ratis.proto.grpc.RaftServerProtocolServiceGrpc$RaftServerProtocolServiceBlockingStub.requestVote(RaftServerProtocolServiceGrpc.java:265)
	at org.apache.ratis.grpc.server.GrpcServerProtocolClient.requestVote(GrpcServerProtocolClient.java:99)
	at org.apache.ratis.grpc.server.GrpcService.requestVote(GrpcService.java:204)
	at org.apache.ratis.server.impl.LeaderElection.lambda$submitRequests$1(LeaderElection.java:234)
	at java.util.concurrent.FutureTask.run(FutureTask.java:266)
	at java.util.concurrent.Executors$RunnableAdapter.call(Executors.java:511)
	at java.util.concurrent.FutureTask.run(FutureTask.java:266)
	at java.util.concurrent.ThreadPoolExecutor.runWorker(ThreadPoolExecutor.java:1149)
	at java.util.concurrent.ThreadPoolExecutor$Worker.run(ThreadPoolExecutor.java:624)
	... 1 more
Caused by: org.apache.ratis.thirdparty.io.netty.channel.AbstractChannel$AnnotatedConnectException: Connection refused: /192.168.157.204:32953
	at sun.nio.ch.SocketChannelImpl.checkConnect(Native Method)
	at sun.nio.ch.SocketChannelImpl.finishConnect(SocketChannelImpl.java:717)
	at org.apache.ratis.thirdparty.io.netty.channel.socket.nio.NioSocketChannel.doFinishConnect(NioSocketChannel.java:327)
	at org.apache.ratis.thirdparty.io.netty.channel.nio.AbstractNioChannel$AbstractNioUnsafe.finishConnect(AbstractNioChannel.java:340)
	at org.apache.ratis.thirdparty.io.netty.channel.nio.NioEventLoop.processSelectedKey(NioEventLoop.java:632)
	at org.apache.ratis.thirdparty.io.netty.channel.nio.NioEventLoop.processSelectedKeysOptimized(NioEventLoop.java:579)
	at org.apache.ratis.thirdparty.io.netty.channel.nio.NioEventLoop.processSelectedKeys(NioEventLoop.java:496)
	at org.apache.ratis.thirdparty.io.netty.channel.nio.NioEventLoop.run(NioEventLoop.java:458)
	at org.apache.ratis.thirdparty.io.netty.util.concurrent.SingleThreadEventExecutor$5.run(SingleThreadEventExecutor.java:897)
	at org.apache.ratis.thirdparty.io.netty.util.concurrent.FastThreadLocalRunnable.run(FastThreadLocalRunnable.java:30)
	... 1 more
Caused by: java.net.ConnectException: Connection refused
	... 11 more
2019-10-20 13:11:20,565 [7660b851-9671-46a6-9e1d-7d946f95d492@group-42C3DBE2B33D-LeaderElection3465] INFO  impl.RaftServerImpl (RaftServerImpl.java:setRole(184)) - 7660b851-9671-46a6-9e1d-7d946f95d492@group-42C3DBE2B33D: changes role from CANDIDATE to FOLLOWER at term 187 for DISCOVERED_A_NEW_TERM
2019-10-20 13:11:20,565 [7660b851-9671-46a6-9e1d-7d946f95d492@group-42C3DBE2B33D-LeaderElection3465] INFO  impl.RoleInfo (RoleInfo.java:shutdownLeaderElection(134)) - 7660b851-9671-46a6-9e1d-7d946f95d492: shutdown LeaderElection
2019-10-20 13:11:20,566 [7660b851-9671-46a6-9e1d-7d946f95d492@group-42C3DBE2B33D-LeaderElection3465] INFO  impl.RoleInfo (RoleInfo.java:updateAndGet(143)) - 7660b851-9671-46a6-9e1d-7d946f95d492: start FollowerState
2019-10-20 13:11:20,669 [Thread-25820] INFO  impl.FollowerState (FollowerState.java:run(108)) - 7660b851-9671-46a6-9e1d-7d946f95d492@group-42C3DBE2B33D-FollowerState: change to CANDIDATE, lastRpcTime:103ms, electionTimeout:103ms
2019-10-20 13:11:20,669 [Thread-25820] INFO  impl.RoleInfo (RoleInfo.java:shutdownFollowerState(121)) - 7660b851-9671-46a6-9e1d-7d946f95d492: shutdown FollowerState
2019-10-20 13:11:20,669 [Thread-25820] INFO  impl.RaftServerImpl (RaftServerImpl.java:setRole(184)) - 7660b851-9671-46a6-9e1d-7d946f95d492@group-42C3DBE2B33D: changes role from  FOLLOWER to CANDIDATE at term 187 for changeToCandidate
2019-10-20 13:11:20,669 [Thread-25820] INFO  impl.RoleInfo (RoleInfo.java:updateAndGet(143)) - 7660b851-9671-46a6-9e1d-7d946f95d492: start LeaderElection
2019-10-20 13:11:20,676 [7660b851-9671-46a6-9e1d-7d946f95d492@group-42C3DBE2B33D-LeaderElection3466] INFO  impl.LeaderElection (LeaderElection.java:askForVotes(178)) - 7660b851-9671-46a6-9e1d-7d946f95d492@group-42C3DBE2B33D-LeaderElection3466: begin an election at term 188 for -1: [fdf19479-69c2-4639-b68c-6adde78ca28a:192.168.157.204:42858, 1ac0a8d4-e534-43ce-83b1-426d47a3040d:192.168.157.204:32953, 7660b851-9671-46a6-9e1d-7d946f95d492:192.168.157.204:41682], old=null
2019-10-20 13:11:20,677 [7660b851-9671-46a6-9e1d-7d946f95d492@group-42C3DBE2B33D-LeaderElection3466] INFO  impl.LeaderElection (LogUtils.java:infoOrTrace(149)) - 7660b851-9671-46a6-9e1d-7d946f95d492@group-42C3DBE2B33D-LeaderElection3466 got exception when requesting votes: {}
java.util.concurrent.ExecutionException: org.apache.ratis.thirdparty.io.grpc.StatusRuntimeException: UNAVAILABLE: io exception
	at java.util.concurrent.FutureTask.report(FutureTask.java:122)
	at java.util.concurrent.FutureTask.get(FutureTask.java:192)
	at org.apache.ratis.server.impl.LeaderElection.waitForResults(LeaderElection.java:259)
	at org.apache.ratis.server.impl.LeaderElection.askForVotes(LeaderElection.java:197)
	at org.apache.ratis.server.impl.LeaderElection.run(LeaderElection.java:133)
	at java.lang.Thread.run(Thread.java:748)
Caused by: org.apache.ratis.thirdparty.io.grpc.StatusRuntimeException: UNAVAILABLE: io exception
	at org.apache.ratis.thirdparty.io.grpc.stub.ClientCalls.toStatusRuntimeException(ClientCalls.java:233)
	at org.apache.ratis.thirdparty.io.grpc.stub.ClientCalls.getUnchecked(ClientCalls.java:214)
	at org.apache.ratis.thirdparty.io.grpc.stub.ClientCalls.blockingUnaryCall(ClientCalls.java:139)
	at org.apache.ratis.proto.grpc.RaftServerProtocolServiceGrpc$RaftServerProtocolServiceBlockingStub.requestVote(RaftServerProtocolServiceGrpc.java:265)
	at org.apache.ratis.grpc.server.GrpcServerProtocolClient.requestVote(GrpcServerProtocolClient.java:99)
	at org.apache.ratis.grpc.server.GrpcService.requestVote(GrpcService.java:204)
	at org.apache.ratis.server.impl.LeaderElection.lambda$submitRequests$1(LeaderElection.java:234)
	at java.util.concurrent.FutureTask.run(FutureTask.java:266)
	at java.util.concurrent.Executors$RunnableAdapter.call(Executors.java:511)
	at java.util.concurrent.FutureTask.run(FutureTask.java:266)
	at java.util.concurrent.ThreadPoolExecutor.runWorker(ThreadPoolExecutor.java:1149)
	at java.util.concurrent.ThreadPoolExecutor$Worker.run(ThreadPoolExecutor.java:624)
	... 1 more
Caused by: org.apache.ratis.thirdparty.io.netty.channel.AbstractChannel$AnnotatedConnectException: Connection refused: /192.168.157.204:42858
	at sun.nio.ch.SocketChannelImpl.checkConnect(Native Method)
	at sun.nio.ch.SocketChannelImpl.finishConnect(SocketChannelImpl.java:717)
	at org.apache.ratis.thirdparty.io.netty.channel.socket.nio.NioSocketChannel.doFinishConnect(NioSocketChannel.java:327)
	at org.apache.ratis.thirdparty.io.netty.channel.nio.AbstractNioChannel$AbstractNioUnsafe.finishConnect(AbstractNioChannel.java:340)
	at org.apache.ratis.thirdparty.io.netty.channel.nio.NioEventLoop.processSelectedKey(NioEventLoop.java:632)
	at org.apache.ratis.thirdparty.io.netty.channel.nio.NioEventLoop.processSelectedKeysOptimized(NioEventLoop.java:579)
	at org.apache.ratis.thirdparty.io.netty.channel.nio.NioEventLoop.processSelectedKeys(NioEventLoop.java:496)
	at org.apache.ratis.thirdparty.io.netty.channel.nio.NioEventLoop.run(NioEventLoop.java:458)
	at org.apache.ratis.thirdparty.io.netty.util.concurrent.SingleThreadEventExecutor$5.run(SingleThreadEventExecutor.java:897)
	at org.apache.ratis.thirdparty.io.netty.util.concurrent.FastThreadLocalRunnable.run(FastThreadLocalRunnable.java:30)
	... 1 more
Caused by: java.net.ConnectException: Connection refused
	... 11 more
2019-10-20 13:11:20,677 [7660b851-9671-46a6-9e1d-7d946f95d492@group-42C3DBE2B33D-LeaderElection3466] INFO  impl.LeaderElection (LogUtils.java:infoOrTrace(149)) - 7660b851-9671-46a6-9e1d-7d946f95d492@group-42C3DBE2B33D-LeaderElection3466 got exception when requesting votes: {}
java.util.concurrent.ExecutionException: org.apache.ratis.thirdparty.io.grpc.StatusRuntimeException: UNAVAILABLE: io exception
	at java.util.concurrent.FutureTask.report(FutureTask.java:122)
	at java.util.concurrent.FutureTask.get(FutureTask.java:192)
	at org.apache.ratis.server.impl.LeaderElection.waitForResults(LeaderElection.java:259)
	at org.apache.ratis.server.impl.LeaderElection.askForVotes(LeaderElection.java:197)
	at org.apache.ratis.server.impl.LeaderElection.run(LeaderElection.java:133)
	at java.lang.Thread.run(Thread.java:748)
Caused by: org.apache.ratis.thirdparty.io.grpc.StatusRuntimeException: UNAVAILABLE: io exception
	at org.apache.ratis.thirdparty.io.grpc.stub.ClientCalls.toStatusRuntimeException(ClientCalls.java:233)
	at org.apache.ratis.thirdparty.io.grpc.stub.ClientCalls.getUnchecked(ClientCalls.java:214)
	at org.apache.ratis.thirdparty.io.grpc.stub.ClientCalls.blockingUnaryCall(ClientCalls.java:139)
	at org.apache.ratis.proto.grpc.RaftServerProtocolServiceGrpc$RaftServerProtocolServiceBlockingStub.requestVote(RaftServerProtocolServiceGrpc.java:265)
	at org.apache.ratis.grpc.server.GrpcServerProtocolClient.requestVote(GrpcServerProtocolClient.java:99)
	at org.apache.ratis.grpc.server.GrpcService.requestVote(GrpcService.java:204)
	at org.apache.ratis.server.impl.LeaderElection.lambda$submitRequests$1(LeaderElection.java:234)
	at java.util.concurrent.FutureTask.run(FutureTask.java:266)
	at java.util.concurrent.Executors$RunnableAdapter.call(Executors.java:511)
	at java.util.concurrent.FutureTask.run(FutureTask.java:266)
	at java.util.concurrent.ThreadPoolExecutor.runWorker(ThreadPoolExecutor.java:1149)
	at java.util.concurrent.ThreadPoolExecutor$Worker.run(ThreadPoolExecutor.java:624)
	... 1 more
Caused by: org.apache.ratis.thirdparty.io.netty.channel.AbstractChannel$AnnotatedConnectException: Connection refused: /192.168.157.204:32953
	at sun.nio.ch.SocketChannelImpl.checkConnect(Native Method)
	at sun.nio.ch.SocketChannelImpl.finishConnect(SocketChannelImpl.java:717)
	at org.apache.ratis.thirdparty.io.netty.channel.socket.nio.NioSocketChannel.doFinishConnect(NioSocketChannel.java:327)
	at org.apache.ratis.thirdparty.io.netty.channel.nio.AbstractNioChannel$AbstractNioUnsafe.finishConnect(AbstractNioChannel.java:340)
	at org.apache.ratis.thirdparty.io.netty.channel.nio.NioEventLoop.processSelectedKey(NioEventLoop.java:632)
	at org.apache.ratis.thirdparty.io.netty.channel.nio.NioEventLoop.processSelectedKeysOptimized(NioEventLoop.java:579)
	at org.apache.ratis.thirdparty.io.netty.channel.nio.NioEventLoop.processSelectedKeys(NioEventLoop.java:496)
	at org.apache.ratis.thirdparty.io.netty.channel.nio.NioEventLoop.run(NioEventLoop.java:458)
	at org.apache.ratis.thirdparty.io.netty.util.concurrent.SingleThreadEventExecutor$5.run(SingleThreadEventExecutor.java:897)
	at org.apache.ratis.thirdparty.io.netty.util.concurrent.FastThreadLocalRunnable.run(FastThreadLocalRunnable.java:30)
	... 1 more
Caused by: java.net.ConnectException: Connection refused
	... 11 more
2019-10-20 13:11:20,677 [7660b851-9671-46a6-9e1d-7d946f95d492@group-42C3DBE2B33D-LeaderElection3466] INFO  impl.LeaderElection (LeaderElection.java:logAndReturn(56)) - 7660b851-9671-46a6-9e1d-7d946f95d492@group-42C3DBE2B33D-LeaderElection3466: Election REJECTED; received 0 response(s) [] and 2 exception(s); 7660b851-9671-46a6-9e1d-7d946f95d492@group-42C3DBE2B33D:t188, leader=null, voted=7660b851-9671-46a6-9e1d-7d946f95d492, raftlog=7660b851-9671-46a6-9e1d-7d946f95d492@group-42C3DBE2B33D-SegmentedRaftLog:OPENED:c-1,f-1,i0, conf=-1: [fdf19479-69c2-4639-b68c-6adde78ca28a:192.168.157.204:42858, 1ac0a8d4-e534-43ce-83b1-426d47a3040d:192.168.157.204:32953, 7660b851-9671-46a6-9e1d-7d946f95d492:192.168.157.204:41682], old=null
2019-10-20 13:11:20,677 [7660b851-9671-46a6-9e1d-7d946f95d492@group-42C3DBE2B33D-LeaderElection3466] INFO  impl.LeaderElection (LogUtils.java:infoOrTrace(149)) -   Exception 0: {}
java.util.concurrent.ExecutionException: org.apache.ratis.thirdparty.io.grpc.StatusRuntimeException: UNAVAILABLE: io exception
	at java.util.concurrent.FutureTask.report(FutureTask.java:122)
	at java.util.concurrent.FutureTask.get(FutureTask.java:192)
	at org.apache.ratis.server.impl.LeaderElection.waitForResults(LeaderElection.java:259)
	at org.apache.ratis.server.impl.LeaderElection.askForVotes(LeaderElection.java:197)
	at org.apache.ratis.server.impl.LeaderElection.run(LeaderElection.java:133)
	at java.lang.Thread.run(Thread.java:748)
Caused by: org.apache.ratis.thirdparty.io.grpc.StatusRuntimeException: UNAVAILABLE: io exception
	at org.apache.ratis.thirdparty.io.grpc.stub.ClientCalls.toStatusRuntimeException(ClientCalls.java:233)
	at org.apache.ratis.thirdparty.io.grpc.stub.ClientCalls.getUnchecked(ClientCalls.java:214)
	at org.apache.ratis.thirdparty.io.grpc.stub.ClientCalls.blockingUnaryCall(ClientCalls.java:139)
	at org.apache.ratis.proto.grpc.RaftServerProtocolServiceGrpc$RaftServerProtocolServiceBlockingStub.requestVote(RaftServerProtocolServiceGrpc.java:265)
	at org.apache.ratis.grpc.server.GrpcServerProtocolClient.requestVote(GrpcServerProtocolClient.java:99)
	at org.apache.ratis.grpc.server.GrpcService.requestVote(GrpcService.java:204)
	at org.apache.ratis.server.impl.LeaderElection.lambda$submitRequests$1(LeaderElection.java:234)
	at java.util.concurrent.FutureTask.run(FutureTask.java:266)
	at java.util.concurrent.Executors$RunnableAdapter.call(Executors.java:511)
	at java.util.concurrent.FutureTask.run(FutureTask.java:266)
	at java.util.concurrent.ThreadPoolExecutor.runWorker(ThreadPoolExecutor.java:1149)
	at java.util.concurrent.ThreadPoolExecutor$Worker.run(ThreadPoolExecutor.java:624)
	... 1 more
Caused by: org.apache.ratis.thirdparty.io.netty.channel.AbstractChannel$AnnotatedConnectException: Connection refused: /192.168.157.204:42858
	at sun.nio.ch.SocketChannelImpl.checkConnect(Native Method)
	at sun.nio.ch.SocketChannelImpl.finishConnect(SocketChannelImpl.java:717)
	at org.apache.ratis.thirdparty.io.netty.channel.socket.nio.NioSocketChannel.doFinishConnect(NioSocketChannel.java:327)
	at org.apache.ratis.thirdparty.io.netty.channel.nio.AbstractNioChannel$AbstractNioUnsafe.finishConnect(AbstractNioChannel.java:340)
	at org.apache.ratis.thirdparty.io.netty.channel.nio.NioEventLoop.processSelectedKey(NioEventLoop.java:632)
	at org.apache.ratis.thirdparty.io.netty.channel.nio.NioEventLoop.processSelectedKeysOptimized(NioEventLoop.java:579)
	at org.apache.ratis.thirdparty.io.netty.channel.nio.NioEventLoop.processSelectedKeys(NioEventLoop.java:496)
	at org.apache.ratis.thirdparty.io.netty.channel.nio.NioEventLoop.run(NioEventLoop.java:458)
	at org.apache.ratis.thirdparty.io.netty.util.concurrent.SingleThreadEventExecutor$5.run(SingleThreadEventExecutor.java:897)
	at org.apache.ratis.thirdparty.io.netty.util.concurrent.FastThreadLocalRunnable.run(FastThreadLocalRunnable.java:30)
	... 1 more
Caused by: java.net.ConnectException: Connection refused
	... 11 more
2019-10-20 13:11:20,678 [7660b851-9671-46a6-9e1d-7d946f95d492@group-42C3DBE2B33D-LeaderElection3466] INFO  impl.LeaderElection (LogUtils.java:infoOrTrace(149)) -   Exception 1: {}
java.util.concurrent.ExecutionException: org.apache.ratis.thirdparty.io.grpc.StatusRuntimeException: UNAVAILABLE: io exception
	at java.util.concurrent.FutureTask.report(FutureTask.java:122)
	at java.util.concurrent.FutureTask.get(FutureTask.java:192)
	at org.apache.ratis.server.impl.LeaderElection.waitForResults(LeaderElection.java:259)
	at org.apache.ratis.server.impl.LeaderElection.askForVotes(LeaderElection.java:197)
	at org.apache.ratis.server.impl.LeaderElection.run(LeaderElection.java:133)
	at java.lang.Thread.run(Thread.java:748)
Caused by: org.apache.ratis.thirdparty.io.grpc.StatusRuntimeException: UNAVAILABLE: io exception
	at org.apache.ratis.thirdparty.io.grpc.stub.ClientCalls.toStatusRuntimeException(ClientCalls.java:233)
	at org.apache.ratis.thirdparty.io.grpc.stub.ClientCalls.getUnchecked(ClientCalls.java:214)
	at org.apache.ratis.thirdparty.io.grpc.stub.ClientCalls.blockingUnaryCall(ClientCalls.java:139)
	at org.apache.ratis.proto.grpc.RaftServerProtocolServiceGrpc$RaftServerProtocolServiceBlockingStub.requestVote(RaftServerProtocolServiceGrpc.java:265)
	at org.apache.ratis.grpc.server.GrpcServerProtocolClient.requestVote(GrpcServerProtocolClient.java:99)
	at org.apache.ratis.grpc.server.GrpcService.requestVote(GrpcService.java:204)
	at org.apache.ratis.server.impl.LeaderElection.lambda$submitRequests$1(LeaderElection.java:234)
	at java.util.concurrent.FutureTask.run(FutureTask.java:266)
	at java.util.concurrent.Executors$RunnableAdapter.call(Executors.java:511)
	at java.util.concurrent.FutureTask.run(FutureTask.java:266)
	at java.util.concurrent.ThreadPoolExecutor.runWorker(ThreadPoolExecutor.java:1149)
	at java.util.concurrent.ThreadPoolExecutor$Worker.run(ThreadPoolExecutor.java:624)
	... 1 more
Caused by: org.apache.ratis.thirdparty.io.netty.channel.AbstractChannel$AnnotatedConnectException: Connection refused: /192.168.157.204:32953
	at sun.nio.ch.SocketChannelImpl.checkConnect(Native Method)
	at sun.nio.ch.SocketChannelImpl.finishConnect(SocketChannelImpl.java:717)
	at org.apache.ratis.thirdparty.io.netty.channel.socket.nio.NioSocketChannel.doFinishConnect(NioSocketChannel.java:327)
	at org.apache.ratis.thirdparty.io.netty.channel.nio.AbstractNioChannel$AbstractNioUnsafe.finishConnect(AbstractNioChannel.java:340)
	at org.apache.ratis.thirdparty.io.netty.channel.nio.NioEventLoop.processSelectedKey(NioEventLoop.java:632)
	at org.apache.ratis.thirdparty.io.netty.channel.nio.NioEventLoop.processSelectedKeysOptimized(NioEventLoop.java:579)
	at org.apache.ratis.thirdparty.io.netty.channel.nio.NioEventLoop.processSelectedKeys(NioEventLoop.java:496)
	at org.apache.ratis.thirdparty.io.netty.channel.nio.NioEventLoop.run(NioEventLoop.java:458)
	at org.apache.ratis.thirdparty.io.netty.util.concurrent.SingleThreadEventExecutor$5.run(SingleThreadEventExecutor.java:897)
	at org.apache.ratis.thirdparty.io.netty.util.concurrent.FastThreadLocalRunnable.run(FastThreadLocalRunnable.java:30)
	... 1 more
Caused by: java.net.ConnectException: Connection refused
	... 11 more
2019-10-20 13:11:20,678 [7660b851-9671-46a6-9e1d-7d946f95d492@group-42C3DBE2B33D-LeaderElection3466] INFO  impl.RaftServerImpl (RaftServerImpl.java:setRole(184)) - 7660b851-9671-46a6-9e1d-7d946f95d492@group-42C3DBE2B33D: changes role from CANDIDATE to FOLLOWER at term 188 for DISCOVERED_A_NEW_TERM
2019-10-20 13:11:20,678 [7660b851-9671-46a6-9e1d-7d946f95d492@group-42C3DBE2B33D-LeaderElection3466] INFO  impl.RoleInfo (RoleInfo.java:shutdownLeaderElection(134)) - 7660b851-9671-46a6-9e1d-7d946f95d492: shutdown LeaderElection
2019-10-20 13:11:20,678 [7660b851-9671-46a6-9e1d-7d946f95d492@group-42C3DBE2B33D-LeaderElection3466] INFO  impl.RoleInfo (RoleInfo.java:updateAndGet(143)) - 7660b851-9671-46a6-9e1d-7d946f95d492: start FollowerState
2019-10-20 13:11:20,744 [Thread-25826] INFO  impl.FollowerState (FollowerState.java:run(108)) - 7660b851-9671-46a6-9e1d-7d946f95d492@group-42C3DBE2B33D-FollowerState: change to CANDIDATE, lastRpcTime:66ms, electionTimeout:66ms
2019-10-20 13:11:20,744 [Thread-25826] INFO  impl.RoleInfo (RoleInfo.java:shutdownFollowerState(121)) - 7660b851-9671-46a6-9e1d-7d946f95d492: shutdown FollowerState
2019-10-20 13:11:20,744 [Thread-25826] INFO  impl.RaftServerImpl (RaftServerImpl.java:setRole(184)) - 7660b851-9671-46a6-9e1d-7d946f95d492@group-42C3DBE2B33D: changes role from  FOLLOWER to CANDIDATE at term 188 for changeToCandidate
2019-10-20 13:11:20,745 [Thread-25826] INFO  impl.RoleInfo (RoleInfo.java:updateAndGet(143)) - 7660b851-9671-46a6-9e1d-7d946f95d492: start LeaderElection
2019-10-20 13:11:20,758 [7660b851-9671-46a6-9e1d-7d946f95d492@group-42C3DBE2B33D-LeaderElection3467] INFO  impl.LeaderElection (LeaderElection.java:askForVotes(178)) - 7660b851-9671-46a6-9e1d-7d946f95d492@group-42C3DBE2B33D-LeaderElection3467: begin an election at term 189 for -1: [fdf19479-69c2-4639-b68c-6adde78ca28a:192.168.157.204:42858, 1ac0a8d4-e534-43ce-83b1-426d47a3040d:192.168.157.204:32953, 7660b851-9671-46a6-9e1d-7d946f95d492:192.168.157.204:41682], old=null
2019-10-20 13:11:20,759 [7660b851-9671-46a6-9e1d-7d946f95d492@group-42C3DBE2B33D-LeaderElection3467] INFO  impl.LeaderElection (LogUtils.java:infoOrTrace(149)) - 7660b851-9671-46a6-9e1d-7d946f95d492@group-42C3DBE2B33D-LeaderElection3467 got exception when requesting votes: {}
java.util.concurrent.ExecutionException: org.apache.ratis.thirdparty.io.grpc.StatusRuntimeException: UNAVAILABLE: io exception
	at java.util.concurrent.FutureTask.report(FutureTask.java:122)
	at java.util.concurrent.FutureTask.get(FutureTask.java:192)
	at org.apache.ratis.server.impl.LeaderElection.waitForResults(LeaderElection.java:259)
	at org.apache.ratis.server.impl.LeaderElection.askForVotes(LeaderElection.java:197)
	at org.apache.ratis.server.impl.LeaderElection.run(LeaderElection.java:133)
	at java.lang.Thread.run(Thread.java:748)
Caused by: org.apache.ratis.thirdparty.io.grpc.StatusRuntimeException: UNAVAILABLE: io exception
	at org.apache.ratis.thirdparty.io.grpc.stub.ClientCalls.toStatusRuntimeException(ClientCalls.java:233)
	at org.apache.ratis.thirdparty.io.grpc.stub.ClientCalls.getUnchecked(ClientCalls.java:214)
	at org.apache.ratis.thirdparty.io.grpc.stub.ClientCalls.blockingUnaryCall(ClientCalls.java:139)
	at org.apache.ratis.proto.grpc.RaftServerProtocolServiceGrpc$RaftServerProtocolServiceBlockingStub.requestVote(RaftServerProtocolServiceGrpc.java:265)
	at org.apache.ratis.grpc.server.GrpcServerProtocolClient.requestVote(GrpcServerProtocolClient.java:99)
	at org.apache.ratis.grpc.server.GrpcService.requestVote(GrpcService.java:204)
	at org.apache.ratis.server.impl.LeaderElection.lambda$submitRequests$1(LeaderElection.java:234)
	at java.util.concurrent.FutureTask.run(FutureTask.java:266)
	at java.util.concurrent.Executors$RunnableAdapter.call(Executors.java:511)
	at java.util.concurrent.FutureTask.run(FutureTask.java:266)
	at java.util.concurrent.ThreadPoolExecutor.runWorker(ThreadPoolExecutor.java:1149)
	at java.util.concurrent.ThreadPoolExecutor$Worker.run(ThreadPoolExecutor.java:624)
	... 1 more
Caused by: org.apache.ratis.thirdparty.io.netty.channel.AbstractChannel$AnnotatedConnectException: Connection refused: /192.168.157.204:42858
	at sun.nio.ch.SocketChannelImpl.checkConnect(Native Method)
	at sun.nio.ch.SocketChannelImpl.finishConnect(SocketChannelImpl.java:717)
	at org.apache.ratis.thirdparty.io.netty.channel.socket.nio.NioSocketChannel.doFinishConnect(NioSocketChannel.java:327)
	at org.apache.ratis.thirdparty.io.netty.channel.nio.AbstractNioChannel$AbstractNioUnsafe.finishConnect(AbstractNioChannel.java:340)
	at org.apache.ratis.thirdparty.io.netty.channel.nio.NioEventLoop.processSelectedKey(NioEventLoop.java:632)
	at org.apache.ratis.thirdparty.io.netty.channel.nio.NioEventLoop.processSelectedKeysOptimized(NioEventLoop.java:579)
	at org.apache.ratis.thirdparty.io.netty.channel.nio.NioEventLoop.processSelectedKeys(NioEventLoop.java:496)
	at org.apache.ratis.thirdparty.io.netty.channel.nio.NioEventLoop.run(NioEventLoop.java:458)
	at org.apache.ratis.thirdparty.io.netty.util.concurrent.SingleThreadEventExecutor$5.run(SingleThreadEventExecutor.java:897)
	at org.apache.ratis.thirdparty.io.netty.util.concurrent.FastThreadLocalRunnable.run(FastThreadLocalRunnable.java:30)
	... 1 more
Caused by: java.net.ConnectException: Connection refused
	... 11 more
2019-10-20 13:11:20,759 [7660b851-9671-46a6-9e1d-7d946f95d492@group-42C3DBE2B33D-LeaderElection3467] INFO  impl.LeaderElection (LogUtils.java:infoOrTrace(149)) - 7660b851-9671-46a6-9e1d-7d946f95d492@group-42C3DBE2B33D-LeaderElection3467 got exception when requesting votes: {}
java.util.concurrent.ExecutionException: org.apache.ratis.thirdparty.io.grpc.StatusRuntimeException: UNAVAILABLE: io exception
	at java.util.concurrent.FutureTask.report(FutureTask.java:122)
	at java.util.concurrent.FutureTask.get(FutureTask.java:192)
	at org.apache.ratis.server.impl.LeaderElection.waitForResults(LeaderElection.java:259)
	at org.apache.ratis.server.impl.LeaderElection.askForVotes(LeaderElection.java:197)
	at org.apache.ratis.server.impl.LeaderElection.run(LeaderElection.java:133)
	at java.lang.Thread.run(Thread.java:748)
Caused by: org.apache.ratis.thirdparty.io.grpc.StatusRuntimeException: UNAVAILABLE: io exception
	at org.apache.ratis.thirdparty.io.grpc.stub.ClientCalls.toStatusRuntimeException(ClientCalls.java:233)
	at org.apache.ratis.thirdparty.io.grpc.stub.ClientCalls.getUnchecked(ClientCalls.java:214)
	at org.apache.ratis.thirdparty.io.grpc.stub.ClientCalls.blockingUnaryCall(ClientCalls.java:139)
	at org.apache.ratis.proto.grpc.RaftServerProtocolServiceGrpc$RaftServerProtocolServiceBlockingStub.requestVote(RaftServerProtocolServiceGrpc.java:265)
	at org.apache.ratis.grpc.server.GrpcServerProtocolClient.requestVote(GrpcServerProtocolClient.java:99)
	at org.apache.ratis.grpc.server.GrpcService.requestVote(GrpcService.java:204)
	at org.apache.ratis.server.impl.LeaderElection.lambda$submitRequests$1(LeaderElection.java:234)
	at java.util.concurrent.FutureTask.run(FutureTask.java:266)
	at java.util.concurrent.Executors$RunnableAdapter.call(Executors.java:511)
	at java.util.concurrent.FutureTask.run(FutureTask.java:266)
	at java.util.concurrent.ThreadPoolExecutor.runWorker(ThreadPoolExecutor.java:1149)
	at java.util.concurrent.ThreadPoolExecutor$Worker.run(ThreadPoolExecutor.java:624)
	... 1 more
Caused by: org.apache.ratis.thirdparty.io.netty.channel.AbstractChannel$AnnotatedConnectException: Connection refused: /192.168.157.204:32953
	at sun.nio.ch.SocketChannelImpl.checkConnect(Native Method)
	at sun.nio.ch.SocketChannelImpl.finishConnect(SocketChannelImpl.java:717)
	at org.apache.ratis.thirdparty.io.netty.channel.socket.nio.NioSocketChannel.doFinishConnect(NioSocketChannel.java:327)
	at org.apache.ratis.thirdparty.io.netty.channel.nio.AbstractNioChannel$AbstractNioUnsafe.finishConnect(AbstractNioChannel.java:340)
	at org.apache.ratis.thirdparty.io.netty.channel.nio.NioEventLoop.processSelectedKey(NioEventLoop.java:632)
	at org.apache.ratis.thirdparty.io.netty.channel.nio.NioEventLoop.processSelectedKeysOptimized(NioEventLoop.java:579)
	at org.apache.ratis.thirdparty.io.netty.channel.nio.NioEventLoop.processSelectedKeys(NioEventLoop.java:496)
	at org.apache.ratis.thirdparty.io.netty.channel.nio.NioEventLoop.run(NioEventLoop.java:458)
	at org.apache.ratis.thirdparty.io.netty.util.concurrent.SingleThreadEventExecutor$5.run(SingleThreadEventExecutor.java:897)
	at org.apache.ratis.thirdparty.io.netty.util.concurrent.FastThreadLocalRunnable.run(FastThreadLocalRunnable.java:30)
	... 1 more
Caused by: java.net.ConnectException: Connection refused
	... 11 more
2019-10-20 13:11:20,759 [7660b851-9671-46a6-9e1d-7d946f95d492@group-42C3DBE2B33D-LeaderElection3467] INFO  impl.LeaderElection (LeaderElection.java:logAndReturn(56)) - 7660b851-9671-46a6-9e1d-7d946f95d492@group-42C3DBE2B33D-LeaderElection3467: Election REJECTED; received 0 response(s) [] and 2 exception(s); 7660b851-9671-46a6-9e1d-7d946f95d492@group-42C3DBE2B33D:t189, leader=null, voted=7660b851-9671-46a6-9e1d-7d946f95d492, raftlog=7660b851-9671-46a6-9e1d-7d946f95d492@group-42C3DBE2B33D-SegmentedRaftLog:OPENED:c-1,f-1,i0, conf=-1: [fdf19479-69c2-4639-b68c-6adde78ca28a:192.168.157.204:42858, 1ac0a8d4-e534-43ce-83b1-426d47a3040d:192.168.157.204:32953, 7660b851-9671-46a6-9e1d-7d946f95d492:192.168.157.204:41682], old=null
2019-10-20 13:11:20,760 [7660b851-9671-46a6-9e1d-7d946f95d492@group-42C3DBE2B33D-LeaderElection3467] INFO  impl.LeaderElection (LogUtils.java:infoOrTrace(149)) -   Exception 0: {}
java.util.concurrent.ExecutionException: org.apache.ratis.thirdparty.io.grpc.StatusRuntimeException: UNAVAILABLE: io exception
	at java.util.concurrent.FutureTask.report(FutureTask.java:122)
	at java.util.concurrent.FutureTask.get(FutureTask.java:192)
	at org.apache.ratis.server.impl.LeaderElection.waitForResults(LeaderElection.java:259)
	at org.apache.ratis.server.impl.LeaderElection.askForVotes(LeaderElection.java:197)
	at org.apache.ratis.server.impl.LeaderElection.run(LeaderElection.java:133)
	at java.lang.Thread.run(Thread.java:748)
Caused by: org.apache.ratis.thirdparty.io.grpc.StatusRuntimeException: UNAVAILABLE: io exception
	at org.apache.ratis.thirdparty.io.grpc.stub.ClientCalls.toStatusRuntimeException(ClientCalls.java:233)
	at org.apache.ratis.thirdparty.io.grpc.stub.ClientCalls.getUnchecked(ClientCalls.java:214)
	at org.apache.ratis.thirdparty.io.grpc.stub.ClientCalls.blockingUnaryCall(ClientCalls.java:139)
	at org.apache.ratis.proto.grpc.RaftServerProtocolServiceGrpc$RaftServerProtocolServiceBlockingStub.requestVote(RaftServerProtocolServiceGrpc.java:265)
	at org.apache.ratis.grpc.server.GrpcServerProtocolClient.requestVote(GrpcServerProtocolClient.java:99)
	at org.apache.ratis.grpc.server.GrpcService.requestVote(GrpcService.java:204)
	at org.apache.ratis.server.impl.LeaderElection.lambda$submitRequests$1(LeaderElection.java:234)
	at java.util.concurrent.FutureTask.run(FutureTask.java:266)
	at java.util.concurrent.Executors$RunnableAdapter.call(Executors.java:511)
	at java.util.concurrent.FutureTask.run(FutureTask.java:266)
	at java.util.concurrent.ThreadPoolExecutor.runWorker(ThreadPoolExecutor.java:1149)
	at java.util.concurrent.ThreadPoolExecutor$Worker.run(ThreadPoolExecutor.java:624)
	... 1 more
Caused by: org.apache.ratis.thirdparty.io.netty.channel.AbstractChannel$AnnotatedConnectException: Connection refused: /192.168.157.204:42858
	at sun.nio.ch.SocketChannelImpl.checkConnect(Native Method)
	at sun.nio.ch.SocketChannelImpl.finishConnect(SocketChannelImpl.java:717)
	at org.apache.ratis.thirdparty.io.netty.channel.socket.nio.NioSocketChannel.doFinishConnect(NioSocketChannel.java:327)
	at org.apache.ratis.thirdparty.io.netty.channel.nio.AbstractNioChannel$AbstractNioUnsafe.finishConnect(AbstractNioChannel.java:340)
	at org.apache.ratis.thirdparty.io.netty.channel.nio.NioEventLoop.processSelectedKey(NioEventLoop.java:632)
	at org.apache.ratis.thirdparty.io.netty.channel.nio.NioEventLoop.processSelectedKeysOptimized(NioEventLoop.java:579)
	at org.apache.ratis.thirdparty.io.netty.channel.nio.NioEventLoop.processSelectedKeys(NioEventLoop.java:496)
	at org.apache.ratis.thirdparty.io.netty.channel.nio.NioEventLoop.run(NioEventLoop.java:458)
	at org.apache.ratis.thirdparty.io.netty.util.concurrent.SingleThreadEventExecutor$5.run(SingleThreadEventExecutor.java:897)
	at org.apache.ratis.thirdparty.io.netty.util.concurrent.FastThreadLocalRunnable.run(FastThreadLocalRunnable.java:30)
	... 1 more
Caused by: java.net.ConnectException: Connection refused
	... 11 more
2019-10-20 13:11:20,760 [7660b851-9671-46a6-9e1d-7d946f95d492@group-42C3DBE2B33D-LeaderElection3467] INFO  impl.LeaderElection (LogUtils.java:infoOrTrace(149)) -   Exception 1: {}
java.util.concurrent.ExecutionException: org.apache.ratis.thirdparty.io.grpc.StatusRuntimeException: UNAVAILABLE: io exception
	at java.util.concurrent.FutureTask.report(FutureTask.java:122)
	at java.util.concurrent.FutureTask.get(FutureTask.java:192)
	at org.apache.ratis.server.impl.LeaderElection.waitForResults(LeaderElection.java:259)
	at org.apache.ratis.server.impl.LeaderElection.askForVotes(LeaderElection.java:197)
	at org.apache.ratis.server.impl.LeaderElection.run(LeaderElection.java:133)
	at java.lang.Thread.run(Thread.java:748)
Caused by: org.apache.ratis.thirdparty.io.grpc.StatusRuntimeException: UNAVAILABLE: io exception
	at org.apache.ratis.thirdparty.io.grpc.stub.ClientCalls.toStatusRuntimeException(ClientCalls.java:233)
	at org.apache.ratis.thirdparty.io.grpc.stub.ClientCalls.getUnchecked(ClientCalls.java:214)
	at org.apache.ratis.thirdparty.io.grpc.stub.ClientCalls.blockingUnaryCall(ClientCalls.java:139)
	at org.apache.ratis.proto.grpc.RaftServerProtocolServiceGrpc$RaftServerProtocolServiceBlockingStub.requestVote(RaftServerProtocolServiceGrpc.java:265)
	at org.apache.ratis.grpc.server.GrpcServerProtocolClient.requestVote(GrpcServerProtocolClient.java:99)
	at org.apache.ratis.grpc.server.GrpcService.requestVote(GrpcService.java:204)
	at org.apache.ratis.server.impl.LeaderElection.lambda$submitRequests$1(LeaderElection.java:234)
	at java.util.concurrent.FutureTask.run(FutureTask.java:266)
	at java.util.concurrent.Executors$RunnableAdapter.call(Executors.java:511)
	at java.util.concurrent.FutureTask.run(FutureTask.java:266)
	at java.util.concurrent.ThreadPoolExecutor.runWorker(ThreadPoolExecutor.java:1149)
	at java.util.concurrent.ThreadPoolExecutor$Worker.run(ThreadPoolExecutor.java:624)
	... 1 more
Caused by: org.apache.ratis.thirdparty.io.netty.channel.AbstractChannel$AnnotatedConnectException: Connection refused: /192.168.157.204:32953
	at sun.nio.ch.SocketChannelImpl.checkConnect(Native Method)
	at sun.nio.ch.SocketChannelImpl.finishConnect(SocketChannelImpl.java:717)
	at org.apache.ratis.thirdparty.io.netty.channel.socket.nio.NioSocketChannel.doFinishConnect(NioSocketChannel.java:327)
	at org.apache.ratis.thirdparty.io.netty.channel.nio.AbstractNioChannel$AbstractNioUnsafe.finishConnect(AbstractNioChannel.java:340)
	at org.apache.ratis.thirdparty.io.netty.channel.nio.NioEventLoop.processSelectedKey(NioEventLoop.java:632)
	at org.apache.ratis.thirdparty.io.netty.channel.nio.NioEventLoop.processSelectedKeysOptimized(NioEventLoop.java:579)
	at org.apache.ratis.thirdparty.io.netty.channel.nio.NioEventLoop.processSelectedKeys(NioEventLoop.java:496)
	at org.apache.ratis.thirdparty.io.netty.channel.nio.NioEventLoop.run(NioEventLoop.java:458)
	at org.apache.ratis.thirdparty.io.netty.util.concurrent.SingleThreadEventExecutor$5.run(SingleThreadEventExecutor.java:897)
	at org.apache.ratis.thirdparty.io.netty.util.concurrent.FastThreadLocalRunnable.run(FastThreadLocalRunnable.java:30)
	... 1 more
Caused by: java.net.ConnectException: Connection refused
	... 11 more
2019-10-20 13:11:20,760 [7660b851-9671-46a6-9e1d-7d946f95d492@group-42C3DBE2B33D-LeaderElection3467] INFO  impl.RaftServerImpl (RaftServerImpl.java:setRole(184)) - 7660b851-9671-46a6-9e1d-7d946f95d492@group-42C3DBE2B33D: changes role from CANDIDATE to FOLLOWER at term 189 for DISCOVERED_A_NEW_TERM
2019-10-20 13:11:20,760 [7660b851-9671-46a6-9e1d-7d946f95d492@group-42C3DBE2B33D-LeaderElection3467] INFO  impl.RoleInfo (RoleInfo.java:shutdownLeaderElection(134)) - 7660b851-9671-46a6-9e1d-7d946f95d492: shutdown LeaderElection
2019-10-20 13:11:20,760 [7660b851-9671-46a6-9e1d-7d946f95d492@group-42C3DBE2B33D-LeaderElection3467] INFO  impl.RoleInfo (RoleInfo.java:updateAndGet(143)) - 7660b851-9671-46a6-9e1d-7d946f95d492: start FollowerState
2019-10-20 13:11:20,924 [Thread-25830] INFO  impl.FollowerState (FollowerState.java:run(108)) - 7660b851-9671-46a6-9e1d-7d946f95d492@group-42C3DBE2B33D-FollowerState: change to CANDIDATE, lastRpcTime:163ms, electionTimeout:163ms
2019-10-20 13:11:20,924 [Thread-25830] INFO  impl.RoleInfo (RoleInfo.java:shutdownFollowerState(121)) - 7660b851-9671-46a6-9e1d-7d946f95d492: shutdown FollowerState
2019-10-20 13:11:20,924 [Thread-25830] INFO  impl.RaftServerImpl (RaftServerImpl.java:setRole(184)) - 7660b851-9671-46a6-9e1d-7d946f95d492@group-42C3DBE2B33D: changes role from  FOLLOWER to CANDIDATE at term 189 for changeToCandidate
2019-10-20 13:11:20,924 [Thread-25830] INFO  impl.RoleInfo (RoleInfo.java:updateAndGet(143)) - 7660b851-9671-46a6-9e1d-7d946f95d492: start LeaderElection
2019-10-20 13:11:20,938 [7660b851-9671-46a6-9e1d-7d946f95d492@group-42C3DBE2B33D-LeaderElection3468] INFO  impl.LeaderElection (LeaderElection.java:askForVotes(178)) - 7660b851-9671-46a6-9e1d-7d946f95d492@group-42C3DBE2B33D-LeaderElection3468: begin an election at term 190 for -1: [fdf19479-69c2-4639-b68c-6adde78ca28a:192.168.157.204:42858, 1ac0a8d4-e534-43ce-83b1-426d47a3040d:192.168.157.204:32953, 7660b851-9671-46a6-9e1d-7d946f95d492:192.168.157.204:41682], old=null
2019-10-20 13:11:20,938 [7660b851-9671-46a6-9e1d-7d946f95d492@group-42C3DBE2B33D-LeaderElection3468] INFO  impl.LeaderElection (LogUtils.java:infoOrTrace(149)) - 7660b851-9671-46a6-9e1d-7d946f95d492@group-42C3DBE2B33D-LeaderElection3468 got exception when requesting votes: {}
java.util.concurrent.ExecutionException: org.apache.ratis.thirdparty.io.grpc.StatusRuntimeException: UNAVAILABLE: io exception
	at java.util.concurrent.FutureTask.report(FutureTask.java:122)
	at java.util.concurrent.FutureTask.get(FutureTask.java:192)
	at org.apache.ratis.server.impl.LeaderElection.waitForResults(LeaderElection.java:259)
	at org.apache.ratis.server.impl.LeaderElection.askForVotes(LeaderElection.java:197)
	at org.apache.ratis.server.impl.LeaderElection.run(LeaderElection.java:133)
	at java.lang.Thread.run(Thread.java:748)
Caused by: org.apache.ratis.thirdparty.io.grpc.StatusRuntimeException: UNAVAILABLE: io exception
	at org.apache.ratis.thirdparty.io.grpc.stub.ClientCalls.toStatusRuntimeException(ClientCalls.java:233)
	at org.apache.ratis.thirdparty.io.grpc.stub.ClientCalls.getUnchecked(ClientCalls.java:214)
	at org.apache.ratis.thirdparty.io.grpc.stub.ClientCalls.blockingUnaryCall(ClientCalls.java:139)
	at org.apache.ratis.proto.grpc.RaftServerProtocolServiceGrpc$RaftServerProtocolServiceBlockingStub.requestVote(RaftServerProtocolServiceGrpc.java:265)
	at org.apache.ratis.grpc.server.GrpcServerProtocolClient.requestVote(GrpcServerProtocolClient.java:99)
	at org.apache.ratis.grpc.server.GrpcService.requestVote(GrpcService.java:204)
	at org.apache.ratis.server.impl.LeaderElection.lambda$submitRequests$1(LeaderElection.java:234)
	at java.util.concurrent.FutureTask.run(FutureTask.java:266)
	at java.util.concurrent.Executors$RunnableAdapter.call(Executors.java:511)
	at java.util.concurrent.FutureTask.run(FutureTask.java:266)
	at java.util.concurrent.ThreadPoolExecutor.runWorker(ThreadPoolExecutor.java:1149)
	at java.util.concurrent.ThreadPoolExecutor$Worker.run(ThreadPoolExecutor.java:624)
	... 1 more
Caused by: org.apache.ratis.thirdparty.io.netty.channel.AbstractChannel$AnnotatedConnectException: Connection refused: /192.168.157.204:42858
	at sun.nio.ch.SocketChannelImpl.checkConnect(Native Method)
	at sun.nio.ch.SocketChannelImpl.finishConnect(SocketChannelImpl.java:717)
	at org.apache.ratis.thirdparty.io.netty.channel.socket.nio.NioSocketChannel.doFinishConnect(NioSocketChannel.java:327)
	at org.apache.ratis.thirdparty.io.netty.channel.nio.AbstractNioChannel$AbstractNioUnsafe.finishConnect(AbstractNioChannel.java:340)
	at org.apache.ratis.thirdparty.io.netty.channel.nio.NioEventLoop.processSelectedKey(NioEventLoop.java:632)
	at org.apache.ratis.thirdparty.io.netty.channel.nio.NioEventLoop.processSelectedKeysOptimized(NioEventLoop.java:579)
	at org.apache.ratis.thirdparty.io.netty.channel.nio.NioEventLoop.processSelectedKeys(NioEventLoop.java:496)
	at org.apache.ratis.thirdparty.io.netty.channel.nio.NioEventLoop.run(NioEventLoop.java:458)
	at org.apache.ratis.thirdparty.io.netty.util.concurrent.SingleThreadEventExecutor$5.run(SingleThreadEventExecutor.java:897)
	at org.apache.ratis.thirdparty.io.netty.util.concurrent.FastThreadLocalRunnable.run(FastThreadLocalRunnable.java:30)
	... 1 more
Caused by: java.net.ConnectException: Connection refused
	... 11 more
2019-10-20 13:11:20,939 [7660b851-9671-46a6-9e1d-7d946f95d492@group-42C3DBE2B33D-LeaderElection3468] INFO  impl.LeaderElection (LogUtils.java:infoOrTrace(149)) - 7660b851-9671-46a6-9e1d-7d946f95d492@group-42C3DBE2B33D-LeaderElection3468 got exception when requesting votes: {}
java.util.concurrent.ExecutionException: org.apache.ratis.thirdparty.io.grpc.StatusRuntimeException: UNAVAILABLE: io exception
	at java.util.concurrent.FutureTask.report(FutureTask.java:122)
	at java.util.concurrent.FutureTask.get(FutureTask.java:192)
	at org.apache.ratis.server.impl.LeaderElection.waitForResults(LeaderElection.java:259)
	at org.apache.ratis.server.impl.LeaderElection.askForVotes(LeaderElection.java:197)
	at org.apache.ratis.server.impl.LeaderElection.run(LeaderElection.java:133)
	at java.lang.Thread.run(Thread.java:748)
Caused by: org.apache.ratis.thirdparty.io.grpc.StatusRuntimeException: UNAVAILABLE: io exception
	at org.apache.ratis.thirdparty.io.grpc.stub.ClientCalls.toStatusRuntimeException(ClientCalls.java:233)
	at org.apache.ratis.thirdparty.io.grpc.stub.ClientCalls.getUnchecked(ClientCalls.java:214)
	at org.apache.ratis.thirdparty.io.grpc.stub.ClientCalls.blockingUnaryCall(ClientCalls.java:139)
	at org.apache.ratis.proto.grpc.RaftServerProtocolServiceGrpc$RaftServerProtocolServiceBlockingStub.requestVote(RaftServerProtocolServiceGrpc.java:265)
	at org.apache.ratis.grpc.server.GrpcServerProtocolClient.requestVote(GrpcServerProtocolClient.java:99)
	at org.apache.ratis.grpc.server.GrpcService.requestVote(GrpcService.java:204)
	at org.apache.ratis.server.impl.LeaderElection.lambda$submitRequests$1(LeaderElection.java:234)
	at java.util.concurrent.FutureTask.run(FutureTask.java:266)
	at java.util.concurrent.Executors$RunnableAdapter.call(Executors.java:511)
	at java.util.concurrent.FutureTask.run(FutureTask.java:266)
	at java.util.concurrent.ThreadPoolExecutor.runWorker(ThreadPoolExecutor.java:1149)
	at java.util.concurrent.ThreadPoolExecutor$Worker.run(ThreadPoolExecutor.java:624)
	... 1 more
Caused by: org.apache.ratis.thirdparty.io.netty.channel.AbstractChannel$AnnotatedConnectException: Connection refused: /192.168.157.204:32953
	at sun.nio.ch.SocketChannelImpl.checkConnect(Native Method)
	at sun.nio.ch.SocketChannelImpl.finishConnect(SocketChannelImpl.java:717)
	at org.apache.ratis.thirdparty.io.netty.channel.socket.nio.NioSocketChannel.doFinishConnect(NioSocketChannel.java:327)
	at org.apache.ratis.thirdparty.io.netty.channel.nio.AbstractNioChannel$AbstractNioUnsafe.finishConnect(AbstractNioChannel.java:340)
	at org.apache.ratis.thirdparty.io.netty.channel.nio.NioEventLoop.processSelectedKey(NioEventLoop.java:632)
	at org.apache.ratis.thirdparty.io.netty.channel.nio.NioEventLoop.processSelectedKeysOptimized(NioEventLoop.java:579)
	at org.apache.ratis.thirdparty.io.netty.channel.nio.NioEventLoop.processSelectedKeys(NioEventLoop.java:496)
	at org.apache.ratis.thirdparty.io.netty.channel.nio.NioEventLoop.run(NioEventLoop.java:458)
	at org.apache.ratis.thirdparty.io.netty.util.concurrent.SingleThreadEventExecutor$5.run(SingleThreadEventExecutor.java:897)
	at org.apache.ratis.thirdparty.io.netty.util.concurrent.FastThreadLocalRunnable.run(FastThreadLocalRunnable.java:30)
	... 1 more
Caused by: java.net.ConnectException: Connection refused
	... 11 more
2019-10-20 13:11:20,939 [7660b851-9671-46a6-9e1d-7d946f95d492@group-42C3DBE2B33D-LeaderElection3468] INFO  impl.LeaderElection (LeaderElection.java:logAndReturn(56)) - 7660b851-9671-46a6-9e1d-7d946f95d492@group-42C3DBE2B33D-LeaderElection3468: Election REJECTED; received 0 response(s) [] and 2 exception(s); 7660b851-9671-46a6-9e1d-7d946f95d492@group-42C3DBE2B33D:t190, leader=null, voted=7660b851-9671-46a6-9e1d-7d946f95d492, raftlog=7660b851-9671-46a6-9e1d-7d946f95d492@group-42C3DBE2B33D-SegmentedRaftLog:OPENED:c-1,f-1,i0, conf=-1: [fdf19479-69c2-4639-b68c-6adde78ca28a:192.168.157.204:42858, 1ac0a8d4-e534-43ce-83b1-426d47a3040d:192.168.157.204:32953, 7660b851-9671-46a6-9e1d-7d946f95d492:192.168.157.204:41682], old=null
2019-10-20 13:11:20,939 [7660b851-9671-46a6-9e1d-7d946f95d492@group-42C3DBE2B33D-LeaderElection3468] INFO  impl.LeaderElection (LogUtils.java:infoOrTrace(149)) -   Exception 0: {}
java.util.concurrent.ExecutionException: org.apache.ratis.thirdparty.io.grpc.StatusRuntimeException: UNAVAILABLE: io exception
	at java.util.concurrent.FutureTask.report(FutureTask.java:122)
	at java.util.concurrent.FutureTask.get(FutureTask.java:192)
	at org.apache.ratis.server.impl.LeaderElection.waitForResults(LeaderElection.java:259)
	at org.apache.ratis.server.impl.LeaderElection.askForVotes(LeaderElection.java:197)
	at org.apache.ratis.server.impl.LeaderElection.run(LeaderElection.java:133)
	at java.lang.Thread.run(Thread.java:748)
Caused by: org.apache.ratis.thirdparty.io.grpc.StatusRuntimeException: UNAVAILABLE: io exception
	at org.apache.ratis.thirdparty.io.grpc.stub.ClientCalls.toStatusRuntimeException(ClientCalls.java:233)
	at org.apache.ratis.thirdparty.io.grpc.stub.ClientCalls.getUnchecked(ClientCalls.java:214)
	at org.apache.ratis.thirdparty.io.grpc.stub.ClientCalls.blockingUnaryCall(ClientCalls.java:139)
	at org.apache.ratis.proto.grpc.RaftServerProtocolServiceGrpc$RaftServerProtocolServiceBlockingStub.requestVote(RaftServerProtocolServiceGrpc.java:265)
	at org.apache.ratis.grpc.server.GrpcServerProtocolClient.requestVote(GrpcServerProtocolClient.java:99)
	at org.apache.ratis.grpc.server.GrpcService.requestVote(GrpcService.java:204)
	at org.apache.ratis.server.impl.LeaderElection.lambda$submitRequests$1(LeaderElection.java:234)
	at java.util.concurrent.FutureTask.run(FutureTask.java:266)
	at java.util.concurrent.Executors$RunnableAdapter.call(Executors.java:511)
	at java.util.concurrent.FutureTask.run(FutureTask.java:266)
	at java.util.concurrent.ThreadPoolExecutor.runWorker(ThreadPoolExecutor.java:1149)
	at java.util.concurrent.ThreadPoolExecutor$Worker.run(ThreadPoolExecutor.java:624)
	... 1 more
Caused by: org.apache.ratis.thirdparty.io.netty.channel.AbstractChannel$AnnotatedConnectException: Connection refused: /192.168.157.204:42858
	at sun.nio.ch.SocketChannelImpl.checkConnect(Native Method)
	at sun.nio.ch.SocketChannelImpl.finishConnect(SocketChannelImpl.java:717)
	at org.apache.ratis.thirdparty.io.netty.channel.socket.nio.NioSocketChannel.doFinishConnect(NioSocketChannel.java:327)
	at org.apache.ratis.thirdparty.io.netty.channel.nio.AbstractNioChannel$AbstractNioUnsafe.finishConnect(AbstractNioChannel.java:340)
	at org.apache.ratis.thirdparty.io.netty.channel.nio.NioEventLoop.processSelectedKey(NioEventLoop.java:632)
	at org.apache.ratis.thirdparty.io.netty.channel.nio.NioEventLoop.processSelectedKeysOptimized(NioEventLoop.java:579)
	at org.apache.ratis.thirdparty.io.netty.channel.nio.NioEventLoop.processSelectedKeys(NioEventLoop.java:496)
	at org.apache.ratis.thirdparty.io.netty.channel.nio.NioEventLoop.run(NioEventLoop.java:458)
	at org.apache.ratis.thirdparty.io.netty.util.concurrent.SingleThreadEventExecutor$5.run(SingleThreadEventExecutor.java:897)
	at org.apache.ratis.thirdparty.io.netty.util.concurrent.FastThreadLocalRunnable.run(FastThreadLocalRunnable.java:30)
	... 1 more
Caused by: java.net.ConnectException: Connection refused
	... 11 more
2019-10-20 13:11:20,939 [7660b851-9671-46a6-9e1d-7d946f95d492@group-42C3DBE2B33D-LeaderElection3468] INFO  impl.LeaderElection (LogUtils.java:infoOrTrace(149)) -   Exception 1: {}
java.util.concurrent.ExecutionException: org.apache.ratis.thirdparty.io.grpc.StatusRuntimeException: UNAVAILABLE: io exception
	at java.util.concurrent.FutureTask.report(FutureTask.java:122)
	at java.util.concurrent.FutureTask.get(FutureTask.java:192)
	at org.apache.ratis.server.impl.LeaderElection.waitForResults(LeaderElection.java:259)
	at org.apache.ratis.server.impl.LeaderElection.askForVotes(LeaderElection.java:197)
	at org.apache.ratis.server.impl.LeaderElection.run(LeaderElection.java:133)
	at java.lang.Thread.run(Thread.java:748)
Caused by: org.apache.ratis.thirdparty.io.grpc.StatusRuntimeException: UNAVAILABLE: io exception
	at org.apache.ratis.thirdparty.io.grpc.stub.ClientCalls.toStatusRuntimeException(ClientCalls.java:233)
	at org.apache.ratis.thirdparty.io.grpc.stub.ClientCalls.getUnchecked(ClientCalls.java:214)
	at org.apache.ratis.thirdparty.io.grpc.stub.ClientCalls.blockingUnaryCall(ClientCalls.java:139)
	at org.apache.ratis.proto.grpc.RaftServerProtocolServiceGrpc$RaftServerProtocolServiceBlockingStub.requestVote(RaftServerProtocolServiceGrpc.java:265)
	at org.apache.ratis.grpc.server.GrpcServerProtocolClient.requestVote(GrpcServerProtocolClient.java:99)
	at org.apache.ratis.grpc.server.GrpcService.requestVote(GrpcService.java:204)
	at org.apache.ratis.server.impl.LeaderElection.lambda$submitRequests$1(LeaderElection.java:234)
	at java.util.concurrent.FutureTask.run(FutureTask.java:266)
	at java.util.concurrent.Executors$RunnableAdapter.call(Executors.java:511)
	at java.util.concurrent.FutureTask.run(FutureTask.java:266)
	at java.util.concurrent.ThreadPoolExecutor.runWorker(ThreadPoolExecutor.java:1149)
	at java.util.concurrent.ThreadPoolExecutor$Worker.run(ThreadPoolExecutor.java:624)
	... 1 more
Caused by: org.apache.ratis.thirdparty.io.netty.channel.AbstractChannel$AnnotatedConnectException: Connection refused: /192.168.157.204:32953
	at sun.nio.ch.SocketChannelImpl.checkConnect(Native Method)
	at sun.nio.ch.SocketChannelImpl.finishConnect(SocketChannelImpl.java:717)
	at org.apache.ratis.thirdparty.io.netty.channel.socket.nio.NioSocketChannel.doFinishConnect(NioSocketChannel.java:327)
	at org.apache.ratis.thirdparty.io.netty.channel.nio.AbstractNioChannel$AbstractNioUnsafe.finishConnect(AbstractNioChannel.java:340)
	at org.apache.ratis.thirdparty.io.netty.channel.nio.NioEventLoop.processSelectedKey(NioEventLoop.java:632)
	at org.apache.ratis.thirdparty.io.netty.channel.nio.NioEventLoop.processSelectedKeysOptimized(NioEventLoop.java:579)
	at org.apache.ratis.thirdparty.io.netty.channel.nio.NioEventLoop.processSelectedKeys(NioEventLoop.java:496)
	at org.apache.ratis.thirdparty.io.netty.channel.nio.NioEventLoop.run(NioEventLoop.java:458)
	at org.apache.ratis.thirdparty.io.netty.util.concurrent.SingleThreadEventExecutor$5.run(SingleThreadEventExecutor.java:897)
	at org.apache.ratis.thirdparty.io.netty.util.concurrent.FastThreadLocalRunnable.run(FastThreadLocalRunnable.java:30)
	... 1 more
Caused by: java.net.ConnectException: Connection refused
	... 11 more
2019-10-20 13:11:20,940 [7660b851-9671-46a6-9e1d-7d946f95d492@group-42C3DBE2B33D-LeaderElection3468] INFO  impl.RaftServerImpl (RaftServerImpl.java:setRole(184)) - 7660b851-9671-46a6-9e1d-7d946f95d492@group-42C3DBE2B33D: changes role from CANDIDATE to FOLLOWER at term 190 for DISCOVERED_A_NEW_TERM
2019-10-20 13:11:20,940 [7660b851-9671-46a6-9e1d-7d946f95d492@group-42C3DBE2B33D-LeaderElection3468] INFO  impl.RoleInfo (RoleInfo.java:shutdownLeaderElection(134)) - 7660b851-9671-46a6-9e1d-7d946f95d492: shutdown LeaderElection
2019-10-20 13:11:20,940 [7660b851-9671-46a6-9e1d-7d946f95d492@group-42C3DBE2B33D-LeaderElection3468] INFO  impl.RoleInfo (RoleInfo.java:updateAndGet(143)) - 7660b851-9671-46a6-9e1d-7d946f95d492: start FollowerState
2019-10-20 13:11:21,077 [Thread-25834] INFO  impl.FollowerState (FollowerState.java:run(108)) - 7660b851-9671-46a6-9e1d-7d946f95d492@group-42C3DBE2B33D-FollowerState: change to CANDIDATE, lastRpcTime:137ms, electionTimeout:137ms
2019-10-20 13:11:21,077 [Thread-25834] INFO  impl.RoleInfo (RoleInfo.java:shutdownFollowerState(121)) - 7660b851-9671-46a6-9e1d-7d946f95d492: shutdown FollowerState
2019-10-20 13:11:21,077 [Thread-25834] INFO  impl.RaftServerImpl (RaftServerImpl.java:setRole(184)) - 7660b851-9671-46a6-9e1d-7d946f95d492@group-42C3DBE2B33D: changes role from  FOLLOWER to CANDIDATE at term 190 for changeToCandidate
2019-10-20 13:11:21,078 [Thread-25834] INFO  impl.RoleInfo (RoleInfo.java:updateAndGet(143)) - 7660b851-9671-46a6-9e1d-7d946f95d492: start LeaderElection
2019-10-20 13:11:21,091 [7660b851-9671-46a6-9e1d-7d946f95d492@group-42C3DBE2B33D-LeaderElection3469] INFO  impl.LeaderElection (LeaderElection.java:askForVotes(178)) - 7660b851-9671-46a6-9e1d-7d946f95d492@group-42C3DBE2B33D-LeaderElection3469: begin an election at term 191 for -1: [fdf19479-69c2-4639-b68c-6adde78ca28a:192.168.157.204:42858, 1ac0a8d4-e534-43ce-83b1-426d47a3040d:192.168.157.204:32953, 7660b851-9671-46a6-9e1d-7d946f95d492:192.168.157.204:41682], old=null
2019-10-20 13:11:21,091 [7660b851-9671-46a6-9e1d-7d946f95d492@group-42C3DBE2B33D-LeaderElection3469] INFO  impl.LeaderElection (LogUtils.java:infoOrTrace(149)) - 7660b851-9671-46a6-9e1d-7d946f95d492@group-42C3DBE2B33D-LeaderElection3469 got exception when requesting votes: {}
java.util.concurrent.ExecutionException: org.apache.ratis.thirdparty.io.grpc.StatusRuntimeException: UNAVAILABLE: io exception
	at java.util.concurrent.FutureTask.report(FutureTask.java:122)
	at java.util.concurrent.FutureTask.get(FutureTask.java:192)
	at org.apache.ratis.server.impl.LeaderElection.waitForResults(LeaderElection.java:259)
	at org.apache.ratis.server.impl.LeaderElection.askForVotes(LeaderElection.java:197)
	at org.apache.ratis.server.impl.LeaderElection.run(LeaderElection.java:133)
	at java.lang.Thread.run(Thread.java:748)
Caused by: org.apache.ratis.thirdparty.io.grpc.StatusRuntimeException: UNAVAILABLE: io exception
	at org.apache.ratis.thirdparty.io.grpc.stub.ClientCalls.toStatusRuntimeException(ClientCalls.java:233)
	at org.apache.ratis.thirdparty.io.grpc.stub.ClientCalls.getUnchecked(ClientCalls.java:214)
	at org.apache.ratis.thirdparty.io.grpc.stub.ClientCalls.blockingUnaryCall(ClientCalls.java:139)
	at org.apache.ratis.proto.grpc.RaftServerProtocolServiceGrpc$RaftServerProtocolServiceBlockingStub.requestVote(RaftServerProtocolServiceGrpc.java:265)
	at org.apache.ratis.grpc.server.GrpcServerProtocolClient.requestVote(GrpcServerProtocolClient.java:99)
	at org.apache.ratis.grpc.server.GrpcService.requestVote(GrpcService.java:204)
	at org.apache.ratis.server.impl.LeaderElection.lambda$submitRequests$1(LeaderElection.java:234)
	at java.util.concurrent.FutureTask.run(FutureTask.java:266)
	at java.util.concurrent.Executors$RunnableAdapter.call(Executors.java:511)
	at java.util.concurrent.FutureTask.run(FutureTask.java:266)
	at java.util.concurrent.ThreadPoolExecutor.runWorker(ThreadPoolExecutor.java:1149)
	at java.util.concurrent.ThreadPoolExecutor$Worker.run(ThreadPoolExecutor.java:624)
	... 1 more
Caused by: org.apache.ratis.thirdparty.io.netty.channel.AbstractChannel$AnnotatedConnectException: Connection refused: /192.168.157.204:42858
	at sun.nio.ch.SocketChannelImpl.checkConnect(Native Method)
	at sun.nio.ch.SocketChannelImpl.finishConnect(SocketChannelImpl.java:717)
	at org.apache.ratis.thirdparty.io.netty.channel.socket.nio.NioSocketChannel.doFinishConnect(NioSocketChannel.java:327)
	at org.apache.ratis.thirdparty.io.netty.channel.nio.AbstractNioChannel$AbstractNioUnsafe.finishConnect(AbstractNioChannel.java:340)
	at org.apache.ratis.thirdparty.io.netty.channel.nio.NioEventLoop.processSelectedKey(NioEventLoop.java:632)
	at org.apache.ratis.thirdparty.io.netty.channel.nio.NioEventLoop.processSelectedKeysOptimized(NioEventLoop.java:579)
	at org.apache.ratis.thirdparty.io.netty.channel.nio.NioEventLoop.processSelectedKeys(NioEventLoop.java:496)
	at org.apache.ratis.thirdparty.io.netty.channel.nio.NioEventLoop.run(NioEventLoop.java:458)
	at org.apache.ratis.thirdparty.io.netty.util.concurrent.SingleThreadEventExecutor$5.run(SingleThreadEventExecutor.java:897)
	at org.apache.ratis.thirdparty.io.netty.util.concurrent.FastThreadLocalRunnable.run(FastThreadLocalRunnable.java:30)
	... 1 more
Caused by: java.net.ConnectException: Connection refused
	... 11 more
2019-10-20 13:11:21,091 [7660b851-9671-46a6-9e1d-7d946f95d492@group-42C3DBE2B33D-LeaderElection3469] INFO  impl.LeaderElection (LogUtils.java:infoOrTrace(149)) - 7660b851-9671-46a6-9e1d-7d946f95d492@group-42C3DBE2B33D-LeaderElection3469 got exception when requesting votes: {}
java.util.concurrent.ExecutionException: org.apache.ratis.thirdparty.io.grpc.StatusRuntimeException: UNAVAILABLE: io exception
	at java.util.concurrent.FutureTask.report(FutureTask.java:122)
	at java.util.concurrent.FutureTask.get(FutureTask.java:192)
	at org.apache.ratis.server.impl.LeaderElection.waitForResults(LeaderElection.java:259)
	at org.apache.ratis.server.impl.LeaderElection.askForVotes(LeaderElection.java:197)
	at org.apache.ratis.server.impl.LeaderElection.run(LeaderElection.java:133)
	at java.lang.Thread.run(Thread.java:748)
Caused by: org.apache.ratis.thirdparty.io.grpc.StatusRuntimeException: UNAVAILABLE: io exception
	at org.apache.ratis.thirdparty.io.grpc.stub.ClientCalls.toStatusRuntimeException(ClientCalls.java:233)
	at org.apache.ratis.thirdparty.io.grpc.stub.ClientCalls.getUnchecked(ClientCalls.java:214)
	at org.apache.ratis.thirdparty.io.grpc.stub.ClientCalls.blockingUnaryCall(ClientCalls.java:139)
	at org.apache.ratis.proto.grpc.RaftServerProtocolServiceGrpc$RaftServerProtocolServiceBlockingStub.requestVote(RaftServerProtocolServiceGrpc.java:265)
	at org.apache.ratis.grpc.server.GrpcServerProtocolClient.requestVote(GrpcServerProtocolClient.java:99)
	at org.apache.ratis.grpc.server.GrpcService.requestVote(GrpcService.java:204)
	at org.apache.ratis.server.impl.LeaderElection.lambda$submitRequests$1(LeaderElection.java:234)
	at java.util.concurrent.FutureTask.run(FutureTask.java:266)
	at java.util.concurrent.Executors$RunnableAdapter.call(Executors.java:511)
	at java.util.concurrent.FutureTask.run(FutureTask.java:266)
	at java.util.concurrent.ThreadPoolExecutor.runWorker(ThreadPoolExecutor.java:1149)
	at java.util.concurrent.ThreadPoolExecutor$Worker.run(ThreadPoolExecutor.java:624)
	... 1 more
Caused by: org.apache.ratis.thirdparty.io.netty.channel.AbstractChannel$AnnotatedConnectException: Connection refused: /192.168.157.204:32953
	at sun.nio.ch.SocketChannelImpl.checkConnect(Native Method)
	at sun.nio.ch.SocketChannelImpl.finishConnect(SocketChannelImpl.java:717)
	at org.apache.ratis.thirdparty.io.netty.channel.socket.nio.NioSocketChannel.doFinishConnect(NioSocketChannel.java:327)
	at org.apache.ratis.thirdparty.io.netty.channel.nio.AbstractNioChannel$AbstractNioUnsafe.finishConnect(AbstractNioChannel.java:340)
	at org.apache.ratis.thirdparty.io.netty.channel.nio.NioEventLoop.processSelectedKey(NioEventLoop.java:632)
	at org.apache.ratis.thirdparty.io.netty.channel.nio.NioEventLoop.processSelectedKeysOptimized(NioEventLoop.java:579)
	at org.apache.ratis.thirdparty.io.netty.channel.nio.NioEventLoop.processSelectedKeys(NioEventLoop.java:496)
	at org.apache.ratis.thirdparty.io.netty.channel.nio.NioEventLoop.run(NioEventLoop.java:458)
	at org.apache.ratis.thirdparty.io.netty.util.concurrent.SingleThreadEventExecutor$5.run(SingleThreadEventExecutor.java:897)
	at org.apache.ratis.thirdparty.io.netty.util.concurrent.FastThreadLocalRunnable.run(FastThreadLocalRunnable.java:30)
	... 1 more
Caused by: java.net.ConnectException: Connection refused
	... 11 more
2019-10-20 13:11:21,092 [7660b851-9671-46a6-9e1d-7d946f95d492@group-42C3DBE2B33D-LeaderElection3469] INFO  impl.LeaderElection (LeaderElection.java:logAndReturn(56)) - 7660b851-9671-46a6-9e1d-7d946f95d492@group-42C3DBE2B33D-LeaderElection3469: Election REJECTED; received 0 response(s) [] and 2 exception(s); 7660b851-9671-46a6-9e1d-7d946f95d492@group-42C3DBE2B33D:t191, leader=null, voted=7660b851-9671-46a6-9e1d-7d946f95d492, raftlog=7660b851-9671-46a6-9e1d-7d946f95d492@group-42C3DBE2B33D-SegmentedRaftLog:OPENED:c-1,f-1,i0, conf=-1: [fdf19479-69c2-4639-b68c-6adde78ca28a:192.168.157.204:42858, 1ac0a8d4-e534-43ce-83b1-426d47a3040d:192.168.157.204:32953, 7660b851-9671-46a6-9e1d-7d946f95d492:192.168.157.204:41682], old=null
2019-10-20 13:11:21,092 [7660b851-9671-46a6-9e1d-7d946f95d492@group-42C3DBE2B33D-LeaderElection3469] INFO  impl.LeaderElection (LogUtils.java:infoOrTrace(149)) -   Exception 0: {}
java.util.concurrent.ExecutionException: org.apache.ratis.thirdparty.io.grpc.StatusRuntimeException: UNAVAILABLE: io exception
	at java.util.concurrent.FutureTask.report(FutureTask.java:122)
	at java.util.concurrent.FutureTask.get(FutureTask.java:192)
	at org.apache.ratis.server.impl.LeaderElection.waitForResults(LeaderElection.java:259)
	at org.apache.ratis.server.impl.LeaderElection.askForVotes(LeaderElection.java:197)
	at org.apache.ratis.server.impl.LeaderElection.run(LeaderElection.java:133)
	at java.lang.Thread.run(Thread.java:748)
Caused by: org.apache.ratis.thirdparty.io.grpc.StatusRuntimeException: UNAVAILABLE: io exception
	at org.apache.ratis.thirdparty.io.grpc.stub.ClientCalls.toStatusRuntimeException(ClientCalls.java:233)
	at org.apache.ratis.thirdparty.io.grpc.stub.ClientCalls.getUnchecked(ClientCalls.java:214)
	at org.apache.ratis.thirdparty.io.grpc.stub.ClientCalls.blockingUnaryCall(ClientCalls.java:139)
	at org.apache.ratis.proto.grpc.RaftServerProtocolServiceGrpc$RaftServerProtocolServiceBlockingStub.requestVote(RaftServerProtocolServiceGrpc.java:265)
	at org.apache.ratis.grpc.server.GrpcServerProtocolClient.requestVote(GrpcServerProtocolClient.java:99)
	at org.apache.ratis.grpc.server.GrpcService.requestVote(GrpcService.java:204)
	at org.apache.ratis.server.impl.LeaderElection.lambda$submitRequests$1(LeaderElection.java:234)
	at java.util.concurrent.FutureTask.run(FutureTask.java:266)
	at java.util.concurrent.Executors$RunnableAdapter.call(Executors.java:511)
	at java.util.concurrent.FutureTask.run(FutureTask.java:266)
	at java.util.concurrent.ThreadPoolExecutor.runWorker(ThreadPoolExecutor.java:1149)
	at java.util.concurrent.ThreadPoolExecutor$Worker.run(ThreadPoolExecutor.java:624)
	... 1 more
Caused by: org.apache.ratis.thirdparty.io.netty.channel.AbstractChannel$AnnotatedConnectException: Connection refused: /192.168.157.204:42858
	at sun.nio.ch.SocketChannelImpl.checkConnect(Native Method)
	at sun.nio.ch.SocketChannelImpl.finishConnect(SocketChannelImpl.java:717)
	at org.apache.ratis.thirdparty.io.netty.channel.socket.nio.NioSocketChannel.doFinishConnect(NioSocketChannel.java:327)
	at org.apache.ratis.thirdparty.io.netty.channel.nio.AbstractNioChannel$AbstractNioUnsafe.finishConnect(AbstractNioChannel.java:340)
	at org.apache.ratis.thirdparty.io.netty.channel.nio.NioEventLoop.processSelectedKey(NioEventLoop.java:632)
	at org.apache.ratis.thirdparty.io.netty.channel.nio.NioEventLoop.processSelectedKeysOptimized(NioEventLoop.java:579)
	at org.apache.ratis.thirdparty.io.netty.channel.nio.NioEventLoop.processSelectedKeys(NioEventLoop.java:496)
	at org.apache.ratis.thirdparty.io.netty.channel.nio.NioEventLoop.run(NioEventLoop.java:458)
	at org.apache.ratis.thirdparty.io.netty.util.concurrent.SingleThreadEventExecutor$5.run(SingleThreadEventExecutor.java:897)
	at org.apache.ratis.thirdparty.io.netty.util.concurrent.FastThreadLocalRunnable.run(FastThreadLocalRunnable.java:30)
	... 1 more
Caused by: java.net.ConnectException: Connection refused
	... 11 more
2019-10-20 13:11:21,092 [7660b851-9671-46a6-9e1d-7d946f95d492@group-42C3DBE2B33D-LeaderElection3469] INFO  impl.LeaderElection (LogUtils.java:infoOrTrace(149)) -   Exception 1: {}
java.util.concurrent.ExecutionException: org.apache.ratis.thirdparty.io.grpc.StatusRuntimeException: UNAVAILABLE: io exception
	at java.util.concurrent.FutureTask.report(FutureTask.java:122)
	at java.util.concurrent.FutureTask.get(FutureTask.java:192)
	at org.apache.ratis.server.impl.LeaderElection.waitForResults(LeaderElection.java:259)
	at org.apache.ratis.server.impl.LeaderElection.askForVotes(LeaderElection.java:197)
	at org.apache.ratis.server.impl.LeaderElection.run(LeaderElection.java:133)
	at java.lang.Thread.run(Thread.java:748)
Caused by: org.apache.ratis.thirdparty.io.grpc.StatusRuntimeException: UNAVAILABLE: io exception
	at org.apache.ratis.thirdparty.io.grpc.stub.ClientCalls.toStatusRuntimeException(ClientCalls.java:233)
	at org.apache.ratis.thirdparty.io.grpc.stub.ClientCalls.getUnchecked(ClientCalls.java:214)
	at org.apache.ratis.thirdparty.io.grpc.stub.ClientCalls.blockingUnaryCall(ClientCalls.java:139)
	at org.apache.ratis.proto.grpc.RaftServerProtocolServiceGrpc$RaftServerProtocolServiceBlockingStub.requestVote(RaftServerProtocolServiceGrpc.java:265)
	at org.apache.ratis.grpc.server.GrpcServerProtocolClient.requestVote(GrpcServerProtocolClient.java:99)
	at org.apache.ratis.grpc.server.GrpcService.requestVote(GrpcService.java:204)
	at org.apache.ratis.server.impl.LeaderElection.lambda$submitRequests$1(LeaderElection.java:234)
	at java.util.concurrent.FutureTask.run(FutureTask.java:266)
	at java.util.concurrent.Executors$RunnableAdapter.call(Executors.java:511)
	at java.util.concurrent.FutureTask.run(FutureTask.java:266)
	at java.util.concurrent.ThreadPoolExecutor.runWorker(ThreadPoolExecutor.java:1149)
	at java.util.concurrent.ThreadPoolExecutor$Worker.run(ThreadPoolExecutor.java:624)
	... 1 more
Caused by: org.apache.ratis.thirdparty.io.netty.channel.AbstractChannel$AnnotatedConnectException: Connection refused: /192.168.157.204:32953
	at sun.nio.ch.SocketChannelImpl.checkConnect(Native Method)
	at sun.nio.ch.SocketChannelImpl.finishConnect(SocketChannelImpl.java:717)
	at org.apache.ratis.thirdparty.io.netty.channel.socket.nio.NioSocketChannel.doFinishConnect(NioSocketChannel.java:327)
	at org.apache.ratis.thirdparty.io.netty.channel.nio.AbstractNioChannel$AbstractNioUnsafe.finishConnect(AbstractNioChannel.java:340)
	at org.apache.ratis.thirdparty.io.netty.channel.nio.NioEventLoop.processSelectedKey(NioEventLoop.java:632)
	at org.apache.ratis.thirdparty.io.netty.channel.nio.NioEventLoop.processSelectedKeysOptimized(NioEventLoop.java:579)
	at org.apache.ratis.thirdparty.io.netty.channel.nio.NioEventLoop.processSelectedKeys(NioEventLoop.java:496)
	at org.apache.ratis.thirdparty.io.netty.channel.nio.NioEventLoop.run(NioEventLoop.java:458)
	at org.apache.ratis.thirdparty.io.netty.util.concurrent.SingleThreadEventExecutor$5.run(SingleThreadEventExecutor.java:897)
	at org.apache.ratis.thirdparty.io.netty.util.concurrent.FastThreadLocalRunnable.run(FastThreadLocalRunnable.java:30)
	... 1 more
Caused by: java.net.ConnectException: Connection refused
	... 11 more
2019-10-20 13:11:21,092 [7660b851-9671-46a6-9e1d-7d946f95d492@group-42C3DBE2B33D-LeaderElection3469] INFO  impl.RaftServerImpl (RaftServerImpl.java:setRole(184)) - 7660b851-9671-46a6-9e1d-7d946f95d492@group-42C3DBE2B33D: changes role from CANDIDATE to FOLLOWER at term 191 for DISCOVERED_A_NEW_TERM
2019-10-20 13:11:21,092 [7660b851-9671-46a6-9e1d-7d946f95d492@group-42C3DBE2B33D-LeaderElection3469] INFO  impl.RoleInfo (RoleInfo.java:shutdownLeaderElection(134)) - 7660b851-9671-46a6-9e1d-7d946f95d492: shutdown LeaderElection
2019-10-20 13:11:21,092 [7660b851-9671-46a6-9e1d-7d946f95d492@group-42C3DBE2B33D-LeaderElection3469] INFO  impl.RoleInfo (RoleInfo.java:updateAndGet(143)) - 7660b851-9671-46a6-9e1d-7d946f95d492: start FollowerState
2019-10-20 13:11:21,182 [Thread-25838] INFO  impl.FollowerState (FollowerState.java:run(108)) - 7660b851-9671-46a6-9e1d-7d946f95d492@group-42C3DBE2B33D-FollowerState: change to CANDIDATE, lastRpcTime:89ms, electionTimeout:89ms
2019-10-20 13:11:21,182 [Thread-25838] INFO  impl.RoleInfo (RoleInfo.java:shutdownFollowerState(121)) - 7660b851-9671-46a6-9e1d-7d946f95d492: shutdown FollowerState
2019-10-20 13:11:21,182 [Thread-25838] INFO  impl.RaftServerImpl (RaftServerImpl.java:setRole(184)) - 7660b851-9671-46a6-9e1d-7d946f95d492@group-42C3DBE2B33D: changes role from  FOLLOWER to CANDIDATE at term 191 for changeToCandidate
2019-10-20 13:11:21,182 [Thread-25838] INFO  impl.RoleInfo (RoleInfo.java:updateAndGet(143)) - 7660b851-9671-46a6-9e1d-7d946f95d492: start LeaderElection
2019-10-20 13:11:21,191 [Thread-24572] INFO  impl.FollowerState (FollowerState.java:run(108)) - 92caf199-1518-46a4-aa0d-e8059f4ddc2b@group-8AAF828E5632-FollowerState: change to CANDIDATE, lastRpcTime:1561ms, electionTimeout:1166ms
2019-10-20 13:11:21,192 [Thread-24572] INFO  impl.RoleInfo (RoleInfo.java:shutdownFollowerState(121)) - 92caf199-1518-46a4-aa0d-e8059f4ddc2b: shutdown FollowerState
2019-10-20 13:11:21,192 [Thread-24572] INFO  impl.RaftServerImpl (RaftServerImpl.java:setRole(184)) - 92caf199-1518-46a4-aa0d-e8059f4ddc2b@group-8AAF828E5632: changes role from  FOLLOWER to CANDIDATE at term 2 for changeToCandidate
2019-10-20 13:11:21,192 [Thread-24572] INFO  impl.RoleInfo (RoleInfo.java:updateAndGet(143)) - 92caf199-1518-46a4-aa0d-e8059f4ddc2b: start LeaderElection
2019-10-20 13:11:21,192 [92caf199-1518-46a4-aa0d-e8059f4ddc2b@group-8AAF828E5632-LeaderElection3471] INFO  impl.RaftServerImpl (ServerState.java:setLeader(256)) - 92caf199-1518-46a4-aa0d-e8059f4ddc2b@group-8AAF828E5632: change Leader from d7eba74f-c3d7-492f-90de-a44c4d301567 to null at term 2 for initElection
2019-10-20 13:11:21,196 [7660b851-9671-46a6-9e1d-7d946f95d492@group-42C3DBE2B33D-LeaderElection3470] INFO  impl.LeaderElection (LeaderElection.java:askForVotes(178)) - 7660b851-9671-46a6-9e1d-7d946f95d492@group-42C3DBE2B33D-LeaderElection3470: begin an election at term 192 for -1: [fdf19479-69c2-4639-b68c-6adde78ca28a:192.168.157.204:42858, 1ac0a8d4-e534-43ce-83b1-426d47a3040d:192.168.157.204:32953, 7660b851-9671-46a6-9e1d-7d946f95d492:192.168.157.204:41682], old=null
2019-10-20 13:11:21,196 [92caf199-1518-46a4-aa0d-e8059f4ddc2b@group-8AAF828E5632-LeaderElection3471] INFO  impl.LeaderElection (LeaderElection.java:askForVotes(178)) - 92caf199-1518-46a4-aa0d-e8059f4ddc2b@group-8AAF828E5632-LeaderElection3471: begin an election at term 3 for 0: [92caf199-1518-46a4-aa0d-e8059f4ddc2b:192.168.157.204:44100, d7eba74f-c3d7-492f-90de-a44c4d301567:192.168.157.204:44625, 57d97a36-4998-4a67-afe7-2be16a9f25e7:192.168.157.204:44478], old=null
2019-10-20 13:11:21,197 [7660b851-9671-46a6-9e1d-7d946f95d492@group-42C3DBE2B33D-LeaderElection3470] INFO  impl.LeaderElection (LogUtils.java:infoOrTrace(149)) - 7660b851-9671-46a6-9e1d-7d946f95d492@group-42C3DBE2B33D-LeaderElection3470 got exception when requesting votes: {}
java.util.concurrent.ExecutionException: org.apache.ratis.thirdparty.io.grpc.StatusRuntimeException: UNAVAILABLE: io exception
	at java.util.concurrent.FutureTask.report(FutureTask.java:122)
	at java.util.concurrent.FutureTask.get(FutureTask.java:192)
	at org.apache.ratis.server.impl.LeaderElection.waitForResults(LeaderElection.java:259)
	at org.apache.ratis.server.impl.LeaderElection.askForVotes(LeaderElection.java:197)
	at org.apache.ratis.server.impl.LeaderElection.run(LeaderElection.java:133)
	at java.lang.Thread.run(Thread.java:748)
Caused by: org.apache.ratis.thirdparty.io.grpc.StatusRuntimeException: UNAVAILABLE: io exception
	at org.apache.ratis.thirdparty.io.grpc.stub.ClientCalls.toStatusRuntimeException(ClientCalls.java:233)
	at org.apache.ratis.thirdparty.io.grpc.stub.ClientCalls.getUnchecked(ClientCalls.java:214)
	at org.apache.ratis.thirdparty.io.grpc.stub.ClientCalls.blockingUnaryCall(ClientCalls.java:139)
	at org.apache.ratis.proto.grpc.RaftServerProtocolServiceGrpc$RaftServerProtocolServiceBlockingStub.requestVote(RaftServerProtocolServiceGrpc.java:265)
	at org.apache.ratis.grpc.server.GrpcServerProtocolClient.requestVote(GrpcServerProtocolClient.java:99)
	at org.apache.ratis.grpc.server.GrpcService.requestVote(GrpcService.java:204)
	at org.apache.ratis.server.impl.LeaderElection.lambda$submitRequests$1(LeaderElection.java:234)
	at java.util.concurrent.FutureTask.run(FutureTask.java:266)
	at java.util.concurrent.Executors$RunnableAdapter.call(Executors.java:511)
	at java.util.concurrent.FutureTask.run(FutureTask.java:266)
	at java.util.concurrent.ThreadPoolExecutor.runWorker(ThreadPoolExecutor.java:1149)
	at java.util.concurrent.ThreadPoolExecutor$Worker.run(ThreadPoolExecutor.java:624)
	... 1 more
Caused by: org.apache.ratis.thirdparty.io.netty.channel.AbstractChannel$AnnotatedConnectException: Connection refused: /192.168.157.204:42858
	at sun.nio.ch.SocketChannelImpl.checkConnect(Native Method)
	at sun.nio.ch.SocketChannelImpl.finishConnect(SocketChannelImpl.java:717)
	at org.apache.ratis.thirdparty.io.netty.channel.socket.nio.NioSocketChannel.doFinishConnect(NioSocketChannel.java:327)
	at org.apache.ratis.thirdparty.io.netty.channel.nio.AbstractNioChannel$AbstractNioUnsafe.finishConnect(AbstractNioChannel.java:340)
	at org.apache.ratis.thirdparty.io.netty.channel.nio.NioEventLoop.processSelectedKey(NioEventLoop.java:632)
	at org.apache.ratis.thirdparty.io.netty.channel.nio.NioEventLoop.processSelectedKeysOptimized(NioEventLoop.java:579)
	at org.apache.ratis.thirdparty.io.netty.channel.nio.NioEventLoop.processSelectedKeys(NioEventLoop.java:496)
	at org.apache.ratis.thirdparty.io.netty.channel.nio.NioEventLoop.run(NioEventLoop.java:458)
	at org.apache.ratis.thirdparty.io.netty.util.concurrent.SingleThreadEventExecutor$5.run(SingleThreadEventExecutor.java:897)
	at org.apache.ratis.thirdparty.io.netty.util.concurrent.FastThreadLocalRunnable.run(FastThreadLocalRunnable.java:30)
	... 1 more
Caused by: java.net.ConnectException: Connection refused
	... 11 more
2019-10-20 13:11:21,197 [7660b851-9671-46a6-9e1d-7d946f95d492@group-42C3DBE2B33D-LeaderElection3470] INFO  impl.LeaderElection (LogUtils.java:infoOrTrace(149)) - 7660b851-9671-46a6-9e1d-7d946f95d492@group-42C3DBE2B33D-LeaderElection3470 got exception when requesting votes: {}
java.util.concurrent.ExecutionException: org.apache.ratis.thirdparty.io.grpc.StatusRuntimeException: UNAVAILABLE: io exception
	at java.util.concurrent.FutureTask.report(FutureTask.java:122)
	at java.util.concurrent.FutureTask.get(FutureTask.java:192)
	at org.apache.ratis.server.impl.LeaderElection.waitForResults(LeaderElection.java:259)
	at org.apache.ratis.server.impl.LeaderElection.askForVotes(LeaderElection.java:197)
	at org.apache.ratis.server.impl.LeaderElection.run(LeaderElection.java:133)
	at java.lang.Thread.run(Thread.java:748)
Caused by: org.apache.ratis.thirdparty.io.grpc.StatusRuntimeException: UNAVAILABLE: io exception
	at org.apache.ratis.thirdparty.io.grpc.stub.ClientCalls.toStatusRuntimeException(ClientCalls.java:233)
	at org.apache.ratis.thirdparty.io.grpc.stub.ClientCalls.getUnchecked(ClientCalls.java:214)
	at org.apache.ratis.thirdparty.io.grpc.stub.ClientCalls.blockingUnaryCall(ClientCalls.java:139)
	at org.apache.ratis.proto.grpc.RaftServerProtocolServiceGrpc$RaftServerProtocolServiceBlockingStub.requestVote(RaftServerProtocolServiceGrpc.java:265)
	at org.apache.ratis.grpc.server.GrpcServerProtocolClient.requestVote(GrpcServerProtocolClient.java:99)
	at org.apache.ratis.grpc.server.GrpcService.requestVote(GrpcService.java:204)
	at org.apache.ratis.server.impl.LeaderElection.lambda$submitRequests$1(LeaderElection.java:234)
	at java.util.concurrent.FutureTask.run(FutureTask.java:266)
	at java.util.concurrent.Executors$RunnableAdapter.call(Executors.java:511)
	at java.util.concurrent.FutureTask.run(FutureTask.java:266)
	at java.util.concurrent.ThreadPoolExecutor.runWorker(ThreadPoolExecutor.java:1149)
	at java.util.concurrent.ThreadPoolExecutor$Worker.run(ThreadPoolExecutor.java:624)
	... 1 more
Caused by: org.apache.ratis.thirdparty.io.netty.channel.AbstractChannel$AnnotatedConnectException: Connection refused: /192.168.157.204:32953
	at sun.nio.ch.SocketChannelImpl.checkConnect(Native Method)
	at sun.nio.ch.SocketChannelImpl.finishConnect(SocketChannelImpl.java:717)
	at org.apache.ratis.thirdparty.io.netty.channel.socket.nio.NioSocketChannel.doFinishConnect(NioSocketChannel.java:327)
	at org.apache.ratis.thirdparty.io.netty.channel.nio.AbstractNioChannel$AbstractNioUnsafe.finishConnect(AbstractNioChannel.java:340)
	at org.apache.ratis.thirdparty.io.netty.channel.nio.NioEventLoop.processSelectedKey(NioEventLoop.java:632)
	at org.apache.ratis.thirdparty.io.netty.channel.nio.NioEventLoop.processSelectedKeysOptimized(NioEventLoop.java:579)
	at org.apache.ratis.thirdparty.io.netty.channel.nio.NioEventLoop.processSelectedKeys(NioEventLoop.java:496)
	at org.apache.ratis.thirdparty.io.netty.channel.nio.NioEventLoop.run(NioEventLoop.java:458)
	at org.apache.ratis.thirdparty.io.netty.util.concurrent.SingleThreadEventExecutor$5.run(SingleThreadEventExecutor.java:897)
	at org.apache.ratis.thirdparty.io.netty.util.concurrent.FastThreadLocalRunnable.run(FastThreadLocalRunnable.java:30)
	... 1 more
Caused by: java.net.ConnectException: Connection refused
	... 11 more
2019-10-20 13:11:21,198 [grpc-default-executor-2] INFO  impl.RaftServerImpl (ServerState.java:setLeader(256)) - 57d97a36-4998-4a67-afe7-2be16a9f25e7@group-8AAF828E5632: change Leader from d7eba74f-c3d7-492f-90de-a44c4d301567 to null at term 3 for updateCurrentTerm
2019-10-20 13:11:21,198 [92caf199-1518-46a4-aa0d-e8059f4ddc2b@group-8AAF828E5632-LeaderElection3471] INFO  impl.LeaderElection (LogUtils.java:infoOrTrace(149)) - 92caf199-1518-46a4-aa0d-e8059f4ddc2b@group-8AAF828E5632-LeaderElection3471 got exception when requesting votes: {}
java.util.concurrent.ExecutionException: org.apache.ratis.thirdparty.io.grpc.StatusRuntimeException: UNAVAILABLE: io exception
	at java.util.concurrent.FutureTask.report(FutureTask.java:122)
	at java.util.concurrent.FutureTask.get(FutureTask.java:192)
	at org.apache.ratis.server.impl.LeaderElection.waitForResults(LeaderElection.java:259)
	at org.apache.ratis.server.impl.LeaderElection.askForVotes(LeaderElection.java:197)
	at org.apache.ratis.server.impl.LeaderElection.run(LeaderElection.java:133)
	at java.lang.Thread.run(Thread.java:748)
Caused by: org.apache.ratis.thirdparty.io.grpc.StatusRuntimeException: UNAVAILABLE: io exception
	at org.apache.ratis.thirdparty.io.grpc.stub.ClientCalls.toStatusRuntimeException(ClientCalls.java:233)
	at org.apache.ratis.thirdparty.io.grpc.stub.ClientCalls.getUnchecked(ClientCalls.java:214)
	at org.apache.ratis.thirdparty.io.grpc.stub.ClientCalls.blockingUnaryCall(ClientCalls.java:139)
	at org.apache.ratis.proto.grpc.RaftServerProtocolServiceGrpc$RaftServerProtocolServiceBlockingStub.requestVote(RaftServerProtocolServiceGrpc.java:265)
	at org.apache.ratis.grpc.server.GrpcServerProtocolClient.requestVote(GrpcServerProtocolClient.java:99)
	at org.apache.ratis.grpc.server.GrpcService.requestVote(GrpcService.java:204)
	at org.apache.ratis.server.impl.LeaderElection.lambda$submitRequests$1(LeaderElection.java:234)
	at java.util.concurrent.FutureTask.run(FutureTask.java:266)
	at java.util.concurrent.Executors$RunnableAdapter.call(Executors.java:511)
	at java.util.concurrent.FutureTask.run(FutureTask.java:266)
	at java.util.concurrent.ThreadPoolExecutor.runWorker(ThreadPoolExecutor.java:1149)
	at java.util.concurrent.ThreadPoolExecutor$Worker.run(ThreadPoolExecutor.java:624)
	... 1 more
Caused by: org.apache.ratis.thirdparty.io.netty.channel.AbstractChannel$AnnotatedConnectException: Connection refused: /192.168.157.204:44625
	at sun.nio.ch.SocketChannelImpl.checkConnect(Native Method)
	at sun.nio.ch.SocketChannelImpl.finishConnect(SocketChannelImpl.java:717)
	at org.apache.ratis.thirdparty.io.netty.channel.socket.nio.NioSocketChannel.doFinishConnect(NioSocketChannel.java:327)
	at org.apache.ratis.thirdparty.io.netty.channel.nio.AbstractNioChannel$AbstractNioUnsafe.finishConnect(AbstractNioChannel.java:340)
	at org.apache.ratis.thirdparty.io.netty.channel.nio.NioEventLoop.processSelectedKey(NioEventLoop.java:632)
	at org.apache.ratis.thirdparty.io.netty.channel.nio.NioEventLoop.processSelectedKeysOptimized(NioEventLoop.java:579)
	at org.apache.ratis.thirdparty.io.netty.channel.nio.NioEventLoop.processSelectedKeys(NioEventLoop.java:496)
	at org.apache.ratis.thirdparty.io.netty.channel.nio.NioEventLoop.run(NioEventLoop.java:458)
	at org.apache.ratis.thirdparty.io.netty.util.concurrent.SingleThreadEventExecutor$5.run(SingleThreadEventExecutor.java:897)
	at org.apache.ratis.thirdparty.io.netty.util.concurrent.FastThreadLocalRunnable.run(FastThreadLocalRunnable.java:30)
	... 1 more
Caused by: java.net.ConnectException: Connection refused
	... 11 more
2019-10-20 13:11:21,198 [7660b851-9671-46a6-9e1d-7d946f95d492@group-42C3DBE2B33D-LeaderElection3470] INFO  impl.LeaderElection (LeaderElection.java:logAndReturn(56)) - 7660b851-9671-46a6-9e1d-7d946f95d492@group-42C3DBE2B33D-LeaderElection3470: Election REJECTED; received 0 response(s) [] and 2 exception(s); 7660b851-9671-46a6-9e1d-7d946f95d492@group-42C3DBE2B33D:t192, leader=null, voted=7660b851-9671-46a6-9e1d-7d946f95d492, raftlog=7660b851-9671-46a6-9e1d-7d946f95d492@group-42C3DBE2B33D-SegmentedRaftLog:OPENED:c-1,f-1,i0, conf=-1: [fdf19479-69c2-4639-b68c-6adde78ca28a:192.168.157.204:42858, 1ac0a8d4-e534-43ce-83b1-426d47a3040d:192.168.157.204:32953, 7660b851-9671-46a6-9e1d-7d946f95d492:192.168.157.204:41682], old=null
2019-10-20 13:11:21,198 [grpc-default-executor-2] INFO  impl.RaftServerImpl (RaftServerImpl.java:setRole(184)) - 57d97a36-4998-4a67-afe7-2be16a9f25e7@group-8AAF828E5632: changes role from  FOLLOWER to FOLLOWER at term 3 for recognizeCandidate:92caf199-1518-46a4-aa0d-e8059f4ddc2b
2019-10-20 13:11:21,199 [grpc-default-executor-2] INFO  impl.RoleInfo (RoleInfo.java:shutdownFollowerState(121)) - 57d97a36-4998-4a67-afe7-2be16a9f25e7: shutdown FollowerState
2019-10-20 13:11:21,199 [7660b851-9671-46a6-9e1d-7d946f95d492@group-42C3DBE2B33D-LeaderElection3470] INFO  impl.LeaderElection (LogUtils.java:infoOrTrace(149)) -   Exception 0: {}
java.util.concurrent.ExecutionException: org.apache.ratis.thirdparty.io.grpc.StatusRuntimeException: UNAVAILABLE: io exception
	at java.util.concurrent.FutureTask.report(FutureTask.java:122)
	at java.util.concurrent.FutureTask.get(FutureTask.java:192)
	at org.apache.ratis.server.impl.LeaderElection.waitForResults(LeaderElection.java:259)
	at org.apache.ratis.server.impl.LeaderElection.askForVotes(LeaderElection.java:197)
	at org.apache.ratis.server.impl.LeaderElection.run(LeaderElection.java:133)
	at java.lang.Thread.run(Thread.java:748)
Caused by: org.apache.ratis.thirdparty.io.grpc.StatusRuntimeException: UNAVAILABLE: io exception
	at org.apache.ratis.thirdparty.io.grpc.stub.ClientCalls.toStatusRuntimeException(ClientCalls.java:233)
	at org.apache.ratis.thirdparty.io.grpc.stub.ClientCalls.getUnchecked(ClientCalls.java:214)
	at org.apache.ratis.thirdparty.io.grpc.stub.ClientCalls.blockingUnaryCall(ClientCalls.java:139)
	at org.apache.ratis.proto.grpc.RaftServerProtocolServiceGrpc$RaftServerProtocolServiceBlockingStub.requestVote(RaftServerProtocolServiceGrpc.java:265)
	at org.apache.ratis.grpc.server.GrpcServerProtocolClient.requestVote(GrpcServerProtocolClient.java:99)
	at org.apache.ratis.grpc.server.GrpcService.requestVote(GrpcService.java:204)
	at org.apache.ratis.server.impl.LeaderElection.lambda$submitRequests$1(LeaderElection.java:234)
	at java.util.concurrent.FutureTask.run(FutureTask.java:266)
	at java.util.concurrent.Executors$RunnableAdapter.call(Executors.java:511)
	at java.util.concurrent.FutureTask.run(FutureTask.java:266)
	at java.util.concurrent.ThreadPoolExecutor.runWorker(ThreadPoolExecutor.java:1149)
	at java.util.concurrent.ThreadPoolExecutor$Worker.run(ThreadPoolExecutor.java:624)
	... 1 more
Caused by: org.apache.ratis.thirdparty.io.netty.channel.AbstractChannel$AnnotatedConnectException: Connection refused: /192.168.157.204:42858
	at sun.nio.ch.SocketChannelImpl.checkConnect(Native Method)
	at sun.nio.ch.SocketChannelImpl.finishConnect(SocketChannelImpl.java:717)
	at org.apache.ratis.thirdparty.io.netty.channel.socket.nio.NioSocketChannel.doFinishConnect(NioSocketChannel.java:327)
	at org.apache.ratis.thirdparty.io.netty.channel.nio.AbstractNioChannel$AbstractNioUnsafe.finishConnect(AbstractNioChannel.java:340)
	at org.apache.ratis.thirdparty.io.netty.channel.nio.NioEventLoop.processSelectedKey(NioEventLoop.java:632)
	at org.apache.ratis.thirdparty.io.netty.channel.nio.NioEventLoop.processSelectedKeysOptimized(NioEventLoop.java:579)
	at org.apache.ratis.thirdparty.io.netty.channel.nio.NioEventLoop.processSelectedKeys(NioEventLoop.java:496)
	at org.apache.ratis.thirdparty.io.netty.channel.nio.NioEventLoop.run(NioEventLoop.java:458)
	at org.apache.ratis.thirdparty.io.netty.util.concurrent.SingleThreadEventExecutor$5.run(SingleThreadEventExecutor.java:897)
	at org.apache.ratis.thirdparty.io.netty.util.concurrent.FastThreadLocalRunnable.run(FastThreadLocalRunnable.java:30)
	... 1 more
Caused by: java.net.ConnectException: Connection refused
	... 11 more
2019-10-20 13:11:21,199 [Thread-24573] INFO  impl.FollowerState (FollowerState.java:run(117)) - 57d97a36-4998-4a67-afe7-2be16a9f25e7@group-8AAF828E5632-FollowerState was interrupted: java.lang.InterruptedException: sleep interrupted
2019-10-20 13:11:21,199 [grpc-default-executor-2] INFO  impl.RoleInfo (RoleInfo.java:updateAndGet(143)) - 57d97a36-4998-4a67-afe7-2be16a9f25e7: start FollowerState
2019-10-20 13:11:21,199 [7660b851-9671-46a6-9e1d-7d946f95d492@group-42C3DBE2B33D-LeaderElection3470] INFO  impl.LeaderElection (LogUtils.java:infoOrTrace(149)) -   Exception 1: {}
java.util.concurrent.ExecutionException: org.apache.ratis.thirdparty.io.grpc.StatusRuntimeException: UNAVAILABLE: io exception
	at java.util.concurrent.FutureTask.report(FutureTask.java:122)
	at java.util.concurrent.FutureTask.get(FutureTask.java:192)
	at org.apache.ratis.server.impl.LeaderElection.waitForResults(LeaderElection.java:259)
	at org.apache.ratis.server.impl.LeaderElection.askForVotes(LeaderElection.java:197)
	at org.apache.ratis.server.impl.LeaderElection.run(LeaderElection.java:133)
	at java.lang.Thread.run(Thread.java:748)
Caused by: org.apache.ratis.thirdparty.io.grpc.StatusRuntimeException: UNAVAILABLE: io exception
	at org.apache.ratis.thirdparty.io.grpc.stub.ClientCalls.toStatusRuntimeException(ClientCalls.java:233)
	at org.apache.ratis.thirdparty.io.grpc.stub.ClientCalls.getUnchecked(ClientCalls.java:214)
	at org.apache.ratis.thirdparty.io.grpc.stub.ClientCalls.blockingUnaryCall(ClientCalls.java:139)
	at org.apache.ratis.proto.grpc.RaftServerProtocolServiceGrpc$RaftServerProtocolServiceBlockingStub.requestVote(RaftServerProtocolServiceGrpc.java:265)
	at org.apache.ratis.grpc.server.GrpcServerProtocolClient.requestVote(GrpcServerProtocolClient.java:99)
	at org.apache.ratis.grpc.server.GrpcService.requestVote(GrpcService.java:204)
	at org.apache.ratis.server.impl.LeaderElection.lambda$submitRequests$1(LeaderElection.java:234)
	at java.util.concurrent.FutureTask.run(FutureTask.java:266)
	at java.util.concurrent.Executors$RunnableAdapter.call(Executors.java:511)
	at java.util.concurrent.FutureTask.run(FutureTask.java:266)
	at java.util.concurrent.ThreadPoolExecutor.runWorker(ThreadPoolExecutor.java:1149)
	at java.util.concurrent.ThreadPoolExecutor$Worker.run(ThreadPoolExecutor.java:624)
	... 1 more
Caused by: org.apache.ratis.thirdparty.io.netty.channel.AbstractChannel$AnnotatedConnectException: Connection refused: /192.168.157.204:32953
	at sun.nio.ch.SocketChannelImpl.checkConnect(Native Method)
	at sun.nio.ch.SocketChannelImpl.finishConnect(SocketChannelImpl.java:717)
	at org.apache.ratis.thirdparty.io.netty.channel.socket.nio.NioSocketChannel.doFinishConnect(NioSocketChannel.java:327)
	at org.apache.ratis.thirdparty.io.netty.channel.nio.AbstractNioChannel$AbstractNioUnsafe.finishConnect(AbstractNioChannel.java:340)
	at org.apache.ratis.thirdparty.io.netty.channel.nio.NioEventLoop.processSelectedKey(NioEventLoop.java:632)
	at org.apache.ratis.thirdparty.io.netty.channel.nio.NioEventLoop.processSelectedKeysOptimized(NioEventLoop.java:579)
	at org.apache.ratis.thirdparty.io.netty.channel.nio.NioEventLoop.processSelectedKeys(NioEventLoop.java:496)
	at org.apache.ratis.thirdparty.io.netty.channel.nio.NioEventLoop.run(NioEventLoop.java:458)
	at org.apache.ratis.thirdparty.io.netty.util.concurrent.SingleThreadEventExecutor$5.run(SingleThreadEventExecutor.java:897)
	at org.apache.ratis.thirdparty.io.netty.util.concurrent.FastThreadLocalRunnable.run(FastThreadLocalRunnable.java:30)
	... 1 more
Caused by: java.net.ConnectException: Connection refused
	... 11 more
2019-10-20 13:11:21,200 [7660b851-9671-46a6-9e1d-7d946f95d492@group-42C3DBE2B33D-LeaderElection3470] INFO  impl.RaftServerImpl (RaftServerImpl.java:setRole(184)) - 7660b851-9671-46a6-9e1d-7d946f95d492@group-42C3DBE2B33D: changes role from CANDIDATE to FOLLOWER at term 192 for DISCOVERED_A_NEW_TERM
2019-10-20 13:11:21,200 [7660b851-9671-46a6-9e1d-7d946f95d492@group-42C3DBE2B33D-LeaderElection3470] INFO  impl.RoleInfo (RoleInfo.java:shutdownLeaderElection(134)) - 7660b851-9671-46a6-9e1d-7d946f95d492: shutdown LeaderElection
2019-10-20 13:11:21,200 [7660b851-9671-46a6-9e1d-7d946f95d492@group-42C3DBE2B33D-LeaderElection3470] INFO  impl.RoleInfo (RoleInfo.java:updateAndGet(143)) - 7660b851-9671-46a6-9e1d-7d946f95d492: start FollowerState
2019-10-20 13:11:21,215 [92caf199-1518-46a4-aa0d-e8059f4ddc2b@group-8AAF828E5632-LeaderElection3471] INFO  impl.LeaderElection (LeaderElection.java:logAndReturn(56)) - 92caf199-1518-46a4-aa0d-e8059f4ddc2b@group-8AAF828E5632-LeaderElection3471: Election PASSED; received 1 response(s) [92caf199-1518-46a4-aa0d-e8059f4ddc2b<-57d97a36-4998-4a67-afe7-2be16a9f25e7#0:OK-t3] and 1 exception(s); 92caf199-1518-46a4-aa0d-e8059f4ddc2b@group-8AAF828E5632:t3, leader=null, voted=92caf199-1518-46a4-aa0d-e8059f4ddc2b, raftlog=92caf199-1518-46a4-aa0d-e8059f4ddc2b@group-8AAF828E5632-SegmentedRaftLog:OPENED:c0,f0,i0, conf=0: [92caf199-1518-46a4-aa0d-e8059f4ddc2b:192.168.157.204:44100, d7eba74f-c3d7-492f-90de-a44c4d301567:192.168.157.204:44625, 57d97a36-4998-4a67-afe7-2be16a9f25e7:192.168.157.204:44478], old=null
2019-10-20 13:11:21,215 [92caf199-1518-46a4-aa0d-e8059f4ddc2b@group-8AAF828E5632-LeaderElection3471] INFO  impl.LeaderElection (LogUtils.java:infoOrTrace(149)) -   Exception 0: {}
java.util.concurrent.ExecutionException: org.apache.ratis.thirdparty.io.grpc.StatusRuntimeException: UNAVAILABLE: io exception
	at java.util.concurrent.FutureTask.report(FutureTask.java:122)
	at java.util.concurrent.FutureTask.get(FutureTask.java:192)
	at org.apache.ratis.server.impl.LeaderElection.waitForResults(LeaderElection.java:259)
	at org.apache.ratis.server.impl.LeaderElection.askForVotes(LeaderElection.java:197)
	at org.apache.ratis.server.impl.LeaderElection.run(LeaderElection.java:133)
	at java.lang.Thread.run(Thread.java:748)
Caused by: org.apache.ratis.thirdparty.io.grpc.StatusRuntimeException: UNAVAILABLE: io exception
	at org.apache.ratis.thirdparty.io.grpc.stub.ClientCalls.toStatusRuntimeException(ClientCalls.java:233)
	at org.apache.ratis.thirdparty.io.grpc.stub.ClientCalls.getUnchecked(ClientCalls.java:214)
	at org.apache.ratis.thirdparty.io.grpc.stub.ClientCalls.blockingUnaryCall(ClientCalls.java:139)
	at org.apache.ratis.proto.grpc.RaftServerProtocolServiceGrpc$RaftServerProtocolServiceBlockingStub.requestVote(RaftServerProtocolServiceGrpc.java:265)
	at org.apache.ratis.grpc.server.GrpcServerProtocolClient.requestVote(GrpcServerProtocolClient.java:99)
	at org.apache.ratis.grpc.server.GrpcService.requestVote(GrpcService.java:204)
	at org.apache.ratis.server.impl.LeaderElection.lambda$submitRequests$1(LeaderElection.java:234)
	at java.util.concurrent.FutureTask.run(FutureTask.java:266)
	at java.util.concurrent.Executors$RunnableAdapter.call(Executors.java:511)
	at java.util.concurrent.FutureTask.run(FutureTask.java:266)
	at java.util.concurrent.ThreadPoolExecutor.runWorker(ThreadPoolExecutor.java:1149)
	at java.util.concurrent.ThreadPoolExecutor$Worker.run(ThreadPoolExecutor.java:624)
	... 1 more
Caused by: org.apache.ratis.thirdparty.io.netty.channel.AbstractChannel$AnnotatedConnectException: Connection refused: /192.168.157.204:44625
	at sun.nio.ch.SocketChannelImpl.checkConnect(Native Method)
	at sun.nio.ch.SocketChannelImpl.finishConnect(SocketChannelImpl.java:717)
	at org.apache.ratis.thirdparty.io.netty.channel.socket.nio.NioSocketChannel.doFinishConnect(NioSocketChannel.java:327)
	at org.apache.ratis.thirdparty.io.netty.channel.nio.AbstractNioChannel$AbstractNioUnsafe.finishConnect(AbstractNioChannel.java:340)
	at org.apache.ratis.thirdparty.io.netty.channel.nio.NioEventLoop.processSelectedKey(NioEventLoop.java:632)
	at org.apache.ratis.thirdparty.io.netty.channel.nio.NioEventLoop.processSelectedKeysOptimized(NioEventLoop.java:579)
	at org.apache.ratis.thirdparty.io.netty.channel.nio.NioEventLoop.processSelectedKeys(NioEventLoop.java:496)
	at org.apache.ratis.thirdparty.io.netty.channel.nio.NioEventLoop.run(NioEventLoop.java:458)
	at org.apache.ratis.thirdparty.io.netty.util.concurrent.SingleThreadEventExecutor$5.run(SingleThreadEventExecutor.java:897)
	at org.apache.ratis.thirdparty.io.netty.util.concurrent.FastThreadLocalRunnable.run(FastThreadLocalRunnable.java:30)
	... 1 more
Caused by: java.net.ConnectException: Connection refused
	... 11 more
2019-10-20 13:11:21,215 [92caf199-1518-46a4-aa0d-e8059f4ddc2b@group-8AAF828E5632-LeaderElection3471] INFO  impl.RoleInfo (RoleInfo.java:shutdownLeaderElection(134)) - 92caf199-1518-46a4-aa0d-e8059f4ddc2b: shutdown LeaderElection
2019-10-20 13:11:21,215 [92caf199-1518-46a4-aa0d-e8059f4ddc2b@group-8AAF828E5632-LeaderElection3471] INFO  impl.RaftServerImpl (RaftServerImpl.java:setRole(184)) - 92caf199-1518-46a4-aa0d-e8059f4ddc2b@group-8AAF828E5632: changes role from CANDIDATE to LEADER at term 3 for changeToLeader
2019-10-20 13:11:21,215 [92caf199-1518-46a4-aa0d-e8059f4ddc2b@group-8AAF828E5632-LeaderElection3471] INFO  impl.RaftServerImpl (ServerState.java:setLeader(256)) - 92caf199-1518-46a4-aa0d-e8059f4ddc2b@group-8AAF828E5632: change Leader from null to 92caf199-1518-46a4-aa0d-e8059f4ddc2b at term 3 for becomeLeader, leader elected after 23ms
2019-10-20 13:11:21,216 [92caf199-1518-46a4-aa0d-e8059f4ddc2b@group-8AAF828E5632-LeaderElection3471] INFO  server.RaftServerConfigKeys (ConfUtils.java:logGet(43)) - raft.server.staging.catchup.gap = 1000 (default)
2019-10-20 13:11:21,216 [92caf199-1518-46a4-aa0d-e8059f4ddc2b@group-8AAF828E5632-LeaderElection3471] INFO  server.RaftServerConfigKeys (ConfUtils.java:logGet(43)) - raft.server.rpc.sleep.time = 25ms (default)
2019-10-20 13:11:21,216 [92caf199-1518-46a4-aa0d-e8059f4ddc2b@group-8AAF828E5632-LeaderElection3471] INFO  server.RaftServerConfigKeys (ConfUtils.java:logGet(43)) - raft.server.write.element-limit = 4096 (default)
2019-10-20 13:11:21,216 [92caf199-1518-46a4-aa0d-e8059f4ddc2b@group-8AAF828E5632-LeaderElection3471] INFO  server.RaftServerConfigKeys (ConfUtils.java:logGet(43)) - raft.server.watch.timeout = 10s (default)
2019-10-20 13:11:21,216 [92caf199-1518-46a4-aa0d-e8059f4ddc2b@group-8AAF828E5632-LeaderElection3471] INFO  server.RaftServerConfigKeys (ConfUtils.java:logGet(43)) - raft.server.watch.timeout.denomination = 1s (default)
2019-10-20 13:11:21,216 [92caf199-1518-46a4-aa0d-e8059f4ddc2b@group-8AAF828E5632-LeaderElection3471] INFO  server.RaftServerConfigKeys (ConfUtils.java:logGet(43)) - raft.server.watch.element-limit = 65536 (default)
2019-10-20 13:11:21,220 [92caf199-1518-46a4-aa0d-e8059f4ddc2b@group-8AAF828E5632-LeaderElection3471] INFO  server.RaftServerConfigKeys (ConfUtils.java:logGet(43)) - raft.server.log.appender.snapshot.chunk.size.max = 16MB (=16777216) (default)
2019-10-20 13:11:21,221 [92caf199-1518-46a4-aa0d-e8059f4ddc2b@group-8AAF828E5632-LeaderElection3471] INFO  server.RaftServerConfigKeys (ConfUtils.java:logGet(43)) - raft.server.log.appender.buffer.byte-limit = 33554432 (custom)
2019-10-20 13:11:21,221 [92caf199-1518-46a4-aa0d-e8059f4ddc2b@group-8AAF828E5632-LeaderElection3471] INFO  server.RaftServerConfigKeys (ConfUtils.java:logGet(43)) - raft.server.log.appender.buffer.element-limit = 1 (custom)
2019-10-20 13:11:21,221 [92caf199-1518-46a4-aa0d-e8059f4ddc2b@group-8AAF828E5632-LeaderElection3471] INFO  grpc.GrpcConfigKeys$Server (ConfUtils.java:logGet(43)) - raft.grpc.server.leader.outstanding.appends.max = 128 (default)
2019-10-20 13:11:21,221 [92caf199-1518-46a4-aa0d-e8059f4ddc2b@group-8AAF828E5632-LeaderElection3471] INFO  server.RaftServerConfigKeys (ConfUtils.java:logGet(43)) - raft.server.rpc.request.timeout = 3000ms (default)
2019-10-20 13:11:21,221 [92caf199-1518-46a4-aa0d-e8059f4ddc2b@group-8AAF828E5632-LeaderElection3471] INFO  server.RaftServerConfigKeys (ConfUtils.java:logGet(43)) - raft.server.log.appender.install.snapshot.enabled = false (custom)
2019-10-20 13:11:21,223 [92caf199-1518-46a4-aa0d-e8059f4ddc2b@group-8AAF828E5632-LeaderElection3471] INFO  server.RaftServerConfigKeys (ConfUtils.java:logGet(43)) - raft.server.log.appender.snapshot.chunk.size.max = 16MB (=16777216) (default)
2019-10-20 13:11:21,223 [92caf199-1518-46a4-aa0d-e8059f4ddc2b@group-8AAF828E5632-LeaderElection3471] INFO  server.RaftServerConfigKeys (ConfUtils.java:logGet(43)) - raft.server.log.appender.buffer.byte-limit = 33554432 (custom)
2019-10-20 13:11:21,223 [92caf199-1518-46a4-aa0d-e8059f4ddc2b@group-8AAF828E5632-LeaderElection3471] INFO  server.RaftServerConfigKeys (ConfUtils.java:logGet(43)) - raft.server.log.appender.buffer.element-limit = 1 (custom)
2019-10-20 13:11:21,224 [92caf199-1518-46a4-aa0d-e8059f4ddc2b@group-8AAF828E5632-LeaderElection3471] INFO  grpc.GrpcConfigKeys$Server (ConfUtils.java:logGet(43)) - raft.grpc.server.leader.outstanding.appends.max = 128 (default)
2019-10-20 13:11:21,224 [92caf199-1518-46a4-aa0d-e8059f4ddc2b@group-8AAF828E5632-LeaderElection3471] INFO  server.RaftServerConfigKeys (ConfUtils.java:logGet(43)) - raft.server.rpc.request.timeout = 3000ms (default)
2019-10-20 13:11:21,224 [92caf199-1518-46a4-aa0d-e8059f4ddc2b@group-8AAF828E5632-LeaderElection3471] INFO  server.RaftServerConfigKeys (ConfUtils.java:logGet(43)) - raft.server.log.appender.install.snapshot.enabled = false (custom)
2019-10-20 13:11:21,226 [92caf199-1518-46a4-aa0d-e8059f4ddc2b@group-8AAF828E5632-LeaderElection3471] INFO  impl.RoleInfo (RoleInfo.java:updateAndGet(143)) - 92caf199-1518-46a4-aa0d-e8059f4ddc2b: start LeaderState
2019-10-20 13:11:21,226 [92caf199-1518-46a4-aa0d-e8059f4ddc2b@group-8AAF828E5632-LeaderElection3471] INFO  segmented.SegmentedRaftLogWorker (SegmentedRaftLogWorker.java:rollLogSegment(390)) - 92caf199-1518-46a4-aa0d-e8059f4ddc2b@group-8AAF828E5632-SegmentedRaftLogWorker: Rolling segment log-0_0 to index:0
2019-10-20 13:11:21,227 [92caf199-1518-46a4-aa0d-e8059f4ddc2b@group-8AAF828E5632-LeaderElection3471] INFO  impl.RaftServerImpl (ServerState.java:setRaftConf(357)) - 92caf199-1518-46a4-aa0d-e8059f4ddc2b@group-8AAF828E5632: set configuration 1: [92caf199-1518-46a4-aa0d-e8059f4ddc2b:192.168.157.204:44100, d7eba74f-c3d7-492f-90de-a44c4d301567:192.168.157.204:44625, 57d97a36-4998-4a67-afe7-2be16a9f25e7:192.168.157.204:44478], old=null at 1
2019-10-20 13:11:21,227 [92caf199-1518-46a4-aa0d-e8059f4ddc2b@group-8AAF828E5632-SegmentedRaftLogWorker] INFO  segmented.SegmentedRaftLogWorker (SegmentedRaftLogWorker.java:execute(533)) - 92caf199-1518-46a4-aa0d-e8059f4ddc2b@group-8AAF828E5632-SegmentedRaftLogWorker: Rolled log segment from /workdir/hadoop-ozone/integration-test/target/test-dir/MiniOzoneClusterImpl-7cb4dc35-5948-4f28-9541-652e3d9b0dcd/datanode-6/data/ratis/ef742c5e-1e61-48de-9699-8aaf828e5632/current/log_inprogress_0 to /workdir/hadoop-ozone/integration-test/target/test-dir/MiniOzoneClusterImpl-7cb4dc35-5948-4f28-9541-652e3d9b0dcd/datanode-6/data/ratis/ef742c5e-1e61-48de-9699-8aaf828e5632/current/log_0-0
2019-10-20 13:11:21,227 [grpc-default-executor-2] WARN  server.GrpcLogAppender (LogUtils.java:warn(134)) - 92caf199-1518-46a4-aa0d-e8059f4ddc2b@group-8AAF828E5632->d7eba74f-c3d7-492f-90de-a44c4d301567-AppendLogResponseHandler: Failed appendEntries: org.apache.ratis.thirdparty.io.grpc.StatusRuntimeException: UNAVAILABLE: io exception
2019-10-20 13:11:21,228 [grpc-default-executor-18] INFO  impl.RaftServerImpl (ServerState.java:setLeader(256)) - 57d97a36-4998-4a67-afe7-2be16a9f25e7@group-8AAF828E5632: change Leader from null to 92caf199-1518-46a4-aa0d-e8059f4ddc2b at term 3 for appendEntries, leader elected after 30ms
2019-10-20 13:11:21,229 [grpc-default-executor-2] INFO  impl.RaftServerImpl (ServerState.java:setRaftConf(357)) - 57d97a36-4998-4a67-afe7-2be16a9f25e7@group-8AAF828E5632: set configuration 1: [92caf199-1518-46a4-aa0d-e8059f4ddc2b:192.168.157.204:44100, d7eba74f-c3d7-492f-90de-a44c4d301567:192.168.157.204:44625, 57d97a36-4998-4a67-afe7-2be16a9f25e7:192.168.157.204:44478], old=null at 1
2019-10-20 13:11:21,230 [grpc-default-executor-2] INFO  segmented.SegmentedRaftLogWorker (SegmentedRaftLogWorker.java:rollLogSegment(390)) - 57d97a36-4998-4a67-afe7-2be16a9f25e7@group-8AAF828E5632-SegmentedRaftLogWorker: Rolling segment log-0_0 to index:0
2019-10-20 13:11:21,230 [57d97a36-4998-4a67-afe7-2be16a9f25e7@group-8AAF828E5632-SegmentedRaftLogWorker] INFO  segmented.SegmentedRaftLogWorker (SegmentedRaftLogWorker.java:execute(533)) - 57d97a36-4998-4a67-afe7-2be16a9f25e7@group-8AAF828E5632-SegmentedRaftLogWorker: Rolled log segment from /workdir/hadoop-ozone/integration-test/target/test-dir/MiniOzoneClusterImpl-7cb4dc35-5948-4f28-9541-652e3d9b0dcd/datanode-1/data/ratis/ef742c5e-1e61-48de-9699-8aaf828e5632/current/log_inprogress_0 to /workdir/hadoop-ozone/integration-test/target/test-dir/MiniOzoneClusterImpl-7cb4dc35-5948-4f28-9541-652e3d9b0dcd/datanode-1/data/ratis/ef742c5e-1e61-48de-9699-8aaf828e5632/current/log_0-0
2019-10-20 13:11:21,262 [Thread-25848] INFO  impl.FollowerState (FollowerState.java:run(108)) - 7660b851-9671-46a6-9e1d-7d946f95d492@group-42C3DBE2B33D-FollowerState: change to CANDIDATE, lastRpcTime:61ms, electionTimeout:61ms
2019-10-20 13:11:21,262 [Thread-25848] INFO  impl.RoleInfo (RoleInfo.java:shutdownFollowerState(121)) - 7660b851-9671-46a6-9e1d-7d946f95d492: shutdown FollowerState
2019-10-20 13:11:21,262 [Thread-25848] INFO  impl.RaftServerImpl (RaftServerImpl.java:setRole(184)) - 7660b851-9671-46a6-9e1d-7d946f95d492@group-42C3DBE2B33D: changes role from  FOLLOWER to CANDIDATE at term 192 for changeToCandidate
2019-10-20 13:11:21,262 [Thread-25848] INFO  impl.RoleInfo (RoleInfo.java:updateAndGet(143)) - 7660b851-9671-46a6-9e1d-7d946f95d492: start LeaderElection
2019-10-20 13:11:21,272 [92caf199-1518-46a4-aa0d-e8059f4ddc2b@group-8AAF828E5632-SegmentedRaftLogWorker] INFO  segmented.SegmentedRaftLogWorker (SegmentedRaftLogWorker.java:execute(576)) - 92caf199-1518-46a4-aa0d-e8059f4ddc2b@group-8AAF828E5632-SegmentedRaftLogWorker: created new log segment /workdir/hadoop-ozone/integration-test/target/test-dir/MiniOzoneClusterImpl-7cb4dc35-5948-4f28-9541-652e3d9b0dcd/datanode-6/data/ratis/ef742c5e-1e61-48de-9699-8aaf828e5632/current/log_inprogress_1
2019-10-20 13:11:21,273 [7660b851-9671-46a6-9e1d-7d946f95d492@group-42C3DBE2B33D-LeaderElection3472] INFO  impl.LeaderElection (LeaderElection.java:askForVotes(178)) - 7660b851-9671-46a6-9e1d-7d946f95d492@group-42C3DBE2B33D-LeaderElection3472: begin an election at term 193 for -1: [fdf19479-69c2-4639-b68c-6adde78ca28a:192.168.157.204:42858, 1ac0a8d4-e534-43ce-83b1-426d47a3040d:192.168.157.204:32953, 7660b851-9671-46a6-9e1d-7d946f95d492:192.168.157.204:41682], old=null
2019-10-20 13:11:21,272 [57d97a36-4998-4a67-afe7-2be16a9f25e7@group-8AAF828E5632-SegmentedRaftLogWorker] INFO  segmented.SegmentedRaftLogWorker (SegmentedRaftLogWorker.java:execute(576)) - 57d97a36-4998-4a67-afe7-2be16a9f25e7@group-8AAF828E5632-SegmentedRaftLogWorker: created new log segment /workdir/hadoop-ozone/integration-test/target/test-dir/MiniOzoneClusterImpl-7cb4dc35-5948-4f28-9541-652e3d9b0dcd/datanode-1/data/ratis/ef742c5e-1e61-48de-9699-8aaf828e5632/current/log_inprogress_1
2019-10-20 13:11:21,273 [7660b851-9671-46a6-9e1d-7d946f95d492@group-42C3DBE2B33D-LeaderElection3472] INFO  impl.LeaderElection (LogUtils.java:infoOrTrace(149)) - 7660b851-9671-46a6-9e1d-7d946f95d492@group-42C3DBE2B33D-LeaderElection3472 got exception when requesting votes: {}
java.util.concurrent.ExecutionException: org.apache.ratis.thirdparty.io.grpc.StatusRuntimeException: UNAVAILABLE: io exception
	at java.util.concurrent.FutureTask.report(FutureTask.java:122)
	at java.util.concurrent.FutureTask.get(FutureTask.java:192)
	at org.apache.ratis.server.impl.LeaderElection.waitForResults(LeaderElection.java:259)
	at org.apache.ratis.server.impl.LeaderElection.askForVotes(LeaderElection.java:197)
	at org.apache.ratis.server.impl.LeaderElection.run(LeaderElection.java:133)
	at java.lang.Thread.run(Thread.java:748)
Caused by: org.apache.ratis.thirdparty.io.grpc.StatusRuntimeException: UNAVAILABLE: io exception
	at org.apache.ratis.thirdparty.io.grpc.stub.ClientCalls.toStatusRuntimeException(ClientCalls.java:233)
	at org.apache.ratis.thirdparty.io.grpc.stub.ClientCalls.getUnchecked(ClientCalls.java:214)
	at org.apache.ratis.thirdparty.io.grpc.stub.ClientCalls.blockingUnaryCall(ClientCalls.java:139)
	at org.apache.ratis.proto.grpc.RaftServerProtocolServiceGrpc$RaftServerProtocolServiceBlockingStub.requestVote(RaftServerProtocolServiceGrpc.java:265)
	at org.apache.ratis.grpc.server.GrpcServerProtocolClient.requestVote(GrpcServerProtocolClient.java:99)
	at org.apache.ratis.grpc.server.GrpcService.requestVote(GrpcService.java:204)
	at org.apache.ratis.server.impl.LeaderElection.lambda$submitRequests$1(LeaderElection.java:234)
	at java.util.concurrent.FutureTask.run(FutureTask.java:266)
	at java.util.concurrent.Executors$RunnableAdapter.call(Executors.java:511)
	at java.util.concurrent.FutureTask.run(FutureTask.java:266)
	at java.util.concurrent.ThreadPoolExecutor.runWorker(ThreadPoolExecutor.java:1149)
	at java.util.concurrent.ThreadPoolExecutor$Worker.run(ThreadPoolExecutor.java:624)
	... 1 more
Caused by: org.apache.ratis.thirdparty.io.netty.channel.AbstractChannel$AnnotatedConnectException: Connection refused: /192.168.157.204:32953
	at sun.nio.ch.SocketChannelImpl.checkConnect(Native Method)
	at sun.nio.ch.SocketChannelImpl.finishConnect(SocketChannelImpl.java:717)
	at org.apache.ratis.thirdparty.io.netty.channel.socket.nio.NioSocketChannel.doFinishConnect(NioSocketChannel.java:327)
	at org.apache.ratis.thirdparty.io.netty.channel.nio.AbstractNioChannel$AbstractNioUnsafe.finishConnect(AbstractNioChannel.java:340)
	at org.apache.ratis.thirdparty.io.netty.channel.nio.NioEventLoop.processSelectedKey(NioEventLoop.java:632)
	at org.apache.ratis.thirdparty.io.netty.channel.nio.NioEventLoop.processSelectedKeysOptimized(NioEventLoop.java:579)
	at org.apache.ratis.thirdparty.io.netty.channel.nio.NioEventLoop.processSelectedKeys(NioEventLoop.java:496)
	at org.apache.ratis.thirdparty.io.netty.channel.nio.NioEventLoop.run(NioEventLoop.java:458)
	at org.apache.ratis.thirdparty.io.netty.util.concurrent.SingleThreadEventExecutor$5.run(SingleThreadEventExecutor.java:897)
	at org.apache.ratis.thirdparty.io.netty.util.concurrent.FastThreadLocalRunnable.run(FastThreadLocalRunnable.java:30)
	... 1 more
Caused by: java.net.ConnectException: Connection refused
	... 11 more
2019-10-20 13:11:21,274 [7660b851-9671-46a6-9e1d-7d946f95d492@group-42C3DBE2B33D-LeaderElection3472] INFO  impl.LeaderElection (LogUtils.java:infoOrTrace(149)) - 7660b851-9671-46a6-9e1d-7d946f95d492@group-42C3DBE2B33D-LeaderElection3472 got exception when requesting votes: {}
java.util.concurrent.ExecutionException: org.apache.ratis.thirdparty.io.grpc.StatusRuntimeException: UNAVAILABLE: io exception
	at java.util.concurrent.FutureTask.report(FutureTask.java:122)
	at java.util.concurrent.FutureTask.get(FutureTask.java:192)
	at org.apache.ratis.server.impl.LeaderElection.waitForResults(LeaderElection.java:259)
	at org.apache.ratis.server.impl.LeaderElection.askForVotes(LeaderElection.java:197)
	at org.apache.ratis.server.impl.LeaderElection.run(LeaderElection.java:133)
	at java.lang.Thread.run(Thread.java:748)
Caused by: org.apache.ratis.thirdparty.io.grpc.StatusRuntimeException: UNAVAILABLE: io exception
	at org.apache.ratis.thirdparty.io.grpc.stub.ClientCalls.toStatusRuntimeException(ClientCalls.java:233)
	at org.apache.ratis.thirdparty.io.grpc.stub.ClientCalls.getUnchecked(ClientCalls.java:214)
	at org.apache.ratis.thirdparty.io.grpc.stub.ClientCalls.blockingUnaryCall(ClientCalls.java:139)
	at org.apache.ratis.proto.grpc.RaftServerProtocolServiceGrpc$RaftServerProtocolServiceBlockingStub.requestVote(RaftServerProtocolServiceGrpc.java:265)
	at org.apache.ratis.grpc.server.GrpcServerProtocolClient.requestVote(GrpcServerProtocolClient.java:99)
	at org.apache.ratis.grpc.server.GrpcService.requestVote(GrpcService.java:204)
	at org.apache.ratis.server.impl.LeaderElection.lambda$submitRequests$1(LeaderElection.java:234)
	at java.util.concurrent.FutureTask.run(FutureTask.java:266)
	at java.util.concurrent.Executors$RunnableAdapter.call(Executors.java:511)
	at java.util.concurrent.FutureTask.run(FutureTask.java:266)
	at java.util.concurrent.ThreadPoolExecutor.runWorker(ThreadPoolExecutor.java:1149)
	at java.util.concurrent.ThreadPoolExecutor$Worker.run(ThreadPoolExecutor.java:624)
	... 1 more
Caused by: org.apache.ratis.thirdparty.io.netty.channel.AbstractChannel$AnnotatedConnectException: Connection refused: /192.168.157.204:42858
	at sun.nio.ch.SocketChannelImpl.checkConnect(Native Method)
	at sun.nio.ch.SocketChannelImpl.finishConnect(SocketChannelImpl.java:717)
	at org.apache.ratis.thirdparty.io.netty.channel.socket.nio.NioSocketChannel.doFinishConnect(NioSocketChannel.java:327)
	at org.apache.ratis.thirdparty.io.netty.channel.nio.AbstractNioChannel$AbstractNioUnsafe.finishConnect(AbstractNioChannel.java:340)
	at org.apache.ratis.thirdparty.io.netty.channel.nio.NioEventLoop.processSelectedKey(NioEventLoop.java:632)
	at org.apache.ratis.thirdparty.io.netty.channel.nio.NioEventLoop.processSelectedKeysOptimized(NioEventLoop.java:579)
	at org.apache.ratis.thirdparty.io.netty.channel.nio.NioEventLoop.processSelectedKeys(NioEventLoop.java:496)
	at org.apache.ratis.thirdparty.io.netty.channel.nio.NioEventLoop.run(NioEventLoop.java:458)
	at org.apache.ratis.thirdparty.io.netty.util.concurrent.SingleThreadEventExecutor$5.run(SingleThreadEventExecutor.java:897)
	at org.apache.ratis.thirdparty.io.netty.util.concurrent.FastThreadLocalRunnable.run(FastThreadLocalRunnable.java:30)
	... 1 more
Caused by: java.net.ConnectException: Connection refused
	... 11 more
2019-10-20 13:11:21,274 [7660b851-9671-46a6-9e1d-7d946f95d492@group-42C3DBE2B33D-LeaderElection3472] INFO  impl.LeaderElection (LeaderElection.java:logAndReturn(56)) - 7660b851-9671-46a6-9e1d-7d946f95d492@group-42C3DBE2B33D-LeaderElection3472: Election REJECTED; received 0 response(s) [] and 2 exception(s); 7660b851-9671-46a6-9e1d-7d946f95d492@group-42C3DBE2B33D:t193, leader=null, voted=7660b851-9671-46a6-9e1d-7d946f95d492, raftlog=7660b851-9671-46a6-9e1d-7d946f95d492@group-42C3DBE2B33D-SegmentedRaftLog:OPENED:c-1,f-1,i0, conf=-1: [fdf19479-69c2-4639-b68c-6adde78ca28a:192.168.157.204:42858, 1ac0a8d4-e534-43ce-83b1-426d47a3040d:192.168.157.204:32953, 7660b851-9671-46a6-9e1d-7d946f95d492:192.168.157.204:41682], old=null
2019-10-20 13:11:21,274 [7660b851-9671-46a6-9e1d-7d946f95d492@group-42C3DBE2B33D-LeaderElection3472] INFO  impl.LeaderElection (LogUtils.java:infoOrTrace(149)) -   Exception 0: {}
java.util.concurrent.ExecutionException: org.apache.ratis.thirdparty.io.grpc.StatusRuntimeException: UNAVAILABLE: io exception
	at java.util.concurrent.FutureTask.report(FutureTask.java:122)
	at java.util.concurrent.FutureTask.get(FutureTask.java:192)
	at org.apache.ratis.server.impl.LeaderElection.waitForResults(LeaderElection.java:259)
	at org.apache.ratis.server.impl.LeaderElection.askForVotes(LeaderElection.java:197)
	at org.apache.ratis.server.impl.LeaderElection.run(LeaderElection.java:133)
	at java.lang.Thread.run(Thread.java:748)
Caused by: org.apache.ratis.thirdparty.io.grpc.StatusRuntimeException: UNAVAILABLE: io exception
	at org.apache.ratis.thirdparty.io.grpc.stub.ClientCalls.toStatusRuntimeException(ClientCalls.java:233)
	at org.apache.ratis.thirdparty.io.grpc.stub.ClientCalls.getUnchecked(ClientCalls.java:214)
	at org.apache.ratis.thirdparty.io.grpc.stub.ClientCalls.blockingUnaryCall(ClientCalls.java:139)
	at org.apache.ratis.proto.grpc.RaftServerProtocolServiceGrpc$RaftServerProtocolServiceBlockingStub.requestVote(RaftServerProtocolServiceGrpc.java:265)
	at org.apache.ratis.grpc.server.GrpcServerProtocolClient.requestVote(GrpcServerProtocolClient.java:99)
	at org.apache.ratis.grpc.server.GrpcService.requestVote(GrpcService.java:204)
	at org.apache.ratis.server.impl.LeaderElection.lambda$submitRequests$1(LeaderElection.java:234)
	at java.util.concurrent.FutureTask.run(FutureTask.java:266)
	at java.util.concurrent.Executors$RunnableAdapter.call(Executors.java:511)
	at java.util.concurrent.FutureTask.run(FutureTask.java:266)
	at java.util.concurrent.ThreadPoolExecutor.runWorker(ThreadPoolExecutor.java:1149)
	at java.util.concurrent.ThreadPoolExecutor$Worker.run(ThreadPoolExecutor.java:624)
	... 1 more
Caused by: org.apache.ratis.thirdparty.io.netty.channel.AbstractChannel$AnnotatedConnectException: Connection refused: /192.168.157.204:32953
	at sun.nio.ch.SocketChannelImpl.checkConnect(Native Method)
	at sun.nio.ch.SocketChannelImpl.finishConnect(SocketChannelImpl.java:717)
	at org.apache.ratis.thirdparty.io.netty.channel.socket.nio.NioSocketChannel.doFinishConnect(NioSocketChannel.java:327)
	at org.apache.ratis.thirdparty.io.netty.channel.nio.AbstractNioChannel$AbstractNioUnsafe.finishConnect(AbstractNioChannel.java:340)
	at org.apache.ratis.thirdparty.io.netty.channel.nio.NioEventLoop.processSelectedKey(NioEventLoop.java:632)
	at org.apache.ratis.thirdparty.io.netty.channel.nio.NioEventLoop.processSelectedKeysOptimized(NioEventLoop.java:579)
	at org.apache.ratis.thirdparty.io.netty.channel.nio.NioEventLoop.processSelectedKeys(NioEventLoop.java:496)
	at org.apache.ratis.thirdparty.io.netty.channel.nio.NioEventLoop.run(NioEventLoop.java:458)
	at org.apache.ratis.thirdparty.io.netty.util.concurrent.SingleThreadEventExecutor$5.run(SingleThreadEventExecutor.java:897)
	at org.apache.ratis.thirdparty.io.netty.util.concurrent.FastThreadLocalRunnable.run(FastThreadLocalRunnable.java:30)
	... 1 more
Caused by: java.net.ConnectException: Connection refused
	... 11 more
2019-10-20 13:11:21,274 [7660b851-9671-46a6-9e1d-7d946f95d492@group-42C3DBE2B33D-LeaderElection3472] INFO  impl.LeaderElection (LogUtils.java:infoOrTrace(149)) -   Exception 1: {}
java.util.concurrent.ExecutionException: org.apache.ratis.thirdparty.io.grpc.StatusRuntimeException: UNAVAILABLE: io exception
	at java.util.concurrent.FutureTask.report(FutureTask.java:122)
	at java.util.concurrent.FutureTask.get(FutureTask.java:192)
	at org.apache.ratis.server.impl.LeaderElection.waitForResults(LeaderElection.java:259)
	at org.apache.ratis.server.impl.LeaderElection.askForVotes(LeaderElection.java:197)
	at org.apache.ratis.server.impl.LeaderElection.run(LeaderElection.java:133)
	at java.lang.Thread.run(Thread.java:748)
Caused by: org.apache.ratis.thirdparty.io.grpc.StatusRuntimeException: UNAVAILABLE: io exception
	at org.apache.ratis.thirdparty.io.grpc.stub.ClientCalls.toStatusRuntimeException(ClientCalls.java:233)
	at org.apache.ratis.thirdparty.io.grpc.stub.ClientCalls.getUnchecked(ClientCalls.java:214)
	at org.apache.ratis.thirdparty.io.grpc.stub.ClientCalls.blockingUnaryCall(ClientCalls.java:139)
	at org.apache.ratis.proto.grpc.RaftServerProtocolServiceGrpc$RaftServerProtocolServiceBlockingStub.requestVote(RaftServerProtocolServiceGrpc.java:265)
	at org.apache.ratis.grpc.server.GrpcServerProtocolClient.requestVote(GrpcServerProtocolClient.java:99)
	at org.apache.ratis.grpc.server.GrpcService.requestVote(GrpcService.java:204)
	at org.apache.ratis.server.impl.LeaderElection.lambda$submitRequests$1(LeaderElection.java:234)
	at java.util.concurrent.FutureTask.run(FutureTask.java:266)
	at java.util.concurrent.Executors$RunnableAdapter.call(Executors.java:511)
	at java.util.concurrent.FutureTask.run(FutureTask.java:266)
	at java.util.concurrent.ThreadPoolExecutor.runWorker(ThreadPoolExecutor.java:1149)
	at java.util.concurrent.ThreadPoolExecutor$Worker.run(ThreadPoolExecutor.java:624)
	... 1 more
Caused by: org.apache.ratis.thirdparty.io.netty.channel.AbstractChannel$AnnotatedConnectException: Connection refused: /192.168.157.204:42858
	at sun.nio.ch.SocketChannelImpl.checkConnect(Native Method)
	at sun.nio.ch.SocketChannelImpl.finishConnect(SocketChannelImpl.java:717)
	at org.apache.ratis.thirdparty.io.netty.channel.socket.nio.NioSocketChannel.doFinishConnect(NioSocketChannel.java:327)
	at org.apache.ratis.thirdparty.io.netty.channel.nio.AbstractNioChannel$AbstractNioUnsafe.finishConnect(AbstractNioChannel.java:340)
	at org.apache.ratis.thirdparty.io.netty.channel.nio.NioEventLoop.processSelectedKey(NioEventLoop.java:632)
	at org.apache.ratis.thirdparty.io.netty.channel.nio.NioEventLoop.processSelectedKeysOptimized(NioEventLoop.java:579)
	at org.apache.ratis.thirdparty.io.netty.channel.nio.NioEventLoop.processSelectedKeys(NioEventLoop.java:496)
	at org.apache.ratis.thirdparty.io.netty.channel.nio.NioEventLoop.run(NioEventLoop.java:458)
	at org.apache.ratis.thirdparty.io.netty.util.concurrent.SingleThreadEventExecutor$5.run(SingleThreadEventExecutor.java:897)
	at org.apache.ratis.thirdparty.io.netty.util.concurrent.FastThreadLocalRunnable.run(FastThreadLocalRunnable.java:30)
	... 1 more
Caused by: java.net.ConnectException: Connection refused
	... 11 more
2019-10-20 13:11:21,275 [7660b851-9671-46a6-9e1d-7d946f95d492@group-42C3DBE2B33D-LeaderElection3472] INFO  impl.RaftServerImpl (RaftServerImpl.java:setRole(184)) - 7660b851-9671-46a6-9e1d-7d946f95d492@group-42C3DBE2B33D: changes role from CANDIDATE to FOLLOWER at term 193 for DISCOVERED_A_NEW_TERM
2019-10-20 13:11:21,275 [7660b851-9671-46a6-9e1d-7d946f95d492@group-42C3DBE2B33D-LeaderElection3472] INFO  impl.RoleInfo (RoleInfo.java:shutdownLeaderElection(134)) - 7660b851-9671-46a6-9e1d-7d946f95d492: shutdown LeaderElection
2019-10-20 13:11:21,275 [7660b851-9671-46a6-9e1d-7d946f95d492@group-42C3DBE2B33D-LeaderElection3472] INFO  impl.RoleInfo (RoleInfo.java:updateAndGet(143)) - 7660b851-9671-46a6-9e1d-7d946f95d492: start FollowerState
2019-10-20 13:11:21,446 [Thread-25858] INFO  impl.FollowerState (FollowerState.java:run(108)) - 7660b851-9671-46a6-9e1d-7d946f95d492@group-42C3DBE2B33D-FollowerState: change to CANDIDATE, lastRpcTime:171ms, electionTimeout:171ms
2019-10-20 13:11:21,446 [Thread-25858] INFO  impl.RoleInfo (RoleInfo.java:shutdownFollowerState(121)) - 7660b851-9671-46a6-9e1d-7d946f95d492: shutdown FollowerState
2019-10-20 13:11:21,447 [Thread-25858] INFO  impl.RaftServerImpl (RaftServerImpl.java:setRole(184)) - 7660b851-9671-46a6-9e1d-7d946f95d492@group-42C3DBE2B33D: changes role from  FOLLOWER to CANDIDATE at term 193 for changeToCandidate
2019-10-20 13:11:21,447 [Thread-25858] INFO  impl.RoleInfo (RoleInfo.java:updateAndGet(143)) - 7660b851-9671-46a6-9e1d-7d946f95d492: start LeaderElection
2019-10-20 13:11:21,460 [7660b851-9671-46a6-9e1d-7d946f95d492@group-42C3DBE2B33D-LeaderElection3473] INFO  impl.LeaderElection (LeaderElection.java:askForVotes(178)) - 7660b851-9671-46a6-9e1d-7d946f95d492@group-42C3DBE2B33D-LeaderElection3473: begin an election at term 194 for -1: [fdf19479-69c2-4639-b68c-6adde78ca28a:192.168.157.204:42858, 1ac0a8d4-e534-43ce-83b1-426d47a3040d:192.168.157.204:32953, 7660b851-9671-46a6-9e1d-7d946f95d492:192.168.157.204:41682], old=null
2019-10-20 13:11:21,461 [7660b851-9671-46a6-9e1d-7d946f95d492@group-42C3DBE2B33D-LeaderElection3473] INFO  impl.LeaderElection (LogUtils.java:infoOrTrace(149)) - 7660b851-9671-46a6-9e1d-7d946f95d492@group-42C3DBE2B33D-LeaderElection3473 got exception when requesting votes: {}
java.util.concurrent.ExecutionException: org.apache.ratis.thirdparty.io.grpc.StatusRuntimeException: UNAVAILABLE: io exception
	at java.util.concurrent.FutureTask.report(FutureTask.java:122)
	at java.util.concurrent.FutureTask.get(FutureTask.java:192)
	at org.apache.ratis.server.impl.LeaderElection.waitForResults(LeaderElection.java:259)
	at org.apache.ratis.server.impl.LeaderElection.askForVotes(LeaderElection.java:197)
	at org.apache.ratis.server.impl.LeaderElection.run(LeaderElection.java:133)
	at java.lang.Thread.run(Thread.java:748)
Caused by: org.apache.ratis.thirdparty.io.grpc.StatusRuntimeException: UNAVAILABLE: io exception
	at org.apache.ratis.thirdparty.io.grpc.stub.ClientCalls.toStatusRuntimeException(ClientCalls.java:233)
	at org.apache.ratis.thirdparty.io.grpc.stub.ClientCalls.getUnchecked(ClientCalls.java:214)
	at org.apache.ratis.thirdparty.io.grpc.stub.ClientCalls.blockingUnaryCall(ClientCalls.java:139)
	at org.apache.ratis.proto.grpc.RaftServerProtocolServiceGrpc$RaftServerProtocolServiceBlockingStub.requestVote(RaftServerProtocolServiceGrpc.java:265)
	at org.apache.ratis.grpc.server.GrpcServerProtocolClient.requestVote(GrpcServerProtocolClient.java:99)
	at org.apache.ratis.grpc.server.GrpcService.requestVote(GrpcService.java:204)
	at org.apache.ratis.server.impl.LeaderElection.lambda$submitRequests$1(LeaderElection.java:234)
	at java.util.concurrent.FutureTask.run(FutureTask.java:266)
	at java.util.concurrent.Executors$RunnableAdapter.call(Executors.java:511)
	at java.util.concurrent.FutureTask.run(FutureTask.java:266)
	at java.util.concurrent.ThreadPoolExecutor.runWorker(ThreadPoolExecutor.java:1149)
	at java.util.concurrent.ThreadPoolExecutor$Worker.run(ThreadPoolExecutor.java:624)
	... 1 more
Caused by: org.apache.ratis.thirdparty.io.netty.channel.AbstractChannel$AnnotatedConnectException: Connection refused: /192.168.157.204:42858
	at sun.nio.ch.SocketChannelImpl.checkConnect(Native Method)
	at sun.nio.ch.SocketChannelImpl.finishConnect(SocketChannelImpl.java:717)
	at org.apache.ratis.thirdparty.io.netty.channel.socket.nio.NioSocketChannel.doFinishConnect(NioSocketChannel.java:327)
	at org.apache.ratis.thirdparty.io.netty.channel.nio.AbstractNioChannel$AbstractNioUnsafe.finishConnect(AbstractNioChannel.java:340)
	at org.apache.ratis.thirdparty.io.netty.channel.nio.NioEventLoop.processSelectedKey(NioEventLoop.java:632)
	at org.apache.ratis.thirdparty.io.netty.channel.nio.NioEventLoop.processSelectedKeysOptimized(NioEventLoop.java:579)
	at org.apache.ratis.thirdparty.io.netty.channel.nio.NioEventLoop.processSelectedKeys(NioEventLoop.java:496)
	at org.apache.ratis.thirdparty.io.netty.channel.nio.NioEventLoop.run(NioEventLoop.java:458)
	at org.apache.ratis.thirdparty.io.netty.util.concurrent.SingleThreadEventExecutor$5.run(SingleThreadEventExecutor.java:897)
	at org.apache.ratis.thirdparty.io.netty.util.concurrent.FastThreadLocalRunnable.run(FastThreadLocalRunnable.java:30)
	... 1 more
Caused by: java.net.ConnectException: Connection refused
	... 11 more
2019-10-20 13:11:21,461 [7660b851-9671-46a6-9e1d-7d946f95d492@group-42C3DBE2B33D-LeaderElection3473] INFO  impl.LeaderElection (LogUtils.java:infoOrTrace(149)) - 7660b851-9671-46a6-9e1d-7d946f95d492@group-42C3DBE2B33D-LeaderElection3473 got exception when requesting votes: {}
java.util.concurrent.ExecutionException: org.apache.ratis.thirdparty.io.grpc.StatusRuntimeException: UNAVAILABLE: io exception
	at java.util.concurrent.FutureTask.report(FutureTask.java:122)
	at java.util.concurrent.FutureTask.get(FutureTask.java:192)
	at org.apache.ratis.server.impl.LeaderElection.waitForResults(LeaderElection.java:259)
	at org.apache.ratis.server.impl.LeaderElection.askForVotes(LeaderElection.java:197)
	at org.apache.ratis.server.impl.LeaderElection.run(LeaderElection.java:133)
	at java.lang.Thread.run(Thread.java:748)
Caused by: org.apache.ratis.thirdparty.io.grpc.StatusRuntimeException: UNAVAILABLE: io exception
	at org.apache.ratis.thirdparty.io.grpc.stub.ClientCalls.toStatusRuntimeException(ClientCalls.java:233)
	at org.apache.ratis.thirdparty.io.grpc.stub.ClientCalls.getUnchecked(ClientCalls.java:214)
	at org.apache.ratis.thirdparty.io.grpc.stub.ClientCalls.blockingUnaryCall(ClientCalls.java:139)
	at org.apache.ratis.proto.grpc.RaftServerProtocolServiceGrpc$RaftServerProtocolServiceBlockingStub.requestVote(RaftServerProtocolServiceGrpc.java:265)
	at org.apache.ratis.grpc.server.GrpcServerProtocolClient.requestVote(GrpcServerProtocolClient.java:99)
	at org.apache.ratis.grpc.server.GrpcService.requestVote(GrpcService.java:204)
	at org.apache.ratis.server.impl.LeaderElection.lambda$submitRequests$1(LeaderElection.java:234)
	at java.util.concurrent.FutureTask.run(FutureTask.java:266)
	at java.util.concurrent.Executors$RunnableAdapter.call(Executors.java:511)
	at java.util.concurrent.FutureTask.run(FutureTask.java:266)
	at java.util.concurrent.ThreadPoolExecutor.runWorker(ThreadPoolExecutor.java:1149)
	at java.util.concurrent.ThreadPoolExecutor$Worker.run(ThreadPoolExecutor.java:624)
	... 1 more
Caused by: org.apache.ratis.thirdparty.io.netty.channel.AbstractChannel$AnnotatedConnectException: Connection refused: /192.168.157.204:32953
	at sun.nio.ch.SocketChannelImpl.checkConnect(Native Method)
	at sun.nio.ch.SocketChannelImpl.finishConnect(SocketChannelImpl.java:717)
	at org.apache.ratis.thirdparty.io.netty.channel.socket.nio.NioSocketChannel.doFinishConnect(NioSocketChannel.java:327)
	at org.apache.ratis.thirdparty.io.netty.channel.nio.AbstractNioChannel$AbstractNioUnsafe.finishConnect(AbstractNioChannel.java:340)
	at org.apache.ratis.thirdparty.io.netty.channel.nio.NioEventLoop.processSelectedKey(NioEventLoop.java:632)
	at org.apache.ratis.thirdparty.io.netty.channel.nio.NioEventLoop.processSelectedKeysOptimized(NioEventLoop.java:579)
	at org.apache.ratis.thirdparty.io.netty.channel.nio.NioEventLoop.processSelectedKeys(NioEventLoop.java:496)
	at org.apache.ratis.thirdparty.io.netty.channel.nio.NioEventLoop.run(NioEventLoop.java:458)
	at org.apache.ratis.thirdparty.io.netty.util.concurrent.SingleThreadEventExecutor$5.run(SingleThreadEventExecutor.java:897)
	at org.apache.ratis.thirdparty.io.netty.util.concurrent.FastThreadLocalRunnable.run(FastThreadLocalRunnable.java:30)
	... 1 more
Caused by: java.net.ConnectException: Connection refused
	... 11 more
2019-10-20 13:11:21,461 [7660b851-9671-46a6-9e1d-7d946f95d492@group-42C3DBE2B33D-LeaderElection3473] INFO  impl.LeaderElection (LeaderElection.java:logAndReturn(56)) - 7660b851-9671-46a6-9e1d-7d946f95d492@group-42C3DBE2B33D-LeaderElection3473: Election REJECTED; received 0 response(s) [] and 2 exception(s); 7660b851-9671-46a6-9e1d-7d946f95d492@group-42C3DBE2B33D:t194, leader=null, voted=7660b851-9671-46a6-9e1d-7d946f95d492, raftlog=7660b851-9671-46a6-9e1d-7d946f95d492@group-42C3DBE2B33D-SegmentedRaftLog:OPENED:c-1,f-1,i0, conf=-1: [fdf19479-69c2-4639-b68c-6adde78ca28a:192.168.157.204:42858, 1ac0a8d4-e534-43ce-83b1-426d47a3040d:192.168.157.204:32953, 7660b851-9671-46a6-9e1d-7d946f95d492:192.168.157.204:41682], old=null
2019-10-20 13:11:21,461 [7660b851-9671-46a6-9e1d-7d946f95d492@group-42C3DBE2B33D-LeaderElection3473] INFO  impl.LeaderElection (LogUtils.java:infoOrTrace(149)) -   Exception 0: {}
java.util.concurrent.ExecutionException: org.apache.ratis.thirdparty.io.grpc.StatusRuntimeException: UNAVAILABLE: io exception
	at java.util.concurrent.FutureTask.report(FutureTask.java:122)
	at java.util.concurrent.FutureTask.get(FutureTask.java:192)
	at org.apache.ratis.server.impl.LeaderElection.waitForResults(LeaderElection.java:259)
	at org.apache.ratis.server.impl.LeaderElection.askForVotes(LeaderElection.java:197)
	at org.apache.ratis.server.impl.LeaderElection.run(LeaderElection.java:133)
	at java.lang.Thread.run(Thread.java:748)
Caused by: org.apache.ratis.thirdparty.io.grpc.StatusRuntimeException: UNAVAILABLE: io exception
	at org.apache.ratis.thirdparty.io.grpc.stub.ClientCalls.toStatusRuntimeException(ClientCalls.java:233)
	at org.apache.ratis.thirdparty.io.grpc.stub.ClientCalls.getUnchecked(ClientCalls.java:214)
	at org.apache.ratis.thirdparty.io.grpc.stub.ClientCalls.blockingUnaryCall(ClientCalls.java:139)
	at org.apache.ratis.proto.grpc.RaftServerProtocolServiceGrpc$RaftServerProtocolServiceBlockingStub.requestVote(RaftServerProtocolServiceGrpc.java:265)
	at org.apache.ratis.grpc.server.GrpcServerProtocolClient.requestVote(GrpcServerProtocolClient.java:99)
	at org.apache.ratis.grpc.server.GrpcService.requestVote(GrpcService.java:204)
	at org.apache.ratis.server.impl.LeaderElection.lambda$submitRequests$1(LeaderElection.java:234)
	at java.util.concurrent.FutureTask.run(FutureTask.java:266)
	at java.util.concurrent.Executors$RunnableAdapter.call(Executors.java:511)
	at java.util.concurrent.FutureTask.run(FutureTask.java:266)
	at java.util.concurrent.ThreadPoolExecutor.runWorker(ThreadPoolExecutor.java:1149)
	at java.util.concurrent.ThreadPoolExecutor$Worker.run(ThreadPoolExecutor.java:624)
	... 1 more
Caused by: org.apache.ratis.thirdparty.io.netty.channel.AbstractChannel$AnnotatedConnectException: Connection refused: /192.168.157.204:42858
	at sun.nio.ch.SocketChannelImpl.checkConnect(Native Method)
	at sun.nio.ch.SocketChannelImpl.finishConnect(SocketChannelImpl.java:717)
	at org.apache.ratis.thirdparty.io.netty.channel.socket.nio.NioSocketChannel.doFinishConnect(NioSocketChannel.java:327)
	at org.apache.ratis.thirdparty.io.netty.channel.nio.AbstractNioChannel$AbstractNioUnsafe.finishConnect(AbstractNioChannel.java:340)
	at org.apache.ratis.thirdparty.io.netty.channel.nio.NioEventLoop.processSelectedKey(NioEventLoop.java:632)
	at org.apache.ratis.thirdparty.io.netty.channel.nio.NioEventLoop.processSelectedKeysOptimized(NioEventLoop.java:579)
	at org.apache.ratis.thirdparty.io.netty.channel.nio.NioEventLoop.processSelectedKeys(NioEventLoop.java:496)
	at org.apache.ratis.thirdparty.io.netty.channel.nio.NioEventLoop.run(NioEventLoop.java:458)
	at org.apache.ratis.thirdparty.io.netty.util.concurrent.SingleThreadEventExecutor$5.run(SingleThreadEventExecutor.java:897)
	at org.apache.ratis.thirdparty.io.netty.util.concurrent.FastThreadLocalRunnable.run(FastThreadLocalRunnable.java:30)
	... 1 more
Caused by: java.net.ConnectException: Connection refused
	... 11 more
2019-10-20 13:11:21,462 [7660b851-9671-46a6-9e1d-7d946f95d492@group-42C3DBE2B33D-LeaderElection3473] INFO  impl.LeaderElection (LogUtils.java:infoOrTrace(149)) -   Exception 1: {}
java.util.concurrent.ExecutionException: org.apache.ratis.thirdparty.io.grpc.StatusRuntimeException: UNAVAILABLE: io exception
	at java.util.concurrent.FutureTask.report(FutureTask.java:122)
	at java.util.concurrent.FutureTask.get(FutureTask.java:192)
	at org.apache.ratis.server.impl.LeaderElection.waitForResults(LeaderElection.java:259)
	at org.apache.ratis.server.impl.LeaderElection.askForVotes(LeaderElection.java:197)
	at org.apache.ratis.server.impl.LeaderElection.run(LeaderElection.java:133)
	at java.lang.Thread.run(Thread.java:748)
Caused by: org.apache.ratis.thirdparty.io.grpc.StatusRuntimeException: UNAVAILABLE: io exception
	at org.apache.ratis.thirdparty.io.grpc.stub.ClientCalls.toStatusRuntimeException(ClientCalls.java:233)
	at org.apache.ratis.thirdparty.io.grpc.stub.ClientCalls.getUnchecked(ClientCalls.java:214)
	at org.apache.ratis.thirdparty.io.grpc.stub.ClientCalls.blockingUnaryCall(ClientCalls.java:139)
	at org.apache.ratis.proto.grpc.RaftServerProtocolServiceGrpc$RaftServerProtocolServiceBlockingStub.requestVote(RaftServerProtocolServiceGrpc.java:265)
	at org.apache.ratis.grpc.server.GrpcServerProtocolClient.requestVote(GrpcServerProtocolClient.java:99)
	at org.apache.ratis.grpc.server.GrpcService.requestVote(GrpcService.java:204)
	at org.apache.ratis.server.impl.LeaderElection.lambda$submitRequests$1(LeaderElection.java:234)
	at java.util.concurrent.FutureTask.run(FutureTask.java:266)
	at java.util.concurrent.Executors$RunnableAdapter.call(Executors.java:511)
	at java.util.concurrent.FutureTask.run(FutureTask.java:266)
	at java.util.concurrent.ThreadPoolExecutor.runWorker(ThreadPoolExecutor.java:1149)
	at java.util.concurrent.ThreadPoolExecutor$Worker.run(ThreadPoolExecutor.java:624)
	... 1 more
Caused by: org.apache.ratis.thirdparty.io.netty.channel.AbstractChannel$AnnotatedConnectException: Connection refused: /192.168.157.204:32953
	at sun.nio.ch.SocketChannelImpl.checkConnect(Native Method)
	at sun.nio.ch.SocketChannelImpl.finishConnect(SocketChannelImpl.java:717)
	at org.apache.ratis.thirdparty.io.netty.channel.socket.nio.NioSocketChannel.doFinishConnect(NioSocketChannel.java:327)
	at org.apache.ratis.thirdparty.io.netty.channel.nio.AbstractNioChannel$AbstractNioUnsafe.finishConnect(AbstractNioChannel.java:340)
	at org.apache.ratis.thirdparty.io.netty.channel.nio.NioEventLoop.processSelectedKey(NioEventLoop.java:632)
	at org.apache.ratis.thirdparty.io.netty.channel.nio.NioEventLoop.processSelectedKeysOptimized(NioEventLoop.java:579)
	at org.apache.ratis.thirdparty.io.netty.channel.nio.NioEventLoop.processSelectedKeys(NioEventLoop.java:496)
	at org.apache.ratis.thirdparty.io.netty.channel.nio.NioEventLoop.run(NioEventLoop.java:458)
	at org.apache.ratis.thirdparty.io.netty.util.concurrent.SingleThreadEventExecutor$5.run(SingleThreadEventExecutor.java:897)
	at org.apache.ratis.thirdparty.io.netty.util.concurrent.FastThreadLocalRunnable.run(FastThreadLocalRunnable.java:30)
	... 1 more
Caused by: java.net.ConnectException: Connection refused
	... 11 more
2019-10-20 13:11:21,462 [7660b851-9671-46a6-9e1d-7d946f95d492@group-42C3DBE2B33D-LeaderElection3473] INFO  impl.RaftServerImpl (RaftServerImpl.java:setRole(184)) - 7660b851-9671-46a6-9e1d-7d946f95d492@group-42C3DBE2B33D: changes role from CANDIDATE to FOLLOWER at term 194 for DISCOVERED_A_NEW_TERM
2019-10-20 13:11:21,462 [7660b851-9671-46a6-9e1d-7d946f95d492@group-42C3DBE2B33D-LeaderElection3473] INFO  impl.RoleInfo (RoleInfo.java:shutdownLeaderElection(134)) - 7660b851-9671-46a6-9e1d-7d946f95d492: shutdown LeaderElection
2019-10-20 13:11:21,462 [7660b851-9671-46a6-9e1d-7d946f95d492@group-42C3DBE2B33D-LeaderElection3473] INFO  impl.RoleInfo (RoleInfo.java:updateAndGet(143)) - 7660b851-9671-46a6-9e1d-7d946f95d492: start FollowerState
2019-10-20 13:11:21,663 [Thread-25864] INFO  impl.FollowerState (FollowerState.java:run(108)) - 7660b851-9671-46a6-9e1d-7d946f95d492@group-42C3DBE2B33D-FollowerState: change to CANDIDATE, lastRpcTime:200ms, electionTimeout:200ms
2019-10-20 13:11:21,663 [Thread-25864] INFO  impl.RoleInfo (RoleInfo.java:shutdownFollowerState(121)) - 7660b851-9671-46a6-9e1d-7d946f95d492: shutdown FollowerState
2019-10-20 13:11:21,663 [Thread-25864] INFO  impl.RaftServerImpl (RaftServerImpl.java:setRole(184)) - 7660b851-9671-46a6-9e1d-7d946f95d492@group-42C3DBE2B33D: changes role from  FOLLOWER to CANDIDATE at term 194 for changeToCandidate
2019-10-20 13:11:21,663 [Thread-25864] INFO  impl.RoleInfo (RoleInfo.java:updateAndGet(143)) - 7660b851-9671-46a6-9e1d-7d946f95d492: start LeaderElection
2019-10-20 13:11:21,676 [7660b851-9671-46a6-9e1d-7d946f95d492@group-42C3DBE2B33D-LeaderElection3474] INFO  impl.LeaderElection (LeaderElection.java:askForVotes(178)) - 7660b851-9671-46a6-9e1d-7d946f95d492@group-42C3DBE2B33D-LeaderElection3474: begin an election at term 195 for -1: [fdf19479-69c2-4639-b68c-6adde78ca28a:192.168.157.204:42858, 1ac0a8d4-e534-43ce-83b1-426d47a3040d:192.168.157.204:32953, 7660b851-9671-46a6-9e1d-7d946f95d492:192.168.157.204:41682], old=null
2019-10-20 13:11:21,677 [7660b851-9671-46a6-9e1d-7d946f95d492@group-42C3DBE2B33D-LeaderElection3474] INFO  impl.LeaderElection (LogUtils.java:infoOrTrace(149)) - 7660b851-9671-46a6-9e1d-7d946f95d492@group-42C3DBE2B33D-LeaderElection3474 got exception when requesting votes: {}
java.util.concurrent.ExecutionException: org.apache.ratis.thirdparty.io.grpc.StatusRuntimeException: UNAVAILABLE: io exception
	at java.util.concurrent.FutureTask.report(FutureTask.java:122)
	at java.util.concurrent.FutureTask.get(FutureTask.java:192)
	at org.apache.ratis.server.impl.LeaderElection.waitForResults(LeaderElection.java:259)
	at org.apache.ratis.server.impl.LeaderElection.askForVotes(LeaderElection.java:197)
	at org.apache.ratis.server.impl.LeaderElection.run(LeaderElection.java:133)
	at java.lang.Thread.run(Thread.java:748)
Caused by: org.apache.ratis.thirdparty.io.grpc.StatusRuntimeException: UNAVAILABLE: io exception
	at org.apache.ratis.thirdparty.io.grpc.stub.ClientCalls.toStatusRuntimeException(ClientCalls.java:233)
	at org.apache.ratis.thirdparty.io.grpc.stub.ClientCalls.getUnchecked(ClientCalls.java:214)
	at org.apache.ratis.thirdparty.io.grpc.stub.ClientCalls.blockingUnaryCall(ClientCalls.java:139)
	at org.apache.ratis.proto.grpc.RaftServerProtocolServiceGrpc$RaftServerProtocolServiceBlockingStub.requestVote(RaftServerProtocolServiceGrpc.java:265)
	at org.apache.ratis.grpc.server.GrpcServerProtocolClient.requestVote(GrpcServerProtocolClient.java:99)
	at org.apache.ratis.grpc.server.GrpcService.requestVote(GrpcService.java:204)
	at org.apache.ratis.server.impl.LeaderElection.lambda$submitRequests$1(LeaderElection.java:234)
	at java.util.concurrent.FutureTask.run(FutureTask.java:266)
	at java.util.concurrent.Executors$RunnableAdapter.call(Executors.java:511)
	at java.util.concurrent.FutureTask.run(FutureTask.java:266)
	at java.util.concurrent.ThreadPoolExecutor.runWorker(ThreadPoolExecutor.java:1149)
	at java.util.concurrent.ThreadPoolExecutor$Worker.run(ThreadPoolExecutor.java:624)
	... 1 more
Caused by: org.apache.ratis.thirdparty.io.netty.channel.AbstractChannel$AnnotatedConnectException: Connection refused: /192.168.157.204:42858
	at sun.nio.ch.SocketChannelImpl.checkConnect(Native Method)
	at sun.nio.ch.SocketChannelImpl.finishConnect(SocketChannelImpl.java:717)
	at org.apache.ratis.thirdparty.io.netty.channel.socket.nio.NioSocketChannel.doFinishConnect(NioSocketChannel.java:327)
	at org.apache.ratis.thirdparty.io.netty.channel.nio.AbstractNioChannel$AbstractNioUnsafe.finishConnect(AbstractNioChannel.java:340)
	at org.apache.ratis.thirdparty.io.netty.channel.nio.NioEventLoop.processSelectedKey(NioEventLoop.java:632)
	at org.apache.ratis.thirdparty.io.netty.channel.nio.NioEventLoop.processSelectedKeysOptimized(NioEventLoop.java:579)
	at org.apache.ratis.thirdparty.io.netty.channel.nio.NioEventLoop.processSelectedKeys(NioEventLoop.java:496)
	at org.apache.ratis.thirdparty.io.netty.channel.nio.NioEventLoop.run(NioEventLoop.java:458)
	at org.apache.ratis.thirdparty.io.netty.util.concurrent.SingleThreadEventExecutor$5.run(SingleThreadEventExecutor.java:897)
	at org.apache.ratis.thirdparty.io.netty.util.concurrent.FastThreadLocalRunnable.run(FastThreadLocalRunnable.java:30)
	... 1 more
Caused by: java.net.ConnectException: Connection refused
	... 11 more
2019-10-20 13:11:21,678 [7660b851-9671-46a6-9e1d-7d946f95d492@group-42C3DBE2B33D-LeaderElection3474] INFO  impl.LeaderElection (LogUtils.java:infoOrTrace(149)) - 7660b851-9671-46a6-9e1d-7d946f95d492@group-42C3DBE2B33D-LeaderElection3474 got exception when requesting votes: {}
java.util.concurrent.ExecutionException: org.apache.ratis.thirdparty.io.grpc.StatusRuntimeException: UNAVAILABLE: io exception
	at java.util.concurrent.FutureTask.report(FutureTask.java:122)
	at java.util.concurrent.FutureTask.get(FutureTask.java:192)
	at org.apache.ratis.server.impl.LeaderElection.waitForResults(LeaderElection.java:259)
	at org.apache.ratis.server.impl.LeaderElection.askForVotes(LeaderElection.java:197)
	at org.apache.ratis.server.impl.LeaderElection.run(LeaderElection.java:133)
	at java.lang.Thread.run(Thread.java:748)
Caused by: org.apache.ratis.thirdparty.io.grpc.StatusRuntimeException: UNAVAILABLE: io exception
	at org.apache.ratis.thirdparty.io.grpc.stub.ClientCalls.toStatusRuntimeException(ClientCalls.java:233)
	at org.apache.ratis.thirdparty.io.grpc.stub.ClientCalls.getUnchecked(ClientCalls.java:214)
	at org.apache.ratis.thirdparty.io.grpc.stub.ClientCalls.blockingUnaryCall(ClientCalls.java:139)
	at org.apache.ratis.proto.grpc.RaftServerProtocolServiceGrpc$RaftServerProtocolServiceBlockingStub.requestVote(RaftServerProtocolServiceGrpc.java:265)
	at org.apache.ratis.grpc.server.GrpcServerProtocolClient.requestVote(GrpcServerProtocolClient.java:99)
	at org.apache.ratis.grpc.server.GrpcService.requestVote(GrpcService.java:204)
	at org.apache.ratis.server.impl.LeaderElection.lambda$submitRequests$1(LeaderElection.java:234)
	at java.util.concurrent.FutureTask.run(FutureTask.java:266)
	at java.util.concurrent.Executors$RunnableAdapter.call(Executors.java:511)
	at java.util.concurrent.FutureTask.run(FutureTask.java:266)
	at java.util.concurrent.ThreadPoolExecutor.runWorker(ThreadPoolExecutor.java:1149)
	at java.util.concurrent.ThreadPoolExecutor$Worker.run(ThreadPoolExecutor.java:624)
	... 1 more
Caused by: org.apache.ratis.thirdparty.io.netty.channel.AbstractChannel$AnnotatedConnectException: Connection refused: /192.168.157.204:32953
	at sun.nio.ch.SocketChannelImpl.checkConnect(Native Method)
	at sun.nio.ch.SocketChannelImpl.finishConnect(SocketChannelImpl.java:717)
	at org.apache.ratis.thirdparty.io.netty.channel.socket.nio.NioSocketChannel.doFinishConnect(NioSocketChannel.java:327)
	at org.apache.ratis.thirdparty.io.netty.channel.nio.AbstractNioChannel$AbstractNioUnsafe.finishConnect(AbstractNioChannel.java:340)
	at org.apache.ratis.thirdparty.io.netty.channel.nio.NioEventLoop.processSelectedKey(NioEventLoop.java:632)
	at org.apache.ratis.thirdparty.io.netty.channel.nio.NioEventLoop.processSelectedKeysOptimized(NioEventLoop.java:579)
	at org.apache.ratis.thirdparty.io.netty.channel.nio.NioEventLoop.processSelectedKeys(NioEventLoop.java:496)
	at org.apache.ratis.thirdparty.io.netty.channel.nio.NioEventLoop.run(NioEventLoop.java:458)
	at org.apache.ratis.thirdparty.io.netty.util.concurrent.SingleThreadEventExecutor$5.run(SingleThreadEventExecutor.java:897)
	at org.apache.ratis.thirdparty.io.netty.util.concurrent.FastThreadLocalRunnable.run(FastThreadLocalRunnable.java:30)
	... 1 more
Caused by: java.net.ConnectException: Connection refused
	... 11 more
2019-10-20 13:11:21,678 [7660b851-9671-46a6-9e1d-7d946f95d492@group-42C3DBE2B33D-LeaderElection3474] INFO  impl.LeaderElection (LeaderElection.java:logAndReturn(56)) - 7660b851-9671-46a6-9e1d-7d946f95d492@group-42C3DBE2B33D-LeaderElection3474: Election REJECTED; received 0 response(s) [] and 2 exception(s); 7660b851-9671-46a6-9e1d-7d946f95d492@group-42C3DBE2B33D:t195, leader=null, voted=7660b851-9671-46a6-9e1d-7d946f95d492, raftlog=7660b851-9671-46a6-9e1d-7d946f95d492@group-42C3DBE2B33D-SegmentedRaftLog:OPENED:c-1,f-1,i0, conf=-1: [fdf19479-69c2-4639-b68c-6adde78ca28a:192.168.157.204:42858, 1ac0a8d4-e534-43ce-83b1-426d47a3040d:192.168.157.204:32953, 7660b851-9671-46a6-9e1d-7d946f95d492:192.168.157.204:41682], old=null
2019-10-20 13:11:21,678 [7660b851-9671-46a6-9e1d-7d946f95d492@group-42C3DBE2B33D-LeaderElection3474] INFO  impl.LeaderElection (LogUtils.java:infoOrTrace(149)) -   Exception 0: {}
java.util.concurrent.ExecutionException: org.apache.ratis.thirdparty.io.grpc.StatusRuntimeException: UNAVAILABLE: io exception
	at java.util.concurrent.FutureTask.report(FutureTask.java:122)
	at java.util.concurrent.FutureTask.get(FutureTask.java:192)
	at org.apache.ratis.server.impl.LeaderElection.waitForResults(LeaderElection.java:259)
	at org.apache.ratis.server.impl.LeaderElection.askForVotes(LeaderElection.java:197)
	at org.apache.ratis.server.impl.LeaderElection.run(LeaderElection.java:133)
	at java.lang.Thread.run(Thread.java:748)
Caused by: org.apache.ratis.thirdparty.io.grpc.StatusRuntimeException: UNAVAILABLE: io exception
	at org.apache.ratis.thirdparty.io.grpc.stub.ClientCalls.toStatusRuntimeException(ClientCalls.java:233)
	at org.apache.ratis.thirdparty.io.grpc.stub.ClientCalls.getUnchecked(ClientCalls.java:214)
	at org.apache.ratis.thirdparty.io.grpc.stub.ClientCalls.blockingUnaryCall(ClientCalls.java:139)
	at org.apache.ratis.proto.grpc.RaftServerProtocolServiceGrpc$RaftServerProtocolServiceBlockingStub.requestVote(RaftServerProtocolServiceGrpc.java:265)
	at org.apache.ratis.grpc.server.GrpcServerProtocolClient.requestVote(GrpcServerProtocolClient.java:99)
	at org.apache.ratis.grpc.server.GrpcService.requestVote(GrpcService.java:204)
	at org.apache.ratis.server.impl.LeaderElection.lambda$submitRequests$1(LeaderElection.java:234)
	at java.util.concurrent.FutureTask.run(FutureTask.java:266)
	at java.util.concurrent.Executors$RunnableAdapter.call(Executors.java:511)
	at java.util.concurrent.FutureTask.run(FutureTask.java:266)
	at java.util.concurrent.ThreadPoolExecutor.runWorker(ThreadPoolExecutor.java:1149)
	at java.util.concurrent.ThreadPoolExecutor$Worker.run(ThreadPoolExecutor.java:624)
	... 1 more
Caused by: org.apache.ratis.thirdparty.io.netty.channel.AbstractChannel$AnnotatedConnectException: Connection refused: /192.168.157.204:42858
	at sun.nio.ch.SocketChannelImpl.checkConnect(Native Method)
	at sun.nio.ch.SocketChannelImpl.finishConnect(SocketChannelImpl.java:717)
	at org.apache.ratis.thirdparty.io.netty.channel.socket.nio.NioSocketChannel.doFinishConnect(NioSocketChannel.java:327)
	at org.apache.ratis.thirdparty.io.netty.channel.nio.AbstractNioChannel$AbstractNioUnsafe.finishConnect(AbstractNioChannel.java:340)
	at org.apache.ratis.thirdparty.io.netty.channel.nio.NioEventLoop.processSelectedKey(NioEventLoop.java:632)
	at org.apache.ratis.thirdparty.io.netty.channel.nio.NioEventLoop.processSelectedKeysOptimized(NioEventLoop.java:579)
	at org.apache.ratis.thirdparty.io.netty.channel.nio.NioEventLoop.processSelectedKeys(NioEventLoop.java:496)
	at org.apache.ratis.thirdparty.io.netty.channel.nio.NioEventLoop.run(NioEventLoop.java:458)
	at org.apache.ratis.thirdparty.io.netty.util.concurrent.SingleThreadEventExecutor$5.run(SingleThreadEventExecutor.java:897)
	at org.apache.ratis.thirdparty.io.netty.util.concurrent.FastThreadLocalRunnable.run(FastThreadLocalRunnable.java:30)
	... 1 more
Caused by: java.net.ConnectException: Connection refused
	... 11 more
2019-10-20 13:11:21,679 [7660b851-9671-46a6-9e1d-7d946f95d492@group-42C3DBE2B33D-LeaderElection3474] INFO  impl.LeaderElection (LogUtils.java:infoOrTrace(149)) -   Exception 1: {}
java.util.concurrent.ExecutionException: org.apache.ratis.thirdparty.io.grpc.StatusRuntimeException: UNAVAILABLE: io exception
	at java.util.concurrent.FutureTask.report(FutureTask.java:122)
	at java.util.concurrent.FutureTask.get(FutureTask.java:192)
	at org.apache.ratis.server.impl.LeaderElection.waitForResults(LeaderElection.java:259)
	at org.apache.ratis.server.impl.LeaderElection.askForVotes(LeaderElection.java:197)
	at org.apache.ratis.server.impl.LeaderElection.run(LeaderElection.java:133)
	at java.lang.Thread.run(Thread.java:748)
Caused by: org.apache.ratis.thirdparty.io.grpc.StatusRuntimeException: UNAVAILABLE: io exception
	at org.apache.ratis.thirdparty.io.grpc.stub.ClientCalls.toStatusRuntimeException(ClientCalls.java:233)
	at org.apache.ratis.thirdparty.io.grpc.stub.ClientCalls.getUnchecked(ClientCalls.java:214)
	at org.apache.ratis.thirdparty.io.grpc.stub.ClientCalls.blockingUnaryCall(ClientCalls.java:139)
	at org.apache.ratis.proto.grpc.RaftServerProtocolServiceGrpc$RaftServerProtocolServiceBlockingStub.requestVote(RaftServerProtocolServiceGrpc.java:265)
	at org.apache.ratis.grpc.server.GrpcServerProtocolClient.requestVote(GrpcServerProtocolClient.java:99)
	at org.apache.ratis.grpc.server.GrpcService.requestVote(GrpcService.java:204)
	at org.apache.ratis.server.impl.LeaderElection.lambda$submitRequests$1(LeaderElection.java:234)
	at java.util.concurrent.FutureTask.run(FutureTask.java:266)
	at java.util.concurrent.Executors$RunnableAdapter.call(Executors.java:511)
	at java.util.concurrent.FutureTask.run(FutureTask.java:266)
	at java.util.concurrent.ThreadPoolExecutor.runWorker(ThreadPoolExecutor.java:1149)
	at java.util.concurrent.ThreadPoolExecutor$Worker.run(ThreadPoolExecutor.java:624)
	... 1 more
Caused by: org.apache.ratis.thirdparty.io.netty.channel.AbstractChannel$AnnotatedConnectException: Connection refused: /192.168.157.204:32953
	at sun.nio.ch.SocketChannelImpl.checkConnect(Native Method)
	at sun.nio.ch.SocketChannelImpl.finishConnect(SocketChannelImpl.java:717)
	at org.apache.ratis.thirdparty.io.netty.channel.socket.nio.NioSocketChannel.doFinishConnect(NioSocketChannel.java:327)
	at org.apache.ratis.thirdparty.io.netty.channel.nio.AbstractNioChannel$AbstractNioUnsafe.finishConnect(AbstractNioChannel.java:340)
	at org.apache.ratis.thirdparty.io.netty.channel.nio.NioEventLoop.processSelectedKey(NioEventLoop.java:632)
	at org.apache.ratis.thirdparty.io.netty.channel.nio.NioEventLoop.processSelectedKeysOptimized(NioEventLoop.java:579)
	at org.apache.ratis.thirdparty.io.netty.channel.nio.NioEventLoop.processSelectedKeys(NioEventLoop.java:496)
	at org.apache.ratis.thirdparty.io.netty.channel.nio.NioEventLoop.run(NioEventLoop.java:458)
	at org.apache.ratis.thirdparty.io.netty.util.concurrent.SingleThreadEventExecutor$5.run(SingleThreadEventExecutor.java:897)
	at org.apache.ratis.thirdparty.io.netty.util.concurrent.FastThreadLocalRunnable.run(FastThreadLocalRunnable.java:30)
	... 1 more
Caused by: java.net.ConnectException: Connection refused
	... 11 more
2019-10-20 13:11:21,679 [7660b851-9671-46a6-9e1d-7d946f95d492@group-42C3DBE2B33D-LeaderElection3474] INFO  impl.RaftServerImpl (RaftServerImpl.java:setRole(184)) - 7660b851-9671-46a6-9e1d-7d946f95d492@group-42C3DBE2B33D: changes role from CANDIDATE to FOLLOWER at term 195 for DISCOVERED_A_NEW_TERM
2019-10-20 13:11:21,679 [7660b851-9671-46a6-9e1d-7d946f95d492@group-42C3DBE2B33D-LeaderElection3474] INFO  impl.RoleInfo (RoleInfo.java:shutdownLeaderElection(134)) - 7660b851-9671-46a6-9e1d-7d946f95d492: shutdown LeaderElection
2019-10-20 13:11:21,679 [7660b851-9671-46a6-9e1d-7d946f95d492@group-42C3DBE2B33D-LeaderElection3474] INFO  impl.RoleInfo (RoleInfo.java:updateAndGet(143)) - 7660b851-9671-46a6-9e1d-7d946f95d492: start FollowerState
2019-10-20 13:11:21,824 [Thread-25870] INFO  impl.FollowerState (FollowerState.java:run(108)) - 7660b851-9671-46a6-9e1d-7d946f95d492@group-42C3DBE2B33D-FollowerState: change to CANDIDATE, lastRpcTime:144ms, electionTimeout:144ms
2019-10-20 13:11:21,824 [Thread-25870] INFO  impl.RoleInfo (RoleInfo.java:shutdownFollowerState(121)) - 7660b851-9671-46a6-9e1d-7d946f95d492: shutdown FollowerState
2019-10-20 13:11:21,824 [Thread-25870] INFO  impl.RaftServerImpl (RaftServerImpl.java:setRole(184)) - 7660b851-9671-46a6-9e1d-7d946f95d492@group-42C3DBE2B33D: changes role from  FOLLOWER to CANDIDATE at term 195 for changeToCandidate
2019-10-20 13:11:21,824 [Thread-25870] INFO  impl.RoleInfo (RoleInfo.java:updateAndGet(143)) - 7660b851-9671-46a6-9e1d-7d946f95d492: start LeaderElection
2019-10-20 13:11:21,839 [7660b851-9671-46a6-9e1d-7d946f95d492@group-42C3DBE2B33D-LeaderElection3475] INFO  impl.LeaderElection (LeaderElection.java:askForVotes(178)) - 7660b851-9671-46a6-9e1d-7d946f95d492@group-42C3DBE2B33D-LeaderElection3475: begin an election at term 196 for -1: [fdf19479-69c2-4639-b68c-6adde78ca28a:192.168.157.204:42858, 1ac0a8d4-e534-43ce-83b1-426d47a3040d:192.168.157.204:32953, 7660b851-9671-46a6-9e1d-7d946f95d492:192.168.157.204:41682], old=null
2019-10-20 13:11:21,840 [7660b851-9671-46a6-9e1d-7d946f95d492@group-42C3DBE2B33D-LeaderElection3475] INFO  impl.LeaderElection (LogUtils.java:infoOrTrace(149)) - 7660b851-9671-46a6-9e1d-7d946f95d492@group-42C3DBE2B33D-LeaderElection3475 got exception when requesting votes: {}
java.util.concurrent.ExecutionException: org.apache.ratis.thirdparty.io.grpc.StatusRuntimeException: UNAVAILABLE: io exception
	at java.util.concurrent.FutureTask.report(FutureTask.java:122)
	at java.util.concurrent.FutureTask.get(FutureTask.java:192)
	at org.apache.ratis.server.impl.LeaderElection.waitForResults(LeaderElection.java:259)
	at org.apache.ratis.server.impl.LeaderElection.askForVotes(LeaderElection.java:197)
	at org.apache.ratis.server.impl.LeaderElection.run(LeaderElection.java:133)
	at java.lang.Thread.run(Thread.java:748)
Caused by: org.apache.ratis.thirdparty.io.grpc.StatusRuntimeException: UNAVAILABLE: io exception
	at org.apache.ratis.thirdparty.io.grpc.stub.ClientCalls.toStatusRuntimeException(ClientCalls.java:233)
	at org.apache.ratis.thirdparty.io.grpc.stub.ClientCalls.getUnchecked(ClientCalls.java:214)
	at org.apache.ratis.thirdparty.io.grpc.stub.ClientCalls.blockingUnaryCall(ClientCalls.java:139)
	at org.apache.ratis.proto.grpc.RaftServerProtocolServiceGrpc$RaftServerProtocolServiceBlockingStub.requestVote(RaftServerProtocolServiceGrpc.java:265)
	at org.apache.ratis.grpc.server.GrpcServerProtocolClient.requestVote(GrpcServerProtocolClient.java:99)
	at org.apache.ratis.grpc.server.GrpcService.requestVote(GrpcService.java:204)
	at org.apache.ratis.server.impl.LeaderElection.lambda$submitRequests$1(LeaderElection.java:234)
	at java.util.concurrent.FutureTask.run(FutureTask.java:266)
	at java.util.concurrent.Executors$RunnableAdapter.call(Executors.java:511)
	at java.util.concurrent.FutureTask.run(FutureTask.java:266)
	at java.util.concurrent.ThreadPoolExecutor.runWorker(ThreadPoolExecutor.java:1149)
	at java.util.concurrent.ThreadPoolExecutor$Worker.run(ThreadPoolExecutor.java:624)
	... 1 more
Caused by: org.apache.ratis.thirdparty.io.netty.channel.AbstractChannel$AnnotatedConnectException: Connection refused: /192.168.157.204:42858
	at sun.nio.ch.SocketChannelImpl.checkConnect(Native Method)
	at sun.nio.ch.SocketChannelImpl.finishConnect(SocketChannelImpl.java:717)
	at org.apache.ratis.thirdparty.io.netty.channel.socket.nio.NioSocketChannel.doFinishConnect(NioSocketChannel.java:327)
	at org.apache.ratis.thirdparty.io.netty.channel.nio.AbstractNioChannel$AbstractNioUnsafe.finishConnect(AbstractNioChannel.java:340)
	at org.apache.ratis.thirdparty.io.netty.channel.nio.NioEventLoop.processSelectedKey(NioEventLoop.java:632)
	at org.apache.ratis.thirdparty.io.netty.channel.nio.NioEventLoop.processSelectedKeysOptimized(NioEventLoop.java:579)
	at org.apache.ratis.thirdparty.io.netty.channel.nio.NioEventLoop.processSelectedKeys(NioEventLoop.java:496)
	at org.apache.ratis.thirdparty.io.netty.channel.nio.NioEventLoop.run(NioEventLoop.java:458)
	at org.apache.ratis.thirdparty.io.netty.util.concurrent.SingleThreadEventExecutor$5.run(SingleThreadEventExecutor.java:897)
	at org.apache.ratis.thirdparty.io.netty.util.concurrent.FastThreadLocalRunnable.run(FastThreadLocalRunnable.java:30)
	... 1 more
Caused by: java.net.ConnectException: Connection refused
	... 11 more
2019-10-20 13:11:21,840 [7660b851-9671-46a6-9e1d-7d946f95d492@group-42C3DBE2B33D-LeaderElection3475] INFO  impl.LeaderElection (LogUtils.java:infoOrTrace(149)) - 7660b851-9671-46a6-9e1d-7d946f95d492@group-42C3DBE2B33D-LeaderElection3475 got exception when requesting votes: {}
java.util.concurrent.ExecutionException: org.apache.ratis.thirdparty.io.grpc.StatusRuntimeException: UNAVAILABLE: io exception
	at java.util.concurrent.FutureTask.report(FutureTask.java:122)
	at java.util.concurrent.FutureTask.get(FutureTask.java:192)
	at org.apache.ratis.server.impl.LeaderElection.waitForResults(LeaderElection.java:259)
	at org.apache.ratis.server.impl.LeaderElection.askForVotes(LeaderElection.java:197)
	at org.apache.ratis.server.impl.LeaderElection.run(LeaderElection.java:133)
	at java.lang.Thread.run(Thread.java:748)
Caused by: org.apache.ratis.thirdparty.io.grpc.StatusRuntimeException: UNAVAILABLE: io exception
	at org.apache.ratis.thirdparty.io.grpc.stub.ClientCalls.toStatusRuntimeException(ClientCalls.java:233)
	at org.apache.ratis.thirdparty.io.grpc.stub.ClientCalls.getUnchecked(ClientCalls.java:214)
	at org.apache.ratis.thirdparty.io.grpc.stub.ClientCalls.blockingUnaryCall(ClientCalls.java:139)
	at org.apache.ratis.proto.grpc.RaftServerProtocolServiceGrpc$RaftServerProtocolServiceBlockingStub.requestVote(RaftServerProtocolServiceGrpc.java:265)
	at org.apache.ratis.grpc.server.GrpcServerProtocolClient.requestVote(GrpcServerProtocolClient.java:99)
	at org.apache.ratis.grpc.server.GrpcService.requestVote(GrpcService.java:204)
	at org.apache.ratis.server.impl.LeaderElection.lambda$submitRequests$1(LeaderElection.java:234)
	at java.util.concurrent.FutureTask.run(FutureTask.java:266)
	at java.util.concurrent.Executors$RunnableAdapter.call(Executors.java:511)
	at java.util.concurrent.FutureTask.run(FutureTask.java:266)
	at java.util.concurrent.ThreadPoolExecutor.runWorker(ThreadPoolExecutor.java:1149)
	at java.util.concurrent.ThreadPoolExecutor$Worker.run(ThreadPoolExecutor.java:624)
	... 1 more
Caused by: org.apache.ratis.thirdparty.io.netty.channel.AbstractChannel$AnnotatedConnectException: Connection refused: /192.168.157.204:32953
	at sun.nio.ch.SocketChannelImpl.checkConnect(Native Method)
	at sun.nio.ch.SocketChannelImpl.finishConnect(SocketChannelImpl.java:717)
	at org.apache.ratis.thirdparty.io.netty.channel.socket.nio.NioSocketChannel.doFinishConnect(NioSocketChannel.java:327)
	at org.apache.ratis.thirdparty.io.netty.channel.nio.AbstractNioChannel$AbstractNioUnsafe.finishConnect(AbstractNioChannel.java:340)
	at org.apache.ratis.thirdparty.io.netty.channel.nio.NioEventLoop.processSelectedKey(NioEventLoop.java:632)
	at org.apache.ratis.thirdparty.io.netty.channel.nio.NioEventLoop.processSelectedKeysOptimized(NioEventLoop.java:579)
	at org.apache.ratis.thirdparty.io.netty.channel.nio.NioEventLoop.processSelectedKeys(NioEventLoop.java:496)
	at org.apache.ratis.thirdparty.io.netty.channel.nio.NioEventLoop.run(NioEventLoop.java:458)
	at org.apache.ratis.thirdparty.io.netty.util.concurrent.SingleThreadEventExecutor$5.run(SingleThreadEventExecutor.java:897)
	at org.apache.ratis.thirdparty.io.netty.util.concurrent.FastThreadLocalRunnable.run(FastThreadLocalRunnable.java:30)
	... 1 more
Caused by: java.net.ConnectException: Connection refused
	... 11 more
2019-10-20 13:11:21,840 [7660b851-9671-46a6-9e1d-7d946f95d492@group-42C3DBE2B33D-LeaderElection3475] INFO  impl.LeaderElection (LeaderElection.java:logAndReturn(56)) - 7660b851-9671-46a6-9e1d-7d946f95d492@group-42C3DBE2B33D-LeaderElection3475: Election REJECTED; received 0 response(s) [] and 2 exception(s); 7660b851-9671-46a6-9e1d-7d946f95d492@group-42C3DBE2B33D:t196, leader=null, voted=7660b851-9671-46a6-9e1d-7d946f95d492, raftlog=7660b851-9671-46a6-9e1d-7d946f95d492@group-42C3DBE2B33D-SegmentedRaftLog:OPENED:c-1,f-1,i0, conf=-1: [fdf19479-69c2-4639-b68c-6adde78ca28a:192.168.157.204:42858, 1ac0a8d4-e534-43ce-83b1-426d47a3040d:192.168.157.204:32953, 7660b851-9671-46a6-9e1d-7d946f95d492:192.168.157.204:41682], old=null
2019-10-20 13:11:21,840 [7660b851-9671-46a6-9e1d-7d946f95d492@group-42C3DBE2B33D-LeaderElection3475] INFO  impl.LeaderElection (LogUtils.java:infoOrTrace(149)) -   Exception 0: {}
java.util.concurrent.ExecutionException: org.apache.ratis.thirdparty.io.grpc.StatusRuntimeException: UNAVAILABLE: io exception
	at java.util.concurrent.FutureTask.report(FutureTask.java:122)
	at java.util.concurrent.FutureTask.get(FutureTask.java:192)
	at org.apache.ratis.server.impl.LeaderElection.waitForResults(LeaderElection.java:259)
	at org.apache.ratis.server.impl.LeaderElection.askForVotes(LeaderElection.java:197)
	at org.apache.ratis.server.impl.LeaderElection.run(LeaderElection.java:133)
	at java.lang.Thread.run(Thread.java:748)
Caused by: org.apache.ratis.thirdparty.io.grpc.StatusRuntimeException: UNAVAILABLE: io exception
	at org.apache.ratis.thirdparty.io.grpc.stub.ClientCalls.toStatusRuntimeException(ClientCalls.java:233)
	at org.apache.ratis.thirdparty.io.grpc.stub.ClientCalls.getUnchecked(ClientCalls.java:214)
	at org.apache.ratis.thirdparty.io.grpc.stub.ClientCalls.blockingUnaryCall(ClientCalls.java:139)
	at org.apache.ratis.proto.grpc.RaftServerProtocolServiceGrpc$RaftServerProtocolServiceBlockingStub.requestVote(RaftServerProtocolServiceGrpc.java:265)
	at org.apache.ratis.grpc.server.GrpcServerProtocolClient.requestVote(GrpcServerProtocolClient.java:99)
	at org.apache.ratis.grpc.server.GrpcService.requestVote(GrpcService.java:204)
	at org.apache.ratis.server.impl.LeaderElection.lambda$submitRequests$1(LeaderElection.java:234)
	at java.util.concurrent.FutureTask.run(FutureTask.java:266)
	at java.util.concurrent.Executors$RunnableAdapter.call(Executors.java:511)
	at java.util.concurrent.FutureTask.run(FutureTask.java:266)
	at java.util.concurrent.ThreadPoolExecutor.runWorker(ThreadPoolExecutor.java:1149)
	at java.util.concurrent.ThreadPoolExecutor$Worker.run(ThreadPoolExecutor.java:624)
	... 1 more
Caused by: org.apache.ratis.thirdparty.io.netty.channel.AbstractChannel$AnnotatedConnectException: Connection refused: /192.168.157.204:42858
	at sun.nio.ch.SocketChannelImpl.checkConnect(Native Method)
	at sun.nio.ch.SocketChannelImpl.finishConnect(SocketChannelImpl.java:717)
	at org.apache.ratis.thirdparty.io.netty.channel.socket.nio.NioSocketChannel.doFinishConnect(NioSocketChannel.java:327)
	at org.apache.ratis.thirdparty.io.netty.channel.nio.AbstractNioChannel$AbstractNioUnsafe.finishConnect(AbstractNioChannel.java:340)
	at org.apache.ratis.thirdparty.io.netty.channel.nio.NioEventLoop.processSelectedKey(NioEventLoop.java:632)
	at org.apache.ratis.thirdparty.io.netty.channel.nio.NioEventLoop.processSelectedKeysOptimized(NioEventLoop.java:579)
	at org.apache.ratis.thirdparty.io.netty.channel.nio.NioEventLoop.processSelectedKeys(NioEventLoop.java:496)
	at org.apache.ratis.thirdparty.io.netty.channel.nio.NioEventLoop.run(NioEventLoop.java:458)
	at org.apache.ratis.thirdparty.io.netty.util.concurrent.SingleThreadEventExecutor$5.run(SingleThreadEventExecutor.java:897)
	at org.apache.ratis.thirdparty.io.netty.util.concurrent.FastThreadLocalRunnable.run(FastThreadLocalRunnable.java:30)
	... 1 more
Caused by: java.net.ConnectException: Connection refused
	... 11 more
2019-10-20 13:11:21,841 [7660b851-9671-46a6-9e1d-7d946f95d492@group-42C3DBE2B33D-LeaderElection3475] INFO  impl.LeaderElection (LogUtils.java:infoOrTrace(149)) -   Exception 1: {}
java.util.concurrent.ExecutionException: org.apache.ratis.thirdparty.io.grpc.StatusRuntimeException: UNAVAILABLE: io exception
	at java.util.concurrent.FutureTask.report(FutureTask.java:122)
	at java.util.concurrent.FutureTask.get(FutureTask.java:192)
	at org.apache.ratis.server.impl.LeaderElection.waitForResults(LeaderElection.java:259)
	at org.apache.ratis.server.impl.LeaderElection.askForVotes(LeaderElection.java:197)
	at org.apache.ratis.server.impl.LeaderElection.run(LeaderElection.java:133)
	at java.lang.Thread.run(Thread.java:748)
Caused by: org.apache.ratis.thirdparty.io.grpc.StatusRuntimeException: UNAVAILABLE: io exception
	at org.apache.ratis.thirdparty.io.grpc.stub.ClientCalls.toStatusRuntimeException(ClientCalls.java:233)
	at org.apache.ratis.thirdparty.io.grpc.stub.ClientCalls.getUnchecked(ClientCalls.java:214)
	at org.apache.ratis.thirdparty.io.grpc.stub.ClientCalls.blockingUnaryCall(ClientCalls.java:139)
	at org.apache.ratis.proto.grpc.RaftServerProtocolServiceGrpc$RaftServerProtocolServiceBlockingStub.requestVote(RaftServerProtocolServiceGrpc.java:265)
	at org.apache.ratis.grpc.server.GrpcServerProtocolClient.requestVote(GrpcServerProtocolClient.java:99)
	at org.apache.ratis.grpc.server.GrpcService.requestVote(GrpcService.java:204)
	at org.apache.ratis.server.impl.LeaderElection.lambda$submitRequests$1(LeaderElection.java:234)
	at java.util.concurrent.FutureTask.run(FutureTask.java:266)
	at java.util.concurrent.Executors$RunnableAdapter.call(Executors.java:511)
	at java.util.concurrent.FutureTask.run(FutureTask.java:266)
	at java.util.concurrent.ThreadPoolExecutor.runWorker(ThreadPoolExecutor.java:1149)
	at java.util.concurrent.ThreadPoolExecutor$Worker.run(ThreadPoolExecutor.java:624)
	... 1 more
Caused by: org.apache.ratis.thirdparty.io.netty.channel.AbstractChannel$AnnotatedConnectException: Connection refused: /192.168.157.204:32953
	at sun.nio.ch.SocketChannelImpl.checkConnect(Native Method)
	at sun.nio.ch.SocketChannelImpl.finishConnect(SocketChannelImpl.java:717)
	at org.apache.ratis.thirdparty.io.netty.channel.socket.nio.NioSocketChannel.doFinishConnect(NioSocketChannel.java:327)
	at org.apache.ratis.thirdparty.io.netty.channel.nio.AbstractNioChannel$AbstractNioUnsafe.finishConnect(AbstractNioChannel.java:340)
	at org.apache.ratis.thirdparty.io.netty.channel.nio.NioEventLoop.processSelectedKey(NioEventLoop.java:632)
	at org.apache.ratis.thirdparty.io.netty.channel.nio.NioEventLoop.processSelectedKeysOptimized(NioEventLoop.java:579)
	at org.apache.ratis.thirdparty.io.netty.channel.nio.NioEventLoop.processSelectedKeys(NioEventLoop.java:496)
	at org.apache.ratis.thirdparty.io.netty.channel.nio.NioEventLoop.run(NioEventLoop.java:458)
	at org.apache.ratis.thirdparty.io.netty.util.concurrent.SingleThreadEventExecutor$5.run(SingleThreadEventExecutor.java:897)
	at org.apache.ratis.thirdparty.io.netty.util.concurrent.FastThreadLocalRunnable.run(FastThreadLocalRunnable.java:30)
	... 1 more
Caused by: java.net.ConnectException: Connection refused
	... 11 more
2019-10-20 13:11:21,841 [7660b851-9671-46a6-9e1d-7d946f95d492@group-42C3DBE2B33D-LeaderElection3475] INFO  impl.RaftServerImpl (RaftServerImpl.java:setRole(184)) - 7660b851-9671-46a6-9e1d-7d946f95d492@group-42C3DBE2B33D: changes role from CANDIDATE to FOLLOWER at term 196 for DISCOVERED_A_NEW_TERM
2019-10-20 13:11:21,841 [7660b851-9671-46a6-9e1d-7d946f95d492@group-42C3DBE2B33D-LeaderElection3475] INFO  impl.RoleInfo (RoleInfo.java:shutdownLeaderElection(134)) - 7660b851-9671-46a6-9e1d-7d946f95d492: shutdown LeaderElection
2019-10-20 13:11:21,841 [7660b851-9671-46a6-9e1d-7d946f95d492@group-42C3DBE2B33D-LeaderElection3475] INFO  impl.RoleInfo (RoleInfo.java:updateAndGet(143)) - 7660b851-9671-46a6-9e1d-7d946f95d492: start FollowerState
2019-10-20 13:11:21,965 [Thread-25875] INFO  impl.FollowerState (FollowerState.java:run(108)) - 7660b851-9671-46a6-9e1d-7d946f95d492@group-42C3DBE2B33D-FollowerState: change to CANDIDATE, lastRpcTime:123ms, electionTimeout:123ms
2019-10-20 13:11:21,965 [Thread-25875] INFO  impl.RoleInfo (RoleInfo.java:shutdownFollowerState(121)) - 7660b851-9671-46a6-9e1d-7d946f95d492: shutdown FollowerState
2019-10-20 13:11:21,965 [Thread-25875] INFO  impl.RaftServerImpl (RaftServerImpl.java:setRole(184)) - 7660b851-9671-46a6-9e1d-7d946f95d492@group-42C3DBE2B33D: changes role from  FOLLOWER to CANDIDATE at term 196 for changeToCandidate
2019-10-20 13:11:21,965 [Thread-25875] INFO  impl.RoleInfo (RoleInfo.java:updateAndGet(143)) - 7660b851-9671-46a6-9e1d-7d946f95d492: start LeaderElection
2019-10-20 13:11:21,978 [7660b851-9671-46a6-9e1d-7d946f95d492@group-42C3DBE2B33D-LeaderElection3476] INFO  impl.LeaderElection (LeaderElection.java:askForVotes(178)) - 7660b851-9671-46a6-9e1d-7d946f95d492@group-42C3DBE2B33D-LeaderElection3476: begin an election at term 197 for -1: [fdf19479-69c2-4639-b68c-6adde78ca28a:192.168.157.204:42858, 1ac0a8d4-e534-43ce-83b1-426d47a3040d:192.168.157.204:32953, 7660b851-9671-46a6-9e1d-7d946f95d492:192.168.157.204:41682], old=null
2019-10-20 13:11:21,979 [7660b851-9671-46a6-9e1d-7d946f95d492@group-42C3DBE2B33D-LeaderElection3476] INFO  impl.LeaderElection (LogUtils.java:infoOrTrace(149)) - 7660b851-9671-46a6-9e1d-7d946f95d492@group-42C3DBE2B33D-LeaderElection3476 got exception when requesting votes: {}
java.util.concurrent.ExecutionException: org.apache.ratis.thirdparty.io.grpc.StatusRuntimeException: UNAVAILABLE: io exception
	at java.util.concurrent.FutureTask.report(FutureTask.java:122)
	at java.util.concurrent.FutureTask.get(FutureTask.java:192)
	at org.apache.ratis.server.impl.LeaderElection.waitForResults(LeaderElection.java:259)
	at org.apache.ratis.server.impl.LeaderElection.askForVotes(LeaderElection.java:197)
	at org.apache.ratis.server.impl.LeaderElection.run(LeaderElection.java:133)
	at java.lang.Thread.run(Thread.java:748)
Caused by: org.apache.ratis.thirdparty.io.grpc.StatusRuntimeException: UNAVAILABLE: io exception
	at org.apache.ratis.thirdparty.io.grpc.stub.ClientCalls.toStatusRuntimeException(ClientCalls.java:233)
	at org.apache.ratis.thirdparty.io.grpc.stub.ClientCalls.getUnchecked(ClientCalls.java:214)
	at org.apache.ratis.thirdparty.io.grpc.stub.ClientCalls.blockingUnaryCall(ClientCalls.java:139)
	at org.apache.ratis.proto.grpc.RaftServerProtocolServiceGrpc$RaftServerProtocolServiceBlockingStub.requestVote(RaftServerProtocolServiceGrpc.java:265)
	at org.apache.ratis.grpc.server.GrpcServerProtocolClient.requestVote(GrpcServerProtocolClient.java:99)
	at org.apache.ratis.grpc.server.GrpcService.requestVote(GrpcService.java:204)
	at org.apache.ratis.server.impl.LeaderElection.lambda$submitRequests$1(LeaderElection.java:234)
	at java.util.concurrent.FutureTask.run(FutureTask.java:266)
	at java.util.concurrent.Executors$RunnableAdapter.call(Executors.java:511)
	at java.util.concurrent.FutureTask.run(FutureTask.java:266)
	at java.util.concurrent.ThreadPoolExecutor.runWorker(ThreadPoolExecutor.java:1149)
	at java.util.concurrent.ThreadPoolExecutor$Worker.run(ThreadPoolExecutor.java:624)
	... 1 more
Caused by: org.apache.ratis.thirdparty.io.netty.channel.AbstractChannel$AnnotatedConnectException: Connection refused: /192.168.157.204:32953
	at sun.nio.ch.SocketChannelImpl.checkConnect(Native Method)
	at sun.nio.ch.SocketChannelImpl.finishConnect(SocketChannelImpl.java:717)
	at org.apache.ratis.thirdparty.io.netty.channel.socket.nio.NioSocketChannel.doFinishConnect(NioSocketChannel.java:327)
	at org.apache.ratis.thirdparty.io.netty.channel.nio.AbstractNioChannel$AbstractNioUnsafe.finishConnect(AbstractNioChannel.java:340)
	at org.apache.ratis.thirdparty.io.netty.channel.nio.NioEventLoop.processSelectedKey(NioEventLoop.java:632)
	at org.apache.ratis.thirdparty.io.netty.channel.nio.NioEventLoop.processSelectedKeysOptimized(NioEventLoop.java:579)
	at org.apache.ratis.thirdparty.io.netty.channel.nio.NioEventLoop.processSelectedKeys(NioEventLoop.java:496)
	at org.apache.ratis.thirdparty.io.netty.channel.nio.NioEventLoop.run(NioEventLoop.java:458)
	at org.apache.ratis.thirdparty.io.netty.util.concurrent.SingleThreadEventExecutor$5.run(SingleThreadEventExecutor.java:897)
	at org.apache.ratis.thirdparty.io.netty.util.concurrent.FastThreadLocalRunnable.run(FastThreadLocalRunnable.java:30)
	... 1 more
Caused by: java.net.ConnectException: Connection refused
	... 11 more
2019-10-20 13:11:21,979 [7660b851-9671-46a6-9e1d-7d946f95d492@group-42C3DBE2B33D-LeaderElection3476] INFO  impl.LeaderElection (LogUtils.java:infoOrTrace(149)) - 7660b851-9671-46a6-9e1d-7d946f95d492@group-42C3DBE2B33D-LeaderElection3476 got exception when requesting votes: {}
java.util.concurrent.ExecutionException: org.apache.ratis.thirdparty.io.grpc.StatusRuntimeException: UNAVAILABLE: io exception
	at java.util.concurrent.FutureTask.report(FutureTask.java:122)
	at java.util.concurrent.FutureTask.get(FutureTask.java:192)
	at org.apache.ratis.server.impl.LeaderElection.waitForResults(LeaderElection.java:259)
	at org.apache.ratis.server.impl.LeaderElection.askForVotes(LeaderElection.java:197)
	at org.apache.ratis.server.impl.LeaderElection.run(LeaderElection.java:133)
	at java.lang.Thread.run(Thread.java:748)
Caused by: org.apache.ratis.thirdparty.io.grpc.StatusRuntimeException: UNAVAILABLE: io exception
	at org.apache.ratis.thirdparty.io.grpc.stub.ClientCalls.toStatusRuntimeException(ClientCalls.java:233)
	at org.apache.ratis.thirdparty.io.grpc.stub.ClientCalls.getUnchecked(ClientCalls.java:214)
	at org.apache.ratis.thirdparty.io.grpc.stub.ClientCalls.blockingUnaryCall(ClientCalls.java:139)
	at org.apache.ratis.proto.grpc.RaftServerProtocolServiceGrpc$RaftServerProtocolServiceBlockingStub.requestVote(RaftServerProtocolServiceGrpc.java:265)
	at org.apache.ratis.grpc.server.GrpcServerProtocolClient.requestVote(GrpcServerProtocolClient.java:99)
	at org.apache.ratis.grpc.server.GrpcService.requestVote(GrpcService.java:204)
	at org.apache.ratis.server.impl.LeaderElection.lambda$submitRequests$1(LeaderElection.java:234)
	at java.util.concurrent.FutureTask.run(FutureTask.java:266)
	at java.util.concurrent.Executors$RunnableAdapter.call(Executors.java:511)
	at java.util.concurrent.FutureTask.run(FutureTask.java:266)
	at java.util.concurrent.ThreadPoolExecutor.runWorker(ThreadPoolExecutor.java:1149)
	at java.util.concurrent.ThreadPoolExecutor$Worker.run(ThreadPoolExecutor.java:624)
	... 1 more
Caused by: org.apache.ratis.thirdparty.io.netty.channel.AbstractChannel$AnnotatedConnectException: Connection refused: /192.168.157.204:42858
	at sun.nio.ch.SocketChannelImpl.checkConnect(Native Method)
	at sun.nio.ch.SocketChannelImpl.finishConnect(SocketChannelImpl.java:717)
	at org.apache.ratis.thirdparty.io.netty.channel.socket.nio.NioSocketChannel.doFinishConnect(NioSocketChannel.java:327)
	at org.apache.ratis.thirdparty.io.netty.channel.nio.AbstractNioChannel$AbstractNioUnsafe.finishConnect(AbstractNioChannel.java:340)
	at org.apache.ratis.thirdparty.io.netty.channel.nio.NioEventLoop.processSelectedKey(NioEventLoop.java:632)
	at org.apache.ratis.thirdparty.io.netty.channel.nio.NioEventLoop.processSelectedKeysOptimized(NioEventLoop.java:579)
	at org.apache.ratis.thirdparty.io.netty.channel.nio.NioEventLoop.processSelectedKeys(NioEventLoop.java:496)
	at org.apache.ratis.thirdparty.io.netty.channel.nio.NioEventLoop.run(NioEventLoop.java:458)
	at org.apache.ratis.thirdparty.io.netty.util.concurrent.SingleThreadEventExecutor$5.run(SingleThreadEventExecutor.java:897)
	at org.apache.ratis.thirdparty.io.netty.util.concurrent.FastThreadLocalRunnable.run(FastThreadLocalRunnable.java:30)
	... 1 more
Caused by: java.net.ConnectException: Connection refused
	... 11 more
2019-10-20 13:11:21,980 [7660b851-9671-46a6-9e1d-7d946f95d492@group-42C3DBE2B33D-LeaderElection3476] INFO  impl.LeaderElection (LeaderElection.java:logAndReturn(56)) - 7660b851-9671-46a6-9e1d-7d946f95d492@group-42C3DBE2B33D-LeaderElection3476: Election REJECTED; received 0 response(s) [] and 2 exception(s); 7660b851-9671-46a6-9e1d-7d946f95d492@group-42C3DBE2B33D:t197, leader=null, voted=7660b851-9671-46a6-9e1d-7d946f95d492, raftlog=7660b851-9671-46a6-9e1d-7d946f95d492@group-42C3DBE2B33D-SegmentedRaftLog:OPENED:c-1,f-1,i0, conf=-1: [fdf19479-69c2-4639-b68c-6adde78ca28a:192.168.157.204:42858, 1ac0a8d4-e534-43ce-83b1-426d47a3040d:192.168.157.204:32953, 7660b851-9671-46a6-9e1d-7d946f95d492:192.168.157.204:41682], old=null
2019-10-20 13:11:21,980 [7660b851-9671-46a6-9e1d-7d946f95d492@group-42C3DBE2B33D-LeaderElection3476] INFO  impl.LeaderElection (LogUtils.java:infoOrTrace(149)) -   Exception 0: {}
java.util.concurrent.ExecutionException: org.apache.ratis.thirdparty.io.grpc.StatusRuntimeException: UNAVAILABLE: io exception
	at java.util.concurrent.FutureTask.report(FutureTask.java:122)
	at java.util.concurrent.FutureTask.get(FutureTask.java:192)
	at org.apache.ratis.server.impl.LeaderElection.waitForResults(LeaderElection.java:259)
	at org.apache.ratis.server.impl.LeaderElection.askForVotes(LeaderElection.java:197)
	at org.apache.ratis.server.impl.LeaderElection.run(LeaderElection.java:133)
	at java.lang.Thread.run(Thread.java:748)
Caused by: org.apache.ratis.thirdparty.io.grpc.StatusRuntimeException: UNAVAILABLE: io exception
	at org.apache.ratis.thirdparty.io.grpc.stub.ClientCalls.toStatusRuntimeException(ClientCalls.java:233)
	at org.apache.ratis.thirdparty.io.grpc.stub.ClientCalls.getUnchecked(ClientCalls.java:214)
	at org.apache.ratis.thirdparty.io.grpc.stub.ClientCalls.blockingUnaryCall(ClientCalls.java:139)
	at org.apache.ratis.proto.grpc.RaftServerProtocolServiceGrpc$RaftServerProtocolServiceBlockingStub.requestVote(RaftServerProtocolServiceGrpc.java:265)
	at org.apache.ratis.grpc.server.GrpcServerProtocolClient.requestVote(GrpcServerProtocolClient.java:99)
	at org.apache.ratis.grpc.server.GrpcService.requestVote(GrpcService.java:204)
	at org.apache.ratis.server.impl.LeaderElection.lambda$submitRequests$1(LeaderElection.java:234)
	at java.util.concurrent.FutureTask.run(FutureTask.java:266)
	at java.util.concurrent.Executors$RunnableAdapter.call(Executors.java:511)
	at java.util.concurrent.FutureTask.run(FutureTask.java:266)
	at java.util.concurrent.ThreadPoolExecutor.runWorker(ThreadPoolExecutor.java:1149)
	at java.util.concurrent.ThreadPoolExecutor$Worker.run(ThreadPoolExecutor.java:624)
	... 1 more
Caused by: org.apache.ratis.thirdparty.io.netty.channel.AbstractChannel$AnnotatedConnectException: Connection refused: /192.168.157.204:32953
	at sun.nio.ch.SocketChannelImpl.checkConnect(Native Method)
	at sun.nio.ch.SocketChannelImpl.finishConnect(SocketChannelImpl.java:717)
	at org.apache.ratis.thirdparty.io.netty.channel.socket.nio.NioSocketChannel.doFinishConnect(NioSocketChannel.java:327)
	at org.apache.ratis.thirdparty.io.netty.channel.nio.AbstractNioChannel$AbstractNioUnsafe.finishConnect(AbstractNioChannel.java:340)
	at org.apache.ratis.thirdparty.io.netty.channel.nio.NioEventLoop.processSelectedKey(NioEventLoop.java:632)
	at org.apache.ratis.thirdparty.io.netty.channel.nio.NioEventLoop.processSelectedKeysOptimized(NioEventLoop.java:579)
	at org.apache.ratis.thirdparty.io.netty.channel.nio.NioEventLoop.processSelectedKeys(NioEventLoop.java:496)
	at org.apache.ratis.thirdparty.io.netty.channel.nio.NioEventLoop.run(NioEventLoop.java:458)
	at org.apache.ratis.thirdparty.io.netty.util.concurrent.SingleThreadEventExecutor$5.run(SingleThreadEventExecutor.java:897)
	at org.apache.ratis.thirdparty.io.netty.util.concurrent.FastThreadLocalRunnable.run(FastThreadLocalRunnable.java:30)
	... 1 more
Caused by: java.net.ConnectException: Connection refused
	... 11 more
2019-10-20 13:11:21,980 [7660b851-9671-46a6-9e1d-7d946f95d492@group-42C3DBE2B33D-LeaderElection3476] INFO  impl.LeaderElection (LogUtils.java:infoOrTrace(149)) -   Exception 1: {}
java.util.concurrent.ExecutionException: org.apache.ratis.thirdparty.io.grpc.StatusRuntimeException: UNAVAILABLE: io exception
	at java.util.concurrent.FutureTask.report(FutureTask.java:122)
	at java.util.concurrent.FutureTask.get(FutureTask.java:192)
	at org.apache.ratis.server.impl.LeaderElection.waitForResults(LeaderElection.java:259)
	at org.apache.ratis.server.impl.LeaderElection.askForVotes(LeaderElection.java:197)
	at org.apache.ratis.server.impl.LeaderElection.run(LeaderElection.java:133)
	at java.lang.Thread.run(Thread.java:748)
Caused by: org.apache.ratis.thirdparty.io.grpc.StatusRuntimeException: UNAVAILABLE: io exception
	at org.apache.ratis.thirdparty.io.grpc.stub.ClientCalls.toStatusRuntimeException(ClientCalls.java:233)
	at org.apache.ratis.thirdparty.io.grpc.stub.ClientCalls.getUnchecked(ClientCalls.java:214)
	at org.apache.ratis.thirdparty.io.grpc.stub.ClientCalls.blockingUnaryCall(ClientCalls.java:139)
	at org.apache.ratis.proto.grpc.RaftServerProtocolServiceGrpc$RaftServerProtocolServiceBlockingStub.requestVote(RaftServerProtocolServiceGrpc.java:265)
	at org.apache.ratis.grpc.server.GrpcServerProtocolClient.requestVote(GrpcServerProtocolClient.java:99)
	at org.apache.ratis.grpc.server.GrpcService.requestVote(GrpcService.java:204)
	at org.apache.ratis.server.impl.LeaderElection.lambda$submitRequests$1(LeaderElection.java:234)
	at java.util.concurrent.FutureTask.run(FutureTask.java:266)
	at java.util.concurrent.Executors$RunnableAdapter.call(Executors.java:511)
	at java.util.concurrent.FutureTask.run(FutureTask.java:266)
	at java.util.concurrent.ThreadPoolExecutor.runWorker(ThreadPoolExecutor.java:1149)
	at java.util.concurrent.ThreadPoolExecutor$Worker.run(ThreadPoolExecutor.java:624)
	... 1 more
Caused by: org.apache.ratis.thirdparty.io.netty.channel.AbstractChannel$AnnotatedConnectException: Connection refused: /192.168.157.204:42858
	at sun.nio.ch.SocketChannelImpl.checkConnect(Native Method)
	at sun.nio.ch.SocketChannelImpl.finishConnect(SocketChannelImpl.java:717)
	at org.apache.ratis.thirdparty.io.netty.channel.socket.nio.NioSocketChannel.doFinishConnect(NioSocketChannel.java:327)
	at org.apache.ratis.thirdparty.io.netty.channel.nio.AbstractNioChannel$AbstractNioUnsafe.finishConnect(AbstractNioChannel.java:340)
	at org.apache.ratis.thirdparty.io.netty.channel.nio.NioEventLoop.processSelectedKey(NioEventLoop.java:632)
	at org.apache.ratis.thirdparty.io.netty.channel.nio.NioEventLoop.processSelectedKeysOptimized(NioEventLoop.java:579)
	at org.apache.ratis.thirdparty.io.netty.channel.nio.NioEventLoop.processSelectedKeys(NioEventLoop.java:496)
	at org.apache.ratis.thirdparty.io.netty.channel.nio.NioEventLoop.run(NioEventLoop.java:458)
	at org.apache.ratis.thirdparty.io.netty.util.concurrent.SingleThreadEventExecutor$5.run(SingleThreadEventExecutor.java:897)
	at org.apache.ratis.thirdparty.io.netty.util.concurrent.FastThreadLocalRunnable.run(FastThreadLocalRunnable.java:30)
	... 1 more
Caused by: java.net.ConnectException: Connection refused
	... 11 more
2019-10-20 13:11:21,980 [7660b851-9671-46a6-9e1d-7d946f95d492@group-42C3DBE2B33D-LeaderElection3476] INFO  impl.RaftServerImpl (RaftServerImpl.java:setRole(184)) - 7660b851-9671-46a6-9e1d-7d946f95d492@group-42C3DBE2B33D: changes role from CANDIDATE to FOLLOWER at term 197 for DISCOVERED_A_NEW_TERM
2019-10-20 13:11:21,980 [7660b851-9671-46a6-9e1d-7d946f95d492@group-42C3DBE2B33D-LeaderElection3476] INFO  impl.RoleInfo (RoleInfo.java:shutdownLeaderElection(134)) - 7660b851-9671-46a6-9e1d-7d946f95d492: shutdown LeaderElection
2019-10-20 13:11:21,980 [7660b851-9671-46a6-9e1d-7d946f95d492@group-42C3DBE2B33D-LeaderElection3476] INFO  impl.RoleInfo (RoleInfo.java:updateAndGet(143)) - 7660b851-9671-46a6-9e1d-7d946f95d492: start FollowerState
2019-10-20 13:11:22,075 [Thread-25879] INFO  impl.FollowerState (FollowerState.java:run(108)) - 7660b851-9671-46a6-9e1d-7d946f95d492@group-42C3DBE2B33D-FollowerState: change to CANDIDATE, lastRpcTime:94ms, electionTimeout:94ms
2019-10-20 13:11:22,075 [Thread-25879] INFO  impl.RoleInfo (RoleInfo.java:shutdownFollowerState(121)) - 7660b851-9671-46a6-9e1d-7d946f95d492: shutdown FollowerState
2019-10-20 13:11:22,075 [Thread-25879] INFO  impl.RaftServerImpl (RaftServerImpl.java:setRole(184)) - 7660b851-9671-46a6-9e1d-7d946f95d492@group-42C3DBE2B33D: changes role from  FOLLOWER to CANDIDATE at term 197 for changeToCandidate
2019-10-20 13:11:22,075 [Thread-25879] INFO  impl.RoleInfo (RoleInfo.java:updateAndGet(143)) - 7660b851-9671-46a6-9e1d-7d946f95d492: start LeaderElection
2019-10-20 13:11:22,089 [7660b851-9671-46a6-9e1d-7d946f95d492@group-42C3DBE2B33D-LeaderElection3477] INFO  impl.LeaderElection (LeaderElection.java:askForVotes(178)) - 7660b851-9671-46a6-9e1d-7d946f95d492@group-42C3DBE2B33D-LeaderElection3477: begin an election at term 198 for -1: [fdf19479-69c2-4639-b68c-6adde78ca28a:192.168.157.204:42858, 1ac0a8d4-e534-43ce-83b1-426d47a3040d:192.168.157.204:32953, 7660b851-9671-46a6-9e1d-7d946f95d492:192.168.157.204:41682], old=null
2019-10-20 13:11:22,090 [7660b851-9671-46a6-9e1d-7d946f95d492@group-42C3DBE2B33D-LeaderElection3477] INFO  impl.LeaderElection (LogUtils.java:infoOrTrace(149)) - 7660b851-9671-46a6-9e1d-7d946f95d492@group-42C3DBE2B33D-LeaderElection3477 got exception when requesting votes: {}
java.util.concurrent.ExecutionException: org.apache.ratis.thirdparty.io.grpc.StatusRuntimeException: UNAVAILABLE: io exception
	at java.util.concurrent.FutureTask.report(FutureTask.java:122)
	at java.util.concurrent.FutureTask.get(FutureTask.java:192)
	at org.apache.ratis.server.impl.LeaderElection.waitForResults(LeaderElection.java:259)
	at org.apache.ratis.server.impl.LeaderElection.askForVotes(LeaderElection.java:197)
	at org.apache.ratis.server.impl.LeaderElection.run(LeaderElection.java:133)
	at java.lang.Thread.run(Thread.java:748)
Caused by: org.apache.ratis.thirdparty.io.grpc.StatusRuntimeException: UNAVAILABLE: io exception
	at org.apache.ratis.thirdparty.io.grpc.stub.ClientCalls.toStatusRuntimeException(ClientCalls.java:233)
	at org.apache.ratis.thirdparty.io.grpc.stub.ClientCalls.getUnchecked(ClientCalls.java:214)
	at org.apache.ratis.thirdparty.io.grpc.stub.ClientCalls.blockingUnaryCall(ClientCalls.java:139)
	at org.apache.ratis.proto.grpc.RaftServerProtocolServiceGrpc$RaftServerProtocolServiceBlockingStub.requestVote(RaftServerProtocolServiceGrpc.java:265)
	at org.apache.ratis.grpc.server.GrpcServerProtocolClient.requestVote(GrpcServerProtocolClient.java:99)
	at org.apache.ratis.grpc.server.GrpcService.requestVote(GrpcService.java:204)
	at org.apache.ratis.server.impl.LeaderElection.lambda$submitRequests$1(LeaderElection.java:234)
	at java.util.concurrent.FutureTask.run(FutureTask.java:266)
	at java.util.concurrent.Executors$RunnableAdapter.call(Executors.java:511)
	at java.util.concurrent.FutureTask.run(FutureTask.java:266)
	at java.util.concurrent.ThreadPoolExecutor.runWorker(ThreadPoolExecutor.java:1149)
	at java.util.concurrent.ThreadPoolExecutor$Worker.run(ThreadPoolExecutor.java:624)
	... 1 more
Caused by: org.apache.ratis.thirdparty.io.netty.channel.AbstractChannel$AnnotatedConnectException: Connection refused: /192.168.157.204:32953
	at sun.nio.ch.SocketChannelImpl.checkConnect(Native Method)
	at sun.nio.ch.SocketChannelImpl.finishConnect(SocketChannelImpl.java:717)
	at org.apache.ratis.thirdparty.io.netty.channel.socket.nio.NioSocketChannel.doFinishConnect(NioSocketChannel.java:327)
	at org.apache.ratis.thirdparty.io.netty.channel.nio.AbstractNioChannel$AbstractNioUnsafe.finishConnect(AbstractNioChannel.java:340)
	at org.apache.ratis.thirdparty.io.netty.channel.nio.NioEventLoop.processSelectedKey(NioEventLoop.java:632)
	at org.apache.ratis.thirdparty.io.netty.channel.nio.NioEventLoop.processSelectedKeysOptimized(NioEventLoop.java:579)
	at org.apache.ratis.thirdparty.io.netty.channel.nio.NioEventLoop.processSelectedKeys(NioEventLoop.java:496)
	at org.apache.ratis.thirdparty.io.netty.channel.nio.NioEventLoop.run(NioEventLoop.java:458)
	at org.apache.ratis.thirdparty.io.netty.util.concurrent.SingleThreadEventExecutor$5.run(SingleThreadEventExecutor.java:897)
	at org.apache.ratis.thirdparty.io.netty.util.concurrent.FastThreadLocalRunnable.run(FastThreadLocalRunnable.java:30)
	... 1 more
Caused by: java.net.ConnectException: Connection refused
	... 11 more
2019-10-20 13:11:22,090 [7660b851-9671-46a6-9e1d-7d946f95d492@group-42C3DBE2B33D-LeaderElection3477] INFO  impl.LeaderElection (LogUtils.java:infoOrTrace(149)) - 7660b851-9671-46a6-9e1d-7d946f95d492@group-42C3DBE2B33D-LeaderElection3477 got exception when requesting votes: {}
java.util.concurrent.ExecutionException: org.apache.ratis.thirdparty.io.grpc.StatusRuntimeException: UNAVAILABLE: io exception
	at java.util.concurrent.FutureTask.report(FutureTask.java:122)
	at java.util.concurrent.FutureTask.get(FutureTask.java:192)
	at org.apache.ratis.server.impl.LeaderElection.waitForResults(LeaderElection.java:259)
	at org.apache.ratis.server.impl.LeaderElection.askForVotes(LeaderElection.java:197)
	at org.apache.ratis.server.impl.LeaderElection.run(LeaderElection.java:133)
	at java.lang.Thread.run(Thread.java:748)
Caused by: org.apache.ratis.thirdparty.io.grpc.StatusRuntimeException: UNAVAILABLE: io exception
	at org.apache.ratis.thirdparty.io.grpc.stub.ClientCalls.toStatusRuntimeException(ClientCalls.java:233)
	at org.apache.ratis.thirdparty.io.grpc.stub.ClientCalls.getUnchecked(ClientCalls.java:214)
	at org.apache.ratis.thirdparty.io.grpc.stub.ClientCalls.blockingUnaryCall(ClientCalls.java:139)
	at org.apache.ratis.proto.grpc.RaftServerProtocolServiceGrpc$RaftServerProtocolServiceBlockingStub.requestVote(RaftServerProtocolServiceGrpc.java:265)
	at org.apache.ratis.grpc.server.GrpcServerProtocolClient.requestVote(GrpcServerProtocolClient.java:99)
	at org.apache.ratis.grpc.server.GrpcService.requestVote(GrpcService.java:204)
	at org.apache.ratis.server.impl.LeaderElection.lambda$submitRequests$1(LeaderElection.java:234)
	at java.util.concurrent.FutureTask.run(FutureTask.java:266)
	at java.util.concurrent.Executors$RunnableAdapter.call(Executors.java:511)
	at java.util.concurrent.FutureTask.run(FutureTask.java:266)
	at java.util.concurrent.ThreadPoolExecutor.runWorker(ThreadPoolExecutor.java:1149)
	at java.util.concurrent.ThreadPoolExecutor$Worker.run(ThreadPoolExecutor.java:624)
	... 1 more
Caused by: org.apache.ratis.thirdparty.io.netty.channel.AbstractChannel$AnnotatedConnectException: Connection refused: /192.168.157.204:42858
	at sun.nio.ch.SocketChannelImpl.checkConnect(Native Method)
	at sun.nio.ch.SocketChannelImpl.finishConnect(SocketChannelImpl.java:717)
	at org.apache.ratis.thirdparty.io.netty.channel.socket.nio.NioSocketChannel.doFinishConnect(NioSocketChannel.java:327)
	at org.apache.ratis.thirdparty.io.netty.channel.nio.AbstractNioChannel$AbstractNioUnsafe.finishConnect(AbstractNioChannel.java:340)
	at org.apache.ratis.thirdparty.io.netty.channel.nio.NioEventLoop.processSelectedKey(NioEventLoop.java:632)
	at org.apache.ratis.thirdparty.io.netty.channel.nio.NioEventLoop.processSelectedKeysOptimized(NioEventLoop.java:579)
	at org.apache.ratis.thirdparty.io.netty.channel.nio.NioEventLoop.processSelectedKeys(NioEventLoop.java:496)
	at org.apache.ratis.thirdparty.io.netty.channel.nio.NioEventLoop.run(NioEventLoop.java:458)
	at org.apache.ratis.thirdparty.io.netty.util.concurrent.SingleThreadEventExecutor$5.run(SingleThreadEventExecutor.java:897)
	at org.apache.ratis.thirdparty.io.netty.util.concurrent.FastThreadLocalRunnable.run(FastThreadLocalRunnable.java:30)
	... 1 more
Caused by: java.net.ConnectException: Connection refused
	... 11 more
2019-10-20 13:11:22,091 [7660b851-9671-46a6-9e1d-7d946f95d492@group-42C3DBE2B33D-LeaderElection3477] INFO  impl.LeaderElection (LeaderElection.java:logAndReturn(56)) - 7660b851-9671-46a6-9e1d-7d946f95d492@group-42C3DBE2B33D-LeaderElection3477: Election REJECTED; received 0 response(s) [] and 2 exception(s); 7660b851-9671-46a6-9e1d-7d946f95d492@group-42C3DBE2B33D:t198, leader=null, voted=7660b851-9671-46a6-9e1d-7d946f95d492, raftlog=7660b851-9671-46a6-9e1d-7d946f95d492@group-42C3DBE2B33D-SegmentedRaftLog:OPENED:c-1,f-1,i0, conf=-1: [fdf19479-69c2-4639-b68c-6adde78ca28a:192.168.157.204:42858, 1ac0a8d4-e534-43ce-83b1-426d47a3040d:192.168.157.204:32953, 7660b851-9671-46a6-9e1d-7d946f95d492:192.168.157.204:41682], old=null
2019-10-20 13:11:22,091 [7660b851-9671-46a6-9e1d-7d946f95d492@group-42C3DBE2B33D-LeaderElection3477] INFO  impl.LeaderElection (LogUtils.java:infoOrTrace(149)) -   Exception 0: {}
java.util.concurrent.ExecutionException: org.apache.ratis.thirdparty.io.grpc.StatusRuntimeException: UNAVAILABLE: io exception
	at java.util.concurrent.FutureTask.report(FutureTask.java:122)
	at java.util.concurrent.FutureTask.get(FutureTask.java:192)
	at org.apache.ratis.server.impl.LeaderElection.waitForResults(LeaderElection.java:259)
	at org.apache.ratis.server.impl.LeaderElection.askForVotes(LeaderElection.java:197)
	at org.apache.ratis.server.impl.LeaderElection.run(LeaderElection.java:133)
	at java.lang.Thread.run(Thread.java:748)
Caused by: org.apache.ratis.thirdparty.io.grpc.StatusRuntimeException: UNAVAILABLE: io exception
	at org.apache.ratis.thirdparty.io.grpc.stub.ClientCalls.toStatusRuntimeException(ClientCalls.java:233)
	at org.apache.ratis.thirdparty.io.grpc.stub.ClientCalls.getUnchecked(ClientCalls.java:214)
	at org.apache.ratis.thirdparty.io.grpc.stub.ClientCalls.blockingUnaryCall(ClientCalls.java:139)
	at org.apache.ratis.proto.grpc.RaftServerProtocolServiceGrpc$RaftServerProtocolServiceBlockingStub.requestVote(RaftServerProtocolServiceGrpc.java:265)
	at org.apache.ratis.grpc.server.GrpcServerProtocolClient.requestVote(GrpcServerProtocolClient.java:99)
	at org.apache.ratis.grpc.server.GrpcService.requestVote(GrpcService.java:204)
	at org.apache.ratis.server.impl.LeaderElection.lambda$submitRequests$1(LeaderElection.java:234)
	at java.util.concurrent.FutureTask.run(FutureTask.java:266)
	at java.util.concurrent.Executors$RunnableAdapter.call(Executors.java:511)
	at java.util.concurrent.FutureTask.run(FutureTask.java:266)
	at java.util.concurrent.ThreadPoolExecutor.runWorker(ThreadPoolExecutor.java:1149)
	at java.util.concurrent.ThreadPoolExecutor$Worker.run(ThreadPoolExecutor.java:624)
	... 1 more
Caused by: org.apache.ratis.thirdparty.io.netty.channel.AbstractChannel$AnnotatedConnectException: Connection refused: /192.168.157.204:32953
	at sun.nio.ch.SocketChannelImpl.checkConnect(Native Method)
	at sun.nio.ch.SocketChannelImpl.finishConnect(SocketChannelImpl.java:717)
	at org.apache.ratis.thirdparty.io.netty.channel.socket.nio.NioSocketChannel.doFinishConnect(NioSocketChannel.java:327)
	at org.apache.ratis.thirdparty.io.netty.channel.nio.AbstractNioChannel$AbstractNioUnsafe.finishConnect(AbstractNioChannel.java:340)
	at org.apache.ratis.thirdparty.io.netty.channel.nio.NioEventLoop.processSelectedKey(NioEventLoop.java:632)
	at org.apache.ratis.thirdparty.io.netty.channel.nio.NioEventLoop.processSelectedKeysOptimized(NioEventLoop.java:579)
	at org.apache.ratis.thirdparty.io.netty.channel.nio.NioEventLoop.processSelectedKeys(NioEventLoop.java:496)
	at org.apache.ratis.thirdparty.io.netty.channel.nio.NioEventLoop.run(NioEventLoop.java:458)
	at org.apache.ratis.thirdparty.io.netty.util.concurrent.SingleThreadEventExecutor$5.run(SingleThreadEventExecutor.java:897)
	at org.apache.ratis.thirdparty.io.netty.util.concurrent.FastThreadLocalRunnable.run(FastThreadLocalRunnable.java:30)
	... 1 more
Caused by: java.net.ConnectException: Connection refused
	... 11 more
2019-10-20 13:11:22,091 [7660b851-9671-46a6-9e1d-7d946f95d492@group-42C3DBE2B33D-LeaderElection3477] INFO  impl.LeaderElection (LogUtils.java:infoOrTrace(149)) -   Exception 1: {}
java.util.concurrent.ExecutionException: org.apache.ratis.thirdparty.io.grpc.StatusRuntimeException: UNAVAILABLE: io exception
	at java.util.concurrent.FutureTask.report(FutureTask.java:122)
	at java.util.concurrent.FutureTask.get(FutureTask.java:192)
	at org.apache.ratis.server.impl.LeaderElection.waitForResults(LeaderElection.java:259)
	at org.apache.ratis.server.impl.LeaderElection.askForVotes(LeaderElection.java:197)
	at org.apache.ratis.server.impl.LeaderElection.run(LeaderElection.java:133)
	at java.lang.Thread.run(Thread.java:748)
Caused by: org.apache.ratis.thirdparty.io.grpc.StatusRuntimeException: UNAVAILABLE: io exception
	at org.apache.ratis.thirdparty.io.grpc.stub.ClientCalls.toStatusRuntimeException(ClientCalls.java:233)
	at org.apache.ratis.thirdparty.io.grpc.stub.ClientCalls.getUnchecked(ClientCalls.java:214)
	at org.apache.ratis.thirdparty.io.grpc.stub.ClientCalls.blockingUnaryCall(ClientCalls.java:139)
	at org.apache.ratis.proto.grpc.RaftServerProtocolServiceGrpc$RaftServerProtocolServiceBlockingStub.requestVote(RaftServerProtocolServiceGrpc.java:265)
	at org.apache.ratis.grpc.server.GrpcServerProtocolClient.requestVote(GrpcServerProtocolClient.java:99)
	at org.apache.ratis.grpc.server.GrpcService.requestVote(GrpcService.java:204)
	at org.apache.ratis.server.impl.LeaderElection.lambda$submitRequests$1(LeaderElection.java:234)
	at java.util.concurrent.FutureTask.run(FutureTask.java:266)
	at java.util.concurrent.Executors$RunnableAdapter.call(Executors.java:511)
	at java.util.concurrent.FutureTask.run(FutureTask.java:266)
	at java.util.concurrent.ThreadPoolExecutor.runWorker(ThreadPoolExecutor.java:1149)
	at java.util.concurrent.ThreadPoolExecutor$Worker.run(ThreadPoolExecutor.java:624)
	... 1 more
Caused by: org.apache.ratis.thirdparty.io.netty.channel.AbstractChannel$AnnotatedConnectException: Connection refused: /192.168.157.204:42858
	at sun.nio.ch.SocketChannelImpl.checkConnect(Native Method)
	at sun.nio.ch.SocketChannelImpl.finishConnect(SocketChannelImpl.java:717)
	at org.apache.ratis.thirdparty.io.netty.channel.socket.nio.NioSocketChannel.doFinishConnect(NioSocketChannel.java:327)
	at org.apache.ratis.thirdparty.io.netty.channel.nio.AbstractNioChannel$AbstractNioUnsafe.finishConnect(AbstractNioChannel.java:340)
	at org.apache.ratis.thirdparty.io.netty.channel.nio.NioEventLoop.processSelectedKey(NioEventLoop.java:632)
	at org.apache.ratis.thirdparty.io.netty.channel.nio.NioEventLoop.processSelectedKeysOptimized(NioEventLoop.java:579)
	at org.apache.ratis.thirdparty.io.netty.channel.nio.NioEventLoop.processSelectedKeys(NioEventLoop.java:496)
	at org.apache.ratis.thirdparty.io.netty.channel.nio.NioEventLoop.run(NioEventLoop.java:458)
	at org.apache.ratis.thirdparty.io.netty.util.concurrent.SingleThreadEventExecutor$5.run(SingleThreadEventExecutor.java:897)
	at org.apache.ratis.thirdparty.io.netty.util.concurrent.FastThreadLocalRunnable.run(FastThreadLocalRunnable.java:30)
	... 1 more
Caused by: java.net.ConnectException: Connection refused
	... 11 more
2019-10-20 13:11:22,091 [7660b851-9671-46a6-9e1d-7d946f95d492@group-42C3DBE2B33D-LeaderElection3477] INFO  impl.RaftServerImpl (RaftServerImpl.java:setRole(184)) - 7660b851-9671-46a6-9e1d-7d946f95d492@group-42C3DBE2B33D: changes role from CANDIDATE to FOLLOWER at term 198 for DISCOVERED_A_NEW_TERM
2019-10-20 13:11:22,091 [7660b851-9671-46a6-9e1d-7d946f95d492@group-42C3DBE2B33D-LeaderElection3477] INFO  impl.RoleInfo (RoleInfo.java:shutdownLeaderElection(134)) - 7660b851-9671-46a6-9e1d-7d946f95d492: shutdown LeaderElection
2019-10-20 13:11:22,091 [7660b851-9671-46a6-9e1d-7d946f95d492@group-42C3DBE2B33D-LeaderElection3477] INFO  impl.RoleInfo (RoleInfo.java:updateAndGet(143)) - 7660b851-9671-46a6-9e1d-7d946f95d492: start FollowerState
2019-10-20 13:11:22,289 [Thread-25883] INFO  impl.FollowerState (FollowerState.java:run(108)) - 7660b851-9671-46a6-9e1d-7d946f95d492@group-42C3DBE2B33D-FollowerState: change to CANDIDATE, lastRpcTime:197ms, electionTimeout:197ms
2019-10-20 13:11:22,289 [Thread-25883] INFO  impl.RoleInfo (RoleInfo.java:shutdownFollowerState(121)) - 7660b851-9671-46a6-9e1d-7d946f95d492: shutdown FollowerState
2019-10-20 13:11:22,289 [Thread-25883] INFO  impl.RaftServerImpl (RaftServerImpl.java:setRole(184)) - 7660b851-9671-46a6-9e1d-7d946f95d492@group-42C3DBE2B33D: changes role from  FOLLOWER to CANDIDATE at term 198 for changeToCandidate
2019-10-20 13:11:22,289 [Thread-25883] INFO  impl.RoleInfo (RoleInfo.java:updateAndGet(143)) - 7660b851-9671-46a6-9e1d-7d946f95d492: start LeaderElection
2019-10-20 13:11:22,302 [7660b851-9671-46a6-9e1d-7d946f95d492@group-42C3DBE2B33D-LeaderElection3478] INFO  impl.LeaderElection (LeaderElection.java:askForVotes(178)) - 7660b851-9671-46a6-9e1d-7d946f95d492@group-42C3DBE2B33D-LeaderElection3478: begin an election at term 199 for -1: [fdf19479-69c2-4639-b68c-6adde78ca28a:192.168.157.204:42858, 1ac0a8d4-e534-43ce-83b1-426d47a3040d:192.168.157.204:32953, 7660b851-9671-46a6-9e1d-7d946f95d492:192.168.157.204:41682], old=null
2019-10-20 13:11:22,303 [7660b851-9671-46a6-9e1d-7d946f95d492@group-42C3DBE2B33D-LeaderElection3478] INFO  impl.LeaderElection (LogUtils.java:infoOrTrace(149)) - 7660b851-9671-46a6-9e1d-7d946f95d492@group-42C3DBE2B33D-LeaderElection3478 got exception when requesting votes: {}
java.util.concurrent.ExecutionException: org.apache.ratis.thirdparty.io.grpc.StatusRuntimeException: UNAVAILABLE: io exception
	at java.util.concurrent.FutureTask.report(FutureTask.java:122)
	at java.util.concurrent.FutureTask.get(FutureTask.java:192)
	at org.apache.ratis.server.impl.LeaderElection.waitForResults(LeaderElection.java:259)
	at org.apache.ratis.server.impl.LeaderElection.askForVotes(LeaderElection.java:197)
	at org.apache.ratis.server.impl.LeaderElection.run(LeaderElection.java:133)
	at java.lang.Thread.run(Thread.java:748)
Caused by: org.apache.ratis.thirdparty.io.grpc.StatusRuntimeException: UNAVAILABLE: io exception
	at org.apache.ratis.thirdparty.io.grpc.stub.ClientCalls.toStatusRuntimeException(ClientCalls.java:233)
	at org.apache.ratis.thirdparty.io.grpc.stub.ClientCalls.getUnchecked(ClientCalls.java:214)
	at org.apache.ratis.thirdparty.io.grpc.stub.ClientCalls.blockingUnaryCall(ClientCalls.java:139)
	at org.apache.ratis.proto.grpc.RaftServerProtocolServiceGrpc$RaftServerProtocolServiceBlockingStub.requestVote(RaftServerProtocolServiceGrpc.java:265)
	at org.apache.ratis.grpc.server.GrpcServerProtocolClient.requestVote(GrpcServerProtocolClient.java:99)
	at org.apache.ratis.grpc.server.GrpcService.requestVote(GrpcService.java:204)
	at org.apache.ratis.server.impl.LeaderElection.lambda$submitRequests$1(LeaderElection.java:234)
	at java.util.concurrent.FutureTask.run(FutureTask.java:266)
	at java.util.concurrent.Executors$RunnableAdapter.call(Executors.java:511)
	at java.util.concurrent.FutureTask.run(FutureTask.java:266)
	at java.util.concurrent.ThreadPoolExecutor.runWorker(ThreadPoolExecutor.java:1149)
	at java.util.concurrent.ThreadPoolExecutor$Worker.run(ThreadPoolExecutor.java:624)
	... 1 more
Caused by: org.apache.ratis.thirdparty.io.netty.channel.AbstractChannel$AnnotatedConnectException: Connection refused: /192.168.157.204:32953
	at sun.nio.ch.SocketChannelImpl.checkConnect(Native Method)
	at sun.nio.ch.SocketChannelImpl.finishConnect(SocketChannelImpl.java:717)
	at org.apache.ratis.thirdparty.io.netty.channel.socket.nio.NioSocketChannel.doFinishConnect(NioSocketChannel.java:327)
	at org.apache.ratis.thirdparty.io.netty.channel.nio.AbstractNioChannel$AbstractNioUnsafe.finishConnect(AbstractNioChannel.java:340)
	at org.apache.ratis.thirdparty.io.netty.channel.nio.NioEventLoop.processSelectedKey(NioEventLoop.java:632)
	at org.apache.ratis.thirdparty.io.netty.channel.nio.NioEventLoop.processSelectedKeysOptimized(NioEventLoop.java:579)
	at org.apache.ratis.thirdparty.io.netty.channel.nio.NioEventLoop.processSelectedKeys(NioEventLoop.java:496)
	at org.apache.ratis.thirdparty.io.netty.channel.nio.NioEventLoop.run(NioEventLoop.java:458)
	at org.apache.ratis.thirdparty.io.netty.util.concurrent.SingleThreadEventExecutor$5.run(SingleThreadEventExecutor.java:897)
	at org.apache.ratis.thirdparty.io.netty.util.concurrent.FastThreadLocalRunnable.run(FastThreadLocalRunnable.java:30)
	... 1 more
Caused by: java.net.ConnectException: Connection refused
	... 11 more
2019-10-20 13:11:22,303 [7660b851-9671-46a6-9e1d-7d946f95d492@group-42C3DBE2B33D-LeaderElection3478] INFO  impl.LeaderElection (LogUtils.java:infoOrTrace(149)) - 7660b851-9671-46a6-9e1d-7d946f95d492@group-42C3DBE2B33D-LeaderElection3478 got exception when requesting votes: {}
java.util.concurrent.ExecutionException: org.apache.ratis.thirdparty.io.grpc.StatusRuntimeException: UNAVAILABLE: io exception
	at java.util.concurrent.FutureTask.report(FutureTask.java:122)
	at java.util.concurrent.FutureTask.get(FutureTask.java:192)
	at org.apache.ratis.server.impl.LeaderElection.waitForResults(LeaderElection.java:259)
	at org.apache.ratis.server.impl.LeaderElection.askForVotes(LeaderElection.java:197)
	at org.apache.ratis.server.impl.LeaderElection.run(LeaderElection.java:133)
	at java.lang.Thread.run(Thread.java:748)
Caused by: org.apache.ratis.thirdparty.io.grpc.StatusRuntimeException: UNAVAILABLE: io exception
	at org.apache.ratis.thirdparty.io.grpc.stub.ClientCalls.toStatusRuntimeException(ClientCalls.java:233)
	at org.apache.ratis.thirdparty.io.grpc.stub.ClientCalls.getUnchecked(ClientCalls.java:214)
	at org.apache.ratis.thirdparty.io.grpc.stub.ClientCalls.blockingUnaryCall(ClientCalls.java:139)
	at org.apache.ratis.proto.grpc.RaftServerProtocolServiceGrpc$RaftServerProtocolServiceBlockingStub.requestVote(RaftServerProtocolServiceGrpc.java:265)
	at org.apache.ratis.grpc.server.GrpcServerProtocolClient.requestVote(GrpcServerProtocolClient.java:99)
	at org.apache.ratis.grpc.server.GrpcService.requestVote(GrpcService.java:204)
	at org.apache.ratis.server.impl.LeaderElection.lambda$submitRequests$1(LeaderElection.java:234)
	at java.util.concurrent.FutureTask.run(FutureTask.java:266)
	at java.util.concurrent.Executors$RunnableAdapter.call(Executors.java:511)
	at java.util.concurrent.FutureTask.run(FutureTask.java:266)
	at java.util.concurrent.ThreadPoolExecutor.runWorker(ThreadPoolExecutor.java:1149)
	at java.util.concurrent.ThreadPoolExecutor$Worker.run(ThreadPoolExecutor.java:624)
	... 1 more
Caused by: org.apache.ratis.thirdparty.io.netty.channel.AbstractChannel$AnnotatedConnectException: Connection refused: /192.168.157.204:42858
	at sun.nio.ch.SocketChannelImpl.checkConnect(Native Method)
	at sun.nio.ch.SocketChannelImpl.finishConnect(SocketChannelImpl.java:717)
	at org.apache.ratis.thirdparty.io.netty.channel.socket.nio.NioSocketChannel.doFinishConnect(NioSocketChannel.java:327)
	at org.apache.ratis.thirdparty.io.netty.channel.nio.AbstractNioChannel$AbstractNioUnsafe.finishConnect(AbstractNioChannel.java:340)
	at org.apache.ratis.thirdparty.io.netty.channel.nio.NioEventLoop.processSelectedKey(NioEventLoop.java:632)
	at org.apache.ratis.thirdparty.io.netty.channel.nio.NioEventLoop.processSelectedKeysOptimized(NioEventLoop.java:579)
	at org.apache.ratis.thirdparty.io.netty.channel.nio.NioEventLoop.processSelectedKeys(NioEventLoop.java:496)
	at org.apache.ratis.thirdparty.io.netty.channel.nio.NioEventLoop.run(NioEventLoop.java:458)
	at org.apache.ratis.thirdparty.io.netty.util.concurrent.SingleThreadEventExecutor$5.run(SingleThreadEventExecutor.java:897)
	at org.apache.ratis.thirdparty.io.netty.util.concurrent.FastThreadLocalRunnable.run(FastThreadLocalRunnable.java:30)
	... 1 more
Caused by: java.net.ConnectException: Connection refused
	... 11 more
2019-10-20 13:11:22,303 [7660b851-9671-46a6-9e1d-7d946f95d492@group-42C3DBE2B33D-LeaderElection3478] INFO  impl.LeaderElection (LeaderElection.java:logAndReturn(56)) - 7660b851-9671-46a6-9e1d-7d946f95d492@group-42C3DBE2B33D-LeaderElection3478: Election REJECTED; received 0 response(s) [] and 2 exception(s); 7660b851-9671-46a6-9e1d-7d946f95d492@group-42C3DBE2B33D:t199, leader=null, voted=7660b851-9671-46a6-9e1d-7d946f95d492, raftlog=7660b851-9671-46a6-9e1d-7d946f95d492@group-42C3DBE2B33D-SegmentedRaftLog:OPENED:c-1,f-1,i0, conf=-1: [fdf19479-69c2-4639-b68c-6adde78ca28a:192.168.157.204:42858, 1ac0a8d4-e534-43ce-83b1-426d47a3040d:192.168.157.204:32953, 7660b851-9671-46a6-9e1d-7d946f95d492:192.168.157.204:41682], old=null
2019-10-20 13:11:22,303 [7660b851-9671-46a6-9e1d-7d946f95d492@group-42C3DBE2B33D-LeaderElection3478] INFO  impl.LeaderElection (LogUtils.java:infoOrTrace(149)) -   Exception 0: {}
java.util.concurrent.ExecutionException: org.apache.ratis.thirdparty.io.grpc.StatusRuntimeException: UNAVAILABLE: io exception
	at java.util.concurrent.FutureTask.report(FutureTask.java:122)
	at java.util.concurrent.FutureTask.get(FutureTask.java:192)
	at org.apache.ratis.server.impl.LeaderElection.waitForResults(LeaderElection.java:259)
	at org.apache.ratis.server.impl.LeaderElection.askForVotes(LeaderElection.java:197)
	at org.apache.ratis.server.impl.LeaderElection.run(LeaderElection.java:133)
	at java.lang.Thread.run(Thread.java:748)
Caused by: org.apache.ratis.thirdparty.io.grpc.StatusRuntimeException: UNAVAILABLE: io exception
	at org.apache.ratis.thirdparty.io.grpc.stub.ClientCalls.toStatusRuntimeException(ClientCalls.java:233)
	at org.apache.ratis.thirdparty.io.grpc.stub.ClientCalls.getUnchecked(ClientCalls.java:214)
	at org.apache.ratis.thirdparty.io.grpc.stub.ClientCalls.blockingUnaryCall(ClientCalls.java:139)
	at org.apache.ratis.proto.grpc.RaftServerProtocolServiceGrpc$RaftServerProtocolServiceBlockingStub.requestVote(RaftServerProtocolServiceGrpc.java:265)
	at org.apache.ratis.grpc.server.GrpcServerProtocolClient.requestVote(GrpcServerProtocolClient.java:99)
	at org.apache.ratis.grpc.server.GrpcService.requestVote(GrpcService.java:204)
	at org.apache.ratis.server.impl.LeaderElection.lambda$submitRequests$1(LeaderElection.java:234)
	at java.util.concurrent.FutureTask.run(FutureTask.java:266)
	at java.util.concurrent.Executors$RunnableAdapter.call(Executors.java:511)
	at java.util.concurrent.FutureTask.run(FutureTask.java:266)
	at java.util.concurrent.ThreadPoolExecutor.runWorker(ThreadPoolExecutor.java:1149)
	at java.util.concurrent.ThreadPoolExecutor$Worker.run(ThreadPoolExecutor.java:624)
	... 1 more
Caused by: org.apache.ratis.thirdparty.io.netty.channel.AbstractChannel$AnnotatedConnectException: Connection refused: /192.168.157.204:32953
	at sun.nio.ch.SocketChannelImpl.checkConnect(Native Method)
	at sun.nio.ch.SocketChannelImpl.finishConnect(SocketChannelImpl.java:717)
	at org.apache.ratis.thirdparty.io.netty.channel.socket.nio.NioSocketChannel.doFinishConnect(NioSocketChannel.java:327)
	at org.apache.ratis.thirdparty.io.netty.channel.nio.AbstractNioChannel$AbstractNioUnsafe.finishConnect(AbstractNioChannel.java:340)
	at org.apache.ratis.thirdparty.io.netty.channel.nio.NioEventLoop.processSelectedKey(NioEventLoop.java:632)
	at org.apache.ratis.thirdparty.io.netty.channel.nio.NioEventLoop.processSelectedKeysOptimized(NioEventLoop.java:579)
	at org.apache.ratis.thirdparty.io.netty.channel.nio.NioEventLoop.processSelectedKeys(NioEventLoop.java:496)
	at org.apache.ratis.thirdparty.io.netty.channel.nio.NioEventLoop.run(NioEventLoop.java:458)
	at org.apache.ratis.thirdparty.io.netty.util.concurrent.SingleThreadEventExecutor$5.run(SingleThreadEventExecutor.java:897)
	at org.apache.ratis.thirdparty.io.netty.util.concurrent.FastThreadLocalRunnable.run(FastThreadLocalRunnable.java:30)
	... 1 more
Caused by: java.net.ConnectException: Connection refused
	... 11 more
2019-10-20 13:11:22,304 [7660b851-9671-46a6-9e1d-7d946f95d492@group-42C3DBE2B33D-LeaderElection3478] INFO  impl.LeaderElection (LogUtils.java:infoOrTrace(149)) -   Exception 1: {}
java.util.concurrent.ExecutionException: org.apache.ratis.thirdparty.io.grpc.StatusRuntimeException: UNAVAILABLE: io exception
	at java.util.concurrent.FutureTask.report(FutureTask.java:122)
	at java.util.concurrent.FutureTask.get(FutureTask.java:192)
	at org.apache.ratis.server.impl.LeaderElection.waitForResults(LeaderElection.java:259)
	at org.apache.ratis.server.impl.LeaderElection.askForVotes(LeaderElection.java:197)
	at org.apache.ratis.server.impl.LeaderElection.run(LeaderElection.java:133)
	at java.lang.Thread.run(Thread.java:748)
Caused by: org.apache.ratis.thirdparty.io.grpc.StatusRuntimeException: UNAVAILABLE: io exception
	at org.apache.ratis.thirdparty.io.grpc.stub.ClientCalls.toStatusRuntimeException(ClientCalls.java:233)
	at org.apache.ratis.thirdparty.io.grpc.stub.ClientCalls.getUnchecked(ClientCalls.java:214)
	at org.apache.ratis.thirdparty.io.grpc.stub.ClientCalls.blockingUnaryCall(ClientCalls.java:139)
	at org.apache.ratis.proto.grpc.RaftServerProtocolServiceGrpc$RaftServerProtocolServiceBlockingStub.requestVote(RaftServerProtocolServiceGrpc.java:265)
	at org.apache.ratis.grpc.server.GrpcServerProtocolClient.requestVote(GrpcServerProtocolClient.java:99)
	at org.apache.ratis.grpc.server.GrpcService.requestVote(GrpcService.java:204)
	at org.apache.ratis.server.impl.LeaderElection.lambda$submitRequests$1(LeaderElection.java:234)
	at java.util.concurrent.FutureTask.run(FutureTask.java:266)
	at java.util.concurrent.Executors$RunnableAdapter.call(Executors.java:511)
	at java.util.concurrent.FutureTask.run(FutureTask.java:266)
	at java.util.concurrent.ThreadPoolExecutor.runWorker(ThreadPoolExecutor.java:1149)
	at java.util.concurrent.ThreadPoolExecutor$Worker.run(ThreadPoolExecutor.java:624)
	... 1 more
Caused by: org.apache.ratis.thirdparty.io.netty.channel.AbstractChannel$AnnotatedConnectException: Connection refused: /192.168.157.204:42858
	at sun.nio.ch.SocketChannelImpl.checkConnect(Native Method)
	at sun.nio.ch.SocketChannelImpl.finishConnect(SocketChannelImpl.java:717)
	at org.apache.ratis.thirdparty.io.netty.channel.socket.nio.NioSocketChannel.doFinishConnect(NioSocketChannel.java:327)
	at org.apache.ratis.thirdparty.io.netty.channel.nio.AbstractNioChannel$AbstractNioUnsafe.finishConnect(AbstractNioChannel.java:340)
	at org.apache.ratis.thirdparty.io.netty.channel.nio.NioEventLoop.processSelectedKey(NioEventLoop.java:632)
	at org.apache.ratis.thirdparty.io.netty.channel.nio.NioEventLoop.processSelectedKeysOptimized(NioEventLoop.java:579)
	at org.apache.ratis.thirdparty.io.netty.channel.nio.NioEventLoop.processSelectedKeys(NioEventLoop.java:496)
	at org.apache.ratis.thirdparty.io.netty.channel.nio.NioEventLoop.run(NioEventLoop.java:458)
	at org.apache.ratis.thirdparty.io.netty.util.concurrent.SingleThreadEventExecutor$5.run(SingleThreadEventExecutor.java:897)
	at org.apache.ratis.thirdparty.io.netty.util.concurrent.FastThreadLocalRunnable.run(FastThreadLocalRunnable.java:30)
	... 1 more
Caused by: java.net.ConnectException: Connection refused
	... 11 more
2019-10-20 13:11:22,304 [7660b851-9671-46a6-9e1d-7d946f95d492@group-42C3DBE2B33D-LeaderElection3478] INFO  impl.RaftServerImpl (RaftServerImpl.java:setRole(184)) - 7660b851-9671-46a6-9e1d-7d946f95d492@group-42C3DBE2B33D: changes role from CANDIDATE to FOLLOWER at term 199 for DISCOVERED_A_NEW_TERM
2019-10-20 13:11:22,304 [7660b851-9671-46a6-9e1d-7d946f95d492@group-42C3DBE2B33D-LeaderElection3478] INFO  impl.RoleInfo (RoleInfo.java:shutdownLeaderElection(134)) - 7660b851-9671-46a6-9e1d-7d946f95d492: shutdown LeaderElection
2019-10-20 13:11:22,304 [7660b851-9671-46a6-9e1d-7d946f95d492@group-42C3DBE2B33D-LeaderElection3478] INFO  impl.RoleInfo (RoleInfo.java:updateAndGet(143)) - 7660b851-9671-46a6-9e1d-7d946f95d492: start FollowerState
2019-10-20 13:11:22,316 [Thread-25890] INFO  impl.FollowerState (FollowerState.java:run(108)) - 7660b851-9671-46a6-9e1d-7d946f95d492@group-42C3DBE2B33D-FollowerState: change to CANDIDATE, lastRpcTime:12ms, electionTimeout:12ms
2019-10-20 13:11:22,316 [Thread-25890] INFO  impl.RoleInfo (RoleInfo.java:shutdownFollowerState(121)) - 7660b851-9671-46a6-9e1d-7d946f95d492: shutdown FollowerState
2019-10-20 13:11:22,316 [Thread-25890] INFO  impl.RaftServerImpl (RaftServerImpl.java:setRole(184)) - 7660b851-9671-46a6-9e1d-7d946f95d492@group-42C3DBE2B33D: changes role from  FOLLOWER to CANDIDATE at term 199 for changeToCandidate
2019-10-20 13:11:22,316 [Thread-25890] INFO  impl.RoleInfo (RoleInfo.java:updateAndGet(143)) - 7660b851-9671-46a6-9e1d-7d946f95d492: start LeaderElection
2019-10-20 13:11:22,330 [7660b851-9671-46a6-9e1d-7d946f95d492@group-42C3DBE2B33D-LeaderElection3479] INFO  impl.LeaderElection (LeaderElection.java:askForVotes(178)) - 7660b851-9671-46a6-9e1d-7d946f95d492@group-42C3DBE2B33D-LeaderElection3479: begin an election at term 200 for -1: [fdf19479-69c2-4639-b68c-6adde78ca28a:192.168.157.204:42858, 1ac0a8d4-e534-43ce-83b1-426d47a3040d:192.168.157.204:32953, 7660b851-9671-46a6-9e1d-7d946f95d492:192.168.157.204:41682], old=null
2019-10-20 13:11:22,330 [7660b851-9671-46a6-9e1d-7d946f95d492@group-42C3DBE2B33D-LeaderElection3479] INFO  impl.LeaderElection (LogUtils.java:infoOrTrace(149)) - 7660b851-9671-46a6-9e1d-7d946f95d492@group-42C3DBE2B33D-LeaderElection3479 got exception when requesting votes: {}
java.util.concurrent.ExecutionException: org.apache.ratis.thirdparty.io.grpc.StatusRuntimeException: UNAVAILABLE: io exception
	at java.util.concurrent.FutureTask.report(FutureTask.java:122)
	at java.util.concurrent.FutureTask.get(FutureTask.java:192)
	at org.apache.ratis.server.impl.LeaderElection.waitForResults(LeaderElection.java:259)
	at org.apache.ratis.server.impl.LeaderElection.askForVotes(LeaderElection.java:197)
	at org.apache.ratis.server.impl.LeaderElection.run(LeaderElection.java:133)
	at java.lang.Thread.run(Thread.java:748)
Caused by: org.apache.ratis.thirdparty.io.grpc.StatusRuntimeException: UNAVAILABLE: io exception
	at org.apache.ratis.thirdparty.io.grpc.stub.ClientCalls.toStatusRuntimeException(ClientCalls.java:233)
	at org.apache.ratis.thirdparty.io.grpc.stub.ClientCalls.getUnchecked(ClientCalls.java:214)
	at org.apache.ratis.thirdparty.io.grpc.stub.ClientCalls.blockingUnaryCall(ClientCalls.java:139)
	at org.apache.ratis.proto.grpc.RaftServerProtocolServiceGrpc$RaftServerProtocolServiceBlockingStub.requestVote(RaftServerProtocolServiceGrpc.java:265)
	at org.apache.ratis.grpc.server.GrpcServerProtocolClient.requestVote(GrpcServerProtocolClient.java:99)
	at org.apache.ratis.grpc.server.GrpcService.requestVote(GrpcService.java:204)
	at org.apache.ratis.server.impl.LeaderElection.lambda$submitRequests$1(LeaderElection.java:234)
	at java.util.concurrent.FutureTask.run(FutureTask.java:266)
	at java.util.concurrent.Executors$RunnableAdapter.call(Executors.java:511)
	at java.util.concurrent.FutureTask.run(FutureTask.java:266)
	at java.util.concurrent.ThreadPoolExecutor.runWorker(ThreadPoolExecutor.java:1149)
	at java.util.concurrent.ThreadPoolExecutor$Worker.run(ThreadPoolExecutor.java:624)
	... 1 more
Caused by: org.apache.ratis.thirdparty.io.netty.channel.AbstractChannel$AnnotatedConnectException: Connection refused: /192.168.157.204:42858
	at sun.nio.ch.SocketChannelImpl.checkConnect(Native Method)
	at sun.nio.ch.SocketChannelImpl.finishConnect(SocketChannelImpl.java:717)
	at org.apache.ratis.thirdparty.io.netty.channel.socket.nio.NioSocketChannel.doFinishConnect(NioSocketChannel.java:327)
	at org.apache.ratis.thirdparty.io.netty.channel.nio.AbstractNioChannel$AbstractNioUnsafe.finishConnect(AbstractNioChannel.java:340)
	at org.apache.ratis.thirdparty.io.netty.channel.nio.NioEventLoop.processSelectedKey(NioEventLoop.java:632)
	at org.apache.ratis.thirdparty.io.netty.channel.nio.NioEventLoop.processSelectedKeysOptimized(NioEventLoop.java:579)
	at org.apache.ratis.thirdparty.io.netty.channel.nio.NioEventLoop.processSelectedKeys(NioEventLoop.java:496)
	at org.apache.ratis.thirdparty.io.netty.channel.nio.NioEventLoop.run(NioEventLoop.java:458)
	at org.apache.ratis.thirdparty.io.netty.util.concurrent.SingleThreadEventExecutor$5.run(SingleThreadEventExecutor.java:897)
	at org.apache.ratis.thirdparty.io.netty.util.concurrent.FastThreadLocalRunnable.run(FastThreadLocalRunnable.java:30)
	... 1 more
Caused by: java.net.ConnectException: Connection refused
	... 11 more
2019-10-20 13:11:22,330 [7660b851-9671-46a6-9e1d-7d946f95d492@group-42C3DBE2B33D-LeaderElection3479] INFO  impl.LeaderElection (LogUtils.java:infoOrTrace(149)) - 7660b851-9671-46a6-9e1d-7d946f95d492@group-42C3DBE2B33D-LeaderElection3479 got exception when requesting votes: {}
java.util.concurrent.ExecutionException: org.apache.ratis.thirdparty.io.grpc.StatusRuntimeException: UNAVAILABLE: io exception
	at java.util.concurrent.FutureTask.report(FutureTask.java:122)
	at java.util.concurrent.FutureTask.get(FutureTask.java:192)
	at org.apache.ratis.server.impl.LeaderElection.waitForResults(LeaderElection.java:259)
	at org.apache.ratis.server.impl.LeaderElection.askForVotes(LeaderElection.java:197)
	at org.apache.ratis.server.impl.LeaderElection.run(LeaderElection.java:133)
	at java.lang.Thread.run(Thread.java:748)
Caused by: org.apache.ratis.thirdparty.io.grpc.StatusRuntimeException: UNAVAILABLE: io exception
	at org.apache.ratis.thirdparty.io.grpc.stub.ClientCalls.toStatusRuntimeException(ClientCalls.java:233)
	at org.apache.ratis.thirdparty.io.grpc.stub.ClientCalls.getUnchecked(ClientCalls.java:214)
	at org.apache.ratis.thirdparty.io.grpc.stub.ClientCalls.blockingUnaryCall(ClientCalls.java:139)
	at org.apache.ratis.proto.grpc.RaftServerProtocolServiceGrpc$RaftServerProtocolServiceBlockingStub.requestVote(RaftServerProtocolServiceGrpc.java:265)
	at org.apache.ratis.grpc.server.GrpcServerProtocolClient.requestVote(GrpcServerProtocolClient.java:99)
	at org.apache.ratis.grpc.server.GrpcService.requestVote(GrpcService.java:204)
	at org.apache.ratis.server.impl.LeaderElection.lambda$submitRequests$1(LeaderElection.java:234)
	at java.util.concurrent.FutureTask.run(FutureTask.java:266)
	at java.util.concurrent.Executors$RunnableAdapter.call(Executors.java:511)
	at java.util.concurrent.FutureTask.run(FutureTask.java:266)
	at java.util.concurrent.ThreadPoolExecutor.runWorker(ThreadPoolExecutor.java:1149)
	at java.util.concurrent.ThreadPoolExecutor$Worker.run(ThreadPoolExecutor.java:624)
	... 1 more
Caused by: org.apache.ratis.thirdparty.io.netty.channel.AbstractChannel$AnnotatedConnectException: Connection refused: /192.168.157.204:32953
	at sun.nio.ch.SocketChannelImpl.checkConnect(Native Method)
	at sun.nio.ch.SocketChannelImpl.finishConnect(SocketChannelImpl.java:717)
	at org.apache.ratis.thirdparty.io.netty.channel.socket.nio.NioSocketChannel.doFinishConnect(NioSocketChannel.java:327)
	at org.apache.ratis.thirdparty.io.netty.channel.nio.AbstractNioChannel$AbstractNioUnsafe.finishConnect(AbstractNioChannel.java:340)
	at org.apache.ratis.thirdparty.io.netty.channel.nio.NioEventLoop.processSelectedKey(NioEventLoop.java:632)
	at org.apache.ratis.thirdparty.io.netty.channel.nio.NioEventLoop.processSelectedKeysOptimized(NioEventLoop.java:579)
	at org.apache.ratis.thirdparty.io.netty.channel.nio.NioEventLoop.processSelectedKeys(NioEventLoop.java:496)
	at org.apache.ratis.thirdparty.io.netty.channel.nio.NioEventLoop.run(NioEventLoop.java:458)
	at org.apache.ratis.thirdparty.io.netty.util.concurrent.SingleThreadEventExecutor$5.run(SingleThreadEventExecutor.java:897)
	at org.apache.ratis.thirdparty.io.netty.util.concurrent.FastThreadLocalRunnable.run(FastThreadLocalRunnable.java:30)
	... 1 more
Caused by: java.net.ConnectException: Connection refused
	... 11 more
2019-10-20 13:11:22,331 [7660b851-9671-46a6-9e1d-7d946f95d492@group-42C3DBE2B33D-LeaderElection3479] INFO  impl.LeaderElection (LeaderElection.java:logAndReturn(56)) - 7660b851-9671-46a6-9e1d-7d946f95d492@group-42C3DBE2B33D-LeaderElection3479: Election REJECTED; received 0 response(s) [] and 2 exception(s); 7660b851-9671-46a6-9e1d-7d946f95d492@group-42C3DBE2B33D:t200, leader=null, voted=7660b851-9671-46a6-9e1d-7d946f95d492, raftlog=7660b851-9671-46a6-9e1d-7d946f95d492@group-42C3DBE2B33D-SegmentedRaftLog:OPENED:c-1,f-1,i0, conf=-1: [fdf19479-69c2-4639-b68c-6adde78ca28a:192.168.157.204:42858, 1ac0a8d4-e534-43ce-83b1-426d47a3040d:192.168.157.204:32953, 7660b851-9671-46a6-9e1d-7d946f95d492:192.168.157.204:41682], old=null
2019-10-20 13:11:22,331 [7660b851-9671-46a6-9e1d-7d946f95d492@group-42C3DBE2B33D-LeaderElection3479] INFO  impl.LeaderElection (LogUtils.java:infoOrTrace(149)) -   Exception 0: {}
java.util.concurrent.ExecutionException: org.apache.ratis.thirdparty.io.grpc.StatusRuntimeException: UNAVAILABLE: io exception
	at java.util.concurrent.FutureTask.report(FutureTask.java:122)
	at java.util.concurrent.FutureTask.get(FutureTask.java:192)
	at org.apache.ratis.server.impl.LeaderElection.waitForResults(LeaderElection.java:259)
	at org.apache.ratis.server.impl.LeaderElection.askForVotes(LeaderElection.java:197)
	at org.apache.ratis.server.impl.LeaderElection.run(LeaderElection.java:133)
	at java.lang.Thread.run(Thread.java:748)
Caused by: org.apache.ratis.thirdparty.io.grpc.StatusRuntimeException: UNAVAILABLE: io exception
	at org.apache.ratis.thirdparty.io.grpc.stub.ClientCalls.toStatusRuntimeException(ClientCalls.java:233)
	at org.apache.ratis.thirdparty.io.grpc.stub.ClientCalls.getUnchecked(ClientCalls.java:214)
	at org.apache.ratis.thirdparty.io.grpc.stub.ClientCalls.blockingUnaryCall(ClientCalls.java:139)
	at org.apache.ratis.proto.grpc.RaftServerProtocolServiceGrpc$RaftServerProtocolServiceBlockingStub.requestVote(RaftServerProtocolServiceGrpc.java:265)
	at org.apache.ratis.grpc.server.GrpcServerProtocolClient.requestVote(GrpcServerProtocolClient.java:99)
	at org.apache.ratis.grpc.server.GrpcService.requestVote(GrpcService.java:204)
	at org.apache.ratis.server.impl.LeaderElection.lambda$submitRequests$1(LeaderElection.java:234)
	at java.util.concurrent.FutureTask.run(FutureTask.java:266)
	at java.util.concurrent.Executors$RunnableAdapter.call(Executors.java:511)
	at java.util.concurrent.FutureTask.run(FutureTask.java:266)
	at java.util.concurrent.ThreadPoolExecutor.runWorker(ThreadPoolExecutor.java:1149)
	at java.util.concurrent.ThreadPoolExecutor$Worker.run(ThreadPoolExecutor.java:624)
	... 1 more
Caused by: org.apache.ratis.thirdparty.io.netty.channel.AbstractChannel$AnnotatedConnectException: Connection refused: /192.168.157.204:42858
	at sun.nio.ch.SocketChannelImpl.checkConnect(Native Method)
	at sun.nio.ch.SocketChannelImpl.finishConnect(SocketChannelImpl.java:717)
	at org.apache.ratis.thirdparty.io.netty.channel.socket.nio.NioSocketChannel.doFinishConnect(NioSocketChannel.java:327)
	at org.apache.ratis.thirdparty.io.netty.channel.nio.AbstractNioChannel$AbstractNioUnsafe.finishConnect(AbstractNioChannel.java:340)
	at org.apache.ratis.thirdparty.io.netty.channel.nio.NioEventLoop.processSelectedKey(NioEventLoop.java:632)
	at org.apache.ratis.thirdparty.io.netty.channel.nio.NioEventLoop.processSelectedKeysOptimized(NioEventLoop.java:579)
	at org.apache.ratis.thirdparty.io.netty.channel.nio.NioEventLoop.processSelectedKeys(NioEventLoop.java:496)
	at org.apache.ratis.thirdparty.io.netty.channel.nio.NioEventLoop.run(NioEventLoop.java:458)
	at org.apache.ratis.thirdparty.io.netty.util.concurrent.SingleThreadEventExecutor$5.run(SingleThreadEventExecutor.java:897)
	at org.apache.ratis.thirdparty.io.netty.util.concurrent.FastThreadLocalRunnable.run(FastThreadLocalRunnable.java:30)
	... 1 more
Caused by: java.net.ConnectException: Connection refused
	... 11 more
2019-10-20 13:11:22,331 [7660b851-9671-46a6-9e1d-7d946f95d492@group-42C3DBE2B33D-LeaderElection3479] INFO  impl.LeaderElection (LogUtils.java:infoOrTrace(149)) -   Exception 1: {}
java.util.concurrent.ExecutionException: org.apache.ratis.thirdparty.io.grpc.StatusRuntimeException: UNAVAILABLE: io exception
	at java.util.concurrent.FutureTask.report(FutureTask.java:122)
	at java.util.concurrent.FutureTask.get(FutureTask.java:192)
	at org.apache.ratis.server.impl.LeaderElection.waitForResults(LeaderElection.java:259)
	at org.apache.ratis.server.impl.LeaderElection.askForVotes(LeaderElection.java:197)
	at org.apache.ratis.server.impl.LeaderElection.run(LeaderElection.java:133)
	at java.lang.Thread.run(Thread.java:748)
Caused by: org.apache.ratis.thirdparty.io.grpc.StatusRuntimeException: UNAVAILABLE: io exception
	at org.apache.ratis.thirdparty.io.grpc.stub.ClientCalls.toStatusRuntimeException(ClientCalls.java:233)
	at org.apache.ratis.thirdparty.io.grpc.stub.ClientCalls.getUnchecked(ClientCalls.java:214)
	at org.apache.ratis.thirdparty.io.grpc.stub.ClientCalls.blockingUnaryCall(ClientCalls.java:139)
	at org.apache.ratis.proto.grpc.RaftServerProtocolServiceGrpc$RaftServerProtocolServiceBlockingStub.requestVote(RaftServerProtocolServiceGrpc.java:265)
	at org.apache.ratis.grpc.server.GrpcServerProtocolClient.requestVote(GrpcServerProtocolClient.java:99)
	at org.apache.ratis.grpc.server.GrpcService.requestVote(GrpcService.java:204)
	at org.apache.ratis.server.impl.LeaderElection.lambda$submitRequests$1(LeaderElection.java:234)
	at java.util.concurrent.FutureTask.run(FutureTask.java:266)
	at java.util.concurrent.Executors$RunnableAdapter.call(Executors.java:511)
	at java.util.concurrent.FutureTask.run(FutureTask.java:266)
	at java.util.concurrent.ThreadPoolExecutor.runWorker(ThreadPoolExecutor.java:1149)
	at java.util.concurrent.ThreadPoolExecutor$Worker.run(ThreadPoolExecutor.java:624)
	... 1 more
Caused by: org.apache.ratis.thirdparty.io.netty.channel.AbstractChannel$AnnotatedConnectException: Connection refused: /192.168.157.204:32953
	at sun.nio.ch.SocketChannelImpl.checkConnect(Native Method)
	at sun.nio.ch.SocketChannelImpl.finishConnect(SocketChannelImpl.java:717)
	at org.apache.ratis.thirdparty.io.netty.channel.socket.nio.NioSocketChannel.doFinishConnect(NioSocketChannel.java:327)
	at org.apache.ratis.thirdparty.io.netty.channel.nio.AbstractNioChannel$AbstractNioUnsafe.finishConnect(AbstractNioChannel.java:340)
	at org.apache.ratis.thirdparty.io.netty.channel.nio.NioEventLoop.processSelectedKey(NioEventLoop.java:632)
	at org.apache.ratis.thirdparty.io.netty.channel.nio.NioEventLoop.processSelectedKeysOptimized(NioEventLoop.java:579)
	at org.apache.ratis.thirdparty.io.netty.channel.nio.NioEventLoop.processSelectedKeys(NioEventLoop.java:496)
	at org.apache.ratis.thirdparty.io.netty.channel.nio.NioEventLoop.run(NioEventLoop.java:458)
	at org.apache.ratis.thirdparty.io.netty.util.concurrent.SingleThreadEventExecutor$5.run(SingleThreadEventExecutor.java:897)
	at org.apache.ratis.thirdparty.io.netty.util.concurrent.FastThreadLocalRunnable.run(FastThreadLocalRunnable.java:30)
	... 1 more
Caused by: java.net.ConnectException: Connection refused
	... 11 more
2019-10-20 13:11:22,331 [7660b851-9671-46a6-9e1d-7d946f95d492@group-42C3DBE2B33D-LeaderElection3479] INFO  impl.RaftServerImpl (RaftServerImpl.java:setRole(184)) - 7660b851-9671-46a6-9e1d-7d946f95d492@group-42C3DBE2B33D: changes role from CANDIDATE to FOLLOWER at term 200 for DISCOVERED_A_NEW_TERM
2019-10-20 13:11:22,331 [7660b851-9671-46a6-9e1d-7d946f95d492@group-42C3DBE2B33D-LeaderElection3479] INFO  impl.RoleInfo (RoleInfo.java:shutdownLeaderElection(134)) - 7660b851-9671-46a6-9e1d-7d946f95d492: shutdown LeaderElection
2019-10-20 13:11:22,331 [7660b851-9671-46a6-9e1d-7d946f95d492@group-42C3DBE2B33D-LeaderElection3479] INFO  impl.RoleInfo (RoleInfo.java:updateAndGet(143)) - 7660b851-9671-46a6-9e1d-7d946f95d492: start FollowerState
2019-10-20 13:11:22,447 [Thread-25894] INFO  impl.FollowerState (FollowerState.java:run(108)) - 7660b851-9671-46a6-9e1d-7d946f95d492@group-42C3DBE2B33D-FollowerState: change to CANDIDATE, lastRpcTime:115ms, electionTimeout:115ms
2019-10-20 13:11:22,447 [Thread-25894] INFO  impl.RoleInfo (RoleInfo.java:shutdownFollowerState(121)) - 7660b851-9671-46a6-9e1d-7d946f95d492: shutdown FollowerState
2019-10-20 13:11:22,447 [Thread-25894] INFO  impl.RaftServerImpl (RaftServerImpl.java:setRole(184)) - 7660b851-9671-46a6-9e1d-7d946f95d492@group-42C3DBE2B33D: changes role from  FOLLOWER to CANDIDATE at term 200 for changeToCandidate
2019-10-20 13:11:22,447 [Thread-25894] INFO  impl.RoleInfo (RoleInfo.java:updateAndGet(143)) - 7660b851-9671-46a6-9e1d-7d946f95d492: start LeaderElection
2019-10-20 13:11:22,461 [7660b851-9671-46a6-9e1d-7d946f95d492@group-42C3DBE2B33D-LeaderElection3480] INFO  impl.LeaderElection (LeaderElection.java:askForVotes(178)) - 7660b851-9671-46a6-9e1d-7d946f95d492@group-42C3DBE2B33D-LeaderElection3480: begin an election at term 201 for -1: [fdf19479-69c2-4639-b68c-6adde78ca28a:192.168.157.204:42858, 1ac0a8d4-e534-43ce-83b1-426d47a3040d:192.168.157.204:32953, 7660b851-9671-46a6-9e1d-7d946f95d492:192.168.157.204:41682], old=null
2019-10-20 13:11:22,461 [7660b851-9671-46a6-9e1d-7d946f95d492@group-42C3DBE2B33D-LeaderElection3480] INFO  impl.LeaderElection (LogUtils.java:infoOrTrace(149)) - 7660b851-9671-46a6-9e1d-7d946f95d492@group-42C3DBE2B33D-LeaderElection3480 got exception when requesting votes: {}
java.util.concurrent.ExecutionException: org.apache.ratis.thirdparty.io.grpc.StatusRuntimeException: UNAVAILABLE: io exception
	at java.util.concurrent.FutureTask.report(FutureTask.java:122)
	at java.util.concurrent.FutureTask.get(FutureTask.java:192)
	at org.apache.ratis.server.impl.LeaderElection.waitForResults(LeaderElection.java:259)
	at org.apache.ratis.server.impl.LeaderElection.askForVotes(LeaderElection.java:197)
	at org.apache.ratis.server.impl.LeaderElection.run(LeaderElection.java:133)
	at java.lang.Thread.run(Thread.java:748)
Caused by: org.apache.ratis.thirdparty.io.grpc.StatusRuntimeException: UNAVAILABLE: io exception
	at org.apache.ratis.thirdparty.io.grpc.stub.ClientCalls.toStatusRuntimeException(ClientCalls.java:233)
	at org.apache.ratis.thirdparty.io.grpc.stub.ClientCalls.getUnchecked(ClientCalls.java:214)
	at org.apache.ratis.thirdparty.io.grpc.stub.ClientCalls.blockingUnaryCall(ClientCalls.java:139)
	at org.apache.ratis.proto.grpc.RaftServerProtocolServiceGrpc$RaftServerProtocolServiceBlockingStub.requestVote(RaftServerProtocolServiceGrpc.java:265)
	at org.apache.ratis.grpc.server.GrpcServerProtocolClient.requestVote(GrpcServerProtocolClient.java:99)
	at org.apache.ratis.grpc.server.GrpcService.requestVote(GrpcService.java:204)
	at org.apache.ratis.server.impl.LeaderElection.lambda$submitRequests$1(LeaderElection.java:234)
	at java.util.concurrent.FutureTask.run(FutureTask.java:266)
	at java.util.concurrent.Executors$RunnableAdapter.call(Executors.java:511)
	at java.util.concurrent.FutureTask.run(FutureTask.java:266)
	at java.util.concurrent.ThreadPoolExecutor.runWorker(ThreadPoolExecutor.java:1149)
	at java.util.concurrent.ThreadPoolExecutor$Worker.run(ThreadPoolExecutor.java:624)
	... 1 more
Caused by: org.apache.ratis.thirdparty.io.netty.channel.AbstractChannel$AnnotatedConnectException: Connection refused: /192.168.157.204:42858
	at sun.nio.ch.SocketChannelImpl.checkConnect(Native Method)
	at sun.nio.ch.SocketChannelImpl.finishConnect(SocketChannelImpl.java:717)
	at org.apache.ratis.thirdparty.io.netty.channel.socket.nio.NioSocketChannel.doFinishConnect(NioSocketChannel.java:327)
	at org.apache.ratis.thirdparty.io.netty.channel.nio.AbstractNioChannel$AbstractNioUnsafe.finishConnect(AbstractNioChannel.java:340)
	at org.apache.ratis.thirdparty.io.netty.channel.nio.NioEventLoop.processSelectedKey(NioEventLoop.java:632)
	at org.apache.ratis.thirdparty.io.netty.channel.nio.NioEventLoop.processSelectedKeysOptimized(NioEventLoop.java:579)
	at org.apache.ratis.thirdparty.io.netty.channel.nio.NioEventLoop.processSelectedKeys(NioEventLoop.java:496)
	at org.apache.ratis.thirdparty.io.netty.channel.nio.NioEventLoop.run(NioEventLoop.java:458)
	at org.apache.ratis.thirdparty.io.netty.util.concurrent.SingleThreadEventExecutor$5.run(SingleThreadEventExecutor.java:897)
	at org.apache.ratis.thirdparty.io.netty.util.concurrent.FastThreadLocalRunnable.run(FastThreadLocalRunnable.java:30)
	... 1 more
Caused by: java.net.ConnectException: Connection refused
	... 11 more
2019-10-20 13:11:22,462 [7660b851-9671-46a6-9e1d-7d946f95d492@group-42C3DBE2B33D-LeaderElection3480] INFO  impl.LeaderElection (LogUtils.java:infoOrTrace(149)) - 7660b851-9671-46a6-9e1d-7d946f95d492@group-42C3DBE2B33D-LeaderElection3480 got exception when requesting votes: {}
java.util.concurrent.ExecutionException: org.apache.ratis.thirdparty.io.grpc.StatusRuntimeException: UNAVAILABLE: io exception
	at java.util.concurrent.FutureTask.report(FutureTask.java:122)
	at java.util.concurrent.FutureTask.get(FutureTask.java:192)
	at org.apache.ratis.server.impl.LeaderElection.waitForResults(LeaderElection.java:259)
	at org.apache.ratis.server.impl.LeaderElection.askForVotes(LeaderElection.java:197)
	at org.apache.ratis.server.impl.LeaderElection.run(LeaderElection.java:133)
	at java.lang.Thread.run(Thread.java:748)
Caused by: org.apache.ratis.thirdparty.io.grpc.StatusRuntimeException: UNAVAILABLE: io exception
	at org.apache.ratis.thirdparty.io.grpc.stub.ClientCalls.toStatusRuntimeException(ClientCalls.java:233)
	at org.apache.ratis.thirdparty.io.grpc.stub.ClientCalls.getUnchecked(ClientCalls.java:214)
	at org.apache.ratis.thirdparty.io.grpc.stub.ClientCalls.blockingUnaryCall(ClientCalls.java:139)
	at org.apache.ratis.proto.grpc.RaftServerProtocolServiceGrpc$RaftServerProtocolServiceBlockingStub.requestVote(RaftServerProtocolServiceGrpc.java:265)
	at org.apache.ratis.grpc.server.GrpcServerProtocolClient.requestVote(GrpcServerProtocolClient.java:99)
	at org.apache.ratis.grpc.server.GrpcService.requestVote(GrpcService.java:204)
	at org.apache.ratis.server.impl.LeaderElection.lambda$submitRequests$1(LeaderElection.java:234)
	at java.util.concurrent.FutureTask.run(FutureTask.java:266)
	at java.util.concurrent.Executors$RunnableAdapter.call(Executors.java:511)
	at java.util.concurrent.FutureTask.run(FutureTask.java:266)
	at java.util.concurrent.ThreadPoolExecutor.runWorker(ThreadPoolExecutor.java:1149)
	at java.util.concurrent.ThreadPoolExecutor$Worker.run(ThreadPoolExecutor.java:624)
	... 1 more
Caused by: org.apache.ratis.thirdparty.io.netty.channel.AbstractChannel$AnnotatedConnectException: Connection refused: /192.168.157.204:32953
	at sun.nio.ch.SocketChannelImpl.checkConnect(Native Method)
	at sun.nio.ch.SocketChannelImpl.finishConnect(SocketChannelImpl.java:717)
	at org.apache.ratis.thirdparty.io.netty.channel.socket.nio.NioSocketChannel.doFinishConnect(NioSocketChannel.java:327)
	at org.apache.ratis.thirdparty.io.netty.channel.nio.AbstractNioChannel$AbstractNioUnsafe.finishConnect(AbstractNioChannel.java:340)
	at org.apache.ratis.thirdparty.io.netty.channel.nio.NioEventLoop.processSelectedKey(NioEventLoop.java:632)
	at org.apache.ratis.thirdparty.io.netty.channel.nio.NioEventLoop.processSelectedKeysOptimized(NioEventLoop.java:579)
	at org.apache.ratis.thirdparty.io.netty.channel.nio.NioEventLoop.processSelectedKeys(NioEventLoop.java:496)
	at org.apache.ratis.thirdparty.io.netty.channel.nio.NioEventLoop.run(NioEventLoop.java:458)
	at org.apache.ratis.thirdparty.io.netty.util.concurrent.SingleThreadEventExecutor$5.run(SingleThreadEventExecutor.java:897)
	at org.apache.ratis.thirdparty.io.netty.util.concurrent.FastThreadLocalRunnable.run(FastThreadLocalRunnable.java:30)
	... 1 more
Caused by: java.net.ConnectException: Connection refused
	... 11 more
2019-10-20 13:11:22,462 [7660b851-9671-46a6-9e1d-7d946f95d492@group-42C3DBE2B33D-LeaderElection3480] INFO  impl.LeaderElection (LeaderElection.java:logAndReturn(56)) - 7660b851-9671-46a6-9e1d-7d946f95d492@group-42C3DBE2B33D-LeaderElection3480: Election REJECTED; received 0 response(s) [] and 2 exception(s); 7660b851-9671-46a6-9e1d-7d946f95d492@group-42C3DBE2B33D:t201, leader=null, voted=7660b851-9671-46a6-9e1d-7d946f95d492, raftlog=7660b851-9671-46a6-9e1d-7d946f95d492@group-42C3DBE2B33D-SegmentedRaftLog:OPENED:c-1,f-1,i0, conf=-1: [fdf19479-69c2-4639-b68c-6adde78ca28a:192.168.157.204:42858, 1ac0a8d4-e534-43ce-83b1-426d47a3040d:192.168.157.204:32953, 7660b851-9671-46a6-9e1d-7d946f95d492:192.168.157.204:41682], old=null
2019-10-20 13:11:22,462 [7660b851-9671-46a6-9e1d-7d946f95d492@group-42C3DBE2B33D-LeaderElection3480] INFO  impl.LeaderElection (LogUtils.java:infoOrTrace(149)) -   Exception 0: {}
java.util.concurrent.ExecutionException: org.apache.ratis.thirdparty.io.grpc.StatusRuntimeException: UNAVAILABLE: io exception
	at java.util.concurrent.FutureTask.report(FutureTask.java:122)
	at java.util.concurrent.FutureTask.get(FutureTask.java:192)
	at org.apache.ratis.server.impl.LeaderElection.waitForResults(LeaderElection.java:259)
	at org.apache.ratis.server.impl.LeaderElection.askForVotes(LeaderElection.java:197)
	at org.apache.ratis.server.impl.LeaderElection.run(LeaderElection.java:133)
	at java.lang.Thread.run(Thread.java:748)
Caused by: org.apache.ratis.thirdparty.io.grpc.StatusRuntimeException: UNAVAILABLE: io exception
	at org.apache.ratis.thirdparty.io.grpc.stub.ClientCalls.toStatusRuntimeException(ClientCalls.java:233)
	at org.apache.ratis.thirdparty.io.grpc.stub.ClientCalls.getUnchecked(ClientCalls.java:214)
	at org.apache.ratis.thirdparty.io.grpc.stub.ClientCalls.blockingUnaryCall(ClientCalls.java:139)
	at org.apache.ratis.proto.grpc.RaftServerProtocolServiceGrpc$RaftServerProtocolServiceBlockingStub.requestVote(RaftServerProtocolServiceGrpc.java:265)
	at org.apache.ratis.grpc.server.GrpcServerProtocolClient.requestVote(GrpcServerProtocolClient.java:99)
	at org.apache.ratis.grpc.server.GrpcService.requestVote(GrpcService.java:204)
	at org.apache.ratis.server.impl.LeaderElection.lambda$submitRequests$1(LeaderElection.java:234)
	at java.util.concurrent.FutureTask.run(FutureTask.java:266)
	at java.util.concurrent.Executors$RunnableAdapter.call(Executors.java:511)
	at java.util.concurrent.FutureTask.run(FutureTask.java:266)
	at java.util.concurrent.ThreadPoolExecutor.runWorker(ThreadPoolExecutor.java:1149)
	at java.util.concurrent.ThreadPoolExecutor$Worker.run(ThreadPoolExecutor.java:624)
	... 1 more
Caused by: org.apache.ratis.thirdparty.io.netty.channel.AbstractChannel$AnnotatedConnectException: Connection refused: /192.168.157.204:42858
	at sun.nio.ch.SocketChannelImpl.checkConnect(Native Method)
	at sun.nio.ch.SocketChannelImpl.finishConnect(SocketChannelImpl.java:717)
	at org.apache.ratis.thirdparty.io.netty.channel.socket.nio.NioSocketChannel.doFinishConnect(NioSocketChannel.java:327)
	at org.apache.ratis.thirdparty.io.netty.channel.nio.AbstractNioChannel$AbstractNioUnsafe.finishConnect(AbstractNioChannel.java:340)
	at org.apache.ratis.thirdparty.io.netty.channel.nio.NioEventLoop.processSelectedKey(NioEventLoop.java:632)
	at org.apache.ratis.thirdparty.io.netty.channel.nio.NioEventLoop.processSelectedKeysOptimized(NioEventLoop.java:579)
	at org.apache.ratis.thirdparty.io.netty.channel.nio.NioEventLoop.processSelectedKeys(NioEventLoop.java:496)
	at org.apache.ratis.thirdparty.io.netty.channel.nio.NioEventLoop.run(NioEventLoop.java:458)
	at org.apache.ratis.thirdparty.io.netty.util.concurrent.SingleThreadEventExecutor$5.run(SingleThreadEventExecutor.java:897)
	at org.apache.ratis.thirdparty.io.netty.util.concurrent.FastThreadLocalRunnable.run(FastThreadLocalRunnable.java:30)
	... 1 more
Caused by: java.net.ConnectException: Connection refused
	... 11 more
2019-10-20 13:11:22,462 [7660b851-9671-46a6-9e1d-7d946f95d492@group-42C3DBE2B33D-LeaderElection3480] INFO  impl.LeaderElection (LogUtils.java:infoOrTrace(149)) -   Exception 1: {}
java.util.concurrent.ExecutionException: org.apache.ratis.thirdparty.io.grpc.StatusRuntimeException: UNAVAILABLE: io exception
	at java.util.concurrent.FutureTask.report(FutureTask.java:122)
	at java.util.concurrent.FutureTask.get(FutureTask.java:192)
	at org.apache.ratis.server.impl.LeaderElection.waitForResults(LeaderElection.java:259)
	at org.apache.ratis.server.impl.LeaderElection.askForVotes(LeaderElection.java:197)
	at org.apache.ratis.server.impl.LeaderElection.run(LeaderElection.java:133)
	at java.lang.Thread.run(Thread.java:748)
Caused by: org.apache.ratis.thirdparty.io.grpc.StatusRuntimeException: UNAVAILABLE: io exception
	at org.apache.ratis.thirdparty.io.grpc.stub.ClientCalls.toStatusRuntimeException(ClientCalls.java:233)
	at org.apache.ratis.thirdparty.io.grpc.stub.ClientCalls.getUnchecked(ClientCalls.java:214)
	at org.apache.ratis.thirdparty.io.grpc.stub.ClientCalls.blockingUnaryCall(ClientCalls.java:139)
	at org.apache.ratis.proto.grpc.RaftServerProtocolServiceGrpc$RaftServerProtocolServiceBlockingStub.requestVote(RaftServerProtocolServiceGrpc.java:265)
	at org.apache.ratis.grpc.server.GrpcServerProtocolClient.requestVote(GrpcServerProtocolClient.java:99)
	at org.apache.ratis.grpc.server.GrpcService.requestVote(GrpcService.java:204)
	at org.apache.ratis.server.impl.LeaderElection.lambda$submitRequests$1(LeaderElection.java:234)
	at java.util.concurrent.FutureTask.run(FutureTask.java:266)
	at java.util.concurrent.Executors$RunnableAdapter.call(Executors.java:511)
	at java.util.concurrent.FutureTask.run(FutureTask.java:266)
	at java.util.concurrent.ThreadPoolExecutor.runWorker(ThreadPoolExecutor.java:1149)
	at java.util.concurrent.ThreadPoolExecutor$Worker.run(ThreadPoolExecutor.java:624)
	... 1 more
Caused by: org.apache.ratis.thirdparty.io.netty.channel.AbstractChannel$AnnotatedConnectException: Connection refused: /192.168.157.204:32953
	at sun.nio.ch.SocketChannelImpl.checkConnect(Native Method)
	at sun.nio.ch.SocketChannelImpl.finishConnect(SocketChannelImpl.java:717)
	at org.apache.ratis.thirdparty.io.netty.channel.socket.nio.NioSocketChannel.doFinishConnect(NioSocketChannel.java:327)
	at org.apache.ratis.thirdparty.io.netty.channel.nio.AbstractNioChannel$AbstractNioUnsafe.finishConnect(AbstractNioChannel.java:340)
	at org.apache.ratis.thirdparty.io.netty.channel.nio.NioEventLoop.processSelectedKey(NioEventLoop.java:632)
	at org.apache.ratis.thirdparty.io.netty.channel.nio.NioEventLoop.processSelectedKeysOptimized(NioEventLoop.java:579)
	at org.apache.ratis.thirdparty.io.netty.channel.nio.NioEventLoop.processSelectedKeys(NioEventLoop.java:496)
	at org.apache.ratis.thirdparty.io.netty.channel.nio.NioEventLoop.run(NioEventLoop.java:458)
	at org.apache.ratis.thirdparty.io.netty.util.concurrent.SingleThreadEventExecutor$5.run(SingleThreadEventExecutor.java:897)
	at org.apache.ratis.thirdparty.io.netty.util.concurrent.FastThreadLocalRunnable.run(FastThreadLocalRunnable.java:30)
	... 1 more
Caused by: java.net.ConnectException: Connection refused
	... 11 more
2019-10-20 13:11:22,463 [7660b851-9671-46a6-9e1d-7d946f95d492@group-42C3DBE2B33D-LeaderElection3480] INFO  impl.RaftServerImpl (RaftServerImpl.java:setRole(184)) - 7660b851-9671-46a6-9e1d-7d946f95d492@group-42C3DBE2B33D: changes role from CANDIDATE to FOLLOWER at term 201 for DISCOVERED_A_NEW_TERM
2019-10-20 13:11:22,463 [7660b851-9671-46a6-9e1d-7d946f95d492@group-42C3DBE2B33D-LeaderElection3480] INFO  impl.RoleInfo (RoleInfo.java:shutdownLeaderElection(134)) - 7660b851-9671-46a6-9e1d-7d946f95d492: shutdown LeaderElection
2019-10-20 13:11:22,463 [7660b851-9671-46a6-9e1d-7d946f95d492@group-42C3DBE2B33D-LeaderElection3480] INFO  impl.RoleInfo (RoleInfo.java:updateAndGet(143)) - 7660b851-9671-46a6-9e1d-7d946f95d492: start FollowerState
2019-10-20 13:11:22,559 [Thread-25898] INFO  impl.FollowerState (FollowerState.java:run(108)) - 7660b851-9671-46a6-9e1d-7d946f95d492@group-42C3DBE2B33D-FollowerState: change to CANDIDATE, lastRpcTime:96ms, electionTimeout:96ms
2019-10-20 13:11:22,559 [Thread-25898] INFO  impl.RoleInfo (RoleInfo.java:shutdownFollowerState(121)) - 7660b851-9671-46a6-9e1d-7d946f95d492: shutdown FollowerState
2019-10-20 13:11:22,559 [Thread-25898] INFO  impl.RaftServerImpl (RaftServerImpl.java:setRole(184)) - 7660b851-9671-46a6-9e1d-7d946f95d492@group-42C3DBE2B33D: changes role from  FOLLOWER to CANDIDATE at term 201 for changeToCandidate
2019-10-20 13:11:22,559 [Thread-25898] INFO  impl.RoleInfo (RoleInfo.java:updateAndGet(143)) - 7660b851-9671-46a6-9e1d-7d946f95d492: start LeaderElection
2019-10-20 13:11:22,574 [7660b851-9671-46a6-9e1d-7d946f95d492@group-42C3DBE2B33D-LeaderElection3481] INFO  impl.LeaderElection (LeaderElection.java:askForVotes(178)) - 7660b851-9671-46a6-9e1d-7d946f95d492@group-42C3DBE2B33D-LeaderElection3481: begin an election at term 202 for -1: [fdf19479-69c2-4639-b68c-6adde78ca28a:192.168.157.204:42858, 1ac0a8d4-e534-43ce-83b1-426d47a3040d:192.168.157.204:32953, 7660b851-9671-46a6-9e1d-7d946f95d492:192.168.157.204:41682], old=null
2019-10-20 13:11:22,575 [7660b851-9671-46a6-9e1d-7d946f95d492@group-42C3DBE2B33D-LeaderElection3481] INFO  impl.LeaderElection (LogUtils.java:infoOrTrace(149)) - 7660b851-9671-46a6-9e1d-7d946f95d492@group-42C3DBE2B33D-LeaderElection3481 got exception when requesting votes: {}
java.util.concurrent.ExecutionException: org.apache.ratis.thirdparty.io.grpc.StatusRuntimeException: UNAVAILABLE: io exception
	at java.util.concurrent.FutureTask.report(FutureTask.java:122)
	at java.util.concurrent.FutureTask.get(FutureTask.java:192)
	at org.apache.ratis.server.impl.LeaderElection.waitForResults(LeaderElection.java:259)
	at org.apache.ratis.server.impl.LeaderElection.askForVotes(LeaderElection.java:197)
	at org.apache.ratis.server.impl.LeaderElection.run(LeaderElection.java:133)
	at java.lang.Thread.run(Thread.java:748)
Caused by: org.apache.ratis.thirdparty.io.grpc.StatusRuntimeException: UNAVAILABLE: io exception
	at org.apache.ratis.thirdparty.io.grpc.stub.ClientCalls.toStatusRuntimeException(ClientCalls.java:233)
	at org.apache.ratis.thirdparty.io.grpc.stub.ClientCalls.getUnchecked(ClientCalls.java:214)
	at org.apache.ratis.thirdparty.io.grpc.stub.ClientCalls.blockingUnaryCall(ClientCalls.java:139)
	at org.apache.ratis.proto.grpc.RaftServerProtocolServiceGrpc$RaftServerProtocolServiceBlockingStub.requestVote(RaftServerProtocolServiceGrpc.java:265)
	at org.apache.ratis.grpc.server.GrpcServerProtocolClient.requestVote(GrpcServerProtocolClient.java:99)
	at org.apache.ratis.grpc.server.GrpcService.requestVote(GrpcService.java:204)
	at org.apache.ratis.server.impl.LeaderElection.lambda$submitRequests$1(LeaderElection.java:234)
	at java.util.concurrent.FutureTask.run(FutureTask.java:266)
	at java.util.concurrent.Executors$RunnableAdapter.call(Executors.java:511)
	at java.util.concurrent.FutureTask.run(FutureTask.java:266)
	at java.util.concurrent.ThreadPoolExecutor.runWorker(ThreadPoolExecutor.java:1149)
	at java.util.concurrent.ThreadPoolExecutor$Worker.run(ThreadPoolExecutor.java:624)
	... 1 more
Caused by: org.apache.ratis.thirdparty.io.netty.channel.AbstractChannel$AnnotatedConnectException: Connection refused: /192.168.157.204:42858
	at sun.nio.ch.SocketChannelImpl.checkConnect(Native Method)
	at sun.nio.ch.SocketChannelImpl.finishConnect(SocketChannelImpl.java:717)
	at org.apache.ratis.thirdparty.io.netty.channel.socket.nio.NioSocketChannel.doFinishConnect(NioSocketChannel.java:327)
	at org.apache.ratis.thirdparty.io.netty.channel.nio.AbstractNioChannel$AbstractNioUnsafe.finishConnect(AbstractNioChannel.java:340)
	at org.apache.ratis.thirdparty.io.netty.channel.nio.NioEventLoop.processSelectedKey(NioEventLoop.java:632)
	at org.apache.ratis.thirdparty.io.netty.channel.nio.NioEventLoop.processSelectedKeysOptimized(NioEventLoop.java:579)
	at org.apache.ratis.thirdparty.io.netty.channel.nio.NioEventLoop.processSelectedKeys(NioEventLoop.java:496)
	at org.apache.ratis.thirdparty.io.netty.channel.nio.NioEventLoop.run(NioEventLoop.java:458)
	at org.apache.ratis.thirdparty.io.netty.util.concurrent.SingleThreadEventExecutor$5.run(SingleThreadEventExecutor.java:897)
	at org.apache.ratis.thirdparty.io.netty.util.concurrent.FastThreadLocalRunnable.run(FastThreadLocalRunnable.java:30)
	... 1 more
Caused by: java.net.ConnectException: Connection refused
	... 11 more
2019-10-20 13:11:22,575 [7660b851-9671-46a6-9e1d-7d946f95d492@group-42C3DBE2B33D-LeaderElection3481] INFO  impl.LeaderElection (LogUtils.java:infoOrTrace(149)) - 7660b851-9671-46a6-9e1d-7d946f95d492@group-42C3DBE2B33D-LeaderElection3481 got exception when requesting votes: {}
java.util.concurrent.ExecutionException: org.apache.ratis.thirdparty.io.grpc.StatusRuntimeException: UNAVAILABLE: io exception
	at java.util.concurrent.FutureTask.report(FutureTask.java:122)
	at java.util.concurrent.FutureTask.get(FutureTask.java:192)
	at org.apache.ratis.server.impl.LeaderElection.waitForResults(LeaderElection.java:259)
	at org.apache.ratis.server.impl.LeaderElection.askForVotes(LeaderElection.java:197)
	at org.apache.ratis.server.impl.LeaderElection.run(LeaderElection.java:133)
	at java.lang.Thread.run(Thread.java:748)
Caused by: org.apache.ratis.thirdparty.io.grpc.StatusRuntimeException: UNAVAILABLE: io exception
	at org.apache.ratis.thirdparty.io.grpc.stub.ClientCalls.toStatusRuntimeException(ClientCalls.java:233)
	at org.apache.ratis.thirdparty.io.grpc.stub.ClientCalls.getUnchecked(ClientCalls.java:214)
	at org.apache.ratis.thirdparty.io.grpc.stub.ClientCalls.blockingUnaryCall(ClientCalls.java:139)
	at org.apache.ratis.proto.grpc.RaftServerProtocolServiceGrpc$RaftServerProtocolServiceBlockingStub.requestVote(RaftServerProtocolServiceGrpc.java:265)
	at org.apache.ratis.grpc.server.GrpcServerProtocolClient.requestVote(GrpcServerProtocolClient.java:99)
	at org.apache.ratis.grpc.server.GrpcService.requestVote(GrpcService.java:204)
	at org.apache.ratis.server.impl.LeaderElection.lambda$submitRequests$1(LeaderElection.java:234)
	at java.util.concurrent.FutureTask.run(FutureTask.java:266)
	at java.util.concurrent.Executors$RunnableAdapter.call(Executors.java:511)
	at java.util.concurrent.FutureTask.run(FutureTask.java:266)
	at java.util.concurrent.ThreadPoolExecutor.runWorker(ThreadPoolExecutor.java:1149)
	at java.util.concurrent.ThreadPoolExecutor$Worker.run(ThreadPoolExecutor.java:624)
	... 1 more
Caused by: org.apache.ratis.thirdparty.io.netty.channel.AbstractChannel$AnnotatedConnectException: Connection refused: /192.168.157.204:32953
	at sun.nio.ch.SocketChannelImpl.checkConnect(Native Method)
	at sun.nio.ch.SocketChannelImpl.finishConnect(SocketChannelImpl.java:717)
	at org.apache.ratis.thirdparty.io.netty.channel.socket.nio.NioSocketChannel.doFinishConnect(NioSocketChannel.java:327)
	at org.apache.ratis.thirdparty.io.netty.channel.nio.AbstractNioChannel$AbstractNioUnsafe.finishConnect(AbstractNioChannel.java:340)
	at org.apache.ratis.thirdparty.io.netty.channel.nio.NioEventLoop.processSelectedKey(NioEventLoop.java:632)
	at org.apache.ratis.thirdparty.io.netty.channel.nio.NioEventLoop.processSelectedKeysOptimized(NioEventLoop.java:579)
	at org.apache.ratis.thirdparty.io.netty.channel.nio.NioEventLoop.processSelectedKeys(NioEventLoop.java:496)
	at org.apache.ratis.thirdparty.io.netty.channel.nio.NioEventLoop.run(NioEventLoop.java:458)
	at org.apache.ratis.thirdparty.io.netty.util.concurrent.SingleThreadEventExecutor$5.run(SingleThreadEventExecutor.java:897)
	at org.apache.ratis.thirdparty.io.netty.util.concurrent.FastThreadLocalRunnable.run(FastThreadLocalRunnable.java:30)
	... 1 more
Caused by: java.net.ConnectException: Connection refused
	... 11 more
2019-10-20 13:11:22,576 [7660b851-9671-46a6-9e1d-7d946f95d492@group-42C3DBE2B33D-LeaderElection3481] INFO  impl.LeaderElection (LeaderElection.java:logAndReturn(56)) - 7660b851-9671-46a6-9e1d-7d946f95d492@group-42C3DBE2B33D-LeaderElection3481: Election REJECTED; received 0 response(s) [] and 2 exception(s); 7660b851-9671-46a6-9e1d-7d946f95d492@group-42C3DBE2B33D:t202, leader=null, voted=7660b851-9671-46a6-9e1d-7d946f95d492, raftlog=7660b851-9671-46a6-9e1d-7d946f95d492@group-42C3DBE2B33D-SegmentedRaftLog:OPENED:c-1,f-1,i0, conf=-1: [fdf19479-69c2-4639-b68c-6adde78ca28a:192.168.157.204:42858, 1ac0a8d4-e534-43ce-83b1-426d47a3040d:192.168.157.204:32953, 7660b851-9671-46a6-9e1d-7d946f95d492:192.168.157.204:41682], old=null
2019-10-20 13:11:22,576 [7660b851-9671-46a6-9e1d-7d946f95d492@group-42C3DBE2B33D-LeaderElection3481] INFO  impl.LeaderElection (LogUtils.java:infoOrTrace(149)) -   Exception 0: {}
java.util.concurrent.ExecutionException: org.apache.ratis.thirdparty.io.grpc.StatusRuntimeException: UNAVAILABLE: io exception
	at java.util.concurrent.FutureTask.report(FutureTask.java:122)
	at java.util.concurrent.FutureTask.get(FutureTask.java:192)
	at org.apache.ratis.server.impl.LeaderElection.waitForResults(LeaderElection.java:259)
	at org.apache.ratis.server.impl.LeaderElection.askForVotes(LeaderElection.java:197)
	at org.apache.ratis.server.impl.LeaderElection.run(LeaderElection.java:133)
	at java.lang.Thread.run(Thread.java:748)
Caused by: org.apache.ratis.thirdparty.io.grpc.StatusRuntimeException: UNAVAILABLE: io exception
	at org.apache.ratis.thirdparty.io.grpc.stub.ClientCalls.toStatusRuntimeException(ClientCalls.java:233)
	at org.apache.ratis.thirdparty.io.grpc.stub.ClientCalls.getUnchecked(ClientCalls.java:214)
	at org.apache.ratis.thirdparty.io.grpc.stub.ClientCalls.blockingUnaryCall(ClientCalls.java:139)
	at org.apache.ratis.proto.grpc.RaftServerProtocolServiceGrpc$RaftServerProtocolServiceBlockingStub.requestVote(RaftServerProtocolServiceGrpc.java:265)
	at org.apache.ratis.grpc.server.GrpcServerProtocolClient.requestVote(GrpcServerProtocolClient.java:99)
	at org.apache.ratis.grpc.server.GrpcService.requestVote(GrpcService.java:204)
	at org.apache.ratis.server.impl.LeaderElection.lambda$submitRequests$1(LeaderElection.java:234)
	at java.util.concurrent.FutureTask.run(FutureTask.java:266)
	at java.util.concurrent.Executors$RunnableAdapter.call(Executors.java:511)
	at java.util.concurrent.FutureTask.run(FutureTask.java:266)
	at java.util.concurrent.ThreadPoolExecutor.runWorker(ThreadPoolExecutor.java:1149)
	at java.util.concurrent.ThreadPoolExecutor$Worker.run(ThreadPoolExecutor.java:624)
	... 1 more
Caused by: org.apache.ratis.thirdparty.io.netty.channel.AbstractChannel$AnnotatedConnectException: Connection refused: /192.168.157.204:42858
	at sun.nio.ch.SocketChannelImpl.checkConnect(Native Method)
	at sun.nio.ch.SocketChannelImpl.finishConnect(SocketChannelImpl.java:717)
	at org.apache.ratis.thirdparty.io.netty.channel.socket.nio.NioSocketChannel.doFinishConnect(NioSocketChannel.java:327)
	at org.apache.ratis.thirdparty.io.netty.channel.nio.AbstractNioChannel$AbstractNioUnsafe.finishConnect(AbstractNioChannel.java:340)
	at org.apache.ratis.thirdparty.io.netty.channel.nio.NioEventLoop.processSelectedKey(NioEventLoop.java:632)
	at org.apache.ratis.thirdparty.io.netty.channel.nio.NioEventLoop.processSelectedKeysOptimized(NioEventLoop.java:579)
	at org.apache.ratis.thirdparty.io.netty.channel.nio.NioEventLoop.processSelectedKeys(NioEventLoop.java:496)
	at org.apache.ratis.thirdparty.io.netty.channel.nio.NioEventLoop.run(NioEventLoop.java:458)
	at org.apache.ratis.thirdparty.io.netty.util.concurrent.SingleThreadEventExecutor$5.run(SingleThreadEventExecutor.java:897)
	at org.apache.ratis.thirdparty.io.netty.util.concurrent.FastThreadLocalRunnable.run(FastThreadLocalRunnable.java:30)
	... 1 more
Caused by: java.net.ConnectException: Connection refused
	... 11 more
2019-10-20 13:11:22,576 [7660b851-9671-46a6-9e1d-7d946f95d492@group-42C3DBE2B33D-LeaderElection3481] INFO  impl.LeaderElection (LogUtils.java:infoOrTrace(149)) -   Exception 1: {}
java.util.concurrent.ExecutionException: org.apache.ratis.thirdparty.io.grpc.StatusRuntimeException: UNAVAILABLE: io exception
	at java.util.concurrent.FutureTask.report(FutureTask.java:122)
	at java.util.concurrent.FutureTask.get(FutureTask.java:192)
	at org.apache.ratis.server.impl.LeaderElection.waitForResults(LeaderElection.java:259)
	at org.apache.ratis.server.impl.LeaderElection.askForVotes(LeaderElection.java:197)
	at org.apache.ratis.server.impl.LeaderElection.run(LeaderElection.java:133)
	at java.lang.Thread.run(Thread.java:748)
Caused by: org.apache.ratis.thirdparty.io.grpc.StatusRuntimeException: UNAVAILABLE: io exception
	at org.apache.ratis.thirdparty.io.grpc.stub.ClientCalls.toStatusRuntimeException(ClientCalls.java:233)
	at org.apache.ratis.thirdparty.io.grpc.stub.ClientCalls.getUnchecked(ClientCalls.java:214)
	at org.apache.ratis.thirdparty.io.grpc.stub.ClientCalls.blockingUnaryCall(ClientCalls.java:139)
	at org.apache.ratis.proto.grpc.RaftServerProtocolServiceGrpc$RaftServerProtocolServiceBlockingStub.requestVote(RaftServerProtocolServiceGrpc.java:265)
	at org.apache.ratis.grpc.server.GrpcServerProtocolClient.requestVote(GrpcServerProtocolClient.java:99)
	at org.apache.ratis.grpc.server.GrpcService.requestVote(GrpcService.java:204)
	at org.apache.ratis.server.impl.LeaderElection.lambda$submitRequests$1(LeaderElection.java:234)
	at java.util.concurrent.FutureTask.run(FutureTask.java:266)
	at java.util.concurrent.Executors$RunnableAdapter.call(Executors.java:511)
	at java.util.concurrent.FutureTask.run(FutureTask.java:266)
	at java.util.concurrent.ThreadPoolExecutor.runWorker(ThreadPoolExecutor.java:1149)
	at java.util.concurrent.ThreadPoolExecutor$Worker.run(ThreadPoolExecutor.java:624)
	... 1 more
Caused by: org.apache.ratis.thirdparty.io.netty.channel.AbstractChannel$AnnotatedConnectException: Connection refused: /192.168.157.204:32953
	at sun.nio.ch.SocketChannelImpl.checkConnect(Native Method)
	at sun.nio.ch.SocketChannelImpl.finishConnect(SocketChannelImpl.java:717)
	at org.apache.ratis.thirdparty.io.netty.channel.socket.nio.NioSocketChannel.doFinishConnect(NioSocketChannel.java:327)
	at org.apache.ratis.thirdparty.io.netty.channel.nio.AbstractNioChannel$AbstractNioUnsafe.finishConnect(AbstractNioChannel.java:340)
	at org.apache.ratis.thirdparty.io.netty.channel.nio.NioEventLoop.processSelectedKey(NioEventLoop.java:632)
	at org.apache.ratis.thirdparty.io.netty.channel.nio.NioEventLoop.processSelectedKeysOptimized(NioEventLoop.java:579)
	at org.apache.ratis.thirdparty.io.netty.channel.nio.NioEventLoop.processSelectedKeys(NioEventLoop.java:496)
	at org.apache.ratis.thirdparty.io.netty.channel.nio.NioEventLoop.run(NioEventLoop.java:458)
	at org.apache.ratis.thirdparty.io.netty.util.concurrent.SingleThreadEventExecutor$5.run(SingleThreadEventExecutor.java:897)
	at org.apache.ratis.thirdparty.io.netty.util.concurrent.FastThreadLocalRunnable.run(FastThreadLocalRunnable.java:30)
	... 1 more
Caused by: java.net.ConnectException: Connection refused
	... 11 more
2019-10-20 13:11:22,577 [7660b851-9671-46a6-9e1d-7d946f95d492@group-42C3DBE2B33D-LeaderElection3481] INFO  impl.RaftServerImpl (RaftServerImpl.java:setRole(184)) - 7660b851-9671-46a6-9e1d-7d946f95d492@group-42C3DBE2B33D: changes role from CANDIDATE to FOLLOWER at term 202 for DISCOVERED_A_NEW_TERM
2019-10-20 13:11:22,577 [7660b851-9671-46a6-9e1d-7d946f95d492@group-42C3DBE2B33D-LeaderElection3481] INFO  impl.RoleInfo (RoleInfo.java:shutdownLeaderElection(134)) - 7660b851-9671-46a6-9e1d-7d946f95d492: shutdown LeaderElection
2019-10-20 13:11:22,577 [7660b851-9671-46a6-9e1d-7d946f95d492@group-42C3DBE2B33D-LeaderElection3481] INFO  impl.RoleInfo (RoleInfo.java:updateAndGet(143)) - 7660b851-9671-46a6-9e1d-7d946f95d492: start FollowerState
2019-10-20 13:11:22,724 [Thread-25902] INFO  impl.FollowerState (FollowerState.java:run(108)) - 7660b851-9671-46a6-9e1d-7d946f95d492@group-42C3DBE2B33D-FollowerState: change to CANDIDATE, lastRpcTime:146ms, electionTimeout:146ms
2019-10-20 13:11:22,724 [Thread-25902] INFO  impl.RoleInfo (RoleInfo.java:shutdownFollowerState(121)) - 7660b851-9671-46a6-9e1d-7d946f95d492: shutdown FollowerState
2019-10-20 13:11:22,724 [Thread-25902] INFO  impl.RaftServerImpl (RaftServerImpl.java:setRole(184)) - 7660b851-9671-46a6-9e1d-7d946f95d492@group-42C3DBE2B33D: changes role from  FOLLOWER to CANDIDATE at term 202 for changeToCandidate
2019-10-20 13:11:22,724 [Thread-25902] INFO  impl.RoleInfo (RoleInfo.java:updateAndGet(143)) - 7660b851-9671-46a6-9e1d-7d946f95d492: start LeaderElection
2019-10-20 13:11:22,738 [7660b851-9671-46a6-9e1d-7d946f95d492@group-42C3DBE2B33D-LeaderElection3482] INFO  impl.LeaderElection (LeaderElection.java:askForVotes(178)) - 7660b851-9671-46a6-9e1d-7d946f95d492@group-42C3DBE2B33D-LeaderElection3482: begin an election at term 203 for -1: [fdf19479-69c2-4639-b68c-6adde78ca28a:192.168.157.204:42858, 1ac0a8d4-e534-43ce-83b1-426d47a3040d:192.168.157.204:32953, 7660b851-9671-46a6-9e1d-7d946f95d492:192.168.157.204:41682], old=null
2019-10-20 13:11:22,739 [7660b851-9671-46a6-9e1d-7d946f95d492@group-42C3DBE2B33D-LeaderElection3482] INFO  impl.LeaderElection (LogUtils.java:infoOrTrace(149)) - 7660b851-9671-46a6-9e1d-7d946f95d492@group-42C3DBE2B33D-LeaderElection3482 got exception when requesting votes: {}
java.util.concurrent.ExecutionException: org.apache.ratis.thirdparty.io.grpc.StatusRuntimeException: UNAVAILABLE: io exception
	at java.util.concurrent.FutureTask.report(FutureTask.java:122)
	at java.util.concurrent.FutureTask.get(FutureTask.java:192)
	at org.apache.ratis.server.impl.LeaderElection.waitForResults(LeaderElection.java:259)
	at org.apache.ratis.server.impl.LeaderElection.askForVotes(LeaderElection.java:197)
	at org.apache.ratis.server.impl.LeaderElection.run(LeaderElection.java:133)
	at java.lang.Thread.run(Thread.java:748)
Caused by: org.apache.ratis.thirdparty.io.grpc.StatusRuntimeException: UNAVAILABLE: io exception
	at org.apache.ratis.thirdparty.io.grpc.stub.ClientCalls.toStatusRuntimeException(ClientCalls.java:233)
	at org.apache.ratis.thirdparty.io.grpc.stub.ClientCalls.getUnchecked(ClientCalls.java:214)
	at org.apache.ratis.thirdparty.io.grpc.stub.ClientCalls.blockingUnaryCall(ClientCalls.java:139)
	at org.apache.ratis.proto.grpc.RaftServerProtocolServiceGrpc$RaftServerProtocolServiceBlockingStub.requestVote(RaftServerProtocolServiceGrpc.java:265)
	at org.apache.ratis.grpc.server.GrpcServerProtocolClient.requestVote(GrpcServerProtocolClient.java:99)
	at org.apache.ratis.grpc.server.GrpcService.requestVote(GrpcService.java:204)
	at org.apache.ratis.server.impl.LeaderElection.lambda$submitRequests$1(LeaderElection.java:234)
	at java.util.concurrent.FutureTask.run(FutureTask.java:266)
	at java.util.concurrent.Executors$RunnableAdapter.call(Executors.java:511)
	at java.util.concurrent.FutureTask.run(FutureTask.java:266)
	at java.util.concurrent.ThreadPoolExecutor.runWorker(ThreadPoolExecutor.java:1149)
	at java.util.concurrent.ThreadPoolExecutor$Worker.run(ThreadPoolExecutor.java:624)
	... 1 more
Caused by: org.apache.ratis.thirdparty.io.netty.channel.AbstractChannel$AnnotatedConnectException: Connection refused: /192.168.157.204:42858
	at sun.nio.ch.SocketChannelImpl.checkConnect(Native Method)
	at sun.nio.ch.SocketChannelImpl.finishConnect(SocketChannelImpl.java:717)
	at org.apache.ratis.thirdparty.io.netty.channel.socket.nio.NioSocketChannel.doFinishConnect(NioSocketChannel.java:327)
	at org.apache.ratis.thirdparty.io.netty.channel.nio.AbstractNioChannel$AbstractNioUnsafe.finishConnect(AbstractNioChannel.java:340)
	at org.apache.ratis.thirdparty.io.netty.channel.nio.NioEventLoop.processSelectedKey(NioEventLoop.java:632)
	at org.apache.ratis.thirdparty.io.netty.channel.nio.NioEventLoop.processSelectedKeysOptimized(NioEventLoop.java:579)
	at org.apache.ratis.thirdparty.io.netty.channel.nio.NioEventLoop.processSelectedKeys(NioEventLoop.java:496)
	at org.apache.ratis.thirdparty.io.netty.channel.nio.NioEventLoop.run(NioEventLoop.java:458)
	at org.apache.ratis.thirdparty.io.netty.util.concurrent.SingleThreadEventExecutor$5.run(SingleThreadEventExecutor.java:897)
	at org.apache.ratis.thirdparty.io.netty.util.concurrent.FastThreadLocalRunnable.run(FastThreadLocalRunnable.java:30)
	... 1 more
Caused by: java.net.ConnectException: Connection refused
	... 11 more
2019-10-20 13:11:22,739 [7660b851-9671-46a6-9e1d-7d946f95d492@group-42C3DBE2B33D-LeaderElection3482] INFO  impl.LeaderElection (LogUtils.java:infoOrTrace(149)) - 7660b851-9671-46a6-9e1d-7d946f95d492@group-42C3DBE2B33D-LeaderElection3482 got exception when requesting votes: {}
java.util.concurrent.ExecutionException: org.apache.ratis.thirdparty.io.grpc.StatusRuntimeException: UNAVAILABLE: io exception
	at java.util.concurrent.FutureTask.report(FutureTask.java:122)
	at java.util.concurrent.FutureTask.get(FutureTask.java:192)
	at org.apache.ratis.server.impl.LeaderElection.waitForResults(LeaderElection.java:259)
	at org.apache.ratis.server.impl.LeaderElection.askForVotes(LeaderElection.java:197)
	at org.apache.ratis.server.impl.LeaderElection.run(LeaderElection.java:133)
	at java.lang.Thread.run(Thread.java:748)
Caused by: org.apache.ratis.thirdparty.io.grpc.StatusRuntimeException: UNAVAILABLE: io exception
	at org.apache.ratis.thirdparty.io.grpc.stub.ClientCalls.toStatusRuntimeException(ClientCalls.java:233)
	at org.apache.ratis.thirdparty.io.grpc.stub.ClientCalls.getUnchecked(ClientCalls.java:214)
	at org.apache.ratis.thirdparty.io.grpc.stub.ClientCalls.blockingUnaryCall(ClientCalls.java:139)
	at org.apache.ratis.proto.grpc.RaftServerProtocolServiceGrpc$RaftServerProtocolServiceBlockingStub.requestVote(RaftServerProtocolServiceGrpc.java:265)
	at org.apache.ratis.grpc.server.GrpcServerProtocolClient.requestVote(GrpcServerProtocolClient.java:99)
	at org.apache.ratis.grpc.server.GrpcService.requestVote(GrpcService.java:204)
	at org.apache.ratis.server.impl.LeaderElection.lambda$submitRequests$1(LeaderElection.java:234)
	at java.util.concurrent.FutureTask.run(FutureTask.java:266)
	at java.util.concurrent.Executors$RunnableAdapter.call(Executors.java:511)
	at java.util.concurrent.FutureTask.run(FutureTask.java:266)
	at java.util.concurrent.ThreadPoolExecutor.runWorker(ThreadPoolExecutor.java:1149)
	at java.util.concurrent.ThreadPoolExecutor$Worker.run(ThreadPoolExecutor.java:624)
	... 1 more
Caused by: org.apache.ratis.thirdparty.io.netty.channel.AbstractChannel$AnnotatedConnectException: Connection refused: /192.168.157.204:32953
	at sun.nio.ch.SocketChannelImpl.checkConnect(Native Method)
	at sun.nio.ch.SocketChannelImpl.finishConnect(SocketChannelImpl.java:717)
	at org.apache.ratis.thirdparty.io.netty.channel.socket.nio.NioSocketChannel.doFinishConnect(NioSocketChannel.java:327)
	at org.apache.ratis.thirdparty.io.netty.channel.nio.AbstractNioChannel$AbstractNioUnsafe.finishConnect(AbstractNioChannel.java:340)
	at org.apache.ratis.thirdparty.io.netty.channel.nio.NioEventLoop.processSelectedKey(NioEventLoop.java:632)
	at org.apache.ratis.thirdparty.io.netty.channel.nio.NioEventLoop.processSelectedKeysOptimized(NioEventLoop.java:579)
	at org.apache.ratis.thirdparty.io.netty.channel.nio.NioEventLoop.processSelectedKeys(NioEventLoop.java:496)
	at org.apache.ratis.thirdparty.io.netty.channel.nio.NioEventLoop.run(NioEventLoop.java:458)
	at org.apache.ratis.thirdparty.io.netty.util.concurrent.SingleThreadEventExecutor$5.run(SingleThreadEventExecutor.java:897)
	at org.apache.ratis.thirdparty.io.netty.util.concurrent.FastThreadLocalRunnable.run(FastThreadLocalRunnable.java:30)
	... 1 more
Caused by: java.net.ConnectException: Connection refused
	... 11 more
2019-10-20 13:11:22,739 [7660b851-9671-46a6-9e1d-7d946f95d492@group-42C3DBE2B33D-LeaderElection3482] INFO  impl.LeaderElection (LeaderElection.java:logAndReturn(56)) - 7660b851-9671-46a6-9e1d-7d946f95d492@group-42C3DBE2B33D-LeaderElection3482: Election REJECTED; received 0 response(s) [] and 2 exception(s); 7660b851-9671-46a6-9e1d-7d946f95d492@group-42C3DBE2B33D:t203, leader=null, voted=7660b851-9671-46a6-9e1d-7d946f95d492, raftlog=7660b851-9671-46a6-9e1d-7d946f95d492@group-42C3DBE2B33D-SegmentedRaftLog:OPENED:c-1,f-1,i0, conf=-1: [fdf19479-69c2-4639-b68c-6adde78ca28a:192.168.157.204:42858, 1ac0a8d4-e534-43ce-83b1-426d47a3040d:192.168.157.204:32953, 7660b851-9671-46a6-9e1d-7d946f95d492:192.168.157.204:41682], old=null
2019-10-20 13:11:22,740 [7660b851-9671-46a6-9e1d-7d946f95d492@group-42C3DBE2B33D-LeaderElection3482] INFO  impl.LeaderElection (LogUtils.java:infoOrTrace(149)) -   Exception 0: {}
java.util.concurrent.ExecutionException: org.apache.ratis.thirdparty.io.grpc.StatusRuntimeException: UNAVAILABLE: io exception
	at java.util.concurrent.FutureTask.report(FutureTask.java:122)
	at java.util.concurrent.FutureTask.get(FutureTask.java:192)
	at org.apache.ratis.server.impl.LeaderElection.waitForResults(LeaderElection.java:259)
	at org.apache.ratis.server.impl.LeaderElection.askForVotes(LeaderElection.java:197)
	at org.apache.ratis.server.impl.LeaderElection.run(LeaderElection.java:133)
	at java.lang.Thread.run(Thread.java:748)
Caused by: org.apache.ratis.thirdparty.io.grpc.StatusRuntimeException: UNAVAILABLE: io exception
	at org.apache.ratis.thirdparty.io.grpc.stub.ClientCalls.toStatusRuntimeException(ClientCalls.java:233)
	at org.apache.ratis.thirdparty.io.grpc.stub.ClientCalls.getUnchecked(ClientCalls.java:214)
	at org.apache.ratis.thirdparty.io.grpc.stub.ClientCalls.blockingUnaryCall(ClientCalls.java:139)
	at org.apache.ratis.proto.grpc.RaftServerProtocolServiceGrpc$RaftServerProtocolServiceBlockingStub.requestVote(RaftServerProtocolServiceGrpc.java:265)
	at org.apache.ratis.grpc.server.GrpcServerProtocolClient.requestVote(GrpcServerProtocolClient.java:99)
	at org.apache.ratis.grpc.server.GrpcService.requestVote(GrpcService.java:204)
	at org.apache.ratis.server.impl.LeaderElection.lambda$submitRequests$1(LeaderElection.java:234)
	at java.util.concurrent.FutureTask.run(FutureTask.java:266)
	at java.util.concurrent.Executors$RunnableAdapter.call(Executors.java:511)
	at java.util.concurrent.FutureTask.run(FutureTask.java:266)
	at java.util.concurrent.ThreadPoolExecutor.runWorker(ThreadPoolExecutor.java:1149)
	at java.util.concurrent.ThreadPoolExecutor$Worker.run(ThreadPoolExecutor.java:624)
	... 1 more
Caused by: org.apache.ratis.thirdparty.io.netty.channel.AbstractChannel$AnnotatedConnectException: Connection refused: /192.168.157.204:42858
	at sun.nio.ch.SocketChannelImpl.checkConnect(Native Method)
	at sun.nio.ch.SocketChannelImpl.finishConnect(SocketChannelImpl.java:717)
	at org.apache.ratis.thirdparty.io.netty.channel.socket.nio.NioSocketChannel.doFinishConnect(NioSocketChannel.java:327)
	at org.apache.ratis.thirdparty.io.netty.channel.nio.AbstractNioChannel$AbstractNioUnsafe.finishConnect(AbstractNioChannel.java:340)
	at org.apache.ratis.thirdparty.io.netty.channel.nio.NioEventLoop.processSelectedKey(NioEventLoop.java:632)
	at org.apache.ratis.thirdparty.io.netty.channel.nio.NioEventLoop.processSelectedKeysOptimized(NioEventLoop.java:579)
	at org.apache.ratis.thirdparty.io.netty.channel.nio.NioEventLoop.processSelectedKeys(NioEventLoop.java:496)
	at org.apache.ratis.thirdparty.io.netty.channel.nio.NioEventLoop.run(NioEventLoop.java:458)
	at org.apache.ratis.thirdparty.io.netty.util.concurrent.SingleThreadEventExecutor$5.run(SingleThreadEventExecutor.java:897)
	at org.apache.ratis.thirdparty.io.netty.util.concurrent.FastThreadLocalRunnable.run(FastThreadLocalRunnable.java:30)
	... 1 more
Caused by: java.net.ConnectException: Connection refused
	... 11 more
2019-10-20 13:11:22,740 [7660b851-9671-46a6-9e1d-7d946f95d492@group-42C3DBE2B33D-LeaderElection3482] INFO  impl.LeaderElection (LogUtils.java:infoOrTrace(149)) -   Exception 1: {}
java.util.concurrent.ExecutionException: org.apache.ratis.thirdparty.io.grpc.StatusRuntimeException: UNAVAILABLE: io exception
	at java.util.concurrent.FutureTask.report(FutureTask.java:122)
	at java.util.concurrent.FutureTask.get(FutureTask.java:192)
	at org.apache.ratis.server.impl.LeaderElection.waitForResults(LeaderElection.java:259)
	at org.apache.ratis.server.impl.LeaderElection.askForVotes(LeaderElection.java:197)
	at org.apache.ratis.server.impl.LeaderElection.run(LeaderElection.java:133)
	at java.lang.Thread.run(Thread.java:748)
Caused by: org.apache.ratis.thirdparty.io.grpc.StatusRuntimeException: UNAVAILABLE: io exception
	at org.apache.ratis.thirdparty.io.grpc.stub.ClientCalls.toStatusRuntimeException(ClientCalls.java:233)
	at org.apache.ratis.thirdparty.io.grpc.stub.ClientCalls.getUnchecked(ClientCalls.java:214)
	at org.apache.ratis.thirdparty.io.grpc.stub.ClientCalls.blockingUnaryCall(ClientCalls.java:139)
	at org.apache.ratis.proto.grpc.RaftServerProtocolServiceGrpc$RaftServerProtocolServiceBlockingStub.requestVote(RaftServerProtocolServiceGrpc.java:265)
	at org.apache.ratis.grpc.server.GrpcServerProtocolClient.requestVote(GrpcServerProtocolClient.java:99)
	at org.apache.ratis.grpc.server.GrpcService.requestVote(GrpcService.java:204)
	at org.apache.ratis.server.impl.LeaderElection.lambda$submitRequests$1(LeaderElection.java:234)
	at java.util.concurrent.FutureTask.run(FutureTask.java:266)
	at java.util.concurrent.Executors$RunnableAdapter.call(Executors.java:511)
	at java.util.concurrent.FutureTask.run(FutureTask.java:266)
	at java.util.concurrent.ThreadPoolExecutor.runWorker(ThreadPoolExecutor.java:1149)
	at java.util.concurrent.ThreadPoolExecutor$Worker.run(ThreadPoolExecutor.java:624)
	... 1 more
Caused by: org.apache.ratis.thirdparty.io.netty.channel.AbstractChannel$AnnotatedConnectException: Connection refused: /192.168.157.204:32953
	at sun.nio.ch.SocketChannelImpl.checkConnect(Native Method)
	at sun.nio.ch.SocketChannelImpl.finishConnect(SocketChannelImpl.java:717)
	at org.apache.ratis.thirdparty.io.netty.channel.socket.nio.NioSocketChannel.doFinishConnect(NioSocketChannel.java:327)
	at org.apache.ratis.thirdparty.io.netty.channel.nio.AbstractNioChannel$AbstractNioUnsafe.finishConnect(AbstractNioChannel.java:340)
	at org.apache.ratis.thirdparty.io.netty.channel.nio.NioEventLoop.processSelectedKey(NioEventLoop.java:632)
	at org.apache.ratis.thirdparty.io.netty.channel.nio.NioEventLoop.processSelectedKeysOptimized(NioEventLoop.java:579)
	at org.apache.ratis.thirdparty.io.netty.channel.nio.NioEventLoop.processSelectedKeys(NioEventLoop.java:496)
	at org.apache.ratis.thirdparty.io.netty.channel.nio.NioEventLoop.run(NioEventLoop.java:458)
	at org.apache.ratis.thirdparty.io.netty.util.concurrent.SingleThreadEventExecutor$5.run(SingleThreadEventExecutor.java:897)
	at org.apache.ratis.thirdparty.io.netty.util.concurrent.FastThreadLocalRunnable.run(FastThreadLocalRunnable.java:30)
	... 1 more
Caused by: java.net.ConnectException: Connection refused
	... 11 more
2019-10-20 13:11:22,740 [7660b851-9671-46a6-9e1d-7d946f95d492@group-42C3DBE2B33D-LeaderElection3482] INFO  impl.RaftServerImpl (RaftServerImpl.java:setRole(184)) - 7660b851-9671-46a6-9e1d-7d946f95d492@group-42C3DBE2B33D: changes role from CANDIDATE to FOLLOWER at term 203 for DISCOVERED_A_NEW_TERM
2019-10-20 13:11:22,740 [7660b851-9671-46a6-9e1d-7d946f95d492@group-42C3DBE2B33D-LeaderElection3482] INFO  impl.RoleInfo (RoleInfo.java:shutdownLeaderElection(134)) - 7660b851-9671-46a6-9e1d-7d946f95d492: shutdown LeaderElection
2019-10-20 13:11:22,740 [7660b851-9671-46a6-9e1d-7d946f95d492@group-42C3DBE2B33D-LeaderElection3482] INFO  impl.RoleInfo (RoleInfo.java:updateAndGet(143)) - 7660b851-9671-46a6-9e1d-7d946f95d492: start FollowerState
2019-10-20 13:11:22,920 [Thread-25908] INFO  impl.FollowerState (FollowerState.java:run(108)) - 7660b851-9671-46a6-9e1d-7d946f95d492@group-42C3DBE2B33D-FollowerState: change to CANDIDATE, lastRpcTime:179ms, electionTimeout:179ms
2019-10-20 13:11:22,920 [Thread-25908] INFO  impl.RoleInfo (RoleInfo.java:shutdownFollowerState(121)) - 7660b851-9671-46a6-9e1d-7d946f95d492: shutdown FollowerState
2019-10-20 13:11:22,920 [Thread-25908] INFO  impl.RaftServerImpl (RaftServerImpl.java:setRole(184)) - 7660b851-9671-46a6-9e1d-7d946f95d492@group-42C3DBE2B33D: changes role from  FOLLOWER to CANDIDATE at term 203 for changeToCandidate
2019-10-20 13:11:22,920 [Thread-25908] INFO  impl.RoleInfo (RoleInfo.java:updateAndGet(143)) - 7660b851-9671-46a6-9e1d-7d946f95d492: start LeaderElection
2019-10-20 13:11:22,933 [7660b851-9671-46a6-9e1d-7d946f95d492@group-42C3DBE2B33D-LeaderElection3483] INFO  impl.LeaderElection (LeaderElection.java:askForVotes(178)) - 7660b851-9671-46a6-9e1d-7d946f95d492@group-42C3DBE2B33D-LeaderElection3483: begin an election at term 204 for -1: [fdf19479-69c2-4639-b68c-6adde78ca28a:192.168.157.204:42858, 1ac0a8d4-e534-43ce-83b1-426d47a3040d:192.168.157.204:32953, 7660b851-9671-46a6-9e1d-7d946f95d492:192.168.157.204:41682], old=null
2019-10-20 13:11:22,935 [7660b851-9671-46a6-9e1d-7d946f95d492@group-42C3DBE2B33D-LeaderElection3483] INFO  impl.LeaderElection (LogUtils.java:infoOrTrace(149)) - 7660b851-9671-46a6-9e1d-7d946f95d492@group-42C3DBE2B33D-LeaderElection3483 got exception when requesting votes: {}
java.util.concurrent.ExecutionException: org.apache.ratis.thirdparty.io.grpc.StatusRuntimeException: UNAVAILABLE: io exception
	at java.util.concurrent.FutureTask.report(FutureTask.java:122)
	at java.util.concurrent.FutureTask.get(FutureTask.java:192)
	at org.apache.ratis.server.impl.LeaderElection.waitForResults(LeaderElection.java:259)
	at org.apache.ratis.server.impl.LeaderElection.askForVotes(LeaderElection.java:197)
	at org.apache.ratis.server.impl.LeaderElection.run(LeaderElection.java:133)
	at java.lang.Thread.run(Thread.java:748)
Caused by: org.apache.ratis.thirdparty.io.grpc.StatusRuntimeException: UNAVAILABLE: io exception
	at org.apache.ratis.thirdparty.io.grpc.stub.ClientCalls.toStatusRuntimeException(ClientCalls.java:233)
	at org.apache.ratis.thirdparty.io.grpc.stub.ClientCalls.getUnchecked(ClientCalls.java:214)
	at org.apache.ratis.thirdparty.io.grpc.stub.ClientCalls.blockingUnaryCall(ClientCalls.java:139)
	at org.apache.ratis.proto.grpc.RaftServerProtocolServiceGrpc$RaftServerProtocolServiceBlockingStub.requestVote(RaftServerProtocolServiceGrpc.java:265)
	at org.apache.ratis.grpc.server.GrpcServerProtocolClient.requestVote(GrpcServerProtocolClient.java:99)
	at org.apache.ratis.grpc.server.GrpcService.requestVote(GrpcService.java:204)
	at org.apache.ratis.server.impl.LeaderElection.lambda$submitRequests$1(LeaderElection.java:234)
	at java.util.concurrent.FutureTask.run(FutureTask.java:266)
	at java.util.concurrent.Executors$RunnableAdapter.call(Executors.java:511)
	at java.util.concurrent.FutureTask.run(FutureTask.java:266)
	at java.util.concurrent.ThreadPoolExecutor.runWorker(ThreadPoolExecutor.java:1149)
	at java.util.concurrent.ThreadPoolExecutor$Worker.run(ThreadPoolExecutor.java:624)
	... 1 more
Caused by: org.apache.ratis.thirdparty.io.netty.channel.AbstractChannel$AnnotatedConnectException: Connection refused: /192.168.157.204:32953
	at sun.nio.ch.SocketChannelImpl.checkConnect(Native Method)
	at sun.nio.ch.SocketChannelImpl.finishConnect(SocketChannelImpl.java:717)
	at org.apache.ratis.thirdparty.io.netty.channel.socket.nio.NioSocketChannel.doFinishConnect(NioSocketChannel.java:327)
	at org.apache.ratis.thirdparty.io.netty.channel.nio.AbstractNioChannel$AbstractNioUnsafe.finishConnect(AbstractNioChannel.java:340)
	at org.apache.ratis.thirdparty.io.netty.channel.nio.NioEventLoop.processSelectedKey(NioEventLoop.java:632)
	at org.apache.ratis.thirdparty.io.netty.channel.nio.NioEventLoop.processSelectedKeysOptimized(NioEventLoop.java:579)
	at org.apache.ratis.thirdparty.io.netty.channel.nio.NioEventLoop.processSelectedKeys(NioEventLoop.java:496)
	at org.apache.ratis.thirdparty.io.netty.channel.nio.NioEventLoop.run(NioEventLoop.java:458)
	at org.apache.ratis.thirdparty.io.netty.util.concurrent.SingleThreadEventExecutor$5.run(SingleThreadEventExecutor.java:897)
	at org.apache.ratis.thirdparty.io.netty.util.concurrent.FastThreadLocalRunnable.run(FastThreadLocalRunnable.java:30)
	... 1 more
Caused by: java.net.ConnectException: Connection refused
	... 11 more
2019-10-20 13:11:22,935 [7660b851-9671-46a6-9e1d-7d946f95d492@group-42C3DBE2B33D-LeaderElection3483] INFO  impl.LeaderElection (LogUtils.java:infoOrTrace(149)) - 7660b851-9671-46a6-9e1d-7d946f95d492@group-42C3DBE2B33D-LeaderElection3483 got exception when requesting votes: {}
java.util.concurrent.ExecutionException: org.apache.ratis.thirdparty.io.grpc.StatusRuntimeException: UNAVAILABLE: io exception
	at java.util.concurrent.FutureTask.report(FutureTask.java:122)
	at java.util.concurrent.FutureTask.get(FutureTask.java:192)
	at org.apache.ratis.server.impl.LeaderElection.waitForResults(LeaderElection.java:259)
	at org.apache.ratis.server.impl.LeaderElection.askForVotes(LeaderElection.java:197)
	at org.apache.ratis.server.impl.LeaderElection.run(LeaderElection.java:133)
	at java.lang.Thread.run(Thread.java:748)
Caused by: org.apache.ratis.thirdparty.io.grpc.StatusRuntimeException: UNAVAILABLE: io exception
	at org.apache.ratis.thirdparty.io.grpc.stub.ClientCalls.toStatusRuntimeException(ClientCalls.java:233)
	at org.apache.ratis.thirdparty.io.grpc.stub.ClientCalls.getUnchecked(ClientCalls.java:214)
	at org.apache.ratis.thirdparty.io.grpc.stub.ClientCalls.blockingUnaryCall(ClientCalls.java:139)
	at org.apache.ratis.proto.grpc.RaftServerProtocolServiceGrpc$RaftServerProtocolServiceBlockingStub.requestVote(RaftServerProtocolServiceGrpc.java:265)
	at org.apache.ratis.grpc.server.GrpcServerProtocolClient.requestVote(GrpcServerProtocolClient.java:99)
	at org.apache.ratis.grpc.server.GrpcService.requestVote(GrpcService.java:204)
	at org.apache.ratis.server.impl.LeaderElection.lambda$submitRequests$1(LeaderElection.java:234)
	at java.util.concurrent.FutureTask.run(FutureTask.java:266)
	at java.util.concurrent.Executors$RunnableAdapter.call(Executors.java:511)
	at java.util.concurrent.FutureTask.run(FutureTask.java:266)
	at java.util.concurrent.ThreadPoolExecutor.runWorker(ThreadPoolExecutor.java:1149)
	at java.util.concurrent.ThreadPoolExecutor$Worker.run(ThreadPoolExecutor.java:624)
	... 1 more
Caused by: org.apache.ratis.thirdparty.io.netty.channel.AbstractChannel$AnnotatedConnectException: Connection refused: /192.168.157.204:42858
	at sun.nio.ch.SocketChannelImpl.checkConnect(Native Method)
	at sun.nio.ch.SocketChannelImpl.finishConnect(SocketChannelImpl.java:717)
	at org.apache.ratis.thirdparty.io.netty.channel.socket.nio.NioSocketChannel.doFinishConnect(NioSocketChannel.java:327)
	at org.apache.ratis.thirdparty.io.netty.channel.nio.AbstractNioChannel$AbstractNioUnsafe.finishConnect(AbstractNioChannel.java:340)
	at org.apache.ratis.thirdparty.io.netty.channel.nio.NioEventLoop.processSelectedKey(NioEventLoop.java:632)
	at org.apache.ratis.thirdparty.io.netty.channel.nio.NioEventLoop.processSelectedKeysOptimized(NioEventLoop.java:579)
	at org.apache.ratis.thirdparty.io.netty.channel.nio.NioEventLoop.processSelectedKeys(NioEventLoop.java:496)
	at org.apache.ratis.thirdparty.io.netty.channel.nio.NioEventLoop.run(NioEventLoop.java:458)
	at org.apache.ratis.thirdparty.io.netty.util.concurrent.SingleThreadEventExecutor$5.run(SingleThreadEventExecutor.java:897)
	at org.apache.ratis.thirdparty.io.netty.util.concurrent.FastThreadLocalRunnable.run(FastThreadLocalRunnable.java:30)
	... 1 more
Caused by: java.net.ConnectException: Connection refused
	... 11 more
2019-10-20 13:11:22,936 [7660b851-9671-46a6-9e1d-7d946f95d492@group-42C3DBE2B33D-LeaderElection3483] INFO  impl.LeaderElection (LeaderElection.java:logAndReturn(56)) - 7660b851-9671-46a6-9e1d-7d946f95d492@group-42C3DBE2B33D-LeaderElection3483: Election REJECTED; received 0 response(s) [] and 2 exception(s); 7660b851-9671-46a6-9e1d-7d946f95d492@group-42C3DBE2B33D:t204, leader=null, voted=7660b851-9671-46a6-9e1d-7d946f95d492, raftlog=7660b851-9671-46a6-9e1d-7d946f95d492@group-42C3DBE2B33D-SegmentedRaftLog:OPENED:c-1,f-1,i0, conf=-1: [fdf19479-69c2-4639-b68c-6adde78ca28a:192.168.157.204:42858, 1ac0a8d4-e534-43ce-83b1-426d47a3040d:192.168.157.204:32953, 7660b851-9671-46a6-9e1d-7d946f95d492:192.168.157.204:41682], old=null
2019-10-20 13:11:22,936 [7660b851-9671-46a6-9e1d-7d946f95d492@group-42C3DBE2B33D-LeaderElection3483] INFO  impl.LeaderElection (LogUtils.java:infoOrTrace(149)) -   Exception 0: {}
java.util.concurrent.ExecutionException: org.apache.ratis.thirdparty.io.grpc.StatusRuntimeException: UNAVAILABLE: io exception
	at java.util.concurrent.FutureTask.report(FutureTask.java:122)
	at java.util.concurrent.FutureTask.get(FutureTask.java:192)
	at org.apache.ratis.server.impl.LeaderElection.waitForResults(LeaderElection.java:259)
	at org.apache.ratis.server.impl.LeaderElection.askForVotes(LeaderElection.java:197)
	at org.apache.ratis.server.impl.LeaderElection.run(LeaderElection.java:133)
	at java.lang.Thread.run(Thread.java:748)
Caused by: org.apache.ratis.thirdparty.io.grpc.StatusRuntimeException: UNAVAILABLE: io exception
	at org.apache.ratis.thirdparty.io.grpc.stub.ClientCalls.toStatusRuntimeException(ClientCalls.java:233)
	at org.apache.ratis.thirdparty.io.grpc.stub.ClientCalls.getUnchecked(ClientCalls.java:214)
	at org.apache.ratis.thirdparty.io.grpc.stub.ClientCalls.blockingUnaryCall(ClientCalls.java:139)
	at org.apache.ratis.proto.grpc.RaftServerProtocolServiceGrpc$RaftServerProtocolServiceBlockingStub.requestVote(RaftServerProtocolServiceGrpc.java:265)
	at org.apache.ratis.grpc.server.GrpcServerProtocolClient.requestVote(GrpcServerProtocolClient.java:99)
	at org.apache.ratis.grpc.server.GrpcService.requestVote(GrpcService.java:204)
	at org.apache.ratis.server.impl.LeaderElection.lambda$submitRequests$1(LeaderElection.java:234)
	at java.util.concurrent.FutureTask.run(FutureTask.java:266)
	at java.util.concurrent.Executors$RunnableAdapter.call(Executors.java:511)
	at java.util.concurrent.FutureTask.run(FutureTask.java:266)
	at java.util.concurrent.ThreadPoolExecutor.runWorker(ThreadPoolExecutor.java:1149)
	at java.util.concurrent.ThreadPoolExecutor$Worker.run(ThreadPoolExecutor.java:624)
	... 1 more
Caused by: org.apache.ratis.thirdparty.io.netty.channel.AbstractChannel$AnnotatedConnectException: Connection refused: /192.168.157.204:32953
	at sun.nio.ch.SocketChannelImpl.checkConnect(Native Method)
	at sun.nio.ch.SocketChannelImpl.finishConnect(SocketChannelImpl.java:717)
	at org.apache.ratis.thirdparty.io.netty.channel.socket.nio.NioSocketChannel.doFinishConnect(NioSocketChannel.java:327)
	at org.apache.ratis.thirdparty.io.netty.channel.nio.AbstractNioChannel$AbstractNioUnsafe.finishConnect(AbstractNioChannel.java:340)
	at org.apache.ratis.thirdparty.io.netty.channel.nio.NioEventLoop.processSelectedKey(NioEventLoop.java:632)
	at org.apache.ratis.thirdparty.io.netty.channel.nio.NioEventLoop.processSelectedKeysOptimized(NioEventLoop.java:579)
	at org.apache.ratis.thirdparty.io.netty.channel.nio.NioEventLoop.processSelectedKeys(NioEventLoop.java:496)
	at org.apache.ratis.thirdparty.io.netty.channel.nio.NioEventLoop.run(NioEventLoop.java:458)
	at org.apache.ratis.thirdparty.io.netty.util.concurrent.SingleThreadEventExecutor$5.run(SingleThreadEventExecutor.java:897)
	at org.apache.ratis.thirdparty.io.netty.util.concurrent.FastThreadLocalRunnable.run(FastThreadLocalRunnable.java:30)
	... 1 more
Caused by: java.net.ConnectException: Connection refused
	... 11 more
2019-10-20 13:11:22,936 [7660b851-9671-46a6-9e1d-7d946f95d492@group-42C3DBE2B33D-LeaderElection3483] INFO  impl.LeaderElection (LogUtils.java:infoOrTrace(149)) -   Exception 1: {}
java.util.concurrent.ExecutionException: org.apache.ratis.thirdparty.io.grpc.StatusRuntimeException: UNAVAILABLE: io exception
	at java.util.concurrent.FutureTask.report(FutureTask.java:122)
	at java.util.concurrent.FutureTask.get(FutureTask.java:192)
	at org.apache.ratis.server.impl.LeaderElection.waitForResults(LeaderElection.java:259)
	at org.apache.ratis.server.impl.LeaderElection.askForVotes(LeaderElection.java:197)
	at org.apache.ratis.server.impl.LeaderElection.run(LeaderElection.java:133)
	at java.lang.Thread.run(Thread.java:748)
Caused by: org.apache.ratis.thirdparty.io.grpc.StatusRuntimeException: UNAVAILABLE: io exception
	at org.apache.ratis.thirdparty.io.grpc.stub.ClientCalls.toStatusRuntimeException(ClientCalls.java:233)
	at org.apache.ratis.thirdparty.io.grpc.stub.ClientCalls.getUnchecked(ClientCalls.java:214)
	at org.apache.ratis.thirdparty.io.grpc.stub.ClientCalls.blockingUnaryCall(ClientCalls.java:139)
	at org.apache.ratis.proto.grpc.RaftServerProtocolServiceGrpc$RaftServerProtocolServiceBlockingStub.requestVote(RaftServerProtocolServiceGrpc.java:265)
	at org.apache.ratis.grpc.server.GrpcServerProtocolClient.requestVote(GrpcServerProtocolClient.java:99)
	at org.apache.ratis.grpc.server.GrpcService.requestVote(GrpcService.java:204)
	at org.apache.ratis.server.impl.LeaderElection.lambda$submitRequests$1(LeaderElection.java:234)
	at java.util.concurrent.FutureTask.run(FutureTask.java:266)
	at java.util.concurrent.Executors$RunnableAdapter.call(Executors.java:511)
	at java.util.concurrent.FutureTask.run(FutureTask.java:266)
	at java.util.concurrent.ThreadPoolExecutor.runWorker(ThreadPoolExecutor.java:1149)
	at java.util.concurrent.ThreadPoolExecutor$Worker.run(ThreadPoolExecutor.java:624)
	... 1 more
Caused by: org.apache.ratis.thirdparty.io.netty.channel.AbstractChannel$AnnotatedConnectException: Connection refused: /192.168.157.204:42858
	at sun.nio.ch.SocketChannelImpl.checkConnect(Native Method)
	at sun.nio.ch.SocketChannelImpl.finishConnect(SocketChannelImpl.java:717)
	at org.apache.ratis.thirdparty.io.netty.channel.socket.nio.NioSocketChannel.doFinishConnect(NioSocketChannel.java:327)
	at org.apache.ratis.thirdparty.io.netty.channel.nio.AbstractNioChannel$AbstractNioUnsafe.finishConnect(AbstractNioChannel.java:340)
	at org.apache.ratis.thirdparty.io.netty.channel.nio.NioEventLoop.processSelectedKey(NioEventLoop.java:632)
	at org.apache.ratis.thirdparty.io.netty.channel.nio.NioEventLoop.processSelectedKeysOptimized(NioEventLoop.java:579)
	at org.apache.ratis.thirdparty.io.netty.channel.nio.NioEventLoop.processSelectedKeys(NioEventLoop.java:496)
	at org.apache.ratis.thirdparty.io.netty.channel.nio.NioEventLoop.run(NioEventLoop.java:458)
	at org.apache.ratis.thirdparty.io.netty.util.concurrent.SingleThreadEventExecutor$5.run(SingleThreadEventExecutor.java:897)
	at org.apache.ratis.thirdparty.io.netty.util.concurrent.FastThreadLocalRunnable.run(FastThreadLocalRunnable.java:30)
	... 1 more
Caused by: java.net.ConnectException: Connection refused
	... 11 more
2019-10-20 13:11:22,936 [7660b851-9671-46a6-9e1d-7d946f95d492@group-42C3DBE2B33D-LeaderElection3483] INFO  impl.RaftServerImpl (RaftServerImpl.java:setRole(184)) - 7660b851-9671-46a6-9e1d-7d946f95d492@group-42C3DBE2B33D: changes role from CANDIDATE to FOLLOWER at term 204 for DISCOVERED_A_NEW_TERM
2019-10-20 13:11:22,937 [7660b851-9671-46a6-9e1d-7d946f95d492@group-42C3DBE2B33D-LeaderElection3483] INFO  impl.RoleInfo (RoleInfo.java:shutdownLeaderElection(134)) - 7660b851-9671-46a6-9e1d-7d946f95d492: shutdown LeaderElection
2019-10-20 13:11:22,937 [7660b851-9671-46a6-9e1d-7d946f95d492@group-42C3DBE2B33D-LeaderElection3483] INFO  impl.RoleInfo (RoleInfo.java:updateAndGet(143)) - 7660b851-9671-46a6-9e1d-7d946f95d492: start FollowerState
2019-10-20 13:11:23,047 [Thread-25913] INFO  impl.FollowerState (FollowerState.java:run(108)) - 7660b851-9671-46a6-9e1d-7d946f95d492@group-42C3DBE2B33D-FollowerState: change to CANDIDATE, lastRpcTime:110ms, electionTimeout:110ms
2019-10-20 13:11:23,047 [Thread-25913] INFO  impl.RoleInfo (RoleInfo.java:shutdownFollowerState(121)) - 7660b851-9671-46a6-9e1d-7d946f95d492: shutdown FollowerState
2019-10-20 13:11:23,047 [Thread-25913] INFO  impl.RaftServerImpl (RaftServerImpl.java:setRole(184)) - 7660b851-9671-46a6-9e1d-7d946f95d492@group-42C3DBE2B33D: changes role from  FOLLOWER to CANDIDATE at term 204 for changeToCandidate
2019-10-20 13:11:23,047 [Thread-25913] INFO  impl.RoleInfo (RoleInfo.java:updateAndGet(143)) - 7660b851-9671-46a6-9e1d-7d946f95d492: start LeaderElection
2019-10-20 13:11:23,071 [7660b851-9671-46a6-9e1d-7d946f95d492@group-42C3DBE2B33D-LeaderElection3484] INFO  impl.LeaderElection (LeaderElection.java:askForVotes(178)) - 7660b851-9671-46a6-9e1d-7d946f95d492@group-42C3DBE2B33D-LeaderElection3484: begin an election at term 205 for -1: [fdf19479-69c2-4639-b68c-6adde78ca28a:192.168.157.204:42858, 1ac0a8d4-e534-43ce-83b1-426d47a3040d:192.168.157.204:32953, 7660b851-9671-46a6-9e1d-7d946f95d492:192.168.157.204:41682], old=null
2019-10-20 13:11:23,072 [7660b851-9671-46a6-9e1d-7d946f95d492@group-42C3DBE2B33D-LeaderElection3484] INFO  impl.LeaderElection (LogUtils.java:infoOrTrace(149)) - 7660b851-9671-46a6-9e1d-7d946f95d492@group-42C3DBE2B33D-LeaderElection3484 got exception when requesting votes: {}
java.util.concurrent.ExecutionException: org.apache.ratis.thirdparty.io.grpc.StatusRuntimeException: UNAVAILABLE: io exception
	at java.util.concurrent.FutureTask.report(FutureTask.java:122)
	at java.util.concurrent.FutureTask.get(FutureTask.java:192)
	at org.apache.ratis.server.impl.LeaderElection.waitForResults(LeaderElection.java:259)
	at org.apache.ratis.server.impl.LeaderElection.askForVotes(LeaderElection.java:197)
	at org.apache.ratis.server.impl.LeaderElection.run(LeaderElection.java:133)
	at java.lang.Thread.run(Thread.java:748)
Caused by: org.apache.ratis.thirdparty.io.grpc.StatusRuntimeException: UNAVAILABLE: io exception
	at org.apache.ratis.thirdparty.io.grpc.stub.ClientCalls.toStatusRuntimeException(ClientCalls.java:233)
	at org.apache.ratis.thirdparty.io.grpc.stub.ClientCalls.getUnchecked(ClientCalls.java:214)
	at org.apache.ratis.thirdparty.io.grpc.stub.ClientCalls.blockingUnaryCall(ClientCalls.java:139)
	at org.apache.ratis.proto.grpc.RaftServerProtocolServiceGrpc$RaftServerProtocolServiceBlockingStub.requestVote(RaftServerProtocolServiceGrpc.java:265)
	at org.apache.ratis.grpc.server.GrpcServerProtocolClient.requestVote(GrpcServerProtocolClient.java:99)
	at org.apache.ratis.grpc.server.GrpcService.requestVote(GrpcService.java:204)
	at org.apache.ratis.server.impl.LeaderElection.lambda$submitRequests$1(LeaderElection.java:234)
	at java.util.concurrent.FutureTask.run(FutureTask.java:266)
	at java.util.concurrent.Executors$RunnableAdapter.call(Executors.java:511)
	at java.util.concurrent.FutureTask.run(FutureTask.java:266)
	at java.util.concurrent.ThreadPoolExecutor.runWorker(ThreadPoolExecutor.java:1149)
	at java.util.concurrent.ThreadPoolExecutor$Worker.run(ThreadPoolExecutor.java:624)
	... 1 more
Caused by: org.apache.ratis.thirdparty.io.netty.channel.AbstractChannel$AnnotatedConnectException: Connection refused: /192.168.157.204:42858
	at sun.nio.ch.SocketChannelImpl.checkConnect(Native Method)
	at sun.nio.ch.SocketChannelImpl.finishConnect(SocketChannelImpl.java:717)
	at org.apache.ratis.thirdparty.io.netty.channel.socket.nio.NioSocketChannel.doFinishConnect(NioSocketChannel.java:327)
	at org.apache.ratis.thirdparty.io.netty.channel.nio.AbstractNioChannel$AbstractNioUnsafe.finishConnect(AbstractNioChannel.java:340)
	at org.apache.ratis.thirdparty.io.netty.channel.nio.NioEventLoop.processSelectedKey(NioEventLoop.java:632)
	at org.apache.ratis.thirdparty.io.netty.channel.nio.NioEventLoop.processSelectedKeysOptimized(NioEventLoop.java:579)
	at org.apache.ratis.thirdparty.io.netty.channel.nio.NioEventLoop.processSelectedKeys(NioEventLoop.java:496)
	at org.apache.ratis.thirdparty.io.netty.channel.nio.NioEventLoop.run(NioEventLoop.java:458)
	at org.apache.ratis.thirdparty.io.netty.util.concurrent.SingleThreadEventExecutor$5.run(SingleThreadEventExecutor.java:897)
	at org.apache.ratis.thirdparty.io.netty.util.concurrent.FastThreadLocalRunnable.run(FastThreadLocalRunnable.java:30)
	... 1 more
Caused by: java.net.ConnectException: Connection refused
	... 11 more
2019-10-20 13:11:23,072 [7660b851-9671-46a6-9e1d-7d946f95d492@group-42C3DBE2B33D-LeaderElection3484] INFO  impl.LeaderElection (LogUtils.java:infoOrTrace(149)) - 7660b851-9671-46a6-9e1d-7d946f95d492@group-42C3DBE2B33D-LeaderElection3484 got exception when requesting votes: {}
java.util.concurrent.ExecutionException: org.apache.ratis.thirdparty.io.grpc.StatusRuntimeException: UNAVAILABLE: io exception
	at java.util.concurrent.FutureTask.report(FutureTask.java:122)
	at java.util.concurrent.FutureTask.get(FutureTask.java:192)
	at org.apache.ratis.server.impl.LeaderElection.waitForResults(LeaderElection.java:259)
	at org.apache.ratis.server.impl.LeaderElection.askForVotes(LeaderElection.java:197)
	at org.apache.ratis.server.impl.LeaderElection.run(LeaderElection.java:133)
	at java.lang.Thread.run(Thread.java:748)
Caused by: org.apache.ratis.thirdparty.io.grpc.StatusRuntimeException: UNAVAILABLE: io exception
	at org.apache.ratis.thirdparty.io.grpc.stub.ClientCalls.toStatusRuntimeException(ClientCalls.java:233)
	at org.apache.ratis.thirdparty.io.grpc.stub.ClientCalls.getUnchecked(ClientCalls.java:214)
	at org.apache.ratis.thirdparty.io.grpc.stub.ClientCalls.blockingUnaryCall(ClientCalls.java:139)
	at org.apache.ratis.proto.grpc.RaftServerProtocolServiceGrpc$RaftServerProtocolServiceBlockingStub.requestVote(RaftServerProtocolServiceGrpc.java:265)
	at org.apache.ratis.grpc.server.GrpcServerProtocolClient.requestVote(GrpcServerProtocolClient.java:99)
	at org.apache.ratis.grpc.server.GrpcService.requestVote(GrpcService.java:204)
	at org.apache.ratis.server.impl.LeaderElection.lambda$submitRequests$1(LeaderElection.java:234)
	at java.util.concurrent.FutureTask.run(FutureTask.java:266)
	at java.util.concurrent.Executors$RunnableAdapter.call(Executors.java:511)
	at java.util.concurrent.FutureTask.run(FutureTask.java:266)
	at java.util.concurrent.ThreadPoolExecutor.runWorker(ThreadPoolExecutor.java:1149)
	at java.util.concurrent.ThreadPoolExecutor$Worker.run(ThreadPoolExecutor.java:624)
	... 1 more
Caused by: org.apache.ratis.thirdparty.io.netty.channel.AbstractChannel$AnnotatedConnectException: Connection refused: /192.168.157.204:32953
	at sun.nio.ch.SocketChannelImpl.checkConnect(Native Method)
	at sun.nio.ch.SocketChannelImpl.finishConnect(SocketChannelImpl.java:717)
	at org.apache.ratis.thirdparty.io.netty.channel.socket.nio.NioSocketChannel.doFinishConnect(NioSocketChannel.java:327)
	at org.apache.ratis.thirdparty.io.netty.channel.nio.AbstractNioChannel$AbstractNioUnsafe.finishConnect(AbstractNioChannel.java:340)
	at org.apache.ratis.thirdparty.io.netty.channel.nio.NioEventLoop.processSelectedKey(NioEventLoop.java:632)
	at org.apache.ratis.thirdparty.io.netty.channel.nio.NioEventLoop.processSelectedKeysOptimized(NioEventLoop.java:579)
	at org.apache.ratis.thirdparty.io.netty.channel.nio.NioEventLoop.processSelectedKeys(NioEventLoop.java:496)
	at org.apache.ratis.thirdparty.io.netty.channel.nio.NioEventLoop.run(NioEventLoop.java:458)
	at org.apache.ratis.thirdparty.io.netty.util.concurrent.SingleThreadEventExecutor$5.run(SingleThreadEventExecutor.java:897)
	at org.apache.ratis.thirdparty.io.netty.util.concurrent.FastThreadLocalRunnable.run(FastThreadLocalRunnable.java:30)
	... 1 more
Caused by: java.net.ConnectException: Connection refused
	... 11 more
2019-10-20 13:11:23,073 [7660b851-9671-46a6-9e1d-7d946f95d492@group-42C3DBE2B33D-LeaderElection3484] INFO  impl.LeaderElection (LeaderElection.java:logAndReturn(56)) - 7660b851-9671-46a6-9e1d-7d946f95d492@group-42C3DBE2B33D-LeaderElection3484: Election REJECTED; received 0 response(s) [] and 2 exception(s); 7660b851-9671-46a6-9e1d-7d946f95d492@group-42C3DBE2B33D:t205, leader=null, voted=7660b851-9671-46a6-9e1d-7d946f95d492, raftlog=7660b851-9671-46a6-9e1d-7d946f95d492@group-42C3DBE2B33D-SegmentedRaftLog:OPENED:c-1,f-1,i0, conf=-1: [fdf19479-69c2-4639-b68c-6adde78ca28a:192.168.157.204:42858, 1ac0a8d4-e534-43ce-83b1-426d47a3040d:192.168.157.204:32953, 7660b851-9671-46a6-9e1d-7d946f95d492:192.168.157.204:41682], old=null
2019-10-20 13:11:23,073 [7660b851-9671-46a6-9e1d-7d946f95d492@group-42C3DBE2B33D-LeaderElection3484] INFO  impl.LeaderElection (LogUtils.java:infoOrTrace(149)) -   Exception 0: {}
java.util.concurrent.ExecutionException: org.apache.ratis.thirdparty.io.grpc.StatusRuntimeException: UNAVAILABLE: io exception
	at java.util.concurrent.FutureTask.report(FutureTask.java:122)
	at java.util.concurrent.FutureTask.get(FutureTask.java:192)
	at org.apache.ratis.server.impl.LeaderElection.waitForResults(LeaderElection.java:259)
	at org.apache.ratis.server.impl.LeaderElection.askForVotes(LeaderElection.java:197)
	at org.apache.ratis.server.impl.LeaderElection.run(LeaderElection.java:133)
	at java.lang.Thread.run(Thread.java:748)
Caused by: org.apache.ratis.thirdparty.io.grpc.StatusRuntimeException: UNAVAILABLE: io exception
	at org.apache.ratis.thirdparty.io.grpc.stub.ClientCalls.toStatusRuntimeException(ClientCalls.java:233)
	at org.apache.ratis.thirdparty.io.grpc.stub.ClientCalls.getUnchecked(ClientCalls.java:214)
	at org.apache.ratis.thirdparty.io.grpc.stub.ClientCalls.blockingUnaryCall(ClientCalls.java:139)
	at org.apache.ratis.proto.grpc.RaftServerProtocolServiceGrpc$RaftServerProtocolServiceBlockingStub.requestVote(RaftServerProtocolServiceGrpc.java:265)
	at org.apache.ratis.grpc.server.GrpcServerProtocolClient.requestVote(GrpcServerProtocolClient.java:99)
	at org.apache.ratis.grpc.server.GrpcService.requestVote(GrpcService.java:204)
	at org.apache.ratis.server.impl.LeaderElection.lambda$submitRequests$1(LeaderElection.java:234)
	at java.util.concurrent.FutureTask.run(FutureTask.java:266)
	at java.util.concurrent.Executors$RunnableAdapter.call(Executors.java:511)
	at java.util.concurrent.FutureTask.run(FutureTask.java:266)
	at java.util.concurrent.ThreadPoolExecutor.runWorker(ThreadPoolExecutor.java:1149)
	at java.util.concurrent.ThreadPoolExecutor$Worker.run(ThreadPoolExecutor.java:624)
	... 1 more
Caused by: org.apache.ratis.thirdparty.io.netty.channel.AbstractChannel$AnnotatedConnectException: Connection refused: /192.168.157.204:42858
	at sun.nio.ch.SocketChannelImpl.checkConnect(Native Method)
	at sun.nio.ch.SocketChannelImpl.finishConnect(SocketChannelImpl.java:717)
	at org.apache.ratis.thirdparty.io.netty.channel.socket.nio.NioSocketChannel.doFinishConnect(NioSocketChannel.java:327)
	at org.apache.ratis.thirdparty.io.netty.channel.nio.AbstractNioChannel$AbstractNioUnsafe.finishConnect(AbstractNioChannel.java:340)
	at org.apache.ratis.thirdparty.io.netty.channel.nio.NioEventLoop.processSelectedKey(NioEventLoop.java:632)
	at org.apache.ratis.thirdparty.io.netty.channel.nio.NioEventLoop.processSelectedKeysOptimized(NioEventLoop.java:579)
	at org.apache.ratis.thirdparty.io.netty.channel.nio.NioEventLoop.processSelectedKeys(NioEventLoop.java:496)
	at org.apache.ratis.thirdparty.io.netty.channel.nio.NioEventLoop.run(NioEventLoop.java:458)
	at org.apache.ratis.thirdparty.io.netty.util.concurrent.SingleThreadEventExecutor$5.run(SingleThreadEventExecutor.java:897)
	at org.apache.ratis.thirdparty.io.netty.util.concurrent.FastThreadLocalRunnable.run(FastThreadLocalRunnable.java:30)
	... 1 more
Caused by: java.net.ConnectException: Connection refused
	... 11 more
2019-10-20 13:11:23,073 [7660b851-9671-46a6-9e1d-7d946f95d492@group-42C3DBE2B33D-LeaderElection3484] INFO  impl.LeaderElection (LogUtils.java:infoOrTrace(149)) -   Exception 1: {}
java.util.concurrent.ExecutionException: org.apache.ratis.thirdparty.io.grpc.StatusRuntimeException: UNAVAILABLE: io exception
	at java.util.concurrent.FutureTask.report(FutureTask.java:122)
	at java.util.concurrent.FutureTask.get(FutureTask.java:192)
	at org.apache.ratis.server.impl.LeaderElection.waitForResults(LeaderElection.java:259)
	at org.apache.ratis.server.impl.LeaderElection.askForVotes(LeaderElection.java:197)
	at org.apache.ratis.server.impl.LeaderElection.run(LeaderElection.java:133)
	at java.lang.Thread.run(Thread.java:748)
Caused by: org.apache.ratis.thirdparty.io.grpc.StatusRuntimeException: UNAVAILABLE: io exception
	at org.apache.ratis.thirdparty.io.grpc.stub.ClientCalls.toStatusRuntimeException(ClientCalls.java:233)
	at org.apache.ratis.thirdparty.io.grpc.stub.ClientCalls.getUnchecked(ClientCalls.java:214)
	at org.apache.ratis.thirdparty.io.grpc.stub.ClientCalls.blockingUnaryCall(ClientCalls.java:139)
	at org.apache.ratis.proto.grpc.RaftServerProtocolServiceGrpc$RaftServerProtocolServiceBlockingStub.requestVote(RaftServerProtocolServiceGrpc.java:265)
	at org.apache.ratis.grpc.server.GrpcServerProtocolClient.requestVote(GrpcServerProtocolClient.java:99)
	at org.apache.ratis.grpc.server.GrpcService.requestVote(GrpcService.java:204)
	at org.apache.ratis.server.impl.LeaderElection.lambda$submitRequests$1(LeaderElection.java:234)
	at java.util.concurrent.FutureTask.run(FutureTask.java:266)
	at java.util.concurrent.Executors$RunnableAdapter.call(Executors.java:511)
	at java.util.concurrent.FutureTask.run(FutureTask.java:266)
	at java.util.concurrent.ThreadPoolExecutor.runWorker(ThreadPoolExecutor.java:1149)
	at java.util.concurrent.ThreadPoolExecutor$Worker.run(ThreadPoolExecutor.java:624)
	... 1 more
Caused by: org.apache.ratis.thirdparty.io.netty.channel.AbstractChannel$AnnotatedConnectException: Connection refused: /192.168.157.204:32953
	at sun.nio.ch.SocketChannelImpl.checkConnect(Native Method)
	at sun.nio.ch.SocketChannelImpl.finishConnect(SocketChannelImpl.java:717)
	at org.apache.ratis.thirdparty.io.netty.channel.socket.nio.NioSocketChannel.doFinishConnect(NioSocketChannel.java:327)
	at org.apache.ratis.thirdparty.io.netty.channel.nio.AbstractNioChannel$AbstractNioUnsafe.finishConnect(AbstractNioChannel.java:340)
	at org.apache.ratis.thirdparty.io.netty.channel.nio.NioEventLoop.processSelectedKey(NioEventLoop.java:632)
	at org.apache.ratis.thirdparty.io.netty.channel.nio.NioEventLoop.processSelectedKeysOptimized(NioEventLoop.java:579)
	at org.apache.ratis.thirdparty.io.netty.channel.nio.NioEventLoop.processSelectedKeys(NioEventLoop.java:496)
	at org.apache.ratis.thirdparty.io.netty.channel.nio.NioEventLoop.run(NioEventLoop.java:458)
	at org.apache.ratis.thirdparty.io.netty.util.concurrent.SingleThreadEventExecutor$5.run(SingleThreadEventExecutor.java:897)
	at org.apache.ratis.thirdparty.io.netty.util.concurrent.FastThreadLocalRunnable.run(FastThreadLocalRunnable.java:30)
	... 1 more
Caused by: java.net.ConnectException: Connection refused
	... 11 more
2019-10-20 13:11:23,074 [7660b851-9671-46a6-9e1d-7d946f95d492@group-42C3DBE2B33D-LeaderElection3484] INFO  impl.RaftServerImpl (RaftServerImpl.java:setRole(184)) - 7660b851-9671-46a6-9e1d-7d946f95d492@group-42C3DBE2B33D: changes role from CANDIDATE to FOLLOWER at term 205 for DISCOVERED_A_NEW_TERM
2019-10-20 13:11:23,074 [7660b851-9671-46a6-9e1d-7d946f95d492@group-42C3DBE2B33D-LeaderElection3484] INFO  impl.RoleInfo (RoleInfo.java:shutdownLeaderElection(134)) - 7660b851-9671-46a6-9e1d-7d946f95d492: shutdown LeaderElection
2019-10-20 13:11:23,074 [7660b851-9671-46a6-9e1d-7d946f95d492@group-42C3DBE2B33D-LeaderElection3484] INFO  impl.RoleInfo (RoleInfo.java:updateAndGet(143)) - 7660b851-9671-46a6-9e1d-7d946f95d492: start FollowerState
2019-10-20 13:11:23,264 [Thread-25917] INFO  impl.FollowerState (FollowerState.java:run(108)) - 7660b851-9671-46a6-9e1d-7d946f95d492@group-42C3DBE2B33D-FollowerState: change to CANDIDATE, lastRpcTime:190ms, electionTimeout:190ms
2019-10-20 13:11:23,264 [Thread-25917] INFO  impl.RoleInfo (RoleInfo.java:shutdownFollowerState(121)) - 7660b851-9671-46a6-9e1d-7d946f95d492: shutdown FollowerState
2019-10-20 13:11:23,264 [Thread-25917] INFO  impl.RaftServerImpl (RaftServerImpl.java:setRole(184)) - 7660b851-9671-46a6-9e1d-7d946f95d492@group-42C3DBE2B33D: changes role from  FOLLOWER to CANDIDATE at term 205 for changeToCandidate
2019-10-20 13:11:23,265 [Thread-25917] INFO  impl.RoleInfo (RoleInfo.java:updateAndGet(143)) - 7660b851-9671-46a6-9e1d-7d946f95d492: start LeaderElection
2019-10-20 13:11:23,279 [7660b851-9671-46a6-9e1d-7d946f95d492@group-42C3DBE2B33D-LeaderElection3485] INFO  impl.LeaderElection (LeaderElection.java:askForVotes(178)) - 7660b851-9671-46a6-9e1d-7d946f95d492@group-42C3DBE2B33D-LeaderElection3485: begin an election at term 206 for -1: [fdf19479-69c2-4639-b68c-6adde78ca28a:192.168.157.204:42858, 1ac0a8d4-e534-43ce-83b1-426d47a3040d:192.168.157.204:32953, 7660b851-9671-46a6-9e1d-7d946f95d492:192.168.157.204:41682], old=null
2019-10-20 13:11:23,280 [7660b851-9671-46a6-9e1d-7d946f95d492@group-42C3DBE2B33D-LeaderElection3485] INFO  impl.LeaderElection (LogUtils.java:infoOrTrace(149)) - 7660b851-9671-46a6-9e1d-7d946f95d492@group-42C3DBE2B33D-LeaderElection3485 got exception when requesting votes: {}
java.util.concurrent.ExecutionException: org.apache.ratis.thirdparty.io.grpc.StatusRuntimeException: UNAVAILABLE: io exception
	at java.util.concurrent.FutureTask.report(FutureTask.java:122)
	at java.util.concurrent.FutureTask.get(FutureTask.java:192)
	at org.apache.ratis.server.impl.LeaderElection.waitForResults(LeaderElection.java:259)
	at org.apache.ratis.server.impl.LeaderElection.askForVotes(LeaderElection.java:197)
	at org.apache.ratis.server.impl.LeaderElection.run(LeaderElection.java:133)
	at java.lang.Thread.run(Thread.java:748)
Caused by: org.apache.ratis.thirdparty.io.grpc.StatusRuntimeException: UNAVAILABLE: io exception
	at org.apache.ratis.thirdparty.io.grpc.stub.ClientCalls.toStatusRuntimeException(ClientCalls.java:233)
	at org.apache.ratis.thirdparty.io.grpc.stub.ClientCalls.getUnchecked(ClientCalls.java:214)
	at org.apache.ratis.thirdparty.io.grpc.stub.ClientCalls.blockingUnaryCall(ClientCalls.java:139)
	at org.apache.ratis.proto.grpc.RaftServerProtocolServiceGrpc$RaftServerProtocolServiceBlockingStub.requestVote(RaftServerProtocolServiceGrpc.java:265)
	at org.apache.ratis.grpc.server.GrpcServerProtocolClient.requestVote(GrpcServerProtocolClient.java:99)
	at org.apache.ratis.grpc.server.GrpcService.requestVote(GrpcService.java:204)
	at org.apache.ratis.server.impl.LeaderElection.lambda$submitRequests$1(LeaderElection.java:234)
	at java.util.concurrent.FutureTask.run(FutureTask.java:266)
	at java.util.concurrent.Executors$RunnableAdapter.call(Executors.java:511)
	at java.util.concurrent.FutureTask.run(FutureTask.java:266)
	at java.util.concurrent.ThreadPoolExecutor.runWorker(ThreadPoolExecutor.java:1149)
	at java.util.concurrent.ThreadPoolExecutor$Worker.run(ThreadPoolExecutor.java:624)
	... 1 more
Caused by: org.apache.ratis.thirdparty.io.netty.channel.AbstractChannel$AnnotatedConnectException: Connection refused: /192.168.157.204:42858
	at sun.nio.ch.SocketChannelImpl.checkConnect(Native Method)
	at sun.nio.ch.SocketChannelImpl.finishConnect(SocketChannelImpl.java:717)
	at org.apache.ratis.thirdparty.io.netty.channel.socket.nio.NioSocketChannel.doFinishConnect(NioSocketChannel.java:327)
	at org.apache.ratis.thirdparty.io.netty.channel.nio.AbstractNioChannel$AbstractNioUnsafe.finishConnect(AbstractNioChannel.java:340)
	at org.apache.ratis.thirdparty.io.netty.channel.nio.NioEventLoop.processSelectedKey(NioEventLoop.java:632)
	at org.apache.ratis.thirdparty.io.netty.channel.nio.NioEventLoop.processSelectedKeysOptimized(NioEventLoop.java:579)
	at org.apache.ratis.thirdparty.io.netty.channel.nio.NioEventLoop.processSelectedKeys(NioEventLoop.java:496)
	at org.apache.ratis.thirdparty.io.netty.channel.nio.NioEventLoop.run(NioEventLoop.java:458)
	at org.apache.ratis.thirdparty.io.netty.util.concurrent.SingleThreadEventExecutor$5.run(SingleThreadEventExecutor.java:897)
	at org.apache.ratis.thirdparty.io.netty.util.concurrent.FastThreadLocalRunnable.run(FastThreadLocalRunnable.java:30)
	... 1 more
Caused by: java.net.ConnectException: Connection refused
	... 11 more
2019-10-20 13:11:23,280 [7660b851-9671-46a6-9e1d-7d946f95d492@group-42C3DBE2B33D-LeaderElection3485] INFO  impl.LeaderElection (LogUtils.java:infoOrTrace(149)) - 7660b851-9671-46a6-9e1d-7d946f95d492@group-42C3DBE2B33D-LeaderElection3485 got exception when requesting votes: {}
java.util.concurrent.ExecutionException: org.apache.ratis.thirdparty.io.grpc.StatusRuntimeException: UNAVAILABLE: io exception
	at java.util.concurrent.FutureTask.report(FutureTask.java:122)
	at java.util.concurrent.FutureTask.get(FutureTask.java:192)
	at org.apache.ratis.server.impl.LeaderElection.waitForResults(LeaderElection.java:259)
	at org.apache.ratis.server.impl.LeaderElection.askForVotes(LeaderElection.java:197)
	at org.apache.ratis.server.impl.LeaderElection.run(LeaderElection.java:133)
	at java.lang.Thread.run(Thread.java:748)
Caused by: org.apache.ratis.thirdparty.io.grpc.StatusRuntimeException: UNAVAILABLE: io exception
	at org.apache.ratis.thirdparty.io.grpc.stub.ClientCalls.toStatusRuntimeException(ClientCalls.java:233)
	at org.apache.ratis.thirdparty.io.grpc.stub.ClientCalls.getUnchecked(ClientCalls.java:214)
	at org.apache.ratis.thirdparty.io.grpc.stub.ClientCalls.blockingUnaryCall(ClientCalls.java:139)
	at org.apache.ratis.proto.grpc.RaftServerProtocolServiceGrpc$RaftServerProtocolServiceBlockingStub.requestVote(RaftServerProtocolServiceGrpc.java:265)
	at org.apache.ratis.grpc.server.GrpcServerProtocolClient.requestVote(GrpcServerProtocolClient.java:99)
	at org.apache.ratis.grpc.server.GrpcService.requestVote(GrpcService.java:204)
	at org.apache.ratis.server.impl.LeaderElection.lambda$submitRequests$1(LeaderElection.java:234)
	at java.util.concurrent.FutureTask.run(FutureTask.java:266)
	at java.util.concurrent.Executors$RunnableAdapter.call(Executors.java:511)
	at java.util.concurrent.FutureTask.run(FutureTask.java:266)
	at java.util.concurrent.ThreadPoolExecutor.runWorker(ThreadPoolExecutor.java:1149)
	at java.util.concurrent.ThreadPoolExecutor$Worker.run(ThreadPoolExecutor.java:624)
	... 1 more
Caused by: org.apache.ratis.thirdparty.io.netty.channel.AbstractChannel$AnnotatedConnectException: Connection refused: /192.168.157.204:32953
	at sun.nio.ch.SocketChannelImpl.checkConnect(Native Method)
	at sun.nio.ch.SocketChannelImpl.finishConnect(SocketChannelImpl.java:717)
	at org.apache.ratis.thirdparty.io.netty.channel.socket.nio.NioSocketChannel.doFinishConnect(NioSocketChannel.java:327)
	at org.apache.ratis.thirdparty.io.netty.channel.nio.AbstractNioChannel$AbstractNioUnsafe.finishConnect(AbstractNioChannel.java:340)
	at org.apache.ratis.thirdparty.io.netty.channel.nio.NioEventLoop.processSelectedKey(NioEventLoop.java:632)
	at org.apache.ratis.thirdparty.io.netty.channel.nio.NioEventLoop.processSelectedKeysOptimized(NioEventLoop.java:579)
	at org.apache.ratis.thirdparty.io.netty.channel.nio.NioEventLoop.processSelectedKeys(NioEventLoop.java:496)
	at org.apache.ratis.thirdparty.io.netty.channel.nio.NioEventLoop.run(NioEventLoop.java:458)
	at org.apache.ratis.thirdparty.io.netty.util.concurrent.SingleThreadEventExecutor$5.run(SingleThreadEventExecutor.java:897)
	at org.apache.ratis.thirdparty.io.netty.util.concurrent.FastThreadLocalRunnable.run(FastThreadLocalRunnable.java:30)
	... 1 more
Caused by: java.net.ConnectException: Connection refused
	... 11 more
2019-10-20 13:11:23,281 [7660b851-9671-46a6-9e1d-7d946f95d492@group-42C3DBE2B33D-LeaderElection3485] INFO  impl.LeaderElection (LeaderElection.java:logAndReturn(56)) - 7660b851-9671-46a6-9e1d-7d946f95d492@group-42C3DBE2B33D-LeaderElection3485: Election REJECTED; received 0 response(s) [] and 2 exception(s); 7660b851-9671-46a6-9e1d-7d946f95d492@group-42C3DBE2B33D:t206, leader=null, voted=7660b851-9671-46a6-9e1d-7d946f95d492, raftlog=7660b851-9671-46a6-9e1d-7d946f95d492@group-42C3DBE2B33D-SegmentedRaftLog:OPENED:c-1,f-1,i0, conf=-1: [fdf19479-69c2-4639-b68c-6adde78ca28a:192.168.157.204:42858, 1ac0a8d4-e534-43ce-83b1-426d47a3040d:192.168.157.204:32953, 7660b851-9671-46a6-9e1d-7d946f95d492:192.168.157.204:41682], old=null
2019-10-20 13:11:23,281 [7660b851-9671-46a6-9e1d-7d946f95d492@group-42C3DBE2B33D-LeaderElection3485] INFO  impl.LeaderElection (LogUtils.java:infoOrTrace(149)) -   Exception 0: {}
java.util.concurrent.ExecutionException: org.apache.ratis.thirdparty.io.grpc.StatusRuntimeException: UNAVAILABLE: io exception
	at java.util.concurrent.FutureTask.report(FutureTask.java:122)
	at java.util.concurrent.FutureTask.get(FutureTask.java:192)
	at org.apache.ratis.server.impl.LeaderElection.waitForResults(LeaderElection.java:259)
	at org.apache.ratis.server.impl.LeaderElection.askForVotes(LeaderElection.java:197)
	at org.apache.ratis.server.impl.LeaderElection.run(LeaderElection.java:133)
	at java.lang.Thread.run(Thread.java:748)
Caused by: org.apache.ratis.thirdparty.io.grpc.StatusRuntimeException: UNAVAILABLE: io exception
	at org.apache.ratis.thirdparty.io.grpc.stub.ClientCalls.toStatusRuntimeException(ClientCalls.java:233)
	at org.apache.ratis.thirdparty.io.grpc.stub.ClientCalls.getUnchecked(ClientCalls.java:214)
	at org.apache.ratis.thirdparty.io.grpc.stub.ClientCalls.blockingUnaryCall(ClientCalls.java:139)
	at org.apache.ratis.proto.grpc.RaftServerProtocolServiceGrpc$RaftServerProtocolServiceBlockingStub.requestVote(RaftServerProtocolServiceGrpc.java:265)
	at org.apache.ratis.grpc.server.GrpcServerProtocolClient.requestVote(GrpcServerProtocolClient.java:99)
	at org.apache.ratis.grpc.server.GrpcService.requestVote(GrpcService.java:204)
	at org.apache.ratis.server.impl.LeaderElection.lambda$submitRequests$1(LeaderElection.java:234)
	at java.util.concurrent.FutureTask.run(FutureTask.java:266)
	at java.util.concurrent.Executors$RunnableAdapter.call(Executors.java:511)
	at java.util.concurrent.FutureTask.run(FutureTask.java:266)
	at java.util.concurrent.ThreadPoolExecutor.runWorker(ThreadPoolExecutor.java:1149)
	at java.util.concurrent.ThreadPoolExecutor$Worker.run(ThreadPoolExecutor.java:624)
	... 1 more
Caused by: org.apache.ratis.thirdparty.io.netty.channel.AbstractChannel$AnnotatedConnectException: Connection refused: /192.168.157.204:42858
	at sun.nio.ch.SocketChannelImpl.checkConnect(Native Method)
	at sun.nio.ch.SocketChannelImpl.finishConnect(SocketChannelImpl.java:717)
	at org.apache.ratis.thirdparty.io.netty.channel.socket.nio.NioSocketChannel.doFinishConnect(NioSocketChannel.java:327)
	at org.apache.ratis.thirdparty.io.netty.channel.nio.AbstractNioChannel$AbstractNioUnsafe.finishConnect(AbstractNioChannel.java:340)
	at org.apache.ratis.thirdparty.io.netty.channel.nio.NioEventLoop.processSelectedKey(NioEventLoop.java:632)
	at org.apache.ratis.thirdparty.io.netty.channel.nio.NioEventLoop.processSelectedKeysOptimized(NioEventLoop.java:579)
	at org.apache.ratis.thirdparty.io.netty.channel.nio.NioEventLoop.processSelectedKeys(NioEventLoop.java:496)
	at org.apache.ratis.thirdparty.io.netty.channel.nio.NioEventLoop.run(NioEventLoop.java:458)
	at org.apache.ratis.thirdparty.io.netty.util.concurrent.SingleThreadEventExecutor$5.run(SingleThreadEventExecutor.java:897)
	at org.apache.ratis.thirdparty.io.netty.util.concurrent.FastThreadLocalRunnable.run(FastThreadLocalRunnable.java:30)
	... 1 more
Caused by: java.net.ConnectException: Connection refused
	... 11 more
2019-10-20 13:11:23,281 [7660b851-9671-46a6-9e1d-7d946f95d492@group-42C3DBE2B33D-LeaderElection3485] INFO  impl.LeaderElection (LogUtils.java:infoOrTrace(149)) -   Exception 1: {}
java.util.concurrent.ExecutionException: org.apache.ratis.thirdparty.io.grpc.StatusRuntimeException: UNAVAILABLE: io exception
	at java.util.concurrent.FutureTask.report(FutureTask.java:122)
	at java.util.concurrent.FutureTask.get(FutureTask.java:192)
	at org.apache.ratis.server.impl.LeaderElection.waitForResults(LeaderElection.java:259)
	at org.apache.ratis.server.impl.LeaderElection.askForVotes(LeaderElection.java:197)
	at org.apache.ratis.server.impl.LeaderElection.run(LeaderElection.java:133)
	at java.lang.Thread.run(Thread.java:748)
Caused by: org.apache.ratis.thirdparty.io.grpc.StatusRuntimeException: UNAVAILABLE: io exception
	at org.apache.ratis.thirdparty.io.grpc.stub.ClientCalls.toStatusRuntimeException(ClientCalls.java:233)
	at org.apache.ratis.thirdparty.io.grpc.stub.ClientCalls.getUnchecked(ClientCalls.java:214)
	at org.apache.ratis.thirdparty.io.grpc.stub.ClientCalls.blockingUnaryCall(ClientCalls.java:139)
	at org.apache.ratis.proto.grpc.RaftServerProtocolServiceGrpc$RaftServerProtocolServiceBlockingStub.requestVote(RaftServerProtocolServiceGrpc.java:265)
	at org.apache.ratis.grpc.server.GrpcServerProtocolClient.requestVote(GrpcServerProtocolClient.java:99)
	at org.apache.ratis.grpc.server.GrpcService.requestVote(GrpcService.java:204)
	at org.apache.ratis.server.impl.LeaderElection.lambda$submitRequests$1(LeaderElection.java:234)
	at java.util.concurrent.FutureTask.run(FutureTask.java:266)
	at java.util.concurrent.Executors$RunnableAdapter.call(Executors.java:511)
	at java.util.concurrent.FutureTask.run(FutureTask.java:266)
	at java.util.concurrent.ThreadPoolExecutor.runWorker(ThreadPoolExecutor.java:1149)
	at java.util.concurrent.ThreadPoolExecutor$Worker.run(ThreadPoolExecutor.java:624)
	... 1 more
Caused by: org.apache.ratis.thirdparty.io.netty.channel.AbstractChannel$AnnotatedConnectException: Connection refused: /192.168.157.204:32953
	at sun.nio.ch.SocketChannelImpl.checkConnect(Native Method)
	at sun.nio.ch.SocketChannelImpl.finishConnect(SocketChannelImpl.java:717)
	at org.apache.ratis.thirdparty.io.netty.channel.socket.nio.NioSocketChannel.doFinishConnect(NioSocketChannel.java:327)
	at org.apache.ratis.thirdparty.io.netty.channel.nio.AbstractNioChannel$AbstractNioUnsafe.finishConnect(AbstractNioChannel.java:340)
	at org.apache.ratis.thirdparty.io.netty.channel.nio.NioEventLoop.processSelectedKey(NioEventLoop.java:632)
	at org.apache.ratis.thirdparty.io.netty.channel.nio.NioEventLoop.processSelectedKeysOptimized(NioEventLoop.java:579)
	at org.apache.ratis.thirdparty.io.netty.channel.nio.NioEventLoop.processSelectedKeys(NioEventLoop.java:496)
	at org.apache.ratis.thirdparty.io.netty.channel.nio.NioEventLoop.run(NioEventLoop.java:458)
	at org.apache.ratis.thirdparty.io.netty.util.concurrent.SingleThreadEventExecutor$5.run(SingleThreadEventExecutor.java:897)
	at org.apache.ratis.thirdparty.io.netty.util.concurrent.FastThreadLocalRunnable.run(FastThreadLocalRunnable.java:30)
	... 1 more
Caused by: java.net.ConnectException: Connection refused
	... 11 more
2019-10-20 13:11:23,281 [7660b851-9671-46a6-9e1d-7d946f95d492@group-42C3DBE2B33D-LeaderElection3485] INFO  impl.RaftServerImpl (RaftServerImpl.java:setRole(184)) - 7660b851-9671-46a6-9e1d-7d946f95d492@group-42C3DBE2B33D: changes role from CANDIDATE to FOLLOWER at term 206 for DISCOVERED_A_NEW_TERM
2019-10-20 13:11:23,282 [7660b851-9671-46a6-9e1d-7d946f95d492@group-42C3DBE2B33D-LeaderElection3485] INFO  impl.RoleInfo (RoleInfo.java:shutdownLeaderElection(134)) - 7660b851-9671-46a6-9e1d-7d946f95d492: shutdown LeaderElection
2019-10-20 13:11:23,282 [7660b851-9671-46a6-9e1d-7d946f95d492@group-42C3DBE2B33D-LeaderElection3485] INFO  impl.RoleInfo (RoleInfo.java:updateAndGet(143)) - 7660b851-9671-46a6-9e1d-7d946f95d492: start FollowerState
2019-10-20 13:11:23,291 [Thread-25923] INFO  impl.FollowerState (FollowerState.java:run(108)) - 7660b851-9671-46a6-9e1d-7d946f95d492@group-42C3DBE2B33D-FollowerState: change to CANDIDATE, lastRpcTime:9ms, electionTimeout:9ms
2019-10-20 13:11:23,291 [Thread-25923] INFO  impl.RoleInfo (RoleInfo.java:shutdownFollowerState(121)) - 7660b851-9671-46a6-9e1d-7d946f95d492: shutdown FollowerState
2019-10-20 13:11:23,291 [Thread-25923] INFO  impl.RaftServerImpl (RaftServerImpl.java:setRole(184)) - 7660b851-9671-46a6-9e1d-7d946f95d492@group-42C3DBE2B33D: changes role from  FOLLOWER to CANDIDATE at term 206 for changeToCandidate
2019-10-20 13:11:23,292 [Thread-25923] INFO  impl.RoleInfo (RoleInfo.java:updateAndGet(143)) - 7660b851-9671-46a6-9e1d-7d946f95d492: start LeaderElection
2019-10-20 13:11:23,306 [7660b851-9671-46a6-9e1d-7d946f95d492@group-42C3DBE2B33D-LeaderElection3486] INFO  impl.LeaderElection (LeaderElection.java:askForVotes(178)) - 7660b851-9671-46a6-9e1d-7d946f95d492@group-42C3DBE2B33D-LeaderElection3486: begin an election at term 207 for -1: [fdf19479-69c2-4639-b68c-6adde78ca28a:192.168.157.204:42858, 1ac0a8d4-e534-43ce-83b1-426d47a3040d:192.168.157.204:32953, 7660b851-9671-46a6-9e1d-7d946f95d492:192.168.157.204:41682], old=null
2019-10-20 13:11:23,307 [7660b851-9671-46a6-9e1d-7d946f95d492@group-42C3DBE2B33D-LeaderElection3486] INFO  impl.LeaderElection (LogUtils.java:infoOrTrace(149)) - 7660b851-9671-46a6-9e1d-7d946f95d492@group-42C3DBE2B33D-LeaderElection3486 got exception when requesting votes: {}
java.util.concurrent.ExecutionException: org.apache.ratis.thirdparty.io.grpc.StatusRuntimeException: UNAVAILABLE: io exception
	at java.util.concurrent.FutureTask.report(FutureTask.java:122)
	at java.util.concurrent.FutureTask.get(FutureTask.java:192)
	at org.apache.ratis.server.impl.LeaderElection.waitForResults(LeaderElection.java:259)
	at org.apache.ratis.server.impl.LeaderElection.askForVotes(LeaderElection.java:197)
	at org.apache.ratis.server.impl.LeaderElection.run(LeaderElection.java:133)
	at java.lang.Thread.run(Thread.java:748)
Caused by: org.apache.ratis.thirdparty.io.grpc.StatusRuntimeException: UNAVAILABLE: io exception
	at org.apache.ratis.thirdparty.io.grpc.stub.ClientCalls.toStatusRuntimeException(ClientCalls.java:233)
	at org.apache.ratis.thirdparty.io.grpc.stub.ClientCalls.getUnchecked(ClientCalls.java:214)
	at org.apache.ratis.thirdparty.io.grpc.stub.ClientCalls.blockingUnaryCall(ClientCalls.java:139)
	at org.apache.ratis.proto.grpc.RaftServerProtocolServiceGrpc$RaftServerProtocolServiceBlockingStub.requestVote(RaftServerProtocolServiceGrpc.java:265)
	at org.apache.ratis.grpc.server.GrpcServerProtocolClient.requestVote(GrpcServerProtocolClient.java:99)
	at org.apache.ratis.grpc.server.GrpcService.requestVote(GrpcService.java:204)
	at org.apache.ratis.server.impl.LeaderElection.lambda$submitRequests$1(LeaderElection.java:234)
	at java.util.concurrent.FutureTask.run(FutureTask.java:266)
	at java.util.concurrent.Executors$RunnableAdapter.call(Executors.java:511)
	at java.util.concurrent.FutureTask.run(FutureTask.java:266)
	at java.util.concurrent.ThreadPoolExecutor.runWorker(ThreadPoolExecutor.java:1149)
	at java.util.concurrent.ThreadPoolExecutor$Worker.run(ThreadPoolExecutor.java:624)
	... 1 more
Caused by: org.apache.ratis.thirdparty.io.netty.channel.AbstractChannel$AnnotatedConnectException: Connection refused: /192.168.157.204:42858
	at sun.nio.ch.SocketChannelImpl.checkConnect(Native Method)
	at sun.nio.ch.SocketChannelImpl.finishConnect(SocketChannelImpl.java:717)
	at org.apache.ratis.thirdparty.io.netty.channel.socket.nio.NioSocketChannel.doFinishConnect(NioSocketChannel.java:327)
	at org.apache.ratis.thirdparty.io.netty.channel.nio.AbstractNioChannel$AbstractNioUnsafe.finishConnect(AbstractNioChannel.java:340)
	at org.apache.ratis.thirdparty.io.netty.channel.nio.NioEventLoop.processSelectedKey(NioEventLoop.java:632)
	at org.apache.ratis.thirdparty.io.netty.channel.nio.NioEventLoop.processSelectedKeysOptimized(NioEventLoop.java:579)
	at org.apache.ratis.thirdparty.io.netty.channel.nio.NioEventLoop.processSelectedKeys(NioEventLoop.java:496)
	at org.apache.ratis.thirdparty.io.netty.channel.nio.NioEventLoop.run(NioEventLoop.java:458)
	at org.apache.ratis.thirdparty.io.netty.util.concurrent.SingleThreadEventExecutor$5.run(SingleThreadEventExecutor.java:897)
	at org.apache.ratis.thirdparty.io.netty.util.concurrent.FastThreadLocalRunnable.run(FastThreadLocalRunnable.java:30)
	... 1 more
Caused by: java.net.ConnectException: Connection refused
	... 11 more
2019-10-20 13:11:23,307 [7660b851-9671-46a6-9e1d-7d946f95d492@group-42C3DBE2B33D-LeaderElection3486] INFO  impl.LeaderElection (LogUtils.java:infoOrTrace(149)) - 7660b851-9671-46a6-9e1d-7d946f95d492@group-42C3DBE2B33D-LeaderElection3486 got exception when requesting votes: {}
java.util.concurrent.ExecutionException: org.apache.ratis.thirdparty.io.grpc.StatusRuntimeException: UNAVAILABLE: io exception
	at java.util.concurrent.FutureTask.report(FutureTask.java:122)
	at java.util.concurrent.FutureTask.get(FutureTask.java:192)
	at org.apache.ratis.server.impl.LeaderElection.waitForResults(LeaderElection.java:259)
	at org.apache.ratis.server.impl.LeaderElection.askForVotes(LeaderElection.java:197)
	at org.apache.ratis.server.impl.LeaderElection.run(LeaderElection.java:133)
	at java.lang.Thread.run(Thread.java:748)
Caused by: org.apache.ratis.thirdparty.io.grpc.StatusRuntimeException: UNAVAILABLE: io exception
	at org.apache.ratis.thirdparty.io.grpc.stub.ClientCalls.toStatusRuntimeException(ClientCalls.java:233)
	at org.apache.ratis.thirdparty.io.grpc.stub.ClientCalls.getUnchecked(ClientCalls.java:214)
	at org.apache.ratis.thirdparty.io.grpc.stub.ClientCalls.blockingUnaryCall(ClientCalls.java:139)
	at org.apache.ratis.proto.grpc.RaftServerProtocolServiceGrpc$RaftServerProtocolServiceBlockingStub.requestVote(RaftServerProtocolServiceGrpc.java:265)
	at org.apache.ratis.grpc.server.GrpcServerProtocolClient.requestVote(GrpcServerProtocolClient.java:99)
	at org.apache.ratis.grpc.server.GrpcService.requestVote(GrpcService.java:204)
	at org.apache.ratis.server.impl.LeaderElection.lambda$submitRequests$1(LeaderElection.java:234)
	at java.util.concurrent.FutureTask.run(FutureTask.java:266)
	at java.util.concurrent.Executors$RunnableAdapter.call(Executors.java:511)
	at java.util.concurrent.FutureTask.run(FutureTask.java:266)
	at java.util.concurrent.ThreadPoolExecutor.runWorker(ThreadPoolExecutor.java:1149)
	at java.util.concurrent.ThreadPoolExecutor$Worker.run(ThreadPoolExecutor.java:624)
	... 1 more
Caused by: org.apache.ratis.thirdparty.io.netty.channel.AbstractChannel$AnnotatedConnectException: Connection refused: /192.168.157.204:32953
	at sun.nio.ch.SocketChannelImpl.checkConnect(Native Method)
	at sun.nio.ch.SocketChannelImpl.finishConnect(SocketChannelImpl.java:717)
	at org.apache.ratis.thirdparty.io.netty.channel.socket.nio.NioSocketChannel.doFinishConnect(NioSocketChannel.java:327)
	at org.apache.ratis.thirdparty.io.netty.channel.nio.AbstractNioChannel$AbstractNioUnsafe.finishConnect(AbstractNioChannel.java:340)
	at org.apache.ratis.thirdparty.io.netty.channel.nio.NioEventLoop.processSelectedKey(NioEventLoop.java:632)
	at org.apache.ratis.thirdparty.io.netty.channel.nio.NioEventLoop.processSelectedKeysOptimized(NioEventLoop.java:579)
	at org.apache.ratis.thirdparty.io.netty.channel.nio.NioEventLoop.processSelectedKeys(NioEventLoop.java:496)
	at org.apache.ratis.thirdparty.io.netty.channel.nio.NioEventLoop.run(NioEventLoop.java:458)
	at org.apache.ratis.thirdparty.io.netty.util.concurrent.SingleThreadEventExecutor$5.run(SingleThreadEventExecutor.java:897)
	at org.apache.ratis.thirdparty.io.netty.util.concurrent.FastThreadLocalRunnable.run(FastThreadLocalRunnable.java:30)
	... 1 more
Caused by: java.net.ConnectException: Connection refused
	... 11 more
2019-10-20 13:11:23,308 [7660b851-9671-46a6-9e1d-7d946f95d492@group-42C3DBE2B33D-LeaderElection3486] INFO  impl.LeaderElection (LeaderElection.java:logAndReturn(56)) - 7660b851-9671-46a6-9e1d-7d946f95d492@group-42C3DBE2B33D-LeaderElection3486: Election REJECTED; received 0 response(s) [] and 2 exception(s); 7660b851-9671-46a6-9e1d-7d946f95d492@group-42C3DBE2B33D:t207, leader=null, voted=7660b851-9671-46a6-9e1d-7d946f95d492, raftlog=7660b851-9671-46a6-9e1d-7d946f95d492@group-42C3DBE2B33D-SegmentedRaftLog:OPENED:c-1,f-1,i0, conf=-1: [fdf19479-69c2-4639-b68c-6adde78ca28a:192.168.157.204:42858, 1ac0a8d4-e534-43ce-83b1-426d47a3040d:192.168.157.204:32953, 7660b851-9671-46a6-9e1d-7d946f95d492:192.168.157.204:41682], old=null
2019-10-20 13:11:23,308 [7660b851-9671-46a6-9e1d-7d946f95d492@group-42C3DBE2B33D-LeaderElection3486] INFO  impl.LeaderElection (LogUtils.java:infoOrTrace(149)) -   Exception 0: {}
java.util.concurrent.ExecutionException: org.apache.ratis.thirdparty.io.grpc.StatusRuntimeException: UNAVAILABLE: io exception
	at java.util.concurrent.FutureTask.report(FutureTask.java:122)
	at java.util.concurrent.FutureTask.get(FutureTask.java:192)
	at org.apache.ratis.server.impl.LeaderElection.waitForResults(LeaderElection.java:259)
	at org.apache.ratis.server.impl.LeaderElection.askForVotes(LeaderElection.java:197)
	at org.apache.ratis.server.impl.LeaderElection.run(LeaderElection.java:133)
	at java.lang.Thread.run(Thread.java:748)
Caused by: org.apache.ratis.thirdparty.io.grpc.StatusRuntimeException: UNAVAILABLE: io exception
	at org.apache.ratis.thirdparty.io.grpc.stub.ClientCalls.toStatusRuntimeException(ClientCalls.java:233)
	at org.apache.ratis.thirdparty.io.grpc.stub.ClientCalls.getUnchecked(ClientCalls.java:214)
	at org.apache.ratis.thirdparty.io.grpc.stub.ClientCalls.blockingUnaryCall(ClientCalls.java:139)
	at org.apache.ratis.proto.grpc.RaftServerProtocolServiceGrpc$RaftServerProtocolServiceBlockingStub.requestVote(RaftServerProtocolServiceGrpc.java:265)
	at org.apache.ratis.grpc.server.GrpcServerProtocolClient.requestVote(GrpcServerProtocolClient.java:99)
	at org.apache.ratis.grpc.server.GrpcService.requestVote(GrpcService.java:204)
	at org.apache.ratis.server.impl.LeaderElection.lambda$submitRequests$1(LeaderElection.java:234)
	at java.util.concurrent.FutureTask.run(FutureTask.java:266)
	at java.util.concurrent.Executors$RunnableAdapter.call(Executors.java:511)
	at java.util.concurrent.FutureTask.run(FutureTask.java:266)
	at java.util.concurrent.ThreadPoolExecutor.runWorker(ThreadPoolExecutor.java:1149)
	at java.util.concurrent.ThreadPoolExecutor$Worker.run(ThreadPoolExecutor.java:624)
	... 1 more
Caused by: org.apache.ratis.thirdparty.io.netty.channel.AbstractChannel$AnnotatedConnectException: Connection refused: /192.168.157.204:42858
	at sun.nio.ch.SocketChannelImpl.checkConnect(Native Method)
	at sun.nio.ch.SocketChannelImpl.finishConnect(SocketChannelImpl.java:717)
	at org.apache.ratis.thirdparty.io.netty.channel.socket.nio.NioSocketChannel.doFinishConnect(NioSocketChannel.java:327)
	at org.apache.ratis.thirdparty.io.netty.channel.nio.AbstractNioChannel$AbstractNioUnsafe.finishConnect(AbstractNioChannel.java:340)
	at org.apache.ratis.thirdparty.io.netty.channel.nio.NioEventLoop.processSelectedKey(NioEventLoop.java:632)
	at org.apache.ratis.thirdparty.io.netty.channel.nio.NioEventLoop.processSelectedKeysOptimized(NioEventLoop.java:579)
	at org.apache.ratis.thirdparty.io.netty.channel.nio.NioEventLoop.processSelectedKeys(NioEventLoop.java:496)
	at org.apache.ratis.thirdparty.io.netty.channel.nio.NioEventLoop.run(NioEventLoop.java:458)
	at org.apache.ratis.thirdparty.io.netty.util.concurrent.SingleThreadEventExecutor$5.run(SingleThreadEventExecutor.java:897)
	at org.apache.ratis.thirdparty.io.netty.util.concurrent.FastThreadLocalRunnable.run(FastThreadLocalRunnable.java:30)
	... 1 more
Caused by: java.net.ConnectException: Connection refused
	... 11 more
2019-10-20 13:11:23,308 [7660b851-9671-46a6-9e1d-7d946f95d492@group-42C3DBE2B33D-LeaderElection3486] INFO  impl.LeaderElection (LogUtils.java:infoOrTrace(149)) -   Exception 1: {}
java.util.concurrent.ExecutionException: org.apache.ratis.thirdparty.io.grpc.StatusRuntimeException: UNAVAILABLE: io exception
	at java.util.concurrent.FutureTask.report(FutureTask.java:122)
	at java.util.concurrent.FutureTask.get(FutureTask.java:192)
	at org.apache.ratis.server.impl.LeaderElection.waitForResults(LeaderElection.java:259)
	at org.apache.ratis.server.impl.LeaderElection.askForVotes(LeaderElection.java:197)
	at org.apache.ratis.server.impl.LeaderElection.run(LeaderElection.java:133)
	at java.lang.Thread.run(Thread.java:748)
Caused by: org.apache.ratis.thirdparty.io.grpc.StatusRuntimeException: UNAVAILABLE: io exception
	at org.apache.ratis.thirdparty.io.grpc.stub.ClientCalls.toStatusRuntimeException(ClientCalls.java:233)
	at org.apache.ratis.thirdparty.io.grpc.stub.ClientCalls.getUnchecked(ClientCalls.java:214)
	at org.apache.ratis.thirdparty.io.grpc.stub.ClientCalls.blockingUnaryCall(ClientCalls.java:139)
	at org.apache.ratis.proto.grpc.RaftServerProtocolServiceGrpc$RaftServerProtocolServiceBlockingStub.requestVote(RaftServerProtocolServiceGrpc.java:265)
	at org.apache.ratis.grpc.server.GrpcServerProtocolClient.requestVote(GrpcServerProtocolClient.java:99)
	at org.apache.ratis.grpc.server.GrpcService.requestVote(GrpcService.java:204)
	at org.apache.ratis.server.impl.LeaderElection.lambda$submitRequests$1(LeaderElection.java:234)
	at java.util.concurrent.FutureTask.run(FutureTask.java:266)
	at java.util.concurrent.Executors$RunnableAdapter.call(Executors.java:511)
	at java.util.concurrent.FutureTask.run(FutureTask.java:266)
	at java.util.concurrent.ThreadPoolExecutor.runWorker(ThreadPoolExecutor.java:1149)
	at java.util.concurrent.ThreadPoolExecutor$Worker.run(ThreadPoolExecutor.java:624)
	... 1 more
Caused by: org.apache.ratis.thirdparty.io.netty.channel.AbstractChannel$AnnotatedConnectException: Connection refused: /192.168.157.204:32953
	at sun.nio.ch.SocketChannelImpl.checkConnect(Native Method)
	at sun.nio.ch.SocketChannelImpl.finishConnect(SocketChannelImpl.java:717)
	at org.apache.ratis.thirdparty.io.netty.channel.socket.nio.NioSocketChannel.doFinishConnect(NioSocketChannel.java:327)
	at org.apache.ratis.thirdparty.io.netty.channel.nio.AbstractNioChannel$AbstractNioUnsafe.finishConnect(AbstractNioChannel.java:340)
	at org.apache.ratis.thirdparty.io.netty.channel.nio.NioEventLoop.processSelectedKey(NioEventLoop.java:632)
	at org.apache.ratis.thirdparty.io.netty.channel.nio.NioEventLoop.processSelectedKeysOptimized(NioEventLoop.java:579)
	at org.apache.ratis.thirdparty.io.netty.channel.nio.NioEventLoop.processSelectedKeys(NioEventLoop.java:496)
	at org.apache.ratis.thirdparty.io.netty.channel.nio.NioEventLoop.run(NioEventLoop.java:458)
	at org.apache.ratis.thirdparty.io.netty.util.concurrent.SingleThreadEventExecutor$5.run(SingleThreadEventExecutor.java:897)
	at org.apache.ratis.thirdparty.io.netty.util.concurrent.FastThreadLocalRunnable.run(FastThreadLocalRunnable.java:30)
	... 1 more
Caused by: java.net.ConnectException: Connection refused
	... 11 more
2019-10-20 13:11:23,308 [7660b851-9671-46a6-9e1d-7d946f95d492@group-42C3DBE2B33D-LeaderElection3486] INFO  impl.RaftServerImpl (RaftServerImpl.java:setRole(184)) - 7660b851-9671-46a6-9e1d-7d946f95d492@group-42C3DBE2B33D: changes role from CANDIDATE to FOLLOWER at term 207 for DISCOVERED_A_NEW_TERM
2019-10-20 13:11:23,308 [7660b851-9671-46a6-9e1d-7d946f95d492@group-42C3DBE2B33D-LeaderElection3486] INFO  impl.RoleInfo (RoleInfo.java:shutdownLeaderElection(134)) - 7660b851-9671-46a6-9e1d-7d946f95d492: shutdown LeaderElection
2019-10-20 13:11:23,309 [7660b851-9671-46a6-9e1d-7d946f95d492@group-42C3DBE2B33D-LeaderElection3486] INFO  impl.RoleInfo (RoleInfo.java:updateAndGet(143)) - 7660b851-9671-46a6-9e1d-7d946f95d492: start FollowerState
2019-10-20 13:11:23,330 [Thread-25928] INFO  impl.FollowerState (FollowerState.java:run(108)) - 7660b851-9671-46a6-9e1d-7d946f95d492@group-42C3DBE2B33D-FollowerState: change to CANDIDATE, lastRpcTime:21ms, electionTimeout:16ms
2019-10-20 13:11:23,330 [Thread-25928] INFO  impl.RoleInfo (RoleInfo.java:shutdownFollowerState(121)) - 7660b851-9671-46a6-9e1d-7d946f95d492: shutdown FollowerState
2019-10-20 13:11:23,330 [Thread-25928] INFO  impl.RaftServerImpl (RaftServerImpl.java:setRole(184)) - 7660b851-9671-46a6-9e1d-7d946f95d492@group-42C3DBE2B33D: changes role from  FOLLOWER to CANDIDATE at term 207 for changeToCandidate
2019-10-20 13:11:23,330 [Thread-25928] INFO  impl.RoleInfo (RoleInfo.java:updateAndGet(143)) - 7660b851-9671-46a6-9e1d-7d946f95d492: start LeaderElection
2019-10-20 13:11:23,343 [7660b851-9671-46a6-9e1d-7d946f95d492@group-42C3DBE2B33D-LeaderElection3487] INFO  impl.LeaderElection (LeaderElection.java:askForVotes(178)) - 7660b851-9671-46a6-9e1d-7d946f95d492@group-42C3DBE2B33D-LeaderElection3487: begin an election at term 208 for -1: [fdf19479-69c2-4639-b68c-6adde78ca28a:192.168.157.204:42858, 1ac0a8d4-e534-43ce-83b1-426d47a3040d:192.168.157.204:32953, 7660b851-9671-46a6-9e1d-7d946f95d492:192.168.157.204:41682], old=null
2019-10-20 13:11:23,344 [7660b851-9671-46a6-9e1d-7d946f95d492@group-42C3DBE2B33D-LeaderElection3487] INFO  impl.LeaderElection (LogUtils.java:infoOrTrace(149)) - 7660b851-9671-46a6-9e1d-7d946f95d492@group-42C3DBE2B33D-LeaderElection3487 got exception when requesting votes: {}
java.util.concurrent.ExecutionException: org.apache.ratis.thirdparty.io.grpc.StatusRuntimeException: UNAVAILABLE: io exception
	at java.util.concurrent.FutureTask.report(FutureTask.java:122)
	at java.util.concurrent.FutureTask.get(FutureTask.java:192)
	at org.apache.ratis.server.impl.LeaderElection.waitForResults(LeaderElection.java:259)
	at org.apache.ratis.server.impl.LeaderElection.askForVotes(LeaderElection.java:197)
	at org.apache.ratis.server.impl.LeaderElection.run(LeaderElection.java:133)
	at java.lang.Thread.run(Thread.java:748)
Caused by: org.apache.ratis.thirdparty.io.grpc.StatusRuntimeException: UNAVAILABLE: io exception
	at org.apache.ratis.thirdparty.io.grpc.stub.ClientCalls.toStatusRuntimeException(ClientCalls.java:233)
	at org.apache.ratis.thirdparty.io.grpc.stub.ClientCalls.getUnchecked(ClientCalls.java:214)
	at org.apache.ratis.thirdparty.io.grpc.stub.ClientCalls.blockingUnaryCall(ClientCalls.java:139)
	at org.apache.ratis.proto.grpc.RaftServerProtocolServiceGrpc$RaftServerProtocolServiceBlockingStub.requestVote(RaftServerProtocolServiceGrpc.java:265)
	at org.apache.ratis.grpc.server.GrpcServerProtocolClient.requestVote(GrpcServerProtocolClient.java:99)
	at org.apache.ratis.grpc.server.GrpcService.requestVote(GrpcService.java:204)
	at org.apache.ratis.server.impl.LeaderElection.lambda$submitRequests$1(LeaderElection.java:234)
	at java.util.concurrent.FutureTask.run(FutureTask.java:266)
	at java.util.concurrent.Executors$RunnableAdapter.call(Executors.java:511)
	at java.util.concurrent.FutureTask.run(FutureTask.java:266)
	at java.util.concurrent.ThreadPoolExecutor.runWorker(ThreadPoolExecutor.java:1149)
	at java.util.concurrent.ThreadPoolExecutor$Worker.run(ThreadPoolExecutor.java:624)
	... 1 more
Caused by: org.apache.ratis.thirdparty.io.netty.channel.AbstractChannel$AnnotatedConnectException: Connection refused: /192.168.157.204:42858
	at sun.nio.ch.SocketChannelImpl.checkConnect(Native Method)
	at sun.nio.ch.SocketChannelImpl.finishConnect(SocketChannelImpl.java:717)
	at org.apache.ratis.thirdparty.io.netty.channel.socket.nio.NioSocketChannel.doFinishConnect(NioSocketChannel.java:327)
	at org.apache.ratis.thirdparty.io.netty.channel.nio.AbstractNioChannel$AbstractNioUnsafe.finishConnect(AbstractNioChannel.java:340)
	at org.apache.ratis.thirdparty.io.netty.channel.nio.NioEventLoop.processSelectedKey(NioEventLoop.java:632)
	at org.apache.ratis.thirdparty.io.netty.channel.nio.NioEventLoop.processSelectedKeysOptimized(NioEventLoop.java:579)
	at org.apache.ratis.thirdparty.io.netty.channel.nio.NioEventLoop.processSelectedKeys(NioEventLoop.java:496)
	at org.apache.ratis.thirdparty.io.netty.channel.nio.NioEventLoop.run(NioEventLoop.java:458)
	at org.apache.ratis.thirdparty.io.netty.util.concurrent.SingleThreadEventExecutor$5.run(SingleThreadEventExecutor.java:897)
	at org.apache.ratis.thirdparty.io.netty.util.concurrent.FastThreadLocalRunnable.run(FastThreadLocalRunnable.java:30)
	... 1 more
Caused by: java.net.ConnectException: Connection refused
	... 11 more
2019-10-20 13:11:23,344 [7660b851-9671-46a6-9e1d-7d946f95d492@group-42C3DBE2B33D-LeaderElection3487] INFO  impl.LeaderElection (LogUtils.java:infoOrTrace(149)) - 7660b851-9671-46a6-9e1d-7d946f95d492@group-42C3DBE2B33D-LeaderElection3487 got exception when requesting votes: {}
java.util.concurrent.ExecutionException: org.apache.ratis.thirdparty.io.grpc.StatusRuntimeException: UNAVAILABLE: io exception
	at java.util.concurrent.FutureTask.report(FutureTask.java:122)
	at java.util.concurrent.FutureTask.get(FutureTask.java:192)
	at org.apache.ratis.server.impl.LeaderElection.waitForResults(LeaderElection.java:259)
	at org.apache.ratis.server.impl.LeaderElection.askForVotes(LeaderElection.java:197)
	at org.apache.ratis.server.impl.LeaderElection.run(LeaderElection.java:133)
	at java.lang.Thread.run(Thread.java:748)
Caused by: org.apache.ratis.thirdparty.io.grpc.StatusRuntimeException: UNAVAILABLE: io exception
	at org.apache.ratis.thirdparty.io.grpc.stub.ClientCalls.toStatusRuntimeException(ClientCalls.java:233)
	at org.apache.ratis.thirdparty.io.grpc.stub.ClientCalls.getUnchecked(ClientCalls.java:214)
	at org.apache.ratis.thirdparty.io.grpc.stub.ClientCalls.blockingUnaryCall(ClientCalls.java:139)
	at org.apache.ratis.proto.grpc.RaftServerProtocolServiceGrpc$RaftServerProtocolServiceBlockingStub.requestVote(RaftServerProtocolServiceGrpc.java:265)
	at org.apache.ratis.grpc.server.GrpcServerProtocolClient.requestVote(GrpcServerProtocolClient.java:99)
	at org.apache.ratis.grpc.server.GrpcService.requestVote(GrpcService.java:204)
	at org.apache.ratis.server.impl.LeaderElection.lambda$submitRequests$1(LeaderElection.java:234)
	at java.util.concurrent.FutureTask.run(FutureTask.java:266)
	at java.util.concurrent.Executors$RunnableAdapter.call(Executors.java:511)
	at java.util.concurrent.FutureTask.run(FutureTask.java:266)
	at java.util.concurrent.ThreadPoolExecutor.runWorker(ThreadPoolExecutor.java:1149)
	at java.util.concurrent.ThreadPoolExecutor$Worker.run(ThreadPoolExecutor.java:624)
	... 1 more
Caused by: org.apache.ratis.thirdparty.io.netty.channel.AbstractChannel$AnnotatedConnectException: Connection refused: /192.168.157.204:32953
	at sun.nio.ch.SocketChannelImpl.checkConnect(Native Method)
	at sun.nio.ch.SocketChannelImpl.finishConnect(SocketChannelImpl.java:717)
	at org.apache.ratis.thirdparty.io.netty.channel.socket.nio.NioSocketChannel.doFinishConnect(NioSocketChannel.java:327)
	at org.apache.ratis.thirdparty.io.netty.channel.nio.AbstractNioChannel$AbstractNioUnsafe.finishConnect(AbstractNioChannel.java:340)
	at org.apache.ratis.thirdparty.io.netty.channel.nio.NioEventLoop.processSelectedKey(NioEventLoop.java:632)
	at org.apache.ratis.thirdparty.io.netty.channel.nio.NioEventLoop.processSelectedKeysOptimized(NioEventLoop.java:579)
	at org.apache.ratis.thirdparty.io.netty.channel.nio.NioEventLoop.processSelectedKeys(NioEventLoop.java:496)
	at org.apache.ratis.thirdparty.io.netty.channel.nio.NioEventLoop.run(NioEventLoop.java:458)
	at org.apache.ratis.thirdparty.io.netty.util.concurrent.SingleThreadEventExecutor$5.run(SingleThreadEventExecutor.java:897)
	at org.apache.ratis.thirdparty.io.netty.util.concurrent.FastThreadLocalRunnable.run(FastThreadLocalRunnable.java:30)
	... 1 more
Caused by: java.net.ConnectException: Connection refused
	... 11 more
2019-10-20 13:11:23,344 [7660b851-9671-46a6-9e1d-7d946f95d492@group-42C3DBE2B33D-LeaderElection3487] INFO  impl.LeaderElection (LeaderElection.java:logAndReturn(56)) - 7660b851-9671-46a6-9e1d-7d946f95d492@group-42C3DBE2B33D-LeaderElection3487: Election REJECTED; received 0 response(s) [] and 2 exception(s); 7660b851-9671-46a6-9e1d-7d946f95d492@group-42C3DBE2B33D:t208, leader=null, voted=7660b851-9671-46a6-9e1d-7d946f95d492, raftlog=7660b851-9671-46a6-9e1d-7d946f95d492@group-42C3DBE2B33D-SegmentedRaftLog:OPENED:c-1,f-1,i0, conf=-1: [fdf19479-69c2-4639-b68c-6adde78ca28a:192.168.157.204:42858, 1ac0a8d4-e534-43ce-83b1-426d47a3040d:192.168.157.204:32953, 7660b851-9671-46a6-9e1d-7d946f95d492:192.168.157.204:41682], old=null
2019-10-20 13:11:23,345 [7660b851-9671-46a6-9e1d-7d946f95d492@group-42C3DBE2B33D-LeaderElection3487] INFO  impl.LeaderElection (LogUtils.java:infoOrTrace(149)) -   Exception 0: {}
java.util.concurrent.ExecutionException: org.apache.ratis.thirdparty.io.grpc.StatusRuntimeException: UNAVAILABLE: io exception
	at java.util.concurrent.FutureTask.report(FutureTask.java:122)
	at java.util.concurrent.FutureTask.get(FutureTask.java:192)
	at org.apache.ratis.server.impl.LeaderElection.waitForResults(LeaderElection.java:259)
	at org.apache.ratis.server.impl.LeaderElection.askForVotes(LeaderElection.java:197)
	at org.apache.ratis.server.impl.LeaderElection.run(LeaderElection.java:133)
	at java.lang.Thread.run(Thread.java:748)
Caused by: org.apache.ratis.thirdparty.io.grpc.StatusRuntimeException: UNAVAILABLE: io exception
	at org.apache.ratis.thirdparty.io.grpc.stub.ClientCalls.toStatusRuntimeException(ClientCalls.java:233)
	at org.apache.ratis.thirdparty.io.grpc.stub.ClientCalls.getUnchecked(ClientCalls.java:214)
	at org.apache.ratis.thirdparty.io.grpc.stub.ClientCalls.blockingUnaryCall(ClientCalls.java:139)
	at org.apache.ratis.proto.grpc.RaftServerProtocolServiceGrpc$RaftServerProtocolServiceBlockingStub.requestVote(RaftServerProtocolServiceGrpc.java:265)
	at org.apache.ratis.grpc.server.GrpcServerProtocolClient.requestVote(GrpcServerProtocolClient.java:99)
	at org.apache.ratis.grpc.server.GrpcService.requestVote(GrpcService.java:204)
	at org.apache.ratis.server.impl.LeaderElection.lambda$submitRequests$1(LeaderElection.java:234)
	at java.util.concurrent.FutureTask.run(FutureTask.java:266)
	at java.util.concurrent.Executors$RunnableAdapter.call(Executors.java:511)
	at java.util.concurrent.FutureTask.run(FutureTask.java:266)
	at java.util.concurrent.ThreadPoolExecutor.runWorker(ThreadPoolExecutor.java:1149)
	at java.util.concurrent.ThreadPoolExecutor$Worker.run(ThreadPoolExecutor.java:624)
	... 1 more
Caused by: org.apache.ratis.thirdparty.io.netty.channel.AbstractChannel$AnnotatedConnectException: Connection refused: /192.168.157.204:42858
	at sun.nio.ch.SocketChannelImpl.checkConnect(Native Method)
	at sun.nio.ch.SocketChannelImpl.finishConnect(SocketChannelImpl.java:717)
	at org.apache.ratis.thirdparty.io.netty.channel.socket.nio.NioSocketChannel.doFinishConnect(NioSocketChannel.java:327)
	at org.apache.ratis.thirdparty.io.netty.channel.nio.AbstractNioChannel$AbstractNioUnsafe.finishConnect(AbstractNioChannel.java:340)
	at org.apache.ratis.thirdparty.io.netty.channel.nio.NioEventLoop.processSelectedKey(NioEventLoop.java:632)
	at org.apache.ratis.thirdparty.io.netty.channel.nio.NioEventLoop.processSelectedKeysOptimized(NioEventLoop.java:579)
	at org.apache.ratis.thirdparty.io.netty.channel.nio.NioEventLoop.processSelectedKeys(NioEventLoop.java:496)
	at org.apache.ratis.thirdparty.io.netty.channel.nio.NioEventLoop.run(NioEventLoop.java:458)
	at org.apache.ratis.thirdparty.io.netty.util.concurrent.SingleThreadEventExecutor$5.run(SingleThreadEventExecutor.java:897)
	at org.apache.ratis.thirdparty.io.netty.util.concurrent.FastThreadLocalRunnable.run(FastThreadLocalRunnable.java:30)
	... 1 more
Caused by: java.net.ConnectException: Connection refused
	... 11 more
2019-10-20 13:11:23,345 [7660b851-9671-46a6-9e1d-7d946f95d492@group-42C3DBE2B33D-LeaderElection3487] INFO  impl.LeaderElection (LogUtils.java:infoOrTrace(149)) -   Exception 1: {}
java.util.concurrent.ExecutionException: org.apache.ratis.thirdparty.io.grpc.StatusRuntimeException: UNAVAILABLE: io exception
	at java.util.concurrent.FutureTask.report(FutureTask.java:122)
	at java.util.concurrent.FutureTask.get(FutureTask.java:192)
	at org.apache.ratis.server.impl.LeaderElection.waitForResults(LeaderElection.java:259)
	at org.apache.ratis.server.impl.LeaderElection.askForVotes(LeaderElection.java:197)
	at org.apache.ratis.server.impl.LeaderElection.run(LeaderElection.java:133)
	at java.lang.Thread.run(Thread.java:748)
Caused by: org.apache.ratis.thirdparty.io.grpc.StatusRuntimeException: UNAVAILABLE: io exception
	at org.apache.ratis.thirdparty.io.grpc.stub.ClientCalls.toStatusRuntimeException(ClientCalls.java:233)
	at org.apache.ratis.thirdparty.io.grpc.stub.ClientCalls.getUnchecked(ClientCalls.java:214)
	at org.apache.ratis.thirdparty.io.grpc.stub.ClientCalls.blockingUnaryCall(ClientCalls.java:139)
	at org.apache.ratis.proto.grpc.RaftServerProtocolServiceGrpc$RaftServerProtocolServiceBlockingStub.requestVote(RaftServerProtocolServiceGrpc.java:265)
	at org.apache.ratis.grpc.server.GrpcServerProtocolClient.requestVote(GrpcServerProtocolClient.java:99)
	at org.apache.ratis.grpc.server.GrpcService.requestVote(GrpcService.java:204)
	at org.apache.ratis.server.impl.LeaderElection.lambda$submitRequests$1(LeaderElection.java:234)
	at java.util.concurrent.FutureTask.run(FutureTask.java:266)
	at java.util.concurrent.Executors$RunnableAdapter.call(Executors.java:511)
	at java.util.concurrent.FutureTask.run(FutureTask.java:266)
	at java.util.concurrent.ThreadPoolExecutor.runWorker(ThreadPoolExecutor.java:1149)
	at java.util.concurrent.ThreadPoolExecutor$Worker.run(ThreadPoolExecutor.java:624)
	... 1 more
Caused by: org.apache.ratis.thirdparty.io.netty.channel.AbstractChannel$AnnotatedConnectException: Connection refused: /192.168.157.204:32953
	at sun.nio.ch.SocketChannelImpl.checkConnect(Native Method)
	at sun.nio.ch.SocketChannelImpl.finishConnect(SocketChannelImpl.java:717)
	at org.apache.ratis.thirdparty.io.netty.channel.socket.nio.NioSocketChannel.doFinishConnect(NioSocketChannel.java:327)
	at org.apache.ratis.thirdparty.io.netty.channel.nio.AbstractNioChannel$AbstractNioUnsafe.finishConnect(AbstractNioChannel.java:340)
	at org.apache.ratis.thirdparty.io.netty.channel.nio.NioEventLoop.processSelectedKey(NioEventLoop.java:632)
	at org.apache.ratis.thirdparty.io.netty.channel.nio.NioEventLoop.processSelectedKeysOptimized(NioEventLoop.java:579)
	at org.apache.ratis.thirdparty.io.netty.channel.nio.NioEventLoop.processSelectedKeys(NioEventLoop.java:496)
	at org.apache.ratis.thirdparty.io.netty.channel.nio.NioEventLoop.run(NioEventLoop.java:458)
	at org.apache.ratis.thirdparty.io.netty.util.concurrent.SingleThreadEventExecutor$5.run(SingleThreadEventExecutor.java:897)
	at org.apache.ratis.thirdparty.io.netty.util.concurrent.FastThreadLocalRunnable.run(FastThreadLocalRunnable.java:30)
	... 1 more
Caused by: java.net.ConnectException: Connection refused
	... 11 more
2019-10-20 13:11:23,345 [7660b851-9671-46a6-9e1d-7d946f95d492@group-42C3DBE2B33D-LeaderElection3487] INFO  impl.RaftServerImpl (RaftServerImpl.java:setRole(184)) - 7660b851-9671-46a6-9e1d-7d946f95d492@group-42C3DBE2B33D: changes role from CANDIDATE to FOLLOWER at term 208 for DISCOVERED_A_NEW_TERM
2019-10-20 13:11:23,345 [7660b851-9671-46a6-9e1d-7d946f95d492@group-42C3DBE2B33D-LeaderElection3487] INFO  impl.RoleInfo (RoleInfo.java:shutdownLeaderElection(134)) - 7660b851-9671-46a6-9e1d-7d946f95d492: shutdown LeaderElection
2019-10-20 13:11:23,345 [7660b851-9671-46a6-9e1d-7d946f95d492@group-42C3DBE2B33D-LeaderElection3487] INFO  impl.RoleInfo (RoleInfo.java:updateAndGet(143)) - 7660b851-9671-46a6-9e1d-7d946f95d492: start FollowerState
2019-10-20 13:11:23,528 [Thread-25932] INFO  impl.FollowerState (FollowerState.java:run(108)) - 7660b851-9671-46a6-9e1d-7d946f95d492@group-42C3DBE2B33D-FollowerState: change to CANDIDATE, lastRpcTime:182ms, electionTimeout:182ms
2019-10-20 13:11:23,528 [Thread-25932] INFO  impl.RoleInfo (RoleInfo.java:shutdownFollowerState(121)) - 7660b851-9671-46a6-9e1d-7d946f95d492: shutdown FollowerState
2019-10-20 13:11:23,528 [Thread-25932] INFO  impl.RaftServerImpl (RaftServerImpl.java:setRole(184)) - 7660b851-9671-46a6-9e1d-7d946f95d492@group-42C3DBE2B33D: changes role from  FOLLOWER to CANDIDATE at term 208 for changeToCandidate
2019-10-20 13:11:23,528 [Thread-25932] INFO  impl.RoleInfo (RoleInfo.java:updateAndGet(143)) - 7660b851-9671-46a6-9e1d-7d946f95d492: start LeaderElection
2019-10-20 13:11:23,542 [7660b851-9671-46a6-9e1d-7d946f95d492@group-42C3DBE2B33D-LeaderElection3488] INFO  impl.LeaderElection (LeaderElection.java:askForVotes(178)) - 7660b851-9671-46a6-9e1d-7d946f95d492@group-42C3DBE2B33D-LeaderElection3488: begin an election at term 209 for -1: [fdf19479-69c2-4639-b68c-6adde78ca28a:192.168.157.204:42858, 1ac0a8d4-e534-43ce-83b1-426d47a3040d:192.168.157.204:32953, 7660b851-9671-46a6-9e1d-7d946f95d492:192.168.157.204:41682], old=null
2019-10-20 13:11:23,543 [7660b851-9671-46a6-9e1d-7d946f95d492@group-42C3DBE2B33D-LeaderElection3488] INFO  impl.LeaderElection (LogUtils.java:infoOrTrace(149)) - 7660b851-9671-46a6-9e1d-7d946f95d492@group-42C3DBE2B33D-LeaderElection3488 got exception when requesting votes: {}
java.util.concurrent.ExecutionException: org.apache.ratis.thirdparty.io.grpc.StatusRuntimeException: UNAVAILABLE: io exception
	at java.util.concurrent.FutureTask.report(FutureTask.java:122)
	at java.util.concurrent.FutureTask.get(FutureTask.java:192)
	at org.apache.ratis.server.impl.LeaderElection.waitForResults(LeaderElection.java:259)
	at org.apache.ratis.server.impl.LeaderElection.askForVotes(LeaderElection.java:197)
	at org.apache.ratis.server.impl.LeaderElection.run(LeaderElection.java:133)
	at java.lang.Thread.run(Thread.java:748)
Caused by: org.apache.ratis.thirdparty.io.grpc.StatusRuntimeException: UNAVAILABLE: io exception
	at org.apache.ratis.thirdparty.io.grpc.stub.ClientCalls.toStatusRuntimeException(ClientCalls.java:233)
	at org.apache.ratis.thirdparty.io.grpc.stub.ClientCalls.getUnchecked(ClientCalls.java:214)
	at org.apache.ratis.thirdparty.io.grpc.stub.ClientCalls.blockingUnaryCall(ClientCalls.java:139)
	at org.apache.ratis.proto.grpc.RaftServerProtocolServiceGrpc$RaftServerProtocolServiceBlockingStub.requestVote(RaftServerProtocolServiceGrpc.java:265)
	at org.apache.ratis.grpc.server.GrpcServerProtocolClient.requestVote(GrpcServerProtocolClient.java:99)
	at org.apache.ratis.grpc.server.GrpcService.requestVote(GrpcService.java:204)
	at org.apache.ratis.server.impl.LeaderElection.lambda$submitRequests$1(LeaderElection.java:234)
	at java.util.concurrent.FutureTask.run(FutureTask.java:266)
	at java.util.concurrent.Executors$RunnableAdapter.call(Executors.java:511)
	at java.util.concurrent.FutureTask.run(FutureTask.java:266)
	at java.util.concurrent.ThreadPoolExecutor.runWorker(ThreadPoolExecutor.java:1149)
	at java.util.concurrent.ThreadPoolExecutor$Worker.run(ThreadPoolExecutor.java:624)
	... 1 more
Caused by: org.apache.ratis.thirdparty.io.netty.channel.AbstractChannel$AnnotatedConnectException: Connection refused: /192.168.157.204:42858
	at sun.nio.ch.SocketChannelImpl.checkConnect(Native Method)
	at sun.nio.ch.SocketChannelImpl.finishConnect(SocketChannelImpl.java:717)
	at org.apache.ratis.thirdparty.io.netty.channel.socket.nio.NioSocketChannel.doFinishConnect(NioSocketChannel.java:327)
	at org.apache.ratis.thirdparty.io.netty.channel.nio.AbstractNioChannel$AbstractNioUnsafe.finishConnect(AbstractNioChannel.java:340)
	at org.apache.ratis.thirdparty.io.netty.channel.nio.NioEventLoop.processSelectedKey(NioEventLoop.java:632)
	at org.apache.ratis.thirdparty.io.netty.channel.nio.NioEventLoop.processSelectedKeysOptimized(NioEventLoop.java:579)
	at org.apache.ratis.thirdparty.io.netty.channel.nio.NioEventLoop.processSelectedKeys(NioEventLoop.java:496)
	at org.apache.ratis.thirdparty.io.netty.channel.nio.NioEventLoop.run(NioEventLoop.java:458)
	at org.apache.ratis.thirdparty.io.netty.util.concurrent.SingleThreadEventExecutor$5.run(SingleThreadEventExecutor.java:897)
	at org.apache.ratis.thirdparty.io.netty.util.concurrent.FastThreadLocalRunnable.run(FastThreadLocalRunnable.java:30)
	... 1 more
Caused by: java.net.ConnectException: Connection refused
	... 11 more
2019-10-20 13:11:23,543 [7660b851-9671-46a6-9e1d-7d946f95d492@group-42C3DBE2B33D-LeaderElection3488] INFO  impl.LeaderElection (LogUtils.java:infoOrTrace(149)) - 7660b851-9671-46a6-9e1d-7d946f95d492@group-42C3DBE2B33D-LeaderElection3488 got exception when requesting votes: {}
java.util.concurrent.ExecutionException: org.apache.ratis.thirdparty.io.grpc.StatusRuntimeException: UNAVAILABLE: io exception
	at java.util.concurrent.FutureTask.report(FutureTask.java:122)
	at java.util.concurrent.FutureTask.get(FutureTask.java:192)
	at org.apache.ratis.server.impl.LeaderElection.waitForResults(LeaderElection.java:259)
	at org.apache.ratis.server.impl.LeaderElection.askForVotes(LeaderElection.java:197)
	at org.apache.ratis.server.impl.LeaderElection.run(LeaderElection.java:133)
	at java.lang.Thread.run(Thread.java:748)
Caused by: org.apache.ratis.thirdparty.io.grpc.StatusRuntimeException: UNAVAILABLE: io exception
	at org.apache.ratis.thirdparty.io.grpc.stub.ClientCalls.toStatusRuntimeException(ClientCalls.java:233)
	at org.apache.ratis.thirdparty.io.grpc.stub.ClientCalls.getUnchecked(ClientCalls.java:214)
	at org.apache.ratis.thirdparty.io.grpc.stub.ClientCalls.blockingUnaryCall(ClientCalls.java:139)
	at org.apache.ratis.proto.grpc.RaftServerProtocolServiceGrpc$RaftServerProtocolServiceBlockingStub.requestVote(RaftServerProtocolServiceGrpc.java:265)
	at org.apache.ratis.grpc.server.GrpcServerProtocolClient.requestVote(GrpcServerProtocolClient.java:99)
	at org.apache.ratis.grpc.server.GrpcService.requestVote(GrpcService.java:204)
	at org.apache.ratis.server.impl.LeaderElection.lambda$submitRequests$1(LeaderElection.java:234)
	at java.util.concurrent.FutureTask.run(FutureTask.java:266)
	at java.util.concurrent.Executors$RunnableAdapter.call(Executors.java:511)
	at java.util.concurrent.FutureTask.run(FutureTask.java:266)
	at java.util.concurrent.ThreadPoolExecutor.runWorker(ThreadPoolExecutor.java:1149)
	at java.util.concurrent.ThreadPoolExecutor$Worker.run(ThreadPoolExecutor.java:624)
	... 1 more
Caused by: org.apache.ratis.thirdparty.io.netty.channel.AbstractChannel$AnnotatedConnectException: Connection refused: /192.168.157.204:32953
	at sun.nio.ch.SocketChannelImpl.checkConnect(Native Method)
	at sun.nio.ch.SocketChannelImpl.finishConnect(SocketChannelImpl.java:717)
	at org.apache.ratis.thirdparty.io.netty.channel.socket.nio.NioSocketChannel.doFinishConnect(NioSocketChannel.java:327)
	at org.apache.ratis.thirdparty.io.netty.channel.nio.AbstractNioChannel$AbstractNioUnsafe.finishConnect(AbstractNioChannel.java:340)
	at org.apache.ratis.thirdparty.io.netty.channel.nio.NioEventLoop.processSelectedKey(NioEventLoop.java:632)
	at org.apache.ratis.thirdparty.io.netty.channel.nio.NioEventLoop.processSelectedKeysOptimized(NioEventLoop.java:579)
	at org.apache.ratis.thirdparty.io.netty.channel.nio.NioEventLoop.processSelectedKeys(NioEventLoop.java:496)
	at org.apache.ratis.thirdparty.io.netty.channel.nio.NioEventLoop.run(NioEventLoop.java:458)
	at org.apache.ratis.thirdparty.io.netty.util.concurrent.SingleThreadEventExecutor$5.run(SingleThreadEventExecutor.java:897)
	at org.apache.ratis.thirdparty.io.netty.util.concurrent.FastThreadLocalRunnable.run(FastThreadLocalRunnable.java:30)
	... 1 more
Caused by: java.net.ConnectException: Connection refused
	... 11 more
2019-10-20 13:11:23,544 [7660b851-9671-46a6-9e1d-7d946f95d492@group-42C3DBE2B33D-LeaderElection3488] INFO  impl.LeaderElection (LeaderElection.java:logAndReturn(56)) - 7660b851-9671-46a6-9e1d-7d946f95d492@group-42C3DBE2B33D-LeaderElection3488: Election REJECTED; received 0 response(s) [] and 2 exception(s); 7660b851-9671-46a6-9e1d-7d946f95d492@group-42C3DBE2B33D:t209, leader=null, voted=7660b851-9671-46a6-9e1d-7d946f95d492, raftlog=7660b851-9671-46a6-9e1d-7d946f95d492@group-42C3DBE2B33D-SegmentedRaftLog:OPENED:c-1,f-1,i0, conf=-1: [fdf19479-69c2-4639-b68c-6adde78ca28a:192.168.157.204:42858, 1ac0a8d4-e534-43ce-83b1-426d47a3040d:192.168.157.204:32953, 7660b851-9671-46a6-9e1d-7d946f95d492:192.168.157.204:41682], old=null
2019-10-20 13:11:23,544 [7660b851-9671-46a6-9e1d-7d946f95d492@group-42C3DBE2B33D-LeaderElection3488] INFO  impl.LeaderElection (LogUtils.java:infoOrTrace(149)) -   Exception 0: {}
java.util.concurrent.ExecutionException: org.apache.ratis.thirdparty.io.grpc.StatusRuntimeException: UNAVAILABLE: io exception
	at java.util.concurrent.FutureTask.report(FutureTask.java:122)
	at java.util.concurrent.FutureTask.get(FutureTask.java:192)
	at org.apache.ratis.server.impl.LeaderElection.waitForResults(LeaderElection.java:259)
	at org.apache.ratis.server.impl.LeaderElection.askForVotes(LeaderElection.java:197)
	at org.apache.ratis.server.impl.LeaderElection.run(LeaderElection.java:133)
	at java.lang.Thread.run(Thread.java:748)
Caused by: org.apache.ratis.thirdparty.io.grpc.StatusRuntimeException: UNAVAILABLE: io exception
	at org.apache.ratis.thirdparty.io.grpc.stub.ClientCalls.toStatusRuntimeException(ClientCalls.java:233)
	at org.apache.ratis.thirdparty.io.grpc.stub.ClientCalls.getUnchecked(ClientCalls.java:214)
	at org.apache.ratis.thirdparty.io.grpc.stub.ClientCalls.blockingUnaryCall(ClientCalls.java:139)
	at org.apache.ratis.proto.grpc.RaftServerProtocolServiceGrpc$RaftServerProtocolServiceBlockingStub.requestVote(RaftServerProtocolServiceGrpc.java:265)
	at org.apache.ratis.grpc.server.GrpcServerProtocolClient.requestVote(GrpcServerProtocolClient.java:99)
	at org.apache.ratis.grpc.server.GrpcService.requestVote(GrpcService.java:204)
	at org.apache.ratis.server.impl.LeaderElection.lambda$submitRequests$1(LeaderElection.java:234)
	at java.util.concurrent.FutureTask.run(FutureTask.java:266)
	at java.util.concurrent.Executors$RunnableAdapter.call(Executors.java:511)
	at java.util.concurrent.FutureTask.run(FutureTask.java:266)
	at java.util.concurrent.ThreadPoolExecutor.runWorker(ThreadPoolExecutor.java:1149)
	at java.util.concurrent.ThreadPoolExecutor$Worker.run(ThreadPoolExecutor.java:624)
	... 1 more
Caused by: org.apache.ratis.thirdparty.io.netty.channel.AbstractChannel$AnnotatedConnectException: Connection refused: /192.168.157.204:42858
	at sun.nio.ch.SocketChannelImpl.checkConnect(Native Method)
	at sun.nio.ch.SocketChannelImpl.finishConnect(SocketChannelImpl.java:717)
	at org.apache.ratis.thirdparty.io.netty.channel.socket.nio.NioSocketChannel.doFinishConnect(NioSocketChannel.java:327)
	at org.apache.ratis.thirdparty.io.netty.channel.nio.AbstractNioChannel$AbstractNioUnsafe.finishConnect(AbstractNioChannel.java:340)
	at org.apache.ratis.thirdparty.io.netty.channel.nio.NioEventLoop.processSelectedKey(NioEventLoop.java:632)
	at org.apache.ratis.thirdparty.io.netty.channel.nio.NioEventLoop.processSelectedKeysOptimized(NioEventLoop.java:579)
	at org.apache.ratis.thirdparty.io.netty.channel.nio.NioEventLoop.processSelectedKeys(NioEventLoop.java:496)
	at org.apache.ratis.thirdparty.io.netty.channel.nio.NioEventLoop.run(NioEventLoop.java:458)
	at org.apache.ratis.thirdparty.io.netty.util.concurrent.SingleThreadEventExecutor$5.run(SingleThreadEventExecutor.java:897)
	at org.apache.ratis.thirdparty.io.netty.util.concurrent.FastThreadLocalRunnable.run(FastThreadLocalRunnable.java:30)
	... 1 more
Caused by: java.net.ConnectException: Connection refused
	... 11 more
2019-10-20 13:11:23,544 [7660b851-9671-46a6-9e1d-7d946f95d492@group-42C3DBE2B33D-LeaderElection3488] INFO  impl.LeaderElection (LogUtils.java:infoOrTrace(149)) -   Exception 1: {}
java.util.concurrent.ExecutionException: org.apache.ratis.thirdparty.io.grpc.StatusRuntimeException: UNAVAILABLE: io exception
	at java.util.concurrent.FutureTask.report(FutureTask.java:122)
	at java.util.concurrent.FutureTask.get(FutureTask.java:192)
	at org.apache.ratis.server.impl.LeaderElection.waitForResults(LeaderElection.java:259)
	at org.apache.ratis.server.impl.LeaderElection.askForVotes(LeaderElection.java:197)
	at org.apache.ratis.server.impl.LeaderElection.run(LeaderElection.java:133)
	at java.lang.Thread.run(Thread.java:748)
Caused by: org.apache.ratis.thirdparty.io.grpc.StatusRuntimeException: UNAVAILABLE: io exception
	at org.apache.ratis.thirdparty.io.grpc.stub.ClientCalls.toStatusRuntimeException(ClientCalls.java:233)
	at org.apache.ratis.thirdparty.io.grpc.stub.ClientCalls.getUnchecked(ClientCalls.java:214)
	at org.apache.ratis.thirdparty.io.grpc.stub.ClientCalls.blockingUnaryCall(ClientCalls.java:139)
	at org.apache.ratis.proto.grpc.RaftServerProtocolServiceGrpc$RaftServerProtocolServiceBlockingStub.requestVote(RaftServerProtocolServiceGrpc.java:265)
	at org.apache.ratis.grpc.server.GrpcServerProtocolClient.requestVote(GrpcServerProtocolClient.java:99)
	at org.apache.ratis.grpc.server.GrpcService.requestVote(GrpcService.java:204)
	at org.apache.ratis.server.impl.LeaderElection.lambda$submitRequests$1(LeaderElection.java:234)
	at java.util.concurrent.FutureTask.run(FutureTask.java:266)
	at java.util.concurrent.Executors$RunnableAdapter.call(Executors.java:511)
	at java.util.concurrent.FutureTask.run(FutureTask.java:266)
	at java.util.concurrent.ThreadPoolExecutor.runWorker(ThreadPoolExecutor.java:1149)
	at java.util.concurrent.ThreadPoolExecutor$Worker.run(ThreadPoolExecutor.java:624)
	... 1 more
Caused by: org.apache.ratis.thirdparty.io.netty.channel.AbstractChannel$AnnotatedConnectException: Connection refused: /192.168.157.204:32953
	at sun.nio.ch.SocketChannelImpl.checkConnect(Native Method)
	at sun.nio.ch.SocketChannelImpl.finishConnect(SocketChannelImpl.java:717)
	at org.apache.ratis.thirdparty.io.netty.channel.socket.nio.NioSocketChannel.doFinishConnect(NioSocketChannel.java:327)
	at org.apache.ratis.thirdparty.io.netty.channel.nio.AbstractNioChannel$AbstractNioUnsafe.finishConnect(AbstractNioChannel.java:340)
	at org.apache.ratis.thirdparty.io.netty.channel.nio.NioEventLoop.processSelectedKey(NioEventLoop.java:632)
	at org.apache.ratis.thirdparty.io.netty.channel.nio.NioEventLoop.processSelectedKeysOptimized(NioEventLoop.java:579)
	at org.apache.ratis.thirdparty.io.netty.channel.nio.NioEventLoop.processSelectedKeys(NioEventLoop.java:496)
	at org.apache.ratis.thirdparty.io.netty.channel.nio.NioEventLoop.run(NioEventLoop.java:458)
	at org.apache.ratis.thirdparty.io.netty.util.concurrent.SingleThreadEventExecutor$5.run(SingleThreadEventExecutor.java:897)
	at org.apache.ratis.thirdparty.io.netty.util.concurrent.FastThreadLocalRunnable.run(FastThreadLocalRunnable.java:30)
	... 1 more
Caused by: java.net.ConnectException: Connection refused
	... 11 more
2019-10-20 13:11:23,544 [7660b851-9671-46a6-9e1d-7d946f95d492@group-42C3DBE2B33D-LeaderElection3488] INFO  impl.RaftServerImpl (RaftServerImpl.java:setRole(184)) - 7660b851-9671-46a6-9e1d-7d946f95d492@group-42C3DBE2B33D: changes role from CANDIDATE to FOLLOWER at term 209 for DISCOVERED_A_NEW_TERM
2019-10-20 13:11:23,544 [7660b851-9671-46a6-9e1d-7d946f95d492@group-42C3DBE2B33D-LeaderElection3488] INFO  impl.RoleInfo (RoleInfo.java:shutdownLeaderElection(134)) - 7660b851-9671-46a6-9e1d-7d946f95d492: shutdown LeaderElection
2019-10-20 13:11:23,545 [7660b851-9671-46a6-9e1d-7d946f95d492@group-42C3DBE2B33D-LeaderElection3488] INFO  impl.RoleInfo (RoleInfo.java:updateAndGet(143)) - 7660b851-9671-46a6-9e1d-7d946f95d492: start FollowerState
2019-10-20 13:11:23,739 [Thread-25936] INFO  impl.FollowerState (FollowerState.java:run(108)) - 7660b851-9671-46a6-9e1d-7d946f95d492@group-42C3DBE2B33D-FollowerState: change to CANDIDATE, lastRpcTime:194ms, electionTimeout:194ms
2019-10-20 13:11:23,739 [Thread-25936] INFO  impl.RoleInfo (RoleInfo.java:shutdownFollowerState(121)) - 7660b851-9671-46a6-9e1d-7d946f95d492: shutdown FollowerState
2019-10-20 13:11:23,739 [Thread-25936] INFO  impl.RaftServerImpl (RaftServerImpl.java:setRole(184)) - 7660b851-9671-46a6-9e1d-7d946f95d492@group-42C3DBE2B33D: changes role from  FOLLOWER to CANDIDATE at term 209 for changeToCandidate
2019-10-20 13:11:23,739 [Thread-25936] INFO  impl.RoleInfo (RoleInfo.java:updateAndGet(143)) - 7660b851-9671-46a6-9e1d-7d946f95d492: start LeaderElection
2019-10-20 13:11:23,754 [7660b851-9671-46a6-9e1d-7d946f95d492@group-42C3DBE2B33D-LeaderElection3489] INFO  impl.LeaderElection (LeaderElection.java:askForVotes(178)) - 7660b851-9671-46a6-9e1d-7d946f95d492@group-42C3DBE2B33D-LeaderElection3489: begin an election at term 210 for -1: [fdf19479-69c2-4639-b68c-6adde78ca28a:192.168.157.204:42858, 1ac0a8d4-e534-43ce-83b1-426d47a3040d:192.168.157.204:32953, 7660b851-9671-46a6-9e1d-7d946f95d492:192.168.157.204:41682], old=null
2019-10-20 13:11:23,755 [7660b851-9671-46a6-9e1d-7d946f95d492@group-42C3DBE2B33D-LeaderElection3489] INFO  impl.LeaderElection (LogUtils.java:infoOrTrace(149)) - 7660b851-9671-46a6-9e1d-7d946f95d492@group-42C3DBE2B33D-LeaderElection3489 got exception when requesting votes: {}
java.util.concurrent.ExecutionException: org.apache.ratis.thirdparty.io.grpc.StatusRuntimeException: UNAVAILABLE: io exception
	at java.util.concurrent.FutureTask.report(FutureTask.java:122)
	at java.util.concurrent.FutureTask.get(FutureTask.java:192)
	at org.apache.ratis.server.impl.LeaderElection.waitForResults(LeaderElection.java:259)
	at org.apache.ratis.server.impl.LeaderElection.askForVotes(LeaderElection.java:197)
	at org.apache.ratis.server.impl.LeaderElection.run(LeaderElection.java:133)
	at java.lang.Thread.run(Thread.java:748)
Caused by: org.apache.ratis.thirdparty.io.grpc.StatusRuntimeException: UNAVAILABLE: io exception
	at org.apache.ratis.thirdparty.io.grpc.stub.ClientCalls.toStatusRuntimeException(ClientCalls.java:233)
	at org.apache.ratis.thirdparty.io.grpc.stub.ClientCalls.getUnchecked(ClientCalls.java:214)
	at org.apache.ratis.thirdparty.io.grpc.stub.ClientCalls.blockingUnaryCall(ClientCalls.java:139)
	at org.apache.ratis.proto.grpc.RaftServerProtocolServiceGrpc$RaftServerProtocolServiceBlockingStub.requestVote(RaftServerProtocolServiceGrpc.java:265)
	at org.apache.ratis.grpc.server.GrpcServerProtocolClient.requestVote(GrpcServerProtocolClient.java:99)
	at org.apache.ratis.grpc.server.GrpcService.requestVote(GrpcService.java:204)
	at org.apache.ratis.server.impl.LeaderElection.lambda$submitRequests$1(LeaderElection.java:234)
	at java.util.concurrent.FutureTask.run(FutureTask.java:266)
	at java.util.concurrent.Executors$RunnableAdapter.call(Executors.java:511)
	at java.util.concurrent.FutureTask.run(FutureTask.java:266)
	at java.util.concurrent.ThreadPoolExecutor.runWorker(ThreadPoolExecutor.java:1149)
	at java.util.concurrent.ThreadPoolExecutor$Worker.run(ThreadPoolExecutor.java:624)
	... 1 more
Caused by: org.apache.ratis.thirdparty.io.netty.channel.AbstractChannel$AnnotatedConnectException: Connection refused: /192.168.157.204:42858
	at sun.nio.ch.SocketChannelImpl.checkConnect(Native Method)
	at sun.nio.ch.SocketChannelImpl.finishConnect(SocketChannelImpl.java:717)
	at org.apache.ratis.thirdparty.io.netty.channel.socket.nio.NioSocketChannel.doFinishConnect(NioSocketChannel.java:327)
	at org.apache.ratis.thirdparty.io.netty.channel.nio.AbstractNioChannel$AbstractNioUnsafe.finishConnect(AbstractNioChannel.java:340)
	at org.apache.ratis.thirdparty.io.netty.channel.nio.NioEventLoop.processSelectedKey(NioEventLoop.java:632)
	at org.apache.ratis.thirdparty.io.netty.channel.nio.NioEventLoop.processSelectedKeysOptimized(NioEventLoop.java:579)
	at org.apache.ratis.thirdparty.io.netty.channel.nio.NioEventLoop.processSelectedKeys(NioEventLoop.java:496)
	at org.apache.ratis.thirdparty.io.netty.channel.nio.NioEventLoop.run(NioEventLoop.java:458)
	at org.apache.ratis.thirdparty.io.netty.util.concurrent.SingleThreadEventExecutor$5.run(SingleThreadEventExecutor.java:897)
	at org.apache.ratis.thirdparty.io.netty.util.concurrent.FastThreadLocalRunnable.run(FastThreadLocalRunnable.java:30)
	... 1 more
Caused by: java.net.ConnectException: Connection refused
	... 11 more
2019-10-20 13:11:23,755 [7660b851-9671-46a6-9e1d-7d946f95d492@group-42C3DBE2B33D-LeaderElection3489] INFO  impl.LeaderElection (LogUtils.java:infoOrTrace(149)) - 7660b851-9671-46a6-9e1d-7d946f95d492@group-42C3DBE2B33D-LeaderElection3489 got exception when requesting votes: {}
java.util.concurrent.ExecutionException: org.apache.ratis.thirdparty.io.grpc.StatusRuntimeException: UNAVAILABLE: io exception
	at java.util.concurrent.FutureTask.report(FutureTask.java:122)
	at java.util.concurrent.FutureTask.get(FutureTask.java:192)
	at org.apache.ratis.server.impl.LeaderElection.waitForResults(LeaderElection.java:259)
	at org.apache.ratis.server.impl.LeaderElection.askForVotes(LeaderElection.java:197)
	at org.apache.ratis.server.impl.LeaderElection.run(LeaderElection.java:133)
	at java.lang.Thread.run(Thread.java:748)
Caused by: org.apache.ratis.thirdparty.io.grpc.StatusRuntimeException: UNAVAILABLE: io exception
	at org.apache.ratis.thirdparty.io.grpc.stub.ClientCalls.toStatusRuntimeException(ClientCalls.java:233)
	at org.apache.ratis.thirdparty.io.grpc.stub.ClientCalls.getUnchecked(ClientCalls.java:214)
	at org.apache.ratis.thirdparty.io.grpc.stub.ClientCalls.blockingUnaryCall(ClientCalls.java:139)
	at org.apache.ratis.proto.grpc.RaftServerProtocolServiceGrpc$RaftServerProtocolServiceBlockingStub.requestVote(RaftServerProtocolServiceGrpc.java:265)
	at org.apache.ratis.grpc.server.GrpcServerProtocolClient.requestVote(GrpcServerProtocolClient.java:99)
	at org.apache.ratis.grpc.server.GrpcService.requestVote(GrpcService.java:204)
	at org.apache.ratis.server.impl.LeaderElection.lambda$submitRequests$1(LeaderElection.java:234)
	at java.util.concurrent.FutureTask.run(FutureTask.java:266)
	at java.util.concurrent.Executors$RunnableAdapter.call(Executors.java:511)
	at java.util.concurrent.FutureTask.run(FutureTask.java:266)
	at java.util.concurrent.ThreadPoolExecutor.runWorker(ThreadPoolExecutor.java:1149)
	at java.util.concurrent.ThreadPoolExecutor$Worker.run(ThreadPoolExecutor.java:624)
	... 1 more
Caused by: org.apache.ratis.thirdparty.io.netty.channel.AbstractChannel$AnnotatedConnectException: Connection refused: /192.168.157.204:32953
	at sun.nio.ch.SocketChannelImpl.checkConnect(Native Method)
	at sun.nio.ch.SocketChannelImpl.finishConnect(SocketChannelImpl.java:717)
	at org.apache.ratis.thirdparty.io.netty.channel.socket.nio.NioSocketChannel.doFinishConnect(NioSocketChannel.java:327)
	at org.apache.ratis.thirdparty.io.netty.channel.nio.AbstractNioChannel$AbstractNioUnsafe.finishConnect(AbstractNioChannel.java:340)
	at org.apache.ratis.thirdparty.io.netty.channel.nio.NioEventLoop.processSelectedKey(NioEventLoop.java:632)
	at org.apache.ratis.thirdparty.io.netty.channel.nio.NioEventLoop.processSelectedKeysOptimized(NioEventLoop.java:579)
	at org.apache.ratis.thirdparty.io.netty.channel.nio.NioEventLoop.processSelectedKeys(NioEventLoop.java:496)
	at org.apache.ratis.thirdparty.io.netty.channel.nio.NioEventLoop.run(NioEventLoop.java:458)
	at org.apache.ratis.thirdparty.io.netty.util.concurrent.SingleThreadEventExecutor$5.run(SingleThreadEventExecutor.java:897)
	at org.apache.ratis.thirdparty.io.netty.util.concurrent.FastThreadLocalRunnable.run(FastThreadLocalRunnable.java:30)
	... 1 more
Caused by: java.net.ConnectException: Connection refused
	... 11 more
2019-10-20 13:11:23,756 [7660b851-9671-46a6-9e1d-7d946f95d492@group-42C3DBE2B33D-LeaderElection3489] INFO  impl.LeaderElection (LeaderElection.java:logAndReturn(56)) - 7660b851-9671-46a6-9e1d-7d946f95d492@group-42C3DBE2B33D-LeaderElection3489: Election REJECTED; received 0 response(s) [] and 2 exception(s); 7660b851-9671-46a6-9e1d-7d946f95d492@group-42C3DBE2B33D:t210, leader=null, voted=7660b851-9671-46a6-9e1d-7d946f95d492, raftlog=7660b851-9671-46a6-9e1d-7d946f95d492@group-42C3DBE2B33D-SegmentedRaftLog:OPENED:c-1,f-1,i0, conf=-1: [fdf19479-69c2-4639-b68c-6adde78ca28a:192.168.157.204:42858, 1ac0a8d4-e534-43ce-83b1-426d47a3040d:192.168.157.204:32953, 7660b851-9671-46a6-9e1d-7d946f95d492:192.168.157.204:41682], old=null
2019-10-20 13:11:23,756 [7660b851-9671-46a6-9e1d-7d946f95d492@group-42C3DBE2B33D-LeaderElection3489] INFO  impl.LeaderElection (LogUtils.java:infoOrTrace(149)) -   Exception 0: {}
java.util.concurrent.ExecutionException: org.apache.ratis.thirdparty.io.grpc.StatusRuntimeException: UNAVAILABLE: io exception
	at java.util.concurrent.FutureTask.report(FutureTask.java:122)
	at java.util.concurrent.FutureTask.get(FutureTask.java:192)
	at org.apache.ratis.server.impl.LeaderElection.waitForResults(LeaderElection.java:259)
	at org.apache.ratis.server.impl.LeaderElection.askForVotes(LeaderElection.java:197)
	at org.apache.ratis.server.impl.LeaderElection.run(LeaderElection.java:133)
	at java.lang.Thread.run(Thread.java:748)
Caused by: org.apache.ratis.thirdparty.io.grpc.StatusRuntimeException: UNAVAILABLE: io exception
	at org.apache.ratis.thirdparty.io.grpc.stub.ClientCalls.toStatusRuntimeException(ClientCalls.java:233)
	at org.apache.ratis.thirdparty.io.grpc.stub.ClientCalls.getUnchecked(ClientCalls.java:214)
	at org.apache.ratis.thirdparty.io.grpc.stub.ClientCalls.blockingUnaryCall(ClientCalls.java:139)
	at org.apache.ratis.proto.grpc.RaftServerProtocolServiceGrpc$RaftServerProtocolServiceBlockingStub.requestVote(RaftServerProtocolServiceGrpc.java:265)
	at org.apache.ratis.grpc.server.GrpcServerProtocolClient.requestVote(GrpcServerProtocolClient.java:99)
	at org.apache.ratis.grpc.server.GrpcService.requestVote(GrpcService.java:204)
	at org.apache.ratis.server.impl.LeaderElection.lambda$submitRequests$1(LeaderElection.java:234)
	at java.util.concurrent.FutureTask.run(FutureTask.java:266)
	at java.util.concurrent.Executors$RunnableAdapter.call(Executors.java:511)
	at java.util.concurrent.FutureTask.run(FutureTask.java:266)
	at java.util.concurrent.ThreadPoolExecutor.runWorker(ThreadPoolExecutor.java:1149)
	at java.util.concurrent.ThreadPoolExecutor$Worker.run(ThreadPoolExecutor.java:624)
	... 1 more
Caused by: org.apache.ratis.thirdparty.io.netty.channel.AbstractChannel$AnnotatedConnectException: Connection refused: /192.168.157.204:42858
	at sun.nio.ch.SocketChannelImpl.checkConnect(Native Method)
	at sun.nio.ch.SocketChannelImpl.finishConnect(SocketChannelImpl.java:717)
	at org.apache.ratis.thirdparty.io.netty.channel.socket.nio.NioSocketChannel.doFinishConnect(NioSocketChannel.java:327)
	at org.apache.ratis.thirdparty.io.netty.channel.nio.AbstractNioChannel$AbstractNioUnsafe.finishConnect(AbstractNioChannel.java:340)
	at org.apache.ratis.thirdparty.io.netty.channel.nio.NioEventLoop.processSelectedKey(NioEventLoop.java:632)
	at org.apache.ratis.thirdparty.io.netty.channel.nio.NioEventLoop.processSelectedKeysOptimized(NioEventLoop.java:579)
	at org.apache.ratis.thirdparty.io.netty.channel.nio.NioEventLoop.processSelectedKeys(NioEventLoop.java:496)
	at org.apache.ratis.thirdparty.io.netty.channel.nio.NioEventLoop.run(NioEventLoop.java:458)
	at org.apache.ratis.thirdparty.io.netty.util.concurrent.SingleThreadEventExecutor$5.run(SingleThreadEventExecutor.java:897)
	at org.apache.ratis.thirdparty.io.netty.util.concurrent.FastThreadLocalRunnable.run(FastThreadLocalRunnable.java:30)
	... 1 more
Caused by: java.net.ConnectException: Connection refused
	... 11 more
2019-10-20 13:11:23,756 [7660b851-9671-46a6-9e1d-7d946f95d492@group-42C3DBE2B33D-LeaderElection3489] INFO  impl.LeaderElection (LogUtils.java:infoOrTrace(149)) -   Exception 1: {}
java.util.concurrent.ExecutionException: org.apache.ratis.thirdparty.io.grpc.StatusRuntimeException: UNAVAILABLE: io exception
	at java.util.concurrent.FutureTask.report(FutureTask.java:122)
	at java.util.concurrent.FutureTask.get(FutureTask.java:192)
	at org.apache.ratis.server.impl.LeaderElection.waitForResults(LeaderElection.java:259)
	at org.apache.ratis.server.impl.LeaderElection.askForVotes(LeaderElection.java:197)
	at org.apache.ratis.server.impl.LeaderElection.run(LeaderElection.java:133)
	at java.lang.Thread.run(Thread.java:748)
Caused by: org.apache.ratis.thirdparty.io.grpc.StatusRuntimeException: UNAVAILABLE: io exception
	at org.apache.ratis.thirdparty.io.grpc.stub.ClientCalls.toStatusRuntimeException(ClientCalls.java:233)
	at org.apache.ratis.thirdparty.io.grpc.stub.ClientCalls.getUnchecked(ClientCalls.java:214)
	at org.apache.ratis.thirdparty.io.grpc.stub.ClientCalls.blockingUnaryCall(ClientCalls.java:139)
	at org.apache.ratis.proto.grpc.RaftServerProtocolServiceGrpc$RaftServerProtocolServiceBlockingStub.requestVote(RaftServerProtocolServiceGrpc.java:265)
	at org.apache.ratis.grpc.server.GrpcServerProtocolClient.requestVote(GrpcServerProtocolClient.java:99)
	at org.apache.ratis.grpc.server.GrpcService.requestVote(GrpcService.java:204)
	at org.apache.ratis.server.impl.LeaderElection.lambda$submitRequests$1(LeaderElection.java:234)
	at java.util.concurrent.FutureTask.run(FutureTask.java:266)
	at java.util.concurrent.Executors$RunnableAdapter.call(Executors.java:511)
	at java.util.concurrent.FutureTask.run(FutureTask.java:266)
	at java.util.concurrent.ThreadPoolExecutor.runWorker(ThreadPoolExecutor.java:1149)
	at java.util.concurrent.ThreadPoolExecutor$Worker.run(ThreadPoolExecutor.java:624)
	... 1 more
Caused by: org.apache.ratis.thirdparty.io.netty.channel.AbstractChannel$AnnotatedConnectException: Connection refused: /192.168.157.204:32953
	at sun.nio.ch.SocketChannelImpl.checkConnect(Native Method)
	at sun.nio.ch.SocketChannelImpl.finishConnect(SocketChannelImpl.java:717)
	at org.apache.ratis.thirdparty.io.netty.channel.socket.nio.NioSocketChannel.doFinishConnect(NioSocketChannel.java:327)
	at org.apache.ratis.thirdparty.io.netty.channel.nio.AbstractNioChannel$AbstractNioUnsafe.finishConnect(AbstractNioChannel.java:340)
	at org.apache.ratis.thirdparty.io.netty.channel.nio.NioEventLoop.processSelectedKey(NioEventLoop.java:632)
	at org.apache.ratis.thirdparty.io.netty.channel.nio.NioEventLoop.processSelectedKeysOptimized(NioEventLoop.java:579)
	at org.apache.ratis.thirdparty.io.netty.channel.nio.NioEventLoop.processSelectedKeys(NioEventLoop.java:496)
	at org.apache.ratis.thirdparty.io.netty.channel.nio.NioEventLoop.run(NioEventLoop.java:458)
	at org.apache.ratis.thirdparty.io.netty.util.concurrent.SingleThreadEventExecutor$5.run(SingleThreadEventExecutor.java:897)
	at org.apache.ratis.thirdparty.io.netty.util.concurrent.FastThreadLocalRunnable.run(FastThreadLocalRunnable.java:30)
	... 1 more
Caused by: java.net.ConnectException: Connection refused
	... 11 more
2019-10-20 13:11:23,756 [7660b851-9671-46a6-9e1d-7d946f95d492@group-42C3DBE2B33D-LeaderElection3489] INFO  impl.RaftServerImpl (RaftServerImpl.java:setRole(184)) - 7660b851-9671-46a6-9e1d-7d946f95d492@group-42C3DBE2B33D: changes role from CANDIDATE to FOLLOWER at term 210 for DISCOVERED_A_NEW_TERM
2019-10-20 13:11:23,757 [7660b851-9671-46a6-9e1d-7d946f95d492@group-42C3DBE2B33D-LeaderElection3489] INFO  impl.RoleInfo (RoleInfo.java:shutdownLeaderElection(134)) - 7660b851-9671-46a6-9e1d-7d946f95d492: shutdown LeaderElection
2019-10-20 13:11:23,757 [7660b851-9671-46a6-9e1d-7d946f95d492@group-42C3DBE2B33D-LeaderElection3489] INFO  impl.RoleInfo (RoleInfo.java:updateAndGet(143)) - 7660b851-9671-46a6-9e1d-7d946f95d492: start FollowerState
2019-10-20 13:11:23,844 [Thread-25942] INFO  impl.FollowerState (FollowerState.java:run(108)) - 7660b851-9671-46a6-9e1d-7d946f95d492@group-42C3DBE2B33D-FollowerState: change to CANDIDATE, lastRpcTime:87ms, electionTimeout:87ms
2019-10-20 13:11:23,844 [Thread-25942] INFO  impl.RoleInfo (RoleInfo.java:shutdownFollowerState(121)) - 7660b851-9671-46a6-9e1d-7d946f95d492: shutdown FollowerState
2019-10-20 13:11:23,844 [Thread-25942] INFO  impl.RaftServerImpl (RaftServerImpl.java:setRole(184)) - 7660b851-9671-46a6-9e1d-7d946f95d492@group-42C3DBE2B33D: changes role from  FOLLOWER to CANDIDATE at term 210 for changeToCandidate
2019-10-20 13:11:23,844 [Thread-25942] INFO  impl.RoleInfo (RoleInfo.java:updateAndGet(143)) - 7660b851-9671-46a6-9e1d-7d946f95d492: start LeaderElection
2019-10-20 13:11:23,858 [7660b851-9671-46a6-9e1d-7d946f95d492@group-42C3DBE2B33D-LeaderElection3490] INFO  impl.LeaderElection (LeaderElection.java:askForVotes(178)) - 7660b851-9671-46a6-9e1d-7d946f95d492@group-42C3DBE2B33D-LeaderElection3490: begin an election at term 211 for -1: [fdf19479-69c2-4639-b68c-6adde78ca28a:192.168.157.204:42858, 1ac0a8d4-e534-43ce-83b1-426d47a3040d:192.168.157.204:32953, 7660b851-9671-46a6-9e1d-7d946f95d492:192.168.157.204:41682], old=null
2019-10-20 13:11:23,859 [7660b851-9671-46a6-9e1d-7d946f95d492@group-42C3DBE2B33D-LeaderElection3490] INFO  impl.LeaderElection (LogUtils.java:infoOrTrace(149)) - 7660b851-9671-46a6-9e1d-7d946f95d492@group-42C3DBE2B33D-LeaderElection3490 got exception when requesting votes: {}
java.util.concurrent.ExecutionException: org.apache.ratis.thirdparty.io.grpc.StatusRuntimeException: UNAVAILABLE: io exception
	at java.util.concurrent.FutureTask.report(FutureTask.java:122)
	at java.util.concurrent.FutureTask.get(FutureTask.java:192)
	at org.apache.ratis.server.impl.LeaderElection.waitForResults(LeaderElection.java:259)
	at org.apache.ratis.server.impl.LeaderElection.askForVotes(LeaderElection.java:197)
	at org.apache.ratis.server.impl.LeaderElection.run(LeaderElection.java:133)
	at java.lang.Thread.run(Thread.java:748)
Caused by: org.apache.ratis.thirdparty.io.grpc.StatusRuntimeException: UNAVAILABLE: io exception
	at org.apache.ratis.thirdparty.io.grpc.stub.ClientCalls.toStatusRuntimeException(ClientCalls.java:233)
	at org.apache.ratis.thirdparty.io.grpc.stub.ClientCalls.getUnchecked(ClientCalls.java:214)
	at org.apache.ratis.thirdparty.io.grpc.stub.ClientCalls.blockingUnaryCall(ClientCalls.java:139)
	at org.apache.ratis.proto.grpc.RaftServerProtocolServiceGrpc$RaftServerProtocolServiceBlockingStub.requestVote(RaftServerProtocolServiceGrpc.java:265)
	at org.apache.ratis.grpc.server.GrpcServerProtocolClient.requestVote(GrpcServerProtocolClient.java:99)
	at org.apache.ratis.grpc.server.GrpcService.requestVote(GrpcService.java:204)
	at org.apache.ratis.server.impl.LeaderElection.lambda$submitRequests$1(LeaderElection.java:234)
	at java.util.concurrent.FutureTask.run(FutureTask.java:266)
	at java.util.concurrent.Executors$RunnableAdapter.call(Executors.java:511)
	at java.util.concurrent.FutureTask.run(FutureTask.java:266)
	at java.util.concurrent.ThreadPoolExecutor.runWorker(ThreadPoolExecutor.java:1149)
	at java.util.concurrent.ThreadPoolExecutor$Worker.run(ThreadPoolExecutor.java:624)
	... 1 more
Caused by: org.apache.ratis.thirdparty.io.netty.channel.AbstractChannel$AnnotatedConnectException: Connection refused: /192.168.157.204:42858
	at sun.nio.ch.SocketChannelImpl.checkConnect(Native Method)
	at sun.nio.ch.SocketChannelImpl.finishConnect(SocketChannelImpl.java:717)
	at org.apache.ratis.thirdparty.io.netty.channel.socket.nio.NioSocketChannel.doFinishConnect(NioSocketChannel.java:327)
	at org.apache.ratis.thirdparty.io.netty.channel.nio.AbstractNioChannel$AbstractNioUnsafe.finishConnect(AbstractNioChannel.java:340)
	at org.apache.ratis.thirdparty.io.netty.channel.nio.NioEventLoop.processSelectedKey(NioEventLoop.java:632)
	at org.apache.ratis.thirdparty.io.netty.channel.nio.NioEventLoop.processSelectedKeysOptimized(NioEventLoop.java:579)
	at org.apache.ratis.thirdparty.io.netty.channel.nio.NioEventLoop.processSelectedKeys(NioEventLoop.java:496)
	at org.apache.ratis.thirdparty.io.netty.channel.nio.NioEventLoop.run(NioEventLoop.java:458)
	at org.apache.ratis.thirdparty.io.netty.util.concurrent.SingleThreadEventExecutor$5.run(SingleThreadEventExecutor.java:897)
	at org.apache.ratis.thirdparty.io.netty.util.concurrent.FastThreadLocalRunnable.run(FastThreadLocalRunnable.java:30)
	... 1 more
Caused by: java.net.ConnectException: Connection refused
	... 11 more
2019-10-20 13:11:23,860 [7660b851-9671-46a6-9e1d-7d946f95d492@group-42C3DBE2B33D-LeaderElection3490] INFO  impl.LeaderElection (LogUtils.java:infoOrTrace(149)) - 7660b851-9671-46a6-9e1d-7d946f95d492@group-42C3DBE2B33D-LeaderElection3490 got exception when requesting votes: {}
java.util.concurrent.ExecutionException: org.apache.ratis.thirdparty.io.grpc.StatusRuntimeException: UNAVAILABLE: io exception
	at java.util.concurrent.FutureTask.report(FutureTask.java:122)
	at java.util.concurrent.FutureTask.get(FutureTask.java:192)
	at org.apache.ratis.server.impl.LeaderElection.waitForResults(LeaderElection.java:259)
	at org.apache.ratis.server.impl.LeaderElection.askForVotes(LeaderElection.java:197)
	at org.apache.ratis.server.impl.LeaderElection.run(LeaderElection.java:133)
	at java.lang.Thread.run(Thread.java:748)
Caused by: org.apache.ratis.thirdparty.io.grpc.StatusRuntimeException: UNAVAILABLE: io exception
	at org.apache.ratis.thirdparty.io.grpc.stub.ClientCalls.toStatusRuntimeException(ClientCalls.java:233)
	at org.apache.ratis.thirdparty.io.grpc.stub.ClientCalls.getUnchecked(ClientCalls.java:214)
	at org.apache.ratis.thirdparty.io.grpc.stub.ClientCalls.blockingUnaryCall(ClientCalls.java:139)
	at org.apache.ratis.proto.grpc.RaftServerProtocolServiceGrpc$RaftServerProtocolServiceBlockingStub.requestVote(RaftServerProtocolServiceGrpc.java:265)
	at org.apache.ratis.grpc.server.GrpcServerProtocolClient.requestVote(GrpcServerProtocolClient.java:99)
	at org.apache.ratis.grpc.server.GrpcService.requestVote(GrpcService.java:204)
	at org.apache.ratis.server.impl.LeaderElection.lambda$submitRequests$1(LeaderElection.java:234)
	at java.util.concurrent.FutureTask.run(FutureTask.java:266)
	at java.util.concurrent.Executors$RunnableAdapter.call(Executors.java:511)
	at java.util.concurrent.FutureTask.run(FutureTask.java:266)
	at java.util.concurrent.ThreadPoolExecutor.runWorker(ThreadPoolExecutor.java:1149)
	at java.util.concurrent.ThreadPoolExecutor$Worker.run(ThreadPoolExecutor.java:624)
	... 1 more
Caused by: org.apache.ratis.thirdparty.io.netty.channel.AbstractChannel$AnnotatedConnectException: Connection refused: /192.168.157.204:32953
	at sun.nio.ch.SocketChannelImpl.checkConnect(Native Method)
	at sun.nio.ch.SocketChannelImpl.finishConnect(SocketChannelImpl.java:717)
	at org.apache.ratis.thirdparty.io.netty.channel.socket.nio.NioSocketChannel.doFinishConnect(NioSocketChannel.java:327)
	at org.apache.ratis.thirdparty.io.netty.channel.nio.AbstractNioChannel$AbstractNioUnsafe.finishConnect(AbstractNioChannel.java:340)
	at org.apache.ratis.thirdparty.io.netty.channel.nio.NioEventLoop.processSelectedKey(NioEventLoop.java:632)
	at org.apache.ratis.thirdparty.io.netty.channel.nio.NioEventLoop.processSelectedKeysOptimized(NioEventLoop.java:579)
	at org.apache.ratis.thirdparty.io.netty.channel.nio.NioEventLoop.processSelectedKeys(NioEventLoop.java:496)
	at org.apache.ratis.thirdparty.io.netty.channel.nio.NioEventLoop.run(NioEventLoop.java:458)
	at org.apache.ratis.thirdparty.io.netty.util.concurrent.SingleThreadEventExecutor$5.run(SingleThreadEventExecutor.java:897)
	at org.apache.ratis.thirdparty.io.netty.util.concurrent.FastThreadLocalRunnable.run(FastThreadLocalRunnable.java:30)
	... 1 more
Caused by: java.net.ConnectException: Connection refused
	... 11 more
2019-10-20 13:11:23,860 [7660b851-9671-46a6-9e1d-7d946f95d492@group-42C3DBE2B33D-LeaderElection3490] INFO  impl.LeaderElection (LeaderElection.java:logAndReturn(56)) - 7660b851-9671-46a6-9e1d-7d946f95d492@group-42C3DBE2B33D-LeaderElection3490: Election REJECTED; received 0 response(s) [] and 2 exception(s); 7660b851-9671-46a6-9e1d-7d946f95d492@group-42C3DBE2B33D:t211, leader=null, voted=7660b851-9671-46a6-9e1d-7d946f95d492, raftlog=7660b851-9671-46a6-9e1d-7d946f95d492@group-42C3DBE2B33D-SegmentedRaftLog:OPENED:c-1,f-1,i0, conf=-1: [fdf19479-69c2-4639-b68c-6adde78ca28a:192.168.157.204:42858, 1ac0a8d4-e534-43ce-83b1-426d47a3040d:192.168.157.204:32953, 7660b851-9671-46a6-9e1d-7d946f95d492:192.168.157.204:41682], old=null
2019-10-20 13:11:23,860 [7660b851-9671-46a6-9e1d-7d946f95d492@group-42C3DBE2B33D-LeaderElection3490] INFO  impl.LeaderElection (LogUtils.java:infoOrTrace(149)) -   Exception 0: {}
java.util.concurrent.ExecutionException: org.apache.ratis.thirdparty.io.grpc.StatusRuntimeException: UNAVAILABLE: io exception
	at java.util.concurrent.FutureTask.report(FutureTask.java:122)
	at java.util.concurrent.FutureTask.get(FutureTask.java:192)
	at org.apache.ratis.server.impl.LeaderElection.waitForResults(LeaderElection.java:259)
	at org.apache.ratis.server.impl.LeaderElection.askForVotes(LeaderElection.java:197)
	at org.apache.ratis.server.impl.LeaderElection.run(LeaderElection.java:133)
	at java.lang.Thread.run(Thread.java:748)
Caused by: org.apache.ratis.thirdparty.io.grpc.StatusRuntimeException: UNAVAILABLE: io exception
	at org.apache.ratis.thirdparty.io.grpc.stub.ClientCalls.toStatusRuntimeException(ClientCalls.java:233)
	at org.apache.ratis.thirdparty.io.grpc.stub.ClientCalls.getUnchecked(ClientCalls.java:214)
	at org.apache.ratis.thirdparty.io.grpc.stub.ClientCalls.blockingUnaryCall(ClientCalls.java:139)
	at org.apache.ratis.proto.grpc.RaftServerProtocolServiceGrpc$RaftServerProtocolServiceBlockingStub.requestVote(RaftServerProtocolServiceGrpc.java:265)
	at org.apache.ratis.grpc.server.GrpcServerProtocolClient.requestVote(GrpcServerProtocolClient.java:99)
	at org.apache.ratis.grpc.server.GrpcService.requestVote(GrpcService.java:204)
	at org.apache.ratis.server.impl.LeaderElection.lambda$submitRequests$1(LeaderElection.java:234)
	at java.util.concurrent.FutureTask.run(FutureTask.java:266)
	at java.util.concurrent.Executors$RunnableAdapter.call(Executors.java:511)
	at java.util.concurrent.FutureTask.run(FutureTask.java:266)
	at java.util.concurrent.ThreadPoolExecutor.runWorker(ThreadPoolExecutor.java:1149)
	at java.util.concurrent.ThreadPoolExecutor$Worker.run(ThreadPoolExecutor.java:624)
	... 1 more
Caused by: org.apache.ratis.thirdparty.io.netty.channel.AbstractChannel$AnnotatedConnectException: Connection refused: /192.168.157.204:42858
	at sun.nio.ch.SocketChannelImpl.checkConnect(Native Method)
	at sun.nio.ch.SocketChannelImpl.finishConnect(SocketChannelImpl.java:717)
	at org.apache.ratis.thirdparty.io.netty.channel.socket.nio.NioSocketChannel.doFinishConnect(NioSocketChannel.java:327)
	at org.apache.ratis.thirdparty.io.netty.channel.nio.AbstractNioChannel$AbstractNioUnsafe.finishConnect(AbstractNioChannel.java:340)
	at org.apache.ratis.thirdparty.io.netty.channel.nio.NioEventLoop.processSelectedKey(NioEventLoop.java:632)
	at org.apache.ratis.thirdparty.io.netty.channel.nio.NioEventLoop.processSelectedKeysOptimized(NioEventLoop.java:579)
	at org.apache.ratis.thirdparty.io.netty.channel.nio.NioEventLoop.processSelectedKeys(NioEventLoop.java:496)
	at org.apache.ratis.thirdparty.io.netty.channel.nio.NioEventLoop.run(NioEventLoop.java:458)
	at org.apache.ratis.thirdparty.io.netty.util.concurrent.SingleThreadEventExecutor$5.run(SingleThreadEventExecutor.java:897)
	at org.apache.ratis.thirdparty.io.netty.util.concurrent.FastThreadLocalRunnable.run(FastThreadLocalRunnable.java:30)
	... 1 more
Caused by: java.net.ConnectException: Connection refused
	... 11 more
2019-10-20 13:11:23,861 [7660b851-9671-46a6-9e1d-7d946f95d492@group-42C3DBE2B33D-LeaderElection3490] INFO  impl.LeaderElection (LogUtils.java:infoOrTrace(149)) -   Exception 1: {}
java.util.concurrent.ExecutionException: org.apache.ratis.thirdparty.io.grpc.StatusRuntimeException: UNAVAILABLE: io exception
	at java.util.concurrent.FutureTask.report(FutureTask.java:122)
	at java.util.concurrent.FutureTask.get(FutureTask.java:192)
	at org.apache.ratis.server.impl.LeaderElection.waitForResults(LeaderElection.java:259)
	at org.apache.ratis.server.impl.LeaderElection.askForVotes(LeaderElection.java:197)
	at org.apache.ratis.server.impl.LeaderElection.run(LeaderElection.java:133)
	at java.lang.Thread.run(Thread.java:748)
Caused by: org.apache.ratis.thirdparty.io.grpc.StatusRuntimeException: UNAVAILABLE: io exception
	at org.apache.ratis.thirdparty.io.grpc.stub.ClientCalls.toStatusRuntimeException(ClientCalls.java:233)
	at org.apache.ratis.thirdparty.io.grpc.stub.ClientCalls.getUnchecked(ClientCalls.java:214)
	at org.apache.ratis.thirdparty.io.grpc.stub.ClientCalls.blockingUnaryCall(ClientCalls.java:139)
	at org.apache.ratis.proto.grpc.RaftServerProtocolServiceGrpc$RaftServerProtocolServiceBlockingStub.requestVote(RaftServerProtocolServiceGrpc.java:265)
	at org.apache.ratis.grpc.server.GrpcServerProtocolClient.requestVote(GrpcServerProtocolClient.java:99)
	at org.apache.ratis.grpc.server.GrpcService.requestVote(GrpcService.java:204)
	at org.apache.ratis.server.impl.LeaderElection.lambda$submitRequests$1(LeaderElection.java:234)
	at java.util.concurrent.FutureTask.run(FutureTask.java:266)
	at java.util.concurrent.Executors$RunnableAdapter.call(Executors.java:511)
	at java.util.concurrent.FutureTask.run(FutureTask.java:266)
	at java.util.concurrent.ThreadPoolExecutor.runWorker(ThreadPoolExecutor.java:1149)
	at java.util.concurrent.ThreadPoolExecutor$Worker.run(ThreadPoolExecutor.java:624)
	... 1 more
Caused by: org.apache.ratis.thirdparty.io.netty.channel.AbstractChannel$AnnotatedConnectException: Connection refused: /192.168.157.204:32953
	at sun.nio.ch.SocketChannelImpl.checkConnect(Native Method)
	at sun.nio.ch.SocketChannelImpl.finishConnect(SocketChannelImpl.java:717)
	at org.apache.ratis.thirdparty.io.netty.channel.socket.nio.NioSocketChannel.doFinishConnect(NioSocketChannel.java:327)
	at org.apache.ratis.thirdparty.io.netty.channel.nio.AbstractNioChannel$AbstractNioUnsafe.finishConnect(AbstractNioChannel.java:340)
	at org.apache.ratis.thirdparty.io.netty.channel.nio.NioEventLoop.processSelectedKey(NioEventLoop.java:632)
	at org.apache.ratis.thirdparty.io.netty.channel.nio.NioEventLoop.processSelectedKeysOptimized(NioEventLoop.java:579)
	at org.apache.ratis.thirdparty.io.netty.channel.nio.NioEventLoop.processSelectedKeys(NioEventLoop.java:496)
	at org.apache.ratis.thirdparty.io.netty.channel.nio.NioEventLoop.run(NioEventLoop.java:458)
	at org.apache.ratis.thirdparty.io.netty.util.concurrent.SingleThreadEventExecutor$5.run(SingleThreadEventExecutor.java:897)
	at org.apache.ratis.thirdparty.io.netty.util.concurrent.FastThreadLocalRunnable.run(FastThreadLocalRunnable.java:30)
	... 1 more
Caused by: java.net.ConnectException: Connection refused
	... 11 more
2019-10-20 13:11:23,861 [7660b851-9671-46a6-9e1d-7d946f95d492@group-42C3DBE2B33D-LeaderElection3490] INFO  impl.RaftServerImpl (RaftServerImpl.java:setRole(184)) - 7660b851-9671-46a6-9e1d-7d946f95d492@group-42C3DBE2B33D: changes role from CANDIDATE to FOLLOWER at term 211 for DISCOVERED_A_NEW_TERM
2019-10-20 13:11:23,861 [7660b851-9671-46a6-9e1d-7d946f95d492@group-42C3DBE2B33D-LeaderElection3490] INFO  impl.RoleInfo (RoleInfo.java:shutdownLeaderElection(134)) - 7660b851-9671-46a6-9e1d-7d946f95d492: shutdown LeaderElection
2019-10-20 13:11:23,862 [7660b851-9671-46a6-9e1d-7d946f95d492@group-42C3DBE2B33D-LeaderElection3490] INFO  impl.RoleInfo (RoleInfo.java:updateAndGet(143)) - 7660b851-9671-46a6-9e1d-7d946f95d492: start FollowerState
2019-10-20 13:11:23,886 [Thread-25947] INFO  impl.FollowerState (FollowerState.java:run(108)) - 7660b851-9671-46a6-9e1d-7d946f95d492@group-42C3DBE2B33D-FollowerState: change to CANDIDATE, lastRpcTime:24ms, electionTimeout:24ms
2019-10-20 13:11:23,886 [Thread-25947] INFO  impl.RoleInfo (RoleInfo.java:shutdownFollowerState(121)) - 7660b851-9671-46a6-9e1d-7d946f95d492: shutdown FollowerState
2019-10-20 13:11:23,886 [Thread-25947] INFO  impl.RaftServerImpl (RaftServerImpl.java:setRole(184)) - 7660b851-9671-46a6-9e1d-7d946f95d492@group-42C3DBE2B33D: changes role from  FOLLOWER to CANDIDATE at term 211 for changeToCandidate
2019-10-20 13:11:23,886 [Thread-25947] INFO  impl.RoleInfo (RoleInfo.java:updateAndGet(143)) - 7660b851-9671-46a6-9e1d-7d946f95d492: start LeaderElection
2019-10-20 13:11:23,900 [7660b851-9671-46a6-9e1d-7d946f95d492@group-42C3DBE2B33D-LeaderElection3491] INFO  impl.LeaderElection (LeaderElection.java:askForVotes(178)) - 7660b851-9671-46a6-9e1d-7d946f95d492@group-42C3DBE2B33D-LeaderElection3491: begin an election at term 212 for -1: [fdf19479-69c2-4639-b68c-6adde78ca28a:192.168.157.204:42858, 1ac0a8d4-e534-43ce-83b1-426d47a3040d:192.168.157.204:32953, 7660b851-9671-46a6-9e1d-7d946f95d492:192.168.157.204:41682], old=null
2019-10-20 13:11:23,900 [7660b851-9671-46a6-9e1d-7d946f95d492@group-42C3DBE2B33D-LeaderElection3491] INFO  impl.LeaderElection (LogUtils.java:infoOrTrace(149)) - 7660b851-9671-46a6-9e1d-7d946f95d492@group-42C3DBE2B33D-LeaderElection3491 got exception when requesting votes: {}
java.util.concurrent.ExecutionException: org.apache.ratis.thirdparty.io.grpc.StatusRuntimeException: UNAVAILABLE: io exception
	at java.util.concurrent.FutureTask.report(FutureTask.java:122)
	at java.util.concurrent.FutureTask.get(FutureTask.java:192)
	at org.apache.ratis.server.impl.LeaderElection.waitForResults(LeaderElection.java:259)
	at org.apache.ratis.server.impl.LeaderElection.askForVotes(LeaderElection.java:197)
	at org.apache.ratis.server.impl.LeaderElection.run(LeaderElection.java:133)
	at java.lang.Thread.run(Thread.java:748)
Caused by: org.apache.ratis.thirdparty.io.grpc.StatusRuntimeException: UNAVAILABLE: io exception
	at org.apache.ratis.thirdparty.io.grpc.stub.ClientCalls.toStatusRuntimeException(ClientCalls.java:233)
	at org.apache.ratis.thirdparty.io.grpc.stub.ClientCalls.getUnchecked(ClientCalls.java:214)
	at org.apache.ratis.thirdparty.io.grpc.stub.ClientCalls.blockingUnaryCall(ClientCalls.java:139)
	at org.apache.ratis.proto.grpc.RaftServerProtocolServiceGrpc$RaftServerProtocolServiceBlockingStub.requestVote(RaftServerProtocolServiceGrpc.java:265)
	at org.apache.ratis.grpc.server.GrpcServerProtocolClient.requestVote(GrpcServerProtocolClient.java:99)
	at org.apache.ratis.grpc.server.GrpcService.requestVote(GrpcService.java:204)
	at org.apache.ratis.server.impl.LeaderElection.lambda$submitRequests$1(LeaderElection.java:234)
	at java.util.concurrent.FutureTask.run(FutureTask.java:266)
	at java.util.concurrent.Executors$RunnableAdapter.call(Executors.java:511)
	at java.util.concurrent.FutureTask.run(FutureTask.java:266)
	at java.util.concurrent.ThreadPoolExecutor.runWorker(ThreadPoolExecutor.java:1149)
	at java.util.concurrent.ThreadPoolExecutor$Worker.run(ThreadPoolExecutor.java:624)
	... 1 more
Caused by: org.apache.ratis.thirdparty.io.netty.channel.AbstractChannel$AnnotatedConnectException: Connection refused: /192.168.157.204:42858
	at sun.nio.ch.SocketChannelImpl.checkConnect(Native Method)
	at sun.nio.ch.SocketChannelImpl.finishConnect(SocketChannelImpl.java:717)
	at org.apache.ratis.thirdparty.io.netty.channel.socket.nio.NioSocketChannel.doFinishConnect(NioSocketChannel.java:327)
	at org.apache.ratis.thirdparty.io.netty.channel.nio.AbstractNioChannel$AbstractNioUnsafe.finishConnect(AbstractNioChannel.java:340)
	at org.apache.ratis.thirdparty.io.netty.channel.nio.NioEventLoop.processSelectedKey(NioEventLoop.java:632)
	at org.apache.ratis.thirdparty.io.netty.channel.nio.NioEventLoop.processSelectedKeysOptimized(NioEventLoop.java:579)
	at org.apache.ratis.thirdparty.io.netty.channel.nio.NioEventLoop.processSelectedKeys(NioEventLoop.java:496)
	at org.apache.ratis.thirdparty.io.netty.channel.nio.NioEventLoop.run(NioEventLoop.java:458)
	at org.apache.ratis.thirdparty.io.netty.util.concurrent.SingleThreadEventExecutor$5.run(SingleThreadEventExecutor.java:897)
	at org.apache.ratis.thirdparty.io.netty.util.concurrent.FastThreadLocalRunnable.run(FastThreadLocalRunnable.java:30)
	... 1 more
Caused by: java.net.ConnectException: Connection refused
	... 11 more
2019-10-20 13:11:23,901 [7660b851-9671-46a6-9e1d-7d946f95d492@group-42C3DBE2B33D-LeaderElection3491] INFO  impl.LeaderElection (LogUtils.java:infoOrTrace(149)) - 7660b851-9671-46a6-9e1d-7d946f95d492@group-42C3DBE2B33D-LeaderElection3491 got exception when requesting votes: {}
java.util.concurrent.ExecutionException: org.apache.ratis.thirdparty.io.grpc.StatusRuntimeException: UNAVAILABLE: io exception
	at java.util.concurrent.FutureTask.report(FutureTask.java:122)
	at java.util.concurrent.FutureTask.get(FutureTask.java:192)
	at org.apache.ratis.server.impl.LeaderElection.waitForResults(LeaderElection.java:259)
	at org.apache.ratis.server.impl.LeaderElection.askForVotes(LeaderElection.java:197)
	at org.apache.ratis.server.impl.LeaderElection.run(LeaderElection.java:133)
	at java.lang.Thread.run(Thread.java:748)
Caused by: org.apache.ratis.thirdparty.io.grpc.StatusRuntimeException: UNAVAILABLE: io exception
	at org.apache.ratis.thirdparty.io.grpc.stub.ClientCalls.toStatusRuntimeException(ClientCalls.java:233)
	at org.apache.ratis.thirdparty.io.grpc.stub.ClientCalls.getUnchecked(ClientCalls.java:214)
	at org.apache.ratis.thirdparty.io.grpc.stub.ClientCalls.blockingUnaryCall(ClientCalls.java:139)
	at org.apache.ratis.proto.grpc.RaftServerProtocolServiceGrpc$RaftServerProtocolServiceBlockingStub.requestVote(RaftServerProtocolServiceGrpc.java:265)
	at org.apache.ratis.grpc.server.GrpcServerProtocolClient.requestVote(GrpcServerProtocolClient.java:99)
	at org.apache.ratis.grpc.server.GrpcService.requestVote(GrpcService.java:204)
	at org.apache.ratis.server.impl.LeaderElection.lambda$submitRequests$1(LeaderElection.java:234)
	at java.util.concurrent.FutureTask.run(FutureTask.java:266)
	at java.util.concurrent.Executors$RunnableAdapter.call(Executors.java:511)
	at java.util.concurrent.FutureTask.run(FutureTask.java:266)
	at java.util.concurrent.ThreadPoolExecutor.runWorker(ThreadPoolExecutor.java:1149)
	at java.util.concurrent.ThreadPoolExecutor$Worker.run(ThreadPoolExecutor.java:624)
	... 1 more
Caused by: org.apache.ratis.thirdparty.io.netty.channel.AbstractChannel$AnnotatedConnectException: Connection refused: /192.168.157.204:32953
	at sun.nio.ch.SocketChannelImpl.checkConnect(Native Method)
	at sun.nio.ch.SocketChannelImpl.finishConnect(SocketChannelImpl.java:717)
	at org.apache.ratis.thirdparty.io.netty.channel.socket.nio.NioSocketChannel.doFinishConnect(NioSocketChannel.java:327)
	at org.apache.ratis.thirdparty.io.netty.channel.nio.AbstractNioChannel$AbstractNioUnsafe.finishConnect(AbstractNioChannel.java:340)
	at org.apache.ratis.thirdparty.io.netty.channel.nio.NioEventLoop.processSelectedKey(NioEventLoop.java:632)
	at org.apache.ratis.thirdparty.io.netty.channel.nio.NioEventLoop.processSelectedKeysOptimized(NioEventLoop.java:579)
	at org.apache.ratis.thirdparty.io.netty.channel.nio.NioEventLoop.processSelectedKeys(NioEventLoop.java:496)
	at org.apache.ratis.thirdparty.io.netty.channel.nio.NioEventLoop.run(NioEventLoop.java:458)
	at org.apache.ratis.thirdparty.io.netty.util.concurrent.SingleThreadEventExecutor$5.run(SingleThreadEventExecutor.java:897)
	at org.apache.ratis.thirdparty.io.netty.util.concurrent.FastThreadLocalRunnable.run(FastThreadLocalRunnable.java:30)
	... 1 more
Caused by: java.net.ConnectException: Connection refused
	... 11 more
2019-10-20 13:11:23,901 [7660b851-9671-46a6-9e1d-7d946f95d492@group-42C3DBE2B33D-LeaderElection3491] INFO  impl.LeaderElection (LeaderElection.java:logAndReturn(56)) - 7660b851-9671-46a6-9e1d-7d946f95d492@group-42C3DBE2B33D-LeaderElection3491: Election REJECTED; received 0 response(s) [] and 2 exception(s); 7660b851-9671-46a6-9e1d-7d946f95d492@group-42C3DBE2B33D:t212, leader=null, voted=7660b851-9671-46a6-9e1d-7d946f95d492, raftlog=7660b851-9671-46a6-9e1d-7d946f95d492@group-42C3DBE2B33D-SegmentedRaftLog:OPENED:c-1,f-1,i0, conf=-1: [fdf19479-69c2-4639-b68c-6adde78ca28a:192.168.157.204:42858, 1ac0a8d4-e534-43ce-83b1-426d47a3040d:192.168.157.204:32953, 7660b851-9671-46a6-9e1d-7d946f95d492:192.168.157.204:41682], old=null
2019-10-20 13:11:23,901 [7660b851-9671-46a6-9e1d-7d946f95d492@group-42C3DBE2B33D-LeaderElection3491] INFO  impl.LeaderElection (LogUtils.java:infoOrTrace(149)) -   Exception 0: {}
java.util.concurrent.ExecutionException: org.apache.ratis.thirdparty.io.grpc.StatusRuntimeException: UNAVAILABLE: io exception
	at java.util.concurrent.FutureTask.report(FutureTask.java:122)
	at java.util.concurrent.FutureTask.get(FutureTask.java:192)
	at org.apache.ratis.server.impl.LeaderElection.waitForResults(LeaderElection.java:259)
	at org.apache.ratis.server.impl.LeaderElection.askForVotes(LeaderElection.java:197)
	at org.apache.ratis.server.impl.LeaderElection.run(LeaderElection.java:133)
	at java.lang.Thread.run(Thread.java:748)
Caused by: org.apache.ratis.thirdparty.io.grpc.StatusRuntimeException: UNAVAILABLE: io exception
	at org.apache.ratis.thirdparty.io.grpc.stub.ClientCalls.toStatusRuntimeException(ClientCalls.java:233)
	at org.apache.ratis.thirdparty.io.grpc.stub.ClientCalls.getUnchecked(ClientCalls.java:214)
	at org.apache.ratis.thirdparty.io.grpc.stub.ClientCalls.blockingUnaryCall(ClientCalls.java:139)
	at org.apache.ratis.proto.grpc.RaftServerProtocolServiceGrpc$RaftServerProtocolServiceBlockingStub.requestVote(RaftServerProtocolServiceGrpc.java:265)
	at org.apache.ratis.grpc.server.GrpcServerProtocolClient.requestVote(GrpcServerProtocolClient.java:99)
	at org.apache.ratis.grpc.server.GrpcService.requestVote(GrpcService.java:204)
	at org.apache.ratis.server.impl.LeaderElection.lambda$submitRequests$1(LeaderElection.java:234)
	at java.util.concurrent.FutureTask.run(FutureTask.java:266)
	at java.util.concurrent.Executors$RunnableAdapter.call(Executors.java:511)
	at java.util.concurrent.FutureTask.run(FutureTask.java:266)
	at java.util.concurrent.ThreadPoolExecutor.runWorker(ThreadPoolExecutor.java:1149)
	at java.util.concurrent.ThreadPoolExecutor$Worker.run(ThreadPoolExecutor.java:624)
	... 1 more
Caused by: org.apache.ratis.thirdparty.io.netty.channel.AbstractChannel$AnnotatedConnectException: Connection refused: /192.168.157.204:42858
	at sun.nio.ch.SocketChannelImpl.checkConnect(Native Method)
	at sun.nio.ch.SocketChannelImpl.finishConnect(SocketChannelImpl.java:717)
	at org.apache.ratis.thirdparty.io.netty.channel.socket.nio.NioSocketChannel.doFinishConnect(NioSocketChannel.java:327)
	at org.apache.ratis.thirdparty.io.netty.channel.nio.AbstractNioChannel$AbstractNioUnsafe.finishConnect(AbstractNioChannel.java:340)
	at org.apache.ratis.thirdparty.io.netty.channel.nio.NioEventLoop.processSelectedKey(NioEventLoop.java:632)
	at org.apache.ratis.thirdparty.io.netty.channel.nio.NioEventLoop.processSelectedKeysOptimized(NioEventLoop.java:579)
	at org.apache.ratis.thirdparty.io.netty.channel.nio.NioEventLoop.processSelectedKeys(NioEventLoop.java:496)
	at org.apache.ratis.thirdparty.io.netty.channel.nio.NioEventLoop.run(NioEventLoop.java:458)
	at org.apache.ratis.thirdparty.io.netty.util.concurrent.SingleThreadEventExecutor$5.run(SingleThreadEventExecutor.java:897)
	at org.apache.ratis.thirdparty.io.netty.util.concurrent.FastThreadLocalRunnable.run(FastThreadLocalRunnable.java:30)
	... 1 more
Caused by: java.net.ConnectException: Connection refused
	... 11 more
2019-10-20 13:11:23,901 [7660b851-9671-46a6-9e1d-7d946f95d492@group-42C3DBE2B33D-LeaderElection3491] INFO  impl.LeaderElection (LogUtils.java:infoOrTrace(149)) -   Exception 1: {}
java.util.concurrent.ExecutionException: org.apache.ratis.thirdparty.io.grpc.StatusRuntimeException: UNAVAILABLE: io exception
	at java.util.concurrent.FutureTask.report(FutureTask.java:122)
	at java.util.concurrent.FutureTask.get(FutureTask.java:192)
	at org.apache.ratis.server.impl.LeaderElection.waitForResults(LeaderElection.java:259)
	at org.apache.ratis.server.impl.LeaderElection.askForVotes(LeaderElection.java:197)
	at org.apache.ratis.server.impl.LeaderElection.run(LeaderElection.java:133)
	at java.lang.Thread.run(Thread.java:748)
Caused by: org.apache.ratis.thirdparty.io.grpc.StatusRuntimeException: UNAVAILABLE: io exception
	at org.apache.ratis.thirdparty.io.grpc.stub.ClientCalls.toStatusRuntimeException(ClientCalls.java:233)
	at org.apache.ratis.thirdparty.io.grpc.stub.ClientCalls.getUnchecked(ClientCalls.java:214)
	at org.apache.ratis.thirdparty.io.grpc.stub.ClientCalls.blockingUnaryCall(ClientCalls.java:139)
	at org.apache.ratis.proto.grpc.RaftServerProtocolServiceGrpc$RaftServerProtocolServiceBlockingStub.requestVote(RaftServerProtocolServiceGrpc.java:265)
	at org.apache.ratis.grpc.server.GrpcServerProtocolClient.requestVote(GrpcServerProtocolClient.java:99)
	at org.apache.ratis.grpc.server.GrpcService.requestVote(GrpcService.java:204)
	at org.apache.ratis.server.impl.LeaderElection.lambda$submitRequests$1(LeaderElection.java:234)
	at java.util.concurrent.FutureTask.run(FutureTask.java:266)
	at java.util.concurrent.Executors$RunnableAdapter.call(Executors.java:511)
	at java.util.concurrent.FutureTask.run(FutureTask.java:266)
	at java.util.concurrent.ThreadPoolExecutor.runWorker(ThreadPoolExecutor.java:1149)
	at java.util.concurrent.ThreadPoolExecutor$Worker.run(ThreadPoolExecutor.java:624)
	... 1 more
Caused by: org.apache.ratis.thirdparty.io.netty.channel.AbstractChannel$AnnotatedConnectException: Connection refused: /192.168.157.204:32953
	at sun.nio.ch.SocketChannelImpl.checkConnect(Native Method)
	at sun.nio.ch.SocketChannelImpl.finishConnect(SocketChannelImpl.java:717)
	at org.apache.ratis.thirdparty.io.netty.channel.socket.nio.NioSocketChannel.doFinishConnect(NioSocketChannel.java:327)
	at org.apache.ratis.thirdparty.io.netty.channel.nio.AbstractNioChannel$AbstractNioUnsafe.finishConnect(AbstractNioChannel.java:340)
	at org.apache.ratis.thirdparty.io.netty.channel.nio.NioEventLoop.processSelectedKey(NioEventLoop.java:632)
	at org.apache.ratis.thirdparty.io.netty.channel.nio.NioEventLoop.processSelectedKeysOptimized(NioEventLoop.java:579)
	at org.apache.ratis.thirdparty.io.netty.channel.nio.NioEventLoop.processSelectedKeys(NioEventLoop.java:496)
	at org.apache.ratis.thirdparty.io.netty.channel.nio.NioEventLoop.run(NioEventLoop.java:458)
	at org.apache.ratis.thirdparty.io.netty.util.concurrent.SingleThreadEventExecutor$5.run(SingleThreadEventExecutor.java:897)
	at org.apache.ratis.thirdparty.io.netty.util.concurrent.FastThreadLocalRunnable.run(FastThreadLocalRunnable.java:30)
	... 1 more
Caused by: java.net.ConnectException: Connection refused
	... 11 more
2019-10-20 13:11:23,902 [7660b851-9671-46a6-9e1d-7d946f95d492@group-42C3DBE2B33D-LeaderElection3491] INFO  impl.RaftServerImpl (RaftServerImpl.java:setRole(184)) - 7660b851-9671-46a6-9e1d-7d946f95d492@group-42C3DBE2B33D: changes role from CANDIDATE to FOLLOWER at term 212 for DISCOVERED_A_NEW_TERM
2019-10-20 13:11:23,902 [7660b851-9671-46a6-9e1d-7d946f95d492@group-42C3DBE2B33D-LeaderElection3491] INFO  impl.RoleInfo (RoleInfo.java:shutdownLeaderElection(134)) - 7660b851-9671-46a6-9e1d-7d946f95d492: shutdown LeaderElection
2019-10-20 13:11:23,902 [7660b851-9671-46a6-9e1d-7d946f95d492@group-42C3DBE2B33D-LeaderElection3491] INFO  impl.RoleInfo (RoleInfo.java:updateAndGet(143)) - 7660b851-9671-46a6-9e1d-7d946f95d492: start FollowerState
2019-10-20 13:11:24,055 [Thread-25951] INFO  impl.FollowerState (FollowerState.java:run(108)) - 7660b851-9671-46a6-9e1d-7d946f95d492@group-42C3DBE2B33D-FollowerState: change to CANDIDATE, lastRpcTime:153ms, electionTimeout:153ms
2019-10-20 13:11:24,058 [Thread-25951] INFO  impl.RoleInfo (RoleInfo.java:shutdownFollowerState(121)) - 7660b851-9671-46a6-9e1d-7d946f95d492: shutdown FollowerState
2019-10-20 13:11:24,058 [Thread-25951] INFO  impl.RaftServerImpl (RaftServerImpl.java:setRole(184)) - 7660b851-9671-46a6-9e1d-7d946f95d492@group-42C3DBE2B33D: changes role from  FOLLOWER to CANDIDATE at term 212 for changeToCandidate
2019-10-20 13:11:24,059 [Thread-25951] INFO  impl.RoleInfo (RoleInfo.java:updateAndGet(143)) - 7660b851-9671-46a6-9e1d-7d946f95d492: start LeaderElection
2019-10-20 13:11:24,073 [7660b851-9671-46a6-9e1d-7d946f95d492@group-42C3DBE2B33D-LeaderElection3492] INFO  impl.LeaderElection (LeaderElection.java:askForVotes(178)) - 7660b851-9671-46a6-9e1d-7d946f95d492@group-42C3DBE2B33D-LeaderElection3492: begin an election at term 213 for -1: [fdf19479-69c2-4639-b68c-6adde78ca28a:192.168.157.204:42858, 1ac0a8d4-e534-43ce-83b1-426d47a3040d:192.168.157.204:32953, 7660b851-9671-46a6-9e1d-7d946f95d492:192.168.157.204:41682], old=null
2019-10-20 13:11:24,075 [7660b851-9671-46a6-9e1d-7d946f95d492@group-42C3DBE2B33D-LeaderElection3492] INFO  impl.LeaderElection (LogUtils.java:infoOrTrace(149)) - 7660b851-9671-46a6-9e1d-7d946f95d492@group-42C3DBE2B33D-LeaderElection3492 got exception when requesting votes: {}
java.util.concurrent.ExecutionException: org.apache.ratis.thirdparty.io.grpc.StatusRuntimeException: UNAVAILABLE: io exception
	at java.util.concurrent.FutureTask.report(FutureTask.java:122)
	at java.util.concurrent.FutureTask.get(FutureTask.java:192)
	at org.apache.ratis.server.impl.LeaderElection.waitForResults(LeaderElection.java:259)
	at org.apache.ratis.server.impl.LeaderElection.askForVotes(LeaderElection.java:197)
	at org.apache.ratis.server.impl.LeaderElection.run(LeaderElection.java:133)
	at java.lang.Thread.run(Thread.java:748)
Caused by: org.apache.ratis.thirdparty.io.grpc.StatusRuntimeException: UNAVAILABLE: io exception
	at org.apache.ratis.thirdparty.io.grpc.stub.ClientCalls.toStatusRuntimeException(ClientCalls.java:233)
	at org.apache.ratis.thirdparty.io.grpc.stub.ClientCalls.getUnchecked(ClientCalls.java:214)
	at org.apache.ratis.thirdparty.io.grpc.stub.ClientCalls.blockingUnaryCall(ClientCalls.java:139)
	at org.apache.ratis.proto.grpc.RaftServerProtocolServiceGrpc$RaftServerProtocolServiceBlockingStub.requestVote(RaftServerProtocolServiceGrpc.java:265)
	at org.apache.ratis.grpc.server.GrpcServerProtocolClient.requestVote(GrpcServerProtocolClient.java:99)
	at org.apache.ratis.grpc.server.GrpcService.requestVote(GrpcService.java:204)
	at org.apache.ratis.server.impl.LeaderElection.lambda$submitRequests$1(LeaderElection.java:234)
	at java.util.concurrent.FutureTask.run(FutureTask.java:266)
	at java.util.concurrent.Executors$RunnableAdapter.call(Executors.java:511)
	at java.util.concurrent.FutureTask.run(FutureTask.java:266)
	at java.util.concurrent.ThreadPoolExecutor.runWorker(ThreadPoolExecutor.java:1149)
	at java.util.concurrent.ThreadPoolExecutor$Worker.run(ThreadPoolExecutor.java:624)
	... 1 more
Caused by: org.apache.ratis.thirdparty.io.netty.channel.AbstractChannel$AnnotatedConnectException: Connection refused: /192.168.157.204:42858
	at sun.nio.ch.SocketChannelImpl.checkConnect(Native Method)
	at sun.nio.ch.SocketChannelImpl.finishConnect(SocketChannelImpl.java:717)
	at org.apache.ratis.thirdparty.io.netty.channel.socket.nio.NioSocketChannel.doFinishConnect(NioSocketChannel.java:327)
	at org.apache.ratis.thirdparty.io.netty.channel.nio.AbstractNioChannel$AbstractNioUnsafe.finishConnect(AbstractNioChannel.java:340)
	at org.apache.ratis.thirdparty.io.netty.channel.nio.NioEventLoop.processSelectedKey(NioEventLoop.java:632)
	at org.apache.ratis.thirdparty.io.netty.channel.nio.NioEventLoop.processSelectedKeysOptimized(NioEventLoop.java:579)
	at org.apache.ratis.thirdparty.io.netty.channel.nio.NioEventLoop.processSelectedKeys(NioEventLoop.java:496)
	at org.apache.ratis.thirdparty.io.netty.channel.nio.NioEventLoop.run(NioEventLoop.java:458)
	at org.apache.ratis.thirdparty.io.netty.util.concurrent.SingleThreadEventExecutor$5.run(SingleThreadEventExecutor.java:897)
	at org.apache.ratis.thirdparty.io.netty.util.concurrent.FastThreadLocalRunnable.run(FastThreadLocalRunnable.java:30)
	... 1 more
Caused by: java.net.ConnectException: Connection refused
	... 11 more
2019-10-20 13:11:24,077 [7660b851-9671-46a6-9e1d-7d946f95d492@group-42C3DBE2B33D-LeaderElection3492] INFO  impl.LeaderElection (LogUtils.java:infoOrTrace(149)) - 7660b851-9671-46a6-9e1d-7d946f95d492@group-42C3DBE2B33D-LeaderElection3492 got exception when requesting votes: {}
java.util.concurrent.ExecutionException: org.apache.ratis.thirdparty.io.grpc.StatusRuntimeException: UNAVAILABLE: io exception
	at java.util.concurrent.FutureTask.report(FutureTask.java:122)
	at java.util.concurrent.FutureTask.get(FutureTask.java:192)
	at org.apache.ratis.server.impl.LeaderElection.waitForResults(LeaderElection.java:259)
	at org.apache.ratis.server.impl.LeaderElection.askForVotes(LeaderElection.java:197)
	at org.apache.ratis.server.impl.LeaderElection.run(LeaderElection.java:133)
	at java.lang.Thread.run(Thread.java:748)
Caused by: org.apache.ratis.thirdparty.io.grpc.StatusRuntimeException: UNAVAILABLE: io exception
	at org.apache.ratis.thirdparty.io.grpc.stub.ClientCalls.toStatusRuntimeException(ClientCalls.java:233)
	at org.apache.ratis.thirdparty.io.grpc.stub.ClientCalls.getUnchecked(ClientCalls.java:214)
	at org.apache.ratis.thirdparty.io.grpc.stub.ClientCalls.blockingUnaryCall(ClientCalls.java:139)
	at org.apache.ratis.proto.grpc.RaftServerProtocolServiceGrpc$RaftServerProtocolServiceBlockingStub.requestVote(RaftServerProtocolServiceGrpc.java:265)
	at org.apache.ratis.grpc.server.GrpcServerProtocolClient.requestVote(GrpcServerProtocolClient.java:99)
	at org.apache.ratis.grpc.server.GrpcService.requestVote(GrpcService.java:204)
	at org.apache.ratis.server.impl.LeaderElection.lambda$submitRequests$1(LeaderElection.java:234)
	at java.util.concurrent.FutureTask.run(FutureTask.java:266)
	at java.util.concurrent.Executors$RunnableAdapter.call(Executors.java:511)
	at java.util.concurrent.FutureTask.run(FutureTask.java:266)
	at java.util.concurrent.ThreadPoolExecutor.runWorker(ThreadPoolExecutor.java:1149)
	at java.util.concurrent.ThreadPoolExecutor$Worker.run(ThreadPoolExecutor.java:624)
	... 1 more
Caused by: org.apache.ratis.thirdparty.io.netty.channel.AbstractChannel$AnnotatedConnectException: Connection refused: /192.168.157.204:32953
	at sun.nio.ch.SocketChannelImpl.checkConnect(Native Method)
	at sun.nio.ch.SocketChannelImpl.finishConnect(SocketChannelImpl.java:717)
	at org.apache.ratis.thirdparty.io.netty.channel.socket.nio.NioSocketChannel.doFinishConnect(NioSocketChannel.java:327)
	at org.apache.ratis.thirdparty.io.netty.channel.nio.AbstractNioChannel$AbstractNioUnsafe.finishConnect(AbstractNioChannel.java:340)
	at org.apache.ratis.thirdparty.io.netty.channel.nio.NioEventLoop.processSelectedKey(NioEventLoop.java:632)
	at org.apache.ratis.thirdparty.io.netty.channel.nio.NioEventLoop.processSelectedKeysOptimized(NioEventLoop.java:579)
	at org.apache.ratis.thirdparty.io.netty.channel.nio.NioEventLoop.processSelectedKeys(NioEventLoop.java:496)
	at org.apache.ratis.thirdparty.io.netty.channel.nio.NioEventLoop.run(NioEventLoop.java:458)
	at org.apache.ratis.thirdparty.io.netty.util.concurrent.SingleThreadEventExecutor$5.run(SingleThreadEventExecutor.java:897)
	at org.apache.ratis.thirdparty.io.netty.util.concurrent.FastThreadLocalRunnable.run(FastThreadLocalRunnable.java:30)
	... 1 more
Caused by: java.net.ConnectException: Connection refused
	... 11 more
2019-10-20 13:11:24,078 [7660b851-9671-46a6-9e1d-7d946f95d492@group-42C3DBE2B33D-LeaderElection3492] INFO  impl.LeaderElection (LeaderElection.java:logAndReturn(56)) - 7660b851-9671-46a6-9e1d-7d946f95d492@group-42C3DBE2B33D-LeaderElection3492: Election REJECTED; received 0 response(s) [] and 2 exception(s); 7660b851-9671-46a6-9e1d-7d946f95d492@group-42C3DBE2B33D:t213, leader=null, voted=7660b851-9671-46a6-9e1d-7d946f95d492, raftlog=7660b851-9671-46a6-9e1d-7d946f95d492@group-42C3DBE2B33D-SegmentedRaftLog:OPENED:c-1,f-1,i0, conf=-1: [fdf19479-69c2-4639-b68c-6adde78ca28a:192.168.157.204:42858, 1ac0a8d4-e534-43ce-83b1-426d47a3040d:192.168.157.204:32953, 7660b851-9671-46a6-9e1d-7d946f95d492:192.168.157.204:41682], old=null
2019-10-20 13:11:24,078 [7660b851-9671-46a6-9e1d-7d946f95d492@group-42C3DBE2B33D-LeaderElection3492] INFO  impl.LeaderElection (LogUtils.java:infoOrTrace(149)) -   Exception 0: {}
java.util.concurrent.ExecutionException: org.apache.ratis.thirdparty.io.grpc.StatusRuntimeException: UNAVAILABLE: io exception
	at java.util.concurrent.FutureTask.report(FutureTask.java:122)
	at java.util.concurrent.FutureTask.get(FutureTask.java:192)
	at org.apache.ratis.server.impl.LeaderElection.waitForResults(LeaderElection.java:259)
	at org.apache.ratis.server.impl.LeaderElection.askForVotes(LeaderElection.java:197)
	at org.apache.ratis.server.impl.LeaderElection.run(LeaderElection.java:133)
	at java.lang.Thread.run(Thread.java:748)
Caused by: org.apache.ratis.thirdparty.io.grpc.StatusRuntimeException: UNAVAILABLE: io exception
	at org.apache.ratis.thirdparty.io.grpc.stub.ClientCalls.toStatusRuntimeException(ClientCalls.java:233)
	at org.apache.ratis.thirdparty.io.grpc.stub.ClientCalls.getUnchecked(ClientCalls.java:214)
	at org.apache.ratis.thirdparty.io.grpc.stub.ClientCalls.blockingUnaryCall(ClientCalls.java:139)
	at org.apache.ratis.proto.grpc.RaftServerProtocolServiceGrpc$RaftServerProtocolServiceBlockingStub.requestVote(RaftServerProtocolServiceGrpc.java:265)
	at org.apache.ratis.grpc.server.GrpcServerProtocolClient.requestVote(GrpcServerProtocolClient.java:99)
	at org.apache.ratis.grpc.server.GrpcService.requestVote(GrpcService.java:204)
	at org.apache.ratis.server.impl.LeaderElection.lambda$submitRequests$1(LeaderElection.java:234)
	at java.util.concurrent.FutureTask.run(FutureTask.java:266)
	at java.util.concurrent.Executors$RunnableAdapter.call(Executors.java:511)
	at java.util.concurrent.FutureTask.run(FutureTask.java:266)
	at java.util.concurrent.ThreadPoolExecutor.runWorker(ThreadPoolExecutor.java:1149)
	at java.util.concurrent.ThreadPoolExecutor$Worker.run(ThreadPoolExecutor.java:624)
	... 1 more
Caused by: org.apache.ratis.thirdparty.io.netty.channel.AbstractChannel$AnnotatedConnectException: Connection refused: /192.168.157.204:42858
	at sun.nio.ch.SocketChannelImpl.checkConnect(Native Method)
	at sun.nio.ch.SocketChannelImpl.finishConnect(SocketChannelImpl.java:717)
	at org.apache.ratis.thirdparty.io.netty.channel.socket.nio.NioSocketChannel.doFinishConnect(NioSocketChannel.java:327)
	at org.apache.ratis.thirdparty.io.netty.channel.nio.AbstractNioChannel$AbstractNioUnsafe.finishConnect(AbstractNioChannel.java:340)
	at org.apache.ratis.thirdparty.io.netty.channel.nio.NioEventLoop.processSelectedKey(NioEventLoop.java:632)
	at org.apache.ratis.thirdparty.io.netty.channel.nio.NioEventLoop.processSelectedKeysOptimized(NioEventLoop.java:579)
	at org.apache.ratis.thirdparty.io.netty.channel.nio.NioEventLoop.processSelectedKeys(NioEventLoop.java:496)
	at org.apache.ratis.thirdparty.io.netty.channel.nio.NioEventLoop.run(NioEventLoop.java:458)
	at org.apache.ratis.thirdparty.io.netty.util.concurrent.SingleThreadEventExecutor$5.run(SingleThreadEventExecutor.java:897)
	at org.apache.ratis.thirdparty.io.netty.util.concurrent.FastThreadLocalRunnable.run(FastThreadLocalRunnable.java:30)
	... 1 more
Caused by: java.net.ConnectException: Connection refused
	... 11 more
2019-10-20 13:11:24,079 [7660b851-9671-46a6-9e1d-7d946f95d492@group-42C3DBE2B33D-LeaderElection3492] INFO  impl.LeaderElection (LogUtils.java:infoOrTrace(149)) -   Exception 1: {}
java.util.concurrent.ExecutionException: org.apache.ratis.thirdparty.io.grpc.StatusRuntimeException: UNAVAILABLE: io exception
	at java.util.concurrent.FutureTask.report(FutureTask.java:122)
	at java.util.concurrent.FutureTask.get(FutureTask.java:192)
	at org.apache.ratis.server.impl.LeaderElection.waitForResults(LeaderElection.java:259)
	at org.apache.ratis.server.impl.LeaderElection.askForVotes(LeaderElection.java:197)
	at org.apache.ratis.server.impl.LeaderElection.run(LeaderElection.java:133)
	at java.lang.Thread.run(Thread.java:748)
Caused by: org.apache.ratis.thirdparty.io.grpc.StatusRuntimeException: UNAVAILABLE: io exception
	at org.apache.ratis.thirdparty.io.grpc.stub.ClientCalls.toStatusRuntimeException(ClientCalls.java:233)
	at org.apache.ratis.thirdparty.io.grpc.stub.ClientCalls.getUnchecked(ClientCalls.java:214)
	at org.apache.ratis.thirdparty.io.grpc.stub.ClientCalls.blockingUnaryCall(ClientCalls.java:139)
	at org.apache.ratis.proto.grpc.RaftServerProtocolServiceGrpc$RaftServerProtocolServiceBlockingStub.requestVote(RaftServerProtocolServiceGrpc.java:265)
	at org.apache.ratis.grpc.server.GrpcServerProtocolClient.requestVote(GrpcServerProtocolClient.java:99)
	at org.apache.ratis.grpc.server.GrpcService.requestVote(GrpcService.java:204)
	at org.apache.ratis.server.impl.LeaderElection.lambda$submitRequests$1(LeaderElection.java:234)
	at java.util.concurrent.FutureTask.run(FutureTask.java:266)
	at java.util.concurrent.Executors$RunnableAdapter.call(Executors.java:511)
	at java.util.concurrent.FutureTask.run(FutureTask.java:266)
	at java.util.concurrent.ThreadPoolExecutor.runWorker(ThreadPoolExecutor.java:1149)
	at java.util.concurrent.ThreadPoolExecutor$Worker.run(ThreadPoolExecutor.java:624)
	... 1 more
Caused by: org.apache.ratis.thirdparty.io.netty.channel.AbstractChannel$AnnotatedConnectException: Connection refused: /192.168.157.204:32953
	at sun.nio.ch.SocketChannelImpl.checkConnect(Native Method)
	at sun.nio.ch.SocketChannelImpl.finishConnect(SocketChannelImpl.java:717)
	at org.apache.ratis.thirdparty.io.netty.channel.socket.nio.NioSocketChannel.doFinishConnect(NioSocketChannel.java:327)
	at org.apache.ratis.thirdparty.io.netty.channel.nio.AbstractNioChannel$AbstractNioUnsafe.finishConnect(AbstractNioChannel.java:340)
	at org.apache.ratis.thirdparty.io.netty.channel.nio.NioEventLoop.processSelectedKey(NioEventLoop.java:632)
	at org.apache.ratis.thirdparty.io.netty.channel.nio.NioEventLoop.processSelectedKeysOptimized(NioEventLoop.java:579)
	at org.apache.ratis.thirdparty.io.netty.channel.nio.NioEventLoop.processSelectedKeys(NioEventLoop.java:496)
	at org.apache.ratis.thirdparty.io.netty.channel.nio.NioEventLoop.run(NioEventLoop.java:458)
	at org.apache.ratis.thirdparty.io.netty.util.concurrent.SingleThreadEventExecutor$5.run(SingleThreadEventExecutor.java:897)
	at org.apache.ratis.thirdparty.io.netty.util.concurrent.FastThreadLocalRunnable.run(FastThreadLocalRunnable.java:30)
	... 1 more
Caused by: java.net.ConnectException: Connection refused
	... 11 more
2019-10-20 13:11:24,079 [7660b851-9671-46a6-9e1d-7d946f95d492@group-42C3DBE2B33D-LeaderElection3492] INFO  impl.RaftServerImpl (RaftServerImpl.java:setRole(184)) - 7660b851-9671-46a6-9e1d-7d946f95d492@group-42C3DBE2B33D: changes role from CANDIDATE to FOLLOWER at term 213 for DISCOVERED_A_NEW_TERM
2019-10-20 13:11:24,079 [7660b851-9671-46a6-9e1d-7d946f95d492@group-42C3DBE2B33D-LeaderElection3492] INFO  impl.RoleInfo (RoleInfo.java:shutdownLeaderElection(134)) - 7660b851-9671-46a6-9e1d-7d946f95d492: shutdown LeaderElection
2019-10-20 13:11:24,079 [7660b851-9671-46a6-9e1d-7d946f95d492@group-42C3DBE2B33D-LeaderElection3492] INFO  impl.RoleInfo (RoleInfo.java:updateAndGet(143)) - 7660b851-9671-46a6-9e1d-7d946f95d492: start FollowerState
2019-10-20 13:11:24,227 [java.util.concurrent.ThreadPoolExecutor$Worker@3aea53e[State = -1, empty queue]] WARN  server.GrpcLogAppender (GrpcLogAppender.java:timeoutAppendRequest(209)) - 92caf199-1518-46a4-aa0d-e8059f4ddc2b@group-8AAF828E5632->d7eba74f-c3d7-492f-90de-a44c4d301567-GrpcLogAppender: appendEntries Timeout, request=92caf199-1518-46a4-aa0d-e8059f4ddc2b->d7eba74f-c3d7-492f-90de-a44c4d301567#0-t3, previous=(t:2, i:0), leaderCommit=0, initializing? false, entries: <empty>
2019-10-20 13:11:24,261 [Thread-25955] INFO  impl.FollowerState (FollowerState.java:run(108)) - 7660b851-9671-46a6-9e1d-7d946f95d492@group-42C3DBE2B33D-FollowerState: change to CANDIDATE, lastRpcTime:181ms, electionTimeout:181ms
2019-10-20 13:11:24,261 [Thread-25955] INFO  impl.RoleInfo (RoleInfo.java:shutdownFollowerState(121)) - 7660b851-9671-46a6-9e1d-7d946f95d492: shutdown FollowerState
2019-10-20 13:11:24,261 [Thread-25955] INFO  impl.RaftServerImpl (RaftServerImpl.java:setRole(184)) - 7660b851-9671-46a6-9e1d-7d946f95d492@group-42C3DBE2B33D: changes role from  FOLLOWER to CANDIDATE at term 213 for changeToCandidate
2019-10-20 13:11:24,261 [Thread-25955] INFO  impl.RoleInfo (RoleInfo.java:updateAndGet(143)) - 7660b851-9671-46a6-9e1d-7d946f95d492: start LeaderElection
2019-10-20 13:11:24,275 [7660b851-9671-46a6-9e1d-7d946f95d492@group-42C3DBE2B33D-LeaderElection3493] INFO  impl.LeaderElection (LeaderElection.java:askForVotes(178)) - 7660b851-9671-46a6-9e1d-7d946f95d492@group-42C3DBE2B33D-LeaderElection3493: begin an election at term 214 for -1: [fdf19479-69c2-4639-b68c-6adde78ca28a:192.168.157.204:42858, 1ac0a8d4-e534-43ce-83b1-426d47a3040d:192.168.157.204:32953, 7660b851-9671-46a6-9e1d-7d946f95d492:192.168.157.204:41682], old=null
2019-10-20 13:11:24,276 [7660b851-9671-46a6-9e1d-7d946f95d492@group-42C3DBE2B33D-LeaderElection3493] INFO  impl.LeaderElection (LogUtils.java:infoOrTrace(149)) - 7660b851-9671-46a6-9e1d-7d946f95d492@group-42C3DBE2B33D-LeaderElection3493 got exception when requesting votes: {}
java.util.concurrent.ExecutionException: org.apache.ratis.thirdparty.io.grpc.StatusRuntimeException: UNAVAILABLE: io exception
	at java.util.concurrent.FutureTask.report(FutureTask.java:122)
	at java.util.concurrent.FutureTask.get(FutureTask.java:192)
	at org.apache.ratis.server.impl.LeaderElection.waitForResults(LeaderElection.java:259)
	at org.apache.ratis.server.impl.LeaderElection.askForVotes(LeaderElection.java:197)
	at org.apache.ratis.server.impl.LeaderElection.run(LeaderElection.java:133)
	at java.lang.Thread.run(Thread.java:748)
Caused by: org.apache.ratis.thirdparty.io.grpc.StatusRuntimeException: UNAVAILABLE: io exception
	at org.apache.ratis.thirdparty.io.grpc.stub.ClientCalls.toStatusRuntimeException(ClientCalls.java:233)
	at org.apache.ratis.thirdparty.io.grpc.stub.ClientCalls.getUnchecked(ClientCalls.java:214)
	at org.apache.ratis.thirdparty.io.grpc.stub.ClientCalls.blockingUnaryCall(ClientCalls.java:139)
	at org.apache.ratis.proto.grpc.RaftServerProtocolServiceGrpc$RaftServerProtocolServiceBlockingStub.requestVote(RaftServerProtocolServiceGrpc.java:265)
	at org.apache.ratis.grpc.server.GrpcServerProtocolClient.requestVote(GrpcServerProtocolClient.java:99)
	at org.apache.ratis.grpc.server.GrpcService.requestVote(GrpcService.java:204)
	at org.apache.ratis.server.impl.LeaderElection.lambda$submitRequests$1(LeaderElection.java:234)
	at java.util.concurrent.FutureTask.run(FutureTask.java:266)
	at java.util.concurrent.Executors$RunnableAdapter.call(Executors.java:511)
	at java.util.concurrent.FutureTask.run(FutureTask.java:266)
	at java.util.concurrent.ThreadPoolExecutor.runWorker(ThreadPoolExecutor.java:1149)
	at java.util.concurrent.ThreadPoolExecutor$Worker.run(ThreadPoolExecutor.java:624)
	... 1 more
Caused by: org.apache.ratis.thirdparty.io.netty.channel.AbstractChannel$AnnotatedConnectException: Connection refused: /192.168.157.204:42858
	at sun.nio.ch.SocketChannelImpl.checkConnect(Native Method)
	at sun.nio.ch.SocketChannelImpl.finishConnect(SocketChannelImpl.java:717)
	at org.apache.ratis.thirdparty.io.netty.channel.socket.nio.NioSocketChannel.doFinishConnect(NioSocketChannel.java:327)
	at org.apache.ratis.thirdparty.io.netty.channel.nio.AbstractNioChannel$AbstractNioUnsafe.finishConnect(AbstractNioChannel.java:340)
	at org.apache.ratis.thirdparty.io.netty.channel.nio.NioEventLoop.processSelectedKey(NioEventLoop.java:632)
	at org.apache.ratis.thirdparty.io.netty.channel.nio.NioEventLoop.processSelectedKeysOptimized(NioEventLoop.java:579)
	at org.apache.ratis.thirdparty.io.netty.channel.nio.NioEventLoop.processSelectedKeys(NioEventLoop.java:496)
	at org.apache.ratis.thirdparty.io.netty.channel.nio.NioEventLoop.run(NioEventLoop.java:458)
	at org.apache.ratis.thirdparty.io.netty.util.concurrent.SingleThreadEventExecutor$5.run(SingleThreadEventExecutor.java:897)
	at org.apache.ratis.thirdparty.io.netty.util.concurrent.FastThreadLocalRunnable.run(FastThreadLocalRunnable.java:30)
	... 1 more
Caused by: java.net.ConnectException: Connection refused
	... 11 more
2019-10-20 13:11:24,276 [7660b851-9671-46a6-9e1d-7d946f95d492@group-42C3DBE2B33D-LeaderElection3493] INFO  impl.LeaderElection (LogUtils.java:infoOrTrace(149)) - 7660b851-9671-46a6-9e1d-7d946f95d492@group-42C3DBE2B33D-LeaderElection3493 got exception when requesting votes: {}
java.util.concurrent.ExecutionException: org.apache.ratis.thirdparty.io.grpc.StatusRuntimeException: UNAVAILABLE: io exception
	at java.util.concurrent.FutureTask.report(FutureTask.java:122)
	at java.util.concurrent.FutureTask.get(FutureTask.java:192)
	at org.apache.ratis.server.impl.LeaderElection.waitForResults(LeaderElection.java:259)
	at org.apache.ratis.server.impl.LeaderElection.askForVotes(LeaderElection.java:197)
	at org.apache.ratis.server.impl.LeaderElection.run(LeaderElection.java:133)
	at java.lang.Thread.run(Thread.java:748)
Caused by: org.apache.ratis.thirdparty.io.grpc.StatusRuntimeException: UNAVAILABLE: io exception
	at org.apache.ratis.thirdparty.io.grpc.stub.ClientCalls.toStatusRuntimeException(ClientCalls.java:233)
	at org.apache.ratis.thirdparty.io.grpc.stub.ClientCalls.getUnchecked(ClientCalls.java:214)
	at org.apache.ratis.thirdparty.io.grpc.stub.ClientCalls.blockingUnaryCall(ClientCalls.java:139)
	at org.apache.ratis.proto.grpc.RaftServerProtocolServiceGrpc$RaftServerProtocolServiceBlockingStub.requestVote(RaftServerProtocolServiceGrpc.java:265)
	at org.apache.ratis.grpc.server.GrpcServerProtocolClient.requestVote(GrpcServerProtocolClient.java:99)
	at org.apache.ratis.grpc.server.GrpcService.requestVote(GrpcService.java:204)
	at org.apache.ratis.server.impl.LeaderElection.lambda$submitRequests$1(LeaderElection.java:234)
	at java.util.concurrent.FutureTask.run(FutureTask.java:266)
	at java.util.concurrent.Executors$RunnableAdapter.call(Executors.java:511)
	at java.util.concurrent.FutureTask.run(FutureTask.java:266)
	at java.util.concurrent.ThreadPoolExecutor.runWorker(ThreadPoolExecutor.java:1149)
	at java.util.concurrent.ThreadPoolExecutor$Worker.run(ThreadPoolExecutor.java:624)
	... 1 more
Caused by: org.apache.ratis.thirdparty.io.netty.channel.AbstractChannel$AnnotatedConnectException: Connection refused: /192.168.157.204:32953
	at sun.nio.ch.SocketChannelImpl.checkConnect(Native Method)
	at sun.nio.ch.SocketChannelImpl.finishConnect(SocketChannelImpl.java:717)
	at org.apache.ratis.thirdparty.io.netty.channel.socket.nio.NioSocketChannel.doFinishConnect(NioSocketChannel.java:327)
	at org.apache.ratis.thirdparty.io.netty.channel.nio.AbstractNioChannel$AbstractNioUnsafe.finishConnect(AbstractNioChannel.java:340)
	at org.apache.ratis.thirdparty.io.netty.channel.nio.NioEventLoop.processSelectedKey(NioEventLoop.java:632)
	at org.apache.ratis.thirdparty.io.netty.channel.nio.NioEventLoop.processSelectedKeysOptimized(NioEventLoop.java:579)
	at org.apache.ratis.thirdparty.io.netty.channel.nio.NioEventLoop.processSelectedKeys(NioEventLoop.java:496)
	at org.apache.ratis.thirdparty.io.netty.channel.nio.NioEventLoop.run(NioEventLoop.java:458)
	at org.apache.ratis.thirdparty.io.netty.util.concurrent.SingleThreadEventExecutor$5.run(SingleThreadEventExecutor.java:897)
	at org.apache.ratis.thirdparty.io.netty.util.concurrent.FastThreadLocalRunnable.run(FastThreadLocalRunnable.java:30)
	... 1 more
Caused by: java.net.ConnectException: Connection refused
	... 11 more
2019-10-20 13:11:24,277 [7660b851-9671-46a6-9e1d-7d946f95d492@group-42C3DBE2B33D-LeaderElection3493] INFO  impl.LeaderElection (LeaderElection.java:logAndReturn(56)) - 7660b851-9671-46a6-9e1d-7d946f95d492@group-42C3DBE2B33D-LeaderElection3493: Election REJECTED; received 0 response(s) [] and 2 exception(s); 7660b851-9671-46a6-9e1d-7d946f95d492@group-42C3DBE2B33D:t214, leader=null, voted=7660b851-9671-46a6-9e1d-7d946f95d492, raftlog=7660b851-9671-46a6-9e1d-7d946f95d492@group-42C3DBE2B33D-SegmentedRaftLog:OPENED:c-1,f-1,i0, conf=-1: [fdf19479-69c2-4639-b68c-6adde78ca28a:192.168.157.204:42858, 1ac0a8d4-e534-43ce-83b1-426d47a3040d:192.168.157.204:32953, 7660b851-9671-46a6-9e1d-7d946f95d492:192.168.157.204:41682], old=null
2019-10-20 13:11:24,277 [7660b851-9671-46a6-9e1d-7d946f95d492@group-42C3DBE2B33D-LeaderElection3493] INFO  impl.LeaderElection (LogUtils.java:infoOrTrace(149)) -   Exception 0: {}
java.util.concurrent.ExecutionException: org.apache.ratis.thirdparty.io.grpc.StatusRuntimeException: UNAVAILABLE: io exception
	at java.util.concurrent.FutureTask.report(FutureTask.java:122)
	at java.util.concurrent.FutureTask.get(FutureTask.java:192)
	at org.apache.ratis.server.impl.LeaderElection.waitForResults(LeaderElection.java:259)
	at org.apache.ratis.server.impl.LeaderElection.askForVotes(LeaderElection.java:197)
	at org.apache.ratis.server.impl.LeaderElection.run(LeaderElection.java:133)
	at java.lang.Thread.run(Thread.java:748)
Caused by: org.apache.ratis.thirdparty.io.grpc.StatusRuntimeException: UNAVAILABLE: io exception
	at org.apache.ratis.thirdparty.io.grpc.stub.ClientCalls.toStatusRuntimeException(ClientCalls.java:233)
	at org.apache.ratis.thirdparty.io.grpc.stub.ClientCalls.getUnchecked(ClientCalls.java:214)
	at org.apache.ratis.thirdparty.io.grpc.stub.ClientCalls.blockingUnaryCall(ClientCalls.java:139)
	at org.apache.ratis.proto.grpc.RaftServerProtocolServiceGrpc$RaftServerProtocolServiceBlockingStub.requestVote(RaftServerProtocolServiceGrpc.java:265)
	at org.apache.ratis.grpc.server.GrpcServerProtocolClient.requestVote(GrpcServerProtocolClient.java:99)
	at org.apache.ratis.grpc.server.GrpcService.requestVote(GrpcService.java:204)
	at org.apache.ratis.server.impl.LeaderElection.lambda$submitRequests$1(LeaderElection.java:234)
	at java.util.concurrent.FutureTask.run(FutureTask.java:266)
	at java.util.concurrent.Executors$RunnableAdapter.call(Executors.java:511)
	at java.util.concurrent.FutureTask.run(FutureTask.java:266)
	at java.util.concurrent.ThreadPoolExecutor.runWorker(ThreadPoolExecutor.java:1149)
	at java.util.concurrent.ThreadPoolExecutor$Worker.run(ThreadPoolExecutor.java:624)
	... 1 more
Caused by: org.apache.ratis.thirdparty.io.netty.channel.AbstractChannel$AnnotatedConnectException: Connection refused: /192.168.157.204:42858
	at sun.nio.ch.SocketChannelImpl.checkConnect(Native Method)
	at sun.nio.ch.SocketChannelImpl.finishConnect(SocketChannelImpl.java:717)
	at org.apache.ratis.thirdparty.io.netty.channel.socket.nio.NioSocketChannel.doFinishConnect(NioSocketChannel.java:327)
	at org.apache.ratis.thirdparty.io.netty.channel.nio.AbstractNioChannel$AbstractNioUnsafe.finishConnect(AbstractNioChannel.java:340)
	at org.apache.ratis.thirdparty.io.netty.channel.nio.NioEventLoop.processSelectedKey(NioEventLoop.java:632)
	at org.apache.ratis.thirdparty.io.netty.channel.nio.NioEventLoop.processSelectedKeysOptimized(NioEventLoop.java:579)
	at org.apache.ratis.thirdparty.io.netty.channel.nio.NioEventLoop.processSelectedKeys(NioEventLoop.java:496)
	at org.apache.ratis.thirdparty.io.netty.channel.nio.NioEventLoop.run(NioEventLoop.java:458)
	at org.apache.ratis.thirdparty.io.netty.util.concurrent.SingleThreadEventExecutor$5.run(SingleThreadEventExecutor.java:897)
	at org.apache.ratis.thirdparty.io.netty.util.concurrent.FastThreadLocalRunnable.run(FastThreadLocalRunnable.java:30)
	... 1 more
Caused by: java.net.ConnectException: Connection refused
	... 11 more
2019-10-20 13:11:24,277 [7660b851-9671-46a6-9e1d-7d946f95d492@group-42C3DBE2B33D-LeaderElection3493] INFO  impl.LeaderElection (LogUtils.java:infoOrTrace(149)) -   Exception 1: {}
java.util.concurrent.ExecutionException: org.apache.ratis.thirdparty.io.grpc.StatusRuntimeException: UNAVAILABLE: io exception
	at java.util.concurrent.FutureTask.report(FutureTask.java:122)
	at java.util.concurrent.FutureTask.get(FutureTask.java:192)
	at org.apache.ratis.server.impl.LeaderElection.waitForResults(LeaderElection.java:259)
	at org.apache.ratis.server.impl.LeaderElection.askForVotes(LeaderElection.java:197)
	at org.apache.ratis.server.impl.LeaderElection.run(LeaderElection.java:133)
	at java.lang.Thread.run(Thread.java:748)
Caused by: org.apache.ratis.thirdparty.io.grpc.StatusRuntimeException: UNAVAILABLE: io exception
	at org.apache.ratis.thirdparty.io.grpc.stub.ClientCalls.toStatusRuntimeException(ClientCalls.java:233)
	at org.apache.ratis.thirdparty.io.grpc.stub.ClientCalls.getUnchecked(ClientCalls.java:214)
	at org.apache.ratis.thirdparty.io.grpc.stub.ClientCalls.blockingUnaryCall(ClientCalls.java:139)
	at org.apache.ratis.proto.grpc.RaftServerProtocolServiceGrpc$RaftServerProtocolServiceBlockingStub.requestVote(RaftServerProtocolServiceGrpc.java:265)
	at org.apache.ratis.grpc.server.GrpcServerProtocolClient.requestVote(GrpcServerProtocolClient.java:99)
	at org.apache.ratis.grpc.server.GrpcService.requestVote(GrpcService.java:204)
	at org.apache.ratis.server.impl.LeaderElection.lambda$submitRequests$1(LeaderElection.java:234)
	at java.util.concurrent.FutureTask.run(FutureTask.java:266)
	at java.util.concurrent.Executors$RunnableAdapter.call(Executors.java:511)
	at java.util.concurrent.FutureTask.run(FutureTask.java:266)
	at java.util.concurrent.ThreadPoolExecutor.runWorker(ThreadPoolExecutor.java:1149)
	at java.util.concurrent.ThreadPoolExecutor$Worker.run(ThreadPoolExecutor.java:624)
	... 1 more
Caused by: org.apache.ratis.thirdparty.io.netty.channel.AbstractChannel$AnnotatedConnectException: Connection refused: /192.168.157.204:32953
	at sun.nio.ch.SocketChannelImpl.checkConnect(Native Method)
	at sun.nio.ch.SocketChannelImpl.finishConnect(SocketChannelImpl.java:717)
	at org.apache.ratis.thirdparty.io.netty.channel.socket.nio.NioSocketChannel.doFinishConnect(NioSocketChannel.java:327)
	at org.apache.ratis.thirdparty.io.netty.channel.nio.AbstractNioChannel$AbstractNioUnsafe.finishConnect(AbstractNioChannel.java:340)
	at org.apache.ratis.thirdparty.io.netty.channel.nio.NioEventLoop.processSelectedKey(NioEventLoop.java:632)
	at org.apache.ratis.thirdparty.io.netty.channel.nio.NioEventLoop.processSelectedKeysOptimized(NioEventLoop.java:579)
	at org.apache.ratis.thirdparty.io.netty.channel.nio.NioEventLoop.processSelectedKeys(NioEventLoop.java:496)
	at org.apache.ratis.thirdparty.io.netty.channel.nio.NioEventLoop.run(NioEventLoop.java:458)
	at org.apache.ratis.thirdparty.io.netty.util.concurrent.SingleThreadEventExecutor$5.run(SingleThreadEventExecutor.java:897)
	at org.apache.ratis.thirdparty.io.netty.util.concurrent.FastThreadLocalRunnable.run(FastThreadLocalRunnable.java:30)
	... 1 more
Caused by: java.net.ConnectException: Connection refused
	... 11 more
2019-10-20 13:11:24,277 [7660b851-9671-46a6-9e1d-7d946f95d492@group-42C3DBE2B33D-LeaderElection3493] INFO  impl.RaftServerImpl (RaftServerImpl.java:setRole(184)) - 7660b851-9671-46a6-9e1d-7d946f95d492@group-42C3DBE2B33D: changes role from CANDIDATE to FOLLOWER at term 214 for DISCOVERED_A_NEW_TERM
2019-10-20 13:11:24,277 [7660b851-9671-46a6-9e1d-7d946f95d492@group-42C3DBE2B33D-LeaderElection3493] INFO  impl.RoleInfo (RoleInfo.java:shutdownLeaderElection(134)) - 7660b851-9671-46a6-9e1d-7d946f95d492: shutdown LeaderElection
2019-10-20 13:11:24,277 [7660b851-9671-46a6-9e1d-7d946f95d492@group-42C3DBE2B33D-LeaderElection3493] INFO  impl.RoleInfo (RoleInfo.java:updateAndGet(143)) - 7660b851-9671-46a6-9e1d-7d946f95d492: start FollowerState
2019-10-20 13:11:24,371 [Thread-25961] INFO  impl.FollowerState (FollowerState.java:run(108)) - 7660b851-9671-46a6-9e1d-7d946f95d492@group-42C3DBE2B33D-FollowerState: change to CANDIDATE, lastRpcTime:93ms, electionTimeout:93ms
2019-10-20 13:11:24,371 [Thread-25961] INFO  impl.RoleInfo (RoleInfo.java:shutdownFollowerState(121)) - 7660b851-9671-46a6-9e1d-7d946f95d492: shutdown FollowerState
2019-10-20 13:11:24,371 [Thread-25961] INFO  impl.RaftServerImpl (RaftServerImpl.java:setRole(184)) - 7660b851-9671-46a6-9e1d-7d946f95d492@group-42C3DBE2B33D: changes role from  FOLLOWER to CANDIDATE at term 214 for changeToCandidate
2019-10-20 13:11:24,371 [Thread-25961] INFO  impl.RoleInfo (RoleInfo.java:updateAndGet(143)) - 7660b851-9671-46a6-9e1d-7d946f95d492: start LeaderElection
2019-10-20 13:11:24,385 [7660b851-9671-46a6-9e1d-7d946f95d492@group-42C3DBE2B33D-LeaderElection3494] INFO  impl.LeaderElection (LeaderElection.java:askForVotes(178)) - 7660b851-9671-46a6-9e1d-7d946f95d492@group-42C3DBE2B33D-LeaderElection3494: begin an election at term 215 for -1: [fdf19479-69c2-4639-b68c-6adde78ca28a:192.168.157.204:42858, 1ac0a8d4-e534-43ce-83b1-426d47a3040d:192.168.157.204:32953, 7660b851-9671-46a6-9e1d-7d946f95d492:192.168.157.204:41682], old=null
2019-10-20 13:11:24,386 [7660b851-9671-46a6-9e1d-7d946f95d492@group-42C3DBE2B33D-LeaderElection3494] INFO  impl.LeaderElection (LogUtils.java:infoOrTrace(149)) - 7660b851-9671-46a6-9e1d-7d946f95d492@group-42C3DBE2B33D-LeaderElection3494 got exception when requesting votes: {}
java.util.concurrent.ExecutionException: org.apache.ratis.thirdparty.io.grpc.StatusRuntimeException: UNAVAILABLE: io exception
	at java.util.concurrent.FutureTask.report(FutureTask.java:122)
	at java.util.concurrent.FutureTask.get(FutureTask.java:192)
	at org.apache.ratis.server.impl.LeaderElection.waitForResults(LeaderElection.java:259)
	at org.apache.ratis.server.impl.LeaderElection.askForVotes(LeaderElection.java:197)
	at org.apache.ratis.server.impl.LeaderElection.run(LeaderElection.java:133)
	at java.lang.Thread.run(Thread.java:748)
Caused by: org.apache.ratis.thirdparty.io.grpc.StatusRuntimeException: UNAVAILABLE: io exception
	at org.apache.ratis.thirdparty.io.grpc.stub.ClientCalls.toStatusRuntimeException(ClientCalls.java:233)
	at org.apache.ratis.thirdparty.io.grpc.stub.ClientCalls.getUnchecked(ClientCalls.java:214)
	at org.apache.ratis.thirdparty.io.grpc.stub.ClientCalls.blockingUnaryCall(ClientCalls.java:139)
	at org.apache.ratis.proto.grpc.RaftServerProtocolServiceGrpc$RaftServerProtocolServiceBlockingStub.requestVote(RaftServerProtocolServiceGrpc.java:265)
	at org.apache.ratis.grpc.server.GrpcServerProtocolClient.requestVote(GrpcServerProtocolClient.java:99)
	at org.apache.ratis.grpc.server.GrpcService.requestVote(GrpcService.java:204)
	at org.apache.ratis.server.impl.LeaderElection.lambda$submitRequests$1(LeaderElection.java:234)
	at java.util.concurrent.FutureTask.run(FutureTask.java:266)
	at java.util.concurrent.Executors$RunnableAdapter.call(Executors.java:511)
	at java.util.concurrent.FutureTask.run(FutureTask.java:266)
	at java.util.concurrent.ThreadPoolExecutor.runWorker(ThreadPoolExecutor.java:1149)
	at java.util.concurrent.ThreadPoolExecutor$Worker.run(ThreadPoolExecutor.java:624)
	... 1 more
Caused by: org.apache.ratis.thirdparty.io.netty.channel.AbstractChannel$AnnotatedConnectException: Connection refused: /192.168.157.204:42858
	at sun.nio.ch.SocketChannelImpl.checkConnect(Native Method)
	at sun.nio.ch.SocketChannelImpl.finishConnect(SocketChannelImpl.java:717)
	at org.apache.ratis.thirdparty.io.netty.channel.socket.nio.NioSocketChannel.doFinishConnect(NioSocketChannel.java:327)
	at org.apache.ratis.thirdparty.io.netty.channel.nio.AbstractNioChannel$AbstractNioUnsafe.finishConnect(AbstractNioChannel.java:340)
	at org.apache.ratis.thirdparty.io.netty.channel.nio.NioEventLoop.processSelectedKey(NioEventLoop.java:632)
	at org.apache.ratis.thirdparty.io.netty.channel.nio.NioEventLoop.processSelectedKeysOptimized(NioEventLoop.java:579)
	at org.apache.ratis.thirdparty.io.netty.channel.nio.NioEventLoop.processSelectedKeys(NioEventLoop.java:496)
	at org.apache.ratis.thirdparty.io.netty.channel.nio.NioEventLoop.run(NioEventLoop.java:458)
	at org.apache.ratis.thirdparty.io.netty.util.concurrent.SingleThreadEventExecutor$5.run(SingleThreadEventExecutor.java:897)
	at org.apache.ratis.thirdparty.io.netty.util.concurrent.FastThreadLocalRunnable.run(FastThreadLocalRunnable.java:30)
	... 1 more
Caused by: java.net.ConnectException: Connection refused
	... 11 more
2019-10-20 13:11:24,386 [7660b851-9671-46a6-9e1d-7d946f95d492@group-42C3DBE2B33D-LeaderElection3494] INFO  impl.LeaderElection (LogUtils.java:infoOrTrace(149)) - 7660b851-9671-46a6-9e1d-7d946f95d492@group-42C3DBE2B33D-LeaderElection3494 got exception when requesting votes: {}
java.util.concurrent.ExecutionException: org.apache.ratis.thirdparty.io.grpc.StatusRuntimeException: UNAVAILABLE: io exception
	at java.util.concurrent.FutureTask.report(FutureTask.java:122)
	at java.util.concurrent.FutureTask.get(FutureTask.java:192)
	at org.apache.ratis.server.impl.LeaderElection.waitForResults(LeaderElection.java:259)
	at org.apache.ratis.server.impl.LeaderElection.askForVotes(LeaderElection.java:197)
	at org.apache.ratis.server.impl.LeaderElection.run(LeaderElection.java:133)
	at java.lang.Thread.run(Thread.java:748)
Caused by: org.apache.ratis.thirdparty.io.grpc.StatusRuntimeException: UNAVAILABLE: io exception
	at org.apache.ratis.thirdparty.io.grpc.stub.ClientCalls.toStatusRuntimeException(ClientCalls.java:233)
	at org.apache.ratis.thirdparty.io.grpc.stub.ClientCalls.getUnchecked(ClientCalls.java:214)
	at org.apache.ratis.thirdparty.io.grpc.stub.ClientCalls.blockingUnaryCall(ClientCalls.java:139)
	at org.apache.ratis.proto.grpc.RaftServerProtocolServiceGrpc$RaftServerProtocolServiceBlockingStub.requestVote(RaftServerProtocolServiceGrpc.java:265)
	at org.apache.ratis.grpc.server.GrpcServerProtocolClient.requestVote(GrpcServerProtocolClient.java:99)
	at org.apache.ratis.grpc.server.GrpcService.requestVote(GrpcService.java:204)
	at org.apache.ratis.server.impl.LeaderElection.lambda$submitRequests$1(LeaderElection.java:234)
	at java.util.concurrent.FutureTask.run(FutureTask.java:266)
	at java.util.concurrent.Executors$RunnableAdapter.call(Executors.java:511)
	at java.util.concurrent.FutureTask.run(FutureTask.java:266)
	at java.util.concurrent.ThreadPoolExecutor.runWorker(ThreadPoolExecutor.java:1149)
	at java.util.concurrent.ThreadPoolExecutor$Worker.run(ThreadPoolExecutor.java:624)
	... 1 more
Caused by: org.apache.ratis.thirdparty.io.netty.channel.AbstractChannel$AnnotatedConnectException: Connection refused: /192.168.157.204:32953
	at sun.nio.ch.SocketChannelImpl.checkConnect(Native Method)
	at sun.nio.ch.SocketChannelImpl.finishConnect(SocketChannelImpl.java:717)
	at org.apache.ratis.thirdparty.io.netty.channel.socket.nio.NioSocketChannel.doFinishConnect(NioSocketChannel.java:327)
	at org.apache.ratis.thirdparty.io.netty.channel.nio.AbstractNioChannel$AbstractNioUnsafe.finishConnect(AbstractNioChannel.java:340)
	at org.apache.ratis.thirdparty.io.netty.channel.nio.NioEventLoop.processSelectedKey(NioEventLoop.java:632)
	at org.apache.ratis.thirdparty.io.netty.channel.nio.NioEventLoop.processSelectedKeysOptimized(NioEventLoop.java:579)
	at org.apache.ratis.thirdparty.io.netty.channel.nio.NioEventLoop.processSelectedKeys(NioEventLoop.java:496)
	at org.apache.ratis.thirdparty.io.netty.channel.nio.NioEventLoop.run(NioEventLoop.java:458)
	at org.apache.ratis.thirdparty.io.netty.util.concurrent.SingleThreadEventExecutor$5.run(SingleThreadEventExecutor.java:897)
	at org.apache.ratis.thirdparty.io.netty.util.concurrent.FastThreadLocalRunnable.run(FastThreadLocalRunnable.java:30)
	... 1 more
Caused by: java.net.ConnectException: Connection refused
	... 11 more
2019-10-20 13:11:24,386 [7660b851-9671-46a6-9e1d-7d946f95d492@group-42C3DBE2B33D-LeaderElection3494] INFO  impl.LeaderElection (LeaderElection.java:logAndReturn(56)) - 7660b851-9671-46a6-9e1d-7d946f95d492@group-42C3DBE2B33D-LeaderElection3494: Election REJECTED; received 0 response(s) [] and 2 exception(s); 7660b851-9671-46a6-9e1d-7d946f95d492@group-42C3DBE2B33D:t215, leader=null, voted=7660b851-9671-46a6-9e1d-7d946f95d492, raftlog=7660b851-9671-46a6-9e1d-7d946f95d492@group-42C3DBE2B33D-SegmentedRaftLog:OPENED:c-1,f-1,i0, conf=-1: [fdf19479-69c2-4639-b68c-6adde78ca28a:192.168.157.204:42858, 1ac0a8d4-e534-43ce-83b1-426d47a3040d:192.168.157.204:32953, 7660b851-9671-46a6-9e1d-7d946f95d492:192.168.157.204:41682], old=null
2019-10-20 13:11:24,387 [7660b851-9671-46a6-9e1d-7d946f95d492@group-42C3DBE2B33D-LeaderElection3494] INFO  impl.LeaderElection (LogUtils.java:infoOrTrace(149)) -   Exception 0: {}
java.util.concurrent.ExecutionException: org.apache.ratis.thirdparty.io.grpc.StatusRuntimeException: UNAVAILABLE: io exception
	at java.util.concurrent.FutureTask.report(FutureTask.java:122)
	at java.util.concurrent.FutureTask.get(FutureTask.java:192)
	at org.apache.ratis.server.impl.LeaderElection.waitForResults(LeaderElection.java:259)
	at org.apache.ratis.server.impl.LeaderElection.askForVotes(LeaderElection.java:197)
	at org.apache.ratis.server.impl.LeaderElection.run(LeaderElection.java:133)
	at java.lang.Thread.run(Thread.java:748)
Caused by: org.apache.ratis.thirdparty.io.grpc.StatusRuntimeException: UNAVAILABLE: io exception
	at org.apache.ratis.thirdparty.io.grpc.stub.ClientCalls.toStatusRuntimeException(ClientCalls.java:233)
	at org.apache.ratis.thirdparty.io.grpc.stub.ClientCalls.getUnchecked(ClientCalls.java:214)
	at org.apache.ratis.thirdparty.io.grpc.stub.ClientCalls.blockingUnaryCall(ClientCalls.java:139)
	at org.apache.ratis.proto.grpc.RaftServerProtocolServiceGrpc$RaftServerProtocolServiceBlockingStub.requestVote(RaftServerProtocolServiceGrpc.java:265)
	at org.apache.ratis.grpc.server.GrpcServerProtocolClient.requestVote(GrpcServerProtocolClient.java:99)
	at org.apache.ratis.grpc.server.GrpcService.requestVote(GrpcService.java:204)
	at org.apache.ratis.server.impl.LeaderElection.lambda$submitRequests$1(LeaderElection.java:234)
	at java.util.concurrent.FutureTask.run(FutureTask.java:266)
	at java.util.concurrent.Executors$RunnableAdapter.call(Executors.java:511)
	at java.util.concurrent.FutureTask.run(FutureTask.java:266)
	at java.util.concurrent.ThreadPoolExecutor.runWorker(ThreadPoolExecutor.java:1149)
	at java.util.concurrent.ThreadPoolExecutor$Worker.run(ThreadPoolExecutor.java:624)
	... 1 more
Caused by: org.apache.ratis.thirdparty.io.netty.channel.AbstractChannel$AnnotatedConnectException: Connection refused: /192.168.157.204:42858
	at sun.nio.ch.SocketChannelImpl.checkConnect(Native Method)
	at sun.nio.ch.SocketChannelImpl.finishConnect(SocketChannelImpl.java:717)
	at org.apache.ratis.thirdparty.io.netty.channel.socket.nio.NioSocketChannel.doFinishConnect(NioSocketChannel.java:327)
	at org.apache.ratis.thirdparty.io.netty.channel.nio.AbstractNioChannel$AbstractNioUnsafe.finishConnect(AbstractNioChannel.java:340)
	at org.apache.ratis.thirdparty.io.netty.channel.nio.NioEventLoop.processSelectedKey(NioEventLoop.java:632)
	at org.apache.ratis.thirdparty.io.netty.channel.nio.NioEventLoop.processSelectedKeysOptimized(NioEventLoop.java:579)
	at org.apache.ratis.thirdparty.io.netty.channel.nio.NioEventLoop.processSelectedKeys(NioEventLoop.java:496)
	at org.apache.ratis.thirdparty.io.netty.channel.nio.NioEventLoop.run(NioEventLoop.java:458)
	at org.apache.ratis.thirdparty.io.netty.util.concurrent.SingleThreadEventExecutor$5.run(SingleThreadEventExecutor.java:897)
	at org.apache.ratis.thirdparty.io.netty.util.concurrent.FastThreadLocalRunnable.run(FastThreadLocalRunnable.java:30)
	... 1 more
Caused by: java.net.ConnectException: Connection refused
	... 11 more
2019-10-20 13:11:24,387 [7660b851-9671-46a6-9e1d-7d946f95d492@group-42C3DBE2B33D-LeaderElection3494] INFO  impl.LeaderElection (LogUtils.java:infoOrTrace(149)) -   Exception 1: {}
java.util.concurrent.ExecutionException: org.apache.ratis.thirdparty.io.grpc.StatusRuntimeException: UNAVAILABLE: io exception
	at java.util.concurrent.FutureTask.report(FutureTask.java:122)
	at java.util.concurrent.FutureTask.get(FutureTask.java:192)
	at org.apache.ratis.server.impl.LeaderElection.waitForResults(LeaderElection.java:259)
	at org.apache.ratis.server.impl.LeaderElection.askForVotes(LeaderElection.java:197)
	at org.apache.ratis.server.impl.LeaderElection.run(LeaderElection.java:133)
	at java.lang.Thread.run(Thread.java:748)
Caused by: org.apache.ratis.thirdparty.io.grpc.StatusRuntimeException: UNAVAILABLE: io exception
	at org.apache.ratis.thirdparty.io.grpc.stub.ClientCalls.toStatusRuntimeException(ClientCalls.java:233)
	at org.apache.ratis.thirdparty.io.grpc.stub.ClientCalls.getUnchecked(ClientCalls.java:214)
	at org.apache.ratis.thirdparty.io.grpc.stub.ClientCalls.blockingUnaryCall(ClientCalls.java:139)
	at org.apache.ratis.proto.grpc.RaftServerProtocolServiceGrpc$RaftServerProtocolServiceBlockingStub.requestVote(RaftServerProtocolServiceGrpc.java:265)
	at org.apache.ratis.grpc.server.GrpcServerProtocolClient.requestVote(GrpcServerProtocolClient.java:99)
	at org.apache.ratis.grpc.server.GrpcService.requestVote(GrpcService.java:204)
	at org.apache.ratis.server.impl.LeaderElection.lambda$submitRequests$1(LeaderElection.java:234)
	at java.util.concurrent.FutureTask.run(FutureTask.java:266)
	at java.util.concurrent.Executors$RunnableAdapter.call(Executors.java:511)
	at java.util.concurrent.FutureTask.run(FutureTask.java:266)
	at java.util.concurrent.ThreadPoolExecutor.runWorker(ThreadPoolExecutor.java:1149)
	at java.util.concurrent.ThreadPoolExecutor$Worker.run(ThreadPoolExecutor.java:624)
	... 1 more
Caused by: org.apache.ratis.thirdparty.io.netty.channel.AbstractChannel$AnnotatedConnectException: Connection refused: /192.168.157.204:32953
	at sun.nio.ch.SocketChannelImpl.checkConnect(Native Method)
	at sun.nio.ch.SocketChannelImpl.finishConnect(SocketChannelImpl.java:717)
	at org.apache.ratis.thirdparty.io.netty.channel.socket.nio.NioSocketChannel.doFinishConnect(NioSocketChannel.java:327)
	at org.apache.ratis.thirdparty.io.netty.channel.nio.AbstractNioChannel$AbstractNioUnsafe.finishConnect(AbstractNioChannel.java:340)
	at org.apache.ratis.thirdparty.io.netty.channel.nio.NioEventLoop.processSelectedKey(NioEventLoop.java:632)
	at org.apache.ratis.thirdparty.io.netty.channel.nio.NioEventLoop.processSelectedKeysOptimized(NioEventLoop.java:579)
	at org.apache.ratis.thirdparty.io.netty.channel.nio.NioEventLoop.processSelectedKeys(NioEventLoop.java:496)
	at org.apache.ratis.thirdparty.io.netty.channel.nio.NioEventLoop.run(NioEventLoop.java:458)
	at org.apache.ratis.thirdparty.io.netty.util.concurrent.SingleThreadEventExecutor$5.run(SingleThreadEventExecutor.java:897)
	at org.apache.ratis.thirdparty.io.netty.util.concurrent.FastThreadLocalRunnable.run(FastThreadLocalRunnable.java:30)
	... 1 more
Caused by: java.net.ConnectException: Connection refused
	... 11 more
2019-10-20 13:11:24,387 [7660b851-9671-46a6-9e1d-7d946f95d492@group-42C3DBE2B33D-LeaderElection3494] INFO  impl.RaftServerImpl (RaftServerImpl.java:setRole(184)) - 7660b851-9671-46a6-9e1d-7d946f95d492@group-42C3DBE2B33D: changes role from CANDIDATE to FOLLOWER at term 215 for DISCOVERED_A_NEW_TERM
2019-10-20 13:11:24,387 [7660b851-9671-46a6-9e1d-7d946f95d492@group-42C3DBE2B33D-LeaderElection3494] INFO  impl.RoleInfo (RoleInfo.java:shutdownLeaderElection(134)) - 7660b851-9671-46a6-9e1d-7d946f95d492: shutdown LeaderElection
2019-10-20 13:11:24,387 [7660b851-9671-46a6-9e1d-7d946f95d492@group-42C3DBE2B33D-LeaderElection3494] INFO  impl.RoleInfo (RoleInfo.java:updateAndGet(143)) - 7660b851-9671-46a6-9e1d-7d946f95d492: start FollowerState
2019-10-20 13:11:24,513 [Thread-25966] INFO  impl.FollowerState (FollowerState.java:run(108)) - 7660b851-9671-46a6-9e1d-7d946f95d492@group-42C3DBE2B33D-FollowerState: change to CANDIDATE, lastRpcTime:125ms, electionTimeout:125ms
2019-10-20 13:11:24,513 [Thread-25966] INFO  impl.RoleInfo (RoleInfo.java:shutdownFollowerState(121)) - 7660b851-9671-46a6-9e1d-7d946f95d492: shutdown FollowerState
2019-10-20 13:11:24,513 [Thread-25966] INFO  impl.RaftServerImpl (RaftServerImpl.java:setRole(184)) - 7660b851-9671-46a6-9e1d-7d946f95d492@group-42C3DBE2B33D: changes role from  FOLLOWER to CANDIDATE at term 215 for changeToCandidate
2019-10-20 13:11:24,513 [Thread-25966] INFO  impl.RoleInfo (RoleInfo.java:updateAndGet(143)) - 7660b851-9671-46a6-9e1d-7d946f95d492: start LeaderElection
2019-10-20 13:11:24,527 [7660b851-9671-46a6-9e1d-7d946f95d492@group-42C3DBE2B33D-LeaderElection3495] INFO  impl.LeaderElection (LeaderElection.java:askForVotes(178)) - 7660b851-9671-46a6-9e1d-7d946f95d492@group-42C3DBE2B33D-LeaderElection3495: begin an election at term 216 for -1: [fdf19479-69c2-4639-b68c-6adde78ca28a:192.168.157.204:42858, 1ac0a8d4-e534-43ce-83b1-426d47a3040d:192.168.157.204:32953, 7660b851-9671-46a6-9e1d-7d946f95d492:192.168.157.204:41682], old=null
2019-10-20 13:11:24,528 [7660b851-9671-46a6-9e1d-7d946f95d492@group-42C3DBE2B33D-LeaderElection3495] INFO  impl.LeaderElection (LogUtils.java:infoOrTrace(149)) - 7660b851-9671-46a6-9e1d-7d946f95d492@group-42C3DBE2B33D-LeaderElection3495 got exception when requesting votes: {}
java.util.concurrent.ExecutionException: org.apache.ratis.thirdparty.io.grpc.StatusRuntimeException: UNAVAILABLE: io exception
	at java.util.concurrent.FutureTask.report(FutureTask.java:122)
	at java.util.concurrent.FutureTask.get(FutureTask.java:192)
	at org.apache.ratis.server.impl.LeaderElection.waitForResults(LeaderElection.java:259)
	at org.apache.ratis.server.impl.LeaderElection.askForVotes(LeaderElection.java:197)
	at org.apache.ratis.server.impl.LeaderElection.run(LeaderElection.java:133)
	at java.lang.Thread.run(Thread.java:748)
Caused by: org.apache.ratis.thirdparty.io.grpc.StatusRuntimeException: UNAVAILABLE: io exception
	at org.apache.ratis.thirdparty.io.grpc.stub.ClientCalls.toStatusRuntimeException(ClientCalls.java:233)
	at org.apache.ratis.thirdparty.io.grpc.stub.ClientCalls.getUnchecked(ClientCalls.java:214)
	at org.apache.ratis.thirdparty.io.grpc.stub.ClientCalls.blockingUnaryCall(ClientCalls.java:139)
	at org.apache.ratis.proto.grpc.RaftServerProtocolServiceGrpc$RaftServerProtocolServiceBlockingStub.requestVote(RaftServerProtocolServiceGrpc.java:265)
	at org.apache.ratis.grpc.server.GrpcServerProtocolClient.requestVote(GrpcServerProtocolClient.java:99)
	at org.apache.ratis.grpc.server.GrpcService.requestVote(GrpcService.java:204)
	at org.apache.ratis.server.impl.LeaderElection.lambda$submitRequests$1(LeaderElection.java:234)
	at java.util.concurrent.FutureTask.run(FutureTask.java:266)
	at java.util.concurrent.Executors$RunnableAdapter.call(Executors.java:511)
	at java.util.concurrent.FutureTask.run(FutureTask.java:266)
	at java.util.concurrent.ThreadPoolExecutor.runWorker(ThreadPoolExecutor.java:1149)
	at java.util.concurrent.ThreadPoolExecutor$Worker.run(ThreadPoolExecutor.java:624)
	... 1 more
Caused by: org.apache.ratis.thirdparty.io.netty.channel.AbstractChannel$AnnotatedConnectException: Connection refused: /192.168.157.204:42858
	at sun.nio.ch.SocketChannelImpl.checkConnect(Native Method)
	at sun.nio.ch.SocketChannelImpl.finishConnect(SocketChannelImpl.java:717)
	at org.apache.ratis.thirdparty.io.netty.channel.socket.nio.NioSocketChannel.doFinishConnect(NioSocketChannel.java:327)
	at org.apache.ratis.thirdparty.io.netty.channel.nio.AbstractNioChannel$AbstractNioUnsafe.finishConnect(AbstractNioChannel.java:340)
	at org.apache.ratis.thirdparty.io.netty.channel.nio.NioEventLoop.processSelectedKey(NioEventLoop.java:632)
	at org.apache.ratis.thirdparty.io.netty.channel.nio.NioEventLoop.processSelectedKeysOptimized(NioEventLoop.java:579)
	at org.apache.ratis.thirdparty.io.netty.channel.nio.NioEventLoop.processSelectedKeys(NioEventLoop.java:496)
	at org.apache.ratis.thirdparty.io.netty.channel.nio.NioEventLoop.run(NioEventLoop.java:458)
	at org.apache.ratis.thirdparty.io.netty.util.concurrent.SingleThreadEventExecutor$5.run(SingleThreadEventExecutor.java:897)
	at org.apache.ratis.thirdparty.io.netty.util.concurrent.FastThreadLocalRunnable.run(FastThreadLocalRunnable.java:30)
	... 1 more
Caused by: java.net.ConnectException: Connection refused
	... 11 more
2019-10-20 13:11:24,528 [7660b851-9671-46a6-9e1d-7d946f95d492@group-42C3DBE2B33D-LeaderElection3495] INFO  impl.LeaderElection (LogUtils.java:infoOrTrace(149)) - 7660b851-9671-46a6-9e1d-7d946f95d492@group-42C3DBE2B33D-LeaderElection3495 got exception when requesting votes: {}
java.util.concurrent.ExecutionException: org.apache.ratis.thirdparty.io.grpc.StatusRuntimeException: UNAVAILABLE: io exception
	at java.util.concurrent.FutureTask.report(FutureTask.java:122)
	at java.util.concurrent.FutureTask.get(FutureTask.java:192)
	at org.apache.ratis.server.impl.LeaderElection.waitForResults(LeaderElection.java:259)
	at org.apache.ratis.server.impl.LeaderElection.askForVotes(LeaderElection.java:197)
	at org.apache.ratis.server.impl.LeaderElection.run(LeaderElection.java:133)
	at java.lang.Thread.run(Thread.java:748)
Caused by: org.apache.ratis.thirdparty.io.grpc.StatusRuntimeException: UNAVAILABLE: io exception
	at org.apache.ratis.thirdparty.io.grpc.stub.ClientCalls.toStatusRuntimeException(ClientCalls.java:233)
	at org.apache.ratis.thirdparty.io.grpc.stub.ClientCalls.getUnchecked(ClientCalls.java:214)
	at org.apache.ratis.thirdparty.io.grpc.stub.ClientCalls.blockingUnaryCall(ClientCalls.java:139)
	at org.apache.ratis.proto.grpc.RaftServerProtocolServiceGrpc$RaftServerProtocolServiceBlockingStub.requestVote(RaftServerProtocolServiceGrpc.java:265)
	at org.apache.ratis.grpc.server.GrpcServerProtocolClient.requestVote(GrpcServerProtocolClient.java:99)
	at org.apache.ratis.grpc.server.GrpcService.requestVote(GrpcService.java:204)
	at org.apache.ratis.server.impl.LeaderElection.lambda$submitRequests$1(LeaderElection.java:234)
	at java.util.concurrent.FutureTask.run(FutureTask.java:266)
	at java.util.concurrent.Executors$RunnableAdapter.call(Executors.java:511)
	at java.util.concurrent.FutureTask.run(FutureTask.java:266)
	at java.util.concurrent.ThreadPoolExecutor.runWorker(ThreadPoolExecutor.java:1149)
	at java.util.concurrent.ThreadPoolExecutor$Worker.run(ThreadPoolExecutor.java:624)
	... 1 more
Caused by: org.apache.ratis.thirdparty.io.netty.channel.AbstractChannel$AnnotatedConnectException: Connection refused: /192.168.157.204:32953
	at sun.nio.ch.SocketChannelImpl.checkConnect(Native Method)
	at sun.nio.ch.SocketChannelImpl.finishConnect(SocketChannelImpl.java:717)
	at org.apache.ratis.thirdparty.io.netty.channel.socket.nio.NioSocketChannel.doFinishConnect(NioSocketChannel.java:327)
	at org.apache.ratis.thirdparty.io.netty.channel.nio.AbstractNioChannel$AbstractNioUnsafe.finishConnect(AbstractNioChannel.java:340)
	at org.apache.ratis.thirdparty.io.netty.channel.nio.NioEventLoop.processSelectedKey(NioEventLoop.java:632)
	at org.apache.ratis.thirdparty.io.netty.channel.nio.NioEventLoop.processSelectedKeysOptimized(NioEventLoop.java:579)
	at org.apache.ratis.thirdparty.io.netty.channel.nio.NioEventLoop.processSelectedKeys(NioEventLoop.java:496)
	at org.apache.ratis.thirdparty.io.netty.channel.nio.NioEventLoop.run(NioEventLoop.java:458)
	at org.apache.ratis.thirdparty.io.netty.util.concurrent.SingleThreadEventExecutor$5.run(SingleThreadEventExecutor.java:897)
	at org.apache.ratis.thirdparty.io.netty.util.concurrent.FastThreadLocalRunnable.run(FastThreadLocalRunnable.java:30)
	... 1 more
Caused by: java.net.ConnectException: Connection refused
	... 11 more
2019-10-20 13:11:24,528 [7660b851-9671-46a6-9e1d-7d946f95d492@group-42C3DBE2B33D-LeaderElection3495] INFO  impl.LeaderElection (LeaderElection.java:logAndReturn(56)) - 7660b851-9671-46a6-9e1d-7d946f95d492@group-42C3DBE2B33D-LeaderElection3495: Election REJECTED; received 0 response(s) [] and 2 exception(s); 7660b851-9671-46a6-9e1d-7d946f95d492@group-42C3DBE2B33D:t216, leader=null, voted=7660b851-9671-46a6-9e1d-7d946f95d492, raftlog=7660b851-9671-46a6-9e1d-7d946f95d492@group-42C3DBE2B33D-SegmentedRaftLog:OPENED:c-1,f-1,i0, conf=-1: [fdf19479-69c2-4639-b68c-6adde78ca28a:192.168.157.204:42858, 1ac0a8d4-e534-43ce-83b1-426d47a3040d:192.168.157.204:32953, 7660b851-9671-46a6-9e1d-7d946f95d492:192.168.157.204:41682], old=null
2019-10-20 13:11:24,528 [7660b851-9671-46a6-9e1d-7d946f95d492@group-42C3DBE2B33D-LeaderElection3495] INFO  impl.LeaderElection (LogUtils.java:infoOrTrace(149)) -   Exception 0: {}
java.util.concurrent.ExecutionException: org.apache.ratis.thirdparty.io.grpc.StatusRuntimeException: UNAVAILABLE: io exception
	at java.util.concurrent.FutureTask.report(FutureTask.java:122)
	at java.util.concurrent.FutureTask.get(FutureTask.java:192)
	at org.apache.ratis.server.impl.LeaderElection.waitForResults(LeaderElection.java:259)
	at org.apache.ratis.server.impl.LeaderElection.askForVotes(LeaderElection.java:197)
	at org.apache.ratis.server.impl.LeaderElection.run(LeaderElection.java:133)
	at java.lang.Thread.run(Thread.java:748)
Caused by: org.apache.ratis.thirdparty.io.grpc.StatusRuntimeException: UNAVAILABLE: io exception
	at org.apache.ratis.thirdparty.io.grpc.stub.ClientCalls.toStatusRuntimeException(ClientCalls.java:233)
	at org.apache.ratis.thirdparty.io.grpc.stub.ClientCalls.getUnchecked(ClientCalls.java:214)
	at org.apache.ratis.thirdparty.io.grpc.stub.ClientCalls.blockingUnaryCall(ClientCalls.java:139)
	at org.apache.ratis.proto.grpc.RaftServerProtocolServiceGrpc$RaftServerProtocolServiceBlockingStub.requestVote(RaftServerProtocolServiceGrpc.java:265)
	at org.apache.ratis.grpc.server.GrpcServerProtocolClient.requestVote(GrpcServerProtocolClient.java:99)
	at org.apache.ratis.grpc.server.GrpcService.requestVote(GrpcService.java:204)
	at org.apache.ratis.server.impl.LeaderElection.lambda$submitRequests$1(LeaderElection.java:234)
	at java.util.concurrent.FutureTask.run(FutureTask.java:266)
	at java.util.concurrent.Executors$RunnableAdapter.call(Executors.java:511)
	at java.util.concurrent.FutureTask.run(FutureTask.java:266)
	at java.util.concurrent.ThreadPoolExecutor.runWorker(ThreadPoolExecutor.java:1149)
	at java.util.concurrent.ThreadPoolExecutor$Worker.run(ThreadPoolExecutor.java:624)
	... 1 more
Caused by: org.apache.ratis.thirdparty.io.netty.channel.AbstractChannel$AnnotatedConnectException: Connection refused: /192.168.157.204:42858
	at sun.nio.ch.SocketChannelImpl.checkConnect(Native Method)
	at sun.nio.ch.SocketChannelImpl.finishConnect(SocketChannelImpl.java:717)
	at org.apache.ratis.thirdparty.io.netty.channel.socket.nio.NioSocketChannel.doFinishConnect(NioSocketChannel.java:327)
	at org.apache.ratis.thirdparty.io.netty.channel.nio.AbstractNioChannel$AbstractNioUnsafe.finishConnect(AbstractNioChannel.java:340)
	at org.apache.ratis.thirdparty.io.netty.channel.nio.NioEventLoop.processSelectedKey(NioEventLoop.java:632)
	at org.apache.ratis.thirdparty.io.netty.channel.nio.NioEventLoop.processSelectedKeysOptimized(NioEventLoop.java:579)
	at org.apache.ratis.thirdparty.io.netty.channel.nio.NioEventLoop.processSelectedKeys(NioEventLoop.java:496)
	at org.apache.ratis.thirdparty.io.netty.channel.nio.NioEventLoop.run(NioEventLoop.java:458)
	at org.apache.ratis.thirdparty.io.netty.util.concurrent.SingleThreadEventExecutor$5.run(SingleThreadEventExecutor.java:897)
	at org.apache.ratis.thirdparty.io.netty.util.concurrent.FastThreadLocalRunnable.run(FastThreadLocalRunnable.java:30)
	... 1 more
Caused by: java.net.ConnectException: Connection refused
	... 11 more
2019-10-20 13:11:24,529 [7660b851-9671-46a6-9e1d-7d946f95d492@group-42C3DBE2B33D-LeaderElection3495] INFO  impl.LeaderElection (LogUtils.java:infoOrTrace(149)) -   Exception 1: {}
java.util.concurrent.ExecutionException: org.apache.ratis.thirdparty.io.grpc.StatusRuntimeException: UNAVAILABLE: io exception
	at java.util.concurrent.FutureTask.report(FutureTask.java:122)
	at java.util.concurrent.FutureTask.get(FutureTask.java:192)
	at org.apache.ratis.server.impl.LeaderElection.waitForResults(LeaderElection.java:259)
	at org.apache.ratis.server.impl.LeaderElection.askForVotes(LeaderElection.java:197)
	at org.apache.ratis.server.impl.LeaderElection.run(LeaderElection.java:133)
	at java.lang.Thread.run(Thread.java:748)
Caused by: org.apache.ratis.thirdparty.io.grpc.StatusRuntimeException: UNAVAILABLE: io exception
	at org.apache.ratis.thirdparty.io.grpc.stub.ClientCalls.toStatusRuntimeException(ClientCalls.java:233)
	at org.apache.ratis.thirdparty.io.grpc.stub.ClientCalls.getUnchecked(ClientCalls.java:214)
	at org.apache.ratis.thirdparty.io.grpc.stub.ClientCalls.blockingUnaryCall(ClientCalls.java:139)
	at org.apache.ratis.proto.grpc.RaftServerProtocolServiceGrpc$RaftServerProtocolServiceBlockingStub.requestVote(RaftServerProtocolServiceGrpc.java:265)
	at org.apache.ratis.grpc.server.GrpcServerProtocolClient.requestVote(GrpcServerProtocolClient.java:99)
	at org.apache.ratis.grpc.server.GrpcService.requestVote(GrpcService.java:204)
	at org.apache.ratis.server.impl.LeaderElection.lambda$submitRequests$1(LeaderElection.java:234)
	at java.util.concurrent.FutureTask.run(FutureTask.java:266)
	at java.util.concurrent.Executors$RunnableAdapter.call(Executors.java:511)
	at java.util.concurrent.FutureTask.run(FutureTask.java:266)
	at java.util.concurrent.ThreadPoolExecutor.runWorker(ThreadPoolExecutor.java:1149)
	at java.util.concurrent.ThreadPoolExecutor$Worker.run(ThreadPoolExecutor.java:624)
	... 1 more
Caused by: org.apache.ratis.thirdparty.io.netty.channel.AbstractChannel$AnnotatedConnectException: Connection refused: /192.168.157.204:32953
	at sun.nio.ch.SocketChannelImpl.checkConnect(Native Method)
	at sun.nio.ch.SocketChannelImpl.finishConnect(SocketChannelImpl.java:717)
	at org.apache.ratis.thirdparty.io.netty.channel.socket.nio.NioSocketChannel.doFinishConnect(NioSocketChannel.java:327)
	at org.apache.ratis.thirdparty.io.netty.channel.nio.AbstractNioChannel$AbstractNioUnsafe.finishConnect(AbstractNioChannel.java:340)
	at org.apache.ratis.thirdparty.io.netty.channel.nio.NioEventLoop.processSelectedKey(NioEventLoop.java:632)
	at org.apache.ratis.thirdparty.io.netty.channel.nio.NioEventLoop.processSelectedKeysOptimized(NioEventLoop.java:579)
	at org.apache.ratis.thirdparty.io.netty.channel.nio.NioEventLoop.processSelectedKeys(NioEventLoop.java:496)
	at org.apache.ratis.thirdparty.io.netty.channel.nio.NioEventLoop.run(NioEventLoop.java:458)
	at org.apache.ratis.thirdparty.io.netty.util.concurrent.SingleThreadEventExecutor$5.run(SingleThreadEventExecutor.java:897)
	at org.apache.ratis.thirdparty.io.netty.util.concurrent.FastThreadLocalRunnable.run(FastThreadLocalRunnable.java:30)
	... 1 more
Caused by: java.net.ConnectException: Connection refused
	... 11 more
2019-10-20 13:11:24,529 [7660b851-9671-46a6-9e1d-7d946f95d492@group-42C3DBE2B33D-LeaderElection3495] INFO  impl.RaftServerImpl (RaftServerImpl.java:setRole(184)) - 7660b851-9671-46a6-9e1d-7d946f95d492@group-42C3DBE2B33D: changes role from CANDIDATE to FOLLOWER at term 216 for DISCOVERED_A_NEW_TERM
2019-10-20 13:11:24,529 [7660b851-9671-46a6-9e1d-7d946f95d492@group-42C3DBE2B33D-LeaderElection3495] INFO  impl.RoleInfo (RoleInfo.java:shutdownLeaderElection(134)) - 7660b851-9671-46a6-9e1d-7d946f95d492: shutdown LeaderElection
2019-10-20 13:11:24,529 [7660b851-9671-46a6-9e1d-7d946f95d492@group-42C3DBE2B33D-LeaderElection3495] INFO  impl.RoleInfo (RoleInfo.java:updateAndGet(143)) - 7660b851-9671-46a6-9e1d-7d946f95d492: start FollowerState
2019-10-20 13:11:24,577 [Thread-25970] INFO  impl.FollowerState (FollowerState.java:run(108)) - 7660b851-9671-46a6-9e1d-7d946f95d492@group-42C3DBE2B33D-FollowerState: change to CANDIDATE, lastRpcTime:47ms, electionTimeout:47ms
2019-10-20 13:11:24,577 [Thread-25970] INFO  impl.RoleInfo (RoleInfo.java:shutdownFollowerState(121)) - 7660b851-9671-46a6-9e1d-7d946f95d492: shutdown FollowerState
2019-10-20 13:11:24,577 [Thread-25970] INFO  impl.RaftServerImpl (RaftServerImpl.java:setRole(184)) - 7660b851-9671-46a6-9e1d-7d946f95d492@group-42C3DBE2B33D: changes role from  FOLLOWER to CANDIDATE at term 216 for changeToCandidate
2019-10-20 13:11:24,577 [Thread-25970] INFO  impl.RoleInfo (RoleInfo.java:updateAndGet(143)) - 7660b851-9671-46a6-9e1d-7d946f95d492: start LeaderElection
2019-10-20 13:11:24,591 [7660b851-9671-46a6-9e1d-7d946f95d492@group-42C3DBE2B33D-LeaderElection3496] INFO  impl.LeaderElection (LeaderElection.java:askForVotes(178)) - 7660b851-9671-46a6-9e1d-7d946f95d492@group-42C3DBE2B33D-LeaderElection3496: begin an election at term 217 for -1: [fdf19479-69c2-4639-b68c-6adde78ca28a:192.168.157.204:42858, 1ac0a8d4-e534-43ce-83b1-426d47a3040d:192.168.157.204:32953, 7660b851-9671-46a6-9e1d-7d946f95d492:192.168.157.204:41682], old=null
2019-10-20 13:11:24,592 [7660b851-9671-46a6-9e1d-7d946f95d492@group-42C3DBE2B33D-LeaderElection3496] INFO  impl.LeaderElection (LogUtils.java:infoOrTrace(149)) - 7660b851-9671-46a6-9e1d-7d946f95d492@group-42C3DBE2B33D-LeaderElection3496 got exception when requesting votes: {}
java.util.concurrent.ExecutionException: org.apache.ratis.thirdparty.io.grpc.StatusRuntimeException: UNAVAILABLE: io exception
	at java.util.concurrent.FutureTask.report(FutureTask.java:122)
	at java.util.concurrent.FutureTask.get(FutureTask.java:192)
	at org.apache.ratis.server.impl.LeaderElection.waitForResults(LeaderElection.java:259)
	at org.apache.ratis.server.impl.LeaderElection.askForVotes(LeaderElection.java:197)
	at org.apache.ratis.server.impl.LeaderElection.run(LeaderElection.java:133)
	at java.lang.Thread.run(Thread.java:748)
Caused by: org.apache.ratis.thirdparty.io.grpc.StatusRuntimeException: UNAVAILABLE: io exception
	at org.apache.ratis.thirdparty.io.grpc.stub.ClientCalls.toStatusRuntimeException(ClientCalls.java:233)
	at org.apache.ratis.thirdparty.io.grpc.stub.ClientCalls.getUnchecked(ClientCalls.java:214)
	at org.apache.ratis.thirdparty.io.grpc.stub.ClientCalls.blockingUnaryCall(ClientCalls.java:139)
	at org.apache.ratis.proto.grpc.RaftServerProtocolServiceGrpc$RaftServerProtocolServiceBlockingStub.requestVote(RaftServerProtocolServiceGrpc.java:265)
	at org.apache.ratis.grpc.server.GrpcServerProtocolClient.requestVote(GrpcServerProtocolClient.java:99)
	at org.apache.ratis.grpc.server.GrpcService.requestVote(GrpcService.java:204)
	at org.apache.ratis.server.impl.LeaderElection.lambda$submitRequests$1(LeaderElection.java:234)
	at java.util.concurrent.FutureTask.run(FutureTask.java:266)
	at java.util.concurrent.Executors$RunnableAdapter.call(Executors.java:511)
	at java.util.concurrent.FutureTask.run(FutureTask.java:266)
	at java.util.concurrent.ThreadPoolExecutor.runWorker(ThreadPoolExecutor.java:1149)
	at java.util.concurrent.ThreadPoolExecutor$Worker.run(ThreadPoolExecutor.java:624)
	... 1 more
Caused by: org.apache.ratis.thirdparty.io.netty.channel.AbstractChannel$AnnotatedConnectException: Connection refused: /192.168.157.204:42858
	at sun.nio.ch.SocketChannelImpl.checkConnect(Native Method)
	at sun.nio.ch.SocketChannelImpl.finishConnect(SocketChannelImpl.java:717)
	at org.apache.ratis.thirdparty.io.netty.channel.socket.nio.NioSocketChannel.doFinishConnect(NioSocketChannel.java:327)
	at org.apache.ratis.thirdparty.io.netty.channel.nio.AbstractNioChannel$AbstractNioUnsafe.finishConnect(AbstractNioChannel.java:340)
	at org.apache.ratis.thirdparty.io.netty.channel.nio.NioEventLoop.processSelectedKey(NioEventLoop.java:632)
	at org.apache.ratis.thirdparty.io.netty.channel.nio.NioEventLoop.processSelectedKeysOptimized(NioEventLoop.java:579)
	at org.apache.ratis.thirdparty.io.netty.channel.nio.NioEventLoop.processSelectedKeys(NioEventLoop.java:496)
	at org.apache.ratis.thirdparty.io.netty.channel.nio.NioEventLoop.run(NioEventLoop.java:458)
	at org.apache.ratis.thirdparty.io.netty.util.concurrent.SingleThreadEventExecutor$5.run(SingleThreadEventExecutor.java:897)
	at org.apache.ratis.thirdparty.io.netty.util.concurrent.FastThreadLocalRunnable.run(FastThreadLocalRunnable.java:30)
	... 1 more
Caused by: java.net.ConnectException: Connection refused
	... 11 more
2019-10-20 13:11:24,592 [7660b851-9671-46a6-9e1d-7d946f95d492@group-42C3DBE2B33D-LeaderElection3496] INFO  impl.LeaderElection (LogUtils.java:infoOrTrace(149)) - 7660b851-9671-46a6-9e1d-7d946f95d492@group-42C3DBE2B33D-LeaderElection3496 got exception when requesting votes: {}
java.util.concurrent.ExecutionException: org.apache.ratis.thirdparty.io.grpc.StatusRuntimeException: UNAVAILABLE: io exception
	at java.util.concurrent.FutureTask.report(FutureTask.java:122)
	at java.util.concurrent.FutureTask.get(FutureTask.java:192)
	at org.apache.ratis.server.impl.LeaderElection.waitForResults(LeaderElection.java:259)
	at org.apache.ratis.server.impl.LeaderElection.askForVotes(LeaderElection.java:197)
	at org.apache.ratis.server.impl.LeaderElection.run(LeaderElection.java:133)
	at java.lang.Thread.run(Thread.java:748)
Caused by: org.apache.ratis.thirdparty.io.grpc.StatusRuntimeException: UNAVAILABLE: io exception
	at org.apache.ratis.thirdparty.io.grpc.stub.ClientCalls.toStatusRuntimeException(ClientCalls.java:233)
	at org.apache.ratis.thirdparty.io.grpc.stub.ClientCalls.getUnchecked(ClientCalls.java:214)
	at org.apache.ratis.thirdparty.io.grpc.stub.ClientCalls.blockingUnaryCall(ClientCalls.java:139)
	at org.apache.ratis.proto.grpc.RaftServerProtocolServiceGrpc$RaftServerProtocolServiceBlockingStub.requestVote(RaftServerProtocolServiceGrpc.java:265)
	at org.apache.ratis.grpc.server.GrpcServerProtocolClient.requestVote(GrpcServerProtocolClient.java:99)
	at org.apache.ratis.grpc.server.GrpcService.requestVote(GrpcService.java:204)
	at org.apache.ratis.server.impl.LeaderElection.lambda$submitRequests$1(LeaderElection.java:234)
	at java.util.concurrent.FutureTask.run(FutureTask.java:266)
	at java.util.concurrent.Executors$RunnableAdapter.call(Executors.java:511)
	at java.util.concurrent.FutureTask.run(FutureTask.java:266)
	at java.util.concurrent.ThreadPoolExecutor.runWorker(ThreadPoolExecutor.java:1149)
	at java.util.concurrent.ThreadPoolExecutor$Worker.run(ThreadPoolExecutor.java:624)
	... 1 more
Caused by: org.apache.ratis.thirdparty.io.netty.channel.AbstractChannel$AnnotatedConnectException: Connection refused: /192.168.157.204:32953
	at sun.nio.ch.SocketChannelImpl.checkConnect(Native Method)
	at sun.nio.ch.SocketChannelImpl.finishConnect(SocketChannelImpl.java:717)
	at org.apache.ratis.thirdparty.io.netty.channel.socket.nio.NioSocketChannel.doFinishConnect(NioSocketChannel.java:327)
	at org.apache.ratis.thirdparty.io.netty.channel.nio.AbstractNioChannel$AbstractNioUnsafe.finishConnect(AbstractNioChannel.java:340)
	at org.apache.ratis.thirdparty.io.netty.channel.nio.NioEventLoop.processSelectedKey(NioEventLoop.java:632)
	at org.apache.ratis.thirdparty.io.netty.channel.nio.NioEventLoop.processSelectedKeysOptimized(NioEventLoop.java:579)
	at org.apache.ratis.thirdparty.io.netty.channel.nio.NioEventLoop.processSelectedKeys(NioEventLoop.java:496)
	at org.apache.ratis.thirdparty.io.netty.channel.nio.NioEventLoop.run(NioEventLoop.java:458)
	at org.apache.ratis.thirdparty.io.netty.util.concurrent.SingleThreadEventExecutor$5.run(SingleThreadEventExecutor.java:897)
	at org.apache.ratis.thirdparty.io.netty.util.concurrent.FastThreadLocalRunnable.run(FastThreadLocalRunnable.java:30)
	... 1 more
Caused by: java.net.ConnectException: Connection refused
	... 11 more
2019-10-20 13:11:24,592 [7660b851-9671-46a6-9e1d-7d946f95d492@group-42C3DBE2B33D-LeaderElection3496] INFO  impl.LeaderElection (LeaderElection.java:logAndReturn(56)) - 7660b851-9671-46a6-9e1d-7d946f95d492@group-42C3DBE2B33D-LeaderElection3496: Election REJECTED; received 0 response(s) [] and 2 exception(s); 7660b851-9671-46a6-9e1d-7d946f95d492@group-42C3DBE2B33D:t217, leader=null, voted=7660b851-9671-46a6-9e1d-7d946f95d492, raftlog=7660b851-9671-46a6-9e1d-7d946f95d492@group-42C3DBE2B33D-SegmentedRaftLog:OPENED:c-1,f-1,i0, conf=-1: [fdf19479-69c2-4639-b68c-6adde78ca28a:192.168.157.204:42858, 1ac0a8d4-e534-43ce-83b1-426d47a3040d:192.168.157.204:32953, 7660b851-9671-46a6-9e1d-7d946f95d492:192.168.157.204:41682], old=null
2019-10-20 13:11:24,592 [7660b851-9671-46a6-9e1d-7d946f95d492@group-42C3DBE2B33D-LeaderElection3496] INFO  impl.LeaderElection (LogUtils.java:infoOrTrace(149)) -   Exception 0: {}
java.util.concurrent.ExecutionException: org.apache.ratis.thirdparty.io.grpc.StatusRuntimeException: UNAVAILABLE: io exception
	at java.util.concurrent.FutureTask.report(FutureTask.java:122)
	at java.util.concurrent.FutureTask.get(FutureTask.java:192)
	at org.apache.ratis.server.impl.LeaderElection.waitForResults(LeaderElection.java:259)
	at org.apache.ratis.server.impl.LeaderElection.askForVotes(LeaderElection.java:197)
	at org.apache.ratis.server.impl.LeaderElection.run(LeaderElection.java:133)
	at java.lang.Thread.run(Thread.java:748)
Caused by: org.apache.ratis.thirdparty.io.grpc.StatusRuntimeException: UNAVAILABLE: io exception
	at org.apache.ratis.thirdparty.io.grpc.stub.ClientCalls.toStatusRuntimeException(ClientCalls.java:233)
	at org.apache.ratis.thirdparty.io.grpc.stub.ClientCalls.getUnchecked(ClientCalls.java:214)
	at org.apache.ratis.thirdparty.io.grpc.stub.ClientCalls.blockingUnaryCall(ClientCalls.java:139)
	at org.apache.ratis.proto.grpc.RaftServerProtocolServiceGrpc$RaftServerProtocolServiceBlockingStub.requestVote(RaftServerProtocolServiceGrpc.java:265)
	at org.apache.ratis.grpc.server.GrpcServerProtocolClient.requestVote(GrpcServerProtocolClient.java:99)
	at org.apache.ratis.grpc.server.GrpcService.requestVote(GrpcService.java:204)
	at org.apache.ratis.server.impl.LeaderElection.lambda$submitRequests$1(LeaderElection.java:234)
	at java.util.concurrent.FutureTask.run(FutureTask.java:266)
	at java.util.concurrent.Executors$RunnableAdapter.call(Executors.java:511)
	at java.util.concurrent.FutureTask.run(FutureTask.java:266)
	at java.util.concurrent.ThreadPoolExecutor.runWorker(ThreadPoolExecutor.java:1149)
	at java.util.concurrent.ThreadPoolExecutor$Worker.run(ThreadPoolExecutor.java:624)
	... 1 more
Caused by: org.apache.ratis.thirdparty.io.netty.channel.AbstractChannel$AnnotatedConnectException: Connection refused: /192.168.157.204:42858
	at sun.nio.ch.SocketChannelImpl.checkConnect(Native Method)
	at sun.nio.ch.SocketChannelImpl.finishConnect(SocketChannelImpl.java:717)
	at org.apache.ratis.thirdparty.io.netty.channel.socket.nio.NioSocketChannel.doFinishConnect(NioSocketChannel.java:327)
	at org.apache.ratis.thirdparty.io.netty.channel.nio.AbstractNioChannel$AbstractNioUnsafe.finishConnect(AbstractNioChannel.java:340)
	at org.apache.ratis.thirdparty.io.netty.channel.nio.NioEventLoop.processSelectedKey(NioEventLoop.java:632)
	at org.apache.ratis.thirdparty.io.netty.channel.nio.NioEventLoop.processSelectedKeysOptimized(NioEventLoop.java:579)
	at org.apache.ratis.thirdparty.io.netty.channel.nio.NioEventLoop.processSelectedKeys(NioEventLoop.java:496)
	at org.apache.ratis.thirdparty.io.netty.channel.nio.NioEventLoop.run(NioEventLoop.java:458)
	at org.apache.ratis.thirdparty.io.netty.util.concurrent.SingleThreadEventExecutor$5.run(SingleThreadEventExecutor.java:897)
	at org.apache.ratis.thirdparty.io.netty.util.concurrent.FastThreadLocalRunnable.run(FastThreadLocalRunnable.java:30)
	... 1 more
Caused by: java.net.ConnectException: Connection refused
	... 11 more
2019-10-20 13:11:24,593 [7660b851-9671-46a6-9e1d-7d946f95d492@group-42C3DBE2B33D-LeaderElection3496] INFO  impl.LeaderElection (LogUtils.java:infoOrTrace(149)) -   Exception 1: {}
java.util.concurrent.ExecutionException: org.apache.ratis.thirdparty.io.grpc.StatusRuntimeException: UNAVAILABLE: io exception
	at java.util.concurrent.FutureTask.report(FutureTask.java:122)
	at java.util.concurrent.FutureTask.get(FutureTask.java:192)
	at org.apache.ratis.server.impl.LeaderElection.waitForResults(LeaderElection.java:259)
	at org.apache.ratis.server.impl.LeaderElection.askForVotes(LeaderElection.java:197)
	at org.apache.ratis.server.impl.LeaderElection.run(LeaderElection.java:133)
	at java.lang.Thread.run(Thread.java:748)
Caused by: org.apache.ratis.thirdparty.io.grpc.StatusRuntimeException: UNAVAILABLE: io exception
	at org.apache.ratis.thirdparty.io.grpc.stub.ClientCalls.toStatusRuntimeException(ClientCalls.java:233)
	at org.apache.ratis.thirdparty.io.grpc.stub.ClientCalls.getUnchecked(ClientCalls.java:214)
	at org.apache.ratis.thirdparty.io.grpc.stub.ClientCalls.blockingUnaryCall(ClientCalls.java:139)
	at org.apache.ratis.proto.grpc.RaftServerProtocolServiceGrpc$RaftServerProtocolServiceBlockingStub.requestVote(RaftServerProtocolServiceGrpc.java:265)
	at org.apache.ratis.grpc.server.GrpcServerProtocolClient.requestVote(GrpcServerProtocolClient.java:99)
	at org.apache.ratis.grpc.server.GrpcService.requestVote(GrpcService.java:204)
	at org.apache.ratis.server.impl.LeaderElection.lambda$submitRequests$1(LeaderElection.java:234)
	at java.util.concurrent.FutureTask.run(FutureTask.java:266)
	at java.util.concurrent.Executors$RunnableAdapter.call(Executors.java:511)
	at java.util.concurrent.FutureTask.run(FutureTask.java:266)
	at java.util.concurrent.ThreadPoolExecutor.runWorker(ThreadPoolExecutor.java:1149)
	at java.util.concurrent.ThreadPoolExecutor$Worker.run(ThreadPoolExecutor.java:624)
	... 1 more
Caused by: org.apache.ratis.thirdparty.io.netty.channel.AbstractChannel$AnnotatedConnectException: Connection refused: /192.168.157.204:32953
	at sun.nio.ch.SocketChannelImpl.checkConnect(Native Method)
	at sun.nio.ch.SocketChannelImpl.finishConnect(SocketChannelImpl.java:717)
	at org.apache.ratis.thirdparty.io.netty.channel.socket.nio.NioSocketChannel.doFinishConnect(NioSocketChannel.java:327)
	at org.apache.ratis.thirdparty.io.netty.channel.nio.AbstractNioChannel$AbstractNioUnsafe.finishConnect(AbstractNioChannel.java:340)
	at org.apache.ratis.thirdparty.io.netty.channel.nio.NioEventLoop.processSelectedKey(NioEventLoop.java:632)
	at org.apache.ratis.thirdparty.io.netty.channel.nio.NioEventLoop.processSelectedKeysOptimized(NioEventLoop.java:579)
	at org.apache.ratis.thirdparty.io.netty.channel.nio.NioEventLoop.processSelectedKeys(NioEventLoop.java:496)
	at org.apache.ratis.thirdparty.io.netty.channel.nio.NioEventLoop.run(NioEventLoop.java:458)
	at org.apache.ratis.thirdparty.io.netty.util.concurrent.SingleThreadEventExecutor$5.run(SingleThreadEventExecutor.java:897)
	at org.apache.ratis.thirdparty.io.netty.util.concurrent.FastThreadLocalRunnable.run(FastThreadLocalRunnable.java:30)
	... 1 more
Caused by: java.net.ConnectException: Connection refused
	... 11 more
2019-10-20 13:11:24,593 [7660b851-9671-46a6-9e1d-7d946f95d492@group-42C3DBE2B33D-LeaderElection3496] INFO  impl.RaftServerImpl (RaftServerImpl.java:setRole(184)) - 7660b851-9671-46a6-9e1d-7d946f95d492@group-42C3DBE2B33D: changes role from CANDIDATE to FOLLOWER at term 217 for DISCOVERED_A_NEW_TERM
2019-10-20 13:11:24,593 [7660b851-9671-46a6-9e1d-7d946f95d492@group-42C3DBE2B33D-LeaderElection3496] INFO  impl.RoleInfo (RoleInfo.java:shutdownLeaderElection(134)) - 7660b851-9671-46a6-9e1d-7d946f95d492: shutdown LeaderElection
2019-10-20 13:11:24,593 [7660b851-9671-46a6-9e1d-7d946f95d492@group-42C3DBE2B33D-LeaderElection3496] INFO  impl.RoleInfo (RoleInfo.java:updateAndGet(143)) - 7660b851-9671-46a6-9e1d-7d946f95d492: start FollowerState
2019-10-20 13:11:24,644 [Thread-25974] INFO  impl.FollowerState (FollowerState.java:run(108)) - 7660b851-9671-46a6-9e1d-7d946f95d492@group-42C3DBE2B33D-FollowerState: change to CANDIDATE, lastRpcTime:50ms, electionTimeout:50ms
2019-10-20 13:11:24,644 [Thread-25974] INFO  impl.RoleInfo (RoleInfo.java:shutdownFollowerState(121)) - 7660b851-9671-46a6-9e1d-7d946f95d492: shutdown FollowerState
2019-10-20 13:11:24,644 [Thread-25974] INFO  impl.RaftServerImpl (RaftServerImpl.java:setRole(184)) - 7660b851-9671-46a6-9e1d-7d946f95d492@group-42C3DBE2B33D: changes role from  FOLLOWER to CANDIDATE at term 217 for changeToCandidate
2019-10-20 13:11:24,644 [Thread-25974] INFO  impl.RoleInfo (RoleInfo.java:updateAndGet(143)) - 7660b851-9671-46a6-9e1d-7d946f95d492: start LeaderElection
2019-10-20 13:11:24,657 [7660b851-9671-46a6-9e1d-7d946f95d492@group-42C3DBE2B33D-LeaderElection3497] INFO  impl.LeaderElection (LeaderElection.java:askForVotes(178)) - 7660b851-9671-46a6-9e1d-7d946f95d492@group-42C3DBE2B33D-LeaderElection3497: begin an election at term 218 for -1: [fdf19479-69c2-4639-b68c-6adde78ca28a:192.168.157.204:42858, 1ac0a8d4-e534-43ce-83b1-426d47a3040d:192.168.157.204:32953, 7660b851-9671-46a6-9e1d-7d946f95d492:192.168.157.204:41682], old=null
2019-10-20 13:11:24,658 [7660b851-9671-46a6-9e1d-7d946f95d492@group-42C3DBE2B33D-LeaderElection3497] INFO  impl.LeaderElection (LogUtils.java:infoOrTrace(149)) - 7660b851-9671-46a6-9e1d-7d946f95d492@group-42C3DBE2B33D-LeaderElection3497 got exception when requesting votes: {}
java.util.concurrent.ExecutionException: org.apache.ratis.thirdparty.io.grpc.StatusRuntimeException: UNAVAILABLE: io exception
	at java.util.concurrent.FutureTask.report(FutureTask.java:122)
	at java.util.concurrent.FutureTask.get(FutureTask.java:192)
	at org.apache.ratis.server.impl.LeaderElection.waitForResults(LeaderElection.java:259)
	at org.apache.ratis.server.impl.LeaderElection.askForVotes(LeaderElection.java:197)
	at org.apache.ratis.server.impl.LeaderElection.run(LeaderElection.java:133)
	at java.lang.Thread.run(Thread.java:748)
Caused by: org.apache.ratis.thirdparty.io.grpc.StatusRuntimeException: UNAVAILABLE: io exception
	at org.apache.ratis.thirdparty.io.grpc.stub.ClientCalls.toStatusRuntimeException(ClientCalls.java:233)
	at org.apache.ratis.thirdparty.io.grpc.stub.ClientCalls.getUnchecked(ClientCalls.java:214)
	at org.apache.ratis.thirdparty.io.grpc.stub.ClientCalls.blockingUnaryCall(ClientCalls.java:139)
	at org.apache.ratis.proto.grpc.RaftServerProtocolServiceGrpc$RaftServerProtocolServiceBlockingStub.requestVote(RaftServerProtocolServiceGrpc.java:265)
	at org.apache.ratis.grpc.server.GrpcServerProtocolClient.requestVote(GrpcServerProtocolClient.java:99)
	at org.apache.ratis.grpc.server.GrpcService.requestVote(GrpcService.java:204)
	at org.apache.ratis.server.impl.LeaderElection.lambda$submitRequests$1(LeaderElection.java:234)
	at java.util.concurrent.FutureTask.run(FutureTask.java:266)
	at java.util.concurrent.Executors$RunnableAdapter.call(Executors.java:511)
	at java.util.concurrent.FutureTask.run(FutureTask.java:266)
	at java.util.concurrent.ThreadPoolExecutor.runWorker(ThreadPoolExecutor.java:1149)
	at java.util.concurrent.ThreadPoolExecutor$Worker.run(ThreadPoolExecutor.java:624)
	... 1 more
Caused by: org.apache.ratis.thirdparty.io.netty.channel.AbstractChannel$AnnotatedConnectException: Connection refused: /192.168.157.204:42858
	at sun.nio.ch.SocketChannelImpl.checkConnect(Native Method)
	at sun.nio.ch.SocketChannelImpl.finishConnect(SocketChannelImpl.java:717)
	at org.apache.ratis.thirdparty.io.netty.channel.socket.nio.NioSocketChannel.doFinishConnect(NioSocketChannel.java:327)
	at org.apache.ratis.thirdparty.io.netty.channel.nio.AbstractNioChannel$AbstractNioUnsafe.finishConnect(AbstractNioChannel.java:340)
	at org.apache.ratis.thirdparty.io.netty.channel.nio.NioEventLoop.processSelectedKey(NioEventLoop.java:632)
	at org.apache.ratis.thirdparty.io.netty.channel.nio.NioEventLoop.processSelectedKeysOptimized(NioEventLoop.java:579)
	at org.apache.ratis.thirdparty.io.netty.channel.nio.NioEventLoop.processSelectedKeys(NioEventLoop.java:496)
	at org.apache.ratis.thirdparty.io.netty.channel.nio.NioEventLoop.run(NioEventLoop.java:458)
	at org.apache.ratis.thirdparty.io.netty.util.concurrent.SingleThreadEventExecutor$5.run(SingleThreadEventExecutor.java:897)
	at org.apache.ratis.thirdparty.io.netty.util.concurrent.FastThreadLocalRunnable.run(FastThreadLocalRunnable.java:30)
	... 1 more
Caused by: java.net.ConnectException: Connection refused
	... 11 more
2019-10-20 13:11:24,658 [7660b851-9671-46a6-9e1d-7d946f95d492@group-42C3DBE2B33D-LeaderElection3497] INFO  impl.LeaderElection (LogUtils.java:infoOrTrace(149)) - 7660b851-9671-46a6-9e1d-7d946f95d492@group-42C3DBE2B33D-LeaderElection3497 got exception when requesting votes: {}
java.util.concurrent.ExecutionException: org.apache.ratis.thirdparty.io.grpc.StatusRuntimeException: UNAVAILABLE: io exception
	at java.util.concurrent.FutureTask.report(FutureTask.java:122)
	at java.util.concurrent.FutureTask.get(FutureTask.java:192)
	at org.apache.ratis.server.impl.LeaderElection.waitForResults(LeaderElection.java:259)
	at org.apache.ratis.server.impl.LeaderElection.askForVotes(LeaderElection.java:197)
	at org.apache.ratis.server.impl.LeaderElection.run(LeaderElection.java:133)
	at java.lang.Thread.run(Thread.java:748)
Caused by: org.apache.ratis.thirdparty.io.grpc.StatusRuntimeException: UNAVAILABLE: io exception
	at org.apache.ratis.thirdparty.io.grpc.stub.ClientCalls.toStatusRuntimeException(ClientCalls.java:233)
	at org.apache.ratis.thirdparty.io.grpc.stub.ClientCalls.getUnchecked(ClientCalls.java:214)
	at org.apache.ratis.thirdparty.io.grpc.stub.ClientCalls.blockingUnaryCall(ClientCalls.java:139)
	at org.apache.ratis.proto.grpc.RaftServerProtocolServiceGrpc$RaftServerProtocolServiceBlockingStub.requestVote(RaftServerProtocolServiceGrpc.java:265)
	at org.apache.ratis.grpc.server.GrpcServerProtocolClient.requestVote(GrpcServerProtocolClient.java:99)
	at org.apache.ratis.grpc.server.GrpcService.requestVote(GrpcService.java:204)
	at org.apache.ratis.server.impl.LeaderElection.lambda$submitRequests$1(LeaderElection.java:234)
	at java.util.concurrent.FutureTask.run(FutureTask.java:266)
	at java.util.concurrent.Executors$RunnableAdapter.call(Executors.java:511)
	at java.util.concurrent.FutureTask.run(FutureTask.java:266)
	at java.util.concurrent.ThreadPoolExecutor.runWorker(ThreadPoolExecutor.java:1149)
	at java.util.concurrent.ThreadPoolExecutor$Worker.run(ThreadPoolExecutor.java:624)
	... 1 more
Caused by: org.apache.ratis.thirdparty.io.netty.channel.AbstractChannel$AnnotatedConnectException: Connection refused: /192.168.157.204:32953
	at sun.nio.ch.SocketChannelImpl.checkConnect(Native Method)
	at sun.nio.ch.SocketChannelImpl.finishConnect(SocketChannelImpl.java:717)
	at org.apache.ratis.thirdparty.io.netty.channel.socket.nio.NioSocketChannel.doFinishConnect(NioSocketChannel.java:327)
	at org.apache.ratis.thirdparty.io.netty.channel.nio.AbstractNioChannel$AbstractNioUnsafe.finishConnect(AbstractNioChannel.java:340)
	at org.apache.ratis.thirdparty.io.netty.channel.nio.NioEventLoop.processSelectedKey(NioEventLoop.java:632)
	at org.apache.ratis.thirdparty.io.netty.channel.nio.NioEventLoop.processSelectedKeysOptimized(NioEventLoop.java:579)
	at org.apache.ratis.thirdparty.io.netty.channel.nio.NioEventLoop.processSelectedKeys(NioEventLoop.java:496)
	at org.apache.ratis.thirdparty.io.netty.channel.nio.NioEventLoop.run(NioEventLoop.java:458)
	at org.apache.ratis.thirdparty.io.netty.util.concurrent.SingleThreadEventExecutor$5.run(SingleThreadEventExecutor.java:897)
	at org.apache.ratis.thirdparty.io.netty.util.concurrent.FastThreadLocalRunnable.run(FastThreadLocalRunnable.java:30)
	... 1 more
Caused by: java.net.ConnectException: Connection refused
	... 11 more
2019-10-20 13:11:24,658 [7660b851-9671-46a6-9e1d-7d946f95d492@group-42C3DBE2B33D-LeaderElection3497] INFO  impl.LeaderElection (LeaderElection.java:logAndReturn(56)) - 7660b851-9671-46a6-9e1d-7d946f95d492@group-42C3DBE2B33D-LeaderElection3497: Election REJECTED; received 0 response(s) [] and 2 exception(s); 7660b851-9671-46a6-9e1d-7d946f95d492@group-42C3DBE2B33D:t218, leader=null, voted=7660b851-9671-46a6-9e1d-7d946f95d492, raftlog=7660b851-9671-46a6-9e1d-7d946f95d492@group-42C3DBE2B33D-SegmentedRaftLog:OPENED:c-1,f-1,i0, conf=-1: [fdf19479-69c2-4639-b68c-6adde78ca28a:192.168.157.204:42858, 1ac0a8d4-e534-43ce-83b1-426d47a3040d:192.168.157.204:32953, 7660b851-9671-46a6-9e1d-7d946f95d492:192.168.157.204:41682], old=null
2019-10-20 13:11:24,658 [7660b851-9671-46a6-9e1d-7d946f95d492@group-42C3DBE2B33D-LeaderElection3497] INFO  impl.LeaderElection (LogUtils.java:infoOrTrace(149)) -   Exception 0: {}
java.util.concurrent.ExecutionException: org.apache.ratis.thirdparty.io.grpc.StatusRuntimeException: UNAVAILABLE: io exception
	at java.util.concurrent.FutureTask.report(FutureTask.java:122)
	at java.util.concurrent.FutureTask.get(FutureTask.java:192)
	at org.apache.ratis.server.impl.LeaderElection.waitForResults(LeaderElection.java:259)
	at org.apache.ratis.server.impl.LeaderElection.askForVotes(LeaderElection.java:197)
	at org.apache.ratis.server.impl.LeaderElection.run(LeaderElection.java:133)
	at java.lang.Thread.run(Thread.java:748)
Caused by: org.apache.ratis.thirdparty.io.grpc.StatusRuntimeException: UNAVAILABLE: io exception
	at org.apache.ratis.thirdparty.io.grpc.stub.ClientCalls.toStatusRuntimeException(ClientCalls.java:233)
	at org.apache.ratis.thirdparty.io.grpc.stub.ClientCalls.getUnchecked(ClientCalls.java:214)
	at org.apache.ratis.thirdparty.io.grpc.stub.ClientCalls.blockingUnaryCall(ClientCalls.java:139)
	at org.apache.ratis.proto.grpc.RaftServerProtocolServiceGrpc$RaftServerProtocolServiceBlockingStub.requestVote(RaftServerProtocolServiceGrpc.java:265)
	at org.apache.ratis.grpc.server.GrpcServerProtocolClient.requestVote(GrpcServerProtocolClient.java:99)
	at org.apache.ratis.grpc.server.GrpcService.requestVote(GrpcService.java:204)
	at org.apache.ratis.server.impl.LeaderElection.lambda$submitRequests$1(LeaderElection.java:234)
	at java.util.concurrent.FutureTask.run(FutureTask.java:266)
	at java.util.concurrent.Executors$RunnableAdapter.call(Executors.java:511)
	at java.util.concurrent.FutureTask.run(FutureTask.java:266)
	at java.util.concurrent.ThreadPoolExecutor.runWorker(ThreadPoolExecutor.java:1149)
	at java.util.concurrent.ThreadPoolExecutor$Worker.run(ThreadPoolExecutor.java:624)
	... 1 more
Caused by: org.apache.ratis.thirdparty.io.netty.channel.AbstractChannel$AnnotatedConnectException: Connection refused: /192.168.157.204:42858
	at sun.nio.ch.SocketChannelImpl.checkConnect(Native Method)
	at sun.nio.ch.SocketChannelImpl.finishConnect(SocketChannelImpl.java:717)
	at org.apache.ratis.thirdparty.io.netty.channel.socket.nio.NioSocketChannel.doFinishConnect(NioSocketChannel.java:327)
	at org.apache.ratis.thirdparty.io.netty.channel.nio.AbstractNioChannel$AbstractNioUnsafe.finishConnect(AbstractNioChannel.java:340)
	at org.apache.ratis.thirdparty.io.netty.channel.nio.NioEventLoop.processSelectedKey(NioEventLoop.java:632)
	at org.apache.ratis.thirdparty.io.netty.channel.nio.NioEventLoop.processSelectedKeysOptimized(NioEventLoop.java:579)
	at org.apache.ratis.thirdparty.io.netty.channel.nio.NioEventLoop.processSelectedKeys(NioEventLoop.java:496)
	at org.apache.ratis.thirdparty.io.netty.channel.nio.NioEventLoop.run(NioEventLoop.java:458)
	at org.apache.ratis.thirdparty.io.netty.util.concurrent.SingleThreadEventExecutor$5.run(SingleThreadEventExecutor.java:897)
	at org.apache.ratis.thirdparty.io.netty.util.concurrent.FastThreadLocalRunnable.run(FastThreadLocalRunnable.java:30)
	... 1 more
Caused by: java.net.ConnectException: Connection refused
	... 11 more
2019-10-20 13:11:24,659 [7660b851-9671-46a6-9e1d-7d946f95d492@group-42C3DBE2B33D-LeaderElection3497] INFO  impl.LeaderElection (LogUtils.java:infoOrTrace(149)) -   Exception 1: {}
java.util.concurrent.ExecutionException: org.apache.ratis.thirdparty.io.grpc.StatusRuntimeException: UNAVAILABLE: io exception
	at java.util.concurrent.FutureTask.report(FutureTask.java:122)
	at java.util.concurrent.FutureTask.get(FutureTask.java:192)
	at org.apache.ratis.server.impl.LeaderElection.waitForResults(LeaderElection.java:259)
	at org.apache.ratis.server.impl.LeaderElection.askForVotes(LeaderElection.java:197)
	at org.apache.ratis.server.impl.LeaderElection.run(LeaderElection.java:133)
	at java.lang.Thread.run(Thread.java:748)
Caused by: org.apache.ratis.thirdparty.io.grpc.StatusRuntimeException: UNAVAILABLE: io exception
	at org.apache.ratis.thirdparty.io.grpc.stub.ClientCalls.toStatusRuntimeException(ClientCalls.java:233)
	at org.apache.ratis.thirdparty.io.grpc.stub.ClientCalls.getUnchecked(ClientCalls.java:214)
	at org.apache.ratis.thirdparty.io.grpc.stub.ClientCalls.blockingUnaryCall(ClientCalls.java:139)
	at org.apache.ratis.proto.grpc.RaftServerProtocolServiceGrpc$RaftServerProtocolServiceBlockingStub.requestVote(RaftServerProtocolServiceGrpc.java:265)
	at org.apache.ratis.grpc.server.GrpcServerProtocolClient.requestVote(GrpcServerProtocolClient.java:99)
	at org.apache.ratis.grpc.server.GrpcService.requestVote(GrpcService.java:204)
	at org.apache.ratis.server.impl.LeaderElection.lambda$submitRequests$1(LeaderElection.java:234)
	at java.util.concurrent.FutureTask.run(FutureTask.java:266)
	at java.util.concurrent.Executors$RunnableAdapter.call(Executors.java:511)
	at java.util.concurrent.FutureTask.run(FutureTask.java:266)
	at java.util.concurrent.ThreadPoolExecutor.runWorker(ThreadPoolExecutor.java:1149)
	at java.util.concurrent.ThreadPoolExecutor$Worker.run(ThreadPoolExecutor.java:624)
	... 1 more
Caused by: org.apache.ratis.thirdparty.io.netty.channel.AbstractChannel$AnnotatedConnectException: Connection refused: /192.168.157.204:32953
	at sun.nio.ch.SocketChannelImpl.checkConnect(Native Method)
	at sun.nio.ch.SocketChannelImpl.finishConnect(SocketChannelImpl.java:717)
	at org.apache.ratis.thirdparty.io.netty.channel.socket.nio.NioSocketChannel.doFinishConnect(NioSocketChannel.java:327)
	at org.apache.ratis.thirdparty.io.netty.channel.nio.AbstractNioChannel$AbstractNioUnsafe.finishConnect(AbstractNioChannel.java:340)
	at org.apache.ratis.thirdparty.io.netty.channel.nio.NioEventLoop.processSelectedKey(NioEventLoop.java:632)
	at org.apache.ratis.thirdparty.io.netty.channel.nio.NioEventLoop.processSelectedKeysOptimized(NioEventLoop.java:579)
	at org.apache.ratis.thirdparty.io.netty.channel.nio.NioEventLoop.processSelectedKeys(NioEventLoop.java:496)
	at org.apache.ratis.thirdparty.io.netty.channel.nio.NioEventLoop.run(NioEventLoop.java:458)
	at org.apache.ratis.thirdparty.io.netty.util.concurrent.SingleThreadEventExecutor$5.run(SingleThreadEventExecutor.java:897)
	at org.apache.ratis.thirdparty.io.netty.util.concurrent.FastThreadLocalRunnable.run(FastThreadLocalRunnable.java:30)
	... 1 more
Caused by: java.net.ConnectException: Connection refused
	... 11 more
2019-10-20 13:11:24,659 [7660b851-9671-46a6-9e1d-7d946f95d492@group-42C3DBE2B33D-LeaderElection3497] INFO  impl.RaftServerImpl (RaftServerImpl.java:setRole(184)) - 7660b851-9671-46a6-9e1d-7d946f95d492@group-42C3DBE2B33D: changes role from CANDIDATE to FOLLOWER at term 218 for DISCOVERED_A_NEW_TERM
2019-10-20 13:11:24,659 [7660b851-9671-46a6-9e1d-7d946f95d492@group-42C3DBE2B33D-LeaderElection3497] INFO  impl.RoleInfo (RoleInfo.java:shutdownLeaderElection(134)) - 7660b851-9671-46a6-9e1d-7d946f95d492: shutdown LeaderElection
2019-10-20 13:11:24,659 [7660b851-9671-46a6-9e1d-7d946f95d492@group-42C3DBE2B33D-LeaderElection3497] INFO  impl.RoleInfo (RoleInfo.java:updateAndGet(143)) - 7660b851-9671-46a6-9e1d-7d946f95d492: start FollowerState
2019-10-20 13:11:24,800 [main] INFO  ozoneimpl.OzoneContainer (OzoneContainer.java:stop(227)) - Attempting to stop container services.
2019-10-20 13:11:24,801 [ForkJoinPool.commonPool-worker-1] INFO  ozoneimpl.OzoneContainer (OzoneContainer.java:stop(227)) - Attempting to stop container services.
2019-10-20 13:11:24,801 [main] INFO  impl.RaftServerProxy (RaftServerProxy.java:lambda$close$4(314)) - 92caf199-1518-46a4-aa0d-e8059f4ddc2b: close
2019-10-20 13:11:24,801 [ForkJoinPool.commonPool-worker-1] INFO  impl.RaftServerProxy (RaftServerProxy.java:lambda$close$4(314)) - 7660b851-9671-46a6-9e1d-7d946f95d492: close
2019-10-20 13:11:24,801 [main] INFO  impl.RaftServerImpl (RaftServerImpl.java:lambda$shutdown$3(261)) - 92caf199-1518-46a4-aa0d-e8059f4ddc2b@group-69039087843C: shutdown
2019-10-20 13:11:24,801 [ForkJoinPool.commonPool-worker-1] INFO  impl.RaftServerImpl (RaftServerImpl.java:lambda$shutdown$3(261)) - 7660b851-9671-46a6-9e1d-7d946f95d492@group-42C3DBE2B33D: shutdown
2019-10-20 13:11:24,801 [main] INFO  util.JmxRegister (JmxRegister.java:unregister(73)) - Successfully un-registered JMX Bean with object name Ratis:service=RaftServer,group=group-69039087843C,id=92caf199-1518-46a4-aa0d-e8059f4ddc2b
2019-10-20 13:11:24,802 [ForkJoinPool.commonPool-worker-1] INFO  util.JmxRegister (JmxRegister.java:unregister(73)) - Successfully un-registered JMX Bean with object name Ratis:service=RaftServer,group=group-42C3DBE2B33D,id=7660b851-9671-46a6-9e1d-7d946f95d492
2019-10-20 13:11:24,802 [main] INFO  impl.RoleInfo (RoleInfo.java:shutdownLeaderState(104)) - 92caf199-1518-46a4-aa0d-e8059f4ddc2b: shutdown LeaderState
2019-10-20 13:11:24,802 [ForkJoinPool.commonPool-worker-1] INFO  impl.RoleInfo (RoleInfo.java:shutdownFollowerState(121)) - 7660b851-9671-46a6-9e1d-7d946f95d492: shutdown FollowerState
2019-10-20 13:11:24,802 [main] INFO  impl.PendingRequests (PendingRequests.java:sendNotLeaderResponses(202)) - 92caf199-1518-46a4-aa0d-e8059f4ddc2b@group-69039087843C-PendingRequests: sendNotLeaderResponses
2019-10-20 13:11:24,802 [ForkJoinPool.commonPool-worker-1] INFO  impl.StateMachineUpdater (StateMachineUpdater.java:stopAndJoin(136)) - 7660b851-9671-46a6-9e1d-7d946f95d492@group-42C3DBE2B33D-StateMachineUpdater: set stopIndex = -1
2019-10-20 13:11:24,802 [Thread-25978] INFO  impl.FollowerState (FollowerState.java:run(117)) - 7660b851-9671-46a6-9e1d-7d946f95d492@group-42C3DBE2B33D-FollowerState was interrupted: java.lang.InterruptedException: sleep interrupted
2019-10-20 13:11:24,803 [main] INFO  impl.StateMachineUpdater (StateMachineUpdater.java:stopAndJoin(136)) - 92caf199-1518-46a4-aa0d-e8059f4ddc2b@group-69039087843C-StateMachineUpdater: set stopIndex = 0
2019-10-20 13:11:24,803 [ForkJoinPool.commonPool-worker-1] INFO  impl.RaftServerImpl (ServerState.java:close(388)) - 7660b851-9671-46a6-9e1d-7d946f95d492@group-42C3DBE2B33D: closes. applyIndex: -1
2019-10-20 13:11:24,803 [7660b851-9671-46a6-9e1d-7d946f95d492@group-42C3DBE2B33D-SegmentedRaftLogWorker] INFO  segmented.SegmentedRaftLogWorker (SegmentedRaftLogWorker.java:run(316)) - 7660b851-9671-46a6-9e1d-7d946f95d492@group-42C3DBE2B33D-SegmentedRaftLogWorker was interrupted, exiting. There are 0 tasks remaining in the queue.
2019-10-20 13:11:24,803 [main] INFO  impl.RaftServerImpl (ServerState.java:close(388)) - 92caf199-1518-46a4-aa0d-e8059f4ddc2b@group-69039087843C: closes. applyIndex: 0
2019-10-20 13:11:24,804 [ForkJoinPool.commonPool-worker-1] INFO  segmented.SegmentedRaftLogWorker (SegmentedRaftLogWorker.java:close(224)) - 7660b851-9671-46a6-9e1d-7d946f95d492@group-42C3DBE2B33D-SegmentedRaftLogWorker close()
2019-10-20 13:11:24,804 [92caf199-1518-46a4-aa0d-e8059f4ddc2b@group-69039087843C-SegmentedRaftLogWorker] INFO  segmented.SegmentedRaftLogWorker (SegmentedRaftLogWorker.java:run(316)) - 92caf199-1518-46a4-aa0d-e8059f4ddc2b@group-69039087843C-SegmentedRaftLogWorker was interrupted, exiting. There are 0 tasks remaining in the queue.
2019-10-20 13:11:24,808 [ForkJoinPool.commonPool-worker-1] INFO  impl.RaftServerImpl (RaftServerImpl.java:lambda$shutdown$3(261)) - 7660b851-9671-46a6-9e1d-7d946f95d492@group-26065DF3717D: shutdown
2019-10-20 13:11:24,810 [main] INFO  segmented.SegmentedRaftLogWorker (SegmentedRaftLogWorker.java:close(224)) - 92caf199-1518-46a4-aa0d-e8059f4ddc2b@group-69039087843C-SegmentedRaftLogWorker close()
2019-10-20 13:11:24,811 [ForkJoinPool.commonPool-worker-1] INFO  util.JmxRegister (JmxRegister.java:unregister(73)) - Successfully un-registered JMX Bean with object name Ratis:service=RaftServer,group=group-26065DF3717D,id=7660b851-9671-46a6-9e1d-7d946f95d492
2019-10-20 13:11:24,813 [main] INFO  impl.RaftServerImpl (RaftServerImpl.java:lambda$shutdown$3(261)) - 92caf199-1518-46a4-aa0d-e8059f4ddc2b@group-8AAF828E5632: shutdown
2019-10-20 13:11:24,813 [ForkJoinPool.commonPool-worker-1] INFO  impl.RoleInfo (RoleInfo.java:shutdownLeaderState(104)) - 7660b851-9671-46a6-9e1d-7d946f95d492: shutdown LeaderState
2019-10-20 13:11:24,814 [main] INFO  util.JmxRegister (JmxRegister.java:unregister(73)) - Successfully un-registered JMX Bean with object name Ratis:service=RaftServer,group=group-8AAF828E5632,id=92caf199-1518-46a4-aa0d-e8059f4ddc2b
2019-10-20 13:11:24,814 [ForkJoinPool.commonPool-worker-1] INFO  impl.PendingRequests (PendingRequests.java:sendNotLeaderResponses(202)) - 7660b851-9671-46a6-9e1d-7d946f95d492@group-26065DF3717D-PendingRequests: sendNotLeaderResponses
2019-10-20 13:11:24,814 [main] INFO  impl.RoleInfo (RoleInfo.java:shutdownLeaderState(104)) - 92caf199-1518-46a4-aa0d-e8059f4ddc2b: shutdown LeaderState
2019-10-20 13:11:24,814 [ForkJoinPool.commonPool-worker-1] INFO  impl.StateMachineUpdater (StateMachineUpdater.java:stopAndJoin(136)) - 7660b851-9671-46a6-9e1d-7d946f95d492@group-26065DF3717D-StateMachineUpdater: set stopIndex = 0
2019-10-20 13:11:24,819 [ForkJoinPool.commonPool-worker-1] INFO  impl.RaftServerImpl (ServerState.java:close(388)) - 7660b851-9671-46a6-9e1d-7d946f95d492@group-26065DF3717D: closes. applyIndex: 0
2019-10-20 13:11:24,819 [org.apache.ratis.server.impl.LogAppender$AppenderDaemon$$Lambda$474/353284224@2f53313f] WARN  server.GrpcLogAppender (GrpcLogAppender.java:mayWait(149)) - 92caf199-1518-46a4-aa0d-e8059f4ddc2b@group-8AAF828E5632->d7eba74f-c3d7-492f-90de-a44c4d301567-GrpcLogAppender: Wait interrupted by java.lang.InterruptedException
2019-10-20 13:11:24,819 [7660b851-9671-46a6-9e1d-7d946f95d492@group-26065DF3717D-SegmentedRaftLogWorker] INFO  segmented.SegmentedRaftLogWorker (SegmentedRaftLogWorker.java:run(316)) - 7660b851-9671-46a6-9e1d-7d946f95d492@group-26065DF3717D-SegmentedRaftLogWorker was interrupted, exiting. There are 0 tasks remaining in the queue.
2019-10-20 13:11:24,819 [org.apache.ratis.server.impl.LogAppender$AppenderDaemon$$Lambda$474/353284224@7e28b03a] WARN  server.GrpcLogAppender (GrpcLogAppender.java:mayWait(149)) - 92caf199-1518-46a4-aa0d-e8059f4ddc2b@group-8AAF828E5632->57d97a36-4998-4a67-afe7-2be16a9f25e7-GrpcLogAppender: Wait interrupted by java.lang.InterruptedException
2019-10-20 13:11:24,819 [main] INFO  impl.PendingRequests (PendingRequests.java:sendNotLeaderResponses(202)) - 92caf199-1518-46a4-aa0d-e8059f4ddc2b@group-8AAF828E5632-PendingRequests: sendNotLeaderResponses
2019-10-20 13:11:24,822 [ForkJoinPool.commonPool-worker-1] INFO  segmented.SegmentedRaftLogWorker (SegmentedRaftLogWorker.java:close(224)) - 7660b851-9671-46a6-9e1d-7d946f95d492@group-26065DF3717D-SegmentedRaftLogWorker close()
2019-10-20 13:11:24,827 [main] INFO  impl.StateMachineUpdater (StateMachineUpdater.java:stopAndJoin(136)) - 92caf199-1518-46a4-aa0d-e8059f4ddc2b@group-8AAF828E5632-StateMachineUpdater: set stopIndex = 2
2019-10-20 13:11:24,830 [ForkJoinPool.commonPool-worker-1] INFO  server.GrpcService (GrpcService.java:closeImpl(164)) - 7660b851-9671-46a6-9e1d-7d946f95d492: shutdown server with port 41682 now
2019-10-20 13:11:24,830 [grpc-default-executor-2] INFO  server.GrpcServerProtocolService (GrpcServerProtocolService.java:onCompleted(113)) - 57d97a36-4998-4a67-afe7-2be16a9f25e7: Completed APPEND_ENTRIES, lastRequest: 92caf199-1518-46a4-aa0d-e8059f4ddc2b->57d97a36-4998-4a67-afe7-2be16a9f25e7#9-t3, previous=(t:3, i:2), leaderCommit=2, initializing? false, entries: <empty>
2019-10-20 13:11:24,830 [main] INFO  impl.RaftServerImpl (ServerState.java:close(388)) - 92caf199-1518-46a4-aa0d-e8059f4ddc2b@group-8AAF828E5632: closes. applyIndex: 2
2019-10-20 13:11:24,830 [ForkJoinPool.commonPool-worker-1] INFO  server.GrpcService (GrpcService.java:closeImpl(172)) - 7660b851-9671-46a6-9e1d-7d946f95d492: shutdown server with port 41682 successfully
2019-10-20 13:11:24,831 [92caf199-1518-46a4-aa0d-e8059f4ddc2b@group-8AAF828E5632-SegmentedRaftLogWorker] INFO  segmented.SegmentedRaftLogWorker (SegmentedRaftLogWorker.java:run(316)) - 92caf199-1518-46a4-aa0d-e8059f4ddc2b@group-8AAF828E5632-SegmentedRaftLogWorker was interrupted, exiting. There are 0 tasks remaining in the queue.
2019-10-20 13:11:24,831 [grpc-default-executor-18] INFO  server.GrpcLogAppender (GrpcLogAppender.java:onCompleted(308)) - 92caf199-1518-46a4-aa0d-e8059f4ddc2b@group-8AAF828E5632->57d97a36-4998-4a67-afe7-2be16a9f25e7-AppendLogResponseHandler: follower responses appendEntries COMPLETED
2019-10-20 13:11:24,835 [main] INFO  segmented.SegmentedRaftLogWorker (SegmentedRaftLogWorker.java:close(224)) - 92caf199-1518-46a4-aa0d-e8059f4ddc2b@group-8AAF828E5632-SegmentedRaftLogWorker close()
2019-10-20 13:11:24,837 [main] INFO  server.GrpcService (GrpcService.java:closeImpl(164)) - 92caf199-1518-46a4-aa0d-e8059f4ddc2b: shutdown server with port 44100 now
2019-10-20 13:11:24,838 [main] INFO  server.GrpcService (GrpcService.java:closeImpl(172)) - 92caf199-1518-46a4-aa0d-e8059f4ddc2b: shutdown server with port 44100 successfully
2019-10-20 13:11:24,839 [grpc-default-executor-18] INFO  impl.FollowerInfo (FollowerInfo.java:lambda$new$0(51)) - 92caf199-1518-46a4-aa0d-e8059f4ddc2b@group-8AAF828E5632->57d97a36-4998-4a67-afe7-2be16a9f25e7: nextIndex: updateUnconditionally 3 -> 2
2019-10-20 13:11:24,840 [refreshUsed-/workdir/hadoop-ozone/integration-test/target/test-dir/MiniOzoneClusterImpl-7cb4dc35-5948-4f28-9541-652e3d9b0dcd/datanode-3/data/containers] WARN  fs.CachingGetSpaceUsed (CachingGetSpaceUsed.java:run(183)) - Thread Interrupted waiting to refresh disk information: sleep interrupted
2019-10-20 13:11:24,842 [refreshUsed-/workdir/hadoop-ozone/integration-test/target/test-dir/MiniOzoneClusterImpl-7cb4dc35-5948-4f28-9541-652e3d9b0dcd/datanode-6/data/containers] WARN  fs.CachingGetSpaceUsed (CachingGetSpaceUsed.java:run(183)) - Thread Interrupted waiting to refresh disk information: sleep interrupted
2019-10-20 13:11:24,860 [main] INFO  utils.BackgroundService (BackgroundService.java:shutdown(151)) - Shutting down service BlockDeletingService
2019-10-20 13:11:24,863 [main] INFO  statemachine.DatanodeStateMachine (DatanodeStateMachine.java:stopDaemon(395)) - Ozone container server stopped.
2019-10-20 13:11:24,865 [main] INFO  handler.ContextHandler (ContextHandler.java:doStop(910)) - Stopped o.e.j.w.WebAppContext@375084c9{/,null,UNAVAILABLE}{/hddsDatanode}
2019-10-20 13:11:24,866 [main] INFO  server.AbstractConnector (AbstractConnector.java:doStop(318)) - Stopped ServerConnector@bd93bc3{HTTP/1.1,[http/1.1]}{0.0.0.0:0}
2019-10-20 13:11:24,866 [main] INFO  handler.ContextHandler (ContextHandler.java:doStop(910)) - Stopped o.e.j.s.ServletContextHandler@22048bd6{/static,jar:file:/home/user/.m2/repository/org/apache/hadoop/hadoop-hdds-container-service/0.5.0-SNAPSHOT/hadoop-hdds-container-service-0.5.0-SNAPSHOT.jar!/webapps/static,UNAVAILABLE}
2019-10-20 13:11:24,867 [main] INFO  handler.ContextHandler (ContextHandler.java:doStop(910)) - Stopped o.e.j.s.ServletContextHandler@4607d78b{/logs,file:///workdir/hadoop-ozone/integration-test/target/log,UNAVAILABLE}
2019-10-20 13:11:24,871 [ForkJoinPool.commonPool-worker-1] INFO  utils.BackgroundService (BackgroundService.java:shutdown(151)) - Shutting down service BlockDeletingService
2019-10-20 13:11:24,874 [ForkJoinPool.commonPool-worker-1] INFO  statemachine.DatanodeStateMachine (DatanodeStateMachine.java:stopDaemon(395)) - Ozone container server stopped.
2019-10-20 13:11:24,878 [ForkJoinPool.commonPool-worker-1] INFO  handler.ContextHandler (ContextHandler.java:doStop(910)) - Stopped o.e.j.w.WebAppContext@37b01ce2{/,null,UNAVAILABLE}{/hddsDatanode}
2019-10-20 13:11:24,879 [ForkJoinPool.commonPool-worker-1] INFO  server.AbstractConnector (AbstractConnector.java:doStop(318)) - Stopped ServerConnector@1a88c4f5{HTTP/1.1,[http/1.1]}{0.0.0.0:0}
2019-10-20 13:11:24,880 [ForkJoinPool.commonPool-worker-1] INFO  handler.ContextHandler (ContextHandler.java:doStop(910)) - Stopped o.e.j.s.ServletContextHandler@25699aa7{/static,jar:file:/home/user/.m2/repository/org/apache/hadoop/hadoop-hdds-container-service/0.5.0-SNAPSHOT/hadoop-hdds-container-service-0.5.0-SNAPSHOT.jar!/webapps/static,UNAVAILABLE}
2019-10-20 13:11:24,882 [ForkJoinPool.commonPool-worker-1] INFO  handler.ContextHandler (ContextHandler.java:doStop(910)) - Stopped o.e.j.s.ServletContextHandler@46612bfc{/logs,file:///workdir/hadoop-ozone/integration-test/target/log,UNAVAILABLE}
2019-10-20 13:11:25,330 [Datanode State Machine Thread - 0] INFO  statemachine.DatanodeStateMachine (DatanodeStateMachine.java:lambda$startDaemon$0(350)) - Ozone container server started.
2019-10-20 13:11:25,330 [Datanode State Machine Thread - 0] INFO  statemachine.DatanodeStateMachine (DatanodeStateMachine.java:lambda$startDaemon$0(350)) - Ozone container server started.
2019-10-20 13:11:26,741 [Thread-25847] INFO  impl.FollowerState (FollowerState.java:run(108)) - 57d97a36-4998-4a67-afe7-2be16a9f25e7@group-8AAF828E5632-FollowerState: change to CANDIDATE, lastRpcTime:1927ms, electionTimeout:1055ms
2019-10-20 13:11:26,742 [Thread-25847] INFO  impl.RoleInfo (RoleInfo.java:shutdownFollowerState(121)) - 57d97a36-4998-4a67-afe7-2be16a9f25e7: shutdown FollowerState
2019-10-20 13:11:26,742 [Thread-25847] INFO  impl.RaftServerImpl (RaftServerImpl.java:setRole(184)) - 57d97a36-4998-4a67-afe7-2be16a9f25e7@group-8AAF828E5632: changes role from  FOLLOWER to CANDIDATE at term 3 for changeToCandidate
2019-10-20 13:11:26,742 [Thread-25847] INFO  impl.RoleInfo (RoleInfo.java:updateAndGet(143)) - 57d97a36-4998-4a67-afe7-2be16a9f25e7: start LeaderElection
2019-10-20 13:11:26,742 [57d97a36-4998-4a67-afe7-2be16a9f25e7@group-8AAF828E5632-LeaderElection3498] INFO  impl.RaftServerImpl (ServerState.java:setLeader(256)) - 57d97a36-4998-4a67-afe7-2be16a9f25e7@group-8AAF828E5632: change Leader from 92caf199-1518-46a4-aa0d-e8059f4ddc2b to null at term 3 for initElection
2019-10-20 13:11:26,756 [57d97a36-4998-4a67-afe7-2be16a9f25e7@group-8AAF828E5632-LeaderElection3498] INFO  impl.LeaderElection (LeaderElection.java:askForVotes(178)) - 57d97a36-4998-4a67-afe7-2be16a9f25e7@group-8AAF828E5632-LeaderElection3498: begin an election at term 4 for 1: [92caf199-1518-46a4-aa0d-e8059f4ddc2b:192.168.157.204:44100, d7eba74f-c3d7-492f-90de-a44c4d301567:192.168.157.204:44625, 57d97a36-4998-4a67-afe7-2be16a9f25e7:192.168.157.204:44478], old=null
2019-10-20 13:11:26,759 [57d97a36-4998-4a67-afe7-2be16a9f25e7@group-8AAF828E5632-LeaderElection3498] INFO  impl.LeaderElection (LogUtils.java:infoOrTrace(149)) - 57d97a36-4998-4a67-afe7-2be16a9f25e7@group-8AAF828E5632-LeaderElection3498 got exception when requesting votes: {}
java.util.concurrent.ExecutionException: org.apache.ratis.thirdparty.io.grpc.StatusRuntimeException: UNAVAILABLE: io exception
	at java.util.concurrent.FutureTask.report(FutureTask.java:122)
	at java.util.concurrent.FutureTask.get(FutureTask.java:192)
	at org.apache.ratis.server.impl.LeaderElection.waitForResults(LeaderElection.java:259)
	at org.apache.ratis.server.impl.LeaderElection.askForVotes(LeaderElection.java:197)
	at org.apache.ratis.server.impl.LeaderElection.run(LeaderElection.java:133)
	at java.lang.Thread.run(Thread.java:748)
Caused by: org.apache.ratis.thirdparty.io.grpc.StatusRuntimeException: UNAVAILABLE: io exception
	at org.apache.ratis.thirdparty.io.grpc.stub.ClientCalls.toStatusRuntimeException(ClientCalls.java:233)
	at org.apache.ratis.thirdparty.io.grpc.stub.ClientCalls.getUnchecked(ClientCalls.java:214)
	at org.apache.ratis.thirdparty.io.grpc.stub.ClientCalls.blockingUnaryCall(ClientCalls.java:139)
	at org.apache.ratis.proto.grpc.RaftServerProtocolServiceGrpc$RaftServerProtocolServiceBlockingStub.requestVote(RaftServerProtocolServiceGrpc.java:265)
	at org.apache.ratis.grpc.server.GrpcServerProtocolClient.requestVote(GrpcServerProtocolClient.java:99)
	at org.apache.ratis.grpc.server.GrpcService.requestVote(GrpcService.java:204)
	at org.apache.ratis.server.impl.LeaderElection.lambda$submitRequests$1(LeaderElection.java:234)
	at java.util.concurrent.FutureTask.run(FutureTask.java:266)
	at java.util.concurrent.Executors$RunnableAdapter.call(Executors.java:511)
	at java.util.concurrent.FutureTask.run(FutureTask.java:266)
	at java.util.concurrent.ThreadPoolExecutor.runWorker(ThreadPoolExecutor.java:1149)
	at java.util.concurrent.ThreadPoolExecutor$Worker.run(ThreadPoolExecutor.java:624)
	... 1 more
Caused by: org.apache.ratis.thirdparty.io.netty.channel.AbstractChannel$AnnotatedConnectException: Connection refused: /192.168.157.204:44625
	at sun.nio.ch.SocketChannelImpl.checkConnect(Native Method)
	at sun.nio.ch.SocketChannelImpl.finishConnect(SocketChannelImpl.java:717)
	at org.apache.ratis.thirdparty.io.netty.channel.socket.nio.NioSocketChannel.doFinishConnect(NioSocketChannel.java:327)
	at org.apache.ratis.thirdparty.io.netty.channel.nio.AbstractNioChannel$AbstractNioUnsafe.finishConnect(AbstractNioChannel.java:340)
	at org.apache.ratis.thirdparty.io.netty.channel.nio.NioEventLoop.processSelectedKey(NioEventLoop.java:632)
	at org.apache.ratis.thirdparty.io.netty.channel.nio.NioEventLoop.processSelectedKeysOptimized(NioEventLoop.java:579)
	at org.apache.ratis.thirdparty.io.netty.channel.nio.NioEventLoop.processSelectedKeys(NioEventLoop.java:496)
	at org.apache.ratis.thirdparty.io.netty.channel.nio.NioEventLoop.run(NioEventLoop.java:458)
	at org.apache.ratis.thirdparty.io.netty.util.concurrent.SingleThreadEventExecutor$5.run(SingleThreadEventExecutor.java:897)
	at org.apache.ratis.thirdparty.io.netty.util.concurrent.FastThreadLocalRunnable.run(FastThreadLocalRunnable.java:30)
	... 1 more
Caused by: java.net.ConnectException: Connection refused
	... 11 more
2019-10-20 13:11:26,760 [57d97a36-4998-4a67-afe7-2be16a9f25e7@group-8AAF828E5632-LeaderElection3498] INFO  impl.LeaderElection (LogUtils.java:infoOrTrace(149)) - 57d97a36-4998-4a67-afe7-2be16a9f25e7@group-8AAF828E5632-LeaderElection3498 got exception when requesting votes: {}
java.util.concurrent.ExecutionException: org.apache.ratis.thirdparty.io.grpc.StatusRuntimeException: UNAVAILABLE: io exception
	at java.util.concurrent.FutureTask.report(FutureTask.java:122)
	at java.util.concurrent.FutureTask.get(FutureTask.java:192)
	at org.apache.ratis.server.impl.LeaderElection.waitForResults(LeaderElection.java:259)
	at org.apache.ratis.server.impl.LeaderElection.askForVotes(LeaderElection.java:197)
	at org.apache.ratis.server.impl.LeaderElection.run(LeaderElection.java:133)
	at java.lang.Thread.run(Thread.java:748)
Caused by: org.apache.ratis.thirdparty.io.grpc.StatusRuntimeException: UNAVAILABLE: io exception
	at org.apache.ratis.thirdparty.io.grpc.stub.ClientCalls.toStatusRuntimeException(ClientCalls.java:233)
	at org.apache.ratis.thirdparty.io.grpc.stub.ClientCalls.getUnchecked(ClientCalls.java:214)
	at org.apache.ratis.thirdparty.io.grpc.stub.ClientCalls.blockingUnaryCall(ClientCalls.java:139)
	at org.apache.ratis.proto.grpc.RaftServerProtocolServiceGrpc$RaftServerProtocolServiceBlockingStub.requestVote(RaftServerProtocolServiceGrpc.java:265)
	at org.apache.ratis.grpc.server.GrpcServerProtocolClient.requestVote(GrpcServerProtocolClient.java:99)
	at org.apache.ratis.grpc.server.GrpcService.requestVote(GrpcService.java:204)
	at org.apache.ratis.server.impl.LeaderElection.lambda$submitRequests$1(LeaderElection.java:234)
	at java.util.concurrent.FutureTask.run(FutureTask.java:266)
	at java.util.concurrent.Executors$RunnableAdapter.call(Executors.java:511)
	at java.util.concurrent.FutureTask.run(FutureTask.java:266)
	at java.util.concurrent.ThreadPoolExecutor.runWorker(ThreadPoolExecutor.java:1149)
	at java.util.concurrent.ThreadPoolExecutor$Worker.run(ThreadPoolExecutor.java:624)
	... 1 more
Caused by: org.apache.ratis.thirdparty.io.netty.channel.AbstractChannel$AnnotatedConnectException: Connection refused: /192.168.157.204:44100
	at sun.nio.ch.SocketChannelImpl.checkConnect(Native Method)
	at sun.nio.ch.SocketChannelImpl.finishConnect(SocketChannelImpl.java:717)
	at org.apache.ratis.thirdparty.io.netty.channel.socket.nio.NioSocketChannel.doFinishConnect(NioSocketChannel.java:327)
	at org.apache.ratis.thirdparty.io.netty.channel.nio.AbstractNioChannel$AbstractNioUnsafe.finishConnect(AbstractNioChannel.java:340)
	at org.apache.ratis.thirdparty.io.netty.channel.nio.NioEventLoop.processSelectedKey(NioEventLoop.java:632)
	at org.apache.ratis.thirdparty.io.netty.channel.nio.NioEventLoop.processSelectedKeysOptimized(NioEventLoop.java:579)
	at org.apache.ratis.thirdparty.io.netty.channel.nio.NioEventLoop.processSelectedKeys(NioEventLoop.java:496)
	at org.apache.ratis.thirdparty.io.netty.channel.nio.NioEventLoop.run(NioEventLoop.java:458)
	at org.apache.ratis.thirdparty.io.netty.util.concurrent.SingleThreadEventExecutor$5.run(SingleThreadEventExecutor.java:897)
	at org.apache.ratis.thirdparty.io.netty.util.concurrent.FastThreadLocalRunnable.run(FastThreadLocalRunnable.java:30)
	... 1 more
Caused by: java.net.ConnectException: Connection refused
	... 11 more
2019-10-20 13:11:26,760 [57d97a36-4998-4a67-afe7-2be16a9f25e7@group-8AAF828E5632-LeaderElection3498] INFO  impl.LeaderElection (LeaderElection.java:logAndReturn(56)) - 57d97a36-4998-4a67-afe7-2be16a9f25e7@group-8AAF828E5632-LeaderElection3498: Election REJECTED; received 0 response(s) [] and 2 exception(s); 57d97a36-4998-4a67-afe7-2be16a9f25e7@group-8AAF828E5632:t4, leader=null, voted=57d97a36-4998-4a67-afe7-2be16a9f25e7, raftlog=57d97a36-4998-4a67-afe7-2be16a9f25e7@group-8AAF828E5632-SegmentedRaftLog:OPENED:c2,f2,i2, conf=1: [92caf199-1518-46a4-aa0d-e8059f4ddc2b:192.168.157.204:44100, d7eba74f-c3d7-492f-90de-a44c4d301567:192.168.157.204:44625, 57d97a36-4998-4a67-afe7-2be16a9f25e7:192.168.157.204:44478], old=null
2019-10-20 13:11:26,760 [57d97a36-4998-4a67-afe7-2be16a9f25e7@group-8AAF828E5632-LeaderElection3498] INFO  impl.LeaderElection (LogUtils.java:infoOrTrace(149)) -   Exception 0: {}
java.util.concurrent.ExecutionException: org.apache.ratis.thirdparty.io.grpc.StatusRuntimeException: UNAVAILABLE: io exception
	at java.util.concurrent.FutureTask.report(FutureTask.java:122)
	at java.util.concurrent.FutureTask.get(FutureTask.java:192)
	at org.apache.ratis.server.impl.LeaderElection.waitForResults(LeaderElection.java:259)
	at org.apache.ratis.server.impl.LeaderElection.askForVotes(LeaderElection.java:197)
	at org.apache.ratis.server.impl.LeaderElection.run(LeaderElection.java:133)
	at java.lang.Thread.run(Thread.java:748)
Caused by: org.apache.ratis.thirdparty.io.grpc.StatusRuntimeException: UNAVAILABLE: io exception
	at org.apache.ratis.thirdparty.io.grpc.stub.ClientCalls.toStatusRuntimeException(ClientCalls.java:233)
	at org.apache.ratis.thirdparty.io.grpc.stub.ClientCalls.getUnchecked(ClientCalls.java:214)
	at org.apache.ratis.thirdparty.io.grpc.stub.ClientCalls.blockingUnaryCall(ClientCalls.java:139)
	at org.apache.ratis.proto.grpc.RaftServerProtocolServiceGrpc$RaftServerProtocolServiceBlockingStub.requestVote(RaftServerProtocolServiceGrpc.java:265)
	at org.apache.ratis.grpc.server.GrpcServerProtocolClient.requestVote(GrpcServerProtocolClient.java:99)
	at org.apache.ratis.grpc.server.GrpcService.requestVote(GrpcService.java:204)
	at org.apache.ratis.server.impl.LeaderElection.lambda$submitRequests$1(LeaderElection.java:234)
	at java.util.concurrent.FutureTask.run(FutureTask.java:266)
	at java.util.concurrent.Executors$RunnableAdapter.call(Executors.java:511)
	at java.util.concurrent.FutureTask.run(FutureTask.java:266)
	at java.util.concurrent.ThreadPoolExecutor.runWorker(ThreadPoolExecutor.java:1149)
	at java.util.concurrent.ThreadPoolExecutor$Worker.run(ThreadPoolExecutor.java:624)
	... 1 more
Caused by: org.apache.ratis.thirdparty.io.netty.channel.AbstractChannel$AnnotatedConnectException: Connection refused: /192.168.157.204:44625
	at sun.nio.ch.SocketChannelImpl.checkConnect(Native Method)
	at sun.nio.ch.SocketChannelImpl.finishConnect(SocketChannelImpl.java:717)
	at org.apache.ratis.thirdparty.io.netty.channel.socket.nio.NioSocketChannel.doFinishConnect(NioSocketChannel.java:327)
	at org.apache.ratis.thirdparty.io.netty.channel.nio.AbstractNioChannel$AbstractNioUnsafe.finishConnect(AbstractNioChannel.java:340)
	at org.apache.ratis.thirdparty.io.netty.channel.nio.NioEventLoop.processSelectedKey(NioEventLoop.java:632)
	at org.apache.ratis.thirdparty.io.netty.channel.nio.NioEventLoop.processSelectedKeysOptimized(NioEventLoop.java:579)
	at org.apache.ratis.thirdparty.io.netty.channel.nio.NioEventLoop.processSelectedKeys(NioEventLoop.java:496)
	at org.apache.ratis.thirdparty.io.netty.channel.nio.NioEventLoop.run(NioEventLoop.java:458)
	at org.apache.ratis.thirdparty.io.netty.util.concurrent.SingleThreadEventExecutor$5.run(SingleThreadEventExecutor.java:897)
	at org.apache.ratis.thirdparty.io.netty.util.concurrent.FastThreadLocalRunnable.run(FastThreadLocalRunnable.java:30)
	... 1 more
Caused by: java.net.ConnectException: Connection refused
	... 11 more
2019-10-20 13:11:26,760 [57d97a36-4998-4a67-afe7-2be16a9f25e7@group-8AAF828E5632-LeaderElection3498] INFO  impl.LeaderElection (LogUtils.java:infoOrTrace(149)) -   Exception 1: {}
java.util.concurrent.ExecutionException: org.apache.ratis.thirdparty.io.grpc.StatusRuntimeException: UNAVAILABLE: io exception
	at java.util.concurrent.FutureTask.report(FutureTask.java:122)
	at java.util.concurrent.FutureTask.get(FutureTask.java:192)
	at org.apache.ratis.server.impl.LeaderElection.waitForResults(LeaderElection.java:259)
	at org.apache.ratis.server.impl.LeaderElection.askForVotes(LeaderElection.java:197)
	at org.apache.ratis.server.impl.LeaderElection.run(LeaderElection.java:133)
	at java.lang.Thread.run(Thread.java:748)
Caused by: org.apache.ratis.thirdparty.io.grpc.StatusRuntimeException: UNAVAILABLE: io exception
	at org.apache.ratis.thirdparty.io.grpc.stub.ClientCalls.toStatusRuntimeException(ClientCalls.java:233)
	at org.apache.ratis.thirdparty.io.grpc.stub.ClientCalls.getUnchecked(ClientCalls.java:214)
	at org.apache.ratis.thirdparty.io.grpc.stub.ClientCalls.blockingUnaryCall(ClientCalls.java:139)
	at org.apache.ratis.proto.grpc.RaftServerProtocolServiceGrpc$RaftServerProtocolServiceBlockingStub.requestVote(RaftServerProtocolServiceGrpc.java:265)
	at org.apache.ratis.grpc.server.GrpcServerProtocolClient.requestVote(GrpcServerProtocolClient.java:99)
	at org.apache.ratis.grpc.server.GrpcService.requestVote(GrpcService.java:204)
	at org.apache.ratis.server.impl.LeaderElection.lambda$submitRequests$1(LeaderElection.java:234)
	at java.util.concurrent.FutureTask.run(FutureTask.java:266)
	at java.util.concurrent.Executors$RunnableAdapter.call(Executors.java:511)
	at java.util.concurrent.FutureTask.run(FutureTask.java:266)
	at java.util.concurrent.ThreadPoolExecutor.runWorker(ThreadPoolExecutor.java:1149)
	at java.util.concurrent.ThreadPoolExecutor$Worker.run(ThreadPoolExecutor.java:624)
	... 1 more
Caused by: org.apache.ratis.thirdparty.io.netty.channel.AbstractChannel$AnnotatedConnectException: Connection refused: /192.168.157.204:44100
	at sun.nio.ch.SocketChannelImpl.checkConnect(Native Method)
	at sun.nio.ch.SocketChannelImpl.finishConnect(SocketChannelImpl.java:717)
	at org.apache.ratis.thirdparty.io.netty.channel.socket.nio.NioSocketChannel.doFinishConnect(NioSocketChannel.java:327)
	at org.apache.ratis.thirdparty.io.netty.channel.nio.AbstractNioChannel$AbstractNioUnsafe.finishConnect(AbstractNioChannel.java:340)
	at org.apache.ratis.thirdparty.io.netty.channel.nio.NioEventLoop.processSelectedKey(NioEventLoop.java:632)
	at org.apache.ratis.thirdparty.io.netty.channel.nio.NioEventLoop.processSelectedKeysOptimized(NioEventLoop.java:579)
	at org.apache.ratis.thirdparty.io.netty.channel.nio.NioEventLoop.processSelectedKeys(NioEventLoop.java:496)
	at org.apache.ratis.thirdparty.io.netty.channel.nio.NioEventLoop.run(NioEventLoop.java:458)
	at org.apache.ratis.thirdparty.io.netty.util.concurrent.SingleThreadEventExecutor$5.run(SingleThreadEventExecutor.java:897)
	at org.apache.ratis.thirdparty.io.netty.util.concurrent.FastThreadLocalRunnable.run(FastThreadLocalRunnable.java:30)
	... 1 more
Caused by: java.net.ConnectException: Connection refused
	... 11 more
2019-10-20 13:11:26,761 [57d97a36-4998-4a67-afe7-2be16a9f25e7@group-8AAF828E5632-LeaderElection3498] INFO  impl.RaftServerImpl (RaftServerImpl.java:setRole(184)) - 57d97a36-4998-4a67-afe7-2be16a9f25e7@group-8AAF828E5632: changes role from CANDIDATE to FOLLOWER at term 4 for DISCOVERED_A_NEW_TERM
2019-10-20 13:11:26,761 [57d97a36-4998-4a67-afe7-2be16a9f25e7@group-8AAF828E5632-LeaderElection3498] INFO  impl.RoleInfo (RoleInfo.java:shutdownLeaderElection(134)) - 57d97a36-4998-4a67-afe7-2be16a9f25e7: shutdown LeaderElection
2019-10-20 13:11:26,761 [57d97a36-4998-4a67-afe7-2be16a9f25e7@group-8AAF828E5632-LeaderElection3498] INFO  impl.RoleInfo (RoleInfo.java:updateAndGet(143)) - 57d97a36-4998-4a67-afe7-2be16a9f25e7: start FollowerState
2019-10-20 13:11:27,300 [java.util.concurrent.ThreadPoolExecutor$Worker@3aea53e[State = -1, empty queue]] WARN  server.GrpcLogAppender (GrpcLogAppender.java:timeoutAppendRequest(209)) - 92caf199-1518-46a4-aa0d-e8059f4ddc2b@group-8AAF828E5632->d7eba74f-c3d7-492f-90de-a44c4d301567-GrpcLogAppender: appendEntries Timeout, request=92caf199-1518-46a4-aa0d-e8059f4ddc2b->d7eba74f-c3d7-492f-90de-a44c4d301567#1-t3, previous=(t:2, i:0), leaderCommit=2, initializing? false, entries: <empty>
2019-10-20 13:11:27,819 [Thread-25993] INFO  impl.FollowerState (FollowerState.java:run(108)) - 57d97a36-4998-4a67-afe7-2be16a9f25e7@group-8AAF828E5632-FollowerState: change to CANDIDATE, lastRpcTime:1058ms, electionTimeout:1058ms
2019-10-20 13:11:27,820 [Thread-25993] INFO  impl.RoleInfo (RoleInfo.java:shutdownFollowerState(121)) - 57d97a36-4998-4a67-afe7-2be16a9f25e7: shutdown FollowerState
2019-10-20 13:11:27,820 [Thread-25993] INFO  impl.RaftServerImpl (RaftServerImpl.java:setRole(184)) - 57d97a36-4998-4a67-afe7-2be16a9f25e7@group-8AAF828E5632: changes role from  FOLLOWER to CANDIDATE at term 4 for changeToCandidate
2019-10-20 13:11:27,820 [Thread-25993] INFO  impl.RoleInfo (RoleInfo.java:updateAndGet(143)) - 57d97a36-4998-4a67-afe7-2be16a9f25e7: start LeaderElection
2019-10-20 13:11:27,834 [57d97a36-4998-4a67-afe7-2be16a9f25e7@group-8AAF828E5632-LeaderElection3499] INFO  impl.LeaderElection (LeaderElection.java:askForVotes(178)) - 57d97a36-4998-4a67-afe7-2be16a9f25e7@group-8AAF828E5632-LeaderElection3499: begin an election at term 5 for 1: [92caf199-1518-46a4-aa0d-e8059f4ddc2b:192.168.157.204:44100, d7eba74f-c3d7-492f-90de-a44c4d301567:192.168.157.204:44625, 57d97a36-4998-4a67-afe7-2be16a9f25e7:192.168.157.204:44478], old=null
2019-10-20 13:11:27,835 [57d97a36-4998-4a67-afe7-2be16a9f25e7@group-8AAF828E5632-LeaderElection3499] INFO  impl.LeaderElection (LogUtils.java:infoOrTrace(149)) - 57d97a36-4998-4a67-afe7-2be16a9f25e7@group-8AAF828E5632-LeaderElection3499 got exception when requesting votes: {}
java.util.concurrent.ExecutionException: org.apache.ratis.thirdparty.io.grpc.StatusRuntimeException: UNAVAILABLE: io exception
	at java.util.concurrent.FutureTask.report(FutureTask.java:122)
	at java.util.concurrent.FutureTask.get(FutureTask.java:192)
	at org.apache.ratis.server.impl.LeaderElection.waitForResults(LeaderElection.java:259)
	at org.apache.ratis.server.impl.LeaderElection.askForVotes(LeaderElection.java:197)
	at org.apache.ratis.server.impl.LeaderElection.run(LeaderElection.java:133)
	at java.lang.Thread.run(Thread.java:748)
Caused by: org.apache.ratis.thirdparty.io.grpc.StatusRuntimeException: UNAVAILABLE: io exception
	at org.apache.ratis.thirdparty.io.grpc.stub.ClientCalls.toStatusRuntimeException(ClientCalls.java:233)
	at org.apache.ratis.thirdparty.io.grpc.stub.ClientCalls.getUnchecked(ClientCalls.java:214)
	at org.apache.ratis.thirdparty.io.grpc.stub.ClientCalls.blockingUnaryCall(ClientCalls.java:139)
	at org.apache.ratis.proto.grpc.RaftServerProtocolServiceGrpc$RaftServerProtocolServiceBlockingStub.requestVote(RaftServerProtocolServiceGrpc.java:265)
	at org.apache.ratis.grpc.server.GrpcServerProtocolClient.requestVote(GrpcServerProtocolClient.java:99)
	at org.apache.ratis.grpc.server.GrpcService.requestVote(GrpcService.java:204)
	at org.apache.ratis.server.impl.LeaderElection.lambda$submitRequests$1(LeaderElection.java:234)
	at java.util.concurrent.FutureTask.run(FutureTask.java:266)
	at java.util.concurrent.Executors$RunnableAdapter.call(Executors.java:511)
	at java.util.concurrent.FutureTask.run(FutureTask.java:266)
	at java.util.concurrent.ThreadPoolExecutor.runWorker(ThreadPoolExecutor.java:1149)
	at java.util.concurrent.ThreadPoolExecutor$Worker.run(ThreadPoolExecutor.java:624)
	... 1 more
Caused by: org.apache.ratis.thirdparty.io.netty.channel.AbstractChannel$AnnotatedConnectException: Connection refused: /192.168.157.204:44100
	at sun.nio.ch.SocketChannelImpl.checkConnect(Native Method)
	at sun.nio.ch.SocketChannelImpl.finishConnect(SocketChannelImpl.java:717)
	at org.apache.ratis.thirdparty.io.netty.channel.socket.nio.NioSocketChannel.doFinishConnect(NioSocketChannel.java:327)
	at org.apache.ratis.thirdparty.io.netty.channel.nio.AbstractNioChannel$AbstractNioUnsafe.finishConnect(AbstractNioChannel.java:340)
	at org.apache.ratis.thirdparty.io.netty.channel.nio.NioEventLoop.processSelectedKey(NioEventLoop.java:632)
	at org.apache.ratis.thirdparty.io.netty.channel.nio.NioEventLoop.processSelectedKeysOptimized(NioEventLoop.java:579)
	at org.apache.ratis.thirdparty.io.netty.channel.nio.NioEventLoop.processSelectedKeys(NioEventLoop.java:496)
	at org.apache.ratis.thirdparty.io.netty.channel.nio.NioEventLoop.run(NioEventLoop.java:458)
	at org.apache.ratis.thirdparty.io.netty.util.concurrent.SingleThreadEventExecutor$5.run(SingleThreadEventExecutor.java:897)
	at org.apache.ratis.thirdparty.io.netty.util.concurrent.FastThreadLocalRunnable.run(FastThreadLocalRunnable.java:30)
	... 1 more
Caused by: java.net.ConnectException: Connection refused
	... 11 more
2019-10-20 13:11:27,835 [57d97a36-4998-4a67-afe7-2be16a9f25e7@group-8AAF828E5632-LeaderElection3499] INFO  impl.LeaderElection (LogUtils.java:infoOrTrace(149)) - 57d97a36-4998-4a67-afe7-2be16a9f25e7@group-8AAF828E5632-LeaderElection3499 got exception when requesting votes: {}
java.util.concurrent.ExecutionException: org.apache.ratis.thirdparty.io.grpc.StatusRuntimeException: UNAVAILABLE: io exception
	at java.util.concurrent.FutureTask.report(FutureTask.java:122)
	at java.util.concurrent.FutureTask.get(FutureTask.java:192)
	at org.apache.ratis.server.impl.LeaderElection.waitForResults(LeaderElection.java:259)
	at org.apache.ratis.server.impl.LeaderElection.askForVotes(LeaderElection.java:197)
	at org.apache.ratis.server.impl.LeaderElection.run(LeaderElection.java:133)
	at java.lang.Thread.run(Thread.java:748)
Caused by: org.apache.ratis.thirdparty.io.grpc.StatusRuntimeException: UNAVAILABLE: io exception
	at org.apache.ratis.thirdparty.io.grpc.stub.ClientCalls.toStatusRuntimeException(ClientCalls.java:233)
	at org.apache.ratis.thirdparty.io.grpc.stub.ClientCalls.getUnchecked(ClientCalls.java:214)
	at org.apache.ratis.thirdparty.io.grpc.stub.ClientCalls.blockingUnaryCall(ClientCalls.java:139)
	at org.apache.ratis.proto.grpc.RaftServerProtocolServiceGrpc$RaftServerProtocolServiceBlockingStub.requestVote(RaftServerProtocolServiceGrpc.java:265)
	at org.apache.ratis.grpc.server.GrpcServerProtocolClient.requestVote(GrpcServerProtocolClient.java:99)
	at org.apache.ratis.grpc.server.GrpcService.requestVote(GrpcService.java:204)
	at org.apache.ratis.server.impl.LeaderElection.lambda$submitRequests$1(LeaderElection.java:234)
	at java.util.concurrent.FutureTask.run(FutureTask.java:266)
	at java.util.concurrent.Executors$RunnableAdapter.call(Executors.java:511)
	at java.util.concurrent.FutureTask.run(FutureTask.java:266)
	at java.util.concurrent.ThreadPoolExecutor.runWorker(ThreadPoolExecutor.java:1149)
	at java.util.concurrent.ThreadPoolExecutor$Worker.run(ThreadPoolExecutor.java:624)
	... 1 more
Caused by: org.apache.ratis.thirdparty.io.netty.channel.AbstractChannel$AnnotatedConnectException: Connection refused: /192.168.157.204:44625
	at sun.nio.ch.SocketChannelImpl.checkConnect(Native Method)
	at sun.nio.ch.SocketChannelImpl.finishConnect(SocketChannelImpl.java:717)
	at org.apache.ratis.thirdparty.io.netty.channel.socket.nio.NioSocketChannel.doFinishConnect(NioSocketChannel.java:327)
	at org.apache.ratis.thirdparty.io.netty.channel.nio.AbstractNioChannel$AbstractNioUnsafe.finishConnect(AbstractNioChannel.java:340)
	at org.apache.ratis.thirdparty.io.netty.channel.nio.NioEventLoop.processSelectedKey(NioEventLoop.java:632)
	at org.apache.ratis.thirdparty.io.netty.channel.nio.NioEventLoop.processSelectedKeysOptimized(NioEventLoop.java:579)
	at org.apache.ratis.thirdparty.io.netty.channel.nio.NioEventLoop.processSelectedKeys(NioEventLoop.java:496)
	at org.apache.ratis.thirdparty.io.netty.channel.nio.NioEventLoop.run(NioEventLoop.java:458)
	at org.apache.ratis.thirdparty.io.netty.util.concurrent.SingleThreadEventExecutor$5.run(SingleThreadEventExecutor.java:897)
	at org.apache.ratis.thirdparty.io.netty.util.concurrent.FastThreadLocalRunnable.run(FastThreadLocalRunnable.java:30)
	... 1 more
Caused by: java.net.ConnectException: Connection refused
	... 11 more
2019-10-20 13:11:27,836 [57d97a36-4998-4a67-afe7-2be16a9f25e7@group-8AAF828E5632-LeaderElection3499] INFO  impl.LeaderElection (LeaderElection.java:logAndReturn(56)) - 57d97a36-4998-4a67-afe7-2be16a9f25e7@group-8AAF828E5632-LeaderElection3499: Election REJECTED; received 0 response(s) [] and 2 exception(s); 57d97a36-4998-4a67-afe7-2be16a9f25e7@group-8AAF828E5632:t5, leader=null, voted=57d97a36-4998-4a67-afe7-2be16a9f25e7, raftlog=57d97a36-4998-4a67-afe7-2be16a9f25e7@group-8AAF828E5632-SegmentedRaftLog:OPENED:c2,f2,i2, conf=1: [92caf199-1518-46a4-aa0d-e8059f4ddc2b:192.168.157.204:44100, d7eba74f-c3d7-492f-90de-a44c4d301567:192.168.157.204:44625, 57d97a36-4998-4a67-afe7-2be16a9f25e7:192.168.157.204:44478], old=null
2019-10-20 13:11:27,836 [57d97a36-4998-4a67-afe7-2be16a9f25e7@group-8AAF828E5632-LeaderElection3499] INFO  impl.LeaderElection (LogUtils.java:infoOrTrace(149)) -   Exception 0: {}
java.util.concurrent.ExecutionException: org.apache.ratis.thirdparty.io.grpc.StatusRuntimeException: UNAVAILABLE: io exception
	at java.util.concurrent.FutureTask.report(FutureTask.java:122)
	at java.util.concurrent.FutureTask.get(FutureTask.java:192)
	at org.apache.ratis.server.impl.LeaderElection.waitForResults(LeaderElection.java:259)
	at org.apache.ratis.server.impl.LeaderElection.askForVotes(LeaderElection.java:197)
	at org.apache.ratis.server.impl.LeaderElection.run(LeaderElection.java:133)
	at java.lang.Thread.run(Thread.java:748)
Caused by: org.apache.ratis.thirdparty.io.grpc.StatusRuntimeException: UNAVAILABLE: io exception
	at org.apache.ratis.thirdparty.io.grpc.stub.ClientCalls.toStatusRuntimeException(ClientCalls.java:233)
	at org.apache.ratis.thirdparty.io.grpc.stub.ClientCalls.getUnchecked(ClientCalls.java:214)
	at org.apache.ratis.thirdparty.io.grpc.stub.ClientCalls.blockingUnaryCall(ClientCalls.java:139)
	at org.apache.ratis.proto.grpc.RaftServerProtocolServiceGrpc$RaftServerProtocolServiceBlockingStub.requestVote(RaftServerProtocolServiceGrpc.java:265)
	at org.apache.ratis.grpc.server.GrpcServerProtocolClient.requestVote(GrpcServerProtocolClient.java:99)
	at org.apache.ratis.grpc.server.GrpcService.requestVote(GrpcService.java:204)
	at org.apache.ratis.server.impl.LeaderElection.lambda$submitRequests$1(LeaderElection.java:234)
	at java.util.concurrent.FutureTask.run(FutureTask.java:266)
	at java.util.concurrent.Executors$RunnableAdapter.call(Executors.java:511)
	at java.util.concurrent.FutureTask.run(FutureTask.java:266)
	at java.util.concurrent.ThreadPoolExecutor.runWorker(ThreadPoolExecutor.java:1149)
	at java.util.concurrent.ThreadPoolExecutor$Worker.run(ThreadPoolExecutor.java:624)
	... 1 more
Caused by: org.apache.ratis.thirdparty.io.netty.channel.AbstractChannel$AnnotatedConnectException: Connection refused: /192.168.157.204:44100
	at sun.nio.ch.SocketChannelImpl.checkConnect(Native Method)
	at sun.nio.ch.SocketChannelImpl.finishConnect(SocketChannelImpl.java:717)
	at org.apache.ratis.thirdparty.io.netty.channel.socket.nio.NioSocketChannel.doFinishConnect(NioSocketChannel.java:327)
	at org.apache.ratis.thirdparty.io.netty.channel.nio.AbstractNioChannel$AbstractNioUnsafe.finishConnect(AbstractNioChannel.java:340)
	at org.apache.ratis.thirdparty.io.netty.channel.nio.NioEventLoop.processSelectedKey(NioEventLoop.java:632)
	at org.apache.ratis.thirdparty.io.netty.channel.nio.NioEventLoop.processSelectedKeysOptimized(NioEventLoop.java:579)
	at org.apache.ratis.thirdparty.io.netty.channel.nio.NioEventLoop.processSelectedKeys(NioEventLoop.java:496)
	at org.apache.ratis.thirdparty.io.netty.channel.nio.NioEventLoop.run(NioEventLoop.java:458)
	at org.apache.ratis.thirdparty.io.netty.util.concurrent.SingleThreadEventExecutor$5.run(SingleThreadEventExecutor.java:897)
	at org.apache.ratis.thirdparty.io.netty.util.concurrent.FastThreadLocalRunnable.run(FastThreadLocalRunnable.java:30)
	... 1 more
Caused by: java.net.ConnectException: Connection refused
	... 11 more
2019-10-20 13:11:27,836 [57d97a36-4998-4a67-afe7-2be16a9f25e7@group-8AAF828E5632-LeaderElection3499] INFO  impl.LeaderElection (LogUtils.java:infoOrTrace(149)) -   Exception 1: {}
java.util.concurrent.ExecutionException: org.apache.ratis.thirdparty.io.grpc.StatusRuntimeException: UNAVAILABLE: io exception
	at java.util.concurrent.FutureTask.report(FutureTask.java:122)
	at java.util.concurrent.FutureTask.get(FutureTask.java:192)
	at org.apache.ratis.server.impl.LeaderElection.waitForResults(LeaderElection.java:259)
	at org.apache.ratis.server.impl.LeaderElection.askForVotes(LeaderElection.java:197)
	at org.apache.ratis.server.impl.LeaderElection.run(LeaderElection.java:133)
	at java.lang.Thread.run(Thread.java:748)
Caused by: org.apache.ratis.thirdparty.io.grpc.StatusRuntimeException: UNAVAILABLE: io exception
	at org.apache.ratis.thirdparty.io.grpc.stub.ClientCalls.toStatusRuntimeException(ClientCalls.java:233)
	at org.apache.ratis.thirdparty.io.grpc.stub.ClientCalls.getUnchecked(ClientCalls.java:214)
	at org.apache.ratis.thirdparty.io.grpc.stub.ClientCalls.blockingUnaryCall(ClientCalls.java:139)
	at org.apache.ratis.proto.grpc.RaftServerProtocolServiceGrpc$RaftServerProtocolServiceBlockingStub.requestVote(RaftServerProtocolServiceGrpc.java:265)
	at org.apache.ratis.grpc.server.GrpcServerProtocolClient.requestVote(GrpcServerProtocolClient.java:99)
	at org.apache.ratis.grpc.server.GrpcService.requestVote(GrpcService.java:204)
	at org.apache.ratis.server.impl.LeaderElection.lambda$submitRequests$1(LeaderElection.java:234)
	at java.util.concurrent.FutureTask.run(FutureTask.java:266)
	at java.util.concurrent.Executors$RunnableAdapter.call(Executors.java:511)
	at java.util.concurrent.FutureTask.run(FutureTask.java:266)
	at java.util.concurrent.ThreadPoolExecutor.runWorker(ThreadPoolExecutor.java:1149)
	at java.util.concurrent.ThreadPoolExecutor$Worker.run(ThreadPoolExecutor.java:624)
	... 1 more
Caused by: org.apache.ratis.thirdparty.io.netty.channel.AbstractChannel$AnnotatedConnectException: Connection refused: /192.168.157.204:44625
	at sun.nio.ch.SocketChannelImpl.checkConnect(Native Method)
	at sun.nio.ch.SocketChannelImpl.finishConnect(SocketChannelImpl.java:717)
	at org.apache.ratis.thirdparty.io.netty.channel.socket.nio.NioSocketChannel.doFinishConnect(NioSocketChannel.java:327)
	at org.apache.ratis.thirdparty.io.netty.channel.nio.AbstractNioChannel$AbstractNioUnsafe.finishConnect(AbstractNioChannel.java:340)
	at org.apache.ratis.thirdparty.io.netty.channel.nio.NioEventLoop.processSelectedKey(NioEventLoop.java:632)
	at org.apache.ratis.thirdparty.io.netty.channel.nio.NioEventLoop.processSelectedKeysOptimized(NioEventLoop.java:579)
	at org.apache.ratis.thirdparty.io.netty.channel.nio.NioEventLoop.processSelectedKeys(NioEventLoop.java:496)
	at org.apache.ratis.thirdparty.io.netty.channel.nio.NioEventLoop.run(NioEventLoop.java:458)
	at org.apache.ratis.thirdparty.io.netty.util.concurrent.SingleThreadEventExecutor$5.run(SingleThreadEventExecutor.java:897)
	at org.apache.ratis.thirdparty.io.netty.util.concurrent.FastThreadLocalRunnable.run(FastThreadLocalRunnable.java:30)
	... 1 more
Caused by: java.net.ConnectException: Connection refused
	... 11 more
2019-10-20 13:11:27,836 [57d97a36-4998-4a67-afe7-2be16a9f25e7@group-8AAF828E5632-LeaderElection3499] INFO  impl.RaftServerImpl (RaftServerImpl.java:setRole(184)) - 57d97a36-4998-4a67-afe7-2be16a9f25e7@group-8AAF828E5632: changes role from CANDIDATE to FOLLOWER at term 5 for DISCOVERED_A_NEW_TERM
2019-10-20 13:11:27,836 [57d97a36-4998-4a67-afe7-2be16a9f25e7@group-8AAF828E5632-LeaderElection3499] INFO  impl.RoleInfo (RoleInfo.java:shutdownLeaderElection(134)) - 57d97a36-4998-4a67-afe7-2be16a9f25e7: shutdown LeaderElection
2019-10-20 13:11:27,836 [57d97a36-4998-4a67-afe7-2be16a9f25e7@group-8AAF828E5632-LeaderElection3499] INFO  impl.RoleInfo (RoleInfo.java:updateAndGet(143)) - 57d97a36-4998-4a67-afe7-2be16a9f25e7: start FollowerState
2019-10-20 13:11:29,007 [Thread-26001] INFO  impl.FollowerState (FollowerState.java:run(108)) - 57d97a36-4998-4a67-afe7-2be16a9f25e7@group-8AAF828E5632-FollowerState: change to CANDIDATE, lastRpcTime:1170ms, electionTimeout:1170ms
2019-10-20 13:11:29,007 [Thread-26001] INFO  impl.RoleInfo (RoleInfo.java:shutdownFollowerState(121)) - 57d97a36-4998-4a67-afe7-2be16a9f25e7: shutdown FollowerState
2019-10-20 13:11:29,007 [Thread-26001] INFO  impl.RaftServerImpl (RaftServerImpl.java:setRole(184)) - 57d97a36-4998-4a67-afe7-2be16a9f25e7@group-8AAF828E5632: changes role from  FOLLOWER to CANDIDATE at term 5 for changeToCandidate
2019-10-20 13:11:29,007 [Thread-26001] INFO  impl.RoleInfo (RoleInfo.java:updateAndGet(143)) - 57d97a36-4998-4a67-afe7-2be16a9f25e7: start LeaderElection
2019-10-20 13:11:29,221 [57d97a36-4998-4a67-afe7-2be16a9f25e7@group-8AAF828E5632-LeaderElection3500] INFO  impl.LeaderElection (LeaderElection.java:askForVotes(178)) - 57d97a36-4998-4a67-afe7-2be16a9f25e7@group-8AAF828E5632-LeaderElection3500: begin an election at term 6 for 1: [92caf199-1518-46a4-aa0d-e8059f4ddc2b:192.168.157.204:44100, d7eba74f-c3d7-492f-90de-a44c4d301567:192.168.157.204:44625, 57d97a36-4998-4a67-afe7-2be16a9f25e7:192.168.157.204:44478], old=null
2019-10-20 13:11:29,223 [57d97a36-4998-4a67-afe7-2be16a9f25e7@group-8AAF828E5632-LeaderElection3500] INFO  impl.LeaderElection (LogUtils.java:infoOrTrace(149)) - 57d97a36-4998-4a67-afe7-2be16a9f25e7@group-8AAF828E5632-LeaderElection3500 got exception when requesting votes: {}
java.util.concurrent.ExecutionException: org.apache.ratis.thirdparty.io.grpc.StatusRuntimeException: UNAVAILABLE: io exception
	at java.util.concurrent.FutureTask.report(FutureTask.java:122)
	at java.util.concurrent.FutureTask.get(FutureTask.java:192)
	at org.apache.ratis.server.impl.LeaderElection.waitForResults(LeaderElection.java:259)
	at org.apache.ratis.server.impl.LeaderElection.askForVotes(LeaderElection.java:197)
	at org.apache.ratis.server.impl.LeaderElection.run(LeaderElection.java:133)
	at java.lang.Thread.run(Thread.java:748)
Caused by: org.apache.ratis.thirdparty.io.grpc.StatusRuntimeException: UNAVAILABLE: io exception
	at org.apache.ratis.thirdparty.io.grpc.stub.ClientCalls.toStatusRuntimeException(ClientCalls.java:233)
	at org.apache.ratis.thirdparty.io.grpc.stub.ClientCalls.getUnchecked(ClientCalls.java:214)
	at org.apache.ratis.thirdparty.io.grpc.stub.ClientCalls.blockingUnaryCall(ClientCalls.java:139)
	at org.apache.ratis.proto.grpc.RaftServerProtocolServiceGrpc$RaftServerProtocolServiceBlockingStub.requestVote(RaftServerProtocolServiceGrpc.java:265)
	at org.apache.ratis.grpc.server.GrpcServerProtocolClient.requestVote(GrpcServerProtocolClient.java:99)
	at org.apache.ratis.grpc.server.GrpcService.requestVote(GrpcService.java:204)
	at org.apache.ratis.server.impl.LeaderElection.lambda$submitRequests$1(LeaderElection.java:234)
	at java.util.concurrent.FutureTask.run(FutureTask.java:266)
	at java.util.concurrent.Executors$RunnableAdapter.call(Executors.java:511)
	at java.util.concurrent.FutureTask.run(FutureTask.java:266)
	at java.util.concurrent.ThreadPoolExecutor.runWorker(ThreadPoolExecutor.java:1149)
	at java.util.concurrent.ThreadPoolExecutor$Worker.run(ThreadPoolExecutor.java:624)
	... 1 more
Caused by: org.apache.ratis.thirdparty.io.netty.channel.AbstractChannel$AnnotatedConnectException: Connection refused: /192.168.157.204:44100
	at sun.nio.ch.SocketChannelImpl.checkConnect(Native Method)
	at sun.nio.ch.SocketChannelImpl.finishConnect(SocketChannelImpl.java:717)
	at org.apache.ratis.thirdparty.io.netty.channel.socket.nio.NioSocketChannel.doFinishConnect(NioSocketChannel.java:327)
	at org.apache.ratis.thirdparty.io.netty.channel.nio.AbstractNioChannel$AbstractNioUnsafe.finishConnect(AbstractNioChannel.java:340)
	at org.apache.ratis.thirdparty.io.netty.channel.nio.NioEventLoop.processSelectedKey(NioEventLoop.java:632)
	at org.apache.ratis.thirdparty.io.netty.channel.nio.NioEventLoop.processSelectedKeysOptimized(NioEventLoop.java:579)
	at org.apache.ratis.thirdparty.io.netty.channel.nio.NioEventLoop.processSelectedKeys(NioEventLoop.java:496)
	at org.apache.ratis.thirdparty.io.netty.channel.nio.NioEventLoop.run(NioEventLoop.java:458)
	at org.apache.ratis.thirdparty.io.netty.util.concurrent.SingleThreadEventExecutor$5.run(SingleThreadEventExecutor.java:897)
	at org.apache.ratis.thirdparty.io.netty.util.concurrent.FastThreadLocalRunnable.run(FastThreadLocalRunnable.java:30)
	... 1 more
Caused by: java.net.ConnectException: Connection refused
	... 11 more
2019-10-20 13:11:29,223 [57d97a36-4998-4a67-afe7-2be16a9f25e7@group-8AAF828E5632-LeaderElection3500] INFO  impl.LeaderElection (LogUtils.java:infoOrTrace(149)) - 57d97a36-4998-4a67-afe7-2be16a9f25e7@group-8AAF828E5632-LeaderElection3500 got exception when requesting votes: {}
java.util.concurrent.ExecutionException: org.apache.ratis.thirdparty.io.grpc.StatusRuntimeException: UNAVAILABLE: io exception
	at java.util.concurrent.FutureTask.report(FutureTask.java:122)
	at java.util.concurrent.FutureTask.get(FutureTask.java:192)
	at org.apache.ratis.server.impl.LeaderElection.waitForResults(LeaderElection.java:259)
	at org.apache.ratis.server.impl.LeaderElection.askForVotes(LeaderElection.java:197)
	at org.apache.ratis.server.impl.LeaderElection.run(LeaderElection.java:133)
	at java.lang.Thread.run(Thread.java:748)
Caused by: org.apache.ratis.thirdparty.io.grpc.StatusRuntimeException: UNAVAILABLE: io exception
	at org.apache.ratis.thirdparty.io.grpc.stub.ClientCalls.toStatusRuntimeException(ClientCalls.java:233)
	at org.apache.ratis.thirdparty.io.grpc.stub.ClientCalls.getUnchecked(ClientCalls.java:214)
	at org.apache.ratis.thirdparty.io.grpc.stub.ClientCalls.blockingUnaryCall(ClientCalls.java:139)
	at org.apache.ratis.proto.grpc.RaftServerProtocolServiceGrpc$RaftServerProtocolServiceBlockingStub.requestVote(RaftServerProtocolServiceGrpc.java:265)
	at org.apache.ratis.grpc.server.GrpcServerProtocolClient.requestVote(GrpcServerProtocolClient.java:99)
	at org.apache.ratis.grpc.server.GrpcService.requestVote(GrpcService.java:204)
	at org.apache.ratis.server.impl.LeaderElection.lambda$submitRequests$1(LeaderElection.java:234)
	at java.util.concurrent.FutureTask.run(FutureTask.java:266)
	at java.util.concurrent.Executors$RunnableAdapter.call(Executors.java:511)
	at java.util.concurrent.FutureTask.run(FutureTask.java:266)
	at java.util.concurrent.ThreadPoolExecutor.runWorker(ThreadPoolExecutor.java:1149)
	at java.util.concurrent.ThreadPoolExecutor$Worker.run(ThreadPoolExecutor.java:624)
	... 1 more
Caused by: org.apache.ratis.thirdparty.io.netty.channel.AbstractChannel$AnnotatedConnectException: Connection refused: /192.168.157.204:44625
	at sun.nio.ch.SocketChannelImpl.checkConnect(Native Method)
	at sun.nio.ch.SocketChannelImpl.finishConnect(SocketChannelImpl.java:717)
	at org.apache.ratis.thirdparty.io.netty.channel.socket.nio.NioSocketChannel.doFinishConnect(NioSocketChannel.java:327)
	at org.apache.ratis.thirdparty.io.netty.channel.nio.AbstractNioChannel$AbstractNioUnsafe.finishConnect(AbstractNioChannel.java:340)
	at org.apache.ratis.thirdparty.io.netty.channel.nio.NioEventLoop.processSelectedKey(NioEventLoop.java:632)
	at org.apache.ratis.thirdparty.io.netty.channel.nio.NioEventLoop.processSelectedKeysOptimized(NioEventLoop.java:579)
	at org.apache.ratis.thirdparty.io.netty.channel.nio.NioEventLoop.processSelectedKeys(NioEventLoop.java:496)
	at org.apache.ratis.thirdparty.io.netty.channel.nio.NioEventLoop.run(NioEventLoop.java:458)
	at org.apache.ratis.thirdparty.io.netty.util.concurrent.SingleThreadEventExecutor$5.run(SingleThreadEventExecutor.java:897)
	at org.apache.ratis.thirdparty.io.netty.util.concurrent.FastThreadLocalRunnable.run(FastThreadLocalRunnable.java:30)
	... 1 more
Caused by: java.net.ConnectException: Connection refused
	... 11 more
2019-10-20 13:11:29,223 [57d97a36-4998-4a67-afe7-2be16a9f25e7@group-8AAF828E5632-LeaderElection3500] INFO  impl.LeaderElection (LeaderElection.java:logAndReturn(56)) - 57d97a36-4998-4a67-afe7-2be16a9f25e7@group-8AAF828E5632-LeaderElection3500: Election REJECTED; received 0 response(s) [] and 2 exception(s); 57d97a36-4998-4a67-afe7-2be16a9f25e7@group-8AAF828E5632:t6, leader=null, voted=57d97a36-4998-4a67-afe7-2be16a9f25e7, raftlog=57d97a36-4998-4a67-afe7-2be16a9f25e7@group-8AAF828E5632-SegmentedRaftLog:OPENED:c2,f2,i2, conf=1: [92caf199-1518-46a4-aa0d-e8059f4ddc2b:192.168.157.204:44100, d7eba74f-c3d7-492f-90de-a44c4d301567:192.168.157.204:44625, 57d97a36-4998-4a67-afe7-2be16a9f25e7:192.168.157.204:44478], old=null
2019-10-20 13:11:29,224 [57d97a36-4998-4a67-afe7-2be16a9f25e7@group-8AAF828E5632-LeaderElection3500] INFO  impl.LeaderElection (LogUtils.java:infoOrTrace(149)) -   Exception 0: {}
java.util.concurrent.ExecutionException: org.apache.ratis.thirdparty.io.grpc.StatusRuntimeException: UNAVAILABLE: io exception
	at java.util.concurrent.FutureTask.report(FutureTask.java:122)
	at java.util.concurrent.FutureTask.get(FutureTask.java:192)
	at org.apache.ratis.server.impl.LeaderElection.waitForResults(LeaderElection.java:259)
	at org.apache.ratis.server.impl.LeaderElection.askForVotes(LeaderElection.java:197)
	at org.apache.ratis.server.impl.LeaderElection.run(LeaderElection.java:133)
	at java.lang.Thread.run(Thread.java:748)
Caused by: org.apache.ratis.thirdparty.io.grpc.StatusRuntimeException: UNAVAILABLE: io exception
	at org.apache.ratis.thirdparty.io.grpc.stub.ClientCalls.toStatusRuntimeException(ClientCalls.java:233)
	at org.apache.ratis.thirdparty.io.grpc.stub.ClientCalls.getUnchecked(ClientCalls.java:214)
	at org.apache.ratis.thirdparty.io.grpc.stub.ClientCalls.blockingUnaryCall(ClientCalls.java:139)
	at org.apache.ratis.proto.grpc.RaftServerProtocolServiceGrpc$RaftServerProtocolServiceBlockingStub.requestVote(RaftServerProtocolServiceGrpc.java:265)
	at org.apache.ratis.grpc.server.GrpcServerProtocolClient.requestVote(GrpcServerProtocolClient.java:99)
	at org.apache.ratis.grpc.server.GrpcService.requestVote(GrpcService.java:204)
	at org.apache.ratis.server.impl.LeaderElection.lambda$submitRequests$1(LeaderElection.java:234)
	at java.util.concurrent.FutureTask.run(FutureTask.java:266)
	at java.util.concurrent.Executors$RunnableAdapter.call(Executors.java:511)
	at java.util.concurrent.FutureTask.run(FutureTask.java:266)
	at java.util.concurrent.ThreadPoolExecutor.runWorker(ThreadPoolExecutor.java:1149)
	at java.util.concurrent.ThreadPoolExecutor$Worker.run(ThreadPoolExecutor.java:624)
	... 1 more
Caused by: org.apache.ratis.thirdparty.io.netty.channel.AbstractChannel$AnnotatedConnectException: Connection refused: /192.168.157.204:44100
	at sun.nio.ch.SocketChannelImpl.checkConnect(Native Method)
	at sun.nio.ch.SocketChannelImpl.finishConnect(SocketChannelImpl.java:717)
	at org.apache.ratis.thirdparty.io.netty.channel.socket.nio.NioSocketChannel.doFinishConnect(NioSocketChannel.java:327)
	at org.apache.ratis.thirdparty.io.netty.channel.nio.AbstractNioChannel$AbstractNioUnsafe.finishConnect(AbstractNioChannel.java:340)
	at org.apache.ratis.thirdparty.io.netty.channel.nio.NioEventLoop.processSelectedKey(NioEventLoop.java:632)
	at org.apache.ratis.thirdparty.io.netty.channel.nio.NioEventLoop.processSelectedKeysOptimized(NioEventLoop.java:579)
	at org.apache.ratis.thirdparty.io.netty.channel.nio.NioEventLoop.processSelectedKeys(NioEventLoop.java:496)
	at org.apache.ratis.thirdparty.io.netty.channel.nio.NioEventLoop.run(NioEventLoop.java:458)
	at org.apache.ratis.thirdparty.io.netty.util.concurrent.SingleThreadEventExecutor$5.run(SingleThreadEventExecutor.java:897)
	at org.apache.ratis.thirdparty.io.netty.util.concurrent.FastThreadLocalRunnable.run(FastThreadLocalRunnable.java:30)
	... 1 more
Caused by: java.net.ConnectException: Connection refused
	... 11 more
2019-10-20 13:11:29,224 [57d97a36-4998-4a67-afe7-2be16a9f25e7@group-8AAF828E5632-LeaderElection3500] INFO  impl.LeaderElection (LogUtils.java:infoOrTrace(149)) -   Exception 1: {}
java.util.concurrent.ExecutionException: org.apache.ratis.thirdparty.io.grpc.StatusRuntimeException: UNAVAILABLE: io exception
	at java.util.concurrent.FutureTask.report(FutureTask.java:122)
	at java.util.concurrent.FutureTask.get(FutureTask.java:192)
	at org.apache.ratis.server.impl.LeaderElection.waitForResults(LeaderElection.java:259)
	at org.apache.ratis.server.impl.LeaderElection.askForVotes(LeaderElection.java:197)
	at org.apache.ratis.server.impl.LeaderElection.run(LeaderElection.java:133)
	at java.lang.Thread.run(Thread.java:748)
Caused by: org.apache.ratis.thirdparty.io.grpc.StatusRuntimeException: UNAVAILABLE: io exception
	at org.apache.ratis.thirdparty.io.grpc.stub.ClientCalls.toStatusRuntimeException(ClientCalls.java:233)
	at org.apache.ratis.thirdparty.io.grpc.stub.ClientCalls.getUnchecked(ClientCalls.java:214)
	at org.apache.ratis.thirdparty.io.grpc.stub.ClientCalls.blockingUnaryCall(ClientCalls.java:139)
	at org.apache.ratis.proto.grpc.RaftServerProtocolServiceGrpc$RaftServerProtocolServiceBlockingStub.requestVote(RaftServerProtocolServiceGrpc.java:265)
	at org.apache.ratis.grpc.server.GrpcServerProtocolClient.requestVote(GrpcServerProtocolClient.java:99)
	at org.apache.ratis.grpc.server.GrpcService.requestVote(GrpcService.java:204)
	at org.apache.ratis.server.impl.LeaderElection.lambda$submitRequests$1(LeaderElection.java:234)
	at java.util.concurrent.FutureTask.run(FutureTask.java:266)
	at java.util.concurrent.Executors$RunnableAdapter.call(Executors.java:511)
	at java.util.concurrent.FutureTask.run(FutureTask.java:266)
	at java.util.concurrent.ThreadPoolExecutor.runWorker(ThreadPoolExecutor.java:1149)
	at java.util.concurrent.ThreadPoolExecutor$Worker.run(ThreadPoolExecutor.java:624)
	... 1 more
Caused by: org.apache.ratis.thirdparty.io.netty.channel.AbstractChannel$AnnotatedConnectException: Connection refused: /192.168.157.204:44625
	at sun.nio.ch.SocketChannelImpl.checkConnect(Native Method)
	at sun.nio.ch.SocketChannelImpl.finishConnect(SocketChannelImpl.java:717)
	at org.apache.ratis.thirdparty.io.netty.channel.socket.nio.NioSocketChannel.doFinishConnect(NioSocketChannel.java:327)
	at org.apache.ratis.thirdparty.io.netty.channel.nio.AbstractNioChannel$AbstractNioUnsafe.finishConnect(AbstractNioChannel.java:340)
	at org.apache.ratis.thirdparty.io.netty.channel.nio.NioEventLoop.processSelectedKey(NioEventLoop.java:632)
	at org.apache.ratis.thirdparty.io.netty.channel.nio.NioEventLoop.processSelectedKeysOptimized(NioEventLoop.java:579)
	at org.apache.ratis.thirdparty.io.netty.channel.nio.NioEventLoop.processSelectedKeys(NioEventLoop.java:496)
	at org.apache.ratis.thirdparty.io.netty.channel.nio.NioEventLoop.run(NioEventLoop.java:458)
	at org.apache.ratis.thirdparty.io.netty.util.concurrent.SingleThreadEventExecutor$5.run(SingleThreadEventExecutor.java:897)
	at org.apache.ratis.thirdparty.io.netty.util.concurrent.FastThreadLocalRunnable.run(FastThreadLocalRunnable.java:30)
	... 1 more
Caused by: java.net.ConnectException: Connection refused
	... 11 more
2019-10-20 13:11:29,224 [57d97a36-4998-4a67-afe7-2be16a9f25e7@group-8AAF828E5632-LeaderElection3500] INFO  impl.RaftServerImpl (RaftServerImpl.java:setRole(184)) - 57d97a36-4998-4a67-afe7-2be16a9f25e7@group-8AAF828E5632: changes role from CANDIDATE to FOLLOWER at term 6 for DISCOVERED_A_NEW_TERM
2019-10-20 13:11:29,224 [57d97a36-4998-4a67-afe7-2be16a9f25e7@group-8AAF828E5632-LeaderElection3500] INFO  impl.RoleInfo (RoleInfo.java:shutdownLeaderElection(134)) - 57d97a36-4998-4a67-afe7-2be16a9f25e7: shutdown LeaderElection
2019-10-20 13:11:29,225 [57d97a36-4998-4a67-afe7-2be16a9f25e7@group-8AAF828E5632-LeaderElection3500] INFO  impl.RoleInfo (RoleInfo.java:updateAndGet(143)) - 57d97a36-4998-4a67-afe7-2be16a9f25e7: start FollowerState
2019-10-20 13:11:29,869 [main] INFO  ozoneimpl.OzoneContainer (OzoneContainer.java:stop(227)) - Attempting to stop container services.
2019-10-20 13:11:29,871 [main] INFO  impl.RaftServerProxy (RaftServerProxy.java:lambda$close$4(314)) - 384d1456-c9b4-4a07-8bc5-984a6f09f9c3: close
2019-10-20 13:11:29,879 [main] INFO  impl.RaftServerImpl (RaftServerImpl.java:lambda$shutdown$3(261)) - 384d1456-c9b4-4a07-8bc5-984a6f09f9c3@group-18CBEC626CA6: shutdown
2019-10-20 13:11:29,880 [main] INFO  util.JmxRegister (JmxRegister.java:unregister(73)) - Successfully un-registered JMX Bean with object name Ratis:service=RaftServer,group=group-18CBEC626CA6,id=384d1456-c9b4-4a07-8bc5-984a6f09f9c3
2019-10-20 13:11:29,880 [main] INFO  impl.RoleInfo (RoleInfo.java:shutdownFollowerState(121)) - 384d1456-c9b4-4a07-8bc5-984a6f09f9c3: shutdown FollowerState
2019-10-20 13:11:29,880 [main] INFO  impl.StateMachineUpdater (StateMachineUpdater.java:stopAndJoin(136)) - 384d1456-c9b4-4a07-8bc5-984a6f09f9c3@group-18CBEC626CA6-StateMachineUpdater: set stopIndex = 10
2019-10-20 13:11:29,881 [384d1456-c9b4-4a07-8bc5-984a6f09f9c3@group-18CBEC626CA6-StateMachineUpdater] INFO  ratis.ContainerStateMachine (ContainerStateMachine.java:takeSnapshot(294)) - group-18CBEC626CA6: Taking a snapshot at:(t:1, i:8) file /workdir/hadoop-ozone/integration-test/target/test-dir/MiniOzoneClusterImpl-7cb4dc35-5948-4f28-9541-652e3d9b0dcd/datanode-8/data/ratis/5675dbc0-d25f-423d-ae1e-18cbec626ca6/sm/snapshot.1_8
2019-10-20 13:11:29,881 [Thread-24561] INFO  impl.FollowerState (FollowerState.java:run(117)) - 384d1456-c9b4-4a07-8bc5-984a6f09f9c3@group-18CBEC626CA6-FollowerState was interrupted: java.lang.InterruptedException: sleep interrupted
2019-10-20 13:11:29,884 [ForkJoinPool.commonPool-worker-1] INFO  ozoneimpl.OzoneContainer (OzoneContainer.java:stop(227)) - Attempting to stop container services.
2019-10-20 13:11:29,884 [ForkJoinPool.commonPool-worker-1] INFO  impl.RaftServerProxy (RaftServerProxy.java:lambda$close$4(314)) - 0b324774-4593-4f2f-a2c4-e2cf67d32ecd: close
2019-10-20 13:11:29,884 [ForkJoinPool.commonPool-worker-1] INFO  impl.RaftServerImpl (RaftServerImpl.java:lambda$shutdown$3(261)) - 0b324774-4593-4f2f-a2c4-e2cf67d32ecd@group-18CBEC626CA6: shutdown
2019-10-20 13:11:29,884 [ForkJoinPool.commonPool-worker-1] INFO  util.JmxRegister (JmxRegister.java:unregister(73)) - Successfully un-registered JMX Bean with object name Ratis:service=RaftServer,group=group-18CBEC626CA6,id=0b324774-4593-4f2f-a2c4-e2cf67d32ecd
2019-10-20 13:11:29,885 [ForkJoinPool.commonPool-worker-1] INFO  impl.RoleInfo (RoleInfo.java:shutdownFollowerState(121)) - 0b324774-4593-4f2f-a2c4-e2cf67d32ecd: shutdown FollowerState
2019-10-20 13:11:29,885 [ForkJoinPool.commonPool-worker-1] INFO  impl.StateMachineUpdater (StateMachineUpdater.java:stopAndJoin(136)) - 0b324774-4593-4f2f-a2c4-e2cf67d32ecd@group-18CBEC626CA6-StateMachineUpdater: set stopIndex = 10
2019-10-20 13:11:29,885 [Thread-24546] INFO  impl.FollowerState (FollowerState.java:run(117)) - 0b324774-4593-4f2f-a2c4-e2cf67d32ecd@group-18CBEC626CA6-FollowerState was interrupted: java.lang.InterruptedException: sleep interrupted
2019-10-20 13:11:29,885 [0b324774-4593-4f2f-a2c4-e2cf67d32ecd@group-18CBEC626CA6-StateMachineUpdater] INFO  ratis.ContainerStateMachine (ContainerStateMachine.java:takeSnapshot(294)) - group-18CBEC626CA6: Taking a snapshot at:(t:1, i:8) file /workdir/hadoop-ozone/integration-test/target/test-dir/MiniOzoneClusterImpl-7cb4dc35-5948-4f28-9541-652e3d9b0dcd/datanode-4/data/ratis/5675dbc0-d25f-423d-ae1e-18cbec626ca6/sm/snapshot.1_8
2019-10-20 13:11:29,895 [384d1456-c9b4-4a07-8bc5-984a6f09f9c3@group-18CBEC626CA6-StateMachineUpdater] INFO  ratis.ContainerStateMachine (ContainerStateMachine.java:takeSnapshot(305)) - group-18CBEC626CA6: Finished taking a snapshot at:(t:1, i:8) file:/workdir/hadoop-ozone/integration-test/target/test-dir/MiniOzoneClusterImpl-7cb4dc35-5948-4f28-9541-652e3d9b0dcd/datanode-8/data/ratis/5675dbc0-d25f-423d-ae1e-18cbec626ca6/sm/snapshot.1_8 time:14
2019-10-20 13:11:29,895 [0b324774-4593-4f2f-a2c4-e2cf67d32ecd@group-18CBEC626CA6-StateMachineUpdater] INFO  ratis.ContainerStateMachine (ContainerStateMachine.java:takeSnapshot(305)) - group-18CBEC626CA6: Finished taking a snapshot at:(t:1, i:8) file:/workdir/hadoop-ozone/integration-test/target/test-dir/MiniOzoneClusterImpl-7cb4dc35-5948-4f28-9541-652e3d9b0dcd/datanode-4/data/ratis/5675dbc0-d25f-423d-ae1e-18cbec626ca6/sm/snapshot.1_8 time:10
2019-10-20 13:11:29,895 [384d1456-c9b4-4a07-8bc5-984a6f09f9c3@group-18CBEC626CA6-StateMachineUpdater] INFO  impl.StateMachineUpdater (StateMachineUpdater.java:takeSnapshot(269)) - 384d1456-c9b4-4a07-8bc5-984a6f09f9c3@group-18CBEC626CA6-StateMachineUpdater: Took a snapshot at index 8
2019-10-20 13:11:29,895 [384d1456-c9b4-4a07-8bc5-984a6f09f9c3@group-18CBEC626CA6-StateMachineUpdater] INFO  impl.StateMachineUpdater (StateMachineUpdater.java:lambda$new$0(84)) - 384d1456-c9b4-4a07-8bc5-984a6f09f9c3@group-18CBEC626CA6-StateMachineUpdater: snapshotIndex: updateIncreasingly -1 -> 8
2019-10-20 13:11:29,895 [0b324774-4593-4f2f-a2c4-e2cf67d32ecd@group-18CBEC626CA6-StateMachineUpdater] INFO  impl.StateMachineUpdater (StateMachineUpdater.java:takeSnapshot(269)) - 0b324774-4593-4f2f-a2c4-e2cf67d32ecd@group-18CBEC626CA6-StateMachineUpdater: Took a snapshot at index 8
2019-10-20 13:11:29,896 [0b324774-4593-4f2f-a2c4-e2cf67d32ecd@group-18CBEC626CA6-StateMachineUpdater] INFO  impl.StateMachineUpdater (StateMachineUpdater.java:lambda$new$0(84)) - 0b324774-4593-4f2f-a2c4-e2cf67d32ecd@group-18CBEC626CA6-StateMachineUpdater: snapshotIndex: updateIncreasingly -1 -> 8
2019-10-20 13:11:29,896 [384d1456-c9b4-4a07-8bc5-984a6f09f9c3@group-18CBEC626CA6-StateMachineUpdater] INFO  ratis.ContainerStateMachine (ContainerStateMachine.java:takeSnapshot(294)) - group-18CBEC626CA6: Taking a snapshot at:(t:1, i:8) file /workdir/hadoop-ozone/integration-test/target/test-dir/MiniOzoneClusterImpl-7cb4dc35-5948-4f28-9541-652e3d9b0dcd/datanode-8/data/ratis/5675dbc0-d25f-423d-ae1e-18cbec626ca6/sm/snapshot.1_8
2019-10-20 13:11:29,896 [0b324774-4593-4f2f-a2c4-e2cf67d32ecd@group-18CBEC626CA6-StateMachineUpdater] INFO  ratis.ContainerStateMachine (ContainerStateMachine.java:takeSnapshot(294)) - group-18CBEC626CA6: Taking a snapshot at:(t:1, i:8) file /workdir/hadoop-ozone/integration-test/target/test-dir/MiniOzoneClusterImpl-7cb4dc35-5948-4f28-9541-652e3d9b0dcd/datanode-4/data/ratis/5675dbc0-d25f-423d-ae1e-18cbec626ca6/sm/snapshot.1_8
2019-10-20 13:11:29,909 [384d1456-c9b4-4a07-8bc5-984a6f09f9c3@group-18CBEC626CA6-StateMachineUpdater] INFO  ratis.ContainerStateMachine (ContainerStateMachine.java:takeSnapshot(305)) - group-18CBEC626CA6: Finished taking a snapshot at:(t:1, i:8) file:/workdir/hadoop-ozone/integration-test/target/test-dir/MiniOzoneClusterImpl-7cb4dc35-5948-4f28-9541-652e3d9b0dcd/datanode-8/data/ratis/5675dbc0-d25f-423d-ae1e-18cbec626ca6/sm/snapshot.1_8 time:13
2019-10-20 13:11:29,909 [0b324774-4593-4f2f-a2c4-e2cf67d32ecd@group-18CBEC626CA6-StateMachineUpdater] INFO  ratis.ContainerStateMachine (ContainerStateMachine.java:takeSnapshot(305)) - group-18CBEC626CA6: Finished taking a snapshot at:(t:1, i:8) file:/workdir/hadoop-ozone/integration-test/target/test-dir/MiniOzoneClusterImpl-7cb4dc35-5948-4f28-9541-652e3d9b0dcd/datanode-4/data/ratis/5675dbc0-d25f-423d-ae1e-18cbec626ca6/sm/snapshot.1_8 time:12
2019-10-20 13:11:29,909 [384d1456-c9b4-4a07-8bc5-984a6f09f9c3@group-18CBEC626CA6-StateMachineUpdater] INFO  impl.StateMachineUpdater (StateMachineUpdater.java:takeSnapshot(269)) - 384d1456-c9b4-4a07-8bc5-984a6f09f9c3@group-18CBEC626CA6-StateMachineUpdater: Took a snapshot at index 8
2019-10-20 13:11:29,909 [384d1456-c9b4-4a07-8bc5-984a6f09f9c3@group-18CBEC626CA6-StateMachineUpdater] INFO  impl.StateMachineUpdater (StateMachineUpdater.java:lambda$new$0(84)) - 384d1456-c9b4-4a07-8bc5-984a6f09f9c3@group-18CBEC626CA6-StateMachineUpdater: snapshotIndex: updateIncreasingly 8 -> 8
2019-10-20 13:11:29,909 [0b324774-4593-4f2f-a2c4-e2cf67d32ecd@group-18CBEC626CA6-StateMachineUpdater] INFO  impl.StateMachineUpdater (StateMachineUpdater.java:takeSnapshot(269)) - 0b324774-4593-4f2f-a2c4-e2cf67d32ecd@group-18CBEC626CA6-StateMachineUpdater: Took a snapshot at index 8
2019-10-20 13:11:29,909 [0b324774-4593-4f2f-a2c4-e2cf67d32ecd@group-18CBEC626CA6-StateMachineUpdater] INFO  impl.StateMachineUpdater (StateMachineUpdater.java:lambda$new$0(84)) - 0b324774-4593-4f2f-a2c4-e2cf67d32ecd@group-18CBEC626CA6-StateMachineUpdater: snapshotIndex: updateIncreasingly 8 -> 8
2019-10-20 13:11:29,909 [main] INFO  impl.RaftServerImpl (ServerState.java:close(388)) - 384d1456-c9b4-4a07-8bc5-984a6f09f9c3@group-18CBEC626CA6: closes. applyIndex: 10
2019-10-20 13:11:29,909 [ForkJoinPool.commonPool-worker-1] INFO  impl.RaftServerImpl (ServerState.java:close(388)) - 0b324774-4593-4f2f-a2c4-e2cf67d32ecd@group-18CBEC626CA6: closes. applyIndex: 10
2019-10-20 13:11:29,910 [384d1456-c9b4-4a07-8bc5-984a6f09f9c3@group-18CBEC626CA6-SegmentedRaftLogWorker] INFO  segmented.SegmentedRaftLogWorker (SegmentedRaftLogWorker.java:run(316)) - 384d1456-c9b4-4a07-8bc5-984a6f09f9c3@group-18CBEC626CA6-SegmentedRaftLogWorker was interrupted, exiting. There are 0 tasks remaining in the queue.
2019-10-20 13:11:29,910 [0b324774-4593-4f2f-a2c4-e2cf67d32ecd@group-18CBEC626CA6-SegmentedRaftLogWorker] INFO  segmented.SegmentedRaftLogWorker (SegmentedRaftLogWorker.java:run(316)) - 0b324774-4593-4f2f-a2c4-e2cf67d32ecd@group-18CBEC626CA6-SegmentedRaftLogWorker was interrupted, exiting. There are 0 tasks remaining in the queue.
2019-10-20 13:11:29,924 [ForkJoinPool.commonPool-worker-1] INFO  segmented.SegmentedRaftLogWorker (SegmentedRaftLogWorker.java:close(224)) - 0b324774-4593-4f2f-a2c4-e2cf67d32ecd@group-18CBEC626CA6-SegmentedRaftLogWorker close()
2019-10-20 13:11:29,924 [main] INFO  segmented.SegmentedRaftLogWorker (SegmentedRaftLogWorker.java:close(224)) - 384d1456-c9b4-4a07-8bc5-984a6f09f9c3@group-18CBEC626CA6-SegmentedRaftLogWorker close()
2019-10-20 13:11:29,924 [ForkJoinPool.commonPool-worker-1] INFO  impl.RaftServerImpl (RaftServerImpl.java:lambda$shutdown$3(261)) - 0b324774-4593-4f2f-a2c4-e2cf67d32ecd@group-A10CF0A4F972: shutdown
2019-10-20 13:11:29,924 [main] INFO  impl.RaftServerImpl (RaftServerImpl.java:lambda$shutdown$3(261)) - 384d1456-c9b4-4a07-8bc5-984a6f09f9c3@group-F6A445D47072: shutdown
2019-10-20 13:11:29,924 [ForkJoinPool.commonPool-worker-1] INFO  util.JmxRegister (JmxRegister.java:unregister(73)) - Successfully un-registered JMX Bean with object name Ratis:service=RaftServer,group=group-A10CF0A4F972,id=0b324774-4593-4f2f-a2c4-e2cf67d32ecd
2019-10-20 13:11:29,924 [main] INFO  util.JmxRegister (JmxRegister.java:unregister(73)) - Successfully un-registered JMX Bean with object name Ratis:service=RaftServer,group=group-F6A445D47072,id=384d1456-c9b4-4a07-8bc5-984a6f09f9c3
2019-10-20 13:11:29,925 [ForkJoinPool.commonPool-worker-1] INFO  impl.RoleInfo (RoleInfo.java:shutdownLeaderState(104)) - 0b324774-4593-4f2f-a2c4-e2cf67d32ecd: shutdown LeaderState
2019-10-20 13:11:29,925 [main] INFO  impl.RoleInfo (RoleInfo.java:shutdownLeaderState(104)) - 384d1456-c9b4-4a07-8bc5-984a6f09f9c3: shutdown LeaderState
2019-10-20 13:11:29,925 [ForkJoinPool.commonPool-worker-1] INFO  impl.PendingRequests (PendingRequests.java:sendNotLeaderResponses(202)) - 0b324774-4593-4f2f-a2c4-e2cf67d32ecd@group-A10CF0A4F972-PendingRequests: sendNotLeaderResponses
2019-10-20 13:11:29,925 [main] INFO  impl.PendingRequests (PendingRequests.java:sendNotLeaderResponses(202)) - 384d1456-c9b4-4a07-8bc5-984a6f09f9c3@group-F6A445D47072-PendingRequests: sendNotLeaderResponses
2019-10-20 13:11:29,925 [ForkJoinPool.commonPool-worker-1] INFO  impl.StateMachineUpdater (StateMachineUpdater.java:stopAndJoin(136)) - 0b324774-4593-4f2f-a2c4-e2cf67d32ecd@group-A10CF0A4F972-StateMachineUpdater: set stopIndex = 0
2019-10-20 13:11:29,926 [main] INFO  impl.StateMachineUpdater (StateMachineUpdater.java:stopAndJoin(136)) - 384d1456-c9b4-4a07-8bc5-984a6f09f9c3@group-F6A445D47072-StateMachineUpdater: set stopIndex = 0
2019-10-20 13:11:29,926 [ForkJoinPool.commonPool-worker-1] INFO  impl.RaftServerImpl (ServerState.java:close(388)) - 0b324774-4593-4f2f-a2c4-e2cf67d32ecd@group-A10CF0A4F972: closes. applyIndex: 0
2019-10-20 13:11:29,926 [main] INFO  impl.RaftServerImpl (ServerState.java:close(388)) - 384d1456-c9b4-4a07-8bc5-984a6f09f9c3@group-F6A445D47072: closes. applyIndex: 0
2019-10-20 13:11:29,926 [0b324774-4593-4f2f-a2c4-e2cf67d32ecd@group-A10CF0A4F972-SegmentedRaftLogWorker] INFO  segmented.SegmentedRaftLogWorker (SegmentedRaftLogWorker.java:run(316)) - 0b324774-4593-4f2f-a2c4-e2cf67d32ecd@group-A10CF0A4F972-SegmentedRaftLogWorker was interrupted, exiting. There are 0 tasks remaining in the queue.
2019-10-20 13:11:29,926 [384d1456-c9b4-4a07-8bc5-984a6f09f9c3@group-F6A445D47072-SegmentedRaftLogWorker] INFO  segmented.SegmentedRaftLogWorker (SegmentedRaftLogWorker.java:run(316)) - 384d1456-c9b4-4a07-8bc5-984a6f09f9c3@group-F6A445D47072-SegmentedRaftLogWorker was interrupted, exiting. There are 0 tasks remaining in the queue.
2019-10-20 13:11:29,926 [ForkJoinPool.commonPool-worker-1] INFO  segmented.SegmentedRaftLogWorker (SegmentedRaftLogWorker.java:close(224)) - 0b324774-4593-4f2f-a2c4-e2cf67d32ecd@group-A10CF0A4F972-SegmentedRaftLogWorker close()
2019-10-20 13:11:29,927 [main] INFO  segmented.SegmentedRaftLogWorker (SegmentedRaftLogWorker.java:close(224)) - 384d1456-c9b4-4a07-8bc5-984a6f09f9c3@group-F6A445D47072-SegmentedRaftLogWorker close()
2019-10-20 13:11:29,927 [ForkJoinPool.commonPool-worker-1] INFO  server.GrpcService (GrpcService.java:closeImpl(164)) - 0b324774-4593-4f2f-a2c4-e2cf67d32ecd: shutdown server with port 41063 now
2019-10-20 13:11:29,927 [main] INFO  server.GrpcService (GrpcService.java:closeImpl(164)) - 384d1456-c9b4-4a07-8bc5-984a6f09f9c3: shutdown server with port 38270 now
2019-10-20 13:11:29,928 [ForkJoinPool.commonPool-worker-1] INFO  server.GrpcService (GrpcService.java:closeImpl(172)) - 0b324774-4593-4f2f-a2c4-e2cf67d32ecd: shutdown server with port 41063 successfully
2019-10-20 13:11:29,929 [grpc-default-executor-18] WARN  server.GrpcLogAppender (LogUtils.java:warn(134)) - 4d585c25-980a-43ef-83b7-f2d8ca21bb18@group-18CBEC626CA6->0b324774-4593-4f2f-a2c4-e2cf67d32ecd-AppendLogResponseHandler: Failed appendEntries: org.apache.ratis.thirdparty.io.grpc.StatusRuntimeException: CANCELLED: HTTP/2 error code: CANCEL
Received Rst Stream
2019-10-20 13:11:29,928 [grpc-default-executor-10] WARN  server.GrpcServerProtocolService (LogUtils.java:warn(134)) - 0b324774-4593-4f2f-a2c4-e2cf67d32ecd: installSnapshot onError, lastRequest: 4d585c25-980a-43ef-83b7-f2d8ca21bb18->0b324774-4593-4f2f-a2c4-e2cf67d32ecd#69-t1, previous=(t:1, i:10), leaderCommit=10, initializing? false, entries: <empty>: org.apache.ratis.thirdparty.io.grpc.StatusRuntimeException: CANCELLED: cancelled before receiving half close
2019-10-20 13:11:29,929 [main] INFO  server.GrpcService (GrpcService.java:closeImpl(172)) - 384d1456-c9b4-4a07-8bc5-984a6f09f9c3: shutdown server with port 38270 successfully
2019-10-20 13:11:29,929 [grpc-default-executor-19] WARN  server.GrpcServerProtocolService (LogUtils.java:warn(134)) - 384d1456-c9b4-4a07-8bc5-984a6f09f9c3: installSnapshot onError, lastRequest: 4d585c25-980a-43ef-83b7-f2d8ca21bb18->384d1456-c9b4-4a07-8bc5-984a6f09f9c3#69-t1, previous=(t:1, i:10), leaderCommit=10, initializing? false, entries: <empty>: org.apache.ratis.thirdparty.io.grpc.StatusRuntimeException: CANCELLED: cancelled before receiving half close
2019-10-20 13:11:29,929 [grpc-default-executor-20] WARN  server.GrpcLogAppender (LogUtils.java:warn(134)) - 4d585c25-980a-43ef-83b7-f2d8ca21bb18@group-18CBEC626CA6->384d1456-c9b4-4a07-8bc5-984a6f09f9c3-AppendLogResponseHandler: Failed appendEntries: org.apache.ratis.thirdparty.io.grpc.StatusRuntimeException: CANCELLED: HTTP/2 error code: CANCEL
Received Rst Stream
2019-10-20 13:11:29,934 [refreshUsed-/workdir/hadoop-ozone/integration-test/target/test-dir/MiniOzoneClusterImpl-7cb4dc35-5948-4f28-9541-652e3d9b0dcd/datanode-8/data/containers] WARN  fs.CachingGetSpaceUsed (CachingGetSpaceUsed.java:run(183)) - Thread Interrupted waiting to refresh disk information: sleep interrupted
2019-10-20 13:11:29,941 [refreshUsed-/workdir/hadoop-ozone/integration-test/target/test-dir/MiniOzoneClusterImpl-7cb4dc35-5948-4f28-9541-652e3d9b0dcd/datanode-4/data/containers] WARN  fs.CachingGetSpaceUsed (CachingGetSpaceUsed.java:run(183)) - Thread Interrupted waiting to refresh disk information: sleep interrupted
2019-10-20 13:11:29,954 [main] INFO  utils.BackgroundService (BackgroundService.java:shutdown(151)) - Shutting down service BlockDeletingService
2019-10-20 13:11:29,956 [main] INFO  statemachine.DatanodeStateMachine (DatanodeStateMachine.java:stopDaemon(395)) - Ozone container server stopped.
2019-10-20 13:11:29,959 [main] INFO  handler.ContextHandler (ContextHandler.java:doStop(910)) - Stopped o.e.j.w.WebAppContext@28e7bb31{/,null,UNAVAILABLE}{/hddsDatanode}
2019-10-20 13:11:29,960 [main] INFO  server.AbstractConnector (AbstractConnector.java:doStop(318)) - Stopped ServerConnector@6fe04f2a{HTTP/1.1,[http/1.1]}{0.0.0.0:0}
2019-10-20 13:11:29,960 [main] INFO  handler.ContextHandler (ContextHandler.java:doStop(910)) - Stopped o.e.j.s.ServletContextHandler@639c7f9c{/static,jar:file:/home/user/.m2/repository/org/apache/hadoop/hadoop-hdds-container-service/0.5.0-SNAPSHOT/hadoop-hdds-container-service-0.5.0-SNAPSHOT.jar!/webapps/static,UNAVAILABLE}
2019-10-20 13:11:29,961 [ForkJoinPool.commonPool-worker-1] INFO  utils.BackgroundService (BackgroundService.java:shutdown(151)) - Shutting down service BlockDeletingService
2019-10-20 13:11:29,961 [main] INFO  handler.ContextHandler (ContextHandler.java:doStop(910)) - Stopped o.e.j.s.ServletContextHandler@3181d4de{/logs,file:///workdir/hadoop-ozone/integration-test/target/log,UNAVAILABLE}
2019-10-20 13:11:29,963 [ForkJoinPool.commonPool-worker-1] INFO  statemachine.DatanodeStateMachine (DatanodeStateMachine.java:stopDaemon(395)) - Ozone container server stopped.
2019-10-20 13:11:29,974 [ForkJoinPool.commonPool-worker-1] INFO  handler.ContextHandler (ContextHandler.java:doStop(910)) - Stopped o.e.j.w.WebAppContext@54895681{/,null,UNAVAILABLE}{/hddsDatanode}
2019-10-20 13:11:29,975 [ForkJoinPool.commonPool-worker-1] INFO  server.AbstractConnector (AbstractConnector.java:doStop(318)) - Stopped ServerConnector@2dd0a0d0{HTTP/1.1,[http/1.1]}{0.0.0.0:0}
2019-10-20 13:11:29,976 [ForkJoinPool.commonPool-worker-1] INFO  handler.ContextHandler (ContextHandler.java:doStop(910)) - Stopped o.e.j.s.ServletContextHandler@4bce62b{/static,jar:file:/home/user/.m2/repository/org/apache/hadoop/hadoop-hdds-container-service/0.5.0-SNAPSHOT/hadoop-hdds-container-service-0.5.0-SNAPSHOT.jar!/webapps/static,UNAVAILABLE}
2019-10-20 13:11:29,978 [ForkJoinPool.commonPool-worker-1] INFO  handler.ContextHandler (ContextHandler.java:doStop(910)) - Stopped o.e.j.s.ServletContextHandler@250967f1{/logs,file:///workdir/hadoop-ozone/integration-test/target/log,UNAVAILABLE}
2019-10-20 13:11:30,101 [Datanode State Machine Thread - 0] INFO  statemachine.DatanodeStateMachine (DatanodeStateMachine.java:lambda$startDaemon$0(350)) - Ozone container server started.
2019-10-20 13:11:30,280 [Thread-26011] INFO  impl.FollowerState (FollowerState.java:run(108)) - 57d97a36-4998-4a67-afe7-2be16a9f25e7@group-8AAF828E5632-FollowerState: change to CANDIDATE, lastRpcTime:1055ms, electionTimeout:1055ms
2019-10-20 13:11:30,280 [Thread-26011] INFO  impl.RoleInfo (RoleInfo.java:shutdownFollowerState(121)) - 57d97a36-4998-4a67-afe7-2be16a9f25e7: shutdown FollowerState
2019-10-20 13:11:30,280 [Thread-26011] INFO  impl.RaftServerImpl (RaftServerImpl.java:setRole(184)) - 57d97a36-4998-4a67-afe7-2be16a9f25e7@group-8AAF828E5632: changes role from  FOLLOWER to CANDIDATE at term 6 for changeToCandidate
2019-10-20 13:11:30,281 [Thread-26011] INFO  impl.RoleInfo (RoleInfo.java:updateAndGet(143)) - 57d97a36-4998-4a67-afe7-2be16a9f25e7: start LeaderElection
2019-10-20 13:11:30,296 [57d97a36-4998-4a67-afe7-2be16a9f25e7@group-8AAF828E5632-LeaderElection3501] INFO  impl.LeaderElection (LeaderElection.java:askForVotes(178)) - 57d97a36-4998-4a67-afe7-2be16a9f25e7@group-8AAF828E5632-LeaderElection3501: begin an election at term 7 for 1: [92caf199-1518-46a4-aa0d-e8059f4ddc2b:192.168.157.204:44100, d7eba74f-c3d7-492f-90de-a44c4d301567:192.168.157.204:44625, 57d97a36-4998-4a67-afe7-2be16a9f25e7:192.168.157.204:44478], old=null
2019-10-20 13:11:30,297 [57d97a36-4998-4a67-afe7-2be16a9f25e7@group-8AAF828E5632-LeaderElection3501] INFO  impl.LeaderElection (LogUtils.java:infoOrTrace(149)) - 57d97a36-4998-4a67-afe7-2be16a9f25e7@group-8AAF828E5632-LeaderElection3501 got exception when requesting votes: {}
java.util.concurrent.ExecutionException: org.apache.ratis.thirdparty.io.grpc.StatusRuntimeException: UNAVAILABLE: io exception
	at java.util.concurrent.FutureTask.report(FutureTask.java:122)
	at java.util.concurrent.FutureTask.get(FutureTask.java:192)
	at org.apache.ratis.server.impl.LeaderElection.waitForResults(LeaderElection.java:259)
	at org.apache.ratis.server.impl.LeaderElection.askForVotes(LeaderElection.java:197)
	at org.apache.ratis.server.impl.LeaderElection.run(LeaderElection.java:133)
	at java.lang.Thread.run(Thread.java:748)
Caused by: org.apache.ratis.thirdparty.io.grpc.StatusRuntimeException: UNAVAILABLE: io exception
	at org.apache.ratis.thirdparty.io.grpc.stub.ClientCalls.toStatusRuntimeException(ClientCalls.java:233)
	at org.apache.ratis.thirdparty.io.grpc.stub.ClientCalls.getUnchecked(ClientCalls.java:214)
	at org.apache.ratis.thirdparty.io.grpc.stub.ClientCalls.blockingUnaryCall(ClientCalls.java:139)
	at org.apache.ratis.proto.grpc.RaftServerProtocolServiceGrpc$RaftServerProtocolServiceBlockingStub.requestVote(RaftServerProtocolServiceGrpc.java:265)
	at org.apache.ratis.grpc.server.GrpcServerProtocolClient.requestVote(GrpcServerProtocolClient.java:99)
	at org.apache.ratis.grpc.server.GrpcService.requestVote(GrpcService.java:204)
	at org.apache.ratis.server.impl.LeaderElection.lambda$submitRequests$1(LeaderElection.java:234)
	at java.util.concurrent.FutureTask.run(FutureTask.java:266)
	at java.util.concurrent.Executors$RunnableAdapter.call(Executors.java:511)
	at java.util.concurrent.FutureTask.run(FutureTask.java:266)
	at java.util.concurrent.ThreadPoolExecutor.runWorker(ThreadPoolExecutor.java:1149)
	at java.util.concurrent.ThreadPoolExecutor$Worker.run(ThreadPoolExecutor.java:624)
	... 1 more
Caused by: org.apache.ratis.thirdparty.io.netty.channel.AbstractChannel$AnnotatedConnectException: Connection refused: /192.168.157.204:44100
	at sun.nio.ch.SocketChannelImpl.checkConnect(Native Method)
	at sun.nio.ch.SocketChannelImpl.finishConnect(SocketChannelImpl.java:717)
	at org.apache.ratis.thirdparty.io.netty.channel.socket.nio.NioSocketChannel.doFinishConnect(NioSocketChannel.java:327)
	at org.apache.ratis.thirdparty.io.netty.channel.nio.AbstractNioChannel$AbstractNioUnsafe.finishConnect(AbstractNioChannel.java:340)
	at org.apache.ratis.thirdparty.io.netty.channel.nio.NioEventLoop.processSelectedKey(NioEventLoop.java:632)
	at org.apache.ratis.thirdparty.io.netty.channel.nio.NioEventLoop.processSelectedKeysOptimized(NioEventLoop.java:579)
	at org.apache.ratis.thirdparty.io.netty.channel.nio.NioEventLoop.processSelectedKeys(NioEventLoop.java:496)
	at org.apache.ratis.thirdparty.io.netty.channel.nio.NioEventLoop.run(NioEventLoop.java:458)
	at org.apache.ratis.thirdparty.io.netty.util.concurrent.SingleThreadEventExecutor$5.run(SingleThreadEventExecutor.java:897)
	at org.apache.ratis.thirdparty.io.netty.util.concurrent.FastThreadLocalRunnable.run(FastThreadLocalRunnable.java:30)
	... 1 more
Caused by: java.net.ConnectException: Connection refused
	... 11 more
2019-10-20 13:11:30,298 [57d97a36-4998-4a67-afe7-2be16a9f25e7@group-8AAF828E5632-LeaderElection3501] INFO  impl.LeaderElection (LogUtils.java:infoOrTrace(149)) - 57d97a36-4998-4a67-afe7-2be16a9f25e7@group-8AAF828E5632-LeaderElection3501 got exception when requesting votes: {}
java.util.concurrent.ExecutionException: org.apache.ratis.thirdparty.io.grpc.StatusRuntimeException: UNAVAILABLE: io exception
	at java.util.concurrent.FutureTask.report(FutureTask.java:122)
	at java.util.concurrent.FutureTask.get(FutureTask.java:192)
	at org.apache.ratis.server.impl.LeaderElection.waitForResults(LeaderElection.java:259)
	at org.apache.ratis.server.impl.LeaderElection.askForVotes(LeaderElection.java:197)
	at org.apache.ratis.server.impl.LeaderElection.run(LeaderElection.java:133)
	at java.lang.Thread.run(Thread.java:748)
Caused by: org.apache.ratis.thirdparty.io.grpc.StatusRuntimeException: UNAVAILABLE: io exception
	at org.apache.ratis.thirdparty.io.grpc.stub.ClientCalls.toStatusRuntimeException(ClientCalls.java:233)
	at org.apache.ratis.thirdparty.io.grpc.stub.ClientCalls.getUnchecked(ClientCalls.java:214)
	at org.apache.ratis.thirdparty.io.grpc.stub.ClientCalls.blockingUnaryCall(ClientCalls.java:139)
	at org.apache.ratis.proto.grpc.RaftServerProtocolServiceGrpc$RaftServerProtocolServiceBlockingStub.requestVote(RaftServerProtocolServiceGrpc.java:265)
	at org.apache.ratis.grpc.server.GrpcServerProtocolClient.requestVote(GrpcServerProtocolClient.java:99)
	at org.apache.ratis.grpc.server.GrpcService.requestVote(GrpcService.java:204)
	at org.apache.ratis.server.impl.LeaderElection.lambda$submitRequests$1(LeaderElection.java:234)
	at java.util.concurrent.FutureTask.run(FutureTask.java:266)
	at java.util.concurrent.Executors$RunnableAdapter.call(Executors.java:511)
	at java.util.concurrent.FutureTask.run(FutureTask.java:266)
	at java.util.concurrent.ThreadPoolExecutor.runWorker(ThreadPoolExecutor.java:1149)
	at java.util.concurrent.ThreadPoolExecutor$Worker.run(ThreadPoolExecutor.java:624)
	... 1 more
Caused by: org.apache.ratis.thirdparty.io.netty.channel.AbstractChannel$AnnotatedConnectException: Connection refused: /192.168.157.204:44625
	at sun.nio.ch.SocketChannelImpl.checkConnect(Native Method)
	at sun.nio.ch.SocketChannelImpl.finishConnect(SocketChannelImpl.java:717)
	at org.apache.ratis.thirdparty.io.netty.channel.socket.nio.NioSocketChannel.doFinishConnect(NioSocketChannel.java:327)
	at org.apache.ratis.thirdparty.io.netty.channel.nio.AbstractNioChannel$AbstractNioUnsafe.finishConnect(AbstractNioChannel.java:340)
	at org.apache.ratis.thirdparty.io.netty.channel.nio.NioEventLoop.processSelectedKey(NioEventLoop.java:632)
	at org.apache.ratis.thirdparty.io.netty.channel.nio.NioEventLoop.processSelectedKeysOptimized(NioEventLoop.java:579)
	at org.apache.ratis.thirdparty.io.netty.channel.nio.NioEventLoop.processSelectedKeys(NioEventLoop.java:496)
	at org.apache.ratis.thirdparty.io.netty.channel.nio.NioEventLoop.run(NioEventLoop.java:458)
	at org.apache.ratis.thirdparty.io.netty.util.concurrent.SingleThreadEventExecutor$5.run(SingleThreadEventExecutor.java:897)
	at org.apache.ratis.thirdparty.io.netty.util.concurrent.FastThreadLocalRunnable.run(FastThreadLocalRunnable.java:30)
	... 1 more
Caused by: java.net.ConnectException: Connection refused
	... 11 more
2019-10-20 13:11:30,298 [57d97a36-4998-4a67-afe7-2be16a9f25e7@group-8AAF828E5632-LeaderElection3501] INFO  impl.LeaderElection (LeaderElection.java:logAndReturn(56)) - 57d97a36-4998-4a67-afe7-2be16a9f25e7@group-8AAF828E5632-LeaderElection3501: Election REJECTED; received 0 response(s) [] and 2 exception(s); 57d97a36-4998-4a67-afe7-2be16a9f25e7@group-8AAF828E5632:t7, leader=null, voted=57d97a36-4998-4a67-afe7-2be16a9f25e7, raftlog=57d97a36-4998-4a67-afe7-2be16a9f25e7@group-8AAF828E5632-SegmentedRaftLog:OPENED:c2,f2,i2, conf=1: [92caf199-1518-46a4-aa0d-e8059f4ddc2b:192.168.157.204:44100, d7eba74f-c3d7-492f-90de-a44c4d301567:192.168.157.204:44625, 57d97a36-4998-4a67-afe7-2be16a9f25e7:192.168.157.204:44478], old=null
2019-10-20 13:11:30,298 [57d97a36-4998-4a67-afe7-2be16a9f25e7@group-8AAF828E5632-LeaderElection3501] INFO  impl.LeaderElection (LogUtils.java:infoOrTrace(149)) -   Exception 0: {}
java.util.concurrent.ExecutionException: org.apache.ratis.thirdparty.io.grpc.StatusRuntimeException: UNAVAILABLE: io exception
	at java.util.concurrent.FutureTask.report(FutureTask.java:122)
	at java.util.concurrent.FutureTask.get(FutureTask.java:192)
	at org.apache.ratis.server.impl.LeaderElection.waitForResults(LeaderElection.java:259)
	at org.apache.ratis.server.impl.LeaderElection.askForVotes(LeaderElection.java:197)
	at org.apache.ratis.server.impl.LeaderElection.run(LeaderElection.java:133)
	at java.lang.Thread.run(Thread.java:748)
Caused by: org.apache.ratis.thirdparty.io.grpc.StatusRuntimeException: UNAVAILABLE: io exception
	at org.apache.ratis.thirdparty.io.grpc.stub.ClientCalls.toStatusRuntimeException(ClientCalls.java:233)
	at org.apache.ratis.thirdparty.io.grpc.stub.ClientCalls.getUnchecked(ClientCalls.java:214)
	at org.apache.ratis.thirdparty.io.grpc.stub.ClientCalls.blockingUnaryCall(ClientCalls.java:139)
	at org.apache.ratis.proto.grpc.RaftServerProtocolServiceGrpc$RaftServerProtocolServiceBlockingStub.requestVote(RaftServerProtocolServiceGrpc.java:265)
	at org.apache.ratis.grpc.server.GrpcServerProtocolClient.requestVote(GrpcServerProtocolClient.java:99)
	at org.apache.ratis.grpc.server.GrpcService.requestVote(GrpcService.java:204)
	at org.apache.ratis.server.impl.LeaderElection.lambda$submitRequests$1(LeaderElection.java:234)
	at java.util.concurrent.FutureTask.run(FutureTask.java:266)
	at java.util.concurrent.Executors$RunnableAdapter.call(Executors.java:511)
	at java.util.concurrent.FutureTask.run(FutureTask.java:266)
	at java.util.concurrent.ThreadPoolExecutor.runWorker(ThreadPoolExecutor.java:1149)
	at java.util.concurrent.ThreadPoolExecutor$Worker.run(ThreadPoolExecutor.java:624)
	... 1 more
Caused by: org.apache.ratis.thirdparty.io.netty.channel.AbstractChannel$AnnotatedConnectException: Connection refused: /192.168.157.204:44100
	at sun.nio.ch.SocketChannelImpl.checkConnect(Native Method)
	at sun.nio.ch.SocketChannelImpl.finishConnect(SocketChannelImpl.java:717)
	at org.apache.ratis.thirdparty.io.netty.channel.socket.nio.NioSocketChannel.doFinishConnect(NioSocketChannel.java:327)
	at org.apache.ratis.thirdparty.io.netty.channel.nio.AbstractNioChannel$AbstractNioUnsafe.finishConnect(AbstractNioChannel.java:340)
	at org.apache.ratis.thirdparty.io.netty.channel.nio.NioEventLoop.processSelectedKey(NioEventLoop.java:632)
	at org.apache.ratis.thirdparty.io.netty.channel.nio.NioEventLoop.processSelectedKeysOptimized(NioEventLoop.java:579)
	at org.apache.ratis.thirdparty.io.netty.channel.nio.NioEventLoop.processSelectedKeys(NioEventLoop.java:496)
	at org.apache.ratis.thirdparty.io.netty.channel.nio.NioEventLoop.run(NioEventLoop.java:458)
	at org.apache.ratis.thirdparty.io.netty.util.concurrent.SingleThreadEventExecutor$5.run(SingleThreadEventExecutor.java:897)
	at org.apache.ratis.thirdparty.io.netty.util.concurrent.FastThreadLocalRunnable.run(FastThreadLocalRunnable.java:30)
	... 1 more
Caused by: java.net.ConnectException: Connection refused
	... 11 more
2019-10-20 13:11:30,299 [57d97a36-4998-4a67-afe7-2be16a9f25e7@group-8AAF828E5632-LeaderElection3501] INFO  impl.LeaderElection (LogUtils.java:infoOrTrace(149)) -   Exception 1: {}
java.util.concurrent.ExecutionException: org.apache.ratis.thirdparty.io.grpc.StatusRuntimeException: UNAVAILABLE: io exception
	at java.util.concurrent.FutureTask.report(FutureTask.java:122)
	at java.util.concurrent.FutureTask.get(FutureTask.java:192)
	at org.apache.ratis.server.impl.LeaderElection.waitForResults(LeaderElection.java:259)
	at org.apache.ratis.server.impl.LeaderElection.askForVotes(LeaderElection.java:197)
	at org.apache.ratis.server.impl.LeaderElection.run(LeaderElection.java:133)
	at java.lang.Thread.run(Thread.java:748)
Caused by: org.apache.ratis.thirdparty.io.grpc.StatusRuntimeException: UNAVAILABLE: io exception
	at org.apache.ratis.thirdparty.io.grpc.stub.ClientCalls.toStatusRuntimeException(ClientCalls.java:233)
	at org.apache.ratis.thirdparty.io.grpc.stub.ClientCalls.getUnchecked(ClientCalls.java:214)
	at org.apache.ratis.thirdparty.io.grpc.stub.ClientCalls.blockingUnaryCall(ClientCalls.java:139)
	at org.apache.ratis.proto.grpc.RaftServerProtocolServiceGrpc$RaftServerProtocolServiceBlockingStub.requestVote(RaftServerProtocolServiceGrpc.java:265)
	at org.apache.ratis.grpc.server.GrpcServerProtocolClient.requestVote(GrpcServerProtocolClient.java:99)
	at org.apache.ratis.grpc.server.GrpcService.requestVote(GrpcService.java:204)
	at org.apache.ratis.server.impl.LeaderElection.lambda$submitRequests$1(LeaderElection.java:234)
	at java.util.concurrent.FutureTask.run(FutureTask.java:266)
	at java.util.concurrent.Executors$RunnableAdapter.call(Executors.java:511)
	at java.util.concurrent.FutureTask.run(FutureTask.java:266)
	at java.util.concurrent.ThreadPoolExecutor.runWorker(ThreadPoolExecutor.java:1149)
	at java.util.concurrent.ThreadPoolExecutor$Worker.run(ThreadPoolExecutor.java:624)
	... 1 more
Caused by: org.apache.ratis.thirdparty.io.netty.channel.AbstractChannel$AnnotatedConnectException: Connection refused: /192.168.157.204:44625
	at sun.nio.ch.SocketChannelImpl.checkConnect(Native Method)
	at sun.nio.ch.SocketChannelImpl.finishConnect(SocketChannelImpl.java:717)
	at org.apache.ratis.thirdparty.io.netty.channel.socket.nio.NioSocketChannel.doFinishConnect(NioSocketChannel.java:327)
	at org.apache.ratis.thirdparty.io.netty.channel.nio.AbstractNioChannel$AbstractNioUnsafe.finishConnect(AbstractNioChannel.java:340)
	at org.apache.ratis.thirdparty.io.netty.channel.nio.NioEventLoop.processSelectedKey(NioEventLoop.java:632)
	at org.apache.ratis.thirdparty.io.netty.channel.nio.NioEventLoop.processSelectedKeysOptimized(NioEventLoop.java:579)
	at org.apache.ratis.thirdparty.io.netty.channel.nio.NioEventLoop.processSelectedKeys(NioEventLoop.java:496)
	at org.apache.ratis.thirdparty.io.netty.channel.nio.NioEventLoop.run(NioEventLoop.java:458)
	at org.apache.ratis.thirdparty.io.netty.util.concurrent.SingleThreadEventExecutor$5.run(SingleThreadEventExecutor.java:897)
	at org.apache.ratis.thirdparty.io.netty.util.concurrent.FastThreadLocalRunnable.run(FastThreadLocalRunnable.java:30)
	... 1 more
Caused by: java.net.ConnectException: Connection refused
	... 11 more
2019-10-20 13:11:30,299 [57d97a36-4998-4a67-afe7-2be16a9f25e7@group-8AAF828E5632-LeaderElection3501] INFO  impl.RaftServerImpl (RaftServerImpl.java:setRole(184)) - 57d97a36-4998-4a67-afe7-2be16a9f25e7@group-8AAF828E5632: changes role from CANDIDATE to FOLLOWER at term 7 for DISCOVERED_A_NEW_TERM
2019-10-20 13:11:30,299 [57d97a36-4998-4a67-afe7-2be16a9f25e7@group-8AAF828E5632-LeaderElection3501] INFO  impl.RoleInfo (RoleInfo.java:shutdownLeaderElection(134)) - 57d97a36-4998-4a67-afe7-2be16a9f25e7: shutdown LeaderElection
2019-10-20 13:11:30,299 [57d97a36-4998-4a67-afe7-2be16a9f25e7@group-8AAF828E5632-LeaderElection3501] INFO  impl.RoleInfo (RoleInfo.java:updateAndGet(143)) - 57d97a36-4998-4a67-afe7-2be16a9f25e7: start FollowerState
2019-10-20 13:11:30,596 [Datanode State Machine Thread - 0] INFO  statemachine.DatanodeStateMachine (DatanodeStateMachine.java:lambda$startDaemon$0(350)) - Ozone container server started.
2019-10-20 13:11:31,394 [Thread-26017] INFO  impl.FollowerState (FollowerState.java:run(108)) - 57d97a36-4998-4a67-afe7-2be16a9f25e7@group-8AAF828E5632-FollowerState: change to CANDIDATE, lastRpcTime:1094ms, electionTimeout:1094ms
2019-10-20 13:11:31,394 [Thread-26017] INFO  impl.RoleInfo (RoleInfo.java:shutdownFollowerState(121)) - 57d97a36-4998-4a67-afe7-2be16a9f25e7: shutdown FollowerState
2019-10-20 13:11:31,394 [Thread-26017] INFO  impl.RaftServerImpl (RaftServerImpl.java:setRole(184)) - 57d97a36-4998-4a67-afe7-2be16a9f25e7@group-8AAF828E5632: changes role from  FOLLOWER to CANDIDATE at term 7 for changeToCandidate
2019-10-20 13:11:31,394 [Thread-26017] INFO  impl.RoleInfo (RoleInfo.java:updateAndGet(143)) - 57d97a36-4998-4a67-afe7-2be16a9f25e7: start LeaderElection
2019-10-20 13:11:31,408 [57d97a36-4998-4a67-afe7-2be16a9f25e7@group-8AAF828E5632-LeaderElection3502] INFO  impl.LeaderElection (LeaderElection.java:askForVotes(178)) - 57d97a36-4998-4a67-afe7-2be16a9f25e7@group-8AAF828E5632-LeaderElection3502: begin an election at term 8 for 1: [92caf199-1518-46a4-aa0d-e8059f4ddc2b:192.168.157.204:44100, d7eba74f-c3d7-492f-90de-a44c4d301567:192.168.157.204:44625, 57d97a36-4998-4a67-afe7-2be16a9f25e7:192.168.157.204:44478], old=null
2019-10-20 13:11:31,409 [57d97a36-4998-4a67-afe7-2be16a9f25e7@group-8AAF828E5632-LeaderElection3502] INFO  impl.LeaderElection (LogUtils.java:infoOrTrace(149)) - 57d97a36-4998-4a67-afe7-2be16a9f25e7@group-8AAF828E5632-LeaderElection3502 got exception when requesting votes: {}
java.util.concurrent.ExecutionException: org.apache.ratis.thirdparty.io.grpc.StatusRuntimeException: UNAVAILABLE: io exception
	at java.util.concurrent.FutureTask.report(FutureTask.java:122)
	at java.util.concurrent.FutureTask.get(FutureTask.java:192)
	at org.apache.ratis.server.impl.LeaderElection.waitForResults(LeaderElection.java:259)
	at org.apache.ratis.server.impl.LeaderElection.askForVotes(LeaderElection.java:197)
	at org.apache.ratis.server.impl.LeaderElection.run(LeaderElection.java:133)
	at java.lang.Thread.run(Thread.java:748)
Caused by: org.apache.ratis.thirdparty.io.grpc.StatusRuntimeException: UNAVAILABLE: io exception
	at org.apache.ratis.thirdparty.io.grpc.stub.ClientCalls.toStatusRuntimeException(ClientCalls.java:233)
	at org.apache.ratis.thirdparty.io.grpc.stub.ClientCalls.getUnchecked(ClientCalls.java:214)
	at org.apache.ratis.thirdparty.io.grpc.stub.ClientCalls.blockingUnaryCall(ClientCalls.java:139)
	at org.apache.ratis.proto.grpc.RaftServerProtocolServiceGrpc$RaftServerProtocolServiceBlockingStub.requestVote(RaftServerProtocolServiceGrpc.java:265)
	at org.apache.ratis.grpc.server.GrpcServerProtocolClient.requestVote(GrpcServerProtocolClient.java:99)
	at org.apache.ratis.grpc.server.GrpcService.requestVote(GrpcService.java:204)
	at org.apache.ratis.server.impl.LeaderElection.lambda$submitRequests$1(LeaderElection.java:234)
	at java.util.concurrent.FutureTask.run(FutureTask.java:266)
	at java.util.concurrent.Executors$RunnableAdapter.call(Executors.java:511)
	at java.util.concurrent.FutureTask.run(FutureTask.java:266)
	at java.util.concurrent.ThreadPoolExecutor.runWorker(ThreadPoolExecutor.java:1149)
	at java.util.concurrent.ThreadPoolExecutor$Worker.run(ThreadPoolExecutor.java:624)
	... 1 more
Caused by: org.apache.ratis.thirdparty.io.netty.channel.AbstractChannel$AnnotatedConnectException: Connection refused: /192.168.157.204:44100
	at sun.nio.ch.SocketChannelImpl.checkConnect(Native Method)
	at sun.nio.ch.SocketChannelImpl.finishConnect(SocketChannelImpl.java:717)
	at org.apache.ratis.thirdparty.io.netty.channel.socket.nio.NioSocketChannel.doFinishConnect(NioSocketChannel.java:327)
	at org.apache.ratis.thirdparty.io.netty.channel.nio.AbstractNioChannel$AbstractNioUnsafe.finishConnect(AbstractNioChannel.java:340)
	at org.apache.ratis.thirdparty.io.netty.channel.nio.NioEventLoop.processSelectedKey(NioEventLoop.java:632)
	at org.apache.ratis.thirdparty.io.netty.channel.nio.NioEventLoop.processSelectedKeysOptimized(NioEventLoop.java:579)
	at org.apache.ratis.thirdparty.io.netty.channel.nio.NioEventLoop.processSelectedKeys(NioEventLoop.java:496)
	at org.apache.ratis.thirdparty.io.netty.channel.nio.NioEventLoop.run(NioEventLoop.java:458)
	at org.apache.ratis.thirdparty.io.netty.util.concurrent.SingleThreadEventExecutor$5.run(SingleThreadEventExecutor.java:897)
	at org.apache.ratis.thirdparty.io.netty.util.concurrent.FastThreadLocalRunnable.run(FastThreadLocalRunnable.java:30)
	... 1 more
Caused by: java.net.ConnectException: Connection refused
	... 11 more
2019-10-20 13:11:31,409 [57d97a36-4998-4a67-afe7-2be16a9f25e7@group-8AAF828E5632-LeaderElection3502] INFO  impl.LeaderElection (LogUtils.java:infoOrTrace(149)) - 57d97a36-4998-4a67-afe7-2be16a9f25e7@group-8AAF828E5632-LeaderElection3502 got exception when requesting votes: {}
java.util.concurrent.ExecutionException: org.apache.ratis.thirdparty.io.grpc.StatusRuntimeException: UNAVAILABLE: io exception
	at java.util.concurrent.FutureTask.report(FutureTask.java:122)
	at java.util.concurrent.FutureTask.get(FutureTask.java:192)
	at org.apache.ratis.server.impl.LeaderElection.waitForResults(LeaderElection.java:259)
	at org.apache.ratis.server.impl.LeaderElection.askForVotes(LeaderElection.java:197)
	at org.apache.ratis.server.impl.LeaderElection.run(LeaderElection.java:133)
	at java.lang.Thread.run(Thread.java:748)
Caused by: org.apache.ratis.thirdparty.io.grpc.StatusRuntimeException: UNAVAILABLE: io exception
	at org.apache.ratis.thirdparty.io.grpc.stub.ClientCalls.toStatusRuntimeException(ClientCalls.java:233)
	at org.apache.ratis.thirdparty.io.grpc.stub.ClientCalls.getUnchecked(ClientCalls.java:214)
	at org.apache.ratis.thirdparty.io.grpc.stub.ClientCalls.blockingUnaryCall(ClientCalls.java:139)
	at org.apache.ratis.proto.grpc.RaftServerProtocolServiceGrpc$RaftServerProtocolServiceBlockingStub.requestVote(RaftServerProtocolServiceGrpc.java:265)
	at org.apache.ratis.grpc.server.GrpcServerProtocolClient.requestVote(GrpcServerProtocolClient.java:99)
	at org.apache.ratis.grpc.server.GrpcService.requestVote(GrpcService.java:204)
	at org.apache.ratis.server.impl.LeaderElection.lambda$submitRequests$1(LeaderElection.java:234)
	at java.util.concurrent.FutureTask.run(FutureTask.java:266)
	at java.util.concurrent.Executors$RunnableAdapter.call(Executors.java:511)
	at java.util.concurrent.FutureTask.run(FutureTask.java:266)
	at java.util.concurrent.ThreadPoolExecutor.runWorker(ThreadPoolExecutor.java:1149)
	at java.util.concurrent.ThreadPoolExecutor$Worker.run(ThreadPoolExecutor.java:624)
	... 1 more
Caused by: org.apache.ratis.thirdparty.io.netty.channel.AbstractChannel$AnnotatedConnectException: Connection refused: /192.168.157.204:44625
	at sun.nio.ch.SocketChannelImpl.checkConnect(Native Method)
	at sun.nio.ch.SocketChannelImpl.finishConnect(SocketChannelImpl.java:717)
	at org.apache.ratis.thirdparty.io.netty.channel.socket.nio.NioSocketChannel.doFinishConnect(NioSocketChannel.java:327)
	at org.apache.ratis.thirdparty.io.netty.channel.nio.AbstractNioChannel$AbstractNioUnsafe.finishConnect(AbstractNioChannel.java:340)
	at org.apache.ratis.thirdparty.io.netty.channel.nio.NioEventLoop.processSelectedKey(NioEventLoop.java:632)
	at org.apache.ratis.thirdparty.io.netty.channel.nio.NioEventLoop.processSelectedKeysOptimized(NioEventLoop.java:579)
	at org.apache.ratis.thirdparty.io.netty.channel.nio.NioEventLoop.processSelectedKeys(NioEventLoop.java:496)
	at org.apache.ratis.thirdparty.io.netty.channel.nio.NioEventLoop.run(NioEventLoop.java:458)
	at org.apache.ratis.thirdparty.io.netty.util.concurrent.SingleThreadEventExecutor$5.run(SingleThreadEventExecutor.java:897)
	at org.apache.ratis.thirdparty.io.netty.util.concurrent.FastThreadLocalRunnable.run(FastThreadLocalRunnable.java:30)
	... 1 more
Caused by: java.net.ConnectException: Connection refused
	... 11 more
2019-10-20 13:11:31,410 [57d97a36-4998-4a67-afe7-2be16a9f25e7@group-8AAF828E5632-LeaderElection3502] INFO  impl.LeaderElection (LeaderElection.java:logAndReturn(56)) - 57d97a36-4998-4a67-afe7-2be16a9f25e7@group-8AAF828E5632-LeaderElection3502: Election REJECTED; received 0 response(s) [] and 2 exception(s); 57d97a36-4998-4a67-afe7-2be16a9f25e7@group-8AAF828E5632:t8, leader=null, voted=57d97a36-4998-4a67-afe7-2be16a9f25e7, raftlog=57d97a36-4998-4a67-afe7-2be16a9f25e7@group-8AAF828E5632-SegmentedRaftLog:OPENED:c2,f2,i2, conf=1: [92caf199-1518-46a4-aa0d-e8059f4ddc2b:192.168.157.204:44100, d7eba74f-c3d7-492f-90de-a44c4d301567:192.168.157.204:44625, 57d97a36-4998-4a67-afe7-2be16a9f25e7:192.168.157.204:44478], old=null
2019-10-20 13:11:31,410 [57d97a36-4998-4a67-afe7-2be16a9f25e7@group-8AAF828E5632-LeaderElection3502] INFO  impl.LeaderElection (LogUtils.java:infoOrTrace(149)) -   Exception 0: {}
java.util.concurrent.ExecutionException: org.apache.ratis.thirdparty.io.grpc.StatusRuntimeException: UNAVAILABLE: io exception
	at java.util.concurrent.FutureTask.report(FutureTask.java:122)
	at java.util.concurrent.FutureTask.get(FutureTask.java:192)
	at org.apache.ratis.server.impl.LeaderElection.waitForResults(LeaderElection.java:259)
	at org.apache.ratis.server.impl.LeaderElection.askForVotes(LeaderElection.java:197)
	at org.apache.ratis.server.impl.LeaderElection.run(LeaderElection.java:133)
	at java.lang.Thread.run(Thread.java:748)
Caused by: org.apache.ratis.thirdparty.io.grpc.StatusRuntimeException: UNAVAILABLE: io exception
	at org.apache.ratis.thirdparty.io.grpc.stub.ClientCalls.toStatusRuntimeException(ClientCalls.java:233)
	at org.apache.ratis.thirdparty.io.grpc.stub.ClientCalls.getUnchecked(ClientCalls.java:214)
	at org.apache.ratis.thirdparty.io.grpc.stub.ClientCalls.blockingUnaryCall(ClientCalls.java:139)
	at org.apache.ratis.proto.grpc.RaftServerProtocolServiceGrpc$RaftServerProtocolServiceBlockingStub.requestVote(RaftServerProtocolServiceGrpc.java:265)
	at org.apache.ratis.grpc.server.GrpcServerProtocolClient.requestVote(GrpcServerProtocolClient.java:99)
	at org.apache.ratis.grpc.server.GrpcService.requestVote(GrpcService.java:204)
	at org.apache.ratis.server.impl.LeaderElection.lambda$submitRequests$1(LeaderElection.java:234)
	at java.util.concurrent.FutureTask.run(FutureTask.java:266)
	at java.util.concurrent.Executors$RunnableAdapter.call(Executors.java:511)
	at java.util.concurrent.FutureTask.run(FutureTask.java:266)
	at java.util.concurrent.ThreadPoolExecutor.runWorker(ThreadPoolExecutor.java:1149)
	at java.util.concurrent.ThreadPoolExecutor$Worker.run(ThreadPoolExecutor.java:624)
	... 1 more
Caused by: org.apache.ratis.thirdparty.io.netty.channel.AbstractChannel$AnnotatedConnectException: Connection refused: /192.168.157.204:44100
	at sun.nio.ch.SocketChannelImpl.checkConnect(Native Method)
	at sun.nio.ch.SocketChannelImpl.finishConnect(SocketChannelImpl.java:717)
	at org.apache.ratis.thirdparty.io.netty.channel.socket.nio.NioSocketChannel.doFinishConnect(NioSocketChannel.java:327)
	at org.apache.ratis.thirdparty.io.netty.channel.nio.AbstractNioChannel$AbstractNioUnsafe.finishConnect(AbstractNioChannel.java:340)
	at org.apache.ratis.thirdparty.io.netty.channel.nio.NioEventLoop.processSelectedKey(NioEventLoop.java:632)
	at org.apache.ratis.thirdparty.io.netty.channel.nio.NioEventLoop.processSelectedKeysOptimized(NioEventLoop.java:579)
	at org.apache.ratis.thirdparty.io.netty.channel.nio.NioEventLoop.processSelectedKeys(NioEventLoop.java:496)
	at org.apache.ratis.thirdparty.io.netty.channel.nio.NioEventLoop.run(NioEventLoop.java:458)
	at org.apache.ratis.thirdparty.io.netty.util.concurrent.SingleThreadEventExecutor$5.run(SingleThreadEventExecutor.java:897)
	at org.apache.ratis.thirdparty.io.netty.util.concurrent.FastThreadLocalRunnable.run(FastThreadLocalRunnable.java:30)
	... 1 more
Caused by: java.net.ConnectException: Connection refused
	... 11 more
2019-10-20 13:11:31,410 [57d97a36-4998-4a67-afe7-2be16a9f25e7@group-8AAF828E5632-LeaderElection3502] INFO  impl.LeaderElection (LogUtils.java:infoOrTrace(149)) -   Exception 1: {}
java.util.concurrent.ExecutionException: org.apache.ratis.thirdparty.io.grpc.StatusRuntimeException: UNAVAILABLE: io exception
	at java.util.concurrent.FutureTask.report(FutureTask.java:122)
	at java.util.concurrent.FutureTask.get(FutureTask.java:192)
	at org.apache.ratis.server.impl.LeaderElection.waitForResults(LeaderElection.java:259)
	at org.apache.ratis.server.impl.LeaderElection.askForVotes(LeaderElection.java:197)
	at org.apache.ratis.server.impl.LeaderElection.run(LeaderElection.java:133)
	at java.lang.Thread.run(Thread.java:748)
Caused by: org.apache.ratis.thirdparty.io.grpc.StatusRuntimeException: UNAVAILABLE: io exception
	at org.apache.ratis.thirdparty.io.grpc.stub.ClientCalls.toStatusRuntimeException(ClientCalls.java:233)
	at org.apache.ratis.thirdparty.io.grpc.stub.ClientCalls.getUnchecked(ClientCalls.java:214)
	at org.apache.ratis.thirdparty.io.grpc.stub.ClientCalls.blockingUnaryCall(ClientCalls.java:139)
	at org.apache.ratis.proto.grpc.RaftServerProtocolServiceGrpc$RaftServerProtocolServiceBlockingStub.requestVote(RaftServerProtocolServiceGrpc.java:265)
	at org.apache.ratis.grpc.server.GrpcServerProtocolClient.requestVote(GrpcServerProtocolClient.java:99)
	at org.apache.ratis.grpc.server.GrpcService.requestVote(GrpcService.java:204)
	at org.apache.ratis.server.impl.LeaderElection.lambda$submitRequests$1(LeaderElection.java:234)
	at java.util.concurrent.FutureTask.run(FutureTask.java:266)
	at java.util.concurrent.Executors$RunnableAdapter.call(Executors.java:511)
	at java.util.concurrent.FutureTask.run(FutureTask.java:266)
	at java.util.concurrent.ThreadPoolExecutor.runWorker(ThreadPoolExecutor.java:1149)
	at java.util.concurrent.ThreadPoolExecutor$Worker.run(ThreadPoolExecutor.java:624)
	... 1 more
Caused by: org.apache.ratis.thirdparty.io.netty.channel.AbstractChannel$AnnotatedConnectException: Connection refused: /192.168.157.204:44625
	at sun.nio.ch.SocketChannelImpl.checkConnect(Native Method)
	at sun.nio.ch.SocketChannelImpl.finishConnect(SocketChannelImpl.java:717)
	at org.apache.ratis.thirdparty.io.netty.channel.socket.nio.NioSocketChannel.doFinishConnect(NioSocketChannel.java:327)
	at org.apache.ratis.thirdparty.io.netty.channel.nio.AbstractNioChannel$AbstractNioUnsafe.finishConnect(AbstractNioChannel.java:340)
	at org.apache.ratis.thirdparty.io.netty.channel.nio.NioEventLoop.processSelectedKey(NioEventLoop.java:632)
	at org.apache.ratis.thirdparty.io.netty.channel.nio.NioEventLoop.processSelectedKeysOptimized(NioEventLoop.java:579)
	at org.apache.ratis.thirdparty.io.netty.channel.nio.NioEventLoop.processSelectedKeys(NioEventLoop.java:496)
	at org.apache.ratis.thirdparty.io.netty.channel.nio.NioEventLoop.run(NioEventLoop.java:458)
	at org.apache.ratis.thirdparty.io.netty.util.concurrent.SingleThreadEventExecutor$5.run(SingleThreadEventExecutor.java:897)
	at org.apache.ratis.thirdparty.io.netty.util.concurrent.FastThreadLocalRunnable.run(FastThreadLocalRunnable.java:30)
	... 1 more
Caused by: java.net.ConnectException: Connection refused
	... 11 more
2019-10-20 13:11:31,410 [57d97a36-4998-4a67-afe7-2be16a9f25e7@group-8AAF828E5632-LeaderElection3502] INFO  impl.RaftServerImpl (RaftServerImpl.java:setRole(184)) - 57d97a36-4998-4a67-afe7-2be16a9f25e7@group-8AAF828E5632: changes role from CANDIDATE to FOLLOWER at term 8 for DISCOVERED_A_NEW_TERM
2019-10-20 13:11:31,410 [57d97a36-4998-4a67-afe7-2be16a9f25e7@group-8AAF828E5632-LeaderElection3502] INFO  impl.RoleInfo (RoleInfo.java:shutdownLeaderElection(134)) - 57d97a36-4998-4a67-afe7-2be16a9f25e7: shutdown LeaderElection
2019-10-20 13:11:31,411 [57d97a36-4998-4a67-afe7-2be16a9f25e7@group-8AAF828E5632-LeaderElection3502] INFO  impl.RoleInfo (RoleInfo.java:updateAndGet(143)) - 57d97a36-4998-4a67-afe7-2be16a9f25e7: start FollowerState
2019-10-20 13:11:32,590 [Thread-26021] INFO  impl.FollowerState (FollowerState.java:run(108)) - 57d97a36-4998-4a67-afe7-2be16a9f25e7@group-8AAF828E5632-FollowerState: change to CANDIDATE, lastRpcTime:1179ms, electionTimeout:1179ms
2019-10-20 13:11:32,590 [Thread-26021] INFO  impl.RoleInfo (RoleInfo.java:shutdownFollowerState(121)) - 57d97a36-4998-4a67-afe7-2be16a9f25e7: shutdown FollowerState
2019-10-20 13:11:32,590 [Thread-26021] INFO  impl.RaftServerImpl (RaftServerImpl.java:setRole(184)) - 57d97a36-4998-4a67-afe7-2be16a9f25e7@group-8AAF828E5632: changes role from  FOLLOWER to CANDIDATE at term 8 for changeToCandidate
2019-10-20 13:11:32,590 [Thread-26021] INFO  impl.RoleInfo (RoleInfo.java:updateAndGet(143)) - 57d97a36-4998-4a67-afe7-2be16a9f25e7: start LeaderElection
2019-10-20 13:11:32,604 [57d97a36-4998-4a67-afe7-2be16a9f25e7@group-8AAF828E5632-LeaderElection3503] INFO  impl.LeaderElection (LeaderElection.java:askForVotes(178)) - 57d97a36-4998-4a67-afe7-2be16a9f25e7@group-8AAF828E5632-LeaderElection3503: begin an election at term 9 for 1: [92caf199-1518-46a4-aa0d-e8059f4ddc2b:192.168.157.204:44100, d7eba74f-c3d7-492f-90de-a44c4d301567:192.168.157.204:44625, 57d97a36-4998-4a67-afe7-2be16a9f25e7:192.168.157.204:44478], old=null
2019-10-20 13:11:32,605 [57d97a36-4998-4a67-afe7-2be16a9f25e7@group-8AAF828E5632-LeaderElection3503] INFO  impl.LeaderElection (LogUtils.java:infoOrTrace(149)) - 57d97a36-4998-4a67-afe7-2be16a9f25e7@group-8AAF828E5632-LeaderElection3503 got exception when requesting votes: {}
java.util.concurrent.ExecutionException: org.apache.ratis.thirdparty.io.grpc.StatusRuntimeException: UNAVAILABLE: io exception
	at java.util.concurrent.FutureTask.report(FutureTask.java:122)
	at java.util.concurrent.FutureTask.get(FutureTask.java:192)
	at org.apache.ratis.server.impl.LeaderElection.waitForResults(LeaderElection.java:259)
	at org.apache.ratis.server.impl.LeaderElection.askForVotes(LeaderElection.java:197)
	at org.apache.ratis.server.impl.LeaderElection.run(LeaderElection.java:133)
	at java.lang.Thread.run(Thread.java:748)
Caused by: org.apache.ratis.thirdparty.io.grpc.StatusRuntimeException: UNAVAILABLE: io exception
	at org.apache.ratis.thirdparty.io.grpc.stub.ClientCalls.toStatusRuntimeException(ClientCalls.java:233)
	at org.apache.ratis.thirdparty.io.grpc.stub.ClientCalls.getUnchecked(ClientCalls.java:214)
	at org.apache.ratis.thirdparty.io.grpc.stub.ClientCalls.blockingUnaryCall(ClientCalls.java:139)
	at org.apache.ratis.proto.grpc.RaftServerProtocolServiceGrpc$RaftServerProtocolServiceBlockingStub.requestVote(RaftServerProtocolServiceGrpc.java:265)
	at org.apache.ratis.grpc.server.GrpcServerProtocolClient.requestVote(GrpcServerProtocolClient.java:99)
	at org.apache.ratis.grpc.server.GrpcService.requestVote(GrpcService.java:204)
	at org.apache.ratis.server.impl.LeaderElection.lambda$submitRequests$1(LeaderElection.java:234)
	at java.util.concurrent.FutureTask.run(FutureTask.java:266)
	at java.util.concurrent.Executors$RunnableAdapter.call(Executors.java:511)
	at java.util.concurrent.FutureTask.run(FutureTask.java:266)
	at java.util.concurrent.ThreadPoolExecutor.runWorker(ThreadPoolExecutor.java:1149)
	at java.util.concurrent.ThreadPoolExecutor$Worker.run(ThreadPoolExecutor.java:624)
	... 1 more
Caused by: org.apache.ratis.thirdparty.io.netty.channel.AbstractChannel$AnnotatedConnectException: Connection refused: /192.168.157.204:44100
	at sun.nio.ch.SocketChannelImpl.checkConnect(Native Method)
	at sun.nio.ch.SocketChannelImpl.finishConnect(SocketChannelImpl.java:717)
	at org.apache.ratis.thirdparty.io.netty.channel.socket.nio.NioSocketChannel.doFinishConnect(NioSocketChannel.java:327)
	at org.apache.ratis.thirdparty.io.netty.channel.nio.AbstractNioChannel$AbstractNioUnsafe.finishConnect(AbstractNioChannel.java:340)
	at org.apache.ratis.thirdparty.io.netty.channel.nio.NioEventLoop.processSelectedKey(NioEventLoop.java:632)
	at org.apache.ratis.thirdparty.io.netty.channel.nio.NioEventLoop.processSelectedKeysOptimized(NioEventLoop.java:579)
	at org.apache.ratis.thirdparty.io.netty.channel.nio.NioEventLoop.processSelectedKeys(NioEventLoop.java:496)
	at org.apache.ratis.thirdparty.io.netty.channel.nio.NioEventLoop.run(NioEventLoop.java:458)
	at org.apache.ratis.thirdparty.io.netty.util.concurrent.SingleThreadEventExecutor$5.run(SingleThreadEventExecutor.java:897)
	at org.apache.ratis.thirdparty.io.netty.util.concurrent.FastThreadLocalRunnable.run(FastThreadLocalRunnable.java:30)
	... 1 more
Caused by: java.net.ConnectException: Connection refused
	... 11 more
2019-10-20 13:11:32,606 [57d97a36-4998-4a67-afe7-2be16a9f25e7@group-8AAF828E5632-LeaderElection3503] INFO  impl.LeaderElection (LogUtils.java:infoOrTrace(149)) - 57d97a36-4998-4a67-afe7-2be16a9f25e7@group-8AAF828E5632-LeaderElection3503 got exception when requesting votes: {}
java.util.concurrent.ExecutionException: org.apache.ratis.thirdparty.io.grpc.StatusRuntimeException: UNAVAILABLE: io exception
	at java.util.concurrent.FutureTask.report(FutureTask.java:122)
	at java.util.concurrent.FutureTask.get(FutureTask.java:192)
	at org.apache.ratis.server.impl.LeaderElection.waitForResults(LeaderElection.java:259)
	at org.apache.ratis.server.impl.LeaderElection.askForVotes(LeaderElection.java:197)
	at org.apache.ratis.server.impl.LeaderElection.run(LeaderElection.java:133)
	at java.lang.Thread.run(Thread.java:748)
Caused by: org.apache.ratis.thirdparty.io.grpc.StatusRuntimeException: UNAVAILABLE: io exception
	at org.apache.ratis.thirdparty.io.grpc.stub.ClientCalls.toStatusRuntimeException(ClientCalls.java:233)
	at org.apache.ratis.thirdparty.io.grpc.stub.ClientCalls.getUnchecked(ClientCalls.java:214)
	at org.apache.ratis.thirdparty.io.grpc.stub.ClientCalls.blockingUnaryCall(ClientCalls.java:139)
	at org.apache.ratis.proto.grpc.RaftServerProtocolServiceGrpc$RaftServerProtocolServiceBlockingStub.requestVote(RaftServerProtocolServiceGrpc.java:265)
	at org.apache.ratis.grpc.server.GrpcServerProtocolClient.requestVote(GrpcServerProtocolClient.java:99)
	at org.apache.ratis.grpc.server.GrpcService.requestVote(GrpcService.java:204)
	at org.apache.ratis.server.impl.LeaderElection.lambda$submitRequests$1(LeaderElection.java:234)
	at java.util.concurrent.FutureTask.run(FutureTask.java:266)
	at java.util.concurrent.Executors$RunnableAdapter.call(Executors.java:511)
	at java.util.concurrent.FutureTask.run(FutureTask.java:266)
	at java.util.concurrent.ThreadPoolExecutor.runWorker(ThreadPoolExecutor.java:1149)
	at java.util.concurrent.ThreadPoolExecutor$Worker.run(ThreadPoolExecutor.java:624)
	... 1 more
Caused by: org.apache.ratis.thirdparty.io.netty.channel.AbstractChannel$AnnotatedConnectException: Connection refused: /192.168.157.204:44625
	at sun.nio.ch.SocketChannelImpl.checkConnect(Native Method)
	at sun.nio.ch.SocketChannelImpl.finishConnect(SocketChannelImpl.java:717)
	at org.apache.ratis.thirdparty.io.netty.channel.socket.nio.NioSocketChannel.doFinishConnect(NioSocketChannel.java:327)
	at org.apache.ratis.thirdparty.io.netty.channel.nio.AbstractNioChannel$AbstractNioUnsafe.finishConnect(AbstractNioChannel.java:340)
	at org.apache.ratis.thirdparty.io.netty.channel.nio.NioEventLoop.processSelectedKey(NioEventLoop.java:632)
	at org.apache.ratis.thirdparty.io.netty.channel.nio.NioEventLoop.processSelectedKeysOptimized(NioEventLoop.java:579)
	at org.apache.ratis.thirdparty.io.netty.channel.nio.NioEventLoop.processSelectedKeys(NioEventLoop.java:496)
	at org.apache.ratis.thirdparty.io.netty.channel.nio.NioEventLoop.run(NioEventLoop.java:458)
	at org.apache.ratis.thirdparty.io.netty.util.concurrent.SingleThreadEventExecutor$5.run(SingleThreadEventExecutor.java:897)
	at org.apache.ratis.thirdparty.io.netty.util.concurrent.FastThreadLocalRunnable.run(FastThreadLocalRunnable.java:30)
	... 1 more
Caused by: java.net.ConnectException: Connection refused
	... 11 more
2019-10-20 13:11:32,606 [57d97a36-4998-4a67-afe7-2be16a9f25e7@group-8AAF828E5632-LeaderElection3503] INFO  impl.LeaderElection (LeaderElection.java:logAndReturn(56)) - 57d97a36-4998-4a67-afe7-2be16a9f25e7@group-8AAF828E5632-LeaderElection3503: Election REJECTED; received 0 response(s) [] and 2 exception(s); 57d97a36-4998-4a67-afe7-2be16a9f25e7@group-8AAF828E5632:t9, leader=null, voted=57d97a36-4998-4a67-afe7-2be16a9f25e7, raftlog=57d97a36-4998-4a67-afe7-2be16a9f25e7@group-8AAF828E5632-SegmentedRaftLog:OPENED:c2,f2,i2, conf=1: [92caf199-1518-46a4-aa0d-e8059f4ddc2b:192.168.157.204:44100, d7eba74f-c3d7-492f-90de-a44c4d301567:192.168.157.204:44625, 57d97a36-4998-4a67-afe7-2be16a9f25e7:192.168.157.204:44478], old=null
2019-10-20 13:11:32,606 [57d97a36-4998-4a67-afe7-2be16a9f25e7@group-8AAF828E5632-LeaderElection3503] INFO  impl.LeaderElection (LogUtils.java:infoOrTrace(149)) -   Exception 0: {}
java.util.concurrent.ExecutionException: org.apache.ratis.thirdparty.io.grpc.StatusRuntimeException: UNAVAILABLE: io exception
	at java.util.concurrent.FutureTask.report(FutureTask.java:122)
	at java.util.concurrent.FutureTask.get(FutureTask.java:192)
	at org.apache.ratis.server.impl.LeaderElection.waitForResults(LeaderElection.java:259)
	at org.apache.ratis.server.impl.LeaderElection.askForVotes(LeaderElection.java:197)
	at org.apache.ratis.server.impl.LeaderElection.run(LeaderElection.java:133)
	at java.lang.Thread.run(Thread.java:748)
Caused by: org.apache.ratis.thirdparty.io.grpc.StatusRuntimeException: UNAVAILABLE: io exception
	at org.apache.ratis.thirdparty.io.grpc.stub.ClientCalls.toStatusRuntimeException(ClientCalls.java:233)
	at org.apache.ratis.thirdparty.io.grpc.stub.ClientCalls.getUnchecked(ClientCalls.java:214)
	at org.apache.ratis.thirdparty.io.grpc.stub.ClientCalls.blockingUnaryCall(ClientCalls.java:139)
	at org.apache.ratis.proto.grpc.RaftServerProtocolServiceGrpc$RaftServerProtocolServiceBlockingStub.requestVote(RaftServerProtocolServiceGrpc.java:265)
	at org.apache.ratis.grpc.server.GrpcServerProtocolClient.requestVote(GrpcServerProtocolClient.java:99)
	at org.apache.ratis.grpc.server.GrpcService.requestVote(GrpcService.java:204)
	at org.apache.ratis.server.impl.LeaderElection.lambda$submitRequests$1(LeaderElection.java:234)
	at java.util.concurrent.FutureTask.run(FutureTask.java:266)
	at java.util.concurrent.Executors$RunnableAdapter.call(Executors.java:511)
	at java.util.concurrent.FutureTask.run(FutureTask.java:266)
	at java.util.concurrent.ThreadPoolExecutor.runWorker(ThreadPoolExecutor.java:1149)
	at java.util.concurrent.ThreadPoolExecutor$Worker.run(ThreadPoolExecutor.java:624)
	... 1 more
Caused by: org.apache.ratis.thirdparty.io.netty.channel.AbstractChannel$AnnotatedConnectException: Connection refused: /192.168.157.204:44100
	at sun.nio.ch.SocketChannelImpl.checkConnect(Native Method)
	at sun.nio.ch.SocketChannelImpl.finishConnect(SocketChannelImpl.java:717)
	at org.apache.ratis.thirdparty.io.netty.channel.socket.nio.NioSocketChannel.doFinishConnect(NioSocketChannel.java:327)
	at org.apache.ratis.thirdparty.io.netty.channel.nio.AbstractNioChannel$AbstractNioUnsafe.finishConnect(AbstractNioChannel.java:340)
	at org.apache.ratis.thirdparty.io.netty.channel.nio.NioEventLoop.processSelectedKey(NioEventLoop.java:632)
	at org.apache.ratis.thirdparty.io.netty.channel.nio.NioEventLoop.processSelectedKeysOptimized(NioEventLoop.java:579)
	at org.apache.ratis.thirdparty.io.netty.channel.nio.NioEventLoop.processSelectedKeys(NioEventLoop.java:496)
	at org.apache.ratis.thirdparty.io.netty.channel.nio.NioEventLoop.run(NioEventLoop.java:458)
	at org.apache.ratis.thirdparty.io.netty.util.concurrent.SingleThreadEventExecutor$5.run(SingleThreadEventExecutor.java:897)
	at org.apache.ratis.thirdparty.io.netty.util.concurrent.FastThreadLocalRunnable.run(FastThreadLocalRunnable.java:30)
	... 1 more
Caused by: java.net.ConnectException: Connection refused
	... 11 more
2019-10-20 13:11:32,606 [57d97a36-4998-4a67-afe7-2be16a9f25e7@group-8AAF828E5632-LeaderElection3503] INFO  impl.LeaderElection (LogUtils.java:infoOrTrace(149)) -   Exception 1: {}
java.util.concurrent.ExecutionException: org.apache.ratis.thirdparty.io.grpc.StatusRuntimeException: UNAVAILABLE: io exception
	at java.util.concurrent.FutureTask.report(FutureTask.java:122)
	at java.util.concurrent.FutureTask.get(FutureTask.java:192)
	at org.apache.ratis.server.impl.LeaderElection.waitForResults(LeaderElection.java:259)
	at org.apache.ratis.server.impl.LeaderElection.askForVotes(LeaderElection.java:197)
	at org.apache.ratis.server.impl.LeaderElection.run(LeaderElection.java:133)
	at java.lang.Thread.run(Thread.java:748)
Caused by: org.apache.ratis.thirdparty.io.grpc.StatusRuntimeException: UNAVAILABLE: io exception
	at org.apache.ratis.thirdparty.io.grpc.stub.ClientCalls.toStatusRuntimeException(ClientCalls.java:233)
	at org.apache.ratis.thirdparty.io.grpc.stub.ClientCalls.getUnchecked(ClientCalls.java:214)
	at org.apache.ratis.thirdparty.io.grpc.stub.ClientCalls.blockingUnaryCall(ClientCalls.java:139)
	at org.apache.ratis.proto.grpc.RaftServerProtocolServiceGrpc$RaftServerProtocolServiceBlockingStub.requestVote(RaftServerProtocolServiceGrpc.java:265)
	at org.apache.ratis.grpc.server.GrpcServerProtocolClient.requestVote(GrpcServerProtocolClient.java:99)
	at org.apache.ratis.grpc.server.GrpcService.requestVote(GrpcService.java:204)
	at org.apache.ratis.server.impl.LeaderElection.lambda$submitRequests$1(LeaderElection.java:234)
	at java.util.concurrent.FutureTask.run(FutureTask.java:266)
	at java.util.concurrent.Executors$RunnableAdapter.call(Executors.java:511)
	at java.util.concurrent.FutureTask.run(FutureTask.java:266)
	at java.util.concurrent.ThreadPoolExecutor.runWorker(ThreadPoolExecutor.java:1149)
	at java.util.concurrent.ThreadPoolExecutor$Worker.run(ThreadPoolExecutor.java:624)
	... 1 more
Caused by: org.apache.ratis.thirdparty.io.netty.channel.AbstractChannel$AnnotatedConnectException: Connection refused: /192.168.157.204:44625
	at sun.nio.ch.SocketChannelImpl.checkConnect(Native Method)
	at sun.nio.ch.SocketChannelImpl.finishConnect(SocketChannelImpl.java:717)
	at org.apache.ratis.thirdparty.io.netty.channel.socket.nio.NioSocketChannel.doFinishConnect(NioSocketChannel.java:327)
	at org.apache.ratis.thirdparty.io.netty.channel.nio.AbstractNioChannel$AbstractNioUnsafe.finishConnect(AbstractNioChannel.java:340)
	at org.apache.ratis.thirdparty.io.netty.channel.nio.NioEventLoop.processSelectedKey(NioEventLoop.java:632)
	at org.apache.ratis.thirdparty.io.netty.channel.nio.NioEventLoop.processSelectedKeysOptimized(NioEventLoop.java:579)
	at org.apache.ratis.thirdparty.io.netty.channel.nio.NioEventLoop.processSelectedKeys(NioEventLoop.java:496)
	at org.apache.ratis.thirdparty.io.netty.channel.nio.NioEventLoop.run(NioEventLoop.java:458)
	at org.apache.ratis.thirdparty.io.netty.util.concurrent.SingleThreadEventExecutor$5.run(SingleThreadEventExecutor.java:897)
	at org.apache.ratis.thirdparty.io.netty.util.concurrent.FastThreadLocalRunnable.run(FastThreadLocalRunnable.java:30)
	... 1 more
Caused by: java.net.ConnectException: Connection refused
	... 11 more
2019-10-20 13:11:32,607 [57d97a36-4998-4a67-afe7-2be16a9f25e7@group-8AAF828E5632-LeaderElection3503] INFO  impl.RaftServerImpl (RaftServerImpl.java:setRole(184)) - 57d97a36-4998-4a67-afe7-2be16a9f25e7@group-8AAF828E5632: changes role from CANDIDATE to FOLLOWER at term 9 for DISCOVERED_A_NEW_TERM
2019-10-20 13:11:32,607 [57d97a36-4998-4a67-afe7-2be16a9f25e7@group-8AAF828E5632-LeaderElection3503] INFO  impl.RoleInfo (RoleInfo.java:shutdownLeaderElection(134)) - 57d97a36-4998-4a67-afe7-2be16a9f25e7: shutdown LeaderElection
2019-10-20 13:11:32,607 [57d97a36-4998-4a67-afe7-2be16a9f25e7@group-8AAF828E5632-LeaderElection3503] INFO  impl.RoleInfo (RoleInfo.java:updateAndGet(143)) - 57d97a36-4998-4a67-afe7-2be16a9f25e7: start FollowerState
2019-10-20 13:11:33,189 [java.util.concurrent.ThreadPoolExecutor$Worker@1928b4f6[State = -1, empty queue]] WARN  server.GrpcLogAppender (GrpcLogAppender.java:timeoutAppendRequest(209)) - 4d585c25-980a-43ef-83b7-f2d8ca21bb18@group-18CBEC626CA6->384d1456-c9b4-4a07-8bc5-984a6f09f9c3-GrpcLogAppender: appendEntries Timeout, request=4d585c25-980a-43ef-83b7-f2d8ca21bb18->384d1456-c9b4-4a07-8bc5-984a6f09f9c3#70-t1, previous=(t:1, i:10), leaderCommit=10, initializing? false, entries: <empty>
2019-10-20 13:11:33,190 [java.util.concurrent.ThreadPoolExecutor$Worker@1c8eceac[State = -1, empty queue]] WARN  server.GrpcLogAppender (GrpcLogAppender.java:timeoutAppendRequest(209)) - 4d585c25-980a-43ef-83b7-f2d8ca21bb18@group-18CBEC626CA6->0b324774-4593-4f2f-a2c4-e2cf67d32ecd-GrpcLogAppender: appendEntries Timeout, request=4d585c25-980a-43ef-83b7-f2d8ca21bb18->0b324774-4593-4f2f-a2c4-e2cf67d32ecd#70-t1, previous=(t:1, i:10), leaderCommit=10, initializing? false, entries: <empty>
2019-10-20 13:11:33,670 [Thread-26025] INFO  impl.FollowerState (FollowerState.java:run(108)) - 57d97a36-4998-4a67-afe7-2be16a9f25e7@group-8AAF828E5632-FollowerState: change to CANDIDATE, lastRpcTime:1063ms, electionTimeout:1063ms
2019-10-20 13:11:33,671 [Thread-26025] INFO  impl.RoleInfo (RoleInfo.java:shutdownFollowerState(121)) - 57d97a36-4998-4a67-afe7-2be16a9f25e7: shutdown FollowerState
2019-10-20 13:11:33,671 [Thread-26025] INFO  impl.RaftServerImpl (RaftServerImpl.java:setRole(184)) - 57d97a36-4998-4a67-afe7-2be16a9f25e7@group-8AAF828E5632: changes role from  FOLLOWER to CANDIDATE at term 9 for changeToCandidate
2019-10-20 13:11:33,671 [Thread-26025] INFO  impl.RoleInfo (RoleInfo.java:updateAndGet(143)) - 57d97a36-4998-4a67-afe7-2be16a9f25e7: start LeaderElection
2019-10-20 13:11:33,685 [57d97a36-4998-4a67-afe7-2be16a9f25e7@group-8AAF828E5632-LeaderElection3504] INFO  impl.LeaderElection (LeaderElection.java:askForVotes(178)) - 57d97a36-4998-4a67-afe7-2be16a9f25e7@group-8AAF828E5632-LeaderElection3504: begin an election at term 10 for 1: [92caf199-1518-46a4-aa0d-e8059f4ddc2b:192.168.157.204:44100, d7eba74f-c3d7-492f-90de-a44c4d301567:192.168.157.204:44625, 57d97a36-4998-4a67-afe7-2be16a9f25e7:192.168.157.204:44478], old=null
2019-10-20 13:11:33,686 [57d97a36-4998-4a67-afe7-2be16a9f25e7@group-8AAF828E5632-LeaderElection3504] INFO  impl.LeaderElection (LogUtils.java:infoOrTrace(149)) - 57d97a36-4998-4a67-afe7-2be16a9f25e7@group-8AAF828E5632-LeaderElection3504 got exception when requesting votes: {}
java.util.concurrent.ExecutionException: org.apache.ratis.thirdparty.io.grpc.StatusRuntimeException: UNAVAILABLE: io exception
	at java.util.concurrent.FutureTask.report(FutureTask.java:122)
	at java.util.concurrent.FutureTask.get(FutureTask.java:192)
	at org.apache.ratis.server.impl.LeaderElection.waitForResults(LeaderElection.java:259)
	at org.apache.ratis.server.impl.LeaderElection.askForVotes(LeaderElection.java:197)
	at org.apache.ratis.server.impl.LeaderElection.run(LeaderElection.java:133)
	at java.lang.Thread.run(Thread.java:748)
Caused by: org.apache.ratis.thirdparty.io.grpc.StatusRuntimeException: UNAVAILABLE: io exception
	at org.apache.ratis.thirdparty.io.grpc.stub.ClientCalls.toStatusRuntimeException(ClientCalls.java:233)
	at org.apache.ratis.thirdparty.io.grpc.stub.ClientCalls.getUnchecked(ClientCalls.java:214)
	at org.apache.ratis.thirdparty.io.grpc.stub.ClientCalls.blockingUnaryCall(ClientCalls.java:139)
	at org.apache.ratis.proto.grpc.RaftServerProtocolServiceGrpc$RaftServerProtocolServiceBlockingStub.requestVote(RaftServerProtocolServiceGrpc.java:265)
	at org.apache.ratis.grpc.server.GrpcServerProtocolClient.requestVote(GrpcServerProtocolClient.java:99)
	at org.apache.ratis.grpc.server.GrpcService.requestVote(GrpcService.java:204)
	at org.apache.ratis.server.impl.LeaderElection.lambda$submitRequests$1(LeaderElection.java:234)
	at java.util.concurrent.FutureTask.run(FutureTask.java:266)
	at java.util.concurrent.Executors$RunnableAdapter.call(Executors.java:511)
	at java.util.concurrent.FutureTask.run(FutureTask.java:266)
	at java.util.concurrent.ThreadPoolExecutor.runWorker(ThreadPoolExecutor.java:1149)
	at java.util.concurrent.ThreadPoolExecutor$Worker.run(ThreadPoolExecutor.java:624)
	... 1 more
Caused by: org.apache.ratis.thirdparty.io.netty.channel.AbstractChannel$AnnotatedConnectException: Connection refused: /192.168.157.204:44625
	at sun.nio.ch.SocketChannelImpl.checkConnect(Native Method)
	at sun.nio.ch.SocketChannelImpl.finishConnect(SocketChannelImpl.java:717)
	at org.apache.ratis.thirdparty.io.netty.channel.socket.nio.NioSocketChannel.doFinishConnect(NioSocketChannel.java:327)
	at org.apache.ratis.thirdparty.io.netty.channel.nio.AbstractNioChannel$AbstractNioUnsafe.finishConnect(AbstractNioChannel.java:340)
	at org.apache.ratis.thirdparty.io.netty.channel.nio.NioEventLoop.processSelectedKey(NioEventLoop.java:632)
	at org.apache.ratis.thirdparty.io.netty.channel.nio.NioEventLoop.processSelectedKeysOptimized(NioEventLoop.java:579)
	at org.apache.ratis.thirdparty.io.netty.channel.nio.NioEventLoop.processSelectedKeys(NioEventLoop.java:496)
	at org.apache.ratis.thirdparty.io.netty.channel.nio.NioEventLoop.run(NioEventLoop.java:458)
	at org.apache.ratis.thirdparty.io.netty.util.concurrent.SingleThreadEventExecutor$5.run(SingleThreadEventExecutor.java:897)
	at org.apache.ratis.thirdparty.io.netty.util.concurrent.FastThreadLocalRunnable.run(FastThreadLocalRunnable.java:30)
	... 1 more
Caused by: java.net.ConnectException: Connection refused
	... 11 more
2019-10-20 13:11:33,687 [57d97a36-4998-4a67-afe7-2be16a9f25e7@group-8AAF828E5632-LeaderElection3504] INFO  impl.LeaderElection (LogUtils.java:infoOrTrace(149)) - 57d97a36-4998-4a67-afe7-2be16a9f25e7@group-8AAF828E5632-LeaderElection3504 got exception when requesting votes: {}
java.util.concurrent.ExecutionException: org.apache.ratis.thirdparty.io.grpc.StatusRuntimeException: UNAVAILABLE: io exception
	at java.util.concurrent.FutureTask.report(FutureTask.java:122)
	at java.util.concurrent.FutureTask.get(FutureTask.java:192)
	at org.apache.ratis.server.impl.LeaderElection.waitForResults(LeaderElection.java:259)
	at org.apache.ratis.server.impl.LeaderElection.askForVotes(LeaderElection.java:197)
	at org.apache.ratis.server.impl.LeaderElection.run(LeaderElection.java:133)
	at java.lang.Thread.run(Thread.java:748)
Caused by: org.apache.ratis.thirdparty.io.grpc.StatusRuntimeException: UNAVAILABLE: io exception
	at org.apache.ratis.thirdparty.io.grpc.stub.ClientCalls.toStatusRuntimeException(ClientCalls.java:233)
	at org.apache.ratis.thirdparty.io.grpc.stub.ClientCalls.getUnchecked(ClientCalls.java:214)
	at org.apache.ratis.thirdparty.io.grpc.stub.ClientCalls.blockingUnaryCall(ClientCalls.java:139)
	at org.apache.ratis.proto.grpc.RaftServerProtocolServiceGrpc$RaftServerProtocolServiceBlockingStub.requestVote(RaftServerProtocolServiceGrpc.java:265)
	at org.apache.ratis.grpc.server.GrpcServerProtocolClient.requestVote(GrpcServerProtocolClient.java:99)
	at org.apache.ratis.grpc.server.GrpcService.requestVote(GrpcService.java:204)
	at org.apache.ratis.server.impl.LeaderElection.lambda$submitRequests$1(LeaderElection.java:234)
	at java.util.concurrent.FutureTask.run(FutureTask.java:266)
	at java.util.concurrent.Executors$RunnableAdapter.call(Executors.java:511)
	at java.util.concurrent.FutureTask.run(FutureTask.java:266)
	at java.util.concurrent.ThreadPoolExecutor.runWorker(ThreadPoolExecutor.java:1149)
	at java.util.concurrent.ThreadPoolExecutor$Worker.run(ThreadPoolExecutor.java:624)
	... 1 more
Caused by: org.apache.ratis.thirdparty.io.netty.channel.AbstractChannel$AnnotatedConnectException: Connection refused: /192.168.157.204:44100
	at sun.nio.ch.SocketChannelImpl.checkConnect(Native Method)
	at sun.nio.ch.SocketChannelImpl.finishConnect(SocketChannelImpl.java:717)
	at org.apache.ratis.thirdparty.io.netty.channel.socket.nio.NioSocketChannel.doFinishConnect(NioSocketChannel.java:327)
	at org.apache.ratis.thirdparty.io.netty.channel.nio.AbstractNioChannel$AbstractNioUnsafe.finishConnect(AbstractNioChannel.java:340)
	at org.apache.ratis.thirdparty.io.netty.channel.nio.NioEventLoop.processSelectedKey(NioEventLoop.java:632)
	at org.apache.ratis.thirdparty.io.netty.channel.nio.NioEventLoop.processSelectedKeysOptimized(NioEventLoop.java:579)
	at org.apache.ratis.thirdparty.io.netty.channel.nio.NioEventLoop.processSelectedKeys(NioEventLoop.java:496)
	at org.apache.ratis.thirdparty.io.netty.channel.nio.NioEventLoop.run(NioEventLoop.java:458)
	at org.apache.ratis.thirdparty.io.netty.util.concurrent.SingleThreadEventExecutor$5.run(SingleThreadEventExecutor.java:897)
	at org.apache.ratis.thirdparty.io.netty.util.concurrent.FastThreadLocalRunnable.run(FastThreadLocalRunnable.java:30)
	... 1 more
Caused by: java.net.ConnectException: Connection refused
	... 11 more
2019-10-20 13:11:33,687 [57d97a36-4998-4a67-afe7-2be16a9f25e7@group-8AAF828E5632-LeaderElection3504] INFO  impl.LeaderElection (LeaderElection.java:logAndReturn(56)) - 57d97a36-4998-4a67-afe7-2be16a9f25e7@group-8AAF828E5632-LeaderElection3504: Election REJECTED; received 0 response(s) [] and 2 exception(s); 57d97a36-4998-4a67-afe7-2be16a9f25e7@group-8AAF828E5632:t10, leader=null, voted=57d97a36-4998-4a67-afe7-2be16a9f25e7, raftlog=57d97a36-4998-4a67-afe7-2be16a9f25e7@group-8AAF828E5632-SegmentedRaftLog:OPENED:c2,f2,i2, conf=1: [92caf199-1518-46a4-aa0d-e8059f4ddc2b:192.168.157.204:44100, d7eba74f-c3d7-492f-90de-a44c4d301567:192.168.157.204:44625, 57d97a36-4998-4a67-afe7-2be16a9f25e7:192.168.157.204:44478], old=null
2019-10-20 13:11:33,687 [57d97a36-4998-4a67-afe7-2be16a9f25e7@group-8AAF828E5632-LeaderElection3504] INFO  impl.LeaderElection (LogUtils.java:infoOrTrace(149)) -   Exception 0: {}
java.util.concurrent.ExecutionException: org.apache.ratis.thirdparty.io.grpc.StatusRuntimeException: UNAVAILABLE: io exception
	at java.util.concurrent.FutureTask.report(FutureTask.java:122)
	at java.util.concurrent.FutureTask.get(FutureTask.java:192)
	at org.apache.ratis.server.impl.LeaderElection.waitForResults(LeaderElection.java:259)
	at org.apache.ratis.server.impl.LeaderElection.askForVotes(LeaderElection.java:197)
	at org.apache.ratis.server.impl.LeaderElection.run(LeaderElection.java:133)
	at java.lang.Thread.run(Thread.java:748)
Caused by: org.apache.ratis.thirdparty.io.grpc.StatusRuntimeException: UNAVAILABLE: io exception
	at org.apache.ratis.thirdparty.io.grpc.stub.ClientCalls.toStatusRuntimeException(ClientCalls.java:233)
	at org.apache.ratis.thirdparty.io.grpc.stub.ClientCalls.getUnchecked(ClientCalls.java:214)
	at org.apache.ratis.thirdparty.io.grpc.stub.ClientCalls.blockingUnaryCall(ClientCalls.java:139)
	at org.apache.ratis.proto.grpc.RaftServerProtocolServiceGrpc$RaftServerProtocolServiceBlockingStub.requestVote(RaftServerProtocolServiceGrpc.java:265)
	at org.apache.ratis.grpc.server.GrpcServerProtocolClient.requestVote(GrpcServerProtocolClient.java:99)
	at org.apache.ratis.grpc.server.GrpcService.requestVote(GrpcService.java:204)
	at org.apache.ratis.server.impl.LeaderElection.lambda$submitRequests$1(LeaderElection.java:234)
	at java.util.concurrent.FutureTask.run(FutureTask.java:266)
	at java.util.concurrent.Executors$RunnableAdapter.call(Executors.java:511)
	at java.util.concurrent.FutureTask.run(FutureTask.java:266)
	at java.util.concurrent.ThreadPoolExecutor.runWorker(ThreadPoolExecutor.java:1149)
	at java.util.concurrent.ThreadPoolExecutor$Worker.run(ThreadPoolExecutor.java:624)
	... 1 more
Caused by: org.apache.ratis.thirdparty.io.netty.channel.AbstractChannel$AnnotatedConnectException: Connection refused: /192.168.157.204:44625
	at sun.nio.ch.SocketChannelImpl.checkConnect(Native Method)
	at sun.nio.ch.SocketChannelImpl.finishConnect(SocketChannelImpl.java:717)
	at org.apache.ratis.thirdparty.io.netty.channel.socket.nio.NioSocketChannel.doFinishConnect(NioSocketChannel.java:327)
	at org.apache.ratis.thirdparty.io.netty.channel.nio.AbstractNioChannel$AbstractNioUnsafe.finishConnect(AbstractNioChannel.java:340)
	at org.apache.ratis.thirdparty.io.netty.channel.nio.NioEventLoop.processSelectedKey(NioEventLoop.java:632)
	at org.apache.ratis.thirdparty.io.netty.channel.nio.NioEventLoop.processSelectedKeysOptimized(NioEventLoop.java:579)
	at org.apache.ratis.thirdparty.io.netty.channel.nio.NioEventLoop.processSelectedKeys(NioEventLoop.java:496)
	at org.apache.ratis.thirdparty.io.netty.channel.nio.NioEventLoop.run(NioEventLoop.java:458)
	at org.apache.ratis.thirdparty.io.netty.util.concurrent.SingleThreadEventExecutor$5.run(SingleThreadEventExecutor.java:897)
	at org.apache.ratis.thirdparty.io.netty.util.concurrent.FastThreadLocalRunnable.run(FastThreadLocalRunnable.java:30)
	... 1 more
Caused by: java.net.ConnectException: Connection refused
	... 11 more
2019-10-20 13:11:33,688 [57d97a36-4998-4a67-afe7-2be16a9f25e7@group-8AAF828E5632-LeaderElection3504] INFO  impl.LeaderElection (LogUtils.java:infoOrTrace(149)) -   Exception 1: {}
java.util.concurrent.ExecutionException: org.apache.ratis.thirdparty.io.grpc.StatusRuntimeException: UNAVAILABLE: io exception
	at java.util.concurrent.FutureTask.report(FutureTask.java:122)
	at java.util.concurrent.FutureTask.get(FutureTask.java:192)
	at org.apache.ratis.server.impl.LeaderElection.waitForResults(LeaderElection.java:259)
	at org.apache.ratis.server.impl.LeaderElection.askForVotes(LeaderElection.java:197)
	at org.apache.ratis.server.impl.LeaderElection.run(LeaderElection.java:133)
	at java.lang.Thread.run(Thread.java:748)
Caused by: org.apache.ratis.thirdparty.io.grpc.StatusRuntimeException: UNAVAILABLE: io exception
	at org.apache.ratis.thirdparty.io.grpc.stub.ClientCalls.toStatusRuntimeException(ClientCalls.java:233)
	at org.apache.ratis.thirdparty.io.grpc.stub.ClientCalls.getUnchecked(ClientCalls.java:214)
	at org.apache.ratis.thirdparty.io.grpc.stub.ClientCalls.blockingUnaryCall(ClientCalls.java:139)
	at org.apache.ratis.proto.grpc.RaftServerProtocolServiceGrpc$RaftServerProtocolServiceBlockingStub.requestVote(RaftServerProtocolServiceGrpc.java:265)
	at org.apache.ratis.grpc.server.GrpcServerProtocolClient.requestVote(GrpcServerProtocolClient.java:99)
	at org.apache.ratis.grpc.server.GrpcService.requestVote(GrpcService.java:204)
	at org.apache.ratis.server.impl.LeaderElection.lambda$submitRequests$1(LeaderElection.java:234)
	at java.util.concurrent.FutureTask.run(FutureTask.java:266)
	at java.util.concurrent.Executors$RunnableAdapter.call(Executors.java:511)
	at java.util.concurrent.FutureTask.run(FutureTask.java:266)
	at java.util.concurrent.ThreadPoolExecutor.runWorker(ThreadPoolExecutor.java:1149)
	at java.util.concurrent.ThreadPoolExecutor$Worker.run(ThreadPoolExecutor.java:624)
	... 1 more
Caused by: org.apache.ratis.thirdparty.io.netty.channel.AbstractChannel$AnnotatedConnectException: Connection refused: /192.168.157.204:44100
	at sun.nio.ch.SocketChannelImpl.checkConnect(Native Method)
	at sun.nio.ch.SocketChannelImpl.finishConnect(SocketChannelImpl.java:717)
	at org.apache.ratis.thirdparty.io.netty.channel.socket.nio.NioSocketChannel.doFinishConnect(NioSocketChannel.java:327)
	at org.apache.ratis.thirdparty.io.netty.channel.nio.AbstractNioChannel$AbstractNioUnsafe.finishConnect(AbstractNioChannel.java:340)
	at org.apache.ratis.thirdparty.io.netty.channel.nio.NioEventLoop.processSelectedKey(NioEventLoop.java:632)
	at org.apache.ratis.thirdparty.io.netty.channel.nio.NioEventLoop.processSelectedKeysOptimized(NioEventLoop.java:579)
	at org.apache.ratis.thirdparty.io.netty.channel.nio.NioEventLoop.processSelectedKeys(NioEventLoop.java:496)
	at org.apache.ratis.thirdparty.io.netty.channel.nio.NioEventLoop.run(NioEventLoop.java:458)
	at org.apache.ratis.thirdparty.io.netty.util.concurrent.SingleThreadEventExecutor$5.run(SingleThreadEventExecutor.java:897)
	at org.apache.ratis.thirdparty.io.netty.util.concurrent.FastThreadLocalRunnable.run(FastThreadLocalRunnable.java:30)
	... 1 more
Caused by: java.net.ConnectException: Connection refused
	... 11 more
2019-10-20 13:11:33,688 [57d97a36-4998-4a67-afe7-2be16a9f25e7@group-8AAF828E5632-LeaderElection3504] INFO  impl.RaftServerImpl (RaftServerImpl.java:setRole(184)) - 57d97a36-4998-4a67-afe7-2be16a9f25e7@group-8AAF828E5632: changes role from CANDIDATE to FOLLOWER at term 10 for DISCOVERED_A_NEW_TERM
2019-10-20 13:11:33,688 [57d97a36-4998-4a67-afe7-2be16a9f25e7@group-8AAF828E5632-LeaderElection3504] INFO  impl.RoleInfo (RoleInfo.java:shutdownLeaderElection(134)) - 57d97a36-4998-4a67-afe7-2be16a9f25e7: shutdown LeaderElection
2019-10-20 13:11:33,688 [57d97a36-4998-4a67-afe7-2be16a9f25e7@group-8AAF828E5632-LeaderElection3504] INFO  impl.RoleInfo (RoleInfo.java:updateAndGet(143)) - 57d97a36-4998-4a67-afe7-2be16a9f25e7: start FollowerState
2019-10-20 13:11:33,689 [java.util.concurrent.ThreadPoolExecutor$Worker@1928b4f6[State = -1, empty queue]] WARN  server.GrpcLogAppender (GrpcLogAppender.java:timeoutAppendRequest(209)) - 4d585c25-980a-43ef-83b7-f2d8ca21bb18@group-18CBEC626CA6->384d1456-c9b4-4a07-8bc5-984a6f09f9c3-GrpcLogAppender: appendEntries Timeout, request=4d585c25-980a-43ef-83b7-f2d8ca21bb18->384d1456-c9b4-4a07-8bc5-984a6f09f9c3#71-t1, previous=(t:1, i:10), leaderCommit=10, initializing? false, entries: <empty>
2019-10-20 13:11:33,690 [java.util.concurrent.ThreadPoolExecutor$Worker@1c8eceac[State = -1, empty queue]] WARN  server.GrpcLogAppender (GrpcLogAppender.java:timeoutAppendRequest(209)) - 4d585c25-980a-43ef-83b7-f2d8ca21bb18@group-18CBEC626CA6->0b324774-4593-4f2f-a2c4-e2cf67d32ecd-GrpcLogAppender: appendEntries Timeout, request=4d585c25-980a-43ef-83b7-f2d8ca21bb18->0b324774-4593-4f2f-a2c4-e2cf67d32ecd#71-t1, previous=(t:1, i:10), leaderCommit=10, initializing? false, entries: <empty>
2019-10-20 13:11:34,190 [java.util.concurrent.ThreadPoolExecutor$Worker@1928b4f6[State = -1, empty queue]] WARN  server.GrpcLogAppender (GrpcLogAppender.java:timeoutAppendRequest(209)) - 4d585c25-980a-43ef-83b7-f2d8ca21bb18@group-18CBEC626CA6->384d1456-c9b4-4a07-8bc5-984a6f09f9c3-GrpcLogAppender: appendEntries Timeout, request=4d585c25-980a-43ef-83b7-f2d8ca21bb18->384d1456-c9b4-4a07-8bc5-984a6f09f9c3#72-t1, previous=(t:1, i:10), leaderCommit=10, initializing? false, entries: <empty>
2019-10-20 13:11:34,190 [java.util.concurrent.ThreadPoolExecutor$Worker@1c8eceac[State = -1, empty queue]] WARN  server.GrpcLogAppender (GrpcLogAppender.java:timeoutAppendRequest(209)) - 4d585c25-980a-43ef-83b7-f2d8ca21bb18@group-18CBEC626CA6->0b324774-4593-4f2f-a2c4-e2cf67d32ecd-GrpcLogAppender: appendEntries Timeout, request=4d585c25-980a-43ef-83b7-f2d8ca21bb18->0b324774-4593-4f2f-a2c4-e2cf67d32ecd#72-t1, previous=(t:1, i:10), leaderCommit=10, initializing? false, entries: <empty>
2019-10-20 13:11:34,690 [java.util.concurrent.ThreadPoolExecutor$Worker@1c8eceac[State = -1, empty queue]] WARN  server.GrpcLogAppender (GrpcLogAppender.java:timeoutAppendRequest(209)) - 4d585c25-980a-43ef-83b7-f2d8ca21bb18@group-18CBEC626CA6->0b324774-4593-4f2f-a2c4-e2cf67d32ecd-GrpcLogAppender: appendEntries Timeout, request=4d585c25-980a-43ef-83b7-f2d8ca21bb18->0b324774-4593-4f2f-a2c4-e2cf67d32ecd#73-t1, previous=(t:1, i:10), leaderCommit=10, initializing? false, entries: <empty>
2019-10-20 13:11:34,690 [java.util.concurrent.ThreadPoolExecutor$Worker@1928b4f6[State = -1, empty queue]] WARN  server.GrpcLogAppender (GrpcLogAppender.java:timeoutAppendRequest(209)) - 4d585c25-980a-43ef-83b7-f2d8ca21bb18@group-18CBEC626CA6->384d1456-c9b4-4a07-8bc5-984a6f09f9c3-GrpcLogAppender: appendEntries Timeout, request=4d585c25-980a-43ef-83b7-f2d8ca21bb18->384d1456-c9b4-4a07-8bc5-984a6f09f9c3#73-t1, previous=(t:1, i:10), leaderCommit=10, initializing? false, entries: <empty>
2019-10-20 13:11:34,820 [Thread-26029] INFO  impl.FollowerState (FollowerState.java:run(108)) - 57d97a36-4998-4a67-afe7-2be16a9f25e7@group-8AAF828E5632-FollowerState: change to CANDIDATE, lastRpcTime:1131ms, electionTimeout:1131ms
2019-10-20 13:11:34,820 [Thread-26029] INFO  impl.RoleInfo (RoleInfo.java:shutdownFollowerState(121)) - 57d97a36-4998-4a67-afe7-2be16a9f25e7: shutdown FollowerState
2019-10-20 13:11:34,820 [Thread-26029] INFO  impl.RaftServerImpl (RaftServerImpl.java:setRole(184)) - 57d97a36-4998-4a67-afe7-2be16a9f25e7@group-8AAF828E5632: changes role from  FOLLOWER to CANDIDATE at term 10 for changeToCandidate
2019-10-20 13:11:34,821 [Thread-26029] INFO  impl.RoleInfo (RoleInfo.java:updateAndGet(143)) - 57d97a36-4998-4a67-afe7-2be16a9f25e7: start LeaderElection
2019-10-20 13:11:34,836 [57d97a36-4998-4a67-afe7-2be16a9f25e7@group-8AAF828E5632-LeaderElection3505] INFO  impl.LeaderElection (LeaderElection.java:askForVotes(178)) - 57d97a36-4998-4a67-afe7-2be16a9f25e7@group-8AAF828E5632-LeaderElection3505: begin an election at term 11 for 1: [92caf199-1518-46a4-aa0d-e8059f4ddc2b:192.168.157.204:44100, d7eba74f-c3d7-492f-90de-a44c4d301567:192.168.157.204:44625, 57d97a36-4998-4a67-afe7-2be16a9f25e7:192.168.157.204:44478], old=null
2019-10-20 13:11:34,839 [57d97a36-4998-4a67-afe7-2be16a9f25e7@group-8AAF828E5632-LeaderElection3505] INFO  impl.LeaderElection (LogUtils.java:infoOrTrace(149)) - 57d97a36-4998-4a67-afe7-2be16a9f25e7@group-8AAF828E5632-LeaderElection3505 got exception when requesting votes: {}
java.util.concurrent.ExecutionException: org.apache.ratis.thirdparty.io.grpc.StatusRuntimeException: UNAVAILABLE: io exception
	at java.util.concurrent.FutureTask.report(FutureTask.java:122)
	at java.util.concurrent.FutureTask.get(FutureTask.java:192)
	at org.apache.ratis.server.impl.LeaderElection.waitForResults(LeaderElection.java:259)
	at org.apache.ratis.server.impl.LeaderElection.askForVotes(LeaderElection.java:197)
	at org.apache.ratis.server.impl.LeaderElection.run(LeaderElection.java:133)
	at java.lang.Thread.run(Thread.java:748)
Caused by: org.apache.ratis.thirdparty.io.grpc.StatusRuntimeException: UNAVAILABLE: io exception
	at org.apache.ratis.thirdparty.io.grpc.stub.ClientCalls.toStatusRuntimeException(ClientCalls.java:233)
	at org.apache.ratis.thirdparty.io.grpc.stub.ClientCalls.getUnchecked(ClientCalls.java:214)
	at org.apache.ratis.thirdparty.io.grpc.stub.ClientCalls.blockingUnaryCall(ClientCalls.java:139)
	at org.apache.ratis.proto.grpc.RaftServerProtocolServiceGrpc$RaftServerProtocolServiceBlockingStub.requestVote(RaftServerProtocolServiceGrpc.java:265)
	at org.apache.ratis.grpc.server.GrpcServerProtocolClient.requestVote(GrpcServerProtocolClient.java:99)
	at org.apache.ratis.grpc.server.GrpcService.requestVote(GrpcService.java:204)
	at org.apache.ratis.server.impl.LeaderElection.lambda$submitRequests$1(LeaderElection.java:234)
	at java.util.concurrent.FutureTask.run(FutureTask.java:266)
	at java.util.concurrent.Executors$RunnableAdapter.call(Executors.java:511)
	at java.util.concurrent.FutureTask.run(FutureTask.java:266)
	at java.util.concurrent.ThreadPoolExecutor.runWorker(ThreadPoolExecutor.java:1149)
	at java.util.concurrent.ThreadPoolExecutor$Worker.run(ThreadPoolExecutor.java:624)
	... 1 more
Caused by: org.apache.ratis.thirdparty.io.netty.channel.AbstractChannel$AnnotatedConnectException: Connection refused: /192.168.157.204:44100
	at sun.nio.ch.SocketChannelImpl.checkConnect(Native Method)
	at sun.nio.ch.SocketChannelImpl.finishConnect(SocketChannelImpl.java:717)
	at org.apache.ratis.thirdparty.io.netty.channel.socket.nio.NioSocketChannel.doFinishConnect(NioSocketChannel.java:327)
	at org.apache.ratis.thirdparty.io.netty.channel.nio.AbstractNioChannel$AbstractNioUnsafe.finishConnect(AbstractNioChannel.java:340)
	at org.apache.ratis.thirdparty.io.netty.channel.nio.NioEventLoop.processSelectedKey(NioEventLoop.java:632)
	at org.apache.ratis.thirdparty.io.netty.channel.nio.NioEventLoop.processSelectedKeysOptimized(NioEventLoop.java:579)
	at org.apache.ratis.thirdparty.io.netty.channel.nio.NioEventLoop.processSelectedKeys(NioEventLoop.java:496)
	at org.apache.ratis.thirdparty.io.netty.channel.nio.NioEventLoop.run(NioEventLoop.java:458)
	at org.apache.ratis.thirdparty.io.netty.util.concurrent.SingleThreadEventExecutor$5.run(SingleThreadEventExecutor.java:897)
	at org.apache.ratis.thirdparty.io.netty.util.concurrent.FastThreadLocalRunnable.run(FastThreadLocalRunnable.java:30)
	... 1 more
Caused by: java.net.ConnectException: Connection refused
	... 11 more
2019-10-20 13:11:34,840 [57d97a36-4998-4a67-afe7-2be16a9f25e7@group-8AAF828E5632-LeaderElection3505] INFO  impl.LeaderElection (LogUtils.java:infoOrTrace(149)) - 57d97a36-4998-4a67-afe7-2be16a9f25e7@group-8AAF828E5632-LeaderElection3505 got exception when requesting votes: {}
java.util.concurrent.ExecutionException: org.apache.ratis.thirdparty.io.grpc.StatusRuntimeException: UNAVAILABLE: io exception
	at java.util.concurrent.FutureTask.report(FutureTask.java:122)
	at java.util.concurrent.FutureTask.get(FutureTask.java:192)
	at org.apache.ratis.server.impl.LeaderElection.waitForResults(LeaderElection.java:259)
	at org.apache.ratis.server.impl.LeaderElection.askForVotes(LeaderElection.java:197)
	at org.apache.ratis.server.impl.LeaderElection.run(LeaderElection.java:133)
	at java.lang.Thread.run(Thread.java:748)
Caused by: org.apache.ratis.thirdparty.io.grpc.StatusRuntimeException: UNAVAILABLE: io exception
	at org.apache.ratis.thirdparty.io.grpc.stub.ClientCalls.toStatusRuntimeException(ClientCalls.java:233)
	at org.apache.ratis.thirdparty.io.grpc.stub.ClientCalls.getUnchecked(ClientCalls.java:214)
	at org.apache.ratis.thirdparty.io.grpc.stub.ClientCalls.blockingUnaryCall(ClientCalls.java:139)
	at org.apache.ratis.proto.grpc.RaftServerProtocolServiceGrpc$RaftServerProtocolServiceBlockingStub.requestVote(RaftServerProtocolServiceGrpc.java:265)
	at org.apache.ratis.grpc.server.GrpcServerProtocolClient.requestVote(GrpcServerProtocolClient.java:99)
	at org.apache.ratis.grpc.server.GrpcService.requestVote(GrpcService.java:204)
	at org.apache.ratis.server.impl.LeaderElection.lambda$submitRequests$1(LeaderElection.java:234)
	at java.util.concurrent.FutureTask.run(FutureTask.java:266)
	at java.util.concurrent.Executors$RunnableAdapter.call(Executors.java:511)
	at java.util.concurrent.FutureTask.run(FutureTask.java:266)
	at java.util.concurrent.ThreadPoolExecutor.runWorker(ThreadPoolExecutor.java:1149)
	at java.util.concurrent.ThreadPoolExecutor$Worker.run(ThreadPoolExecutor.java:624)
	... 1 more
Caused by: org.apache.ratis.thirdparty.io.netty.channel.AbstractChannel$AnnotatedConnectException: Connection refused: /192.168.157.204:44625
	at sun.nio.ch.SocketChannelImpl.checkConnect(Native Method)
	at sun.nio.ch.SocketChannelImpl.finishConnect(SocketChannelImpl.java:717)
	at org.apache.ratis.thirdparty.io.netty.channel.socket.nio.NioSocketChannel.doFinishConnect(NioSocketChannel.java:327)
	at org.apache.ratis.thirdparty.io.netty.channel.nio.AbstractNioChannel$AbstractNioUnsafe.finishConnect(AbstractNioChannel.java:340)
	at org.apache.ratis.thirdparty.io.netty.channel.nio.NioEventLoop.processSelectedKey(NioEventLoop.java:632)
	at org.apache.ratis.thirdparty.io.netty.channel.nio.NioEventLoop.processSelectedKeysOptimized(NioEventLoop.java:579)
	at org.apache.ratis.thirdparty.io.netty.channel.nio.NioEventLoop.processSelectedKeys(NioEventLoop.java:496)
	at org.apache.ratis.thirdparty.io.netty.channel.nio.NioEventLoop.run(NioEventLoop.java:458)
	at org.apache.ratis.thirdparty.io.netty.util.concurrent.SingleThreadEventExecutor$5.run(SingleThreadEventExecutor.java:897)
	at org.apache.ratis.thirdparty.io.netty.util.concurrent.FastThreadLocalRunnable.run(FastThreadLocalRunnable.java:30)
	... 1 more
Caused by: java.net.ConnectException: Connection refused
	... 11 more
2019-10-20 13:11:34,840 [57d97a36-4998-4a67-afe7-2be16a9f25e7@group-8AAF828E5632-LeaderElection3505] INFO  impl.LeaderElection (LeaderElection.java:logAndReturn(56)) - 57d97a36-4998-4a67-afe7-2be16a9f25e7@group-8AAF828E5632-LeaderElection3505: Election REJECTED; received 0 response(s) [] and 2 exception(s); 57d97a36-4998-4a67-afe7-2be16a9f25e7@group-8AAF828E5632:t11, leader=null, voted=57d97a36-4998-4a67-afe7-2be16a9f25e7, raftlog=57d97a36-4998-4a67-afe7-2be16a9f25e7@group-8AAF828E5632-SegmentedRaftLog:OPENED:c2,f2,i2, conf=1: [92caf199-1518-46a4-aa0d-e8059f4ddc2b:192.168.157.204:44100, d7eba74f-c3d7-492f-90de-a44c4d301567:192.168.157.204:44625, 57d97a36-4998-4a67-afe7-2be16a9f25e7:192.168.157.204:44478], old=null
2019-10-20 13:11:34,840 [57d97a36-4998-4a67-afe7-2be16a9f25e7@group-8AAF828E5632-LeaderElection3505] INFO  impl.LeaderElection (LogUtils.java:infoOrTrace(149)) -   Exception 0: {}
java.util.concurrent.ExecutionException: org.apache.ratis.thirdparty.io.grpc.StatusRuntimeException: UNAVAILABLE: io exception
	at java.util.concurrent.FutureTask.report(FutureTask.java:122)
	at java.util.concurrent.FutureTask.get(FutureTask.java:192)
	at org.apache.ratis.server.impl.LeaderElection.waitForResults(LeaderElection.java:259)
	at org.apache.ratis.server.impl.LeaderElection.askForVotes(LeaderElection.java:197)
	at org.apache.ratis.server.impl.LeaderElection.run(LeaderElection.java:133)
	at java.lang.Thread.run(Thread.java:748)
Caused by: org.apache.ratis.thirdparty.io.grpc.StatusRuntimeException: UNAVAILABLE: io exception
	at org.apache.ratis.thirdparty.io.grpc.stub.ClientCalls.toStatusRuntimeException(ClientCalls.java:233)
	at org.apache.ratis.thirdparty.io.grpc.stub.ClientCalls.getUnchecked(ClientCalls.java:214)
	at org.apache.ratis.thirdparty.io.grpc.stub.ClientCalls.blockingUnaryCall(ClientCalls.java:139)
	at org.apache.ratis.proto.grpc.RaftServerProtocolServiceGrpc$RaftServerProtocolServiceBlockingStub.requestVote(RaftServerProtocolServiceGrpc.java:265)
	at org.apache.ratis.grpc.server.GrpcServerProtocolClient.requestVote(GrpcServerProtocolClient.java:99)
	at org.apache.ratis.grpc.server.GrpcService.requestVote(GrpcService.java:204)
	at org.apache.ratis.server.impl.LeaderElection.lambda$submitRequests$1(LeaderElection.java:234)
	at java.util.concurrent.FutureTask.run(FutureTask.java:266)
	at java.util.concurrent.Executors$RunnableAdapter.call(Executors.java:511)
	at java.util.concurrent.FutureTask.run(FutureTask.java:266)
	at java.util.concurrent.ThreadPoolExecutor.runWorker(ThreadPoolExecutor.java:1149)
	at java.util.concurrent.ThreadPoolExecutor$Worker.run(ThreadPoolExecutor.java:624)
	... 1 more
Caused by: org.apache.ratis.thirdparty.io.netty.channel.AbstractChannel$AnnotatedConnectException: Connection refused: /192.168.157.204:44100
	at sun.nio.ch.SocketChannelImpl.checkConnect(Native Method)
	at sun.nio.ch.SocketChannelImpl.finishConnect(SocketChannelImpl.java:717)
	at org.apache.ratis.thirdparty.io.netty.channel.socket.nio.NioSocketChannel.doFinishConnect(NioSocketChannel.java:327)
	at org.apache.ratis.thirdparty.io.netty.channel.nio.AbstractNioChannel$AbstractNioUnsafe.finishConnect(AbstractNioChannel.java:340)
	at org.apache.ratis.thirdparty.io.netty.channel.nio.NioEventLoop.processSelectedKey(NioEventLoop.java:632)
	at org.apache.ratis.thirdparty.io.netty.channel.nio.NioEventLoop.processSelectedKeysOptimized(NioEventLoop.java:579)
	at org.apache.ratis.thirdparty.io.netty.channel.nio.NioEventLoop.processSelectedKeys(NioEventLoop.java:496)
	at org.apache.ratis.thirdparty.io.netty.channel.nio.NioEventLoop.run(NioEventLoop.java:458)
	at org.apache.ratis.thirdparty.io.netty.util.concurrent.SingleThreadEventExecutor$5.run(SingleThreadEventExecutor.java:897)
	at org.apache.ratis.thirdparty.io.netty.util.concurrent.FastThreadLocalRunnable.run(FastThreadLocalRunnable.java:30)
	... 1 more
Caused by: java.net.ConnectException: Connection refused
	... 11 more
2019-10-20 13:11:34,841 [57d97a36-4998-4a67-afe7-2be16a9f25e7@group-8AAF828E5632-LeaderElection3505] INFO  impl.LeaderElection (LogUtils.java:infoOrTrace(149)) -   Exception 1: {}
java.util.concurrent.ExecutionException: org.apache.ratis.thirdparty.io.grpc.StatusRuntimeException: UNAVAILABLE: io exception
	at java.util.concurrent.FutureTask.report(FutureTask.java:122)
	at java.util.concurrent.FutureTask.get(FutureTask.java:192)
	at org.apache.ratis.server.impl.LeaderElection.waitForResults(LeaderElection.java:259)
	at org.apache.ratis.server.impl.LeaderElection.askForVotes(LeaderElection.java:197)
	at org.apache.ratis.server.impl.LeaderElection.run(LeaderElection.java:133)
	at java.lang.Thread.run(Thread.java:748)
Caused by: org.apache.ratis.thirdparty.io.grpc.StatusRuntimeException: UNAVAILABLE: io exception
	at org.apache.ratis.thirdparty.io.grpc.stub.ClientCalls.toStatusRuntimeException(ClientCalls.java:233)
	at org.apache.ratis.thirdparty.io.grpc.stub.ClientCalls.getUnchecked(ClientCalls.java:214)
	at org.apache.ratis.thirdparty.io.grpc.stub.ClientCalls.blockingUnaryCall(ClientCalls.java:139)
	at org.apache.ratis.proto.grpc.RaftServerProtocolServiceGrpc$RaftServerProtocolServiceBlockingStub.requestVote(RaftServerProtocolServiceGrpc.java:265)
	at org.apache.ratis.grpc.server.GrpcServerProtocolClient.requestVote(GrpcServerProtocolClient.java:99)
	at org.apache.ratis.grpc.server.GrpcService.requestVote(GrpcService.java:204)
	at org.apache.ratis.server.impl.LeaderElection.lambda$submitRequests$1(LeaderElection.java:234)
	at java.util.concurrent.FutureTask.run(FutureTask.java:266)
	at java.util.concurrent.Executors$RunnableAdapter.call(Executors.java:511)
	at java.util.concurrent.FutureTask.run(FutureTask.java:266)
	at java.util.concurrent.ThreadPoolExecutor.runWorker(ThreadPoolExecutor.java:1149)
	at java.util.concurrent.ThreadPoolExecutor$Worker.run(ThreadPoolExecutor.java:624)
	... 1 more
Caused by: org.apache.ratis.thirdparty.io.netty.channel.AbstractChannel$AnnotatedConnectException: Connection refused: /192.168.157.204:44625
	at sun.nio.ch.SocketChannelImpl.checkConnect(Native Method)
	at sun.nio.ch.SocketChannelImpl.finishConnect(SocketChannelImpl.java:717)
	at org.apache.ratis.thirdparty.io.netty.channel.socket.nio.NioSocketChannel.doFinishConnect(NioSocketChannel.java:327)
	at org.apache.ratis.thirdparty.io.netty.channel.nio.AbstractNioChannel$AbstractNioUnsafe.finishConnect(AbstractNioChannel.java:340)
	at org.apache.ratis.thirdparty.io.netty.channel.nio.NioEventLoop.processSelectedKey(NioEventLoop.java:632)
	at org.apache.ratis.thirdparty.io.netty.channel.nio.NioEventLoop.processSelectedKeysOptimized(NioEventLoop.java:579)
	at org.apache.ratis.thirdparty.io.netty.channel.nio.NioEventLoop.processSelectedKeys(NioEventLoop.java:496)
	at org.apache.ratis.thirdparty.io.netty.channel.nio.NioEventLoop.run(NioEventLoop.java:458)
	at org.apache.ratis.thirdparty.io.netty.util.concurrent.SingleThreadEventExecutor$5.run(SingleThreadEventExecutor.java:897)
	at org.apache.ratis.thirdparty.io.netty.util.concurrent.FastThreadLocalRunnable.run(FastThreadLocalRunnable.java:30)
	... 1 more
Caused by: java.net.ConnectException: Connection refused
	... 11 more
2019-10-20 13:11:34,841 [57d97a36-4998-4a67-afe7-2be16a9f25e7@group-8AAF828E5632-LeaderElection3505] INFO  impl.RaftServerImpl (RaftServerImpl.java:setRole(184)) - 57d97a36-4998-4a67-afe7-2be16a9f25e7@group-8AAF828E5632: changes role from CANDIDATE to FOLLOWER at term 11 for DISCOVERED_A_NEW_TERM
2019-10-20 13:11:34,841 [57d97a36-4998-4a67-afe7-2be16a9f25e7@group-8AAF828E5632-LeaderElection3505] INFO  impl.RoleInfo (RoleInfo.java:shutdownLeaderElection(134)) - 57d97a36-4998-4a67-afe7-2be16a9f25e7: shutdown LeaderElection
2019-10-20 13:11:34,841 [57d97a36-4998-4a67-afe7-2be16a9f25e7@group-8AAF828E5632-LeaderElection3505] INFO  impl.RoleInfo (RoleInfo.java:updateAndGet(143)) - 57d97a36-4998-4a67-afe7-2be16a9f25e7: start FollowerState
2019-10-20 13:11:34,977 [main] INFO  ozoneimpl.OzoneContainer (OzoneContainer.java:stop(227)) - Attempting to stop container services.
2019-10-20 13:11:34,978 [main] INFO  impl.RaftServerProxy (RaftServerProxy.java:lambda$close$4(314)) - ac1ec13a-a7c4-4559-854b-f894f05d9392: close
2019-10-20 13:11:34,978 [main] INFO  impl.RaftServerImpl (RaftServerImpl.java:lambda$shutdown$3(261)) - ac1ec13a-a7c4-4559-854b-f894f05d9392@group-B49F827D0C35: shutdown
2019-10-20 13:11:34,979 [main] INFO  util.JmxRegister (JmxRegister.java:unregister(73)) - Successfully un-registered JMX Bean with object name Ratis:service=RaftServer,group=group-B49F827D0C35,id=ac1ec13a-a7c4-4559-854b-f894f05d9392
2019-10-20 13:11:34,979 [ForkJoinPool.commonPool-worker-1] INFO  ozoneimpl.OzoneContainer (OzoneContainer.java:stop(227)) - Attempting to stop container services.
2019-10-20 13:11:34,979 [main] INFO  impl.RoleInfo (RoleInfo.java:shutdownLeaderState(104)) - ac1ec13a-a7c4-4559-854b-f894f05d9392: shutdown LeaderState
2019-10-20 13:11:34,980 [ForkJoinPool.commonPool-worker-1] INFO  impl.RaftServerProxy (RaftServerProxy.java:lambda$close$4(314)) - 57d97a36-4998-4a67-afe7-2be16a9f25e7: close
2019-10-20 13:11:34,980 [ForkJoinPool.commonPool-worker-1] INFO  impl.RaftServerImpl (RaftServerImpl.java:lambda$shutdown$3(261)) - 57d97a36-4998-4a67-afe7-2be16a9f25e7@group-C8C6C6EEBED7: shutdown
2019-10-20 13:11:34,981 [main] INFO  impl.PendingRequests (PendingRequests.java:sendNotLeaderResponses(202)) - ac1ec13a-a7c4-4559-854b-f894f05d9392@group-B49F827D0C35-PendingRequests: sendNotLeaderResponses
2019-10-20 13:11:34,981 [ForkJoinPool.commonPool-worker-1] INFO  util.JmxRegister (JmxRegister.java:unregister(73)) - Successfully un-registered JMX Bean with object name Ratis:service=RaftServer,group=group-C8C6C6EEBED7,id=57d97a36-4998-4a67-afe7-2be16a9f25e7
2019-10-20 13:11:34,981 [ForkJoinPool.commonPool-worker-1] INFO  impl.RoleInfo (RoleInfo.java:shutdownLeaderState(104)) - 57d97a36-4998-4a67-afe7-2be16a9f25e7: shutdown LeaderState
2019-10-20 13:11:34,982 [ForkJoinPool.commonPool-worker-1] INFO  impl.PendingRequests (PendingRequests.java:sendNotLeaderResponses(202)) - 57d97a36-4998-4a67-afe7-2be16a9f25e7@group-C8C6C6EEBED7-PendingRequests: sendNotLeaderResponses
2019-10-20 13:11:34,983 [main] INFO  impl.StateMachineUpdater (StateMachineUpdater.java:stopAndJoin(136)) - ac1ec13a-a7c4-4559-854b-f894f05d9392@group-B49F827D0C35-StateMachineUpdater: set stopIndex = 0
2019-10-20 13:11:34,983 [ForkJoinPool.commonPool-worker-1] INFO  impl.StateMachineUpdater (StateMachineUpdater.java:stopAndJoin(136)) - 57d97a36-4998-4a67-afe7-2be16a9f25e7@group-C8C6C6EEBED7-StateMachineUpdater: set stopIndex = 0
2019-10-20 13:11:34,983 [ForkJoinPool.commonPool-worker-1] INFO  impl.RaftServerImpl (ServerState.java:close(388)) - 57d97a36-4998-4a67-afe7-2be16a9f25e7@group-C8C6C6EEBED7: closes. applyIndex: 0
2019-10-20 13:11:34,983 [main] INFO  impl.RaftServerImpl (ServerState.java:close(388)) - ac1ec13a-a7c4-4559-854b-f894f05d9392@group-B49F827D0C35: closes. applyIndex: 0
2019-10-20 13:11:34,984 [57d97a36-4998-4a67-afe7-2be16a9f25e7@group-C8C6C6EEBED7-SegmentedRaftLogWorker] INFO  segmented.SegmentedRaftLogWorker (SegmentedRaftLogWorker.java:run(316)) - 57d97a36-4998-4a67-afe7-2be16a9f25e7@group-C8C6C6EEBED7-SegmentedRaftLogWorker was interrupted, exiting. There are 0 tasks remaining in the queue.
2019-10-20 13:11:34,984 [ac1ec13a-a7c4-4559-854b-f894f05d9392@group-B49F827D0C35-SegmentedRaftLogWorker] INFO  segmented.SegmentedRaftLogWorker (SegmentedRaftLogWorker.java:run(316)) - ac1ec13a-a7c4-4559-854b-f894f05d9392@group-B49F827D0C35-SegmentedRaftLogWorker was interrupted, exiting. There are 0 tasks remaining in the queue.
2019-10-20 13:11:34,985 [main] INFO  segmented.SegmentedRaftLogWorker (SegmentedRaftLogWorker.java:close(224)) - ac1ec13a-a7c4-4559-854b-f894f05d9392@group-B49F827D0C35-SegmentedRaftLogWorker close()
2019-10-20 13:11:34,985 [ForkJoinPool.commonPool-worker-1] INFO  segmented.SegmentedRaftLogWorker (SegmentedRaftLogWorker.java:close(224)) - 57d97a36-4998-4a67-afe7-2be16a9f25e7@group-C8C6C6EEBED7-SegmentedRaftLogWorker close()
2019-10-20 13:11:34,986 [ForkJoinPool.commonPool-worker-1] INFO  impl.RaftServerImpl (RaftServerImpl.java:lambda$shutdown$3(261)) - 57d97a36-4998-4a67-afe7-2be16a9f25e7@group-8AAF828E5632: shutdown
2019-10-20 13:11:34,986 [ForkJoinPool.commonPool-worker-1] INFO  util.JmxRegister (JmxRegister.java:unregister(73)) - Successfully un-registered JMX Bean with object name Ratis:service=RaftServer,group=group-8AAF828E5632,id=57d97a36-4998-4a67-afe7-2be16a9f25e7
2019-10-20 13:11:34,986 [main] INFO  server.GrpcService (GrpcService.java:closeImpl(164)) - ac1ec13a-a7c4-4559-854b-f894f05d9392: shutdown server with port 33942 now
2019-10-20 13:11:34,986 [ForkJoinPool.commonPool-worker-1] INFO  impl.RoleInfo (RoleInfo.java:shutdownFollowerState(121)) - 57d97a36-4998-4a67-afe7-2be16a9f25e7: shutdown FollowerState
2019-10-20 13:11:34,987 [ForkJoinPool.commonPool-worker-1] INFO  impl.StateMachineUpdater (StateMachineUpdater.java:stopAndJoin(136)) - 57d97a36-4998-4a67-afe7-2be16a9f25e7@group-8AAF828E5632-StateMachineUpdater: set stopIndex = 2
2019-10-20 13:11:34,987 [Thread-26033] INFO  impl.FollowerState (FollowerState.java:run(117)) - 57d97a36-4998-4a67-afe7-2be16a9f25e7@group-8AAF828E5632-FollowerState was interrupted: java.lang.InterruptedException: sleep interrupted
2019-10-20 13:11:34,993 [main] INFO  server.GrpcService (GrpcService.java:closeImpl(172)) - ac1ec13a-a7c4-4559-854b-f894f05d9392: shutdown server with port 33942 successfully
2019-10-20 13:11:34,994 [ForkJoinPool.commonPool-worker-1] INFO  impl.RaftServerImpl (ServerState.java:close(388)) - 57d97a36-4998-4a67-afe7-2be16a9f25e7@group-8AAF828E5632: closes. applyIndex: 2
2019-10-20 13:11:34,995 [57d97a36-4998-4a67-afe7-2be16a9f25e7@group-8AAF828E5632-SegmentedRaftLogWorker] INFO  segmented.SegmentedRaftLogWorker (SegmentedRaftLogWorker.java:run(316)) - 57d97a36-4998-4a67-afe7-2be16a9f25e7@group-8AAF828E5632-SegmentedRaftLogWorker was interrupted, exiting. There are 0 tasks remaining in the queue.
2019-10-20 13:11:34,995 [ForkJoinPool.commonPool-worker-1] INFO  segmented.SegmentedRaftLogWorker (SegmentedRaftLogWorker.java:close(224)) - 57d97a36-4998-4a67-afe7-2be16a9f25e7@group-8AAF828E5632-SegmentedRaftLogWorker close()
2019-10-20 13:11:34,995 [ForkJoinPool.commonPool-worker-1] INFO  server.GrpcService (GrpcService.java:closeImpl(164)) - 57d97a36-4998-4a67-afe7-2be16a9f25e7: shutdown server with port 44478 now
2019-10-20 13:11:34,997 [ForkJoinPool.commonPool-worker-1] INFO  server.GrpcService (GrpcService.java:closeImpl(172)) - 57d97a36-4998-4a67-afe7-2be16a9f25e7: shutdown server with port 44478 successfully
2019-10-20 13:11:34,997 [refreshUsed-/workdir/hadoop-ozone/integration-test/target/test-dir/MiniOzoneClusterImpl-7cb4dc35-5948-4f28-9541-652e3d9b0dcd/datanode-9/data/containers] WARN  fs.CachingGetSpaceUsed (CachingGetSpaceUsed.java:run(183)) - Thread Interrupted waiting to refresh disk information: sleep interrupted
2019-10-20 13:11:35,001 [refreshUsed-/workdir/hadoop-ozone/integration-test/target/test-dir/MiniOzoneClusterImpl-7cb4dc35-5948-4f28-9541-652e3d9b0dcd/datanode-1/data/containers] WARN  fs.CachingGetSpaceUsed (CachingGetSpaceUsed.java:run(183)) - Thread Interrupted waiting to refresh disk information: sleep interrupted
2019-10-20 13:11:35,030 [main] INFO  utils.BackgroundService (BackgroundService.java:shutdown(151)) - Shutting down service BlockDeletingService
2019-10-20 13:11:35,030 [ForkJoinPool.commonPool-worker-1] INFO  utils.BackgroundService (BackgroundService.java:shutdown(151)) - Shutting down service BlockDeletingService
2019-10-20 13:11:35,034 [ForkJoinPool.commonPool-worker-1] INFO  statemachine.DatanodeStateMachine (DatanodeStateMachine.java:stopDaemon(395)) - Ozone container server stopped.
2019-10-20 13:11:35,034 [main] INFO  statemachine.DatanodeStateMachine (DatanodeStateMachine.java:stopDaemon(395)) - Ozone container server stopped.
2019-10-20 13:11:35,038 [main] INFO  handler.ContextHandler (ContextHandler.java:doStop(910)) - Stopped o.e.j.w.WebAppContext@4217bce6{/,null,UNAVAILABLE}{/hddsDatanode}
2019-10-20 13:11:35,038 [ForkJoinPool.commonPool-worker-1] INFO  handler.ContextHandler (ContextHandler.java:doStop(910)) - Stopped o.e.j.w.WebAppContext@e0d1dc4{/,null,UNAVAILABLE}{/hddsDatanode}
2019-10-20 13:11:35,039 [main] INFO  server.AbstractConnector (AbstractConnector.java:doStop(318)) - Stopped ServerConnector@aa752bb{HTTP/1.1,[http/1.1]}{0.0.0.0:0}
2019-10-20 13:11:35,039 [ForkJoinPool.commonPool-worker-1] INFO  server.AbstractConnector (AbstractConnector.java:doStop(318)) - Stopped ServerConnector@5463f035{HTTP/1.1,[http/1.1]}{0.0.0.0:0}
2019-10-20 13:11:35,039 [main] INFO  handler.ContextHandler (ContextHandler.java:doStop(910)) - Stopped o.e.j.s.ServletContextHandler@69a373fd{/static,jar:file:/home/user/.m2/repository/org/apache/hadoop/hadoop-hdds-container-service/0.5.0-SNAPSHOT/hadoop-hdds-container-service-0.5.0-SNAPSHOT.jar!/webapps/static,UNAVAILABLE}
2019-10-20 13:11:35,041 [ForkJoinPool.commonPool-worker-1] INFO  handler.ContextHandler (ContextHandler.java:doStop(910)) - Stopped o.e.j.s.ServletContextHandler@3a9b41a0{/static,jar:file:/home/user/.m2/repository/org/apache/hadoop/hadoop-hdds-container-service/0.5.0-SNAPSHOT/hadoop-hdds-container-service-0.5.0-SNAPSHOT.jar!/webapps/static,UNAVAILABLE}
2019-10-20 13:11:35,041 [main] INFO  handler.ContextHandler (ContextHandler.java:doStop(910)) - Stopped o.e.j.s.ServletContextHandler@6fb22ae3{/logs,file:///workdir/hadoop-ozone/integration-test/target/log,UNAVAILABLE}
2019-10-20 13:11:35,043 [ForkJoinPool.commonPool-worker-1] INFO  handler.ContextHandler (ContextHandler.java:doStop(910)) - Stopped o.e.j.s.ServletContextHandler@5ed0b4e3{/logs,file:///workdir/hadoop-ozone/integration-test/target/log,UNAVAILABLE}
2019-10-20 13:11:35,190 [java.util.concurrent.ThreadPoolExecutor$Worker@1928b4f6[State = -1, empty queue]] WARN  server.GrpcLogAppender (GrpcLogAppender.java:timeoutAppendRequest(209)) - 4d585c25-980a-43ef-83b7-f2d8ca21bb18@group-18CBEC626CA6->384d1456-c9b4-4a07-8bc5-984a6f09f9c3-GrpcLogAppender: appendEntries Timeout, request=4d585c25-980a-43ef-83b7-f2d8ca21bb18->384d1456-c9b4-4a07-8bc5-984a6f09f9c3#74-t1, previous=(t:1, i:10), leaderCommit=10, initializing? false, entries: <empty>
2019-10-20 13:11:35,190 [java.util.concurrent.ThreadPoolExecutor$Worker@1c8eceac[State = -1, empty queue]] WARN  server.GrpcLogAppender (GrpcLogAppender.java:timeoutAppendRequest(209)) - 4d585c25-980a-43ef-83b7-f2d8ca21bb18@group-18CBEC626CA6->0b324774-4593-4f2f-a2c4-e2cf67d32ecd-GrpcLogAppender: appendEntries Timeout, request=4d585c25-980a-43ef-83b7-f2d8ca21bb18->0b324774-4593-4f2f-a2c4-e2cf67d32ecd#74-t1, previous=(t:1, i:10), leaderCommit=10, initializing? false, entries: <empty>
2019-10-20 13:11:35,307 [Datanode State Machine Thread - 0] INFO  statemachine.DatanodeStateMachine (DatanodeStateMachine.java:lambda$startDaemon$0(350)) - Ozone container server started.
2019-10-20 13:11:35,690 [java.util.concurrent.ThreadPoolExecutor$Worker@1c8eceac[State = -1, empty queue]] WARN  server.GrpcLogAppender (GrpcLogAppender.java:timeoutAppendRequest(209)) - 4d585c25-980a-43ef-83b7-f2d8ca21bb18@group-18CBEC626CA6->0b324774-4593-4f2f-a2c4-e2cf67d32ecd-GrpcLogAppender: appendEntries Timeout, request=4d585c25-980a-43ef-83b7-f2d8ca21bb18->0b324774-4593-4f2f-a2c4-e2cf67d32ecd#75-t1, previous=(t:1, i:10), leaderCommit=10, initializing? false, entries: <empty>
2019-10-20 13:11:35,690 [java.util.concurrent.ThreadPoolExecutor$Worker@1928b4f6[State = -1, empty queue]] WARN  server.GrpcLogAppender (GrpcLogAppender.java:timeoutAppendRequest(209)) - 4d585c25-980a-43ef-83b7-f2d8ca21bb18@group-18CBEC626CA6->384d1456-c9b4-4a07-8bc5-984a6f09f9c3-GrpcLogAppender: appendEntries Timeout, request=4d585c25-980a-43ef-83b7-f2d8ca21bb18->384d1456-c9b4-4a07-8bc5-984a6f09f9c3#75-t1, previous=(t:1, i:10), leaderCommit=10, initializing? false, entries: <empty>
2019-10-20 13:11:36,191 [java.util.concurrent.ThreadPoolExecutor$Worker@1928b4f6[State = -1, empty queue]] WARN  server.GrpcLogAppender (GrpcLogAppender.java:timeoutAppendRequest(209)) - 4d585c25-980a-43ef-83b7-f2d8ca21bb18@group-18CBEC626CA6->384d1456-c9b4-4a07-8bc5-984a6f09f9c3-GrpcLogAppender: appendEntries Timeout, request=4d585c25-980a-43ef-83b7-f2d8ca21bb18->384d1456-c9b4-4a07-8bc5-984a6f09f9c3#76-t1, previous=(t:1, i:10), leaderCommit=10, initializing? false, entries: <empty>
2019-10-20 13:11:36,191 [java.util.concurrent.ThreadPoolExecutor$Worker@1c8eceac[State = -1, empty queue]] WARN  server.GrpcLogAppender (GrpcLogAppender.java:timeoutAppendRequest(209)) - 4d585c25-980a-43ef-83b7-f2d8ca21bb18@group-18CBEC626CA6->0b324774-4593-4f2f-a2c4-e2cf67d32ecd-GrpcLogAppender: appendEntries Timeout, request=4d585c25-980a-43ef-83b7-f2d8ca21bb18->0b324774-4593-4f2f-a2c4-e2cf67d32ecd#76-t1, previous=(t:1, i:10), leaderCommit=10, initializing? false, entries: <empty>
2019-10-20 13:11:36,691 [java.util.concurrent.ThreadPoolExecutor$Worker@1c8eceac[State = -1, empty queue]] WARN  server.GrpcLogAppender (GrpcLogAppender.java:timeoutAppendRequest(209)) - 4d585c25-980a-43ef-83b7-f2d8ca21bb18@group-18CBEC626CA6->0b324774-4593-4f2f-a2c4-e2cf67d32ecd-GrpcLogAppender: appendEntries Timeout, request=4d585c25-980a-43ef-83b7-f2d8ca21bb18->0b324774-4593-4f2f-a2c4-e2cf67d32ecd#77-t1, previous=(t:1, i:10), leaderCommit=10, initializing? false, entries: <empty>
2019-10-20 13:11:36,691 [java.util.concurrent.ThreadPoolExecutor$Worker@1928b4f6[State = -1, empty queue]] WARN  server.GrpcLogAppender (GrpcLogAppender.java:timeoutAppendRequest(209)) - 4d585c25-980a-43ef-83b7-f2d8ca21bb18@group-18CBEC626CA6->384d1456-c9b4-4a07-8bc5-984a6f09f9c3-GrpcLogAppender: appendEntries Timeout, request=4d585c25-980a-43ef-83b7-f2d8ca21bb18->384d1456-c9b4-4a07-8bc5-984a6f09f9c3#77-t1, previous=(t:1, i:10), leaderCommit=10, initializing? false, entries: <empty>
2019-10-20 13:11:37,191 [java.util.concurrent.ThreadPoolExecutor$Worker@1928b4f6[State = -1, empty queue]] WARN  server.GrpcLogAppender (GrpcLogAppender.java:timeoutAppendRequest(209)) - 4d585c25-980a-43ef-83b7-f2d8ca21bb18@group-18CBEC626CA6->384d1456-c9b4-4a07-8bc5-984a6f09f9c3-GrpcLogAppender: appendEntries Timeout, request=4d585c25-980a-43ef-83b7-f2d8ca21bb18->384d1456-c9b4-4a07-8bc5-984a6f09f9c3#78-t1, previous=(t:1, i:10), leaderCommit=10, initializing? false, entries: <empty>
2019-10-20 13:11:37,191 [java.util.concurrent.ThreadPoolExecutor$Worker@1c8eceac[State = -1, empty queue]] WARN  server.GrpcLogAppender (GrpcLogAppender.java:timeoutAppendRequest(209)) - 4d585c25-980a-43ef-83b7-f2d8ca21bb18@group-18CBEC626CA6->0b324774-4593-4f2f-a2c4-e2cf67d32ecd-GrpcLogAppender: appendEntries Timeout, request=4d585c25-980a-43ef-83b7-f2d8ca21bb18->0b324774-4593-4f2f-a2c4-e2cf67d32ecd#78-t1, previous=(t:1, i:10), leaderCommit=10, initializing? false, entries: <empty>
2019-10-20 13:11:37,692 [java.util.concurrent.ThreadPoolExecutor$Worker@1c8eceac[State = -1, empty queue]] WARN  server.GrpcLogAppender (GrpcLogAppender.java:timeoutAppendRequest(209)) - 4d585c25-980a-43ef-83b7-f2d8ca21bb18@group-18CBEC626CA6->0b324774-4593-4f2f-a2c4-e2cf67d32ecd-GrpcLogAppender: appendEntries Timeout, request=4d585c25-980a-43ef-83b7-f2d8ca21bb18->0b324774-4593-4f2f-a2c4-e2cf67d32ecd#79-t1, previous=(t:1, i:10), leaderCommit=10, initializing? false, entries: <empty>
2019-10-20 13:11:37,692 [java.util.concurrent.ThreadPoolExecutor$Worker@1928b4f6[State = -1, empty queue]] WARN  server.GrpcLogAppender (GrpcLogAppender.java:timeoutAppendRequest(209)) - 4d585c25-980a-43ef-83b7-f2d8ca21bb18@group-18CBEC626CA6->384d1456-c9b4-4a07-8bc5-984a6f09f9c3-GrpcLogAppender: appendEntries Timeout, request=4d585c25-980a-43ef-83b7-f2d8ca21bb18->384d1456-c9b4-4a07-8bc5-984a6f09f9c3#79-t1, previous=(t:1, i:10), leaderCommit=10, initializing? false, entries: <empty>
2019-10-20 13:11:38,193 [java.util.concurrent.ThreadPoolExecutor$Worker@1c8eceac[State = -1, empty queue]] WARN  server.GrpcLogAppender (GrpcLogAppender.java:timeoutAppendRequest(209)) - 4d585c25-980a-43ef-83b7-f2d8ca21bb18@group-18CBEC626CA6->0b324774-4593-4f2f-a2c4-e2cf67d32ecd-GrpcLogAppender: appendEntries Timeout, request=4d585c25-980a-43ef-83b7-f2d8ca21bb18->0b324774-4593-4f2f-a2c4-e2cf67d32ecd#80-t1, previous=(t:1, i:10), leaderCommit=10, initializing? false, entries: <empty>
2019-10-20 13:11:38,193 [java.util.concurrent.ThreadPoolExecutor$Worker@1928b4f6[State = -1, empty queue]] WARN  server.GrpcLogAppender (GrpcLogAppender.java:timeoutAppendRequest(209)) - 4d585c25-980a-43ef-83b7-f2d8ca21bb18@group-18CBEC626CA6->384d1456-c9b4-4a07-8bc5-984a6f09f9c3-GrpcLogAppender: appendEntries Timeout, request=4d585c25-980a-43ef-83b7-f2d8ca21bb18->384d1456-c9b4-4a07-8bc5-984a6f09f9c3#80-t1, previous=(t:1, i:10), leaderCommit=10, initializing? false, entries: <empty>
2019-10-20 13:11:38,693 [java.util.concurrent.ThreadPoolExecutor$Worker@1c8eceac[State = -1, empty queue]] WARN  server.GrpcLogAppender (GrpcLogAppender.java:timeoutAppendRequest(209)) - 4d585c25-980a-43ef-83b7-f2d8ca21bb18@group-18CBEC626CA6->0b324774-4593-4f2f-a2c4-e2cf67d32ecd-GrpcLogAppender: appendEntries Timeout, request=4d585c25-980a-43ef-83b7-f2d8ca21bb18->0b324774-4593-4f2f-a2c4-e2cf67d32ecd#81-t1, previous=(t:1, i:10), leaderCommit=10, initializing? false, entries: <empty>
2019-10-20 13:11:38,693 [java.util.concurrent.ThreadPoolExecutor$Worker@1928b4f6[State = -1, empty queue]] WARN  server.GrpcLogAppender (GrpcLogAppender.java:timeoutAppendRequest(209)) - 4d585c25-980a-43ef-83b7-f2d8ca21bb18@group-18CBEC626CA6->384d1456-c9b4-4a07-8bc5-984a6f09f9c3-GrpcLogAppender: appendEntries Timeout, request=4d585c25-980a-43ef-83b7-f2d8ca21bb18->384d1456-c9b4-4a07-8bc5-984a6f09f9c3#81-t1, previous=(t:1, i:10), leaderCommit=10, initializing? false, entries: <empty>
2019-10-20 13:11:39,193 [java.util.concurrent.ThreadPoolExecutor$Worker@1928b4f6[State = -1, empty queue]] WARN  server.GrpcLogAppender (GrpcLogAppender.java:timeoutAppendRequest(209)) - 4d585c25-980a-43ef-83b7-f2d8ca21bb18@group-18CBEC626CA6->384d1456-c9b4-4a07-8bc5-984a6f09f9c3-GrpcLogAppender: appendEntries Timeout, request=4d585c25-980a-43ef-83b7-f2d8ca21bb18->384d1456-c9b4-4a07-8bc5-984a6f09f9c3#82-t1, previous=(t:1, i:10), leaderCommit=10, initializing? false, entries: <empty>
2019-10-20 13:11:39,193 [java.util.concurrent.ThreadPoolExecutor$Worker@1c8eceac[State = -1, empty queue]] WARN  server.GrpcLogAppender (GrpcLogAppender.java:timeoutAppendRequest(209)) - 4d585c25-980a-43ef-83b7-f2d8ca21bb18@group-18CBEC626CA6->0b324774-4593-4f2f-a2c4-e2cf67d32ecd-GrpcLogAppender: appendEntries Timeout, request=4d585c25-980a-43ef-83b7-f2d8ca21bb18->0b324774-4593-4f2f-a2c4-e2cf67d32ecd#82-t1, previous=(t:1, i:10), leaderCommit=10, initializing? false, entries: <empty>
2019-10-20 13:11:39,693 [java.util.concurrent.ThreadPoolExecutor$Worker@1928b4f6[State = -1, empty queue]] WARN  server.GrpcLogAppender (GrpcLogAppender.java:timeoutAppendRequest(209)) - 4d585c25-980a-43ef-83b7-f2d8ca21bb18@group-18CBEC626CA6->384d1456-c9b4-4a07-8bc5-984a6f09f9c3-GrpcLogAppender: appendEntries Timeout, request=4d585c25-980a-43ef-83b7-f2d8ca21bb18->384d1456-c9b4-4a07-8bc5-984a6f09f9c3#83-t1, previous=(t:1, i:10), leaderCommit=10, initializing? false, entries: <empty>
2019-10-20 13:11:39,693 [java.util.concurrent.ThreadPoolExecutor$Worker@1c8eceac[State = -1, empty queue]] WARN  server.GrpcLogAppender (GrpcLogAppender.java:timeoutAppendRequest(209)) - 4d585c25-980a-43ef-83b7-f2d8ca21bb18@group-18CBEC626CA6->0b324774-4593-4f2f-a2c4-e2cf67d32ecd-GrpcLogAppender: appendEntries Timeout, request=4d585c25-980a-43ef-83b7-f2d8ca21bb18->0b324774-4593-4f2f-a2c4-e2cf67d32ecd#83-t1, previous=(t:1, i:10), leaderCommit=10, initializing? false, entries: <empty>
2019-10-20 13:11:40,046 [main] INFO  ozoneimpl.OzoneContainer (OzoneContainer.java:stop(227)) - Attempting to stop container services.
2019-10-20 13:11:40,047 [main] INFO  impl.RaftServerProxy (RaftServerProxy.java:lambda$close$4(314)) - 4d585c25-980a-43ef-83b7-f2d8ca21bb18: close
2019-10-20 13:11:40,047 [main] INFO  impl.RaftServerImpl (RaftServerImpl.java:lambda$shutdown$3(261)) - 4d585c25-980a-43ef-83b7-f2d8ca21bb18@group-18CBEC626CA6: shutdown
2019-10-20 13:11:40,047 [ForkJoinPool.commonPool-worker-0] INFO  impl.RaftServerImpl (RaftServerImpl.java:lambda$shutdown$3(261)) - 4d585c25-980a-43ef-83b7-f2d8ca21bb18@group-D1999A31449A: shutdown
2019-10-20 13:11:40,048 [main] INFO  util.JmxRegister (JmxRegister.java:unregister(73)) - Successfully un-registered JMX Bean with object name Ratis:service=RaftServer,group=group-18CBEC626CA6,id=4d585c25-980a-43ef-83b7-f2d8ca21bb18
2019-10-20 13:11:40,048 [ForkJoinPool.commonPool-worker-0] INFO  util.JmxRegister (JmxRegister.java:unregister(73)) - Successfully un-registered JMX Bean with object name Ratis:service=RaftServer,group=group-D1999A31449A,id=4d585c25-980a-43ef-83b7-f2d8ca21bb18
2019-10-20 13:11:40,048 [main] INFO  impl.RoleInfo (RoleInfo.java:shutdownLeaderState(104)) - 4d585c25-980a-43ef-83b7-f2d8ca21bb18: shutdown LeaderState
2019-10-20 13:11:40,048 [ForkJoinPool.commonPool-worker-0] INFO  impl.RoleInfo (RoleInfo.java:shutdownLeaderState(104)) - 4d585c25-980a-43ef-83b7-f2d8ca21bb18: shutdown LeaderState
2019-10-20 13:11:40,052 [main] INFO  impl.PendingRequests (PendingRequests.java:sendNotLeaderResponses(202)) - 4d585c25-980a-43ef-83b7-f2d8ca21bb18@group-18CBEC626CA6-PendingRequests: sendNotLeaderResponses
2019-10-20 13:11:40,052 [org.apache.ratis.server.impl.LogAppender$AppenderDaemon$$Lambda$474/353284224@64013d56] WARN  server.GrpcLogAppender (GrpcLogAppender.java:mayWait(149)) - 4d585c25-980a-43ef-83b7-f2d8ca21bb18@group-18CBEC626CA6->384d1456-c9b4-4a07-8bc5-984a6f09f9c3-GrpcLogAppender: Wait interrupted by java.lang.InterruptedException
2019-10-20 13:11:40,052 [ForkJoinPool.commonPool-worker-0] INFO  impl.PendingRequests (PendingRequests.java:sendNotLeaderResponses(202)) - 4d585c25-980a-43ef-83b7-f2d8ca21bb18@group-D1999A31449A-PendingRequests: sendNotLeaderResponses
2019-10-20 13:11:40,052 [org.apache.ratis.server.impl.LogAppender$AppenderDaemon$$Lambda$474/353284224@55afbf77] WARN  server.GrpcLogAppender (GrpcLogAppender.java:mayWait(149)) - 4d585c25-980a-43ef-83b7-f2d8ca21bb18@group-18CBEC626CA6->0b324774-4593-4f2f-a2c4-e2cf67d32ecd-GrpcLogAppender: Wait interrupted by java.lang.InterruptedException
2019-10-20 13:11:40,054 [main] INFO  impl.StateMachineUpdater (StateMachineUpdater.java:stopAndJoin(136)) - 4d585c25-980a-43ef-83b7-f2d8ca21bb18@group-18CBEC626CA6-StateMachineUpdater: set stopIndex = 10
2019-10-20 13:11:40,054 [4d585c25-980a-43ef-83b7-f2d8ca21bb18@group-18CBEC626CA6-StateMachineUpdater] INFO  ratis.ContainerStateMachine (ContainerStateMachine.java:takeSnapshot(294)) - group-18CBEC626CA6: Taking a snapshot at:(t:1, i:10) file /workdir/hadoop-ozone/integration-test/target/test-dir/MiniOzoneClusterImpl-7cb4dc35-5948-4f28-9541-652e3d9b0dcd/datanode-7/data/ratis/5675dbc0-d25f-423d-ae1e-18cbec626ca6/sm/snapshot.1_10
2019-10-20 13:11:40,054 [ForkJoinPool.commonPool-worker-0] INFO  impl.StateMachineUpdater (StateMachineUpdater.java:stopAndJoin(136)) - 4d585c25-980a-43ef-83b7-f2d8ca21bb18@group-D1999A31449A-StateMachineUpdater: set stopIndex = 0
2019-10-20 13:11:40,058 [ForkJoinPool.commonPool-worker-0] INFO  impl.RaftServerImpl (ServerState.java:close(388)) - 4d585c25-980a-43ef-83b7-f2d8ca21bb18@group-D1999A31449A: closes. applyIndex: 0
2019-10-20 13:11:40,058 [4d585c25-980a-43ef-83b7-f2d8ca21bb18@group-D1999A31449A-SegmentedRaftLogWorker] INFO  segmented.SegmentedRaftLogWorker (SegmentedRaftLogWorker.java:run(316)) - 4d585c25-980a-43ef-83b7-f2d8ca21bb18@group-D1999A31449A-SegmentedRaftLogWorker was interrupted, exiting. There are 0 tasks remaining in the queue.
2019-10-20 13:11:40,063 [ForkJoinPool.commonPool-worker-0] INFO  segmented.SegmentedRaftLogWorker (SegmentedRaftLogWorker.java:close(224)) - 4d585c25-980a-43ef-83b7-f2d8ca21bb18@group-D1999A31449A-SegmentedRaftLogWorker close()
2019-10-20 13:11:40,066 [4d585c25-980a-43ef-83b7-f2d8ca21bb18@group-18CBEC626CA6-StateMachineUpdater] INFO  ratis.ContainerStateMachine (ContainerStateMachine.java:takeSnapshot(305)) - group-18CBEC626CA6: Finished taking a snapshot at:(t:1, i:10) file:/workdir/hadoop-ozone/integration-test/target/test-dir/MiniOzoneClusterImpl-7cb4dc35-5948-4f28-9541-652e3d9b0dcd/datanode-7/data/ratis/5675dbc0-d25f-423d-ae1e-18cbec626ca6/sm/snapshot.1_10 time:12
2019-10-20 13:11:40,067 [4d585c25-980a-43ef-83b7-f2d8ca21bb18@group-18CBEC626CA6-StateMachineUpdater] INFO  impl.StateMachineUpdater (StateMachineUpdater.java:takeSnapshot(269)) - 4d585c25-980a-43ef-83b7-f2d8ca21bb18@group-18CBEC626CA6-StateMachineUpdater: Took a snapshot at index 10
2019-10-20 13:11:40,067 [4d585c25-980a-43ef-83b7-f2d8ca21bb18@group-18CBEC626CA6-StateMachineUpdater] INFO  impl.StateMachineUpdater (StateMachineUpdater.java:lambda$new$0(84)) - 4d585c25-980a-43ef-83b7-f2d8ca21bb18@group-18CBEC626CA6-StateMachineUpdater: snapshotIndex: updateIncreasingly -1 -> 10
2019-10-20 13:11:40,067 [main] INFO  impl.RaftServerImpl (ServerState.java:close(388)) - 4d585c25-980a-43ef-83b7-f2d8ca21bb18@group-18CBEC626CA6: closes. applyIndex: 10
2019-10-20 13:11:40,067 [4d585c25-980a-43ef-83b7-f2d8ca21bb18@group-18CBEC626CA6-SegmentedRaftLogWorker] INFO  segmented.SegmentedRaftLogWorker (SegmentedRaftLogWorker.java:run(316)) - 4d585c25-980a-43ef-83b7-f2d8ca21bb18@group-18CBEC626CA6-SegmentedRaftLogWorker was interrupted, exiting. There are 0 tasks remaining in the queue.
2019-10-20 13:11:40,068 [main] INFO  segmented.SegmentedRaftLogWorker (SegmentedRaftLogWorker.java:close(224)) - 4d585c25-980a-43ef-83b7-f2d8ca21bb18@group-18CBEC626CA6-SegmentedRaftLogWorker close()
2019-10-20 13:11:40,068 [main] INFO  server.GrpcService (GrpcService.java:closeImpl(164)) - 4d585c25-980a-43ef-83b7-f2d8ca21bb18: shutdown server with port 43287 now
2019-10-20 13:11:40,069 [main] INFO  server.GrpcService (GrpcService.java:closeImpl(172)) - 4d585c25-980a-43ef-83b7-f2d8ca21bb18: shutdown server with port 43287 successfully
2019-10-20 13:11:40,071 [refreshUsed-/workdir/hadoop-ozone/integration-test/target/test-dir/MiniOzoneClusterImpl-7cb4dc35-5948-4f28-9541-652e3d9b0dcd/datanode-7/data/containers] WARN  fs.CachingGetSpaceUsed (CachingGetSpaceUsed.java:run(183)) - Thread Interrupted waiting to refresh disk information: sleep interrupted
2019-10-20 13:11:40,084 [main] INFO  utils.BackgroundService (BackgroundService.java:shutdown(151)) - Shutting down service BlockDeletingService
2019-10-20 13:11:40,086 [main] INFO  statemachine.DatanodeStateMachine (DatanodeStateMachine.java:stopDaemon(395)) - Ozone container server stopped.
2019-10-20 13:11:40,087 [main] INFO  handler.ContextHandler (ContextHandler.java:doStop(910)) - Stopped o.e.j.w.WebAppContext@1544ded3{/,null,UNAVAILABLE}{/hddsDatanode}
2019-10-20 13:11:40,088 [main] INFO  server.AbstractConnector (AbstractConnector.java:doStop(318)) - Stopped ServerConnector@3ccb12d{HTTP/1.1,[http/1.1]}{0.0.0.0:0}
2019-10-20 13:11:40,088 [main] INFO  handler.ContextHandler (ContextHandler.java:doStop(910)) - Stopped o.e.j.s.ServletContextHandler@6826b70f{/static,jar:file:/home/user/.m2/repository/org/apache/hadoop/hadoop-hdds-container-service/0.5.0-SNAPSHOT/hadoop-hdds-container-service-0.5.0-SNAPSHOT.jar!/webapps/static,UNAVAILABLE}
2019-10-20 13:11:40,089 [main] INFO  handler.ContextHandler (ContextHandler.java:doStop(910)) - Stopped o.e.j.s.ServletContextHandler@c472300{/logs,file:///workdir/hadoop-ozone/integration-test/target/log,UNAVAILABLE}
2019-10-20 13:11:40,089 [main] INFO  ozone.MiniOzoneClusterImpl (MiniOzoneClusterImpl.java:stopSCM(392)) - Stopping the StorageContainerManager
2019-10-20 13:11:40,090 [main] INFO  server.StorageContainerManager (StorageContainerManager.java:stop(810)) - Stopping Replication Manager Service.
2019-10-20 13:11:40,090 [main] INFO  container.ReplicationManager (ReplicationManager.java:stop(203)) - Stopping Replication Monitor Thread.
2019-10-20 13:11:40,090 [main] INFO  server.StorageContainerManager (StorageContainerManager.java:stop(817)) - Stopping Lease Manager of the command watchers
2019-10-20 13:11:40,090 [main] INFO  server.StorageContainerManager (StorageContainerManager.java:stop(824)) - Stopping datanode service RPC server
2019-10-20 13:11:40,090 [main] INFO  server.SCMDatanodeProtocolServer (SCMDatanodeProtocolServer.java:stop(346)) - Stopping the RPC server for DataNodes
2019-10-20 13:11:40,090 [main] INFO  ipc.Server (Server.java:stop(3082)) - Stopping server on 40084
2019-10-20 13:11:40,093 [IPC Server listener on 40084] INFO  ipc.Server (Server.java:run(1185)) - Stopping IPC Server listener on 40084
2019-10-20 13:11:40,093 [IPC Server Responder] INFO  ipc.Server (Server.java:run(1319)) - Stopping IPC Server Responder
2019-10-20 13:11:40,140 [SCM Heartbeat Processing Thread - 0] WARN  node.NodeStateManager (NodeStateManager.java:scheduleNextHealthCheck(646)) - Current Thread is interrupted, shutting down HB processing thread for Node Manager.
2019-10-20 13:11:40,141 [main] INFO  server.StorageContainerManager (StorageContainerManager.java:stop(832)) - Stopping block service RPC server
2019-10-20 13:11:40,141 [main] INFO  server.SCMBlockProtocolServer (SCMBlockProtocolServer.java:stop(155)) - Stopping the RPC server for Block Protocol
2019-10-20 13:11:40,141 [main] INFO  ipc.Server (Server.java:stop(3082)) - Stopping server on 37200
2019-10-20 13:11:40,144 [IPC Server listener on 37200] INFO  ipc.Server (Server.java:run(1185)) - Stopping IPC Server listener on 37200
2019-10-20 13:11:40,144 [main] INFO  server.StorageContainerManager (StorageContainerManager.java:stop(839)) - Stopping the StorageContainerLocationProtocol RPC server
2019-10-20 13:11:40,145 [IPC Server Responder] INFO  ipc.Server (Server.java:run(1319)) - Stopping IPC Server Responder
2019-10-20 13:11:40,145 [main] INFO  server.SCMClientProtocolServer (SCMClientProtocolServer.java:stop(168)) - Stopping the RPC server for Client Protocol
2019-10-20 13:11:40,146 [main] INFO  ipc.Server (Server.java:stop(3082)) - Stopping server on 40083
2019-10-20 13:11:40,148 [IPC Server listener on 40083] INFO  ipc.Server (Server.java:run(1185)) - Stopping IPC Server listener on 40083
2019-10-20 13:11:40,148 [main] INFO  server.StorageContainerManager (StorageContainerManager.java:stop(846)) - Stopping Storage Container Manager HTTP server.
2019-10-20 13:11:40,149 [IPC Server Responder] INFO  ipc.Server (Server.java:run(1319)) - Stopping IPC Server Responder
2019-10-20 13:11:40,150 [main] INFO  handler.ContextHandler (ContextHandler.java:doStop(910)) - Stopped o.e.j.w.WebAppContext@47058864{/,null,UNAVAILABLE}{/scm}
2019-10-20 13:11:40,151 [main] INFO  server.AbstractConnector (AbstractConnector.java:doStop(318)) - Stopped ServerConnector@ad3f70a{HTTP/1.1,[http/1.1]}{0.0.0.0:0}
2019-10-20 13:11:40,151 [main] INFO  handler.ContextHandler (ContextHandler.java:doStop(910)) - Stopped o.e.j.s.ServletContextHandler@2017f6e6{/static,file:///workdir/hadoop-ozone/integration-test/target/test-classes/webapps/static,UNAVAILABLE}
2019-10-20 13:11:40,151 [main] INFO  handler.ContextHandler (ContextHandler.java:doStop(910)) - Stopped o.e.j.s.ServletContextHandler@5627cb29{/logs,file:///workdir/hadoop-ozone/integration-test/target/log,UNAVAILABLE}
2019-10-20 13:11:40,152 [main] INFO  server.StorageContainerManager (StorageContainerManager.java:stop(857)) - Stopping Block Manager Service.
2019-10-20 13:11:40,152 [main] INFO  utils.BackgroundService (BackgroundService.java:shutdown(151)) - Shutting down service SCMBlockDeletingService
2019-10-20 13:11:40,153 [main] INFO  utils.BackgroundService (BackgroundService.java:shutdown(151)) - Shutting down service SCMBlockDeletingService
2019-10-20 13:11:40,153 [main] INFO  server.StorageContainerManager (StorageContainerManager.java:stop(879)) - Stopping SCM Event Queue.
2019-10-20 13:11:40,159 [main] INFO  impl.MetricsSystemImpl (MetricsSystemImpl.java:stop(210)) - Stopping HddsDatanode metrics system...
2019-10-20 13:11:40,196 [java.util.concurrent.ThreadPoolExecutor$Worker@1c8eceac[State = -1, empty queue]] WARN  server.GrpcLogAppender (GrpcLogAppender.java:timeoutAppendRequest(209)) - 4d585c25-980a-43ef-83b7-f2d8ca21bb18@group-18CBEC626CA6->0b324774-4593-4f2f-a2c4-e2cf67d32ecd-GrpcLogAppender: appendEntries Timeout, request=4d585c25-980a-43ef-83b7-f2d8ca21bb18->0b324774-4593-4f2f-a2c4-e2cf67d32ecd#84-t1, previous=(t:1, i:10), leaderCommit=10, initializing? false, entries: <empty>
2019-10-20 13:11:40,196 [java.util.concurrent.ThreadPoolExecutor$Worker@1928b4f6[State = -1, empty queue]] WARN  server.GrpcLogAppender (GrpcLogAppender.java:timeoutAppendRequest(209)) - 4d585c25-980a-43ef-83b7-f2d8ca21bb18@group-18CBEC626CA6->384d1456-c9b4-4a07-8bc5-984a6f09f9c3-GrpcLogAppender: appendEntries Timeout, request=4d585c25-980a-43ef-83b7-f2d8ca21bb18->384d1456-c9b4-4a07-8bc5-984a6f09f9c3#84-t1, previous=(t:1, i:10), leaderCommit=10, initializing? false, entries: <empty>
2019-10-20 13:11:40,197 [main] INFO  impl.MetricsSystemImpl (MetricsSystemImpl.java:stop(216)) - HddsDatanode metrics system stopped.
]]></system-out>
    <system-err><![CDATA[Oct 20, 2019 1:10:58 PM org.apache.ratis.thirdparty.io.grpc.internal.ManagedChannelOrphanWrapper$ManagedChannelReference cleanQueue
SEVERE: *~*~*~ Channel ManagedChannelImpl{logId=1904, target=192.168.157.204:38937} was not shutdown properly!!! ~*~*~*
    Make sure to call shutdown()/shutdownNow() and wait until awaitTermination() returns true.
java.lang.RuntimeException: ManagedChannel allocation site
	at org.apache.ratis.thirdparty.io.grpc.internal.ManagedChannelOrphanWrapper$ManagedChannelReference.<init>(ManagedChannelOrphanWrapper.java:103)
	at org.apache.ratis.thirdparty.io.grpc.internal.ManagedChannelOrphanWrapper.<init>(ManagedChannelOrphanWrapper.java:53)
	at org.apache.ratis.thirdparty.io.grpc.internal.ManagedChannelOrphanWrapper.<init>(ManagedChannelOrphanWrapper.java:44)
	at org.apache.ratis.thirdparty.io.grpc.internal.AbstractManagedChannelImplBuilder.build(AbstractManagedChannelImplBuilder.java:411)
	at org.apache.ratis.grpc.client.GrpcClientProtocolClient.<init>(GrpcClientProtocolClient.java:128)
	at org.apache.ratis.grpc.client.GrpcClientRpc.lambda$new$0(GrpcClientRpc.java:55)
	at org.apache.ratis.util.PeerProxyMap$PeerAndProxy.lambda$getProxy$0(PeerProxyMap.java:61)
	at org.apache.ratis.util.LifeCycle.startAndTransition(LifeCycle.java:202)
	at org.apache.ratis.util.PeerProxyMap$PeerAndProxy.getProxy(PeerProxyMap.java:60)
	at org.apache.ratis.util.PeerProxyMap.getProxy(PeerProxyMap.java:108)
	at org.apache.ratis.grpc.client.GrpcClientRpc.sendRequestAsync(GrpcClientRpc.java:66)
	at org.apache.ratis.client.impl.OrderedAsync.sendRequest(OrderedAsync.java:208)
	at org.apache.ratis.client.impl.OrderedAsync.sendRequestWithRetry(OrderedAsync.java:169)
	at org.apache.ratis.util.SlidingWindow$Client.sendOrDelayRequest(SlidingWindow.java:278)
	at org.apache.ratis.util.SlidingWindow$Client.retry(SlidingWindow.java:294)
	at org.apache.ratis.client.impl.OrderedAsync.lambda$scheduleWithTimeout$7(OrderedAsync.java:195)
	at org.apache.ratis.util.TimeoutScheduler.lambda$onTimeout$0(TimeoutScheduler.java:113)
	at org.apache.ratis.util.TimeoutScheduler.lambda$onTimeout$1(TimeoutScheduler.java:133)
	at org.apache.ratis.util.LogUtils.runAndLog(LogUtils.java:50)
	at org.apache.ratis.util.LogUtils$1.run(LogUtils.java:91)
	at java.util.concurrent.Executors$RunnableAdapter.call(Executors.java:511)
	at java.util.concurrent.FutureTask.run(FutureTask.java:266)
	at java.util.concurrent.ScheduledThreadPoolExecutor$ScheduledFutureTask.access$201(ScheduledThreadPoolExecutor.java:180)
	at java.util.concurrent.ScheduledThreadPoolExecutor$ScheduledFutureTask.run(ScheduledThreadPoolExecutor.java:293)
	at java.util.concurrent.ThreadPoolExecutor.runWorker(ThreadPoolExecutor.java:1149)
	at java.util.concurrent.ThreadPoolExecutor$Worker.run(ThreadPoolExecutor.java:624)
	at java.lang.Thread.run(Thread.java:748)

Oct 20, 2019 1:10:58 PM org.apache.ratis.thirdparty.io.grpc.internal.ManagedChannelOrphanWrapper$ManagedChannelReference cleanQueue
SEVERE: *~*~*~ Channel ManagedChannelImpl{logId=1918, target=192.168.157.204:43733} was not shutdown properly!!! ~*~*~*
    Make sure to call shutdown()/shutdownNow() and wait until awaitTermination() returns true.
java.lang.RuntimeException: ManagedChannel allocation site
	at org.apache.ratis.thirdparty.io.grpc.internal.ManagedChannelOrphanWrapper$ManagedChannelReference.<init>(ManagedChannelOrphanWrapper.java:103)
	at org.apache.ratis.thirdparty.io.grpc.internal.ManagedChannelOrphanWrapper.<init>(ManagedChannelOrphanWrapper.java:53)
	at org.apache.ratis.thirdparty.io.grpc.internal.ManagedChannelOrphanWrapper.<init>(ManagedChannelOrphanWrapper.java:44)
	at org.apache.ratis.thirdparty.io.grpc.internal.AbstractManagedChannelImplBuilder.build(AbstractManagedChannelImplBuilder.java:411)
	at org.apache.hadoop.hdds.scm.XceiverClientGrpc.connectToDatanode(XceiverClientGrpc.java:183)
	at org.apache.hadoop.hdds.scm.XceiverClientGrpc.reconnect(XceiverClientGrpc.java:434)
	at org.apache.hadoop.hdds.scm.XceiverClientGrpc.sendCommandAsync(XceiverClientGrpc.java:382)
	at org.apache.hadoop.hdds.scm.XceiverClientGrpc.sendCommandWithRetry(XceiverClientGrpc.java:295)
	at org.apache.hadoop.hdds.scm.XceiverClientGrpc.sendCommandWithTraceIDAndRetry(XceiverClientGrpc.java:259)
	at org.apache.hadoop.hdds.scm.XceiverClientGrpc.sendCommand(XceiverClientGrpc.java:242)
	at org.apache.hadoop.hdds.scm.storage.ContainerProtocolCalls.getBlock(ContainerProtocolCalls.java:118)
	at org.apache.hadoop.hdds.scm.storage.BlockInputStream.getChunkInfos(BlockInputStream.java:169)
	at org.apache.hadoop.hdds.scm.storage.BlockInputStream.initialize(BlockInputStream.java:118)
	at org.apache.hadoop.hdds.scm.storage.BlockInputStream.read(BlockInputStream.java:224)
	at org.apache.hadoop.ozone.client.io.KeyInputStream.read(KeyInputStream.java:173)
	at org.apache.hadoop.ozone.client.io.OzoneInputStream.read(OzoneInputStream.java:47)
	at java.io.InputStream.read(InputStream.java:101)
	at org.apache.hadoop.ozone.container.ContainerTestHelper.validateData(ContainerTestHelper.java:730)
	at org.apache.hadoop.ozone.client.rpc.TestFailureHandlingByClient.validateData(TestFailureHandlingByClient.java:413)
	at org.apache.hadoop.ozone.client.rpc.TestFailureHandlingByClient.testBlockWritesWithDnFailures(TestFailureHandlingByClient.java:172)
	at sun.reflect.NativeMethodAccessorImpl.invoke0(Native Method)
	at sun.reflect.NativeMethodAccessorImpl.invoke(NativeMethodAccessorImpl.java:62)
	at sun.reflect.DelegatingMethodAccessorImpl.invoke(DelegatingMethodAccessorImpl.java:43)
	at java.lang.reflect.Method.invoke(Method.java:498)
	at org.junit.runners.model.FrameworkMethod$1.runReflectiveCall(FrameworkMethod.java:47)
	at org.junit.internal.runners.model.ReflectiveCallable.run(ReflectiveCallable.java:12)
	at org.junit.runners.model.FrameworkMethod.invokeExplosively(FrameworkMethod.java:44)
	at org.junit.internal.runners.statements.InvokeMethod.evaluate(InvokeMethod.java:17)
	at org.junit.internal.runners.statements.RunAfters.evaluate(RunAfters.java:27)
	at org.junit.runners.ParentRunner.runLeaf(ParentRunner.java:271)
	at org.junit.runners.BlockJUnit4ClassRunner.runChild(BlockJUnit4ClassRunner.java:70)
	at org.junit.runners.BlockJUnit4ClassRunner.runChild(BlockJUnit4ClassRunner.java:50)
	at org.junit.runners.ParentRunner$3.run(ParentRunner.java:238)
	at org.junit.runners.ParentRunner$1.schedule(ParentRunner.java:63)
	at org.junit.runners.ParentRunner.runChildren(ParentRunner.java:236)
	at org.junit.runners.ParentRunner.access$000(ParentRunner.java:53)
	at org.junit.runners.ParentRunner$2.evaluate(ParentRunner.java:229)
	at org.junit.runners.ParentRunner.run(ParentRunner.java:309)
	at org.apache.maven.surefire.junit4.JUnit4Provider.execute(JUnit4Provider.java:365)
	at org.apache.maven.surefire.junit4.JUnit4Provider.executeWithRerun(JUnit4Provider.java:273)
	at org.apache.maven.surefire.junit4.JUnit4Provider.executeTestSet(JUnit4Provider.java:238)
	at org.apache.maven.surefire.junit4.JUnit4Provider.invoke(JUnit4Provider.java:159)
	at org.apache.maven.surefire.booter.ForkedBooter.invokeProviderInSameClassLoader(ForkedBooter.java:384)
	at org.apache.maven.surefire.booter.ForkedBooter.runSuitesInProcess(ForkedBooter.java:345)
	at org.apache.maven.surefire.booter.ForkedBooter.execute(ForkedBooter.java:126)
	at org.apache.maven.surefire.booter.ForkedBooter.main(ForkedBooter.java:418)

Oct 20, 2019 1:10:58 PM org.apache.ratis.thirdparty.io.grpc.internal.ManagedChannelOrphanWrapper$ManagedChannelReference cleanQueue
SEVERE: *~*~*~ Channel ManagedChannelImpl{logId=1913, target=192.168.157.204:41471} was not shutdown properly!!! ~*~*~*
    Make sure to call shutdown()/shutdownNow() and wait until awaitTermination() returns true.
java.lang.RuntimeException: ManagedChannel allocation site
	at org.apache.ratis.thirdparty.io.grpc.internal.ManagedChannelOrphanWrapper$ManagedChannelReference.<init>(ManagedChannelOrphanWrapper.java:103)
	at org.apache.ratis.thirdparty.io.grpc.internal.ManagedChannelOrphanWrapper.<init>(ManagedChannelOrphanWrapper.java:53)
	at org.apache.ratis.thirdparty.io.grpc.internal.ManagedChannelOrphanWrapper.<init>(ManagedChannelOrphanWrapper.java:44)
	at org.apache.ratis.thirdparty.io.grpc.internal.AbstractManagedChannelImplBuilder.build(AbstractManagedChannelImplBuilder.java:411)
	at org.apache.ratis.grpc.client.GrpcClientProtocolClient.<init>(GrpcClientProtocolClient.java:128)
	at org.apache.ratis.grpc.client.GrpcClientRpc.lambda$new$0(GrpcClientRpc.java:55)
	at org.apache.ratis.util.PeerProxyMap$PeerAndProxy.lambda$getProxy$0(PeerProxyMap.java:61)
	at org.apache.ratis.util.LifeCycle.startAndTransition(LifeCycle.java:202)
	at org.apache.ratis.util.PeerProxyMap$PeerAndProxy.getProxy(PeerProxyMap.java:60)
	at org.apache.ratis.util.PeerProxyMap.getProxy(PeerProxyMap.java:108)
	at org.apache.ratis.grpc.client.GrpcClientRpc.sendRequestAsync(GrpcClientRpc.java:66)
	at org.apache.ratis.client.impl.OrderedAsync.sendRequest(OrderedAsync.java:208)
	at org.apache.ratis.client.impl.OrderedAsync.sendRequestWithRetry(OrderedAsync.java:169)
	at org.apache.ratis.util.SlidingWindow$Client.sendOrDelayRequest(SlidingWindow.java:278)
	at org.apache.ratis.util.SlidingWindow$Client.retry(SlidingWindow.java:294)
	at org.apache.ratis.client.impl.OrderedAsync.lambda$scheduleWithTimeout$7(OrderedAsync.java:195)
	at org.apache.ratis.util.TimeoutScheduler.lambda$onTimeout$0(TimeoutScheduler.java:113)
	at org.apache.ratis.util.TimeoutScheduler.lambda$onTimeout$1(TimeoutScheduler.java:133)
	at org.apache.ratis.util.LogUtils.runAndLog(LogUtils.java:50)
	at org.apache.ratis.util.LogUtils$1.run(LogUtils.java:91)
	at java.util.concurrent.Executors$RunnableAdapter.call(Executors.java:511)
	at java.util.concurrent.FutureTask.run(FutureTask.java:266)
	at java.util.concurrent.ScheduledThreadPoolExecutor$ScheduledFutureTask.access$201(ScheduledThreadPoolExecutor.java:180)
	at java.util.concurrent.ScheduledThreadPoolExecutor$ScheduledFutureTask.run(ScheduledThreadPoolExecutor.java:293)
	at java.util.concurrent.ThreadPoolExecutor.runWorker(ThreadPoolExecutor.java:1149)
	at java.util.concurrent.ThreadPoolExecutor$Worker.run(ThreadPoolExecutor.java:624)
	at java.lang.Thread.run(Thread.java:748)

Oct 20, 2019 1:10:58 PM org.apache.ratis.thirdparty.io.grpc.internal.ManagedChannelOrphanWrapper$ManagedChannelReference cleanQueue
SEVERE: *~*~*~ Channel ManagedChannelImpl{logId=1926, target=192.168.157.204:45213} was not shutdown properly!!! ~*~*~*
    Make sure to call shutdown()/shutdownNow() and wait until awaitTermination() returns true.
java.lang.RuntimeException: ManagedChannel allocation site
	at org.apache.ratis.thirdparty.io.grpc.internal.ManagedChannelOrphanWrapper$ManagedChannelReference.<init>(ManagedChannelOrphanWrapper.java:103)
	at org.apache.ratis.thirdparty.io.grpc.internal.ManagedChannelOrphanWrapper.<init>(ManagedChannelOrphanWrapper.java:53)
	at org.apache.ratis.thirdparty.io.grpc.internal.ManagedChannelOrphanWrapper.<init>(ManagedChannelOrphanWrapper.java:44)
	at org.apache.ratis.thirdparty.io.grpc.internal.AbstractManagedChannelImplBuilder.build(AbstractManagedChannelImplBuilder.java:411)
	at org.apache.hadoop.hdds.scm.XceiverClientGrpc.connectToDatanode(XceiverClientGrpc.java:183)
	at org.apache.hadoop.hdds.scm.XceiverClientGrpc.reconnect(XceiverClientGrpc.java:434)
	at org.apache.hadoop.hdds.scm.XceiverClientGrpc.sendCommandAsync(XceiverClientGrpc.java:382)
	at org.apache.hadoop.hdds.scm.XceiverClientGrpc.sendCommandWithRetry(XceiverClientGrpc.java:295)
	at org.apache.hadoop.hdds.scm.XceiverClientGrpc.sendCommandWithTraceIDAndRetry(XceiverClientGrpc.java:259)
	at org.apache.hadoop.hdds.scm.XceiverClientGrpc.sendCommand(XceiverClientGrpc.java:242)
	at org.apache.hadoop.hdds.scm.storage.ContainerProtocolCalls.getBlock(ContainerProtocolCalls.java:118)
	at org.apache.hadoop.hdds.scm.storage.BlockInputStream.getChunkInfos(BlockInputStream.java:169)
	at org.apache.hadoop.hdds.scm.storage.BlockInputStream.initialize(BlockInputStream.java:118)
	at org.apache.hadoop.hdds.scm.storage.BlockInputStream.read(BlockInputStream.java:224)
	at org.apache.hadoop.ozone.client.io.KeyInputStream.read(KeyInputStream.java:173)
	at org.apache.hadoop.ozone.client.io.OzoneInputStream.read(OzoneInputStream.java:47)
	at java.io.InputStream.read(InputStream.java:101)
	at org.apache.hadoop.ozone.container.ContainerTestHelper.validateData(ContainerTestHelper.java:730)
	at org.apache.hadoop.ozone.client.rpc.TestFailureHandlingByClient.validateData(TestFailureHandlingByClient.java:413)
	at org.apache.hadoop.ozone.client.rpc.TestFailureHandlingByClient.testBlockWritesWithDnFailures(TestFailureHandlingByClient.java:172)
	at sun.reflect.NativeMethodAccessorImpl.invoke0(Native Method)
	at sun.reflect.NativeMethodAccessorImpl.invoke(NativeMethodAccessorImpl.java:62)
	at sun.reflect.DelegatingMethodAccessorImpl.invoke(DelegatingMethodAccessorImpl.java:43)
	at java.lang.reflect.Method.invoke(Method.java:498)
	at org.junit.runners.model.FrameworkMethod$1.runReflectiveCall(FrameworkMethod.java:47)
	at org.junit.internal.runners.model.ReflectiveCallable.run(ReflectiveCallable.java:12)
	at org.junit.runners.model.FrameworkMethod.invokeExplosively(FrameworkMethod.java:44)
	at org.junit.internal.runners.statements.InvokeMethod.evaluate(InvokeMethod.java:17)
	at org.junit.internal.runners.statements.RunAfters.evaluate(RunAfters.java:27)
	at org.junit.runners.ParentRunner.runLeaf(ParentRunner.java:271)
	at org.junit.runners.BlockJUnit4ClassRunner.runChild(BlockJUnit4ClassRunner.java:70)
	at org.junit.runners.BlockJUnit4ClassRunner.runChild(BlockJUnit4ClassRunner.java:50)
	at org.junit.runners.ParentRunner$3.run(ParentRunner.java:238)
	at org.junit.runners.ParentRunner$1.schedule(ParentRunner.java:63)
	at org.junit.runners.ParentRunner.runChildren(ParentRunner.java:236)
	at org.junit.runners.ParentRunner.access$000(ParentRunner.java:53)
	at org.junit.runners.ParentRunner$2.evaluate(ParentRunner.java:229)
	at org.junit.runners.ParentRunner.run(ParentRunner.java:309)
	at org.apache.maven.surefire.junit4.JUnit4Provider.execute(JUnit4Provider.java:365)
	at org.apache.maven.surefire.junit4.JUnit4Provider.executeWithRerun(JUnit4Provider.java:273)
	at org.apache.maven.surefire.junit4.JUnit4Provider.executeTestSet(JUnit4Provider.java:238)
	at org.apache.maven.surefire.junit4.JUnit4Provider.invoke(JUnit4Provider.java:159)
	at org.apache.maven.surefire.booter.ForkedBooter.invokeProviderInSameClassLoader(ForkedBooter.java:384)
	at org.apache.maven.surefire.booter.ForkedBooter.runSuitesInProcess(ForkedBooter.java:345)
	at org.apache.maven.surefire.booter.ForkedBooter.execute(ForkedBooter.java:126)
	at org.apache.maven.surefire.booter.ForkedBooter.main(ForkedBooter.java:418)

Oct 20, 2019 1:10:58 PM org.apache.ratis.thirdparty.io.grpc.internal.ManagedChannelOrphanWrapper$ManagedChannelReference cleanQueue
SEVERE: *~*~*~ Channel ManagedChannelImpl{logId=1922, target=192.168.157.204:38161} was not shutdown properly!!! ~*~*~*
    Make sure to call shutdown()/shutdownNow() and wait until awaitTermination() returns true.
java.lang.RuntimeException: ManagedChannel allocation site
	at org.apache.ratis.thirdparty.io.grpc.internal.ManagedChannelOrphanWrapper$ManagedChannelReference.<init>(ManagedChannelOrphanWrapper.java:103)
	at org.apache.ratis.thirdparty.io.grpc.internal.ManagedChannelOrphanWrapper.<init>(ManagedChannelOrphanWrapper.java:53)
	at org.apache.ratis.thirdparty.io.grpc.internal.ManagedChannelOrphanWrapper.<init>(ManagedChannelOrphanWrapper.java:44)
	at org.apache.ratis.thirdparty.io.grpc.internal.AbstractManagedChannelImplBuilder.build(AbstractManagedChannelImplBuilder.java:411)
	at org.apache.hadoop.hdds.scm.XceiverClientGrpc.connectToDatanode(XceiverClientGrpc.java:183)
	at org.apache.hadoop.hdds.scm.XceiverClientGrpc.reconnect(XceiverClientGrpc.java:434)
	at org.apache.hadoop.hdds.scm.XceiverClientGrpc.sendCommandAsync(XceiverClientGrpc.java:382)
	at org.apache.hadoop.hdds.scm.XceiverClientGrpc.sendCommandWithRetry(XceiverClientGrpc.java:295)
	at org.apache.hadoop.hdds.scm.XceiverClientGrpc.sendCommandWithTraceIDAndRetry(XceiverClientGrpc.java:259)
	at org.apache.hadoop.hdds.scm.XceiverClientGrpc.sendCommand(XceiverClientGrpc.java:242)
	at org.apache.hadoop.hdds.scm.storage.ContainerProtocolCalls.getBlock(ContainerProtocolCalls.java:118)
	at org.apache.hadoop.hdds.scm.storage.BlockInputStream.getChunkInfos(BlockInputStream.java:169)
	at org.apache.hadoop.hdds.scm.storage.BlockInputStream.initialize(BlockInputStream.java:118)
	at org.apache.hadoop.hdds.scm.storage.BlockInputStream.read(BlockInputStream.java:224)
	at org.apache.hadoop.ozone.client.io.KeyInputStream.read(KeyInputStream.java:173)
	at org.apache.hadoop.ozone.client.io.OzoneInputStream.read(OzoneInputStream.java:47)
	at java.io.InputStream.read(InputStream.java:101)
	at org.apache.hadoop.ozone.container.ContainerTestHelper.validateData(ContainerTestHelper.java:730)
	at org.apache.hadoop.ozone.client.rpc.TestFailureHandlingByClient.validateData(TestFailureHandlingByClient.java:413)
	at org.apache.hadoop.ozone.client.rpc.TestFailureHandlingByClient.testBlockWritesWithDnFailures(TestFailureHandlingByClient.java:172)
	at sun.reflect.NativeMethodAccessorImpl.invoke0(Native Method)
	at sun.reflect.NativeMethodAccessorImpl.invoke(NativeMethodAccessorImpl.java:62)
	at sun.reflect.DelegatingMethodAccessorImpl.invoke(DelegatingMethodAccessorImpl.java:43)
	at java.lang.reflect.Method.invoke(Method.java:498)
	at org.junit.runners.model.FrameworkMethod$1.runReflectiveCall(FrameworkMethod.java:47)
	at org.junit.internal.runners.model.ReflectiveCallable.run(ReflectiveCallable.java:12)
	at org.junit.runners.model.FrameworkMethod.invokeExplosively(FrameworkMethod.java:44)
	at org.junit.internal.runners.statements.InvokeMethod.evaluate(InvokeMethod.java:17)
	at org.junit.internal.runners.statements.RunAfters.evaluate(RunAfters.java:27)
	at org.junit.runners.ParentRunner.runLeaf(ParentRunner.java:271)
	at org.junit.runners.BlockJUnit4ClassRunner.runChild(BlockJUnit4ClassRunner.java:70)
	at org.junit.runners.BlockJUnit4ClassRunner.runChild(BlockJUnit4ClassRunner.java:50)
	at org.junit.runners.ParentRunner$3.run(ParentRunner.java:238)
	at org.junit.runners.ParentRunner$1.schedule(ParentRunner.java:63)
	at org.junit.runners.ParentRunner.runChildren(ParentRunner.java:236)
	at org.junit.runners.ParentRunner.access$000(ParentRunner.java:53)
	at org.junit.runners.ParentRunner$2.evaluate(ParentRunner.java:229)
	at org.junit.runners.ParentRunner.run(ParentRunner.java:309)
	at org.apache.maven.surefire.junit4.JUnit4Provider.execute(JUnit4Provider.java:365)
	at org.apache.maven.surefire.junit4.JUnit4Provider.executeWithRerun(JUnit4Provider.java:273)
	at org.apache.maven.surefire.junit4.JUnit4Provider.executeTestSet(JUnit4Provider.java:238)
	at org.apache.maven.surefire.junit4.JUnit4Provider.invoke(JUnit4Provider.java:159)
	at org.apache.maven.surefire.booter.ForkedBooter.invokeProviderInSameClassLoader(ForkedBooter.java:384)
	at org.apache.maven.surefire.booter.ForkedBooter.runSuitesInProcess(ForkedBooter.java:345)
	at org.apache.maven.surefire.booter.ForkedBooter.execute(ForkedBooter.java:126)
	at org.apache.maven.surefire.booter.ForkedBooter.main(ForkedBooter.java:418)

Oct 20, 2019 1:10:58 PM org.apache.ratis.thirdparty.io.grpc.internal.ManagedChannelOrphanWrapper$ManagedChannelReference cleanQueue
SEVERE: *~*~*~ Channel ManagedChannelImpl{logId=1931, target=192.168.157.204:37640} was not shutdown properly!!! ~*~*~*
    Make sure to call shutdown()/shutdownNow() and wait until awaitTermination() returns true.
java.lang.RuntimeException: ManagedChannel allocation site
	at org.apache.ratis.thirdparty.io.grpc.internal.ManagedChannelOrphanWrapper$ManagedChannelReference.<init>(ManagedChannelOrphanWrapper.java:103)
	at org.apache.ratis.thirdparty.io.grpc.internal.ManagedChannelOrphanWrapper.<init>(ManagedChannelOrphanWrapper.java:53)
	at org.apache.ratis.thirdparty.io.grpc.internal.ManagedChannelOrphanWrapper.<init>(ManagedChannelOrphanWrapper.java:44)
	at org.apache.ratis.thirdparty.io.grpc.internal.AbstractManagedChannelImplBuilder.build(AbstractManagedChannelImplBuilder.java:411)
	at org.apache.hadoop.hdds.scm.XceiverClientGrpc.connectToDatanode(XceiverClientGrpc.java:183)
	at org.apache.hadoop.hdds.scm.XceiverClientGrpc.reconnect(XceiverClientGrpc.java:434)
	at org.apache.hadoop.hdds.scm.XceiverClientGrpc.sendCommandAsync(XceiverClientGrpc.java:382)
	at org.apache.hadoop.hdds.scm.XceiverClientGrpc.sendCommandWithRetry(XceiverClientGrpc.java:295)
	at org.apache.hadoop.hdds.scm.XceiverClientGrpc.sendCommandWithTraceIDAndRetry(XceiverClientGrpc.java:259)
	at org.apache.hadoop.hdds.scm.XceiverClientGrpc.sendCommand(XceiverClientGrpc.java:242)
	at org.apache.hadoop.hdds.scm.storage.ContainerProtocolCalls.getBlock(ContainerProtocolCalls.java:118)
	at org.apache.hadoop.hdds.scm.storage.BlockInputStream.getChunkInfos(BlockInputStream.java:169)
	at org.apache.hadoop.hdds.scm.storage.BlockInputStream.initialize(BlockInputStream.java:118)
	at org.apache.hadoop.hdds.scm.storage.BlockInputStream.read(BlockInputStream.java:224)
	at org.apache.hadoop.ozone.client.io.KeyInputStream.read(KeyInputStream.java:173)
	at org.apache.hadoop.ozone.client.io.OzoneInputStream.read(OzoneInputStream.java:47)
	at java.io.InputStream.read(InputStream.java:101)
	at org.apache.hadoop.ozone.container.ContainerTestHelper.validateData(ContainerTestHelper.java:730)
	at org.apache.hadoop.ozone.client.rpc.TestFailureHandlingByClient.validateData(TestFailureHandlingByClient.java:413)
	at org.apache.hadoop.ozone.client.rpc.TestFailureHandlingByClient.testBlockWritesWithDnFailures(TestFailureHandlingByClient.java:172)
	at sun.reflect.NativeMethodAccessorImpl.invoke0(Native Method)
	at sun.reflect.NativeMethodAccessorImpl.invoke(NativeMethodAccessorImpl.java:62)
	at sun.reflect.DelegatingMethodAccessorImpl.invoke(DelegatingMethodAccessorImpl.java:43)
	at java.lang.reflect.Method.invoke(Method.java:498)
	at org.junit.runners.model.FrameworkMethod$1.runReflectiveCall(FrameworkMethod.java:47)
	at org.junit.internal.runners.model.ReflectiveCallable.run(ReflectiveCallable.java:12)
	at org.junit.runners.model.FrameworkMethod.invokeExplosively(FrameworkMethod.java:44)
	at org.junit.internal.runners.statements.InvokeMethod.evaluate(InvokeMethod.java:17)
	at org.junit.internal.runners.statements.RunAfters.evaluate(RunAfters.java:27)
	at org.junit.runners.ParentRunner.runLeaf(ParentRunner.java:271)
	at org.junit.runners.BlockJUnit4ClassRunner.runChild(BlockJUnit4ClassRunner.java:70)
	at org.junit.runners.BlockJUnit4ClassRunner.runChild(BlockJUnit4ClassRunner.java:50)
	at org.junit.runners.ParentRunner$3.run(ParentRunner.java:238)
	at org.junit.runners.ParentRunner$1.schedule(ParentRunner.java:63)
	at org.junit.runners.ParentRunner.runChildren(ParentRunner.java:236)
	at org.junit.runners.ParentRunner.access$000(ParentRunner.java:53)
	at org.junit.runners.ParentRunner$2.evaluate(ParentRunner.java:229)
	at org.junit.runners.ParentRunner.run(ParentRunner.java:309)
	at org.apache.maven.surefire.junit4.JUnit4Provider.execute(JUnit4Provider.java:365)
	at org.apache.maven.surefire.junit4.JUnit4Provider.executeWithRerun(JUnit4Provider.java:273)
	at org.apache.maven.surefire.junit4.JUnit4Provider.executeTestSet(JUnit4Provider.java:238)
	at org.apache.maven.surefire.junit4.JUnit4Provider.invoke(JUnit4Provider.java:159)
	at org.apache.maven.surefire.booter.ForkedBooter.invokeProviderInSameClassLoader(ForkedBooter.java:384)
	at org.apache.maven.surefire.booter.ForkedBooter.runSuitesInProcess(ForkedBooter.java:345)
	at org.apache.maven.surefire.booter.ForkedBooter.execute(ForkedBooter.java:126)
	at org.apache.maven.surefire.booter.ForkedBooter.main(ForkedBooter.java:418)

Oct 20, 2019 1:11:21 PM org.apache.ratis.thirdparty.io.grpc.internal.SerializingExecutor run
SEVERE: Exception while executing runnable org.apache.ratis.thirdparty.io.grpc.internal.ClientCallImpl$ClientStreamListenerImpl$1StreamClosed@2eb2f295
java.lang.NullPointerException
	at org.apache.ratis.grpc.server.GrpcLogAppender$AppendLogResponseHandler.onError(GrpcLogAppender.java:303)
	at org.apache.ratis.thirdparty.io.grpc.stub.ClientCalls$StreamObserverToCallListenerAdapter.onClose(ClientCalls.java:434)
	at org.apache.ratis.thirdparty.io.grpc.PartialForwardingClientCallListener.onClose(PartialForwardingClientCallListener.java:39)
	at org.apache.ratis.thirdparty.io.grpc.ForwardingClientCallListener.onClose(ForwardingClientCallListener.java:23)
	at org.apache.ratis.thirdparty.io.grpc.ForwardingClientCallListener$SimpleForwardingClientCallListener.onClose(ForwardingClientCallListener.java:40)
	at org.apache.ratis.thirdparty.io.grpc.internal.CensusStatsModule$StatsClientInterceptor$1$1.onClose(CensusStatsModule.java:678)
	at org.apache.ratis.thirdparty.io.grpc.PartialForwardingClientCallListener.onClose(PartialForwardingClientCallListener.java:39)
	at org.apache.ratis.thirdparty.io.grpc.ForwardingClientCallListener.onClose(ForwardingClientCallListener.java:23)
	at org.apache.ratis.thirdparty.io.grpc.ForwardingClientCallListener$SimpleForwardingClientCallListener.onClose(ForwardingClientCallListener.java:40)
	at org.apache.ratis.thirdparty.io.grpc.internal.CensusTracingModule$TracingClientInterceptor$1$1.onClose(CensusTracingModule.java:397)
	at org.apache.ratis.thirdparty.io.grpc.internal.ClientCallImpl.closeObserver(ClientCallImpl.java:459)
	at org.apache.ratis.thirdparty.io.grpc.internal.ClientCallImpl.access$300(ClientCallImpl.java:63)
	at org.apache.ratis.thirdparty.io.grpc.internal.ClientCallImpl$ClientStreamListenerImpl.close(ClientCallImpl.java:546)
	at org.apache.ratis.thirdparty.io.grpc.internal.ClientCallImpl$ClientStreamListenerImpl.access$600(ClientCallImpl.java:467)
	at org.apache.ratis.thirdparty.io.grpc.internal.ClientCallImpl$ClientStreamListenerImpl$1StreamClosed.runInContext(ClientCallImpl.java:584)
	at org.apache.ratis.thirdparty.io.grpc.internal.ContextRunnable.run(ContextRunnable.java:37)
	at org.apache.ratis.thirdparty.io.grpc.internal.SerializingExecutor.run(SerializingExecutor.java:123)
	at java.util.concurrent.ThreadPoolExecutor.runWorker(ThreadPoolExecutor.java:1149)
	at java.util.concurrent.ThreadPoolExecutor$Worker.run(ThreadPoolExecutor.java:624)
	at java.lang.Thread.run(Thread.java:748)

Oct 20, 2019 1:11:29 PM org.apache.ratis.thirdparty.io.grpc.internal.SerializingExecutor run
SEVERE: Exception while executing runnable org.apache.ratis.thirdparty.io.grpc.internal.ServerImpl$JumpToApplicationThreadServerStreamListener$1Closed@eac34e1
org.apache.ratis.thirdparty.io.grpc.StatusRuntimeException: CANCELLED: call already cancelled
	at org.apache.ratis.thirdparty.io.grpc.Status.asRuntimeException(Status.java:517)
	at org.apache.ratis.thirdparty.io.grpc.stub.ServerCalls$ServerCallStreamObserverImpl.onCompleted(ServerCalls.java:356)
	at org.apache.ratis.grpc.server.GrpcServerProtocolService$ServerRequestStreamObserver.onError(GrpcServerProtocolService.java:121)
	at org.apache.ratis.thirdparty.io.grpc.stub.ServerCalls$StreamingServerCallHandler$StreamingServerCallListener.onCancel(ServerCalls.java:269)
	at org.apache.ratis.thirdparty.io.grpc.internal.ServerCallImpl$ServerStreamListenerImpl.closed(ServerCallImpl.java:293)
	at org.apache.ratis.thirdparty.io.grpc.internal.ServerImpl$JumpToApplicationThreadServerStreamListener$1Closed.runInContext(ServerImpl.java:741)
	at org.apache.ratis.thirdparty.io.grpc.internal.ContextRunnable.run(ContextRunnable.java:37)
	at org.apache.ratis.thirdparty.io.grpc.internal.SerializingExecutor.run(SerializingExecutor.java:123)
	at java.util.concurrent.ThreadPoolExecutor.runWorker(ThreadPoolExecutor.java:1149)
	at java.util.concurrent.ThreadPoolExecutor$Worker.run(ThreadPoolExecutor.java:624)
	at java.lang.Thread.run(Thread.java:748)

Oct 20, 2019 1:11:29 PM org.apache.ratis.thirdparty.io.grpc.internal.SerializingExecutor run
SEVERE: Exception while executing runnable org.apache.ratis.thirdparty.io.grpc.internal.ClientCallImpl$ClientStreamListenerImpl$1StreamClosed@51a24562
java.lang.NullPointerException
	at org.apache.ratis.grpc.server.GrpcLogAppender$AppendLogResponseHandler.onError(GrpcLogAppender.java:303)
	at org.apache.ratis.thirdparty.io.grpc.stub.ClientCalls$StreamObserverToCallListenerAdapter.onClose(ClientCalls.java:434)
	at org.apache.ratis.thirdparty.io.grpc.PartialForwardingClientCallListener.onClose(PartialForwardingClientCallListener.java:39)
	at org.apache.ratis.thirdparty.io.grpc.ForwardingClientCallListener.onClose(ForwardingClientCallListener.java:23)
	at org.apache.ratis.thirdparty.io.grpc.ForwardingClientCallListener$SimpleForwardingClientCallListener.onClose(ForwardingClientCallListener.java:40)
	at org.apache.ratis.thirdparty.io.grpc.internal.CensusStatsModule$StatsClientInterceptor$1$1.onClose(CensusStatsModule.java:678)
	at org.apache.ratis.thirdparty.io.grpc.PartialForwardingClientCallListener.onClose(PartialForwardingClientCallListener.java:39)
	at org.apache.ratis.thirdparty.io.grpc.ForwardingClientCallListener.onClose(ForwardingClientCallListener.java:23)
	at org.apache.ratis.thirdparty.io.grpc.ForwardingClientCallListener$SimpleForwardingClientCallListener.onClose(ForwardingClientCallListener.java:40)
	at org.apache.ratis.thirdparty.io.grpc.internal.CensusTracingModule$TracingClientInterceptor$1$1.onClose(CensusTracingModule.java:397)
	at org.apache.ratis.thirdparty.io.grpc.internal.ClientCallImpl.closeObserver(ClientCallImpl.java:459)
	at org.apache.ratis.thirdparty.io.grpc.internal.ClientCallImpl.access$300(ClientCallImpl.java:63)
	at org.apache.ratis.thirdparty.io.grpc.internal.ClientCallImpl$ClientStreamListenerImpl.close(ClientCallImpl.java:546)
	at org.apache.ratis.thirdparty.io.grpc.internal.ClientCallImpl$ClientStreamListenerImpl.access$600(ClientCallImpl.java:467)
	at org.apache.ratis.thirdparty.io.grpc.internal.ClientCallImpl$ClientStreamListenerImpl$1StreamClosed.runInContext(ClientCallImpl.java:584)
	at org.apache.ratis.thirdparty.io.grpc.internal.ContextRunnable.run(ContextRunnable.java:37)
	at org.apache.ratis.thirdparty.io.grpc.internal.SerializingExecutor.run(SerializingExecutor.java:123)
	at java.util.concurrent.ThreadPoolExecutor.runWorker(ThreadPoolExecutor.java:1149)
	at java.util.concurrent.ThreadPoolExecutor$Worker.run(ThreadPoolExecutor.java:624)
	at java.lang.Thread.run(Thread.java:748)

Oct 20, 2019 1:11:29 PM org.apache.ratis.thirdparty.io.grpc.internal.SerializingExecutor run
SEVERE: Exception while executing runnable org.apache.ratis.thirdparty.io.grpc.internal.ClientCallImpl$ClientStreamListenerImpl$1StreamClosed@4d9d6eab
java.lang.NullPointerException
	at org.apache.ratis.grpc.server.GrpcLogAppender$AppendLogResponseHandler.onError(GrpcLogAppender.java:303)
	at org.apache.ratis.thirdparty.io.grpc.stub.ClientCalls$StreamObserverToCallListenerAdapter.onClose(ClientCalls.java:434)
	at org.apache.ratis.thirdparty.io.grpc.PartialForwardingClientCallListener.onClose(PartialForwardingClientCallListener.java:39)
	at org.apache.ratis.thirdparty.io.grpc.ForwardingClientCallListener.onClose(ForwardingClientCallListener.java:23)
	at org.apache.ratis.thirdparty.io.grpc.ForwardingClientCallListener$SimpleForwardingClientCallListener.onClose(ForwardingClientCallListener.java:40)
	at org.apache.ratis.thirdparty.io.grpc.internal.CensusStatsModule$StatsClientInterceptor$1$1.onClose(CensusStatsModule.java:678)
	at org.apache.ratis.thirdparty.io.grpc.PartialForwardingClientCallListener.onClose(PartialForwardingClientCallListener.java:39)
	at org.apache.ratis.thirdparty.io.grpc.ForwardingClientCallListener.onClose(ForwardingClientCallListener.java:23)
	at org.apache.ratis.thirdparty.io.grpc.ForwardingClientCallListener$SimpleForwardingClientCallListener.onClose(ForwardingClientCallListener.java:40)
	at org.apache.ratis.thirdparty.io.grpc.internal.CensusTracingModule$TracingClientInterceptor$1$1.onClose(CensusTracingModule.java:397)
	at org.apache.ratis.thirdparty.io.grpc.internal.ClientCallImpl.closeObserver(ClientCallImpl.java:459)
	at org.apache.ratis.thirdparty.io.grpc.internal.ClientCallImpl.access$300(ClientCallImpl.java:63)
	at org.apache.ratis.thirdparty.io.grpc.internal.ClientCallImpl$ClientStreamListenerImpl.close(ClientCallImpl.java:546)
	at org.apache.ratis.thirdparty.io.grpc.internal.ClientCallImpl$ClientStreamListenerImpl.access$600(ClientCallImpl.java:467)
	at org.apache.ratis.thirdparty.io.grpc.internal.ClientCallImpl$ClientStreamListenerImpl$1StreamClosed.runInContext(ClientCallImpl.java:584)
	at org.apache.ratis.thirdparty.io.grpc.internal.ContextRunnable.run(ContextRunnable.java:37)
	at org.apache.ratis.thirdparty.io.grpc.internal.SerializingExecutor.run(SerializingExecutor.java:123)
	at java.util.concurrent.ThreadPoolExecutor.runWorker(ThreadPoolExecutor.java:1149)
	at java.util.concurrent.ThreadPoolExecutor$Worker.run(ThreadPoolExecutor.java:624)
	at java.lang.Thread.run(Thread.java:748)

Oct 20, 2019 1:11:29 PM org.apache.ratis.thirdparty.io.grpc.internal.SerializingExecutor run
SEVERE: Exception while executing runnable org.apache.ratis.thirdparty.io.grpc.internal.ServerImpl$JumpToApplicationThreadServerStreamListener$1Closed@204708c0
org.apache.ratis.thirdparty.io.grpc.StatusRuntimeException: CANCELLED: call already cancelled
	at org.apache.ratis.thirdparty.io.grpc.Status.asRuntimeException(Status.java:517)
	at org.apache.ratis.thirdparty.io.grpc.stub.ServerCalls$ServerCallStreamObserverImpl.onCompleted(ServerCalls.java:356)
	at org.apache.ratis.grpc.server.GrpcServerProtocolService$ServerRequestStreamObserver.onError(GrpcServerProtocolService.java:121)
	at org.apache.ratis.thirdparty.io.grpc.stub.ServerCalls$StreamingServerCallHandler$StreamingServerCallListener.onCancel(ServerCalls.java:269)
	at org.apache.ratis.thirdparty.io.grpc.internal.ServerCallImpl$ServerStreamListenerImpl.closed(ServerCallImpl.java:293)
	at org.apache.ratis.thirdparty.io.grpc.internal.ServerImpl$JumpToApplicationThreadServerStreamListener$1Closed.runInContext(ServerImpl.java:741)
	at org.apache.ratis.thirdparty.io.grpc.internal.ContextRunnable.run(ContextRunnable.java:37)
	at org.apache.ratis.thirdparty.io.grpc.internal.SerializingExecutor.run(SerializingExecutor.java:123)
	at java.util.concurrent.ThreadPoolExecutor.runWorker(ThreadPoolExecutor.java:1149)
	at java.util.concurrent.ThreadPoolExecutor$Worker.run(ThreadPoolExecutor.java:624)
	at java.lang.Thread.run(Thread.java:748)

]]></system-err>
  </testcase>
</testsuite>