<?xml version="1.0" encoding="UTF-8"?>
<testsuite xmlns:xsi="http://www.w3.org/2001/XMLSchema-instance" xsi:noNamespaceSchemaLocation="https://maven.apache.org/surefire/maven-surefire-plugin/xsd/surefire-test-report.xsd" name="org.apache.hadoop.ozone.client.rpc.TestBlockOutputStreamWithFailures" time="754.342" tests="8" errors="0" skipped="0" failures="1">
  <properties>
    <property name="awt.toolkit" value="sun.awt.X11.XToolkit"/>
    <property name="file.encoding.pkg" value="sun.io"/>
    <property name="java.specification.version" value="1.8"/>
    <property name="sun.cpu.isalist" value=""/>
    <property name="sun.jnu.encoding" value="UTF-8"/>
    <property name="java.class.path" value="/workdir/hadoop-ozone/integration-test/target/test-classes:/workdir/hadoop-ozone/integration-test/target/classes:/home/user/.m2/repository/org/apache/hadoop/hadoop-ozone-common/0.5.0-SNAPSHOT/hadoop-ozone-common-0.5.0-SNAPSHOT.jar:/home/user/.m2/repository/org/apache/commons/commons-compress/1.4.1/commons-compress-1.4.1.jar:/home/user/.m2/repository/org/tukaani/xz/1.0/xz-1.0.jar:/home/user/.m2/repository/org/apache/hadoop/hadoop-common/3.2.0/hadoop-common-3.2.0.jar:/home/user/.m2/repository/org/apache/hadoop/hadoop-hdfs/3.2.0/hadoop-hdfs-3.2.0.jar:/home/user/.m2/repository/org/apache/hadoop/hadoop-hdfs-client/3.2.0/hadoop-hdfs-client-3.2.0.jar:/home/user/.m2/repository/com/fasterxml/jackson/core/jackson-annotations/2.9.9/jackson-annotations-2.9.9.jar:/home/user/.m2/repository/org/apache/hadoop/hadoop-hdds-common/0.5.0-SNAPSHOT/hadoop-hdds-common-0.5.0-SNAPSHOT.jar:/home/user/.m2/repository/javax/annotation/javax.annotation-api/1.2/javax.annotation-api-1.2.jar:/home/user/.m2/repository/org/apache/ratis/ratis-server/0.4.0/ratis-server-0.4.0.jar:/home/user/.m2/repository/org/apache/ratis/ratis-thirdparty-misc/0.2.0/ratis-thirdparty-misc-0.2.0.jar:/home/user/.m2/repository/org/apache/ratis/ratis-proto/0.4.0/ratis-proto-0.4.0.jar:/home/user/.m2/repository/org/apache/ratis/ratis-common/0.4.0/ratis-common-0.4.0.jar:/home/user/.m2/repository/org/apache/ratis/ratis-client/0.4.0/ratis-client-0.4.0.jar:/home/user/.m2/repository/org/apache/ratis/ratis-metrics/0.4.0/ratis-metrics-0.4.0.jar:/home/user/.m2/repository/com/github/joshelser/dropwizard-metrics-hadoop-metrics2-reporter/0.1.2/dropwizard-metrics-hadoop-metrics2-reporter-0.1.2.jar:/home/user/.m2/repository/io/dropwizard/metrics/metrics-jvm/3.2.5/metrics-jvm-3.2.5.jar:/home/user/.m2/repository/io/dropwizard/metrics/metrics-ganglia/3.2.5/metrics-ganglia-3.2.5.jar:/home/user/.m2/repository/info/ganglia/gmetric4j/gmetric4j/1.0.7/gmetric4j-1.0.7.jar:/home/user/.m2/repository/org/apache/ratis/ratis-netty/0.4.0/ratis-netty-0.4.0.jar:/home/user/.m2/repository/org/apache/ratis/ratis-grpc/0.4.0/ratis-grpc-0.4.0.jar:/home/user/.m2/repository/org/rocksdb/rocksdbjni/6.0.1/rocksdbjni-6.0.1.jar:/home/user/.m2/repository/org/apache/logging/log4j/log4j-api/2.11.0/log4j-api-2.11.0.jar:/home/user/.m2/repository/org/apache/logging/log4j/log4j-core/2.11.0/log4j-core-2.11.0.jar:/home/user/.m2/repository/com/lmax/disruptor/3.4.2/disruptor-3.4.2.jar:/home/user/.m2/repository/org/apache/commons/commons-pool2/2.6.0/commons-pool2-2.6.0.jar:/home/user/.m2/repository/org/bouncycastle/bcpkix-jdk15on/1.60/bcpkix-jdk15on-1.60.jar:/home/user/.m2/repository/commons-validator/commons-validator/1.6/commons-validator-1.6.jar:/home/user/.m2/repository/commons-digester/commons-digester/1.8.1/commons-digester-1.8.1.jar:/home/user/.m2/repository/io/jaegertracing/jaeger-client/0.34.0/jaeger-client-0.34.0.jar:/home/user/.m2/repository/io/jaegertracing/jaeger-thrift/0.34.0/jaeger-thrift-0.34.0.jar:/home/user/.m2/repository/org/apache/thrift/libthrift/0.12.0/libthrift-0.12.0.jar:/home/user/.m2/repository/com/squareup/okhttp3/okhttp/3.9.0/okhttp-3.9.0.jar:/home/user/.m2/repository/com/squareup/okio/okio/1.13.0/okio-1.13.0.jar:/home/user/.m2/repository/io/jaegertracing/jaeger-core/0.34.0/jaeger-core-0.34.0.jar:/home/user/.m2/repository/io/jaegertracing/jaeger-tracerresolver/0.34.0/jaeger-tracerresolver-0.34.0.jar:/home/user/.m2/repository/io/opentracing/contrib/opentracing-tracerresolver/0.1.5/opentracing-tracerresolver-0.1.5.jar:/home/user/.m2/repository/io/opentracing/opentracing-util/0.31.0/opentracing-util-0.31.0.jar:/home/user/.m2/repository/io/opentracing/opentracing-api/0.31.0/opentracing-api-0.31.0.jar:/home/user/.m2/repository/io/opentracing/opentracing-noop/0.31.0/opentracing-noop-0.31.0.jar:/home/user/.m2/repository/org/apache/hadoop/hadoop-hdds-server-framework/0.5.0-SNAPSHOT/hadoop-hdds-server-framework-0.5.0-SNAPSHOT.jar:/home/user/.m2/repository/org/apache/hadoop/hadoop-hdds-container-service/0.5.0-SNAPSHOT/hadoop-hdds-container-service-0.5.0-SNAPSHOT.jar:/home/user/.m2/repository/org/apache/hadoop/hadoop-hdds-client/0.5.0-SNAPSHOT/hadoop-hdds-client-0.5.0-SNAPSHOT.jar:/home/user/.m2/repository/org/apache/hadoop/hadoop-hdds-tools/0.5.0-SNAPSHOT/hadoop-hdds-tools-0.5.0-SNAPSHOT.jar:/home/user/.m2/repository/org/apache/hadoop/hadoop-hdds-server-scm/0.5.0-SNAPSHOT/hadoop-hdds-server-scm-0.5.0-SNAPSHOT.jar:/home/user/.m2/repository/org/apache/hadoop/hadoop-hdds-docs/0.5.0-SNAPSHOT/hadoop-hdds-docs-0.5.0-SNAPSHOT.jar:/home/user/.m2/repository/io/dropwizard/metrics/metrics-core/3.2.4/metrics-core-3.2.4.jar:/home/user/.m2/repository/org/hamcrest/hamcrest-all/1.3/hamcrest-all-1.3.jar:/home/user/.m2/repository/org/bouncycastle/bcprov-jdk15on/1.60/bcprov-jdk15on-1.60.jar:/home/user/.m2/repository/info/picocli/picocli/3.9.6/picocli-3.9.6.jar:/home/user/.m2/repository/com/google/protobuf/protobuf-java/2.5.0/protobuf-java-2.5.0.jar:/home/user/.m2/repository/com/google/guava/guava/11.0.2/guava-11.0.2.jar:/home/user/.m2/repository/org/apache/hadoop/hadoop-ozone-ozone-manager/0.5.0-SNAPSHOT/hadoop-ozone-ozone-manager-0.5.0-SNAPSHOT.jar:/home/user/.m2/repository/org/apache/hadoop/hadoop-minikdc/3.2.0/hadoop-minikdc-3.2.0.jar:/home/user/.m2/repository/commons-io/commons-io/2.5/commons-io-2.5.jar:/home/user/.m2/repository/org/apache/kerby/kerb-simplekdc/1.0.1/kerb-simplekdc-1.0.1.jar:/home/user/.m2/repository/org/apache/kerby/kerb-client/1.0.1/kerb-client-1.0.1.jar:/home/user/.m2/repository/org/apache/kerby/kerby-config/1.0.1/kerby-config-1.0.1.jar:/home/user/.m2/repository/org/apache/kerby/kerb-core/1.0.1/kerb-core-1.0.1.jar:/home/user/.m2/repository/org/apache/kerby/kerby-pkix/1.0.1/kerby-pkix-1.0.1.jar:/home/user/.m2/repository/org/apache/kerby/kerby-asn1/1.0.1/kerby-asn1-1.0.1.jar:/home/user/.m2/repository/org/apache/kerby/kerby-util/1.0.1/kerby-util-1.0.1.jar:/home/user/.m2/repository/org/apache/kerby/kerb-common/1.0.1/kerb-common-1.0.1.jar:/home/user/.m2/repository/org/apache/kerby/kerb-crypto/1.0.1/kerb-crypto-1.0.1.jar:/home/user/.m2/repository/org/apache/kerby/kerb-util/1.0.1/kerb-util-1.0.1.jar:/home/user/.m2/repository/org/apache/kerby/token-provider/1.0.1/token-provider-1.0.1.jar:/home/user/.m2/repository/org/apache/kerby/kerb-admin/1.0.1/kerb-admin-1.0.1.jar:/home/user/.m2/repository/org/apache/kerby/kerb-server/1.0.1/kerb-server-1.0.1.jar:/home/user/.m2/repository/org/apache/kerby/kerb-identity/1.0.1/kerb-identity-1.0.1.jar:/home/user/.m2/repository/org/apache/kerby/kerby-xdr/1.0.1/kerby-xdr-1.0.1.jar:/home/user/.m2/repository/org/slf4j/slf4j-log4j12/1.7.25/slf4j-log4j12-1.7.25.jar:/home/user/.m2/repository/org/apache/hadoop/hadoop-ozone-s3gateway/0.5.0-SNAPSHOT/hadoop-ozone-s3gateway-0.5.0-SNAPSHOT.jar:/home/user/.m2/repository/org/jboss/weld/servlet/weld-servlet/2.4.7.Final/weld-servlet-2.4.7.Final.jar:/home/user/.m2/repository/org/glassfish/jersey/containers/jersey-container-servlet-core/2.27/jersey-container-servlet-core-2.27.jar:/home/user/.m2/repository/org/glassfish/hk2/external/javax.inject/2.5.0-b42/javax.inject-2.5.0-b42.jar:/home/user/.m2/repository/org/glassfish/jersey/core/jersey-common/2.27/jersey-common-2.27.jar:/home/user/.m2/repository/org/glassfish/hk2/osgi-resource-locator/1.0.1/osgi-resource-locator-1.0.1.jar:/home/user/.m2/repository/javax/ws/rs/javax.ws.rs-api/2.1/javax.ws.rs-api-2.1.jar:/home/user/.m2/repository/org/glassfish/jersey/ext/cdi/jersey-cdi1x/2.27/jersey-cdi1x-2.27.jar:/home/user/.m2/repository/org/glassfish/jersey/inject/jersey-hk2/2.27/jersey-hk2-2.27.jar:/home/user/.m2/repository/org/glassfish/hk2/hk2-locator/2.5.0-b42/hk2-locator-2.5.0-b42.jar:/home/user/.m2/repository/org/javassist/javassist/3.22.0-CR2/javassist-3.22.0-CR2.jar:/home/user/.m2/repository/org/glassfish/hk2/hk2-api/2.5.0/hk2-api-2.5.0.jar:/home/user/.m2/repository/org/glassfish/hk2/external/jakarta.inject/2.5.0/jakarta.inject-2.5.0.jar:/home/user/.m2/repository/org/glassfish/hk2/hk2-utils/2.5.0/hk2-utils-2.5.0.jar:/home/user/.m2/repository/jakarta/annotation/jakarta.annotation-api/1.3.4/jakarta.annotation-api-1.3.4.jar:/home/user/.m2/repository/org/glassfish/hk2/external/aopalliance-repackaged/2.5.0/aopalliance-repackaged-2.5.0.jar:/home/user/.m2/repository/com/fasterxml/jackson/dataformat/jackson-dataformat-xml/2.9.0/jackson-dataformat-xml-2.9.0.jar:/home/user/.m2/repository/com/fasterxml/jackson/core/jackson-core/2.9.9/jackson-core-2.9.9.jar:/home/user/.m2/repository/com/fasterxml/jackson/module/jackson-module-jaxb-annotations/2.9.9/jackson-module-jaxb-annotations-2.9.9.jar:/home/user/.m2/repository/javax/enterprise/cdi-api/1.2/cdi-api-1.2.jar:/home/user/.m2/repository/javax/el/javax.el-api/3.0.0/javax.el-api-3.0.0.jar:/home/user/.m2/repository/javax/interceptor/javax.interceptor-api/1.2/javax.interceptor-api-1.2.jar:/home/user/.m2/repository/javax/inject/javax.inject/1/javax.inject-1.jar:/home/user/.m2/repository/com/sun/xml/bind/jaxb-impl/2.3.0.1/jaxb-impl-2.3.0.1.jar:/home/user/.m2/repository/com/sun/xml/bind/jaxb-core/2.3.0.1/jaxb-core-2.3.0.1.jar:/home/user/.m2/repository/javax/xml/bind/jaxb-api/2.3.0/jaxb-api-2.3.0.jar:/home/user/.m2/repository/javax/activation/activation/1.1.1/activation-1.1.1.jar:/home/user/.m2/repository/org/apache/hadoop/hadoop-ozone-csi/0.5.0-SNAPSHOT/hadoop-ozone-csi-0.5.0-SNAPSHOT.jar:/home/user/.m2/repository/com/google/protobuf/protobuf-java-util/3.5.1/protobuf-java-util-3.5.1.jar:/home/user/.m2/repository/org/apache/hadoop/hadoop-hdds-config/0.5.0-SNAPSHOT/hadoop-hdds-config-0.5.0-SNAPSHOT.jar:/home/user/.m2/repository/io/grpc/grpc-netty/1.17.1/grpc-netty-1.17.1.jar:/home/user/.m2/repository/io/grpc/grpc-core/1.17.1/grpc-core-1.17.1.jar:/home/user/.m2/repository/io/grpc/grpc-context/1.17.1/grpc-context-1.17.1.jar:/home/user/.m2/repository/com/google/errorprone/error_prone_annotations/2.2.0/error_prone_annotations-2.2.0.jar:/home/user/.m2/repository/org/codehaus/mojo/animal-sniffer-annotations/1.17/animal-sniffer-annotations-1.17.jar:/home/user/.m2/repository/io/opencensus/opencensus-api/0.17.0/opencensus-api-0.17.0.jar:/home/user/.m2/repository/io/opencensus/opencensus-contrib-grpc-metrics/0.17.0/opencensus-contrib-grpc-metrics-0.17.0.jar:/home/user/.m2/repository/io/netty/netty-codec-http2/4.1.30.Final/netty-codec-http2-4.1.30.Final.jar:/home/user/.m2/repository/io/netty/netty-codec-http/4.1.30.Final/netty-codec-http-4.1.30.Final.jar:/home/user/.m2/repository/io/netty/netty-codec/4.1.30.Final/netty-codec-4.1.30.Final.jar:/home/user/.m2/repository/io/netty/netty-handler/4.1.30.Final/netty-handler-4.1.30.Final.jar:/home/user/.m2/repository/io/netty/netty-handler-proxy/4.1.30.Final/netty-handler-proxy-4.1.30.Final.jar:/home/user/.m2/repository/io/netty/netty-codec-socks/4.1.30.Final/netty-codec-socks-4.1.30.Final.jar:/home/user/.m2/repository/io/netty/netty-transport-native-epoll/4.1.30.Final/netty-transport-native-epoll-4.1.30.Final.jar:/home/user/.m2/repository/io/netty/netty-common/4.1.30.Final/netty-common-4.1.30.Final.jar:/home/user/.m2/repository/io/netty/netty-buffer/4.1.30.Final/netty-buffer-4.1.30.Final.jar:/home/user/.m2/repository/io/netty/netty-transport/4.1.30.Final/netty-transport-4.1.30.Final.jar:/home/user/.m2/repository/io/netty/netty-resolver/4.1.30.Final/netty-resolver-4.1.30.Final.jar:/home/user/.m2/repository/io/netty/netty-transport-native-unix-common/4.1.30.Final/netty-transport-native-unix-common-4.1.30.Final.jar:/home/user/.m2/repository/io/grpc/grpc-protobuf/1.17.1/grpc-protobuf-1.17.1.jar:/home/user/.m2/repository/com/google/api/grpc/proto-google-common-protos/1.0.0/proto-google-common-protos-1.0.0.jar:/home/user/.m2/repository/io/grpc/grpc-protobuf-lite/1.17.1/grpc-protobuf-lite-1.17.1.jar:/home/user/.m2/repository/io/grpc/grpc-stub/1.17.1/grpc-stub-1.17.1.jar:/home/user/.m2/repository/org/apache/hadoop/hadoop-ozone-recon/0.5.0-SNAPSHOT/hadoop-ozone-recon-0.5.0-SNAPSHOT.jar:/home/user/.m2/repository/org/apache/hadoop/hadoop-ozone-reconcodegen/0.5.0-SNAPSHOT/hadoop-ozone-reconcodegen-0.5.0-SNAPSHOT.jar:/home/user/.m2/repository/com/google/inject/extensions/guice-multibindings/4.0/guice-multibindings-4.0.jar:/home/user/.m2/repository/com/google/inject/guice/4.0/guice-4.0.jar:/home/user/.m2/repository/aopalliance/aopalliance/1.0/aopalliance-1.0.jar:/home/user/.m2/repository/com/google/inject/extensions/guice-servlet/4.0/guice-servlet-4.0.jar:/home/user/.m2/repository/org/glassfish/jersey/containers/jersey-container-servlet/2.27/jersey-container-servlet-2.27.jar:/home/user/.m2/repository/org/glassfish/hk2/guice-bridge/2.5.0/guice-bridge-2.5.0.jar:/home/user/.m2/repository/org/glassfish/jersey/core/jersey-server/2.27/jersey-server-2.27.jar:/home/user/.m2/repository/org/glassfish/jersey/core/jersey-client/2.27/jersey-client-2.27.jar:/home/user/.m2/repository/org/glassfish/jersey/media/jersey-media-jaxb/2.27/jersey-media-jaxb-2.27.jar:/home/user/.m2/repository/javax/validation/validation-api/1.1.0.Final/validation-api-1.1.0.Final.jar:/home/user/.m2/repository/org/glassfish/jersey/media/jersey-media-json-jackson/2.27/jersey-media-json-jackson-2.27.jar:/home/user/.m2/repository/org/glassfish/jersey/ext/jersey-entity-filtering/2.27/jersey-entity-filtering-2.27.jar:/home/user/.m2/repository/com/google/inject/extensions/guice-assistedinject/4.0/guice-assistedinject-4.0.jar:/home/user/.m2/repository/org/jooq/jooq/3.11.10/jooq-3.11.10.jar:/home/user/.m2/repository/org/jooq/jooq-meta/3.11.10/jooq-meta-3.11.10.jar:/home/user/.m2/repository/org/jooq/jooq-codegen/3.11.10/jooq-codegen-3.11.10.jar:/home/user/.m2/repository/com/jolbox/bonecp/0.8.0.RELEASE/bonecp-0.8.0.RELEASE.jar:/home/user/.m2/repository/org/xerial/sqlite-jdbc/3.25.2/sqlite-jdbc-3.25.2.jar:/home/user/.m2/repository/org/springframework/spring-jdbc/5.1.3.RELEASE/spring-jdbc-5.1.3.RELEASE.jar:/home/user/.m2/repository/org/springframework/spring-beans/5.1.3.RELEASE/spring-beans-5.1.3.RELEASE.jar:/home/user/.m2/repository/org/springframework/spring-core/5.1.3.RELEASE/spring-core-5.1.3.RELEASE.jar:/home/user/.m2/repository/org/springframework/spring-jcl/5.1.3.RELEASE/spring-jcl-5.1.3.RELEASE.jar:/home/user/.m2/repository/org/springframework/spring-tx/5.1.3.RELEASE/spring-tx-5.1.3.RELEASE.jar:/home/user/.m2/repository/org/apache/hadoop/hadoop-ozone-client/0.5.0-SNAPSHOT/hadoop-ozone-client-0.5.0-SNAPSHOT.jar:/home/user/.m2/repository/commons-lang/commons-lang/2.6/commons-lang-2.6.jar:/home/user/.m2/repository/org/apache/hadoop/hadoop-ozone-ozone-manager/0.5.0-SNAPSHOT/hadoop-ozone-ozone-manager-0.5.0-SNAPSHOT-tests.jar:/home/user/.m2/repository/junit/junit/4.11/junit-4.11.jar:/home/user/.m2/repository/org/hamcrest/hamcrest-core/1.3/hamcrest-core-1.3.jar:/home/user/.m2/repository/org/openjdk/jmh/jmh-core/1.19/jmh-core-1.19.jar:/home/user/.m2/repository/net/sf/jopt-simple/jopt-simple/4.6/jopt-simple-4.6.jar:/home/user/.m2/repository/org/apache/commons/commons-math3/3.1.1/commons-math3-3.1.1.jar:/home/user/.m2/repository/org/openjdk/jmh/jmh-generator-annprocess/1.19/jmh-generator-annprocess-1.19.jar:/home/user/.m2/repository/org/mockito/mockito-all/1.8.5/mockito-all-1.8.5.jar:/home/user/.m2/repository/org/apache/hadoop/hadoop-kms/3.2.0/hadoop-kms-3.2.0.jar:/home/user/.m2/repository/org/apache/hadoop/hadoop-auth/3.2.0/hadoop-auth-3.2.0.jar:/home/user/.m2/repository/com/nimbusds/nimbus-jose-jwt/4.41.1/nimbus-jose-jwt-4.41.1.jar:/home/user/.m2/repository/com/github/stephenc/jcip/jcip-annotations/1.0-1/jcip-annotations-1.0-1.jar:/home/user/.m2/repository/net/minidev/json-smart/2.3/json-smart-2.3.jar:/home/user/.m2/repository/net/minidev/accessors-smart/1.2/accessors-smart-1.2.jar:/home/user/.m2/repository/org/ow2/asm/asm/5.0.4/asm-5.0.4.jar:/home/user/.m2/repository/org/apache/curator/curator-framework/2.12.0/curator-framework-2.12.0.jar:/home/user/.m2/repository/com/sun/jersey/jersey-core/1.19/jersey-core-1.19.jar:/home/user/.m2/repository/javax/ws/rs/jsr311-api/1.1.1/jsr311-api-1.1.1.jar:/home/user/.m2/repository/com/sun/jersey/jersey-server/1.19/jersey-server-1.19.jar:/home/user/.m2/repository/javax/servlet/javax.servlet-api/3.1.0/javax.servlet-api-3.1.0.jar:/home/user/.m2/repository/org/eclipse/jetty/jetty-server/9.3.25.v20180904/jetty-server-9.3.25.v20180904.jar:/home/user/.m2/repository/org/eclipse/jetty/jetty-http/9.3.25.v20180904/jetty-http-9.3.25.v20180904.jar:/home/user/.m2/repository/org/eclipse/jetty/jetty-io/9.3.25.v20180904/jetty-io-9.3.25.v20180904.jar:/home/user/.m2/repository/org/eclipse/jetty/jetty-webapp/9.3.25.v20180904/jetty-webapp-9.3.25.v20180904.jar:/home/user/.m2/repository/org/eclipse/jetty/jetty-xml/9.3.25.v20180904/jetty-xml-9.3.25.v20180904.jar:/home/user/.m2/repository/log4j/log4j/1.2.17/log4j-1.2.17.jar:/home/user/.m2/repository/org/slf4j/slf4j-api/1.7.25/slf4j-api-1.7.25.jar:/home/user/.m2/repository/org/slf4j/jul-to-slf4j/1.7.25/jul-to-slf4j-1.7.25.jar:/home/user/.m2/repository/org/eclipse/jetty/jetty-util/9.3.25.v20180904/jetty-util-9.3.25.v20180904.jar:/home/user/.m2/repository/com/fasterxml/jackson/core/jackson-databind/2.9.9/jackson-databind-2.9.9.jar:/home/user/.m2/repository/org/apache/hadoop/hadoop-kms/3.2.0/hadoop-kms-3.2.0-tests.jar:/home/user/.m2/repository/org/apache/hadoop/hadoop-hdds-server-scm/0.5.0-SNAPSHOT/hadoop-hdds-server-scm-0.5.0-SNAPSHOT-tests.jar:/home/user/.m2/repository/org/apache/hadoop/hadoop-hdds-container-service/0.5.0-SNAPSHOT/hadoop-hdds-container-service-0.5.0-SNAPSHOT-tests.jar:/home/user/.m2/repository/org/yaml/snakeyaml/1.16/snakeyaml-1.16.jar:/home/user/.m2/repository/org/apache/hadoop/hadoop-common/3.2.0/hadoop-common-3.2.0-tests.jar:/home/user/.m2/repository/org/apache/hadoop/hadoop-annotations/3.2.0/hadoop-annotations-3.2.0.jar:/usr/lib/jvm/java-1.8-openjdk/jre/../lib/tools.jar:/home/user/.m2/repository/commons-cli/commons-cli/1.2/commons-cli-1.2.jar:/home/user/.m2/repository/org/apache/httpcomponents/httpclient/4.5.2/httpclient-4.5.2.jar:/home/user/.m2/repository/org/apache/httpcomponents/httpcore/4.4.4/httpcore-4.4.4.jar:/home/user/.m2/repository/commons-codec/commons-codec/1.11/commons-codec-1.11.jar:/home/user/.m2/repository/commons-net/commons-net/3.6/commons-net-3.6.jar:/home/user/.m2/repository/commons-collections/commons-collections/3.2.2/commons-collections-3.2.2.jar:/home/user/.m2/repository/org/eclipse/jetty/jetty-servlet/9.3.25.v20180904/jetty-servlet-9.3.25.v20180904.jar:/home/user/.m2/repository/org/eclipse/jetty/jetty-security/9.3.25.v20180904/jetty-security-9.3.25.v20180904.jar:/home/user/.m2/repository/javax/servlet/jsp/jsp-api/2.1/jsp-api-2.1.jar:/home/user/.m2/repository/com/sun/jersey/jersey-servlet/1.19/jersey-servlet-1.19.jar:/home/user/.m2/repository/com/sun/jersey/jersey-json/1.19/jersey-json-1.19.jar:/home/user/.m2/repository/org/codehaus/jettison/jettison/1.1/jettison-1.1.jar:/home/user/.m2/repository/org/codehaus/jackson/jackson-core-asl/1.9.13/jackson-core-asl-1.9.13.jar:/home/user/.m2/repository/org/codehaus/jackson/jackson-mapper-asl/1.9.13/jackson-mapper-asl-1.9.13.jar:/home/user/.m2/repository/org/codehaus/jackson/jackson-jaxrs/1.9.13/jackson-jaxrs-1.9.13.jar:/home/user/.m2/repository/org/codehaus/jackson/jackson-xc/1.9.13/jackson-xc-1.9.13.jar:/home/user/.m2/repository/commons-logging/commons-logging/1.1.3/commons-logging-1.1.3.jar:/home/user/.m2/repository/commons-beanutils/commons-beanutils/1.9.4/commons-beanutils-1.9.4.jar:/home/user/.m2/repository/org/apache/commons/commons-configuration2/2.1.1/commons-configuration2-2.1.1.jar:/home/user/.m2/repository/org/apache/commons/commons-lang3/3.7/commons-lang3-3.7.jar:/home/user/.m2/repository/org/apache/commons/commons-text/1.4/commons-text-1.4.jar:/home/user/.m2/repository/org/apache/avro/avro/1.7.7/avro-1.7.7.jar:/home/user/.m2/repository/com/thoughtworks/paranamer/paranamer/2.3/paranamer-2.3.jar:/home/user/.m2/repository/org/xerial/snappy/snappy-java/1.0.5/snappy-java-1.0.5.jar:/home/user/.m2/repository/com/google/re2j/re2j/1.1/re2j-1.1.jar:/home/user/.m2/repository/com/google/code/gson/gson/2.2.4/gson-2.2.4.jar:/home/user/.m2/repository/com/jcraft/jsch/0.1.54/jsch-0.1.54.jar:/home/user/.m2/repository/org/apache/curator/curator-client/2.12.0/curator-client-2.12.0.jar:/home/user/.m2/repository/org/apache/curator/curator-recipes/2.12.0/curator-recipes-2.12.0.jar:/home/user/.m2/repository/com/google/code/findbugs/jsr305/3.0.0/jsr305-3.0.0.jar:/home/user/.m2/repository/org/apache/htrace/htrace-core4/4.1.0-incubating/htrace-core4-4.1.0-incubating.jar:/home/user/.m2/repository/org/apache/zookeeper/zookeeper/3.4.13/zookeeper-3.4.13.jar:/home/user/.m2/repository/jline/jline/0.9.94/jline-0.9.94.jar:/home/user/.m2/repository/org/apache/yetus/audience-annotations/0.5.0/audience-annotations-0.5.0.jar:/home/user/.m2/repository/org/codehaus/woodstox/stax2-api/3.1.4/stax2-api-3.1.4.jar:/home/user/.m2/repository/com/fasterxml/woodstox/woodstox-core/5.0.3/woodstox-core-5.0.3.jar:/home/user/.m2/repository/dnsjava/dnsjava/2.1.7/dnsjava-2.1.7.jar:/home/user/.m2/repository/org/apache/hadoop/hadoop-hdfs/3.2.0/hadoop-hdfs-3.2.0-tests.jar:/home/user/.m2/repository/org/eclipse/jetty/jetty-util-ajax/9.3.25.v20180904/jetty-util-ajax-9.3.25.v20180904.jar:/home/user/.m2/repository/commons-daemon/commons-daemon/1.0.13/commons-daemon-1.0.13.jar:/home/user/.m2/repository/io/netty/netty/3.10.5.Final/netty-3.10.5.Final.jar:/home/user/.m2/repository/io/netty/netty-all/4.0.52.Final/netty-all-4.0.52.Final.jar:/home/user/.m2/repository/org/fusesource/leveldbjni/leveldbjni-all/1.8/leveldbjni-all-1.8.jar:"/>
    <property name="java.vm.vendor" value="IcedTea"/>
    <property name="sun.arch.data.model" value="64"/>
    <property name="test.build.dir" value="/workdir/hadoop-ozone/integration-test/target/test-dir"/>
    <property name="test.cache.data" value=""/>
    <property name="java.vendor.url" value="https://icedtea.classpath.org"/>
    <property name="user.timezone" value=""/>
    <property name="java.vm.specification.version" value="1.8"/>
    <property name="os.name" value="Linux"/>
    <property name="test.build.data" value="/workdir/hadoop-ozone/integration-test/target/test-dir"/>
    <property name="user.country" value="US"/>
    <property name="sun.java.launcher" value="SUN_STANDARD"/>
    <property name="sun.boot.library.path" value="/usr/lib/jvm/java-1.8-openjdk/jre/lib/amd64"/>
    <property name="sun.java.command" value="/workdir/hadoop-ozone/integration-test/target/surefire/surefirebooter6271372301537343017.jar /workdir/hadoop-ozone/integration-test/target/surefire 2019-10-10T12-13-30_573-jvmRun1 surefire6810826638432229129tmp surefire_225726867291534059547tmp"/>
    <property name="test" value="!TestMiniChaosOzoneCluster"/>
    <property name="surefire.test.class.path" value="/workdir/hadoop-ozone/integration-test/target/test-classes:/workdir/hadoop-ozone/integration-test/target/classes:/home/user/.m2/repository/org/apache/hadoop/hadoop-ozone-common/0.5.0-SNAPSHOT/hadoop-ozone-common-0.5.0-SNAPSHOT.jar:/home/user/.m2/repository/org/apache/commons/commons-compress/1.4.1/commons-compress-1.4.1.jar:/home/user/.m2/repository/org/tukaani/xz/1.0/xz-1.0.jar:/home/user/.m2/repository/org/apache/hadoop/hadoop-common/3.2.0/hadoop-common-3.2.0.jar:/home/user/.m2/repository/org/apache/hadoop/hadoop-hdfs/3.2.0/hadoop-hdfs-3.2.0.jar:/home/user/.m2/repository/org/apache/hadoop/hadoop-hdfs-client/3.2.0/hadoop-hdfs-client-3.2.0.jar:/home/user/.m2/repository/com/fasterxml/jackson/core/jackson-annotations/2.9.9/jackson-annotations-2.9.9.jar:/home/user/.m2/repository/org/apache/hadoop/hadoop-hdds-common/0.5.0-SNAPSHOT/hadoop-hdds-common-0.5.0-SNAPSHOT.jar:/home/user/.m2/repository/javax/annotation/javax.annotation-api/1.2/javax.annotation-api-1.2.jar:/home/user/.m2/repository/org/apache/ratis/ratis-server/0.4.0/ratis-server-0.4.0.jar:/home/user/.m2/repository/org/apache/ratis/ratis-thirdparty-misc/0.2.0/ratis-thirdparty-misc-0.2.0.jar:/home/user/.m2/repository/org/apache/ratis/ratis-proto/0.4.0/ratis-proto-0.4.0.jar:/home/user/.m2/repository/org/apache/ratis/ratis-common/0.4.0/ratis-common-0.4.0.jar:/home/user/.m2/repository/org/apache/ratis/ratis-client/0.4.0/ratis-client-0.4.0.jar:/home/user/.m2/repository/org/apache/ratis/ratis-metrics/0.4.0/ratis-metrics-0.4.0.jar:/home/user/.m2/repository/com/github/joshelser/dropwizard-metrics-hadoop-metrics2-reporter/0.1.2/dropwizard-metrics-hadoop-metrics2-reporter-0.1.2.jar:/home/user/.m2/repository/io/dropwizard/metrics/metrics-jvm/3.2.5/metrics-jvm-3.2.5.jar:/home/user/.m2/repository/io/dropwizard/metrics/metrics-ganglia/3.2.5/metrics-ganglia-3.2.5.jar:/home/user/.m2/repository/info/ganglia/gmetric4j/gmetric4j/1.0.7/gmetric4j-1.0.7.jar:/home/user/.m2/repository/org/apache/ratis/ratis-netty/0.4.0/ratis-netty-0.4.0.jar:/home/user/.m2/repository/org/apache/ratis/ratis-grpc/0.4.0/ratis-grpc-0.4.0.jar:/home/user/.m2/repository/org/rocksdb/rocksdbjni/6.0.1/rocksdbjni-6.0.1.jar:/home/user/.m2/repository/org/apache/logging/log4j/log4j-api/2.11.0/log4j-api-2.11.0.jar:/home/user/.m2/repository/org/apache/logging/log4j/log4j-core/2.11.0/log4j-core-2.11.0.jar:/home/user/.m2/repository/com/lmax/disruptor/3.4.2/disruptor-3.4.2.jar:/home/user/.m2/repository/org/apache/commons/commons-pool2/2.6.0/commons-pool2-2.6.0.jar:/home/user/.m2/repository/org/bouncycastle/bcpkix-jdk15on/1.60/bcpkix-jdk15on-1.60.jar:/home/user/.m2/repository/commons-validator/commons-validator/1.6/commons-validator-1.6.jar:/home/user/.m2/repository/commons-digester/commons-digester/1.8.1/commons-digester-1.8.1.jar:/home/user/.m2/repository/io/jaegertracing/jaeger-client/0.34.0/jaeger-client-0.34.0.jar:/home/user/.m2/repository/io/jaegertracing/jaeger-thrift/0.34.0/jaeger-thrift-0.34.0.jar:/home/user/.m2/repository/org/apache/thrift/libthrift/0.12.0/libthrift-0.12.0.jar:/home/user/.m2/repository/com/squareup/okhttp3/okhttp/3.9.0/okhttp-3.9.0.jar:/home/user/.m2/repository/com/squareup/okio/okio/1.13.0/okio-1.13.0.jar:/home/user/.m2/repository/io/jaegertracing/jaeger-core/0.34.0/jaeger-core-0.34.0.jar:/home/user/.m2/repository/io/jaegertracing/jaeger-tracerresolver/0.34.0/jaeger-tracerresolver-0.34.0.jar:/home/user/.m2/repository/io/opentracing/contrib/opentracing-tracerresolver/0.1.5/opentracing-tracerresolver-0.1.5.jar:/home/user/.m2/repository/io/opentracing/opentracing-util/0.31.0/opentracing-util-0.31.0.jar:/home/user/.m2/repository/io/opentracing/opentracing-api/0.31.0/opentracing-api-0.31.0.jar:/home/user/.m2/repository/io/opentracing/opentracing-noop/0.31.0/opentracing-noop-0.31.0.jar:/home/user/.m2/repository/org/apache/hadoop/hadoop-hdds-server-framework/0.5.0-SNAPSHOT/hadoop-hdds-server-framework-0.5.0-SNAPSHOT.jar:/home/user/.m2/repository/org/apache/hadoop/hadoop-hdds-container-service/0.5.0-SNAPSHOT/hadoop-hdds-container-service-0.5.0-SNAPSHOT.jar:/home/user/.m2/repository/org/apache/hadoop/hadoop-hdds-client/0.5.0-SNAPSHOT/hadoop-hdds-client-0.5.0-SNAPSHOT.jar:/home/user/.m2/repository/org/apache/hadoop/hadoop-hdds-tools/0.5.0-SNAPSHOT/hadoop-hdds-tools-0.5.0-SNAPSHOT.jar:/home/user/.m2/repository/org/apache/hadoop/hadoop-hdds-server-scm/0.5.0-SNAPSHOT/hadoop-hdds-server-scm-0.5.0-SNAPSHOT.jar:/home/user/.m2/repository/org/apache/hadoop/hadoop-hdds-docs/0.5.0-SNAPSHOT/hadoop-hdds-docs-0.5.0-SNAPSHOT.jar:/home/user/.m2/repository/io/dropwizard/metrics/metrics-core/3.2.4/metrics-core-3.2.4.jar:/home/user/.m2/repository/org/hamcrest/hamcrest-all/1.3/hamcrest-all-1.3.jar:/home/user/.m2/repository/org/bouncycastle/bcprov-jdk15on/1.60/bcprov-jdk15on-1.60.jar:/home/user/.m2/repository/info/picocli/picocli/3.9.6/picocli-3.9.6.jar:/home/user/.m2/repository/com/google/protobuf/protobuf-java/2.5.0/protobuf-java-2.5.0.jar:/home/user/.m2/repository/com/google/guava/guava/11.0.2/guava-11.0.2.jar:/home/user/.m2/repository/org/apache/hadoop/hadoop-ozone-ozone-manager/0.5.0-SNAPSHOT/hadoop-ozone-ozone-manager-0.5.0-SNAPSHOT.jar:/home/user/.m2/repository/org/apache/hadoop/hadoop-minikdc/3.2.0/hadoop-minikdc-3.2.0.jar:/home/user/.m2/repository/commons-io/commons-io/2.5/commons-io-2.5.jar:/home/user/.m2/repository/org/apache/kerby/kerb-simplekdc/1.0.1/kerb-simplekdc-1.0.1.jar:/home/user/.m2/repository/org/apache/kerby/kerb-client/1.0.1/kerb-client-1.0.1.jar:/home/user/.m2/repository/org/apache/kerby/kerby-config/1.0.1/kerby-config-1.0.1.jar:/home/user/.m2/repository/org/apache/kerby/kerb-core/1.0.1/kerb-core-1.0.1.jar:/home/user/.m2/repository/org/apache/kerby/kerby-pkix/1.0.1/kerby-pkix-1.0.1.jar:/home/user/.m2/repository/org/apache/kerby/kerby-asn1/1.0.1/kerby-asn1-1.0.1.jar:/home/user/.m2/repository/org/apache/kerby/kerby-util/1.0.1/kerby-util-1.0.1.jar:/home/user/.m2/repository/org/apache/kerby/kerb-common/1.0.1/kerb-common-1.0.1.jar:/home/user/.m2/repository/org/apache/kerby/kerb-crypto/1.0.1/kerb-crypto-1.0.1.jar:/home/user/.m2/repository/org/apache/kerby/kerb-util/1.0.1/kerb-util-1.0.1.jar:/home/user/.m2/repository/org/apache/kerby/token-provider/1.0.1/token-provider-1.0.1.jar:/home/user/.m2/repository/org/apache/kerby/kerb-admin/1.0.1/kerb-admin-1.0.1.jar:/home/user/.m2/repository/org/apache/kerby/kerb-server/1.0.1/kerb-server-1.0.1.jar:/home/user/.m2/repository/org/apache/kerby/kerb-identity/1.0.1/kerb-identity-1.0.1.jar:/home/user/.m2/repository/org/apache/kerby/kerby-xdr/1.0.1/kerby-xdr-1.0.1.jar:/home/user/.m2/repository/org/slf4j/slf4j-log4j12/1.7.25/slf4j-log4j12-1.7.25.jar:/home/user/.m2/repository/org/apache/hadoop/hadoop-ozone-s3gateway/0.5.0-SNAPSHOT/hadoop-ozone-s3gateway-0.5.0-SNAPSHOT.jar:/home/user/.m2/repository/org/jboss/weld/servlet/weld-servlet/2.4.7.Final/weld-servlet-2.4.7.Final.jar:/home/user/.m2/repository/org/glassfish/jersey/containers/jersey-container-servlet-core/2.27/jersey-container-servlet-core-2.27.jar:/home/user/.m2/repository/org/glassfish/hk2/external/javax.inject/2.5.0-b42/javax.inject-2.5.0-b42.jar:/home/user/.m2/repository/org/glassfish/jersey/core/jersey-common/2.27/jersey-common-2.27.jar:/home/user/.m2/repository/org/glassfish/hk2/osgi-resource-locator/1.0.1/osgi-resource-locator-1.0.1.jar:/home/user/.m2/repository/javax/ws/rs/javax.ws.rs-api/2.1/javax.ws.rs-api-2.1.jar:/home/user/.m2/repository/org/glassfish/jersey/ext/cdi/jersey-cdi1x/2.27/jersey-cdi1x-2.27.jar:/home/user/.m2/repository/org/glassfish/jersey/inject/jersey-hk2/2.27/jersey-hk2-2.27.jar:/home/user/.m2/repository/org/glassfish/hk2/hk2-locator/2.5.0-b42/hk2-locator-2.5.0-b42.jar:/home/user/.m2/repository/org/javassist/javassist/3.22.0-CR2/javassist-3.22.0-CR2.jar:/home/user/.m2/repository/org/glassfish/hk2/hk2-api/2.5.0/hk2-api-2.5.0.jar:/home/user/.m2/repository/org/glassfish/hk2/external/jakarta.inject/2.5.0/jakarta.inject-2.5.0.jar:/home/user/.m2/repository/org/glassfish/hk2/hk2-utils/2.5.0/hk2-utils-2.5.0.jar:/home/user/.m2/repository/jakarta/annotation/jakarta.annotation-api/1.3.4/jakarta.annotation-api-1.3.4.jar:/home/user/.m2/repository/org/glassfish/hk2/external/aopalliance-repackaged/2.5.0/aopalliance-repackaged-2.5.0.jar:/home/user/.m2/repository/com/fasterxml/jackson/dataformat/jackson-dataformat-xml/2.9.0/jackson-dataformat-xml-2.9.0.jar:/home/user/.m2/repository/com/fasterxml/jackson/core/jackson-core/2.9.9/jackson-core-2.9.9.jar:/home/user/.m2/repository/com/fasterxml/jackson/module/jackson-module-jaxb-annotations/2.9.9/jackson-module-jaxb-annotations-2.9.9.jar:/home/user/.m2/repository/javax/enterprise/cdi-api/1.2/cdi-api-1.2.jar:/home/user/.m2/repository/javax/el/javax.el-api/3.0.0/javax.el-api-3.0.0.jar:/home/user/.m2/repository/javax/interceptor/javax.interceptor-api/1.2/javax.interceptor-api-1.2.jar:/home/user/.m2/repository/javax/inject/javax.inject/1/javax.inject-1.jar:/home/user/.m2/repository/com/sun/xml/bind/jaxb-impl/2.3.0.1/jaxb-impl-2.3.0.1.jar:/home/user/.m2/repository/com/sun/xml/bind/jaxb-core/2.3.0.1/jaxb-core-2.3.0.1.jar:/home/user/.m2/repository/javax/xml/bind/jaxb-api/2.3.0/jaxb-api-2.3.0.jar:/home/user/.m2/repository/javax/activation/activation/1.1.1/activation-1.1.1.jar:/home/user/.m2/repository/org/apache/hadoop/hadoop-ozone-csi/0.5.0-SNAPSHOT/hadoop-ozone-csi-0.5.0-SNAPSHOT.jar:/home/user/.m2/repository/com/google/protobuf/protobuf-java-util/3.5.1/protobuf-java-util-3.5.1.jar:/home/user/.m2/repository/org/apache/hadoop/hadoop-hdds-config/0.5.0-SNAPSHOT/hadoop-hdds-config-0.5.0-SNAPSHOT.jar:/home/user/.m2/repository/io/grpc/grpc-netty/1.17.1/grpc-netty-1.17.1.jar:/home/user/.m2/repository/io/grpc/grpc-core/1.17.1/grpc-core-1.17.1.jar:/home/user/.m2/repository/io/grpc/grpc-context/1.17.1/grpc-context-1.17.1.jar:/home/user/.m2/repository/com/google/errorprone/error_prone_annotations/2.2.0/error_prone_annotations-2.2.0.jar:/home/user/.m2/repository/org/codehaus/mojo/animal-sniffer-annotations/1.17/animal-sniffer-annotations-1.17.jar:/home/user/.m2/repository/io/opencensus/opencensus-api/0.17.0/opencensus-api-0.17.0.jar:/home/user/.m2/repository/io/opencensus/opencensus-contrib-grpc-metrics/0.17.0/opencensus-contrib-grpc-metrics-0.17.0.jar:/home/user/.m2/repository/io/netty/netty-codec-http2/4.1.30.Final/netty-codec-http2-4.1.30.Final.jar:/home/user/.m2/repository/io/netty/netty-codec-http/4.1.30.Final/netty-codec-http-4.1.30.Final.jar:/home/user/.m2/repository/io/netty/netty-codec/4.1.30.Final/netty-codec-4.1.30.Final.jar:/home/user/.m2/repository/io/netty/netty-handler/4.1.30.Final/netty-handler-4.1.30.Final.jar:/home/user/.m2/repository/io/netty/netty-handler-proxy/4.1.30.Final/netty-handler-proxy-4.1.30.Final.jar:/home/user/.m2/repository/io/netty/netty-codec-socks/4.1.30.Final/netty-codec-socks-4.1.30.Final.jar:/home/user/.m2/repository/io/netty/netty-transport-native-epoll/4.1.30.Final/netty-transport-native-epoll-4.1.30.Final.jar:/home/user/.m2/repository/io/netty/netty-common/4.1.30.Final/netty-common-4.1.30.Final.jar:/home/user/.m2/repository/io/netty/netty-buffer/4.1.30.Final/netty-buffer-4.1.30.Final.jar:/home/user/.m2/repository/io/netty/netty-transport/4.1.30.Final/netty-transport-4.1.30.Final.jar:/home/user/.m2/repository/io/netty/netty-resolver/4.1.30.Final/netty-resolver-4.1.30.Final.jar:/home/user/.m2/repository/io/netty/netty-transport-native-unix-common/4.1.30.Final/netty-transport-native-unix-common-4.1.30.Final.jar:/home/user/.m2/repository/io/grpc/grpc-protobuf/1.17.1/grpc-protobuf-1.17.1.jar:/home/user/.m2/repository/com/google/api/grpc/proto-google-common-protos/1.0.0/proto-google-common-protos-1.0.0.jar:/home/user/.m2/repository/io/grpc/grpc-protobuf-lite/1.17.1/grpc-protobuf-lite-1.17.1.jar:/home/user/.m2/repository/io/grpc/grpc-stub/1.17.1/grpc-stub-1.17.1.jar:/home/user/.m2/repository/org/apache/hadoop/hadoop-ozone-recon/0.5.0-SNAPSHOT/hadoop-ozone-recon-0.5.0-SNAPSHOT.jar:/home/user/.m2/repository/org/apache/hadoop/hadoop-ozone-reconcodegen/0.5.0-SNAPSHOT/hadoop-ozone-reconcodegen-0.5.0-SNAPSHOT.jar:/home/user/.m2/repository/com/google/inject/extensions/guice-multibindings/4.0/guice-multibindings-4.0.jar:/home/user/.m2/repository/com/google/inject/guice/4.0/guice-4.0.jar:/home/user/.m2/repository/aopalliance/aopalliance/1.0/aopalliance-1.0.jar:/home/user/.m2/repository/com/google/inject/extensions/guice-servlet/4.0/guice-servlet-4.0.jar:/home/user/.m2/repository/org/glassfish/jersey/containers/jersey-container-servlet/2.27/jersey-container-servlet-2.27.jar:/home/user/.m2/repository/org/glassfish/hk2/guice-bridge/2.5.0/guice-bridge-2.5.0.jar:/home/user/.m2/repository/org/glassfish/jersey/core/jersey-server/2.27/jersey-server-2.27.jar:/home/user/.m2/repository/org/glassfish/jersey/core/jersey-client/2.27/jersey-client-2.27.jar:/home/user/.m2/repository/org/glassfish/jersey/media/jersey-media-jaxb/2.27/jersey-media-jaxb-2.27.jar:/home/user/.m2/repository/javax/validation/validation-api/1.1.0.Final/validation-api-1.1.0.Final.jar:/home/user/.m2/repository/org/glassfish/jersey/media/jersey-media-json-jackson/2.27/jersey-media-json-jackson-2.27.jar:/home/user/.m2/repository/org/glassfish/jersey/ext/jersey-entity-filtering/2.27/jersey-entity-filtering-2.27.jar:/home/user/.m2/repository/com/google/inject/extensions/guice-assistedinject/4.0/guice-assistedinject-4.0.jar:/home/user/.m2/repository/org/jooq/jooq/3.11.10/jooq-3.11.10.jar:/home/user/.m2/repository/org/jooq/jooq-meta/3.11.10/jooq-meta-3.11.10.jar:/home/user/.m2/repository/org/jooq/jooq-codegen/3.11.10/jooq-codegen-3.11.10.jar:/home/user/.m2/repository/com/jolbox/bonecp/0.8.0.RELEASE/bonecp-0.8.0.RELEASE.jar:/home/user/.m2/repository/org/xerial/sqlite-jdbc/3.25.2/sqlite-jdbc-3.25.2.jar:/home/user/.m2/repository/org/springframework/spring-jdbc/5.1.3.RELEASE/spring-jdbc-5.1.3.RELEASE.jar:/home/user/.m2/repository/org/springframework/spring-beans/5.1.3.RELEASE/spring-beans-5.1.3.RELEASE.jar:/home/user/.m2/repository/org/springframework/spring-core/5.1.3.RELEASE/spring-core-5.1.3.RELEASE.jar:/home/user/.m2/repository/org/springframework/spring-jcl/5.1.3.RELEASE/spring-jcl-5.1.3.RELEASE.jar:/home/user/.m2/repository/org/springframework/spring-tx/5.1.3.RELEASE/spring-tx-5.1.3.RELEASE.jar:/home/user/.m2/repository/org/apache/hadoop/hadoop-ozone-client/0.5.0-SNAPSHOT/hadoop-ozone-client-0.5.0-SNAPSHOT.jar:/home/user/.m2/repository/commons-lang/commons-lang/2.6/commons-lang-2.6.jar:/home/user/.m2/repository/org/apache/hadoop/hadoop-ozone-ozone-manager/0.5.0-SNAPSHOT/hadoop-ozone-ozone-manager-0.5.0-SNAPSHOT-tests.jar:/home/user/.m2/repository/junit/junit/4.11/junit-4.11.jar:/home/user/.m2/repository/org/hamcrest/hamcrest-core/1.3/hamcrest-core-1.3.jar:/home/user/.m2/repository/org/openjdk/jmh/jmh-core/1.19/jmh-core-1.19.jar:/home/user/.m2/repository/net/sf/jopt-simple/jopt-simple/4.6/jopt-simple-4.6.jar:/home/user/.m2/repository/org/apache/commons/commons-math3/3.1.1/commons-math3-3.1.1.jar:/home/user/.m2/repository/org/openjdk/jmh/jmh-generator-annprocess/1.19/jmh-generator-annprocess-1.19.jar:/home/user/.m2/repository/org/mockito/mockito-all/1.8.5/mockito-all-1.8.5.jar:/home/user/.m2/repository/org/apache/hadoop/hadoop-kms/3.2.0/hadoop-kms-3.2.0.jar:/home/user/.m2/repository/org/apache/hadoop/hadoop-auth/3.2.0/hadoop-auth-3.2.0.jar:/home/user/.m2/repository/com/nimbusds/nimbus-jose-jwt/4.41.1/nimbus-jose-jwt-4.41.1.jar:/home/user/.m2/repository/com/github/stephenc/jcip/jcip-annotations/1.0-1/jcip-annotations-1.0-1.jar:/home/user/.m2/repository/net/minidev/json-smart/2.3/json-smart-2.3.jar:/home/user/.m2/repository/net/minidev/accessors-smart/1.2/accessors-smart-1.2.jar:/home/user/.m2/repository/org/ow2/asm/asm/5.0.4/asm-5.0.4.jar:/home/user/.m2/repository/org/apache/curator/curator-framework/2.12.0/curator-framework-2.12.0.jar:/home/user/.m2/repository/com/sun/jersey/jersey-core/1.19/jersey-core-1.19.jar:/home/user/.m2/repository/javax/ws/rs/jsr311-api/1.1.1/jsr311-api-1.1.1.jar:/home/user/.m2/repository/com/sun/jersey/jersey-server/1.19/jersey-server-1.19.jar:/home/user/.m2/repository/javax/servlet/javax.servlet-api/3.1.0/javax.servlet-api-3.1.0.jar:/home/user/.m2/repository/org/eclipse/jetty/jetty-server/9.3.25.v20180904/jetty-server-9.3.25.v20180904.jar:/home/user/.m2/repository/org/eclipse/jetty/jetty-http/9.3.25.v20180904/jetty-http-9.3.25.v20180904.jar:/home/user/.m2/repository/org/eclipse/jetty/jetty-io/9.3.25.v20180904/jetty-io-9.3.25.v20180904.jar:/home/user/.m2/repository/org/eclipse/jetty/jetty-webapp/9.3.25.v20180904/jetty-webapp-9.3.25.v20180904.jar:/home/user/.m2/repository/org/eclipse/jetty/jetty-xml/9.3.25.v20180904/jetty-xml-9.3.25.v20180904.jar:/home/user/.m2/repository/log4j/log4j/1.2.17/log4j-1.2.17.jar:/home/user/.m2/repository/org/slf4j/slf4j-api/1.7.25/slf4j-api-1.7.25.jar:/home/user/.m2/repository/org/slf4j/jul-to-slf4j/1.7.25/jul-to-slf4j-1.7.25.jar:/home/user/.m2/repository/org/eclipse/jetty/jetty-util/9.3.25.v20180904/jetty-util-9.3.25.v20180904.jar:/home/user/.m2/repository/com/fasterxml/jackson/core/jackson-databind/2.9.9/jackson-databind-2.9.9.jar:/home/user/.m2/repository/org/apache/hadoop/hadoop-kms/3.2.0/hadoop-kms-3.2.0-tests.jar:/home/user/.m2/repository/org/apache/hadoop/hadoop-hdds-server-scm/0.5.0-SNAPSHOT/hadoop-hdds-server-scm-0.5.0-SNAPSHOT-tests.jar:/home/user/.m2/repository/org/apache/hadoop/hadoop-hdds-container-service/0.5.0-SNAPSHOT/hadoop-hdds-container-service-0.5.0-SNAPSHOT-tests.jar:/home/user/.m2/repository/org/yaml/snakeyaml/1.16/snakeyaml-1.16.jar:/home/user/.m2/repository/org/apache/hadoop/hadoop-common/3.2.0/hadoop-common-3.2.0-tests.jar:/home/user/.m2/repository/org/apache/hadoop/hadoop-annotations/3.2.0/hadoop-annotations-3.2.0.jar:/usr/lib/jvm/java-1.8-openjdk/jre/../lib/tools.jar:/home/user/.m2/repository/commons-cli/commons-cli/1.2/commons-cli-1.2.jar:/home/user/.m2/repository/org/apache/httpcomponents/httpclient/4.5.2/httpclient-4.5.2.jar:/home/user/.m2/repository/org/apache/httpcomponents/httpcore/4.4.4/httpcore-4.4.4.jar:/home/user/.m2/repository/commons-codec/commons-codec/1.11/commons-codec-1.11.jar:/home/user/.m2/repository/commons-net/commons-net/3.6/commons-net-3.6.jar:/home/user/.m2/repository/commons-collections/commons-collections/3.2.2/commons-collections-3.2.2.jar:/home/user/.m2/repository/org/eclipse/jetty/jetty-servlet/9.3.25.v20180904/jetty-servlet-9.3.25.v20180904.jar:/home/user/.m2/repository/org/eclipse/jetty/jetty-security/9.3.25.v20180904/jetty-security-9.3.25.v20180904.jar:/home/user/.m2/repository/javax/servlet/jsp/jsp-api/2.1/jsp-api-2.1.jar:/home/user/.m2/repository/com/sun/jersey/jersey-servlet/1.19/jersey-servlet-1.19.jar:/home/user/.m2/repository/com/sun/jersey/jersey-json/1.19/jersey-json-1.19.jar:/home/user/.m2/repository/org/codehaus/jettison/jettison/1.1/jettison-1.1.jar:/home/user/.m2/repository/org/codehaus/jackson/jackson-core-asl/1.9.13/jackson-core-asl-1.9.13.jar:/home/user/.m2/repository/org/codehaus/jackson/jackson-mapper-asl/1.9.13/jackson-mapper-asl-1.9.13.jar:/home/user/.m2/repository/org/codehaus/jackson/jackson-jaxrs/1.9.13/jackson-jaxrs-1.9.13.jar:/home/user/.m2/repository/org/codehaus/jackson/jackson-xc/1.9.13/jackson-xc-1.9.13.jar:/home/user/.m2/repository/commons-logging/commons-logging/1.1.3/commons-logging-1.1.3.jar:/home/user/.m2/repository/commons-beanutils/commons-beanutils/1.9.4/commons-beanutils-1.9.4.jar:/home/user/.m2/repository/org/apache/commons/commons-configuration2/2.1.1/commons-configuration2-2.1.1.jar:/home/user/.m2/repository/org/apache/commons/commons-lang3/3.7/commons-lang3-3.7.jar:/home/user/.m2/repository/org/apache/commons/commons-text/1.4/commons-text-1.4.jar:/home/user/.m2/repository/org/apache/avro/avro/1.7.7/avro-1.7.7.jar:/home/user/.m2/repository/com/thoughtworks/paranamer/paranamer/2.3/paranamer-2.3.jar:/home/user/.m2/repository/org/xerial/snappy/snappy-java/1.0.5/snappy-java-1.0.5.jar:/home/user/.m2/repository/com/google/re2j/re2j/1.1/re2j-1.1.jar:/home/user/.m2/repository/com/google/code/gson/gson/2.2.4/gson-2.2.4.jar:/home/user/.m2/repository/com/jcraft/jsch/0.1.54/jsch-0.1.54.jar:/home/user/.m2/repository/org/apache/curator/curator-client/2.12.0/curator-client-2.12.0.jar:/home/user/.m2/repository/org/apache/curator/curator-recipes/2.12.0/curator-recipes-2.12.0.jar:/home/user/.m2/repository/com/google/code/findbugs/jsr305/3.0.0/jsr305-3.0.0.jar:/home/user/.m2/repository/org/apache/htrace/htrace-core4/4.1.0-incubating/htrace-core4-4.1.0-incubating.jar:/home/user/.m2/repository/org/apache/zookeeper/zookeeper/3.4.13/zookeeper-3.4.13.jar:/home/user/.m2/repository/jline/jline/0.9.94/jline-0.9.94.jar:/home/user/.m2/repository/org/apache/yetus/audience-annotations/0.5.0/audience-annotations-0.5.0.jar:/home/user/.m2/repository/org/codehaus/woodstox/stax2-api/3.1.4/stax2-api-3.1.4.jar:/home/user/.m2/repository/com/fasterxml/woodstox/woodstox-core/5.0.3/woodstox-core-5.0.3.jar:/home/user/.m2/repository/dnsjava/dnsjava/2.1.7/dnsjava-2.1.7.jar:/home/user/.m2/repository/org/apache/hadoop/hadoop-hdfs/3.2.0/hadoop-hdfs-3.2.0-tests.jar:/home/user/.m2/repository/org/eclipse/jetty/jetty-util-ajax/9.3.25.v20180904/jetty-util-ajax-9.3.25.v20180904.jar:/home/user/.m2/repository/commons-daemon/commons-daemon/1.0.13/commons-daemon-1.0.13.jar:/home/user/.m2/repository/io/netty/netty/3.10.5.Final/netty-3.10.5.Final.jar:/home/user/.m2/repository/io/netty/netty-all/4.0.52.Final/netty-all-4.0.52.Final.jar:/home/user/.m2/repository/org/fusesource/leveldbjni/leveldbjni-all/1.8/leveldbjni-all-1.8.jar:"/>
    <property name="sun.cpu.endian" value="little"/>
    <property name="user.home" value="/home/user"/>
    <property name="user.language" value="en"/>
    <property name="java.specification.vendor" value="Oracle Corporation"/>
    <property name="java.home" value="/usr/lib/jvm/java-1.8-openjdk/jre"/>
    <property name="java.security.krb5.conf" value="/workdir/hadoop-ozone/integration-test/target/test-classes/krb5.conf"/>
    <property name="basedir" value="/workdir/hadoop-ozone/integration-test"/>
    <property name="file.separator" value="/"/>
    <property name="line.separator" value="&#10;"/>
    <property name="java.vm.specification.vendor" value="Oracle Corporation"/>
    <property name="java.specification.name" value="Java Platform API Specification"/>
    <property name="java.awt.graphicsenv" value="sun.awt.X11GraphicsEnvironment"/>
    <property name="surefire.real.class.path" value="/workdir/hadoop-ozone/integration-test/target/surefire/surefirebooter6271372301537343017.jar"/>
    <property name="hadoop.log.dir" value="/workdir/hadoop-ozone/integration-test/target/log"/>
    <property name="sun.boot.class.path" value="/usr/lib/jvm/java-1.8-openjdk/jre/lib/resources.jar:/usr/lib/jvm/java-1.8-openjdk/jre/lib/rt.jar:/usr/lib/jvm/java-1.8-openjdk/jre/lib/sunrsasign.jar:/usr/lib/jvm/java-1.8-openjdk/jre/lib/jsse.jar:/usr/lib/jvm/java-1.8-openjdk/jre/lib/jce.jar:/usr/lib/jvm/java-1.8-openjdk/jre/lib/charsets.jar:/usr/lib/jvm/java-1.8-openjdk/jre/lib/jfr.jar:/usr/lib/jvm/java-1.8-openjdk/jre/classes"/>
    <property name="sun.management.compiler" value="HotSpot 64-Bit Tiered Compilers"/>
    <property name="java.runtime.version" value="1.8.0_212-b04"/>
    <property name="java.net.preferIPv4Stack" value="true"/>
    <property name="user.name" value="jenkins1000"/>
    <property name="path.separator" value=":"/>
    <property name="java.security.egd" value="file:///dev/urandom"/>
    <property name="os.version" value="3.10.0-957.12.2.el7.x86_64"/>
    <property name="java.endorsed.dirs" value="/usr/lib/jvm/java-1.8-openjdk/jre/lib/endorsed"/>
    <property name="java.runtime.name" value="OpenJDK Runtime Environment"/>
    <property name="file.encoding" value="UTF-8"/>
    <property name="java.vm.name" value="OpenJDK 64-Bit Server VM"/>
    <property name="test.build.webapps" value=""/>
    <property name="localRepository" value="/home/user/.m2/repository"/>
    <property name="java.vendor.url.bug" value="https://icedtea.classpath.org/bugzilla"/>
    <property name="java.io.tmpdir" value="/tmp"/>
    <property name="require.test.libhadoop" value=""/>
    <property name="java.version" value="1.8.0_212"/>
    <property name="user.dir" value="/workdir/hadoop-ozone/integration-test"/>
    <property name="os.arch" value="amd64"/>
    <property name="java.vm.specification.name" value="Java Virtual Machine Specification"/>
    <property name="test.build.classes" value="/workdir/hadoop-ozone/integration-test/target/test-classes"/>
    <property name="java.awt.printerjob" value="sun.print.PSPrinterJob"/>
    <property name="sun.os.patch.level" value="unknown"/>
    <property name="hadoop.tmp.dir" value="/workdir/hadoop-ozone/integration-test/target/tmp"/>
    <property name="java.library.path" value="/usr/lib/jvm/java-1.8-openjdk/jre/lib/amd64/server:/usr/lib/jvm/java-1.8-openjdk/jre/lib/amd64:/usr/lib/jvm/java-1.8-openjdk/jre/../lib/amd64:/workdir/hadoop-ozone/integration-test/target/native/target/usr/local/lib:/workdir/hadoop-ozone/integration-test/../../hadoop-common-project/hadoop-common/target/native/target/usr/local/lib:/usr/java/packages/lib/amd64:/usr/lib64:/lib64:/lib:/usr/lib"/>
    <property name="java.vm.info" value="mixed mode"/>
    <property name="java.vendor" value="IcedTea"/>
    <property name="java.vm.version" value="25.212-b04"/>
    <property name="java.ext.dirs" value="/usr/lib/jvm/java-1.8-openjdk/jre/lib/ext:/usr/java/packages/lib/ext"/>
    <property name="sun.io.unicode.encoding" value="UnicodeLittle"/>
    <property name="java.class.version" value="52.0"/>
  </properties>
  <testcase name="test2DatanodesFailure" classname="org.apache.hadoop.ozone.client.rpc.TestBlockOutputStreamWithFailures" time="116.032"/>
  <testcase name="testDatanodeFailureWithPreAllocation" classname="org.apache.hadoop.ozone.client.rpc.TestBlockOutputStreamWithFailures" time="223.694"/>
  <testcase name="testDatanodeFailureWithSingleNodeRatis" classname="org.apache.hadoop.ozone.client.rpc.TestBlockOutputStreamWithFailures" time="224.405"/>
  <testcase name="testWatchForCommitWithSingleNodeRatis" classname="org.apache.hadoop.ozone.client.rpc.TestBlockOutputStreamWithFailures" time="35.513"/>
  <testcase name="testWatchForCommitDatanodeFailure" classname="org.apache.hadoop.ozone.client.rpc.TestBlockOutputStreamWithFailures" time="35.533">
    <failure message="expected:&lt;2&gt; but was:&lt;3&gt;" type="java.lang.AssertionError"><![CDATA[java.lang.AssertionError: expected:<2> but was:<3>
	at org.junit.Assert.fail(Assert.java:88)
	at org.junit.Assert.failNotEquals(Assert.java:743)
	at org.junit.Assert.assertEquals(Assert.java:118)
	at org.junit.Assert.assertEquals(Assert.java:555)
	at org.junit.Assert.assertEquals(Assert.java:542)
	at org.apache.hadoop.ozone.client.rpc.TestBlockOutputStreamWithFailures.testWatchForCommitDatanodeFailure(TestBlockOutputStreamWithFailures.java:366)
	at sun.reflect.NativeMethodAccessorImpl.invoke0(Native Method)
	at sun.reflect.NativeMethodAccessorImpl.invoke(NativeMethodAccessorImpl.java:62)
	at sun.reflect.DelegatingMethodAccessorImpl.invoke(DelegatingMethodAccessorImpl.java:43)
	at java.lang.reflect.Method.invoke(Method.java:498)
	at org.junit.runners.model.FrameworkMethod$1.runReflectiveCall(FrameworkMethod.java:47)
	at org.junit.internal.runners.model.ReflectiveCallable.run(ReflectiveCallable.java:12)
	at org.junit.runners.model.FrameworkMethod.invokeExplosively(FrameworkMethod.java:44)
	at org.junit.internal.runners.statements.InvokeMethod.evaluate(InvokeMethod.java:17)
	at org.junit.internal.runners.statements.RunBefores.evaluate(RunBefores.java:26)
	at org.junit.internal.runners.statements.RunAfters.evaluate(RunAfters.java:27)
	at org.junit.runners.ParentRunner.runLeaf(ParentRunner.java:271)
	at org.junit.runners.BlockJUnit4ClassRunner.runChild(BlockJUnit4ClassRunner.java:70)
	at org.junit.runners.BlockJUnit4ClassRunner.runChild(BlockJUnit4ClassRunner.java:50)
	at org.junit.runners.ParentRunner$3.run(ParentRunner.java:238)
	at org.junit.runners.ParentRunner$1.schedule(ParentRunner.java:63)
	at org.junit.runners.ParentRunner.runChildren(ParentRunner.java:236)
	at org.junit.runners.ParentRunner.access$000(ParentRunner.java:53)
	at org.junit.runners.ParentRunner$2.evaluate(ParentRunner.java:229)
	at org.junit.runners.ParentRunner.run(ParentRunner.java:309)
	at org.apache.maven.surefire.junit4.JUnit4Provider.execute(JUnit4Provider.java:365)
	at org.apache.maven.surefire.junit4.JUnit4Provider.executeWithRerun(JUnit4Provider.java:273)
	at org.apache.maven.surefire.junit4.JUnit4Provider.executeTestSet(JUnit4Provider.java:238)
	at org.apache.maven.surefire.junit4.JUnit4Provider.invoke(JUnit4Provider.java:159)
	at org.apache.maven.surefire.booter.ForkedBooter.invokeProviderInSameClassLoader(ForkedBooter.java:384)
	at org.apache.maven.surefire.booter.ForkedBooter.runSuitesInProcess(ForkedBooter.java:345)
	at org.apache.maven.surefire.booter.ForkedBooter.execute(ForkedBooter.java:126)
	at org.apache.maven.surefire.booter.ForkedBooter.main(ForkedBooter.java:418)
]]></failure>
    <system-out><![CDATA[2019-10-10 12:40:25,770 [main] WARN  server.ServerUtils (ServerUtils.java:getScmDbDir(145)) - ozone.scm.db.dirs is not configured. We recommend adding this setting. Falling back to ozone.metadata.dirs instead.
2019-10-10 12:40:25,786 [main] WARN  server.ServerUtils (ServerUtils.java:getScmDbDir(145)) - ozone.scm.db.dirs is not configured. We recommend adding this setting. Falling back to ozone.metadata.dirs instead.
2019-10-10 12:40:25,786 [main] WARN  server.ServerUtils (ServerUtils.java:getScmDbDir(145)) - ozone.scm.db.dirs is not configured. We recommend adding this setting. Falling back to ozone.metadata.dirs instead.
2019-10-10 12:40:25,786 [main] INFO  db.DBStoreBuilder (DBStoreBuilder.java:addTable(110)) - using custom profile for table: deletedBlocks
2019-10-10 12:40:25,787 [main] INFO  db.DBStoreBuilder (DBStoreBuilder.java:processTables(161)) - Using default column profile:DBProfile.DISK for Table:deletedBlocks
2019-10-10 12:40:25,787 [main] INFO  db.DBStoreBuilder (DBStoreBuilder.java:addTable(110)) - using custom profile for table: validCerts
2019-10-10 12:40:25,787 [main] INFO  db.DBStoreBuilder (DBStoreBuilder.java:processTables(161)) - Using default column profile:DBProfile.DISK for Table:validCerts
2019-10-10 12:40:25,787 [main] INFO  db.DBStoreBuilder (DBStoreBuilder.java:addTable(110)) - using custom profile for table: revokedCerts
2019-10-10 12:40:25,788 [main] INFO  db.DBStoreBuilder (DBStoreBuilder.java:processTables(161)) - Using default column profile:DBProfile.DISK for Table:revokedCerts
2019-10-10 12:40:25,788 [main] INFO  db.DBStoreBuilder (DBStoreBuilder.java:addTable(110)) - using custom profile for table: default
2019-10-10 12:40:25,788 [main] INFO  db.DBStoreBuilder (DBStoreBuilder.java:processTables(167)) - Using default column profile:DBProfile.DISK for Table:default
2019-10-10 12:40:25,788 [main] INFO  db.DBStoreBuilder (DBStoreBuilder.java:getDbProfile(198)) - Using default options. DBProfile.DISK
2019-10-10 12:40:25,925 [main] INFO  net.NodeSchemaLoader (NodeSchemaLoader.java:loadSchemaFromFile(125)) - Loading file from sun.misc.CompoundEnumeration@3a0b6a
2019-10-10 12:40:25,926 [main] INFO  net.NodeSchemaLoader (NodeSchemaLoader.java:loadSchema(171)) - Loading network topology layer schema file
2019-10-10 12:40:25,929 [main] INFO  node.SCMNodeManager (SCMNodeManager.java:<init>(114)) - Entering startup safe mode.
2019-10-10 12:40:25,930 [main] INFO  algorithms.ContainerPlacementPolicyFactory (ContainerPlacementPolicyFactory.java:getPolicy(59)) - Create container placement policy of type org.apache.hadoop.hdds.scm.container.placement.algorithms.SCMContainerPlacementRandom
2019-10-10 12:40:25,930 [main] WARN  server.ServerUtils (ServerUtils.java:getScmDbDir(145)) - ozone.scm.db.dirs is not configured. We recommend adding this setting. Falling back to ozone.metadata.dirs instead.
2019-10-10 12:40:25,988 [main] INFO  pipeline.SCMPipelineManager (SCMPipelineManager.java:initializePipelineState(137)) - No pipeline exists in current db
2019-10-10 12:40:25,988 [main] WARN  server.ServerUtils (ServerUtils.java:getScmDbDir(145)) - ozone.scm.db.dirs is not configured. We recommend adding this setting. Falling back to ozone.metadata.dirs instead.
2019-10-10 12:40:26,034 [main] WARN  events.EventQueue (EventQueue.java:fireEvent(183)) - No event handler registered for event TypedEvent{payloadType=SafeModeStatus, name='SafeModeStatus'}
2019-10-10 12:40:26,035 [main] INFO  ipc.CallQueueManager (CallQueueManager.java:<init>(84)) - Using callQueue: class java.util.concurrent.LinkedBlockingQueue, queueCapacity: 2000, scheduler: class org.apache.hadoop.ipc.DefaultRpcScheduler, ipcBackoff: false.
2019-10-10 12:40:26,036 [Socket Reader #1 for port 34911] INFO  ipc.Server (Server.java:run(1074)) - Starting Socket Reader #1 for port 34911
2019-10-10 12:40:26,039 [main] INFO  ipc.CallQueueManager (CallQueueManager.java:<init>(84)) - Using callQueue: class java.util.concurrent.LinkedBlockingQueue, queueCapacity: 2000, scheduler: class org.apache.hadoop.ipc.DefaultRpcScheduler, ipcBackoff: false.
2019-10-10 12:40:26,039 [Socket Reader #1 for port 38662] INFO  ipc.Server (Server.java:run(1074)) - Starting Socket Reader #1 for port 38662
2019-10-10 12:40:26,041 [main] INFO  ipc.CallQueueManager (CallQueueManager.java:<init>(84)) - Using callQueue: class java.util.concurrent.LinkedBlockingQueue, queueCapacity: 2000, scheduler: class org.apache.hadoop.ipc.DefaultRpcScheduler, ipcBackoff: false.
2019-10-10 12:40:26,042 [Socket Reader #1 for port 33056] INFO  ipc.Server (Server.java:run(1074)) - Starting Socket Reader #1 for port 33056
2019-10-10 12:40:26,045 [main] INFO  hdfs.DFSUtil (DFSUtil.java:httpServerTemplateForNNAndJN(1641)) - Starting Web-server for scm at: http://0.0.0.0:0
2019-10-10 12:40:26,046 [main] INFO  server.AuthenticationFilter (AuthenticationFilter.java:constructSecretProvider(240)) - Unable to initialize FileSignerSecretProvider, falling back to use random secrets.
2019-10-10 12:40:26,046 [main] WARN  http.HttpRequestLog (HttpRequestLog.java:getRequestLog(97)) - Jetty request log can only be enabled using Log4j
2019-10-10 12:40:26,048 [main] INFO  http.HttpServer2 (HttpServer2.java:addGlobalFilter(975)) - Added global filter 'safety' (class=org.apache.hadoop.http.HttpServer2$QuotingInputFilter)
2019-10-10 12:40:26,048 [main] INFO  http.HttpServer2 (HttpServer2.java:addFilter(948)) - Added filter static_user_filter (class=org.apache.hadoop.http.lib.StaticUserWebFilter$StaticUserFilter) to context scm
2019-10-10 12:40:26,048 [main] INFO  http.HttpServer2 (HttpServer2.java:addFilter(958)) - Added filter static_user_filter (class=org.apache.hadoop.http.lib.StaticUserWebFilter$StaticUserFilter) to context static
2019-10-10 12:40:26,048 [main] INFO  http.HttpServer2 (HttpServer2.java:addFilter(958)) - Added filter static_user_filter (class=org.apache.hadoop.http.lib.StaticUserWebFilter$StaticUserFilter) to context logs
2019-10-10 12:40:26,049 [main] INFO  server.StorageContainerManager (StorageContainerManager.java:start(770)) - StorageContainerLocationProtocol RPC server is listening at /0.0.0.0:33056
2019-10-10 12:40:26,051 [main] WARN  impl.MetricsConfig (MetricsConfig.java:loadFirst(134)) - Cannot locate configuration: tried hadoop-metrics2-storagecontainermanager.properties,hadoop-metrics2.properties
2019-10-10 12:40:26,052 [main] INFO  impl.MetricsSystemImpl (MetricsSystemImpl.java:startTimer(374)) - Scheduled Metric snapshot period at 10 second(s).
2019-10-10 12:40:26,052 [main] INFO  impl.MetricsSystemImpl (MetricsSystemImpl.java:start(191)) - StorageContainerManager metrics system started
2019-10-10 12:40:26,155 [main] WARN  impl.MetricsSystemImpl (MetricsSystemImpl.java:register(276)) - Sink prometheus already exists!
2019-10-10 12:40:26,268 [main] INFO  server.SCMClientProtocolServer (SCMClientProtocolServer.java:start(151)) - RPC server for Client  is listening at /0.0.0.0:33056
2019-10-10 12:40:26,269 [IPC Server Responder] INFO  ipc.Server (Server.java:run(1314)) - IPC Server Responder: starting
2019-10-10 12:40:26,269 [IPC Server listener on 33056] INFO  ipc.Server (Server.java:run(1153)) - IPC Server listener on 33056: starting
2019-10-10 12:40:26,276 [main] INFO  server.StorageContainerManager (StorageContainerManager.java:start(780)) - ScmBlockLocationProtocol RPC server is listening at /0.0.0.0:38662
2019-10-10 12:40:26,276 [main] INFO  server.SCMBlockProtocolServer (SCMBlockProtocolServer.java:start(146)) - RPC server for Block Protocol is listening at /0.0.0.0:38662
2019-10-10 12:40:26,277 [IPC Server Responder] INFO  ipc.Server (Server.java:run(1314)) - IPC Server Responder: starting
2019-10-10 12:40:26,277 [IPC Server listener on 38662] INFO  ipc.Server (Server.java:run(1153)) - IPC Server listener on 38662: starting
2019-10-10 12:40:26,283 [main] INFO  server.StorageContainerManager (StorageContainerManager.java:start(784)) - ScmDatanodeProtocl RPC server is listening at /0.0.0.0:34911
2019-10-10 12:40:26,283 [main] INFO  server.SCMDatanodeProtocolServer (SCMDatanodeProtocolServer.java:start(191)) - RPC server for DataNodes is listening at /0.0.0.0:34911
2019-10-10 12:40:26,284 [IPC Server Responder] INFO  ipc.Server (Server.java:run(1314)) - IPC Server Responder: starting
2019-10-10 12:40:26,284 [IPC Server listener on 34911] INFO  ipc.Server (Server.java:run(1153)) - IPC Server listener on 34911: starting
2019-10-10 12:40:26,291 [main] INFO  http.HttpServer2 (HttpServer2.java:bindListener(1191)) - Jetty bound to port 37814
2019-10-10 12:40:26,291 [main] INFO  server.Server (Server.java:doStart(351)) - jetty-9.3.25.v20180904, build timestamp: 2018-09-04T21:11:46Z, git hash: 3ce520221d0240229c862b122d2b06c12a625732
2019-10-10 12:40:26,292 [main] INFO  handler.ContextHandler (ContextHandler.java:doStart(781)) - Started o.e.j.s.ServletContextHandler@75793f17{/logs,file:///workdir/hadoop-ozone/integration-test/target/log,AVAILABLE}
2019-10-10 12:40:26,293 [main] INFO  handler.ContextHandler (ContextHandler.java:doStart(781)) - Started o.e.j.s.ServletContextHandler@4cc12db2{/static,file:///workdir/hadoop-ozone/integration-test/target/test-classes/webapps/static,AVAILABLE}
2019-10-10 12:40:26,298 [main] INFO  handler.ContextHandler (ContextHandler.java:doStart(781)) - Started o.e.j.w.WebAppContext@42a0786f{/,file:///workdir/hadoop-ozone/integration-test/target/test-classes/webapps/scm/,AVAILABLE}{/scm}
2019-10-10 12:40:26,298 [main] INFO  server.AbstractConnector (AbstractConnector.java:doStart(278)) - Started ServerConnector@477523ba{HTTP/1.1,[http/1.1]}{0.0.0.0:37814}
2019-10-10 12:40:26,298 [main] INFO  server.Server (Server.java:doStart(419)) - Started @600728ms
2019-10-10 12:40:26,300 [main] WARN  impl.MetricsSystemImpl (MetricsSystemImpl.java:register(276)) - Sink prometheus already exists!
2019-10-10 12:40:26,301 [main] INFO  server.BaseHttpServer (BaseHttpServer.java:updateConnectorAddress(215)) - HTTP server of SCM is listening at http://0.0.0.0:37814
2019-10-10 12:40:26,301 [main] WARN  server.ServerUtils (ServerUtils.java:getDBPath(222)) - ozone.om.db.dirs is not configured. We recommend adding this setting. Falling back to ozone.metadata.dirs instead.
2019-10-10 12:40:26,301 [org.apache.hadoop.util.JvmPauseMonitor$Monitor@78c74647] INFO  util.JvmPauseMonitor (JvmPauseMonitor.java:run(188)) - Starting JVM pause monitor
2019-10-10 12:40:26,324 [main] WARN  server.ServerUtils (ServerUtils.java:getDBPath(222)) - ozone.om.db.dirs is not configured. We recommend adding this setting. Falling back to ozone.metadata.dirs instead.
2019-10-10 12:40:26,324 [main] WARN  server.ServerUtils (ServerUtils.java:getDBPath(222)) - ozone.om.db.dirs is not configured. We recommend adding this setting. Falling back to ozone.metadata.dirs instead.
2019-10-10 12:40:26,325 [main] INFO  om.OzoneManager (OzoneManager.java:setOMNodeDetails(652)) - OM Service ID is not set. Setting it to the default ID: omServiceIdDefault
2019-10-10 12:40:26,325 [main] INFO  om.OzoneManager (OzoneManager.java:setOMNodeDetails(658)) - OM Node ID is not set. Setting it to the OmStorage's OmID: 525d2dea-c159-4f63-9d05-684565dcae99
2019-10-10 12:40:26,325 [main] INFO  om.OzoneManager (OzoneManager.java:loadOMHAConfigs(609)) - Found matching OM address with OMServiceId: null, OMNodeId: null, RPC Address: localhost:0 and Ratis port: 9872
2019-10-10 12:40:26,333 [main] WARN  server.ServerUtils (ServerUtils.java:getDBPath(222)) - ozone.om.db.dirs is not configured. We recommend adding this setting. Falling back to ozone.metadata.dirs instead.
2019-10-10 12:40:26,333 [main] INFO  db.DBStoreBuilder (DBStoreBuilder.java:addTable(110)) - using custom profile for table: userTable
2019-10-10 12:40:26,334 [main] INFO  db.DBStoreBuilder (DBStoreBuilder.java:processTables(161)) - Using default column profile:DBProfile.DISK for Table:userTable
2019-10-10 12:40:26,334 [main] INFO  db.DBStoreBuilder (DBStoreBuilder.java:addTable(110)) - using custom profile for table: volumeTable
2019-10-10 12:40:26,334 [main] INFO  db.DBStoreBuilder (DBStoreBuilder.java:processTables(161)) - Using default column profile:DBProfile.DISK for Table:volumeTable
2019-10-10 12:40:26,334 [main] INFO  db.DBStoreBuilder (DBStoreBuilder.java:addTable(110)) - using custom profile for table: bucketTable
2019-10-10 12:40:26,334 [main] INFO  db.DBStoreBuilder (DBStoreBuilder.java:processTables(161)) - Using default column profile:DBProfile.DISK for Table:bucketTable
2019-10-10 12:40:26,335 [main] INFO  db.DBStoreBuilder (DBStoreBuilder.java:addTable(110)) - using custom profile for table: keyTable
2019-10-10 12:40:26,335 [main] INFO  db.DBStoreBuilder (DBStoreBuilder.java:processTables(161)) - Using default column profile:DBProfile.DISK for Table:keyTable
2019-10-10 12:40:26,335 [main] INFO  db.DBStoreBuilder (DBStoreBuilder.java:addTable(110)) - using custom profile for table: deletedTable
2019-10-10 12:40:26,335 [main] INFO  db.DBStoreBuilder (DBStoreBuilder.java:processTables(161)) - Using default column profile:DBProfile.DISK for Table:deletedTable
2019-10-10 12:40:26,336 [main] INFO  db.DBStoreBuilder (DBStoreBuilder.java:addTable(110)) - using custom profile for table: openKeyTable
2019-10-10 12:40:26,336 [main] INFO  db.DBStoreBuilder (DBStoreBuilder.java:processTables(161)) - Using default column profile:DBProfile.DISK for Table:openKeyTable
2019-10-10 12:40:26,336 [main] INFO  db.DBStoreBuilder (DBStoreBuilder.java:addTable(110)) - using custom profile for table: s3Table
2019-10-10 12:40:26,336 [main] INFO  db.DBStoreBuilder (DBStoreBuilder.java:processTables(161)) - Using default column profile:DBProfile.DISK for Table:s3Table
2019-10-10 12:40:26,337 [main] INFO  db.DBStoreBuilder (DBStoreBuilder.java:addTable(110)) - using custom profile for table: multipartInfoTable
2019-10-10 12:40:26,337 [main] INFO  db.DBStoreBuilder (DBStoreBuilder.java:processTables(161)) - Using default column profile:DBProfile.DISK for Table:multipartInfoTable
2019-10-10 12:40:26,337 [main] INFO  db.DBStoreBuilder (DBStoreBuilder.java:addTable(110)) - using custom profile for table: dTokenTable
2019-10-10 12:40:26,337 [main] INFO  db.DBStoreBuilder (DBStoreBuilder.java:processTables(161)) - Using default column profile:DBProfile.DISK for Table:dTokenTable
2019-10-10 12:40:26,338 [main] INFO  db.DBStoreBuilder (DBStoreBuilder.java:addTable(110)) - using custom profile for table: s3SecretTable
2019-10-10 12:40:26,338 [main] INFO  db.DBStoreBuilder (DBStoreBuilder.java:processTables(161)) - Using default column profile:DBProfile.DISK for Table:s3SecretTable
2019-10-10 12:40:26,338 [main] INFO  db.DBStoreBuilder (DBStoreBuilder.java:addTable(110)) - using custom profile for table: prefixTable
2019-10-10 12:40:26,338 [main] INFO  db.DBStoreBuilder (DBStoreBuilder.java:processTables(161)) - Using default column profile:DBProfile.DISK for Table:prefixTable
2019-10-10 12:40:26,339 [main] INFO  db.DBStoreBuilder (DBStoreBuilder.java:addTable(110)) - using custom profile for table: default
2019-10-10 12:40:26,339 [main] INFO  db.DBStoreBuilder (DBStoreBuilder.java:processTables(167)) - Using default column profile:DBProfile.DISK for Table:default
2019-10-10 12:40:26,339 [main] INFO  db.DBStoreBuilder (DBStoreBuilder.java:getDbProfile(198)) - Using default options. DBProfile.DISK
2019-10-10 12:40:26,759 [main] INFO  ipc.CallQueueManager (CallQueueManager.java:<init>(84)) - Using callQueue: class java.util.concurrent.LinkedBlockingQueue, queueCapacity: 2000, scheduler: class org.apache.hadoop.ipc.DefaultRpcScheduler, ipcBackoff: false.
2019-10-10 12:40:26,760 [Socket Reader #1 for port 43694] INFO  ipc.Server (Server.java:run(1074)) - Starting Socket Reader #1 for port 43694
2019-10-10 12:40:26,774 [main] INFO  om.OzoneManager (OzoneManager.java:start(1243)) - OzoneManager RPC server is listening at localhost/127.0.0.1:43694
2019-10-10 12:40:26,775 [main] INFO  impl.MetricsSystemImpl (MetricsSystemImpl.java:init(158)) - OzoneManager metrics system started (again)
2019-10-10 12:40:26,775 [IPC Server Responder] INFO  ipc.Server (Server.java:run(1314)) - IPC Server Responder: starting
2019-10-10 12:40:26,775 [IPC Server listener on 43694] INFO  ipc.Server (Server.java:run(1153)) - IPC Server listener on 43694: starting
2019-10-10 12:40:26,783 [main] INFO  hdfs.DFSUtil (DFSUtil.java:httpServerTemplateForNNAndJN(1641)) - Starting Web-server for ozoneManager at: http://0.0.0.0:0
2019-10-10 12:40:26,784 [main] INFO  server.AuthenticationFilter (AuthenticationFilter.java:constructSecretProvider(240)) - Unable to initialize FileSignerSecretProvider, falling back to use random secrets.
2019-10-10 12:40:26,784 [main] WARN  http.HttpRequestLog (HttpRequestLog.java:getRequestLog(97)) - Jetty request log can only be enabled using Log4j
2019-10-10 12:40:26,786 [main] INFO  http.HttpServer2 (HttpServer2.java:addGlobalFilter(975)) - Added global filter 'safety' (class=org.apache.hadoop.http.HttpServer2$QuotingInputFilter)
2019-10-10 12:40:26,787 [main] INFO  http.HttpServer2 (HttpServer2.java:addFilter(948)) - Added filter static_user_filter (class=org.apache.hadoop.http.lib.StaticUserWebFilter$StaticUserFilter) to context ozoneManager
2019-10-10 12:40:26,787 [main] INFO  http.HttpServer2 (HttpServer2.java:addFilter(958)) - Added filter static_user_filter (class=org.apache.hadoop.http.lib.StaticUserWebFilter$StaticUserFilter) to context logs
2019-10-10 12:40:26,787 [main] INFO  http.HttpServer2 (HttpServer2.java:addFilter(958)) - Added filter static_user_filter (class=org.apache.hadoop.http.lib.StaticUserWebFilter$StaticUserFilter) to context static
2019-10-10 12:40:26,788 [main] INFO  http.HttpServer2 (HttpServer2.java:bindListener(1191)) - Jetty bound to port 46314
2019-10-10 12:40:26,788 [main] INFO  server.Server (Server.java:doStart(351)) - jetty-9.3.25.v20180904, build timestamp: 2018-09-04T21:11:46Z, git hash: 3ce520221d0240229c862b122d2b06c12a625732
2019-10-10 12:40:26,790 [main] INFO  handler.ContextHandler (ContextHandler.java:doStart(781)) - Started o.e.j.s.ServletContextHandler@7e191fda{/logs,file:///workdir/hadoop-ozone/integration-test/target/log,AVAILABLE}
2019-10-10 12:40:26,790 [main] INFO  handler.ContextHandler (ContextHandler.java:doStart(781)) - Started o.e.j.s.ServletContextHandler@2ce524d2{/static,file:///workdir/hadoop-ozone/integration-test/target/test-classes/webapps/static,AVAILABLE}
2019-10-10 12:40:26,794 [main] INFO  handler.ContextHandler (ContextHandler.java:doStart(781)) - Started o.e.j.w.WebAppContext@ca7e37f{/,file:///workdir/hadoop-ozone/integration-test/target/test-classes/webapps/ozoneManager/,AVAILABLE}{/ozoneManager}
2019-10-10 12:40:26,794 [main] INFO  server.AbstractConnector (AbstractConnector.java:doStart(278)) - Started ServerConnector@99a8de3{HTTP/1.1,[http/1.1]}{0.0.0.0:46314}
2019-10-10 12:40:26,796 [main] INFO  server.Server (Server.java:doStart(419)) - Started @601226ms
2019-10-10 12:40:26,796 [main] WARN  impl.MetricsSystemImpl (MetricsSystemImpl.java:register(276)) - Sink prometheus already exists!
2019-10-10 12:40:26,797 [main] INFO  server.BaseHttpServer (BaseHttpServer.java:updateConnectorAddress(215)) - HTTP server of OZONEMANAGER is listening at http://0.0.0.0:46314
2019-10-10 12:40:26,811 [main] INFO  impl.MetricsSystemImpl (MetricsSystemImpl.java:init(158)) - HddsDatanode metrics system started (again)
2019-10-10 12:40:26,818 [main] INFO  ozone.HddsDatanodeService (HddsDatanodeService.java:start(184)) - HddsDatanodeService host:pr-hdds-1569-9zzhf-258611273 ip:192.168.5.143
2019-10-10 12:40:26,825 [main] INFO  volume.HddsVolume (HddsVolume.java:<init>(176)) - Creating Volume: /workdir/hadoop-ozone/integration-test/target/test-dir/MiniOzoneClusterImpl-8284007a-d704-4ed0-a0ee-bee753f20599/datanode-0/data/containers/hdds of  storage type : DISK and capacity : 1482555576320
2019-10-10 12:40:26,825 [main] INFO  volume.VolumeSet (VolumeSet.java:initializeVolumeSet(170)) - Added Volume : /workdir/hadoop-ozone/integration-test/target/test-dir/MiniOzoneClusterImpl-8284007a-d704-4ed0-a0ee-bee753f20599/datanode-0/data/containers/hdds to VolumeSet
2019-10-10 12:40:26,826 [main] INFO  volume.ThrottledAsyncChecker (ThrottledAsyncChecker.java:schedule(139)) - Scheduling a check for org.apache.hadoop.ozone.container.common.volume.HddsVolume@33e3bd2e
2019-10-10 12:40:26,826 [main] INFO  volume.HddsVolumeChecker (HddsVolumeChecker.java:checkAllVolumes(202)) - Scheduled health check for volume org.apache.hadoop.ozone.container.common.volume.HddsVolume@33e3bd2e
2019-10-10 12:40:26,841 [main] INFO  impl.RaftServerProxy (ConfUtils.java:logGet(43)) - raft.rpc.type = GRPC (default)
2019-10-10 12:40:26,842 [main] INFO  grpc.GrpcFactory (GrpcFactory.java:checkPooledByteBufAllocatorUseCacheForAllThreads(45)) - PERFORMANCE WARNING: useCacheForAllThreads is true that may cause Netty to create a lot garbage objects and, as a result, trigger GC.
	It is recommended to disable useCacheForAllThreads by setting -Dorg.apache.ratis.thirdparty.io.netty.allocator.useCacheForAllThreads=false in command line.
2019-10-10 12:40:26,842 [main] INFO  grpc.GrpcConfigKeys$Server (ConfUtils.java:logGet(43)) - raft.grpc.server.port = 0 (default)
2019-10-10 12:40:26,842 [main] INFO  server.GrpcService (ConfUtils.java:logGet(43)) - raft.grpc.message.size.max = 33570816 (custom)
2019-10-10 12:40:26,842 [main] INFO  server.RaftServerConfigKeys (ConfUtils.java:logGet(43)) - raft.server.log.appender.buffer.byte-limit = 33554432 (custom)
2019-10-10 12:40:26,842 [main] INFO  server.GrpcService (ConfUtils.java:logGet(43)) - raft.grpc.flow.control.window = 1MB (=1048576) (default)
2019-10-10 12:40:26,843 [main] INFO  server.RaftServerConfigKeys (ConfUtils.java:logGet(43)) - raft.server.rpc.request.timeout = 3000ms (default)
2019-10-10 12:40:26,843 [main] INFO  server.RaftServerConfigKeys (ConfUtils.java:logGet(43)) - raft.server.storage.dir = [/workdir/hadoop-ozone/integration-test/target/test-dir/MiniOzoneClusterImpl-8284007a-d704-4ed0-a0ee-bee753f20599/datanode-0/data/ratis] (custom)
2019-10-10 12:40:26,844 [main] INFO  hdfs.DFSUtil (DFSUtil.java:httpServerTemplateForNNAndJN(1641)) - Starting Web-server for hddsDatanode at: http://0.0.0.0:0
2019-10-10 12:40:26,846 [main] INFO  server.AuthenticationFilter (AuthenticationFilter.java:constructSecretProvider(240)) - Unable to initialize FileSignerSecretProvider, falling back to use random secrets.
2019-10-10 12:40:26,846 [main] WARN  http.HttpRequestLog (HttpRequestLog.java:getRequestLog(97)) - Jetty request log can only be enabled using Log4j
2019-10-10 12:40:26,847 [main] INFO  http.HttpServer2 (HttpServer2.java:addGlobalFilter(975)) - Added global filter 'safety' (class=org.apache.hadoop.http.HttpServer2$QuotingInputFilter)
2019-10-10 12:40:26,848 [main] INFO  http.HttpServer2 (HttpServer2.java:addFilter(948)) - Added filter static_user_filter (class=org.apache.hadoop.http.lib.StaticUserWebFilter$StaticUserFilter) to context hddsDatanode
2019-10-10 12:40:26,848 [main] INFO  http.HttpServer2 (HttpServer2.java:addFilter(958)) - Added filter static_user_filter (class=org.apache.hadoop.http.lib.StaticUserWebFilter$StaticUserFilter) to context logs
2019-10-10 12:40:26,848 [main] INFO  http.HttpServer2 (HttpServer2.java:addFilter(958)) - Added filter static_user_filter (class=org.apache.hadoop.http.lib.StaticUserWebFilter$StaticUserFilter) to context static
2019-10-10 12:40:26,849 [main] INFO  http.HttpServer2 (HttpServer2.java:bindListener(1191)) - Jetty bound to port 33607
2019-10-10 12:40:26,849 [main] INFO  server.Server (Server.java:doStart(351)) - jetty-9.3.25.v20180904, build timestamp: 2018-09-04T21:11:46Z, git hash: 3ce520221d0240229c862b122d2b06c12a625732
2019-10-10 12:40:26,850 [main] INFO  handler.ContextHandler (ContextHandler.java:doStart(781)) - Started o.e.j.s.ServletContextHandler@14e750c5{/logs,file:///workdir/hadoop-ozone/integration-test/target/log,AVAILABLE}
2019-10-10 12:40:26,851 [main] INFO  handler.ContextHandler (ContextHandler.java:doStart(781)) - Started o.e.j.s.ServletContextHandler@5329f6b3{/static,jar:file:/home/user/.m2/repository/org/apache/hadoop/hadoop-hdds-container-service/0.5.0-SNAPSHOT/hadoop-hdds-container-service-0.5.0-SNAPSHOT.jar!/webapps/static,AVAILABLE}
2019-10-10 12:40:26,878 [main] INFO  handler.ContextHandler (ContextHandler.java:doStart(781)) - Started o.e.j.w.WebAppContext@35563e4c{/,file:///tmp/jetty-0.0.0.0-33607-hddsDatanode-_-any-1660249525377063449.dir/webapp/,AVAILABLE}{/hddsDatanode}
2019-10-10 12:40:26,879 [main] INFO  server.AbstractConnector (AbstractConnector.java:doStart(278)) - Started ServerConnector@6dd79214{HTTP/1.1,[http/1.1]}{0.0.0.0:33607}
2019-10-10 12:40:26,881 [main] INFO  server.Server (Server.java:doStart(419)) - Started @601311ms
2019-10-10 12:40:26,881 [main] WARN  impl.MetricsSystemImpl (MetricsSystemImpl.java:register(276)) - Sink prometheus already exists!
2019-10-10 12:40:26,882 [main] INFO  server.BaseHttpServer (BaseHttpServer.java:updateConnectorAddress(215)) - HTTP server of HDDSDATANODE is listening at http://0.0.0.0:33607
2019-10-10 12:40:26,882 [main] INFO  impl.MetricsSystemImpl (MetricsSystemImpl.java:init(158)) - HddsDatanode metrics system started (again)
2019-10-10 12:40:26,889 [org.apache.hadoop.util.JvmPauseMonitor$Monitor@24e4cdf7] INFO  util.JvmPauseMonitor (JvmPauseMonitor.java:run(188)) - Starting JVM pause monitor
2019-10-10 12:40:26,891 [main] INFO  ozone.HddsDatanodeService (HddsDatanodeService.java:start(184)) - HddsDatanodeService host:pr-hdds-1569-9zzhf-258611273 ip:192.168.5.143
2019-10-10 12:40:26,892 [Datanode State Machine Thread - 0] INFO  datanode.InitDatanodeState (InitDatanodeState.java:persistContainerDatanodeDetails(140)) - DatanodeDetails is persisted to /workdir/hadoop-ozone/integration-test/target/test-dir/MiniOzoneClusterImpl-8284007a-d704-4ed0-a0ee-bee753f20599/datanode-0/meta/datanode.id
2019-10-10 12:40:26,898 [main] INFO  volume.HddsVolume (HddsVolume.java:<init>(176)) - Creating Volume: /workdir/hadoop-ozone/integration-test/target/test-dir/MiniOzoneClusterImpl-8284007a-d704-4ed0-a0ee-bee753f20599/datanode-1/data/containers/hdds of  storage type : DISK and capacity : 1482555576320
2019-10-10 12:40:26,898 [main] INFO  volume.VolumeSet (VolumeSet.java:initializeVolumeSet(170)) - Added Volume : /workdir/hadoop-ozone/integration-test/target/test-dir/MiniOzoneClusterImpl-8284007a-d704-4ed0-a0ee-bee753f20599/datanode-1/data/containers/hdds to VolumeSet
2019-10-10 12:40:26,899 [main] INFO  volume.ThrottledAsyncChecker (ThrottledAsyncChecker.java:schedule(139)) - Scheduling a check for org.apache.hadoop.ozone.container.common.volume.HddsVolume@4b3a01d8
2019-10-10 12:40:26,899 [main] INFO  volume.HddsVolumeChecker (HddsVolumeChecker.java:checkAllVolumes(202)) - Scheduled health check for volume org.apache.hadoop.ozone.container.common.volume.HddsVolume@4b3a01d8
2019-10-10 12:40:26,914 [main] INFO  impl.RaftServerProxy (ConfUtils.java:logGet(43)) - raft.rpc.type = GRPC (default)
2019-10-10 12:40:26,914 [main] INFO  grpc.GrpcFactory (GrpcFactory.java:checkPooledByteBufAllocatorUseCacheForAllThreads(45)) - PERFORMANCE WARNING: useCacheForAllThreads is true that may cause Netty to create a lot garbage objects and, as a result, trigger GC.
	It is recommended to disable useCacheForAllThreads by setting -Dorg.apache.ratis.thirdparty.io.netty.allocator.useCacheForAllThreads=false in command line.
2019-10-10 12:40:26,915 [main] INFO  grpc.GrpcConfigKeys$Server (ConfUtils.java:logGet(43)) - raft.grpc.server.port = 0 (default)
2019-10-10 12:40:26,915 [main] INFO  server.GrpcService (ConfUtils.java:logGet(43)) - raft.grpc.message.size.max = 33570816 (custom)
2019-10-10 12:40:26,915 [main] INFO  server.RaftServerConfigKeys (ConfUtils.java:logGet(43)) - raft.server.log.appender.buffer.byte-limit = 33554432 (custom)
2019-10-10 12:40:26,915 [main] INFO  server.GrpcService (ConfUtils.java:logGet(43)) - raft.grpc.flow.control.window = 1MB (=1048576) (default)
2019-10-10 12:40:26,915 [main] INFO  server.RaftServerConfigKeys (ConfUtils.java:logGet(43)) - raft.server.rpc.request.timeout = 3000ms (default)
2019-10-10 12:40:26,916 [main] INFO  server.RaftServerConfigKeys (ConfUtils.java:logGet(43)) - raft.server.storage.dir = [/workdir/hadoop-ozone/integration-test/target/test-dir/MiniOzoneClusterImpl-8284007a-d704-4ed0-a0ee-bee753f20599/datanode-1/data/ratis] (custom)
2019-10-10 12:40:26,917 [main] INFO  hdfs.DFSUtil (DFSUtil.java:httpServerTemplateForNNAndJN(1641)) - Starting Web-server for hddsDatanode at: http://0.0.0.0:0
2019-10-10 12:40:26,918 [main] INFO  server.AuthenticationFilter (AuthenticationFilter.java:constructSecretProvider(240)) - Unable to initialize FileSignerSecretProvider, falling back to use random secrets.
2019-10-10 12:40:26,918 [main] WARN  http.HttpRequestLog (HttpRequestLog.java:getRequestLog(97)) - Jetty request log can only be enabled using Log4j
2019-10-10 12:40:26,919 [main] INFO  http.HttpServer2 (HttpServer2.java:addGlobalFilter(975)) - Added global filter 'safety' (class=org.apache.hadoop.http.HttpServer2$QuotingInputFilter)
2019-10-10 12:40:26,920 [main] INFO  http.HttpServer2 (HttpServer2.java:addFilter(948)) - Added filter static_user_filter (class=org.apache.hadoop.http.lib.StaticUserWebFilter$StaticUserFilter) to context hddsDatanode
2019-10-10 12:40:26,920 [main] INFO  http.HttpServer2 (HttpServer2.java:addFilter(958)) - Added filter static_user_filter (class=org.apache.hadoop.http.lib.StaticUserWebFilter$StaticUserFilter) to context logs
2019-10-10 12:40:26,920 [main] INFO  http.HttpServer2 (HttpServer2.java:addFilter(958)) - Added filter static_user_filter (class=org.apache.hadoop.http.lib.StaticUserWebFilter$StaticUserFilter) to context static
2019-10-10 12:40:26,921 [main] INFO  http.HttpServer2 (HttpServer2.java:bindListener(1191)) - Jetty bound to port 34821
2019-10-10 12:40:26,921 [main] INFO  server.Server (Server.java:doStart(351)) - jetty-9.3.25.v20180904, build timestamp: 2018-09-04T21:11:46Z, git hash: 3ce520221d0240229c862b122d2b06c12a625732
2019-10-10 12:40:26,923 [main] INFO  handler.ContextHandler (ContextHandler.java:doStart(781)) - Started o.e.j.s.ServletContextHandler@7f0d8eff{/logs,file:///workdir/hadoop-ozone/integration-test/target/log,AVAILABLE}
2019-10-10 12:40:26,923 [main] INFO  handler.ContextHandler (ContextHandler.java:doStart(781)) - Started o.e.j.s.ServletContextHandler@3ca3648{/static,jar:file:/home/user/.m2/repository/org/apache/hadoop/hadoop-hdds-container-service/0.5.0-SNAPSHOT/hadoop-hdds-container-service-0.5.0-SNAPSHOT.jar!/webapps/static,AVAILABLE}
2019-10-10 12:40:26,950 [main] INFO  handler.ContextHandler (ContextHandler.java:doStart(781)) - Started o.e.j.w.WebAppContext@20bb85b4{/,file:///tmp/jetty-0.0.0.0-34821-hddsDatanode-_-any-9119833447533934396.dir/webapp/,AVAILABLE}{/hddsDatanode}
2019-10-10 12:40:26,950 [main] INFO  server.AbstractConnector (AbstractConnector.java:doStart(278)) - Started ServerConnector@79add732{HTTP/1.1,[http/1.1]}{0.0.0.0:34821}
2019-10-10 12:40:26,953 [main] INFO  server.Server (Server.java:doStart(419)) - Started @601381ms
2019-10-10 12:40:26,953 [main] WARN  impl.MetricsSystemImpl (MetricsSystemImpl.java:register(276)) - Sink prometheus already exists!
2019-10-10 12:40:26,954 [main] INFO  server.BaseHttpServer (BaseHttpServer.java:updateConnectorAddress(215)) - HTTP server of HDDSDATANODE is listening at http://0.0.0.0:34821
2019-10-10 12:40:26,954 [main] INFO  impl.MetricsSystemImpl (MetricsSystemImpl.java:init(158)) - HddsDatanode metrics system started (again)
2019-10-10 12:40:26,961 [org.apache.hadoop.util.JvmPauseMonitor$Monitor@39b732a7] INFO  util.JvmPauseMonitor (JvmPauseMonitor.java:run(188)) - Starting JVM pause monitor
2019-10-10 12:40:26,963 [main] INFO  ozone.HddsDatanodeService (HddsDatanodeService.java:start(184)) - HddsDatanodeService host:pr-hdds-1569-9zzhf-258611273 ip:192.168.5.143
2019-10-10 12:40:26,963 [Datanode State Machine Thread - 0] INFO  datanode.InitDatanodeState (InitDatanodeState.java:persistContainerDatanodeDetails(140)) - DatanodeDetails is persisted to /workdir/hadoop-ozone/integration-test/target/test-dir/MiniOzoneClusterImpl-8284007a-d704-4ed0-a0ee-bee753f20599/datanode-1/meta/datanode.id
2019-10-10 12:40:26,970 [main] INFO  volume.HddsVolume (HddsVolume.java:<init>(176)) - Creating Volume: /workdir/hadoop-ozone/integration-test/target/test-dir/MiniOzoneClusterImpl-8284007a-d704-4ed0-a0ee-bee753f20599/datanode-2/data/containers/hdds of  storage type : DISK and capacity : 1482555576320
2019-10-10 12:40:26,970 [main] INFO  volume.VolumeSet (VolumeSet.java:initializeVolumeSet(170)) - Added Volume : /workdir/hadoop-ozone/integration-test/target/test-dir/MiniOzoneClusterImpl-8284007a-d704-4ed0-a0ee-bee753f20599/datanode-2/data/containers/hdds to VolumeSet
2019-10-10 12:40:26,970 [main] INFO  volume.ThrottledAsyncChecker (ThrottledAsyncChecker.java:schedule(139)) - Scheduling a check for org.apache.hadoop.ozone.container.common.volume.HddsVolume@700b9e6b
2019-10-10 12:40:26,971 [main] INFO  volume.HddsVolumeChecker (HddsVolumeChecker.java:checkAllVolumes(202)) - Scheduled health check for volume org.apache.hadoop.ozone.container.common.volume.HddsVolume@700b9e6b
2019-10-10 12:40:26,986 [main] INFO  impl.RaftServerProxy (ConfUtils.java:logGet(43)) - raft.rpc.type = GRPC (default)
2019-10-10 12:40:26,986 [main] INFO  grpc.GrpcFactory (GrpcFactory.java:checkPooledByteBufAllocatorUseCacheForAllThreads(45)) - PERFORMANCE WARNING: useCacheForAllThreads is true that may cause Netty to create a lot garbage objects and, as a result, trigger GC.
	It is recommended to disable useCacheForAllThreads by setting -Dorg.apache.ratis.thirdparty.io.netty.allocator.useCacheForAllThreads=false in command line.
2019-10-10 12:40:26,986 [main] INFO  grpc.GrpcConfigKeys$Server (ConfUtils.java:logGet(43)) - raft.grpc.server.port = 0 (default)
2019-10-10 12:40:26,987 [main] INFO  server.GrpcService (ConfUtils.java:logGet(43)) - raft.grpc.message.size.max = 33570816 (custom)
2019-10-10 12:40:26,987 [main] INFO  server.RaftServerConfigKeys (ConfUtils.java:logGet(43)) - raft.server.log.appender.buffer.byte-limit = 33554432 (custom)
2019-10-10 12:40:26,987 [main] INFO  server.GrpcService (ConfUtils.java:logGet(43)) - raft.grpc.flow.control.window = 1MB (=1048576) (default)
2019-10-10 12:40:26,987 [main] INFO  server.RaftServerConfigKeys (ConfUtils.java:logGet(43)) - raft.server.rpc.request.timeout = 3000ms (default)
2019-10-10 12:40:26,988 [main] INFO  server.RaftServerConfigKeys (ConfUtils.java:logGet(43)) - raft.server.storage.dir = [/workdir/hadoop-ozone/integration-test/target/test-dir/MiniOzoneClusterImpl-8284007a-d704-4ed0-a0ee-bee753f20599/datanode-2/data/ratis] (custom)
2019-10-10 12:40:26,989 [main] INFO  hdfs.DFSUtil (DFSUtil.java:httpServerTemplateForNNAndJN(1641)) - Starting Web-server for hddsDatanode at: http://0.0.0.0:0
2019-10-10 12:40:26,990 [main] INFO  server.AuthenticationFilter (AuthenticationFilter.java:constructSecretProvider(240)) - Unable to initialize FileSignerSecretProvider, falling back to use random secrets.
2019-10-10 12:40:26,990 [main] WARN  http.HttpRequestLog (HttpRequestLog.java:getRequestLog(97)) - Jetty request log can only be enabled using Log4j
2019-10-10 12:40:26,992 [main] INFO  http.HttpServer2 (HttpServer2.java:addGlobalFilter(975)) - Added global filter 'safety' (class=org.apache.hadoop.http.HttpServer2$QuotingInputFilter)
2019-10-10 12:40:26,992 [main] INFO  http.HttpServer2 (HttpServer2.java:addFilter(948)) - Added filter static_user_filter (class=org.apache.hadoop.http.lib.StaticUserWebFilter$StaticUserFilter) to context hddsDatanode
2019-10-10 12:40:26,992 [main] INFO  http.HttpServer2 (HttpServer2.java:addFilter(958)) - Added filter static_user_filter (class=org.apache.hadoop.http.lib.StaticUserWebFilter$StaticUserFilter) to context static
2019-10-10 12:40:26,992 [main] INFO  http.HttpServer2 (HttpServer2.java:addFilter(958)) - Added filter static_user_filter (class=org.apache.hadoop.http.lib.StaticUserWebFilter$StaticUserFilter) to context logs
2019-10-10 12:40:26,993 [main] INFO  http.HttpServer2 (HttpServer2.java:bindListener(1191)) - Jetty bound to port 35482
2019-10-10 12:40:26,993 [main] INFO  server.Server (Server.java:doStart(351)) - jetty-9.3.25.v20180904, build timestamp: 2018-09-04T21:11:46Z, git hash: 3ce520221d0240229c862b122d2b06c12a625732
2019-10-10 12:40:26,994 [main] INFO  handler.ContextHandler (ContextHandler.java:doStart(781)) - Started o.e.j.s.ServletContextHandler@4d81e83a{/logs,file:///workdir/hadoop-ozone/integration-test/target/log,AVAILABLE}
2019-10-10 12:40:26,995 [main] INFO  handler.ContextHandler (ContextHandler.java:doStart(781)) - Started o.e.j.s.ServletContextHandler@7cf8f45a{/static,jar:file:/home/user/.m2/repository/org/apache/hadoop/hadoop-hdds-container-service/0.5.0-SNAPSHOT/hadoop-hdds-container-service-0.5.0-SNAPSHOT.jar!/webapps/static,AVAILABLE}
2019-10-10 12:40:27,022 [main] INFO  handler.ContextHandler (ContextHandler.java:doStart(781)) - Started o.e.j.w.WebAppContext@7c71c889{/,file:///tmp/jetty-0.0.0.0-35482-hddsDatanode-_-any-2714166147105183257.dir/webapp/,AVAILABLE}{/hddsDatanode}
2019-10-10 12:40:27,022 [main] INFO  server.AbstractConnector (AbstractConnector.java:doStart(278)) - Started ServerConnector@4cc8d70d{HTTP/1.1,[http/1.1]}{0.0.0.0:35482}
2019-10-10 12:40:27,024 [main] INFO  server.Server (Server.java:doStart(419)) - Started @601453ms
2019-10-10 12:40:27,025 [main] WARN  impl.MetricsSystemImpl (MetricsSystemImpl.java:register(276)) - Sink prometheus already exists!
2019-10-10 12:40:27,025 [main] INFO  server.BaseHttpServer (BaseHttpServer.java:updateConnectorAddress(215)) - HTTP server of HDDSDATANODE is listening at http://0.0.0.0:35482
2019-10-10 12:40:27,026 [main] INFO  impl.MetricsSystemImpl (MetricsSystemImpl.java:init(158)) - HddsDatanode metrics system started (again)
2019-10-10 12:40:27,033 [org.apache.hadoop.util.JvmPauseMonitor$Monitor@84726f8] INFO  util.JvmPauseMonitor (JvmPauseMonitor.java:run(188)) - Starting JVM pause monitor
2019-10-10 12:40:27,034 [main] INFO  ozone.HddsDatanodeService (HddsDatanodeService.java:start(184)) - HddsDatanodeService host:pr-hdds-1569-9zzhf-258611273 ip:192.168.5.143
2019-10-10 12:40:27,034 [Datanode State Machine Thread - 0] INFO  datanode.InitDatanodeState (InitDatanodeState.java:persistContainerDatanodeDetails(140)) - DatanodeDetails is persisted to /workdir/hadoop-ozone/integration-test/target/test-dir/MiniOzoneClusterImpl-8284007a-d704-4ed0-a0ee-bee753f20599/datanode-2/meta/datanode.id
2019-10-10 12:40:27,041 [main] INFO  volume.HddsVolume (HddsVolume.java:<init>(176)) - Creating Volume: /workdir/hadoop-ozone/integration-test/target/test-dir/MiniOzoneClusterImpl-8284007a-d704-4ed0-a0ee-bee753f20599/datanode-3/data/containers/hdds of  storage type : DISK and capacity : 1482555576320
2019-10-10 12:40:27,041 [main] INFO  volume.VolumeSet (VolumeSet.java:initializeVolumeSet(170)) - Added Volume : /workdir/hadoop-ozone/integration-test/target/test-dir/MiniOzoneClusterImpl-8284007a-d704-4ed0-a0ee-bee753f20599/datanode-3/data/containers/hdds to VolumeSet
2019-10-10 12:40:27,042 [main] INFO  volume.ThrottledAsyncChecker (ThrottledAsyncChecker.java:schedule(139)) - Scheduling a check for org.apache.hadoop.ozone.container.common.volume.HddsVolume@19526f1d
2019-10-10 12:40:27,042 [main] INFO  volume.HddsVolumeChecker (HddsVolumeChecker.java:checkAllVolumes(202)) - Scheduled health check for volume org.apache.hadoop.ozone.container.common.volume.HddsVolume@19526f1d
2019-10-10 12:40:27,054 [main] INFO  impl.RaftServerProxy (ConfUtils.java:logGet(43)) - raft.rpc.type = GRPC (default)
2019-10-10 12:40:27,055 [main] INFO  grpc.GrpcFactory (GrpcFactory.java:checkPooledByteBufAllocatorUseCacheForAllThreads(45)) - PERFORMANCE WARNING: useCacheForAllThreads is true that may cause Netty to create a lot garbage objects and, as a result, trigger GC.
	It is recommended to disable useCacheForAllThreads by setting -Dorg.apache.ratis.thirdparty.io.netty.allocator.useCacheForAllThreads=false in command line.
2019-10-10 12:40:27,055 [main] INFO  grpc.GrpcConfigKeys$Server (ConfUtils.java:logGet(43)) - raft.grpc.server.port = 0 (default)
2019-10-10 12:40:27,055 [main] INFO  server.GrpcService (ConfUtils.java:logGet(43)) - raft.grpc.message.size.max = 33570816 (custom)
2019-10-10 12:40:27,055 [main] INFO  server.RaftServerConfigKeys (ConfUtils.java:logGet(43)) - raft.server.log.appender.buffer.byte-limit = 33554432 (custom)
2019-10-10 12:40:27,055 [main] INFO  server.GrpcService (ConfUtils.java:logGet(43)) - raft.grpc.flow.control.window = 1MB (=1048576) (default)
2019-10-10 12:40:27,056 [main] INFO  server.RaftServerConfigKeys (ConfUtils.java:logGet(43)) - raft.server.rpc.request.timeout = 3000ms (default)
2019-10-10 12:40:27,056 [main] INFO  server.RaftServerConfigKeys (ConfUtils.java:logGet(43)) - raft.server.storage.dir = [/workdir/hadoop-ozone/integration-test/target/test-dir/MiniOzoneClusterImpl-8284007a-d704-4ed0-a0ee-bee753f20599/datanode-3/data/ratis] (custom)
2019-10-10 12:40:27,057 [main] INFO  hdfs.DFSUtil (DFSUtil.java:httpServerTemplateForNNAndJN(1641)) - Starting Web-server for hddsDatanode at: http://0.0.0.0:0
2019-10-10 12:40:27,058 [main] INFO  server.AuthenticationFilter (AuthenticationFilter.java:constructSecretProvider(240)) - Unable to initialize FileSignerSecretProvider, falling back to use random secrets.
2019-10-10 12:40:27,058 [main] WARN  http.HttpRequestLog (HttpRequestLog.java:getRequestLog(97)) - Jetty request log can only be enabled using Log4j
2019-10-10 12:40:27,059 [main] INFO  http.HttpServer2 (HttpServer2.java:addGlobalFilter(975)) - Added global filter 'safety' (class=org.apache.hadoop.http.HttpServer2$QuotingInputFilter)
2019-10-10 12:40:27,060 [main] INFO  http.HttpServer2 (HttpServer2.java:addFilter(948)) - Added filter static_user_filter (class=org.apache.hadoop.http.lib.StaticUserWebFilter$StaticUserFilter) to context hddsDatanode
2019-10-10 12:40:27,060 [main] INFO  http.HttpServer2 (HttpServer2.java:addFilter(958)) - Added filter static_user_filter (class=org.apache.hadoop.http.lib.StaticUserWebFilter$StaticUserFilter) to context logs
2019-10-10 12:40:27,060 [main] INFO  http.HttpServer2 (HttpServer2.java:addFilter(958)) - Added filter static_user_filter (class=org.apache.hadoop.http.lib.StaticUserWebFilter$StaticUserFilter) to context static
2019-10-10 12:40:27,061 [main] INFO  http.HttpServer2 (HttpServer2.java:bindListener(1191)) - Jetty bound to port 39899
2019-10-10 12:40:27,061 [main] INFO  server.Server (Server.java:doStart(351)) - jetty-9.3.25.v20180904, build timestamp: 2018-09-04T21:11:46Z, git hash: 3ce520221d0240229c862b122d2b06c12a625732
2019-10-10 12:40:27,062 [main] INFO  handler.ContextHandler (ContextHandler.java:doStart(781)) - Started o.e.j.s.ServletContextHandler@73e4bb60{/logs,file:///workdir/hadoop-ozone/integration-test/target/log,AVAILABLE}
2019-10-10 12:40:27,063 [main] INFO  handler.ContextHandler (ContextHandler.java:doStart(781)) - Started o.e.j.s.ServletContextHandler@3a3883c4{/static,jar:file:/home/user/.m2/repository/org/apache/hadoop/hadoop-hdds-container-service/0.5.0-SNAPSHOT/hadoop-hdds-container-service-0.5.0-SNAPSHOT.jar!/webapps/static,AVAILABLE}
2019-10-10 12:40:27,089 [main] INFO  handler.ContextHandler (ContextHandler.java:doStart(781)) - Started o.e.j.w.WebAppContext@2b79c8ff{/,file:///tmp/jetty-0.0.0.0-39899-hddsDatanode-_-any-3692168914201948462.dir/webapp/,AVAILABLE}{/hddsDatanode}
2019-10-10 12:40:27,089 [main] INFO  server.AbstractConnector (AbstractConnector.java:doStart(278)) - Started ServerConnector@2baf72d5{HTTP/1.1,[http/1.1]}{0.0.0.0:39899}
2019-10-10 12:40:27,092 [main] INFO  server.Server (Server.java:doStart(419)) - Started @601522ms
2019-10-10 12:40:27,092 [main] WARN  impl.MetricsSystemImpl (MetricsSystemImpl.java:register(276)) - Sink prometheus already exists!
2019-10-10 12:40:27,092 [main] INFO  server.BaseHttpServer (BaseHttpServer.java:updateConnectorAddress(215)) - HTTP server of HDDSDATANODE is listening at http://0.0.0.0:39899
2019-10-10 12:40:27,093 [main] INFO  impl.MetricsSystemImpl (MetricsSystemImpl.java:init(158)) - HddsDatanode metrics system started (again)
2019-10-10 12:40:27,100 [org.apache.hadoop.util.JvmPauseMonitor$Monitor@21b31cd5] INFO  util.JvmPauseMonitor (JvmPauseMonitor.java:run(188)) - Starting JVM pause monitor
2019-10-10 12:40:27,101 [main] INFO  ozone.HddsDatanodeService (HddsDatanodeService.java:start(184)) - HddsDatanodeService host:pr-hdds-1569-9zzhf-258611273 ip:192.168.5.143
2019-10-10 12:40:27,101 [Datanode State Machine Thread - 0] INFO  datanode.InitDatanodeState (InitDatanodeState.java:persistContainerDatanodeDetails(140)) - DatanodeDetails is persisted to /workdir/hadoop-ozone/integration-test/target/test-dir/MiniOzoneClusterImpl-8284007a-d704-4ed0-a0ee-bee753f20599/datanode-3/meta/datanode.id
2019-10-10 12:40:27,108 [main] INFO  volume.HddsVolume (HddsVolume.java:<init>(176)) - Creating Volume: /workdir/hadoop-ozone/integration-test/target/test-dir/MiniOzoneClusterImpl-8284007a-d704-4ed0-a0ee-bee753f20599/datanode-4/data/containers/hdds of  storage type : DISK and capacity : 1482555576320
2019-10-10 12:40:27,108 [main] INFO  volume.VolumeSet (VolumeSet.java:initializeVolumeSet(170)) - Added Volume : /workdir/hadoop-ozone/integration-test/target/test-dir/MiniOzoneClusterImpl-8284007a-d704-4ed0-a0ee-bee753f20599/datanode-4/data/containers/hdds to VolumeSet
2019-10-10 12:40:27,109 [main] INFO  volume.ThrottledAsyncChecker (ThrottledAsyncChecker.java:schedule(139)) - Scheduling a check for org.apache.hadoop.ozone.container.common.volume.HddsVolume@35d7386b
2019-10-10 12:40:27,109 [main] INFO  volume.HddsVolumeChecker (HddsVolumeChecker.java:checkAllVolumes(202)) - Scheduled health check for volume org.apache.hadoop.ozone.container.common.volume.HddsVolume@35d7386b
2019-10-10 12:40:27,127 [main] INFO  impl.RaftServerProxy (ConfUtils.java:logGet(43)) - raft.rpc.type = GRPC (default)
2019-10-10 12:40:27,128 [main] INFO  grpc.GrpcFactory (GrpcFactory.java:checkPooledByteBufAllocatorUseCacheForAllThreads(45)) - PERFORMANCE WARNING: useCacheForAllThreads is true that may cause Netty to create a lot garbage objects and, as a result, trigger GC.
	It is recommended to disable useCacheForAllThreads by setting -Dorg.apache.ratis.thirdparty.io.netty.allocator.useCacheForAllThreads=false in command line.
2019-10-10 12:40:27,128 [main] INFO  grpc.GrpcConfigKeys$Server (ConfUtils.java:logGet(43)) - raft.grpc.server.port = 0 (default)
2019-10-10 12:40:27,128 [main] INFO  server.GrpcService (ConfUtils.java:logGet(43)) - raft.grpc.message.size.max = 33570816 (custom)
2019-10-10 12:40:27,128 [main] INFO  server.RaftServerConfigKeys (ConfUtils.java:logGet(43)) - raft.server.log.appender.buffer.byte-limit = 33554432 (custom)
2019-10-10 12:40:27,129 [main] INFO  server.GrpcService (ConfUtils.java:logGet(43)) - raft.grpc.flow.control.window = 1MB (=1048576) (default)
2019-10-10 12:40:27,129 [main] INFO  server.RaftServerConfigKeys (ConfUtils.java:logGet(43)) - raft.server.rpc.request.timeout = 3000ms (default)
2019-10-10 12:40:27,129 [main] INFO  server.RaftServerConfigKeys (ConfUtils.java:logGet(43)) - raft.server.storage.dir = [/workdir/hadoop-ozone/integration-test/target/test-dir/MiniOzoneClusterImpl-8284007a-d704-4ed0-a0ee-bee753f20599/datanode-4/data/ratis] (custom)
2019-10-10 12:40:27,131 [main] INFO  hdfs.DFSUtil (DFSUtil.java:httpServerTemplateForNNAndJN(1641)) - Starting Web-server for hddsDatanode at: http://0.0.0.0:0
2019-10-10 12:40:27,132 [main] INFO  server.AuthenticationFilter (AuthenticationFilter.java:constructSecretProvider(240)) - Unable to initialize FileSignerSecretProvider, falling back to use random secrets.
2019-10-10 12:40:27,132 [main] WARN  http.HttpRequestLog (HttpRequestLog.java:getRequestLog(97)) - Jetty request log can only be enabled using Log4j
2019-10-10 12:40:27,133 [main] INFO  http.HttpServer2 (HttpServer2.java:addGlobalFilter(975)) - Added global filter 'safety' (class=org.apache.hadoop.http.HttpServer2$QuotingInputFilter)
2019-10-10 12:40:27,134 [main] INFO  http.HttpServer2 (HttpServer2.java:addFilter(948)) - Added filter static_user_filter (class=org.apache.hadoop.http.lib.StaticUserWebFilter$StaticUserFilter) to context hddsDatanode
2019-10-10 12:40:27,134 [main] INFO  http.HttpServer2 (HttpServer2.java:addFilter(958)) - Added filter static_user_filter (class=org.apache.hadoop.http.lib.StaticUserWebFilter$StaticUserFilter) to context logs
2019-10-10 12:40:27,134 [main] INFO  http.HttpServer2 (HttpServer2.java:addFilter(958)) - Added filter static_user_filter (class=org.apache.hadoop.http.lib.StaticUserWebFilter$StaticUserFilter) to context static
2019-10-10 12:40:27,135 [main] INFO  http.HttpServer2 (HttpServer2.java:bindListener(1191)) - Jetty bound to port 37643
2019-10-10 12:40:27,135 [main] INFO  server.Server (Server.java:doStart(351)) - jetty-9.3.25.v20180904, build timestamp: 2018-09-04T21:11:46Z, git hash: 3ce520221d0240229c862b122d2b06c12a625732
2019-10-10 12:40:27,136 [main] INFO  handler.ContextHandler (ContextHandler.java:doStart(781)) - Started o.e.j.s.ServletContextHandler@26275b46{/logs,file:///workdir/hadoop-ozone/integration-test/target/log,AVAILABLE}
2019-10-10 12:40:27,137 [main] INFO  handler.ContextHandler (ContextHandler.java:doStart(781)) - Started o.e.j.s.ServletContextHandler@2f15a964{/static,jar:file:/home/user/.m2/repository/org/apache/hadoop/hadoop-hdds-container-service/0.5.0-SNAPSHOT/hadoop-hdds-container-service-0.5.0-SNAPSHOT.jar!/webapps/static,AVAILABLE}
2019-10-10 12:40:27,164 [main] INFO  handler.ContextHandler (ContextHandler.java:doStart(781)) - Started o.e.j.w.WebAppContext@27c53c32{/,file:///tmp/jetty-0.0.0.0-37643-hddsDatanode-_-any-5251950872556953421.dir/webapp/,AVAILABLE}{/hddsDatanode}
2019-10-10 12:40:27,164 [main] INFO  server.AbstractConnector (AbstractConnector.java:doStart(278)) - Started ServerConnector@68aec50{HTTP/1.1,[http/1.1]}{0.0.0.0:37643}
2019-10-10 12:40:27,165 [main] INFO  server.Server (Server.java:doStart(419)) - Started @601595ms
2019-10-10 12:40:27,167 [main] WARN  impl.MetricsSystemImpl (MetricsSystemImpl.java:register(276)) - Sink prometheus already exists!
2019-10-10 12:40:27,168 [main] INFO  server.BaseHttpServer (BaseHttpServer.java:updateConnectorAddress(215)) - HTTP server of HDDSDATANODE is listening at http://0.0.0.0:37643
2019-10-10 12:40:27,168 [main] INFO  impl.MetricsSystemImpl (MetricsSystemImpl.java:init(158)) - HddsDatanode metrics system started (again)
2019-10-10 12:40:27,177 [org.apache.hadoop.util.JvmPauseMonitor$Monitor@74384bd0] INFO  util.JvmPauseMonitor (JvmPauseMonitor.java:run(188)) - Starting JVM pause monitor
2019-10-10 12:40:27,177 [main] INFO  ozone.HddsDatanodeService (HddsDatanodeService.java:start(184)) - HddsDatanodeService host:pr-hdds-1569-9zzhf-258611273 ip:192.168.5.143
2019-10-10 12:40:27,178 [Datanode State Machine Thread - 0] INFO  datanode.InitDatanodeState (InitDatanodeState.java:persistContainerDatanodeDetails(140)) - DatanodeDetails is persisted to /workdir/hadoop-ozone/integration-test/target/test-dir/MiniOzoneClusterImpl-8284007a-d704-4ed0-a0ee-bee753f20599/datanode-4/meta/datanode.id
2019-10-10 12:40:27,185 [main] INFO  volume.HddsVolume (HddsVolume.java:<init>(176)) - Creating Volume: /workdir/hadoop-ozone/integration-test/target/test-dir/MiniOzoneClusterImpl-8284007a-d704-4ed0-a0ee-bee753f20599/datanode-5/data/containers/hdds of  storage type : DISK and capacity : 1482555576320
2019-10-10 12:40:27,185 [main] INFO  volume.VolumeSet (VolumeSet.java:initializeVolumeSet(170)) - Added Volume : /workdir/hadoop-ozone/integration-test/target/test-dir/MiniOzoneClusterImpl-8284007a-d704-4ed0-a0ee-bee753f20599/datanode-5/data/containers/hdds to VolumeSet
2019-10-10 12:40:27,185 [main] INFO  volume.ThrottledAsyncChecker (ThrottledAsyncChecker.java:schedule(139)) - Scheduling a check for org.apache.hadoop.ozone.container.common.volume.HddsVolume@722531ab
2019-10-10 12:40:27,186 [main] INFO  volume.HddsVolumeChecker (HddsVolumeChecker.java:checkAllVolumes(202)) - Scheduled health check for volume org.apache.hadoop.ozone.container.common.volume.HddsVolume@722531ab
2019-10-10 12:40:27,200 [main] INFO  impl.RaftServerProxy (ConfUtils.java:logGet(43)) - raft.rpc.type = GRPC (default)
2019-10-10 12:40:27,200 [main] INFO  grpc.GrpcFactory (GrpcFactory.java:checkPooledByteBufAllocatorUseCacheForAllThreads(45)) - PERFORMANCE WARNING: useCacheForAllThreads is true that may cause Netty to create a lot garbage objects and, as a result, trigger GC.
	It is recommended to disable useCacheForAllThreads by setting -Dorg.apache.ratis.thirdparty.io.netty.allocator.useCacheForAllThreads=false in command line.
2019-10-10 12:40:27,200 [main] INFO  grpc.GrpcConfigKeys$Server (ConfUtils.java:logGet(43)) - raft.grpc.server.port = 0 (default)
2019-10-10 12:40:27,201 [main] INFO  server.GrpcService (ConfUtils.java:logGet(43)) - raft.grpc.message.size.max = 33570816 (custom)
2019-10-10 12:40:27,201 [main] INFO  server.RaftServerConfigKeys (ConfUtils.java:logGet(43)) - raft.server.log.appender.buffer.byte-limit = 33554432 (custom)
2019-10-10 12:40:27,201 [main] INFO  server.GrpcService (ConfUtils.java:logGet(43)) - raft.grpc.flow.control.window = 1MB (=1048576) (default)
2019-10-10 12:40:27,201 [main] INFO  server.RaftServerConfigKeys (ConfUtils.java:logGet(43)) - raft.server.rpc.request.timeout = 3000ms (default)
2019-10-10 12:40:27,202 [main] INFO  server.RaftServerConfigKeys (ConfUtils.java:logGet(43)) - raft.server.storage.dir = [/workdir/hadoop-ozone/integration-test/target/test-dir/MiniOzoneClusterImpl-8284007a-d704-4ed0-a0ee-bee753f20599/datanode-5/data/ratis] (custom)
2019-10-10 12:40:27,203 [main] INFO  hdfs.DFSUtil (DFSUtil.java:httpServerTemplateForNNAndJN(1641)) - Starting Web-server for hddsDatanode at: http://0.0.0.0:0
2019-10-10 12:40:27,204 [main] INFO  server.AuthenticationFilter (AuthenticationFilter.java:constructSecretProvider(240)) - Unable to initialize FileSignerSecretProvider, falling back to use random secrets.
2019-10-10 12:40:27,204 [main] WARN  http.HttpRequestLog (HttpRequestLog.java:getRequestLog(97)) - Jetty request log can only be enabled using Log4j
2019-10-10 12:40:27,205 [main] INFO  http.HttpServer2 (HttpServer2.java:addGlobalFilter(975)) - Added global filter 'safety' (class=org.apache.hadoop.http.HttpServer2$QuotingInputFilter)
2019-10-10 12:40:27,206 [main] INFO  http.HttpServer2 (HttpServer2.java:addFilter(948)) - Added filter static_user_filter (class=org.apache.hadoop.http.lib.StaticUserWebFilter$StaticUserFilter) to context hddsDatanode
2019-10-10 12:40:27,206 [main] INFO  http.HttpServer2 (HttpServer2.java:addFilter(958)) - Added filter static_user_filter (class=org.apache.hadoop.http.lib.StaticUserWebFilter$StaticUserFilter) to context static
2019-10-10 12:40:27,206 [main] INFO  http.HttpServer2 (HttpServer2.java:addFilter(958)) - Added filter static_user_filter (class=org.apache.hadoop.http.lib.StaticUserWebFilter$StaticUserFilter) to context logs
2019-10-10 12:40:27,206 [main] INFO  http.HttpServer2 (HttpServer2.java:bindListener(1191)) - Jetty bound to port 33233
2019-10-10 12:40:27,207 [main] INFO  server.Server (Server.java:doStart(351)) - jetty-9.3.25.v20180904, build timestamp: 2018-09-04T21:11:46Z, git hash: 3ce520221d0240229c862b122d2b06c12a625732
2019-10-10 12:40:27,208 [main] INFO  handler.ContextHandler (ContextHandler.java:doStart(781)) - Started o.e.j.s.ServletContextHandler@20a3e10c{/logs,file:///workdir/hadoop-ozone/integration-test/target/log,AVAILABLE}
2019-10-10 12:40:27,208 [main] INFO  handler.ContextHandler (ContextHandler.java:doStart(781)) - Started o.e.j.s.ServletContextHandler@5e2a6991{/static,jar:file:/home/user/.m2/repository/org/apache/hadoop/hadoop-hdds-container-service/0.5.0-SNAPSHOT/hadoop-hdds-container-service-0.5.0-SNAPSHOT.jar!/webapps/static,AVAILABLE}
2019-10-10 12:40:27,235 [main] INFO  handler.ContextHandler (ContextHandler.java:doStart(781)) - Started o.e.j.w.WebAppContext@760f1081{/,file:///tmp/jetty-0.0.0.0-33233-hddsDatanode-_-any-3516275324495808296.dir/webapp/,AVAILABLE}{/hddsDatanode}
2019-10-10 12:40:27,235 [main] INFO  server.AbstractConnector (AbstractConnector.java:doStart(278)) - Started ServerConnector@52621501{HTTP/1.1,[http/1.1]}{0.0.0.0:33233}
2019-10-10 12:40:27,235 [main] INFO  server.Server (Server.java:doStart(419)) - Started @601665ms
2019-10-10 12:40:27,238 [main] WARN  impl.MetricsSystemImpl (MetricsSystemImpl.java:register(276)) - Sink prometheus already exists!
2019-10-10 12:40:27,239 [main] INFO  server.BaseHttpServer (BaseHttpServer.java:updateConnectorAddress(215)) - HTTP server of HDDSDATANODE is listening at http://0.0.0.0:33233
2019-10-10 12:40:27,239 [main] INFO  impl.MetricsSystemImpl (MetricsSystemImpl.java:init(158)) - HddsDatanode metrics system started (again)
2019-10-10 12:40:27,248 [org.apache.hadoop.util.JvmPauseMonitor$Monitor@6b5b532b] INFO  util.JvmPauseMonitor (JvmPauseMonitor.java:run(188)) - Starting JVM pause monitor
2019-10-10 12:40:27,249 [main] INFO  ozone.HddsDatanodeService (HddsDatanodeService.java:start(184)) - HddsDatanodeService host:pr-hdds-1569-9zzhf-258611273 ip:192.168.5.143
2019-10-10 12:40:27,250 [Datanode State Machine Thread - 0] INFO  datanode.InitDatanodeState (InitDatanodeState.java:persistContainerDatanodeDetails(140)) - DatanodeDetails is persisted to /workdir/hadoop-ozone/integration-test/target/test-dir/MiniOzoneClusterImpl-8284007a-d704-4ed0-a0ee-bee753f20599/datanode-5/meta/datanode.id
2019-10-10 12:40:27,257 [main] INFO  volume.HddsVolume (HddsVolume.java:<init>(176)) - Creating Volume: /workdir/hadoop-ozone/integration-test/target/test-dir/MiniOzoneClusterImpl-8284007a-d704-4ed0-a0ee-bee753f20599/datanode-6/data/containers/hdds of  storage type : DISK and capacity : 1482555576320
2019-10-10 12:40:27,257 [main] INFO  volume.VolumeSet (VolumeSet.java:initializeVolumeSet(170)) - Added Volume : /workdir/hadoop-ozone/integration-test/target/test-dir/MiniOzoneClusterImpl-8284007a-d704-4ed0-a0ee-bee753f20599/datanode-6/data/containers/hdds to VolumeSet
2019-10-10 12:40:27,258 [main] INFO  volume.ThrottledAsyncChecker (ThrottledAsyncChecker.java:schedule(139)) - Scheduling a check for org.apache.hadoop.ozone.container.common.volume.HddsVolume@70091872
2019-10-10 12:40:27,258 [main] INFO  volume.HddsVolumeChecker (HddsVolumeChecker.java:checkAllVolumes(202)) - Scheduled health check for volume org.apache.hadoop.ozone.container.common.volume.HddsVolume@70091872
2019-10-10 12:40:27,272 [main] INFO  impl.RaftServerProxy (ConfUtils.java:logGet(43)) - raft.rpc.type = GRPC (default)
2019-10-10 12:40:27,273 [main] INFO  grpc.GrpcFactory (GrpcFactory.java:checkPooledByteBufAllocatorUseCacheForAllThreads(45)) - PERFORMANCE WARNING: useCacheForAllThreads is true that may cause Netty to create a lot garbage objects and, as a result, trigger GC.
	It is recommended to disable useCacheForAllThreads by setting -Dorg.apache.ratis.thirdparty.io.netty.allocator.useCacheForAllThreads=false in command line.
2019-10-10 12:40:27,273 [main] INFO  grpc.GrpcConfigKeys$Server (ConfUtils.java:logGet(43)) - raft.grpc.server.port = 0 (default)
2019-10-10 12:40:27,273 [main] INFO  server.GrpcService (ConfUtils.java:logGet(43)) - raft.grpc.message.size.max = 33570816 (custom)
2019-10-10 12:40:27,273 [main] INFO  server.RaftServerConfigKeys (ConfUtils.java:logGet(43)) - raft.server.log.appender.buffer.byte-limit = 33554432 (custom)
2019-10-10 12:40:27,273 [main] INFO  server.GrpcService (ConfUtils.java:logGet(43)) - raft.grpc.flow.control.window = 1MB (=1048576) (default)
2019-10-10 12:40:27,274 [main] INFO  server.RaftServerConfigKeys (ConfUtils.java:logGet(43)) - raft.server.rpc.request.timeout = 3000ms (default)
2019-10-10 12:40:27,274 [main] INFO  server.RaftServerConfigKeys (ConfUtils.java:logGet(43)) - raft.server.storage.dir = [/workdir/hadoop-ozone/integration-test/target/test-dir/MiniOzoneClusterImpl-8284007a-d704-4ed0-a0ee-bee753f20599/datanode-6/data/ratis] (custom)
2019-10-10 12:40:27,275 [main] INFO  hdfs.DFSUtil (DFSUtil.java:httpServerTemplateForNNAndJN(1641)) - Starting Web-server for hddsDatanode at: http://0.0.0.0:0
2019-10-10 12:40:27,276 [main] INFO  server.AuthenticationFilter (AuthenticationFilter.java:constructSecretProvider(240)) - Unable to initialize FileSignerSecretProvider, falling back to use random secrets.
2019-10-10 12:40:27,276 [main] WARN  http.HttpRequestLog (HttpRequestLog.java:getRequestLog(97)) - Jetty request log can only be enabled using Log4j
2019-10-10 12:40:27,278 [main] INFO  http.HttpServer2 (HttpServer2.java:addGlobalFilter(975)) - Added global filter 'safety' (class=org.apache.hadoop.http.HttpServer2$QuotingInputFilter)
2019-10-10 12:40:27,278 [main] INFO  http.HttpServer2 (HttpServer2.java:addFilter(948)) - Added filter static_user_filter (class=org.apache.hadoop.http.lib.StaticUserWebFilter$StaticUserFilter) to context hddsDatanode
2019-10-10 12:40:27,278 [main] INFO  http.HttpServer2 (HttpServer2.java:addFilter(958)) - Added filter static_user_filter (class=org.apache.hadoop.http.lib.StaticUserWebFilter$StaticUserFilter) to context static
2019-10-10 12:40:27,279 [main] INFO  http.HttpServer2 (HttpServer2.java:addFilter(958)) - Added filter static_user_filter (class=org.apache.hadoop.http.lib.StaticUserWebFilter$StaticUserFilter) to context logs
2019-10-10 12:40:27,279 [main] INFO  http.HttpServer2 (HttpServer2.java:bindListener(1191)) - Jetty bound to port 42706
2019-10-10 12:40:27,279 [main] INFO  server.Server (Server.java:doStart(351)) - jetty-9.3.25.v20180904, build timestamp: 2018-09-04T21:11:46Z, git hash: 3ce520221d0240229c862b122d2b06c12a625732
2019-10-10 12:40:27,281 [main] INFO  handler.ContextHandler (ContextHandler.java:doStart(781)) - Started o.e.j.s.ServletContextHandler@54326e9{/logs,file:///workdir/hadoop-ozone/integration-test/target/log,AVAILABLE}
2019-10-10 12:40:27,281 [main] INFO  handler.ContextHandler (ContextHandler.java:doStart(781)) - Started o.e.j.s.ServletContextHandler@2b441e56{/static,jar:file:/home/user/.m2/repository/org/apache/hadoop/hadoop-hdds-container-service/0.5.0-SNAPSHOT/hadoop-hdds-container-service-0.5.0-SNAPSHOT.jar!/webapps/static,AVAILABLE}
2019-10-10 12:40:27,308 [main] INFO  handler.ContextHandler (ContextHandler.java:doStart(781)) - Started o.e.j.w.WebAppContext@4e48462d{/,file:///tmp/jetty-0.0.0.0-42706-hddsDatanode-_-any-5690855983459247106.dir/webapp/,AVAILABLE}{/hddsDatanode}
2019-10-10 12:40:27,308 [main] INFO  server.AbstractConnector (AbstractConnector.java:doStart(278)) - Started ServerConnector@17216605{HTTP/1.1,[http/1.1]}{0.0.0.0:42706}
2019-10-10 12:40:27,318 [main] INFO  server.Server (Server.java:doStart(419)) - Started @601749ms
2019-10-10 12:40:27,319 [main] WARN  impl.MetricsSystemImpl (MetricsSystemImpl.java:register(276)) - Sink prometheus already exists!
2019-10-10 12:40:27,319 [main] INFO  server.BaseHttpServer (BaseHttpServer.java:updateConnectorAddress(215)) - HTTP server of HDDSDATANODE is listening at http://0.0.0.0:42706
2019-10-10 12:40:27,320 [main] INFO  ozone.MiniOzoneClusterImpl (MiniOzoneClusterImpl.java:lambda$waitForClusterToBeReady$0(147)) - Waiting for cluster to be ready. Got 0 of 7 DN Heartbeats.
2019-10-10 12:40:27,321 [org.apache.hadoop.util.JvmPauseMonitor$Monitor@4fb7fdc5] INFO  util.JvmPauseMonitor (JvmPauseMonitor.java:run(188)) - Starting JVM pause monitor
2019-10-10 12:40:27,322 [Datanode State Machine Thread - 0] INFO  datanode.InitDatanodeState (InitDatanodeState.java:persistContainerDatanodeDetails(140)) - DatanodeDetails is persisted to /workdir/hadoop-ozone/integration-test/target/test-dir/MiniOzoneClusterImpl-8284007a-d704-4ed0-a0ee-bee753f20599/datanode-6/meta/datanode.id
2019-10-10 12:40:28,320 [main] INFO  ozone.MiniOzoneClusterImpl (MiniOzoneClusterImpl.java:lambda$waitForClusterToBeReady$0(147)) - Waiting for cluster to be ready. Got 0 of 7 DN Heartbeats.
2019-10-10 12:40:28,916 [Datanode State Machine Thread - 0] INFO  ozoneimpl.OzoneContainer (OzoneContainer.java:start(217)) - Attempting to start container services.
2019-10-10 12:40:28,917 [Datanode State Machine Thread - 0] INFO  ozoneimpl.OzoneContainer (OzoneContainer.java:startContainerScrub(179)) - Background container scanner has been disabled.
2019-10-10 12:40:28,917 [Datanode State Machine Thread - 0] INFO  ratis.XceiverServerRatis (XceiverServerRatis.java:start(411)) - Starting XceiverServerRatis 2977129d-288a-401c-9baf-20955028e955 at port 0
2019-10-10 12:40:28,922 [Datanode State Machine Thread - 0] INFO  impl.RaftServerProxy (RaftServerProxy.java:lambda$start$3(299)) - 2977129d-288a-401c-9baf-20955028e955: start RPC server
2019-10-10 12:40:28,924 [Datanode State Machine Thread - 0] INFO  server.GrpcService (GrpcService.java:startImpl(158)) - 2977129d-288a-401c-9baf-20955028e955: GrpcService started, listening on 0.0.0.0/0.0.0.0:38849
2019-10-10 12:40:28,924 [Datanode State Machine Thread - 0] INFO  ratis.XceiverServerRatis (XceiverServerRatis.java:start(421)) - XceiverServerRatis 2977129d-288a-401c-9baf-20955028e955 is started using port 38849
2019-10-10 12:40:28,925 [Datanode State Machine Thread - 0] INFO  server.XceiverServerGrpc (XceiverServerGrpc.java:start(149)) - XceiverServerGrpc 2977129d-288a-401c-9baf-20955028e955 is started using port 42716
2019-10-10 12:40:28,984 [Datanode State Machine Thread - 0] INFO  ozoneimpl.OzoneContainer (OzoneContainer.java:start(217)) - Attempting to start container services.
2019-10-10 12:40:28,984 [Datanode State Machine Thread - 0] INFO  ozoneimpl.OzoneContainer (OzoneContainer.java:startContainerScrub(179)) - Background container scanner has been disabled.
2019-10-10 12:40:28,984 [Datanode State Machine Thread - 0] INFO  ratis.XceiverServerRatis (XceiverServerRatis.java:start(411)) - Starting XceiverServerRatis a5b85608-7f11-46ec-ae19-494ab54f3701 at port 0
2019-10-10 12:40:28,991 [Datanode State Machine Thread - 0] INFO  impl.RaftServerProxy (RaftServerProxy.java:lambda$start$3(299)) - a5b85608-7f11-46ec-ae19-494ab54f3701: start RPC server
2019-10-10 12:40:28,991 [Datanode State Machine Thread - 0] INFO  server.GrpcService (GrpcService.java:startImpl(158)) - a5b85608-7f11-46ec-ae19-494ab54f3701: GrpcService started, listening on 0.0.0.0/0.0.0.0:39887
2019-10-10 12:40:28,991 [Datanode State Machine Thread - 0] INFO  ratis.XceiverServerRatis (XceiverServerRatis.java:start(421)) - XceiverServerRatis a5b85608-7f11-46ec-ae19-494ab54f3701 is started using port 39887
2019-10-10 12:40:28,992 [Datanode State Machine Thread - 0] INFO  server.XceiverServerGrpc (XceiverServerGrpc.java:start(149)) - XceiverServerGrpc a5b85608-7f11-46ec-ae19-494ab54f3701 is started using port 40819
2019-10-10 12:40:29,047 [Datanode State Machine Thread - 0] INFO  ozoneimpl.OzoneContainer (OzoneContainer.java:start(217)) - Attempting to start container services.
2019-10-10 12:40:29,047 [Datanode State Machine Thread - 0] INFO  ozoneimpl.OzoneContainer (OzoneContainer.java:startContainerScrub(179)) - Background container scanner has been disabled.
2019-10-10 12:40:29,047 [Datanode State Machine Thread - 0] INFO  ratis.XceiverServerRatis (XceiverServerRatis.java:start(411)) - Starting XceiverServerRatis eb492a76-ee7b-4591-82c0-07dc34c8f09d at port 0
2019-10-10 12:40:29,054 [Datanode State Machine Thread - 0] INFO  impl.RaftServerProxy (RaftServerProxy.java:lambda$start$3(299)) - eb492a76-ee7b-4591-82c0-07dc34c8f09d: start RPC server
2019-10-10 12:40:29,055 [Datanode State Machine Thread - 0] INFO  server.GrpcService (GrpcService.java:startImpl(158)) - eb492a76-ee7b-4591-82c0-07dc34c8f09d: GrpcService started, listening on 0.0.0.0/0.0.0.0:39843
2019-10-10 12:40:29,055 [Datanode State Machine Thread - 0] INFO  ratis.XceiverServerRatis (XceiverServerRatis.java:start(421)) - XceiverServerRatis eb492a76-ee7b-4591-82c0-07dc34c8f09d is started using port 39843
2019-10-10 12:40:29,055 [Datanode State Machine Thread - 0] INFO  server.XceiverServerGrpc (XceiverServerGrpc.java:start(149)) - XceiverServerGrpc eb492a76-ee7b-4591-82c0-07dc34c8f09d is started using port 35039
2019-10-10 12:40:29,114 [Datanode State Machine Thread - 0] INFO  ozoneimpl.OzoneContainer (OzoneContainer.java:start(217)) - Attempting to start container services.
2019-10-10 12:40:29,115 [Datanode State Machine Thread - 0] INFO  ozoneimpl.OzoneContainer (OzoneContainer.java:startContainerScrub(179)) - Background container scanner has been disabled.
2019-10-10 12:40:29,115 [Datanode State Machine Thread - 0] INFO  ratis.XceiverServerRatis (XceiverServerRatis.java:start(411)) - Starting XceiverServerRatis 6f85b482-1ee3-41f8-b799-7ee315fa3ee8 at port 0
2019-10-10 12:40:29,121 [Datanode State Machine Thread - 0] INFO  impl.RaftServerProxy (RaftServerProxy.java:lambda$start$3(299)) - 6f85b482-1ee3-41f8-b799-7ee315fa3ee8: start RPC server
2019-10-10 12:40:29,121 [Datanode State Machine Thread - 0] INFO  server.GrpcService (GrpcService.java:startImpl(158)) - 6f85b482-1ee3-41f8-b799-7ee315fa3ee8: GrpcService started, listening on 0.0.0.0/0.0.0.0:44817
2019-10-10 12:40:29,122 [Datanode State Machine Thread - 0] INFO  ratis.XceiverServerRatis (XceiverServerRatis.java:start(421)) - XceiverServerRatis 6f85b482-1ee3-41f8-b799-7ee315fa3ee8 is started using port 44817
2019-10-10 12:40:29,122 [Datanode State Machine Thread - 0] INFO  server.XceiverServerGrpc (XceiverServerGrpc.java:start(149)) - XceiverServerGrpc 6f85b482-1ee3-41f8-b799-7ee315fa3ee8 is started using port 35217
2019-10-10 12:40:29,191 [Datanode State Machine Thread - 0] INFO  ozoneimpl.OzoneContainer (OzoneContainer.java:start(217)) - Attempting to start container services.
2019-10-10 12:40:29,192 [Datanode State Machine Thread - 0] INFO  ozoneimpl.OzoneContainer (OzoneContainer.java:startContainerScrub(179)) - Background container scanner has been disabled.
2019-10-10 12:40:29,192 [Datanode State Machine Thread - 0] INFO  ratis.XceiverServerRatis (XceiverServerRatis.java:start(411)) - Starting XceiverServerRatis 31dbcda4-c74c-4dfb-b27d-abb192246f85 at port 0
2019-10-10 12:40:29,198 [Datanode State Machine Thread - 0] INFO  impl.RaftServerProxy (RaftServerProxy.java:lambda$start$3(299)) - 31dbcda4-c74c-4dfb-b27d-abb192246f85: start RPC server
2019-10-10 12:40:29,199 [Datanode State Machine Thread - 0] INFO  server.GrpcService (GrpcService.java:startImpl(158)) - 31dbcda4-c74c-4dfb-b27d-abb192246f85: GrpcService started, listening on 0.0.0.0/0.0.0.0:46534
2019-10-10 12:40:29,199 [Datanode State Machine Thread - 0] INFO  ratis.XceiverServerRatis (XceiverServerRatis.java:start(421)) - XceiverServerRatis 31dbcda4-c74c-4dfb-b27d-abb192246f85 is started using port 46534
2019-10-10 12:40:29,200 [Datanode State Machine Thread - 0] INFO  server.XceiverServerGrpc (XceiverServerGrpc.java:start(149)) - XceiverServerGrpc 31dbcda4-c74c-4dfb-b27d-abb192246f85 is started using port 41534
2019-10-10 12:40:29,263 [Datanode State Machine Thread - 0] INFO  ozoneimpl.OzoneContainer (OzoneContainer.java:start(217)) - Attempting to start container services.
2019-10-10 12:40:29,263 [Datanode State Machine Thread - 0] INFO  ozoneimpl.OzoneContainer (OzoneContainer.java:startContainerScrub(179)) - Background container scanner has been disabled.
2019-10-10 12:40:29,264 [Datanode State Machine Thread - 0] INFO  ratis.XceiverServerRatis (XceiverServerRatis.java:start(411)) - Starting XceiverServerRatis 729b41c3-66eb-4c6a-b533-df45fff8dd2e at port 0
2019-10-10 12:40:29,271 [Datanode State Machine Thread - 0] INFO  impl.RaftServerProxy (RaftServerProxy.java:lambda$start$3(299)) - 729b41c3-66eb-4c6a-b533-df45fff8dd2e: start RPC server
2019-10-10 12:40:29,271 [Datanode State Machine Thread - 0] INFO  server.GrpcService (GrpcService.java:startImpl(158)) - 729b41c3-66eb-4c6a-b533-df45fff8dd2e: GrpcService started, listening on 0.0.0.0/0.0.0.0:36573
2019-10-10 12:40:29,271 [Datanode State Machine Thread - 0] INFO  ratis.XceiverServerRatis (XceiverServerRatis.java:start(421)) - XceiverServerRatis 729b41c3-66eb-4c6a-b533-df45fff8dd2e is started using port 36573
2019-10-10 12:40:29,272 [Datanode State Machine Thread - 0] INFO  server.XceiverServerGrpc (XceiverServerGrpc.java:start(149)) - XceiverServerGrpc 729b41c3-66eb-4c6a-b533-df45fff8dd2e is started using port 39438
2019-10-10 12:40:29,321 [main] INFO  ozone.MiniOzoneClusterImpl (MiniOzoneClusterImpl.java:lambda$waitForClusterToBeReady$0(147)) - Waiting for cluster to be ready. Got 0 of 7 DN Heartbeats.
2019-10-10 12:40:29,335 [Datanode State Machine Thread - 0] INFO  ozoneimpl.OzoneContainer (OzoneContainer.java:start(217)) - Attempting to start container services.
2019-10-10 12:40:29,335 [Datanode State Machine Thread - 0] INFO  ozoneimpl.OzoneContainer (OzoneContainer.java:startContainerScrub(179)) - Background container scanner has been disabled.
2019-10-10 12:40:29,336 [Datanode State Machine Thread - 0] INFO  ratis.XceiverServerRatis (XceiverServerRatis.java:start(411)) - Starting XceiverServerRatis 4871abcd-8fe1-4bec-bbf1-1d6a182c5c8a at port 0
2019-10-10 12:40:29,342 [Datanode State Machine Thread - 0] INFO  impl.RaftServerProxy (RaftServerProxy.java:lambda$start$3(299)) - 4871abcd-8fe1-4bec-bbf1-1d6a182c5c8a: start RPC server
2019-10-10 12:40:29,344 [Datanode State Machine Thread - 0] INFO  server.GrpcService (GrpcService.java:startImpl(158)) - 4871abcd-8fe1-4bec-bbf1-1d6a182c5c8a: GrpcService started, listening on 0.0.0.0/0.0.0.0:35797
2019-10-10 12:40:29,344 [Datanode State Machine Thread - 0] INFO  ratis.XceiverServerRatis (XceiverServerRatis.java:start(421)) - XceiverServerRatis 4871abcd-8fe1-4bec-bbf1-1d6a182c5c8a is started using port 35797
2019-10-10 12:40:29,344 [Datanode State Machine Thread - 0] INFO  server.XceiverServerGrpc (XceiverServerGrpc.java:start(149)) - XceiverServerGrpc 4871abcd-8fe1-4bec-bbf1-1d6a182c5c8a is started using port 42240
2019-10-10 12:40:30,322 [main] INFO  ozone.MiniOzoneClusterImpl (MiniOzoneClusterImpl.java:lambda$waitForClusterToBeReady$0(147)) - Waiting for cluster to be ready. Got 0 of 7 DN Heartbeats.
2019-10-10 12:40:30,894 [IPC Server handler 2 on 34911] INFO  net.NetworkTopology (NetworkTopologyImpl.java:add(111)) - Added a new node: /default-rack/2977129d-288a-401c-9baf-20955028e955
2019-10-10 12:40:30,894 [IPC Server handler 2 on 34911] INFO  node.SCMNodeManager (SCMNodeManager.java:register(266)) - Registered Data node : 2977129d-288a-401c-9baf-20955028e955{ip: 192.168.5.143, host: pr-hdds-1569-9zzhf-258611273, networkLocation: /default-rack, certSerialId: null}
2019-10-10 12:40:30,897 [EventQueue-NodeRegistrationContainerReportForDataNodeSafeModeRule] INFO  safemode.SCMSafeModeManager (DataNodeSafeModeRule.java:process(71)) - SCM in safe mode. 1 DataNodes registered, 1 required.
2019-10-10 12:40:30,899 [EventQueue-NodeRegistrationContainerReportForDataNodeSafeModeRule] INFO  safemode.SCMSafeModeManager (SCMSafeModeManager.java:validateSafeModeExitRules(177)) - ScmSafeModeManager, all rules are successfully validated
2019-10-10 12:40:30,899 [EventQueue-NodeRegistrationContainerReportForDataNodeSafeModeRule] INFO  safemode.SCMSafeModeManager (SCMSafeModeManager.java:exitSafeMode(193)) - SCM exiting safe mode.
2019-10-10 12:40:30,908 [grpc-default-executor-42] INFO  impl.RaftServerProxy (RaftServerProxy.java:addNew(89)) - 2977129d-288a-401c-9baf-20955028e955: addNew group-5D2FB05BB256:[2977129d-288a-401c-9baf-20955028e955:192.168.5.143:38849] returns group-5D2FB05BB256:java.util.concurrent.CompletableFuture@25f91b43[Not completed]
2019-10-10 12:40:30,909 [pool-409-thread-1] INFO  impl.RaftServerImpl (RaftServerImpl.java:<init>(95)) - 2977129d-288a-401c-9baf-20955028e955: new RaftServerImpl for group-5D2FB05BB256:[2977129d-288a-401c-9baf-20955028e955:192.168.5.143:38849] with ContainerStateMachine:uninitialized
2019-10-10 12:40:30,909 [pool-409-thread-1] INFO  server.RaftServerConfigKeys (ConfUtils.java:logGet(43)) - raft.server.rpc.timeout.min = 5s (custom)
2019-10-10 12:40:30,909 [pool-409-thread-1] INFO  server.RaftServerConfigKeys (ConfUtils.java:logGet(43)) - raft.server.rpc.timeout.max = 5200ms (custom)
2019-10-10 12:40:30,909 [pool-409-thread-1] INFO  server.RaftServerConfigKeys (ConfUtils.java:logGet(43)) - raft.server.rpcslowness.timeout = 120s (custom)
2019-10-10 12:40:30,909 [pool-409-thread-1] INFO  server.RaftServerConfigKeys (ConfUtils.java:logGet(43)) - raft.server.sleep.deviation.threshold = 300 (default)
2019-10-10 12:40:30,909 [pool-409-thread-1] INFO  server.RaftServerConfigKeys (ConfUtils.java:logGet(43)) - raft.server.log.appender.install.snapshot.enabled = false (custom)
2019-10-10 12:40:30,910 [pool-409-thread-1] INFO  impl.RaftServerImpl (ServerState.java:<init>(103)) - 2977129d-288a-401c-9baf-20955028e955@group-5D2FB05BB256: ConfigurationManager, init=-1: [2977129d-288a-401c-9baf-20955028e955:192.168.5.143:38849], old=null, confs=<EMPTY_MAP>
2019-10-10 12:40:30,910 [pool-409-thread-1] INFO  server.RaftServerConfigKeys (ConfUtils.java:logGet(43)) - raft.server.storage.dir = [/workdir/hadoop-ozone/integration-test/target/test-dir/MiniOzoneClusterImpl-8284007a-d704-4ed0-a0ee-bee753f20599/datanode-0/data/ratis] (custom)
2019-10-10 12:40:30,910 [pool-409-thread-1] INFO  storage.RaftStorageDirectory (RaftStorageDirectory.java:analyzeStorage(246)) - The storage directory /workdir/hadoop-ozone/integration-test/target/test-dir/MiniOzoneClusterImpl-8284007a-d704-4ed0-a0ee-bee753f20599/datanode-0/data/ratis/7a5dce3a-4533-4594-9510-5d2fb05bb256 does not exist. Creating ...
2019-10-10 12:40:30,932 [pool-409-thread-1] INFO  storage.RaftStorageDirectory (RaftStorageDirectory.java:tryLock(328)) - Lock on /workdir/hadoop-ozone/integration-test/target/test-dir/MiniOzoneClusterImpl-8284007a-d704-4ed0-a0ee-bee753f20599/datanode-0/data/ratis/7a5dce3a-4533-4594-9510-5d2fb05bb256/in_use.lock acquired by nodename 29031@pr-hdds-1569-9zzhf-258611273
2019-10-10 12:40:30,947 [pool-409-thread-1] INFO  storage.RaftStorage (RaftStorage.java:format(72)) - Storage directory /workdir/hadoop-ozone/integration-test/target/test-dir/MiniOzoneClusterImpl-8284007a-d704-4ed0-a0ee-bee753f20599/datanode-0/data/ratis/7a5dce3a-4533-4594-9510-5d2fb05bb256 has been successfully formatted.
2019-10-10 12:40:30,948 [pool-409-thread-1] INFO  ratis.ContainerStateMachine (ContainerStateMachine.java:loadSnapshot(230)) - group-5D2FB05BB256: The snapshot info is null. Setting the last applied indexto:(t:0, i:~)
2019-10-10 12:40:30,948 [pool-409-thread-1] INFO  server.RaftServerConfigKeys (ConfUtils.java:logGet(43)) - raft.server.notification.no-leader.timeout = 120s (custom)
2019-10-10 12:40:30,948 [pool-409-thread-1] INFO  server.RaftServerConfigKeys (ConfUtils.java:logGet(43)) - raft.server.log.use.memory = false (default)
2019-10-10 12:40:30,948 [pool-409-thread-1] INFO  server.RaftServerConfigKeys (ConfUtils.java:logGet(43)) - raft.server.log.purge.gap = 1000000 (custom)
2019-10-10 12:40:30,948 [pool-409-thread-1] INFO  server.RaftServerConfigKeys (ConfUtils.java:logGet(43)) - raft.server.log.appender.buffer.byte-limit = 33554432 (custom)
2019-10-10 12:40:30,949 [pool-409-thread-1] INFO  server.RaftServerConfigKeys (ConfUtils.java:logGet(43)) - raft.server.log.segment.size.max = 1048576 (custom)
2019-10-10 12:40:30,949 [pool-409-thread-1] INFO  server.RaftServerConfigKeys (ConfUtils.java:logGet(43)) - raft.server.log.segment.cache.num.max = 2 (custom)
2019-10-10 12:40:30,949 [pool-409-thread-1] INFO  segmented.SegmentedRaftLogWorker (SegmentedRaftLogWorker.java:<init>(172)) - new 2977129d-288a-401c-9baf-20955028e955@group-5D2FB05BB256-SegmentedRaftLogWorker for RaftStorage:Storage Directory /workdir/hadoop-ozone/integration-test/target/test-dir/MiniOzoneClusterImpl-8284007a-d704-4ed0-a0ee-bee753f20599/datanode-0/data/ratis/7a5dce3a-4533-4594-9510-5d2fb05bb256
2019-10-10 12:40:30,951 [pool-409-thread-1] INFO  server.RaftServerConfigKeys (ConfUtils.java:logGet(43)) - raft.server.log.queue.byte-limit = 2147483647 (custom)
2019-10-10 12:40:30,951 [pool-409-thread-1] INFO  server.RaftServerConfigKeys (ConfUtils.java:logGet(43)) - raft.server.log.queue.element-limit = 1024 (custom)
2019-10-10 12:40:30,951 [pool-409-thread-1] INFO  server.RaftServerConfigKeys (ConfUtils.java:logGet(43)) - raft.server.log.segment.size.max = 1048576 (custom)
2019-10-10 12:40:30,951 [pool-409-thread-1] INFO  server.RaftServerConfigKeys (ConfUtils.java:logGet(43)) - raft.server.log.preallocated.size = 16384 (custom)
2019-10-10 12:40:30,952 [pool-409-thread-1] INFO  server.RaftServerConfigKeys (ConfUtils.java:logGet(43)) - raft.server.log.write.buffer.size = 33554432 (custom)
2019-10-10 12:40:30,952 [pool-409-thread-1] INFO  server.RaftServerConfigKeys (ConfUtils.java:logGet(43)) - raft.server.log.force.sync.num = 128 (default)
2019-10-10 12:40:30,952 [pool-409-thread-1] INFO  server.RaftServerConfigKeys (ConfUtils.java:logGet(43)) - raft.server.log.statemachine.data.sync = true (default)
2019-10-10 12:40:30,952 [pool-409-thread-1] INFO  server.RaftServerConfigKeys (ConfUtils.java:logGet(43)) - raft.server.log.statemachine.data.sync.timeout = 10s (default)
2019-10-10 12:40:30,952 [pool-409-thread-1] INFO  server.RaftServerConfigKeys (ConfUtils.java:logGet(43)) - raft.server.log.statemachine.data.sync.timeout.retry = -1 (default)
2019-10-10 12:40:30,952 [pool-409-thread-1] INFO  server.RaftServerConfigKeys (ConfUtils.java:logGet(43)) - raft.server.log.statemachine.data.caching.enabled = true (custom)
2019-10-10 12:40:30,952 [pool-409-thread-1] INFO  segmented.SegmentedRaftLogWorker (SegmentedRaftLogWorker.java:lambda$new$0(132)) - 2977129d-288a-401c-9baf-20955028e955@group-5D2FB05BB256-SegmentedRaftLogWorker: flushIndex: setUnconditionally 0 -> -1
2019-10-10 12:40:30,953 [pool-409-thread-1] INFO  server.RaftServerConfigKeys (ConfUtils.java:logGet(43)) - raft.server.snapshot.auto.trigger.enabled = true (custom)
2019-10-10 12:40:30,953 [pool-409-thread-1] INFO  server.RaftServerConfigKeys (ConfUtils.java:logGet(43)) - raft.server.snapshot.auto.trigger.threshold = 10000 (custom)
2019-10-10 12:40:30,953 [pool-409-thread-1] INFO  server.RaftServerConfigKeys (ConfUtils.java:logGet(43)) - raft.server.snapshot.retention.num.files = 5 (custom)
2019-10-10 12:40:30,953 [pool-409-thread-1] INFO  server.RaftServerConfigKeys (ConfUtils.java:logGet(43)) - raft.server.retrycache.expirytime = 600000ms (custom)
2019-10-10 12:40:30,954 [pool-409-thread-1] INFO  impl.RaftServerImpl (RaftServerImpl.java:start(185)) - 2977129d-288a-401c-9baf-20955028e955@group-5D2FB05BB256: start as a follower, conf=-1: [2977129d-288a-401c-9baf-20955028e955:192.168.5.143:38849], old=null
2019-10-10 12:40:30,954 [pool-409-thread-1] INFO  impl.RaftServerImpl (RaftServerImpl.java:setRole(174)) - 2977129d-288a-401c-9baf-20955028e955@group-5D2FB05BB256: changes role from      null to FOLLOWER at term 0 for startAsFollower
2019-10-10 12:40:30,954 [pool-409-thread-1] INFO  impl.RoleInfo (RoleInfo.java:updateAndGet(143)) - 2977129d-288a-401c-9baf-20955028e955: start FollowerState
2019-10-10 12:40:30,955 [pool-409-thread-1] INFO  util.JmxRegister (JmxRegister.java:tryRegister(44)) - Successfully registered JMX Bean with object name Ratis:service=RaftServer,group=group-5D2FB05BB256,id=2977129d-288a-401c-9baf-20955028e955
2019-10-10 12:40:30,957 [RatisPipelineUtilsThread] INFO  pipeline.PipelineStateManager (PipelineStateManager.java:addPipeline(56)) - Created pipeline Pipeline[ Id: 7a5dce3a-4533-4594-9510-5d2fb05bb256, Nodes: 2977129d-288a-401c-9baf-20955028e955{ip: 192.168.5.143, host: pr-hdds-1569-9zzhf-258611273, networkLocation: /default-rack, certSerialId: null}, Type:RATIS, Factor:ONE, State:OPEN]
2019-10-10 12:40:30,957 [RatisPipelineUtilsThread] ERROR pipeline.SCMPipelineManager (SCMPipelineManager.java:createPipeline(193)) - Pipeline creation failed.
org.apache.hadoop.hdds.scm.exceptions.SCMException: Cannot create pipeline of factor 1 using 0 nodes. Used 1 nodes. Healthy nodes 1
	at org.apache.hadoop.hdds.scm.pipeline.RatisPipelineProvider.pickNodesNeverUsed(RatisPipelineProvider.java:115)
	at org.apache.hadoop.hdds.scm.pipeline.RatisPipelineProvider.create(RatisPipelineProvider.java:127)
	at org.apache.hadoop.hdds.scm.pipeline.PipelineFactory.create(PipelineFactory.java:58)
	at org.apache.hadoop.hdds.scm.pipeline.SCMPipelineManager.createPipeline(SCMPipelineManager.java:183)
	at org.apache.hadoop.hdds.scm.pipeline.BackgroundPipelineCreator.createPipelines(BackgroundPipelineCreator.java:100)
	at java.util.concurrent.Executors$RunnableAdapter.call(Executors.java:511)
	at java.util.concurrent.FutureTask.run(FutureTask.java:266)
	at java.util.concurrent.ScheduledThreadPoolExecutor$ScheduledFutureTask.access$201(ScheduledThreadPoolExecutor.java:180)
	at java.util.concurrent.ScheduledThreadPoolExecutor$ScheduledFutureTask.run(ScheduledThreadPoolExecutor.java:293)
	at java.util.concurrent.ThreadPoolExecutor.runWorker(ThreadPoolExecutor.java:1149)
	at java.util.concurrent.ThreadPoolExecutor$Worker.run(ThreadPoolExecutor.java:624)
	at java.lang.Thread.run(Thread.java:748)
2019-10-10 12:40:30,957 [RatisPipelineUtilsThread] ERROR pipeline.PipelinePlacementPolicy (PipelinePlacementPolicy.java:filterViableNodes(144)) - Not enough healthy nodes to allocate pipeline. 3  datanodes required. Found 1
2019-10-10 12:40:30,957 [RatisPipelineUtilsThread] ERROR pipeline.SCMPipelineManager (SCMPipelineManager.java:createPipeline(193)) - Pipeline creation failed.
org.apache.hadoop.hdds.scm.exceptions.SCMException: Not enough healthy nodes to allocate pipeline. 3  datanodes required. Found 1
	at org.apache.hadoop.hdds.scm.pipeline.PipelinePlacementPolicy.filterViableNodes(PipelinePlacementPolicy.java:145)
	at org.apache.hadoop.hdds.scm.pipeline.PipelinePlacementPolicy.chooseDatanodes(PipelinePlacementPolicy.java:186)
	at org.apache.hadoop.hdds.scm.pipeline.RatisPipelineProvider.create(RatisPipelineProvider.java:130)
	at org.apache.hadoop.hdds.scm.pipeline.PipelineFactory.create(PipelineFactory.java:58)
	at org.apache.hadoop.hdds.scm.pipeline.SCMPipelineManager.createPipeline(SCMPipelineManager.java:183)
	at org.apache.hadoop.hdds.scm.pipeline.BackgroundPipelineCreator.createPipelines(BackgroundPipelineCreator.java:100)
	at java.util.concurrent.Executors$RunnableAdapter.call(Executors.java:511)
	at java.util.concurrent.FutureTask.run(FutureTask.java:266)
	at java.util.concurrent.ScheduledThreadPoolExecutor$ScheduledFutureTask.access$201(ScheduledThreadPoolExecutor.java:180)
	at java.util.concurrent.ScheduledThreadPoolExecutor$ScheduledFutureTask.run(ScheduledThreadPoolExecutor.java:293)
	at java.util.concurrent.ThreadPoolExecutor.runWorker(ThreadPoolExecutor.java:1149)
	at java.util.concurrent.ThreadPoolExecutor$Worker.run(ThreadPoolExecutor.java:624)
	at java.lang.Thread.run(Thread.java:748)
2019-10-10 12:40:30,958 [RatisPipelineUtilsThread] ERROR pipeline.SCMPipelineManager (SCMPipelineManager.java:createPipeline(193)) - Pipeline creation failed.
org.apache.hadoop.hdds.scm.exceptions.SCMException: Cannot create pipeline of factor 1 using 0 nodes. Used 1 nodes. Healthy nodes 1
	at org.apache.hadoop.hdds.scm.pipeline.RatisPipelineProvider.pickNodesNeverUsed(RatisPipelineProvider.java:115)
	at org.apache.hadoop.hdds.scm.pipeline.RatisPipelineProvider.create(RatisPipelineProvider.java:127)
	at org.apache.hadoop.hdds.scm.pipeline.PipelineFactory.create(PipelineFactory.java:58)
	at org.apache.hadoop.hdds.scm.pipeline.SCMPipelineManager.createPipeline(SCMPipelineManager.java:183)
	at org.apache.hadoop.hdds.scm.pipeline.BackgroundPipelineCreator.createPipelines(BackgroundPipelineCreator.java:100)
	at org.apache.hadoop.hdds.scm.pipeline.BackgroundPipelineCreator.lambda$startFixedIntervalPipelineCreator$0(BackgroundPipelineCreator.java:70)
	at java.util.concurrent.Executors$RunnableAdapter.call(Executors.java:511)
	at java.util.concurrent.FutureTask.runAndReset(FutureTask.java:308)
	at java.util.concurrent.ScheduledThreadPoolExecutor$ScheduledFutureTask.access$301(ScheduledThreadPoolExecutor.java:180)
	at java.util.concurrent.ScheduledThreadPoolExecutor$ScheduledFutureTask.run(ScheduledThreadPoolExecutor.java:294)
	at java.util.concurrent.ThreadPoolExecutor.runWorker(ThreadPoolExecutor.java:1149)
	at java.util.concurrent.ThreadPoolExecutor$Worker.run(ThreadPoolExecutor.java:624)
	at java.lang.Thread.run(Thread.java:748)
2019-10-10 12:40:30,968 [RatisPipelineUtilsThread] ERROR pipeline.PipelinePlacementPolicy (PipelinePlacementPolicy.java:filterViableNodes(144)) - Not enough healthy nodes to allocate pipeline. 3  datanodes required. Found 1
2019-10-10 12:40:30,968 [RatisPipelineUtilsThread] ERROR pipeline.SCMPipelineManager (SCMPipelineManager.java:createPipeline(193)) - Pipeline creation failed.
org.apache.hadoop.hdds.scm.exceptions.SCMException: Not enough healthy nodes to allocate pipeline. 3  datanodes required. Found 1
	at org.apache.hadoop.hdds.scm.pipeline.PipelinePlacementPolicy.filterViableNodes(PipelinePlacementPolicy.java:145)
	at org.apache.hadoop.hdds.scm.pipeline.PipelinePlacementPolicy.chooseDatanodes(PipelinePlacementPolicy.java:186)
	at org.apache.hadoop.hdds.scm.pipeline.RatisPipelineProvider.create(RatisPipelineProvider.java:130)
	at org.apache.hadoop.hdds.scm.pipeline.PipelineFactory.create(PipelineFactory.java:58)
	at org.apache.hadoop.hdds.scm.pipeline.SCMPipelineManager.createPipeline(SCMPipelineManager.java:183)
	at org.apache.hadoop.hdds.scm.pipeline.BackgroundPipelineCreator.createPipelines(BackgroundPipelineCreator.java:100)
	at org.apache.hadoop.hdds.scm.pipeline.BackgroundPipelineCreator.lambda$startFixedIntervalPipelineCreator$0(BackgroundPipelineCreator.java:70)
	at java.util.concurrent.Executors$RunnableAdapter.call(Executors.java:511)
	at java.util.concurrent.FutureTask.runAndReset(FutureTask.java:308)
	at java.util.concurrent.ScheduledThreadPoolExecutor$ScheduledFutureTask.access$301(ScheduledThreadPoolExecutor.java:180)
	at java.util.concurrent.ScheduledThreadPoolExecutor$ScheduledFutureTask.run(ScheduledThreadPoolExecutor.java:294)
	at java.util.concurrent.ThreadPoolExecutor.runWorker(ThreadPoolExecutor.java:1149)
	at java.util.concurrent.ThreadPoolExecutor$Worker.run(ThreadPoolExecutor.java:624)
	at java.lang.Thread.run(Thread.java:748)
2019-10-10 12:40:30,968 [IPC Server handler 3 on 34911] INFO  net.NetworkTopology (NetworkTopologyImpl.java:add(111)) - Added a new node: /default-rack/a5b85608-7f11-46ec-ae19-494ab54f3701
2019-10-10 12:40:30,968 [IPC Server handler 3 on 34911] INFO  node.SCMNodeManager (SCMNodeManager.java:register(266)) - Registered Data node : a5b85608-7f11-46ec-ae19-494ab54f3701{ip: 192.168.5.143, host: pr-hdds-1569-9zzhf-258611273, networkLocation: /default-rack, certSerialId: null}
2019-10-10 12:40:30,974 [grpc-default-executor-42] INFO  impl.RaftServerProxy (RaftServerProxy.java:addNew(89)) - a5b85608-7f11-46ec-ae19-494ab54f3701: addNew group-C411512F47B2:[a5b85608-7f11-46ec-ae19-494ab54f3701:192.168.5.143:39887] returns group-C411512F47B2:java.util.concurrent.CompletableFuture@63667ffa[Not completed]
2019-10-10 12:40:30,975 [pool-419-thread-1] INFO  impl.RaftServerImpl (RaftServerImpl.java:<init>(95)) - a5b85608-7f11-46ec-ae19-494ab54f3701: new RaftServerImpl for group-C411512F47B2:[a5b85608-7f11-46ec-ae19-494ab54f3701:192.168.5.143:39887] with ContainerStateMachine:uninitialized
2019-10-10 12:40:30,975 [pool-419-thread-1] INFO  server.RaftServerConfigKeys (ConfUtils.java:logGet(43)) - raft.server.rpc.timeout.min = 5s (custom)
2019-10-10 12:40:30,975 [pool-419-thread-1] INFO  server.RaftServerConfigKeys (ConfUtils.java:logGet(43)) - raft.server.rpc.timeout.max = 5200ms (custom)
2019-10-10 12:40:30,976 [pool-419-thread-1] INFO  server.RaftServerConfigKeys (ConfUtils.java:logGet(43)) - raft.server.rpcslowness.timeout = 120s (custom)
2019-10-10 12:40:30,976 [pool-419-thread-1] INFO  server.RaftServerConfigKeys (ConfUtils.java:logGet(43)) - raft.server.sleep.deviation.threshold = 300 (default)
2019-10-10 12:40:30,976 [pool-419-thread-1] INFO  server.RaftServerConfigKeys (ConfUtils.java:logGet(43)) - raft.server.log.appender.install.snapshot.enabled = false (custom)
2019-10-10 12:40:30,976 [pool-419-thread-1] INFO  impl.RaftServerImpl (ServerState.java:<init>(103)) - a5b85608-7f11-46ec-ae19-494ab54f3701@group-C411512F47B2: ConfigurationManager, init=-1: [a5b85608-7f11-46ec-ae19-494ab54f3701:192.168.5.143:39887], old=null, confs=<EMPTY_MAP>
2019-10-10 12:40:30,976 [pool-419-thread-1] INFO  server.RaftServerConfigKeys (ConfUtils.java:logGet(43)) - raft.server.storage.dir = [/workdir/hadoop-ozone/integration-test/target/test-dir/MiniOzoneClusterImpl-8284007a-d704-4ed0-a0ee-bee753f20599/datanode-1/data/ratis] (custom)
2019-10-10 12:40:30,976 [pool-419-thread-1] INFO  storage.RaftStorageDirectory (RaftStorageDirectory.java:analyzeStorage(246)) - The storage directory /workdir/hadoop-ozone/integration-test/target/test-dir/MiniOzoneClusterImpl-8284007a-d704-4ed0-a0ee-bee753f20599/datanode-1/data/ratis/7c6c096f-099e-4698-989d-c411512f47b2 does not exist. Creating ...
2019-10-10 12:40:30,981 [pool-419-thread-1] INFO  storage.RaftStorageDirectory (RaftStorageDirectory.java:tryLock(328)) - Lock on /workdir/hadoop-ozone/integration-test/target/test-dir/MiniOzoneClusterImpl-8284007a-d704-4ed0-a0ee-bee753f20599/datanode-1/data/ratis/7c6c096f-099e-4698-989d-c411512f47b2/in_use.lock acquired by nodename 29031@pr-hdds-1569-9zzhf-258611273
2019-10-10 12:40:31,006 [pool-419-thread-1] INFO  storage.RaftStorage (RaftStorage.java:format(72)) - Storage directory /workdir/hadoop-ozone/integration-test/target/test-dir/MiniOzoneClusterImpl-8284007a-d704-4ed0-a0ee-bee753f20599/datanode-1/data/ratis/7c6c096f-099e-4698-989d-c411512f47b2 has been successfully formatted.
2019-10-10 12:40:31,007 [pool-419-thread-1] INFO  ratis.ContainerStateMachine (ContainerStateMachine.java:loadSnapshot(230)) - group-C411512F47B2: The snapshot info is null. Setting the last applied indexto:(t:0, i:~)
2019-10-10 12:40:31,007 [pool-419-thread-1] INFO  server.RaftServerConfigKeys (ConfUtils.java:logGet(43)) - raft.server.notification.no-leader.timeout = 120s (custom)
2019-10-10 12:40:31,007 [pool-419-thread-1] INFO  server.RaftServerConfigKeys (ConfUtils.java:logGet(43)) - raft.server.log.use.memory = false (default)
2019-10-10 12:40:31,007 [pool-419-thread-1] INFO  server.RaftServerConfigKeys (ConfUtils.java:logGet(43)) - raft.server.log.purge.gap = 1000000 (custom)
2019-10-10 12:40:31,007 [pool-419-thread-1] INFO  server.RaftServerConfigKeys (ConfUtils.java:logGet(43)) - raft.server.log.appender.buffer.byte-limit = 33554432 (custom)
2019-10-10 12:40:31,007 [pool-419-thread-1] INFO  server.RaftServerConfigKeys (ConfUtils.java:logGet(43)) - raft.server.log.segment.size.max = 1048576 (custom)
2019-10-10 12:40:31,007 [pool-419-thread-1] INFO  server.RaftServerConfigKeys (ConfUtils.java:logGet(43)) - raft.server.log.segment.cache.num.max = 2 (custom)
2019-10-10 12:40:31,007 [pool-419-thread-1] INFO  segmented.SegmentedRaftLogWorker (SegmentedRaftLogWorker.java:<init>(172)) - new a5b85608-7f11-46ec-ae19-494ab54f3701@group-C411512F47B2-SegmentedRaftLogWorker for RaftStorage:Storage Directory /workdir/hadoop-ozone/integration-test/target/test-dir/MiniOzoneClusterImpl-8284007a-d704-4ed0-a0ee-bee753f20599/datanode-1/data/ratis/7c6c096f-099e-4698-989d-c411512f47b2
2019-10-10 12:40:31,009 [pool-419-thread-1] INFO  server.RaftServerConfigKeys (ConfUtils.java:logGet(43)) - raft.server.log.queue.byte-limit = 2147483647 (custom)
2019-10-10 12:40:31,009 [pool-419-thread-1] INFO  server.RaftServerConfigKeys (ConfUtils.java:logGet(43)) - raft.server.log.queue.element-limit = 1024 (custom)
2019-10-10 12:40:31,009 [pool-419-thread-1] INFO  server.RaftServerConfigKeys (ConfUtils.java:logGet(43)) - raft.server.log.segment.size.max = 1048576 (custom)
2019-10-10 12:40:31,009 [pool-419-thread-1] INFO  server.RaftServerConfigKeys (ConfUtils.java:logGet(43)) - raft.server.log.preallocated.size = 16384 (custom)
2019-10-10 12:40:31,009 [pool-419-thread-1] INFO  server.RaftServerConfigKeys (ConfUtils.java:logGet(43)) - raft.server.log.write.buffer.size = 33554432 (custom)
2019-10-10 12:40:31,009 [pool-419-thread-1] INFO  server.RaftServerConfigKeys (ConfUtils.java:logGet(43)) - raft.server.log.force.sync.num = 128 (default)
2019-10-10 12:40:31,009 [pool-419-thread-1] INFO  server.RaftServerConfigKeys (ConfUtils.java:logGet(43)) - raft.server.log.statemachine.data.sync = true (default)
2019-10-10 12:40:31,010 [pool-419-thread-1] INFO  server.RaftServerConfigKeys (ConfUtils.java:logGet(43)) - raft.server.log.statemachine.data.sync.timeout = 10s (default)
2019-10-10 12:40:31,010 [pool-419-thread-1] INFO  server.RaftServerConfigKeys (ConfUtils.java:logGet(43)) - raft.server.log.statemachine.data.sync.timeout.retry = -1 (default)
2019-10-10 12:40:31,010 [pool-419-thread-1] INFO  server.RaftServerConfigKeys (ConfUtils.java:logGet(43)) - raft.server.log.statemachine.data.caching.enabled = true (custom)
2019-10-10 12:40:31,010 [pool-419-thread-1] INFO  segmented.SegmentedRaftLogWorker (SegmentedRaftLogWorker.java:lambda$new$0(132)) - a5b85608-7f11-46ec-ae19-494ab54f3701@group-C411512F47B2-SegmentedRaftLogWorker: flushIndex: setUnconditionally 0 -> -1
2019-10-10 12:40:31,010 [pool-419-thread-1] INFO  server.RaftServerConfigKeys (ConfUtils.java:logGet(43)) - raft.server.snapshot.auto.trigger.enabled = true (custom)
2019-10-10 12:40:31,011 [pool-419-thread-1] INFO  server.RaftServerConfigKeys (ConfUtils.java:logGet(43)) - raft.server.snapshot.auto.trigger.threshold = 10000 (custom)
2019-10-10 12:40:31,011 [pool-419-thread-1] INFO  server.RaftServerConfigKeys (ConfUtils.java:logGet(43)) - raft.server.snapshot.retention.num.files = 5 (custom)
2019-10-10 12:40:31,011 [pool-419-thread-1] INFO  server.RaftServerConfigKeys (ConfUtils.java:logGet(43)) - raft.server.retrycache.expirytime = 600000ms (custom)
2019-10-10 12:40:31,012 [pool-419-thread-1] INFO  impl.RaftServerImpl (RaftServerImpl.java:start(185)) - a5b85608-7f11-46ec-ae19-494ab54f3701@group-C411512F47B2: start as a follower, conf=-1: [a5b85608-7f11-46ec-ae19-494ab54f3701:192.168.5.143:39887], old=null
2019-10-10 12:40:31,012 [pool-419-thread-1] INFO  impl.RaftServerImpl (RaftServerImpl.java:setRole(174)) - a5b85608-7f11-46ec-ae19-494ab54f3701@group-C411512F47B2: changes role from      null to FOLLOWER at term 0 for startAsFollower
2019-10-10 12:40:31,012 [pool-419-thread-1] INFO  impl.RoleInfo (RoleInfo.java:updateAndGet(143)) - a5b85608-7f11-46ec-ae19-494ab54f3701: start FollowerState
2019-10-10 12:40:31,013 [pool-419-thread-1] INFO  util.JmxRegister (JmxRegister.java:tryRegister(44)) - Successfully registered JMX Bean with object name Ratis:service=RaftServer,group=group-C411512F47B2,id=a5b85608-7f11-46ec-ae19-494ab54f3701
2019-10-10 12:40:31,014 [RatisPipelineUtilsThread] INFO  pipeline.PipelineStateManager (PipelineStateManager.java:addPipeline(56)) - Created pipeline Pipeline[ Id: 7c6c096f-099e-4698-989d-c411512f47b2, Nodes: a5b85608-7f11-46ec-ae19-494ab54f3701{ip: 192.168.5.143, host: pr-hdds-1569-9zzhf-258611273, networkLocation: /default-rack, certSerialId: null}, Type:RATIS, Factor:ONE, State:OPEN]
2019-10-10 12:40:31,015 [RatisPipelineUtilsThread] ERROR pipeline.SCMPipelineManager (SCMPipelineManager.java:createPipeline(193)) - Pipeline creation failed.
org.apache.hadoop.hdds.scm.exceptions.SCMException: Cannot create pipeline of factor 1 using 0 nodes. Used 2 nodes. Healthy nodes 2
	at org.apache.hadoop.hdds.scm.pipeline.RatisPipelineProvider.pickNodesNeverUsed(RatisPipelineProvider.java:115)
	at org.apache.hadoop.hdds.scm.pipeline.RatisPipelineProvider.create(RatisPipelineProvider.java:127)
	at org.apache.hadoop.hdds.scm.pipeline.PipelineFactory.create(PipelineFactory.java:58)
	at org.apache.hadoop.hdds.scm.pipeline.SCMPipelineManager.createPipeline(SCMPipelineManager.java:183)
	at org.apache.hadoop.hdds.scm.pipeline.BackgroundPipelineCreator.createPipelines(BackgroundPipelineCreator.java:100)
	at java.util.concurrent.Executors$RunnableAdapter.call(Executors.java:511)
	at java.util.concurrent.FutureTask.run(FutureTask.java:266)
	at java.util.concurrent.ScheduledThreadPoolExecutor$ScheduledFutureTask.access$201(ScheduledThreadPoolExecutor.java:180)
	at java.util.concurrent.ScheduledThreadPoolExecutor$ScheduledFutureTask.run(ScheduledThreadPoolExecutor.java:293)
	at java.util.concurrent.ThreadPoolExecutor.runWorker(ThreadPoolExecutor.java:1149)
	at java.util.concurrent.ThreadPoolExecutor$Worker.run(ThreadPoolExecutor.java:624)
	at java.lang.Thread.run(Thread.java:748)
2019-10-10 12:40:31,015 [RatisPipelineUtilsThread] ERROR pipeline.PipelinePlacementPolicy (PipelinePlacementPolicy.java:filterViableNodes(144)) - Not enough healthy nodes to allocate pipeline. 3  datanodes required. Found 2
2019-10-10 12:40:31,015 [RatisPipelineUtilsThread] ERROR pipeline.SCMPipelineManager (SCMPipelineManager.java:createPipeline(193)) - Pipeline creation failed.
org.apache.hadoop.hdds.scm.exceptions.SCMException: Not enough healthy nodes to allocate pipeline. 3  datanodes required. Found 2
	at org.apache.hadoop.hdds.scm.pipeline.PipelinePlacementPolicy.filterViableNodes(PipelinePlacementPolicy.java:145)
	at org.apache.hadoop.hdds.scm.pipeline.PipelinePlacementPolicy.chooseDatanodes(PipelinePlacementPolicy.java:186)
	at org.apache.hadoop.hdds.scm.pipeline.RatisPipelineProvider.create(RatisPipelineProvider.java:130)
	at org.apache.hadoop.hdds.scm.pipeline.PipelineFactory.create(PipelineFactory.java:58)
	at org.apache.hadoop.hdds.scm.pipeline.SCMPipelineManager.createPipeline(SCMPipelineManager.java:183)
	at org.apache.hadoop.hdds.scm.pipeline.BackgroundPipelineCreator.createPipelines(BackgroundPipelineCreator.java:100)
	at java.util.concurrent.Executors$RunnableAdapter.call(Executors.java:511)
	at java.util.concurrent.FutureTask.run(FutureTask.java:266)
	at java.util.concurrent.ScheduledThreadPoolExecutor$ScheduledFutureTask.access$201(ScheduledThreadPoolExecutor.java:180)
	at java.util.concurrent.ScheduledThreadPoolExecutor$ScheduledFutureTask.run(ScheduledThreadPoolExecutor.java:293)
	at java.util.concurrent.ThreadPoolExecutor.runWorker(ThreadPoolExecutor.java:1149)
	at java.util.concurrent.ThreadPoolExecutor$Worker.run(ThreadPoolExecutor.java:624)
	at java.lang.Thread.run(Thread.java:748)
2019-10-10 12:40:31,034 [IPC Server handler 5 on 34911] INFO  net.NetworkTopology (NetworkTopologyImpl.java:add(111)) - Added a new node: /default-rack/eb492a76-ee7b-4591-82c0-07dc34c8f09d
2019-10-10 12:40:31,034 [IPC Server handler 5 on 34911] INFO  node.SCMNodeManager (SCMNodeManager.java:register(266)) - Registered Data node : eb492a76-ee7b-4591-82c0-07dc34c8f09d{ip: 192.168.5.143, host: pr-hdds-1569-9zzhf-258611273, networkLocation: /default-rack, certSerialId: null}
2019-10-10 12:40:31,041 [grpc-default-executor-42] INFO  impl.RaftServerProxy (RaftServerProxy.java:addNew(89)) - eb492a76-ee7b-4591-82c0-07dc34c8f09d: addNew group-C1E8C45C735B:[eb492a76-ee7b-4591-82c0-07dc34c8f09d:192.168.5.143:39843] returns group-C1E8C45C735B:java.util.concurrent.CompletableFuture@1617314a[Not completed]
2019-10-10 12:40:31,043 [pool-429-thread-1] INFO  impl.RaftServerImpl (RaftServerImpl.java:<init>(95)) - eb492a76-ee7b-4591-82c0-07dc34c8f09d: new RaftServerImpl for group-C1E8C45C735B:[eb492a76-ee7b-4591-82c0-07dc34c8f09d:192.168.5.143:39843] with ContainerStateMachine:uninitialized
2019-10-10 12:40:31,043 [pool-429-thread-1] INFO  server.RaftServerConfigKeys (ConfUtils.java:logGet(43)) - raft.server.rpc.timeout.min = 5s (custom)
2019-10-10 12:40:31,044 [pool-429-thread-1] INFO  server.RaftServerConfigKeys (ConfUtils.java:logGet(43)) - raft.server.rpc.timeout.max = 5200ms (custom)
2019-10-10 12:40:31,044 [pool-429-thread-1] INFO  server.RaftServerConfigKeys (ConfUtils.java:logGet(43)) - raft.server.rpcslowness.timeout = 120s (custom)
2019-10-10 12:40:31,044 [pool-429-thread-1] INFO  server.RaftServerConfigKeys (ConfUtils.java:logGet(43)) - raft.server.sleep.deviation.threshold = 300 (default)
2019-10-10 12:40:31,044 [pool-429-thread-1] INFO  server.RaftServerConfigKeys (ConfUtils.java:logGet(43)) - raft.server.log.appender.install.snapshot.enabled = false (custom)
2019-10-10 12:40:31,044 [pool-429-thread-1] INFO  impl.RaftServerImpl (ServerState.java:<init>(103)) - eb492a76-ee7b-4591-82c0-07dc34c8f09d@group-C1E8C45C735B: ConfigurationManager, init=-1: [eb492a76-ee7b-4591-82c0-07dc34c8f09d:192.168.5.143:39843], old=null, confs=<EMPTY_MAP>
2019-10-10 12:40:31,044 [pool-429-thread-1] INFO  server.RaftServerConfigKeys (ConfUtils.java:logGet(43)) - raft.server.storage.dir = [/workdir/hadoop-ozone/integration-test/target/test-dir/MiniOzoneClusterImpl-8284007a-d704-4ed0-a0ee-bee753f20599/datanode-2/data/ratis] (custom)
2019-10-10 12:40:31,045 [pool-429-thread-1] INFO  storage.RaftStorageDirectory (RaftStorageDirectory.java:analyzeStorage(246)) - The storage directory /workdir/hadoop-ozone/integration-test/target/test-dir/MiniOzoneClusterImpl-8284007a-d704-4ed0-a0ee-bee753f20599/datanode-2/data/ratis/d3c848c2-4c5e-4ccd-b051-c1e8c45c735b does not exist. Creating ...
2019-10-10 12:40:31,057 [pool-429-thread-1] INFO  storage.RaftStorageDirectory (RaftStorageDirectory.java:tryLock(328)) - Lock on /workdir/hadoop-ozone/integration-test/target/test-dir/MiniOzoneClusterImpl-8284007a-d704-4ed0-a0ee-bee753f20599/datanode-2/data/ratis/d3c848c2-4c5e-4ccd-b051-c1e8c45c735b/in_use.lock acquired by nodename 29031@pr-hdds-1569-9zzhf-258611273
2019-10-10 12:40:31,070 [pool-429-thread-1] INFO  storage.RaftStorage (RaftStorage.java:format(72)) - Storage directory /workdir/hadoop-ozone/integration-test/target/test-dir/MiniOzoneClusterImpl-8284007a-d704-4ed0-a0ee-bee753f20599/datanode-2/data/ratis/d3c848c2-4c5e-4ccd-b051-c1e8c45c735b has been successfully formatted.
2019-10-10 12:40:31,070 [pool-429-thread-1] INFO  ratis.ContainerStateMachine (ContainerStateMachine.java:loadSnapshot(230)) - group-C1E8C45C735B: The snapshot info is null. Setting the last applied indexto:(t:0, i:~)
2019-10-10 12:40:31,071 [pool-429-thread-1] INFO  server.RaftServerConfigKeys (ConfUtils.java:logGet(43)) - raft.server.notification.no-leader.timeout = 120s (custom)
2019-10-10 12:40:31,071 [pool-429-thread-1] INFO  server.RaftServerConfigKeys (ConfUtils.java:logGet(43)) - raft.server.log.use.memory = false (default)
2019-10-10 12:40:31,071 [pool-429-thread-1] INFO  server.RaftServerConfigKeys (ConfUtils.java:logGet(43)) - raft.server.log.purge.gap = 1000000 (custom)
2019-10-10 12:40:31,071 [pool-429-thread-1] INFO  server.RaftServerConfigKeys (ConfUtils.java:logGet(43)) - raft.server.log.appender.buffer.byte-limit = 33554432 (custom)
2019-10-10 12:40:31,071 [pool-429-thread-1] INFO  server.RaftServerConfigKeys (ConfUtils.java:logGet(43)) - raft.server.log.segment.size.max = 1048576 (custom)
2019-10-10 12:40:31,071 [pool-429-thread-1] INFO  server.RaftServerConfigKeys (ConfUtils.java:logGet(43)) - raft.server.log.segment.cache.num.max = 2 (custom)
2019-10-10 12:40:31,072 [pool-429-thread-1] INFO  segmented.SegmentedRaftLogWorker (SegmentedRaftLogWorker.java:<init>(172)) - new eb492a76-ee7b-4591-82c0-07dc34c8f09d@group-C1E8C45C735B-SegmentedRaftLogWorker for RaftStorage:Storage Directory /workdir/hadoop-ozone/integration-test/target/test-dir/MiniOzoneClusterImpl-8284007a-d704-4ed0-a0ee-bee753f20599/datanode-2/data/ratis/d3c848c2-4c5e-4ccd-b051-c1e8c45c735b
2019-10-10 12:40:31,073 [pool-429-thread-1] INFO  server.RaftServerConfigKeys (ConfUtils.java:logGet(43)) - raft.server.log.queue.byte-limit = 2147483647 (custom)
2019-10-10 12:40:31,074 [pool-429-thread-1] INFO  server.RaftServerConfigKeys (ConfUtils.java:logGet(43)) - raft.server.log.queue.element-limit = 1024 (custom)
2019-10-10 12:40:31,074 [pool-429-thread-1] INFO  server.RaftServerConfigKeys (ConfUtils.java:logGet(43)) - raft.server.log.segment.size.max = 1048576 (custom)
2019-10-10 12:40:31,074 [pool-429-thread-1] INFO  server.RaftServerConfigKeys (ConfUtils.java:logGet(43)) - raft.server.log.preallocated.size = 16384 (custom)
2019-10-10 12:40:31,074 [pool-429-thread-1] INFO  server.RaftServerConfigKeys (ConfUtils.java:logGet(43)) - raft.server.log.write.buffer.size = 33554432 (custom)
2019-10-10 12:40:31,074 [pool-429-thread-1] INFO  server.RaftServerConfigKeys (ConfUtils.java:logGet(43)) - raft.server.log.force.sync.num = 128 (default)
2019-10-10 12:40:31,074 [pool-429-thread-1] INFO  server.RaftServerConfigKeys (ConfUtils.java:logGet(43)) - raft.server.log.statemachine.data.sync = true (default)
2019-10-10 12:40:31,075 [pool-429-thread-1] INFO  server.RaftServerConfigKeys (ConfUtils.java:logGet(43)) - raft.server.log.statemachine.data.sync.timeout = 10s (default)
2019-10-10 12:40:31,075 [pool-429-thread-1] INFO  server.RaftServerConfigKeys (ConfUtils.java:logGet(43)) - raft.server.log.statemachine.data.sync.timeout.retry = -1 (default)
2019-10-10 12:40:31,075 [pool-429-thread-1] INFO  server.RaftServerConfigKeys (ConfUtils.java:logGet(43)) - raft.server.log.statemachine.data.caching.enabled = true (custom)
2019-10-10 12:40:31,075 [pool-429-thread-1] INFO  segmented.SegmentedRaftLogWorker (SegmentedRaftLogWorker.java:lambda$new$0(132)) - eb492a76-ee7b-4591-82c0-07dc34c8f09d@group-C1E8C45C735B-SegmentedRaftLogWorker: flushIndex: setUnconditionally 0 -> -1
2019-10-10 12:40:31,076 [pool-429-thread-1] INFO  server.RaftServerConfigKeys (ConfUtils.java:logGet(43)) - raft.server.snapshot.auto.trigger.enabled = true (custom)
2019-10-10 12:40:31,076 [pool-429-thread-1] INFO  server.RaftServerConfigKeys (ConfUtils.java:logGet(43)) - raft.server.snapshot.auto.trigger.threshold = 10000 (custom)
2019-10-10 12:40:31,076 [pool-429-thread-1] INFO  server.RaftServerConfigKeys (ConfUtils.java:logGet(43)) - raft.server.snapshot.retention.num.files = 5 (custom)
2019-10-10 12:40:31,076 [pool-429-thread-1] INFO  server.RaftServerConfigKeys (ConfUtils.java:logGet(43)) - raft.server.retrycache.expirytime = 600000ms (custom)
2019-10-10 12:40:31,078 [pool-429-thread-1] INFO  impl.RaftServerImpl (RaftServerImpl.java:start(185)) - eb492a76-ee7b-4591-82c0-07dc34c8f09d@group-C1E8C45C735B: start as a follower, conf=-1: [eb492a76-ee7b-4591-82c0-07dc34c8f09d:192.168.5.143:39843], old=null
2019-10-10 12:40:31,078 [pool-429-thread-1] INFO  impl.RaftServerImpl (RaftServerImpl.java:setRole(174)) - eb492a76-ee7b-4591-82c0-07dc34c8f09d@group-C1E8C45C735B: changes role from      null to FOLLOWER at term 0 for startAsFollower
2019-10-10 12:40:31,078 [pool-429-thread-1] INFO  impl.RoleInfo (RoleInfo.java:updateAndGet(143)) - eb492a76-ee7b-4591-82c0-07dc34c8f09d: start FollowerState
2019-10-10 12:40:31,078 [pool-429-thread-1] INFO  util.JmxRegister (JmxRegister.java:tryRegister(44)) - Successfully registered JMX Bean with object name Ratis:service=RaftServer,group=group-C1E8C45C735B,id=eb492a76-ee7b-4591-82c0-07dc34c8f09d
2019-10-10 12:40:31,080 [RatisPipelineUtilsThread] INFO  pipeline.PipelineStateManager (PipelineStateManager.java:addPipeline(56)) - Created pipeline Pipeline[ Id: d3c848c2-4c5e-4ccd-b051-c1e8c45c735b, Nodes: eb492a76-ee7b-4591-82c0-07dc34c8f09d{ip: 192.168.5.143, host: pr-hdds-1569-9zzhf-258611273, networkLocation: /default-rack, certSerialId: null}, Type:RATIS, Factor:ONE, State:OPEN]
2019-10-10 12:40:31,081 [RatisPipelineUtilsThread] ERROR pipeline.SCMPipelineManager (SCMPipelineManager.java:createPipeline(193)) - Pipeline creation failed.
org.apache.hadoop.hdds.scm.exceptions.SCMException: Cannot create pipeline of factor 1 using 0 nodes. Used 3 nodes. Healthy nodes 3
	at org.apache.hadoop.hdds.scm.pipeline.RatisPipelineProvider.pickNodesNeverUsed(RatisPipelineProvider.java:115)
	at org.apache.hadoop.hdds.scm.pipeline.RatisPipelineProvider.create(RatisPipelineProvider.java:127)
	at org.apache.hadoop.hdds.scm.pipeline.PipelineFactory.create(PipelineFactory.java:58)
	at org.apache.hadoop.hdds.scm.pipeline.SCMPipelineManager.createPipeline(SCMPipelineManager.java:183)
	at org.apache.hadoop.hdds.scm.pipeline.BackgroundPipelineCreator.createPipelines(BackgroundPipelineCreator.java:100)
	at java.util.concurrent.Executors$RunnableAdapter.call(Executors.java:511)
	at java.util.concurrent.FutureTask.run(FutureTask.java:266)
	at java.util.concurrent.ScheduledThreadPoolExecutor$ScheduledFutureTask.access$201(ScheduledThreadPoolExecutor.java:180)
	at java.util.concurrent.ScheduledThreadPoolExecutor$ScheduledFutureTask.run(ScheduledThreadPoolExecutor.java:293)
	at java.util.concurrent.ThreadPoolExecutor.runWorker(ThreadPoolExecutor.java:1149)
	at java.util.concurrent.ThreadPoolExecutor$Worker.run(ThreadPoolExecutor.java:624)
	at java.lang.Thread.run(Thread.java:748)
2019-10-10 12:40:31,092 [grpc-default-executor-45] INFO  impl.RaftServerProxy (RaftServerProxy.java:addNew(89)) - a5b85608-7f11-46ec-ae19-494ab54f3701: addNew group-D85A2CF2A55E:[2977129d-288a-401c-9baf-20955028e955:192.168.5.143:38849, eb492a76-ee7b-4591-82c0-07dc34c8f09d:192.168.5.143:39843, a5b85608-7f11-46ec-ae19-494ab54f3701:192.168.5.143:39887] returns group-D85A2CF2A55E:java.util.concurrent.CompletableFuture@2ace07d8[Not completed]
2019-10-10 12:40:31,092 [grpc-default-executor-45] INFO  impl.RaftServerProxy (RaftServerProxy.java:addNew(89)) - eb492a76-ee7b-4591-82c0-07dc34c8f09d: addNew group-D85A2CF2A55E:[2977129d-288a-401c-9baf-20955028e955:192.168.5.143:38849, eb492a76-ee7b-4591-82c0-07dc34c8f09d:192.168.5.143:39843, a5b85608-7f11-46ec-ae19-494ab54f3701:192.168.5.143:39887] returns group-D85A2CF2A55E:java.util.concurrent.CompletableFuture@62044285[Not completed]
2019-10-10 12:40:31,092 [grpc-default-executor-48] INFO  impl.RaftServerProxy (RaftServerProxy.java:addNew(89)) - 2977129d-288a-401c-9baf-20955028e955: addNew group-D85A2CF2A55E:[2977129d-288a-401c-9baf-20955028e955:192.168.5.143:38849, eb492a76-ee7b-4591-82c0-07dc34c8f09d:192.168.5.143:39843, a5b85608-7f11-46ec-ae19-494ab54f3701:192.168.5.143:39887] returns group-D85A2CF2A55E:java.util.concurrent.CompletableFuture@7280f497[Not completed]
2019-10-10 12:40:31,094 [pool-419-thread-1] INFO  impl.RaftServerImpl (RaftServerImpl.java:<init>(95)) - a5b85608-7f11-46ec-ae19-494ab54f3701: new RaftServerImpl for group-D85A2CF2A55E:[2977129d-288a-401c-9baf-20955028e955:192.168.5.143:38849, eb492a76-ee7b-4591-82c0-07dc34c8f09d:192.168.5.143:39843, a5b85608-7f11-46ec-ae19-494ab54f3701:192.168.5.143:39887] with ContainerStateMachine:uninitialized
2019-10-10 12:40:31,094 [pool-419-thread-1] INFO  server.RaftServerConfigKeys (ConfUtils.java:logGet(43)) - raft.server.rpc.timeout.min = 5s (custom)
2019-10-10 12:40:31,094 [pool-419-thread-1] INFO  server.RaftServerConfigKeys (ConfUtils.java:logGet(43)) - raft.server.rpc.timeout.max = 5200ms (custom)
2019-10-10 12:40:31,094 [pool-419-thread-1] INFO  server.RaftServerConfigKeys (ConfUtils.java:logGet(43)) - raft.server.rpcslowness.timeout = 120s (custom)
2019-10-10 12:40:31,094 [pool-409-thread-1] INFO  impl.RaftServerImpl (RaftServerImpl.java:<init>(95)) - 2977129d-288a-401c-9baf-20955028e955: new RaftServerImpl for group-D85A2CF2A55E:[2977129d-288a-401c-9baf-20955028e955:192.168.5.143:38849, eb492a76-ee7b-4591-82c0-07dc34c8f09d:192.168.5.143:39843, a5b85608-7f11-46ec-ae19-494ab54f3701:192.168.5.143:39887] with ContainerStateMachine:uninitialized
2019-10-10 12:40:31,094 [pool-419-thread-1] INFO  server.RaftServerConfigKeys (ConfUtils.java:logGet(43)) - raft.server.sleep.deviation.threshold = 300 (default)
2019-10-10 12:40:31,094 [pool-409-thread-1] INFO  server.RaftServerConfigKeys (ConfUtils.java:logGet(43)) - raft.server.rpc.timeout.min = 5s (custom)
2019-10-10 12:40:31,095 [pool-419-thread-1] INFO  server.RaftServerConfigKeys (ConfUtils.java:logGet(43)) - raft.server.log.appender.install.snapshot.enabled = false (custom)
2019-10-10 12:40:31,095 [pool-429-thread-1] INFO  impl.RaftServerImpl (RaftServerImpl.java:<init>(95)) - eb492a76-ee7b-4591-82c0-07dc34c8f09d: new RaftServerImpl for group-D85A2CF2A55E:[2977129d-288a-401c-9baf-20955028e955:192.168.5.143:38849, eb492a76-ee7b-4591-82c0-07dc34c8f09d:192.168.5.143:39843, a5b85608-7f11-46ec-ae19-494ab54f3701:192.168.5.143:39887] with ContainerStateMachine:uninitialized
2019-10-10 12:40:31,095 [pool-409-thread-1] INFO  server.RaftServerConfigKeys (ConfUtils.java:logGet(43)) - raft.server.rpc.timeout.max = 5200ms (custom)
2019-10-10 12:40:31,095 [pool-429-thread-1] INFO  server.RaftServerConfigKeys (ConfUtils.java:logGet(43)) - raft.server.rpc.timeout.min = 5s (custom)
2019-10-10 12:40:31,095 [pool-419-thread-1] INFO  impl.RaftServerImpl (ServerState.java:<init>(103)) - a5b85608-7f11-46ec-ae19-494ab54f3701@group-D85A2CF2A55E: ConfigurationManager, init=-1: [2977129d-288a-401c-9baf-20955028e955:192.168.5.143:38849, eb492a76-ee7b-4591-82c0-07dc34c8f09d:192.168.5.143:39843, a5b85608-7f11-46ec-ae19-494ab54f3701:192.168.5.143:39887], old=null, confs=<EMPTY_MAP>
2019-10-10 12:40:31,095 [pool-429-thread-1] INFO  server.RaftServerConfigKeys (ConfUtils.java:logGet(43)) - raft.server.rpc.timeout.max = 5200ms (custom)
2019-10-10 12:40:31,096 [pool-429-thread-1] INFO  server.RaftServerConfigKeys (ConfUtils.java:logGet(43)) - raft.server.rpcslowness.timeout = 120s (custom)
2019-10-10 12:40:31,095 [pool-409-thread-1] INFO  server.RaftServerConfigKeys (ConfUtils.java:logGet(43)) - raft.server.rpcslowness.timeout = 120s (custom)
2019-10-10 12:40:31,096 [pool-429-thread-1] INFO  server.RaftServerConfigKeys (ConfUtils.java:logGet(43)) - raft.server.sleep.deviation.threshold = 300 (default)
2019-10-10 12:40:31,096 [pool-429-thread-1] INFO  server.RaftServerConfigKeys (ConfUtils.java:logGet(43)) - raft.server.log.appender.install.snapshot.enabled = false (custom)
2019-10-10 12:40:31,096 [pool-419-thread-1] INFO  server.RaftServerConfigKeys (ConfUtils.java:logGet(43)) - raft.server.storage.dir = [/workdir/hadoop-ozone/integration-test/target/test-dir/MiniOzoneClusterImpl-8284007a-d704-4ed0-a0ee-bee753f20599/datanode-1/data/ratis] (custom)
2019-10-10 12:40:31,096 [pool-429-thread-1] INFO  impl.RaftServerImpl (ServerState.java:<init>(103)) - eb492a76-ee7b-4591-82c0-07dc34c8f09d@group-D85A2CF2A55E: ConfigurationManager, init=-1: [2977129d-288a-401c-9baf-20955028e955:192.168.5.143:38849, eb492a76-ee7b-4591-82c0-07dc34c8f09d:192.168.5.143:39843, a5b85608-7f11-46ec-ae19-494ab54f3701:192.168.5.143:39887], old=null, confs=<EMPTY_MAP>
2019-10-10 12:40:31,096 [pool-409-thread-1] INFO  server.RaftServerConfigKeys (ConfUtils.java:logGet(43)) - raft.server.sleep.deviation.threshold = 300 (default)
2019-10-10 12:40:31,096 [pool-429-thread-1] INFO  server.RaftServerConfigKeys (ConfUtils.java:logGet(43)) - raft.server.storage.dir = [/workdir/hadoop-ozone/integration-test/target/test-dir/MiniOzoneClusterImpl-8284007a-d704-4ed0-a0ee-bee753f20599/datanode-2/data/ratis] (custom)
2019-10-10 12:40:31,097 [pool-419-thread-1] INFO  storage.RaftStorageDirectory (RaftStorageDirectory.java:analyzeStorage(246)) - The storage directory /workdir/hadoop-ozone/integration-test/target/test-dir/MiniOzoneClusterImpl-8284007a-d704-4ed0-a0ee-bee753f20599/datanode-1/data/ratis/ffe594bf-f732-47eb-9e67-d85a2cf2a55e does not exist. Creating ...
2019-10-10 12:40:31,097 [pool-409-thread-1] INFO  server.RaftServerConfigKeys (ConfUtils.java:logGet(43)) - raft.server.log.appender.install.snapshot.enabled = false (custom)
2019-10-10 12:40:31,097 [pool-429-thread-1] INFO  storage.RaftStorageDirectory (RaftStorageDirectory.java:analyzeStorage(246)) - The storage directory /workdir/hadoop-ozone/integration-test/target/test-dir/MiniOzoneClusterImpl-8284007a-d704-4ed0-a0ee-bee753f20599/datanode-2/data/ratis/ffe594bf-f732-47eb-9e67-d85a2cf2a55e does not exist. Creating ...
2019-10-10 12:40:31,097 [pool-409-thread-1] INFO  impl.RaftServerImpl (ServerState.java:<init>(103)) - 2977129d-288a-401c-9baf-20955028e955@group-D85A2CF2A55E: ConfigurationManager, init=-1: [2977129d-288a-401c-9baf-20955028e955:192.168.5.143:38849, eb492a76-ee7b-4591-82c0-07dc34c8f09d:192.168.5.143:39843, a5b85608-7f11-46ec-ae19-494ab54f3701:192.168.5.143:39887], old=null, confs=<EMPTY_MAP>
2019-10-10 12:40:31,097 [pool-409-thread-1] INFO  server.RaftServerConfigKeys (ConfUtils.java:logGet(43)) - raft.server.storage.dir = [/workdir/hadoop-ozone/integration-test/target/test-dir/MiniOzoneClusterImpl-8284007a-d704-4ed0-a0ee-bee753f20599/datanode-0/data/ratis] (custom)
2019-10-10 12:40:31,098 [pool-409-thread-1] INFO  storage.RaftStorageDirectory (RaftStorageDirectory.java:analyzeStorage(246)) - The storage directory /workdir/hadoop-ozone/integration-test/target/test-dir/MiniOzoneClusterImpl-8284007a-d704-4ed0-a0ee-bee753f20599/datanode-0/data/ratis/ffe594bf-f732-47eb-9e67-d85a2cf2a55e does not exist. Creating ...
2019-10-10 12:40:31,101 [pool-409-thread-1] INFO  storage.RaftStorageDirectory (RaftStorageDirectory.java:tryLock(328)) - Lock on /workdir/hadoop-ozone/integration-test/target/test-dir/MiniOzoneClusterImpl-8284007a-d704-4ed0-a0ee-bee753f20599/datanode-0/data/ratis/ffe594bf-f732-47eb-9e67-d85a2cf2a55e/in_use.lock acquired by nodename 29031@pr-hdds-1569-9zzhf-258611273
2019-10-10 12:40:31,101 [pool-419-thread-1] INFO  storage.RaftStorageDirectory (RaftStorageDirectory.java:tryLock(328)) - Lock on /workdir/hadoop-ozone/integration-test/target/test-dir/MiniOzoneClusterImpl-8284007a-d704-4ed0-a0ee-bee753f20599/datanode-1/data/ratis/ffe594bf-f732-47eb-9e67-d85a2cf2a55e/in_use.lock acquired by nodename 29031@pr-hdds-1569-9zzhf-258611273
2019-10-10 12:40:31,101 [pool-429-thread-1] INFO  storage.RaftStorageDirectory (RaftStorageDirectory.java:tryLock(328)) - Lock on /workdir/hadoop-ozone/integration-test/target/test-dir/MiniOzoneClusterImpl-8284007a-d704-4ed0-a0ee-bee753f20599/datanode-2/data/ratis/ffe594bf-f732-47eb-9e67-d85a2cf2a55e/in_use.lock acquired by nodename 29031@pr-hdds-1569-9zzhf-258611273
2019-10-10 12:40:31,102 [IPC Server handler 4 on 34911] INFO  net.NetworkTopology (NetworkTopologyImpl.java:add(111)) - Added a new node: /default-rack/6f85b482-1ee3-41f8-b799-7ee315fa3ee8
2019-10-10 12:40:31,103 [IPC Server handler 4 on 34911] INFO  node.SCMNodeManager (SCMNodeManager.java:register(266)) - Registered Data node : 6f85b482-1ee3-41f8-b799-7ee315fa3ee8{ip: 192.168.5.143, host: pr-hdds-1569-9zzhf-258611273, networkLocation: /default-rack, certSerialId: null}
2019-10-10 12:40:31,107 [pool-429-thread-1] INFO  storage.RaftStorage (RaftStorage.java:format(72)) - Storage directory /workdir/hadoop-ozone/integration-test/target/test-dir/MiniOzoneClusterImpl-8284007a-d704-4ed0-a0ee-bee753f20599/datanode-2/data/ratis/ffe594bf-f732-47eb-9e67-d85a2cf2a55e has been successfully formatted.
2019-10-10 12:40:31,107 [pool-419-thread-1] INFO  storage.RaftStorage (RaftStorage.java:format(72)) - Storage directory /workdir/hadoop-ozone/integration-test/target/test-dir/MiniOzoneClusterImpl-8284007a-d704-4ed0-a0ee-bee753f20599/datanode-1/data/ratis/ffe594bf-f732-47eb-9e67-d85a2cf2a55e has been successfully formatted.
2019-10-10 12:40:31,107 [pool-409-thread-1] INFO  storage.RaftStorage (RaftStorage.java:format(72)) - Storage directory /workdir/hadoop-ozone/integration-test/target/test-dir/MiniOzoneClusterImpl-8284007a-d704-4ed0-a0ee-bee753f20599/datanode-0/data/ratis/ffe594bf-f732-47eb-9e67-d85a2cf2a55e has been successfully formatted.
2019-10-10 12:40:31,107 [pool-419-thread-1] INFO  ratis.ContainerStateMachine (ContainerStateMachine.java:loadSnapshot(230)) - group-D85A2CF2A55E: The snapshot info is null. Setting the last applied indexto:(t:0, i:~)
2019-10-10 12:40:31,107 [pool-429-thread-1] INFO  ratis.ContainerStateMachine (ContainerStateMachine.java:loadSnapshot(230)) - group-D85A2CF2A55E: The snapshot info is null. Setting the last applied indexto:(t:0, i:~)
2019-10-10 12:40:31,107 [pool-419-thread-1] INFO  server.RaftServerConfigKeys (ConfUtils.java:logGet(43)) - raft.server.notification.no-leader.timeout = 120s (custom)
2019-10-10 12:40:31,107 [pool-409-thread-1] INFO  ratis.ContainerStateMachine (ContainerStateMachine.java:loadSnapshot(230)) - group-D85A2CF2A55E: The snapshot info is null. Setting the last applied indexto:(t:0, i:~)
2019-10-10 12:40:31,108 [pool-419-thread-1] INFO  server.RaftServerConfigKeys (ConfUtils.java:logGet(43)) - raft.server.log.use.memory = false (default)
2019-10-10 12:40:31,107 [pool-429-thread-1] INFO  server.RaftServerConfigKeys (ConfUtils.java:logGet(43)) - raft.server.notification.no-leader.timeout = 120s (custom)
2019-10-10 12:40:31,108 [pool-419-thread-1] INFO  server.RaftServerConfigKeys (ConfUtils.java:logGet(43)) - raft.server.log.purge.gap = 1000000 (custom)
2019-10-10 12:40:31,108 [pool-409-thread-1] INFO  server.RaftServerConfigKeys (ConfUtils.java:logGet(43)) - raft.server.notification.no-leader.timeout = 120s (custom)
2019-10-10 12:40:31,108 [pool-419-thread-1] INFO  server.RaftServerConfigKeys (ConfUtils.java:logGet(43)) - raft.server.log.appender.buffer.byte-limit = 33554432 (custom)
2019-10-10 12:40:31,108 [pool-429-thread-1] INFO  server.RaftServerConfigKeys (ConfUtils.java:logGet(43)) - raft.server.log.use.memory = false (default)
2019-10-10 12:40:31,108 [pool-419-thread-1] INFO  server.RaftServerConfigKeys (ConfUtils.java:logGet(43)) - raft.server.log.segment.size.max = 1048576 (custom)
2019-10-10 12:40:31,108 [pool-409-thread-1] INFO  server.RaftServerConfigKeys (ConfUtils.java:logGet(43)) - raft.server.log.use.memory = false (default)
2019-10-10 12:40:31,108 [pool-419-thread-1] INFO  server.RaftServerConfigKeys (ConfUtils.java:logGet(43)) - raft.server.log.segment.cache.num.max = 2 (custom)
2019-10-10 12:40:31,108 [pool-429-thread-1] INFO  server.RaftServerConfigKeys (ConfUtils.java:logGet(43)) - raft.server.log.purge.gap = 1000000 (custom)
2019-10-10 12:40:31,108 [pool-419-thread-1] INFO  segmented.SegmentedRaftLogWorker (SegmentedRaftLogWorker.java:<init>(172)) - new a5b85608-7f11-46ec-ae19-494ab54f3701@group-D85A2CF2A55E-SegmentedRaftLogWorker for RaftStorage:Storage Directory /workdir/hadoop-ozone/integration-test/target/test-dir/MiniOzoneClusterImpl-8284007a-d704-4ed0-a0ee-bee753f20599/datanode-1/data/ratis/ffe594bf-f732-47eb-9e67-d85a2cf2a55e
2019-10-10 12:40:31,108 [pool-409-thread-1] INFO  server.RaftServerConfigKeys (ConfUtils.java:logGet(43)) - raft.server.log.purge.gap = 1000000 (custom)
2019-10-10 12:40:31,109 [pool-419-thread-1] INFO  server.RaftServerConfigKeys (ConfUtils.java:logGet(43)) - raft.server.log.queue.byte-limit = 2147483647 (custom)
2019-10-10 12:40:31,109 [pool-429-thread-1] INFO  server.RaftServerConfigKeys (ConfUtils.java:logGet(43)) - raft.server.log.appender.buffer.byte-limit = 33554432 (custom)
2019-10-10 12:40:31,109 [pool-419-thread-1] INFO  server.RaftServerConfigKeys (ConfUtils.java:logGet(43)) - raft.server.log.queue.element-limit = 1024 (custom)
2019-10-10 12:40:31,109 [pool-409-thread-1] INFO  server.RaftServerConfigKeys (ConfUtils.java:logGet(43)) - raft.server.log.appender.buffer.byte-limit = 33554432 (custom)
2019-10-10 12:40:31,109 [pool-419-thread-1] INFO  server.RaftServerConfigKeys (ConfUtils.java:logGet(43)) - raft.server.log.segment.size.max = 1048576 (custom)
2019-10-10 12:40:31,109 [pool-429-thread-1] INFO  server.RaftServerConfigKeys (ConfUtils.java:logGet(43)) - raft.server.log.segment.size.max = 1048576 (custom)
2019-10-10 12:40:31,109 [pool-419-thread-1] INFO  server.RaftServerConfigKeys (ConfUtils.java:logGet(43)) - raft.server.log.preallocated.size = 16384 (custom)
2019-10-10 12:40:31,109 [pool-409-thread-1] INFO  server.RaftServerConfigKeys (ConfUtils.java:logGet(43)) - raft.server.log.segment.size.max = 1048576 (custom)
2019-10-10 12:40:31,109 [pool-419-thread-1] INFO  server.RaftServerConfigKeys (ConfUtils.java:logGet(43)) - raft.server.log.write.buffer.size = 33554432 (custom)
2019-10-10 12:40:31,109 [pool-429-thread-1] INFO  server.RaftServerConfigKeys (ConfUtils.java:logGet(43)) - raft.server.log.segment.cache.num.max = 2 (custom)
2019-10-10 12:40:31,110 [pool-419-thread-1] INFO  server.RaftServerConfigKeys (ConfUtils.java:logGet(43)) - raft.server.log.force.sync.num = 128 (default)
2019-10-10 12:40:31,110 [pool-409-thread-1] INFO  server.RaftServerConfigKeys (ConfUtils.java:logGet(43)) - raft.server.log.segment.cache.num.max = 2 (custom)
2019-10-10 12:40:31,110 [pool-419-thread-1] INFO  server.RaftServerConfigKeys (ConfUtils.java:logGet(43)) - raft.server.log.statemachine.data.sync = true (default)
2019-10-10 12:40:31,110 [pool-429-thread-1] INFO  segmented.SegmentedRaftLogWorker (SegmentedRaftLogWorker.java:<init>(172)) - new eb492a76-ee7b-4591-82c0-07dc34c8f09d@group-D85A2CF2A55E-SegmentedRaftLogWorker for RaftStorage:Storage Directory /workdir/hadoop-ozone/integration-test/target/test-dir/MiniOzoneClusterImpl-8284007a-d704-4ed0-a0ee-bee753f20599/datanode-2/data/ratis/ffe594bf-f732-47eb-9e67-d85a2cf2a55e
2019-10-10 12:40:31,110 [pool-419-thread-1] INFO  server.RaftServerConfigKeys (ConfUtils.java:logGet(43)) - raft.server.log.statemachine.data.sync.timeout = 10s (default)
2019-10-10 12:40:31,110 [pool-409-thread-1] INFO  segmented.SegmentedRaftLogWorker (SegmentedRaftLogWorker.java:<init>(172)) - new 2977129d-288a-401c-9baf-20955028e955@group-D85A2CF2A55E-SegmentedRaftLogWorker for RaftStorage:Storage Directory /workdir/hadoop-ozone/integration-test/target/test-dir/MiniOzoneClusterImpl-8284007a-d704-4ed0-a0ee-bee753f20599/datanode-0/data/ratis/ffe594bf-f732-47eb-9e67-d85a2cf2a55e
2019-10-10 12:40:31,110 [pool-419-thread-1] INFO  server.RaftServerConfigKeys (ConfUtils.java:logGet(43)) - raft.server.log.statemachine.data.sync.timeout.retry = -1 (default)
2019-10-10 12:40:31,110 [pool-429-thread-1] INFO  server.RaftServerConfigKeys (ConfUtils.java:logGet(43)) - raft.server.log.queue.byte-limit = 2147483647 (custom)
2019-10-10 12:40:31,110 [pool-419-thread-1] INFO  server.RaftServerConfigKeys (ConfUtils.java:logGet(43)) - raft.server.log.statemachine.data.caching.enabled = true (custom)
2019-10-10 12:40:31,110 [pool-409-thread-1] INFO  server.RaftServerConfigKeys (ConfUtils.java:logGet(43)) - raft.server.log.queue.byte-limit = 2147483647 (custom)
2019-10-10 12:40:31,111 [pool-429-thread-1] INFO  server.RaftServerConfigKeys (ConfUtils.java:logGet(43)) - raft.server.log.queue.element-limit = 1024 (custom)
2019-10-10 12:40:31,111 [pool-419-thread-1] INFO  segmented.SegmentedRaftLogWorker (SegmentedRaftLogWorker.java:lambda$new$0(132)) - a5b85608-7f11-46ec-ae19-494ab54f3701@group-D85A2CF2A55E-SegmentedRaftLogWorker: flushIndex: setUnconditionally 0 -> -1
2019-10-10 12:40:31,111 [pool-409-thread-1] INFO  server.RaftServerConfigKeys (ConfUtils.java:logGet(43)) - raft.server.log.queue.element-limit = 1024 (custom)
2019-10-10 12:40:31,111 [pool-429-thread-1] INFO  server.RaftServerConfigKeys (ConfUtils.java:logGet(43)) - raft.server.log.segment.size.max = 1048576 (custom)
2019-10-10 12:40:31,111 [pool-419-thread-1] INFO  server.RaftServerConfigKeys (ConfUtils.java:logGet(43)) - raft.server.snapshot.auto.trigger.enabled = true (custom)
2019-10-10 12:40:31,111 [pool-409-thread-1] INFO  server.RaftServerConfigKeys (ConfUtils.java:logGet(43)) - raft.server.log.segment.size.max = 1048576 (custom)
2019-10-10 12:40:31,111 [pool-419-thread-1] INFO  server.RaftServerConfigKeys (ConfUtils.java:logGet(43)) - raft.server.snapshot.auto.trigger.threshold = 10000 (custom)
2019-10-10 12:40:31,111 [pool-429-thread-1] INFO  server.RaftServerConfigKeys (ConfUtils.java:logGet(43)) - raft.server.log.preallocated.size = 16384 (custom)
2019-10-10 12:40:31,111 [pool-419-thread-1] INFO  server.RaftServerConfigKeys (ConfUtils.java:logGet(43)) - raft.server.snapshot.retention.num.files = 5 (custom)
2019-10-10 12:40:31,111 [pool-409-thread-1] INFO  server.RaftServerConfigKeys (ConfUtils.java:logGet(43)) - raft.server.log.preallocated.size = 16384 (custom)
2019-10-10 12:40:31,112 [pool-419-thread-1] INFO  server.RaftServerConfigKeys (ConfUtils.java:logGet(43)) - raft.server.retrycache.expirytime = 600000ms (custom)
2019-10-10 12:40:31,112 [pool-429-thread-1] INFO  server.RaftServerConfigKeys (ConfUtils.java:logGet(43)) - raft.server.log.write.buffer.size = 33554432 (custom)
2019-10-10 12:40:31,112 [pool-409-thread-1] INFO  server.RaftServerConfigKeys (ConfUtils.java:logGet(43)) - raft.server.log.write.buffer.size = 33554432 (custom)
2019-10-10 12:40:31,112 [pool-429-thread-1] INFO  server.RaftServerConfigKeys (ConfUtils.java:logGet(43)) - raft.server.log.force.sync.num = 128 (default)
2019-10-10 12:40:31,112 [pool-409-thread-1] INFO  server.RaftServerConfigKeys (ConfUtils.java:logGet(43)) - raft.server.log.force.sync.num = 128 (default)
2019-10-10 12:40:31,112 [pool-429-thread-1] INFO  server.RaftServerConfigKeys (ConfUtils.java:logGet(43)) - raft.server.log.statemachine.data.sync = true (default)
2019-10-10 12:40:31,112 [pool-409-thread-1] INFO  server.RaftServerConfigKeys (ConfUtils.java:logGet(43)) - raft.server.log.statemachine.data.sync = true (default)
2019-10-10 12:40:31,112 [pool-429-thread-1] INFO  server.RaftServerConfigKeys (ConfUtils.java:logGet(43)) - raft.server.log.statemachine.data.sync.timeout = 10s (default)
2019-10-10 12:40:31,112 [pool-409-thread-1] INFO  server.RaftServerConfigKeys (ConfUtils.java:logGet(43)) - raft.server.log.statemachine.data.sync.timeout = 10s (default)
2019-10-10 12:40:31,113 [pool-429-thread-1] INFO  server.RaftServerConfigKeys (ConfUtils.java:logGet(43)) - raft.server.log.statemachine.data.sync.timeout.retry = -1 (default)
2019-10-10 12:40:31,113 [pool-409-thread-1] INFO  server.RaftServerConfigKeys (ConfUtils.java:logGet(43)) - raft.server.log.statemachine.data.sync.timeout.retry = -1 (default)
2019-10-10 12:40:31,113 [pool-429-thread-1] INFO  server.RaftServerConfigKeys (ConfUtils.java:logGet(43)) - raft.server.log.statemachine.data.caching.enabled = true (custom)
2019-10-10 12:40:31,113 [pool-409-thread-1] INFO  server.RaftServerConfigKeys (ConfUtils.java:logGet(43)) - raft.server.log.statemachine.data.caching.enabled = true (custom)
2019-10-10 12:40:31,113 [pool-419-thread-1] INFO  impl.RaftServerImpl (RaftServerImpl.java:start(185)) - a5b85608-7f11-46ec-ae19-494ab54f3701@group-D85A2CF2A55E: start as a follower, conf=-1: [2977129d-288a-401c-9baf-20955028e955:192.168.5.143:38849, eb492a76-ee7b-4591-82c0-07dc34c8f09d:192.168.5.143:39843, a5b85608-7f11-46ec-ae19-494ab54f3701:192.168.5.143:39887], old=null
2019-10-10 12:40:31,113 [pool-429-thread-1] INFO  segmented.SegmentedRaftLogWorker (SegmentedRaftLogWorker.java:lambda$new$0(132)) - eb492a76-ee7b-4591-82c0-07dc34c8f09d@group-D85A2CF2A55E-SegmentedRaftLogWorker: flushIndex: setUnconditionally 0 -> -1
2019-10-10 12:40:31,113 [pool-419-thread-1] INFO  impl.RaftServerImpl (RaftServerImpl.java:setRole(174)) - a5b85608-7f11-46ec-ae19-494ab54f3701@group-D85A2CF2A55E: changes role from      null to FOLLOWER at term 0 for startAsFollower
2019-10-10 12:40:31,113 [pool-409-thread-1] INFO  segmented.SegmentedRaftLogWorker (SegmentedRaftLogWorker.java:lambda$new$0(132)) - 2977129d-288a-401c-9baf-20955028e955@group-D85A2CF2A55E-SegmentedRaftLogWorker: flushIndex: setUnconditionally 0 -> -1
2019-10-10 12:40:31,114 [pool-429-thread-1] INFO  server.RaftServerConfigKeys (ConfUtils.java:logGet(43)) - raft.server.snapshot.auto.trigger.enabled = true (custom)
2019-10-10 12:40:31,114 [pool-419-thread-1] INFO  impl.RoleInfo (RoleInfo.java:updateAndGet(143)) - a5b85608-7f11-46ec-ae19-494ab54f3701: start FollowerState
2019-10-10 12:40:31,114 [pool-429-thread-1] INFO  server.RaftServerConfigKeys (ConfUtils.java:logGet(43)) - raft.server.snapshot.auto.trigger.threshold = 10000 (custom)
2019-10-10 12:40:31,114 [pool-409-thread-1] INFO  server.RaftServerConfigKeys (ConfUtils.java:logGet(43)) - raft.server.snapshot.auto.trigger.enabled = true (custom)
2019-10-10 12:40:31,114 [pool-419-thread-1] INFO  util.JmxRegister (JmxRegister.java:tryRegister(44)) - Successfully registered JMX Bean with object name Ratis:service=RaftServer,group=group-D85A2CF2A55E,id=a5b85608-7f11-46ec-ae19-494ab54f3701
2019-10-10 12:40:31,114 [pool-429-thread-1] INFO  server.RaftServerConfigKeys (ConfUtils.java:logGet(43)) - raft.server.snapshot.retention.num.files = 5 (custom)
2019-10-10 12:40:31,114 [pool-409-thread-1] INFO  server.RaftServerConfigKeys (ConfUtils.java:logGet(43)) - raft.server.snapshot.auto.trigger.threshold = 10000 (custom)
2019-10-10 12:40:31,114 [pool-429-thread-1] INFO  server.RaftServerConfigKeys (ConfUtils.java:logGet(43)) - raft.server.retrycache.expirytime = 600000ms (custom)
2019-10-10 12:40:31,114 [pool-409-thread-1] INFO  server.RaftServerConfigKeys (ConfUtils.java:logGet(43)) - raft.server.snapshot.retention.num.files = 5 (custom)
2019-10-10 12:40:31,114 [pool-409-thread-1] INFO  server.RaftServerConfigKeys (ConfUtils.java:logGet(43)) - raft.server.retrycache.expirytime = 600000ms (custom)
2019-10-10 12:40:31,117 [pool-429-thread-1] INFO  impl.RaftServerImpl (RaftServerImpl.java:start(185)) - eb492a76-ee7b-4591-82c0-07dc34c8f09d@group-D85A2CF2A55E: start as a follower, conf=-1: [2977129d-288a-401c-9baf-20955028e955:192.168.5.143:38849, eb492a76-ee7b-4591-82c0-07dc34c8f09d:192.168.5.143:39843, a5b85608-7f11-46ec-ae19-494ab54f3701:192.168.5.143:39887], old=null
2019-10-10 12:40:31,117 [pool-409-thread-1] INFO  impl.RaftServerImpl (RaftServerImpl.java:start(185)) - 2977129d-288a-401c-9baf-20955028e955@group-D85A2CF2A55E: start as a follower, conf=-1: [2977129d-288a-401c-9baf-20955028e955:192.168.5.143:38849, eb492a76-ee7b-4591-82c0-07dc34c8f09d:192.168.5.143:39843, a5b85608-7f11-46ec-ae19-494ab54f3701:192.168.5.143:39887], old=null
2019-10-10 12:40:31,117 [pool-429-thread-1] INFO  impl.RaftServerImpl (RaftServerImpl.java:setRole(174)) - eb492a76-ee7b-4591-82c0-07dc34c8f09d@group-D85A2CF2A55E: changes role from      null to FOLLOWER at term 0 for startAsFollower
2019-10-10 12:40:31,117 [pool-409-thread-1] INFO  impl.RaftServerImpl (RaftServerImpl.java:setRole(174)) - 2977129d-288a-401c-9baf-20955028e955@group-D85A2CF2A55E: changes role from      null to FOLLOWER at term 0 for startAsFollower
2019-10-10 12:40:31,117 [pool-429-thread-1] INFO  impl.RoleInfo (RoleInfo.java:updateAndGet(143)) - eb492a76-ee7b-4591-82c0-07dc34c8f09d: start FollowerState
2019-10-10 12:40:31,117 [pool-409-thread-1] INFO  impl.RoleInfo (RoleInfo.java:updateAndGet(143)) - 2977129d-288a-401c-9baf-20955028e955: start FollowerState
2019-10-10 12:40:31,118 [pool-429-thread-1] INFO  util.JmxRegister (JmxRegister.java:tryRegister(44)) - Successfully registered JMX Bean with object name Ratis:service=RaftServer,group=group-D85A2CF2A55E,id=eb492a76-ee7b-4591-82c0-07dc34c8f09d
2019-10-10 12:40:31,118 [pool-409-thread-1] INFO  util.JmxRegister (JmxRegister.java:tryRegister(44)) - Successfully registered JMX Bean with object name Ratis:service=RaftServer,group=group-D85A2CF2A55E,id=2977129d-288a-401c-9baf-20955028e955
2019-10-10 12:40:31,120 [RatisPipelineUtilsThread] INFO  pipeline.PipelineStateManager (PipelineStateManager.java:addPipeline(56)) - Created pipeline Pipeline[ Id: ffe594bf-f732-47eb-9e67-d85a2cf2a55e, Nodes: 2977129d-288a-401c-9baf-20955028e955{ip: 192.168.5.143, host: pr-hdds-1569-9zzhf-258611273, networkLocation: /default-rack, certSerialId: null}a5b85608-7f11-46ec-ae19-494ab54f3701{ip: 192.168.5.143, host: pr-hdds-1569-9zzhf-258611273, networkLocation: /default-rack, certSerialId: null}eb492a76-ee7b-4591-82c0-07dc34c8f09d{ip: 192.168.5.143, host: pr-hdds-1569-9zzhf-258611273, networkLocation: /default-rack, certSerialId: null}, Type:RATIS, Factor:THREE, State:OPEN]
2019-10-10 12:40:31,127 [grpc-default-executor-45] INFO  impl.RaftServerProxy (RaftServerProxy.java:addNew(89)) - 6f85b482-1ee3-41f8-b799-7ee315fa3ee8: addNew group-BAAFDA4BB310:[6f85b482-1ee3-41f8-b799-7ee315fa3ee8:192.168.5.143:44817, 2977129d-288a-401c-9baf-20955028e955:192.168.5.143:38849, a5b85608-7f11-46ec-ae19-494ab54f3701:192.168.5.143:39887] returns group-BAAFDA4BB310:java.util.concurrent.CompletableFuture@3bbca3f0[Not completed]
2019-10-10 12:40:31,127 [grpc-default-executor-48] INFO  impl.RaftServerProxy (RaftServerProxy.java:addNew(89)) - 2977129d-288a-401c-9baf-20955028e955: addNew group-BAAFDA4BB310:[6f85b482-1ee3-41f8-b799-7ee315fa3ee8:192.168.5.143:44817, 2977129d-288a-401c-9baf-20955028e955:192.168.5.143:38849, a5b85608-7f11-46ec-ae19-494ab54f3701:192.168.5.143:39887] returns group-BAAFDA4BB310:java.util.concurrent.CompletableFuture@9a52c2d[Not completed]
2019-10-10 12:40:31,127 [grpc-default-executor-42] INFO  impl.RaftServerProxy (RaftServerProxy.java:addNew(89)) - a5b85608-7f11-46ec-ae19-494ab54f3701: addNew group-BAAFDA4BB310:[6f85b482-1ee3-41f8-b799-7ee315fa3ee8:192.168.5.143:44817, 2977129d-288a-401c-9baf-20955028e955:192.168.5.143:38849, a5b85608-7f11-46ec-ae19-494ab54f3701:192.168.5.143:39887] returns group-BAAFDA4BB310:java.util.concurrent.CompletableFuture@47407daf[Not completed]
2019-10-10 12:40:31,129 [pool-419-thread-1] INFO  impl.RaftServerImpl (RaftServerImpl.java:<init>(95)) - a5b85608-7f11-46ec-ae19-494ab54f3701: new RaftServerImpl for group-BAAFDA4BB310:[6f85b482-1ee3-41f8-b799-7ee315fa3ee8:192.168.5.143:44817, 2977129d-288a-401c-9baf-20955028e955:192.168.5.143:38849, a5b85608-7f11-46ec-ae19-494ab54f3701:192.168.5.143:39887] with ContainerStateMachine:uninitialized
2019-10-10 12:40:31,129 [pool-419-thread-1] INFO  server.RaftServerConfigKeys (ConfUtils.java:logGet(43)) - raft.server.rpc.timeout.min = 5s (custom)
2019-10-10 12:40:31,129 [pool-419-thread-1] INFO  server.RaftServerConfigKeys (ConfUtils.java:logGet(43)) - raft.server.rpc.timeout.max = 5200ms (custom)
2019-10-10 12:40:31,129 [pool-419-thread-1] INFO  server.RaftServerConfigKeys (ConfUtils.java:logGet(43)) - raft.server.rpcslowness.timeout = 120s (custom)
2019-10-10 12:40:31,129 [pool-409-thread-1] INFO  impl.RaftServerImpl (RaftServerImpl.java:<init>(95)) - 2977129d-288a-401c-9baf-20955028e955: new RaftServerImpl for group-BAAFDA4BB310:[6f85b482-1ee3-41f8-b799-7ee315fa3ee8:192.168.5.143:44817, 2977129d-288a-401c-9baf-20955028e955:192.168.5.143:38849, a5b85608-7f11-46ec-ae19-494ab54f3701:192.168.5.143:39887] with ContainerStateMachine:uninitialized
2019-10-10 12:40:31,129 [pool-419-thread-1] INFO  server.RaftServerConfigKeys (ConfUtils.java:logGet(43)) - raft.server.sleep.deviation.threshold = 300 (default)
2019-10-10 12:40:31,129 [pool-409-thread-1] INFO  server.RaftServerConfigKeys (ConfUtils.java:logGet(43)) - raft.server.rpc.timeout.min = 5s (custom)
2019-10-10 12:40:31,129 [pool-439-thread-1] INFO  impl.RaftServerImpl (RaftServerImpl.java:<init>(95)) - 6f85b482-1ee3-41f8-b799-7ee315fa3ee8: new RaftServerImpl for group-BAAFDA4BB310:[6f85b482-1ee3-41f8-b799-7ee315fa3ee8:192.168.5.143:44817, 2977129d-288a-401c-9baf-20955028e955:192.168.5.143:38849, a5b85608-7f11-46ec-ae19-494ab54f3701:192.168.5.143:39887] with ContainerStateMachine:uninitialized
2019-10-10 12:40:31,130 [pool-409-thread-1] INFO  server.RaftServerConfigKeys (ConfUtils.java:logGet(43)) - raft.server.rpc.timeout.max = 5200ms (custom)
2019-10-10 12:40:31,130 [pool-409-thread-1] INFO  server.RaftServerConfigKeys (ConfUtils.java:logGet(43)) - raft.server.rpcslowness.timeout = 120s (custom)
2019-10-10 12:40:31,129 [pool-419-thread-1] INFO  server.RaftServerConfigKeys (ConfUtils.java:logGet(43)) - raft.server.log.appender.install.snapshot.enabled = false (custom)
2019-10-10 12:40:31,130 [pool-409-thread-1] INFO  server.RaftServerConfigKeys (ConfUtils.java:logGet(43)) - raft.server.sleep.deviation.threshold = 300 (default)
2019-10-10 12:40:31,130 [pool-409-thread-1] INFO  server.RaftServerConfigKeys (ConfUtils.java:logGet(43)) - raft.server.log.appender.install.snapshot.enabled = false (custom)
2019-10-10 12:40:31,130 [pool-439-thread-1] INFO  server.RaftServerConfigKeys (ConfUtils.java:logGet(43)) - raft.server.rpc.timeout.min = 5s (custom)
2019-10-10 12:40:31,130 [pool-409-thread-1] INFO  impl.RaftServerImpl (ServerState.java:<init>(103)) - 2977129d-288a-401c-9baf-20955028e955@group-BAAFDA4BB310: ConfigurationManager, init=-1: [6f85b482-1ee3-41f8-b799-7ee315fa3ee8:192.168.5.143:44817, 2977129d-288a-401c-9baf-20955028e955:192.168.5.143:38849, a5b85608-7f11-46ec-ae19-494ab54f3701:192.168.5.143:39887], old=null, confs=<EMPTY_MAP>
2019-10-10 12:40:31,130 [pool-419-thread-1] INFO  impl.RaftServerImpl (ServerState.java:<init>(103)) - a5b85608-7f11-46ec-ae19-494ab54f3701@group-BAAFDA4BB310: ConfigurationManager, init=-1: [6f85b482-1ee3-41f8-b799-7ee315fa3ee8:192.168.5.143:44817, 2977129d-288a-401c-9baf-20955028e955:192.168.5.143:38849, a5b85608-7f11-46ec-ae19-494ab54f3701:192.168.5.143:39887], old=null, confs=<EMPTY_MAP>
2019-10-10 12:40:31,130 [pool-409-thread-1] INFO  server.RaftServerConfigKeys (ConfUtils.java:logGet(43)) - raft.server.storage.dir = [/workdir/hadoop-ozone/integration-test/target/test-dir/MiniOzoneClusterImpl-8284007a-d704-4ed0-a0ee-bee753f20599/datanode-0/data/ratis] (custom)
2019-10-10 12:40:31,130 [pool-439-thread-1] INFO  server.RaftServerConfigKeys (ConfUtils.java:logGet(43)) - raft.server.rpc.timeout.max = 5200ms (custom)
2019-10-10 12:40:31,131 [pool-419-thread-1] INFO  server.RaftServerConfigKeys (ConfUtils.java:logGet(43)) - raft.server.storage.dir = [/workdir/hadoop-ozone/integration-test/target/test-dir/MiniOzoneClusterImpl-8284007a-d704-4ed0-a0ee-bee753f20599/datanode-1/data/ratis] (custom)
2019-10-10 12:40:31,131 [pool-439-thread-1] INFO  server.RaftServerConfigKeys (ConfUtils.java:logGet(43)) - raft.server.rpcslowness.timeout = 120s (custom)
2019-10-10 12:40:31,131 [pool-409-thread-1] INFO  storage.RaftStorageDirectory (RaftStorageDirectory.java:analyzeStorage(246)) - The storage directory /workdir/hadoop-ozone/integration-test/target/test-dir/MiniOzoneClusterImpl-8284007a-d704-4ed0-a0ee-bee753f20599/datanode-0/data/ratis/96b7d770-eacc-4f9e-a210-baafda4bb310 does not exist. Creating ...
2019-10-10 12:40:31,131 [pool-419-thread-1] INFO  storage.RaftStorageDirectory (RaftStorageDirectory.java:analyzeStorage(246)) - The storage directory /workdir/hadoop-ozone/integration-test/target/test-dir/MiniOzoneClusterImpl-8284007a-d704-4ed0-a0ee-bee753f20599/datanode-1/data/ratis/96b7d770-eacc-4f9e-a210-baafda4bb310 does not exist. Creating ...
2019-10-10 12:40:31,131 [pool-439-thread-1] INFO  server.RaftServerConfigKeys (ConfUtils.java:logGet(43)) - raft.server.sleep.deviation.threshold = 300 (default)
2019-10-10 12:40:31,131 [pool-439-thread-1] INFO  server.RaftServerConfigKeys (ConfUtils.java:logGet(43)) - raft.server.log.appender.install.snapshot.enabled = false (custom)
2019-10-10 12:40:31,131 [pool-439-thread-1] INFO  impl.RaftServerImpl (ServerState.java:<init>(103)) - 6f85b482-1ee3-41f8-b799-7ee315fa3ee8@group-BAAFDA4BB310: ConfigurationManager, init=-1: [6f85b482-1ee3-41f8-b799-7ee315fa3ee8:192.168.5.143:44817, 2977129d-288a-401c-9baf-20955028e955:192.168.5.143:38849, a5b85608-7f11-46ec-ae19-494ab54f3701:192.168.5.143:39887], old=null, confs=<EMPTY_MAP>
2019-10-10 12:40:31,131 [pool-439-thread-1] INFO  server.RaftServerConfigKeys (ConfUtils.java:logGet(43)) - raft.server.storage.dir = [/workdir/hadoop-ozone/integration-test/target/test-dir/MiniOzoneClusterImpl-8284007a-d704-4ed0-a0ee-bee753f20599/datanode-3/data/ratis] (custom)
2019-10-10 12:40:31,132 [pool-439-thread-1] INFO  storage.RaftStorageDirectory (RaftStorageDirectory.java:analyzeStorage(246)) - The storage directory /workdir/hadoop-ozone/integration-test/target/test-dir/MiniOzoneClusterImpl-8284007a-d704-4ed0-a0ee-bee753f20599/datanode-3/data/ratis/96b7d770-eacc-4f9e-a210-baafda4bb310 does not exist. Creating ...
2019-10-10 12:40:31,145 [pool-409-thread-1] INFO  storage.RaftStorageDirectory (RaftStorageDirectory.java:tryLock(328)) - Lock on /workdir/hadoop-ozone/integration-test/target/test-dir/MiniOzoneClusterImpl-8284007a-d704-4ed0-a0ee-bee753f20599/datanode-0/data/ratis/96b7d770-eacc-4f9e-a210-baafda4bb310/in_use.lock acquired by nodename 29031@pr-hdds-1569-9zzhf-258611273
2019-10-10 12:40:31,145 [pool-419-thread-1] INFO  storage.RaftStorageDirectory (RaftStorageDirectory.java:tryLock(328)) - Lock on /workdir/hadoop-ozone/integration-test/target/test-dir/MiniOzoneClusterImpl-8284007a-d704-4ed0-a0ee-bee753f20599/datanode-1/data/ratis/96b7d770-eacc-4f9e-a210-baafda4bb310/in_use.lock acquired by nodename 29031@pr-hdds-1569-9zzhf-258611273
2019-10-10 12:40:31,145 [pool-439-thread-1] INFO  storage.RaftStorageDirectory (RaftStorageDirectory.java:tryLock(328)) - Lock on /workdir/hadoop-ozone/integration-test/target/test-dir/MiniOzoneClusterImpl-8284007a-d704-4ed0-a0ee-bee753f20599/datanode-3/data/ratis/96b7d770-eacc-4f9e-a210-baafda4bb310/in_use.lock acquired by nodename 29031@pr-hdds-1569-9zzhf-258611273
2019-10-10 12:40:31,150 [pool-439-thread-1] INFO  storage.RaftStorage (RaftStorage.java:format(72)) - Storage directory /workdir/hadoop-ozone/integration-test/target/test-dir/MiniOzoneClusterImpl-8284007a-d704-4ed0-a0ee-bee753f20599/datanode-3/data/ratis/96b7d770-eacc-4f9e-a210-baafda4bb310 has been successfully formatted.
2019-10-10 12:40:31,150 [pool-419-thread-1] INFO  storage.RaftStorage (RaftStorage.java:format(72)) - Storage directory /workdir/hadoop-ozone/integration-test/target/test-dir/MiniOzoneClusterImpl-8284007a-d704-4ed0-a0ee-bee753f20599/datanode-1/data/ratis/96b7d770-eacc-4f9e-a210-baafda4bb310 has been successfully formatted.
2019-10-10 12:40:31,150 [pool-409-thread-1] INFO  storage.RaftStorage (RaftStorage.java:format(72)) - Storage directory /workdir/hadoop-ozone/integration-test/target/test-dir/MiniOzoneClusterImpl-8284007a-d704-4ed0-a0ee-bee753f20599/datanode-0/data/ratis/96b7d770-eacc-4f9e-a210-baafda4bb310 has been successfully formatted.
2019-10-10 12:40:31,150 [pool-439-thread-1] INFO  ratis.ContainerStateMachine (ContainerStateMachine.java:loadSnapshot(230)) - group-BAAFDA4BB310: The snapshot info is null. Setting the last applied indexto:(t:0, i:~)
2019-10-10 12:40:31,151 [pool-409-thread-1] INFO  ratis.ContainerStateMachine (ContainerStateMachine.java:loadSnapshot(230)) - group-BAAFDA4BB310: The snapshot info is null. Setting the last applied indexto:(t:0, i:~)
2019-10-10 12:40:31,151 [pool-419-thread-1] INFO  ratis.ContainerStateMachine (ContainerStateMachine.java:loadSnapshot(230)) - group-BAAFDA4BB310: The snapshot info is null. Setting the last applied indexto:(t:0, i:~)
2019-10-10 12:40:31,151 [pool-409-thread-1] INFO  server.RaftServerConfigKeys (ConfUtils.java:logGet(43)) - raft.server.notification.no-leader.timeout = 120s (custom)
2019-10-10 12:40:31,151 [pool-439-thread-1] INFO  server.RaftServerConfigKeys (ConfUtils.java:logGet(43)) - raft.server.notification.no-leader.timeout = 120s (custom)
2019-10-10 12:40:31,151 [pool-409-thread-1] INFO  server.RaftServerConfigKeys (ConfUtils.java:logGet(43)) - raft.server.log.use.memory = false (default)
2019-10-10 12:40:31,151 [pool-419-thread-1] INFO  server.RaftServerConfigKeys (ConfUtils.java:logGet(43)) - raft.server.notification.no-leader.timeout = 120s (custom)
2019-10-10 12:40:31,151 [pool-409-thread-1] INFO  server.RaftServerConfigKeys (ConfUtils.java:logGet(43)) - raft.server.log.purge.gap = 1000000 (custom)
2019-10-10 12:40:31,151 [pool-439-thread-1] INFO  server.RaftServerConfigKeys (ConfUtils.java:logGet(43)) - raft.server.log.use.memory = false (default)
2019-10-10 12:40:31,151 [pool-409-thread-1] INFO  server.RaftServerConfigKeys (ConfUtils.java:logGet(43)) - raft.server.log.appender.buffer.byte-limit = 33554432 (custom)
2019-10-10 12:40:31,151 [pool-419-thread-1] INFO  server.RaftServerConfigKeys (ConfUtils.java:logGet(43)) - raft.server.log.use.memory = false (default)
2019-10-10 12:40:31,152 [pool-409-thread-1] INFO  server.RaftServerConfigKeys (ConfUtils.java:logGet(43)) - raft.server.log.segment.size.max = 1048576 (custom)
2019-10-10 12:40:31,152 [pool-439-thread-1] INFO  server.RaftServerConfigKeys (ConfUtils.java:logGet(43)) - raft.server.log.purge.gap = 1000000 (custom)
2019-10-10 12:40:31,152 [pool-409-thread-1] INFO  server.RaftServerConfigKeys (ConfUtils.java:logGet(43)) - raft.server.log.segment.cache.num.max = 2 (custom)
2019-10-10 12:40:31,152 [pool-419-thread-1] INFO  server.RaftServerConfigKeys (ConfUtils.java:logGet(43)) - raft.server.log.purge.gap = 1000000 (custom)
2019-10-10 12:40:31,152 [pool-409-thread-1] INFO  segmented.SegmentedRaftLogWorker (SegmentedRaftLogWorker.java:<init>(172)) - new 2977129d-288a-401c-9baf-20955028e955@group-BAAFDA4BB310-SegmentedRaftLogWorker for RaftStorage:Storage Directory /workdir/hadoop-ozone/integration-test/target/test-dir/MiniOzoneClusterImpl-8284007a-d704-4ed0-a0ee-bee753f20599/datanode-0/data/ratis/96b7d770-eacc-4f9e-a210-baafda4bb310
2019-10-10 12:40:31,152 [pool-439-thread-1] INFO  server.RaftServerConfigKeys (ConfUtils.java:logGet(43)) - raft.server.log.appender.buffer.byte-limit = 33554432 (custom)
2019-10-10 12:40:31,152 [pool-409-thread-1] INFO  server.RaftServerConfigKeys (ConfUtils.java:logGet(43)) - raft.server.log.queue.byte-limit = 2147483647 (custom)
2019-10-10 12:40:31,152 [pool-419-thread-1] INFO  server.RaftServerConfigKeys (ConfUtils.java:logGet(43)) - raft.server.log.appender.buffer.byte-limit = 33554432 (custom)
2019-10-10 12:40:31,153 [pool-409-thread-1] INFO  server.RaftServerConfigKeys (ConfUtils.java:logGet(43)) - raft.server.log.queue.element-limit = 1024 (custom)
2019-10-10 12:40:31,153 [pool-439-thread-1] INFO  server.RaftServerConfigKeys (ConfUtils.java:logGet(43)) - raft.server.log.segment.size.max = 1048576 (custom)
2019-10-10 12:40:31,153 [pool-409-thread-1] INFO  server.RaftServerConfigKeys (ConfUtils.java:logGet(43)) - raft.server.log.segment.size.max = 1048576 (custom)
2019-10-10 12:40:31,153 [pool-419-thread-1] INFO  server.RaftServerConfigKeys (ConfUtils.java:logGet(43)) - raft.server.log.segment.size.max = 1048576 (custom)
2019-10-10 12:40:31,153 [pool-409-thread-1] INFO  server.RaftServerConfigKeys (ConfUtils.java:logGet(43)) - raft.server.log.preallocated.size = 16384 (custom)
2019-10-10 12:40:31,153 [pool-409-thread-1] INFO  server.RaftServerConfigKeys (ConfUtils.java:logGet(43)) - raft.server.log.write.buffer.size = 33554432 (custom)
2019-10-10 12:40:31,153 [pool-439-thread-1] INFO  server.RaftServerConfigKeys (ConfUtils.java:logGet(43)) - raft.server.log.segment.cache.num.max = 2 (custom)
2019-10-10 12:40:31,153 [pool-409-thread-1] INFO  server.RaftServerConfigKeys (ConfUtils.java:logGet(43)) - raft.server.log.force.sync.num = 128 (default)
2019-10-10 12:40:31,153 [pool-419-thread-1] INFO  server.RaftServerConfigKeys (ConfUtils.java:logGet(43)) - raft.server.log.segment.cache.num.max = 2 (custom)
2019-10-10 12:40:31,154 [pool-409-thread-1] INFO  server.RaftServerConfigKeys (ConfUtils.java:logGet(43)) - raft.server.log.statemachine.data.sync = true (default)
2019-10-10 12:40:31,153 [pool-439-thread-1] INFO  segmented.SegmentedRaftLogWorker (SegmentedRaftLogWorker.java:<init>(172)) - new 6f85b482-1ee3-41f8-b799-7ee315fa3ee8@group-BAAFDA4BB310-SegmentedRaftLogWorker for RaftStorage:Storage Directory /workdir/hadoop-ozone/integration-test/target/test-dir/MiniOzoneClusterImpl-8284007a-d704-4ed0-a0ee-bee753f20599/datanode-3/data/ratis/96b7d770-eacc-4f9e-a210-baafda4bb310
2019-10-10 12:40:31,154 [pool-409-thread-1] INFO  server.RaftServerConfigKeys (ConfUtils.java:logGet(43)) - raft.server.log.statemachine.data.sync.timeout = 10s (default)
2019-10-10 12:40:31,154 [pool-419-thread-1] INFO  segmented.SegmentedRaftLogWorker (SegmentedRaftLogWorker.java:<init>(172)) - new a5b85608-7f11-46ec-ae19-494ab54f3701@group-BAAFDA4BB310-SegmentedRaftLogWorker for RaftStorage:Storage Directory /workdir/hadoop-ozone/integration-test/target/test-dir/MiniOzoneClusterImpl-8284007a-d704-4ed0-a0ee-bee753f20599/datanode-1/data/ratis/96b7d770-eacc-4f9e-a210-baafda4bb310
2019-10-10 12:40:31,154 [pool-409-thread-1] INFO  server.RaftServerConfigKeys (ConfUtils.java:logGet(43)) - raft.server.log.statemachine.data.sync.timeout.retry = -1 (default)
2019-10-10 12:40:31,154 [pool-419-thread-1] INFO  server.RaftServerConfigKeys (ConfUtils.java:logGet(43)) - raft.server.log.queue.byte-limit = 2147483647 (custom)
2019-10-10 12:40:31,154 [pool-409-thread-1] INFO  server.RaftServerConfigKeys (ConfUtils.java:logGet(43)) - raft.server.log.statemachine.data.caching.enabled = true (custom)
2019-10-10 12:40:31,155 [pool-419-thread-1] INFO  server.RaftServerConfigKeys (ConfUtils.java:logGet(43)) - raft.server.log.queue.element-limit = 1024 (custom)
2019-10-10 12:40:31,155 [pool-409-thread-1] INFO  segmented.SegmentedRaftLogWorker (SegmentedRaftLogWorker.java:lambda$new$0(132)) - 2977129d-288a-401c-9baf-20955028e955@group-BAAFDA4BB310-SegmentedRaftLogWorker: flushIndex: setUnconditionally 0 -> -1
2019-10-10 12:40:31,155 [pool-419-thread-1] INFO  server.RaftServerConfigKeys (ConfUtils.java:logGet(43)) - raft.server.log.segment.size.max = 1048576 (custom)
2019-10-10 12:40:31,155 [pool-409-thread-1] INFO  server.RaftServerConfigKeys (ConfUtils.java:logGet(43)) - raft.server.snapshot.auto.trigger.enabled = true (custom)
2019-10-10 12:40:31,155 [pool-419-thread-1] INFO  server.RaftServerConfigKeys (ConfUtils.java:logGet(43)) - raft.server.log.preallocated.size = 16384 (custom)
2019-10-10 12:40:31,155 [pool-439-thread-1] INFO  server.RaftServerConfigKeys (ConfUtils.java:logGet(43)) - raft.server.log.queue.byte-limit = 2147483647 (custom)
2019-10-10 12:40:31,155 [pool-409-thread-1] INFO  server.RaftServerConfigKeys (ConfUtils.java:logGet(43)) - raft.server.snapshot.auto.trigger.threshold = 10000 (custom)
2019-10-10 12:40:31,155 [pool-439-thread-1] INFO  server.RaftServerConfigKeys (ConfUtils.java:logGet(43)) - raft.server.log.queue.element-limit = 1024 (custom)
2019-10-10 12:40:31,155 [pool-419-thread-1] INFO  server.RaftServerConfigKeys (ConfUtils.java:logGet(43)) - raft.server.log.write.buffer.size = 33554432 (custom)
2019-10-10 12:40:31,156 [pool-439-thread-1] INFO  server.RaftServerConfigKeys (ConfUtils.java:logGet(43)) - raft.server.log.segment.size.max = 1048576 (custom)
2019-10-10 12:40:31,156 [pool-409-thread-1] INFO  server.RaftServerConfigKeys (ConfUtils.java:logGet(43)) - raft.server.snapshot.retention.num.files = 5 (custom)
2019-10-10 12:40:31,156 [pool-439-thread-1] INFO  server.RaftServerConfigKeys (ConfUtils.java:logGet(43)) - raft.server.log.preallocated.size = 16384 (custom)
2019-10-10 12:40:31,156 [pool-419-thread-1] INFO  server.RaftServerConfigKeys (ConfUtils.java:logGet(43)) - raft.server.log.force.sync.num = 128 (default)
2019-10-10 12:40:31,156 [pool-439-thread-1] INFO  server.RaftServerConfigKeys (ConfUtils.java:logGet(43)) - raft.server.log.write.buffer.size = 33554432 (custom)
2019-10-10 12:40:31,156 [pool-439-thread-1] INFO  server.RaftServerConfigKeys (ConfUtils.java:logGet(43)) - raft.server.log.force.sync.num = 128 (default)
2019-10-10 12:40:31,156 [pool-409-thread-1] INFO  server.RaftServerConfigKeys (ConfUtils.java:logGet(43)) - raft.server.retrycache.expirytime = 600000ms (custom)
2019-10-10 12:40:31,156 [pool-439-thread-1] INFO  server.RaftServerConfigKeys (ConfUtils.java:logGet(43)) - raft.server.log.statemachine.data.sync = true (default)
2019-10-10 12:40:31,156 [pool-419-thread-1] INFO  server.RaftServerConfigKeys (ConfUtils.java:logGet(43)) - raft.server.log.statemachine.data.sync = true (default)
2019-10-10 12:40:31,157 [pool-439-thread-1] INFO  server.RaftServerConfigKeys (ConfUtils.java:logGet(43)) - raft.server.log.statemachine.data.sync.timeout = 10s (default)
2019-10-10 12:40:31,157 [pool-419-thread-1] INFO  server.RaftServerConfigKeys (ConfUtils.java:logGet(43)) - raft.server.log.statemachine.data.sync.timeout = 10s (default)
2019-10-10 12:40:31,157 [pool-439-thread-1] INFO  server.RaftServerConfigKeys (ConfUtils.java:logGet(43)) - raft.server.log.statemachine.data.sync.timeout.retry = -1 (default)
2019-10-10 12:40:31,157 [pool-419-thread-1] INFO  server.RaftServerConfigKeys (ConfUtils.java:logGet(43)) - raft.server.log.statemachine.data.sync.timeout.retry = -1 (default)
2019-10-10 12:40:31,157 [pool-419-thread-1] INFO  server.RaftServerConfigKeys (ConfUtils.java:logGet(43)) - raft.server.log.statemachine.data.caching.enabled = true (custom)
2019-10-10 12:40:31,158 [pool-439-thread-1] INFO  server.RaftServerConfigKeys (ConfUtils.java:logGet(43)) - raft.server.log.statemachine.data.caching.enabled = true (custom)
2019-10-10 12:40:31,158 [pool-419-thread-1] INFO  segmented.SegmentedRaftLogWorker (SegmentedRaftLogWorker.java:lambda$new$0(132)) - a5b85608-7f11-46ec-ae19-494ab54f3701@group-BAAFDA4BB310-SegmentedRaftLogWorker: flushIndex: setUnconditionally 0 -> -1
2019-10-10 12:40:31,158 [pool-439-thread-1] INFO  segmented.SegmentedRaftLogWorker (SegmentedRaftLogWorker.java:lambda$new$0(132)) - 6f85b482-1ee3-41f8-b799-7ee315fa3ee8@group-BAAFDA4BB310-SegmentedRaftLogWorker: flushIndex: setUnconditionally 0 -> -1
2019-10-10 12:40:31,158 [pool-419-thread-1] INFO  server.RaftServerConfigKeys (ConfUtils.java:logGet(43)) - raft.server.snapshot.auto.trigger.enabled = true (custom)
2019-10-10 12:40:31,158 [pool-439-thread-1] INFO  server.RaftServerConfigKeys (ConfUtils.java:logGet(43)) - raft.server.snapshot.auto.trigger.enabled = true (custom)
2019-10-10 12:40:31,158 [pool-409-thread-1] INFO  impl.RaftServerImpl (RaftServerImpl.java:start(185)) - 2977129d-288a-401c-9baf-20955028e955@group-BAAFDA4BB310: start as a follower, conf=-1: [6f85b482-1ee3-41f8-b799-7ee315fa3ee8:192.168.5.143:44817, 2977129d-288a-401c-9baf-20955028e955:192.168.5.143:38849, a5b85608-7f11-46ec-ae19-494ab54f3701:192.168.5.143:39887], old=null
2019-10-10 12:40:31,158 [pool-419-thread-1] INFO  server.RaftServerConfigKeys (ConfUtils.java:logGet(43)) - raft.server.snapshot.auto.trigger.threshold = 10000 (custom)
2019-10-10 12:40:31,159 [pool-409-thread-1] INFO  impl.RaftServerImpl (RaftServerImpl.java:setRole(174)) - 2977129d-288a-401c-9baf-20955028e955@group-BAAFDA4BB310: changes role from      null to FOLLOWER at term 0 for startAsFollower
2019-10-10 12:40:31,159 [pool-439-thread-1] INFO  server.RaftServerConfigKeys (ConfUtils.java:logGet(43)) - raft.server.snapshot.auto.trigger.threshold = 10000 (custom)
2019-10-10 12:40:31,159 [pool-409-thread-1] INFO  impl.RoleInfo (RoleInfo.java:updateAndGet(143)) - 2977129d-288a-401c-9baf-20955028e955: start FollowerState
2019-10-10 12:40:31,159 [pool-419-thread-1] INFO  server.RaftServerConfigKeys (ConfUtils.java:logGet(43)) - raft.server.snapshot.retention.num.files = 5 (custom)
2019-10-10 12:40:31,159 [pool-409-thread-1] INFO  util.JmxRegister (JmxRegister.java:tryRegister(44)) - Successfully registered JMX Bean with object name Ratis:service=RaftServer,group=group-BAAFDA4BB310,id=2977129d-288a-401c-9baf-20955028e955
2019-10-10 12:40:31,159 [pool-439-thread-1] INFO  server.RaftServerConfigKeys (ConfUtils.java:logGet(43)) - raft.server.snapshot.retention.num.files = 5 (custom)
2019-10-10 12:40:31,159 [pool-419-thread-1] INFO  server.RaftServerConfigKeys (ConfUtils.java:logGet(43)) - raft.server.retrycache.expirytime = 600000ms (custom)
2019-10-10 12:40:31,160 [pool-439-thread-1] INFO  server.RaftServerConfigKeys (ConfUtils.java:logGet(43)) - raft.server.retrycache.expirytime = 600000ms (custom)
2019-10-10 12:40:31,163 [pool-439-thread-1] INFO  impl.RaftServerImpl (RaftServerImpl.java:start(185)) - 6f85b482-1ee3-41f8-b799-7ee315fa3ee8@group-BAAFDA4BB310: start as a follower, conf=-1: [6f85b482-1ee3-41f8-b799-7ee315fa3ee8:192.168.5.143:44817, 2977129d-288a-401c-9baf-20955028e955:192.168.5.143:38849, a5b85608-7f11-46ec-ae19-494ab54f3701:192.168.5.143:39887], old=null
2019-10-10 12:40:31,163 [pool-439-thread-1] INFO  impl.RaftServerImpl (RaftServerImpl.java:setRole(174)) - 6f85b482-1ee3-41f8-b799-7ee315fa3ee8@group-BAAFDA4BB310: changes role from      null to FOLLOWER at term 0 for startAsFollower
2019-10-10 12:40:31,163 [pool-439-thread-1] INFO  impl.RoleInfo (RoleInfo.java:updateAndGet(143)) - 6f85b482-1ee3-41f8-b799-7ee315fa3ee8: start FollowerState
2019-10-10 12:40:31,163 [pool-419-thread-1] INFO  impl.RaftServerImpl (RaftServerImpl.java:start(185)) - a5b85608-7f11-46ec-ae19-494ab54f3701@group-BAAFDA4BB310: start as a follower, conf=-1: [6f85b482-1ee3-41f8-b799-7ee315fa3ee8:192.168.5.143:44817, 2977129d-288a-401c-9baf-20955028e955:192.168.5.143:38849, a5b85608-7f11-46ec-ae19-494ab54f3701:192.168.5.143:39887], old=null
2019-10-10 12:40:31,163 [pool-439-thread-1] INFO  util.JmxRegister (JmxRegister.java:tryRegister(44)) - Successfully registered JMX Bean with object name Ratis:service=RaftServer,group=group-BAAFDA4BB310,id=6f85b482-1ee3-41f8-b799-7ee315fa3ee8
2019-10-10 12:40:31,163 [pool-419-thread-1] INFO  impl.RaftServerImpl (RaftServerImpl.java:setRole(174)) - a5b85608-7f11-46ec-ae19-494ab54f3701@group-BAAFDA4BB310: changes role from      null to FOLLOWER at term 0 for startAsFollower
2019-10-10 12:40:31,164 [pool-419-thread-1] INFO  impl.RoleInfo (RoleInfo.java:updateAndGet(143)) - a5b85608-7f11-46ec-ae19-494ab54f3701: start FollowerState
2019-10-10 12:40:31,164 [pool-419-thread-1] INFO  util.JmxRegister (JmxRegister.java:tryRegister(44)) - Successfully registered JMX Bean with object name Ratis:service=RaftServer,group=group-BAAFDA4BB310,id=a5b85608-7f11-46ec-ae19-494ab54f3701
2019-10-10 12:40:31,166 [RatisPipelineUtilsThread] INFO  pipeline.PipelineStateManager (PipelineStateManager.java:addPipeline(56)) - Created pipeline Pipeline[ Id: 96b7d770-eacc-4f9e-a210-baafda4bb310, Nodes: 2977129d-288a-401c-9baf-20955028e955{ip: 192.168.5.143, host: pr-hdds-1569-9zzhf-258611273, networkLocation: /default-rack, certSerialId: null}a5b85608-7f11-46ec-ae19-494ab54f3701{ip: 192.168.5.143, host: pr-hdds-1569-9zzhf-258611273, networkLocation: /default-rack, certSerialId: null}6f85b482-1ee3-41f8-b799-7ee315fa3ee8{ip: 192.168.5.143, host: pr-hdds-1569-9zzhf-258611273, networkLocation: /default-rack, certSerialId: null}, Type:RATIS, Factor:THREE, State:OPEN]
2019-10-10 12:40:31,178 [IPC Server handler 0 on 34911] INFO  net.NetworkTopology (NetworkTopologyImpl.java:add(111)) - Added a new node: /default-rack/31dbcda4-c74c-4dfb-b27d-abb192246f85
2019-10-10 12:40:31,180 [IPC Server handler 0 on 34911] INFO  node.SCMNodeManager (SCMNodeManager.java:register(266)) - Registered Data node : 31dbcda4-c74c-4dfb-b27d-abb192246f85{ip: 192.168.5.143, host: pr-hdds-1569-9zzhf-258611273, networkLocation: /default-rack, certSerialId: null}
2019-10-10 12:40:31,181 [grpc-default-executor-48] INFO  impl.RaftServerProxy (RaftServerProxy.java:addNew(89)) - 2977129d-288a-401c-9baf-20955028e955: addNew group-4E0D53597C14:[6f85b482-1ee3-41f8-b799-7ee315fa3ee8:192.168.5.143:44817, 2977129d-288a-401c-9baf-20955028e955:192.168.5.143:38849, a5b85608-7f11-46ec-ae19-494ab54f3701:192.168.5.143:39887] returns group-4E0D53597C14:java.util.concurrent.CompletableFuture@536e6669[Not completed]
2019-10-10 12:40:31,181 [grpc-default-executor-42] INFO  impl.RaftServerProxy (RaftServerProxy.java:addNew(89)) - 6f85b482-1ee3-41f8-b799-7ee315fa3ee8: addNew group-4E0D53597C14:[6f85b482-1ee3-41f8-b799-7ee315fa3ee8:192.168.5.143:44817, 2977129d-288a-401c-9baf-20955028e955:192.168.5.143:38849, a5b85608-7f11-46ec-ae19-494ab54f3701:192.168.5.143:39887] returns group-4E0D53597C14:java.util.concurrent.CompletableFuture@5eb40952[Not completed]
2019-10-10 12:40:31,181 [grpc-default-executor-45] INFO  impl.RaftServerProxy (RaftServerProxy.java:addNew(89)) - a5b85608-7f11-46ec-ae19-494ab54f3701: addNew group-4E0D53597C14:[6f85b482-1ee3-41f8-b799-7ee315fa3ee8:192.168.5.143:44817, 2977129d-288a-401c-9baf-20955028e955:192.168.5.143:38849, a5b85608-7f11-46ec-ae19-494ab54f3701:192.168.5.143:39887] returns group-4E0D53597C14:java.util.concurrent.CompletableFuture@4c005e05[Not completed]
2019-10-10 12:40:31,182 [pool-409-thread-1] INFO  impl.RaftServerImpl (RaftServerImpl.java:<init>(95)) - 2977129d-288a-401c-9baf-20955028e955: new RaftServerImpl for group-4E0D53597C14:[6f85b482-1ee3-41f8-b799-7ee315fa3ee8:192.168.5.143:44817, 2977129d-288a-401c-9baf-20955028e955:192.168.5.143:38849, a5b85608-7f11-46ec-ae19-494ab54f3701:192.168.5.143:39887] with ContainerStateMachine:uninitialized
2019-10-10 12:40:31,182 [pool-409-thread-1] INFO  server.RaftServerConfigKeys (ConfUtils.java:logGet(43)) - raft.server.rpc.timeout.min = 5s (custom)
2019-10-10 12:40:31,182 [pool-409-thread-1] INFO  server.RaftServerConfigKeys (ConfUtils.java:logGet(43)) - raft.server.rpc.timeout.max = 5200ms (custom)
2019-10-10 12:40:31,182 [pool-409-thread-1] INFO  server.RaftServerConfigKeys (ConfUtils.java:logGet(43)) - raft.server.rpcslowness.timeout = 120s (custom)
2019-10-10 12:40:31,182 [pool-409-thread-1] INFO  server.RaftServerConfigKeys (ConfUtils.java:logGet(43)) - raft.server.sleep.deviation.threshold = 300 (default)
2019-10-10 12:40:31,182 [pool-409-thread-1] INFO  server.RaftServerConfigKeys (ConfUtils.java:logGet(43)) - raft.server.log.appender.install.snapshot.enabled = false (custom)
2019-10-10 12:40:31,182 [pool-409-thread-1] INFO  impl.RaftServerImpl (ServerState.java:<init>(103)) - 2977129d-288a-401c-9baf-20955028e955@group-4E0D53597C14: ConfigurationManager, init=-1: [6f85b482-1ee3-41f8-b799-7ee315fa3ee8:192.168.5.143:44817, 2977129d-288a-401c-9baf-20955028e955:192.168.5.143:38849, a5b85608-7f11-46ec-ae19-494ab54f3701:192.168.5.143:39887], old=null, confs=<EMPTY_MAP>
2019-10-10 12:40:31,182 [pool-409-thread-1] INFO  server.RaftServerConfigKeys (ConfUtils.java:logGet(43)) - raft.server.storage.dir = [/workdir/hadoop-ozone/integration-test/target/test-dir/MiniOzoneClusterImpl-8284007a-d704-4ed0-a0ee-bee753f20599/datanode-0/data/ratis] (custom)
2019-10-10 12:40:31,183 [pool-419-thread-1] INFO  impl.RaftServerImpl (RaftServerImpl.java:<init>(95)) - a5b85608-7f11-46ec-ae19-494ab54f3701: new RaftServerImpl for group-4E0D53597C14:[6f85b482-1ee3-41f8-b799-7ee315fa3ee8:192.168.5.143:44817, 2977129d-288a-401c-9baf-20955028e955:192.168.5.143:38849, a5b85608-7f11-46ec-ae19-494ab54f3701:192.168.5.143:39887] with ContainerStateMachine:uninitialized
2019-10-10 12:40:31,183 [pool-409-thread-1] INFO  storage.RaftStorageDirectory (RaftStorageDirectory.java:analyzeStorage(246)) - The storage directory /workdir/hadoop-ozone/integration-test/target/test-dir/MiniOzoneClusterImpl-8284007a-d704-4ed0-a0ee-bee753f20599/datanode-0/data/ratis/5006571e-737a-4a6f-a6c0-4e0d53597c14 does not exist. Creating ...
2019-10-10 12:40:31,183 [pool-419-thread-1] INFO  server.RaftServerConfigKeys (ConfUtils.java:logGet(43)) - raft.server.rpc.timeout.min = 5s (custom)
2019-10-10 12:40:31,183 [pool-419-thread-1] INFO  server.RaftServerConfigKeys (ConfUtils.java:logGet(43)) - raft.server.rpc.timeout.max = 5200ms (custom)
2019-10-10 12:40:31,183 [pool-439-thread-1] INFO  impl.RaftServerImpl (RaftServerImpl.java:<init>(95)) - 6f85b482-1ee3-41f8-b799-7ee315fa3ee8: new RaftServerImpl for group-4E0D53597C14:[6f85b482-1ee3-41f8-b799-7ee315fa3ee8:192.168.5.143:44817, 2977129d-288a-401c-9baf-20955028e955:192.168.5.143:38849, a5b85608-7f11-46ec-ae19-494ab54f3701:192.168.5.143:39887] with ContainerStateMachine:uninitialized
2019-10-10 12:40:31,183 [pool-419-thread-1] INFO  server.RaftServerConfigKeys (ConfUtils.java:logGet(43)) - raft.server.rpcslowness.timeout = 120s (custom)
2019-10-10 12:40:31,183 [pool-439-thread-1] INFO  server.RaftServerConfigKeys (ConfUtils.java:logGet(43)) - raft.server.rpc.timeout.min = 5s (custom)
2019-10-10 12:40:31,184 [pool-419-thread-1] INFO  server.RaftServerConfigKeys (ConfUtils.java:logGet(43)) - raft.server.sleep.deviation.threshold = 300 (default)
2019-10-10 12:40:31,184 [pool-439-thread-1] INFO  server.RaftServerConfigKeys (ConfUtils.java:logGet(43)) - raft.server.rpc.timeout.max = 5200ms (custom)
2019-10-10 12:40:31,184 [pool-419-thread-1] INFO  server.RaftServerConfigKeys (ConfUtils.java:logGet(43)) - raft.server.log.appender.install.snapshot.enabled = false (custom)
2019-10-10 12:40:31,184 [pool-439-thread-1] INFO  server.RaftServerConfigKeys (ConfUtils.java:logGet(43)) - raft.server.rpcslowness.timeout = 120s (custom)
2019-10-10 12:40:31,184 [pool-419-thread-1] INFO  impl.RaftServerImpl (ServerState.java:<init>(103)) - a5b85608-7f11-46ec-ae19-494ab54f3701@group-4E0D53597C14: ConfigurationManager, init=-1: [6f85b482-1ee3-41f8-b799-7ee315fa3ee8:192.168.5.143:44817, 2977129d-288a-401c-9baf-20955028e955:192.168.5.143:38849, a5b85608-7f11-46ec-ae19-494ab54f3701:192.168.5.143:39887], old=null, confs=<EMPTY_MAP>
2019-10-10 12:40:31,184 [pool-439-thread-1] INFO  server.RaftServerConfigKeys (ConfUtils.java:logGet(43)) - raft.server.sleep.deviation.threshold = 300 (default)
2019-10-10 12:40:31,184 [pool-419-thread-1] INFO  server.RaftServerConfigKeys (ConfUtils.java:logGet(43)) - raft.server.storage.dir = [/workdir/hadoop-ozone/integration-test/target/test-dir/MiniOzoneClusterImpl-8284007a-d704-4ed0-a0ee-bee753f20599/datanode-1/data/ratis] (custom)
2019-10-10 12:40:31,185 [pool-439-thread-1] INFO  server.RaftServerConfigKeys (ConfUtils.java:logGet(43)) - raft.server.log.appender.install.snapshot.enabled = false (custom)
2019-10-10 12:40:31,185 [pool-439-thread-1] INFO  impl.RaftServerImpl (ServerState.java:<init>(103)) - 6f85b482-1ee3-41f8-b799-7ee315fa3ee8@group-4E0D53597C14: ConfigurationManager, init=-1: [6f85b482-1ee3-41f8-b799-7ee315fa3ee8:192.168.5.143:44817, 2977129d-288a-401c-9baf-20955028e955:192.168.5.143:38849, a5b85608-7f11-46ec-ae19-494ab54f3701:192.168.5.143:39887], old=null, confs=<EMPTY_MAP>
2019-10-10 12:40:31,185 [pool-419-thread-1] INFO  storage.RaftStorageDirectory (RaftStorageDirectory.java:analyzeStorage(246)) - The storage directory /workdir/hadoop-ozone/integration-test/target/test-dir/MiniOzoneClusterImpl-8284007a-d704-4ed0-a0ee-bee753f20599/datanode-1/data/ratis/5006571e-737a-4a6f-a6c0-4e0d53597c14 does not exist. Creating ...
2019-10-10 12:40:31,185 [pool-439-thread-1] INFO  server.RaftServerConfigKeys (ConfUtils.java:logGet(43)) - raft.server.storage.dir = [/workdir/hadoop-ozone/integration-test/target/test-dir/MiniOzoneClusterImpl-8284007a-d704-4ed0-a0ee-bee753f20599/datanode-3/data/ratis] (custom)
2019-10-10 12:40:31,186 [pool-439-thread-1] INFO  storage.RaftStorageDirectory (RaftStorageDirectory.java:analyzeStorage(246)) - The storage directory /workdir/hadoop-ozone/integration-test/target/test-dir/MiniOzoneClusterImpl-8284007a-d704-4ed0-a0ee-bee753f20599/datanode-3/data/ratis/5006571e-737a-4a6f-a6c0-4e0d53597c14 does not exist. Creating ...
2019-10-10 12:40:31,204 [pool-409-thread-1] INFO  storage.RaftStorageDirectory (RaftStorageDirectory.java:tryLock(328)) - Lock on /workdir/hadoop-ozone/integration-test/target/test-dir/MiniOzoneClusterImpl-8284007a-d704-4ed0-a0ee-bee753f20599/datanode-0/data/ratis/5006571e-737a-4a6f-a6c0-4e0d53597c14/in_use.lock acquired by nodename 29031@pr-hdds-1569-9zzhf-258611273
2019-10-10 12:40:31,205 [pool-419-thread-1] INFO  storage.RaftStorageDirectory (RaftStorageDirectory.java:tryLock(328)) - Lock on /workdir/hadoop-ozone/integration-test/target/test-dir/MiniOzoneClusterImpl-8284007a-d704-4ed0-a0ee-bee753f20599/datanode-1/data/ratis/5006571e-737a-4a6f-a6c0-4e0d53597c14/in_use.lock acquired by nodename 29031@pr-hdds-1569-9zzhf-258611273
2019-10-10 12:40:31,205 [pool-439-thread-1] INFO  storage.RaftStorageDirectory (RaftStorageDirectory.java:tryLock(328)) - Lock on /workdir/hadoop-ozone/integration-test/target/test-dir/MiniOzoneClusterImpl-8284007a-d704-4ed0-a0ee-bee753f20599/datanode-3/data/ratis/5006571e-737a-4a6f-a6c0-4e0d53597c14/in_use.lock acquired by nodename 29031@pr-hdds-1569-9zzhf-258611273
2019-10-10 12:40:31,218 [pool-409-thread-1] INFO  storage.RaftStorage (RaftStorage.java:format(72)) - Storage directory /workdir/hadoop-ozone/integration-test/target/test-dir/MiniOzoneClusterImpl-8284007a-d704-4ed0-a0ee-bee753f20599/datanode-0/data/ratis/5006571e-737a-4a6f-a6c0-4e0d53597c14 has been successfully formatted.
2019-10-10 12:40:31,218 [pool-439-thread-1] INFO  storage.RaftStorage (RaftStorage.java:format(72)) - Storage directory /workdir/hadoop-ozone/integration-test/target/test-dir/MiniOzoneClusterImpl-8284007a-d704-4ed0-a0ee-bee753f20599/datanode-3/data/ratis/5006571e-737a-4a6f-a6c0-4e0d53597c14 has been successfully formatted.
2019-10-10 12:40:31,218 [pool-419-thread-1] INFO  storage.RaftStorage (RaftStorage.java:format(72)) - Storage directory /workdir/hadoop-ozone/integration-test/target/test-dir/MiniOzoneClusterImpl-8284007a-d704-4ed0-a0ee-bee753f20599/datanode-1/data/ratis/5006571e-737a-4a6f-a6c0-4e0d53597c14 has been successfully formatted.
2019-10-10 12:40:31,219 [pool-439-thread-1] INFO  ratis.ContainerStateMachine (ContainerStateMachine.java:loadSnapshot(230)) - group-4E0D53597C14: The snapshot info is null. Setting the last applied indexto:(t:0, i:~)
2019-10-10 12:40:31,218 [pool-409-thread-1] INFO  ratis.ContainerStateMachine (ContainerStateMachine.java:loadSnapshot(230)) - group-4E0D53597C14: The snapshot info is null. Setting the last applied indexto:(t:0, i:~)
2019-10-10 12:40:31,219 [pool-439-thread-1] INFO  server.RaftServerConfigKeys (ConfUtils.java:logGet(43)) - raft.server.notification.no-leader.timeout = 120s (custom)
2019-10-10 12:40:31,219 [pool-419-thread-1] INFO  ratis.ContainerStateMachine (ContainerStateMachine.java:loadSnapshot(230)) - group-4E0D53597C14: The snapshot info is null. Setting the last applied indexto:(t:0, i:~)
2019-10-10 12:40:31,219 [pool-439-thread-1] INFO  server.RaftServerConfigKeys (ConfUtils.java:logGet(43)) - raft.server.log.use.memory = false (default)
2019-10-10 12:40:31,219 [pool-409-thread-1] INFO  server.RaftServerConfigKeys (ConfUtils.java:logGet(43)) - raft.server.notification.no-leader.timeout = 120s (custom)
2019-10-10 12:40:31,219 [pool-439-thread-1] INFO  server.RaftServerConfigKeys (ConfUtils.java:logGet(43)) - raft.server.log.purge.gap = 1000000 (custom)
2019-10-10 12:40:31,219 [pool-419-thread-1] INFO  server.RaftServerConfigKeys (ConfUtils.java:logGet(43)) - raft.server.notification.no-leader.timeout = 120s (custom)
2019-10-10 12:40:31,220 [pool-439-thread-1] INFO  server.RaftServerConfigKeys (ConfUtils.java:logGet(43)) - raft.server.log.appender.buffer.byte-limit = 33554432 (custom)
2019-10-10 12:40:31,220 [pool-409-thread-1] INFO  server.RaftServerConfigKeys (ConfUtils.java:logGet(43)) - raft.server.log.use.memory = false (default)
2019-10-10 12:40:31,220 [pool-439-thread-1] INFO  server.RaftServerConfigKeys (ConfUtils.java:logGet(43)) - raft.server.log.segment.size.max = 1048576 (custom)
2019-10-10 12:40:31,220 [pool-419-thread-1] INFO  server.RaftServerConfigKeys (ConfUtils.java:logGet(43)) - raft.server.log.use.memory = false (default)
2019-10-10 12:40:31,220 [pool-439-thread-1] INFO  server.RaftServerConfigKeys (ConfUtils.java:logGet(43)) - raft.server.log.segment.cache.num.max = 2 (custom)
2019-10-10 12:40:31,220 [pool-409-thread-1] INFO  server.RaftServerConfigKeys (ConfUtils.java:logGet(43)) - raft.server.log.purge.gap = 1000000 (custom)
2019-10-10 12:40:31,221 [pool-439-thread-1] INFO  segmented.SegmentedRaftLogWorker (SegmentedRaftLogWorker.java:<init>(172)) - new 6f85b482-1ee3-41f8-b799-7ee315fa3ee8@group-4E0D53597C14-SegmentedRaftLogWorker for RaftStorage:Storage Directory /workdir/hadoop-ozone/integration-test/target/test-dir/MiniOzoneClusterImpl-8284007a-d704-4ed0-a0ee-bee753f20599/datanode-3/data/ratis/5006571e-737a-4a6f-a6c0-4e0d53597c14
2019-10-10 12:40:31,220 [pool-419-thread-1] INFO  server.RaftServerConfigKeys (ConfUtils.java:logGet(43)) - raft.server.log.purge.gap = 1000000 (custom)
2019-10-10 12:40:31,221 [pool-439-thread-1] INFO  server.RaftServerConfigKeys (ConfUtils.java:logGet(43)) - raft.server.log.queue.byte-limit = 2147483647 (custom)
2019-10-10 12:40:31,221 [pool-409-thread-1] INFO  server.RaftServerConfigKeys (ConfUtils.java:logGet(43)) - raft.server.log.appender.buffer.byte-limit = 33554432 (custom)
2019-10-10 12:40:31,221 [pool-439-thread-1] INFO  server.RaftServerConfigKeys (ConfUtils.java:logGet(43)) - raft.server.log.queue.element-limit = 1024 (custom)
2019-10-10 12:40:31,221 [pool-419-thread-1] INFO  server.RaftServerConfigKeys (ConfUtils.java:logGet(43)) - raft.server.log.appender.buffer.byte-limit = 33554432 (custom)
2019-10-10 12:40:31,221 [pool-439-thread-1] INFO  server.RaftServerConfigKeys (ConfUtils.java:logGet(43)) - raft.server.log.segment.size.max = 1048576 (custom)
2019-10-10 12:40:31,221 [pool-409-thread-1] INFO  server.RaftServerConfigKeys (ConfUtils.java:logGet(43)) - raft.server.log.segment.size.max = 1048576 (custom)
2019-10-10 12:40:31,222 [pool-439-thread-1] INFO  server.RaftServerConfigKeys (ConfUtils.java:logGet(43)) - raft.server.log.preallocated.size = 16384 (custom)
2019-10-10 12:40:31,222 [pool-419-thread-1] INFO  server.RaftServerConfigKeys (ConfUtils.java:logGet(43)) - raft.server.log.segment.size.max = 1048576 (custom)
2019-10-10 12:40:31,222 [pool-439-thread-1] INFO  server.RaftServerConfigKeys (ConfUtils.java:logGet(43)) - raft.server.log.write.buffer.size = 33554432 (custom)
2019-10-10 12:40:31,222 [pool-409-thread-1] INFO  server.RaftServerConfigKeys (ConfUtils.java:logGet(43)) - raft.server.log.segment.cache.num.max = 2 (custom)
2019-10-10 12:40:31,222 [pool-439-thread-1] INFO  server.RaftServerConfigKeys (ConfUtils.java:logGet(43)) - raft.server.log.force.sync.num = 128 (default)
2019-10-10 12:40:31,222 [pool-439-thread-1] INFO  server.RaftServerConfigKeys (ConfUtils.java:logGet(43)) - raft.server.log.statemachine.data.sync = true (default)
2019-10-10 12:40:31,222 [pool-419-thread-1] INFO  server.RaftServerConfigKeys (ConfUtils.java:logGet(43)) - raft.server.log.segment.cache.num.max = 2 (custom)
2019-10-10 12:40:31,223 [pool-439-thread-1] INFO  server.RaftServerConfigKeys (ConfUtils.java:logGet(43)) - raft.server.log.statemachine.data.sync.timeout = 10s (default)
2019-10-10 12:40:31,223 [pool-439-thread-1] INFO  server.RaftServerConfigKeys (ConfUtils.java:logGet(43)) - raft.server.log.statemachine.data.sync.timeout.retry = -1 (default)
2019-10-10 12:40:31,222 [pool-409-thread-1] INFO  segmented.SegmentedRaftLogWorker (SegmentedRaftLogWorker.java:<init>(172)) - new 2977129d-288a-401c-9baf-20955028e955@group-4E0D53597C14-SegmentedRaftLogWorker for RaftStorage:Storage Directory /workdir/hadoop-ozone/integration-test/target/test-dir/MiniOzoneClusterImpl-8284007a-d704-4ed0-a0ee-bee753f20599/datanode-0/data/ratis/5006571e-737a-4a6f-a6c0-4e0d53597c14
2019-10-10 12:40:31,223 [pool-439-thread-1] INFO  server.RaftServerConfigKeys (ConfUtils.java:logGet(43)) - raft.server.log.statemachine.data.caching.enabled = true (custom)
2019-10-10 12:40:31,223 [pool-419-thread-1] INFO  segmented.SegmentedRaftLogWorker (SegmentedRaftLogWorker.java:<init>(172)) - new a5b85608-7f11-46ec-ae19-494ab54f3701@group-4E0D53597C14-SegmentedRaftLogWorker for RaftStorage:Storage Directory /workdir/hadoop-ozone/integration-test/target/test-dir/MiniOzoneClusterImpl-8284007a-d704-4ed0-a0ee-bee753f20599/datanode-1/data/ratis/5006571e-737a-4a6f-a6c0-4e0d53597c14
2019-10-10 12:40:31,224 [pool-439-thread-1] INFO  segmented.SegmentedRaftLogWorker (SegmentedRaftLogWorker.java:lambda$new$0(132)) - 6f85b482-1ee3-41f8-b799-7ee315fa3ee8@group-4E0D53597C14-SegmentedRaftLogWorker: flushIndex: setUnconditionally 0 -> -1
2019-10-10 12:40:31,223 [pool-409-thread-1] INFO  server.RaftServerConfigKeys (ConfUtils.java:logGet(43)) - raft.server.log.queue.byte-limit = 2147483647 (custom)
2019-10-10 12:40:31,224 [pool-419-thread-1] INFO  server.RaftServerConfigKeys (ConfUtils.java:logGet(43)) - raft.server.log.queue.byte-limit = 2147483647 (custom)
2019-10-10 12:40:31,224 [pool-439-thread-1] INFO  server.RaftServerConfigKeys (ConfUtils.java:logGet(43)) - raft.server.snapshot.auto.trigger.enabled = true (custom)
2019-10-10 12:40:31,224 [pool-409-thread-1] INFO  server.RaftServerConfigKeys (ConfUtils.java:logGet(43)) - raft.server.log.queue.element-limit = 1024 (custom)
2019-10-10 12:40:31,224 [pool-439-thread-1] INFO  server.RaftServerConfigKeys (ConfUtils.java:logGet(43)) - raft.server.snapshot.auto.trigger.threshold = 10000 (custom)
2019-10-10 12:40:31,224 [pool-439-thread-1] INFO  server.RaftServerConfigKeys (ConfUtils.java:logGet(43)) - raft.server.snapshot.retention.num.files = 5 (custom)
2019-10-10 12:40:31,224 [pool-419-thread-1] INFO  server.RaftServerConfigKeys (ConfUtils.java:logGet(43)) - raft.server.log.queue.element-limit = 1024 (custom)
2019-10-10 12:40:31,225 [pool-439-thread-1] INFO  server.RaftServerConfigKeys (ConfUtils.java:logGet(43)) - raft.server.retrycache.expirytime = 600000ms (custom)
2019-10-10 12:40:31,224 [pool-409-thread-1] INFO  server.RaftServerConfigKeys (ConfUtils.java:logGet(43)) - raft.server.log.segment.size.max = 1048576 (custom)
2019-10-10 12:40:31,225 [pool-419-thread-1] INFO  server.RaftServerConfigKeys (ConfUtils.java:logGet(43)) - raft.server.log.segment.size.max = 1048576 (custom)
2019-10-10 12:40:31,225 [pool-409-thread-1] INFO  server.RaftServerConfigKeys (ConfUtils.java:logGet(43)) - raft.server.log.preallocated.size = 16384 (custom)
2019-10-10 12:40:31,225 [pool-419-thread-1] INFO  server.RaftServerConfigKeys (ConfUtils.java:logGet(43)) - raft.server.log.preallocated.size = 16384 (custom)
2019-10-10 12:40:31,225 [pool-409-thread-1] INFO  server.RaftServerConfigKeys (ConfUtils.java:logGet(43)) - raft.server.log.write.buffer.size = 33554432 (custom)
2019-10-10 12:40:31,225 [pool-419-thread-1] INFO  server.RaftServerConfigKeys (ConfUtils.java:logGet(43)) - raft.server.log.write.buffer.size = 33554432 (custom)
2019-10-10 12:40:31,225 [pool-409-thread-1] INFO  server.RaftServerConfigKeys (ConfUtils.java:logGet(43)) - raft.server.log.force.sync.num = 128 (default)
2019-10-10 12:40:31,226 [pool-419-thread-1] INFO  server.RaftServerConfigKeys (ConfUtils.java:logGet(43)) - raft.server.log.force.sync.num = 128 (default)
2019-10-10 12:40:31,226 [pool-409-thread-1] INFO  server.RaftServerConfigKeys (ConfUtils.java:logGet(43)) - raft.server.log.statemachine.data.sync = true (default)
2019-10-10 12:40:31,226 [pool-419-thread-1] INFO  server.RaftServerConfigKeys (ConfUtils.java:logGet(43)) - raft.server.log.statemachine.data.sync = true (default)
2019-10-10 12:40:31,226 [pool-409-thread-1] INFO  server.RaftServerConfigKeys (ConfUtils.java:logGet(43)) - raft.server.log.statemachine.data.sync.timeout = 10s (default)
2019-10-10 12:40:31,226 [pool-419-thread-1] INFO  server.RaftServerConfigKeys (ConfUtils.java:logGet(43)) - raft.server.log.statemachine.data.sync.timeout = 10s (default)
2019-10-10 12:40:31,226 [pool-409-thread-1] INFO  server.RaftServerConfigKeys (ConfUtils.java:logGet(43)) - raft.server.log.statemachine.data.sync.timeout.retry = -1 (default)
2019-10-10 12:40:31,226 [pool-419-thread-1] INFO  server.RaftServerConfigKeys (ConfUtils.java:logGet(43)) - raft.server.log.statemachine.data.sync.timeout.retry = -1 (default)
2019-10-10 12:40:31,227 [pool-409-thread-1] INFO  server.RaftServerConfigKeys (ConfUtils.java:logGet(43)) - raft.server.log.statemachine.data.caching.enabled = true (custom)
2019-10-10 12:40:31,227 [pool-439-thread-1] INFO  impl.RaftServerImpl (RaftServerImpl.java:start(185)) - 6f85b482-1ee3-41f8-b799-7ee315fa3ee8@group-4E0D53597C14: start as a follower, conf=-1: [6f85b482-1ee3-41f8-b799-7ee315fa3ee8:192.168.5.143:44817, 2977129d-288a-401c-9baf-20955028e955:192.168.5.143:38849, a5b85608-7f11-46ec-ae19-494ab54f3701:192.168.5.143:39887], old=null
2019-10-10 12:40:31,227 [pool-409-thread-1] INFO  segmented.SegmentedRaftLogWorker (SegmentedRaftLogWorker.java:lambda$new$0(132)) - 2977129d-288a-401c-9baf-20955028e955@group-4E0D53597C14-SegmentedRaftLogWorker: flushIndex: setUnconditionally 0 -> -1
2019-10-10 12:40:31,227 [pool-419-thread-1] INFO  server.RaftServerConfigKeys (ConfUtils.java:logGet(43)) - raft.server.log.statemachine.data.caching.enabled = true (custom)
2019-10-10 12:40:31,227 [pool-409-thread-1] INFO  server.RaftServerConfigKeys (ConfUtils.java:logGet(43)) - raft.server.snapshot.auto.trigger.enabled = true (custom)
2019-10-10 12:40:31,227 [pool-409-thread-1] INFO  server.RaftServerConfigKeys (ConfUtils.java:logGet(43)) - raft.server.snapshot.auto.trigger.threshold = 10000 (custom)
2019-10-10 12:40:31,227 [pool-439-thread-1] INFO  impl.RaftServerImpl (RaftServerImpl.java:setRole(174)) - 6f85b482-1ee3-41f8-b799-7ee315fa3ee8@group-4E0D53597C14: changes role from      null to FOLLOWER at term 0 for startAsFollower
2019-10-10 12:40:31,227 [pool-409-thread-1] INFO  server.RaftServerConfigKeys (ConfUtils.java:logGet(43)) - raft.server.snapshot.retention.num.files = 5 (custom)
2019-10-10 12:40:31,227 [pool-419-thread-1] INFO  segmented.SegmentedRaftLogWorker (SegmentedRaftLogWorker.java:lambda$new$0(132)) - a5b85608-7f11-46ec-ae19-494ab54f3701@group-4E0D53597C14-SegmentedRaftLogWorker: flushIndex: setUnconditionally 0 -> -1
2019-10-10 12:40:31,228 [pool-409-thread-1] INFO  server.RaftServerConfigKeys (ConfUtils.java:logGet(43)) - raft.server.retrycache.expirytime = 600000ms (custom)
2019-10-10 12:40:31,228 [pool-439-thread-1] INFO  impl.RoleInfo (RoleInfo.java:updateAndGet(143)) - 6f85b482-1ee3-41f8-b799-7ee315fa3ee8: start FollowerState
2019-10-10 12:40:31,228 [pool-419-thread-1] INFO  server.RaftServerConfigKeys (ConfUtils.java:logGet(43)) - raft.server.snapshot.auto.trigger.enabled = true (custom)
2019-10-10 12:40:31,228 [pool-419-thread-1] INFO  server.RaftServerConfigKeys (ConfUtils.java:logGet(43)) - raft.server.snapshot.auto.trigger.threshold = 10000 (custom)
2019-10-10 12:40:31,228 [pool-439-thread-1] INFO  util.JmxRegister (JmxRegister.java:tryRegister(44)) - Successfully registered JMX Bean with object name Ratis:service=RaftServer,group=group-4E0D53597C14,id=6f85b482-1ee3-41f8-b799-7ee315fa3ee8
2019-10-10 12:40:31,228 [pool-419-thread-1] INFO  server.RaftServerConfigKeys (ConfUtils.java:logGet(43)) - raft.server.snapshot.retention.num.files = 5 (custom)
2019-10-10 12:40:31,229 [pool-419-thread-1] INFO  server.RaftServerConfigKeys (ConfUtils.java:logGet(43)) - raft.server.retrycache.expirytime = 600000ms (custom)
2019-10-10 12:40:31,229 [pool-409-thread-1] INFO  impl.RaftServerImpl (RaftServerImpl.java:start(185)) - 2977129d-288a-401c-9baf-20955028e955@group-4E0D53597C14: start as a follower, conf=-1: [6f85b482-1ee3-41f8-b799-7ee315fa3ee8:192.168.5.143:44817, 2977129d-288a-401c-9baf-20955028e955:192.168.5.143:38849, a5b85608-7f11-46ec-ae19-494ab54f3701:192.168.5.143:39887], old=null
2019-10-10 12:40:31,229 [pool-409-thread-1] INFO  impl.RaftServerImpl (RaftServerImpl.java:setRole(174)) - 2977129d-288a-401c-9baf-20955028e955@group-4E0D53597C14: changes role from      null to FOLLOWER at term 0 for startAsFollower
2019-10-10 12:40:31,229 [pool-409-thread-1] INFO  impl.RoleInfo (RoleInfo.java:updateAndGet(143)) - 2977129d-288a-401c-9baf-20955028e955: start FollowerState
2019-10-10 12:40:31,230 [pool-409-thread-1] INFO  util.JmxRegister (JmxRegister.java:tryRegister(44)) - Successfully registered JMX Bean with object name Ratis:service=RaftServer,group=group-4E0D53597C14,id=2977129d-288a-401c-9baf-20955028e955
2019-10-10 12:40:31,231 [pool-419-thread-1] INFO  impl.RaftServerImpl (RaftServerImpl.java:start(185)) - a5b85608-7f11-46ec-ae19-494ab54f3701@group-4E0D53597C14: start as a follower, conf=-1: [6f85b482-1ee3-41f8-b799-7ee315fa3ee8:192.168.5.143:44817, 2977129d-288a-401c-9baf-20955028e955:192.168.5.143:38849, a5b85608-7f11-46ec-ae19-494ab54f3701:192.168.5.143:39887], old=null
2019-10-10 12:40:31,231 [pool-419-thread-1] INFO  impl.RaftServerImpl (RaftServerImpl.java:setRole(174)) - a5b85608-7f11-46ec-ae19-494ab54f3701@group-4E0D53597C14: changes role from      null to FOLLOWER at term 0 for startAsFollower
2019-10-10 12:40:31,231 [pool-419-thread-1] INFO  impl.RoleInfo (RoleInfo.java:updateAndGet(143)) - a5b85608-7f11-46ec-ae19-494ab54f3701: start FollowerState
2019-10-10 12:40:31,232 [pool-419-thread-1] INFO  util.JmxRegister (JmxRegister.java:tryRegister(44)) - Successfully registered JMX Bean with object name Ratis:service=RaftServer,group=group-4E0D53597C14,id=a5b85608-7f11-46ec-ae19-494ab54f3701
2019-10-10 12:40:31,234 [RatisPipelineUtilsThread] INFO  pipeline.PipelineStateManager (PipelineStateManager.java:addPipeline(56)) - Created pipeline Pipeline[ Id: 5006571e-737a-4a6f-a6c0-4e0d53597c14, Nodes: a5b85608-7f11-46ec-ae19-494ab54f3701{ip: 192.168.5.143, host: pr-hdds-1569-9zzhf-258611273, networkLocation: /default-rack, certSerialId: null}6f85b482-1ee3-41f8-b799-7ee315fa3ee8{ip: 192.168.5.143, host: pr-hdds-1569-9zzhf-258611273, networkLocation: /default-rack, certSerialId: null}2977129d-288a-401c-9baf-20955028e955{ip: 192.168.5.143, host: pr-hdds-1569-9zzhf-258611273, networkLocation: /default-rack, certSerialId: null}, Type:RATIS, Factor:THREE, State:OPEN]
2019-10-10 12:40:31,236 [grpc-default-executor-45] INFO  impl.RaftServerProxy (RaftServerProxy.java:addNew(89)) - a5b85608-7f11-46ec-ae19-494ab54f3701: addNew group-4091CFA4C27B:[6f85b482-1ee3-41f8-b799-7ee315fa3ee8:192.168.5.143:44817, a5b85608-7f11-46ec-ae19-494ab54f3701:192.168.5.143:39887, 31dbcda4-c74c-4dfb-b27d-abb192246f85:192.168.5.143:46534] returns group-4091CFA4C27B:java.util.concurrent.CompletableFuture@4778e44b[Not completed]
2019-10-10 12:40:31,240 [grpc-default-executor-48] INFO  impl.RaftServerProxy (RaftServerProxy.java:addNew(89)) - 6f85b482-1ee3-41f8-b799-7ee315fa3ee8: addNew group-4091CFA4C27B:[6f85b482-1ee3-41f8-b799-7ee315fa3ee8:192.168.5.143:44817, a5b85608-7f11-46ec-ae19-494ab54f3701:192.168.5.143:39887, 31dbcda4-c74c-4dfb-b27d-abb192246f85:192.168.5.143:46534] returns group-4091CFA4C27B:java.util.concurrent.CompletableFuture@4fa3ac65[Not completed]
2019-10-10 12:40:31,240 [grpc-default-executor-42] INFO  impl.RaftServerProxy (RaftServerProxy.java:addNew(89)) - 31dbcda4-c74c-4dfb-b27d-abb192246f85: addNew group-4091CFA4C27B:[6f85b482-1ee3-41f8-b799-7ee315fa3ee8:192.168.5.143:44817, a5b85608-7f11-46ec-ae19-494ab54f3701:192.168.5.143:39887, 31dbcda4-c74c-4dfb-b27d-abb192246f85:192.168.5.143:46534] returns group-4091CFA4C27B:java.util.concurrent.CompletableFuture@4ed547c5[Not completed]
2019-10-10 12:40:31,241 [pool-419-thread-1] INFO  impl.RaftServerImpl (RaftServerImpl.java:<init>(95)) - a5b85608-7f11-46ec-ae19-494ab54f3701: new RaftServerImpl for group-4091CFA4C27B:[6f85b482-1ee3-41f8-b799-7ee315fa3ee8:192.168.5.143:44817, a5b85608-7f11-46ec-ae19-494ab54f3701:192.168.5.143:39887, 31dbcda4-c74c-4dfb-b27d-abb192246f85:192.168.5.143:46534] with ContainerStateMachine:uninitialized
2019-10-10 12:40:31,241 [pool-419-thread-1] INFO  server.RaftServerConfigKeys (ConfUtils.java:logGet(43)) - raft.server.rpc.timeout.min = 5s (custom)
2019-10-10 12:40:31,241 [pool-419-thread-1] INFO  server.RaftServerConfigKeys (ConfUtils.java:logGet(43)) - raft.server.rpc.timeout.max = 5200ms (custom)
2019-10-10 12:40:31,241 [pool-419-thread-1] INFO  server.RaftServerConfigKeys (ConfUtils.java:logGet(43)) - raft.server.rpcslowness.timeout = 120s (custom)
2019-10-10 12:40:31,241 [pool-439-thread-1] INFO  impl.RaftServerImpl (RaftServerImpl.java:<init>(95)) - 6f85b482-1ee3-41f8-b799-7ee315fa3ee8: new RaftServerImpl for group-4091CFA4C27B:[6f85b482-1ee3-41f8-b799-7ee315fa3ee8:192.168.5.143:44817, a5b85608-7f11-46ec-ae19-494ab54f3701:192.168.5.143:39887, 31dbcda4-c74c-4dfb-b27d-abb192246f85:192.168.5.143:46534] with ContainerStateMachine:uninitialized
2019-10-10 12:40:31,242 [pool-419-thread-1] INFO  server.RaftServerConfigKeys (ConfUtils.java:logGet(43)) - raft.server.sleep.deviation.threshold = 300 (default)
2019-10-10 12:40:31,242 [pool-439-thread-1] INFO  server.RaftServerConfigKeys (ConfUtils.java:logGet(43)) - raft.server.rpc.timeout.min = 5s (custom)
2019-10-10 12:40:31,242 [pool-419-thread-1] INFO  server.RaftServerConfigKeys (ConfUtils.java:logGet(43)) - raft.server.log.appender.install.snapshot.enabled = false (custom)
2019-10-10 12:40:31,242 [pool-449-thread-1] INFO  impl.RaftServerImpl (RaftServerImpl.java:<init>(95)) - 31dbcda4-c74c-4dfb-b27d-abb192246f85: new RaftServerImpl for group-4091CFA4C27B:[6f85b482-1ee3-41f8-b799-7ee315fa3ee8:192.168.5.143:44817, a5b85608-7f11-46ec-ae19-494ab54f3701:192.168.5.143:39887, 31dbcda4-c74c-4dfb-b27d-abb192246f85:192.168.5.143:46534] with ContainerStateMachine:uninitialized
2019-10-10 12:40:31,242 [pool-439-thread-1] INFO  server.RaftServerConfigKeys (ConfUtils.java:logGet(43)) - raft.server.rpc.timeout.max = 5200ms (custom)
2019-10-10 12:40:31,242 [pool-449-thread-1] INFO  server.RaftServerConfigKeys (ConfUtils.java:logGet(43)) - raft.server.rpc.timeout.min = 5s (custom)
2019-10-10 12:40:31,243 [pool-449-thread-1] INFO  server.RaftServerConfigKeys (ConfUtils.java:logGet(43)) - raft.server.rpc.timeout.max = 5200ms (custom)
2019-10-10 12:40:31,242 [pool-419-thread-1] INFO  impl.RaftServerImpl (ServerState.java:<init>(103)) - a5b85608-7f11-46ec-ae19-494ab54f3701@group-4091CFA4C27B: ConfigurationManager, init=-1: [6f85b482-1ee3-41f8-b799-7ee315fa3ee8:192.168.5.143:44817, a5b85608-7f11-46ec-ae19-494ab54f3701:192.168.5.143:39887, 31dbcda4-c74c-4dfb-b27d-abb192246f85:192.168.5.143:46534], old=null, confs=<EMPTY_MAP>
2019-10-10 12:40:31,243 [pool-449-thread-1] INFO  server.RaftServerConfigKeys (ConfUtils.java:logGet(43)) - raft.server.rpcslowness.timeout = 120s (custom)
2019-10-10 12:40:31,243 [pool-449-thread-1] INFO  server.RaftServerConfigKeys (ConfUtils.java:logGet(43)) - raft.server.sleep.deviation.threshold = 300 (default)
2019-10-10 12:40:31,242 [pool-439-thread-1] INFO  server.RaftServerConfigKeys (ConfUtils.java:logGet(43)) - raft.server.rpcslowness.timeout = 120s (custom)
2019-10-10 12:40:31,243 [pool-449-thread-1] INFO  server.RaftServerConfigKeys (ConfUtils.java:logGet(43)) - raft.server.log.appender.install.snapshot.enabled = false (custom)
2019-10-10 12:40:31,243 [pool-419-thread-1] INFO  server.RaftServerConfigKeys (ConfUtils.java:logGet(43)) - raft.server.storage.dir = [/workdir/hadoop-ozone/integration-test/target/test-dir/MiniOzoneClusterImpl-8284007a-d704-4ed0-a0ee-bee753f20599/datanode-1/data/ratis] (custom)
2019-10-10 12:40:31,243 [pool-449-thread-1] INFO  impl.RaftServerImpl (ServerState.java:<init>(103)) - 31dbcda4-c74c-4dfb-b27d-abb192246f85@group-4091CFA4C27B: ConfigurationManager, init=-1: [6f85b482-1ee3-41f8-b799-7ee315fa3ee8:192.168.5.143:44817, a5b85608-7f11-46ec-ae19-494ab54f3701:192.168.5.143:39887, 31dbcda4-c74c-4dfb-b27d-abb192246f85:192.168.5.143:46534], old=null, confs=<EMPTY_MAP>
2019-10-10 12:40:31,243 [pool-439-thread-1] INFO  server.RaftServerConfigKeys (ConfUtils.java:logGet(43)) - raft.server.sleep.deviation.threshold = 300 (default)
2019-10-10 12:40:31,244 [pool-419-thread-1] INFO  storage.RaftStorageDirectory (RaftStorageDirectory.java:analyzeStorage(246)) - The storage directory /workdir/hadoop-ozone/integration-test/target/test-dir/MiniOzoneClusterImpl-8284007a-d704-4ed0-a0ee-bee753f20599/datanode-1/data/ratis/33891784-f9ab-4bdf-9ec3-4091cfa4c27b does not exist. Creating ...
2019-10-10 12:40:31,244 [pool-449-thread-1] INFO  server.RaftServerConfigKeys (ConfUtils.java:logGet(43)) - raft.server.storage.dir = [/workdir/hadoop-ozone/integration-test/target/test-dir/MiniOzoneClusterImpl-8284007a-d704-4ed0-a0ee-bee753f20599/datanode-4/data/ratis] (custom)
2019-10-10 12:40:31,244 [pool-439-thread-1] INFO  server.RaftServerConfigKeys (ConfUtils.java:logGet(43)) - raft.server.log.appender.install.snapshot.enabled = false (custom)
2019-10-10 12:40:31,244 [pool-439-thread-1] INFO  impl.RaftServerImpl (ServerState.java:<init>(103)) - 6f85b482-1ee3-41f8-b799-7ee315fa3ee8@group-4091CFA4C27B: ConfigurationManager, init=-1: [6f85b482-1ee3-41f8-b799-7ee315fa3ee8:192.168.5.143:44817, a5b85608-7f11-46ec-ae19-494ab54f3701:192.168.5.143:39887, 31dbcda4-c74c-4dfb-b27d-abb192246f85:192.168.5.143:46534], old=null, confs=<EMPTY_MAP>
2019-10-10 12:40:31,244 [pool-449-thread-1] INFO  storage.RaftStorageDirectory (RaftStorageDirectory.java:analyzeStorage(246)) - The storage directory /workdir/hadoop-ozone/integration-test/target/test-dir/MiniOzoneClusterImpl-8284007a-d704-4ed0-a0ee-bee753f20599/datanode-4/data/ratis/33891784-f9ab-4bdf-9ec3-4091cfa4c27b does not exist. Creating ...
2019-10-10 12:40:31,245 [pool-439-thread-1] INFO  server.RaftServerConfigKeys (ConfUtils.java:logGet(43)) - raft.server.storage.dir = [/workdir/hadoop-ozone/integration-test/target/test-dir/MiniOzoneClusterImpl-8284007a-d704-4ed0-a0ee-bee753f20599/datanode-3/data/ratis] (custom)
2019-10-10 12:40:31,245 [pool-439-thread-1] INFO  storage.RaftStorageDirectory (RaftStorageDirectory.java:analyzeStorage(246)) - The storage directory /workdir/hadoop-ozone/integration-test/target/test-dir/MiniOzoneClusterImpl-8284007a-d704-4ed0-a0ee-bee753f20599/datanode-3/data/ratis/33891784-f9ab-4bdf-9ec3-4091cfa4c27b does not exist. Creating ...
2019-10-10 12:40:31,249 [IPC Server handler 7 on 34911] INFO  net.NetworkTopology (NetworkTopologyImpl.java:add(111)) - Added a new node: /default-rack/729b41c3-66eb-4c6a-b533-df45fff8dd2e
2019-10-10 12:40:31,250 [IPC Server handler 7 on 34911] INFO  node.SCMNodeManager (SCMNodeManager.java:register(266)) - Registered Data node : 729b41c3-66eb-4c6a-b533-df45fff8dd2e{ip: 192.168.5.143, host: pr-hdds-1569-9zzhf-258611273, networkLocation: /default-rack, certSerialId: null}
2019-10-10 12:40:31,258 [pool-449-thread-1] INFO  storage.RaftStorageDirectory (RaftStorageDirectory.java:tryLock(328)) - Lock on /workdir/hadoop-ozone/integration-test/target/test-dir/MiniOzoneClusterImpl-8284007a-d704-4ed0-a0ee-bee753f20599/datanode-4/data/ratis/33891784-f9ab-4bdf-9ec3-4091cfa4c27b/in_use.lock acquired by nodename 29031@pr-hdds-1569-9zzhf-258611273
2019-10-10 12:40:31,258 [pool-419-thread-1] INFO  storage.RaftStorageDirectory (RaftStorageDirectory.java:tryLock(328)) - Lock on /workdir/hadoop-ozone/integration-test/target/test-dir/MiniOzoneClusterImpl-8284007a-d704-4ed0-a0ee-bee753f20599/datanode-1/data/ratis/33891784-f9ab-4bdf-9ec3-4091cfa4c27b/in_use.lock acquired by nodename 29031@pr-hdds-1569-9zzhf-258611273
2019-10-10 12:40:31,258 [pool-439-thread-1] INFO  storage.RaftStorageDirectory (RaftStorageDirectory.java:tryLock(328)) - Lock on /workdir/hadoop-ozone/integration-test/target/test-dir/MiniOzoneClusterImpl-8284007a-d704-4ed0-a0ee-bee753f20599/datanode-3/data/ratis/33891784-f9ab-4bdf-9ec3-4091cfa4c27b/in_use.lock acquired by nodename 29031@pr-hdds-1569-9zzhf-258611273
2019-10-10 12:40:31,283 [pool-419-thread-1] INFO  storage.RaftStorage (RaftStorage.java:format(72)) - Storage directory /workdir/hadoop-ozone/integration-test/target/test-dir/MiniOzoneClusterImpl-8284007a-d704-4ed0-a0ee-bee753f20599/datanode-1/data/ratis/33891784-f9ab-4bdf-9ec3-4091cfa4c27b has been successfully formatted.
2019-10-10 12:40:31,283 [pool-439-thread-1] INFO  storage.RaftStorage (RaftStorage.java:format(72)) - Storage directory /workdir/hadoop-ozone/integration-test/target/test-dir/MiniOzoneClusterImpl-8284007a-d704-4ed0-a0ee-bee753f20599/datanode-3/data/ratis/33891784-f9ab-4bdf-9ec3-4091cfa4c27b has been successfully formatted.
2019-10-10 12:40:31,283 [pool-449-thread-1] INFO  storage.RaftStorage (RaftStorage.java:format(72)) - Storage directory /workdir/hadoop-ozone/integration-test/target/test-dir/MiniOzoneClusterImpl-8284007a-d704-4ed0-a0ee-bee753f20599/datanode-4/data/ratis/33891784-f9ab-4bdf-9ec3-4091cfa4c27b has been successfully formatted.
2019-10-10 12:40:31,284 [pool-439-thread-1] INFO  ratis.ContainerStateMachine (ContainerStateMachine.java:loadSnapshot(230)) - group-4091CFA4C27B: The snapshot info is null. Setting the last applied indexto:(t:0, i:~)
2019-10-10 12:40:31,283 [pool-419-thread-1] INFO  ratis.ContainerStateMachine (ContainerStateMachine.java:loadSnapshot(230)) - group-4091CFA4C27B: The snapshot info is null. Setting the last applied indexto:(t:0, i:~)
2019-10-10 12:40:31,284 [pool-439-thread-1] INFO  server.RaftServerConfigKeys (ConfUtils.java:logGet(43)) - raft.server.notification.no-leader.timeout = 120s (custom)
2019-10-10 12:40:31,284 [pool-449-thread-1] INFO  ratis.ContainerStateMachine (ContainerStateMachine.java:loadSnapshot(230)) - group-4091CFA4C27B: The snapshot info is null. Setting the last applied indexto:(t:0, i:~)
2019-10-10 12:40:31,284 [pool-439-thread-1] INFO  server.RaftServerConfigKeys (ConfUtils.java:logGet(43)) - raft.server.log.use.memory = false (default)
2019-10-10 12:40:31,284 [pool-419-thread-1] INFO  server.RaftServerConfigKeys (ConfUtils.java:logGet(43)) - raft.server.notification.no-leader.timeout = 120s (custom)
2019-10-10 12:40:31,284 [pool-439-thread-1] INFO  server.RaftServerConfigKeys (ConfUtils.java:logGet(43)) - raft.server.log.purge.gap = 1000000 (custom)
2019-10-10 12:40:31,284 [pool-449-thread-1] INFO  server.RaftServerConfigKeys (ConfUtils.java:logGet(43)) - raft.server.notification.no-leader.timeout = 120s (custom)
2019-10-10 12:40:31,285 [pool-439-thread-1] INFO  server.RaftServerConfigKeys (ConfUtils.java:logGet(43)) - raft.server.log.appender.buffer.byte-limit = 33554432 (custom)
2019-10-10 12:40:31,285 [pool-419-thread-1] INFO  server.RaftServerConfigKeys (ConfUtils.java:logGet(43)) - raft.server.log.use.memory = false (default)
2019-10-10 12:40:31,285 [pool-439-thread-1] INFO  server.RaftServerConfigKeys (ConfUtils.java:logGet(43)) - raft.server.log.segment.size.max = 1048576 (custom)
2019-10-10 12:40:31,285 [pool-449-thread-1] INFO  server.RaftServerConfigKeys (ConfUtils.java:logGet(43)) - raft.server.log.use.memory = false (default)
2019-10-10 12:40:31,285 [pool-439-thread-1] INFO  server.RaftServerConfigKeys (ConfUtils.java:logGet(43)) - raft.server.log.segment.cache.num.max = 2 (custom)
2019-10-10 12:40:31,285 [pool-419-thread-1] INFO  server.RaftServerConfigKeys (ConfUtils.java:logGet(43)) - raft.server.log.purge.gap = 1000000 (custom)
2019-10-10 12:40:31,286 [pool-439-thread-1] INFO  segmented.SegmentedRaftLogWorker (SegmentedRaftLogWorker.java:<init>(172)) - new 6f85b482-1ee3-41f8-b799-7ee315fa3ee8@group-4091CFA4C27B-SegmentedRaftLogWorker for RaftStorage:Storage Directory /workdir/hadoop-ozone/integration-test/target/test-dir/MiniOzoneClusterImpl-8284007a-d704-4ed0-a0ee-bee753f20599/datanode-3/data/ratis/33891784-f9ab-4bdf-9ec3-4091cfa4c27b
2019-10-10 12:40:31,285 [pool-449-thread-1] INFO  server.RaftServerConfigKeys (ConfUtils.java:logGet(43)) - raft.server.log.purge.gap = 1000000 (custom)
2019-10-10 12:40:31,286 [pool-439-thread-1] INFO  server.RaftServerConfigKeys (ConfUtils.java:logGet(43)) - raft.server.log.queue.byte-limit = 2147483647 (custom)
2019-10-10 12:40:31,286 [pool-419-thread-1] INFO  server.RaftServerConfigKeys (ConfUtils.java:logGet(43)) - raft.server.log.appender.buffer.byte-limit = 33554432 (custom)
2019-10-10 12:40:31,286 [pool-439-thread-1] INFO  server.RaftServerConfigKeys (ConfUtils.java:logGet(43)) - raft.server.log.queue.element-limit = 1024 (custom)
2019-10-10 12:40:31,286 [pool-449-thread-1] INFO  server.RaftServerConfigKeys (ConfUtils.java:logGet(43)) - raft.server.log.appender.buffer.byte-limit = 33554432 (custom)
2019-10-10 12:40:31,286 [pool-439-thread-1] INFO  server.RaftServerConfigKeys (ConfUtils.java:logGet(43)) - raft.server.log.segment.size.max = 1048576 (custom)
2019-10-10 12:40:31,286 [pool-419-thread-1] INFO  server.RaftServerConfigKeys (ConfUtils.java:logGet(43)) - raft.server.log.segment.size.max = 1048576 (custom)
2019-10-10 12:40:31,287 [pool-439-thread-1] INFO  server.RaftServerConfigKeys (ConfUtils.java:logGet(43)) - raft.server.log.preallocated.size = 16384 (custom)
2019-10-10 12:40:31,287 [pool-439-thread-1] INFO  server.RaftServerConfigKeys (ConfUtils.java:logGet(43)) - raft.server.log.write.buffer.size = 33554432 (custom)
2019-10-10 12:40:31,287 [pool-449-thread-1] INFO  server.RaftServerConfigKeys (ConfUtils.java:logGet(43)) - raft.server.log.segment.size.max = 1048576 (custom)
2019-10-10 12:40:31,287 [pool-439-thread-1] INFO  server.RaftServerConfigKeys (ConfUtils.java:logGet(43)) - raft.server.log.force.sync.num = 128 (default)
2019-10-10 12:40:31,287 [pool-439-thread-1] INFO  server.RaftServerConfigKeys (ConfUtils.java:logGet(43)) - raft.server.log.statemachine.data.sync = true (default)
2019-10-10 12:40:31,287 [pool-419-thread-1] INFO  server.RaftServerConfigKeys (ConfUtils.java:logGet(43)) - raft.server.log.segment.cache.num.max = 2 (custom)
2019-10-10 12:40:31,288 [pool-439-thread-1] INFO  server.RaftServerConfigKeys (ConfUtils.java:logGet(43)) - raft.server.log.statemachine.data.sync.timeout = 10s (default)
2019-10-10 12:40:31,288 [pool-439-thread-1] INFO  server.RaftServerConfigKeys (ConfUtils.java:logGet(43)) - raft.server.log.statemachine.data.sync.timeout.retry = -1 (default)
2019-10-10 12:40:31,287 [pool-449-thread-1] INFO  server.RaftServerConfigKeys (ConfUtils.java:logGet(43)) - raft.server.log.segment.cache.num.max = 2 (custom)
2019-10-10 12:40:31,288 [pool-439-thread-1] INFO  server.RaftServerConfigKeys (ConfUtils.java:logGet(43)) - raft.server.log.statemachine.data.caching.enabled = true (custom)
2019-10-10 12:40:31,288 [pool-419-thread-1] INFO  segmented.SegmentedRaftLogWorker (SegmentedRaftLogWorker.java:<init>(172)) - new a5b85608-7f11-46ec-ae19-494ab54f3701@group-4091CFA4C27B-SegmentedRaftLogWorker for RaftStorage:Storage Directory /workdir/hadoop-ozone/integration-test/target/test-dir/MiniOzoneClusterImpl-8284007a-d704-4ed0-a0ee-bee753f20599/datanode-1/data/ratis/33891784-f9ab-4bdf-9ec3-4091cfa4c27b
2019-10-10 12:40:31,289 [pool-439-thread-1] INFO  segmented.SegmentedRaftLogWorker (SegmentedRaftLogWorker.java:lambda$new$0(132)) - 6f85b482-1ee3-41f8-b799-7ee315fa3ee8@group-4091CFA4C27B-SegmentedRaftLogWorker: flushIndex: setUnconditionally 0 -> -1
2019-10-10 12:40:31,288 [pool-449-thread-1] INFO  segmented.SegmentedRaftLogWorker (SegmentedRaftLogWorker.java:<init>(172)) - new 31dbcda4-c74c-4dfb-b27d-abb192246f85@group-4091CFA4C27B-SegmentedRaftLogWorker for RaftStorage:Storage Directory /workdir/hadoop-ozone/integration-test/target/test-dir/MiniOzoneClusterImpl-8284007a-d704-4ed0-a0ee-bee753f20599/datanode-4/data/ratis/33891784-f9ab-4bdf-9ec3-4091cfa4c27b
2019-10-10 12:40:31,289 [pool-419-thread-1] INFO  server.RaftServerConfigKeys (ConfUtils.java:logGet(43)) - raft.server.log.queue.byte-limit = 2147483647 (custom)
2019-10-10 12:40:31,289 [pool-439-thread-1] INFO  server.RaftServerConfigKeys (ConfUtils.java:logGet(43)) - raft.server.snapshot.auto.trigger.enabled = true (custom)
2019-10-10 12:40:31,289 [pool-419-thread-1] INFO  server.RaftServerConfigKeys (ConfUtils.java:logGet(43)) - raft.server.log.queue.element-limit = 1024 (custom)
2019-10-10 12:40:31,289 [pool-439-thread-1] INFO  server.RaftServerConfigKeys (ConfUtils.java:logGet(43)) - raft.server.snapshot.auto.trigger.threshold = 10000 (custom)
2019-10-10 12:40:31,289 [pool-419-thread-1] INFO  server.RaftServerConfigKeys (ConfUtils.java:logGet(43)) - raft.server.log.segment.size.max = 1048576 (custom)
2019-10-10 12:40:31,289 [pool-439-thread-1] INFO  server.RaftServerConfigKeys (ConfUtils.java:logGet(43)) - raft.server.snapshot.retention.num.files = 5 (custom)
2019-10-10 12:40:31,290 [pool-419-thread-1] INFO  server.RaftServerConfigKeys (ConfUtils.java:logGet(43)) - raft.server.log.preallocated.size = 16384 (custom)
2019-10-10 12:40:31,290 [pool-439-thread-1] INFO  server.RaftServerConfigKeys (ConfUtils.java:logGet(43)) - raft.server.retrycache.expirytime = 600000ms (custom)
2019-10-10 12:40:31,290 [pool-419-thread-1] INFO  server.RaftServerConfigKeys (ConfUtils.java:logGet(43)) - raft.server.log.write.buffer.size = 33554432 (custom)
2019-10-10 12:40:31,290 [pool-419-thread-1] INFO  server.RaftServerConfigKeys (ConfUtils.java:logGet(43)) - raft.server.log.force.sync.num = 128 (default)
2019-10-10 12:40:31,290 [pool-419-thread-1] INFO  server.RaftServerConfigKeys (ConfUtils.java:logGet(43)) - raft.server.log.statemachine.data.sync = true (default)
2019-10-10 12:40:31,290 [pool-419-thread-1] INFO  server.RaftServerConfigKeys (ConfUtils.java:logGet(43)) - raft.server.log.statemachine.data.sync.timeout = 10s (default)
2019-10-10 12:40:31,291 [pool-449-thread-1] INFO  server.RaftServerConfigKeys (ConfUtils.java:logGet(43)) - raft.server.log.queue.byte-limit = 2147483647 (custom)
2019-10-10 12:40:31,291 [pool-419-thread-1] INFO  server.RaftServerConfigKeys (ConfUtils.java:logGet(43)) - raft.server.log.statemachine.data.sync.timeout.retry = -1 (default)
2019-10-10 12:40:31,291 [pool-449-thread-1] INFO  server.RaftServerConfigKeys (ConfUtils.java:logGet(43)) - raft.server.log.queue.element-limit = 1024 (custom)
2019-10-10 12:40:31,291 [pool-419-thread-1] INFO  server.RaftServerConfigKeys (ConfUtils.java:logGet(43)) - raft.server.log.statemachine.data.caching.enabled = true (custom)
2019-10-10 12:40:31,291 [pool-449-thread-1] INFO  server.RaftServerConfigKeys (ConfUtils.java:logGet(43)) - raft.server.log.segment.size.max = 1048576 (custom)
2019-10-10 12:40:31,291 [pool-449-thread-1] INFO  server.RaftServerConfigKeys (ConfUtils.java:logGet(43)) - raft.server.log.preallocated.size = 16384 (custom)
2019-10-10 12:40:31,291 [pool-419-thread-1] INFO  segmented.SegmentedRaftLogWorker (SegmentedRaftLogWorker.java:lambda$new$0(132)) - a5b85608-7f11-46ec-ae19-494ab54f3701@group-4091CFA4C27B-SegmentedRaftLogWorker: flushIndex: setUnconditionally 0 -> -1
2019-10-10 12:40:31,291 [pool-449-thread-1] INFO  server.RaftServerConfigKeys (ConfUtils.java:logGet(43)) - raft.server.log.write.buffer.size = 33554432 (custom)
2019-10-10 12:40:31,292 [pool-419-thread-1] INFO  server.RaftServerConfigKeys (ConfUtils.java:logGet(43)) - raft.server.snapshot.auto.trigger.enabled = true (custom)
2019-10-10 12:40:31,292 [pool-439-thread-1] INFO  impl.RaftServerImpl (RaftServerImpl.java:start(185)) - 6f85b482-1ee3-41f8-b799-7ee315fa3ee8@group-4091CFA4C27B: start as a follower, conf=-1: [6f85b482-1ee3-41f8-b799-7ee315fa3ee8:192.168.5.143:44817, a5b85608-7f11-46ec-ae19-494ab54f3701:192.168.5.143:39887, 31dbcda4-c74c-4dfb-b27d-abb192246f85:192.168.5.143:46534], old=null
2019-10-10 12:40:31,292 [pool-449-thread-1] INFO  server.RaftServerConfigKeys (ConfUtils.java:logGet(43)) - raft.server.log.force.sync.num = 128 (default)
2019-10-10 12:40:31,292 [pool-439-thread-1] INFO  impl.RaftServerImpl (RaftServerImpl.java:setRole(174)) - 6f85b482-1ee3-41f8-b799-7ee315fa3ee8@group-4091CFA4C27B: changes role from      null to FOLLOWER at term 0 for startAsFollower
2019-10-10 12:40:31,292 [pool-419-thread-1] INFO  server.RaftServerConfigKeys (ConfUtils.java:logGet(43)) - raft.server.snapshot.auto.trigger.threshold = 10000 (custom)
2019-10-10 12:40:31,292 [pool-439-thread-1] INFO  impl.RoleInfo (RoleInfo.java:updateAndGet(143)) - 6f85b482-1ee3-41f8-b799-7ee315fa3ee8: start FollowerState
2019-10-10 12:40:31,292 [pool-449-thread-1] INFO  server.RaftServerConfigKeys (ConfUtils.java:logGet(43)) - raft.server.log.statemachine.data.sync = true (default)
2019-10-10 12:40:31,293 [pool-419-thread-1] INFO  server.RaftServerConfigKeys (ConfUtils.java:logGet(43)) - raft.server.snapshot.retention.num.files = 5 (custom)
2019-10-10 12:40:31,293 [pool-439-thread-1] INFO  util.JmxRegister (JmxRegister.java:tryRegister(44)) - Successfully registered JMX Bean with object name Ratis:service=RaftServer,group=group-4091CFA4C27B,id=6f85b482-1ee3-41f8-b799-7ee315fa3ee8
2019-10-10 12:40:31,293 [pool-449-thread-1] INFO  server.RaftServerConfigKeys (ConfUtils.java:logGet(43)) - raft.server.log.statemachine.data.sync.timeout = 10s (default)
2019-10-10 12:40:31,293 [pool-419-thread-1] INFO  server.RaftServerConfigKeys (ConfUtils.java:logGet(43)) - raft.server.retrycache.expirytime = 600000ms (custom)
2019-10-10 12:40:31,293 [pool-449-thread-1] INFO  server.RaftServerConfigKeys (ConfUtils.java:logGet(43)) - raft.server.log.statemachine.data.sync.timeout.retry = -1 (default)
2019-10-10 12:40:31,294 [pool-449-thread-1] INFO  server.RaftServerConfigKeys (ConfUtils.java:logGet(43)) - raft.server.log.statemachine.data.caching.enabled = true (custom)
2019-10-10 12:40:31,294 [pool-449-thread-1] INFO  segmented.SegmentedRaftLogWorker (SegmentedRaftLogWorker.java:lambda$new$0(132)) - 31dbcda4-c74c-4dfb-b27d-abb192246f85@group-4091CFA4C27B-SegmentedRaftLogWorker: flushIndex: setUnconditionally 0 -> -1
2019-10-10 12:40:31,295 [pool-449-thread-1] INFO  server.RaftServerConfigKeys (ConfUtils.java:logGet(43)) - raft.server.snapshot.auto.trigger.enabled = true (custom)
2019-10-10 12:40:31,295 [pool-449-thread-1] INFO  server.RaftServerConfigKeys (ConfUtils.java:logGet(43)) - raft.server.snapshot.auto.trigger.threshold = 10000 (custom)
2019-10-10 12:40:31,295 [pool-449-thread-1] INFO  server.RaftServerConfigKeys (ConfUtils.java:logGet(43)) - raft.server.snapshot.retention.num.files = 5 (custom)
2019-10-10 12:40:31,295 [pool-449-thread-1] INFO  server.RaftServerConfigKeys (ConfUtils.java:logGet(43)) - raft.server.retrycache.expirytime = 600000ms (custom)
2019-10-10 12:40:31,299 [pool-419-thread-1] INFO  impl.RaftServerImpl (RaftServerImpl.java:start(185)) - a5b85608-7f11-46ec-ae19-494ab54f3701@group-4091CFA4C27B: start as a follower, conf=-1: [6f85b482-1ee3-41f8-b799-7ee315fa3ee8:192.168.5.143:44817, a5b85608-7f11-46ec-ae19-494ab54f3701:192.168.5.143:39887, 31dbcda4-c74c-4dfb-b27d-abb192246f85:192.168.5.143:46534], old=null
2019-10-10 12:40:31,299 [pool-419-thread-1] INFO  impl.RaftServerImpl (RaftServerImpl.java:setRole(174)) - a5b85608-7f11-46ec-ae19-494ab54f3701@group-4091CFA4C27B: changes role from      null to FOLLOWER at term 0 for startAsFollower
2019-10-10 12:40:31,299 [pool-419-thread-1] INFO  impl.RoleInfo (RoleInfo.java:updateAndGet(143)) - a5b85608-7f11-46ec-ae19-494ab54f3701: start FollowerState
2019-10-10 12:40:31,299 [pool-449-thread-1] INFO  impl.RaftServerImpl (RaftServerImpl.java:start(185)) - 31dbcda4-c74c-4dfb-b27d-abb192246f85@group-4091CFA4C27B: start as a follower, conf=-1: [6f85b482-1ee3-41f8-b799-7ee315fa3ee8:192.168.5.143:44817, a5b85608-7f11-46ec-ae19-494ab54f3701:192.168.5.143:39887, 31dbcda4-c74c-4dfb-b27d-abb192246f85:192.168.5.143:46534], old=null
2019-10-10 12:40:31,300 [pool-449-thread-1] INFO  impl.RaftServerImpl (RaftServerImpl.java:setRole(174)) - 31dbcda4-c74c-4dfb-b27d-abb192246f85@group-4091CFA4C27B: changes role from      null to FOLLOWER at term 0 for startAsFollower
2019-10-10 12:40:31,300 [pool-419-thread-1] INFO  util.JmxRegister (JmxRegister.java:tryRegister(44)) - Successfully registered JMX Bean with object name Ratis:service=RaftServer,group=group-4091CFA4C27B,id=a5b85608-7f11-46ec-ae19-494ab54f3701
2019-10-10 12:40:31,300 [pool-449-thread-1] INFO  impl.RoleInfo (RoleInfo.java:updateAndGet(143)) - 31dbcda4-c74c-4dfb-b27d-abb192246f85: start FollowerState
2019-10-10 12:40:31,300 [pool-449-thread-1] INFO  util.JmxRegister (JmxRegister.java:tryRegister(44)) - Successfully registered JMX Bean with object name Ratis:service=RaftServer,group=group-4091CFA4C27B,id=31dbcda4-c74c-4dfb-b27d-abb192246f85
2019-10-10 12:40:31,302 [RatisPipelineUtilsThread] INFO  pipeline.PipelineStateManager (PipelineStateManager.java:addPipeline(56)) - Created pipeline Pipeline[ Id: 33891784-f9ab-4bdf-9ec3-4091cfa4c27b, Nodes: 6f85b482-1ee3-41f8-b799-7ee315fa3ee8{ip: 192.168.5.143, host: pr-hdds-1569-9zzhf-258611273, networkLocation: /default-rack, certSerialId: null}a5b85608-7f11-46ec-ae19-494ab54f3701{ip: 192.168.5.143, host: pr-hdds-1569-9zzhf-258611273, networkLocation: /default-rack, certSerialId: null}31dbcda4-c74c-4dfb-b27d-abb192246f85{ip: 192.168.5.143, host: pr-hdds-1569-9zzhf-258611273, networkLocation: /default-rack, certSerialId: null}, Type:RATIS, Factor:THREE, State:OPEN]
2019-10-10 12:40:31,305 [grpc-default-executor-48] INFO  impl.RaftServerProxy (RaftServerProxy.java:addNew(89)) - a5b85608-7f11-46ec-ae19-494ab54f3701: addNew group-58B2D30E1F0C:[6f85b482-1ee3-41f8-b799-7ee315fa3ee8:192.168.5.143:44817, a5b85608-7f11-46ec-ae19-494ab54f3701:192.168.5.143:39887, 31dbcda4-c74c-4dfb-b27d-abb192246f85:192.168.5.143:46534] returns group-58B2D30E1F0C:java.util.concurrent.CompletableFuture@316c0a23[Not completed]
2019-10-10 12:40:31,305 [grpc-default-executor-45] INFO  impl.RaftServerProxy (RaftServerProxy.java:addNew(89)) - 6f85b482-1ee3-41f8-b799-7ee315fa3ee8: addNew group-58B2D30E1F0C:[6f85b482-1ee3-41f8-b799-7ee315fa3ee8:192.168.5.143:44817, a5b85608-7f11-46ec-ae19-494ab54f3701:192.168.5.143:39887, 31dbcda4-c74c-4dfb-b27d-abb192246f85:192.168.5.143:46534] returns group-58B2D30E1F0C:java.util.concurrent.CompletableFuture@14c4e06e[Not completed]
2019-10-10 12:40:31,305 [grpc-default-executor-42] INFO  impl.RaftServerProxy (RaftServerProxy.java:addNew(89)) - 31dbcda4-c74c-4dfb-b27d-abb192246f85: addNew group-58B2D30E1F0C:[6f85b482-1ee3-41f8-b799-7ee315fa3ee8:192.168.5.143:44817, a5b85608-7f11-46ec-ae19-494ab54f3701:192.168.5.143:39887, 31dbcda4-c74c-4dfb-b27d-abb192246f85:192.168.5.143:46534] returns group-58B2D30E1F0C:java.util.concurrent.CompletableFuture@fa8e226[Not completed]
2019-10-10 12:40:31,306 [pool-439-thread-1] INFO  impl.RaftServerImpl (RaftServerImpl.java:<init>(95)) - 6f85b482-1ee3-41f8-b799-7ee315fa3ee8: new RaftServerImpl for group-58B2D30E1F0C:[6f85b482-1ee3-41f8-b799-7ee315fa3ee8:192.168.5.143:44817, a5b85608-7f11-46ec-ae19-494ab54f3701:192.168.5.143:39887, 31dbcda4-c74c-4dfb-b27d-abb192246f85:192.168.5.143:46534] with ContainerStateMachine:uninitialized
2019-10-10 12:40:31,306 [pool-439-thread-1] INFO  server.RaftServerConfigKeys (ConfUtils.java:logGet(43)) - raft.server.rpc.timeout.min = 5s (custom)
2019-10-10 12:40:31,306 [pool-439-thread-1] INFO  server.RaftServerConfigKeys (ConfUtils.java:logGet(43)) - raft.server.rpc.timeout.max = 5200ms (custom)
2019-10-10 12:40:31,306 [pool-439-thread-1] INFO  server.RaftServerConfigKeys (ConfUtils.java:logGet(43)) - raft.server.rpcslowness.timeout = 120s (custom)
2019-10-10 12:40:31,307 [pool-439-thread-1] INFO  server.RaftServerConfigKeys (ConfUtils.java:logGet(43)) - raft.server.sleep.deviation.threshold = 300 (default)
2019-10-10 12:40:31,307 [pool-449-thread-1] INFO  impl.RaftServerImpl (RaftServerImpl.java:<init>(95)) - 31dbcda4-c74c-4dfb-b27d-abb192246f85: new RaftServerImpl for group-58B2D30E1F0C:[6f85b482-1ee3-41f8-b799-7ee315fa3ee8:192.168.5.143:44817, a5b85608-7f11-46ec-ae19-494ab54f3701:192.168.5.143:39887, 31dbcda4-c74c-4dfb-b27d-abb192246f85:192.168.5.143:46534] with ContainerStateMachine:uninitialized
2019-10-10 12:40:31,307 [pool-439-thread-1] INFO  server.RaftServerConfigKeys (ConfUtils.java:logGet(43)) - raft.server.log.appender.install.snapshot.enabled = false (custom)
2019-10-10 12:40:31,307 [pool-449-thread-1] INFO  server.RaftServerConfigKeys (ConfUtils.java:logGet(43)) - raft.server.rpc.timeout.min = 5s (custom)
2019-10-10 12:40:31,307 [pool-439-thread-1] INFO  impl.RaftServerImpl (ServerState.java:<init>(103)) - 6f85b482-1ee3-41f8-b799-7ee315fa3ee8@group-58B2D30E1F0C: ConfigurationManager, init=-1: [6f85b482-1ee3-41f8-b799-7ee315fa3ee8:192.168.5.143:44817, a5b85608-7f11-46ec-ae19-494ab54f3701:192.168.5.143:39887, 31dbcda4-c74c-4dfb-b27d-abb192246f85:192.168.5.143:46534], old=null, confs=<EMPTY_MAP>
2019-10-10 12:40:31,307 [pool-449-thread-1] INFO  server.RaftServerConfigKeys (ConfUtils.java:logGet(43)) - raft.server.rpc.timeout.max = 5200ms (custom)
2019-10-10 12:40:31,307 [pool-439-thread-1] INFO  server.RaftServerConfigKeys (ConfUtils.java:logGet(43)) - raft.server.storage.dir = [/workdir/hadoop-ozone/integration-test/target/test-dir/MiniOzoneClusterImpl-8284007a-d704-4ed0-a0ee-bee753f20599/datanode-3/data/ratis] (custom)
2019-10-10 12:40:31,307 [pool-419-thread-1] INFO  impl.RaftServerImpl (RaftServerImpl.java:<init>(95)) - a5b85608-7f11-46ec-ae19-494ab54f3701: new RaftServerImpl for group-58B2D30E1F0C:[6f85b482-1ee3-41f8-b799-7ee315fa3ee8:192.168.5.143:44817, a5b85608-7f11-46ec-ae19-494ab54f3701:192.168.5.143:39887, 31dbcda4-c74c-4dfb-b27d-abb192246f85:192.168.5.143:46534] with ContainerStateMachine:uninitialized
2019-10-10 12:40:31,307 [pool-449-thread-1] INFO  server.RaftServerConfigKeys (ConfUtils.java:logGet(43)) - raft.server.rpcslowness.timeout = 120s (custom)
2019-10-10 12:40:31,308 [pool-439-thread-1] INFO  storage.RaftStorageDirectory (RaftStorageDirectory.java:analyzeStorage(246)) - The storage directory /workdir/hadoop-ozone/integration-test/target/test-dir/MiniOzoneClusterImpl-8284007a-d704-4ed0-a0ee-bee753f20599/datanode-3/data/ratis/eb1becfb-faf2-40dc-acc6-58b2d30e1f0c does not exist. Creating ...
2019-10-10 12:40:31,308 [pool-419-thread-1] INFO  server.RaftServerConfigKeys (ConfUtils.java:logGet(43)) - raft.server.rpc.timeout.min = 5s (custom)
2019-10-10 12:40:31,308 [pool-449-thread-1] INFO  server.RaftServerConfigKeys (ConfUtils.java:logGet(43)) - raft.server.sleep.deviation.threshold = 300 (default)
2019-10-10 12:40:31,308 [pool-419-thread-1] INFO  server.RaftServerConfigKeys (ConfUtils.java:logGet(43)) - raft.server.rpc.timeout.max = 5200ms (custom)
2019-10-10 12:40:31,308 [pool-449-thread-1] INFO  server.RaftServerConfigKeys (ConfUtils.java:logGet(43)) - raft.server.log.appender.install.snapshot.enabled = false (custom)
2019-10-10 12:40:31,308 [pool-419-thread-1] INFO  server.RaftServerConfigKeys (ConfUtils.java:logGet(43)) - raft.server.rpcslowness.timeout = 120s (custom)
2019-10-10 12:40:31,308 [pool-449-thread-1] INFO  impl.RaftServerImpl (ServerState.java:<init>(103)) - 31dbcda4-c74c-4dfb-b27d-abb192246f85@group-58B2D30E1F0C: ConfigurationManager, init=-1: [6f85b482-1ee3-41f8-b799-7ee315fa3ee8:192.168.5.143:44817, a5b85608-7f11-46ec-ae19-494ab54f3701:192.168.5.143:39887, 31dbcda4-c74c-4dfb-b27d-abb192246f85:192.168.5.143:46534], old=null, confs=<EMPTY_MAP>
2019-10-10 12:40:31,308 [pool-419-thread-1] INFO  server.RaftServerConfigKeys (ConfUtils.java:logGet(43)) - raft.server.sleep.deviation.threshold = 300 (default)
2019-10-10 12:40:31,309 [pool-449-thread-1] INFO  server.RaftServerConfigKeys (ConfUtils.java:logGet(43)) - raft.server.storage.dir = [/workdir/hadoop-ozone/integration-test/target/test-dir/MiniOzoneClusterImpl-8284007a-d704-4ed0-a0ee-bee753f20599/datanode-4/data/ratis] (custom)
2019-10-10 12:40:31,309 [pool-419-thread-1] INFO  server.RaftServerConfigKeys (ConfUtils.java:logGet(43)) - raft.server.log.appender.install.snapshot.enabled = false (custom)
2019-10-10 12:40:31,309 [pool-419-thread-1] INFO  impl.RaftServerImpl (ServerState.java:<init>(103)) - a5b85608-7f11-46ec-ae19-494ab54f3701@group-58B2D30E1F0C: ConfigurationManager, init=-1: [6f85b482-1ee3-41f8-b799-7ee315fa3ee8:192.168.5.143:44817, a5b85608-7f11-46ec-ae19-494ab54f3701:192.168.5.143:39887, 31dbcda4-c74c-4dfb-b27d-abb192246f85:192.168.5.143:46534], old=null, confs=<EMPTY_MAP>
2019-10-10 12:40:31,309 [pool-449-thread-1] INFO  storage.RaftStorageDirectory (RaftStorageDirectory.java:analyzeStorage(246)) - The storage directory /workdir/hadoop-ozone/integration-test/target/test-dir/MiniOzoneClusterImpl-8284007a-d704-4ed0-a0ee-bee753f20599/datanode-4/data/ratis/eb1becfb-faf2-40dc-acc6-58b2d30e1f0c does not exist. Creating ...
2019-10-10 12:40:31,309 [pool-419-thread-1] INFO  server.RaftServerConfigKeys (ConfUtils.java:logGet(43)) - raft.server.storage.dir = [/workdir/hadoop-ozone/integration-test/target/test-dir/MiniOzoneClusterImpl-8284007a-d704-4ed0-a0ee-bee753f20599/datanode-1/data/ratis] (custom)
2019-10-10 12:40:31,310 [pool-419-thread-1] INFO  storage.RaftStorageDirectory (RaftStorageDirectory.java:analyzeStorage(246)) - The storage directory /workdir/hadoop-ozone/integration-test/target/test-dir/MiniOzoneClusterImpl-8284007a-d704-4ed0-a0ee-bee753f20599/datanode-1/data/ratis/eb1becfb-faf2-40dc-acc6-58b2d30e1f0c does not exist. Creating ...
2019-10-10 12:40:31,322 [IPC Server handler 1 on 34911] INFO  net.NetworkTopology (NetworkTopologyImpl.java:add(111)) - Added a new node: /default-rack/4871abcd-8fe1-4bec-bbf1-1d6a182c5c8a
2019-10-10 12:40:31,322 [IPC Server handler 1 on 34911] INFO  node.SCMNodeManager (SCMNodeManager.java:register(266)) - Registered Data node : 4871abcd-8fe1-4bec-bbf1-1d6a182c5c8a{ip: 192.168.5.143, host: pr-hdds-1569-9zzhf-258611273, networkLocation: /default-rack, certSerialId: null}
2019-10-10 12:40:31,322 [main] INFO  ozone.MiniOzoneClusterImpl (MiniOzoneClusterImpl.java:lambda$waitForClusterToBeReady$0(147)) - Cluster is ready. Got 7 of 7 DN Heartbeats.
2019-10-10 12:40:31,334 [pool-439-thread-1] INFO  storage.RaftStorageDirectory (RaftStorageDirectory.java:tryLock(328)) - Lock on /workdir/hadoop-ozone/integration-test/target/test-dir/MiniOzoneClusterImpl-8284007a-d704-4ed0-a0ee-bee753f20599/datanode-3/data/ratis/eb1becfb-faf2-40dc-acc6-58b2d30e1f0c/in_use.lock acquired by nodename 29031@pr-hdds-1569-9zzhf-258611273
2019-10-10 12:40:31,334 [pool-449-thread-1] INFO  storage.RaftStorageDirectory (RaftStorageDirectory.java:tryLock(328)) - Lock on /workdir/hadoop-ozone/integration-test/target/test-dir/MiniOzoneClusterImpl-8284007a-d704-4ed0-a0ee-bee753f20599/datanode-4/data/ratis/eb1becfb-faf2-40dc-acc6-58b2d30e1f0c/in_use.lock acquired by nodename 29031@pr-hdds-1569-9zzhf-258611273
2019-10-10 12:40:31,334 [pool-419-thread-1] INFO  storage.RaftStorageDirectory (RaftStorageDirectory.java:tryLock(328)) - Lock on /workdir/hadoop-ozone/integration-test/target/test-dir/MiniOzoneClusterImpl-8284007a-d704-4ed0-a0ee-bee753f20599/datanode-1/data/ratis/eb1becfb-faf2-40dc-acc6-58b2d30e1f0c/in_use.lock acquired by nodename 29031@pr-hdds-1569-9zzhf-258611273
2019-10-10 12:40:31,351 [main] INFO  rpc.RpcClient (RpcClient.java:createVolume(276)) - Creating Volume: testblockoutputstream, with jenkins1000 as owner.
2019-10-10 12:40:31,355 [IPC Server handler 2 on 43694] INFO  volume.OMVolumeCreateRequest (OMVolumeCreateRequest.java:validateAndUpdateCache(189)) - created volume:testblockoutputstream for user:jenkins1000
2019-10-10 12:40:31,391 [pool-419-thread-1] INFO  storage.RaftStorage (RaftStorage.java:format(72)) - Storage directory /workdir/hadoop-ozone/integration-test/target/test-dir/MiniOzoneClusterImpl-8284007a-d704-4ed0-a0ee-bee753f20599/datanode-1/data/ratis/eb1becfb-faf2-40dc-acc6-58b2d30e1f0c has been successfully formatted.
2019-10-10 12:40:31,391 [pool-449-thread-1] INFO  storage.RaftStorage (RaftStorage.java:format(72)) - Storage directory /workdir/hadoop-ozone/integration-test/target/test-dir/MiniOzoneClusterImpl-8284007a-d704-4ed0-a0ee-bee753f20599/datanode-4/data/ratis/eb1becfb-faf2-40dc-acc6-58b2d30e1f0c has been successfully formatted.
2019-10-10 12:40:31,391 [pool-439-thread-1] INFO  storage.RaftStorage (RaftStorage.java:format(72)) - Storage directory /workdir/hadoop-ozone/integration-test/target/test-dir/MiniOzoneClusterImpl-8284007a-d704-4ed0-a0ee-bee753f20599/datanode-3/data/ratis/eb1becfb-faf2-40dc-acc6-58b2d30e1f0c has been successfully formatted.
2019-10-10 12:40:31,391 [pool-449-thread-1] INFO  ratis.ContainerStateMachine (ContainerStateMachine.java:loadSnapshot(230)) - group-58B2D30E1F0C: The snapshot info is null. Setting the last applied indexto:(t:0, i:~)
2019-10-10 12:40:31,391 [pool-419-thread-1] INFO  ratis.ContainerStateMachine (ContainerStateMachine.java:loadSnapshot(230)) - group-58B2D30E1F0C: The snapshot info is null. Setting the last applied indexto:(t:0, i:~)
2019-10-10 12:40:31,392 [pool-449-thread-1] INFO  server.RaftServerConfigKeys (ConfUtils.java:logGet(43)) - raft.server.notification.no-leader.timeout = 120s (custom)
2019-10-10 12:40:31,392 [pool-439-thread-1] INFO  ratis.ContainerStateMachine (ContainerStateMachine.java:loadSnapshot(230)) - group-58B2D30E1F0C: The snapshot info is null. Setting the last applied indexto:(t:0, i:~)
2019-10-10 12:40:31,392 [pool-439-thread-1] INFO  server.RaftServerConfigKeys (ConfUtils.java:logGet(43)) - raft.server.notification.no-leader.timeout = 120s (custom)
2019-10-10 12:40:31,392 [main] INFO  rpc.RpcClient (RpcClient.java:createBucket(415)) - Creating Bucket: testblockoutputstream/testblockoutputstream, with Versioning false and Storage Type set to DISK and Encryption set to false 
2019-10-10 12:40:31,392 [pool-439-thread-1] INFO  server.RaftServerConfigKeys (ConfUtils.java:logGet(43)) - raft.server.log.use.memory = false (default)
2019-10-10 12:40:31,392 [pool-449-thread-1] INFO  server.RaftServerConfigKeys (ConfUtils.java:logGet(43)) - raft.server.log.use.memory = false (default)
2019-10-10 12:40:31,392 [pool-419-thread-1] INFO  server.RaftServerConfigKeys (ConfUtils.java:logGet(43)) - raft.server.notification.no-leader.timeout = 120s (custom)
2019-10-10 12:40:31,393 [pool-449-thread-1] INFO  server.RaftServerConfigKeys (ConfUtils.java:logGet(43)) - raft.server.log.purge.gap = 1000000 (custom)
2019-10-10 12:40:31,392 [pool-439-thread-1] INFO  server.RaftServerConfigKeys (ConfUtils.java:logGet(43)) - raft.server.log.purge.gap = 1000000 (custom)
2019-10-10 12:40:31,393 [pool-449-thread-1] INFO  server.RaftServerConfigKeys (ConfUtils.java:logGet(43)) - raft.server.log.appender.buffer.byte-limit = 33554432 (custom)
2019-10-10 12:40:31,393 [pool-419-thread-1] INFO  server.RaftServerConfigKeys (ConfUtils.java:logGet(43)) - raft.server.log.use.memory = false (default)
2019-10-10 12:40:31,393 [pool-449-thread-1] INFO  server.RaftServerConfigKeys (ConfUtils.java:logGet(43)) - raft.server.log.segment.size.max = 1048576 (custom)
2019-10-10 12:40:31,393 [pool-439-thread-1] INFO  server.RaftServerConfigKeys (ConfUtils.java:logGet(43)) - raft.server.log.appender.buffer.byte-limit = 33554432 (custom)
2019-10-10 12:40:31,393 [pool-419-thread-1] INFO  server.RaftServerConfigKeys (ConfUtils.java:logGet(43)) - raft.server.log.purge.gap = 1000000 (custom)
2019-10-10 12:40:31,394 [pool-439-thread-1] INFO  server.RaftServerConfigKeys (ConfUtils.java:logGet(43)) - raft.server.log.segment.size.max = 1048576 (custom)
2019-10-10 12:40:31,394 [pool-449-thread-1] INFO  server.RaftServerConfigKeys (ConfUtils.java:logGet(43)) - raft.server.log.segment.cache.num.max = 2 (custom)
2019-10-10 12:40:31,394 [pool-439-thread-1] INFO  server.RaftServerConfigKeys (ConfUtils.java:logGet(43)) - raft.server.log.segment.cache.num.max = 2 (custom)
2019-10-10 12:40:31,394 [pool-449-thread-1] INFO  segmented.SegmentedRaftLogWorker (SegmentedRaftLogWorker.java:<init>(172)) - new 31dbcda4-c74c-4dfb-b27d-abb192246f85@group-58B2D30E1F0C-SegmentedRaftLogWorker for RaftStorage:Storage Directory /workdir/hadoop-ozone/integration-test/target/test-dir/MiniOzoneClusterImpl-8284007a-d704-4ed0-a0ee-bee753f20599/datanode-4/data/ratis/eb1becfb-faf2-40dc-acc6-58b2d30e1f0c
2019-10-10 12:40:31,394 [pool-419-thread-1] INFO  server.RaftServerConfigKeys (ConfUtils.java:logGet(43)) - raft.server.log.appender.buffer.byte-limit = 33554432 (custom)
2019-10-10 12:40:31,397 [pool-449-thread-1] INFO  server.RaftServerConfigKeys (ConfUtils.java:logGet(43)) - raft.server.log.queue.byte-limit = 2147483647 (custom)
2019-10-10 12:40:31,397 [pool-439-thread-1] INFO  segmented.SegmentedRaftLogWorker (SegmentedRaftLogWorker.java:<init>(172)) - new 6f85b482-1ee3-41f8-b799-7ee315fa3ee8@group-58B2D30E1F0C-SegmentedRaftLogWorker for RaftStorage:Storage Directory /workdir/hadoop-ozone/integration-test/target/test-dir/MiniOzoneClusterImpl-8284007a-d704-4ed0-a0ee-bee753f20599/datanode-3/data/ratis/eb1becfb-faf2-40dc-acc6-58b2d30e1f0c
2019-10-10 12:40:31,398 [pool-449-thread-1] INFO  server.RaftServerConfigKeys (ConfUtils.java:logGet(43)) - raft.server.log.queue.element-limit = 1024 (custom)
2019-10-10 12:40:31,398 [pool-419-thread-1] INFO  server.RaftServerConfigKeys (ConfUtils.java:logGet(43)) - raft.server.log.segment.size.max = 1048576 (custom)
2019-10-10 12:40:31,398 [pool-449-thread-1] INFO  server.RaftServerConfigKeys (ConfUtils.java:logGet(43)) - raft.server.log.segment.size.max = 1048576 (custom)
2019-10-10 12:40:31,398 [pool-439-thread-1] INFO  server.RaftServerConfigKeys (ConfUtils.java:logGet(43)) - raft.server.log.queue.byte-limit = 2147483647 (custom)
2019-10-10 12:40:31,398 [pool-449-thread-1] INFO  server.RaftServerConfigKeys (ConfUtils.java:logGet(43)) - raft.server.log.preallocated.size = 16384 (custom)
2019-10-10 12:40:31,398 [pool-419-thread-1] INFO  server.RaftServerConfigKeys (ConfUtils.java:logGet(43)) - raft.server.log.segment.cache.num.max = 2 (custom)
2019-10-10 12:40:31,399 [pool-449-thread-1] INFO  server.RaftServerConfigKeys (ConfUtils.java:logGet(43)) - raft.server.log.write.buffer.size = 33554432 (custom)
2019-10-10 12:40:31,399 [pool-439-thread-1] INFO  server.RaftServerConfigKeys (ConfUtils.java:logGet(43)) - raft.server.log.queue.element-limit = 1024 (custom)
2019-10-10 12:40:31,399 [pool-449-thread-1] INFO  server.RaftServerConfigKeys (ConfUtils.java:logGet(43)) - raft.server.log.force.sync.num = 128 (default)
2019-10-10 12:40:31,399 [pool-419-thread-1] INFO  segmented.SegmentedRaftLogWorker (SegmentedRaftLogWorker.java:<init>(172)) - new a5b85608-7f11-46ec-ae19-494ab54f3701@group-58B2D30E1F0C-SegmentedRaftLogWorker for RaftStorage:Storage Directory /workdir/hadoop-ozone/integration-test/target/test-dir/MiniOzoneClusterImpl-8284007a-d704-4ed0-a0ee-bee753f20599/datanode-1/data/ratis/eb1becfb-faf2-40dc-acc6-58b2d30e1f0c
2019-10-10 12:40:31,399 [pool-449-thread-1] INFO  server.RaftServerConfigKeys (ConfUtils.java:logGet(43)) - raft.server.log.statemachine.data.sync = true (default)
2019-10-10 12:40:31,400 [pool-449-thread-1] INFO  server.RaftServerConfigKeys (ConfUtils.java:logGet(43)) - raft.server.log.statemachine.data.sync.timeout = 10s (default)
2019-10-10 12:40:31,399 [pool-439-thread-1] INFO  server.RaftServerConfigKeys (ConfUtils.java:logGet(43)) - raft.server.log.segment.size.max = 1048576 (custom)
2019-10-10 12:40:31,400 [pool-449-thread-1] INFO  server.RaftServerConfigKeys (ConfUtils.java:logGet(43)) - raft.server.log.statemachine.data.sync.timeout.retry = -1 (default)
2019-10-10 12:40:31,400 [pool-419-thread-1] INFO  server.RaftServerConfigKeys (ConfUtils.java:logGet(43)) - raft.server.log.queue.byte-limit = 2147483647 (custom)
2019-10-10 12:40:31,400 [pool-449-thread-1] INFO  server.RaftServerConfigKeys (ConfUtils.java:logGet(43)) - raft.server.log.statemachine.data.caching.enabled = true (custom)
2019-10-10 12:40:31,400 [pool-439-thread-1] INFO  server.RaftServerConfigKeys (ConfUtils.java:logGet(43)) - raft.server.log.preallocated.size = 16384 (custom)
2019-10-10 12:40:31,401 [pool-449-thread-1] INFO  segmented.SegmentedRaftLogWorker (SegmentedRaftLogWorker.java:lambda$new$0(132)) - 31dbcda4-c74c-4dfb-b27d-abb192246f85@group-58B2D30E1F0C-SegmentedRaftLogWorker: flushIndex: setUnconditionally 0 -> -1
2019-10-10 12:40:31,400 [pool-419-thread-1] INFO  server.RaftServerConfigKeys (ConfUtils.java:logGet(43)) - raft.server.log.queue.element-limit = 1024 (custom)
2019-10-10 12:40:31,401 [pool-449-thread-1] INFO  server.RaftServerConfigKeys (ConfUtils.java:logGet(43)) - raft.server.snapshot.auto.trigger.enabled = true (custom)
2019-10-10 12:40:31,401 [pool-439-thread-1] INFO  server.RaftServerConfigKeys (ConfUtils.java:logGet(43)) - raft.server.log.write.buffer.size = 33554432 (custom)
2019-10-10 12:40:31,401 [pool-449-thread-1] INFO  server.RaftServerConfigKeys (ConfUtils.java:logGet(43)) - raft.server.snapshot.auto.trigger.threshold = 10000 (custom)
2019-10-10 12:40:31,401 [pool-419-thread-1] INFO  server.RaftServerConfigKeys (ConfUtils.java:logGet(43)) - raft.server.log.segment.size.max = 1048576 (custom)
2019-10-10 12:40:31,401 [pool-449-thread-1] INFO  server.RaftServerConfigKeys (ConfUtils.java:logGet(43)) - raft.server.snapshot.retention.num.files = 5 (custom)
2019-10-10 12:40:31,401 [pool-439-thread-1] INFO  server.RaftServerConfigKeys (ConfUtils.java:logGet(43)) - raft.server.log.force.sync.num = 128 (default)
2019-10-10 12:40:31,402 [pool-449-thread-1] INFO  server.RaftServerConfigKeys (ConfUtils.java:logGet(43)) - raft.server.retrycache.expirytime = 600000ms (custom)
2019-10-10 12:40:31,402 [pool-419-thread-1] INFO  server.RaftServerConfigKeys (ConfUtils.java:logGet(43)) - raft.server.log.preallocated.size = 16384 (custom)
2019-10-10 12:40:31,402 [pool-439-thread-1] INFO  server.RaftServerConfigKeys (ConfUtils.java:logGet(43)) - raft.server.log.statemachine.data.sync = true (default)
2019-10-10 12:40:31,402 [pool-419-thread-1] INFO  server.RaftServerConfigKeys (ConfUtils.java:logGet(43)) - raft.server.log.write.buffer.size = 33554432 (custom)
2019-10-10 12:40:31,403 [pool-439-thread-1] INFO  server.RaftServerConfigKeys (ConfUtils.java:logGet(43)) - raft.server.log.statemachine.data.sync.timeout = 10s (default)
2019-10-10 12:40:31,403 [pool-419-thread-1] INFO  server.RaftServerConfigKeys (ConfUtils.java:logGet(43)) - raft.server.log.force.sync.num = 128 (default)
2019-10-10 12:40:31,403 [pool-439-thread-1] INFO  server.RaftServerConfigKeys (ConfUtils.java:logGet(43)) - raft.server.log.statemachine.data.sync.timeout.retry = -1 (default)
2019-10-10 12:40:31,403 [pool-419-thread-1] INFO  server.RaftServerConfigKeys (ConfUtils.java:logGet(43)) - raft.server.log.statemachine.data.sync = true (default)
2019-10-10 12:40:31,403 [pool-439-thread-1] INFO  server.RaftServerConfigKeys (ConfUtils.java:logGet(43)) - raft.server.log.statemachine.data.caching.enabled = true (custom)
2019-10-10 12:40:31,404 [pool-419-thread-1] INFO  server.RaftServerConfigKeys (ConfUtils.java:logGet(43)) - raft.server.log.statemachine.data.sync.timeout = 10s (default)
2019-10-10 12:40:31,404 [pool-439-thread-1] INFO  segmented.SegmentedRaftLogWorker (SegmentedRaftLogWorker.java:lambda$new$0(132)) - 6f85b482-1ee3-41f8-b799-7ee315fa3ee8@group-58B2D30E1F0C-SegmentedRaftLogWorker: flushIndex: setUnconditionally 0 -> -1
2019-10-10 12:40:31,404 [pool-449-thread-1] INFO  impl.RaftServerImpl (RaftServerImpl.java:start(185)) - 31dbcda4-c74c-4dfb-b27d-abb192246f85@group-58B2D30E1F0C: start as a follower, conf=-1: [6f85b482-1ee3-41f8-b799-7ee315fa3ee8:192.168.5.143:44817, a5b85608-7f11-46ec-ae19-494ab54f3701:192.168.5.143:39887, 31dbcda4-c74c-4dfb-b27d-abb192246f85:192.168.5.143:46534], old=null
2019-10-10 12:40:31,404 [pool-419-thread-1] INFO  server.RaftServerConfigKeys (ConfUtils.java:logGet(43)) - raft.server.log.statemachine.data.sync.timeout.retry = -1 (default)
2019-10-10 12:40:31,404 [pool-449-thread-1] INFO  impl.RaftServerImpl (RaftServerImpl.java:setRole(174)) - 31dbcda4-c74c-4dfb-b27d-abb192246f85@group-58B2D30E1F0C: changes role from      null to FOLLOWER at term 0 for startAsFollower
2019-10-10 12:40:31,404 [pool-439-thread-1] INFO  server.RaftServerConfigKeys (ConfUtils.java:logGet(43)) - raft.server.snapshot.auto.trigger.enabled = true (custom)
2019-10-10 12:40:31,405 [pool-449-thread-1] INFO  impl.RoleInfo (RoleInfo.java:updateAndGet(143)) - 31dbcda4-c74c-4dfb-b27d-abb192246f85: start FollowerState
2019-10-10 12:40:31,404 [pool-419-thread-1] INFO  server.RaftServerConfigKeys (ConfUtils.java:logGet(43)) - raft.server.log.statemachine.data.caching.enabled = true (custom)
2019-10-10 12:40:31,405 [pool-449-thread-1] INFO  util.JmxRegister (JmxRegister.java:tryRegister(44)) - Successfully registered JMX Bean with object name Ratis:service=RaftServer,group=group-58B2D30E1F0C,id=31dbcda4-c74c-4dfb-b27d-abb192246f85
2019-10-10 12:40:31,405 [pool-439-thread-1] INFO  server.RaftServerConfigKeys (ConfUtils.java:logGet(43)) - raft.server.snapshot.auto.trigger.threshold = 10000 (custom)
2019-10-10 12:40:31,405 [pool-419-thread-1] INFO  segmented.SegmentedRaftLogWorker (SegmentedRaftLogWorker.java:lambda$new$0(132)) - a5b85608-7f11-46ec-ae19-494ab54f3701@group-58B2D30E1F0C-SegmentedRaftLogWorker: flushIndex: setUnconditionally 0 -> -1
2019-10-10 12:40:31,405 [pool-439-thread-1] INFO  server.RaftServerConfigKeys (ConfUtils.java:logGet(43)) - raft.server.snapshot.retention.num.files = 5 (custom)
2019-10-10 12:40:31,406 [pool-419-thread-1] INFO  server.RaftServerConfigKeys (ConfUtils.java:logGet(43)) - raft.server.snapshot.auto.trigger.enabled = true (custom)
2019-10-10 12:40:31,406 [pool-439-thread-1] INFO  server.RaftServerConfigKeys (ConfUtils.java:logGet(43)) - raft.server.retrycache.expirytime = 600000ms (custom)
2019-10-10 12:40:31,406 [pool-419-thread-1] INFO  server.RaftServerConfigKeys (ConfUtils.java:logGet(43)) - raft.server.snapshot.auto.trigger.threshold = 10000 (custom)
2019-10-10 12:40:31,406 [pool-419-thread-1] INFO  server.RaftServerConfigKeys (ConfUtils.java:logGet(43)) - raft.server.snapshot.retention.num.files = 5 (custom)
2019-10-10 12:40:31,406 [pool-419-thread-1] INFO  server.RaftServerConfigKeys (ConfUtils.java:logGet(43)) - raft.server.retrycache.expirytime = 600000ms (custom)
2019-10-10 12:40:31,408 [pool-439-thread-1] INFO  impl.RaftServerImpl (RaftServerImpl.java:start(185)) - 6f85b482-1ee3-41f8-b799-7ee315fa3ee8@group-58B2D30E1F0C: start as a follower, conf=-1: [6f85b482-1ee3-41f8-b799-7ee315fa3ee8:192.168.5.143:44817, a5b85608-7f11-46ec-ae19-494ab54f3701:192.168.5.143:39887, 31dbcda4-c74c-4dfb-b27d-abb192246f85:192.168.5.143:46534], old=null
2019-10-10 12:40:31,408 [pool-439-thread-1] INFO  impl.RaftServerImpl (RaftServerImpl.java:setRole(174)) - 6f85b482-1ee3-41f8-b799-7ee315fa3ee8@group-58B2D30E1F0C: changes role from      null to FOLLOWER at term 0 for startAsFollower
2019-10-10 12:40:31,409 [pool-439-thread-1] INFO  impl.RoleInfo (RoleInfo.java:updateAndGet(143)) - 6f85b482-1ee3-41f8-b799-7ee315fa3ee8: start FollowerState
2019-10-10 12:40:31,409 [pool-419-thread-1] INFO  impl.RaftServerImpl (RaftServerImpl.java:start(185)) - a5b85608-7f11-46ec-ae19-494ab54f3701@group-58B2D30E1F0C: start as a follower, conf=-1: [6f85b482-1ee3-41f8-b799-7ee315fa3ee8:192.168.5.143:44817, a5b85608-7f11-46ec-ae19-494ab54f3701:192.168.5.143:39887, 31dbcda4-c74c-4dfb-b27d-abb192246f85:192.168.5.143:46534], old=null
2019-10-10 12:40:31,409 [pool-419-thread-1] INFO  impl.RaftServerImpl (RaftServerImpl.java:setRole(174)) - a5b85608-7f11-46ec-ae19-494ab54f3701@group-58B2D30E1F0C: changes role from      null to FOLLOWER at term 0 for startAsFollower
2019-10-10 12:40:31,409 [pool-439-thread-1] INFO  util.JmxRegister (JmxRegister.java:tryRegister(44)) - Successfully registered JMX Bean with object name Ratis:service=RaftServer,group=group-58B2D30E1F0C,id=6f85b482-1ee3-41f8-b799-7ee315fa3ee8
2019-10-10 12:40:31,409 [pool-419-thread-1] INFO  impl.RoleInfo (RoleInfo.java:updateAndGet(143)) - a5b85608-7f11-46ec-ae19-494ab54f3701: start FollowerState
2019-10-10 12:40:31,409 [pool-419-thread-1] INFO  util.JmxRegister (JmxRegister.java:tryRegister(44)) - Successfully registered JMX Bean with object name Ratis:service=RaftServer,group=group-58B2D30E1F0C,id=a5b85608-7f11-46ec-ae19-494ab54f3701
2019-10-10 12:40:31,411 [RatisPipelineUtilsThread] INFO  pipeline.PipelineStateManager (PipelineStateManager.java:addPipeline(56)) - Created pipeline Pipeline[ Id: eb1becfb-faf2-40dc-acc6-58b2d30e1f0c, Nodes: a5b85608-7f11-46ec-ae19-494ab54f3701{ip: 192.168.5.143, host: pr-hdds-1569-9zzhf-258611273, networkLocation: /default-rack, certSerialId: null}31dbcda4-c74c-4dfb-b27d-abb192246f85{ip: 192.168.5.143, host: pr-hdds-1569-9zzhf-258611273, networkLocation: /default-rack, certSerialId: null}6f85b482-1ee3-41f8-b799-7ee315fa3ee8{ip: 192.168.5.143, host: pr-hdds-1569-9zzhf-258611273, networkLocation: /default-rack, certSerialId: null}, Type:RATIS, Factor:THREE, State:OPEN]
2019-10-10 12:40:31,417 [grpc-default-executor-48] INFO  impl.RaftServerProxy (RaftServerProxy.java:addNew(89)) - 6f85b482-1ee3-41f8-b799-7ee315fa3ee8: addNew group-DF245211571A:[6f85b482-1ee3-41f8-b799-7ee315fa3ee8:192.168.5.143:44817, a5b85608-7f11-46ec-ae19-494ab54f3701:192.168.5.143:39887, 31dbcda4-c74c-4dfb-b27d-abb192246f85:192.168.5.143:46534] returns group-DF245211571A:java.util.concurrent.CompletableFuture@35e00de4[Not completed]
2019-10-10 12:40:31,417 [grpc-default-executor-45] INFO  impl.RaftServerProxy (RaftServerProxy.java:addNew(89)) - a5b85608-7f11-46ec-ae19-494ab54f3701: addNew group-DF245211571A:[6f85b482-1ee3-41f8-b799-7ee315fa3ee8:192.168.5.143:44817, a5b85608-7f11-46ec-ae19-494ab54f3701:192.168.5.143:39887, 31dbcda4-c74c-4dfb-b27d-abb192246f85:192.168.5.143:46534] returns group-DF245211571A:java.util.concurrent.CompletableFuture@26141fd7[Not completed]
2019-10-10 12:40:31,418 [grpc-default-executor-42] INFO  impl.RaftServerProxy (RaftServerProxy.java:addNew(89)) - 31dbcda4-c74c-4dfb-b27d-abb192246f85: addNew group-DF245211571A:[6f85b482-1ee3-41f8-b799-7ee315fa3ee8:192.168.5.143:44817, a5b85608-7f11-46ec-ae19-494ab54f3701:192.168.5.143:39887, 31dbcda4-c74c-4dfb-b27d-abb192246f85:192.168.5.143:46534] returns group-DF245211571A:java.util.concurrent.CompletableFuture@5d09f9ca[Not completed]
2019-10-10 12:40:31,418 [pool-439-thread-1] INFO  impl.RaftServerImpl (RaftServerImpl.java:<init>(95)) - 6f85b482-1ee3-41f8-b799-7ee315fa3ee8: new RaftServerImpl for group-DF245211571A:[6f85b482-1ee3-41f8-b799-7ee315fa3ee8:192.168.5.143:44817, a5b85608-7f11-46ec-ae19-494ab54f3701:192.168.5.143:39887, 31dbcda4-c74c-4dfb-b27d-abb192246f85:192.168.5.143:46534] with ContainerStateMachine:uninitialized
2019-10-10 12:40:31,418 [pool-439-thread-1] INFO  server.RaftServerConfigKeys (ConfUtils.java:logGet(43)) - raft.server.rpc.timeout.min = 5s (custom)
2019-10-10 12:40:31,418 [pool-439-thread-1] INFO  server.RaftServerConfigKeys (ConfUtils.java:logGet(43)) - raft.server.rpc.timeout.max = 5200ms (custom)
2019-10-10 12:40:31,419 [pool-439-thread-1] INFO  server.RaftServerConfigKeys (ConfUtils.java:logGet(43)) - raft.server.rpcslowness.timeout = 120s (custom)
2019-10-10 12:40:31,419 [pool-449-thread-1] INFO  impl.RaftServerImpl (RaftServerImpl.java:<init>(95)) - 31dbcda4-c74c-4dfb-b27d-abb192246f85: new RaftServerImpl for group-DF245211571A:[6f85b482-1ee3-41f8-b799-7ee315fa3ee8:192.168.5.143:44817, a5b85608-7f11-46ec-ae19-494ab54f3701:192.168.5.143:39887, 31dbcda4-c74c-4dfb-b27d-abb192246f85:192.168.5.143:46534] with ContainerStateMachine:uninitialized
2019-10-10 12:40:31,419 [pool-439-thread-1] INFO  server.RaftServerConfigKeys (ConfUtils.java:logGet(43)) - raft.server.sleep.deviation.threshold = 300 (default)
2019-10-10 12:40:31,419 [pool-449-thread-1] INFO  server.RaftServerConfigKeys (ConfUtils.java:logGet(43)) - raft.server.rpc.timeout.min = 5s (custom)
2019-10-10 12:40:31,419 [pool-419-thread-1] INFO  impl.RaftServerImpl (RaftServerImpl.java:<init>(95)) - a5b85608-7f11-46ec-ae19-494ab54f3701: new RaftServerImpl for group-DF245211571A:[6f85b482-1ee3-41f8-b799-7ee315fa3ee8:192.168.5.143:44817, a5b85608-7f11-46ec-ae19-494ab54f3701:192.168.5.143:39887, 31dbcda4-c74c-4dfb-b27d-abb192246f85:192.168.5.143:46534] with ContainerStateMachine:uninitialized
2019-10-10 12:40:31,419 [pool-439-thread-1] INFO  server.RaftServerConfigKeys (ConfUtils.java:logGet(43)) - raft.server.log.appender.install.snapshot.enabled = false (custom)
2019-10-10 12:40:31,419 [pool-419-thread-1] INFO  server.RaftServerConfigKeys (ConfUtils.java:logGet(43)) - raft.server.rpc.timeout.min = 5s (custom)
2019-10-10 12:40:31,419 [pool-419-thread-1] INFO  server.RaftServerConfigKeys (ConfUtils.java:logGet(43)) - raft.server.rpc.timeout.max = 5200ms (custom)
2019-10-10 12:40:31,419 [pool-449-thread-1] INFO  server.RaftServerConfigKeys (ConfUtils.java:logGet(43)) - raft.server.rpc.timeout.max = 5200ms (custom)
2019-10-10 12:40:31,420 [pool-419-thread-1] INFO  server.RaftServerConfigKeys (ConfUtils.java:logGet(43)) - raft.server.rpcslowness.timeout = 120s (custom)
2019-10-10 12:40:31,419 [pool-439-thread-1] INFO  impl.RaftServerImpl (ServerState.java:<init>(103)) - 6f85b482-1ee3-41f8-b799-7ee315fa3ee8@group-DF245211571A: ConfigurationManager, init=-1: [6f85b482-1ee3-41f8-b799-7ee315fa3ee8:192.168.5.143:44817, a5b85608-7f11-46ec-ae19-494ab54f3701:192.168.5.143:39887, 31dbcda4-c74c-4dfb-b27d-abb192246f85:192.168.5.143:46534], old=null, confs=<EMPTY_MAP>
2019-10-10 12:40:31,420 [pool-419-thread-1] INFO  server.RaftServerConfigKeys (ConfUtils.java:logGet(43)) - raft.server.sleep.deviation.threshold = 300 (default)
2019-10-10 12:40:31,420 [pool-419-thread-1] INFO  server.RaftServerConfigKeys (ConfUtils.java:logGet(43)) - raft.server.log.appender.install.snapshot.enabled = false (custom)
2019-10-10 12:40:31,420 [pool-449-thread-1] INFO  server.RaftServerConfigKeys (ConfUtils.java:logGet(43)) - raft.server.rpcslowness.timeout = 120s (custom)
2019-10-10 12:40:31,420 [pool-419-thread-1] INFO  impl.RaftServerImpl (ServerState.java:<init>(103)) - a5b85608-7f11-46ec-ae19-494ab54f3701@group-DF245211571A: ConfigurationManager, init=-1: [6f85b482-1ee3-41f8-b799-7ee315fa3ee8:192.168.5.143:44817, a5b85608-7f11-46ec-ae19-494ab54f3701:192.168.5.143:39887, 31dbcda4-c74c-4dfb-b27d-abb192246f85:192.168.5.143:46534], old=null, confs=<EMPTY_MAP>
2019-10-10 12:40:31,420 [pool-439-thread-1] INFO  server.RaftServerConfigKeys (ConfUtils.java:logGet(43)) - raft.server.storage.dir = [/workdir/hadoop-ozone/integration-test/target/test-dir/MiniOzoneClusterImpl-8284007a-d704-4ed0-a0ee-bee753f20599/datanode-3/data/ratis] (custom)
2019-10-10 12:40:31,420 [pool-419-thread-1] INFO  server.RaftServerConfigKeys (ConfUtils.java:logGet(43)) - raft.server.storage.dir = [/workdir/hadoop-ozone/integration-test/target/test-dir/MiniOzoneClusterImpl-8284007a-d704-4ed0-a0ee-bee753f20599/datanode-1/data/ratis] (custom)
2019-10-10 12:40:31,420 [pool-449-thread-1] INFO  server.RaftServerConfigKeys (ConfUtils.java:logGet(43)) - raft.server.sleep.deviation.threshold = 300 (default)
2019-10-10 12:40:31,421 [pool-449-thread-1] INFO  server.RaftServerConfigKeys (ConfUtils.java:logGet(43)) - raft.server.log.appender.install.snapshot.enabled = false (custom)
2019-10-10 12:40:31,421 [pool-419-thread-1] INFO  storage.RaftStorageDirectory (RaftStorageDirectory.java:analyzeStorage(246)) - The storage directory /workdir/hadoop-ozone/integration-test/target/test-dir/MiniOzoneClusterImpl-8284007a-d704-4ed0-a0ee-bee753f20599/datanode-1/data/ratis/6e92acba-2951-4e80-8dab-df245211571a does not exist. Creating ...
2019-10-10 12:40:31,421 [pool-439-thread-1] INFO  storage.RaftStorageDirectory (RaftStorageDirectory.java:analyzeStorage(246)) - The storage directory /workdir/hadoop-ozone/integration-test/target/test-dir/MiniOzoneClusterImpl-8284007a-d704-4ed0-a0ee-bee753f20599/datanode-3/data/ratis/6e92acba-2951-4e80-8dab-df245211571a does not exist. Creating ...
2019-10-10 12:40:31,421 [pool-449-thread-1] INFO  impl.RaftServerImpl (ServerState.java:<init>(103)) - 31dbcda4-c74c-4dfb-b27d-abb192246f85@group-DF245211571A: ConfigurationManager, init=-1: [6f85b482-1ee3-41f8-b799-7ee315fa3ee8:192.168.5.143:44817, a5b85608-7f11-46ec-ae19-494ab54f3701:192.168.5.143:39887, 31dbcda4-c74c-4dfb-b27d-abb192246f85:192.168.5.143:46534], old=null, confs=<EMPTY_MAP>
2019-10-10 12:40:31,421 [pool-449-thread-1] INFO  server.RaftServerConfigKeys (ConfUtils.java:logGet(43)) - raft.server.storage.dir = [/workdir/hadoop-ozone/integration-test/target/test-dir/MiniOzoneClusterImpl-8284007a-d704-4ed0-a0ee-bee753f20599/datanode-4/data/ratis] (custom)
2019-10-10 12:40:31,422 [pool-449-thread-1] INFO  storage.RaftStorageDirectory (RaftStorageDirectory.java:analyzeStorage(246)) - The storage directory /workdir/hadoop-ozone/integration-test/target/test-dir/MiniOzoneClusterImpl-8284007a-d704-4ed0-a0ee-bee753f20599/datanode-4/data/ratis/6e92acba-2951-4e80-8dab-df245211571a does not exist. Creating ...
2019-10-10 12:40:31,434 [pool-419-thread-1] INFO  storage.RaftStorageDirectory (RaftStorageDirectory.java:tryLock(328)) - Lock on /workdir/hadoop-ozone/integration-test/target/test-dir/MiniOzoneClusterImpl-8284007a-d704-4ed0-a0ee-bee753f20599/datanode-1/data/ratis/6e92acba-2951-4e80-8dab-df245211571a/in_use.lock acquired by nodename 29031@pr-hdds-1569-9zzhf-258611273
2019-10-10 12:40:31,434 [pool-449-thread-1] INFO  storage.RaftStorageDirectory (RaftStorageDirectory.java:tryLock(328)) - Lock on /workdir/hadoop-ozone/integration-test/target/test-dir/MiniOzoneClusterImpl-8284007a-d704-4ed0-a0ee-bee753f20599/datanode-4/data/ratis/6e92acba-2951-4e80-8dab-df245211571a/in_use.lock acquired by nodename 29031@pr-hdds-1569-9zzhf-258611273
2019-10-10 12:40:31,434 [pool-439-thread-1] INFO  storage.RaftStorageDirectory (RaftStorageDirectory.java:tryLock(328)) - Lock on /workdir/hadoop-ozone/integration-test/target/test-dir/MiniOzoneClusterImpl-8284007a-d704-4ed0-a0ee-bee753f20599/datanode-3/data/ratis/6e92acba-2951-4e80-8dab-df245211571a/in_use.lock acquired by nodename 29031@pr-hdds-1569-9zzhf-258611273
2019-10-10 12:40:31,467 [pool-419-thread-1] INFO  storage.RaftStorage (RaftStorage.java:format(72)) - Storage directory /workdir/hadoop-ozone/integration-test/target/test-dir/MiniOzoneClusterImpl-8284007a-d704-4ed0-a0ee-bee753f20599/datanode-1/data/ratis/6e92acba-2951-4e80-8dab-df245211571a has been successfully formatted.
2019-10-10 12:40:31,467 [pool-449-thread-1] INFO  storage.RaftStorage (RaftStorage.java:format(72)) - Storage directory /workdir/hadoop-ozone/integration-test/target/test-dir/MiniOzoneClusterImpl-8284007a-d704-4ed0-a0ee-bee753f20599/datanode-4/data/ratis/6e92acba-2951-4e80-8dab-df245211571a has been successfully formatted.
2019-10-10 12:40:31,467 [pool-439-thread-1] INFO  storage.RaftStorage (RaftStorage.java:format(72)) - Storage directory /workdir/hadoop-ozone/integration-test/target/test-dir/MiniOzoneClusterImpl-8284007a-d704-4ed0-a0ee-bee753f20599/datanode-3/data/ratis/6e92acba-2951-4e80-8dab-df245211571a has been successfully formatted.
2019-10-10 12:40:31,467 [pool-449-thread-1] INFO  ratis.ContainerStateMachine (ContainerStateMachine.java:loadSnapshot(230)) - group-DF245211571A: The snapshot info is null. Setting the last applied indexto:(t:0, i:~)
2019-10-10 12:40:31,467 [pool-419-thread-1] INFO  ratis.ContainerStateMachine (ContainerStateMachine.java:loadSnapshot(230)) - group-DF245211571A: The snapshot info is null. Setting the last applied indexto:(t:0, i:~)
2019-10-10 12:40:31,468 [pool-449-thread-1] INFO  server.RaftServerConfigKeys (ConfUtils.java:logGet(43)) - raft.server.notification.no-leader.timeout = 120s (custom)
2019-10-10 12:40:31,468 [pool-439-thread-1] INFO  ratis.ContainerStateMachine (ContainerStateMachine.java:loadSnapshot(230)) - group-DF245211571A: The snapshot info is null. Setting the last applied indexto:(t:0, i:~)
2019-10-10 12:40:31,468 [pool-449-thread-1] INFO  server.RaftServerConfigKeys (ConfUtils.java:logGet(43)) - raft.server.log.use.memory = false (default)
2019-10-10 12:40:31,468 [pool-419-thread-1] INFO  server.RaftServerConfigKeys (ConfUtils.java:logGet(43)) - raft.server.notification.no-leader.timeout = 120s (custom)
2019-10-10 12:40:31,468 [pool-449-thread-1] INFO  server.RaftServerConfigKeys (ConfUtils.java:logGet(43)) - raft.server.log.purge.gap = 1000000 (custom)
2019-10-10 12:40:31,469 [pool-449-thread-1] INFO  server.RaftServerConfigKeys (ConfUtils.java:logGet(43)) - raft.server.log.appender.buffer.byte-limit = 33554432 (custom)
2019-10-10 12:40:31,468 [pool-439-thread-1] INFO  server.RaftServerConfigKeys (ConfUtils.java:logGet(43)) - raft.server.notification.no-leader.timeout = 120s (custom)
2019-10-10 12:40:31,469 [pool-449-thread-1] INFO  server.RaftServerConfigKeys (ConfUtils.java:logGet(43)) - raft.server.log.segment.size.max = 1048576 (custom)
2019-10-10 12:40:31,469 [pool-449-thread-1] INFO  server.RaftServerConfigKeys (ConfUtils.java:logGet(43)) - raft.server.log.segment.cache.num.max = 2 (custom)
2019-10-10 12:40:31,468 [pool-419-thread-1] INFO  server.RaftServerConfigKeys (ConfUtils.java:logGet(43)) - raft.server.log.use.memory = false (default)
2019-10-10 12:40:31,469 [pool-449-thread-1] INFO  segmented.SegmentedRaftLogWorker (SegmentedRaftLogWorker.java:<init>(172)) - new 31dbcda4-c74c-4dfb-b27d-abb192246f85@group-DF245211571A-SegmentedRaftLogWorker for RaftStorage:Storage Directory /workdir/hadoop-ozone/integration-test/target/test-dir/MiniOzoneClusterImpl-8284007a-d704-4ed0-a0ee-bee753f20599/datanode-4/data/ratis/6e92acba-2951-4e80-8dab-df245211571a
2019-10-10 12:40:31,469 [pool-439-thread-1] INFO  server.RaftServerConfigKeys (ConfUtils.java:logGet(43)) - raft.server.log.use.memory = false (default)
2019-10-10 12:40:31,469 [pool-449-thread-1] INFO  server.RaftServerConfigKeys (ConfUtils.java:logGet(43)) - raft.server.log.queue.byte-limit = 2147483647 (custom)
2019-10-10 12:40:31,469 [pool-419-thread-1] INFO  server.RaftServerConfigKeys (ConfUtils.java:logGet(43)) - raft.server.log.purge.gap = 1000000 (custom)
2019-10-10 12:40:31,470 [pool-449-thread-1] INFO  server.RaftServerConfigKeys (ConfUtils.java:logGet(43)) - raft.server.log.queue.element-limit = 1024 (custom)
2019-10-10 12:40:31,470 [pool-449-thread-1] INFO  server.RaftServerConfigKeys (ConfUtils.java:logGet(43)) - raft.server.log.segment.size.max = 1048576 (custom)
2019-10-10 12:40:31,470 [pool-439-thread-1] INFO  server.RaftServerConfigKeys (ConfUtils.java:logGet(43)) - raft.server.log.purge.gap = 1000000 (custom)
2019-10-10 12:40:31,470 [pool-449-thread-1] INFO  server.RaftServerConfigKeys (ConfUtils.java:logGet(43)) - raft.server.log.preallocated.size = 16384 (custom)
2019-10-10 12:40:31,470 [pool-419-thread-1] INFO  server.RaftServerConfigKeys (ConfUtils.java:logGet(43)) - raft.server.log.appender.buffer.byte-limit = 33554432 (custom)
2019-10-10 12:40:31,471 [pool-449-thread-1] INFO  server.RaftServerConfigKeys (ConfUtils.java:logGet(43)) - raft.server.log.write.buffer.size = 33554432 (custom)
2019-10-10 12:40:31,471 [pool-449-thread-1] INFO  server.RaftServerConfigKeys (ConfUtils.java:logGet(43)) - raft.server.log.force.sync.num = 128 (default)
2019-10-10 12:40:31,470 [pool-439-thread-1] INFO  server.RaftServerConfigKeys (ConfUtils.java:logGet(43)) - raft.server.log.appender.buffer.byte-limit = 33554432 (custom)
2019-10-10 12:40:31,471 [pool-449-thread-1] INFO  server.RaftServerConfigKeys (ConfUtils.java:logGet(43)) - raft.server.log.statemachine.data.sync = true (default)
2019-10-10 12:40:31,471 [pool-419-thread-1] INFO  server.RaftServerConfigKeys (ConfUtils.java:logGet(43)) - raft.server.log.segment.size.max = 1048576 (custom)
2019-10-10 12:40:31,472 [pool-449-thread-1] INFO  server.RaftServerConfigKeys (ConfUtils.java:logGet(43)) - raft.server.log.statemachine.data.sync.timeout = 10s (default)
2019-10-10 12:40:31,471 [pool-439-thread-1] INFO  server.RaftServerConfigKeys (ConfUtils.java:logGet(43)) - raft.server.log.segment.size.max = 1048576 (custom)
2019-10-10 12:40:31,472 [pool-449-thread-1] INFO  server.RaftServerConfigKeys (ConfUtils.java:logGet(43)) - raft.server.log.statemachine.data.sync.timeout.retry = -1 (default)
2019-10-10 12:40:31,472 [pool-419-thread-1] INFO  server.RaftServerConfigKeys (ConfUtils.java:logGet(43)) - raft.server.log.segment.cache.num.max = 2 (custom)
2019-10-10 12:40:31,472 [pool-449-thread-1] INFO  server.RaftServerConfigKeys (ConfUtils.java:logGet(43)) - raft.server.log.statemachine.data.caching.enabled = true (custom)
2019-10-10 12:40:31,472 [pool-439-thread-1] INFO  server.RaftServerConfigKeys (ConfUtils.java:logGet(43)) - raft.server.log.segment.cache.num.max = 2 (custom)
2019-10-10 12:40:31,473 [pool-449-thread-1] INFO  segmented.SegmentedRaftLogWorker (SegmentedRaftLogWorker.java:lambda$new$0(132)) - 31dbcda4-c74c-4dfb-b27d-abb192246f85@group-DF245211571A-SegmentedRaftLogWorker: flushIndex: setUnconditionally 0 -> -1
2019-10-10 12:40:31,472 [pool-419-thread-1] INFO  segmented.SegmentedRaftLogWorker (SegmentedRaftLogWorker.java:<init>(172)) - new a5b85608-7f11-46ec-ae19-494ab54f3701@group-DF245211571A-SegmentedRaftLogWorker for RaftStorage:Storage Directory /workdir/hadoop-ozone/integration-test/target/test-dir/MiniOzoneClusterImpl-8284007a-d704-4ed0-a0ee-bee753f20599/datanode-1/data/ratis/6e92acba-2951-4e80-8dab-df245211571a
2019-10-10 12:40:31,473 [pool-449-thread-1] INFO  server.RaftServerConfigKeys (ConfUtils.java:logGet(43)) - raft.server.snapshot.auto.trigger.enabled = true (custom)
2019-10-10 12:40:31,473 [pool-439-thread-1] INFO  segmented.SegmentedRaftLogWorker (SegmentedRaftLogWorker.java:<init>(172)) - new 6f85b482-1ee3-41f8-b799-7ee315fa3ee8@group-DF245211571A-SegmentedRaftLogWorker for RaftStorage:Storage Directory /workdir/hadoop-ozone/integration-test/target/test-dir/MiniOzoneClusterImpl-8284007a-d704-4ed0-a0ee-bee753f20599/datanode-3/data/ratis/6e92acba-2951-4e80-8dab-df245211571a
2019-10-10 12:40:31,473 [pool-449-thread-1] INFO  server.RaftServerConfigKeys (ConfUtils.java:logGet(43)) - raft.server.snapshot.auto.trigger.threshold = 10000 (custom)
2019-10-10 12:40:31,473 [pool-449-thread-1] INFO  server.RaftServerConfigKeys (ConfUtils.java:logGet(43)) - raft.server.snapshot.retention.num.files = 5 (custom)
2019-10-10 12:40:31,473 [pool-419-thread-1] INFO  server.RaftServerConfigKeys (ConfUtils.java:logGet(43)) - raft.server.log.queue.byte-limit = 2147483647 (custom)
2019-10-10 12:40:31,474 [pool-449-thread-1] INFO  server.RaftServerConfigKeys (ConfUtils.java:logGet(43)) - raft.server.retrycache.expirytime = 600000ms (custom)
2019-10-10 12:40:31,473 [pool-439-thread-1] INFO  server.RaftServerConfigKeys (ConfUtils.java:logGet(43)) - raft.server.log.queue.byte-limit = 2147483647 (custom)
2019-10-10 12:40:31,474 [pool-419-thread-1] INFO  server.RaftServerConfigKeys (ConfUtils.java:logGet(43)) - raft.server.log.queue.element-limit = 1024 (custom)
2019-10-10 12:40:31,474 [pool-439-thread-1] INFO  server.RaftServerConfigKeys (ConfUtils.java:logGet(43)) - raft.server.log.queue.element-limit = 1024 (custom)
2019-10-10 12:40:31,474 [pool-419-thread-1] INFO  server.RaftServerConfigKeys (ConfUtils.java:logGet(43)) - raft.server.log.segment.size.max = 1048576 (custom)
2019-10-10 12:40:31,474 [pool-439-thread-1] INFO  server.RaftServerConfigKeys (ConfUtils.java:logGet(43)) - raft.server.log.segment.size.max = 1048576 (custom)
2019-10-10 12:40:31,474 [pool-419-thread-1] INFO  server.RaftServerConfigKeys (ConfUtils.java:logGet(43)) - raft.server.log.preallocated.size = 16384 (custom)
2019-10-10 12:40:31,475 [pool-439-thread-1] INFO  server.RaftServerConfigKeys (ConfUtils.java:logGet(43)) - raft.server.log.preallocated.size = 16384 (custom)
2019-10-10 12:40:31,475 [pool-419-thread-1] INFO  server.RaftServerConfigKeys (ConfUtils.java:logGet(43)) - raft.server.log.write.buffer.size = 33554432 (custom)
2019-10-10 12:40:31,475 [pool-439-thread-1] INFO  server.RaftServerConfigKeys (ConfUtils.java:logGet(43)) - raft.server.log.write.buffer.size = 33554432 (custom)
2019-10-10 12:40:31,475 [pool-419-thread-1] INFO  server.RaftServerConfigKeys (ConfUtils.java:logGet(43)) - raft.server.log.force.sync.num = 128 (default)
2019-10-10 12:40:31,475 [pool-439-thread-1] INFO  server.RaftServerConfigKeys (ConfUtils.java:logGet(43)) - raft.server.log.force.sync.num = 128 (default)
2019-10-10 12:40:31,475 [pool-419-thread-1] INFO  server.RaftServerConfigKeys (ConfUtils.java:logGet(43)) - raft.server.log.statemachine.data.sync = true (default)
2019-10-10 12:40:31,475 [pool-449-thread-1] INFO  impl.RaftServerImpl (RaftServerImpl.java:start(185)) - 31dbcda4-c74c-4dfb-b27d-abb192246f85@group-DF245211571A: start as a follower, conf=-1: [6f85b482-1ee3-41f8-b799-7ee315fa3ee8:192.168.5.143:44817, a5b85608-7f11-46ec-ae19-494ab54f3701:192.168.5.143:39887, 31dbcda4-c74c-4dfb-b27d-abb192246f85:192.168.5.143:46534], old=null
2019-10-10 12:40:31,475 [pool-439-thread-1] INFO  server.RaftServerConfigKeys (ConfUtils.java:logGet(43)) - raft.server.log.statemachine.data.sync = true (default)
2019-10-10 12:40:31,476 [pool-449-thread-1] INFO  impl.RaftServerImpl (RaftServerImpl.java:setRole(174)) - 31dbcda4-c74c-4dfb-b27d-abb192246f85@group-DF245211571A: changes role from      null to FOLLOWER at term 0 for startAsFollower
2019-10-10 12:40:31,476 [pool-419-thread-1] INFO  server.RaftServerConfigKeys (ConfUtils.java:logGet(43)) - raft.server.log.statemachine.data.sync.timeout = 10s (default)
2019-10-10 12:40:31,476 [pool-449-thread-1] INFO  impl.RoleInfo (RoleInfo.java:updateAndGet(143)) - 31dbcda4-c74c-4dfb-b27d-abb192246f85: start FollowerState
2019-10-10 12:40:31,476 [pool-439-thread-1] INFO  server.RaftServerConfigKeys (ConfUtils.java:logGet(43)) - raft.server.log.statemachine.data.sync.timeout = 10s (default)
2019-10-10 12:40:31,476 [pool-419-thread-1] INFO  server.RaftServerConfigKeys (ConfUtils.java:logGet(43)) - raft.server.log.statemachine.data.sync.timeout.retry = -1 (default)
2019-10-10 12:40:31,476 [pool-449-thread-1] INFO  util.JmxRegister (JmxRegister.java:tryRegister(44)) - Successfully registered JMX Bean with object name Ratis:service=RaftServer,group=group-DF245211571A,id=31dbcda4-c74c-4dfb-b27d-abb192246f85
2019-10-10 12:40:31,476 [pool-439-thread-1] INFO  server.RaftServerConfigKeys (ConfUtils.java:logGet(43)) - raft.server.log.statemachine.data.sync.timeout.retry = -1 (default)
2019-10-10 12:40:31,477 [pool-419-thread-1] INFO  server.RaftServerConfigKeys (ConfUtils.java:logGet(43)) - raft.server.log.statemachine.data.caching.enabled = true (custom)
2019-10-10 12:40:31,477 [pool-439-thread-1] INFO  server.RaftServerConfigKeys (ConfUtils.java:logGet(43)) - raft.server.log.statemachine.data.caching.enabled = true (custom)
2019-10-10 12:40:31,477 [pool-419-thread-1] INFO  segmented.SegmentedRaftLogWorker (SegmentedRaftLogWorker.java:lambda$new$0(132)) - a5b85608-7f11-46ec-ae19-494ab54f3701@group-DF245211571A-SegmentedRaftLogWorker: flushIndex: setUnconditionally 0 -> -1
2019-10-10 12:40:31,477 [pool-439-thread-1] INFO  segmented.SegmentedRaftLogWorker (SegmentedRaftLogWorker.java:lambda$new$0(132)) - 6f85b482-1ee3-41f8-b799-7ee315fa3ee8@group-DF245211571A-SegmentedRaftLogWorker: flushIndex: setUnconditionally 0 -> -1
2019-10-10 12:40:31,478 [pool-419-thread-1] INFO  server.RaftServerConfigKeys (ConfUtils.java:logGet(43)) - raft.server.snapshot.auto.trigger.enabled = true (custom)
2019-10-10 12:40:31,478 [pool-419-thread-1] INFO  server.RaftServerConfigKeys (ConfUtils.java:logGet(43)) - raft.server.snapshot.auto.trigger.threshold = 10000 (custom)
2019-10-10 12:40:31,478 [pool-439-thread-1] INFO  server.RaftServerConfigKeys (ConfUtils.java:logGet(43)) - raft.server.snapshot.auto.trigger.enabled = true (custom)
2019-10-10 12:40:31,478 [pool-419-thread-1] INFO  server.RaftServerConfigKeys (ConfUtils.java:logGet(43)) - raft.server.snapshot.retention.num.files = 5 (custom)
2019-10-10 12:40:31,478 [pool-439-thread-1] INFO  server.RaftServerConfigKeys (ConfUtils.java:logGet(43)) - raft.server.snapshot.auto.trigger.threshold = 10000 (custom)
2019-10-10 12:40:31,478 [pool-419-thread-1] INFO  server.RaftServerConfigKeys (ConfUtils.java:logGet(43)) - raft.server.retrycache.expirytime = 600000ms (custom)
2019-10-10 12:40:31,478 [pool-439-thread-1] INFO  server.RaftServerConfigKeys (ConfUtils.java:logGet(43)) - raft.server.snapshot.retention.num.files = 5 (custom)
2019-10-10 12:40:31,479 [pool-439-thread-1] INFO  server.RaftServerConfigKeys (ConfUtils.java:logGet(43)) - raft.server.retrycache.expirytime = 600000ms (custom)
2019-10-10 12:40:31,480 [pool-419-thread-1] INFO  impl.RaftServerImpl (RaftServerImpl.java:start(185)) - a5b85608-7f11-46ec-ae19-494ab54f3701@group-DF245211571A: start as a follower, conf=-1: [6f85b482-1ee3-41f8-b799-7ee315fa3ee8:192.168.5.143:44817, a5b85608-7f11-46ec-ae19-494ab54f3701:192.168.5.143:39887, 31dbcda4-c74c-4dfb-b27d-abb192246f85:192.168.5.143:46534], old=null
2019-10-10 12:40:31,480 [pool-419-thread-1] INFO  impl.RaftServerImpl (RaftServerImpl.java:setRole(174)) - a5b85608-7f11-46ec-ae19-494ab54f3701@group-DF245211571A: changes role from      null to FOLLOWER at term 0 for startAsFollower
2019-10-10 12:40:31,481 [pool-419-thread-1] INFO  impl.RoleInfo (RoleInfo.java:updateAndGet(143)) - a5b85608-7f11-46ec-ae19-494ab54f3701: start FollowerState
2019-10-10 12:40:31,481 [pool-419-thread-1] INFO  util.JmxRegister (JmxRegister.java:tryRegister(44)) - Successfully registered JMX Bean with object name Ratis:service=RaftServer,group=group-DF245211571A,id=a5b85608-7f11-46ec-ae19-494ab54f3701
2019-10-10 12:40:31,481 [pool-439-thread-1] INFO  impl.RaftServerImpl (RaftServerImpl.java:start(185)) - 6f85b482-1ee3-41f8-b799-7ee315fa3ee8@group-DF245211571A: start as a follower, conf=-1: [6f85b482-1ee3-41f8-b799-7ee315fa3ee8:192.168.5.143:44817, a5b85608-7f11-46ec-ae19-494ab54f3701:192.168.5.143:39887, 31dbcda4-c74c-4dfb-b27d-abb192246f85:192.168.5.143:46534], old=null
2019-10-10 12:40:31,481 [pool-439-thread-1] INFO  impl.RaftServerImpl (RaftServerImpl.java:setRole(174)) - 6f85b482-1ee3-41f8-b799-7ee315fa3ee8@group-DF245211571A: changes role from      null to FOLLOWER at term 0 for startAsFollower
2019-10-10 12:40:31,481 [pool-439-thread-1] INFO  impl.RoleInfo (RoleInfo.java:updateAndGet(143)) - 6f85b482-1ee3-41f8-b799-7ee315fa3ee8: start FollowerState
2019-10-10 12:40:31,482 [pool-439-thread-1] INFO  util.JmxRegister (JmxRegister.java:tryRegister(44)) - Successfully registered JMX Bean with object name Ratis:service=RaftServer,group=group-DF245211571A,id=6f85b482-1ee3-41f8-b799-7ee315fa3ee8
2019-10-10 12:40:31,483 [RatisPipelineUtilsThread] INFO  pipeline.PipelineStateManager (PipelineStateManager.java:addPipeline(56)) - Created pipeline Pipeline[ Id: 6e92acba-2951-4e80-8dab-df245211571a, Nodes: 6f85b482-1ee3-41f8-b799-7ee315fa3ee8{ip: 192.168.5.143, host: pr-hdds-1569-9zzhf-258611273, networkLocation: /default-rack, certSerialId: null}a5b85608-7f11-46ec-ae19-494ab54f3701{ip: 192.168.5.143, host: pr-hdds-1569-9zzhf-258611273, networkLocation: /default-rack, certSerialId: null}31dbcda4-c74c-4dfb-b27d-abb192246f85{ip: 192.168.5.143, host: pr-hdds-1569-9zzhf-258611273, networkLocation: /default-rack, certSerialId: null}, Type:RATIS, Factor:THREE, State:OPEN]
2019-10-10 12:40:31,490 [grpc-default-executor-45] INFO  impl.RaftServerProxy (RaftServerProxy.java:addNew(89)) - 31dbcda4-c74c-4dfb-b27d-abb192246f85: addNew group-2D1A61B296C8:[6f85b482-1ee3-41f8-b799-7ee315fa3ee8:192.168.5.143:44817, a5b85608-7f11-46ec-ae19-494ab54f3701:192.168.5.143:39887, 31dbcda4-c74c-4dfb-b27d-abb192246f85:192.168.5.143:46534] returns group-2D1A61B296C8:java.util.concurrent.CompletableFuture@1c79b4b5[Not completed]
2019-10-10 12:40:31,491 [grpc-default-executor-48] INFO  impl.RaftServerProxy (RaftServerProxy.java:addNew(89)) - 6f85b482-1ee3-41f8-b799-7ee315fa3ee8: addNew group-2D1A61B296C8:[6f85b482-1ee3-41f8-b799-7ee315fa3ee8:192.168.5.143:44817, a5b85608-7f11-46ec-ae19-494ab54f3701:192.168.5.143:39887, 31dbcda4-c74c-4dfb-b27d-abb192246f85:192.168.5.143:46534] returns group-2D1A61B296C8:java.util.concurrent.CompletableFuture@7e5d3182[Not completed]
2019-10-10 12:40:31,491 [grpc-default-executor-42] INFO  impl.RaftServerProxy (RaftServerProxy.java:addNew(89)) - a5b85608-7f11-46ec-ae19-494ab54f3701: addNew group-2D1A61B296C8:[6f85b482-1ee3-41f8-b799-7ee315fa3ee8:192.168.5.143:44817, a5b85608-7f11-46ec-ae19-494ab54f3701:192.168.5.143:39887, 31dbcda4-c74c-4dfb-b27d-abb192246f85:192.168.5.143:46534] returns group-2D1A61B296C8:java.util.concurrent.CompletableFuture@c7a9343[Not completed]
2019-10-10 12:40:31,491 [pool-449-thread-1] INFO  impl.RaftServerImpl (RaftServerImpl.java:<init>(95)) - 31dbcda4-c74c-4dfb-b27d-abb192246f85: new RaftServerImpl for group-2D1A61B296C8:[6f85b482-1ee3-41f8-b799-7ee315fa3ee8:192.168.5.143:44817, a5b85608-7f11-46ec-ae19-494ab54f3701:192.168.5.143:39887, 31dbcda4-c74c-4dfb-b27d-abb192246f85:192.168.5.143:46534] with ContainerStateMachine:uninitialized
2019-10-10 12:40:31,491 [pool-449-thread-1] INFO  server.RaftServerConfigKeys (ConfUtils.java:logGet(43)) - raft.server.rpc.timeout.min = 5s (custom)
2019-10-10 12:40:31,491 [pool-449-thread-1] INFO  server.RaftServerConfigKeys (ConfUtils.java:logGet(43)) - raft.server.rpc.timeout.max = 5200ms (custom)
2019-10-10 12:40:31,492 [pool-449-thread-1] INFO  server.RaftServerConfigKeys (ConfUtils.java:logGet(43)) - raft.server.rpcslowness.timeout = 120s (custom)
2019-10-10 12:40:31,492 [pool-419-thread-1] INFO  impl.RaftServerImpl (RaftServerImpl.java:<init>(95)) - a5b85608-7f11-46ec-ae19-494ab54f3701: new RaftServerImpl for group-2D1A61B296C8:[6f85b482-1ee3-41f8-b799-7ee315fa3ee8:192.168.5.143:44817, a5b85608-7f11-46ec-ae19-494ab54f3701:192.168.5.143:39887, 31dbcda4-c74c-4dfb-b27d-abb192246f85:192.168.5.143:46534] with ContainerStateMachine:uninitialized
2019-10-10 12:40:31,492 [pool-449-thread-1] INFO  server.RaftServerConfigKeys (ConfUtils.java:logGet(43)) - raft.server.sleep.deviation.threshold = 300 (default)
2019-10-10 12:40:31,492 [pool-419-thread-1] INFO  server.RaftServerConfigKeys (ConfUtils.java:logGet(43)) - raft.server.rpc.timeout.min = 5s (custom)
2019-10-10 12:40:31,492 [pool-449-thread-1] INFO  server.RaftServerConfigKeys (ConfUtils.java:logGet(43)) - raft.server.log.appender.install.snapshot.enabled = false (custom)
2019-10-10 12:40:31,492 [pool-419-thread-1] INFO  server.RaftServerConfigKeys (ConfUtils.java:logGet(43)) - raft.server.rpc.timeout.max = 5200ms (custom)
2019-10-10 12:40:31,492 [pool-439-thread-1] INFO  impl.RaftServerImpl (RaftServerImpl.java:<init>(95)) - 6f85b482-1ee3-41f8-b799-7ee315fa3ee8: new RaftServerImpl for group-2D1A61B296C8:[6f85b482-1ee3-41f8-b799-7ee315fa3ee8:192.168.5.143:44817, a5b85608-7f11-46ec-ae19-494ab54f3701:192.168.5.143:39887, 31dbcda4-c74c-4dfb-b27d-abb192246f85:192.168.5.143:46534] with ContainerStateMachine:uninitialized
2019-10-10 12:40:31,492 [pool-419-thread-1] INFO  server.RaftServerConfigKeys (ConfUtils.java:logGet(43)) - raft.server.rpcslowness.timeout = 120s (custom)
2019-10-10 12:40:31,493 [pool-419-thread-1] INFO  server.RaftServerConfigKeys (ConfUtils.java:logGet(43)) - raft.server.sleep.deviation.threshold = 300 (default)
2019-10-10 12:40:31,492 [pool-449-thread-1] INFO  impl.RaftServerImpl (ServerState.java:<init>(103)) - 31dbcda4-c74c-4dfb-b27d-abb192246f85@group-2D1A61B296C8: ConfigurationManager, init=-1: [6f85b482-1ee3-41f8-b799-7ee315fa3ee8:192.168.5.143:44817, a5b85608-7f11-46ec-ae19-494ab54f3701:192.168.5.143:39887, 31dbcda4-c74c-4dfb-b27d-abb192246f85:192.168.5.143:46534], old=null, confs=<EMPTY_MAP>
2019-10-10 12:40:31,493 [pool-419-thread-1] INFO  server.RaftServerConfigKeys (ConfUtils.java:logGet(43)) - raft.server.log.appender.install.snapshot.enabled = false (custom)
2019-10-10 12:40:31,493 [pool-439-thread-1] INFO  server.RaftServerConfigKeys (ConfUtils.java:logGet(43)) - raft.server.rpc.timeout.min = 5s (custom)
2019-10-10 12:40:31,493 [pool-419-thread-1] INFO  impl.RaftServerImpl (ServerState.java:<init>(103)) - a5b85608-7f11-46ec-ae19-494ab54f3701@group-2D1A61B296C8: ConfigurationManager, init=-1: [6f85b482-1ee3-41f8-b799-7ee315fa3ee8:192.168.5.143:44817, a5b85608-7f11-46ec-ae19-494ab54f3701:192.168.5.143:39887, 31dbcda4-c74c-4dfb-b27d-abb192246f85:192.168.5.143:46534], old=null, confs=<EMPTY_MAP>
2019-10-10 12:40:31,493 [pool-449-thread-1] INFO  server.RaftServerConfigKeys (ConfUtils.java:logGet(43)) - raft.server.storage.dir = [/workdir/hadoop-ozone/integration-test/target/test-dir/MiniOzoneClusterImpl-8284007a-d704-4ed0-a0ee-bee753f20599/datanode-4/data/ratis] (custom)
2019-10-10 12:40:31,493 [pool-419-thread-1] INFO  server.RaftServerConfigKeys (ConfUtils.java:logGet(43)) - raft.server.storage.dir = [/workdir/hadoop-ozone/integration-test/target/test-dir/MiniOzoneClusterImpl-8284007a-d704-4ed0-a0ee-bee753f20599/datanode-1/data/ratis] (custom)
2019-10-10 12:40:31,493 [pool-439-thread-1] INFO  server.RaftServerConfigKeys (ConfUtils.java:logGet(43)) - raft.server.rpc.timeout.max = 5200ms (custom)
2019-10-10 12:40:31,494 [pool-449-thread-1] INFO  storage.RaftStorageDirectory (RaftStorageDirectory.java:analyzeStorage(246)) - The storage directory /workdir/hadoop-ozone/integration-test/target/test-dir/MiniOzoneClusterImpl-8284007a-d704-4ed0-a0ee-bee753f20599/datanode-4/data/ratis/9bae8a8c-c430-4fba-bd06-2d1a61b296c8 does not exist. Creating ...
2019-10-10 12:40:31,494 [pool-419-thread-1] INFO  storage.RaftStorageDirectory (RaftStorageDirectory.java:analyzeStorage(246)) - The storage directory /workdir/hadoop-ozone/integration-test/target/test-dir/MiniOzoneClusterImpl-8284007a-d704-4ed0-a0ee-bee753f20599/datanode-1/data/ratis/9bae8a8c-c430-4fba-bd06-2d1a61b296c8 does not exist. Creating ...
2019-10-10 12:40:31,494 [pool-439-thread-1] INFO  server.RaftServerConfigKeys (ConfUtils.java:logGet(43)) - raft.server.rpcslowness.timeout = 120s (custom)
2019-10-10 12:40:31,494 [pool-439-thread-1] INFO  server.RaftServerConfigKeys (ConfUtils.java:logGet(43)) - raft.server.sleep.deviation.threshold = 300 (default)
2019-10-10 12:40:31,494 [pool-439-thread-1] INFO  server.RaftServerConfigKeys (ConfUtils.java:logGet(43)) - raft.server.log.appender.install.snapshot.enabled = false (custom)
2019-10-10 12:40:31,495 [pool-439-thread-1] INFO  impl.RaftServerImpl (ServerState.java:<init>(103)) - 6f85b482-1ee3-41f8-b799-7ee315fa3ee8@group-2D1A61B296C8: ConfigurationManager, init=-1: [6f85b482-1ee3-41f8-b799-7ee315fa3ee8:192.168.5.143:44817, a5b85608-7f11-46ec-ae19-494ab54f3701:192.168.5.143:39887, 31dbcda4-c74c-4dfb-b27d-abb192246f85:192.168.5.143:46534], old=null, confs=<EMPTY_MAP>
2019-10-10 12:40:31,495 [pool-439-thread-1] INFO  server.RaftServerConfigKeys (ConfUtils.java:logGet(43)) - raft.server.storage.dir = [/workdir/hadoop-ozone/integration-test/target/test-dir/MiniOzoneClusterImpl-8284007a-d704-4ed0-a0ee-bee753f20599/datanode-3/data/ratis] (custom)
2019-10-10 12:40:31,495 [pool-439-thread-1] INFO  storage.RaftStorageDirectory (RaftStorageDirectory.java:analyzeStorage(246)) - The storage directory /workdir/hadoop-ozone/integration-test/target/test-dir/MiniOzoneClusterImpl-8284007a-d704-4ed0-a0ee-bee753f20599/datanode-3/data/ratis/9bae8a8c-c430-4fba-bd06-2d1a61b296c8 does not exist. Creating ...
2019-10-10 12:40:31,508 [pool-419-thread-1] INFO  storage.RaftStorageDirectory (RaftStorageDirectory.java:tryLock(328)) - Lock on /workdir/hadoop-ozone/integration-test/target/test-dir/MiniOzoneClusterImpl-8284007a-d704-4ed0-a0ee-bee753f20599/datanode-1/data/ratis/9bae8a8c-c430-4fba-bd06-2d1a61b296c8/in_use.lock acquired by nodename 29031@pr-hdds-1569-9zzhf-258611273
2019-10-10 12:40:31,508 [pool-449-thread-1] INFO  storage.RaftStorageDirectory (RaftStorageDirectory.java:tryLock(328)) - Lock on /workdir/hadoop-ozone/integration-test/target/test-dir/MiniOzoneClusterImpl-8284007a-d704-4ed0-a0ee-bee753f20599/datanode-4/data/ratis/9bae8a8c-c430-4fba-bd06-2d1a61b296c8/in_use.lock acquired by nodename 29031@pr-hdds-1569-9zzhf-258611273
2019-10-10 12:40:31,508 [pool-439-thread-1] INFO  storage.RaftStorageDirectory (RaftStorageDirectory.java:tryLock(328)) - Lock on /workdir/hadoop-ozone/integration-test/target/test-dir/MiniOzoneClusterImpl-8284007a-d704-4ed0-a0ee-bee753f20599/datanode-3/data/ratis/9bae8a8c-c430-4fba-bd06-2d1a61b296c8/in_use.lock acquired by nodename 29031@pr-hdds-1569-9zzhf-258611273
2019-10-10 12:40:31,522 [pool-439-thread-1] INFO  storage.RaftStorage (RaftStorage.java:format(72)) - Storage directory /workdir/hadoop-ozone/integration-test/target/test-dir/MiniOzoneClusterImpl-8284007a-d704-4ed0-a0ee-bee753f20599/datanode-3/data/ratis/9bae8a8c-c430-4fba-bd06-2d1a61b296c8 has been successfully formatted.
2019-10-10 12:40:31,522 [pool-449-thread-1] INFO  storage.RaftStorage (RaftStorage.java:format(72)) - Storage directory /workdir/hadoop-ozone/integration-test/target/test-dir/MiniOzoneClusterImpl-8284007a-d704-4ed0-a0ee-bee753f20599/datanode-4/data/ratis/9bae8a8c-c430-4fba-bd06-2d1a61b296c8 has been successfully formatted.
2019-10-10 12:40:31,522 [pool-419-thread-1] INFO  storage.RaftStorage (RaftStorage.java:format(72)) - Storage directory /workdir/hadoop-ozone/integration-test/target/test-dir/MiniOzoneClusterImpl-8284007a-d704-4ed0-a0ee-bee753f20599/datanode-1/data/ratis/9bae8a8c-c430-4fba-bd06-2d1a61b296c8 has been successfully formatted.
2019-10-10 12:40:31,522 [pool-449-thread-1] INFO  ratis.ContainerStateMachine (ContainerStateMachine.java:loadSnapshot(230)) - group-2D1A61B296C8: The snapshot info is null. Setting the last applied indexto:(t:0, i:~)
2019-10-10 12:40:31,522 [pool-419-thread-1] INFO  ratis.ContainerStateMachine (ContainerStateMachine.java:loadSnapshot(230)) - group-2D1A61B296C8: The snapshot info is null. Setting the last applied indexto:(t:0, i:~)
2019-10-10 12:40:31,522 [pool-439-thread-1] INFO  ratis.ContainerStateMachine (ContainerStateMachine.java:loadSnapshot(230)) - group-2D1A61B296C8: The snapshot info is null. Setting the last applied indexto:(t:0, i:~)
2019-10-10 12:40:31,523 [pool-419-thread-1] INFO  server.RaftServerConfigKeys (ConfUtils.java:logGet(43)) - raft.server.notification.no-leader.timeout = 120s (custom)
2019-10-10 12:40:31,522 [pool-449-thread-1] INFO  server.RaftServerConfigKeys (ConfUtils.java:logGet(43)) - raft.server.notification.no-leader.timeout = 120s (custom)
2019-10-10 12:40:31,523 [pool-419-thread-1] INFO  server.RaftServerConfigKeys (ConfUtils.java:logGet(43)) - raft.server.log.use.memory = false (default)
2019-10-10 12:40:31,523 [pool-439-thread-1] INFO  server.RaftServerConfigKeys (ConfUtils.java:logGet(43)) - raft.server.notification.no-leader.timeout = 120s (custom)
2019-10-10 12:40:31,523 [pool-419-thread-1] INFO  server.RaftServerConfigKeys (ConfUtils.java:logGet(43)) - raft.server.log.purge.gap = 1000000 (custom)
2019-10-10 12:40:31,523 [pool-419-thread-1] INFO  server.RaftServerConfigKeys (ConfUtils.java:logGet(43)) - raft.server.log.appender.buffer.byte-limit = 33554432 (custom)
2019-10-10 12:40:31,523 [pool-449-thread-1] INFO  server.RaftServerConfigKeys (ConfUtils.java:logGet(43)) - raft.server.log.use.memory = false (default)
2019-10-10 12:40:31,524 [pool-419-thread-1] INFO  server.RaftServerConfigKeys (ConfUtils.java:logGet(43)) - raft.server.log.segment.size.max = 1048576 (custom)
2019-10-10 12:40:31,523 [pool-439-thread-1] INFO  server.RaftServerConfigKeys (ConfUtils.java:logGet(43)) - raft.server.log.use.memory = false (default)
2019-10-10 12:40:31,524 [pool-419-thread-1] INFO  server.RaftServerConfigKeys (ConfUtils.java:logGet(43)) - raft.server.log.segment.cache.num.max = 2 (custom)
2019-10-10 12:40:31,524 [pool-449-thread-1] INFO  server.RaftServerConfigKeys (ConfUtils.java:logGet(43)) - raft.server.log.purge.gap = 1000000 (custom)
2019-10-10 12:40:31,524 [pool-419-thread-1] INFO  segmented.SegmentedRaftLogWorker (SegmentedRaftLogWorker.java:<init>(172)) - new a5b85608-7f11-46ec-ae19-494ab54f3701@group-2D1A61B296C8-SegmentedRaftLogWorker for RaftStorage:Storage Directory /workdir/hadoop-ozone/integration-test/target/test-dir/MiniOzoneClusterImpl-8284007a-d704-4ed0-a0ee-bee753f20599/datanode-1/data/ratis/9bae8a8c-c430-4fba-bd06-2d1a61b296c8
2019-10-10 12:40:31,524 [pool-439-thread-1] INFO  server.RaftServerConfigKeys (ConfUtils.java:logGet(43)) - raft.server.log.purge.gap = 1000000 (custom)
2019-10-10 12:40:31,524 [pool-419-thread-1] INFO  server.RaftServerConfigKeys (ConfUtils.java:logGet(43)) - raft.server.log.queue.byte-limit = 2147483647 (custom)
2019-10-10 12:40:31,524 [pool-449-thread-1] INFO  server.RaftServerConfigKeys (ConfUtils.java:logGet(43)) - raft.server.log.appender.buffer.byte-limit = 33554432 (custom)
2019-10-10 12:40:31,525 [pool-419-thread-1] INFO  server.RaftServerConfigKeys (ConfUtils.java:logGet(43)) - raft.server.log.queue.element-limit = 1024 (custom)
2019-10-10 12:40:31,524 [pool-439-thread-1] INFO  server.RaftServerConfigKeys (ConfUtils.java:logGet(43)) - raft.server.log.appender.buffer.byte-limit = 33554432 (custom)
2019-10-10 12:40:31,525 [pool-419-thread-1] INFO  server.RaftServerConfigKeys (ConfUtils.java:logGet(43)) - raft.server.log.segment.size.max = 1048576 (custom)
2019-10-10 12:40:31,525 [pool-449-thread-1] INFO  server.RaftServerConfigKeys (ConfUtils.java:logGet(43)) - raft.server.log.segment.size.max = 1048576 (custom)
2019-10-10 12:40:31,525 [pool-419-thread-1] INFO  server.RaftServerConfigKeys (ConfUtils.java:logGet(43)) - raft.server.log.preallocated.size = 16384 (custom)
2019-10-10 12:40:31,525 [pool-419-thread-1] INFO  server.RaftServerConfigKeys (ConfUtils.java:logGet(43)) - raft.server.log.write.buffer.size = 33554432 (custom)
2019-10-10 12:40:31,525 [pool-439-thread-1] INFO  server.RaftServerConfigKeys (ConfUtils.java:logGet(43)) - raft.server.log.segment.size.max = 1048576 (custom)
2019-10-10 12:40:31,525 [pool-419-thread-1] INFO  server.RaftServerConfigKeys (ConfUtils.java:logGet(43)) - raft.server.log.force.sync.num = 128 (default)
2019-10-10 12:40:31,525 [pool-449-thread-1] INFO  server.RaftServerConfigKeys (ConfUtils.java:logGet(43)) - raft.server.log.segment.cache.num.max = 2 (custom)
2019-10-10 12:40:31,526 [pool-419-thread-1] INFO  server.RaftServerConfigKeys (ConfUtils.java:logGet(43)) - raft.server.log.statemachine.data.sync = true (default)
2019-10-10 12:40:31,526 [pool-439-thread-1] INFO  server.RaftServerConfigKeys (ConfUtils.java:logGet(43)) - raft.server.log.segment.cache.num.max = 2 (custom)
2019-10-10 12:40:31,526 [pool-419-thread-1] INFO  server.RaftServerConfigKeys (ConfUtils.java:logGet(43)) - raft.server.log.statemachine.data.sync.timeout = 10s (default)
2019-10-10 12:40:31,526 [pool-449-thread-1] INFO  segmented.SegmentedRaftLogWorker (SegmentedRaftLogWorker.java:<init>(172)) - new 31dbcda4-c74c-4dfb-b27d-abb192246f85@group-2D1A61B296C8-SegmentedRaftLogWorker for RaftStorage:Storage Directory /workdir/hadoop-ozone/integration-test/target/test-dir/MiniOzoneClusterImpl-8284007a-d704-4ed0-a0ee-bee753f20599/datanode-4/data/ratis/9bae8a8c-c430-4fba-bd06-2d1a61b296c8
2019-10-10 12:40:31,526 [pool-419-thread-1] INFO  server.RaftServerConfigKeys (ConfUtils.java:logGet(43)) - raft.server.log.statemachine.data.sync.timeout.retry = -1 (default)
2019-10-10 12:40:31,526 [pool-439-thread-1] INFO  segmented.SegmentedRaftLogWorker (SegmentedRaftLogWorker.java:<init>(172)) - new 6f85b482-1ee3-41f8-b799-7ee315fa3ee8@group-2D1A61B296C8-SegmentedRaftLogWorker for RaftStorage:Storage Directory /workdir/hadoop-ozone/integration-test/target/test-dir/MiniOzoneClusterImpl-8284007a-d704-4ed0-a0ee-bee753f20599/datanode-3/data/ratis/9bae8a8c-c430-4fba-bd06-2d1a61b296c8
2019-10-10 12:40:31,527 [pool-419-thread-1] INFO  server.RaftServerConfigKeys (ConfUtils.java:logGet(43)) - raft.server.log.statemachine.data.caching.enabled = true (custom)
2019-10-10 12:40:31,526 [pool-449-thread-1] INFO  server.RaftServerConfigKeys (ConfUtils.java:logGet(43)) - raft.server.log.queue.byte-limit = 2147483647 (custom)
2019-10-10 12:40:31,527 [pool-439-thread-1] INFO  server.RaftServerConfigKeys (ConfUtils.java:logGet(43)) - raft.server.log.queue.byte-limit = 2147483647 (custom)
2019-10-10 12:40:31,527 [pool-419-thread-1] INFO  segmented.SegmentedRaftLogWorker (SegmentedRaftLogWorker.java:lambda$new$0(132)) - a5b85608-7f11-46ec-ae19-494ab54f3701@group-2D1A61B296C8-SegmentedRaftLogWorker: flushIndex: setUnconditionally 0 -> -1
2019-10-10 12:40:31,527 [pool-449-thread-1] INFO  server.RaftServerConfigKeys (ConfUtils.java:logGet(43)) - raft.server.log.queue.element-limit = 1024 (custom)
2019-10-10 12:40:31,527 [pool-439-thread-1] INFO  server.RaftServerConfigKeys (ConfUtils.java:logGet(43)) - raft.server.log.queue.element-limit = 1024 (custom)
2019-10-10 12:40:31,527 [pool-449-thread-1] INFO  server.RaftServerConfigKeys (ConfUtils.java:logGet(43)) - raft.server.log.segment.size.max = 1048576 (custom)
2019-10-10 12:40:31,527 [pool-419-thread-1] INFO  server.RaftServerConfigKeys (ConfUtils.java:logGet(43)) - raft.server.snapshot.auto.trigger.enabled = true (custom)
2019-10-10 12:40:31,527 [pool-449-thread-1] INFO  server.RaftServerConfigKeys (ConfUtils.java:logGet(43)) - raft.server.log.preallocated.size = 16384 (custom)
2019-10-10 12:40:31,527 [pool-439-thread-1] INFO  server.RaftServerConfigKeys (ConfUtils.java:logGet(43)) - raft.server.log.segment.size.max = 1048576 (custom)
2019-10-10 12:40:31,528 [pool-449-thread-1] INFO  server.RaftServerConfigKeys (ConfUtils.java:logGet(43)) - raft.server.log.write.buffer.size = 33554432 (custom)
2019-10-10 12:40:31,528 [pool-419-thread-1] INFO  server.RaftServerConfigKeys (ConfUtils.java:logGet(43)) - raft.server.snapshot.auto.trigger.threshold = 10000 (custom)
2019-10-10 12:40:31,528 [pool-449-thread-1] INFO  server.RaftServerConfigKeys (ConfUtils.java:logGet(43)) - raft.server.log.force.sync.num = 128 (default)
2019-10-10 12:40:31,528 [pool-449-thread-1] INFO  server.RaftServerConfigKeys (ConfUtils.java:logGet(43)) - raft.server.log.statemachine.data.sync = true (default)
2019-10-10 12:40:31,528 [pool-439-thread-1] INFO  server.RaftServerConfigKeys (ConfUtils.java:logGet(43)) - raft.server.log.preallocated.size = 16384 (custom)
2019-10-10 12:40:31,528 [pool-449-thread-1] INFO  server.RaftServerConfigKeys (ConfUtils.java:logGet(43)) - raft.server.log.statemachine.data.sync.timeout = 10s (default)
2019-10-10 12:40:31,528 [pool-419-thread-1] INFO  server.RaftServerConfigKeys (ConfUtils.java:logGet(43)) - raft.server.snapshot.retention.num.files = 5 (custom)
2019-10-10 12:40:31,529 [pool-449-thread-1] INFO  server.RaftServerConfigKeys (ConfUtils.java:logGet(43)) - raft.server.log.statemachine.data.sync.timeout.retry = -1 (default)
2019-10-10 12:40:31,528 [pool-439-thread-1] INFO  server.RaftServerConfigKeys (ConfUtils.java:logGet(43)) - raft.server.log.write.buffer.size = 33554432 (custom)
2019-10-10 12:40:31,529 [pool-449-thread-1] INFO  server.RaftServerConfigKeys (ConfUtils.java:logGet(43)) - raft.server.log.statemachine.data.caching.enabled = true (custom)
2019-10-10 12:40:31,529 [pool-419-thread-1] INFO  server.RaftServerConfigKeys (ConfUtils.java:logGet(43)) - raft.server.retrycache.expirytime = 600000ms (custom)
2019-10-10 12:40:31,529 [pool-439-thread-1] INFO  server.RaftServerConfigKeys (ConfUtils.java:logGet(43)) - raft.server.log.force.sync.num = 128 (default)
2019-10-10 12:40:31,529 [pool-449-thread-1] INFO  segmented.SegmentedRaftLogWorker (SegmentedRaftLogWorker.java:lambda$new$0(132)) - 31dbcda4-c74c-4dfb-b27d-abb192246f85@group-2D1A61B296C8-SegmentedRaftLogWorker: flushIndex: setUnconditionally 0 -> -1
2019-10-10 12:40:31,529 [pool-439-thread-1] INFO  server.RaftServerConfigKeys (ConfUtils.java:logGet(43)) - raft.server.log.statemachine.data.sync = true (default)
2019-10-10 12:40:31,529 [pool-439-thread-1] INFO  server.RaftServerConfigKeys (ConfUtils.java:logGet(43)) - raft.server.log.statemachine.data.sync.timeout = 10s (default)
2019-10-10 12:40:31,530 [pool-439-thread-1] INFO  server.RaftServerConfigKeys (ConfUtils.java:logGet(43)) - raft.server.log.statemachine.data.sync.timeout.retry = -1 (default)
2019-10-10 12:40:31,530 [pool-449-thread-1] INFO  server.RaftServerConfigKeys (ConfUtils.java:logGet(43)) - raft.server.snapshot.auto.trigger.enabled = true (custom)
2019-10-10 12:40:31,530 [pool-439-thread-1] INFO  server.RaftServerConfigKeys (ConfUtils.java:logGet(43)) - raft.server.log.statemachine.data.caching.enabled = true (custom)
2019-10-10 12:40:31,530 [pool-449-thread-1] INFO  server.RaftServerConfigKeys (ConfUtils.java:logGet(43)) - raft.server.snapshot.auto.trigger.threshold = 10000 (custom)
2019-10-10 12:40:31,530 [pool-439-thread-1] INFO  segmented.SegmentedRaftLogWorker (SegmentedRaftLogWorker.java:lambda$new$0(132)) - 6f85b482-1ee3-41f8-b799-7ee315fa3ee8@group-2D1A61B296C8-SegmentedRaftLogWorker: flushIndex: setUnconditionally 0 -> -1
2019-10-10 12:40:31,530 [pool-449-thread-1] INFO  server.RaftServerConfigKeys (ConfUtils.java:logGet(43)) - raft.server.snapshot.retention.num.files = 5 (custom)
2019-10-10 12:40:31,530 [pool-449-thread-1] INFO  server.RaftServerConfigKeys (ConfUtils.java:logGet(43)) - raft.server.retrycache.expirytime = 600000ms (custom)
2019-10-10 12:40:31,530 [pool-439-thread-1] INFO  server.RaftServerConfigKeys (ConfUtils.java:logGet(43)) - raft.server.snapshot.auto.trigger.enabled = true (custom)
2019-10-10 12:40:31,530 [pool-439-thread-1] INFO  server.RaftServerConfigKeys (ConfUtils.java:logGet(43)) - raft.server.snapshot.auto.trigger.threshold = 10000 (custom)
2019-10-10 12:40:31,531 [pool-439-thread-1] INFO  server.RaftServerConfigKeys (ConfUtils.java:logGet(43)) - raft.server.snapshot.retention.num.files = 5 (custom)
2019-10-10 12:40:31,531 [pool-439-thread-1] INFO  server.RaftServerConfigKeys (ConfUtils.java:logGet(43)) - raft.server.retrycache.expirytime = 600000ms (custom)
2019-10-10 12:40:31,531 [pool-419-thread-1] INFO  impl.RaftServerImpl (RaftServerImpl.java:start(185)) - a5b85608-7f11-46ec-ae19-494ab54f3701@group-2D1A61B296C8: start as a follower, conf=-1: [6f85b482-1ee3-41f8-b799-7ee315fa3ee8:192.168.5.143:44817, a5b85608-7f11-46ec-ae19-494ab54f3701:192.168.5.143:39887, 31dbcda4-c74c-4dfb-b27d-abb192246f85:192.168.5.143:46534], old=null
2019-10-10 12:40:31,531 [pool-419-thread-1] INFO  impl.RaftServerImpl (RaftServerImpl.java:setRole(174)) - a5b85608-7f11-46ec-ae19-494ab54f3701@group-2D1A61B296C8: changes role from      null to FOLLOWER at term 0 for startAsFollower
2019-10-10 12:40:31,531 [pool-419-thread-1] INFO  impl.RoleInfo (RoleInfo.java:updateAndGet(143)) - a5b85608-7f11-46ec-ae19-494ab54f3701: start FollowerState
2019-10-10 12:40:31,531 [pool-419-thread-1] INFO  util.JmxRegister (JmxRegister.java:tryRegister(44)) - Successfully registered JMX Bean with object name Ratis:service=RaftServer,group=group-2D1A61B296C8,id=a5b85608-7f11-46ec-ae19-494ab54f3701
2019-10-10 12:40:31,533 [pool-449-thread-1] INFO  impl.RaftServerImpl (RaftServerImpl.java:start(185)) - 31dbcda4-c74c-4dfb-b27d-abb192246f85@group-2D1A61B296C8: start as a follower, conf=-1: [6f85b482-1ee3-41f8-b799-7ee315fa3ee8:192.168.5.143:44817, a5b85608-7f11-46ec-ae19-494ab54f3701:192.168.5.143:39887, 31dbcda4-c74c-4dfb-b27d-abb192246f85:192.168.5.143:46534], old=null
2019-10-10 12:40:31,533 [pool-439-thread-1] INFO  impl.RaftServerImpl (RaftServerImpl.java:start(185)) - 6f85b482-1ee3-41f8-b799-7ee315fa3ee8@group-2D1A61B296C8: start as a follower, conf=-1: [6f85b482-1ee3-41f8-b799-7ee315fa3ee8:192.168.5.143:44817, a5b85608-7f11-46ec-ae19-494ab54f3701:192.168.5.143:39887, 31dbcda4-c74c-4dfb-b27d-abb192246f85:192.168.5.143:46534], old=null
2019-10-10 12:40:31,533 [pool-449-thread-1] INFO  impl.RaftServerImpl (RaftServerImpl.java:setRole(174)) - 31dbcda4-c74c-4dfb-b27d-abb192246f85@group-2D1A61B296C8: changes role from      null to FOLLOWER at term 0 for startAsFollower
2019-10-10 12:40:31,533 [pool-439-thread-1] INFO  impl.RaftServerImpl (RaftServerImpl.java:setRole(174)) - 6f85b482-1ee3-41f8-b799-7ee315fa3ee8@group-2D1A61B296C8: changes role from      null to FOLLOWER at term 0 for startAsFollower
2019-10-10 12:40:31,533 [pool-449-thread-1] INFO  impl.RoleInfo (RoleInfo.java:updateAndGet(143)) - 31dbcda4-c74c-4dfb-b27d-abb192246f85: start FollowerState
2019-10-10 12:40:31,533 [pool-439-thread-1] INFO  impl.RoleInfo (RoleInfo.java:updateAndGet(143)) - 6f85b482-1ee3-41f8-b799-7ee315fa3ee8: start FollowerState
2019-10-10 12:40:31,533 [pool-449-thread-1] INFO  util.JmxRegister (JmxRegister.java:tryRegister(44)) - Successfully registered JMX Bean with object name Ratis:service=RaftServer,group=group-2D1A61B296C8,id=31dbcda4-c74c-4dfb-b27d-abb192246f85
2019-10-10 12:40:31,534 [pool-439-thread-1] INFO  util.JmxRegister (JmxRegister.java:tryRegister(44)) - Successfully registered JMX Bean with object name Ratis:service=RaftServer,group=group-2D1A61B296C8,id=6f85b482-1ee3-41f8-b799-7ee315fa3ee8
2019-10-10 12:40:31,535 [RatisPipelineUtilsThread] INFO  pipeline.PipelineStateManager (PipelineStateManager.java:addPipeline(56)) - Created pipeline Pipeline[ Id: 9bae8a8c-c430-4fba-bd06-2d1a61b296c8, Nodes: 6f85b482-1ee3-41f8-b799-7ee315fa3ee8{ip: 192.168.5.143, host: pr-hdds-1569-9zzhf-258611273, networkLocation: /default-rack, certSerialId: null}a5b85608-7f11-46ec-ae19-494ab54f3701{ip: 192.168.5.143, host: pr-hdds-1569-9zzhf-258611273, networkLocation: /default-rack, certSerialId: null}31dbcda4-c74c-4dfb-b27d-abb192246f85{ip: 192.168.5.143, host: pr-hdds-1569-9zzhf-258611273, networkLocation: /default-rack, certSerialId: null}, Type:RATIS, Factor:THREE, State:OPEN]
2019-10-10 12:40:31,538 [grpc-default-executor-45] INFO  impl.RaftServerProxy (RaftServerProxy.java:addNew(89)) - 31dbcda4-c74c-4dfb-b27d-abb192246f85: addNew group-A127A8B5169C:[6f85b482-1ee3-41f8-b799-7ee315fa3ee8:192.168.5.143:44817, a5b85608-7f11-46ec-ae19-494ab54f3701:192.168.5.143:39887, 31dbcda4-c74c-4dfb-b27d-abb192246f85:192.168.5.143:46534] returns group-A127A8B5169C:java.util.concurrent.CompletableFuture@4b656737[Not completed]
2019-10-10 12:40:31,538 [grpc-default-executor-48] INFO  impl.RaftServerProxy (RaftServerProxy.java:addNew(89)) - a5b85608-7f11-46ec-ae19-494ab54f3701: addNew group-A127A8B5169C:[6f85b482-1ee3-41f8-b799-7ee315fa3ee8:192.168.5.143:44817, a5b85608-7f11-46ec-ae19-494ab54f3701:192.168.5.143:39887, 31dbcda4-c74c-4dfb-b27d-abb192246f85:192.168.5.143:46534] returns group-A127A8B5169C:java.util.concurrent.CompletableFuture@3ecf4d18[Not completed]
2019-10-10 12:40:31,538 [grpc-default-executor-42] INFO  impl.RaftServerProxy (RaftServerProxy.java:addNew(89)) - 6f85b482-1ee3-41f8-b799-7ee315fa3ee8: addNew group-A127A8B5169C:[6f85b482-1ee3-41f8-b799-7ee315fa3ee8:192.168.5.143:44817, a5b85608-7f11-46ec-ae19-494ab54f3701:192.168.5.143:39887, 31dbcda4-c74c-4dfb-b27d-abb192246f85:192.168.5.143:46534] returns group-A127A8B5169C:java.util.concurrent.CompletableFuture@14f152c1[Not completed]
2019-10-10 12:40:31,539 [pool-449-thread-1] INFO  impl.RaftServerImpl (RaftServerImpl.java:<init>(95)) - 31dbcda4-c74c-4dfb-b27d-abb192246f85: new RaftServerImpl for group-A127A8B5169C:[6f85b482-1ee3-41f8-b799-7ee315fa3ee8:192.168.5.143:44817, a5b85608-7f11-46ec-ae19-494ab54f3701:192.168.5.143:39887, 31dbcda4-c74c-4dfb-b27d-abb192246f85:192.168.5.143:46534] with ContainerStateMachine:uninitialized
2019-10-10 12:40:31,539 [pool-449-thread-1] INFO  server.RaftServerConfigKeys (ConfUtils.java:logGet(43)) - raft.server.rpc.timeout.min = 5s (custom)
2019-10-10 12:40:31,539 [pool-449-thread-1] INFO  server.RaftServerConfigKeys (ConfUtils.java:logGet(43)) - raft.server.rpc.timeout.max = 5200ms (custom)
2019-10-10 12:40:31,539 [pool-449-thread-1] INFO  server.RaftServerConfigKeys (ConfUtils.java:logGet(43)) - raft.server.rpcslowness.timeout = 120s (custom)
2019-10-10 12:40:31,540 [pool-449-thread-1] INFO  server.RaftServerConfigKeys (ConfUtils.java:logGet(43)) - raft.server.sleep.deviation.threshold = 300 (default)
2019-10-10 12:40:31,540 [pool-419-thread-1] INFO  impl.RaftServerImpl (RaftServerImpl.java:<init>(95)) - a5b85608-7f11-46ec-ae19-494ab54f3701: new RaftServerImpl for group-A127A8B5169C:[6f85b482-1ee3-41f8-b799-7ee315fa3ee8:192.168.5.143:44817, a5b85608-7f11-46ec-ae19-494ab54f3701:192.168.5.143:39887, 31dbcda4-c74c-4dfb-b27d-abb192246f85:192.168.5.143:46534] with ContainerStateMachine:uninitialized
2019-10-10 12:40:31,540 [pool-449-thread-1] INFO  server.RaftServerConfigKeys (ConfUtils.java:logGet(43)) - raft.server.log.appender.install.snapshot.enabled = false (custom)
2019-10-10 12:40:31,540 [pool-419-thread-1] INFO  server.RaftServerConfigKeys (ConfUtils.java:logGet(43)) - raft.server.rpc.timeout.min = 5s (custom)
2019-10-10 12:40:31,540 [pool-439-thread-1] INFO  impl.RaftServerImpl (RaftServerImpl.java:<init>(95)) - 6f85b482-1ee3-41f8-b799-7ee315fa3ee8: new RaftServerImpl for group-A127A8B5169C:[6f85b482-1ee3-41f8-b799-7ee315fa3ee8:192.168.5.143:44817, a5b85608-7f11-46ec-ae19-494ab54f3701:192.168.5.143:39887, 31dbcda4-c74c-4dfb-b27d-abb192246f85:192.168.5.143:46534] with ContainerStateMachine:uninitialized
2019-10-10 12:40:31,540 [pool-449-thread-1] INFO  impl.RaftServerImpl (ServerState.java:<init>(103)) - 31dbcda4-c74c-4dfb-b27d-abb192246f85@group-A127A8B5169C: ConfigurationManager, init=-1: [6f85b482-1ee3-41f8-b799-7ee315fa3ee8:192.168.5.143:44817, a5b85608-7f11-46ec-ae19-494ab54f3701:192.168.5.143:39887, 31dbcda4-c74c-4dfb-b27d-abb192246f85:192.168.5.143:46534], old=null, confs=<EMPTY_MAP>
2019-10-10 12:40:31,540 [pool-439-thread-1] INFO  server.RaftServerConfigKeys (ConfUtils.java:logGet(43)) - raft.server.rpc.timeout.min = 5s (custom)
2019-10-10 12:40:31,540 [pool-419-thread-1] INFO  server.RaftServerConfigKeys (ConfUtils.java:logGet(43)) - raft.server.rpc.timeout.max = 5200ms (custom)
2019-10-10 12:40:31,540 [pool-439-thread-1] INFO  server.RaftServerConfigKeys (ConfUtils.java:logGet(43)) - raft.server.rpc.timeout.max = 5200ms (custom)
2019-10-10 12:40:31,540 [pool-449-thread-1] INFO  server.RaftServerConfigKeys (ConfUtils.java:logGet(43)) - raft.server.storage.dir = [/workdir/hadoop-ozone/integration-test/target/test-dir/MiniOzoneClusterImpl-8284007a-d704-4ed0-a0ee-bee753f20599/datanode-4/data/ratis] (custom)
2019-10-10 12:40:31,541 [pool-439-thread-1] INFO  server.RaftServerConfigKeys (ConfUtils.java:logGet(43)) - raft.server.rpcslowness.timeout = 120s (custom)
2019-10-10 12:40:31,540 [pool-419-thread-1] INFO  server.RaftServerConfigKeys (ConfUtils.java:logGet(43)) - raft.server.rpcslowness.timeout = 120s (custom)
2019-10-10 12:40:31,541 [pool-449-thread-1] INFO  storage.RaftStorageDirectory (RaftStorageDirectory.java:analyzeStorage(246)) - The storage directory /workdir/hadoop-ozone/integration-test/target/test-dir/MiniOzoneClusterImpl-8284007a-d704-4ed0-a0ee-bee753f20599/datanode-4/data/ratis/07bedd85-7e12-4a51-85ed-a127a8b5169c does not exist. Creating ...
2019-10-10 12:40:31,541 [pool-439-thread-1] INFO  server.RaftServerConfigKeys (ConfUtils.java:logGet(43)) - raft.server.sleep.deviation.threshold = 300 (default)
2019-10-10 12:40:31,541 [pool-419-thread-1] INFO  server.RaftServerConfigKeys (ConfUtils.java:logGet(43)) - raft.server.sleep.deviation.threshold = 300 (default)
2019-10-10 12:40:31,541 [pool-439-thread-1] INFO  server.RaftServerConfigKeys (ConfUtils.java:logGet(43)) - raft.server.log.appender.install.snapshot.enabled = false (custom)
2019-10-10 12:40:31,541 [pool-419-thread-1] INFO  server.RaftServerConfigKeys (ConfUtils.java:logGet(43)) - raft.server.log.appender.install.snapshot.enabled = false (custom)
2019-10-10 12:40:31,541 [pool-439-thread-1] INFO  impl.RaftServerImpl (ServerState.java:<init>(103)) - 6f85b482-1ee3-41f8-b799-7ee315fa3ee8@group-A127A8B5169C: ConfigurationManager, init=-1: [6f85b482-1ee3-41f8-b799-7ee315fa3ee8:192.168.5.143:44817, a5b85608-7f11-46ec-ae19-494ab54f3701:192.168.5.143:39887, 31dbcda4-c74c-4dfb-b27d-abb192246f85:192.168.5.143:46534], old=null, confs=<EMPTY_MAP>
2019-10-10 12:40:31,541 [pool-419-thread-1] INFO  impl.RaftServerImpl (ServerState.java:<init>(103)) - a5b85608-7f11-46ec-ae19-494ab54f3701@group-A127A8B5169C: ConfigurationManager, init=-1: [6f85b482-1ee3-41f8-b799-7ee315fa3ee8:192.168.5.143:44817, a5b85608-7f11-46ec-ae19-494ab54f3701:192.168.5.143:39887, 31dbcda4-c74c-4dfb-b27d-abb192246f85:192.168.5.143:46534], old=null, confs=<EMPTY_MAP>
2019-10-10 12:40:31,542 [pool-439-thread-1] INFO  server.RaftServerConfigKeys (ConfUtils.java:logGet(43)) - raft.server.storage.dir = [/workdir/hadoop-ozone/integration-test/target/test-dir/MiniOzoneClusterImpl-8284007a-d704-4ed0-a0ee-bee753f20599/datanode-3/data/ratis] (custom)
2019-10-10 12:40:31,542 [pool-419-thread-1] INFO  server.RaftServerConfigKeys (ConfUtils.java:logGet(43)) - raft.server.storage.dir = [/workdir/hadoop-ozone/integration-test/target/test-dir/MiniOzoneClusterImpl-8284007a-d704-4ed0-a0ee-bee753f20599/datanode-1/data/ratis] (custom)
2019-10-10 12:40:31,542 [pool-439-thread-1] INFO  storage.RaftStorageDirectory (RaftStorageDirectory.java:analyzeStorage(246)) - The storage directory /workdir/hadoop-ozone/integration-test/target/test-dir/MiniOzoneClusterImpl-8284007a-d704-4ed0-a0ee-bee753f20599/datanode-3/data/ratis/07bedd85-7e12-4a51-85ed-a127a8b5169c does not exist. Creating ...
2019-10-10 12:40:31,542 [pool-419-thread-1] INFO  storage.RaftStorageDirectory (RaftStorageDirectory.java:analyzeStorage(246)) - The storage directory /workdir/hadoop-ozone/integration-test/target/test-dir/MiniOzoneClusterImpl-8284007a-d704-4ed0-a0ee-bee753f20599/datanode-1/data/ratis/07bedd85-7e12-4a51-85ed-a127a8b5169c does not exist. Creating ...
2019-10-10 12:40:31,566 [pool-419-thread-1] INFO  storage.RaftStorageDirectory (RaftStorageDirectory.java:tryLock(328)) - Lock on /workdir/hadoop-ozone/integration-test/target/test-dir/MiniOzoneClusterImpl-8284007a-d704-4ed0-a0ee-bee753f20599/datanode-1/data/ratis/07bedd85-7e12-4a51-85ed-a127a8b5169c/in_use.lock acquired by nodename 29031@pr-hdds-1569-9zzhf-258611273
2019-10-10 12:40:31,566 [pool-439-thread-1] INFO  storage.RaftStorageDirectory (RaftStorageDirectory.java:tryLock(328)) - Lock on /workdir/hadoop-ozone/integration-test/target/test-dir/MiniOzoneClusterImpl-8284007a-d704-4ed0-a0ee-bee753f20599/datanode-3/data/ratis/07bedd85-7e12-4a51-85ed-a127a8b5169c/in_use.lock acquired by nodename 29031@pr-hdds-1569-9zzhf-258611273
2019-10-10 12:40:31,566 [pool-449-thread-1] INFO  storage.RaftStorageDirectory (RaftStorageDirectory.java:tryLock(328)) - Lock on /workdir/hadoop-ozone/integration-test/target/test-dir/MiniOzoneClusterImpl-8284007a-d704-4ed0-a0ee-bee753f20599/datanode-4/data/ratis/07bedd85-7e12-4a51-85ed-a127a8b5169c/in_use.lock acquired by nodename 29031@pr-hdds-1569-9zzhf-258611273
2019-10-10 12:40:31,592 [pool-439-thread-1] INFO  storage.RaftStorage (RaftStorage.java:format(72)) - Storage directory /workdir/hadoop-ozone/integration-test/target/test-dir/MiniOzoneClusterImpl-8284007a-d704-4ed0-a0ee-bee753f20599/datanode-3/data/ratis/07bedd85-7e12-4a51-85ed-a127a8b5169c has been successfully formatted.
2019-10-10 12:40:31,592 [pool-419-thread-1] INFO  storage.RaftStorage (RaftStorage.java:format(72)) - Storage directory /workdir/hadoop-ozone/integration-test/target/test-dir/MiniOzoneClusterImpl-8284007a-d704-4ed0-a0ee-bee753f20599/datanode-1/data/ratis/07bedd85-7e12-4a51-85ed-a127a8b5169c has been successfully formatted.
2019-10-10 12:40:31,592 [pool-449-thread-1] INFO  storage.RaftStorage (RaftStorage.java:format(72)) - Storage directory /workdir/hadoop-ozone/integration-test/target/test-dir/MiniOzoneClusterImpl-8284007a-d704-4ed0-a0ee-bee753f20599/datanode-4/data/ratis/07bedd85-7e12-4a51-85ed-a127a8b5169c has been successfully formatted.
2019-10-10 12:40:31,592 [pool-419-thread-1] INFO  ratis.ContainerStateMachine (ContainerStateMachine.java:loadSnapshot(230)) - group-A127A8B5169C: The snapshot info is null. Setting the last applied indexto:(t:0, i:~)
2019-10-10 12:40:31,592 [pool-439-thread-1] INFO  ratis.ContainerStateMachine (ContainerStateMachine.java:loadSnapshot(230)) - group-A127A8B5169C: The snapshot info is null. Setting the last applied indexto:(t:0, i:~)
2019-10-10 12:40:31,592 [pool-419-thread-1] INFO  server.RaftServerConfigKeys (ConfUtils.java:logGet(43)) - raft.server.notification.no-leader.timeout = 120s (custom)
2019-10-10 12:40:31,592 [pool-449-thread-1] INFO  ratis.ContainerStateMachine (ContainerStateMachine.java:loadSnapshot(230)) - group-A127A8B5169C: The snapshot info is null. Setting the last applied indexto:(t:0, i:~)
2019-10-10 12:40:31,593 [pool-419-thread-1] INFO  server.RaftServerConfigKeys (ConfUtils.java:logGet(43)) - raft.server.log.use.memory = false (default)
2019-10-10 12:40:31,593 [pool-439-thread-1] INFO  server.RaftServerConfigKeys (ConfUtils.java:logGet(43)) - raft.server.notification.no-leader.timeout = 120s (custom)
2019-10-10 12:40:31,593 [pool-419-thread-1] INFO  server.RaftServerConfigKeys (ConfUtils.java:logGet(43)) - raft.server.log.purge.gap = 1000000 (custom)
2019-10-10 12:40:31,593 [pool-419-thread-1] INFO  server.RaftServerConfigKeys (ConfUtils.java:logGet(43)) - raft.server.log.appender.buffer.byte-limit = 33554432 (custom)
2019-10-10 12:40:31,593 [pool-449-thread-1] INFO  server.RaftServerConfigKeys (ConfUtils.java:logGet(43)) - raft.server.notification.no-leader.timeout = 120s (custom)
2019-10-10 12:40:31,594 [pool-419-thread-1] INFO  server.RaftServerConfigKeys (ConfUtils.java:logGet(43)) - raft.server.log.segment.size.max = 1048576 (custom)
2019-10-10 12:40:31,593 [pool-439-thread-1] INFO  server.RaftServerConfigKeys (ConfUtils.java:logGet(43)) - raft.server.log.use.memory = false (default)
2019-10-10 12:40:31,594 [pool-419-thread-1] INFO  server.RaftServerConfigKeys (ConfUtils.java:logGet(43)) - raft.server.log.segment.cache.num.max = 2 (custom)
2019-10-10 12:40:31,594 [pool-449-thread-1] INFO  server.RaftServerConfigKeys (ConfUtils.java:logGet(43)) - raft.server.log.use.memory = false (default)
2019-10-10 12:40:31,594 [pool-419-thread-1] INFO  segmented.SegmentedRaftLogWorker (SegmentedRaftLogWorker.java:<init>(172)) - new a5b85608-7f11-46ec-ae19-494ab54f3701@group-A127A8B5169C-SegmentedRaftLogWorker for RaftStorage:Storage Directory /workdir/hadoop-ozone/integration-test/target/test-dir/MiniOzoneClusterImpl-8284007a-d704-4ed0-a0ee-bee753f20599/datanode-1/data/ratis/07bedd85-7e12-4a51-85ed-a127a8b5169c
2019-10-10 12:40:31,594 [pool-439-thread-1] INFO  server.RaftServerConfigKeys (ConfUtils.java:logGet(43)) - raft.server.log.purge.gap = 1000000 (custom)
2019-10-10 12:40:31,594 [pool-419-thread-1] INFO  server.RaftServerConfigKeys (ConfUtils.java:logGet(43)) - raft.server.log.queue.byte-limit = 2147483647 (custom)
2019-10-10 12:40:31,594 [pool-449-thread-1] INFO  server.RaftServerConfigKeys (ConfUtils.java:logGet(43)) - raft.server.log.purge.gap = 1000000 (custom)
2019-10-10 12:40:31,595 [pool-419-thread-1] INFO  server.RaftServerConfigKeys (ConfUtils.java:logGet(43)) - raft.server.log.queue.element-limit = 1024 (custom)
2019-10-10 12:40:31,595 [pool-439-thread-1] INFO  server.RaftServerConfigKeys (ConfUtils.java:logGet(43)) - raft.server.log.appender.buffer.byte-limit = 33554432 (custom)
2019-10-10 12:40:31,595 [pool-419-thread-1] INFO  server.RaftServerConfigKeys (ConfUtils.java:logGet(43)) - raft.server.log.segment.size.max = 1048576 (custom)
2019-10-10 12:40:31,595 [pool-449-thread-1] INFO  server.RaftServerConfigKeys (ConfUtils.java:logGet(43)) - raft.server.log.appender.buffer.byte-limit = 33554432 (custom)
2019-10-10 12:40:31,595 [pool-419-thread-1] INFO  server.RaftServerConfigKeys (ConfUtils.java:logGet(43)) - raft.server.log.preallocated.size = 16384 (custom)
2019-10-10 12:40:31,595 [pool-439-thread-1] INFO  server.RaftServerConfigKeys (ConfUtils.java:logGet(43)) - raft.server.log.segment.size.max = 1048576 (custom)
2019-10-10 12:40:31,596 [pool-419-thread-1] INFO  server.RaftServerConfigKeys (ConfUtils.java:logGet(43)) - raft.server.log.write.buffer.size = 33554432 (custom)
2019-10-10 12:40:31,596 [pool-419-thread-1] INFO  server.RaftServerConfigKeys (ConfUtils.java:logGet(43)) - raft.server.log.force.sync.num = 128 (default)
2019-10-10 12:40:31,596 [pool-449-thread-1] INFO  server.RaftServerConfigKeys (ConfUtils.java:logGet(43)) - raft.server.log.segment.size.max = 1048576 (custom)
2019-10-10 12:40:31,596 [pool-419-thread-1] INFO  server.RaftServerConfigKeys (ConfUtils.java:logGet(43)) - raft.server.log.statemachine.data.sync = true (default)
2019-10-10 12:40:31,596 [pool-439-thread-1] INFO  server.RaftServerConfigKeys (ConfUtils.java:logGet(43)) - raft.server.log.segment.cache.num.max = 2 (custom)
2019-10-10 12:40:31,596 [pool-419-thread-1] INFO  server.RaftServerConfigKeys (ConfUtils.java:logGet(43)) - raft.server.log.statemachine.data.sync.timeout = 10s (default)
2019-10-10 12:40:31,596 [pool-449-thread-1] INFO  server.RaftServerConfigKeys (ConfUtils.java:logGet(43)) - raft.server.log.segment.cache.num.max = 2 (custom)
2019-10-10 12:40:31,597 [pool-419-thread-1] INFO  server.RaftServerConfigKeys (ConfUtils.java:logGet(43)) - raft.server.log.statemachine.data.sync.timeout.retry = -1 (default)
2019-10-10 12:40:31,597 [pool-439-thread-1] INFO  segmented.SegmentedRaftLogWorker (SegmentedRaftLogWorker.java:<init>(172)) - new 6f85b482-1ee3-41f8-b799-7ee315fa3ee8@group-A127A8B5169C-SegmentedRaftLogWorker for RaftStorage:Storage Directory /workdir/hadoop-ozone/integration-test/target/test-dir/MiniOzoneClusterImpl-8284007a-d704-4ed0-a0ee-bee753f20599/datanode-3/data/ratis/07bedd85-7e12-4a51-85ed-a127a8b5169c
2019-10-10 12:40:31,597 [pool-419-thread-1] INFO  server.RaftServerConfigKeys (ConfUtils.java:logGet(43)) - raft.server.log.statemachine.data.caching.enabled = true (custom)
2019-10-10 12:40:31,597 [pool-449-thread-1] INFO  segmented.SegmentedRaftLogWorker (SegmentedRaftLogWorker.java:<init>(172)) - new 31dbcda4-c74c-4dfb-b27d-abb192246f85@group-A127A8B5169C-SegmentedRaftLogWorker for RaftStorage:Storage Directory /workdir/hadoop-ozone/integration-test/target/test-dir/MiniOzoneClusterImpl-8284007a-d704-4ed0-a0ee-bee753f20599/datanode-4/data/ratis/07bedd85-7e12-4a51-85ed-a127a8b5169c
2019-10-10 12:40:31,598 [pool-419-thread-1] INFO  segmented.SegmentedRaftLogWorker (SegmentedRaftLogWorker.java:lambda$new$0(132)) - a5b85608-7f11-46ec-ae19-494ab54f3701@group-A127A8B5169C-SegmentedRaftLogWorker: flushIndex: setUnconditionally 0 -> -1
2019-10-10 12:40:31,597 [pool-439-thread-1] INFO  server.RaftServerConfigKeys (ConfUtils.java:logGet(43)) - raft.server.log.queue.byte-limit = 2147483647 (custom)
2019-10-10 12:40:31,598 [pool-419-thread-1] INFO  server.RaftServerConfigKeys (ConfUtils.java:logGet(43)) - raft.server.snapshot.auto.trigger.enabled = true (custom)
2019-10-10 12:40:31,598 [pool-449-thread-1] INFO  server.RaftServerConfigKeys (ConfUtils.java:logGet(43)) - raft.server.log.queue.byte-limit = 2147483647 (custom)
2019-10-10 12:40:31,598 [pool-419-thread-1] INFO  server.RaftServerConfigKeys (ConfUtils.java:logGet(43)) - raft.server.snapshot.auto.trigger.threshold = 10000 (custom)
2019-10-10 12:40:31,598 [pool-439-thread-1] INFO  server.RaftServerConfigKeys (ConfUtils.java:logGet(43)) - raft.server.log.queue.element-limit = 1024 (custom)
2019-10-10 12:40:31,598 [pool-419-thread-1] INFO  server.RaftServerConfigKeys (ConfUtils.java:logGet(43)) - raft.server.snapshot.retention.num.files = 5 (custom)
2019-10-10 12:40:31,598 [pool-449-thread-1] INFO  server.RaftServerConfigKeys (ConfUtils.java:logGet(43)) - raft.server.log.queue.element-limit = 1024 (custom)
2019-10-10 12:40:31,599 [pool-419-thread-1] INFO  server.RaftServerConfigKeys (ConfUtils.java:logGet(43)) - raft.server.retrycache.expirytime = 600000ms (custom)
2019-10-10 12:40:31,599 [pool-439-thread-1] INFO  server.RaftServerConfigKeys (ConfUtils.java:logGet(43)) - raft.server.log.segment.size.max = 1048576 (custom)
2019-10-10 12:40:31,599 [pool-449-thread-1] INFO  server.RaftServerConfigKeys (ConfUtils.java:logGet(43)) - raft.server.log.segment.size.max = 1048576 (custom)
2019-10-10 12:40:31,599 [pool-439-thread-1] INFO  server.RaftServerConfigKeys (ConfUtils.java:logGet(43)) - raft.server.log.preallocated.size = 16384 (custom)
2019-10-10 12:40:31,599 [pool-449-thread-1] INFO  server.RaftServerConfigKeys (ConfUtils.java:logGet(43)) - raft.server.log.preallocated.size = 16384 (custom)
2019-10-10 12:40:31,599 [pool-439-thread-1] INFO  server.RaftServerConfigKeys (ConfUtils.java:logGet(43)) - raft.server.log.write.buffer.size = 33554432 (custom)
2019-10-10 12:40:31,600 [pool-449-thread-1] INFO  server.RaftServerConfigKeys (ConfUtils.java:logGet(43)) - raft.server.log.write.buffer.size = 33554432 (custom)
2019-10-10 12:40:31,600 [pool-439-thread-1] INFO  server.RaftServerConfigKeys (ConfUtils.java:logGet(43)) - raft.server.log.force.sync.num = 128 (default)
2019-10-10 12:40:31,600 [pool-449-thread-1] INFO  server.RaftServerConfigKeys (ConfUtils.java:logGet(43)) - raft.server.log.force.sync.num = 128 (default)
2019-10-10 12:40:31,600 [pool-439-thread-1] INFO  server.RaftServerConfigKeys (ConfUtils.java:logGet(43)) - raft.server.log.statemachine.data.sync = true (default)
2019-10-10 12:40:31,600 [pool-449-thread-1] INFO  server.RaftServerConfigKeys (ConfUtils.java:logGet(43)) - raft.server.log.statemachine.data.sync = true (default)
2019-10-10 12:40:31,600 [pool-439-thread-1] INFO  server.RaftServerConfigKeys (ConfUtils.java:logGet(43)) - raft.server.log.statemachine.data.sync.timeout = 10s (default)
2019-10-10 12:40:31,600 [pool-449-thread-1] INFO  server.RaftServerConfigKeys (ConfUtils.java:logGet(43)) - raft.server.log.statemachine.data.sync.timeout = 10s (default)
2019-10-10 12:40:31,601 [pool-439-thread-1] INFO  server.RaftServerConfigKeys (ConfUtils.java:logGet(43)) - raft.server.log.statemachine.data.sync.timeout.retry = -1 (default)
2019-10-10 12:40:31,601 [pool-419-thread-1] INFO  impl.RaftServerImpl (RaftServerImpl.java:start(185)) - a5b85608-7f11-46ec-ae19-494ab54f3701@group-A127A8B5169C: start as a follower, conf=-1: [6f85b482-1ee3-41f8-b799-7ee315fa3ee8:192.168.5.143:44817, a5b85608-7f11-46ec-ae19-494ab54f3701:192.168.5.143:39887, 31dbcda4-c74c-4dfb-b27d-abb192246f85:192.168.5.143:46534], old=null
2019-10-10 12:40:31,601 [pool-449-thread-1] INFO  server.RaftServerConfigKeys (ConfUtils.java:logGet(43)) - raft.server.log.statemachine.data.sync.timeout.retry = -1 (default)
2019-10-10 12:40:31,601 [pool-419-thread-1] INFO  impl.RaftServerImpl (RaftServerImpl.java:setRole(174)) - a5b85608-7f11-46ec-ae19-494ab54f3701@group-A127A8B5169C: changes role from      null to FOLLOWER at term 0 for startAsFollower
2019-10-10 12:40:31,601 [pool-439-thread-1] INFO  server.RaftServerConfigKeys (ConfUtils.java:logGet(43)) - raft.server.log.statemachine.data.caching.enabled = true (custom)
2019-10-10 12:40:31,601 [pool-419-thread-1] INFO  impl.RoleInfo (RoleInfo.java:updateAndGet(143)) - a5b85608-7f11-46ec-ae19-494ab54f3701: start FollowerState
2019-10-10 12:40:31,602 [pool-439-thread-1] INFO  segmented.SegmentedRaftLogWorker (SegmentedRaftLogWorker.java:lambda$new$0(132)) - 6f85b482-1ee3-41f8-b799-7ee315fa3ee8@group-A127A8B5169C-SegmentedRaftLogWorker: flushIndex: setUnconditionally 0 -> -1
2019-10-10 12:40:31,601 [pool-449-thread-1] INFO  server.RaftServerConfigKeys (ConfUtils.java:logGet(43)) - raft.server.log.statemachine.data.caching.enabled = true (custom)
2019-10-10 12:40:31,602 [pool-439-thread-1] INFO  server.RaftServerConfigKeys (ConfUtils.java:logGet(43)) - raft.server.snapshot.auto.trigger.enabled = true (custom)
2019-10-10 12:40:31,602 [pool-419-thread-1] INFO  util.JmxRegister (JmxRegister.java:tryRegister(44)) - Successfully registered JMX Bean with object name Ratis:service=RaftServer,group=group-A127A8B5169C,id=a5b85608-7f11-46ec-ae19-494ab54f3701
2019-10-10 12:40:31,602 [pool-439-thread-1] INFO  server.RaftServerConfigKeys (ConfUtils.java:logGet(43)) - raft.server.snapshot.auto.trigger.threshold = 10000 (custom)
2019-10-10 12:40:31,602 [pool-449-thread-1] INFO  segmented.SegmentedRaftLogWorker (SegmentedRaftLogWorker.java:lambda$new$0(132)) - 31dbcda4-c74c-4dfb-b27d-abb192246f85@group-A127A8B5169C-SegmentedRaftLogWorker: flushIndex: setUnconditionally 0 -> -1
2019-10-10 12:40:31,602 [pool-439-thread-1] INFO  server.RaftServerConfigKeys (ConfUtils.java:logGet(43)) - raft.server.snapshot.retention.num.files = 5 (custom)
2019-10-10 12:40:31,603 [pool-449-thread-1] INFO  server.RaftServerConfigKeys (ConfUtils.java:logGet(43)) - raft.server.snapshot.auto.trigger.enabled = true (custom)
2019-10-10 12:40:31,603 [pool-439-thread-1] INFO  server.RaftServerConfigKeys (ConfUtils.java:logGet(43)) - raft.server.retrycache.expirytime = 600000ms (custom)
2019-10-10 12:40:31,603 [pool-449-thread-1] INFO  server.RaftServerConfigKeys (ConfUtils.java:logGet(43)) - raft.server.snapshot.auto.trigger.threshold = 10000 (custom)
2019-10-10 12:40:31,603 [pool-449-thread-1] INFO  server.RaftServerConfigKeys (ConfUtils.java:logGet(43)) - raft.server.snapshot.retention.num.files = 5 (custom)
2019-10-10 12:40:31,603 [pool-449-thread-1] INFO  server.RaftServerConfigKeys (ConfUtils.java:logGet(43)) - raft.server.retrycache.expirytime = 600000ms (custom)
2019-10-10 12:40:31,605 [pool-439-thread-1] INFO  impl.RaftServerImpl (RaftServerImpl.java:start(185)) - 6f85b482-1ee3-41f8-b799-7ee315fa3ee8@group-A127A8B5169C: start as a follower, conf=-1: [6f85b482-1ee3-41f8-b799-7ee315fa3ee8:192.168.5.143:44817, a5b85608-7f11-46ec-ae19-494ab54f3701:192.168.5.143:39887, 31dbcda4-c74c-4dfb-b27d-abb192246f85:192.168.5.143:46534], old=null
2019-10-10 12:40:31,605 [pool-439-thread-1] INFO  impl.RaftServerImpl (RaftServerImpl.java:setRole(174)) - 6f85b482-1ee3-41f8-b799-7ee315fa3ee8@group-A127A8B5169C: changes role from      null to FOLLOWER at term 0 for startAsFollower
2019-10-10 12:40:31,605 [pool-439-thread-1] INFO  impl.RoleInfo (RoleInfo.java:updateAndGet(143)) - 6f85b482-1ee3-41f8-b799-7ee315fa3ee8: start FollowerState
2019-10-10 12:40:31,606 [pool-449-thread-1] INFO  impl.RaftServerImpl (RaftServerImpl.java:start(185)) - 31dbcda4-c74c-4dfb-b27d-abb192246f85@group-A127A8B5169C: start as a follower, conf=-1: [6f85b482-1ee3-41f8-b799-7ee315fa3ee8:192.168.5.143:44817, a5b85608-7f11-46ec-ae19-494ab54f3701:192.168.5.143:39887, 31dbcda4-c74c-4dfb-b27d-abb192246f85:192.168.5.143:46534], old=null
2019-10-10 12:40:31,606 [pool-449-thread-1] INFO  impl.RaftServerImpl (RaftServerImpl.java:setRole(174)) - 31dbcda4-c74c-4dfb-b27d-abb192246f85@group-A127A8B5169C: changes role from      null to FOLLOWER at term 0 for startAsFollower
2019-10-10 12:40:31,606 [pool-439-thread-1] INFO  util.JmxRegister (JmxRegister.java:tryRegister(44)) - Successfully registered JMX Bean with object name Ratis:service=RaftServer,group=group-A127A8B5169C,id=6f85b482-1ee3-41f8-b799-7ee315fa3ee8
2019-10-10 12:40:31,606 [pool-449-thread-1] INFO  impl.RoleInfo (RoleInfo.java:updateAndGet(143)) - 31dbcda4-c74c-4dfb-b27d-abb192246f85: start FollowerState
2019-10-10 12:40:31,606 [pool-449-thread-1] INFO  util.JmxRegister (JmxRegister.java:tryRegister(44)) - Successfully registered JMX Bean with object name Ratis:service=RaftServer,group=group-A127A8B5169C,id=31dbcda4-c74c-4dfb-b27d-abb192246f85
2019-10-10 12:40:31,608 [RatisPipelineUtilsThread] INFO  pipeline.PipelineStateManager (PipelineStateManager.java:addPipeline(56)) - Created pipeline Pipeline[ Id: 07bedd85-7e12-4a51-85ed-a127a8b5169c, Nodes: 6f85b482-1ee3-41f8-b799-7ee315fa3ee8{ip: 192.168.5.143, host: pr-hdds-1569-9zzhf-258611273, networkLocation: /default-rack, certSerialId: null}31dbcda4-c74c-4dfb-b27d-abb192246f85{ip: 192.168.5.143, host: pr-hdds-1569-9zzhf-258611273, networkLocation: /default-rack, certSerialId: null}a5b85608-7f11-46ec-ae19-494ab54f3701{ip: 192.168.5.143, host: pr-hdds-1569-9zzhf-258611273, networkLocation: /default-rack, certSerialId: null}, Type:RATIS, Factor:THREE, State:OPEN]
2019-10-10 12:40:31,627 [grpc-default-executor-48] INFO  impl.RaftServerProxy (RaftServerProxy.java:addNew(89)) - a5b85608-7f11-46ec-ae19-494ab54f3701: addNew group-4F22982D157D:[6f85b482-1ee3-41f8-b799-7ee315fa3ee8:192.168.5.143:44817, a5b85608-7f11-46ec-ae19-494ab54f3701:192.168.5.143:39887, 31dbcda4-c74c-4dfb-b27d-abb192246f85:192.168.5.143:46534] returns group-4F22982D157D:java.util.concurrent.CompletableFuture@e457124[Not completed]
2019-10-10 12:40:31,627 [grpc-default-executor-45] INFO  impl.RaftServerProxy (RaftServerProxy.java:addNew(89)) - 31dbcda4-c74c-4dfb-b27d-abb192246f85: addNew group-4F22982D157D:[6f85b482-1ee3-41f8-b799-7ee315fa3ee8:192.168.5.143:44817, a5b85608-7f11-46ec-ae19-494ab54f3701:192.168.5.143:39887, 31dbcda4-c74c-4dfb-b27d-abb192246f85:192.168.5.143:46534] returns group-4F22982D157D:java.util.concurrent.CompletableFuture@b9d60c7[Not completed]
2019-10-10 12:40:31,627 [grpc-default-executor-42] INFO  impl.RaftServerProxy (RaftServerProxy.java:addNew(89)) - 6f85b482-1ee3-41f8-b799-7ee315fa3ee8: addNew group-4F22982D157D:[6f85b482-1ee3-41f8-b799-7ee315fa3ee8:192.168.5.143:44817, a5b85608-7f11-46ec-ae19-494ab54f3701:192.168.5.143:39887, 31dbcda4-c74c-4dfb-b27d-abb192246f85:192.168.5.143:46534] returns group-4F22982D157D:java.util.concurrent.CompletableFuture@7038211c[Not completed]
2019-10-10 12:40:31,628 [pool-449-thread-1] INFO  impl.RaftServerImpl (RaftServerImpl.java:<init>(95)) - 31dbcda4-c74c-4dfb-b27d-abb192246f85: new RaftServerImpl for group-4F22982D157D:[6f85b482-1ee3-41f8-b799-7ee315fa3ee8:192.168.5.143:44817, a5b85608-7f11-46ec-ae19-494ab54f3701:192.168.5.143:39887, 31dbcda4-c74c-4dfb-b27d-abb192246f85:192.168.5.143:46534] with ContainerStateMachine:uninitialized
2019-10-10 12:40:31,628 [pool-449-thread-1] INFO  server.RaftServerConfigKeys (ConfUtils.java:logGet(43)) - raft.server.rpc.timeout.min = 5s (custom)
2019-10-10 12:40:31,628 [pool-449-thread-1] INFO  server.RaftServerConfigKeys (ConfUtils.java:logGet(43)) - raft.server.rpc.timeout.max = 5200ms (custom)
2019-10-10 12:40:31,628 [pool-419-thread-1] INFO  impl.RaftServerImpl (RaftServerImpl.java:<init>(95)) - a5b85608-7f11-46ec-ae19-494ab54f3701: new RaftServerImpl for group-4F22982D157D:[6f85b482-1ee3-41f8-b799-7ee315fa3ee8:192.168.5.143:44817, a5b85608-7f11-46ec-ae19-494ab54f3701:192.168.5.143:39887, 31dbcda4-c74c-4dfb-b27d-abb192246f85:192.168.5.143:46534] with ContainerStateMachine:uninitialized
2019-10-10 12:40:31,628 [pool-449-thread-1] INFO  server.RaftServerConfigKeys (ConfUtils.java:logGet(43)) - raft.server.rpcslowness.timeout = 120s (custom)
2019-10-10 12:40:31,628 [pool-419-thread-1] INFO  server.RaftServerConfigKeys (ConfUtils.java:logGet(43)) - raft.server.rpc.timeout.min = 5s (custom)
2019-10-10 12:40:31,629 [pool-439-thread-1] INFO  impl.RaftServerImpl (RaftServerImpl.java:<init>(95)) - 6f85b482-1ee3-41f8-b799-7ee315fa3ee8: new RaftServerImpl for group-4F22982D157D:[6f85b482-1ee3-41f8-b799-7ee315fa3ee8:192.168.5.143:44817, a5b85608-7f11-46ec-ae19-494ab54f3701:192.168.5.143:39887, 31dbcda4-c74c-4dfb-b27d-abb192246f85:192.168.5.143:46534] with ContainerStateMachine:uninitialized
2019-10-10 12:40:31,629 [pool-449-thread-1] INFO  server.RaftServerConfigKeys (ConfUtils.java:logGet(43)) - raft.server.sleep.deviation.threshold = 300 (default)
2019-10-10 12:40:31,629 [pool-439-thread-1] INFO  server.RaftServerConfigKeys (ConfUtils.java:logGet(43)) - raft.server.rpc.timeout.min = 5s (custom)
2019-10-10 12:40:31,629 [pool-419-thread-1] INFO  server.RaftServerConfigKeys (ConfUtils.java:logGet(43)) - raft.server.rpc.timeout.max = 5200ms (custom)
2019-10-10 12:40:31,629 [pool-439-thread-1] INFO  server.RaftServerConfigKeys (ConfUtils.java:logGet(43)) - raft.server.rpc.timeout.max = 5200ms (custom)
2019-10-10 12:40:31,629 [pool-449-thread-1] INFO  server.RaftServerConfigKeys (ConfUtils.java:logGet(43)) - raft.server.log.appender.install.snapshot.enabled = false (custom)
2019-10-10 12:40:31,629 [pool-439-thread-1] INFO  server.RaftServerConfigKeys (ConfUtils.java:logGet(43)) - raft.server.rpcslowness.timeout = 120s (custom)
2019-10-10 12:40:31,629 [pool-419-thread-1] INFO  server.RaftServerConfigKeys (ConfUtils.java:logGet(43)) - raft.server.rpcslowness.timeout = 120s (custom)
2019-10-10 12:40:31,630 [pool-439-thread-1] INFO  server.RaftServerConfigKeys (ConfUtils.java:logGet(43)) - raft.server.sleep.deviation.threshold = 300 (default)
2019-10-10 12:40:31,629 [pool-449-thread-1] INFO  impl.RaftServerImpl (ServerState.java:<init>(103)) - 31dbcda4-c74c-4dfb-b27d-abb192246f85@group-4F22982D157D: ConfigurationManager, init=-1: [6f85b482-1ee3-41f8-b799-7ee315fa3ee8:192.168.5.143:44817, a5b85608-7f11-46ec-ae19-494ab54f3701:192.168.5.143:39887, 31dbcda4-c74c-4dfb-b27d-abb192246f85:192.168.5.143:46534], old=null, confs=<EMPTY_MAP>
2019-10-10 12:40:31,630 [pool-439-thread-1] INFO  server.RaftServerConfigKeys (ConfUtils.java:logGet(43)) - raft.server.log.appender.install.snapshot.enabled = false (custom)
2019-10-10 12:40:31,630 [pool-419-thread-1] INFO  server.RaftServerConfigKeys (ConfUtils.java:logGet(43)) - raft.server.sleep.deviation.threshold = 300 (default)
2019-10-10 12:40:31,630 [pool-439-thread-1] INFO  impl.RaftServerImpl (ServerState.java:<init>(103)) - 6f85b482-1ee3-41f8-b799-7ee315fa3ee8@group-4F22982D157D: ConfigurationManager, init=-1: [6f85b482-1ee3-41f8-b799-7ee315fa3ee8:192.168.5.143:44817, a5b85608-7f11-46ec-ae19-494ab54f3701:192.168.5.143:39887, 31dbcda4-c74c-4dfb-b27d-abb192246f85:192.168.5.143:46534], old=null, confs=<EMPTY_MAP>
2019-10-10 12:40:31,630 [pool-449-thread-1] INFO  server.RaftServerConfigKeys (ConfUtils.java:logGet(43)) - raft.server.storage.dir = [/workdir/hadoop-ozone/integration-test/target/test-dir/MiniOzoneClusterImpl-8284007a-d704-4ed0-a0ee-bee753f20599/datanode-4/data/ratis] (custom)
2019-10-10 12:40:31,630 [pool-439-thread-1] INFO  server.RaftServerConfigKeys (ConfUtils.java:logGet(43)) - raft.server.storage.dir = [/workdir/hadoop-ozone/integration-test/target/test-dir/MiniOzoneClusterImpl-8284007a-d704-4ed0-a0ee-bee753f20599/datanode-3/data/ratis] (custom)
2019-10-10 12:40:31,630 [pool-419-thread-1] INFO  server.RaftServerConfigKeys (ConfUtils.java:logGet(43)) - raft.server.log.appender.install.snapshot.enabled = false (custom)
2019-10-10 12:40:31,631 [pool-449-thread-1] INFO  storage.RaftStorageDirectory (RaftStorageDirectory.java:analyzeStorage(246)) - The storage directory /workdir/hadoop-ozone/integration-test/target/test-dir/MiniOzoneClusterImpl-8284007a-d704-4ed0-a0ee-bee753f20599/datanode-4/data/ratis/d7591851-0f88-4484-9f96-4f22982d157d does not exist. Creating ...
2019-10-10 12:40:31,631 [pool-439-thread-1] INFO  storage.RaftStorageDirectory (RaftStorageDirectory.java:analyzeStorage(246)) - The storage directory /workdir/hadoop-ozone/integration-test/target/test-dir/MiniOzoneClusterImpl-8284007a-d704-4ed0-a0ee-bee753f20599/datanode-3/data/ratis/d7591851-0f88-4484-9f96-4f22982d157d does not exist. Creating ...
2019-10-10 12:40:31,631 [pool-419-thread-1] INFO  impl.RaftServerImpl (ServerState.java:<init>(103)) - a5b85608-7f11-46ec-ae19-494ab54f3701@group-4F22982D157D: ConfigurationManager, init=-1: [6f85b482-1ee3-41f8-b799-7ee315fa3ee8:192.168.5.143:44817, a5b85608-7f11-46ec-ae19-494ab54f3701:192.168.5.143:39887, 31dbcda4-c74c-4dfb-b27d-abb192246f85:192.168.5.143:46534], old=null, confs=<EMPTY_MAP>
2019-10-10 12:40:31,631 [pool-419-thread-1] INFO  server.RaftServerConfigKeys (ConfUtils.java:logGet(43)) - raft.server.storage.dir = [/workdir/hadoop-ozone/integration-test/target/test-dir/MiniOzoneClusterImpl-8284007a-d704-4ed0-a0ee-bee753f20599/datanode-1/data/ratis] (custom)
2019-10-10 12:40:31,631 [pool-419-thread-1] INFO  storage.RaftStorageDirectory (RaftStorageDirectory.java:analyzeStorage(246)) - The storage directory /workdir/hadoop-ozone/integration-test/target/test-dir/MiniOzoneClusterImpl-8284007a-d704-4ed0-a0ee-bee753f20599/datanode-1/data/ratis/d7591851-0f88-4484-9f96-4f22982d157d does not exist. Creating ...
2019-10-10 12:40:31,655 [pool-419-thread-1] INFO  storage.RaftStorageDirectory (RaftStorageDirectory.java:tryLock(328)) - Lock on /workdir/hadoop-ozone/integration-test/target/test-dir/MiniOzoneClusterImpl-8284007a-d704-4ed0-a0ee-bee753f20599/datanode-1/data/ratis/d7591851-0f88-4484-9f96-4f22982d157d/in_use.lock acquired by nodename 29031@pr-hdds-1569-9zzhf-258611273
2019-10-10 12:40:31,656 [pool-439-thread-1] INFO  storage.RaftStorageDirectory (RaftStorageDirectory.java:tryLock(328)) - Lock on /workdir/hadoop-ozone/integration-test/target/test-dir/MiniOzoneClusterImpl-8284007a-d704-4ed0-a0ee-bee753f20599/datanode-3/data/ratis/d7591851-0f88-4484-9f96-4f22982d157d/in_use.lock acquired by nodename 29031@pr-hdds-1569-9zzhf-258611273
2019-10-10 12:40:31,656 [pool-449-thread-1] INFO  storage.RaftStorageDirectory (RaftStorageDirectory.java:tryLock(328)) - Lock on /workdir/hadoop-ozone/integration-test/target/test-dir/MiniOzoneClusterImpl-8284007a-d704-4ed0-a0ee-bee753f20599/datanode-4/data/ratis/d7591851-0f88-4484-9f96-4f22982d157d/in_use.lock acquired by nodename 29031@pr-hdds-1569-9zzhf-258611273
2019-10-10 12:40:31,681 [pool-439-thread-1] INFO  storage.RaftStorage (RaftStorage.java:format(72)) - Storage directory /workdir/hadoop-ozone/integration-test/target/test-dir/MiniOzoneClusterImpl-8284007a-d704-4ed0-a0ee-bee753f20599/datanode-3/data/ratis/d7591851-0f88-4484-9f96-4f22982d157d has been successfully formatted.
2019-10-10 12:40:31,681 [pool-449-thread-1] INFO  storage.RaftStorage (RaftStorage.java:format(72)) - Storage directory /workdir/hadoop-ozone/integration-test/target/test-dir/MiniOzoneClusterImpl-8284007a-d704-4ed0-a0ee-bee753f20599/datanode-4/data/ratis/d7591851-0f88-4484-9f96-4f22982d157d has been successfully formatted.
2019-10-10 12:40:31,681 [pool-419-thread-1] INFO  storage.RaftStorage (RaftStorage.java:format(72)) - Storage directory /workdir/hadoop-ozone/integration-test/target/test-dir/MiniOzoneClusterImpl-8284007a-d704-4ed0-a0ee-bee753f20599/datanode-1/data/ratis/d7591851-0f88-4484-9f96-4f22982d157d has been successfully formatted.
2019-10-10 12:40:31,682 [pool-449-thread-1] INFO  ratis.ContainerStateMachine (ContainerStateMachine.java:loadSnapshot(230)) - group-4F22982D157D: The snapshot info is null. Setting the last applied indexto:(t:0, i:~)
2019-10-10 12:40:31,681 [pool-439-thread-1] INFO  ratis.ContainerStateMachine (ContainerStateMachine.java:loadSnapshot(230)) - group-4F22982D157D: The snapshot info is null. Setting the last applied indexto:(t:0, i:~)
2019-10-10 12:40:31,682 [pool-449-thread-1] INFO  server.RaftServerConfigKeys (ConfUtils.java:logGet(43)) - raft.server.notification.no-leader.timeout = 120s (custom)
2019-10-10 12:40:31,682 [pool-419-thread-1] INFO  ratis.ContainerStateMachine (ContainerStateMachine.java:loadSnapshot(230)) - group-4F22982D157D: The snapshot info is null. Setting the last applied indexto:(t:0, i:~)
2019-10-10 12:40:31,682 [pool-449-thread-1] INFO  server.RaftServerConfigKeys (ConfUtils.java:logGet(43)) - raft.server.log.use.memory = false (default)
2019-10-10 12:40:31,682 [pool-439-thread-1] INFO  server.RaftServerConfigKeys (ConfUtils.java:logGet(43)) - raft.server.notification.no-leader.timeout = 120s (custom)
2019-10-10 12:40:31,683 [pool-449-thread-1] INFO  server.RaftServerConfigKeys (ConfUtils.java:logGet(43)) - raft.server.log.purge.gap = 1000000 (custom)
2019-10-10 12:40:31,682 [pool-419-thread-1] INFO  server.RaftServerConfigKeys (ConfUtils.java:logGet(43)) - raft.server.notification.no-leader.timeout = 120s (custom)
2019-10-10 12:40:31,683 [pool-449-thread-1] INFO  server.RaftServerConfigKeys (ConfUtils.java:logGet(43)) - raft.server.log.appender.buffer.byte-limit = 33554432 (custom)
2019-10-10 12:40:31,683 [pool-439-thread-1] INFO  server.RaftServerConfigKeys (ConfUtils.java:logGet(43)) - raft.server.log.use.memory = false (default)
2019-10-10 12:40:31,683 [pool-449-thread-1] INFO  server.RaftServerConfigKeys (ConfUtils.java:logGet(43)) - raft.server.log.segment.size.max = 1048576 (custom)
2019-10-10 12:40:31,683 [pool-449-thread-1] INFO  server.RaftServerConfigKeys (ConfUtils.java:logGet(43)) - raft.server.log.segment.cache.num.max = 2 (custom)
2019-10-10 12:40:31,683 [pool-419-thread-1] INFO  server.RaftServerConfigKeys (ConfUtils.java:logGet(43)) - raft.server.log.use.memory = false (default)
2019-10-10 12:40:31,684 [pool-449-thread-1] INFO  segmented.SegmentedRaftLogWorker (SegmentedRaftLogWorker.java:<init>(172)) - new 31dbcda4-c74c-4dfb-b27d-abb192246f85@group-4F22982D157D-SegmentedRaftLogWorker for RaftStorage:Storage Directory /workdir/hadoop-ozone/integration-test/target/test-dir/MiniOzoneClusterImpl-8284007a-d704-4ed0-a0ee-bee753f20599/datanode-4/data/ratis/d7591851-0f88-4484-9f96-4f22982d157d
2019-10-10 12:40:31,684 [pool-449-thread-1] INFO  server.RaftServerConfigKeys (ConfUtils.java:logGet(43)) - raft.server.log.queue.byte-limit = 2147483647 (custom)
2019-10-10 12:40:31,683 [pool-439-thread-1] INFO  server.RaftServerConfigKeys (ConfUtils.java:logGet(43)) - raft.server.log.purge.gap = 1000000 (custom)
2019-10-10 12:40:31,684 [pool-449-thread-1] INFO  server.RaftServerConfigKeys (ConfUtils.java:logGet(43)) - raft.server.log.queue.element-limit = 1024 (custom)
2019-10-10 12:40:31,684 [pool-419-thread-1] INFO  server.RaftServerConfigKeys (ConfUtils.java:logGet(43)) - raft.server.log.purge.gap = 1000000 (custom)
2019-10-10 12:40:31,685 [pool-449-thread-1] INFO  server.RaftServerConfigKeys (ConfUtils.java:logGet(43)) - raft.server.log.segment.size.max = 1048576 (custom)
2019-10-10 12:40:31,684 [pool-439-thread-1] INFO  server.RaftServerConfigKeys (ConfUtils.java:logGet(43)) - raft.server.log.appender.buffer.byte-limit = 33554432 (custom)
2019-10-10 12:40:31,685 [pool-449-thread-1] INFO  server.RaftServerConfigKeys (ConfUtils.java:logGet(43)) - raft.server.log.preallocated.size = 16384 (custom)
2019-10-10 12:40:31,685 [pool-419-thread-1] INFO  server.RaftServerConfigKeys (ConfUtils.java:logGet(43)) - raft.server.log.appender.buffer.byte-limit = 33554432 (custom)
2019-10-10 12:40:31,685 [pool-449-thread-1] INFO  server.RaftServerConfigKeys (ConfUtils.java:logGet(43)) - raft.server.log.write.buffer.size = 33554432 (custom)
2019-10-10 12:40:31,686 [pool-449-thread-1] INFO  server.RaftServerConfigKeys (ConfUtils.java:logGet(43)) - raft.server.log.force.sync.num = 128 (default)
2019-10-10 12:40:31,685 [pool-439-thread-1] INFO  server.RaftServerConfigKeys (ConfUtils.java:logGet(43)) - raft.server.log.segment.size.max = 1048576 (custom)
2019-10-10 12:40:31,686 [pool-449-thread-1] INFO  server.RaftServerConfigKeys (ConfUtils.java:logGet(43)) - raft.server.log.statemachine.data.sync = true (default)
2019-10-10 12:40:31,686 [pool-449-thread-1] INFO  server.RaftServerConfigKeys (ConfUtils.java:logGet(43)) - raft.server.log.statemachine.data.sync.timeout = 10s (default)
2019-10-10 12:40:31,685 [pool-419-thread-1] INFO  server.RaftServerConfigKeys (ConfUtils.java:logGet(43)) - raft.server.log.segment.size.max = 1048576 (custom)
2019-10-10 12:40:31,686 [pool-449-thread-1] INFO  server.RaftServerConfigKeys (ConfUtils.java:logGet(43)) - raft.server.log.statemachine.data.sync.timeout.retry = -1 (default)
2019-10-10 12:40:31,686 [pool-439-thread-1] INFO  server.RaftServerConfigKeys (ConfUtils.java:logGet(43)) - raft.server.log.segment.cache.num.max = 2 (custom)
2019-10-10 12:40:31,687 [pool-449-thread-1] INFO  server.RaftServerConfigKeys (ConfUtils.java:logGet(43)) - raft.server.log.statemachine.data.caching.enabled = true (custom)
2019-10-10 12:40:31,686 [pool-419-thread-1] INFO  server.RaftServerConfigKeys (ConfUtils.java:logGet(43)) - raft.server.log.segment.cache.num.max = 2 (custom)
2019-10-10 12:40:31,687 [pool-449-thread-1] INFO  segmented.SegmentedRaftLogWorker (SegmentedRaftLogWorker.java:lambda$new$0(132)) - 31dbcda4-c74c-4dfb-b27d-abb192246f85@group-4F22982D157D-SegmentedRaftLogWorker: flushIndex: setUnconditionally 0 -> -1
2019-10-10 12:40:31,687 [pool-439-thread-1] INFO  segmented.SegmentedRaftLogWorker (SegmentedRaftLogWorker.java:<init>(172)) - new 6f85b482-1ee3-41f8-b799-7ee315fa3ee8@group-4F22982D157D-SegmentedRaftLogWorker for RaftStorage:Storage Directory /workdir/hadoop-ozone/integration-test/target/test-dir/MiniOzoneClusterImpl-8284007a-d704-4ed0-a0ee-bee753f20599/datanode-3/data/ratis/d7591851-0f88-4484-9f96-4f22982d157d
2019-10-10 12:40:31,687 [pool-419-thread-1] INFO  segmented.SegmentedRaftLogWorker (SegmentedRaftLogWorker.java:<init>(172)) - new a5b85608-7f11-46ec-ae19-494ab54f3701@group-4F22982D157D-SegmentedRaftLogWorker for RaftStorage:Storage Directory /workdir/hadoop-ozone/integration-test/target/test-dir/MiniOzoneClusterImpl-8284007a-d704-4ed0-a0ee-bee753f20599/datanode-1/data/ratis/d7591851-0f88-4484-9f96-4f22982d157d
2019-10-10 12:40:31,688 [pool-449-thread-1] INFO  server.RaftServerConfigKeys (ConfUtils.java:logGet(43)) - raft.server.snapshot.auto.trigger.enabled = true (custom)
2019-10-10 12:40:31,688 [pool-439-thread-1] INFO  server.RaftServerConfigKeys (ConfUtils.java:logGet(43)) - raft.server.log.queue.byte-limit = 2147483647 (custom)
2019-10-10 12:40:31,688 [pool-449-thread-1] INFO  server.RaftServerConfigKeys (ConfUtils.java:logGet(43)) - raft.server.snapshot.auto.trigger.threshold = 10000 (custom)
2019-10-10 12:40:31,688 [pool-419-thread-1] INFO  server.RaftServerConfigKeys (ConfUtils.java:logGet(43)) - raft.server.log.queue.byte-limit = 2147483647 (custom)
2019-10-10 12:40:31,688 [pool-449-thread-1] INFO  server.RaftServerConfigKeys (ConfUtils.java:logGet(43)) - raft.server.snapshot.retention.num.files = 5 (custom)
2019-10-10 12:40:31,688 [pool-439-thread-1] INFO  server.RaftServerConfigKeys (ConfUtils.java:logGet(43)) - raft.server.log.queue.element-limit = 1024 (custom)
2019-10-10 12:40:31,689 [pool-449-thread-1] INFO  server.RaftServerConfigKeys (ConfUtils.java:logGet(43)) - raft.server.retrycache.expirytime = 600000ms (custom)
2019-10-10 12:40:31,688 [pool-419-thread-1] INFO  server.RaftServerConfigKeys (ConfUtils.java:logGet(43)) - raft.server.log.queue.element-limit = 1024 (custom)
2019-10-10 12:40:31,689 [pool-439-thread-1] INFO  server.RaftServerConfigKeys (ConfUtils.java:logGet(43)) - raft.server.log.segment.size.max = 1048576 (custom)
2019-10-10 12:40:31,689 [pool-419-thread-1] INFO  server.RaftServerConfigKeys (ConfUtils.java:logGet(43)) - raft.server.log.segment.size.max = 1048576 (custom)
2019-10-10 12:40:31,689 [pool-439-thread-1] INFO  server.RaftServerConfigKeys (ConfUtils.java:logGet(43)) - raft.server.log.preallocated.size = 16384 (custom)
2019-10-10 12:40:31,689 [pool-419-thread-1] INFO  server.RaftServerConfigKeys (ConfUtils.java:logGet(43)) - raft.server.log.preallocated.size = 16384 (custom)
2019-10-10 12:40:31,690 [pool-439-thread-1] INFO  server.RaftServerConfigKeys (ConfUtils.java:logGet(43)) - raft.server.log.write.buffer.size = 33554432 (custom)
2019-10-10 12:40:31,690 [pool-419-thread-1] INFO  server.RaftServerConfigKeys (ConfUtils.java:logGet(43)) - raft.server.log.write.buffer.size = 33554432 (custom)
2019-10-10 12:40:31,690 [pool-439-thread-1] INFO  server.RaftServerConfigKeys (ConfUtils.java:logGet(43)) - raft.server.log.force.sync.num = 128 (default)
2019-10-10 12:40:31,690 [pool-419-thread-1] INFO  server.RaftServerConfigKeys (ConfUtils.java:logGet(43)) - raft.server.log.force.sync.num = 128 (default)
2019-10-10 12:40:31,690 [pool-439-thread-1] INFO  server.RaftServerConfigKeys (ConfUtils.java:logGet(43)) - raft.server.log.statemachine.data.sync = true (default)
2019-10-10 12:40:31,690 [pool-419-thread-1] INFO  server.RaftServerConfigKeys (ConfUtils.java:logGet(43)) - raft.server.log.statemachine.data.sync = true (default)
2019-10-10 12:40:31,690 [pool-439-thread-1] INFO  server.RaftServerConfigKeys (ConfUtils.java:logGet(43)) - raft.server.log.statemachine.data.sync.timeout = 10s (default)
2019-10-10 12:40:31,691 [pool-449-thread-1] INFO  impl.RaftServerImpl (RaftServerImpl.java:start(185)) - 31dbcda4-c74c-4dfb-b27d-abb192246f85@group-4F22982D157D: start as a follower, conf=-1: [6f85b482-1ee3-41f8-b799-7ee315fa3ee8:192.168.5.143:44817, a5b85608-7f11-46ec-ae19-494ab54f3701:192.168.5.143:39887, 31dbcda4-c74c-4dfb-b27d-abb192246f85:192.168.5.143:46534], old=null
2019-10-10 12:40:31,691 [pool-419-thread-1] INFO  server.RaftServerConfigKeys (ConfUtils.java:logGet(43)) - raft.server.log.statemachine.data.sync.timeout = 10s (default)
2019-10-10 12:40:31,691 [pool-449-thread-1] INFO  impl.RaftServerImpl (RaftServerImpl.java:setRole(174)) - 31dbcda4-c74c-4dfb-b27d-abb192246f85@group-4F22982D157D: changes role from      null to FOLLOWER at term 0 for startAsFollower
2019-10-10 12:40:31,691 [pool-439-thread-1] INFO  server.RaftServerConfigKeys (ConfUtils.java:logGet(43)) - raft.server.log.statemachine.data.sync.timeout.retry = -1 (default)
2019-10-10 12:40:31,691 [pool-449-thread-1] INFO  impl.RoleInfo (RoleInfo.java:updateAndGet(143)) - 31dbcda4-c74c-4dfb-b27d-abb192246f85: start FollowerState
2019-10-10 12:40:31,691 [pool-419-thread-1] INFO  server.RaftServerConfigKeys (ConfUtils.java:logGet(43)) - raft.server.log.statemachine.data.sync.timeout.retry = -1 (default)
2019-10-10 12:40:31,691 [pool-439-thread-1] INFO  server.RaftServerConfigKeys (ConfUtils.java:logGet(43)) - raft.server.log.statemachine.data.caching.enabled = true (custom)
2019-10-10 12:40:31,692 [pool-449-thread-1] INFO  util.JmxRegister (JmxRegister.java:tryRegister(44)) - Successfully registered JMX Bean with object name Ratis:service=RaftServer,group=group-4F22982D157D,id=31dbcda4-c74c-4dfb-b27d-abb192246f85
2019-10-10 12:40:31,692 [pool-439-thread-1] INFO  segmented.SegmentedRaftLogWorker (SegmentedRaftLogWorker.java:lambda$new$0(132)) - 6f85b482-1ee3-41f8-b799-7ee315fa3ee8@group-4F22982D157D-SegmentedRaftLogWorker: flushIndex: setUnconditionally 0 -> -1
2019-10-10 12:40:31,692 [pool-419-thread-1] INFO  server.RaftServerConfigKeys (ConfUtils.java:logGet(43)) - raft.server.log.statemachine.data.caching.enabled = true (custom)
2019-10-10 12:40:31,692 [pool-439-thread-1] INFO  server.RaftServerConfigKeys (ConfUtils.java:logGet(43)) - raft.server.snapshot.auto.trigger.enabled = true (custom)
2019-10-10 12:40:31,692 [pool-419-thread-1] INFO  segmented.SegmentedRaftLogWorker (SegmentedRaftLogWorker.java:lambda$new$0(132)) - a5b85608-7f11-46ec-ae19-494ab54f3701@group-4F22982D157D-SegmentedRaftLogWorker: flushIndex: setUnconditionally 0 -> -1
2019-10-10 12:40:31,692 [pool-439-thread-1] INFO  server.RaftServerConfigKeys (ConfUtils.java:logGet(43)) - raft.server.snapshot.auto.trigger.threshold = 10000 (custom)
2019-10-10 12:40:31,693 [pool-439-thread-1] INFO  server.RaftServerConfigKeys (ConfUtils.java:logGet(43)) - raft.server.snapshot.retention.num.files = 5 (custom)
2019-10-10 12:40:31,693 [pool-419-thread-1] INFO  server.RaftServerConfigKeys (ConfUtils.java:logGet(43)) - raft.server.snapshot.auto.trigger.enabled = true (custom)
2019-10-10 12:40:31,693 [pool-439-thread-1] INFO  server.RaftServerConfigKeys (ConfUtils.java:logGet(43)) - raft.server.retrycache.expirytime = 600000ms (custom)
2019-10-10 12:40:31,693 [pool-419-thread-1] INFO  server.RaftServerConfigKeys (ConfUtils.java:logGet(43)) - raft.server.snapshot.auto.trigger.threshold = 10000 (custom)
2019-10-10 12:40:31,693 [pool-419-thread-1] INFO  server.RaftServerConfigKeys (ConfUtils.java:logGet(43)) - raft.server.snapshot.retention.num.files = 5 (custom)
2019-10-10 12:40:31,694 [pool-419-thread-1] INFO  server.RaftServerConfigKeys (ConfUtils.java:logGet(43)) - raft.server.retrycache.expirytime = 600000ms (custom)
2019-10-10 12:40:31,696 [pool-439-thread-1] INFO  impl.RaftServerImpl (RaftServerImpl.java:start(185)) - 6f85b482-1ee3-41f8-b799-7ee315fa3ee8@group-4F22982D157D: start as a follower, conf=-1: [6f85b482-1ee3-41f8-b799-7ee315fa3ee8:192.168.5.143:44817, a5b85608-7f11-46ec-ae19-494ab54f3701:192.168.5.143:39887, 31dbcda4-c74c-4dfb-b27d-abb192246f85:192.168.5.143:46534], old=null
2019-10-10 12:40:31,696 [pool-439-thread-1] INFO  impl.RaftServerImpl (RaftServerImpl.java:setRole(174)) - 6f85b482-1ee3-41f8-b799-7ee315fa3ee8@group-4F22982D157D: changes role from      null to FOLLOWER at term 0 for startAsFollower
2019-10-10 12:40:31,696 [pool-439-thread-1] INFO  impl.RoleInfo (RoleInfo.java:updateAndGet(143)) - 6f85b482-1ee3-41f8-b799-7ee315fa3ee8: start FollowerState
2019-10-10 12:40:31,696 [pool-419-thread-1] INFO  impl.RaftServerImpl (RaftServerImpl.java:start(185)) - a5b85608-7f11-46ec-ae19-494ab54f3701@group-4F22982D157D: start as a follower, conf=-1: [6f85b482-1ee3-41f8-b799-7ee315fa3ee8:192.168.5.143:44817, a5b85608-7f11-46ec-ae19-494ab54f3701:192.168.5.143:39887, 31dbcda4-c74c-4dfb-b27d-abb192246f85:192.168.5.143:46534], old=null
2019-10-10 12:40:31,696 [pool-419-thread-1] INFO  impl.RaftServerImpl (RaftServerImpl.java:setRole(174)) - a5b85608-7f11-46ec-ae19-494ab54f3701@group-4F22982D157D: changes role from      null to FOLLOWER at term 0 for startAsFollower
2019-10-10 12:40:31,696 [pool-439-thread-1] INFO  util.JmxRegister (JmxRegister.java:tryRegister(44)) - Successfully registered JMX Bean with object name Ratis:service=RaftServer,group=group-4F22982D157D,id=6f85b482-1ee3-41f8-b799-7ee315fa3ee8
2019-10-10 12:40:31,696 [pool-419-thread-1] INFO  impl.RoleInfo (RoleInfo.java:updateAndGet(143)) - a5b85608-7f11-46ec-ae19-494ab54f3701: start FollowerState
2019-10-10 12:40:31,697 [pool-419-thread-1] INFO  util.JmxRegister (JmxRegister.java:tryRegister(44)) - Successfully registered JMX Bean with object name Ratis:service=RaftServer,group=group-4F22982D157D,id=a5b85608-7f11-46ec-ae19-494ab54f3701
2019-10-10 12:40:31,699 [RatisPipelineUtilsThread] INFO  pipeline.PipelineStateManager (PipelineStateManager.java:addPipeline(56)) - Created pipeline Pipeline[ Id: d7591851-0f88-4484-9f96-4f22982d157d, Nodes: a5b85608-7f11-46ec-ae19-494ab54f3701{ip: 192.168.5.143, host: pr-hdds-1569-9zzhf-258611273, networkLocation: /default-rack, certSerialId: null}31dbcda4-c74c-4dfb-b27d-abb192246f85{ip: 192.168.5.143, host: pr-hdds-1569-9zzhf-258611273, networkLocation: /default-rack, certSerialId: null}6f85b482-1ee3-41f8-b799-7ee315fa3ee8{ip: 192.168.5.143, host: pr-hdds-1569-9zzhf-258611273, networkLocation: /default-rack, certSerialId: null}, Type:RATIS, Factor:THREE, State:OPEN]
2019-10-10 12:40:31,706 [grpc-default-executor-45] INFO  impl.RaftServerProxy (RaftServerProxy.java:addNew(89)) - 31dbcda4-c74c-4dfb-b27d-abb192246f85: addNew group-BA18EEAD7E37:[6f85b482-1ee3-41f8-b799-7ee315fa3ee8:192.168.5.143:44817, a5b85608-7f11-46ec-ae19-494ab54f3701:192.168.5.143:39887, 31dbcda4-c74c-4dfb-b27d-abb192246f85:192.168.5.143:46534] returns group-BA18EEAD7E37:java.util.concurrent.CompletableFuture@5e02afaa[Not completed]
2019-10-10 12:40:31,706 [grpc-default-executor-42] INFO  impl.RaftServerProxy (RaftServerProxy.java:addNew(89)) - 6f85b482-1ee3-41f8-b799-7ee315fa3ee8: addNew group-BA18EEAD7E37:[6f85b482-1ee3-41f8-b799-7ee315fa3ee8:192.168.5.143:44817, a5b85608-7f11-46ec-ae19-494ab54f3701:192.168.5.143:39887, 31dbcda4-c74c-4dfb-b27d-abb192246f85:192.168.5.143:46534] returns group-BA18EEAD7E37:java.util.concurrent.CompletableFuture@65ff68b3[Not completed]
2019-10-10 12:40:31,706 [grpc-default-executor-48] INFO  impl.RaftServerProxy (RaftServerProxy.java:addNew(89)) - a5b85608-7f11-46ec-ae19-494ab54f3701: addNew group-BA18EEAD7E37:[6f85b482-1ee3-41f8-b799-7ee315fa3ee8:192.168.5.143:44817, a5b85608-7f11-46ec-ae19-494ab54f3701:192.168.5.143:39887, 31dbcda4-c74c-4dfb-b27d-abb192246f85:192.168.5.143:46534] returns group-BA18EEAD7E37:java.util.concurrent.CompletableFuture@6e02590c[Not completed]
2019-10-10 12:40:31,707 [pool-449-thread-1] INFO  impl.RaftServerImpl (RaftServerImpl.java:<init>(95)) - 31dbcda4-c74c-4dfb-b27d-abb192246f85: new RaftServerImpl for group-BA18EEAD7E37:[6f85b482-1ee3-41f8-b799-7ee315fa3ee8:192.168.5.143:44817, a5b85608-7f11-46ec-ae19-494ab54f3701:192.168.5.143:39887, 31dbcda4-c74c-4dfb-b27d-abb192246f85:192.168.5.143:46534] with ContainerStateMachine:uninitialized
2019-10-10 12:40:31,707 [pool-449-thread-1] INFO  server.RaftServerConfigKeys (ConfUtils.java:logGet(43)) - raft.server.rpc.timeout.min = 5s (custom)
2019-10-10 12:40:31,707 [pool-449-thread-1] INFO  server.RaftServerConfigKeys (ConfUtils.java:logGet(43)) - raft.server.rpc.timeout.max = 5200ms (custom)
2019-10-10 12:40:31,707 [pool-449-thread-1] INFO  server.RaftServerConfigKeys (ConfUtils.java:logGet(43)) - raft.server.rpcslowness.timeout = 120s (custom)
2019-10-10 12:40:31,707 [pool-439-thread-1] INFO  impl.RaftServerImpl (RaftServerImpl.java:<init>(95)) - 6f85b482-1ee3-41f8-b799-7ee315fa3ee8: new RaftServerImpl for group-BA18EEAD7E37:[6f85b482-1ee3-41f8-b799-7ee315fa3ee8:192.168.5.143:44817, a5b85608-7f11-46ec-ae19-494ab54f3701:192.168.5.143:39887, 31dbcda4-c74c-4dfb-b27d-abb192246f85:192.168.5.143:46534] with ContainerStateMachine:uninitialized
2019-10-10 12:40:31,708 [pool-449-thread-1] INFO  server.RaftServerConfigKeys (ConfUtils.java:logGet(43)) - raft.server.sleep.deviation.threshold = 300 (default)
2019-10-10 12:40:31,708 [pool-439-thread-1] INFO  server.RaftServerConfigKeys (ConfUtils.java:logGet(43)) - raft.server.rpc.timeout.min = 5s (custom)
2019-10-10 12:40:31,708 [pool-449-thread-1] INFO  server.RaftServerConfigKeys (ConfUtils.java:logGet(43)) - raft.server.log.appender.install.snapshot.enabled = false (custom)
2019-10-10 12:40:31,708 [pool-419-thread-1] INFO  impl.RaftServerImpl (RaftServerImpl.java:<init>(95)) - a5b85608-7f11-46ec-ae19-494ab54f3701: new RaftServerImpl for group-BA18EEAD7E37:[6f85b482-1ee3-41f8-b799-7ee315fa3ee8:192.168.5.143:44817, a5b85608-7f11-46ec-ae19-494ab54f3701:192.168.5.143:39887, 31dbcda4-c74c-4dfb-b27d-abb192246f85:192.168.5.143:46534] with ContainerStateMachine:uninitialized
2019-10-10 12:40:31,708 [pool-439-thread-1] INFO  server.RaftServerConfigKeys (ConfUtils.java:logGet(43)) - raft.server.rpc.timeout.max = 5200ms (custom)
2019-10-10 12:40:31,708 [pool-419-thread-1] INFO  server.RaftServerConfigKeys (ConfUtils.java:logGet(43)) - raft.server.rpc.timeout.min = 5s (custom)
2019-10-10 12:40:31,708 [pool-449-thread-1] INFO  impl.RaftServerImpl (ServerState.java:<init>(103)) - 31dbcda4-c74c-4dfb-b27d-abb192246f85@group-BA18EEAD7E37: ConfigurationManager, init=-1: [6f85b482-1ee3-41f8-b799-7ee315fa3ee8:192.168.5.143:44817, a5b85608-7f11-46ec-ae19-494ab54f3701:192.168.5.143:39887, 31dbcda4-c74c-4dfb-b27d-abb192246f85:192.168.5.143:46534], old=null, confs=<EMPTY_MAP>
2019-10-10 12:40:31,708 [pool-419-thread-1] INFO  server.RaftServerConfigKeys (ConfUtils.java:logGet(43)) - raft.server.rpc.timeout.max = 5200ms (custom)
2019-10-10 12:40:31,708 [pool-439-thread-1] INFO  server.RaftServerConfigKeys (ConfUtils.java:logGet(43)) - raft.server.rpcslowness.timeout = 120s (custom)
2019-10-10 12:40:31,709 [pool-419-thread-1] INFO  server.RaftServerConfigKeys (ConfUtils.java:logGet(43)) - raft.server.rpcslowness.timeout = 120s (custom)
2019-10-10 12:40:31,709 [pool-449-thread-1] INFO  server.RaftServerConfigKeys (ConfUtils.java:logGet(43)) - raft.server.storage.dir = [/workdir/hadoop-ozone/integration-test/target/test-dir/MiniOzoneClusterImpl-8284007a-d704-4ed0-a0ee-bee753f20599/datanode-4/data/ratis] (custom)
2019-10-10 12:40:31,709 [pool-419-thread-1] INFO  server.RaftServerConfigKeys (ConfUtils.java:logGet(43)) - raft.server.sleep.deviation.threshold = 300 (default)
2019-10-10 12:40:31,709 [pool-439-thread-1] INFO  server.RaftServerConfigKeys (ConfUtils.java:logGet(43)) - raft.server.sleep.deviation.threshold = 300 (default)
2019-10-10 12:40:31,709 [pool-419-thread-1] INFO  server.RaftServerConfigKeys (ConfUtils.java:logGet(43)) - raft.server.log.appender.install.snapshot.enabled = false (custom)
2019-10-10 12:40:31,709 [pool-439-thread-1] INFO  server.RaftServerConfigKeys (ConfUtils.java:logGet(43)) - raft.server.log.appender.install.snapshot.enabled = false (custom)
2019-10-10 12:40:31,709 [pool-449-thread-1] INFO  storage.RaftStorageDirectory (RaftStorageDirectory.java:analyzeStorage(246)) - The storage directory /workdir/hadoop-ozone/integration-test/target/test-dir/MiniOzoneClusterImpl-8284007a-d704-4ed0-a0ee-bee753f20599/datanode-4/data/ratis/1fdfe419-dfc4-4c1c-9eae-ba18eead7e37 does not exist. Creating ...
2019-10-10 12:40:31,709 [pool-439-thread-1] INFO  impl.RaftServerImpl (ServerState.java:<init>(103)) - 6f85b482-1ee3-41f8-b799-7ee315fa3ee8@group-BA18EEAD7E37: ConfigurationManager, init=-1: [6f85b482-1ee3-41f8-b799-7ee315fa3ee8:192.168.5.143:44817, a5b85608-7f11-46ec-ae19-494ab54f3701:192.168.5.143:39887, 31dbcda4-c74c-4dfb-b27d-abb192246f85:192.168.5.143:46534], old=null, confs=<EMPTY_MAP>
2019-10-10 12:40:31,709 [pool-419-thread-1] INFO  impl.RaftServerImpl (ServerState.java:<init>(103)) - a5b85608-7f11-46ec-ae19-494ab54f3701@group-BA18EEAD7E37: ConfigurationManager, init=-1: [6f85b482-1ee3-41f8-b799-7ee315fa3ee8:192.168.5.143:44817, a5b85608-7f11-46ec-ae19-494ab54f3701:192.168.5.143:39887, 31dbcda4-c74c-4dfb-b27d-abb192246f85:192.168.5.143:46534], old=null, confs=<EMPTY_MAP>
2019-10-10 12:40:31,710 [pool-439-thread-1] INFO  server.RaftServerConfigKeys (ConfUtils.java:logGet(43)) - raft.server.storage.dir = [/workdir/hadoop-ozone/integration-test/target/test-dir/MiniOzoneClusterImpl-8284007a-d704-4ed0-a0ee-bee753f20599/datanode-3/data/ratis] (custom)
2019-10-10 12:40:31,710 [pool-419-thread-1] INFO  server.RaftServerConfigKeys (ConfUtils.java:logGet(43)) - raft.server.storage.dir = [/workdir/hadoop-ozone/integration-test/target/test-dir/MiniOzoneClusterImpl-8284007a-d704-4ed0-a0ee-bee753f20599/datanode-1/data/ratis] (custom)
2019-10-10 12:40:31,710 [pool-439-thread-1] INFO  storage.RaftStorageDirectory (RaftStorageDirectory.java:analyzeStorage(246)) - The storage directory /workdir/hadoop-ozone/integration-test/target/test-dir/MiniOzoneClusterImpl-8284007a-d704-4ed0-a0ee-bee753f20599/datanode-3/data/ratis/1fdfe419-dfc4-4c1c-9eae-ba18eead7e37 does not exist. Creating ...
2019-10-10 12:40:31,710 [pool-419-thread-1] INFO  storage.RaftStorageDirectory (RaftStorageDirectory.java:analyzeStorage(246)) - The storage directory /workdir/hadoop-ozone/integration-test/target/test-dir/MiniOzoneClusterImpl-8284007a-d704-4ed0-a0ee-bee753f20599/datanode-1/data/ratis/1fdfe419-dfc4-4c1c-9eae-ba18eead7e37 does not exist. Creating ...
2019-10-10 12:40:31,715 [pool-449-thread-1] INFO  storage.RaftStorageDirectory (RaftStorageDirectory.java:tryLock(328)) - Lock on /workdir/hadoop-ozone/integration-test/target/test-dir/MiniOzoneClusterImpl-8284007a-d704-4ed0-a0ee-bee753f20599/datanode-4/data/ratis/1fdfe419-dfc4-4c1c-9eae-ba18eead7e37/in_use.lock acquired by nodename 29031@pr-hdds-1569-9zzhf-258611273
2019-10-10 12:40:31,715 [pool-419-thread-1] INFO  storage.RaftStorageDirectory (RaftStorageDirectory.java:tryLock(328)) - Lock on /workdir/hadoop-ozone/integration-test/target/test-dir/MiniOzoneClusterImpl-8284007a-d704-4ed0-a0ee-bee753f20599/datanode-1/data/ratis/1fdfe419-dfc4-4c1c-9eae-ba18eead7e37/in_use.lock acquired by nodename 29031@pr-hdds-1569-9zzhf-258611273
2019-10-10 12:40:31,715 [pool-439-thread-1] INFO  storage.RaftStorageDirectory (RaftStorageDirectory.java:tryLock(328)) - Lock on /workdir/hadoop-ozone/integration-test/target/test-dir/MiniOzoneClusterImpl-8284007a-d704-4ed0-a0ee-bee753f20599/datanode-3/data/ratis/1fdfe419-dfc4-4c1c-9eae-ba18eead7e37/in_use.lock acquired by nodename 29031@pr-hdds-1569-9zzhf-258611273
2019-10-10 12:40:31,720 [pool-449-thread-1] INFO  storage.RaftStorage (RaftStorage.java:format(72)) - Storage directory /workdir/hadoop-ozone/integration-test/target/test-dir/MiniOzoneClusterImpl-8284007a-d704-4ed0-a0ee-bee753f20599/datanode-4/data/ratis/1fdfe419-dfc4-4c1c-9eae-ba18eead7e37 has been successfully formatted.
2019-10-10 12:40:31,720 [pool-419-thread-1] INFO  storage.RaftStorage (RaftStorage.java:format(72)) - Storage directory /workdir/hadoop-ozone/integration-test/target/test-dir/MiniOzoneClusterImpl-8284007a-d704-4ed0-a0ee-bee753f20599/datanode-1/data/ratis/1fdfe419-dfc4-4c1c-9eae-ba18eead7e37 has been successfully formatted.
2019-10-10 12:40:31,720 [pool-439-thread-1] INFO  storage.RaftStorage (RaftStorage.java:format(72)) - Storage directory /workdir/hadoop-ozone/integration-test/target/test-dir/MiniOzoneClusterImpl-8284007a-d704-4ed0-a0ee-bee753f20599/datanode-3/data/ratis/1fdfe419-dfc4-4c1c-9eae-ba18eead7e37 has been successfully formatted.
2019-10-10 12:40:31,720 [pool-419-thread-1] INFO  ratis.ContainerStateMachine (ContainerStateMachine.java:loadSnapshot(230)) - group-BA18EEAD7E37: The snapshot info is null. Setting the last applied indexto:(t:0, i:~)
2019-10-10 12:40:31,720 [pool-449-thread-1] INFO  ratis.ContainerStateMachine (ContainerStateMachine.java:loadSnapshot(230)) - group-BA18EEAD7E37: The snapshot info is null. Setting the last applied indexto:(t:0, i:~)
2019-10-10 12:40:31,721 [pool-419-thread-1] INFO  server.RaftServerConfigKeys (ConfUtils.java:logGet(43)) - raft.server.notification.no-leader.timeout = 120s (custom)
2019-10-10 12:40:31,720 [pool-439-thread-1] INFO  ratis.ContainerStateMachine (ContainerStateMachine.java:loadSnapshot(230)) - group-BA18EEAD7E37: The snapshot info is null. Setting the last applied indexto:(t:0, i:~)
2019-10-10 12:40:31,721 [pool-419-thread-1] INFO  server.RaftServerConfigKeys (ConfUtils.java:logGet(43)) - raft.server.log.use.memory = false (default)
2019-10-10 12:40:31,721 [pool-449-thread-1] INFO  server.RaftServerConfigKeys (ConfUtils.java:logGet(43)) - raft.server.notification.no-leader.timeout = 120s (custom)
2019-10-10 12:40:31,721 [pool-419-thread-1] INFO  server.RaftServerConfigKeys (ConfUtils.java:logGet(43)) - raft.server.log.purge.gap = 1000000 (custom)
2019-10-10 12:40:31,721 [pool-439-thread-1] INFO  server.RaftServerConfigKeys (ConfUtils.java:logGet(43)) - raft.server.notification.no-leader.timeout = 120s (custom)
2019-10-10 12:40:31,721 [pool-419-thread-1] INFO  server.RaftServerConfigKeys (ConfUtils.java:logGet(43)) - raft.server.log.appender.buffer.byte-limit = 33554432 (custom)
2019-10-10 12:40:31,721 [pool-449-thread-1] INFO  server.RaftServerConfigKeys (ConfUtils.java:logGet(43)) - raft.server.log.use.memory = false (default)
2019-10-10 12:40:31,722 [pool-419-thread-1] INFO  server.RaftServerConfigKeys (ConfUtils.java:logGet(43)) - raft.server.log.segment.size.max = 1048576 (custom)
2019-10-10 12:40:31,721 [pool-439-thread-1] INFO  server.RaftServerConfigKeys (ConfUtils.java:logGet(43)) - raft.server.log.use.memory = false (default)
2019-10-10 12:40:31,722 [pool-419-thread-1] INFO  server.RaftServerConfigKeys (ConfUtils.java:logGet(43)) - raft.server.log.segment.cache.num.max = 2 (custom)
2019-10-10 12:40:31,722 [pool-449-thread-1] INFO  server.RaftServerConfigKeys (ConfUtils.java:logGet(43)) - raft.server.log.purge.gap = 1000000 (custom)
2019-10-10 12:40:31,722 [pool-419-thread-1] INFO  segmented.SegmentedRaftLogWorker (SegmentedRaftLogWorker.java:<init>(172)) - new a5b85608-7f11-46ec-ae19-494ab54f3701@group-BA18EEAD7E37-SegmentedRaftLogWorker for RaftStorage:Storage Directory /workdir/hadoop-ozone/integration-test/target/test-dir/MiniOzoneClusterImpl-8284007a-d704-4ed0-a0ee-bee753f20599/datanode-1/data/ratis/1fdfe419-dfc4-4c1c-9eae-ba18eead7e37
2019-10-10 12:40:31,722 [pool-439-thread-1] INFO  server.RaftServerConfigKeys (ConfUtils.java:logGet(43)) - raft.server.log.purge.gap = 1000000 (custom)
2019-10-10 12:40:31,722 [pool-419-thread-1] INFO  server.RaftServerConfigKeys (ConfUtils.java:logGet(43)) - raft.server.log.queue.byte-limit = 2147483647 (custom)
2019-10-10 12:40:31,722 [pool-449-thread-1] INFO  server.RaftServerConfigKeys (ConfUtils.java:logGet(43)) - raft.server.log.appender.buffer.byte-limit = 33554432 (custom)
2019-10-10 12:40:31,723 [pool-419-thread-1] INFO  server.RaftServerConfigKeys (ConfUtils.java:logGet(43)) - raft.server.log.queue.element-limit = 1024 (custom)
2019-10-10 12:40:31,722 [pool-439-thread-1] INFO  server.RaftServerConfigKeys (ConfUtils.java:logGet(43)) - raft.server.log.appender.buffer.byte-limit = 33554432 (custom)
2019-10-10 12:40:31,723 [pool-419-thread-1] INFO  server.RaftServerConfigKeys (ConfUtils.java:logGet(43)) - raft.server.log.segment.size.max = 1048576 (custom)
2019-10-10 12:40:31,723 [pool-449-thread-1] INFO  server.RaftServerConfigKeys (ConfUtils.java:logGet(43)) - raft.server.log.segment.size.max = 1048576 (custom)
2019-10-10 12:40:31,723 [pool-419-thread-1] INFO  server.RaftServerConfigKeys (ConfUtils.java:logGet(43)) - raft.server.log.preallocated.size = 16384 (custom)
2019-10-10 12:40:31,723 [pool-439-thread-1] INFO  server.RaftServerConfigKeys (ConfUtils.java:logGet(43)) - raft.server.log.segment.size.max = 1048576 (custom)
2019-10-10 12:40:31,723 [pool-419-thread-1] INFO  server.RaftServerConfigKeys (ConfUtils.java:logGet(43)) - raft.server.log.write.buffer.size = 33554432 (custom)
2019-10-10 12:40:31,723 [pool-449-thread-1] INFO  server.RaftServerConfigKeys (ConfUtils.java:logGet(43)) - raft.server.log.segment.cache.num.max = 2 (custom)
2019-10-10 12:40:31,724 [pool-419-thread-1] INFO  server.RaftServerConfigKeys (ConfUtils.java:logGet(43)) - raft.server.log.force.sync.num = 128 (default)
2019-10-10 12:40:31,724 [pool-439-thread-1] INFO  server.RaftServerConfigKeys (ConfUtils.java:logGet(43)) - raft.server.log.segment.cache.num.max = 2 (custom)
2019-10-10 12:40:31,724 [pool-419-thread-1] INFO  server.RaftServerConfigKeys (ConfUtils.java:logGet(43)) - raft.server.log.statemachine.data.sync = true (default)
2019-10-10 12:40:31,724 [pool-449-thread-1] INFO  segmented.SegmentedRaftLogWorker (SegmentedRaftLogWorker.java:<init>(172)) - new 31dbcda4-c74c-4dfb-b27d-abb192246f85@group-BA18EEAD7E37-SegmentedRaftLogWorker for RaftStorage:Storage Directory /workdir/hadoop-ozone/integration-test/target/test-dir/MiniOzoneClusterImpl-8284007a-d704-4ed0-a0ee-bee753f20599/datanode-4/data/ratis/1fdfe419-dfc4-4c1c-9eae-ba18eead7e37
2019-10-10 12:40:31,724 [pool-419-thread-1] INFO  server.RaftServerConfigKeys (ConfUtils.java:logGet(43)) - raft.server.log.statemachine.data.sync.timeout = 10s (default)
2019-10-10 12:40:31,724 [pool-439-thread-1] INFO  segmented.SegmentedRaftLogWorker (SegmentedRaftLogWorker.java:<init>(172)) - new 6f85b482-1ee3-41f8-b799-7ee315fa3ee8@group-BA18EEAD7E37-SegmentedRaftLogWorker for RaftStorage:Storage Directory /workdir/hadoop-ozone/integration-test/target/test-dir/MiniOzoneClusterImpl-8284007a-d704-4ed0-a0ee-bee753f20599/datanode-3/data/ratis/1fdfe419-dfc4-4c1c-9eae-ba18eead7e37
2019-10-10 12:40:31,725 [pool-419-thread-1] INFO  server.RaftServerConfigKeys (ConfUtils.java:logGet(43)) - raft.server.log.statemachine.data.sync.timeout.retry = -1 (default)
2019-10-10 12:40:31,725 [pool-449-thread-1] INFO  server.RaftServerConfigKeys (ConfUtils.java:logGet(43)) - raft.server.log.queue.byte-limit = 2147483647 (custom)
2019-10-10 12:40:31,725 [pool-419-thread-1] INFO  server.RaftServerConfigKeys (ConfUtils.java:logGet(43)) - raft.server.log.statemachine.data.caching.enabled = true (custom)
2019-10-10 12:40:31,725 [pool-439-thread-1] INFO  server.RaftServerConfigKeys (ConfUtils.java:logGet(43)) - raft.server.log.queue.byte-limit = 2147483647 (custom)
2019-10-10 12:40:31,725 [pool-419-thread-1] INFO  segmented.SegmentedRaftLogWorker (SegmentedRaftLogWorker.java:lambda$new$0(132)) - a5b85608-7f11-46ec-ae19-494ab54f3701@group-BA18EEAD7E37-SegmentedRaftLogWorker: flushIndex: setUnconditionally 0 -> -1
2019-10-10 12:40:31,725 [pool-449-thread-1] INFO  server.RaftServerConfigKeys (ConfUtils.java:logGet(43)) - raft.server.log.queue.element-limit = 1024 (custom)
2019-10-10 12:40:31,725 [pool-439-thread-1] INFO  server.RaftServerConfigKeys (ConfUtils.java:logGet(43)) - raft.server.log.queue.element-limit = 1024 (custom)
2019-10-10 12:40:31,726 [pool-449-thread-1] INFO  server.RaftServerConfigKeys (ConfUtils.java:logGet(43)) - raft.server.log.segment.size.max = 1048576 (custom)
2019-10-10 12:40:31,726 [pool-419-thread-1] INFO  server.RaftServerConfigKeys (ConfUtils.java:logGet(43)) - raft.server.snapshot.auto.trigger.enabled = true (custom)
2019-10-10 12:40:31,726 [pool-449-thread-1] INFO  server.RaftServerConfigKeys (ConfUtils.java:logGet(43)) - raft.server.log.preallocated.size = 16384 (custom)
2019-10-10 12:40:31,726 [pool-449-thread-1] INFO  server.RaftServerConfigKeys (ConfUtils.java:logGet(43)) - raft.server.log.write.buffer.size = 33554432 (custom)
2019-10-10 12:40:31,726 [pool-439-thread-1] INFO  server.RaftServerConfigKeys (ConfUtils.java:logGet(43)) - raft.server.log.segment.size.max = 1048576 (custom)
2019-10-10 12:40:31,726 [pool-449-thread-1] INFO  server.RaftServerConfigKeys (ConfUtils.java:logGet(43)) - raft.server.log.force.sync.num = 128 (default)
2019-10-10 12:40:31,726 [pool-419-thread-1] INFO  server.RaftServerConfigKeys (ConfUtils.java:logGet(43)) - raft.server.snapshot.auto.trigger.threshold = 10000 (custom)
2019-10-10 12:40:31,727 [pool-449-thread-1] INFO  server.RaftServerConfigKeys (ConfUtils.java:logGet(43)) - raft.server.log.statemachine.data.sync = true (default)
2019-10-10 12:40:31,727 [pool-449-thread-1] INFO  server.RaftServerConfigKeys (ConfUtils.java:logGet(43)) - raft.server.log.statemachine.data.sync.timeout = 10s (default)
2019-10-10 12:40:31,727 [pool-439-thread-1] INFO  server.RaftServerConfigKeys (ConfUtils.java:logGet(43)) - raft.server.log.preallocated.size = 16384 (custom)
2019-10-10 12:40:31,727 [pool-449-thread-1] INFO  server.RaftServerConfigKeys (ConfUtils.java:logGet(43)) - raft.server.log.statemachine.data.sync.timeout.retry = -1 (default)
2019-10-10 12:40:31,727 [pool-419-thread-1] INFO  server.RaftServerConfigKeys (ConfUtils.java:logGet(43)) - raft.server.snapshot.retention.num.files = 5 (custom)
2019-10-10 12:40:31,727 [pool-449-thread-1] INFO  server.RaftServerConfigKeys (ConfUtils.java:logGet(43)) - raft.server.log.statemachine.data.caching.enabled = true (custom)
2019-10-10 12:40:31,727 [pool-439-thread-1] INFO  server.RaftServerConfigKeys (ConfUtils.java:logGet(43)) - raft.server.log.write.buffer.size = 33554432 (custom)
2019-10-10 12:40:31,728 [pool-449-thread-1] INFO  segmented.SegmentedRaftLogWorker (SegmentedRaftLogWorker.java:lambda$new$0(132)) - 31dbcda4-c74c-4dfb-b27d-abb192246f85@group-BA18EEAD7E37-SegmentedRaftLogWorker: flushIndex: setUnconditionally 0 -> -1
2019-10-10 12:40:31,728 [pool-419-thread-1] INFO  server.RaftServerConfigKeys (ConfUtils.java:logGet(43)) - raft.server.retrycache.expirytime = 600000ms (custom)
2019-10-10 12:40:31,728 [pool-439-thread-1] INFO  server.RaftServerConfigKeys (ConfUtils.java:logGet(43)) - raft.server.log.force.sync.num = 128 (default)
2019-10-10 12:40:31,728 [pool-449-thread-1] INFO  server.RaftServerConfigKeys (ConfUtils.java:logGet(43)) - raft.server.snapshot.auto.trigger.enabled = true (custom)
2019-10-10 12:40:31,728 [pool-439-thread-1] INFO  server.RaftServerConfigKeys (ConfUtils.java:logGet(43)) - raft.server.log.statemachine.data.sync = true (default)
2019-10-10 12:40:31,728 [pool-449-thread-1] INFO  server.RaftServerConfigKeys (ConfUtils.java:logGet(43)) - raft.server.snapshot.auto.trigger.threshold = 10000 (custom)
2019-10-10 12:40:31,729 [pool-439-thread-1] INFO  server.RaftServerConfigKeys (ConfUtils.java:logGet(43)) - raft.server.log.statemachine.data.sync.timeout = 10s (default)
2019-10-10 12:40:31,729 [pool-449-thread-1] INFO  server.RaftServerConfigKeys (ConfUtils.java:logGet(43)) - raft.server.snapshot.retention.num.files = 5 (custom)
2019-10-10 12:40:31,729 [pool-439-thread-1] INFO  server.RaftServerConfigKeys (ConfUtils.java:logGet(43)) - raft.server.log.statemachine.data.sync.timeout.retry = -1 (default)
2019-10-10 12:40:31,729 [pool-449-thread-1] INFO  server.RaftServerConfigKeys (ConfUtils.java:logGet(43)) - raft.server.retrycache.expirytime = 600000ms (custom)
2019-10-10 12:40:31,729 [pool-439-thread-1] INFO  server.RaftServerConfigKeys (ConfUtils.java:logGet(43)) - raft.server.log.statemachine.data.caching.enabled = true (custom)
2019-10-10 12:40:31,729 [pool-439-thread-1] INFO  segmented.SegmentedRaftLogWorker (SegmentedRaftLogWorker.java:lambda$new$0(132)) - 6f85b482-1ee3-41f8-b799-7ee315fa3ee8@group-BA18EEAD7E37-SegmentedRaftLogWorker: flushIndex: setUnconditionally 0 -> -1
2019-10-10 12:40:31,730 [pool-439-thread-1] INFO  server.RaftServerConfigKeys (ConfUtils.java:logGet(43)) - raft.server.snapshot.auto.trigger.enabled = true (custom)
2019-10-10 12:40:31,730 [pool-439-thread-1] INFO  server.RaftServerConfigKeys (ConfUtils.java:logGet(43)) - raft.server.snapshot.auto.trigger.threshold = 10000 (custom)
2019-10-10 12:40:31,730 [pool-439-thread-1] INFO  server.RaftServerConfigKeys (ConfUtils.java:logGet(43)) - raft.server.snapshot.retention.num.files = 5 (custom)
2019-10-10 12:40:31,730 [pool-439-thread-1] INFO  server.RaftServerConfigKeys (ConfUtils.java:logGet(43)) - raft.server.retrycache.expirytime = 600000ms (custom)
2019-10-10 12:40:31,731 [pool-419-thread-1] INFO  impl.RaftServerImpl (RaftServerImpl.java:start(185)) - a5b85608-7f11-46ec-ae19-494ab54f3701@group-BA18EEAD7E37: start as a follower, conf=-1: [6f85b482-1ee3-41f8-b799-7ee315fa3ee8:192.168.5.143:44817, a5b85608-7f11-46ec-ae19-494ab54f3701:192.168.5.143:39887, 31dbcda4-c74c-4dfb-b27d-abb192246f85:192.168.5.143:46534], old=null
2019-10-10 12:40:31,731 [pool-419-thread-1] INFO  impl.RaftServerImpl (RaftServerImpl.java:setRole(174)) - a5b85608-7f11-46ec-ae19-494ab54f3701@group-BA18EEAD7E37: changes role from      null to FOLLOWER at term 0 for startAsFollower
2019-10-10 12:40:31,731 [pool-419-thread-1] INFO  impl.RoleInfo (RoleInfo.java:updateAndGet(143)) - a5b85608-7f11-46ec-ae19-494ab54f3701: start FollowerState
2019-10-10 12:40:31,732 [pool-419-thread-1] INFO  util.JmxRegister (JmxRegister.java:tryRegister(44)) - Successfully registered JMX Bean with object name Ratis:service=RaftServer,group=group-BA18EEAD7E37,id=a5b85608-7f11-46ec-ae19-494ab54f3701
2019-10-10 12:40:31,732 [pool-449-thread-1] INFO  impl.RaftServerImpl (RaftServerImpl.java:start(185)) - 31dbcda4-c74c-4dfb-b27d-abb192246f85@group-BA18EEAD7E37: start as a follower, conf=-1: [6f85b482-1ee3-41f8-b799-7ee315fa3ee8:192.168.5.143:44817, a5b85608-7f11-46ec-ae19-494ab54f3701:192.168.5.143:39887, 31dbcda4-c74c-4dfb-b27d-abb192246f85:192.168.5.143:46534], old=null
2019-10-10 12:40:31,732 [pool-449-thread-1] INFO  impl.RaftServerImpl (RaftServerImpl.java:setRole(174)) - 31dbcda4-c74c-4dfb-b27d-abb192246f85@group-BA18EEAD7E37: changes role from      null to FOLLOWER at term 0 for startAsFollower
2019-10-10 12:40:31,732 [pool-449-thread-1] INFO  impl.RoleInfo (RoleInfo.java:updateAndGet(143)) - 31dbcda4-c74c-4dfb-b27d-abb192246f85: start FollowerState
2019-10-10 12:40:31,732 [pool-439-thread-1] INFO  impl.RaftServerImpl (RaftServerImpl.java:start(185)) - 6f85b482-1ee3-41f8-b799-7ee315fa3ee8@group-BA18EEAD7E37: start as a follower, conf=-1: [6f85b482-1ee3-41f8-b799-7ee315fa3ee8:192.168.5.143:44817, a5b85608-7f11-46ec-ae19-494ab54f3701:192.168.5.143:39887, 31dbcda4-c74c-4dfb-b27d-abb192246f85:192.168.5.143:46534], old=null
2019-10-10 12:40:31,733 [pool-439-thread-1] INFO  impl.RaftServerImpl (RaftServerImpl.java:setRole(174)) - 6f85b482-1ee3-41f8-b799-7ee315fa3ee8@group-BA18EEAD7E37: changes role from      null to FOLLOWER at term 0 for startAsFollower
2019-10-10 12:40:31,733 [pool-449-thread-1] INFO  util.JmxRegister (JmxRegister.java:tryRegister(44)) - Successfully registered JMX Bean with object name Ratis:service=RaftServer,group=group-BA18EEAD7E37,id=31dbcda4-c74c-4dfb-b27d-abb192246f85
2019-10-10 12:40:31,733 [pool-439-thread-1] INFO  impl.RoleInfo (RoleInfo.java:updateAndGet(143)) - 6f85b482-1ee3-41f8-b799-7ee315fa3ee8: start FollowerState
2019-10-10 12:40:31,733 [pool-439-thread-1] INFO  util.JmxRegister (JmxRegister.java:tryRegister(44)) - Successfully registered JMX Bean with object name Ratis:service=RaftServer,group=group-BA18EEAD7E37,id=6f85b482-1ee3-41f8-b799-7ee315fa3ee8
2019-10-10 12:40:31,735 [RatisPipelineUtilsThread] INFO  pipeline.PipelineStateManager (PipelineStateManager.java:addPipeline(56)) - Created pipeline Pipeline[ Id: 1fdfe419-dfc4-4c1c-9eae-ba18eead7e37, Nodes: 6f85b482-1ee3-41f8-b799-7ee315fa3ee8{ip: 192.168.5.143, host: pr-hdds-1569-9zzhf-258611273, networkLocation: /default-rack, certSerialId: null}a5b85608-7f11-46ec-ae19-494ab54f3701{ip: 192.168.5.143, host: pr-hdds-1569-9zzhf-258611273, networkLocation: /default-rack, certSerialId: null}31dbcda4-c74c-4dfb-b27d-abb192246f85{ip: 192.168.5.143, host: pr-hdds-1569-9zzhf-258611273, networkLocation: /default-rack, certSerialId: null}, Type:RATIS, Factor:THREE, State:OPEN]
2019-10-10 12:40:31,738 [grpc-default-executor-48] INFO  impl.RaftServerProxy (RaftServerProxy.java:addNew(89)) - a5b85608-7f11-46ec-ae19-494ab54f3701: addNew group-1C79ACAAC9C2:[6f85b482-1ee3-41f8-b799-7ee315fa3ee8:192.168.5.143:44817, a5b85608-7f11-46ec-ae19-494ab54f3701:192.168.5.143:39887, 31dbcda4-c74c-4dfb-b27d-abb192246f85:192.168.5.143:46534] returns group-1C79ACAAC9C2:java.util.concurrent.CompletableFuture@4ef8e8d6[Not completed]
2019-10-10 12:40:31,741 [grpc-default-executor-45] INFO  impl.RaftServerProxy (RaftServerProxy.java:addNew(89)) - 31dbcda4-c74c-4dfb-b27d-abb192246f85: addNew group-1C79ACAAC9C2:[6f85b482-1ee3-41f8-b799-7ee315fa3ee8:192.168.5.143:44817, a5b85608-7f11-46ec-ae19-494ab54f3701:192.168.5.143:39887, 31dbcda4-c74c-4dfb-b27d-abb192246f85:192.168.5.143:46534] returns group-1C79ACAAC9C2:java.util.concurrent.CompletableFuture@5ec5f3ca[Not completed]
2019-10-10 12:40:31,742 [grpc-default-executor-42] INFO  impl.RaftServerProxy (RaftServerProxy.java:addNew(89)) - 6f85b482-1ee3-41f8-b799-7ee315fa3ee8: addNew group-1C79ACAAC9C2:[6f85b482-1ee3-41f8-b799-7ee315fa3ee8:192.168.5.143:44817, a5b85608-7f11-46ec-ae19-494ab54f3701:192.168.5.143:39887, 31dbcda4-c74c-4dfb-b27d-abb192246f85:192.168.5.143:46534] returns group-1C79ACAAC9C2:java.util.concurrent.CompletableFuture@44b25f72[Not completed]
2019-10-10 12:40:31,742 [pool-449-thread-1] INFO  impl.RaftServerImpl (RaftServerImpl.java:<init>(95)) - 31dbcda4-c74c-4dfb-b27d-abb192246f85: new RaftServerImpl for group-1C79ACAAC9C2:[6f85b482-1ee3-41f8-b799-7ee315fa3ee8:192.168.5.143:44817, a5b85608-7f11-46ec-ae19-494ab54f3701:192.168.5.143:39887, 31dbcda4-c74c-4dfb-b27d-abb192246f85:192.168.5.143:46534] with ContainerStateMachine:uninitialized
2019-10-10 12:40:31,742 [pool-449-thread-1] INFO  server.RaftServerConfigKeys (ConfUtils.java:logGet(43)) - raft.server.rpc.timeout.min = 5s (custom)
2019-10-10 12:40:31,742 [pool-449-thread-1] INFO  server.RaftServerConfigKeys (ConfUtils.java:logGet(43)) - raft.server.rpc.timeout.max = 5200ms (custom)
2019-10-10 12:40:31,742 [pool-449-thread-1] INFO  server.RaftServerConfigKeys (ConfUtils.java:logGet(43)) - raft.server.rpcslowness.timeout = 120s (custom)
2019-10-10 12:40:31,742 [pool-449-thread-1] INFO  server.RaftServerConfigKeys (ConfUtils.java:logGet(43)) - raft.server.sleep.deviation.threshold = 300 (default)
2019-10-10 12:40:31,742 [pool-449-thread-1] INFO  server.RaftServerConfigKeys (ConfUtils.java:logGet(43)) - raft.server.log.appender.install.snapshot.enabled = false (custom)
2019-10-10 12:40:31,743 [pool-419-thread-1] INFO  impl.RaftServerImpl (RaftServerImpl.java:<init>(95)) - a5b85608-7f11-46ec-ae19-494ab54f3701: new RaftServerImpl for group-1C79ACAAC9C2:[6f85b482-1ee3-41f8-b799-7ee315fa3ee8:192.168.5.143:44817, a5b85608-7f11-46ec-ae19-494ab54f3701:192.168.5.143:39887, 31dbcda4-c74c-4dfb-b27d-abb192246f85:192.168.5.143:46534] with ContainerStateMachine:uninitialized
2019-10-10 12:40:31,743 [pool-449-thread-1] INFO  impl.RaftServerImpl (ServerState.java:<init>(103)) - 31dbcda4-c74c-4dfb-b27d-abb192246f85@group-1C79ACAAC9C2: ConfigurationManager, init=-1: [6f85b482-1ee3-41f8-b799-7ee315fa3ee8:192.168.5.143:44817, a5b85608-7f11-46ec-ae19-494ab54f3701:192.168.5.143:39887, 31dbcda4-c74c-4dfb-b27d-abb192246f85:192.168.5.143:46534], old=null, confs=<EMPTY_MAP>
2019-10-10 12:40:31,743 [pool-439-thread-1] INFO  impl.RaftServerImpl (RaftServerImpl.java:<init>(95)) - 6f85b482-1ee3-41f8-b799-7ee315fa3ee8: new RaftServerImpl for group-1C79ACAAC9C2:[6f85b482-1ee3-41f8-b799-7ee315fa3ee8:192.168.5.143:44817, a5b85608-7f11-46ec-ae19-494ab54f3701:192.168.5.143:39887, 31dbcda4-c74c-4dfb-b27d-abb192246f85:192.168.5.143:46534] with ContainerStateMachine:uninitialized
2019-10-10 12:40:31,743 [pool-419-thread-1] INFO  server.RaftServerConfigKeys (ConfUtils.java:logGet(43)) - raft.server.rpc.timeout.min = 5s (custom)
2019-10-10 12:40:31,743 [pool-439-thread-1] INFO  server.RaftServerConfigKeys (ConfUtils.java:logGet(43)) - raft.server.rpc.timeout.min = 5s (custom)
2019-10-10 12:40:31,743 [pool-449-thread-1] INFO  server.RaftServerConfigKeys (ConfUtils.java:logGet(43)) - raft.server.storage.dir = [/workdir/hadoop-ozone/integration-test/target/test-dir/MiniOzoneClusterImpl-8284007a-d704-4ed0-a0ee-bee753f20599/datanode-4/data/ratis] (custom)
2019-10-10 12:40:31,743 [pool-439-thread-1] INFO  server.RaftServerConfigKeys (ConfUtils.java:logGet(43)) - raft.server.rpc.timeout.max = 5200ms (custom)
2019-10-10 12:40:31,743 [pool-419-thread-1] INFO  server.RaftServerConfigKeys (ConfUtils.java:logGet(43)) - raft.server.rpc.timeout.max = 5200ms (custom)
2019-10-10 12:40:31,743 [pool-449-thread-1] INFO  storage.RaftStorageDirectory (RaftStorageDirectory.java:analyzeStorage(246)) - The storage directory /workdir/hadoop-ozone/integration-test/target/test-dir/MiniOzoneClusterImpl-8284007a-d704-4ed0-a0ee-bee753f20599/datanode-4/data/ratis/33538c5b-6b59-4c95-802a-1c79acaac9c2 does not exist. Creating ...
2019-10-10 12:40:31,743 [pool-439-thread-1] INFO  server.RaftServerConfigKeys (ConfUtils.java:logGet(43)) - raft.server.rpcslowness.timeout = 120s (custom)
2019-10-10 12:40:31,744 [pool-419-thread-1] INFO  server.RaftServerConfigKeys (ConfUtils.java:logGet(43)) - raft.server.rpcslowness.timeout = 120s (custom)
2019-10-10 12:40:31,744 [pool-439-thread-1] INFO  server.RaftServerConfigKeys (ConfUtils.java:logGet(43)) - raft.server.sleep.deviation.threshold = 300 (default)
2019-10-10 12:40:31,744 [pool-419-thread-1] INFO  server.RaftServerConfigKeys (ConfUtils.java:logGet(43)) - raft.server.sleep.deviation.threshold = 300 (default)
2019-10-10 12:40:31,744 [pool-439-thread-1] INFO  server.RaftServerConfigKeys (ConfUtils.java:logGet(43)) - raft.server.log.appender.install.snapshot.enabled = false (custom)
2019-10-10 12:40:31,744 [pool-419-thread-1] INFO  server.RaftServerConfigKeys (ConfUtils.java:logGet(43)) - raft.server.log.appender.install.snapshot.enabled = false (custom)
2019-10-10 12:40:31,744 [pool-439-thread-1] INFO  impl.RaftServerImpl (ServerState.java:<init>(103)) - 6f85b482-1ee3-41f8-b799-7ee315fa3ee8@group-1C79ACAAC9C2: ConfigurationManager, init=-1: [6f85b482-1ee3-41f8-b799-7ee315fa3ee8:192.168.5.143:44817, a5b85608-7f11-46ec-ae19-494ab54f3701:192.168.5.143:39887, 31dbcda4-c74c-4dfb-b27d-abb192246f85:192.168.5.143:46534], old=null, confs=<EMPTY_MAP>
2019-10-10 12:40:31,744 [pool-419-thread-1] INFO  impl.RaftServerImpl (ServerState.java:<init>(103)) - a5b85608-7f11-46ec-ae19-494ab54f3701@group-1C79ACAAC9C2: ConfigurationManager, init=-1: [6f85b482-1ee3-41f8-b799-7ee315fa3ee8:192.168.5.143:44817, a5b85608-7f11-46ec-ae19-494ab54f3701:192.168.5.143:39887, 31dbcda4-c74c-4dfb-b27d-abb192246f85:192.168.5.143:46534], old=null, confs=<EMPTY_MAP>
2019-10-10 12:40:31,744 [pool-439-thread-1] INFO  server.RaftServerConfigKeys (ConfUtils.java:logGet(43)) - raft.server.storage.dir = [/workdir/hadoop-ozone/integration-test/target/test-dir/MiniOzoneClusterImpl-8284007a-d704-4ed0-a0ee-bee753f20599/datanode-3/data/ratis] (custom)
2019-10-10 12:40:31,745 [pool-419-thread-1] INFO  server.RaftServerConfigKeys (ConfUtils.java:logGet(43)) - raft.server.storage.dir = [/workdir/hadoop-ozone/integration-test/target/test-dir/MiniOzoneClusterImpl-8284007a-d704-4ed0-a0ee-bee753f20599/datanode-1/data/ratis] (custom)
2019-10-10 12:40:31,745 [pool-439-thread-1] INFO  storage.RaftStorageDirectory (RaftStorageDirectory.java:analyzeStorage(246)) - The storage directory /workdir/hadoop-ozone/integration-test/target/test-dir/MiniOzoneClusterImpl-8284007a-d704-4ed0-a0ee-bee753f20599/datanode-3/data/ratis/33538c5b-6b59-4c95-802a-1c79acaac9c2 does not exist. Creating ...
2019-10-10 12:40:31,745 [pool-419-thread-1] INFO  storage.RaftStorageDirectory (RaftStorageDirectory.java:analyzeStorage(246)) - The storage directory /workdir/hadoop-ozone/integration-test/target/test-dir/MiniOzoneClusterImpl-8284007a-d704-4ed0-a0ee-bee753f20599/datanode-1/data/ratis/33538c5b-6b59-4c95-802a-1c79acaac9c2 does not exist. Creating ...
2019-10-10 12:40:31,770 [pool-419-thread-1] INFO  storage.RaftStorageDirectory (RaftStorageDirectory.java:tryLock(328)) - Lock on /workdir/hadoop-ozone/integration-test/target/test-dir/MiniOzoneClusterImpl-8284007a-d704-4ed0-a0ee-bee753f20599/datanode-1/data/ratis/33538c5b-6b59-4c95-802a-1c79acaac9c2/in_use.lock acquired by nodename 29031@pr-hdds-1569-9zzhf-258611273
2019-10-10 12:40:31,770 [pool-439-thread-1] INFO  storage.RaftStorageDirectory (RaftStorageDirectory.java:tryLock(328)) - Lock on /workdir/hadoop-ozone/integration-test/target/test-dir/MiniOzoneClusterImpl-8284007a-d704-4ed0-a0ee-bee753f20599/datanode-3/data/ratis/33538c5b-6b59-4c95-802a-1c79acaac9c2/in_use.lock acquired by nodename 29031@pr-hdds-1569-9zzhf-258611273
2019-10-10 12:40:31,770 [pool-449-thread-1] INFO  storage.RaftStorageDirectory (RaftStorageDirectory.java:tryLock(328)) - Lock on /workdir/hadoop-ozone/integration-test/target/test-dir/MiniOzoneClusterImpl-8284007a-d704-4ed0-a0ee-bee753f20599/datanode-4/data/ratis/33538c5b-6b59-4c95-802a-1c79acaac9c2/in_use.lock acquired by nodename 29031@pr-hdds-1569-9zzhf-258611273
2019-10-10 12:40:31,796 [pool-449-thread-1] INFO  storage.RaftStorage (RaftStorage.java:format(72)) - Storage directory /workdir/hadoop-ozone/integration-test/target/test-dir/MiniOzoneClusterImpl-8284007a-d704-4ed0-a0ee-bee753f20599/datanode-4/data/ratis/33538c5b-6b59-4c95-802a-1c79acaac9c2 has been successfully formatted.
2019-10-10 12:40:31,796 [pool-439-thread-1] INFO  storage.RaftStorage (RaftStorage.java:format(72)) - Storage directory /workdir/hadoop-ozone/integration-test/target/test-dir/MiniOzoneClusterImpl-8284007a-d704-4ed0-a0ee-bee753f20599/datanode-3/data/ratis/33538c5b-6b59-4c95-802a-1c79acaac9c2 has been successfully formatted.
2019-10-10 12:40:31,796 [pool-419-thread-1] INFO  storage.RaftStorage (RaftStorage.java:format(72)) - Storage directory /workdir/hadoop-ozone/integration-test/target/test-dir/MiniOzoneClusterImpl-8284007a-d704-4ed0-a0ee-bee753f20599/datanode-1/data/ratis/33538c5b-6b59-4c95-802a-1c79acaac9c2 has been successfully formatted.
2019-10-10 12:40:31,796 [pool-439-thread-1] INFO  ratis.ContainerStateMachine (ContainerStateMachine.java:loadSnapshot(230)) - group-1C79ACAAC9C2: The snapshot info is null. Setting the last applied indexto:(t:0, i:~)
2019-10-10 12:40:31,796 [pool-449-thread-1] INFO  ratis.ContainerStateMachine (ContainerStateMachine.java:loadSnapshot(230)) - group-1C79ACAAC9C2: The snapshot info is null. Setting the last applied indexto:(t:0, i:~)
2019-10-10 12:40:31,796 [pool-439-thread-1] INFO  server.RaftServerConfigKeys (ConfUtils.java:logGet(43)) - raft.server.notification.no-leader.timeout = 120s (custom)
2019-10-10 12:40:31,797 [pool-439-thread-1] INFO  server.RaftServerConfigKeys (ConfUtils.java:logGet(43)) - raft.server.log.use.memory = false (default)
2019-10-10 12:40:31,796 [pool-419-thread-1] INFO  ratis.ContainerStateMachine (ContainerStateMachine.java:loadSnapshot(230)) - group-1C79ACAAC9C2: The snapshot info is null. Setting the last applied indexto:(t:0, i:~)
2019-10-10 12:40:31,797 [pool-439-thread-1] INFO  server.RaftServerConfigKeys (ConfUtils.java:logGet(43)) - raft.server.log.purge.gap = 1000000 (custom)
2019-10-10 12:40:31,797 [pool-439-thread-1] INFO  server.RaftServerConfigKeys (ConfUtils.java:logGet(43)) - raft.server.log.appender.buffer.byte-limit = 33554432 (custom)
2019-10-10 12:40:31,796 [pool-449-thread-1] INFO  server.RaftServerConfigKeys (ConfUtils.java:logGet(43)) - raft.server.notification.no-leader.timeout = 120s (custom)
2019-10-10 12:40:31,797 [pool-439-thread-1] INFO  server.RaftServerConfigKeys (ConfUtils.java:logGet(43)) - raft.server.log.segment.size.max = 1048576 (custom)
2019-10-10 12:40:31,797 [pool-419-thread-1] INFO  server.RaftServerConfigKeys (ConfUtils.java:logGet(43)) - raft.server.notification.no-leader.timeout = 120s (custom)
2019-10-10 12:40:31,797 [pool-439-thread-1] INFO  server.RaftServerConfigKeys (ConfUtils.java:logGet(43)) - raft.server.log.segment.cache.num.max = 2 (custom)
2019-10-10 12:40:31,797 [pool-449-thread-1] INFO  server.RaftServerConfigKeys (ConfUtils.java:logGet(43)) - raft.server.log.use.memory = false (default)
2019-10-10 12:40:31,798 [pool-439-thread-1] INFO  segmented.SegmentedRaftLogWorker (SegmentedRaftLogWorker.java:<init>(172)) - new 6f85b482-1ee3-41f8-b799-7ee315fa3ee8@group-1C79ACAAC9C2-SegmentedRaftLogWorker for RaftStorage:Storage Directory /workdir/hadoop-ozone/integration-test/target/test-dir/MiniOzoneClusterImpl-8284007a-d704-4ed0-a0ee-bee753f20599/datanode-3/data/ratis/33538c5b-6b59-4c95-802a-1c79acaac9c2
2019-10-10 12:40:31,797 [pool-419-thread-1] INFO  server.RaftServerConfigKeys (ConfUtils.java:logGet(43)) - raft.server.log.use.memory = false (default)
2019-10-10 12:40:31,798 [pool-439-thread-1] INFO  server.RaftServerConfigKeys (ConfUtils.java:logGet(43)) - raft.server.log.queue.byte-limit = 2147483647 (custom)
2019-10-10 12:40:31,798 [pool-449-thread-1] INFO  server.RaftServerConfigKeys (ConfUtils.java:logGet(43)) - raft.server.log.purge.gap = 1000000 (custom)
2019-10-10 12:40:31,798 [pool-439-thread-1] INFO  server.RaftServerConfigKeys (ConfUtils.java:logGet(43)) - raft.server.log.queue.element-limit = 1024 (custom)
2019-10-10 12:40:31,798 [pool-419-thread-1] INFO  server.RaftServerConfigKeys (ConfUtils.java:logGet(43)) - raft.server.log.purge.gap = 1000000 (custom)
2019-10-10 12:40:31,798 [pool-439-thread-1] INFO  server.RaftServerConfigKeys (ConfUtils.java:logGet(43)) - raft.server.log.segment.size.max = 1048576 (custom)
2019-10-10 12:40:31,798 [pool-449-thread-1] INFO  server.RaftServerConfigKeys (ConfUtils.java:logGet(43)) - raft.server.log.appender.buffer.byte-limit = 33554432 (custom)
2019-10-10 12:40:31,799 [pool-439-thread-1] INFO  server.RaftServerConfigKeys (ConfUtils.java:logGet(43)) - raft.server.log.preallocated.size = 16384 (custom)
2019-10-10 12:40:31,799 [pool-419-thread-1] INFO  server.RaftServerConfigKeys (ConfUtils.java:logGet(43)) - raft.server.log.appender.buffer.byte-limit = 33554432 (custom)
2019-10-10 12:40:31,799 [pool-439-thread-1] INFO  server.RaftServerConfigKeys (ConfUtils.java:logGet(43)) - raft.server.log.write.buffer.size = 33554432 (custom)
2019-10-10 12:40:31,799 [pool-449-thread-1] INFO  server.RaftServerConfigKeys (ConfUtils.java:logGet(43)) - raft.server.log.segment.size.max = 1048576 (custom)
2019-10-10 12:40:31,799 [pool-439-thread-1] INFO  server.RaftServerConfigKeys (ConfUtils.java:logGet(43)) - raft.server.log.force.sync.num = 128 (default)
2019-10-10 12:40:31,799 [pool-439-thread-1] INFO  server.RaftServerConfigKeys (ConfUtils.java:logGet(43)) - raft.server.log.statemachine.data.sync = true (default)
2019-10-10 12:40:31,799 [pool-419-thread-1] INFO  server.RaftServerConfigKeys (ConfUtils.java:logGet(43)) - raft.server.log.segment.size.max = 1048576 (custom)
2019-10-10 12:40:31,800 [pool-439-thread-1] INFO  server.RaftServerConfigKeys (ConfUtils.java:logGet(43)) - raft.server.log.statemachine.data.sync.timeout = 10s (default)
2019-10-10 12:40:31,799 [pool-449-thread-1] INFO  server.RaftServerConfigKeys (ConfUtils.java:logGet(43)) - raft.server.log.segment.cache.num.max = 2 (custom)
2019-10-10 12:40:31,800 [pool-439-thread-1] INFO  server.RaftServerConfigKeys (ConfUtils.java:logGet(43)) - raft.server.log.statemachine.data.sync.timeout.retry = -1 (default)
2019-10-10 12:40:31,800 [pool-419-thread-1] INFO  server.RaftServerConfigKeys (ConfUtils.java:logGet(43)) - raft.server.log.segment.cache.num.max = 2 (custom)
2019-10-10 12:40:31,800 [pool-439-thread-1] INFO  server.RaftServerConfigKeys (ConfUtils.java:logGet(43)) - raft.server.log.statemachine.data.caching.enabled = true (custom)
2019-10-10 12:40:31,800 [pool-449-thread-1] INFO  segmented.SegmentedRaftLogWorker (SegmentedRaftLogWorker.java:<init>(172)) - new 31dbcda4-c74c-4dfb-b27d-abb192246f85@group-1C79ACAAC9C2-SegmentedRaftLogWorker for RaftStorage:Storage Directory /workdir/hadoop-ozone/integration-test/target/test-dir/MiniOzoneClusterImpl-8284007a-d704-4ed0-a0ee-bee753f20599/datanode-4/data/ratis/33538c5b-6b59-4c95-802a-1c79acaac9c2
2019-10-10 12:40:31,800 [pool-439-thread-1] INFO  segmented.SegmentedRaftLogWorker (SegmentedRaftLogWorker.java:lambda$new$0(132)) - 6f85b482-1ee3-41f8-b799-7ee315fa3ee8@group-1C79ACAAC9C2-SegmentedRaftLogWorker: flushIndex: setUnconditionally 0 -> -1
2019-10-10 12:40:31,800 [pool-419-thread-1] INFO  segmented.SegmentedRaftLogWorker (SegmentedRaftLogWorker.java:<init>(172)) - new a5b85608-7f11-46ec-ae19-494ab54f3701@group-1C79ACAAC9C2-SegmentedRaftLogWorker for RaftStorage:Storage Directory /workdir/hadoop-ozone/integration-test/target/test-dir/MiniOzoneClusterImpl-8284007a-d704-4ed0-a0ee-bee753f20599/datanode-1/data/ratis/33538c5b-6b59-4c95-802a-1c79acaac9c2
2019-10-10 12:40:31,801 [pool-449-thread-1] INFO  server.RaftServerConfigKeys (ConfUtils.java:logGet(43)) - raft.server.log.queue.byte-limit = 2147483647 (custom)
2019-10-10 12:40:31,801 [pool-439-thread-1] INFO  server.RaftServerConfigKeys (ConfUtils.java:logGet(43)) - raft.server.snapshot.auto.trigger.enabled = true (custom)
2019-10-10 12:40:31,801 [pool-419-thread-1] INFO  server.RaftServerConfigKeys (ConfUtils.java:logGet(43)) - raft.server.log.queue.byte-limit = 2147483647 (custom)
2019-10-10 12:40:31,801 [pool-439-thread-1] INFO  server.RaftServerConfigKeys (ConfUtils.java:logGet(43)) - raft.server.snapshot.auto.trigger.threshold = 10000 (custom)
2019-10-10 12:40:31,801 [pool-439-thread-1] INFO  server.RaftServerConfigKeys (ConfUtils.java:logGet(43)) - raft.server.snapshot.retention.num.files = 5 (custom)
2019-10-10 12:40:31,801 [pool-449-thread-1] INFO  server.RaftServerConfigKeys (ConfUtils.java:logGet(43)) - raft.server.log.queue.element-limit = 1024 (custom)
2019-10-10 12:40:31,801 [pool-439-thread-1] INFO  server.RaftServerConfigKeys (ConfUtils.java:logGet(43)) - raft.server.retrycache.expirytime = 600000ms (custom)
2019-10-10 12:40:31,801 [pool-419-thread-1] INFO  server.RaftServerConfigKeys (ConfUtils.java:logGet(43)) - raft.server.log.queue.element-limit = 1024 (custom)
2019-10-10 12:40:31,802 [pool-449-thread-1] INFO  server.RaftServerConfigKeys (ConfUtils.java:logGet(43)) - raft.server.log.segment.size.max = 1048576 (custom)
2019-10-10 12:40:31,802 [pool-419-thread-1] INFO  server.RaftServerConfigKeys (ConfUtils.java:logGet(43)) - raft.server.log.segment.size.max = 1048576 (custom)
2019-10-10 12:40:31,802 [pool-449-thread-1] INFO  server.RaftServerConfigKeys (ConfUtils.java:logGet(43)) - raft.server.log.preallocated.size = 16384 (custom)
2019-10-10 12:40:31,802 [pool-419-thread-1] INFO  server.RaftServerConfigKeys (ConfUtils.java:logGet(43)) - raft.server.log.preallocated.size = 16384 (custom)
2019-10-10 12:40:31,802 [pool-449-thread-1] INFO  server.RaftServerConfigKeys (ConfUtils.java:logGet(43)) - raft.server.log.write.buffer.size = 33554432 (custom)
2019-10-10 12:40:31,802 [pool-419-thread-1] INFO  server.RaftServerConfigKeys (ConfUtils.java:logGet(43)) - raft.server.log.write.buffer.size = 33554432 (custom)
2019-10-10 12:40:31,803 [pool-449-thread-1] INFO  server.RaftServerConfigKeys (ConfUtils.java:logGet(43)) - raft.server.log.force.sync.num = 128 (default)
2019-10-10 12:40:31,803 [pool-419-thread-1] INFO  server.RaftServerConfigKeys (ConfUtils.java:logGet(43)) - raft.server.log.force.sync.num = 128 (default)
2019-10-10 12:40:31,803 [pool-439-thread-1] INFO  impl.RaftServerImpl (RaftServerImpl.java:start(185)) - 6f85b482-1ee3-41f8-b799-7ee315fa3ee8@group-1C79ACAAC9C2: start as a follower, conf=-1: [6f85b482-1ee3-41f8-b799-7ee315fa3ee8:192.168.5.143:44817, a5b85608-7f11-46ec-ae19-494ab54f3701:192.168.5.143:39887, 31dbcda4-c74c-4dfb-b27d-abb192246f85:192.168.5.143:46534], old=null
2019-10-10 12:40:31,803 [pool-449-thread-1] INFO  server.RaftServerConfigKeys (ConfUtils.java:logGet(43)) - raft.server.log.statemachine.data.sync = true (default)
2019-10-10 12:40:31,803 [pool-439-thread-1] INFO  impl.RaftServerImpl (RaftServerImpl.java:setRole(174)) - 6f85b482-1ee3-41f8-b799-7ee315fa3ee8@group-1C79ACAAC9C2: changes role from      null to FOLLOWER at term 0 for startAsFollower
2019-10-10 12:40:31,803 [pool-419-thread-1] INFO  server.RaftServerConfigKeys (ConfUtils.java:logGet(43)) - raft.server.log.statemachine.data.sync = true (default)
2019-10-10 12:40:31,803 [pool-439-thread-1] INFO  impl.RoleInfo (RoleInfo.java:updateAndGet(143)) - 6f85b482-1ee3-41f8-b799-7ee315fa3ee8: start FollowerState
2019-10-10 12:40:31,803 [pool-449-thread-1] INFO  server.RaftServerConfigKeys (ConfUtils.java:logGet(43)) - raft.server.log.statemachine.data.sync.timeout = 10s (default)
2019-10-10 12:40:31,804 [pool-419-thread-1] INFO  server.RaftServerConfigKeys (ConfUtils.java:logGet(43)) - raft.server.log.statemachine.data.sync.timeout = 10s (default)
2019-10-10 12:40:31,804 [pool-439-thread-1] INFO  util.JmxRegister (JmxRegister.java:tryRegister(44)) - Successfully registered JMX Bean with object name Ratis:service=RaftServer,group=group-1C79ACAAC9C2,id=6f85b482-1ee3-41f8-b799-7ee315fa3ee8
2019-10-10 12:40:31,804 [pool-449-thread-1] INFO  server.RaftServerConfigKeys (ConfUtils.java:logGet(43)) - raft.server.log.statemachine.data.sync.timeout.retry = -1 (default)
2019-10-10 12:40:31,804 [pool-419-thread-1] INFO  server.RaftServerConfigKeys (ConfUtils.java:logGet(43)) - raft.server.log.statemachine.data.sync.timeout.retry = -1 (default)
2019-10-10 12:40:31,804 [pool-449-thread-1] INFO  server.RaftServerConfigKeys (ConfUtils.java:logGet(43)) - raft.server.log.statemachine.data.caching.enabled = true (custom)
2019-10-10 12:40:31,804 [pool-419-thread-1] INFO  server.RaftServerConfigKeys (ConfUtils.java:logGet(43)) - raft.server.log.statemachine.data.caching.enabled = true (custom)
2019-10-10 12:40:31,805 [pool-449-thread-1] INFO  segmented.SegmentedRaftLogWorker (SegmentedRaftLogWorker.java:lambda$new$0(132)) - 31dbcda4-c74c-4dfb-b27d-abb192246f85@group-1C79ACAAC9C2-SegmentedRaftLogWorker: flushIndex: setUnconditionally 0 -> -1
2019-10-10 12:40:31,805 [pool-419-thread-1] INFO  segmented.SegmentedRaftLogWorker (SegmentedRaftLogWorker.java:lambda$new$0(132)) - a5b85608-7f11-46ec-ae19-494ab54f3701@group-1C79ACAAC9C2-SegmentedRaftLogWorker: flushIndex: setUnconditionally 0 -> -1
2019-10-10 12:40:31,805 [pool-449-thread-1] INFO  server.RaftServerConfigKeys (ConfUtils.java:logGet(43)) - raft.server.snapshot.auto.trigger.enabled = true (custom)
2019-10-10 12:40:31,805 [pool-449-thread-1] INFO  server.RaftServerConfigKeys (ConfUtils.java:logGet(43)) - raft.server.snapshot.auto.trigger.threshold = 10000 (custom)
2019-10-10 12:40:31,805 [pool-419-thread-1] INFO  server.RaftServerConfigKeys (ConfUtils.java:logGet(43)) - raft.server.snapshot.auto.trigger.enabled = true (custom)
2019-10-10 12:40:31,806 [pool-449-thread-1] INFO  server.RaftServerConfigKeys (ConfUtils.java:logGet(43)) - raft.server.snapshot.retention.num.files = 5 (custom)
2019-10-10 12:40:31,806 [pool-419-thread-1] INFO  server.RaftServerConfigKeys (ConfUtils.java:logGet(43)) - raft.server.snapshot.auto.trigger.threshold = 10000 (custom)
2019-10-10 12:40:31,806 [pool-449-thread-1] INFO  server.RaftServerConfigKeys (ConfUtils.java:logGet(43)) - raft.server.retrycache.expirytime = 600000ms (custom)
2019-10-10 12:40:31,806 [pool-419-thread-1] INFO  server.RaftServerConfigKeys (ConfUtils.java:logGet(43)) - raft.server.snapshot.retention.num.files = 5 (custom)
2019-10-10 12:40:31,806 [pool-419-thread-1] INFO  server.RaftServerConfigKeys (ConfUtils.java:logGet(43)) - raft.server.retrycache.expirytime = 600000ms (custom)
2019-10-10 12:40:31,808 [pool-449-thread-1] INFO  impl.RaftServerImpl (RaftServerImpl.java:start(185)) - 31dbcda4-c74c-4dfb-b27d-abb192246f85@group-1C79ACAAC9C2: start as a follower, conf=-1: [6f85b482-1ee3-41f8-b799-7ee315fa3ee8:192.168.5.143:44817, a5b85608-7f11-46ec-ae19-494ab54f3701:192.168.5.143:39887, 31dbcda4-c74c-4dfb-b27d-abb192246f85:192.168.5.143:46534], old=null
2019-10-10 12:40:31,808 [pool-449-thread-1] INFO  impl.RaftServerImpl (RaftServerImpl.java:setRole(174)) - 31dbcda4-c74c-4dfb-b27d-abb192246f85@group-1C79ACAAC9C2: changes role from      null to FOLLOWER at term 0 for startAsFollower
2019-10-10 12:40:31,809 [pool-449-thread-1] INFO  impl.RoleInfo (RoleInfo.java:updateAndGet(143)) - 31dbcda4-c74c-4dfb-b27d-abb192246f85: start FollowerState
2019-10-10 12:40:31,809 [pool-419-thread-1] INFO  impl.RaftServerImpl (RaftServerImpl.java:start(185)) - a5b85608-7f11-46ec-ae19-494ab54f3701@group-1C79ACAAC9C2: start as a follower, conf=-1: [6f85b482-1ee3-41f8-b799-7ee315fa3ee8:192.168.5.143:44817, a5b85608-7f11-46ec-ae19-494ab54f3701:192.168.5.143:39887, 31dbcda4-c74c-4dfb-b27d-abb192246f85:192.168.5.143:46534], old=null
2019-10-10 12:40:31,809 [pool-419-thread-1] INFO  impl.RaftServerImpl (RaftServerImpl.java:setRole(174)) - a5b85608-7f11-46ec-ae19-494ab54f3701@group-1C79ACAAC9C2: changes role from      null to FOLLOWER at term 0 for startAsFollower
2019-10-10 12:40:31,809 [pool-449-thread-1] INFO  util.JmxRegister (JmxRegister.java:tryRegister(44)) - Successfully registered JMX Bean with object name Ratis:service=RaftServer,group=group-1C79ACAAC9C2,id=31dbcda4-c74c-4dfb-b27d-abb192246f85
2019-10-10 12:40:31,809 [pool-419-thread-1] INFO  impl.RoleInfo (RoleInfo.java:updateAndGet(143)) - a5b85608-7f11-46ec-ae19-494ab54f3701: start FollowerState
2019-10-10 12:40:31,809 [pool-419-thread-1] INFO  util.JmxRegister (JmxRegister.java:tryRegister(44)) - Successfully registered JMX Bean with object name Ratis:service=RaftServer,group=group-1C79ACAAC9C2,id=a5b85608-7f11-46ec-ae19-494ab54f3701
2019-10-10 12:40:31,812 [RatisPipelineUtilsThread] INFO  pipeline.PipelineStateManager (PipelineStateManager.java:addPipeline(56)) - Created pipeline Pipeline[ Id: 33538c5b-6b59-4c95-802a-1c79acaac9c2, Nodes: a5b85608-7f11-46ec-ae19-494ab54f3701{ip: 192.168.5.143, host: pr-hdds-1569-9zzhf-258611273, networkLocation: /default-rack, certSerialId: null}6f85b482-1ee3-41f8-b799-7ee315fa3ee8{ip: 192.168.5.143, host: pr-hdds-1569-9zzhf-258611273, networkLocation: /default-rack, certSerialId: null}31dbcda4-c74c-4dfb-b27d-abb192246f85{ip: 192.168.5.143, host: pr-hdds-1569-9zzhf-258611273, networkLocation: /default-rack, certSerialId: null}, Type:RATIS, Factor:THREE, State:OPEN]
2019-10-10 12:40:33,901 [Thread-6614] INFO  container.ReplicationManager (ReplicationManager.java:start(163)) - Starting Replication Monitor Thread.
2019-10-10 12:40:33,905 [ReplicationMonitor] INFO  container.ReplicationManager (ReplicationManager.java:run(226)) - Replication Monitor Thread took 0 milliseconds for processing 1 containers.
2019-10-10 12:40:36,042 [Thread-6616] INFO  impl.FollowerState (FollowerState.java:run(106)) - 2977129d-288a-401c-9baf-20955028e955:group-5D2FB05BB256 changes to CANDIDATE, lastRpcTime:5087, electionTimeout:5087ms
2019-10-10 12:40:36,042 [Thread-6616] INFO  impl.RoleInfo (RoleInfo.java:shutdownFollowerState(121)) - 2977129d-288a-401c-9baf-20955028e955: shutdown FollowerState
2019-10-10 12:40:36,042 [Thread-6616] INFO  impl.RaftServerImpl (RaftServerImpl.java:setRole(174)) - 2977129d-288a-401c-9baf-20955028e955@group-5D2FB05BB256: changes role from  FOLLOWER to CANDIDATE at term 0 for changeToCandidate
2019-10-10 12:40:36,042 [Thread-6616] INFO  impl.RoleInfo (RoleInfo.java:updateAndGet(143)) - 2977129d-288a-401c-9baf-20955028e955: start LeaderElection
2019-10-10 12:40:36,053 [2977129d-288a-401c-9baf-20955028e955@group-5D2FB05BB256:LeaderElection240] INFO  impl.LeaderElection (LeaderElection.java:askForVotes(182)) - 2977129d-288a-401c-9baf-20955028e955@group-5D2FB05BB256:LeaderElection240: begin an election at term 1 for -1: [2977129d-288a-401c-9baf-20955028e955:192.168.5.143:38849], old=null
2019-10-10 12:40:36,054 [2977129d-288a-401c-9baf-20955028e955@group-5D2FB05BB256:LeaderElection240] INFO  impl.RoleInfo (RoleInfo.java:shutdownLeaderElection(134)) - 2977129d-288a-401c-9baf-20955028e955: shutdown LeaderElection
2019-10-10 12:40:36,054 [2977129d-288a-401c-9baf-20955028e955@group-5D2FB05BB256:LeaderElection240] INFO  impl.RaftServerImpl (RaftServerImpl.java:setRole(174)) - 2977129d-288a-401c-9baf-20955028e955@group-5D2FB05BB256: changes role from CANDIDATE to LEADER at term 1 for changeToLeader
2019-10-10 12:40:36,054 [2977129d-288a-401c-9baf-20955028e955@group-5D2FB05BB256:LeaderElection240] INFO  impl.RaftServerImpl (ServerState.java:setLeader(253)) - 2977129d-288a-401c-9baf-20955028e955@group-5D2FB05BB256: change Leader from null to 2977129d-288a-401c-9baf-20955028e955 at term 1 for becomeLeader, leader elected after 5106ms
2019-10-10 12:40:36,054 [2977129d-288a-401c-9baf-20955028e955@group-5D2FB05BB256:LeaderElection240] INFO  server.RaftServerConfigKeys (ConfUtils.java:logGet(43)) - raft.server.staging.catchup.gap = 1000 (default)
2019-10-10 12:40:36,054 [2977129d-288a-401c-9baf-20955028e955@group-5D2FB05BB256:LeaderElection240] INFO  server.RaftServerConfigKeys (ConfUtils.java:logGet(43)) - raft.server.rpc.sleep.time = 25ms (default)
2019-10-10 12:40:36,054 [2977129d-288a-401c-9baf-20955028e955@group-5D2FB05BB256:LeaderElection240] INFO  server.RaftServerConfigKeys (ConfUtils.java:logGet(43)) - raft.server.write.element-limit = 4096 (default)
2019-10-10 12:40:36,055 [2977129d-288a-401c-9baf-20955028e955@group-5D2FB05BB256:LeaderElection240] INFO  server.RaftServerConfigKeys (ConfUtils.java:logGet(43)) - raft.server.watch.timeout = 10s (default)
2019-10-10 12:40:36,055 [2977129d-288a-401c-9baf-20955028e955@group-5D2FB05BB256:LeaderElection240] INFO  server.RaftServerConfigKeys (ConfUtils.java:logGet(43)) - raft.server.watch.timeout.denomination = 1s (default)
2019-10-10 12:40:36,055 [2977129d-288a-401c-9baf-20955028e955@group-5D2FB05BB256:LeaderElection240] INFO  server.RaftServerConfigKeys (ConfUtils.java:logGet(43)) - raft.server.watch.element-limit = 65536 (default)
2019-10-10 12:40:36,057 [2977129d-288a-401c-9baf-20955028e955@group-5D2FB05BB256:LeaderElection240] INFO  impl.RoleInfo (RoleInfo.java:updateAndGet(143)) - 2977129d-288a-401c-9baf-20955028e955: start LeaderState
2019-10-10 12:40:36,058 [2977129d-288a-401c-9baf-20955028e955@group-5D2FB05BB256:LeaderElection240] INFO  segmented.SegmentedRaftLogWorker (SegmentedRaftLogWorker.java:startLogSegment(380)) - 2977129d-288a-401c-9baf-20955028e955@group-5D2FB05BB256-SegmentedRaftLogWorker: Starting segment from index:0
2019-10-10 12:40:36,059 [2977129d-288a-401c-9baf-20955028e955@group-5D2FB05BB256:LeaderElection240] INFO  impl.RaftServerImpl (ServerState.java:setRaftConf(354)) - 2977129d-288a-401c-9baf-20955028e955@group-5D2FB05BB256: set configuration 0: [2977129d-288a-401c-9baf-20955028e955:192.168.5.143:38849], old=null at 0
2019-10-10 12:40:36,085 [2977129d-288a-401c-9baf-20955028e955@group-5D2FB05BB256-SegmentedRaftLogWorker] INFO  segmented.SegmentedRaftLogWorker (SegmentedRaftLogWorker.java:execute(569)) - 2977129d-288a-401c-9baf-20955028e955@group-5D2FB05BB256-SegmentedRaftLogWorker: created new log segment /workdir/hadoop-ozone/integration-test/target/test-dir/MiniOzoneClusterImpl-8284007a-d704-4ed0-a0ee-bee753f20599/datanode-0/data/ratis/7a5dce3a-4533-4594-9510-5d2fb05bb256/current/log_inprogress_0
2019-10-10 12:40:36,112 [Thread-6619] INFO  impl.FollowerState (FollowerState.java:run(106)) - a5b85608-7f11-46ec-ae19-494ab54f3701:group-C411512F47B2 changes to CANDIDATE, lastRpcTime:5099, electionTimeout:5099ms
2019-10-10 12:40:36,112 [Thread-6619] INFO  impl.RoleInfo (RoleInfo.java:shutdownFollowerState(121)) - a5b85608-7f11-46ec-ae19-494ab54f3701: shutdown FollowerState
2019-10-10 12:40:36,112 [Thread-6619] INFO  impl.RaftServerImpl (RaftServerImpl.java:setRole(174)) - a5b85608-7f11-46ec-ae19-494ab54f3701@group-C411512F47B2: changes role from  FOLLOWER to CANDIDATE at term 0 for changeToCandidate
2019-10-10 12:40:36,112 [Thread-6619] INFO  impl.RoleInfo (RoleInfo.java:updateAndGet(143)) - a5b85608-7f11-46ec-ae19-494ab54f3701: start LeaderElection
2019-10-10 12:40:36,121 [a5b85608-7f11-46ec-ae19-494ab54f3701@group-C411512F47B2:LeaderElection241] INFO  impl.LeaderElection (LeaderElection.java:askForVotes(182)) - a5b85608-7f11-46ec-ae19-494ab54f3701@group-C411512F47B2:LeaderElection241: begin an election at term 1 for -1: [a5b85608-7f11-46ec-ae19-494ab54f3701:192.168.5.143:39887], old=null
2019-10-10 12:40:36,121 [a5b85608-7f11-46ec-ae19-494ab54f3701@group-C411512F47B2:LeaderElection241] INFO  impl.RoleInfo (RoleInfo.java:shutdownLeaderElection(134)) - a5b85608-7f11-46ec-ae19-494ab54f3701: shutdown LeaderElection
2019-10-10 12:40:36,121 [a5b85608-7f11-46ec-ae19-494ab54f3701@group-C411512F47B2:LeaderElection241] INFO  impl.RaftServerImpl (RaftServerImpl.java:setRole(174)) - a5b85608-7f11-46ec-ae19-494ab54f3701@group-C411512F47B2: changes role from CANDIDATE to LEADER at term 1 for changeToLeader
2019-10-10 12:40:36,121 [a5b85608-7f11-46ec-ae19-494ab54f3701@group-C411512F47B2:LeaderElection241] INFO  impl.RaftServerImpl (ServerState.java:setLeader(253)) - a5b85608-7f11-46ec-ae19-494ab54f3701@group-C411512F47B2: change Leader from null to a5b85608-7f11-46ec-ae19-494ab54f3701 at term 1 for becomeLeader, leader elected after 5114ms
2019-10-10 12:40:36,121 [a5b85608-7f11-46ec-ae19-494ab54f3701@group-C411512F47B2:LeaderElection241] INFO  server.RaftServerConfigKeys (ConfUtils.java:logGet(43)) - raft.server.staging.catchup.gap = 1000 (default)
2019-10-10 12:40:36,121 [a5b85608-7f11-46ec-ae19-494ab54f3701@group-C411512F47B2:LeaderElection241] INFO  server.RaftServerConfigKeys (ConfUtils.java:logGet(43)) - raft.server.rpc.sleep.time = 25ms (default)
2019-10-10 12:40:36,122 [a5b85608-7f11-46ec-ae19-494ab54f3701@group-C411512F47B2:LeaderElection241] INFO  server.RaftServerConfigKeys (ConfUtils.java:logGet(43)) - raft.server.write.element-limit = 4096 (default)
2019-10-10 12:40:36,122 [a5b85608-7f11-46ec-ae19-494ab54f3701@group-C411512F47B2:LeaderElection241] INFO  server.RaftServerConfigKeys (ConfUtils.java:logGet(43)) - raft.server.watch.timeout = 10s (default)
2019-10-10 12:40:36,122 [a5b85608-7f11-46ec-ae19-494ab54f3701@group-C411512F47B2:LeaderElection241] INFO  server.RaftServerConfigKeys (ConfUtils.java:logGet(43)) - raft.server.watch.timeout.denomination = 1s (default)
2019-10-10 12:40:36,122 [a5b85608-7f11-46ec-ae19-494ab54f3701@group-C411512F47B2:LeaderElection241] INFO  server.RaftServerConfigKeys (ConfUtils.java:logGet(43)) - raft.server.watch.element-limit = 65536 (default)
2019-10-10 12:40:36,124 [a5b85608-7f11-46ec-ae19-494ab54f3701@group-C411512F47B2:LeaderElection241] INFO  impl.RoleInfo (RoleInfo.java:updateAndGet(143)) - a5b85608-7f11-46ec-ae19-494ab54f3701: start LeaderState
2019-10-10 12:40:36,124 [a5b85608-7f11-46ec-ae19-494ab54f3701@group-C411512F47B2:LeaderElection241] INFO  segmented.SegmentedRaftLogWorker (SegmentedRaftLogWorker.java:startLogSegment(380)) - a5b85608-7f11-46ec-ae19-494ab54f3701@group-C411512F47B2-SegmentedRaftLogWorker: Starting segment from index:0
2019-10-10 12:40:36,125 [a5b85608-7f11-46ec-ae19-494ab54f3701@group-C411512F47B2:LeaderElection241] INFO  impl.RaftServerImpl (ServerState.java:setRaftConf(354)) - a5b85608-7f11-46ec-ae19-494ab54f3701@group-C411512F47B2: set configuration 0: [a5b85608-7f11-46ec-ae19-494ab54f3701:192.168.5.143:39887], old=null at 0
2019-10-10 12:40:36,158 [a5b85608-7f11-46ec-ae19-494ab54f3701@group-C411512F47B2-SegmentedRaftLogWorker] INFO  segmented.SegmentedRaftLogWorker (SegmentedRaftLogWorker.java:execute(569)) - a5b85608-7f11-46ec-ae19-494ab54f3701@group-C411512F47B2-SegmentedRaftLogWorker: created new log segment /workdir/hadoop-ozone/integration-test/target/test-dir/MiniOzoneClusterImpl-8284007a-d704-4ed0-a0ee-bee753f20599/datanode-1/data/ratis/7c6c096f-099e-4698-989d-c411512f47b2/current/log_inprogress_0
2019-10-10 12:40:36,194 [Thread-6629] INFO  impl.FollowerState (FollowerState.java:run(106)) - eb492a76-ee7b-4591-82c0-07dc34c8f09d:group-D85A2CF2A55E changes to CANDIDATE, lastRpcTime:5076, electionTimeout:5076ms
2019-10-10 12:40:36,194 [Thread-6629] INFO  impl.RoleInfo (RoleInfo.java:shutdownFollowerState(121)) - eb492a76-ee7b-4591-82c0-07dc34c8f09d: shutdown FollowerState
2019-10-10 12:40:36,194 [Thread-6629] INFO  impl.RaftServerImpl (RaftServerImpl.java:setRole(174)) - eb492a76-ee7b-4591-82c0-07dc34c8f09d@group-D85A2CF2A55E: changes role from  FOLLOWER to CANDIDATE at term 0 for changeToCandidate
2019-10-10 12:40:36,194 [Thread-6629] INFO  impl.RoleInfo (RoleInfo.java:updateAndGet(143)) - eb492a76-ee7b-4591-82c0-07dc34c8f09d: start LeaderElection
2019-10-10 12:40:36,213 [eb492a76-ee7b-4591-82c0-07dc34c8f09d@group-D85A2CF2A55E:LeaderElection242] INFO  impl.LeaderElection (LeaderElection.java:askForVotes(182)) - eb492a76-ee7b-4591-82c0-07dc34c8f09d@group-D85A2CF2A55E:LeaderElection242: begin an election at term 1 for -1: [2977129d-288a-401c-9baf-20955028e955:192.168.5.143:38849, eb492a76-ee7b-4591-82c0-07dc34c8f09d:192.168.5.143:39843, a5b85608-7f11-46ec-ae19-494ab54f3701:192.168.5.143:39887], old=null
2019-10-10 12:40:36,216 [grpc-default-executor-42] INFO  impl.RaftServerImpl (RaftServerImpl.java:setRole(174)) - 2977129d-288a-401c-9baf-20955028e955@group-D85A2CF2A55E: changes role from  FOLLOWER to FOLLOWER at term 1 for recognizeCandidate:eb492a76-ee7b-4591-82c0-07dc34c8f09d
2019-10-10 12:40:36,216 [grpc-default-executor-42] INFO  impl.RoleInfo (RoleInfo.java:shutdownFollowerState(121)) - 2977129d-288a-401c-9baf-20955028e955: shutdown FollowerState
2019-10-10 12:40:36,216 [grpc-default-executor-42] INFO  impl.RoleInfo (RoleInfo.java:updateAndGet(143)) - 2977129d-288a-401c-9baf-20955028e955: start FollowerState
2019-10-10 12:40:36,216 [grpc-default-executor-45] INFO  impl.RaftServerImpl (RaftServerImpl.java:setRole(174)) - a5b85608-7f11-46ec-ae19-494ab54f3701@group-D85A2CF2A55E: changes role from  FOLLOWER to FOLLOWER at term 1 for recognizeCandidate:eb492a76-ee7b-4591-82c0-07dc34c8f09d
2019-10-10 12:40:36,216 [Thread-6630] INFO  impl.FollowerState (FollowerState.java:run(115)) - 2977129d-288a-401c-9baf-20955028e955: FollowerState was interrupted: java.lang.InterruptedException: sleep interrupted
2019-10-10 12:40:36,217 [grpc-default-executor-45] INFO  impl.RoleInfo (RoleInfo.java:shutdownFollowerState(121)) - a5b85608-7f11-46ec-ae19-494ab54f3701: shutdown FollowerState
2019-10-10 12:40:36,217 [grpc-default-executor-45] INFO  impl.RoleInfo (RoleInfo.java:updateAndGet(143)) - a5b85608-7f11-46ec-ae19-494ab54f3701: start FollowerState
2019-10-10 12:40:36,217 [Thread-6625] INFO  impl.FollowerState (FollowerState.java:run(115)) - a5b85608-7f11-46ec-ae19-494ab54f3701: FollowerState was interrupted: java.lang.InterruptedException: sleep interrupted
2019-10-10 12:40:36,231 [Thread-6643] INFO  impl.FollowerState (FollowerState.java:run(106)) - 6f85b482-1ee3-41f8-b799-7ee315fa3ee8:group-4E0D53597C14 changes to CANDIDATE, lastRpcTime:5003, electionTimeout:5003ms
2019-10-10 12:40:36,231 [Thread-6643] INFO  impl.RoleInfo (RoleInfo.java:shutdownFollowerState(121)) - 6f85b482-1ee3-41f8-b799-7ee315fa3ee8: shutdown FollowerState
2019-10-10 12:40:36,231 [Thread-6643] INFO  impl.RaftServerImpl (RaftServerImpl.java:setRole(174)) - 6f85b482-1ee3-41f8-b799-7ee315fa3ee8@group-4E0D53597C14: changes role from  FOLLOWER to CANDIDATE at term 0 for changeToCandidate
2019-10-10 12:40:36,232 [Thread-6643] INFO  impl.RoleInfo (RoleInfo.java:updateAndGet(143)) - 6f85b482-1ee3-41f8-b799-7ee315fa3ee8: start LeaderElection
2019-10-10 12:40:36,236 [Thread-6622] INFO  impl.FollowerState (FollowerState.java:run(106)) - eb492a76-ee7b-4591-82c0-07dc34c8f09d:group-C1E8C45C735B changes to CANDIDATE, lastRpcTime:5158, electionTimeout:5158ms
2019-10-10 12:40:36,236 [Thread-6622] INFO  impl.RoleInfo (RoleInfo.java:shutdownFollowerState(121)) - eb492a76-ee7b-4591-82c0-07dc34c8f09d: shutdown FollowerState
2019-10-10 12:40:36,236 [Thread-6622] INFO  impl.RaftServerImpl (RaftServerImpl.java:setRole(174)) - eb492a76-ee7b-4591-82c0-07dc34c8f09d@group-C1E8C45C735B: changes role from  FOLLOWER to CANDIDATE at term 0 for changeToCandidate
2019-10-10 12:40:36,237 [Thread-6622] INFO  impl.RoleInfo (RoleInfo.java:updateAndGet(143)) - eb492a76-ee7b-4591-82c0-07dc34c8f09d: start LeaderElection
2019-10-10 12:40:36,241 [Thread-6647] INFO  impl.FollowerState (FollowerState.java:run(106)) - 2977129d-288a-401c-9baf-20955028e955:group-4E0D53597C14 changes to CANDIDATE, lastRpcTime:5011, electionTimeout:5011ms
2019-10-10 12:40:36,241 [Thread-6647] INFO  impl.RoleInfo (RoleInfo.java:shutdownFollowerState(121)) - 2977129d-288a-401c-9baf-20955028e955: shutdown FollowerState
2019-10-10 12:40:36,241 [Thread-6647] INFO  impl.RaftServerImpl (RaftServerImpl.java:setRole(174)) - 2977129d-288a-401c-9baf-20955028e955@group-4E0D53597C14: changes role from  FOLLOWER to CANDIDATE at term 0 for changeToCandidate
2019-10-10 12:40:36,241 [Thread-6647] INFO  impl.RoleInfo (RoleInfo.java:updateAndGet(143)) - 2977129d-288a-401c-9baf-20955028e955: start LeaderElection
2019-10-10 12:40:36,253 [6f85b482-1ee3-41f8-b799-7ee315fa3ee8@group-4E0D53597C14:LeaderElection243] INFO  impl.LeaderElection (LeaderElection.java:askForVotes(182)) - 6f85b482-1ee3-41f8-b799-7ee315fa3ee8@group-4E0D53597C14:LeaderElection243: begin an election at term 1 for -1: [6f85b482-1ee3-41f8-b799-7ee315fa3ee8:192.168.5.143:44817, 2977129d-288a-401c-9baf-20955028e955:192.168.5.143:38849, a5b85608-7f11-46ec-ae19-494ab54f3701:192.168.5.143:39887], old=null
2019-10-10 12:40:36,254 [eb492a76-ee7b-4591-82c0-07dc34c8f09d@group-D85A2CF2A55E:LeaderElection242] INFO  impl.LeaderElection (LeaderElection.java:logAndReturn(56)) - eb492a76-ee7b-4591-82c0-07dc34c8f09d@group-D85A2CF2A55E:LeaderElection242: Election PASSED; received 1 response(s) [eb492a76-ee7b-4591-82c0-07dc34c8f09d<-2977129d-288a-401c-9baf-20955028e955#0:OK-t1] and 0 exception(s); eb492a76-ee7b-4591-82c0-07dc34c8f09d@group-D85A2CF2A55E:t1, leader=null, voted=eb492a76-ee7b-4591-82c0-07dc34c8f09d, raftlog=eb492a76-ee7b-4591-82c0-07dc34c8f09d@group-D85A2CF2A55E-SegmentedRaftLog:OPENED:c-1,f-1,i0, conf=-1: [2977129d-288a-401c-9baf-20955028e955:192.168.5.143:38849, eb492a76-ee7b-4591-82c0-07dc34c8f09d:192.168.5.143:39843, a5b85608-7f11-46ec-ae19-494ab54f3701:192.168.5.143:39887], old=null
2019-10-10 12:40:36,254 [eb492a76-ee7b-4591-82c0-07dc34c8f09d@group-D85A2CF2A55E:LeaderElection242] INFO  impl.RoleInfo (RoleInfo.java:shutdownLeaderElection(134)) - eb492a76-ee7b-4591-82c0-07dc34c8f09d: shutdown LeaderElection
2019-10-10 12:40:36,254 [eb492a76-ee7b-4591-82c0-07dc34c8f09d@group-D85A2CF2A55E:LeaderElection242] INFO  impl.RaftServerImpl (RaftServerImpl.java:setRole(174)) - eb492a76-ee7b-4591-82c0-07dc34c8f09d@group-D85A2CF2A55E: changes role from CANDIDATE to LEADER at term 1 for changeToLeader
2019-10-10 12:40:36,254 [eb492a76-ee7b-4591-82c0-07dc34c8f09d@group-D85A2CF2A55E:LeaderElection242] INFO  impl.RaftServerImpl (ServerState.java:setLeader(253)) - eb492a76-ee7b-4591-82c0-07dc34c8f09d@group-D85A2CF2A55E: change Leader from null to eb492a76-ee7b-4591-82c0-07dc34c8f09d at term 1 for becomeLeader, leader elected after 5146ms
2019-10-10 12:40:36,254 [eb492a76-ee7b-4591-82c0-07dc34c8f09d@group-D85A2CF2A55E:LeaderElection242] INFO  server.RaftServerConfigKeys (ConfUtils.java:logGet(43)) - raft.server.staging.catchup.gap = 1000 (default)
2019-10-10 12:40:36,254 [eb492a76-ee7b-4591-82c0-07dc34c8f09d@group-D85A2CF2A55E:LeaderElection242] INFO  server.RaftServerConfigKeys (ConfUtils.java:logGet(43)) - raft.server.rpc.sleep.time = 25ms (default)
2019-10-10 12:40:36,255 [eb492a76-ee7b-4591-82c0-07dc34c8f09d@group-D85A2CF2A55E:LeaderElection242] INFO  server.RaftServerConfigKeys (ConfUtils.java:logGet(43)) - raft.server.write.element-limit = 4096 (default)
2019-10-10 12:40:36,255 [eb492a76-ee7b-4591-82c0-07dc34c8f09d@group-D85A2CF2A55E:LeaderElection242] INFO  server.RaftServerConfigKeys (ConfUtils.java:logGet(43)) - raft.server.watch.timeout = 10s (default)
2019-10-10 12:40:36,255 [eb492a76-ee7b-4591-82c0-07dc34c8f09d@group-C1E8C45C735B:LeaderElection244] INFO  impl.LeaderElection (LeaderElection.java:askForVotes(182)) - eb492a76-ee7b-4591-82c0-07dc34c8f09d@group-C1E8C45C735B:LeaderElection244: begin an election at term 1 for -1: [eb492a76-ee7b-4591-82c0-07dc34c8f09d:192.168.5.143:39843], old=null
2019-10-10 12:40:36,255 [eb492a76-ee7b-4591-82c0-07dc34c8f09d@group-D85A2CF2A55E:LeaderElection242] INFO  server.RaftServerConfigKeys (ConfUtils.java:logGet(43)) - raft.server.watch.timeout.denomination = 1s (default)
2019-10-10 12:40:36,255 [eb492a76-ee7b-4591-82c0-07dc34c8f09d@group-C1E8C45C735B:LeaderElection244] INFO  impl.RoleInfo (RoleInfo.java:shutdownLeaderElection(134)) - eb492a76-ee7b-4591-82c0-07dc34c8f09d: shutdown LeaderElection
2019-10-10 12:40:36,255 [eb492a76-ee7b-4591-82c0-07dc34c8f09d@group-D85A2CF2A55E:LeaderElection242] INFO  server.RaftServerConfigKeys (ConfUtils.java:logGet(43)) - raft.server.watch.element-limit = 65536 (default)
2019-10-10 12:40:36,255 [eb492a76-ee7b-4591-82c0-07dc34c8f09d@group-C1E8C45C735B:LeaderElection244] INFO  impl.RaftServerImpl (RaftServerImpl.java:setRole(174)) - eb492a76-ee7b-4591-82c0-07dc34c8f09d@group-C1E8C45C735B: changes role from CANDIDATE to LEADER at term 1 for changeToLeader
2019-10-10 12:40:36,256 [2977129d-288a-401c-9baf-20955028e955@group-4E0D53597C14:LeaderElection245] INFO  impl.LeaderElection (LeaderElection.java:askForVotes(182)) - 2977129d-288a-401c-9baf-20955028e955@group-4E0D53597C14:LeaderElection245: begin an election at term 1 for -1: [6f85b482-1ee3-41f8-b799-7ee315fa3ee8:192.168.5.143:44817, 2977129d-288a-401c-9baf-20955028e955:192.168.5.143:38849, a5b85608-7f11-46ec-ae19-494ab54f3701:192.168.5.143:39887], old=null
2019-10-10 12:40:36,256 [grpc-default-executor-42] INFO  impl.RaftServerImpl (RaftServerImpl.java:setRole(174)) - a5b85608-7f11-46ec-ae19-494ab54f3701@group-4E0D53597C14: changes role from  FOLLOWER to FOLLOWER at term 1 for recognizeCandidate:6f85b482-1ee3-41f8-b799-7ee315fa3ee8
2019-10-10 12:40:36,256 [grpc-default-executor-42] INFO  impl.RoleInfo (RoleInfo.java:shutdownFollowerState(121)) - a5b85608-7f11-46ec-ae19-494ab54f3701: shutdown FollowerState
2019-10-10 12:40:36,256 [eb492a76-ee7b-4591-82c0-07dc34c8f09d@group-C1E8C45C735B:LeaderElection244] INFO  impl.RaftServerImpl (ServerState.java:setLeader(253)) - eb492a76-ee7b-4591-82c0-07dc34c8f09d@group-C1E8C45C735B: change Leader from null to eb492a76-ee7b-4591-82c0-07dc34c8f09d at term 1 for becomeLeader, leader elected after 5184ms
2019-10-10 12:40:36,256 [Thread-6649] INFO  impl.FollowerState (FollowerState.java:run(115)) - a5b85608-7f11-46ec-ae19-494ab54f3701: FollowerState was interrupted: java.lang.InterruptedException: sleep interrupted
2019-10-10 12:40:36,256 [grpc-default-executor-42] INFO  impl.RoleInfo (RoleInfo.java:updateAndGet(143)) - a5b85608-7f11-46ec-ae19-494ab54f3701: start FollowerState
2019-10-10 12:40:36,256 [eb492a76-ee7b-4591-82c0-07dc34c8f09d@group-C1E8C45C735B:LeaderElection244] INFO  server.RaftServerConfigKeys (ConfUtils.java:logGet(43)) - raft.server.staging.catchup.gap = 1000 (default)
2019-10-10 12:40:36,256 [eb492a76-ee7b-4591-82c0-07dc34c8f09d@group-C1E8C45C735B:LeaderElection244] INFO  server.RaftServerConfigKeys (ConfUtils.java:logGet(43)) - raft.server.rpc.sleep.time = 25ms (default)
2019-10-10 12:40:36,257 [eb492a76-ee7b-4591-82c0-07dc34c8f09d@group-C1E8C45C735B:LeaderElection244] INFO  server.RaftServerConfigKeys (ConfUtils.java:logGet(43)) - raft.server.write.element-limit = 4096 (default)
2019-10-10 12:40:36,257 [eb492a76-ee7b-4591-82c0-07dc34c8f09d@group-C1E8C45C735B:LeaderElection244] INFO  server.RaftServerConfigKeys (ConfUtils.java:logGet(43)) - raft.server.watch.timeout = 10s (default)
2019-10-10 12:40:36,257 [eb492a76-ee7b-4591-82c0-07dc34c8f09d@group-C1E8C45C735B:LeaderElection244] INFO  server.RaftServerConfigKeys (ConfUtils.java:logGet(43)) - raft.server.watch.timeout.denomination = 1s (default)
2019-10-10 12:40:36,257 [eb492a76-ee7b-4591-82c0-07dc34c8f09d@group-C1E8C45C735B:LeaderElection244] INFO  server.RaftServerConfigKeys (ConfUtils.java:logGet(43)) - raft.server.watch.element-limit = 65536 (default)
2019-10-10 12:40:36,257 [eb492a76-ee7b-4591-82c0-07dc34c8f09d@group-D85A2CF2A55E:LeaderElection242] INFO  server.RaftServerConfigKeys (ConfUtils.java:logGet(43)) - raft.server.log.appender.snapshot.chunk.size.max = 16MB (=16777216) (default)
2019-10-10 12:40:36,258 [eb492a76-ee7b-4591-82c0-07dc34c8f09d@group-D85A2CF2A55E:LeaderElection242] INFO  server.RaftServerConfigKeys (ConfUtils.java:logGet(43)) - raft.server.log.appender.buffer.byte-limit = 33554432 (custom)
2019-10-10 12:40:36,258 [eb492a76-ee7b-4591-82c0-07dc34c8f09d@group-D85A2CF2A55E:LeaderElection242] INFO  server.RaftServerConfigKeys (ConfUtils.java:logGet(43)) - raft.server.log.appender.buffer.element-limit = 1 (custom)
2019-10-10 12:40:36,258 [eb492a76-ee7b-4591-82c0-07dc34c8f09d@group-D85A2CF2A55E:LeaderElection242] INFO  grpc.GrpcConfigKeys$Server (ConfUtils.java:logGet(43)) - raft.grpc.server.leader.outstanding.appends.max = 128 (default)
2019-10-10 12:40:36,258 [eb492a76-ee7b-4591-82c0-07dc34c8f09d@group-D85A2CF2A55E:LeaderElection242] INFO  server.RaftServerConfigKeys (ConfUtils.java:logGet(43)) - raft.server.rpc.request.timeout = 3000ms (default)
2019-10-10 12:40:36,259 [eb492a76-ee7b-4591-82c0-07dc34c8f09d@group-D85A2CF2A55E:LeaderElection242] INFO  server.RaftServerConfigKeys (ConfUtils.java:logGet(43)) - raft.server.log.appender.install.snapshot.enabled = false (custom)
2019-10-10 12:40:36,259 [eb492a76-ee7b-4591-82c0-07dc34c8f09d@group-C1E8C45C735B:LeaderElection244] INFO  impl.RoleInfo (RoleInfo.java:updateAndGet(143)) - eb492a76-ee7b-4591-82c0-07dc34c8f09d: start LeaderState
2019-10-10 12:40:36,259 [eb492a76-ee7b-4591-82c0-07dc34c8f09d@group-D85A2CF2A55E:LeaderElection242] INFO  server.RaftServerConfigKeys (ConfUtils.java:logGet(43)) - raft.server.log.appender.snapshot.chunk.size.max = 16MB (=16777216) (default)
2019-10-10 12:40:36,259 [eb492a76-ee7b-4591-82c0-07dc34c8f09d@group-C1E8C45C735B:LeaderElection244] INFO  segmented.SegmentedRaftLogWorker (SegmentedRaftLogWorker.java:startLogSegment(380)) - eb492a76-ee7b-4591-82c0-07dc34c8f09d@group-C1E8C45C735B-SegmentedRaftLogWorker: Starting segment from index:0
2019-10-10 12:40:36,259 [eb492a76-ee7b-4591-82c0-07dc34c8f09d@group-D85A2CF2A55E:LeaderElection242] INFO  server.RaftServerConfigKeys (ConfUtils.java:logGet(43)) - raft.server.log.appender.buffer.byte-limit = 33554432 (custom)
2019-10-10 12:40:36,259 [eb492a76-ee7b-4591-82c0-07dc34c8f09d@group-D85A2CF2A55E:LeaderElection242] INFO  server.RaftServerConfigKeys (ConfUtils.java:logGet(43)) - raft.server.log.appender.buffer.element-limit = 1 (custom)
2019-10-10 12:40:36,259 [eb492a76-ee7b-4591-82c0-07dc34c8f09d@group-C1E8C45C735B:LeaderElection244] INFO  impl.RaftServerImpl (ServerState.java:setRaftConf(354)) - eb492a76-ee7b-4591-82c0-07dc34c8f09d@group-C1E8C45C735B: set configuration 0: [eb492a76-ee7b-4591-82c0-07dc34c8f09d:192.168.5.143:39843], old=null at 0
2019-10-10 12:40:36,259 [eb492a76-ee7b-4591-82c0-07dc34c8f09d@group-D85A2CF2A55E:LeaderElection242] INFO  grpc.GrpcConfigKeys$Server (ConfUtils.java:logGet(43)) - raft.grpc.server.leader.outstanding.appends.max = 128 (default)
2019-10-10 12:40:36,260 [eb492a76-ee7b-4591-82c0-07dc34c8f09d@group-D85A2CF2A55E:LeaderElection242] INFO  server.RaftServerConfigKeys (ConfUtils.java:logGet(43)) - raft.server.rpc.request.timeout = 3000ms (default)
2019-10-10 12:40:36,260 [eb492a76-ee7b-4591-82c0-07dc34c8f09d@group-D85A2CF2A55E:LeaderElection242] INFO  server.RaftServerConfigKeys (ConfUtils.java:logGet(43)) - raft.server.log.appender.install.snapshot.enabled = false (custom)
2019-10-10 12:40:36,260 [eb492a76-ee7b-4591-82c0-07dc34c8f09d@group-D85A2CF2A55E:LeaderElection242] INFO  impl.RoleInfo (RoleInfo.java:updateAndGet(143)) - eb492a76-ee7b-4591-82c0-07dc34c8f09d: start LeaderState
2019-10-10 12:40:36,260 [eb492a76-ee7b-4591-82c0-07dc34c8f09d@group-D85A2CF2A55E:LeaderElection242] INFO  segmented.SegmentedRaftLogWorker (SegmentedRaftLogWorker.java:startLogSegment(380)) - eb492a76-ee7b-4591-82c0-07dc34c8f09d@group-D85A2CF2A55E-SegmentedRaftLogWorker: Starting segment from index:0
2019-10-10 12:40:36,261 [eb492a76-ee7b-4591-82c0-07dc34c8f09d@group-D85A2CF2A55E:LeaderElection242] INFO  impl.RaftServerImpl (ServerState.java:setRaftConf(354)) - eb492a76-ee7b-4591-82c0-07dc34c8f09d@group-D85A2CF2A55E: set configuration 0: [2977129d-288a-401c-9baf-20955028e955:192.168.5.143:38849, eb492a76-ee7b-4591-82c0-07dc34c8f09d:192.168.5.143:39843, a5b85608-7f11-46ec-ae19-494ab54f3701:192.168.5.143:39887], old=null at 0
2019-10-10 12:40:36,261 [6f85b482-1ee3-41f8-b799-7ee315fa3ee8@group-4E0D53597C14:LeaderElection243] INFO  impl.LeaderElection (LeaderElection.java:logAndReturn(56)) - 6f85b482-1ee3-41f8-b799-7ee315fa3ee8@group-4E0D53597C14:LeaderElection243: Election PASSED; received 2 response(s) [6f85b482-1ee3-41f8-b799-7ee315fa3ee8<-2977129d-288a-401c-9baf-20955028e955#0:FAIL-t1, 6f85b482-1ee3-41f8-b799-7ee315fa3ee8<-a5b85608-7f11-46ec-ae19-494ab54f3701#0:OK-t1] and 0 exception(s); 6f85b482-1ee3-41f8-b799-7ee315fa3ee8@group-4E0D53597C14:t1, leader=null, voted=6f85b482-1ee3-41f8-b799-7ee315fa3ee8, raftlog=6f85b482-1ee3-41f8-b799-7ee315fa3ee8@group-4E0D53597C14-SegmentedRaftLog:OPENED:c-1,f-1,i0, conf=-1: [6f85b482-1ee3-41f8-b799-7ee315fa3ee8:192.168.5.143:44817, 2977129d-288a-401c-9baf-20955028e955:192.168.5.143:38849, a5b85608-7f11-46ec-ae19-494ab54f3701:192.168.5.143:39887], old=null
2019-10-10 12:40:36,261 [2977129d-288a-401c-9baf-20955028e955@group-4E0D53597C14:LeaderElection245] INFO  impl.LeaderElection (LeaderElection.java:logAndReturn(56)) - 2977129d-288a-401c-9baf-20955028e955@group-4E0D53597C14:LeaderElection245: Election REJECTED; received 2 response(s) [2977129d-288a-401c-9baf-20955028e955<-6f85b482-1ee3-41f8-b799-7ee315fa3ee8#0:FAIL-t1, 2977129d-288a-401c-9baf-20955028e955<-a5b85608-7f11-46ec-ae19-494ab54f3701#0:FAIL-t1] and 0 exception(s); 2977129d-288a-401c-9baf-20955028e955@group-4E0D53597C14:t1, leader=null, voted=2977129d-288a-401c-9baf-20955028e955, raftlog=2977129d-288a-401c-9baf-20955028e955@group-4E0D53597C14-SegmentedRaftLog:OPENED:c-1,f-1,i0, conf=-1: [6f85b482-1ee3-41f8-b799-7ee315fa3ee8:192.168.5.143:44817, 2977129d-288a-401c-9baf-20955028e955:192.168.5.143:38849, a5b85608-7f11-46ec-ae19-494ab54f3701:192.168.5.143:39887], old=null
2019-10-10 12:40:36,261 [6f85b482-1ee3-41f8-b799-7ee315fa3ee8@group-4E0D53597C14:LeaderElection243] INFO  impl.RoleInfo (RoleInfo.java:shutdownLeaderElection(134)) - 6f85b482-1ee3-41f8-b799-7ee315fa3ee8: shutdown LeaderElection
2019-10-10 12:40:36,261 [2977129d-288a-401c-9baf-20955028e955@group-4E0D53597C14:LeaderElection245] INFO  impl.RaftServerImpl (RaftServerImpl.java:setRole(174)) - 2977129d-288a-401c-9baf-20955028e955@group-4E0D53597C14: changes role from CANDIDATE to FOLLOWER at term 1 for DISCOVERED_A_NEW_TERM
2019-10-10 12:40:36,262 [6f85b482-1ee3-41f8-b799-7ee315fa3ee8@group-4E0D53597C14:LeaderElection243] INFO  impl.RaftServerImpl (RaftServerImpl.java:setRole(174)) - 6f85b482-1ee3-41f8-b799-7ee315fa3ee8@group-4E0D53597C14: changes role from CANDIDATE to LEADER at term 1 for changeToLeader
2019-10-10 12:40:36,262 [2977129d-288a-401c-9baf-20955028e955@group-4E0D53597C14:LeaderElection245] INFO  impl.RoleInfo (RoleInfo.java:shutdownLeaderElection(134)) - 2977129d-288a-401c-9baf-20955028e955: shutdown LeaderElection
2019-10-10 12:40:36,262 [6f85b482-1ee3-41f8-b799-7ee315fa3ee8@group-4E0D53597C14:LeaderElection243] INFO  impl.RaftServerImpl (ServerState.java:setLeader(253)) - 6f85b482-1ee3-41f8-b799-7ee315fa3ee8@group-4E0D53597C14: change Leader from null to 6f85b482-1ee3-41f8-b799-7ee315fa3ee8 at term 1 for becomeLeader, leader elected after 5042ms
2019-10-10 12:40:36,262 [2977129d-288a-401c-9baf-20955028e955@group-4E0D53597C14:LeaderElection245] INFO  impl.RoleInfo (RoleInfo.java:updateAndGet(143)) - 2977129d-288a-401c-9baf-20955028e955: start FollowerState
2019-10-10 12:40:36,262 [6f85b482-1ee3-41f8-b799-7ee315fa3ee8@group-4E0D53597C14:LeaderElection243] INFO  server.RaftServerConfigKeys (ConfUtils.java:logGet(43)) - raft.server.staging.catchup.gap = 1000 (default)
2019-10-10 12:40:36,262 [grpc-default-executor-45] INFO  impl.RaftServerImpl (ServerState.java:setLeader(253)) - 2977129d-288a-401c-9baf-20955028e955@group-D85A2CF2A55E: change Leader from null to eb492a76-ee7b-4591-82c0-07dc34c8f09d at term 1 for appendEntries, leader elected after 5154ms
2019-10-10 12:40:36,262 [grpc-default-executor-42] INFO  impl.RaftServerImpl (ServerState.java:setLeader(253)) - a5b85608-7f11-46ec-ae19-494ab54f3701@group-D85A2CF2A55E: change Leader from null to eb492a76-ee7b-4591-82c0-07dc34c8f09d at term 1 for appendEntries, leader elected after 5155ms
2019-10-10 12:40:36,262 [6f85b482-1ee3-41f8-b799-7ee315fa3ee8@group-4E0D53597C14:LeaderElection243] INFO  server.RaftServerConfigKeys (ConfUtils.java:logGet(43)) - raft.server.rpc.sleep.time = 25ms (default)
2019-10-10 12:40:36,263 [6f85b482-1ee3-41f8-b799-7ee315fa3ee8@group-4E0D53597C14:LeaderElection243] INFO  server.RaftServerConfigKeys (ConfUtils.java:logGet(43)) - raft.server.write.element-limit = 4096 (default)
2019-10-10 12:40:36,263 [6f85b482-1ee3-41f8-b799-7ee315fa3ee8@group-4E0D53597C14:LeaderElection243] INFO  server.RaftServerConfigKeys (ConfUtils.java:logGet(43)) - raft.server.watch.timeout = 10s (default)
2019-10-10 12:40:36,263 [6f85b482-1ee3-41f8-b799-7ee315fa3ee8@group-4E0D53597C14:LeaderElection243] INFO  server.RaftServerConfigKeys (ConfUtils.java:logGet(43)) - raft.server.watch.timeout.denomination = 1s (default)
2019-10-10 12:40:36,263 [6f85b482-1ee3-41f8-b799-7ee315fa3ee8@group-4E0D53597C14:LeaderElection243] INFO  server.RaftServerConfigKeys (ConfUtils.java:logGet(43)) - raft.server.watch.element-limit = 65536 (default)
2019-10-10 12:40:36,264 [grpc-default-executor-45] INFO  impl.RaftServerImpl (ServerState.java:setRaftConf(354)) - 2977129d-288a-401c-9baf-20955028e955@group-D85A2CF2A55E: set configuration 0: [2977129d-288a-401c-9baf-20955028e955:192.168.5.143:38849, eb492a76-ee7b-4591-82c0-07dc34c8f09d:192.168.5.143:39843, a5b85608-7f11-46ec-ae19-494ab54f3701:192.168.5.143:39887], old=null at 0
2019-10-10 12:40:36,264 [grpc-default-executor-42] INFO  impl.RaftServerImpl (ServerState.java:setRaftConf(354)) - a5b85608-7f11-46ec-ae19-494ab54f3701@group-D85A2CF2A55E: set configuration 0: [2977129d-288a-401c-9baf-20955028e955:192.168.5.143:38849, eb492a76-ee7b-4591-82c0-07dc34c8f09d:192.168.5.143:39843, a5b85608-7f11-46ec-ae19-494ab54f3701:192.168.5.143:39887], old=null at 0
2019-10-10 12:40:36,264 [grpc-default-executor-45] INFO  segmented.SegmentedRaftLogWorker (SegmentedRaftLogWorker.java:startLogSegment(380)) - 2977129d-288a-401c-9baf-20955028e955@group-D85A2CF2A55E-SegmentedRaftLogWorker: Starting segment from index:0
2019-10-10 12:40:36,265 [6f85b482-1ee3-41f8-b799-7ee315fa3ee8@group-4E0D53597C14:LeaderElection243] INFO  server.RaftServerConfigKeys (ConfUtils.java:logGet(43)) - raft.server.log.appender.snapshot.chunk.size.max = 16MB (=16777216) (default)
2019-10-10 12:40:36,265 [grpc-default-executor-42] INFO  segmented.SegmentedRaftLogWorker (SegmentedRaftLogWorker.java:startLogSegment(380)) - a5b85608-7f11-46ec-ae19-494ab54f3701@group-D85A2CF2A55E-SegmentedRaftLogWorker: Starting segment from index:0
2019-10-10 12:40:36,265 [6f85b482-1ee3-41f8-b799-7ee315fa3ee8@group-4E0D53597C14:LeaderElection243] INFO  server.RaftServerConfigKeys (ConfUtils.java:logGet(43)) - raft.server.log.appender.buffer.byte-limit = 33554432 (custom)
2019-10-10 12:40:36,265 [6f85b482-1ee3-41f8-b799-7ee315fa3ee8@group-4E0D53597C14:LeaderElection243] INFO  server.RaftServerConfigKeys (ConfUtils.java:logGet(43)) - raft.server.log.appender.buffer.element-limit = 1 (custom)
2019-10-10 12:40:36,265 [6f85b482-1ee3-41f8-b799-7ee315fa3ee8@group-4E0D53597C14:LeaderElection243] INFO  grpc.GrpcConfigKeys$Server (ConfUtils.java:logGet(43)) - raft.grpc.server.leader.outstanding.appends.max = 128 (default)
2019-10-10 12:40:36,266 [6f85b482-1ee3-41f8-b799-7ee315fa3ee8@group-4E0D53597C14:LeaderElection243] INFO  server.RaftServerConfigKeys (ConfUtils.java:logGet(43)) - raft.server.rpc.request.timeout = 3000ms (default)
2019-10-10 12:40:36,266 [6f85b482-1ee3-41f8-b799-7ee315fa3ee8@group-4E0D53597C14:LeaderElection243] INFO  server.RaftServerConfigKeys (ConfUtils.java:logGet(43)) - raft.server.log.appender.install.snapshot.enabled = false (custom)
2019-10-10 12:40:36,266 [6f85b482-1ee3-41f8-b799-7ee315fa3ee8@group-4E0D53597C14:LeaderElection243] INFO  server.RaftServerConfigKeys (ConfUtils.java:logGet(43)) - raft.server.log.appender.snapshot.chunk.size.max = 16MB (=16777216) (default)
2019-10-10 12:40:36,266 [6f85b482-1ee3-41f8-b799-7ee315fa3ee8@group-4E0D53597C14:LeaderElection243] INFO  server.RaftServerConfigKeys (ConfUtils.java:logGet(43)) - raft.server.log.appender.buffer.byte-limit = 33554432 (custom)
2019-10-10 12:40:36,266 [6f85b482-1ee3-41f8-b799-7ee315fa3ee8@group-4E0D53597C14:LeaderElection243] INFO  server.RaftServerConfigKeys (ConfUtils.java:logGet(43)) - raft.server.log.appender.buffer.element-limit = 1 (custom)
2019-10-10 12:40:36,266 [6f85b482-1ee3-41f8-b799-7ee315fa3ee8@group-4E0D53597C14:LeaderElection243] INFO  grpc.GrpcConfigKeys$Server (ConfUtils.java:logGet(43)) - raft.grpc.server.leader.outstanding.appends.max = 128 (default)
2019-10-10 12:40:36,266 [6f85b482-1ee3-41f8-b799-7ee315fa3ee8@group-4E0D53597C14:LeaderElection243] INFO  server.RaftServerConfigKeys (ConfUtils.java:logGet(43)) - raft.server.rpc.request.timeout = 3000ms (default)
2019-10-10 12:40:36,266 [6f85b482-1ee3-41f8-b799-7ee315fa3ee8@group-4E0D53597C14:LeaderElection243] INFO  server.RaftServerConfigKeys (ConfUtils.java:logGet(43)) - raft.server.log.appender.install.snapshot.enabled = false (custom)
2019-10-10 12:40:36,267 [6f85b482-1ee3-41f8-b799-7ee315fa3ee8@group-4E0D53597C14:LeaderElection243] INFO  impl.RoleInfo (RoleInfo.java:updateAndGet(143)) - 6f85b482-1ee3-41f8-b799-7ee315fa3ee8: start LeaderState
2019-10-10 12:40:36,267 [6f85b482-1ee3-41f8-b799-7ee315fa3ee8@group-4E0D53597C14:LeaderElection243] INFO  segmented.SegmentedRaftLogWorker (SegmentedRaftLogWorker.java:startLogSegment(380)) - 6f85b482-1ee3-41f8-b799-7ee315fa3ee8@group-4E0D53597C14-SegmentedRaftLogWorker: Starting segment from index:0
2019-10-10 12:40:36,267 [6f85b482-1ee3-41f8-b799-7ee315fa3ee8@group-4E0D53597C14:LeaderElection243] INFO  impl.RaftServerImpl (ServerState.java:setRaftConf(354)) - 6f85b482-1ee3-41f8-b799-7ee315fa3ee8@group-4E0D53597C14: set configuration 0: [6f85b482-1ee3-41f8-b799-7ee315fa3ee8:192.168.5.143:44817, 2977129d-288a-401c-9baf-20955028e955:192.168.5.143:38849, a5b85608-7f11-46ec-ae19-494ab54f3701:192.168.5.143:39887], old=null at 0
2019-10-10 12:40:36,268 [grpc-default-executor-45] INFO  impl.RaftServerImpl (ServerState.java:setLeader(253)) - a5b85608-7f11-46ec-ae19-494ab54f3701@group-4E0D53597C14: change Leader from null to 6f85b482-1ee3-41f8-b799-7ee315fa3ee8 at term 1 for appendEntries, leader elected after 5048ms
2019-10-10 12:40:36,268 [grpc-default-executor-45] INFO  impl.RaftServerImpl (ServerState.java:setLeader(253)) - 2977129d-288a-401c-9baf-20955028e955@group-4E0D53597C14: change Leader from null to 6f85b482-1ee3-41f8-b799-7ee315fa3ee8 at term 1 for appendEntries, leader elected after 5049ms
2019-10-10 12:40:36,270 [grpc-default-executor-45] INFO  impl.RaftServerImpl (ServerState.java:setRaftConf(354)) - a5b85608-7f11-46ec-ae19-494ab54f3701@group-4E0D53597C14: set configuration 0: [6f85b482-1ee3-41f8-b799-7ee315fa3ee8:192.168.5.143:44817, 2977129d-288a-401c-9baf-20955028e955:192.168.5.143:38849, a5b85608-7f11-46ec-ae19-494ab54f3701:192.168.5.143:39887], old=null at 0
2019-10-10 12:40:36,270 [grpc-default-executor-45] INFO  segmented.SegmentedRaftLogWorker (SegmentedRaftLogWorker.java:startLogSegment(380)) - a5b85608-7f11-46ec-ae19-494ab54f3701@group-4E0D53597C14-SegmentedRaftLogWorker: Starting segment from index:0
2019-10-10 12:40:36,270 [grpc-default-executor-42] INFO  impl.RaftServerImpl (ServerState.java:setRaftConf(354)) - 2977129d-288a-401c-9baf-20955028e955@group-4E0D53597C14: set configuration 0: [6f85b482-1ee3-41f8-b799-7ee315fa3ee8:192.168.5.143:44817, 2977129d-288a-401c-9baf-20955028e955:192.168.5.143:38849, a5b85608-7f11-46ec-ae19-494ab54f3701:192.168.5.143:39887], old=null at 0
2019-10-10 12:40:36,270 [grpc-default-executor-42] INFO  segmented.SegmentedRaftLogWorker (SegmentedRaftLogWorker.java:startLogSegment(380)) - 2977129d-288a-401c-9baf-20955028e955@group-4E0D53597C14-SegmentedRaftLogWorker: Starting segment from index:0
2019-10-10 12:40:36,304 [Thread-6638] INFO  impl.FollowerState (FollowerState.java:run(106)) - 6f85b482-1ee3-41f8-b799-7ee315fa3ee8:group-BAAFDA4BB310 changes to CANDIDATE, lastRpcTime:5140, electionTimeout:5140ms
2019-10-10 12:40:36,304 [Thread-6638] INFO  impl.RoleInfo (RoleInfo.java:shutdownFollowerState(121)) - 6f85b482-1ee3-41f8-b799-7ee315fa3ee8: shutdown FollowerState
2019-10-10 12:40:36,304 [Thread-6638] INFO  impl.RaftServerImpl (RaftServerImpl.java:setRole(174)) - 6f85b482-1ee3-41f8-b799-7ee315fa3ee8@group-BAAFDA4BB310: changes role from  FOLLOWER to CANDIDATE at term 0 for changeToCandidate
2019-10-10 12:40:36,304 [eb492a76-ee7b-4591-82c0-07dc34c8f09d@group-D85A2CF2A55E-SegmentedRaftLogWorker] INFO  segmented.SegmentedRaftLogWorker (SegmentedRaftLogWorker.java:execute(569)) - eb492a76-ee7b-4591-82c0-07dc34c8f09d@group-D85A2CF2A55E-SegmentedRaftLogWorker: created new log segment /workdir/hadoop-ozone/integration-test/target/test-dir/MiniOzoneClusterImpl-8284007a-d704-4ed0-a0ee-bee753f20599/datanode-2/data/ratis/ffe594bf-f732-47eb-9e67-d85a2cf2a55e/current/log_inprogress_0
2019-10-10 12:40:36,304 [eb492a76-ee7b-4591-82c0-07dc34c8f09d@group-C1E8C45C735B-SegmentedRaftLogWorker] INFO  segmented.SegmentedRaftLogWorker (SegmentedRaftLogWorker.java:execute(569)) - eb492a76-ee7b-4591-82c0-07dc34c8f09d@group-C1E8C45C735B-SegmentedRaftLogWorker: created new log segment /workdir/hadoop-ozone/integration-test/target/test-dir/MiniOzoneClusterImpl-8284007a-d704-4ed0-a0ee-bee753f20599/datanode-2/data/ratis/d3c848c2-4c5e-4ccd-b051-c1e8c45c735b/current/log_inprogress_0
2019-10-10 12:40:36,304 [Thread-6638] INFO  impl.RoleInfo (RoleInfo.java:updateAndGet(143)) - 6f85b482-1ee3-41f8-b799-7ee315fa3ee8: start LeaderElection
2019-10-10 12:40:36,307 [6f85b482-1ee3-41f8-b799-7ee315fa3ee8@group-4E0D53597C14-SegmentedRaftLogWorker] INFO  segmented.SegmentedRaftLogWorker (SegmentedRaftLogWorker.java:execute(569)) - 6f85b482-1ee3-41f8-b799-7ee315fa3ee8@group-4E0D53597C14-SegmentedRaftLogWorker: created new log segment /workdir/hadoop-ozone/integration-test/target/test-dir/MiniOzoneClusterImpl-8284007a-d704-4ed0-a0ee-bee753f20599/datanode-3/data/ratis/5006571e-737a-4a6f-a6c0-4e0d53597c14/current/log_inprogress_0
2019-10-10 12:40:36,307 [a5b85608-7f11-46ec-ae19-494ab54f3701@group-D85A2CF2A55E-SegmentedRaftLogWorker] INFO  segmented.SegmentedRaftLogWorker (SegmentedRaftLogWorker.java:execute(569)) - a5b85608-7f11-46ec-ae19-494ab54f3701@group-D85A2CF2A55E-SegmentedRaftLogWorker: created new log segment /workdir/hadoop-ozone/integration-test/target/test-dir/MiniOzoneClusterImpl-8284007a-d704-4ed0-a0ee-bee753f20599/datanode-1/data/ratis/ffe594bf-f732-47eb-9e67-d85a2cf2a55e/current/log_inprogress_0
2019-10-10 12:40:36,307 [2977129d-288a-401c-9baf-20955028e955@group-D85A2CF2A55E-SegmentedRaftLogWorker] INFO  segmented.SegmentedRaftLogWorker (SegmentedRaftLogWorker.java:execute(569)) - 2977129d-288a-401c-9baf-20955028e955@group-D85A2CF2A55E-SegmentedRaftLogWorker: created new log segment /workdir/hadoop-ozone/integration-test/target/test-dir/MiniOzoneClusterImpl-8284007a-d704-4ed0-a0ee-bee753f20599/datanode-0/data/ratis/ffe594bf-f732-47eb-9e67-d85a2cf2a55e/current/log_inprogress_0
2019-10-10 12:40:36,312 [Thread-6634] INFO  impl.FollowerState (FollowerState.java:run(106)) - 2977129d-288a-401c-9baf-20955028e955:group-BAAFDA4BB310 changes to CANDIDATE, lastRpcTime:5153, electionTimeout:5153ms
2019-10-10 12:40:36,312 [Thread-6634] INFO  impl.RoleInfo (RoleInfo.java:shutdownFollowerState(121)) - 2977129d-288a-401c-9baf-20955028e955: shutdown FollowerState
2019-10-10 12:40:36,312 [Thread-6634] INFO  impl.RaftServerImpl (RaftServerImpl.java:setRole(174)) - 2977129d-288a-401c-9baf-20955028e955@group-BAAFDA4BB310: changes role from  FOLLOWER to CANDIDATE at term 0 for changeToCandidate
2019-10-10 12:40:36,313 [Thread-6634] INFO  impl.RoleInfo (RoleInfo.java:updateAndGet(143)) - 2977129d-288a-401c-9baf-20955028e955: start LeaderElection
2019-10-10 12:40:36,332 [2977129d-288a-401c-9baf-20955028e955@group-4E0D53597C14-SegmentedRaftLogWorker] INFO  segmented.SegmentedRaftLogWorker (SegmentedRaftLogWorker.java:execute(569)) - 2977129d-288a-401c-9baf-20955028e955@group-4E0D53597C14-SegmentedRaftLogWorker: created new log segment /workdir/hadoop-ozone/integration-test/target/test-dir/MiniOzoneClusterImpl-8284007a-d704-4ed0-a0ee-bee753f20599/datanode-0/data/ratis/5006571e-737a-4a6f-a6c0-4e0d53597c14/current/log_inprogress_0
2019-10-10 12:40:36,333 [a5b85608-7f11-46ec-ae19-494ab54f3701@group-4E0D53597C14-SegmentedRaftLogWorker] INFO  segmented.SegmentedRaftLogWorker (SegmentedRaftLogWorker.java:execute(569)) - a5b85608-7f11-46ec-ae19-494ab54f3701@group-4E0D53597C14-SegmentedRaftLogWorker: created new log segment /workdir/hadoop-ozone/integration-test/target/test-dir/MiniOzoneClusterImpl-8284007a-d704-4ed0-a0ee-bee753f20599/datanode-1/data/ratis/5006571e-737a-4a6f-a6c0-4e0d53597c14/current/log_inprogress_0
2019-10-10 12:40:36,333 [6f85b482-1ee3-41f8-b799-7ee315fa3ee8@group-BAAFDA4BB310:LeaderElection246] INFO  impl.LeaderElection (LeaderElection.java:askForVotes(182)) - 6f85b482-1ee3-41f8-b799-7ee315fa3ee8@group-BAAFDA4BB310:LeaderElection246: begin an election at term 1 for -1: [6f85b482-1ee3-41f8-b799-7ee315fa3ee8:192.168.5.143:44817, 2977129d-288a-401c-9baf-20955028e955:192.168.5.143:38849, a5b85608-7f11-46ec-ae19-494ab54f3701:192.168.5.143:39887], old=null
2019-10-10 12:40:36,334 [2977129d-288a-401c-9baf-20955028e955@group-BAAFDA4BB310:LeaderElection247] INFO  impl.LeaderElection (LeaderElection.java:askForVotes(182)) - 2977129d-288a-401c-9baf-20955028e955@group-BAAFDA4BB310:LeaderElection247: begin an election at term 1 for -1: [6f85b482-1ee3-41f8-b799-7ee315fa3ee8:192.168.5.143:44817, 2977129d-288a-401c-9baf-20955028e955:192.168.5.143:38849, a5b85608-7f11-46ec-ae19-494ab54f3701:192.168.5.143:39887], old=null
2019-10-10 12:40:36,335 [grpc-default-executor-42] INFO  impl.RaftServerImpl (RaftServerImpl.java:setRole(174)) - a5b85608-7f11-46ec-ae19-494ab54f3701@group-BAAFDA4BB310: changes role from  FOLLOWER to FOLLOWER at term 1 for recognizeCandidate:6f85b482-1ee3-41f8-b799-7ee315fa3ee8
2019-10-10 12:40:36,335 [grpc-default-executor-42] INFO  impl.RoleInfo (RoleInfo.java:shutdownFollowerState(121)) - a5b85608-7f11-46ec-ae19-494ab54f3701: shutdown FollowerState
2019-10-10 12:40:36,335 [grpc-default-executor-42] INFO  impl.RoleInfo (RoleInfo.java:updateAndGet(143)) - a5b85608-7f11-46ec-ae19-494ab54f3701: start FollowerState
2019-10-10 12:40:36,335 [Thread-6640] INFO  impl.FollowerState (FollowerState.java:run(115)) - a5b85608-7f11-46ec-ae19-494ab54f3701: FollowerState was interrupted: java.lang.InterruptedException: sleep interrupted
2019-10-10 12:40:36,362 [6f85b482-1ee3-41f8-b799-7ee315fa3ee8@group-BAAFDA4BB310:LeaderElection246] INFO  impl.LeaderElection (LeaderElection.java:logAndReturn(56)) - 6f85b482-1ee3-41f8-b799-7ee315fa3ee8@group-BAAFDA4BB310:LeaderElection246: Election PASSED; received 2 response(s) [6f85b482-1ee3-41f8-b799-7ee315fa3ee8<-2977129d-288a-401c-9baf-20955028e955#0:FAIL-t1, 6f85b482-1ee3-41f8-b799-7ee315fa3ee8<-a5b85608-7f11-46ec-ae19-494ab54f3701#0:OK-t1] and 0 exception(s); 6f85b482-1ee3-41f8-b799-7ee315fa3ee8@group-BAAFDA4BB310:t1, leader=null, voted=6f85b482-1ee3-41f8-b799-7ee315fa3ee8, raftlog=6f85b482-1ee3-41f8-b799-7ee315fa3ee8@group-BAAFDA4BB310-SegmentedRaftLog:OPENED:c-1,f-1,i0, conf=-1: [6f85b482-1ee3-41f8-b799-7ee315fa3ee8:192.168.5.143:44817, 2977129d-288a-401c-9baf-20955028e955:192.168.5.143:38849, a5b85608-7f11-46ec-ae19-494ab54f3701:192.168.5.143:39887], old=null
2019-10-10 12:40:36,363 [2977129d-288a-401c-9baf-20955028e955@group-BAAFDA4BB310:LeaderElection247] INFO  impl.LeaderElection (LeaderElection.java:logAndReturn(56)) - 2977129d-288a-401c-9baf-20955028e955@group-BAAFDA4BB310:LeaderElection247: Election REJECTED; received 2 response(s) [2977129d-288a-401c-9baf-20955028e955<-6f85b482-1ee3-41f8-b799-7ee315fa3ee8#0:FAIL-t1, 2977129d-288a-401c-9baf-20955028e955<-a5b85608-7f11-46ec-ae19-494ab54f3701#0:FAIL-t1] and 0 exception(s); 2977129d-288a-401c-9baf-20955028e955@group-BAAFDA4BB310:t1, leader=null, voted=2977129d-288a-401c-9baf-20955028e955, raftlog=2977129d-288a-401c-9baf-20955028e955@group-BAAFDA4BB310-SegmentedRaftLog:OPENED:c-1,f-1,i0, conf=-1: [6f85b482-1ee3-41f8-b799-7ee315fa3ee8:192.168.5.143:44817, 2977129d-288a-401c-9baf-20955028e955:192.168.5.143:38849, a5b85608-7f11-46ec-ae19-494ab54f3701:192.168.5.143:39887], old=null
2019-10-10 12:40:36,363 [6f85b482-1ee3-41f8-b799-7ee315fa3ee8@group-BAAFDA4BB310:LeaderElection246] INFO  impl.RoleInfo (RoleInfo.java:shutdownLeaderElection(134)) - 6f85b482-1ee3-41f8-b799-7ee315fa3ee8: shutdown LeaderElection
2019-10-10 12:40:36,363 [2977129d-288a-401c-9baf-20955028e955@group-BAAFDA4BB310:LeaderElection247] INFO  impl.RaftServerImpl (RaftServerImpl.java:setRole(174)) - 2977129d-288a-401c-9baf-20955028e955@group-BAAFDA4BB310: changes role from CANDIDATE to FOLLOWER at term 1 for DISCOVERED_A_NEW_TERM
2019-10-10 12:40:36,363 [6f85b482-1ee3-41f8-b799-7ee315fa3ee8@group-BAAFDA4BB310:LeaderElection246] INFO  impl.RaftServerImpl (RaftServerImpl.java:setRole(174)) - 6f85b482-1ee3-41f8-b799-7ee315fa3ee8@group-BAAFDA4BB310: changes role from CANDIDATE to LEADER at term 1 for changeToLeader
2019-10-10 12:40:36,363 [2977129d-288a-401c-9baf-20955028e955@group-BAAFDA4BB310:LeaderElection247] INFO  impl.RoleInfo (RoleInfo.java:shutdownLeaderElection(134)) - 2977129d-288a-401c-9baf-20955028e955: shutdown LeaderElection
2019-10-10 12:40:36,363 [6f85b482-1ee3-41f8-b799-7ee315fa3ee8@group-BAAFDA4BB310:LeaderElection246] INFO  impl.RaftServerImpl (ServerState.java:setLeader(253)) - 6f85b482-1ee3-41f8-b799-7ee315fa3ee8@group-BAAFDA4BB310: change Leader from null to 6f85b482-1ee3-41f8-b799-7ee315fa3ee8 at term 1 for becomeLeader, leader elected after 5212ms
2019-10-10 12:40:36,363 [2977129d-288a-401c-9baf-20955028e955@group-BAAFDA4BB310:LeaderElection247] INFO  impl.RoleInfo (RoleInfo.java:updateAndGet(143)) - 2977129d-288a-401c-9baf-20955028e955: start FollowerState
2019-10-10 12:40:36,363 [6f85b482-1ee3-41f8-b799-7ee315fa3ee8@group-BAAFDA4BB310:LeaderElection246] INFO  server.RaftServerConfigKeys (ConfUtils.java:logGet(43)) - raft.server.staging.catchup.gap = 1000 (default)
2019-10-10 12:40:36,364 [6f85b482-1ee3-41f8-b799-7ee315fa3ee8@group-BAAFDA4BB310:LeaderElection246] INFO  server.RaftServerConfigKeys (ConfUtils.java:logGet(43)) - raft.server.rpc.sleep.time = 25ms (default)
2019-10-10 12:40:36,364 [6f85b482-1ee3-41f8-b799-7ee315fa3ee8@group-BAAFDA4BB310:LeaderElection246] INFO  server.RaftServerConfigKeys (ConfUtils.java:logGet(43)) - raft.server.write.element-limit = 4096 (default)
2019-10-10 12:40:36,364 [6f85b482-1ee3-41f8-b799-7ee315fa3ee8@group-BAAFDA4BB310:LeaderElection246] INFO  server.RaftServerConfigKeys (ConfUtils.java:logGet(43)) - raft.server.watch.timeout = 10s (default)
2019-10-10 12:40:36,364 [6f85b482-1ee3-41f8-b799-7ee315fa3ee8@group-BAAFDA4BB310:LeaderElection246] INFO  server.RaftServerConfigKeys (ConfUtils.java:logGet(43)) - raft.server.watch.timeout.denomination = 1s (default)
2019-10-10 12:40:36,364 [6f85b482-1ee3-41f8-b799-7ee315fa3ee8@group-BAAFDA4BB310:LeaderElection246] INFO  server.RaftServerConfigKeys (ConfUtils.java:logGet(43)) - raft.server.watch.element-limit = 65536 (default)
2019-10-10 12:40:36,366 [6f85b482-1ee3-41f8-b799-7ee315fa3ee8@group-BAAFDA4BB310:LeaderElection246] INFO  server.RaftServerConfigKeys (ConfUtils.java:logGet(43)) - raft.server.log.appender.snapshot.chunk.size.max = 16MB (=16777216) (default)
2019-10-10 12:40:36,367 [6f85b482-1ee3-41f8-b799-7ee315fa3ee8@group-BAAFDA4BB310:LeaderElection246] INFO  server.RaftServerConfigKeys (ConfUtils.java:logGet(43)) - raft.server.log.appender.buffer.byte-limit = 33554432 (custom)
2019-10-10 12:40:36,367 [6f85b482-1ee3-41f8-b799-7ee315fa3ee8@group-BAAFDA4BB310:LeaderElection246] INFO  server.RaftServerConfigKeys (ConfUtils.java:logGet(43)) - raft.server.log.appender.buffer.element-limit = 1 (custom)
2019-10-10 12:40:36,367 [6f85b482-1ee3-41f8-b799-7ee315fa3ee8@group-BAAFDA4BB310:LeaderElection246] INFO  grpc.GrpcConfigKeys$Server (ConfUtils.java:logGet(43)) - raft.grpc.server.leader.outstanding.appends.max = 128 (default)
2019-10-10 12:40:36,367 [6f85b482-1ee3-41f8-b799-7ee315fa3ee8@group-BAAFDA4BB310:LeaderElection246] INFO  server.RaftServerConfigKeys (ConfUtils.java:logGet(43)) - raft.server.rpc.request.timeout = 3000ms (default)
2019-10-10 12:40:36,367 [6f85b482-1ee3-41f8-b799-7ee315fa3ee8@group-BAAFDA4BB310:LeaderElection246] INFO  server.RaftServerConfigKeys (ConfUtils.java:logGet(43)) - raft.server.log.appender.install.snapshot.enabled = false (custom)
2019-10-10 12:40:36,367 [6f85b482-1ee3-41f8-b799-7ee315fa3ee8@group-BAAFDA4BB310:LeaderElection246] INFO  server.RaftServerConfigKeys (ConfUtils.java:logGet(43)) - raft.server.log.appender.snapshot.chunk.size.max = 16MB (=16777216) (default)
2019-10-10 12:40:36,368 [6f85b482-1ee3-41f8-b799-7ee315fa3ee8@group-BAAFDA4BB310:LeaderElection246] INFO  server.RaftServerConfigKeys (ConfUtils.java:logGet(43)) - raft.server.log.appender.buffer.byte-limit = 33554432 (custom)
2019-10-10 12:40:36,368 [6f85b482-1ee3-41f8-b799-7ee315fa3ee8@group-BAAFDA4BB310:LeaderElection246] INFO  server.RaftServerConfigKeys (ConfUtils.java:logGet(43)) - raft.server.log.appender.buffer.element-limit = 1 (custom)
2019-10-10 12:40:36,368 [6f85b482-1ee3-41f8-b799-7ee315fa3ee8@group-BAAFDA4BB310:LeaderElection246] INFO  grpc.GrpcConfigKeys$Server (ConfUtils.java:logGet(43)) - raft.grpc.server.leader.outstanding.appends.max = 128 (default)
2019-10-10 12:40:36,368 [6f85b482-1ee3-41f8-b799-7ee315fa3ee8@group-BAAFDA4BB310:LeaderElection246] INFO  server.RaftServerConfigKeys (ConfUtils.java:logGet(43)) - raft.server.rpc.request.timeout = 3000ms (default)
2019-10-10 12:40:36,368 [6f85b482-1ee3-41f8-b799-7ee315fa3ee8@group-BAAFDA4BB310:LeaderElection246] INFO  server.RaftServerConfigKeys (ConfUtils.java:logGet(43)) - raft.server.log.appender.install.snapshot.enabled = false (custom)
2019-10-10 12:40:36,368 [6f85b482-1ee3-41f8-b799-7ee315fa3ee8@group-BAAFDA4BB310:LeaderElection246] INFO  impl.RoleInfo (RoleInfo.java:updateAndGet(143)) - 6f85b482-1ee3-41f8-b799-7ee315fa3ee8: start LeaderState
2019-10-10 12:40:36,369 [6f85b482-1ee3-41f8-b799-7ee315fa3ee8@group-BAAFDA4BB310:LeaderElection246] INFO  segmented.SegmentedRaftLogWorker (SegmentedRaftLogWorker.java:startLogSegment(380)) - 6f85b482-1ee3-41f8-b799-7ee315fa3ee8@group-BAAFDA4BB310-SegmentedRaftLogWorker: Starting segment from index:0
2019-10-10 12:40:36,369 [6f85b482-1ee3-41f8-b799-7ee315fa3ee8@group-BAAFDA4BB310:LeaderElection246] INFO  impl.RaftServerImpl (ServerState.java:setRaftConf(354)) - 6f85b482-1ee3-41f8-b799-7ee315fa3ee8@group-BAAFDA4BB310: set configuration 0: [6f85b482-1ee3-41f8-b799-7ee315fa3ee8:192.168.5.143:44817, 2977129d-288a-401c-9baf-20955028e955:192.168.5.143:38849, a5b85608-7f11-46ec-ae19-494ab54f3701:192.168.5.143:39887], old=null at 0
2019-10-10 12:40:36,370 [grpc-default-executor-42] INFO  impl.RaftServerImpl (ServerState.java:setLeader(253)) - 2977129d-288a-401c-9baf-20955028e955@group-BAAFDA4BB310: change Leader from null to 6f85b482-1ee3-41f8-b799-7ee315fa3ee8 at term 1 for appendEntries, leader elected after 5219ms
2019-10-10 12:40:36,370 [grpc-default-executor-45] INFO  impl.RaftServerImpl (ServerState.java:setLeader(253)) - a5b85608-7f11-46ec-ae19-494ab54f3701@group-BAAFDA4BB310: change Leader from null to 6f85b482-1ee3-41f8-b799-7ee315fa3ee8 at term 1 for appendEntries, leader elected after 5219ms
2019-10-10 12:40:36,372 [grpc-default-executor-42] INFO  impl.RaftServerImpl (ServerState.java:setRaftConf(354)) - 2977129d-288a-401c-9baf-20955028e955@group-BAAFDA4BB310: set configuration 0: [6f85b482-1ee3-41f8-b799-7ee315fa3ee8:192.168.5.143:44817, 2977129d-288a-401c-9baf-20955028e955:192.168.5.143:38849, a5b85608-7f11-46ec-ae19-494ab54f3701:192.168.5.143:39887], old=null at 0
2019-10-10 12:40:36,372 [grpc-default-executor-42] INFO  segmented.SegmentedRaftLogWorker (SegmentedRaftLogWorker.java:startLogSegment(380)) - 2977129d-288a-401c-9baf-20955028e955@group-BAAFDA4BB310-SegmentedRaftLogWorker: Starting segment from index:0
2019-10-10 12:40:36,372 [grpc-default-executor-45] INFO  impl.RaftServerImpl (ServerState.java:setRaftConf(354)) - a5b85608-7f11-46ec-ae19-494ab54f3701@group-BAAFDA4BB310: set configuration 0: [6f85b482-1ee3-41f8-b799-7ee315fa3ee8:192.168.5.143:44817, 2977129d-288a-401c-9baf-20955028e955:192.168.5.143:38849, a5b85608-7f11-46ec-ae19-494ab54f3701:192.168.5.143:39887], old=null at 0
2019-10-10 12:40:36,373 [grpc-default-executor-45] INFO  segmented.SegmentedRaftLogWorker (SegmentedRaftLogWorker.java:startLogSegment(380)) - a5b85608-7f11-46ec-ae19-494ab54f3701@group-BAAFDA4BB310-SegmentedRaftLogWorker: Starting segment from index:0
2019-10-10 12:40:36,381 [Thread-6652] INFO  impl.FollowerState (FollowerState.java:run(106)) - 6f85b482-1ee3-41f8-b799-7ee315fa3ee8:group-4091CFA4C27B changes to CANDIDATE, lastRpcTime:5088, electionTimeout:5088ms
2019-10-10 12:40:36,381 [Thread-6652] INFO  impl.RoleInfo (RoleInfo.java:shutdownFollowerState(121)) - 6f85b482-1ee3-41f8-b799-7ee315fa3ee8: shutdown FollowerState
2019-10-10 12:40:36,381 [Thread-6652] INFO  impl.RaftServerImpl (RaftServerImpl.java:setRole(174)) - 6f85b482-1ee3-41f8-b799-7ee315fa3ee8@group-4091CFA4C27B: changes role from  FOLLOWER to CANDIDATE at term 0 for changeToCandidate
2019-10-10 12:40:36,381 [Thread-6652] INFO  impl.RoleInfo (RoleInfo.java:updateAndGet(143)) - 6f85b482-1ee3-41f8-b799-7ee315fa3ee8: start LeaderElection
2019-10-10 12:40:36,382 [Thread-6657] INFO  impl.FollowerState (FollowerState.java:run(106)) - 31dbcda4-c74c-4dfb-b27d-abb192246f85:group-4091CFA4C27B changes to CANDIDATE, lastRpcTime:5082, electionTimeout:5082ms
2019-10-10 12:40:36,383 [Thread-6657] INFO  impl.RoleInfo (RoleInfo.java:shutdownFollowerState(121)) - 31dbcda4-c74c-4dfb-b27d-abb192246f85: shutdown FollowerState
2019-10-10 12:40:36,383 [Thread-6657] INFO  impl.RaftServerImpl (RaftServerImpl.java:setRole(174)) - 31dbcda4-c74c-4dfb-b27d-abb192246f85@group-4091CFA4C27B: changes role from  FOLLOWER to CANDIDATE at term 0 for changeToCandidate
2019-10-10 12:40:36,383 [Thread-6657] INFO  impl.RoleInfo (RoleInfo.java:updateAndGet(143)) - 31dbcda4-c74c-4dfb-b27d-abb192246f85: start LeaderElection
2019-10-10 12:40:36,390 [6f85b482-1ee3-41f8-b799-7ee315fa3ee8@group-4091CFA4C27B:LeaderElection248] INFO  impl.LeaderElection (LeaderElection.java:askForVotes(182)) - 6f85b482-1ee3-41f8-b799-7ee315fa3ee8@group-4091CFA4C27B:LeaderElection248: begin an election at term 1 for -1: [6f85b482-1ee3-41f8-b799-7ee315fa3ee8:192.168.5.143:44817, a5b85608-7f11-46ec-ae19-494ab54f3701:192.168.5.143:39887, 31dbcda4-c74c-4dfb-b27d-abb192246f85:192.168.5.143:46534], old=null
2019-10-10 12:40:36,390 [31dbcda4-c74c-4dfb-b27d-abb192246f85@group-4091CFA4C27B:LeaderElection249] INFO  impl.LeaderElection (LeaderElection.java:askForVotes(182)) - 31dbcda4-c74c-4dfb-b27d-abb192246f85@group-4091CFA4C27B:LeaderElection249: begin an election at term 1 for -1: [6f85b482-1ee3-41f8-b799-7ee315fa3ee8:192.168.5.143:44817, a5b85608-7f11-46ec-ae19-494ab54f3701:192.168.5.143:39887, 31dbcda4-c74c-4dfb-b27d-abb192246f85:192.168.5.143:46534], old=null
2019-10-10 12:40:36,392 [grpc-default-executor-42] INFO  impl.RaftServerImpl (RaftServerImpl.java:setRole(174)) - a5b85608-7f11-46ec-ae19-494ab54f3701@group-4091CFA4C27B: changes role from  FOLLOWER to FOLLOWER at term 1 for recognizeCandidate:6f85b482-1ee3-41f8-b799-7ee315fa3ee8
2019-10-10 12:40:36,393 [grpc-default-executor-42] INFO  impl.RoleInfo (RoleInfo.java:shutdownFollowerState(121)) - a5b85608-7f11-46ec-ae19-494ab54f3701: shutdown FollowerState
2019-10-10 12:40:36,393 [grpc-default-executor-42] INFO  impl.RoleInfo (RoleInfo.java:updateAndGet(143)) - a5b85608-7f11-46ec-ae19-494ab54f3701: start FollowerState
2019-10-10 12:40:36,393 [Thread-6656] INFO  impl.FollowerState (FollowerState.java:run(115)) - a5b85608-7f11-46ec-ae19-494ab54f3701: FollowerState was interrupted: java.lang.InterruptedException: sleep interrupted
2019-10-10 12:40:36,423 [6f85b482-1ee3-41f8-b799-7ee315fa3ee8@group-BAAFDA4BB310-SegmentedRaftLogWorker] INFO  segmented.SegmentedRaftLogWorker (SegmentedRaftLogWorker.java:execute(569)) - 6f85b482-1ee3-41f8-b799-7ee315fa3ee8@group-BAAFDA4BB310-SegmentedRaftLogWorker: created new log segment /workdir/hadoop-ozone/integration-test/target/test-dir/MiniOzoneClusterImpl-8284007a-d704-4ed0-a0ee-bee753f20599/datanode-3/data/ratis/96b7d770-eacc-4f9e-a210-baafda4bb310/current/log_inprogress_0
2019-10-10 12:40:36,423 [a5b85608-7f11-46ec-ae19-494ab54f3701@group-BAAFDA4BB310-SegmentedRaftLogWorker] INFO  segmented.SegmentedRaftLogWorker (SegmentedRaftLogWorker.java:execute(569)) - a5b85608-7f11-46ec-ae19-494ab54f3701@group-BAAFDA4BB310-SegmentedRaftLogWorker: created new log segment /workdir/hadoop-ozone/integration-test/target/test-dir/MiniOzoneClusterImpl-8284007a-d704-4ed0-a0ee-bee753f20599/datanode-1/data/ratis/96b7d770-eacc-4f9e-a210-baafda4bb310/current/log_inprogress_0
2019-10-10 12:40:36,423 [2977129d-288a-401c-9baf-20955028e955@group-BAAFDA4BB310-SegmentedRaftLogWorker] INFO  segmented.SegmentedRaftLogWorker (SegmentedRaftLogWorker.java:execute(569)) - 2977129d-288a-401c-9baf-20955028e955@group-BAAFDA4BB310-SegmentedRaftLogWorker: created new log segment /workdir/hadoop-ozone/integration-test/target/test-dir/MiniOzoneClusterImpl-8284007a-d704-4ed0-a0ee-bee753f20599/datanode-0/data/ratis/96b7d770-eacc-4f9e-a210-baafda4bb310/current/log_inprogress_0
2019-10-10 12:40:36,423 [6f85b482-1ee3-41f8-b799-7ee315fa3ee8@group-4091CFA4C27B:LeaderElection248] INFO  impl.LeaderElection (LeaderElection.java:logAndReturn(56)) - 6f85b482-1ee3-41f8-b799-7ee315fa3ee8@group-4091CFA4C27B:LeaderElection248: Election PASSED; received 2 response(s) [6f85b482-1ee3-41f8-b799-7ee315fa3ee8<-a5b85608-7f11-46ec-ae19-494ab54f3701#0:OK-t1, 6f85b482-1ee3-41f8-b799-7ee315fa3ee8<-31dbcda4-c74c-4dfb-b27d-abb192246f85#0:FAIL-t1] and 0 exception(s); 6f85b482-1ee3-41f8-b799-7ee315fa3ee8@group-4091CFA4C27B:t1, leader=null, voted=6f85b482-1ee3-41f8-b799-7ee315fa3ee8, raftlog=6f85b482-1ee3-41f8-b799-7ee315fa3ee8@group-4091CFA4C27B-SegmentedRaftLog:OPENED:c-1,f-1,i0, conf=-1: [6f85b482-1ee3-41f8-b799-7ee315fa3ee8:192.168.5.143:44817, a5b85608-7f11-46ec-ae19-494ab54f3701:192.168.5.143:39887, 31dbcda4-c74c-4dfb-b27d-abb192246f85:192.168.5.143:46534], old=null
2019-10-10 12:40:36,423 [31dbcda4-c74c-4dfb-b27d-abb192246f85@group-4091CFA4C27B:LeaderElection249] INFO  impl.LeaderElection (LeaderElection.java:logAndReturn(56)) - 31dbcda4-c74c-4dfb-b27d-abb192246f85@group-4091CFA4C27B:LeaderElection249: Election REJECTED; received 2 response(s) [31dbcda4-c74c-4dfb-b27d-abb192246f85<-6f85b482-1ee3-41f8-b799-7ee315fa3ee8#0:FAIL-t1, 31dbcda4-c74c-4dfb-b27d-abb192246f85<-a5b85608-7f11-46ec-ae19-494ab54f3701#0:FAIL-t1] and 0 exception(s); 31dbcda4-c74c-4dfb-b27d-abb192246f85@group-4091CFA4C27B:t1, leader=null, voted=31dbcda4-c74c-4dfb-b27d-abb192246f85, raftlog=31dbcda4-c74c-4dfb-b27d-abb192246f85@group-4091CFA4C27B-SegmentedRaftLog:OPENED:c-1,f-1,i0, conf=-1: [6f85b482-1ee3-41f8-b799-7ee315fa3ee8:192.168.5.143:44817, a5b85608-7f11-46ec-ae19-494ab54f3701:192.168.5.143:39887, 31dbcda4-c74c-4dfb-b27d-abb192246f85:192.168.5.143:46534], old=null
2019-10-10 12:40:36,424 [6f85b482-1ee3-41f8-b799-7ee315fa3ee8@group-4091CFA4C27B:LeaderElection248] INFO  impl.RoleInfo (RoleInfo.java:shutdownLeaderElection(134)) - 6f85b482-1ee3-41f8-b799-7ee315fa3ee8: shutdown LeaderElection
2019-10-10 12:40:36,424 [6f85b482-1ee3-41f8-b799-7ee315fa3ee8@group-4091CFA4C27B:LeaderElection248] INFO  impl.RaftServerImpl (RaftServerImpl.java:setRole(174)) - 6f85b482-1ee3-41f8-b799-7ee315fa3ee8@group-4091CFA4C27B: changes role from CANDIDATE to LEADER at term 1 for changeToLeader
2019-10-10 12:40:36,424 [31dbcda4-c74c-4dfb-b27d-abb192246f85@group-4091CFA4C27B:LeaderElection249] INFO  impl.RaftServerImpl (RaftServerImpl.java:setRole(174)) - 31dbcda4-c74c-4dfb-b27d-abb192246f85@group-4091CFA4C27B: changes role from CANDIDATE to FOLLOWER at term 1 for DISCOVERED_A_NEW_TERM
2019-10-10 12:40:36,424 [31dbcda4-c74c-4dfb-b27d-abb192246f85@group-4091CFA4C27B:LeaderElection249] INFO  impl.RoleInfo (RoleInfo.java:shutdownLeaderElection(134)) - 31dbcda4-c74c-4dfb-b27d-abb192246f85: shutdown LeaderElection
2019-10-10 12:40:36,424 [6f85b482-1ee3-41f8-b799-7ee315fa3ee8@group-4091CFA4C27B:LeaderElection248] INFO  impl.RaftServerImpl (ServerState.java:setLeader(253)) - 6f85b482-1ee3-41f8-b799-7ee315fa3ee8@group-4091CFA4C27B: change Leader from null to 6f85b482-1ee3-41f8-b799-7ee315fa3ee8 at term 1 for becomeLeader, leader elected after 5140ms
2019-10-10 12:40:36,424 [31dbcda4-c74c-4dfb-b27d-abb192246f85@group-4091CFA4C27B:LeaderElection249] INFO  impl.RoleInfo (RoleInfo.java:updateAndGet(143)) - 31dbcda4-c74c-4dfb-b27d-abb192246f85: start FollowerState
2019-10-10 12:40:36,424 [6f85b482-1ee3-41f8-b799-7ee315fa3ee8@group-4091CFA4C27B:LeaderElection248] INFO  server.RaftServerConfigKeys (ConfUtils.java:logGet(43)) - raft.server.staging.catchup.gap = 1000 (default)
2019-10-10 12:40:36,424 [6f85b482-1ee3-41f8-b799-7ee315fa3ee8@group-4091CFA4C27B:LeaderElection248] INFO  server.RaftServerConfigKeys (ConfUtils.java:logGet(43)) - raft.server.rpc.sleep.time = 25ms (default)
2019-10-10 12:40:36,425 [6f85b482-1ee3-41f8-b799-7ee315fa3ee8@group-4091CFA4C27B:LeaderElection248] INFO  server.RaftServerConfigKeys (ConfUtils.java:logGet(43)) - raft.server.write.element-limit = 4096 (default)
2019-10-10 12:40:36,425 [6f85b482-1ee3-41f8-b799-7ee315fa3ee8@group-4091CFA4C27B:LeaderElection248] INFO  server.RaftServerConfigKeys (ConfUtils.java:logGet(43)) - raft.server.watch.timeout = 10s (default)
2019-10-10 12:40:36,425 [6f85b482-1ee3-41f8-b799-7ee315fa3ee8@group-4091CFA4C27B:LeaderElection248] INFO  server.RaftServerConfigKeys (ConfUtils.java:logGet(43)) - raft.server.watch.timeout.denomination = 1s (default)
2019-10-10 12:40:36,425 [6f85b482-1ee3-41f8-b799-7ee315fa3ee8@group-4091CFA4C27B:LeaderElection248] INFO  server.RaftServerConfigKeys (ConfUtils.java:logGet(43)) - raft.server.watch.element-limit = 65536 (default)
2019-10-10 12:40:36,427 [6f85b482-1ee3-41f8-b799-7ee315fa3ee8@group-4091CFA4C27B:LeaderElection248] INFO  server.RaftServerConfigKeys (ConfUtils.java:logGet(43)) - raft.server.log.appender.snapshot.chunk.size.max = 16MB (=16777216) (default)
2019-10-10 12:40:36,427 [6f85b482-1ee3-41f8-b799-7ee315fa3ee8@group-4091CFA4C27B:LeaderElection248] INFO  server.RaftServerConfigKeys (ConfUtils.java:logGet(43)) - raft.server.log.appender.buffer.byte-limit = 33554432 (custom)
2019-10-10 12:40:36,427 [6f85b482-1ee3-41f8-b799-7ee315fa3ee8@group-4091CFA4C27B:LeaderElection248] INFO  server.RaftServerConfigKeys (ConfUtils.java:logGet(43)) - raft.server.log.appender.buffer.element-limit = 1 (custom)
2019-10-10 12:40:36,427 [6f85b482-1ee3-41f8-b799-7ee315fa3ee8@group-4091CFA4C27B:LeaderElection248] INFO  grpc.GrpcConfigKeys$Server (ConfUtils.java:logGet(43)) - raft.grpc.server.leader.outstanding.appends.max = 128 (default)
2019-10-10 12:40:36,428 [6f85b482-1ee3-41f8-b799-7ee315fa3ee8@group-4091CFA4C27B:LeaderElection248] INFO  server.RaftServerConfigKeys (ConfUtils.java:logGet(43)) - raft.server.rpc.request.timeout = 3000ms (default)
2019-10-10 12:40:36,428 [6f85b482-1ee3-41f8-b799-7ee315fa3ee8@group-4091CFA4C27B:LeaderElection248] INFO  server.RaftServerConfigKeys (ConfUtils.java:logGet(43)) - raft.server.log.appender.install.snapshot.enabled = false (custom)
2019-10-10 12:40:36,428 [6f85b482-1ee3-41f8-b799-7ee315fa3ee8@group-4091CFA4C27B:LeaderElection248] INFO  server.RaftServerConfigKeys (ConfUtils.java:logGet(43)) - raft.server.log.appender.snapshot.chunk.size.max = 16MB (=16777216) (default)
2019-10-10 12:40:36,428 [6f85b482-1ee3-41f8-b799-7ee315fa3ee8@group-4091CFA4C27B:LeaderElection248] INFO  server.RaftServerConfigKeys (ConfUtils.java:logGet(43)) - raft.server.log.appender.buffer.byte-limit = 33554432 (custom)
2019-10-10 12:40:36,428 [6f85b482-1ee3-41f8-b799-7ee315fa3ee8@group-4091CFA4C27B:LeaderElection248] INFO  server.RaftServerConfigKeys (ConfUtils.java:logGet(43)) - raft.server.log.appender.buffer.element-limit = 1 (custom)
2019-10-10 12:40:36,429 [6f85b482-1ee3-41f8-b799-7ee315fa3ee8@group-4091CFA4C27B:LeaderElection248] INFO  grpc.GrpcConfigKeys$Server (ConfUtils.java:logGet(43)) - raft.grpc.server.leader.outstanding.appends.max = 128 (default)
2019-10-10 12:40:36,429 [6f85b482-1ee3-41f8-b799-7ee315fa3ee8@group-4091CFA4C27B:LeaderElection248] INFO  server.RaftServerConfigKeys (ConfUtils.java:logGet(43)) - raft.server.rpc.request.timeout = 3000ms (default)
2019-10-10 12:40:36,429 [6f85b482-1ee3-41f8-b799-7ee315fa3ee8@group-4091CFA4C27B:LeaderElection248] INFO  server.RaftServerConfigKeys (ConfUtils.java:logGet(43)) - raft.server.log.appender.install.snapshot.enabled = false (custom)
2019-10-10 12:40:36,429 [6f85b482-1ee3-41f8-b799-7ee315fa3ee8@group-4091CFA4C27B:LeaderElection248] INFO  impl.RoleInfo (RoleInfo.java:updateAndGet(143)) - 6f85b482-1ee3-41f8-b799-7ee315fa3ee8: start LeaderState
2019-10-10 12:40:36,429 [6f85b482-1ee3-41f8-b799-7ee315fa3ee8@group-4091CFA4C27B:LeaderElection248] INFO  segmented.SegmentedRaftLogWorker (SegmentedRaftLogWorker.java:startLogSegment(380)) - 6f85b482-1ee3-41f8-b799-7ee315fa3ee8@group-4091CFA4C27B-SegmentedRaftLogWorker: Starting segment from index:0
2019-10-10 12:40:36,430 [6f85b482-1ee3-41f8-b799-7ee315fa3ee8@group-4091CFA4C27B:LeaderElection248] INFO  impl.RaftServerImpl (ServerState.java:setRaftConf(354)) - 6f85b482-1ee3-41f8-b799-7ee315fa3ee8@group-4091CFA4C27B: set configuration 0: [6f85b482-1ee3-41f8-b799-7ee315fa3ee8:192.168.5.143:44817, a5b85608-7f11-46ec-ae19-494ab54f3701:192.168.5.143:39887, 31dbcda4-c74c-4dfb-b27d-abb192246f85:192.168.5.143:46534], old=null at 0
2019-10-10 12:40:36,431 [grpc-default-executor-48] INFO  impl.RaftServerImpl (ServerState.java:setLeader(253)) - a5b85608-7f11-46ec-ae19-494ab54f3701@group-4091CFA4C27B: change Leader from null to 6f85b482-1ee3-41f8-b799-7ee315fa3ee8 at term 1 for appendEntries, leader elected after 5146ms
2019-10-10 12:40:36,431 [grpc-default-executor-48] INFO  impl.RaftServerImpl (ServerState.java:setLeader(253)) - 31dbcda4-c74c-4dfb-b27d-abb192246f85@group-4091CFA4C27B: change Leader from null to 6f85b482-1ee3-41f8-b799-7ee315fa3ee8 at term 1 for appendEntries, leader elected after 5146ms
2019-10-10 12:40:36,433 [grpc-default-executor-48] INFO  impl.RaftServerImpl (ServerState.java:setRaftConf(354)) - a5b85608-7f11-46ec-ae19-494ab54f3701@group-4091CFA4C27B: set configuration 0: [6f85b482-1ee3-41f8-b799-7ee315fa3ee8:192.168.5.143:44817, a5b85608-7f11-46ec-ae19-494ab54f3701:192.168.5.143:39887, 31dbcda4-c74c-4dfb-b27d-abb192246f85:192.168.5.143:46534], old=null at 0
2019-10-10 12:40:36,433 [grpc-default-executor-42] INFO  impl.RaftServerImpl (ServerState.java:setRaftConf(354)) - 31dbcda4-c74c-4dfb-b27d-abb192246f85@group-4091CFA4C27B: set configuration 0: [6f85b482-1ee3-41f8-b799-7ee315fa3ee8:192.168.5.143:44817, a5b85608-7f11-46ec-ae19-494ab54f3701:192.168.5.143:39887, 31dbcda4-c74c-4dfb-b27d-abb192246f85:192.168.5.143:46534], old=null at 0
2019-10-10 12:40:36,433 [grpc-default-executor-48] INFO  segmented.SegmentedRaftLogWorker (SegmentedRaftLogWorker.java:startLogSegment(380)) - a5b85608-7f11-46ec-ae19-494ab54f3701@group-4091CFA4C27B-SegmentedRaftLogWorker: Starting segment from index:0
2019-10-10 12:40:36,433 [grpc-default-executor-42] INFO  segmented.SegmentedRaftLogWorker (SegmentedRaftLogWorker.java:startLogSegment(380)) - 31dbcda4-c74c-4dfb-b27d-abb192246f85@group-4091CFA4C27B-SegmentedRaftLogWorker: Starting segment from index:0
2019-10-10 12:40:36,470 [31dbcda4-c74c-4dfb-b27d-abb192246f85@group-4091CFA4C27B-SegmentedRaftLogWorker] INFO  segmented.SegmentedRaftLogWorker (SegmentedRaftLogWorker.java:execute(569)) - 31dbcda4-c74c-4dfb-b27d-abb192246f85@group-4091CFA4C27B-SegmentedRaftLogWorker: created new log segment /workdir/hadoop-ozone/integration-test/target/test-dir/MiniOzoneClusterImpl-8284007a-d704-4ed0-a0ee-bee753f20599/datanode-4/data/ratis/33891784-f9ab-4bdf-9ec3-4091cfa4c27b/current/log_inprogress_0
2019-10-10 12:40:36,470 [6f85b482-1ee3-41f8-b799-7ee315fa3ee8@group-4091CFA4C27B-SegmentedRaftLogWorker] INFO  segmented.SegmentedRaftLogWorker (SegmentedRaftLogWorker.java:execute(569)) - 6f85b482-1ee3-41f8-b799-7ee315fa3ee8@group-4091CFA4C27B-SegmentedRaftLogWorker: created new log segment /workdir/hadoop-ozone/integration-test/target/test-dir/MiniOzoneClusterImpl-8284007a-d704-4ed0-a0ee-bee753f20599/datanode-3/data/ratis/33891784-f9ab-4bdf-9ec3-4091cfa4c27b/current/log_inprogress_0
2019-10-10 12:40:36,496 [a5b85608-7f11-46ec-ae19-494ab54f3701@group-4091CFA4C27B-SegmentedRaftLogWorker] INFO  segmented.SegmentedRaftLogWorker (SegmentedRaftLogWorker.java:execute(569)) - a5b85608-7f11-46ec-ae19-494ab54f3701@group-4091CFA4C27B-SegmentedRaftLogWorker: created new log segment /workdir/hadoop-ozone/integration-test/target/test-dir/MiniOzoneClusterImpl-8284007a-d704-4ed0-a0ee-bee753f20599/datanode-1/data/ratis/33891784-f9ab-4bdf-9ec3-4091cfa4c27b/current/log_inprogress_0
2019-10-10 12:40:36,497 [Thread-6663] INFO  impl.FollowerState (FollowerState.java:run(106)) - 31dbcda4-c74c-4dfb-b27d-abb192246f85:group-58B2D30E1F0C changes to CANDIDATE, lastRpcTime:5092, electionTimeout:5092ms
2019-10-10 12:40:36,497 [Thread-6663] INFO  impl.RoleInfo (RoleInfo.java:shutdownFollowerState(121)) - 31dbcda4-c74c-4dfb-b27d-abb192246f85: shutdown FollowerState
2019-10-10 12:40:36,497 [Thread-6663] INFO  impl.RaftServerImpl (RaftServerImpl.java:setRole(174)) - 31dbcda4-c74c-4dfb-b27d-abb192246f85@group-58B2D30E1F0C: changes role from  FOLLOWER to CANDIDATE at term 0 for changeToCandidate
2019-10-10 12:40:36,498 [Thread-6663] INFO  impl.RoleInfo (RoleInfo.java:updateAndGet(143)) - 31dbcda4-c74c-4dfb-b27d-abb192246f85: start LeaderElection
2019-10-10 12:40:36,510 [31dbcda4-c74c-4dfb-b27d-abb192246f85@group-58B2D30E1F0C:LeaderElection250] INFO  impl.LeaderElection (LeaderElection.java:askForVotes(182)) - 31dbcda4-c74c-4dfb-b27d-abb192246f85@group-58B2D30E1F0C:LeaderElection250: begin an election at term 1 for -1: [6f85b482-1ee3-41f8-b799-7ee315fa3ee8:192.168.5.143:44817, a5b85608-7f11-46ec-ae19-494ab54f3701:192.168.5.143:39887, 31dbcda4-c74c-4dfb-b27d-abb192246f85:192.168.5.143:46534], old=null
2019-10-10 12:40:36,512 [grpc-default-executor-42] INFO  impl.RaftServerImpl (RaftServerImpl.java:setRole(174)) - 6f85b482-1ee3-41f8-b799-7ee315fa3ee8@group-58B2D30E1F0C: changes role from  FOLLOWER to FOLLOWER at term 1 for recognizeCandidate:31dbcda4-c74c-4dfb-b27d-abb192246f85
2019-10-10 12:40:36,512 [grpc-default-executor-42] INFO  impl.RoleInfo (RoleInfo.java:shutdownFollowerState(121)) - 6f85b482-1ee3-41f8-b799-7ee315fa3ee8: shutdown FollowerState
2019-10-10 12:40:36,512 [grpc-default-executor-42] INFO  impl.RoleInfo (RoleInfo.java:updateAndGet(143)) - 6f85b482-1ee3-41f8-b799-7ee315fa3ee8: start FollowerState
2019-10-10 12:40:36,512 [Thread-6667] INFO  impl.FollowerState (FollowerState.java:run(115)) - 6f85b482-1ee3-41f8-b799-7ee315fa3ee8: FollowerState was interrupted: java.lang.InterruptedException: sleep interrupted
2019-10-10 12:40:36,512 [grpc-default-executor-48] INFO  impl.RaftServerImpl (RaftServerImpl.java:setRole(174)) - a5b85608-7f11-46ec-ae19-494ab54f3701@group-58B2D30E1F0C: changes role from  FOLLOWER to FOLLOWER at term 1 for recognizeCandidate:31dbcda4-c74c-4dfb-b27d-abb192246f85
2019-10-10 12:40:36,513 [grpc-default-executor-48] INFO  impl.RoleInfo (RoleInfo.java:shutdownFollowerState(121)) - a5b85608-7f11-46ec-ae19-494ab54f3701: shutdown FollowerState
2019-10-10 12:40:36,513 [grpc-default-executor-48] INFO  impl.RoleInfo (RoleInfo.java:updateAndGet(143)) - a5b85608-7f11-46ec-ae19-494ab54f3701: start FollowerState
2019-10-10 12:40:36,513 [Thread-6668] INFO  impl.FollowerState (FollowerState.java:run(115)) - a5b85608-7f11-46ec-ae19-494ab54f3701: FollowerState was interrupted: java.lang.InterruptedException: sleep interrupted
2019-10-10 12:40:36,538 [31dbcda4-c74c-4dfb-b27d-abb192246f85@group-58B2D30E1F0C:LeaderElection250] INFO  impl.LeaderElection (LeaderElection.java:logAndReturn(56)) - 31dbcda4-c74c-4dfb-b27d-abb192246f85@group-58B2D30E1F0C:LeaderElection250: Election PASSED; received 1 response(s) [31dbcda4-c74c-4dfb-b27d-abb192246f85<-a5b85608-7f11-46ec-ae19-494ab54f3701#0:OK-t1] and 0 exception(s); 31dbcda4-c74c-4dfb-b27d-abb192246f85@group-58B2D30E1F0C:t1, leader=null, voted=31dbcda4-c74c-4dfb-b27d-abb192246f85, raftlog=31dbcda4-c74c-4dfb-b27d-abb192246f85@group-58B2D30E1F0C-SegmentedRaftLog:OPENED:c-1,f-1,i0, conf=-1: [6f85b482-1ee3-41f8-b799-7ee315fa3ee8:192.168.5.143:44817, a5b85608-7f11-46ec-ae19-494ab54f3701:192.168.5.143:39887, 31dbcda4-c74c-4dfb-b27d-abb192246f85:192.168.5.143:46534], old=null
2019-10-10 12:40:36,539 [31dbcda4-c74c-4dfb-b27d-abb192246f85@group-58B2D30E1F0C:LeaderElection250] INFO  impl.RoleInfo (RoleInfo.java:shutdownLeaderElection(134)) - 31dbcda4-c74c-4dfb-b27d-abb192246f85: shutdown LeaderElection
2019-10-10 12:40:36,539 [31dbcda4-c74c-4dfb-b27d-abb192246f85@group-58B2D30E1F0C:LeaderElection250] INFO  impl.RaftServerImpl (RaftServerImpl.java:setRole(174)) - 31dbcda4-c74c-4dfb-b27d-abb192246f85@group-58B2D30E1F0C: changes role from CANDIDATE to LEADER at term 1 for changeToLeader
2019-10-10 12:40:36,539 [31dbcda4-c74c-4dfb-b27d-abb192246f85@group-58B2D30E1F0C:LeaderElection250] INFO  impl.RaftServerImpl (ServerState.java:setLeader(253)) - 31dbcda4-c74c-4dfb-b27d-abb192246f85@group-58B2D30E1F0C: change Leader from null to 31dbcda4-c74c-4dfb-b27d-abb192246f85 at term 1 for becomeLeader, leader elected after 5147ms
2019-10-10 12:40:36,539 [31dbcda4-c74c-4dfb-b27d-abb192246f85@group-58B2D30E1F0C:LeaderElection250] INFO  server.RaftServerConfigKeys (ConfUtils.java:logGet(43)) - raft.server.staging.catchup.gap = 1000 (default)
2019-10-10 12:40:36,539 [31dbcda4-c74c-4dfb-b27d-abb192246f85@group-58B2D30E1F0C:LeaderElection250] INFO  server.RaftServerConfigKeys (ConfUtils.java:logGet(43)) - raft.server.rpc.sleep.time = 25ms (default)
2019-10-10 12:40:36,539 [31dbcda4-c74c-4dfb-b27d-abb192246f85@group-58B2D30E1F0C:LeaderElection250] INFO  server.RaftServerConfigKeys (ConfUtils.java:logGet(43)) - raft.server.write.element-limit = 4096 (default)
2019-10-10 12:40:36,539 [31dbcda4-c74c-4dfb-b27d-abb192246f85@group-58B2D30E1F0C:LeaderElection250] INFO  server.RaftServerConfigKeys (ConfUtils.java:logGet(43)) - raft.server.watch.timeout = 10s (default)
2019-10-10 12:40:36,539 [31dbcda4-c74c-4dfb-b27d-abb192246f85@group-58B2D30E1F0C:LeaderElection250] INFO  server.RaftServerConfigKeys (ConfUtils.java:logGet(43)) - raft.server.watch.timeout.denomination = 1s (default)
2019-10-10 12:40:36,540 [31dbcda4-c74c-4dfb-b27d-abb192246f85@group-58B2D30E1F0C:LeaderElection250] INFO  server.RaftServerConfigKeys (ConfUtils.java:logGet(43)) - raft.server.watch.element-limit = 65536 (default)
2019-10-10 12:40:36,541 [31dbcda4-c74c-4dfb-b27d-abb192246f85@group-58B2D30E1F0C:LeaderElection250] INFO  server.RaftServerConfigKeys (ConfUtils.java:logGet(43)) - raft.server.log.appender.snapshot.chunk.size.max = 16MB (=16777216) (default)
2019-10-10 12:40:36,541 [31dbcda4-c74c-4dfb-b27d-abb192246f85@group-58B2D30E1F0C:LeaderElection250] INFO  server.RaftServerConfigKeys (ConfUtils.java:logGet(43)) - raft.server.log.appender.buffer.byte-limit = 33554432 (custom)
2019-10-10 12:40:36,541 [31dbcda4-c74c-4dfb-b27d-abb192246f85@group-58B2D30E1F0C:LeaderElection250] INFO  server.RaftServerConfigKeys (ConfUtils.java:logGet(43)) - raft.server.log.appender.buffer.element-limit = 1 (custom)
2019-10-10 12:40:36,541 [31dbcda4-c74c-4dfb-b27d-abb192246f85@group-58B2D30E1F0C:LeaderElection250] INFO  grpc.GrpcConfigKeys$Server (ConfUtils.java:logGet(43)) - raft.grpc.server.leader.outstanding.appends.max = 128 (default)
2019-10-10 12:40:36,541 [31dbcda4-c74c-4dfb-b27d-abb192246f85@group-58B2D30E1F0C:LeaderElection250] INFO  server.RaftServerConfigKeys (ConfUtils.java:logGet(43)) - raft.server.rpc.request.timeout = 3000ms (default)
2019-10-10 12:40:36,541 [31dbcda4-c74c-4dfb-b27d-abb192246f85@group-58B2D30E1F0C:LeaderElection250] INFO  server.RaftServerConfigKeys (ConfUtils.java:logGet(43)) - raft.server.log.appender.install.snapshot.enabled = false (custom)
2019-10-10 12:40:36,542 [31dbcda4-c74c-4dfb-b27d-abb192246f85@group-58B2D30E1F0C:LeaderElection250] INFO  server.RaftServerConfigKeys (ConfUtils.java:logGet(43)) - raft.server.log.appender.snapshot.chunk.size.max = 16MB (=16777216) (default)
2019-10-10 12:40:36,542 [31dbcda4-c74c-4dfb-b27d-abb192246f85@group-58B2D30E1F0C:LeaderElection250] INFO  server.RaftServerConfigKeys (ConfUtils.java:logGet(43)) - raft.server.log.appender.buffer.byte-limit = 33554432 (custom)
2019-10-10 12:40:36,542 [31dbcda4-c74c-4dfb-b27d-abb192246f85@group-58B2D30E1F0C:LeaderElection250] INFO  server.RaftServerConfigKeys (ConfUtils.java:logGet(43)) - raft.server.log.appender.buffer.element-limit = 1 (custom)
2019-10-10 12:40:36,542 [31dbcda4-c74c-4dfb-b27d-abb192246f85@group-58B2D30E1F0C:LeaderElection250] INFO  grpc.GrpcConfigKeys$Server (ConfUtils.java:logGet(43)) - raft.grpc.server.leader.outstanding.appends.max = 128 (default)
2019-10-10 12:40:36,542 [31dbcda4-c74c-4dfb-b27d-abb192246f85@group-58B2D30E1F0C:LeaderElection250] INFO  server.RaftServerConfigKeys (ConfUtils.java:logGet(43)) - raft.server.rpc.request.timeout = 3000ms (default)
2019-10-10 12:40:36,542 [31dbcda4-c74c-4dfb-b27d-abb192246f85@group-58B2D30E1F0C:LeaderElection250] INFO  server.RaftServerConfigKeys (ConfUtils.java:logGet(43)) - raft.server.log.appender.install.snapshot.enabled = false (custom)
2019-10-10 12:40:36,542 [31dbcda4-c74c-4dfb-b27d-abb192246f85@group-58B2D30E1F0C:LeaderElection250] INFO  impl.RoleInfo (RoleInfo.java:updateAndGet(143)) - 31dbcda4-c74c-4dfb-b27d-abb192246f85: start LeaderState
2019-10-10 12:40:36,543 [31dbcda4-c74c-4dfb-b27d-abb192246f85@group-58B2D30E1F0C:LeaderElection250] INFO  segmented.SegmentedRaftLogWorker (SegmentedRaftLogWorker.java:startLogSegment(380)) - 31dbcda4-c74c-4dfb-b27d-abb192246f85@group-58B2D30E1F0C-SegmentedRaftLogWorker: Starting segment from index:0
2019-10-10 12:40:36,543 [31dbcda4-c74c-4dfb-b27d-abb192246f85@group-58B2D30E1F0C:LeaderElection250] INFO  impl.RaftServerImpl (ServerState.java:setRaftConf(354)) - 31dbcda4-c74c-4dfb-b27d-abb192246f85@group-58B2D30E1F0C: set configuration 0: [6f85b482-1ee3-41f8-b799-7ee315fa3ee8:192.168.5.143:44817, a5b85608-7f11-46ec-ae19-494ab54f3701:192.168.5.143:39887, 31dbcda4-c74c-4dfb-b27d-abb192246f85:192.168.5.143:46534], old=null at 0
2019-10-10 12:40:36,544 [grpc-default-executor-42] INFO  impl.RaftServerImpl (ServerState.java:setLeader(253)) - a5b85608-7f11-46ec-ae19-494ab54f3701@group-58B2D30E1F0C: change Leader from null to 31dbcda4-c74c-4dfb-b27d-abb192246f85 at term 1 for appendEntries, leader elected after 5151ms
2019-10-10 12:40:36,544 [grpc-default-executor-42] INFO  impl.RaftServerImpl (ServerState.java:setLeader(253)) - 6f85b482-1ee3-41f8-b799-7ee315fa3ee8@group-58B2D30E1F0C: change Leader from null to 31dbcda4-c74c-4dfb-b27d-abb192246f85 at term 1 for appendEntries, leader elected after 5152ms
2019-10-10 12:40:36,545 [grpc-default-executor-42] INFO  impl.RaftServerImpl (ServerState.java:setRaftConf(354)) - a5b85608-7f11-46ec-ae19-494ab54f3701@group-58B2D30E1F0C: set configuration 0: [6f85b482-1ee3-41f8-b799-7ee315fa3ee8:192.168.5.143:44817, a5b85608-7f11-46ec-ae19-494ab54f3701:192.168.5.143:39887, 31dbcda4-c74c-4dfb-b27d-abb192246f85:192.168.5.143:46534], old=null at 0
2019-10-10 12:40:36,546 [grpc-default-executor-48] INFO  impl.RaftServerImpl (ServerState.java:setRaftConf(354)) - 6f85b482-1ee3-41f8-b799-7ee315fa3ee8@group-58B2D30E1F0C: set configuration 0: [6f85b482-1ee3-41f8-b799-7ee315fa3ee8:192.168.5.143:44817, a5b85608-7f11-46ec-ae19-494ab54f3701:192.168.5.143:39887, 31dbcda4-c74c-4dfb-b27d-abb192246f85:192.168.5.143:46534], old=null at 0
2019-10-10 12:40:36,546 [grpc-default-executor-42] INFO  segmented.SegmentedRaftLogWorker (SegmentedRaftLogWorker.java:startLogSegment(380)) - a5b85608-7f11-46ec-ae19-494ab54f3701@group-58B2D30E1F0C-SegmentedRaftLogWorker: Starting segment from index:0
2019-10-10 12:40:36,546 [grpc-default-executor-48] INFO  segmented.SegmentedRaftLogWorker (SegmentedRaftLogWorker.java:startLogSegment(380)) - 6f85b482-1ee3-41f8-b799-7ee315fa3ee8@group-58B2D30E1F0C-SegmentedRaftLogWorker: Starting segment from index:0
2019-10-10 12:40:36,555 [Thread-6678] INFO  impl.FollowerState (FollowerState.java:run(106)) - 6f85b482-1ee3-41f8-b799-7ee315fa3ee8:group-DF245211571A changes to CANDIDATE, lastRpcTime:5073, electionTimeout:5073ms
2019-10-10 12:40:36,555 [Thread-6678] INFO  impl.RoleInfo (RoleInfo.java:shutdownFollowerState(121)) - 6f85b482-1ee3-41f8-b799-7ee315fa3ee8: shutdown FollowerState
2019-10-10 12:40:36,555 [Thread-6678] INFO  impl.RaftServerImpl (RaftServerImpl.java:setRole(174)) - 6f85b482-1ee3-41f8-b799-7ee315fa3ee8@group-DF245211571A: changes role from  FOLLOWER to CANDIDATE at term 0 for changeToCandidate
2019-10-10 12:40:36,555 [Thread-6678] INFO  impl.RoleInfo (RoleInfo.java:updateAndGet(143)) - 6f85b482-1ee3-41f8-b799-7ee315fa3ee8: start LeaderElection
2019-10-10 12:40:36,571 [6f85b482-1ee3-41f8-b799-7ee315fa3ee8@group-DF245211571A:LeaderElection251] INFO  impl.LeaderElection (LeaderElection.java:askForVotes(182)) - 6f85b482-1ee3-41f8-b799-7ee315fa3ee8@group-DF245211571A:LeaderElection251: begin an election at term 1 for -1: [6f85b482-1ee3-41f8-b799-7ee315fa3ee8:192.168.5.143:44817, a5b85608-7f11-46ec-ae19-494ab54f3701:192.168.5.143:39887, 31dbcda4-c74c-4dfb-b27d-abb192246f85:192.168.5.143:46534], old=null
2019-10-10 12:40:36,571 [Thread-6672] INFO  impl.FollowerState (FollowerState.java:run(106)) - 31dbcda4-c74c-4dfb-b27d-abb192246f85:group-DF245211571A changes to CANDIDATE, lastRpcTime:5094, electionTimeout:5094ms
2019-10-10 12:40:36,571 [Thread-6672] INFO  impl.RoleInfo (RoleInfo.java:shutdownFollowerState(121)) - 31dbcda4-c74c-4dfb-b27d-abb192246f85: shutdown FollowerState
2019-10-10 12:40:36,571 [Thread-6672] INFO  impl.RaftServerImpl (RaftServerImpl.java:setRole(174)) - 31dbcda4-c74c-4dfb-b27d-abb192246f85@group-DF245211571A: changes role from  FOLLOWER to CANDIDATE at term 0 for changeToCandidate
2019-10-10 12:40:36,571 [Thread-6672] INFO  impl.RoleInfo (RoleInfo.java:updateAndGet(143)) - 31dbcda4-c74c-4dfb-b27d-abb192246f85: start LeaderElection
2019-10-10 12:40:36,572 [grpc-default-executor-48] INFO  impl.RaftServerImpl (RaftServerImpl.java:setRole(174)) - a5b85608-7f11-46ec-ae19-494ab54f3701@group-DF245211571A: changes role from  FOLLOWER to FOLLOWER at term 1 for recognizeCandidate:6f85b482-1ee3-41f8-b799-7ee315fa3ee8
2019-10-10 12:40:36,573 [grpc-default-executor-48] INFO  impl.RoleInfo (RoleInfo.java:shutdownFollowerState(121)) - a5b85608-7f11-46ec-ae19-494ab54f3701: shutdown FollowerState
2019-10-10 12:40:36,573 [grpc-default-executor-48] INFO  impl.RoleInfo (RoleInfo.java:updateAndGet(143)) - a5b85608-7f11-46ec-ae19-494ab54f3701: start FollowerState
2019-10-10 12:40:36,573 [Thread-6676] INFO  impl.FollowerState (FollowerState.java:run(115)) - a5b85608-7f11-46ec-ae19-494ab54f3701: FollowerState was interrupted: java.lang.InterruptedException: sleep interrupted
2019-10-10 12:40:36,576 [Thread-6683] INFO  impl.FollowerState (FollowerState.java:run(106)) - a5b85608-7f11-46ec-ae19-494ab54f3701:group-2D1A61B296C8 changes to CANDIDATE, lastRpcTime:5045, electionTimeout:5045ms
2019-10-10 12:40:36,577 [Thread-6683] INFO  impl.RoleInfo (RoleInfo.java:shutdownFollowerState(121)) - a5b85608-7f11-46ec-ae19-494ab54f3701: shutdown FollowerState
2019-10-10 12:40:36,577 [Thread-6683] INFO  impl.RaftServerImpl (RaftServerImpl.java:setRole(174)) - a5b85608-7f11-46ec-ae19-494ab54f3701@group-2D1A61B296C8: changes role from  FOLLOWER to CANDIDATE at term 0 for changeToCandidate
2019-10-10 12:40:36,577 [Thread-6683] INFO  impl.RoleInfo (RoleInfo.java:updateAndGet(143)) - a5b85608-7f11-46ec-ae19-494ab54f3701: start LeaderElection
2019-10-10 12:40:36,585 [31dbcda4-c74c-4dfb-b27d-abb192246f85@group-58B2D30E1F0C-SegmentedRaftLogWorker] INFO  segmented.SegmentedRaftLogWorker (SegmentedRaftLogWorker.java:execute(569)) - 31dbcda4-c74c-4dfb-b27d-abb192246f85@group-58B2D30E1F0C-SegmentedRaftLogWorker: created new log segment /workdir/hadoop-ozone/integration-test/target/test-dir/MiniOzoneClusterImpl-8284007a-d704-4ed0-a0ee-bee753f20599/datanode-4/data/ratis/eb1becfb-faf2-40dc-acc6-58b2d30e1f0c/current/log_inprogress_0
2019-10-10 12:40:36,585 [31dbcda4-c74c-4dfb-b27d-abb192246f85@group-DF245211571A:LeaderElection252] INFO  impl.LeaderElection (LeaderElection.java:askForVotes(182)) - 31dbcda4-c74c-4dfb-b27d-abb192246f85@group-DF245211571A:LeaderElection252: begin an election at term 1 for -1: [6f85b482-1ee3-41f8-b799-7ee315fa3ee8:192.168.5.143:44817, a5b85608-7f11-46ec-ae19-494ab54f3701:192.168.5.143:39887, 31dbcda4-c74c-4dfb-b27d-abb192246f85:192.168.5.143:46534], old=null
2019-10-10 12:40:36,585 [a5b85608-7f11-46ec-ae19-494ab54f3701@group-58B2D30E1F0C-SegmentedRaftLogWorker] INFO  segmented.SegmentedRaftLogWorker (SegmentedRaftLogWorker.java:execute(569)) - a5b85608-7f11-46ec-ae19-494ab54f3701@group-58B2D30E1F0C-SegmentedRaftLogWorker: created new log segment /workdir/hadoop-ozone/integration-test/target/test-dir/MiniOzoneClusterImpl-8284007a-d704-4ed0-a0ee-bee753f20599/datanode-1/data/ratis/eb1becfb-faf2-40dc-acc6-58b2d30e1f0c/current/log_inprogress_0
2019-10-10 12:40:36,585 [6f85b482-1ee3-41f8-b799-7ee315fa3ee8@group-58B2D30E1F0C-SegmentedRaftLogWorker] INFO  segmented.SegmentedRaftLogWorker (SegmentedRaftLogWorker.java:execute(569)) - 6f85b482-1ee3-41f8-b799-7ee315fa3ee8@group-58B2D30E1F0C-SegmentedRaftLogWorker: created new log segment /workdir/hadoop-ozone/integration-test/target/test-dir/MiniOzoneClusterImpl-8284007a-d704-4ed0-a0ee-bee753f20599/datanode-3/data/ratis/eb1becfb-faf2-40dc-acc6-58b2d30e1f0c/current/log_inprogress_0
2019-10-10 12:40:36,585 [a5b85608-7f11-46ec-ae19-494ab54f3701@group-2D1A61B296C8:LeaderElection253] INFO  impl.LeaderElection (LeaderElection.java:askForVotes(182)) - a5b85608-7f11-46ec-ae19-494ab54f3701@group-2D1A61B296C8:LeaderElection253: begin an election at term 1 for -1: [6f85b482-1ee3-41f8-b799-7ee315fa3ee8:192.168.5.143:44817, a5b85608-7f11-46ec-ae19-494ab54f3701:192.168.5.143:39887, 31dbcda4-c74c-4dfb-b27d-abb192246f85:192.168.5.143:46534], old=null
2019-10-10 12:40:36,586 [6f85b482-1ee3-41f8-b799-7ee315fa3ee8@group-DF245211571A:LeaderElection251] INFO  impl.LeaderElection (LeaderElection.java:logAndReturn(56)) - 6f85b482-1ee3-41f8-b799-7ee315fa3ee8@group-DF245211571A:LeaderElection251: Election PASSED; received 2 response(s) [6f85b482-1ee3-41f8-b799-7ee315fa3ee8<-a5b85608-7f11-46ec-ae19-494ab54f3701#0:OK-t1, 6f85b482-1ee3-41f8-b799-7ee315fa3ee8<-31dbcda4-c74c-4dfb-b27d-abb192246f85#0:FAIL-t1] and 0 exception(s); 6f85b482-1ee3-41f8-b799-7ee315fa3ee8@group-DF245211571A:t1, leader=null, voted=6f85b482-1ee3-41f8-b799-7ee315fa3ee8, raftlog=6f85b482-1ee3-41f8-b799-7ee315fa3ee8@group-DF245211571A-SegmentedRaftLog:OPENED:c-1,f-1,i0, conf=-1: [6f85b482-1ee3-41f8-b799-7ee315fa3ee8:192.168.5.143:44817, a5b85608-7f11-46ec-ae19-494ab54f3701:192.168.5.143:39887, 31dbcda4-c74c-4dfb-b27d-abb192246f85:192.168.5.143:46534], old=null
2019-10-10 12:40:36,587 [6f85b482-1ee3-41f8-b799-7ee315fa3ee8@group-DF245211571A:LeaderElection251] INFO  impl.RoleInfo (RoleInfo.java:shutdownLeaderElection(134)) - 6f85b482-1ee3-41f8-b799-7ee315fa3ee8: shutdown LeaderElection
2019-10-10 12:40:36,587 [6f85b482-1ee3-41f8-b799-7ee315fa3ee8@group-DF245211571A:LeaderElection251] INFO  impl.RaftServerImpl (RaftServerImpl.java:setRole(174)) - 6f85b482-1ee3-41f8-b799-7ee315fa3ee8@group-DF245211571A: changes role from CANDIDATE to LEADER at term 1 for changeToLeader
2019-10-10 12:40:36,587 [6f85b482-1ee3-41f8-b799-7ee315fa3ee8@group-DF245211571A:LeaderElection251] INFO  impl.RaftServerImpl (ServerState.java:setLeader(253)) - 6f85b482-1ee3-41f8-b799-7ee315fa3ee8@group-DF245211571A: change Leader from null to 6f85b482-1ee3-41f8-b799-7ee315fa3ee8 at term 1 for becomeLeader, leader elected after 5118ms
2019-10-10 12:40:36,587 [6f85b482-1ee3-41f8-b799-7ee315fa3ee8@group-DF245211571A:LeaderElection251] INFO  server.RaftServerConfigKeys (ConfUtils.java:logGet(43)) - raft.server.staging.catchup.gap = 1000 (default)
2019-10-10 12:40:36,587 [6f85b482-1ee3-41f8-b799-7ee315fa3ee8@group-DF245211571A:LeaderElection251] INFO  server.RaftServerConfigKeys (ConfUtils.java:logGet(43)) - raft.server.rpc.sleep.time = 25ms (default)
2019-10-10 12:40:36,587 [6f85b482-1ee3-41f8-b799-7ee315fa3ee8@group-DF245211571A:LeaderElection251] INFO  server.RaftServerConfigKeys (ConfUtils.java:logGet(43)) - raft.server.write.element-limit = 4096 (default)
2019-10-10 12:40:36,587 [6f85b482-1ee3-41f8-b799-7ee315fa3ee8@group-DF245211571A:LeaderElection251] INFO  server.RaftServerConfigKeys (ConfUtils.java:logGet(43)) - raft.server.watch.timeout = 10s (default)
2019-10-10 12:40:36,587 [6f85b482-1ee3-41f8-b799-7ee315fa3ee8@group-DF245211571A:LeaderElection251] INFO  server.RaftServerConfigKeys (ConfUtils.java:logGet(43)) - raft.server.watch.timeout.denomination = 1s (default)
2019-10-10 12:40:36,587 [6f85b482-1ee3-41f8-b799-7ee315fa3ee8@group-DF245211571A:LeaderElection251] INFO  server.RaftServerConfigKeys (ConfUtils.java:logGet(43)) - raft.server.watch.element-limit = 65536 (default)
2019-10-10 12:40:36,588 [grpc-default-executor-42] INFO  impl.RaftServerImpl (RaftServerImpl.java:setRole(174)) - 31dbcda4-c74c-4dfb-b27d-abb192246f85@group-2D1A61B296C8: changes role from  FOLLOWER to FOLLOWER at term 1 for recognizeCandidate:a5b85608-7f11-46ec-ae19-494ab54f3701
2019-10-10 12:40:36,589 [grpc-default-executor-42] INFO  impl.RoleInfo (RoleInfo.java:shutdownFollowerState(121)) - 31dbcda4-c74c-4dfb-b27d-abb192246f85: shutdown FollowerState
2019-10-10 12:40:36,589 [grpc-default-executor-42] INFO  impl.RoleInfo (RoleInfo.java:updateAndGet(143)) - 31dbcda4-c74c-4dfb-b27d-abb192246f85: start FollowerState
2019-10-10 12:40:36,589 [Thread-6685] INFO  impl.FollowerState (FollowerState.java:run(115)) - 31dbcda4-c74c-4dfb-b27d-abb192246f85: FollowerState was interrupted: java.lang.InterruptedException: sleep interrupted
2019-10-10 12:40:36,589 [grpc-default-executor-48] INFO  impl.RaftServerImpl (RaftServerImpl.java:setRole(174)) - 6f85b482-1ee3-41f8-b799-7ee315fa3ee8@group-2D1A61B296C8: changes role from  FOLLOWER to FOLLOWER at term 1 for recognizeCandidate:a5b85608-7f11-46ec-ae19-494ab54f3701
2019-10-10 12:40:36,589 [grpc-default-executor-48] INFO  impl.RoleInfo (RoleInfo.java:shutdownFollowerState(121)) - 6f85b482-1ee3-41f8-b799-7ee315fa3ee8: shutdown FollowerState
2019-10-10 12:40:36,589 [6f85b482-1ee3-41f8-b799-7ee315fa3ee8@group-DF245211571A:LeaderElection251] INFO  server.RaftServerConfigKeys (ConfUtils.java:logGet(43)) - raft.server.log.appender.snapshot.chunk.size.max = 16MB (=16777216) (default)
2019-10-10 12:40:36,590 [Thread-6686] INFO  impl.FollowerState (FollowerState.java:run(115)) - 6f85b482-1ee3-41f8-b799-7ee315fa3ee8: FollowerState was interrupted: java.lang.InterruptedException: sleep interrupted
2019-10-10 12:40:36,590 [grpc-default-executor-48] INFO  impl.RoleInfo (RoleInfo.java:updateAndGet(143)) - 6f85b482-1ee3-41f8-b799-7ee315fa3ee8: start FollowerState
2019-10-10 12:40:36,590 [6f85b482-1ee3-41f8-b799-7ee315fa3ee8@group-DF245211571A:LeaderElection251] INFO  server.RaftServerConfigKeys (ConfUtils.java:logGet(43)) - raft.server.log.appender.buffer.byte-limit = 33554432 (custom)
2019-10-10 12:40:36,590 [6f85b482-1ee3-41f8-b799-7ee315fa3ee8@group-DF245211571A:LeaderElection251] INFO  server.RaftServerConfigKeys (ConfUtils.java:logGet(43)) - raft.server.log.appender.buffer.element-limit = 1 (custom)
2019-10-10 12:40:36,590 [6f85b482-1ee3-41f8-b799-7ee315fa3ee8@group-DF245211571A:LeaderElection251] INFO  grpc.GrpcConfigKeys$Server (ConfUtils.java:logGet(43)) - raft.grpc.server.leader.outstanding.appends.max = 128 (default)
2019-10-10 12:40:36,590 [6f85b482-1ee3-41f8-b799-7ee315fa3ee8@group-DF245211571A:LeaderElection251] INFO  server.RaftServerConfigKeys (ConfUtils.java:logGet(43)) - raft.server.rpc.request.timeout = 3000ms (default)
2019-10-10 12:40:36,591 [6f85b482-1ee3-41f8-b799-7ee315fa3ee8@group-DF245211571A:LeaderElection251] INFO  server.RaftServerConfigKeys (ConfUtils.java:logGet(43)) - raft.server.log.appender.install.snapshot.enabled = false (custom)
2019-10-10 12:40:36,591 [6f85b482-1ee3-41f8-b799-7ee315fa3ee8@group-DF245211571A:LeaderElection251] INFO  server.RaftServerConfigKeys (ConfUtils.java:logGet(43)) - raft.server.log.appender.snapshot.chunk.size.max = 16MB (=16777216) (default)
2019-10-10 12:40:36,591 [6f85b482-1ee3-41f8-b799-7ee315fa3ee8@group-DF245211571A:LeaderElection251] INFO  server.RaftServerConfigKeys (ConfUtils.java:logGet(43)) - raft.server.log.appender.buffer.byte-limit = 33554432 (custom)
2019-10-10 12:40:36,591 [6f85b482-1ee3-41f8-b799-7ee315fa3ee8@group-DF245211571A:LeaderElection251] INFO  server.RaftServerConfigKeys (ConfUtils.java:logGet(43)) - raft.server.log.appender.buffer.element-limit = 1 (custom)
2019-10-10 12:40:36,591 [6f85b482-1ee3-41f8-b799-7ee315fa3ee8@group-DF245211571A:LeaderElection251] INFO  grpc.GrpcConfigKeys$Server (ConfUtils.java:logGet(43)) - raft.grpc.server.leader.outstanding.appends.max = 128 (default)
2019-10-10 12:40:36,591 [6f85b482-1ee3-41f8-b799-7ee315fa3ee8@group-DF245211571A:LeaderElection251] INFO  server.RaftServerConfigKeys (ConfUtils.java:logGet(43)) - raft.server.rpc.request.timeout = 3000ms (default)
2019-10-10 12:40:36,591 [6f85b482-1ee3-41f8-b799-7ee315fa3ee8@group-DF245211571A:LeaderElection251] INFO  server.RaftServerConfigKeys (ConfUtils.java:logGet(43)) - raft.server.log.appender.install.snapshot.enabled = false (custom)
2019-10-10 12:40:36,592 [6f85b482-1ee3-41f8-b799-7ee315fa3ee8@group-DF245211571A:LeaderElection251] INFO  impl.RoleInfo (RoleInfo.java:updateAndGet(143)) - 6f85b482-1ee3-41f8-b799-7ee315fa3ee8: start LeaderState
2019-10-10 12:40:36,592 [6f85b482-1ee3-41f8-b799-7ee315fa3ee8@group-DF245211571A:LeaderElection251] INFO  segmented.SegmentedRaftLogWorker (SegmentedRaftLogWorker.java:startLogSegment(380)) - 6f85b482-1ee3-41f8-b799-7ee315fa3ee8@group-DF245211571A-SegmentedRaftLogWorker: Starting segment from index:0
2019-10-10 12:40:36,592 [6f85b482-1ee3-41f8-b799-7ee315fa3ee8@group-DF245211571A:LeaderElection251] INFO  impl.RaftServerImpl (ServerState.java:setRaftConf(354)) - 6f85b482-1ee3-41f8-b799-7ee315fa3ee8@group-DF245211571A: set configuration 0: [6f85b482-1ee3-41f8-b799-7ee315fa3ee8:192.168.5.143:44817, a5b85608-7f11-46ec-ae19-494ab54f3701:192.168.5.143:39887, 31dbcda4-c74c-4dfb-b27d-abb192246f85:192.168.5.143:46534], old=null at 0
2019-10-10 12:40:36,630 [a5b85608-7f11-46ec-ae19-494ab54f3701@group-2D1A61B296C8:LeaderElection253] INFO  impl.LeaderElection (LeaderElection.java:logAndReturn(56)) - a5b85608-7f11-46ec-ae19-494ab54f3701@group-2D1A61B296C8:LeaderElection253: Election PASSED; received 1 response(s) [a5b85608-7f11-46ec-ae19-494ab54f3701<-6f85b482-1ee3-41f8-b799-7ee315fa3ee8#0:OK-t1] and 0 exception(s); a5b85608-7f11-46ec-ae19-494ab54f3701@group-2D1A61B296C8:t1, leader=null, voted=a5b85608-7f11-46ec-ae19-494ab54f3701, raftlog=a5b85608-7f11-46ec-ae19-494ab54f3701@group-2D1A61B296C8-SegmentedRaftLog:OPENED:c-1,f-1,i0, conf=-1: [6f85b482-1ee3-41f8-b799-7ee315fa3ee8:192.168.5.143:44817, a5b85608-7f11-46ec-ae19-494ab54f3701:192.168.5.143:39887, 31dbcda4-c74c-4dfb-b27d-abb192246f85:192.168.5.143:46534], old=null
2019-10-10 12:40:36,630 [grpc-default-executor-37] INFO  impl.RaftServerImpl (ServerState.java:setLeader(253)) - a5b85608-7f11-46ec-ae19-494ab54f3701@group-DF245211571A: change Leader from null to 6f85b482-1ee3-41f8-b799-7ee315fa3ee8 at term 1 for appendEntries, leader elected after 5162ms
2019-10-10 12:40:36,631 [a5b85608-7f11-46ec-ae19-494ab54f3701@group-2D1A61B296C8:LeaderElection253] INFO  impl.RoleInfo (RoleInfo.java:shutdownLeaderElection(134)) - a5b85608-7f11-46ec-ae19-494ab54f3701: shutdown LeaderElection
2019-10-10 12:40:36,630 [grpc-default-executor-45] INFO  impl.RaftServerImpl (RaftServerImpl.java:requestVote(758)) - 6f85b482-1ee3-41f8-b799-7ee315fa3ee8@group-DF245211571A-   LEADER: Withhold vote from candidate 31dbcda4-c74c-4dfb-b27d-abb192246f85 with term 1. State: leader=6f85b482-1ee3-41f8-b799-7ee315fa3ee8, term=1, lastRpcElapsed=null
2019-10-10 12:40:36,631 [a5b85608-7f11-46ec-ae19-494ab54f3701@group-2D1A61B296C8:LeaderElection253] INFO  impl.RaftServerImpl (RaftServerImpl.java:setRole(174)) - a5b85608-7f11-46ec-ae19-494ab54f3701@group-2D1A61B296C8: changes role from CANDIDATE to LEADER at term 1 for changeToLeader
2019-10-10 12:40:36,631 [grpc-default-executor-42] INFO  impl.RaftServerImpl (RaftServerImpl.java:setRole(174)) - 31dbcda4-c74c-4dfb-b27d-abb192246f85@group-DF245211571A: changes role from CANDIDATE to FOLLOWER at term 1 for appendEntries
2019-10-10 12:40:36,631 [a5b85608-7f11-46ec-ae19-494ab54f3701@group-2D1A61B296C8:LeaderElection253] INFO  impl.RaftServerImpl (ServerState.java:setLeader(253)) - a5b85608-7f11-46ec-ae19-494ab54f3701@group-2D1A61B296C8: change Leader from null to a5b85608-7f11-46ec-ae19-494ab54f3701 at term 1 for becomeLeader, leader elected after 5108ms
2019-10-10 12:40:36,632 [grpc-default-executor-42] INFO  impl.RoleInfo (RoleInfo.java:shutdownLeaderElection(134)) - 31dbcda4-c74c-4dfb-b27d-abb192246f85: shutdown LeaderElection
2019-10-10 12:40:36,632 [31dbcda4-c74c-4dfb-b27d-abb192246f85@group-DF245211571A:LeaderElection252] INFO  impl.LeaderElection (LeaderElection.java:logAndReturn(56)) - 31dbcda4-c74c-4dfb-b27d-abb192246f85@group-DF245211571A:LeaderElection252: Election REJECTED; received 2 response(s) [31dbcda4-c74c-4dfb-b27d-abb192246f85<-6f85b482-1ee3-41f8-b799-7ee315fa3ee8#0:FAIL-t1, 31dbcda4-c74c-4dfb-b27d-abb192246f85<-a5b85608-7f11-46ec-ae19-494ab54f3701#0:FAIL-t1] and 0 exception(s); 31dbcda4-c74c-4dfb-b27d-abb192246f85@group-DF245211571A:t1, leader=null, voted=31dbcda4-c74c-4dfb-b27d-abb192246f85, raftlog=31dbcda4-c74c-4dfb-b27d-abb192246f85@group-DF245211571A-SegmentedRaftLog:OPENED:c-1,f-1,i0, conf=-1: [6f85b482-1ee3-41f8-b799-7ee315fa3ee8:192.168.5.143:44817, a5b85608-7f11-46ec-ae19-494ab54f3701:192.168.5.143:39887, 31dbcda4-c74c-4dfb-b27d-abb192246f85:192.168.5.143:46534], old=null
2019-10-10 12:40:36,632 [a5b85608-7f11-46ec-ae19-494ab54f3701@group-2D1A61B296C8:LeaderElection253] INFO  server.RaftServerConfigKeys (ConfUtils.java:logGet(43)) - raft.server.staging.catchup.gap = 1000 (default)
2019-10-10 12:40:36,632 [grpc-default-executor-42] INFO  impl.RoleInfo (RoleInfo.java:updateAndGet(143)) - 31dbcda4-c74c-4dfb-b27d-abb192246f85: start FollowerState
2019-10-10 12:40:36,632 [a5b85608-7f11-46ec-ae19-494ab54f3701@group-2D1A61B296C8:LeaderElection253] INFO  server.RaftServerConfigKeys (ConfUtils.java:logGet(43)) - raft.server.rpc.sleep.time = 25ms (default)
2019-10-10 12:40:36,633 [grpc-default-executor-42] INFO  impl.RaftServerImpl (ServerState.java:setLeader(253)) - 31dbcda4-c74c-4dfb-b27d-abb192246f85@group-DF245211571A: change Leader from null to 6f85b482-1ee3-41f8-b799-7ee315fa3ee8 at term 1 for appendEntries, leader elected after 5164ms
2019-10-10 12:40:36,632 [grpc-default-executor-37] INFO  impl.RaftServerImpl (ServerState.java:setRaftConf(354)) - a5b85608-7f11-46ec-ae19-494ab54f3701@group-DF245211571A: set configuration 0: [6f85b482-1ee3-41f8-b799-7ee315fa3ee8:192.168.5.143:44817, a5b85608-7f11-46ec-ae19-494ab54f3701:192.168.5.143:39887, 31dbcda4-c74c-4dfb-b27d-abb192246f85:192.168.5.143:46534], old=null at 0
2019-10-10 12:40:36,633 [a5b85608-7f11-46ec-ae19-494ab54f3701@group-2D1A61B296C8:LeaderElection253] INFO  server.RaftServerConfigKeys (ConfUtils.java:logGet(43)) - raft.server.write.element-limit = 4096 (default)
2019-10-10 12:40:36,633 [grpc-default-executor-37] INFO  segmented.SegmentedRaftLogWorker (SegmentedRaftLogWorker.java:startLogSegment(380)) - a5b85608-7f11-46ec-ae19-494ab54f3701@group-DF245211571A-SegmentedRaftLogWorker: Starting segment from index:0
2019-10-10 12:40:36,633 [a5b85608-7f11-46ec-ae19-494ab54f3701@group-2D1A61B296C8:LeaderElection253] INFO  server.RaftServerConfigKeys (ConfUtils.java:logGet(43)) - raft.server.watch.timeout = 10s (default)
2019-10-10 12:40:36,634 [grpc-default-executor-42] INFO  impl.RaftServerImpl (ServerState.java:setRaftConf(354)) - 31dbcda4-c74c-4dfb-b27d-abb192246f85@group-DF245211571A: set configuration 0: [6f85b482-1ee3-41f8-b799-7ee315fa3ee8:192.168.5.143:44817, a5b85608-7f11-46ec-ae19-494ab54f3701:192.168.5.143:39887, 31dbcda4-c74c-4dfb-b27d-abb192246f85:192.168.5.143:46534], old=null at 0
2019-10-10 12:40:36,634 [a5b85608-7f11-46ec-ae19-494ab54f3701@group-2D1A61B296C8:LeaderElection253] INFO  server.RaftServerConfigKeys (ConfUtils.java:logGet(43)) - raft.server.watch.timeout.denomination = 1s (default)
2019-10-10 12:40:36,634 [grpc-default-executor-42] INFO  segmented.SegmentedRaftLogWorker (SegmentedRaftLogWorker.java:startLogSegment(380)) - 31dbcda4-c74c-4dfb-b27d-abb192246f85@group-DF245211571A-SegmentedRaftLogWorker: Starting segment from index:0
2019-10-10 12:40:36,634 [a5b85608-7f11-46ec-ae19-494ab54f3701@group-2D1A61B296C8:LeaderElection253] INFO  server.RaftServerConfigKeys (ConfUtils.java:logGet(43)) - raft.server.watch.element-limit = 65536 (default)
2019-10-10 12:40:36,636 [a5b85608-7f11-46ec-ae19-494ab54f3701@group-2D1A61B296C8:LeaderElection253] INFO  server.RaftServerConfigKeys (ConfUtils.java:logGet(43)) - raft.server.log.appender.snapshot.chunk.size.max = 16MB (=16777216) (default)
2019-10-10 12:40:36,636 [a5b85608-7f11-46ec-ae19-494ab54f3701@group-2D1A61B296C8:LeaderElection253] INFO  server.RaftServerConfigKeys (ConfUtils.java:logGet(43)) - raft.server.log.appender.buffer.byte-limit = 33554432 (custom)
2019-10-10 12:40:36,637 [a5b85608-7f11-46ec-ae19-494ab54f3701@group-2D1A61B296C8:LeaderElection253] INFO  server.RaftServerConfigKeys (ConfUtils.java:logGet(43)) - raft.server.log.appender.buffer.element-limit = 1 (custom)
2019-10-10 12:40:36,637 [a5b85608-7f11-46ec-ae19-494ab54f3701@group-2D1A61B296C8:LeaderElection253] INFO  grpc.GrpcConfigKeys$Server (ConfUtils.java:logGet(43)) - raft.grpc.server.leader.outstanding.appends.max = 128 (default)
2019-10-10 12:40:36,637 [a5b85608-7f11-46ec-ae19-494ab54f3701@group-2D1A61B296C8:LeaderElection253] INFO  server.RaftServerConfigKeys (ConfUtils.java:logGet(43)) - raft.server.rpc.request.timeout = 3000ms (default)
2019-10-10 12:40:36,637 [a5b85608-7f11-46ec-ae19-494ab54f3701@group-2D1A61B296C8:LeaderElection253] INFO  server.RaftServerConfigKeys (ConfUtils.java:logGet(43)) - raft.server.log.appender.install.snapshot.enabled = false (custom)
2019-10-10 12:40:36,637 [a5b85608-7f11-46ec-ae19-494ab54f3701@group-2D1A61B296C8:LeaderElection253] INFO  server.RaftServerConfigKeys (ConfUtils.java:logGet(43)) - raft.server.log.appender.snapshot.chunk.size.max = 16MB (=16777216) (default)
2019-10-10 12:40:36,638 [a5b85608-7f11-46ec-ae19-494ab54f3701@group-2D1A61B296C8:LeaderElection253] INFO  server.RaftServerConfigKeys (ConfUtils.java:logGet(43)) - raft.server.log.appender.buffer.byte-limit = 33554432 (custom)
2019-10-10 12:40:36,638 [a5b85608-7f11-46ec-ae19-494ab54f3701@group-2D1A61B296C8:LeaderElection253] INFO  server.RaftServerConfigKeys (ConfUtils.java:logGet(43)) - raft.server.log.appender.buffer.element-limit = 1 (custom)
2019-10-10 12:40:36,638 [a5b85608-7f11-46ec-ae19-494ab54f3701@group-2D1A61B296C8:LeaderElection253] INFO  grpc.GrpcConfigKeys$Server (ConfUtils.java:logGet(43)) - raft.grpc.server.leader.outstanding.appends.max = 128 (default)
2019-10-10 12:40:36,638 [a5b85608-7f11-46ec-ae19-494ab54f3701@group-2D1A61B296C8:LeaderElection253] INFO  server.RaftServerConfigKeys (ConfUtils.java:logGet(43)) - raft.server.rpc.request.timeout = 3000ms (default)
2019-10-10 12:40:36,638 [a5b85608-7f11-46ec-ae19-494ab54f3701@group-2D1A61B296C8:LeaderElection253] INFO  server.RaftServerConfigKeys (ConfUtils.java:logGet(43)) - raft.server.log.appender.install.snapshot.enabled = false (custom)
2019-10-10 12:40:36,639 [a5b85608-7f11-46ec-ae19-494ab54f3701@group-2D1A61B296C8:LeaderElection253] INFO  impl.RoleInfo (RoleInfo.java:updateAndGet(143)) - a5b85608-7f11-46ec-ae19-494ab54f3701: start LeaderState
2019-10-10 12:40:36,639 [a5b85608-7f11-46ec-ae19-494ab54f3701@group-2D1A61B296C8:LeaderElection253] INFO  segmented.SegmentedRaftLogWorker (SegmentedRaftLogWorker.java:startLogSegment(380)) - a5b85608-7f11-46ec-ae19-494ab54f3701@group-2D1A61B296C8-SegmentedRaftLogWorker: Starting segment from index:0
2019-10-10 12:40:36,640 [a5b85608-7f11-46ec-ae19-494ab54f3701@group-2D1A61B296C8:LeaderElection253] INFO  impl.RaftServerImpl (ServerState.java:setRaftConf(354)) - a5b85608-7f11-46ec-ae19-494ab54f3701@group-2D1A61B296C8: set configuration 0: [6f85b482-1ee3-41f8-b799-7ee315fa3ee8:192.168.5.143:44817, a5b85608-7f11-46ec-ae19-494ab54f3701:192.168.5.143:39887, 31dbcda4-c74c-4dfb-b27d-abb192246f85:192.168.5.143:46534], old=null at 0
2019-10-10 12:40:36,641 [grpc-default-executor-42] INFO  impl.RaftServerImpl (ServerState.java:setLeader(253)) - 6f85b482-1ee3-41f8-b799-7ee315fa3ee8@group-2D1A61B296C8: change Leader from null to a5b85608-7f11-46ec-ae19-494ab54f3701 at term 1 for appendEntries, leader elected after 5117ms
2019-10-10 12:40:36,641 [grpc-default-executor-42] INFO  impl.RaftServerImpl (ServerState.java:setLeader(253)) - 31dbcda4-c74c-4dfb-b27d-abb192246f85@group-2D1A61B296C8: change Leader from null to a5b85608-7f11-46ec-ae19-494ab54f3701 at term 1 for appendEntries, leader elected after 5118ms
2019-10-10 12:40:36,642 [grpc-default-executor-42] INFO  impl.RaftServerImpl (ServerState.java:setRaftConf(354)) - 6f85b482-1ee3-41f8-b799-7ee315fa3ee8@group-2D1A61B296C8: set configuration 0: [6f85b482-1ee3-41f8-b799-7ee315fa3ee8:192.168.5.143:44817, a5b85608-7f11-46ec-ae19-494ab54f3701:192.168.5.143:39887, 31dbcda4-c74c-4dfb-b27d-abb192246f85:192.168.5.143:46534], old=null at 0
2019-10-10 12:40:36,642 [grpc-default-executor-42] INFO  segmented.SegmentedRaftLogWorker (SegmentedRaftLogWorker.java:startLogSegment(380)) - 6f85b482-1ee3-41f8-b799-7ee315fa3ee8@group-2D1A61B296C8-SegmentedRaftLogWorker: Starting segment from index:0
2019-10-10 12:40:36,643 [grpc-default-executor-37] INFO  impl.RaftServerImpl (ServerState.java:setRaftConf(354)) - 31dbcda4-c74c-4dfb-b27d-abb192246f85@group-2D1A61B296C8: set configuration 0: [6f85b482-1ee3-41f8-b799-7ee315fa3ee8:192.168.5.143:44817, a5b85608-7f11-46ec-ae19-494ab54f3701:192.168.5.143:39887, 31dbcda4-c74c-4dfb-b27d-abb192246f85:192.168.5.143:46534], old=null at 0
2019-10-10 12:40:36,643 [grpc-default-executor-37] INFO  segmented.SegmentedRaftLogWorker (SegmentedRaftLogWorker.java:startLogSegment(380)) - 31dbcda4-c74c-4dfb-b27d-abb192246f85@group-2D1A61B296C8-SegmentedRaftLogWorker: Starting segment from index:0
2019-10-10 12:40:36,644 [6f85b482-1ee3-41f8-b799-7ee315fa3ee8@group-DF245211571A-SegmentedRaftLogWorker] INFO  segmented.SegmentedRaftLogWorker (SegmentedRaftLogWorker.java:execute(569)) - 6f85b482-1ee3-41f8-b799-7ee315fa3ee8@group-DF245211571A-SegmentedRaftLogWorker: created new log segment /workdir/hadoop-ozone/integration-test/target/test-dir/MiniOzoneClusterImpl-8284007a-d704-4ed0-a0ee-bee753f20599/datanode-3/data/ratis/6e92acba-2951-4e80-8dab-df245211571a/current/log_inprogress_0
2019-10-10 12:40:36,655 [Thread-6694] INFO  impl.FollowerState (FollowerState.java:run(106)) - 6f85b482-1ee3-41f8-b799-7ee315fa3ee8:group-A127A8B5169C changes to CANDIDATE, lastRpcTime:5049, electionTimeout:5049ms
2019-10-10 12:40:36,655 [Thread-6694] INFO  impl.RoleInfo (RoleInfo.java:shutdownFollowerState(121)) - 6f85b482-1ee3-41f8-b799-7ee315fa3ee8: shutdown FollowerState
2019-10-10 12:40:36,655 [Thread-6694] INFO  impl.RaftServerImpl (RaftServerImpl.java:setRole(174)) - 6f85b482-1ee3-41f8-b799-7ee315fa3ee8@group-A127A8B5169C: changes role from  FOLLOWER to CANDIDATE at term 0 for changeToCandidate
2019-10-10 12:40:36,656 [Thread-6694] INFO  impl.RoleInfo (RoleInfo.java:updateAndGet(143)) - 6f85b482-1ee3-41f8-b799-7ee315fa3ee8: start LeaderElection
2019-10-10 12:40:36,672 [6f85b482-1ee3-41f8-b799-7ee315fa3ee8@group-A127A8B5169C:LeaderElection254] INFO  impl.LeaderElection (LeaderElection.java:askForVotes(182)) - 6f85b482-1ee3-41f8-b799-7ee315fa3ee8@group-A127A8B5169C:LeaderElection254: begin an election at term 1 for -1: [6f85b482-1ee3-41f8-b799-7ee315fa3ee8:192.168.5.143:44817, a5b85608-7f11-46ec-ae19-494ab54f3701:192.168.5.143:39887, 31dbcda4-c74c-4dfb-b27d-abb192246f85:192.168.5.143:46534], old=null
2019-10-10 12:40:36,673 [grpc-default-executor-37] INFO  impl.RaftServerImpl (RaftServerImpl.java:setRole(174)) - a5b85608-7f11-46ec-ae19-494ab54f3701@group-A127A8B5169C: changes role from  FOLLOWER to FOLLOWER at term 1 for recognizeCandidate:6f85b482-1ee3-41f8-b799-7ee315fa3ee8
2019-10-10 12:40:36,673 [grpc-default-executor-42] INFO  impl.RaftServerImpl (RaftServerImpl.java:setRole(174)) - 31dbcda4-c74c-4dfb-b27d-abb192246f85@group-A127A8B5169C: changes role from  FOLLOWER to FOLLOWER at term 1 for recognizeCandidate:6f85b482-1ee3-41f8-b799-7ee315fa3ee8
2019-10-10 12:40:36,674 [grpc-default-executor-42] INFO  impl.RoleInfo (RoleInfo.java:shutdownFollowerState(121)) - 31dbcda4-c74c-4dfb-b27d-abb192246f85: shutdown FollowerState
2019-10-10 12:40:36,674 [grpc-default-executor-37] INFO  impl.RoleInfo (RoleInfo.java:shutdownFollowerState(121)) - a5b85608-7f11-46ec-ae19-494ab54f3701: shutdown FollowerState
2019-10-10 12:40:36,674 [grpc-default-executor-42] INFO  impl.RoleInfo (RoleInfo.java:updateAndGet(143)) - 31dbcda4-c74c-4dfb-b27d-abb192246f85: start FollowerState
2019-10-10 12:40:36,674 [Thread-6690] INFO  impl.FollowerState (FollowerState.java:run(115)) - a5b85608-7f11-46ec-ae19-494ab54f3701: FollowerState was interrupted: java.lang.InterruptedException: sleep interrupted
2019-10-10 12:40:36,674 [grpc-default-executor-37] INFO  impl.RoleInfo (RoleInfo.java:updateAndGet(143)) - a5b85608-7f11-46ec-ae19-494ab54f3701: start FollowerState
2019-10-10 12:40:36,674 [Thread-6695] INFO  impl.FollowerState (FollowerState.java:run(115)) - 31dbcda4-c74c-4dfb-b27d-abb192246f85: FollowerState was interrupted: java.lang.InterruptedException: sleep interrupted
2019-10-10 12:40:36,684 [6f85b482-1ee3-41f8-b799-7ee315fa3ee8@group-2D1A61B296C8-SegmentedRaftLogWorker] INFO  segmented.SegmentedRaftLogWorker (SegmentedRaftLogWorker.java:execute(569)) - 6f85b482-1ee3-41f8-b799-7ee315fa3ee8@group-2D1A61B296C8-SegmentedRaftLogWorker: created new log segment /workdir/hadoop-ozone/integration-test/target/test-dir/MiniOzoneClusterImpl-8284007a-d704-4ed0-a0ee-bee753f20599/datanode-3/data/ratis/9bae8a8c-c430-4fba-bd06-2d1a61b296c8/current/log_inprogress_0
2019-10-10 12:40:36,684 [a5b85608-7f11-46ec-ae19-494ab54f3701@group-DF245211571A-SegmentedRaftLogWorker] INFO  segmented.SegmentedRaftLogWorker (SegmentedRaftLogWorker.java:execute(569)) - a5b85608-7f11-46ec-ae19-494ab54f3701@group-DF245211571A-SegmentedRaftLogWorker: created new log segment /workdir/hadoop-ozone/integration-test/target/test-dir/MiniOzoneClusterImpl-8284007a-d704-4ed0-a0ee-bee753f20599/datanode-1/data/ratis/6e92acba-2951-4e80-8dab-df245211571a/current/log_inprogress_0
2019-10-10 12:40:36,684 [31dbcda4-c74c-4dfb-b27d-abb192246f85@group-DF245211571A-SegmentedRaftLogWorker] INFO  segmented.SegmentedRaftLogWorker (SegmentedRaftLogWorker.java:execute(569)) - 31dbcda4-c74c-4dfb-b27d-abb192246f85@group-DF245211571A-SegmentedRaftLogWorker: created new log segment /workdir/hadoop-ozone/integration-test/target/test-dir/MiniOzoneClusterImpl-8284007a-d704-4ed0-a0ee-bee753f20599/datanode-4/data/ratis/6e92acba-2951-4e80-8dab-df245211571a/current/log_inprogress_0
2019-10-10 12:40:36,696 [6f85b482-1ee3-41f8-b799-7ee315fa3ee8@group-A127A8B5169C:LeaderElection254] INFO  impl.LeaderElection (LeaderElection.java:logAndReturn(56)) - 6f85b482-1ee3-41f8-b799-7ee315fa3ee8@group-A127A8B5169C:LeaderElection254: Election PASSED; received 1 response(s) [6f85b482-1ee3-41f8-b799-7ee315fa3ee8<-31dbcda4-c74c-4dfb-b27d-abb192246f85#0:OK-t1] and 0 exception(s); 6f85b482-1ee3-41f8-b799-7ee315fa3ee8@group-A127A8B5169C:t1, leader=null, voted=6f85b482-1ee3-41f8-b799-7ee315fa3ee8, raftlog=6f85b482-1ee3-41f8-b799-7ee315fa3ee8@group-A127A8B5169C-SegmentedRaftLog:OPENED:c-1,f-1,i0, conf=-1: [6f85b482-1ee3-41f8-b799-7ee315fa3ee8:192.168.5.143:44817, a5b85608-7f11-46ec-ae19-494ab54f3701:192.168.5.143:39887, 31dbcda4-c74c-4dfb-b27d-abb192246f85:192.168.5.143:46534], old=null
2019-10-10 12:40:36,696 [6f85b482-1ee3-41f8-b799-7ee315fa3ee8@group-A127A8B5169C:LeaderElection254] INFO  impl.RoleInfo (RoleInfo.java:shutdownLeaderElection(134)) - 6f85b482-1ee3-41f8-b799-7ee315fa3ee8: shutdown LeaderElection
2019-10-10 12:40:36,696 [6f85b482-1ee3-41f8-b799-7ee315fa3ee8@group-A127A8B5169C:LeaderElection254] INFO  impl.RaftServerImpl (RaftServerImpl.java:setRole(174)) - 6f85b482-1ee3-41f8-b799-7ee315fa3ee8@group-A127A8B5169C: changes role from CANDIDATE to LEADER at term 1 for changeToLeader
2019-10-10 12:40:36,696 [6f85b482-1ee3-41f8-b799-7ee315fa3ee8@group-A127A8B5169C:LeaderElection254] INFO  impl.RaftServerImpl (ServerState.java:setLeader(253)) - 6f85b482-1ee3-41f8-b799-7ee315fa3ee8@group-A127A8B5169C: change Leader from null to 6f85b482-1ee3-41f8-b799-7ee315fa3ee8 at term 1 for becomeLeader, leader elected after 5103ms
2019-10-10 12:40:36,696 [6f85b482-1ee3-41f8-b799-7ee315fa3ee8@group-A127A8B5169C:LeaderElection254] INFO  server.RaftServerConfigKeys (ConfUtils.java:logGet(43)) - raft.server.staging.catchup.gap = 1000 (default)
2019-10-10 12:40:36,696 [6f85b482-1ee3-41f8-b799-7ee315fa3ee8@group-A127A8B5169C:LeaderElection254] INFO  server.RaftServerConfigKeys (ConfUtils.java:logGet(43)) - raft.server.rpc.sleep.time = 25ms (default)
2019-10-10 12:40:36,696 [6f85b482-1ee3-41f8-b799-7ee315fa3ee8@group-A127A8B5169C:LeaderElection254] INFO  server.RaftServerConfigKeys (ConfUtils.java:logGet(43)) - raft.server.write.element-limit = 4096 (default)
2019-10-10 12:40:36,696 [6f85b482-1ee3-41f8-b799-7ee315fa3ee8@group-A127A8B5169C:LeaderElection254] INFO  server.RaftServerConfigKeys (ConfUtils.java:logGet(43)) - raft.server.watch.timeout = 10s (default)
2019-10-10 12:40:36,697 [6f85b482-1ee3-41f8-b799-7ee315fa3ee8@group-A127A8B5169C:LeaderElection254] INFO  server.RaftServerConfigKeys (ConfUtils.java:logGet(43)) - raft.server.watch.timeout.denomination = 1s (default)
2019-10-10 12:40:36,697 [6f85b482-1ee3-41f8-b799-7ee315fa3ee8@group-A127A8B5169C:LeaderElection254] INFO  server.RaftServerConfigKeys (ConfUtils.java:logGet(43)) - raft.server.watch.element-limit = 65536 (default)
2019-10-10 12:40:36,698 [6f85b482-1ee3-41f8-b799-7ee315fa3ee8@group-A127A8B5169C:LeaderElection254] INFO  server.RaftServerConfigKeys (ConfUtils.java:logGet(43)) - raft.server.log.appender.snapshot.chunk.size.max = 16MB (=16777216) (default)
2019-10-10 12:40:36,698 [6f85b482-1ee3-41f8-b799-7ee315fa3ee8@group-A127A8B5169C:LeaderElection254] INFO  server.RaftServerConfigKeys (ConfUtils.java:logGet(43)) - raft.server.log.appender.buffer.byte-limit = 33554432 (custom)
2019-10-10 12:40:36,699 [6f85b482-1ee3-41f8-b799-7ee315fa3ee8@group-A127A8B5169C:LeaderElection254] INFO  server.RaftServerConfigKeys (ConfUtils.java:logGet(43)) - raft.server.log.appender.buffer.element-limit = 1 (custom)
2019-10-10 12:40:36,699 [6f85b482-1ee3-41f8-b799-7ee315fa3ee8@group-A127A8B5169C:LeaderElection254] INFO  grpc.GrpcConfigKeys$Server (ConfUtils.java:logGet(43)) - raft.grpc.server.leader.outstanding.appends.max = 128 (default)
2019-10-10 12:40:36,699 [6f85b482-1ee3-41f8-b799-7ee315fa3ee8@group-A127A8B5169C:LeaderElection254] INFO  server.RaftServerConfigKeys (ConfUtils.java:logGet(43)) - raft.server.rpc.request.timeout = 3000ms (default)
2019-10-10 12:40:36,699 [6f85b482-1ee3-41f8-b799-7ee315fa3ee8@group-A127A8B5169C:LeaderElection254] INFO  server.RaftServerConfigKeys (ConfUtils.java:logGet(43)) - raft.server.log.appender.install.snapshot.enabled = false (custom)
2019-10-10 12:40:36,699 [6f85b482-1ee3-41f8-b799-7ee315fa3ee8@group-A127A8B5169C:LeaderElection254] INFO  server.RaftServerConfigKeys (ConfUtils.java:logGet(43)) - raft.server.log.appender.snapshot.chunk.size.max = 16MB (=16777216) (default)
2019-10-10 12:40:36,699 [6f85b482-1ee3-41f8-b799-7ee315fa3ee8@group-A127A8B5169C:LeaderElection254] INFO  server.RaftServerConfigKeys (ConfUtils.java:logGet(43)) - raft.server.log.appender.buffer.byte-limit = 33554432 (custom)
2019-10-10 12:40:36,700 [6f85b482-1ee3-41f8-b799-7ee315fa3ee8@group-A127A8B5169C:LeaderElection254] INFO  server.RaftServerConfigKeys (ConfUtils.java:logGet(43)) - raft.server.log.appender.buffer.element-limit = 1 (custom)
2019-10-10 12:40:36,700 [6f85b482-1ee3-41f8-b799-7ee315fa3ee8@group-A127A8B5169C:LeaderElection254] INFO  grpc.GrpcConfigKeys$Server (ConfUtils.java:logGet(43)) - raft.grpc.server.leader.outstanding.appends.max = 128 (default)
2019-10-10 12:40:36,700 [6f85b482-1ee3-41f8-b799-7ee315fa3ee8@group-A127A8B5169C:LeaderElection254] INFO  server.RaftServerConfigKeys (ConfUtils.java:logGet(43)) - raft.server.rpc.request.timeout = 3000ms (default)
2019-10-10 12:40:36,700 [6f85b482-1ee3-41f8-b799-7ee315fa3ee8@group-A127A8B5169C:LeaderElection254] INFO  server.RaftServerConfigKeys (ConfUtils.java:logGet(43)) - raft.server.log.appender.install.snapshot.enabled = false (custom)
2019-10-10 12:40:36,700 [6f85b482-1ee3-41f8-b799-7ee315fa3ee8@group-A127A8B5169C:LeaderElection254] INFO  impl.RoleInfo (RoleInfo.java:updateAndGet(143)) - 6f85b482-1ee3-41f8-b799-7ee315fa3ee8: start LeaderState
2019-10-10 12:40:36,700 [6f85b482-1ee3-41f8-b799-7ee315fa3ee8@group-A127A8B5169C:LeaderElection254] INFO  segmented.SegmentedRaftLogWorker (SegmentedRaftLogWorker.java:startLogSegment(380)) - 6f85b482-1ee3-41f8-b799-7ee315fa3ee8@group-A127A8B5169C-SegmentedRaftLogWorker: Starting segment from index:0
2019-10-10 12:40:36,701 [Thread-6704] INFO  impl.FollowerState (FollowerState.java:run(106)) - a5b85608-7f11-46ec-ae19-494ab54f3701:group-4F22982D157D changes to CANDIDATE, lastRpcTime:5004, electionTimeout:5004ms
2019-10-10 12:40:36,701 [6f85b482-1ee3-41f8-b799-7ee315fa3ee8@group-A127A8B5169C:LeaderElection254] INFO  impl.RaftServerImpl (ServerState.java:setRaftConf(354)) - 6f85b482-1ee3-41f8-b799-7ee315fa3ee8@group-A127A8B5169C: set configuration 0: [6f85b482-1ee3-41f8-b799-7ee315fa3ee8:192.168.5.143:44817, a5b85608-7f11-46ec-ae19-494ab54f3701:192.168.5.143:39887, 31dbcda4-c74c-4dfb-b27d-abb192246f85:192.168.5.143:46534], old=null at 0
2019-10-10 12:40:36,701 [Thread-6704] INFO  impl.RoleInfo (RoleInfo.java:shutdownFollowerState(121)) - a5b85608-7f11-46ec-ae19-494ab54f3701: shutdown FollowerState
2019-10-10 12:40:36,701 [Thread-6704] INFO  impl.RaftServerImpl (RaftServerImpl.java:setRole(174)) - a5b85608-7f11-46ec-ae19-494ab54f3701@group-4F22982D157D: changes role from  FOLLOWER to CANDIDATE at term 0 for changeToCandidate
2019-10-10 12:40:36,701 [Thread-6704] INFO  impl.RoleInfo (RoleInfo.java:updateAndGet(143)) - a5b85608-7f11-46ec-ae19-494ab54f3701: start LeaderElection
2019-10-10 12:40:36,702 [grpc-default-executor-37] INFO  impl.RaftServerImpl (ServerState.java:setLeader(253)) - a5b85608-7f11-46ec-ae19-494ab54f3701@group-A127A8B5169C: change Leader from null to 6f85b482-1ee3-41f8-b799-7ee315fa3ee8 at term 1 for appendEntries, leader elected after 5109ms
2019-10-10 12:40:36,702 [grpc-default-executor-37] INFO  impl.RaftServerImpl (ServerState.java:setLeader(253)) - 31dbcda4-c74c-4dfb-b27d-abb192246f85@group-A127A8B5169C: change Leader from null to 6f85b482-1ee3-41f8-b799-7ee315fa3ee8 at term 1 for appendEntries, leader elected after 5109ms
2019-10-10 12:40:36,703 [grpc-default-executor-37] INFO  impl.RaftServerImpl (ServerState.java:setRaftConf(354)) - a5b85608-7f11-46ec-ae19-494ab54f3701@group-A127A8B5169C: set configuration 0: [6f85b482-1ee3-41f8-b799-7ee315fa3ee8:192.168.5.143:44817, a5b85608-7f11-46ec-ae19-494ab54f3701:192.168.5.143:39887, 31dbcda4-c74c-4dfb-b27d-abb192246f85:192.168.5.143:46534], old=null at 0
2019-10-10 12:40:36,703 [grpc-default-executor-42] INFO  impl.RaftServerImpl (ServerState.java:setRaftConf(354)) - 31dbcda4-c74c-4dfb-b27d-abb192246f85@group-A127A8B5169C: set configuration 0: [6f85b482-1ee3-41f8-b799-7ee315fa3ee8:192.168.5.143:44817, a5b85608-7f11-46ec-ae19-494ab54f3701:192.168.5.143:39887, 31dbcda4-c74c-4dfb-b27d-abb192246f85:192.168.5.143:46534], old=null at 0
2019-10-10 12:40:36,703 [grpc-default-executor-37] INFO  segmented.SegmentedRaftLogWorker (SegmentedRaftLogWorker.java:startLogSegment(380)) - a5b85608-7f11-46ec-ae19-494ab54f3701@group-A127A8B5169C-SegmentedRaftLogWorker: Starting segment from index:0
2019-10-10 12:40:36,703 [grpc-default-executor-42] INFO  segmented.SegmentedRaftLogWorker (SegmentedRaftLogWorker.java:startLogSegment(380)) - 31dbcda4-c74c-4dfb-b27d-abb192246f85@group-A127A8B5169C-SegmentedRaftLogWorker: Starting segment from index:0
2019-10-10 12:40:37,375 [Thread-6713] WARN  util.JavaUtils (JavaUtils.java:sleep(250)) - Unexpected long sleep: sleep(5023ms) actually took 5641ms which is over the threshold 300ms
2019-10-10 12:40:37,375 [a5b85608-7f11-46ec-ae19-494ab54f3701@group-2D1A61B296C8-SegmentedRaftLogWorker] INFO  segmented.SegmentedRaftLogWorker (SegmentedRaftLogWorker.java:execute(569)) - a5b85608-7f11-46ec-ae19-494ab54f3701@group-2D1A61B296C8-SegmentedRaftLogWorker: created new log segment /workdir/hadoop-ozone/integration-test/target/test-dir/MiniOzoneClusterImpl-8284007a-d704-4ed0-a0ee-bee753f20599/datanode-1/data/ratis/9bae8a8c-c430-4fba-bd06-2d1a61b296c8/current/log_inprogress_0
2019-10-10 12:40:37,375 [a5b85608-7f11-46ec-ae19-494ab54f3701@group-4F22982D157D:LeaderElection255] INFO  impl.LeaderElection (LeaderElection.java:askForVotes(182)) - a5b85608-7f11-46ec-ae19-494ab54f3701@group-4F22982D157D:LeaderElection255: begin an election at term 1 for -1: [6f85b482-1ee3-41f8-b799-7ee315fa3ee8:192.168.5.143:44817, a5b85608-7f11-46ec-ae19-494ab54f3701:192.168.5.143:39887, 31dbcda4-c74c-4dfb-b27d-abb192246f85:192.168.5.143:46534], old=null
2019-10-10 12:40:37,375 [31dbcda4-c74c-4dfb-b27d-abb192246f85@group-2D1A61B296C8-SegmentedRaftLogWorker] INFO  segmented.SegmentedRaftLogWorker (SegmentedRaftLogWorker.java:execute(569)) - 31dbcda4-c74c-4dfb-b27d-abb192246f85@group-2D1A61B296C8-SegmentedRaftLogWorker: created new log segment /workdir/hadoop-ozone/integration-test/target/test-dir/MiniOzoneClusterImpl-8284007a-d704-4ed0-a0ee-bee753f20599/datanode-4/data/ratis/9bae8a8c-c430-4fba-bd06-2d1a61b296c8/current/log_inprogress_0
2019-10-10 12:40:37,392 [Thread-6717] WARN  util.JavaUtils (JavaUtils.java:sleep(250)) - Unexpected long sleep: sleep(5049ms) actually took 5568ms which is over the threshold 300ms
2019-10-10 12:40:37,392 [Thread-6703] WARN  util.JavaUtils (JavaUtils.java:sleep(250)) - Unexpected long sleep: sleep(5164ms) actually took 5676ms which is over the threshold 300ms
2019-10-10 12:40:37,397 [Thread-6721] WARN  util.JavaUtils (JavaUtils.java:sleep(250)) - Unexpected long sleep: sleep(5097ms) actually took 5562ms which is over the threshold 300ms
2019-10-10 12:40:37,403 [Thread-6710] WARN  util.JavaUtils (JavaUtils.java:sleep(250)) - Unexpected long sleep: sleep(5111ms) actually took 5640ms which is over the threshold 300ms
2019-10-10 12:40:37,403 [Thread-6699] WARN  util.JavaUtils (JavaUtils.java:sleep(250)) - Unexpected long sleep: sleep(5032ms) actually took 5683ms which is over the threshold 300ms
2019-10-10 12:40:37,410 [Thread-6712] WARN  util.JavaUtils (JavaUtils.java:sleep(250)) - Unexpected long sleep: sleep(5162ms) actually took 5638ms which is over the threshold 300ms
2019-10-10 12:40:37,410 [Thread-6722] WARN  util.JavaUtils (JavaUtils.java:sleep(250)) - Unexpected long sleep: sleep(5029ms) actually took 5562ms which is over the threshold 300ms
2019-10-10 12:40:37,417 [grpc-default-executor-42] INFO  impl.RaftServerImpl (RaftServerImpl.java:setRole(174)) - 6f85b482-1ee3-41f8-b799-7ee315fa3ee8@group-4F22982D157D: changes role from  FOLLOWER to FOLLOWER at term 1 for recognizeCandidate:a5b85608-7f11-46ec-ae19-494ab54f3701
2019-10-10 12:40:37,417 [grpc-default-executor-42] INFO  impl.RoleInfo (RoleInfo.java:shutdownFollowerState(121)) - 6f85b482-1ee3-41f8-b799-7ee315fa3ee8: shutdown FollowerState
2019-10-10 12:40:37,463 [grpc-default-executor-42] INFO  impl.RoleInfo (RoleInfo.java:updateAndGet(143)) - 6f85b482-1ee3-41f8-b799-7ee315fa3ee8: start FollowerState
2019-10-10 12:40:37,463 [Thread-6703] INFO  impl.FollowerState (FollowerState.java:run(115)) - 6f85b482-1ee3-41f8-b799-7ee315fa3ee8: FollowerState was interrupted: java.lang.InterruptedException: sleep interrupted
2019-10-10 12:40:37,463 [6f85b482-1ee3-41f8-b799-7ee315fa3ee8@group-A127A8B5169C-SegmentedRaftLogWorker] INFO  segmented.SegmentedRaftLogWorker (SegmentedRaftLogWorker.java:execute(569)) - 6f85b482-1ee3-41f8-b799-7ee315fa3ee8@group-A127A8B5169C-SegmentedRaftLogWorker: created new log segment /workdir/hadoop-ozone/integration-test/target/test-dir/MiniOzoneClusterImpl-8284007a-d704-4ed0-a0ee-bee753f20599/datanode-3/data/ratis/07bedd85-7e12-4a51-85ed-a127a8b5169c/current/log_inprogress_0
2019-10-10 12:40:37,476 [a5b85608-7f11-46ec-ae19-494ab54f3701@group-A127A8B5169C-SegmentedRaftLogWorker] INFO  segmented.SegmentedRaftLogWorker (SegmentedRaftLogWorker.java:execute(569)) - a5b85608-7f11-46ec-ae19-494ab54f3701@group-A127A8B5169C-SegmentedRaftLogWorker: created new log segment /workdir/hadoop-ozone/integration-test/target/test-dir/MiniOzoneClusterImpl-8284007a-d704-4ed0-a0ee-bee753f20599/datanode-1/data/ratis/07bedd85-7e12-4a51-85ed-a127a8b5169c/current/log_inprogress_0
2019-10-10 12:40:37,476 [31dbcda4-c74c-4dfb-b27d-abb192246f85@group-A127A8B5169C-SegmentedRaftLogWorker] INFO  segmented.SegmentedRaftLogWorker (SegmentedRaftLogWorker.java:execute(569)) - 31dbcda4-c74c-4dfb-b27d-abb192246f85@group-A127A8B5169C-SegmentedRaftLogWorker: created new log segment /workdir/hadoop-ozone/integration-test/target/test-dir/MiniOzoneClusterImpl-8284007a-d704-4ed0-a0ee-bee753f20599/datanode-4/data/ratis/07bedd85-7e12-4a51-85ed-a127a8b5169c/current/log_inprogress_0
2019-10-10 12:40:37,489 [grpc-default-executor-37] INFO  impl.RaftServerImpl (RaftServerImpl.java:setRole(174)) - 31dbcda4-c74c-4dfb-b27d-abb192246f85@group-4F22982D157D: changes role from  FOLLOWER to FOLLOWER at term 1 for recognizeCandidate:a5b85608-7f11-46ec-ae19-494ab54f3701
2019-10-10 12:40:37,489 [grpc-default-executor-37] INFO  impl.RoleInfo (RoleInfo.java:shutdownFollowerState(121)) - 31dbcda4-c74c-4dfb-b27d-abb192246f85: shutdown FollowerState
2019-10-10 12:40:37,489 [grpc-default-executor-37] INFO  impl.RoleInfo (RoleInfo.java:updateAndGet(143)) - 31dbcda4-c74c-4dfb-b27d-abb192246f85: start FollowerState
2019-10-10 12:40:37,489 [Thread-6699] INFO  impl.FollowerState (FollowerState.java:run(115)) - 31dbcda4-c74c-4dfb-b27d-abb192246f85: FollowerState was interrupted: java.lang.InterruptedException: sleep interrupted
2019-10-10 12:40:37,532 [a5b85608-7f11-46ec-ae19-494ab54f3701@group-4F22982D157D:LeaderElection255] INFO  impl.LeaderElection (LeaderElection.java:logAndReturn(56)) - a5b85608-7f11-46ec-ae19-494ab54f3701@group-4F22982D157D:LeaderElection255: Election PASSED; received 1 response(s) [a5b85608-7f11-46ec-ae19-494ab54f3701<-6f85b482-1ee3-41f8-b799-7ee315fa3ee8#0:OK-t1] and 0 exception(s); a5b85608-7f11-46ec-ae19-494ab54f3701@group-4F22982D157D:t1, leader=null, voted=a5b85608-7f11-46ec-ae19-494ab54f3701, raftlog=a5b85608-7f11-46ec-ae19-494ab54f3701@group-4F22982D157D-SegmentedRaftLog:OPENED:c-1,f-1,i0, conf=-1: [6f85b482-1ee3-41f8-b799-7ee315fa3ee8:192.168.5.143:44817, a5b85608-7f11-46ec-ae19-494ab54f3701:192.168.5.143:39887, 31dbcda4-c74c-4dfb-b27d-abb192246f85:192.168.5.143:46534], old=null
2019-10-10 12:40:37,532 [a5b85608-7f11-46ec-ae19-494ab54f3701@group-4F22982D157D:LeaderElection255] INFO  impl.RoleInfo (RoleInfo.java:shutdownLeaderElection(134)) - a5b85608-7f11-46ec-ae19-494ab54f3701: shutdown LeaderElection
2019-10-10 12:40:37,532 [a5b85608-7f11-46ec-ae19-494ab54f3701@group-4F22982D157D:LeaderElection255] INFO  impl.RaftServerImpl (RaftServerImpl.java:setRole(174)) - a5b85608-7f11-46ec-ae19-494ab54f3701@group-4F22982D157D: changes role from CANDIDATE to LEADER at term 1 for changeToLeader
2019-10-10 12:40:37,532 [a5b85608-7f11-46ec-ae19-494ab54f3701@group-4F22982D157D:LeaderElection255] INFO  impl.RaftServerImpl (ServerState.java:setLeader(253)) - a5b85608-7f11-46ec-ae19-494ab54f3701@group-4F22982D157D: change Leader from null to a5b85608-7f11-46ec-ae19-494ab54f3701 at term 1 for becomeLeader, leader elected after 5849ms
2019-10-10 12:40:37,532 [a5b85608-7f11-46ec-ae19-494ab54f3701@group-4F22982D157D:LeaderElection255] INFO  server.RaftServerConfigKeys (ConfUtils.java:logGet(43)) - raft.server.staging.catchup.gap = 1000 (default)
2019-10-10 12:40:37,533 [a5b85608-7f11-46ec-ae19-494ab54f3701@group-4F22982D157D:LeaderElection255] INFO  server.RaftServerConfigKeys (ConfUtils.java:logGet(43)) - raft.server.rpc.sleep.time = 25ms (default)
2019-10-10 12:40:37,533 [a5b85608-7f11-46ec-ae19-494ab54f3701@group-4F22982D157D:LeaderElection255] INFO  server.RaftServerConfigKeys (ConfUtils.java:logGet(43)) - raft.server.write.element-limit = 4096 (default)
2019-10-10 12:40:37,533 [a5b85608-7f11-46ec-ae19-494ab54f3701@group-4F22982D157D:LeaderElection255] INFO  server.RaftServerConfigKeys (ConfUtils.java:logGet(43)) - raft.server.watch.timeout = 10s (default)
2019-10-10 12:40:37,533 [a5b85608-7f11-46ec-ae19-494ab54f3701@group-4F22982D157D:LeaderElection255] INFO  server.RaftServerConfigKeys (ConfUtils.java:logGet(43)) - raft.server.watch.timeout.denomination = 1s (default)
2019-10-10 12:40:37,533 [a5b85608-7f11-46ec-ae19-494ab54f3701@group-4F22982D157D:LeaderElection255] INFO  server.RaftServerConfigKeys (ConfUtils.java:logGet(43)) - raft.server.watch.element-limit = 65536 (default)
2019-10-10 12:40:37,541 [a5b85608-7f11-46ec-ae19-494ab54f3701@group-4F22982D157D:LeaderElection255] INFO  server.RaftServerConfigKeys (ConfUtils.java:logGet(43)) - raft.server.log.appender.snapshot.chunk.size.max = 16MB (=16777216) (default)
2019-10-10 12:40:37,541 [a5b85608-7f11-46ec-ae19-494ab54f3701@group-4F22982D157D:LeaderElection255] INFO  server.RaftServerConfigKeys (ConfUtils.java:logGet(43)) - raft.server.log.appender.buffer.byte-limit = 33554432 (custom)
2019-10-10 12:40:37,541 [a5b85608-7f11-46ec-ae19-494ab54f3701@group-4F22982D157D:LeaderElection255] INFO  server.RaftServerConfigKeys (ConfUtils.java:logGet(43)) - raft.server.log.appender.buffer.element-limit = 1 (custom)
2019-10-10 12:40:37,541 [a5b85608-7f11-46ec-ae19-494ab54f3701@group-4F22982D157D:LeaderElection255] INFO  grpc.GrpcConfigKeys$Server (ConfUtils.java:logGet(43)) - raft.grpc.server.leader.outstanding.appends.max = 128 (default)
2019-10-10 12:40:37,542 [a5b85608-7f11-46ec-ae19-494ab54f3701@group-4F22982D157D:LeaderElection255] INFO  server.RaftServerConfigKeys (ConfUtils.java:logGet(43)) - raft.server.rpc.request.timeout = 3000ms (default)
2019-10-10 12:40:37,542 [a5b85608-7f11-46ec-ae19-494ab54f3701@group-4F22982D157D:LeaderElection255] INFO  server.RaftServerConfigKeys (ConfUtils.java:logGet(43)) - raft.server.log.appender.install.snapshot.enabled = false (custom)
2019-10-10 12:40:37,542 [a5b85608-7f11-46ec-ae19-494ab54f3701@group-4F22982D157D:LeaderElection255] INFO  server.RaftServerConfigKeys (ConfUtils.java:logGet(43)) - raft.server.log.appender.snapshot.chunk.size.max = 16MB (=16777216) (default)
2019-10-10 12:40:37,542 [a5b85608-7f11-46ec-ae19-494ab54f3701@group-4F22982D157D:LeaderElection255] INFO  server.RaftServerConfigKeys (ConfUtils.java:logGet(43)) - raft.server.log.appender.buffer.byte-limit = 33554432 (custom)
2019-10-10 12:40:37,542 [a5b85608-7f11-46ec-ae19-494ab54f3701@group-4F22982D157D:LeaderElection255] INFO  server.RaftServerConfigKeys (ConfUtils.java:logGet(43)) - raft.server.log.appender.buffer.element-limit = 1 (custom)
2019-10-10 12:40:37,543 [a5b85608-7f11-46ec-ae19-494ab54f3701@group-4F22982D157D:LeaderElection255] INFO  grpc.GrpcConfigKeys$Server (ConfUtils.java:logGet(43)) - raft.grpc.server.leader.outstanding.appends.max = 128 (default)
2019-10-10 12:40:37,543 [a5b85608-7f11-46ec-ae19-494ab54f3701@group-4F22982D157D:LeaderElection255] INFO  server.RaftServerConfigKeys (ConfUtils.java:logGet(43)) - raft.server.rpc.request.timeout = 3000ms (default)
2019-10-10 12:40:37,543 [a5b85608-7f11-46ec-ae19-494ab54f3701@group-4F22982D157D:LeaderElection255] INFO  server.RaftServerConfigKeys (ConfUtils.java:logGet(43)) - raft.server.log.appender.install.snapshot.enabled = false (custom)
2019-10-10 12:40:37,543 [a5b85608-7f11-46ec-ae19-494ab54f3701@group-4F22982D157D:LeaderElection255] INFO  impl.RoleInfo (RoleInfo.java:updateAndGet(143)) - a5b85608-7f11-46ec-ae19-494ab54f3701: start LeaderState
2019-10-10 12:40:37,543 [a5b85608-7f11-46ec-ae19-494ab54f3701@group-4F22982D157D:LeaderElection255] INFO  segmented.SegmentedRaftLogWorker (SegmentedRaftLogWorker.java:startLogSegment(380)) - a5b85608-7f11-46ec-ae19-494ab54f3701@group-4F22982D157D-SegmentedRaftLogWorker: Starting segment from index:0
2019-10-10 12:40:37,559 [a5b85608-7f11-46ec-ae19-494ab54f3701@group-4F22982D157D:LeaderElection255] INFO  impl.RaftServerImpl (ServerState.java:setRaftConf(354)) - a5b85608-7f11-46ec-ae19-494ab54f3701@group-4F22982D157D: set configuration 0: [6f85b482-1ee3-41f8-b799-7ee315fa3ee8:192.168.5.143:44817, a5b85608-7f11-46ec-ae19-494ab54f3701:192.168.5.143:39887, 31dbcda4-c74c-4dfb-b27d-abb192246f85:192.168.5.143:46534], old=null at 0
2019-10-10 12:40:37,626 [grpc-default-executor-42] INFO  impl.RaftServerImpl (ServerState.java:setLeader(253)) - 31dbcda4-c74c-4dfb-b27d-abb192246f85@group-4F22982D157D: change Leader from null to a5b85608-7f11-46ec-ae19-494ab54f3701 at term 1 for appendEntries, leader elected after 5943ms
2019-10-10 12:40:37,626 [grpc-default-executor-37] INFO  impl.RaftServerImpl (ServerState.java:setLeader(253)) - 6f85b482-1ee3-41f8-b799-7ee315fa3ee8@group-4F22982D157D: change Leader from null to a5b85608-7f11-46ec-ae19-494ab54f3701 at term 1 for appendEntries, leader elected after 5943ms
2019-10-10 12:40:37,631 [grpc-default-executor-42] INFO  impl.RaftServerImpl (ServerState.java:setRaftConf(354)) - 31dbcda4-c74c-4dfb-b27d-abb192246f85@group-4F22982D157D: set configuration 0: [6f85b482-1ee3-41f8-b799-7ee315fa3ee8:192.168.5.143:44817, a5b85608-7f11-46ec-ae19-494ab54f3701:192.168.5.143:39887, 31dbcda4-c74c-4dfb-b27d-abb192246f85:192.168.5.143:46534], old=null at 0
2019-10-10 12:40:37,721 [grpc-default-executor-42] INFO  segmented.SegmentedRaftLogWorker (SegmentedRaftLogWorker.java:startLogSegment(380)) - 31dbcda4-c74c-4dfb-b27d-abb192246f85@group-4F22982D157D-SegmentedRaftLogWorker: Starting segment from index:0
2019-10-10 12:40:37,721 [grpc-default-executor-37] INFO  impl.RaftServerImpl (ServerState.java:setRaftConf(354)) - 6f85b482-1ee3-41f8-b799-7ee315fa3ee8@group-4F22982D157D: set configuration 0: [6f85b482-1ee3-41f8-b799-7ee315fa3ee8:192.168.5.143:44817, a5b85608-7f11-46ec-ae19-494ab54f3701:192.168.5.143:39887, 31dbcda4-c74c-4dfb-b27d-abb192246f85:192.168.5.143:46534], old=null at 0
2019-10-10 12:40:37,721 [grpc-default-executor-37] INFO  segmented.SegmentedRaftLogWorker (SegmentedRaftLogWorker.java:startLogSegment(380)) - 6f85b482-1ee3-41f8-b799-7ee315fa3ee8@group-4F22982D157D-SegmentedRaftLogWorker: Starting segment from index:0
2019-10-10 12:40:37,722 [a5b85608-7f11-46ec-ae19-494ab54f3701@group-4F22982D157D-SegmentedRaftLogWorker] INFO  segmented.SegmentedRaftLogWorker (SegmentedRaftLogWorker.java:execute(569)) - a5b85608-7f11-46ec-ae19-494ab54f3701@group-4F22982D157D-SegmentedRaftLogWorker: created new log segment /workdir/hadoop-ozone/integration-test/target/test-dir/MiniOzoneClusterImpl-8284007a-d704-4ed0-a0ee-bee753f20599/datanode-1/data/ratis/d7591851-0f88-4484-9f96-4f22982d157d/current/log_inprogress_0
2019-10-10 12:40:37,785 [6f85b482-1ee3-41f8-b799-7ee315fa3ee8@group-4F22982D157D-SegmentedRaftLogWorker] INFO  segmented.SegmentedRaftLogWorker (SegmentedRaftLogWorker.java:execute(569)) - 6f85b482-1ee3-41f8-b799-7ee315fa3ee8@group-4F22982D157D-SegmentedRaftLogWorker: created new log segment /workdir/hadoop-ozone/integration-test/target/test-dir/MiniOzoneClusterImpl-8284007a-d704-4ed0-a0ee-bee753f20599/datanode-3/data/ratis/d7591851-0f88-4484-9f96-4f22982d157d/current/log_inprogress_0
2019-10-10 12:40:37,785 [31dbcda4-c74c-4dfb-b27d-abb192246f85@group-4F22982D157D-SegmentedRaftLogWorker] INFO  segmented.SegmentedRaftLogWorker (SegmentedRaftLogWorker.java:execute(569)) - 31dbcda4-c74c-4dfb-b27d-abb192246f85@group-4F22982D157D-SegmentedRaftLogWorker: created new log segment /workdir/hadoop-ozone/integration-test/target/test-dir/MiniOzoneClusterImpl-8284007a-d704-4ed0-a0ee-bee753f20599/datanode-4/data/ratis/d7591851-0f88-4484-9f96-4f22982d157d/current/log_inprogress_0
2019-10-10 12:40:38,767 [Datanode State Machine Thread - 0] INFO  statemachine.DatanodeStateMachine (DatanodeStateMachine.java:lambda$startDaemon$0(350)) - Ozone container server started.
2019-10-10 12:40:42,423 [Thread-6717] INFO  impl.FollowerState (FollowerState.java:run(106)) - 6f85b482-1ee3-41f8-b799-7ee315fa3ee8:group-1C79ACAAC9C2 changes to CANDIDATE, lastRpcTime:10620, electionTimeout:5031ms
2019-10-10 12:40:42,424 [Thread-6717] INFO  impl.RoleInfo (RoleInfo.java:shutdownFollowerState(121)) - 6f85b482-1ee3-41f8-b799-7ee315fa3ee8: shutdown FollowerState
2019-10-10 12:40:42,424 [Thread-6717] INFO  impl.RaftServerImpl (RaftServerImpl.java:setRole(174)) - 6f85b482-1ee3-41f8-b799-7ee315fa3ee8@group-1C79ACAAC9C2: changes role from  FOLLOWER to CANDIDATE at term 0 for changeToCandidate
2019-10-10 12:40:42,425 [Thread-6717] INFO  impl.RoleInfo (RoleInfo.java:updateAndGet(143)) - 6f85b482-1ee3-41f8-b799-7ee315fa3ee8: start LeaderElection
2019-10-10 12:40:42,435 [6f85b482-1ee3-41f8-b799-7ee315fa3ee8@group-1C79ACAAC9C2:LeaderElection256] INFO  impl.LeaderElection (LeaderElection.java:askForVotes(182)) - 6f85b482-1ee3-41f8-b799-7ee315fa3ee8@group-1C79ACAAC9C2:LeaderElection256: begin an election at term 1 for -1: [6f85b482-1ee3-41f8-b799-7ee315fa3ee8:192.168.5.143:44817, a5b85608-7f11-46ec-ae19-494ab54f3701:192.168.5.143:39887, 31dbcda4-c74c-4dfb-b27d-abb192246f85:192.168.5.143:46534], old=null
2019-10-10 12:40:42,437 [Thread-6722] INFO  impl.FollowerState (FollowerState.java:run(106)) - a5b85608-7f11-46ec-ae19-494ab54f3701:group-1C79ACAAC9C2 changes to CANDIDATE, lastRpcTime:10627, electionTimeout:5026ms
2019-10-10 12:40:42,437 [Thread-6722] INFO  impl.RoleInfo (RoleInfo.java:shutdownFollowerState(121)) - a5b85608-7f11-46ec-ae19-494ab54f3701: shutdown FollowerState
2019-10-10 12:40:42,437 [Thread-6722] INFO  impl.RaftServerImpl (RaftServerImpl.java:setRole(174)) - a5b85608-7f11-46ec-ae19-494ab54f3701@group-1C79ACAAC9C2: changes role from  FOLLOWER to CANDIDATE at term 0 for changeToCandidate
2019-10-10 12:40:42,437 [Thread-6722] INFO  impl.RoleInfo (RoleInfo.java:updateAndGet(143)) - a5b85608-7f11-46ec-ae19-494ab54f3701: start LeaderElection
2019-10-10 12:40:42,438 [grpc-default-executor-45] INFO  impl.RaftServerImpl (RaftServerImpl.java:setRole(174)) - 31dbcda4-c74c-4dfb-b27d-abb192246f85@group-1C79ACAAC9C2: changes role from  FOLLOWER to FOLLOWER at term 1 for recognizeCandidate:6f85b482-1ee3-41f8-b799-7ee315fa3ee8
2019-10-10 12:40:42,438 [grpc-default-executor-45] INFO  impl.RoleInfo (RoleInfo.java:shutdownFollowerState(121)) - 31dbcda4-c74c-4dfb-b27d-abb192246f85: shutdown FollowerState
2019-10-10 12:40:42,439 [grpc-default-executor-45] INFO  impl.RoleInfo (RoleInfo.java:updateAndGet(143)) - 31dbcda4-c74c-4dfb-b27d-abb192246f85: start FollowerState
2019-10-10 12:40:42,439 [Thread-6721] INFO  impl.FollowerState (FollowerState.java:run(115)) - 31dbcda4-c74c-4dfb-b27d-abb192246f85: FollowerState was interrupted: java.lang.InterruptedException: sleep interrupted
2019-10-10 12:40:42,451 [a5b85608-7f11-46ec-ae19-494ab54f3701@group-1C79ACAAC9C2:LeaderElection257] INFO  impl.LeaderElection (LeaderElection.java:askForVotes(182)) - a5b85608-7f11-46ec-ae19-494ab54f3701@group-1C79ACAAC9C2:LeaderElection257: begin an election at term 1 for -1: [6f85b482-1ee3-41f8-b799-7ee315fa3ee8:192.168.5.143:44817, a5b85608-7f11-46ec-ae19-494ab54f3701:192.168.5.143:39887, 31dbcda4-c74c-4dfb-b27d-abb192246f85:192.168.5.143:46534], old=null
2019-10-10 12:40:42,453 [6f85b482-1ee3-41f8-b799-7ee315fa3ee8@group-1C79ACAAC9C2:LeaderElection256] INFO  impl.LeaderElection (LeaderElection.java:logAndReturn(56)) - 6f85b482-1ee3-41f8-b799-7ee315fa3ee8@group-1C79ACAAC9C2:LeaderElection256: Election PASSED; received 2 response(s) [6f85b482-1ee3-41f8-b799-7ee315fa3ee8<-a5b85608-7f11-46ec-ae19-494ab54f3701#0:FAIL-t1, 6f85b482-1ee3-41f8-b799-7ee315fa3ee8<-31dbcda4-c74c-4dfb-b27d-abb192246f85#0:OK-t1] and 0 exception(s); 6f85b482-1ee3-41f8-b799-7ee315fa3ee8@group-1C79ACAAC9C2:t1, leader=null, voted=6f85b482-1ee3-41f8-b799-7ee315fa3ee8, raftlog=6f85b482-1ee3-41f8-b799-7ee315fa3ee8@group-1C79ACAAC9C2-SegmentedRaftLog:OPENED:c-1,f-1,i0, conf=-1: [6f85b482-1ee3-41f8-b799-7ee315fa3ee8:192.168.5.143:44817, a5b85608-7f11-46ec-ae19-494ab54f3701:192.168.5.143:39887, 31dbcda4-c74c-4dfb-b27d-abb192246f85:192.168.5.143:46534], old=null
2019-10-10 12:40:42,453 [6f85b482-1ee3-41f8-b799-7ee315fa3ee8@group-1C79ACAAC9C2:LeaderElection256] INFO  impl.RoleInfo (RoleInfo.java:shutdownLeaderElection(134)) - 6f85b482-1ee3-41f8-b799-7ee315fa3ee8: shutdown LeaderElection
2019-10-10 12:40:42,453 [6f85b482-1ee3-41f8-b799-7ee315fa3ee8@group-1C79ACAAC9C2:LeaderElection256] INFO  impl.RaftServerImpl (RaftServerImpl.java:setRole(174)) - 6f85b482-1ee3-41f8-b799-7ee315fa3ee8@group-1C79ACAAC9C2: changes role from CANDIDATE to LEADER at term 1 for changeToLeader
2019-10-10 12:40:42,453 [6f85b482-1ee3-41f8-b799-7ee315fa3ee8@group-1C79ACAAC9C2:LeaderElection256] INFO  impl.RaftServerImpl (ServerState.java:setLeader(253)) - 6f85b482-1ee3-41f8-b799-7ee315fa3ee8@group-1C79ACAAC9C2: change Leader from null to 6f85b482-1ee3-41f8-b799-7ee315fa3ee8 at term 1 for becomeLeader, leader elected after 10656ms
2019-10-10 12:40:42,453 [a5b85608-7f11-46ec-ae19-494ab54f3701@group-1C79ACAAC9C2:LeaderElection257] INFO  impl.LeaderElection (LeaderElection.java:logAndReturn(56)) - a5b85608-7f11-46ec-ae19-494ab54f3701@group-1C79ACAAC9C2:LeaderElection257: Election REJECTED; received 2 response(s) [a5b85608-7f11-46ec-ae19-494ab54f3701<-6f85b482-1ee3-41f8-b799-7ee315fa3ee8#0:FAIL-t1, a5b85608-7f11-46ec-ae19-494ab54f3701<-31dbcda4-c74c-4dfb-b27d-abb192246f85#0:FAIL-t1] and 0 exception(s); a5b85608-7f11-46ec-ae19-494ab54f3701@group-1C79ACAAC9C2:t1, leader=null, voted=a5b85608-7f11-46ec-ae19-494ab54f3701, raftlog=a5b85608-7f11-46ec-ae19-494ab54f3701@group-1C79ACAAC9C2-SegmentedRaftLog:OPENED:c-1,f-1,i0, conf=-1: [6f85b482-1ee3-41f8-b799-7ee315fa3ee8:192.168.5.143:44817, a5b85608-7f11-46ec-ae19-494ab54f3701:192.168.5.143:39887, 31dbcda4-c74c-4dfb-b27d-abb192246f85:192.168.5.143:46534], old=null
2019-10-10 12:40:42,453 [6f85b482-1ee3-41f8-b799-7ee315fa3ee8@group-1C79ACAAC9C2:LeaderElection256] INFO  server.RaftServerConfigKeys (ConfUtils.java:logGet(43)) - raft.server.staging.catchup.gap = 1000 (default)
2019-10-10 12:40:42,453 [a5b85608-7f11-46ec-ae19-494ab54f3701@group-1C79ACAAC9C2:LeaderElection257] INFO  impl.RaftServerImpl (RaftServerImpl.java:setRole(174)) - a5b85608-7f11-46ec-ae19-494ab54f3701@group-1C79ACAAC9C2: changes role from CANDIDATE to FOLLOWER at term 1 for DISCOVERED_A_NEW_TERM
2019-10-10 12:40:42,453 [6f85b482-1ee3-41f8-b799-7ee315fa3ee8@group-1C79ACAAC9C2:LeaderElection256] INFO  server.RaftServerConfigKeys (ConfUtils.java:logGet(43)) - raft.server.rpc.sleep.time = 25ms (default)
2019-10-10 12:40:42,453 [a5b85608-7f11-46ec-ae19-494ab54f3701@group-1C79ACAAC9C2:LeaderElection257] INFO  impl.RoleInfo (RoleInfo.java:shutdownLeaderElection(134)) - a5b85608-7f11-46ec-ae19-494ab54f3701: shutdown LeaderElection
2019-10-10 12:40:42,454 [6f85b482-1ee3-41f8-b799-7ee315fa3ee8@group-1C79ACAAC9C2:LeaderElection256] INFO  server.RaftServerConfigKeys (ConfUtils.java:logGet(43)) - raft.server.write.element-limit = 4096 (default)
2019-10-10 12:40:42,454 [a5b85608-7f11-46ec-ae19-494ab54f3701@group-1C79ACAAC9C2:LeaderElection257] INFO  impl.RoleInfo (RoleInfo.java:updateAndGet(143)) - a5b85608-7f11-46ec-ae19-494ab54f3701: start FollowerState
2019-10-10 12:40:42,454 [6f85b482-1ee3-41f8-b799-7ee315fa3ee8@group-1C79ACAAC9C2:LeaderElection256] INFO  server.RaftServerConfigKeys (ConfUtils.java:logGet(43)) - raft.server.watch.timeout = 10s (default)
2019-10-10 12:40:42,454 [6f85b482-1ee3-41f8-b799-7ee315fa3ee8@group-1C79ACAAC9C2:LeaderElection256] INFO  server.RaftServerConfigKeys (ConfUtils.java:logGet(43)) - raft.server.watch.timeout.denomination = 1s (default)
2019-10-10 12:40:42,454 [6f85b482-1ee3-41f8-b799-7ee315fa3ee8@group-1C79ACAAC9C2:LeaderElection256] INFO  server.RaftServerConfigKeys (ConfUtils.java:logGet(43)) - raft.server.watch.element-limit = 65536 (default)
2019-10-10 12:40:42,456 [6f85b482-1ee3-41f8-b799-7ee315fa3ee8@group-1C79ACAAC9C2:LeaderElection256] INFO  server.RaftServerConfigKeys (ConfUtils.java:logGet(43)) - raft.server.log.appender.snapshot.chunk.size.max = 16MB (=16777216) (default)
2019-10-10 12:40:42,457 [6f85b482-1ee3-41f8-b799-7ee315fa3ee8@group-1C79ACAAC9C2:LeaderElection256] INFO  server.RaftServerConfigKeys (ConfUtils.java:logGet(43)) - raft.server.log.appender.buffer.byte-limit = 33554432 (custom)
2019-10-10 12:40:42,457 [6f85b482-1ee3-41f8-b799-7ee315fa3ee8@group-1C79ACAAC9C2:LeaderElection256] INFO  server.RaftServerConfigKeys (ConfUtils.java:logGet(43)) - raft.server.log.appender.buffer.element-limit = 1 (custom)
2019-10-10 12:40:42,457 [6f85b482-1ee3-41f8-b799-7ee315fa3ee8@group-1C79ACAAC9C2:LeaderElection256] INFO  grpc.GrpcConfigKeys$Server (ConfUtils.java:logGet(43)) - raft.grpc.server.leader.outstanding.appends.max = 128 (default)
2019-10-10 12:40:42,457 [6f85b482-1ee3-41f8-b799-7ee315fa3ee8@group-1C79ACAAC9C2:LeaderElection256] INFO  server.RaftServerConfigKeys (ConfUtils.java:logGet(43)) - raft.server.rpc.request.timeout = 3000ms (default)
2019-10-10 12:40:42,457 [6f85b482-1ee3-41f8-b799-7ee315fa3ee8@group-1C79ACAAC9C2:LeaderElection256] INFO  server.RaftServerConfigKeys (ConfUtils.java:logGet(43)) - raft.server.log.appender.install.snapshot.enabled = false (custom)
2019-10-10 12:40:42,457 [6f85b482-1ee3-41f8-b799-7ee315fa3ee8@group-1C79ACAAC9C2:LeaderElection256] INFO  server.RaftServerConfigKeys (ConfUtils.java:logGet(43)) - raft.server.log.appender.snapshot.chunk.size.max = 16MB (=16777216) (default)
2019-10-10 12:40:42,458 [6f85b482-1ee3-41f8-b799-7ee315fa3ee8@group-1C79ACAAC9C2:LeaderElection256] INFO  server.RaftServerConfigKeys (ConfUtils.java:logGet(43)) - raft.server.log.appender.buffer.byte-limit = 33554432 (custom)
2019-10-10 12:40:42,458 [6f85b482-1ee3-41f8-b799-7ee315fa3ee8@group-1C79ACAAC9C2:LeaderElection256] INFO  server.RaftServerConfigKeys (ConfUtils.java:logGet(43)) - raft.server.log.appender.buffer.element-limit = 1 (custom)
2019-10-10 12:40:42,458 [6f85b482-1ee3-41f8-b799-7ee315fa3ee8@group-1C79ACAAC9C2:LeaderElection256] INFO  grpc.GrpcConfigKeys$Server (ConfUtils.java:logGet(43)) - raft.grpc.server.leader.outstanding.appends.max = 128 (default)
2019-10-10 12:40:42,458 [6f85b482-1ee3-41f8-b799-7ee315fa3ee8@group-1C79ACAAC9C2:LeaderElection256] INFO  server.RaftServerConfigKeys (ConfUtils.java:logGet(43)) - raft.server.rpc.request.timeout = 3000ms (default)
2019-10-10 12:40:42,458 [6f85b482-1ee3-41f8-b799-7ee315fa3ee8@group-1C79ACAAC9C2:LeaderElection256] INFO  server.RaftServerConfigKeys (ConfUtils.java:logGet(43)) - raft.server.log.appender.install.snapshot.enabled = false (custom)
2019-10-10 12:40:42,458 [6f85b482-1ee3-41f8-b799-7ee315fa3ee8@group-1C79ACAAC9C2:LeaderElection256] INFO  impl.RoleInfo (RoleInfo.java:updateAndGet(143)) - 6f85b482-1ee3-41f8-b799-7ee315fa3ee8: start LeaderState
2019-10-10 12:40:42,459 [6f85b482-1ee3-41f8-b799-7ee315fa3ee8@group-1C79ACAAC9C2:LeaderElection256] INFO  segmented.SegmentedRaftLogWorker (SegmentedRaftLogWorker.java:startLogSegment(380)) - 6f85b482-1ee3-41f8-b799-7ee315fa3ee8@group-1C79ACAAC9C2-SegmentedRaftLogWorker: Starting segment from index:0
2019-10-10 12:40:42,494 [grpc-default-executor-45] INFO  impl.RaftServerImpl (ServerState.java:setLeader(253)) - 31dbcda4-c74c-4dfb-b27d-abb192246f85@group-1C79ACAAC9C2: change Leader from null to 6f85b482-1ee3-41f8-b799-7ee315fa3ee8 at term 1 for appendEntries, leader elected after 10697ms
2019-10-10 12:40:42,494 [6f85b482-1ee3-41f8-b799-7ee315fa3ee8@group-1C79ACAAC9C2:LeaderElection256] INFO  impl.RaftServerImpl (ServerState.java:setRaftConf(354)) - 6f85b482-1ee3-41f8-b799-7ee315fa3ee8@group-1C79ACAAC9C2: set configuration 0: [6f85b482-1ee3-41f8-b799-7ee315fa3ee8:192.168.5.143:44817, a5b85608-7f11-46ec-ae19-494ab54f3701:192.168.5.143:39887, 31dbcda4-c74c-4dfb-b27d-abb192246f85:192.168.5.143:46534], old=null at 0
2019-10-10 12:40:42,518 [6f85b482-1ee3-41f8-b799-7ee315fa3ee8@group-1C79ACAAC9C2-SegmentedRaftLogWorker] INFO  segmented.SegmentedRaftLogWorker (SegmentedRaftLogWorker.java:execute(569)) - 6f85b482-1ee3-41f8-b799-7ee315fa3ee8@group-1C79ACAAC9C2-SegmentedRaftLogWorker: created new log segment /workdir/hadoop-ozone/integration-test/target/test-dir/MiniOzoneClusterImpl-8284007a-d704-4ed0-a0ee-bee753f20599/datanode-3/data/ratis/33538c5b-6b59-4c95-802a-1c79acaac9c2/current/log_inprogress_0
2019-10-10 12:40:42,519 [grpc-default-executor-45] INFO  impl.RaftServerImpl (ServerState.java:setLeader(253)) - a5b85608-7f11-46ec-ae19-494ab54f3701@group-1C79ACAAC9C2: change Leader from null to 6f85b482-1ee3-41f8-b799-7ee315fa3ee8 at term 1 for appendEntries, leader elected after 10721ms
2019-10-10 12:40:42,520 [grpc-default-executor-48] INFO  impl.RaftServerImpl (ServerState.java:setRaftConf(354)) - 31dbcda4-c74c-4dfb-b27d-abb192246f85@group-1C79ACAAC9C2: set configuration 0: [6f85b482-1ee3-41f8-b799-7ee315fa3ee8:192.168.5.143:44817, a5b85608-7f11-46ec-ae19-494ab54f3701:192.168.5.143:39887, 31dbcda4-c74c-4dfb-b27d-abb192246f85:192.168.5.143:46534], old=null at 0
2019-10-10 12:40:42,520 [grpc-default-executor-48] INFO  segmented.SegmentedRaftLogWorker (SegmentedRaftLogWorker.java:startLogSegment(380)) - 31dbcda4-c74c-4dfb-b27d-abb192246f85@group-1C79ACAAC9C2-SegmentedRaftLogWorker: Starting segment from index:0
2019-10-10 12:40:42,520 [grpc-default-executor-45] INFO  impl.RaftServerImpl (ServerState.java:setRaftConf(354)) - a5b85608-7f11-46ec-ae19-494ab54f3701@group-1C79ACAAC9C2: set configuration 0: [6f85b482-1ee3-41f8-b799-7ee315fa3ee8:192.168.5.143:44817, a5b85608-7f11-46ec-ae19-494ab54f3701:192.168.5.143:39887, 31dbcda4-c74c-4dfb-b27d-abb192246f85:192.168.5.143:46534], old=null at 0
2019-10-10 12:40:42,521 [grpc-default-executor-45] INFO  segmented.SegmentedRaftLogWorker (SegmentedRaftLogWorker.java:startLogSegment(380)) - a5b85608-7f11-46ec-ae19-494ab54f3701@group-1C79ACAAC9C2-SegmentedRaftLogWorker: Starting segment from index:0
2019-10-10 12:40:42,532 [Thread-6712] INFO  impl.FollowerState (FollowerState.java:run(106)) - 31dbcda4-c74c-4dfb-b27d-abb192246f85:group-BA18EEAD7E37 changes to CANDIDATE, lastRpcTime:10800, electionTimeout:5122ms
2019-10-10 12:40:42,533 [Thread-6712] INFO  impl.RoleInfo (RoleInfo.java:shutdownFollowerState(121)) - 31dbcda4-c74c-4dfb-b27d-abb192246f85: shutdown FollowerState
2019-10-10 12:40:42,533 [Thread-6712] INFO  impl.RaftServerImpl (RaftServerImpl.java:setRole(174)) - 31dbcda4-c74c-4dfb-b27d-abb192246f85@group-BA18EEAD7E37: changes role from  FOLLOWER to CANDIDATE at term 0 for changeToCandidate
2019-10-10 12:40:42,533 [Thread-6712] INFO  impl.RoleInfo (RoleInfo.java:updateAndGet(143)) - 31dbcda4-c74c-4dfb-b27d-abb192246f85: start LeaderElection
2019-10-10 12:40:42,546 [31dbcda4-c74c-4dfb-b27d-abb192246f85@group-BA18EEAD7E37:LeaderElection258] INFO  impl.LeaderElection (LeaderElection.java:askForVotes(182)) - 31dbcda4-c74c-4dfb-b27d-abb192246f85@group-BA18EEAD7E37:LeaderElection258: begin an election at term 1 for -1: [6f85b482-1ee3-41f8-b799-7ee315fa3ee8:192.168.5.143:44817, a5b85608-7f11-46ec-ae19-494ab54f3701:192.168.5.143:39887, 31dbcda4-c74c-4dfb-b27d-abb192246f85:192.168.5.143:46534], old=null
2019-10-10 12:40:42,548 [grpc-default-executor-45] INFO  impl.RaftServerImpl (RaftServerImpl.java:setRole(174)) - 6f85b482-1ee3-41f8-b799-7ee315fa3ee8@group-BA18EEAD7E37: changes role from  FOLLOWER to FOLLOWER at term 1 for recognizeCandidate:31dbcda4-c74c-4dfb-b27d-abb192246f85
2019-10-10 12:40:42,548 [grpc-default-executor-48] INFO  impl.RaftServerImpl (RaftServerImpl.java:setRole(174)) - a5b85608-7f11-46ec-ae19-494ab54f3701@group-BA18EEAD7E37: changes role from  FOLLOWER to FOLLOWER at term 1 for recognizeCandidate:31dbcda4-c74c-4dfb-b27d-abb192246f85
2019-10-10 12:40:42,548 [grpc-default-executor-45] INFO  impl.RoleInfo (RoleInfo.java:shutdownFollowerState(121)) - 6f85b482-1ee3-41f8-b799-7ee315fa3ee8: shutdown FollowerState
2019-10-10 12:40:42,549 [grpc-default-executor-48] INFO  impl.RoleInfo (RoleInfo.java:shutdownFollowerState(121)) - a5b85608-7f11-46ec-ae19-494ab54f3701: shutdown FollowerState
2019-10-10 12:40:42,549 [Thread-6713] INFO  impl.FollowerState (FollowerState.java:run(115)) - 6f85b482-1ee3-41f8-b799-7ee315fa3ee8: FollowerState was interrupted: java.lang.InterruptedException: sleep interrupted
2019-10-10 12:40:42,549 [Thread-6710] INFO  impl.FollowerState (FollowerState.java:run(115)) - a5b85608-7f11-46ec-ae19-494ab54f3701: FollowerState was interrupted: java.lang.InterruptedException: sleep interrupted
2019-10-10 12:40:42,549 [grpc-default-executor-45] INFO  impl.RoleInfo (RoleInfo.java:updateAndGet(143)) - 6f85b482-1ee3-41f8-b799-7ee315fa3ee8: start FollowerState
2019-10-10 12:40:42,549 [grpc-default-executor-48] INFO  impl.RoleInfo (RoleInfo.java:updateAndGet(143)) - a5b85608-7f11-46ec-ae19-494ab54f3701: start FollowerState
2019-10-10 12:40:42,563 [a5b85608-7f11-46ec-ae19-494ab54f3701@group-1C79ACAAC9C2-SegmentedRaftLogWorker] INFO  segmented.SegmentedRaftLogWorker (SegmentedRaftLogWorker.java:execute(569)) - a5b85608-7f11-46ec-ae19-494ab54f3701@group-1C79ACAAC9C2-SegmentedRaftLogWorker: created new log segment /workdir/hadoop-ozone/integration-test/target/test-dir/MiniOzoneClusterImpl-8284007a-d704-4ed0-a0ee-bee753f20599/datanode-1/data/ratis/33538c5b-6b59-4c95-802a-1c79acaac9c2/current/log_inprogress_0
2019-10-10 12:40:42,563 [31dbcda4-c74c-4dfb-b27d-abb192246f85@group-1C79ACAAC9C2-SegmentedRaftLogWorker] INFO  segmented.SegmentedRaftLogWorker (SegmentedRaftLogWorker.java:execute(569)) - 31dbcda4-c74c-4dfb-b27d-abb192246f85@group-1C79ACAAC9C2-SegmentedRaftLogWorker: created new log segment /workdir/hadoop-ozone/integration-test/target/test-dir/MiniOzoneClusterImpl-8284007a-d704-4ed0-a0ee-bee753f20599/datanode-4/data/ratis/33538c5b-6b59-4c95-802a-1c79acaac9c2/current/log_inprogress_0
2019-10-10 12:40:42,563 [31dbcda4-c74c-4dfb-b27d-abb192246f85@group-BA18EEAD7E37:LeaderElection258] INFO  impl.LeaderElection (LeaderElection.java:logAndReturn(56)) - 31dbcda4-c74c-4dfb-b27d-abb192246f85@group-BA18EEAD7E37:LeaderElection258: Election PASSED; received 1 response(s) [31dbcda4-c74c-4dfb-b27d-abb192246f85<-6f85b482-1ee3-41f8-b799-7ee315fa3ee8#0:OK-t1] and 0 exception(s); 31dbcda4-c74c-4dfb-b27d-abb192246f85@group-BA18EEAD7E37:t1, leader=null, voted=31dbcda4-c74c-4dfb-b27d-abb192246f85, raftlog=31dbcda4-c74c-4dfb-b27d-abb192246f85@group-BA18EEAD7E37-SegmentedRaftLog:OPENED:c-1,f-1,i0, conf=-1: [6f85b482-1ee3-41f8-b799-7ee315fa3ee8:192.168.5.143:44817, a5b85608-7f11-46ec-ae19-494ab54f3701:192.168.5.143:39887, 31dbcda4-c74c-4dfb-b27d-abb192246f85:192.168.5.143:46534], old=null
2019-10-10 12:40:42,564 [31dbcda4-c74c-4dfb-b27d-abb192246f85@group-BA18EEAD7E37:LeaderElection258] INFO  impl.RoleInfo (RoleInfo.java:shutdownLeaderElection(134)) - 31dbcda4-c74c-4dfb-b27d-abb192246f85: shutdown LeaderElection
2019-10-10 12:40:42,564 [31dbcda4-c74c-4dfb-b27d-abb192246f85@group-BA18EEAD7E37:LeaderElection258] INFO  impl.RaftServerImpl (RaftServerImpl.java:setRole(174)) - 31dbcda4-c74c-4dfb-b27d-abb192246f85@group-BA18EEAD7E37: changes role from CANDIDATE to LEADER at term 1 for changeToLeader
2019-10-10 12:40:42,564 [31dbcda4-c74c-4dfb-b27d-abb192246f85@group-BA18EEAD7E37:LeaderElection258] INFO  impl.RaftServerImpl (ServerState.java:setLeader(253)) - 31dbcda4-c74c-4dfb-b27d-abb192246f85@group-BA18EEAD7E37: change Leader from null to 31dbcda4-c74c-4dfb-b27d-abb192246f85 at term 1 for becomeLeader, leader elected after 10843ms
2019-10-10 12:40:42,564 [31dbcda4-c74c-4dfb-b27d-abb192246f85@group-BA18EEAD7E37:LeaderElection258] INFO  server.RaftServerConfigKeys (ConfUtils.java:logGet(43)) - raft.server.staging.catchup.gap = 1000 (default)
2019-10-10 12:40:42,564 [31dbcda4-c74c-4dfb-b27d-abb192246f85@group-BA18EEAD7E37:LeaderElection258] INFO  server.RaftServerConfigKeys (ConfUtils.java:logGet(43)) - raft.server.rpc.sleep.time = 25ms (default)
2019-10-10 12:40:42,564 [31dbcda4-c74c-4dfb-b27d-abb192246f85@group-BA18EEAD7E37:LeaderElection258] INFO  server.RaftServerConfigKeys (ConfUtils.java:logGet(43)) - raft.server.write.element-limit = 4096 (default)
2019-10-10 12:40:42,564 [31dbcda4-c74c-4dfb-b27d-abb192246f85@group-BA18EEAD7E37:LeaderElection258] INFO  server.RaftServerConfigKeys (ConfUtils.java:logGet(43)) - raft.server.watch.timeout = 10s (default)
2019-10-10 12:40:42,565 [31dbcda4-c74c-4dfb-b27d-abb192246f85@group-BA18EEAD7E37:LeaderElection258] INFO  server.RaftServerConfigKeys (ConfUtils.java:logGet(43)) - raft.server.watch.timeout.denomination = 1s (default)
2019-10-10 12:40:42,565 [31dbcda4-c74c-4dfb-b27d-abb192246f85@group-BA18EEAD7E37:LeaderElection258] INFO  server.RaftServerConfigKeys (ConfUtils.java:logGet(43)) - raft.server.watch.element-limit = 65536 (default)
2019-10-10 12:40:42,566 [31dbcda4-c74c-4dfb-b27d-abb192246f85@group-BA18EEAD7E37:LeaderElection258] INFO  server.RaftServerConfigKeys (ConfUtils.java:logGet(43)) - raft.server.log.appender.snapshot.chunk.size.max = 16MB (=16777216) (default)
2019-10-10 12:40:42,566 [31dbcda4-c74c-4dfb-b27d-abb192246f85@group-BA18EEAD7E37:LeaderElection258] INFO  server.RaftServerConfigKeys (ConfUtils.java:logGet(43)) - raft.server.log.appender.buffer.byte-limit = 33554432 (custom)
2019-10-10 12:40:42,566 [31dbcda4-c74c-4dfb-b27d-abb192246f85@group-BA18EEAD7E37:LeaderElection258] INFO  server.RaftServerConfigKeys (ConfUtils.java:logGet(43)) - raft.server.log.appender.buffer.element-limit = 1 (custom)
2019-10-10 12:40:42,567 [31dbcda4-c74c-4dfb-b27d-abb192246f85@group-BA18EEAD7E37:LeaderElection258] INFO  grpc.GrpcConfigKeys$Server (ConfUtils.java:logGet(43)) - raft.grpc.server.leader.outstanding.appends.max = 128 (default)
2019-10-10 12:40:42,567 [31dbcda4-c74c-4dfb-b27d-abb192246f85@group-BA18EEAD7E37:LeaderElection258] INFO  server.RaftServerConfigKeys (ConfUtils.java:logGet(43)) - raft.server.rpc.request.timeout = 3000ms (default)
2019-10-10 12:40:42,567 [31dbcda4-c74c-4dfb-b27d-abb192246f85@group-BA18EEAD7E37:LeaderElection258] INFO  server.RaftServerConfigKeys (ConfUtils.java:logGet(43)) - raft.server.log.appender.install.snapshot.enabled = false (custom)
2019-10-10 12:40:42,567 [31dbcda4-c74c-4dfb-b27d-abb192246f85@group-BA18EEAD7E37:LeaderElection258] INFO  server.RaftServerConfigKeys (ConfUtils.java:logGet(43)) - raft.server.log.appender.snapshot.chunk.size.max = 16MB (=16777216) (default)
2019-10-10 12:40:42,567 [31dbcda4-c74c-4dfb-b27d-abb192246f85@group-BA18EEAD7E37:LeaderElection258] INFO  server.RaftServerConfigKeys (ConfUtils.java:logGet(43)) - raft.server.log.appender.buffer.byte-limit = 33554432 (custom)
2019-10-10 12:40:42,567 [31dbcda4-c74c-4dfb-b27d-abb192246f85@group-BA18EEAD7E37:LeaderElection258] INFO  server.RaftServerConfigKeys (ConfUtils.java:logGet(43)) - raft.server.log.appender.buffer.element-limit = 1 (custom)
2019-10-10 12:40:42,568 [31dbcda4-c74c-4dfb-b27d-abb192246f85@group-BA18EEAD7E37:LeaderElection258] INFO  grpc.GrpcConfigKeys$Server (ConfUtils.java:logGet(43)) - raft.grpc.server.leader.outstanding.appends.max = 128 (default)
2019-10-10 12:40:42,568 [31dbcda4-c74c-4dfb-b27d-abb192246f85@group-BA18EEAD7E37:LeaderElection258] INFO  server.RaftServerConfigKeys (ConfUtils.java:logGet(43)) - raft.server.rpc.request.timeout = 3000ms (default)
2019-10-10 12:40:42,568 [31dbcda4-c74c-4dfb-b27d-abb192246f85@group-BA18EEAD7E37:LeaderElection258] INFO  server.RaftServerConfigKeys (ConfUtils.java:logGet(43)) - raft.server.log.appender.install.snapshot.enabled = false (custom)
2019-10-10 12:40:42,568 [31dbcda4-c74c-4dfb-b27d-abb192246f85@group-BA18EEAD7E37:LeaderElection258] INFO  impl.RoleInfo (RoleInfo.java:updateAndGet(143)) - 31dbcda4-c74c-4dfb-b27d-abb192246f85: start LeaderState
2019-10-10 12:40:42,568 [31dbcda4-c74c-4dfb-b27d-abb192246f85@group-BA18EEAD7E37:LeaderElection258] INFO  segmented.SegmentedRaftLogWorker (SegmentedRaftLogWorker.java:startLogSegment(380)) - 31dbcda4-c74c-4dfb-b27d-abb192246f85@group-BA18EEAD7E37-SegmentedRaftLogWorker: Starting segment from index:0
2019-10-10 12:40:42,569 [31dbcda4-c74c-4dfb-b27d-abb192246f85@group-BA18EEAD7E37:LeaderElection258] INFO  impl.RaftServerImpl (ServerState.java:setRaftConf(354)) - 31dbcda4-c74c-4dfb-b27d-abb192246f85@group-BA18EEAD7E37: set configuration 0: [6f85b482-1ee3-41f8-b799-7ee315fa3ee8:192.168.5.143:44817, a5b85608-7f11-46ec-ae19-494ab54f3701:192.168.5.143:39887, 31dbcda4-c74c-4dfb-b27d-abb192246f85:192.168.5.143:46534], old=null at 0
2019-10-10 12:40:42,569 [grpc-default-executor-48] INFO  impl.RaftServerImpl (ServerState.java:setLeader(253)) - 6f85b482-1ee3-41f8-b799-7ee315fa3ee8@group-BA18EEAD7E37: change Leader from null to 31dbcda4-c74c-4dfb-b27d-abb192246f85 at term 1 for appendEntries, leader elected after 10848ms
2019-10-10 12:40:42,570 [grpc-default-executor-45] INFO  impl.RaftServerImpl (ServerState.java:setLeader(253)) - a5b85608-7f11-46ec-ae19-494ab54f3701@group-BA18EEAD7E37: change Leader from null to 31dbcda4-c74c-4dfb-b27d-abb192246f85 at term 1 for appendEntries, leader elected after 10849ms
2019-10-10 12:40:42,571 [grpc-default-executor-48] INFO  impl.RaftServerImpl (ServerState.java:setRaftConf(354)) - 6f85b482-1ee3-41f8-b799-7ee315fa3ee8@group-BA18EEAD7E37: set configuration 0: [6f85b482-1ee3-41f8-b799-7ee315fa3ee8:192.168.5.143:44817, a5b85608-7f11-46ec-ae19-494ab54f3701:192.168.5.143:39887, 31dbcda4-c74c-4dfb-b27d-abb192246f85:192.168.5.143:46534], old=null at 0
2019-10-10 12:40:42,571 [grpc-default-executor-45] INFO  impl.RaftServerImpl (ServerState.java:setRaftConf(354)) - a5b85608-7f11-46ec-ae19-494ab54f3701@group-BA18EEAD7E37: set configuration 0: [6f85b482-1ee3-41f8-b799-7ee315fa3ee8:192.168.5.143:44817, a5b85608-7f11-46ec-ae19-494ab54f3701:192.168.5.143:39887, 31dbcda4-c74c-4dfb-b27d-abb192246f85:192.168.5.143:46534], old=null at 0
2019-10-10 12:40:42,571 [grpc-default-executor-48] INFO  segmented.SegmentedRaftLogWorker (SegmentedRaftLogWorker.java:startLogSegment(380)) - 6f85b482-1ee3-41f8-b799-7ee315fa3ee8@group-BA18EEAD7E37-SegmentedRaftLogWorker: Starting segment from index:0
2019-10-10 12:40:42,572 [grpc-default-executor-45] INFO  segmented.SegmentedRaftLogWorker (SegmentedRaftLogWorker.java:startLogSegment(380)) - a5b85608-7f11-46ec-ae19-494ab54f3701@group-BA18EEAD7E37-SegmentedRaftLogWorker: Starting segment from index:0
2019-10-10 12:40:42,614 [6f85b482-1ee3-41f8-b799-7ee315fa3ee8@group-BA18EEAD7E37-SegmentedRaftLogWorker] INFO  segmented.SegmentedRaftLogWorker (SegmentedRaftLogWorker.java:execute(569)) - 6f85b482-1ee3-41f8-b799-7ee315fa3ee8@group-BA18EEAD7E37-SegmentedRaftLogWorker: created new log segment /workdir/hadoop-ozone/integration-test/target/test-dir/MiniOzoneClusterImpl-8284007a-d704-4ed0-a0ee-bee753f20599/datanode-3/data/ratis/1fdfe419-dfc4-4c1c-9eae-ba18eead7e37/current/log_inprogress_0
2019-10-10 12:40:42,614 [31dbcda4-c74c-4dfb-b27d-abb192246f85@group-BA18EEAD7E37-SegmentedRaftLogWorker] INFO  segmented.SegmentedRaftLogWorker (SegmentedRaftLogWorker.java:execute(569)) - 31dbcda4-c74c-4dfb-b27d-abb192246f85@group-BA18EEAD7E37-SegmentedRaftLogWorker: created new log segment /workdir/hadoop-ozone/integration-test/target/test-dir/MiniOzoneClusterImpl-8284007a-d704-4ed0-a0ee-bee753f20599/datanode-4/data/ratis/1fdfe419-dfc4-4c1c-9eae-ba18eead7e37/current/log_inprogress_0
2019-10-10 12:40:42,614 [a5b85608-7f11-46ec-ae19-494ab54f3701@group-BA18EEAD7E37-SegmentedRaftLogWorker] INFO  segmented.SegmentedRaftLogWorker (SegmentedRaftLogWorker.java:execute(569)) - a5b85608-7f11-46ec-ae19-494ab54f3701@group-BA18EEAD7E37-SegmentedRaftLogWorker: created new log segment /workdir/hadoop-ozone/integration-test/target/test-dir/MiniOzoneClusterImpl-8284007a-d704-4ed0-a0ee-bee753f20599/datanode-1/data/ratis/1fdfe419-dfc4-4c1c-9eae-ba18eead7e37/current/log_inprogress_0
2019-10-10 12:40:42,831 [EventQueue-StaleNodeForStaleNodeHandler] INFO  node.StaleNodeHandler (StaleNodeHandler.java:onMessage(58)) - Datanode 6f85b482-1ee3-41f8-b799-7ee315fa3ee8{ip: 192.168.5.143, host: pr-hdds-1569-9zzhf-258611273, networkLocation: /default-rack, certSerialId: null} moved to stale state. Finalizing its pipelines [PipelineID=d7591851-0f88-4484-9f96-4f22982d157d, PipelineID=96b7d770-eacc-4f9e-a210-baafda4bb310, PipelineID=1fdfe419-dfc4-4c1c-9eae-ba18eead7e37, PipelineID=33891784-f9ab-4bdf-9ec3-4091cfa4c27b, PipelineID=eb1becfb-faf2-40dc-acc6-58b2d30e1f0c, PipelineID=07bedd85-7e12-4a51-85ed-a127a8b5169c, PipelineID=5006571e-737a-4a6f-a6c0-4e0d53597c14, PipelineID=6e92acba-2951-4e80-8dab-df245211571a, PipelineID=9bae8a8c-c430-4fba-bd06-2d1a61b296c8, PipelineID=33538c5b-6b59-4c95-802a-1c79acaac9c2]
2019-10-10 12:40:42,832 [EventQueue-StaleNodeForStaleNodeHandler] INFO  pipeline.SCMPipelineManager (SCMPipelineManager.java:finalizeAndDestroyPipeline(342)) - destroying pipeline:Pipeline[ Id: d7591851-0f88-4484-9f96-4f22982d157d, Nodes: a5b85608-7f11-46ec-ae19-494ab54f3701{ip: 192.168.5.143, host: pr-hdds-1569-9zzhf-258611273, networkLocation: /default-rack, certSerialId: null}31dbcda4-c74c-4dfb-b27d-abb192246f85{ip: 192.168.5.143, host: pr-hdds-1569-9zzhf-258611273, networkLocation: /default-rack, certSerialId: null}6f85b482-1ee3-41f8-b799-7ee315fa3ee8{ip: 192.168.5.143, host: pr-hdds-1569-9zzhf-258611273, networkLocation: /default-rack, certSerialId: null}, Type:RATIS, Factor:THREE, State:OPEN]
2019-10-10 12:40:42,832 [EventQueue-StaleNodeForStaleNodeHandler] INFO  pipeline.PipelineStateManager (PipelineStateManager.java:finalizePipeline(123)) - Pipeline Pipeline[ Id: d7591851-0f88-4484-9f96-4f22982d157d, Nodes: a5b85608-7f11-46ec-ae19-494ab54f3701{ip: 192.168.5.143, host: pr-hdds-1569-9zzhf-258611273, networkLocation: /default-rack, certSerialId: null}31dbcda4-c74c-4dfb-b27d-abb192246f85{ip: 192.168.5.143, host: pr-hdds-1569-9zzhf-258611273, networkLocation: /default-rack, certSerialId: null}6f85b482-1ee3-41f8-b799-7ee315fa3ee8{ip: 192.168.5.143, host: pr-hdds-1569-9zzhf-258611273, networkLocation: /default-rack, certSerialId: null}, Type:RATIS, Factor:THREE, State:CLOSED] moved to CLOSED state
2019-10-10 12:40:42,832 [EventQueue-StaleNodeForStaleNodeHandler] INFO  pipeline.SCMPipelineManager (SCMPipelineManager.java:finalizeAndDestroyPipeline(342)) - destroying pipeline:Pipeline[ Id: 96b7d770-eacc-4f9e-a210-baafda4bb310, Nodes: 2977129d-288a-401c-9baf-20955028e955{ip: 192.168.5.143, host: pr-hdds-1569-9zzhf-258611273, networkLocation: /default-rack, certSerialId: null}a5b85608-7f11-46ec-ae19-494ab54f3701{ip: 192.168.5.143, host: pr-hdds-1569-9zzhf-258611273, networkLocation: /default-rack, certSerialId: null}6f85b482-1ee3-41f8-b799-7ee315fa3ee8{ip: 192.168.5.143, host: pr-hdds-1569-9zzhf-258611273, networkLocation: /default-rack, certSerialId: null}, Type:RATIS, Factor:THREE, State:OPEN]
2019-10-10 12:40:42,833 [EventQueue-StaleNodeForStaleNodeHandler] INFO  pipeline.PipelineStateManager (PipelineStateManager.java:finalizePipeline(123)) - Pipeline Pipeline[ Id: 96b7d770-eacc-4f9e-a210-baafda4bb310, Nodes: 2977129d-288a-401c-9baf-20955028e955{ip: 192.168.5.143, host: pr-hdds-1569-9zzhf-258611273, networkLocation: /default-rack, certSerialId: null}a5b85608-7f11-46ec-ae19-494ab54f3701{ip: 192.168.5.143, host: pr-hdds-1569-9zzhf-258611273, networkLocation: /default-rack, certSerialId: null}6f85b482-1ee3-41f8-b799-7ee315fa3ee8{ip: 192.168.5.143, host: pr-hdds-1569-9zzhf-258611273, networkLocation: /default-rack, certSerialId: null}, Type:RATIS, Factor:THREE, State:CLOSED] moved to CLOSED state
2019-10-10 12:40:42,833 [EventQueue-StaleNodeForStaleNodeHandler] INFO  pipeline.SCMPipelineManager (SCMPipelineManager.java:finalizeAndDestroyPipeline(342)) - destroying pipeline:Pipeline[ Id: 1fdfe419-dfc4-4c1c-9eae-ba18eead7e37, Nodes: 6f85b482-1ee3-41f8-b799-7ee315fa3ee8{ip: 192.168.5.143, host: pr-hdds-1569-9zzhf-258611273, networkLocation: /default-rack, certSerialId: null}a5b85608-7f11-46ec-ae19-494ab54f3701{ip: 192.168.5.143, host: pr-hdds-1569-9zzhf-258611273, networkLocation: /default-rack, certSerialId: null}31dbcda4-c74c-4dfb-b27d-abb192246f85{ip: 192.168.5.143, host: pr-hdds-1569-9zzhf-258611273, networkLocation: /default-rack, certSerialId: null}, Type:RATIS, Factor:THREE, State:OPEN]
2019-10-10 12:40:42,833 [EventQueue-StaleNodeForStaleNodeHandler] INFO  pipeline.PipelineStateManager (PipelineStateManager.java:finalizePipeline(123)) - Pipeline Pipeline[ Id: 1fdfe419-dfc4-4c1c-9eae-ba18eead7e37, Nodes: 6f85b482-1ee3-41f8-b799-7ee315fa3ee8{ip: 192.168.5.143, host: pr-hdds-1569-9zzhf-258611273, networkLocation: /default-rack, certSerialId: null}a5b85608-7f11-46ec-ae19-494ab54f3701{ip: 192.168.5.143, host: pr-hdds-1569-9zzhf-258611273, networkLocation: /default-rack, certSerialId: null}31dbcda4-c74c-4dfb-b27d-abb192246f85{ip: 192.168.5.143, host: pr-hdds-1569-9zzhf-258611273, networkLocation: /default-rack, certSerialId: null}, Type:RATIS, Factor:THREE, State:CLOSED] moved to CLOSED state
2019-10-10 12:40:42,833 [EventQueue-StaleNodeForStaleNodeHandler] INFO  pipeline.SCMPipelineManager (SCMPipelineManager.java:finalizeAndDestroyPipeline(342)) - destroying pipeline:Pipeline[ Id: 33891784-f9ab-4bdf-9ec3-4091cfa4c27b, Nodes: 6f85b482-1ee3-41f8-b799-7ee315fa3ee8{ip: 192.168.5.143, host: pr-hdds-1569-9zzhf-258611273, networkLocation: /default-rack, certSerialId: null}a5b85608-7f11-46ec-ae19-494ab54f3701{ip: 192.168.5.143, host: pr-hdds-1569-9zzhf-258611273, networkLocation: /default-rack, certSerialId: null}31dbcda4-c74c-4dfb-b27d-abb192246f85{ip: 192.168.5.143, host: pr-hdds-1569-9zzhf-258611273, networkLocation: /default-rack, certSerialId: null}, Type:RATIS, Factor:THREE, State:OPEN]
2019-10-10 12:40:42,833 [EventQueue-StaleNodeForStaleNodeHandler] INFO  pipeline.PipelineStateManager (PipelineStateManager.java:finalizePipeline(123)) - Pipeline Pipeline[ Id: 33891784-f9ab-4bdf-9ec3-4091cfa4c27b, Nodes: 6f85b482-1ee3-41f8-b799-7ee315fa3ee8{ip: 192.168.5.143, host: pr-hdds-1569-9zzhf-258611273, networkLocation: /default-rack, certSerialId: null}a5b85608-7f11-46ec-ae19-494ab54f3701{ip: 192.168.5.143, host: pr-hdds-1569-9zzhf-258611273, networkLocation: /default-rack, certSerialId: null}31dbcda4-c74c-4dfb-b27d-abb192246f85{ip: 192.168.5.143, host: pr-hdds-1569-9zzhf-258611273, networkLocation: /default-rack, certSerialId: null}, Type:RATIS, Factor:THREE, State:CLOSED] moved to CLOSED state
2019-10-10 12:40:42,833 [EventQueue-StaleNodeForStaleNodeHandler] INFO  pipeline.SCMPipelineManager (SCMPipelineManager.java:finalizeAndDestroyPipeline(342)) - destroying pipeline:Pipeline[ Id: eb1becfb-faf2-40dc-acc6-58b2d30e1f0c, Nodes: a5b85608-7f11-46ec-ae19-494ab54f3701{ip: 192.168.5.143, host: pr-hdds-1569-9zzhf-258611273, networkLocation: /default-rack, certSerialId: null}31dbcda4-c74c-4dfb-b27d-abb192246f85{ip: 192.168.5.143, host: pr-hdds-1569-9zzhf-258611273, networkLocation: /default-rack, certSerialId: null}6f85b482-1ee3-41f8-b799-7ee315fa3ee8{ip: 192.168.5.143, host: pr-hdds-1569-9zzhf-258611273, networkLocation: /default-rack, certSerialId: null}, Type:RATIS, Factor:THREE, State:OPEN]
2019-10-10 12:40:42,833 [EventQueue-StaleNodeForStaleNodeHandler] INFO  pipeline.PipelineStateManager (PipelineStateManager.java:finalizePipeline(123)) - Pipeline Pipeline[ Id: eb1becfb-faf2-40dc-acc6-58b2d30e1f0c, Nodes: a5b85608-7f11-46ec-ae19-494ab54f3701{ip: 192.168.5.143, host: pr-hdds-1569-9zzhf-258611273, networkLocation: /default-rack, certSerialId: null}31dbcda4-c74c-4dfb-b27d-abb192246f85{ip: 192.168.5.143, host: pr-hdds-1569-9zzhf-258611273, networkLocation: /default-rack, certSerialId: null}6f85b482-1ee3-41f8-b799-7ee315fa3ee8{ip: 192.168.5.143, host: pr-hdds-1569-9zzhf-258611273, networkLocation: /default-rack, certSerialId: null}, Type:RATIS, Factor:THREE, State:CLOSED] moved to CLOSED state
2019-10-10 12:40:42,833 [EventQueue-StaleNodeForStaleNodeHandler] INFO  pipeline.SCMPipelineManager (SCMPipelineManager.java:finalizeAndDestroyPipeline(342)) - destroying pipeline:Pipeline[ Id: 07bedd85-7e12-4a51-85ed-a127a8b5169c, Nodes: 6f85b482-1ee3-41f8-b799-7ee315fa3ee8{ip: 192.168.5.143, host: pr-hdds-1569-9zzhf-258611273, networkLocation: /default-rack, certSerialId: null}31dbcda4-c74c-4dfb-b27d-abb192246f85{ip: 192.168.5.143, host: pr-hdds-1569-9zzhf-258611273, networkLocation: /default-rack, certSerialId: null}a5b85608-7f11-46ec-ae19-494ab54f3701{ip: 192.168.5.143, host: pr-hdds-1569-9zzhf-258611273, networkLocation: /default-rack, certSerialId: null}, Type:RATIS, Factor:THREE, State:OPEN]
2019-10-10 12:40:42,833 [EventQueue-StaleNodeForStaleNodeHandler] INFO  pipeline.PipelineStateManager (PipelineStateManager.java:finalizePipeline(123)) - Pipeline Pipeline[ Id: 07bedd85-7e12-4a51-85ed-a127a8b5169c, Nodes: 6f85b482-1ee3-41f8-b799-7ee315fa3ee8{ip: 192.168.5.143, host: pr-hdds-1569-9zzhf-258611273, networkLocation: /default-rack, certSerialId: null}31dbcda4-c74c-4dfb-b27d-abb192246f85{ip: 192.168.5.143, host: pr-hdds-1569-9zzhf-258611273, networkLocation: /default-rack, certSerialId: null}a5b85608-7f11-46ec-ae19-494ab54f3701{ip: 192.168.5.143, host: pr-hdds-1569-9zzhf-258611273, networkLocation: /default-rack, certSerialId: null}, Type:RATIS, Factor:THREE, State:CLOSED] moved to CLOSED state
2019-10-10 12:40:42,834 [EventQueue-StaleNodeForStaleNodeHandler] INFO  pipeline.SCMPipelineManager (SCMPipelineManager.java:finalizeAndDestroyPipeline(342)) - destroying pipeline:Pipeline[ Id: 5006571e-737a-4a6f-a6c0-4e0d53597c14, Nodes: a5b85608-7f11-46ec-ae19-494ab54f3701{ip: 192.168.5.143, host: pr-hdds-1569-9zzhf-258611273, networkLocation: /default-rack, certSerialId: null}6f85b482-1ee3-41f8-b799-7ee315fa3ee8{ip: 192.168.5.143, host: pr-hdds-1569-9zzhf-258611273, networkLocation: /default-rack, certSerialId: null}2977129d-288a-401c-9baf-20955028e955{ip: 192.168.5.143, host: pr-hdds-1569-9zzhf-258611273, networkLocation: /default-rack, certSerialId: null}, Type:RATIS, Factor:THREE, State:OPEN]
2019-10-10 12:40:42,834 [EventQueue-StaleNodeForStaleNodeHandler] INFO  pipeline.PipelineStateManager (PipelineStateManager.java:finalizePipeline(123)) - Pipeline Pipeline[ Id: 5006571e-737a-4a6f-a6c0-4e0d53597c14, Nodes: a5b85608-7f11-46ec-ae19-494ab54f3701{ip: 192.168.5.143, host: pr-hdds-1569-9zzhf-258611273, networkLocation: /default-rack, certSerialId: null}6f85b482-1ee3-41f8-b799-7ee315fa3ee8{ip: 192.168.5.143, host: pr-hdds-1569-9zzhf-258611273, networkLocation: /default-rack, certSerialId: null}2977129d-288a-401c-9baf-20955028e955{ip: 192.168.5.143, host: pr-hdds-1569-9zzhf-258611273, networkLocation: /default-rack, certSerialId: null}, Type:RATIS, Factor:THREE, State:CLOSED] moved to CLOSED state
2019-10-10 12:40:42,834 [EventQueue-StaleNodeForStaleNodeHandler] INFO  pipeline.SCMPipelineManager (SCMPipelineManager.java:finalizeAndDestroyPipeline(342)) - destroying pipeline:Pipeline[ Id: 6e92acba-2951-4e80-8dab-df245211571a, Nodes: 6f85b482-1ee3-41f8-b799-7ee315fa3ee8{ip: 192.168.5.143, host: pr-hdds-1569-9zzhf-258611273, networkLocation: /default-rack, certSerialId: null}a5b85608-7f11-46ec-ae19-494ab54f3701{ip: 192.168.5.143, host: pr-hdds-1569-9zzhf-258611273, networkLocation: /default-rack, certSerialId: null}31dbcda4-c74c-4dfb-b27d-abb192246f85{ip: 192.168.5.143, host: pr-hdds-1569-9zzhf-258611273, networkLocation: /default-rack, certSerialId: null}, Type:RATIS, Factor:THREE, State:OPEN]
2019-10-10 12:40:42,834 [EventQueue-StaleNodeForStaleNodeHandler] INFO  pipeline.PipelineStateManager (PipelineStateManager.java:finalizePipeline(123)) - Pipeline Pipeline[ Id: 6e92acba-2951-4e80-8dab-df245211571a, Nodes: 6f85b482-1ee3-41f8-b799-7ee315fa3ee8{ip: 192.168.5.143, host: pr-hdds-1569-9zzhf-258611273, networkLocation: /default-rack, certSerialId: null}a5b85608-7f11-46ec-ae19-494ab54f3701{ip: 192.168.5.143, host: pr-hdds-1569-9zzhf-258611273, networkLocation: /default-rack, certSerialId: null}31dbcda4-c74c-4dfb-b27d-abb192246f85{ip: 192.168.5.143, host: pr-hdds-1569-9zzhf-258611273, networkLocation: /default-rack, certSerialId: null}, Type:RATIS, Factor:THREE, State:CLOSED] moved to CLOSED state
2019-10-10 12:40:42,834 [EventQueue-StaleNodeForStaleNodeHandler] INFO  pipeline.SCMPipelineManager (SCMPipelineManager.java:finalizeAndDestroyPipeline(342)) - destroying pipeline:Pipeline[ Id: 9bae8a8c-c430-4fba-bd06-2d1a61b296c8, Nodes: 6f85b482-1ee3-41f8-b799-7ee315fa3ee8{ip: 192.168.5.143, host: pr-hdds-1569-9zzhf-258611273, networkLocation: /default-rack, certSerialId: null}a5b85608-7f11-46ec-ae19-494ab54f3701{ip: 192.168.5.143, host: pr-hdds-1569-9zzhf-258611273, networkLocation: /default-rack, certSerialId: null}31dbcda4-c74c-4dfb-b27d-abb192246f85{ip: 192.168.5.143, host: pr-hdds-1569-9zzhf-258611273, networkLocation: /default-rack, certSerialId: null}, Type:RATIS, Factor:THREE, State:OPEN]
2019-10-10 12:40:42,834 [EventQueue-StaleNodeForStaleNodeHandler] INFO  pipeline.PipelineStateManager (PipelineStateManager.java:finalizePipeline(123)) - Pipeline Pipeline[ Id: 9bae8a8c-c430-4fba-bd06-2d1a61b296c8, Nodes: 6f85b482-1ee3-41f8-b799-7ee315fa3ee8{ip: 192.168.5.143, host: pr-hdds-1569-9zzhf-258611273, networkLocation: /default-rack, certSerialId: null}a5b85608-7f11-46ec-ae19-494ab54f3701{ip: 192.168.5.143, host: pr-hdds-1569-9zzhf-258611273, networkLocation: /default-rack, certSerialId: null}31dbcda4-c74c-4dfb-b27d-abb192246f85{ip: 192.168.5.143, host: pr-hdds-1569-9zzhf-258611273, networkLocation: /default-rack, certSerialId: null}, Type:RATIS, Factor:THREE, State:CLOSED] moved to CLOSED state
2019-10-10 12:40:42,834 [EventQueue-StaleNodeForStaleNodeHandler] INFO  pipeline.SCMPipelineManager (SCMPipelineManager.java:finalizeAndDestroyPipeline(342)) - destroying pipeline:Pipeline[ Id: 33538c5b-6b59-4c95-802a-1c79acaac9c2, Nodes: a5b85608-7f11-46ec-ae19-494ab54f3701{ip: 192.168.5.143, host: pr-hdds-1569-9zzhf-258611273, networkLocation: /default-rack, certSerialId: null}6f85b482-1ee3-41f8-b799-7ee315fa3ee8{ip: 192.168.5.143, host: pr-hdds-1569-9zzhf-258611273, networkLocation: /default-rack, certSerialId: null}31dbcda4-c74c-4dfb-b27d-abb192246f85{ip: 192.168.5.143, host: pr-hdds-1569-9zzhf-258611273, networkLocation: /default-rack, certSerialId: null}, Type:RATIS, Factor:THREE, State:OPEN]
2019-10-10 12:40:42,835 [EventQueue-StaleNodeForStaleNodeHandler] INFO  pipeline.PipelineStateManager (PipelineStateManager.java:finalizePipeline(123)) - Pipeline Pipeline[ Id: 33538c5b-6b59-4c95-802a-1c79acaac9c2, Nodes: a5b85608-7f11-46ec-ae19-494ab54f3701{ip: 192.168.5.143, host: pr-hdds-1569-9zzhf-258611273, networkLocation: /default-rack, certSerialId: null}6f85b482-1ee3-41f8-b799-7ee315fa3ee8{ip: 192.168.5.143, host: pr-hdds-1569-9zzhf-258611273, networkLocation: /default-rack, certSerialId: null}31dbcda4-c74c-4dfb-b27d-abb192246f85{ip: 192.168.5.143, host: pr-hdds-1569-9zzhf-258611273, networkLocation: /default-rack, certSerialId: null}, Type:RATIS, Factor:THREE, State:CLOSED] moved to CLOSED state
2019-10-10 12:40:42,835 [EventQueue-CloseContainerForCloseContainerEventHandler] INFO  container.CloseContainerEventHandler (CloseContainerEventHandler.java:onMessage(61)) - Close container Event triggered for container : #1
2019-10-10 12:40:43,022 [main] INFO  ozoneimpl.OzoneContainer (OzoneContainer.java:stop(231)) - Attempting to stop container services.
2019-10-10 12:40:43,024 [main] INFO  impl.RaftServerProxy (RaftServerProxy.java:lambda$close$4(314)) - 6f85b482-1ee3-41f8-b799-7ee315fa3ee8: close
2019-10-10 12:40:43,024 [main] INFO  impl.RaftServerImpl (RaftServerImpl.java:lambda$shutdown$3(251)) - 6f85b482-1ee3-41f8-b799-7ee315fa3ee8@group-4091CFA4C27B: shutdown
2019-10-10 12:40:43,025 [ForkJoinPool.commonPool-worker-0] INFO  impl.RaftServerImpl (RaftServerImpl.java:lambda$shutdown$3(251)) - 6f85b482-1ee3-41f8-b799-7ee315fa3ee8@group-58B2D30E1F0C: shutdown
2019-10-10 12:40:43,025 [main] INFO  util.JmxRegister (JmxRegister.java:unregister(73)) - Successfully un-registered JMX Bean with object name Ratis:service=RaftServer,group=group-4091CFA4C27B,id=6f85b482-1ee3-41f8-b799-7ee315fa3ee8
2019-10-10 12:40:43,026 [main] INFO  impl.RoleInfo (RoleInfo.java:shutdownLeaderState(104)) - 6f85b482-1ee3-41f8-b799-7ee315fa3ee8: shutdown LeaderState
2019-10-10 12:40:43,025 [ForkJoinPool.commonPool-worker-0] INFO  util.JmxRegister (JmxRegister.java:unregister(73)) - Successfully un-registered JMX Bean with object name Ratis:service=RaftServer,group=group-58B2D30E1F0C,id=6f85b482-1ee3-41f8-b799-7ee315fa3ee8
2019-10-10 12:40:43,034 [ForkJoinPool.commonPool-worker-0] INFO  impl.RoleInfo (RoleInfo.java:shutdownFollowerState(121)) - 6f85b482-1ee3-41f8-b799-7ee315fa3ee8: shutdown FollowerState
2019-10-10 12:40:43,034 [org.apache.ratis.server.impl.LogAppender$AppenderDaemon$$Lambda$488/842312419@445fa9ae] WARN  server.GrpcLogAppender (GrpcLogAppender.java:mayWait(143)) - 6f85b482-1ee3-41f8-b799-7ee315fa3ee8@group-4091CFA4C27B->a5b85608-7f11-46ec-ae19-494ab54f3701-GrpcLogAppender: Wait interrupted by java.lang.InterruptedException
2019-10-10 12:40:43,034 [org.apache.ratis.server.impl.LogAppender$AppenderDaemon$$Lambda$488/842312419@653f2460] WARN  server.GrpcLogAppender (GrpcLogAppender.java:mayWait(143)) - 6f85b482-1ee3-41f8-b799-7ee315fa3ee8@group-4091CFA4C27B->31dbcda4-c74c-4dfb-b27d-abb192246f85-GrpcLogAppender: Wait interrupted by java.lang.InterruptedException
2019-10-10 12:40:43,033 [main] INFO  impl.PendingRequests (PendingRequests.java:sendNotLeaderResponses(202)) - 6f85b482-1ee3-41f8-b799-7ee315fa3ee8-PendingRequests: sendNotLeaderResponses
2019-10-10 12:40:43,035 [grpc-default-executor-45] INFO  server.GrpcServerProtocolService (GrpcServerProtocolService.java:onCompleted(113)) - a5b85608-7f11-46ec-ae19-494ab54f3701: Completed APPEND_ENTRIES, lastRequest: 6f85b482-1ee3-41f8-b799-7ee315fa3ee8->a5b85608-7f11-46ec-ae19-494ab54f3701#3-t1, previous=(t:1, i:0), leaderCommit=0, initializing? false, entries: <empty>
2019-10-10 12:40:43,035 [grpc-default-executor-48] INFO  server.GrpcServerProtocolService (GrpcServerProtocolService.java:onCompleted(113)) - 31dbcda4-c74c-4dfb-b27d-abb192246f85: Completed APPEND_ENTRIES, lastRequest: 6f85b482-1ee3-41f8-b799-7ee315fa3ee8->31dbcda4-c74c-4dfb-b27d-abb192246f85#3-t1, previous=(t:1, i:0), leaderCommit=0, initializing? false, entries: <empty>
2019-10-10 12:40:43,034 [ForkJoinPool.commonPool-worker-0] INFO  impl.StateMachineUpdater (StateMachineUpdater.java:stopAndJoin(125)) - 6f85b482-1ee3-41f8-b799-7ee315fa3ee8@group-58B2D30E1F0C-StateMachineUpdater: set stopIndex = 0
2019-10-10 12:40:43,035 [grpc-default-executor-48] INFO  server.GrpcLogAppender (GrpcLogAppender.java:onCompleted(293)) - 6f85b482-1ee3-41f8-b799-7ee315fa3ee8@group-4091CFA4C27B->a5b85608-7f11-46ec-ae19-494ab54f3701-AppendLogResponseHandler: follower responses appendEntries COMPLETED
2019-10-10 12:40:43,034 [Thread-6811] INFO  impl.FollowerState (FollowerState.java:run(115)) - 6f85b482-1ee3-41f8-b799-7ee315fa3ee8: FollowerState was interrupted: java.lang.InterruptedException: sleep interrupted
2019-10-10 12:40:43,035 [ForkJoinPool.commonPool-worker-0] INFO  impl.RaftServerImpl (ServerState.java:close(385)) - 6f85b482-1ee3-41f8-b799-7ee315fa3ee8@group-58B2D30E1F0C: closes. applyIndex: 0
2019-10-10 12:40:43,036 [grpc-default-executor-45] INFO  server.GrpcLogAppender (GrpcLogAppender.java:onCompleted(293)) - 6f85b482-1ee3-41f8-b799-7ee315fa3ee8@group-4091CFA4C27B->31dbcda4-c74c-4dfb-b27d-abb192246f85-AppendLogResponseHandler: follower responses appendEntries COMPLETED
2019-10-10 12:40:43,035 [main] INFO  impl.StateMachineUpdater (StateMachineUpdater.java:stopAndJoin(125)) - 6f85b482-1ee3-41f8-b799-7ee315fa3ee8@group-4091CFA4C27B-StateMachineUpdater: set stopIndex = 0
2019-10-10 12:40:43,037 [main] INFO  impl.RaftServerImpl (ServerState.java:close(385)) - 6f85b482-1ee3-41f8-b799-7ee315fa3ee8@group-4091CFA4C27B: closes. applyIndex: 0
2019-10-10 12:40:43,036 [grpc-default-executor-45] INFO  impl.FollowerInfo (FollowerInfo.java:lambda$new$0(51)) - 6f85b482-1ee3-41f8-b799-7ee315fa3ee8@group-4091CFA4C27B->31dbcda4-c74c-4dfb-b27d-abb192246f85: nextIndex: updateUnconditionally 1 -> 0
2019-10-10 12:40:43,036 [6f85b482-1ee3-41f8-b799-7ee315fa3ee8@group-58B2D30E1F0C-SegmentedRaftLogWorker] INFO  segmented.SegmentedRaftLogWorker (SegmentedRaftLogWorker.java:run(313)) - 6f85b482-1ee3-41f8-b799-7ee315fa3ee8@group-58B2D30E1F0C-SegmentedRaftLogWorker was interrupted, exiting. There are 0 tasks remaining in the queue.
2019-10-10 12:40:43,037 [grpc-default-executor-44] WARN  server.GrpcServerProtocolService (LogUtils.java:warn(134)) - 31dbcda4-c74c-4dfb-b27d-abb192246f85: installSnapshot onError, lastRequest: 6f85b482-1ee3-41f8-b799-7ee315fa3ee8->31dbcda4-c74c-4dfb-b27d-abb192246f85#3-t1, previous=(t:1, i:0), leaderCommit=0, initializing? false, entries: <empty>: org.apache.ratis.thirdparty.io.grpc.StatusRuntimeException: CANCELLED: cancelled before receiving half close
2019-10-10 12:40:43,036 [grpc-default-executor-48] INFO  impl.FollowerInfo (FollowerInfo.java:lambda$new$0(51)) - 6f85b482-1ee3-41f8-b799-7ee315fa3ee8@group-4091CFA4C27B->a5b85608-7f11-46ec-ae19-494ab54f3701: nextIndex: updateUnconditionally 1 -> 0
2019-10-10 12:40:43,042 [grpc-default-executor-45] WARN  server.GrpcServerProtocolService (LogUtils.java:warn(134)) - 31dbcda4-c74c-4dfb-b27d-abb192246f85: installSnapshot onError, lastRequest: 6f85b482-1ee3-41f8-b799-7ee315fa3ee8->31dbcda4-c74c-4dfb-b27d-abb192246f85#1-t1, previous=(t:0, i:0), leaderCommit=-1, initializing? false, entries: size=1, first=(t:1, i:0), CONFIGURATIONENTRY: org.apache.ratis.thirdparty.io.grpc.StatusRuntimeException: CANCELLED: cancelled before receiving half close
2019-10-10 12:40:43,042 [grpc-default-executor-51] WARN  server.GrpcServerProtocolService (LogUtils.java:warn(134)) - 31dbcda4-c74c-4dfb-b27d-abb192246f85: installSnapshot onError, lastRequest: 6f85b482-1ee3-41f8-b799-7ee315fa3ee8->31dbcda4-c74c-4dfb-b27d-abb192246f85#3-t1, previous=(t:1, i:0), leaderCommit=0, initializing? false, entries: <empty>: org.apache.ratis.thirdparty.io.grpc.StatusRuntimeException: CANCELLED: cancelled before receiving half close
2019-10-10 12:40:43,041 [ForkJoinPool.commonPool-worker-0] INFO  segmented.SegmentedRaftLogWorker (SegmentedRaftLogWorker.java:close(228)) - 6f85b482-1ee3-41f8-b799-7ee315fa3ee8@group-58B2D30E1F0C-SegmentedRaftLogWorker close()
2019-10-10 12:40:43,037 [6f85b482-1ee3-41f8-b799-7ee315fa3ee8@group-4091CFA4C27B-SegmentedRaftLogWorker] INFO  segmented.SegmentedRaftLogWorker (SegmentedRaftLogWorker.java:run(313)) - 6f85b482-1ee3-41f8-b799-7ee315fa3ee8@group-4091CFA4C27B-SegmentedRaftLogWorker was interrupted, exiting. There are 0 tasks remaining in the queue.
2019-10-10 12:40:43,037 [grpc-default-executor-34] WARN  server.GrpcLogAppender (LogUtils.java:warn(134)) - 6f85b482-1ee3-41f8-b799-7ee315fa3ee8@group-1C79ACAAC9C2->a5b85608-7f11-46ec-ae19-494ab54f3701-AppendLogResponseHandler: Failed appendEntries: org.apache.ratis.thirdparty.io.grpc.StatusRuntimeException: UNAVAILABLE: Channel shutdownNow invoked
2019-10-10 12:40:43,037 [grpc-default-executor-50] WARN  server.GrpcLogAppender (LogUtils.java:warn(134)) - 6f85b482-1ee3-41f8-b799-7ee315fa3ee8@group-A127A8B5169C->a5b85608-7f11-46ec-ae19-494ab54f3701-AppendLogResponseHandler: Failed appendEntries: org.apache.ratis.thirdparty.io.grpc.StatusRuntimeException: UNAVAILABLE: Channel shutdownNow invoked
2019-10-10 12:40:43,037 [grpc-default-executor-31] WARN  server.GrpcLogAppender (LogUtils.java:warn(134)) - 6f85b482-1ee3-41f8-b799-7ee315fa3ee8@group-A127A8B5169C->31dbcda4-c74c-4dfb-b27d-abb192246f85-AppendLogResponseHandler: Failed appendEntries: org.apache.ratis.thirdparty.io.grpc.StatusRuntimeException: UNAVAILABLE: Channel shutdownNow invoked
2019-10-10 12:40:43,037 [grpc-default-executor-46] WARN  server.GrpcLogAppender (LogUtils.java:warn(134)) - 6f85b482-1ee3-41f8-b799-7ee315fa3ee8@group-1C79ACAAC9C2->31dbcda4-c74c-4dfb-b27d-abb192246f85-AppendLogResponseHandler: Failed appendEntries: org.apache.ratis.thirdparty.io.grpc.StatusRuntimeException: UNAVAILABLE: Channel shutdownNow invoked
2019-10-10 12:40:43,037 [grpc-default-executor-14] WARN  server.GrpcLogAppender (LogUtils.java:warn(134)) - 6f85b482-1ee3-41f8-b799-7ee315fa3ee8@group-BAAFDA4BB310->a5b85608-7f11-46ec-ae19-494ab54f3701-AppendLogResponseHandler: Failed appendEntries: org.apache.ratis.thirdparty.io.grpc.StatusRuntimeException: UNAVAILABLE: Channel shutdownNow invoked
2019-10-10 12:40:43,048 [grpc-default-executor-14] INFO  impl.FollowerInfo (FollowerInfo.java:lambda$new$0(51)) - 6f85b482-1ee3-41f8-b799-7ee315fa3ee8@group-BAAFDA4BB310->a5b85608-7f11-46ec-ae19-494ab54f3701: nextIndex: updateUnconditionally 1 -> 0
2019-10-10 12:40:43,037 [grpc-default-executor-49] WARN  server.GrpcLogAppender (LogUtils.java:warn(134)) - 6f85b482-1ee3-41f8-b799-7ee315fa3ee8@group-DF245211571A->a5b85608-7f11-46ec-ae19-494ab54f3701-AppendLogResponseHandler: Failed appendEntries: org.apache.ratis.thirdparty.io.grpc.StatusRuntimeException: UNAVAILABLE: Channel shutdownNow invoked
2019-10-10 12:40:43,037 [grpc-default-executor-42] WARN  server.GrpcLogAppender (LogUtils.java:warn(134)) - 6f85b482-1ee3-41f8-b799-7ee315fa3ee8@group-DF245211571A->31dbcda4-c74c-4dfb-b27d-abb192246f85-AppendLogResponseHandler: Failed appendEntries: org.apache.ratis.thirdparty.io.grpc.StatusRuntimeException: UNAVAILABLE: Channel shutdownNow invoked
2019-10-10 12:40:43,049 [grpc-default-executor-42] INFO  impl.FollowerInfo (FollowerInfo.java:lambda$new$0(51)) - 6f85b482-1ee3-41f8-b799-7ee315fa3ee8@group-DF245211571A->31dbcda4-c74c-4dfb-b27d-abb192246f85: nextIndex: updateUnconditionally 1 -> 0
2019-10-10 12:40:43,037 [grpc-default-executor-37] WARN  server.GrpcLogAppender (LogUtils.java:warn(134)) - 6f85b482-1ee3-41f8-b799-7ee315fa3ee8@group-4E0D53597C14->a5b85608-7f11-46ec-ae19-494ab54f3701-AppendLogResponseHandler: Failed appendEntries: org.apache.ratis.thirdparty.io.grpc.StatusRuntimeException: UNAVAILABLE: Channel shutdownNow invoked
2019-10-10 12:40:43,049 [grpc-default-executor-37] INFO  impl.FollowerInfo (FollowerInfo.java:lambda$new$0(51)) - 6f85b482-1ee3-41f8-b799-7ee315fa3ee8@group-4E0D53597C14->a5b85608-7f11-46ec-ae19-494ab54f3701: nextIndex: updateUnconditionally 1 -> 0
2019-10-10 12:40:43,048 [grpc-default-executor-49] INFO  impl.FollowerInfo (FollowerInfo.java:lambda$new$0(51)) - 6f85b482-1ee3-41f8-b799-7ee315fa3ee8@group-DF245211571A->a5b85608-7f11-46ec-ae19-494ab54f3701: nextIndex: updateUnconditionally 1 -> 0
2019-10-10 12:40:43,048 [grpc-default-executor-46] INFO  impl.FollowerInfo (FollowerInfo.java:lambda$new$0(51)) - 6f85b482-1ee3-41f8-b799-7ee315fa3ee8@group-1C79ACAAC9C2->31dbcda4-c74c-4dfb-b27d-abb192246f85: nextIndex: updateUnconditionally 1 -> 0
2019-10-10 12:40:43,047 [grpc-default-executor-31] INFO  impl.FollowerInfo (FollowerInfo.java:lambda$new$0(51)) - 6f85b482-1ee3-41f8-b799-7ee315fa3ee8@group-A127A8B5169C->31dbcda4-c74c-4dfb-b27d-abb192246f85: nextIndex: updateUnconditionally 1 -> 0
2019-10-10 12:40:43,047 [grpc-default-executor-50] INFO  impl.FollowerInfo (FollowerInfo.java:lambda$new$0(51)) - 6f85b482-1ee3-41f8-b799-7ee315fa3ee8@group-A127A8B5169C->a5b85608-7f11-46ec-ae19-494ab54f3701: nextIndex: updateUnconditionally 1 -> 0
2019-10-10 12:40:43,047 [grpc-default-executor-34] INFO  impl.FollowerInfo (FollowerInfo.java:lambda$new$0(51)) - 6f85b482-1ee3-41f8-b799-7ee315fa3ee8@group-1C79ACAAC9C2->a5b85608-7f11-46ec-ae19-494ab54f3701: nextIndex: updateUnconditionally 1 -> 0
2019-10-10 12:40:43,047 [grpc-default-executor-54] WARN  server.GrpcServerProtocolService (LogUtils.java:warn(134)) - a5b85608-7f11-46ec-ae19-494ab54f3701: installSnapshot onError, lastRequest: 6f85b482-1ee3-41f8-b799-7ee315fa3ee8->a5b85608-7f11-46ec-ae19-494ab54f3701#1-t1, previous=(t:0, i:0), leaderCommit=-1, initializing? false, entries: size=1, first=(t:1, i:0), CONFIGURATIONENTRY: org.apache.ratis.thirdparty.io.grpc.StatusRuntimeException: CANCELLED: cancelled before receiving half close
2019-10-10 12:40:43,047 [main] INFO  segmented.SegmentedRaftLogWorker (SegmentedRaftLogWorker.java:close(228)) - 6f85b482-1ee3-41f8-b799-7ee315fa3ee8@group-4091CFA4C27B-SegmentedRaftLogWorker close()
2019-10-10 12:40:43,047 [grpc-default-executor-52] WARN  server.GrpcServerProtocolService (LogUtils.java:warn(134)) - a5b85608-7f11-46ec-ae19-494ab54f3701: installSnapshot onError, lastRequest: 6f85b482-1ee3-41f8-b799-7ee315fa3ee8->a5b85608-7f11-46ec-ae19-494ab54f3701#3-t1, previous=(t:1, i:0), leaderCommit=0, initializing? false, entries: <empty>: org.apache.ratis.thirdparty.io.grpc.StatusRuntimeException: CANCELLED: cancelled before receiving half close
2019-10-10 12:40:43,047 [ForkJoinPool.commonPool-worker-0] INFO  impl.RaftServerImpl (RaftServerImpl.java:lambda$shutdown$3(251)) - 6f85b482-1ee3-41f8-b799-7ee315fa3ee8@group-A127A8B5169C: shutdown
2019-10-10 12:40:43,047 [grpc-default-executor-53] WARN  server.GrpcServerProtocolService (LogUtils.java:warn(134)) - a5b85608-7f11-46ec-ae19-494ab54f3701: installSnapshot onError, lastRequest: 6f85b482-1ee3-41f8-b799-7ee315fa3ee8->a5b85608-7f11-46ec-ae19-494ab54f3701#3-t1, previous=(t:1, i:0), leaderCommit=0, initializing? false, entries: <empty>: org.apache.ratis.thirdparty.io.grpc.StatusRuntimeException: CANCELLED: cancelled before receiving half close
2019-10-10 12:40:43,042 [grpc-default-executor-39] WARN  server.GrpcServerProtocolService (LogUtils.java:warn(134)) - a5b85608-7f11-46ec-ae19-494ab54f3701: installSnapshot onError, lastRequest: 6f85b482-1ee3-41f8-b799-7ee315fa3ee8->a5b85608-7f11-46ec-ae19-494ab54f3701#3-t1, previous=(t:1, i:0), leaderCommit=0, initializing? false, entries: <empty>: org.apache.ratis.thirdparty.io.grpc.StatusRuntimeException: CANCELLED: cancelled before receiving half close
2019-10-10 12:40:43,042 [grpc-default-executor-47] WARN  server.GrpcServerProtocolService (LogUtils.java:warn(134)) - a5b85608-7f11-46ec-ae19-494ab54f3701: installSnapshot onError, lastRequest: 6f85b482-1ee3-41f8-b799-7ee315fa3ee8->a5b85608-7f11-46ec-ae19-494ab54f3701#3-t1, previous=(t:1, i:0), leaderCommit=0, initializing? false, entries: <empty>: org.apache.ratis.thirdparty.io.grpc.StatusRuntimeException: CANCELLED: cancelled before receiving half close
2019-10-10 12:40:43,055 [ForkJoinPool.commonPool-worker-0] INFO  util.JmxRegister (JmxRegister.java:unregister(73)) - Successfully un-registered JMX Bean with object name Ratis:service=RaftServer,group=group-A127A8B5169C,id=6f85b482-1ee3-41f8-b799-7ee315fa3ee8
2019-10-10 12:40:43,054 [main] INFO  impl.RaftServerImpl (RaftServerImpl.java:lambda$shutdown$3(251)) - 6f85b482-1ee3-41f8-b799-7ee315fa3ee8@group-4F22982D157D: shutdown
2019-10-10 12:40:43,055 [ForkJoinPool.commonPool-worker-0] INFO  impl.RoleInfo (RoleInfo.java:shutdownLeaderState(104)) - 6f85b482-1ee3-41f8-b799-7ee315fa3ee8: shutdown LeaderState
2019-10-10 12:40:43,056 [main] INFO  util.JmxRegister (JmxRegister.java:unregister(73)) - Successfully un-registered JMX Bean with object name Ratis:service=RaftServer,group=group-4F22982D157D,id=6f85b482-1ee3-41f8-b799-7ee315fa3ee8
2019-10-10 12:40:43,063 [main] INFO  impl.RoleInfo (RoleInfo.java:shutdownFollowerState(121)) - 6f85b482-1ee3-41f8-b799-7ee315fa3ee8: shutdown FollowerState
2019-10-10 12:40:43,063 [org.apache.ratis.server.impl.LogAppender$AppenderDaemon$$Lambda$488/842312419@66677ce2] WARN  server.GrpcLogAppender (GrpcLogAppender.java:mayWait(143)) - 6f85b482-1ee3-41f8-b799-7ee315fa3ee8@group-A127A8B5169C->a5b85608-7f11-46ec-ae19-494ab54f3701-GrpcLogAppender: Wait interrupted by java.lang.InterruptedException
2019-10-10 12:40:43,063 [Thread-6870] INFO  impl.FollowerState (FollowerState.java:run(115)) - 6f85b482-1ee3-41f8-b799-7ee315fa3ee8: FollowerState was interrupted: java.lang.InterruptedException: sleep interrupted
2019-10-10 12:40:43,063 [org.apache.ratis.server.impl.LogAppender$AppenderDaemon$$Lambda$488/842312419@2353cce9] WARN  server.GrpcLogAppender (GrpcLogAppender.java:mayWait(143)) - 6f85b482-1ee3-41f8-b799-7ee315fa3ee8@group-A127A8B5169C->31dbcda4-c74c-4dfb-b27d-abb192246f85-GrpcLogAppender: Wait interrupted by java.lang.InterruptedException
2019-10-10 12:40:43,063 [ForkJoinPool.commonPool-worker-0] INFO  impl.PendingRequests (PendingRequests.java:sendNotLeaderResponses(202)) - 6f85b482-1ee3-41f8-b799-7ee315fa3ee8-PendingRequests: sendNotLeaderResponses
2019-10-10 12:40:43,063 [main] INFO  impl.StateMachineUpdater (StateMachineUpdater.java:stopAndJoin(125)) - 6f85b482-1ee3-41f8-b799-7ee315fa3ee8@group-4F22982D157D-StateMachineUpdater: set stopIndex = 0
2019-10-10 12:40:43,064 [ForkJoinPool.commonPool-worker-0] INFO  impl.StateMachineUpdater (StateMachineUpdater.java:stopAndJoin(125)) - 6f85b482-1ee3-41f8-b799-7ee315fa3ee8@group-A127A8B5169C-StateMachineUpdater: set stopIndex = 0
2019-10-10 12:40:43,064 [main] INFO  impl.RaftServerImpl (ServerState.java:close(385)) - 6f85b482-1ee3-41f8-b799-7ee315fa3ee8@group-4F22982D157D: closes. applyIndex: 0
2019-10-10 12:40:43,064 [ForkJoinPool.commonPool-worker-0] INFO  impl.RaftServerImpl (ServerState.java:close(385)) - 6f85b482-1ee3-41f8-b799-7ee315fa3ee8@group-A127A8B5169C: closes. applyIndex: 0
2019-10-10 12:40:43,064 [6f85b482-1ee3-41f8-b799-7ee315fa3ee8@group-4F22982D157D-SegmentedRaftLogWorker] INFO  segmented.SegmentedRaftLogWorker (SegmentedRaftLogWorker.java:run(313)) - 6f85b482-1ee3-41f8-b799-7ee315fa3ee8@group-4F22982D157D-SegmentedRaftLogWorker was interrupted, exiting. There are 0 tasks remaining in the queue.
2019-10-10 12:40:43,065 [6f85b482-1ee3-41f8-b799-7ee315fa3ee8@group-A127A8B5169C-SegmentedRaftLogWorker] INFO  segmented.SegmentedRaftLogWorker (SegmentedRaftLogWorker.java:run(313)) - 6f85b482-1ee3-41f8-b799-7ee315fa3ee8@group-A127A8B5169C-SegmentedRaftLogWorker was interrupted, exiting. There are 0 tasks remaining in the queue.
2019-10-10 12:40:43,068 [main] INFO  segmented.SegmentedRaftLogWorker (SegmentedRaftLogWorker.java:close(228)) - 6f85b482-1ee3-41f8-b799-7ee315fa3ee8@group-4F22982D157D-SegmentedRaftLogWorker close()
2019-10-10 12:40:43,072 [ForkJoinPool.commonPool-worker-0] INFO  segmented.SegmentedRaftLogWorker (SegmentedRaftLogWorker.java:close(228)) - 6f85b482-1ee3-41f8-b799-7ee315fa3ee8@group-A127A8B5169C-SegmentedRaftLogWorker close()
2019-10-10 12:40:43,074 [main] INFO  impl.RaftServerImpl (RaftServerImpl.java:lambda$shutdown$3(251)) - 6f85b482-1ee3-41f8-b799-7ee315fa3ee8@group-BAAFDA4BB310: shutdown
2019-10-10 12:40:43,076 [ForkJoinPool.commonPool-worker-0] INFO  impl.RaftServerImpl (RaftServerImpl.java:lambda$shutdown$3(251)) - 6f85b482-1ee3-41f8-b799-7ee315fa3ee8@group-4E0D53597C14: shutdown
2019-10-10 12:40:43,076 [main] INFO  util.JmxRegister (JmxRegister.java:unregister(73)) - Successfully un-registered JMX Bean with object name Ratis:service=RaftServer,group=group-BAAFDA4BB310,id=6f85b482-1ee3-41f8-b799-7ee315fa3ee8
2019-10-10 12:40:43,077 [ForkJoinPool.commonPool-worker-0] INFO  util.JmxRegister (JmxRegister.java:unregister(73)) - Successfully un-registered JMX Bean with object name Ratis:service=RaftServer,group=group-4E0D53597C14,id=6f85b482-1ee3-41f8-b799-7ee315fa3ee8
2019-10-10 12:40:43,077 [main] INFO  impl.RoleInfo (RoleInfo.java:shutdownLeaderState(104)) - 6f85b482-1ee3-41f8-b799-7ee315fa3ee8: shutdown LeaderState
2019-10-10 12:40:43,077 [ForkJoinPool.commonPool-worker-0] INFO  impl.RoleInfo (RoleInfo.java:shutdownLeaderState(104)) - 6f85b482-1ee3-41f8-b799-7ee315fa3ee8: shutdown LeaderState
2019-10-10 12:40:43,081 [org.apache.ratis.server.impl.LogAppender$AppenderDaemon$$Lambda$488/842312419@2940f320] WARN  server.GrpcLogAppender (GrpcLogAppender.java:mayWait(143)) - 6f85b482-1ee3-41f8-b799-7ee315fa3ee8@group-BAAFDA4BB310->2977129d-288a-401c-9baf-20955028e955-GrpcLogAppender: Wait interrupted by java.lang.InterruptedException
2019-10-10 12:40:43,081 [org.apache.ratis.server.impl.LogAppender$AppenderDaemon$$Lambda$488/842312419@1f116a4f] WARN  server.GrpcLogAppender (GrpcLogAppender.java:mayWait(143)) - 6f85b482-1ee3-41f8-b799-7ee315fa3ee8@group-BAAFDA4BB310->a5b85608-7f11-46ec-ae19-494ab54f3701-GrpcLogAppender: Wait interrupted by java.lang.InterruptedException
2019-10-10 12:40:43,081 [main] INFO  impl.PendingRequests (PendingRequests.java:sendNotLeaderResponses(202)) - 6f85b482-1ee3-41f8-b799-7ee315fa3ee8-PendingRequests: sendNotLeaderResponses
2019-10-10 12:40:43,086 [grpc-default-executor-52] INFO  server.GrpcServerProtocolService (GrpcServerProtocolService.java:onCompleted(113)) - 2977129d-288a-401c-9baf-20955028e955: Completed APPEND_ENTRIES, lastRequest: 6f85b482-1ee3-41f8-b799-7ee315fa3ee8->2977129d-288a-401c-9baf-20955028e955#3-t1, previous=(t:1, i:0), leaderCommit=0, initializing? false, entries: <empty>
2019-10-10 12:40:43,086 [org.apache.ratis.server.impl.LogAppender$AppenderDaemon$$Lambda$488/842312419@1475e007] WARN  server.GrpcLogAppender (GrpcLogAppender.java:mayWait(143)) - 6f85b482-1ee3-41f8-b799-7ee315fa3ee8@group-4E0D53597C14->2977129d-288a-401c-9baf-20955028e955-GrpcLogAppender: Wait interrupted by java.lang.InterruptedException
2019-10-10 12:40:43,085 [org.apache.ratis.server.impl.LogAppender$AppenderDaemon$$Lambda$488/842312419@3720f353] WARN  server.GrpcLogAppender (GrpcLogAppender.java:mayWait(143)) - 6f85b482-1ee3-41f8-b799-7ee315fa3ee8@group-4E0D53597C14->a5b85608-7f11-46ec-ae19-494ab54f3701-GrpcLogAppender: Wait interrupted by java.lang.InterruptedException
2019-10-10 12:40:43,085 [ForkJoinPool.commonPool-worker-0] INFO  impl.PendingRequests (PendingRequests.java:sendNotLeaderResponses(202)) - 6f85b482-1ee3-41f8-b799-7ee315fa3ee8-PendingRequests: sendNotLeaderResponses
2019-10-10 12:40:43,086 [grpc-default-executor-53] INFO  server.GrpcServerProtocolService (GrpcServerProtocolService.java:onCompleted(113)) - 2977129d-288a-401c-9baf-20955028e955: Completed APPEND_ENTRIES, lastRequest: 6f85b482-1ee3-41f8-b799-7ee315fa3ee8->2977129d-288a-401c-9baf-20955028e955#3-t1, previous=(t:1, i:0), leaderCommit=0, initializing? false, entries: <empty>
2019-10-10 12:40:43,086 [grpc-default-executor-52] INFO  server.GrpcLogAppender (GrpcLogAppender.java:onCompleted(293)) - 6f85b482-1ee3-41f8-b799-7ee315fa3ee8@group-BAAFDA4BB310->2977129d-288a-401c-9baf-20955028e955-AppendLogResponseHandler: follower responses appendEntries COMPLETED
2019-10-10 12:40:43,086 [main] INFO  impl.StateMachineUpdater (StateMachineUpdater.java:stopAndJoin(125)) - 6f85b482-1ee3-41f8-b799-7ee315fa3ee8@group-BAAFDA4BB310-StateMachineUpdater: set stopIndex = 0
2019-10-10 12:40:43,087 [grpc-default-executor-52] INFO  impl.FollowerInfo (FollowerInfo.java:lambda$new$0(51)) - 6f85b482-1ee3-41f8-b799-7ee315fa3ee8@group-BAAFDA4BB310->2977129d-288a-401c-9baf-20955028e955: nextIndex: updateUnconditionally 1 -> 0
2019-10-10 12:40:43,087 [grpc-default-executor-53] INFO  server.GrpcLogAppender (GrpcLogAppender.java:onCompleted(293)) - 6f85b482-1ee3-41f8-b799-7ee315fa3ee8@group-4E0D53597C14->2977129d-288a-401c-9baf-20955028e955-AppendLogResponseHandler: follower responses appendEntries COMPLETED
2019-10-10 12:40:43,087 [ForkJoinPool.commonPool-worker-0] INFO  impl.StateMachineUpdater (StateMachineUpdater.java:stopAndJoin(125)) - 6f85b482-1ee3-41f8-b799-7ee315fa3ee8@group-4E0D53597C14-StateMachineUpdater: set stopIndex = 0
2019-10-10 12:40:43,088 [ForkJoinPool.commonPool-worker-0] INFO  impl.RaftServerImpl (ServerState.java:close(385)) - 6f85b482-1ee3-41f8-b799-7ee315fa3ee8@group-4E0D53597C14: closes. applyIndex: 0
2019-10-10 12:40:43,087 [grpc-default-executor-53] INFO  impl.FollowerInfo (FollowerInfo.java:lambda$new$0(51)) - 6f85b482-1ee3-41f8-b799-7ee315fa3ee8@group-4E0D53597C14->2977129d-288a-401c-9baf-20955028e955: nextIndex: updateUnconditionally 1 -> 0
2019-10-10 12:40:43,087 [main] INFO  impl.RaftServerImpl (ServerState.java:close(385)) - 6f85b482-1ee3-41f8-b799-7ee315fa3ee8@group-BAAFDA4BB310: closes. applyIndex: 0
2019-10-10 12:40:43,088 [6f85b482-1ee3-41f8-b799-7ee315fa3ee8@group-4E0D53597C14-SegmentedRaftLogWorker] INFO  segmented.SegmentedRaftLogWorker (SegmentedRaftLogWorker.java:run(313)) - 6f85b482-1ee3-41f8-b799-7ee315fa3ee8@group-4E0D53597C14-SegmentedRaftLogWorker was interrupted, exiting. There are 0 tasks remaining in the queue.
2019-10-10 12:40:43,088 [6f85b482-1ee3-41f8-b799-7ee315fa3ee8@group-BAAFDA4BB310-SegmentedRaftLogWorker] INFO  segmented.SegmentedRaftLogWorker (SegmentedRaftLogWorker.java:run(313)) - 6f85b482-1ee3-41f8-b799-7ee315fa3ee8@group-BAAFDA4BB310-SegmentedRaftLogWorker was interrupted, exiting. There are 0 tasks remaining in the queue.
2019-10-10 12:40:43,090 [ForkJoinPool.commonPool-worker-0] INFO  segmented.SegmentedRaftLogWorker (SegmentedRaftLogWorker.java:close(228)) - 6f85b482-1ee3-41f8-b799-7ee315fa3ee8@group-4E0D53597C14-SegmentedRaftLogWorker close()
2019-10-10 12:40:43,092 [main] INFO  segmented.SegmentedRaftLogWorker (SegmentedRaftLogWorker.java:close(228)) - 6f85b482-1ee3-41f8-b799-7ee315fa3ee8@group-BAAFDA4BB310-SegmentedRaftLogWorker close()
2019-10-10 12:40:43,094 [ForkJoinPool.commonPool-worker-0] INFO  impl.RaftServerImpl (RaftServerImpl.java:lambda$shutdown$3(251)) - 6f85b482-1ee3-41f8-b799-7ee315fa3ee8@group-DF245211571A: shutdown
2019-10-10 12:40:43,097 [main] INFO  impl.RaftServerImpl (RaftServerImpl.java:lambda$shutdown$3(251)) - 6f85b482-1ee3-41f8-b799-7ee315fa3ee8@group-BA18EEAD7E37: shutdown
2019-10-10 12:40:43,097 [ForkJoinPool.commonPool-worker-0] INFO  util.JmxRegister (JmxRegister.java:unregister(73)) - Successfully un-registered JMX Bean with object name Ratis:service=RaftServer,group=group-DF245211571A,id=6f85b482-1ee3-41f8-b799-7ee315fa3ee8
2019-10-10 12:40:43,097 [main] INFO  util.JmxRegister (JmxRegister.java:unregister(73)) - Successfully un-registered JMX Bean with object name Ratis:service=RaftServer,group=group-BA18EEAD7E37,id=6f85b482-1ee3-41f8-b799-7ee315fa3ee8
2019-10-10 12:40:43,098 [main] INFO  impl.RoleInfo (RoleInfo.java:shutdownFollowerState(121)) - 6f85b482-1ee3-41f8-b799-7ee315fa3ee8: shutdown FollowerState
2019-10-10 12:40:43,097 [ForkJoinPool.commonPool-worker-0] INFO  impl.RoleInfo (RoleInfo.java:shutdownLeaderState(104)) - 6f85b482-1ee3-41f8-b799-7ee315fa3ee8: shutdown LeaderState
2019-10-10 12:40:43,098 [Thread-6979] INFO  impl.FollowerState (FollowerState.java:run(115)) - 6f85b482-1ee3-41f8-b799-7ee315fa3ee8: FollowerState was interrupted: java.lang.InterruptedException: sleep interrupted
2019-10-10 12:40:43,098 [main] INFO  impl.StateMachineUpdater (StateMachineUpdater.java:stopAndJoin(125)) - 6f85b482-1ee3-41f8-b799-7ee315fa3ee8@group-BA18EEAD7E37-StateMachineUpdater: set stopIndex = -1
2019-10-10 12:40:43,102 [org.apache.ratis.server.impl.LogAppender$AppenderDaemon$$Lambda$488/842312419@300924e5] WARN  server.GrpcLogAppender (GrpcLogAppender.java:mayWait(143)) - 6f85b482-1ee3-41f8-b799-7ee315fa3ee8@group-DF245211571A->a5b85608-7f11-46ec-ae19-494ab54f3701-GrpcLogAppender: Wait interrupted by java.lang.InterruptedException
2019-10-10 12:40:43,102 [org.apache.ratis.server.impl.LogAppender$AppenderDaemon$$Lambda$488/842312419@51e164eb] WARN  server.GrpcLogAppender (GrpcLogAppender.java:mayWait(143)) - 6f85b482-1ee3-41f8-b799-7ee315fa3ee8@group-DF245211571A->31dbcda4-c74c-4dfb-b27d-abb192246f85-GrpcLogAppender: Wait interrupted by java.lang.InterruptedException
2019-10-10 12:40:43,102 [ForkJoinPool.commonPool-worker-0] INFO  impl.PendingRequests (PendingRequests.java:sendNotLeaderResponses(202)) - 6f85b482-1ee3-41f8-b799-7ee315fa3ee8-PendingRequests: sendNotLeaderResponses
2019-10-10 12:40:43,102 [main] INFO  impl.RaftServerImpl (ServerState.java:close(385)) - 6f85b482-1ee3-41f8-b799-7ee315fa3ee8@group-BA18EEAD7E37: closes. applyIndex: -1
2019-10-10 12:40:43,103 [ForkJoinPool.commonPool-worker-0] INFO  impl.StateMachineUpdater (StateMachineUpdater.java:stopAndJoin(125)) - 6f85b482-1ee3-41f8-b799-7ee315fa3ee8@group-DF245211571A-StateMachineUpdater: set stopIndex = 0
2019-10-10 12:40:43,103 [6f85b482-1ee3-41f8-b799-7ee315fa3ee8@group-BA18EEAD7E37-SegmentedRaftLogWorker] INFO  segmented.SegmentedRaftLogWorker (SegmentedRaftLogWorker.java:run(313)) - 6f85b482-1ee3-41f8-b799-7ee315fa3ee8@group-BA18EEAD7E37-SegmentedRaftLogWorker was interrupted, exiting. There are 0 tasks remaining in the queue.
2019-10-10 12:40:43,103 [ForkJoinPool.commonPool-worker-0] INFO  impl.RaftServerImpl (ServerState.java:close(385)) - 6f85b482-1ee3-41f8-b799-7ee315fa3ee8@group-DF245211571A: closes. applyIndex: 0
2019-10-10 12:40:43,105 [main] INFO  segmented.SegmentedRaftLogWorker (SegmentedRaftLogWorker.java:close(228)) - 6f85b482-1ee3-41f8-b799-7ee315fa3ee8@group-BA18EEAD7E37-SegmentedRaftLogWorker close()
2019-10-10 12:40:43,106 [6f85b482-1ee3-41f8-b799-7ee315fa3ee8@group-DF245211571A-SegmentedRaftLogWorker] INFO  segmented.SegmentedRaftLogWorker (SegmentedRaftLogWorker.java:run(313)) - 6f85b482-1ee3-41f8-b799-7ee315fa3ee8@group-DF245211571A-SegmentedRaftLogWorker was interrupted, exiting. There are 0 tasks remaining in the queue.
2019-10-10 12:40:43,110 [ForkJoinPool.commonPool-worker-0] INFO  segmented.SegmentedRaftLogWorker (SegmentedRaftLogWorker.java:close(228)) - 6f85b482-1ee3-41f8-b799-7ee315fa3ee8@group-DF245211571A-SegmentedRaftLogWorker close()
2019-10-10 12:40:43,112 [ForkJoinPool.commonPool-worker-0] INFO  impl.RaftServerImpl (RaftServerImpl.java:lambda$shutdown$3(251)) - 6f85b482-1ee3-41f8-b799-7ee315fa3ee8@group-2D1A61B296C8: shutdown
2019-10-10 12:40:43,112 [ForkJoinPool.commonPool-worker-0] INFO  util.JmxRegister (JmxRegister.java:unregister(73)) - Successfully un-registered JMX Bean with object name Ratis:service=RaftServer,group=group-2D1A61B296C8,id=6f85b482-1ee3-41f8-b799-7ee315fa3ee8
2019-10-10 12:40:43,112 [ForkJoinPool.commonPool-worker-0] INFO  impl.RoleInfo (RoleInfo.java:shutdownFollowerState(121)) - 6f85b482-1ee3-41f8-b799-7ee315fa3ee8: shutdown FollowerState
2019-10-10 12:40:43,112 [ForkJoinPool.commonPool-worker-0] INFO  impl.StateMachineUpdater (StateMachineUpdater.java:stopAndJoin(125)) - 6f85b482-1ee3-41f8-b799-7ee315fa3ee8@group-2D1A61B296C8-StateMachineUpdater: set stopIndex = 15
2019-10-10 12:40:43,113 [6f85b482-1ee3-41f8-b799-7ee315fa3ee8@group-2D1A61B296C8-StateMachineUpdater] INFO  ratis.ContainerStateMachine (ContainerStateMachine.java:takeSnapshot(289)) - group-2D1A61B296C8: Taking a snapshot at:(t:1, i:13) file /workdir/hadoop-ozone/integration-test/target/test-dir/MiniOzoneClusterImpl-8284007a-d704-4ed0-a0ee-bee753f20599/datanode-3/data/ratis/9bae8a8c-c430-4fba-bd06-2d1a61b296c8/sm/snapshot.1_13
2019-10-10 12:40:43,113 [Thread-6834] INFO  impl.FollowerState (FollowerState.java:run(115)) - 6f85b482-1ee3-41f8-b799-7ee315fa3ee8: FollowerState was interrupted: java.lang.InterruptedException: sleep interrupted
2019-10-10 12:40:43,135 [6f85b482-1ee3-41f8-b799-7ee315fa3ee8@group-2D1A61B296C8-StateMachineUpdater] INFO  ratis.ContainerStateMachine (ContainerStateMachine.java:takeSnapshot(300)) - group-2D1A61B296C8: Finished taking a snapshot at:(t:1, i:13) file:/workdir/hadoop-ozone/integration-test/target/test-dir/MiniOzoneClusterImpl-8284007a-d704-4ed0-a0ee-bee753f20599/datanode-3/data/ratis/9bae8a8c-c430-4fba-bd06-2d1a61b296c8/sm/snapshot.1_13 time:22
2019-10-10 12:40:43,135 [6f85b482-1ee3-41f8-b799-7ee315fa3ee8@group-2D1A61B296C8-StateMachineUpdater] INFO  impl.StateMachineUpdater (StateMachineUpdater.java:takeSnapshot(258)) - 6f85b482-1ee3-41f8-b799-7ee315fa3ee8@group-2D1A61B296C8-StateMachineUpdater: Took a snapshot at index 13
2019-10-10 12:40:43,135 [6f85b482-1ee3-41f8-b799-7ee315fa3ee8@group-2D1A61B296C8-StateMachineUpdater] INFO  impl.StateMachineUpdater (StateMachineUpdater.java:lambda$new$0(83)) - 6f85b482-1ee3-41f8-b799-7ee315fa3ee8@group-2D1A61B296C8-StateMachineUpdater: snapshotIndex: updateIncreasingly -1 -> 13
2019-10-10 12:40:43,135 [6f85b482-1ee3-41f8-b799-7ee315fa3ee8@group-2D1A61B296C8-StateMachineUpdater] INFO  ratis.ContainerStateMachine (ContainerStateMachine.java:takeSnapshot(289)) - group-2D1A61B296C8: Taking a snapshot at:(t:1, i:13) file /workdir/hadoop-ozone/integration-test/target/test-dir/MiniOzoneClusterImpl-8284007a-d704-4ed0-a0ee-bee753f20599/datanode-3/data/ratis/9bae8a8c-c430-4fba-bd06-2d1a61b296c8/sm/snapshot.1_13
2019-10-10 12:40:43,147 [6f85b482-1ee3-41f8-b799-7ee315fa3ee8@group-2D1A61B296C8-StateMachineUpdater] INFO  ratis.ContainerStateMachine (ContainerStateMachine.java:takeSnapshot(300)) - group-2D1A61B296C8: Finished taking a snapshot at:(t:1, i:13) file:/workdir/hadoop-ozone/integration-test/target/test-dir/MiniOzoneClusterImpl-8284007a-d704-4ed0-a0ee-bee753f20599/datanode-3/data/ratis/9bae8a8c-c430-4fba-bd06-2d1a61b296c8/sm/snapshot.1_13 time:12
2019-10-10 12:40:43,147 [6f85b482-1ee3-41f8-b799-7ee315fa3ee8@group-2D1A61B296C8-StateMachineUpdater] INFO  impl.StateMachineUpdater (StateMachineUpdater.java:takeSnapshot(258)) - 6f85b482-1ee3-41f8-b799-7ee315fa3ee8@group-2D1A61B296C8-StateMachineUpdater: Took a snapshot at index 13
2019-10-10 12:40:43,148 [6f85b482-1ee3-41f8-b799-7ee315fa3ee8@group-2D1A61B296C8-StateMachineUpdater] INFO  impl.StateMachineUpdater (StateMachineUpdater.java:lambda$new$0(83)) - 6f85b482-1ee3-41f8-b799-7ee315fa3ee8@group-2D1A61B296C8-StateMachineUpdater: snapshotIndex: updateIncreasingly 13 -> 13
2019-10-10 12:40:43,148 [ForkJoinPool.commonPool-worker-0] INFO  impl.RaftServerImpl (ServerState.java:close(385)) - 6f85b482-1ee3-41f8-b799-7ee315fa3ee8@group-2D1A61B296C8: closes. applyIndex: 15
2019-10-10 12:40:43,148 [6f85b482-1ee3-41f8-b799-7ee315fa3ee8@group-2D1A61B296C8-SegmentedRaftLogWorker] INFO  segmented.SegmentedRaftLogWorker (SegmentedRaftLogWorker.java:run(313)) - 6f85b482-1ee3-41f8-b799-7ee315fa3ee8@group-2D1A61B296C8-SegmentedRaftLogWorker was interrupted, exiting. There are 0 tasks remaining in the queue.
2019-10-10 12:40:43,151 [ForkJoinPool.commonPool-worker-0] INFO  segmented.SegmentedRaftLogWorker (SegmentedRaftLogWorker.java:close(228)) - 6f85b482-1ee3-41f8-b799-7ee315fa3ee8@group-2D1A61B296C8-SegmentedRaftLogWorker close()
2019-10-10 12:40:43,153 [ForkJoinPool.commonPool-worker-0] INFO  impl.RaftServerImpl (RaftServerImpl.java:lambda$shutdown$3(251)) - 6f85b482-1ee3-41f8-b799-7ee315fa3ee8@group-1C79ACAAC9C2: shutdown
2019-10-10 12:40:43,153 [ForkJoinPool.commonPool-worker-0] INFO  util.JmxRegister (JmxRegister.java:unregister(73)) - Successfully un-registered JMX Bean with object name Ratis:service=RaftServer,group=group-1C79ACAAC9C2,id=6f85b482-1ee3-41f8-b799-7ee315fa3ee8
2019-10-10 12:40:43,153 [ForkJoinPool.commonPool-worker-0] INFO  impl.RoleInfo (RoleInfo.java:shutdownLeaderState(104)) - 6f85b482-1ee3-41f8-b799-7ee315fa3ee8: shutdown LeaderState
2019-10-10 12:40:43,166 [ForkJoinPool.commonPool-worker-0] INFO  impl.PendingRequests (PendingRequests.java:sendNotLeaderResponses(202)) - 6f85b482-1ee3-41f8-b799-7ee315fa3ee8-PendingRequests: sendNotLeaderResponses
2019-10-10 12:40:43,166 [org.apache.ratis.server.impl.LogAppender$AppenderDaemon$$Lambda$488/842312419@7eb654ea] WARN  server.GrpcLogAppender (GrpcLogAppender.java:mayWait(143)) - 6f85b482-1ee3-41f8-b799-7ee315fa3ee8@group-1C79ACAAC9C2->31dbcda4-c74c-4dfb-b27d-abb192246f85-GrpcLogAppender: Wait interrupted by java.lang.InterruptedException
2019-10-10 12:40:43,166 [ForkJoinPool.commonPool-worker-0] INFO  impl.StateMachineUpdater (StateMachineUpdater.java:stopAndJoin(125)) - 6f85b482-1ee3-41f8-b799-7ee315fa3ee8@group-1C79ACAAC9C2-StateMachineUpdater: set stopIndex = 0
2019-10-10 12:40:43,166 [org.apache.ratis.server.impl.LogAppender$AppenderDaemon$$Lambda$488/842312419@50ccbfa] WARN  server.GrpcLogAppender (GrpcLogAppender.java:mayWait(143)) - 6f85b482-1ee3-41f8-b799-7ee315fa3ee8@group-1C79ACAAC9C2->a5b85608-7f11-46ec-ae19-494ab54f3701-GrpcLogAppender: Wait interrupted by java.lang.InterruptedException
2019-10-10 12:40:43,166 [ForkJoinPool.commonPool-worker-0] INFO  impl.RaftServerImpl (ServerState.java:close(385)) - 6f85b482-1ee3-41f8-b799-7ee315fa3ee8@group-1C79ACAAC9C2: closes. applyIndex: 0
2019-10-10 12:40:43,166 [6f85b482-1ee3-41f8-b799-7ee315fa3ee8@group-1C79ACAAC9C2-SegmentedRaftLogWorker] INFO  segmented.SegmentedRaftLogWorker (SegmentedRaftLogWorker.java:run(313)) - 6f85b482-1ee3-41f8-b799-7ee315fa3ee8@group-1C79ACAAC9C2-SegmentedRaftLogWorker was interrupted, exiting. There are 0 tasks remaining in the queue.
2019-10-10 12:40:43,169 [ForkJoinPool.commonPool-worker-0] INFO  segmented.SegmentedRaftLogWorker (SegmentedRaftLogWorker.java:close(228)) - 6f85b482-1ee3-41f8-b799-7ee315fa3ee8@group-1C79ACAAC9C2-SegmentedRaftLogWorker close()
2019-10-10 12:40:43,178 [main] INFO  server.GrpcService (GrpcService.java:closeImpl(164)) - 6f85b482-1ee3-41f8-b799-7ee315fa3ee8: shutdown server with port 44817 now
2019-10-10 12:40:43,179 [grpc-default-executor-47] WARN  server.GrpcServerProtocolService (LogUtils.java:warn(134)) - 6f85b482-1ee3-41f8-b799-7ee315fa3ee8: installSnapshot onError, lastRequest: 31dbcda4-c74c-4dfb-b27d-abb192246f85->6f85b482-1ee3-41f8-b799-7ee315fa3ee8#3-t1, previous=(t:1, i:0), leaderCommit=0, initializing? false, entries: <empty>: org.apache.ratis.thirdparty.io.grpc.StatusRuntimeException: CANCELLED: cancelled before receiving half close
2019-10-10 12:40:43,179 [main] INFO  server.GrpcService (GrpcService.java:closeImpl(172)) - 6f85b482-1ee3-41f8-b799-7ee315fa3ee8: shutdown server with port 44817 successfully
2019-10-10 12:40:43,179 [grpc-default-executor-31] WARN  server.GrpcLogAppender (LogUtils.java:warn(134)) - 31dbcda4-c74c-4dfb-b27d-abb192246f85@group-BA18EEAD7E37->6f85b482-1ee3-41f8-b799-7ee315fa3ee8-AppendLogResponseHandler: Failed appendEntries: org.apache.ratis.thirdparty.io.grpc.StatusRuntimeException: CANCELLED: HTTP/2 error code: CANCEL
Received Rst Stream
2019-10-10 12:40:43,179 [grpc-default-executor-50] WARN  server.GrpcLogAppender (LogUtils.java:warn(134)) - 31dbcda4-c74c-4dfb-b27d-abb192246f85@group-58B2D30E1F0C->6f85b482-1ee3-41f8-b799-7ee315fa3ee8-AppendLogResponseHandler: Failed appendEntries: org.apache.ratis.thirdparty.io.grpc.StatusRuntimeException: CANCELLED: HTTP/2 error code: CANCEL
Received Rst Stream
2019-10-10 12:40:43,179 [grpc-default-executor-34] WARN  server.GrpcServerProtocolService (LogUtils.java:warn(134)) - 6f85b482-1ee3-41f8-b799-7ee315fa3ee8: installSnapshot onError, lastRequest: a5b85608-7f11-46ec-ae19-494ab54f3701->6f85b482-1ee3-41f8-b799-7ee315fa3ee8#3-t1, previous=(t:1, i:0), leaderCommit=0, initializing? false, entries: <empty>: org.apache.ratis.thirdparty.io.grpc.StatusRuntimeException: CANCELLED: cancelled before receiving half close
2019-10-10 12:40:43,179 [grpc-default-executor-54] WARN  server.GrpcServerProtocolService (LogUtils.java:warn(134)) - 6f85b482-1ee3-41f8-b799-7ee315fa3ee8: installSnapshot onError, lastRequest: 31dbcda4-c74c-4dfb-b27d-abb192246f85->6f85b482-1ee3-41f8-b799-7ee315fa3ee8#1-t1, previous=(t:0, i:0), leaderCommit=-1, initializing? false, entries: size=1, first=(t:1, i:0), CONFIGURATIONENTRY: org.apache.ratis.thirdparty.io.grpc.StatusRuntimeException: CANCELLED: cancelled before receiving half close
2019-10-10 12:40:43,179 [grpc-default-executor-39] WARN  server.GrpcServerProtocolService (LogUtils.java:warn(134)) - 6f85b482-1ee3-41f8-b799-7ee315fa3ee8: installSnapshot onError, lastRequest: a5b85608-7f11-46ec-ae19-494ab54f3701->6f85b482-1ee3-41f8-b799-7ee315fa3ee8#18-t1, previous=(t:1, i:15), leaderCommit=15, initializing? false, entries: <empty>: org.apache.ratis.thirdparty.io.grpc.StatusRuntimeException: CANCELLED: cancelled before receiving half close
2019-10-10 12:40:43,180 [grpc-default-executor-47] WARN  server.GrpcLogAppender (LogUtils.java:warn(134)) - a5b85608-7f11-46ec-ae19-494ab54f3701@group-4F22982D157D->6f85b482-1ee3-41f8-b799-7ee315fa3ee8-AppendLogResponseHandler: Failed appendEntries: org.apache.ratis.thirdparty.io.grpc.StatusRuntimeException: CANCELLED: HTTP/2 error code: CANCEL
Received Rst Stream
2019-10-10 12:40:43,180 [grpc-default-executor-50] INFO  impl.FollowerInfo (FollowerInfo.java:lambda$new$0(51)) - 31dbcda4-c74c-4dfb-b27d-abb192246f85@group-58B2D30E1F0C->6f85b482-1ee3-41f8-b799-7ee315fa3ee8: nextIndex: updateUnconditionally 1 -> 0
2019-10-10 12:40:43,180 [grpc-default-executor-31] INFO  impl.FollowerInfo (FollowerInfo.java:lambda$new$0(51)) - 31dbcda4-c74c-4dfb-b27d-abb192246f85@group-BA18EEAD7E37->6f85b482-1ee3-41f8-b799-7ee315fa3ee8: nextIndex: updateUnconditionally 1 -> 0
2019-10-10 12:40:43,180 [grpc-default-executor-52] WARN  server.GrpcLogAppender (LogUtils.java:warn(134)) - a5b85608-7f11-46ec-ae19-494ab54f3701@group-2D1A61B296C8->6f85b482-1ee3-41f8-b799-7ee315fa3ee8-AppendLogResponseHandler: Failed appendEntries: org.apache.ratis.thirdparty.io.grpc.StatusRuntimeException: CANCELLED: HTTP/2 error code: CANCEL
Received Rst Stream
2019-10-10 12:40:43,181 [grpc-default-executor-47] INFO  impl.FollowerInfo (FollowerInfo.java:lambda$new$0(51)) - a5b85608-7f11-46ec-ae19-494ab54f3701@group-4F22982D157D->6f85b482-1ee3-41f8-b799-7ee315fa3ee8: nextIndex: updateUnconditionally 1 -> 0
2019-10-10 12:40:43,181 [grpc-default-executor-52] INFO  impl.FollowerInfo (FollowerInfo.java:lambda$new$0(51)) - a5b85608-7f11-46ec-ae19-494ab54f3701@group-2D1A61B296C8->6f85b482-1ee3-41f8-b799-7ee315fa3ee8: nextIndex: updateUnconditionally 16 -> 15
2019-10-10 12:40:43,182 [refreshUsed-/workdir/hadoop-ozone/integration-test/target/test-dir/MiniOzoneClusterImpl-8284007a-d704-4ed0-a0ee-bee753f20599/datanode-3/data/containers] WARN  fs.CachingGetSpaceUsed (CachingGetSpaceUsed.java:run(183)) - Thread Interrupted waiting to refresh disk information: sleep interrupted
2019-10-10 12:40:43,208 [main] INFO  utils.BackgroundService (BackgroundService.java:shutdown(148)) - Shutting down service BlockDeletingService
2019-10-10 12:40:43,216 [main] INFO  statemachine.DatanodeStateMachine (DatanodeStateMachine.java:stopDaemon(395)) - Ozone container server stopped.
2019-10-10 12:40:43,218 [main] INFO  handler.ContextHandler (ContextHandler.java:doStop(910)) - Stopped o.e.j.w.WebAppContext@2b79c8ff{/,null,UNAVAILABLE}{/hddsDatanode}
2019-10-10 12:40:43,218 [main] INFO  server.AbstractConnector (AbstractConnector.java:doStop(318)) - Stopped ServerConnector@2baf72d5{HTTP/1.1,[http/1.1]}{0.0.0.0:0}
2019-10-10 12:40:43,219 [main] INFO  handler.ContextHandler (ContextHandler.java:doStop(910)) - Stopped o.e.j.s.ServletContextHandler@3a3883c4{/static,jar:file:/home/user/.m2/repository/org/apache/hadoop/hadoop-hdds-container-service/0.5.0-SNAPSHOT/hadoop-hdds-container-service-0.5.0-SNAPSHOT.jar!/webapps/static,UNAVAILABLE}
2019-10-10 12:40:43,219 [main] INFO  handler.ContextHandler (ContextHandler.java:doStop(910)) - Stopped o.e.j.s.ServletContextHandler@73e4bb60{/logs,file:///workdir/hadoop-ozone/integration-test/target/log,UNAVAILABLE}
2019-10-10 12:40:43,253 [grpc-default-executor-34] WARN  server.GrpcLogAppender (LogUtils.java:warn(134)) - a5b85608-7f11-46ec-ae19-494ab54f3701@group-2D1A61B296C8->6f85b482-1ee3-41f8-b799-7ee315fa3ee8-AppendLogResponseHandler: Failed appendEntries: org.apache.ratis.thirdparty.io.grpc.StatusRuntimeException: UNAVAILABLE: io exception
2019-10-10 12:40:43,253 [grpc-default-executor-34] INFO  impl.FollowerInfo (FollowerInfo.java:lambda$new$0(51)) - a5b85608-7f11-46ec-ae19-494ab54f3701@group-2D1A61B296C8->6f85b482-1ee3-41f8-b799-7ee315fa3ee8: nextIndex: updateUnconditionally 16 -> 15
2019-10-10 12:40:43,254 [grpc-default-executor-34] WARN  server.GrpcLogAppender (LogUtils.java:warn(134)) - a5b85608-7f11-46ec-ae19-494ab54f3701@group-2D1A61B296C8->6f85b482-1ee3-41f8-b799-7ee315fa3ee8-AppendLogResponseHandler: Failed appendEntries: org.apache.ratis.thirdparty.io.grpc.StatusRuntimeException: UNAVAILABLE: io exception
2019-10-10 12:40:43,260 [grpc-default-executor-34] INFO  impl.FollowerInfo (FollowerInfo.java:lambda$new$0(51)) - a5b85608-7f11-46ec-ae19-494ab54f3701@group-2D1A61B296C8->6f85b482-1ee3-41f8-b799-7ee315fa3ee8: nextIndex: updateUnconditionally 16 -> 15
2019-10-10 12:40:43,266 [grpc-default-executor-52] WARN  server.GrpcLogAppender (LogUtils.java:warn(134)) - a5b85608-7f11-46ec-ae19-494ab54f3701@group-2D1A61B296C8->6f85b482-1ee3-41f8-b799-7ee315fa3ee8-AppendLogResponseHandler: Failed appendEntries: org.apache.ratis.thirdparty.io.grpc.StatusRuntimeException: UNAVAILABLE: io exception
2019-10-10 12:40:43,268 [grpc-default-executor-52] INFO  impl.FollowerInfo (FollowerInfo.java:lambda$new$0(51)) - a5b85608-7f11-46ec-ae19-494ab54f3701@group-2D1A61B296C8->6f85b482-1ee3-41f8-b799-7ee315fa3ee8: nextIndex: updateUnconditionally 16 -> 15
2019-10-10 12:40:43,272 [grpc-default-executor-47] WARN  server.GrpcLogAppender (LogUtils.java:warn(134)) - a5b85608-7f11-46ec-ae19-494ab54f3701@group-2D1A61B296C8->6f85b482-1ee3-41f8-b799-7ee315fa3ee8-AppendLogResponseHandler: Failed appendEntries: org.apache.ratis.thirdparty.io.grpc.StatusRuntimeException: UNAVAILABLE: io exception
2019-10-10 12:40:43,273 [grpc-default-executor-47] INFO  impl.FollowerInfo (FollowerInfo.java:lambda$new$0(51)) - a5b85608-7f11-46ec-ae19-494ab54f3701@group-2D1A61B296C8->6f85b482-1ee3-41f8-b799-7ee315fa3ee8: nextIndex: updateUnconditionally 16 -> 15
2019-10-10 12:40:43,283 [grpc-default-executor-52] WARN  server.GrpcLogAppender (LogUtils.java:warn(134)) - a5b85608-7f11-46ec-ae19-494ab54f3701@group-2D1A61B296C8->6f85b482-1ee3-41f8-b799-7ee315fa3ee8-AppendLogResponseHandler: Failed appendEntries: org.apache.ratis.thirdparty.io.grpc.StatusRuntimeException: UNAVAILABLE: io exception
2019-10-10 12:40:43,283 [grpc-default-executor-52] INFO  impl.FollowerInfo (FollowerInfo.java:lambda$new$0(51)) - a5b85608-7f11-46ec-ae19-494ab54f3701@group-2D1A61B296C8->6f85b482-1ee3-41f8-b799-7ee315fa3ee8: nextIndex: updateUnconditionally 16 -> 15
2019-10-10 12:40:44,094 [grpc-default-executor-34] WARN  server.GrpcLogAppender (LogUtils.java:warn(134)) - 31dbcda4-c74c-4dfb-b27d-abb192246f85@group-58B2D30E1F0C->6f85b482-1ee3-41f8-b799-7ee315fa3ee8-AppendLogResponseHandler: Failed appendEntries: org.apache.ratis.thirdparty.io.grpc.StatusRuntimeException: UNAVAILABLE: io exception
2019-10-10 12:40:44,094 [grpc-default-executor-34] INFO  impl.FollowerInfo (FollowerInfo.java:lambda$new$0(51)) - 31dbcda4-c74c-4dfb-b27d-abb192246f85@group-58B2D30E1F0C->6f85b482-1ee3-41f8-b799-7ee315fa3ee8: nextIndex: updateUnconditionally 0 -> 0
2019-10-10 12:40:44,273 [main] WARN  scm.XceiverClientRatis (XceiverClientRatis.java:watchForCommit(292)) - 3 way commit failed on pipeline Pipeline[ Id: 9bae8a8c-c430-4fba-bd06-2d1a61b296c8, Nodes: 6f85b482-1ee3-41f8-b799-7ee315fa3ee8{ip: 192.168.5.143, host: pr-hdds-1569-9zzhf-258611273, networkLocation: /default-rack, certSerialId: null}a5b85608-7f11-46ec-ae19-494ab54f3701{ip: 192.168.5.143, host: pr-hdds-1569-9zzhf-258611273, networkLocation: /default-rack, certSerialId: null}31dbcda4-c74c-4dfb-b27d-abb192246f85{ip: 192.168.5.143, host: pr-hdds-1569-9zzhf-258611273, networkLocation: /default-rack, certSerialId: null}, Type:RATIS, Factor:THREE, State:OPEN]
java.util.concurrent.TimeoutException
	at java.util.concurrent.CompletableFuture.timedGet(CompletableFuture.java:1771)
	at java.util.concurrent.CompletableFuture.get(CompletableFuture.java:1915)
	at org.apache.hadoop.hdds.scm.XceiverClientRatis.watchForCommit(XceiverClientRatis.java:289)
	at org.apache.hadoop.hdds.scm.storage.CommitWatcher.watchForCommit(CommitWatcher.java:194)
	at org.apache.hadoop.hdds.scm.storage.CommitWatcher.watchOnLastIndex(CommitWatcher.java:157)
	at org.apache.hadoop.hdds.scm.storage.BlockOutputStream.watchForCommit(BlockOutputStream.java:347)
	at org.apache.hadoop.hdds.scm.storage.BlockOutputStream.handleFlush(BlockOutputStream.java:479)
	at org.apache.hadoop.hdds.scm.storage.BlockOutputStream.close(BlockOutputStream.java:493)
	at org.apache.hadoop.ozone.client.io.BlockOutputStreamEntry.close(BlockOutputStreamEntry.java:143)
	at org.apache.hadoop.ozone.client.io.KeyOutputStream.handleFlushOrClose(KeyOutputStream.java:439)
	at org.apache.hadoop.ozone.client.io.KeyOutputStream.handleWrite(KeyOutputStream.java:232)
	at org.apache.hadoop.ozone.client.io.KeyOutputStream.write(KeyOutputStream.java:190)
	at org.apache.hadoop.ozone.client.io.OzoneOutputStream.write(OzoneOutputStream.java:49)
	at java.io.OutputStream.write(OutputStream.java:75)
	at org.apache.hadoop.ozone.client.rpc.TestBlockOutputStreamWithFailures.testWatchForCommitDatanodeFailure(TestBlockOutputStreamWithFailures.java:363)
	at sun.reflect.NativeMethodAccessorImpl.invoke0(Native Method)
	at sun.reflect.NativeMethodAccessorImpl.invoke(NativeMethodAccessorImpl.java:62)
	at sun.reflect.DelegatingMethodAccessorImpl.invoke(DelegatingMethodAccessorImpl.java:43)
	at java.lang.reflect.Method.invoke(Method.java:498)
	at org.junit.runners.model.FrameworkMethod$1.runReflectiveCall(FrameworkMethod.java:47)
	at org.junit.internal.runners.model.ReflectiveCallable.run(ReflectiveCallable.java:12)
	at org.junit.runners.model.FrameworkMethod.invokeExplosively(FrameworkMethod.java:44)
	at org.junit.internal.runners.statements.InvokeMethod.evaluate(InvokeMethod.java:17)
	at org.junit.internal.runners.statements.RunBefores.evaluate(RunBefores.java:26)
	at org.junit.internal.runners.statements.RunAfters.evaluate(RunAfters.java:27)
	at org.junit.runners.ParentRunner.runLeaf(ParentRunner.java:271)
	at org.junit.runners.BlockJUnit4ClassRunner.runChild(BlockJUnit4ClassRunner.java:70)
	at org.junit.runners.BlockJUnit4ClassRunner.runChild(BlockJUnit4ClassRunner.java:50)
	at org.junit.runners.ParentRunner$3.run(ParentRunner.java:238)
	at org.junit.runners.ParentRunner$1.schedule(ParentRunner.java:63)
	at org.junit.runners.ParentRunner.runChildren(ParentRunner.java:236)
	at org.junit.runners.ParentRunner.access$000(ParentRunner.java:53)
	at org.junit.runners.ParentRunner$2.evaluate(ParentRunner.java:229)
	at org.junit.runners.ParentRunner.run(ParentRunner.java:309)
	at org.apache.maven.surefire.junit4.JUnit4Provider.execute(JUnit4Provider.java:365)
	at org.apache.maven.surefire.junit4.JUnit4Provider.executeWithRerun(JUnit4Provider.java:273)
	at org.apache.maven.surefire.junit4.JUnit4Provider.executeTestSet(JUnit4Provider.java:238)
	at org.apache.maven.surefire.junit4.JUnit4Provider.invoke(JUnit4Provider.java:159)
	at org.apache.maven.surefire.booter.ForkedBooter.invokeProviderInSameClassLoader(ForkedBooter.java:384)
	at org.apache.maven.surefire.booter.ForkedBooter.runSuitesInProcess(ForkedBooter.java:345)
	at org.apache.maven.surefire.booter.ForkedBooter.execute(ForkedBooter.java:126)
	at org.apache.maven.surefire.booter.ForkedBooter.main(ForkedBooter.java:418)
2019-10-10 12:40:45,118 [grpc-default-executor-34] WARN  server.GrpcLogAppender (LogUtils.java:warn(134)) - 31dbcda4-c74c-4dfb-b27d-abb192246f85@group-BA18EEAD7E37->6f85b482-1ee3-41f8-b799-7ee315fa3ee8-AppendLogResponseHandler: Failed appendEntries: org.apache.ratis.thirdparty.io.grpc.StatusRuntimeException: UNAVAILABLE: io exception
2019-10-10 12:40:45,118 [grpc-default-executor-34] INFO  impl.FollowerInfo (FollowerInfo.java:lambda$new$0(51)) - 31dbcda4-c74c-4dfb-b27d-abb192246f85@group-BA18EEAD7E37->6f85b482-1ee3-41f8-b799-7ee315fa3ee8: nextIndex: updateUnconditionally 0 -> 0
2019-10-10 12:40:45,278 [main] WARN  storage.CommitWatcher (CommitWatcher.java:watchForCommit(203)) - watchForCommit failed for index 21
java.util.concurrent.TimeoutException
	at java.util.concurrent.CompletableFuture.timedGet(CompletableFuture.java:1771)
	at java.util.concurrent.CompletableFuture.get(CompletableFuture.java:1915)
	at org.apache.hadoop.hdds.scm.XceiverClientRatis.watchForCommit(XceiverClientRatis.java:298)
	at org.apache.hadoop.hdds.scm.storage.CommitWatcher.watchForCommit(CommitWatcher.java:194)
	at org.apache.hadoop.hdds.scm.storage.CommitWatcher.watchOnLastIndex(CommitWatcher.java:157)
	at org.apache.hadoop.hdds.scm.storage.BlockOutputStream.watchForCommit(BlockOutputStream.java:347)
	at org.apache.hadoop.hdds.scm.storage.BlockOutputStream.handleFlush(BlockOutputStream.java:479)
	at org.apache.hadoop.hdds.scm.storage.BlockOutputStream.close(BlockOutputStream.java:493)
	at org.apache.hadoop.ozone.client.io.BlockOutputStreamEntry.close(BlockOutputStreamEntry.java:143)
	at org.apache.hadoop.ozone.client.io.KeyOutputStream.handleFlushOrClose(KeyOutputStream.java:439)
	at org.apache.hadoop.ozone.client.io.KeyOutputStream.handleWrite(KeyOutputStream.java:232)
	at org.apache.hadoop.ozone.client.io.KeyOutputStream.write(KeyOutputStream.java:190)
	at org.apache.hadoop.ozone.client.io.OzoneOutputStream.write(OzoneOutputStream.java:49)
	at java.io.OutputStream.write(OutputStream.java:75)
	at org.apache.hadoop.ozone.client.rpc.TestBlockOutputStreamWithFailures.testWatchForCommitDatanodeFailure(TestBlockOutputStreamWithFailures.java:363)
	at sun.reflect.NativeMethodAccessorImpl.invoke0(Native Method)
	at sun.reflect.NativeMethodAccessorImpl.invoke(NativeMethodAccessorImpl.java:62)
	at sun.reflect.DelegatingMethodAccessorImpl.invoke(DelegatingMethodAccessorImpl.java:43)
	at java.lang.reflect.Method.invoke(Method.java:498)
	at org.junit.runners.model.FrameworkMethod$1.runReflectiveCall(FrameworkMethod.java:47)
	at org.junit.internal.runners.model.ReflectiveCallable.run(ReflectiveCallable.java:12)
	at org.junit.runners.model.FrameworkMethod.invokeExplosively(FrameworkMethod.java:44)
	at org.junit.internal.runners.statements.InvokeMethod.evaluate(InvokeMethod.java:17)
	at org.junit.internal.runners.statements.RunBefores.evaluate(RunBefores.java:26)
	at org.junit.internal.runners.statements.RunAfters.evaluate(RunAfters.java:27)
	at org.junit.runners.ParentRunner.runLeaf(ParentRunner.java:271)
	at org.junit.runners.BlockJUnit4ClassRunner.runChild(BlockJUnit4ClassRunner.java:70)
	at org.junit.runners.BlockJUnit4ClassRunner.runChild(BlockJUnit4ClassRunner.java:50)
	at org.junit.runners.ParentRunner$3.run(ParentRunner.java:238)
	at org.junit.runners.ParentRunner$1.schedule(ParentRunner.java:63)
	at org.junit.runners.ParentRunner.runChildren(ParentRunner.java:236)
	at org.junit.runners.ParentRunner.access$000(ParentRunner.java:53)
	at org.junit.runners.ParentRunner$2.evaluate(ParentRunner.java:229)
	at org.junit.runners.ParentRunner.run(ParentRunner.java:309)
	at org.apache.maven.surefire.junit4.JUnit4Provider.execute(JUnit4Provider.java:365)
	at org.apache.maven.surefire.junit4.JUnit4Provider.executeWithRerun(JUnit4Provider.java:273)
	at org.apache.maven.surefire.junit4.JUnit4Provider.executeTestSet(JUnit4Provider.java:238)
	at org.apache.maven.surefire.junit4.JUnit4Provider.invoke(JUnit4Provider.java:159)
	at org.apache.maven.surefire.booter.ForkedBooter.invokeProviderInSameClassLoader(ForkedBooter.java:384)
	at org.apache.maven.surefire.booter.ForkedBooter.runSuitesInProcess(ForkedBooter.java:345)
	at org.apache.maven.surefire.booter.ForkedBooter.execute(ForkedBooter.java:126)
	at org.apache.maven.surefire.booter.ForkedBooter.main(ForkedBooter.java:418)
2019-10-10 12:40:45,279 [main] WARN  io.KeyOutputStream (KeyOutputStream.java:handleException(274)) - Encountered exception java.io.IOException: Unexpected Storage Container Exception: java.io.IOException: Unexpected Storage Container Exception: java.util.concurrent.TimeoutException on the pipeline Pipeline[ Id: 9bae8a8c-c430-4fba-bd06-2d1a61b296c8, Nodes: 6f85b482-1ee3-41f8-b799-7ee315fa3ee8{ip: 192.168.5.143, host: pr-hdds-1569-9zzhf-258611273, networkLocation: /default-rack, certSerialId: null}a5b85608-7f11-46ec-ae19-494ab54f3701{ip: 192.168.5.143, host: pr-hdds-1569-9zzhf-258611273, networkLocation: /default-rack, certSerialId: null}31dbcda4-c74c-4dfb-b27d-abb192246f85{ip: 192.168.5.143, host: pr-hdds-1569-9zzhf-258611273, networkLocation: /default-rack, certSerialId: null}, Type:RATIS, Factor:THREE, State:OPEN]. The last committed block length is 450, uncommitted data length is 350 retry count 0
2019-10-10 12:40:45,313 [grpc-default-executor-47] WARN  server.GrpcLogAppender (LogUtils.java:warn(134)) - a5b85608-7f11-46ec-ae19-494ab54f3701@group-4F22982D157D->6f85b482-1ee3-41f8-b799-7ee315fa3ee8-AppendLogResponseHandler: Failed appendEntries: org.apache.ratis.thirdparty.io.grpc.StatusRuntimeException: UNAVAILABLE: io exception
2019-10-10 12:40:45,316 [grpc-default-executor-47] INFO  impl.FollowerInfo (FollowerInfo.java:lambda$new$0(51)) - a5b85608-7f11-46ec-ae19-494ab54f3701@group-4F22982D157D->6f85b482-1ee3-41f8-b799-7ee315fa3ee8: nextIndex: updateUnconditionally 0 -> 0
2019-10-10 12:40:45,673 [main] INFO  ozone.MiniOzoneClusterImpl (MiniOzoneClusterImpl.java:shutdown(314)) - Shutting down the Mini Ozone Cluster
2019-10-10 12:40:45,673 [main] INFO  ozone.MiniOzoneClusterImpl (MiniOzoneClusterImpl.java:stop(330)) - Stopping the Mini Ozone Cluster
2019-10-10 12:40:45,674 [main] INFO  ozone.MiniOzoneClusterImpl (MiniOzoneClusterImpl.java:stopOM(400)) - Stopping the OzoneManager
2019-10-10 12:40:45,674 [main] INFO  ipc.Server (Server.java:stop(3082)) - Stopping server on 43694
2019-10-10 12:40:45,700 [IPC Server listener on 43694] INFO  ipc.Server (Server.java:run(1185)) - Stopping IPC Server listener on 43694
2019-10-10 12:40:45,701 [main] INFO  ratis.OzoneManagerDoubleBuffer (OzoneManagerDoubleBuffer.java:stop(248)) - Stopping OMDoubleBuffer flush thread
2019-10-10 12:40:45,701 [IPC Server Responder] INFO  ipc.Server (Server.java:run(1319)) - Stopping IPC Server Responder
2019-10-10 12:40:45,704 [OMDoubleBufferFlushThread] INFO  ratis.OzoneManagerDoubleBuffer (OzoneManagerDoubleBuffer.java:flushTransactions(191)) - OMDoubleBuffer flush thread OMDoubleBufferFlushThread is interrupted and will exit. OMDoubleBufferFlushThread
2019-10-10 12:40:45,705 [main] INFO  utils.BackgroundService (BackgroundService.java:shutdown(148)) - Shutting down service KeyDeletingService
2019-10-10 12:40:45,706 [main] INFO  handler.ContextHandler (ContextHandler.java:doStop(910)) - Stopped o.e.j.w.WebAppContext@ca7e37f{/,null,UNAVAILABLE}{/ozoneManager}
2019-10-10 12:40:45,706 [main] INFO  server.AbstractConnector (AbstractConnector.java:doStop(318)) - Stopped ServerConnector@99a8de3{HTTP/1.1,[http/1.1]}{0.0.0.0:0}
2019-10-10 12:40:45,707 [main] INFO  handler.ContextHandler (ContextHandler.java:doStop(910)) - Stopped o.e.j.s.ServletContextHandler@2ce524d2{/static,file:///workdir/hadoop-ozone/integration-test/target/test-classes/webapps/static,UNAVAILABLE}
2019-10-10 12:40:45,707 [main] INFO  handler.ContextHandler (ContextHandler.java:doStop(910)) - Stopped o.e.j.s.ServletContextHandler@7e191fda{/logs,file:///workdir/hadoop-ozone/integration-test/target/log,UNAVAILABLE}
2019-10-10 12:40:45,711 [main] INFO  ozone.MiniOzoneClusterImpl (MiniOzoneClusterImpl.java:stopDatanodes(377)) - Stopping the HddsDatanodes
2019-10-10 12:40:45,785 [grpc-default-executor-34] WARN  server.GrpcLogAppender (LogUtils.java:warn(134)) - a5b85608-7f11-46ec-ae19-494ab54f3701@group-2D1A61B296C8->6f85b482-1ee3-41f8-b799-7ee315fa3ee8-AppendLogResponseHandler: Failed appendEntries: org.apache.ratis.thirdparty.io.grpc.StatusRuntimeException: UNAVAILABLE: io exception
2019-10-10 12:40:45,785 [grpc-default-executor-34] INFO  impl.FollowerInfo (FollowerInfo.java:lambda$new$0(51)) - a5b85608-7f11-46ec-ae19-494ab54f3701@group-2D1A61B296C8->6f85b482-1ee3-41f8-b799-7ee315fa3ee8: nextIndex: updateUnconditionally 15 -> 14
2019-10-10 12:40:45,789 [Datanode State Machine Thread - 0] INFO  statemachine.DatanodeStateMachine (DatanodeStateMachine.java:lambda$startDaemon$0(350)) - Ozone container server started.
2019-10-10 12:40:46,471 [Datanode State Machine Thread - 0] INFO  statemachine.DatanodeStateMachine (DatanodeStateMachine.java:lambda$startDaemon$0(350)) - Ozone container server started.
2019-10-10 12:40:46,575 [Thread-6780] INFO  impl.FollowerState (FollowerState.java:run(106)) - a5b85608-7f11-46ec-ae19-494ab54f3701:group-BAAFDA4BB310 changes to CANDIDATE, lastRpcTime:5145, electionTimeout:5047ms
2019-10-10 12:40:46,575 [Thread-6780] INFO  impl.RoleInfo (RoleInfo.java:shutdownFollowerState(121)) - a5b85608-7f11-46ec-ae19-494ab54f3701: shutdown FollowerState
2019-10-10 12:40:46,575 [Thread-6780] INFO  impl.RaftServerImpl (RaftServerImpl.java:setRole(174)) - a5b85608-7f11-46ec-ae19-494ab54f3701@group-BAAFDA4BB310: changes role from  FOLLOWER to CANDIDATE at term 1 for changeToCandidate
2019-10-10 12:40:46,575 [Thread-6780] INFO  impl.RoleInfo (RoleInfo.java:updateAndGet(143)) - a5b85608-7f11-46ec-ae19-494ab54f3701: start LeaderElection
2019-10-10 12:40:46,575 [a5b85608-7f11-46ec-ae19-494ab54f3701@group-BAAFDA4BB310:LeaderElection259] INFO  impl.RaftServerImpl (ServerState.java:setLeader(253)) - a5b85608-7f11-46ec-ae19-494ab54f3701@group-BAAFDA4BB310: change Leader from 6f85b482-1ee3-41f8-b799-7ee315fa3ee8 to null at term 1 for initElection
2019-10-10 12:40:46,591 [a5b85608-7f11-46ec-ae19-494ab54f3701@group-BAAFDA4BB310:LeaderElection259] INFO  impl.LeaderElection (LeaderElection.java:askForVotes(182)) - a5b85608-7f11-46ec-ae19-494ab54f3701@group-BAAFDA4BB310:LeaderElection259: begin an election at term 2 for 0: [6f85b482-1ee3-41f8-b799-7ee315fa3ee8:192.168.5.143:44817, 2977129d-288a-401c-9baf-20955028e955:192.168.5.143:38849, a5b85608-7f11-46ec-ae19-494ab54f3701:192.168.5.143:39887], old=null
2019-10-10 12:40:46,593 [a5b85608-7f11-46ec-ae19-494ab54f3701@group-BAAFDA4BB310:LeaderElection259] INFO  impl.LeaderElection (LogUtils.java:infoOrTrace(149)) - a5b85608-7f11-46ec-ae19-494ab54f3701@group-BAAFDA4BB310:LeaderElection259 got exception when requesting votes: {}
java.util.concurrent.ExecutionException: org.apache.ratis.thirdparty.io.grpc.StatusRuntimeException: UNAVAILABLE: io exception
	at java.util.concurrent.FutureTask.report(FutureTask.java:122)
	at java.util.concurrent.FutureTask.get(FutureTask.java:192)
	at org.apache.ratis.server.impl.LeaderElection.waitForResults(LeaderElection.java:263)
	at org.apache.ratis.server.impl.LeaderElection.askForVotes(LeaderElection.java:201)
	at org.apache.ratis.server.impl.LeaderElection.run(LeaderElection.java:133)
	at java.lang.Thread.run(Thread.java:748)
Caused by: org.apache.ratis.thirdparty.io.grpc.StatusRuntimeException: UNAVAILABLE: io exception
	at org.apache.ratis.thirdparty.io.grpc.stub.ClientCalls.toStatusRuntimeException(ClientCalls.java:233)
	at org.apache.ratis.thirdparty.io.grpc.stub.ClientCalls.getUnchecked(ClientCalls.java:214)
	at org.apache.ratis.thirdparty.io.grpc.stub.ClientCalls.blockingUnaryCall(ClientCalls.java:139)
	at org.apache.ratis.proto.grpc.RaftServerProtocolServiceGrpc$RaftServerProtocolServiceBlockingStub.requestVote(RaftServerProtocolServiceGrpc.java:265)
	at org.apache.ratis.grpc.server.GrpcServerProtocolClient.requestVote(GrpcServerProtocolClient.java:90)
	at org.apache.ratis.grpc.server.GrpcService.requestVote(GrpcService.java:204)
	at org.apache.ratis.server.impl.LeaderElection.lambda$submitRequests$1(LeaderElection.java:238)
	at java.util.concurrent.FutureTask.run(FutureTask.java:266)
	at java.util.concurrent.Executors$RunnableAdapter.call(Executors.java:511)
	at java.util.concurrent.FutureTask.run(FutureTask.java:266)
	at java.util.concurrent.ThreadPoolExecutor.runWorker(ThreadPoolExecutor.java:1149)
	at java.util.concurrent.ThreadPoolExecutor$Worker.run(ThreadPoolExecutor.java:624)
	... 1 more
Caused by: org.apache.ratis.thirdparty.io.netty.channel.AbstractChannel$AnnotatedConnectException: Connection refused: /192.168.5.143:44817
	at sun.nio.ch.SocketChannelImpl.checkConnect(Native Method)
	at sun.nio.ch.SocketChannelImpl.finishConnect(SocketChannelImpl.java:717)
	at org.apache.ratis.thirdparty.io.netty.channel.socket.nio.NioSocketChannel.doFinishConnect(NioSocketChannel.java:327)
	at org.apache.ratis.thirdparty.io.netty.channel.nio.AbstractNioChannel$AbstractNioUnsafe.finishConnect(AbstractNioChannel.java:340)
	at org.apache.ratis.thirdparty.io.netty.channel.nio.NioEventLoop.processSelectedKey(NioEventLoop.java:632)
	at org.apache.ratis.thirdparty.io.netty.channel.nio.NioEventLoop.processSelectedKeysOptimized(NioEventLoop.java:579)
	at org.apache.ratis.thirdparty.io.netty.channel.nio.NioEventLoop.processSelectedKeys(NioEventLoop.java:496)
	at org.apache.ratis.thirdparty.io.netty.channel.nio.NioEventLoop.run(NioEventLoop.java:458)
	at org.apache.ratis.thirdparty.io.netty.util.concurrent.SingleThreadEventExecutor$5.run(SingleThreadEventExecutor.java:897)
	at org.apache.ratis.thirdparty.io.netty.util.concurrent.FastThreadLocalRunnable.run(FastThreadLocalRunnable.java:30)
	... 1 more
Caused by: java.net.ConnectException: Connection refused
	... 11 more
2019-10-10 12:40:46,594 [grpc-default-executor-52] WARN  server.GrpcLogAppender (LogUtils.java:warn(134)) - 31dbcda4-c74c-4dfb-b27d-abb192246f85@group-58B2D30E1F0C->6f85b482-1ee3-41f8-b799-7ee315fa3ee8-AppendLogResponseHandler: Failed appendEntries: org.apache.ratis.thirdparty.io.grpc.StatusRuntimeException: UNAVAILABLE: io exception
2019-10-10 12:40:46,594 [grpc-default-executor-52] INFO  impl.FollowerInfo (FollowerInfo.java:lambda$new$0(51)) - 31dbcda4-c74c-4dfb-b27d-abb192246f85@group-58B2D30E1F0C->6f85b482-1ee3-41f8-b799-7ee315fa3ee8: nextIndex: updateUnconditionally 0 -> 0
2019-10-10 12:40:46,594 [grpc-default-executor-47] INFO  impl.RaftServerImpl (ServerState.java:setLeader(253)) - 2977129d-288a-401c-9baf-20955028e955@group-BAAFDA4BB310: change Leader from 6f85b482-1ee3-41f8-b799-7ee315fa3ee8 to null at term 2 for updateCurrentTerm
2019-10-10 12:40:46,595 [grpc-default-executor-47] INFO  impl.RaftServerImpl (RaftServerImpl.java:setRole(174)) - 2977129d-288a-401c-9baf-20955028e955@group-BAAFDA4BB310: changes role from  FOLLOWER to FOLLOWER at term 2 for recognizeCandidate:a5b85608-7f11-46ec-ae19-494ab54f3701
2019-10-10 12:40:46,595 [grpc-default-executor-47] INFO  impl.RoleInfo (RoleInfo.java:shutdownFollowerState(121)) - 2977129d-288a-401c-9baf-20955028e955: shutdown FollowerState
2019-10-10 12:40:46,595 [grpc-default-executor-47] INFO  impl.RoleInfo (RoleInfo.java:updateAndGet(143)) - 2977129d-288a-401c-9baf-20955028e955: start FollowerState
2019-10-10 12:40:46,595 [Thread-6781] INFO  impl.FollowerState (FollowerState.java:run(115)) - 2977129d-288a-401c-9baf-20955028e955: FollowerState was interrupted: java.lang.InterruptedException: sleep interrupted
2019-10-10 12:40:46,608 [a5b85608-7f11-46ec-ae19-494ab54f3701@group-BAAFDA4BB310:LeaderElection259] INFO  impl.LeaderElection (LeaderElection.java:logAndReturn(56)) - a5b85608-7f11-46ec-ae19-494ab54f3701@group-BAAFDA4BB310:LeaderElection259: Election PASSED; received 1 response(s) [a5b85608-7f11-46ec-ae19-494ab54f3701<-2977129d-288a-401c-9baf-20955028e955#0:OK-t2] and 1 exception(s); a5b85608-7f11-46ec-ae19-494ab54f3701@group-BAAFDA4BB310:t2, leader=null, voted=a5b85608-7f11-46ec-ae19-494ab54f3701, raftlog=a5b85608-7f11-46ec-ae19-494ab54f3701@group-BAAFDA4BB310-SegmentedRaftLog:OPENED:c0,f0,i0, conf=0: [6f85b482-1ee3-41f8-b799-7ee315fa3ee8:192.168.5.143:44817, 2977129d-288a-401c-9baf-20955028e955:192.168.5.143:38849, a5b85608-7f11-46ec-ae19-494ab54f3701:192.168.5.143:39887], old=null
2019-10-10 12:40:46,608 [a5b85608-7f11-46ec-ae19-494ab54f3701@group-BAAFDA4BB310:LeaderElection259] INFO  impl.LeaderElection (LogUtils.java:infoOrTrace(149)) -   Exception 0: {}
java.util.concurrent.ExecutionException: org.apache.ratis.thirdparty.io.grpc.StatusRuntimeException: UNAVAILABLE: io exception
	at java.util.concurrent.FutureTask.report(FutureTask.java:122)
	at java.util.concurrent.FutureTask.get(FutureTask.java:192)
	at org.apache.ratis.server.impl.LeaderElection.waitForResults(LeaderElection.java:263)
	at org.apache.ratis.server.impl.LeaderElection.askForVotes(LeaderElection.java:201)
	at org.apache.ratis.server.impl.LeaderElection.run(LeaderElection.java:133)
	at java.lang.Thread.run(Thread.java:748)
Caused by: org.apache.ratis.thirdparty.io.grpc.StatusRuntimeException: UNAVAILABLE: io exception
	at org.apache.ratis.thirdparty.io.grpc.stub.ClientCalls.toStatusRuntimeException(ClientCalls.java:233)
	at org.apache.ratis.thirdparty.io.grpc.stub.ClientCalls.getUnchecked(ClientCalls.java:214)
	at org.apache.ratis.thirdparty.io.grpc.stub.ClientCalls.blockingUnaryCall(ClientCalls.java:139)
	at org.apache.ratis.proto.grpc.RaftServerProtocolServiceGrpc$RaftServerProtocolServiceBlockingStub.requestVote(RaftServerProtocolServiceGrpc.java:265)
	at org.apache.ratis.grpc.server.GrpcServerProtocolClient.requestVote(GrpcServerProtocolClient.java:90)
	at org.apache.ratis.grpc.server.GrpcService.requestVote(GrpcService.java:204)
	at org.apache.ratis.server.impl.LeaderElection.lambda$submitRequests$1(LeaderElection.java:238)
	at java.util.concurrent.FutureTask.run(FutureTask.java:266)
	at java.util.concurrent.Executors$RunnableAdapter.call(Executors.java:511)
	at java.util.concurrent.FutureTask.run(FutureTask.java:266)
	at java.util.concurrent.ThreadPoolExecutor.runWorker(ThreadPoolExecutor.java:1149)
	at java.util.concurrent.ThreadPoolExecutor$Worker.run(ThreadPoolExecutor.java:624)
	... 1 more
Caused by: org.apache.ratis.thirdparty.io.netty.channel.AbstractChannel$AnnotatedConnectException: Connection refused: /192.168.5.143:44817
	at sun.nio.ch.SocketChannelImpl.checkConnect(Native Method)
	at sun.nio.ch.SocketChannelImpl.finishConnect(SocketChannelImpl.java:717)
	at org.apache.ratis.thirdparty.io.netty.channel.socket.nio.NioSocketChannel.doFinishConnect(NioSocketChannel.java:327)
	at org.apache.ratis.thirdparty.io.netty.channel.nio.AbstractNioChannel$AbstractNioUnsafe.finishConnect(AbstractNioChannel.java:340)
	at org.apache.ratis.thirdparty.io.netty.channel.nio.NioEventLoop.processSelectedKey(NioEventLoop.java:632)
	at org.apache.ratis.thirdparty.io.netty.channel.nio.NioEventLoop.processSelectedKeysOptimized(NioEventLoop.java:579)
	at org.apache.ratis.thirdparty.io.netty.channel.nio.NioEventLoop.processSelectedKeys(NioEventLoop.java:496)
	at org.apache.ratis.thirdparty.io.netty.channel.nio.NioEventLoop.run(NioEventLoop.java:458)
	at org.apache.ratis.thirdparty.io.netty.util.concurrent.SingleThreadEventExecutor$5.run(SingleThreadEventExecutor.java:897)
	at org.apache.ratis.thirdparty.io.netty.util.concurrent.FastThreadLocalRunnable.run(FastThreadLocalRunnable.java:30)
	... 1 more
Caused by: java.net.ConnectException: Connection refused
	... 11 more
2019-10-10 12:40:46,609 [a5b85608-7f11-46ec-ae19-494ab54f3701@group-BAAFDA4BB310:LeaderElection259] INFO  impl.RoleInfo (RoleInfo.java:shutdownLeaderElection(134)) - a5b85608-7f11-46ec-ae19-494ab54f3701: shutdown LeaderElection
2019-10-10 12:40:46,609 [a5b85608-7f11-46ec-ae19-494ab54f3701@group-BAAFDA4BB310:LeaderElection259] INFO  impl.RaftServerImpl (RaftServerImpl.java:setRole(174)) - a5b85608-7f11-46ec-ae19-494ab54f3701@group-BAAFDA4BB310: changes role from CANDIDATE to LEADER at term 2 for changeToLeader
2019-10-10 12:40:46,609 [a5b85608-7f11-46ec-ae19-494ab54f3701@group-BAAFDA4BB310:LeaderElection259] INFO  impl.RaftServerImpl (ServerState.java:setLeader(253)) - a5b85608-7f11-46ec-ae19-494ab54f3701@group-BAAFDA4BB310: change Leader from null to a5b85608-7f11-46ec-ae19-494ab54f3701 at term 2 for becomeLeader, leader elected after 33ms
2019-10-10 12:40:46,609 [a5b85608-7f11-46ec-ae19-494ab54f3701@group-BAAFDA4BB310:LeaderElection259] INFO  server.RaftServerConfigKeys (ConfUtils.java:logGet(43)) - raft.server.staging.catchup.gap = 1000 (default)
2019-10-10 12:40:46,609 [a5b85608-7f11-46ec-ae19-494ab54f3701@group-BAAFDA4BB310:LeaderElection259] INFO  server.RaftServerConfigKeys (ConfUtils.java:logGet(43)) - raft.server.rpc.sleep.time = 25ms (default)
2019-10-10 12:40:46,609 [a5b85608-7f11-46ec-ae19-494ab54f3701@group-BAAFDA4BB310:LeaderElection259] INFO  server.RaftServerConfigKeys (ConfUtils.java:logGet(43)) - raft.server.write.element-limit = 4096 (default)
2019-10-10 12:40:46,609 [a5b85608-7f11-46ec-ae19-494ab54f3701@group-BAAFDA4BB310:LeaderElection259] INFO  server.RaftServerConfigKeys (ConfUtils.java:logGet(43)) - raft.server.watch.timeout = 10s (default)
2019-10-10 12:40:46,610 [a5b85608-7f11-46ec-ae19-494ab54f3701@group-BAAFDA4BB310:LeaderElection259] INFO  server.RaftServerConfigKeys (ConfUtils.java:logGet(43)) - raft.server.watch.timeout.denomination = 1s (default)
2019-10-10 12:40:46,610 [a5b85608-7f11-46ec-ae19-494ab54f3701@group-BAAFDA4BB310:LeaderElection259] INFO  server.RaftServerConfigKeys (ConfUtils.java:logGet(43)) - raft.server.watch.element-limit = 65536 (default)
2019-10-10 12:40:46,611 [a5b85608-7f11-46ec-ae19-494ab54f3701@group-BAAFDA4BB310:LeaderElection259] INFO  server.RaftServerConfigKeys (ConfUtils.java:logGet(43)) - raft.server.log.appender.snapshot.chunk.size.max = 16MB (=16777216) (default)
2019-10-10 12:40:46,612 [a5b85608-7f11-46ec-ae19-494ab54f3701@group-BAAFDA4BB310:LeaderElection259] INFO  server.RaftServerConfigKeys (ConfUtils.java:logGet(43)) - raft.server.log.appender.buffer.byte-limit = 33554432 (custom)
2019-10-10 12:40:46,612 [a5b85608-7f11-46ec-ae19-494ab54f3701@group-BAAFDA4BB310:LeaderElection259] INFO  server.RaftServerConfigKeys (ConfUtils.java:logGet(43)) - raft.server.log.appender.buffer.element-limit = 1 (custom)
2019-10-10 12:40:46,612 [a5b85608-7f11-46ec-ae19-494ab54f3701@group-BAAFDA4BB310:LeaderElection259] INFO  grpc.GrpcConfigKeys$Server (ConfUtils.java:logGet(43)) - raft.grpc.server.leader.outstanding.appends.max = 128 (default)
2019-10-10 12:40:46,612 [a5b85608-7f11-46ec-ae19-494ab54f3701@group-BAAFDA4BB310:LeaderElection259] INFO  server.RaftServerConfigKeys (ConfUtils.java:logGet(43)) - raft.server.rpc.request.timeout = 3000ms (default)
2019-10-10 12:40:46,612 [a5b85608-7f11-46ec-ae19-494ab54f3701@group-BAAFDA4BB310:LeaderElection259] INFO  server.RaftServerConfigKeys (ConfUtils.java:logGet(43)) - raft.server.log.appender.install.snapshot.enabled = false (custom)
2019-10-10 12:40:46,613 [a5b85608-7f11-46ec-ae19-494ab54f3701@group-BAAFDA4BB310:LeaderElection259] INFO  server.RaftServerConfigKeys (ConfUtils.java:logGet(43)) - raft.server.log.appender.snapshot.chunk.size.max = 16MB (=16777216) (default)
2019-10-10 12:40:46,613 [a5b85608-7f11-46ec-ae19-494ab54f3701@group-BAAFDA4BB310:LeaderElection259] INFO  server.RaftServerConfigKeys (ConfUtils.java:logGet(43)) - raft.server.log.appender.buffer.byte-limit = 33554432 (custom)
2019-10-10 12:40:46,613 [a5b85608-7f11-46ec-ae19-494ab54f3701@group-BAAFDA4BB310:LeaderElection259] INFO  server.RaftServerConfigKeys (ConfUtils.java:logGet(43)) - raft.server.log.appender.buffer.element-limit = 1 (custom)
2019-10-10 12:40:46,613 [a5b85608-7f11-46ec-ae19-494ab54f3701@group-BAAFDA4BB310:LeaderElection259] INFO  grpc.GrpcConfigKeys$Server (ConfUtils.java:logGet(43)) - raft.grpc.server.leader.outstanding.appends.max = 128 (default)
2019-10-10 12:40:46,613 [a5b85608-7f11-46ec-ae19-494ab54f3701@group-BAAFDA4BB310:LeaderElection259] INFO  server.RaftServerConfigKeys (ConfUtils.java:logGet(43)) - raft.server.rpc.request.timeout = 3000ms (default)
2019-10-10 12:40:46,613 [a5b85608-7f11-46ec-ae19-494ab54f3701@group-BAAFDA4BB310:LeaderElection259] INFO  server.RaftServerConfigKeys (ConfUtils.java:logGet(43)) - raft.server.log.appender.install.snapshot.enabled = false (custom)
2019-10-10 12:40:46,613 [a5b85608-7f11-46ec-ae19-494ab54f3701@group-BAAFDA4BB310:LeaderElection259] INFO  impl.RoleInfo (RoleInfo.java:updateAndGet(143)) - a5b85608-7f11-46ec-ae19-494ab54f3701: start LeaderState
2019-10-10 12:40:46,614 [a5b85608-7f11-46ec-ae19-494ab54f3701@group-BAAFDA4BB310:LeaderElection259] INFO  segmented.SegmentedRaftLogWorker (SegmentedRaftLogWorker.java:rollLogSegment(385)) - a5b85608-7f11-46ec-ae19-494ab54f3701@group-BAAFDA4BB310-SegmentedRaftLogWorker: Rolling segment log-0_0 to index:0
2019-10-10 12:40:46,614 [a5b85608-7f11-46ec-ae19-494ab54f3701@group-BAAFDA4BB310-SegmentedRaftLogWorker] INFO  segmented.SegmentedRaftLogWorker (SegmentedRaftLogWorker.java:execute(526)) - a5b85608-7f11-46ec-ae19-494ab54f3701@group-BAAFDA4BB310-SegmentedRaftLogWorker: Rolled log segment from /workdir/hadoop-ozone/integration-test/target/test-dir/MiniOzoneClusterImpl-8284007a-d704-4ed0-a0ee-bee753f20599/datanode-1/data/ratis/96b7d770-eacc-4f9e-a210-baafda4bb310/current/log_inprogress_0 to /workdir/hadoop-ozone/integration-test/target/test-dir/MiniOzoneClusterImpl-8284007a-d704-4ed0-a0ee-bee753f20599/datanode-1/data/ratis/96b7d770-eacc-4f9e-a210-baafda4bb310/current/log_0-0
2019-10-10 12:40:46,614 [a5b85608-7f11-46ec-ae19-494ab54f3701@group-BAAFDA4BB310:LeaderElection259] INFO  impl.RaftServerImpl (ServerState.java:setRaftConf(354)) - a5b85608-7f11-46ec-ae19-494ab54f3701@group-BAAFDA4BB310: set configuration 1: [6f85b482-1ee3-41f8-b799-7ee315fa3ee8:192.168.5.143:44817, 2977129d-288a-401c-9baf-20955028e955:192.168.5.143:38849, a5b85608-7f11-46ec-ae19-494ab54f3701:192.168.5.143:39887], old=null at 1
2019-10-10 12:40:46,615 [grpc-default-executor-47] WARN  server.GrpcLogAppender (LogUtils.java:warn(134)) - a5b85608-7f11-46ec-ae19-494ab54f3701@group-BAAFDA4BB310->6f85b482-1ee3-41f8-b799-7ee315fa3ee8-AppendLogResponseHandler: Failed appendEntries: org.apache.ratis.thirdparty.io.grpc.StatusRuntimeException: UNAVAILABLE: io exception
2019-10-10 12:40:46,615 [grpc-default-executor-47] INFO  impl.FollowerInfo (FollowerInfo.java:lambda$new$0(51)) - a5b85608-7f11-46ec-ae19-494ab54f3701@group-BAAFDA4BB310->6f85b482-1ee3-41f8-b799-7ee315fa3ee8: nextIndex: updateUnconditionally 1 -> 0
2019-10-10 12:40:46,615 [grpc-default-executor-34] INFO  impl.RaftServerImpl (ServerState.java:setLeader(253)) - 2977129d-288a-401c-9baf-20955028e955@group-BAAFDA4BB310: change Leader from null to a5b85608-7f11-46ec-ae19-494ab54f3701 at term 2 for appendEntries, leader elected after 20ms
2019-10-10 12:40:46,616 [grpc-default-executor-34] INFO  impl.RaftServerImpl (ServerState.java:setRaftConf(354)) - 2977129d-288a-401c-9baf-20955028e955@group-BAAFDA4BB310: set configuration 1: [6f85b482-1ee3-41f8-b799-7ee315fa3ee8:192.168.5.143:44817, 2977129d-288a-401c-9baf-20955028e955:192.168.5.143:38849, a5b85608-7f11-46ec-ae19-494ab54f3701:192.168.5.143:39887], old=null at 1
2019-10-10 12:40:46,617 [grpc-default-executor-34] INFO  segmented.SegmentedRaftLogWorker (SegmentedRaftLogWorker.java:rollLogSegment(385)) - 2977129d-288a-401c-9baf-20955028e955@group-BAAFDA4BB310-SegmentedRaftLogWorker: Rolling segment log-0_0 to index:0
2019-10-10 12:40:46,617 [2977129d-288a-401c-9baf-20955028e955@group-BAAFDA4BB310-SegmentedRaftLogWorker] INFO  segmented.SegmentedRaftLogWorker (SegmentedRaftLogWorker.java:execute(526)) - 2977129d-288a-401c-9baf-20955028e955@group-BAAFDA4BB310-SegmentedRaftLogWorker: Rolled log segment from /workdir/hadoop-ozone/integration-test/target/test-dir/MiniOzoneClusterImpl-8284007a-d704-4ed0-a0ee-bee753f20599/datanode-0/data/ratis/96b7d770-eacc-4f9e-a210-baafda4bb310/current/log_inprogress_0 to /workdir/hadoop-ozone/integration-test/target/test-dir/MiniOzoneClusterImpl-8284007a-d704-4ed0-a0ee-bee753f20599/datanode-0/data/ratis/96b7d770-eacc-4f9e-a210-baafda4bb310/current/log_0-0
2019-10-10 12:40:46,664 [a5b85608-7f11-46ec-ae19-494ab54f3701@group-BAAFDA4BB310-SegmentedRaftLogWorker] INFO  segmented.SegmentedRaftLogWorker (SegmentedRaftLogWorker.java:execute(569)) - a5b85608-7f11-46ec-ae19-494ab54f3701@group-BAAFDA4BB310-SegmentedRaftLogWorker: created new log segment /workdir/hadoop-ozone/integration-test/target/test-dir/MiniOzoneClusterImpl-8284007a-d704-4ed0-a0ee-bee753f20599/datanode-1/data/ratis/96b7d770-eacc-4f9e-a210-baafda4bb310/current/log_inprogress_1
2019-10-10 12:40:46,664 [2977129d-288a-401c-9baf-20955028e955@group-BAAFDA4BB310-SegmentedRaftLogWorker] INFO  segmented.SegmentedRaftLogWorker (SegmentedRaftLogWorker.java:execute(569)) - 2977129d-288a-401c-9baf-20955028e955@group-BAAFDA4BB310-SegmentedRaftLogWorker: created new log segment /workdir/hadoop-ozone/integration-test/target/test-dir/MiniOzoneClusterImpl-8284007a-d704-4ed0-a0ee-bee753f20599/datanode-0/data/ratis/96b7d770-eacc-4f9e-a210-baafda4bb310/current/log_inprogress_1
2019-10-10 12:40:46,679 [grpc-default-executor-52] WARN  server.GrpcLogAppender (LogUtils.java:warn(134)) - a5b85608-7f11-46ec-ae19-494ab54f3701@group-BAAFDA4BB310->6f85b482-1ee3-41f8-b799-7ee315fa3ee8-AppendLogResponseHandler: Failed appendEntries: org.apache.ratis.thirdparty.io.grpc.StatusRuntimeException: UNAVAILABLE: io exception
2019-10-10 12:40:46,679 [grpc-default-executor-52] INFO  impl.FollowerInfo (FollowerInfo.java:lambda$new$0(51)) - a5b85608-7f11-46ec-ae19-494ab54f3701@group-BAAFDA4BB310->6f85b482-1ee3-41f8-b799-7ee315fa3ee8: nextIndex: updateUnconditionally 1 -> 0
2019-10-10 12:40:46,692 [grpc-default-executor-52] WARN  server.GrpcLogAppender (LogUtils.java:warn(134)) - a5b85608-7f11-46ec-ae19-494ab54f3701@group-BAAFDA4BB310->6f85b482-1ee3-41f8-b799-7ee315fa3ee8-AppendLogResponseHandler: Failed appendEntries: org.apache.ratis.thirdparty.io.grpc.StatusRuntimeException: UNAVAILABLE: io exception
2019-10-10 12:40:46,693 [grpc-default-executor-52] INFO  impl.FollowerInfo (FollowerInfo.java:lambda$new$0(51)) - a5b85608-7f11-46ec-ae19-494ab54f3701@group-BAAFDA4BB310->6f85b482-1ee3-41f8-b799-7ee315fa3ee8: nextIndex: updateUnconditionally 1 -> 0
2019-10-10 12:40:46,744 [Thread-6796] INFO  impl.FollowerState (FollowerState.java:run(106)) - 31dbcda4-c74c-4dfb-b27d-abb192246f85:group-4091CFA4C27B changes to CANDIDATE, lastRpcTime:5269, electionTimeout:5180ms
2019-10-10 12:40:46,744 [Thread-6796] INFO  impl.RoleInfo (RoleInfo.java:shutdownFollowerState(121)) - 31dbcda4-c74c-4dfb-b27d-abb192246f85: shutdown FollowerState
2019-10-10 12:40:46,744 [Thread-6796] INFO  impl.RaftServerImpl (RaftServerImpl.java:setRole(174)) - 31dbcda4-c74c-4dfb-b27d-abb192246f85@group-4091CFA4C27B: changes role from  FOLLOWER to CANDIDATE at term 1 for changeToCandidate
2019-10-10 12:40:46,744 [Thread-6796] INFO  impl.RoleInfo (RoleInfo.java:updateAndGet(143)) - 31dbcda4-c74c-4dfb-b27d-abb192246f85: start LeaderElection
2019-10-10 12:40:46,745 [31dbcda4-c74c-4dfb-b27d-abb192246f85@group-4091CFA4C27B:LeaderElection260] INFO  impl.RaftServerImpl (ServerState.java:setLeader(253)) - 31dbcda4-c74c-4dfb-b27d-abb192246f85@group-4091CFA4C27B: change Leader from 6f85b482-1ee3-41f8-b799-7ee315fa3ee8 to null at term 1 for initElection
2019-10-10 12:40:46,757 [31dbcda4-c74c-4dfb-b27d-abb192246f85@group-4091CFA4C27B:LeaderElection260] INFO  impl.LeaderElection (LeaderElection.java:askForVotes(182)) - 31dbcda4-c74c-4dfb-b27d-abb192246f85@group-4091CFA4C27B:LeaderElection260: begin an election at term 2 for 0: [6f85b482-1ee3-41f8-b799-7ee315fa3ee8:192.168.5.143:44817, a5b85608-7f11-46ec-ae19-494ab54f3701:192.168.5.143:39887, 31dbcda4-c74c-4dfb-b27d-abb192246f85:192.168.5.143:46534], old=null
2019-10-10 12:40:46,759 [grpc-default-executor-52] INFO  impl.RaftServerImpl (ServerState.java:setLeader(253)) - a5b85608-7f11-46ec-ae19-494ab54f3701@group-4091CFA4C27B: change Leader from 6f85b482-1ee3-41f8-b799-7ee315fa3ee8 to null at term 2 for updateCurrentTerm
2019-10-10 12:40:46,759 [grpc-default-executor-52] INFO  impl.RaftServerImpl (RaftServerImpl.java:setRole(174)) - a5b85608-7f11-46ec-ae19-494ab54f3701@group-4091CFA4C27B: changes role from  FOLLOWER to FOLLOWER at term 2 for recognizeCandidate:31dbcda4-c74c-4dfb-b27d-abb192246f85
2019-10-10 12:40:46,759 [grpc-default-executor-52] INFO  impl.RoleInfo (RoleInfo.java:shutdownFollowerState(121)) - a5b85608-7f11-46ec-ae19-494ab54f3701: shutdown FollowerState
2019-10-10 12:40:46,759 [31dbcda4-c74c-4dfb-b27d-abb192246f85@group-4091CFA4C27B:LeaderElection260] INFO  impl.LeaderElection (LogUtils.java:infoOrTrace(149)) - 31dbcda4-c74c-4dfb-b27d-abb192246f85@group-4091CFA4C27B:LeaderElection260 got exception when requesting votes: {}
java.util.concurrent.ExecutionException: org.apache.ratis.thirdparty.io.grpc.StatusRuntimeException: UNAVAILABLE: io exception
	at java.util.concurrent.FutureTask.report(FutureTask.java:122)
	at java.util.concurrent.FutureTask.get(FutureTask.java:192)
	at org.apache.ratis.server.impl.LeaderElection.waitForResults(LeaderElection.java:263)
	at org.apache.ratis.server.impl.LeaderElection.askForVotes(LeaderElection.java:201)
	at org.apache.ratis.server.impl.LeaderElection.run(LeaderElection.java:133)
	at java.lang.Thread.run(Thread.java:748)
Caused by: org.apache.ratis.thirdparty.io.grpc.StatusRuntimeException: UNAVAILABLE: io exception
	at org.apache.ratis.thirdparty.io.grpc.stub.ClientCalls.toStatusRuntimeException(ClientCalls.java:233)
	at org.apache.ratis.thirdparty.io.grpc.stub.ClientCalls.getUnchecked(ClientCalls.java:214)
	at org.apache.ratis.thirdparty.io.grpc.stub.ClientCalls.blockingUnaryCall(ClientCalls.java:139)
	at org.apache.ratis.proto.grpc.RaftServerProtocolServiceGrpc$RaftServerProtocolServiceBlockingStub.requestVote(RaftServerProtocolServiceGrpc.java:265)
	at org.apache.ratis.grpc.server.GrpcServerProtocolClient.requestVote(GrpcServerProtocolClient.java:90)
	at org.apache.ratis.grpc.server.GrpcService.requestVote(GrpcService.java:204)
	at org.apache.ratis.server.impl.LeaderElection.lambda$submitRequests$1(LeaderElection.java:238)
	at java.util.concurrent.FutureTask.run(FutureTask.java:266)
	at java.util.concurrent.Executors$RunnableAdapter.call(Executors.java:511)
	at java.util.concurrent.FutureTask.run(FutureTask.java:266)
	at java.util.concurrent.ThreadPoolExecutor.runWorker(ThreadPoolExecutor.java:1149)
	at java.util.concurrent.ThreadPoolExecutor$Worker.run(ThreadPoolExecutor.java:624)
	... 1 more
Caused by: org.apache.ratis.thirdparty.io.netty.channel.AbstractChannel$AnnotatedConnectException: Connection refused: /192.168.5.143:44817
	at sun.nio.ch.SocketChannelImpl.checkConnect(Native Method)
	at sun.nio.ch.SocketChannelImpl.finishConnect(SocketChannelImpl.java:717)
	at org.apache.ratis.thirdparty.io.netty.channel.socket.nio.NioSocketChannel.doFinishConnect(NioSocketChannel.java:327)
	at org.apache.ratis.thirdparty.io.netty.channel.nio.AbstractNioChannel$AbstractNioUnsafe.finishConnect(AbstractNioChannel.java:340)
	at org.apache.ratis.thirdparty.io.netty.channel.nio.NioEventLoop.processSelectedKey(NioEventLoop.java:632)
	at org.apache.ratis.thirdparty.io.netty.channel.nio.NioEventLoop.processSelectedKeysOptimized(NioEventLoop.java:579)
	at org.apache.ratis.thirdparty.io.netty.channel.nio.NioEventLoop.processSelectedKeys(NioEventLoop.java:496)
	at org.apache.ratis.thirdparty.io.netty.channel.nio.NioEventLoop.run(NioEventLoop.java:458)
	at org.apache.ratis.thirdparty.io.netty.util.concurrent.SingleThreadEventExecutor$5.run(SingleThreadEventExecutor.java:897)
	at org.apache.ratis.thirdparty.io.netty.util.concurrent.FastThreadLocalRunnable.run(FastThreadLocalRunnable.java:30)
	... 1 more
Caused by: java.net.ConnectException: Connection refused
	... 11 more
2019-10-10 12:40:46,759 [Thread-6795] INFO  impl.FollowerState (FollowerState.java:run(115)) - a5b85608-7f11-46ec-ae19-494ab54f3701: FollowerState was interrupted: java.lang.InterruptedException: sleep interrupted
2019-10-10 12:40:46,759 [grpc-default-executor-52] INFO  impl.RoleInfo (RoleInfo.java:updateAndGet(143)) - a5b85608-7f11-46ec-ae19-494ab54f3701: start FollowerState
2019-10-10 12:40:46,775 [31dbcda4-c74c-4dfb-b27d-abb192246f85@group-4091CFA4C27B:LeaderElection260] INFO  impl.LeaderElection (LeaderElection.java:logAndReturn(56)) - 31dbcda4-c74c-4dfb-b27d-abb192246f85@group-4091CFA4C27B:LeaderElection260: Election PASSED; received 1 response(s) [31dbcda4-c74c-4dfb-b27d-abb192246f85<-a5b85608-7f11-46ec-ae19-494ab54f3701#0:OK-t2] and 1 exception(s); 31dbcda4-c74c-4dfb-b27d-abb192246f85@group-4091CFA4C27B:t2, leader=null, voted=31dbcda4-c74c-4dfb-b27d-abb192246f85, raftlog=31dbcda4-c74c-4dfb-b27d-abb192246f85@group-4091CFA4C27B-SegmentedRaftLog:OPENED:c0,f0,i0, conf=0: [6f85b482-1ee3-41f8-b799-7ee315fa3ee8:192.168.5.143:44817, a5b85608-7f11-46ec-ae19-494ab54f3701:192.168.5.143:39887, 31dbcda4-c74c-4dfb-b27d-abb192246f85:192.168.5.143:46534], old=null
2019-10-10 12:40:46,775 [31dbcda4-c74c-4dfb-b27d-abb192246f85@group-4091CFA4C27B:LeaderElection260] INFO  impl.LeaderElection (LogUtils.java:infoOrTrace(149)) -   Exception 0: {}
java.util.concurrent.ExecutionException: org.apache.ratis.thirdparty.io.grpc.StatusRuntimeException: UNAVAILABLE: io exception
	at java.util.concurrent.FutureTask.report(FutureTask.java:122)
	at java.util.concurrent.FutureTask.get(FutureTask.java:192)
	at org.apache.ratis.server.impl.LeaderElection.waitForResults(LeaderElection.java:263)
	at org.apache.ratis.server.impl.LeaderElection.askForVotes(LeaderElection.java:201)
	at org.apache.ratis.server.impl.LeaderElection.run(LeaderElection.java:133)
	at java.lang.Thread.run(Thread.java:748)
Caused by: org.apache.ratis.thirdparty.io.grpc.StatusRuntimeException: UNAVAILABLE: io exception
	at org.apache.ratis.thirdparty.io.grpc.stub.ClientCalls.toStatusRuntimeException(ClientCalls.java:233)
	at org.apache.ratis.thirdparty.io.grpc.stub.ClientCalls.getUnchecked(ClientCalls.java:214)
	at org.apache.ratis.thirdparty.io.grpc.stub.ClientCalls.blockingUnaryCall(ClientCalls.java:139)
	at org.apache.ratis.proto.grpc.RaftServerProtocolServiceGrpc$RaftServerProtocolServiceBlockingStub.requestVote(RaftServerProtocolServiceGrpc.java:265)
	at org.apache.ratis.grpc.server.GrpcServerProtocolClient.requestVote(GrpcServerProtocolClient.java:90)
	at org.apache.ratis.grpc.server.GrpcService.requestVote(GrpcService.java:204)
	at org.apache.ratis.server.impl.LeaderElection.lambda$submitRequests$1(LeaderElection.java:238)
	at java.util.concurrent.FutureTask.run(FutureTask.java:266)
	at java.util.concurrent.Executors$RunnableAdapter.call(Executors.java:511)
	at java.util.concurrent.FutureTask.run(FutureTask.java:266)
	at java.util.concurrent.ThreadPoolExecutor.runWorker(ThreadPoolExecutor.java:1149)
	at java.util.concurrent.ThreadPoolExecutor$Worker.run(ThreadPoolExecutor.java:624)
	... 1 more
Caused by: org.apache.ratis.thirdparty.io.netty.channel.AbstractChannel$AnnotatedConnectException: Connection refused: /192.168.5.143:44817
	at sun.nio.ch.SocketChannelImpl.checkConnect(Native Method)
	at sun.nio.ch.SocketChannelImpl.finishConnect(SocketChannelImpl.java:717)
	at org.apache.ratis.thirdparty.io.netty.channel.socket.nio.NioSocketChannel.doFinishConnect(NioSocketChannel.java:327)
	at org.apache.ratis.thirdparty.io.netty.channel.nio.AbstractNioChannel$AbstractNioUnsafe.finishConnect(AbstractNioChannel.java:340)
	at org.apache.ratis.thirdparty.io.netty.channel.nio.NioEventLoop.processSelectedKey(NioEventLoop.java:632)
	at org.apache.ratis.thirdparty.io.netty.channel.nio.NioEventLoop.processSelectedKeysOptimized(NioEventLoop.java:579)
	at org.apache.ratis.thirdparty.io.netty.channel.nio.NioEventLoop.processSelectedKeys(NioEventLoop.java:496)
	at org.apache.ratis.thirdparty.io.netty.channel.nio.NioEventLoop.run(NioEventLoop.java:458)
	at org.apache.ratis.thirdparty.io.netty.util.concurrent.SingleThreadEventExecutor$5.run(SingleThreadEventExecutor.java:897)
	at org.apache.ratis.thirdparty.io.netty.util.concurrent.FastThreadLocalRunnable.run(FastThreadLocalRunnable.java:30)
	... 1 more
Caused by: java.net.ConnectException: Connection refused
	... 11 more
2019-10-10 12:40:46,775 [31dbcda4-c74c-4dfb-b27d-abb192246f85@group-4091CFA4C27B:LeaderElection260] INFO  impl.RoleInfo (RoleInfo.java:shutdownLeaderElection(134)) - 31dbcda4-c74c-4dfb-b27d-abb192246f85: shutdown LeaderElection
2019-10-10 12:40:46,775 [31dbcda4-c74c-4dfb-b27d-abb192246f85@group-4091CFA4C27B:LeaderElection260] INFO  impl.RaftServerImpl (RaftServerImpl.java:setRole(174)) - 31dbcda4-c74c-4dfb-b27d-abb192246f85@group-4091CFA4C27B: changes role from CANDIDATE to LEADER at term 2 for changeToLeader
2019-10-10 12:40:46,775 [31dbcda4-c74c-4dfb-b27d-abb192246f85@group-4091CFA4C27B:LeaderElection260] INFO  impl.RaftServerImpl (ServerState.java:setLeader(253)) - 31dbcda4-c74c-4dfb-b27d-abb192246f85@group-4091CFA4C27B: change Leader from null to 31dbcda4-c74c-4dfb-b27d-abb192246f85 at term 2 for becomeLeader, leader elected after 30ms
2019-10-10 12:40:46,776 [31dbcda4-c74c-4dfb-b27d-abb192246f85@group-4091CFA4C27B:LeaderElection260] INFO  server.RaftServerConfigKeys (ConfUtils.java:logGet(43)) - raft.server.staging.catchup.gap = 1000 (default)
2019-10-10 12:40:46,776 [31dbcda4-c74c-4dfb-b27d-abb192246f85@group-4091CFA4C27B:LeaderElection260] INFO  server.RaftServerConfigKeys (ConfUtils.java:logGet(43)) - raft.server.rpc.sleep.time = 25ms (default)
2019-10-10 12:40:46,776 [31dbcda4-c74c-4dfb-b27d-abb192246f85@group-4091CFA4C27B:LeaderElection260] INFO  server.RaftServerConfigKeys (ConfUtils.java:logGet(43)) - raft.server.write.element-limit = 4096 (default)
2019-10-10 12:40:46,776 [31dbcda4-c74c-4dfb-b27d-abb192246f85@group-4091CFA4C27B:LeaderElection260] INFO  server.RaftServerConfigKeys (ConfUtils.java:logGet(43)) - raft.server.watch.timeout = 10s (default)
2019-10-10 12:40:46,776 [31dbcda4-c74c-4dfb-b27d-abb192246f85@group-4091CFA4C27B:LeaderElection260] INFO  server.RaftServerConfigKeys (ConfUtils.java:logGet(43)) - raft.server.watch.timeout.denomination = 1s (default)
2019-10-10 12:40:46,776 [31dbcda4-c74c-4dfb-b27d-abb192246f85@group-4091CFA4C27B:LeaderElection260] INFO  server.RaftServerConfigKeys (ConfUtils.java:logGet(43)) - raft.server.watch.element-limit = 65536 (default)
2019-10-10 12:40:46,778 [Thread-6824] INFO  impl.FollowerState (FollowerState.java:run(106)) - a5b85608-7f11-46ec-ae19-494ab54f3701:group-DF245211571A changes to CANDIDATE, lastRpcTime:5076, electionTimeout:5066ms
2019-10-10 12:40:46,778 [31dbcda4-c74c-4dfb-b27d-abb192246f85@group-4091CFA4C27B:LeaderElection260] INFO  server.RaftServerConfigKeys (ConfUtils.java:logGet(43)) - raft.server.log.appender.snapshot.chunk.size.max = 16MB (=16777216) (default)
2019-10-10 12:40:46,778 [Thread-6824] INFO  impl.RoleInfo (RoleInfo.java:shutdownFollowerState(121)) - a5b85608-7f11-46ec-ae19-494ab54f3701: shutdown FollowerState
2019-10-10 12:40:46,778 [31dbcda4-c74c-4dfb-b27d-abb192246f85@group-4091CFA4C27B:LeaderElection260] INFO  server.RaftServerConfigKeys (ConfUtils.java:logGet(43)) - raft.server.log.appender.buffer.byte-limit = 33554432 (custom)
2019-10-10 12:40:46,778 [Thread-6824] INFO  impl.RaftServerImpl (RaftServerImpl.java:setRole(174)) - a5b85608-7f11-46ec-ae19-494ab54f3701@group-DF245211571A: changes role from  FOLLOWER to CANDIDATE at term 1 for changeToCandidate
2019-10-10 12:40:46,778 [31dbcda4-c74c-4dfb-b27d-abb192246f85@group-4091CFA4C27B:LeaderElection260] INFO  server.RaftServerConfigKeys (ConfUtils.java:logGet(43)) - raft.server.log.appender.buffer.element-limit = 1 (custom)
2019-10-10 12:40:46,778 [Thread-6824] INFO  impl.RoleInfo (RoleInfo.java:updateAndGet(143)) - a5b85608-7f11-46ec-ae19-494ab54f3701: start LeaderElection
2019-10-10 12:40:46,778 [31dbcda4-c74c-4dfb-b27d-abb192246f85@group-4091CFA4C27B:LeaderElection260] INFO  grpc.GrpcConfigKeys$Server (ConfUtils.java:logGet(43)) - raft.grpc.server.leader.outstanding.appends.max = 128 (default)
2019-10-10 12:40:46,779 [31dbcda4-c74c-4dfb-b27d-abb192246f85@group-4091CFA4C27B:LeaderElection260] INFO  server.RaftServerConfigKeys (ConfUtils.java:logGet(43)) - raft.server.rpc.request.timeout = 3000ms (default)
2019-10-10 12:40:46,779 [a5b85608-7f11-46ec-ae19-494ab54f3701@group-DF245211571A:LeaderElection261] INFO  impl.RaftServerImpl (ServerState.java:setLeader(253)) - a5b85608-7f11-46ec-ae19-494ab54f3701@group-DF245211571A: change Leader from 6f85b482-1ee3-41f8-b799-7ee315fa3ee8 to null at term 1 for initElection
2019-10-10 12:40:46,779 [31dbcda4-c74c-4dfb-b27d-abb192246f85@group-4091CFA4C27B:LeaderElection260] INFO  server.RaftServerConfigKeys (ConfUtils.java:logGet(43)) - raft.server.log.appender.install.snapshot.enabled = false (custom)
2019-10-10 12:40:46,779 [31dbcda4-c74c-4dfb-b27d-abb192246f85@group-4091CFA4C27B:LeaderElection260] INFO  server.RaftServerConfigKeys (ConfUtils.java:logGet(43)) - raft.server.log.appender.snapshot.chunk.size.max = 16MB (=16777216) (default)
2019-10-10 12:40:46,779 [31dbcda4-c74c-4dfb-b27d-abb192246f85@group-4091CFA4C27B:LeaderElection260] INFO  server.RaftServerConfigKeys (ConfUtils.java:logGet(43)) - raft.server.log.appender.buffer.byte-limit = 33554432 (custom)
2019-10-10 12:40:46,779 [31dbcda4-c74c-4dfb-b27d-abb192246f85@group-4091CFA4C27B:LeaderElection260] INFO  server.RaftServerConfigKeys (ConfUtils.java:logGet(43)) - raft.server.log.appender.buffer.element-limit = 1 (custom)
2019-10-10 12:40:46,779 [31dbcda4-c74c-4dfb-b27d-abb192246f85@group-4091CFA4C27B:LeaderElection260] INFO  grpc.GrpcConfigKeys$Server (ConfUtils.java:logGet(43)) - raft.grpc.server.leader.outstanding.appends.max = 128 (default)
2019-10-10 12:40:46,780 [31dbcda4-c74c-4dfb-b27d-abb192246f85@group-4091CFA4C27B:LeaderElection260] INFO  server.RaftServerConfigKeys (ConfUtils.java:logGet(43)) - raft.server.rpc.request.timeout = 3000ms (default)
2019-10-10 12:40:46,780 [31dbcda4-c74c-4dfb-b27d-abb192246f85@group-4091CFA4C27B:LeaderElection260] INFO  server.RaftServerConfigKeys (ConfUtils.java:logGet(43)) - raft.server.log.appender.install.snapshot.enabled = false (custom)
2019-10-10 12:40:46,780 [31dbcda4-c74c-4dfb-b27d-abb192246f85@group-4091CFA4C27B:LeaderElection260] INFO  impl.RoleInfo (RoleInfo.java:updateAndGet(143)) - 31dbcda4-c74c-4dfb-b27d-abb192246f85: start LeaderState
2019-10-10 12:40:46,780 [31dbcda4-c74c-4dfb-b27d-abb192246f85@group-4091CFA4C27B:LeaderElection260] INFO  segmented.SegmentedRaftLogWorker (SegmentedRaftLogWorker.java:rollLogSegment(385)) - 31dbcda4-c74c-4dfb-b27d-abb192246f85@group-4091CFA4C27B-SegmentedRaftLogWorker: Rolling segment log-0_0 to index:0
2019-10-10 12:40:46,781 [31dbcda4-c74c-4dfb-b27d-abb192246f85@group-4091CFA4C27B-SegmentedRaftLogWorker] INFO  segmented.SegmentedRaftLogWorker (SegmentedRaftLogWorker.java:execute(526)) - 31dbcda4-c74c-4dfb-b27d-abb192246f85@group-4091CFA4C27B-SegmentedRaftLogWorker: Rolled log segment from /workdir/hadoop-ozone/integration-test/target/test-dir/MiniOzoneClusterImpl-8284007a-d704-4ed0-a0ee-bee753f20599/datanode-4/data/ratis/33891784-f9ab-4bdf-9ec3-4091cfa4c27b/current/log_inprogress_0 to /workdir/hadoop-ozone/integration-test/target/test-dir/MiniOzoneClusterImpl-8284007a-d704-4ed0-a0ee-bee753f20599/datanode-4/data/ratis/33891784-f9ab-4bdf-9ec3-4091cfa4c27b/current/log_0-0
2019-10-10 12:40:46,781 [31dbcda4-c74c-4dfb-b27d-abb192246f85@group-4091CFA4C27B:LeaderElection260] INFO  impl.RaftServerImpl (ServerState.java:setRaftConf(354)) - 31dbcda4-c74c-4dfb-b27d-abb192246f85@group-4091CFA4C27B: set configuration 1: [6f85b482-1ee3-41f8-b799-7ee315fa3ee8:192.168.5.143:44817, a5b85608-7f11-46ec-ae19-494ab54f3701:192.168.5.143:39887, 31dbcda4-c74c-4dfb-b27d-abb192246f85:192.168.5.143:46534], old=null at 1
2019-10-10 12:40:46,781 [grpc-default-executor-52] WARN  server.GrpcLogAppender (LogUtils.java:warn(134)) - 31dbcda4-c74c-4dfb-b27d-abb192246f85@group-4091CFA4C27B->6f85b482-1ee3-41f8-b799-7ee315fa3ee8-AppendLogResponseHandler: Failed appendEntries: org.apache.ratis.thirdparty.io.grpc.StatusRuntimeException: UNAVAILABLE: io exception
2019-10-10 12:40:46,781 [grpc-default-executor-52] INFO  impl.FollowerInfo (FollowerInfo.java:lambda$new$0(51)) - 31dbcda4-c74c-4dfb-b27d-abb192246f85@group-4091CFA4C27B->6f85b482-1ee3-41f8-b799-7ee315fa3ee8: nextIndex: updateUnconditionally 1 -> 0
2019-10-10 12:40:46,781 [grpc-default-executor-52] INFO  impl.RaftServerImpl (ServerState.java:setLeader(253)) - a5b85608-7f11-46ec-ae19-494ab54f3701@group-4091CFA4C27B: change Leader from null to 31dbcda4-c74c-4dfb-b27d-abb192246f85 at term 2 for appendEntries, leader elected after 22ms
2019-10-10 12:40:46,783 [grpc-default-executor-52] INFO  impl.RaftServerImpl (ServerState.java:setRaftConf(354)) - a5b85608-7f11-46ec-ae19-494ab54f3701@group-4091CFA4C27B: set configuration 1: [6f85b482-1ee3-41f8-b799-7ee315fa3ee8:192.168.5.143:44817, a5b85608-7f11-46ec-ae19-494ab54f3701:192.168.5.143:39887, 31dbcda4-c74c-4dfb-b27d-abb192246f85:192.168.5.143:46534], old=null at 1
2019-10-10 12:40:46,783 [grpc-default-executor-52] INFO  segmented.SegmentedRaftLogWorker (SegmentedRaftLogWorker.java:rollLogSegment(385)) - a5b85608-7f11-46ec-ae19-494ab54f3701@group-4091CFA4C27B-SegmentedRaftLogWorker: Rolling segment log-0_0 to index:0
2019-10-10 12:40:46,785 [a5b85608-7f11-46ec-ae19-494ab54f3701@group-4091CFA4C27B-SegmentedRaftLogWorker] INFO  segmented.SegmentedRaftLogWorker (SegmentedRaftLogWorker.java:execute(526)) - a5b85608-7f11-46ec-ae19-494ab54f3701@group-4091CFA4C27B-SegmentedRaftLogWorker: Rolled log segment from /workdir/hadoop-ozone/integration-test/target/test-dir/MiniOzoneClusterImpl-8284007a-d704-4ed0-a0ee-bee753f20599/datanode-1/data/ratis/33891784-f9ab-4bdf-9ec3-4091cfa4c27b/current/log_inprogress_0 to /workdir/hadoop-ozone/integration-test/target/test-dir/MiniOzoneClusterImpl-8284007a-d704-4ed0-a0ee-bee753f20599/datanode-1/data/ratis/33891784-f9ab-4bdf-9ec3-4091cfa4c27b/current/log_0-0
2019-10-10 12:40:46,785 [a5b85608-7f11-46ec-ae19-494ab54f3701@group-DF245211571A:LeaderElection261] INFO  impl.LeaderElection (LeaderElection.java:askForVotes(182)) - a5b85608-7f11-46ec-ae19-494ab54f3701@group-DF245211571A:LeaderElection261: begin an election at term 2 for 0: [6f85b482-1ee3-41f8-b799-7ee315fa3ee8:192.168.5.143:44817, a5b85608-7f11-46ec-ae19-494ab54f3701:192.168.5.143:39887, 31dbcda4-c74c-4dfb-b27d-abb192246f85:192.168.5.143:46534], old=null
2019-10-10 12:40:46,787 [grpc-default-executor-52] INFO  impl.RaftServerImpl (ServerState.java:setLeader(253)) - 31dbcda4-c74c-4dfb-b27d-abb192246f85@group-DF245211571A: change Leader from 6f85b482-1ee3-41f8-b799-7ee315fa3ee8 to null at term 2 for updateCurrentTerm
2019-10-10 12:40:46,787 [grpc-default-executor-52] INFO  impl.RaftServerImpl (RaftServerImpl.java:setRole(174)) - 31dbcda4-c74c-4dfb-b27d-abb192246f85@group-DF245211571A: changes role from  FOLLOWER to FOLLOWER at term 2 for recognizeCandidate:a5b85608-7f11-46ec-ae19-494ab54f3701
2019-10-10 12:40:46,787 [a5b85608-7f11-46ec-ae19-494ab54f3701@group-DF245211571A:LeaderElection261] INFO  impl.LeaderElection (LogUtils.java:infoOrTrace(149)) - a5b85608-7f11-46ec-ae19-494ab54f3701@group-DF245211571A:LeaderElection261 got exception when requesting votes: {}
java.util.concurrent.ExecutionException: org.apache.ratis.thirdparty.io.grpc.StatusRuntimeException: UNAVAILABLE: io exception
	at java.util.concurrent.FutureTask.report(FutureTask.java:122)
	at java.util.concurrent.FutureTask.get(FutureTask.java:192)
	at org.apache.ratis.server.impl.LeaderElection.waitForResults(LeaderElection.java:263)
	at org.apache.ratis.server.impl.LeaderElection.askForVotes(LeaderElection.java:201)
	at org.apache.ratis.server.impl.LeaderElection.run(LeaderElection.java:133)
	at java.lang.Thread.run(Thread.java:748)
Caused by: org.apache.ratis.thirdparty.io.grpc.StatusRuntimeException: UNAVAILABLE: io exception
	at org.apache.ratis.thirdparty.io.grpc.stub.ClientCalls.toStatusRuntimeException(ClientCalls.java:233)
	at org.apache.ratis.thirdparty.io.grpc.stub.ClientCalls.getUnchecked(ClientCalls.java:214)
	at org.apache.ratis.thirdparty.io.grpc.stub.ClientCalls.blockingUnaryCall(ClientCalls.java:139)
	at org.apache.ratis.proto.grpc.RaftServerProtocolServiceGrpc$RaftServerProtocolServiceBlockingStub.requestVote(RaftServerProtocolServiceGrpc.java:265)
	at org.apache.ratis.grpc.server.GrpcServerProtocolClient.requestVote(GrpcServerProtocolClient.java:90)
	at org.apache.ratis.grpc.server.GrpcService.requestVote(GrpcService.java:204)
	at org.apache.ratis.server.impl.LeaderElection.lambda$submitRequests$1(LeaderElection.java:238)
	at java.util.concurrent.FutureTask.run(FutureTask.java:266)
	at java.util.concurrent.Executors$RunnableAdapter.call(Executors.java:511)
	at java.util.concurrent.FutureTask.run(FutureTask.java:266)
	at java.util.concurrent.ThreadPoolExecutor.runWorker(ThreadPoolExecutor.java:1149)
	at java.util.concurrent.ThreadPoolExecutor$Worker.run(ThreadPoolExecutor.java:624)
	... 1 more
Caused by: org.apache.ratis.thirdparty.io.netty.channel.AbstractChannel$AnnotatedConnectException: Connection refused: /192.168.5.143:44817
	at sun.nio.ch.SocketChannelImpl.checkConnect(Native Method)
	at sun.nio.ch.SocketChannelImpl.finishConnect(SocketChannelImpl.java:717)
	at org.apache.ratis.thirdparty.io.netty.channel.socket.nio.NioSocketChannel.doFinishConnect(NioSocketChannel.java:327)
	at org.apache.ratis.thirdparty.io.netty.channel.nio.AbstractNioChannel$AbstractNioUnsafe.finishConnect(AbstractNioChannel.java:340)
	at org.apache.ratis.thirdparty.io.netty.channel.nio.NioEventLoop.processSelectedKey(NioEventLoop.java:632)
	at org.apache.ratis.thirdparty.io.netty.channel.nio.NioEventLoop.processSelectedKeysOptimized(NioEventLoop.java:579)
	at org.apache.ratis.thirdparty.io.netty.channel.nio.NioEventLoop.processSelectedKeys(NioEventLoop.java:496)
	at org.apache.ratis.thirdparty.io.netty.channel.nio.NioEventLoop.run(NioEventLoop.java:458)
	at org.apache.ratis.thirdparty.io.netty.util.concurrent.SingleThreadEventExecutor$5.run(SingleThreadEventExecutor.java:897)
	at org.apache.ratis.thirdparty.io.netty.util.concurrent.FastThreadLocalRunnable.run(FastThreadLocalRunnable.java:30)
	... 1 more
Caused by: java.net.ConnectException: Connection refused
	... 11 more
2019-10-10 12:40:46,787 [grpc-default-executor-52] INFO  impl.RoleInfo (RoleInfo.java:shutdownFollowerState(121)) - 31dbcda4-c74c-4dfb-b27d-abb192246f85: shutdown FollowerState
2019-10-10 12:40:46,788 [grpc-default-executor-52] INFO  impl.RoleInfo (RoleInfo.java:updateAndGet(143)) - 31dbcda4-c74c-4dfb-b27d-abb192246f85: start FollowerState
2019-10-10 12:40:46,788 [Thread-6840] INFO  impl.FollowerState (FollowerState.java:run(115)) - 31dbcda4-c74c-4dfb-b27d-abb192246f85: FollowerState was interrupted: java.lang.InterruptedException: sleep interrupted
2019-10-10 12:40:46,816 [a5b85608-7f11-46ec-ae19-494ab54f3701@group-4091CFA4C27B-SegmentedRaftLogWorker] INFO  segmented.SegmentedRaftLogWorker (SegmentedRaftLogWorker.java:execute(569)) - a5b85608-7f11-46ec-ae19-494ab54f3701@group-4091CFA4C27B-SegmentedRaftLogWorker: created new log segment /workdir/hadoop-ozone/integration-test/target/test-dir/MiniOzoneClusterImpl-8284007a-d704-4ed0-a0ee-bee753f20599/datanode-1/data/ratis/33891784-f9ab-4bdf-9ec3-4091cfa4c27b/current/log_inprogress_1
2019-10-10 12:40:46,820 [a5b85608-7f11-46ec-ae19-494ab54f3701@group-DF245211571A:LeaderElection261] INFO  impl.LeaderElection (LeaderElection.java:logAndReturn(56)) - a5b85608-7f11-46ec-ae19-494ab54f3701@group-DF245211571A:LeaderElection261: Election PASSED; received 1 response(s) [a5b85608-7f11-46ec-ae19-494ab54f3701<-31dbcda4-c74c-4dfb-b27d-abb192246f85#0:OK-t2] and 1 exception(s); a5b85608-7f11-46ec-ae19-494ab54f3701@group-DF245211571A:t2, leader=null, voted=a5b85608-7f11-46ec-ae19-494ab54f3701, raftlog=a5b85608-7f11-46ec-ae19-494ab54f3701@group-DF245211571A-SegmentedRaftLog:OPENED:c0,f0,i0, conf=0: [6f85b482-1ee3-41f8-b799-7ee315fa3ee8:192.168.5.143:44817, a5b85608-7f11-46ec-ae19-494ab54f3701:192.168.5.143:39887, 31dbcda4-c74c-4dfb-b27d-abb192246f85:192.168.5.143:46534], old=null
2019-10-10 12:40:46,820 [a5b85608-7f11-46ec-ae19-494ab54f3701@group-DF245211571A:LeaderElection261] INFO  impl.LeaderElection (LogUtils.java:infoOrTrace(149)) -   Exception 0: {}
java.util.concurrent.ExecutionException: org.apache.ratis.thirdparty.io.grpc.StatusRuntimeException: UNAVAILABLE: io exception
	at java.util.concurrent.FutureTask.report(FutureTask.java:122)
	at java.util.concurrent.FutureTask.get(FutureTask.java:192)
	at org.apache.ratis.server.impl.LeaderElection.waitForResults(LeaderElection.java:263)
	at org.apache.ratis.server.impl.LeaderElection.askForVotes(LeaderElection.java:201)
	at org.apache.ratis.server.impl.LeaderElection.run(LeaderElection.java:133)
	at java.lang.Thread.run(Thread.java:748)
Caused by: org.apache.ratis.thirdparty.io.grpc.StatusRuntimeException: UNAVAILABLE: io exception
	at org.apache.ratis.thirdparty.io.grpc.stub.ClientCalls.toStatusRuntimeException(ClientCalls.java:233)
	at org.apache.ratis.thirdparty.io.grpc.stub.ClientCalls.getUnchecked(ClientCalls.java:214)
	at org.apache.ratis.thirdparty.io.grpc.stub.ClientCalls.blockingUnaryCall(ClientCalls.java:139)
	at org.apache.ratis.proto.grpc.RaftServerProtocolServiceGrpc$RaftServerProtocolServiceBlockingStub.requestVote(RaftServerProtocolServiceGrpc.java:265)
	at org.apache.ratis.grpc.server.GrpcServerProtocolClient.requestVote(GrpcServerProtocolClient.java:90)
	at org.apache.ratis.grpc.server.GrpcService.requestVote(GrpcService.java:204)
	at org.apache.ratis.server.impl.LeaderElection.lambda$submitRequests$1(LeaderElection.java:238)
	at java.util.concurrent.FutureTask.run(FutureTask.java:266)
	at java.util.concurrent.Executors$RunnableAdapter.call(Executors.java:511)
	at java.util.concurrent.FutureTask.run(FutureTask.java:266)
	at java.util.concurrent.ThreadPoolExecutor.runWorker(ThreadPoolExecutor.java:1149)
	at java.util.concurrent.ThreadPoolExecutor$Worker.run(ThreadPoolExecutor.java:624)
	... 1 more
Caused by: org.apache.ratis.thirdparty.io.netty.channel.AbstractChannel$AnnotatedConnectException: Connection refused: /192.168.5.143:44817
	at sun.nio.ch.SocketChannelImpl.checkConnect(Native Method)
	at sun.nio.ch.SocketChannelImpl.finishConnect(SocketChannelImpl.java:717)
	at org.apache.ratis.thirdparty.io.netty.channel.socket.nio.NioSocketChannel.doFinishConnect(NioSocketChannel.java:327)
	at org.apache.ratis.thirdparty.io.netty.channel.nio.AbstractNioChannel$AbstractNioUnsafe.finishConnect(AbstractNioChannel.java:340)
	at org.apache.ratis.thirdparty.io.netty.channel.nio.NioEventLoop.processSelectedKey(NioEventLoop.java:632)
	at org.apache.ratis.thirdparty.io.netty.channel.nio.NioEventLoop.processSelectedKeysOptimized(NioEventLoop.java:579)
	at org.apache.ratis.thirdparty.io.netty.channel.nio.NioEventLoop.processSelectedKeys(NioEventLoop.java:496)
	at org.apache.ratis.thirdparty.io.netty.channel.nio.NioEventLoop.run(NioEventLoop.java:458)
	at org.apache.ratis.thirdparty.io.netty.util.concurrent.SingleThreadEventExecutor$5.run(SingleThreadEventExecutor.java:897)
	at org.apache.ratis.thirdparty.io.netty.util.concurrent.FastThreadLocalRunnable.run(FastThreadLocalRunnable.java:30)
	... 1 more
Caused by: java.net.ConnectException: Connection refused
	... 11 more
2019-10-10 12:40:46,820 [a5b85608-7f11-46ec-ae19-494ab54f3701@group-DF245211571A:LeaderElection261] INFO  impl.RoleInfo (RoleInfo.java:shutdownLeaderElection(134)) - a5b85608-7f11-46ec-ae19-494ab54f3701: shutdown LeaderElection
2019-10-10 12:40:46,820 [a5b85608-7f11-46ec-ae19-494ab54f3701@group-DF245211571A:LeaderElection261] INFO  impl.RaftServerImpl (RaftServerImpl.java:setRole(174)) - a5b85608-7f11-46ec-ae19-494ab54f3701@group-DF245211571A: changes role from CANDIDATE to LEADER at term 2 for changeToLeader
2019-10-10 12:40:46,821 [a5b85608-7f11-46ec-ae19-494ab54f3701@group-DF245211571A:LeaderElection261] INFO  impl.RaftServerImpl (ServerState.java:setLeader(253)) - a5b85608-7f11-46ec-ae19-494ab54f3701@group-DF245211571A: change Leader from null to a5b85608-7f11-46ec-ae19-494ab54f3701 at term 2 for becomeLeader, leader elected after 41ms
2019-10-10 12:40:46,821 [a5b85608-7f11-46ec-ae19-494ab54f3701@group-DF245211571A:LeaderElection261] INFO  server.RaftServerConfigKeys (ConfUtils.java:logGet(43)) - raft.server.staging.catchup.gap = 1000 (default)
2019-10-10 12:40:46,821 [a5b85608-7f11-46ec-ae19-494ab54f3701@group-DF245211571A:LeaderElection261] INFO  server.RaftServerConfigKeys (ConfUtils.java:logGet(43)) - raft.server.rpc.sleep.time = 25ms (default)
2019-10-10 12:40:46,821 [a5b85608-7f11-46ec-ae19-494ab54f3701@group-DF245211571A:LeaderElection261] INFO  server.RaftServerConfigKeys (ConfUtils.java:logGet(43)) - raft.server.write.element-limit = 4096 (default)
2019-10-10 12:40:46,821 [a5b85608-7f11-46ec-ae19-494ab54f3701@group-DF245211571A:LeaderElection261] INFO  server.RaftServerConfigKeys (ConfUtils.java:logGet(43)) - raft.server.watch.timeout = 10s (default)
2019-10-10 12:40:46,821 [a5b85608-7f11-46ec-ae19-494ab54f3701@group-DF245211571A:LeaderElection261] INFO  server.RaftServerConfigKeys (ConfUtils.java:logGet(43)) - raft.server.watch.timeout.denomination = 1s (default)
2019-10-10 12:40:46,821 [a5b85608-7f11-46ec-ae19-494ab54f3701@group-DF245211571A:LeaderElection261] INFO  server.RaftServerConfigKeys (ConfUtils.java:logGet(43)) - raft.server.watch.element-limit = 65536 (default)
2019-10-10 12:40:46,823 [a5b85608-7f11-46ec-ae19-494ab54f3701@group-DF245211571A:LeaderElection261] INFO  server.RaftServerConfigKeys (ConfUtils.java:logGet(43)) - raft.server.log.appender.snapshot.chunk.size.max = 16MB (=16777216) (default)
2019-10-10 12:40:46,823 [a5b85608-7f11-46ec-ae19-494ab54f3701@group-DF245211571A:LeaderElection261] INFO  server.RaftServerConfigKeys (ConfUtils.java:logGet(43)) - raft.server.log.appender.buffer.byte-limit = 33554432 (custom)
2019-10-10 12:40:46,823 [a5b85608-7f11-46ec-ae19-494ab54f3701@group-DF245211571A:LeaderElection261] INFO  server.RaftServerConfigKeys (ConfUtils.java:logGet(43)) - raft.server.log.appender.buffer.element-limit = 1 (custom)
2019-10-10 12:40:46,823 [a5b85608-7f11-46ec-ae19-494ab54f3701@group-DF245211571A:LeaderElection261] INFO  grpc.GrpcConfigKeys$Server (ConfUtils.java:logGet(43)) - raft.grpc.server.leader.outstanding.appends.max = 128 (default)
2019-10-10 12:40:46,824 [a5b85608-7f11-46ec-ae19-494ab54f3701@group-DF245211571A:LeaderElection261] INFO  server.RaftServerConfigKeys (ConfUtils.java:logGet(43)) - raft.server.rpc.request.timeout = 3000ms (default)
2019-10-10 12:40:46,824 [a5b85608-7f11-46ec-ae19-494ab54f3701@group-DF245211571A:LeaderElection261] INFO  server.RaftServerConfigKeys (ConfUtils.java:logGet(43)) - raft.server.log.appender.install.snapshot.enabled = false (custom)
2019-10-10 12:40:46,824 [a5b85608-7f11-46ec-ae19-494ab54f3701@group-DF245211571A:LeaderElection261] INFO  server.RaftServerConfigKeys (ConfUtils.java:logGet(43)) - raft.server.log.appender.snapshot.chunk.size.max = 16MB (=16777216) (default)
2019-10-10 12:40:46,824 [a5b85608-7f11-46ec-ae19-494ab54f3701@group-DF245211571A:LeaderElection261] INFO  server.RaftServerConfigKeys (ConfUtils.java:logGet(43)) - raft.server.log.appender.buffer.byte-limit = 33554432 (custom)
2019-10-10 12:40:46,829 [a5b85608-7f11-46ec-ae19-494ab54f3701@group-DF245211571A:LeaderElection261] INFO  server.RaftServerConfigKeys (ConfUtils.java:logGet(43)) - raft.server.log.appender.buffer.element-limit = 1 (custom)
2019-10-10 12:40:46,829 [a5b85608-7f11-46ec-ae19-494ab54f3701@group-DF245211571A:LeaderElection261] INFO  grpc.GrpcConfigKeys$Server (ConfUtils.java:logGet(43)) - raft.grpc.server.leader.outstanding.appends.max = 128 (default)
2019-10-10 12:40:46,829 [a5b85608-7f11-46ec-ae19-494ab54f3701@group-DF245211571A:LeaderElection261] INFO  server.RaftServerConfigKeys (ConfUtils.java:logGet(43)) - raft.server.rpc.request.timeout = 3000ms (default)
2019-10-10 12:40:46,829 [a5b85608-7f11-46ec-ae19-494ab54f3701@group-DF245211571A:LeaderElection261] INFO  server.RaftServerConfigKeys (ConfUtils.java:logGet(43)) - raft.server.log.appender.install.snapshot.enabled = false (custom)
2019-10-10 12:40:46,829 [a5b85608-7f11-46ec-ae19-494ab54f3701@group-DF245211571A:LeaderElection261] INFO  impl.RoleInfo (RoleInfo.java:updateAndGet(143)) - a5b85608-7f11-46ec-ae19-494ab54f3701: start LeaderState
2019-10-10 12:40:46,829 [a5b85608-7f11-46ec-ae19-494ab54f3701@group-DF245211571A:LeaderElection261] INFO  segmented.SegmentedRaftLogWorker (SegmentedRaftLogWorker.java:rollLogSegment(385)) - a5b85608-7f11-46ec-ae19-494ab54f3701@group-DF245211571A-SegmentedRaftLogWorker: Rolling segment log-0_0 to index:0
2019-10-10 12:40:46,830 [a5b85608-7f11-46ec-ae19-494ab54f3701@group-DF245211571A-SegmentedRaftLogWorker] INFO  segmented.SegmentedRaftLogWorker (SegmentedRaftLogWorker.java:execute(526)) - a5b85608-7f11-46ec-ae19-494ab54f3701@group-DF245211571A-SegmentedRaftLogWorker: Rolled log segment from /workdir/hadoop-ozone/integration-test/target/test-dir/MiniOzoneClusterImpl-8284007a-d704-4ed0-a0ee-bee753f20599/datanode-1/data/ratis/6e92acba-2951-4e80-8dab-df245211571a/current/log_inprogress_0 to /workdir/hadoop-ozone/integration-test/target/test-dir/MiniOzoneClusterImpl-8284007a-d704-4ed0-a0ee-bee753f20599/datanode-1/data/ratis/6e92acba-2951-4e80-8dab-df245211571a/current/log_0-0
2019-10-10 12:40:46,830 [a5b85608-7f11-46ec-ae19-494ab54f3701@group-DF245211571A:LeaderElection261] INFO  impl.RaftServerImpl (ServerState.java:setRaftConf(354)) - a5b85608-7f11-46ec-ae19-494ab54f3701@group-DF245211571A: set configuration 1: [6f85b482-1ee3-41f8-b799-7ee315fa3ee8:192.168.5.143:44817, a5b85608-7f11-46ec-ae19-494ab54f3701:192.168.5.143:39887, 31dbcda4-c74c-4dfb-b27d-abb192246f85:192.168.5.143:46534], old=null at 1
2019-10-10 12:40:46,830 [grpc-default-executor-52] WARN  server.GrpcLogAppender (LogUtils.java:warn(134)) - a5b85608-7f11-46ec-ae19-494ab54f3701@group-DF245211571A->6f85b482-1ee3-41f8-b799-7ee315fa3ee8-AppendLogResponseHandler: Failed appendEntries: org.apache.ratis.thirdparty.io.grpc.StatusRuntimeException: UNAVAILABLE: io exception
2019-10-10 12:40:46,830 [31dbcda4-c74c-4dfb-b27d-abb192246f85@group-4091CFA4C27B-SegmentedRaftLogWorker] INFO  segmented.SegmentedRaftLogWorker (SegmentedRaftLogWorker.java:execute(569)) - 31dbcda4-c74c-4dfb-b27d-abb192246f85@group-4091CFA4C27B-SegmentedRaftLogWorker: created new log segment /workdir/hadoop-ozone/integration-test/target/test-dir/MiniOzoneClusterImpl-8284007a-d704-4ed0-a0ee-bee753f20599/datanode-4/data/ratis/33891784-f9ab-4bdf-9ec3-4091cfa4c27b/current/log_inprogress_1
2019-10-10 12:40:46,831 [grpc-default-executor-52] INFO  impl.FollowerInfo (FollowerInfo.java:lambda$new$0(51)) - a5b85608-7f11-46ec-ae19-494ab54f3701@group-DF245211571A->6f85b482-1ee3-41f8-b799-7ee315fa3ee8: nextIndex: updateUnconditionally 1 -> 0
2019-10-10 12:40:46,831 [grpc-default-executor-34] INFO  impl.RaftServerImpl (ServerState.java:setLeader(253)) - 31dbcda4-c74c-4dfb-b27d-abb192246f85@group-DF245211571A: change Leader from null to a5b85608-7f11-46ec-ae19-494ab54f3701 at term 2 for appendEntries, leader elected after 43ms
2019-10-10 12:40:46,832 [grpc-default-executor-52] INFO  impl.RaftServerImpl (ServerState.java:setRaftConf(354)) - 31dbcda4-c74c-4dfb-b27d-abb192246f85@group-DF245211571A: set configuration 1: [6f85b482-1ee3-41f8-b799-7ee315fa3ee8:192.168.5.143:44817, a5b85608-7f11-46ec-ae19-494ab54f3701:192.168.5.143:39887, 31dbcda4-c74c-4dfb-b27d-abb192246f85:192.168.5.143:46534], old=null at 1
2019-10-10 12:40:46,832 [grpc-default-executor-52] INFO  segmented.SegmentedRaftLogWorker (SegmentedRaftLogWorker.java:rollLogSegment(385)) - 31dbcda4-c74c-4dfb-b27d-abb192246f85@group-DF245211571A-SegmentedRaftLogWorker: Rolling segment log-0_0 to index:0
2019-10-10 12:40:46,833 [grpc-default-executor-39] WARN  server.GrpcLogAppender (LogUtils.java:warn(134)) - 31dbcda4-c74c-4dfb-b27d-abb192246f85@group-4091CFA4C27B->6f85b482-1ee3-41f8-b799-7ee315fa3ee8-AppendLogResponseHandler: Failed appendEntries: org.apache.ratis.thirdparty.io.grpc.StatusRuntimeException: UNAVAILABLE: io exception
2019-10-10 12:40:46,833 [31dbcda4-c74c-4dfb-b27d-abb192246f85@group-DF245211571A-SegmentedRaftLogWorker] INFO  segmented.SegmentedRaftLogWorker (SegmentedRaftLogWorker.java:execute(526)) - 31dbcda4-c74c-4dfb-b27d-abb192246f85@group-DF245211571A-SegmentedRaftLogWorker: Rolled log segment from /workdir/hadoop-ozone/integration-test/target/test-dir/MiniOzoneClusterImpl-8284007a-d704-4ed0-a0ee-bee753f20599/datanode-4/data/ratis/6e92acba-2951-4e80-8dab-df245211571a/current/log_inprogress_0 to /workdir/hadoop-ozone/integration-test/target/test-dir/MiniOzoneClusterImpl-8284007a-d704-4ed0-a0ee-bee753f20599/datanode-4/data/ratis/6e92acba-2951-4e80-8dab-df245211571a/current/log_0-0
2019-10-10 12:40:46,833 [grpc-default-executor-39] INFO  impl.FollowerInfo (FollowerInfo.java:lambda$new$0(51)) - 31dbcda4-c74c-4dfb-b27d-abb192246f85@group-4091CFA4C27B->6f85b482-1ee3-41f8-b799-7ee315fa3ee8: nextIndex: updateUnconditionally 1 -> 0
2019-10-10 12:40:46,847 [grpc-default-executor-52] WARN  server.GrpcLogAppender (LogUtils.java:warn(134)) - 31dbcda4-c74c-4dfb-b27d-abb192246f85@group-4091CFA4C27B->6f85b482-1ee3-41f8-b799-7ee315fa3ee8-AppendLogResponseHandler: Failed appendEntries: org.apache.ratis.thirdparty.io.grpc.StatusRuntimeException: UNAVAILABLE: io exception
2019-10-10 12:40:46,848 [grpc-default-executor-52] INFO  impl.FollowerInfo (FollowerInfo.java:lambda$new$0(51)) - 31dbcda4-c74c-4dfb-b27d-abb192246f85@group-4091CFA4C27B->6f85b482-1ee3-41f8-b799-7ee315fa3ee8: nextIndex: updateUnconditionally 1 -> 0
2019-10-10 12:40:46,884 [31dbcda4-c74c-4dfb-b27d-abb192246f85@group-DF245211571A-SegmentedRaftLogWorker] INFO  segmented.SegmentedRaftLogWorker (SegmentedRaftLogWorker.java:execute(569)) - 31dbcda4-c74c-4dfb-b27d-abb192246f85@group-DF245211571A-SegmentedRaftLogWorker: created new log segment /workdir/hadoop-ozone/integration-test/target/test-dir/MiniOzoneClusterImpl-8284007a-d704-4ed0-a0ee-bee753f20599/datanode-4/data/ratis/6e92acba-2951-4e80-8dab-df245211571a/current/log_inprogress_1
2019-10-10 12:40:46,884 [a5b85608-7f11-46ec-ae19-494ab54f3701@group-DF245211571A-SegmentedRaftLogWorker] INFO  segmented.SegmentedRaftLogWorker (SegmentedRaftLogWorker.java:execute(569)) - a5b85608-7f11-46ec-ae19-494ab54f3701@group-DF245211571A-SegmentedRaftLogWorker: created new log segment /workdir/hadoop-ozone/integration-test/target/test-dir/MiniOzoneClusterImpl-8284007a-d704-4ed0-a0ee-bee753f20599/datanode-1/data/ratis/6e92acba-2951-4e80-8dab-df245211571a/current/log_inprogress_1
2019-10-10 12:40:46,888 [grpc-default-executor-47] WARN  server.GrpcLogAppender (LogUtils.java:warn(134)) - a5b85608-7f11-46ec-ae19-494ab54f3701@group-DF245211571A->6f85b482-1ee3-41f8-b799-7ee315fa3ee8-AppendLogResponseHandler: Failed appendEntries: org.apache.ratis.thirdparty.io.grpc.StatusRuntimeException: UNAVAILABLE: io exception
2019-10-10 12:40:46,889 [grpc-default-executor-47] INFO  impl.FollowerInfo (FollowerInfo.java:lambda$new$0(51)) - a5b85608-7f11-46ec-ae19-494ab54f3701@group-DF245211571A->6f85b482-1ee3-41f8-b799-7ee315fa3ee8: nextIndex: updateUnconditionally 1 -> 0
2019-10-10 12:40:46,901 [grpc-default-executor-39] WARN  server.GrpcLogAppender (LogUtils.java:warn(134)) - a5b85608-7f11-46ec-ae19-494ab54f3701@group-DF245211571A->6f85b482-1ee3-41f8-b799-7ee315fa3ee8-AppendLogResponseHandler: Failed appendEntries: org.apache.ratis.thirdparty.io.grpc.StatusRuntimeException: UNAVAILABLE: io exception
2019-10-10 12:40:46,902 [grpc-default-executor-39] INFO  impl.FollowerInfo (FollowerInfo.java:lambda$new$0(51)) - a5b85608-7f11-46ec-ae19-494ab54f3701@group-DF245211571A->6f85b482-1ee3-41f8-b799-7ee315fa3ee8: nextIndex: updateUnconditionally 1 -> 0
2019-10-10 12:40:47,618 [grpc-default-executor-39] WARN  server.GrpcLogAppender (LogUtils.java:warn(134)) - 31dbcda4-c74c-4dfb-b27d-abb192246f85@group-BA18EEAD7E37->6f85b482-1ee3-41f8-b799-7ee315fa3ee8-AppendLogResponseHandler: Failed appendEntries: org.apache.ratis.thirdparty.io.grpc.StatusRuntimeException: UNAVAILABLE: io exception
2019-10-10 12:40:47,619 [grpc-default-executor-39] INFO  impl.FollowerInfo (FollowerInfo.java:lambda$new$0(51)) - 31dbcda4-c74c-4dfb-b27d-abb192246f85@group-BA18EEAD7E37->6f85b482-1ee3-41f8-b799-7ee315fa3ee8: nextIndex: updateUnconditionally 0 -> 0
2019-10-10 12:40:47,813 [grpc-default-executor-39] WARN  server.GrpcLogAppender (LogUtils.java:warn(134)) - a5b85608-7f11-46ec-ae19-494ab54f3701@group-4F22982D157D->6f85b482-1ee3-41f8-b799-7ee315fa3ee8-AppendLogResponseHandler: Failed appendEntries: org.apache.ratis.thirdparty.io.grpc.StatusRuntimeException: UNAVAILABLE: io exception
2019-10-10 12:40:47,814 [grpc-default-executor-39] INFO  impl.FollowerInfo (FollowerInfo.java:lambda$new$0(51)) - a5b85608-7f11-46ec-ae19-494ab54f3701@group-4F22982D157D->6f85b482-1ee3-41f8-b799-7ee315fa3ee8: nextIndex: updateUnconditionally 0 -> 0
2019-10-10 12:40:48,285 [grpc-default-executor-39] WARN  server.GrpcLogAppender (LogUtils.java:warn(134)) - a5b85608-7f11-46ec-ae19-494ab54f3701@group-2D1A61B296C8->6f85b482-1ee3-41f8-b799-7ee315fa3ee8-AppendLogResponseHandler: Failed appendEntries: org.apache.ratis.thirdparty.io.grpc.StatusRuntimeException: UNAVAILABLE: io exception
2019-10-10 12:40:48,285 [grpc-default-executor-39] INFO  impl.FollowerInfo (FollowerInfo.java:lambda$new$0(51)) - a5b85608-7f11-46ec-ae19-494ab54f3701@group-2D1A61B296C8->6f85b482-1ee3-41f8-b799-7ee315fa3ee8: nextIndex: updateUnconditionally 14 -> 13
2019-10-10 12:40:49,095 [grpc-default-executor-39] WARN  server.GrpcLogAppender (LogUtils.java:warn(134)) - 31dbcda4-c74c-4dfb-b27d-abb192246f85@group-58B2D30E1F0C->6f85b482-1ee3-41f8-b799-7ee315fa3ee8-AppendLogResponseHandler: Failed appendEntries: org.apache.ratis.thirdparty.io.grpc.StatusRuntimeException: UNAVAILABLE: io exception
2019-10-10 12:40:49,095 [grpc-default-executor-39] INFO  impl.FollowerInfo (FollowerInfo.java:lambda$new$0(51)) - 31dbcda4-c74c-4dfb-b27d-abb192246f85@group-58B2D30E1F0C->6f85b482-1ee3-41f8-b799-7ee315fa3ee8: nextIndex: updateUnconditionally 0 -> 0
2019-10-10 12:40:49,197 [grpc-default-executor-52] WARN  server.GrpcLogAppender (LogUtils.java:warn(134)) - a5b85608-7f11-46ec-ae19-494ab54f3701@group-BAAFDA4BB310->6f85b482-1ee3-41f8-b799-7ee315fa3ee8-AppendLogResponseHandler: Failed appendEntries: org.apache.ratis.thirdparty.io.grpc.StatusRuntimeException: UNAVAILABLE: io exception
2019-10-10 12:40:49,198 [grpc-default-executor-52] INFO  impl.FollowerInfo (FollowerInfo.java:lambda$new$0(51)) - a5b85608-7f11-46ec-ae19-494ab54f3701@group-BAAFDA4BB310->6f85b482-1ee3-41f8-b799-7ee315fa3ee8: nextIndex: updateUnconditionally 0 -> 0
2019-10-10 12:40:49,348 [grpc-default-executor-39] WARN  server.GrpcLogAppender (LogUtils.java:warn(134)) - 31dbcda4-c74c-4dfb-b27d-abb192246f85@group-4091CFA4C27B->6f85b482-1ee3-41f8-b799-7ee315fa3ee8-AppendLogResponseHandler: Failed appendEntries: org.apache.ratis.thirdparty.io.grpc.StatusRuntimeException: UNAVAILABLE: io exception
2019-10-10 12:40:49,348 [grpc-default-executor-39] INFO  impl.FollowerInfo (FollowerInfo.java:lambda$new$0(51)) - 31dbcda4-c74c-4dfb-b27d-abb192246f85@group-4091CFA4C27B->6f85b482-1ee3-41f8-b799-7ee315fa3ee8: nextIndex: updateUnconditionally 0 -> 0
2019-10-10 12:40:49,406 [grpc-default-executor-34] WARN  server.GrpcLogAppender (LogUtils.java:warn(134)) - a5b85608-7f11-46ec-ae19-494ab54f3701@group-DF245211571A->6f85b482-1ee3-41f8-b799-7ee315fa3ee8-AppendLogResponseHandler: Failed appendEntries: org.apache.ratis.thirdparty.io.grpc.StatusRuntimeException: UNAVAILABLE: io exception
2019-10-10 12:40:49,406 [grpc-default-executor-34] INFO  impl.FollowerInfo (FollowerInfo.java:lambda$new$0(51)) - a5b85608-7f11-46ec-ae19-494ab54f3701@group-DF245211571A->6f85b482-1ee3-41f8-b799-7ee315fa3ee8: nextIndex: updateUnconditionally 0 -> 0
2019-10-10 12:40:49,860 [EventQueue-StaleNodeForStaleNodeHandler] INFO  node.StaleNodeHandler (StaleNodeHandler.java:onMessage(58)) - Datanode 31dbcda4-c74c-4dfb-b27d-abb192246f85{ip: 192.168.5.143, host: pr-hdds-1569-9zzhf-258611273, networkLocation: /default-rack, certSerialId: null} moved to stale state. Finalizing its pipelines [PipelineID=d7591851-0f88-4484-9f96-4f22982d157d, PipelineID=1fdfe419-dfc4-4c1c-9eae-ba18eead7e37, PipelineID=33891784-f9ab-4bdf-9ec3-4091cfa4c27b, PipelineID=eb1becfb-faf2-40dc-acc6-58b2d30e1f0c, PipelineID=07bedd85-7e12-4a51-85ed-a127a8b5169c, PipelineID=6e92acba-2951-4e80-8dab-df245211571a, PipelineID=9bae8a8c-c430-4fba-bd06-2d1a61b296c8, PipelineID=33538c5b-6b59-4c95-802a-1c79acaac9c2]
2019-10-10 12:40:49,860 [EventQueue-StaleNodeForStaleNodeHandler] INFO  pipeline.SCMPipelineManager (SCMPipelineManager.java:finalizeAndDestroyPipeline(342)) - destroying pipeline:Pipeline[ Id: d7591851-0f88-4484-9f96-4f22982d157d, Nodes: a5b85608-7f11-46ec-ae19-494ab54f3701{ip: 192.168.5.143, host: pr-hdds-1569-9zzhf-258611273, networkLocation: /default-rack, certSerialId: null}31dbcda4-c74c-4dfb-b27d-abb192246f85{ip: 192.168.5.143, host: pr-hdds-1569-9zzhf-258611273, networkLocation: /default-rack, certSerialId: null}6f85b482-1ee3-41f8-b799-7ee315fa3ee8{ip: 192.168.5.143, host: pr-hdds-1569-9zzhf-258611273, networkLocation: /default-rack, certSerialId: null}, Type:RATIS, Factor:THREE, State:CLOSED]
2019-10-10 12:40:49,860 [EventQueue-StaleNodeForStaleNodeHandler] INFO  pipeline.SCMPipelineManager (SCMPipelineManager.java:finalizeAndDestroyPipeline(342)) - destroying pipeline:Pipeline[ Id: 1fdfe419-dfc4-4c1c-9eae-ba18eead7e37, Nodes: 6f85b482-1ee3-41f8-b799-7ee315fa3ee8{ip: 192.168.5.143, host: pr-hdds-1569-9zzhf-258611273, networkLocation: /default-rack, certSerialId: null}a5b85608-7f11-46ec-ae19-494ab54f3701{ip: 192.168.5.143, host: pr-hdds-1569-9zzhf-258611273, networkLocation: /default-rack, certSerialId: null}31dbcda4-c74c-4dfb-b27d-abb192246f85{ip: 192.168.5.143, host: pr-hdds-1569-9zzhf-258611273, networkLocation: /default-rack, certSerialId: null}, Type:RATIS, Factor:THREE, State:CLOSED]
2019-10-10 12:40:49,860 [EventQueue-StaleNodeForStaleNodeHandler] INFO  pipeline.SCMPipelineManager (SCMPipelineManager.java:finalizeAndDestroyPipeline(342)) - destroying pipeline:Pipeline[ Id: 33891784-f9ab-4bdf-9ec3-4091cfa4c27b, Nodes: 6f85b482-1ee3-41f8-b799-7ee315fa3ee8{ip: 192.168.5.143, host: pr-hdds-1569-9zzhf-258611273, networkLocation: /default-rack, certSerialId: null}a5b85608-7f11-46ec-ae19-494ab54f3701{ip: 192.168.5.143, host: pr-hdds-1569-9zzhf-258611273, networkLocation: /default-rack, certSerialId: null}31dbcda4-c74c-4dfb-b27d-abb192246f85{ip: 192.168.5.143, host: pr-hdds-1569-9zzhf-258611273, networkLocation: /default-rack, certSerialId: null}, Type:RATIS, Factor:THREE, State:CLOSED]
2019-10-10 12:40:49,860 [EventQueue-StaleNodeForStaleNodeHandler] INFO  pipeline.SCMPipelineManager (SCMPipelineManager.java:finalizeAndDestroyPipeline(342)) - destroying pipeline:Pipeline[ Id: eb1becfb-faf2-40dc-acc6-58b2d30e1f0c, Nodes: a5b85608-7f11-46ec-ae19-494ab54f3701{ip: 192.168.5.143, host: pr-hdds-1569-9zzhf-258611273, networkLocation: /default-rack, certSerialId: null}31dbcda4-c74c-4dfb-b27d-abb192246f85{ip: 192.168.5.143, host: pr-hdds-1569-9zzhf-258611273, networkLocation: /default-rack, certSerialId: null}6f85b482-1ee3-41f8-b799-7ee315fa3ee8{ip: 192.168.5.143, host: pr-hdds-1569-9zzhf-258611273, networkLocation: /default-rack, certSerialId: null}, Type:RATIS, Factor:THREE, State:CLOSED]
2019-10-10 12:40:49,861 [EventQueue-StaleNodeForStaleNodeHandler] INFO  pipeline.SCMPipelineManager (SCMPipelineManager.java:finalizeAndDestroyPipeline(342)) - destroying pipeline:Pipeline[ Id: 07bedd85-7e12-4a51-85ed-a127a8b5169c, Nodes: 6f85b482-1ee3-41f8-b799-7ee315fa3ee8{ip: 192.168.5.143, host: pr-hdds-1569-9zzhf-258611273, networkLocation: /default-rack, certSerialId: null}31dbcda4-c74c-4dfb-b27d-abb192246f85{ip: 192.168.5.143, host: pr-hdds-1569-9zzhf-258611273, networkLocation: /default-rack, certSerialId: null}a5b85608-7f11-46ec-ae19-494ab54f3701{ip: 192.168.5.143, host: pr-hdds-1569-9zzhf-258611273, networkLocation: /default-rack, certSerialId: null}, Type:RATIS, Factor:THREE, State:CLOSED]
2019-10-10 12:40:49,861 [EventQueue-StaleNodeForStaleNodeHandler] INFO  pipeline.SCMPipelineManager (SCMPipelineManager.java:finalizeAndDestroyPipeline(342)) - destroying pipeline:Pipeline[ Id: 6e92acba-2951-4e80-8dab-df245211571a, Nodes: 6f85b482-1ee3-41f8-b799-7ee315fa3ee8{ip: 192.168.5.143, host: pr-hdds-1569-9zzhf-258611273, networkLocation: /default-rack, certSerialId: null}a5b85608-7f11-46ec-ae19-494ab54f3701{ip: 192.168.5.143, host: pr-hdds-1569-9zzhf-258611273, networkLocation: /default-rack, certSerialId: null}31dbcda4-c74c-4dfb-b27d-abb192246f85{ip: 192.168.5.143, host: pr-hdds-1569-9zzhf-258611273, networkLocation: /default-rack, certSerialId: null}, Type:RATIS, Factor:THREE, State:CLOSED]
2019-10-10 12:40:49,861 [EventQueue-StaleNodeForStaleNodeHandler] INFO  pipeline.SCMPipelineManager (SCMPipelineManager.java:finalizeAndDestroyPipeline(342)) - destroying pipeline:Pipeline[ Id: 9bae8a8c-c430-4fba-bd06-2d1a61b296c8, Nodes: 6f85b482-1ee3-41f8-b799-7ee315fa3ee8{ip: 192.168.5.143, host: pr-hdds-1569-9zzhf-258611273, networkLocation: /default-rack, certSerialId: null}a5b85608-7f11-46ec-ae19-494ab54f3701{ip: 192.168.5.143, host: pr-hdds-1569-9zzhf-258611273, networkLocation: /default-rack, certSerialId: null}31dbcda4-c74c-4dfb-b27d-abb192246f85{ip: 192.168.5.143, host: pr-hdds-1569-9zzhf-258611273, networkLocation: /default-rack, certSerialId: null}, Type:RATIS, Factor:THREE, State:CLOSED]
2019-10-10 12:40:49,861 [EventQueue-StaleNodeForStaleNodeHandler] INFO  pipeline.SCMPipelineManager (SCMPipelineManager.java:finalizeAndDestroyPipeline(342)) - destroying pipeline:Pipeline[ Id: 33538c5b-6b59-4c95-802a-1c79acaac9c2, Nodes: a5b85608-7f11-46ec-ae19-494ab54f3701{ip: 192.168.5.143, host: pr-hdds-1569-9zzhf-258611273, networkLocation: /default-rack, certSerialId: null}6f85b482-1ee3-41f8-b799-7ee315fa3ee8{ip: 192.168.5.143, host: pr-hdds-1569-9zzhf-258611273, networkLocation: /default-rack, certSerialId: null}31dbcda4-c74c-4dfb-b27d-abb192246f85{ip: 192.168.5.143, host: pr-hdds-1569-9zzhf-258611273, networkLocation: /default-rack, certSerialId: null}, Type:RATIS, Factor:THREE, State:CLOSED]
2019-10-10 12:40:50,119 [grpc-default-executor-47] WARN  server.GrpcLogAppender (LogUtils.java:warn(134)) - 31dbcda4-c74c-4dfb-b27d-abb192246f85@group-BA18EEAD7E37->6f85b482-1ee3-41f8-b799-7ee315fa3ee8-AppendLogResponseHandler: Failed appendEntries: org.apache.ratis.thirdparty.io.grpc.StatusRuntimeException: UNAVAILABLE: io exception
2019-10-10 12:40:50,119 [grpc-default-executor-47] INFO  impl.FollowerInfo (FollowerInfo.java:lambda$new$0(51)) - 31dbcda4-c74c-4dfb-b27d-abb192246f85@group-BA18EEAD7E37->6f85b482-1ee3-41f8-b799-7ee315fa3ee8: nextIndex: updateUnconditionally 0 -> 0
2019-10-10 12:40:50,314 [grpc-default-executor-52] WARN  server.GrpcLogAppender (LogUtils.java:warn(134)) - a5b85608-7f11-46ec-ae19-494ab54f3701@group-4F22982D157D->6f85b482-1ee3-41f8-b799-7ee315fa3ee8-AppendLogResponseHandler: Failed appendEntries: org.apache.ratis.thirdparty.io.grpc.StatusRuntimeException: UNAVAILABLE: io exception
2019-10-10 12:40:50,314 [grpc-default-executor-52] INFO  impl.FollowerInfo (FollowerInfo.java:lambda$new$0(51)) - a5b85608-7f11-46ec-ae19-494ab54f3701@group-4F22982D157D->6f85b482-1ee3-41f8-b799-7ee315fa3ee8: nextIndex: updateUnconditionally 0 -> 0
2019-10-10 12:40:50,561 [EventQueue-StaleNodeForStaleNodeHandler] INFO  node.StaleNodeHandler (StaleNodeHandler.java:onMessage(58)) - Datanode a5b85608-7f11-46ec-ae19-494ab54f3701{ip: 192.168.5.143, host: pr-hdds-1569-9zzhf-258611273, networkLocation: /default-rack, certSerialId: null} moved to stale state. Finalizing its pipelines [PipelineID=d7591851-0f88-4484-9f96-4f22982d157d, PipelineID=5006571e-737a-4a6f-a6c0-4e0d53597c14, PipelineID=9bae8a8c-c430-4fba-bd06-2d1a61b296c8, PipelineID=96b7d770-eacc-4f9e-a210-baafda4bb310, PipelineID=ffe594bf-f732-47eb-9e67-d85a2cf2a55e, PipelineID=1fdfe419-dfc4-4c1c-9eae-ba18eead7e37, PipelineID=7c6c096f-099e-4698-989d-c411512f47b2, PipelineID=33891784-f9ab-4bdf-9ec3-4091cfa4c27b, PipelineID=eb1becfb-faf2-40dc-acc6-58b2d30e1f0c, PipelineID=07bedd85-7e12-4a51-85ed-a127a8b5169c, PipelineID=6e92acba-2951-4e80-8dab-df245211571a, PipelineID=33538c5b-6b59-4c95-802a-1c79acaac9c2]
2019-10-10 12:40:50,561 [EventQueue-StaleNodeForStaleNodeHandler] INFO  pipeline.SCMPipelineManager (SCMPipelineManager.java:finalizeAndDestroyPipeline(342)) - destroying pipeline:Pipeline[ Id: d7591851-0f88-4484-9f96-4f22982d157d, Nodes: a5b85608-7f11-46ec-ae19-494ab54f3701{ip: 192.168.5.143, host: pr-hdds-1569-9zzhf-258611273, networkLocation: /default-rack, certSerialId: null}31dbcda4-c74c-4dfb-b27d-abb192246f85{ip: 192.168.5.143, host: pr-hdds-1569-9zzhf-258611273, networkLocation: /default-rack, certSerialId: null}6f85b482-1ee3-41f8-b799-7ee315fa3ee8{ip: 192.168.5.143, host: pr-hdds-1569-9zzhf-258611273, networkLocation: /default-rack, certSerialId: null}, Type:RATIS, Factor:THREE, State:CLOSED]
2019-10-10 12:40:50,561 [EventQueue-StaleNodeForStaleNodeHandler] INFO  pipeline.SCMPipelineManager (SCMPipelineManager.java:finalizeAndDestroyPipeline(342)) - destroying pipeline:Pipeline[ Id: 5006571e-737a-4a6f-a6c0-4e0d53597c14, Nodes: a5b85608-7f11-46ec-ae19-494ab54f3701{ip: 192.168.5.143, host: pr-hdds-1569-9zzhf-258611273, networkLocation: /default-rack, certSerialId: null}6f85b482-1ee3-41f8-b799-7ee315fa3ee8{ip: 192.168.5.143, host: pr-hdds-1569-9zzhf-258611273, networkLocation: /default-rack, certSerialId: null}2977129d-288a-401c-9baf-20955028e955{ip: 192.168.5.143, host: pr-hdds-1569-9zzhf-258611273, networkLocation: /default-rack, certSerialId: null}, Type:RATIS, Factor:THREE, State:CLOSED]
2019-10-10 12:40:50,561 [EventQueue-StaleNodeForStaleNodeHandler] INFO  pipeline.SCMPipelineManager (SCMPipelineManager.java:finalizeAndDestroyPipeline(342)) - destroying pipeline:Pipeline[ Id: 9bae8a8c-c430-4fba-bd06-2d1a61b296c8, Nodes: 6f85b482-1ee3-41f8-b799-7ee315fa3ee8{ip: 192.168.5.143, host: pr-hdds-1569-9zzhf-258611273, networkLocation: /default-rack, certSerialId: null}a5b85608-7f11-46ec-ae19-494ab54f3701{ip: 192.168.5.143, host: pr-hdds-1569-9zzhf-258611273, networkLocation: /default-rack, certSerialId: null}31dbcda4-c74c-4dfb-b27d-abb192246f85{ip: 192.168.5.143, host: pr-hdds-1569-9zzhf-258611273, networkLocation: /default-rack, certSerialId: null}, Type:RATIS, Factor:THREE, State:CLOSED]
2019-10-10 12:40:50,561 [EventQueue-StaleNodeForStaleNodeHandler] INFO  pipeline.SCMPipelineManager (SCMPipelineManager.java:finalizeAndDestroyPipeline(342)) - destroying pipeline:Pipeline[ Id: 96b7d770-eacc-4f9e-a210-baafda4bb310, Nodes: 2977129d-288a-401c-9baf-20955028e955{ip: 192.168.5.143, host: pr-hdds-1569-9zzhf-258611273, networkLocation: /default-rack, certSerialId: null}a5b85608-7f11-46ec-ae19-494ab54f3701{ip: 192.168.5.143, host: pr-hdds-1569-9zzhf-258611273, networkLocation: /default-rack, certSerialId: null}6f85b482-1ee3-41f8-b799-7ee315fa3ee8{ip: 192.168.5.143, host: pr-hdds-1569-9zzhf-258611273, networkLocation: /default-rack, certSerialId: null}, Type:RATIS, Factor:THREE, State:CLOSED]
2019-10-10 12:40:50,561 [EventQueue-StaleNodeForStaleNodeHandler] INFO  pipeline.SCMPipelineManager (SCMPipelineManager.java:finalizeAndDestroyPipeline(342)) - destroying pipeline:Pipeline[ Id: ffe594bf-f732-47eb-9e67-d85a2cf2a55e, Nodes: 2977129d-288a-401c-9baf-20955028e955{ip: 192.168.5.143, host: pr-hdds-1569-9zzhf-258611273, networkLocation: /default-rack, certSerialId: null}a5b85608-7f11-46ec-ae19-494ab54f3701{ip: 192.168.5.143, host: pr-hdds-1569-9zzhf-258611273, networkLocation: /default-rack, certSerialId: null}eb492a76-ee7b-4591-82c0-07dc34c8f09d{ip: 192.168.5.143, host: pr-hdds-1569-9zzhf-258611273, networkLocation: /default-rack, certSerialId: null}, Type:RATIS, Factor:THREE, State:OPEN]
2019-10-10 12:40:50,561 [EventQueue-StaleNodeForStaleNodeHandler] INFO  pipeline.PipelineStateManager (PipelineStateManager.java:finalizePipeline(123)) - Pipeline Pipeline[ Id: ffe594bf-f732-47eb-9e67-d85a2cf2a55e, Nodes: 2977129d-288a-401c-9baf-20955028e955{ip: 192.168.5.143, host: pr-hdds-1569-9zzhf-258611273, networkLocation: /default-rack, certSerialId: null}a5b85608-7f11-46ec-ae19-494ab54f3701{ip: 192.168.5.143, host: pr-hdds-1569-9zzhf-258611273, networkLocation: /default-rack, certSerialId: null}eb492a76-ee7b-4591-82c0-07dc34c8f09d{ip: 192.168.5.143, host: pr-hdds-1569-9zzhf-258611273, networkLocation: /default-rack, certSerialId: null}, Type:RATIS, Factor:THREE, State:CLOSED] moved to CLOSED state
2019-10-10 12:40:50,562 [EventQueue-StaleNodeForStaleNodeHandler] INFO  pipeline.SCMPipelineManager (SCMPipelineManager.java:finalizeAndDestroyPipeline(342)) - destroying pipeline:Pipeline[ Id: 1fdfe419-dfc4-4c1c-9eae-ba18eead7e37, Nodes: 6f85b482-1ee3-41f8-b799-7ee315fa3ee8{ip: 192.168.5.143, host: pr-hdds-1569-9zzhf-258611273, networkLocation: /default-rack, certSerialId: null}a5b85608-7f11-46ec-ae19-494ab54f3701{ip: 192.168.5.143, host: pr-hdds-1569-9zzhf-258611273, networkLocation: /default-rack, certSerialId: null}31dbcda4-c74c-4dfb-b27d-abb192246f85{ip: 192.168.5.143, host: pr-hdds-1569-9zzhf-258611273, networkLocation: /default-rack, certSerialId: null}, Type:RATIS, Factor:THREE, State:CLOSED]
2019-10-10 12:40:50,562 [EventQueue-CloseContainerForCloseContainerEventHandler] INFO  container.CloseContainerEventHandler (CloseContainerEventHandler.java:onMessage(61)) - Close container Event triggered for container : #2
2019-10-10 12:40:50,562 [EventQueue-StaleNodeForStaleNodeHandler] INFO  pipeline.SCMPipelineManager (SCMPipelineManager.java:finalizeAndDestroyPipeline(342)) - destroying pipeline:Pipeline[ Id: 7c6c096f-099e-4698-989d-c411512f47b2, Nodes: a5b85608-7f11-46ec-ae19-494ab54f3701{ip: 192.168.5.143, host: pr-hdds-1569-9zzhf-258611273, networkLocation: /default-rack, certSerialId: null}, Type:RATIS, Factor:ONE, State:OPEN]
2019-10-10 12:40:50,562 [EventQueue-StaleNodeForStaleNodeHandler] INFO  pipeline.PipelineStateManager (PipelineStateManager.java:finalizePipeline(123)) - Pipeline Pipeline[ Id: 7c6c096f-099e-4698-989d-c411512f47b2, Nodes: a5b85608-7f11-46ec-ae19-494ab54f3701{ip: 192.168.5.143, host: pr-hdds-1569-9zzhf-258611273, networkLocation: /default-rack, certSerialId: null}, Type:RATIS, Factor:ONE, State:CLOSED] moved to CLOSED state
2019-10-10 12:40:50,562 [EventQueue-StaleNodeForStaleNodeHandler] INFO  pipeline.SCMPipelineManager (SCMPipelineManager.java:finalizeAndDestroyPipeline(342)) - destroying pipeline:Pipeline[ Id: 33891784-f9ab-4bdf-9ec3-4091cfa4c27b, Nodes: 6f85b482-1ee3-41f8-b799-7ee315fa3ee8{ip: 192.168.5.143, host: pr-hdds-1569-9zzhf-258611273, networkLocation: /default-rack, certSerialId: null}a5b85608-7f11-46ec-ae19-494ab54f3701{ip: 192.168.5.143, host: pr-hdds-1569-9zzhf-258611273, networkLocation: /default-rack, certSerialId: null}31dbcda4-c74c-4dfb-b27d-abb192246f85{ip: 192.168.5.143, host: pr-hdds-1569-9zzhf-258611273, networkLocation: /default-rack, certSerialId: null}, Type:RATIS, Factor:THREE, State:CLOSED]
2019-10-10 12:40:50,562 [EventQueue-StaleNodeForStaleNodeHandler] INFO  pipeline.SCMPipelineManager (SCMPipelineManager.java:finalizeAndDestroyPipeline(342)) - destroying pipeline:Pipeline[ Id: eb1becfb-faf2-40dc-acc6-58b2d30e1f0c, Nodes: a5b85608-7f11-46ec-ae19-494ab54f3701{ip: 192.168.5.143, host: pr-hdds-1569-9zzhf-258611273, networkLocation: /default-rack, certSerialId: null}31dbcda4-c74c-4dfb-b27d-abb192246f85{ip: 192.168.5.143, host: pr-hdds-1569-9zzhf-258611273, networkLocation: /default-rack, certSerialId: null}6f85b482-1ee3-41f8-b799-7ee315fa3ee8{ip: 192.168.5.143, host: pr-hdds-1569-9zzhf-258611273, networkLocation: /default-rack, certSerialId: null}, Type:RATIS, Factor:THREE, State:CLOSED]
2019-10-10 12:40:50,562 [EventQueue-StaleNodeForStaleNodeHandler] INFO  pipeline.SCMPipelineManager (SCMPipelineManager.java:finalizeAndDestroyPipeline(342)) - destroying pipeline:Pipeline[ Id: 07bedd85-7e12-4a51-85ed-a127a8b5169c, Nodes: 6f85b482-1ee3-41f8-b799-7ee315fa3ee8{ip: 192.168.5.143, host: pr-hdds-1569-9zzhf-258611273, networkLocation: /default-rack, certSerialId: null}31dbcda4-c74c-4dfb-b27d-abb192246f85{ip: 192.168.5.143, host: pr-hdds-1569-9zzhf-258611273, networkLocation: /default-rack, certSerialId: null}a5b85608-7f11-46ec-ae19-494ab54f3701{ip: 192.168.5.143, host: pr-hdds-1569-9zzhf-258611273, networkLocation: /default-rack, certSerialId: null}, Type:RATIS, Factor:THREE, State:CLOSED]
2019-10-10 12:40:50,562 [EventQueue-StaleNodeForStaleNodeHandler] INFO  pipeline.SCMPipelineManager (SCMPipelineManager.java:finalizeAndDestroyPipeline(342)) - destroying pipeline:Pipeline[ Id: 6e92acba-2951-4e80-8dab-df245211571a, Nodes: 6f85b482-1ee3-41f8-b799-7ee315fa3ee8{ip: 192.168.5.143, host: pr-hdds-1569-9zzhf-258611273, networkLocation: /default-rack, certSerialId: null}a5b85608-7f11-46ec-ae19-494ab54f3701{ip: 192.168.5.143, host: pr-hdds-1569-9zzhf-258611273, networkLocation: /default-rack, certSerialId: null}31dbcda4-c74c-4dfb-b27d-abb192246f85{ip: 192.168.5.143, host: pr-hdds-1569-9zzhf-258611273, networkLocation: /default-rack, certSerialId: null}, Type:RATIS, Factor:THREE, State:CLOSED]
2019-10-10 12:40:50,563 [EventQueue-StaleNodeForStaleNodeHandler] INFO  pipeline.SCMPipelineManager (SCMPipelineManager.java:finalizeAndDestroyPipeline(342)) - destroying pipeline:Pipeline[ Id: 33538c5b-6b59-4c95-802a-1c79acaac9c2, Nodes: a5b85608-7f11-46ec-ae19-494ab54f3701{ip: 192.168.5.143, host: pr-hdds-1569-9zzhf-258611273, networkLocation: /default-rack, certSerialId: null}6f85b482-1ee3-41f8-b799-7ee315fa3ee8{ip: 192.168.5.143, host: pr-hdds-1569-9zzhf-258611273, networkLocation: /default-rack, certSerialId: null}31dbcda4-c74c-4dfb-b27d-abb192246f85{ip: 192.168.5.143, host: pr-hdds-1569-9zzhf-258611273, networkLocation: /default-rack, certSerialId: null}, Type:RATIS, Factor:THREE, State:CLOSED]
2019-10-10 12:40:50,711 [main] INFO  ozoneimpl.OzoneContainer (OzoneContainer.java:stop(231)) - Attempting to stop container services.
2019-10-10 12:40:50,711 [ForkJoinPool.commonPool-worker-1] INFO  ozoneimpl.OzoneContainer (OzoneContainer.java:stop(231)) - Attempting to stop container services.
2019-10-10 12:40:50,712 [main] INFO  impl.RaftServerProxy (RaftServerProxy.java:lambda$close$4(314)) - 31dbcda4-c74c-4dfb-b27d-abb192246f85: close
2019-10-10 12:40:50,712 [ForkJoinPool.commonPool-worker-1] INFO  impl.RaftServerProxy (RaftServerProxy.java:lambda$close$4(314)) - a5b85608-7f11-46ec-ae19-494ab54f3701: close
2019-10-10 12:40:50,712 [main] INFO  impl.RaftServerImpl (RaftServerImpl.java:lambda$shutdown$3(251)) - 31dbcda4-c74c-4dfb-b27d-abb192246f85@group-4091CFA4C27B: shutdown
2019-10-10 12:40:50,712 [ForkJoinPool.commonPool-worker-1] INFO  impl.RaftServerImpl (RaftServerImpl.java:lambda$shutdown$3(251)) - a5b85608-7f11-46ec-ae19-494ab54f3701@group-4E0D53597C14: shutdown
2019-10-10 12:40:50,712 [main] INFO  util.JmxRegister (JmxRegister.java:unregister(73)) - Successfully un-registered JMX Bean with object name Ratis:service=RaftServer,group=group-4091CFA4C27B,id=31dbcda4-c74c-4dfb-b27d-abb192246f85
2019-10-10 12:40:50,712 [ForkJoinPool.commonPool-worker-1] INFO  util.JmxRegister (JmxRegister.java:unregister(73)) - Successfully un-registered JMX Bean with object name Ratis:service=RaftServer,group=group-4E0D53597C14,id=a5b85608-7f11-46ec-ae19-494ab54f3701
2019-10-10 12:40:50,713 [main] INFO  impl.RoleInfo (RoleInfo.java:shutdownLeaderState(104)) - 31dbcda4-c74c-4dfb-b27d-abb192246f85: shutdown LeaderState
2019-10-10 12:40:50,713 [ForkJoinPool.commonPool-worker-1] INFO  impl.RoleInfo (RoleInfo.java:shutdownFollowerState(121)) - a5b85608-7f11-46ec-ae19-494ab54f3701: shutdown FollowerState
2019-10-10 12:40:50,720 [org.apache.ratis.server.impl.LogAppender$AppenderDaemon$$Lambda$488/842312419@5cb58d8c] WARN  server.GrpcLogAppender (GrpcLogAppender.java:mayWait(143)) - 31dbcda4-c74c-4dfb-b27d-abb192246f85@group-4091CFA4C27B->a5b85608-7f11-46ec-ae19-494ab54f3701-GrpcLogAppender: Wait interrupted by java.lang.InterruptedException
2019-10-10 12:40:50,720 [main] INFO  impl.PendingRequests (PendingRequests.java:sendNotLeaderResponses(202)) - 31dbcda4-c74c-4dfb-b27d-abb192246f85-PendingRequests: sendNotLeaderResponses
2019-10-10 12:40:50,721 [grpc-default-executor-52] INFO  server.GrpcServerProtocolService (GrpcServerProtocolService.java:onCompleted(113)) - a5b85608-7f11-46ec-ae19-494ab54f3701: Completed APPEND_ENTRIES, lastRequest: 31dbcda4-c74c-4dfb-b27d-abb192246f85->a5b85608-7f11-46ec-ae19-494ab54f3701#3-t2, previous=(t:2, i:2), leaderCommit=2, initializing? false, entries: <empty>
2019-10-10 12:40:50,721 [org.apache.ratis.server.impl.LogAppender$AppenderDaemon$$Lambda$488/842312419@3945fd4a] WARN  server.GrpcLogAppender (GrpcLogAppender.java:mayWait(143)) - 31dbcda4-c74c-4dfb-b27d-abb192246f85@group-4091CFA4C27B->6f85b482-1ee3-41f8-b799-7ee315fa3ee8-GrpcLogAppender: Wait interrupted by java.lang.InterruptedException
2019-10-10 12:40:50,720 [Thread-6754] INFO  impl.FollowerState (FollowerState.java:run(115)) - a5b85608-7f11-46ec-ae19-494ab54f3701: FollowerState was interrupted: java.lang.InterruptedException: sleep interrupted
2019-10-10 12:40:50,727 [grpc-default-executor-52] INFO  server.GrpcLogAppender (GrpcLogAppender.java:onCompleted(293)) - 31dbcda4-c74c-4dfb-b27d-abb192246f85@group-4091CFA4C27B->a5b85608-7f11-46ec-ae19-494ab54f3701-AppendLogResponseHandler: follower responses appendEntries COMPLETED
2019-10-10 12:40:50,720 [ForkJoinPool.commonPool-worker-1] INFO  impl.StateMachineUpdater (StateMachineUpdater.java:stopAndJoin(125)) - a5b85608-7f11-46ec-ae19-494ab54f3701@group-4E0D53597C14-StateMachineUpdater: set stopIndex = 0
2019-10-10 12:40:50,728 [grpc-default-executor-52] INFO  impl.FollowerInfo (FollowerInfo.java:lambda$new$0(51)) - 31dbcda4-c74c-4dfb-b27d-abb192246f85@group-4091CFA4C27B->a5b85608-7f11-46ec-ae19-494ab54f3701: nextIndex: updateUnconditionally 3 -> 2
2019-10-10 12:40:50,726 [main] INFO  impl.StateMachineUpdater (StateMachineUpdater.java:stopAndJoin(125)) - 31dbcda4-c74c-4dfb-b27d-abb192246f85@group-4091CFA4C27B-StateMachineUpdater: set stopIndex = 2
2019-10-10 12:40:50,728 [grpc-default-executor-31] WARN  server.GrpcServerProtocolService (LogUtils.java:warn(134)) - a5b85608-7f11-46ec-ae19-494ab54f3701: installSnapshot onError, lastRequest: 31dbcda4-c74c-4dfb-b27d-abb192246f85->a5b85608-7f11-46ec-ae19-494ab54f3701#4-t1, previous=(t:1, i:0), leaderCommit=0, initializing? false, entries: <empty>: org.apache.ratis.thirdparty.io.grpc.StatusRuntimeException: CANCELLED: cancelled before receiving half close
2019-10-10 12:40:50,728 [grpc-default-executor-54] WARN  server.GrpcServerProtocolService (LogUtils.java:warn(134)) - a5b85608-7f11-46ec-ae19-494ab54f3701: installSnapshot onError, lastRequest: 31dbcda4-c74c-4dfb-b27d-abb192246f85->a5b85608-7f11-46ec-ae19-494ab54f3701#6-t1, previous=(t:1, i:0), leaderCommit=0, initializing? false, entries: <empty>: org.apache.ratis.thirdparty.io.grpc.StatusRuntimeException: CANCELLED: cancelled before receiving half close
2019-10-10 12:40:50,728 [grpc-default-executor-34] WARN  server.GrpcLogAppender (LogUtils.java:warn(134)) - 31dbcda4-c74c-4dfb-b27d-abb192246f85@group-BA18EEAD7E37->a5b85608-7f11-46ec-ae19-494ab54f3701-AppendLogResponseHandler: Failed appendEntries: org.apache.ratis.thirdparty.io.grpc.StatusRuntimeException: UNAVAILABLE: Channel shutdownNow invoked
2019-10-10 12:40:50,728 [ForkJoinPool.commonPool-worker-1] INFO  impl.RaftServerImpl (ServerState.java:close(385)) - a5b85608-7f11-46ec-ae19-494ab54f3701@group-4E0D53597C14: closes. applyIndex: 0
2019-10-10 12:40:50,728 [grpc-default-executor-47] WARN  server.GrpcLogAppender (LogUtils.java:warn(134)) - 31dbcda4-c74c-4dfb-b27d-abb192246f85@group-58B2D30E1F0C->a5b85608-7f11-46ec-ae19-494ab54f3701-AppendLogResponseHandler: Failed appendEntries: org.apache.ratis.thirdparty.io.grpc.StatusRuntimeException: UNAVAILABLE: Channel shutdownNow invoked
2019-10-10 12:40:50,729 [a5b85608-7f11-46ec-ae19-494ab54f3701@group-4E0D53597C14-SegmentedRaftLogWorker] INFO  segmented.SegmentedRaftLogWorker (SegmentedRaftLogWorker.java:run(313)) - a5b85608-7f11-46ec-ae19-494ab54f3701@group-4E0D53597C14-SegmentedRaftLogWorker was interrupted, exiting. There are 0 tasks remaining in the queue.
2019-10-10 12:40:50,729 [grpc-default-executor-34] INFO  impl.FollowerInfo (FollowerInfo.java:lambda$new$0(51)) - 31dbcda4-c74c-4dfb-b27d-abb192246f85@group-BA18EEAD7E37->a5b85608-7f11-46ec-ae19-494ab54f3701: nextIndex: updateUnconditionally 1 -> 0
2019-10-10 12:40:50,728 [main] INFO  impl.RaftServerImpl (ServerState.java:close(385)) - 31dbcda4-c74c-4dfb-b27d-abb192246f85@group-4091CFA4C27B: closes. applyIndex: 2
2019-10-10 12:40:50,730 [ForkJoinPool.commonPool-worker-1] INFO  segmented.SegmentedRaftLogWorker (SegmentedRaftLogWorker.java:close(228)) - a5b85608-7f11-46ec-ae19-494ab54f3701@group-4E0D53597C14-SegmentedRaftLogWorker close()
2019-10-10 12:40:50,729 [grpc-default-executor-47] INFO  impl.FollowerInfo (FollowerInfo.java:lambda$new$0(51)) - 31dbcda4-c74c-4dfb-b27d-abb192246f85@group-58B2D30E1F0C->a5b85608-7f11-46ec-ae19-494ab54f3701: nextIndex: updateUnconditionally 1 -> 0
2019-10-10 12:40:50,731 [ForkJoinPool.commonPool-worker-1] INFO  impl.RaftServerImpl (RaftServerImpl.java:lambda$shutdown$3(251)) - a5b85608-7f11-46ec-ae19-494ab54f3701@group-2D1A61B296C8: shutdown
2019-10-10 12:40:50,730 [31dbcda4-c74c-4dfb-b27d-abb192246f85@group-4091CFA4C27B-SegmentedRaftLogWorker] INFO  segmented.SegmentedRaftLogWorker (SegmentedRaftLogWorker.java:run(313)) - 31dbcda4-c74c-4dfb-b27d-abb192246f85@group-4091CFA4C27B-SegmentedRaftLogWorker was interrupted, exiting. There are 0 tasks remaining in the queue.
2019-10-10 12:40:50,731 [ForkJoinPool.commonPool-worker-1] INFO  util.JmxRegister (JmxRegister.java:unregister(73)) - Successfully un-registered JMX Bean with object name Ratis:service=RaftServer,group=group-2D1A61B296C8,id=a5b85608-7f11-46ec-ae19-494ab54f3701
2019-10-10 12:40:50,734 [main] INFO  segmented.SegmentedRaftLogWorker (SegmentedRaftLogWorker.java:close(228)) - 31dbcda4-c74c-4dfb-b27d-abb192246f85@group-4091CFA4C27B-SegmentedRaftLogWorker close()
2019-10-10 12:40:50,734 [ForkJoinPool.commonPool-worker-1] INFO  impl.RoleInfo (RoleInfo.java:shutdownLeaderState(104)) - a5b85608-7f11-46ec-ae19-494ab54f3701: shutdown LeaderState
2019-10-10 12:40:50,735 [main] INFO  impl.RaftServerImpl (RaftServerImpl.java:lambda$shutdown$3(251)) - 31dbcda4-c74c-4dfb-b27d-abb192246f85@group-4F22982D157D: shutdown
2019-10-10 12:40:50,735 [org.apache.ratis.server.impl.LogAppender$AppenderDaemon$$Lambda$488/842312419@39ee7e6b] WARN  server.GrpcLogAppender (GrpcLogAppender.java:mayWait(143)) - a5b85608-7f11-46ec-ae19-494ab54f3701@group-2D1A61B296C8->31dbcda4-c74c-4dfb-b27d-abb192246f85-GrpcLogAppender: Wait interrupted by java.lang.InterruptedException
2019-10-10 12:40:50,735 [org.apache.ratis.server.impl.LogAppender$AppenderDaemon$$Lambda$488/842312419@50943806] WARN  server.GrpcLogAppender (GrpcLogAppender.java:mayWait(143)) - a5b85608-7f11-46ec-ae19-494ab54f3701@group-2D1A61B296C8->6f85b482-1ee3-41f8-b799-7ee315fa3ee8-GrpcLogAppender: Wait interrupted by java.lang.InterruptedException
2019-10-10 12:40:50,735 [ForkJoinPool.commonPool-worker-1] INFO  impl.PendingRequests (PendingRequests.java:sendNotLeaderResponses(202)) - a5b85608-7f11-46ec-ae19-494ab54f3701-PendingRequests: sendNotLeaderResponses
2019-10-10 12:40:50,736 [grpc-default-executor-47] INFO  server.GrpcServerProtocolService (GrpcServerProtocolService.java:onCompleted(113)) - 31dbcda4-c74c-4dfb-b27d-abb192246f85: Completed APPEND_ENTRIES, lastRequest: a5b85608-7f11-46ec-ae19-494ab54f3701->31dbcda4-c74c-4dfb-b27d-abb192246f85#30-t1, previous=(t:1, i:25), leaderCommit=25, initializing? false, entries: <empty>
2019-10-10 12:40:50,735 [main] INFO  util.JmxRegister (JmxRegister.java:unregister(73)) - Successfully un-registered JMX Bean with object name Ratis:service=RaftServer,group=group-4F22982D157D,id=31dbcda4-c74c-4dfb-b27d-abb192246f85
2019-10-10 12:40:50,742 [a5b85608-7f11-46ec-ae19-494ab54f3701@group-2D1A61B296C8-StateMachineUpdater] INFO  ratis.ContainerStateMachine (ContainerStateMachine.java:takeSnapshot(289)) - group-2D1A61B296C8: Taking a snapshot at:(t:1, i:23) file /workdir/hadoop-ozone/integration-test/target/test-dir/MiniOzoneClusterImpl-8284007a-d704-4ed0-a0ee-bee753f20599/datanode-1/data/ratis/9bae8a8c-c430-4fba-bd06-2d1a61b296c8/sm/snapshot.1_23
2019-10-10 12:40:50,742 [ForkJoinPool.commonPool-worker-1] INFO  impl.StateMachineUpdater (StateMachineUpdater.java:stopAndJoin(125)) - a5b85608-7f11-46ec-ae19-494ab54f3701@group-2D1A61B296C8-StateMachineUpdater: set stopIndex = 25
2019-10-10 12:40:50,742 [grpc-default-executor-34] INFO  server.GrpcLogAppender (GrpcLogAppender.java:onCompleted(293)) - a5b85608-7f11-46ec-ae19-494ab54f3701@group-2D1A61B296C8->31dbcda4-c74c-4dfb-b27d-abb192246f85-AppendLogResponseHandler: follower responses appendEntries COMPLETED
2019-10-10 12:40:50,742 [main] INFO  impl.RoleInfo (RoleInfo.java:shutdownFollowerState(121)) - 31dbcda4-c74c-4dfb-b27d-abb192246f85: shutdown FollowerState
2019-10-10 12:40:50,744 [grpc-default-executor-39] WARN  server.GrpcServerProtocolService (LogUtils.java:warn(134)) - 31dbcda4-c74c-4dfb-b27d-abb192246f85: installSnapshot onError, lastRequest: a5b85608-7f11-46ec-ae19-494ab54f3701->31dbcda4-c74c-4dfb-b27d-abb192246f85#3-t2, previous=(t:2, i:2), leaderCommit=2, initializing? false, entries: <empty>: org.apache.ratis.thirdparty.io.grpc.StatusRuntimeException: CANCELLED: cancelled before receiving half close
2019-10-10 12:40:50,744 [grpc-default-executor-52] WARN  server.GrpcServerProtocolService (LogUtils.java:warn(134)) - 31dbcda4-c74c-4dfb-b27d-abb192246f85: installSnapshot onError, lastRequest: a5b85608-7f11-46ec-ae19-494ab54f3701->31dbcda4-c74c-4dfb-b27d-abb192246f85#6-t1, previous=(t:1, i:0), leaderCommit=0, initializing? false, entries: <empty>: org.apache.ratis.thirdparty.io.grpc.StatusRuntimeException: CANCELLED: cancelled before receiving half close
2019-10-10 12:40:50,743 [grpc-default-executor-47] WARN  server.GrpcLogAppender (LogUtils.java:warn(134)) - a5b85608-7f11-46ec-ae19-494ab54f3701@group-4F22982D157D->31dbcda4-c74c-4dfb-b27d-abb192246f85-AppendLogResponseHandler: Failed appendEntries: org.apache.ratis.thirdparty.io.grpc.StatusRuntimeException: UNAVAILABLE: Channel shutdownNow invoked
2019-10-10 12:40:50,744 [grpc-default-executor-47] INFO  impl.FollowerInfo (FollowerInfo.java:lambda$new$0(51)) - a5b85608-7f11-46ec-ae19-494ab54f3701@group-4F22982D157D->31dbcda4-c74c-4dfb-b27d-abb192246f85: nextIndex: updateUnconditionally 1 -> 0
2019-10-10 12:40:50,743 [grpc-default-executor-54] WARN  server.GrpcLogAppender (LogUtils.java:warn(134)) - a5b85608-7f11-46ec-ae19-494ab54f3701@group-DF245211571A->31dbcda4-c74c-4dfb-b27d-abb192246f85-AppendLogResponseHandler: Failed appendEntries: org.apache.ratis.thirdparty.io.grpc.StatusRuntimeException: UNAVAILABLE: Channel shutdownNow invoked
2019-10-10 12:40:50,745 [grpc-default-executor-54] INFO  impl.FollowerInfo (FollowerInfo.java:lambda$new$0(51)) - a5b85608-7f11-46ec-ae19-494ab54f3701@group-DF245211571A->31dbcda4-c74c-4dfb-b27d-abb192246f85: nextIndex: updateUnconditionally 3 -> 2
2019-10-10 12:40:50,743 [Thread-7128] INFO  client.GrpcClientProtocolService (GrpcClientProtocolService.java:lambda$processClientRequest$0(278)) - Failed RaftClientRequest:client-3BB8619800D8->a5b85608-7f11-46ec-ae19-494ab54f3701@group-2D1A61B296C8, cid=496, seq=0, Watch-ALL_COMMITTED(21), Message:<EMPTY>, reply=RaftClientReply:client-3BB8619800D8->a5b85608-7f11-46ec-ae19-494ab54f3701@group-2D1A61B296C8, cid=496, FAILED org.apache.ratis.protocol.NotLeaderException: Server a5b85608-7f11-46ec-ae19-494ab54f3701@group-2D1A61B296C8 is not the leader, logIndex=0, commits[a5b85608-7f11-46ec-ae19-494ab54f3701:c25]
2019-10-10 12:40:50,743 [Thread-7129] INFO  client.GrpcClientProtocolService (GrpcClientProtocolService.java:lambda$processClientRequest$0(278)) - Failed RaftClientRequest:client-3BB8619800D8->a5b85608-7f11-46ec-ae19-494ab54f3701@group-2D1A61B296C8, cid=496, seq=0, Watch-ALL_COMMITTED(21), Message:<EMPTY>, reply=RaftClientReply:client-3BB8619800D8->a5b85608-7f11-46ec-ae19-494ab54f3701@group-2D1A61B296C8, cid=496, FAILED org.apache.ratis.protocol.NotLeaderException: Server a5b85608-7f11-46ec-ae19-494ab54f3701@group-2D1A61B296C8 is not the leader, logIndex=0, commits[a5b85608-7f11-46ec-ae19-494ab54f3701:c25]
2019-10-10 12:40:50,743 [Thread-7127] INFO  client.GrpcClientProtocolService (GrpcClientProtocolService.java:lambda$processClientRequest$0(278)) - Failed RaftClientRequest:client-3BB8619800D8->a5b85608-7f11-46ec-ae19-494ab54f3701@group-2D1A61B296C8, cid=496, seq=0, Watch-ALL_COMMITTED(21), Message:<EMPTY>, reply=RaftClientReply:client-3BB8619800D8->a5b85608-7f11-46ec-ae19-494ab54f3701@group-2D1A61B296C8, cid=496, FAILED org.apache.ratis.protocol.NotLeaderException: Server a5b85608-7f11-46ec-ae19-494ab54f3701@group-2D1A61B296C8 is not the leader, logIndex=0, commits[a5b85608-7f11-46ec-ae19-494ab54f3701:c25]
2019-10-10 12:40:50,743 [grpc-default-executor-34] INFO  impl.FollowerInfo (FollowerInfo.java:lambda$new$0(51)) - a5b85608-7f11-46ec-ae19-494ab54f3701@group-2D1A61B296C8->31dbcda4-c74c-4dfb-b27d-abb192246f85: nextIndex: updateUnconditionally 26 -> 25
2019-10-10 12:40:50,744 [Thread-6874] INFO  impl.FollowerState (FollowerState.java:run(115)) - 31dbcda4-c74c-4dfb-b27d-abb192246f85: FollowerState was interrupted: java.lang.InterruptedException: sleep interrupted
2019-10-10 12:40:50,744 [main] INFO  impl.StateMachineUpdater (StateMachineUpdater.java:stopAndJoin(125)) - 31dbcda4-c74c-4dfb-b27d-abb192246f85@group-4F22982D157D-StateMachineUpdater: set stopIndex = 0
2019-10-10 12:40:50,746 [main] INFO  impl.RaftServerImpl (ServerState.java:close(385)) - 31dbcda4-c74c-4dfb-b27d-abb192246f85@group-4F22982D157D: closes. applyIndex: 0
2019-10-10 12:40:50,746 [31dbcda4-c74c-4dfb-b27d-abb192246f85@group-4F22982D157D-SegmentedRaftLogWorker] INFO  segmented.SegmentedRaftLogWorker (SegmentedRaftLogWorker.java:run(313)) - 31dbcda4-c74c-4dfb-b27d-abb192246f85@group-4F22982D157D-SegmentedRaftLogWorker was interrupted, exiting. There are 0 tasks remaining in the queue.
2019-10-10 12:40:50,747 [main] INFO  segmented.SegmentedRaftLogWorker (SegmentedRaftLogWorker.java:close(228)) - 31dbcda4-c74c-4dfb-b27d-abb192246f85@group-4F22982D157D-SegmentedRaftLogWorker close()
2019-10-10 12:40:50,747 [main] INFO  impl.RaftServerImpl (RaftServerImpl.java:lambda$shutdown$3(251)) - 31dbcda4-c74c-4dfb-b27d-abb192246f85@group-BA18EEAD7E37: shutdown
2019-10-10 12:40:50,747 [main] INFO  util.JmxRegister (JmxRegister.java:unregister(73)) - Successfully un-registered JMX Bean with object name Ratis:service=RaftServer,group=group-BA18EEAD7E37,id=31dbcda4-c74c-4dfb-b27d-abb192246f85
2019-10-10 12:40:50,748 [main] INFO  impl.RoleInfo (RoleInfo.java:shutdownLeaderState(104)) - 31dbcda4-c74c-4dfb-b27d-abb192246f85: shutdown LeaderState
2019-10-10 12:40:50,748 [main] INFO  impl.PendingRequests (PendingRequests.java:sendNotLeaderResponses(202)) - 31dbcda4-c74c-4dfb-b27d-abb192246f85-PendingRequests: sendNotLeaderResponses
2019-10-10 12:40:50,748 [org.apache.ratis.server.impl.LogAppender$AppenderDaemon$$Lambda$488/842312419@346b8326] WARN  server.GrpcLogAppender (GrpcLogAppender.java:mayWait(143)) - 31dbcda4-c74c-4dfb-b27d-abb192246f85@group-BA18EEAD7E37->a5b85608-7f11-46ec-ae19-494ab54f3701-GrpcLogAppender: Wait interrupted by java.lang.InterruptedException
2019-10-10 12:40:50,748 [org.apache.ratis.server.impl.LogAppender$AppenderDaemon$$Lambda$488/842312419@34758904] WARN  server.GrpcLogAppender (GrpcLogAppender.java:mayWait(143)) - 31dbcda4-c74c-4dfb-b27d-abb192246f85@group-BA18EEAD7E37->6f85b482-1ee3-41f8-b799-7ee315fa3ee8-GrpcLogAppender: Wait interrupted by java.lang.InterruptedException
2019-10-10 12:40:50,748 [main] INFO  impl.StateMachineUpdater (StateMachineUpdater.java:stopAndJoin(125)) - 31dbcda4-c74c-4dfb-b27d-abb192246f85@group-BA18EEAD7E37-StateMachineUpdater: set stopIndex = 0
2019-10-10 12:40:50,749 [main] INFO  impl.RaftServerImpl (ServerState.java:close(385)) - 31dbcda4-c74c-4dfb-b27d-abb192246f85@group-BA18EEAD7E37: closes. applyIndex: 0
2019-10-10 12:40:50,749 [31dbcda4-c74c-4dfb-b27d-abb192246f85@group-BA18EEAD7E37-SegmentedRaftLogWorker] INFO  segmented.SegmentedRaftLogWorker (SegmentedRaftLogWorker.java:run(313)) - 31dbcda4-c74c-4dfb-b27d-abb192246f85@group-BA18EEAD7E37-SegmentedRaftLogWorker was interrupted, exiting. There are 0 tasks remaining in the queue.
2019-10-10 12:40:50,750 [main] INFO  segmented.SegmentedRaftLogWorker (SegmentedRaftLogWorker.java:close(228)) - 31dbcda4-c74c-4dfb-b27d-abb192246f85@group-BA18EEAD7E37-SegmentedRaftLogWorker close()
2019-10-10 12:40:50,750 [main] INFO  impl.RaftServerImpl (RaftServerImpl.java:lambda$shutdown$3(251)) - 31dbcda4-c74c-4dfb-b27d-abb192246f85@group-58B2D30E1F0C: shutdown
2019-10-10 12:40:50,750 [main] INFO  util.JmxRegister (JmxRegister.java:unregister(73)) - Successfully un-registered JMX Bean with object name Ratis:service=RaftServer,group=group-58B2D30E1F0C,id=31dbcda4-c74c-4dfb-b27d-abb192246f85
2019-10-10 12:40:50,751 [main] INFO  impl.RoleInfo (RoleInfo.java:shutdownLeaderState(104)) - 31dbcda4-c74c-4dfb-b27d-abb192246f85: shutdown LeaderState
2019-10-10 12:40:50,751 [main] INFO  impl.PendingRequests (PendingRequests.java:sendNotLeaderResponses(202)) - 31dbcda4-c74c-4dfb-b27d-abb192246f85-PendingRequests: sendNotLeaderResponses
2019-10-10 12:40:50,751 [org.apache.ratis.server.impl.LogAppender$AppenderDaemon$$Lambda$488/842312419@5f34b63] WARN  server.GrpcLogAppender (GrpcLogAppender.java:mayWait(143)) - 31dbcda4-c74c-4dfb-b27d-abb192246f85@group-58B2D30E1F0C->6f85b482-1ee3-41f8-b799-7ee315fa3ee8-GrpcLogAppender: Wait interrupted by java.lang.InterruptedException
2019-10-10 12:40:50,751 [org.apache.ratis.server.impl.LogAppender$AppenderDaemon$$Lambda$488/842312419@24e9f5a] WARN  server.GrpcLogAppender (GrpcLogAppender.java:mayWait(143)) - 31dbcda4-c74c-4dfb-b27d-abb192246f85@group-58B2D30E1F0C->a5b85608-7f11-46ec-ae19-494ab54f3701-GrpcLogAppender: Wait interrupted by java.lang.InterruptedException
2019-10-10 12:40:50,751 [main] INFO  impl.StateMachineUpdater (StateMachineUpdater.java:stopAndJoin(125)) - 31dbcda4-c74c-4dfb-b27d-abb192246f85@group-58B2D30E1F0C-StateMachineUpdater: set stopIndex = 0
2019-10-10 12:40:50,752 [main] INFO  impl.RaftServerImpl (ServerState.java:close(385)) - 31dbcda4-c74c-4dfb-b27d-abb192246f85@group-58B2D30E1F0C: closes. applyIndex: 0
2019-10-10 12:40:50,752 [31dbcda4-c74c-4dfb-b27d-abb192246f85@group-58B2D30E1F0C-SegmentedRaftLogWorker] INFO  segmented.SegmentedRaftLogWorker (SegmentedRaftLogWorker.java:run(313)) - 31dbcda4-c74c-4dfb-b27d-abb192246f85@group-58B2D30E1F0C-SegmentedRaftLogWorker was interrupted, exiting. There are 0 tasks remaining in the queue.
2019-10-10 12:40:50,753 [main] INFO  segmented.SegmentedRaftLogWorker (SegmentedRaftLogWorker.java:close(228)) - 31dbcda4-c74c-4dfb-b27d-abb192246f85@group-58B2D30E1F0C-SegmentedRaftLogWorker close()
2019-10-10 12:40:50,753 [main] INFO  impl.RaftServerImpl (RaftServerImpl.java:lambda$shutdown$3(251)) - 31dbcda4-c74c-4dfb-b27d-abb192246f85@group-A127A8B5169C: shutdown
2019-10-10 12:40:50,753 [main] INFO  util.JmxRegister (JmxRegister.java:unregister(73)) - Successfully un-registered JMX Bean with object name Ratis:service=RaftServer,group=group-A127A8B5169C,id=31dbcda4-c74c-4dfb-b27d-abb192246f85
2019-10-10 12:40:50,754 [main] INFO  impl.RoleInfo (RoleInfo.java:shutdownFollowerState(121)) - 31dbcda4-c74c-4dfb-b27d-abb192246f85: shutdown FollowerState
2019-10-10 12:40:50,754 [main] INFO  impl.StateMachineUpdater (StateMachineUpdater.java:stopAndJoin(125)) - 31dbcda4-c74c-4dfb-b27d-abb192246f85@group-A127A8B5169C-StateMachineUpdater: set stopIndex = 0
2019-10-10 12:40:50,754 [main] INFO  impl.RaftServerImpl (ServerState.java:close(385)) - 31dbcda4-c74c-4dfb-b27d-abb192246f85@group-A127A8B5169C: closes. applyIndex: 0
2019-10-10 12:40:50,754 [Thread-6852] INFO  impl.FollowerState (FollowerState.java:run(115)) - 31dbcda4-c74c-4dfb-b27d-abb192246f85: FollowerState was interrupted: java.lang.InterruptedException: sleep interrupted
2019-10-10 12:40:50,755 [31dbcda4-c74c-4dfb-b27d-abb192246f85@group-A127A8B5169C-SegmentedRaftLogWorker] INFO  segmented.SegmentedRaftLogWorker (SegmentedRaftLogWorker.java:run(313)) - 31dbcda4-c74c-4dfb-b27d-abb192246f85@group-A127A8B5169C-SegmentedRaftLogWorker was interrupted, exiting. There are 0 tasks remaining in the queue.
2019-10-10 12:40:50,768 [main] INFO  segmented.SegmentedRaftLogWorker (SegmentedRaftLogWorker.java:close(228)) - 31dbcda4-c74c-4dfb-b27d-abb192246f85@group-A127A8B5169C-SegmentedRaftLogWorker close()
2019-10-10 12:40:50,768 [main] INFO  impl.RaftServerImpl (RaftServerImpl.java:lambda$shutdown$3(251)) - 31dbcda4-c74c-4dfb-b27d-abb192246f85@group-DF245211571A: shutdown
2019-10-10 12:40:50,768 [a5b85608-7f11-46ec-ae19-494ab54f3701@group-2D1A61B296C8-StateMachineUpdater] INFO  ratis.ContainerStateMachine (ContainerStateMachine.java:takeSnapshot(300)) - group-2D1A61B296C8: Finished taking a snapshot at:(t:1, i:23) file:/workdir/hadoop-ozone/integration-test/target/test-dir/MiniOzoneClusterImpl-8284007a-d704-4ed0-a0ee-bee753f20599/datanode-1/data/ratis/9bae8a8c-c430-4fba-bd06-2d1a61b296c8/sm/snapshot.1_23 time:26
2019-10-10 12:40:50,769 [main] INFO  util.JmxRegister (JmxRegister.java:unregister(73)) - Successfully un-registered JMX Bean with object name Ratis:service=RaftServer,group=group-DF245211571A,id=31dbcda4-c74c-4dfb-b27d-abb192246f85
2019-10-10 12:40:50,769 [a5b85608-7f11-46ec-ae19-494ab54f3701@group-2D1A61B296C8-StateMachineUpdater] INFO  impl.StateMachineUpdater (StateMachineUpdater.java:takeSnapshot(258)) - a5b85608-7f11-46ec-ae19-494ab54f3701@group-2D1A61B296C8-StateMachineUpdater: Took a snapshot at index 23
2019-10-10 12:40:50,769 [main] INFO  impl.RoleInfo (RoleInfo.java:shutdownFollowerState(121)) - 31dbcda4-c74c-4dfb-b27d-abb192246f85: shutdown FollowerState
2019-10-10 12:40:50,769 [a5b85608-7f11-46ec-ae19-494ab54f3701@group-2D1A61B296C8-StateMachineUpdater] INFO  impl.StateMachineUpdater (StateMachineUpdater.java:lambda$new$0(83)) - a5b85608-7f11-46ec-ae19-494ab54f3701@group-2D1A61B296C8-StateMachineUpdater: snapshotIndex: updateIncreasingly -1 -> 23
2019-10-10 12:40:50,770 [Thread-7102] INFO  impl.FollowerState (FollowerState.java:run(115)) - 31dbcda4-c74c-4dfb-b27d-abb192246f85: FollowerState was interrupted: java.lang.InterruptedException: sleep interrupted
2019-10-10 12:40:50,770 [a5b85608-7f11-46ec-ae19-494ab54f3701@group-2D1A61B296C8-StateMachineUpdater] INFO  ratis.ContainerStateMachine (ContainerStateMachine.java:takeSnapshot(289)) - group-2D1A61B296C8: Taking a snapshot at:(t:1, i:23) file /workdir/hadoop-ozone/integration-test/target/test-dir/MiniOzoneClusterImpl-8284007a-d704-4ed0-a0ee-bee753f20599/datanode-1/data/ratis/9bae8a8c-c430-4fba-bd06-2d1a61b296c8/sm/snapshot.1_23
2019-10-10 12:40:50,769 [main] INFO  impl.StateMachineUpdater (StateMachineUpdater.java:stopAndJoin(125)) - 31dbcda4-c74c-4dfb-b27d-abb192246f85@group-DF245211571A-StateMachineUpdater: set stopIndex = 2
2019-10-10 12:40:50,770 [main] INFO  impl.RaftServerImpl (ServerState.java:close(385)) - 31dbcda4-c74c-4dfb-b27d-abb192246f85@group-DF245211571A: closes. applyIndex: 2
2019-10-10 12:40:50,770 [31dbcda4-c74c-4dfb-b27d-abb192246f85@group-DF245211571A-SegmentedRaftLogWorker] INFO  segmented.SegmentedRaftLogWorker (SegmentedRaftLogWorker.java:run(313)) - 31dbcda4-c74c-4dfb-b27d-abb192246f85@group-DF245211571A-SegmentedRaftLogWorker was interrupted, exiting. There are 0 tasks remaining in the queue.
2019-10-10 12:40:50,774 [main] INFO  segmented.SegmentedRaftLogWorker (SegmentedRaftLogWorker.java:close(228)) - 31dbcda4-c74c-4dfb-b27d-abb192246f85@group-DF245211571A-SegmentedRaftLogWorker close()
2019-10-10 12:40:50,774 [main] INFO  impl.RaftServerImpl (RaftServerImpl.java:lambda$shutdown$3(251)) - 31dbcda4-c74c-4dfb-b27d-abb192246f85@group-2D1A61B296C8: shutdown
2019-10-10 12:40:50,774 [main] INFO  util.JmxRegister (JmxRegister.java:unregister(73)) - Successfully un-registered JMX Bean with object name Ratis:service=RaftServer,group=group-2D1A61B296C8,id=31dbcda4-c74c-4dfb-b27d-abb192246f85
2019-10-10 12:40:50,775 [main] INFO  impl.RoleInfo (RoleInfo.java:shutdownFollowerState(121)) - 31dbcda4-c74c-4dfb-b27d-abb192246f85: shutdown FollowerState
2019-10-10 12:40:50,775 [main] INFO  impl.StateMachineUpdater (StateMachineUpdater.java:stopAndJoin(125)) - 31dbcda4-c74c-4dfb-b27d-abb192246f85@group-2D1A61B296C8-StateMachineUpdater: set stopIndex = 25
2019-10-10 12:40:50,775 [31dbcda4-c74c-4dfb-b27d-abb192246f85@group-2D1A61B296C8-StateMachineUpdater] INFO  ratis.ContainerStateMachine (ContainerStateMachine.java:takeSnapshot(289)) - group-2D1A61B296C8: Taking a snapshot at:(t:1, i:25) file /workdir/hadoop-ozone/integration-test/target/test-dir/MiniOzoneClusterImpl-8284007a-d704-4ed0-a0ee-bee753f20599/datanode-4/data/ratis/9bae8a8c-c430-4fba-bd06-2d1a61b296c8/sm/snapshot.1_25
2019-10-10 12:40:50,775 [Thread-6833] INFO  impl.FollowerState (FollowerState.java:run(115)) - 31dbcda4-c74c-4dfb-b27d-abb192246f85: FollowerState was interrupted: java.lang.InterruptedException: sleep interrupted
2019-10-10 12:40:50,794 [a5b85608-7f11-46ec-ae19-494ab54f3701@group-2D1A61B296C8-StateMachineUpdater] INFO  ratis.ContainerStateMachine (ContainerStateMachine.java:takeSnapshot(300)) - group-2D1A61B296C8: Finished taking a snapshot at:(t:1, i:23) file:/workdir/hadoop-ozone/integration-test/target/test-dir/MiniOzoneClusterImpl-8284007a-d704-4ed0-a0ee-bee753f20599/datanode-1/data/ratis/9bae8a8c-c430-4fba-bd06-2d1a61b296c8/sm/snapshot.1_23 time:25
2019-10-10 12:40:50,794 [31dbcda4-c74c-4dfb-b27d-abb192246f85@group-2D1A61B296C8-StateMachineUpdater] INFO  ratis.ContainerStateMachine (ContainerStateMachine.java:takeSnapshot(300)) - group-2D1A61B296C8: Finished taking a snapshot at:(t:1, i:25) file:/workdir/hadoop-ozone/integration-test/target/test-dir/MiniOzoneClusterImpl-8284007a-d704-4ed0-a0ee-bee753f20599/datanode-4/data/ratis/9bae8a8c-c430-4fba-bd06-2d1a61b296c8/sm/snapshot.1_25 time:19
2019-10-10 12:40:50,794 [a5b85608-7f11-46ec-ae19-494ab54f3701@group-2D1A61B296C8-StateMachineUpdater] INFO  impl.StateMachineUpdater (StateMachineUpdater.java:takeSnapshot(258)) - a5b85608-7f11-46ec-ae19-494ab54f3701@group-2D1A61B296C8-StateMachineUpdater: Took a snapshot at index 23
2019-10-10 12:40:50,794 [a5b85608-7f11-46ec-ae19-494ab54f3701@group-2D1A61B296C8-StateMachineUpdater] INFO  impl.StateMachineUpdater (StateMachineUpdater.java:lambda$new$0(83)) - a5b85608-7f11-46ec-ae19-494ab54f3701@group-2D1A61B296C8-StateMachineUpdater: snapshotIndex: updateIncreasingly 23 -> 23
2019-10-10 12:40:50,794 [31dbcda4-c74c-4dfb-b27d-abb192246f85@group-2D1A61B296C8-StateMachineUpdater] INFO  impl.StateMachineUpdater (StateMachineUpdater.java:takeSnapshot(258)) - 31dbcda4-c74c-4dfb-b27d-abb192246f85@group-2D1A61B296C8-StateMachineUpdater: Took a snapshot at index 25
2019-10-10 12:40:50,795 [31dbcda4-c74c-4dfb-b27d-abb192246f85@group-2D1A61B296C8-StateMachineUpdater] INFO  impl.StateMachineUpdater (StateMachineUpdater.java:lambda$new$0(83)) - 31dbcda4-c74c-4dfb-b27d-abb192246f85@group-2D1A61B296C8-StateMachineUpdater: snapshotIndex: updateIncreasingly -1 -> 25
2019-10-10 12:40:50,795 [ForkJoinPool.commonPool-worker-1] INFO  impl.RaftServerImpl (ServerState.java:close(385)) - a5b85608-7f11-46ec-ae19-494ab54f3701@group-2D1A61B296C8: closes. applyIndex: 25
2019-10-10 12:40:50,795 [main] INFO  impl.RaftServerImpl (ServerState.java:close(385)) - 31dbcda4-c74c-4dfb-b27d-abb192246f85@group-2D1A61B296C8: closes. applyIndex: 25
2019-10-10 12:40:50,795 [a5b85608-7f11-46ec-ae19-494ab54f3701@group-2D1A61B296C8-SegmentedRaftLogWorker] INFO  segmented.SegmentedRaftLogWorker (SegmentedRaftLogWorker.java:run(313)) - a5b85608-7f11-46ec-ae19-494ab54f3701@group-2D1A61B296C8-SegmentedRaftLogWorker was interrupted, exiting. There are 0 tasks remaining in the queue.
2019-10-10 12:40:50,795 [31dbcda4-c74c-4dfb-b27d-abb192246f85@group-2D1A61B296C8-SegmentedRaftLogWorker] INFO  segmented.SegmentedRaftLogWorker (SegmentedRaftLogWorker.java:run(313)) - 31dbcda4-c74c-4dfb-b27d-abb192246f85@group-2D1A61B296C8-SegmentedRaftLogWorker was interrupted, exiting. There are 0 tasks remaining in the queue.
2019-10-10 12:40:50,798 [ForkJoinPool.commonPool-worker-1] INFO  segmented.SegmentedRaftLogWorker (SegmentedRaftLogWorker.java:close(228)) - a5b85608-7f11-46ec-ae19-494ab54f3701@group-2D1A61B296C8-SegmentedRaftLogWorker close()
2019-10-10 12:40:50,800 [main] INFO  segmented.SegmentedRaftLogWorker (SegmentedRaftLogWorker.java:close(228)) - 31dbcda4-c74c-4dfb-b27d-abb192246f85@group-2D1A61B296C8-SegmentedRaftLogWorker close()
2019-10-10 12:40:50,801 [ForkJoinPool.commonPool-worker-1] INFO  impl.RaftServerImpl (RaftServerImpl.java:lambda$shutdown$3(251)) - a5b85608-7f11-46ec-ae19-494ab54f3701@group-4F22982D157D: shutdown
2019-10-10 12:40:50,801 [main] INFO  impl.RaftServerImpl (RaftServerImpl.java:lambda$shutdown$3(251)) - 31dbcda4-c74c-4dfb-b27d-abb192246f85@group-1C79ACAAC9C2: shutdown
2019-10-10 12:40:50,801 [ForkJoinPool.commonPool-worker-1] INFO  util.JmxRegister (JmxRegister.java:unregister(73)) - Successfully un-registered JMX Bean with object name Ratis:service=RaftServer,group=group-4F22982D157D,id=a5b85608-7f11-46ec-ae19-494ab54f3701
2019-10-10 12:40:50,802 [main] INFO  util.JmxRegister (JmxRegister.java:unregister(73)) - Successfully un-registered JMX Bean with object name Ratis:service=RaftServer,group=group-1C79ACAAC9C2,id=31dbcda4-c74c-4dfb-b27d-abb192246f85
2019-10-10 12:40:50,802 [ForkJoinPool.commonPool-worker-1] INFO  impl.RoleInfo (RoleInfo.java:shutdownLeaderState(104)) - a5b85608-7f11-46ec-ae19-494ab54f3701: shutdown LeaderState
2019-10-10 12:40:50,802 [main] INFO  impl.RoleInfo (RoleInfo.java:shutdownFollowerState(121)) - 31dbcda4-c74c-4dfb-b27d-abb192246f85: shutdown FollowerState
2019-10-10 12:40:50,803 [org.apache.ratis.server.impl.LogAppender$AppenderDaemon$$Lambda$488/842312419@731cfac4] WARN  server.GrpcLogAppender (GrpcLogAppender.java:mayWait(143)) - a5b85608-7f11-46ec-ae19-494ab54f3701@group-4F22982D157D->31dbcda4-c74c-4dfb-b27d-abb192246f85-GrpcLogAppender: Wait interrupted by java.lang.InterruptedException
2019-10-10 12:40:50,803 [org.apache.ratis.server.impl.LogAppender$AppenderDaemon$$Lambda$488/842312419@158d7f19] WARN  server.GrpcLogAppender (GrpcLogAppender.java:mayWait(143)) - a5b85608-7f11-46ec-ae19-494ab54f3701@group-4F22982D157D->6f85b482-1ee3-41f8-b799-7ee315fa3ee8-GrpcLogAppender: Wait interrupted by java.lang.InterruptedException
2019-10-10 12:40:50,803 [ForkJoinPool.commonPool-worker-1] INFO  impl.PendingRequests (PendingRequests.java:sendNotLeaderResponses(202)) - a5b85608-7f11-46ec-ae19-494ab54f3701-PendingRequests: sendNotLeaderResponses
2019-10-10 12:40:50,803 [Thread-6963] INFO  impl.FollowerState (FollowerState.java:run(115)) - 31dbcda4-c74c-4dfb-b27d-abb192246f85: FollowerState was interrupted: java.lang.InterruptedException: sleep interrupted
2019-10-10 12:40:50,803 [main] INFO  impl.StateMachineUpdater (StateMachineUpdater.java:stopAndJoin(125)) - 31dbcda4-c74c-4dfb-b27d-abb192246f85@group-1C79ACAAC9C2-StateMachineUpdater: set stopIndex = -1
2019-10-10 12:40:50,804 [main] INFO  impl.RaftServerImpl (ServerState.java:close(385)) - 31dbcda4-c74c-4dfb-b27d-abb192246f85@group-1C79ACAAC9C2: closes. applyIndex: -1
2019-10-10 12:40:50,803 [ForkJoinPool.commonPool-worker-1] INFO  impl.StateMachineUpdater (StateMachineUpdater.java:stopAndJoin(125)) - a5b85608-7f11-46ec-ae19-494ab54f3701@group-4F22982D157D-StateMachineUpdater: set stopIndex = 0
2019-10-10 12:40:50,804 [ForkJoinPool.commonPool-worker-1] INFO  impl.RaftServerImpl (ServerState.java:close(385)) - a5b85608-7f11-46ec-ae19-494ab54f3701@group-4F22982D157D: closes. applyIndex: 0
2019-10-10 12:40:50,804 [31dbcda4-c74c-4dfb-b27d-abb192246f85@group-1C79ACAAC9C2-SegmentedRaftLogWorker] INFO  segmented.SegmentedRaftLogWorker (SegmentedRaftLogWorker.java:run(313)) - 31dbcda4-c74c-4dfb-b27d-abb192246f85@group-1C79ACAAC9C2-SegmentedRaftLogWorker was interrupted, exiting. There are 0 tasks remaining in the queue.
2019-10-10 12:40:50,805 [a5b85608-7f11-46ec-ae19-494ab54f3701@group-4F22982D157D-SegmentedRaftLogWorker] INFO  segmented.SegmentedRaftLogWorker (SegmentedRaftLogWorker.java:run(313)) - a5b85608-7f11-46ec-ae19-494ab54f3701@group-4F22982D157D-SegmentedRaftLogWorker was interrupted, exiting. There are 0 tasks remaining in the queue.
2019-10-10 12:40:50,805 [main] INFO  segmented.SegmentedRaftLogWorker (SegmentedRaftLogWorker.java:close(228)) - 31dbcda4-c74c-4dfb-b27d-abb192246f85@group-1C79ACAAC9C2-SegmentedRaftLogWorker close()
2019-10-10 12:40:50,805 [ForkJoinPool.commonPool-worker-1] INFO  segmented.SegmentedRaftLogWorker (SegmentedRaftLogWorker.java:close(228)) - a5b85608-7f11-46ec-ae19-494ab54f3701@group-4F22982D157D-SegmentedRaftLogWorker close()
2019-10-10 12:40:50,805 [main] INFO  server.GrpcService (GrpcService.java:closeImpl(164)) - 31dbcda4-c74c-4dfb-b27d-abb192246f85: shutdown server with port 46534 now
2019-10-10 12:40:50,806 [ForkJoinPool.commonPool-worker-1] INFO  impl.RaftServerImpl (RaftServerImpl.java:lambda$shutdown$3(251)) - a5b85608-7f11-46ec-ae19-494ab54f3701@group-BAAFDA4BB310: shutdown
2019-10-10 12:40:50,806 [main] INFO  server.GrpcService (GrpcService.java:closeImpl(172)) - 31dbcda4-c74c-4dfb-b27d-abb192246f85: shutdown server with port 46534 successfully
2019-10-10 12:40:50,806 [ForkJoinPool.commonPool-worker-1] INFO  util.JmxRegister (JmxRegister.java:unregister(73)) - Successfully un-registered JMX Bean with object name Ratis:service=RaftServer,group=group-BAAFDA4BB310,id=a5b85608-7f11-46ec-ae19-494ab54f3701
2019-10-10 12:40:50,807 [ForkJoinPool.commonPool-worker-1] INFO  impl.RoleInfo (RoleInfo.java:shutdownLeaderState(104)) - a5b85608-7f11-46ec-ae19-494ab54f3701: shutdown LeaderState
2019-10-10 12:40:50,809 [org.apache.ratis.server.impl.LogAppender$AppenderDaemon$$Lambda$488/842312419@4032621d] WARN  server.GrpcLogAppender (GrpcLogAppender.java:mayWait(143)) - a5b85608-7f11-46ec-ae19-494ab54f3701@group-BAAFDA4BB310->6f85b482-1ee3-41f8-b799-7ee315fa3ee8-GrpcLogAppender: Wait interrupted by java.lang.InterruptedException
2019-10-10 12:40:50,812 [ForkJoinPool.commonPool-worker-1] INFO  impl.PendingRequests (PendingRequests.java:sendNotLeaderResponses(202)) - a5b85608-7f11-46ec-ae19-494ab54f3701-PendingRequests: sendNotLeaderResponses
2019-10-10 12:40:50,812 [org.apache.ratis.server.impl.LogAppender$AppenderDaemon$$Lambda$488/842312419@2b3a7ced] WARN  server.GrpcLogAppender (GrpcLogAppender.java:mayWait(143)) - a5b85608-7f11-46ec-ae19-494ab54f3701@group-BAAFDA4BB310->2977129d-288a-401c-9baf-20955028e955-GrpcLogAppender: Wait interrupted by java.lang.InterruptedException
2019-10-10 12:40:50,814 [ForkJoinPool.commonPool-worker-1] INFO  impl.StateMachineUpdater (StateMachineUpdater.java:stopAndJoin(125)) - a5b85608-7f11-46ec-ae19-494ab54f3701@group-BAAFDA4BB310-StateMachineUpdater: set stopIndex = 2
2019-10-10 12:40:50,814 [ForkJoinPool.commonPool-worker-1] INFO  impl.RaftServerImpl (ServerState.java:close(385)) - a5b85608-7f11-46ec-ae19-494ab54f3701@group-BAAFDA4BB310: closes. applyIndex: 2
2019-10-10 12:40:50,814 [grpc-default-executor-34] INFO  server.GrpcServerProtocolService (GrpcServerProtocolService.java:onCompleted(113)) - 2977129d-288a-401c-9baf-20955028e955: Completed APPEND_ENTRIES, lastRequest: a5b85608-7f11-46ec-ae19-494ab54f3701->2977129d-288a-401c-9baf-20955028e955#3-t2, previous=(t:2, i:2), leaderCommit=2, initializing? false, entries: <empty>
2019-10-10 12:40:50,815 [refreshUsed-/workdir/hadoop-ozone/integration-test/target/test-dir/MiniOzoneClusterImpl-8284007a-d704-4ed0-a0ee-bee753f20599/datanode-4/data/containers] WARN  fs.CachingGetSpaceUsed (CachingGetSpaceUsed.java:run(183)) - Thread Interrupted waiting to refresh disk information: sleep interrupted
2019-10-10 12:40:50,815 [a5b85608-7f11-46ec-ae19-494ab54f3701@group-BAAFDA4BB310-SegmentedRaftLogWorker] INFO  segmented.SegmentedRaftLogWorker (SegmentedRaftLogWorker.java:run(313)) - a5b85608-7f11-46ec-ae19-494ab54f3701@group-BAAFDA4BB310-SegmentedRaftLogWorker was interrupted, exiting. There are 0 tasks remaining in the queue.
2019-10-10 12:40:50,815 [grpc-default-executor-34] INFO  server.GrpcLogAppender (GrpcLogAppender.java:onCompleted(293)) - a5b85608-7f11-46ec-ae19-494ab54f3701@group-BAAFDA4BB310->2977129d-288a-401c-9baf-20955028e955-AppendLogResponseHandler: follower responses appendEntries COMPLETED
2019-10-10 12:40:50,817 [ForkJoinPool.commonPool-worker-1] INFO  segmented.SegmentedRaftLogWorker (SegmentedRaftLogWorker.java:close(228)) - a5b85608-7f11-46ec-ae19-494ab54f3701@group-BAAFDA4BB310-SegmentedRaftLogWorker close()
2019-10-10 12:40:50,817 [grpc-default-executor-34] INFO  impl.FollowerInfo (FollowerInfo.java:lambda$new$0(51)) - a5b85608-7f11-46ec-ae19-494ab54f3701@group-BAAFDA4BB310->2977129d-288a-401c-9baf-20955028e955: nextIndex: updateUnconditionally 3 -> 2
2019-10-10 12:40:50,817 [ForkJoinPool.commonPool-worker-1] INFO  impl.RaftServerImpl (RaftServerImpl.java:lambda$shutdown$3(251)) - a5b85608-7f11-46ec-ae19-494ab54f3701@group-D85A2CF2A55E: shutdown
2019-10-10 12:40:50,818 [ForkJoinPool.commonPool-worker-1] INFO  util.JmxRegister (JmxRegister.java:unregister(73)) - Successfully un-registered JMX Bean with object name Ratis:service=RaftServer,group=group-D85A2CF2A55E,id=a5b85608-7f11-46ec-ae19-494ab54f3701
2019-10-10 12:40:50,818 [ForkJoinPool.commonPool-worker-1] INFO  impl.RoleInfo (RoleInfo.java:shutdownFollowerState(121)) - a5b85608-7f11-46ec-ae19-494ab54f3701: shutdown FollowerState
2019-10-10 12:40:50,818 [ForkJoinPool.commonPool-worker-1] INFO  impl.StateMachineUpdater (StateMachineUpdater.java:stopAndJoin(125)) - a5b85608-7f11-46ec-ae19-494ab54f3701@group-D85A2CF2A55E-StateMachineUpdater: set stopIndex = 14
2019-10-10 12:40:50,819 [Thread-6745] INFO  impl.FollowerState (FollowerState.java:run(115)) - a5b85608-7f11-46ec-ae19-494ab54f3701: FollowerState was interrupted: java.lang.InterruptedException: sleep interrupted
2019-10-10 12:40:50,818 [a5b85608-7f11-46ec-ae19-494ab54f3701@group-D85A2CF2A55E-StateMachineUpdater] INFO  ratis.ContainerStateMachine (ContainerStateMachine.java:takeSnapshot(289)) - group-D85A2CF2A55E: Taking a snapshot at:(t:1, i:12) file /workdir/hadoop-ozone/integration-test/target/test-dir/MiniOzoneClusterImpl-8284007a-d704-4ed0-a0ee-bee753f20599/datanode-1/data/ratis/ffe594bf-f732-47eb-9e67-d85a2cf2a55e/sm/snapshot.1_12
2019-10-10 12:40:50,833 [main] INFO  utils.BackgroundService (BackgroundService.java:shutdown(148)) - Shutting down service BlockDeletingService
2019-10-10 12:40:50,841 [main] INFO  statemachine.DatanodeStateMachine (DatanodeStateMachine.java:stopDaemon(395)) - Ozone container server stopped.
2019-10-10 12:40:50,842 [main] INFO  handler.ContextHandler (ContextHandler.java:doStop(910)) - Stopped o.e.j.w.WebAppContext@27c53c32{/,null,UNAVAILABLE}{/hddsDatanode}
2019-10-10 12:40:50,843 [main] INFO  server.AbstractConnector (AbstractConnector.java:doStop(318)) - Stopped ServerConnector@68aec50{HTTP/1.1,[http/1.1]}{0.0.0.0:0}
2019-10-10 12:40:50,843 [main] INFO  handler.ContextHandler (ContextHandler.java:doStop(910)) - Stopped o.e.j.s.ServletContextHandler@2f15a964{/static,jar:file:/home/user/.m2/repository/org/apache/hadoop/hadoop-hdds-container-service/0.5.0-SNAPSHOT/hadoop-hdds-container-service-0.5.0-SNAPSHOT.jar!/webapps/static,UNAVAILABLE}
2019-10-10 12:40:50,844 [main] INFO  handler.ContextHandler (ContextHandler.java:doStop(910)) - Stopped o.e.j.s.ServletContextHandler@26275b46{/logs,file:///workdir/hadoop-ozone/integration-test/target/log,UNAVAILABLE}
2019-10-10 12:40:50,844 [a5b85608-7f11-46ec-ae19-494ab54f3701@group-D85A2CF2A55E-StateMachineUpdater] INFO  ratis.ContainerStateMachine (ContainerStateMachine.java:takeSnapshot(300)) - group-D85A2CF2A55E: Finished taking a snapshot at:(t:1, i:12) file:/workdir/hadoop-ozone/integration-test/target/test-dir/MiniOzoneClusterImpl-8284007a-d704-4ed0-a0ee-bee753f20599/datanode-1/data/ratis/ffe594bf-f732-47eb-9e67-d85a2cf2a55e/sm/snapshot.1_12 time:26
2019-10-10 12:40:50,844 [a5b85608-7f11-46ec-ae19-494ab54f3701@group-D85A2CF2A55E-StateMachineUpdater] INFO  impl.StateMachineUpdater (StateMachineUpdater.java:takeSnapshot(258)) - a5b85608-7f11-46ec-ae19-494ab54f3701@group-D85A2CF2A55E-StateMachineUpdater: Took a snapshot at index 12
2019-10-10 12:40:50,845 [a5b85608-7f11-46ec-ae19-494ab54f3701@group-D85A2CF2A55E-StateMachineUpdater] INFO  impl.StateMachineUpdater (StateMachineUpdater.java:lambda$new$0(83)) - a5b85608-7f11-46ec-ae19-494ab54f3701@group-D85A2CF2A55E-StateMachineUpdater: snapshotIndex: updateIncreasingly -1 -> 12
2019-10-10 12:40:50,845 [a5b85608-7f11-46ec-ae19-494ab54f3701@group-D85A2CF2A55E-StateMachineUpdater] INFO  ratis.ContainerStateMachine (ContainerStateMachine.java:takeSnapshot(289)) - group-D85A2CF2A55E: Taking a snapshot at:(t:1, i:12) file /workdir/hadoop-ozone/integration-test/target/test-dir/MiniOzoneClusterImpl-8284007a-d704-4ed0-a0ee-bee753f20599/datanode-1/data/ratis/ffe594bf-f732-47eb-9e67-d85a2cf2a55e/sm/snapshot.1_12
2019-10-10 12:40:50,857 [a5b85608-7f11-46ec-ae19-494ab54f3701@group-D85A2CF2A55E-StateMachineUpdater] INFO  ratis.ContainerStateMachine (ContainerStateMachine.java:takeSnapshot(300)) - group-D85A2CF2A55E: Finished taking a snapshot at:(t:1, i:12) file:/workdir/hadoop-ozone/integration-test/target/test-dir/MiniOzoneClusterImpl-8284007a-d704-4ed0-a0ee-bee753f20599/datanode-1/data/ratis/ffe594bf-f732-47eb-9e67-d85a2cf2a55e/sm/snapshot.1_12 time:11
2019-10-10 12:40:50,857 [a5b85608-7f11-46ec-ae19-494ab54f3701@group-D85A2CF2A55E-StateMachineUpdater] INFO  impl.StateMachineUpdater (StateMachineUpdater.java:takeSnapshot(258)) - a5b85608-7f11-46ec-ae19-494ab54f3701@group-D85A2CF2A55E-StateMachineUpdater: Took a snapshot at index 12
2019-10-10 12:40:50,857 [a5b85608-7f11-46ec-ae19-494ab54f3701@group-D85A2CF2A55E-StateMachineUpdater] INFO  impl.StateMachineUpdater (StateMachineUpdater.java:lambda$new$0(83)) - a5b85608-7f11-46ec-ae19-494ab54f3701@group-D85A2CF2A55E-StateMachineUpdater: snapshotIndex: updateIncreasingly 12 -> 12
2019-10-10 12:40:50,857 [ForkJoinPool.commonPool-worker-1] INFO  impl.RaftServerImpl (ServerState.java:close(385)) - a5b85608-7f11-46ec-ae19-494ab54f3701@group-D85A2CF2A55E: closes. applyIndex: 14
2019-10-10 12:40:50,857 [a5b85608-7f11-46ec-ae19-494ab54f3701@group-D85A2CF2A55E-SegmentedRaftLogWorker] INFO  segmented.SegmentedRaftLogWorker (SegmentedRaftLogWorker.java:run(313)) - a5b85608-7f11-46ec-ae19-494ab54f3701@group-D85A2CF2A55E-SegmentedRaftLogWorker was interrupted, exiting. There are 0 tasks remaining in the queue.
2019-10-10 12:40:50,859 [ForkJoinPool.commonPool-worker-1] INFO  segmented.SegmentedRaftLogWorker (SegmentedRaftLogWorker.java:close(228)) - a5b85608-7f11-46ec-ae19-494ab54f3701@group-D85A2CF2A55E-SegmentedRaftLogWorker close()
2019-10-10 12:40:50,860 [ForkJoinPool.commonPool-worker-1] INFO  impl.RaftServerImpl (RaftServerImpl.java:lambda$shutdown$3(251)) - a5b85608-7f11-46ec-ae19-494ab54f3701@group-BA18EEAD7E37: shutdown
2019-10-10 12:40:50,860 [ForkJoinPool.commonPool-worker-1] INFO  util.JmxRegister (JmxRegister.java:unregister(73)) - Successfully un-registered JMX Bean with object name Ratis:service=RaftServer,group=group-BA18EEAD7E37,id=a5b85608-7f11-46ec-ae19-494ab54f3701
2019-10-10 12:40:50,860 [ForkJoinPool.commonPool-worker-1] INFO  impl.RoleInfo (RoleInfo.java:shutdownFollowerState(121)) - a5b85608-7f11-46ec-ae19-494ab54f3701: shutdown FollowerState
2019-10-10 12:40:50,860 [ForkJoinPool.commonPool-worker-1] INFO  impl.StateMachineUpdater (StateMachineUpdater.java:stopAndJoin(125)) - a5b85608-7f11-46ec-ae19-494ab54f3701@group-BA18EEAD7E37-StateMachineUpdater: set stopIndex = 0
2019-10-10 12:40:50,860 [Thread-6980] INFO  impl.FollowerState (FollowerState.java:run(115)) - a5b85608-7f11-46ec-ae19-494ab54f3701: FollowerState was interrupted: java.lang.InterruptedException: sleep interrupted
2019-10-10 12:40:50,860 [ForkJoinPool.commonPool-worker-1] INFO  impl.RaftServerImpl (ServerState.java:close(385)) - a5b85608-7f11-46ec-ae19-494ab54f3701@group-BA18EEAD7E37: closes. applyIndex: 0
2019-10-10 12:40:50,861 [a5b85608-7f11-46ec-ae19-494ab54f3701@group-BA18EEAD7E37-SegmentedRaftLogWorker] INFO  segmented.SegmentedRaftLogWorker (SegmentedRaftLogWorker.java:run(313)) - a5b85608-7f11-46ec-ae19-494ab54f3701@group-BA18EEAD7E37-SegmentedRaftLogWorker was interrupted, exiting. There are 0 tasks remaining in the queue.
2019-10-10 12:40:50,861 [ForkJoinPool.commonPool-worker-1] INFO  segmented.SegmentedRaftLogWorker (SegmentedRaftLogWorker.java:close(228)) - a5b85608-7f11-46ec-ae19-494ab54f3701@group-BA18EEAD7E37-SegmentedRaftLogWorker close()
2019-10-10 12:40:50,861 [ForkJoinPool.commonPool-worker-1] INFO  impl.RaftServerImpl (RaftServerImpl.java:lambda$shutdown$3(251)) - a5b85608-7f11-46ec-ae19-494ab54f3701@group-C411512F47B2: shutdown
2019-10-10 12:40:50,861 [ForkJoinPool.commonPool-worker-1] INFO  util.JmxRegister (JmxRegister.java:unregister(73)) - Successfully un-registered JMX Bean with object name Ratis:service=RaftServer,group=group-C411512F47B2,id=a5b85608-7f11-46ec-ae19-494ab54f3701
2019-10-10 12:40:50,862 [ForkJoinPool.commonPool-worker-1] INFO  impl.RoleInfo (RoleInfo.java:shutdownLeaderState(104)) - a5b85608-7f11-46ec-ae19-494ab54f3701: shutdown LeaderState
2019-10-10 12:40:50,862 [ForkJoinPool.commonPool-worker-1] INFO  impl.PendingRequests (PendingRequests.java:sendNotLeaderResponses(202)) - a5b85608-7f11-46ec-ae19-494ab54f3701-PendingRequests: sendNotLeaderResponses
2019-10-10 12:40:50,862 [ForkJoinPool.commonPool-worker-1] INFO  impl.StateMachineUpdater (StateMachineUpdater.java:stopAndJoin(125)) - a5b85608-7f11-46ec-ae19-494ab54f3701@group-C411512F47B2-StateMachineUpdater: set stopIndex = 0
2019-10-10 12:40:50,862 [ForkJoinPool.commonPool-worker-1] INFO  impl.RaftServerImpl (ServerState.java:close(385)) - a5b85608-7f11-46ec-ae19-494ab54f3701@group-C411512F47B2: closes. applyIndex: 0
2019-10-10 12:40:50,862 [a5b85608-7f11-46ec-ae19-494ab54f3701@group-C411512F47B2-SegmentedRaftLogWorker] INFO  segmented.SegmentedRaftLogWorker (SegmentedRaftLogWorker.java:run(313)) - a5b85608-7f11-46ec-ae19-494ab54f3701@group-C411512F47B2-SegmentedRaftLogWorker was interrupted, exiting. There are 0 tasks remaining in the queue.
2019-10-10 12:40:50,863 [ForkJoinPool.commonPool-worker-1] INFO  segmented.SegmentedRaftLogWorker (SegmentedRaftLogWorker.java:close(228)) - a5b85608-7f11-46ec-ae19-494ab54f3701@group-C411512F47B2-SegmentedRaftLogWorker close()
2019-10-10 12:40:50,863 [ForkJoinPool.commonPool-worker-1] INFO  impl.RaftServerImpl (RaftServerImpl.java:lambda$shutdown$3(251)) - a5b85608-7f11-46ec-ae19-494ab54f3701@group-4091CFA4C27B: shutdown
2019-10-10 12:40:50,863 [ForkJoinPool.commonPool-worker-1] INFO  util.JmxRegister (JmxRegister.java:unregister(73)) - Successfully un-registered JMX Bean with object name Ratis:service=RaftServer,group=group-4091CFA4C27B,id=a5b85608-7f11-46ec-ae19-494ab54f3701
2019-10-10 12:40:50,863 [ForkJoinPool.commonPool-worker-1] INFO  impl.RoleInfo (RoleInfo.java:shutdownFollowerState(121)) - a5b85608-7f11-46ec-ae19-494ab54f3701: shutdown FollowerState
2019-10-10 12:40:50,863 [ForkJoinPool.commonPool-worker-1] INFO  impl.StateMachineUpdater (StateMachineUpdater.java:stopAndJoin(125)) - a5b85608-7f11-46ec-ae19-494ab54f3701@group-4091CFA4C27B-StateMachineUpdater: set stopIndex = 2
2019-10-10 12:40:50,863 [Thread-7092] INFO  impl.FollowerState (FollowerState.java:run(115)) - a5b85608-7f11-46ec-ae19-494ab54f3701: FollowerState was interrupted: java.lang.InterruptedException: sleep interrupted
2019-10-10 12:40:50,863 [ForkJoinPool.commonPool-worker-1] INFO  impl.RaftServerImpl (ServerState.java:close(385)) - a5b85608-7f11-46ec-ae19-494ab54f3701@group-4091CFA4C27B: closes. applyIndex: 2
2019-10-10 12:40:50,864 [a5b85608-7f11-46ec-ae19-494ab54f3701@group-4091CFA4C27B-SegmentedRaftLogWorker] INFO  segmented.SegmentedRaftLogWorker (SegmentedRaftLogWorker.java:run(313)) - a5b85608-7f11-46ec-ae19-494ab54f3701@group-4091CFA4C27B-SegmentedRaftLogWorker was interrupted, exiting. There are 0 tasks remaining in the queue.
2019-10-10 12:40:50,866 [ForkJoinPool.commonPool-worker-1] INFO  segmented.SegmentedRaftLogWorker (SegmentedRaftLogWorker.java:close(228)) - a5b85608-7f11-46ec-ae19-494ab54f3701@group-4091CFA4C27B-SegmentedRaftLogWorker close()
2019-10-10 12:40:50,866 [ForkJoinPool.commonPool-worker-1] INFO  impl.RaftServerImpl (RaftServerImpl.java:lambda$shutdown$3(251)) - a5b85608-7f11-46ec-ae19-494ab54f3701@group-58B2D30E1F0C: shutdown
2019-10-10 12:40:50,866 [ForkJoinPool.commonPool-worker-1] INFO  util.JmxRegister (JmxRegister.java:unregister(73)) - Successfully un-registered JMX Bean with object name Ratis:service=RaftServer,group=group-58B2D30E1F0C,id=a5b85608-7f11-46ec-ae19-494ab54f3701
2019-10-10 12:40:50,866 [ForkJoinPool.commonPool-worker-1] INFO  impl.RoleInfo (RoleInfo.java:shutdownFollowerState(121)) - a5b85608-7f11-46ec-ae19-494ab54f3701: shutdown FollowerState
2019-10-10 12:40:50,866 [ForkJoinPool.commonPool-worker-1] INFO  impl.StateMachineUpdater (StateMachineUpdater.java:stopAndJoin(125)) - a5b85608-7f11-46ec-ae19-494ab54f3701@group-58B2D30E1F0C-StateMachineUpdater: set stopIndex = 0
2019-10-10 12:40:50,867 [ForkJoinPool.commonPool-worker-1] INFO  impl.RaftServerImpl (ServerState.java:close(385)) - a5b85608-7f11-46ec-ae19-494ab54f3701@group-58B2D30E1F0C: closes. applyIndex: 0
2019-10-10 12:40:50,866 [Thread-6812] INFO  impl.FollowerState (FollowerState.java:run(115)) - a5b85608-7f11-46ec-ae19-494ab54f3701: FollowerState was interrupted: java.lang.InterruptedException: sleep interrupted
2019-10-10 12:40:50,867 [a5b85608-7f11-46ec-ae19-494ab54f3701@group-58B2D30E1F0C-SegmentedRaftLogWorker] INFO  segmented.SegmentedRaftLogWorker (SegmentedRaftLogWorker.java:run(313)) - a5b85608-7f11-46ec-ae19-494ab54f3701@group-58B2D30E1F0C-SegmentedRaftLogWorker was interrupted, exiting. There are 0 tasks remaining in the queue.
2019-10-10 12:40:50,867 [ForkJoinPool.commonPool-worker-1] INFO  segmented.SegmentedRaftLogWorker (SegmentedRaftLogWorker.java:close(228)) - a5b85608-7f11-46ec-ae19-494ab54f3701@group-58B2D30E1F0C-SegmentedRaftLogWorker close()
2019-10-10 12:40:50,867 [ForkJoinPool.commonPool-worker-1] INFO  impl.RaftServerImpl (RaftServerImpl.java:lambda$shutdown$3(251)) - a5b85608-7f11-46ec-ae19-494ab54f3701@group-A127A8B5169C: shutdown
2019-10-10 12:40:50,867 [ForkJoinPool.commonPool-worker-1] INFO  util.JmxRegister (JmxRegister.java:unregister(73)) - Successfully un-registered JMX Bean with object name Ratis:service=RaftServer,group=group-A127A8B5169C,id=a5b85608-7f11-46ec-ae19-494ab54f3701
2019-10-10 12:40:50,868 [ForkJoinPool.commonPool-worker-1] INFO  impl.RoleInfo (RoleInfo.java:shutdownFollowerState(121)) - a5b85608-7f11-46ec-ae19-494ab54f3701: shutdown FollowerState
2019-10-10 12:40:50,868 [ForkJoinPool.commonPool-worker-1] INFO  impl.StateMachineUpdater (StateMachineUpdater.java:stopAndJoin(125)) - a5b85608-7f11-46ec-ae19-494ab54f3701@group-A127A8B5169C-StateMachineUpdater: set stopIndex = 0
2019-10-10 12:40:50,868 [ForkJoinPool.commonPool-worker-1] INFO  impl.RaftServerImpl (ServerState.java:close(385)) - a5b85608-7f11-46ec-ae19-494ab54f3701@group-A127A8B5169C: closes. applyIndex: 0
2019-10-10 12:40:50,868 [Thread-6853] INFO  impl.FollowerState (FollowerState.java:run(115)) - a5b85608-7f11-46ec-ae19-494ab54f3701: FollowerState was interrupted: java.lang.InterruptedException: sleep interrupted
2019-10-10 12:40:50,868 [a5b85608-7f11-46ec-ae19-494ab54f3701@group-A127A8B5169C-SegmentedRaftLogWorker] INFO  segmented.SegmentedRaftLogWorker (SegmentedRaftLogWorker.java:run(313)) - a5b85608-7f11-46ec-ae19-494ab54f3701@group-A127A8B5169C-SegmentedRaftLogWorker was interrupted, exiting. There are 0 tasks remaining in the queue.
2019-10-10 12:40:50,868 [ForkJoinPool.commonPool-worker-1] INFO  segmented.SegmentedRaftLogWorker (SegmentedRaftLogWorker.java:close(228)) - a5b85608-7f11-46ec-ae19-494ab54f3701@group-A127A8B5169C-SegmentedRaftLogWorker close()
2019-10-10 12:40:50,869 [ForkJoinPool.commonPool-worker-1] INFO  impl.RaftServerImpl (RaftServerImpl.java:lambda$shutdown$3(251)) - a5b85608-7f11-46ec-ae19-494ab54f3701@group-DF245211571A: shutdown
2019-10-10 12:40:50,869 [ForkJoinPool.commonPool-worker-1] INFO  util.JmxRegister (JmxRegister.java:unregister(73)) - Successfully un-registered JMX Bean with object name Ratis:service=RaftServer,group=group-DF245211571A,id=a5b85608-7f11-46ec-ae19-494ab54f3701
2019-10-10 12:40:50,869 [ForkJoinPool.commonPool-worker-1] INFO  impl.RoleInfo (RoleInfo.java:shutdownLeaderState(104)) - a5b85608-7f11-46ec-ae19-494ab54f3701: shutdown LeaderState
2019-10-10 12:40:50,873 [ForkJoinPool.commonPool-worker-1] INFO  impl.PendingRequests (PendingRequests.java:sendNotLeaderResponses(202)) - a5b85608-7f11-46ec-ae19-494ab54f3701-PendingRequests: sendNotLeaderResponses
2019-10-10 12:40:50,873 [org.apache.ratis.server.impl.LogAppender$AppenderDaemon$$Lambda$488/842312419@403adad2] WARN  server.GrpcLogAppender (GrpcLogAppender.java:mayWait(143)) - a5b85608-7f11-46ec-ae19-494ab54f3701@group-DF245211571A->6f85b482-1ee3-41f8-b799-7ee315fa3ee8-GrpcLogAppender: Wait interrupted by java.lang.InterruptedException
2019-10-10 12:40:50,873 [org.apache.ratis.server.impl.LogAppender$AppenderDaemon$$Lambda$488/842312419@6ebc075d] WARN  server.GrpcLogAppender (GrpcLogAppender.java:mayWait(143)) - a5b85608-7f11-46ec-ae19-494ab54f3701@group-DF245211571A->31dbcda4-c74c-4dfb-b27d-abb192246f85-GrpcLogAppender: Wait interrupted by java.lang.InterruptedException
2019-10-10 12:40:50,880 [ForkJoinPool.commonPool-worker-1] INFO  impl.StateMachineUpdater (StateMachineUpdater.java:stopAndJoin(125)) - a5b85608-7f11-46ec-ae19-494ab54f3701@group-DF245211571A-StateMachineUpdater: set stopIndex = 2
2019-10-10 12:40:50,881 [ForkJoinPool.commonPool-worker-1] INFO  impl.RaftServerImpl (ServerState.java:close(385)) - a5b85608-7f11-46ec-ae19-494ab54f3701@group-DF245211571A: closes. applyIndex: 2
2019-10-10 12:40:50,881 [a5b85608-7f11-46ec-ae19-494ab54f3701@group-DF245211571A-SegmentedRaftLogWorker] INFO  segmented.SegmentedRaftLogWorker (SegmentedRaftLogWorker.java:run(313)) - a5b85608-7f11-46ec-ae19-494ab54f3701@group-DF245211571A-SegmentedRaftLogWorker was interrupted, exiting. There are 0 tasks remaining in the queue.
2019-10-10 12:40:50,883 [ForkJoinPool.commonPool-worker-1] INFO  segmented.SegmentedRaftLogWorker (SegmentedRaftLogWorker.java:close(228)) - a5b85608-7f11-46ec-ae19-494ab54f3701@group-DF245211571A-SegmentedRaftLogWorker close()
2019-10-10 12:40:50,883 [ForkJoinPool.commonPool-worker-1] INFO  impl.RaftServerImpl (RaftServerImpl.java:lambda$shutdown$3(251)) - a5b85608-7f11-46ec-ae19-494ab54f3701@group-1C79ACAAC9C2: shutdown
2019-10-10 12:40:50,884 [ForkJoinPool.commonPool-worker-1] INFO  util.JmxRegister (JmxRegister.java:unregister(73)) - Successfully un-registered JMX Bean with object name Ratis:service=RaftServer,group=group-1C79ACAAC9C2,id=a5b85608-7f11-46ec-ae19-494ab54f3701
2019-10-10 12:40:50,884 [ForkJoinPool.commonPool-worker-1] INFO  impl.RoleInfo (RoleInfo.java:shutdownFollowerState(121)) - a5b85608-7f11-46ec-ae19-494ab54f3701: shutdown FollowerState
2019-10-10 12:40:50,884 [ForkJoinPool.commonPool-worker-1] INFO  impl.StateMachineUpdater (StateMachineUpdater.java:stopAndJoin(125)) - a5b85608-7f11-46ec-ae19-494ab54f3701@group-1C79ACAAC9C2-StateMachineUpdater: set stopIndex = -1
2019-10-10 12:40:50,884 [Thread-6967] INFO  impl.FollowerState (FollowerState.java:run(115)) - a5b85608-7f11-46ec-ae19-494ab54f3701: FollowerState was interrupted: java.lang.InterruptedException: sleep interrupted
2019-10-10 12:40:50,884 [ForkJoinPool.commonPool-worker-1] INFO  impl.RaftServerImpl (ServerState.java:close(385)) - a5b85608-7f11-46ec-ae19-494ab54f3701@group-1C79ACAAC9C2: closes. applyIndex: -1
2019-10-10 12:40:50,885 [a5b85608-7f11-46ec-ae19-494ab54f3701@group-1C79ACAAC9C2-SegmentedRaftLogWorker] INFO  segmented.SegmentedRaftLogWorker (SegmentedRaftLogWorker.java:run(313)) - a5b85608-7f11-46ec-ae19-494ab54f3701@group-1C79ACAAC9C2-SegmentedRaftLogWorker was interrupted, exiting. There are 0 tasks remaining in the queue.
2019-10-10 12:40:50,885 [ForkJoinPool.commonPool-worker-1] INFO  segmented.SegmentedRaftLogWorker (SegmentedRaftLogWorker.java:close(228)) - a5b85608-7f11-46ec-ae19-494ab54f3701@group-1C79ACAAC9C2-SegmentedRaftLogWorker close()
2019-10-10 12:40:50,885 [ForkJoinPool.commonPool-worker-1] INFO  server.GrpcService (GrpcService.java:closeImpl(164)) - a5b85608-7f11-46ec-ae19-494ab54f3701: shutdown server with port 39887 now
2019-10-10 12:40:50,886 [grpc-default-executor-54] WARN  server.GrpcServerProtocolService (LogUtils.java:warn(134)) - a5b85608-7f11-46ec-ae19-494ab54f3701: installSnapshot onError, lastRequest: eb492a76-ee7b-4591-82c0-07dc34c8f09d->a5b85608-7f11-46ec-ae19-494ab54f3701#20-t1, previous=(t:1, i:14), leaderCommit=14, initializing? false, entries: <empty>: org.apache.ratis.thirdparty.io.grpc.StatusRuntimeException: CANCELLED: cancelled before receiving half close
2019-10-10 12:40:50,886 [grpc-default-executor-34] WARN  server.GrpcLogAppender (LogUtils.java:warn(134)) - eb492a76-ee7b-4591-82c0-07dc34c8f09d@group-D85A2CF2A55E->a5b85608-7f11-46ec-ae19-494ab54f3701-AppendLogResponseHandler: Failed appendEntries: org.apache.ratis.thirdparty.io.grpc.StatusRuntimeException: CANCELLED: HTTP/2 error code: CANCEL
Received Rst Stream
2019-10-10 12:40:50,886 [ForkJoinPool.commonPool-worker-1] INFO  server.GrpcService (GrpcService.java:closeImpl(172)) - a5b85608-7f11-46ec-ae19-494ab54f3701: shutdown server with port 39887 successfully
2019-10-10 12:40:50,886 [grpc-default-executor-34] INFO  impl.FollowerInfo (FollowerInfo.java:lambda$new$0(51)) - eb492a76-ee7b-4591-82c0-07dc34c8f09d@group-D85A2CF2A55E->a5b85608-7f11-46ec-ae19-494ab54f3701: nextIndex: updateUnconditionally 15 -> 14
2019-10-10 12:40:50,887 [refreshUsed-/workdir/hadoop-ozone/integration-test/target/test-dir/MiniOzoneClusterImpl-8284007a-d704-4ed0-a0ee-bee753f20599/datanode-1/data/containers] WARN  fs.CachingGetSpaceUsed (CachingGetSpaceUsed.java:run(183)) - Thread Interrupted waiting to refresh disk information: sleep interrupted
2019-10-10 12:40:50,896 [ForkJoinPool.commonPool-worker-1] INFO  utils.BackgroundService (BackgroundService.java:shutdown(148)) - Shutting down service BlockDeletingService
2019-10-10 12:40:50,902 [ForkJoinPool.commonPool-worker-1] INFO  statemachine.DatanodeStateMachine (DatanodeStateMachine.java:stopDaemon(395)) - Ozone container server stopped.
2019-10-10 12:40:50,907 [ForkJoinPool.commonPool-worker-1] INFO  handler.ContextHandler (ContextHandler.java:doStop(910)) - Stopped o.e.j.w.WebAppContext@20bb85b4{/,null,UNAVAILABLE}{/hddsDatanode}
2019-10-10 12:40:50,907 [ForkJoinPool.commonPool-worker-1] INFO  server.AbstractConnector (AbstractConnector.java:doStop(318)) - Stopped ServerConnector@79add732{HTTP/1.1,[http/1.1]}{0.0.0.0:0}
2019-10-10 12:40:50,909 [ForkJoinPool.commonPool-worker-1] INFO  handler.ContextHandler (ContextHandler.java:doStop(910)) - Stopped o.e.j.s.ServletContextHandler@3ca3648{/static,jar:file:/home/user/.m2/repository/org/apache/hadoop/hadoop-hdds-container-service/0.5.0-SNAPSHOT/hadoop-hdds-container-service-0.5.0-SNAPSHOT.jar!/webapps/static,UNAVAILABLE}
2019-10-10 12:40:50,911 [ForkJoinPool.commonPool-worker-1] INFO  handler.ContextHandler (ContextHandler.java:doStop(910)) - Stopped o.e.j.s.ServletContextHandler@7f0d8eff{/logs,file:///workdir/hadoop-ozone/integration-test/target/log,UNAVAILABLE}
2019-10-10 12:40:51,364 [Datanode State Machine Thread - 0] INFO  statemachine.DatanodeStateMachine (DatanodeStateMachine.java:lambda$startDaemon$0(350)) - Ozone container server started.
2019-10-10 12:40:51,472 [Datanode State Machine Thread - 0] INFO  statemachine.DatanodeStateMachine (DatanodeStateMachine.java:lambda$startDaemon$0(350)) - Ozone container server started.
2019-10-10 12:40:51,533 [Thread-6758] INFO  impl.FollowerState (FollowerState.java:run(106)) - 2977129d-288a-401c-9baf-20955028e955:group-4E0D53597C14 changes to CANDIDATE, lastRpcTime:10195, electionTimeout:5060ms
2019-10-10 12:40:51,533 [Thread-6758] INFO  impl.RoleInfo (RoleInfo.java:shutdownFollowerState(121)) - 2977129d-288a-401c-9baf-20955028e955: shutdown FollowerState
2019-10-10 12:40:51,533 [Thread-6758] INFO  impl.RaftServerImpl (RaftServerImpl.java:setRole(174)) - 2977129d-288a-401c-9baf-20955028e955@group-4E0D53597C14: changes role from  FOLLOWER to CANDIDATE at term 1 for changeToCandidate
2019-10-10 12:40:51,533 [Thread-6758] INFO  impl.RoleInfo (RoleInfo.java:updateAndGet(143)) - 2977129d-288a-401c-9baf-20955028e955: start LeaderElection
2019-10-10 12:40:51,533 [2977129d-288a-401c-9baf-20955028e955@group-4E0D53597C14:LeaderElection262] INFO  impl.RaftServerImpl (ServerState.java:setLeader(253)) - 2977129d-288a-401c-9baf-20955028e955@group-4E0D53597C14: change Leader from 6f85b482-1ee3-41f8-b799-7ee315fa3ee8 to null at term 1 for initElection
2019-10-10 12:40:51,548 [2977129d-288a-401c-9baf-20955028e955@group-4E0D53597C14:LeaderElection262] INFO  impl.LeaderElection (LeaderElection.java:askForVotes(182)) - 2977129d-288a-401c-9baf-20955028e955@group-4E0D53597C14:LeaderElection262: begin an election at term 2 for 0: [6f85b482-1ee3-41f8-b799-7ee315fa3ee8:192.168.5.143:44817, 2977129d-288a-401c-9baf-20955028e955:192.168.5.143:38849, a5b85608-7f11-46ec-ae19-494ab54f3701:192.168.5.143:39887], old=null
2019-10-10 12:40:51,549 [2977129d-288a-401c-9baf-20955028e955@group-4E0D53597C14:LeaderElection262] INFO  impl.LeaderElection (LogUtils.java:infoOrTrace(149)) - 2977129d-288a-401c-9baf-20955028e955@group-4E0D53597C14:LeaderElection262 got exception when requesting votes: {}
java.util.concurrent.ExecutionException: org.apache.ratis.thirdparty.io.grpc.StatusRuntimeException: UNAVAILABLE: io exception
	at java.util.concurrent.FutureTask.report(FutureTask.java:122)
	at java.util.concurrent.FutureTask.get(FutureTask.java:192)
	at org.apache.ratis.server.impl.LeaderElection.waitForResults(LeaderElection.java:263)
	at org.apache.ratis.server.impl.LeaderElection.askForVotes(LeaderElection.java:201)
	at org.apache.ratis.server.impl.LeaderElection.run(LeaderElection.java:133)
	at java.lang.Thread.run(Thread.java:748)
Caused by: org.apache.ratis.thirdparty.io.grpc.StatusRuntimeException: UNAVAILABLE: io exception
	at org.apache.ratis.thirdparty.io.grpc.stub.ClientCalls.toStatusRuntimeException(ClientCalls.java:233)
	at org.apache.ratis.thirdparty.io.grpc.stub.ClientCalls.getUnchecked(ClientCalls.java:214)
	at org.apache.ratis.thirdparty.io.grpc.stub.ClientCalls.blockingUnaryCall(ClientCalls.java:139)
	at org.apache.ratis.proto.grpc.RaftServerProtocolServiceGrpc$RaftServerProtocolServiceBlockingStub.requestVote(RaftServerProtocolServiceGrpc.java:265)
	at org.apache.ratis.grpc.server.GrpcServerProtocolClient.requestVote(GrpcServerProtocolClient.java:90)
	at org.apache.ratis.grpc.server.GrpcService.requestVote(GrpcService.java:204)
	at org.apache.ratis.server.impl.LeaderElection.lambda$submitRequests$1(LeaderElection.java:238)
	at java.util.concurrent.FutureTask.run(FutureTask.java:266)
	at java.util.concurrent.Executors$RunnableAdapter.call(Executors.java:511)
	at java.util.concurrent.FutureTask.run(FutureTask.java:266)
	at java.util.concurrent.ThreadPoolExecutor.runWorker(ThreadPoolExecutor.java:1149)
	at java.util.concurrent.ThreadPoolExecutor$Worker.run(ThreadPoolExecutor.java:624)
	... 1 more
Caused by: org.apache.ratis.thirdparty.io.netty.channel.AbstractChannel$AnnotatedConnectException: Connection refused: /192.168.5.143:44817
	at sun.nio.ch.SocketChannelImpl.checkConnect(Native Method)
	at sun.nio.ch.SocketChannelImpl.finishConnect(SocketChannelImpl.java:717)
	at org.apache.ratis.thirdparty.io.netty.channel.socket.nio.NioSocketChannel.doFinishConnect(NioSocketChannel.java:327)
	at org.apache.ratis.thirdparty.io.netty.channel.nio.AbstractNioChannel$AbstractNioUnsafe.finishConnect(AbstractNioChannel.java:340)
	at org.apache.ratis.thirdparty.io.netty.channel.nio.NioEventLoop.processSelectedKey(NioEventLoop.java:632)
	at org.apache.ratis.thirdparty.io.netty.channel.nio.NioEventLoop.processSelectedKeysOptimized(NioEventLoop.java:579)
	at org.apache.ratis.thirdparty.io.netty.channel.nio.NioEventLoop.processSelectedKeys(NioEventLoop.java:496)
	at org.apache.ratis.thirdparty.io.netty.channel.nio.NioEventLoop.run(NioEventLoop.java:458)
	at org.apache.ratis.thirdparty.io.netty.util.concurrent.SingleThreadEventExecutor$5.run(SingleThreadEventExecutor.java:897)
	at org.apache.ratis.thirdparty.io.netty.util.concurrent.FastThreadLocalRunnable.run(FastThreadLocalRunnable.java:30)
	... 1 more
Caused by: java.net.ConnectException: Connection refused
	... 11 more
2019-10-10 12:40:51,550 [2977129d-288a-401c-9baf-20955028e955@group-4E0D53597C14:LeaderElection262] INFO  impl.LeaderElection (LogUtils.java:infoOrTrace(149)) - 2977129d-288a-401c-9baf-20955028e955@group-4E0D53597C14:LeaderElection262 got exception when requesting votes: {}
java.util.concurrent.ExecutionException: org.apache.ratis.thirdparty.io.grpc.StatusRuntimeException: UNAVAILABLE: io exception
	at java.util.concurrent.FutureTask.report(FutureTask.java:122)
	at java.util.concurrent.FutureTask.get(FutureTask.java:192)
	at org.apache.ratis.server.impl.LeaderElection.waitForResults(LeaderElection.java:263)
	at org.apache.ratis.server.impl.LeaderElection.askForVotes(LeaderElection.java:201)
	at org.apache.ratis.server.impl.LeaderElection.run(LeaderElection.java:133)
	at java.lang.Thread.run(Thread.java:748)
Caused by: org.apache.ratis.thirdparty.io.grpc.StatusRuntimeException: UNAVAILABLE: io exception
	at org.apache.ratis.thirdparty.io.grpc.stub.ClientCalls.toStatusRuntimeException(ClientCalls.java:233)
	at org.apache.ratis.thirdparty.io.grpc.stub.ClientCalls.getUnchecked(ClientCalls.java:214)
	at org.apache.ratis.thirdparty.io.grpc.stub.ClientCalls.blockingUnaryCall(ClientCalls.java:139)
	at org.apache.ratis.proto.grpc.RaftServerProtocolServiceGrpc$RaftServerProtocolServiceBlockingStub.requestVote(RaftServerProtocolServiceGrpc.java:265)
	at org.apache.ratis.grpc.server.GrpcServerProtocolClient.requestVote(GrpcServerProtocolClient.java:90)
	at org.apache.ratis.grpc.server.GrpcService.requestVote(GrpcService.java:204)
	at org.apache.ratis.server.impl.LeaderElection.lambda$submitRequests$1(LeaderElection.java:238)
	at java.util.concurrent.FutureTask.run(FutureTask.java:266)
	at java.util.concurrent.Executors$RunnableAdapter.call(Executors.java:511)
	at java.util.concurrent.FutureTask.run(FutureTask.java:266)
	at java.util.concurrent.ThreadPoolExecutor.runWorker(ThreadPoolExecutor.java:1149)
	at java.util.concurrent.ThreadPoolExecutor$Worker.run(ThreadPoolExecutor.java:624)
	... 1 more
Caused by: org.apache.ratis.thirdparty.io.netty.channel.AbstractChannel$AnnotatedConnectException: Connection refused: /192.168.5.143:39887
	at sun.nio.ch.SocketChannelImpl.checkConnect(Native Method)
	at sun.nio.ch.SocketChannelImpl.finishConnect(SocketChannelImpl.java:717)
	at org.apache.ratis.thirdparty.io.netty.channel.socket.nio.NioSocketChannel.doFinishConnect(NioSocketChannel.java:327)
	at org.apache.ratis.thirdparty.io.netty.channel.nio.AbstractNioChannel$AbstractNioUnsafe.finishConnect(AbstractNioChannel.java:340)
	at org.apache.ratis.thirdparty.io.netty.channel.nio.NioEventLoop.processSelectedKey(NioEventLoop.java:632)
	at org.apache.ratis.thirdparty.io.netty.channel.nio.NioEventLoop.processSelectedKeysOptimized(NioEventLoop.java:579)
	at org.apache.ratis.thirdparty.io.netty.channel.nio.NioEventLoop.processSelectedKeys(NioEventLoop.java:496)
	at org.apache.ratis.thirdparty.io.netty.channel.nio.NioEventLoop.run(NioEventLoop.java:458)
	at org.apache.ratis.thirdparty.io.netty.util.concurrent.SingleThreadEventExecutor$5.run(SingleThreadEventExecutor.java:897)
	at org.apache.ratis.thirdparty.io.netty.util.concurrent.FastThreadLocalRunnable.run(FastThreadLocalRunnable.java:30)
	... 1 more
Caused by: java.net.ConnectException: Connection refused
	... 11 more
2019-10-10 12:40:51,550 [2977129d-288a-401c-9baf-20955028e955@group-4E0D53597C14:LeaderElection262] INFO  impl.LeaderElection (LeaderElection.java:logAndReturn(56)) - 2977129d-288a-401c-9baf-20955028e955@group-4E0D53597C14:LeaderElection262: Election REJECTED; received 0 response(s) [] and 2 exception(s); 2977129d-288a-401c-9baf-20955028e955@group-4E0D53597C14:t2, leader=null, voted=2977129d-288a-401c-9baf-20955028e955, raftlog=2977129d-288a-401c-9baf-20955028e955@group-4E0D53597C14-SegmentedRaftLog:OPENED:c0,f0,i0, conf=0: [6f85b482-1ee3-41f8-b799-7ee315fa3ee8:192.168.5.143:44817, 2977129d-288a-401c-9baf-20955028e955:192.168.5.143:38849, a5b85608-7f11-46ec-ae19-494ab54f3701:192.168.5.143:39887], old=null
2019-10-10 12:40:51,550 [2977129d-288a-401c-9baf-20955028e955@group-4E0D53597C14:LeaderElection262] INFO  impl.LeaderElection (LogUtils.java:infoOrTrace(149)) -   Exception 0: {}
java.util.concurrent.ExecutionException: org.apache.ratis.thirdparty.io.grpc.StatusRuntimeException: UNAVAILABLE: io exception
	at java.util.concurrent.FutureTask.report(FutureTask.java:122)
	at java.util.concurrent.FutureTask.get(FutureTask.java:192)
	at org.apache.ratis.server.impl.LeaderElection.waitForResults(LeaderElection.java:263)
	at org.apache.ratis.server.impl.LeaderElection.askForVotes(LeaderElection.java:201)
	at org.apache.ratis.server.impl.LeaderElection.run(LeaderElection.java:133)
	at java.lang.Thread.run(Thread.java:748)
Caused by: org.apache.ratis.thirdparty.io.grpc.StatusRuntimeException: UNAVAILABLE: io exception
	at org.apache.ratis.thirdparty.io.grpc.stub.ClientCalls.toStatusRuntimeException(ClientCalls.java:233)
	at org.apache.ratis.thirdparty.io.grpc.stub.ClientCalls.getUnchecked(ClientCalls.java:214)
	at org.apache.ratis.thirdparty.io.grpc.stub.ClientCalls.blockingUnaryCall(ClientCalls.java:139)
	at org.apache.ratis.proto.grpc.RaftServerProtocolServiceGrpc$RaftServerProtocolServiceBlockingStub.requestVote(RaftServerProtocolServiceGrpc.java:265)
	at org.apache.ratis.grpc.server.GrpcServerProtocolClient.requestVote(GrpcServerProtocolClient.java:90)
	at org.apache.ratis.grpc.server.GrpcService.requestVote(GrpcService.java:204)
	at org.apache.ratis.server.impl.LeaderElection.lambda$submitRequests$1(LeaderElection.java:238)
	at java.util.concurrent.FutureTask.run(FutureTask.java:266)
	at java.util.concurrent.Executors$RunnableAdapter.call(Executors.java:511)
	at java.util.concurrent.FutureTask.run(FutureTask.java:266)
	at java.util.concurrent.ThreadPoolExecutor.runWorker(ThreadPoolExecutor.java:1149)
	at java.util.concurrent.ThreadPoolExecutor$Worker.run(ThreadPoolExecutor.java:624)
	... 1 more
Caused by: org.apache.ratis.thirdparty.io.netty.channel.AbstractChannel$AnnotatedConnectException: Connection refused: /192.168.5.143:44817
	at sun.nio.ch.SocketChannelImpl.checkConnect(Native Method)
	at sun.nio.ch.SocketChannelImpl.finishConnect(SocketChannelImpl.java:717)
	at org.apache.ratis.thirdparty.io.netty.channel.socket.nio.NioSocketChannel.doFinishConnect(NioSocketChannel.java:327)
	at org.apache.ratis.thirdparty.io.netty.channel.nio.AbstractNioChannel$AbstractNioUnsafe.finishConnect(AbstractNioChannel.java:340)
	at org.apache.ratis.thirdparty.io.netty.channel.nio.NioEventLoop.processSelectedKey(NioEventLoop.java:632)
	at org.apache.ratis.thirdparty.io.netty.channel.nio.NioEventLoop.processSelectedKeysOptimized(NioEventLoop.java:579)
	at org.apache.ratis.thirdparty.io.netty.channel.nio.NioEventLoop.processSelectedKeys(NioEventLoop.java:496)
	at org.apache.ratis.thirdparty.io.netty.channel.nio.NioEventLoop.run(NioEventLoop.java:458)
	at org.apache.ratis.thirdparty.io.netty.util.concurrent.SingleThreadEventExecutor$5.run(SingleThreadEventExecutor.java:897)
	at org.apache.ratis.thirdparty.io.netty.util.concurrent.FastThreadLocalRunnable.run(FastThreadLocalRunnable.java:30)
	... 1 more
Caused by: java.net.ConnectException: Connection refused
	... 11 more
2019-10-10 12:40:51,551 [2977129d-288a-401c-9baf-20955028e955@group-4E0D53597C14:LeaderElection262] INFO  impl.LeaderElection (LogUtils.java:infoOrTrace(149)) -   Exception 1: {}
java.util.concurrent.ExecutionException: org.apache.ratis.thirdparty.io.grpc.StatusRuntimeException: UNAVAILABLE: io exception
	at java.util.concurrent.FutureTask.report(FutureTask.java:122)
	at java.util.concurrent.FutureTask.get(FutureTask.java:192)
	at org.apache.ratis.server.impl.LeaderElection.waitForResults(LeaderElection.java:263)
	at org.apache.ratis.server.impl.LeaderElection.askForVotes(LeaderElection.java:201)
	at org.apache.ratis.server.impl.LeaderElection.run(LeaderElection.java:133)
	at java.lang.Thread.run(Thread.java:748)
Caused by: org.apache.ratis.thirdparty.io.grpc.StatusRuntimeException: UNAVAILABLE: io exception
	at org.apache.ratis.thirdparty.io.grpc.stub.ClientCalls.toStatusRuntimeException(ClientCalls.java:233)
	at org.apache.ratis.thirdparty.io.grpc.stub.ClientCalls.getUnchecked(ClientCalls.java:214)
	at org.apache.ratis.thirdparty.io.grpc.stub.ClientCalls.blockingUnaryCall(ClientCalls.java:139)
	at org.apache.ratis.proto.grpc.RaftServerProtocolServiceGrpc$RaftServerProtocolServiceBlockingStub.requestVote(RaftServerProtocolServiceGrpc.java:265)
	at org.apache.ratis.grpc.server.GrpcServerProtocolClient.requestVote(GrpcServerProtocolClient.java:90)
	at org.apache.ratis.grpc.server.GrpcService.requestVote(GrpcService.java:204)
	at org.apache.ratis.server.impl.LeaderElection.lambda$submitRequests$1(LeaderElection.java:238)
	at java.util.concurrent.FutureTask.run(FutureTask.java:266)
	at java.util.concurrent.Executors$RunnableAdapter.call(Executors.java:511)
	at java.util.concurrent.FutureTask.run(FutureTask.java:266)
	at java.util.concurrent.ThreadPoolExecutor.runWorker(ThreadPoolExecutor.java:1149)
	at java.util.concurrent.ThreadPoolExecutor$Worker.run(ThreadPoolExecutor.java:624)
	... 1 more
Caused by: org.apache.ratis.thirdparty.io.netty.channel.AbstractChannel$AnnotatedConnectException: Connection refused: /192.168.5.143:39887
	at sun.nio.ch.SocketChannelImpl.checkConnect(Native Method)
	at sun.nio.ch.SocketChannelImpl.finishConnect(SocketChannelImpl.java:717)
	at org.apache.ratis.thirdparty.io.netty.channel.socket.nio.NioSocketChannel.doFinishConnect(NioSocketChannel.java:327)
	at org.apache.ratis.thirdparty.io.netty.channel.nio.AbstractNioChannel$AbstractNioUnsafe.finishConnect(AbstractNioChannel.java:340)
	at org.apache.ratis.thirdparty.io.netty.channel.nio.NioEventLoop.processSelectedKey(NioEventLoop.java:632)
	at org.apache.ratis.thirdparty.io.netty.channel.nio.NioEventLoop.processSelectedKeysOptimized(NioEventLoop.java:579)
	at org.apache.ratis.thirdparty.io.netty.channel.nio.NioEventLoop.processSelectedKeys(NioEventLoop.java:496)
	at org.apache.ratis.thirdparty.io.netty.channel.nio.NioEventLoop.run(NioEventLoop.java:458)
	at org.apache.ratis.thirdparty.io.netty.util.concurrent.SingleThreadEventExecutor$5.run(SingleThreadEventExecutor.java:897)
	at org.apache.ratis.thirdparty.io.netty.util.concurrent.FastThreadLocalRunnable.run(FastThreadLocalRunnable.java:30)
	... 1 more
Caused by: java.net.ConnectException: Connection refused
	... 11 more
2019-10-10 12:40:51,551 [2977129d-288a-401c-9baf-20955028e955@group-4E0D53597C14:LeaderElection262] INFO  impl.RaftServerImpl (RaftServerImpl.java:setRole(174)) - 2977129d-288a-401c-9baf-20955028e955@group-4E0D53597C14: changes role from CANDIDATE to FOLLOWER at term 2 for DISCOVERED_A_NEW_TERM
2019-10-10 12:40:51,551 [2977129d-288a-401c-9baf-20955028e955@group-4E0D53597C14:LeaderElection262] INFO  impl.RoleInfo (RoleInfo.java:shutdownLeaderElection(134)) - 2977129d-288a-401c-9baf-20955028e955: shutdown LeaderElection
2019-10-10 12:40:51,551 [2977129d-288a-401c-9baf-20955028e955@group-4E0D53597C14:LeaderElection262] INFO  impl.RoleInfo (RoleInfo.java:updateAndGet(143)) - 2977129d-288a-401c-9baf-20955028e955: start FollowerState
2019-10-10 12:40:51,746 [java.util.concurrent.ThreadPoolExecutor$Worker@4a267841[State = -1, empty queue]] ERROR client.GrpcClientRpc (GrpcClientRpc.java:sendRequestAsyncUnordered(82)) - client-3BB8619800D8: XXX Failed RaftClientRequest:client-3BB8619800D8->6f85b482-1ee3-41f8-b799-7ee315fa3ee8@group-2D1A61B296C8, cid=496, seq=0, Watch-ALL_COMMITTED(21), null
org.apache.ratis.protocol.AlreadyClosedException: client-3BB8619800D8 is already CLOSED
	at org.apache.ratis.util.PeerProxyMap$PeerAndProxy.getProxy(PeerProxyMap.java:58)
	at org.apache.ratis.util.PeerProxyMap.getProxy(PeerProxyMap.java:108)
	at org.apache.ratis.grpc.client.GrpcClientRpc.sendRequestAsyncUnordered(GrpcClientRpc.java:78)
	at org.apache.ratis.client.impl.UnorderedAsync.sendRequestWithRetry(UnorderedAsync.java:75)
	at org.apache.ratis.client.impl.UnorderedAsync.lambda$null$2(UnorderedAsync.java:120)
	at org.apache.ratis.util.TimeoutScheduler.lambda$onTimeout$0(TimeoutScheduler.java:113)
	at org.apache.ratis.util.TimeoutScheduler.lambda$onTimeout$1(TimeoutScheduler.java:133)
	at org.apache.ratis.util.LogUtils.runAndLog(LogUtils.java:50)
	at org.apache.ratis.util.LogUtils$1.run(LogUtils.java:91)
	at java.util.concurrent.Executors$RunnableAdapter.call(Executors.java:511)
	at java.util.concurrent.FutureTask.run(FutureTask.java:266)
	at java.util.concurrent.ScheduledThreadPoolExecutor$ScheduledFutureTask.access$201(ScheduledThreadPoolExecutor.java:180)
	at java.util.concurrent.ScheduledThreadPoolExecutor$ScheduledFutureTask.run(ScheduledThreadPoolExecutor.java:293)
	at java.util.concurrent.ThreadPoolExecutor.runWorker(ThreadPoolExecutor.java:1149)
	at java.util.concurrent.ThreadPoolExecutor$Worker.run(ThreadPoolExecutor.java:624)
	at java.lang.Thread.run(Thread.java:748)
2019-10-10 12:40:53,172 [grpc-default-executor-34] WARN  server.GrpcLogAppender (LogUtils.java:warn(134)) - eb492a76-ee7b-4591-82c0-07dc34c8f09d@group-D85A2CF2A55E->a5b85608-7f11-46ec-ae19-494ab54f3701-AppendLogResponseHandler: Failed appendEntries: org.apache.ratis.thirdparty.io.grpc.StatusRuntimeException: UNAVAILABLE: io exception
2019-10-10 12:40:53,172 [grpc-default-executor-34] INFO  impl.FollowerInfo (FollowerInfo.java:lambda$new$0(51)) - eb492a76-ee7b-4591-82c0-07dc34c8f09d@group-D85A2CF2A55E->a5b85608-7f11-46ec-ae19-494ab54f3701: nextIndex: updateUnconditionally 14 -> 13
2019-10-10 12:40:53,748 [java.util.concurrent.ThreadPoolExecutor$Worker@4a267841[State = -1, empty queue]] ERROR client.GrpcClientRpc (GrpcClientRpc.java:sendRequestAsyncUnordered(82)) - client-3BB8619800D8: XXX Failed RaftClientRequest:client-3BB8619800D8->31dbcda4-c74c-4dfb-b27d-abb192246f85@group-2D1A61B296C8, cid=496, seq=0, Watch-ALL_COMMITTED(21), null
org.apache.ratis.protocol.AlreadyClosedException: client-3BB8619800D8 is already CLOSED
	at org.apache.ratis.util.PeerProxyMap$PeerAndProxy.getProxy(PeerProxyMap.java:58)
	at org.apache.ratis.util.PeerProxyMap.getProxy(PeerProxyMap.java:108)
	at org.apache.ratis.grpc.client.GrpcClientRpc.sendRequestAsyncUnordered(GrpcClientRpc.java:78)
	at org.apache.ratis.client.impl.UnorderedAsync.sendRequestWithRetry(UnorderedAsync.java:75)
	at org.apache.ratis.client.impl.UnorderedAsync.lambda$null$2(UnorderedAsync.java:120)
	at org.apache.ratis.util.TimeoutScheduler.lambda$onTimeout$0(TimeoutScheduler.java:113)
	at org.apache.ratis.util.TimeoutScheduler.lambda$onTimeout$1(TimeoutScheduler.java:133)
	at org.apache.ratis.util.LogUtils.runAndLog(LogUtils.java:50)
	at org.apache.ratis.util.LogUtils$1.run(LogUtils.java:91)
	at java.util.concurrent.Executors$RunnableAdapter.call(Executors.java:511)
	at java.util.concurrent.FutureTask.run(FutureTask.java:266)
	at java.util.concurrent.ScheduledThreadPoolExecutor$ScheduledFutureTask.access$201(ScheduledThreadPoolExecutor.java:180)
	at java.util.concurrent.ScheduledThreadPoolExecutor$ScheduledFutureTask.run(ScheduledThreadPoolExecutor.java:293)
	at java.util.concurrent.ThreadPoolExecutor.runWorker(ThreadPoolExecutor.java:1149)
	at java.util.concurrent.ThreadPoolExecutor$Worker.run(ThreadPoolExecutor.java:624)
	at java.lang.Thread.run(Thread.java:748)
2019-10-10 12:40:55,366 [EventQueue-StaleNodeForStaleNodeHandler] INFO  node.StaleNodeHandler (StaleNodeHandler.java:onMessage(58)) - Datanode 4871abcd-8fe1-4bec-bbf1-1d6a182c5c8a{ip: 192.168.5.143, host: pr-hdds-1569-9zzhf-258611273, networkLocation: /default-rack, certSerialId: null} moved to stale state. Finalizing its pipelines []
2019-10-10 12:40:55,567 [EventQueue-StaleNodeForStaleNodeHandler] INFO  node.StaleNodeHandler (StaleNodeHandler.java:onMessage(58)) - Datanode eb492a76-ee7b-4591-82c0-07dc34c8f09d{ip: 192.168.5.143, host: pr-hdds-1569-9zzhf-258611273, networkLocation: /default-rack, certSerialId: null} moved to stale state. Finalizing its pipelines [PipelineID=ffe594bf-f732-47eb-9e67-d85a2cf2a55e, PipelineID=d3c848c2-4c5e-4ccd-b051-c1e8c45c735b]
2019-10-10 12:40:55,567 [EventQueue-StaleNodeForStaleNodeHandler] INFO  pipeline.SCMPipelineManager (SCMPipelineManager.java:finalizeAndDestroyPipeline(342)) - destroying pipeline:Pipeline[ Id: ffe594bf-f732-47eb-9e67-d85a2cf2a55e, Nodes: 2977129d-288a-401c-9baf-20955028e955{ip: 192.168.5.143, host: pr-hdds-1569-9zzhf-258611273, networkLocation: /default-rack, certSerialId: null}a5b85608-7f11-46ec-ae19-494ab54f3701{ip: 192.168.5.143, host: pr-hdds-1569-9zzhf-258611273, networkLocation: /default-rack, certSerialId: null}eb492a76-ee7b-4591-82c0-07dc34c8f09d{ip: 192.168.5.143, host: pr-hdds-1569-9zzhf-258611273, networkLocation: /default-rack, certSerialId: null}, Type:RATIS, Factor:THREE, State:CLOSED]
2019-10-10 12:40:55,568 [EventQueue-StaleNodeForStaleNodeHandler] INFO  pipeline.SCMPipelineManager (SCMPipelineManager.java:finalizeAndDestroyPipeline(342)) - destroying pipeline:Pipeline[ Id: d3c848c2-4c5e-4ccd-b051-c1e8c45c735b, Nodes: eb492a76-ee7b-4591-82c0-07dc34c8f09d{ip: 192.168.5.143, host: pr-hdds-1569-9zzhf-258611273, networkLocation: /default-rack, certSerialId: null}, Type:RATIS, Factor:ONE, State:OPEN]
2019-10-10 12:40:55,568 [EventQueue-StaleNodeForStaleNodeHandler] INFO  pipeline.PipelineStateManager (PipelineStateManager.java:finalizePipeline(123)) - Pipeline Pipeline[ Id: d3c848c2-4c5e-4ccd-b051-c1e8c45c735b, Nodes: eb492a76-ee7b-4591-82c0-07dc34c8f09d{ip: 192.168.5.143, host: pr-hdds-1569-9zzhf-258611273, networkLocation: /default-rack, certSerialId: null}, Type:RATIS, Factor:ONE, State:CLOSED] moved to CLOSED state
2019-10-10 12:40:55,674 [grpc-default-executor-54] WARN  server.GrpcLogAppender (LogUtils.java:warn(134)) - eb492a76-ee7b-4591-82c0-07dc34c8f09d@group-D85A2CF2A55E->a5b85608-7f11-46ec-ae19-494ab54f3701-AppendLogResponseHandler: Failed appendEntries: org.apache.ratis.thirdparty.io.grpc.StatusRuntimeException: UNAVAILABLE: io exception
2019-10-10 12:40:55,675 [grpc-default-executor-54] INFO  impl.FollowerInfo (FollowerInfo.java:lambda$new$0(51)) - eb492a76-ee7b-4591-82c0-07dc34c8f09d@group-D85A2CF2A55E->a5b85608-7f11-46ec-ae19-494ab54f3701: nextIndex: updateUnconditionally 13 -> 12
2019-10-10 12:40:55,846 [main] INFO  ozoneimpl.OzoneContainer (OzoneContainer.java:stop(231)) - Attempting to stop container services.
2019-10-10 12:40:55,847 [main] INFO  impl.RaftServerProxy (RaftServerProxy.java:lambda$close$4(314)) - 4871abcd-8fe1-4bec-bbf1-1d6a182c5c8a: close
2019-10-10 12:40:55,855 [main] INFO  server.GrpcService (GrpcService.java:closeImpl(164)) - 4871abcd-8fe1-4bec-bbf1-1d6a182c5c8a: shutdown server with port 35797 now
2019-10-10 12:40:55,856 [main] INFO  server.GrpcService (GrpcService.java:closeImpl(172)) - 4871abcd-8fe1-4bec-bbf1-1d6a182c5c8a: shutdown server with port 35797 successfully
2019-10-10 12:40:55,861 [refreshUsed-/workdir/hadoop-ozone/integration-test/target/test-dir/MiniOzoneClusterImpl-8284007a-d704-4ed0-a0ee-bee753f20599/datanode-6/data/containers] WARN  fs.CachingGetSpaceUsed (CachingGetSpaceUsed.java:run(183)) - Thread Interrupted waiting to refresh disk information: sleep interrupted
2019-10-10 12:40:55,878 [main] INFO  utils.BackgroundService (BackgroundService.java:shutdown(148)) - Shutting down service BlockDeletingService
2019-10-10 12:40:55,889 [main] INFO  statemachine.DatanodeStateMachine (DatanodeStateMachine.java:stopDaemon(395)) - Ozone container server stopped.
2019-10-10 12:40:55,892 [main] INFO  handler.ContextHandler (ContextHandler.java:doStop(910)) - Stopped o.e.j.w.WebAppContext@4e48462d{/,null,UNAVAILABLE}{/hddsDatanode}
2019-10-10 12:40:55,895 [main] INFO  server.AbstractConnector (AbstractConnector.java:doStop(318)) - Stopped ServerConnector@17216605{HTTP/1.1,[http/1.1]}{0.0.0.0:0}
2019-10-10 12:40:55,896 [main] INFO  handler.ContextHandler (ContextHandler.java:doStop(910)) - Stopped o.e.j.s.ServletContextHandler@2b441e56{/static,jar:file:/home/user/.m2/repository/org/apache/hadoop/hadoop-hdds-container-service/0.5.0-SNAPSHOT/hadoop-hdds-container-service-0.5.0-SNAPSHOT.jar!/webapps/static,UNAVAILABLE}
2019-10-10 12:40:55,896 [main] INFO  handler.ContextHandler (ContextHandler.java:doStop(910)) - Stopped o.e.j.s.ServletContextHandler@54326e9{/logs,file:///workdir/hadoop-ozone/integration-test/target/log,UNAVAILABLE}
2019-10-10 12:40:55,913 [ForkJoinPool.commonPool-worker-1] INFO  ozoneimpl.OzoneContainer (OzoneContainer.java:stop(231)) - Attempting to stop container services.
2019-10-10 12:40:55,913 [ForkJoinPool.commonPool-worker-1] INFO  impl.RaftServerProxy (RaftServerProxy.java:lambda$close$4(314)) - eb492a76-ee7b-4591-82c0-07dc34c8f09d: close
2019-10-10 12:40:55,913 [ForkJoinPool.commonPool-worker-1] INFO  impl.RaftServerImpl (RaftServerImpl.java:lambda$shutdown$3(251)) - eb492a76-ee7b-4591-82c0-07dc34c8f09d@group-D85A2CF2A55E: shutdown
2019-10-10 12:40:55,914 [ForkJoinPool.commonPool-worker-1] INFO  util.JmxRegister (JmxRegister.java:unregister(73)) - Successfully un-registered JMX Bean with object name Ratis:service=RaftServer,group=group-D85A2CF2A55E,id=eb492a76-ee7b-4591-82c0-07dc34c8f09d
2019-10-10 12:40:55,914 [ForkJoinPool.commonPool-worker-1] INFO  impl.RoleInfo (RoleInfo.java:shutdownLeaderState(104)) - eb492a76-ee7b-4591-82c0-07dc34c8f09d: shutdown LeaderState
2019-10-10 12:40:55,914 [ForkJoinPool.commonPool-worker-1] INFO  impl.PendingRequests (PendingRequests.java:sendNotLeaderResponses(202)) - eb492a76-ee7b-4591-82c0-07dc34c8f09d-PendingRequests: sendNotLeaderResponses
2019-10-10 12:40:55,914 [org.apache.ratis.server.impl.LogAppender$AppenderDaemon$$Lambda$488/842312419@94f393d] WARN  server.GrpcLogAppender (GrpcLogAppender.java:mayWait(143)) - eb492a76-ee7b-4591-82c0-07dc34c8f09d@group-D85A2CF2A55E->2977129d-288a-401c-9baf-20955028e955-GrpcLogAppender: Wait interrupted by java.lang.InterruptedException
2019-10-10 12:40:55,914 [org.apache.ratis.server.impl.LogAppender$AppenderDaemon$$Lambda$488/842312419@613ff561] WARN  server.GrpcLogAppender (GrpcLogAppender.java:mayWait(143)) - eb492a76-ee7b-4591-82c0-07dc34c8f09d@group-D85A2CF2A55E->a5b85608-7f11-46ec-ae19-494ab54f3701-GrpcLogAppender: Wait interrupted by java.lang.InterruptedException
2019-10-10 12:40:55,915 [ForkJoinPool.commonPool-worker-1] INFO  impl.StateMachineUpdater (StateMachineUpdater.java:stopAndJoin(125)) - eb492a76-ee7b-4591-82c0-07dc34c8f09d@group-D85A2CF2A55E-StateMachineUpdater: set stopIndex = 14
2019-10-10 12:40:55,915 [eb492a76-ee7b-4591-82c0-07dc34c8f09d@group-D85A2CF2A55E-StateMachineUpdater] INFO  ratis.ContainerStateMachine (ContainerStateMachine.java:takeSnapshot(289)) - group-D85A2CF2A55E: Taking a snapshot at:(t:1, i:13) file /workdir/hadoop-ozone/integration-test/target/test-dir/MiniOzoneClusterImpl-8284007a-d704-4ed0-a0ee-bee753f20599/datanode-2/data/ratis/ffe594bf-f732-47eb-9e67-d85a2cf2a55e/sm/snapshot.1_13
2019-10-10 12:40:55,916 [grpc-default-executor-34] INFO  server.GrpcServerProtocolService (GrpcServerProtocolService.java:onCompleted(113)) - 2977129d-288a-401c-9baf-20955028e955: Completed APPEND_ENTRIES, lastRequest: eb492a76-ee7b-4591-82c0-07dc34c8f09d->2977129d-288a-401c-9baf-20955028e955#22-t1, previous=(t:1, i:14), leaderCommit=14, initializing? false, entries: <empty>
2019-10-10 12:40:55,916 [grpc-default-executor-54] INFO  server.GrpcLogAppender (GrpcLogAppender.java:onCompleted(293)) - eb492a76-ee7b-4591-82c0-07dc34c8f09d@group-D85A2CF2A55E->2977129d-288a-401c-9baf-20955028e955-AppendLogResponseHandler: follower responses appendEntries COMPLETED
2019-10-10 12:40:55,917 [grpc-default-executor-54] INFO  impl.FollowerInfo (FollowerInfo.java:lambda$new$0(51)) - eb492a76-ee7b-4591-82c0-07dc34c8f09d@group-D85A2CF2A55E->2977129d-288a-401c-9baf-20955028e955: nextIndex: updateUnconditionally 15 -> 14
2019-10-10 12:40:55,930 [eb492a76-ee7b-4591-82c0-07dc34c8f09d@group-D85A2CF2A55E-StateMachineUpdater] INFO  ratis.ContainerStateMachine (ContainerStateMachine.java:takeSnapshot(300)) - group-D85A2CF2A55E: Finished taking a snapshot at:(t:1, i:13) file:/workdir/hadoop-ozone/integration-test/target/test-dir/MiniOzoneClusterImpl-8284007a-d704-4ed0-a0ee-bee753f20599/datanode-2/data/ratis/ffe594bf-f732-47eb-9e67-d85a2cf2a55e/sm/snapshot.1_13 time:15
2019-10-10 12:40:55,930 [eb492a76-ee7b-4591-82c0-07dc34c8f09d@group-D85A2CF2A55E-StateMachineUpdater] INFO  impl.StateMachineUpdater (StateMachineUpdater.java:takeSnapshot(258)) - eb492a76-ee7b-4591-82c0-07dc34c8f09d@group-D85A2CF2A55E-StateMachineUpdater: Took a snapshot at index 13
2019-10-10 12:40:55,931 [eb492a76-ee7b-4591-82c0-07dc34c8f09d@group-D85A2CF2A55E-StateMachineUpdater] INFO  impl.StateMachineUpdater (StateMachineUpdater.java:lambda$new$0(83)) - eb492a76-ee7b-4591-82c0-07dc34c8f09d@group-D85A2CF2A55E-StateMachineUpdater: snapshotIndex: updateIncreasingly -1 -> 13
2019-10-10 12:40:55,931 [eb492a76-ee7b-4591-82c0-07dc34c8f09d@group-D85A2CF2A55E-StateMachineUpdater] INFO  ratis.ContainerStateMachine (ContainerStateMachine.java:takeSnapshot(289)) - group-D85A2CF2A55E: Taking a snapshot at:(t:1, i:13) file /workdir/hadoop-ozone/integration-test/target/test-dir/MiniOzoneClusterImpl-8284007a-d704-4ed0-a0ee-bee753f20599/datanode-2/data/ratis/ffe594bf-f732-47eb-9e67-d85a2cf2a55e/sm/snapshot.1_13
2019-10-10 12:40:55,933 [eb492a76-ee7b-4591-82c0-07dc34c8f09d@group-D85A2CF2A55E-StateMachineUpdater] INFO  ratis.ContainerStateMachine (ContainerStateMachine.java:takeSnapshot(300)) - group-D85A2CF2A55E: Finished taking a snapshot at:(t:1, i:13) file:/workdir/hadoop-ozone/integration-test/target/test-dir/MiniOzoneClusterImpl-8284007a-d704-4ed0-a0ee-bee753f20599/datanode-2/data/ratis/ffe594bf-f732-47eb-9e67-d85a2cf2a55e/sm/snapshot.1_13 time:2
2019-10-10 12:40:55,933 [eb492a76-ee7b-4591-82c0-07dc34c8f09d@group-D85A2CF2A55E-StateMachineUpdater] INFO  impl.StateMachineUpdater (StateMachineUpdater.java:takeSnapshot(258)) - eb492a76-ee7b-4591-82c0-07dc34c8f09d@group-D85A2CF2A55E-StateMachineUpdater: Took a snapshot at index 13
2019-10-10 12:40:55,934 [eb492a76-ee7b-4591-82c0-07dc34c8f09d@group-D85A2CF2A55E-StateMachineUpdater] INFO  impl.StateMachineUpdater (StateMachineUpdater.java:lambda$new$0(83)) - eb492a76-ee7b-4591-82c0-07dc34c8f09d@group-D85A2CF2A55E-StateMachineUpdater: snapshotIndex: updateIncreasingly 13 -> 13
2019-10-10 12:40:55,934 [ForkJoinPool.commonPool-worker-1] INFO  impl.RaftServerImpl (ServerState.java:close(385)) - eb492a76-ee7b-4591-82c0-07dc34c8f09d@group-D85A2CF2A55E: closes. applyIndex: 14
2019-10-10 12:40:55,934 [eb492a76-ee7b-4591-82c0-07dc34c8f09d@group-D85A2CF2A55E-SegmentedRaftLogWorker] INFO  segmented.SegmentedRaftLogWorker (SegmentedRaftLogWorker.java:run(313)) - eb492a76-ee7b-4591-82c0-07dc34c8f09d@group-D85A2CF2A55E-SegmentedRaftLogWorker was interrupted, exiting. There are 0 tasks remaining in the queue.
2019-10-10 12:40:55,937 [ForkJoinPool.commonPool-worker-1] INFO  segmented.SegmentedRaftLogWorker (SegmentedRaftLogWorker.java:close(228)) - eb492a76-ee7b-4591-82c0-07dc34c8f09d@group-D85A2CF2A55E-SegmentedRaftLogWorker close()
2019-10-10 12:40:55,937 [ForkJoinPool.commonPool-worker-1] INFO  impl.RaftServerImpl (RaftServerImpl.java:lambda$shutdown$3(251)) - eb492a76-ee7b-4591-82c0-07dc34c8f09d@group-C1E8C45C735B: shutdown
2019-10-10 12:40:55,937 [ForkJoinPool.commonPool-worker-1] INFO  util.JmxRegister (JmxRegister.java:unregister(73)) - Successfully un-registered JMX Bean with object name Ratis:service=RaftServer,group=group-C1E8C45C735B,id=eb492a76-ee7b-4591-82c0-07dc34c8f09d
2019-10-10 12:40:55,938 [ForkJoinPool.commonPool-worker-1] INFO  impl.RoleInfo (RoleInfo.java:shutdownLeaderState(104)) - eb492a76-ee7b-4591-82c0-07dc34c8f09d: shutdown LeaderState
2019-10-10 12:40:55,938 [ForkJoinPool.commonPool-worker-1] INFO  impl.PendingRequests (PendingRequests.java:sendNotLeaderResponses(202)) - eb492a76-ee7b-4591-82c0-07dc34c8f09d-PendingRequests: sendNotLeaderResponses
2019-10-10 12:40:55,938 [ForkJoinPool.commonPool-worker-1] INFO  impl.StateMachineUpdater (StateMachineUpdater.java:stopAndJoin(125)) - eb492a76-ee7b-4591-82c0-07dc34c8f09d@group-C1E8C45C735B-StateMachineUpdater: set stopIndex = 0
2019-10-10 12:40:55,938 [ForkJoinPool.commonPool-worker-1] INFO  impl.RaftServerImpl (ServerState.java:close(385)) - eb492a76-ee7b-4591-82c0-07dc34c8f09d@group-C1E8C45C735B: closes. applyIndex: 0
2019-10-10 12:40:55,939 [eb492a76-ee7b-4591-82c0-07dc34c8f09d@group-C1E8C45C735B-SegmentedRaftLogWorker] INFO  segmented.SegmentedRaftLogWorker (SegmentedRaftLogWorker.java:run(313)) - eb492a76-ee7b-4591-82c0-07dc34c8f09d@group-C1E8C45C735B-SegmentedRaftLogWorker was interrupted, exiting. There are 0 tasks remaining in the queue.
2019-10-10 12:40:55,939 [ForkJoinPool.commonPool-worker-1] INFO  segmented.SegmentedRaftLogWorker (SegmentedRaftLogWorker.java:close(228)) - eb492a76-ee7b-4591-82c0-07dc34c8f09d@group-C1E8C45C735B-SegmentedRaftLogWorker close()
2019-10-10 12:40:55,939 [ForkJoinPool.commonPool-worker-1] INFO  server.GrpcService (GrpcService.java:closeImpl(164)) - eb492a76-ee7b-4591-82c0-07dc34c8f09d: shutdown server with port 39843 now
2019-10-10 12:40:55,940 [grpc-default-executor-34] WARN  client.GrpcClientProtocolService (LogUtils.java:warn(134)) - 1-UnorderedRequestStreamObserver1: onError: org.apache.ratis.thirdparty.io.grpc.StatusRuntimeException: CANCELLED: cancelled before receiving half close
2019-10-10 12:40:55,940 [ForkJoinPool.commonPool-worker-1] INFO  server.GrpcService (GrpcService.java:closeImpl(172)) - eb492a76-ee7b-4591-82c0-07dc34c8f09d: shutdown server with port 39843 successfully
2019-10-10 12:40:55,942 [refreshUsed-/workdir/hadoop-ozone/integration-test/target/test-dir/MiniOzoneClusterImpl-8284007a-d704-4ed0-a0ee-bee753f20599/datanode-2/data/containers] WARN  fs.CachingGetSpaceUsed (CachingGetSpaceUsed.java:run(183)) - Thread Interrupted waiting to refresh disk information: sleep interrupted
2019-10-10 12:40:55,957 [ForkJoinPool.commonPool-worker-1] INFO  utils.BackgroundService (BackgroundService.java:shutdown(148)) - Shutting down service BlockDeletingService
2019-10-10 12:40:55,964 [ForkJoinPool.commonPool-worker-1] INFO  statemachine.DatanodeStateMachine (DatanodeStateMachine.java:stopDaemon(395)) - Ozone container server stopped.
2019-10-10 12:40:55,971 [ForkJoinPool.commonPool-worker-1] INFO  handler.ContextHandler (ContextHandler.java:doStop(910)) - Stopped o.e.j.w.WebAppContext@7c71c889{/,null,UNAVAILABLE}{/hddsDatanode}
2019-10-10 12:40:55,972 [ForkJoinPool.commonPool-worker-1] INFO  server.AbstractConnector (AbstractConnector.java:doStop(318)) - Stopped ServerConnector@4cc8d70d{HTTP/1.1,[http/1.1]}{0.0.0.0:0}
2019-10-10 12:40:55,975 [ForkJoinPool.commonPool-worker-1] INFO  handler.ContextHandler (ContextHandler.java:doStop(910)) - Stopped o.e.j.s.ServletContextHandler@7cf8f45a{/static,jar:file:/home/user/.m2/repository/org/apache/hadoop/hadoop-hdds-container-service/0.5.0-SNAPSHOT/hadoop-hdds-container-service-0.5.0-SNAPSHOT.jar!/webapps/static,UNAVAILABLE}
2019-10-10 12:40:55,977 [ForkJoinPool.commonPool-worker-1] INFO  handler.ContextHandler (ContextHandler.java:doStop(910)) - Stopped o.e.j.s.ServletContextHandler@4d81e83a{/logs,file:///workdir/hadoop-ozone/integration-test/target/log,UNAVAILABLE}
2019-10-10 12:40:56,365 [Datanode State Machine Thread - 0] INFO  statemachine.DatanodeStateMachine (DatanodeStateMachine.java:lambda$startDaemon$0(350)) - Ozone container server started.
2019-10-10 12:40:56,500 [Datanode State Machine Thread - 0] INFO  statemachine.DatanodeStateMachine (DatanodeStateMachine.java:lambda$startDaemon$0(350)) - Ozone container server started.
2019-10-10 12:40:56,594 [Thread-7134] INFO  impl.FollowerState (FollowerState.java:run(106)) - 2977129d-288a-401c-9baf-20955028e955:group-4E0D53597C14 changes to CANDIDATE, lastRpcTime:5043, electionTimeout:5043ms
2019-10-10 12:40:56,595 [Thread-7134] INFO  impl.RoleInfo (RoleInfo.java:shutdownFollowerState(121)) - 2977129d-288a-401c-9baf-20955028e955: shutdown FollowerState
2019-10-10 12:40:56,595 [Thread-7134] INFO  impl.RaftServerImpl (RaftServerImpl.java:setRole(174)) - 2977129d-288a-401c-9baf-20955028e955@group-4E0D53597C14: changes role from  FOLLOWER to CANDIDATE at term 2 for changeToCandidate
2019-10-10 12:40:56,595 [Thread-7134] INFO  impl.RoleInfo (RoleInfo.java:updateAndGet(143)) - 2977129d-288a-401c-9baf-20955028e955: start LeaderElection
2019-10-10 12:40:56,618 [2977129d-288a-401c-9baf-20955028e955@group-4E0D53597C14:LeaderElection263] INFO  impl.LeaderElection (LeaderElection.java:askForVotes(182)) - 2977129d-288a-401c-9baf-20955028e955@group-4E0D53597C14:LeaderElection263: begin an election at term 3 for 0: [6f85b482-1ee3-41f8-b799-7ee315fa3ee8:192.168.5.143:44817, 2977129d-288a-401c-9baf-20955028e955:192.168.5.143:38849, a5b85608-7f11-46ec-ae19-494ab54f3701:192.168.5.143:39887], old=null
2019-10-10 12:40:56,619 [2977129d-288a-401c-9baf-20955028e955@group-4E0D53597C14:LeaderElection263] INFO  impl.LeaderElection (LogUtils.java:infoOrTrace(149)) - 2977129d-288a-401c-9baf-20955028e955@group-4E0D53597C14:LeaderElection263 got exception when requesting votes: {}
java.util.concurrent.ExecutionException: org.apache.ratis.thirdparty.io.grpc.StatusRuntimeException: UNAVAILABLE: io exception
	at java.util.concurrent.FutureTask.report(FutureTask.java:122)
	at java.util.concurrent.FutureTask.get(FutureTask.java:192)
	at org.apache.ratis.server.impl.LeaderElection.waitForResults(LeaderElection.java:263)
	at org.apache.ratis.server.impl.LeaderElection.askForVotes(LeaderElection.java:201)
	at org.apache.ratis.server.impl.LeaderElection.run(LeaderElection.java:133)
	at java.lang.Thread.run(Thread.java:748)
Caused by: org.apache.ratis.thirdparty.io.grpc.StatusRuntimeException: UNAVAILABLE: io exception
	at org.apache.ratis.thirdparty.io.grpc.stub.ClientCalls.toStatusRuntimeException(ClientCalls.java:233)
	at org.apache.ratis.thirdparty.io.grpc.stub.ClientCalls.getUnchecked(ClientCalls.java:214)
	at org.apache.ratis.thirdparty.io.grpc.stub.ClientCalls.blockingUnaryCall(ClientCalls.java:139)
	at org.apache.ratis.proto.grpc.RaftServerProtocolServiceGrpc$RaftServerProtocolServiceBlockingStub.requestVote(RaftServerProtocolServiceGrpc.java:265)
	at org.apache.ratis.grpc.server.GrpcServerProtocolClient.requestVote(GrpcServerProtocolClient.java:90)
	at org.apache.ratis.grpc.server.GrpcService.requestVote(GrpcService.java:204)
	at org.apache.ratis.server.impl.LeaderElection.lambda$submitRequests$1(LeaderElection.java:238)
	at java.util.concurrent.FutureTask.run(FutureTask.java:266)
	at java.util.concurrent.Executors$RunnableAdapter.call(Executors.java:511)
	at java.util.concurrent.FutureTask.run(FutureTask.java:266)
	at java.util.concurrent.ThreadPoolExecutor.runWorker(ThreadPoolExecutor.java:1149)
	at java.util.concurrent.ThreadPoolExecutor$Worker.run(ThreadPoolExecutor.java:624)
	... 1 more
Caused by: org.apache.ratis.thirdparty.io.netty.channel.AbstractChannel$AnnotatedConnectException: Connection refused: /192.168.5.143:39887
	at sun.nio.ch.SocketChannelImpl.checkConnect(Native Method)
	at sun.nio.ch.SocketChannelImpl.finishConnect(SocketChannelImpl.java:717)
	at org.apache.ratis.thirdparty.io.netty.channel.socket.nio.NioSocketChannel.doFinishConnect(NioSocketChannel.java:327)
	at org.apache.ratis.thirdparty.io.netty.channel.nio.AbstractNioChannel$AbstractNioUnsafe.finishConnect(AbstractNioChannel.java:340)
	at org.apache.ratis.thirdparty.io.netty.channel.nio.NioEventLoop.processSelectedKey(NioEventLoop.java:632)
	at org.apache.ratis.thirdparty.io.netty.channel.nio.NioEventLoop.processSelectedKeysOptimized(NioEventLoop.java:579)
	at org.apache.ratis.thirdparty.io.netty.channel.nio.NioEventLoop.processSelectedKeys(NioEventLoop.java:496)
	at org.apache.ratis.thirdparty.io.netty.channel.nio.NioEventLoop.run(NioEventLoop.java:458)
	at org.apache.ratis.thirdparty.io.netty.util.concurrent.SingleThreadEventExecutor$5.run(SingleThreadEventExecutor.java:897)
	at org.apache.ratis.thirdparty.io.netty.util.concurrent.FastThreadLocalRunnable.run(FastThreadLocalRunnable.java:30)
	... 1 more
Caused by: java.net.ConnectException: Connection refused
	... 11 more
2019-10-10 12:40:56,620 [2977129d-288a-401c-9baf-20955028e955@group-4E0D53597C14:LeaderElection263] INFO  impl.LeaderElection (LogUtils.java:infoOrTrace(149)) - 2977129d-288a-401c-9baf-20955028e955@group-4E0D53597C14:LeaderElection263 got exception when requesting votes: {}
java.util.concurrent.ExecutionException: org.apache.ratis.thirdparty.io.grpc.StatusRuntimeException: UNAVAILABLE: io exception
	at java.util.concurrent.FutureTask.report(FutureTask.java:122)
	at java.util.concurrent.FutureTask.get(FutureTask.java:192)
	at org.apache.ratis.server.impl.LeaderElection.waitForResults(LeaderElection.java:263)
	at org.apache.ratis.server.impl.LeaderElection.askForVotes(LeaderElection.java:201)
	at org.apache.ratis.server.impl.LeaderElection.run(LeaderElection.java:133)
	at java.lang.Thread.run(Thread.java:748)
Caused by: org.apache.ratis.thirdparty.io.grpc.StatusRuntimeException: UNAVAILABLE: io exception
	at org.apache.ratis.thirdparty.io.grpc.stub.ClientCalls.toStatusRuntimeException(ClientCalls.java:233)
	at org.apache.ratis.thirdparty.io.grpc.stub.ClientCalls.getUnchecked(ClientCalls.java:214)
	at org.apache.ratis.thirdparty.io.grpc.stub.ClientCalls.blockingUnaryCall(ClientCalls.java:139)
	at org.apache.ratis.proto.grpc.RaftServerProtocolServiceGrpc$RaftServerProtocolServiceBlockingStub.requestVote(RaftServerProtocolServiceGrpc.java:265)
	at org.apache.ratis.grpc.server.GrpcServerProtocolClient.requestVote(GrpcServerProtocolClient.java:90)
	at org.apache.ratis.grpc.server.GrpcService.requestVote(GrpcService.java:204)
	at org.apache.ratis.server.impl.LeaderElection.lambda$submitRequests$1(LeaderElection.java:238)
	at java.util.concurrent.FutureTask.run(FutureTask.java:266)
	at java.util.concurrent.Executors$RunnableAdapter.call(Executors.java:511)
	at java.util.concurrent.FutureTask.run(FutureTask.java:266)
	at java.util.concurrent.ThreadPoolExecutor.runWorker(ThreadPoolExecutor.java:1149)
	at java.util.concurrent.ThreadPoolExecutor$Worker.run(ThreadPoolExecutor.java:624)
	... 1 more
Caused by: org.apache.ratis.thirdparty.io.netty.channel.AbstractChannel$AnnotatedConnectException: Connection refused: /192.168.5.143:44817
	at sun.nio.ch.SocketChannelImpl.checkConnect(Native Method)
	at sun.nio.ch.SocketChannelImpl.finishConnect(SocketChannelImpl.java:717)
	at org.apache.ratis.thirdparty.io.netty.channel.socket.nio.NioSocketChannel.doFinishConnect(NioSocketChannel.java:327)
	at org.apache.ratis.thirdparty.io.netty.channel.nio.AbstractNioChannel$AbstractNioUnsafe.finishConnect(AbstractNioChannel.java:340)
	at org.apache.ratis.thirdparty.io.netty.channel.nio.NioEventLoop.processSelectedKey(NioEventLoop.java:632)
	at org.apache.ratis.thirdparty.io.netty.channel.nio.NioEventLoop.processSelectedKeysOptimized(NioEventLoop.java:579)
	at org.apache.ratis.thirdparty.io.netty.channel.nio.NioEventLoop.processSelectedKeys(NioEventLoop.java:496)
	at org.apache.ratis.thirdparty.io.netty.channel.nio.NioEventLoop.run(NioEventLoop.java:458)
	at org.apache.ratis.thirdparty.io.netty.util.concurrent.SingleThreadEventExecutor$5.run(SingleThreadEventExecutor.java:897)
	at org.apache.ratis.thirdparty.io.netty.util.concurrent.FastThreadLocalRunnable.run(FastThreadLocalRunnable.java:30)
	... 1 more
Caused by: java.net.ConnectException: Connection refused
	... 11 more
2019-10-10 12:40:56,620 [2977129d-288a-401c-9baf-20955028e955@group-4E0D53597C14:LeaderElection263] INFO  impl.LeaderElection (LeaderElection.java:logAndReturn(56)) - 2977129d-288a-401c-9baf-20955028e955@group-4E0D53597C14:LeaderElection263: Election REJECTED; received 0 response(s) [] and 2 exception(s); 2977129d-288a-401c-9baf-20955028e955@group-4E0D53597C14:t3, leader=null, voted=2977129d-288a-401c-9baf-20955028e955, raftlog=2977129d-288a-401c-9baf-20955028e955@group-4E0D53597C14-SegmentedRaftLog:OPENED:c0,f0,i0, conf=0: [6f85b482-1ee3-41f8-b799-7ee315fa3ee8:192.168.5.143:44817, 2977129d-288a-401c-9baf-20955028e955:192.168.5.143:38849, a5b85608-7f11-46ec-ae19-494ab54f3701:192.168.5.143:39887], old=null
2019-10-10 12:40:56,620 [2977129d-288a-401c-9baf-20955028e955@group-4E0D53597C14:LeaderElection263] INFO  impl.LeaderElection (LogUtils.java:infoOrTrace(149)) -   Exception 0: {}
java.util.concurrent.ExecutionException: org.apache.ratis.thirdparty.io.grpc.StatusRuntimeException: UNAVAILABLE: io exception
	at java.util.concurrent.FutureTask.report(FutureTask.java:122)
	at java.util.concurrent.FutureTask.get(FutureTask.java:192)
	at org.apache.ratis.server.impl.LeaderElection.waitForResults(LeaderElection.java:263)
	at org.apache.ratis.server.impl.LeaderElection.askForVotes(LeaderElection.java:201)
	at org.apache.ratis.server.impl.LeaderElection.run(LeaderElection.java:133)
	at java.lang.Thread.run(Thread.java:748)
Caused by: org.apache.ratis.thirdparty.io.grpc.StatusRuntimeException: UNAVAILABLE: io exception
	at org.apache.ratis.thirdparty.io.grpc.stub.ClientCalls.toStatusRuntimeException(ClientCalls.java:233)
	at org.apache.ratis.thirdparty.io.grpc.stub.ClientCalls.getUnchecked(ClientCalls.java:214)
	at org.apache.ratis.thirdparty.io.grpc.stub.ClientCalls.blockingUnaryCall(ClientCalls.java:139)
	at org.apache.ratis.proto.grpc.RaftServerProtocolServiceGrpc$RaftServerProtocolServiceBlockingStub.requestVote(RaftServerProtocolServiceGrpc.java:265)
	at org.apache.ratis.grpc.server.GrpcServerProtocolClient.requestVote(GrpcServerProtocolClient.java:90)
	at org.apache.ratis.grpc.server.GrpcService.requestVote(GrpcService.java:204)
	at org.apache.ratis.server.impl.LeaderElection.lambda$submitRequests$1(LeaderElection.java:238)
	at java.util.concurrent.FutureTask.run(FutureTask.java:266)
	at java.util.concurrent.Executors$RunnableAdapter.call(Executors.java:511)
	at java.util.concurrent.FutureTask.run(FutureTask.java:266)
	at java.util.concurrent.ThreadPoolExecutor.runWorker(ThreadPoolExecutor.java:1149)
	at java.util.concurrent.ThreadPoolExecutor$Worker.run(ThreadPoolExecutor.java:624)
	... 1 more
Caused by: org.apache.ratis.thirdparty.io.netty.channel.AbstractChannel$AnnotatedConnectException: Connection refused: /192.168.5.143:39887
	at sun.nio.ch.SocketChannelImpl.checkConnect(Native Method)
	at sun.nio.ch.SocketChannelImpl.finishConnect(SocketChannelImpl.java:717)
	at org.apache.ratis.thirdparty.io.netty.channel.socket.nio.NioSocketChannel.doFinishConnect(NioSocketChannel.java:327)
	at org.apache.ratis.thirdparty.io.netty.channel.nio.AbstractNioChannel$AbstractNioUnsafe.finishConnect(AbstractNioChannel.java:340)
	at org.apache.ratis.thirdparty.io.netty.channel.nio.NioEventLoop.processSelectedKey(NioEventLoop.java:632)
	at org.apache.ratis.thirdparty.io.netty.channel.nio.NioEventLoop.processSelectedKeysOptimized(NioEventLoop.java:579)
	at org.apache.ratis.thirdparty.io.netty.channel.nio.NioEventLoop.processSelectedKeys(NioEventLoop.java:496)
	at org.apache.ratis.thirdparty.io.netty.channel.nio.NioEventLoop.run(NioEventLoop.java:458)
	at org.apache.ratis.thirdparty.io.netty.util.concurrent.SingleThreadEventExecutor$5.run(SingleThreadEventExecutor.java:897)
	at org.apache.ratis.thirdparty.io.netty.util.concurrent.FastThreadLocalRunnable.run(FastThreadLocalRunnable.java:30)
	... 1 more
Caused by: java.net.ConnectException: Connection refused
	... 11 more
2019-10-10 12:40:56,621 [2977129d-288a-401c-9baf-20955028e955@group-4E0D53597C14:LeaderElection263] INFO  impl.LeaderElection (LogUtils.java:infoOrTrace(149)) -   Exception 1: {}
java.util.concurrent.ExecutionException: org.apache.ratis.thirdparty.io.grpc.StatusRuntimeException: UNAVAILABLE: io exception
	at java.util.concurrent.FutureTask.report(FutureTask.java:122)
	at java.util.concurrent.FutureTask.get(FutureTask.java:192)
	at org.apache.ratis.server.impl.LeaderElection.waitForResults(LeaderElection.java:263)
	at org.apache.ratis.server.impl.LeaderElection.askForVotes(LeaderElection.java:201)
	at org.apache.ratis.server.impl.LeaderElection.run(LeaderElection.java:133)
	at java.lang.Thread.run(Thread.java:748)
Caused by: org.apache.ratis.thirdparty.io.grpc.StatusRuntimeException: UNAVAILABLE: io exception
	at org.apache.ratis.thirdparty.io.grpc.stub.ClientCalls.toStatusRuntimeException(ClientCalls.java:233)
	at org.apache.ratis.thirdparty.io.grpc.stub.ClientCalls.getUnchecked(ClientCalls.java:214)
	at org.apache.ratis.thirdparty.io.grpc.stub.ClientCalls.blockingUnaryCall(ClientCalls.java:139)
	at org.apache.ratis.proto.grpc.RaftServerProtocolServiceGrpc$RaftServerProtocolServiceBlockingStub.requestVote(RaftServerProtocolServiceGrpc.java:265)
	at org.apache.ratis.grpc.server.GrpcServerProtocolClient.requestVote(GrpcServerProtocolClient.java:90)
	at org.apache.ratis.grpc.server.GrpcService.requestVote(GrpcService.java:204)
	at org.apache.ratis.server.impl.LeaderElection.lambda$submitRequests$1(LeaderElection.java:238)
	at java.util.concurrent.FutureTask.run(FutureTask.java:266)
	at java.util.concurrent.Executors$RunnableAdapter.call(Executors.java:511)
	at java.util.concurrent.FutureTask.run(FutureTask.java:266)
	at java.util.concurrent.ThreadPoolExecutor.runWorker(ThreadPoolExecutor.java:1149)
	at java.util.concurrent.ThreadPoolExecutor$Worker.run(ThreadPoolExecutor.java:624)
	... 1 more
Caused by: org.apache.ratis.thirdparty.io.netty.channel.AbstractChannel$AnnotatedConnectException: Connection refused: /192.168.5.143:44817
	at sun.nio.ch.SocketChannelImpl.checkConnect(Native Method)
	at sun.nio.ch.SocketChannelImpl.finishConnect(SocketChannelImpl.java:717)
	at org.apache.ratis.thirdparty.io.netty.channel.socket.nio.NioSocketChannel.doFinishConnect(NioSocketChannel.java:327)
	at org.apache.ratis.thirdparty.io.netty.channel.nio.AbstractNioChannel$AbstractNioUnsafe.finishConnect(AbstractNioChannel.java:340)
	at org.apache.ratis.thirdparty.io.netty.channel.nio.NioEventLoop.processSelectedKey(NioEventLoop.java:632)
	at org.apache.ratis.thirdparty.io.netty.channel.nio.NioEventLoop.processSelectedKeysOptimized(NioEventLoop.java:579)
	at org.apache.ratis.thirdparty.io.netty.channel.nio.NioEventLoop.processSelectedKeys(NioEventLoop.java:496)
	at org.apache.ratis.thirdparty.io.netty.channel.nio.NioEventLoop.run(NioEventLoop.java:458)
	at org.apache.ratis.thirdparty.io.netty.util.concurrent.SingleThreadEventExecutor$5.run(SingleThreadEventExecutor.java:897)
	at org.apache.ratis.thirdparty.io.netty.util.concurrent.FastThreadLocalRunnable.run(FastThreadLocalRunnable.java:30)
	... 1 more
Caused by: java.net.ConnectException: Connection refused
	... 11 more
2019-10-10 12:40:56,621 [2977129d-288a-401c-9baf-20955028e955@group-4E0D53597C14:LeaderElection263] INFO  impl.RaftServerImpl (RaftServerImpl.java:setRole(174)) - 2977129d-288a-401c-9baf-20955028e955@group-4E0D53597C14: changes role from CANDIDATE to FOLLOWER at term 3 for DISCOVERED_A_NEW_TERM
2019-10-10 12:40:56,621 [2977129d-288a-401c-9baf-20955028e955@group-4E0D53597C14:LeaderElection263] INFO  impl.RoleInfo (RoleInfo.java:shutdownLeaderElection(134)) - 2977129d-288a-401c-9baf-20955028e955: shutdown LeaderElection
2019-10-10 12:40:56,621 [2977129d-288a-401c-9baf-20955028e955@group-4E0D53597C14:LeaderElection263] INFO  impl.RoleInfo (RoleInfo.java:updateAndGet(143)) - 2977129d-288a-401c-9baf-20955028e955: start FollowerState
2019-10-10 12:40:56,952 [Thread-7080] INFO  impl.FollowerState (FollowerState.java:run(106)) - 2977129d-288a-401c-9baf-20955028e955:group-BAAFDA4BB310 changes to CANDIDATE, lastRpcTime:7760, electionTimeout:5199ms
2019-10-10 12:40:56,953 [Thread-7080] INFO  impl.RoleInfo (RoleInfo.java:shutdownFollowerState(121)) - 2977129d-288a-401c-9baf-20955028e955: shutdown FollowerState
2019-10-10 12:40:56,953 [Thread-7080] INFO  impl.RaftServerImpl (RaftServerImpl.java:setRole(174)) - 2977129d-288a-401c-9baf-20955028e955@group-BAAFDA4BB310: changes role from  FOLLOWER to CANDIDATE at term 2 for changeToCandidate
2019-10-10 12:40:56,953 [Thread-7080] INFO  impl.RoleInfo (RoleInfo.java:updateAndGet(143)) - 2977129d-288a-401c-9baf-20955028e955: start LeaderElection
2019-10-10 12:40:56,953 [2977129d-288a-401c-9baf-20955028e955@group-BAAFDA4BB310:LeaderElection264] INFO  impl.RaftServerImpl (ServerState.java:setLeader(253)) - 2977129d-288a-401c-9baf-20955028e955@group-BAAFDA4BB310: change Leader from a5b85608-7f11-46ec-ae19-494ab54f3701 to null at term 2 for initElection
2019-10-10 12:40:56,958 [2977129d-288a-401c-9baf-20955028e955@group-BAAFDA4BB310:LeaderElection264] INFO  impl.LeaderElection (LeaderElection.java:askForVotes(182)) - 2977129d-288a-401c-9baf-20955028e955@group-BAAFDA4BB310:LeaderElection264: begin an election at term 3 for 1: [6f85b482-1ee3-41f8-b799-7ee315fa3ee8:192.168.5.143:44817, 2977129d-288a-401c-9baf-20955028e955:192.168.5.143:38849, a5b85608-7f11-46ec-ae19-494ab54f3701:192.168.5.143:39887], old=null
2019-10-10 12:40:56,959 [2977129d-288a-401c-9baf-20955028e955@group-BAAFDA4BB310:LeaderElection264] INFO  impl.LeaderElection (LogUtils.java:infoOrTrace(149)) - 2977129d-288a-401c-9baf-20955028e955@group-BAAFDA4BB310:LeaderElection264 got exception when requesting votes: {}
java.util.concurrent.ExecutionException: org.apache.ratis.thirdparty.io.grpc.StatusRuntimeException: UNAVAILABLE: io exception
	at java.util.concurrent.FutureTask.report(FutureTask.java:122)
	at java.util.concurrent.FutureTask.get(FutureTask.java:192)
	at org.apache.ratis.server.impl.LeaderElection.waitForResults(LeaderElection.java:263)
	at org.apache.ratis.server.impl.LeaderElection.askForVotes(LeaderElection.java:201)
	at org.apache.ratis.server.impl.LeaderElection.run(LeaderElection.java:133)
	at java.lang.Thread.run(Thread.java:748)
Caused by: org.apache.ratis.thirdparty.io.grpc.StatusRuntimeException: UNAVAILABLE: io exception
	at org.apache.ratis.thirdparty.io.grpc.stub.ClientCalls.toStatusRuntimeException(ClientCalls.java:233)
	at org.apache.ratis.thirdparty.io.grpc.stub.ClientCalls.getUnchecked(ClientCalls.java:214)
	at org.apache.ratis.thirdparty.io.grpc.stub.ClientCalls.blockingUnaryCall(ClientCalls.java:139)
	at org.apache.ratis.proto.grpc.RaftServerProtocolServiceGrpc$RaftServerProtocolServiceBlockingStub.requestVote(RaftServerProtocolServiceGrpc.java:265)
	at org.apache.ratis.grpc.server.GrpcServerProtocolClient.requestVote(GrpcServerProtocolClient.java:90)
	at org.apache.ratis.grpc.server.GrpcService.requestVote(GrpcService.java:204)
	at org.apache.ratis.server.impl.LeaderElection.lambda$submitRequests$1(LeaderElection.java:238)
	at java.util.concurrent.FutureTask.run(FutureTask.java:266)
	at java.util.concurrent.Executors$RunnableAdapter.call(Executors.java:511)
	at java.util.concurrent.FutureTask.run(FutureTask.java:266)
	at java.util.concurrent.ThreadPoolExecutor.runWorker(ThreadPoolExecutor.java:1149)
	at java.util.concurrent.ThreadPoolExecutor$Worker.run(ThreadPoolExecutor.java:624)
	... 1 more
Caused by: org.apache.ratis.thirdparty.io.netty.channel.AbstractChannel$AnnotatedConnectException: Connection refused: /192.168.5.143:44817
	at sun.nio.ch.SocketChannelImpl.checkConnect(Native Method)
	at sun.nio.ch.SocketChannelImpl.finishConnect(SocketChannelImpl.java:717)
	at org.apache.ratis.thirdparty.io.netty.channel.socket.nio.NioSocketChannel.doFinishConnect(NioSocketChannel.java:327)
	at org.apache.ratis.thirdparty.io.netty.channel.nio.AbstractNioChannel$AbstractNioUnsafe.finishConnect(AbstractNioChannel.java:340)
	at org.apache.ratis.thirdparty.io.netty.channel.nio.NioEventLoop.processSelectedKey(NioEventLoop.java:632)
	at org.apache.ratis.thirdparty.io.netty.channel.nio.NioEventLoop.processSelectedKeysOptimized(NioEventLoop.java:579)
	at org.apache.ratis.thirdparty.io.netty.channel.nio.NioEventLoop.processSelectedKeys(NioEventLoop.java:496)
	at org.apache.ratis.thirdparty.io.netty.channel.nio.NioEventLoop.run(NioEventLoop.java:458)
	at org.apache.ratis.thirdparty.io.netty.util.concurrent.SingleThreadEventExecutor$5.run(SingleThreadEventExecutor.java:897)
	at org.apache.ratis.thirdparty.io.netty.util.concurrent.FastThreadLocalRunnable.run(FastThreadLocalRunnable.java:30)
	... 1 more
Caused by: java.net.ConnectException: Connection refused
	... 11 more
2019-10-10 12:40:56,959 [2977129d-288a-401c-9baf-20955028e955@group-BAAFDA4BB310:LeaderElection264] INFO  impl.LeaderElection (LogUtils.java:infoOrTrace(149)) - 2977129d-288a-401c-9baf-20955028e955@group-BAAFDA4BB310:LeaderElection264 got exception when requesting votes: {}
java.util.concurrent.ExecutionException: org.apache.ratis.thirdparty.io.grpc.StatusRuntimeException: UNAVAILABLE: io exception
	at java.util.concurrent.FutureTask.report(FutureTask.java:122)
	at java.util.concurrent.FutureTask.get(FutureTask.java:192)
	at org.apache.ratis.server.impl.LeaderElection.waitForResults(LeaderElection.java:263)
	at org.apache.ratis.server.impl.LeaderElection.askForVotes(LeaderElection.java:201)
	at org.apache.ratis.server.impl.LeaderElection.run(LeaderElection.java:133)
	at java.lang.Thread.run(Thread.java:748)
Caused by: org.apache.ratis.thirdparty.io.grpc.StatusRuntimeException: UNAVAILABLE: io exception
	at org.apache.ratis.thirdparty.io.grpc.stub.ClientCalls.toStatusRuntimeException(ClientCalls.java:233)
	at org.apache.ratis.thirdparty.io.grpc.stub.ClientCalls.getUnchecked(ClientCalls.java:214)
	at org.apache.ratis.thirdparty.io.grpc.stub.ClientCalls.blockingUnaryCall(ClientCalls.java:139)
	at org.apache.ratis.proto.grpc.RaftServerProtocolServiceGrpc$RaftServerProtocolServiceBlockingStub.requestVote(RaftServerProtocolServiceGrpc.java:265)
	at org.apache.ratis.grpc.server.GrpcServerProtocolClient.requestVote(GrpcServerProtocolClient.java:90)
	at org.apache.ratis.grpc.server.GrpcService.requestVote(GrpcService.java:204)
	at org.apache.ratis.server.impl.LeaderElection.lambda$submitRequests$1(LeaderElection.java:238)
	at java.util.concurrent.FutureTask.run(FutureTask.java:266)
	at java.util.concurrent.Executors$RunnableAdapter.call(Executors.java:511)
	at java.util.concurrent.FutureTask.run(FutureTask.java:266)
	at java.util.concurrent.ThreadPoolExecutor.runWorker(ThreadPoolExecutor.java:1149)
	at java.util.concurrent.ThreadPoolExecutor$Worker.run(ThreadPoolExecutor.java:624)
	... 1 more
Caused by: org.apache.ratis.thirdparty.io.netty.channel.AbstractChannel$AnnotatedConnectException: Connection refused: /192.168.5.143:39887
	at sun.nio.ch.SocketChannelImpl.checkConnect(Native Method)
	at sun.nio.ch.SocketChannelImpl.finishConnect(SocketChannelImpl.java:717)
	at org.apache.ratis.thirdparty.io.netty.channel.socket.nio.NioSocketChannel.doFinishConnect(NioSocketChannel.java:327)
	at org.apache.ratis.thirdparty.io.netty.channel.nio.AbstractNioChannel$AbstractNioUnsafe.finishConnect(AbstractNioChannel.java:340)
	at org.apache.ratis.thirdparty.io.netty.channel.nio.NioEventLoop.processSelectedKey(NioEventLoop.java:632)
	at org.apache.ratis.thirdparty.io.netty.channel.nio.NioEventLoop.processSelectedKeysOptimized(NioEventLoop.java:579)
	at org.apache.ratis.thirdparty.io.netty.channel.nio.NioEventLoop.processSelectedKeys(NioEventLoop.java:496)
	at org.apache.ratis.thirdparty.io.netty.channel.nio.NioEventLoop.run(NioEventLoop.java:458)
	at org.apache.ratis.thirdparty.io.netty.util.concurrent.SingleThreadEventExecutor$5.run(SingleThreadEventExecutor.java:897)
	at org.apache.ratis.thirdparty.io.netty.util.concurrent.FastThreadLocalRunnable.run(FastThreadLocalRunnable.java:30)
	... 1 more
Caused by: java.net.ConnectException: Connection refused
	... 11 more
2019-10-10 12:40:56,959 [2977129d-288a-401c-9baf-20955028e955@group-BAAFDA4BB310:LeaderElection264] INFO  impl.LeaderElection (LeaderElection.java:logAndReturn(56)) - 2977129d-288a-401c-9baf-20955028e955@group-BAAFDA4BB310:LeaderElection264: Election REJECTED; received 0 response(s) [] and 2 exception(s); 2977129d-288a-401c-9baf-20955028e955@group-BAAFDA4BB310:t3, leader=null, voted=2977129d-288a-401c-9baf-20955028e955, raftlog=2977129d-288a-401c-9baf-20955028e955@group-BAAFDA4BB310-SegmentedRaftLog:OPENED:c2,f2,i2, conf=1: [6f85b482-1ee3-41f8-b799-7ee315fa3ee8:192.168.5.143:44817, 2977129d-288a-401c-9baf-20955028e955:192.168.5.143:38849, a5b85608-7f11-46ec-ae19-494ab54f3701:192.168.5.143:39887], old=null
2019-10-10 12:40:56,959 [2977129d-288a-401c-9baf-20955028e955@group-BAAFDA4BB310:LeaderElection264] INFO  impl.LeaderElection (LogUtils.java:infoOrTrace(149)) -   Exception 0: {}
java.util.concurrent.ExecutionException: org.apache.ratis.thirdparty.io.grpc.StatusRuntimeException: UNAVAILABLE: io exception
	at java.util.concurrent.FutureTask.report(FutureTask.java:122)
	at java.util.concurrent.FutureTask.get(FutureTask.java:192)
	at org.apache.ratis.server.impl.LeaderElection.waitForResults(LeaderElection.java:263)
	at org.apache.ratis.server.impl.LeaderElection.askForVotes(LeaderElection.java:201)
	at org.apache.ratis.server.impl.LeaderElection.run(LeaderElection.java:133)
	at java.lang.Thread.run(Thread.java:748)
Caused by: org.apache.ratis.thirdparty.io.grpc.StatusRuntimeException: UNAVAILABLE: io exception
	at org.apache.ratis.thirdparty.io.grpc.stub.ClientCalls.toStatusRuntimeException(ClientCalls.java:233)
	at org.apache.ratis.thirdparty.io.grpc.stub.ClientCalls.getUnchecked(ClientCalls.java:214)
	at org.apache.ratis.thirdparty.io.grpc.stub.ClientCalls.blockingUnaryCall(ClientCalls.java:139)
	at org.apache.ratis.proto.grpc.RaftServerProtocolServiceGrpc$RaftServerProtocolServiceBlockingStub.requestVote(RaftServerProtocolServiceGrpc.java:265)
	at org.apache.ratis.grpc.server.GrpcServerProtocolClient.requestVote(GrpcServerProtocolClient.java:90)
	at org.apache.ratis.grpc.server.GrpcService.requestVote(GrpcService.java:204)
	at org.apache.ratis.server.impl.LeaderElection.lambda$submitRequests$1(LeaderElection.java:238)
	at java.util.concurrent.FutureTask.run(FutureTask.java:266)
	at java.util.concurrent.Executors$RunnableAdapter.call(Executors.java:511)
	at java.util.concurrent.FutureTask.run(FutureTask.java:266)
	at java.util.concurrent.ThreadPoolExecutor.runWorker(ThreadPoolExecutor.java:1149)
	at java.util.concurrent.ThreadPoolExecutor$Worker.run(ThreadPoolExecutor.java:624)
	... 1 more
Caused by: org.apache.ratis.thirdparty.io.netty.channel.AbstractChannel$AnnotatedConnectException: Connection refused: /192.168.5.143:44817
	at sun.nio.ch.SocketChannelImpl.checkConnect(Native Method)
	at sun.nio.ch.SocketChannelImpl.finishConnect(SocketChannelImpl.java:717)
	at org.apache.ratis.thirdparty.io.netty.channel.socket.nio.NioSocketChannel.doFinishConnect(NioSocketChannel.java:327)
	at org.apache.ratis.thirdparty.io.netty.channel.nio.AbstractNioChannel$AbstractNioUnsafe.finishConnect(AbstractNioChannel.java:340)
	at org.apache.ratis.thirdparty.io.netty.channel.nio.NioEventLoop.processSelectedKey(NioEventLoop.java:632)
	at org.apache.ratis.thirdparty.io.netty.channel.nio.NioEventLoop.processSelectedKeysOptimized(NioEventLoop.java:579)
	at org.apache.ratis.thirdparty.io.netty.channel.nio.NioEventLoop.processSelectedKeys(NioEventLoop.java:496)
	at org.apache.ratis.thirdparty.io.netty.channel.nio.NioEventLoop.run(NioEventLoop.java:458)
	at org.apache.ratis.thirdparty.io.netty.util.concurrent.SingleThreadEventExecutor$5.run(SingleThreadEventExecutor.java:897)
	at org.apache.ratis.thirdparty.io.netty.util.concurrent.FastThreadLocalRunnable.run(FastThreadLocalRunnable.java:30)
	... 1 more
Caused by: java.net.ConnectException: Connection refused
	... 11 more
2019-10-10 12:40:56,960 [2977129d-288a-401c-9baf-20955028e955@group-BAAFDA4BB310:LeaderElection264] INFO  impl.LeaderElection (LogUtils.java:infoOrTrace(149)) -   Exception 1: {}
java.util.concurrent.ExecutionException: org.apache.ratis.thirdparty.io.grpc.StatusRuntimeException: UNAVAILABLE: io exception
	at java.util.concurrent.FutureTask.report(FutureTask.java:122)
	at java.util.concurrent.FutureTask.get(FutureTask.java:192)
	at org.apache.ratis.server.impl.LeaderElection.waitForResults(LeaderElection.java:263)
	at org.apache.ratis.server.impl.LeaderElection.askForVotes(LeaderElection.java:201)
	at org.apache.ratis.server.impl.LeaderElection.run(LeaderElection.java:133)
	at java.lang.Thread.run(Thread.java:748)
Caused by: org.apache.ratis.thirdparty.io.grpc.StatusRuntimeException: UNAVAILABLE: io exception
	at org.apache.ratis.thirdparty.io.grpc.stub.ClientCalls.toStatusRuntimeException(ClientCalls.java:233)
	at org.apache.ratis.thirdparty.io.grpc.stub.ClientCalls.getUnchecked(ClientCalls.java:214)
	at org.apache.ratis.thirdparty.io.grpc.stub.ClientCalls.blockingUnaryCall(ClientCalls.java:139)
	at org.apache.ratis.proto.grpc.RaftServerProtocolServiceGrpc$RaftServerProtocolServiceBlockingStub.requestVote(RaftServerProtocolServiceGrpc.java:265)
	at org.apache.ratis.grpc.server.GrpcServerProtocolClient.requestVote(GrpcServerProtocolClient.java:90)
	at org.apache.ratis.grpc.server.GrpcService.requestVote(GrpcService.java:204)
	at org.apache.ratis.server.impl.LeaderElection.lambda$submitRequests$1(LeaderElection.java:238)
	at java.util.concurrent.FutureTask.run(FutureTask.java:266)
	at java.util.concurrent.Executors$RunnableAdapter.call(Executors.java:511)
	at java.util.concurrent.FutureTask.run(FutureTask.java:266)
	at java.util.concurrent.ThreadPoolExecutor.runWorker(ThreadPoolExecutor.java:1149)
	at java.util.concurrent.ThreadPoolExecutor$Worker.run(ThreadPoolExecutor.java:624)
	... 1 more
Caused by: org.apache.ratis.thirdparty.io.netty.channel.AbstractChannel$AnnotatedConnectException: Connection refused: /192.168.5.143:39887
	at sun.nio.ch.SocketChannelImpl.checkConnect(Native Method)
	at sun.nio.ch.SocketChannelImpl.finishConnect(SocketChannelImpl.java:717)
	at org.apache.ratis.thirdparty.io.netty.channel.socket.nio.NioSocketChannel.doFinishConnect(NioSocketChannel.java:327)
	at org.apache.ratis.thirdparty.io.netty.channel.nio.AbstractNioChannel$AbstractNioUnsafe.finishConnect(AbstractNioChannel.java:340)
	at org.apache.ratis.thirdparty.io.netty.channel.nio.NioEventLoop.processSelectedKey(NioEventLoop.java:632)
	at org.apache.ratis.thirdparty.io.netty.channel.nio.NioEventLoop.processSelectedKeysOptimized(NioEventLoop.java:579)
	at org.apache.ratis.thirdparty.io.netty.channel.nio.NioEventLoop.processSelectedKeys(NioEventLoop.java:496)
	at org.apache.ratis.thirdparty.io.netty.channel.nio.NioEventLoop.run(NioEventLoop.java:458)
	at org.apache.ratis.thirdparty.io.netty.util.concurrent.SingleThreadEventExecutor$5.run(SingleThreadEventExecutor.java:897)
	at org.apache.ratis.thirdparty.io.netty.util.concurrent.FastThreadLocalRunnable.run(FastThreadLocalRunnable.java:30)
	... 1 more
Caused by: java.net.ConnectException: Connection refused
	... 11 more
2019-10-10 12:40:56,960 [2977129d-288a-401c-9baf-20955028e955@group-BAAFDA4BB310:LeaderElection264] INFO  impl.RaftServerImpl (RaftServerImpl.java:setRole(174)) - 2977129d-288a-401c-9baf-20955028e955@group-BAAFDA4BB310: changes role from CANDIDATE to FOLLOWER at term 3 for DISCOVERED_A_NEW_TERM
2019-10-10 12:40:56,960 [2977129d-288a-401c-9baf-20955028e955@group-BAAFDA4BB310:LeaderElection264] INFO  impl.RoleInfo (RoleInfo.java:shutdownLeaderElection(134)) - 2977129d-288a-401c-9baf-20955028e955: shutdown LeaderElection
2019-10-10 12:40:56,960 [2977129d-288a-401c-9baf-20955028e955@group-BAAFDA4BB310:LeaderElection264] INFO  impl.RoleInfo (RoleInfo.java:updateAndGet(143)) - 2977129d-288a-401c-9baf-20955028e955: start FollowerState
2019-10-10 12:41:00,376 [EventQueue-StaleNodeForStaleNodeHandler] INFO  node.StaleNodeHandler (StaleNodeHandler.java:onMessage(58)) - Datanode 729b41c3-66eb-4c6a-b533-df45fff8dd2e{ip: 192.168.5.143, host: pr-hdds-1569-9zzhf-258611273, networkLocation: /default-rack, certSerialId: null} moved to stale state. Finalizing its pipelines []
2019-10-10 12:41:00,576 [EventQueue-StaleNodeForStaleNodeHandler] INFO  node.StaleNodeHandler (StaleNodeHandler.java:onMessage(58)) - Datanode 2977129d-288a-401c-9baf-20955028e955{ip: 192.168.5.143, host: pr-hdds-1569-9zzhf-258611273, networkLocation: /default-rack, certSerialId: null} moved to stale state. Finalizing its pipelines [PipelineID=96b7d770-eacc-4f9e-a210-baafda4bb310, PipelineID=7a5dce3a-4533-4594-9510-5d2fb05bb256, PipelineID=ffe594bf-f732-47eb-9e67-d85a2cf2a55e, PipelineID=5006571e-737a-4a6f-a6c0-4e0d53597c14]
2019-10-10 12:41:00,578 [EventQueue-StaleNodeForStaleNodeHandler] INFO  pipeline.SCMPipelineManager (SCMPipelineManager.java:finalizeAndDestroyPipeline(342)) - destroying pipeline:Pipeline[ Id: 96b7d770-eacc-4f9e-a210-baafda4bb310, Nodes: 2977129d-288a-401c-9baf-20955028e955{ip: 192.168.5.143, host: pr-hdds-1569-9zzhf-258611273, networkLocation: /default-rack, certSerialId: null}a5b85608-7f11-46ec-ae19-494ab54f3701{ip: 192.168.5.143, host: pr-hdds-1569-9zzhf-258611273, networkLocation: /default-rack, certSerialId: null}6f85b482-1ee3-41f8-b799-7ee315fa3ee8{ip: 192.168.5.143, host: pr-hdds-1569-9zzhf-258611273, networkLocation: /default-rack, certSerialId: null}, Type:RATIS, Factor:THREE, State:CLOSED]
2019-10-10 12:41:00,579 [EventQueue-StaleNodeForStaleNodeHandler] INFO  pipeline.SCMPipelineManager (SCMPipelineManager.java:finalizeAndDestroyPipeline(342)) - destroying pipeline:Pipeline[ Id: 7a5dce3a-4533-4594-9510-5d2fb05bb256, Nodes: 2977129d-288a-401c-9baf-20955028e955{ip: 192.168.5.143, host: pr-hdds-1569-9zzhf-258611273, networkLocation: /default-rack, certSerialId: null}, Type:RATIS, Factor:ONE, State:OPEN]
2019-10-10 12:41:00,579 [EventQueue-StaleNodeForStaleNodeHandler] INFO  pipeline.PipelineStateManager (PipelineStateManager.java:finalizePipeline(123)) - Pipeline Pipeline[ Id: 7a5dce3a-4533-4594-9510-5d2fb05bb256, Nodes: 2977129d-288a-401c-9baf-20955028e955{ip: 192.168.5.143, host: pr-hdds-1569-9zzhf-258611273, networkLocation: /default-rack, certSerialId: null}, Type:RATIS, Factor:ONE, State:CLOSED] moved to CLOSED state
2019-10-10 12:41:00,579 [EventQueue-StaleNodeForStaleNodeHandler] INFO  pipeline.SCMPipelineManager (SCMPipelineManager.java:finalizeAndDestroyPipeline(342)) - destroying pipeline:Pipeline[ Id: ffe594bf-f732-47eb-9e67-d85a2cf2a55e, Nodes: 2977129d-288a-401c-9baf-20955028e955{ip: 192.168.5.143, host: pr-hdds-1569-9zzhf-258611273, networkLocation: /default-rack, certSerialId: null}a5b85608-7f11-46ec-ae19-494ab54f3701{ip: 192.168.5.143, host: pr-hdds-1569-9zzhf-258611273, networkLocation: /default-rack, certSerialId: null}eb492a76-ee7b-4591-82c0-07dc34c8f09d{ip: 192.168.5.143, host: pr-hdds-1569-9zzhf-258611273, networkLocation: /default-rack, certSerialId: null}, Type:RATIS, Factor:THREE, State:CLOSED]
2019-10-10 12:41:00,579 [EventQueue-StaleNodeForStaleNodeHandler] INFO  pipeline.SCMPipelineManager (SCMPipelineManager.java:finalizeAndDestroyPipeline(342)) - destroying pipeline:Pipeline[ Id: 5006571e-737a-4a6f-a6c0-4e0d53597c14, Nodes: a5b85608-7f11-46ec-ae19-494ab54f3701{ip: 192.168.5.143, host: pr-hdds-1569-9zzhf-258611273, networkLocation: /default-rack, certSerialId: null}6f85b482-1ee3-41f8-b799-7ee315fa3ee8{ip: 192.168.5.143, host: pr-hdds-1569-9zzhf-258611273, networkLocation: /default-rack, certSerialId: null}2977129d-288a-401c-9baf-20955028e955{ip: 192.168.5.143, host: pr-hdds-1569-9zzhf-258611273, networkLocation: /default-rack, certSerialId: null}, Type:RATIS, Factor:THREE, State:CLOSED]
2019-10-10 12:41:00,899 [main] INFO  ozoneimpl.OzoneContainer (OzoneContainer.java:stop(231)) - Attempting to stop container services.
2019-10-10 12:41:00,900 [main] INFO  impl.RaftServerProxy (RaftServerProxy.java:lambda$close$4(314)) - 729b41c3-66eb-4c6a-b533-df45fff8dd2e: close
2019-10-10 12:41:00,910 [main] INFO  server.GrpcService (GrpcService.java:closeImpl(164)) - 729b41c3-66eb-4c6a-b533-df45fff8dd2e: shutdown server with port 36573 now
2019-10-10 12:41:00,911 [main] INFO  server.GrpcService (GrpcService.java:closeImpl(172)) - 729b41c3-66eb-4c6a-b533-df45fff8dd2e: shutdown server with port 36573 successfully
2019-10-10 12:41:00,923 [refreshUsed-/workdir/hadoop-ozone/integration-test/target/test-dir/MiniOzoneClusterImpl-8284007a-d704-4ed0-a0ee-bee753f20599/datanode-5/data/containers] WARN  fs.CachingGetSpaceUsed (CachingGetSpaceUsed.java:run(183)) - Thread Interrupted waiting to refresh disk information: sleep interrupted
2019-10-10 12:41:00,935 [main] INFO  utils.BackgroundService (BackgroundService.java:shutdown(148)) - Shutting down service BlockDeletingService
2019-10-10 12:41:00,941 [main] INFO  statemachine.DatanodeStateMachine (DatanodeStateMachine.java:stopDaemon(395)) - Ozone container server stopped.
2019-10-10 12:41:00,942 [main] INFO  handler.ContextHandler (ContextHandler.java:doStop(910)) - Stopped o.e.j.w.WebAppContext@760f1081{/,null,UNAVAILABLE}{/hddsDatanode}
2019-10-10 12:41:00,943 [main] INFO  server.AbstractConnector (AbstractConnector.java:doStop(318)) - Stopped ServerConnector@52621501{HTTP/1.1,[http/1.1]}{0.0.0.0:0}
2019-10-10 12:41:00,943 [main] INFO  handler.ContextHandler (ContextHandler.java:doStop(910)) - Stopped o.e.j.s.ServletContextHandler@5e2a6991{/static,jar:file:/home/user/.m2/repository/org/apache/hadoop/hadoop-hdds-container-service/0.5.0-SNAPSHOT/hadoop-hdds-container-service-0.5.0-SNAPSHOT.jar!/webapps/static,UNAVAILABLE}
2019-10-10 12:41:00,944 [main] INFO  handler.ContextHandler (ContextHandler.java:doStop(910)) - Stopped o.e.j.s.ServletContextHandler@20a3e10c{/logs,file:///workdir/hadoop-ozone/integration-test/target/log,UNAVAILABLE}
2019-10-10 12:41:00,979 [ForkJoinPool.commonPool-worker-1] INFO  ozoneimpl.OzoneContainer (OzoneContainer.java:stop(231)) - Attempting to stop container services.
2019-10-10 12:41:00,979 [ForkJoinPool.commonPool-worker-1] INFO  impl.RaftServerProxy (RaftServerProxy.java:lambda$close$4(314)) - 2977129d-288a-401c-9baf-20955028e955: close
2019-10-10 12:41:00,980 [ForkJoinPool.commonPool-worker-1] INFO  impl.RaftServerImpl (RaftServerImpl.java:lambda$shutdown$3(251)) - 2977129d-288a-401c-9baf-20955028e955@group-BAAFDA4BB310: shutdown
2019-10-10 12:41:00,980 [ForkJoinPool.commonPool-worker-1] INFO  util.JmxRegister (JmxRegister.java:unregister(73)) - Successfully un-registered JMX Bean with object name Ratis:service=RaftServer,group=group-BAAFDA4BB310,id=2977129d-288a-401c-9baf-20955028e955
2019-10-10 12:41:00,980 [ForkJoinPool.commonPool-worker-1] INFO  impl.RoleInfo (RoleInfo.java:shutdownFollowerState(121)) - 2977129d-288a-401c-9baf-20955028e955: shutdown FollowerState
2019-10-10 12:41:00,980 [ForkJoinPool.commonPool-worker-1] INFO  impl.StateMachineUpdater (StateMachineUpdater.java:stopAndJoin(125)) - 2977129d-288a-401c-9baf-20955028e955@group-BAAFDA4BB310-StateMachineUpdater: set stopIndex = 2
2019-10-10 12:41:00,980 [Thread-7154] INFO  impl.FollowerState (FollowerState.java:run(115)) - 2977129d-288a-401c-9baf-20955028e955: FollowerState was interrupted: java.lang.InterruptedException: sleep interrupted
2019-10-10 12:41:00,981 [ForkJoinPool.commonPool-worker-1] INFO  impl.RaftServerImpl (ServerState.java:close(385)) - 2977129d-288a-401c-9baf-20955028e955@group-BAAFDA4BB310: closes. applyIndex: 2
2019-10-10 12:41:00,982 [2977129d-288a-401c-9baf-20955028e955@group-BAAFDA4BB310-SegmentedRaftLogWorker] INFO  segmented.SegmentedRaftLogWorker (SegmentedRaftLogWorker.java:run(313)) - 2977129d-288a-401c-9baf-20955028e955@group-BAAFDA4BB310-SegmentedRaftLogWorker was interrupted, exiting. There are 0 tasks remaining in the queue.
2019-10-10 12:41:00,984 [ForkJoinPool.commonPool-worker-1] INFO  segmented.SegmentedRaftLogWorker (SegmentedRaftLogWorker.java:close(228)) - 2977129d-288a-401c-9baf-20955028e955@group-BAAFDA4BB310-SegmentedRaftLogWorker close()
2019-10-10 12:41:00,984 [ForkJoinPool.commonPool-worker-1] INFO  impl.RaftServerImpl (RaftServerImpl.java:lambda$shutdown$3(251)) - 2977129d-288a-401c-9baf-20955028e955@group-5D2FB05BB256: shutdown
2019-10-10 12:41:00,984 [ForkJoinPool.commonPool-worker-1] INFO  util.JmxRegister (JmxRegister.java:unregister(73)) - Successfully un-registered JMX Bean with object name Ratis:service=RaftServer,group=group-5D2FB05BB256,id=2977129d-288a-401c-9baf-20955028e955
2019-10-10 12:41:00,984 [ForkJoinPool.commonPool-worker-1] INFO  impl.RoleInfo (RoleInfo.java:shutdownLeaderState(104)) - 2977129d-288a-401c-9baf-20955028e955: shutdown LeaderState
2019-10-10 12:41:00,985 [ForkJoinPool.commonPool-worker-1] INFO  impl.PendingRequests (PendingRequests.java:sendNotLeaderResponses(202)) - 2977129d-288a-401c-9baf-20955028e955-PendingRequests: sendNotLeaderResponses
2019-10-10 12:41:00,985 [ForkJoinPool.commonPool-worker-1] INFO  impl.StateMachineUpdater (StateMachineUpdater.java:stopAndJoin(125)) - 2977129d-288a-401c-9baf-20955028e955@group-5D2FB05BB256-StateMachineUpdater: set stopIndex = 0
2019-10-10 12:41:00,985 [ForkJoinPool.commonPool-worker-1] INFO  impl.RaftServerImpl (ServerState.java:close(385)) - 2977129d-288a-401c-9baf-20955028e955@group-5D2FB05BB256: closes. applyIndex: 0
2019-10-10 12:41:00,985 [2977129d-288a-401c-9baf-20955028e955@group-5D2FB05BB256-SegmentedRaftLogWorker] INFO  segmented.SegmentedRaftLogWorker (SegmentedRaftLogWorker.java:run(313)) - 2977129d-288a-401c-9baf-20955028e955@group-5D2FB05BB256-SegmentedRaftLogWorker was interrupted, exiting. There are 0 tasks remaining in the queue.
2019-10-10 12:41:00,985 [ForkJoinPool.commonPool-worker-1] INFO  segmented.SegmentedRaftLogWorker (SegmentedRaftLogWorker.java:close(228)) - 2977129d-288a-401c-9baf-20955028e955@group-5D2FB05BB256-SegmentedRaftLogWorker close()
2019-10-10 12:41:00,986 [ForkJoinPool.commonPool-worker-1] INFO  impl.RaftServerImpl (RaftServerImpl.java:lambda$shutdown$3(251)) - 2977129d-288a-401c-9baf-20955028e955@group-D85A2CF2A55E: shutdown
2019-10-10 12:41:00,986 [ForkJoinPool.commonPool-worker-1] INFO  util.JmxRegister (JmxRegister.java:unregister(73)) - Successfully un-registered JMX Bean with object name Ratis:service=RaftServer,group=group-D85A2CF2A55E,id=2977129d-288a-401c-9baf-20955028e955
2019-10-10 12:41:00,986 [ForkJoinPool.commonPool-worker-1] INFO  impl.RoleInfo (RoleInfo.java:shutdownFollowerState(121)) - 2977129d-288a-401c-9baf-20955028e955: shutdown FollowerState
2019-10-10 12:41:00,986 [ForkJoinPool.commonPool-worker-1] INFO  impl.StateMachineUpdater (StateMachineUpdater.java:stopAndJoin(125)) - 2977129d-288a-401c-9baf-20955028e955@group-D85A2CF2A55E-StateMachineUpdater: set stopIndex = 14
2019-10-10 12:41:00,986 [Thread-6744] INFO  impl.FollowerState (FollowerState.java:run(115)) - 2977129d-288a-401c-9baf-20955028e955: FollowerState was interrupted: java.lang.InterruptedException: sleep interrupted
2019-10-10 12:41:00,986 [2977129d-288a-401c-9baf-20955028e955@group-D85A2CF2A55E-StateMachineUpdater] INFO  ratis.ContainerStateMachine (ContainerStateMachine.java:takeSnapshot(289)) - group-D85A2CF2A55E: Taking a snapshot at:(t:1, i:12) file /workdir/hadoop-ozone/integration-test/target/test-dir/MiniOzoneClusterImpl-8284007a-d704-4ed0-a0ee-bee753f20599/datanode-0/data/ratis/ffe594bf-f732-47eb-9e67-d85a2cf2a55e/sm/snapshot.1_12
2019-10-10 12:41:01,069 [2977129d-288a-401c-9baf-20955028e955@group-D85A2CF2A55E-StateMachineUpdater] INFO  ratis.ContainerStateMachine (ContainerStateMachine.java:takeSnapshot(300)) - group-D85A2CF2A55E: Finished taking a snapshot at:(t:1, i:12) file:/workdir/hadoop-ozone/integration-test/target/test-dir/MiniOzoneClusterImpl-8284007a-d704-4ed0-a0ee-bee753f20599/datanode-0/data/ratis/ffe594bf-f732-47eb-9e67-d85a2cf2a55e/sm/snapshot.1_12 time:83
2019-10-10 12:41:01,069 [2977129d-288a-401c-9baf-20955028e955@group-D85A2CF2A55E-StateMachineUpdater] INFO  impl.StateMachineUpdater (StateMachineUpdater.java:takeSnapshot(258)) - 2977129d-288a-401c-9baf-20955028e955@group-D85A2CF2A55E-StateMachineUpdater: Took a snapshot at index 12
2019-10-10 12:41:01,070 [2977129d-288a-401c-9baf-20955028e955@group-D85A2CF2A55E-StateMachineUpdater] INFO  impl.StateMachineUpdater (StateMachineUpdater.java:lambda$new$0(83)) - 2977129d-288a-401c-9baf-20955028e955@group-D85A2CF2A55E-StateMachineUpdater: snapshotIndex: updateIncreasingly -1 -> 12
2019-10-10 12:41:01,070 [2977129d-288a-401c-9baf-20955028e955@group-D85A2CF2A55E-StateMachineUpdater] INFO  ratis.ContainerStateMachine (ContainerStateMachine.java:takeSnapshot(289)) - group-D85A2CF2A55E: Taking a snapshot at:(t:1, i:12) file /workdir/hadoop-ozone/integration-test/target/test-dir/MiniOzoneClusterImpl-8284007a-d704-4ed0-a0ee-bee753f20599/datanode-0/data/ratis/ffe594bf-f732-47eb-9e67-d85a2cf2a55e/sm/snapshot.1_12
2019-10-10 12:41:01,092 [2977129d-288a-401c-9baf-20955028e955@group-D85A2CF2A55E-StateMachineUpdater] INFO  ratis.ContainerStateMachine (ContainerStateMachine.java:takeSnapshot(300)) - group-D85A2CF2A55E: Finished taking a snapshot at:(t:1, i:12) file:/workdir/hadoop-ozone/integration-test/target/test-dir/MiniOzoneClusterImpl-8284007a-d704-4ed0-a0ee-bee753f20599/datanode-0/data/ratis/ffe594bf-f732-47eb-9e67-d85a2cf2a55e/sm/snapshot.1_12 time:22
2019-10-10 12:41:01,092 [2977129d-288a-401c-9baf-20955028e955@group-D85A2CF2A55E-StateMachineUpdater] INFO  impl.StateMachineUpdater (StateMachineUpdater.java:takeSnapshot(258)) - 2977129d-288a-401c-9baf-20955028e955@group-D85A2CF2A55E-StateMachineUpdater: Took a snapshot at index 12
2019-10-10 12:41:01,092 [2977129d-288a-401c-9baf-20955028e955@group-D85A2CF2A55E-StateMachineUpdater] INFO  impl.StateMachineUpdater (StateMachineUpdater.java:lambda$new$0(83)) - 2977129d-288a-401c-9baf-20955028e955@group-D85A2CF2A55E-StateMachineUpdater: snapshotIndex: updateIncreasingly 12 -> 12
2019-10-10 12:41:01,093 [ForkJoinPool.commonPool-worker-1] INFO  impl.RaftServerImpl (ServerState.java:close(385)) - 2977129d-288a-401c-9baf-20955028e955@group-D85A2CF2A55E: closes. applyIndex: 14
2019-10-10 12:41:01,093 [2977129d-288a-401c-9baf-20955028e955@group-D85A2CF2A55E-SegmentedRaftLogWorker] INFO  segmented.SegmentedRaftLogWorker (SegmentedRaftLogWorker.java:run(313)) - 2977129d-288a-401c-9baf-20955028e955@group-D85A2CF2A55E-SegmentedRaftLogWorker was interrupted, exiting. There are 0 tasks remaining in the queue.
2019-10-10 12:41:01,095 [ForkJoinPool.commonPool-worker-1] INFO  segmented.SegmentedRaftLogWorker (SegmentedRaftLogWorker.java:close(228)) - 2977129d-288a-401c-9baf-20955028e955@group-D85A2CF2A55E-SegmentedRaftLogWorker close()
2019-10-10 12:41:01,096 [ForkJoinPool.commonPool-worker-1] INFO  impl.RaftServerImpl (RaftServerImpl.java:lambda$shutdown$3(251)) - 2977129d-288a-401c-9baf-20955028e955@group-4E0D53597C14: shutdown
2019-10-10 12:41:01,096 [ForkJoinPool.commonPool-worker-1] INFO  util.JmxRegister (JmxRegister.java:unregister(73)) - Successfully un-registered JMX Bean with object name Ratis:service=RaftServer,group=group-4E0D53597C14,id=2977129d-288a-401c-9baf-20955028e955
2019-10-10 12:41:01,096 [ForkJoinPool.commonPool-worker-1] INFO  impl.RoleInfo (RoleInfo.java:shutdownFollowerState(121)) - 2977129d-288a-401c-9baf-20955028e955: shutdown FollowerState
2019-10-10 12:41:01,096 [ForkJoinPool.commonPool-worker-1] INFO  impl.StateMachineUpdater (StateMachineUpdater.java:stopAndJoin(125)) - 2977129d-288a-401c-9baf-20955028e955@group-4E0D53597C14-StateMachineUpdater: set stopIndex = 0
2019-10-10 12:41:01,096 [Thread-7148] INFO  impl.FollowerState (FollowerState.java:run(115)) - 2977129d-288a-401c-9baf-20955028e955: FollowerState was interrupted: java.lang.InterruptedException: sleep interrupted
2019-10-10 12:41:01,097 [ForkJoinPool.commonPool-worker-1] INFO  impl.RaftServerImpl (ServerState.java:close(385)) - 2977129d-288a-401c-9baf-20955028e955@group-4E0D53597C14: closes. applyIndex: 0
2019-10-10 12:41:01,097 [2977129d-288a-401c-9baf-20955028e955@group-4E0D53597C14-SegmentedRaftLogWorker] INFO  segmented.SegmentedRaftLogWorker (SegmentedRaftLogWorker.java:run(313)) - 2977129d-288a-401c-9baf-20955028e955@group-4E0D53597C14-SegmentedRaftLogWorker was interrupted, exiting. There are 0 tasks remaining in the queue.
2019-10-10 12:41:01,097 [ForkJoinPool.commonPool-worker-1] INFO  segmented.SegmentedRaftLogWorker (SegmentedRaftLogWorker.java:close(228)) - 2977129d-288a-401c-9baf-20955028e955@group-4E0D53597C14-SegmentedRaftLogWorker close()
2019-10-10 12:41:01,097 [ForkJoinPool.commonPool-worker-1] INFO  server.GrpcService (GrpcService.java:closeImpl(164)) - 2977129d-288a-401c-9baf-20955028e955: shutdown server with port 38849 now
2019-10-10 12:41:01,098 [ForkJoinPool.commonPool-worker-1] INFO  server.GrpcService (GrpcService.java:closeImpl(172)) - 2977129d-288a-401c-9baf-20955028e955: shutdown server with port 38849 successfully
2019-10-10 12:41:01,100 [refreshUsed-/workdir/hadoop-ozone/integration-test/target/test-dir/MiniOzoneClusterImpl-8284007a-d704-4ed0-a0ee-bee753f20599/datanode-0/data/containers] WARN  fs.CachingGetSpaceUsed (CachingGetSpaceUsed.java:run(183)) - Thread Interrupted waiting to refresh disk information: sleep interrupted
2019-10-10 12:41:01,110 [ForkJoinPool.commonPool-worker-1] INFO  utils.BackgroundService (BackgroundService.java:shutdown(148)) - Shutting down service BlockDeletingService
2019-10-10 12:41:01,114 [ForkJoinPool.commonPool-worker-1] INFO  statemachine.DatanodeStateMachine (DatanodeStateMachine.java:stopDaemon(395)) - Ozone container server stopped.
2019-10-10 12:41:01,119 [ForkJoinPool.commonPool-worker-1] INFO  handler.ContextHandler (ContextHandler.java:doStop(910)) - Stopped o.e.j.w.WebAppContext@35563e4c{/,null,UNAVAILABLE}{/hddsDatanode}
2019-10-10 12:41:01,119 [ForkJoinPool.commonPool-worker-1] INFO  server.AbstractConnector (AbstractConnector.java:doStop(318)) - Stopped ServerConnector@6dd79214{HTTP/1.1,[http/1.1]}{0.0.0.0:0}
2019-10-10 12:41:01,121 [ForkJoinPool.commonPool-worker-1] INFO  handler.ContextHandler (ContextHandler.java:doStop(910)) - Stopped o.e.j.s.ServletContextHandler@5329f6b3{/static,jar:file:/home/user/.m2/repository/org/apache/hadoop/hadoop-hdds-container-service/0.5.0-SNAPSHOT/hadoop-hdds-container-service-0.5.0-SNAPSHOT.jar!/webapps/static,UNAVAILABLE}
2019-10-10 12:41:01,122 [ForkJoinPool.commonPool-worker-1] INFO  handler.ContextHandler (ContextHandler.java:doStop(910)) - Stopped o.e.j.s.ServletContextHandler@14e750c5{/logs,file:///workdir/hadoop-ozone/integration-test/target/log,UNAVAILABLE}
2019-10-10 12:41:01,123 [main] INFO  ozone.MiniOzoneClusterImpl (MiniOzoneClusterImpl.java:stopSCM(392)) - Stopping the StorageContainerManager
2019-10-10 12:41:01,123 [main] INFO  server.StorageContainerManager (StorageContainerManager.java:stop(808)) - Stopping Replication Manager Service.
2019-10-10 12:41:01,124 [main] INFO  container.ReplicationManager (ReplicationManager.java:stop(204)) - Stopping Replication Monitor Thread.
2019-10-10 12:41:01,124 [main] INFO  server.StorageContainerManager (StorageContainerManager.java:stop(815)) - Stopping Lease Manager of the command watchers
2019-10-10 12:41:01,124 [main] INFO  server.StorageContainerManager (StorageContainerManager.java:stop(822)) - Stopping datanode service RPC server
2019-10-10 12:41:01,124 [main] INFO  server.SCMDatanodeProtocolServer (SCMDatanodeProtocolServer.java:stop(367)) - Stopping the RPC server for DataNodes
2019-10-10 12:41:01,125 [main] INFO  ipc.Server (Server.java:stop(3082)) - Stopping server on 34911
2019-10-10 12:41:01,128 [IPC Server listener on 34911] INFO  ipc.Server (Server.java:run(1185)) - Stopping IPC Server listener on 34911
2019-10-10 12:41:01,128 [IPC Server Responder] INFO  ipc.Server (Server.java:run(1319)) - Stopping IPC Server Responder
2019-10-10 12:41:01,177 [SCM Heartbeat Processing Thread - 0] WARN  node.NodeStateManager (NodeStateManager.java:scheduleNextHealthCheck(655)) - Current Thread is interrupted, shutting down HB processing thread for Node Manager.
2019-10-10 12:41:01,177 [main] INFO  server.StorageContainerManager (StorageContainerManager.java:stop(830)) - Stopping block service RPC server
2019-10-10 12:41:01,177 [main] INFO  server.SCMBlockProtocolServer (SCMBlockProtocolServer.java:stop(155)) - Stopping the RPC server for Block Protocol
2019-10-10 12:41:01,177 [main] INFO  ipc.Server (Server.java:stop(3082)) - Stopping server on 38662
2019-10-10 12:41:01,180 [IPC Server listener on 38662] INFO  ipc.Server (Server.java:run(1185)) - Stopping IPC Server listener on 38662
2019-10-10 12:41:01,180 [main] INFO  server.StorageContainerManager (StorageContainerManager.java:stop(837)) - Stopping the StorageContainerLocationProtocol RPC server
2019-10-10 12:41:01,180 [IPC Server Responder] INFO  ipc.Server (Server.java:run(1319)) - Stopping IPC Server Responder
2019-10-10 12:41:01,181 [main] INFO  server.SCMClientProtocolServer (SCMClientProtocolServer.java:stop(159)) - Stopping the RPC server for Client Protocol
2019-10-10 12:41:01,182 [main] INFO  ipc.Server (Server.java:stop(3082)) - Stopping server on 33056
2019-10-10 12:41:01,184 [main] INFO  server.StorageContainerManager (StorageContainerManager.java:stop(844)) - Stopping Storage Container Manager HTTP server.
2019-10-10 12:41:01,184 [IPC Server Responder] INFO  ipc.Server (Server.java:run(1319)) - Stopping IPC Server Responder
2019-10-10 12:41:01,184 [IPC Server listener on 33056] INFO  ipc.Server (Server.java:run(1185)) - Stopping IPC Server listener on 33056
2019-10-10 12:41:01,186 [main] INFO  handler.ContextHandler (ContextHandler.java:doStop(910)) - Stopped o.e.j.w.WebAppContext@42a0786f{/,null,UNAVAILABLE}{/scm}
2019-10-10 12:41:01,187 [main] INFO  server.AbstractConnector (AbstractConnector.java:doStop(318)) - Stopped ServerConnector@477523ba{HTTP/1.1,[http/1.1]}{0.0.0.0:0}
2019-10-10 12:41:01,187 [main] INFO  handler.ContextHandler (ContextHandler.java:doStop(910)) - Stopped o.e.j.s.ServletContextHandler@4cc12db2{/static,file:///workdir/hadoop-ozone/integration-test/target/test-classes/webapps/static,UNAVAILABLE}
2019-10-10 12:41:01,188 [main] INFO  handler.ContextHandler (ContextHandler.java:doStop(910)) - Stopped o.e.j.s.ServletContextHandler@75793f17{/logs,file:///workdir/hadoop-ozone/integration-test/target/log,UNAVAILABLE}
2019-10-10 12:41:01,188 [main] INFO  server.StorageContainerManager (StorageContainerManager.java:stop(855)) - Stopping Block Manager Service.
2019-10-10 12:41:01,189 [main] INFO  utils.BackgroundService (BackgroundService.java:shutdown(148)) - Shutting down service SCMBlockDeletingService
2019-10-10 12:41:01,189 [main] INFO  utils.BackgroundService (BackgroundService.java:shutdown(148)) - Shutting down service SCMBlockDeletingService
2019-10-10 12:41:01,189 [main] INFO  server.StorageContainerManager (StorageContainerManager.java:stop(877)) - Stopping SCM Event Queue.
2019-10-10 12:41:01,194 [main] INFO  impl.MetricsSystemImpl (MetricsSystemImpl.java:stop(210)) - Stopping HddsDatanode metrics system...
2019-10-10 12:41:01,237 [main] INFO  impl.MetricsSystemImpl (MetricsSystemImpl.java:stop(216)) - HddsDatanode metrics system stopped.
]]></system-out>
    <system-err><![CDATA[Oct 10, 2019 12:40:43 PM org.apache.ratis.thirdparty.io.grpc.internal.SerializingExecutor run
SEVERE: Exception while executing runnable org.apache.ratis.thirdparty.io.grpc.internal.ServerImpl$JumpToApplicationThreadServerStreamListener$1Closed@33ff9e0e
org.apache.ratis.thirdparty.io.grpc.StatusRuntimeException: CANCELLED: call already cancelled
	at org.apache.ratis.thirdparty.io.grpc.Status.asRuntimeException(Status.java:517)
	at org.apache.ratis.thirdparty.io.grpc.stub.ServerCalls$ServerCallStreamObserverImpl.onCompleted(ServerCalls.java:356)
	at org.apache.ratis.grpc.server.GrpcServerProtocolService$ServerRequestStreamObserver.onError(GrpcServerProtocolService.java:121)
	at org.apache.ratis.thirdparty.io.grpc.stub.ServerCalls$StreamingServerCallHandler$StreamingServerCallListener.onCancel(ServerCalls.java:269)
	at org.apache.ratis.thirdparty.io.grpc.internal.ServerCallImpl$ServerStreamListenerImpl.closed(ServerCallImpl.java:293)
	at org.apache.ratis.thirdparty.io.grpc.internal.ServerImpl$JumpToApplicationThreadServerStreamListener$1Closed.runInContext(ServerImpl.java:741)
	at org.apache.ratis.thirdparty.io.grpc.internal.ContextRunnable.run(ContextRunnable.java:37)
	at org.apache.ratis.thirdparty.io.grpc.internal.SerializingExecutor.run(SerializingExecutor.java:123)
	at java.util.concurrent.ThreadPoolExecutor.runWorker(ThreadPoolExecutor.java:1149)
	at java.util.concurrent.ThreadPoolExecutor$Worker.run(ThreadPoolExecutor.java:624)
	at java.lang.Thread.run(Thread.java:748)

Oct 10, 2019 12:40:43 PM org.apache.ratis.thirdparty.io.grpc.internal.SerializingExecutor run
SEVERE: Exception while executing runnable org.apache.ratis.thirdparty.io.grpc.internal.ServerImpl$JumpToApplicationThreadServerStreamListener$1Closed@30516dae
org.apache.ratis.thirdparty.io.grpc.StatusRuntimeException: CANCELLED: call already cancelled
	at org.apache.ratis.thirdparty.io.grpc.Status.asRuntimeException(Status.java:517)
	at org.apache.ratis.thirdparty.io.grpc.stub.ServerCalls$ServerCallStreamObserverImpl.onCompleted(ServerCalls.java:356)
	at org.apache.ratis.grpc.server.GrpcServerProtocolService$ServerRequestStreamObserver.onError(GrpcServerProtocolService.java:121)
	at org.apache.ratis.thirdparty.io.grpc.stub.ServerCalls$StreamingServerCallHandler$StreamingServerCallListener.onCancel(ServerCalls.java:269)
	at org.apache.ratis.thirdparty.io.grpc.internal.ServerCallImpl$ServerStreamListenerImpl.closed(ServerCallImpl.java:293)
	at org.apache.ratis.thirdparty.io.grpc.internal.ServerImpl$JumpToApplicationThreadServerStreamListener$1Closed.runInContext(ServerImpl.java:741)
	at org.apache.ratis.thirdparty.io.grpc.internal.ContextRunnable.run(ContextRunnable.java:37)
	at org.apache.ratis.thirdparty.io.grpc.internal.SerializingExecutor.run(SerializingExecutor.java:123)
	at java.util.concurrent.ThreadPoolExecutor.runWorker(ThreadPoolExecutor.java:1149)
	at java.util.concurrent.ThreadPoolExecutor$Worker.run(ThreadPoolExecutor.java:624)
	at java.lang.Thread.run(Thread.java:748)

Oct 10, 2019 12:40:43 PM org.apache.ratis.thirdparty.io.grpc.internal.SerializingExecutor run
SEVERE: Exception while executing runnable org.apache.ratis.thirdparty.io.grpc.internal.ServerImpl$JumpToApplicationThreadServerStreamListener$1Closed@56916e27
org.apache.ratis.thirdparty.io.grpc.StatusRuntimeException: CANCELLED: call already cancelled
	at org.apache.ratis.thirdparty.io.grpc.Status.asRuntimeException(Status.java:517)
	at org.apache.ratis.thirdparty.io.grpc.stub.ServerCalls$ServerCallStreamObserverImpl.onCompleted(ServerCalls.java:356)
	at org.apache.ratis.grpc.server.GrpcServerProtocolService$ServerRequestStreamObserver.onError(GrpcServerProtocolService.java:121)
	at org.apache.ratis.thirdparty.io.grpc.stub.ServerCalls$StreamingServerCallHandler$StreamingServerCallListener.onCancel(ServerCalls.java:269)
	at org.apache.ratis.thirdparty.io.grpc.internal.ServerCallImpl$ServerStreamListenerImpl.closed(ServerCallImpl.java:293)
	at org.apache.ratis.thirdparty.io.grpc.internal.ServerImpl$JumpToApplicationThreadServerStreamListener$1Closed.runInContext(ServerImpl.java:741)
	at org.apache.ratis.thirdparty.io.grpc.internal.ContextRunnable.run(ContextRunnable.java:37)
	at org.apache.ratis.thirdparty.io.grpc.internal.SerializingExecutor.run(SerializingExecutor.java:123)
	at java.util.concurrent.ThreadPoolExecutor.runWorker(ThreadPoolExecutor.java:1149)
	at java.util.concurrent.ThreadPoolExecutor$Worker.run(ThreadPoolExecutor.java:624)
	at java.lang.Thread.run(Thread.java:748)

Oct 10, 2019 12:40:43 PM org.apache.ratis.thirdparty.io.grpc.internal.SerializingExecutor run
SEVERE: Exception while executing runnable org.apache.ratis.thirdparty.io.grpc.internal.ServerImpl$JumpToApplicationThreadServerStreamListener$1Closed@5b1c5c1f
org.apache.ratis.thirdparty.io.grpc.StatusRuntimeException: CANCELLED: call already cancelled
	at org.apache.ratis.thirdparty.io.grpc.Status.asRuntimeException(Status.java:517)
	at org.apache.ratis.thirdparty.io.grpc.stub.ServerCalls$ServerCallStreamObserverImpl.onCompleted(ServerCalls.java:356)
	at org.apache.ratis.grpc.server.GrpcServerProtocolService$ServerRequestStreamObserver.onError(GrpcServerProtocolService.java:121)
	at org.apache.ratis.thirdparty.io.grpc.stub.ServerCalls$StreamingServerCallHandler$StreamingServerCallListener.onCancel(ServerCalls.java:269)
	at org.apache.ratis.thirdparty.io.grpc.internal.ServerCallImpl$ServerStreamListenerImpl.closed(ServerCallImpl.java:293)
	at org.apache.ratis.thirdparty.io.grpc.internal.ServerImpl$JumpToApplicationThreadServerStreamListener$1Closed.runInContext(ServerImpl.java:741)
	at org.apache.ratis.thirdparty.io.grpc.internal.ContextRunnable.run(ContextRunnable.java:37)
	at org.apache.ratis.thirdparty.io.grpc.internal.SerializingExecutor.run(SerializingExecutor.java:123)
	at java.util.concurrent.ThreadPoolExecutor.runWorker(ThreadPoolExecutor.java:1149)
	at java.util.concurrent.ThreadPoolExecutor$Worker.run(ThreadPoolExecutor.java:624)
	at java.lang.Thread.run(Thread.java:748)

Oct 10, 2019 12:40:43 PM org.apache.ratis.thirdparty.io.grpc.internal.SerializingExecutor run
SEVERE: Exception while executing runnable org.apache.ratis.thirdparty.io.grpc.internal.ServerImpl$JumpToApplicationThreadServerStreamListener$1Closed@28f7a638
org.apache.ratis.thirdparty.io.grpc.StatusRuntimeException: CANCELLED: call already cancelled
	at org.apache.ratis.thirdparty.io.grpc.Status.asRuntimeException(Status.java:517)
	at org.apache.ratis.thirdparty.io.grpc.stub.ServerCalls$ServerCallStreamObserverImpl.onCompleted(ServerCalls.java:356)
	at org.apache.ratis.grpc.server.GrpcServerProtocolService$ServerRequestStreamObserver.onError(GrpcServerProtocolService.java:121)
	at org.apache.ratis.thirdparty.io.grpc.stub.ServerCalls$StreamingServerCallHandler$StreamingServerCallListener.onCancel(ServerCalls.java:269)
	at org.apache.ratis.thirdparty.io.grpc.internal.ServerCallImpl$ServerStreamListenerImpl.closed(ServerCallImpl.java:293)
	at org.apache.ratis.thirdparty.io.grpc.internal.ServerImpl$JumpToApplicationThreadServerStreamListener$1Closed.runInContext(ServerImpl.java:741)
	at org.apache.ratis.thirdparty.io.grpc.internal.ContextRunnable.run(ContextRunnable.java:37)
	at org.apache.ratis.thirdparty.io.grpc.internal.SerializingExecutor.run(SerializingExecutor.java:123)
	at java.util.concurrent.ThreadPoolExecutor.runWorker(ThreadPoolExecutor.java:1149)
	at java.util.concurrent.ThreadPoolExecutor$Worker.run(ThreadPoolExecutor.java:624)
	at java.lang.Thread.run(Thread.java:748)

Oct 10, 2019 12:40:43 PM org.apache.ratis.thirdparty.io.grpc.internal.SerializingExecutor run
SEVERE: Exception while executing runnable org.apache.ratis.thirdparty.io.grpc.internal.ServerImpl$JumpToApplicationThreadServerStreamListener$1Closed@4fbfe903
org.apache.ratis.thirdparty.io.grpc.StatusRuntimeException: CANCELLED: call already cancelled
	at org.apache.ratis.thirdparty.io.grpc.Status.asRuntimeException(Status.java:517)
	at org.apache.ratis.thirdparty.io.grpc.stub.ServerCalls$ServerCallStreamObserverImpl.onCompleted(ServerCalls.java:356)
	at org.apache.ratis.grpc.server.GrpcServerProtocolService$ServerRequestStreamObserver.onError(GrpcServerProtocolService.java:121)
	at org.apache.ratis.thirdparty.io.grpc.stub.ServerCalls$StreamingServerCallHandler$StreamingServerCallListener.onCancel(ServerCalls.java:269)
	at org.apache.ratis.thirdparty.io.grpc.internal.ServerCallImpl$ServerStreamListenerImpl.closed(ServerCallImpl.java:293)
	at org.apache.ratis.thirdparty.io.grpc.internal.ServerImpl$JumpToApplicationThreadServerStreamListener$1Closed.runInContext(ServerImpl.java:741)
	at org.apache.ratis.thirdparty.io.grpc.internal.ContextRunnable.run(ContextRunnable.java:37)
	at org.apache.ratis.thirdparty.io.grpc.internal.SerializingExecutor.run(SerializingExecutor.java:123)
	at java.util.concurrent.ThreadPoolExecutor.runWorker(ThreadPoolExecutor.java:1149)
	at java.util.concurrent.ThreadPoolExecutor$Worker.run(ThreadPoolExecutor.java:624)
	at java.lang.Thread.run(Thread.java:748)

Oct 10, 2019 12:40:43 PM org.apache.ratis.thirdparty.io.grpc.internal.SerializingExecutor run
SEVERE: Exception while executing runnable org.apache.ratis.thirdparty.io.grpc.internal.ServerImpl$JumpToApplicationThreadServerStreamListener$1Closed@10a63d8b
org.apache.ratis.thirdparty.io.grpc.StatusRuntimeException: CANCELLED: call already cancelled
	at org.apache.ratis.thirdparty.io.grpc.Status.asRuntimeException(Status.java:517)
	at org.apache.ratis.thirdparty.io.grpc.stub.ServerCalls$ServerCallStreamObserverImpl.onCompleted(ServerCalls.java:356)
	at org.apache.ratis.grpc.server.GrpcServerProtocolService$ServerRequestStreamObserver.onError(GrpcServerProtocolService.java:121)
	at org.apache.ratis.thirdparty.io.grpc.stub.ServerCalls$StreamingServerCallHandler$StreamingServerCallListener.onCancel(ServerCalls.java:269)
	at org.apache.ratis.thirdparty.io.grpc.internal.ServerCallImpl$ServerStreamListenerImpl.closed(ServerCallImpl.java:293)
	at org.apache.ratis.thirdparty.io.grpc.internal.ServerImpl$JumpToApplicationThreadServerStreamListener$1Closed.runInContext(ServerImpl.java:741)
	at org.apache.ratis.thirdparty.io.grpc.internal.ContextRunnable.run(ContextRunnable.java:37)
	at org.apache.ratis.thirdparty.io.grpc.internal.SerializingExecutor.run(SerializingExecutor.java:123)
	at java.util.concurrent.ThreadPoolExecutor.runWorker(ThreadPoolExecutor.java:1149)
	at java.util.concurrent.ThreadPoolExecutor$Worker.run(ThreadPoolExecutor.java:624)
	at java.lang.Thread.run(Thread.java:748)

Oct 10, 2019 12:40:43 PM org.apache.ratis.thirdparty.io.grpc.internal.SerializingExecutor run
SEVERE: Exception while executing runnable org.apache.ratis.thirdparty.io.grpc.internal.ServerImpl$JumpToApplicationThreadServerStreamListener$1Closed@40b6469f
org.apache.ratis.thirdparty.io.grpc.StatusRuntimeException: CANCELLED: call already cancelled
	at org.apache.ratis.thirdparty.io.grpc.Status.asRuntimeException(Status.java:517)
	at org.apache.ratis.thirdparty.io.grpc.stub.ServerCalls$ServerCallStreamObserverImpl.onCompleted(ServerCalls.java:356)
	at org.apache.ratis.grpc.server.GrpcServerProtocolService$ServerRequestStreamObserver.onError(GrpcServerProtocolService.java:121)
	at org.apache.ratis.thirdparty.io.grpc.stub.ServerCalls$StreamingServerCallHandler$StreamingServerCallListener.onCancel(ServerCalls.java:269)
	at org.apache.ratis.thirdparty.io.grpc.internal.ServerCallImpl$ServerStreamListenerImpl.closed(ServerCallImpl.java:293)
	at org.apache.ratis.thirdparty.io.grpc.internal.ServerImpl$JumpToApplicationThreadServerStreamListener$1Closed.runInContext(ServerImpl.java:741)
	at org.apache.ratis.thirdparty.io.grpc.internal.ContextRunnable.run(ContextRunnable.java:37)
	at org.apache.ratis.thirdparty.io.grpc.internal.SerializingExecutor.run(SerializingExecutor.java:123)
	at java.util.concurrent.ThreadPoolExecutor.runWorker(ThreadPoolExecutor.java:1149)
	at java.util.concurrent.ThreadPoolExecutor$Worker.run(ThreadPoolExecutor.java:624)
	at java.lang.Thread.run(Thread.java:748)

Oct 10, 2019 12:40:43 PM org.apache.ratis.thirdparty.io.grpc.internal.SerializingExecutor run
SEVERE: Exception while executing runnable org.apache.ratis.thirdparty.io.grpc.internal.ServerImpl$JumpToApplicationThreadServerStreamListener$1Closed@18b4ca4
org.apache.ratis.thirdparty.io.grpc.StatusRuntimeException: CANCELLED: call already cancelled
	at org.apache.ratis.thirdparty.io.grpc.Status.asRuntimeException(Status.java:517)
	at org.apache.ratis.thirdparty.io.grpc.stub.ServerCalls$ServerCallStreamObserverImpl.onCompleted(ServerCalls.java:356)
	at org.apache.ratis.grpc.server.GrpcServerProtocolService$ServerRequestStreamObserver.onError(GrpcServerProtocolService.java:121)
	at org.apache.ratis.thirdparty.io.grpc.stub.ServerCalls$StreamingServerCallHandler$StreamingServerCallListener.onCancel(ServerCalls.java:269)
	at org.apache.ratis.thirdparty.io.grpc.internal.ServerCallImpl$ServerStreamListenerImpl.closed(ServerCallImpl.java:293)
	at org.apache.ratis.thirdparty.io.grpc.internal.ServerImpl$JumpToApplicationThreadServerStreamListener$1Closed.runInContext(ServerImpl.java:741)
	at org.apache.ratis.thirdparty.io.grpc.internal.ContextRunnable.run(ContextRunnable.java:37)
	at org.apache.ratis.thirdparty.io.grpc.internal.SerializingExecutor.run(SerializingExecutor.java:123)
	at java.util.concurrent.ThreadPoolExecutor.runWorker(ThreadPoolExecutor.java:1149)
	at java.util.concurrent.ThreadPoolExecutor$Worker.run(ThreadPoolExecutor.java:624)
	at java.lang.Thread.run(Thread.java:748)

Oct 10, 2019 12:40:43 PM org.apache.ratis.thirdparty.io.grpc.internal.SerializingExecutor run
SEVERE: Exception while executing runnable org.apache.ratis.thirdparty.io.grpc.internal.ServerImpl$JumpToApplicationThreadServerStreamListener$1Closed@14c59c5b
org.apache.ratis.thirdparty.io.grpc.StatusRuntimeException: CANCELLED: call already cancelled
	at org.apache.ratis.thirdparty.io.grpc.Status.asRuntimeException(Status.java:517)
	at org.apache.ratis.thirdparty.io.grpc.stub.ServerCalls$ServerCallStreamObserverImpl.onCompleted(ServerCalls.java:356)
	at org.apache.ratis.grpc.server.GrpcServerProtocolService$ServerRequestStreamObserver.onError(GrpcServerProtocolService.java:121)
	at org.apache.ratis.thirdparty.io.grpc.stub.ServerCalls$StreamingServerCallHandler$StreamingServerCallListener.onCancel(ServerCalls.java:269)
	at org.apache.ratis.thirdparty.io.grpc.internal.ServerCallImpl$ServerStreamListenerImpl.closed(ServerCallImpl.java:293)
	at org.apache.ratis.thirdparty.io.grpc.internal.ServerImpl$JumpToApplicationThreadServerStreamListener$1Closed.runInContext(ServerImpl.java:741)
	at org.apache.ratis.thirdparty.io.grpc.internal.ContextRunnable.run(ContextRunnable.java:37)
	at org.apache.ratis.thirdparty.io.grpc.internal.SerializingExecutor.run(SerializingExecutor.java:123)
	at java.util.concurrent.ThreadPoolExecutor.runWorker(ThreadPoolExecutor.java:1149)
	at java.util.concurrent.ThreadPoolExecutor$Worker.run(ThreadPoolExecutor.java:624)
	at java.lang.Thread.run(Thread.java:748)

Oct 10, 2019 12:40:43 PM org.apache.ratis.thirdparty.io.grpc.internal.SerializingExecutor run
SEVERE: Exception while executing runnable org.apache.ratis.thirdparty.io.grpc.internal.ServerImpl$JumpToApplicationThreadServerStreamListener$1Closed@51e4376f
org.apache.ratis.thirdparty.io.grpc.StatusRuntimeException: CANCELLED: call already cancelled
	at org.apache.ratis.thirdparty.io.grpc.Status.asRuntimeException(Status.java:517)
	at org.apache.ratis.thirdparty.io.grpc.stub.ServerCalls$ServerCallStreamObserverImpl.onCompleted(ServerCalls.java:356)
	at org.apache.ratis.grpc.server.GrpcServerProtocolService$ServerRequestStreamObserver.onError(GrpcServerProtocolService.java:121)
	at org.apache.ratis.thirdparty.io.grpc.stub.ServerCalls$StreamingServerCallHandler$StreamingServerCallListener.onCancel(ServerCalls.java:269)
	at org.apache.ratis.thirdparty.io.grpc.internal.ServerCallImpl$ServerStreamListenerImpl.closed(ServerCallImpl.java:293)
	at org.apache.ratis.thirdparty.io.grpc.internal.ServerImpl$JumpToApplicationThreadServerStreamListener$1Closed.runInContext(ServerImpl.java:741)
	at org.apache.ratis.thirdparty.io.grpc.internal.ContextRunnable.run(ContextRunnable.java:37)
	at org.apache.ratis.thirdparty.io.grpc.internal.SerializingExecutor.run(SerializingExecutor.java:123)
	at java.util.concurrent.ThreadPoolExecutor.runWorker(ThreadPoolExecutor.java:1149)
	at java.util.concurrent.ThreadPoolExecutor$Worker.run(ThreadPoolExecutor.java:624)
	at java.lang.Thread.run(Thread.java:748)

Oct 10, 2019 12:40:43 PM org.apache.ratis.thirdparty.io.grpc.internal.SerializingExecutor run
SEVERE: Exception while executing runnable org.apache.ratis.thirdparty.io.grpc.internal.ServerImpl$JumpToApplicationThreadServerStreamListener$1Closed@5d4bfb35
org.apache.ratis.thirdparty.io.grpc.StatusRuntimeException: CANCELLED: call already cancelled
	at org.apache.ratis.thirdparty.io.grpc.Status.asRuntimeException(Status.java:517)
	at org.apache.ratis.thirdparty.io.grpc.stub.ServerCalls$ServerCallStreamObserverImpl.onCompleted(ServerCalls.java:356)
	at org.apache.ratis.grpc.server.GrpcServerProtocolService$ServerRequestStreamObserver.onError(GrpcServerProtocolService.java:121)
	at org.apache.ratis.thirdparty.io.grpc.stub.ServerCalls$StreamingServerCallHandler$StreamingServerCallListener.onCancel(ServerCalls.java:269)
	at org.apache.ratis.thirdparty.io.grpc.internal.ServerCallImpl$ServerStreamListenerImpl.closed(ServerCallImpl.java:293)
	at org.apache.ratis.thirdparty.io.grpc.internal.ServerImpl$JumpToApplicationThreadServerStreamListener$1Closed.runInContext(ServerImpl.java:741)
	at org.apache.ratis.thirdparty.io.grpc.internal.ContextRunnable.run(ContextRunnable.java:37)
	at org.apache.ratis.thirdparty.io.grpc.internal.SerializingExecutor.run(SerializingExecutor.java:123)
	at java.util.concurrent.ThreadPoolExecutor.runWorker(ThreadPoolExecutor.java:1149)
	at java.util.concurrent.ThreadPoolExecutor$Worker.run(ThreadPoolExecutor.java:624)
	at java.lang.Thread.run(Thread.java:748)

Oct 10, 2019 12:40:43 PM org.apache.ratis.thirdparty.io.grpc.internal.ManagedChannelOrphanWrapper$ManagedChannelReference cleanQueue
SEVERE: *~*~*~ Channel ManagedChannelImpl{logId=7029, target=192.168.5.143:34998} was not shutdown properly!!! ~*~*~*
    Make sure to call shutdown()/shutdownNow() and wait until awaitTermination() returns true.
java.lang.RuntimeException: ManagedChannel allocation site
	at org.apache.ratis.thirdparty.io.grpc.internal.ManagedChannelOrphanWrapper$ManagedChannelReference.<init>(ManagedChannelOrphanWrapper.java:103)
	at org.apache.ratis.thirdparty.io.grpc.internal.ManagedChannelOrphanWrapper.<init>(ManagedChannelOrphanWrapper.java:53)
	at org.apache.ratis.thirdparty.io.grpc.internal.ManagedChannelOrphanWrapper.<init>(ManagedChannelOrphanWrapper.java:44)
	at org.apache.ratis.thirdparty.io.grpc.internal.AbstractManagedChannelImplBuilder.build(AbstractManagedChannelImplBuilder.java:411)
	at org.apache.hadoop.hdds.scm.XceiverClientGrpc.connectToDatanode(XceiverClientGrpc.java:181)
	at org.apache.hadoop.hdds.scm.XceiverClientGrpc.reconnect(XceiverClientGrpc.java:429)
	at org.apache.hadoop.hdds.scm.XceiverClientGrpc.sendCommandAsync(XceiverClientGrpc.java:378)
	at org.apache.hadoop.hdds.scm.XceiverClientGrpc.sendCommandWithRetry(XceiverClientGrpc.java:291)
	at org.apache.hadoop.hdds.scm.XceiverClientGrpc.sendCommandWithTraceIDAndRetry(XceiverClientGrpc.java:257)
	at org.apache.hadoop.hdds.scm.XceiverClientGrpc.sendCommand(XceiverClientGrpc.java:240)
	at org.apache.hadoop.hdds.scm.storage.ContainerProtocolCalls.getBlock(ContainerProtocolCalls.java:118)
	at org.apache.hadoop.hdds.scm.storage.BlockInputStream.getChunkInfos(BlockInputStream.java:167)
	at org.apache.hadoop.hdds.scm.storage.BlockInputStream.initialize(BlockInputStream.java:118)
	at org.apache.hadoop.hdds.scm.storage.BlockInputStream.read(BlockInputStream.java:222)
	at org.apache.hadoop.ozone.client.io.KeyInputStream.read(KeyInputStream.java:171)
	at org.apache.hadoop.ozone.client.io.OzoneInputStream.read(OzoneInputStream.java:47)
	at java.io.InputStream.read(InputStream.java:101)
	at org.apache.hadoop.ozone.container.ContainerTestHelper.validateData(ContainerTestHelper.java:714)
	at org.apache.hadoop.ozone.client.rpc.TestBlockOutputStreamWithFailures.validateData(TestBlockOutputStreamWithFailures.java:1216)
	at org.apache.hadoop.ozone.client.rpc.TestBlockOutputStreamWithFailures.testWatchForCommitWithSingleNodeRatis(TestBlockOutputStreamWithFailures.java:918)
	at sun.reflect.NativeMethodAccessorImpl.invoke0(Native Method)
	at sun.reflect.NativeMethodAccessorImpl.invoke(NativeMethodAccessorImpl.java:62)
	at sun.reflect.DelegatingMethodAccessorImpl.invoke(DelegatingMethodAccessorImpl.java:43)
	at java.lang.reflect.Method.invoke(Method.java:498)
	at org.junit.runners.model.FrameworkMethod$1.runReflectiveCall(FrameworkMethod.java:47)
	at org.junit.internal.runners.model.ReflectiveCallable.run(ReflectiveCallable.java:12)
	at org.junit.runners.model.FrameworkMethod.invokeExplosively(FrameworkMethod.java:44)
	at org.junit.internal.runners.statements.InvokeMethod.evaluate(InvokeMethod.java:17)
	at org.junit.internal.runners.statements.RunBefores.evaluate(RunBefores.java:26)
	at org.junit.internal.runners.statements.RunAfters.evaluate(RunAfters.java:27)
	at org.junit.runners.ParentRunner.runLeaf(ParentRunner.java:271)
	at org.junit.runners.BlockJUnit4ClassRunner.runChild(BlockJUnit4ClassRunner.java:70)
	at org.junit.runners.BlockJUnit4ClassRunner.runChild(BlockJUnit4ClassRunner.java:50)
	at org.junit.runners.ParentRunner$3.run(ParentRunner.java:238)
	at org.junit.runners.ParentRunner$1.schedule(ParentRunner.java:63)
	at org.junit.runners.ParentRunner.runChildren(ParentRunner.java:236)
	at org.junit.runners.ParentRunner.access$000(ParentRunner.java:53)
	at org.junit.runners.ParentRunner$2.evaluate(ParentRunner.java:229)
	at org.junit.runners.ParentRunner.run(ParentRunner.java:309)
	at org.apache.maven.surefire.junit4.JUnit4Provider.execute(JUnit4Provider.java:365)
	at org.apache.maven.surefire.junit4.JUnit4Provider.executeWithRerun(JUnit4Provider.java:273)
	at org.apache.maven.surefire.junit4.JUnit4Provider.executeTestSet(JUnit4Provider.java:238)
	at org.apache.maven.surefire.junit4.JUnit4Provider.invoke(JUnit4Provider.java:159)
	at org.apache.maven.surefire.booter.ForkedBooter.invokeProviderInSameClassLoader(ForkedBooter.java:384)
	at org.apache.maven.surefire.booter.ForkedBooter.runSuitesInProcess(ForkedBooter.java:345)
	at org.apache.maven.surefire.booter.ForkedBooter.execute(ForkedBooter.java:126)
	at org.apache.maven.surefire.booter.ForkedBooter.main(ForkedBooter.java:418)

Oct 10, 2019 12:40:43 PM org.apache.ratis.thirdparty.io.grpc.internal.ManagedChannelOrphanWrapper$ManagedChannelReference cleanQueue
SEVERE: *~*~*~ Channel ManagedChannelImpl{logId=7034, target=192.168.5.143:46269} was not shutdown properly!!! ~*~*~*
    Make sure to call shutdown()/shutdownNow() and wait until awaitTermination() returns true.
java.lang.RuntimeException: ManagedChannel allocation site
	at org.apache.ratis.thirdparty.io.grpc.internal.ManagedChannelOrphanWrapper$ManagedChannelReference.<init>(ManagedChannelOrphanWrapper.java:103)
	at org.apache.ratis.thirdparty.io.grpc.internal.ManagedChannelOrphanWrapper.<init>(ManagedChannelOrphanWrapper.java:53)
	at org.apache.ratis.thirdparty.io.grpc.internal.ManagedChannelOrphanWrapper.<init>(ManagedChannelOrphanWrapper.java:44)
	at org.apache.ratis.thirdparty.io.grpc.internal.AbstractManagedChannelImplBuilder.build(AbstractManagedChannelImplBuilder.java:411)
	at org.apache.hadoop.hdds.scm.XceiverClientGrpc.connectToDatanode(XceiverClientGrpc.java:181)
	at org.apache.hadoop.hdds.scm.XceiverClientGrpc.reconnect(XceiverClientGrpc.java:429)
	at org.apache.hadoop.hdds.scm.XceiverClientGrpc.sendCommandAsync(XceiverClientGrpc.java:378)
	at org.apache.hadoop.hdds.scm.XceiverClientGrpc.sendCommandWithRetry(XceiverClientGrpc.java:291)
	at org.apache.hadoop.hdds.scm.XceiverClientGrpc.sendCommandWithTraceIDAndRetry(XceiverClientGrpc.java:257)
	at org.apache.hadoop.hdds.scm.XceiverClientGrpc.sendCommand(XceiverClientGrpc.java:240)
	at org.apache.hadoop.hdds.scm.storage.ContainerProtocolCalls.getBlock(ContainerProtocolCalls.java:118)
	at org.apache.hadoop.hdds.scm.storage.BlockInputStream.getChunkInfos(BlockInputStream.java:167)
	at org.apache.hadoop.hdds.scm.storage.BlockInputStream.initialize(BlockInputStream.java:118)
	at org.apache.hadoop.hdds.scm.storage.BlockInputStream.read(BlockInputStream.java:222)
	at org.apache.hadoop.ozone.client.io.KeyInputStream.read(KeyInputStream.java:171)
	at org.apache.hadoop.ozone.client.io.OzoneInputStream.read(OzoneInputStream.java:47)
	at java.io.InputStream.read(InputStream.java:101)
	at org.apache.hadoop.ozone.container.ContainerTestHelper.validateData(ContainerTestHelper.java:714)
	at org.apache.hadoop.ozone.client.rpc.TestBlockOutputStreamWithFailures.validateData(TestBlockOutputStreamWithFailures.java:1216)
	at org.apache.hadoop.ozone.client.rpc.TestBlockOutputStreamWithFailures.testWatchForCommitWithSingleNodeRatis(TestBlockOutputStreamWithFailures.java:918)
	at sun.reflect.NativeMethodAccessorImpl.invoke0(Native Method)
	at sun.reflect.NativeMethodAccessorImpl.invoke(NativeMethodAccessorImpl.java:62)
	at sun.reflect.DelegatingMethodAccessorImpl.invoke(DelegatingMethodAccessorImpl.java:43)
	at java.lang.reflect.Method.invoke(Method.java:498)
	at org.junit.runners.model.FrameworkMethod$1.runReflectiveCall(FrameworkMethod.java:47)
	at org.junit.internal.runners.model.ReflectiveCallable.run(ReflectiveCallable.java:12)
	at org.junit.runners.model.FrameworkMethod.invokeExplosively(FrameworkMethod.java:44)
	at org.junit.internal.runners.statements.InvokeMethod.evaluate(InvokeMethod.java:17)
	at org.junit.internal.runners.statements.RunBefores.evaluate(RunBefores.java:26)
	at org.junit.internal.runners.statements.RunAfters.evaluate(RunAfters.java:27)
	at org.junit.runners.ParentRunner.runLeaf(ParentRunner.java:271)
	at org.junit.runners.BlockJUnit4ClassRunner.runChild(BlockJUnit4ClassRunner.java:70)
	at org.junit.runners.BlockJUnit4ClassRunner.runChild(BlockJUnit4ClassRunner.java:50)
	at org.junit.runners.ParentRunner$3.run(ParentRunner.java:238)
	at org.junit.runners.ParentRunner$1.schedule(ParentRunner.java:63)
	at org.junit.runners.ParentRunner.runChildren(ParentRunner.java:236)
	at org.junit.runners.ParentRunner.access$000(ParentRunner.java:53)
	at org.junit.runners.ParentRunner$2.evaluate(ParentRunner.java:229)
	at org.junit.runners.ParentRunner.run(ParentRunner.java:309)
	at org.apache.maven.surefire.junit4.JUnit4Provider.execute(JUnit4Provider.java:365)
	at org.apache.maven.surefire.junit4.JUnit4Provider.executeWithRerun(JUnit4Provider.java:273)
	at org.apache.maven.surefire.junit4.JUnit4Provider.executeTestSet(JUnit4Provider.java:238)
	at org.apache.maven.surefire.junit4.JUnit4Provider.invoke(JUnit4Provider.java:159)
	at org.apache.maven.surefire.booter.ForkedBooter.invokeProviderInSameClassLoader(ForkedBooter.java:384)
	at org.apache.maven.surefire.booter.ForkedBooter.runSuitesInProcess(ForkedBooter.java:345)
	at org.apache.maven.surefire.booter.ForkedBooter.execute(ForkedBooter.java:126)
	at org.apache.maven.surefire.booter.ForkedBooter.main(ForkedBooter.java:418)

Oct 10, 2019 12:40:43 PM org.apache.ratis.thirdparty.io.grpc.internal.ManagedChannelOrphanWrapper$ManagedChannelReference cleanQueue
SEVERE: *~*~*~ Channel ManagedChannelImpl{logId=7019, target=192.168.5.143:38554} was not shutdown properly!!! ~*~*~*
    Make sure to call shutdown()/shutdownNow() and wait until awaitTermination() returns true.
java.lang.RuntimeException: ManagedChannel allocation site
	at org.apache.ratis.thirdparty.io.grpc.internal.ManagedChannelOrphanWrapper$ManagedChannelReference.<init>(ManagedChannelOrphanWrapper.java:103)
	at org.apache.ratis.thirdparty.io.grpc.internal.ManagedChannelOrphanWrapper.<init>(ManagedChannelOrphanWrapper.java:53)
	at org.apache.ratis.thirdparty.io.grpc.internal.ManagedChannelOrphanWrapper.<init>(ManagedChannelOrphanWrapper.java:44)
	at org.apache.ratis.thirdparty.io.grpc.internal.AbstractManagedChannelImplBuilder.build(AbstractManagedChannelImplBuilder.java:411)
	at org.apache.ratis.grpc.client.GrpcClientProtocolClient.<init>(GrpcClientProtocolClient.java:127)
	at org.apache.ratis.grpc.client.GrpcClientRpc.lambda$new$0(GrpcClientRpc.java:55)
	at org.apache.ratis.util.PeerProxyMap$PeerAndProxy.lambda$getProxy$0(PeerProxyMap.java:61)
	at org.apache.ratis.util.LifeCycle.startAndTransition(LifeCycle.java:202)
	at org.apache.ratis.util.PeerProxyMap$PeerAndProxy.getProxy(PeerProxyMap.java:60)
	at org.apache.ratis.util.PeerProxyMap.getProxy(PeerProxyMap.java:108)
	at org.apache.ratis.grpc.client.GrpcClientRpc.sendRequestAsync(GrpcClientRpc.java:66)
	at org.apache.ratis.client.impl.OrderedAsync.sendRequest(OrderedAsync.java:208)
	at org.apache.ratis.client.impl.OrderedAsync.sendRequestWithRetry(OrderedAsync.java:169)
	at org.apache.ratis.util.SlidingWindow$Client.sendOrDelayRequest(SlidingWindow.java:278)
	at org.apache.ratis.util.SlidingWindow$Client.retry(SlidingWindow.java:294)
	at org.apache.ratis.client.impl.OrderedAsync.lambda$scheduleWithTimeout$7(OrderedAsync.java:195)
	at org.apache.ratis.util.TimeoutScheduler.lambda$onTimeout$0(TimeoutScheduler.java:113)
	at org.apache.ratis.util.TimeoutScheduler.lambda$onTimeout$1(TimeoutScheduler.java:133)
	at org.apache.ratis.util.LogUtils.runAndLog(LogUtils.java:50)
	at org.apache.ratis.util.LogUtils$1.run(LogUtils.java:91)
	at java.util.concurrent.Executors$RunnableAdapter.call(Executors.java:511)
	at java.util.concurrent.FutureTask.run(FutureTask.java:266)
	at java.util.concurrent.ScheduledThreadPoolExecutor$ScheduledFutureTask.access$201(ScheduledThreadPoolExecutor.java:180)
	at java.util.concurrent.ScheduledThreadPoolExecutor$ScheduledFutureTask.run(ScheduledThreadPoolExecutor.java:293)
	at java.util.concurrent.ThreadPoolExecutor.runWorker(ThreadPoolExecutor.java:1149)
	at java.util.concurrent.ThreadPoolExecutor$Worker.run(ThreadPoolExecutor.java:624)
	at java.lang.Thread.run(Thread.java:748)

Oct 10, 2019 12:40:43 PM org.apache.ratis.thirdparty.io.grpc.internal.ManagedChannelOrphanWrapper$ManagedChannelReference cleanQueue
SEVERE: *~*~*~ Channel ManagedChannelImpl{logId=7024, target=192.168.5.143:37371} was not shutdown properly!!! ~*~*~*
    Make sure to call shutdown()/shutdownNow() and wait until awaitTermination() returns true.
java.lang.RuntimeException: ManagedChannel allocation site
	at org.apache.ratis.thirdparty.io.grpc.internal.ManagedChannelOrphanWrapper$ManagedChannelReference.<init>(ManagedChannelOrphanWrapper.java:103)
	at org.apache.ratis.thirdparty.io.grpc.internal.ManagedChannelOrphanWrapper.<init>(ManagedChannelOrphanWrapper.java:53)
	at org.apache.ratis.thirdparty.io.grpc.internal.ManagedChannelOrphanWrapper.<init>(ManagedChannelOrphanWrapper.java:44)
	at org.apache.ratis.thirdparty.io.grpc.internal.AbstractManagedChannelImplBuilder.build(AbstractManagedChannelImplBuilder.java:411)
	at org.apache.ratis.grpc.client.GrpcClientProtocolClient.<init>(GrpcClientProtocolClient.java:127)
	at org.apache.ratis.grpc.client.GrpcClientRpc.lambda$new$0(GrpcClientRpc.java:55)
	at org.apache.ratis.util.PeerProxyMap$PeerAndProxy.lambda$getProxy$0(PeerProxyMap.java:61)
	at org.apache.ratis.util.LifeCycle.startAndTransition(LifeCycle.java:202)
	at org.apache.ratis.util.PeerProxyMap$PeerAndProxy.getProxy(PeerProxyMap.java:60)
	at org.apache.ratis.util.PeerProxyMap.getProxy(PeerProxyMap.java:108)
	at org.apache.ratis.grpc.client.GrpcClientRpc.sendRequestAsync(GrpcClientRpc.java:66)
	at org.apache.ratis.client.impl.OrderedAsync.sendRequest(OrderedAsync.java:208)
	at org.apache.ratis.client.impl.OrderedAsync.sendRequestWithRetry(OrderedAsync.java:169)
	at org.apache.ratis.util.SlidingWindow$Client.sendOrDelayRequest(SlidingWindow.java:278)
	at org.apache.ratis.util.SlidingWindow$Client.submitNewRequest(SlidingWindow.java:257)
	at org.apache.ratis.client.impl.OrderedAsync.send(OrderedAsync.java:155)
	at org.apache.ratis.client.impl.RaftClientImpl.sendAsync(RaftClientImpl.java:144)
	at org.apache.ratis.client.impl.RaftClientImpl.sendAsync(RaftClientImpl.java:124)
	at org.apache.hadoop.hdds.scm.XceiverClientRatis.sendRequestAsync(XceiverClientRatis.java:234)
	at org.apache.hadoop.hdds.scm.XceiverClientRatis.sendCommandAsync(XceiverClientRatis.java:332)
	at org.apache.hadoop.hdds.scm.storage.ContainerProtocolCalls.writeChunkAsync(ContainerProtocolCalls.java:310)
	at org.apache.hadoop.hdds.scm.storage.BlockOutputStream.writeChunkToContainer(BlockOutputStream.java:601)
	at org.apache.hadoop.hdds.scm.storage.BlockOutputStream.writeChunk(BlockOutputStream.java:459)
	at org.apache.hadoop.hdds.scm.storage.BlockOutputStream.writeOnRetry(BlockOutputStream.java:285)
	at org.apache.hadoop.ozone.client.io.BlockOutputStreamEntry.writeOnRetry(BlockOutputStreamEntry.java:200)
	at org.apache.hadoop.ozone.client.io.KeyOutputStream.handleWrite(KeyOutputStream.java:206)
	at org.apache.hadoop.ozone.client.io.KeyOutputStream.handleRetry(KeyOutputStream.java:375)
	at org.apache.hadoop.ozone.client.io.KeyOutputStream.handleException(KeyOutputStream.java:324)
	at org.apache.hadoop.ozone.client.io.KeyOutputStream.handleFlushOrClose(KeyOutputStream.java:449)
	at org.apache.hadoop.ozone.client.io.KeyOutputStream.handleWrite(KeyOutputStream.java:232)
	at org.apache.hadoop.ozone.client.io.KeyOutputStream.write(KeyOutputStream.java:190)
	at org.apache.hadoop.ozone.client.io.OzoneOutputStream.write(OzoneOutputStream.java:49)
	at java.io.OutputStream.write(OutputStream.java:75)
	at org.apache.hadoop.ozone.client.rpc.TestBlockOutputStreamWithFailures.testWatchForCommitWithSingleNodeRatis(TestBlockOutputStreamWithFailures.java:885)
	at sun.reflect.NativeMethodAccessorImpl.invoke0(Native Method)
	at sun.reflect.NativeMethodAccessorImpl.invoke(NativeMethodAccessorImpl.java:62)
	at sun.reflect.DelegatingMethodAccessorImpl.invoke(DelegatingMethodAccessorImpl.java:43)
	at java.lang.reflect.Method.invoke(Method.java:498)
	at org.junit.runners.model.FrameworkMethod$1.runReflectiveCall(FrameworkMethod.java:47)
	at org.junit.internal.runners.model.ReflectiveCallable.run(ReflectiveCallable.java:12)
	at org.junit.runners.model.FrameworkMethod.invokeExplosively(FrameworkMethod.java:44)
	at org.junit.internal.runners.statements.InvokeMethod.evaluate(InvokeMethod.java:17)
	at org.junit.internal.runners.statements.RunBefores.evaluate(RunBefores.java:26)
	at org.junit.internal.runners.statements.RunAfters.evaluate(RunAfters.java:27)
	at org.junit.runners.ParentRunner.runLeaf(ParentRunner.java:271)
	at org.junit.runners.BlockJUnit4ClassRunner.runChild(BlockJUnit4ClassRunner.java:70)
	at org.junit.runners.BlockJUnit4ClassRunner.runChild(BlockJUnit4ClassRunner.java:50)
	at org.junit.runners.ParentRunner$3.run(ParentRunner.java:238)
	at org.junit.runners.ParentRunner$1.schedule(ParentRunner.java:63)
	at org.junit.runners.ParentRunner.runChildren(ParentRunner.java:236)
	at org.junit.runners.ParentRunner.access$000(ParentRunner.java:53)
	at org.junit.runners.ParentRunner$2.evaluate(ParentRunner.java:229)
	at org.junit.runners.ParentRunner.run(ParentRunner.java:309)
	at org.apache.maven.surefire.junit4.JUnit4Provider.execute(JUnit4Provider.java:365)
	at org.apache.maven.surefire.junit4.JUnit4Provider.executeWithRerun(JUnit4Provider.java:273)
	at org.apache.maven.surefire.junit4.JUnit4Provider.executeTestSet(JUnit4Provider.java:238)
	at org.apache.maven.surefire.junit4.JUnit4Provider.invoke(JUnit4Provider.java:159)
	at org.apache.maven.surefire.booter.ForkedBooter.invokeProviderInSameClassLoader(ForkedBooter.java:384)
	at org.apache.maven.surefire.booter.ForkedBooter.runSuitesInProcess(ForkedBooter.java:345)
	at org.apache.maven.surefire.booter.ForkedBooter.execute(ForkedBooter.java:126)
	at org.apache.maven.surefire.booter.ForkedBooter.main(ForkedBooter.java:418)

Oct 10, 2019 12:40:50 PM org.apache.ratis.thirdparty.io.grpc.internal.SerializingExecutor run
SEVERE: Exception while executing runnable org.apache.ratis.thirdparty.io.grpc.internal.ServerImpl$JumpToApplicationThreadServerStreamListener$1Closed@25d68b1c
org.apache.ratis.thirdparty.io.grpc.StatusRuntimeException: CANCELLED: call already cancelled
	at org.apache.ratis.thirdparty.io.grpc.Status.asRuntimeException(Status.java:517)
	at org.apache.ratis.thirdparty.io.grpc.stub.ServerCalls$ServerCallStreamObserverImpl.onCompleted(ServerCalls.java:356)
	at org.apache.ratis.grpc.server.GrpcServerProtocolService$ServerRequestStreamObserver.onError(GrpcServerProtocolService.java:121)
	at org.apache.ratis.thirdparty.io.grpc.stub.ServerCalls$StreamingServerCallHandler$StreamingServerCallListener.onCancel(ServerCalls.java:269)
	at org.apache.ratis.thirdparty.io.grpc.internal.ServerCallImpl$ServerStreamListenerImpl.closed(ServerCallImpl.java:293)
	at org.apache.ratis.thirdparty.io.grpc.internal.ServerImpl$JumpToApplicationThreadServerStreamListener$1Closed.runInContext(ServerImpl.java:741)
	at org.apache.ratis.thirdparty.io.grpc.internal.ContextRunnable.run(ContextRunnable.java:37)
	at org.apache.ratis.thirdparty.io.grpc.internal.SerializingExecutor.run(SerializingExecutor.java:123)
	at java.util.concurrent.ThreadPoolExecutor.runWorker(ThreadPoolExecutor.java:1149)
	at java.util.concurrent.ThreadPoolExecutor$Worker.run(ThreadPoolExecutor.java:624)
	at java.lang.Thread.run(Thread.java:748)

Oct 10, 2019 12:40:50 PM org.apache.ratis.thirdparty.io.grpc.internal.SerializingExecutor run
SEVERE: Exception while executing runnable org.apache.ratis.thirdparty.io.grpc.internal.ServerImpl$JumpToApplicationThreadServerStreamListener$1Closed@2da3e910
org.apache.ratis.thirdparty.io.grpc.StatusRuntimeException: CANCELLED: call already cancelled
	at org.apache.ratis.thirdparty.io.grpc.Status.asRuntimeException(Status.java:517)
	at org.apache.ratis.thirdparty.io.grpc.stub.ServerCalls$ServerCallStreamObserverImpl.onCompleted(ServerCalls.java:356)
	at org.apache.ratis.grpc.server.GrpcServerProtocolService$ServerRequestStreamObserver.onError(GrpcServerProtocolService.java:121)
	at org.apache.ratis.thirdparty.io.grpc.stub.ServerCalls$StreamingServerCallHandler$StreamingServerCallListener.onCancel(ServerCalls.java:269)
	at org.apache.ratis.thirdparty.io.grpc.internal.ServerCallImpl$ServerStreamListenerImpl.closed(ServerCallImpl.java:293)
	at org.apache.ratis.thirdparty.io.grpc.internal.ServerImpl$JumpToApplicationThreadServerStreamListener$1Closed.runInContext(ServerImpl.java:741)
	at org.apache.ratis.thirdparty.io.grpc.internal.ContextRunnable.run(ContextRunnable.java:37)
	at org.apache.ratis.thirdparty.io.grpc.internal.SerializingExecutor.run(SerializingExecutor.java:123)
	at java.util.concurrent.ThreadPoolExecutor.runWorker(ThreadPoolExecutor.java:1149)
	at java.util.concurrent.ThreadPoolExecutor$Worker.run(ThreadPoolExecutor.java:624)
	at java.lang.Thread.run(Thread.java:748)

Oct 10, 2019 12:40:50 PM org.apache.ratis.thirdparty.io.grpc.internal.SerializingExecutor run
SEVERE: Exception while executing runnable org.apache.ratis.thirdparty.io.grpc.internal.ServerImpl$JumpToApplicationThreadServerStreamListener$1Closed@5d01e550
org.apache.ratis.thirdparty.io.grpc.StatusRuntimeException: CANCELLED: call already cancelled
	at org.apache.ratis.thirdparty.io.grpc.Status.asRuntimeException(Status.java:517)
	at org.apache.ratis.thirdparty.io.grpc.stub.ServerCalls$ServerCallStreamObserverImpl.onCompleted(ServerCalls.java:356)
	at org.apache.ratis.grpc.server.GrpcServerProtocolService$ServerRequestStreamObserver.onError(GrpcServerProtocolService.java:121)
	at org.apache.ratis.thirdparty.io.grpc.stub.ServerCalls$StreamingServerCallHandler$StreamingServerCallListener.onCancel(ServerCalls.java:269)
	at org.apache.ratis.thirdparty.io.grpc.internal.ServerCallImpl$ServerStreamListenerImpl.closed(ServerCallImpl.java:293)
	at org.apache.ratis.thirdparty.io.grpc.internal.ServerImpl$JumpToApplicationThreadServerStreamListener$1Closed.runInContext(ServerImpl.java:741)
	at org.apache.ratis.thirdparty.io.grpc.internal.ContextRunnable.run(ContextRunnable.java:37)
	at org.apache.ratis.thirdparty.io.grpc.internal.SerializingExecutor.run(SerializingExecutor.java:123)
	at java.util.concurrent.ThreadPoolExecutor.runWorker(ThreadPoolExecutor.java:1149)
	at java.util.concurrent.ThreadPoolExecutor$Worker.run(ThreadPoolExecutor.java:624)
	at java.lang.Thread.run(Thread.java:748)

Oct 10, 2019 12:40:50 PM org.apache.ratis.thirdparty.io.grpc.internal.SerializingExecutor run
SEVERE: Exception while executing runnable org.apache.ratis.thirdparty.io.grpc.internal.ServerImpl$JumpToApplicationThreadServerStreamListener$1Closed@4ba4102f
org.apache.ratis.thirdparty.io.grpc.StatusRuntimeException: CANCELLED: call already cancelled
	at org.apache.ratis.thirdparty.io.grpc.Status.asRuntimeException(Status.java:517)
	at org.apache.ratis.thirdparty.io.grpc.stub.ServerCalls$ServerCallStreamObserverImpl.onCompleted(ServerCalls.java:356)
	at org.apache.ratis.grpc.server.GrpcServerProtocolService$ServerRequestStreamObserver.onError(GrpcServerProtocolService.java:121)
	at org.apache.ratis.thirdparty.io.grpc.stub.ServerCalls$StreamingServerCallHandler$StreamingServerCallListener.onCancel(ServerCalls.java:269)
	at org.apache.ratis.thirdparty.io.grpc.internal.ServerCallImpl$ServerStreamListenerImpl.closed(ServerCallImpl.java:293)
	at org.apache.ratis.thirdparty.io.grpc.internal.ServerImpl$JumpToApplicationThreadServerStreamListener$1Closed.runInContext(ServerImpl.java:741)
	at org.apache.ratis.thirdparty.io.grpc.internal.ContextRunnable.run(ContextRunnable.java:37)
	at org.apache.ratis.thirdparty.io.grpc.internal.SerializingExecutor.run(SerializingExecutor.java:123)
	at java.util.concurrent.ThreadPoolExecutor.runWorker(ThreadPoolExecutor.java:1149)
	at java.util.concurrent.ThreadPoolExecutor$Worker.run(ThreadPoolExecutor.java:624)
	at java.lang.Thread.run(Thread.java:748)

Oct 10, 2019 12:40:50 PM org.apache.ratis.thirdparty.io.grpc.internal.SerializingExecutor run
SEVERE: Exception while executing runnable org.apache.ratis.thirdparty.io.grpc.internal.ServerImpl$JumpToApplicationThreadServerStreamListener$1Closed@5597a2e6
org.apache.ratis.thirdparty.io.grpc.StatusRuntimeException: CANCELLED: call already cancelled
	at org.apache.ratis.thirdparty.io.grpc.Status.asRuntimeException(Status.java:517)
	at org.apache.ratis.thirdparty.io.grpc.stub.ServerCalls$ServerCallStreamObserverImpl.onCompleted(ServerCalls.java:356)
	at org.apache.ratis.grpc.server.GrpcServerProtocolService$ServerRequestStreamObserver.onError(GrpcServerProtocolService.java:121)
	at org.apache.ratis.thirdparty.io.grpc.stub.ServerCalls$StreamingServerCallHandler$StreamingServerCallListener.onCancel(ServerCalls.java:269)
	at org.apache.ratis.thirdparty.io.grpc.internal.ServerCallImpl$ServerStreamListenerImpl.closed(ServerCallImpl.java:293)
	at org.apache.ratis.thirdparty.io.grpc.internal.ServerImpl$JumpToApplicationThreadServerStreamListener$1Closed.runInContext(ServerImpl.java:741)
	at org.apache.ratis.thirdparty.io.grpc.internal.ContextRunnable.run(ContextRunnable.java:37)
	at org.apache.ratis.thirdparty.io.grpc.internal.SerializingExecutor.run(SerializingExecutor.java:123)
	at java.util.concurrent.ThreadPoolExecutor.runWorker(ThreadPoolExecutor.java:1149)
	at java.util.concurrent.ThreadPoolExecutor$Worker.run(ThreadPoolExecutor.java:624)
	at java.lang.Thread.run(Thread.java:748)

]]></system-err>
  </testcase>
  <testcase name="testFailureWithPrimeSizedData" classname="org.apache.hadoop.ozone.client.rpc.TestBlockOutputStreamWithFailures" time="40.983"/>
  <testcase name="testWatchForCommitWithCloseContainerException" classname="org.apache.hadoop.ozone.client.rpc.TestBlockOutputStreamWithFailures" time="40.205"/>
  <testcase name="testExceptionDuringClose" classname="org.apache.hadoop.ozone.client.rpc.TestBlockOutputStreamWithFailures" time="37.748"/>
</testsuite>