<?xml version="1.0" encoding="UTF-8"?>
<testsuite xmlns:xsi="http://www.w3.org/2001/XMLSchema-instance" xsi:noNamespaceSchemaLocation="https://maven.apache.org/surefire/maven-surefire-plugin/xsd/surefire-test-report.xsd" name="org.apache.hadoop.ozone.client.rpc.Test2WayCommitInRatis" time="33.573" tests="1" errors="1" skipped="0" failures="0">
  <properties>
    <property name="awt.toolkit" value="sun.awt.X11.XToolkit"/>
    <property name="file.encoding.pkg" value="sun.io"/>
    <property name="java.specification.version" value="1.8"/>
    <property name="sun.cpu.isalist" value=""/>
    <property name="sun.jnu.encoding" value="UTF-8"/>
    <property name="java.class.path" value="/workdir/hadoop-ozone/integration-test/target/test-classes:/workdir/hadoop-ozone/integration-test/target/classes:/home/user/.m2/repository/org/apache/hadoop/hadoop-ozone-common/0.5.0-SNAPSHOT/hadoop-ozone-common-0.5.0-SNAPSHOT.jar:/home/user/.m2/repository/org/apache/commons/commons-compress/1.4.1/commons-compress-1.4.1.jar:/home/user/.m2/repository/org/tukaani/xz/1.0/xz-1.0.jar:/home/user/.m2/repository/org/apache/hadoop/hadoop-common/3.2.0/hadoop-common-3.2.0.jar:/home/user/.m2/repository/org/apache/hadoop/hadoop-hdfs/3.2.0/hadoop-hdfs-3.2.0.jar:/home/user/.m2/repository/org/apache/hadoop/hadoop-hdfs-client/3.2.0/hadoop-hdfs-client-3.2.0.jar:/home/user/.m2/repository/com/fasterxml/jackson/core/jackson-annotations/2.9.9/jackson-annotations-2.9.9.jar:/home/user/.m2/repository/org/apache/hadoop/hadoop-hdds-common/0.5.0-SNAPSHOT/hadoop-hdds-common-0.5.0-SNAPSHOT.jar:/home/user/.m2/repository/javax/annotation/javax.annotation-api/1.2/javax.annotation-api-1.2.jar:/home/user/.m2/repository/org/apache/ratis/ratis-server/0.5.0-201fc85-SNAPSHOT/ratis-server-0.5.0-201fc85-SNAPSHOT.jar:/home/user/.m2/repository/org/apache/ratis/ratis-thirdparty-misc/0.2.0/ratis-thirdparty-misc-0.2.0.jar:/home/user/.m2/repository/org/apache/ratis/ratis-proto/0.5.0-201fc85-SNAPSHOT/ratis-proto-0.5.0-201fc85-SNAPSHOT.jar:/home/user/.m2/repository/org/apache/ratis/ratis-common/0.5.0-201fc85-SNAPSHOT/ratis-common-0.5.0-201fc85-SNAPSHOT.jar:/home/user/.m2/repository/org/apache/ratis/ratis-client/0.5.0-201fc85-SNAPSHOT/ratis-client-0.5.0-201fc85-SNAPSHOT.jar:/home/user/.m2/repository/org/apache/ratis/ratis-metrics/0.5.0-201fc85-SNAPSHOT/ratis-metrics-0.5.0-201fc85-SNAPSHOT.jar:/home/user/.m2/repository/com/github/joshelser/dropwizard-metrics-hadoop-metrics2-reporter/0.1.2/dropwizard-metrics-hadoop-metrics2-reporter-0.1.2.jar:/home/user/.m2/repository/io/dropwizard/metrics/metrics-jvm/3.2.5/metrics-jvm-3.2.5.jar:/home/user/.m2/repository/io/dropwizard/metrics/metrics-ganglia/3.2.5/metrics-ganglia-3.2.5.jar:/home/user/.m2/repository/info/ganglia/gmetric4j/gmetric4j/1.0.7/gmetric4j-1.0.7.jar:/home/user/.m2/repository/org/apache/ratis/ratis-netty/0.5.0-201fc85-SNAPSHOT/ratis-netty-0.5.0-201fc85-SNAPSHOT.jar:/home/user/.m2/repository/org/apache/ratis/ratis-grpc/0.5.0-201fc85-SNAPSHOT/ratis-grpc-0.5.0-201fc85-SNAPSHOT.jar:/home/user/.m2/repository/org/rocksdb/rocksdbjni/6.0.1/rocksdbjni-6.0.1.jar:/home/user/.m2/repository/org/apache/logging/log4j/log4j-api/2.11.0/log4j-api-2.11.0.jar:/home/user/.m2/repository/org/apache/logging/log4j/log4j-core/2.11.0/log4j-core-2.11.0.jar:/home/user/.m2/repository/com/lmax/disruptor/3.4.2/disruptor-3.4.2.jar:/home/user/.m2/repository/org/apache/commons/commons-pool2/2.6.0/commons-pool2-2.6.0.jar:/home/user/.m2/repository/org/bouncycastle/bcpkix-jdk15on/1.60/bcpkix-jdk15on-1.60.jar:/home/user/.m2/repository/commons-validator/commons-validator/1.6/commons-validator-1.6.jar:/home/user/.m2/repository/commons-digester/commons-digester/1.8.1/commons-digester-1.8.1.jar:/home/user/.m2/repository/io/jaegertracing/jaeger-client/0.34.0/jaeger-client-0.34.0.jar:/home/user/.m2/repository/io/jaegertracing/jaeger-thrift/0.34.0/jaeger-thrift-0.34.0.jar:/home/user/.m2/repository/org/apache/thrift/libthrift/0.12.0/libthrift-0.12.0.jar:/home/user/.m2/repository/com/squareup/okhttp3/okhttp/3.9.0/okhttp-3.9.0.jar:/home/user/.m2/repository/com/squareup/okio/okio/1.13.0/okio-1.13.0.jar:/home/user/.m2/repository/io/jaegertracing/jaeger-core/0.34.0/jaeger-core-0.34.0.jar:/home/user/.m2/repository/io/jaegertracing/jaeger-tracerresolver/0.34.0/jaeger-tracerresolver-0.34.0.jar:/home/user/.m2/repository/io/opentracing/contrib/opentracing-tracerresolver/0.1.5/opentracing-tracerresolver-0.1.5.jar:/home/user/.m2/repository/io/opentracing/opentracing-util/0.31.0/opentracing-util-0.31.0.jar:/home/user/.m2/repository/io/opentracing/opentracing-api/0.31.0/opentracing-api-0.31.0.jar:/home/user/.m2/repository/io/opentracing/opentracing-noop/0.31.0/opentracing-noop-0.31.0.jar:/home/user/.m2/repository/org/apache/hadoop/hadoop-hdds-server-framework/0.5.0-SNAPSHOT/hadoop-hdds-server-framework-0.5.0-SNAPSHOT.jar:/home/user/.m2/repository/org/apache/hadoop/hadoop-hdds-container-service/0.5.0-SNAPSHOT/hadoop-hdds-container-service-0.5.0-SNAPSHOT.jar:/home/user/.m2/repository/org/apache/hadoop/hadoop-hdds-client/0.5.0-SNAPSHOT/hadoop-hdds-client-0.5.0-SNAPSHOT.jar:/home/user/.m2/repository/org/apache/hadoop/hadoop-hdds-tools/0.5.0-SNAPSHOT/hadoop-hdds-tools-0.5.0-SNAPSHOT.jar:/home/user/.m2/repository/org/apache/hadoop/hadoop-hdds-server-scm/0.5.0-SNAPSHOT/hadoop-hdds-server-scm-0.5.0-SNAPSHOT.jar:/home/user/.m2/repository/org/apache/hadoop/hadoop-hdds-docs/0.5.0-SNAPSHOT/hadoop-hdds-docs-0.5.0-SNAPSHOT.jar:/home/user/.m2/repository/io/dropwizard/metrics/metrics-core/3.2.4/metrics-core-3.2.4.jar:/home/user/.m2/repository/org/hamcrest/hamcrest-all/1.3/hamcrest-all-1.3.jar:/home/user/.m2/repository/org/bouncycastle/bcprov-jdk15on/1.60/bcprov-jdk15on-1.60.jar:/home/user/.m2/repository/info/picocli/picocli/3.9.6/picocli-3.9.6.jar:/home/user/.m2/repository/com/google/protobuf/protobuf-java/2.5.0/protobuf-java-2.5.0.jar:/home/user/.m2/repository/com/google/guava/guava/11.0.2/guava-11.0.2.jar:/home/user/.m2/repository/org/apache/hadoop/hadoop-ozone-ozone-manager/0.5.0-SNAPSHOT/hadoop-ozone-ozone-manager-0.5.0-SNAPSHOT.jar:/home/user/.m2/repository/org/apache/hadoop/hadoop-minikdc/3.2.0/hadoop-minikdc-3.2.0.jar:/home/user/.m2/repository/commons-io/commons-io/2.5/commons-io-2.5.jar:/home/user/.m2/repository/org/apache/kerby/kerb-simplekdc/1.0.1/kerb-simplekdc-1.0.1.jar:/home/user/.m2/repository/org/apache/kerby/kerb-client/1.0.1/kerb-client-1.0.1.jar:/home/user/.m2/repository/org/apache/kerby/kerby-config/1.0.1/kerby-config-1.0.1.jar:/home/user/.m2/repository/org/apache/kerby/kerb-core/1.0.1/kerb-core-1.0.1.jar:/home/user/.m2/repository/org/apache/kerby/kerby-pkix/1.0.1/kerby-pkix-1.0.1.jar:/home/user/.m2/repository/org/apache/kerby/kerby-asn1/1.0.1/kerby-asn1-1.0.1.jar:/home/user/.m2/repository/org/apache/kerby/kerby-util/1.0.1/kerby-util-1.0.1.jar:/home/user/.m2/repository/org/apache/kerby/kerb-common/1.0.1/kerb-common-1.0.1.jar:/home/user/.m2/repository/org/apache/kerby/kerb-crypto/1.0.1/kerb-crypto-1.0.1.jar:/home/user/.m2/repository/org/apache/kerby/kerb-util/1.0.1/kerb-util-1.0.1.jar:/home/user/.m2/repository/org/apache/kerby/token-provider/1.0.1/token-provider-1.0.1.jar:/home/user/.m2/repository/org/apache/kerby/kerb-admin/1.0.1/kerb-admin-1.0.1.jar:/home/user/.m2/repository/org/apache/kerby/kerb-server/1.0.1/kerb-server-1.0.1.jar:/home/user/.m2/repository/org/apache/kerby/kerb-identity/1.0.1/kerb-identity-1.0.1.jar:/home/user/.m2/repository/org/apache/kerby/kerby-xdr/1.0.1/kerby-xdr-1.0.1.jar:/home/user/.m2/repository/org/slf4j/slf4j-log4j12/1.7.25/slf4j-log4j12-1.7.25.jar:/home/user/.m2/repository/org/apache/hadoop/hadoop-ozone-s3gateway/0.5.0-SNAPSHOT/hadoop-ozone-s3gateway-0.5.0-SNAPSHOT.jar:/home/user/.m2/repository/org/jboss/weld/servlet/weld-servlet/2.4.7.Final/weld-servlet-2.4.7.Final.jar:/home/user/.m2/repository/org/glassfish/jersey/containers/jersey-container-servlet-core/2.27/jersey-container-servlet-core-2.27.jar:/home/user/.m2/repository/org/glassfish/hk2/external/javax.inject/2.5.0-b42/javax.inject-2.5.0-b42.jar:/home/user/.m2/repository/org/glassfish/jersey/core/jersey-common/2.27/jersey-common-2.27.jar:/home/user/.m2/repository/org/glassfish/hk2/osgi-resource-locator/1.0.1/osgi-resource-locator-1.0.1.jar:/home/user/.m2/repository/javax/ws/rs/javax.ws.rs-api/2.1/javax.ws.rs-api-2.1.jar:/home/user/.m2/repository/org/glassfish/jersey/ext/cdi/jersey-cdi1x/2.27/jersey-cdi1x-2.27.jar:/home/user/.m2/repository/org/glassfish/jersey/inject/jersey-hk2/2.27/jersey-hk2-2.27.jar:/home/user/.m2/repository/org/glassfish/hk2/hk2-locator/2.5.0-b42/hk2-locator-2.5.0-b42.jar:/home/user/.m2/repository/org/javassist/javassist/3.22.0-CR2/javassist-3.22.0-CR2.jar:/home/user/.m2/repository/org/glassfish/hk2/hk2-api/2.5.0/hk2-api-2.5.0.jar:/home/user/.m2/repository/org/glassfish/hk2/external/jakarta.inject/2.5.0/jakarta.inject-2.5.0.jar:/home/user/.m2/repository/org/glassfish/hk2/hk2-utils/2.5.0/hk2-utils-2.5.0.jar:/home/user/.m2/repository/jakarta/annotation/jakarta.annotation-api/1.3.4/jakarta.annotation-api-1.3.4.jar:/home/user/.m2/repository/org/glassfish/hk2/external/aopalliance-repackaged/2.5.0/aopalliance-repackaged-2.5.0.jar:/home/user/.m2/repository/com/fasterxml/jackson/dataformat/jackson-dataformat-xml/2.9.0/jackson-dataformat-xml-2.9.0.jar:/home/user/.m2/repository/com/fasterxml/jackson/core/jackson-core/2.9.9/jackson-core-2.9.9.jar:/home/user/.m2/repository/com/fasterxml/jackson/module/jackson-module-jaxb-annotations/2.9.9/jackson-module-jaxb-annotations-2.9.9.jar:/home/user/.m2/repository/javax/enterprise/cdi-api/1.2/cdi-api-1.2.jar:/home/user/.m2/repository/javax/el/javax.el-api/3.0.0/javax.el-api-3.0.0.jar:/home/user/.m2/repository/javax/interceptor/javax.interceptor-api/1.2/javax.interceptor-api-1.2.jar:/home/user/.m2/repository/javax/inject/javax.inject/1/javax.inject-1.jar:/home/user/.m2/repository/com/sun/xml/bind/jaxb-impl/2.3.0.1/jaxb-impl-2.3.0.1.jar:/home/user/.m2/repository/com/sun/xml/bind/jaxb-core/2.3.0.1/jaxb-core-2.3.0.1.jar:/home/user/.m2/repository/javax/xml/bind/jaxb-api/2.3.0/jaxb-api-2.3.0.jar:/home/user/.m2/repository/javax/activation/activation/1.1.1/activation-1.1.1.jar:/home/user/.m2/repository/org/apache/hadoop/hadoop-ozone-csi/0.5.0-SNAPSHOT/hadoop-ozone-csi-0.5.0-SNAPSHOT.jar:/home/user/.m2/repository/com/google/protobuf/protobuf-java-util/3.5.1/protobuf-java-util-3.5.1.jar:/home/user/.m2/repository/org/apache/hadoop/hadoop-hdds-config/0.5.0-SNAPSHOT/hadoop-hdds-config-0.5.0-SNAPSHOT.jar:/home/user/.m2/repository/io/grpc/grpc-netty/1.17.1/grpc-netty-1.17.1.jar:/home/user/.m2/repository/io/grpc/grpc-core/1.17.1/grpc-core-1.17.1.jar:/home/user/.m2/repository/io/grpc/grpc-context/1.17.1/grpc-context-1.17.1.jar:/home/user/.m2/repository/com/google/errorprone/error_prone_annotations/2.2.0/error_prone_annotations-2.2.0.jar:/home/user/.m2/repository/org/codehaus/mojo/animal-sniffer-annotations/1.17/animal-sniffer-annotations-1.17.jar:/home/user/.m2/repository/io/opencensus/opencensus-api/0.17.0/opencensus-api-0.17.0.jar:/home/user/.m2/repository/io/opencensus/opencensus-contrib-grpc-metrics/0.17.0/opencensus-contrib-grpc-metrics-0.17.0.jar:/home/user/.m2/repository/io/netty/netty-codec-http2/4.1.30.Final/netty-codec-http2-4.1.30.Final.jar:/home/user/.m2/repository/io/netty/netty-codec-http/4.1.30.Final/netty-codec-http-4.1.30.Final.jar:/home/user/.m2/repository/io/netty/netty-codec/4.1.30.Final/netty-codec-4.1.30.Final.jar:/home/user/.m2/repository/io/netty/netty-handler/4.1.30.Final/netty-handler-4.1.30.Final.jar:/home/user/.m2/repository/io/netty/netty-handler-proxy/4.1.30.Final/netty-handler-proxy-4.1.30.Final.jar:/home/user/.m2/repository/io/netty/netty-codec-socks/4.1.30.Final/netty-codec-socks-4.1.30.Final.jar:/home/user/.m2/repository/io/netty/netty-transport-native-epoll/4.1.30.Final/netty-transport-native-epoll-4.1.30.Final.jar:/home/user/.m2/repository/io/netty/netty-common/4.1.30.Final/netty-common-4.1.30.Final.jar:/home/user/.m2/repository/io/netty/netty-buffer/4.1.30.Final/netty-buffer-4.1.30.Final.jar:/home/user/.m2/repository/io/netty/netty-transport/4.1.30.Final/netty-transport-4.1.30.Final.jar:/home/user/.m2/repository/io/netty/netty-resolver/4.1.30.Final/netty-resolver-4.1.30.Final.jar:/home/user/.m2/repository/io/netty/netty-transport-native-unix-common/4.1.30.Final/netty-transport-native-unix-common-4.1.30.Final.jar:/home/user/.m2/repository/io/grpc/grpc-protobuf/1.17.1/grpc-protobuf-1.17.1.jar:/home/user/.m2/repository/com/google/api/grpc/proto-google-common-protos/1.0.0/proto-google-common-protos-1.0.0.jar:/home/user/.m2/repository/io/grpc/grpc-protobuf-lite/1.17.1/grpc-protobuf-lite-1.17.1.jar:/home/user/.m2/repository/io/grpc/grpc-stub/1.17.1/grpc-stub-1.17.1.jar:/home/user/.m2/repository/org/apache/hadoop/hadoop-ozone-recon/0.5.0-SNAPSHOT/hadoop-ozone-recon-0.5.0-SNAPSHOT.jar:/home/user/.m2/repository/org/apache/hadoop/hadoop-ozone-reconcodegen/0.5.0-SNAPSHOT/hadoop-ozone-reconcodegen-0.5.0-SNAPSHOT.jar:/home/user/.m2/repository/com/google/inject/extensions/guice-multibindings/4.0/guice-multibindings-4.0.jar:/home/user/.m2/repository/com/google/inject/guice/4.0/guice-4.0.jar:/home/user/.m2/repository/aopalliance/aopalliance/1.0/aopalliance-1.0.jar:/home/user/.m2/repository/com/google/inject/extensions/guice-servlet/4.0/guice-servlet-4.0.jar:/home/user/.m2/repository/org/glassfish/jersey/containers/jersey-container-servlet/2.27/jersey-container-servlet-2.27.jar:/home/user/.m2/repository/org/glassfish/hk2/guice-bridge/2.5.0/guice-bridge-2.5.0.jar:/home/user/.m2/repository/org/glassfish/jersey/core/jersey-server/2.27/jersey-server-2.27.jar:/home/user/.m2/repository/org/glassfish/jersey/core/jersey-client/2.27/jersey-client-2.27.jar:/home/user/.m2/repository/org/glassfish/jersey/media/jersey-media-jaxb/2.27/jersey-media-jaxb-2.27.jar:/home/user/.m2/repository/javax/validation/validation-api/1.1.0.Final/validation-api-1.1.0.Final.jar:/home/user/.m2/repository/org/glassfish/jersey/media/jersey-media-json-jackson/2.27/jersey-media-json-jackson-2.27.jar:/home/user/.m2/repository/org/glassfish/jersey/ext/jersey-entity-filtering/2.27/jersey-entity-filtering-2.27.jar:/home/user/.m2/repository/com/google/inject/extensions/guice-assistedinject/4.0/guice-assistedinject-4.0.jar:/home/user/.m2/repository/org/jooq/jooq/3.11.10/jooq-3.11.10.jar:/home/user/.m2/repository/org/jooq/jooq-meta/3.11.10/jooq-meta-3.11.10.jar:/home/user/.m2/repository/org/jooq/jooq-codegen/3.11.10/jooq-codegen-3.11.10.jar:/home/user/.m2/repository/com/jolbox/bonecp/0.8.0.RELEASE/bonecp-0.8.0.RELEASE.jar:/home/user/.m2/repository/org/xerial/sqlite-jdbc/3.25.2/sqlite-jdbc-3.25.2.jar:/home/user/.m2/repository/org/springframework/spring-jdbc/5.1.3.RELEASE/spring-jdbc-5.1.3.RELEASE.jar:/home/user/.m2/repository/org/springframework/spring-beans/5.1.3.RELEASE/spring-beans-5.1.3.RELEASE.jar:/home/user/.m2/repository/org/springframework/spring-core/5.1.3.RELEASE/spring-core-5.1.3.RELEASE.jar:/home/user/.m2/repository/org/springframework/spring-jcl/5.1.3.RELEASE/spring-jcl-5.1.3.RELEASE.jar:/home/user/.m2/repository/org/springframework/spring-tx/5.1.3.RELEASE/spring-tx-5.1.3.RELEASE.jar:/home/user/.m2/repository/org/apache/hadoop/hadoop-ozone-client/0.5.0-SNAPSHOT/hadoop-ozone-client-0.5.0-SNAPSHOT.jar:/home/user/.m2/repository/commons-lang/commons-lang/2.6/commons-lang-2.6.jar:/home/user/.m2/repository/org/apache/hadoop/hadoop-ozone-ozone-manager/0.5.0-SNAPSHOT/hadoop-ozone-ozone-manager-0.5.0-SNAPSHOT-tests.jar:/home/user/.m2/repository/junit/junit/4.11/junit-4.11.jar:/home/user/.m2/repository/org/hamcrest/hamcrest-core/1.3/hamcrest-core-1.3.jar:/home/user/.m2/repository/org/openjdk/jmh/jmh-core/1.19/jmh-core-1.19.jar:/home/user/.m2/repository/net/sf/jopt-simple/jopt-simple/4.6/jopt-simple-4.6.jar:/home/user/.m2/repository/org/apache/commons/commons-math3/3.1.1/commons-math3-3.1.1.jar:/home/user/.m2/repository/org/openjdk/jmh/jmh-generator-annprocess/1.19/jmh-generator-annprocess-1.19.jar:/home/user/.m2/repository/org/mockito/mockito-all/1.8.5/mockito-all-1.8.5.jar:/home/user/.m2/repository/org/apache/hadoop/hadoop-kms/3.2.0/hadoop-kms-3.2.0.jar:/home/user/.m2/repository/org/apache/hadoop/hadoop-auth/3.2.0/hadoop-auth-3.2.0.jar:/home/user/.m2/repository/com/nimbusds/nimbus-jose-jwt/4.41.1/nimbus-jose-jwt-4.41.1.jar:/home/user/.m2/repository/com/github/stephenc/jcip/jcip-annotations/1.0-1/jcip-annotations-1.0-1.jar:/home/user/.m2/repository/net/minidev/json-smart/2.3/json-smart-2.3.jar:/home/user/.m2/repository/net/minidev/accessors-smart/1.2/accessors-smart-1.2.jar:/home/user/.m2/repository/org/ow2/asm/asm/5.0.4/asm-5.0.4.jar:/home/user/.m2/repository/org/apache/curator/curator-framework/2.12.0/curator-framework-2.12.0.jar:/home/user/.m2/repository/com/sun/jersey/jersey-core/1.19/jersey-core-1.19.jar:/home/user/.m2/repository/javax/ws/rs/jsr311-api/1.1.1/jsr311-api-1.1.1.jar:/home/user/.m2/repository/com/sun/jersey/jersey-server/1.19/jersey-server-1.19.jar:/home/user/.m2/repository/javax/servlet/javax.servlet-api/3.1.0/javax.servlet-api-3.1.0.jar:/home/user/.m2/repository/org/eclipse/jetty/jetty-server/9.3.25.v20180904/jetty-server-9.3.25.v20180904.jar:/home/user/.m2/repository/org/eclipse/jetty/jetty-http/9.3.25.v20180904/jetty-http-9.3.25.v20180904.jar:/home/user/.m2/repository/org/eclipse/jetty/jetty-io/9.3.25.v20180904/jetty-io-9.3.25.v20180904.jar:/home/user/.m2/repository/org/eclipse/jetty/jetty-webapp/9.3.25.v20180904/jetty-webapp-9.3.25.v20180904.jar:/home/user/.m2/repository/org/eclipse/jetty/jetty-xml/9.3.25.v20180904/jetty-xml-9.3.25.v20180904.jar:/home/user/.m2/repository/log4j/log4j/1.2.17/log4j-1.2.17.jar:/home/user/.m2/repository/org/slf4j/slf4j-api/1.7.25/slf4j-api-1.7.25.jar:/home/user/.m2/repository/org/slf4j/jul-to-slf4j/1.7.25/jul-to-slf4j-1.7.25.jar:/home/user/.m2/repository/org/eclipse/jetty/jetty-util/9.3.25.v20180904/jetty-util-9.3.25.v20180904.jar:/home/user/.m2/repository/com/fasterxml/jackson/core/jackson-databind/2.9.9/jackson-databind-2.9.9.jar:/home/user/.m2/repository/org/apache/hadoop/hadoop-kms/3.2.0/hadoop-kms-3.2.0-tests.jar:/home/user/.m2/repository/org/apache/hadoop/hadoop-hdds-server-scm/0.5.0-SNAPSHOT/hadoop-hdds-server-scm-0.5.0-SNAPSHOT-tests.jar:/home/user/.m2/repository/org/apache/hadoop/hadoop-hdds-container-service/0.5.0-SNAPSHOT/hadoop-hdds-container-service-0.5.0-SNAPSHOT-tests.jar:/home/user/.m2/repository/org/yaml/snakeyaml/1.16/snakeyaml-1.16.jar:/home/user/.m2/repository/org/apache/hadoop/hadoop-common/3.2.0/hadoop-common-3.2.0-tests.jar:/home/user/.m2/repository/org/apache/hadoop/hadoop-annotations/3.2.0/hadoop-annotations-3.2.0.jar:/usr/lib/jvm/java-1.8-openjdk/jre/../lib/tools.jar:/home/user/.m2/repository/commons-cli/commons-cli/1.2/commons-cli-1.2.jar:/home/user/.m2/repository/org/apache/httpcomponents/httpclient/4.5.2/httpclient-4.5.2.jar:/home/user/.m2/repository/org/apache/httpcomponents/httpcore/4.4.4/httpcore-4.4.4.jar:/home/user/.m2/repository/commons-codec/commons-codec/1.11/commons-codec-1.11.jar:/home/user/.m2/repository/commons-net/commons-net/3.6/commons-net-3.6.jar:/home/user/.m2/repository/commons-collections/commons-collections/3.2.2/commons-collections-3.2.2.jar:/home/user/.m2/repository/org/eclipse/jetty/jetty-servlet/9.3.25.v20180904/jetty-servlet-9.3.25.v20180904.jar:/home/user/.m2/repository/org/eclipse/jetty/jetty-security/9.3.25.v20180904/jetty-security-9.3.25.v20180904.jar:/home/user/.m2/repository/javax/servlet/jsp/jsp-api/2.1/jsp-api-2.1.jar:/home/user/.m2/repository/com/sun/jersey/jersey-servlet/1.19/jersey-servlet-1.19.jar:/home/user/.m2/repository/com/sun/jersey/jersey-json/1.19/jersey-json-1.19.jar:/home/user/.m2/repository/org/codehaus/jettison/jettison/1.1/jettison-1.1.jar:/home/user/.m2/repository/org/codehaus/jackson/jackson-core-asl/1.9.13/jackson-core-asl-1.9.13.jar:/home/user/.m2/repository/org/codehaus/jackson/jackson-mapper-asl/1.9.13/jackson-mapper-asl-1.9.13.jar:/home/user/.m2/repository/org/codehaus/jackson/jackson-jaxrs/1.9.13/jackson-jaxrs-1.9.13.jar:/home/user/.m2/repository/org/codehaus/jackson/jackson-xc/1.9.13/jackson-xc-1.9.13.jar:/home/user/.m2/repository/commons-logging/commons-logging/1.1.3/commons-logging-1.1.3.jar:/home/user/.m2/repository/commons-beanutils/commons-beanutils/1.9.4/commons-beanutils-1.9.4.jar:/home/user/.m2/repository/org/apache/commons/commons-configuration2/2.1.1/commons-configuration2-2.1.1.jar:/home/user/.m2/repository/org/apache/commons/commons-lang3/3.7/commons-lang3-3.7.jar:/home/user/.m2/repository/org/apache/commons/commons-text/1.4/commons-text-1.4.jar:/home/user/.m2/repository/org/apache/avro/avro/1.7.7/avro-1.7.7.jar:/home/user/.m2/repository/com/thoughtworks/paranamer/paranamer/2.3/paranamer-2.3.jar:/home/user/.m2/repository/org/xerial/snappy/snappy-java/1.0.5/snappy-java-1.0.5.jar:/home/user/.m2/repository/com/google/re2j/re2j/1.1/re2j-1.1.jar:/home/user/.m2/repository/com/google/code/gson/gson/2.2.4/gson-2.2.4.jar:/home/user/.m2/repository/com/jcraft/jsch/0.1.54/jsch-0.1.54.jar:/home/user/.m2/repository/org/apache/curator/curator-client/2.12.0/curator-client-2.12.0.jar:/home/user/.m2/repository/org/apache/curator/curator-recipes/2.12.0/curator-recipes-2.12.0.jar:/home/user/.m2/repository/com/google/code/findbugs/jsr305/3.0.0/jsr305-3.0.0.jar:/home/user/.m2/repository/org/apache/htrace/htrace-core4/4.1.0-incubating/htrace-core4-4.1.0-incubating.jar:/home/user/.m2/repository/org/apache/zookeeper/zookeeper/3.4.13/zookeeper-3.4.13.jar:/home/user/.m2/repository/jline/jline/0.9.94/jline-0.9.94.jar:/home/user/.m2/repository/org/apache/yetus/audience-annotations/0.5.0/audience-annotations-0.5.0.jar:/home/user/.m2/repository/org/codehaus/woodstox/stax2-api/3.1.4/stax2-api-3.1.4.jar:/home/user/.m2/repository/com/fasterxml/woodstox/woodstox-core/5.0.3/woodstox-core-5.0.3.jar:/home/user/.m2/repository/dnsjava/dnsjava/2.1.7/dnsjava-2.1.7.jar:/home/user/.m2/repository/org/apache/hadoop/hadoop-hdfs/3.2.0/hadoop-hdfs-3.2.0-tests.jar:/home/user/.m2/repository/org/eclipse/jetty/jetty-util-ajax/9.3.25.v20180904/jetty-util-ajax-9.3.25.v20180904.jar:/home/user/.m2/repository/commons-daemon/commons-daemon/1.0.13/commons-daemon-1.0.13.jar:/home/user/.m2/repository/io/netty/netty/3.10.5.Final/netty-3.10.5.Final.jar:/home/user/.m2/repository/io/netty/netty-all/4.0.52.Final/netty-all-4.0.52.Final.jar:/home/user/.m2/repository/org/fusesource/leveldbjni/leveldbjni-all/1.8/leveldbjni-all-1.8.jar:"/>
    <property name="java.vm.vendor" value="IcedTea"/>
    <property name="sun.arch.data.model" value="64"/>
    <property name="test.build.dir" value="/workdir/hadoop-ozone/integration-test/target/test-dir"/>
    <property name="test.cache.data" value=""/>
    <property name="java.vendor.url" value="https://icedtea.classpath.org"/>
    <property name="user.timezone" value=""/>
    <property name="java.vm.specification.version" value="1.8"/>
    <property name="os.name" value="Linux"/>
    <property name="test.build.data" value="/workdir/hadoop-ozone/integration-test/target/test-dir"/>
    <property name="user.country" value="US"/>
    <property name="sun.java.launcher" value="SUN_STANDARD"/>
    <property name="sun.boot.library.path" value="/usr/lib/jvm/java-1.8-openjdk/jre/lib/amd64"/>
    <property name="sun.java.command" value="/workdir/hadoop-ozone/integration-test/target/surefire/surefirebooter4797579872365271150.jar /workdir/hadoop-ozone/integration-test/target/surefire 2019-10-04T15-57-33_255-jvmRun1 surefire4938159664722031280tmp surefire_372435024159500750471tmp"/>
    <property name="test" value="!TestMiniChaosOzoneCluster"/>
    <property name="surefire.test.class.path" value="/workdir/hadoop-ozone/integration-test/target/test-classes:/workdir/hadoop-ozone/integration-test/target/classes:/home/user/.m2/repository/org/apache/hadoop/hadoop-ozone-common/0.5.0-SNAPSHOT/hadoop-ozone-common-0.5.0-SNAPSHOT.jar:/home/user/.m2/repository/org/apache/commons/commons-compress/1.4.1/commons-compress-1.4.1.jar:/home/user/.m2/repository/org/tukaani/xz/1.0/xz-1.0.jar:/home/user/.m2/repository/org/apache/hadoop/hadoop-common/3.2.0/hadoop-common-3.2.0.jar:/home/user/.m2/repository/org/apache/hadoop/hadoop-hdfs/3.2.0/hadoop-hdfs-3.2.0.jar:/home/user/.m2/repository/org/apache/hadoop/hadoop-hdfs-client/3.2.0/hadoop-hdfs-client-3.2.0.jar:/home/user/.m2/repository/com/fasterxml/jackson/core/jackson-annotations/2.9.9/jackson-annotations-2.9.9.jar:/home/user/.m2/repository/org/apache/hadoop/hadoop-hdds-common/0.5.0-SNAPSHOT/hadoop-hdds-common-0.5.0-SNAPSHOT.jar:/home/user/.m2/repository/javax/annotation/javax.annotation-api/1.2/javax.annotation-api-1.2.jar:/home/user/.m2/repository/org/apache/ratis/ratis-server/0.5.0-201fc85-SNAPSHOT/ratis-server-0.5.0-201fc85-SNAPSHOT.jar:/home/user/.m2/repository/org/apache/ratis/ratis-thirdparty-misc/0.2.0/ratis-thirdparty-misc-0.2.0.jar:/home/user/.m2/repository/org/apache/ratis/ratis-proto/0.5.0-201fc85-SNAPSHOT/ratis-proto-0.5.0-201fc85-SNAPSHOT.jar:/home/user/.m2/repository/org/apache/ratis/ratis-common/0.5.0-201fc85-SNAPSHOT/ratis-common-0.5.0-201fc85-SNAPSHOT.jar:/home/user/.m2/repository/org/apache/ratis/ratis-client/0.5.0-201fc85-SNAPSHOT/ratis-client-0.5.0-201fc85-SNAPSHOT.jar:/home/user/.m2/repository/org/apache/ratis/ratis-metrics/0.5.0-201fc85-SNAPSHOT/ratis-metrics-0.5.0-201fc85-SNAPSHOT.jar:/home/user/.m2/repository/com/github/joshelser/dropwizard-metrics-hadoop-metrics2-reporter/0.1.2/dropwizard-metrics-hadoop-metrics2-reporter-0.1.2.jar:/home/user/.m2/repository/io/dropwizard/metrics/metrics-jvm/3.2.5/metrics-jvm-3.2.5.jar:/home/user/.m2/repository/io/dropwizard/metrics/metrics-ganglia/3.2.5/metrics-ganglia-3.2.5.jar:/home/user/.m2/repository/info/ganglia/gmetric4j/gmetric4j/1.0.7/gmetric4j-1.0.7.jar:/home/user/.m2/repository/org/apache/ratis/ratis-netty/0.5.0-201fc85-SNAPSHOT/ratis-netty-0.5.0-201fc85-SNAPSHOT.jar:/home/user/.m2/repository/org/apache/ratis/ratis-grpc/0.5.0-201fc85-SNAPSHOT/ratis-grpc-0.5.0-201fc85-SNAPSHOT.jar:/home/user/.m2/repository/org/rocksdb/rocksdbjni/6.0.1/rocksdbjni-6.0.1.jar:/home/user/.m2/repository/org/apache/logging/log4j/log4j-api/2.11.0/log4j-api-2.11.0.jar:/home/user/.m2/repository/org/apache/logging/log4j/log4j-core/2.11.0/log4j-core-2.11.0.jar:/home/user/.m2/repository/com/lmax/disruptor/3.4.2/disruptor-3.4.2.jar:/home/user/.m2/repository/org/apache/commons/commons-pool2/2.6.0/commons-pool2-2.6.0.jar:/home/user/.m2/repository/org/bouncycastle/bcpkix-jdk15on/1.60/bcpkix-jdk15on-1.60.jar:/home/user/.m2/repository/commons-validator/commons-validator/1.6/commons-validator-1.6.jar:/home/user/.m2/repository/commons-digester/commons-digester/1.8.1/commons-digester-1.8.1.jar:/home/user/.m2/repository/io/jaegertracing/jaeger-client/0.34.0/jaeger-client-0.34.0.jar:/home/user/.m2/repository/io/jaegertracing/jaeger-thrift/0.34.0/jaeger-thrift-0.34.0.jar:/home/user/.m2/repository/org/apache/thrift/libthrift/0.12.0/libthrift-0.12.0.jar:/home/user/.m2/repository/com/squareup/okhttp3/okhttp/3.9.0/okhttp-3.9.0.jar:/home/user/.m2/repository/com/squareup/okio/okio/1.13.0/okio-1.13.0.jar:/home/user/.m2/repository/io/jaegertracing/jaeger-core/0.34.0/jaeger-core-0.34.0.jar:/home/user/.m2/repository/io/jaegertracing/jaeger-tracerresolver/0.34.0/jaeger-tracerresolver-0.34.0.jar:/home/user/.m2/repository/io/opentracing/contrib/opentracing-tracerresolver/0.1.5/opentracing-tracerresolver-0.1.5.jar:/home/user/.m2/repository/io/opentracing/opentracing-util/0.31.0/opentracing-util-0.31.0.jar:/home/user/.m2/repository/io/opentracing/opentracing-api/0.31.0/opentracing-api-0.31.0.jar:/home/user/.m2/repository/io/opentracing/opentracing-noop/0.31.0/opentracing-noop-0.31.0.jar:/home/user/.m2/repository/org/apache/hadoop/hadoop-hdds-server-framework/0.5.0-SNAPSHOT/hadoop-hdds-server-framework-0.5.0-SNAPSHOT.jar:/home/user/.m2/repository/org/apache/hadoop/hadoop-hdds-container-service/0.5.0-SNAPSHOT/hadoop-hdds-container-service-0.5.0-SNAPSHOT.jar:/home/user/.m2/repository/org/apache/hadoop/hadoop-hdds-client/0.5.0-SNAPSHOT/hadoop-hdds-client-0.5.0-SNAPSHOT.jar:/home/user/.m2/repository/org/apache/hadoop/hadoop-hdds-tools/0.5.0-SNAPSHOT/hadoop-hdds-tools-0.5.0-SNAPSHOT.jar:/home/user/.m2/repository/org/apache/hadoop/hadoop-hdds-server-scm/0.5.0-SNAPSHOT/hadoop-hdds-server-scm-0.5.0-SNAPSHOT.jar:/home/user/.m2/repository/org/apache/hadoop/hadoop-hdds-docs/0.5.0-SNAPSHOT/hadoop-hdds-docs-0.5.0-SNAPSHOT.jar:/home/user/.m2/repository/io/dropwizard/metrics/metrics-core/3.2.4/metrics-core-3.2.4.jar:/home/user/.m2/repository/org/hamcrest/hamcrest-all/1.3/hamcrest-all-1.3.jar:/home/user/.m2/repository/org/bouncycastle/bcprov-jdk15on/1.60/bcprov-jdk15on-1.60.jar:/home/user/.m2/repository/info/picocli/picocli/3.9.6/picocli-3.9.6.jar:/home/user/.m2/repository/com/google/protobuf/protobuf-java/2.5.0/protobuf-java-2.5.0.jar:/home/user/.m2/repository/com/google/guava/guava/11.0.2/guava-11.0.2.jar:/home/user/.m2/repository/org/apache/hadoop/hadoop-ozone-ozone-manager/0.5.0-SNAPSHOT/hadoop-ozone-ozone-manager-0.5.0-SNAPSHOT.jar:/home/user/.m2/repository/org/apache/hadoop/hadoop-minikdc/3.2.0/hadoop-minikdc-3.2.0.jar:/home/user/.m2/repository/commons-io/commons-io/2.5/commons-io-2.5.jar:/home/user/.m2/repository/org/apache/kerby/kerb-simplekdc/1.0.1/kerb-simplekdc-1.0.1.jar:/home/user/.m2/repository/org/apache/kerby/kerb-client/1.0.1/kerb-client-1.0.1.jar:/home/user/.m2/repository/org/apache/kerby/kerby-config/1.0.1/kerby-config-1.0.1.jar:/home/user/.m2/repository/org/apache/kerby/kerb-core/1.0.1/kerb-core-1.0.1.jar:/home/user/.m2/repository/org/apache/kerby/kerby-pkix/1.0.1/kerby-pkix-1.0.1.jar:/home/user/.m2/repository/org/apache/kerby/kerby-asn1/1.0.1/kerby-asn1-1.0.1.jar:/home/user/.m2/repository/org/apache/kerby/kerby-util/1.0.1/kerby-util-1.0.1.jar:/home/user/.m2/repository/org/apache/kerby/kerb-common/1.0.1/kerb-common-1.0.1.jar:/home/user/.m2/repository/org/apache/kerby/kerb-crypto/1.0.1/kerb-crypto-1.0.1.jar:/home/user/.m2/repository/org/apache/kerby/kerb-util/1.0.1/kerb-util-1.0.1.jar:/home/user/.m2/repository/org/apache/kerby/token-provider/1.0.1/token-provider-1.0.1.jar:/home/user/.m2/repository/org/apache/kerby/kerb-admin/1.0.1/kerb-admin-1.0.1.jar:/home/user/.m2/repository/org/apache/kerby/kerb-server/1.0.1/kerb-server-1.0.1.jar:/home/user/.m2/repository/org/apache/kerby/kerb-identity/1.0.1/kerb-identity-1.0.1.jar:/home/user/.m2/repository/org/apache/kerby/kerby-xdr/1.0.1/kerby-xdr-1.0.1.jar:/home/user/.m2/repository/org/slf4j/slf4j-log4j12/1.7.25/slf4j-log4j12-1.7.25.jar:/home/user/.m2/repository/org/apache/hadoop/hadoop-ozone-s3gateway/0.5.0-SNAPSHOT/hadoop-ozone-s3gateway-0.5.0-SNAPSHOT.jar:/home/user/.m2/repository/org/jboss/weld/servlet/weld-servlet/2.4.7.Final/weld-servlet-2.4.7.Final.jar:/home/user/.m2/repository/org/glassfish/jersey/containers/jersey-container-servlet-core/2.27/jersey-container-servlet-core-2.27.jar:/home/user/.m2/repository/org/glassfish/hk2/external/javax.inject/2.5.0-b42/javax.inject-2.5.0-b42.jar:/home/user/.m2/repository/org/glassfish/jersey/core/jersey-common/2.27/jersey-common-2.27.jar:/home/user/.m2/repository/org/glassfish/hk2/osgi-resource-locator/1.0.1/osgi-resource-locator-1.0.1.jar:/home/user/.m2/repository/javax/ws/rs/javax.ws.rs-api/2.1/javax.ws.rs-api-2.1.jar:/home/user/.m2/repository/org/glassfish/jersey/ext/cdi/jersey-cdi1x/2.27/jersey-cdi1x-2.27.jar:/home/user/.m2/repository/org/glassfish/jersey/inject/jersey-hk2/2.27/jersey-hk2-2.27.jar:/home/user/.m2/repository/org/glassfish/hk2/hk2-locator/2.5.0-b42/hk2-locator-2.5.0-b42.jar:/home/user/.m2/repository/org/javassist/javassist/3.22.0-CR2/javassist-3.22.0-CR2.jar:/home/user/.m2/repository/org/glassfish/hk2/hk2-api/2.5.0/hk2-api-2.5.0.jar:/home/user/.m2/repository/org/glassfish/hk2/external/jakarta.inject/2.5.0/jakarta.inject-2.5.0.jar:/home/user/.m2/repository/org/glassfish/hk2/hk2-utils/2.5.0/hk2-utils-2.5.0.jar:/home/user/.m2/repository/jakarta/annotation/jakarta.annotation-api/1.3.4/jakarta.annotation-api-1.3.4.jar:/home/user/.m2/repository/org/glassfish/hk2/external/aopalliance-repackaged/2.5.0/aopalliance-repackaged-2.5.0.jar:/home/user/.m2/repository/com/fasterxml/jackson/dataformat/jackson-dataformat-xml/2.9.0/jackson-dataformat-xml-2.9.0.jar:/home/user/.m2/repository/com/fasterxml/jackson/core/jackson-core/2.9.9/jackson-core-2.9.9.jar:/home/user/.m2/repository/com/fasterxml/jackson/module/jackson-module-jaxb-annotations/2.9.9/jackson-module-jaxb-annotations-2.9.9.jar:/home/user/.m2/repository/javax/enterprise/cdi-api/1.2/cdi-api-1.2.jar:/home/user/.m2/repository/javax/el/javax.el-api/3.0.0/javax.el-api-3.0.0.jar:/home/user/.m2/repository/javax/interceptor/javax.interceptor-api/1.2/javax.interceptor-api-1.2.jar:/home/user/.m2/repository/javax/inject/javax.inject/1/javax.inject-1.jar:/home/user/.m2/repository/com/sun/xml/bind/jaxb-impl/2.3.0.1/jaxb-impl-2.3.0.1.jar:/home/user/.m2/repository/com/sun/xml/bind/jaxb-core/2.3.0.1/jaxb-core-2.3.0.1.jar:/home/user/.m2/repository/javax/xml/bind/jaxb-api/2.3.0/jaxb-api-2.3.0.jar:/home/user/.m2/repository/javax/activation/activation/1.1.1/activation-1.1.1.jar:/home/user/.m2/repository/org/apache/hadoop/hadoop-ozone-csi/0.5.0-SNAPSHOT/hadoop-ozone-csi-0.5.0-SNAPSHOT.jar:/home/user/.m2/repository/com/google/protobuf/protobuf-java-util/3.5.1/protobuf-java-util-3.5.1.jar:/home/user/.m2/repository/org/apache/hadoop/hadoop-hdds-config/0.5.0-SNAPSHOT/hadoop-hdds-config-0.5.0-SNAPSHOT.jar:/home/user/.m2/repository/io/grpc/grpc-netty/1.17.1/grpc-netty-1.17.1.jar:/home/user/.m2/repository/io/grpc/grpc-core/1.17.1/grpc-core-1.17.1.jar:/home/user/.m2/repository/io/grpc/grpc-context/1.17.1/grpc-context-1.17.1.jar:/home/user/.m2/repository/com/google/errorprone/error_prone_annotations/2.2.0/error_prone_annotations-2.2.0.jar:/home/user/.m2/repository/org/codehaus/mojo/animal-sniffer-annotations/1.17/animal-sniffer-annotations-1.17.jar:/home/user/.m2/repository/io/opencensus/opencensus-api/0.17.0/opencensus-api-0.17.0.jar:/home/user/.m2/repository/io/opencensus/opencensus-contrib-grpc-metrics/0.17.0/opencensus-contrib-grpc-metrics-0.17.0.jar:/home/user/.m2/repository/io/netty/netty-codec-http2/4.1.30.Final/netty-codec-http2-4.1.30.Final.jar:/home/user/.m2/repository/io/netty/netty-codec-http/4.1.30.Final/netty-codec-http-4.1.30.Final.jar:/home/user/.m2/repository/io/netty/netty-codec/4.1.30.Final/netty-codec-4.1.30.Final.jar:/home/user/.m2/repository/io/netty/netty-handler/4.1.30.Final/netty-handler-4.1.30.Final.jar:/home/user/.m2/repository/io/netty/netty-handler-proxy/4.1.30.Final/netty-handler-proxy-4.1.30.Final.jar:/home/user/.m2/repository/io/netty/netty-codec-socks/4.1.30.Final/netty-codec-socks-4.1.30.Final.jar:/home/user/.m2/repository/io/netty/netty-transport-native-epoll/4.1.30.Final/netty-transport-native-epoll-4.1.30.Final.jar:/home/user/.m2/repository/io/netty/netty-common/4.1.30.Final/netty-common-4.1.30.Final.jar:/home/user/.m2/repository/io/netty/netty-buffer/4.1.30.Final/netty-buffer-4.1.30.Final.jar:/home/user/.m2/repository/io/netty/netty-transport/4.1.30.Final/netty-transport-4.1.30.Final.jar:/home/user/.m2/repository/io/netty/netty-resolver/4.1.30.Final/netty-resolver-4.1.30.Final.jar:/home/user/.m2/repository/io/netty/netty-transport-native-unix-common/4.1.30.Final/netty-transport-native-unix-common-4.1.30.Final.jar:/home/user/.m2/repository/io/grpc/grpc-protobuf/1.17.1/grpc-protobuf-1.17.1.jar:/home/user/.m2/repository/com/google/api/grpc/proto-google-common-protos/1.0.0/proto-google-common-protos-1.0.0.jar:/home/user/.m2/repository/io/grpc/grpc-protobuf-lite/1.17.1/grpc-protobuf-lite-1.17.1.jar:/home/user/.m2/repository/io/grpc/grpc-stub/1.17.1/grpc-stub-1.17.1.jar:/home/user/.m2/repository/org/apache/hadoop/hadoop-ozone-recon/0.5.0-SNAPSHOT/hadoop-ozone-recon-0.5.0-SNAPSHOT.jar:/home/user/.m2/repository/org/apache/hadoop/hadoop-ozone-reconcodegen/0.5.0-SNAPSHOT/hadoop-ozone-reconcodegen-0.5.0-SNAPSHOT.jar:/home/user/.m2/repository/com/google/inject/extensions/guice-multibindings/4.0/guice-multibindings-4.0.jar:/home/user/.m2/repository/com/google/inject/guice/4.0/guice-4.0.jar:/home/user/.m2/repository/aopalliance/aopalliance/1.0/aopalliance-1.0.jar:/home/user/.m2/repository/com/google/inject/extensions/guice-servlet/4.0/guice-servlet-4.0.jar:/home/user/.m2/repository/org/glassfish/jersey/containers/jersey-container-servlet/2.27/jersey-container-servlet-2.27.jar:/home/user/.m2/repository/org/glassfish/hk2/guice-bridge/2.5.0/guice-bridge-2.5.0.jar:/home/user/.m2/repository/org/glassfish/jersey/core/jersey-server/2.27/jersey-server-2.27.jar:/home/user/.m2/repository/org/glassfish/jersey/core/jersey-client/2.27/jersey-client-2.27.jar:/home/user/.m2/repository/org/glassfish/jersey/media/jersey-media-jaxb/2.27/jersey-media-jaxb-2.27.jar:/home/user/.m2/repository/javax/validation/validation-api/1.1.0.Final/validation-api-1.1.0.Final.jar:/home/user/.m2/repository/org/glassfish/jersey/media/jersey-media-json-jackson/2.27/jersey-media-json-jackson-2.27.jar:/home/user/.m2/repository/org/glassfish/jersey/ext/jersey-entity-filtering/2.27/jersey-entity-filtering-2.27.jar:/home/user/.m2/repository/com/google/inject/extensions/guice-assistedinject/4.0/guice-assistedinject-4.0.jar:/home/user/.m2/repository/org/jooq/jooq/3.11.10/jooq-3.11.10.jar:/home/user/.m2/repository/org/jooq/jooq-meta/3.11.10/jooq-meta-3.11.10.jar:/home/user/.m2/repository/org/jooq/jooq-codegen/3.11.10/jooq-codegen-3.11.10.jar:/home/user/.m2/repository/com/jolbox/bonecp/0.8.0.RELEASE/bonecp-0.8.0.RELEASE.jar:/home/user/.m2/repository/org/xerial/sqlite-jdbc/3.25.2/sqlite-jdbc-3.25.2.jar:/home/user/.m2/repository/org/springframework/spring-jdbc/5.1.3.RELEASE/spring-jdbc-5.1.3.RELEASE.jar:/home/user/.m2/repository/org/springframework/spring-beans/5.1.3.RELEASE/spring-beans-5.1.3.RELEASE.jar:/home/user/.m2/repository/org/springframework/spring-core/5.1.3.RELEASE/spring-core-5.1.3.RELEASE.jar:/home/user/.m2/repository/org/springframework/spring-jcl/5.1.3.RELEASE/spring-jcl-5.1.3.RELEASE.jar:/home/user/.m2/repository/org/springframework/spring-tx/5.1.3.RELEASE/spring-tx-5.1.3.RELEASE.jar:/home/user/.m2/repository/org/apache/hadoop/hadoop-ozone-client/0.5.0-SNAPSHOT/hadoop-ozone-client-0.5.0-SNAPSHOT.jar:/home/user/.m2/repository/commons-lang/commons-lang/2.6/commons-lang-2.6.jar:/home/user/.m2/repository/org/apache/hadoop/hadoop-ozone-ozone-manager/0.5.0-SNAPSHOT/hadoop-ozone-ozone-manager-0.5.0-SNAPSHOT-tests.jar:/home/user/.m2/repository/junit/junit/4.11/junit-4.11.jar:/home/user/.m2/repository/org/hamcrest/hamcrest-core/1.3/hamcrest-core-1.3.jar:/home/user/.m2/repository/org/openjdk/jmh/jmh-core/1.19/jmh-core-1.19.jar:/home/user/.m2/repository/net/sf/jopt-simple/jopt-simple/4.6/jopt-simple-4.6.jar:/home/user/.m2/repository/org/apache/commons/commons-math3/3.1.1/commons-math3-3.1.1.jar:/home/user/.m2/repository/org/openjdk/jmh/jmh-generator-annprocess/1.19/jmh-generator-annprocess-1.19.jar:/home/user/.m2/repository/org/mockito/mockito-all/1.8.5/mockito-all-1.8.5.jar:/home/user/.m2/repository/org/apache/hadoop/hadoop-kms/3.2.0/hadoop-kms-3.2.0.jar:/home/user/.m2/repository/org/apache/hadoop/hadoop-auth/3.2.0/hadoop-auth-3.2.0.jar:/home/user/.m2/repository/com/nimbusds/nimbus-jose-jwt/4.41.1/nimbus-jose-jwt-4.41.1.jar:/home/user/.m2/repository/com/github/stephenc/jcip/jcip-annotations/1.0-1/jcip-annotations-1.0-1.jar:/home/user/.m2/repository/net/minidev/json-smart/2.3/json-smart-2.3.jar:/home/user/.m2/repository/net/minidev/accessors-smart/1.2/accessors-smart-1.2.jar:/home/user/.m2/repository/org/ow2/asm/asm/5.0.4/asm-5.0.4.jar:/home/user/.m2/repository/org/apache/curator/curator-framework/2.12.0/curator-framework-2.12.0.jar:/home/user/.m2/repository/com/sun/jersey/jersey-core/1.19/jersey-core-1.19.jar:/home/user/.m2/repository/javax/ws/rs/jsr311-api/1.1.1/jsr311-api-1.1.1.jar:/home/user/.m2/repository/com/sun/jersey/jersey-server/1.19/jersey-server-1.19.jar:/home/user/.m2/repository/javax/servlet/javax.servlet-api/3.1.0/javax.servlet-api-3.1.0.jar:/home/user/.m2/repository/org/eclipse/jetty/jetty-server/9.3.25.v20180904/jetty-server-9.3.25.v20180904.jar:/home/user/.m2/repository/org/eclipse/jetty/jetty-http/9.3.25.v20180904/jetty-http-9.3.25.v20180904.jar:/home/user/.m2/repository/org/eclipse/jetty/jetty-io/9.3.25.v20180904/jetty-io-9.3.25.v20180904.jar:/home/user/.m2/repository/org/eclipse/jetty/jetty-webapp/9.3.25.v20180904/jetty-webapp-9.3.25.v20180904.jar:/home/user/.m2/repository/org/eclipse/jetty/jetty-xml/9.3.25.v20180904/jetty-xml-9.3.25.v20180904.jar:/home/user/.m2/repository/log4j/log4j/1.2.17/log4j-1.2.17.jar:/home/user/.m2/repository/org/slf4j/slf4j-api/1.7.25/slf4j-api-1.7.25.jar:/home/user/.m2/repository/org/slf4j/jul-to-slf4j/1.7.25/jul-to-slf4j-1.7.25.jar:/home/user/.m2/repository/org/eclipse/jetty/jetty-util/9.3.25.v20180904/jetty-util-9.3.25.v20180904.jar:/home/user/.m2/repository/com/fasterxml/jackson/core/jackson-databind/2.9.9/jackson-databind-2.9.9.jar:/home/user/.m2/repository/org/apache/hadoop/hadoop-kms/3.2.0/hadoop-kms-3.2.0-tests.jar:/home/user/.m2/repository/org/apache/hadoop/hadoop-hdds-server-scm/0.5.0-SNAPSHOT/hadoop-hdds-server-scm-0.5.0-SNAPSHOT-tests.jar:/home/user/.m2/repository/org/apache/hadoop/hadoop-hdds-container-service/0.5.0-SNAPSHOT/hadoop-hdds-container-service-0.5.0-SNAPSHOT-tests.jar:/home/user/.m2/repository/org/yaml/snakeyaml/1.16/snakeyaml-1.16.jar:/home/user/.m2/repository/org/apache/hadoop/hadoop-common/3.2.0/hadoop-common-3.2.0-tests.jar:/home/user/.m2/repository/org/apache/hadoop/hadoop-annotations/3.2.0/hadoop-annotations-3.2.0.jar:/usr/lib/jvm/java-1.8-openjdk/jre/../lib/tools.jar:/home/user/.m2/repository/commons-cli/commons-cli/1.2/commons-cli-1.2.jar:/home/user/.m2/repository/org/apache/httpcomponents/httpclient/4.5.2/httpclient-4.5.2.jar:/home/user/.m2/repository/org/apache/httpcomponents/httpcore/4.4.4/httpcore-4.4.4.jar:/home/user/.m2/repository/commons-codec/commons-codec/1.11/commons-codec-1.11.jar:/home/user/.m2/repository/commons-net/commons-net/3.6/commons-net-3.6.jar:/home/user/.m2/repository/commons-collections/commons-collections/3.2.2/commons-collections-3.2.2.jar:/home/user/.m2/repository/org/eclipse/jetty/jetty-servlet/9.3.25.v20180904/jetty-servlet-9.3.25.v20180904.jar:/home/user/.m2/repository/org/eclipse/jetty/jetty-security/9.3.25.v20180904/jetty-security-9.3.25.v20180904.jar:/home/user/.m2/repository/javax/servlet/jsp/jsp-api/2.1/jsp-api-2.1.jar:/home/user/.m2/repository/com/sun/jersey/jersey-servlet/1.19/jersey-servlet-1.19.jar:/home/user/.m2/repository/com/sun/jersey/jersey-json/1.19/jersey-json-1.19.jar:/home/user/.m2/repository/org/codehaus/jettison/jettison/1.1/jettison-1.1.jar:/home/user/.m2/repository/org/codehaus/jackson/jackson-core-asl/1.9.13/jackson-core-asl-1.9.13.jar:/home/user/.m2/repository/org/codehaus/jackson/jackson-mapper-asl/1.9.13/jackson-mapper-asl-1.9.13.jar:/home/user/.m2/repository/org/codehaus/jackson/jackson-jaxrs/1.9.13/jackson-jaxrs-1.9.13.jar:/home/user/.m2/repository/org/codehaus/jackson/jackson-xc/1.9.13/jackson-xc-1.9.13.jar:/home/user/.m2/repository/commons-logging/commons-logging/1.1.3/commons-logging-1.1.3.jar:/home/user/.m2/repository/commons-beanutils/commons-beanutils/1.9.4/commons-beanutils-1.9.4.jar:/home/user/.m2/repository/org/apache/commons/commons-configuration2/2.1.1/commons-configuration2-2.1.1.jar:/home/user/.m2/repository/org/apache/commons/commons-lang3/3.7/commons-lang3-3.7.jar:/home/user/.m2/repository/org/apache/commons/commons-text/1.4/commons-text-1.4.jar:/home/user/.m2/repository/org/apache/avro/avro/1.7.7/avro-1.7.7.jar:/home/user/.m2/repository/com/thoughtworks/paranamer/paranamer/2.3/paranamer-2.3.jar:/home/user/.m2/repository/org/xerial/snappy/snappy-java/1.0.5/snappy-java-1.0.5.jar:/home/user/.m2/repository/com/google/re2j/re2j/1.1/re2j-1.1.jar:/home/user/.m2/repository/com/google/code/gson/gson/2.2.4/gson-2.2.4.jar:/home/user/.m2/repository/com/jcraft/jsch/0.1.54/jsch-0.1.54.jar:/home/user/.m2/repository/org/apache/curator/curator-client/2.12.0/curator-client-2.12.0.jar:/home/user/.m2/repository/org/apache/curator/curator-recipes/2.12.0/curator-recipes-2.12.0.jar:/home/user/.m2/repository/com/google/code/findbugs/jsr305/3.0.0/jsr305-3.0.0.jar:/home/user/.m2/repository/org/apache/htrace/htrace-core4/4.1.0-incubating/htrace-core4-4.1.0-incubating.jar:/home/user/.m2/repository/org/apache/zookeeper/zookeeper/3.4.13/zookeeper-3.4.13.jar:/home/user/.m2/repository/jline/jline/0.9.94/jline-0.9.94.jar:/home/user/.m2/repository/org/apache/yetus/audience-annotations/0.5.0/audience-annotations-0.5.0.jar:/home/user/.m2/repository/org/codehaus/woodstox/stax2-api/3.1.4/stax2-api-3.1.4.jar:/home/user/.m2/repository/com/fasterxml/woodstox/woodstox-core/5.0.3/woodstox-core-5.0.3.jar:/home/user/.m2/repository/dnsjava/dnsjava/2.1.7/dnsjava-2.1.7.jar:/home/user/.m2/repository/org/apache/hadoop/hadoop-hdfs/3.2.0/hadoop-hdfs-3.2.0-tests.jar:/home/user/.m2/repository/org/eclipse/jetty/jetty-util-ajax/9.3.25.v20180904/jetty-util-ajax-9.3.25.v20180904.jar:/home/user/.m2/repository/commons-daemon/commons-daemon/1.0.13/commons-daemon-1.0.13.jar:/home/user/.m2/repository/io/netty/netty/3.10.5.Final/netty-3.10.5.Final.jar:/home/user/.m2/repository/io/netty/netty-all/4.0.52.Final/netty-all-4.0.52.Final.jar:/home/user/.m2/repository/org/fusesource/leveldbjni/leveldbjni-all/1.8/leveldbjni-all-1.8.jar:"/>
    <property name="sun.cpu.endian" value="little"/>
    <property name="user.home" value="/home/user"/>
    <property name="user.language" value="en"/>
    <property name="java.specification.vendor" value="Oracle Corporation"/>
    <property name="java.home" value="/usr/lib/jvm/java-1.8-openjdk/jre"/>
    <property name="java.security.krb5.conf" value="/workdir/hadoop-ozone/integration-test/target/test-classes/krb5.conf"/>
    <property name="basedir" value="/workdir/hadoop-ozone/integration-test"/>
    <property name="file.separator" value="/"/>
    <property name="line.separator" value="&#10;"/>
    <property name="java.vm.specification.vendor" value="Oracle Corporation"/>
    <property name="java.specification.name" value="Java Platform API Specification"/>
    <property name="java.awt.graphicsenv" value="sun.awt.X11GraphicsEnvironment"/>
    <property name="surefire.real.class.path" value="/workdir/hadoop-ozone/integration-test/target/surefire/surefirebooter4797579872365271150.jar"/>
    <property name="hadoop.log.dir" value="/workdir/hadoop-ozone/integration-test/target/log"/>
    <property name="sun.boot.class.path" value="/usr/lib/jvm/java-1.8-openjdk/jre/lib/resources.jar:/usr/lib/jvm/java-1.8-openjdk/jre/lib/rt.jar:/usr/lib/jvm/java-1.8-openjdk/jre/lib/sunrsasign.jar:/usr/lib/jvm/java-1.8-openjdk/jre/lib/jsse.jar:/usr/lib/jvm/java-1.8-openjdk/jre/lib/jce.jar:/usr/lib/jvm/java-1.8-openjdk/jre/lib/charsets.jar:/usr/lib/jvm/java-1.8-openjdk/jre/lib/jfr.jar:/usr/lib/jvm/java-1.8-openjdk/jre/classes"/>
    <property name="sun.management.compiler" value="HotSpot 64-Bit Tiered Compilers"/>
    <property name="java.runtime.version" value="1.8.0_212-b04"/>
    <property name="java.net.preferIPv4Stack" value="true"/>
    <property name="user.name" value="jenkins1000"/>
    <property name="path.separator" value=":"/>
    <property name="java.security.egd" value="file:///dev/urandom"/>
    <property name="os.version" value="3.10.0-957.12.2.el7.x86_64"/>
    <property name="java.endorsed.dirs" value="/usr/lib/jvm/java-1.8-openjdk/jre/lib/endorsed"/>
    <property name="java.runtime.name" value="OpenJDK Runtime Environment"/>
    <property name="file.encoding" value="UTF-8"/>
    <property name="java.vm.name" value="OpenJDK 64-Bit Server VM"/>
    <property name="test.build.webapps" value=""/>
    <property name="localRepository" value="/home/user/.m2/repository"/>
    <property name="java.vendor.url.bug" value="https://icedtea.classpath.org/bugzilla"/>
    <property name="java.io.tmpdir" value="/tmp"/>
    <property name="require.test.libhadoop" value=""/>
    <property name="java.version" value="1.8.0_212"/>
    <property name="user.dir" value="/workdir/hadoop-ozone/integration-test"/>
    <property name="os.arch" value="amd64"/>
    <property name="java.vm.specification.name" value="Java Virtual Machine Specification"/>
    <property name="test.build.classes" value="/workdir/hadoop-ozone/integration-test/target/test-classes"/>
    <property name="java.awt.printerjob" value="sun.print.PSPrinterJob"/>
    <property name="sun.os.patch.level" value="unknown"/>
    <property name="hadoop.tmp.dir" value="/workdir/hadoop-ozone/integration-test/target/tmp"/>
    <property name="java.library.path" value="/usr/lib/jvm/java-1.8-openjdk/jre/lib/amd64/server:/usr/lib/jvm/java-1.8-openjdk/jre/lib/amd64:/usr/lib/jvm/java-1.8-openjdk/jre/../lib/amd64:/workdir/hadoop-ozone/integration-test/target/native/target/usr/local/lib:/workdir/hadoop-ozone/integration-test/../../hadoop-common-project/hadoop-common/target/native/target/usr/local/lib:/usr/java/packages/lib/amd64:/usr/lib64:/lib64:/lib:/usr/lib"/>
    <property name="java.vm.info" value="mixed mode"/>
    <property name="java.vendor" value="IcedTea"/>
    <property name="java.vm.version" value="25.212-b04"/>
    <property name="java.ext.dirs" value="/usr/lib/jvm/java-1.8-openjdk/jre/lib/ext:/usr/java/packages/lib/ext"/>
    <property name="sun.io.unicode.encoding" value="UnicodeLittle"/>
    <property name="java.class.version" value="52.0"/>
  </properties>
  <testcase name="test2WayCommitForRetryfailure" classname="org.apache.hadoop.ozone.client.rpc.Test2WayCommitInRatis" time="33.508">
    <error message="org.apache.ratis.protocol.RaftRetryFailureException: Failed RaftClientRequest:client-4FAB3F8B15B1-&gt;56251a7d-5ee5-41f8-a90e-1231f73e3ff7@group-88B80A8F6549, cid=14, seq=2*, RW, org.apache.hadoop.hdds.scm.XceiverClientRatis$$Lambda$354/1559154670@25fd90f1 for 20 attempts with RetryLimited(maxAttempts=20, sleepTime=1000ms)" type="java.util.concurrent.ExecutionException">java.util.concurrent.ExecutionException: org.apache.ratis.protocol.RaftRetryFailureException: Failed RaftClientRequest:client-4FAB3F8B15B1->56251a7d-5ee5-41f8-a90e-1231f73e3ff7@group-88B80A8F6549, cid=14, seq=2*, RW, org.apache.hadoop.hdds.scm.XceiverClientRatis$$Lambda$354/1559154670@25fd90f1 for 20 attempts with RetryLimited(maxAttempts=20, sleepTime=1000ms)
	at java.util.concurrent.CompletableFuture.reportGet(CompletableFuture.java:357)
	at java.util.concurrent.CompletableFuture.get(CompletableFuture.java:1895)
	at org.apache.hadoop.ozone.client.rpc.Test2WayCommitInRatis.test2WayCommitForRetryfailure(Test2WayCommitInRatis.java:144)
	at sun.reflect.NativeMethodAccessorImpl.invoke0(Native Method)
	at sun.reflect.NativeMethodAccessorImpl.invoke(NativeMethodAccessorImpl.java:62)
	at sun.reflect.DelegatingMethodAccessorImpl.invoke(DelegatingMethodAccessorImpl.java:43)
	at java.lang.reflect.Method.invoke(Method.java:498)
	at org.junit.runners.model.FrameworkMethod$1.runReflectiveCall(FrameworkMethod.java:47)
	at org.junit.internal.runners.model.ReflectiveCallable.run(ReflectiveCallable.java:12)
	at org.junit.runners.model.FrameworkMethod.invokeExplosively(FrameworkMethod.java:44)
	at org.junit.internal.runners.statements.InvokeMethod.evaluate(InvokeMethod.java:17)
	at org.junit.runners.ParentRunner.runLeaf(ParentRunner.java:271)
	at org.junit.runners.BlockJUnit4ClassRunner.runChild(BlockJUnit4ClassRunner.java:70)
	at org.junit.runners.BlockJUnit4ClassRunner.runChild(BlockJUnit4ClassRunner.java:50)
	at org.junit.runners.ParentRunner$3.run(ParentRunner.java:238)
	at org.junit.runners.ParentRunner$1.schedule(ParentRunner.java:63)
	at org.junit.runners.ParentRunner.runChildren(ParentRunner.java:236)
	at org.junit.runners.ParentRunner.access$000(ParentRunner.java:53)
	at org.junit.runners.ParentRunner$2.evaluate(ParentRunner.java:229)
	at org.junit.runners.ParentRunner.run(ParentRunner.java:309)
	at org.apache.maven.surefire.junit4.JUnit4Provider.execute(JUnit4Provider.java:365)
	at org.apache.maven.surefire.junit4.JUnit4Provider.executeWithRerun(JUnit4Provider.java:273)
	at org.apache.maven.surefire.junit4.JUnit4Provider.executeTestSet(JUnit4Provider.java:238)
	at org.apache.maven.surefire.junit4.JUnit4Provider.invoke(JUnit4Provider.java:159)
	at org.apache.maven.surefire.booter.ForkedBooter.invokeProviderInSameClassLoader(ForkedBooter.java:384)
	at org.apache.maven.surefire.booter.ForkedBooter.runSuitesInProcess(ForkedBooter.java:345)
	at org.apache.maven.surefire.booter.ForkedBooter.execute(ForkedBooter.java:126)
	at org.apache.maven.surefire.booter.ForkedBooter.main(ForkedBooter.java:418)
Caused by: org.apache.ratis.protocol.RaftRetryFailureException: Failed RaftClientRequest:client-4FAB3F8B15B1->56251a7d-5ee5-41f8-a90e-1231f73e3ff7@group-88B80A8F6549, cid=14, seq=2*, RW, org.apache.hadoop.hdds.scm.XceiverClientRatis$$Lambda$354/1559154670@25fd90f1 for 20 attempts with RetryLimited(maxAttempts=20, sleepTime=1000ms)
	at org.apache.ratis.client.impl.RaftClientImpl.noMoreRetries(RaftClientImpl.java:271)
	at org.apache.ratis.client.impl.OrderedAsync.handleAsyncRetryFailure(OrderedAsync.java:138)
	at org.apache.ratis.client.impl.OrderedAsync.lambda$sendRequest$10(OrderedAsync.java:230)
	at java.util.concurrent.CompletableFuture.uniExceptionally(CompletableFuture.java:870)
	at java.util.concurrent.CompletableFuture$UniExceptionally.tryFire(CompletableFuture.java:852)
	at java.util.concurrent.CompletableFuture.postComplete(CompletableFuture.java:474)
	at java.util.concurrent.CompletableFuture.completeExceptionally(CompletableFuture.java:1977)
	at org.apache.ratis.grpc.client.GrpcClientProtocolClient$AsyncStreamObservers.completeReplyExceptionally(GrpcClientProtocolClient.java:345)
	at org.apache.ratis.grpc.client.GrpcClientProtocolClient$AsyncStreamObservers.access$000(GrpcClientProtocolClient.java:261)
	at org.apache.ratis.grpc.client.GrpcClientProtocolClient$AsyncStreamObservers$1.onError(GrpcClientProtocolClient.java:290)
	at org.apache.ratis.thirdparty.io.grpc.stub.ClientCalls$StreamObserverToCallListenerAdapter.onClose(ClientCalls.java:434)
	at org.apache.ratis.thirdparty.io.grpc.PartialForwardingClientCallListener.onClose(PartialForwardingClientCallListener.java:39)
	at org.apache.ratis.thirdparty.io.grpc.ForwardingClientCallListener.onClose(ForwardingClientCallListener.java:23)
	at org.apache.ratis.thirdparty.io.grpc.ForwardingClientCallListener$SimpleForwardingClientCallListener.onClose(ForwardingClientCallListener.java:40)
	at org.apache.ratis.thirdparty.io.grpc.internal.CensusStatsModule$StatsClientInterceptor$1$1.onClose(CensusStatsModule.java:678)
	at org.apache.ratis.thirdparty.io.grpc.PartialForwardingClientCallListener.onClose(PartialForwardingClientCallListener.java:39)
	at org.apache.ratis.thirdparty.io.grpc.ForwardingClientCallListener.onClose(ForwardingClientCallListener.java:23)
	at org.apache.ratis.thirdparty.io.grpc.ForwardingClientCallListener$SimpleForwardingClientCallListener.onClose(ForwardingClientCallListener.java:40)
	at org.apache.ratis.thirdparty.io.grpc.internal.CensusTracingModule$TracingClientInterceptor$1$1.onClose(CensusTracingModule.java:397)
	at org.apache.ratis.thirdparty.io.grpc.internal.ClientCallImpl.closeObserver(ClientCallImpl.java:459)
	at org.apache.ratis.thirdparty.io.grpc.internal.ClientCallImpl.access$300(ClientCallImpl.java:63)
	at org.apache.ratis.thirdparty.io.grpc.internal.ClientCallImpl$ClientStreamListenerImpl.close(ClientCallImpl.java:546)
	at org.apache.ratis.thirdparty.io.grpc.internal.ClientCallImpl$ClientStreamListenerImpl.access$600(ClientCallImpl.java:467)
	at org.apache.ratis.thirdparty.io.grpc.internal.ClientCallImpl$ClientStreamListenerImpl$1StreamClosed.runInContext(ClientCallImpl.java:584)
	at org.apache.ratis.thirdparty.io.grpc.internal.ContextRunnable.run(ContextRunnable.java:37)
	at org.apache.ratis.thirdparty.io.grpc.internal.SerializingExecutor.run(SerializingExecutor.java:123)
	at java.util.concurrent.ThreadPoolExecutor.runWorker(ThreadPoolExecutor.java:1149)
	at java.util.concurrent.ThreadPoolExecutor$Worker.run(ThreadPoolExecutor.java:624)
	at java.lang.Thread.run(Thread.java:748)
Caused by: java.io.IOException: org.apache.ratis.thirdparty.io.grpc.StatusRuntimeException: UNAVAILABLE: io exception
	at org.apache.ratis.grpc.GrpcUtil.unwrapException(GrpcUtil.java:76)
	at org.apache.ratis.grpc.GrpcUtil.unwrapIOException(GrpcUtil.java:128)
	at org.apache.ratis.grpc.client.GrpcClientProtocolClient$AsyncStreamObservers$1.onError(GrpcClientProtocolClient.java:289)
	... 19 more
Caused by: org.apache.ratis.thirdparty.io.grpc.StatusRuntimeException: UNAVAILABLE: io exception
	at org.apache.ratis.thirdparty.io.grpc.Status.asRuntimeException(Status.java:526)
	... 19 more
Caused by: org.apache.ratis.thirdparty.io.netty.channel.AbstractChannel$AnnotatedConnectException: Connection refused: /192.168.5.153:46734
	at sun.nio.ch.SocketChannelImpl.checkConnect(Native Method)
	at sun.nio.ch.SocketChannelImpl.finishConnect(SocketChannelImpl.java:717)
	at org.apache.ratis.thirdparty.io.netty.channel.socket.nio.NioSocketChannel.doFinishConnect(NioSocketChannel.java:327)
	at org.apache.ratis.thirdparty.io.netty.channel.nio.AbstractNioChannel$AbstractNioUnsafe.finishConnect(AbstractNioChannel.java:340)
	at org.apache.ratis.thirdparty.io.netty.channel.nio.NioEventLoop.processSelectedKey(NioEventLoop.java:632)
	at org.apache.ratis.thirdparty.io.netty.channel.nio.NioEventLoop.processSelectedKeysOptimized(NioEventLoop.java:579)
	at org.apache.ratis.thirdparty.io.netty.channel.nio.NioEventLoop.processSelectedKeys(NioEventLoop.java:496)
	at org.apache.ratis.thirdparty.io.netty.channel.nio.NioEventLoop.run(NioEventLoop.java:458)
	at org.apache.ratis.thirdparty.io.netty.util.concurrent.SingleThreadEventExecutor$5.run(SingleThreadEventExecutor.java:897)
	at org.apache.ratis.thirdparty.io.netty.util.concurrent.FastThreadLocalRunnable.run(FastThreadLocalRunnable.java:30)
	... 1 more
Caused by: java.net.ConnectException: Connection refused
	... 11 more
</error>
    <system-out><![CDATA[2019-10-04 16:47:42,096 [main] WARN  server.ServerUtils (ServerUtils.java:getScmDbDir(145)) - ozone.scm.db.dirs is not configured. We recommend adding this setting. Falling back to ozone.metadata.dirs instead.
2019-10-04 16:47:42,214 [main] WARN  server.ServerUtils (ServerUtils.java:getScmDbDir(145)) - ozone.scm.db.dirs is not configured. We recommend adding this setting. Falling back to ozone.metadata.dirs instead.
2019-10-04 16:47:42,217 [main] WARN  server.ServerUtils (ServerUtils.java:getScmDbDir(145)) - ozone.scm.db.dirs is not configured. We recommend adding this setting. Falling back to ozone.metadata.dirs instead.
2019-10-04 16:47:42,245 [main] INFO  util.log (Log.java:initialized(192)) - Logging initialized @963ms
2019-10-04 16:47:42,376 [main] INFO  db.DBStoreBuilder (DBStoreBuilder.java:addTable(117)) - using custom profile for table: deletedBlocks
2019-10-04 16:47:42,377 [main] INFO  db.DBStoreBuilder (DBStoreBuilder.java:processTables(168)) - Using default column profile:DBProfile.DISK for Table:deletedBlocks
2019-10-04 16:47:42,377 [main] INFO  db.DBStoreBuilder (DBStoreBuilder.java:addTable(117)) - using custom profile for table: validCerts
2019-10-04 16:47:42,378 [main] INFO  db.DBStoreBuilder (DBStoreBuilder.java:processTables(168)) - Using default column profile:DBProfile.DISK for Table:validCerts
2019-10-04 16:47:42,378 [main] INFO  db.DBStoreBuilder (DBStoreBuilder.java:addTable(117)) - using custom profile for table: revokedCerts
2019-10-04 16:47:42,378 [main] INFO  db.DBStoreBuilder (DBStoreBuilder.java:processTables(168)) - Using default column profile:DBProfile.DISK for Table:revokedCerts
2019-10-04 16:47:42,392 [main] INFO  db.DBStoreBuilder (DBStoreBuilder.java:addTable(117)) - using custom profile for table: default
2019-10-04 16:47:42,392 [main] INFO  db.DBStoreBuilder (DBStoreBuilder.java:processTables(174)) - Using default column profile:DBProfile.DISK for Table:default
2019-10-04 16:47:42,393 [main] INFO  db.DBStoreBuilder (DBStoreBuilder.java:getDbProfile(205)) - Using default options. DBProfile.DISK
2019-10-04 16:47:42,723 [main] INFO  net.NodeSchemaLoader (NodeSchemaLoader.java:loadSchemaFromFile(125)) - Loading file from sun.misc.CompoundEnumeration@2b71e916
2019-10-04 16:47:42,725 [main] INFO  net.NodeSchemaLoader (NodeSchemaLoader.java:loadSchema(171)) - Loading network topology layer schema file
2019-10-04 16:47:42,796 [main] WARN  server.ServerUtils (ServerUtils.java:sanitizeUserArgs(70)) - ozone.scm.stale.node.interval value = 300000 is larger than max = 100000 based on the key value of ozone.scm.heartbeat.thread.interval, reset to the max value 100000.
2019-10-04 16:47:42,798 [main] WARN  server.ServerUtils (ServerUtils.java:sanitizeUserArgs(70)) - ozone.scm.stale.node.interval value = 300000 is larger than max = 100000 based on the key value of ozone.scm.heartbeat.thread.interval, reset to the max value 100000.
2019-10-04 16:47:42,801 [main] INFO  node.SCMNodeManager (SCMNodeManager.java:<init>(116)) - Entering startup safe mode.
2019-10-04 16:47:42,877 [main] INFO  algorithms.ContainerPlacementPolicyFactory (ContainerPlacementPolicyFactory.java:getPolicy(57)) - Create container placement policy of type org.apache.hadoop.hdds.scm.container.placement.algorithms.SCMContainerPlacementRandom
2019-10-04 16:47:42,895 [main] WARN  server.ServerUtils (ServerUtils.java:getScmDbDir(145)) - ozone.scm.db.dirs is not configured. We recommend adding this setting. Falling back to ozone.metadata.dirs instead.
2019-10-04 16:47:42,974 [main] INFO  pipeline.SCMPipelineManager (SCMPipelineManager.java:initializePipelineState(132)) - No pipeline exists in current db
2019-10-04 16:47:42,978 [main] WARN  server.ServerUtils (ServerUtils.java:getScmDbDir(145)) - ozone.scm.db.dirs is not configured. We recommend adding this setting. Falling back to ozone.metadata.dirs instead.
2019-10-04 16:47:43,136 [main] WARN  events.EventQueue (EventQueue.java:fireEvent(183)) - No event handler registered for event TypedEvent{payloadType=SafeModeStatus, name='SafeModeStatus'}
2019-10-04 16:47:43,593 [main] INFO  ipc.CallQueueManager (CallQueueManager.java:<init>(84)) - Using callQueue: class java.util.concurrent.LinkedBlockingQueue, queueCapacity: 2000, scheduler: class org.apache.hadoop.ipc.DefaultRpcScheduler, ipcBackoff: false.
2019-10-04 16:47:43,623 [Socket Reader #1 for port 46339] INFO  ipc.Server (Server.java:run(1074)) - Starting Socket Reader #1 for port 46339
2019-10-04 16:47:43,812 [main] INFO  ipc.CallQueueManager (CallQueueManager.java:<init>(84)) - Using callQueue: class java.util.concurrent.LinkedBlockingQueue, queueCapacity: 2000, scheduler: class org.apache.hadoop.ipc.DefaultRpcScheduler, ipcBackoff: false.
2019-10-04 16:47:43,813 [Socket Reader #1 for port 38842] INFO  ipc.Server (Server.java:run(1074)) - Starting Socket Reader #1 for port 38842
2019-10-04 16:47:43,825 [main] INFO  ipc.CallQueueManager (CallQueueManager.java:<init>(84)) - Using callQueue: class java.util.concurrent.LinkedBlockingQueue, queueCapacity: 2000, scheduler: class org.apache.hadoop.ipc.DefaultRpcScheduler, ipcBackoff: false.
2019-10-04 16:47:43,826 [Socket Reader #1 for port 39216] INFO  ipc.Server (Server.java:run(1074)) - Starting Socket Reader #1 for port 39216
2019-10-04 16:47:43,853 [main] INFO  hdfs.DFSUtil (DFSUtil.java:httpServerTemplateForNNAndJN(1641)) - Starting Web-server for scm at: http://0.0.0.0:0
2019-10-04 16:47:44,040 [main] INFO  server.AuthenticationFilter (AuthenticationFilter.java:constructSecretProvider(240)) - Unable to initialize FileSignerSecretProvider, falling back to use random secrets.
2019-10-04 16:47:44,049 [main] WARN  http.HttpRequestLog (HttpRequestLog.java:getRequestLog(97)) - Jetty request log can only be enabled using Log4j
2019-10-04 16:47:44,057 [main] INFO  http.HttpServer2 (HttpServer2.java:addGlobalFilter(975)) - Added global filter 'safety' (class=org.apache.hadoop.http.HttpServer2$QuotingInputFilter)
2019-10-04 16:47:44,060 [main] INFO  http.HttpServer2 (HttpServer2.java:addFilter(948)) - Added filter static_user_filter (class=org.apache.hadoop.http.lib.StaticUserWebFilter$StaticUserFilter) to context scm
2019-10-04 16:47:44,061 [main] INFO  http.HttpServer2 (HttpServer2.java:addFilter(958)) - Added filter static_user_filter (class=org.apache.hadoop.http.lib.StaticUserWebFilter$StaticUserFilter) to context logs
2019-10-04 16:47:44,061 [main] INFO  http.HttpServer2 (HttpServer2.java:addFilter(958)) - Added filter static_user_filter (class=org.apache.hadoop.http.lib.StaticUserWebFilter$StaticUserFilter) to context static
2019-10-04 16:47:44,095 [main] INFO  server.StorageContainerManager (StorageContainerManager.java:start(770)) - StorageContainerLocationProtocol RPC server is listening at /0.0.0.0:39216
2019-10-04 16:47:44,170 [main] WARN  impl.MetricsConfig (MetricsConfig.java:loadFirst(134)) - Cannot locate configuration: tried hadoop-metrics2-storagecontainermanager.properties,hadoop-metrics2.properties
2019-10-04 16:47:44,185 [main] INFO  impl.MetricsSystemImpl (MetricsSystemImpl.java:startTimer(374)) - Scheduled Metric snapshot period at 10 second(s).
2019-10-04 16:47:44,185 [main] INFO  impl.MetricsSystemImpl (MetricsSystemImpl.java:start(191)) - StorageContainerManager metrics system started
2019-10-04 16:47:44,447 [main] INFO  server.SCMClientProtocolServer (SCMClientProtocolServer.java:start(159)) - RPC server for Client  is listening at /0.0.0.0:39216
2019-10-04 16:47:44,447 [IPC Server Responder] INFO  ipc.Server (Server.java:run(1314)) - IPC Server Responder: starting
2019-10-04 16:47:44,448 [IPC Server listener on 39216] INFO  ipc.Server (Server.java:run(1153)) - IPC Server listener on 39216: starting
2019-10-04 16:47:44,450 [main] INFO  server.StorageContainerManager (StorageContainerManager.java:start(780)) - ScmBlockLocationProtocol RPC server is listening at /0.0.0.0:38842
2019-10-04 16:47:44,451 [main] INFO  server.SCMBlockProtocolServer (SCMBlockProtocolServer.java:start(146)) - RPC server for Block Protocol is listening at /0.0.0.0:38842
2019-10-04 16:47:44,452 [IPC Server Responder] INFO  ipc.Server (Server.java:run(1314)) - IPC Server Responder: starting
2019-10-04 16:47:44,452 [IPC Server listener on 38842] INFO  ipc.Server (Server.java:run(1153)) - IPC Server listener on 38842: starting
2019-10-04 16:47:44,454 [main] INFO  server.StorageContainerManager (StorageContainerManager.java:start(784)) - ScmDatanodeProtocl RPC server is listening at /0.0.0.0:46339
2019-10-04 16:47:44,454 [main] INFO  server.SCMDatanodeProtocolServer (SCMDatanodeProtocolServer.java:start(169)) - RPC server for DataNodes is listening at /0.0.0.0:46339
2019-10-04 16:47:44,455 [IPC Server Responder] INFO  ipc.Server (Server.java:run(1314)) - IPC Server Responder: starting
2019-10-04 16:47:44,455 [IPC Server listener on 46339] INFO  ipc.Server (Server.java:run(1153)) - IPC Server listener on 46339: starting
2019-10-04 16:47:44,459 [main] INFO  http.HttpServer2 (HttpServer2.java:bindListener(1191)) - Jetty bound to port 36991
2019-10-04 16:47:44,461 [main] INFO  server.Server (Server.java:doStart(351)) - jetty-9.3.25.v20180904, build timestamp: 2018-09-04T21:11:46Z, git hash: 3ce520221d0240229c862b122d2b06c12a625732
2019-10-04 16:47:44,500 [main] INFO  handler.ContextHandler (ContextHandler.java:doStart(781)) - Started o.e.j.s.ServletContextHandler@340da44c{/logs,file:///workdir/hadoop-ozone/integration-test/target/log,AVAILABLE}
2019-10-04 16:47:44,500 [main] INFO  handler.ContextHandler (ContextHandler.java:doStart(781)) - Started o.e.j.s.ServletContextHandler@37052337{/static,file:///workdir/hadoop-ozone/integration-test/target/test-classes/webapps/static,AVAILABLE}
2019-10-04 16:47:44,535 [main] INFO  handler.ContextHandler (ContextHandler.java:doStart(781)) - Started o.e.j.w.WebAppContext@3b366632{/,file:///workdir/hadoop-ozone/integration-test/target/test-classes/webapps/scm/,AVAILABLE}{/scm}
2019-10-04 16:47:44,541 [main] INFO  server.AbstractConnector (AbstractConnector.java:doStart(278)) - Started ServerConnector@6815c5f2{HTTP/1.1,[http/1.1]}{0.0.0.0:36991}
2019-10-04 16:47:44,541 [main] INFO  server.Server (Server.java:doStart(419)) - Started @3260ms
2019-10-04 16:47:44,543 [main] INFO  impl.MetricsSinkAdapter (MetricsSinkAdapter.java:start(204)) - Sink prometheus started
2019-10-04 16:47:44,543 [main] INFO  impl.MetricsSystemImpl (MetricsSystemImpl.java:registerSink(301)) - Registered sink prometheus
2019-10-04 16:47:44,545 [main] INFO  server.BaseHttpServer (BaseHttpServer.java:updateConnectorAddress(215)) - HTTP server of SCM is listening at http://0.0.0.0:36991
2019-10-04 16:47:44,550 [org.apache.hadoop.util.JvmPauseMonitor$Monitor@4263b080] INFO  util.JvmPauseMonitor (JvmPauseMonitor.java:run(188)) - Starting JVM pause monitor
2019-10-04 16:47:44,553 [main] WARN  server.ServerUtils (ServerUtils.java:getDBPath(222)) - ozone.om.db.dirs is not configured. We recommend adding this setting. Falling back to ozone.metadata.dirs instead.
2019-10-04 16:47:44,659 [main] INFO  ha.OMHANodeDetails (OMHANodeDetails.java:loadOMHAConfig(190)) - Configuration either no ozone.om.address set. Falling back to the default OM address /127.0.0.1:0
2019-10-04 16:47:44,659 [main] INFO  ha.OMHANodeDetails (OMHANodeDetails.java:getOMNodeDetails(220)) - OM Service ID is not set. Setting it to the default ID: omServiceIdDefault
2019-10-04 16:47:44,661 [main] WARN  server.ServerUtils (ServerUtils.java:getDBPath(222)) - ozone.om.db.dirs is not configured. We recommend adding this setting. Falling back to ozone.metadata.dirs instead.
2019-10-04 16:47:44,661 [main] WARN  server.ServerUtils (ServerUtils.java:getDBPath(222)) - ozone.om.db.dirs is not configured. We recommend adding this setting. Falling back to ozone.metadata.dirs instead.
2019-10-04 16:47:45,458 [main] WARN  server.ServerUtils (ServerUtils.java:getDBPath(222)) - ozone.om.db.dirs is not configured. We recommend adding this setting. Falling back to ozone.metadata.dirs instead.
2019-10-04 16:47:45,467 [main] INFO  db.DBStoreBuilder (DBStoreBuilder.java:addTable(117)) - using custom profile for table: userTable
2019-10-04 16:47:45,467 [main] INFO  db.DBStoreBuilder (DBStoreBuilder.java:processTables(168)) - Using default column profile:DBProfile.DISK for Table:userTable
2019-10-04 16:47:45,467 [main] INFO  db.DBStoreBuilder (DBStoreBuilder.java:addTable(117)) - using custom profile for table: volumeTable
2019-10-04 16:47:45,468 [main] INFO  db.DBStoreBuilder (DBStoreBuilder.java:processTables(168)) - Using default column profile:DBProfile.DISK for Table:volumeTable
2019-10-04 16:47:45,468 [main] INFO  db.DBStoreBuilder (DBStoreBuilder.java:addTable(117)) - using custom profile for table: bucketTable
2019-10-04 16:47:45,468 [main] INFO  db.DBStoreBuilder (DBStoreBuilder.java:processTables(168)) - Using default column profile:DBProfile.DISK for Table:bucketTable
2019-10-04 16:47:45,468 [main] INFO  db.DBStoreBuilder (DBStoreBuilder.java:addTable(117)) - using custom profile for table: keyTable
2019-10-04 16:47:45,469 [main] INFO  db.DBStoreBuilder (DBStoreBuilder.java:processTables(168)) - Using default column profile:DBProfile.DISK for Table:keyTable
2019-10-04 16:47:45,469 [main] INFO  db.DBStoreBuilder (DBStoreBuilder.java:addTable(117)) - using custom profile for table: deletedTable
2019-10-04 16:47:45,469 [main] INFO  db.DBStoreBuilder (DBStoreBuilder.java:processTables(168)) - Using default column profile:DBProfile.DISK for Table:deletedTable
2019-10-04 16:47:45,469 [main] INFO  db.DBStoreBuilder (DBStoreBuilder.java:addTable(117)) - using custom profile for table: openKeyTable
2019-10-04 16:47:45,470 [main] INFO  db.DBStoreBuilder (DBStoreBuilder.java:processTables(168)) - Using default column profile:DBProfile.DISK for Table:openKeyTable
2019-10-04 16:47:45,470 [main] INFO  db.DBStoreBuilder (DBStoreBuilder.java:addTable(117)) - using custom profile for table: s3Table
2019-10-04 16:47:45,470 [main] INFO  db.DBStoreBuilder (DBStoreBuilder.java:processTables(168)) - Using default column profile:DBProfile.DISK for Table:s3Table
2019-10-04 16:47:45,470 [main] INFO  db.DBStoreBuilder (DBStoreBuilder.java:addTable(117)) - using custom profile for table: multipartInfoTable
2019-10-04 16:47:45,471 [main] INFO  db.DBStoreBuilder (DBStoreBuilder.java:processTables(168)) - Using default column profile:DBProfile.DISK for Table:multipartInfoTable
2019-10-04 16:47:45,471 [main] INFO  db.DBStoreBuilder (DBStoreBuilder.java:addTable(117)) - using custom profile for table: dTokenTable
2019-10-04 16:47:45,471 [main] INFO  db.DBStoreBuilder (DBStoreBuilder.java:processTables(168)) - Using default column profile:DBProfile.DISK for Table:dTokenTable
2019-10-04 16:47:45,472 [main] INFO  db.DBStoreBuilder (DBStoreBuilder.java:addTable(117)) - using custom profile for table: s3SecretTable
2019-10-04 16:47:45,472 [main] INFO  db.DBStoreBuilder (DBStoreBuilder.java:processTables(168)) - Using default column profile:DBProfile.DISK for Table:s3SecretTable
2019-10-04 16:47:45,472 [main] INFO  db.DBStoreBuilder (DBStoreBuilder.java:addTable(117)) - using custom profile for table: prefixTable
2019-10-04 16:47:45,472 [main] INFO  db.DBStoreBuilder (DBStoreBuilder.java:processTables(168)) - Using default column profile:DBProfile.DISK for Table:prefixTable
2019-10-04 16:47:45,473 [main] INFO  db.DBStoreBuilder (DBStoreBuilder.java:addTable(117)) - using custom profile for table: default
2019-10-04 16:47:45,473 [main] INFO  db.DBStoreBuilder (DBStoreBuilder.java:processTables(174)) - Using default column profile:DBProfile.DISK for Table:default
2019-10-04 16:47:45,473 [main] INFO  db.DBStoreBuilder (DBStoreBuilder.java:getDbProfile(205)) - Using default options. DBProfile.DISK
2019-10-04 16:47:46,062 [main] INFO  ipc.CallQueueManager (CallQueueManager.java:<init>(84)) - Using callQueue: class java.util.concurrent.LinkedBlockingQueue, queueCapacity: 2000, scheduler: class org.apache.hadoop.ipc.DefaultRpcScheduler, ipcBackoff: false.
2019-10-04 16:47:46,063 [Socket Reader #1 for port 39711] INFO  ipc.Server (Server.java:run(1074)) - Starting Socket Reader #1 for port 39711
2019-10-04 16:47:46,085 [main] INFO  om.OzoneManager (OzoneManager.java:start(1069)) - OzoneManager RPC server is listening at localhost/127.0.0.1:39711
2019-10-04 16:47:46,085 [main] INFO  impl.MetricsSystemImpl (MetricsSystemImpl.java:init(158)) - OzoneManager metrics system started (again)
2019-10-04 16:47:46,087 [IPC Server Responder] INFO  ipc.Server (Server.java:run(1314)) - IPC Server Responder: starting
2019-10-04 16:47:46,087 [IPC Server listener on 39711] INFO  ipc.Server (Server.java:run(1153)) - IPC Server listener on 39711: starting
2019-10-04 16:47:46,092 [main] INFO  hdfs.DFSUtil (DFSUtil.java:httpServerTemplateForNNAndJN(1641)) - Starting Web-server for ozoneManager at: http://0.0.0.0:0
2019-10-04 16:47:46,095 [main] INFO  server.AuthenticationFilter (AuthenticationFilter.java:constructSecretProvider(240)) - Unable to initialize FileSignerSecretProvider, falling back to use random secrets.
2019-10-04 16:47:46,096 [main] WARN  http.HttpRequestLog (HttpRequestLog.java:getRequestLog(97)) - Jetty request log can only be enabled using Log4j
2019-10-04 16:47:46,100 [main] INFO  http.HttpServer2 (HttpServer2.java:addGlobalFilter(975)) - Added global filter 'safety' (class=org.apache.hadoop.http.HttpServer2$QuotingInputFilter)
2019-10-04 16:47:46,101 [main] INFO  http.HttpServer2 (HttpServer2.java:addFilter(948)) - Added filter static_user_filter (class=org.apache.hadoop.http.lib.StaticUserWebFilter$StaticUserFilter) to context ozoneManager
2019-10-04 16:47:46,102 [main] INFO  http.HttpServer2 (HttpServer2.java:addFilter(958)) - Added filter static_user_filter (class=org.apache.hadoop.http.lib.StaticUserWebFilter$StaticUserFilter) to context static
2019-10-04 16:47:46,102 [main] INFO  http.HttpServer2 (HttpServer2.java:addFilter(958)) - Added filter static_user_filter (class=org.apache.hadoop.http.lib.StaticUserWebFilter$StaticUserFilter) to context logs
2019-10-04 16:47:46,106 [main] INFO  http.HttpServer2 (HttpServer2.java:bindListener(1191)) - Jetty bound to port 34654
2019-10-04 16:47:46,106 [main] INFO  server.Server (Server.java:doStart(351)) - jetty-9.3.25.v20180904, build timestamp: 2018-09-04T21:11:46Z, git hash: 3ce520221d0240229c862b122d2b06c12a625732
2019-10-04 16:47:46,109 [main] INFO  handler.ContextHandler (ContextHandler.java:doStart(781)) - Started o.e.j.s.ServletContextHandler@3adbe50f{/logs,file:///workdir/hadoop-ozone/integration-test/target/log,AVAILABLE}
2019-10-04 16:47:46,110 [main] INFO  handler.ContextHandler (ContextHandler.java:doStart(781)) - Started o.e.j.s.ServletContextHandler@49aa766b{/static,file:///workdir/hadoop-ozone/integration-test/target/test-classes/webapps/static,AVAILABLE}
2019-10-04 16:47:46,117 [main] INFO  handler.ContextHandler (ContextHandler.java:doStart(781)) - Started o.e.j.w.WebAppContext@393881f0{/,file:///workdir/hadoop-ozone/integration-test/target/test-classes/webapps/ozoneManager/,AVAILABLE}{/ozoneManager}
2019-10-04 16:47:46,119 [main] INFO  server.AbstractConnector (AbstractConnector.java:doStart(278)) - Started ServerConnector@4af46df3{HTTP/1.1,[http/1.1]}{0.0.0.0:34654}
2019-10-04 16:47:46,119 [main] INFO  server.Server (Server.java:doStart(419)) - Started @4838ms
2019-10-04 16:47:46,120 [main] WARN  impl.MetricsSystemImpl (MetricsSystemImpl.java:register(276)) - Sink prometheus already exists!
2019-10-04 16:47:46,121 [main] INFO  server.BaseHttpServer (BaseHttpServer.java:updateConnectorAddress(215)) - HTTP server of OZONEMANAGER is listening at http://0.0.0.0:34654
2019-10-04 16:47:46,433 [main] INFO  impl.MetricsSystemImpl (MetricsSystemImpl.java:init(158)) - HddsDatanode metrics system started (again)
2019-10-04 16:47:46,483 [main] INFO  ozone.HddsDatanodeService (HddsDatanodeService.java:start(184)) - HddsDatanodeService host:pr-hdds-2250-qhw8f-1617406954 ip:192.168.5.153
2019-10-04 16:47:46,516 [main] INFO  volume.HddsVolume (HddsVolume.java:<init>(176)) - Creating Volume: /workdir/hadoop-ozone/integration-test/target/test-dir/MiniOzoneClusterImpl-a6663ea6-7428-4603-a828-442114a87559/datanode-0/data/containers/hdds of  storage type : DISK and capacity : 1482555576320
2019-10-04 16:47:46,518 [main] INFO  volume.VolumeSet (VolumeSet.java:initializeVolumeSet(170)) - Added Volume : /workdir/hadoop-ozone/integration-test/target/test-dir/MiniOzoneClusterImpl-a6663ea6-7428-4603-a828-442114a87559/datanode-0/data/containers/hdds to VolumeSet
2019-10-04 16:47:46,521 [main] INFO  volume.ThrottledAsyncChecker (ThrottledAsyncChecker.java:schedule(139)) - Scheduling a check for org.apache.hadoop.ozone.container.common.volume.HddsVolume@408b87aa
2019-10-04 16:47:46,539 [main] INFO  volume.HddsVolumeChecker (HddsVolumeChecker.java:checkAllVolumes(202)) - Scheduled health check for volume org.apache.hadoop.ozone.container.common.volume.HddsVolume@408b87aa
2019-10-04 16:47:46,660 [main] INFO  impl.RaftServerProxy (ConfUtils.java:logGet(43)) - raft.rpc.type = GRPC (default)
2019-10-04 16:47:46,732 [main] INFO  grpc.GrpcFactory (GrpcFactory.java:checkPooledByteBufAllocatorUseCacheForAllThreads(45)) - PERFORMANCE WARNING: useCacheForAllThreads is true that may cause Netty to create a lot garbage objects and, as a result, trigger GC.
	It is recommended to disable useCacheForAllThreads by setting -Dorg.apache.ratis.thirdparty.io.netty.allocator.useCacheForAllThreads=false in command line.
2019-10-04 16:47:46,737 [main] INFO  grpc.GrpcConfigKeys$Server (ConfUtils.java:logGet(43)) - raft.grpc.server.port = 0 (default)
2019-10-04 16:47:46,738 [main] INFO  server.GrpcService (ConfUtils.java:logGet(43)) - raft.grpc.message.size.max = 33570816 (custom)
2019-10-04 16:47:46,739 [main] INFO  server.RaftServerConfigKeys (ConfUtils.java:logGet(43)) - raft.server.log.appender.buffer.byte-limit = 33554432 (custom)
2019-10-04 16:47:46,740 [main] INFO  server.GrpcService (ConfUtils.java:logGet(43)) - raft.grpc.flow.control.window = 1MB (=1048576) (default)
2019-10-04 16:47:46,741 [main] INFO  server.RaftServerConfigKeys (ConfUtils.java:logGet(43)) - raft.server.rpc.request.timeout = 3000ms (default)
2019-10-04 16:47:46,911 [main] INFO  server.RaftServerConfigKeys (ConfUtils.java:logGet(43)) - raft.server.storage.dir = [/workdir/hadoop-ozone/integration-test/target/test-dir/MiniOzoneClusterImpl-a6663ea6-7428-4603-a828-442114a87559/datanode-0/data/ratis] (custom)
2019-10-04 16:47:46,963 [main] INFO  hdfs.DFSUtil (DFSUtil.java:httpServerTemplateForNNAndJN(1641)) - Starting Web-server for hddsDatanode at: http://0.0.0.0:0
2019-10-04 16:47:46,966 [main] INFO  server.AuthenticationFilter (AuthenticationFilter.java:constructSecretProvider(240)) - Unable to initialize FileSignerSecretProvider, falling back to use random secrets.
2019-10-04 16:47:46,967 [main] WARN  http.HttpRequestLog (HttpRequestLog.java:getRequestLog(97)) - Jetty request log can only be enabled using Log4j
2019-10-04 16:47:46,970 [main] INFO  http.HttpServer2 (HttpServer2.java:addGlobalFilter(975)) - Added global filter 'safety' (class=org.apache.hadoop.http.HttpServer2$QuotingInputFilter)
2019-10-04 16:47:46,971 [main] INFO  http.HttpServer2 (HttpServer2.java:addFilter(948)) - Added filter static_user_filter (class=org.apache.hadoop.http.lib.StaticUserWebFilter$StaticUserFilter) to context hddsDatanode
2019-10-04 16:47:46,972 [main] INFO  http.HttpServer2 (HttpServer2.java:addFilter(958)) - Added filter static_user_filter (class=org.apache.hadoop.http.lib.StaticUserWebFilter$StaticUserFilter) to context logs
2019-10-04 16:47:46,972 [main] INFO  http.HttpServer2 (HttpServer2.java:addFilter(958)) - Added filter static_user_filter (class=org.apache.hadoop.http.lib.StaticUserWebFilter$StaticUserFilter) to context static
2019-10-04 16:47:46,974 [main] INFO  http.HttpServer2 (HttpServer2.java:bindListener(1191)) - Jetty bound to port 42654
2019-10-04 16:47:46,974 [main] INFO  server.Server (Server.java:doStart(351)) - jetty-9.3.25.v20180904, build timestamp: 2018-09-04T21:11:46Z, git hash: 3ce520221d0240229c862b122d2b06c12a625732
2019-10-04 16:47:46,978 [main] INFO  handler.ContextHandler (ContextHandler.java:doStart(781)) - Started o.e.j.s.ServletContextHandler@9596ce8{/logs,file:///workdir/hadoop-ozone/integration-test/target/log,AVAILABLE}
2019-10-04 16:47:46,979 [main] INFO  handler.ContextHandler (ContextHandler.java:doStart(781)) - Started o.e.j.s.ServletContextHandler@70228253{/static,jar:file:/home/user/.m2/repository/org/apache/hadoop/hadoop-hdds-container-service/0.5.0-SNAPSHOT/hadoop-hdds-container-service-0.5.0-SNAPSHOT.jar!/webapps/static,AVAILABLE}
2019-10-04 16:47:47,028 [main] INFO  handler.ContextHandler (ContextHandler.java:doStart(781)) - Started o.e.j.w.WebAppContext@68a4dcc6{/,file:///tmp/jetty-0.0.0.0-42654-hddsDatanode-_-any-3425540476883767477.dir/webapp/,AVAILABLE}{/hddsDatanode}
2019-10-04 16:47:47,029 [main] INFO  server.AbstractConnector (AbstractConnector.java:doStart(278)) - Started ServerConnector@646c0a67{HTTP/1.1,[http/1.1]}{0.0.0.0:42654}
2019-10-04 16:47:47,030 [main] INFO  server.Server (Server.java:doStart(419)) - Started @5748ms
2019-10-04 16:47:47,031 [main] WARN  impl.MetricsSystemImpl (MetricsSystemImpl.java:register(276)) - Sink prometheus already exists!
2019-10-04 16:47:47,031 [main] INFO  server.BaseHttpServer (BaseHttpServer.java:updateConnectorAddress(215)) - HTTP server of HDDSDATANODE is listening at http://0.0.0.0:42654
2019-10-04 16:47:47,032 [main] INFO  impl.MetricsSystemImpl (MetricsSystemImpl.java:init(158)) - HddsDatanode metrics system started (again)
2019-10-04 16:47:47,036 [main] INFO  ozone.HddsDatanodeService (HddsDatanodeService.java:start(184)) - HddsDatanodeService host:pr-hdds-2250-qhw8f-1617406954 ip:192.168.5.153
2019-10-04 16:47:47,038 [org.apache.hadoop.util.JvmPauseMonitor$Monitor@79bf3ee6] INFO  util.JvmPauseMonitor (JvmPauseMonitor.java:run(188)) - Starting JVM pause monitor
2019-10-04 16:47:47,047 [main] INFO  volume.HddsVolume (HddsVolume.java:<init>(176)) - Creating Volume: /workdir/hadoop-ozone/integration-test/target/test-dir/MiniOzoneClusterImpl-a6663ea6-7428-4603-a828-442114a87559/datanode-1/data/containers/hdds of  storage type : DISK and capacity : 1482555576320
2019-10-04 16:47:47,048 [main] INFO  volume.VolumeSet (VolumeSet.java:initializeVolumeSet(170)) - Added Volume : /workdir/hadoop-ozone/integration-test/target/test-dir/MiniOzoneClusterImpl-a6663ea6-7428-4603-a828-442114a87559/datanode-1/data/containers/hdds to VolumeSet
2019-10-04 16:47:47,048 [main] INFO  volume.ThrottledAsyncChecker (ThrottledAsyncChecker.java:schedule(139)) - Scheduling a check for org.apache.hadoop.ozone.container.common.volume.HddsVolume@18d910b3
2019-10-04 16:47:47,049 [main] INFO  volume.HddsVolumeChecker (HddsVolumeChecker.java:checkAllVolumes(202)) - Scheduled health check for volume org.apache.hadoop.ozone.container.common.volume.HddsVolume@18d910b3
2019-10-04 16:47:47,072 [main] INFO  impl.RaftServerProxy (ConfUtils.java:logGet(43)) - raft.rpc.type = GRPC (default)
2019-10-04 16:47:47,072 [main] INFO  grpc.GrpcFactory (GrpcFactory.java:checkPooledByteBufAllocatorUseCacheForAllThreads(45)) - PERFORMANCE WARNING: useCacheForAllThreads is true that may cause Netty to create a lot garbage objects and, as a result, trigger GC.
	It is recommended to disable useCacheForAllThreads by setting -Dorg.apache.ratis.thirdparty.io.netty.allocator.useCacheForAllThreads=false in command line.
2019-10-04 16:47:47,073 [main] INFO  grpc.GrpcConfigKeys$Server (ConfUtils.java:logGet(43)) - raft.grpc.server.port = 0 (default)
2019-10-04 16:47:47,073 [main] INFO  server.GrpcService (ConfUtils.java:logGet(43)) - raft.grpc.message.size.max = 33570816 (custom)
2019-10-04 16:47:47,074 [main] INFO  server.RaftServerConfigKeys (ConfUtils.java:logGet(43)) - raft.server.log.appender.buffer.byte-limit = 33554432 (custom)
2019-10-04 16:47:47,074 [main] INFO  server.GrpcService (ConfUtils.java:logGet(43)) - raft.grpc.flow.control.window = 1MB (=1048576) (default)
2019-10-04 16:47:47,075 [main] INFO  server.RaftServerConfigKeys (ConfUtils.java:logGet(43)) - raft.server.rpc.request.timeout = 3000ms (default)
2019-10-04 16:47:47,075 [main] INFO  server.RaftServerConfigKeys (ConfUtils.java:logGet(43)) - raft.server.storage.dir = [/workdir/hadoop-ozone/integration-test/target/test-dir/MiniOzoneClusterImpl-a6663ea6-7428-4603-a828-442114a87559/datanode-1/data/ratis] (custom)
2019-10-04 16:47:47,078 [main] INFO  hdfs.DFSUtil (DFSUtil.java:httpServerTemplateForNNAndJN(1641)) - Starting Web-server for hddsDatanode at: http://0.0.0.0:0
2019-10-04 16:47:47,080 [main] INFO  server.AuthenticationFilter (AuthenticationFilter.java:constructSecretProvider(240)) - Unable to initialize FileSignerSecretProvider, falling back to use random secrets.
2019-10-04 16:47:47,081 [main] WARN  http.HttpRequestLog (HttpRequestLog.java:getRequestLog(97)) - Jetty request log can only be enabled using Log4j
2019-10-04 16:47:47,083 [main] INFO  http.HttpServer2 (HttpServer2.java:addGlobalFilter(975)) - Added global filter 'safety' (class=org.apache.hadoop.http.HttpServer2$QuotingInputFilter)
2019-10-04 16:47:47,084 [main] INFO  http.HttpServer2 (HttpServer2.java:addFilter(948)) - Added filter static_user_filter (class=org.apache.hadoop.http.lib.StaticUserWebFilter$StaticUserFilter) to context hddsDatanode
2019-10-04 16:47:47,084 [main] INFO  http.HttpServer2 (HttpServer2.java:addFilter(958)) - Added filter static_user_filter (class=org.apache.hadoop.http.lib.StaticUserWebFilter$StaticUserFilter) to context logs
2019-10-04 16:47:47,084 [main] INFO  http.HttpServer2 (HttpServer2.java:addFilter(958)) - Added filter static_user_filter (class=org.apache.hadoop.http.lib.StaticUserWebFilter$StaticUserFilter) to context static
2019-10-04 16:47:47,085 [main] INFO  http.HttpServer2 (HttpServer2.java:bindListener(1191)) - Jetty bound to port 46157
2019-10-04 16:47:47,085 [main] INFO  server.Server (Server.java:doStart(351)) - jetty-9.3.25.v20180904, build timestamp: 2018-09-04T21:11:46Z, git hash: 3ce520221d0240229c862b122d2b06c12a625732
2019-10-04 16:47:47,090 [main] INFO  handler.ContextHandler (ContextHandler.java:doStart(781)) - Started o.e.j.s.ServletContextHandler@56a4f272{/logs,file:///workdir/hadoop-ozone/integration-test/target/log,AVAILABLE}
2019-10-04 16:47:47,091 [main] INFO  handler.ContextHandler (ContextHandler.java:doStart(781)) - Started o.e.j.s.ServletContextHandler@79b84841{/static,jar:file:/home/user/.m2/repository/org/apache/hadoop/hadoop-hdds-container-service/0.5.0-SNAPSHOT/hadoop-hdds-container-service-0.5.0-SNAPSHOT.jar!/webapps/static,AVAILABLE}
2019-10-04 16:47:47,128 [main] INFO  handler.ContextHandler (ContextHandler.java:doStart(781)) - Started o.e.j.w.WebAppContext@467b684d{/,file:///tmp/jetty-0.0.0.0-46157-hddsDatanode-_-any-1949999278170028562.dir/webapp/,AVAILABLE}{/hddsDatanode}
2019-10-04 16:47:47,128 [main] INFO  server.AbstractConnector (AbstractConnector.java:doStart(278)) - Started ServerConnector@7baf1f5a{HTTP/1.1,[http/1.1]}{0.0.0.0:46157}
2019-10-04 16:47:47,129 [main] INFO  server.Server (Server.java:doStart(419)) - Started @5848ms
2019-10-04 16:47:47,131 [main] WARN  impl.MetricsSystemImpl (MetricsSystemImpl.java:register(276)) - Sink prometheus already exists!
2019-10-04 16:47:47,132 [main] INFO  server.BaseHttpServer (BaseHttpServer.java:updateConnectorAddress(215)) - HTTP server of HDDSDATANODE is listening at http://0.0.0.0:46157
2019-10-04 16:47:47,132 [main] INFO  impl.MetricsSystemImpl (MetricsSystemImpl.java:init(158)) - HddsDatanode metrics system started (again)
2019-10-04 16:47:47,135 [main] INFO  ozone.HddsDatanodeService (HddsDatanodeService.java:start(184)) - HddsDatanodeService host:pr-hdds-2250-qhw8f-1617406954 ip:192.168.5.153
2019-10-04 16:47:47,135 [org.apache.hadoop.util.JvmPauseMonitor$Monitor@1135a4cd] INFO  util.JvmPauseMonitor (JvmPauseMonitor.java:run(188)) - Starting JVM pause monitor
2019-10-04 16:47:47,144 [main] INFO  volume.HddsVolume (HddsVolume.java:<init>(176)) - Creating Volume: /workdir/hadoop-ozone/integration-test/target/test-dir/MiniOzoneClusterImpl-a6663ea6-7428-4603-a828-442114a87559/datanode-2/data/containers/hdds of  storage type : DISK and capacity : 1482555576320
2019-10-04 16:47:47,145 [main] INFO  volume.VolumeSet (VolumeSet.java:initializeVolumeSet(170)) - Added Volume : /workdir/hadoop-ozone/integration-test/target/test-dir/MiniOzoneClusterImpl-a6663ea6-7428-4603-a828-442114a87559/datanode-2/data/containers/hdds to VolumeSet
2019-10-04 16:47:47,145 [main] INFO  volume.ThrottledAsyncChecker (ThrottledAsyncChecker.java:schedule(139)) - Scheduling a check for org.apache.hadoop.ozone.container.common.volume.HddsVolume@2e66bc32
2019-10-04 16:47:47,146 [main] INFO  volume.HddsVolumeChecker (HddsVolumeChecker.java:checkAllVolumes(202)) - Scheduled health check for volume org.apache.hadoop.ozone.container.common.volume.HddsVolume@2e66bc32
2019-10-04 16:47:47,162 [main] INFO  impl.RaftServerProxy (ConfUtils.java:logGet(43)) - raft.rpc.type = GRPC (default)
2019-10-04 16:47:47,162 [main] INFO  grpc.GrpcFactory (GrpcFactory.java:checkPooledByteBufAllocatorUseCacheForAllThreads(45)) - PERFORMANCE WARNING: useCacheForAllThreads is true that may cause Netty to create a lot garbage objects and, as a result, trigger GC.
	It is recommended to disable useCacheForAllThreads by setting -Dorg.apache.ratis.thirdparty.io.netty.allocator.useCacheForAllThreads=false in command line.
2019-10-04 16:47:47,162 [main] INFO  grpc.GrpcConfigKeys$Server (ConfUtils.java:logGet(43)) - raft.grpc.server.port = 0 (default)
2019-10-04 16:47:47,163 [main] INFO  server.GrpcService (ConfUtils.java:logGet(43)) - raft.grpc.message.size.max = 33570816 (custom)
2019-10-04 16:47:47,163 [main] INFO  server.RaftServerConfigKeys (ConfUtils.java:logGet(43)) - raft.server.log.appender.buffer.byte-limit = 33554432 (custom)
2019-10-04 16:47:47,164 [main] INFO  server.GrpcService (ConfUtils.java:logGet(43)) - raft.grpc.flow.control.window = 1MB (=1048576) (default)
2019-10-04 16:47:47,164 [main] INFO  server.RaftServerConfigKeys (ConfUtils.java:logGet(43)) - raft.server.rpc.request.timeout = 3000ms (default)
2019-10-04 16:47:47,165 [main] INFO  server.RaftServerConfigKeys (ConfUtils.java:logGet(43)) - raft.server.storage.dir = [/workdir/hadoop-ozone/integration-test/target/test-dir/MiniOzoneClusterImpl-a6663ea6-7428-4603-a828-442114a87559/datanode-2/data/ratis] (custom)
2019-10-04 16:47:47,169 [main] INFO  hdfs.DFSUtil (DFSUtil.java:httpServerTemplateForNNAndJN(1641)) - Starting Web-server for hddsDatanode at: http://0.0.0.0:0
2019-10-04 16:47:47,170 [main] INFO  server.AuthenticationFilter (AuthenticationFilter.java:constructSecretProvider(240)) - Unable to initialize FileSignerSecretProvider, falling back to use random secrets.
2019-10-04 16:47:47,171 [main] WARN  http.HttpRequestLog (HttpRequestLog.java:getRequestLog(97)) - Jetty request log can only be enabled using Log4j
2019-10-04 16:47:47,172 [main] INFO  http.HttpServer2 (HttpServer2.java:addGlobalFilter(975)) - Added global filter 'safety' (class=org.apache.hadoop.http.HttpServer2$QuotingInputFilter)
2019-10-04 16:47:47,173 [main] INFO  http.HttpServer2 (HttpServer2.java:addFilter(948)) - Added filter static_user_filter (class=org.apache.hadoop.http.lib.StaticUserWebFilter$StaticUserFilter) to context hddsDatanode
2019-10-04 16:47:47,173 [main] INFO  http.HttpServer2 (HttpServer2.java:addFilter(958)) - Added filter static_user_filter (class=org.apache.hadoop.http.lib.StaticUserWebFilter$StaticUserFilter) to context static
2019-10-04 16:47:47,173 [main] INFO  http.HttpServer2 (HttpServer2.java:addFilter(958)) - Added filter static_user_filter (class=org.apache.hadoop.http.lib.StaticUserWebFilter$StaticUserFilter) to context logs
2019-10-04 16:47:47,174 [main] INFO  http.HttpServer2 (HttpServer2.java:bindListener(1191)) - Jetty bound to port 39869
2019-10-04 16:47:47,174 [main] INFO  server.Server (Server.java:doStart(351)) - jetty-9.3.25.v20180904, build timestamp: 2018-09-04T21:11:46Z, git hash: 3ce520221d0240229c862b122d2b06c12a625732
2019-10-04 16:47:47,178 [main] INFO  handler.ContextHandler (ContextHandler.java:doStart(781)) - Started o.e.j.s.ServletContextHandler@b52b755{/logs,file:///workdir/hadoop-ozone/integration-test/target/log,AVAILABLE}
2019-10-04 16:47:47,179 [main] INFO  handler.ContextHandler (ContextHandler.java:doStart(781)) - Started o.e.j.s.ServletContextHandler@40e37b06{/static,jar:file:/home/user/.m2/repository/org/apache/hadoop/hadoop-hdds-container-service/0.5.0-SNAPSHOT/hadoop-hdds-container-service-0.5.0-SNAPSHOT.jar!/webapps/static,AVAILABLE}
2019-10-04 16:47:47,183 [Datanode State Machine Thread - 0] INFO  datanode.InitDatanodeState (InitDatanodeState.java:persistContainerDatanodeDetails(140)) - DatanodeDetails is persisted to /workdir/hadoop-ozone/integration-test/target/test-dir/MiniOzoneClusterImpl-a6663ea6-7428-4603-a828-442114a87559/datanode-0/meta/datanode.id
2019-10-04 16:47:47,189 [Datanode State Machine Thread - 0] INFO  datanode.InitDatanodeState (InitDatanodeState.java:persistContainerDatanodeDetails(140)) - DatanodeDetails is persisted to /workdir/hadoop-ozone/integration-test/target/test-dir/MiniOzoneClusterImpl-a6663ea6-7428-4603-a828-442114a87559/datanode-1/meta/datanode.id
2019-10-04 16:47:47,214 [main] INFO  handler.ContextHandler (ContextHandler.java:doStart(781)) - Started o.e.j.w.WebAppContext@36c2b646{/,file:///tmp/jetty-0.0.0.0-39869-hddsDatanode-_-any-268460254129015559.dir/webapp/,AVAILABLE}{/hddsDatanode}
2019-10-04 16:47:47,214 [main] INFO  server.AbstractConnector (AbstractConnector.java:doStart(278)) - Started ServerConnector@434514d8{HTTP/1.1,[http/1.1]}{0.0.0.0:39869}
2019-10-04 16:47:47,216 [main] INFO  server.Server (Server.java:doStart(419)) - Started @5934ms
2019-10-04 16:47:47,217 [main] WARN  impl.MetricsSystemImpl (MetricsSystemImpl.java:register(276)) - Sink prometheus already exists!
2019-10-04 16:47:47,217 [main] INFO  server.BaseHttpServer (BaseHttpServer.java:updateConnectorAddress(215)) - HTTP server of HDDSDATANODE is listening at http://0.0.0.0:39869
2019-10-04 16:47:47,218 [main] INFO  impl.MetricsSystemImpl (MetricsSystemImpl.java:init(158)) - HddsDatanode metrics system started (again)
2019-10-04 16:47:47,221 [main] INFO  ozone.HddsDatanodeService (HddsDatanodeService.java:start(184)) - HddsDatanodeService host:pr-hdds-2250-qhw8f-1617406954 ip:192.168.5.153
2019-10-04 16:47:47,221 [org.apache.hadoop.util.JvmPauseMonitor$Monitor@5258eb7] INFO  util.JvmPauseMonitor (JvmPauseMonitor.java:run(188)) - Starting JVM pause monitor
2019-10-04 16:47:47,224 [Datanode State Machine Thread - 0] INFO  datanode.InitDatanodeState (InitDatanodeState.java:persistContainerDatanodeDetails(140)) - DatanodeDetails is persisted to /workdir/hadoop-ozone/integration-test/target/test-dir/MiniOzoneClusterImpl-a6663ea6-7428-4603-a828-442114a87559/datanode-2/meta/datanode.id
2019-10-04 16:47:47,229 [main] INFO  volume.HddsVolume (HddsVolume.java:<init>(176)) - Creating Volume: /workdir/hadoop-ozone/integration-test/target/test-dir/MiniOzoneClusterImpl-a6663ea6-7428-4603-a828-442114a87559/datanode-3/data/containers/hdds of  storage type : DISK and capacity : 1482555576320
2019-10-04 16:47:47,230 [main] INFO  volume.VolumeSet (VolumeSet.java:initializeVolumeSet(170)) - Added Volume : /workdir/hadoop-ozone/integration-test/target/test-dir/MiniOzoneClusterImpl-a6663ea6-7428-4603-a828-442114a87559/datanode-3/data/containers/hdds to VolumeSet
2019-10-04 16:47:47,230 [main] INFO  volume.ThrottledAsyncChecker (ThrottledAsyncChecker.java:schedule(139)) - Scheduling a check for org.apache.hadoop.ozone.container.common.volume.HddsVolume@517a2b0
2019-10-04 16:47:47,231 [main] INFO  volume.HddsVolumeChecker (HddsVolumeChecker.java:checkAllVolumes(202)) - Scheduled health check for volume org.apache.hadoop.ozone.container.common.volume.HddsVolume@517a2b0
2019-10-04 16:47:47,247 [main] INFO  impl.RaftServerProxy (ConfUtils.java:logGet(43)) - raft.rpc.type = GRPC (default)
2019-10-04 16:47:47,247 [main] INFO  grpc.GrpcFactory (GrpcFactory.java:checkPooledByteBufAllocatorUseCacheForAllThreads(45)) - PERFORMANCE WARNING: useCacheForAllThreads is true that may cause Netty to create a lot garbage objects and, as a result, trigger GC.
	It is recommended to disable useCacheForAllThreads by setting -Dorg.apache.ratis.thirdparty.io.netty.allocator.useCacheForAllThreads=false in command line.
2019-10-04 16:47:47,247 [main] INFO  grpc.GrpcConfigKeys$Server (ConfUtils.java:logGet(43)) - raft.grpc.server.port = 0 (default)
2019-10-04 16:47:47,247 [main] INFO  server.GrpcService (ConfUtils.java:logGet(43)) - raft.grpc.message.size.max = 33570816 (custom)
2019-10-04 16:47:47,248 [main] INFO  server.RaftServerConfigKeys (ConfUtils.java:logGet(43)) - raft.server.log.appender.buffer.byte-limit = 33554432 (custom)
2019-10-04 16:47:47,248 [main] INFO  server.GrpcService (ConfUtils.java:logGet(43)) - raft.grpc.flow.control.window = 1MB (=1048576) (default)
2019-10-04 16:47:47,248 [main] INFO  server.RaftServerConfigKeys (ConfUtils.java:logGet(43)) - raft.server.rpc.request.timeout = 3000ms (default)
2019-10-04 16:47:47,249 [main] INFO  server.RaftServerConfigKeys (ConfUtils.java:logGet(43)) - raft.server.storage.dir = [/workdir/hadoop-ozone/integration-test/target/test-dir/MiniOzoneClusterImpl-a6663ea6-7428-4603-a828-442114a87559/datanode-3/data/ratis] (custom)
2019-10-04 16:47:47,250 [main] INFO  hdfs.DFSUtil (DFSUtil.java:httpServerTemplateForNNAndJN(1641)) - Starting Web-server for hddsDatanode at: http://0.0.0.0:0
2019-10-04 16:47:47,252 [main] INFO  server.AuthenticationFilter (AuthenticationFilter.java:constructSecretProvider(240)) - Unable to initialize FileSignerSecretProvider, falling back to use random secrets.
2019-10-04 16:47:47,252 [main] WARN  http.HttpRequestLog (HttpRequestLog.java:getRequestLog(97)) - Jetty request log can only be enabled using Log4j
2019-10-04 16:47:47,254 [main] INFO  http.HttpServer2 (HttpServer2.java:addGlobalFilter(975)) - Added global filter 'safety' (class=org.apache.hadoop.http.HttpServer2$QuotingInputFilter)
2019-10-04 16:47:47,254 [main] INFO  http.HttpServer2 (HttpServer2.java:addFilter(948)) - Added filter static_user_filter (class=org.apache.hadoop.http.lib.StaticUserWebFilter$StaticUserFilter) to context hddsDatanode
2019-10-04 16:47:47,254 [main] INFO  http.HttpServer2 (HttpServer2.java:addFilter(958)) - Added filter static_user_filter (class=org.apache.hadoop.http.lib.StaticUserWebFilter$StaticUserFilter) to context logs
2019-10-04 16:47:47,255 [main] INFO  http.HttpServer2 (HttpServer2.java:addFilter(958)) - Added filter static_user_filter (class=org.apache.hadoop.http.lib.StaticUserWebFilter$StaticUserFilter) to context static
2019-10-04 16:47:47,255 [main] INFO  http.HttpServer2 (HttpServer2.java:bindListener(1191)) - Jetty bound to port 45702
2019-10-04 16:47:47,256 [main] INFO  server.Server (Server.java:doStart(351)) - jetty-9.3.25.v20180904, build timestamp: 2018-09-04T21:11:46Z, git hash: 3ce520221d0240229c862b122d2b06c12a625732
2019-10-04 16:47:47,262 [main] INFO  handler.ContextHandler (ContextHandler.java:doStart(781)) - Started o.e.j.s.ServletContextHandler@3d4e405e{/logs,file:///workdir/hadoop-ozone/integration-test/target/log,AVAILABLE}
2019-10-04 16:47:47,262 [main] INFO  handler.ContextHandler (ContextHandler.java:doStart(781)) - Started o.e.j.s.ServletContextHandler@70972170{/static,jar:file:/home/user/.m2/repository/org/apache/hadoop/hadoop-hdds-container-service/0.5.0-SNAPSHOT/hadoop-hdds-container-service-0.5.0-SNAPSHOT.jar!/webapps/static,AVAILABLE}
2019-10-04 16:47:47,292 [main] INFO  handler.ContextHandler (ContextHandler.java:doStart(781)) - Started o.e.j.w.WebAppContext@176996c3{/,file:///tmp/jetty-0.0.0.0-45702-hddsDatanode-_-any-7061221882055561889.dir/webapp/,AVAILABLE}{/hddsDatanode}
2019-10-04 16:47:47,292 [main] INFO  server.AbstractConnector (AbstractConnector.java:doStart(278)) - Started ServerConnector@411c6d44{HTTP/1.1,[http/1.1]}{0.0.0.0:45702}
2019-10-04 16:47:47,293 [main] INFO  server.Server (Server.java:doStart(419)) - Started @6012ms
2019-10-04 16:47:47,294 [main] WARN  impl.MetricsSystemImpl (MetricsSystemImpl.java:register(276)) - Sink prometheus already exists!
2019-10-04 16:47:47,295 [main] INFO  server.BaseHttpServer (BaseHttpServer.java:updateConnectorAddress(215)) - HTTP server of HDDSDATANODE is listening at http://0.0.0.0:45702
2019-10-04 16:47:47,296 [main] INFO  impl.MetricsSystemImpl (MetricsSystemImpl.java:init(158)) - HddsDatanode metrics system started (again)
2019-10-04 16:47:47,299 [org.apache.hadoop.util.JvmPauseMonitor$Monitor@10d19e3e] INFO  util.JvmPauseMonitor (JvmPauseMonitor.java:run(188)) - Starting JVM pause monitor
2019-10-04 16:47:47,299 [main] INFO  ozone.HddsDatanodeService (HddsDatanodeService.java:start(184)) - HddsDatanodeService host:pr-hdds-2250-qhw8f-1617406954 ip:192.168.5.153
2019-10-04 16:47:47,302 [Datanode State Machine Thread - 0] INFO  datanode.InitDatanodeState (InitDatanodeState.java:persistContainerDatanodeDetails(140)) - DatanodeDetails is persisted to /workdir/hadoop-ozone/integration-test/target/test-dir/MiniOzoneClusterImpl-a6663ea6-7428-4603-a828-442114a87559/datanode-3/meta/datanode.id
2019-10-04 16:47:47,306 [main] INFO  volume.HddsVolume (HddsVolume.java:<init>(176)) - Creating Volume: /workdir/hadoop-ozone/integration-test/target/test-dir/MiniOzoneClusterImpl-a6663ea6-7428-4603-a828-442114a87559/datanode-4/data/containers/hdds of  storage type : DISK and capacity : 1482555576320
2019-10-04 16:47:47,307 [main] INFO  volume.VolumeSet (VolumeSet.java:initializeVolumeSet(170)) - Added Volume : /workdir/hadoop-ozone/integration-test/target/test-dir/MiniOzoneClusterImpl-a6663ea6-7428-4603-a828-442114a87559/datanode-4/data/containers/hdds to VolumeSet
2019-10-04 16:47:47,307 [main] INFO  volume.ThrottledAsyncChecker (ThrottledAsyncChecker.java:schedule(139)) - Scheduling a check for org.apache.hadoop.ozone.container.common.volume.HddsVolume@6c0e13b7
2019-10-04 16:47:47,308 [main] INFO  volume.HddsVolumeChecker (HddsVolumeChecker.java:checkAllVolumes(202)) - Scheduled health check for volume org.apache.hadoop.ozone.container.common.volume.HddsVolume@6c0e13b7
2019-10-04 16:47:47,321 [main] INFO  impl.RaftServerProxy (ConfUtils.java:logGet(43)) - raft.rpc.type = GRPC (default)
2019-10-04 16:47:47,321 [main] INFO  grpc.GrpcFactory (GrpcFactory.java:checkPooledByteBufAllocatorUseCacheForAllThreads(45)) - PERFORMANCE WARNING: useCacheForAllThreads is true that may cause Netty to create a lot garbage objects and, as a result, trigger GC.
	It is recommended to disable useCacheForAllThreads by setting -Dorg.apache.ratis.thirdparty.io.netty.allocator.useCacheForAllThreads=false in command line.
2019-10-04 16:47:47,321 [main] INFO  grpc.GrpcConfigKeys$Server (ConfUtils.java:logGet(43)) - raft.grpc.server.port = 0 (default)
2019-10-04 16:47:47,322 [main] INFO  server.GrpcService (ConfUtils.java:logGet(43)) - raft.grpc.message.size.max = 33570816 (custom)
2019-10-04 16:47:47,322 [main] INFO  server.RaftServerConfigKeys (ConfUtils.java:logGet(43)) - raft.server.log.appender.buffer.byte-limit = 33554432 (custom)
2019-10-04 16:47:47,322 [main] INFO  server.GrpcService (ConfUtils.java:logGet(43)) - raft.grpc.flow.control.window = 1MB (=1048576) (default)
2019-10-04 16:47:47,322 [main] INFO  server.RaftServerConfigKeys (ConfUtils.java:logGet(43)) - raft.server.rpc.request.timeout = 3000ms (default)
2019-10-04 16:47:47,323 [main] INFO  server.RaftServerConfigKeys (ConfUtils.java:logGet(43)) - raft.server.storage.dir = [/workdir/hadoop-ozone/integration-test/target/test-dir/MiniOzoneClusterImpl-a6663ea6-7428-4603-a828-442114a87559/datanode-4/data/ratis] (custom)
2019-10-04 16:47:47,324 [main] INFO  hdfs.DFSUtil (DFSUtil.java:httpServerTemplateForNNAndJN(1641)) - Starting Web-server for hddsDatanode at: http://0.0.0.0:0
2019-10-04 16:47:47,326 [main] INFO  server.AuthenticationFilter (AuthenticationFilter.java:constructSecretProvider(240)) - Unable to initialize FileSignerSecretProvider, falling back to use random secrets.
2019-10-04 16:47:47,326 [main] WARN  http.HttpRequestLog (HttpRequestLog.java:getRequestLog(97)) - Jetty request log can only be enabled using Log4j
2019-10-04 16:47:47,328 [main] INFO  http.HttpServer2 (HttpServer2.java:addGlobalFilter(975)) - Added global filter 'safety' (class=org.apache.hadoop.http.HttpServer2$QuotingInputFilter)
2019-10-04 16:47:47,329 [main] INFO  http.HttpServer2 (HttpServer2.java:addFilter(948)) - Added filter static_user_filter (class=org.apache.hadoop.http.lib.StaticUserWebFilter$StaticUserFilter) to context hddsDatanode
2019-10-04 16:47:47,329 [main] INFO  http.HttpServer2 (HttpServer2.java:addFilter(958)) - Added filter static_user_filter (class=org.apache.hadoop.http.lib.StaticUserWebFilter$StaticUserFilter) to context logs
2019-10-04 16:47:47,329 [main] INFO  http.HttpServer2 (HttpServer2.java:addFilter(958)) - Added filter static_user_filter (class=org.apache.hadoop.http.lib.StaticUserWebFilter$StaticUserFilter) to context static
2019-10-04 16:47:47,330 [main] INFO  http.HttpServer2 (HttpServer2.java:bindListener(1191)) - Jetty bound to port 42463
2019-10-04 16:47:47,330 [main] INFO  server.Server (Server.java:doStart(351)) - jetty-9.3.25.v20180904, build timestamp: 2018-09-04T21:11:46Z, git hash: 3ce520221d0240229c862b122d2b06c12a625732
2019-10-04 16:47:47,332 [main] INFO  handler.ContextHandler (ContextHandler.java:doStart(781)) - Started o.e.j.s.ServletContextHandler@3bd2af5b{/logs,file:///workdir/hadoop-ozone/integration-test/target/log,AVAILABLE}
2019-10-04 16:47:47,332 [main] INFO  handler.ContextHandler (ContextHandler.java:doStart(781)) - Started o.e.j.s.ServletContextHandler@75d982d3{/static,jar:file:/home/user/.m2/repository/org/apache/hadoop/hadoop-hdds-container-service/0.5.0-SNAPSHOT/hadoop-hdds-container-service-0.5.0-SNAPSHOT.jar!/webapps/static,AVAILABLE}
2019-10-04 16:47:47,383 [main] INFO  handler.ContextHandler (ContextHandler.java:doStart(781)) - Started o.e.j.w.WebAppContext@6ad16c5d{/,file:///tmp/jetty-0.0.0.0-42463-hddsDatanode-_-any-8642014684270812245.dir/webapp/,AVAILABLE}{/hddsDatanode}
2019-10-04 16:47:47,384 [main] INFO  server.AbstractConnector (AbstractConnector.java:doStart(278)) - Started ServerConnector@74ea46e2{HTTP/1.1,[http/1.1]}{0.0.0.0:42463}
2019-10-04 16:47:47,391 [main] INFO  server.Server (Server.java:doStart(419)) - Started @6109ms
2019-10-04 16:47:47,391 [main] WARN  impl.MetricsSystemImpl (MetricsSystemImpl.java:register(276)) - Sink prometheus already exists!
2019-10-04 16:47:47,392 [main] INFO  server.BaseHttpServer (BaseHttpServer.java:updateConnectorAddress(215)) - HTTP server of HDDSDATANODE is listening at http://0.0.0.0:42463
2019-10-04 16:47:47,393 [main] INFO  impl.MetricsSystemImpl (MetricsSystemImpl.java:init(158)) - HddsDatanode metrics system started (again)
2019-10-04 16:47:47,397 [org.apache.hadoop.util.JvmPauseMonitor$Monitor@1cbff3f2] INFO  util.JvmPauseMonitor (JvmPauseMonitor.java:run(188)) - Starting JVM pause monitor
2019-10-04 16:47:47,397 [main] INFO  ozone.HddsDatanodeService (HddsDatanodeService.java:start(184)) - HddsDatanodeService host:pr-hdds-2250-qhw8f-1617406954 ip:192.168.5.153
2019-10-04 16:47:47,400 [Datanode State Machine Thread - 0] INFO  datanode.InitDatanodeState (InitDatanodeState.java:persistContainerDatanodeDetails(140)) - DatanodeDetails is persisted to /workdir/hadoop-ozone/integration-test/target/test-dir/MiniOzoneClusterImpl-a6663ea6-7428-4603-a828-442114a87559/datanode-4/meta/datanode.id
2019-10-04 16:47:47,406 [main] INFO  volume.HddsVolume (HddsVolume.java:<init>(176)) - Creating Volume: /workdir/hadoop-ozone/integration-test/target/test-dir/MiniOzoneClusterImpl-a6663ea6-7428-4603-a828-442114a87559/datanode-5/data/containers/hdds of  storage type : DISK and capacity : 1482555576320
2019-10-04 16:47:47,407 [main] INFO  volume.VolumeSet (VolumeSet.java:initializeVolumeSet(170)) - Added Volume : /workdir/hadoop-ozone/integration-test/target/test-dir/MiniOzoneClusterImpl-a6663ea6-7428-4603-a828-442114a87559/datanode-5/data/containers/hdds to VolumeSet
2019-10-04 16:47:47,407 [main] INFO  volume.ThrottledAsyncChecker (ThrottledAsyncChecker.java:schedule(139)) - Scheduling a check for org.apache.hadoop.ozone.container.common.volume.HddsVolume@ccf91df
2019-10-04 16:47:47,408 [main] INFO  volume.HddsVolumeChecker (HddsVolumeChecker.java:checkAllVolumes(202)) - Scheduled health check for volume org.apache.hadoop.ozone.container.common.volume.HddsVolume@ccf91df
2019-10-04 16:47:47,429 [main] INFO  impl.RaftServerProxy (ConfUtils.java:logGet(43)) - raft.rpc.type = GRPC (default)
2019-10-04 16:47:47,430 [main] INFO  grpc.GrpcFactory (GrpcFactory.java:checkPooledByteBufAllocatorUseCacheForAllThreads(45)) - PERFORMANCE WARNING: useCacheForAllThreads is true that may cause Netty to create a lot garbage objects and, as a result, trigger GC.
	It is recommended to disable useCacheForAllThreads by setting -Dorg.apache.ratis.thirdparty.io.netty.allocator.useCacheForAllThreads=false in command line.
2019-10-04 16:47:47,430 [main] INFO  grpc.GrpcConfigKeys$Server (ConfUtils.java:logGet(43)) - raft.grpc.server.port = 0 (default)
2019-10-04 16:47:47,431 [main] INFO  server.GrpcService (ConfUtils.java:logGet(43)) - raft.grpc.message.size.max = 33570816 (custom)
2019-10-04 16:47:47,431 [main] INFO  server.RaftServerConfigKeys (ConfUtils.java:logGet(43)) - raft.server.log.appender.buffer.byte-limit = 33554432 (custom)
2019-10-04 16:47:47,431 [main] INFO  server.GrpcService (ConfUtils.java:logGet(43)) - raft.grpc.flow.control.window = 1MB (=1048576) (default)
2019-10-04 16:47:47,432 [main] INFO  server.RaftServerConfigKeys (ConfUtils.java:logGet(43)) - raft.server.rpc.request.timeout = 3000ms (default)
2019-10-04 16:47:47,432 [main] INFO  server.RaftServerConfigKeys (ConfUtils.java:logGet(43)) - raft.server.storage.dir = [/workdir/hadoop-ozone/integration-test/target/test-dir/MiniOzoneClusterImpl-a6663ea6-7428-4603-a828-442114a87559/datanode-5/data/ratis] (custom)
2019-10-04 16:47:47,434 [main] INFO  hdfs.DFSUtil (DFSUtil.java:httpServerTemplateForNNAndJN(1641)) - Starting Web-server for hddsDatanode at: http://0.0.0.0:0
2019-10-04 16:47:47,436 [main] INFO  server.AuthenticationFilter (AuthenticationFilter.java:constructSecretProvider(240)) - Unable to initialize FileSignerSecretProvider, falling back to use random secrets.
2019-10-04 16:47:47,436 [main] WARN  http.HttpRequestLog (HttpRequestLog.java:getRequestLog(97)) - Jetty request log can only be enabled using Log4j
2019-10-04 16:47:47,438 [main] INFO  http.HttpServer2 (HttpServer2.java:addGlobalFilter(975)) - Added global filter 'safety' (class=org.apache.hadoop.http.HttpServer2$QuotingInputFilter)
2019-10-04 16:47:47,439 [main] INFO  http.HttpServer2 (HttpServer2.java:addFilter(948)) - Added filter static_user_filter (class=org.apache.hadoop.http.lib.StaticUserWebFilter$StaticUserFilter) to context hddsDatanode
2019-10-04 16:47:47,439 [main] INFO  http.HttpServer2 (HttpServer2.java:addFilter(958)) - Added filter static_user_filter (class=org.apache.hadoop.http.lib.StaticUserWebFilter$StaticUserFilter) to context static
2019-10-04 16:47:47,440 [main] INFO  http.HttpServer2 (HttpServer2.java:addFilter(958)) - Added filter static_user_filter (class=org.apache.hadoop.http.lib.StaticUserWebFilter$StaticUserFilter) to context logs
2019-10-04 16:47:47,440 [main] INFO  http.HttpServer2 (HttpServer2.java:bindListener(1191)) - Jetty bound to port 42672
2019-10-04 16:47:47,441 [main] INFO  server.Server (Server.java:doStart(351)) - jetty-9.3.25.v20180904, build timestamp: 2018-09-04T21:11:46Z, git hash: 3ce520221d0240229c862b122d2b06c12a625732
2019-10-04 16:47:47,443 [main] INFO  handler.ContextHandler (ContextHandler.java:doStart(781)) - Started o.e.j.s.ServletContextHandler@77bb48d5{/logs,file:///workdir/hadoop-ozone/integration-test/target/log,AVAILABLE}
2019-10-04 16:47:47,444 [main] INFO  handler.ContextHandler (ContextHandler.java:doStart(781)) - Started o.e.j.s.ServletContextHandler@12d5c30e{/static,jar:file:/home/user/.m2/repository/org/apache/hadoop/hadoop-hdds-container-service/0.5.0-SNAPSHOT/hadoop-hdds-container-service-0.5.0-SNAPSHOT.jar!/webapps/static,AVAILABLE}
2019-10-04 16:47:47,484 [main] INFO  handler.ContextHandler (ContextHandler.java:doStart(781)) - Started o.e.j.w.WebAppContext@46a145ba{/,file:///tmp/jetty-0.0.0.0-42672-hddsDatanode-_-any-414996525290953669.dir/webapp/,AVAILABLE}{/hddsDatanode}
2019-10-04 16:47:47,485 [main] INFO  server.AbstractConnector (AbstractConnector.java:doStart(278)) - Started ServerConnector@7ab34619{HTTP/1.1,[http/1.1]}{0.0.0.0:42672}
2019-10-04 16:47:47,485 [main] INFO  server.Server (Server.java:doStart(419)) - Started @6204ms
2019-10-04 16:47:47,485 [main] WARN  impl.MetricsSystemImpl (MetricsSystemImpl.java:register(276)) - Sink prometheus already exists!
2019-10-04 16:47:47,486 [main] INFO  server.BaseHttpServer (BaseHttpServer.java:updateConnectorAddress(215)) - HTTP server of HDDSDATANODE is listening at http://0.0.0.0:42672
2019-10-04 16:47:47,486 [main] INFO  impl.MetricsSystemImpl (MetricsSystemImpl.java:init(158)) - HddsDatanode metrics system started (again)
2019-10-04 16:47:47,490 [org.apache.hadoop.util.JvmPauseMonitor$Monitor@157068a2] INFO  util.JvmPauseMonitor (JvmPauseMonitor.java:run(188)) - Starting JVM pause monitor
2019-10-04 16:47:47,490 [main] INFO  ozone.HddsDatanodeService (HddsDatanodeService.java:start(184)) - HddsDatanodeService host:pr-hdds-2250-qhw8f-1617406954 ip:192.168.5.153
2019-10-04 16:47:47,493 [Datanode State Machine Thread - 0] INFO  datanode.InitDatanodeState (InitDatanodeState.java:persistContainerDatanodeDetails(140)) - DatanodeDetails is persisted to /workdir/hadoop-ozone/integration-test/target/test-dir/MiniOzoneClusterImpl-a6663ea6-7428-4603-a828-442114a87559/datanode-5/meta/datanode.id
2019-10-04 16:47:47,498 [main] INFO  volume.HddsVolume (HddsVolume.java:<init>(176)) - Creating Volume: /workdir/hadoop-ozone/integration-test/target/test-dir/MiniOzoneClusterImpl-a6663ea6-7428-4603-a828-442114a87559/datanode-6/data/containers/hdds of  storage type : DISK and capacity : 1482555576320
2019-10-04 16:47:47,499 [main] INFO  volume.VolumeSet (VolumeSet.java:initializeVolumeSet(170)) - Added Volume : /workdir/hadoop-ozone/integration-test/target/test-dir/MiniOzoneClusterImpl-a6663ea6-7428-4603-a828-442114a87559/datanode-6/data/containers/hdds to VolumeSet
2019-10-04 16:47:47,499 [main] INFO  volume.ThrottledAsyncChecker (ThrottledAsyncChecker.java:schedule(139)) - Scheduling a check for org.apache.hadoop.ozone.container.common.volume.HddsVolume@3b920bdc
2019-10-04 16:47:47,500 [main] INFO  volume.HddsVolumeChecker (HddsVolumeChecker.java:checkAllVolumes(202)) - Scheduled health check for volume org.apache.hadoop.ozone.container.common.volume.HddsVolume@3b920bdc
2019-10-04 16:47:47,515 [main] INFO  impl.RaftServerProxy (ConfUtils.java:logGet(43)) - raft.rpc.type = GRPC (default)
2019-10-04 16:47:47,515 [main] INFO  grpc.GrpcFactory (GrpcFactory.java:checkPooledByteBufAllocatorUseCacheForAllThreads(45)) - PERFORMANCE WARNING: useCacheForAllThreads is true that may cause Netty to create a lot garbage objects and, as a result, trigger GC.
	It is recommended to disable useCacheForAllThreads by setting -Dorg.apache.ratis.thirdparty.io.netty.allocator.useCacheForAllThreads=false in command line.
2019-10-04 16:47:47,515 [main] INFO  grpc.GrpcConfigKeys$Server (ConfUtils.java:logGet(43)) - raft.grpc.server.port = 0 (default)
2019-10-04 16:47:47,516 [main] INFO  server.GrpcService (ConfUtils.java:logGet(43)) - raft.grpc.message.size.max = 33570816 (custom)
2019-10-04 16:47:47,516 [main] INFO  server.RaftServerConfigKeys (ConfUtils.java:logGet(43)) - raft.server.log.appender.buffer.byte-limit = 33554432 (custom)
2019-10-04 16:47:47,516 [main] INFO  server.GrpcService (ConfUtils.java:logGet(43)) - raft.grpc.flow.control.window = 1MB (=1048576) (default)
2019-10-04 16:47:47,516 [main] INFO  server.RaftServerConfigKeys (ConfUtils.java:logGet(43)) - raft.server.rpc.request.timeout = 3000ms (default)
2019-10-04 16:47:47,517 [main] INFO  server.RaftServerConfigKeys (ConfUtils.java:logGet(43)) - raft.server.storage.dir = [/workdir/hadoop-ozone/integration-test/target/test-dir/MiniOzoneClusterImpl-a6663ea6-7428-4603-a828-442114a87559/datanode-6/data/ratis] (custom)
2019-10-04 16:47:47,519 [main] INFO  hdfs.DFSUtil (DFSUtil.java:httpServerTemplateForNNAndJN(1641)) - Starting Web-server for hddsDatanode at: http://0.0.0.0:0
2019-10-04 16:47:47,520 [main] INFO  server.AuthenticationFilter (AuthenticationFilter.java:constructSecretProvider(240)) - Unable to initialize FileSignerSecretProvider, falling back to use random secrets.
2019-10-04 16:47:47,520 [main] WARN  http.HttpRequestLog (HttpRequestLog.java:getRequestLog(97)) - Jetty request log can only be enabled using Log4j
2019-10-04 16:47:47,522 [main] INFO  http.HttpServer2 (HttpServer2.java:addGlobalFilter(975)) - Added global filter 'safety' (class=org.apache.hadoop.http.HttpServer2$QuotingInputFilter)
2019-10-04 16:47:47,523 [main] INFO  http.HttpServer2 (HttpServer2.java:addFilter(948)) - Added filter static_user_filter (class=org.apache.hadoop.http.lib.StaticUserWebFilter$StaticUserFilter) to context hddsDatanode
2019-10-04 16:47:47,523 [main] INFO  http.HttpServer2 (HttpServer2.java:addFilter(958)) - Added filter static_user_filter (class=org.apache.hadoop.http.lib.StaticUserWebFilter$StaticUserFilter) to context static
2019-10-04 16:47:47,523 [main] INFO  http.HttpServer2 (HttpServer2.java:addFilter(958)) - Added filter static_user_filter (class=org.apache.hadoop.http.lib.StaticUserWebFilter$StaticUserFilter) to context logs
2019-10-04 16:47:47,524 [main] INFO  http.HttpServer2 (HttpServer2.java:bindListener(1191)) - Jetty bound to port 37034
2019-10-04 16:47:47,524 [main] INFO  server.Server (Server.java:doStart(351)) - jetty-9.3.25.v20180904, build timestamp: 2018-09-04T21:11:46Z, git hash: 3ce520221d0240229c862b122d2b06c12a625732
2019-10-04 16:47:47,526 [main] INFO  handler.ContextHandler (ContextHandler.java:doStart(781)) - Started o.e.j.s.ServletContextHandler@3240b2a4{/logs,file:///workdir/hadoop-ozone/integration-test/target/log,AVAILABLE}
2019-10-04 16:47:47,527 [main] INFO  handler.ContextHandler (ContextHandler.java:doStart(781)) - Started o.e.j.s.ServletContextHandler@7d3fb0ef{/static,jar:file:/home/user/.m2/repository/org/apache/hadoop/hadoop-hdds-container-service/0.5.0-SNAPSHOT/hadoop-hdds-container-service-0.5.0-SNAPSHOT.jar!/webapps/static,AVAILABLE}
2019-10-04 16:47:47,558 [main] INFO  handler.ContextHandler (ContextHandler.java:doStart(781)) - Started o.e.j.w.WebAppContext@b1534d3{/,file:///tmp/jetty-0.0.0.0-37034-hddsDatanode-_-any-8967698277501994992.dir/webapp/,AVAILABLE}{/hddsDatanode}
2019-10-04 16:47:47,558 [main] INFO  server.AbstractConnector (AbstractConnector.java:doStart(278)) - Started ServerConnector@3c74aa0d{HTTP/1.1,[http/1.1]}{0.0.0.0:37034}
2019-10-04 16:47:47,560 [main] INFO  server.Server (Server.java:doStart(419)) - Started @6278ms
2019-10-04 16:47:47,560 [main] WARN  impl.MetricsSystemImpl (MetricsSystemImpl.java:register(276)) - Sink prometheus already exists!
2019-10-04 16:47:47,560 [main] INFO  server.BaseHttpServer (BaseHttpServer.java:updateConnectorAddress(215)) - HTTP server of HDDSDATANODE is listening at http://0.0.0.0:37034
2019-10-04 16:47:47,563 [main] INFO  ozone.MiniOzoneClusterImpl (MiniOzoneClusterImpl.java:lambda$waitForClusterToBeReady$0(147)) - Waiting for cluster to be ready. Got 0 of 7 DN Heartbeats.
2019-10-04 16:47:47,564 [org.apache.hadoop.util.JvmPauseMonitor$Monitor@3103e2ad] INFO  util.JvmPauseMonitor (JvmPauseMonitor.java:run(188)) - Starting JVM pause monitor
2019-10-04 16:47:47,567 [Datanode State Machine Thread - 0] INFO  datanode.InitDatanodeState (InitDatanodeState.java:persistContainerDatanodeDetails(140)) - DatanodeDetails is persisted to /workdir/hadoop-ozone/integration-test/target/test-dir/MiniOzoneClusterImpl-a6663ea6-7428-4603-a828-442114a87559/datanode-6/meta/datanode.id
2019-10-04 16:47:48,563 [main] INFO  ozone.MiniOzoneClusterImpl (MiniOzoneClusterImpl.java:lambda$waitForClusterToBeReady$0(147)) - Waiting for cluster to be ready. Got 0 of 7 DN Heartbeats.
2019-10-04 16:47:49,143 [Datanode State Machine Thread - 0] INFO  ozoneimpl.OzoneContainer (OzoneContainer.java:start(217)) - Attempting to start container services.
2019-10-04 16:47:49,145 [Datanode State Machine Thread - 0] INFO  ozoneimpl.OzoneContainer (OzoneContainer.java:start(217)) - Attempting to start container services.
2019-10-04 16:47:49,153 [Datanode State Machine Thread - 0] INFO  ozoneimpl.OzoneContainer (OzoneContainer.java:startContainerScrub(179)) - Background container scanner has been disabled.
2019-10-04 16:47:49,153 [Datanode State Machine Thread - 0] INFO  ozoneimpl.OzoneContainer (OzoneContainer.java:startContainerScrub(179)) - Background container scanner has been disabled.
2019-10-04 16:47:49,153 [Datanode State Machine Thread - 0] INFO  ratis.XceiverServerRatis (XceiverServerRatis.java:start(417)) - Starting XceiverServerRatis 5ae9cecc-3e88-4e48-9094-a35479a26cbd at port 0
2019-10-04 16:47:49,153 [Datanode State Machine Thread - 0] INFO  ratis.XceiverServerRatis (XceiverServerRatis.java:start(417)) - Starting XceiverServerRatis 56251a7d-5ee5-41f8-a90e-1231f73e3ff7 at port 0
2019-10-04 16:47:49,186 [Datanode State Machine Thread - 0] INFO  impl.RaftServerProxy (RaftServerProxy.java:lambda$start$3(299)) - 5ae9cecc-3e88-4e48-9094-a35479a26cbd: start RPC server
2019-10-04 16:47:49,186 [Datanode State Machine Thread - 0] INFO  impl.RaftServerProxy (RaftServerProxy.java:lambda$start$3(299)) - 56251a7d-5ee5-41f8-a90e-1231f73e3ff7: start RPC server
2019-10-04 16:47:49,238 [Datanode State Machine Thread - 0] INFO  ozoneimpl.OzoneContainer (OzoneContainer.java:start(217)) - Attempting to start container services.
2019-10-04 16:47:49,242 [Datanode State Machine Thread - 0] INFO  ozoneimpl.OzoneContainer (OzoneContainer.java:startContainerScrub(179)) - Background container scanner has been disabled.
2019-10-04 16:47:49,243 [Datanode State Machine Thread - 0] INFO  ratis.XceiverServerRatis (XceiverServerRatis.java:start(417)) - Starting XceiverServerRatis b6546c7d-80eb-4829-96f5-eabd1005523b at port 0
2019-10-04 16:47:49,251 [Datanode State Machine Thread - 0] INFO  impl.RaftServerProxy (RaftServerProxy.java:lambda$start$3(299)) - b6546c7d-80eb-4829-96f5-eabd1005523b: start RPC server
2019-10-04 16:47:49,315 [Datanode State Machine Thread - 0] INFO  ozoneimpl.OzoneContainer (OzoneContainer.java:start(217)) - Attempting to start container services.
2019-10-04 16:47:49,318 [Datanode State Machine Thread - 0] INFO  ozoneimpl.OzoneContainer (OzoneContainer.java:startContainerScrub(179)) - Background container scanner has been disabled.
2019-10-04 16:47:49,318 [Datanode State Machine Thread - 0] INFO  ratis.XceiverServerRatis (XceiverServerRatis.java:start(417)) - Starting XceiverServerRatis 1dcfab43-391d-45c5-b294-9417c9104c52 at port 0
2019-10-04 16:47:49,337 [Datanode State Machine Thread - 0] INFO  impl.RaftServerProxy (RaftServerProxy.java:lambda$start$3(299)) - 1dcfab43-391d-45c5-b294-9417c9104c52: start RPC server
2019-10-04 16:47:49,346 [Datanode State Machine Thread - 0] INFO  server.GrpcService (GrpcService.java:startImpl(158)) - 5ae9cecc-3e88-4e48-9094-a35479a26cbd: GrpcService started, listening on 0.0.0.0/0.0.0.0:45355
2019-10-04 16:47:49,346 [Datanode State Machine Thread - 0] INFO  server.GrpcService (GrpcService.java:startImpl(158)) - b6546c7d-80eb-4829-96f5-eabd1005523b: GrpcService started, listening on 0.0.0.0/0.0.0.0:36469
2019-10-04 16:47:49,346 [Datanode State Machine Thread - 0] INFO  server.GrpcService (GrpcService.java:startImpl(158)) - 1dcfab43-391d-45c5-b294-9417c9104c52: GrpcService started, listening on 0.0.0.0/0.0.0.0:40954
2019-10-04 16:47:49,346 [Datanode State Machine Thread - 0] INFO  server.GrpcService (GrpcService.java:startImpl(158)) - 56251a7d-5ee5-41f8-a90e-1231f73e3ff7: GrpcService started, listening on 0.0.0.0/0.0.0.0:46734
2019-10-04 16:47:49,348 [Datanode State Machine Thread - 0] INFO  ratis.XceiverServerRatis (XceiverServerRatis.java:start(427)) - XceiverServerRatis 1dcfab43-391d-45c5-b294-9417c9104c52 is started using port 40954
2019-10-04 16:47:49,348 [Datanode State Machine Thread - 0] INFO  ratis.XceiverServerRatis (XceiverServerRatis.java:start(427)) - XceiverServerRatis b6546c7d-80eb-4829-96f5-eabd1005523b is started using port 36469
2019-10-04 16:47:49,348 [Datanode State Machine Thread - 0] INFO  ratis.XceiverServerRatis (XceiverServerRatis.java:start(427)) - XceiverServerRatis 5ae9cecc-3e88-4e48-9094-a35479a26cbd is started using port 45355
2019-10-04 16:47:49,348 [Datanode State Machine Thread - 0] INFO  ratis.XceiverServerRatis (XceiverServerRatis.java:start(427)) - XceiverServerRatis 56251a7d-5ee5-41f8-a90e-1231f73e3ff7 is started using port 46734
2019-10-04 16:47:49,359 [Datanode State Machine Thread - 0] INFO  server.XceiverServerGrpc (XceiverServerGrpc.java:start(149)) - XceiverServerGrpc 5ae9cecc-3e88-4e48-9094-a35479a26cbd is started using port 35977
2019-10-04 16:47:49,360 [Datanode State Machine Thread - 0] INFO  server.XceiverServerGrpc (XceiverServerGrpc.java:start(149)) - XceiverServerGrpc b6546c7d-80eb-4829-96f5-eabd1005523b is started using port 43965
2019-10-04 16:47:49,360 [Datanode State Machine Thread - 0] INFO  server.XceiverServerGrpc (XceiverServerGrpc.java:start(149)) - XceiverServerGrpc 1dcfab43-391d-45c5-b294-9417c9104c52 is started using port 37261
2019-10-04 16:47:49,359 [Datanode State Machine Thread - 0] INFO  server.XceiverServerGrpc (XceiverServerGrpc.java:start(149)) - XceiverServerGrpc 56251a7d-5ee5-41f8-a90e-1231f73e3ff7 is started using port 33878
2019-10-04 16:47:49,414 [Datanode State Machine Thread - 0] INFO  ozoneimpl.OzoneContainer (OzoneContainer.java:start(217)) - Attempting to start container services.
2019-10-04 16:47:49,415 [Datanode State Machine Thread - 0] INFO  ozoneimpl.OzoneContainer (OzoneContainer.java:startContainerScrub(179)) - Background container scanner has been disabled.
2019-10-04 16:47:49,415 [Datanode State Machine Thread - 0] INFO  ratis.XceiverServerRatis (XceiverServerRatis.java:start(417)) - Starting XceiverServerRatis 1a98ba17-ee97-4387-8a47-ae43e92b9c47 at port 0
2019-10-04 16:47:49,424 [Datanode State Machine Thread - 0] INFO  impl.RaftServerProxy (RaftServerProxy.java:lambda$start$3(299)) - 1a98ba17-ee97-4387-8a47-ae43e92b9c47: start RPC server
2019-10-04 16:47:49,428 [Datanode State Machine Thread - 0] INFO  server.GrpcService (GrpcService.java:startImpl(158)) - 1a98ba17-ee97-4387-8a47-ae43e92b9c47: GrpcService started, listening on 0.0.0.0/0.0.0.0:44781
2019-10-04 16:47:49,428 [Datanode State Machine Thread - 0] INFO  ratis.XceiverServerRatis (XceiverServerRatis.java:start(427)) - XceiverServerRatis 1a98ba17-ee97-4387-8a47-ae43e92b9c47 is started using port 44781
2019-10-04 16:47:49,432 [Datanode State Machine Thread - 0] INFO  server.XceiverServerGrpc (XceiverServerGrpc.java:start(149)) - XceiverServerGrpc 1a98ba17-ee97-4387-8a47-ae43e92b9c47 is started using port 36811
2019-10-04 16:47:49,508 [Datanode State Machine Thread - 0] INFO  ozoneimpl.OzoneContainer (OzoneContainer.java:start(217)) - Attempting to start container services.
2019-10-04 16:47:49,508 [Datanode State Machine Thread - 0] INFO  ozoneimpl.OzoneContainer (OzoneContainer.java:startContainerScrub(179)) - Background container scanner has been disabled.
2019-10-04 16:47:49,508 [Datanode State Machine Thread - 0] INFO  ratis.XceiverServerRatis (XceiverServerRatis.java:start(417)) - Starting XceiverServerRatis 5d29b9c8-f93d-45ec-962e-e587b69359a4 at port 0
2019-10-04 16:47:49,519 [Datanode State Machine Thread - 0] INFO  impl.RaftServerProxy (RaftServerProxy.java:lambda$start$3(299)) - 5d29b9c8-f93d-45ec-962e-e587b69359a4: start RPC server
2019-10-04 16:47:49,523 [Datanode State Machine Thread - 0] INFO  server.GrpcService (GrpcService.java:startImpl(158)) - 5d29b9c8-f93d-45ec-962e-e587b69359a4: GrpcService started, listening on 0.0.0.0/0.0.0.0:46141
2019-10-04 16:47:49,524 [Datanode State Machine Thread - 0] INFO  ratis.XceiverServerRatis (XceiverServerRatis.java:start(427)) - XceiverServerRatis 5d29b9c8-f93d-45ec-962e-e587b69359a4 is started using port 46141
2019-10-04 16:47:49,527 [Datanode State Machine Thread - 0] INFO  server.XceiverServerGrpc (XceiverServerGrpc.java:start(149)) - XceiverServerGrpc 5d29b9c8-f93d-45ec-962e-e587b69359a4 is started using port 39896
2019-10-04 16:47:49,564 [main] INFO  ozone.MiniOzoneClusterImpl (MiniOzoneClusterImpl.java:lambda$waitForClusterToBeReady$0(147)) - Waiting for cluster to be ready. Got 0 of 7 DN Heartbeats.
2019-10-04 16:47:49,581 [Datanode State Machine Thread - 0] INFO  ozoneimpl.OzoneContainer (OzoneContainer.java:start(217)) - Attempting to start container services.
2019-10-04 16:47:49,581 [Datanode State Machine Thread - 0] INFO  ozoneimpl.OzoneContainer (OzoneContainer.java:startContainerScrub(179)) - Background container scanner has been disabled.
2019-10-04 16:47:49,582 [Datanode State Machine Thread - 0] INFO  ratis.XceiverServerRatis (XceiverServerRatis.java:start(417)) - Starting XceiverServerRatis 2241fb42-f8f0-4490-bd75-7cbb5c089b22 at port 0
2019-10-04 16:47:49,591 [Datanode State Machine Thread - 0] INFO  impl.RaftServerProxy (RaftServerProxy.java:lambda$start$3(299)) - 2241fb42-f8f0-4490-bd75-7cbb5c089b22: start RPC server
2019-10-04 16:47:49,595 [Datanode State Machine Thread - 0] INFO  server.GrpcService (GrpcService.java:startImpl(158)) - 2241fb42-f8f0-4490-bd75-7cbb5c089b22: GrpcService started, listening on 0.0.0.0/0.0.0.0:45809
2019-10-04 16:47:49,595 [Datanode State Machine Thread - 0] INFO  ratis.XceiverServerRatis (XceiverServerRatis.java:start(427)) - XceiverServerRatis 2241fb42-f8f0-4490-bd75-7cbb5c089b22 is started using port 45809
2019-10-04 16:47:49,598 [Datanode State Machine Thread - 0] INFO  server.XceiverServerGrpc (XceiverServerGrpc.java:start(149)) - XceiverServerGrpc 2241fb42-f8f0-4490-bd75-7cbb5c089b22 is started using port 45695
2019-10-04 16:47:50,565 [main] INFO  ozone.MiniOzoneClusterImpl (MiniOzoneClusterImpl.java:lambda$waitForClusterToBeReady$0(147)) - Waiting for cluster to be ready. Got 0 of 7 DN Heartbeats.
2019-10-04 16:47:51,085 [IPC Server handler 2 on 46339] INFO  net.NetworkTopology (NetworkTopologyImpl.java:add(111)) - Added a new node: /default-rack/56251a7d-5ee5-41f8-a90e-1231f73e3ff7
2019-10-04 16:47:51,085 [IPC Server handler 2 on 46339] INFO  node.SCMNodeManager (SCMNodeManager.java:register(268)) - Registered Data node : 56251a7d-5ee5-41f8-a90e-1231f73e3ff7{ip: 192.168.5.153, host: pr-hdds-2250-qhw8f-1617406954, networkLocation: /default-rack, certSerialId: null}
2019-10-04 16:47:51,090 [EventQueue-NodeRegistrationContainerReportForDataNodeSafeModeRule] INFO  safemode.SCMSafeModeManager (DataNodeSafeModeRule.java:process(71)) - SCM in safe mode. 1 DataNodes registered, 1 required.
2019-10-04 16:47:51,090 [EventQueue-NodeRegistrationContainerReportForDataNodeSafeModeRule] INFO  safemode.SCMSafeModeManager (SCMSafeModeManager.java:validateSafeModeExitRules(177)) - ScmSafeModeManager, all rules are successfully validated
2019-10-04 16:47:51,090 [EventQueue-NodeRegistrationContainerReportForDataNodeSafeModeRule] INFO  safemode.SCMSafeModeManager (SCMSafeModeManager.java:exitSafeMode(193)) - SCM exiting safe mode.
2019-10-04 16:47:51,141 [IPC Server handler 3 on 46339] INFO  net.NetworkTopology (NetworkTopologyImpl.java:add(111)) - Added a new node: /default-rack/5ae9cecc-3e88-4e48-9094-a35479a26cbd
2019-10-04 16:47:51,142 [IPC Server handler 3 on 46339] INFO  node.SCMNodeManager (SCMNodeManager.java:register(268)) - Registered Data node : 5ae9cecc-3e88-4e48-9094-a35479a26cbd{ip: 192.168.5.153, host: pr-hdds-2250-qhw8f-1617406954, networkLocation: /default-rack, certSerialId: null}
2019-10-04 16:47:51,225 [IPC Server handler 5 on 46339] INFO  net.NetworkTopology (NetworkTopologyImpl.java:add(111)) - Added a new node: /default-rack/b6546c7d-80eb-4829-96f5-eabd1005523b
2019-10-04 16:47:51,226 [IPC Server handler 5 on 46339] INFO  node.SCMNodeManager (SCMNodeManager.java:register(268)) - Registered Data node : b6546c7d-80eb-4829-96f5-eabd1005523b{ip: 192.168.5.153, host: pr-hdds-2250-qhw8f-1617406954, networkLocation: /default-rack, certSerialId: null}
2019-10-04 16:47:51,303 [IPC Server handler 6 on 46339] INFO  net.NetworkTopology (NetworkTopologyImpl.java:add(111)) - Added a new node: /default-rack/1dcfab43-391d-45c5-b294-9417c9104c52
2019-10-04 16:47:51,303 [IPC Server handler 6 on 46339] INFO  node.SCMNodeManager (SCMNodeManager.java:register(268)) - Registered Data node : 1dcfab43-391d-45c5-b294-9417c9104c52{ip: 192.168.5.153, host: pr-hdds-2250-qhw8f-1617406954, networkLocation: /default-rack, certSerialId: null}
2019-10-04 16:47:51,402 [IPC Server handler 4 on 46339] INFO  net.NetworkTopology (NetworkTopologyImpl.java:add(111)) - Added a new node: /default-rack/1a98ba17-ee97-4387-8a47-ae43e92b9c47
2019-10-04 16:47:51,402 [IPC Server handler 4 on 46339] INFO  node.SCMNodeManager (SCMNodeManager.java:register(268)) - Registered Data node : 1a98ba17-ee97-4387-8a47-ae43e92b9c47{ip: 192.168.5.153, host: pr-hdds-2250-qhw8f-1617406954, networkLocation: /default-rack, certSerialId: null}
2019-10-04 16:47:51,506 [IPC Server handler 1 on 46339] INFO  net.NetworkTopology (NetworkTopologyImpl.java:add(111)) - Added a new node: /default-rack/5d29b9c8-f93d-45ec-962e-e587b69359a4
2019-10-04 16:47:51,507 [IPC Server handler 1 on 46339] INFO  node.SCMNodeManager (SCMNodeManager.java:register(268)) - Registered Data node : 5d29b9c8-f93d-45ec-962e-e587b69359a4{ip: 192.168.5.153, host: pr-hdds-2250-qhw8f-1617406954, networkLocation: /default-rack, certSerialId: null}
2019-10-04 16:47:51,565 [main] INFO  ozone.MiniOzoneClusterImpl (MiniOzoneClusterImpl.java:lambda$waitForClusterToBeReady$0(147)) - Waiting for cluster to be ready. Got 6 of 7 DN Heartbeats.
2019-10-04 16:47:51,569 [IPC Server handler 2 on 46339] INFO  net.NetworkTopology (NetworkTopologyImpl.java:add(111)) - Added a new node: /default-rack/2241fb42-f8f0-4490-bd75-7cbb5c089b22
2019-10-04 16:47:51,570 [IPC Server handler 2 on 46339] INFO  node.SCMNodeManager (SCMNodeManager.java:register(268)) - Registered Data node : 2241fb42-f8f0-4490-bd75-7cbb5c089b22{ip: 192.168.5.153, host: pr-hdds-2250-qhw8f-1617406954, networkLocation: /default-rack, certSerialId: null}
2019-10-04 16:47:51,714 [grpc-default-executor-0] INFO  impl.RaftServerProxy (RaftServerProxy.java:addNew(89)) - 56251a7d-5ee5-41f8-a90e-1231f73e3ff7: addNew group-1360ED5FB010:[56251a7d-5ee5-41f8-a90e-1231f73e3ff7:192.168.5.153:46734] returns group-1360ED5FB010:java.util.concurrent.CompletableFuture@41557884[Not completed]
2019-10-04 16:47:51,731 [pool-27-thread-1] INFO  impl.RaftServerImpl (RaftServerImpl.java:<init>(95)) - 56251a7d-5ee5-41f8-a90e-1231f73e3ff7: new RaftServerImpl for group-1360ED5FB010:[56251a7d-5ee5-41f8-a90e-1231f73e3ff7:192.168.5.153:46734] with ContainerStateMachine:uninitialized
2019-10-04 16:47:51,733 [pool-27-thread-1] INFO  server.RaftServerConfigKeys (ConfUtils.java:logGet(43)) - raft.server.rpc.timeout.min = 5s (custom)
2019-10-04 16:47:51,735 [pool-27-thread-1] INFO  server.RaftServerConfigKeys (ConfUtils.java:logGet(43)) - raft.server.rpc.timeout.max = 5200ms (custom)
2019-10-04 16:47:51,736 [pool-27-thread-1] INFO  server.RaftServerConfigKeys (ConfUtils.java:logGet(43)) - raft.server.rpcslowness.timeout = 120s (custom)
2019-10-04 16:47:51,737 [pool-27-thread-1] INFO  server.RaftServerConfigKeys (ConfUtils.java:logGet(43)) - raft.server.sleep.deviation.threshold = 300 (default)
2019-10-04 16:47:51,738 [pool-27-thread-1] INFO  server.RaftServerConfigKeys (ConfUtils.java:logGet(43)) - raft.server.log.appender.install.snapshot.enabled = false (custom)
2019-10-04 16:47:51,749 [pool-27-thread-1] INFO  impl.RaftServerImpl (ServerState.java:<init>(103)) - 56251a7d-5ee5-41f8-a90e-1231f73e3ff7@group-1360ED5FB010: ConfigurationManager, init=-1: [56251a7d-5ee5-41f8-a90e-1231f73e3ff7:192.168.5.153:46734], old=null, confs=<EMPTY_MAP>
2019-10-04 16:47:51,749 [pool-27-thread-1] INFO  server.RaftServerConfigKeys (ConfUtils.java:logGet(43)) - raft.server.storage.dir = [/workdir/hadoop-ozone/integration-test/target/test-dir/MiniOzoneClusterImpl-a6663ea6-7428-4603-a828-442114a87559/datanode-0/data/ratis] (custom)
2019-10-04 16:47:51,757 [pool-27-thread-1] INFO  server.RaftServerConfigKeys (ConfUtils.java:logGet(43)) - raft.server.log.corruption.policy = EXCEPTION (default)
2019-10-04 16:47:51,759 [pool-27-thread-1] INFO  storage.RaftStorageDirectory (RaftStorageDirectory.java:analyzeStorage(246)) - The storage directory /workdir/hadoop-ozone/integration-test/target/test-dir/MiniOzoneClusterImpl-a6663ea6-7428-4603-a828-442114a87559/datanode-0/data/ratis/bd5398a9-27ff-4ebf-bd0f-1360ed5fb010 does not exist. Creating ...
2019-10-04 16:47:51,777 [pool-27-thread-1] INFO  storage.RaftStorageDirectory (RaftStorageDirectory.java:tryLock(328)) - Lock on /workdir/hadoop-ozone/integration-test/target/test-dir/MiniOzoneClusterImpl-a6663ea6-7428-4603-a828-442114a87559/datanode-0/data/ratis/bd5398a9-27ff-4ebf-bd0f-1360ed5fb010/in_use.lock acquired by nodename 14758@pr-hdds-2250-qhw8f-1617406954
2019-10-04 16:47:51,792 [pool-27-thread-1] INFO  storage.RaftStorage (RaftStorage.java:format(84)) - Storage directory /workdir/hadoop-ozone/integration-test/target/test-dir/MiniOzoneClusterImpl-a6663ea6-7428-4603-a828-442114a87559/datanode-0/data/ratis/bd5398a9-27ff-4ebf-bd0f-1360ed5fb010 has been successfully formatted.
2019-10-04 16:47:51,795 [pool-27-thread-1] INFO  ratis.ContainerStateMachine (ContainerStateMachine.java:loadSnapshot(230)) - group-1360ED5FB010: The snapshot info is null. Setting the last applied indexto:(t:0, i:~)
2019-10-04 16:47:51,795 [pool-27-thread-1] INFO  server.RaftServerConfigKeys (ConfUtils.java:logGet(43)) - raft.server.notification.no-leader.timeout = 120s (custom)
2019-10-04 16:47:51,797 [pool-27-thread-1] INFO  server.RaftServerConfigKeys (ConfUtils.java:logGet(43)) - raft.server.log.use.memory = false (default)
2019-10-04 16:47:51,804 [pool-27-thread-1] INFO  server.RaftServerConfigKeys (ConfUtils.java:logGet(43)) - raft.server.log.purge.gap = 1000000 (custom)
2019-10-04 16:47:51,804 [pool-27-thread-1] INFO  server.RaftServerConfigKeys (ConfUtils.java:logGet(43)) - raft.server.log.appender.buffer.byte-limit = 33554432 (custom)
2019-10-04 16:47:51,806 [pool-27-thread-1] INFO  server.RaftServerConfigKeys (ConfUtils.java:logGet(43)) - raft.server.log.segment.size.max = 1048576 (custom)
2019-10-04 16:47:51,808 [pool-27-thread-1] INFO  impl.MetricsSystemImpl (MetricsSystemImpl.java:init(158)) - ratis metrics system started (again)
2019-10-04 16:47:51,812 [pool-27-thread-1] INFO  metrics.MetricRegistries (MetricRegistriesLoader.java:load(64)) - Loaded MetricRegistries class org.apache.ratis.metrics.impl.MetricRegistriesImpl
2019-10-04 16:47:51,856 [pool-27-thread-1] INFO  server.RaftServerConfigKeys (ConfUtils.java:logGet(43)) - raft.server.log.segment.cache.num.max = 2 (custom)
2019-10-04 16:47:51,873 [pool-27-thread-1] INFO  segmented.SegmentedRaftLogWorker (SegmentedRaftLogWorker.java:<init>(173)) - new 56251a7d-5ee5-41f8-a90e-1231f73e3ff7@group-1360ED5FB010-SegmentedRaftLogWorker for RaftStorage:Storage Directory /workdir/hadoop-ozone/integration-test/target/test-dir/MiniOzoneClusterImpl-a6663ea6-7428-4603-a828-442114a87559/datanode-0/data/ratis/bd5398a9-27ff-4ebf-bd0f-1360ed5fb010
2019-10-04 16:47:51,874 [pool-27-thread-1] INFO  server.RaftServerConfigKeys (ConfUtils.java:logGet(43)) - raft.server.log.queue.byte-limit = 2147483647 (custom)
2019-10-04 16:47:51,875 [pool-27-thread-1] INFO  server.RaftServerConfigKeys (ConfUtils.java:logGet(43)) - raft.server.log.queue.element-limit = 1024 (custom)
2019-10-04 16:47:51,877 [pool-27-thread-1] INFO  server.RaftServerConfigKeys (ConfUtils.java:logGet(43)) - raft.server.log.segment.size.max = 1048576 (custom)
2019-10-04 16:47:51,878 [pool-27-thread-1] INFO  server.RaftServerConfigKeys (ConfUtils.java:logGet(43)) - raft.server.log.preallocated.size = 16384 (custom)
2019-10-04 16:47:51,879 [pool-27-thread-1] INFO  server.RaftServerConfigKeys (ConfUtils.java:logGet(43)) - raft.server.log.write.buffer.size = 33554432 (custom)
2019-10-04 16:47:51,879 [pool-27-thread-1] INFO  server.RaftServerConfigKeys (ConfUtils.java:logGet(43)) - raft.server.log.force.sync.num = 128 (default)
2019-10-04 16:47:51,881 [pool-27-thread-1] INFO  server.RaftServerConfigKeys (ConfUtils.java:logGet(43)) - raft.server.log.statemachine.data.sync = true (default)
2019-10-04 16:47:51,881 [pool-27-thread-1] INFO  server.RaftServerConfigKeys (ConfUtils.java:logGet(43)) - raft.server.log.statemachine.data.sync.timeout = 10s (default)
2019-10-04 16:47:51,882 [pool-27-thread-1] INFO  server.RaftServerConfigKeys (ConfUtils.java:logGet(43)) - raft.server.log.statemachine.data.sync.timeout.retry = -1 (default)
2019-10-04 16:47:51,898 [pool-27-thread-1] INFO  server.RaftServerConfigKeys (ConfUtils.java:logGet(43)) - raft.server.log.statemachine.data.caching.enabled = true (custom)
2019-10-04 16:47:51,904 [pool-27-thread-1] INFO  segmented.SegmentedRaftLogWorker (SegmentedRaftLogWorker.java:lambda$new$0(128)) - 56251a7d-5ee5-41f8-a90e-1231f73e3ff7@group-1360ED5FB010-SegmentedRaftLogWorker: flushIndex: setUnconditionally 0 -> -1
2019-10-04 16:47:51,909 [pool-27-thread-1] INFO  server.RaftServerConfigKeys (ConfUtils.java:logGet(43)) - raft.server.snapshot.auto.trigger.enabled = true (custom)
2019-10-04 16:47:51,910 [pool-27-thread-1] INFO  server.RaftServerConfigKeys (ConfUtils.java:logGet(43)) - raft.server.snapshot.auto.trigger.threshold = 10000 (custom)
2019-10-04 16:47:51,911 [pool-27-thread-1] INFO  server.RaftServerConfigKeys (ConfUtils.java:logGet(43)) - raft.server.snapshot.retention.file.num = 5 (custom)
2019-10-04 16:47:51,912 [pool-27-thread-1] INFO  server.RaftServerConfigKeys (ConfUtils.java:logGet(43)) - raft.server.retrycache.expirytime = 600000ms (custom)
2019-10-04 16:47:51,944 [pool-27-thread-1] INFO  impl.RaftServerImpl (RaftServerImpl.java:start(181)) - 56251a7d-5ee5-41f8-a90e-1231f73e3ff7@group-1360ED5FB010: start as a follower, conf=-1: [56251a7d-5ee5-41f8-a90e-1231f73e3ff7:192.168.5.153:46734], old=null
2019-10-04 16:47:51,945 [pool-27-thread-1] INFO  impl.RaftServerImpl (RaftServerImpl.java:setRole(170)) - 56251a7d-5ee5-41f8-a90e-1231f73e3ff7@group-1360ED5FB010: changes role from      null to FOLLOWER at term 0 for startAsFollower
2019-10-04 16:47:51,946 [pool-27-thread-1] INFO  impl.RoleInfo (RoleInfo.java:updateAndGet(143)) - 56251a7d-5ee5-41f8-a90e-1231f73e3ff7: start FollowerState
2019-10-04 16:47:51,948 [pool-27-thread-1] INFO  util.JmxRegister (JmxRegister.java:tryRegister(44)) - Successfully registered JMX Bean with object name Ratis:service=RaftServer,group=group-1360ED5FB010,id=56251a7d-5ee5-41f8-a90e-1231f73e3ff7
2019-10-04 16:47:52,034 [RatisPipelineUtilsThread] INFO  pipeline.PipelineStateManager (PipelineStateManager.java:addPipeline(56)) - Created pipeline Pipeline[ Id: bd5398a9-27ff-4ebf-bd0f-1360ed5fb010, Nodes: 56251a7d-5ee5-41f8-a90e-1231f73e3ff7{ip: 192.168.5.153, host: pr-hdds-2250-qhw8f-1617406954, networkLocation: /default-rack, certSerialId: null}, Type:RATIS, Factor:ONE, State:OPEN]
2019-10-04 16:47:52,067 [grpc-default-executor-0] INFO  impl.RaftServerProxy (RaftServerProxy.java:addNew(89)) - 1dcfab43-391d-45c5-b294-9417c9104c52: addNew group-8FB7BC7ACB44:[1dcfab43-391d-45c5-b294-9417c9104c52:192.168.5.153:40954] returns group-8FB7BC7ACB44:java.util.concurrent.CompletableFuture@55851e25[Not completed]
2019-10-04 16:47:52,123 [pool-57-thread-1] INFO  impl.RaftServerImpl (RaftServerImpl.java:<init>(95)) - 1dcfab43-391d-45c5-b294-9417c9104c52: new RaftServerImpl for group-8FB7BC7ACB44:[1dcfab43-391d-45c5-b294-9417c9104c52:192.168.5.153:40954] with ContainerStateMachine:uninitialized
2019-10-04 16:47:52,124 [pool-57-thread-1] INFO  server.RaftServerConfigKeys (ConfUtils.java:logGet(43)) - raft.server.rpc.timeout.min = 5s (custom)
2019-10-04 16:47:52,124 [pool-57-thread-1] INFO  server.RaftServerConfigKeys (ConfUtils.java:logGet(43)) - raft.server.rpc.timeout.max = 5200ms (custom)
2019-10-04 16:47:52,124 [pool-57-thread-1] INFO  server.RaftServerConfigKeys (ConfUtils.java:logGet(43)) - raft.server.rpcslowness.timeout = 120s (custom)
2019-10-04 16:47:52,125 [pool-57-thread-1] INFO  server.RaftServerConfigKeys (ConfUtils.java:logGet(43)) - raft.server.sleep.deviation.threshold = 300 (default)
2019-10-04 16:47:52,125 [pool-57-thread-1] INFO  server.RaftServerConfigKeys (ConfUtils.java:logGet(43)) - raft.server.log.appender.install.snapshot.enabled = false (custom)
2019-10-04 16:47:52,125 [pool-57-thread-1] INFO  impl.RaftServerImpl (ServerState.java:<init>(103)) - 1dcfab43-391d-45c5-b294-9417c9104c52@group-8FB7BC7ACB44: ConfigurationManager, init=-1: [1dcfab43-391d-45c5-b294-9417c9104c52:192.168.5.153:40954], old=null, confs=<EMPTY_MAP>
2019-10-04 16:47:52,125 [pool-57-thread-1] INFO  server.RaftServerConfigKeys (ConfUtils.java:logGet(43)) - raft.server.storage.dir = [/workdir/hadoop-ozone/integration-test/target/test-dir/MiniOzoneClusterImpl-a6663ea6-7428-4603-a828-442114a87559/datanode-3/data/ratis] (custom)
2019-10-04 16:47:52,125 [pool-57-thread-1] INFO  server.RaftServerConfigKeys (ConfUtils.java:logGet(43)) - raft.server.log.corruption.policy = EXCEPTION (default)
2019-10-04 16:47:52,126 [pool-57-thread-1] INFO  storage.RaftStorageDirectory (RaftStorageDirectory.java:analyzeStorage(246)) - The storage directory /workdir/hadoop-ozone/integration-test/target/test-dir/MiniOzoneClusterImpl-a6663ea6-7428-4603-a828-442114a87559/datanode-3/data/ratis/90fd6abf-d896-440b-99ac-8fb7bc7acb44 does not exist. Creating ...
2019-10-04 16:47:52,139 [pool-57-thread-1] INFO  storage.RaftStorageDirectory (RaftStorageDirectory.java:tryLock(328)) - Lock on /workdir/hadoop-ozone/integration-test/target/test-dir/MiniOzoneClusterImpl-a6663ea6-7428-4603-a828-442114a87559/datanode-3/data/ratis/90fd6abf-d896-440b-99ac-8fb7bc7acb44/in_use.lock acquired by nodename 14758@pr-hdds-2250-qhw8f-1617406954
2019-10-04 16:47:52,153 [pool-57-thread-1] INFO  storage.RaftStorage (RaftStorage.java:format(84)) - Storage directory /workdir/hadoop-ozone/integration-test/target/test-dir/MiniOzoneClusterImpl-a6663ea6-7428-4603-a828-442114a87559/datanode-3/data/ratis/90fd6abf-d896-440b-99ac-8fb7bc7acb44 has been successfully formatted.
2019-10-04 16:47:52,156 [pool-57-thread-1] INFO  ratis.ContainerStateMachine (ContainerStateMachine.java:loadSnapshot(230)) - group-8FB7BC7ACB44: The snapshot info is null. Setting the last applied indexto:(t:0, i:~)
2019-10-04 16:47:52,157 [pool-57-thread-1] INFO  server.RaftServerConfigKeys (ConfUtils.java:logGet(43)) - raft.server.notification.no-leader.timeout = 120s (custom)
2019-10-04 16:47:52,158 [pool-57-thread-1] INFO  server.RaftServerConfigKeys (ConfUtils.java:logGet(43)) - raft.server.log.use.memory = false (default)
2019-10-04 16:47:52,158 [pool-57-thread-1] INFO  server.RaftServerConfigKeys (ConfUtils.java:logGet(43)) - raft.server.log.purge.gap = 1000000 (custom)
2019-10-04 16:47:52,158 [pool-57-thread-1] INFO  server.RaftServerConfigKeys (ConfUtils.java:logGet(43)) - raft.server.log.appender.buffer.byte-limit = 33554432 (custom)
2019-10-04 16:47:52,158 [pool-57-thread-1] INFO  server.RaftServerConfigKeys (ConfUtils.java:logGet(43)) - raft.server.log.segment.size.max = 1048576 (custom)
2019-10-04 16:47:52,164 [pool-57-thread-1] INFO  server.RaftServerConfigKeys (ConfUtils.java:logGet(43)) - raft.server.log.segment.cache.num.max = 2 (custom)
2019-10-04 16:47:52,164 [pool-57-thread-1] INFO  segmented.SegmentedRaftLogWorker (SegmentedRaftLogWorker.java:<init>(173)) - new 1dcfab43-391d-45c5-b294-9417c9104c52@group-8FB7BC7ACB44-SegmentedRaftLogWorker for RaftStorage:Storage Directory /workdir/hadoop-ozone/integration-test/target/test-dir/MiniOzoneClusterImpl-a6663ea6-7428-4603-a828-442114a87559/datanode-3/data/ratis/90fd6abf-d896-440b-99ac-8fb7bc7acb44
2019-10-04 16:47:52,166 [pool-57-thread-1] INFO  server.RaftServerConfigKeys (ConfUtils.java:logGet(43)) - raft.server.log.queue.byte-limit = 2147483647 (custom)
2019-10-04 16:47:52,166 [pool-57-thread-1] INFO  server.RaftServerConfigKeys (ConfUtils.java:logGet(43)) - raft.server.log.queue.element-limit = 1024 (custom)
2019-10-04 16:47:52,166 [pool-57-thread-1] INFO  server.RaftServerConfigKeys (ConfUtils.java:logGet(43)) - raft.server.log.segment.size.max = 1048576 (custom)
2019-10-04 16:47:52,166 [pool-57-thread-1] INFO  server.RaftServerConfigKeys (ConfUtils.java:logGet(43)) - raft.server.log.preallocated.size = 16384 (custom)
2019-10-04 16:47:52,167 [pool-57-thread-1] INFO  server.RaftServerConfigKeys (ConfUtils.java:logGet(43)) - raft.server.log.write.buffer.size = 33554432 (custom)
2019-10-04 16:47:52,167 [pool-57-thread-1] INFO  server.RaftServerConfigKeys (ConfUtils.java:logGet(43)) - raft.server.log.force.sync.num = 128 (default)
2019-10-04 16:47:52,167 [pool-57-thread-1] INFO  server.RaftServerConfigKeys (ConfUtils.java:logGet(43)) - raft.server.log.statemachine.data.sync = true (default)
2019-10-04 16:47:52,167 [pool-57-thread-1] INFO  server.RaftServerConfigKeys (ConfUtils.java:logGet(43)) - raft.server.log.statemachine.data.sync.timeout = 10s (default)
2019-10-04 16:47:52,167 [pool-57-thread-1] INFO  server.RaftServerConfigKeys (ConfUtils.java:logGet(43)) - raft.server.log.statemachine.data.sync.timeout.retry = -1 (default)
2019-10-04 16:47:52,168 [pool-57-thread-1] INFO  server.RaftServerConfigKeys (ConfUtils.java:logGet(43)) - raft.server.log.statemachine.data.caching.enabled = true (custom)
2019-10-04 16:47:52,169 [pool-57-thread-1] INFO  segmented.SegmentedRaftLogWorker (SegmentedRaftLogWorker.java:lambda$new$0(128)) - 1dcfab43-391d-45c5-b294-9417c9104c52@group-8FB7BC7ACB44-SegmentedRaftLogWorker: flushIndex: setUnconditionally 0 -> -1
2019-10-04 16:47:52,169 [pool-57-thread-1] INFO  server.RaftServerConfigKeys (ConfUtils.java:logGet(43)) - raft.server.snapshot.auto.trigger.enabled = true (custom)
2019-10-04 16:47:52,169 [pool-57-thread-1] INFO  server.RaftServerConfigKeys (ConfUtils.java:logGet(43)) - raft.server.snapshot.auto.trigger.threshold = 10000 (custom)
2019-10-04 16:47:52,169 [pool-57-thread-1] INFO  server.RaftServerConfigKeys (ConfUtils.java:logGet(43)) - raft.server.snapshot.retention.file.num = 5 (custom)
2019-10-04 16:47:52,170 [pool-57-thread-1] INFO  server.RaftServerConfigKeys (ConfUtils.java:logGet(43)) - raft.server.retrycache.expirytime = 600000ms (custom)
2019-10-04 16:47:52,174 [pool-57-thread-1] INFO  impl.RaftServerImpl (RaftServerImpl.java:start(181)) - 1dcfab43-391d-45c5-b294-9417c9104c52@group-8FB7BC7ACB44: start as a follower, conf=-1: [1dcfab43-391d-45c5-b294-9417c9104c52:192.168.5.153:40954], old=null
2019-10-04 16:47:52,175 [pool-57-thread-1] INFO  impl.RaftServerImpl (RaftServerImpl.java:setRole(170)) - 1dcfab43-391d-45c5-b294-9417c9104c52@group-8FB7BC7ACB44: changes role from      null to FOLLOWER at term 0 for startAsFollower
2019-10-04 16:47:52,175 [pool-57-thread-1] INFO  impl.RoleInfo (RoleInfo.java:updateAndGet(143)) - 1dcfab43-391d-45c5-b294-9417c9104c52: start FollowerState
2019-10-04 16:47:52,177 [pool-57-thread-1] INFO  util.JmxRegister (JmxRegister.java:tryRegister(44)) - Successfully registered JMX Bean with object name Ratis:service=RaftServer,group=group-8FB7BC7ACB44,id=1dcfab43-391d-45c5-b294-9417c9104c52
2019-10-04 16:47:52,198 [RatisPipelineUtilsThread] INFO  pipeline.PipelineStateManager (PipelineStateManager.java:addPipeline(56)) - Created pipeline Pipeline[ Id: 90fd6abf-d896-440b-99ac-8fb7bc7acb44, Nodes: 1dcfab43-391d-45c5-b294-9417c9104c52{ip: 192.168.5.153, host: pr-hdds-2250-qhw8f-1617406954, networkLocation: /default-rack, certSerialId: null}, Type:RATIS, Factor:ONE, State:OPEN]
2019-10-04 16:47:52,227 [grpc-default-executor-0] INFO  impl.RaftServerProxy (RaftServerProxy.java:addNew(89)) - 1a98ba17-ee97-4387-8a47-ae43e92b9c47: addNew group-5FAD87D3EA6F:[1a98ba17-ee97-4387-8a47-ae43e92b9c47:192.168.5.153:44781] returns group-5FAD87D3EA6F:java.util.concurrent.CompletableFuture@2550476[Not completed]
2019-10-04 16:47:52,252 [pool-67-thread-1] INFO  impl.RaftServerImpl (RaftServerImpl.java:<init>(95)) - 1a98ba17-ee97-4387-8a47-ae43e92b9c47: new RaftServerImpl for group-5FAD87D3EA6F:[1a98ba17-ee97-4387-8a47-ae43e92b9c47:192.168.5.153:44781] with ContainerStateMachine:uninitialized
2019-10-04 16:47:52,252 [pool-67-thread-1] INFO  server.RaftServerConfigKeys (ConfUtils.java:logGet(43)) - raft.server.rpc.timeout.min = 5s (custom)
2019-10-04 16:47:52,252 [pool-67-thread-1] INFO  server.RaftServerConfigKeys (ConfUtils.java:logGet(43)) - raft.server.rpc.timeout.max = 5200ms (custom)
2019-10-04 16:47:52,252 [pool-67-thread-1] INFO  server.RaftServerConfigKeys (ConfUtils.java:logGet(43)) - raft.server.rpcslowness.timeout = 120s (custom)
2019-10-04 16:47:52,252 [pool-67-thread-1] INFO  server.RaftServerConfigKeys (ConfUtils.java:logGet(43)) - raft.server.sleep.deviation.threshold = 300 (default)
2019-10-04 16:47:52,252 [pool-67-thread-1] INFO  server.RaftServerConfigKeys (ConfUtils.java:logGet(43)) - raft.server.log.appender.install.snapshot.enabled = false (custom)
2019-10-04 16:47:52,253 [pool-67-thread-1] INFO  impl.RaftServerImpl (ServerState.java:<init>(103)) - 1a98ba17-ee97-4387-8a47-ae43e92b9c47@group-5FAD87D3EA6F: ConfigurationManager, init=-1: [1a98ba17-ee97-4387-8a47-ae43e92b9c47:192.168.5.153:44781], old=null, confs=<EMPTY_MAP>
2019-10-04 16:47:52,253 [pool-67-thread-1] INFO  server.RaftServerConfigKeys (ConfUtils.java:logGet(43)) - raft.server.storage.dir = [/workdir/hadoop-ozone/integration-test/target/test-dir/MiniOzoneClusterImpl-a6663ea6-7428-4603-a828-442114a87559/datanode-4/data/ratis] (custom)
2019-10-04 16:47:52,253 [pool-67-thread-1] INFO  server.RaftServerConfigKeys (ConfUtils.java:logGet(43)) - raft.server.log.corruption.policy = EXCEPTION (default)
2019-10-04 16:47:52,253 [pool-67-thread-1] INFO  storage.RaftStorageDirectory (RaftStorageDirectory.java:analyzeStorage(246)) - The storage directory /workdir/hadoop-ozone/integration-test/target/test-dir/MiniOzoneClusterImpl-a6663ea6-7428-4603-a828-442114a87559/datanode-4/data/ratis/071019d3-fd09-448f-863b-5fad87d3ea6f does not exist. Creating ...
2019-10-04 16:47:52,266 [pool-67-thread-1] INFO  storage.RaftStorageDirectory (RaftStorageDirectory.java:tryLock(328)) - Lock on /workdir/hadoop-ozone/integration-test/target/test-dir/MiniOzoneClusterImpl-a6663ea6-7428-4603-a828-442114a87559/datanode-4/data/ratis/071019d3-fd09-448f-863b-5fad87d3ea6f/in_use.lock acquired by nodename 14758@pr-hdds-2250-qhw8f-1617406954
2019-10-04 16:47:52,279 [pool-67-thread-1] INFO  storage.RaftStorage (RaftStorage.java:format(84)) - Storage directory /workdir/hadoop-ozone/integration-test/target/test-dir/MiniOzoneClusterImpl-a6663ea6-7428-4603-a828-442114a87559/datanode-4/data/ratis/071019d3-fd09-448f-863b-5fad87d3ea6f has been successfully formatted.
2019-10-04 16:47:52,279 [pool-67-thread-1] INFO  ratis.ContainerStateMachine (ContainerStateMachine.java:loadSnapshot(230)) - group-5FAD87D3EA6F: The snapshot info is null. Setting the last applied indexto:(t:0, i:~)
2019-10-04 16:47:52,279 [pool-67-thread-1] INFO  server.RaftServerConfigKeys (ConfUtils.java:logGet(43)) - raft.server.notification.no-leader.timeout = 120s (custom)
2019-10-04 16:47:52,279 [pool-67-thread-1] INFO  server.RaftServerConfigKeys (ConfUtils.java:logGet(43)) - raft.server.log.use.memory = false (default)
2019-10-04 16:47:52,280 [pool-67-thread-1] INFO  server.RaftServerConfigKeys (ConfUtils.java:logGet(43)) - raft.server.log.purge.gap = 1000000 (custom)
2019-10-04 16:47:52,280 [pool-67-thread-1] INFO  server.RaftServerConfigKeys (ConfUtils.java:logGet(43)) - raft.server.log.appender.buffer.byte-limit = 33554432 (custom)
2019-10-04 16:47:52,280 [pool-67-thread-1] INFO  server.RaftServerConfigKeys (ConfUtils.java:logGet(43)) - raft.server.log.segment.size.max = 1048576 (custom)
2019-10-04 16:47:52,324 [pool-67-thread-1] INFO  server.RaftServerConfigKeys (ConfUtils.java:logGet(43)) - raft.server.log.segment.cache.num.max = 2 (custom)
2019-10-04 16:47:52,324 [pool-67-thread-1] INFO  segmented.SegmentedRaftLogWorker (SegmentedRaftLogWorker.java:<init>(173)) - new 1a98ba17-ee97-4387-8a47-ae43e92b9c47@group-5FAD87D3EA6F-SegmentedRaftLogWorker for RaftStorage:Storage Directory /workdir/hadoop-ozone/integration-test/target/test-dir/MiniOzoneClusterImpl-a6663ea6-7428-4603-a828-442114a87559/datanode-4/data/ratis/071019d3-fd09-448f-863b-5fad87d3ea6f
2019-10-04 16:47:52,324 [pool-67-thread-1] INFO  server.RaftServerConfigKeys (ConfUtils.java:logGet(43)) - raft.server.log.queue.byte-limit = 2147483647 (custom)
2019-10-04 16:47:52,324 [pool-67-thread-1] INFO  server.RaftServerConfigKeys (ConfUtils.java:logGet(43)) - raft.server.log.queue.element-limit = 1024 (custom)
2019-10-04 16:47:52,325 [pool-67-thread-1] INFO  server.RaftServerConfigKeys (ConfUtils.java:logGet(43)) - raft.server.log.segment.size.max = 1048576 (custom)
2019-10-04 16:47:52,325 [pool-67-thread-1] INFO  server.RaftServerConfigKeys (ConfUtils.java:logGet(43)) - raft.server.log.preallocated.size = 16384 (custom)
2019-10-04 16:47:52,325 [pool-67-thread-1] INFO  server.RaftServerConfigKeys (ConfUtils.java:logGet(43)) - raft.server.log.write.buffer.size = 33554432 (custom)
2019-10-04 16:47:52,325 [pool-67-thread-1] INFO  server.RaftServerConfigKeys (ConfUtils.java:logGet(43)) - raft.server.log.force.sync.num = 128 (default)
2019-10-04 16:47:52,325 [pool-67-thread-1] INFO  server.RaftServerConfigKeys (ConfUtils.java:logGet(43)) - raft.server.log.statemachine.data.sync = true (default)
2019-10-04 16:47:52,325 [pool-67-thread-1] INFO  server.RaftServerConfigKeys (ConfUtils.java:logGet(43)) - raft.server.log.statemachine.data.sync.timeout = 10s (default)
2019-10-04 16:47:52,325 [pool-67-thread-1] INFO  server.RaftServerConfigKeys (ConfUtils.java:logGet(43)) - raft.server.log.statemachine.data.sync.timeout.retry = -1 (default)
2019-10-04 16:47:52,326 [pool-67-thread-1] INFO  server.RaftServerConfigKeys (ConfUtils.java:logGet(43)) - raft.server.log.statemachine.data.caching.enabled = true (custom)
2019-10-04 16:47:52,326 [pool-67-thread-1] INFO  segmented.SegmentedRaftLogWorker (SegmentedRaftLogWorker.java:lambda$new$0(128)) - 1a98ba17-ee97-4387-8a47-ae43e92b9c47@group-5FAD87D3EA6F-SegmentedRaftLogWorker: flushIndex: setUnconditionally 0 -> -1
2019-10-04 16:47:52,327 [pool-67-thread-1] INFO  server.RaftServerConfigKeys (ConfUtils.java:logGet(43)) - raft.server.snapshot.auto.trigger.enabled = true (custom)
2019-10-04 16:47:52,327 [pool-67-thread-1] INFO  server.RaftServerConfigKeys (ConfUtils.java:logGet(43)) - raft.server.snapshot.auto.trigger.threshold = 10000 (custom)
2019-10-04 16:47:52,327 [pool-67-thread-1] INFO  server.RaftServerConfigKeys (ConfUtils.java:logGet(43)) - raft.server.snapshot.retention.file.num = 5 (custom)
2019-10-04 16:47:52,327 [pool-67-thread-1] INFO  server.RaftServerConfigKeys (ConfUtils.java:logGet(43)) - raft.server.retrycache.expirytime = 600000ms (custom)
2019-10-04 16:47:52,331 [pool-67-thread-1] INFO  impl.RaftServerImpl (RaftServerImpl.java:start(181)) - 1a98ba17-ee97-4387-8a47-ae43e92b9c47@group-5FAD87D3EA6F: start as a follower, conf=-1: [1a98ba17-ee97-4387-8a47-ae43e92b9c47:192.168.5.153:44781], old=null
2019-10-04 16:47:52,331 [pool-67-thread-1] INFO  impl.RaftServerImpl (RaftServerImpl.java:setRole(170)) - 1a98ba17-ee97-4387-8a47-ae43e92b9c47@group-5FAD87D3EA6F: changes role from      null to FOLLOWER at term 0 for startAsFollower
2019-10-04 16:47:52,331 [pool-67-thread-1] INFO  impl.RoleInfo (RoleInfo.java:updateAndGet(143)) - 1a98ba17-ee97-4387-8a47-ae43e92b9c47: start FollowerState
2019-10-04 16:47:52,331 [pool-67-thread-1] INFO  util.JmxRegister (JmxRegister.java:tryRegister(44)) - Successfully registered JMX Bean with object name Ratis:service=RaftServer,group=group-5FAD87D3EA6F,id=1a98ba17-ee97-4387-8a47-ae43e92b9c47
2019-10-04 16:47:52,349 [RatisPipelineUtilsThread] INFO  pipeline.PipelineStateManager (PipelineStateManager.java:addPipeline(56)) - Created pipeline Pipeline[ Id: 071019d3-fd09-448f-863b-5fad87d3ea6f, Nodes: 1a98ba17-ee97-4387-8a47-ae43e92b9c47{ip: 192.168.5.153, host: pr-hdds-2250-qhw8f-1617406954, networkLocation: /default-rack, certSerialId: null}, Type:RATIS, Factor:ONE, State:OPEN]
2019-10-04 16:47:52,369 [grpc-default-executor-0] INFO  impl.RaftServerProxy (RaftServerProxy.java:addNew(89)) - 2241fb42-f8f0-4490-bd75-7cbb5c089b22: addNew group-7002EAAD8C0E:[2241fb42-f8f0-4490-bd75-7cbb5c089b22:192.168.5.153:45809] returns group-7002EAAD8C0E:java.util.concurrent.CompletableFuture@58b647d6[Not completed]
2019-10-04 16:47:52,373 [pool-87-thread-1] INFO  impl.RaftServerImpl (RaftServerImpl.java:<init>(95)) - 2241fb42-f8f0-4490-bd75-7cbb5c089b22: new RaftServerImpl for group-7002EAAD8C0E:[2241fb42-f8f0-4490-bd75-7cbb5c089b22:192.168.5.153:45809] with ContainerStateMachine:uninitialized
2019-10-04 16:47:52,373 [pool-87-thread-1] INFO  server.RaftServerConfigKeys (ConfUtils.java:logGet(43)) - raft.server.rpc.timeout.min = 5s (custom)
2019-10-04 16:47:52,373 [pool-87-thread-1] INFO  server.RaftServerConfigKeys (ConfUtils.java:logGet(43)) - raft.server.rpc.timeout.max = 5200ms (custom)
2019-10-04 16:47:52,373 [pool-87-thread-1] INFO  server.RaftServerConfigKeys (ConfUtils.java:logGet(43)) - raft.server.rpcslowness.timeout = 120s (custom)
2019-10-04 16:47:52,374 [pool-87-thread-1] INFO  server.RaftServerConfigKeys (ConfUtils.java:logGet(43)) - raft.server.sleep.deviation.threshold = 300 (default)
2019-10-04 16:47:52,374 [pool-87-thread-1] INFO  server.RaftServerConfigKeys (ConfUtils.java:logGet(43)) - raft.server.log.appender.install.snapshot.enabled = false (custom)
2019-10-04 16:47:52,374 [pool-87-thread-1] INFO  impl.RaftServerImpl (ServerState.java:<init>(103)) - 2241fb42-f8f0-4490-bd75-7cbb5c089b22@group-7002EAAD8C0E: ConfigurationManager, init=-1: [2241fb42-f8f0-4490-bd75-7cbb5c089b22:192.168.5.153:45809], old=null, confs=<EMPTY_MAP>
2019-10-04 16:47:52,374 [pool-87-thread-1] INFO  server.RaftServerConfigKeys (ConfUtils.java:logGet(43)) - raft.server.storage.dir = [/workdir/hadoop-ozone/integration-test/target/test-dir/MiniOzoneClusterImpl-a6663ea6-7428-4603-a828-442114a87559/datanode-6/data/ratis] (custom)
2019-10-04 16:47:52,374 [pool-87-thread-1] INFO  server.RaftServerConfigKeys (ConfUtils.java:logGet(43)) - raft.server.log.corruption.policy = EXCEPTION (default)
2019-10-04 16:47:52,374 [pool-87-thread-1] INFO  storage.RaftStorageDirectory (RaftStorageDirectory.java:analyzeStorage(246)) - The storage directory /workdir/hadoop-ozone/integration-test/target/test-dir/MiniOzoneClusterImpl-a6663ea6-7428-4603-a828-442114a87559/datanode-6/data/ratis/bf57c4bd-a5c0-445c-b6e5-7002eaad8c0e does not exist. Creating ...
2019-10-04 16:47:52,387 [pool-87-thread-1] INFO  storage.RaftStorageDirectory (RaftStorageDirectory.java:tryLock(328)) - Lock on /workdir/hadoop-ozone/integration-test/target/test-dir/MiniOzoneClusterImpl-a6663ea6-7428-4603-a828-442114a87559/datanode-6/data/ratis/bf57c4bd-a5c0-445c-b6e5-7002eaad8c0e/in_use.lock acquired by nodename 14758@pr-hdds-2250-qhw8f-1617406954
2019-10-04 16:47:52,400 [pool-87-thread-1] INFO  storage.RaftStorage (RaftStorage.java:format(84)) - Storage directory /workdir/hadoop-ozone/integration-test/target/test-dir/MiniOzoneClusterImpl-a6663ea6-7428-4603-a828-442114a87559/datanode-6/data/ratis/bf57c4bd-a5c0-445c-b6e5-7002eaad8c0e has been successfully formatted.
2019-10-04 16:47:52,400 [pool-87-thread-1] INFO  ratis.ContainerStateMachine (ContainerStateMachine.java:loadSnapshot(230)) - group-7002EAAD8C0E: The snapshot info is null. Setting the last applied indexto:(t:0, i:~)
2019-10-04 16:47:52,400 [pool-87-thread-1] INFO  server.RaftServerConfigKeys (ConfUtils.java:logGet(43)) - raft.server.notification.no-leader.timeout = 120s (custom)
2019-10-04 16:47:52,400 [pool-87-thread-1] INFO  server.RaftServerConfigKeys (ConfUtils.java:logGet(43)) - raft.server.log.use.memory = false (default)
2019-10-04 16:47:52,401 [pool-87-thread-1] INFO  server.RaftServerConfigKeys (ConfUtils.java:logGet(43)) - raft.server.log.purge.gap = 1000000 (custom)
2019-10-04 16:47:52,401 [pool-87-thread-1] INFO  server.RaftServerConfigKeys (ConfUtils.java:logGet(43)) - raft.server.log.appender.buffer.byte-limit = 33554432 (custom)
2019-10-04 16:47:52,401 [pool-87-thread-1] INFO  server.RaftServerConfigKeys (ConfUtils.java:logGet(43)) - raft.server.log.segment.size.max = 1048576 (custom)
2019-10-04 16:47:52,405 [pool-87-thread-1] INFO  server.RaftServerConfigKeys (ConfUtils.java:logGet(43)) - raft.server.log.segment.cache.num.max = 2 (custom)
2019-10-04 16:47:52,405 [pool-87-thread-1] INFO  segmented.SegmentedRaftLogWorker (SegmentedRaftLogWorker.java:<init>(173)) - new 2241fb42-f8f0-4490-bd75-7cbb5c089b22@group-7002EAAD8C0E-SegmentedRaftLogWorker for RaftStorage:Storage Directory /workdir/hadoop-ozone/integration-test/target/test-dir/MiniOzoneClusterImpl-a6663ea6-7428-4603-a828-442114a87559/datanode-6/data/ratis/bf57c4bd-a5c0-445c-b6e5-7002eaad8c0e
2019-10-04 16:47:52,405 [pool-87-thread-1] INFO  server.RaftServerConfigKeys (ConfUtils.java:logGet(43)) - raft.server.log.queue.byte-limit = 2147483647 (custom)
2019-10-04 16:47:52,405 [pool-87-thread-1] INFO  server.RaftServerConfigKeys (ConfUtils.java:logGet(43)) - raft.server.log.queue.element-limit = 1024 (custom)
2019-10-04 16:47:52,405 [pool-87-thread-1] INFO  server.RaftServerConfigKeys (ConfUtils.java:logGet(43)) - raft.server.log.segment.size.max = 1048576 (custom)
2019-10-04 16:47:52,405 [pool-87-thread-1] INFO  server.RaftServerConfigKeys (ConfUtils.java:logGet(43)) - raft.server.log.preallocated.size = 16384 (custom)
2019-10-04 16:47:52,405 [pool-87-thread-1] INFO  server.RaftServerConfigKeys (ConfUtils.java:logGet(43)) - raft.server.log.write.buffer.size = 33554432 (custom)
2019-10-04 16:47:52,406 [pool-87-thread-1] INFO  server.RaftServerConfigKeys (ConfUtils.java:logGet(43)) - raft.server.log.force.sync.num = 128 (default)
2019-10-04 16:47:52,406 [pool-87-thread-1] INFO  server.RaftServerConfigKeys (ConfUtils.java:logGet(43)) - raft.server.log.statemachine.data.sync = true (default)
2019-10-04 16:47:52,406 [pool-87-thread-1] INFO  server.RaftServerConfigKeys (ConfUtils.java:logGet(43)) - raft.server.log.statemachine.data.sync.timeout = 10s (default)
2019-10-04 16:47:52,406 [pool-87-thread-1] INFO  server.RaftServerConfigKeys (ConfUtils.java:logGet(43)) - raft.server.log.statemachine.data.sync.timeout.retry = -1 (default)
2019-10-04 16:47:52,406 [pool-87-thread-1] INFO  server.RaftServerConfigKeys (ConfUtils.java:logGet(43)) - raft.server.log.statemachine.data.caching.enabled = true (custom)
2019-10-04 16:47:52,407 [pool-87-thread-1] INFO  segmented.SegmentedRaftLogWorker (SegmentedRaftLogWorker.java:lambda$new$0(128)) - 2241fb42-f8f0-4490-bd75-7cbb5c089b22@group-7002EAAD8C0E-SegmentedRaftLogWorker: flushIndex: setUnconditionally 0 -> -1
2019-10-04 16:47:52,407 [pool-87-thread-1] INFO  server.RaftServerConfigKeys (ConfUtils.java:logGet(43)) - raft.server.snapshot.auto.trigger.enabled = true (custom)
2019-10-04 16:47:52,407 [pool-87-thread-1] INFO  server.RaftServerConfigKeys (ConfUtils.java:logGet(43)) - raft.server.snapshot.auto.trigger.threshold = 10000 (custom)
2019-10-04 16:47:52,407 [pool-87-thread-1] INFO  server.RaftServerConfigKeys (ConfUtils.java:logGet(43)) - raft.server.snapshot.retention.file.num = 5 (custom)
2019-10-04 16:47:52,408 [pool-87-thread-1] INFO  server.RaftServerConfigKeys (ConfUtils.java:logGet(43)) - raft.server.retrycache.expirytime = 600000ms (custom)
2019-10-04 16:47:52,410 [pool-87-thread-1] INFO  impl.RaftServerImpl (RaftServerImpl.java:start(181)) - 2241fb42-f8f0-4490-bd75-7cbb5c089b22@group-7002EAAD8C0E: start as a follower, conf=-1: [2241fb42-f8f0-4490-bd75-7cbb5c089b22:192.168.5.153:45809], old=null
2019-10-04 16:47:52,411 [pool-87-thread-1] INFO  impl.RaftServerImpl (RaftServerImpl.java:setRole(170)) - 2241fb42-f8f0-4490-bd75-7cbb5c089b22@group-7002EAAD8C0E: changes role from      null to FOLLOWER at term 0 for startAsFollower
2019-10-04 16:47:52,411 [pool-87-thread-1] INFO  impl.RoleInfo (RoleInfo.java:updateAndGet(143)) - 2241fb42-f8f0-4490-bd75-7cbb5c089b22: start FollowerState
2019-10-04 16:47:52,411 [pool-87-thread-1] INFO  util.JmxRegister (JmxRegister.java:tryRegister(44)) - Successfully registered JMX Bean with object name Ratis:service=RaftServer,group=group-7002EAAD8C0E,id=2241fb42-f8f0-4490-bd75-7cbb5c089b22
2019-10-04 16:47:52,429 [RatisPipelineUtilsThread] INFO  pipeline.PipelineStateManager (PipelineStateManager.java:addPipeline(56)) - Created pipeline Pipeline[ Id: bf57c4bd-a5c0-445c-b6e5-7002eaad8c0e, Nodes: 2241fb42-f8f0-4490-bd75-7cbb5c089b22{ip: 192.168.5.153, host: pr-hdds-2250-qhw8f-1617406954, networkLocation: /default-rack, certSerialId: null}, Type:RATIS, Factor:ONE, State:OPEN]
2019-10-04 16:47:52,460 [grpc-default-executor-0] INFO  impl.RaftServerProxy (RaftServerProxy.java:addNew(89)) - 5ae9cecc-3e88-4e48-9094-a35479a26cbd: addNew group-6176D65BFE62:[5ae9cecc-3e88-4e48-9094-a35479a26cbd:192.168.5.153:45355] returns group-6176D65BFE62:java.util.concurrent.CompletableFuture@4b836470[Not completed]
2019-10-04 16:47:52,462 [pool-37-thread-1] INFO  impl.RaftServerImpl (RaftServerImpl.java:<init>(95)) - 5ae9cecc-3e88-4e48-9094-a35479a26cbd: new RaftServerImpl for group-6176D65BFE62:[5ae9cecc-3e88-4e48-9094-a35479a26cbd:192.168.5.153:45355] with ContainerStateMachine:uninitialized
2019-10-04 16:47:52,462 [pool-37-thread-1] INFO  server.RaftServerConfigKeys (ConfUtils.java:logGet(43)) - raft.server.rpc.timeout.min = 5s (custom)
2019-10-04 16:47:52,462 [pool-37-thread-1] INFO  server.RaftServerConfigKeys (ConfUtils.java:logGet(43)) - raft.server.rpc.timeout.max = 5200ms (custom)
2019-10-04 16:47:52,462 [pool-37-thread-1] INFO  server.RaftServerConfigKeys (ConfUtils.java:logGet(43)) - raft.server.rpcslowness.timeout = 120s (custom)
2019-10-04 16:47:52,462 [pool-37-thread-1] INFO  server.RaftServerConfigKeys (ConfUtils.java:logGet(43)) - raft.server.sleep.deviation.threshold = 300 (default)
2019-10-04 16:47:52,462 [pool-37-thread-1] INFO  server.RaftServerConfigKeys (ConfUtils.java:logGet(43)) - raft.server.log.appender.install.snapshot.enabled = false (custom)
2019-10-04 16:47:52,462 [pool-37-thread-1] INFO  impl.RaftServerImpl (ServerState.java:<init>(103)) - 5ae9cecc-3e88-4e48-9094-a35479a26cbd@group-6176D65BFE62: ConfigurationManager, init=-1: [5ae9cecc-3e88-4e48-9094-a35479a26cbd:192.168.5.153:45355], old=null, confs=<EMPTY_MAP>
2019-10-04 16:47:52,463 [pool-37-thread-1] INFO  server.RaftServerConfigKeys (ConfUtils.java:logGet(43)) - raft.server.storage.dir = [/workdir/hadoop-ozone/integration-test/target/test-dir/MiniOzoneClusterImpl-a6663ea6-7428-4603-a828-442114a87559/datanode-1/data/ratis] (custom)
2019-10-04 16:47:52,463 [pool-37-thread-1] INFO  server.RaftServerConfigKeys (ConfUtils.java:logGet(43)) - raft.server.log.corruption.policy = EXCEPTION (default)
2019-10-04 16:47:52,463 [pool-37-thread-1] INFO  storage.RaftStorageDirectory (RaftStorageDirectory.java:analyzeStorage(246)) - The storage directory /workdir/hadoop-ozone/integration-test/target/test-dir/MiniOzoneClusterImpl-a6663ea6-7428-4603-a828-442114a87559/datanode-1/data/ratis/de7cd194-76d6-4cf4-b3d6-6176d65bfe62 does not exist. Creating ...
2019-10-04 16:47:52,488 [pool-37-thread-1] INFO  storage.RaftStorageDirectory (RaftStorageDirectory.java:tryLock(328)) - Lock on /workdir/hadoop-ozone/integration-test/target/test-dir/MiniOzoneClusterImpl-a6663ea6-7428-4603-a828-442114a87559/datanode-1/data/ratis/de7cd194-76d6-4cf4-b3d6-6176d65bfe62/in_use.lock acquired by nodename 14758@pr-hdds-2250-qhw8f-1617406954
2019-10-04 16:47:52,501 [pool-37-thread-1] INFO  storage.RaftStorage (RaftStorage.java:format(84)) - Storage directory /workdir/hadoop-ozone/integration-test/target/test-dir/MiniOzoneClusterImpl-a6663ea6-7428-4603-a828-442114a87559/datanode-1/data/ratis/de7cd194-76d6-4cf4-b3d6-6176d65bfe62 has been successfully formatted.
2019-10-04 16:47:52,501 [pool-37-thread-1] INFO  ratis.ContainerStateMachine (ContainerStateMachine.java:loadSnapshot(230)) - group-6176D65BFE62: The snapshot info is null. Setting the last applied indexto:(t:0, i:~)
2019-10-04 16:47:52,501 [pool-37-thread-1] INFO  server.RaftServerConfigKeys (ConfUtils.java:logGet(43)) - raft.server.notification.no-leader.timeout = 120s (custom)
2019-10-04 16:47:52,501 [pool-37-thread-1] INFO  server.RaftServerConfigKeys (ConfUtils.java:logGet(43)) - raft.server.log.use.memory = false (default)
2019-10-04 16:47:52,501 [pool-37-thread-1] INFO  server.RaftServerConfigKeys (ConfUtils.java:logGet(43)) - raft.server.log.purge.gap = 1000000 (custom)
2019-10-04 16:47:52,501 [pool-37-thread-1] INFO  server.RaftServerConfigKeys (ConfUtils.java:logGet(43)) - raft.server.log.appender.buffer.byte-limit = 33554432 (custom)
2019-10-04 16:47:52,502 [pool-37-thread-1] INFO  server.RaftServerConfigKeys (ConfUtils.java:logGet(43)) - raft.server.log.segment.size.max = 1048576 (custom)
2019-10-04 16:47:52,504 [pool-37-thread-1] INFO  server.RaftServerConfigKeys (ConfUtils.java:logGet(43)) - raft.server.log.segment.cache.num.max = 2 (custom)
2019-10-04 16:47:52,505 [pool-37-thread-1] INFO  segmented.SegmentedRaftLogWorker (SegmentedRaftLogWorker.java:<init>(173)) - new 5ae9cecc-3e88-4e48-9094-a35479a26cbd@group-6176D65BFE62-SegmentedRaftLogWorker for RaftStorage:Storage Directory /workdir/hadoop-ozone/integration-test/target/test-dir/MiniOzoneClusterImpl-a6663ea6-7428-4603-a828-442114a87559/datanode-1/data/ratis/de7cd194-76d6-4cf4-b3d6-6176d65bfe62
2019-10-04 16:47:52,505 [pool-37-thread-1] INFO  server.RaftServerConfigKeys (ConfUtils.java:logGet(43)) - raft.server.log.queue.byte-limit = 2147483647 (custom)
2019-10-04 16:47:52,505 [pool-37-thread-1] INFO  server.RaftServerConfigKeys (ConfUtils.java:logGet(43)) - raft.server.log.queue.element-limit = 1024 (custom)
2019-10-04 16:47:52,505 [pool-37-thread-1] INFO  server.RaftServerConfigKeys (ConfUtils.java:logGet(43)) - raft.server.log.segment.size.max = 1048576 (custom)
2019-10-04 16:47:52,505 [pool-37-thread-1] INFO  server.RaftServerConfigKeys (ConfUtils.java:logGet(43)) - raft.server.log.preallocated.size = 16384 (custom)
2019-10-04 16:47:52,505 [pool-37-thread-1] INFO  server.RaftServerConfigKeys (ConfUtils.java:logGet(43)) - raft.server.log.write.buffer.size = 33554432 (custom)
2019-10-04 16:47:52,505 [pool-37-thread-1] INFO  server.RaftServerConfigKeys (ConfUtils.java:logGet(43)) - raft.server.log.force.sync.num = 128 (default)
2019-10-04 16:47:52,505 [pool-37-thread-1] INFO  server.RaftServerConfigKeys (ConfUtils.java:logGet(43)) - raft.server.log.statemachine.data.sync = true (default)
2019-10-04 16:47:52,505 [pool-37-thread-1] INFO  server.RaftServerConfigKeys (ConfUtils.java:logGet(43)) - raft.server.log.statemachine.data.sync.timeout = 10s (default)
2019-10-04 16:47:52,506 [pool-37-thread-1] INFO  server.RaftServerConfigKeys (ConfUtils.java:logGet(43)) - raft.server.log.statemachine.data.sync.timeout.retry = -1 (default)
2019-10-04 16:47:52,506 [pool-37-thread-1] INFO  server.RaftServerConfigKeys (ConfUtils.java:logGet(43)) - raft.server.log.statemachine.data.caching.enabled = true (custom)
2019-10-04 16:47:52,506 [pool-37-thread-1] INFO  segmented.SegmentedRaftLogWorker (SegmentedRaftLogWorker.java:lambda$new$0(128)) - 5ae9cecc-3e88-4e48-9094-a35479a26cbd@group-6176D65BFE62-SegmentedRaftLogWorker: flushIndex: setUnconditionally 0 -> -1
2019-10-04 16:47:52,507 [pool-37-thread-1] INFO  server.RaftServerConfigKeys (ConfUtils.java:logGet(43)) - raft.server.snapshot.auto.trigger.enabled = true (custom)
2019-10-04 16:47:52,507 [pool-37-thread-1] INFO  server.RaftServerConfigKeys (ConfUtils.java:logGet(43)) - raft.server.snapshot.auto.trigger.threshold = 10000 (custom)
2019-10-04 16:47:52,507 [pool-37-thread-1] INFO  server.RaftServerConfigKeys (ConfUtils.java:logGet(43)) - raft.server.snapshot.retention.file.num = 5 (custom)
2019-10-04 16:47:52,507 [pool-37-thread-1] INFO  server.RaftServerConfigKeys (ConfUtils.java:logGet(43)) - raft.server.retrycache.expirytime = 600000ms (custom)
2019-10-04 16:47:52,509 [pool-37-thread-1] INFO  impl.RaftServerImpl (RaftServerImpl.java:start(181)) - 5ae9cecc-3e88-4e48-9094-a35479a26cbd@group-6176D65BFE62: start as a follower, conf=-1: [5ae9cecc-3e88-4e48-9094-a35479a26cbd:192.168.5.153:45355], old=null
2019-10-04 16:47:52,509 [pool-37-thread-1] INFO  impl.RaftServerImpl (RaftServerImpl.java:setRole(170)) - 5ae9cecc-3e88-4e48-9094-a35479a26cbd@group-6176D65BFE62: changes role from      null to FOLLOWER at term 0 for startAsFollower
2019-10-04 16:47:52,509 [pool-37-thread-1] INFO  impl.RoleInfo (RoleInfo.java:updateAndGet(143)) - 5ae9cecc-3e88-4e48-9094-a35479a26cbd: start FollowerState
2019-10-04 16:47:52,510 [pool-37-thread-1] INFO  util.JmxRegister (JmxRegister.java:tryRegister(44)) - Successfully registered JMX Bean with object name Ratis:service=RaftServer,group=group-6176D65BFE62,id=5ae9cecc-3e88-4e48-9094-a35479a26cbd
2019-10-04 16:47:52,528 [RatisPipelineUtilsThread] INFO  pipeline.PipelineStateManager (PipelineStateManager.java:addPipeline(56)) - Created pipeline Pipeline[ Id: de7cd194-76d6-4cf4-b3d6-6176d65bfe62, Nodes: 5ae9cecc-3e88-4e48-9094-a35479a26cbd{ip: 192.168.5.153, host: pr-hdds-2250-qhw8f-1617406954, networkLocation: /default-rack, certSerialId: null}, Type:RATIS, Factor:ONE, State:OPEN]
2019-10-04 16:47:52,553 [grpc-default-executor-0] INFO  impl.RaftServerProxy (RaftServerProxy.java:addNew(89)) - b6546c7d-80eb-4829-96f5-eabd1005523b: addNew group-27EED3790D0A:[b6546c7d-80eb-4829-96f5-eabd1005523b:192.168.5.153:36469] returns group-27EED3790D0A:java.util.concurrent.CompletableFuture@3ae0a187[Not completed]
2019-10-04 16:47:52,558 [pool-47-thread-1] INFO  impl.RaftServerImpl (RaftServerImpl.java:<init>(95)) - b6546c7d-80eb-4829-96f5-eabd1005523b: new RaftServerImpl for group-27EED3790D0A:[b6546c7d-80eb-4829-96f5-eabd1005523b:192.168.5.153:36469] with ContainerStateMachine:uninitialized
2019-10-04 16:47:52,558 [pool-47-thread-1] INFO  server.RaftServerConfigKeys (ConfUtils.java:logGet(43)) - raft.server.rpc.timeout.min = 5s (custom)
2019-10-04 16:47:52,558 [pool-47-thread-1] INFO  server.RaftServerConfigKeys (ConfUtils.java:logGet(43)) - raft.server.rpc.timeout.max = 5200ms (custom)
2019-10-04 16:47:52,558 [pool-47-thread-1] INFO  server.RaftServerConfigKeys (ConfUtils.java:logGet(43)) - raft.server.rpcslowness.timeout = 120s (custom)
2019-10-04 16:47:52,558 [pool-47-thread-1] INFO  server.RaftServerConfigKeys (ConfUtils.java:logGet(43)) - raft.server.sleep.deviation.threshold = 300 (default)
2019-10-04 16:47:52,559 [pool-47-thread-1] INFO  server.RaftServerConfigKeys (ConfUtils.java:logGet(43)) - raft.server.log.appender.install.snapshot.enabled = false (custom)
2019-10-04 16:47:52,559 [pool-47-thread-1] INFO  impl.RaftServerImpl (ServerState.java:<init>(103)) - b6546c7d-80eb-4829-96f5-eabd1005523b@group-27EED3790D0A: ConfigurationManager, init=-1: [b6546c7d-80eb-4829-96f5-eabd1005523b:192.168.5.153:36469], old=null, confs=<EMPTY_MAP>
2019-10-04 16:47:52,559 [pool-47-thread-1] INFO  server.RaftServerConfigKeys (ConfUtils.java:logGet(43)) - raft.server.storage.dir = [/workdir/hadoop-ozone/integration-test/target/test-dir/MiniOzoneClusterImpl-a6663ea6-7428-4603-a828-442114a87559/datanode-2/data/ratis] (custom)
2019-10-04 16:47:52,559 [pool-47-thread-1] INFO  server.RaftServerConfigKeys (ConfUtils.java:logGet(43)) - raft.server.log.corruption.policy = EXCEPTION (default)
2019-10-04 16:47:52,560 [pool-47-thread-1] INFO  storage.RaftStorageDirectory (RaftStorageDirectory.java:analyzeStorage(246)) - The storage directory /workdir/hadoop-ozone/integration-test/target/test-dir/MiniOzoneClusterImpl-a6663ea6-7428-4603-a828-442114a87559/datanode-2/data/ratis/f2230a42-a720-481e-a00d-27eed3790d0a does not exist. Creating ...
2019-10-04 16:47:52,566 [main] INFO  ozone.MiniOzoneClusterImpl (MiniOzoneClusterImpl.java:lambda$waitForClusterToBeReady$0(147)) - Cluster is ready. Got 7 of 7 DN Heartbeats.
2019-10-04 16:47:52,572 [pool-47-thread-1] INFO  storage.RaftStorageDirectory (RaftStorageDirectory.java:tryLock(328)) - Lock on /workdir/hadoop-ozone/integration-test/target/test-dir/MiniOzoneClusterImpl-a6663ea6-7428-4603-a828-442114a87559/datanode-2/data/ratis/f2230a42-a720-481e-a00d-27eed3790d0a/in_use.lock acquired by nodename 14758@pr-hdds-2250-qhw8f-1617406954
2019-10-04 16:47:52,585 [pool-47-thread-1] INFO  storage.RaftStorage (RaftStorage.java:format(84)) - Storage directory /workdir/hadoop-ozone/integration-test/target/test-dir/MiniOzoneClusterImpl-a6663ea6-7428-4603-a828-442114a87559/datanode-2/data/ratis/f2230a42-a720-481e-a00d-27eed3790d0a has been successfully formatted.
2019-10-04 16:47:52,586 [pool-47-thread-1] INFO  ratis.ContainerStateMachine (ContainerStateMachine.java:loadSnapshot(230)) - group-27EED3790D0A: The snapshot info is null. Setting the last applied indexto:(t:0, i:~)
2019-10-04 16:47:52,586 [pool-47-thread-1] INFO  server.RaftServerConfigKeys (ConfUtils.java:logGet(43)) - raft.server.notification.no-leader.timeout = 120s (custom)
2019-10-04 16:47:52,586 [pool-47-thread-1] INFO  server.RaftServerConfigKeys (ConfUtils.java:logGet(43)) - raft.server.log.use.memory = false (default)
2019-10-04 16:47:52,587 [pool-47-thread-1] INFO  server.RaftServerConfigKeys (ConfUtils.java:logGet(43)) - raft.server.log.purge.gap = 1000000 (custom)
2019-10-04 16:47:52,587 [pool-47-thread-1] INFO  server.RaftServerConfigKeys (ConfUtils.java:logGet(43)) - raft.server.log.appender.buffer.byte-limit = 33554432 (custom)
2019-10-04 16:47:52,587 [pool-47-thread-1] INFO  server.RaftServerConfigKeys (ConfUtils.java:logGet(43)) - raft.server.log.segment.size.max = 1048576 (custom)
2019-10-04 16:47:52,591 [pool-47-thread-1] INFO  server.RaftServerConfigKeys (ConfUtils.java:logGet(43)) - raft.server.log.segment.cache.num.max = 2 (custom)
2019-10-04 16:47:52,591 [pool-47-thread-1] INFO  segmented.SegmentedRaftLogWorker (SegmentedRaftLogWorker.java:<init>(173)) - new b6546c7d-80eb-4829-96f5-eabd1005523b@group-27EED3790D0A-SegmentedRaftLogWorker for RaftStorage:Storage Directory /workdir/hadoop-ozone/integration-test/target/test-dir/MiniOzoneClusterImpl-a6663ea6-7428-4603-a828-442114a87559/datanode-2/data/ratis/f2230a42-a720-481e-a00d-27eed3790d0a
2019-10-04 16:47:52,591 [pool-47-thread-1] INFO  server.RaftServerConfigKeys (ConfUtils.java:logGet(43)) - raft.server.log.queue.byte-limit = 2147483647 (custom)
2019-10-04 16:47:52,592 [pool-47-thread-1] INFO  server.RaftServerConfigKeys (ConfUtils.java:logGet(43)) - raft.server.log.queue.element-limit = 1024 (custom)
2019-10-04 16:47:52,592 [pool-47-thread-1] INFO  server.RaftServerConfigKeys (ConfUtils.java:logGet(43)) - raft.server.log.segment.size.max = 1048576 (custom)
2019-10-04 16:47:52,592 [pool-47-thread-1] INFO  server.RaftServerConfigKeys (ConfUtils.java:logGet(43)) - raft.server.log.preallocated.size = 16384 (custom)
2019-10-04 16:47:52,592 [pool-47-thread-1] INFO  server.RaftServerConfigKeys (ConfUtils.java:logGet(43)) - raft.server.log.write.buffer.size = 33554432 (custom)
2019-10-04 16:47:52,592 [pool-47-thread-1] INFO  server.RaftServerConfigKeys (ConfUtils.java:logGet(43)) - raft.server.log.force.sync.num = 128 (default)
2019-10-04 16:47:52,593 [pool-47-thread-1] INFO  server.RaftServerConfigKeys (ConfUtils.java:logGet(43)) - raft.server.log.statemachine.data.sync = true (default)
2019-10-04 16:47:52,593 [pool-47-thread-1] INFO  server.RaftServerConfigKeys (ConfUtils.java:logGet(43)) - raft.server.log.statemachine.data.sync.timeout = 10s (default)
2019-10-04 16:47:52,593 [pool-47-thread-1] INFO  server.RaftServerConfigKeys (ConfUtils.java:logGet(43)) - raft.server.log.statemachine.data.sync.timeout.retry = -1 (default)
2019-10-04 16:47:52,594 [pool-47-thread-1] INFO  server.RaftServerConfigKeys (ConfUtils.java:logGet(43)) - raft.server.log.statemachine.data.caching.enabled = true (custom)
2019-10-04 16:47:52,594 [pool-47-thread-1] INFO  segmented.SegmentedRaftLogWorker (SegmentedRaftLogWorker.java:lambda$new$0(128)) - b6546c7d-80eb-4829-96f5-eabd1005523b@group-27EED3790D0A-SegmentedRaftLogWorker: flushIndex: setUnconditionally 0 -> -1
2019-10-04 16:47:52,595 [pool-47-thread-1] INFO  server.RaftServerConfigKeys (ConfUtils.java:logGet(43)) - raft.server.snapshot.auto.trigger.enabled = true (custom)
2019-10-04 16:47:52,595 [pool-47-thread-1] INFO  server.RaftServerConfigKeys (ConfUtils.java:logGet(43)) - raft.server.snapshot.auto.trigger.threshold = 10000 (custom)
2019-10-04 16:47:52,595 [pool-47-thread-1] INFO  server.RaftServerConfigKeys (ConfUtils.java:logGet(43)) - raft.server.snapshot.retention.file.num = 5 (custom)
2019-10-04 16:47:52,595 [pool-47-thread-1] INFO  server.RaftServerConfigKeys (ConfUtils.java:logGet(43)) - raft.server.retrycache.expirytime = 600000ms (custom)
2019-10-04 16:47:52,599 [pool-47-thread-1] INFO  impl.RaftServerImpl (RaftServerImpl.java:start(181)) - b6546c7d-80eb-4829-96f5-eabd1005523b@group-27EED3790D0A: start as a follower, conf=-1: [b6546c7d-80eb-4829-96f5-eabd1005523b:192.168.5.153:36469], old=null
2019-10-04 16:47:52,599 [pool-47-thread-1] INFO  impl.RaftServerImpl (RaftServerImpl.java:setRole(170)) - b6546c7d-80eb-4829-96f5-eabd1005523b@group-27EED3790D0A: changes role from      null to FOLLOWER at term 0 for startAsFollower
2019-10-04 16:47:52,599 [pool-47-thread-1] INFO  impl.RoleInfo (RoleInfo.java:updateAndGet(143)) - b6546c7d-80eb-4829-96f5-eabd1005523b: start FollowerState
2019-10-04 16:47:52,600 [pool-47-thread-1] INFO  util.JmxRegister (JmxRegister.java:tryRegister(44)) - Successfully registered JMX Bean with object name Ratis:service=RaftServer,group=group-27EED3790D0A,id=b6546c7d-80eb-4829-96f5-eabd1005523b
2019-10-04 16:47:52,618 [RatisPipelineUtilsThread] INFO  pipeline.PipelineStateManager (PipelineStateManager.java:addPipeline(56)) - Created pipeline Pipeline[ Id: f2230a42-a720-481e-a00d-27eed3790d0a, Nodes: b6546c7d-80eb-4829-96f5-eabd1005523b{ip: 192.168.5.153, host: pr-hdds-2250-qhw8f-1617406954, networkLocation: /default-rack, certSerialId: null}, Type:RATIS, Factor:ONE, State:OPEN]
2019-10-04 16:47:52,638 [grpc-default-executor-0] INFO  impl.RaftServerProxy (RaftServerProxy.java:addNew(89)) - 5d29b9c8-f93d-45ec-962e-e587b69359a4: addNew group-CB390F253C14:[5d29b9c8-f93d-45ec-962e-e587b69359a4:192.168.5.153:46141] returns group-CB390F253C14:java.util.concurrent.CompletableFuture@286bce54[Not completed]
2019-10-04 16:47:52,643 [pool-77-thread-1] INFO  impl.RaftServerImpl (RaftServerImpl.java:<init>(95)) - 5d29b9c8-f93d-45ec-962e-e587b69359a4: new RaftServerImpl for group-CB390F253C14:[5d29b9c8-f93d-45ec-962e-e587b69359a4:192.168.5.153:46141] with ContainerStateMachine:uninitialized
2019-10-04 16:47:52,644 [pool-77-thread-1] INFO  server.RaftServerConfigKeys (ConfUtils.java:logGet(43)) - raft.server.rpc.timeout.min = 5s (custom)
2019-10-04 16:47:52,644 [pool-77-thread-1] INFO  server.RaftServerConfigKeys (ConfUtils.java:logGet(43)) - raft.server.rpc.timeout.max = 5200ms (custom)
2019-10-04 16:47:52,644 [pool-77-thread-1] INFO  server.RaftServerConfigKeys (ConfUtils.java:logGet(43)) - raft.server.rpcslowness.timeout = 120s (custom)
2019-10-04 16:47:52,644 [pool-77-thread-1] INFO  server.RaftServerConfigKeys (ConfUtils.java:logGet(43)) - raft.server.sleep.deviation.threshold = 300 (default)
2019-10-04 16:47:52,645 [pool-77-thread-1] INFO  server.RaftServerConfigKeys (ConfUtils.java:logGet(43)) - raft.server.log.appender.install.snapshot.enabled = false (custom)
2019-10-04 16:47:52,645 [pool-77-thread-1] INFO  impl.RaftServerImpl (ServerState.java:<init>(103)) - 5d29b9c8-f93d-45ec-962e-e587b69359a4@group-CB390F253C14: ConfigurationManager, init=-1: [5d29b9c8-f93d-45ec-962e-e587b69359a4:192.168.5.153:46141], old=null, confs=<EMPTY_MAP>
2019-10-04 16:47:52,645 [pool-77-thread-1] INFO  server.RaftServerConfigKeys (ConfUtils.java:logGet(43)) - raft.server.storage.dir = [/workdir/hadoop-ozone/integration-test/target/test-dir/MiniOzoneClusterImpl-a6663ea6-7428-4603-a828-442114a87559/datanode-5/data/ratis] (custom)
2019-10-04 16:47:52,646 [pool-77-thread-1] INFO  server.RaftServerConfigKeys (ConfUtils.java:logGet(43)) - raft.server.log.corruption.policy = EXCEPTION (default)
2019-10-04 16:47:52,646 [pool-77-thread-1] INFO  storage.RaftStorageDirectory (RaftStorageDirectory.java:analyzeStorage(246)) - The storage directory /workdir/hadoop-ozone/integration-test/target/test-dir/MiniOzoneClusterImpl-a6663ea6-7428-4603-a828-442114a87559/datanode-5/data/ratis/be953e21-92af-452d-aa41-cb390f253c14 does not exist. Creating ...
2019-10-04 16:47:52,659 [pool-77-thread-1] INFO  storage.RaftStorageDirectory (RaftStorageDirectory.java:tryLock(328)) - Lock on /workdir/hadoop-ozone/integration-test/target/test-dir/MiniOzoneClusterImpl-a6663ea6-7428-4603-a828-442114a87559/datanode-5/data/ratis/be953e21-92af-452d-aa41-cb390f253c14/in_use.lock acquired by nodename 14758@pr-hdds-2250-qhw8f-1617406954
2019-10-04 16:47:52,677 [pool-77-thread-1] INFO  storage.RaftStorage (RaftStorage.java:format(84)) - Storage directory /workdir/hadoop-ozone/integration-test/target/test-dir/MiniOzoneClusterImpl-a6663ea6-7428-4603-a828-442114a87559/datanode-5/data/ratis/be953e21-92af-452d-aa41-cb390f253c14 has been successfully formatted.
2019-10-04 16:47:52,678 [pool-77-thread-1] INFO  ratis.ContainerStateMachine (ContainerStateMachine.java:loadSnapshot(230)) - group-CB390F253C14: The snapshot info is null. Setting the last applied indexto:(t:0, i:~)
2019-10-04 16:47:52,678 [pool-77-thread-1] INFO  server.RaftServerConfigKeys (ConfUtils.java:logGet(43)) - raft.server.notification.no-leader.timeout = 120s (custom)
2019-10-04 16:47:52,678 [pool-77-thread-1] INFO  server.RaftServerConfigKeys (ConfUtils.java:logGet(43)) - raft.server.log.use.memory = false (default)
2019-10-04 16:47:52,678 [pool-77-thread-1] INFO  server.RaftServerConfigKeys (ConfUtils.java:logGet(43)) - raft.server.log.purge.gap = 1000000 (custom)
2019-10-04 16:47:52,678 [pool-77-thread-1] INFO  server.RaftServerConfigKeys (ConfUtils.java:logGet(43)) - raft.server.log.appender.buffer.byte-limit = 33554432 (custom)
2019-10-04 16:47:52,679 [pool-77-thread-1] INFO  server.RaftServerConfigKeys (ConfUtils.java:logGet(43)) - raft.server.log.segment.size.max = 1048576 (custom)
2019-10-04 16:47:52,684 [pool-77-thread-1] INFO  server.RaftServerConfigKeys (ConfUtils.java:logGet(43)) - raft.server.log.segment.cache.num.max = 2 (custom)
2019-10-04 16:47:52,684 [pool-77-thread-1] INFO  segmented.SegmentedRaftLogWorker (SegmentedRaftLogWorker.java:<init>(173)) - new 5d29b9c8-f93d-45ec-962e-e587b69359a4@group-CB390F253C14-SegmentedRaftLogWorker for RaftStorage:Storage Directory /workdir/hadoop-ozone/integration-test/target/test-dir/MiniOzoneClusterImpl-a6663ea6-7428-4603-a828-442114a87559/datanode-5/data/ratis/be953e21-92af-452d-aa41-cb390f253c14
2019-10-04 16:47:52,684 [pool-77-thread-1] INFO  server.RaftServerConfigKeys (ConfUtils.java:logGet(43)) - raft.server.log.queue.byte-limit = 2147483647 (custom)
2019-10-04 16:47:52,685 [pool-77-thread-1] INFO  server.RaftServerConfigKeys (ConfUtils.java:logGet(43)) - raft.server.log.queue.element-limit = 1024 (custom)
2019-10-04 16:47:52,685 [pool-77-thread-1] INFO  server.RaftServerConfigKeys (ConfUtils.java:logGet(43)) - raft.server.log.segment.size.max = 1048576 (custom)
2019-10-04 16:47:52,685 [pool-77-thread-1] INFO  server.RaftServerConfigKeys (ConfUtils.java:logGet(43)) - raft.server.log.preallocated.size = 16384 (custom)
2019-10-04 16:47:52,685 [pool-77-thread-1] INFO  server.RaftServerConfigKeys (ConfUtils.java:logGet(43)) - raft.server.log.write.buffer.size = 33554432 (custom)
2019-10-04 16:47:52,685 [pool-77-thread-1] INFO  server.RaftServerConfigKeys (ConfUtils.java:logGet(43)) - raft.server.log.force.sync.num = 128 (default)
2019-10-04 16:47:52,686 [pool-77-thread-1] INFO  server.RaftServerConfigKeys (ConfUtils.java:logGet(43)) - raft.server.log.statemachine.data.sync = true (default)
2019-10-04 16:47:52,686 [pool-77-thread-1] INFO  server.RaftServerConfigKeys (ConfUtils.java:logGet(43)) - raft.server.log.statemachine.data.sync.timeout = 10s (default)
2019-10-04 16:47:52,686 [pool-77-thread-1] INFO  server.RaftServerConfigKeys (ConfUtils.java:logGet(43)) - raft.server.log.statemachine.data.sync.timeout.retry = -1 (default)
2019-10-04 16:47:52,687 [pool-77-thread-1] INFO  server.RaftServerConfigKeys (ConfUtils.java:logGet(43)) - raft.server.log.statemachine.data.caching.enabled = true (custom)
2019-10-04 16:47:52,687 [pool-77-thread-1] INFO  segmented.SegmentedRaftLogWorker (SegmentedRaftLogWorker.java:lambda$new$0(128)) - 5d29b9c8-f93d-45ec-962e-e587b69359a4@group-CB390F253C14-SegmentedRaftLogWorker: flushIndex: setUnconditionally 0 -> -1
2019-10-04 16:47:52,687 [pool-77-thread-1] INFO  server.RaftServerConfigKeys (ConfUtils.java:logGet(43)) - raft.server.snapshot.auto.trigger.enabled = true (custom)
2019-10-04 16:47:52,688 [pool-77-thread-1] INFO  server.RaftServerConfigKeys (ConfUtils.java:logGet(43)) - raft.server.snapshot.auto.trigger.threshold = 10000 (custom)
2019-10-04 16:47:52,688 [pool-77-thread-1] INFO  server.RaftServerConfigKeys (ConfUtils.java:logGet(43)) - raft.server.snapshot.retention.file.num = 5 (custom)
2019-10-04 16:47:52,688 [pool-77-thread-1] INFO  server.RaftServerConfigKeys (ConfUtils.java:logGet(43)) - raft.server.retrycache.expirytime = 600000ms (custom)
2019-10-04 16:47:52,691 [pool-77-thread-1] INFO  impl.RaftServerImpl (RaftServerImpl.java:start(181)) - 5d29b9c8-f93d-45ec-962e-e587b69359a4@group-CB390F253C14: start as a follower, conf=-1: [5d29b9c8-f93d-45ec-962e-e587b69359a4:192.168.5.153:46141], old=null
2019-10-04 16:47:52,691 [pool-77-thread-1] INFO  impl.RaftServerImpl (RaftServerImpl.java:setRole(170)) - 5d29b9c8-f93d-45ec-962e-e587b69359a4@group-CB390F253C14: changes role from      null to FOLLOWER at term 0 for startAsFollower
2019-10-04 16:47:52,691 [pool-77-thread-1] INFO  impl.RoleInfo (RoleInfo.java:updateAndGet(143)) - 5d29b9c8-f93d-45ec-962e-e587b69359a4: start FollowerState
2019-10-04 16:47:52,692 [pool-77-thread-1] INFO  util.JmxRegister (JmxRegister.java:tryRegister(44)) - Successfully registered JMX Bean with object name Ratis:service=RaftServer,group=group-CB390F253C14,id=5d29b9c8-f93d-45ec-962e-e587b69359a4
2019-10-04 16:47:52,715 [RatisPipelineUtilsThread] INFO  pipeline.PipelineStateManager (PipelineStateManager.java:addPipeline(56)) - Created pipeline Pipeline[ Id: be953e21-92af-452d-aa41-cb390f253c14, Nodes: 5d29b9c8-f93d-45ec-962e-e587b69359a4{ip: 192.168.5.153, host: pr-hdds-2250-qhw8f-1617406954, networkLocation: /default-rack, certSerialId: null}, Type:RATIS, Factor:ONE, State:OPEN]
2019-10-04 16:47:52,752 [grpc-default-executor-2] INFO  impl.RaftServerProxy (RaftServerProxy.java:addNew(89)) - 56251a7d-5ee5-41f8-a90e-1231f73e3ff7: addNew group-88B80A8F6549:[1dcfab43-391d-45c5-b294-9417c9104c52:192.168.5.153:40954, 56251a7d-5ee5-41f8-a90e-1231f73e3ff7:192.168.5.153:46734, 1a98ba17-ee97-4387-8a47-ae43e92b9c47:192.168.5.153:44781] returns group-88B80A8F6549:java.util.concurrent.CompletableFuture@35d7d5d1[Not completed]
2019-10-04 16:47:52,752 [grpc-default-executor-0] INFO  impl.RaftServerProxy (RaftServerProxy.java:addNew(89)) - 1dcfab43-391d-45c5-b294-9417c9104c52: addNew group-88B80A8F6549:[1dcfab43-391d-45c5-b294-9417c9104c52:192.168.5.153:40954, 56251a7d-5ee5-41f8-a90e-1231f73e3ff7:192.168.5.153:46734, 1a98ba17-ee97-4387-8a47-ae43e92b9c47:192.168.5.153:44781] returns group-88B80A8F6549:java.util.concurrent.CompletableFuture@7ad72465[Not completed]
2019-10-04 16:47:52,752 [grpc-default-executor-1] INFO  impl.RaftServerProxy (RaftServerProxy.java:addNew(89)) - 1a98ba17-ee97-4387-8a47-ae43e92b9c47: addNew group-88B80A8F6549:[1dcfab43-391d-45c5-b294-9417c9104c52:192.168.5.153:40954, 56251a7d-5ee5-41f8-a90e-1231f73e3ff7:192.168.5.153:46734, 1a98ba17-ee97-4387-8a47-ae43e92b9c47:192.168.5.153:44781] returns group-88B80A8F6549:java.util.concurrent.CompletableFuture@229e8cf5[Not completed]
2019-10-04 16:47:52,754 [pool-27-thread-1] INFO  impl.RaftServerImpl (RaftServerImpl.java:<init>(95)) - 56251a7d-5ee5-41f8-a90e-1231f73e3ff7: new RaftServerImpl for group-88B80A8F6549:[1dcfab43-391d-45c5-b294-9417c9104c52:192.168.5.153:40954, 56251a7d-5ee5-41f8-a90e-1231f73e3ff7:192.168.5.153:46734, 1a98ba17-ee97-4387-8a47-ae43e92b9c47:192.168.5.153:44781] with ContainerStateMachine:uninitialized
2019-10-04 16:47:52,755 [pool-27-thread-1] INFO  server.RaftServerConfigKeys (ConfUtils.java:logGet(43)) - raft.server.rpc.timeout.min = 5s (custom)
2019-10-04 16:47:52,755 [pool-27-thread-1] INFO  server.RaftServerConfigKeys (ConfUtils.java:logGet(43)) - raft.server.rpc.timeout.max = 5200ms (custom)
2019-10-04 16:47:52,755 [pool-27-thread-1] INFO  server.RaftServerConfigKeys (ConfUtils.java:logGet(43)) - raft.server.rpcslowness.timeout = 120s (custom)
2019-10-04 16:47:52,755 [pool-27-thread-1] INFO  server.RaftServerConfigKeys (ConfUtils.java:logGet(43)) - raft.server.sleep.deviation.threshold = 300 (default)
2019-10-04 16:47:52,755 [pool-27-thread-1] INFO  server.RaftServerConfigKeys (ConfUtils.java:logGet(43)) - raft.server.log.appender.install.snapshot.enabled = false (custom)
2019-10-04 16:47:52,756 [pool-27-thread-1] INFO  impl.RaftServerImpl (ServerState.java:<init>(103)) - 56251a7d-5ee5-41f8-a90e-1231f73e3ff7@group-88B80A8F6549: ConfigurationManager, init=-1: [1dcfab43-391d-45c5-b294-9417c9104c52:192.168.5.153:40954, 56251a7d-5ee5-41f8-a90e-1231f73e3ff7:192.168.5.153:46734, 1a98ba17-ee97-4387-8a47-ae43e92b9c47:192.168.5.153:44781], old=null, confs=<EMPTY_MAP>
2019-10-04 16:47:52,756 [pool-67-thread-1] INFO  impl.RaftServerImpl (RaftServerImpl.java:<init>(95)) - 1a98ba17-ee97-4387-8a47-ae43e92b9c47: new RaftServerImpl for group-88B80A8F6549:[1dcfab43-391d-45c5-b294-9417c9104c52:192.168.5.153:40954, 56251a7d-5ee5-41f8-a90e-1231f73e3ff7:192.168.5.153:46734, 1a98ba17-ee97-4387-8a47-ae43e92b9c47:192.168.5.153:44781] with ContainerStateMachine:uninitialized
2019-10-04 16:47:52,756 [pool-27-thread-1] INFO  server.RaftServerConfigKeys (ConfUtils.java:logGet(43)) - raft.server.storage.dir = [/workdir/hadoop-ozone/integration-test/target/test-dir/MiniOzoneClusterImpl-a6663ea6-7428-4603-a828-442114a87559/datanode-0/data/ratis] (custom)
2019-10-04 16:47:52,756 [pool-67-thread-1] INFO  server.RaftServerConfigKeys (ConfUtils.java:logGet(43)) - raft.server.rpc.timeout.min = 5s (custom)
2019-10-04 16:47:52,756 [pool-67-thread-1] INFO  server.RaftServerConfigKeys (ConfUtils.java:logGet(43)) - raft.server.rpc.timeout.max = 5200ms (custom)
2019-10-04 16:47:52,756 [pool-27-thread-1] INFO  server.RaftServerConfigKeys (ConfUtils.java:logGet(43)) - raft.server.log.corruption.policy = EXCEPTION (default)
2019-10-04 16:47:52,756 [pool-67-thread-1] INFO  server.RaftServerConfigKeys (ConfUtils.java:logGet(43)) - raft.server.rpcslowness.timeout = 120s (custom)
2019-10-04 16:47:52,756 [pool-57-thread-1] INFO  impl.RaftServerImpl (RaftServerImpl.java:<init>(95)) - 1dcfab43-391d-45c5-b294-9417c9104c52: new RaftServerImpl for group-88B80A8F6549:[1dcfab43-391d-45c5-b294-9417c9104c52:192.168.5.153:40954, 56251a7d-5ee5-41f8-a90e-1231f73e3ff7:192.168.5.153:46734, 1a98ba17-ee97-4387-8a47-ae43e92b9c47:192.168.5.153:44781] with ContainerStateMachine:uninitialized
2019-10-04 16:47:52,757 [pool-67-thread-1] INFO  server.RaftServerConfigKeys (ConfUtils.java:logGet(43)) - raft.server.sleep.deviation.threshold = 300 (default)
2019-10-04 16:47:52,757 [pool-27-thread-1] INFO  storage.RaftStorageDirectory (RaftStorageDirectory.java:analyzeStorage(246)) - The storage directory /workdir/hadoop-ozone/integration-test/target/test-dir/MiniOzoneClusterImpl-a6663ea6-7428-4603-a828-442114a87559/datanode-0/data/ratis/faa62bf2-048b-459f-a05e-88b80a8f6549 does not exist. Creating ...
2019-10-04 16:47:52,757 [pool-67-thread-1] INFO  server.RaftServerConfigKeys (ConfUtils.java:logGet(43)) - raft.server.log.appender.install.snapshot.enabled = false (custom)
2019-10-04 16:47:52,757 [pool-57-thread-1] INFO  server.RaftServerConfigKeys (ConfUtils.java:logGet(43)) - raft.server.rpc.timeout.min = 5s (custom)
2019-10-04 16:47:52,757 [pool-67-thread-1] INFO  impl.RaftServerImpl (ServerState.java:<init>(103)) - 1a98ba17-ee97-4387-8a47-ae43e92b9c47@group-88B80A8F6549: ConfigurationManager, init=-1: [1dcfab43-391d-45c5-b294-9417c9104c52:192.168.5.153:40954, 56251a7d-5ee5-41f8-a90e-1231f73e3ff7:192.168.5.153:46734, 1a98ba17-ee97-4387-8a47-ae43e92b9c47:192.168.5.153:44781], old=null, confs=<EMPTY_MAP>
2019-10-04 16:47:52,757 [pool-57-thread-1] INFO  server.RaftServerConfigKeys (ConfUtils.java:logGet(43)) - raft.server.rpc.timeout.max = 5200ms (custom)
2019-10-04 16:47:52,757 [pool-57-thread-1] INFO  server.RaftServerConfigKeys (ConfUtils.java:logGet(43)) - raft.server.rpcslowness.timeout = 120s (custom)
2019-10-04 16:47:52,757 [pool-67-thread-1] INFO  server.RaftServerConfigKeys (ConfUtils.java:logGet(43)) - raft.server.storage.dir = [/workdir/hadoop-ozone/integration-test/target/test-dir/MiniOzoneClusterImpl-a6663ea6-7428-4603-a828-442114a87559/datanode-4/data/ratis] (custom)
2019-10-04 16:47:52,758 [pool-57-thread-1] INFO  server.RaftServerConfigKeys (ConfUtils.java:logGet(43)) - raft.server.sleep.deviation.threshold = 300 (default)
2019-10-04 16:47:52,758 [pool-57-thread-1] INFO  server.RaftServerConfigKeys (ConfUtils.java:logGet(43)) - raft.server.log.appender.install.snapshot.enabled = false (custom)
2019-10-04 16:47:52,758 [pool-67-thread-1] INFO  server.RaftServerConfigKeys (ConfUtils.java:logGet(43)) - raft.server.log.corruption.policy = EXCEPTION (default)
2019-10-04 16:47:52,758 [pool-57-thread-1] INFO  impl.RaftServerImpl (ServerState.java:<init>(103)) - 1dcfab43-391d-45c5-b294-9417c9104c52@group-88B80A8F6549: ConfigurationManager, init=-1: [1dcfab43-391d-45c5-b294-9417c9104c52:192.168.5.153:40954, 56251a7d-5ee5-41f8-a90e-1231f73e3ff7:192.168.5.153:46734, 1a98ba17-ee97-4387-8a47-ae43e92b9c47:192.168.5.153:44781], old=null, confs=<EMPTY_MAP>
2019-10-04 16:47:52,758 [pool-67-thread-1] INFO  storage.RaftStorageDirectory (RaftStorageDirectory.java:analyzeStorage(246)) - The storage directory /workdir/hadoop-ozone/integration-test/target/test-dir/MiniOzoneClusterImpl-a6663ea6-7428-4603-a828-442114a87559/datanode-4/data/ratis/faa62bf2-048b-459f-a05e-88b80a8f6549 does not exist. Creating ...
2019-10-04 16:47:52,758 [pool-57-thread-1] INFO  server.RaftServerConfigKeys (ConfUtils.java:logGet(43)) - raft.server.storage.dir = [/workdir/hadoop-ozone/integration-test/target/test-dir/MiniOzoneClusterImpl-a6663ea6-7428-4603-a828-442114a87559/datanode-3/data/ratis] (custom)
2019-10-04 16:47:52,758 [pool-57-thread-1] INFO  server.RaftServerConfigKeys (ConfUtils.java:logGet(43)) - raft.server.log.corruption.policy = EXCEPTION (default)
2019-10-04 16:47:52,759 [pool-57-thread-1] INFO  storage.RaftStorageDirectory (RaftStorageDirectory.java:analyzeStorage(246)) - The storage directory /workdir/hadoop-ozone/integration-test/target/test-dir/MiniOzoneClusterImpl-a6663ea6-7428-4603-a828-442114a87559/datanode-3/data/ratis/faa62bf2-048b-459f-a05e-88b80a8f6549 does not exist. Creating ...
2019-10-04 16:47:52,770 [pool-27-thread-1] INFO  storage.RaftStorageDirectory (RaftStorageDirectory.java:tryLock(328)) - Lock on /workdir/hadoop-ozone/integration-test/target/test-dir/MiniOzoneClusterImpl-a6663ea6-7428-4603-a828-442114a87559/datanode-0/data/ratis/faa62bf2-048b-459f-a05e-88b80a8f6549/in_use.lock acquired by nodename 14758@pr-hdds-2250-qhw8f-1617406954
2019-10-04 16:47:52,770 [pool-67-thread-1] INFO  storage.RaftStorageDirectory (RaftStorageDirectory.java:tryLock(328)) - Lock on /workdir/hadoop-ozone/integration-test/target/test-dir/MiniOzoneClusterImpl-a6663ea6-7428-4603-a828-442114a87559/datanode-4/data/ratis/faa62bf2-048b-459f-a05e-88b80a8f6549/in_use.lock acquired by nodename 14758@pr-hdds-2250-qhw8f-1617406954
2019-10-04 16:47:52,770 [pool-57-thread-1] INFO  storage.RaftStorageDirectory (RaftStorageDirectory.java:tryLock(328)) - Lock on /workdir/hadoop-ozone/integration-test/target/test-dir/MiniOzoneClusterImpl-a6663ea6-7428-4603-a828-442114a87559/datanode-3/data/ratis/faa62bf2-048b-459f-a05e-88b80a8f6549/in_use.lock acquired by nodename 14758@pr-hdds-2250-qhw8f-1617406954
2019-10-04 16:47:52,785 [pool-67-thread-1] INFO  storage.RaftStorage (RaftStorage.java:format(84)) - Storage directory /workdir/hadoop-ozone/integration-test/target/test-dir/MiniOzoneClusterImpl-a6663ea6-7428-4603-a828-442114a87559/datanode-4/data/ratis/faa62bf2-048b-459f-a05e-88b80a8f6549 has been successfully formatted.
2019-10-04 16:47:52,785 [pool-27-thread-1] INFO  storage.RaftStorage (RaftStorage.java:format(84)) - Storage directory /workdir/hadoop-ozone/integration-test/target/test-dir/MiniOzoneClusterImpl-a6663ea6-7428-4603-a828-442114a87559/datanode-0/data/ratis/faa62bf2-048b-459f-a05e-88b80a8f6549 has been successfully formatted.
2019-10-04 16:47:52,785 [pool-57-thread-1] INFO  storage.RaftStorage (RaftStorage.java:format(84)) - Storage directory /workdir/hadoop-ozone/integration-test/target/test-dir/MiniOzoneClusterImpl-a6663ea6-7428-4603-a828-442114a87559/datanode-3/data/ratis/faa62bf2-048b-459f-a05e-88b80a8f6549 has been successfully formatted.
2019-10-04 16:47:52,785 [pool-67-thread-1] INFO  ratis.ContainerStateMachine (ContainerStateMachine.java:loadSnapshot(230)) - group-88B80A8F6549: The snapshot info is null. Setting the last applied indexto:(t:0, i:~)
2019-10-04 16:47:52,786 [pool-27-thread-1] INFO  ratis.ContainerStateMachine (ContainerStateMachine.java:loadSnapshot(230)) - group-88B80A8F6549: The snapshot info is null. Setting the last applied indexto:(t:0, i:~)
2019-10-04 16:47:52,786 [pool-57-thread-1] INFO  ratis.ContainerStateMachine (ContainerStateMachine.java:loadSnapshot(230)) - group-88B80A8F6549: The snapshot info is null. Setting the last applied indexto:(t:0, i:~)
2019-10-04 16:47:52,786 [pool-27-thread-1] INFO  server.RaftServerConfigKeys (ConfUtils.java:logGet(43)) - raft.server.notification.no-leader.timeout = 120s (custom)
2019-10-04 16:47:52,786 [pool-67-thread-1] INFO  server.RaftServerConfigKeys (ConfUtils.java:logGet(43)) - raft.server.notification.no-leader.timeout = 120s (custom)
2019-10-04 16:47:52,786 [pool-27-thread-1] INFO  server.RaftServerConfigKeys (ConfUtils.java:logGet(43)) - raft.server.log.use.memory = false (default)
2019-10-04 16:47:52,786 [pool-57-thread-1] INFO  server.RaftServerConfigKeys (ConfUtils.java:logGet(43)) - raft.server.notification.no-leader.timeout = 120s (custom)
2019-10-04 16:47:52,787 [pool-27-thread-1] INFO  server.RaftServerConfigKeys (ConfUtils.java:logGet(43)) - raft.server.log.purge.gap = 1000000 (custom)
2019-10-04 16:47:52,787 [pool-67-thread-1] INFO  server.RaftServerConfigKeys (ConfUtils.java:logGet(43)) - raft.server.log.use.memory = false (default)
2019-10-04 16:47:52,787 [pool-27-thread-1] INFO  server.RaftServerConfigKeys (ConfUtils.java:logGet(43)) - raft.server.log.appender.buffer.byte-limit = 33554432 (custom)
2019-10-04 16:47:52,787 [pool-57-thread-1] INFO  server.RaftServerConfigKeys (ConfUtils.java:logGet(43)) - raft.server.log.use.memory = false (default)
2019-10-04 16:47:52,788 [pool-27-thread-1] INFO  server.RaftServerConfigKeys (ConfUtils.java:logGet(43)) - raft.server.log.segment.size.max = 1048576 (custom)
2019-10-04 16:47:52,787 [pool-67-thread-1] INFO  server.RaftServerConfigKeys (ConfUtils.java:logGet(43)) - raft.server.log.purge.gap = 1000000 (custom)
2019-10-04 16:47:52,788 [pool-27-thread-1] INFO  server.RaftServerConfigKeys (ConfUtils.java:logGet(43)) - raft.server.log.segment.cache.num.max = 2 (custom)
2019-10-04 16:47:52,788 [pool-57-thread-1] INFO  server.RaftServerConfigKeys (ConfUtils.java:logGet(43)) - raft.server.log.purge.gap = 1000000 (custom)
2019-10-04 16:47:52,788 [pool-27-thread-1] INFO  segmented.SegmentedRaftLogWorker (SegmentedRaftLogWorker.java:<init>(173)) - new 56251a7d-5ee5-41f8-a90e-1231f73e3ff7@group-88B80A8F6549-SegmentedRaftLogWorker for RaftStorage:Storage Directory /workdir/hadoop-ozone/integration-test/target/test-dir/MiniOzoneClusterImpl-a6663ea6-7428-4603-a828-442114a87559/datanode-0/data/ratis/faa62bf2-048b-459f-a05e-88b80a8f6549
2019-10-04 16:47:52,788 [pool-67-thread-1] INFO  server.RaftServerConfigKeys (ConfUtils.java:logGet(43)) - raft.server.log.appender.buffer.byte-limit = 33554432 (custom)
2019-10-04 16:47:52,789 [pool-27-thread-1] INFO  server.RaftServerConfigKeys (ConfUtils.java:logGet(43)) - raft.server.log.queue.byte-limit = 2147483647 (custom)
2019-10-04 16:47:52,788 [pool-57-thread-1] INFO  server.RaftServerConfigKeys (ConfUtils.java:logGet(43)) - raft.server.log.appender.buffer.byte-limit = 33554432 (custom)
2019-10-04 16:47:52,789 [pool-27-thread-1] INFO  server.RaftServerConfigKeys (ConfUtils.java:logGet(43)) - raft.server.log.queue.element-limit = 1024 (custom)
2019-10-04 16:47:52,789 [pool-67-thread-1] INFO  server.RaftServerConfigKeys (ConfUtils.java:logGet(43)) - raft.server.log.segment.size.max = 1048576 (custom)
2019-10-04 16:47:52,789 [pool-27-thread-1] INFO  server.RaftServerConfigKeys (ConfUtils.java:logGet(43)) - raft.server.log.segment.size.max = 1048576 (custom)
2019-10-04 16:47:52,789 [pool-57-thread-1] INFO  server.RaftServerConfigKeys (ConfUtils.java:logGet(43)) - raft.server.log.segment.size.max = 1048576 (custom)
2019-10-04 16:47:52,790 [pool-27-thread-1] INFO  server.RaftServerConfigKeys (ConfUtils.java:logGet(43)) - raft.server.log.preallocated.size = 16384 (custom)
2019-10-04 16:47:52,790 [pool-67-thread-1] INFO  server.RaftServerConfigKeys (ConfUtils.java:logGet(43)) - raft.server.log.segment.cache.num.max = 2 (custom)
2019-10-04 16:47:52,790 [pool-27-thread-1] INFO  server.RaftServerConfigKeys (ConfUtils.java:logGet(43)) - raft.server.log.write.buffer.size = 33554432 (custom)
2019-10-04 16:47:52,790 [pool-57-thread-1] INFO  server.RaftServerConfigKeys (ConfUtils.java:logGet(43)) - raft.server.log.segment.cache.num.max = 2 (custom)
2019-10-04 16:47:52,791 [pool-27-thread-1] INFO  server.RaftServerConfigKeys (ConfUtils.java:logGet(43)) - raft.server.log.force.sync.num = 128 (default)
2019-10-04 16:47:52,790 [pool-67-thread-1] INFO  segmented.SegmentedRaftLogWorker (SegmentedRaftLogWorker.java:<init>(173)) - new 1a98ba17-ee97-4387-8a47-ae43e92b9c47@group-88B80A8F6549-SegmentedRaftLogWorker for RaftStorage:Storage Directory /workdir/hadoop-ozone/integration-test/target/test-dir/MiniOzoneClusterImpl-a6663ea6-7428-4603-a828-442114a87559/datanode-4/data/ratis/faa62bf2-048b-459f-a05e-88b80a8f6549
2019-10-04 16:47:52,791 [pool-27-thread-1] INFO  server.RaftServerConfigKeys (ConfUtils.java:logGet(43)) - raft.server.log.statemachine.data.sync = true (default)
2019-10-04 16:47:52,791 [pool-57-thread-1] INFO  segmented.SegmentedRaftLogWorker (SegmentedRaftLogWorker.java:<init>(173)) - new 1dcfab43-391d-45c5-b294-9417c9104c52@group-88B80A8F6549-SegmentedRaftLogWorker for RaftStorage:Storage Directory /workdir/hadoop-ozone/integration-test/target/test-dir/MiniOzoneClusterImpl-a6663ea6-7428-4603-a828-442114a87559/datanode-3/data/ratis/faa62bf2-048b-459f-a05e-88b80a8f6549
2019-10-04 16:47:52,791 [pool-27-thread-1] INFO  server.RaftServerConfigKeys (ConfUtils.java:logGet(43)) - raft.server.log.statemachine.data.sync.timeout = 10s (default)
2019-10-04 16:47:52,791 [pool-67-thread-1] INFO  server.RaftServerConfigKeys (ConfUtils.java:logGet(43)) - raft.server.log.queue.byte-limit = 2147483647 (custom)
2019-10-04 16:47:52,792 [pool-27-thread-1] INFO  server.RaftServerConfigKeys (ConfUtils.java:logGet(43)) - raft.server.log.statemachine.data.sync.timeout.retry = -1 (default)
2019-10-04 16:47:52,791 [pool-57-thread-1] INFO  server.RaftServerConfigKeys (ConfUtils.java:logGet(43)) - raft.server.log.queue.byte-limit = 2147483647 (custom)
2019-10-04 16:47:52,792 [pool-67-thread-1] INFO  server.RaftServerConfigKeys (ConfUtils.java:logGet(43)) - raft.server.log.queue.element-limit = 1024 (custom)
2019-10-04 16:47:52,792 [pool-57-thread-1] INFO  server.RaftServerConfigKeys (ConfUtils.java:logGet(43)) - raft.server.log.queue.element-limit = 1024 (custom)
2019-10-04 16:47:52,792 [pool-27-thread-1] INFO  server.RaftServerConfigKeys (ConfUtils.java:logGet(43)) - raft.server.log.statemachine.data.caching.enabled = true (custom)
2019-10-04 16:47:52,792 [pool-57-thread-1] INFO  server.RaftServerConfigKeys (ConfUtils.java:logGet(43)) - raft.server.log.segment.size.max = 1048576 (custom)
2019-10-04 16:47:52,792 [pool-67-thread-1] INFO  server.RaftServerConfigKeys (ConfUtils.java:logGet(43)) - raft.server.log.segment.size.max = 1048576 (custom)
2019-10-04 16:47:52,793 [pool-57-thread-1] INFO  server.RaftServerConfigKeys (ConfUtils.java:logGet(43)) - raft.server.log.preallocated.size = 16384 (custom)
2019-10-04 16:47:52,793 [pool-27-thread-1] INFO  segmented.SegmentedRaftLogWorker (SegmentedRaftLogWorker.java:lambda$new$0(128)) - 56251a7d-5ee5-41f8-a90e-1231f73e3ff7@group-88B80A8F6549-SegmentedRaftLogWorker: flushIndex: setUnconditionally 0 -> -1
2019-10-04 16:47:52,793 [pool-57-thread-1] INFO  server.RaftServerConfigKeys (ConfUtils.java:logGet(43)) - raft.server.log.write.buffer.size = 33554432 (custom)
2019-10-04 16:47:52,793 [pool-67-thread-1] INFO  server.RaftServerConfigKeys (ConfUtils.java:logGet(43)) - raft.server.log.preallocated.size = 16384 (custom)
2019-10-04 16:47:52,793 [pool-57-thread-1] INFO  server.RaftServerConfigKeys (ConfUtils.java:logGet(43)) - raft.server.log.force.sync.num = 128 (default)
2019-10-04 16:47:52,793 [pool-27-thread-1] INFO  server.RaftServerConfigKeys (ConfUtils.java:logGet(43)) - raft.server.snapshot.auto.trigger.enabled = true (custom)
2019-10-04 16:47:52,794 [pool-57-thread-1] INFO  server.RaftServerConfigKeys (ConfUtils.java:logGet(43)) - raft.server.log.statemachine.data.sync = true (default)
2019-10-04 16:47:52,793 [pool-67-thread-1] INFO  server.RaftServerConfigKeys (ConfUtils.java:logGet(43)) - raft.server.log.write.buffer.size = 33554432 (custom)
2019-10-04 16:47:52,794 [pool-57-thread-1] INFO  server.RaftServerConfigKeys (ConfUtils.java:logGet(43)) - raft.server.log.statemachine.data.sync.timeout = 10s (default)
2019-10-04 16:47:52,794 [pool-27-thread-1] INFO  server.RaftServerConfigKeys (ConfUtils.java:logGet(43)) - raft.server.snapshot.auto.trigger.threshold = 10000 (custom)
2019-10-04 16:47:52,794 [pool-57-thread-1] INFO  server.RaftServerConfigKeys (ConfUtils.java:logGet(43)) - raft.server.log.statemachine.data.sync.timeout.retry = -1 (default)
2019-10-04 16:47:52,794 [pool-67-thread-1] INFO  server.RaftServerConfigKeys (ConfUtils.java:logGet(43)) - raft.server.log.force.sync.num = 128 (default)
2019-10-04 16:47:52,794 [pool-27-thread-1] INFO  server.RaftServerConfigKeys (ConfUtils.java:logGet(43)) - raft.server.snapshot.retention.file.num = 5 (custom)
2019-10-04 16:47:52,795 [pool-67-thread-1] INFO  server.RaftServerConfigKeys (ConfUtils.java:logGet(43)) - raft.server.log.statemachine.data.sync = true (default)
2019-10-04 16:47:52,795 [pool-57-thread-1] INFO  server.RaftServerConfigKeys (ConfUtils.java:logGet(43)) - raft.server.log.statemachine.data.caching.enabled = true (custom)
2019-10-04 16:47:52,795 [pool-67-thread-1] INFO  server.RaftServerConfigKeys (ConfUtils.java:logGet(43)) - raft.server.log.statemachine.data.sync.timeout = 10s (default)
2019-10-04 16:47:52,795 [pool-27-thread-1] INFO  server.RaftServerConfigKeys (ConfUtils.java:logGet(43)) - raft.server.retrycache.expirytime = 600000ms (custom)
2019-10-04 16:47:52,795 [pool-67-thread-1] INFO  server.RaftServerConfigKeys (ConfUtils.java:logGet(43)) - raft.server.log.statemachine.data.sync.timeout.retry = -1 (default)
2019-10-04 16:47:52,795 [pool-57-thread-1] INFO  segmented.SegmentedRaftLogWorker (SegmentedRaftLogWorker.java:lambda$new$0(128)) - 1dcfab43-391d-45c5-b294-9417c9104c52@group-88B80A8F6549-SegmentedRaftLogWorker: flushIndex: setUnconditionally 0 -> -1
2019-10-04 16:47:52,796 [pool-67-thread-1] INFO  server.RaftServerConfigKeys (ConfUtils.java:logGet(43)) - raft.server.log.statemachine.data.caching.enabled = true (custom)
2019-10-04 16:47:52,796 [pool-57-thread-1] INFO  server.RaftServerConfigKeys (ConfUtils.java:logGet(43)) - raft.server.snapshot.auto.trigger.enabled = true (custom)
2019-10-04 16:47:52,796 [pool-67-thread-1] INFO  segmented.SegmentedRaftLogWorker (SegmentedRaftLogWorker.java:lambda$new$0(128)) - 1a98ba17-ee97-4387-8a47-ae43e92b9c47@group-88B80A8F6549-SegmentedRaftLogWorker: flushIndex: setUnconditionally 0 -> -1
2019-10-04 16:47:52,796 [pool-57-thread-1] INFO  server.RaftServerConfigKeys (ConfUtils.java:logGet(43)) - raft.server.snapshot.auto.trigger.threshold = 10000 (custom)
2019-10-04 16:47:52,796 [pool-57-thread-1] INFO  server.RaftServerConfigKeys (ConfUtils.java:logGet(43)) - raft.server.snapshot.retention.file.num = 5 (custom)
2019-10-04 16:47:52,796 [pool-67-thread-1] INFO  server.RaftServerConfigKeys (ConfUtils.java:logGet(43)) - raft.server.snapshot.auto.trigger.enabled = true (custom)
2019-10-04 16:47:52,796 [pool-57-thread-1] INFO  server.RaftServerConfigKeys (ConfUtils.java:logGet(43)) - raft.server.retrycache.expirytime = 600000ms (custom)
2019-10-04 16:47:52,797 [pool-67-thread-1] INFO  server.RaftServerConfigKeys (ConfUtils.java:logGet(43)) - raft.server.snapshot.auto.trigger.threshold = 10000 (custom)
2019-10-04 16:47:52,797 [pool-67-thread-1] INFO  server.RaftServerConfigKeys (ConfUtils.java:logGet(43)) - raft.server.snapshot.retention.file.num = 5 (custom)
2019-10-04 16:47:52,797 [pool-67-thread-1] INFO  server.RaftServerConfigKeys (ConfUtils.java:logGet(43)) - raft.server.retrycache.expirytime = 600000ms (custom)
2019-10-04 16:47:52,798 [pool-27-thread-1] INFO  impl.RaftServerImpl (RaftServerImpl.java:start(181)) - 56251a7d-5ee5-41f8-a90e-1231f73e3ff7@group-88B80A8F6549: start as a follower, conf=-1: [1dcfab43-391d-45c5-b294-9417c9104c52:192.168.5.153:40954, 56251a7d-5ee5-41f8-a90e-1231f73e3ff7:192.168.5.153:46734, 1a98ba17-ee97-4387-8a47-ae43e92b9c47:192.168.5.153:44781], old=null
2019-10-04 16:47:52,798 [pool-27-thread-1] INFO  impl.RaftServerImpl (RaftServerImpl.java:setRole(170)) - 56251a7d-5ee5-41f8-a90e-1231f73e3ff7@group-88B80A8F6549: changes role from      null to FOLLOWER at term 0 for startAsFollower
2019-10-04 16:47:52,798 [pool-27-thread-1] INFO  impl.RoleInfo (RoleInfo.java:updateAndGet(143)) - 56251a7d-5ee5-41f8-a90e-1231f73e3ff7: start FollowerState
2019-10-04 16:47:52,799 [pool-27-thread-1] INFO  util.JmxRegister (JmxRegister.java:tryRegister(44)) - Successfully registered JMX Bean with object name Ratis:service=RaftServer,group=group-88B80A8F6549,id=56251a7d-5ee5-41f8-a90e-1231f73e3ff7
2019-10-04 16:47:52,801 [pool-57-thread-1] INFO  impl.RaftServerImpl (RaftServerImpl.java:start(181)) - 1dcfab43-391d-45c5-b294-9417c9104c52@group-88B80A8F6549: start as a follower, conf=-1: [1dcfab43-391d-45c5-b294-9417c9104c52:192.168.5.153:40954, 56251a7d-5ee5-41f8-a90e-1231f73e3ff7:192.168.5.153:46734, 1a98ba17-ee97-4387-8a47-ae43e92b9c47:192.168.5.153:44781], old=null
2019-10-04 16:47:52,802 [pool-57-thread-1] INFO  impl.RaftServerImpl (RaftServerImpl.java:setRole(170)) - 1dcfab43-391d-45c5-b294-9417c9104c52@group-88B80A8F6549: changes role from      null to FOLLOWER at term 0 for startAsFollower
2019-10-04 16:47:52,802 [pool-67-thread-1] INFO  impl.RaftServerImpl (RaftServerImpl.java:start(181)) - 1a98ba17-ee97-4387-8a47-ae43e92b9c47@group-88B80A8F6549: start as a follower, conf=-1: [1dcfab43-391d-45c5-b294-9417c9104c52:192.168.5.153:40954, 56251a7d-5ee5-41f8-a90e-1231f73e3ff7:192.168.5.153:46734, 1a98ba17-ee97-4387-8a47-ae43e92b9c47:192.168.5.153:44781], old=null
2019-10-04 16:47:52,802 [pool-57-thread-1] INFO  impl.RoleInfo (RoleInfo.java:updateAndGet(143)) - 1dcfab43-391d-45c5-b294-9417c9104c52: start FollowerState
2019-10-04 16:47:52,802 [pool-67-thread-1] INFO  impl.RaftServerImpl (RaftServerImpl.java:setRole(170)) - 1a98ba17-ee97-4387-8a47-ae43e92b9c47@group-88B80A8F6549: changes role from      null to FOLLOWER at term 0 for startAsFollower
2019-10-04 16:47:52,802 [pool-67-thread-1] INFO  impl.RoleInfo (RoleInfo.java:updateAndGet(143)) - 1a98ba17-ee97-4387-8a47-ae43e92b9c47: start FollowerState
2019-10-04 16:47:52,802 [pool-57-thread-1] INFO  util.JmxRegister (JmxRegister.java:tryRegister(44)) - Successfully registered JMX Bean with object name Ratis:service=RaftServer,group=group-88B80A8F6549,id=1dcfab43-391d-45c5-b294-9417c9104c52
2019-10-04 16:47:52,803 [pool-67-thread-1] INFO  util.JmxRegister (JmxRegister.java:tryRegister(44)) - Successfully registered JMX Bean with object name Ratis:service=RaftServer,group=group-88B80A8F6549,id=1a98ba17-ee97-4387-8a47-ae43e92b9c47
2019-10-04 16:47:52,846 [RatisPipelineUtilsThread] INFO  pipeline.PipelineStateManager (PipelineStateManager.java:addPipeline(56)) - Created pipeline Pipeline[ Id: faa62bf2-048b-459f-a05e-88b80a8f6549, Nodes: 56251a7d-5ee5-41f8-a90e-1231f73e3ff7{ip: 192.168.5.153, host: pr-hdds-2250-qhw8f-1617406954, networkLocation: /default-rack, certSerialId: null}1dcfab43-391d-45c5-b294-9417c9104c52{ip: 192.168.5.153, host: pr-hdds-2250-qhw8f-1617406954, networkLocation: /default-rack, certSerialId: null}1a98ba17-ee97-4387-8a47-ae43e92b9c47{ip: 192.168.5.153, host: pr-hdds-2250-qhw8f-1617406954, networkLocation: /default-rack, certSerialId: null}, Type:RATIS, Factor:THREE, State:OPEN]
2019-10-04 16:47:52,896 [grpc-default-executor-0] INFO  impl.RaftServerProxy (RaftServerProxy.java:addNew(89)) - 2241fb42-f8f0-4490-bd75-7cbb5c089b22: addNew group-6CC3D14C8079:[2241fb42-f8f0-4490-bd75-7cbb5c089b22:192.168.5.153:45809, 5ae9cecc-3e88-4e48-9094-a35479a26cbd:192.168.5.153:45355, b6546c7d-80eb-4829-96f5-eabd1005523b:192.168.5.153:36469] returns group-6CC3D14C8079:java.util.concurrent.CompletableFuture@7d387b1[Not completed]
2019-10-04 16:47:52,897 [grpc-default-executor-2] INFO  impl.RaftServerProxy (RaftServerProxy.java:addNew(89)) - 5ae9cecc-3e88-4e48-9094-a35479a26cbd: addNew group-6CC3D14C8079:[2241fb42-f8f0-4490-bd75-7cbb5c089b22:192.168.5.153:45809, 5ae9cecc-3e88-4e48-9094-a35479a26cbd:192.168.5.153:45355, b6546c7d-80eb-4829-96f5-eabd1005523b:192.168.5.153:36469] returns group-6CC3D14C8079:java.util.concurrent.CompletableFuture@32cd3f02[Not completed]
2019-10-04 16:47:52,897 [grpc-default-executor-1] INFO  impl.RaftServerProxy (RaftServerProxy.java:addNew(89)) - b6546c7d-80eb-4829-96f5-eabd1005523b: addNew group-6CC3D14C8079:[2241fb42-f8f0-4490-bd75-7cbb5c089b22:192.168.5.153:45809, 5ae9cecc-3e88-4e48-9094-a35479a26cbd:192.168.5.153:45355, b6546c7d-80eb-4829-96f5-eabd1005523b:192.168.5.153:36469] returns group-6CC3D14C8079:java.util.concurrent.CompletableFuture@78599f7b[Not completed]
2019-10-04 16:47:52,899 [pool-87-thread-1] INFO  impl.RaftServerImpl (RaftServerImpl.java:<init>(95)) - 2241fb42-f8f0-4490-bd75-7cbb5c089b22: new RaftServerImpl for group-6CC3D14C8079:[2241fb42-f8f0-4490-bd75-7cbb5c089b22:192.168.5.153:45809, 5ae9cecc-3e88-4e48-9094-a35479a26cbd:192.168.5.153:45355, b6546c7d-80eb-4829-96f5-eabd1005523b:192.168.5.153:36469] with ContainerStateMachine:uninitialized
2019-10-04 16:47:52,899 [pool-87-thread-1] INFO  server.RaftServerConfigKeys (ConfUtils.java:logGet(43)) - raft.server.rpc.timeout.min = 5s (custom)
2019-10-04 16:47:52,900 [pool-87-thread-1] INFO  server.RaftServerConfigKeys (ConfUtils.java:logGet(43)) - raft.server.rpc.timeout.max = 5200ms (custom)
2019-10-04 16:47:52,900 [pool-87-thread-1] INFO  server.RaftServerConfigKeys (ConfUtils.java:logGet(43)) - raft.server.rpcslowness.timeout = 120s (custom)
2019-10-04 16:47:52,900 [pool-87-thread-1] INFO  server.RaftServerConfigKeys (ConfUtils.java:logGet(43)) - raft.server.sleep.deviation.threshold = 300 (default)
2019-10-04 16:47:52,900 [pool-87-thread-1] INFO  server.RaftServerConfigKeys (ConfUtils.java:logGet(43)) - raft.server.log.appender.install.snapshot.enabled = false (custom)
2019-10-04 16:47:52,900 [pool-87-thread-1] INFO  impl.RaftServerImpl (ServerState.java:<init>(103)) - 2241fb42-f8f0-4490-bd75-7cbb5c089b22@group-6CC3D14C8079: ConfigurationManager, init=-1: [2241fb42-f8f0-4490-bd75-7cbb5c089b22:192.168.5.153:45809, 5ae9cecc-3e88-4e48-9094-a35479a26cbd:192.168.5.153:45355, b6546c7d-80eb-4829-96f5-eabd1005523b:192.168.5.153:36469], old=null, confs=<EMPTY_MAP>
2019-10-04 16:47:52,900 [pool-87-thread-1] INFO  server.RaftServerConfigKeys (ConfUtils.java:logGet(43)) - raft.server.storage.dir = [/workdir/hadoop-ozone/integration-test/target/test-dir/MiniOzoneClusterImpl-a6663ea6-7428-4603-a828-442114a87559/datanode-6/data/ratis] (custom)
2019-10-04 16:47:52,900 [pool-47-thread-1] INFO  impl.RaftServerImpl (RaftServerImpl.java:<init>(95)) - b6546c7d-80eb-4829-96f5-eabd1005523b: new RaftServerImpl for group-6CC3D14C8079:[2241fb42-f8f0-4490-bd75-7cbb5c089b22:192.168.5.153:45809, 5ae9cecc-3e88-4e48-9094-a35479a26cbd:192.168.5.153:45355, b6546c7d-80eb-4829-96f5-eabd1005523b:192.168.5.153:36469] with ContainerStateMachine:uninitialized
2019-10-04 16:47:52,900 [pool-87-thread-1] INFO  server.RaftServerConfigKeys (ConfUtils.java:logGet(43)) - raft.server.log.corruption.policy = EXCEPTION (default)
2019-10-04 16:47:52,900 [pool-47-thread-1] INFO  server.RaftServerConfigKeys (ConfUtils.java:logGet(43)) - raft.server.rpc.timeout.min = 5s (custom)
2019-10-04 16:47:52,901 [pool-87-thread-1] INFO  storage.RaftStorageDirectory (RaftStorageDirectory.java:analyzeStorage(246)) - The storage directory /workdir/hadoop-ozone/integration-test/target/test-dir/MiniOzoneClusterImpl-a6663ea6-7428-4603-a828-442114a87559/datanode-6/data/ratis/e21c5eb0-9092-4f35-8eac-6cc3d14c8079 does not exist. Creating ...
2019-10-04 16:47:52,901 [pool-47-thread-1] INFO  server.RaftServerConfigKeys (ConfUtils.java:logGet(43)) - raft.server.rpc.timeout.max = 5200ms (custom)
2019-10-04 16:47:52,901 [pool-47-thread-1] INFO  server.RaftServerConfigKeys (ConfUtils.java:logGet(43)) - raft.server.rpcslowness.timeout = 120s (custom)
2019-10-04 16:47:52,901 [pool-37-thread-1] INFO  impl.RaftServerImpl (RaftServerImpl.java:<init>(95)) - 5ae9cecc-3e88-4e48-9094-a35479a26cbd: new RaftServerImpl for group-6CC3D14C8079:[2241fb42-f8f0-4490-bd75-7cbb5c089b22:192.168.5.153:45809, 5ae9cecc-3e88-4e48-9094-a35479a26cbd:192.168.5.153:45355, b6546c7d-80eb-4829-96f5-eabd1005523b:192.168.5.153:36469] with ContainerStateMachine:uninitialized
2019-10-04 16:47:52,901 [pool-47-thread-1] INFO  server.RaftServerConfigKeys (ConfUtils.java:logGet(43)) - raft.server.sleep.deviation.threshold = 300 (default)
2019-10-04 16:47:52,901 [pool-37-thread-1] INFO  server.RaftServerConfigKeys (ConfUtils.java:logGet(43)) - raft.server.rpc.timeout.min = 5s (custom)
2019-10-04 16:47:52,901 [pool-47-thread-1] INFO  server.RaftServerConfigKeys (ConfUtils.java:logGet(43)) - raft.server.log.appender.install.snapshot.enabled = false (custom)
2019-10-04 16:47:52,901 [pool-37-thread-1] INFO  server.RaftServerConfigKeys (ConfUtils.java:logGet(43)) - raft.server.rpc.timeout.max = 5200ms (custom)
2019-10-04 16:47:52,901 [pool-47-thread-1] INFO  impl.RaftServerImpl (ServerState.java:<init>(103)) - b6546c7d-80eb-4829-96f5-eabd1005523b@group-6CC3D14C8079: ConfigurationManager, init=-1: [2241fb42-f8f0-4490-bd75-7cbb5c089b22:192.168.5.153:45809, 5ae9cecc-3e88-4e48-9094-a35479a26cbd:192.168.5.153:45355, b6546c7d-80eb-4829-96f5-eabd1005523b:192.168.5.153:36469], old=null, confs=<EMPTY_MAP>
2019-10-04 16:47:52,901 [pool-37-thread-1] INFO  server.RaftServerConfigKeys (ConfUtils.java:logGet(43)) - raft.server.rpcslowness.timeout = 120s (custom)
2019-10-04 16:47:52,902 [pool-47-thread-1] INFO  server.RaftServerConfigKeys (ConfUtils.java:logGet(43)) - raft.server.storage.dir = [/workdir/hadoop-ozone/integration-test/target/test-dir/MiniOzoneClusterImpl-a6663ea6-7428-4603-a828-442114a87559/datanode-2/data/ratis] (custom)
2019-10-04 16:47:52,902 [pool-37-thread-1] INFO  server.RaftServerConfigKeys (ConfUtils.java:logGet(43)) - raft.server.sleep.deviation.threshold = 300 (default)
2019-10-04 16:47:52,902 [pool-37-thread-1] INFO  server.RaftServerConfigKeys (ConfUtils.java:logGet(43)) - raft.server.log.appender.install.snapshot.enabled = false (custom)
2019-10-04 16:47:52,903 [pool-47-thread-1] INFO  server.RaftServerConfigKeys (ConfUtils.java:logGet(43)) - raft.server.log.corruption.policy = EXCEPTION (default)
2019-10-04 16:47:52,903 [pool-37-thread-1] INFO  impl.RaftServerImpl (ServerState.java:<init>(103)) - 5ae9cecc-3e88-4e48-9094-a35479a26cbd@group-6CC3D14C8079: ConfigurationManager, init=-1: [2241fb42-f8f0-4490-bd75-7cbb5c089b22:192.168.5.153:45809, 5ae9cecc-3e88-4e48-9094-a35479a26cbd:192.168.5.153:45355, b6546c7d-80eb-4829-96f5-eabd1005523b:192.168.5.153:36469], old=null, confs=<EMPTY_MAP>
2019-10-04 16:47:52,903 [pool-47-thread-1] INFO  storage.RaftStorageDirectory (RaftStorageDirectory.java:analyzeStorage(246)) - The storage directory /workdir/hadoop-ozone/integration-test/target/test-dir/MiniOzoneClusterImpl-a6663ea6-7428-4603-a828-442114a87559/datanode-2/data/ratis/e21c5eb0-9092-4f35-8eac-6cc3d14c8079 does not exist. Creating ...
2019-10-04 16:47:52,903 [pool-37-thread-1] INFO  server.RaftServerConfigKeys (ConfUtils.java:logGet(43)) - raft.server.storage.dir = [/workdir/hadoop-ozone/integration-test/target/test-dir/MiniOzoneClusterImpl-a6663ea6-7428-4603-a828-442114a87559/datanode-1/data/ratis] (custom)
2019-10-04 16:47:52,904 [pool-37-thread-1] INFO  server.RaftServerConfigKeys (ConfUtils.java:logGet(43)) - raft.server.log.corruption.policy = EXCEPTION (default)
2019-10-04 16:47:52,904 [pool-37-thread-1] INFO  storage.RaftStorageDirectory (RaftStorageDirectory.java:analyzeStorage(246)) - The storage directory /workdir/hadoop-ozone/integration-test/target/test-dir/MiniOzoneClusterImpl-a6663ea6-7428-4603-a828-442114a87559/datanode-1/data/ratis/e21c5eb0-9092-4f35-8eac-6cc3d14c8079 does not exist. Creating ...
2019-10-04 16:47:52,915 [pool-37-thread-1] INFO  storage.RaftStorageDirectory (RaftStorageDirectory.java:tryLock(328)) - Lock on /workdir/hadoop-ozone/integration-test/target/test-dir/MiniOzoneClusterImpl-a6663ea6-7428-4603-a828-442114a87559/datanode-1/data/ratis/e21c5eb0-9092-4f35-8eac-6cc3d14c8079/in_use.lock acquired by nodename 14758@pr-hdds-2250-qhw8f-1617406954
2019-10-04 16:47:52,915 [pool-47-thread-1] INFO  storage.RaftStorageDirectory (RaftStorageDirectory.java:tryLock(328)) - Lock on /workdir/hadoop-ozone/integration-test/target/test-dir/MiniOzoneClusterImpl-a6663ea6-7428-4603-a828-442114a87559/datanode-2/data/ratis/e21c5eb0-9092-4f35-8eac-6cc3d14c8079/in_use.lock acquired by nodename 14758@pr-hdds-2250-qhw8f-1617406954
2019-10-04 16:47:52,915 [pool-87-thread-1] INFO  storage.RaftStorageDirectory (RaftStorageDirectory.java:tryLock(328)) - Lock on /workdir/hadoop-ozone/integration-test/target/test-dir/MiniOzoneClusterImpl-a6663ea6-7428-4603-a828-442114a87559/datanode-6/data/ratis/e21c5eb0-9092-4f35-8eac-6cc3d14c8079/in_use.lock acquired by nodename 14758@pr-hdds-2250-qhw8f-1617406954
2019-10-04 16:47:52,932 [pool-87-thread-1] INFO  storage.RaftStorage (RaftStorage.java:format(84)) - Storage directory /workdir/hadoop-ozone/integration-test/target/test-dir/MiniOzoneClusterImpl-a6663ea6-7428-4603-a828-442114a87559/datanode-6/data/ratis/e21c5eb0-9092-4f35-8eac-6cc3d14c8079 has been successfully formatted.
2019-10-04 16:47:52,933 [pool-47-thread-1] INFO  storage.RaftStorage (RaftStorage.java:format(84)) - Storage directory /workdir/hadoop-ozone/integration-test/target/test-dir/MiniOzoneClusterImpl-a6663ea6-7428-4603-a828-442114a87559/datanode-2/data/ratis/e21c5eb0-9092-4f35-8eac-6cc3d14c8079 has been successfully formatted.
2019-10-04 16:47:52,932 [pool-37-thread-1] INFO  storage.RaftStorage (RaftStorage.java:format(84)) - Storage directory /workdir/hadoop-ozone/integration-test/target/test-dir/MiniOzoneClusterImpl-a6663ea6-7428-4603-a828-442114a87559/datanode-1/data/ratis/e21c5eb0-9092-4f35-8eac-6cc3d14c8079 has been successfully formatted.
2019-10-04 16:47:52,933 [pool-47-thread-1] INFO  ratis.ContainerStateMachine (ContainerStateMachine.java:loadSnapshot(230)) - group-6CC3D14C8079: The snapshot info is null. Setting the last applied indexto:(t:0, i:~)
2019-10-04 16:47:52,933 [pool-87-thread-1] INFO  ratis.ContainerStateMachine (ContainerStateMachine.java:loadSnapshot(230)) - group-6CC3D14C8079: The snapshot info is null. Setting the last applied indexto:(t:0, i:~)
2019-10-04 16:47:52,933 [pool-47-thread-1] INFO  server.RaftServerConfigKeys (ConfUtils.java:logGet(43)) - raft.server.notification.no-leader.timeout = 120s (custom)
2019-10-04 16:47:52,933 [pool-37-thread-1] INFO  ratis.ContainerStateMachine (ContainerStateMachine.java:loadSnapshot(230)) - group-6CC3D14C8079: The snapshot info is null. Setting the last applied indexto:(t:0, i:~)
2019-10-04 16:47:52,933 [pool-47-thread-1] INFO  server.RaftServerConfigKeys (ConfUtils.java:logGet(43)) - raft.server.log.use.memory = false (default)
2019-10-04 16:47:52,933 [pool-87-thread-1] INFO  server.RaftServerConfigKeys (ConfUtils.java:logGet(43)) - raft.server.notification.no-leader.timeout = 120s (custom)
2019-10-04 16:47:52,933 [pool-47-thread-1] INFO  server.RaftServerConfigKeys (ConfUtils.java:logGet(43)) - raft.server.log.purge.gap = 1000000 (custom)
2019-10-04 16:47:52,933 [pool-37-thread-1] INFO  server.RaftServerConfigKeys (ConfUtils.java:logGet(43)) - raft.server.notification.no-leader.timeout = 120s (custom)
2019-10-04 16:47:52,934 [pool-47-thread-1] INFO  server.RaftServerConfigKeys (ConfUtils.java:logGet(43)) - raft.server.log.appender.buffer.byte-limit = 33554432 (custom)
2019-10-04 16:47:52,933 [pool-87-thread-1] INFO  server.RaftServerConfigKeys (ConfUtils.java:logGet(43)) - raft.server.log.use.memory = false (default)
2019-10-04 16:47:52,934 [pool-47-thread-1] INFO  server.RaftServerConfigKeys (ConfUtils.java:logGet(43)) - raft.server.log.segment.size.max = 1048576 (custom)
2019-10-04 16:47:52,934 [pool-37-thread-1] INFO  server.RaftServerConfigKeys (ConfUtils.java:logGet(43)) - raft.server.log.use.memory = false (default)
2019-10-04 16:47:52,934 [pool-47-thread-1] INFO  server.RaftServerConfigKeys (ConfUtils.java:logGet(43)) - raft.server.log.segment.cache.num.max = 2 (custom)
2019-10-04 16:47:52,934 [pool-87-thread-1] INFO  server.RaftServerConfigKeys (ConfUtils.java:logGet(43)) - raft.server.log.purge.gap = 1000000 (custom)
2019-10-04 16:47:52,934 [pool-47-thread-1] INFO  segmented.SegmentedRaftLogWorker (SegmentedRaftLogWorker.java:<init>(173)) - new b6546c7d-80eb-4829-96f5-eabd1005523b@group-6CC3D14C8079-SegmentedRaftLogWorker for RaftStorage:Storage Directory /workdir/hadoop-ozone/integration-test/target/test-dir/MiniOzoneClusterImpl-a6663ea6-7428-4603-a828-442114a87559/datanode-2/data/ratis/e21c5eb0-9092-4f35-8eac-6cc3d14c8079
2019-10-04 16:47:52,934 [pool-37-thread-1] INFO  server.RaftServerConfigKeys (ConfUtils.java:logGet(43)) - raft.server.log.purge.gap = 1000000 (custom)
2019-10-04 16:47:52,934 [pool-47-thread-1] INFO  server.RaftServerConfigKeys (ConfUtils.java:logGet(43)) - raft.server.log.queue.byte-limit = 2147483647 (custom)
2019-10-04 16:47:52,934 [pool-87-thread-1] INFO  server.RaftServerConfigKeys (ConfUtils.java:logGet(43)) - raft.server.log.appender.buffer.byte-limit = 33554432 (custom)
2019-10-04 16:47:52,935 [pool-47-thread-1] INFO  server.RaftServerConfigKeys (ConfUtils.java:logGet(43)) - raft.server.log.queue.element-limit = 1024 (custom)
2019-10-04 16:47:52,935 [pool-37-thread-1] INFO  server.RaftServerConfigKeys (ConfUtils.java:logGet(43)) - raft.server.log.appender.buffer.byte-limit = 33554432 (custom)
2019-10-04 16:47:52,935 [pool-47-thread-1] INFO  server.RaftServerConfigKeys (ConfUtils.java:logGet(43)) - raft.server.log.segment.size.max = 1048576 (custom)
2019-10-04 16:47:52,935 [pool-87-thread-1] INFO  server.RaftServerConfigKeys (ConfUtils.java:logGet(43)) - raft.server.log.segment.size.max = 1048576 (custom)
2019-10-04 16:47:52,935 [pool-47-thread-1] INFO  server.RaftServerConfigKeys (ConfUtils.java:logGet(43)) - raft.server.log.preallocated.size = 16384 (custom)
2019-10-04 16:47:52,935 [pool-37-thread-1] INFO  server.RaftServerConfigKeys (ConfUtils.java:logGet(43)) - raft.server.log.segment.size.max = 1048576 (custom)
2019-10-04 16:47:52,935 [pool-47-thread-1] INFO  server.RaftServerConfigKeys (ConfUtils.java:logGet(43)) - raft.server.log.write.buffer.size = 33554432 (custom)
2019-10-04 16:47:52,935 [pool-87-thread-1] INFO  server.RaftServerConfigKeys (ConfUtils.java:logGet(43)) - raft.server.log.segment.cache.num.max = 2 (custom)
2019-10-04 16:47:52,936 [pool-47-thread-1] INFO  server.RaftServerConfigKeys (ConfUtils.java:logGet(43)) - raft.server.log.force.sync.num = 128 (default)
2019-10-04 16:47:52,935 [pool-37-thread-1] INFO  server.RaftServerConfigKeys (ConfUtils.java:logGet(43)) - raft.server.log.segment.cache.num.max = 2 (custom)
2019-10-04 16:47:52,936 [pool-47-thread-1] INFO  server.RaftServerConfigKeys (ConfUtils.java:logGet(43)) - raft.server.log.statemachine.data.sync = true (default)
2019-10-04 16:47:52,936 [pool-87-thread-1] INFO  segmented.SegmentedRaftLogWorker (SegmentedRaftLogWorker.java:<init>(173)) - new 2241fb42-f8f0-4490-bd75-7cbb5c089b22@group-6CC3D14C8079-SegmentedRaftLogWorker for RaftStorage:Storage Directory /workdir/hadoop-ozone/integration-test/target/test-dir/MiniOzoneClusterImpl-a6663ea6-7428-4603-a828-442114a87559/datanode-6/data/ratis/e21c5eb0-9092-4f35-8eac-6cc3d14c8079
2019-10-04 16:47:52,936 [pool-47-thread-1] INFO  server.RaftServerConfigKeys (ConfUtils.java:logGet(43)) - raft.server.log.statemachine.data.sync.timeout = 10s (default)
2019-10-04 16:47:52,936 [pool-37-thread-1] INFO  segmented.SegmentedRaftLogWorker (SegmentedRaftLogWorker.java:<init>(173)) - new 5ae9cecc-3e88-4e48-9094-a35479a26cbd@group-6CC3D14C8079-SegmentedRaftLogWorker for RaftStorage:Storage Directory /workdir/hadoop-ozone/integration-test/target/test-dir/MiniOzoneClusterImpl-a6663ea6-7428-4603-a828-442114a87559/datanode-1/data/ratis/e21c5eb0-9092-4f35-8eac-6cc3d14c8079
2019-10-04 16:47:52,936 [pool-47-thread-1] INFO  server.RaftServerConfigKeys (ConfUtils.java:logGet(43)) - raft.server.log.statemachine.data.sync.timeout.retry = -1 (default)
2019-10-04 16:47:52,936 [pool-87-thread-1] INFO  server.RaftServerConfigKeys (ConfUtils.java:logGet(43)) - raft.server.log.queue.byte-limit = 2147483647 (custom)
2019-10-04 16:47:52,936 [pool-37-thread-1] INFO  server.RaftServerConfigKeys (ConfUtils.java:logGet(43)) - raft.server.log.queue.byte-limit = 2147483647 (custom)
2019-10-04 16:47:52,936 [pool-47-thread-1] INFO  server.RaftServerConfigKeys (ConfUtils.java:logGet(43)) - raft.server.log.statemachine.data.caching.enabled = true (custom)
2019-10-04 16:47:52,936 [pool-87-thread-1] INFO  server.RaftServerConfigKeys (ConfUtils.java:logGet(43)) - raft.server.log.queue.element-limit = 1024 (custom)
2019-10-04 16:47:52,937 [pool-37-thread-1] INFO  server.RaftServerConfigKeys (ConfUtils.java:logGet(43)) - raft.server.log.queue.element-limit = 1024 (custom)
2019-10-04 16:47:52,937 [pool-47-thread-1] INFO  segmented.SegmentedRaftLogWorker (SegmentedRaftLogWorker.java:lambda$new$0(128)) - b6546c7d-80eb-4829-96f5-eabd1005523b@group-6CC3D14C8079-SegmentedRaftLogWorker: flushIndex: setUnconditionally 0 -> -1
2019-10-04 16:47:52,937 [pool-87-thread-1] INFO  server.RaftServerConfigKeys (ConfUtils.java:logGet(43)) - raft.server.log.segment.size.max = 1048576 (custom)
2019-10-04 16:47:52,937 [pool-37-thread-1] INFO  server.RaftServerConfigKeys (ConfUtils.java:logGet(43)) - raft.server.log.segment.size.max = 1048576 (custom)
2019-10-04 16:47:52,937 [pool-47-thread-1] INFO  server.RaftServerConfigKeys (ConfUtils.java:logGet(43)) - raft.server.snapshot.auto.trigger.enabled = true (custom)
2019-10-04 16:47:52,937 [pool-87-thread-1] INFO  server.RaftServerConfigKeys (ConfUtils.java:logGet(43)) - raft.server.log.preallocated.size = 16384 (custom)
2019-10-04 16:47:52,937 [pool-47-thread-1] INFO  server.RaftServerConfigKeys (ConfUtils.java:logGet(43)) - raft.server.snapshot.auto.trigger.threshold = 10000 (custom)
2019-10-04 16:47:52,937 [pool-37-thread-1] INFO  server.RaftServerConfigKeys (ConfUtils.java:logGet(43)) - raft.server.log.preallocated.size = 16384 (custom)
2019-10-04 16:47:52,937 [pool-47-thread-1] INFO  server.RaftServerConfigKeys (ConfUtils.java:logGet(43)) - raft.server.snapshot.retention.file.num = 5 (custom)
2019-10-04 16:47:52,937 [pool-87-thread-1] INFO  server.RaftServerConfigKeys (ConfUtils.java:logGet(43)) - raft.server.log.write.buffer.size = 33554432 (custom)
2019-10-04 16:47:52,938 [pool-47-thread-1] INFO  server.RaftServerConfigKeys (ConfUtils.java:logGet(43)) - raft.server.retrycache.expirytime = 600000ms (custom)
2019-10-04 16:47:52,938 [pool-37-thread-1] INFO  server.RaftServerConfigKeys (ConfUtils.java:logGet(43)) - raft.server.log.write.buffer.size = 33554432 (custom)
2019-10-04 16:47:52,938 [pool-87-thread-1] INFO  server.RaftServerConfigKeys (ConfUtils.java:logGet(43)) - raft.server.log.force.sync.num = 128 (default)
2019-10-04 16:47:52,938 [pool-37-thread-1] INFO  server.RaftServerConfigKeys (ConfUtils.java:logGet(43)) - raft.server.log.force.sync.num = 128 (default)
2019-10-04 16:47:52,938 [pool-87-thread-1] INFO  server.RaftServerConfigKeys (ConfUtils.java:logGet(43)) - raft.server.log.statemachine.data.sync = true (default)
2019-10-04 16:47:52,938 [pool-37-thread-1] INFO  server.RaftServerConfigKeys (ConfUtils.java:logGet(43)) - raft.server.log.statemachine.data.sync = true (default)
2019-10-04 16:47:52,938 [pool-87-thread-1] INFO  server.RaftServerConfigKeys (ConfUtils.java:logGet(43)) - raft.server.log.statemachine.data.sync.timeout = 10s (default)
2019-10-04 16:47:52,938 [pool-37-thread-1] INFO  server.RaftServerConfigKeys (ConfUtils.java:logGet(43)) - raft.server.log.statemachine.data.sync.timeout = 10s (default)
2019-10-04 16:47:52,938 [pool-87-thread-1] INFO  server.RaftServerConfigKeys (ConfUtils.java:logGet(43)) - raft.server.log.statemachine.data.sync.timeout.retry = -1 (default)
2019-10-04 16:47:52,939 [pool-37-thread-1] INFO  server.RaftServerConfigKeys (ConfUtils.java:logGet(43)) - raft.server.log.statemachine.data.sync.timeout.retry = -1 (default)
2019-10-04 16:47:52,939 [pool-87-thread-1] INFO  server.RaftServerConfigKeys (ConfUtils.java:logGet(43)) - raft.server.log.statemachine.data.caching.enabled = true (custom)
2019-10-04 16:47:52,939 [pool-37-thread-1] INFO  server.RaftServerConfigKeys (ConfUtils.java:logGet(43)) - raft.server.log.statemachine.data.caching.enabled = true (custom)
2019-10-04 16:47:52,939 [pool-87-thread-1] INFO  segmented.SegmentedRaftLogWorker (SegmentedRaftLogWorker.java:lambda$new$0(128)) - 2241fb42-f8f0-4490-bd75-7cbb5c089b22@group-6CC3D14C8079-SegmentedRaftLogWorker: flushIndex: setUnconditionally 0 -> -1
2019-10-04 16:47:52,939 [pool-37-thread-1] INFO  segmented.SegmentedRaftLogWorker (SegmentedRaftLogWorker.java:lambda$new$0(128)) - 5ae9cecc-3e88-4e48-9094-a35479a26cbd@group-6CC3D14C8079-SegmentedRaftLogWorker: flushIndex: setUnconditionally 0 -> -1
2019-10-04 16:47:52,939 [pool-87-thread-1] INFO  server.RaftServerConfigKeys (ConfUtils.java:logGet(43)) - raft.server.snapshot.auto.trigger.enabled = true (custom)
2019-10-04 16:47:52,939 [pool-87-thread-1] INFO  server.RaftServerConfigKeys (ConfUtils.java:logGet(43)) - raft.server.snapshot.auto.trigger.threshold = 10000 (custom)
2019-10-04 16:47:52,939 [pool-37-thread-1] INFO  server.RaftServerConfigKeys (ConfUtils.java:logGet(43)) - raft.server.snapshot.auto.trigger.enabled = true (custom)
2019-10-04 16:47:52,940 [pool-87-thread-1] INFO  server.RaftServerConfigKeys (ConfUtils.java:logGet(43)) - raft.server.snapshot.retention.file.num = 5 (custom)
2019-10-04 16:47:52,940 [pool-37-thread-1] INFO  server.RaftServerConfigKeys (ConfUtils.java:logGet(43)) - raft.server.snapshot.auto.trigger.threshold = 10000 (custom)
2019-10-04 16:47:52,940 [pool-87-thread-1] INFO  server.RaftServerConfigKeys (ConfUtils.java:logGet(43)) - raft.server.retrycache.expirytime = 600000ms (custom)
2019-10-04 16:47:52,940 [pool-37-thread-1] INFO  server.RaftServerConfigKeys (ConfUtils.java:logGet(43)) - raft.server.snapshot.retention.file.num = 5 (custom)
2019-10-04 16:47:52,940 [pool-37-thread-1] INFO  server.RaftServerConfigKeys (ConfUtils.java:logGet(43)) - raft.server.retrycache.expirytime = 600000ms (custom)
2019-10-04 16:47:52,940 [pool-47-thread-1] INFO  impl.RaftServerImpl (RaftServerImpl.java:start(181)) - b6546c7d-80eb-4829-96f5-eabd1005523b@group-6CC3D14C8079: start as a follower, conf=-1: [2241fb42-f8f0-4490-bd75-7cbb5c089b22:192.168.5.153:45809, 5ae9cecc-3e88-4e48-9094-a35479a26cbd:192.168.5.153:45355, b6546c7d-80eb-4829-96f5-eabd1005523b:192.168.5.153:36469], old=null
2019-10-04 16:47:52,940 [pool-47-thread-1] INFO  impl.RaftServerImpl (RaftServerImpl.java:setRole(170)) - b6546c7d-80eb-4829-96f5-eabd1005523b@group-6CC3D14C8079: changes role from      null to FOLLOWER at term 0 for startAsFollower
2019-10-04 16:47:52,941 [pool-47-thread-1] INFO  impl.RoleInfo (RoleInfo.java:updateAndGet(143)) - b6546c7d-80eb-4829-96f5-eabd1005523b: start FollowerState
2019-10-04 16:47:52,941 [pool-47-thread-1] INFO  util.JmxRegister (JmxRegister.java:tryRegister(44)) - Successfully registered JMX Bean with object name Ratis:service=RaftServer,group=group-6CC3D14C8079,id=b6546c7d-80eb-4829-96f5-eabd1005523b
2019-10-04 16:47:52,943 [pool-87-thread-1] INFO  impl.RaftServerImpl (RaftServerImpl.java:start(181)) - 2241fb42-f8f0-4490-bd75-7cbb5c089b22@group-6CC3D14C8079: start as a follower, conf=-1: [2241fb42-f8f0-4490-bd75-7cbb5c089b22:192.168.5.153:45809, 5ae9cecc-3e88-4e48-9094-a35479a26cbd:192.168.5.153:45355, b6546c7d-80eb-4829-96f5-eabd1005523b:192.168.5.153:36469], old=null
2019-10-04 16:47:52,944 [pool-87-thread-1] INFO  impl.RaftServerImpl (RaftServerImpl.java:setRole(170)) - 2241fb42-f8f0-4490-bd75-7cbb5c089b22@group-6CC3D14C8079: changes role from      null to FOLLOWER at term 0 for startAsFollower
2019-10-04 16:47:52,944 [pool-87-thread-1] INFO  impl.RoleInfo (RoleInfo.java:updateAndGet(143)) - 2241fb42-f8f0-4490-bd75-7cbb5c089b22: start FollowerState
2019-10-04 16:47:52,944 [pool-37-thread-1] INFO  impl.RaftServerImpl (RaftServerImpl.java:start(181)) - 5ae9cecc-3e88-4e48-9094-a35479a26cbd@group-6CC3D14C8079: start as a follower, conf=-1: [2241fb42-f8f0-4490-bd75-7cbb5c089b22:192.168.5.153:45809, 5ae9cecc-3e88-4e48-9094-a35479a26cbd:192.168.5.153:45355, b6546c7d-80eb-4829-96f5-eabd1005523b:192.168.5.153:36469], old=null
2019-10-04 16:47:52,944 [pool-87-thread-1] INFO  util.JmxRegister (JmxRegister.java:tryRegister(44)) - Successfully registered JMX Bean with object name Ratis:service=RaftServer,group=group-6CC3D14C8079,id=2241fb42-f8f0-4490-bd75-7cbb5c089b22
2019-10-04 16:47:52,944 [pool-37-thread-1] INFO  impl.RaftServerImpl (RaftServerImpl.java:setRole(170)) - 5ae9cecc-3e88-4e48-9094-a35479a26cbd@group-6CC3D14C8079: changes role from      null to FOLLOWER at term 0 for startAsFollower
2019-10-04 16:47:52,945 [pool-37-thread-1] INFO  impl.RoleInfo (RoleInfo.java:updateAndGet(143)) - 5ae9cecc-3e88-4e48-9094-a35479a26cbd: start FollowerState
2019-10-04 16:47:52,945 [pool-37-thread-1] INFO  util.JmxRegister (JmxRegister.java:tryRegister(44)) - Successfully registered JMX Bean with object name Ratis:service=RaftServer,group=group-6CC3D14C8079,id=5ae9cecc-3e88-4e48-9094-a35479a26cbd
2019-10-04 16:47:52,974 [RatisPipelineUtilsThread] INFO  pipeline.PipelineStateManager (PipelineStateManager.java:addPipeline(56)) - Created pipeline Pipeline[ Id: e21c5eb0-9092-4f35-8eac-6cc3d14c8079, Nodes: 2241fb42-f8f0-4490-bd75-7cbb5c089b22{ip: 192.168.5.153, host: pr-hdds-2250-qhw8f-1617406954, networkLocation: /default-rack, certSerialId: null}5ae9cecc-3e88-4e48-9094-a35479a26cbd{ip: 192.168.5.153, host: pr-hdds-2250-qhw8f-1617406954, networkLocation: /default-rack, certSerialId: null}b6546c7d-80eb-4829-96f5-eabd1005523b{ip: 192.168.5.153, host: pr-hdds-2250-qhw8f-1617406954, networkLocation: /default-rack, certSerialId: null}, Type:RATIS, Factor:THREE, State:OPEN]
2019-10-04 16:47:53,313 [main] INFO  rpc.RpcClient (RpcClient.java:createVolume(277)) - Creating Volume: watchforcommithandlingtest, with jenkins1000 as owner.
2019-10-04 16:47:53,890 [IPC Server handler 4 on 39711] INFO  volume.OMVolumeCreateRequest (OMVolumeCreateRequest.java:validateAndUpdateCache(193)) - created volume:watchforcommithandlingtest for user:jenkins1000
2019-10-04 16:47:53,929 [main] INFO  rpc.RpcClient (RpcClient.java:createBucket(416)) - Creating Bucket: watchforcommithandlingtest/watchforcommithandlingtest, with Versioning false and Storage Type set to DISK and Encryption set to false 
2019-10-04 16:47:53,951 [main] INFO  ozone.MiniOzoneClusterImpl (MiniOzoneClusterImpl.java:getStorageContainerLocationClient(234)) - Creating StorageContainerLocationProtocol RPC client with address /0.0.0.0:39216
2019-10-04 16:47:53,984 [main] INFO  impl.MetricsSystemImpl (MetricsSystemImpl.java:init(158)) - XceiverClientMetrics metrics system started (again)
2019-10-04 16:47:54,102 [Thread-238] INFO  container.ReplicationManager (ReplicationManager.java:start(162)) - Starting Replication Monitor Thread.
2019-10-04 16:47:54,105 [ReplicationMonitor] INFO  container.ReplicationManager (ReplicationManager.java:run(225)) - Replication Monitor Thread took 3 milliseconds for processing 1 containers.
2019-10-04 16:47:56,955 [Thread-240] INFO  impl.FollowerState (FollowerState.java:run(108)) - 56251a7d-5ee5-41f8-a90e-1231f73e3ff7@group-1360ED5FB010-FollowerState: change to CANDIDATE, lastRpcTime:5009ms, electionTimeout:5008ms
2019-10-04 16:47:56,960 [Thread-240] INFO  impl.RoleInfo (RoleInfo.java:shutdownFollowerState(121)) - 56251a7d-5ee5-41f8-a90e-1231f73e3ff7: shutdown FollowerState
2019-10-04 16:47:56,960 [Thread-240] INFO  impl.RaftServerImpl (RaftServerImpl.java:setRole(170)) - 56251a7d-5ee5-41f8-a90e-1231f73e3ff7@group-1360ED5FB010: changes role from  FOLLOWER to CANDIDATE at term 0 for changeToCandidate
2019-10-04 16:47:56,966 [Thread-240] INFO  impl.RoleInfo (RoleInfo.java:updateAndGet(143)) - 56251a7d-5ee5-41f8-a90e-1231f73e3ff7: start LeaderElection
2019-10-04 16:47:56,996 [56251a7d-5ee5-41f8-a90e-1231f73e3ff7@group-1360ED5FB010-LeaderElection1] INFO  impl.LeaderElection (LeaderElection.java:askForVotes(178)) - 56251a7d-5ee5-41f8-a90e-1231f73e3ff7@group-1360ED5FB010-LeaderElection1: begin an election at term 1 for -1: [56251a7d-5ee5-41f8-a90e-1231f73e3ff7:192.168.5.153:46734], old=null
2019-10-04 16:47:56,998 [56251a7d-5ee5-41f8-a90e-1231f73e3ff7@group-1360ED5FB010-LeaderElection1] INFO  impl.RoleInfo (RoleInfo.java:shutdownLeaderElection(134)) - 56251a7d-5ee5-41f8-a90e-1231f73e3ff7: shutdown LeaderElection
2019-10-04 16:47:56,999 [56251a7d-5ee5-41f8-a90e-1231f73e3ff7@group-1360ED5FB010-LeaderElection1] INFO  impl.RaftServerImpl (RaftServerImpl.java:setRole(170)) - 56251a7d-5ee5-41f8-a90e-1231f73e3ff7@group-1360ED5FB010: changes role from CANDIDATE to LEADER at term 1 for changeToLeader
2019-10-04 16:47:56,999 [56251a7d-5ee5-41f8-a90e-1231f73e3ff7@group-1360ED5FB010-LeaderElection1] INFO  impl.RaftServerImpl (ServerState.java:setLeader(255)) - 56251a7d-5ee5-41f8-a90e-1231f73e3ff7@group-1360ED5FB010: change Leader from null to 56251a7d-5ee5-41f8-a90e-1231f73e3ff7 at term 1 for becomeLeader, leader elected after 5204ms
2019-10-04 16:47:57,008 [56251a7d-5ee5-41f8-a90e-1231f73e3ff7@group-1360ED5FB010-LeaderElection1] INFO  server.RaftServerConfigKeys (ConfUtils.java:logGet(43)) - raft.server.staging.catchup.gap = 1000 (default)
2019-10-04 16:47:57,008 [56251a7d-5ee5-41f8-a90e-1231f73e3ff7@group-1360ED5FB010-LeaderElection1] INFO  server.RaftServerConfigKeys (ConfUtils.java:logGet(43)) - raft.server.rpc.sleep.time = 25ms (default)
2019-10-04 16:47:57,013 [56251a7d-5ee5-41f8-a90e-1231f73e3ff7@group-1360ED5FB010-LeaderElection1] INFO  server.RaftServerConfigKeys (ConfUtils.java:logGet(43)) - raft.server.write.element-limit = 4096 (default)
2019-10-04 16:47:57,016 [56251a7d-5ee5-41f8-a90e-1231f73e3ff7@group-1360ED5FB010-LeaderElection1] INFO  server.RaftServerConfigKeys (ConfUtils.java:logGet(43)) - raft.server.watch.timeout = 10s (default)
2019-10-04 16:47:57,016 [56251a7d-5ee5-41f8-a90e-1231f73e3ff7@group-1360ED5FB010-LeaderElection1] INFO  server.RaftServerConfigKeys (ConfUtils.java:logGet(43)) - raft.server.watch.timeout.denomination = 1s (default)
2019-10-04 16:47:57,017 [56251a7d-5ee5-41f8-a90e-1231f73e3ff7@group-1360ED5FB010-LeaderElection1] INFO  server.RaftServerConfigKeys (ConfUtils.java:logGet(43)) - raft.server.watch.element-limit = 65536 (default)
2019-10-04 16:47:57,030 [56251a7d-5ee5-41f8-a90e-1231f73e3ff7@group-1360ED5FB010-LeaderElection1] INFO  impl.RoleInfo (RoleInfo.java:updateAndGet(143)) - 56251a7d-5ee5-41f8-a90e-1231f73e3ff7: start LeaderState
2019-10-04 16:47:57,055 [56251a7d-5ee5-41f8-a90e-1231f73e3ff7@group-1360ED5FB010-LeaderElection1] INFO  segmented.SegmentedRaftLogWorker (SegmentedRaftLogWorker.java:startLogSegment(385)) - 56251a7d-5ee5-41f8-a90e-1231f73e3ff7@group-1360ED5FB010-SegmentedRaftLogWorker: Starting segment from index:0
2019-10-04 16:47:57,064 [56251a7d-5ee5-41f8-a90e-1231f73e3ff7@group-1360ED5FB010-LeaderElection1] INFO  impl.RaftServerImpl (ServerState.java:setRaftConf(356)) - 56251a7d-5ee5-41f8-a90e-1231f73e3ff7@group-1360ED5FB010: set configuration 0: [56251a7d-5ee5-41f8-a90e-1231f73e3ff7:192.168.5.153:46734], old=null at 0
2019-10-04 16:47:57,287 [56251a7d-5ee5-41f8-a90e-1231f73e3ff7@group-1360ED5FB010-SegmentedRaftLogWorker] INFO  segmented.SegmentedRaftLogWorker (SegmentedRaftLogWorker.java:execute(574)) - 56251a7d-5ee5-41f8-a90e-1231f73e3ff7@group-1360ED5FB010-SegmentedRaftLogWorker: created new log segment /workdir/hadoop-ozone/integration-test/target/test-dir/MiniOzoneClusterImpl-a6663ea6-7428-4603-a828-442114a87559/datanode-0/data/ratis/bd5398a9-27ff-4ebf-bd0f-1360ed5fb010/current/log_inprogress_0
2019-10-04 16:47:57,293 [Thread-243] INFO  impl.FollowerState (FollowerState.java:run(108)) - 1dcfab43-391d-45c5-b294-9417c9104c52@group-8FB7BC7ACB44-FollowerState: change to CANDIDATE, lastRpcTime:5118ms, electionTimeout:5116ms
2019-10-04 16:47:57,296 [Thread-243] INFO  impl.RoleInfo (RoleInfo.java:shutdownFollowerState(121)) - 1dcfab43-391d-45c5-b294-9417c9104c52: shutdown FollowerState
2019-10-04 16:47:57,296 [Thread-243] INFO  impl.RaftServerImpl (RaftServerImpl.java:setRole(170)) - 1dcfab43-391d-45c5-b294-9417c9104c52@group-8FB7BC7ACB44: changes role from  FOLLOWER to CANDIDATE at term 0 for changeToCandidate
2019-10-04 16:47:57,296 [Thread-243] INFO  impl.RoleInfo (RoleInfo.java:updateAndGet(143)) - 1dcfab43-391d-45c5-b294-9417c9104c52: start LeaderElection
2019-10-04 16:47:57,311 [1dcfab43-391d-45c5-b294-9417c9104c52@group-8FB7BC7ACB44-LeaderElection2] INFO  impl.LeaderElection (LeaderElection.java:askForVotes(178)) - 1dcfab43-391d-45c5-b294-9417c9104c52@group-8FB7BC7ACB44-LeaderElection2: begin an election at term 1 for -1: [1dcfab43-391d-45c5-b294-9417c9104c52:192.168.5.153:40954], old=null
2019-10-04 16:47:57,317 [1dcfab43-391d-45c5-b294-9417c9104c52@group-8FB7BC7ACB44-LeaderElection2] INFO  impl.RoleInfo (RoleInfo.java:shutdownLeaderElection(134)) - 1dcfab43-391d-45c5-b294-9417c9104c52: shutdown LeaderElection
2019-10-04 16:47:57,318 [1dcfab43-391d-45c5-b294-9417c9104c52@group-8FB7BC7ACB44-LeaderElection2] INFO  impl.RaftServerImpl (RaftServerImpl.java:setRole(170)) - 1dcfab43-391d-45c5-b294-9417c9104c52@group-8FB7BC7ACB44: changes role from CANDIDATE to LEADER at term 1 for changeToLeader
2019-10-04 16:47:57,318 [1dcfab43-391d-45c5-b294-9417c9104c52@group-8FB7BC7ACB44-LeaderElection2] INFO  impl.RaftServerImpl (ServerState.java:setLeader(255)) - 1dcfab43-391d-45c5-b294-9417c9104c52@group-8FB7BC7ACB44: change Leader from null to 1dcfab43-391d-45c5-b294-9417c9104c52 at term 1 for becomeLeader, leader elected after 5160ms
2019-10-04 16:47:57,320 [1dcfab43-391d-45c5-b294-9417c9104c52@group-8FB7BC7ACB44-LeaderElection2] INFO  server.RaftServerConfigKeys (ConfUtils.java:logGet(43)) - raft.server.staging.catchup.gap = 1000 (default)
2019-10-04 16:47:57,320 [1dcfab43-391d-45c5-b294-9417c9104c52@group-8FB7BC7ACB44-LeaderElection2] INFO  server.RaftServerConfigKeys (ConfUtils.java:logGet(43)) - raft.server.rpc.sleep.time = 25ms (default)
2019-10-04 16:47:57,320 [1dcfab43-391d-45c5-b294-9417c9104c52@group-8FB7BC7ACB44-LeaderElection2] INFO  server.RaftServerConfigKeys (ConfUtils.java:logGet(43)) - raft.server.write.element-limit = 4096 (default)
2019-10-04 16:47:57,320 [1dcfab43-391d-45c5-b294-9417c9104c52@group-8FB7BC7ACB44-LeaderElection2] INFO  server.RaftServerConfigKeys (ConfUtils.java:logGet(43)) - raft.server.watch.timeout = 10s (default)
2019-10-04 16:47:57,320 [1dcfab43-391d-45c5-b294-9417c9104c52@group-8FB7BC7ACB44-LeaderElection2] INFO  server.RaftServerConfigKeys (ConfUtils.java:logGet(43)) - raft.server.watch.timeout.denomination = 1s (default)
2019-10-04 16:47:57,320 [1dcfab43-391d-45c5-b294-9417c9104c52@group-8FB7BC7ACB44-LeaderElection2] INFO  server.RaftServerConfigKeys (ConfUtils.java:logGet(43)) - raft.server.watch.element-limit = 65536 (default)
2019-10-04 16:47:57,323 [1dcfab43-391d-45c5-b294-9417c9104c52@group-8FB7BC7ACB44-LeaderElection2] INFO  impl.RoleInfo (RoleInfo.java:updateAndGet(143)) - 1dcfab43-391d-45c5-b294-9417c9104c52: start LeaderState
2019-10-04 16:47:57,323 [1dcfab43-391d-45c5-b294-9417c9104c52@group-8FB7BC7ACB44-LeaderElection2] INFO  segmented.SegmentedRaftLogWorker (SegmentedRaftLogWorker.java:startLogSegment(385)) - 1dcfab43-391d-45c5-b294-9417c9104c52@group-8FB7BC7ACB44-SegmentedRaftLogWorker: Starting segment from index:0
2019-10-04 16:47:57,324 [1dcfab43-391d-45c5-b294-9417c9104c52@group-8FB7BC7ACB44-LeaderElection2] INFO  impl.RaftServerImpl (ServerState.java:setRaftConf(356)) - 1dcfab43-391d-45c5-b294-9417c9104c52@group-8FB7BC7ACB44: set configuration 0: [1dcfab43-391d-45c5-b294-9417c9104c52:192.168.5.153:40954], old=null at 0
2019-10-04 16:47:57,373 [1dcfab43-391d-45c5-b294-9417c9104c52@group-8FB7BC7ACB44-SegmentedRaftLogWorker] INFO  segmented.SegmentedRaftLogWorker (SegmentedRaftLogWorker.java:execute(574)) - 1dcfab43-391d-45c5-b294-9417c9104c52@group-8FB7BC7ACB44-SegmentedRaftLogWorker: created new log segment /workdir/hadoop-ozone/integration-test/target/test-dir/MiniOzoneClusterImpl-a6663ea6-7428-4603-a828-442114a87559/datanode-3/data/ratis/90fd6abf-d896-440b-99ac-8fb7bc7acb44/current/log_inprogress_0
2019-10-04 16:47:57,427 [Thread-249] INFO  impl.FollowerState (FollowerState.java:run(108)) - 2241fb42-f8f0-4490-bd75-7cbb5c089b22@group-7002EAAD8C0E-FollowerState: change to CANDIDATE, lastRpcTime:5016ms, electionTimeout:5016ms
2019-10-04 16:47:57,427 [Thread-246] INFO  impl.FollowerState (FollowerState.java:run(108)) - 1a98ba17-ee97-4387-8a47-ae43e92b9c47@group-5FAD87D3EA6F-FollowerState: change to CANDIDATE, lastRpcTime:5096ms, electionTimeout:5096ms
2019-10-04 16:47:57,428 [Thread-249] INFO  impl.RoleInfo (RoleInfo.java:shutdownFollowerState(121)) - 2241fb42-f8f0-4490-bd75-7cbb5c089b22: shutdown FollowerState
2019-10-04 16:47:57,428 [Thread-246] INFO  impl.RoleInfo (RoleInfo.java:shutdownFollowerState(121)) - 1a98ba17-ee97-4387-8a47-ae43e92b9c47: shutdown FollowerState
2019-10-04 16:47:57,428 [Thread-249] INFO  impl.RaftServerImpl (RaftServerImpl.java:setRole(170)) - 2241fb42-f8f0-4490-bd75-7cbb5c089b22@group-7002EAAD8C0E: changes role from  FOLLOWER to CANDIDATE at term 0 for changeToCandidate
2019-10-04 16:47:57,428 [Thread-246] INFO  impl.RaftServerImpl (RaftServerImpl.java:setRole(170)) - 1a98ba17-ee97-4387-8a47-ae43e92b9c47@group-5FAD87D3EA6F: changes role from  FOLLOWER to CANDIDATE at term 0 for changeToCandidate
2019-10-04 16:47:57,428 [Thread-249] INFO  impl.RoleInfo (RoleInfo.java:updateAndGet(143)) - 2241fb42-f8f0-4490-bd75-7cbb5c089b22: start LeaderElection
2019-10-04 16:47:57,428 [Thread-246] INFO  impl.RoleInfo (RoleInfo.java:updateAndGet(143)) - 1a98ba17-ee97-4387-8a47-ae43e92b9c47: start LeaderElection
2019-10-04 16:47:57,451 [1a98ba17-ee97-4387-8a47-ae43e92b9c47@group-5FAD87D3EA6F-LeaderElection4] INFO  impl.LeaderElection (LeaderElection.java:askForVotes(178)) - 1a98ba17-ee97-4387-8a47-ae43e92b9c47@group-5FAD87D3EA6F-LeaderElection4: begin an election at term 1 for -1: [1a98ba17-ee97-4387-8a47-ae43e92b9c47:192.168.5.153:44781], old=null
2019-10-04 16:47:57,451 [2241fb42-f8f0-4490-bd75-7cbb5c089b22@group-7002EAAD8C0E-LeaderElection3] INFO  impl.LeaderElection (LeaderElection.java:askForVotes(178)) - 2241fb42-f8f0-4490-bd75-7cbb5c089b22@group-7002EAAD8C0E-LeaderElection3: begin an election at term 1 for -1: [2241fb42-f8f0-4490-bd75-7cbb5c089b22:192.168.5.153:45809], old=null
2019-10-04 16:47:57,453 [1a98ba17-ee97-4387-8a47-ae43e92b9c47@group-5FAD87D3EA6F-LeaderElection4] INFO  impl.RoleInfo (RoleInfo.java:shutdownLeaderElection(134)) - 1a98ba17-ee97-4387-8a47-ae43e92b9c47: shutdown LeaderElection
2019-10-04 16:47:57,454 [2241fb42-f8f0-4490-bd75-7cbb5c089b22@group-7002EAAD8C0E-LeaderElection3] INFO  impl.RoleInfo (RoleInfo.java:shutdownLeaderElection(134)) - 2241fb42-f8f0-4490-bd75-7cbb5c089b22: shutdown LeaderElection
2019-10-04 16:47:57,454 [1a98ba17-ee97-4387-8a47-ae43e92b9c47@group-5FAD87D3EA6F-LeaderElection4] INFO  impl.RaftServerImpl (RaftServerImpl.java:setRole(170)) - 1a98ba17-ee97-4387-8a47-ae43e92b9c47@group-5FAD87D3EA6F: changes role from CANDIDATE to LEADER at term 1 for changeToLeader
2019-10-04 16:47:57,454 [2241fb42-f8f0-4490-bd75-7cbb5c089b22@group-7002EAAD8C0E-LeaderElection3] INFO  impl.RaftServerImpl (RaftServerImpl.java:setRole(170)) - 2241fb42-f8f0-4490-bd75-7cbb5c089b22@group-7002EAAD8C0E: changes role from CANDIDATE to LEADER at term 1 for changeToLeader
2019-10-04 16:47:57,454 [1a98ba17-ee97-4387-8a47-ae43e92b9c47@group-5FAD87D3EA6F-LeaderElection4] INFO  impl.RaftServerImpl (ServerState.java:setLeader(255)) - 1a98ba17-ee97-4387-8a47-ae43e92b9c47@group-5FAD87D3EA6F: change Leader from null to 1a98ba17-ee97-4387-8a47-ae43e92b9c47 at term 1 for becomeLeader, leader elected after 5174ms
2019-10-04 16:47:57,454 [2241fb42-f8f0-4490-bd75-7cbb5c089b22@group-7002EAAD8C0E-LeaderElection3] INFO  impl.RaftServerImpl (ServerState.java:setLeader(255)) - 2241fb42-f8f0-4490-bd75-7cbb5c089b22@group-7002EAAD8C0E: change Leader from null to 2241fb42-f8f0-4490-bd75-7cbb5c089b22 at term 1 for becomeLeader, leader elected after 5053ms
2019-10-04 16:47:57,456 [1a98ba17-ee97-4387-8a47-ae43e92b9c47@group-5FAD87D3EA6F-LeaderElection4] INFO  server.RaftServerConfigKeys (ConfUtils.java:logGet(43)) - raft.server.staging.catchup.gap = 1000 (default)
2019-10-04 16:47:57,458 [2241fb42-f8f0-4490-bd75-7cbb5c089b22@group-7002EAAD8C0E-LeaderElection3] INFO  server.RaftServerConfigKeys (ConfUtils.java:logGet(43)) - raft.server.staging.catchup.gap = 1000 (default)
2019-10-04 16:47:57,458 [1a98ba17-ee97-4387-8a47-ae43e92b9c47@group-5FAD87D3EA6F-LeaderElection4] INFO  server.RaftServerConfigKeys (ConfUtils.java:logGet(43)) - raft.server.rpc.sleep.time = 25ms (default)
2019-10-04 16:47:57,458 [2241fb42-f8f0-4490-bd75-7cbb5c089b22@group-7002EAAD8C0E-LeaderElection3] INFO  server.RaftServerConfigKeys (ConfUtils.java:logGet(43)) - raft.server.rpc.sleep.time = 25ms (default)
2019-10-04 16:47:57,459 [1a98ba17-ee97-4387-8a47-ae43e92b9c47@group-5FAD87D3EA6F-LeaderElection4] INFO  server.RaftServerConfigKeys (ConfUtils.java:logGet(43)) - raft.server.write.element-limit = 4096 (default)
2019-10-04 16:47:57,459 [2241fb42-f8f0-4490-bd75-7cbb5c089b22@group-7002EAAD8C0E-LeaderElection3] INFO  server.RaftServerConfigKeys (ConfUtils.java:logGet(43)) - raft.server.write.element-limit = 4096 (default)
2019-10-04 16:47:57,461 [1a98ba17-ee97-4387-8a47-ae43e92b9c47@group-5FAD87D3EA6F-LeaderElection4] INFO  server.RaftServerConfigKeys (ConfUtils.java:logGet(43)) - raft.server.watch.timeout = 10s (default)
2019-10-04 16:47:57,461 [2241fb42-f8f0-4490-bd75-7cbb5c089b22@group-7002EAAD8C0E-LeaderElection3] INFO  server.RaftServerConfigKeys (ConfUtils.java:logGet(43)) - raft.server.watch.timeout = 10s (default)
2019-10-04 16:47:57,461 [1a98ba17-ee97-4387-8a47-ae43e92b9c47@group-5FAD87D3EA6F-LeaderElection4] INFO  server.RaftServerConfigKeys (ConfUtils.java:logGet(43)) - raft.server.watch.timeout.denomination = 1s (default)
2019-10-04 16:47:57,461 [2241fb42-f8f0-4490-bd75-7cbb5c089b22@group-7002EAAD8C0E-LeaderElection3] INFO  server.RaftServerConfigKeys (ConfUtils.java:logGet(43)) - raft.server.watch.timeout.denomination = 1s (default)
2019-10-04 16:47:57,461 [1a98ba17-ee97-4387-8a47-ae43e92b9c47@group-5FAD87D3EA6F-LeaderElection4] INFO  server.RaftServerConfigKeys (ConfUtils.java:logGet(43)) - raft.server.watch.element-limit = 65536 (default)
2019-10-04 16:47:57,462 [2241fb42-f8f0-4490-bd75-7cbb5c089b22@group-7002EAAD8C0E-LeaderElection3] INFO  server.RaftServerConfigKeys (ConfUtils.java:logGet(43)) - raft.server.watch.element-limit = 65536 (default)
2019-10-04 16:47:57,466 [1a98ba17-ee97-4387-8a47-ae43e92b9c47@group-5FAD87D3EA6F-LeaderElection4] INFO  impl.RoleInfo (RoleInfo.java:updateAndGet(143)) - 1a98ba17-ee97-4387-8a47-ae43e92b9c47: start LeaderState
2019-10-04 16:47:57,466 [2241fb42-f8f0-4490-bd75-7cbb5c089b22@group-7002EAAD8C0E-LeaderElection3] INFO  impl.RoleInfo (RoleInfo.java:updateAndGet(143)) - 2241fb42-f8f0-4490-bd75-7cbb5c089b22: start LeaderState
2019-10-04 16:47:57,466 [1a98ba17-ee97-4387-8a47-ae43e92b9c47@group-5FAD87D3EA6F-LeaderElection4] INFO  segmented.SegmentedRaftLogWorker (SegmentedRaftLogWorker.java:startLogSegment(385)) - 1a98ba17-ee97-4387-8a47-ae43e92b9c47@group-5FAD87D3EA6F-SegmentedRaftLogWorker: Starting segment from index:0
2019-10-04 16:47:57,467 [2241fb42-f8f0-4490-bd75-7cbb5c089b22@group-7002EAAD8C0E-LeaderElection3] INFO  segmented.SegmentedRaftLogWorker (SegmentedRaftLogWorker.java:startLogSegment(385)) - 2241fb42-f8f0-4490-bd75-7cbb5c089b22@group-7002EAAD8C0E-SegmentedRaftLogWorker: Starting segment from index:0
2019-10-04 16:47:57,467 [1a98ba17-ee97-4387-8a47-ae43e92b9c47@group-5FAD87D3EA6F-LeaderElection4] INFO  impl.RaftServerImpl (ServerState.java:setRaftConf(356)) - 1a98ba17-ee97-4387-8a47-ae43e92b9c47@group-5FAD87D3EA6F: set configuration 0: [1a98ba17-ee97-4387-8a47-ae43e92b9c47:192.168.5.153:44781], old=null at 0
2019-10-04 16:47:57,467 [2241fb42-f8f0-4490-bd75-7cbb5c089b22@group-7002EAAD8C0E-LeaderElection3] INFO  impl.RaftServerImpl (ServerState.java:setRaftConf(356)) - 2241fb42-f8f0-4490-bd75-7cbb5c089b22@group-7002EAAD8C0E: set configuration 0: [2241fb42-f8f0-4490-bd75-7cbb5c089b22:192.168.5.153:45809], old=null at 0
2019-10-04 16:47:57,543 [1a98ba17-ee97-4387-8a47-ae43e92b9c47@group-5FAD87D3EA6F-SegmentedRaftLogWorker] INFO  segmented.SegmentedRaftLogWorker (SegmentedRaftLogWorker.java:execute(574)) - 1a98ba17-ee97-4387-8a47-ae43e92b9c47@group-5FAD87D3EA6F-SegmentedRaftLogWorker: created new log segment /workdir/hadoop-ozone/integration-test/target/test-dir/MiniOzoneClusterImpl-a6663ea6-7428-4603-a828-442114a87559/datanode-4/data/ratis/071019d3-fd09-448f-863b-5fad87d3ea6f/current/log_inprogress_0
2019-10-04 16:47:57,551 [2241fb42-f8f0-4490-bd75-7cbb5c089b22@group-7002EAAD8C0E-SegmentedRaftLogWorker] INFO  segmented.SegmentedRaftLogWorker (SegmentedRaftLogWorker.java:execute(574)) - 2241fb42-f8f0-4490-bd75-7cbb5c089b22@group-7002EAAD8C0E-SegmentedRaftLogWorker: created new log segment /workdir/hadoop-ozone/integration-test/target/test-dir/MiniOzoneClusterImpl-a6663ea6-7428-4603-a828-442114a87559/datanode-6/data/ratis/bf57c4bd-a5c0-445c-b6e5-7002eaad8c0e/current/log_inprogress_0
2019-10-04 16:47:57,682 [Thread-252] INFO  impl.FollowerState (FollowerState.java:run(108)) - 5ae9cecc-3e88-4e48-9094-a35479a26cbd@group-6176D65BFE62-FollowerState: change to CANDIDATE, lastRpcTime:5172ms, electionTimeout:5172ms
2019-10-04 16:47:57,682 [Thread-252] INFO  impl.RoleInfo (RoleInfo.java:shutdownFollowerState(121)) - 5ae9cecc-3e88-4e48-9094-a35479a26cbd: shutdown FollowerState
2019-10-04 16:47:57,683 [Thread-252] INFO  impl.RaftServerImpl (RaftServerImpl.java:setRole(170)) - 5ae9cecc-3e88-4e48-9094-a35479a26cbd@group-6176D65BFE62: changes role from  FOLLOWER to CANDIDATE at term 0 for changeToCandidate
2019-10-04 16:47:57,683 [Thread-252] INFO  impl.RoleInfo (RoleInfo.java:updateAndGet(143)) - 5ae9cecc-3e88-4e48-9094-a35479a26cbd: start LeaderElection
2019-10-04 16:47:57,701 [5ae9cecc-3e88-4e48-9094-a35479a26cbd@group-6176D65BFE62-LeaderElection5] INFO  impl.LeaderElection (LeaderElection.java:askForVotes(178)) - 5ae9cecc-3e88-4e48-9094-a35479a26cbd@group-6176D65BFE62-LeaderElection5: begin an election at term 1 for -1: [5ae9cecc-3e88-4e48-9094-a35479a26cbd:192.168.5.153:45355], old=null
2019-10-04 16:47:57,701 [5ae9cecc-3e88-4e48-9094-a35479a26cbd@group-6176D65BFE62-LeaderElection5] INFO  impl.RoleInfo (RoleInfo.java:shutdownLeaderElection(134)) - 5ae9cecc-3e88-4e48-9094-a35479a26cbd: shutdown LeaderElection
2019-10-04 16:47:57,701 [5ae9cecc-3e88-4e48-9094-a35479a26cbd@group-6176D65BFE62-LeaderElection5] INFO  impl.RaftServerImpl (RaftServerImpl.java:setRole(170)) - 5ae9cecc-3e88-4e48-9094-a35479a26cbd@group-6176D65BFE62: changes role from CANDIDATE to LEADER at term 1 for changeToLeader
2019-10-04 16:47:57,701 [5ae9cecc-3e88-4e48-9094-a35479a26cbd@group-6176D65BFE62-LeaderElection5] INFO  impl.RaftServerImpl (ServerState.java:setLeader(255)) - 5ae9cecc-3e88-4e48-9094-a35479a26cbd@group-6176D65BFE62: change Leader from null to 5ae9cecc-3e88-4e48-9094-a35479a26cbd at term 1 for becomeLeader, leader elected after 5200ms
2019-10-04 16:47:57,703 [5ae9cecc-3e88-4e48-9094-a35479a26cbd@group-6176D65BFE62-LeaderElection5] INFO  server.RaftServerConfigKeys (ConfUtils.java:logGet(43)) - raft.server.staging.catchup.gap = 1000 (default)
2019-10-04 16:47:57,704 [5ae9cecc-3e88-4e48-9094-a35479a26cbd@group-6176D65BFE62-LeaderElection5] INFO  server.RaftServerConfigKeys (ConfUtils.java:logGet(43)) - raft.server.rpc.sleep.time = 25ms (default)
2019-10-04 16:47:57,704 [5ae9cecc-3e88-4e48-9094-a35479a26cbd@group-6176D65BFE62-LeaderElection5] INFO  server.RaftServerConfigKeys (ConfUtils.java:logGet(43)) - raft.server.write.element-limit = 4096 (default)
2019-10-04 16:47:57,704 [5ae9cecc-3e88-4e48-9094-a35479a26cbd@group-6176D65BFE62-LeaderElection5] INFO  server.RaftServerConfigKeys (ConfUtils.java:logGet(43)) - raft.server.watch.timeout = 10s (default)
2019-10-04 16:47:57,704 [5ae9cecc-3e88-4e48-9094-a35479a26cbd@group-6176D65BFE62-LeaderElection5] INFO  server.RaftServerConfigKeys (ConfUtils.java:logGet(43)) - raft.server.watch.timeout.denomination = 1s (default)
2019-10-04 16:47:57,704 [5ae9cecc-3e88-4e48-9094-a35479a26cbd@group-6176D65BFE62-LeaderElection5] INFO  server.RaftServerConfigKeys (ConfUtils.java:logGet(43)) - raft.server.watch.element-limit = 65536 (default)
2019-10-04 16:47:57,708 [5ae9cecc-3e88-4e48-9094-a35479a26cbd@group-6176D65BFE62-LeaderElection5] INFO  impl.RoleInfo (RoleInfo.java:updateAndGet(143)) - 5ae9cecc-3e88-4e48-9094-a35479a26cbd: start LeaderState
2019-10-04 16:47:57,708 [5ae9cecc-3e88-4e48-9094-a35479a26cbd@group-6176D65BFE62-LeaderElection5] INFO  segmented.SegmentedRaftLogWorker (SegmentedRaftLogWorker.java:startLogSegment(385)) - 5ae9cecc-3e88-4e48-9094-a35479a26cbd@group-6176D65BFE62-SegmentedRaftLogWorker: Starting segment from index:0
2019-10-04 16:47:57,709 [5ae9cecc-3e88-4e48-9094-a35479a26cbd@group-6176D65BFE62-LeaderElection5] INFO  impl.RaftServerImpl (ServerState.java:setRaftConf(356)) - 5ae9cecc-3e88-4e48-9094-a35479a26cbd@group-6176D65BFE62: set configuration 0: [5ae9cecc-3e88-4e48-9094-a35479a26cbd:192.168.5.153:45355], old=null at 0
2019-10-04 16:47:57,747 [Thread-258] INFO  impl.FollowerState (FollowerState.java:run(108)) - 5d29b9c8-f93d-45ec-962e-e587b69359a4@group-CB390F253C14-FollowerState: change to CANDIDATE, lastRpcTime:5055ms, electionTimeout:5055ms
2019-10-04 16:47:57,747 [Thread-258] INFO  impl.RoleInfo (RoleInfo.java:shutdownFollowerState(121)) - 5d29b9c8-f93d-45ec-962e-e587b69359a4: shutdown FollowerState
2019-10-04 16:47:57,748 [Thread-258] INFO  impl.RaftServerImpl (RaftServerImpl.java:setRole(170)) - 5d29b9c8-f93d-45ec-962e-e587b69359a4@group-CB390F253C14: changes role from  FOLLOWER to CANDIDATE at term 0 for changeToCandidate
2019-10-04 16:47:57,748 [Thread-258] INFO  impl.RoleInfo (RoleInfo.java:updateAndGet(143)) - 5d29b9c8-f93d-45ec-962e-e587b69359a4: start LeaderElection
2019-10-04 16:47:57,756 [Thread-255] INFO  impl.FollowerState (FollowerState.java:run(108)) - b6546c7d-80eb-4829-96f5-eabd1005523b@group-27EED3790D0A-FollowerState: change to CANDIDATE, lastRpcTime:5156ms, electionTimeout:5156ms
2019-10-04 16:47:57,756 [Thread-255] INFO  impl.RoleInfo (RoleInfo.java:shutdownFollowerState(121)) - b6546c7d-80eb-4829-96f5-eabd1005523b: shutdown FollowerState
2019-10-04 16:47:57,756 [Thread-255] INFO  impl.RaftServerImpl (RaftServerImpl.java:setRole(170)) - b6546c7d-80eb-4829-96f5-eabd1005523b@group-27EED3790D0A: changes role from  FOLLOWER to CANDIDATE at term 0 for changeToCandidate
2019-10-04 16:47:57,757 [Thread-255] INFO  impl.RoleInfo (RoleInfo.java:updateAndGet(143)) - b6546c7d-80eb-4829-96f5-eabd1005523b: start LeaderElection
2019-10-04 16:47:57,757 [5ae9cecc-3e88-4e48-9094-a35479a26cbd@group-6176D65BFE62-SegmentedRaftLogWorker] INFO  segmented.SegmentedRaftLogWorker (SegmentedRaftLogWorker.java:execute(574)) - 5ae9cecc-3e88-4e48-9094-a35479a26cbd@group-6176D65BFE62-SegmentedRaftLogWorker: created new log segment /workdir/hadoop-ozone/integration-test/target/test-dir/MiniOzoneClusterImpl-a6663ea6-7428-4603-a828-442114a87559/datanode-1/data/ratis/de7cd194-76d6-4cf4-b3d6-6176d65bfe62/current/log_inprogress_0
2019-10-04 16:47:57,757 [5d29b9c8-f93d-45ec-962e-e587b69359a4@group-CB390F253C14-LeaderElection6] INFO  impl.LeaderElection (LeaderElection.java:askForVotes(178)) - 5d29b9c8-f93d-45ec-962e-e587b69359a4@group-CB390F253C14-LeaderElection6: begin an election at term 1 for -1: [5d29b9c8-f93d-45ec-962e-e587b69359a4:192.168.5.153:46141], old=null
2019-10-04 16:47:57,761 [5d29b9c8-f93d-45ec-962e-e587b69359a4@group-CB390F253C14-LeaderElection6] INFO  impl.RoleInfo (RoleInfo.java:shutdownLeaderElection(134)) - 5d29b9c8-f93d-45ec-962e-e587b69359a4: shutdown LeaderElection
2019-10-04 16:47:57,761 [5d29b9c8-f93d-45ec-962e-e587b69359a4@group-CB390F253C14-LeaderElection6] INFO  impl.RaftServerImpl (RaftServerImpl.java:setRole(170)) - 5d29b9c8-f93d-45ec-962e-e587b69359a4@group-CB390F253C14: changes role from CANDIDATE to LEADER at term 1 for changeToLeader
2019-10-04 16:47:57,761 [5d29b9c8-f93d-45ec-962e-e587b69359a4@group-CB390F253C14-LeaderElection6] INFO  impl.RaftServerImpl (ServerState.java:setLeader(255)) - 5d29b9c8-f93d-45ec-962e-e587b69359a4@group-CB390F253C14: change Leader from null to 5d29b9c8-f93d-45ec-962e-e587b69359a4 at term 1 for becomeLeader, leader elected after 5083ms
2019-10-04 16:47:57,763 [5d29b9c8-f93d-45ec-962e-e587b69359a4@group-CB390F253C14-LeaderElection6] INFO  server.RaftServerConfigKeys (ConfUtils.java:logGet(43)) - raft.server.staging.catchup.gap = 1000 (default)
2019-10-04 16:47:57,764 [5d29b9c8-f93d-45ec-962e-e587b69359a4@group-CB390F253C14-LeaderElection6] INFO  server.RaftServerConfigKeys (ConfUtils.java:logGet(43)) - raft.server.rpc.sleep.time = 25ms (default)
2019-10-04 16:47:57,764 [5d29b9c8-f93d-45ec-962e-e587b69359a4@group-CB390F253C14-LeaderElection6] INFO  server.RaftServerConfigKeys (ConfUtils.java:logGet(43)) - raft.server.write.element-limit = 4096 (default)
2019-10-04 16:47:57,764 [5d29b9c8-f93d-45ec-962e-e587b69359a4@group-CB390F253C14-LeaderElection6] INFO  server.RaftServerConfigKeys (ConfUtils.java:logGet(43)) - raft.server.watch.timeout = 10s (default)
2019-10-04 16:47:57,765 [5d29b9c8-f93d-45ec-962e-e587b69359a4@group-CB390F253C14-LeaderElection6] INFO  server.RaftServerConfigKeys (ConfUtils.java:logGet(43)) - raft.server.watch.timeout.denomination = 1s (default)
2019-10-04 16:47:57,765 [5d29b9c8-f93d-45ec-962e-e587b69359a4@group-CB390F253C14-LeaderElection6] INFO  server.RaftServerConfigKeys (ConfUtils.java:logGet(43)) - raft.server.watch.element-limit = 65536 (default)
2019-10-04 16:47:57,769 [5d29b9c8-f93d-45ec-962e-e587b69359a4@group-CB390F253C14-LeaderElection6] INFO  impl.RoleInfo (RoleInfo.java:updateAndGet(143)) - 5d29b9c8-f93d-45ec-962e-e587b69359a4: start LeaderState
2019-10-04 16:47:57,770 [5d29b9c8-f93d-45ec-962e-e587b69359a4@group-CB390F253C14-LeaderElection6] INFO  segmented.SegmentedRaftLogWorker (SegmentedRaftLogWorker.java:startLogSegment(385)) - 5d29b9c8-f93d-45ec-962e-e587b69359a4@group-CB390F253C14-SegmentedRaftLogWorker: Starting segment from index:0
2019-10-04 16:47:57,770 [5d29b9c8-f93d-45ec-962e-e587b69359a4@group-CB390F253C14-LeaderElection6] INFO  impl.RaftServerImpl (ServerState.java:setRaftConf(356)) - 5d29b9c8-f93d-45ec-962e-e587b69359a4@group-CB390F253C14: set configuration 0: [5d29b9c8-f93d-45ec-962e-e587b69359a4:192.168.5.153:46141], old=null at 0
2019-10-04 16:47:57,810 [b6546c7d-80eb-4829-96f5-eabd1005523b@group-27EED3790D0A-LeaderElection7] INFO  impl.LeaderElection (LeaderElection.java:askForVotes(178)) - b6546c7d-80eb-4829-96f5-eabd1005523b@group-27EED3790D0A-LeaderElection7: begin an election at term 1 for -1: [b6546c7d-80eb-4829-96f5-eabd1005523b:192.168.5.153:36469], old=null
2019-10-04 16:47:57,810 [b6546c7d-80eb-4829-96f5-eabd1005523b@group-27EED3790D0A-LeaderElection7] INFO  impl.RoleInfo (RoleInfo.java:shutdownLeaderElection(134)) - b6546c7d-80eb-4829-96f5-eabd1005523b: shutdown LeaderElection
2019-10-04 16:47:57,811 [b6546c7d-80eb-4829-96f5-eabd1005523b@group-27EED3790D0A-LeaderElection7] INFO  impl.RaftServerImpl (RaftServerImpl.java:setRole(170)) - b6546c7d-80eb-4829-96f5-eabd1005523b@group-27EED3790D0A: changes role from CANDIDATE to LEADER at term 1 for changeToLeader
2019-10-04 16:47:57,811 [b6546c7d-80eb-4829-96f5-eabd1005523b@group-27EED3790D0A-LeaderElection7] INFO  impl.RaftServerImpl (ServerState.java:setLeader(255)) - b6546c7d-80eb-4829-96f5-eabd1005523b@group-27EED3790D0A: change Leader from null to b6546c7d-80eb-4829-96f5-eabd1005523b at term 1 for becomeLeader, leader elected after 5224ms
2019-10-04 16:47:57,813 [b6546c7d-80eb-4829-96f5-eabd1005523b@group-27EED3790D0A-LeaderElection7] INFO  server.RaftServerConfigKeys (ConfUtils.java:logGet(43)) - raft.server.staging.catchup.gap = 1000 (default)
2019-10-04 16:47:57,814 [b6546c7d-80eb-4829-96f5-eabd1005523b@group-27EED3790D0A-LeaderElection7] INFO  server.RaftServerConfigKeys (ConfUtils.java:logGet(43)) - raft.server.rpc.sleep.time = 25ms (default)
2019-10-04 16:47:57,814 [b6546c7d-80eb-4829-96f5-eabd1005523b@group-27EED3790D0A-LeaderElection7] INFO  server.RaftServerConfigKeys (ConfUtils.java:logGet(43)) - raft.server.write.element-limit = 4096 (default)
2019-10-04 16:47:57,814 [b6546c7d-80eb-4829-96f5-eabd1005523b@group-27EED3790D0A-LeaderElection7] INFO  server.RaftServerConfigKeys (ConfUtils.java:logGet(43)) - raft.server.watch.timeout = 10s (default)
2019-10-04 16:47:57,814 [b6546c7d-80eb-4829-96f5-eabd1005523b@group-27EED3790D0A-LeaderElection7] INFO  server.RaftServerConfigKeys (ConfUtils.java:logGet(43)) - raft.server.watch.timeout.denomination = 1s (default)
2019-10-04 16:47:57,815 [b6546c7d-80eb-4829-96f5-eabd1005523b@group-27EED3790D0A-LeaderElection7] INFO  server.RaftServerConfigKeys (ConfUtils.java:logGet(43)) - raft.server.watch.element-limit = 65536 (default)
2019-10-04 16:47:57,818 [b6546c7d-80eb-4829-96f5-eabd1005523b@group-27EED3790D0A-LeaderElection7] INFO  impl.RoleInfo (RoleInfo.java:updateAndGet(143)) - b6546c7d-80eb-4829-96f5-eabd1005523b: start LeaderState
2019-10-04 16:47:57,819 [b6546c7d-80eb-4829-96f5-eabd1005523b@group-27EED3790D0A-LeaderElection7] INFO  segmented.SegmentedRaftLogWorker (SegmentedRaftLogWorker.java:startLogSegment(385)) - b6546c7d-80eb-4829-96f5-eabd1005523b@group-27EED3790D0A-SegmentedRaftLogWorker: Starting segment from index:0
2019-10-04 16:47:57,819 [b6546c7d-80eb-4829-96f5-eabd1005523b@group-27EED3790D0A-LeaderElection7] INFO  impl.RaftServerImpl (ServerState.java:setRaftConf(356)) - b6546c7d-80eb-4829-96f5-eabd1005523b@group-27EED3790D0A: set configuration 0: [b6546c7d-80eb-4829-96f5-eabd1005523b:192.168.5.153:36469], old=null at 0
2019-10-04 16:47:57,831 [Thread-263] INFO  impl.FollowerState (FollowerState.java:run(108)) - 56251a7d-5ee5-41f8-a90e-1231f73e3ff7@group-88B80A8F6549-FollowerState: change to CANDIDATE, lastRpcTime:5032ms, electionTimeout:5032ms
2019-10-04 16:47:57,831 [Thread-263] INFO  impl.RoleInfo (RoleInfo.java:shutdownFollowerState(121)) - 56251a7d-5ee5-41f8-a90e-1231f73e3ff7: shutdown FollowerState
2019-10-04 16:47:57,831 [Thread-263] INFO  impl.RaftServerImpl (RaftServerImpl.java:setRole(170)) - 56251a7d-5ee5-41f8-a90e-1231f73e3ff7@group-88B80A8F6549: changes role from  FOLLOWER to CANDIDATE at term 0 for changeToCandidate
2019-10-04 16:47:57,832 [Thread-263] INFO  impl.RoleInfo (RoleInfo.java:updateAndGet(143)) - 56251a7d-5ee5-41f8-a90e-1231f73e3ff7: start LeaderElection
2019-10-04 16:47:57,853 [5d29b9c8-f93d-45ec-962e-e587b69359a4@group-CB390F253C14-SegmentedRaftLogWorker] INFO  segmented.SegmentedRaftLogWorker (SegmentedRaftLogWorker.java:execute(574)) - 5d29b9c8-f93d-45ec-962e-e587b69359a4@group-CB390F253C14-SegmentedRaftLogWorker: created new log segment /workdir/hadoop-ozone/integration-test/target/test-dir/MiniOzoneClusterImpl-a6663ea6-7428-4603-a828-442114a87559/datanode-5/data/ratis/be953e21-92af-452d-aa41-cb390f253c14/current/log_inprogress_0
2019-10-04 16:47:57,864 [b6546c7d-80eb-4829-96f5-eabd1005523b@group-27EED3790D0A-SegmentedRaftLogWorker] INFO  segmented.SegmentedRaftLogWorker (SegmentedRaftLogWorker.java:execute(574)) - b6546c7d-80eb-4829-96f5-eabd1005523b@group-27EED3790D0A-SegmentedRaftLogWorker: created new log segment /workdir/hadoop-ozone/integration-test/target/test-dir/MiniOzoneClusterImpl-a6663ea6-7428-4603-a828-442114a87559/datanode-2/data/ratis/f2230a42-a720-481e-a00d-27eed3790d0a/current/log_inprogress_0
2019-10-04 16:47:57,864 [56251a7d-5ee5-41f8-a90e-1231f73e3ff7@group-88B80A8F6549-LeaderElection8] INFO  impl.LeaderElection (LeaderElection.java:askForVotes(178)) - 56251a7d-5ee5-41f8-a90e-1231f73e3ff7@group-88B80A8F6549-LeaderElection8: begin an election at term 1 for -1: [1dcfab43-391d-45c5-b294-9417c9104c52:192.168.5.153:40954, 56251a7d-5ee5-41f8-a90e-1231f73e3ff7:192.168.5.153:46734, 1a98ba17-ee97-4387-8a47-ae43e92b9c47:192.168.5.153:44781], old=null
2019-10-04 16:47:57,887 [grpc-default-executor-1] INFO  impl.RaftServerImpl (RaftServerImpl.java:setRole(170)) - 1a98ba17-ee97-4387-8a47-ae43e92b9c47@group-88B80A8F6549: changes role from  FOLLOWER to FOLLOWER at term 1 for recognizeCandidate:56251a7d-5ee5-41f8-a90e-1231f73e3ff7
2019-10-04 16:47:57,887 [grpc-default-executor-2] INFO  impl.RaftServerImpl (RaftServerImpl.java:setRole(170)) - 1dcfab43-391d-45c5-b294-9417c9104c52@group-88B80A8F6549: changes role from  FOLLOWER to FOLLOWER at term 1 for recognizeCandidate:56251a7d-5ee5-41f8-a90e-1231f73e3ff7
2019-10-04 16:47:57,887 [grpc-default-executor-1] INFO  impl.RoleInfo (RoleInfo.java:shutdownFollowerState(121)) - 1a98ba17-ee97-4387-8a47-ae43e92b9c47: shutdown FollowerState
2019-10-04 16:47:57,887 [grpc-default-executor-2] INFO  impl.RoleInfo (RoleInfo.java:shutdownFollowerState(121)) - 1dcfab43-391d-45c5-b294-9417c9104c52: shutdown FollowerState
2019-10-04 16:47:57,887 [grpc-default-executor-1] INFO  impl.RoleInfo (RoleInfo.java:updateAndGet(143)) - 1a98ba17-ee97-4387-8a47-ae43e92b9c47: start FollowerState
2019-10-04 16:47:57,887 [Thread-264] INFO  impl.FollowerState (FollowerState.java:run(117)) - 1dcfab43-391d-45c5-b294-9417c9104c52@group-88B80A8F6549-FollowerState was interrupted: java.lang.InterruptedException: sleep interrupted
2019-10-04 16:47:57,887 [grpc-default-executor-2] INFO  impl.RoleInfo (RoleInfo.java:updateAndGet(143)) - 1dcfab43-391d-45c5-b294-9417c9104c52: start FollowerState
2019-10-04 16:47:57,887 [Thread-265] INFO  impl.FollowerState (FollowerState.java:run(117)) - 1a98ba17-ee97-4387-8a47-ae43e92b9c47@group-88B80A8F6549-FollowerState was interrupted: java.lang.InterruptedException: sleep interrupted
2019-10-04 16:47:57,915 [56251a7d-5ee5-41f8-a90e-1231f73e3ff7@group-88B80A8F6549-LeaderElection8] INFO  impl.LeaderElection (LeaderElection.java:logAndReturn(56)) - 56251a7d-5ee5-41f8-a90e-1231f73e3ff7@group-88B80A8F6549-LeaderElection8: Election PASSED; received 1 response(s) [56251a7d-5ee5-41f8-a90e-1231f73e3ff7<-1dcfab43-391d-45c5-b294-9417c9104c52#0:OK-t1] and 0 exception(s); 56251a7d-5ee5-41f8-a90e-1231f73e3ff7@group-88B80A8F6549:t1, leader=null, voted=56251a7d-5ee5-41f8-a90e-1231f73e3ff7, raftlog=56251a7d-5ee5-41f8-a90e-1231f73e3ff7@group-88B80A8F6549-SegmentedRaftLog:OPENED:c-1,f-1,i0, conf=-1: [1dcfab43-391d-45c5-b294-9417c9104c52:192.168.5.153:40954, 56251a7d-5ee5-41f8-a90e-1231f73e3ff7:192.168.5.153:46734, 1a98ba17-ee97-4387-8a47-ae43e92b9c47:192.168.5.153:44781], old=null
2019-10-04 16:47:57,915 [56251a7d-5ee5-41f8-a90e-1231f73e3ff7@group-88B80A8F6549-LeaderElection8] INFO  impl.RoleInfo (RoleInfo.java:shutdownLeaderElection(134)) - 56251a7d-5ee5-41f8-a90e-1231f73e3ff7: shutdown LeaderElection
2019-10-04 16:47:57,916 [56251a7d-5ee5-41f8-a90e-1231f73e3ff7@group-88B80A8F6549-LeaderElection8] INFO  impl.RaftServerImpl (RaftServerImpl.java:setRole(170)) - 56251a7d-5ee5-41f8-a90e-1231f73e3ff7@group-88B80A8F6549: changes role from CANDIDATE to LEADER at term 1 for changeToLeader
2019-10-04 16:47:57,916 [56251a7d-5ee5-41f8-a90e-1231f73e3ff7@group-88B80A8F6549-LeaderElection8] INFO  impl.RaftServerImpl (ServerState.java:setLeader(255)) - 56251a7d-5ee5-41f8-a90e-1231f73e3ff7@group-88B80A8F6549: change Leader from null to 56251a7d-5ee5-41f8-a90e-1231f73e3ff7 at term 1 for becomeLeader, leader elected after 5129ms
2019-10-04 16:47:57,919 [56251a7d-5ee5-41f8-a90e-1231f73e3ff7@group-88B80A8F6549-LeaderElection8] INFO  server.RaftServerConfigKeys (ConfUtils.java:logGet(43)) - raft.server.staging.catchup.gap = 1000 (default)
2019-10-04 16:47:57,919 [56251a7d-5ee5-41f8-a90e-1231f73e3ff7@group-88B80A8F6549-LeaderElection8] INFO  server.RaftServerConfigKeys (ConfUtils.java:logGet(43)) - raft.server.rpc.sleep.time = 25ms (default)
2019-10-04 16:47:57,919 [56251a7d-5ee5-41f8-a90e-1231f73e3ff7@group-88B80A8F6549-LeaderElection8] INFO  server.RaftServerConfigKeys (ConfUtils.java:logGet(43)) - raft.server.write.element-limit = 4096 (default)
2019-10-04 16:47:57,920 [56251a7d-5ee5-41f8-a90e-1231f73e3ff7@group-88B80A8F6549-LeaderElection8] INFO  server.RaftServerConfigKeys (ConfUtils.java:logGet(43)) - raft.server.watch.timeout = 10s (default)
2019-10-04 16:47:57,920 [56251a7d-5ee5-41f8-a90e-1231f73e3ff7@group-88B80A8F6549-LeaderElection8] INFO  server.RaftServerConfigKeys (ConfUtils.java:logGet(43)) - raft.server.watch.timeout.denomination = 1s (default)
2019-10-04 16:47:57,920 [56251a7d-5ee5-41f8-a90e-1231f73e3ff7@group-88B80A8F6549-LeaderElection8] INFO  server.RaftServerConfigKeys (ConfUtils.java:logGet(43)) - raft.server.watch.element-limit = 65536 (default)
2019-10-04 16:47:57,925 [56251a7d-5ee5-41f8-a90e-1231f73e3ff7@group-88B80A8F6549-LeaderElection8] INFO  server.RaftServerConfigKeys (ConfUtils.java:logGet(43)) - raft.server.log.appender.snapshot.chunk.size.max = 16MB (=16777216) (default)
2019-10-04 16:47:57,926 [56251a7d-5ee5-41f8-a90e-1231f73e3ff7@group-88B80A8F6549-LeaderElection8] INFO  server.RaftServerConfigKeys (ConfUtils.java:logGet(43)) - raft.server.log.appender.buffer.byte-limit = 33554432 (custom)
2019-10-04 16:47:57,926 [56251a7d-5ee5-41f8-a90e-1231f73e3ff7@group-88B80A8F6549-LeaderElection8] INFO  server.RaftServerConfigKeys (ConfUtils.java:logGet(43)) - raft.server.log.appender.buffer.element-limit = 1 (custom)
2019-10-04 16:47:57,929 [56251a7d-5ee5-41f8-a90e-1231f73e3ff7@group-88B80A8F6549-LeaderElection8] INFO  grpc.GrpcConfigKeys$Server (ConfUtils.java:logGet(43)) - raft.grpc.server.leader.outstanding.appends.max = 128 (default)
2019-10-04 16:47:57,929 [56251a7d-5ee5-41f8-a90e-1231f73e3ff7@group-88B80A8F6549-LeaderElection8] INFO  server.RaftServerConfigKeys (ConfUtils.java:logGet(43)) - raft.server.rpc.request.timeout = 3000ms (default)
2019-10-04 16:47:57,929 [56251a7d-5ee5-41f8-a90e-1231f73e3ff7@group-88B80A8F6549-LeaderElection8] INFO  server.RaftServerConfigKeys (ConfUtils.java:logGet(43)) - raft.server.log.appender.install.snapshot.enabled = false (custom)
2019-10-04 16:47:57,930 [56251a7d-5ee5-41f8-a90e-1231f73e3ff7@group-88B80A8F6549-LeaderElection8] INFO  server.RaftServerConfigKeys (ConfUtils.java:logGet(43)) - raft.server.log.appender.snapshot.chunk.size.max = 16MB (=16777216) (default)
2019-10-04 16:47:57,930 [56251a7d-5ee5-41f8-a90e-1231f73e3ff7@group-88B80A8F6549-LeaderElection8] INFO  server.RaftServerConfigKeys (ConfUtils.java:logGet(43)) - raft.server.log.appender.buffer.byte-limit = 33554432 (custom)
2019-10-04 16:47:57,931 [56251a7d-5ee5-41f8-a90e-1231f73e3ff7@group-88B80A8F6549-LeaderElection8] INFO  server.RaftServerConfigKeys (ConfUtils.java:logGet(43)) - raft.server.log.appender.buffer.element-limit = 1 (custom)
2019-10-04 16:47:57,931 [56251a7d-5ee5-41f8-a90e-1231f73e3ff7@group-88B80A8F6549-LeaderElection8] INFO  grpc.GrpcConfigKeys$Server (ConfUtils.java:logGet(43)) - raft.grpc.server.leader.outstanding.appends.max = 128 (default)
2019-10-04 16:47:57,931 [56251a7d-5ee5-41f8-a90e-1231f73e3ff7@group-88B80A8F6549-LeaderElection8] INFO  server.RaftServerConfigKeys (ConfUtils.java:logGet(43)) - raft.server.rpc.request.timeout = 3000ms (default)
2019-10-04 16:47:57,931 [56251a7d-5ee5-41f8-a90e-1231f73e3ff7@group-88B80A8F6549-LeaderElection8] INFO  server.RaftServerConfigKeys (ConfUtils.java:logGet(43)) - raft.server.log.appender.install.snapshot.enabled = false (custom)
2019-10-04 16:47:57,932 [56251a7d-5ee5-41f8-a90e-1231f73e3ff7@group-88B80A8F6549-LeaderElection8] INFO  impl.RoleInfo (RoleInfo.java:updateAndGet(143)) - 56251a7d-5ee5-41f8-a90e-1231f73e3ff7: start LeaderState
2019-10-04 16:47:57,932 [56251a7d-5ee5-41f8-a90e-1231f73e3ff7@group-88B80A8F6549-LeaderElection8] INFO  segmented.SegmentedRaftLogWorker (SegmentedRaftLogWorker.java:startLogSegment(385)) - 56251a7d-5ee5-41f8-a90e-1231f73e3ff7@group-88B80A8F6549-SegmentedRaftLogWorker: Starting segment from index:0
2019-10-04 16:47:57,933 [56251a7d-5ee5-41f8-a90e-1231f73e3ff7@group-88B80A8F6549-LeaderElection8] INFO  impl.RaftServerImpl (ServerState.java:setRaftConf(356)) - 56251a7d-5ee5-41f8-a90e-1231f73e3ff7@group-88B80A8F6549: set configuration 0: [1dcfab43-391d-45c5-b294-9417c9104c52:192.168.5.153:40954, 56251a7d-5ee5-41f8-a90e-1231f73e3ff7:192.168.5.153:46734, 1a98ba17-ee97-4387-8a47-ae43e92b9c47:192.168.5.153:44781], old=null at 0
2019-10-04 16:47:57,984 [56251a7d-5ee5-41f8-a90e-1231f73e3ff7@group-88B80A8F6549-SegmentedRaftLogWorker] INFO  segmented.SegmentedRaftLogWorker (SegmentedRaftLogWorker.java:execute(574)) - 56251a7d-5ee5-41f8-a90e-1231f73e3ff7@group-88B80A8F6549-SegmentedRaftLogWorker: created new log segment /workdir/hadoop-ozone/integration-test/target/test-dir/MiniOzoneClusterImpl-a6663ea6-7428-4603-a828-442114a87559/datanode-0/data/ratis/faa62bf2-048b-459f-a05e-88b80a8f6549/current/log_inprogress_0
2019-10-04 16:47:57,999 [Thread-273] INFO  impl.FollowerState (FollowerState.java:run(108)) - b6546c7d-80eb-4829-96f5-eabd1005523b@group-6CC3D14C8079-FollowerState: change to CANDIDATE, lastRpcTime:5058ms, electionTimeout:5057ms
2019-10-04 16:47:57,999 [Thread-273] INFO  impl.RoleInfo (RoleInfo.java:shutdownFollowerState(121)) - b6546c7d-80eb-4829-96f5-eabd1005523b: shutdown FollowerState
2019-10-04 16:47:57,999 [Thread-273] INFO  impl.RaftServerImpl (RaftServerImpl.java:setRole(170)) - b6546c7d-80eb-4829-96f5-eabd1005523b@group-6CC3D14C8079: changes role from  FOLLOWER to CANDIDATE at term 0 for changeToCandidate
2019-10-04 16:47:57,999 [Thread-273] INFO  impl.RoleInfo (RoleInfo.java:updateAndGet(143)) - b6546c7d-80eb-4829-96f5-eabd1005523b: start LeaderElection
2019-10-04 16:47:58,008 [grpc-default-executor-2] INFO  impl.RaftServerImpl (ServerState.java:setLeader(255)) - 1dcfab43-391d-45c5-b294-9417c9104c52@group-88B80A8F6549: change Leader from null to 56251a7d-5ee5-41f8-a90e-1231f73e3ff7 at term 1 for appendEntries, leader elected after 5222ms
2019-10-04 16:47:58,009 [grpc-default-executor-1] INFO  impl.RaftServerImpl (ServerState.java:setLeader(255)) - 1a98ba17-ee97-4387-8a47-ae43e92b9c47@group-88B80A8F6549: change Leader from null to 56251a7d-5ee5-41f8-a90e-1231f73e3ff7 at term 1 for appendEntries, leader elected after 5222ms
2019-10-04 16:47:58,016 [b6546c7d-80eb-4829-96f5-eabd1005523b@group-6CC3D14C8079-LeaderElection9] INFO  impl.LeaderElection (LeaderElection.java:askForVotes(178)) - b6546c7d-80eb-4829-96f5-eabd1005523b@group-6CC3D14C8079-LeaderElection9: begin an election at term 1 for -1: [2241fb42-f8f0-4490-bd75-7cbb5c089b22:192.168.5.153:45809, 5ae9cecc-3e88-4e48-9094-a35479a26cbd:192.168.5.153:45355, b6546c7d-80eb-4829-96f5-eabd1005523b:192.168.5.153:36469], old=null
2019-10-04 16:47:58,041 [grpc-default-executor-1] INFO  impl.RaftServerImpl (RaftServerImpl.java:setRole(170)) - 5ae9cecc-3e88-4e48-9094-a35479a26cbd@group-6CC3D14C8079: changes role from  FOLLOWER to FOLLOWER at term 1 for recognizeCandidate:b6546c7d-80eb-4829-96f5-eabd1005523b
2019-10-04 16:47:58,042 [grpc-default-executor-1] INFO  impl.RoleInfo (RoleInfo.java:shutdownFollowerState(121)) - 5ae9cecc-3e88-4e48-9094-a35479a26cbd: shutdown FollowerState
2019-10-04 16:47:58,042 [grpc-default-executor-1] INFO  impl.RoleInfo (RoleInfo.java:updateAndGet(143)) - 5ae9cecc-3e88-4e48-9094-a35479a26cbd: start FollowerState
2019-10-04 16:47:58,042 [Thread-275] INFO  impl.FollowerState (FollowerState.java:run(117)) - 5ae9cecc-3e88-4e48-9094-a35479a26cbd@group-6CC3D14C8079-FollowerState was interrupted: java.lang.InterruptedException: sleep interrupted
2019-10-04 16:47:58,044 [Thread-274] INFO  impl.FollowerState (FollowerState.java:run(108)) - 2241fb42-f8f0-4490-bd75-7cbb5c089b22@group-6CC3D14C8079-FollowerState: change to CANDIDATE, lastRpcTime:5100ms, electionTimeout:5099ms
2019-10-04 16:47:58,046 [Thread-274] INFO  impl.RoleInfo (RoleInfo.java:shutdownFollowerState(121)) - 2241fb42-f8f0-4490-bd75-7cbb5c089b22: shutdown FollowerState
2019-10-04 16:47:58,046 [Thread-274] INFO  impl.RaftServerImpl (RaftServerImpl.java:setRole(170)) - 2241fb42-f8f0-4490-bd75-7cbb5c089b22@group-6CC3D14C8079: changes role from  FOLLOWER to CANDIDATE at term 0 for changeToCandidate
2019-10-04 16:47:58,048 [Thread-274] INFO  impl.RoleInfo (RoleInfo.java:updateAndGet(143)) - 2241fb42-f8f0-4490-bd75-7cbb5c089b22: start LeaderElection
2019-10-04 16:47:58,060 [2241fb42-f8f0-4490-bd75-7cbb5c089b22@group-6CC3D14C8079-LeaderElection10] INFO  impl.LeaderElection (LeaderElection.java:askForVotes(178)) - 2241fb42-f8f0-4490-bd75-7cbb5c089b22@group-6CC3D14C8079-LeaderElection10: begin an election at term 1 for -1: [2241fb42-f8f0-4490-bd75-7cbb5c089b22:192.168.5.153:45809, 5ae9cecc-3e88-4e48-9094-a35479a26cbd:192.168.5.153:45355, b6546c7d-80eb-4829-96f5-eabd1005523b:192.168.5.153:36469], old=null
2019-10-04 16:47:58,069 [grpc-default-executor-2] INFO  impl.RaftServerImpl (ServerState.java:setRaftConf(356)) - 1dcfab43-391d-45c5-b294-9417c9104c52@group-88B80A8F6549: set configuration 0: [1dcfab43-391d-45c5-b294-9417c9104c52:192.168.5.153:40954, 56251a7d-5ee5-41f8-a90e-1231f73e3ff7:192.168.5.153:46734, 1a98ba17-ee97-4387-8a47-ae43e92b9c47:192.168.5.153:44781], old=null at 0
2019-10-04 16:47:58,071 [grpc-default-executor-2] INFO  segmented.SegmentedRaftLogWorker (SegmentedRaftLogWorker.java:startLogSegment(385)) - 1dcfab43-391d-45c5-b294-9417c9104c52@group-88B80A8F6549-SegmentedRaftLogWorker: Starting segment from index:0
2019-10-04 16:47:58,071 [grpc-default-executor-0] INFO  impl.RaftServerImpl (ServerState.java:setRaftConf(356)) - 1a98ba17-ee97-4387-8a47-ae43e92b9c47@group-88B80A8F6549: set configuration 0: [1dcfab43-391d-45c5-b294-9417c9104c52:192.168.5.153:40954, 56251a7d-5ee5-41f8-a90e-1231f73e3ff7:192.168.5.153:46734, 1a98ba17-ee97-4387-8a47-ae43e92b9c47:192.168.5.153:44781], old=null at 0
2019-10-04 16:47:58,071 [b6546c7d-80eb-4829-96f5-eabd1005523b@group-6CC3D14C8079-LeaderElection9] INFO  impl.LeaderElection (LeaderElection.java:logAndReturn(56)) - b6546c7d-80eb-4829-96f5-eabd1005523b@group-6CC3D14C8079-LeaderElection9: Election PASSED; received 1 response(s) [b6546c7d-80eb-4829-96f5-eabd1005523b<-5ae9cecc-3e88-4e48-9094-a35479a26cbd#0:OK-t1] and 0 exception(s); b6546c7d-80eb-4829-96f5-eabd1005523b@group-6CC3D14C8079:t1, leader=null, voted=b6546c7d-80eb-4829-96f5-eabd1005523b, raftlog=b6546c7d-80eb-4829-96f5-eabd1005523b@group-6CC3D14C8079-SegmentedRaftLog:OPENED:c-1,f-1,i0, conf=-1: [2241fb42-f8f0-4490-bd75-7cbb5c089b22:192.168.5.153:45809, 5ae9cecc-3e88-4e48-9094-a35479a26cbd:192.168.5.153:45355, b6546c7d-80eb-4829-96f5-eabd1005523b:192.168.5.153:36469], old=null
2019-10-04 16:47:58,071 [grpc-default-executor-0] INFO  segmented.SegmentedRaftLogWorker (SegmentedRaftLogWorker.java:startLogSegment(385)) - 1a98ba17-ee97-4387-8a47-ae43e92b9c47@group-88B80A8F6549-SegmentedRaftLogWorker: Starting segment from index:0
2019-10-04 16:47:58,071 [b6546c7d-80eb-4829-96f5-eabd1005523b@group-6CC3D14C8079-LeaderElection9] INFO  impl.RoleInfo (RoleInfo.java:shutdownLeaderElection(134)) - b6546c7d-80eb-4829-96f5-eabd1005523b: shutdown LeaderElection
2019-10-04 16:47:58,099 [b6546c7d-80eb-4829-96f5-eabd1005523b@group-6CC3D14C8079-LeaderElection9] INFO  impl.RaftServerImpl (RaftServerImpl.java:setRole(170)) - b6546c7d-80eb-4829-96f5-eabd1005523b@group-6CC3D14C8079: changes role from CANDIDATE to LEADER at term 1 for changeToLeader
2019-10-04 16:47:58,100 [b6546c7d-80eb-4829-96f5-eabd1005523b@group-6CC3D14C8079-LeaderElection9] INFO  impl.RaftServerImpl (ServerState.java:setLeader(255)) - b6546c7d-80eb-4829-96f5-eabd1005523b@group-6CC3D14C8079: change Leader from null to b6546c7d-80eb-4829-96f5-eabd1005523b at term 1 for becomeLeader, leader elected after 5167ms
2019-10-04 16:47:58,101 [b6546c7d-80eb-4829-96f5-eabd1005523b@group-6CC3D14C8079-LeaderElection9] INFO  server.RaftServerConfigKeys (ConfUtils.java:logGet(43)) - raft.server.staging.catchup.gap = 1000 (default)
2019-10-04 16:47:58,101 [b6546c7d-80eb-4829-96f5-eabd1005523b@group-6CC3D14C8079-LeaderElection9] INFO  server.RaftServerConfigKeys (ConfUtils.java:logGet(43)) - raft.server.rpc.sleep.time = 25ms (default)
2019-10-04 16:47:58,101 [b6546c7d-80eb-4829-96f5-eabd1005523b@group-6CC3D14C8079-LeaderElection9] INFO  server.RaftServerConfigKeys (ConfUtils.java:logGet(43)) - raft.server.write.element-limit = 4096 (default)
2019-10-04 16:47:58,102 [b6546c7d-80eb-4829-96f5-eabd1005523b@group-6CC3D14C8079-LeaderElection9] INFO  server.RaftServerConfigKeys (ConfUtils.java:logGet(43)) - raft.server.watch.timeout = 10s (default)
2019-10-04 16:47:58,102 [b6546c7d-80eb-4829-96f5-eabd1005523b@group-6CC3D14C8079-LeaderElection9] INFO  server.RaftServerConfigKeys (ConfUtils.java:logGet(43)) - raft.server.watch.timeout.denomination = 1s (default)
2019-10-04 16:47:58,102 [b6546c7d-80eb-4829-96f5-eabd1005523b@group-6CC3D14C8079-LeaderElection9] INFO  server.RaftServerConfigKeys (ConfUtils.java:logGet(43)) - raft.server.watch.element-limit = 65536 (default)
2019-10-04 16:47:58,134 [1dcfab43-391d-45c5-b294-9417c9104c52@group-88B80A8F6549-SegmentedRaftLogWorker] INFO  segmented.SegmentedRaftLogWorker (SegmentedRaftLogWorker.java:execute(574)) - 1dcfab43-391d-45c5-b294-9417c9104c52@group-88B80A8F6549-SegmentedRaftLogWorker: created new log segment /workdir/hadoop-ozone/integration-test/target/test-dir/MiniOzoneClusterImpl-a6663ea6-7428-4603-a828-442114a87559/datanode-3/data/ratis/faa62bf2-048b-459f-a05e-88b80a8f6549/current/log_inprogress_0
2019-10-04 16:47:58,138 [b6546c7d-80eb-4829-96f5-eabd1005523b@group-6CC3D14C8079-LeaderElection9] INFO  server.RaftServerConfigKeys (ConfUtils.java:logGet(43)) - raft.server.log.appender.snapshot.chunk.size.max = 16MB (=16777216) (default)
2019-10-04 16:47:58,138 [b6546c7d-80eb-4829-96f5-eabd1005523b@group-6CC3D14C8079-LeaderElection9] INFO  server.RaftServerConfigKeys (ConfUtils.java:logGet(43)) - raft.server.log.appender.buffer.byte-limit = 33554432 (custom)
2019-10-04 16:47:58,138 [b6546c7d-80eb-4829-96f5-eabd1005523b@group-6CC3D14C8079-LeaderElection9] INFO  server.RaftServerConfigKeys (ConfUtils.java:logGet(43)) - raft.server.log.appender.buffer.element-limit = 1 (custom)
2019-10-04 16:47:58,140 [b6546c7d-80eb-4829-96f5-eabd1005523b@group-6CC3D14C8079-LeaderElection9] INFO  grpc.GrpcConfigKeys$Server (ConfUtils.java:logGet(43)) - raft.grpc.server.leader.outstanding.appends.max = 128 (default)
2019-10-04 16:47:58,142 [b6546c7d-80eb-4829-96f5-eabd1005523b@group-6CC3D14C8079-LeaderElection9] INFO  server.RaftServerConfigKeys (ConfUtils.java:logGet(43)) - raft.server.rpc.request.timeout = 3000ms (default)
2019-10-04 16:47:58,142 [b6546c7d-80eb-4829-96f5-eabd1005523b@group-6CC3D14C8079-LeaderElection9] INFO  server.RaftServerConfigKeys (ConfUtils.java:logGet(43)) - raft.server.log.appender.install.snapshot.enabled = false (custom)
2019-10-04 16:47:58,143 [b6546c7d-80eb-4829-96f5-eabd1005523b@group-6CC3D14C8079-LeaderElection9] INFO  server.RaftServerConfigKeys (ConfUtils.java:logGet(43)) - raft.server.log.appender.snapshot.chunk.size.max = 16MB (=16777216) (default)
2019-10-04 16:47:58,143 [b6546c7d-80eb-4829-96f5-eabd1005523b@group-6CC3D14C8079-LeaderElection9] INFO  server.RaftServerConfigKeys (ConfUtils.java:logGet(43)) - raft.server.log.appender.buffer.byte-limit = 33554432 (custom)
2019-10-04 16:47:58,143 [b6546c7d-80eb-4829-96f5-eabd1005523b@group-6CC3D14C8079-LeaderElection9] INFO  server.RaftServerConfigKeys (ConfUtils.java:logGet(43)) - raft.server.log.appender.buffer.element-limit = 1 (custom)
2019-10-04 16:47:58,143 [b6546c7d-80eb-4829-96f5-eabd1005523b@group-6CC3D14C8079-LeaderElection9] INFO  grpc.GrpcConfigKeys$Server (ConfUtils.java:logGet(43)) - raft.grpc.server.leader.outstanding.appends.max = 128 (default)
2019-10-04 16:47:58,143 [b6546c7d-80eb-4829-96f5-eabd1005523b@group-6CC3D14C8079-LeaderElection9] INFO  server.RaftServerConfigKeys (ConfUtils.java:logGet(43)) - raft.server.rpc.request.timeout = 3000ms (default)
2019-10-04 16:47:58,144 [b6546c7d-80eb-4829-96f5-eabd1005523b@group-6CC3D14C8079-LeaderElection9] INFO  server.RaftServerConfigKeys (ConfUtils.java:logGet(43)) - raft.server.log.appender.install.snapshot.enabled = false (custom)
2019-10-04 16:47:58,144 [b6546c7d-80eb-4829-96f5-eabd1005523b@group-6CC3D14C8079-LeaderElection9] INFO  impl.RoleInfo (RoleInfo.java:updateAndGet(143)) - b6546c7d-80eb-4829-96f5-eabd1005523b: start LeaderState
2019-10-04 16:47:58,144 [b6546c7d-80eb-4829-96f5-eabd1005523b@group-6CC3D14C8079-LeaderElection9] INFO  segmented.SegmentedRaftLogWorker (SegmentedRaftLogWorker.java:startLogSegment(385)) - b6546c7d-80eb-4829-96f5-eabd1005523b@group-6CC3D14C8079-SegmentedRaftLogWorker: Starting segment from index:0
2019-10-04 16:47:58,145 [b6546c7d-80eb-4829-96f5-eabd1005523b@group-6CC3D14C8079-LeaderElection9] INFO  impl.RaftServerImpl (ServerState.java:setRaftConf(356)) - b6546c7d-80eb-4829-96f5-eabd1005523b@group-6CC3D14C8079: set configuration 0: [2241fb42-f8f0-4490-bd75-7cbb5c089b22:192.168.5.153:45809, 5ae9cecc-3e88-4e48-9094-a35479a26cbd:192.168.5.153:45355, b6546c7d-80eb-4829-96f5-eabd1005523b:192.168.5.153:36469], old=null at 0
2019-10-04 16:47:58,145 [grpc-default-executor-2] INFO  impl.RaftServerImpl (RaftServerImpl.java:requestVote(754)) - b6546c7d-80eb-4829-96f5-eabd1005523b@group-6CC3D14C8079-   LEADER: Withhold vote from candidate 2241fb42-f8f0-4490-bd75-7cbb5c089b22 with term 1. State: leader=b6546c7d-80eb-4829-96f5-eabd1005523b, term=1, lastRpcElapsed=null
2019-10-04 16:47:58,182 [1a98ba17-ee97-4387-8a47-ae43e92b9c47@group-88B80A8F6549-SegmentedRaftLogWorker] INFO  segmented.SegmentedRaftLogWorker (SegmentedRaftLogWorker.java:execute(574)) - 1a98ba17-ee97-4387-8a47-ae43e92b9c47@group-88B80A8F6549-SegmentedRaftLogWorker: created new log segment /workdir/hadoop-ozone/integration-test/target/test-dir/MiniOzoneClusterImpl-a6663ea6-7428-4603-a828-442114a87559/datanode-4/data/ratis/faa62bf2-048b-459f-a05e-88b80a8f6549/current/log_inprogress_0
2019-10-04 16:47:58,190 [2241fb42-f8f0-4490-bd75-7cbb5c089b22@group-6CC3D14C8079-LeaderElection10] INFO  impl.LeaderElection (LeaderElection.java:logAndReturn(56)) - 2241fb42-f8f0-4490-bd75-7cbb5c089b22@group-6CC3D14C8079-LeaderElection10: Election REJECTED; received 2 response(s) [2241fb42-f8f0-4490-bd75-7cbb5c089b22<-5ae9cecc-3e88-4e48-9094-a35479a26cbd#0:FAIL-t1, 2241fb42-f8f0-4490-bd75-7cbb5c089b22<-b6546c7d-80eb-4829-96f5-eabd1005523b#0:FAIL-t1] and 0 exception(s); 2241fb42-f8f0-4490-bd75-7cbb5c089b22@group-6CC3D14C8079:t1, leader=null, voted=2241fb42-f8f0-4490-bd75-7cbb5c089b22, raftlog=2241fb42-f8f0-4490-bd75-7cbb5c089b22@group-6CC3D14C8079-SegmentedRaftLog:OPENED:c-1,f-1,i0, conf=-1: [2241fb42-f8f0-4490-bd75-7cbb5c089b22:192.168.5.153:45809, 5ae9cecc-3e88-4e48-9094-a35479a26cbd:192.168.5.153:45355, b6546c7d-80eb-4829-96f5-eabd1005523b:192.168.5.153:36469], old=null
2019-10-04 16:47:58,190 [grpc-default-executor-2] INFO  impl.RaftServerImpl (ServerState.java:setLeader(255)) - 5ae9cecc-3e88-4e48-9094-a35479a26cbd@group-6CC3D14C8079: change Leader from null to b6546c7d-80eb-4829-96f5-eabd1005523b at term 1 for appendEntries, leader elected after 5257ms
2019-10-04 16:47:58,190 [2241fb42-f8f0-4490-bd75-7cbb5c089b22@group-6CC3D14C8079-LeaderElection10] INFO  impl.RaftServerImpl (RaftServerImpl.java:setRole(170)) - 2241fb42-f8f0-4490-bd75-7cbb5c089b22@group-6CC3D14C8079: changes role from CANDIDATE to FOLLOWER at term 1 for DISCOVERED_A_NEW_TERM
2019-10-04 16:47:58,194 [2241fb42-f8f0-4490-bd75-7cbb5c089b22@group-6CC3D14C8079-LeaderElection10] INFO  impl.RoleInfo (RoleInfo.java:shutdownLeaderElection(134)) - 2241fb42-f8f0-4490-bd75-7cbb5c089b22: shutdown LeaderElection
2019-10-04 16:47:58,195 [2241fb42-f8f0-4490-bd75-7cbb5c089b22@group-6CC3D14C8079-LeaderElection10] INFO  impl.RoleInfo (RoleInfo.java:updateAndGet(143)) - 2241fb42-f8f0-4490-bd75-7cbb5c089b22: start FollowerState
2019-10-04 16:47:58,195 [b6546c7d-80eb-4829-96f5-eabd1005523b@group-6CC3D14C8079-SegmentedRaftLogWorker] INFO  segmented.SegmentedRaftLogWorker (SegmentedRaftLogWorker.java:execute(574)) - b6546c7d-80eb-4829-96f5-eabd1005523b@group-6CC3D14C8079-SegmentedRaftLogWorker: created new log segment /workdir/hadoop-ozone/integration-test/target/test-dir/MiniOzoneClusterImpl-a6663ea6-7428-4603-a828-442114a87559/datanode-2/data/ratis/e21c5eb0-9092-4f35-8eac-6cc3d14c8079/current/log_inprogress_0
2019-10-04 16:47:58,195 [grpc-default-executor-0] INFO  impl.RaftServerImpl (ServerState.java:setLeader(255)) - 2241fb42-f8f0-4490-bd75-7cbb5c089b22@group-6CC3D14C8079: change Leader from null to b6546c7d-80eb-4829-96f5-eabd1005523b at term 1 for appendEntries, leader elected after 5261ms
2019-10-04 16:47:58,207 [grpc-default-executor-2] INFO  impl.RaftServerImpl (ServerState.java:setRaftConf(356)) - 5ae9cecc-3e88-4e48-9094-a35479a26cbd@group-6CC3D14C8079: set configuration 0: [2241fb42-f8f0-4490-bd75-7cbb5c089b22:192.168.5.153:45809, 5ae9cecc-3e88-4e48-9094-a35479a26cbd:192.168.5.153:45355, b6546c7d-80eb-4829-96f5-eabd1005523b:192.168.5.153:36469], old=null at 0
2019-10-04 16:47:58,208 [grpc-default-executor-2] INFO  segmented.SegmentedRaftLogWorker (SegmentedRaftLogWorker.java:startLogSegment(385)) - 5ae9cecc-3e88-4e48-9094-a35479a26cbd@group-6CC3D14C8079-SegmentedRaftLogWorker: Starting segment from index:0
2019-10-04 16:47:58,209 [grpc-default-executor-2] INFO  impl.RaftServerImpl (ServerState.java:setRaftConf(356)) - 2241fb42-f8f0-4490-bd75-7cbb5c089b22@group-6CC3D14C8079: set configuration 0: [2241fb42-f8f0-4490-bd75-7cbb5c089b22:192.168.5.153:45809, 5ae9cecc-3e88-4e48-9094-a35479a26cbd:192.168.5.153:45355, b6546c7d-80eb-4829-96f5-eabd1005523b:192.168.5.153:36469], old=null at 0
2019-10-04 16:47:58,209 [grpc-default-executor-2] INFO  segmented.SegmentedRaftLogWorker (SegmentedRaftLogWorker.java:startLogSegment(385)) - 2241fb42-f8f0-4490-bd75-7cbb5c089b22@group-6CC3D14C8079-SegmentedRaftLogWorker: Starting segment from index:0
2019-10-04 16:47:58,259 [2241fb42-f8f0-4490-bd75-7cbb5c089b22@group-6CC3D14C8079-SegmentedRaftLogWorker] INFO  segmented.SegmentedRaftLogWorker (SegmentedRaftLogWorker.java:execute(574)) - 2241fb42-f8f0-4490-bd75-7cbb5c089b22@group-6CC3D14C8079-SegmentedRaftLogWorker: created new log segment /workdir/hadoop-ozone/integration-test/target/test-dir/MiniOzoneClusterImpl-a6663ea6-7428-4603-a828-442114a87559/datanode-6/data/ratis/e21c5eb0-9092-4f35-8eac-6cc3d14c8079/current/log_inprogress_0
2019-10-04 16:47:58,260 [5ae9cecc-3e88-4e48-9094-a35479a26cbd@group-6CC3D14C8079-SegmentedRaftLogWorker] INFO  segmented.SegmentedRaftLogWorker (SegmentedRaftLogWorker.java:execute(574)) - 5ae9cecc-3e88-4e48-9094-a35479a26cbd@group-6CC3D14C8079-SegmentedRaftLogWorker: created new log segment /workdir/hadoop-ozone/integration-test/target/test-dir/MiniOzoneClusterImpl-a6663ea6-7428-4603-a828-442114a87559/datanode-1/data/ratis/e21c5eb0-9092-4f35-8eac-6cc3d14c8079/current/log_inprogress_0
2019-10-04 16:47:59,498 [Datanode State Machine Thread - 0] INFO  statemachine.DatanodeStateMachine (DatanodeStateMachine.java:lambda$startDaemon$0(350)) - Ozone container server started.
2019-10-04 16:48:03,553 [main] INFO  ozoneimpl.OzoneContainer (OzoneContainer.java:stop(231)) - Attempting to stop container services.
2019-10-04 16:48:03,554 [main] INFO  impl.RaftServerProxy (RaftServerProxy.java:lambda$close$4(314)) - 56251a7d-5ee5-41f8-a90e-1231f73e3ff7: close
2019-10-04 16:48:03,557 [main] INFO  impl.RaftServerImpl (RaftServerImpl.java:lambda$shutdown$3(247)) - 56251a7d-5ee5-41f8-a90e-1231f73e3ff7@group-88B80A8F6549: shutdown
2019-10-04 16:48:03,557 [ForkJoinPool.commonPool-worker-0] INFO  impl.RaftServerImpl (RaftServerImpl.java:lambda$shutdown$3(247)) - 56251a7d-5ee5-41f8-a90e-1231f73e3ff7@group-1360ED5FB010: shutdown
2019-10-04 16:48:03,557 [main] INFO  util.JmxRegister (JmxRegister.java:unregister(73)) - Successfully un-registered JMX Bean with object name Ratis:service=RaftServer,group=group-88B80A8F6549,id=56251a7d-5ee5-41f8-a90e-1231f73e3ff7
2019-10-04 16:48:03,558 [ForkJoinPool.commonPool-worker-0] INFO  util.JmxRegister (JmxRegister.java:unregister(73)) - Successfully un-registered JMX Bean with object name Ratis:service=RaftServer,group=group-1360ED5FB010,id=56251a7d-5ee5-41f8-a90e-1231f73e3ff7
2019-10-04 16:48:03,558 [main] INFO  impl.RoleInfo (RoleInfo.java:shutdownLeaderState(104)) - 56251a7d-5ee5-41f8-a90e-1231f73e3ff7: shutdown LeaderState
2019-10-04 16:48:03,558 [ForkJoinPool.commonPool-worker-0] INFO  impl.RoleInfo (RoleInfo.java:shutdownLeaderState(104)) - 56251a7d-5ee5-41f8-a90e-1231f73e3ff7: shutdown LeaderState
2019-10-04 16:48:03,563 [main] INFO  impl.PendingRequests (PendingRequests.java:sendNotLeaderResponses(202)) - 56251a7d-5ee5-41f8-a90e-1231f73e3ff7@group-88B80A8F6549-PendingRequests: sendNotLeaderResponses
2019-10-04 16:48:03,563 [org.apache.ratis.server.impl.LogAppender$AppenderDaemon$$Lambda$490/1851264673@34fe8215] WARN  server.GrpcLogAppender (GrpcLogAppender.java:mayWait(143)) - 56251a7d-5ee5-41f8-a90e-1231f73e3ff7@group-88B80A8F6549->1dcfab43-391d-45c5-b294-9417c9104c52-GrpcLogAppender: Wait interrupted by java.lang.InterruptedException
2019-10-04 16:48:03,563 [org.apache.ratis.server.impl.LogAppender$AppenderDaemon$$Lambda$490/1851264673@116b757b] WARN  server.GrpcLogAppender (GrpcLogAppender.java:mayWait(143)) - 56251a7d-5ee5-41f8-a90e-1231f73e3ff7@group-88B80A8F6549->1a98ba17-ee97-4387-8a47-ae43e92b9c47-GrpcLogAppender: Wait interrupted by java.lang.InterruptedException
2019-10-04 16:48:03,563 [ForkJoinPool.commonPool-worker-0] INFO  impl.PendingRequests (PendingRequests.java:sendNotLeaderResponses(202)) - 56251a7d-5ee5-41f8-a90e-1231f73e3ff7@group-1360ED5FB010-PendingRequests: sendNotLeaderResponses
2019-10-04 16:48:03,573 [ForkJoinPool.commonPool-worker-0] INFO  impl.StateMachineUpdater (StateMachineUpdater.java:stopAndJoin(136)) - 56251a7d-5ee5-41f8-a90e-1231f73e3ff7@group-1360ED5FB010-StateMachineUpdater: set stopIndex = 0
2019-10-04 16:48:03,574 [main] INFO  impl.StateMachineUpdater (StateMachineUpdater.java:stopAndJoin(136)) - 56251a7d-5ee5-41f8-a90e-1231f73e3ff7@group-88B80A8F6549-StateMachineUpdater: set stopIndex = 2
2019-10-04 16:48:03,575 [56251a7d-5ee5-41f8-a90e-1231f73e3ff7@group-88B80A8F6549-StateMachineUpdater] INFO  ratis.ContainerStateMachine (ContainerStateMachine.java:takeSnapshot(293)) - group-88B80A8F6549: Taking a snapshot at:(t:1, i:2) file /workdir/hadoop-ozone/integration-test/target/test-dir/MiniOzoneClusterImpl-a6663ea6-7428-4603-a828-442114a87559/datanode-0/data/ratis/faa62bf2-048b-459f-a05e-88b80a8f6549/sm/snapshot.1_2
2019-10-04 16:48:03,576 [grpc-default-executor-2] INFO  server.GrpcServerProtocolService (GrpcServerProtocolService.java:onCompleted(113)) - 1dcfab43-391d-45c5-b294-9417c9104c52: Completed APPEND_ENTRIES, lastRequest: 56251a7d-5ee5-41f8-a90e-1231f73e3ff7->1dcfab43-391d-45c5-b294-9417c9104c52#5-t1, previous=(t:1, i:2), leaderCommit=2, initializing? false, entries: <empty>
2019-10-04 16:48:03,577 [ForkJoinPool.commonPool-worker-0] INFO  impl.RaftServerImpl (ServerState.java:close(387)) - 56251a7d-5ee5-41f8-a90e-1231f73e3ff7@group-1360ED5FB010: closes. applyIndex: 0
2019-10-04 16:48:03,576 [grpc-default-executor-0] INFO  server.GrpcServerProtocolService (GrpcServerProtocolService.java:onCompleted(113)) - 1a98ba17-ee97-4387-8a47-ae43e92b9c47: Completed APPEND_ENTRIES, lastRequest: 56251a7d-5ee5-41f8-a90e-1231f73e3ff7->1a98ba17-ee97-4387-8a47-ae43e92b9c47#5-t1, previous=(t:1, i:2), leaderCommit=2, initializing? false, entries: <empty>
2019-10-04 16:48:03,580 [grpc-default-executor-2] INFO  server.GrpcLogAppender (GrpcLogAppender.java:onCompleted(293)) - 56251a7d-5ee5-41f8-a90e-1231f73e3ff7@group-88B80A8F6549->1a98ba17-ee97-4387-8a47-ae43e92b9c47-AppendLogResponseHandler: follower responses appendEntries COMPLETED
2019-10-04 16:48:03,582 [grpc-default-executor-0] INFO  server.GrpcLogAppender (GrpcLogAppender.java:onCompleted(293)) - 56251a7d-5ee5-41f8-a90e-1231f73e3ff7@group-88B80A8F6549->1dcfab43-391d-45c5-b294-9417c9104c52-AppendLogResponseHandler: follower responses appendEntries COMPLETED
2019-10-04 16:48:03,584 [56251a7d-5ee5-41f8-a90e-1231f73e3ff7@group-1360ED5FB010-SegmentedRaftLogWorker] INFO  segmented.SegmentedRaftLogWorker (SegmentedRaftLogWorker.java:run(316)) - 56251a7d-5ee5-41f8-a90e-1231f73e3ff7@group-1360ED5FB010-SegmentedRaftLogWorker was interrupted, exiting. There are 0 tasks remaining in the queue.
2019-10-04 16:48:03,587 [ForkJoinPool.commonPool-worker-0] INFO  segmented.SegmentedRaftLogWorker (SegmentedRaftLogWorker.java:close(224)) - 56251a7d-5ee5-41f8-a90e-1231f73e3ff7@group-1360ED5FB010-SegmentedRaftLogWorker close()
2019-10-04 16:48:03,590 [grpc-default-executor-2] INFO  impl.FollowerInfo (FollowerInfo.java:lambda$new$0(51)) - 56251a7d-5ee5-41f8-a90e-1231f73e3ff7@group-88B80A8F6549->1a98ba17-ee97-4387-8a47-ae43e92b9c47: nextIndex: updateUnconditionally 3 -> 2
2019-10-04 16:48:03,590 [grpc-default-executor-0] INFO  impl.FollowerInfo (FollowerInfo.java:lambda$new$0(51)) - 56251a7d-5ee5-41f8-a90e-1231f73e3ff7@group-88B80A8F6549->1dcfab43-391d-45c5-b294-9417c9104c52: nextIndex: updateUnconditionally 3 -> 2
2019-10-04 16:48:03,712 [56251a7d-5ee5-41f8-a90e-1231f73e3ff7@group-88B80A8F6549-StateMachineUpdater] INFO  ratis.ContainerStateMachine (ContainerStateMachine.java:takeSnapshot(304)) - group-88B80A8F6549: Finished taking a snapshot at:(t:1, i:2) file:/workdir/hadoop-ozone/integration-test/target/test-dir/MiniOzoneClusterImpl-a6663ea6-7428-4603-a828-442114a87559/datanode-0/data/ratis/faa62bf2-048b-459f-a05e-88b80a8f6549/sm/snapshot.1_2 time:137
2019-10-04 16:48:03,713 [56251a7d-5ee5-41f8-a90e-1231f73e3ff7@group-88B80A8F6549-StateMachineUpdater] INFO  impl.StateMachineUpdater (StateMachineUpdater.java:takeSnapshot(269)) - 56251a7d-5ee5-41f8-a90e-1231f73e3ff7@group-88B80A8F6549-StateMachineUpdater: Took a snapshot at index 2
2019-10-04 16:48:03,714 [56251a7d-5ee5-41f8-a90e-1231f73e3ff7@group-88B80A8F6549-StateMachineUpdater] INFO  impl.StateMachineUpdater (StateMachineUpdater.java:lambda$new$0(84)) - 56251a7d-5ee5-41f8-a90e-1231f73e3ff7@group-88B80A8F6549-StateMachineUpdater: snapshotIndex: updateIncreasingly -1 -> 2
2019-10-04 16:48:03,721 [main] INFO  impl.RaftServerImpl (ServerState.java:close(387)) - 56251a7d-5ee5-41f8-a90e-1231f73e3ff7@group-88B80A8F6549: closes. applyIndex: 2
2019-10-04 16:48:03,722 [56251a7d-5ee5-41f8-a90e-1231f73e3ff7@group-88B80A8F6549-SegmentedRaftLogWorker] INFO  segmented.SegmentedRaftLogWorker (SegmentedRaftLogWorker.java:run(316)) - 56251a7d-5ee5-41f8-a90e-1231f73e3ff7@group-88B80A8F6549-SegmentedRaftLogWorker was interrupted, exiting. There are 0 tasks remaining in the queue.
2019-10-04 16:48:03,726 [main] INFO  segmented.SegmentedRaftLogWorker (SegmentedRaftLogWorker.java:close(224)) - 56251a7d-5ee5-41f8-a90e-1231f73e3ff7@group-88B80A8F6549-SegmentedRaftLogWorker close()
2019-10-04 16:48:03,730 [main] INFO  server.GrpcService (GrpcService.java:closeImpl(164)) - 56251a7d-5ee5-41f8-a90e-1231f73e3ff7: shutdown server with port 46734 now
2019-10-04 16:48:03,733 [main] INFO  server.GrpcService (GrpcService.java:closeImpl(172)) - 56251a7d-5ee5-41f8-a90e-1231f73e3ff7: shutdown server with port 46734 successfully
2019-10-04 16:48:03,736 [refreshUsed-/workdir/hadoop-ozone/integration-test/target/test-dir/MiniOzoneClusterImpl-a6663ea6-7428-4603-a828-442114a87559/datanode-0/data/containers] WARN  fs.CachingGetSpaceUsed (CachingGetSpaceUsed.java:run(183)) - Thread Interrupted waiting to refresh disk information: sleep interrupted
2019-10-04 16:48:03,754 [main] INFO  utils.BackgroundService (BackgroundService.java:shutdown(148)) - Shutting down service BlockDeletingService
2019-10-04 16:48:03,759 [main] INFO  statemachine.DatanodeStateMachine (DatanodeStateMachine.java:stopDaemon(395)) - Ozone container server stopped.
2019-10-04 16:48:03,765 [main] INFO  handler.ContextHandler (ContextHandler.java:doStop(910)) - Stopped o.e.j.w.WebAppContext@68a4dcc6{/,null,UNAVAILABLE}{/hddsDatanode}
2019-10-04 16:48:03,770 [main] INFO  server.AbstractConnector (AbstractConnector.java:doStop(318)) - Stopped ServerConnector@646c0a67{HTTP/1.1,[http/1.1]}{0.0.0.0:0}
2019-10-04 16:48:03,770 [main] INFO  handler.ContextHandler (ContextHandler.java:doStop(910)) - Stopped o.e.j.s.ServletContextHandler@70228253{/static,jar:file:/home/user/.m2/repository/org/apache/hadoop/hadoop-hdds-container-service/0.5.0-SNAPSHOT/hadoop-hdds-container-service-0.5.0-SNAPSHOT.jar!/webapps/static,UNAVAILABLE}
2019-10-04 16:48:03,771 [main] INFO  handler.ContextHandler (ContextHandler.java:doStop(910)) - Stopped o.e.j.s.ServletContextHandler@9596ce8{/logs,file:///workdir/hadoop-ozone/integration-test/target/log,UNAVAILABLE}
2019-10-04 16:48:13,003 [Thread-308] INFO  impl.FollowerState (FollowerState.java:run(108)) - 1a98ba17-ee97-4387-8a47-ae43e92b9c47@group-88B80A8F6549-FollowerState: change to CANDIDATE, lastRpcTime:9676ms, electionTimeout:5020ms
2019-10-04 16:48:13,004 [Thread-308] INFO  impl.RoleInfo (RoleInfo.java:shutdownFollowerState(121)) - 1a98ba17-ee97-4387-8a47-ae43e92b9c47: shutdown FollowerState
2019-10-04 16:48:13,004 [Thread-308] INFO  impl.RaftServerImpl (RaftServerImpl.java:setRole(170)) - 1a98ba17-ee97-4387-8a47-ae43e92b9c47@group-88B80A8F6549: changes role from  FOLLOWER to CANDIDATE at term 1 for changeToCandidate
2019-10-04 16:48:13,005 [Thread-308] INFO  impl.RoleInfo (RoleInfo.java:updateAndGet(143)) - 1a98ba17-ee97-4387-8a47-ae43e92b9c47: start LeaderElection
2019-10-04 16:48:13,008 [1a98ba17-ee97-4387-8a47-ae43e92b9c47@group-88B80A8F6549-LeaderElection11] INFO  impl.RaftServerImpl (ServerState.java:setLeader(255)) - 1a98ba17-ee97-4387-8a47-ae43e92b9c47@group-88B80A8F6549: change Leader from 56251a7d-5ee5-41f8-a90e-1231f73e3ff7 to null at term 1 for initElection
2019-10-04 16:48:13,022 [1a98ba17-ee97-4387-8a47-ae43e92b9c47@group-88B80A8F6549-LeaderElection11] INFO  impl.LeaderElection (LeaderElection.java:askForVotes(178)) - 1a98ba17-ee97-4387-8a47-ae43e92b9c47@group-88B80A8F6549-LeaderElection11: begin an election at term 2 for 0: [1dcfab43-391d-45c5-b294-9417c9104c52:192.168.5.153:40954, 56251a7d-5ee5-41f8-a90e-1231f73e3ff7:192.168.5.153:46734, 1a98ba17-ee97-4387-8a47-ae43e92b9c47:192.168.5.153:44781], old=null
2019-10-04 16:48:13,031 [grpc-default-executor-3] INFO  impl.RaftServerImpl (ServerState.java:setLeader(255)) - 1dcfab43-391d-45c5-b294-9417c9104c52@group-88B80A8F6549: change Leader from 56251a7d-5ee5-41f8-a90e-1231f73e3ff7 to null at term 2 for updateCurrentTerm
2019-10-04 16:48:13,031 [grpc-default-executor-3] INFO  impl.RaftServerImpl (RaftServerImpl.java:setRole(170)) - 1dcfab43-391d-45c5-b294-9417c9104c52@group-88B80A8F6549: changes role from  FOLLOWER to FOLLOWER at term 2 for recognizeCandidate:1a98ba17-ee97-4387-8a47-ae43e92b9c47
2019-10-04 16:48:13,032 [grpc-default-executor-3] INFO  impl.RoleInfo (RoleInfo.java:shutdownFollowerState(121)) - 1dcfab43-391d-45c5-b294-9417c9104c52: shutdown FollowerState
2019-10-04 16:48:13,032 [grpc-default-executor-3] INFO  impl.RoleInfo (RoleInfo.java:updateAndGet(143)) - 1dcfab43-391d-45c5-b294-9417c9104c52: start FollowerState
2019-10-04 16:48:13,032 [Thread-309] INFO  impl.FollowerState (FollowerState.java:run(117)) - 1dcfab43-391d-45c5-b294-9417c9104c52@group-88B80A8F6549-FollowerState was interrupted: java.lang.InterruptedException: sleep interrupted
2019-10-04 16:48:13,037 [1a98ba17-ee97-4387-8a47-ae43e92b9c47@group-88B80A8F6549-LeaderElection11] INFO  impl.LeaderElection (LogUtils.java:infoOrTrace(149)) - 1a98ba17-ee97-4387-8a47-ae43e92b9c47@group-88B80A8F6549-LeaderElection11 got exception when requesting votes: {}
java.util.concurrent.ExecutionException: org.apache.ratis.thirdparty.io.grpc.StatusRuntimeException: UNAVAILABLE: io exception
	at java.util.concurrent.FutureTask.report(FutureTask.java:122)
	at java.util.concurrent.FutureTask.get(FutureTask.java:192)
	at org.apache.ratis.server.impl.LeaderElection.waitForResults(LeaderElection.java:259)
	at org.apache.ratis.server.impl.LeaderElection.askForVotes(LeaderElection.java:197)
	at org.apache.ratis.server.impl.LeaderElection.run(LeaderElection.java:133)
	at java.lang.Thread.run(Thread.java:748)
Caused by: org.apache.ratis.thirdparty.io.grpc.StatusRuntimeException: UNAVAILABLE: io exception
	at org.apache.ratis.thirdparty.io.grpc.stub.ClientCalls.toStatusRuntimeException(ClientCalls.java:233)
	at org.apache.ratis.thirdparty.io.grpc.stub.ClientCalls.getUnchecked(ClientCalls.java:214)
	at org.apache.ratis.thirdparty.io.grpc.stub.ClientCalls.blockingUnaryCall(ClientCalls.java:139)
	at org.apache.ratis.proto.grpc.RaftServerProtocolServiceGrpc$RaftServerProtocolServiceBlockingStub.requestVote(RaftServerProtocolServiceGrpc.java:265)
	at org.apache.ratis.grpc.server.GrpcServerProtocolClient.requestVote(GrpcServerProtocolClient.java:99)
	at org.apache.ratis.grpc.server.GrpcService.requestVote(GrpcService.java:204)
	at org.apache.ratis.server.impl.LeaderElection.lambda$submitRequests$1(LeaderElection.java:234)
	at java.util.concurrent.FutureTask.run(FutureTask.java:266)
	at java.util.concurrent.Executors$RunnableAdapter.call(Executors.java:511)
	at java.util.concurrent.FutureTask.run(FutureTask.java:266)
	at java.util.concurrent.ThreadPoolExecutor.runWorker(ThreadPoolExecutor.java:1149)
	at java.util.concurrent.ThreadPoolExecutor$Worker.run(ThreadPoolExecutor.java:624)
	... 1 more
Caused by: org.apache.ratis.thirdparty.io.netty.channel.AbstractChannel$AnnotatedConnectException: Connection refused: /192.168.5.153:46734
	at sun.nio.ch.SocketChannelImpl.checkConnect(Native Method)
	at sun.nio.ch.SocketChannelImpl.finishConnect(SocketChannelImpl.java:717)
	at org.apache.ratis.thirdparty.io.netty.channel.socket.nio.NioSocketChannel.doFinishConnect(NioSocketChannel.java:327)
	at org.apache.ratis.thirdparty.io.netty.channel.nio.AbstractNioChannel$AbstractNioUnsafe.finishConnect(AbstractNioChannel.java:340)
	at org.apache.ratis.thirdparty.io.netty.channel.nio.NioEventLoop.processSelectedKey(NioEventLoop.java:632)
	at org.apache.ratis.thirdparty.io.netty.channel.nio.NioEventLoop.processSelectedKeysOptimized(NioEventLoop.java:579)
	at org.apache.ratis.thirdparty.io.netty.channel.nio.NioEventLoop.processSelectedKeys(NioEventLoop.java:496)
	at org.apache.ratis.thirdparty.io.netty.channel.nio.NioEventLoop.run(NioEventLoop.java:458)
	at org.apache.ratis.thirdparty.io.netty.util.concurrent.SingleThreadEventExecutor$5.run(SingleThreadEventExecutor.java:897)
	at org.apache.ratis.thirdparty.io.netty.util.concurrent.FastThreadLocalRunnable.run(FastThreadLocalRunnable.java:30)
	... 1 more
Caused by: java.net.ConnectException: Connection refused
	... 11 more
2019-10-04 16:48:13,052 [1a98ba17-ee97-4387-8a47-ae43e92b9c47@group-88B80A8F6549-LeaderElection11] INFO  impl.LeaderElection (LeaderElection.java:logAndReturn(56)) - 1a98ba17-ee97-4387-8a47-ae43e92b9c47@group-88B80A8F6549-LeaderElection11: Election PASSED; received 1 response(s) [1a98ba17-ee97-4387-8a47-ae43e92b9c47<-1dcfab43-391d-45c5-b294-9417c9104c52#0:OK-t2] and 1 exception(s); 1a98ba17-ee97-4387-8a47-ae43e92b9c47@group-88B80A8F6549:t2, leader=null, voted=1a98ba17-ee97-4387-8a47-ae43e92b9c47, raftlog=1a98ba17-ee97-4387-8a47-ae43e92b9c47@group-88B80A8F6549-SegmentedRaftLog:OPENED:c2,f2,i2, conf=0: [1dcfab43-391d-45c5-b294-9417c9104c52:192.168.5.153:40954, 56251a7d-5ee5-41f8-a90e-1231f73e3ff7:192.168.5.153:46734, 1a98ba17-ee97-4387-8a47-ae43e92b9c47:192.168.5.153:44781], old=null
2019-10-04 16:48:13,052 [1a98ba17-ee97-4387-8a47-ae43e92b9c47@group-88B80A8F6549-LeaderElection11] INFO  impl.LeaderElection (LogUtils.java:infoOrTrace(149)) -   Exception 0: {}
java.util.concurrent.ExecutionException: org.apache.ratis.thirdparty.io.grpc.StatusRuntimeException: UNAVAILABLE: io exception
	at java.util.concurrent.FutureTask.report(FutureTask.java:122)
	at java.util.concurrent.FutureTask.get(FutureTask.java:192)
	at org.apache.ratis.server.impl.LeaderElection.waitForResults(LeaderElection.java:259)
	at org.apache.ratis.server.impl.LeaderElection.askForVotes(LeaderElection.java:197)
	at org.apache.ratis.server.impl.LeaderElection.run(LeaderElection.java:133)
	at java.lang.Thread.run(Thread.java:748)
Caused by: org.apache.ratis.thirdparty.io.grpc.StatusRuntimeException: UNAVAILABLE: io exception
	at org.apache.ratis.thirdparty.io.grpc.stub.ClientCalls.toStatusRuntimeException(ClientCalls.java:233)
	at org.apache.ratis.thirdparty.io.grpc.stub.ClientCalls.getUnchecked(ClientCalls.java:214)
	at org.apache.ratis.thirdparty.io.grpc.stub.ClientCalls.blockingUnaryCall(ClientCalls.java:139)
	at org.apache.ratis.proto.grpc.RaftServerProtocolServiceGrpc$RaftServerProtocolServiceBlockingStub.requestVote(RaftServerProtocolServiceGrpc.java:265)
	at org.apache.ratis.grpc.server.GrpcServerProtocolClient.requestVote(GrpcServerProtocolClient.java:99)
	at org.apache.ratis.grpc.server.GrpcService.requestVote(GrpcService.java:204)
	at org.apache.ratis.server.impl.LeaderElection.lambda$submitRequests$1(LeaderElection.java:234)
	at java.util.concurrent.FutureTask.run(FutureTask.java:266)
	at java.util.concurrent.Executors$RunnableAdapter.call(Executors.java:511)
	at java.util.concurrent.FutureTask.run(FutureTask.java:266)
	at java.util.concurrent.ThreadPoolExecutor.runWorker(ThreadPoolExecutor.java:1149)
	at java.util.concurrent.ThreadPoolExecutor$Worker.run(ThreadPoolExecutor.java:624)
	... 1 more
Caused by: org.apache.ratis.thirdparty.io.netty.channel.AbstractChannel$AnnotatedConnectException: Connection refused: /192.168.5.153:46734
	at sun.nio.ch.SocketChannelImpl.checkConnect(Native Method)
	at sun.nio.ch.SocketChannelImpl.finishConnect(SocketChannelImpl.java:717)
	at org.apache.ratis.thirdparty.io.netty.channel.socket.nio.NioSocketChannel.doFinishConnect(NioSocketChannel.java:327)
	at org.apache.ratis.thirdparty.io.netty.channel.nio.AbstractNioChannel$AbstractNioUnsafe.finishConnect(AbstractNioChannel.java:340)
	at org.apache.ratis.thirdparty.io.netty.channel.nio.NioEventLoop.processSelectedKey(NioEventLoop.java:632)
	at org.apache.ratis.thirdparty.io.netty.channel.nio.NioEventLoop.processSelectedKeysOptimized(NioEventLoop.java:579)
	at org.apache.ratis.thirdparty.io.netty.channel.nio.NioEventLoop.processSelectedKeys(NioEventLoop.java:496)
	at org.apache.ratis.thirdparty.io.netty.channel.nio.NioEventLoop.run(NioEventLoop.java:458)
	at org.apache.ratis.thirdparty.io.netty.util.concurrent.SingleThreadEventExecutor$5.run(SingleThreadEventExecutor.java:897)
	at org.apache.ratis.thirdparty.io.netty.util.concurrent.FastThreadLocalRunnable.run(FastThreadLocalRunnable.java:30)
	... 1 more
Caused by: java.net.ConnectException: Connection refused
	... 11 more
2019-10-04 16:48:13,053 [1a98ba17-ee97-4387-8a47-ae43e92b9c47@group-88B80A8F6549-LeaderElection11] INFO  impl.RoleInfo (RoleInfo.java:shutdownLeaderElection(134)) - 1a98ba17-ee97-4387-8a47-ae43e92b9c47: shutdown LeaderElection
2019-10-04 16:48:13,053 [1a98ba17-ee97-4387-8a47-ae43e92b9c47@group-88B80A8F6549-LeaderElection11] INFO  impl.RaftServerImpl (RaftServerImpl.java:setRole(170)) - 1a98ba17-ee97-4387-8a47-ae43e92b9c47@group-88B80A8F6549: changes role from CANDIDATE to LEADER at term 2 for changeToLeader
2019-10-04 16:48:13,053 [1a98ba17-ee97-4387-8a47-ae43e92b9c47@group-88B80A8F6549-LeaderElection11] INFO  impl.RaftServerImpl (ServerState.java:setLeader(255)) - 1a98ba17-ee97-4387-8a47-ae43e92b9c47@group-88B80A8F6549: change Leader from null to 1a98ba17-ee97-4387-8a47-ae43e92b9c47 at term 2 for becomeLeader, leader elected after 44ms
2019-10-04 16:48:13,053 [1a98ba17-ee97-4387-8a47-ae43e92b9c47@group-88B80A8F6549-LeaderElection11] INFO  server.RaftServerConfigKeys (ConfUtils.java:logGet(43)) - raft.server.staging.catchup.gap = 1000 (default)
2019-10-04 16:48:13,053 [1a98ba17-ee97-4387-8a47-ae43e92b9c47@group-88B80A8F6549-LeaderElection11] INFO  server.RaftServerConfigKeys (ConfUtils.java:logGet(43)) - raft.server.rpc.sleep.time = 25ms (default)
2019-10-04 16:48:13,054 [1a98ba17-ee97-4387-8a47-ae43e92b9c47@group-88B80A8F6549-LeaderElection11] INFO  server.RaftServerConfigKeys (ConfUtils.java:logGet(43)) - raft.server.write.element-limit = 4096 (default)
2019-10-04 16:48:13,054 [1a98ba17-ee97-4387-8a47-ae43e92b9c47@group-88B80A8F6549-LeaderElection11] INFO  server.RaftServerConfigKeys (ConfUtils.java:logGet(43)) - raft.server.watch.timeout = 10s (default)
2019-10-04 16:48:13,054 [1a98ba17-ee97-4387-8a47-ae43e92b9c47@group-88B80A8F6549-LeaderElection11] INFO  server.RaftServerConfigKeys (ConfUtils.java:logGet(43)) - raft.server.watch.timeout.denomination = 1s (default)
2019-10-04 16:48:13,054 [1a98ba17-ee97-4387-8a47-ae43e92b9c47@group-88B80A8F6549-LeaderElection11] INFO  server.RaftServerConfigKeys (ConfUtils.java:logGet(43)) - raft.server.watch.element-limit = 65536 (default)
2019-10-04 16:48:13,057 [1a98ba17-ee97-4387-8a47-ae43e92b9c47@group-88B80A8F6549-LeaderElection11] INFO  server.RaftServerConfigKeys (ConfUtils.java:logGet(43)) - raft.server.log.appender.snapshot.chunk.size.max = 16MB (=16777216) (default)
2019-10-04 16:48:13,058 [1a98ba17-ee97-4387-8a47-ae43e92b9c47@group-88B80A8F6549-LeaderElection11] INFO  server.RaftServerConfigKeys (ConfUtils.java:logGet(43)) - raft.server.log.appender.buffer.byte-limit = 33554432 (custom)
2019-10-04 16:48:13,058 [1a98ba17-ee97-4387-8a47-ae43e92b9c47@group-88B80A8F6549-LeaderElection11] INFO  server.RaftServerConfigKeys (ConfUtils.java:logGet(43)) - raft.server.log.appender.buffer.element-limit = 1 (custom)
2019-10-04 16:48:13,058 [1a98ba17-ee97-4387-8a47-ae43e92b9c47@group-88B80A8F6549-LeaderElection11] INFO  grpc.GrpcConfigKeys$Server (ConfUtils.java:logGet(43)) - raft.grpc.server.leader.outstanding.appends.max = 128 (default)
2019-10-04 16:48:13,058 [1a98ba17-ee97-4387-8a47-ae43e92b9c47@group-88B80A8F6549-LeaderElection11] INFO  server.RaftServerConfigKeys (ConfUtils.java:logGet(43)) - raft.server.rpc.request.timeout = 3000ms (default)
2019-10-04 16:48:13,058 [1a98ba17-ee97-4387-8a47-ae43e92b9c47@group-88B80A8F6549-LeaderElection11] INFO  server.RaftServerConfigKeys (ConfUtils.java:logGet(43)) - raft.server.log.appender.install.snapshot.enabled = false (custom)
2019-10-04 16:48:13,059 [1a98ba17-ee97-4387-8a47-ae43e92b9c47@group-88B80A8F6549-LeaderElection11] INFO  server.RaftServerConfigKeys (ConfUtils.java:logGet(43)) - raft.server.log.appender.snapshot.chunk.size.max = 16MB (=16777216) (default)
2019-10-04 16:48:13,059 [1a98ba17-ee97-4387-8a47-ae43e92b9c47@group-88B80A8F6549-LeaderElection11] INFO  server.RaftServerConfigKeys (ConfUtils.java:logGet(43)) - raft.server.log.appender.buffer.byte-limit = 33554432 (custom)
2019-10-04 16:48:13,059 [1a98ba17-ee97-4387-8a47-ae43e92b9c47@group-88B80A8F6549-LeaderElection11] INFO  server.RaftServerConfigKeys (ConfUtils.java:logGet(43)) - raft.server.log.appender.buffer.element-limit = 1 (custom)
2019-10-04 16:48:13,059 [1a98ba17-ee97-4387-8a47-ae43e92b9c47@group-88B80A8F6549-LeaderElection11] INFO  grpc.GrpcConfigKeys$Server (ConfUtils.java:logGet(43)) - raft.grpc.server.leader.outstanding.appends.max = 128 (default)
2019-10-04 16:48:13,059 [1a98ba17-ee97-4387-8a47-ae43e92b9c47@group-88B80A8F6549-LeaderElection11] INFO  server.RaftServerConfigKeys (ConfUtils.java:logGet(43)) - raft.server.rpc.request.timeout = 3000ms (default)
2019-10-04 16:48:13,059 [1a98ba17-ee97-4387-8a47-ae43e92b9c47@group-88B80A8F6549-LeaderElection11] INFO  server.RaftServerConfigKeys (ConfUtils.java:logGet(43)) - raft.server.log.appender.install.snapshot.enabled = false (custom)
2019-10-04 16:48:13,060 [1a98ba17-ee97-4387-8a47-ae43e92b9c47@group-88B80A8F6549-LeaderElection11] INFO  impl.RoleInfo (RoleInfo.java:updateAndGet(143)) - 1a98ba17-ee97-4387-8a47-ae43e92b9c47: start LeaderState
2019-10-04 16:48:13,060 [1a98ba17-ee97-4387-8a47-ae43e92b9c47@group-88B80A8F6549-LeaderElection11] INFO  segmented.SegmentedRaftLogWorker (SegmentedRaftLogWorker.java:rollLogSegment(390)) - 1a98ba17-ee97-4387-8a47-ae43e92b9c47@group-88B80A8F6549-SegmentedRaftLogWorker: Rolling segment log-0_2 to index:2
2019-10-04 16:48:13,063 [1a98ba17-ee97-4387-8a47-ae43e92b9c47@group-88B80A8F6549-LeaderElection11] INFO  impl.RaftServerImpl (ServerState.java:setRaftConf(356)) - 1a98ba17-ee97-4387-8a47-ae43e92b9c47@group-88B80A8F6549: set configuration 3: [1dcfab43-391d-45c5-b294-9417c9104c52:192.168.5.153:40954, 56251a7d-5ee5-41f8-a90e-1231f73e3ff7:192.168.5.153:46734, 1a98ba17-ee97-4387-8a47-ae43e92b9c47:192.168.5.153:44781], old=null at 3
2019-10-04 16:48:13,064 [1a98ba17-ee97-4387-8a47-ae43e92b9c47@group-88B80A8F6549-SegmentedRaftLogWorker] INFO  segmented.SegmentedRaftLogWorker (SegmentedRaftLogWorker.java:execute(531)) - 1a98ba17-ee97-4387-8a47-ae43e92b9c47@group-88B80A8F6549-SegmentedRaftLogWorker: Rolled log segment from /workdir/hadoop-ozone/integration-test/target/test-dir/MiniOzoneClusterImpl-a6663ea6-7428-4603-a828-442114a87559/datanode-4/data/ratis/faa62bf2-048b-459f-a05e-88b80a8f6549/current/log_inprogress_0 to /workdir/hadoop-ozone/integration-test/target/test-dir/MiniOzoneClusterImpl-a6663ea6-7428-4603-a828-442114a87559/datanode-4/data/ratis/faa62bf2-048b-459f-a05e-88b80a8f6549/current/log_0-2
2019-10-04 16:48:13,066 [grpc-default-executor-3] WARN  server.GrpcLogAppender (LogUtils.java:warn(134)) - 1a98ba17-ee97-4387-8a47-ae43e92b9c47@group-88B80A8F6549->56251a7d-5ee5-41f8-a90e-1231f73e3ff7-AppendLogResponseHandler: Failed appendEntries: org.apache.ratis.thirdparty.io.grpc.StatusRuntimeException: UNAVAILABLE: io exception
2019-10-04 16:48:13,069 [grpc-default-executor-3] INFO  impl.FollowerInfo (FollowerInfo.java:lambda$new$0(51)) - 1a98ba17-ee97-4387-8a47-ae43e92b9c47@group-88B80A8F6549->56251a7d-5ee5-41f8-a90e-1231f73e3ff7: nextIndex: updateUnconditionally 3 -> 1
2019-10-04 16:48:13,069 [grpc-default-executor-0] INFO  impl.RaftServerImpl (ServerState.java:setLeader(255)) - 1dcfab43-391d-45c5-b294-9417c9104c52@group-88B80A8F6549: change Leader from null to 1a98ba17-ee97-4387-8a47-ae43e92b9c47 at term 2 for appendEntries, leader elected after 37ms
2019-10-04 16:48:13,112 [grpc-default-executor-0] INFO  impl.RaftServerImpl (ServerState.java:setRaftConf(356)) - 1dcfab43-391d-45c5-b294-9417c9104c52@group-88B80A8F6549: set configuration 3: [1dcfab43-391d-45c5-b294-9417c9104c52:192.168.5.153:40954, 56251a7d-5ee5-41f8-a90e-1231f73e3ff7:192.168.5.153:46734, 1a98ba17-ee97-4387-8a47-ae43e92b9c47:192.168.5.153:44781], old=null at 3
2019-10-04 16:48:13,112 [grpc-default-executor-0] INFO  segmented.SegmentedRaftLogWorker (SegmentedRaftLogWorker.java:rollLogSegment(390)) - 1dcfab43-391d-45c5-b294-9417c9104c52@group-88B80A8F6549-SegmentedRaftLogWorker: Rolling segment log-0_2 to index:2
2019-10-04 16:48:13,113 [1dcfab43-391d-45c5-b294-9417c9104c52@group-88B80A8F6549-SegmentedRaftLogWorker] INFO  segmented.SegmentedRaftLogWorker (SegmentedRaftLogWorker.java:execute(531)) - 1dcfab43-391d-45c5-b294-9417c9104c52@group-88B80A8F6549-SegmentedRaftLogWorker: Rolled log segment from /workdir/hadoop-ozone/integration-test/target/test-dir/MiniOzoneClusterImpl-a6663ea6-7428-4603-a828-442114a87559/datanode-3/data/ratis/faa62bf2-048b-459f-a05e-88b80a8f6549/current/log_inprogress_0 to /workdir/hadoop-ozone/integration-test/target/test-dir/MiniOzoneClusterImpl-a6663ea6-7428-4603-a828-442114a87559/datanode-3/data/ratis/faa62bf2-048b-459f-a05e-88b80a8f6549/current/log_0-2
2019-10-04 16:48:13,132 [1a98ba17-ee97-4387-8a47-ae43e92b9c47@group-88B80A8F6549-SegmentedRaftLogWorker] INFO  segmented.SegmentedRaftLogWorker (SegmentedRaftLogWorker.java:execute(574)) - 1a98ba17-ee97-4387-8a47-ae43e92b9c47@group-88B80A8F6549-SegmentedRaftLogWorker: created new log segment /workdir/hadoop-ozone/integration-test/target/test-dir/MiniOzoneClusterImpl-a6663ea6-7428-4603-a828-442114a87559/datanode-4/data/ratis/faa62bf2-048b-459f-a05e-88b80a8f6549/current/log_inprogress_3
2019-10-04 16:48:13,146 [1dcfab43-391d-45c5-b294-9417c9104c52@group-88B80A8F6549-SegmentedRaftLogWorker] INFO  segmented.SegmentedRaftLogWorker (SegmentedRaftLogWorker.java:execute(574)) - 1dcfab43-391d-45c5-b294-9417c9104c52@group-88B80A8F6549-SegmentedRaftLogWorker: created new log segment /workdir/hadoop-ozone/integration-test/target/test-dir/MiniOzoneClusterImpl-a6663ea6-7428-4603-a828-442114a87559/datanode-3/data/ratis/faa62bf2-048b-459f-a05e-88b80a8f6549/current/log_inprogress_3
2019-10-04 16:48:13,171 [grpc-default-executor-2] WARN  server.GrpcLogAppender (LogUtils.java:warn(134)) - 1a98ba17-ee97-4387-8a47-ae43e92b9c47@group-88B80A8F6549->56251a7d-5ee5-41f8-a90e-1231f73e3ff7-AppendLogResponseHandler: Failed appendEntries: org.apache.ratis.thirdparty.io.grpc.StatusRuntimeException: UNAVAILABLE: io exception
2019-10-04 16:48:13,174 [grpc-default-executor-2] INFO  impl.FollowerInfo (FollowerInfo.java:lambda$new$0(51)) - 1a98ba17-ee97-4387-8a47-ae43e92b9c47@group-88B80A8F6549->56251a7d-5ee5-41f8-a90e-1231f73e3ff7: nextIndex: updateUnconditionally 2 -> 1
2019-10-04 16:48:13,183 [grpc-default-executor-0] WARN  server.GrpcLogAppender (LogUtils.java:warn(134)) - 1a98ba17-ee97-4387-8a47-ae43e92b9c47@group-88B80A8F6549->56251a7d-5ee5-41f8-a90e-1231f73e3ff7-AppendLogResponseHandler: Failed appendEntries: org.apache.ratis.thirdparty.io.grpc.StatusRuntimeException: UNAVAILABLE: io exception
2019-10-04 16:48:13,185 [grpc-default-executor-0] INFO  impl.FollowerInfo (FollowerInfo.java:lambda$new$0(51)) - 1a98ba17-ee97-4387-8a47-ae43e92b9c47@group-88B80A8F6549->56251a7d-5ee5-41f8-a90e-1231f73e3ff7: nextIndex: updateUnconditionally 2 -> 1
]]></system-out>
    <system-err><![CDATA[ERROR StatusLogger No Log4j 2 configuration file found. Using default configuration (logging only errors to the console), or user programmatically provided configurations. Set system property 'log4j2.debug' to show Log4j 2 internal initialization logging. See https://logging.apache.org/log4j/2.x/manual/configuration.html for instructions on how to configure Log4j 2
]]></system-err>
  </testcase>
</testsuite>