<?xml version="1.0" encoding="UTF-8"?>
<testsuite xmlns:xsi="http://www.w3.org/2001/XMLSchema-instance" xsi:noNamespaceSchemaLocation="https://maven.apache.org/surefire/maven-surefire-plugin/xsd/surefire-test-report.xsd" name="org.apache.hadoop.ozone.client.rpc.TestWatchForCommit" time="230.186" tests="5" errors="1" skipped="0" failures="0">
  <properties>
    <property name="awt.toolkit" value="sun.awt.X11.XToolkit"/>
    <property name="file.encoding.pkg" value="sun.io"/>
    <property name="java.specification.version" value="1.8"/>
    <property name="sun.cpu.isalist" value=""/>
    <property name="sun.jnu.encoding" value="UTF-8"/>
    <property name="java.class.path" value="/workdir/hadoop-ozone/integration-test/target/test-classes:/workdir/hadoop-ozone/integration-test/target/classes:/home/user/.m2/repository/org/apache/hadoop/hadoop-ozone-common/0.5.0-SNAPSHOT/hadoop-ozone-common-0.5.0-SNAPSHOT.jar:/home/user/.m2/repository/org/apache/commons/commons-compress/1.4.1/commons-compress-1.4.1.jar:/home/user/.m2/repository/org/tukaani/xz/1.0/xz-1.0.jar:/home/user/.m2/repository/org/apache/hadoop/hadoop-common/3.2.0/hadoop-common-3.2.0.jar:/home/user/.m2/repository/org/apache/hadoop/hadoop-hdfs/3.2.0/hadoop-hdfs-3.2.0.jar:/home/user/.m2/repository/org/apache/hadoop/hadoop-hdfs-client/3.2.0/hadoop-hdfs-client-3.2.0.jar:/home/user/.m2/repository/com/fasterxml/jackson/core/jackson-annotations/2.9.9/jackson-annotations-2.9.9.jar:/home/user/.m2/repository/org/apache/hadoop/hadoop-hdds-common/0.5.0-SNAPSHOT/hadoop-hdds-common-0.5.0-SNAPSHOT.jar:/home/user/.m2/repository/javax/annotation/javax.annotation-api/1.2/javax.annotation-api-1.2.jar:/home/user/.m2/repository/org/apache/ratis/ratis-server/0.5.0-201fc85-SNAPSHOT/ratis-server-0.5.0-201fc85-SNAPSHOT.jar:/home/user/.m2/repository/org/apache/ratis/ratis-thirdparty-misc/0.2.0/ratis-thirdparty-misc-0.2.0.jar:/home/user/.m2/repository/org/apache/ratis/ratis-proto/0.5.0-201fc85-SNAPSHOT/ratis-proto-0.5.0-201fc85-SNAPSHOT.jar:/home/user/.m2/repository/org/apache/ratis/ratis-common/0.5.0-201fc85-SNAPSHOT/ratis-common-0.5.0-201fc85-SNAPSHOT.jar:/home/user/.m2/repository/org/apache/ratis/ratis-client/0.5.0-201fc85-SNAPSHOT/ratis-client-0.5.0-201fc85-SNAPSHOT.jar:/home/user/.m2/repository/org/apache/ratis/ratis-metrics/0.5.0-201fc85-SNAPSHOT/ratis-metrics-0.5.0-201fc85-SNAPSHOT.jar:/home/user/.m2/repository/com/github/joshelser/dropwizard-metrics-hadoop-metrics2-reporter/0.1.2/dropwizard-metrics-hadoop-metrics2-reporter-0.1.2.jar:/home/user/.m2/repository/io/dropwizard/metrics/metrics-jvm/3.2.5/metrics-jvm-3.2.5.jar:/home/user/.m2/repository/io/dropwizard/metrics/metrics-ganglia/3.2.5/metrics-ganglia-3.2.5.jar:/home/user/.m2/repository/info/ganglia/gmetric4j/gmetric4j/1.0.7/gmetric4j-1.0.7.jar:/home/user/.m2/repository/org/apache/ratis/ratis-netty/0.5.0-201fc85-SNAPSHOT/ratis-netty-0.5.0-201fc85-SNAPSHOT.jar:/home/user/.m2/repository/org/apache/ratis/ratis-grpc/0.5.0-201fc85-SNAPSHOT/ratis-grpc-0.5.0-201fc85-SNAPSHOT.jar:/home/user/.m2/repository/org/rocksdb/rocksdbjni/6.0.1/rocksdbjni-6.0.1.jar:/home/user/.m2/repository/org/apache/logging/log4j/log4j-api/2.11.0/log4j-api-2.11.0.jar:/home/user/.m2/repository/org/apache/logging/log4j/log4j-core/2.11.0/log4j-core-2.11.0.jar:/home/user/.m2/repository/com/lmax/disruptor/3.4.2/disruptor-3.4.2.jar:/home/user/.m2/repository/org/apache/commons/commons-pool2/2.6.0/commons-pool2-2.6.0.jar:/home/user/.m2/repository/org/bouncycastle/bcpkix-jdk15on/1.60/bcpkix-jdk15on-1.60.jar:/home/user/.m2/repository/commons-validator/commons-validator/1.6/commons-validator-1.6.jar:/home/user/.m2/repository/commons-digester/commons-digester/1.8.1/commons-digester-1.8.1.jar:/home/user/.m2/repository/io/jaegertracing/jaeger-client/0.34.0/jaeger-client-0.34.0.jar:/home/user/.m2/repository/io/jaegertracing/jaeger-thrift/0.34.0/jaeger-thrift-0.34.0.jar:/home/user/.m2/repository/org/apache/thrift/libthrift/0.12.0/libthrift-0.12.0.jar:/home/user/.m2/repository/com/squareup/okhttp3/okhttp/3.9.0/okhttp-3.9.0.jar:/home/user/.m2/repository/com/squareup/okio/okio/1.13.0/okio-1.13.0.jar:/home/user/.m2/repository/io/jaegertracing/jaeger-core/0.34.0/jaeger-core-0.34.0.jar:/home/user/.m2/repository/io/jaegertracing/jaeger-tracerresolver/0.34.0/jaeger-tracerresolver-0.34.0.jar:/home/user/.m2/repository/io/opentracing/contrib/opentracing-tracerresolver/0.1.5/opentracing-tracerresolver-0.1.5.jar:/home/user/.m2/repository/io/opentracing/opentracing-util/0.31.0/opentracing-util-0.31.0.jar:/home/user/.m2/repository/io/opentracing/opentracing-api/0.31.0/opentracing-api-0.31.0.jar:/home/user/.m2/repository/io/opentracing/opentracing-noop/0.31.0/opentracing-noop-0.31.0.jar:/home/user/.m2/repository/org/apache/hadoop/hadoop-hdds-server-framework/0.5.0-SNAPSHOT/hadoop-hdds-server-framework-0.5.0-SNAPSHOT.jar:/home/user/.m2/repository/org/apache/hadoop/hadoop-hdds-container-service/0.5.0-SNAPSHOT/hadoop-hdds-container-service-0.5.0-SNAPSHOT.jar:/home/user/.m2/repository/org/apache/hadoop/hadoop-hdds-client/0.5.0-SNAPSHOT/hadoop-hdds-client-0.5.0-SNAPSHOT.jar:/home/user/.m2/repository/org/apache/hadoop/hadoop-hdds-tools/0.5.0-SNAPSHOT/hadoop-hdds-tools-0.5.0-SNAPSHOT.jar:/home/user/.m2/repository/org/apache/hadoop/hadoop-hdds-server-scm/0.5.0-SNAPSHOT/hadoop-hdds-server-scm-0.5.0-SNAPSHOT.jar:/home/user/.m2/repository/org/apache/hadoop/hadoop-hdds-docs/0.5.0-SNAPSHOT/hadoop-hdds-docs-0.5.0-SNAPSHOT.jar:/home/user/.m2/repository/io/dropwizard/metrics/metrics-core/3.2.4/metrics-core-3.2.4.jar:/home/user/.m2/repository/org/hamcrest/hamcrest-all/1.3/hamcrest-all-1.3.jar:/home/user/.m2/repository/org/bouncycastle/bcprov-jdk15on/1.60/bcprov-jdk15on-1.60.jar:/home/user/.m2/repository/info/picocli/picocli/3.9.6/picocli-3.9.6.jar:/home/user/.m2/repository/com/google/protobuf/protobuf-java/2.5.0/protobuf-java-2.5.0.jar:/home/user/.m2/repository/com/google/guava/guava/11.0.2/guava-11.0.2.jar:/home/user/.m2/repository/org/apache/hadoop/hadoop-ozone-ozone-manager/0.5.0-SNAPSHOT/hadoop-ozone-ozone-manager-0.5.0-SNAPSHOT.jar:/home/user/.m2/repository/org/apache/hadoop/hadoop-minikdc/3.2.0/hadoop-minikdc-3.2.0.jar:/home/user/.m2/repository/commons-io/commons-io/2.5/commons-io-2.5.jar:/home/user/.m2/repository/org/apache/kerby/kerb-simplekdc/1.0.1/kerb-simplekdc-1.0.1.jar:/home/user/.m2/repository/org/apache/kerby/kerb-client/1.0.1/kerb-client-1.0.1.jar:/home/user/.m2/repository/org/apache/kerby/kerby-config/1.0.1/kerby-config-1.0.1.jar:/home/user/.m2/repository/org/apache/kerby/kerb-core/1.0.1/kerb-core-1.0.1.jar:/home/user/.m2/repository/org/apache/kerby/kerby-pkix/1.0.1/kerby-pkix-1.0.1.jar:/home/user/.m2/repository/org/apache/kerby/kerby-asn1/1.0.1/kerby-asn1-1.0.1.jar:/home/user/.m2/repository/org/apache/kerby/kerby-util/1.0.1/kerby-util-1.0.1.jar:/home/user/.m2/repository/org/apache/kerby/kerb-common/1.0.1/kerb-common-1.0.1.jar:/home/user/.m2/repository/org/apache/kerby/kerb-crypto/1.0.1/kerb-crypto-1.0.1.jar:/home/user/.m2/repository/org/apache/kerby/kerb-util/1.0.1/kerb-util-1.0.1.jar:/home/user/.m2/repository/org/apache/kerby/token-provider/1.0.1/token-provider-1.0.1.jar:/home/user/.m2/repository/org/apache/kerby/kerb-admin/1.0.1/kerb-admin-1.0.1.jar:/home/user/.m2/repository/org/apache/kerby/kerb-server/1.0.1/kerb-server-1.0.1.jar:/home/user/.m2/repository/org/apache/kerby/kerb-identity/1.0.1/kerb-identity-1.0.1.jar:/home/user/.m2/repository/org/apache/kerby/kerby-xdr/1.0.1/kerby-xdr-1.0.1.jar:/home/user/.m2/repository/org/slf4j/slf4j-log4j12/1.7.25/slf4j-log4j12-1.7.25.jar:/home/user/.m2/repository/org/apache/hadoop/hadoop-ozone-s3gateway/0.5.0-SNAPSHOT/hadoop-ozone-s3gateway-0.5.0-SNAPSHOT.jar:/home/user/.m2/repository/org/jboss/weld/servlet/weld-servlet/2.4.7.Final/weld-servlet-2.4.7.Final.jar:/home/user/.m2/repository/org/glassfish/jersey/containers/jersey-container-servlet-core/2.27/jersey-container-servlet-core-2.27.jar:/home/user/.m2/repository/org/glassfish/hk2/external/javax.inject/2.5.0-b42/javax.inject-2.5.0-b42.jar:/home/user/.m2/repository/org/glassfish/jersey/core/jersey-common/2.27/jersey-common-2.27.jar:/home/user/.m2/repository/org/glassfish/hk2/osgi-resource-locator/1.0.1/osgi-resource-locator-1.0.1.jar:/home/user/.m2/repository/javax/ws/rs/javax.ws.rs-api/2.1/javax.ws.rs-api-2.1.jar:/home/user/.m2/repository/org/glassfish/jersey/ext/cdi/jersey-cdi1x/2.27/jersey-cdi1x-2.27.jar:/home/user/.m2/repository/org/glassfish/jersey/inject/jersey-hk2/2.27/jersey-hk2-2.27.jar:/home/user/.m2/repository/org/glassfish/hk2/hk2-locator/2.5.0-b42/hk2-locator-2.5.0-b42.jar:/home/user/.m2/repository/org/javassist/javassist/3.22.0-CR2/javassist-3.22.0-CR2.jar:/home/user/.m2/repository/org/glassfish/hk2/hk2-api/2.5.0/hk2-api-2.5.0.jar:/home/user/.m2/repository/org/glassfish/hk2/external/jakarta.inject/2.5.0/jakarta.inject-2.5.0.jar:/home/user/.m2/repository/org/glassfish/hk2/hk2-utils/2.5.0/hk2-utils-2.5.0.jar:/home/user/.m2/repository/jakarta/annotation/jakarta.annotation-api/1.3.4/jakarta.annotation-api-1.3.4.jar:/home/user/.m2/repository/org/glassfish/hk2/external/aopalliance-repackaged/2.5.0/aopalliance-repackaged-2.5.0.jar:/home/user/.m2/repository/com/fasterxml/jackson/dataformat/jackson-dataformat-xml/2.9.0/jackson-dataformat-xml-2.9.0.jar:/home/user/.m2/repository/com/fasterxml/jackson/core/jackson-core/2.9.9/jackson-core-2.9.9.jar:/home/user/.m2/repository/com/fasterxml/jackson/module/jackson-module-jaxb-annotations/2.9.9/jackson-module-jaxb-annotations-2.9.9.jar:/home/user/.m2/repository/javax/enterprise/cdi-api/1.2/cdi-api-1.2.jar:/home/user/.m2/repository/javax/el/javax.el-api/3.0.0/javax.el-api-3.0.0.jar:/home/user/.m2/repository/javax/interceptor/javax.interceptor-api/1.2/javax.interceptor-api-1.2.jar:/home/user/.m2/repository/javax/inject/javax.inject/1/javax.inject-1.jar:/home/user/.m2/repository/com/sun/xml/bind/jaxb-impl/2.3.0.1/jaxb-impl-2.3.0.1.jar:/home/user/.m2/repository/com/sun/xml/bind/jaxb-core/2.3.0.1/jaxb-core-2.3.0.1.jar:/home/user/.m2/repository/javax/xml/bind/jaxb-api/2.3.0/jaxb-api-2.3.0.jar:/home/user/.m2/repository/javax/activation/activation/1.1.1/activation-1.1.1.jar:/home/user/.m2/repository/org/apache/hadoop/hadoop-ozone-csi/0.5.0-SNAPSHOT/hadoop-ozone-csi-0.5.0-SNAPSHOT.jar:/home/user/.m2/repository/com/google/protobuf/protobuf-java-util/3.5.1/protobuf-java-util-3.5.1.jar:/home/user/.m2/repository/org/apache/hadoop/hadoop-hdds-config/0.5.0-SNAPSHOT/hadoop-hdds-config-0.5.0-SNAPSHOT.jar:/home/user/.m2/repository/io/grpc/grpc-netty/1.17.1/grpc-netty-1.17.1.jar:/home/user/.m2/repository/io/grpc/grpc-core/1.17.1/grpc-core-1.17.1.jar:/home/user/.m2/repository/io/grpc/grpc-context/1.17.1/grpc-context-1.17.1.jar:/home/user/.m2/repository/com/google/errorprone/error_prone_annotations/2.2.0/error_prone_annotations-2.2.0.jar:/home/user/.m2/repository/org/codehaus/mojo/animal-sniffer-annotations/1.17/animal-sniffer-annotations-1.17.jar:/home/user/.m2/repository/io/opencensus/opencensus-api/0.17.0/opencensus-api-0.17.0.jar:/home/user/.m2/repository/io/opencensus/opencensus-contrib-grpc-metrics/0.17.0/opencensus-contrib-grpc-metrics-0.17.0.jar:/home/user/.m2/repository/io/netty/netty-codec-http2/4.1.30.Final/netty-codec-http2-4.1.30.Final.jar:/home/user/.m2/repository/io/netty/netty-codec-http/4.1.30.Final/netty-codec-http-4.1.30.Final.jar:/home/user/.m2/repository/io/netty/netty-codec/4.1.30.Final/netty-codec-4.1.30.Final.jar:/home/user/.m2/repository/io/netty/netty-handler/4.1.30.Final/netty-handler-4.1.30.Final.jar:/home/user/.m2/repository/io/netty/netty-handler-proxy/4.1.30.Final/netty-handler-proxy-4.1.30.Final.jar:/home/user/.m2/repository/io/netty/netty-codec-socks/4.1.30.Final/netty-codec-socks-4.1.30.Final.jar:/home/user/.m2/repository/io/netty/netty-transport-native-epoll/4.1.30.Final/netty-transport-native-epoll-4.1.30.Final.jar:/home/user/.m2/repository/io/netty/netty-common/4.1.30.Final/netty-common-4.1.30.Final.jar:/home/user/.m2/repository/io/netty/netty-buffer/4.1.30.Final/netty-buffer-4.1.30.Final.jar:/home/user/.m2/repository/io/netty/netty-transport/4.1.30.Final/netty-transport-4.1.30.Final.jar:/home/user/.m2/repository/io/netty/netty-resolver/4.1.30.Final/netty-resolver-4.1.30.Final.jar:/home/user/.m2/repository/io/netty/netty-transport-native-unix-common/4.1.30.Final/netty-transport-native-unix-common-4.1.30.Final.jar:/home/user/.m2/repository/io/grpc/grpc-protobuf/1.17.1/grpc-protobuf-1.17.1.jar:/home/user/.m2/repository/com/google/api/grpc/proto-google-common-protos/1.0.0/proto-google-common-protos-1.0.0.jar:/home/user/.m2/repository/io/grpc/grpc-protobuf-lite/1.17.1/grpc-protobuf-lite-1.17.1.jar:/home/user/.m2/repository/io/grpc/grpc-stub/1.17.1/grpc-stub-1.17.1.jar:/home/user/.m2/repository/org/apache/hadoop/hadoop-ozone-recon/0.5.0-SNAPSHOT/hadoop-ozone-recon-0.5.0-SNAPSHOT.jar:/home/user/.m2/repository/org/apache/hadoop/hadoop-ozone-reconcodegen/0.5.0-SNAPSHOT/hadoop-ozone-reconcodegen-0.5.0-SNAPSHOT.jar:/home/user/.m2/repository/com/google/inject/extensions/guice-multibindings/4.0/guice-multibindings-4.0.jar:/home/user/.m2/repository/com/google/inject/guice/4.0/guice-4.0.jar:/home/user/.m2/repository/aopalliance/aopalliance/1.0/aopalliance-1.0.jar:/home/user/.m2/repository/com/google/inject/extensions/guice-servlet/4.0/guice-servlet-4.0.jar:/home/user/.m2/repository/org/glassfish/jersey/containers/jersey-container-servlet/2.27/jersey-container-servlet-2.27.jar:/home/user/.m2/repository/org/glassfish/hk2/guice-bridge/2.5.0/guice-bridge-2.5.0.jar:/home/user/.m2/repository/org/glassfish/jersey/core/jersey-server/2.27/jersey-server-2.27.jar:/home/user/.m2/repository/org/glassfish/jersey/core/jersey-client/2.27/jersey-client-2.27.jar:/home/user/.m2/repository/org/glassfish/jersey/media/jersey-media-jaxb/2.27/jersey-media-jaxb-2.27.jar:/home/user/.m2/repository/javax/validation/validation-api/1.1.0.Final/validation-api-1.1.0.Final.jar:/home/user/.m2/repository/org/glassfish/jersey/media/jersey-media-json-jackson/2.27/jersey-media-json-jackson-2.27.jar:/home/user/.m2/repository/org/glassfish/jersey/ext/jersey-entity-filtering/2.27/jersey-entity-filtering-2.27.jar:/home/user/.m2/repository/com/google/inject/extensions/guice-assistedinject/4.0/guice-assistedinject-4.0.jar:/home/user/.m2/repository/org/jooq/jooq/3.11.10/jooq-3.11.10.jar:/home/user/.m2/repository/org/jooq/jooq-meta/3.11.10/jooq-meta-3.11.10.jar:/home/user/.m2/repository/org/jooq/jooq-codegen/3.11.10/jooq-codegen-3.11.10.jar:/home/user/.m2/repository/com/jolbox/bonecp/0.8.0.RELEASE/bonecp-0.8.0.RELEASE.jar:/home/user/.m2/repository/org/xerial/sqlite-jdbc/3.25.2/sqlite-jdbc-3.25.2.jar:/home/user/.m2/repository/org/springframework/spring-jdbc/5.1.3.RELEASE/spring-jdbc-5.1.3.RELEASE.jar:/home/user/.m2/repository/org/springframework/spring-beans/5.1.3.RELEASE/spring-beans-5.1.3.RELEASE.jar:/home/user/.m2/repository/org/springframework/spring-core/5.1.3.RELEASE/spring-core-5.1.3.RELEASE.jar:/home/user/.m2/repository/org/springframework/spring-jcl/5.1.3.RELEASE/spring-jcl-5.1.3.RELEASE.jar:/home/user/.m2/repository/org/springframework/spring-tx/5.1.3.RELEASE/spring-tx-5.1.3.RELEASE.jar:/home/user/.m2/repository/org/apache/hadoop/hadoop-ozone-client/0.5.0-SNAPSHOT/hadoop-ozone-client-0.5.0-SNAPSHOT.jar:/home/user/.m2/repository/commons-lang/commons-lang/2.6/commons-lang-2.6.jar:/home/user/.m2/repository/org/apache/hadoop/hadoop-ozone-ozone-manager/0.5.0-SNAPSHOT/hadoop-ozone-ozone-manager-0.5.0-SNAPSHOT-tests.jar:/home/user/.m2/repository/junit/junit/4.11/junit-4.11.jar:/home/user/.m2/repository/org/hamcrest/hamcrest-core/1.3/hamcrest-core-1.3.jar:/home/user/.m2/repository/org/openjdk/jmh/jmh-core/1.19/jmh-core-1.19.jar:/home/user/.m2/repository/net/sf/jopt-simple/jopt-simple/4.6/jopt-simple-4.6.jar:/home/user/.m2/repository/org/apache/commons/commons-math3/3.1.1/commons-math3-3.1.1.jar:/home/user/.m2/repository/org/openjdk/jmh/jmh-generator-annprocess/1.19/jmh-generator-annprocess-1.19.jar:/home/user/.m2/repository/org/mockito/mockito-all/1.8.5/mockito-all-1.8.5.jar:/home/user/.m2/repository/org/apache/hadoop/hadoop-kms/3.2.0/hadoop-kms-3.2.0.jar:/home/user/.m2/repository/org/apache/hadoop/hadoop-auth/3.2.0/hadoop-auth-3.2.0.jar:/home/user/.m2/repository/com/nimbusds/nimbus-jose-jwt/4.41.1/nimbus-jose-jwt-4.41.1.jar:/home/user/.m2/repository/com/github/stephenc/jcip/jcip-annotations/1.0-1/jcip-annotations-1.0-1.jar:/home/user/.m2/repository/net/minidev/json-smart/2.3/json-smart-2.3.jar:/home/user/.m2/repository/net/minidev/accessors-smart/1.2/accessors-smart-1.2.jar:/home/user/.m2/repository/org/ow2/asm/asm/5.0.4/asm-5.0.4.jar:/home/user/.m2/repository/org/apache/curator/curator-framework/2.12.0/curator-framework-2.12.0.jar:/home/user/.m2/repository/com/sun/jersey/jersey-core/1.19/jersey-core-1.19.jar:/home/user/.m2/repository/javax/ws/rs/jsr311-api/1.1.1/jsr311-api-1.1.1.jar:/home/user/.m2/repository/com/sun/jersey/jersey-server/1.19/jersey-server-1.19.jar:/home/user/.m2/repository/javax/servlet/javax.servlet-api/3.1.0/javax.servlet-api-3.1.0.jar:/home/user/.m2/repository/org/eclipse/jetty/jetty-server/9.3.25.v20180904/jetty-server-9.3.25.v20180904.jar:/home/user/.m2/repository/org/eclipse/jetty/jetty-http/9.3.25.v20180904/jetty-http-9.3.25.v20180904.jar:/home/user/.m2/repository/org/eclipse/jetty/jetty-io/9.3.25.v20180904/jetty-io-9.3.25.v20180904.jar:/home/user/.m2/repository/org/eclipse/jetty/jetty-webapp/9.3.25.v20180904/jetty-webapp-9.3.25.v20180904.jar:/home/user/.m2/repository/org/eclipse/jetty/jetty-xml/9.3.25.v20180904/jetty-xml-9.3.25.v20180904.jar:/home/user/.m2/repository/log4j/log4j/1.2.17/log4j-1.2.17.jar:/home/user/.m2/repository/org/slf4j/slf4j-api/1.7.25/slf4j-api-1.7.25.jar:/home/user/.m2/repository/org/slf4j/jul-to-slf4j/1.7.25/jul-to-slf4j-1.7.25.jar:/home/user/.m2/repository/org/eclipse/jetty/jetty-util/9.3.25.v20180904/jetty-util-9.3.25.v20180904.jar:/home/user/.m2/repository/com/fasterxml/jackson/core/jackson-databind/2.9.9/jackson-databind-2.9.9.jar:/home/user/.m2/repository/org/apache/hadoop/hadoop-kms/3.2.0/hadoop-kms-3.2.0-tests.jar:/home/user/.m2/repository/org/apache/hadoop/hadoop-hdds-server-scm/0.5.0-SNAPSHOT/hadoop-hdds-server-scm-0.5.0-SNAPSHOT-tests.jar:/home/user/.m2/repository/org/apache/hadoop/hadoop-hdds-container-service/0.5.0-SNAPSHOT/hadoop-hdds-container-service-0.5.0-SNAPSHOT-tests.jar:/home/user/.m2/repository/org/yaml/snakeyaml/1.16/snakeyaml-1.16.jar:/home/user/.m2/repository/org/apache/hadoop/hadoop-common/3.2.0/hadoop-common-3.2.0-tests.jar:/home/user/.m2/repository/org/apache/hadoop/hadoop-annotations/3.2.0/hadoop-annotations-3.2.0.jar:/usr/lib/jvm/java-1.8-openjdk/jre/../lib/tools.jar:/home/user/.m2/repository/commons-cli/commons-cli/1.2/commons-cli-1.2.jar:/home/user/.m2/repository/org/apache/httpcomponents/httpclient/4.5.2/httpclient-4.5.2.jar:/home/user/.m2/repository/org/apache/httpcomponents/httpcore/4.4.4/httpcore-4.4.4.jar:/home/user/.m2/repository/commons-codec/commons-codec/1.11/commons-codec-1.11.jar:/home/user/.m2/repository/commons-net/commons-net/3.6/commons-net-3.6.jar:/home/user/.m2/repository/commons-collections/commons-collections/3.2.2/commons-collections-3.2.2.jar:/home/user/.m2/repository/org/eclipse/jetty/jetty-servlet/9.3.25.v20180904/jetty-servlet-9.3.25.v20180904.jar:/home/user/.m2/repository/org/eclipse/jetty/jetty-security/9.3.25.v20180904/jetty-security-9.3.25.v20180904.jar:/home/user/.m2/repository/javax/servlet/jsp/jsp-api/2.1/jsp-api-2.1.jar:/home/user/.m2/repository/com/sun/jersey/jersey-servlet/1.19/jersey-servlet-1.19.jar:/home/user/.m2/repository/com/sun/jersey/jersey-json/1.19/jersey-json-1.19.jar:/home/user/.m2/repository/org/codehaus/jettison/jettison/1.1/jettison-1.1.jar:/home/user/.m2/repository/org/codehaus/jackson/jackson-core-asl/1.9.13/jackson-core-asl-1.9.13.jar:/home/user/.m2/repository/org/codehaus/jackson/jackson-mapper-asl/1.9.13/jackson-mapper-asl-1.9.13.jar:/home/user/.m2/repository/org/codehaus/jackson/jackson-jaxrs/1.9.13/jackson-jaxrs-1.9.13.jar:/home/user/.m2/repository/org/codehaus/jackson/jackson-xc/1.9.13/jackson-xc-1.9.13.jar:/home/user/.m2/repository/commons-logging/commons-logging/1.1.3/commons-logging-1.1.3.jar:/home/user/.m2/repository/commons-beanutils/commons-beanutils/1.9.4/commons-beanutils-1.9.4.jar:/home/user/.m2/repository/org/apache/commons/commons-configuration2/2.1.1/commons-configuration2-2.1.1.jar:/home/user/.m2/repository/org/apache/commons/commons-lang3/3.7/commons-lang3-3.7.jar:/home/user/.m2/repository/org/apache/commons/commons-text/1.4/commons-text-1.4.jar:/home/user/.m2/repository/org/apache/avro/avro/1.7.7/avro-1.7.7.jar:/home/user/.m2/repository/com/thoughtworks/paranamer/paranamer/2.3/paranamer-2.3.jar:/home/user/.m2/repository/org/xerial/snappy/snappy-java/1.0.5/snappy-java-1.0.5.jar:/home/user/.m2/repository/com/google/re2j/re2j/1.1/re2j-1.1.jar:/home/user/.m2/repository/com/google/code/gson/gson/2.2.4/gson-2.2.4.jar:/home/user/.m2/repository/com/jcraft/jsch/0.1.54/jsch-0.1.54.jar:/home/user/.m2/repository/org/apache/curator/curator-client/2.12.0/curator-client-2.12.0.jar:/home/user/.m2/repository/org/apache/curator/curator-recipes/2.12.0/curator-recipes-2.12.0.jar:/home/user/.m2/repository/com/google/code/findbugs/jsr305/3.0.0/jsr305-3.0.0.jar:/home/user/.m2/repository/org/apache/htrace/htrace-core4/4.1.0-incubating/htrace-core4-4.1.0-incubating.jar:/home/user/.m2/repository/org/apache/zookeeper/zookeeper/3.4.13/zookeeper-3.4.13.jar:/home/user/.m2/repository/jline/jline/0.9.94/jline-0.9.94.jar:/home/user/.m2/repository/org/apache/yetus/audience-annotations/0.5.0/audience-annotations-0.5.0.jar:/home/user/.m2/repository/org/codehaus/woodstox/stax2-api/3.1.4/stax2-api-3.1.4.jar:/home/user/.m2/repository/com/fasterxml/woodstox/woodstox-core/5.0.3/woodstox-core-5.0.3.jar:/home/user/.m2/repository/dnsjava/dnsjava/2.1.7/dnsjava-2.1.7.jar:/home/user/.m2/repository/org/apache/hadoop/hadoop-hdfs/3.2.0/hadoop-hdfs-3.2.0-tests.jar:/home/user/.m2/repository/org/eclipse/jetty/jetty-util-ajax/9.3.25.v20180904/jetty-util-ajax-9.3.25.v20180904.jar:/home/user/.m2/repository/commons-daemon/commons-daemon/1.0.13/commons-daemon-1.0.13.jar:/home/user/.m2/repository/io/netty/netty/3.10.5.Final/netty-3.10.5.Final.jar:/home/user/.m2/repository/io/netty/netty-all/4.0.52.Final/netty-all-4.0.52.Final.jar:/home/user/.m2/repository/org/fusesource/leveldbjni/leveldbjni-all/1.8/leveldbjni-all-1.8.jar:"/>
    <property name="java.vm.vendor" value="IcedTea"/>
    <property name="sun.arch.data.model" value="64"/>
    <property name="test.build.dir" value="/workdir/hadoop-ozone/integration-test/target/test-dir"/>
    <property name="test.cache.data" value=""/>
    <property name="java.vendor.url" value="https://icedtea.classpath.org"/>
    <property name="user.timezone" value=""/>
    <property name="java.vm.specification.version" value="1.8"/>
    <property name="os.name" value="Linux"/>
    <property name="test.build.data" value="/workdir/hadoop-ozone/integration-test/target/test-dir"/>
    <property name="user.country" value="US"/>
    <property name="sun.java.launcher" value="SUN_STANDARD"/>
    <property name="sun.boot.library.path" value="/usr/lib/jvm/java-1.8-openjdk/jre/lib/amd64"/>
    <property name="sun.java.command" value="/workdir/hadoop-ozone/integration-test/target/surefire/surefirebooter1443904061341600275.jar /workdir/hadoop-ozone/integration-test/target/surefire 2019-10-04T15-57-33_255-jvmRun1 surefire3667791119779661210tmp surefire_20525185651737490882tmp"/>
    <property name="test" value="!TestMiniChaosOzoneCluster"/>
    <property name="surefire.test.class.path" value="/workdir/hadoop-ozone/integration-test/target/test-classes:/workdir/hadoop-ozone/integration-test/target/classes:/home/user/.m2/repository/org/apache/hadoop/hadoop-ozone-common/0.5.0-SNAPSHOT/hadoop-ozone-common-0.5.0-SNAPSHOT.jar:/home/user/.m2/repository/org/apache/commons/commons-compress/1.4.1/commons-compress-1.4.1.jar:/home/user/.m2/repository/org/tukaani/xz/1.0/xz-1.0.jar:/home/user/.m2/repository/org/apache/hadoop/hadoop-common/3.2.0/hadoop-common-3.2.0.jar:/home/user/.m2/repository/org/apache/hadoop/hadoop-hdfs/3.2.0/hadoop-hdfs-3.2.0.jar:/home/user/.m2/repository/org/apache/hadoop/hadoop-hdfs-client/3.2.0/hadoop-hdfs-client-3.2.0.jar:/home/user/.m2/repository/com/fasterxml/jackson/core/jackson-annotations/2.9.9/jackson-annotations-2.9.9.jar:/home/user/.m2/repository/org/apache/hadoop/hadoop-hdds-common/0.5.0-SNAPSHOT/hadoop-hdds-common-0.5.0-SNAPSHOT.jar:/home/user/.m2/repository/javax/annotation/javax.annotation-api/1.2/javax.annotation-api-1.2.jar:/home/user/.m2/repository/org/apache/ratis/ratis-server/0.5.0-201fc85-SNAPSHOT/ratis-server-0.5.0-201fc85-SNAPSHOT.jar:/home/user/.m2/repository/org/apache/ratis/ratis-thirdparty-misc/0.2.0/ratis-thirdparty-misc-0.2.0.jar:/home/user/.m2/repository/org/apache/ratis/ratis-proto/0.5.0-201fc85-SNAPSHOT/ratis-proto-0.5.0-201fc85-SNAPSHOT.jar:/home/user/.m2/repository/org/apache/ratis/ratis-common/0.5.0-201fc85-SNAPSHOT/ratis-common-0.5.0-201fc85-SNAPSHOT.jar:/home/user/.m2/repository/org/apache/ratis/ratis-client/0.5.0-201fc85-SNAPSHOT/ratis-client-0.5.0-201fc85-SNAPSHOT.jar:/home/user/.m2/repository/org/apache/ratis/ratis-metrics/0.5.0-201fc85-SNAPSHOT/ratis-metrics-0.5.0-201fc85-SNAPSHOT.jar:/home/user/.m2/repository/com/github/joshelser/dropwizard-metrics-hadoop-metrics2-reporter/0.1.2/dropwizard-metrics-hadoop-metrics2-reporter-0.1.2.jar:/home/user/.m2/repository/io/dropwizard/metrics/metrics-jvm/3.2.5/metrics-jvm-3.2.5.jar:/home/user/.m2/repository/io/dropwizard/metrics/metrics-ganglia/3.2.5/metrics-ganglia-3.2.5.jar:/home/user/.m2/repository/info/ganglia/gmetric4j/gmetric4j/1.0.7/gmetric4j-1.0.7.jar:/home/user/.m2/repository/org/apache/ratis/ratis-netty/0.5.0-201fc85-SNAPSHOT/ratis-netty-0.5.0-201fc85-SNAPSHOT.jar:/home/user/.m2/repository/org/apache/ratis/ratis-grpc/0.5.0-201fc85-SNAPSHOT/ratis-grpc-0.5.0-201fc85-SNAPSHOT.jar:/home/user/.m2/repository/org/rocksdb/rocksdbjni/6.0.1/rocksdbjni-6.0.1.jar:/home/user/.m2/repository/org/apache/logging/log4j/log4j-api/2.11.0/log4j-api-2.11.0.jar:/home/user/.m2/repository/org/apache/logging/log4j/log4j-core/2.11.0/log4j-core-2.11.0.jar:/home/user/.m2/repository/com/lmax/disruptor/3.4.2/disruptor-3.4.2.jar:/home/user/.m2/repository/org/apache/commons/commons-pool2/2.6.0/commons-pool2-2.6.0.jar:/home/user/.m2/repository/org/bouncycastle/bcpkix-jdk15on/1.60/bcpkix-jdk15on-1.60.jar:/home/user/.m2/repository/commons-validator/commons-validator/1.6/commons-validator-1.6.jar:/home/user/.m2/repository/commons-digester/commons-digester/1.8.1/commons-digester-1.8.1.jar:/home/user/.m2/repository/io/jaegertracing/jaeger-client/0.34.0/jaeger-client-0.34.0.jar:/home/user/.m2/repository/io/jaegertracing/jaeger-thrift/0.34.0/jaeger-thrift-0.34.0.jar:/home/user/.m2/repository/org/apache/thrift/libthrift/0.12.0/libthrift-0.12.0.jar:/home/user/.m2/repository/com/squareup/okhttp3/okhttp/3.9.0/okhttp-3.9.0.jar:/home/user/.m2/repository/com/squareup/okio/okio/1.13.0/okio-1.13.0.jar:/home/user/.m2/repository/io/jaegertracing/jaeger-core/0.34.0/jaeger-core-0.34.0.jar:/home/user/.m2/repository/io/jaegertracing/jaeger-tracerresolver/0.34.0/jaeger-tracerresolver-0.34.0.jar:/home/user/.m2/repository/io/opentracing/contrib/opentracing-tracerresolver/0.1.5/opentracing-tracerresolver-0.1.5.jar:/home/user/.m2/repository/io/opentracing/opentracing-util/0.31.0/opentracing-util-0.31.0.jar:/home/user/.m2/repository/io/opentracing/opentracing-api/0.31.0/opentracing-api-0.31.0.jar:/home/user/.m2/repository/io/opentracing/opentracing-noop/0.31.0/opentracing-noop-0.31.0.jar:/home/user/.m2/repository/org/apache/hadoop/hadoop-hdds-server-framework/0.5.0-SNAPSHOT/hadoop-hdds-server-framework-0.5.0-SNAPSHOT.jar:/home/user/.m2/repository/org/apache/hadoop/hadoop-hdds-container-service/0.5.0-SNAPSHOT/hadoop-hdds-container-service-0.5.0-SNAPSHOT.jar:/home/user/.m2/repository/org/apache/hadoop/hadoop-hdds-client/0.5.0-SNAPSHOT/hadoop-hdds-client-0.5.0-SNAPSHOT.jar:/home/user/.m2/repository/org/apache/hadoop/hadoop-hdds-tools/0.5.0-SNAPSHOT/hadoop-hdds-tools-0.5.0-SNAPSHOT.jar:/home/user/.m2/repository/org/apache/hadoop/hadoop-hdds-server-scm/0.5.0-SNAPSHOT/hadoop-hdds-server-scm-0.5.0-SNAPSHOT.jar:/home/user/.m2/repository/org/apache/hadoop/hadoop-hdds-docs/0.5.0-SNAPSHOT/hadoop-hdds-docs-0.5.0-SNAPSHOT.jar:/home/user/.m2/repository/io/dropwizard/metrics/metrics-core/3.2.4/metrics-core-3.2.4.jar:/home/user/.m2/repository/org/hamcrest/hamcrest-all/1.3/hamcrest-all-1.3.jar:/home/user/.m2/repository/org/bouncycastle/bcprov-jdk15on/1.60/bcprov-jdk15on-1.60.jar:/home/user/.m2/repository/info/picocli/picocli/3.9.6/picocli-3.9.6.jar:/home/user/.m2/repository/com/google/protobuf/protobuf-java/2.5.0/protobuf-java-2.5.0.jar:/home/user/.m2/repository/com/google/guava/guava/11.0.2/guava-11.0.2.jar:/home/user/.m2/repository/org/apache/hadoop/hadoop-ozone-ozone-manager/0.5.0-SNAPSHOT/hadoop-ozone-ozone-manager-0.5.0-SNAPSHOT.jar:/home/user/.m2/repository/org/apache/hadoop/hadoop-minikdc/3.2.0/hadoop-minikdc-3.2.0.jar:/home/user/.m2/repository/commons-io/commons-io/2.5/commons-io-2.5.jar:/home/user/.m2/repository/org/apache/kerby/kerb-simplekdc/1.0.1/kerb-simplekdc-1.0.1.jar:/home/user/.m2/repository/org/apache/kerby/kerb-client/1.0.1/kerb-client-1.0.1.jar:/home/user/.m2/repository/org/apache/kerby/kerby-config/1.0.1/kerby-config-1.0.1.jar:/home/user/.m2/repository/org/apache/kerby/kerb-core/1.0.1/kerb-core-1.0.1.jar:/home/user/.m2/repository/org/apache/kerby/kerby-pkix/1.0.1/kerby-pkix-1.0.1.jar:/home/user/.m2/repository/org/apache/kerby/kerby-asn1/1.0.1/kerby-asn1-1.0.1.jar:/home/user/.m2/repository/org/apache/kerby/kerby-util/1.0.1/kerby-util-1.0.1.jar:/home/user/.m2/repository/org/apache/kerby/kerb-common/1.0.1/kerb-common-1.0.1.jar:/home/user/.m2/repository/org/apache/kerby/kerb-crypto/1.0.1/kerb-crypto-1.0.1.jar:/home/user/.m2/repository/org/apache/kerby/kerb-util/1.0.1/kerb-util-1.0.1.jar:/home/user/.m2/repository/org/apache/kerby/token-provider/1.0.1/token-provider-1.0.1.jar:/home/user/.m2/repository/org/apache/kerby/kerb-admin/1.0.1/kerb-admin-1.0.1.jar:/home/user/.m2/repository/org/apache/kerby/kerb-server/1.0.1/kerb-server-1.0.1.jar:/home/user/.m2/repository/org/apache/kerby/kerb-identity/1.0.1/kerb-identity-1.0.1.jar:/home/user/.m2/repository/org/apache/kerby/kerby-xdr/1.0.1/kerby-xdr-1.0.1.jar:/home/user/.m2/repository/org/slf4j/slf4j-log4j12/1.7.25/slf4j-log4j12-1.7.25.jar:/home/user/.m2/repository/org/apache/hadoop/hadoop-ozone-s3gateway/0.5.0-SNAPSHOT/hadoop-ozone-s3gateway-0.5.0-SNAPSHOT.jar:/home/user/.m2/repository/org/jboss/weld/servlet/weld-servlet/2.4.7.Final/weld-servlet-2.4.7.Final.jar:/home/user/.m2/repository/org/glassfish/jersey/containers/jersey-container-servlet-core/2.27/jersey-container-servlet-core-2.27.jar:/home/user/.m2/repository/org/glassfish/hk2/external/javax.inject/2.5.0-b42/javax.inject-2.5.0-b42.jar:/home/user/.m2/repository/org/glassfish/jersey/core/jersey-common/2.27/jersey-common-2.27.jar:/home/user/.m2/repository/org/glassfish/hk2/osgi-resource-locator/1.0.1/osgi-resource-locator-1.0.1.jar:/home/user/.m2/repository/javax/ws/rs/javax.ws.rs-api/2.1/javax.ws.rs-api-2.1.jar:/home/user/.m2/repository/org/glassfish/jersey/ext/cdi/jersey-cdi1x/2.27/jersey-cdi1x-2.27.jar:/home/user/.m2/repository/org/glassfish/jersey/inject/jersey-hk2/2.27/jersey-hk2-2.27.jar:/home/user/.m2/repository/org/glassfish/hk2/hk2-locator/2.5.0-b42/hk2-locator-2.5.0-b42.jar:/home/user/.m2/repository/org/javassist/javassist/3.22.0-CR2/javassist-3.22.0-CR2.jar:/home/user/.m2/repository/org/glassfish/hk2/hk2-api/2.5.0/hk2-api-2.5.0.jar:/home/user/.m2/repository/org/glassfish/hk2/external/jakarta.inject/2.5.0/jakarta.inject-2.5.0.jar:/home/user/.m2/repository/org/glassfish/hk2/hk2-utils/2.5.0/hk2-utils-2.5.0.jar:/home/user/.m2/repository/jakarta/annotation/jakarta.annotation-api/1.3.4/jakarta.annotation-api-1.3.4.jar:/home/user/.m2/repository/org/glassfish/hk2/external/aopalliance-repackaged/2.5.0/aopalliance-repackaged-2.5.0.jar:/home/user/.m2/repository/com/fasterxml/jackson/dataformat/jackson-dataformat-xml/2.9.0/jackson-dataformat-xml-2.9.0.jar:/home/user/.m2/repository/com/fasterxml/jackson/core/jackson-core/2.9.9/jackson-core-2.9.9.jar:/home/user/.m2/repository/com/fasterxml/jackson/module/jackson-module-jaxb-annotations/2.9.9/jackson-module-jaxb-annotations-2.9.9.jar:/home/user/.m2/repository/javax/enterprise/cdi-api/1.2/cdi-api-1.2.jar:/home/user/.m2/repository/javax/el/javax.el-api/3.0.0/javax.el-api-3.0.0.jar:/home/user/.m2/repository/javax/interceptor/javax.interceptor-api/1.2/javax.interceptor-api-1.2.jar:/home/user/.m2/repository/javax/inject/javax.inject/1/javax.inject-1.jar:/home/user/.m2/repository/com/sun/xml/bind/jaxb-impl/2.3.0.1/jaxb-impl-2.3.0.1.jar:/home/user/.m2/repository/com/sun/xml/bind/jaxb-core/2.3.0.1/jaxb-core-2.3.0.1.jar:/home/user/.m2/repository/javax/xml/bind/jaxb-api/2.3.0/jaxb-api-2.3.0.jar:/home/user/.m2/repository/javax/activation/activation/1.1.1/activation-1.1.1.jar:/home/user/.m2/repository/org/apache/hadoop/hadoop-ozone-csi/0.5.0-SNAPSHOT/hadoop-ozone-csi-0.5.0-SNAPSHOT.jar:/home/user/.m2/repository/com/google/protobuf/protobuf-java-util/3.5.1/protobuf-java-util-3.5.1.jar:/home/user/.m2/repository/org/apache/hadoop/hadoop-hdds-config/0.5.0-SNAPSHOT/hadoop-hdds-config-0.5.0-SNAPSHOT.jar:/home/user/.m2/repository/io/grpc/grpc-netty/1.17.1/grpc-netty-1.17.1.jar:/home/user/.m2/repository/io/grpc/grpc-core/1.17.1/grpc-core-1.17.1.jar:/home/user/.m2/repository/io/grpc/grpc-context/1.17.1/grpc-context-1.17.1.jar:/home/user/.m2/repository/com/google/errorprone/error_prone_annotations/2.2.0/error_prone_annotations-2.2.0.jar:/home/user/.m2/repository/org/codehaus/mojo/animal-sniffer-annotations/1.17/animal-sniffer-annotations-1.17.jar:/home/user/.m2/repository/io/opencensus/opencensus-api/0.17.0/opencensus-api-0.17.0.jar:/home/user/.m2/repository/io/opencensus/opencensus-contrib-grpc-metrics/0.17.0/opencensus-contrib-grpc-metrics-0.17.0.jar:/home/user/.m2/repository/io/netty/netty-codec-http2/4.1.30.Final/netty-codec-http2-4.1.30.Final.jar:/home/user/.m2/repository/io/netty/netty-codec-http/4.1.30.Final/netty-codec-http-4.1.30.Final.jar:/home/user/.m2/repository/io/netty/netty-codec/4.1.30.Final/netty-codec-4.1.30.Final.jar:/home/user/.m2/repository/io/netty/netty-handler/4.1.30.Final/netty-handler-4.1.30.Final.jar:/home/user/.m2/repository/io/netty/netty-handler-proxy/4.1.30.Final/netty-handler-proxy-4.1.30.Final.jar:/home/user/.m2/repository/io/netty/netty-codec-socks/4.1.30.Final/netty-codec-socks-4.1.30.Final.jar:/home/user/.m2/repository/io/netty/netty-transport-native-epoll/4.1.30.Final/netty-transport-native-epoll-4.1.30.Final.jar:/home/user/.m2/repository/io/netty/netty-common/4.1.30.Final/netty-common-4.1.30.Final.jar:/home/user/.m2/repository/io/netty/netty-buffer/4.1.30.Final/netty-buffer-4.1.30.Final.jar:/home/user/.m2/repository/io/netty/netty-transport/4.1.30.Final/netty-transport-4.1.30.Final.jar:/home/user/.m2/repository/io/netty/netty-resolver/4.1.30.Final/netty-resolver-4.1.30.Final.jar:/home/user/.m2/repository/io/netty/netty-transport-native-unix-common/4.1.30.Final/netty-transport-native-unix-common-4.1.30.Final.jar:/home/user/.m2/repository/io/grpc/grpc-protobuf/1.17.1/grpc-protobuf-1.17.1.jar:/home/user/.m2/repository/com/google/api/grpc/proto-google-common-protos/1.0.0/proto-google-common-protos-1.0.0.jar:/home/user/.m2/repository/io/grpc/grpc-protobuf-lite/1.17.1/grpc-protobuf-lite-1.17.1.jar:/home/user/.m2/repository/io/grpc/grpc-stub/1.17.1/grpc-stub-1.17.1.jar:/home/user/.m2/repository/org/apache/hadoop/hadoop-ozone-recon/0.5.0-SNAPSHOT/hadoop-ozone-recon-0.5.0-SNAPSHOT.jar:/home/user/.m2/repository/org/apache/hadoop/hadoop-ozone-reconcodegen/0.5.0-SNAPSHOT/hadoop-ozone-reconcodegen-0.5.0-SNAPSHOT.jar:/home/user/.m2/repository/com/google/inject/extensions/guice-multibindings/4.0/guice-multibindings-4.0.jar:/home/user/.m2/repository/com/google/inject/guice/4.0/guice-4.0.jar:/home/user/.m2/repository/aopalliance/aopalliance/1.0/aopalliance-1.0.jar:/home/user/.m2/repository/com/google/inject/extensions/guice-servlet/4.0/guice-servlet-4.0.jar:/home/user/.m2/repository/org/glassfish/jersey/containers/jersey-container-servlet/2.27/jersey-container-servlet-2.27.jar:/home/user/.m2/repository/org/glassfish/hk2/guice-bridge/2.5.0/guice-bridge-2.5.0.jar:/home/user/.m2/repository/org/glassfish/jersey/core/jersey-server/2.27/jersey-server-2.27.jar:/home/user/.m2/repository/org/glassfish/jersey/core/jersey-client/2.27/jersey-client-2.27.jar:/home/user/.m2/repository/org/glassfish/jersey/media/jersey-media-jaxb/2.27/jersey-media-jaxb-2.27.jar:/home/user/.m2/repository/javax/validation/validation-api/1.1.0.Final/validation-api-1.1.0.Final.jar:/home/user/.m2/repository/org/glassfish/jersey/media/jersey-media-json-jackson/2.27/jersey-media-json-jackson-2.27.jar:/home/user/.m2/repository/org/glassfish/jersey/ext/jersey-entity-filtering/2.27/jersey-entity-filtering-2.27.jar:/home/user/.m2/repository/com/google/inject/extensions/guice-assistedinject/4.0/guice-assistedinject-4.0.jar:/home/user/.m2/repository/org/jooq/jooq/3.11.10/jooq-3.11.10.jar:/home/user/.m2/repository/org/jooq/jooq-meta/3.11.10/jooq-meta-3.11.10.jar:/home/user/.m2/repository/org/jooq/jooq-codegen/3.11.10/jooq-codegen-3.11.10.jar:/home/user/.m2/repository/com/jolbox/bonecp/0.8.0.RELEASE/bonecp-0.8.0.RELEASE.jar:/home/user/.m2/repository/org/xerial/sqlite-jdbc/3.25.2/sqlite-jdbc-3.25.2.jar:/home/user/.m2/repository/org/springframework/spring-jdbc/5.1.3.RELEASE/spring-jdbc-5.1.3.RELEASE.jar:/home/user/.m2/repository/org/springframework/spring-beans/5.1.3.RELEASE/spring-beans-5.1.3.RELEASE.jar:/home/user/.m2/repository/org/springframework/spring-core/5.1.3.RELEASE/spring-core-5.1.3.RELEASE.jar:/home/user/.m2/repository/org/springframework/spring-jcl/5.1.3.RELEASE/spring-jcl-5.1.3.RELEASE.jar:/home/user/.m2/repository/org/springframework/spring-tx/5.1.3.RELEASE/spring-tx-5.1.3.RELEASE.jar:/home/user/.m2/repository/org/apache/hadoop/hadoop-ozone-client/0.5.0-SNAPSHOT/hadoop-ozone-client-0.5.0-SNAPSHOT.jar:/home/user/.m2/repository/commons-lang/commons-lang/2.6/commons-lang-2.6.jar:/home/user/.m2/repository/org/apache/hadoop/hadoop-ozone-ozone-manager/0.5.0-SNAPSHOT/hadoop-ozone-ozone-manager-0.5.0-SNAPSHOT-tests.jar:/home/user/.m2/repository/junit/junit/4.11/junit-4.11.jar:/home/user/.m2/repository/org/hamcrest/hamcrest-core/1.3/hamcrest-core-1.3.jar:/home/user/.m2/repository/org/openjdk/jmh/jmh-core/1.19/jmh-core-1.19.jar:/home/user/.m2/repository/net/sf/jopt-simple/jopt-simple/4.6/jopt-simple-4.6.jar:/home/user/.m2/repository/org/apache/commons/commons-math3/3.1.1/commons-math3-3.1.1.jar:/home/user/.m2/repository/org/openjdk/jmh/jmh-generator-annprocess/1.19/jmh-generator-annprocess-1.19.jar:/home/user/.m2/repository/org/mockito/mockito-all/1.8.5/mockito-all-1.8.5.jar:/home/user/.m2/repository/org/apache/hadoop/hadoop-kms/3.2.0/hadoop-kms-3.2.0.jar:/home/user/.m2/repository/org/apache/hadoop/hadoop-auth/3.2.0/hadoop-auth-3.2.0.jar:/home/user/.m2/repository/com/nimbusds/nimbus-jose-jwt/4.41.1/nimbus-jose-jwt-4.41.1.jar:/home/user/.m2/repository/com/github/stephenc/jcip/jcip-annotations/1.0-1/jcip-annotations-1.0-1.jar:/home/user/.m2/repository/net/minidev/json-smart/2.3/json-smart-2.3.jar:/home/user/.m2/repository/net/minidev/accessors-smart/1.2/accessors-smart-1.2.jar:/home/user/.m2/repository/org/ow2/asm/asm/5.0.4/asm-5.0.4.jar:/home/user/.m2/repository/org/apache/curator/curator-framework/2.12.0/curator-framework-2.12.0.jar:/home/user/.m2/repository/com/sun/jersey/jersey-core/1.19/jersey-core-1.19.jar:/home/user/.m2/repository/javax/ws/rs/jsr311-api/1.1.1/jsr311-api-1.1.1.jar:/home/user/.m2/repository/com/sun/jersey/jersey-server/1.19/jersey-server-1.19.jar:/home/user/.m2/repository/javax/servlet/javax.servlet-api/3.1.0/javax.servlet-api-3.1.0.jar:/home/user/.m2/repository/org/eclipse/jetty/jetty-server/9.3.25.v20180904/jetty-server-9.3.25.v20180904.jar:/home/user/.m2/repository/org/eclipse/jetty/jetty-http/9.3.25.v20180904/jetty-http-9.3.25.v20180904.jar:/home/user/.m2/repository/org/eclipse/jetty/jetty-io/9.3.25.v20180904/jetty-io-9.3.25.v20180904.jar:/home/user/.m2/repository/org/eclipse/jetty/jetty-webapp/9.3.25.v20180904/jetty-webapp-9.3.25.v20180904.jar:/home/user/.m2/repository/org/eclipse/jetty/jetty-xml/9.3.25.v20180904/jetty-xml-9.3.25.v20180904.jar:/home/user/.m2/repository/log4j/log4j/1.2.17/log4j-1.2.17.jar:/home/user/.m2/repository/org/slf4j/slf4j-api/1.7.25/slf4j-api-1.7.25.jar:/home/user/.m2/repository/org/slf4j/jul-to-slf4j/1.7.25/jul-to-slf4j-1.7.25.jar:/home/user/.m2/repository/org/eclipse/jetty/jetty-util/9.3.25.v20180904/jetty-util-9.3.25.v20180904.jar:/home/user/.m2/repository/com/fasterxml/jackson/core/jackson-databind/2.9.9/jackson-databind-2.9.9.jar:/home/user/.m2/repository/org/apache/hadoop/hadoop-kms/3.2.0/hadoop-kms-3.2.0-tests.jar:/home/user/.m2/repository/org/apache/hadoop/hadoop-hdds-server-scm/0.5.0-SNAPSHOT/hadoop-hdds-server-scm-0.5.0-SNAPSHOT-tests.jar:/home/user/.m2/repository/org/apache/hadoop/hadoop-hdds-container-service/0.5.0-SNAPSHOT/hadoop-hdds-container-service-0.5.0-SNAPSHOT-tests.jar:/home/user/.m2/repository/org/yaml/snakeyaml/1.16/snakeyaml-1.16.jar:/home/user/.m2/repository/org/apache/hadoop/hadoop-common/3.2.0/hadoop-common-3.2.0-tests.jar:/home/user/.m2/repository/org/apache/hadoop/hadoop-annotations/3.2.0/hadoop-annotations-3.2.0.jar:/usr/lib/jvm/java-1.8-openjdk/jre/../lib/tools.jar:/home/user/.m2/repository/commons-cli/commons-cli/1.2/commons-cli-1.2.jar:/home/user/.m2/repository/org/apache/httpcomponents/httpclient/4.5.2/httpclient-4.5.2.jar:/home/user/.m2/repository/org/apache/httpcomponents/httpcore/4.4.4/httpcore-4.4.4.jar:/home/user/.m2/repository/commons-codec/commons-codec/1.11/commons-codec-1.11.jar:/home/user/.m2/repository/commons-net/commons-net/3.6/commons-net-3.6.jar:/home/user/.m2/repository/commons-collections/commons-collections/3.2.2/commons-collections-3.2.2.jar:/home/user/.m2/repository/org/eclipse/jetty/jetty-servlet/9.3.25.v20180904/jetty-servlet-9.3.25.v20180904.jar:/home/user/.m2/repository/org/eclipse/jetty/jetty-security/9.3.25.v20180904/jetty-security-9.3.25.v20180904.jar:/home/user/.m2/repository/javax/servlet/jsp/jsp-api/2.1/jsp-api-2.1.jar:/home/user/.m2/repository/com/sun/jersey/jersey-servlet/1.19/jersey-servlet-1.19.jar:/home/user/.m2/repository/com/sun/jersey/jersey-json/1.19/jersey-json-1.19.jar:/home/user/.m2/repository/org/codehaus/jettison/jettison/1.1/jettison-1.1.jar:/home/user/.m2/repository/org/codehaus/jackson/jackson-core-asl/1.9.13/jackson-core-asl-1.9.13.jar:/home/user/.m2/repository/org/codehaus/jackson/jackson-mapper-asl/1.9.13/jackson-mapper-asl-1.9.13.jar:/home/user/.m2/repository/org/codehaus/jackson/jackson-jaxrs/1.9.13/jackson-jaxrs-1.9.13.jar:/home/user/.m2/repository/org/codehaus/jackson/jackson-xc/1.9.13/jackson-xc-1.9.13.jar:/home/user/.m2/repository/commons-logging/commons-logging/1.1.3/commons-logging-1.1.3.jar:/home/user/.m2/repository/commons-beanutils/commons-beanutils/1.9.4/commons-beanutils-1.9.4.jar:/home/user/.m2/repository/org/apache/commons/commons-configuration2/2.1.1/commons-configuration2-2.1.1.jar:/home/user/.m2/repository/org/apache/commons/commons-lang3/3.7/commons-lang3-3.7.jar:/home/user/.m2/repository/org/apache/commons/commons-text/1.4/commons-text-1.4.jar:/home/user/.m2/repository/org/apache/avro/avro/1.7.7/avro-1.7.7.jar:/home/user/.m2/repository/com/thoughtworks/paranamer/paranamer/2.3/paranamer-2.3.jar:/home/user/.m2/repository/org/xerial/snappy/snappy-java/1.0.5/snappy-java-1.0.5.jar:/home/user/.m2/repository/com/google/re2j/re2j/1.1/re2j-1.1.jar:/home/user/.m2/repository/com/google/code/gson/gson/2.2.4/gson-2.2.4.jar:/home/user/.m2/repository/com/jcraft/jsch/0.1.54/jsch-0.1.54.jar:/home/user/.m2/repository/org/apache/curator/curator-client/2.12.0/curator-client-2.12.0.jar:/home/user/.m2/repository/org/apache/curator/curator-recipes/2.12.0/curator-recipes-2.12.0.jar:/home/user/.m2/repository/com/google/code/findbugs/jsr305/3.0.0/jsr305-3.0.0.jar:/home/user/.m2/repository/org/apache/htrace/htrace-core4/4.1.0-incubating/htrace-core4-4.1.0-incubating.jar:/home/user/.m2/repository/org/apache/zookeeper/zookeeper/3.4.13/zookeeper-3.4.13.jar:/home/user/.m2/repository/jline/jline/0.9.94/jline-0.9.94.jar:/home/user/.m2/repository/org/apache/yetus/audience-annotations/0.5.0/audience-annotations-0.5.0.jar:/home/user/.m2/repository/org/codehaus/woodstox/stax2-api/3.1.4/stax2-api-3.1.4.jar:/home/user/.m2/repository/com/fasterxml/woodstox/woodstox-core/5.0.3/woodstox-core-5.0.3.jar:/home/user/.m2/repository/dnsjava/dnsjava/2.1.7/dnsjava-2.1.7.jar:/home/user/.m2/repository/org/apache/hadoop/hadoop-hdfs/3.2.0/hadoop-hdfs-3.2.0-tests.jar:/home/user/.m2/repository/org/eclipse/jetty/jetty-util-ajax/9.3.25.v20180904/jetty-util-ajax-9.3.25.v20180904.jar:/home/user/.m2/repository/commons-daemon/commons-daemon/1.0.13/commons-daemon-1.0.13.jar:/home/user/.m2/repository/io/netty/netty/3.10.5.Final/netty-3.10.5.Final.jar:/home/user/.m2/repository/io/netty/netty-all/4.0.52.Final/netty-all-4.0.52.Final.jar:/home/user/.m2/repository/org/fusesource/leveldbjni/leveldbjni-all/1.8/leveldbjni-all-1.8.jar:"/>
    <property name="sun.cpu.endian" value="little"/>
    <property name="user.home" value="/home/user"/>
    <property name="user.language" value="en"/>
    <property name="java.specification.vendor" value="Oracle Corporation"/>
    <property name="java.home" value="/usr/lib/jvm/java-1.8-openjdk/jre"/>
    <property name="java.security.krb5.conf" value="/workdir/hadoop-ozone/integration-test/target/test-classes/krb5.conf"/>
    <property name="basedir" value="/workdir/hadoop-ozone/integration-test"/>
    <property name="file.separator" value="/"/>
    <property name="line.separator" value="&#10;"/>
    <property name="java.vm.specification.vendor" value="Oracle Corporation"/>
    <property name="java.specification.name" value="Java Platform API Specification"/>
    <property name="java.awt.graphicsenv" value="sun.awt.X11GraphicsEnvironment"/>
    <property name="surefire.real.class.path" value="/workdir/hadoop-ozone/integration-test/target/surefire/surefirebooter1443904061341600275.jar"/>
    <property name="hadoop.log.dir" value="/workdir/hadoop-ozone/integration-test/target/log"/>
    <property name="sun.boot.class.path" value="/usr/lib/jvm/java-1.8-openjdk/jre/lib/resources.jar:/usr/lib/jvm/java-1.8-openjdk/jre/lib/rt.jar:/usr/lib/jvm/java-1.8-openjdk/jre/lib/sunrsasign.jar:/usr/lib/jvm/java-1.8-openjdk/jre/lib/jsse.jar:/usr/lib/jvm/java-1.8-openjdk/jre/lib/jce.jar:/usr/lib/jvm/java-1.8-openjdk/jre/lib/charsets.jar:/usr/lib/jvm/java-1.8-openjdk/jre/lib/jfr.jar:/usr/lib/jvm/java-1.8-openjdk/jre/classes"/>
    <property name="sun.management.compiler" value="HotSpot 64-Bit Tiered Compilers"/>
    <property name="java.runtime.version" value="1.8.0_212-b04"/>
    <property name="java.net.preferIPv4Stack" value="true"/>
    <property name="user.name" value="jenkins1000"/>
    <property name="path.separator" value=":"/>
    <property name="java.security.egd" value="file:///dev/urandom"/>
    <property name="os.version" value="3.10.0-957.12.2.el7.x86_64"/>
    <property name="java.endorsed.dirs" value="/usr/lib/jvm/java-1.8-openjdk/jre/lib/endorsed"/>
    <property name="java.runtime.name" value="OpenJDK Runtime Environment"/>
    <property name="file.encoding" value="UTF-8"/>
    <property name="java.vm.name" value="OpenJDK 64-Bit Server VM"/>
    <property name="test.build.webapps" value=""/>
    <property name="localRepository" value="/home/user/.m2/repository"/>
    <property name="java.vendor.url.bug" value="https://icedtea.classpath.org/bugzilla"/>
    <property name="java.io.tmpdir" value="/tmp"/>
    <property name="require.test.libhadoop" value=""/>
    <property name="java.version" value="1.8.0_212"/>
    <property name="user.dir" value="/workdir/hadoop-ozone/integration-test"/>
    <property name="os.arch" value="amd64"/>
    <property name="java.vm.specification.name" value="Java Virtual Machine Specification"/>
    <property name="test.build.classes" value="/workdir/hadoop-ozone/integration-test/target/test-classes"/>
    <property name="java.awt.printerjob" value="sun.print.PSPrinterJob"/>
    <property name="sun.os.patch.level" value="unknown"/>
    <property name="hadoop.tmp.dir" value="/workdir/hadoop-ozone/integration-test/target/tmp"/>
    <property name="java.library.path" value="/usr/lib/jvm/java-1.8-openjdk/jre/lib/amd64/server:/usr/lib/jvm/java-1.8-openjdk/jre/lib/amd64:/usr/lib/jvm/java-1.8-openjdk/jre/../lib/amd64:/workdir/hadoop-ozone/integration-test/target/native/target/usr/local/lib:/workdir/hadoop-ozone/integration-test/../../hadoop-common-project/hadoop-common/target/native/target/usr/local/lib:/usr/java/packages/lib/amd64:/usr/lib64:/lib64:/lib:/usr/lib"/>
    <property name="java.vm.info" value="mixed mode"/>
    <property name="java.vendor" value="IcedTea"/>
    <property name="java.vm.version" value="25.212-b04"/>
    <property name="java.ext.dirs" value="/usr/lib/jvm/java-1.8-openjdk/jre/lib/ext:/usr/java/packages/lib/ext"/>
    <property name="sun.io.unicode.encoding" value="UnicodeLittle"/>
    <property name="java.class.version" value="52.0"/>
  </properties>
  <testcase name="testWatchForCommitWithKeyWrite" classname="org.apache.hadoop.ozone.client.rpc.TestWatchForCommit" time="60.299"/>
  <testcase name="testWatchForCommitWithSmallerTimeoutValue" classname="org.apache.hadoop.ozone.client.rpc.TestWatchForCommit" time="43.112"/>
  <testcase name="testWatchForCommitForRetryfailure" classname="org.apache.hadoop.ozone.client.rpc.TestWatchForCommit" time="72.087"/>
  <testcase name="testWatchForCommitForGroupMismatchException" classname="org.apache.hadoop.ozone.client.rpc.TestWatchForCommit" time="32.308"/>
  <testcase name="test2WayCommitForTimeoutException" classname="org.apache.hadoop.ozone.client.rpc.TestWatchForCommit" time="22.314">
    <error type="java.util.concurrent.TimeoutException">java.util.concurrent.TimeoutException
	at java.util.concurrent.CompletableFuture.timedGet(CompletableFuture.java:1771)
	at java.util.concurrent.CompletableFuture.get(CompletableFuture.java:1915)
	at org.apache.hadoop.hdds.scm.XceiverClientRatis.watchForCommit(XceiverClientRatis.java:298)
	at org.apache.hadoop.ozone.client.rpc.TestWatchForCommit.test2WayCommitForTimeoutException(TestWatchForCommit.java:391)
	at sun.reflect.NativeMethodAccessorImpl.invoke0(Native Method)
	at sun.reflect.NativeMethodAccessorImpl.invoke(NativeMethodAccessorImpl.java:62)
	at sun.reflect.DelegatingMethodAccessorImpl.invoke(DelegatingMethodAccessorImpl.java:43)
	at java.lang.reflect.Method.invoke(Method.java:498)
	at org.junit.runners.model.FrameworkMethod$1.runReflectiveCall(FrameworkMethod.java:47)
	at org.junit.internal.runners.model.ReflectiveCallable.run(ReflectiveCallable.java:12)
	at org.junit.runners.model.FrameworkMethod.invokeExplosively(FrameworkMethod.java:44)
	at org.junit.internal.runners.statements.InvokeMethod.evaluate(InvokeMethod.java:17)
	at org.junit.runners.ParentRunner.runLeaf(ParentRunner.java:271)
	at org.junit.runners.BlockJUnit4ClassRunner.runChild(BlockJUnit4ClassRunner.java:70)
	at org.junit.runners.BlockJUnit4ClassRunner.runChild(BlockJUnit4ClassRunner.java:50)
	at org.junit.runners.ParentRunner$3.run(ParentRunner.java:238)
	at org.junit.runners.ParentRunner$1.schedule(ParentRunner.java:63)
	at org.junit.runners.ParentRunner.runChildren(ParentRunner.java:236)
	at org.junit.runners.ParentRunner.access$000(ParentRunner.java:53)
	at org.junit.runners.ParentRunner$2.evaluate(ParentRunner.java:229)
	at org.junit.runners.ParentRunner.run(ParentRunner.java:309)
	at org.apache.maven.surefire.junit4.JUnit4Provider.execute(JUnit4Provider.java:365)
	at org.apache.maven.surefire.junit4.JUnit4Provider.executeWithRerun(JUnit4Provider.java:273)
	at org.apache.maven.surefire.junit4.JUnit4Provider.executeTestSet(JUnit4Provider.java:238)
	at org.apache.maven.surefire.junit4.JUnit4Provider.invoke(JUnit4Provider.java:159)
	at org.apache.maven.surefire.booter.ForkedBooter.invokeProviderInSameClassLoader(ForkedBooter.java:384)
	at org.apache.maven.surefire.booter.ForkedBooter.runSuitesInProcess(ForkedBooter.java:345)
	at org.apache.maven.surefire.booter.ForkedBooter.execute(ForkedBooter.java:126)
	at org.apache.maven.surefire.booter.ForkedBooter.main(ForkedBooter.java:418)
</error>
    <system-out><![CDATA[2019-10-04 16:16:33,345 [main] WARN  server.ServerUtils (ServerUtils.java:getScmDbDir(145)) - ozone.scm.db.dirs is not configured. We recommend adding this setting. Falling back to ozone.metadata.dirs instead.
2019-10-04 16:16:33,360 [main] WARN  server.ServerUtils (ServerUtils.java:getScmDbDir(145)) - ozone.scm.db.dirs is not configured. We recommend adding this setting. Falling back to ozone.metadata.dirs instead.
2019-10-04 16:16:33,360 [main] WARN  server.ServerUtils (ServerUtils.java:getScmDbDir(145)) - ozone.scm.db.dirs is not configured. We recommend adding this setting. Falling back to ozone.metadata.dirs instead.
2019-10-04 16:16:33,361 [main] INFO  db.DBStoreBuilder (DBStoreBuilder.java:addTable(117)) - using custom profile for table: deletedBlocks
2019-10-04 16:16:33,361 [main] INFO  db.DBStoreBuilder (DBStoreBuilder.java:processTables(168)) - Using default column profile:DBProfile.DISK for Table:deletedBlocks
2019-10-04 16:16:33,361 [main] INFO  db.DBStoreBuilder (DBStoreBuilder.java:addTable(117)) - using custom profile for table: validCerts
2019-10-04 16:16:33,362 [main] INFO  db.DBStoreBuilder (DBStoreBuilder.java:processTables(168)) - Using default column profile:DBProfile.DISK for Table:validCerts
2019-10-04 16:16:33,362 [main] INFO  db.DBStoreBuilder (DBStoreBuilder.java:addTable(117)) - using custom profile for table: revokedCerts
2019-10-04 16:16:33,362 [main] INFO  db.DBStoreBuilder (DBStoreBuilder.java:processTables(168)) - Using default column profile:DBProfile.DISK for Table:revokedCerts
2019-10-04 16:16:33,362 [main] INFO  db.DBStoreBuilder (DBStoreBuilder.java:addTable(117)) - using custom profile for table: default
2019-10-04 16:16:33,363 [main] INFO  db.DBStoreBuilder (DBStoreBuilder.java:processTables(174)) - Using default column profile:DBProfile.DISK for Table:default
2019-10-04 16:16:33,363 [main] INFO  db.DBStoreBuilder (DBStoreBuilder.java:getDbProfile(205)) - Using default options. DBProfile.DISK
2019-10-04 16:16:33,556 [main] INFO  net.NodeSchemaLoader (NodeSchemaLoader.java:loadSchemaFromFile(125)) - Loading file from sun.misc.CompoundEnumeration@4a50c746
2019-10-04 16:16:33,556 [main] INFO  net.NodeSchemaLoader (NodeSchemaLoader.java:loadSchema(171)) - Loading network topology layer schema file
2019-10-04 16:16:33,562 [main] WARN  server.ServerUtils (ServerUtils.java:sanitizeUserArgs(70)) - ozone.scm.stale.node.interval value = 300000 is larger than max = 100000 based on the key value of ozone.scm.heartbeat.thread.interval, reset to the max value 100000.
2019-10-04 16:16:33,562 [main] WARN  server.ServerUtils (ServerUtils.java:sanitizeUserArgs(70)) - ozone.scm.stale.node.interval value = 300000 is larger than max = 100000 based on the key value of ozone.scm.heartbeat.thread.interval, reset to the max value 100000.
2019-10-04 16:16:33,563 [main] INFO  node.SCMNodeManager (SCMNodeManager.java:<init>(116)) - Entering startup safe mode.
2019-10-04 16:16:33,564 [main] INFO  algorithms.ContainerPlacementPolicyFactory (ContainerPlacementPolicyFactory.java:getPolicy(57)) - Create container placement policy of type org.apache.hadoop.hdds.scm.container.placement.algorithms.SCMContainerPlacementRandom
2019-10-04 16:16:33,564 [main] WARN  server.ServerUtils (ServerUtils.java:getScmDbDir(145)) - ozone.scm.db.dirs is not configured. We recommend adding this setting. Falling back to ozone.metadata.dirs instead.
2019-10-04 16:16:33,605 [main] INFO  pipeline.SCMPipelineManager (SCMPipelineManager.java:initializePipelineState(132)) - No pipeline exists in current db
2019-10-04 16:16:33,605 [main] WARN  server.ServerUtils (ServerUtils.java:getScmDbDir(145)) - ozone.scm.db.dirs is not configured. We recommend adding this setting. Falling back to ozone.metadata.dirs instead.
2019-10-04 16:16:33,665 [main] WARN  events.EventQueue (EventQueue.java:fireEvent(183)) - No event handler registered for event TypedEvent{payloadType=SafeModeStatus, name='SafeModeStatus'}
2019-10-04 16:16:33,666 [main] INFO  ipc.CallQueueManager (CallQueueManager.java:<init>(84)) - Using callQueue: class java.util.concurrent.LinkedBlockingQueue, queueCapacity: 2000, scheduler: class org.apache.hadoop.ipc.DefaultRpcScheduler, ipcBackoff: false.
2019-10-04 16:16:33,667 [Socket Reader #1 for port 44326] INFO  ipc.Server (Server.java:run(1074)) - Starting Socket Reader #1 for port 44326
2019-10-04 16:16:33,670 [main] INFO  ipc.CallQueueManager (CallQueueManager.java:<init>(84)) - Using callQueue: class java.util.concurrent.LinkedBlockingQueue, queueCapacity: 2000, scheduler: class org.apache.hadoop.ipc.DefaultRpcScheduler, ipcBackoff: false.
2019-10-04 16:16:33,671 [Socket Reader #1 for port 41986] INFO  ipc.Server (Server.java:run(1074)) - Starting Socket Reader #1 for port 41986
2019-10-04 16:16:33,673 [main] INFO  ipc.CallQueueManager (CallQueueManager.java:<init>(84)) - Using callQueue: class java.util.concurrent.LinkedBlockingQueue, queueCapacity: 2000, scheduler: class org.apache.hadoop.ipc.DefaultRpcScheduler, ipcBackoff: false.
2019-10-04 16:16:33,674 [Socket Reader #1 for port 44048] INFO  ipc.Server (Server.java:run(1074)) - Starting Socket Reader #1 for port 44048
2019-10-04 16:16:33,676 [main] INFO  hdfs.DFSUtil (DFSUtil.java:httpServerTemplateForNNAndJN(1641)) - Starting Web-server for scm at: http://0.0.0.0:0
2019-10-04 16:16:33,679 [main] INFO  server.AuthenticationFilter (AuthenticationFilter.java:constructSecretProvider(240)) - Unable to initialize FileSignerSecretProvider, falling back to use random secrets.
2019-10-04 16:16:33,680 [main] WARN  http.HttpRequestLog (HttpRequestLog.java:getRequestLog(97)) - Jetty request log can only be enabled using Log4j
2019-10-04 16:16:33,682 [main] INFO  http.HttpServer2 (HttpServer2.java:addGlobalFilter(975)) - Added global filter 'safety' (class=org.apache.hadoop.http.HttpServer2$QuotingInputFilter)
2019-10-04 16:16:33,682 [main] INFO  http.HttpServer2 (HttpServer2.java:addFilter(948)) - Added filter static_user_filter (class=org.apache.hadoop.http.lib.StaticUserWebFilter$StaticUserFilter) to context scm
2019-10-04 16:16:33,683 [main] INFO  http.HttpServer2 (HttpServer2.java:addFilter(958)) - Added filter static_user_filter (class=org.apache.hadoop.http.lib.StaticUserWebFilter$StaticUserFilter) to context static
2019-10-04 16:16:33,683 [main] INFO  http.HttpServer2 (HttpServer2.java:addFilter(958)) - Added filter static_user_filter (class=org.apache.hadoop.http.lib.StaticUserWebFilter$StaticUserFilter) to context logs
2019-10-04 16:16:33,685 [main] INFO  server.StorageContainerManager (StorageContainerManager.java:start(770)) - StorageContainerLocationProtocol RPC server is listening at /0.0.0.0:44048
2019-10-04 16:16:33,688 [main] WARN  impl.MetricsConfig (MetricsConfig.java:loadFirst(134)) - Cannot locate configuration: tried hadoop-metrics2-storagecontainermanager.properties,hadoop-metrics2.properties
2019-10-04 16:16:33,689 [main] INFO  impl.MetricsSystemImpl (MetricsSystemImpl.java:startTimer(374)) - Scheduled Metric snapshot period at 10 second(s).
2019-10-04 16:16:33,689 [main] INFO  impl.MetricsSystemImpl (MetricsSystemImpl.java:start(191)) - StorageContainerManager metrics system started
2019-10-04 16:16:33,762 [main] WARN  impl.MetricsSystemImpl (MetricsSystemImpl.java:register(276)) - Sink prometheus already exists!
2019-10-04 16:16:33,876 [main] INFO  server.SCMClientProtocolServer (SCMClientProtocolServer.java:start(159)) - RPC server for Client  is listening at /0.0.0.0:44048
2019-10-04 16:16:33,877 [IPC Server Responder] INFO  ipc.Server (Server.java:run(1314)) - IPC Server Responder: starting
2019-10-04 16:16:33,877 [IPC Server listener on 44048] INFO  ipc.Server (Server.java:run(1153)) - IPC Server listener on 44048: starting
2019-10-04 16:16:33,885 [main] INFO  server.StorageContainerManager (StorageContainerManager.java:start(780)) - ScmBlockLocationProtocol RPC server is listening at /0.0.0.0:41986
2019-10-04 16:16:33,886 [main] INFO  server.SCMBlockProtocolServer (SCMBlockProtocolServer.java:start(146)) - RPC server for Block Protocol is listening at /0.0.0.0:41986
2019-10-04 16:16:33,886 [IPC Server Responder] INFO  ipc.Server (Server.java:run(1314)) - IPC Server Responder: starting
2019-10-04 16:16:33,886 [IPC Server listener on 41986] INFO  ipc.Server (Server.java:run(1153)) - IPC Server listener on 41986: starting
2019-10-04 16:16:33,891 [main] INFO  server.StorageContainerManager (StorageContainerManager.java:start(784)) - ScmDatanodeProtocl RPC server is listening at /0.0.0.0:44326
2019-10-04 16:16:33,891 [main] INFO  server.SCMDatanodeProtocolServer (SCMDatanodeProtocolServer.java:start(169)) - RPC server for DataNodes is listening at /0.0.0.0:44326
2019-10-04 16:16:33,892 [IPC Server Responder] INFO  ipc.Server (Server.java:run(1314)) - IPC Server Responder: starting
2019-10-04 16:16:33,892 [IPC Server listener on 44326] INFO  ipc.Server (Server.java:run(1153)) - IPC Server listener on 44326: starting
2019-10-04 16:16:33,896 [main] INFO  http.HttpServer2 (HttpServer2.java:bindListener(1191)) - Jetty bound to port 32787
2019-10-04 16:16:33,896 [main] INFO  server.Server (Server.java:doStart(351)) - jetty-9.3.25.v20180904, build timestamp: 2018-09-04T21:11:46Z, git hash: 3ce520221d0240229c862b122d2b06c12a625732
2019-10-04 16:16:33,898 [main] INFO  handler.ContextHandler (ContextHandler.java:doStart(781)) - Started o.e.j.s.ServletContextHandler@5a05dd30{/logs,file:///workdir/hadoop-ozone/integration-test/target/log,AVAILABLE}
2019-10-04 16:16:33,898 [main] INFO  handler.ContextHandler (ContextHandler.java:doStart(781)) - Started o.e.j.s.ServletContextHandler@dbed7fd{/static,file:///workdir/hadoop-ozone/integration-test/target/test-classes/webapps/static,AVAILABLE}
2019-10-04 16:16:33,902 [main] INFO  handler.ContextHandler (ContextHandler.java:doStart(781)) - Started o.e.j.w.WebAppContext@3c7b137a{/,file:///workdir/hadoop-ozone/integration-test/target/test-classes/webapps/scm/,AVAILABLE}{/scm}
2019-10-04 16:16:33,902 [main] INFO  server.AbstractConnector (AbstractConnector.java:doStart(278)) - Started ServerConnector@68631b1d{HTTP/1.1,[http/1.1]}{0.0.0.0:32787}
2019-10-04 16:16:33,904 [main] INFO  server.Server (Server.java:doStart(419)) - Started @208763ms
2019-10-04 16:16:33,904 [main] WARN  impl.MetricsSystemImpl (MetricsSystemImpl.java:register(276)) - Sink prometheus already exists!
2019-10-04 16:16:33,905 [main] INFO  server.BaseHttpServer (BaseHttpServer.java:updateConnectorAddress(215)) - HTTP server of SCM is listening at http://0.0.0.0:32787
2019-10-04 16:16:33,906 [main] WARN  server.ServerUtils (ServerUtils.java:getDBPath(222)) - ozone.om.db.dirs is not configured. We recommend adding this setting. Falling back to ozone.metadata.dirs instead.
2019-10-04 16:16:33,907 [org.apache.hadoop.util.JvmPauseMonitor$Monitor@a0c5be] INFO  util.JvmPauseMonitor (JvmPauseMonitor.java:run(188)) - Starting JVM pause monitor
2019-10-04 16:16:33,920 [main] INFO  ha.OMHANodeDetails (OMHANodeDetails.java:loadOMHAConfig(190)) - Configuration either no ozone.om.address set. Falling back to the default OM address /127.0.0.1:0
2019-10-04 16:16:33,920 [main] INFO  ha.OMHANodeDetails (OMHANodeDetails.java:getOMNodeDetails(220)) - OM Service ID is not set. Setting it to the default ID: omServiceIdDefault
2019-10-04 16:16:33,920 [main] WARN  server.ServerUtils (ServerUtils.java:getDBPath(222)) - ozone.om.db.dirs is not configured. We recommend adding this setting. Falling back to ozone.metadata.dirs instead.
2019-10-04 16:16:33,921 [main] WARN  server.ServerUtils (ServerUtils.java:getDBPath(222)) - ozone.om.db.dirs is not configured. We recommend adding this setting. Falling back to ozone.metadata.dirs instead.
2019-10-04 16:16:33,929 [main] WARN  server.ServerUtils (ServerUtils.java:getDBPath(222)) - ozone.om.db.dirs is not configured. We recommend adding this setting. Falling back to ozone.metadata.dirs instead.
2019-10-04 16:16:33,930 [main] INFO  db.DBStoreBuilder (DBStoreBuilder.java:addTable(117)) - using custom profile for table: userTable
2019-10-04 16:16:33,930 [main] INFO  db.DBStoreBuilder (DBStoreBuilder.java:processTables(168)) - Using default column profile:DBProfile.DISK for Table:userTable
2019-10-04 16:16:33,930 [main] INFO  db.DBStoreBuilder (DBStoreBuilder.java:addTable(117)) - using custom profile for table: volumeTable
2019-10-04 16:16:33,930 [main] INFO  db.DBStoreBuilder (DBStoreBuilder.java:processTables(168)) - Using default column profile:DBProfile.DISK for Table:volumeTable
2019-10-04 16:16:33,930 [main] INFO  db.DBStoreBuilder (DBStoreBuilder.java:addTable(117)) - using custom profile for table: bucketTable
2019-10-04 16:16:33,930 [main] INFO  db.DBStoreBuilder (DBStoreBuilder.java:processTables(168)) - Using default column profile:DBProfile.DISK for Table:bucketTable
2019-10-04 16:16:33,931 [main] INFO  db.DBStoreBuilder (DBStoreBuilder.java:addTable(117)) - using custom profile for table: keyTable
2019-10-04 16:16:33,931 [main] INFO  db.DBStoreBuilder (DBStoreBuilder.java:processTables(168)) - Using default column profile:DBProfile.DISK for Table:keyTable
2019-10-04 16:16:33,931 [main] INFO  db.DBStoreBuilder (DBStoreBuilder.java:addTable(117)) - using custom profile for table: deletedTable
2019-10-04 16:16:33,931 [main] INFO  db.DBStoreBuilder (DBStoreBuilder.java:processTables(168)) - Using default column profile:DBProfile.DISK for Table:deletedTable
2019-10-04 16:16:33,931 [main] INFO  db.DBStoreBuilder (DBStoreBuilder.java:addTable(117)) - using custom profile for table: openKeyTable
2019-10-04 16:16:33,931 [main] INFO  db.DBStoreBuilder (DBStoreBuilder.java:processTables(168)) - Using default column profile:DBProfile.DISK for Table:openKeyTable
2019-10-04 16:16:33,932 [main] INFO  db.DBStoreBuilder (DBStoreBuilder.java:addTable(117)) - using custom profile for table: s3Table
2019-10-04 16:16:33,932 [main] INFO  db.DBStoreBuilder (DBStoreBuilder.java:processTables(168)) - Using default column profile:DBProfile.DISK for Table:s3Table
2019-10-04 16:16:33,932 [main] INFO  db.DBStoreBuilder (DBStoreBuilder.java:addTable(117)) - using custom profile for table: multipartInfoTable
2019-10-04 16:16:33,932 [main] INFO  db.DBStoreBuilder (DBStoreBuilder.java:processTables(168)) - Using default column profile:DBProfile.DISK for Table:multipartInfoTable
2019-10-04 16:16:33,932 [main] INFO  db.DBStoreBuilder (DBStoreBuilder.java:addTable(117)) - using custom profile for table: dTokenTable
2019-10-04 16:16:33,932 [main] INFO  db.DBStoreBuilder (DBStoreBuilder.java:processTables(168)) - Using default column profile:DBProfile.DISK for Table:dTokenTable
2019-10-04 16:16:33,933 [main] INFO  db.DBStoreBuilder (DBStoreBuilder.java:addTable(117)) - using custom profile for table: s3SecretTable
2019-10-04 16:16:33,933 [main] INFO  db.DBStoreBuilder (DBStoreBuilder.java:processTables(168)) - Using default column profile:DBProfile.DISK for Table:s3SecretTable
2019-10-04 16:16:33,933 [main] INFO  db.DBStoreBuilder (DBStoreBuilder.java:addTable(117)) - using custom profile for table: prefixTable
2019-10-04 16:16:33,933 [main] INFO  db.DBStoreBuilder (DBStoreBuilder.java:processTables(168)) - Using default column profile:DBProfile.DISK for Table:prefixTable
2019-10-04 16:16:33,933 [main] INFO  db.DBStoreBuilder (DBStoreBuilder.java:addTable(117)) - using custom profile for table: default
2019-10-04 16:16:33,933 [main] INFO  db.DBStoreBuilder (DBStoreBuilder.java:processTables(174)) - Using default column profile:DBProfile.DISK for Table:default
2019-10-04 16:16:33,933 [main] INFO  db.DBStoreBuilder (DBStoreBuilder.java:getDbProfile(205)) - Using default options. DBProfile.DISK
2019-10-04 16:16:34,492 [main] INFO  ipc.CallQueueManager (CallQueueManager.java:<init>(84)) - Using callQueue: class java.util.concurrent.LinkedBlockingQueue, queueCapacity: 2000, scheduler: class org.apache.hadoop.ipc.DefaultRpcScheduler, ipcBackoff: false.
2019-10-04 16:16:34,493 [Socket Reader #1 for port 38063] INFO  ipc.Server (Server.java:run(1074)) - Starting Socket Reader #1 for port 38063
2019-10-04 16:16:34,511 [main] INFO  om.OzoneManager (OzoneManager.java:start(1069)) - OzoneManager RPC server is listening at localhost/127.0.0.1:38063
2019-10-04 16:16:34,511 [main] INFO  impl.MetricsSystemImpl (MetricsSystemImpl.java:init(158)) - OzoneManager metrics system started (again)
2019-10-04 16:16:34,512 [IPC Server Responder] INFO  ipc.Server (Server.java:run(1314)) - IPC Server Responder: starting
2019-10-04 16:16:34,512 [IPC Server listener on 38063] INFO  ipc.Server (Server.java:run(1153)) - IPC Server listener on 38063: starting
2019-10-04 16:16:34,518 [main] INFO  hdfs.DFSUtil (DFSUtil.java:httpServerTemplateForNNAndJN(1641)) - Starting Web-server for ozoneManager at: http://0.0.0.0:0
2019-10-04 16:16:34,520 [main] INFO  server.AuthenticationFilter (AuthenticationFilter.java:constructSecretProvider(240)) - Unable to initialize FileSignerSecretProvider, falling back to use random secrets.
2019-10-04 16:16:34,520 [main] WARN  http.HttpRequestLog (HttpRequestLog.java:getRequestLog(97)) - Jetty request log can only be enabled using Log4j
2019-10-04 16:16:34,523 [main] INFO  http.HttpServer2 (HttpServer2.java:addGlobalFilter(975)) - Added global filter 'safety' (class=org.apache.hadoop.http.HttpServer2$QuotingInputFilter)
2019-10-04 16:16:34,523 [main] INFO  http.HttpServer2 (HttpServer2.java:addFilter(948)) - Added filter static_user_filter (class=org.apache.hadoop.http.lib.StaticUserWebFilter$StaticUserFilter) to context ozoneManager
2019-10-04 16:16:34,524 [main] INFO  http.HttpServer2 (HttpServer2.java:addFilter(958)) - Added filter static_user_filter (class=org.apache.hadoop.http.lib.StaticUserWebFilter$StaticUserFilter) to context logs
2019-10-04 16:16:34,524 [main] INFO  http.HttpServer2 (HttpServer2.java:addFilter(958)) - Added filter static_user_filter (class=org.apache.hadoop.http.lib.StaticUserWebFilter$StaticUserFilter) to context static
2019-10-04 16:16:34,525 [main] INFO  http.HttpServer2 (HttpServer2.java:bindListener(1191)) - Jetty bound to port 41656
2019-10-04 16:16:34,525 [main] INFO  server.Server (Server.java:doStart(351)) - jetty-9.3.25.v20180904, build timestamp: 2018-09-04T21:11:46Z, git hash: 3ce520221d0240229c862b122d2b06c12a625732
2019-10-04 16:16:34,527 [main] INFO  handler.ContextHandler (ContextHandler.java:doStart(781)) - Started o.e.j.s.ServletContextHandler@257f30f7{/logs,file:///workdir/hadoop-ozone/integration-test/target/log,AVAILABLE}
2019-10-04 16:16:34,528 [main] INFO  handler.ContextHandler (ContextHandler.java:doStart(781)) - Started o.e.j.s.ServletContextHandler@1f916219{/static,file:///workdir/hadoop-ozone/integration-test/target/test-classes/webapps/static,AVAILABLE}
2019-10-04 16:16:34,532 [main] INFO  handler.ContextHandler (ContextHandler.java:doStart(781)) - Started o.e.j.w.WebAppContext@2a0b901c{/,file:///workdir/hadoop-ozone/integration-test/target/test-classes/webapps/ozoneManager/,AVAILABLE}{/ozoneManager}
2019-10-04 16:16:34,534 [main] INFO  server.AbstractConnector (AbstractConnector.java:doStart(278)) - Started ServerConnector@3d104c9b{HTTP/1.1,[http/1.1]}{0.0.0.0:41656}
2019-10-04 16:16:34,534 [main] INFO  server.Server (Server.java:doStart(419)) - Started @209393ms
2019-10-04 16:16:34,534 [main] WARN  impl.MetricsSystemImpl (MetricsSystemImpl.java:register(276)) - Sink prometheus already exists!
2019-10-04 16:16:34,535 [main] INFO  server.BaseHttpServer (BaseHttpServer.java:updateConnectorAddress(215)) - HTTP server of OZONEMANAGER is listening at http://0.0.0.0:41656
2019-10-04 16:16:34,553 [main] INFO  impl.MetricsSystemImpl (MetricsSystemImpl.java:init(158)) - HddsDatanode metrics system started (again)
2019-10-04 16:16:34,558 [main] INFO  ozone.HddsDatanodeService (HddsDatanodeService.java:start(184)) - HddsDatanodeService host:pr-hdds-2250-qhw8f-1617406954 ip:192.168.5.153
2019-10-04 16:16:34,565 [main] INFO  volume.HddsVolume (HddsVolume.java:<init>(176)) - Creating Volume: /workdir/hadoop-ozone/integration-test/target/test-dir/MiniOzoneClusterImpl-5f3f7f76-1fae-48f1-99ed-10da744dd461/datanode-0/data/containers/hdds of  storage type : DISK and capacity : 1482555576320
2019-10-04 16:16:34,565 [main] INFO  volume.VolumeSet (VolumeSet.java:initializeVolumeSet(170)) - Added Volume : /workdir/hadoop-ozone/integration-test/target/test-dir/MiniOzoneClusterImpl-5f3f7f76-1fae-48f1-99ed-10da744dd461/datanode-0/data/containers/hdds to VolumeSet
2019-10-04 16:16:34,565 [main] INFO  volume.ThrottledAsyncChecker (ThrottledAsyncChecker.java:schedule(139)) - Scheduling a check for org.apache.hadoop.ozone.container.common.volume.HddsVolume@256bb5be
2019-10-04 16:16:34,566 [main] INFO  volume.HddsVolumeChecker (HddsVolumeChecker.java:checkAllVolumes(202)) - Scheduled health check for volume org.apache.hadoop.ozone.container.common.volume.HddsVolume@256bb5be
2019-10-04 16:16:34,583 [main] INFO  impl.RaftServerProxy (ConfUtils.java:logGet(43)) - raft.rpc.type = GRPC (default)
2019-10-04 16:16:34,583 [main] INFO  grpc.GrpcFactory (GrpcFactory.java:checkPooledByteBufAllocatorUseCacheForAllThreads(45)) - PERFORMANCE WARNING: useCacheForAllThreads is true that may cause Netty to create a lot garbage objects and, as a result, trigger GC.
	It is recommended to disable useCacheForAllThreads by setting -Dorg.apache.ratis.thirdparty.io.netty.allocator.useCacheForAllThreads=false in command line.
2019-10-04 16:16:34,584 [main] INFO  grpc.GrpcConfigKeys$Server (ConfUtils.java:logGet(43)) - raft.grpc.server.port = 0 (default)
2019-10-04 16:16:34,584 [main] INFO  server.GrpcService (ConfUtils.java:logGet(43)) - raft.grpc.message.size.max = 33570816 (custom)
2019-10-04 16:16:34,584 [main] INFO  server.RaftServerConfigKeys (ConfUtils.java:logGet(43)) - raft.server.log.appender.buffer.byte-limit = 33554432 (custom)
2019-10-04 16:16:34,584 [main] INFO  server.GrpcService (ConfUtils.java:logGet(43)) - raft.grpc.flow.control.window = 1MB (=1048576) (default)
2019-10-04 16:16:34,584 [main] INFO  server.RaftServerConfigKeys (ConfUtils.java:logGet(43)) - raft.server.rpc.request.timeout = 3000ms (default)
2019-10-04 16:16:34,585 [main] INFO  server.RaftServerConfigKeys (ConfUtils.java:logGet(43)) - raft.server.storage.dir = [/workdir/hadoop-ozone/integration-test/target/test-dir/MiniOzoneClusterImpl-5f3f7f76-1fae-48f1-99ed-10da744dd461/datanode-0/data/ratis] (custom)
2019-10-04 16:16:34,587 [main] INFO  hdfs.DFSUtil (DFSUtil.java:httpServerTemplateForNNAndJN(1641)) - Starting Web-server for hddsDatanode at: http://0.0.0.0:0
2019-10-04 16:16:34,588 [main] INFO  server.AuthenticationFilter (AuthenticationFilter.java:constructSecretProvider(240)) - Unable to initialize FileSignerSecretProvider, falling back to use random secrets.
2019-10-04 16:16:34,589 [main] WARN  http.HttpRequestLog (HttpRequestLog.java:getRequestLog(97)) - Jetty request log can only be enabled using Log4j
2019-10-04 16:16:34,590 [main] INFO  http.HttpServer2 (HttpServer2.java:addGlobalFilter(975)) - Added global filter 'safety' (class=org.apache.hadoop.http.HttpServer2$QuotingInputFilter)
2019-10-04 16:16:34,591 [main] INFO  http.HttpServer2 (HttpServer2.java:addFilter(948)) - Added filter static_user_filter (class=org.apache.hadoop.http.lib.StaticUserWebFilter$StaticUserFilter) to context hddsDatanode
2019-10-04 16:16:34,591 [main] INFO  http.HttpServer2 (HttpServer2.java:addFilter(958)) - Added filter static_user_filter (class=org.apache.hadoop.http.lib.StaticUserWebFilter$StaticUserFilter) to context logs
2019-10-04 16:16:34,591 [main] INFO  http.HttpServer2 (HttpServer2.java:addFilter(958)) - Added filter static_user_filter (class=org.apache.hadoop.http.lib.StaticUserWebFilter$StaticUserFilter) to context static
2019-10-04 16:16:34,592 [main] INFO  http.HttpServer2 (HttpServer2.java:bindListener(1191)) - Jetty bound to port 35928
2019-10-04 16:16:34,592 [main] INFO  server.Server (Server.java:doStart(351)) - jetty-9.3.25.v20180904, build timestamp: 2018-09-04T21:11:46Z, git hash: 3ce520221d0240229c862b122d2b06c12a625732
2019-10-04 16:16:34,594 [main] INFO  handler.ContextHandler (ContextHandler.java:doStart(781)) - Started o.e.j.s.ServletContextHandler@11f23038{/logs,file:///workdir/hadoop-ozone/integration-test/target/log,AVAILABLE}
2019-10-04 16:16:34,594 [main] INFO  handler.ContextHandler (ContextHandler.java:doStart(781)) - Started o.e.j.s.ServletContextHandler@691567ea{/static,jar:file:/home/user/.m2/repository/org/apache/hadoop/hadoop-hdds-container-service/0.5.0-SNAPSHOT/hadoop-hdds-container-service-0.5.0-SNAPSHOT.jar!/webapps/static,AVAILABLE}
2019-10-04 16:16:34,626 [main] INFO  handler.ContextHandler (ContextHandler.java:doStart(781)) - Started o.e.j.w.WebAppContext@27a9f025{/,file:///tmp/jetty-0.0.0.0-35928-hddsDatanode-_-any-1335933617566131440.dir/webapp/,AVAILABLE}{/hddsDatanode}
2019-10-04 16:16:34,626 [main] INFO  server.AbstractConnector (AbstractConnector.java:doStart(278)) - Started ServerConnector@71936a92{HTTP/1.1,[http/1.1]}{0.0.0.0:35928}
2019-10-04 16:16:34,628 [main] INFO  server.Server (Server.java:doStart(419)) - Started @209487ms
2019-10-04 16:16:34,628 [main] WARN  impl.MetricsSystemImpl (MetricsSystemImpl.java:register(276)) - Sink prometheus already exists!
2019-10-04 16:16:34,629 [main] INFO  server.BaseHttpServer (BaseHttpServer.java:updateConnectorAddress(215)) - HTTP server of HDDSDATANODE is listening at http://0.0.0.0:35928
2019-10-04 16:16:34,629 [main] INFO  impl.MetricsSystemImpl (MetricsSystemImpl.java:init(158)) - HddsDatanode metrics system started (again)
2019-10-04 16:16:34,633 [org.apache.hadoop.util.JvmPauseMonitor$Monitor@1a089201] INFO  util.JvmPauseMonitor (JvmPauseMonitor.java:run(188)) - Starting JVM pause monitor
2019-10-04 16:16:34,633 [main] INFO  ozone.HddsDatanodeService (HddsDatanodeService.java:start(184)) - HddsDatanodeService host:pr-hdds-2250-qhw8f-1617406954 ip:192.168.5.153
2019-10-04 16:16:34,635 [Datanode State Machine Thread - 0] INFO  datanode.InitDatanodeState (InitDatanodeState.java:persistContainerDatanodeDetails(140)) - DatanodeDetails is persisted to /workdir/hadoop-ozone/integration-test/target/test-dir/MiniOzoneClusterImpl-5f3f7f76-1fae-48f1-99ed-10da744dd461/datanode-0/meta/datanode.id
2019-10-04 16:16:34,640 [main] INFO  volume.HddsVolume (HddsVolume.java:<init>(176)) - Creating Volume: /workdir/hadoop-ozone/integration-test/target/test-dir/MiniOzoneClusterImpl-5f3f7f76-1fae-48f1-99ed-10da744dd461/datanode-1/data/containers/hdds of  storage type : DISK and capacity : 1482555576320
2019-10-04 16:16:34,640 [main] INFO  volume.VolumeSet (VolumeSet.java:initializeVolumeSet(170)) - Added Volume : /workdir/hadoop-ozone/integration-test/target/test-dir/MiniOzoneClusterImpl-5f3f7f76-1fae-48f1-99ed-10da744dd461/datanode-1/data/containers/hdds to VolumeSet
2019-10-04 16:16:34,640 [main] INFO  volume.ThrottledAsyncChecker (ThrottledAsyncChecker.java:schedule(139)) - Scheduling a check for org.apache.hadoop.ozone.container.common.volume.HddsVolume@20349058
2019-10-04 16:16:34,641 [main] INFO  volume.HddsVolumeChecker (HddsVolumeChecker.java:checkAllVolumes(202)) - Scheduled health check for volume org.apache.hadoop.ozone.container.common.volume.HddsVolume@20349058
2019-10-04 16:16:34,655 [main] INFO  impl.RaftServerProxy (ConfUtils.java:logGet(43)) - raft.rpc.type = GRPC (default)
2019-10-04 16:16:34,655 [main] INFO  grpc.GrpcFactory (GrpcFactory.java:checkPooledByteBufAllocatorUseCacheForAllThreads(45)) - PERFORMANCE WARNING: useCacheForAllThreads is true that may cause Netty to create a lot garbage objects and, as a result, trigger GC.
	It is recommended to disable useCacheForAllThreads by setting -Dorg.apache.ratis.thirdparty.io.netty.allocator.useCacheForAllThreads=false in command line.
2019-10-04 16:16:34,656 [main] INFO  grpc.GrpcConfigKeys$Server (ConfUtils.java:logGet(43)) - raft.grpc.server.port = 0 (default)
2019-10-04 16:16:34,656 [main] INFO  server.GrpcService (ConfUtils.java:logGet(43)) - raft.grpc.message.size.max = 33570816 (custom)
2019-10-04 16:16:34,656 [main] INFO  server.RaftServerConfigKeys (ConfUtils.java:logGet(43)) - raft.server.log.appender.buffer.byte-limit = 33554432 (custom)
2019-10-04 16:16:34,656 [main] INFO  server.GrpcService (ConfUtils.java:logGet(43)) - raft.grpc.flow.control.window = 1MB (=1048576) (default)
2019-10-04 16:16:34,656 [main] INFO  server.RaftServerConfigKeys (ConfUtils.java:logGet(43)) - raft.server.rpc.request.timeout = 3000ms (default)
2019-10-04 16:16:34,657 [main] INFO  server.RaftServerConfigKeys (ConfUtils.java:logGet(43)) - raft.server.storage.dir = [/workdir/hadoop-ozone/integration-test/target/test-dir/MiniOzoneClusterImpl-5f3f7f76-1fae-48f1-99ed-10da744dd461/datanode-1/data/ratis] (custom)
2019-10-04 16:16:34,658 [main] INFO  hdfs.DFSUtil (DFSUtil.java:httpServerTemplateForNNAndJN(1641)) - Starting Web-server for hddsDatanode at: http://0.0.0.0:0
2019-10-04 16:16:34,659 [main] INFO  server.AuthenticationFilter (AuthenticationFilter.java:constructSecretProvider(240)) - Unable to initialize FileSignerSecretProvider, falling back to use random secrets.
2019-10-04 16:16:34,659 [main] WARN  http.HttpRequestLog (HttpRequestLog.java:getRequestLog(97)) - Jetty request log can only be enabled using Log4j
2019-10-04 16:16:34,660 [main] INFO  http.HttpServer2 (HttpServer2.java:addGlobalFilter(975)) - Added global filter 'safety' (class=org.apache.hadoop.http.HttpServer2$QuotingInputFilter)
2019-10-04 16:16:34,661 [main] INFO  http.HttpServer2 (HttpServer2.java:addFilter(948)) - Added filter static_user_filter (class=org.apache.hadoop.http.lib.StaticUserWebFilter$StaticUserFilter) to context hddsDatanode
2019-10-04 16:16:34,661 [main] INFO  http.HttpServer2 (HttpServer2.java:addFilter(958)) - Added filter static_user_filter (class=org.apache.hadoop.http.lib.StaticUserWebFilter$StaticUserFilter) to context static
2019-10-04 16:16:34,661 [main] INFO  http.HttpServer2 (HttpServer2.java:addFilter(958)) - Added filter static_user_filter (class=org.apache.hadoop.http.lib.StaticUserWebFilter$StaticUserFilter) to context logs
2019-10-04 16:16:34,662 [main] INFO  http.HttpServer2 (HttpServer2.java:bindListener(1191)) - Jetty bound to port 37012
2019-10-04 16:16:34,662 [main] INFO  server.Server (Server.java:doStart(351)) - jetty-9.3.25.v20180904, build timestamp: 2018-09-04T21:11:46Z, git hash: 3ce520221d0240229c862b122d2b06c12a625732
2019-10-04 16:16:34,664 [main] INFO  handler.ContextHandler (ContextHandler.java:doStart(781)) - Started o.e.j.s.ServletContextHandler@8641b7d{/logs,file:///workdir/hadoop-ozone/integration-test/target/log,AVAILABLE}
2019-10-04 16:16:34,664 [main] INFO  handler.ContextHandler (ContextHandler.java:doStart(781)) - Started o.e.j.s.ServletContextHandler@3fb450d7{/static,jar:file:/home/user/.m2/repository/org/apache/hadoop/hadoop-hdds-container-service/0.5.0-SNAPSHOT/hadoop-hdds-container-service-0.5.0-SNAPSHOT.jar!/webapps/static,AVAILABLE}
2019-10-04 16:16:34,691 [main] INFO  handler.ContextHandler (ContextHandler.java:doStart(781)) - Started o.e.j.w.WebAppContext@6d294ddc{/,file:///tmp/jetty-0.0.0.0-37012-hddsDatanode-_-any-9150358161737813999.dir/webapp/,AVAILABLE}{/hddsDatanode}
2019-10-04 16:16:34,692 [main] INFO  server.AbstractConnector (AbstractConnector.java:doStart(278)) - Started ServerConnector@2801827a{HTTP/1.1,[http/1.1]}{0.0.0.0:37012}
2019-10-04 16:16:34,693 [main] INFO  server.Server (Server.java:doStart(419)) - Started @209552ms
2019-10-04 16:16:34,693 [main] WARN  impl.MetricsSystemImpl (MetricsSystemImpl.java:register(276)) - Sink prometheus already exists!
2019-10-04 16:16:34,694 [main] INFO  server.BaseHttpServer (BaseHttpServer.java:updateConnectorAddress(215)) - HTTP server of HDDSDATANODE is listening at http://0.0.0.0:37012
2019-10-04 16:16:34,694 [main] INFO  impl.MetricsSystemImpl (MetricsSystemImpl.java:init(158)) - HddsDatanode metrics system started (again)
2019-10-04 16:16:34,698 [org.apache.hadoop.util.JvmPauseMonitor$Monitor@65192cbc] INFO  util.JvmPauseMonitor (JvmPauseMonitor.java:run(188)) - Starting JVM pause monitor
2019-10-04 16:16:34,699 [main] INFO  ozone.HddsDatanodeService (HddsDatanodeService.java:start(184)) - HddsDatanodeService host:pr-hdds-2250-qhw8f-1617406954 ip:192.168.5.153
2019-10-04 16:16:34,700 [Datanode State Machine Thread - 0] INFO  datanode.InitDatanodeState (InitDatanodeState.java:persistContainerDatanodeDetails(140)) - DatanodeDetails is persisted to /workdir/hadoop-ozone/integration-test/target/test-dir/MiniOzoneClusterImpl-5f3f7f76-1fae-48f1-99ed-10da744dd461/datanode-1/meta/datanode.id
2019-10-04 16:16:34,705 [main] INFO  volume.HddsVolume (HddsVolume.java:<init>(176)) - Creating Volume: /workdir/hadoop-ozone/integration-test/target/test-dir/MiniOzoneClusterImpl-5f3f7f76-1fae-48f1-99ed-10da744dd461/datanode-2/data/containers/hdds of  storage type : DISK and capacity : 1482555576320
2019-10-04 16:16:34,705 [main] INFO  volume.VolumeSet (VolumeSet.java:initializeVolumeSet(170)) - Added Volume : /workdir/hadoop-ozone/integration-test/target/test-dir/MiniOzoneClusterImpl-5f3f7f76-1fae-48f1-99ed-10da744dd461/datanode-2/data/containers/hdds to VolumeSet
2019-10-04 16:16:34,705 [main] INFO  volume.ThrottledAsyncChecker (ThrottledAsyncChecker.java:schedule(139)) - Scheduling a check for org.apache.hadoop.ozone.container.common.volume.HddsVolume@3f6cce7f
2019-10-04 16:16:34,706 [main] INFO  volume.HddsVolumeChecker (HddsVolumeChecker.java:checkAllVolumes(202)) - Scheduled health check for volume org.apache.hadoop.ozone.container.common.volume.HddsVolume@3f6cce7f
2019-10-04 16:16:34,720 [main] INFO  impl.RaftServerProxy (ConfUtils.java:logGet(43)) - raft.rpc.type = GRPC (default)
2019-10-04 16:16:34,720 [main] INFO  grpc.GrpcFactory (GrpcFactory.java:checkPooledByteBufAllocatorUseCacheForAllThreads(45)) - PERFORMANCE WARNING: useCacheForAllThreads is true that may cause Netty to create a lot garbage objects and, as a result, trigger GC.
	It is recommended to disable useCacheForAllThreads by setting -Dorg.apache.ratis.thirdparty.io.netty.allocator.useCacheForAllThreads=false in command line.
2019-10-04 16:16:34,720 [main] INFO  grpc.GrpcConfigKeys$Server (ConfUtils.java:logGet(43)) - raft.grpc.server.port = 0 (default)
2019-10-04 16:16:34,721 [main] INFO  server.GrpcService (ConfUtils.java:logGet(43)) - raft.grpc.message.size.max = 33570816 (custom)
2019-10-04 16:16:34,721 [main] INFO  server.RaftServerConfigKeys (ConfUtils.java:logGet(43)) - raft.server.log.appender.buffer.byte-limit = 33554432 (custom)
2019-10-04 16:16:34,721 [main] INFO  server.GrpcService (ConfUtils.java:logGet(43)) - raft.grpc.flow.control.window = 1MB (=1048576) (default)
2019-10-04 16:16:34,721 [main] INFO  server.RaftServerConfigKeys (ConfUtils.java:logGet(43)) - raft.server.rpc.request.timeout = 3000ms (default)
2019-10-04 16:16:34,721 [main] INFO  server.RaftServerConfigKeys (ConfUtils.java:logGet(43)) - raft.server.storage.dir = [/workdir/hadoop-ozone/integration-test/target/test-dir/MiniOzoneClusterImpl-5f3f7f76-1fae-48f1-99ed-10da744dd461/datanode-2/data/ratis] (custom)
2019-10-04 16:16:34,723 [main] INFO  hdfs.DFSUtil (DFSUtil.java:httpServerTemplateForNNAndJN(1641)) - Starting Web-server for hddsDatanode at: http://0.0.0.0:0
2019-10-04 16:16:34,724 [main] INFO  server.AuthenticationFilter (AuthenticationFilter.java:constructSecretProvider(240)) - Unable to initialize FileSignerSecretProvider, falling back to use random secrets.
2019-10-04 16:16:34,724 [main] WARN  http.HttpRequestLog (HttpRequestLog.java:getRequestLog(97)) - Jetty request log can only be enabled using Log4j
2019-10-04 16:16:34,725 [main] INFO  http.HttpServer2 (HttpServer2.java:addGlobalFilter(975)) - Added global filter 'safety' (class=org.apache.hadoop.http.HttpServer2$QuotingInputFilter)
2019-10-04 16:16:34,726 [main] INFO  http.HttpServer2 (HttpServer2.java:addFilter(948)) - Added filter static_user_filter (class=org.apache.hadoop.http.lib.StaticUserWebFilter$StaticUserFilter) to context hddsDatanode
2019-10-04 16:16:34,726 [main] INFO  http.HttpServer2 (HttpServer2.java:addFilter(958)) - Added filter static_user_filter (class=org.apache.hadoop.http.lib.StaticUserWebFilter$StaticUserFilter) to context static
2019-10-04 16:16:34,726 [main] INFO  http.HttpServer2 (HttpServer2.java:addFilter(958)) - Added filter static_user_filter (class=org.apache.hadoop.http.lib.StaticUserWebFilter$StaticUserFilter) to context logs
2019-10-04 16:16:34,726 [main] INFO  http.HttpServer2 (HttpServer2.java:bindListener(1191)) - Jetty bound to port 44185
2019-10-04 16:16:34,727 [main] INFO  server.Server (Server.java:doStart(351)) - jetty-9.3.25.v20180904, build timestamp: 2018-09-04T21:11:46Z, git hash: 3ce520221d0240229c862b122d2b06c12a625732
2019-10-04 16:16:34,728 [main] INFO  handler.ContextHandler (ContextHandler.java:doStart(781)) - Started o.e.j.s.ServletContextHandler@6075b369{/logs,file:///workdir/hadoop-ozone/integration-test/target/log,AVAILABLE}
2019-10-04 16:16:34,728 [main] INFO  handler.ContextHandler (ContextHandler.java:doStart(781)) - Started o.e.j.s.ServletContextHandler@6b70d1fb{/static,jar:file:/home/user/.m2/repository/org/apache/hadoop/hadoop-hdds-container-service/0.5.0-SNAPSHOT/hadoop-hdds-container-service-0.5.0-SNAPSHOT.jar!/webapps/static,AVAILABLE}
2019-10-04 16:16:34,757 [main] INFO  handler.ContextHandler (ContextHandler.java:doStart(781)) - Started o.e.j.w.WebAppContext@4f3356c0{/,file:///tmp/jetty-0.0.0.0-44185-hddsDatanode-_-any-2038588417736559434.dir/webapp/,AVAILABLE}{/hddsDatanode}
2019-10-04 16:16:34,758 [main] INFO  server.AbstractConnector (AbstractConnector.java:doStart(278)) - Started ServerConnector@586cc15d{HTTP/1.1,[http/1.1]}{0.0.0.0:44185}
2019-10-04 16:16:34,759 [main] INFO  server.Server (Server.java:doStart(419)) - Started @209618ms
2019-10-04 16:16:34,759 [main] WARN  impl.MetricsSystemImpl (MetricsSystemImpl.java:register(276)) - Sink prometheus already exists!
2019-10-04 16:16:34,760 [main] INFO  server.BaseHttpServer (BaseHttpServer.java:updateConnectorAddress(215)) - HTTP server of HDDSDATANODE is listening at http://0.0.0.0:44185
2019-10-04 16:16:34,760 [main] INFO  impl.MetricsSystemImpl (MetricsSystemImpl.java:init(158)) - HddsDatanode metrics system started (again)
2019-10-04 16:16:34,764 [org.apache.hadoop.util.JvmPauseMonitor$Monitor@3a2afc6d] INFO  util.JvmPauseMonitor (JvmPauseMonitor.java:run(188)) - Starting JVM pause monitor
2019-10-04 16:16:34,765 [main] INFO  ozone.HddsDatanodeService (HddsDatanodeService.java:start(184)) - HddsDatanodeService host:pr-hdds-2250-qhw8f-1617406954 ip:192.168.5.153
2019-10-04 16:16:34,765 [Datanode State Machine Thread - 0] INFO  datanode.InitDatanodeState (InitDatanodeState.java:persistContainerDatanodeDetails(140)) - DatanodeDetails is persisted to /workdir/hadoop-ozone/integration-test/target/test-dir/MiniOzoneClusterImpl-5f3f7f76-1fae-48f1-99ed-10da744dd461/datanode-2/meta/datanode.id
2019-10-04 16:16:34,770 [main] INFO  volume.HddsVolume (HddsVolume.java:<init>(176)) - Creating Volume: /workdir/hadoop-ozone/integration-test/target/test-dir/MiniOzoneClusterImpl-5f3f7f76-1fae-48f1-99ed-10da744dd461/datanode-3/data/containers/hdds of  storage type : DISK and capacity : 1482555576320
2019-10-04 16:16:34,770 [main] INFO  volume.VolumeSet (VolumeSet.java:initializeVolumeSet(170)) - Added Volume : /workdir/hadoop-ozone/integration-test/target/test-dir/MiniOzoneClusterImpl-5f3f7f76-1fae-48f1-99ed-10da744dd461/datanode-3/data/containers/hdds to VolumeSet
2019-10-04 16:16:34,770 [main] INFO  volume.ThrottledAsyncChecker (ThrottledAsyncChecker.java:schedule(139)) - Scheduling a check for org.apache.hadoop.ozone.container.common.volume.HddsVolume@5ec9eefa
2019-10-04 16:16:34,771 [main] INFO  volume.HddsVolumeChecker (HddsVolumeChecker.java:checkAllVolumes(202)) - Scheduled health check for volume org.apache.hadoop.ozone.container.common.volume.HddsVolume@5ec9eefa
2019-10-04 16:16:34,783 [main] INFO  impl.RaftServerProxy (ConfUtils.java:logGet(43)) - raft.rpc.type = GRPC (default)
2019-10-04 16:16:34,784 [main] INFO  grpc.GrpcFactory (GrpcFactory.java:checkPooledByteBufAllocatorUseCacheForAllThreads(45)) - PERFORMANCE WARNING: useCacheForAllThreads is true that may cause Netty to create a lot garbage objects and, as a result, trigger GC.
	It is recommended to disable useCacheForAllThreads by setting -Dorg.apache.ratis.thirdparty.io.netty.allocator.useCacheForAllThreads=false in command line.
2019-10-04 16:16:34,784 [main] INFO  grpc.GrpcConfigKeys$Server (ConfUtils.java:logGet(43)) - raft.grpc.server.port = 0 (default)
2019-10-04 16:16:34,784 [main] INFO  server.GrpcService (ConfUtils.java:logGet(43)) - raft.grpc.message.size.max = 33570816 (custom)
2019-10-04 16:16:34,784 [main] INFO  server.RaftServerConfigKeys (ConfUtils.java:logGet(43)) - raft.server.log.appender.buffer.byte-limit = 33554432 (custom)
2019-10-04 16:16:34,784 [main] INFO  server.GrpcService (ConfUtils.java:logGet(43)) - raft.grpc.flow.control.window = 1MB (=1048576) (default)
2019-10-04 16:16:34,785 [main] INFO  server.RaftServerConfigKeys (ConfUtils.java:logGet(43)) - raft.server.rpc.request.timeout = 3000ms (default)
2019-10-04 16:16:34,785 [main] INFO  server.RaftServerConfigKeys (ConfUtils.java:logGet(43)) - raft.server.storage.dir = [/workdir/hadoop-ozone/integration-test/target/test-dir/MiniOzoneClusterImpl-5f3f7f76-1fae-48f1-99ed-10da744dd461/datanode-3/data/ratis] (custom)
2019-10-04 16:16:34,786 [main] INFO  hdfs.DFSUtil (DFSUtil.java:httpServerTemplateForNNAndJN(1641)) - Starting Web-server for hddsDatanode at: http://0.0.0.0:0
2019-10-04 16:16:34,787 [main] INFO  server.AuthenticationFilter (AuthenticationFilter.java:constructSecretProvider(240)) - Unable to initialize FileSignerSecretProvider, falling back to use random secrets.
2019-10-04 16:16:34,787 [main] WARN  http.HttpRequestLog (HttpRequestLog.java:getRequestLog(97)) - Jetty request log can only be enabled using Log4j
2019-10-04 16:16:34,789 [main] INFO  http.HttpServer2 (HttpServer2.java:addGlobalFilter(975)) - Added global filter 'safety' (class=org.apache.hadoop.http.HttpServer2$QuotingInputFilter)
2019-10-04 16:16:34,789 [main] INFO  http.HttpServer2 (HttpServer2.java:addFilter(948)) - Added filter static_user_filter (class=org.apache.hadoop.http.lib.StaticUserWebFilter$StaticUserFilter) to context hddsDatanode
2019-10-04 16:16:34,789 [main] INFO  http.HttpServer2 (HttpServer2.java:addFilter(958)) - Added filter static_user_filter (class=org.apache.hadoop.http.lib.StaticUserWebFilter$StaticUserFilter) to context static
2019-10-04 16:16:34,789 [main] INFO  http.HttpServer2 (HttpServer2.java:addFilter(958)) - Added filter static_user_filter (class=org.apache.hadoop.http.lib.StaticUserWebFilter$StaticUserFilter) to context logs
2019-10-04 16:16:34,790 [main] INFO  http.HttpServer2 (HttpServer2.java:bindListener(1191)) - Jetty bound to port 39601
2019-10-04 16:16:34,790 [main] INFO  server.Server (Server.java:doStart(351)) - jetty-9.3.25.v20180904, build timestamp: 2018-09-04T21:11:46Z, git hash: 3ce520221d0240229c862b122d2b06c12a625732
2019-10-04 16:16:34,792 [main] INFO  handler.ContextHandler (ContextHandler.java:doStart(781)) - Started o.e.j.s.ServletContextHandler@31ab1e67{/logs,file:///workdir/hadoop-ozone/integration-test/target/log,AVAILABLE}
2019-10-04 16:16:34,792 [main] INFO  handler.ContextHandler (ContextHandler.java:doStart(781)) - Started o.e.j.s.ServletContextHandler@3487442d{/static,jar:file:/home/user/.m2/repository/org/apache/hadoop/hadoop-hdds-container-service/0.5.0-SNAPSHOT/hadoop-hdds-container-service-0.5.0-SNAPSHOT.jar!/webapps/static,AVAILABLE}
2019-10-04 16:16:34,820 [main] INFO  handler.ContextHandler (ContextHandler.java:doStart(781)) - Started o.e.j.w.WebAppContext@72c9ebfa{/,file:///tmp/jetty-0.0.0.0-39601-hddsDatanode-_-any-9071180015474356963.dir/webapp/,AVAILABLE}{/hddsDatanode}
2019-10-04 16:16:34,821 [main] INFO  server.AbstractConnector (AbstractConnector.java:doStart(278)) - Started ServerConnector@686cf8ad{HTTP/1.1,[http/1.1]}{0.0.0.0:39601}
2019-10-04 16:16:34,822 [main] INFO  server.Server (Server.java:doStart(419)) - Started @209682ms
2019-10-04 16:16:34,823 [main] WARN  impl.MetricsSystemImpl (MetricsSystemImpl.java:register(276)) - Sink prometheus already exists!
2019-10-04 16:16:34,823 [main] INFO  server.BaseHttpServer (BaseHttpServer.java:updateConnectorAddress(215)) - HTTP server of HDDSDATANODE is listening at http://0.0.0.0:39601
2019-10-04 16:16:34,823 [main] INFO  impl.MetricsSystemImpl (MetricsSystemImpl.java:init(158)) - HddsDatanode metrics system started (again)
2019-10-04 16:16:34,828 [org.apache.hadoop.util.JvmPauseMonitor$Monitor@1fce368a] INFO  util.JvmPauseMonitor (JvmPauseMonitor.java:run(188)) - Starting JVM pause monitor
2019-10-04 16:16:34,828 [main] INFO  ozone.HddsDatanodeService (HddsDatanodeService.java:start(184)) - HddsDatanodeService host:pr-hdds-2250-qhw8f-1617406954 ip:192.168.5.153
2019-10-04 16:16:34,830 [Datanode State Machine Thread - 0] INFO  datanode.InitDatanodeState (InitDatanodeState.java:persistContainerDatanodeDetails(140)) - DatanodeDetails is persisted to /workdir/hadoop-ozone/integration-test/target/test-dir/MiniOzoneClusterImpl-5f3f7f76-1fae-48f1-99ed-10da744dd461/datanode-3/meta/datanode.id
2019-10-04 16:16:34,835 [main] INFO  volume.HddsVolume (HddsVolume.java:<init>(176)) - Creating Volume: /workdir/hadoop-ozone/integration-test/target/test-dir/MiniOzoneClusterImpl-5f3f7f76-1fae-48f1-99ed-10da744dd461/datanode-4/data/containers/hdds of  storage type : DISK and capacity : 1482555576320
2019-10-04 16:16:34,835 [main] INFO  volume.VolumeSet (VolumeSet.java:initializeVolumeSet(170)) - Added Volume : /workdir/hadoop-ozone/integration-test/target/test-dir/MiniOzoneClusterImpl-5f3f7f76-1fae-48f1-99ed-10da744dd461/datanode-4/data/containers/hdds to VolumeSet
2019-10-04 16:16:34,835 [main] INFO  volume.ThrottledAsyncChecker (ThrottledAsyncChecker.java:schedule(139)) - Scheduling a check for org.apache.hadoop.ozone.container.common.volume.HddsVolume@3dec3f87
2019-10-04 16:16:34,835 [main] INFO  volume.HddsVolumeChecker (HddsVolumeChecker.java:checkAllVolumes(202)) - Scheduled health check for volume org.apache.hadoop.ozone.container.common.volume.HddsVolume@3dec3f87
2019-10-04 16:16:34,849 [main] INFO  impl.RaftServerProxy (ConfUtils.java:logGet(43)) - raft.rpc.type = GRPC (default)
2019-10-04 16:16:34,849 [main] INFO  grpc.GrpcFactory (GrpcFactory.java:checkPooledByteBufAllocatorUseCacheForAllThreads(45)) - PERFORMANCE WARNING: useCacheForAllThreads is true that may cause Netty to create a lot garbage objects and, as a result, trigger GC.
	It is recommended to disable useCacheForAllThreads by setting -Dorg.apache.ratis.thirdparty.io.netty.allocator.useCacheForAllThreads=false in command line.
2019-10-04 16:16:34,849 [main] INFO  grpc.GrpcConfigKeys$Server (ConfUtils.java:logGet(43)) - raft.grpc.server.port = 0 (default)
2019-10-04 16:16:34,849 [main] INFO  server.GrpcService (ConfUtils.java:logGet(43)) - raft.grpc.message.size.max = 33570816 (custom)
2019-10-04 16:16:34,849 [main] INFO  server.RaftServerConfigKeys (ConfUtils.java:logGet(43)) - raft.server.log.appender.buffer.byte-limit = 33554432 (custom)
2019-10-04 16:16:34,850 [main] INFO  server.GrpcService (ConfUtils.java:logGet(43)) - raft.grpc.flow.control.window = 1MB (=1048576) (default)
2019-10-04 16:16:34,850 [main] INFO  server.RaftServerConfigKeys (ConfUtils.java:logGet(43)) - raft.server.rpc.request.timeout = 3000ms (default)
2019-10-04 16:16:34,850 [main] INFO  server.RaftServerConfigKeys (ConfUtils.java:logGet(43)) - raft.server.storage.dir = [/workdir/hadoop-ozone/integration-test/target/test-dir/MiniOzoneClusterImpl-5f3f7f76-1fae-48f1-99ed-10da744dd461/datanode-4/data/ratis] (custom)
2019-10-04 16:16:34,851 [main] INFO  hdfs.DFSUtil (DFSUtil.java:httpServerTemplateForNNAndJN(1641)) - Starting Web-server for hddsDatanode at: http://0.0.0.0:0
2019-10-04 16:16:34,853 [main] INFO  server.AuthenticationFilter (AuthenticationFilter.java:constructSecretProvider(240)) - Unable to initialize FileSignerSecretProvider, falling back to use random secrets.
2019-10-04 16:16:34,853 [main] WARN  http.HttpRequestLog (HttpRequestLog.java:getRequestLog(97)) - Jetty request log can only be enabled using Log4j
2019-10-04 16:16:34,854 [main] INFO  http.HttpServer2 (HttpServer2.java:addGlobalFilter(975)) - Added global filter 'safety' (class=org.apache.hadoop.http.HttpServer2$QuotingInputFilter)
2019-10-04 16:16:34,855 [main] INFO  http.HttpServer2 (HttpServer2.java:addFilter(948)) - Added filter static_user_filter (class=org.apache.hadoop.http.lib.StaticUserWebFilter$StaticUserFilter) to context hddsDatanode
2019-10-04 16:16:34,855 [main] INFO  http.HttpServer2 (HttpServer2.java:addFilter(958)) - Added filter static_user_filter (class=org.apache.hadoop.http.lib.StaticUserWebFilter$StaticUserFilter) to context logs
2019-10-04 16:16:34,855 [main] INFO  http.HttpServer2 (HttpServer2.java:addFilter(958)) - Added filter static_user_filter (class=org.apache.hadoop.http.lib.StaticUserWebFilter$StaticUserFilter) to context static
2019-10-04 16:16:34,856 [main] INFO  http.HttpServer2 (HttpServer2.java:bindListener(1191)) - Jetty bound to port 41692
2019-10-04 16:16:34,856 [main] INFO  server.Server (Server.java:doStart(351)) - jetty-9.3.25.v20180904, build timestamp: 2018-09-04T21:11:46Z, git hash: 3ce520221d0240229c862b122d2b06c12a625732
2019-10-04 16:16:34,858 [main] INFO  handler.ContextHandler (ContextHandler.java:doStart(781)) - Started o.e.j.s.ServletContextHandler@3a0b6a{/logs,file:///workdir/hadoop-ozone/integration-test/target/log,AVAILABLE}
2019-10-04 16:16:34,858 [main] INFO  handler.ContextHandler (ContextHandler.java:doStart(781)) - Started o.e.j.s.ServletContextHandler@6f1fa1d0{/static,jar:file:/home/user/.m2/repository/org/apache/hadoop/hadoop-hdds-container-service/0.5.0-SNAPSHOT/hadoop-hdds-container-service-0.5.0-SNAPSHOT.jar!/webapps/static,AVAILABLE}
2019-10-04 16:16:34,887 [main] INFO  handler.ContextHandler (ContextHandler.java:doStart(781)) - Started o.e.j.w.WebAppContext@272778ae{/,file:///tmp/jetty-0.0.0.0-41692-hddsDatanode-_-any-3365319876589151170.dir/webapp/,AVAILABLE}{/hddsDatanode}
2019-10-04 16:16:34,887 [main] INFO  server.AbstractConnector (AbstractConnector.java:doStart(278)) - Started ServerConnector@2cccf134{HTTP/1.1,[http/1.1]}{0.0.0.0:41692}
2019-10-04 16:16:34,889 [main] INFO  server.Server (Server.java:doStart(419)) - Started @209748ms
2019-10-04 16:16:34,889 [main] WARN  impl.MetricsSystemImpl (MetricsSystemImpl.java:register(276)) - Sink prometheus already exists!
2019-10-04 16:16:34,890 [main] INFO  server.BaseHttpServer (BaseHttpServer.java:updateConnectorAddress(215)) - HTTP server of HDDSDATANODE is listening at http://0.0.0.0:41692
2019-10-04 16:16:34,890 [main] INFO  impl.MetricsSystemImpl (MetricsSystemImpl.java:init(158)) - HddsDatanode metrics system started (again)
2019-10-04 16:16:34,895 [org.apache.hadoop.util.JvmPauseMonitor$Monitor@69f87f5c] INFO  util.JvmPauseMonitor (JvmPauseMonitor.java:run(188)) - Starting JVM pause monitor
2019-10-04 16:16:34,896 [main] INFO  ozone.HddsDatanodeService (HddsDatanodeService.java:start(184)) - HddsDatanodeService host:pr-hdds-2250-qhw8f-1617406954 ip:192.168.5.153
2019-10-04 16:16:34,896 [Datanode State Machine Thread - 0] INFO  datanode.InitDatanodeState (InitDatanodeState.java:persistContainerDatanodeDetails(140)) - DatanodeDetails is persisted to /workdir/hadoop-ozone/integration-test/target/test-dir/MiniOzoneClusterImpl-5f3f7f76-1fae-48f1-99ed-10da744dd461/datanode-4/meta/datanode.id
2019-10-04 16:16:34,903 [main] INFO  volume.HddsVolume (HddsVolume.java:<init>(176)) - Creating Volume: /workdir/hadoop-ozone/integration-test/target/test-dir/MiniOzoneClusterImpl-5f3f7f76-1fae-48f1-99ed-10da744dd461/datanode-5/data/containers/hdds of  storage type : DISK and capacity : 1482555576320
2019-10-04 16:16:34,903 [main] INFO  volume.VolumeSet (VolumeSet.java:initializeVolumeSet(170)) - Added Volume : /workdir/hadoop-ozone/integration-test/target/test-dir/MiniOzoneClusterImpl-5f3f7f76-1fae-48f1-99ed-10da744dd461/datanode-5/data/containers/hdds to VolumeSet
2019-10-04 16:16:34,903 [main] INFO  volume.ThrottledAsyncChecker (ThrottledAsyncChecker.java:schedule(139)) - Scheduling a check for org.apache.hadoop.ozone.container.common.volume.HddsVolume@3a788fe0
2019-10-04 16:16:34,904 [main] INFO  volume.HddsVolumeChecker (HddsVolumeChecker.java:checkAllVolumes(202)) - Scheduled health check for volume org.apache.hadoop.ozone.container.common.volume.HddsVolume@3a788fe0
2019-10-04 16:16:34,917 [main] INFO  impl.RaftServerProxy (ConfUtils.java:logGet(43)) - raft.rpc.type = GRPC (default)
2019-10-04 16:16:34,917 [main] INFO  grpc.GrpcFactory (GrpcFactory.java:checkPooledByteBufAllocatorUseCacheForAllThreads(45)) - PERFORMANCE WARNING: useCacheForAllThreads is true that may cause Netty to create a lot garbage objects and, as a result, trigger GC.
	It is recommended to disable useCacheForAllThreads by setting -Dorg.apache.ratis.thirdparty.io.netty.allocator.useCacheForAllThreads=false in command line.
2019-10-04 16:16:34,917 [main] INFO  grpc.GrpcConfigKeys$Server (ConfUtils.java:logGet(43)) - raft.grpc.server.port = 0 (default)
2019-10-04 16:16:34,918 [main] INFO  server.GrpcService (ConfUtils.java:logGet(43)) - raft.grpc.message.size.max = 33570816 (custom)
2019-10-04 16:16:34,918 [main] INFO  server.RaftServerConfigKeys (ConfUtils.java:logGet(43)) - raft.server.log.appender.buffer.byte-limit = 33554432 (custom)
2019-10-04 16:16:34,918 [main] INFO  server.GrpcService (ConfUtils.java:logGet(43)) - raft.grpc.flow.control.window = 1MB (=1048576) (default)
2019-10-04 16:16:34,918 [main] INFO  server.RaftServerConfigKeys (ConfUtils.java:logGet(43)) - raft.server.rpc.request.timeout = 3000ms (default)
2019-10-04 16:16:34,918 [main] INFO  server.RaftServerConfigKeys (ConfUtils.java:logGet(43)) - raft.server.storage.dir = [/workdir/hadoop-ozone/integration-test/target/test-dir/MiniOzoneClusterImpl-5f3f7f76-1fae-48f1-99ed-10da744dd461/datanode-5/data/ratis] (custom)
2019-10-04 16:16:34,919 [main] INFO  hdfs.DFSUtil (DFSUtil.java:httpServerTemplateForNNAndJN(1641)) - Starting Web-server for hddsDatanode at: http://0.0.0.0:0
2019-10-04 16:16:34,921 [main] INFO  server.AuthenticationFilter (AuthenticationFilter.java:constructSecretProvider(240)) - Unable to initialize FileSignerSecretProvider, falling back to use random secrets.
2019-10-04 16:16:34,921 [main] WARN  http.HttpRequestLog (HttpRequestLog.java:getRequestLog(97)) - Jetty request log can only be enabled using Log4j
2019-10-04 16:16:34,922 [main] INFO  http.HttpServer2 (HttpServer2.java:addGlobalFilter(975)) - Added global filter 'safety' (class=org.apache.hadoop.http.HttpServer2$QuotingInputFilter)
2019-10-04 16:16:34,923 [main] INFO  http.HttpServer2 (HttpServer2.java:addFilter(948)) - Added filter static_user_filter (class=org.apache.hadoop.http.lib.StaticUserWebFilter$StaticUserFilter) to context hddsDatanode
2019-10-04 16:16:34,923 [main] INFO  http.HttpServer2 (HttpServer2.java:addFilter(958)) - Added filter static_user_filter (class=org.apache.hadoop.http.lib.StaticUserWebFilter$StaticUserFilter) to context static
2019-10-04 16:16:34,923 [main] INFO  http.HttpServer2 (HttpServer2.java:addFilter(958)) - Added filter static_user_filter (class=org.apache.hadoop.http.lib.StaticUserWebFilter$StaticUserFilter) to context logs
2019-10-04 16:16:34,924 [main] INFO  http.HttpServer2 (HttpServer2.java:bindListener(1191)) - Jetty bound to port 41499
2019-10-04 16:16:34,924 [main] INFO  server.Server (Server.java:doStart(351)) - jetty-9.3.25.v20180904, build timestamp: 2018-09-04T21:11:46Z, git hash: 3ce520221d0240229c862b122d2b06c12a625732
2019-10-04 16:16:34,925 [main] INFO  handler.ContextHandler (ContextHandler.java:doStart(781)) - Started o.e.j.s.ServletContextHandler@29c53c4f{/logs,file:///workdir/hadoop-ozone/integration-test/target/log,AVAILABLE}
2019-10-04 16:16:34,926 [main] INFO  handler.ContextHandler (ContextHandler.java:doStart(781)) - Started o.e.j.s.ServletContextHandler@2ee4706d{/static,jar:file:/home/user/.m2/repository/org/apache/hadoop/hadoop-hdds-container-service/0.5.0-SNAPSHOT/hadoop-hdds-container-service-0.5.0-SNAPSHOT.jar!/webapps/static,AVAILABLE}
2019-10-04 16:16:34,954 [main] INFO  handler.ContextHandler (ContextHandler.java:doStart(781)) - Started o.e.j.w.WebAppContext@11810917{/,file:///tmp/jetty-0.0.0.0-41499-hddsDatanode-_-any-4855351396112215453.dir/webapp/,AVAILABLE}{/hddsDatanode}
2019-10-04 16:16:34,954 [main] INFO  server.AbstractConnector (AbstractConnector.java:doStart(278)) - Started ServerConnector@13278a41{HTTP/1.1,[http/1.1]}{0.0.0.0:41499}
2019-10-04 16:16:34,956 [main] INFO  server.Server (Server.java:doStart(419)) - Started @209815ms
2019-10-04 16:16:34,956 [main] WARN  impl.MetricsSystemImpl (MetricsSystemImpl.java:register(276)) - Sink prometheus already exists!
2019-10-04 16:16:34,957 [main] INFO  server.BaseHttpServer (BaseHttpServer.java:updateConnectorAddress(215)) - HTTP server of HDDSDATANODE is listening at http://0.0.0.0:41499
2019-10-04 16:16:34,957 [main] INFO  impl.MetricsSystemImpl (MetricsSystemImpl.java:init(158)) - HddsDatanode metrics system started (again)
2019-10-04 16:16:34,962 [org.apache.hadoop.util.JvmPauseMonitor$Monitor@4dd722a4] INFO  util.JvmPauseMonitor (JvmPauseMonitor.java:run(188)) - Starting JVM pause monitor
2019-10-04 16:16:34,963 [main] INFO  ozone.HddsDatanodeService (HddsDatanodeService.java:start(184)) - HddsDatanodeService host:pr-hdds-2250-qhw8f-1617406954 ip:192.168.5.153
2019-10-04 16:16:34,963 [Datanode State Machine Thread - 0] INFO  datanode.InitDatanodeState (InitDatanodeState.java:persistContainerDatanodeDetails(140)) - DatanodeDetails is persisted to /workdir/hadoop-ozone/integration-test/target/test-dir/MiniOzoneClusterImpl-5f3f7f76-1fae-48f1-99ed-10da744dd461/datanode-5/meta/datanode.id
2019-10-04 16:16:34,968 [main] INFO  volume.HddsVolume (HddsVolume.java:<init>(176)) - Creating Volume: /workdir/hadoop-ozone/integration-test/target/test-dir/MiniOzoneClusterImpl-5f3f7f76-1fae-48f1-99ed-10da744dd461/datanode-6/data/containers/hdds of  storage type : DISK and capacity : 1482555576320
2019-10-04 16:16:34,968 [main] INFO  volume.VolumeSet (VolumeSet.java:initializeVolumeSet(170)) - Added Volume : /workdir/hadoop-ozone/integration-test/target/test-dir/MiniOzoneClusterImpl-5f3f7f76-1fae-48f1-99ed-10da744dd461/datanode-6/data/containers/hdds to VolumeSet
2019-10-04 16:16:34,968 [main] INFO  volume.ThrottledAsyncChecker (ThrottledAsyncChecker.java:schedule(139)) - Scheduling a check for org.apache.hadoop.ozone.container.common.volume.HddsVolume@37d3e140
2019-10-04 16:16:34,969 [main] INFO  volume.HddsVolumeChecker (HddsVolumeChecker.java:checkAllVolumes(202)) - Scheduled health check for volume org.apache.hadoop.ozone.container.common.volume.HddsVolume@37d3e140
2019-10-04 16:16:34,981 [main] INFO  impl.RaftServerProxy (ConfUtils.java:logGet(43)) - raft.rpc.type = GRPC (default)
2019-10-04 16:16:34,981 [main] INFO  grpc.GrpcFactory (GrpcFactory.java:checkPooledByteBufAllocatorUseCacheForAllThreads(45)) - PERFORMANCE WARNING: useCacheForAllThreads is true that may cause Netty to create a lot garbage objects and, as a result, trigger GC.
	It is recommended to disable useCacheForAllThreads by setting -Dorg.apache.ratis.thirdparty.io.netty.allocator.useCacheForAllThreads=false in command line.
2019-10-04 16:16:34,981 [main] INFO  grpc.GrpcConfigKeys$Server (ConfUtils.java:logGet(43)) - raft.grpc.server.port = 0 (default)
2019-10-04 16:16:34,981 [main] INFO  server.GrpcService (ConfUtils.java:logGet(43)) - raft.grpc.message.size.max = 33570816 (custom)
2019-10-04 16:16:34,981 [main] INFO  server.RaftServerConfigKeys (ConfUtils.java:logGet(43)) - raft.server.log.appender.buffer.byte-limit = 33554432 (custom)
2019-10-04 16:16:34,981 [main] INFO  server.GrpcService (ConfUtils.java:logGet(43)) - raft.grpc.flow.control.window = 1MB (=1048576) (default)
2019-10-04 16:16:34,982 [main] INFO  server.RaftServerConfigKeys (ConfUtils.java:logGet(43)) - raft.server.rpc.request.timeout = 3000ms (default)
2019-10-04 16:16:34,982 [main] INFO  server.RaftServerConfigKeys (ConfUtils.java:logGet(43)) - raft.server.storage.dir = [/workdir/hadoop-ozone/integration-test/target/test-dir/MiniOzoneClusterImpl-5f3f7f76-1fae-48f1-99ed-10da744dd461/datanode-6/data/ratis] (custom)
2019-10-04 16:16:34,983 [main] INFO  hdfs.DFSUtil (DFSUtil.java:httpServerTemplateForNNAndJN(1641)) - Starting Web-server for hddsDatanode at: http://0.0.0.0:0
2019-10-04 16:16:34,984 [main] INFO  server.AuthenticationFilter (AuthenticationFilter.java:constructSecretProvider(240)) - Unable to initialize FileSignerSecretProvider, falling back to use random secrets.
2019-10-04 16:16:34,984 [main] WARN  http.HttpRequestLog (HttpRequestLog.java:getRequestLog(97)) - Jetty request log can only be enabled using Log4j
2019-10-04 16:16:34,986 [main] INFO  http.HttpServer2 (HttpServer2.java:addGlobalFilter(975)) - Added global filter 'safety' (class=org.apache.hadoop.http.HttpServer2$QuotingInputFilter)
2019-10-04 16:16:34,986 [main] INFO  http.HttpServer2 (HttpServer2.java:addFilter(948)) - Added filter static_user_filter (class=org.apache.hadoop.http.lib.StaticUserWebFilter$StaticUserFilter) to context hddsDatanode
2019-10-04 16:16:34,986 [main] INFO  http.HttpServer2 (HttpServer2.java:addFilter(958)) - Added filter static_user_filter (class=org.apache.hadoop.http.lib.StaticUserWebFilter$StaticUserFilter) to context static
2019-10-04 16:16:34,986 [main] INFO  http.HttpServer2 (HttpServer2.java:addFilter(958)) - Added filter static_user_filter (class=org.apache.hadoop.http.lib.StaticUserWebFilter$StaticUserFilter) to context logs
2019-10-04 16:16:34,987 [main] INFO  http.HttpServer2 (HttpServer2.java:bindListener(1191)) - Jetty bound to port 45560
2019-10-04 16:16:34,987 [main] INFO  server.Server (Server.java:doStart(351)) - jetty-9.3.25.v20180904, build timestamp: 2018-09-04T21:11:46Z, git hash: 3ce520221d0240229c862b122d2b06c12a625732
2019-10-04 16:16:34,988 [main] INFO  handler.ContextHandler (ContextHandler.java:doStart(781)) - Started o.e.j.s.ServletContextHandler@50e5032c{/logs,file:///workdir/hadoop-ozone/integration-test/target/log,AVAILABLE}
2019-10-04 16:16:34,989 [main] INFO  handler.ContextHandler (ContextHandler.java:doStart(781)) - Started o.e.j.s.ServletContextHandler@124eb83d{/static,jar:file:/home/user/.m2/repository/org/apache/hadoop/hadoop-hdds-container-service/0.5.0-SNAPSHOT/hadoop-hdds-container-service-0.5.0-SNAPSHOT.jar!/webapps/static,AVAILABLE}
2019-10-04 16:16:35,017 [main] INFO  handler.ContextHandler (ContextHandler.java:doStart(781)) - Started o.e.j.w.WebAppContext@40c8067{/,file:///tmp/jetty-0.0.0.0-45560-hddsDatanode-_-any-5489121993503427960.dir/webapp/,AVAILABLE}{/hddsDatanode}
2019-10-04 16:16:35,017 [main] INFO  server.AbstractConnector (AbstractConnector.java:doStart(278)) - Started ServerConnector@46bb0bdf{HTTP/1.1,[http/1.1]}{0.0.0.0:45560}
2019-10-04 16:16:35,019 [main] INFO  server.Server (Server.java:doStart(419)) - Started @209878ms
2019-10-04 16:16:35,019 [main] WARN  impl.MetricsSystemImpl (MetricsSystemImpl.java:register(276)) - Sink prometheus already exists!
2019-10-04 16:16:35,019 [main] INFO  server.BaseHttpServer (BaseHttpServer.java:updateConnectorAddress(215)) - HTTP server of HDDSDATANODE is listening at http://0.0.0.0:45560
2019-10-04 16:16:35,020 [main] INFO  ozone.MiniOzoneClusterImpl (MiniOzoneClusterImpl.java:lambda$waitForClusterToBeReady$0(147)) - Waiting for cluster to be ready. Got 0 of 7 DN Heartbeats.
2019-10-04 16:16:35,020 [org.apache.hadoop.util.JvmPauseMonitor$Monitor@296ba03a] INFO  util.JvmPauseMonitor (JvmPauseMonitor.java:run(188)) - Starting JVM pause monitor
2019-10-04 16:16:35,021 [Datanode State Machine Thread - 0] INFO  datanode.InitDatanodeState (InitDatanodeState.java:persistContainerDatanodeDetails(140)) - DatanodeDetails is persisted to /workdir/hadoop-ozone/integration-test/target/test-dir/MiniOzoneClusterImpl-5f3f7f76-1fae-48f1-99ed-10da744dd461/datanode-6/meta/datanode.id
2019-10-04 16:16:36,020 [main] INFO  ozone.MiniOzoneClusterImpl (MiniOzoneClusterImpl.java:lambda$waitForClusterToBeReady$0(147)) - Waiting for cluster to be ready. Got 0 of 7 DN Heartbeats.
2019-10-04 16:16:36,682 [Datanode State Machine Thread - 0] INFO  ozoneimpl.OzoneContainer (OzoneContainer.java:start(217)) - Attempting to start container services.
2019-10-04 16:16:36,682 [Datanode State Machine Thread - 0] INFO  ozoneimpl.OzoneContainer (OzoneContainer.java:startContainerScrub(179)) - Background container scanner has been disabled.
2019-10-04 16:16:36,683 [Datanode State Machine Thread - 0] INFO  ratis.XceiverServerRatis (XceiverServerRatis.java:start(417)) - Starting XceiverServerRatis ee3d7c54-677e-44eb-93a7-27ec01fb1ff7 at port 0
2019-10-04 16:16:36,689 [Datanode State Machine Thread - 0] INFO  impl.RaftServerProxy (RaftServerProxy.java:lambda$start$3(299)) - ee3d7c54-677e-44eb-93a7-27ec01fb1ff7: start RPC server
2019-10-04 16:16:36,691 [Datanode State Machine Thread - 0] INFO  server.GrpcService (GrpcService.java:startImpl(158)) - ee3d7c54-677e-44eb-93a7-27ec01fb1ff7: GrpcService started, listening on 0.0.0.0/0.0.0.0:41491
2019-10-04 16:16:36,691 [Datanode State Machine Thread - 0] INFO  ratis.XceiverServerRatis (XceiverServerRatis.java:start(427)) - XceiverServerRatis ee3d7c54-677e-44eb-93a7-27ec01fb1ff7 is started using port 41491
2019-10-04 16:16:36,700 [Datanode State Machine Thread - 0] INFO  server.XceiverServerGrpc (XceiverServerGrpc.java:start(149)) - XceiverServerGrpc ee3d7c54-677e-44eb-93a7-27ec01fb1ff7 is started using port 42225
2019-10-04 16:16:36,708 [Datanode State Machine Thread - 0] INFO  ozoneimpl.OzoneContainer (OzoneContainer.java:start(217)) - Attempting to start container services.
2019-10-04 16:16:36,708 [Datanode State Machine Thread - 0] INFO  ozoneimpl.OzoneContainer (OzoneContainer.java:startContainerScrub(179)) - Background container scanner has been disabled.
2019-10-04 16:16:36,708 [Datanode State Machine Thread - 0] INFO  ratis.XceiverServerRatis (XceiverServerRatis.java:start(417)) - Starting XceiverServerRatis bfabe2ef-fb70-4fe1-97de-1797f8513577 at port 0
2019-10-04 16:16:36,714 [Datanode State Machine Thread - 0] INFO  impl.RaftServerProxy (RaftServerProxy.java:lambda$start$3(299)) - bfabe2ef-fb70-4fe1-97de-1797f8513577: start RPC server
2019-10-04 16:16:36,716 [Datanode State Machine Thread - 0] INFO  server.GrpcService (GrpcService.java:startImpl(158)) - bfabe2ef-fb70-4fe1-97de-1797f8513577: GrpcService started, listening on 0.0.0.0/0.0.0.0:34700
2019-10-04 16:16:36,716 [Datanode State Machine Thread - 0] INFO  ratis.XceiverServerRatis (XceiverServerRatis.java:start(427)) - XceiverServerRatis bfabe2ef-fb70-4fe1-97de-1797f8513577 is started using port 34700
2019-10-04 16:16:36,716 [Datanode State Machine Thread - 0] INFO  server.XceiverServerGrpc (XceiverServerGrpc.java:start(149)) - XceiverServerGrpc bfabe2ef-fb70-4fe1-97de-1797f8513577 is started using port 34736
2019-10-04 16:16:36,780 [Datanode State Machine Thread - 0] INFO  ozoneimpl.OzoneContainer (OzoneContainer.java:start(217)) - Attempting to start container services.
2019-10-04 16:16:36,780 [Datanode State Machine Thread - 0] INFO  ozoneimpl.OzoneContainer (OzoneContainer.java:startContainerScrub(179)) - Background container scanner has been disabled.
2019-10-04 16:16:36,780 [Datanode State Machine Thread - 0] INFO  ratis.XceiverServerRatis (XceiverServerRatis.java:start(417)) - Starting XceiverServerRatis 594a935f-a82d-426f-9037-ff57af541463 at port 0
2019-10-04 16:16:36,787 [Datanode State Machine Thread - 0] INFO  impl.RaftServerProxy (RaftServerProxy.java:lambda$start$3(299)) - 594a935f-a82d-426f-9037-ff57af541463: start RPC server
2019-10-04 16:16:36,788 [Datanode State Machine Thread - 0] INFO  server.GrpcService (GrpcService.java:startImpl(158)) - 594a935f-a82d-426f-9037-ff57af541463: GrpcService started, listening on 0.0.0.0/0.0.0.0:42385
2019-10-04 16:16:36,788 [Datanode State Machine Thread - 0] INFO  ratis.XceiverServerRatis (XceiverServerRatis.java:start(427)) - XceiverServerRatis 594a935f-a82d-426f-9037-ff57af541463 is started using port 42385
2019-10-04 16:16:36,788 [Datanode State Machine Thread - 0] INFO  server.XceiverServerGrpc (XceiverServerGrpc.java:start(149)) - XceiverServerGrpc 594a935f-a82d-426f-9037-ff57af541463 is started using port 33751
2019-10-04 16:16:36,833 [Datanode State Machine Thread - 0] INFO  ozoneimpl.OzoneContainer (OzoneContainer.java:start(217)) - Attempting to start container services.
2019-10-04 16:16:36,833 [Datanode State Machine Thread - 0] INFO  ozoneimpl.OzoneContainer (OzoneContainer.java:startContainerScrub(179)) - Background container scanner has been disabled.
2019-10-04 16:16:36,834 [Datanode State Machine Thread - 0] INFO  ratis.XceiverServerRatis (XceiverServerRatis.java:start(417)) - Starting XceiverServerRatis 66693857-25a4-4108-b832-51ad3b0c67cf at port 0
2019-10-04 16:16:36,844 [Datanode State Machine Thread - 0] INFO  impl.RaftServerProxy (RaftServerProxy.java:lambda$start$3(299)) - 66693857-25a4-4108-b832-51ad3b0c67cf: start RPC server
2019-10-04 16:16:36,845 [Datanode State Machine Thread - 0] INFO  server.GrpcService (GrpcService.java:startImpl(158)) - 66693857-25a4-4108-b832-51ad3b0c67cf: GrpcService started, listening on 0.0.0.0/0.0.0.0:37059
2019-10-04 16:16:36,845 [Datanode State Machine Thread - 0] INFO  ratis.XceiverServerRatis (XceiverServerRatis.java:start(427)) - XceiverServerRatis 66693857-25a4-4108-b832-51ad3b0c67cf is started using port 37059
2019-10-04 16:16:36,845 [Datanode State Machine Thread - 0] INFO  server.XceiverServerGrpc (XceiverServerGrpc.java:start(149)) - XceiverServerGrpc 66693857-25a4-4108-b832-51ad3b0c67cf is started using port 44301
2019-10-04 16:16:36,908 [Datanode State Machine Thread - 0] INFO  ozoneimpl.OzoneContainer (OzoneContainer.java:start(217)) - Attempting to start container services.
2019-10-04 16:16:36,909 [Datanode State Machine Thread - 0] INFO  ozoneimpl.OzoneContainer (OzoneContainer.java:startContainerScrub(179)) - Background container scanner has been disabled.
2019-10-04 16:16:36,909 [Datanode State Machine Thread - 0] INFO  ratis.XceiverServerRatis (XceiverServerRatis.java:start(417)) - Starting XceiverServerRatis 1fbe0407-351d-4a8e-9178-51491abfbf80 at port 0
2019-10-04 16:16:36,915 [Datanode State Machine Thread - 0] INFO  impl.RaftServerProxy (RaftServerProxy.java:lambda$start$3(299)) - 1fbe0407-351d-4a8e-9178-51491abfbf80: start RPC server
2019-10-04 16:16:36,916 [Datanode State Machine Thread - 0] INFO  server.GrpcService (GrpcService.java:startImpl(158)) - 1fbe0407-351d-4a8e-9178-51491abfbf80: GrpcService started, listening on 0.0.0.0/0.0.0.0:33389
2019-10-04 16:16:36,916 [Datanode State Machine Thread - 0] INFO  ratis.XceiverServerRatis (XceiverServerRatis.java:start(427)) - XceiverServerRatis 1fbe0407-351d-4a8e-9178-51491abfbf80 is started using port 33389
2019-10-04 16:16:36,917 [Datanode State Machine Thread - 0] INFO  server.XceiverServerGrpc (XceiverServerGrpc.java:start(149)) - XceiverServerGrpc 1fbe0407-351d-4a8e-9178-51491abfbf80 is started using port 36971
2019-10-04 16:16:36,976 [Datanode State Machine Thread - 0] INFO  ozoneimpl.OzoneContainer (OzoneContainer.java:start(217)) - Attempting to start container services.
2019-10-04 16:16:36,977 [Datanode State Machine Thread - 0] INFO  ozoneimpl.OzoneContainer (OzoneContainer.java:startContainerScrub(179)) - Background container scanner has been disabled.
2019-10-04 16:16:36,977 [Datanode State Machine Thread - 0] INFO  ratis.XceiverServerRatis (XceiverServerRatis.java:start(417)) - Starting XceiverServerRatis 409be42e-89dd-4a57-b73e-9f2147ac3c88 at port 0
2019-10-04 16:16:36,981 [Datanode State Machine Thread - 0] INFO  impl.RaftServerProxy (RaftServerProxy.java:lambda$start$3(299)) - 409be42e-89dd-4a57-b73e-9f2147ac3c88: start RPC server
2019-10-04 16:16:36,982 [Datanode State Machine Thread - 0] INFO  server.GrpcService (GrpcService.java:startImpl(158)) - 409be42e-89dd-4a57-b73e-9f2147ac3c88: GrpcService started, listening on 0.0.0.0/0.0.0.0:36694
2019-10-04 16:16:36,982 [Datanode State Machine Thread - 0] INFO  ratis.XceiverServerRatis (XceiverServerRatis.java:start(427)) - XceiverServerRatis 409be42e-89dd-4a57-b73e-9f2147ac3c88 is started using port 36694
2019-10-04 16:16:36,983 [Datanode State Machine Thread - 0] INFO  server.XceiverServerGrpc (XceiverServerGrpc.java:start(149)) - XceiverServerGrpc 409be42e-89dd-4a57-b73e-9f2147ac3c88 is started using port 39773
2019-10-04 16:16:37,021 [main] INFO  ozone.MiniOzoneClusterImpl (MiniOzoneClusterImpl.java:lambda$waitForClusterToBeReady$0(147)) - Waiting for cluster to be ready. Got 0 of 7 DN Heartbeats.
2019-10-04 16:16:37,035 [Datanode State Machine Thread - 0] INFO  ozoneimpl.OzoneContainer (OzoneContainer.java:start(217)) - Attempting to start container services.
2019-10-04 16:16:37,035 [Datanode State Machine Thread - 0] INFO  ozoneimpl.OzoneContainer (OzoneContainer.java:startContainerScrub(179)) - Background container scanner has been disabled.
2019-10-04 16:16:37,035 [Datanode State Machine Thread - 0] INFO  ratis.XceiverServerRatis (XceiverServerRatis.java:start(417)) - Starting XceiverServerRatis 495f481c-0ae5-42f4-b7c4-3d144a984ed4 at port 0
2019-10-04 16:16:37,040 [Datanode State Machine Thread - 0] INFO  impl.RaftServerProxy (RaftServerProxy.java:lambda$start$3(299)) - 495f481c-0ae5-42f4-b7c4-3d144a984ed4: start RPC server
2019-10-04 16:16:37,041 [Datanode State Machine Thread - 0] INFO  server.GrpcService (GrpcService.java:startImpl(158)) - 495f481c-0ae5-42f4-b7c4-3d144a984ed4: GrpcService started, listening on 0.0.0.0/0.0.0.0:33703
2019-10-04 16:16:37,041 [Datanode State Machine Thread - 0] INFO  ratis.XceiverServerRatis (XceiverServerRatis.java:start(427)) - XceiverServerRatis 495f481c-0ae5-42f4-b7c4-3d144a984ed4 is started using port 33703
2019-10-04 16:16:37,042 [Datanode State Machine Thread - 0] INFO  server.XceiverServerGrpc (XceiverServerGrpc.java:start(149)) - XceiverServerGrpc 495f481c-0ae5-42f4-b7c4-3d144a984ed4 is started using port 33815
2019-10-04 16:16:38,021 [main] INFO  ozone.MiniOzoneClusterImpl (MiniOzoneClusterImpl.java:lambda$waitForClusterToBeReady$0(147)) - Waiting for cluster to be ready. Got 0 of 7 DN Heartbeats.
2019-10-04 16:16:38,640 [IPC Server handler 1 on 44326] INFO  net.NetworkTopology (NetworkTopologyImpl.java:add(111)) - Added a new node: /default-rack/ee3d7c54-677e-44eb-93a7-27ec01fb1ff7
2019-10-04 16:16:38,677 [IPC Server handler 1 on 44326] INFO  node.SCMNodeManager (SCMNodeManager.java:register(268)) - Registered Data node : ee3d7c54-677e-44eb-93a7-27ec01fb1ff7{ip: 192.168.5.153, host: pr-hdds-2250-qhw8f-1617406954, networkLocation: /default-rack, certSerialId: null}
2019-10-04 16:16:38,678 [EventQueue-NodeRegistrationContainerReportForDataNodeSafeModeRule] INFO  safemode.SCMSafeModeManager (DataNodeSafeModeRule.java:process(71)) - SCM in safe mode. 1 DataNodes registered, 1 required.
2019-10-04 16:16:38,681 [EventQueue-NodeRegistrationContainerReportForDataNodeSafeModeRule] INFO  safemode.SCMSafeModeManager (SCMSafeModeManager.java:validateSafeModeExitRules(177)) - ScmSafeModeManager, all rules are successfully validated
2019-10-04 16:16:38,681 [EventQueue-NodeRegistrationContainerReportForDataNodeSafeModeRule] INFO  safemode.SCMSafeModeManager (SCMSafeModeManager.java:exitSafeMode(193)) - SCM exiting safe mode.
2019-10-04 16:16:38,692 [grpc-default-executor-5] INFO  impl.RaftServerProxy (RaftServerProxy.java:addNew(89)) - ee3d7c54-677e-44eb-93a7-27ec01fb1ff7: addNew group-800D4489002D:[ee3d7c54-677e-44eb-93a7-27ec01fb1ff7:192.168.5.153:41491] returns group-800D4489002D:java.util.concurrent.CompletableFuture@59086f64[Not completed]
2019-10-04 16:16:38,694 [pool-383-thread-1] INFO  impl.RaftServerImpl (RaftServerImpl.java:<init>(95)) - ee3d7c54-677e-44eb-93a7-27ec01fb1ff7: new RaftServerImpl for group-800D4489002D:[ee3d7c54-677e-44eb-93a7-27ec01fb1ff7:192.168.5.153:41491] with ContainerStateMachine:uninitialized
2019-10-04 16:16:38,694 [pool-383-thread-1] INFO  server.RaftServerConfigKeys (ConfUtils.java:logGet(43)) - raft.server.rpc.timeout.min = 5s (custom)
2019-10-04 16:16:38,694 [pool-383-thread-1] INFO  server.RaftServerConfigKeys (ConfUtils.java:logGet(43)) - raft.server.rpc.timeout.max = 5200ms (custom)
2019-10-04 16:16:38,694 [pool-383-thread-1] INFO  server.RaftServerConfigKeys (ConfUtils.java:logGet(43)) - raft.server.rpcslowness.timeout = 120s (custom)
2019-10-04 16:16:38,695 [pool-383-thread-1] INFO  server.RaftServerConfigKeys (ConfUtils.java:logGet(43)) - raft.server.sleep.deviation.threshold = 300 (default)
2019-10-04 16:16:38,695 [pool-383-thread-1] INFO  server.RaftServerConfigKeys (ConfUtils.java:logGet(43)) - raft.server.log.appender.install.snapshot.enabled = false (custom)
2019-10-04 16:16:38,695 [pool-383-thread-1] INFO  impl.RaftServerImpl (ServerState.java:<init>(103)) - ee3d7c54-677e-44eb-93a7-27ec01fb1ff7@group-800D4489002D: ConfigurationManager, init=-1: [ee3d7c54-677e-44eb-93a7-27ec01fb1ff7:192.168.5.153:41491], old=null, confs=<EMPTY_MAP>
2019-10-04 16:16:38,695 [pool-383-thread-1] INFO  server.RaftServerConfigKeys (ConfUtils.java:logGet(43)) - raft.server.storage.dir = [/workdir/hadoop-ozone/integration-test/target/test-dir/MiniOzoneClusterImpl-5f3f7f76-1fae-48f1-99ed-10da744dd461/datanode-0/data/ratis] (custom)
2019-10-04 16:16:38,695 [pool-383-thread-1] INFO  server.RaftServerConfigKeys (ConfUtils.java:logGet(43)) - raft.server.log.corruption.policy = EXCEPTION (default)
2019-10-04 16:16:38,696 [pool-383-thread-1] INFO  storage.RaftStorageDirectory (RaftStorageDirectory.java:analyzeStorage(246)) - The storage directory /workdir/hadoop-ozone/integration-test/target/test-dir/MiniOzoneClusterImpl-5f3f7f76-1fae-48f1-99ed-10da744dd461/datanode-0/data/ratis/fb485ee4-5e55-48d8-9e34-800d4489002d does not exist. Creating ...
2019-10-04 16:16:38,700 [IPC Server handler 5 on 44326] INFO  net.NetworkTopology (NetworkTopologyImpl.java:add(111)) - Added a new node: /default-rack/bfabe2ef-fb70-4fe1-97de-1797f8513577
2019-10-04 16:16:38,700 [IPC Server handler 5 on 44326] INFO  node.SCMNodeManager (SCMNodeManager.java:register(268)) - Registered Data node : bfabe2ef-fb70-4fe1-97de-1797f8513577{ip: 192.168.5.153, host: pr-hdds-2250-qhw8f-1617406954, networkLocation: /default-rack, certSerialId: null}
2019-10-04 16:16:38,709 [pool-383-thread-1] INFO  storage.RaftStorageDirectory (RaftStorageDirectory.java:tryLock(328)) - Lock on /workdir/hadoop-ozone/integration-test/target/test-dir/MiniOzoneClusterImpl-5f3f7f76-1fae-48f1-99ed-10da744dd461/datanode-0/data/ratis/fb485ee4-5e55-48d8-9e34-800d4489002d/in_use.lock acquired by nodename 23897@pr-hdds-2250-qhw8f-1617406954
2019-10-04 16:16:38,722 [pool-383-thread-1] INFO  storage.RaftStorage (RaftStorage.java:format(84)) - Storage directory /workdir/hadoop-ozone/integration-test/target/test-dir/MiniOzoneClusterImpl-5f3f7f76-1fae-48f1-99ed-10da744dd461/datanode-0/data/ratis/fb485ee4-5e55-48d8-9e34-800d4489002d has been successfully formatted.
2019-10-04 16:16:38,722 [pool-383-thread-1] INFO  ratis.ContainerStateMachine (ContainerStateMachine.java:loadSnapshot(230)) - group-800D4489002D: The snapshot info is null. Setting the last applied indexto:(t:0, i:~)
2019-10-04 16:16:38,722 [pool-383-thread-1] INFO  server.RaftServerConfigKeys (ConfUtils.java:logGet(43)) - raft.server.notification.no-leader.timeout = 120s (custom)
2019-10-04 16:16:38,722 [pool-383-thread-1] INFO  server.RaftServerConfigKeys (ConfUtils.java:logGet(43)) - raft.server.log.use.memory = false (default)
2019-10-04 16:16:38,722 [pool-383-thread-1] INFO  server.RaftServerConfigKeys (ConfUtils.java:logGet(43)) - raft.server.log.purge.gap = 1000000 (custom)
2019-10-04 16:16:38,723 [pool-383-thread-1] INFO  server.RaftServerConfigKeys (ConfUtils.java:logGet(43)) - raft.server.log.appender.buffer.byte-limit = 33554432 (custom)
2019-10-04 16:16:38,723 [pool-383-thread-1] INFO  server.RaftServerConfigKeys (ConfUtils.java:logGet(43)) - raft.server.log.segment.size.max = 1048576 (custom)
2019-10-04 16:16:38,726 [pool-383-thread-1] INFO  server.RaftServerConfigKeys (ConfUtils.java:logGet(43)) - raft.server.log.segment.cache.num.max = 2 (custom)
2019-10-04 16:16:38,726 [pool-383-thread-1] INFO  segmented.SegmentedRaftLogWorker (SegmentedRaftLogWorker.java:<init>(173)) - new ee3d7c54-677e-44eb-93a7-27ec01fb1ff7@group-800D4489002D-SegmentedRaftLogWorker for RaftStorage:Storage Directory /workdir/hadoop-ozone/integration-test/target/test-dir/MiniOzoneClusterImpl-5f3f7f76-1fae-48f1-99ed-10da744dd461/datanode-0/data/ratis/fb485ee4-5e55-48d8-9e34-800d4489002d
2019-10-04 16:16:38,726 [pool-383-thread-1] INFO  server.RaftServerConfigKeys (ConfUtils.java:logGet(43)) - raft.server.log.queue.byte-limit = 2147483647 (custom)
2019-10-04 16:16:38,726 [pool-383-thread-1] INFO  server.RaftServerConfigKeys (ConfUtils.java:logGet(43)) - raft.server.log.queue.element-limit = 1024 (custom)
2019-10-04 16:16:38,726 [pool-383-thread-1] INFO  server.RaftServerConfigKeys (ConfUtils.java:logGet(43)) - raft.server.log.segment.size.max = 1048576 (custom)
2019-10-04 16:16:38,726 [pool-383-thread-1] INFO  server.RaftServerConfigKeys (ConfUtils.java:logGet(43)) - raft.server.log.preallocated.size = 16384 (custom)
2019-10-04 16:16:38,726 [pool-383-thread-1] INFO  server.RaftServerConfigKeys (ConfUtils.java:logGet(43)) - raft.server.log.write.buffer.size = 33554432 (custom)
2019-10-04 16:16:38,727 [pool-383-thread-1] INFO  server.RaftServerConfigKeys (ConfUtils.java:logGet(43)) - raft.server.log.force.sync.num = 128 (default)
2019-10-04 16:16:38,727 [pool-383-thread-1] INFO  server.RaftServerConfigKeys (ConfUtils.java:logGet(43)) - raft.server.log.statemachine.data.sync = true (default)
2019-10-04 16:16:38,727 [pool-383-thread-1] INFO  server.RaftServerConfigKeys (ConfUtils.java:logGet(43)) - raft.server.log.statemachine.data.sync.timeout = 10s (default)
2019-10-04 16:16:38,727 [pool-383-thread-1] INFO  server.RaftServerConfigKeys (ConfUtils.java:logGet(43)) - raft.server.log.statemachine.data.sync.timeout.retry = -1 (default)
2019-10-04 16:16:38,727 [pool-383-thread-1] INFO  server.RaftServerConfigKeys (ConfUtils.java:logGet(43)) - raft.server.log.statemachine.data.caching.enabled = true (custom)
2019-10-04 16:16:38,728 [pool-383-thread-1] INFO  segmented.SegmentedRaftLogWorker (SegmentedRaftLogWorker.java:lambda$new$0(128)) - ee3d7c54-677e-44eb-93a7-27ec01fb1ff7@group-800D4489002D-SegmentedRaftLogWorker: flushIndex: setUnconditionally 0 -> -1
2019-10-04 16:16:38,728 [pool-383-thread-1] INFO  server.RaftServerConfigKeys (ConfUtils.java:logGet(43)) - raft.server.snapshot.auto.trigger.enabled = true (custom)
2019-10-04 16:16:38,728 [pool-383-thread-1] INFO  server.RaftServerConfigKeys (ConfUtils.java:logGet(43)) - raft.server.snapshot.auto.trigger.threshold = 10000 (custom)
2019-10-04 16:16:38,728 [pool-383-thread-1] INFO  server.RaftServerConfigKeys (ConfUtils.java:logGet(43)) - raft.server.snapshot.retention.file.num = 5 (custom)
2019-10-04 16:16:38,729 [pool-383-thread-1] INFO  server.RaftServerConfigKeys (ConfUtils.java:logGet(43)) - raft.server.retrycache.expirytime = 600000ms (custom)
2019-10-04 16:16:38,730 [pool-383-thread-1] INFO  impl.RaftServerImpl (RaftServerImpl.java:start(181)) - ee3d7c54-677e-44eb-93a7-27ec01fb1ff7@group-800D4489002D: start as a follower, conf=-1: [ee3d7c54-677e-44eb-93a7-27ec01fb1ff7:192.168.5.153:41491], old=null
2019-10-04 16:16:38,730 [pool-383-thread-1] INFO  impl.RaftServerImpl (RaftServerImpl.java:setRole(170)) - ee3d7c54-677e-44eb-93a7-27ec01fb1ff7@group-800D4489002D: changes role from      null to FOLLOWER at term 0 for startAsFollower
2019-10-04 16:16:38,730 [pool-383-thread-1] INFO  impl.RoleInfo (RoleInfo.java:updateAndGet(143)) - ee3d7c54-677e-44eb-93a7-27ec01fb1ff7: start FollowerState
2019-10-04 16:16:38,731 [pool-383-thread-1] INFO  util.JmxRegister (JmxRegister.java:tryRegister(44)) - Successfully registered JMX Bean with object name Ratis:service=RaftServer,group=group-800D4489002D,id=ee3d7c54-677e-44eb-93a7-27ec01fb1ff7
2019-10-04 16:16:38,736 [RatisPipelineUtilsThread] INFO  pipeline.PipelineStateManager (PipelineStateManager.java:addPipeline(56)) - Created pipeline Pipeline[ Id: fb485ee4-5e55-48d8-9e34-800d4489002d, Nodes: ee3d7c54-677e-44eb-93a7-27ec01fb1ff7{ip: 192.168.5.153, host: pr-hdds-2250-qhw8f-1617406954, networkLocation: /default-rack, certSerialId: null}, Type:RATIS, Factor:ONE, State:OPEN]
2019-10-04 16:16:38,744 [grpc-default-executor-5] INFO  impl.RaftServerProxy (RaftServerProxy.java:addNew(89)) - bfabe2ef-fb70-4fe1-97de-1797f8513577: addNew group-75B33B568723:[bfabe2ef-fb70-4fe1-97de-1797f8513577:192.168.5.153:34700] returns group-75B33B568723:java.util.concurrent.CompletableFuture@681f686e[Not completed]
2019-10-04 16:16:38,745 [pool-393-thread-1] INFO  impl.RaftServerImpl (RaftServerImpl.java:<init>(95)) - bfabe2ef-fb70-4fe1-97de-1797f8513577: new RaftServerImpl for group-75B33B568723:[bfabe2ef-fb70-4fe1-97de-1797f8513577:192.168.5.153:34700] with ContainerStateMachine:uninitialized
2019-10-04 16:16:38,745 [pool-393-thread-1] INFO  server.RaftServerConfigKeys (ConfUtils.java:logGet(43)) - raft.server.rpc.timeout.min = 5s (custom)
2019-10-04 16:16:38,745 [pool-393-thread-1] INFO  server.RaftServerConfigKeys (ConfUtils.java:logGet(43)) - raft.server.rpc.timeout.max = 5200ms (custom)
2019-10-04 16:16:38,745 [pool-393-thread-1] INFO  server.RaftServerConfigKeys (ConfUtils.java:logGet(43)) - raft.server.rpcslowness.timeout = 120s (custom)
2019-10-04 16:16:38,746 [pool-393-thread-1] INFO  server.RaftServerConfigKeys (ConfUtils.java:logGet(43)) - raft.server.sleep.deviation.threshold = 300 (default)
2019-10-04 16:16:38,746 [pool-393-thread-1] INFO  server.RaftServerConfigKeys (ConfUtils.java:logGet(43)) - raft.server.log.appender.install.snapshot.enabled = false (custom)
2019-10-04 16:16:38,746 [pool-393-thread-1] INFO  impl.RaftServerImpl (ServerState.java:<init>(103)) - bfabe2ef-fb70-4fe1-97de-1797f8513577@group-75B33B568723: ConfigurationManager, init=-1: [bfabe2ef-fb70-4fe1-97de-1797f8513577:192.168.5.153:34700], old=null, confs=<EMPTY_MAP>
2019-10-04 16:16:38,746 [pool-393-thread-1] INFO  server.RaftServerConfigKeys (ConfUtils.java:logGet(43)) - raft.server.storage.dir = [/workdir/hadoop-ozone/integration-test/target/test-dir/MiniOzoneClusterImpl-5f3f7f76-1fae-48f1-99ed-10da744dd461/datanode-1/data/ratis] (custom)
2019-10-04 16:16:38,746 [pool-393-thread-1] INFO  server.RaftServerConfigKeys (ConfUtils.java:logGet(43)) - raft.server.log.corruption.policy = EXCEPTION (default)
2019-10-04 16:16:38,746 [pool-393-thread-1] INFO  storage.RaftStorageDirectory (RaftStorageDirectory.java:analyzeStorage(246)) - The storage directory /workdir/hadoop-ozone/integration-test/target/test-dir/MiniOzoneClusterImpl-5f3f7f76-1fae-48f1-99ed-10da744dd461/datanode-1/data/ratis/cb9aa0a7-6ec8-441a-9b41-75b33b568723 does not exist. Creating ...
2019-10-04 16:16:38,760 [pool-393-thread-1] INFO  storage.RaftStorageDirectory (RaftStorageDirectory.java:tryLock(328)) - Lock on /workdir/hadoop-ozone/integration-test/target/test-dir/MiniOzoneClusterImpl-5f3f7f76-1fae-48f1-99ed-10da744dd461/datanode-1/data/ratis/cb9aa0a7-6ec8-441a-9b41-75b33b568723/in_use.lock acquired by nodename 23897@pr-hdds-2250-qhw8f-1617406954
2019-10-04 16:16:38,766 [IPC Server handler 4 on 44326] INFO  net.NetworkTopology (NetworkTopologyImpl.java:add(111)) - Added a new node: /default-rack/594a935f-a82d-426f-9037-ff57af541463
2019-10-04 16:16:38,766 [IPC Server handler 4 on 44326] INFO  node.SCMNodeManager (SCMNodeManager.java:register(268)) - Registered Data node : 594a935f-a82d-426f-9037-ff57af541463{ip: 192.168.5.153, host: pr-hdds-2250-qhw8f-1617406954, networkLocation: /default-rack, certSerialId: null}
2019-10-04 16:16:38,772 [pool-393-thread-1] INFO  storage.RaftStorage (RaftStorage.java:format(84)) - Storage directory /workdir/hadoop-ozone/integration-test/target/test-dir/MiniOzoneClusterImpl-5f3f7f76-1fae-48f1-99ed-10da744dd461/datanode-1/data/ratis/cb9aa0a7-6ec8-441a-9b41-75b33b568723 has been successfully formatted.
2019-10-04 16:16:38,773 [pool-393-thread-1] INFO  ratis.ContainerStateMachine (ContainerStateMachine.java:loadSnapshot(230)) - group-75B33B568723: The snapshot info is null. Setting the last applied indexto:(t:0, i:~)
2019-10-04 16:16:38,773 [pool-393-thread-1] INFO  server.RaftServerConfigKeys (ConfUtils.java:logGet(43)) - raft.server.notification.no-leader.timeout = 120s (custom)
2019-10-04 16:16:38,773 [pool-393-thread-1] INFO  server.RaftServerConfigKeys (ConfUtils.java:logGet(43)) - raft.server.log.use.memory = false (default)
2019-10-04 16:16:38,773 [pool-393-thread-1] INFO  server.RaftServerConfigKeys (ConfUtils.java:logGet(43)) - raft.server.log.purge.gap = 1000000 (custom)
2019-10-04 16:16:38,773 [pool-393-thread-1] INFO  server.RaftServerConfigKeys (ConfUtils.java:logGet(43)) - raft.server.log.appender.buffer.byte-limit = 33554432 (custom)
2019-10-04 16:16:38,773 [pool-393-thread-1] INFO  server.RaftServerConfigKeys (ConfUtils.java:logGet(43)) - raft.server.log.segment.size.max = 1048576 (custom)
2019-10-04 16:16:38,775 [pool-393-thread-1] INFO  server.RaftServerConfigKeys (ConfUtils.java:logGet(43)) - raft.server.log.segment.cache.num.max = 2 (custom)
2019-10-04 16:16:38,775 [pool-393-thread-1] INFO  segmented.SegmentedRaftLogWorker (SegmentedRaftLogWorker.java:<init>(173)) - new bfabe2ef-fb70-4fe1-97de-1797f8513577@group-75B33B568723-SegmentedRaftLogWorker for RaftStorage:Storage Directory /workdir/hadoop-ozone/integration-test/target/test-dir/MiniOzoneClusterImpl-5f3f7f76-1fae-48f1-99ed-10da744dd461/datanode-1/data/ratis/cb9aa0a7-6ec8-441a-9b41-75b33b568723
2019-10-04 16:16:38,775 [pool-393-thread-1] INFO  server.RaftServerConfigKeys (ConfUtils.java:logGet(43)) - raft.server.log.queue.byte-limit = 2147483647 (custom)
2019-10-04 16:16:38,775 [pool-393-thread-1] INFO  server.RaftServerConfigKeys (ConfUtils.java:logGet(43)) - raft.server.log.queue.element-limit = 1024 (custom)
2019-10-04 16:16:38,775 [pool-393-thread-1] INFO  server.RaftServerConfigKeys (ConfUtils.java:logGet(43)) - raft.server.log.segment.size.max = 1048576 (custom)
2019-10-04 16:16:38,775 [pool-393-thread-1] INFO  server.RaftServerConfigKeys (ConfUtils.java:logGet(43)) - raft.server.log.preallocated.size = 16384 (custom)
2019-10-04 16:16:38,775 [pool-393-thread-1] INFO  server.RaftServerConfigKeys (ConfUtils.java:logGet(43)) - raft.server.log.write.buffer.size = 33554432 (custom)
2019-10-04 16:16:38,776 [pool-393-thread-1] INFO  server.RaftServerConfigKeys (ConfUtils.java:logGet(43)) - raft.server.log.force.sync.num = 128 (default)
2019-10-04 16:16:38,776 [pool-393-thread-1] INFO  server.RaftServerConfigKeys (ConfUtils.java:logGet(43)) - raft.server.log.statemachine.data.sync = true (default)
2019-10-04 16:16:38,776 [pool-393-thread-1] INFO  server.RaftServerConfigKeys (ConfUtils.java:logGet(43)) - raft.server.log.statemachine.data.sync.timeout = 10s (default)
2019-10-04 16:16:38,776 [pool-393-thread-1] INFO  server.RaftServerConfigKeys (ConfUtils.java:logGet(43)) - raft.server.log.statemachine.data.sync.timeout.retry = -1 (default)
2019-10-04 16:16:38,776 [pool-393-thread-1] INFO  server.RaftServerConfigKeys (ConfUtils.java:logGet(43)) - raft.server.log.statemachine.data.caching.enabled = true (custom)
2019-10-04 16:16:38,777 [pool-393-thread-1] INFO  segmented.SegmentedRaftLogWorker (SegmentedRaftLogWorker.java:lambda$new$0(128)) - bfabe2ef-fb70-4fe1-97de-1797f8513577@group-75B33B568723-SegmentedRaftLogWorker: flushIndex: setUnconditionally 0 -> -1
2019-10-04 16:16:38,777 [pool-393-thread-1] INFO  server.RaftServerConfigKeys (ConfUtils.java:logGet(43)) - raft.server.snapshot.auto.trigger.enabled = true (custom)
2019-10-04 16:16:38,777 [pool-393-thread-1] INFO  server.RaftServerConfigKeys (ConfUtils.java:logGet(43)) - raft.server.snapshot.auto.trigger.threshold = 10000 (custom)
2019-10-04 16:16:38,777 [pool-393-thread-1] INFO  server.RaftServerConfigKeys (ConfUtils.java:logGet(43)) - raft.server.snapshot.retention.file.num = 5 (custom)
2019-10-04 16:16:38,777 [pool-393-thread-1] INFO  server.RaftServerConfigKeys (ConfUtils.java:logGet(43)) - raft.server.retrycache.expirytime = 600000ms (custom)
2019-10-04 16:16:38,779 [pool-393-thread-1] INFO  impl.RaftServerImpl (RaftServerImpl.java:start(181)) - bfabe2ef-fb70-4fe1-97de-1797f8513577@group-75B33B568723: start as a follower, conf=-1: [bfabe2ef-fb70-4fe1-97de-1797f8513577:192.168.5.153:34700], old=null
2019-10-04 16:16:38,779 [pool-393-thread-1] INFO  impl.RaftServerImpl (RaftServerImpl.java:setRole(170)) - bfabe2ef-fb70-4fe1-97de-1797f8513577@group-75B33B568723: changes role from      null to FOLLOWER at term 0 for startAsFollower
2019-10-04 16:16:38,779 [pool-393-thread-1] INFO  impl.RoleInfo (RoleInfo.java:updateAndGet(143)) - bfabe2ef-fb70-4fe1-97de-1797f8513577: start FollowerState
2019-10-04 16:16:38,779 [pool-393-thread-1] INFO  util.JmxRegister (JmxRegister.java:tryRegister(44)) - Successfully registered JMX Bean with object name Ratis:service=RaftServer,group=group-75B33B568723,id=bfabe2ef-fb70-4fe1-97de-1797f8513577
2019-10-04 16:16:38,783 [RatisPipelineUtilsThread] INFO  pipeline.PipelineStateManager (PipelineStateManager.java:addPipeline(56)) - Created pipeline Pipeline[ Id: cb9aa0a7-6ec8-441a-9b41-75b33b568723, Nodes: bfabe2ef-fb70-4fe1-97de-1797f8513577{ip: 192.168.5.153, host: pr-hdds-2250-qhw8f-1617406954, networkLocation: /default-rack, certSerialId: null}, Type:RATIS, Factor:ONE, State:OPEN]
2019-10-04 16:16:38,791 [grpc-default-executor-5] INFO  impl.RaftServerProxy (RaftServerProxy.java:addNew(89)) - 594a935f-a82d-426f-9037-ff57af541463: addNew group-8258B4363A05:[594a935f-a82d-426f-9037-ff57af541463:192.168.5.153:42385] returns group-8258B4363A05:java.util.concurrent.CompletableFuture@24fefe4d[Not completed]
2019-10-04 16:16:38,792 [pool-403-thread-1] INFO  impl.RaftServerImpl (RaftServerImpl.java:<init>(95)) - 594a935f-a82d-426f-9037-ff57af541463: new RaftServerImpl for group-8258B4363A05:[594a935f-a82d-426f-9037-ff57af541463:192.168.5.153:42385] with ContainerStateMachine:uninitialized
2019-10-04 16:16:38,792 [pool-403-thread-1] INFO  server.RaftServerConfigKeys (ConfUtils.java:logGet(43)) - raft.server.rpc.timeout.min = 5s (custom)
2019-10-04 16:16:38,792 [pool-403-thread-1] INFO  server.RaftServerConfigKeys (ConfUtils.java:logGet(43)) - raft.server.rpc.timeout.max = 5200ms (custom)
2019-10-04 16:16:38,792 [pool-403-thread-1] INFO  server.RaftServerConfigKeys (ConfUtils.java:logGet(43)) - raft.server.rpcslowness.timeout = 120s (custom)
2019-10-04 16:16:38,792 [pool-403-thread-1] INFO  server.RaftServerConfigKeys (ConfUtils.java:logGet(43)) - raft.server.sleep.deviation.threshold = 300 (default)
2019-10-04 16:16:38,793 [pool-403-thread-1] INFO  server.RaftServerConfigKeys (ConfUtils.java:logGet(43)) - raft.server.log.appender.install.snapshot.enabled = false (custom)
2019-10-04 16:16:38,793 [pool-403-thread-1] INFO  impl.RaftServerImpl (ServerState.java:<init>(103)) - 594a935f-a82d-426f-9037-ff57af541463@group-8258B4363A05: ConfigurationManager, init=-1: [594a935f-a82d-426f-9037-ff57af541463:192.168.5.153:42385], old=null, confs=<EMPTY_MAP>
2019-10-04 16:16:38,793 [pool-403-thread-1] INFO  server.RaftServerConfigKeys (ConfUtils.java:logGet(43)) - raft.server.storage.dir = [/workdir/hadoop-ozone/integration-test/target/test-dir/MiniOzoneClusterImpl-5f3f7f76-1fae-48f1-99ed-10da744dd461/datanode-2/data/ratis] (custom)
2019-10-04 16:16:38,793 [pool-403-thread-1] INFO  server.RaftServerConfigKeys (ConfUtils.java:logGet(43)) - raft.server.log.corruption.policy = EXCEPTION (default)
2019-10-04 16:16:38,793 [pool-403-thread-1] INFO  storage.RaftStorageDirectory (RaftStorageDirectory.java:analyzeStorage(246)) - The storage directory /workdir/hadoop-ozone/integration-test/target/test-dir/MiniOzoneClusterImpl-5f3f7f76-1fae-48f1-99ed-10da744dd461/datanode-2/data/ratis/7ea87d8a-c5eb-4f08-8936-8258b4363a05 does not exist. Creating ...
2019-10-04 16:16:38,805 [pool-403-thread-1] INFO  storage.RaftStorageDirectory (RaftStorageDirectory.java:tryLock(328)) - Lock on /workdir/hadoop-ozone/integration-test/target/test-dir/MiniOzoneClusterImpl-5f3f7f76-1fae-48f1-99ed-10da744dd461/datanode-2/data/ratis/7ea87d8a-c5eb-4f08-8936-8258b4363a05/in_use.lock acquired by nodename 23897@pr-hdds-2250-qhw8f-1617406954
2019-10-04 16:16:38,818 [pool-403-thread-1] INFO  storage.RaftStorage (RaftStorage.java:format(84)) - Storage directory /workdir/hadoop-ozone/integration-test/target/test-dir/MiniOzoneClusterImpl-5f3f7f76-1fae-48f1-99ed-10da744dd461/datanode-2/data/ratis/7ea87d8a-c5eb-4f08-8936-8258b4363a05 has been successfully formatted.
2019-10-04 16:16:38,818 [pool-403-thread-1] INFO  ratis.ContainerStateMachine (ContainerStateMachine.java:loadSnapshot(230)) - group-8258B4363A05: The snapshot info is null. Setting the last applied indexto:(t:0, i:~)
2019-10-04 16:16:38,818 [pool-403-thread-1] INFO  server.RaftServerConfigKeys (ConfUtils.java:logGet(43)) - raft.server.notification.no-leader.timeout = 120s (custom)
2019-10-04 16:16:38,819 [pool-403-thread-1] INFO  server.RaftServerConfigKeys (ConfUtils.java:logGet(43)) - raft.server.log.use.memory = false (default)
2019-10-04 16:16:38,819 [pool-403-thread-1] INFO  server.RaftServerConfigKeys (ConfUtils.java:logGet(43)) - raft.server.log.purge.gap = 1000000 (custom)
2019-10-04 16:16:38,819 [pool-403-thread-1] INFO  server.RaftServerConfigKeys (ConfUtils.java:logGet(43)) - raft.server.log.appender.buffer.byte-limit = 33554432 (custom)
2019-10-04 16:16:38,819 [pool-403-thread-1] INFO  server.RaftServerConfigKeys (ConfUtils.java:logGet(43)) - raft.server.log.segment.size.max = 1048576 (custom)
2019-10-04 16:16:38,820 [pool-403-thread-1] INFO  server.RaftServerConfigKeys (ConfUtils.java:logGet(43)) - raft.server.log.segment.cache.num.max = 2 (custom)
2019-10-04 16:16:38,820 [pool-403-thread-1] INFO  segmented.SegmentedRaftLogWorker (SegmentedRaftLogWorker.java:<init>(173)) - new 594a935f-a82d-426f-9037-ff57af541463@group-8258B4363A05-SegmentedRaftLogWorker for RaftStorage:Storage Directory /workdir/hadoop-ozone/integration-test/target/test-dir/MiniOzoneClusterImpl-5f3f7f76-1fae-48f1-99ed-10da744dd461/datanode-2/data/ratis/7ea87d8a-c5eb-4f08-8936-8258b4363a05
2019-10-04 16:16:38,820 [pool-403-thread-1] INFO  server.RaftServerConfigKeys (ConfUtils.java:logGet(43)) - raft.server.log.queue.byte-limit = 2147483647 (custom)
2019-10-04 16:16:38,820 [pool-403-thread-1] INFO  server.RaftServerConfigKeys (ConfUtils.java:logGet(43)) - raft.server.log.queue.element-limit = 1024 (custom)
2019-10-04 16:16:38,821 [pool-403-thread-1] INFO  server.RaftServerConfigKeys (ConfUtils.java:logGet(43)) - raft.server.log.segment.size.max = 1048576 (custom)
2019-10-04 16:16:38,821 [pool-403-thread-1] INFO  server.RaftServerConfigKeys (ConfUtils.java:logGet(43)) - raft.server.log.preallocated.size = 16384 (custom)
2019-10-04 16:16:38,821 [pool-403-thread-1] INFO  server.RaftServerConfigKeys (ConfUtils.java:logGet(43)) - raft.server.log.write.buffer.size = 33554432 (custom)
2019-10-04 16:16:38,821 [pool-403-thread-1] INFO  server.RaftServerConfigKeys (ConfUtils.java:logGet(43)) - raft.server.log.force.sync.num = 128 (default)
2019-10-04 16:16:38,821 [pool-403-thread-1] INFO  server.RaftServerConfigKeys (ConfUtils.java:logGet(43)) - raft.server.log.statemachine.data.sync = true (default)
2019-10-04 16:16:38,821 [pool-403-thread-1] INFO  server.RaftServerConfigKeys (ConfUtils.java:logGet(43)) - raft.server.log.statemachine.data.sync.timeout = 10s (default)
2019-10-04 16:16:38,821 [pool-403-thread-1] INFO  server.RaftServerConfigKeys (ConfUtils.java:logGet(43)) - raft.server.log.statemachine.data.sync.timeout.retry = -1 (default)
2019-10-04 16:16:38,822 [pool-403-thread-1] INFO  server.RaftServerConfigKeys (ConfUtils.java:logGet(43)) - raft.server.log.statemachine.data.caching.enabled = true (custom)
2019-10-04 16:16:38,822 [pool-403-thread-1] INFO  segmented.SegmentedRaftLogWorker (SegmentedRaftLogWorker.java:lambda$new$0(128)) - 594a935f-a82d-426f-9037-ff57af541463@group-8258B4363A05-SegmentedRaftLogWorker: flushIndex: setUnconditionally 0 -> -1
2019-10-04 16:16:38,823 [pool-403-thread-1] INFO  server.RaftServerConfigKeys (ConfUtils.java:logGet(43)) - raft.server.snapshot.auto.trigger.enabled = true (custom)
2019-10-04 16:16:38,823 [pool-403-thread-1] INFO  server.RaftServerConfigKeys (ConfUtils.java:logGet(43)) - raft.server.snapshot.auto.trigger.threshold = 10000 (custom)
2019-10-04 16:16:38,823 [pool-403-thread-1] INFO  server.RaftServerConfigKeys (ConfUtils.java:logGet(43)) - raft.server.snapshot.retention.file.num = 5 (custom)
2019-10-04 16:16:38,823 [pool-403-thread-1] INFO  server.RaftServerConfigKeys (ConfUtils.java:logGet(43)) - raft.server.retrycache.expirytime = 600000ms (custom)
2019-10-04 16:16:38,824 [pool-403-thread-1] INFO  impl.RaftServerImpl (RaftServerImpl.java:start(181)) - 594a935f-a82d-426f-9037-ff57af541463@group-8258B4363A05: start as a follower, conf=-1: [594a935f-a82d-426f-9037-ff57af541463:192.168.5.153:42385], old=null
2019-10-04 16:16:38,824 [pool-403-thread-1] INFO  impl.RaftServerImpl (RaftServerImpl.java:setRole(170)) - 594a935f-a82d-426f-9037-ff57af541463@group-8258B4363A05: changes role from      null to FOLLOWER at term 0 for startAsFollower
2019-10-04 16:16:38,824 [pool-403-thread-1] INFO  impl.RoleInfo (RoleInfo.java:updateAndGet(143)) - 594a935f-a82d-426f-9037-ff57af541463: start FollowerState
2019-10-04 16:16:38,825 [pool-403-thread-1] INFO  util.JmxRegister (JmxRegister.java:tryRegister(44)) - Successfully registered JMX Bean with object name Ratis:service=RaftServer,group=group-8258B4363A05,id=594a935f-a82d-426f-9037-ff57af541463
2019-10-04 16:16:38,829 [RatisPipelineUtilsThread] INFO  pipeline.PipelineStateManager (PipelineStateManager.java:addPipeline(56)) - Created pipeline Pipeline[ Id: 7ea87d8a-c5eb-4f08-8936-8258b4363a05, Nodes: 594a935f-a82d-426f-9037-ff57af541463{ip: 192.168.5.153, host: pr-hdds-2250-qhw8f-1617406954, networkLocation: /default-rack, certSerialId: null}, Type:RATIS, Factor:ONE, State:OPEN]
2019-10-04 16:16:38,833 [IPC Server handler 6 on 44326] INFO  net.NetworkTopology (NetworkTopologyImpl.java:add(111)) - Added a new node: /default-rack/66693857-25a4-4108-b832-51ad3b0c67cf
2019-10-04 16:16:38,833 [IPC Server handler 6 on 44326] INFO  node.SCMNodeManager (SCMNodeManager.java:register(268)) - Registered Data node : 66693857-25a4-4108-b832-51ad3b0c67cf{ip: 192.168.5.153, host: pr-hdds-2250-qhw8f-1617406954, networkLocation: /default-rack, certSerialId: null}
2019-10-04 16:16:38,841 [grpc-default-executor-8] INFO  impl.RaftServerProxy (RaftServerProxy.java:addNew(89)) - bfabe2ef-fb70-4fe1-97de-1797f8513577: addNew group-8CB86F53F7F0:[bfabe2ef-fb70-4fe1-97de-1797f8513577:192.168.5.153:34700, 594a935f-a82d-426f-9037-ff57af541463:192.168.5.153:42385, ee3d7c54-677e-44eb-93a7-27ec01fb1ff7:192.168.5.153:41491] returns group-8CB86F53F7F0:java.util.concurrent.CompletableFuture@7f145af5[Not completed]
2019-10-04 16:16:38,841 [grpc-default-executor-8] INFO  impl.RaftServerProxy (RaftServerProxy.java:addNew(89)) - 594a935f-a82d-426f-9037-ff57af541463: addNew group-8CB86F53F7F0:[bfabe2ef-fb70-4fe1-97de-1797f8513577:192.168.5.153:34700, 594a935f-a82d-426f-9037-ff57af541463:192.168.5.153:42385, ee3d7c54-677e-44eb-93a7-27ec01fb1ff7:192.168.5.153:41491] returns group-8CB86F53F7F0:java.util.concurrent.CompletableFuture@694e94b5[Not completed]
2019-10-04 16:16:38,842 [pool-393-thread-1] INFO  impl.RaftServerImpl (RaftServerImpl.java:<init>(95)) - bfabe2ef-fb70-4fe1-97de-1797f8513577: new RaftServerImpl for group-8CB86F53F7F0:[bfabe2ef-fb70-4fe1-97de-1797f8513577:192.168.5.153:34700, 594a935f-a82d-426f-9037-ff57af541463:192.168.5.153:42385, ee3d7c54-677e-44eb-93a7-27ec01fb1ff7:192.168.5.153:41491] with ContainerStateMachine:uninitialized
2019-10-04 16:16:38,842 [grpc-default-executor-8] INFO  impl.RaftServerProxy (RaftServerProxy.java:addNew(89)) - ee3d7c54-677e-44eb-93a7-27ec01fb1ff7: addNew group-8CB86F53F7F0:[bfabe2ef-fb70-4fe1-97de-1797f8513577:192.168.5.153:34700, 594a935f-a82d-426f-9037-ff57af541463:192.168.5.153:42385, ee3d7c54-677e-44eb-93a7-27ec01fb1ff7:192.168.5.153:41491] returns group-8CB86F53F7F0:java.util.concurrent.CompletableFuture@76c7f6d[Not completed]
2019-10-04 16:16:38,842 [pool-393-thread-1] INFO  server.RaftServerConfigKeys (ConfUtils.java:logGet(43)) - raft.server.rpc.timeout.min = 5s (custom)
2019-10-04 16:16:38,842 [pool-393-thread-1] INFO  server.RaftServerConfigKeys (ConfUtils.java:logGet(43)) - raft.server.rpc.timeout.max = 5200ms (custom)
2019-10-04 16:16:38,842 [pool-393-thread-1] INFO  server.RaftServerConfigKeys (ConfUtils.java:logGet(43)) - raft.server.rpcslowness.timeout = 120s (custom)
2019-10-04 16:16:38,842 [pool-393-thread-1] INFO  server.RaftServerConfigKeys (ConfUtils.java:logGet(43)) - raft.server.sleep.deviation.threshold = 300 (default)
2019-10-04 16:16:38,842 [pool-393-thread-1] INFO  server.RaftServerConfigKeys (ConfUtils.java:logGet(43)) - raft.server.log.appender.install.snapshot.enabled = false (custom)
2019-10-04 16:16:38,842 [pool-393-thread-1] INFO  impl.RaftServerImpl (ServerState.java:<init>(103)) - bfabe2ef-fb70-4fe1-97de-1797f8513577@group-8CB86F53F7F0: ConfigurationManager, init=-1: [bfabe2ef-fb70-4fe1-97de-1797f8513577:192.168.5.153:34700, 594a935f-a82d-426f-9037-ff57af541463:192.168.5.153:42385, ee3d7c54-677e-44eb-93a7-27ec01fb1ff7:192.168.5.153:41491], old=null, confs=<EMPTY_MAP>
2019-10-04 16:16:38,843 [pool-403-thread-1] INFO  impl.RaftServerImpl (RaftServerImpl.java:<init>(95)) - 594a935f-a82d-426f-9037-ff57af541463: new RaftServerImpl for group-8CB86F53F7F0:[bfabe2ef-fb70-4fe1-97de-1797f8513577:192.168.5.153:34700, 594a935f-a82d-426f-9037-ff57af541463:192.168.5.153:42385, ee3d7c54-677e-44eb-93a7-27ec01fb1ff7:192.168.5.153:41491] with ContainerStateMachine:uninitialized
2019-10-04 16:16:38,843 [pool-393-thread-1] INFO  server.RaftServerConfigKeys (ConfUtils.java:logGet(43)) - raft.server.storage.dir = [/workdir/hadoop-ozone/integration-test/target/test-dir/MiniOzoneClusterImpl-5f3f7f76-1fae-48f1-99ed-10da744dd461/datanode-1/data/ratis] (custom)
2019-10-04 16:16:38,843 [pool-403-thread-1] INFO  server.RaftServerConfigKeys (ConfUtils.java:logGet(43)) - raft.server.rpc.timeout.min = 5s (custom)
2019-10-04 16:16:38,843 [pool-393-thread-1] INFO  server.RaftServerConfigKeys (ConfUtils.java:logGet(43)) - raft.server.log.corruption.policy = EXCEPTION (default)
2019-10-04 16:16:38,843 [pool-403-thread-1] INFO  server.RaftServerConfigKeys (ConfUtils.java:logGet(43)) - raft.server.rpc.timeout.max = 5200ms (custom)
2019-10-04 16:16:38,843 [pool-383-thread-1] INFO  impl.RaftServerImpl (RaftServerImpl.java:<init>(95)) - ee3d7c54-677e-44eb-93a7-27ec01fb1ff7: new RaftServerImpl for group-8CB86F53F7F0:[bfabe2ef-fb70-4fe1-97de-1797f8513577:192.168.5.153:34700, 594a935f-a82d-426f-9037-ff57af541463:192.168.5.153:42385, ee3d7c54-677e-44eb-93a7-27ec01fb1ff7:192.168.5.153:41491] with ContainerStateMachine:uninitialized
2019-10-04 16:16:38,843 [pool-393-thread-1] INFO  storage.RaftStorageDirectory (RaftStorageDirectory.java:analyzeStorage(246)) - The storage directory /workdir/hadoop-ozone/integration-test/target/test-dir/MiniOzoneClusterImpl-5f3f7f76-1fae-48f1-99ed-10da744dd461/datanode-1/data/ratis/acb38dc1-9112-4842-8f15-8cb86f53f7f0 does not exist. Creating ...
2019-10-04 16:16:38,843 [pool-383-thread-1] INFO  server.RaftServerConfigKeys (ConfUtils.java:logGet(43)) - raft.server.rpc.timeout.min = 5s (custom)
2019-10-04 16:16:38,843 [pool-403-thread-1] INFO  server.RaftServerConfigKeys (ConfUtils.java:logGet(43)) - raft.server.rpcslowness.timeout = 120s (custom)
2019-10-04 16:16:38,844 [pool-383-thread-1] INFO  server.RaftServerConfigKeys (ConfUtils.java:logGet(43)) - raft.server.rpc.timeout.max = 5200ms (custom)
2019-10-04 16:16:38,844 [pool-403-thread-1] INFO  server.RaftServerConfigKeys (ConfUtils.java:logGet(43)) - raft.server.sleep.deviation.threshold = 300 (default)
2019-10-04 16:16:38,844 [pool-383-thread-1] INFO  server.RaftServerConfigKeys (ConfUtils.java:logGet(43)) - raft.server.rpcslowness.timeout = 120s (custom)
2019-10-04 16:16:38,844 [pool-403-thread-1] INFO  server.RaftServerConfigKeys (ConfUtils.java:logGet(43)) - raft.server.log.appender.install.snapshot.enabled = false (custom)
2019-10-04 16:16:38,844 [pool-383-thread-1] INFO  server.RaftServerConfigKeys (ConfUtils.java:logGet(43)) - raft.server.sleep.deviation.threshold = 300 (default)
2019-10-04 16:16:38,844 [pool-403-thread-1] INFO  impl.RaftServerImpl (ServerState.java:<init>(103)) - 594a935f-a82d-426f-9037-ff57af541463@group-8CB86F53F7F0: ConfigurationManager, init=-1: [bfabe2ef-fb70-4fe1-97de-1797f8513577:192.168.5.153:34700, 594a935f-a82d-426f-9037-ff57af541463:192.168.5.153:42385, ee3d7c54-677e-44eb-93a7-27ec01fb1ff7:192.168.5.153:41491], old=null, confs=<EMPTY_MAP>
2019-10-04 16:16:38,844 [pool-383-thread-1] INFO  server.RaftServerConfigKeys (ConfUtils.java:logGet(43)) - raft.server.log.appender.install.snapshot.enabled = false (custom)
2019-10-04 16:16:38,845 [pool-403-thread-1] INFO  server.RaftServerConfigKeys (ConfUtils.java:logGet(43)) - raft.server.storage.dir = [/workdir/hadoop-ozone/integration-test/target/test-dir/MiniOzoneClusterImpl-5f3f7f76-1fae-48f1-99ed-10da744dd461/datanode-2/data/ratis] (custom)
2019-10-04 16:16:38,845 [pool-383-thread-1] INFO  impl.RaftServerImpl (ServerState.java:<init>(103)) - ee3d7c54-677e-44eb-93a7-27ec01fb1ff7@group-8CB86F53F7F0: ConfigurationManager, init=-1: [bfabe2ef-fb70-4fe1-97de-1797f8513577:192.168.5.153:34700, 594a935f-a82d-426f-9037-ff57af541463:192.168.5.153:42385, ee3d7c54-677e-44eb-93a7-27ec01fb1ff7:192.168.5.153:41491], old=null, confs=<EMPTY_MAP>
2019-10-04 16:16:38,845 [pool-403-thread-1] INFO  server.RaftServerConfigKeys (ConfUtils.java:logGet(43)) - raft.server.log.corruption.policy = EXCEPTION (default)
2019-10-04 16:16:38,845 [pool-383-thread-1] INFO  server.RaftServerConfigKeys (ConfUtils.java:logGet(43)) - raft.server.storage.dir = [/workdir/hadoop-ozone/integration-test/target/test-dir/MiniOzoneClusterImpl-5f3f7f76-1fae-48f1-99ed-10da744dd461/datanode-0/data/ratis] (custom)
2019-10-04 16:16:38,845 [pool-403-thread-1] INFO  storage.RaftStorageDirectory (RaftStorageDirectory.java:analyzeStorage(246)) - The storage directory /workdir/hadoop-ozone/integration-test/target/test-dir/MiniOzoneClusterImpl-5f3f7f76-1fae-48f1-99ed-10da744dd461/datanode-2/data/ratis/acb38dc1-9112-4842-8f15-8cb86f53f7f0 does not exist. Creating ...
2019-10-04 16:16:38,845 [pool-383-thread-1] INFO  server.RaftServerConfigKeys (ConfUtils.java:logGet(43)) - raft.server.log.corruption.policy = EXCEPTION (default)
2019-10-04 16:16:38,845 [pool-383-thread-1] INFO  storage.RaftStorageDirectory (RaftStorageDirectory.java:analyzeStorage(246)) - The storage directory /workdir/hadoop-ozone/integration-test/target/test-dir/MiniOzoneClusterImpl-5f3f7f76-1fae-48f1-99ed-10da744dd461/datanode-0/data/ratis/acb38dc1-9112-4842-8f15-8cb86f53f7f0 does not exist. Creating ...
2019-10-04 16:16:38,857 [pool-393-thread-1] INFO  storage.RaftStorageDirectory (RaftStorageDirectory.java:tryLock(328)) - Lock on /workdir/hadoop-ozone/integration-test/target/test-dir/MiniOzoneClusterImpl-5f3f7f76-1fae-48f1-99ed-10da744dd461/datanode-1/data/ratis/acb38dc1-9112-4842-8f15-8cb86f53f7f0/in_use.lock acquired by nodename 23897@pr-hdds-2250-qhw8f-1617406954
2019-10-04 16:16:38,857 [pool-383-thread-1] INFO  storage.RaftStorageDirectory (RaftStorageDirectory.java:tryLock(328)) - Lock on /workdir/hadoop-ozone/integration-test/target/test-dir/MiniOzoneClusterImpl-5f3f7f76-1fae-48f1-99ed-10da744dd461/datanode-0/data/ratis/acb38dc1-9112-4842-8f15-8cb86f53f7f0/in_use.lock acquired by nodename 23897@pr-hdds-2250-qhw8f-1617406954
2019-10-04 16:16:38,857 [pool-403-thread-1] INFO  storage.RaftStorageDirectory (RaftStorageDirectory.java:tryLock(328)) - Lock on /workdir/hadoop-ozone/integration-test/target/test-dir/MiniOzoneClusterImpl-5f3f7f76-1fae-48f1-99ed-10da744dd461/datanode-2/data/ratis/acb38dc1-9112-4842-8f15-8cb86f53f7f0/in_use.lock acquired by nodename 23897@pr-hdds-2250-qhw8f-1617406954
2019-10-04 16:16:38,871 [pool-393-thread-1] INFO  storage.RaftStorage (RaftStorage.java:format(84)) - Storage directory /workdir/hadoop-ozone/integration-test/target/test-dir/MiniOzoneClusterImpl-5f3f7f76-1fae-48f1-99ed-10da744dd461/datanode-1/data/ratis/acb38dc1-9112-4842-8f15-8cb86f53f7f0 has been successfully formatted.
2019-10-04 16:16:38,871 [pool-383-thread-1] INFO  storage.RaftStorage (RaftStorage.java:format(84)) - Storage directory /workdir/hadoop-ozone/integration-test/target/test-dir/MiniOzoneClusterImpl-5f3f7f76-1fae-48f1-99ed-10da744dd461/datanode-0/data/ratis/acb38dc1-9112-4842-8f15-8cb86f53f7f0 has been successfully formatted.
2019-10-04 16:16:38,871 [pool-403-thread-1] INFO  storage.RaftStorage (RaftStorage.java:format(84)) - Storage directory /workdir/hadoop-ozone/integration-test/target/test-dir/MiniOzoneClusterImpl-5f3f7f76-1fae-48f1-99ed-10da744dd461/datanode-2/data/ratis/acb38dc1-9112-4842-8f15-8cb86f53f7f0 has been successfully formatted.
2019-10-04 16:16:38,871 [pool-383-thread-1] INFO  ratis.ContainerStateMachine (ContainerStateMachine.java:loadSnapshot(230)) - group-8CB86F53F7F0: The snapshot info is null. Setting the last applied indexto:(t:0, i:~)
2019-10-04 16:16:38,871 [pool-403-thread-1] INFO  ratis.ContainerStateMachine (ContainerStateMachine.java:loadSnapshot(230)) - group-8CB86F53F7F0: The snapshot info is null. Setting the last applied indexto:(t:0, i:~)
2019-10-04 16:16:38,871 [pool-393-thread-1] INFO  ratis.ContainerStateMachine (ContainerStateMachine.java:loadSnapshot(230)) - group-8CB86F53F7F0: The snapshot info is null. Setting the last applied indexto:(t:0, i:~)
2019-10-04 16:16:38,871 [pool-403-thread-1] INFO  server.RaftServerConfigKeys (ConfUtils.java:logGet(43)) - raft.server.notification.no-leader.timeout = 120s (custom)
2019-10-04 16:16:38,871 [pool-383-thread-1] INFO  server.RaftServerConfigKeys (ConfUtils.java:logGet(43)) - raft.server.notification.no-leader.timeout = 120s (custom)
2019-10-04 16:16:38,872 [pool-403-thread-1] INFO  server.RaftServerConfigKeys (ConfUtils.java:logGet(43)) - raft.server.log.use.memory = false (default)
2019-10-04 16:16:38,871 [pool-393-thread-1] INFO  server.RaftServerConfigKeys (ConfUtils.java:logGet(43)) - raft.server.notification.no-leader.timeout = 120s (custom)
2019-10-04 16:16:38,872 [pool-403-thread-1] INFO  server.RaftServerConfigKeys (ConfUtils.java:logGet(43)) - raft.server.log.purge.gap = 1000000 (custom)
2019-10-04 16:16:38,872 [pool-383-thread-1] INFO  server.RaftServerConfigKeys (ConfUtils.java:logGet(43)) - raft.server.log.use.memory = false (default)
2019-10-04 16:16:38,872 [pool-403-thread-1] INFO  server.RaftServerConfigKeys (ConfUtils.java:logGet(43)) - raft.server.log.appender.buffer.byte-limit = 33554432 (custom)
2019-10-04 16:16:38,872 [pool-393-thread-1] INFO  server.RaftServerConfigKeys (ConfUtils.java:logGet(43)) - raft.server.log.use.memory = false (default)
2019-10-04 16:16:38,872 [pool-403-thread-1] INFO  server.RaftServerConfigKeys (ConfUtils.java:logGet(43)) - raft.server.log.segment.size.max = 1048576 (custom)
2019-10-04 16:16:38,872 [pool-383-thread-1] INFO  server.RaftServerConfigKeys (ConfUtils.java:logGet(43)) - raft.server.log.purge.gap = 1000000 (custom)
2019-10-04 16:16:38,873 [pool-403-thread-1] INFO  server.RaftServerConfigKeys (ConfUtils.java:logGet(43)) - raft.server.log.segment.cache.num.max = 2 (custom)
2019-10-04 16:16:38,872 [pool-393-thread-1] INFO  server.RaftServerConfigKeys (ConfUtils.java:logGet(43)) - raft.server.log.purge.gap = 1000000 (custom)
2019-10-04 16:16:38,873 [pool-403-thread-1] INFO  segmented.SegmentedRaftLogWorker (SegmentedRaftLogWorker.java:<init>(173)) - new 594a935f-a82d-426f-9037-ff57af541463@group-8CB86F53F7F0-SegmentedRaftLogWorker for RaftStorage:Storage Directory /workdir/hadoop-ozone/integration-test/target/test-dir/MiniOzoneClusterImpl-5f3f7f76-1fae-48f1-99ed-10da744dd461/datanode-2/data/ratis/acb38dc1-9112-4842-8f15-8cb86f53f7f0
2019-10-04 16:16:38,873 [pool-383-thread-1] INFO  server.RaftServerConfigKeys (ConfUtils.java:logGet(43)) - raft.server.log.appender.buffer.byte-limit = 33554432 (custom)
2019-10-04 16:16:38,873 [pool-403-thread-1] INFO  server.RaftServerConfigKeys (ConfUtils.java:logGet(43)) - raft.server.log.queue.byte-limit = 2147483647 (custom)
2019-10-04 16:16:38,873 [pool-393-thread-1] INFO  server.RaftServerConfigKeys (ConfUtils.java:logGet(43)) - raft.server.log.appender.buffer.byte-limit = 33554432 (custom)
2019-10-04 16:16:38,873 [pool-403-thread-1] INFO  server.RaftServerConfigKeys (ConfUtils.java:logGet(43)) - raft.server.log.queue.element-limit = 1024 (custom)
2019-10-04 16:16:38,873 [pool-383-thread-1] INFO  server.RaftServerConfigKeys (ConfUtils.java:logGet(43)) - raft.server.log.segment.size.max = 1048576 (custom)
2019-10-04 16:16:38,874 [pool-403-thread-1] INFO  server.RaftServerConfigKeys (ConfUtils.java:logGet(43)) - raft.server.log.segment.size.max = 1048576 (custom)
2019-10-04 16:16:38,873 [pool-393-thread-1] INFO  server.RaftServerConfigKeys (ConfUtils.java:logGet(43)) - raft.server.log.segment.size.max = 1048576 (custom)
2019-10-04 16:16:38,874 [pool-403-thread-1] INFO  server.RaftServerConfigKeys (ConfUtils.java:logGet(43)) - raft.server.log.preallocated.size = 16384 (custom)
2019-10-04 16:16:38,874 [pool-383-thread-1] INFO  server.RaftServerConfigKeys (ConfUtils.java:logGet(43)) - raft.server.log.segment.cache.num.max = 2 (custom)
2019-10-04 16:16:38,874 [pool-403-thread-1] INFO  server.RaftServerConfigKeys (ConfUtils.java:logGet(43)) - raft.server.log.write.buffer.size = 33554432 (custom)
2019-10-04 16:16:38,874 [pool-393-thread-1] INFO  server.RaftServerConfigKeys (ConfUtils.java:logGet(43)) - raft.server.log.segment.cache.num.max = 2 (custom)
2019-10-04 16:16:38,874 [pool-403-thread-1] INFO  server.RaftServerConfigKeys (ConfUtils.java:logGet(43)) - raft.server.log.force.sync.num = 128 (default)
2019-10-04 16:16:38,874 [pool-383-thread-1] INFO  segmented.SegmentedRaftLogWorker (SegmentedRaftLogWorker.java:<init>(173)) - new ee3d7c54-677e-44eb-93a7-27ec01fb1ff7@group-8CB86F53F7F0-SegmentedRaftLogWorker for RaftStorage:Storage Directory /workdir/hadoop-ozone/integration-test/target/test-dir/MiniOzoneClusterImpl-5f3f7f76-1fae-48f1-99ed-10da744dd461/datanode-0/data/ratis/acb38dc1-9112-4842-8f15-8cb86f53f7f0
2019-10-04 16:16:38,875 [pool-403-thread-1] INFO  server.RaftServerConfigKeys (ConfUtils.java:logGet(43)) - raft.server.log.statemachine.data.sync = true (default)
2019-10-04 16:16:38,874 [pool-393-thread-1] INFO  segmented.SegmentedRaftLogWorker (SegmentedRaftLogWorker.java:<init>(173)) - new bfabe2ef-fb70-4fe1-97de-1797f8513577@group-8CB86F53F7F0-SegmentedRaftLogWorker for RaftStorage:Storage Directory /workdir/hadoop-ozone/integration-test/target/test-dir/MiniOzoneClusterImpl-5f3f7f76-1fae-48f1-99ed-10da744dd461/datanode-1/data/ratis/acb38dc1-9112-4842-8f15-8cb86f53f7f0
2019-10-04 16:16:38,875 [pool-403-thread-1] INFO  server.RaftServerConfigKeys (ConfUtils.java:logGet(43)) - raft.server.log.statemachine.data.sync.timeout = 10s (default)
2019-10-04 16:16:38,875 [pool-403-thread-1] INFO  server.RaftServerConfigKeys (ConfUtils.java:logGet(43)) - raft.server.log.statemachine.data.sync.timeout.retry = -1 (default)
2019-10-04 16:16:38,875 [pool-383-thread-1] INFO  server.RaftServerConfigKeys (ConfUtils.java:logGet(43)) - raft.server.log.queue.byte-limit = 2147483647 (custom)
2019-10-04 16:16:38,875 [pool-403-thread-1] INFO  server.RaftServerConfigKeys (ConfUtils.java:logGet(43)) - raft.server.log.statemachine.data.caching.enabled = true (custom)
2019-10-04 16:16:38,875 [pool-393-thread-1] INFO  server.RaftServerConfigKeys (ConfUtils.java:logGet(43)) - raft.server.log.queue.byte-limit = 2147483647 (custom)
2019-10-04 16:16:38,875 [pool-383-thread-1] INFO  server.RaftServerConfigKeys (ConfUtils.java:logGet(43)) - raft.server.log.queue.element-limit = 1024 (custom)
2019-10-04 16:16:38,876 [pool-403-thread-1] INFO  segmented.SegmentedRaftLogWorker (SegmentedRaftLogWorker.java:lambda$new$0(128)) - 594a935f-a82d-426f-9037-ff57af541463@group-8CB86F53F7F0-SegmentedRaftLogWorker: flushIndex: setUnconditionally 0 -> -1
2019-10-04 16:16:38,876 [pool-393-thread-1] INFO  server.RaftServerConfigKeys (ConfUtils.java:logGet(43)) - raft.server.log.queue.element-limit = 1024 (custom)
2019-10-04 16:16:38,876 [pool-383-thread-1] INFO  server.RaftServerConfigKeys (ConfUtils.java:logGet(43)) - raft.server.log.segment.size.max = 1048576 (custom)
2019-10-04 16:16:38,876 [pool-403-thread-1] INFO  server.RaftServerConfigKeys (ConfUtils.java:logGet(43)) - raft.server.snapshot.auto.trigger.enabled = true (custom)
2019-10-04 16:16:38,876 [pool-393-thread-1] INFO  server.RaftServerConfigKeys (ConfUtils.java:logGet(43)) - raft.server.log.segment.size.max = 1048576 (custom)
2019-10-04 16:16:38,876 [pool-403-thread-1] INFO  server.RaftServerConfigKeys (ConfUtils.java:logGet(43)) - raft.server.snapshot.auto.trigger.threshold = 10000 (custom)
2019-10-04 16:16:38,876 [pool-383-thread-1] INFO  server.RaftServerConfigKeys (ConfUtils.java:logGet(43)) - raft.server.log.preallocated.size = 16384 (custom)
2019-10-04 16:16:38,876 [pool-403-thread-1] INFO  server.RaftServerConfigKeys (ConfUtils.java:logGet(43)) - raft.server.snapshot.retention.file.num = 5 (custom)
2019-10-04 16:16:38,876 [pool-393-thread-1] INFO  server.RaftServerConfigKeys (ConfUtils.java:logGet(43)) - raft.server.log.preallocated.size = 16384 (custom)
2019-10-04 16:16:38,877 [pool-403-thread-1] INFO  server.RaftServerConfigKeys (ConfUtils.java:logGet(43)) - raft.server.retrycache.expirytime = 600000ms (custom)
2019-10-04 16:16:38,877 [pool-383-thread-1] INFO  server.RaftServerConfigKeys (ConfUtils.java:logGet(43)) - raft.server.log.write.buffer.size = 33554432 (custom)
2019-10-04 16:16:38,877 [pool-393-thread-1] INFO  server.RaftServerConfigKeys (ConfUtils.java:logGet(43)) - raft.server.log.write.buffer.size = 33554432 (custom)
2019-10-04 16:16:38,877 [pool-383-thread-1] INFO  server.RaftServerConfigKeys (ConfUtils.java:logGet(43)) - raft.server.log.force.sync.num = 128 (default)
2019-10-04 16:16:38,877 [pool-393-thread-1] INFO  server.RaftServerConfigKeys (ConfUtils.java:logGet(43)) - raft.server.log.force.sync.num = 128 (default)
2019-10-04 16:16:38,877 [pool-383-thread-1] INFO  server.RaftServerConfigKeys (ConfUtils.java:logGet(43)) - raft.server.log.statemachine.data.sync = true (default)
2019-10-04 16:16:38,877 [pool-393-thread-1] INFO  server.RaftServerConfigKeys (ConfUtils.java:logGet(43)) - raft.server.log.statemachine.data.sync = true (default)
2019-10-04 16:16:38,877 [pool-383-thread-1] INFO  server.RaftServerConfigKeys (ConfUtils.java:logGet(43)) - raft.server.log.statemachine.data.sync.timeout = 10s (default)
2019-10-04 16:16:38,878 [pool-393-thread-1] INFO  server.RaftServerConfigKeys (ConfUtils.java:logGet(43)) - raft.server.log.statemachine.data.sync.timeout = 10s (default)
2019-10-04 16:16:38,878 [pool-383-thread-1] INFO  server.RaftServerConfigKeys (ConfUtils.java:logGet(43)) - raft.server.log.statemachine.data.sync.timeout.retry = -1 (default)
2019-10-04 16:16:38,878 [pool-393-thread-1] INFO  server.RaftServerConfigKeys (ConfUtils.java:logGet(43)) - raft.server.log.statemachine.data.sync.timeout.retry = -1 (default)
2019-10-04 16:16:38,878 [pool-383-thread-1] INFO  server.RaftServerConfigKeys (ConfUtils.java:logGet(43)) - raft.server.log.statemachine.data.caching.enabled = true (custom)
2019-10-04 16:16:38,878 [pool-393-thread-1] INFO  server.RaftServerConfigKeys (ConfUtils.java:logGet(43)) - raft.server.log.statemachine.data.caching.enabled = true (custom)
2019-10-04 16:16:38,878 [pool-383-thread-1] INFO  segmented.SegmentedRaftLogWorker (SegmentedRaftLogWorker.java:lambda$new$0(128)) - ee3d7c54-677e-44eb-93a7-27ec01fb1ff7@group-8CB86F53F7F0-SegmentedRaftLogWorker: flushIndex: setUnconditionally 0 -> -1
2019-10-04 16:16:38,878 [pool-393-thread-1] INFO  segmented.SegmentedRaftLogWorker (SegmentedRaftLogWorker.java:lambda$new$0(128)) - bfabe2ef-fb70-4fe1-97de-1797f8513577@group-8CB86F53F7F0-SegmentedRaftLogWorker: flushIndex: setUnconditionally 0 -> -1
2019-10-04 16:16:38,879 [pool-403-thread-1] INFO  impl.RaftServerImpl (RaftServerImpl.java:start(181)) - 594a935f-a82d-426f-9037-ff57af541463@group-8CB86F53F7F0: start as a follower, conf=-1: [bfabe2ef-fb70-4fe1-97de-1797f8513577:192.168.5.153:34700, 594a935f-a82d-426f-9037-ff57af541463:192.168.5.153:42385, ee3d7c54-677e-44eb-93a7-27ec01fb1ff7:192.168.5.153:41491], old=null
2019-10-04 16:16:38,879 [pool-393-thread-1] INFO  server.RaftServerConfigKeys (ConfUtils.java:logGet(43)) - raft.server.snapshot.auto.trigger.enabled = true (custom)
2019-10-04 16:16:38,879 [pool-383-thread-1] INFO  server.RaftServerConfigKeys (ConfUtils.java:logGet(43)) - raft.server.snapshot.auto.trigger.enabled = true (custom)
2019-10-04 16:16:38,879 [pool-393-thread-1] INFO  server.RaftServerConfigKeys (ConfUtils.java:logGet(43)) - raft.server.snapshot.auto.trigger.threshold = 10000 (custom)
2019-10-04 16:16:38,879 [pool-403-thread-1] INFO  impl.RaftServerImpl (RaftServerImpl.java:setRole(170)) - 594a935f-a82d-426f-9037-ff57af541463@group-8CB86F53F7F0: changes role from      null to FOLLOWER at term 0 for startAsFollower
2019-10-04 16:16:38,879 [pool-393-thread-1] INFO  server.RaftServerConfigKeys (ConfUtils.java:logGet(43)) - raft.server.snapshot.retention.file.num = 5 (custom)
2019-10-04 16:16:38,879 [pool-383-thread-1] INFO  server.RaftServerConfigKeys (ConfUtils.java:logGet(43)) - raft.server.snapshot.auto.trigger.threshold = 10000 (custom)
2019-10-04 16:16:38,879 [pool-393-thread-1] INFO  server.RaftServerConfigKeys (ConfUtils.java:logGet(43)) - raft.server.retrycache.expirytime = 600000ms (custom)
2019-10-04 16:16:38,879 [pool-403-thread-1] INFO  impl.RoleInfo (RoleInfo.java:updateAndGet(143)) - 594a935f-a82d-426f-9037-ff57af541463: start FollowerState
2019-10-04 16:16:38,879 [pool-383-thread-1] INFO  server.RaftServerConfigKeys (ConfUtils.java:logGet(43)) - raft.server.snapshot.retention.file.num = 5 (custom)
2019-10-04 16:16:38,880 [pool-383-thread-1] INFO  server.RaftServerConfigKeys (ConfUtils.java:logGet(43)) - raft.server.retrycache.expirytime = 600000ms (custom)
2019-10-04 16:16:38,880 [pool-403-thread-1] INFO  util.JmxRegister (JmxRegister.java:tryRegister(44)) - Successfully registered JMX Bean with object name Ratis:service=RaftServer,group=group-8CB86F53F7F0,id=594a935f-a82d-426f-9037-ff57af541463
2019-10-04 16:16:38,881 [pool-393-thread-1] INFO  impl.RaftServerImpl (RaftServerImpl.java:start(181)) - bfabe2ef-fb70-4fe1-97de-1797f8513577@group-8CB86F53F7F0: start as a follower, conf=-1: [bfabe2ef-fb70-4fe1-97de-1797f8513577:192.168.5.153:34700, 594a935f-a82d-426f-9037-ff57af541463:192.168.5.153:42385, ee3d7c54-677e-44eb-93a7-27ec01fb1ff7:192.168.5.153:41491], old=null
2019-10-04 16:16:38,881 [pool-393-thread-1] INFO  impl.RaftServerImpl (RaftServerImpl.java:setRole(170)) - bfabe2ef-fb70-4fe1-97de-1797f8513577@group-8CB86F53F7F0: changes role from      null to FOLLOWER at term 0 for startAsFollower
2019-10-04 16:16:38,881 [pool-393-thread-1] INFO  impl.RoleInfo (RoleInfo.java:updateAndGet(143)) - bfabe2ef-fb70-4fe1-97de-1797f8513577: start FollowerState
2019-10-04 16:16:38,881 [pool-393-thread-1] INFO  util.JmxRegister (JmxRegister.java:tryRegister(44)) - Successfully registered JMX Bean with object name Ratis:service=RaftServer,group=group-8CB86F53F7F0,id=bfabe2ef-fb70-4fe1-97de-1797f8513577
2019-10-04 16:16:38,883 [pool-383-thread-1] INFO  impl.RaftServerImpl (RaftServerImpl.java:start(181)) - ee3d7c54-677e-44eb-93a7-27ec01fb1ff7@group-8CB86F53F7F0: start as a follower, conf=-1: [bfabe2ef-fb70-4fe1-97de-1797f8513577:192.168.5.153:34700, 594a935f-a82d-426f-9037-ff57af541463:192.168.5.153:42385, ee3d7c54-677e-44eb-93a7-27ec01fb1ff7:192.168.5.153:41491], old=null
2019-10-04 16:16:38,883 [pool-383-thread-1] INFO  impl.RaftServerImpl (RaftServerImpl.java:setRole(170)) - ee3d7c54-677e-44eb-93a7-27ec01fb1ff7@group-8CB86F53F7F0: changes role from      null to FOLLOWER at term 0 for startAsFollower
2019-10-04 16:16:38,883 [pool-383-thread-1] INFO  impl.RoleInfo (RoleInfo.java:updateAndGet(143)) - ee3d7c54-677e-44eb-93a7-27ec01fb1ff7: start FollowerState
2019-10-04 16:16:38,884 [pool-383-thread-1] INFO  util.JmxRegister (JmxRegister.java:tryRegister(44)) - Successfully registered JMX Bean with object name Ratis:service=RaftServer,group=group-8CB86F53F7F0,id=ee3d7c54-677e-44eb-93a7-27ec01fb1ff7
2019-10-04 16:16:38,887 [RatisPipelineUtilsThread] INFO  pipeline.PipelineStateManager (PipelineStateManager.java:addPipeline(56)) - Created pipeline Pipeline[ Id: acb38dc1-9112-4842-8f15-8cb86f53f7f0, Nodes: 594a935f-a82d-426f-9037-ff57af541463{ip: 192.168.5.153, host: pr-hdds-2250-qhw8f-1617406954, networkLocation: /default-rack, certSerialId: null}bfabe2ef-fb70-4fe1-97de-1797f8513577{ip: 192.168.5.153, host: pr-hdds-2250-qhw8f-1617406954, networkLocation: /default-rack, certSerialId: null}ee3d7c54-677e-44eb-93a7-27ec01fb1ff7{ip: 192.168.5.153, host: pr-hdds-2250-qhw8f-1617406954, networkLocation: /default-rack, certSerialId: null}, Type:RATIS, Factor:THREE, State:OPEN]
2019-10-04 16:16:38,894 [grpc-default-executor-8] INFO  impl.RaftServerProxy (RaftServerProxy.java:addNew(89)) - 66693857-25a4-4108-b832-51ad3b0c67cf: addNew group-6D9CDC12ADA2:[66693857-25a4-4108-b832-51ad3b0c67cf:192.168.5.153:37059] returns group-6D9CDC12ADA2:java.util.concurrent.CompletableFuture@789bfdf6[Not completed]
2019-10-04 16:16:38,895 [pool-413-thread-1] INFO  impl.RaftServerImpl (RaftServerImpl.java:<init>(95)) - 66693857-25a4-4108-b832-51ad3b0c67cf: new RaftServerImpl for group-6D9CDC12ADA2:[66693857-25a4-4108-b832-51ad3b0c67cf:192.168.5.153:37059] with ContainerStateMachine:uninitialized
2019-10-04 16:16:38,895 [pool-413-thread-1] INFO  server.RaftServerConfigKeys (ConfUtils.java:logGet(43)) - raft.server.rpc.timeout.min = 5s (custom)
2019-10-04 16:16:38,895 [pool-413-thread-1] INFO  server.RaftServerConfigKeys (ConfUtils.java:logGet(43)) - raft.server.rpc.timeout.max = 5200ms (custom)
2019-10-04 16:16:38,895 [pool-413-thread-1] INFO  server.RaftServerConfigKeys (ConfUtils.java:logGet(43)) - raft.server.rpcslowness.timeout = 120s (custom)
2019-10-04 16:16:38,895 [pool-413-thread-1] INFO  server.RaftServerConfigKeys (ConfUtils.java:logGet(43)) - raft.server.sleep.deviation.threshold = 300 (default)
2019-10-04 16:16:38,895 [pool-413-thread-1] INFO  server.RaftServerConfigKeys (ConfUtils.java:logGet(43)) - raft.server.log.appender.install.snapshot.enabled = false (custom)
2019-10-04 16:16:38,895 [pool-413-thread-1] INFO  impl.RaftServerImpl (ServerState.java:<init>(103)) - 66693857-25a4-4108-b832-51ad3b0c67cf@group-6D9CDC12ADA2: ConfigurationManager, init=-1: [66693857-25a4-4108-b832-51ad3b0c67cf:192.168.5.153:37059], old=null, confs=<EMPTY_MAP>
2019-10-04 16:16:38,896 [pool-413-thread-1] INFO  server.RaftServerConfigKeys (ConfUtils.java:logGet(43)) - raft.server.storage.dir = [/workdir/hadoop-ozone/integration-test/target/test-dir/MiniOzoneClusterImpl-5f3f7f76-1fae-48f1-99ed-10da744dd461/datanode-3/data/ratis] (custom)
2019-10-04 16:16:38,896 [pool-413-thread-1] INFO  server.RaftServerConfigKeys (ConfUtils.java:logGet(43)) - raft.server.log.corruption.policy = EXCEPTION (default)
2019-10-04 16:16:38,896 [pool-413-thread-1] INFO  storage.RaftStorageDirectory (RaftStorageDirectory.java:analyzeStorage(246)) - The storage directory /workdir/hadoop-ozone/integration-test/target/test-dir/MiniOzoneClusterImpl-5f3f7f76-1fae-48f1-99ed-10da744dd461/datanode-3/data/ratis/0e4db112-630a-4fa5-be48-6d9cdc12ada2 does not exist. Creating ...
2019-10-04 16:16:38,896 [IPC Server handler 0 on 44326] INFO  net.NetworkTopology (NetworkTopologyImpl.java:add(111)) - Added a new node: /default-rack/1fbe0407-351d-4a8e-9178-51491abfbf80
2019-10-04 16:16:38,896 [IPC Server handler 0 on 44326] INFO  node.SCMNodeManager (SCMNodeManager.java:register(268)) - Registered Data node : 1fbe0407-351d-4a8e-9178-51491abfbf80{ip: 192.168.5.153, host: pr-hdds-2250-qhw8f-1617406954, networkLocation: /default-rack, certSerialId: null}
2019-10-04 16:16:38,900 [pool-413-thread-1] INFO  storage.RaftStorageDirectory (RaftStorageDirectory.java:tryLock(328)) - Lock on /workdir/hadoop-ozone/integration-test/target/test-dir/MiniOzoneClusterImpl-5f3f7f76-1fae-48f1-99ed-10da744dd461/datanode-3/data/ratis/0e4db112-630a-4fa5-be48-6d9cdc12ada2/in_use.lock acquired by nodename 23897@pr-hdds-2250-qhw8f-1617406954
2019-10-04 16:16:38,903 [pool-413-thread-1] INFO  storage.RaftStorage (RaftStorage.java:format(84)) - Storage directory /workdir/hadoop-ozone/integration-test/target/test-dir/MiniOzoneClusterImpl-5f3f7f76-1fae-48f1-99ed-10da744dd461/datanode-3/data/ratis/0e4db112-630a-4fa5-be48-6d9cdc12ada2 has been successfully formatted.
2019-10-04 16:16:38,904 [pool-413-thread-1] INFO  ratis.ContainerStateMachine (ContainerStateMachine.java:loadSnapshot(230)) - group-6D9CDC12ADA2: The snapshot info is null. Setting the last applied indexto:(t:0, i:~)
2019-10-04 16:16:38,904 [pool-413-thread-1] INFO  server.RaftServerConfigKeys (ConfUtils.java:logGet(43)) - raft.server.notification.no-leader.timeout = 120s (custom)
2019-10-04 16:16:38,904 [pool-413-thread-1] INFO  server.RaftServerConfigKeys (ConfUtils.java:logGet(43)) - raft.server.log.use.memory = false (default)
2019-10-04 16:16:38,904 [pool-413-thread-1] INFO  server.RaftServerConfigKeys (ConfUtils.java:logGet(43)) - raft.server.log.purge.gap = 1000000 (custom)
2019-10-04 16:16:38,904 [pool-413-thread-1] INFO  server.RaftServerConfigKeys (ConfUtils.java:logGet(43)) - raft.server.log.appender.buffer.byte-limit = 33554432 (custom)
2019-10-04 16:16:38,904 [pool-413-thread-1] INFO  server.RaftServerConfigKeys (ConfUtils.java:logGet(43)) - raft.server.log.segment.size.max = 1048576 (custom)
2019-10-04 16:16:38,905 [pool-413-thread-1] INFO  server.RaftServerConfigKeys (ConfUtils.java:logGet(43)) - raft.server.log.segment.cache.num.max = 2 (custom)
2019-10-04 16:16:38,905 [pool-413-thread-1] INFO  segmented.SegmentedRaftLogWorker (SegmentedRaftLogWorker.java:<init>(173)) - new 66693857-25a4-4108-b832-51ad3b0c67cf@group-6D9CDC12ADA2-SegmentedRaftLogWorker for RaftStorage:Storage Directory /workdir/hadoop-ozone/integration-test/target/test-dir/MiniOzoneClusterImpl-5f3f7f76-1fae-48f1-99ed-10da744dd461/datanode-3/data/ratis/0e4db112-630a-4fa5-be48-6d9cdc12ada2
2019-10-04 16:16:38,905 [pool-413-thread-1] INFO  server.RaftServerConfigKeys (ConfUtils.java:logGet(43)) - raft.server.log.queue.byte-limit = 2147483647 (custom)
2019-10-04 16:16:38,906 [pool-413-thread-1] INFO  server.RaftServerConfigKeys (ConfUtils.java:logGet(43)) - raft.server.log.queue.element-limit = 1024 (custom)
2019-10-04 16:16:38,906 [pool-413-thread-1] INFO  server.RaftServerConfigKeys (ConfUtils.java:logGet(43)) - raft.server.log.segment.size.max = 1048576 (custom)
2019-10-04 16:16:38,906 [pool-413-thread-1] INFO  server.RaftServerConfigKeys (ConfUtils.java:logGet(43)) - raft.server.log.preallocated.size = 16384 (custom)
2019-10-04 16:16:38,906 [pool-413-thread-1] INFO  server.RaftServerConfigKeys (ConfUtils.java:logGet(43)) - raft.server.log.write.buffer.size = 33554432 (custom)
2019-10-04 16:16:38,906 [pool-413-thread-1] INFO  server.RaftServerConfigKeys (ConfUtils.java:logGet(43)) - raft.server.log.force.sync.num = 128 (default)
2019-10-04 16:16:38,906 [pool-413-thread-1] INFO  server.RaftServerConfigKeys (ConfUtils.java:logGet(43)) - raft.server.log.statemachine.data.sync = true (default)
2019-10-04 16:16:38,906 [pool-413-thread-1] INFO  server.RaftServerConfigKeys (ConfUtils.java:logGet(43)) - raft.server.log.statemachine.data.sync.timeout = 10s (default)
2019-10-04 16:16:38,906 [pool-413-thread-1] INFO  server.RaftServerConfigKeys (ConfUtils.java:logGet(43)) - raft.server.log.statemachine.data.sync.timeout.retry = -1 (default)
2019-10-04 16:16:38,906 [pool-413-thread-1] INFO  server.RaftServerConfigKeys (ConfUtils.java:logGet(43)) - raft.server.log.statemachine.data.caching.enabled = true (custom)
2019-10-04 16:16:38,907 [pool-413-thread-1] INFO  segmented.SegmentedRaftLogWorker (SegmentedRaftLogWorker.java:lambda$new$0(128)) - 66693857-25a4-4108-b832-51ad3b0c67cf@group-6D9CDC12ADA2-SegmentedRaftLogWorker: flushIndex: setUnconditionally 0 -> -1
2019-10-04 16:16:38,907 [pool-413-thread-1] INFO  server.RaftServerConfigKeys (ConfUtils.java:logGet(43)) - raft.server.snapshot.auto.trigger.enabled = true (custom)
2019-10-04 16:16:38,907 [pool-413-thread-1] INFO  server.RaftServerConfigKeys (ConfUtils.java:logGet(43)) - raft.server.snapshot.auto.trigger.threshold = 10000 (custom)
2019-10-04 16:16:38,907 [pool-413-thread-1] INFO  server.RaftServerConfigKeys (ConfUtils.java:logGet(43)) - raft.server.snapshot.retention.file.num = 5 (custom)
2019-10-04 16:16:38,907 [pool-413-thread-1] INFO  server.RaftServerConfigKeys (ConfUtils.java:logGet(43)) - raft.server.retrycache.expirytime = 600000ms (custom)
2019-10-04 16:16:38,908 [pool-413-thread-1] INFO  impl.RaftServerImpl (RaftServerImpl.java:start(181)) - 66693857-25a4-4108-b832-51ad3b0c67cf@group-6D9CDC12ADA2: start as a follower, conf=-1: [66693857-25a4-4108-b832-51ad3b0c67cf:192.168.5.153:37059], old=null
2019-10-04 16:16:38,908 [pool-413-thread-1] INFO  impl.RaftServerImpl (RaftServerImpl.java:setRole(170)) - 66693857-25a4-4108-b832-51ad3b0c67cf@group-6D9CDC12ADA2: changes role from      null to FOLLOWER at term 0 for startAsFollower
2019-10-04 16:16:38,908 [pool-413-thread-1] INFO  impl.RoleInfo (RoleInfo.java:updateAndGet(143)) - 66693857-25a4-4108-b832-51ad3b0c67cf: start FollowerState
2019-10-04 16:16:38,909 [pool-413-thread-1] INFO  util.JmxRegister (JmxRegister.java:tryRegister(44)) - Successfully registered JMX Bean with object name Ratis:service=RaftServer,group=group-6D9CDC12ADA2,id=66693857-25a4-4108-b832-51ad3b0c67cf
2019-10-04 16:16:38,911 [RatisPipelineUtilsThread] INFO  pipeline.PipelineStateManager (PipelineStateManager.java:addPipeline(56)) - Created pipeline Pipeline[ Id: 0e4db112-630a-4fa5-be48-6d9cdc12ada2, Nodes: 66693857-25a4-4108-b832-51ad3b0c67cf{ip: 192.168.5.153, host: pr-hdds-2250-qhw8f-1617406954, networkLocation: /default-rack, certSerialId: null}, Type:RATIS, Factor:ONE, State:OPEN]
2019-10-04 16:16:38,917 [grpc-default-executor-8] INFO  impl.RaftServerProxy (RaftServerProxy.java:addNew(89)) - 1fbe0407-351d-4a8e-9178-51491abfbf80: addNew group-98D8B1027C12:[1fbe0407-351d-4a8e-9178-51491abfbf80:192.168.5.153:33389] returns group-98D8B1027C12:java.util.concurrent.CompletableFuture@30eab662[Not completed]
2019-10-04 16:16:38,919 [pool-423-thread-1] INFO  impl.RaftServerImpl (RaftServerImpl.java:<init>(95)) - 1fbe0407-351d-4a8e-9178-51491abfbf80: new RaftServerImpl for group-98D8B1027C12:[1fbe0407-351d-4a8e-9178-51491abfbf80:192.168.5.153:33389] with ContainerStateMachine:uninitialized
2019-10-04 16:16:38,919 [pool-423-thread-1] INFO  server.RaftServerConfigKeys (ConfUtils.java:logGet(43)) - raft.server.rpc.timeout.min = 5s (custom)
2019-10-04 16:16:38,919 [pool-423-thread-1] INFO  server.RaftServerConfigKeys (ConfUtils.java:logGet(43)) - raft.server.rpc.timeout.max = 5200ms (custom)
2019-10-04 16:16:38,919 [pool-423-thread-1] INFO  server.RaftServerConfigKeys (ConfUtils.java:logGet(43)) - raft.server.rpcslowness.timeout = 120s (custom)
2019-10-04 16:16:38,919 [pool-423-thread-1] INFO  server.RaftServerConfigKeys (ConfUtils.java:logGet(43)) - raft.server.sleep.deviation.threshold = 300 (default)
2019-10-04 16:16:38,920 [pool-423-thread-1] INFO  server.RaftServerConfigKeys (ConfUtils.java:logGet(43)) - raft.server.log.appender.install.snapshot.enabled = false (custom)
2019-10-04 16:16:38,920 [pool-423-thread-1] INFO  impl.RaftServerImpl (ServerState.java:<init>(103)) - 1fbe0407-351d-4a8e-9178-51491abfbf80@group-98D8B1027C12: ConfigurationManager, init=-1: [1fbe0407-351d-4a8e-9178-51491abfbf80:192.168.5.153:33389], old=null, confs=<EMPTY_MAP>
2019-10-04 16:16:38,920 [pool-423-thread-1] INFO  server.RaftServerConfigKeys (ConfUtils.java:logGet(43)) - raft.server.storage.dir = [/workdir/hadoop-ozone/integration-test/target/test-dir/MiniOzoneClusterImpl-5f3f7f76-1fae-48f1-99ed-10da744dd461/datanode-4/data/ratis] (custom)
2019-10-04 16:16:38,920 [pool-423-thread-1] INFO  server.RaftServerConfigKeys (ConfUtils.java:logGet(43)) - raft.server.log.corruption.policy = EXCEPTION (default)
2019-10-04 16:16:38,920 [pool-423-thread-1] INFO  storage.RaftStorageDirectory (RaftStorageDirectory.java:analyzeStorage(246)) - The storage directory /workdir/hadoop-ozone/integration-test/target/test-dir/MiniOzoneClusterImpl-5f3f7f76-1fae-48f1-99ed-10da744dd461/datanode-4/data/ratis/47343533-956a-4088-b642-98d8b1027c12 does not exist. Creating ...
2019-10-04 16:16:38,939 [pool-423-thread-1] INFO  storage.RaftStorageDirectory (RaftStorageDirectory.java:tryLock(328)) - Lock on /workdir/hadoop-ozone/integration-test/target/test-dir/MiniOzoneClusterImpl-5f3f7f76-1fae-48f1-99ed-10da744dd461/datanode-4/data/ratis/47343533-956a-4088-b642-98d8b1027c12/in_use.lock acquired by nodename 23897@pr-hdds-2250-qhw8f-1617406954
2019-10-04 16:16:38,952 [pool-423-thread-1] INFO  storage.RaftStorage (RaftStorage.java:format(84)) - Storage directory /workdir/hadoop-ozone/integration-test/target/test-dir/MiniOzoneClusterImpl-5f3f7f76-1fae-48f1-99ed-10da744dd461/datanode-4/data/ratis/47343533-956a-4088-b642-98d8b1027c12 has been successfully formatted.
2019-10-04 16:16:38,952 [pool-423-thread-1] INFO  ratis.ContainerStateMachine (ContainerStateMachine.java:loadSnapshot(230)) - group-98D8B1027C12: The snapshot info is null. Setting the last applied indexto:(t:0, i:~)
2019-10-04 16:16:38,953 [pool-423-thread-1] INFO  server.RaftServerConfigKeys (ConfUtils.java:logGet(43)) - raft.server.notification.no-leader.timeout = 120s (custom)
2019-10-04 16:16:38,953 [pool-423-thread-1] INFO  server.RaftServerConfigKeys (ConfUtils.java:logGet(43)) - raft.server.log.use.memory = false (default)
2019-10-04 16:16:38,953 [pool-423-thread-1] INFO  server.RaftServerConfigKeys (ConfUtils.java:logGet(43)) - raft.server.log.purge.gap = 1000000 (custom)
2019-10-04 16:16:38,953 [pool-423-thread-1] INFO  server.RaftServerConfigKeys (ConfUtils.java:logGet(43)) - raft.server.log.appender.buffer.byte-limit = 33554432 (custom)
2019-10-04 16:16:38,953 [pool-423-thread-1] INFO  server.RaftServerConfigKeys (ConfUtils.java:logGet(43)) - raft.server.log.segment.size.max = 1048576 (custom)
2019-10-04 16:16:38,955 [pool-423-thread-1] INFO  server.RaftServerConfigKeys (ConfUtils.java:logGet(43)) - raft.server.log.segment.cache.num.max = 2 (custom)
2019-10-04 16:16:38,955 [pool-423-thread-1] INFO  segmented.SegmentedRaftLogWorker (SegmentedRaftLogWorker.java:<init>(173)) - new 1fbe0407-351d-4a8e-9178-51491abfbf80@group-98D8B1027C12-SegmentedRaftLogWorker for RaftStorage:Storage Directory /workdir/hadoop-ozone/integration-test/target/test-dir/MiniOzoneClusterImpl-5f3f7f76-1fae-48f1-99ed-10da744dd461/datanode-4/data/ratis/47343533-956a-4088-b642-98d8b1027c12
2019-10-04 16:16:38,955 [pool-423-thread-1] INFO  server.RaftServerConfigKeys (ConfUtils.java:logGet(43)) - raft.server.log.queue.byte-limit = 2147483647 (custom)
2019-10-04 16:16:38,955 [pool-423-thread-1] INFO  server.RaftServerConfigKeys (ConfUtils.java:logGet(43)) - raft.server.log.queue.element-limit = 1024 (custom)
2019-10-04 16:16:38,955 [pool-423-thread-1] INFO  server.RaftServerConfigKeys (ConfUtils.java:logGet(43)) - raft.server.log.segment.size.max = 1048576 (custom)
2019-10-04 16:16:38,955 [pool-423-thread-1] INFO  server.RaftServerConfigKeys (ConfUtils.java:logGet(43)) - raft.server.log.preallocated.size = 16384 (custom)
2019-10-04 16:16:38,956 [pool-423-thread-1] INFO  server.RaftServerConfigKeys (ConfUtils.java:logGet(43)) - raft.server.log.write.buffer.size = 33554432 (custom)
2019-10-04 16:16:38,956 [pool-423-thread-1] INFO  server.RaftServerConfigKeys (ConfUtils.java:logGet(43)) - raft.server.log.force.sync.num = 128 (default)
2019-10-04 16:16:38,956 [pool-423-thread-1] INFO  server.RaftServerConfigKeys (ConfUtils.java:logGet(43)) - raft.server.log.statemachine.data.sync = true (default)
2019-10-04 16:16:38,956 [pool-423-thread-1] INFO  server.RaftServerConfigKeys (ConfUtils.java:logGet(43)) - raft.server.log.statemachine.data.sync.timeout = 10s (default)
2019-10-04 16:16:38,956 [pool-423-thread-1] INFO  server.RaftServerConfigKeys (ConfUtils.java:logGet(43)) - raft.server.log.statemachine.data.sync.timeout.retry = -1 (default)
2019-10-04 16:16:38,956 [pool-423-thread-1] INFO  server.RaftServerConfigKeys (ConfUtils.java:logGet(43)) - raft.server.log.statemachine.data.caching.enabled = true (custom)
2019-10-04 16:16:38,957 [pool-423-thread-1] INFO  segmented.SegmentedRaftLogWorker (SegmentedRaftLogWorker.java:lambda$new$0(128)) - 1fbe0407-351d-4a8e-9178-51491abfbf80@group-98D8B1027C12-SegmentedRaftLogWorker: flushIndex: setUnconditionally 0 -> -1
2019-10-04 16:16:38,957 [pool-423-thread-1] INFO  server.RaftServerConfigKeys (ConfUtils.java:logGet(43)) - raft.server.snapshot.auto.trigger.enabled = true (custom)
2019-10-04 16:16:38,957 [pool-423-thread-1] INFO  server.RaftServerConfigKeys (ConfUtils.java:logGet(43)) - raft.server.snapshot.auto.trigger.threshold = 10000 (custom)
2019-10-04 16:16:38,957 [pool-423-thread-1] INFO  server.RaftServerConfigKeys (ConfUtils.java:logGet(43)) - raft.server.snapshot.retention.file.num = 5 (custom)
2019-10-04 16:16:38,957 [pool-423-thread-1] INFO  server.RaftServerConfigKeys (ConfUtils.java:logGet(43)) - raft.server.retrycache.expirytime = 600000ms (custom)
2019-10-04 16:16:38,959 [pool-423-thread-1] INFO  impl.RaftServerImpl (RaftServerImpl.java:start(181)) - 1fbe0407-351d-4a8e-9178-51491abfbf80@group-98D8B1027C12: start as a follower, conf=-1: [1fbe0407-351d-4a8e-9178-51491abfbf80:192.168.5.153:33389], old=null
2019-10-04 16:16:38,959 [pool-423-thread-1] INFO  impl.RaftServerImpl (RaftServerImpl.java:setRole(170)) - 1fbe0407-351d-4a8e-9178-51491abfbf80@group-98D8B1027C12: changes role from      null to FOLLOWER at term 0 for startAsFollower
2019-10-04 16:16:38,959 [pool-423-thread-1] INFO  impl.RoleInfo (RoleInfo.java:updateAndGet(143)) - 1fbe0407-351d-4a8e-9178-51491abfbf80: start FollowerState
2019-10-04 16:16:38,959 [pool-423-thread-1] INFO  util.JmxRegister (JmxRegister.java:tryRegister(44)) - Successfully registered JMX Bean with object name Ratis:service=RaftServer,group=group-98D8B1027C12,id=1fbe0407-351d-4a8e-9178-51491abfbf80
2019-10-04 16:16:38,962 [IPC Server handler 2 on 44326] INFO  net.NetworkTopology (NetworkTopologyImpl.java:add(111)) - Added a new node: /default-rack/409be42e-89dd-4a57-b73e-9f2147ac3c88
2019-10-04 16:16:38,963 [IPC Server handler 2 on 44326] INFO  node.SCMNodeManager (SCMNodeManager.java:register(268)) - Registered Data node : 409be42e-89dd-4a57-b73e-9f2147ac3c88{ip: 192.168.5.153, host: pr-hdds-2250-qhw8f-1617406954, networkLocation: /default-rack, certSerialId: null}
2019-10-04 16:16:38,963 [RatisPipelineUtilsThread] INFO  pipeline.PipelineStateManager (PipelineStateManager.java:addPipeline(56)) - Created pipeline Pipeline[ Id: 47343533-956a-4088-b642-98d8b1027c12, Nodes: 1fbe0407-351d-4a8e-9178-51491abfbf80{ip: 192.168.5.153, host: pr-hdds-2250-qhw8f-1617406954, networkLocation: /default-rack, certSerialId: null}, Type:RATIS, Factor:ONE, State:OPEN]
2019-10-04 16:16:38,969 [grpc-default-executor-8] INFO  impl.RaftServerProxy (RaftServerProxy.java:addNew(89)) - 409be42e-89dd-4a57-b73e-9f2147ac3c88: addNew group-6495C13B0B19:[409be42e-89dd-4a57-b73e-9f2147ac3c88:192.168.5.153:36694] returns group-6495C13B0B19:java.util.concurrent.CompletableFuture@1e15f970[Not completed]
2019-10-04 16:16:38,971 [pool-433-thread-1] INFO  impl.RaftServerImpl (RaftServerImpl.java:<init>(95)) - 409be42e-89dd-4a57-b73e-9f2147ac3c88: new RaftServerImpl for group-6495C13B0B19:[409be42e-89dd-4a57-b73e-9f2147ac3c88:192.168.5.153:36694] with ContainerStateMachine:uninitialized
2019-10-04 16:16:38,971 [pool-433-thread-1] INFO  server.RaftServerConfigKeys (ConfUtils.java:logGet(43)) - raft.server.rpc.timeout.min = 5s (custom)
2019-10-04 16:16:38,971 [pool-433-thread-1] INFO  server.RaftServerConfigKeys (ConfUtils.java:logGet(43)) - raft.server.rpc.timeout.max = 5200ms (custom)
2019-10-04 16:16:38,971 [pool-433-thread-1] INFO  server.RaftServerConfigKeys (ConfUtils.java:logGet(43)) - raft.server.rpcslowness.timeout = 120s (custom)
2019-10-04 16:16:38,971 [pool-433-thread-1] INFO  server.RaftServerConfigKeys (ConfUtils.java:logGet(43)) - raft.server.sleep.deviation.threshold = 300 (default)
2019-10-04 16:16:38,971 [pool-433-thread-1] INFO  server.RaftServerConfigKeys (ConfUtils.java:logGet(43)) - raft.server.log.appender.install.snapshot.enabled = false (custom)
2019-10-04 16:16:38,971 [pool-433-thread-1] INFO  impl.RaftServerImpl (ServerState.java:<init>(103)) - 409be42e-89dd-4a57-b73e-9f2147ac3c88@group-6495C13B0B19: ConfigurationManager, init=-1: [409be42e-89dd-4a57-b73e-9f2147ac3c88:192.168.5.153:36694], old=null, confs=<EMPTY_MAP>
2019-10-04 16:16:38,972 [pool-433-thread-1] INFO  server.RaftServerConfigKeys (ConfUtils.java:logGet(43)) - raft.server.storage.dir = [/workdir/hadoop-ozone/integration-test/target/test-dir/MiniOzoneClusterImpl-5f3f7f76-1fae-48f1-99ed-10da744dd461/datanode-5/data/ratis] (custom)
2019-10-04 16:16:38,972 [pool-433-thread-1] INFO  server.RaftServerConfigKeys (ConfUtils.java:logGet(43)) - raft.server.log.corruption.policy = EXCEPTION (default)
2019-10-04 16:16:38,972 [pool-433-thread-1] INFO  storage.RaftStorageDirectory (RaftStorageDirectory.java:analyzeStorage(246)) - The storage directory /workdir/hadoop-ozone/integration-test/target/test-dir/MiniOzoneClusterImpl-5f3f7f76-1fae-48f1-99ed-10da744dd461/datanode-5/data/ratis/89bf1a32-7313-4d56-bed1-6495c13b0b19 does not exist. Creating ...
2019-10-04 16:16:38,985 [pool-433-thread-1] INFO  storage.RaftStorageDirectory (RaftStorageDirectory.java:tryLock(328)) - Lock on /workdir/hadoop-ozone/integration-test/target/test-dir/MiniOzoneClusterImpl-5f3f7f76-1fae-48f1-99ed-10da744dd461/datanode-5/data/ratis/89bf1a32-7313-4d56-bed1-6495c13b0b19/in_use.lock acquired by nodename 23897@pr-hdds-2250-qhw8f-1617406954
2019-10-04 16:16:38,997 [pool-433-thread-1] INFO  storage.RaftStorage (RaftStorage.java:format(84)) - Storage directory /workdir/hadoop-ozone/integration-test/target/test-dir/MiniOzoneClusterImpl-5f3f7f76-1fae-48f1-99ed-10da744dd461/datanode-5/data/ratis/89bf1a32-7313-4d56-bed1-6495c13b0b19 has been successfully formatted.
2019-10-04 16:16:38,998 [pool-433-thread-1] INFO  ratis.ContainerStateMachine (ContainerStateMachine.java:loadSnapshot(230)) - group-6495C13B0B19: The snapshot info is null. Setting the last applied indexto:(t:0, i:~)
2019-10-04 16:16:38,998 [pool-433-thread-1] INFO  server.RaftServerConfigKeys (ConfUtils.java:logGet(43)) - raft.server.notification.no-leader.timeout = 120s (custom)
2019-10-04 16:16:38,998 [pool-433-thread-1] INFO  server.RaftServerConfigKeys (ConfUtils.java:logGet(43)) - raft.server.log.use.memory = false (default)
2019-10-04 16:16:38,998 [pool-433-thread-1] INFO  server.RaftServerConfigKeys (ConfUtils.java:logGet(43)) - raft.server.log.purge.gap = 1000000 (custom)
2019-10-04 16:16:38,998 [pool-433-thread-1] INFO  server.RaftServerConfigKeys (ConfUtils.java:logGet(43)) - raft.server.log.appender.buffer.byte-limit = 33554432 (custom)
2019-10-04 16:16:38,998 [pool-433-thread-1] INFO  server.RaftServerConfigKeys (ConfUtils.java:logGet(43)) - raft.server.log.segment.size.max = 1048576 (custom)
2019-10-04 16:16:39,001 [pool-433-thread-1] INFO  server.RaftServerConfigKeys (ConfUtils.java:logGet(43)) - raft.server.log.segment.cache.num.max = 2 (custom)
2019-10-04 16:16:39,001 [pool-433-thread-1] INFO  segmented.SegmentedRaftLogWorker (SegmentedRaftLogWorker.java:<init>(173)) - new 409be42e-89dd-4a57-b73e-9f2147ac3c88@group-6495C13B0B19-SegmentedRaftLogWorker for RaftStorage:Storage Directory /workdir/hadoop-ozone/integration-test/target/test-dir/MiniOzoneClusterImpl-5f3f7f76-1fae-48f1-99ed-10da744dd461/datanode-5/data/ratis/89bf1a32-7313-4d56-bed1-6495c13b0b19
2019-10-04 16:16:39,001 [pool-433-thread-1] INFO  server.RaftServerConfigKeys (ConfUtils.java:logGet(43)) - raft.server.log.queue.byte-limit = 2147483647 (custom)
2019-10-04 16:16:39,001 [pool-433-thread-1] INFO  server.RaftServerConfigKeys (ConfUtils.java:logGet(43)) - raft.server.log.queue.element-limit = 1024 (custom)
2019-10-04 16:16:39,001 [pool-433-thread-1] INFO  server.RaftServerConfigKeys (ConfUtils.java:logGet(43)) - raft.server.log.segment.size.max = 1048576 (custom)
2019-10-04 16:16:39,001 [pool-433-thread-1] INFO  server.RaftServerConfigKeys (ConfUtils.java:logGet(43)) - raft.server.log.preallocated.size = 16384 (custom)
2019-10-04 16:16:39,002 [pool-433-thread-1] INFO  server.RaftServerConfigKeys (ConfUtils.java:logGet(43)) - raft.server.log.write.buffer.size = 33554432 (custom)
2019-10-04 16:16:39,002 [pool-433-thread-1] INFO  server.RaftServerConfigKeys (ConfUtils.java:logGet(43)) - raft.server.log.force.sync.num = 128 (default)
2019-10-04 16:16:39,002 [pool-433-thread-1] INFO  server.RaftServerConfigKeys (ConfUtils.java:logGet(43)) - raft.server.log.statemachine.data.sync = true (default)
2019-10-04 16:16:39,002 [pool-433-thread-1] INFO  server.RaftServerConfigKeys (ConfUtils.java:logGet(43)) - raft.server.log.statemachine.data.sync.timeout = 10s (default)
2019-10-04 16:16:39,002 [pool-433-thread-1] INFO  server.RaftServerConfigKeys (ConfUtils.java:logGet(43)) - raft.server.log.statemachine.data.sync.timeout.retry = -1 (default)
2019-10-04 16:16:39,003 [pool-433-thread-1] INFO  server.RaftServerConfigKeys (ConfUtils.java:logGet(43)) - raft.server.log.statemachine.data.caching.enabled = true (custom)
2019-10-04 16:16:39,003 [pool-433-thread-1] INFO  segmented.SegmentedRaftLogWorker (SegmentedRaftLogWorker.java:lambda$new$0(128)) - 409be42e-89dd-4a57-b73e-9f2147ac3c88@group-6495C13B0B19-SegmentedRaftLogWorker: flushIndex: setUnconditionally 0 -> -1
2019-10-04 16:16:39,003 [pool-433-thread-1] INFO  server.RaftServerConfigKeys (ConfUtils.java:logGet(43)) - raft.server.snapshot.auto.trigger.enabled = true (custom)
2019-10-04 16:16:39,003 [pool-433-thread-1] INFO  server.RaftServerConfigKeys (ConfUtils.java:logGet(43)) - raft.server.snapshot.auto.trigger.threshold = 10000 (custom)
2019-10-04 16:16:39,003 [pool-433-thread-1] INFO  server.RaftServerConfigKeys (ConfUtils.java:logGet(43)) - raft.server.snapshot.retention.file.num = 5 (custom)
2019-10-04 16:16:39,004 [pool-433-thread-1] INFO  server.RaftServerConfigKeys (ConfUtils.java:logGet(43)) - raft.server.retrycache.expirytime = 600000ms (custom)
2019-10-04 16:16:39,005 [pool-433-thread-1] INFO  impl.RaftServerImpl (RaftServerImpl.java:start(181)) - 409be42e-89dd-4a57-b73e-9f2147ac3c88@group-6495C13B0B19: start as a follower, conf=-1: [409be42e-89dd-4a57-b73e-9f2147ac3c88:192.168.5.153:36694], old=null
2019-10-04 16:16:39,006 [pool-433-thread-1] INFO  impl.RaftServerImpl (RaftServerImpl.java:setRole(170)) - 409be42e-89dd-4a57-b73e-9f2147ac3c88@group-6495C13B0B19: changes role from      null to FOLLOWER at term 0 for startAsFollower
2019-10-04 16:16:39,006 [pool-433-thread-1] INFO  impl.RoleInfo (RoleInfo.java:updateAndGet(143)) - 409be42e-89dd-4a57-b73e-9f2147ac3c88: start FollowerState
2019-10-04 16:16:39,006 [pool-433-thread-1] INFO  util.JmxRegister (JmxRegister.java:tryRegister(44)) - Successfully registered JMX Bean with object name Ratis:service=RaftServer,group=group-6495C13B0B19,id=409be42e-89dd-4a57-b73e-9f2147ac3c88
2019-10-04 16:16:39,010 [RatisPipelineUtilsThread] INFO  pipeline.PipelineStateManager (PipelineStateManager.java:addPipeline(56)) - Created pipeline Pipeline[ Id: 89bf1a32-7313-4d56-bed1-6495c13b0b19, Nodes: 409be42e-89dd-4a57-b73e-9f2147ac3c88{ip: 192.168.5.153, host: pr-hdds-2250-qhw8f-1617406954, networkLocation: /default-rack, certSerialId: null}, Type:RATIS, Factor:ONE, State:OPEN]
2019-10-04 16:16:39,022 [main] INFO  ozone.MiniOzoneClusterImpl (MiniOzoneClusterImpl.java:lambda$waitForClusterToBeReady$0(147)) - Waiting for cluster to be ready. Got 6 of 7 DN Heartbeats.
2019-10-04 16:16:39,026 [IPC Server handler 1 on 44326] INFO  net.NetworkTopology (NetworkTopologyImpl.java:add(111)) - Added a new node: /default-rack/495f481c-0ae5-42f4-b7c4-3d144a984ed4
2019-10-04 16:16:39,026 [IPC Server handler 1 on 44326] INFO  node.SCMNodeManager (SCMNodeManager.java:register(268)) - Registered Data node : 495f481c-0ae5-42f4-b7c4-3d144a984ed4{ip: 192.168.5.153, host: pr-hdds-2250-qhw8f-1617406954, networkLocation: /default-rack, certSerialId: null}
2019-10-04 16:16:39,038 [grpc-default-executor-5] INFO  impl.RaftServerProxy (RaftServerProxy.java:addNew(89)) - 66693857-25a4-4108-b832-51ad3b0c67cf: addNew group-ACCE45B8B2BB:[1fbe0407-351d-4a8e-9178-51491abfbf80:192.168.5.153:33389, 409be42e-89dd-4a57-b73e-9f2147ac3c88:192.168.5.153:36694, 66693857-25a4-4108-b832-51ad3b0c67cf:192.168.5.153:37059] returns group-ACCE45B8B2BB:java.util.concurrent.CompletableFuture@5a98be65[Not completed]
2019-10-04 16:16:39,038 [grpc-default-executor-8] INFO  impl.RaftServerProxy (RaftServerProxy.java:addNew(89)) - 1fbe0407-351d-4a8e-9178-51491abfbf80: addNew group-ACCE45B8B2BB:[1fbe0407-351d-4a8e-9178-51491abfbf80:192.168.5.153:33389, 409be42e-89dd-4a57-b73e-9f2147ac3c88:192.168.5.153:36694, 66693857-25a4-4108-b832-51ad3b0c67cf:192.168.5.153:37059] returns group-ACCE45B8B2BB:java.util.concurrent.CompletableFuture@2085547e[Not completed]
2019-10-04 16:16:39,038 [grpc-default-executor-7] INFO  impl.RaftServerProxy (RaftServerProxy.java:addNew(89)) - 409be42e-89dd-4a57-b73e-9f2147ac3c88: addNew group-ACCE45B8B2BB:[1fbe0407-351d-4a8e-9178-51491abfbf80:192.168.5.153:33389, 409be42e-89dd-4a57-b73e-9f2147ac3c88:192.168.5.153:36694, 66693857-25a4-4108-b832-51ad3b0c67cf:192.168.5.153:37059] returns group-ACCE45B8B2BB:java.util.concurrent.CompletableFuture@79eec4d[Not completed]
2019-10-04 16:16:39,039 [pool-423-thread-1] INFO  impl.RaftServerImpl (RaftServerImpl.java:<init>(95)) - 1fbe0407-351d-4a8e-9178-51491abfbf80: new RaftServerImpl for group-ACCE45B8B2BB:[1fbe0407-351d-4a8e-9178-51491abfbf80:192.168.5.153:33389, 409be42e-89dd-4a57-b73e-9f2147ac3c88:192.168.5.153:36694, 66693857-25a4-4108-b832-51ad3b0c67cf:192.168.5.153:37059] with ContainerStateMachine:uninitialized
2019-10-04 16:16:39,039 [pool-423-thread-1] INFO  server.RaftServerConfigKeys (ConfUtils.java:logGet(43)) - raft.server.rpc.timeout.min = 5s (custom)
2019-10-04 16:16:39,039 [pool-423-thread-1] INFO  server.RaftServerConfigKeys (ConfUtils.java:logGet(43)) - raft.server.rpc.timeout.max = 5200ms (custom)
2019-10-04 16:16:39,039 [pool-423-thread-1] INFO  server.RaftServerConfigKeys (ConfUtils.java:logGet(43)) - raft.server.rpcslowness.timeout = 120s (custom)
2019-10-04 16:16:39,039 [pool-423-thread-1] INFO  server.RaftServerConfigKeys (ConfUtils.java:logGet(43)) - raft.server.sleep.deviation.threshold = 300 (default)
2019-10-04 16:16:39,039 [pool-423-thread-1] INFO  server.RaftServerConfigKeys (ConfUtils.java:logGet(43)) - raft.server.log.appender.install.snapshot.enabled = false (custom)
2019-10-04 16:16:39,039 [pool-423-thread-1] INFO  impl.RaftServerImpl (ServerState.java:<init>(103)) - 1fbe0407-351d-4a8e-9178-51491abfbf80@group-ACCE45B8B2BB: ConfigurationManager, init=-1: [1fbe0407-351d-4a8e-9178-51491abfbf80:192.168.5.153:33389, 409be42e-89dd-4a57-b73e-9f2147ac3c88:192.168.5.153:36694, 66693857-25a4-4108-b832-51ad3b0c67cf:192.168.5.153:37059], old=null, confs=<EMPTY_MAP>
2019-10-04 16:16:39,040 [pool-423-thread-1] INFO  server.RaftServerConfigKeys (ConfUtils.java:logGet(43)) - raft.server.storage.dir = [/workdir/hadoop-ozone/integration-test/target/test-dir/MiniOzoneClusterImpl-5f3f7f76-1fae-48f1-99ed-10da744dd461/datanode-4/data/ratis] (custom)
2019-10-04 16:16:39,040 [pool-413-thread-1] INFO  impl.RaftServerImpl (RaftServerImpl.java:<init>(95)) - 66693857-25a4-4108-b832-51ad3b0c67cf: new RaftServerImpl for group-ACCE45B8B2BB:[1fbe0407-351d-4a8e-9178-51491abfbf80:192.168.5.153:33389, 409be42e-89dd-4a57-b73e-9f2147ac3c88:192.168.5.153:36694, 66693857-25a4-4108-b832-51ad3b0c67cf:192.168.5.153:37059] with ContainerStateMachine:uninitialized
2019-10-04 16:16:39,040 [pool-423-thread-1] INFO  server.RaftServerConfigKeys (ConfUtils.java:logGet(43)) - raft.server.log.corruption.policy = EXCEPTION (default)
2019-10-04 16:16:39,040 [pool-413-thread-1] INFO  server.RaftServerConfigKeys (ConfUtils.java:logGet(43)) - raft.server.rpc.timeout.min = 5s (custom)
2019-10-04 16:16:39,040 [pool-423-thread-1] INFO  storage.RaftStorageDirectory (RaftStorageDirectory.java:analyzeStorage(246)) - The storage directory /workdir/hadoop-ozone/integration-test/target/test-dir/MiniOzoneClusterImpl-5f3f7f76-1fae-48f1-99ed-10da744dd461/datanode-4/data/ratis/1d7fb019-28a9-412d-9e2b-acce45b8b2bb does not exist. Creating ...
2019-10-04 16:16:39,040 [pool-413-thread-1] INFO  server.RaftServerConfigKeys (ConfUtils.java:logGet(43)) - raft.server.rpc.timeout.max = 5200ms (custom)
2019-10-04 16:16:39,040 [pool-433-thread-1] INFO  impl.RaftServerImpl (RaftServerImpl.java:<init>(95)) - 409be42e-89dd-4a57-b73e-9f2147ac3c88: new RaftServerImpl for group-ACCE45B8B2BB:[1fbe0407-351d-4a8e-9178-51491abfbf80:192.168.5.153:33389, 409be42e-89dd-4a57-b73e-9f2147ac3c88:192.168.5.153:36694, 66693857-25a4-4108-b832-51ad3b0c67cf:192.168.5.153:37059] with ContainerStateMachine:uninitialized
2019-10-04 16:16:39,040 [pool-413-thread-1] INFO  server.RaftServerConfigKeys (ConfUtils.java:logGet(43)) - raft.server.rpcslowness.timeout = 120s (custom)
2019-10-04 16:16:39,040 [pool-433-thread-1] INFO  server.RaftServerConfigKeys (ConfUtils.java:logGet(43)) - raft.server.rpc.timeout.min = 5s (custom)
2019-10-04 16:16:39,041 [pool-413-thread-1] INFO  server.RaftServerConfigKeys (ConfUtils.java:logGet(43)) - raft.server.sleep.deviation.threshold = 300 (default)
2019-10-04 16:16:39,041 [pool-433-thread-1] INFO  server.RaftServerConfigKeys (ConfUtils.java:logGet(43)) - raft.server.rpc.timeout.max = 5200ms (custom)
2019-10-04 16:16:39,041 [pool-413-thread-1] INFO  server.RaftServerConfigKeys (ConfUtils.java:logGet(43)) - raft.server.log.appender.install.snapshot.enabled = false (custom)
2019-10-04 16:16:39,041 [pool-433-thread-1] INFO  server.RaftServerConfigKeys (ConfUtils.java:logGet(43)) - raft.server.rpcslowness.timeout = 120s (custom)
2019-10-04 16:16:39,041 [pool-413-thread-1] INFO  impl.RaftServerImpl (ServerState.java:<init>(103)) - 66693857-25a4-4108-b832-51ad3b0c67cf@group-ACCE45B8B2BB: ConfigurationManager, init=-1: [1fbe0407-351d-4a8e-9178-51491abfbf80:192.168.5.153:33389, 409be42e-89dd-4a57-b73e-9f2147ac3c88:192.168.5.153:36694, 66693857-25a4-4108-b832-51ad3b0c67cf:192.168.5.153:37059], old=null, confs=<EMPTY_MAP>
2019-10-04 16:16:39,041 [pool-433-thread-1] INFO  server.RaftServerConfigKeys (ConfUtils.java:logGet(43)) - raft.server.sleep.deviation.threshold = 300 (default)
2019-10-04 16:16:39,041 [pool-413-thread-1] INFO  server.RaftServerConfigKeys (ConfUtils.java:logGet(43)) - raft.server.storage.dir = [/workdir/hadoop-ozone/integration-test/target/test-dir/MiniOzoneClusterImpl-5f3f7f76-1fae-48f1-99ed-10da744dd461/datanode-3/data/ratis] (custom)
2019-10-04 16:16:39,041 [pool-433-thread-1] INFO  server.RaftServerConfigKeys (ConfUtils.java:logGet(43)) - raft.server.log.appender.install.snapshot.enabled = false (custom)
2019-10-04 16:16:39,042 [pool-433-thread-1] INFO  impl.RaftServerImpl (ServerState.java:<init>(103)) - 409be42e-89dd-4a57-b73e-9f2147ac3c88@group-ACCE45B8B2BB: ConfigurationManager, init=-1: [1fbe0407-351d-4a8e-9178-51491abfbf80:192.168.5.153:33389, 409be42e-89dd-4a57-b73e-9f2147ac3c88:192.168.5.153:36694, 66693857-25a4-4108-b832-51ad3b0c67cf:192.168.5.153:37059], old=null, confs=<EMPTY_MAP>
2019-10-04 16:16:39,042 [pool-413-thread-1] INFO  server.RaftServerConfigKeys (ConfUtils.java:logGet(43)) - raft.server.log.corruption.policy = EXCEPTION (default)
2019-10-04 16:16:39,042 [pool-433-thread-1] INFO  server.RaftServerConfigKeys (ConfUtils.java:logGet(43)) - raft.server.storage.dir = [/workdir/hadoop-ozone/integration-test/target/test-dir/MiniOzoneClusterImpl-5f3f7f76-1fae-48f1-99ed-10da744dd461/datanode-5/data/ratis] (custom)
2019-10-04 16:16:39,042 [pool-413-thread-1] INFO  storage.RaftStorageDirectory (RaftStorageDirectory.java:analyzeStorage(246)) - The storage directory /workdir/hadoop-ozone/integration-test/target/test-dir/MiniOzoneClusterImpl-5f3f7f76-1fae-48f1-99ed-10da744dd461/datanode-3/data/ratis/1d7fb019-28a9-412d-9e2b-acce45b8b2bb does not exist. Creating ...
2019-10-04 16:16:39,042 [pool-433-thread-1] INFO  server.RaftServerConfigKeys (ConfUtils.java:logGet(43)) - raft.server.log.corruption.policy = EXCEPTION (default)
2019-10-04 16:16:39,042 [pool-433-thread-1] INFO  storage.RaftStorageDirectory (RaftStorageDirectory.java:analyzeStorage(246)) - The storage directory /workdir/hadoop-ozone/integration-test/target/test-dir/MiniOzoneClusterImpl-5f3f7f76-1fae-48f1-99ed-10da744dd461/datanode-5/data/ratis/1d7fb019-28a9-412d-9e2b-acce45b8b2bb does not exist. Creating ...
2019-10-04 16:16:39,065 [pool-413-thread-1] INFO  storage.RaftStorageDirectory (RaftStorageDirectory.java:tryLock(328)) - Lock on /workdir/hadoop-ozone/integration-test/target/test-dir/MiniOzoneClusterImpl-5f3f7f76-1fae-48f1-99ed-10da744dd461/datanode-3/data/ratis/1d7fb019-28a9-412d-9e2b-acce45b8b2bb/in_use.lock acquired by nodename 23897@pr-hdds-2250-qhw8f-1617406954
2019-10-04 16:16:39,065 [pool-423-thread-1] INFO  storage.RaftStorageDirectory (RaftStorageDirectory.java:tryLock(328)) - Lock on /workdir/hadoop-ozone/integration-test/target/test-dir/MiniOzoneClusterImpl-5f3f7f76-1fae-48f1-99ed-10da744dd461/datanode-4/data/ratis/1d7fb019-28a9-412d-9e2b-acce45b8b2bb/in_use.lock acquired by nodename 23897@pr-hdds-2250-qhw8f-1617406954
2019-10-04 16:16:39,065 [pool-433-thread-1] INFO  storage.RaftStorageDirectory (RaftStorageDirectory.java:tryLock(328)) - Lock on /workdir/hadoop-ozone/integration-test/target/test-dir/MiniOzoneClusterImpl-5f3f7f76-1fae-48f1-99ed-10da744dd461/datanode-5/data/ratis/1d7fb019-28a9-412d-9e2b-acce45b8b2bb/in_use.lock acquired by nodename 23897@pr-hdds-2250-qhw8f-1617406954
2019-10-04 16:16:39,079 [pool-413-thread-1] INFO  storage.RaftStorage (RaftStorage.java:format(84)) - Storage directory /workdir/hadoop-ozone/integration-test/target/test-dir/MiniOzoneClusterImpl-5f3f7f76-1fae-48f1-99ed-10da744dd461/datanode-3/data/ratis/1d7fb019-28a9-412d-9e2b-acce45b8b2bb has been successfully formatted.
2019-10-04 16:16:39,079 [pool-433-thread-1] INFO  storage.RaftStorage (RaftStorage.java:format(84)) - Storage directory /workdir/hadoop-ozone/integration-test/target/test-dir/MiniOzoneClusterImpl-5f3f7f76-1fae-48f1-99ed-10da744dd461/datanode-5/data/ratis/1d7fb019-28a9-412d-9e2b-acce45b8b2bb has been successfully formatted.
2019-10-04 16:16:39,079 [pool-423-thread-1] INFO  storage.RaftStorage (RaftStorage.java:format(84)) - Storage directory /workdir/hadoop-ozone/integration-test/target/test-dir/MiniOzoneClusterImpl-5f3f7f76-1fae-48f1-99ed-10da744dd461/datanode-4/data/ratis/1d7fb019-28a9-412d-9e2b-acce45b8b2bb has been successfully formatted.
2019-10-04 16:16:39,079 [pool-413-thread-1] INFO  ratis.ContainerStateMachine (ContainerStateMachine.java:loadSnapshot(230)) - group-ACCE45B8B2BB: The snapshot info is null. Setting the last applied indexto:(t:0, i:~)
2019-10-04 16:16:39,079 [pool-423-thread-1] INFO  ratis.ContainerStateMachine (ContainerStateMachine.java:loadSnapshot(230)) - group-ACCE45B8B2BB: The snapshot info is null. Setting the last applied indexto:(t:0, i:~)
2019-10-04 16:16:39,079 [pool-433-thread-1] INFO  ratis.ContainerStateMachine (ContainerStateMachine.java:loadSnapshot(230)) - group-ACCE45B8B2BB: The snapshot info is null. Setting the last applied indexto:(t:0, i:~)
2019-10-04 16:16:39,079 [pool-423-thread-1] INFO  server.RaftServerConfigKeys (ConfUtils.java:logGet(43)) - raft.server.notification.no-leader.timeout = 120s (custom)
2019-10-04 16:16:39,079 [pool-413-thread-1] INFO  server.RaftServerConfigKeys (ConfUtils.java:logGet(43)) - raft.server.notification.no-leader.timeout = 120s (custom)
2019-10-04 16:16:39,080 [pool-423-thread-1] INFO  server.RaftServerConfigKeys (ConfUtils.java:logGet(43)) - raft.server.log.use.memory = false (default)
2019-10-04 16:16:39,080 [pool-433-thread-1] INFO  server.RaftServerConfigKeys (ConfUtils.java:logGet(43)) - raft.server.notification.no-leader.timeout = 120s (custom)
2019-10-04 16:16:39,080 [pool-423-thread-1] INFO  server.RaftServerConfigKeys (ConfUtils.java:logGet(43)) - raft.server.log.purge.gap = 1000000 (custom)
2019-10-04 16:16:39,080 [pool-413-thread-1] INFO  server.RaftServerConfigKeys (ConfUtils.java:logGet(43)) - raft.server.log.use.memory = false (default)
2019-10-04 16:16:39,080 [pool-423-thread-1] INFO  server.RaftServerConfigKeys (ConfUtils.java:logGet(43)) - raft.server.log.appender.buffer.byte-limit = 33554432 (custom)
2019-10-04 16:16:39,080 [pool-433-thread-1] INFO  server.RaftServerConfigKeys (ConfUtils.java:logGet(43)) - raft.server.log.use.memory = false (default)
2019-10-04 16:16:39,080 [pool-423-thread-1] INFO  server.RaftServerConfigKeys (ConfUtils.java:logGet(43)) - raft.server.log.segment.size.max = 1048576 (custom)
2019-10-04 16:16:39,080 [pool-413-thread-1] INFO  server.RaftServerConfigKeys (ConfUtils.java:logGet(43)) - raft.server.log.purge.gap = 1000000 (custom)
2019-10-04 16:16:39,080 [pool-423-thread-1] INFO  server.RaftServerConfigKeys (ConfUtils.java:logGet(43)) - raft.server.log.segment.cache.num.max = 2 (custom)
2019-10-04 16:16:39,080 [pool-433-thread-1] INFO  server.RaftServerConfigKeys (ConfUtils.java:logGet(43)) - raft.server.log.purge.gap = 1000000 (custom)
2019-10-04 16:16:39,081 [pool-423-thread-1] INFO  segmented.SegmentedRaftLogWorker (SegmentedRaftLogWorker.java:<init>(173)) - new 1fbe0407-351d-4a8e-9178-51491abfbf80@group-ACCE45B8B2BB-SegmentedRaftLogWorker for RaftStorage:Storage Directory /workdir/hadoop-ozone/integration-test/target/test-dir/MiniOzoneClusterImpl-5f3f7f76-1fae-48f1-99ed-10da744dd461/datanode-4/data/ratis/1d7fb019-28a9-412d-9e2b-acce45b8b2bb
2019-10-04 16:16:39,081 [pool-413-thread-1] INFO  server.RaftServerConfigKeys (ConfUtils.java:logGet(43)) - raft.server.log.appender.buffer.byte-limit = 33554432 (custom)
2019-10-04 16:16:39,081 [pool-423-thread-1] INFO  server.RaftServerConfigKeys (ConfUtils.java:logGet(43)) - raft.server.log.queue.byte-limit = 2147483647 (custom)
2019-10-04 16:16:39,081 [pool-433-thread-1] INFO  server.RaftServerConfigKeys (ConfUtils.java:logGet(43)) - raft.server.log.appender.buffer.byte-limit = 33554432 (custom)
2019-10-04 16:16:39,081 [pool-423-thread-1] INFO  server.RaftServerConfigKeys (ConfUtils.java:logGet(43)) - raft.server.log.queue.element-limit = 1024 (custom)
2019-10-04 16:16:39,081 [pool-413-thread-1] INFO  server.RaftServerConfigKeys (ConfUtils.java:logGet(43)) - raft.server.log.segment.size.max = 1048576 (custom)
2019-10-04 16:16:39,081 [pool-423-thread-1] INFO  server.RaftServerConfigKeys (ConfUtils.java:logGet(43)) - raft.server.log.segment.size.max = 1048576 (custom)
2019-10-04 16:16:39,081 [pool-433-thread-1] INFO  server.RaftServerConfigKeys (ConfUtils.java:logGet(43)) - raft.server.log.segment.size.max = 1048576 (custom)
2019-10-04 16:16:39,081 [pool-423-thread-1] INFO  server.RaftServerConfigKeys (ConfUtils.java:logGet(43)) - raft.server.log.preallocated.size = 16384 (custom)
2019-10-04 16:16:39,081 [pool-413-thread-1] INFO  server.RaftServerConfigKeys (ConfUtils.java:logGet(43)) - raft.server.log.segment.cache.num.max = 2 (custom)
2019-10-04 16:16:39,082 [pool-423-thread-1] INFO  server.RaftServerConfigKeys (ConfUtils.java:logGet(43)) - raft.server.log.write.buffer.size = 33554432 (custom)
2019-10-04 16:16:39,082 [pool-433-thread-1] INFO  server.RaftServerConfigKeys (ConfUtils.java:logGet(43)) - raft.server.log.segment.cache.num.max = 2 (custom)
2019-10-04 16:16:39,082 [pool-423-thread-1] INFO  server.RaftServerConfigKeys (ConfUtils.java:logGet(43)) - raft.server.log.force.sync.num = 128 (default)
2019-10-04 16:16:39,082 [pool-413-thread-1] INFO  segmented.SegmentedRaftLogWorker (SegmentedRaftLogWorker.java:<init>(173)) - new 66693857-25a4-4108-b832-51ad3b0c67cf@group-ACCE45B8B2BB-SegmentedRaftLogWorker for RaftStorage:Storage Directory /workdir/hadoop-ozone/integration-test/target/test-dir/MiniOzoneClusterImpl-5f3f7f76-1fae-48f1-99ed-10da744dd461/datanode-3/data/ratis/1d7fb019-28a9-412d-9e2b-acce45b8b2bb
2019-10-04 16:16:39,082 [pool-423-thread-1] INFO  server.RaftServerConfigKeys (ConfUtils.java:logGet(43)) - raft.server.log.statemachine.data.sync = true (default)
2019-10-04 16:16:39,082 [pool-433-thread-1] INFO  segmented.SegmentedRaftLogWorker (SegmentedRaftLogWorker.java:<init>(173)) - new 409be42e-89dd-4a57-b73e-9f2147ac3c88@group-ACCE45B8B2BB-SegmentedRaftLogWorker for RaftStorage:Storage Directory /workdir/hadoop-ozone/integration-test/target/test-dir/MiniOzoneClusterImpl-5f3f7f76-1fae-48f1-99ed-10da744dd461/datanode-5/data/ratis/1d7fb019-28a9-412d-9e2b-acce45b8b2bb
2019-10-04 16:16:39,082 [pool-423-thread-1] INFO  server.RaftServerConfigKeys (ConfUtils.java:logGet(43)) - raft.server.log.statemachine.data.sync.timeout = 10s (default)
2019-10-04 16:16:39,082 [pool-413-thread-1] INFO  server.RaftServerConfigKeys (ConfUtils.java:logGet(43)) - raft.server.log.queue.byte-limit = 2147483647 (custom)
2019-10-04 16:16:39,082 [pool-423-thread-1] INFO  server.RaftServerConfigKeys (ConfUtils.java:logGet(43)) - raft.server.log.statemachine.data.sync.timeout.retry = -1 (default)
2019-10-04 16:16:39,082 [pool-433-thread-1] INFO  server.RaftServerConfigKeys (ConfUtils.java:logGet(43)) - raft.server.log.queue.byte-limit = 2147483647 (custom)
2019-10-04 16:16:39,083 [pool-423-thread-1] INFO  server.RaftServerConfigKeys (ConfUtils.java:logGet(43)) - raft.server.log.statemachine.data.caching.enabled = true (custom)
2019-10-04 16:16:39,083 [pool-413-thread-1] INFO  server.RaftServerConfigKeys (ConfUtils.java:logGet(43)) - raft.server.log.queue.element-limit = 1024 (custom)
2019-10-04 16:16:39,083 [pool-433-thread-1] INFO  server.RaftServerConfigKeys (ConfUtils.java:logGet(43)) - raft.server.log.queue.element-limit = 1024 (custom)
2019-10-04 16:16:39,083 [pool-423-thread-1] INFO  segmented.SegmentedRaftLogWorker (SegmentedRaftLogWorker.java:lambda$new$0(128)) - 1fbe0407-351d-4a8e-9178-51491abfbf80@group-ACCE45B8B2BB-SegmentedRaftLogWorker: flushIndex: setUnconditionally 0 -> -1
2019-10-04 16:16:39,083 [pool-413-thread-1] INFO  server.RaftServerConfigKeys (ConfUtils.java:logGet(43)) - raft.server.log.segment.size.max = 1048576 (custom)
2019-10-04 16:16:39,083 [pool-433-thread-1] INFO  server.RaftServerConfigKeys (ConfUtils.java:logGet(43)) - raft.server.log.segment.size.max = 1048576 (custom)
2019-10-04 16:16:39,083 [pool-423-thread-1] INFO  server.RaftServerConfigKeys (ConfUtils.java:logGet(43)) - raft.server.snapshot.auto.trigger.enabled = true (custom)
2019-10-04 16:16:39,083 [pool-413-thread-1] INFO  server.RaftServerConfigKeys (ConfUtils.java:logGet(43)) - raft.server.log.preallocated.size = 16384 (custom)
2019-10-04 16:16:39,084 [pool-423-thread-1] INFO  server.RaftServerConfigKeys (ConfUtils.java:logGet(43)) - raft.server.snapshot.auto.trigger.threshold = 10000 (custom)
2019-10-04 16:16:39,083 [pool-433-thread-1] INFO  server.RaftServerConfigKeys (ConfUtils.java:logGet(43)) - raft.server.log.preallocated.size = 16384 (custom)
2019-10-04 16:16:39,084 [pool-423-thread-1] INFO  server.RaftServerConfigKeys (ConfUtils.java:logGet(43)) - raft.server.snapshot.retention.file.num = 5 (custom)
2019-10-04 16:16:39,084 [pool-413-thread-1] INFO  server.RaftServerConfigKeys (ConfUtils.java:logGet(43)) - raft.server.log.write.buffer.size = 33554432 (custom)
2019-10-04 16:16:39,084 [pool-423-thread-1] INFO  server.RaftServerConfigKeys (ConfUtils.java:logGet(43)) - raft.server.retrycache.expirytime = 600000ms (custom)
2019-10-04 16:16:39,084 [pool-433-thread-1] INFO  server.RaftServerConfigKeys (ConfUtils.java:logGet(43)) - raft.server.log.write.buffer.size = 33554432 (custom)
2019-10-04 16:16:39,084 [pool-413-thread-1] INFO  server.RaftServerConfigKeys (ConfUtils.java:logGet(43)) - raft.server.log.force.sync.num = 128 (default)
2019-10-04 16:16:39,084 [pool-433-thread-1] INFO  server.RaftServerConfigKeys (ConfUtils.java:logGet(43)) - raft.server.log.force.sync.num = 128 (default)
2019-10-04 16:16:39,084 [pool-413-thread-1] INFO  server.RaftServerConfigKeys (ConfUtils.java:logGet(43)) - raft.server.log.statemachine.data.sync = true (default)
2019-10-04 16:16:39,084 [pool-433-thread-1] INFO  server.RaftServerConfigKeys (ConfUtils.java:logGet(43)) - raft.server.log.statemachine.data.sync = true (default)
2019-10-04 16:16:39,084 [pool-413-thread-1] INFO  server.RaftServerConfigKeys (ConfUtils.java:logGet(43)) - raft.server.log.statemachine.data.sync.timeout = 10s (default)
2019-10-04 16:16:39,085 [pool-433-thread-1] INFO  server.RaftServerConfigKeys (ConfUtils.java:logGet(43)) - raft.server.log.statemachine.data.sync.timeout = 10s (default)
2019-10-04 16:16:39,085 [pool-413-thread-1] INFO  server.RaftServerConfigKeys (ConfUtils.java:logGet(43)) - raft.server.log.statemachine.data.sync.timeout.retry = -1 (default)
2019-10-04 16:16:39,085 [pool-433-thread-1] INFO  server.RaftServerConfigKeys (ConfUtils.java:logGet(43)) - raft.server.log.statemachine.data.sync.timeout.retry = -1 (default)
2019-10-04 16:16:39,085 [pool-413-thread-1] INFO  server.RaftServerConfigKeys (ConfUtils.java:logGet(43)) - raft.server.log.statemachine.data.caching.enabled = true (custom)
2019-10-04 16:16:39,085 [pool-433-thread-1] INFO  server.RaftServerConfigKeys (ConfUtils.java:logGet(43)) - raft.server.log.statemachine.data.caching.enabled = true (custom)
2019-10-04 16:16:39,085 [pool-413-thread-1] INFO  segmented.SegmentedRaftLogWorker (SegmentedRaftLogWorker.java:lambda$new$0(128)) - 66693857-25a4-4108-b832-51ad3b0c67cf@group-ACCE45B8B2BB-SegmentedRaftLogWorker: flushIndex: setUnconditionally 0 -> -1
2019-10-04 16:16:39,085 [pool-433-thread-1] INFO  segmented.SegmentedRaftLogWorker (SegmentedRaftLogWorker.java:lambda$new$0(128)) - 409be42e-89dd-4a57-b73e-9f2147ac3c88@group-ACCE45B8B2BB-SegmentedRaftLogWorker: flushIndex: setUnconditionally 0 -> -1
2019-10-04 16:16:39,085 [pool-413-thread-1] INFO  server.RaftServerConfigKeys (ConfUtils.java:logGet(43)) - raft.server.snapshot.auto.trigger.enabled = true (custom)
2019-10-04 16:16:39,086 [pool-423-thread-1] INFO  impl.RaftServerImpl (RaftServerImpl.java:start(181)) - 1fbe0407-351d-4a8e-9178-51491abfbf80@group-ACCE45B8B2BB: start as a follower, conf=-1: [1fbe0407-351d-4a8e-9178-51491abfbf80:192.168.5.153:33389, 409be42e-89dd-4a57-b73e-9f2147ac3c88:192.168.5.153:36694, 66693857-25a4-4108-b832-51ad3b0c67cf:192.168.5.153:37059], old=null
2019-10-04 16:16:39,086 [pool-413-thread-1] INFO  server.RaftServerConfigKeys (ConfUtils.java:logGet(43)) - raft.server.snapshot.auto.trigger.threshold = 10000 (custom)
2019-10-04 16:16:39,086 [pool-433-thread-1] INFO  server.RaftServerConfigKeys (ConfUtils.java:logGet(43)) - raft.server.snapshot.auto.trigger.enabled = true (custom)
2019-10-04 16:16:39,086 [pool-413-thread-1] INFO  server.RaftServerConfigKeys (ConfUtils.java:logGet(43)) - raft.server.snapshot.retention.file.num = 5 (custom)
2019-10-04 16:16:39,086 [pool-423-thread-1] INFO  impl.RaftServerImpl (RaftServerImpl.java:setRole(170)) - 1fbe0407-351d-4a8e-9178-51491abfbf80@group-ACCE45B8B2BB: changes role from      null to FOLLOWER at term 0 for startAsFollower
2019-10-04 16:16:39,086 [pool-413-thread-1] INFO  server.RaftServerConfigKeys (ConfUtils.java:logGet(43)) - raft.server.retrycache.expirytime = 600000ms (custom)
2019-10-04 16:16:39,086 [pool-433-thread-1] INFO  server.RaftServerConfigKeys (ConfUtils.java:logGet(43)) - raft.server.snapshot.auto.trigger.threshold = 10000 (custom)
2019-10-04 16:16:39,086 [pool-423-thread-1] INFO  impl.RoleInfo (RoleInfo.java:updateAndGet(143)) - 1fbe0407-351d-4a8e-9178-51491abfbf80: start FollowerState
2019-10-04 16:16:39,086 [pool-433-thread-1] INFO  server.RaftServerConfigKeys (ConfUtils.java:logGet(43)) - raft.server.snapshot.retention.file.num = 5 (custom)
2019-10-04 16:16:39,086 [pool-433-thread-1] INFO  server.RaftServerConfigKeys (ConfUtils.java:logGet(43)) - raft.server.retrycache.expirytime = 600000ms (custom)
2019-10-04 16:16:39,087 [pool-423-thread-1] INFO  util.JmxRegister (JmxRegister.java:tryRegister(44)) - Successfully registered JMX Bean with object name Ratis:service=RaftServer,group=group-ACCE45B8B2BB,id=1fbe0407-351d-4a8e-9178-51491abfbf80
2019-10-04 16:16:39,089 [pool-413-thread-1] INFO  impl.RaftServerImpl (RaftServerImpl.java:start(181)) - 66693857-25a4-4108-b832-51ad3b0c67cf@group-ACCE45B8B2BB: start as a follower, conf=-1: [1fbe0407-351d-4a8e-9178-51491abfbf80:192.168.5.153:33389, 409be42e-89dd-4a57-b73e-9f2147ac3c88:192.168.5.153:36694, 66693857-25a4-4108-b832-51ad3b0c67cf:192.168.5.153:37059], old=null
2019-10-04 16:16:39,089 [pool-413-thread-1] INFO  impl.RaftServerImpl (RaftServerImpl.java:setRole(170)) - 66693857-25a4-4108-b832-51ad3b0c67cf@group-ACCE45B8B2BB: changes role from      null to FOLLOWER at term 0 for startAsFollower
2019-10-04 16:16:39,090 [pool-413-thread-1] INFO  impl.RoleInfo (RoleInfo.java:updateAndGet(143)) - 66693857-25a4-4108-b832-51ad3b0c67cf: start FollowerState
2019-10-04 16:16:39,090 [pool-413-thread-1] INFO  util.JmxRegister (JmxRegister.java:tryRegister(44)) - Successfully registered JMX Bean with object name Ratis:service=RaftServer,group=group-ACCE45B8B2BB,id=66693857-25a4-4108-b832-51ad3b0c67cf
2019-10-04 16:16:39,090 [pool-433-thread-1] INFO  impl.RaftServerImpl (RaftServerImpl.java:start(181)) - 409be42e-89dd-4a57-b73e-9f2147ac3c88@group-ACCE45B8B2BB: start as a follower, conf=-1: [1fbe0407-351d-4a8e-9178-51491abfbf80:192.168.5.153:33389, 409be42e-89dd-4a57-b73e-9f2147ac3c88:192.168.5.153:36694, 66693857-25a4-4108-b832-51ad3b0c67cf:192.168.5.153:37059], old=null
2019-10-04 16:16:39,090 [pool-433-thread-1] INFO  impl.RaftServerImpl (RaftServerImpl.java:setRole(170)) - 409be42e-89dd-4a57-b73e-9f2147ac3c88@group-ACCE45B8B2BB: changes role from      null to FOLLOWER at term 0 for startAsFollower
2019-10-04 16:16:39,090 [pool-433-thread-1] INFO  impl.RoleInfo (RoleInfo.java:updateAndGet(143)) - 409be42e-89dd-4a57-b73e-9f2147ac3c88: start FollowerState
2019-10-04 16:16:39,091 [pool-433-thread-1] INFO  util.JmxRegister (JmxRegister.java:tryRegister(44)) - Successfully registered JMX Bean with object name Ratis:service=RaftServer,group=group-ACCE45B8B2BB,id=409be42e-89dd-4a57-b73e-9f2147ac3c88
2019-10-04 16:16:39,096 [RatisPipelineUtilsThread] INFO  pipeline.PipelineStateManager (PipelineStateManager.java:addPipeline(56)) - Created pipeline Pipeline[ Id: 1d7fb019-28a9-412d-9e2b-acce45b8b2bb, Nodes: 1fbe0407-351d-4a8e-9178-51491abfbf80{ip: 192.168.5.153, host: pr-hdds-2250-qhw8f-1617406954, networkLocation: /default-rack, certSerialId: null}409be42e-89dd-4a57-b73e-9f2147ac3c88{ip: 192.168.5.153, host: pr-hdds-2250-qhw8f-1617406954, networkLocation: /default-rack, certSerialId: null}66693857-25a4-4108-b832-51ad3b0c67cf{ip: 192.168.5.153, host: pr-hdds-2250-qhw8f-1617406954, networkLocation: /default-rack, certSerialId: null}, Type:RATIS, Factor:THREE, State:OPEN]
2019-10-04 16:16:40,024 [main] INFO  ozone.MiniOzoneClusterImpl (MiniOzoneClusterImpl.java:lambda$waitForClusterToBeReady$0(147)) - Cluster is ready. Got 7 of 7 DN Heartbeats.
2019-10-04 16:16:40,070 [main] INFO  rpc.RpcClient (RpcClient.java:createVolume(277)) - Creating Volume: watchforcommithandlingtest, with jenkins1000 as owner.
2019-10-04 16:16:40,074 [IPC Server handler 0 on 38063] INFO  volume.OMVolumeCreateRequest (OMVolumeCreateRequest.java:validateAndUpdateCache(193)) - created volume:watchforcommithandlingtest for user:jenkins1000
2019-10-04 16:16:40,091 [main] INFO  rpc.RpcClient (RpcClient.java:createBucket(416)) - Creating Bucket: watchforcommithandlingtest/watchforcommithandlingtest, with Versioning false and Storage Type set to DISK and Encryption set to false 
2019-10-04 16:16:40,096 [main] INFO  ozone.MiniOzoneClusterImpl (MiniOzoneClusterImpl.java:getStorageContainerLocationClient(234)) - Creating StorageContainerLocationProtocol RPC client with address /0.0.0.0:44048
2019-10-04 16:16:41,683 [Thread-2353] INFO  container.ReplicationManager (ReplicationManager.java:start(162)) - Starting Replication Monitor Thread.
2019-10-04 16:16:41,688 [ReplicationMonitor] INFO  container.ReplicationManager (ReplicationManager.java:run(225)) - Replication Monitor Thread took 1 milliseconds for processing 1 containers.
2019-10-04 16:16:43,804 [Thread-2358] INFO  impl.FollowerState (FollowerState.java:run(108)) - bfabe2ef-fb70-4fe1-97de-1797f8513577@group-75B33B568723-FollowerState: change to CANDIDATE, lastRpcTime:5025ms, electionTimeout:5025ms
2019-10-04 16:16:43,805 [Thread-2358] INFO  impl.RoleInfo (RoleInfo.java:shutdownFollowerState(121)) - bfabe2ef-fb70-4fe1-97de-1797f8513577: shutdown FollowerState
2019-10-04 16:16:43,805 [Thread-2355] INFO  impl.FollowerState (FollowerState.java:run(108)) - ee3d7c54-677e-44eb-93a7-27ec01fb1ff7@group-800D4489002D-FollowerState: change to CANDIDATE, lastRpcTime:5074ms, electionTimeout:5074ms
2019-10-04 16:16:43,805 [Thread-2358] INFO  impl.RaftServerImpl (RaftServerImpl.java:setRole(170)) - bfabe2ef-fb70-4fe1-97de-1797f8513577@group-75B33B568723: changes role from  FOLLOWER to CANDIDATE at term 0 for changeToCandidate
2019-10-04 16:16:43,805 [Thread-2355] INFO  impl.RoleInfo (RoleInfo.java:shutdownFollowerState(121)) - ee3d7c54-677e-44eb-93a7-27ec01fb1ff7: shutdown FollowerState
2019-10-04 16:16:43,805 [Thread-2355] INFO  impl.RaftServerImpl (RaftServerImpl.java:setRole(170)) - ee3d7c54-677e-44eb-93a7-27ec01fb1ff7@group-800D4489002D: changes role from  FOLLOWER to CANDIDATE at term 0 for changeToCandidate
2019-10-04 16:16:43,805 [Thread-2358] INFO  impl.RoleInfo (RoleInfo.java:updateAndGet(143)) - bfabe2ef-fb70-4fe1-97de-1797f8513577: start LeaderElection
2019-10-04 16:16:43,806 [Thread-2355] INFO  impl.RoleInfo (RoleInfo.java:updateAndGet(143)) - ee3d7c54-677e-44eb-93a7-27ec01fb1ff7: start LeaderElection
2019-10-04 16:16:43,846 [bfabe2ef-fb70-4fe1-97de-1797f8513577@group-75B33B568723-LeaderElection91] INFO  impl.LeaderElection (LeaderElection.java:askForVotes(178)) - bfabe2ef-fb70-4fe1-97de-1797f8513577@group-75B33B568723-LeaderElection91: begin an election at term 1 for -1: [bfabe2ef-fb70-4fe1-97de-1797f8513577:192.168.5.153:34700], old=null
2019-10-04 16:16:43,846 [ee3d7c54-677e-44eb-93a7-27ec01fb1ff7@group-800D4489002D-LeaderElection92] INFO  impl.LeaderElection (LeaderElection.java:askForVotes(178)) - ee3d7c54-677e-44eb-93a7-27ec01fb1ff7@group-800D4489002D-LeaderElection92: begin an election at term 1 for -1: [ee3d7c54-677e-44eb-93a7-27ec01fb1ff7:192.168.5.153:41491], old=null
2019-10-04 16:16:43,846 [bfabe2ef-fb70-4fe1-97de-1797f8513577@group-75B33B568723-LeaderElection91] INFO  impl.RoleInfo (RoleInfo.java:shutdownLeaderElection(134)) - bfabe2ef-fb70-4fe1-97de-1797f8513577: shutdown LeaderElection
2019-10-04 16:16:43,846 [ee3d7c54-677e-44eb-93a7-27ec01fb1ff7@group-800D4489002D-LeaderElection92] INFO  impl.RoleInfo (RoleInfo.java:shutdownLeaderElection(134)) - ee3d7c54-677e-44eb-93a7-27ec01fb1ff7: shutdown LeaderElection
2019-10-04 16:16:43,846 [bfabe2ef-fb70-4fe1-97de-1797f8513577@group-75B33B568723-LeaderElection91] INFO  impl.RaftServerImpl (RaftServerImpl.java:setRole(170)) - bfabe2ef-fb70-4fe1-97de-1797f8513577@group-75B33B568723: changes role from CANDIDATE to LEADER at term 1 for changeToLeader
2019-10-04 16:16:43,847 [ee3d7c54-677e-44eb-93a7-27ec01fb1ff7@group-800D4489002D-LeaderElection92] INFO  impl.RaftServerImpl (RaftServerImpl.java:setRole(170)) - ee3d7c54-677e-44eb-93a7-27ec01fb1ff7@group-800D4489002D: changes role from CANDIDATE to LEADER at term 1 for changeToLeader
2019-10-04 16:16:43,847 [bfabe2ef-fb70-4fe1-97de-1797f8513577@group-75B33B568723-LeaderElection91] INFO  impl.RaftServerImpl (ServerState.java:setLeader(255)) - bfabe2ef-fb70-4fe1-97de-1797f8513577@group-75B33B568723: change Leader from null to bfabe2ef-fb70-4fe1-97de-1797f8513577 at term 1 for becomeLeader, leader elected after 5073ms
2019-10-04 16:16:43,847 [ee3d7c54-677e-44eb-93a7-27ec01fb1ff7@group-800D4489002D-LeaderElection92] INFO  impl.RaftServerImpl (ServerState.java:setLeader(255)) - ee3d7c54-677e-44eb-93a7-27ec01fb1ff7@group-800D4489002D: change Leader from null to ee3d7c54-677e-44eb-93a7-27ec01fb1ff7 at term 1 for becomeLeader, leader elected after 5124ms
2019-10-04 16:16:43,847 [bfabe2ef-fb70-4fe1-97de-1797f8513577@group-75B33B568723-LeaderElection91] INFO  server.RaftServerConfigKeys (ConfUtils.java:logGet(43)) - raft.server.staging.catchup.gap = 1000 (default)
2019-10-04 16:16:43,847 [ee3d7c54-677e-44eb-93a7-27ec01fb1ff7@group-800D4489002D-LeaderElection92] INFO  server.RaftServerConfigKeys (ConfUtils.java:logGet(43)) - raft.server.staging.catchup.gap = 1000 (default)
2019-10-04 16:16:43,847 [bfabe2ef-fb70-4fe1-97de-1797f8513577@group-75B33B568723-LeaderElection91] INFO  server.RaftServerConfigKeys (ConfUtils.java:logGet(43)) - raft.server.rpc.sleep.time = 25ms (default)
2019-10-04 16:16:43,847 [ee3d7c54-677e-44eb-93a7-27ec01fb1ff7@group-800D4489002D-LeaderElection92] INFO  server.RaftServerConfigKeys (ConfUtils.java:logGet(43)) - raft.server.rpc.sleep.time = 25ms (default)
2019-10-04 16:16:43,848 [bfabe2ef-fb70-4fe1-97de-1797f8513577@group-75B33B568723-LeaderElection91] INFO  server.RaftServerConfigKeys (ConfUtils.java:logGet(43)) - raft.server.write.element-limit = 4096 (default)
2019-10-04 16:16:43,848 [ee3d7c54-677e-44eb-93a7-27ec01fb1ff7@group-800D4489002D-LeaderElection92] INFO  server.RaftServerConfigKeys (ConfUtils.java:logGet(43)) - raft.server.write.element-limit = 4096 (default)
2019-10-04 16:16:43,848 [bfabe2ef-fb70-4fe1-97de-1797f8513577@group-75B33B568723-LeaderElection91] INFO  server.RaftServerConfigKeys (ConfUtils.java:logGet(43)) - raft.server.watch.timeout = 10s (default)
2019-10-04 16:16:43,848 [ee3d7c54-677e-44eb-93a7-27ec01fb1ff7@group-800D4489002D-LeaderElection92] INFO  server.RaftServerConfigKeys (ConfUtils.java:logGet(43)) - raft.server.watch.timeout = 10s (default)
2019-10-04 16:16:43,848 [bfabe2ef-fb70-4fe1-97de-1797f8513577@group-75B33B568723-LeaderElection91] INFO  server.RaftServerConfigKeys (ConfUtils.java:logGet(43)) - raft.server.watch.timeout.denomination = 1s (default)
2019-10-04 16:16:43,848 [ee3d7c54-677e-44eb-93a7-27ec01fb1ff7@group-800D4489002D-LeaderElection92] INFO  server.RaftServerConfigKeys (ConfUtils.java:logGet(43)) - raft.server.watch.timeout.denomination = 1s (default)
2019-10-04 16:16:43,848 [bfabe2ef-fb70-4fe1-97de-1797f8513577@group-75B33B568723-LeaderElection91] INFO  server.RaftServerConfigKeys (ConfUtils.java:logGet(43)) - raft.server.watch.element-limit = 65536 (default)
2019-10-04 16:16:43,848 [ee3d7c54-677e-44eb-93a7-27ec01fb1ff7@group-800D4489002D-LeaderElection92] INFO  server.RaftServerConfigKeys (ConfUtils.java:logGet(43)) - raft.server.watch.element-limit = 65536 (default)
2019-10-04 16:16:43,851 [ee3d7c54-677e-44eb-93a7-27ec01fb1ff7@group-800D4489002D-LeaderElection92] INFO  impl.RoleInfo (RoleInfo.java:updateAndGet(143)) - ee3d7c54-677e-44eb-93a7-27ec01fb1ff7: start LeaderState
2019-10-04 16:16:43,852 [bfabe2ef-fb70-4fe1-97de-1797f8513577@group-75B33B568723-LeaderElection91] INFO  impl.RoleInfo (RoleInfo.java:updateAndGet(143)) - bfabe2ef-fb70-4fe1-97de-1797f8513577: start LeaderState
2019-10-04 16:16:43,852 [bfabe2ef-fb70-4fe1-97de-1797f8513577@group-75B33B568723-LeaderElection91] INFO  segmented.SegmentedRaftLogWorker (SegmentedRaftLogWorker.java:startLogSegment(385)) - bfabe2ef-fb70-4fe1-97de-1797f8513577@group-75B33B568723-SegmentedRaftLogWorker: Starting segment from index:0
2019-10-04 16:16:43,852 [ee3d7c54-677e-44eb-93a7-27ec01fb1ff7@group-800D4489002D-LeaderElection92] INFO  segmented.SegmentedRaftLogWorker (SegmentedRaftLogWorker.java:startLogSegment(385)) - ee3d7c54-677e-44eb-93a7-27ec01fb1ff7@group-800D4489002D-SegmentedRaftLogWorker: Starting segment from index:0
2019-10-04 16:16:43,853 [bfabe2ef-fb70-4fe1-97de-1797f8513577@group-75B33B568723-LeaderElection91] INFO  impl.RaftServerImpl (ServerState.java:setRaftConf(356)) - bfabe2ef-fb70-4fe1-97de-1797f8513577@group-75B33B568723: set configuration 0: [bfabe2ef-fb70-4fe1-97de-1797f8513577:192.168.5.153:34700], old=null at 0
2019-10-04 16:16:43,853 [ee3d7c54-677e-44eb-93a7-27ec01fb1ff7@group-800D4489002D-LeaderElection92] INFO  impl.RaftServerImpl (ServerState.java:setRaftConf(356)) - ee3d7c54-677e-44eb-93a7-27ec01fb1ff7@group-800D4489002D: set configuration 0: [ee3d7c54-677e-44eb-93a7-27ec01fb1ff7:192.168.5.153:41491], old=null at 0
2019-10-04 16:16:43,901 [ee3d7c54-677e-44eb-93a7-27ec01fb1ff7@group-800D4489002D-SegmentedRaftLogWorker] INFO  segmented.SegmentedRaftLogWorker (SegmentedRaftLogWorker.java:execute(574)) - ee3d7c54-677e-44eb-93a7-27ec01fb1ff7@group-800D4489002D-SegmentedRaftLogWorker: created new log segment /workdir/hadoop-ozone/integration-test/target/test-dir/MiniOzoneClusterImpl-5f3f7f76-1fae-48f1-99ed-10da744dd461/datanode-0/data/ratis/fb485ee4-5e55-48d8-9e34-800d4489002d/current/log_inprogress_0
2019-10-04 16:16:43,901 [bfabe2ef-fb70-4fe1-97de-1797f8513577@group-75B33B568723-SegmentedRaftLogWorker] INFO  segmented.SegmentedRaftLogWorker (SegmentedRaftLogWorker.java:execute(574)) - bfabe2ef-fb70-4fe1-97de-1797f8513577@group-75B33B568723-SegmentedRaftLogWorker: created new log segment /workdir/hadoop-ozone/integration-test/target/test-dir/MiniOzoneClusterImpl-5f3f7f76-1fae-48f1-99ed-10da744dd461/datanode-1/data/ratis/cb9aa0a7-6ec8-441a-9b41-75b33b568723/current/log_inprogress_0
2019-10-04 16:16:43,909 [Thread-2368] INFO  impl.FollowerState (FollowerState.java:run(108)) - ee3d7c54-677e-44eb-93a7-27ec01fb1ff7@group-8CB86F53F7F0-FollowerState: change to CANDIDATE, lastRpcTime:5025ms, electionTimeout:5025ms
2019-10-04 16:16:43,909 [Thread-2368] INFO  impl.RoleInfo (RoleInfo.java:shutdownFollowerState(121)) - ee3d7c54-677e-44eb-93a7-27ec01fb1ff7: shutdown FollowerState
2019-10-04 16:16:43,909 [Thread-2368] INFO  impl.RaftServerImpl (RaftServerImpl.java:setRole(170)) - ee3d7c54-677e-44eb-93a7-27ec01fb1ff7@group-8CB86F53F7F0: changes role from  FOLLOWER to CANDIDATE at term 0 for changeToCandidate
2019-10-04 16:16:43,910 [Thread-2368] INFO  impl.RoleInfo (RoleInfo.java:updateAndGet(143)) - ee3d7c54-677e-44eb-93a7-27ec01fb1ff7: start LeaderElection
2019-10-04 16:16:43,929 [ee3d7c54-677e-44eb-93a7-27ec01fb1ff7@group-8CB86F53F7F0-LeaderElection93] INFO  impl.LeaderElection (LeaderElection.java:askForVotes(178)) - ee3d7c54-677e-44eb-93a7-27ec01fb1ff7@group-8CB86F53F7F0-LeaderElection93: begin an election at term 1 for -1: [bfabe2ef-fb70-4fe1-97de-1797f8513577:192.168.5.153:34700, 594a935f-a82d-426f-9037-ff57af541463:192.168.5.153:42385, ee3d7c54-677e-44eb-93a7-27ec01fb1ff7:192.168.5.153:41491], old=null
2019-10-04 16:16:43,933 [grpc-default-executor-7] INFO  impl.RaftServerImpl (RaftServerImpl.java:setRole(170)) - bfabe2ef-fb70-4fe1-97de-1797f8513577@group-8CB86F53F7F0: changes role from  FOLLOWER to FOLLOWER at term 1 for recognizeCandidate:ee3d7c54-677e-44eb-93a7-27ec01fb1ff7
2019-10-04 16:16:43,933 [grpc-default-executor-8] INFO  impl.RaftServerImpl (RaftServerImpl.java:setRole(170)) - 594a935f-a82d-426f-9037-ff57af541463@group-8CB86F53F7F0: changes role from  FOLLOWER to FOLLOWER at term 1 for recognizeCandidate:ee3d7c54-677e-44eb-93a7-27ec01fb1ff7
2019-10-04 16:16:43,933 [grpc-default-executor-7] INFO  impl.RoleInfo (RoleInfo.java:shutdownFollowerState(121)) - bfabe2ef-fb70-4fe1-97de-1797f8513577: shutdown FollowerState
2019-10-04 16:16:43,933 [grpc-default-executor-8] INFO  impl.RoleInfo (RoleInfo.java:shutdownFollowerState(121)) - 594a935f-a82d-426f-9037-ff57af541463: shutdown FollowerState
2019-10-04 16:16:43,934 [grpc-default-executor-7] INFO  impl.RoleInfo (RoleInfo.java:updateAndGet(143)) - bfabe2ef-fb70-4fe1-97de-1797f8513577: start FollowerState
2019-10-04 16:16:43,934 [Thread-2364] INFO  impl.FollowerState (FollowerState.java:run(117)) - 594a935f-a82d-426f-9037-ff57af541463@group-8CB86F53F7F0-FollowerState was interrupted: java.lang.InterruptedException: sleep interrupted
2019-10-04 16:16:43,934 [grpc-default-executor-8] INFO  impl.RoleInfo (RoleInfo.java:updateAndGet(143)) - 594a935f-a82d-426f-9037-ff57af541463: start FollowerState
2019-10-04 16:16:43,934 [Thread-2367] INFO  impl.FollowerState (FollowerState.java:run(117)) - bfabe2ef-fb70-4fe1-97de-1797f8513577@group-8CB86F53F7F0-FollowerState was interrupted: java.lang.InterruptedException: sleep interrupted
2019-10-04 16:16:43,947 [Thread-2361] INFO  impl.FollowerState (FollowerState.java:run(108)) - 594a935f-a82d-426f-9037-ff57af541463@group-8258B4363A05-FollowerState: change to CANDIDATE, lastRpcTime:5122ms, electionTimeout:5122ms
2019-10-04 16:16:43,947 [Thread-2361] INFO  impl.RoleInfo (RoleInfo.java:shutdownFollowerState(121)) - 594a935f-a82d-426f-9037-ff57af541463: shutdown FollowerState
2019-10-04 16:16:43,947 [Thread-2361] INFO  impl.RaftServerImpl (RaftServerImpl.java:setRole(170)) - 594a935f-a82d-426f-9037-ff57af541463@group-8258B4363A05: changes role from  FOLLOWER to CANDIDATE at term 0 for changeToCandidate
2019-10-04 16:16:43,947 [Thread-2361] INFO  impl.RoleInfo (RoleInfo.java:updateAndGet(143)) - 594a935f-a82d-426f-9037-ff57af541463: start LeaderElection
2019-10-04 16:16:43,955 [ee3d7c54-677e-44eb-93a7-27ec01fb1ff7@group-8CB86F53F7F0-LeaderElection93] INFO  impl.LeaderElection (LeaderElection.java:logAndReturn(56)) - ee3d7c54-677e-44eb-93a7-27ec01fb1ff7@group-8CB86F53F7F0-LeaderElection93: Election PASSED; received 1 response(s) [ee3d7c54-677e-44eb-93a7-27ec01fb1ff7<-594a935f-a82d-426f-9037-ff57af541463#0:OK-t1] and 0 exception(s); ee3d7c54-677e-44eb-93a7-27ec01fb1ff7@group-8CB86F53F7F0:t1, leader=null, voted=ee3d7c54-677e-44eb-93a7-27ec01fb1ff7, raftlog=ee3d7c54-677e-44eb-93a7-27ec01fb1ff7@group-8CB86F53F7F0-SegmentedRaftLog:OPENED:c-1,f-1,i0, conf=-1: [bfabe2ef-fb70-4fe1-97de-1797f8513577:192.168.5.153:34700, 594a935f-a82d-426f-9037-ff57af541463:192.168.5.153:42385, ee3d7c54-677e-44eb-93a7-27ec01fb1ff7:192.168.5.153:41491], old=null
2019-10-04 16:16:43,955 [ee3d7c54-677e-44eb-93a7-27ec01fb1ff7@group-8CB86F53F7F0-LeaderElection93] INFO  impl.RoleInfo (RoleInfo.java:shutdownLeaderElection(134)) - ee3d7c54-677e-44eb-93a7-27ec01fb1ff7: shutdown LeaderElection
2019-10-04 16:16:43,955 [ee3d7c54-677e-44eb-93a7-27ec01fb1ff7@group-8CB86F53F7F0-LeaderElection93] INFO  impl.RaftServerImpl (RaftServerImpl.java:setRole(170)) - ee3d7c54-677e-44eb-93a7-27ec01fb1ff7@group-8CB86F53F7F0: changes role from CANDIDATE to LEADER at term 1 for changeToLeader
2019-10-04 16:16:43,956 [ee3d7c54-677e-44eb-93a7-27ec01fb1ff7@group-8CB86F53F7F0-LeaderElection93] INFO  impl.RaftServerImpl (ServerState.java:setLeader(255)) - ee3d7c54-677e-44eb-93a7-27ec01fb1ff7@group-8CB86F53F7F0: change Leader from null to ee3d7c54-677e-44eb-93a7-27ec01fb1ff7 at term 1 for becomeLeader, leader elected after 5084ms
2019-10-04 16:16:43,956 [ee3d7c54-677e-44eb-93a7-27ec01fb1ff7@group-8CB86F53F7F0-LeaderElection93] INFO  server.RaftServerConfigKeys (ConfUtils.java:logGet(43)) - raft.server.staging.catchup.gap = 1000 (default)
2019-10-04 16:16:43,956 [ee3d7c54-677e-44eb-93a7-27ec01fb1ff7@group-8CB86F53F7F0-LeaderElection93] INFO  server.RaftServerConfigKeys (ConfUtils.java:logGet(43)) - raft.server.rpc.sleep.time = 25ms (default)
2019-10-04 16:16:43,956 [ee3d7c54-677e-44eb-93a7-27ec01fb1ff7@group-8CB86F53F7F0-LeaderElection93] INFO  server.RaftServerConfigKeys (ConfUtils.java:logGet(43)) - raft.server.write.element-limit = 4096 (default)
2019-10-04 16:16:43,956 [ee3d7c54-677e-44eb-93a7-27ec01fb1ff7@group-8CB86F53F7F0-LeaderElection93] INFO  server.RaftServerConfigKeys (ConfUtils.java:logGet(43)) - raft.server.watch.timeout = 10s (default)
2019-10-04 16:16:43,956 [ee3d7c54-677e-44eb-93a7-27ec01fb1ff7@group-8CB86F53F7F0-LeaderElection93] INFO  server.RaftServerConfigKeys (ConfUtils.java:logGet(43)) - raft.server.watch.timeout.denomination = 1s (default)
2019-10-04 16:16:43,956 [ee3d7c54-677e-44eb-93a7-27ec01fb1ff7@group-8CB86F53F7F0-LeaderElection93] INFO  server.RaftServerConfigKeys (ConfUtils.java:logGet(43)) - raft.server.watch.element-limit = 65536 (default)
2019-10-04 16:16:43,958 [ee3d7c54-677e-44eb-93a7-27ec01fb1ff7@group-8CB86F53F7F0-LeaderElection93] INFO  server.RaftServerConfigKeys (ConfUtils.java:logGet(43)) - raft.server.log.appender.snapshot.chunk.size.max = 16MB (=16777216) (default)
2019-10-04 16:16:43,958 [ee3d7c54-677e-44eb-93a7-27ec01fb1ff7@group-8CB86F53F7F0-LeaderElection93] INFO  server.RaftServerConfigKeys (ConfUtils.java:logGet(43)) - raft.server.log.appender.buffer.byte-limit = 33554432 (custom)
2019-10-04 16:16:43,958 [ee3d7c54-677e-44eb-93a7-27ec01fb1ff7@group-8CB86F53F7F0-LeaderElection93] INFO  server.RaftServerConfigKeys (ConfUtils.java:logGet(43)) - raft.server.log.appender.buffer.element-limit = 1 (custom)
2019-10-04 16:16:43,958 [ee3d7c54-677e-44eb-93a7-27ec01fb1ff7@group-8CB86F53F7F0-LeaderElection93] INFO  grpc.GrpcConfigKeys$Server (ConfUtils.java:logGet(43)) - raft.grpc.server.leader.outstanding.appends.max = 128 (default)
2019-10-04 16:16:43,958 [ee3d7c54-677e-44eb-93a7-27ec01fb1ff7@group-8CB86F53F7F0-LeaderElection93] INFO  server.RaftServerConfigKeys (ConfUtils.java:logGet(43)) - raft.server.rpc.request.timeout = 3000ms (default)
2019-10-04 16:16:43,959 [ee3d7c54-677e-44eb-93a7-27ec01fb1ff7@group-8CB86F53F7F0-LeaderElection93] INFO  server.RaftServerConfigKeys (ConfUtils.java:logGet(43)) - raft.server.log.appender.install.snapshot.enabled = false (custom)
2019-10-04 16:16:43,959 [ee3d7c54-677e-44eb-93a7-27ec01fb1ff7@group-8CB86F53F7F0-LeaderElection93] INFO  server.RaftServerConfigKeys (ConfUtils.java:logGet(43)) - raft.server.log.appender.snapshot.chunk.size.max = 16MB (=16777216) (default)
2019-10-04 16:16:43,959 [ee3d7c54-677e-44eb-93a7-27ec01fb1ff7@group-8CB86F53F7F0-LeaderElection93] INFO  server.RaftServerConfigKeys (ConfUtils.java:logGet(43)) - raft.server.log.appender.buffer.byte-limit = 33554432 (custom)
2019-10-04 16:16:43,959 [ee3d7c54-677e-44eb-93a7-27ec01fb1ff7@group-8CB86F53F7F0-LeaderElection93] INFO  server.RaftServerConfigKeys (ConfUtils.java:logGet(43)) - raft.server.log.appender.buffer.element-limit = 1 (custom)
2019-10-04 16:16:43,959 [ee3d7c54-677e-44eb-93a7-27ec01fb1ff7@group-8CB86F53F7F0-LeaderElection93] INFO  grpc.GrpcConfigKeys$Server (ConfUtils.java:logGet(43)) - raft.grpc.server.leader.outstanding.appends.max = 128 (default)
2019-10-04 16:16:43,959 [ee3d7c54-677e-44eb-93a7-27ec01fb1ff7@group-8CB86F53F7F0-LeaderElection93] INFO  server.RaftServerConfigKeys (ConfUtils.java:logGet(43)) - raft.server.rpc.request.timeout = 3000ms (default)
2019-10-04 16:16:43,959 [ee3d7c54-677e-44eb-93a7-27ec01fb1ff7@group-8CB86F53F7F0-LeaderElection93] INFO  server.RaftServerConfigKeys (ConfUtils.java:logGet(43)) - raft.server.log.appender.install.snapshot.enabled = false (custom)
2019-10-04 16:16:43,960 [ee3d7c54-677e-44eb-93a7-27ec01fb1ff7@group-8CB86F53F7F0-LeaderElection93] INFO  impl.RoleInfo (RoleInfo.java:updateAndGet(143)) - ee3d7c54-677e-44eb-93a7-27ec01fb1ff7: start LeaderState
2019-10-04 16:16:43,960 [ee3d7c54-677e-44eb-93a7-27ec01fb1ff7@group-8CB86F53F7F0-LeaderElection93] INFO  segmented.SegmentedRaftLogWorker (SegmentedRaftLogWorker.java:startLogSegment(385)) - ee3d7c54-677e-44eb-93a7-27ec01fb1ff7@group-8CB86F53F7F0-SegmentedRaftLogWorker: Starting segment from index:0
2019-10-04 16:16:43,961 [ee3d7c54-677e-44eb-93a7-27ec01fb1ff7@group-8CB86F53F7F0-LeaderElection93] INFO  impl.RaftServerImpl (ServerState.java:setRaftConf(356)) - ee3d7c54-677e-44eb-93a7-27ec01fb1ff7@group-8CB86F53F7F0: set configuration 0: [bfabe2ef-fb70-4fe1-97de-1797f8513577:192.168.5.153:34700, 594a935f-a82d-426f-9037-ff57af541463:192.168.5.153:42385, ee3d7c54-677e-44eb-93a7-27ec01fb1ff7:192.168.5.153:41491], old=null at 0
2019-10-04 16:16:43,962 [grpc-default-executor-7] INFO  impl.RaftServerImpl (ServerState.java:setLeader(255)) - bfabe2ef-fb70-4fe1-97de-1797f8513577@group-8CB86F53F7F0: change Leader from null to ee3d7c54-677e-44eb-93a7-27ec01fb1ff7 at term 1 for appendEntries, leader elected after 5090ms
2019-10-04 16:16:43,963 [grpc-default-executor-8] INFO  impl.RaftServerImpl (ServerState.java:setLeader(255)) - 594a935f-a82d-426f-9037-ff57af541463@group-8CB86F53F7F0: change Leader from null to ee3d7c54-677e-44eb-93a7-27ec01fb1ff7 at term 1 for appendEntries, leader elected after 5091ms
2019-10-04 16:16:43,987 [594a935f-a82d-426f-9037-ff57af541463@group-8258B4363A05-LeaderElection94] INFO  impl.LeaderElection (LeaderElection.java:askForVotes(178)) - 594a935f-a82d-426f-9037-ff57af541463@group-8258B4363A05-LeaderElection94: begin an election at term 1 for -1: [594a935f-a82d-426f-9037-ff57af541463:192.168.5.153:42385], old=null
2019-10-04 16:16:43,987 [594a935f-a82d-426f-9037-ff57af541463@group-8258B4363A05-LeaderElection94] INFO  impl.RoleInfo (RoleInfo.java:shutdownLeaderElection(134)) - 594a935f-a82d-426f-9037-ff57af541463: shutdown LeaderElection
2019-10-04 16:16:43,987 [594a935f-a82d-426f-9037-ff57af541463@group-8258B4363A05-LeaderElection94] INFO  impl.RaftServerImpl (RaftServerImpl.java:setRole(170)) - 594a935f-a82d-426f-9037-ff57af541463@group-8258B4363A05: changes role from CANDIDATE to LEADER at term 1 for changeToLeader
2019-10-04 16:16:43,987 [594a935f-a82d-426f-9037-ff57af541463@group-8258B4363A05-LeaderElection94] INFO  impl.RaftServerImpl (ServerState.java:setLeader(255)) - 594a935f-a82d-426f-9037-ff57af541463@group-8258B4363A05: change Leader from null to 594a935f-a82d-426f-9037-ff57af541463 at term 1 for becomeLeader, leader elected after 5168ms
2019-10-04 16:16:43,987 [594a935f-a82d-426f-9037-ff57af541463@group-8258B4363A05-LeaderElection94] INFO  server.RaftServerConfigKeys (ConfUtils.java:logGet(43)) - raft.server.staging.catchup.gap = 1000 (default)
2019-10-04 16:16:43,987 [594a935f-a82d-426f-9037-ff57af541463@group-8258B4363A05-LeaderElection94] INFO  server.RaftServerConfigKeys (ConfUtils.java:logGet(43)) - raft.server.rpc.sleep.time = 25ms (default)
2019-10-04 16:16:43,988 [594a935f-a82d-426f-9037-ff57af541463@group-8258B4363A05-LeaderElection94] INFO  server.RaftServerConfigKeys (ConfUtils.java:logGet(43)) - raft.server.write.element-limit = 4096 (default)
2019-10-04 16:16:43,991 [594a935f-a82d-426f-9037-ff57af541463@group-8258B4363A05-LeaderElection94] INFO  server.RaftServerConfigKeys (ConfUtils.java:logGet(43)) - raft.server.watch.timeout = 10s (default)
2019-10-04 16:16:43,991 [594a935f-a82d-426f-9037-ff57af541463@group-8258B4363A05-LeaderElection94] INFO  server.RaftServerConfigKeys (ConfUtils.java:logGet(43)) - raft.server.watch.timeout.denomination = 1s (default)
2019-10-04 16:16:43,991 [594a935f-a82d-426f-9037-ff57af541463@group-8258B4363A05-LeaderElection94] INFO  server.RaftServerConfigKeys (ConfUtils.java:logGet(43)) - raft.server.watch.element-limit = 65536 (default)
2019-10-04 16:16:43,992 [grpc-default-executor-8] INFO  impl.RaftServerImpl (ServerState.java:setRaftConf(356)) - bfabe2ef-fb70-4fe1-97de-1797f8513577@group-8CB86F53F7F0: set configuration 0: [bfabe2ef-fb70-4fe1-97de-1797f8513577:192.168.5.153:34700, 594a935f-a82d-426f-9037-ff57af541463:192.168.5.153:42385, ee3d7c54-677e-44eb-93a7-27ec01fb1ff7:192.168.5.153:41491], old=null at 0
2019-10-04 16:16:43,992 [grpc-default-executor-7] INFO  impl.RaftServerImpl (ServerState.java:setRaftConf(356)) - 594a935f-a82d-426f-9037-ff57af541463@group-8CB86F53F7F0: set configuration 0: [bfabe2ef-fb70-4fe1-97de-1797f8513577:192.168.5.153:34700, 594a935f-a82d-426f-9037-ff57af541463:192.168.5.153:42385, ee3d7c54-677e-44eb-93a7-27ec01fb1ff7:192.168.5.153:41491], old=null at 0
2019-10-04 16:16:43,992 [grpc-default-executor-8] INFO  segmented.SegmentedRaftLogWorker (SegmentedRaftLogWorker.java:startLogSegment(385)) - bfabe2ef-fb70-4fe1-97de-1797f8513577@group-8CB86F53F7F0-SegmentedRaftLogWorker: Starting segment from index:0
2019-10-04 16:16:43,992 [grpc-default-executor-7] INFO  segmented.SegmentedRaftLogWorker (SegmentedRaftLogWorker.java:startLogSegment(385)) - 594a935f-a82d-426f-9037-ff57af541463@group-8CB86F53F7F0-SegmentedRaftLogWorker: Starting segment from index:0
2019-10-04 16:16:43,992 [594a935f-a82d-426f-9037-ff57af541463@group-8258B4363A05-LeaderElection94] INFO  impl.RoleInfo (RoleInfo.java:updateAndGet(143)) - 594a935f-a82d-426f-9037-ff57af541463: start LeaderState
2019-10-04 16:16:43,993 [594a935f-a82d-426f-9037-ff57af541463@group-8258B4363A05-LeaderElection94] INFO  segmented.SegmentedRaftLogWorker (SegmentedRaftLogWorker.java:startLogSegment(385)) - 594a935f-a82d-426f-9037-ff57af541463@group-8258B4363A05-SegmentedRaftLogWorker: Starting segment from index:0
2019-10-04 16:16:43,993 [594a935f-a82d-426f-9037-ff57af541463@group-8258B4363A05-LeaderElection94] INFO  impl.RaftServerImpl (ServerState.java:setRaftConf(356)) - 594a935f-a82d-426f-9037-ff57af541463@group-8258B4363A05: set configuration 0: [594a935f-a82d-426f-9037-ff57af541463:192.168.5.153:42385], old=null at 0
2019-10-04 16:16:43,999 [ee3d7c54-677e-44eb-93a7-27ec01fb1ff7@group-8CB86F53F7F0-SegmentedRaftLogWorker] INFO  segmented.SegmentedRaftLogWorker (SegmentedRaftLogWorker.java:execute(574)) - ee3d7c54-677e-44eb-93a7-27ec01fb1ff7@group-8CB86F53F7F0-SegmentedRaftLogWorker: created new log segment /workdir/hadoop-ozone/integration-test/target/test-dir/MiniOzoneClusterImpl-5f3f7f76-1fae-48f1-99ed-10da744dd461/datanode-0/data/ratis/acb38dc1-9112-4842-8f15-8cb86f53f7f0/current/log_inprogress_0
2019-10-04 16:16:44,020 [bfabe2ef-fb70-4fe1-97de-1797f8513577@group-8CB86F53F7F0-SegmentedRaftLogWorker] INFO  segmented.SegmentedRaftLogWorker (SegmentedRaftLogWorker.java:execute(574)) - bfabe2ef-fb70-4fe1-97de-1797f8513577@group-8CB86F53F7F0-SegmentedRaftLogWorker: created new log segment /workdir/hadoop-ozone/integration-test/target/test-dir/MiniOzoneClusterImpl-5f3f7f76-1fae-48f1-99ed-10da744dd461/datanode-1/data/ratis/acb38dc1-9112-4842-8f15-8cb86f53f7f0/current/log_inprogress_0
2019-10-04 16:16:44,020 [594a935f-a82d-426f-9037-ff57af541463@group-8258B4363A05-SegmentedRaftLogWorker] INFO  segmented.SegmentedRaftLogWorker (SegmentedRaftLogWorker.java:execute(574)) - 594a935f-a82d-426f-9037-ff57af541463@group-8258B4363A05-SegmentedRaftLogWorker: created new log segment /workdir/hadoop-ozone/integration-test/target/test-dir/MiniOzoneClusterImpl-5f3f7f76-1fae-48f1-99ed-10da744dd461/datanode-2/data/ratis/7ea87d8a-c5eb-4f08-8936-8258b4363a05/current/log_inprogress_0
2019-10-04 16:16:44,025 [594a935f-a82d-426f-9037-ff57af541463@group-8CB86F53F7F0-SegmentedRaftLogWorker] INFO  segmented.SegmentedRaftLogWorker (SegmentedRaftLogWorker.java:execute(574)) - 594a935f-a82d-426f-9037-ff57af541463@group-8CB86F53F7F0-SegmentedRaftLogWorker: created new log segment /workdir/hadoop-ozone/integration-test/target/test-dir/MiniOzoneClusterImpl-5f3f7f76-1fae-48f1-99ed-10da744dd461/datanode-2/data/ratis/acb38dc1-9112-4842-8f15-8cb86f53f7f0/current/log_inprogress_0
2019-10-04 16:16:44,026 [Thread-2376] INFO  impl.FollowerState (FollowerState.java:run(108)) - 1fbe0407-351d-4a8e-9178-51491abfbf80@group-98D8B1027C12-FollowerState: change to CANDIDATE, lastRpcTime:5066ms, electionTimeout:5066ms
2019-10-04 16:16:44,026 [Thread-2376] INFO  impl.RoleInfo (RoleInfo.java:shutdownFollowerState(121)) - 1fbe0407-351d-4a8e-9178-51491abfbf80: shutdown FollowerState
2019-10-04 16:16:44,026 [Thread-2376] INFO  impl.RaftServerImpl (RaftServerImpl.java:setRole(170)) - 1fbe0407-351d-4a8e-9178-51491abfbf80@group-98D8B1027C12: changes role from  FOLLOWER to CANDIDATE at term 0 for changeToCandidate
2019-10-04 16:16:44,026 [Thread-2376] INFO  impl.RoleInfo (RoleInfo.java:updateAndGet(143)) - 1fbe0407-351d-4a8e-9178-51491abfbf80: start LeaderElection
2019-10-04 16:16:44,037 [1fbe0407-351d-4a8e-9178-51491abfbf80@group-98D8B1027C12-LeaderElection95] INFO  impl.LeaderElection (LeaderElection.java:askForVotes(178)) - 1fbe0407-351d-4a8e-9178-51491abfbf80@group-98D8B1027C12-LeaderElection95: begin an election at term 1 for -1: [1fbe0407-351d-4a8e-9178-51491abfbf80:192.168.5.153:33389], old=null
2019-10-04 16:16:44,037 [1fbe0407-351d-4a8e-9178-51491abfbf80@group-98D8B1027C12-LeaderElection95] INFO  impl.RoleInfo (RoleInfo.java:shutdownLeaderElection(134)) - 1fbe0407-351d-4a8e-9178-51491abfbf80: shutdown LeaderElection
2019-10-04 16:16:44,037 [1fbe0407-351d-4a8e-9178-51491abfbf80@group-98D8B1027C12-LeaderElection95] INFO  impl.RaftServerImpl (RaftServerImpl.java:setRole(170)) - 1fbe0407-351d-4a8e-9178-51491abfbf80@group-98D8B1027C12: changes role from CANDIDATE to LEADER at term 1 for changeToLeader
2019-10-04 16:16:44,037 [1fbe0407-351d-4a8e-9178-51491abfbf80@group-98D8B1027C12-LeaderElection95] INFO  impl.RaftServerImpl (ServerState.java:setLeader(255)) - 1fbe0407-351d-4a8e-9178-51491abfbf80@group-98D8B1027C12: change Leader from null to 1fbe0407-351d-4a8e-9178-51491abfbf80 at term 1 for becomeLeader, leader elected after 5084ms
2019-10-04 16:16:44,037 [1fbe0407-351d-4a8e-9178-51491abfbf80@group-98D8B1027C12-LeaderElection95] INFO  server.RaftServerConfigKeys (ConfUtils.java:logGet(43)) - raft.server.staging.catchup.gap = 1000 (default)
2019-10-04 16:16:44,037 [1fbe0407-351d-4a8e-9178-51491abfbf80@group-98D8B1027C12-LeaderElection95] INFO  server.RaftServerConfigKeys (ConfUtils.java:logGet(43)) - raft.server.rpc.sleep.time = 25ms (default)
2019-10-04 16:16:44,037 [1fbe0407-351d-4a8e-9178-51491abfbf80@group-98D8B1027C12-LeaderElection95] INFO  server.RaftServerConfigKeys (ConfUtils.java:logGet(43)) - raft.server.write.element-limit = 4096 (default)
2019-10-04 16:16:44,037 [1fbe0407-351d-4a8e-9178-51491abfbf80@group-98D8B1027C12-LeaderElection95] INFO  server.RaftServerConfigKeys (ConfUtils.java:logGet(43)) - raft.server.watch.timeout = 10s (default)
2019-10-04 16:16:44,037 [1fbe0407-351d-4a8e-9178-51491abfbf80@group-98D8B1027C12-LeaderElection95] INFO  server.RaftServerConfigKeys (ConfUtils.java:logGet(43)) - raft.server.watch.timeout.denomination = 1s (default)
2019-10-04 16:16:44,038 [1fbe0407-351d-4a8e-9178-51491abfbf80@group-98D8B1027C12-LeaderElection95] INFO  server.RaftServerConfigKeys (ConfUtils.java:logGet(43)) - raft.server.watch.element-limit = 65536 (default)
2019-10-04 16:16:44,039 [Thread-2373] INFO  impl.FollowerState (FollowerState.java:run(108)) - 66693857-25a4-4108-b832-51ad3b0c67cf@group-6D9CDC12ADA2-FollowerState: change to CANDIDATE, lastRpcTime:5130ms, electionTimeout:5130ms
2019-10-04 16:16:44,039 [Thread-2373] INFO  impl.RoleInfo (RoleInfo.java:shutdownFollowerState(121)) - 66693857-25a4-4108-b832-51ad3b0c67cf: shutdown FollowerState
2019-10-04 16:16:44,039 [Thread-2373] INFO  impl.RaftServerImpl (RaftServerImpl.java:setRole(170)) - 66693857-25a4-4108-b832-51ad3b0c67cf@group-6D9CDC12ADA2: changes role from  FOLLOWER to CANDIDATE at term 0 for changeToCandidate
2019-10-04 16:16:44,039 [Thread-2373] INFO  impl.RoleInfo (RoleInfo.java:updateAndGet(143)) - 66693857-25a4-4108-b832-51ad3b0c67cf: start LeaderElection
2019-10-04 16:16:44,041 [1fbe0407-351d-4a8e-9178-51491abfbf80@group-98D8B1027C12-LeaderElection95] INFO  impl.RoleInfo (RoleInfo.java:updateAndGet(143)) - 1fbe0407-351d-4a8e-9178-51491abfbf80: start LeaderState
2019-10-04 16:16:44,045 [1fbe0407-351d-4a8e-9178-51491abfbf80@group-98D8B1027C12-LeaderElection95] INFO  segmented.SegmentedRaftLogWorker (SegmentedRaftLogWorker.java:startLogSegment(385)) - 1fbe0407-351d-4a8e-9178-51491abfbf80@group-98D8B1027C12-SegmentedRaftLogWorker: Starting segment from index:0
2019-10-04 16:16:44,045 [1fbe0407-351d-4a8e-9178-51491abfbf80@group-98D8B1027C12-LeaderElection95] INFO  impl.RaftServerImpl (ServerState.java:setRaftConf(356)) - 1fbe0407-351d-4a8e-9178-51491abfbf80@group-98D8B1027C12: set configuration 0: [1fbe0407-351d-4a8e-9178-51491abfbf80:192.168.5.153:33389], old=null at 0
2019-10-04 16:16:44,048 [66693857-25a4-4108-b832-51ad3b0c67cf@group-6D9CDC12ADA2-LeaderElection96] INFO  impl.LeaderElection (LeaderElection.java:askForVotes(178)) - 66693857-25a4-4108-b832-51ad3b0c67cf@group-6D9CDC12ADA2-LeaderElection96: begin an election at term 1 for -1: [66693857-25a4-4108-b832-51ad3b0c67cf:192.168.5.153:37059], old=null
2019-10-04 16:16:44,048 [66693857-25a4-4108-b832-51ad3b0c67cf@group-6D9CDC12ADA2-LeaderElection96] INFO  impl.RoleInfo (RoleInfo.java:shutdownLeaderElection(134)) - 66693857-25a4-4108-b832-51ad3b0c67cf: shutdown LeaderElection
2019-10-04 16:16:44,049 [66693857-25a4-4108-b832-51ad3b0c67cf@group-6D9CDC12ADA2-LeaderElection96] INFO  impl.RaftServerImpl (RaftServerImpl.java:setRole(170)) - 66693857-25a4-4108-b832-51ad3b0c67cf@group-6D9CDC12ADA2: changes role from CANDIDATE to LEADER at term 1 for changeToLeader
2019-10-04 16:16:44,049 [66693857-25a4-4108-b832-51ad3b0c67cf@group-6D9CDC12ADA2-LeaderElection96] INFO  impl.RaftServerImpl (ServerState.java:setLeader(255)) - 66693857-25a4-4108-b832-51ad3b0c67cf@group-6D9CDC12ADA2: change Leader from null to 66693857-25a4-4108-b832-51ad3b0c67cf at term 1 for becomeLeader, leader elected after 5144ms
2019-10-04 16:16:44,049 [66693857-25a4-4108-b832-51ad3b0c67cf@group-6D9CDC12ADA2-LeaderElection96] INFO  server.RaftServerConfigKeys (ConfUtils.java:logGet(43)) - raft.server.staging.catchup.gap = 1000 (default)
2019-10-04 16:16:44,049 [66693857-25a4-4108-b832-51ad3b0c67cf@group-6D9CDC12ADA2-LeaderElection96] INFO  server.RaftServerConfigKeys (ConfUtils.java:logGet(43)) - raft.server.rpc.sleep.time = 25ms (default)
2019-10-04 16:16:44,049 [66693857-25a4-4108-b832-51ad3b0c67cf@group-6D9CDC12ADA2-LeaderElection96] INFO  server.RaftServerConfigKeys (ConfUtils.java:logGet(43)) - raft.server.write.element-limit = 4096 (default)
2019-10-04 16:16:44,049 [66693857-25a4-4108-b832-51ad3b0c67cf@group-6D9CDC12ADA2-LeaderElection96] INFO  server.RaftServerConfigKeys (ConfUtils.java:logGet(43)) - raft.server.watch.timeout = 10s (default)
2019-10-04 16:16:44,049 [66693857-25a4-4108-b832-51ad3b0c67cf@group-6D9CDC12ADA2-LeaderElection96] INFO  server.RaftServerConfigKeys (ConfUtils.java:logGet(43)) - raft.server.watch.timeout.denomination = 1s (default)
2019-10-04 16:16:44,049 [66693857-25a4-4108-b832-51ad3b0c67cf@group-6D9CDC12ADA2-LeaderElection96] INFO  server.RaftServerConfigKeys (ConfUtils.java:logGet(43)) - raft.server.watch.element-limit = 65536 (default)
2019-10-04 16:16:44,051 [66693857-25a4-4108-b832-51ad3b0c67cf@group-6D9CDC12ADA2-LeaderElection96] INFO  impl.RoleInfo (RoleInfo.java:updateAndGet(143)) - 66693857-25a4-4108-b832-51ad3b0c67cf: start LeaderState
2019-10-04 16:16:44,051 [66693857-25a4-4108-b832-51ad3b0c67cf@group-6D9CDC12ADA2-LeaderElection96] INFO  segmented.SegmentedRaftLogWorker (SegmentedRaftLogWorker.java:startLogSegment(385)) - 66693857-25a4-4108-b832-51ad3b0c67cf@group-6D9CDC12ADA2-SegmentedRaftLogWorker: Starting segment from index:0
2019-10-04 16:16:44,052 [66693857-25a4-4108-b832-51ad3b0c67cf@group-6D9CDC12ADA2-LeaderElection96] INFO  impl.RaftServerImpl (ServerState.java:setRaftConf(356)) - 66693857-25a4-4108-b832-51ad3b0c67cf@group-6D9CDC12ADA2: set configuration 0: [66693857-25a4-4108-b832-51ad3b0c67cf:192.168.5.153:37059], old=null at 0
2019-10-04 16:16:44,079 [1fbe0407-351d-4a8e-9178-51491abfbf80@group-98D8B1027C12-SegmentedRaftLogWorker] INFO  segmented.SegmentedRaftLogWorker (SegmentedRaftLogWorker.java:execute(574)) - 1fbe0407-351d-4a8e-9178-51491abfbf80@group-98D8B1027C12-SegmentedRaftLogWorker: created new log segment /workdir/hadoop-ozone/integration-test/target/test-dir/MiniOzoneClusterImpl-5f3f7f76-1fae-48f1-99ed-10da744dd461/datanode-4/data/ratis/47343533-956a-4088-b642-98d8b1027c12/current/log_inprogress_0
2019-10-04 16:16:44,082 [66693857-25a4-4108-b832-51ad3b0c67cf@group-6D9CDC12ADA2-SegmentedRaftLogWorker] INFO  segmented.SegmentedRaftLogWorker (SegmentedRaftLogWorker.java:execute(574)) - 66693857-25a4-4108-b832-51ad3b0c67cf@group-6D9CDC12ADA2-SegmentedRaftLogWorker: created new log segment /workdir/hadoop-ozone/integration-test/target/test-dir/MiniOzoneClusterImpl-5f3f7f76-1fae-48f1-99ed-10da744dd461/datanode-3/data/ratis/0e4db112-630a-4fa5-be48-6d9cdc12ada2/current/log_inprogress_0
2019-10-04 16:16:44,125 [Thread-2379] INFO  impl.FollowerState (FollowerState.java:run(108)) - 409be42e-89dd-4a57-b73e-9f2147ac3c88@group-6495C13B0B19-FollowerState: change to CANDIDATE, lastRpcTime:5119ms, electionTimeout:5119ms
2019-10-04 16:16:44,125 [Thread-2379] INFO  impl.RoleInfo (RoleInfo.java:shutdownFollowerState(121)) - 409be42e-89dd-4a57-b73e-9f2147ac3c88: shutdown FollowerState
2019-10-04 16:16:44,126 [Thread-2379] INFO  impl.RaftServerImpl (RaftServerImpl.java:setRole(170)) - 409be42e-89dd-4a57-b73e-9f2147ac3c88@group-6495C13B0B19: changes role from  FOLLOWER to CANDIDATE at term 0 for changeToCandidate
2019-10-04 16:16:44,126 [Thread-2379] INFO  impl.RoleInfo (RoleInfo.java:updateAndGet(143)) - 409be42e-89dd-4a57-b73e-9f2147ac3c88: start LeaderElection
2019-10-04 16:16:44,134 [Thread-2385] INFO  impl.FollowerState (FollowerState.java:run(108)) - 66693857-25a4-4108-b832-51ad3b0c67cf@group-ACCE45B8B2BB-FollowerState: change to CANDIDATE, lastRpcTime:5044ms, electionTimeout:5044ms
2019-10-04 16:16:44,135 [Thread-2385] INFO  impl.RoleInfo (RoleInfo.java:shutdownFollowerState(121)) - 66693857-25a4-4108-b832-51ad3b0c67cf: shutdown FollowerState
2019-10-04 16:16:44,135 [Thread-2385] INFO  impl.RaftServerImpl (RaftServerImpl.java:setRole(170)) - 66693857-25a4-4108-b832-51ad3b0c67cf@group-ACCE45B8B2BB: changes role from  FOLLOWER to CANDIDATE at term 0 for changeToCandidate
2019-10-04 16:16:44,135 [Thread-2385] INFO  impl.RoleInfo (RoleInfo.java:updateAndGet(143)) - 66693857-25a4-4108-b832-51ad3b0c67cf: start LeaderElection
2019-10-04 16:16:44,155 [409be42e-89dd-4a57-b73e-9f2147ac3c88@group-6495C13B0B19-LeaderElection97] INFO  impl.LeaderElection (LeaderElection.java:askForVotes(178)) - 409be42e-89dd-4a57-b73e-9f2147ac3c88@group-6495C13B0B19-LeaderElection97: begin an election at term 1 for -1: [409be42e-89dd-4a57-b73e-9f2147ac3c88:192.168.5.153:36694], old=null
2019-10-04 16:16:44,155 [66693857-25a4-4108-b832-51ad3b0c67cf@group-ACCE45B8B2BB-LeaderElection98] INFO  impl.LeaderElection (LeaderElection.java:askForVotes(178)) - 66693857-25a4-4108-b832-51ad3b0c67cf@group-ACCE45B8B2BB-LeaderElection98: begin an election at term 1 for -1: [1fbe0407-351d-4a8e-9178-51491abfbf80:192.168.5.153:33389, 409be42e-89dd-4a57-b73e-9f2147ac3c88:192.168.5.153:36694, 66693857-25a4-4108-b832-51ad3b0c67cf:192.168.5.153:37059], old=null
2019-10-04 16:16:44,155 [409be42e-89dd-4a57-b73e-9f2147ac3c88@group-6495C13B0B19-LeaderElection97] INFO  impl.RoleInfo (RoleInfo.java:shutdownLeaderElection(134)) - 409be42e-89dd-4a57-b73e-9f2147ac3c88: shutdown LeaderElection
2019-10-04 16:16:44,155 [409be42e-89dd-4a57-b73e-9f2147ac3c88@group-6495C13B0B19-LeaderElection97] INFO  impl.RaftServerImpl (RaftServerImpl.java:setRole(170)) - 409be42e-89dd-4a57-b73e-9f2147ac3c88@group-6495C13B0B19: changes role from CANDIDATE to LEADER at term 1 for changeToLeader
2019-10-04 16:16:44,155 [409be42e-89dd-4a57-b73e-9f2147ac3c88@group-6495C13B0B19-LeaderElection97] INFO  impl.RaftServerImpl (ServerState.java:setLeader(255)) - 409be42e-89dd-4a57-b73e-9f2147ac3c88@group-6495C13B0B19: change Leader from null to 409be42e-89dd-4a57-b73e-9f2147ac3c88 at term 1 for becomeLeader, leader elected after 5157ms
2019-10-04 16:16:44,156 [409be42e-89dd-4a57-b73e-9f2147ac3c88@group-6495C13B0B19-LeaderElection97] INFO  server.RaftServerConfigKeys (ConfUtils.java:logGet(43)) - raft.server.staging.catchup.gap = 1000 (default)
2019-10-04 16:16:44,156 [409be42e-89dd-4a57-b73e-9f2147ac3c88@group-6495C13B0B19-LeaderElection97] INFO  server.RaftServerConfigKeys (ConfUtils.java:logGet(43)) - raft.server.rpc.sleep.time = 25ms (default)
2019-10-04 16:16:44,156 [409be42e-89dd-4a57-b73e-9f2147ac3c88@group-6495C13B0B19-LeaderElection97] INFO  server.RaftServerConfigKeys (ConfUtils.java:logGet(43)) - raft.server.write.element-limit = 4096 (default)
2019-10-04 16:16:44,156 [409be42e-89dd-4a57-b73e-9f2147ac3c88@group-6495C13B0B19-LeaderElection97] INFO  server.RaftServerConfigKeys (ConfUtils.java:logGet(43)) - raft.server.watch.timeout = 10s (default)
2019-10-04 16:16:44,156 [409be42e-89dd-4a57-b73e-9f2147ac3c88@group-6495C13B0B19-LeaderElection97] INFO  server.RaftServerConfigKeys (ConfUtils.java:logGet(43)) - raft.server.watch.timeout.denomination = 1s (default)
2019-10-04 16:16:44,156 [409be42e-89dd-4a57-b73e-9f2147ac3c88@group-6495C13B0B19-LeaderElection97] INFO  server.RaftServerConfigKeys (ConfUtils.java:logGet(43)) - raft.server.watch.element-limit = 65536 (default)
2019-10-04 16:16:44,158 [409be42e-89dd-4a57-b73e-9f2147ac3c88@group-6495C13B0B19-LeaderElection97] INFO  impl.RoleInfo (RoleInfo.java:updateAndGet(143)) - 409be42e-89dd-4a57-b73e-9f2147ac3c88: start LeaderState
2019-10-04 16:16:44,158 [409be42e-89dd-4a57-b73e-9f2147ac3c88@group-6495C13B0B19-LeaderElection97] INFO  segmented.SegmentedRaftLogWorker (SegmentedRaftLogWorker.java:startLogSegment(385)) - 409be42e-89dd-4a57-b73e-9f2147ac3c88@group-6495C13B0B19-SegmentedRaftLogWorker: Starting segment from index:0
2019-10-04 16:16:44,158 [409be42e-89dd-4a57-b73e-9f2147ac3c88@group-6495C13B0B19-LeaderElection97] INFO  impl.RaftServerImpl (ServerState.java:setRaftConf(356)) - 409be42e-89dd-4a57-b73e-9f2147ac3c88@group-6495C13B0B19: set configuration 0: [409be42e-89dd-4a57-b73e-9f2147ac3c88:192.168.5.153:36694], old=null at 0
2019-10-04 16:16:44,184 [grpc-default-executor-7] INFO  impl.RaftServerImpl (RaftServerImpl.java:setRole(170)) - 1fbe0407-351d-4a8e-9178-51491abfbf80@group-ACCE45B8B2BB: changes role from  FOLLOWER to FOLLOWER at term 1 for recognizeCandidate:66693857-25a4-4108-b832-51ad3b0c67cf
2019-10-04 16:16:44,184 [grpc-default-executor-8] INFO  impl.RaftServerImpl (RaftServerImpl.java:setRole(170)) - 409be42e-89dd-4a57-b73e-9f2147ac3c88@group-ACCE45B8B2BB: changes role from  FOLLOWER to FOLLOWER at term 1 for recognizeCandidate:66693857-25a4-4108-b832-51ad3b0c67cf
2019-10-04 16:16:44,184 [grpc-default-executor-7] INFO  impl.RoleInfo (RoleInfo.java:shutdownFollowerState(121)) - 1fbe0407-351d-4a8e-9178-51491abfbf80: shutdown FollowerState
2019-10-04 16:16:44,184 [grpc-default-executor-8] INFO  impl.RoleInfo (RoleInfo.java:shutdownFollowerState(121)) - 409be42e-89dd-4a57-b73e-9f2147ac3c88: shutdown FollowerState
2019-10-04 16:16:44,185 [grpc-default-executor-7] INFO  impl.RoleInfo (RoleInfo.java:updateAndGet(143)) - 1fbe0407-351d-4a8e-9178-51491abfbf80: start FollowerState
2019-10-04 16:16:44,185 [grpc-default-executor-8] INFO  impl.RoleInfo (RoleInfo.java:updateAndGet(143)) - 409be42e-89dd-4a57-b73e-9f2147ac3c88: start FollowerState
2019-10-04 16:16:44,185 [Thread-2383] INFO  impl.FollowerState (FollowerState.java:run(117)) - 1fbe0407-351d-4a8e-9178-51491abfbf80@group-ACCE45B8B2BB-FollowerState was interrupted: java.lang.InterruptedException: sleep interrupted
2019-10-04 16:16:44,185 [Thread-2387] INFO  impl.FollowerState (FollowerState.java:run(117)) - 409be42e-89dd-4a57-b73e-9f2147ac3c88@group-ACCE45B8B2BB-FollowerState was interrupted: java.lang.InterruptedException: sleep interrupted
2019-10-04 16:16:44,197 [409be42e-89dd-4a57-b73e-9f2147ac3c88@group-6495C13B0B19-SegmentedRaftLogWorker] INFO  segmented.SegmentedRaftLogWorker (SegmentedRaftLogWorker.java:execute(574)) - 409be42e-89dd-4a57-b73e-9f2147ac3c88@group-6495C13B0B19-SegmentedRaftLogWorker: created new log segment /workdir/hadoop-ozone/integration-test/target/test-dir/MiniOzoneClusterImpl-5f3f7f76-1fae-48f1-99ed-10da744dd461/datanode-5/data/ratis/89bf1a32-7313-4d56-bed1-6495c13b0b19/current/log_inprogress_0
2019-10-04 16:16:44,198 [66693857-25a4-4108-b832-51ad3b0c67cf@group-ACCE45B8B2BB-LeaderElection98] INFO  impl.LeaderElection (LeaderElection.java:logAndReturn(56)) - 66693857-25a4-4108-b832-51ad3b0c67cf@group-ACCE45B8B2BB-LeaderElection98: Election PASSED; received 1 response(s) [66693857-25a4-4108-b832-51ad3b0c67cf<-1fbe0407-351d-4a8e-9178-51491abfbf80#0:OK-t1] and 0 exception(s); 66693857-25a4-4108-b832-51ad3b0c67cf@group-ACCE45B8B2BB:t1, leader=null, voted=66693857-25a4-4108-b832-51ad3b0c67cf, raftlog=66693857-25a4-4108-b832-51ad3b0c67cf@group-ACCE45B8B2BB-SegmentedRaftLog:OPENED:c-1,f-1,i0, conf=-1: [1fbe0407-351d-4a8e-9178-51491abfbf80:192.168.5.153:33389, 409be42e-89dd-4a57-b73e-9f2147ac3c88:192.168.5.153:36694, 66693857-25a4-4108-b832-51ad3b0c67cf:192.168.5.153:37059], old=null
2019-10-04 16:16:44,198 [66693857-25a4-4108-b832-51ad3b0c67cf@group-ACCE45B8B2BB-LeaderElection98] INFO  impl.RoleInfo (RoleInfo.java:shutdownLeaderElection(134)) - 66693857-25a4-4108-b832-51ad3b0c67cf: shutdown LeaderElection
2019-10-04 16:16:44,198 [66693857-25a4-4108-b832-51ad3b0c67cf@group-ACCE45B8B2BB-LeaderElection98] INFO  impl.RaftServerImpl (RaftServerImpl.java:setRole(170)) - 66693857-25a4-4108-b832-51ad3b0c67cf@group-ACCE45B8B2BB: changes role from CANDIDATE to LEADER at term 1 for changeToLeader
2019-10-04 16:16:44,198 [66693857-25a4-4108-b832-51ad3b0c67cf@group-ACCE45B8B2BB-LeaderElection98] INFO  impl.RaftServerImpl (ServerState.java:setLeader(255)) - 66693857-25a4-4108-b832-51ad3b0c67cf@group-ACCE45B8B2BB: change Leader from null to 66693857-25a4-4108-b832-51ad3b0c67cf at term 1 for becomeLeader, leader elected after 5118ms
2019-10-04 16:16:44,198 [66693857-25a4-4108-b832-51ad3b0c67cf@group-ACCE45B8B2BB-LeaderElection98] INFO  server.RaftServerConfigKeys (ConfUtils.java:logGet(43)) - raft.server.staging.catchup.gap = 1000 (default)
2019-10-04 16:16:44,198 [66693857-25a4-4108-b832-51ad3b0c67cf@group-ACCE45B8B2BB-LeaderElection98] INFO  server.RaftServerConfigKeys (ConfUtils.java:logGet(43)) - raft.server.rpc.sleep.time = 25ms (default)
2019-10-04 16:16:44,198 [66693857-25a4-4108-b832-51ad3b0c67cf@group-ACCE45B8B2BB-LeaderElection98] INFO  server.RaftServerConfigKeys (ConfUtils.java:logGet(43)) - raft.server.write.element-limit = 4096 (default)
2019-10-04 16:16:44,198 [66693857-25a4-4108-b832-51ad3b0c67cf@group-ACCE45B8B2BB-LeaderElection98] INFO  server.RaftServerConfigKeys (ConfUtils.java:logGet(43)) - raft.server.watch.timeout = 10s (default)
2019-10-04 16:16:44,198 [66693857-25a4-4108-b832-51ad3b0c67cf@group-ACCE45B8B2BB-LeaderElection98] INFO  server.RaftServerConfigKeys (ConfUtils.java:logGet(43)) - raft.server.watch.timeout.denomination = 1s (default)
2019-10-04 16:16:44,199 [66693857-25a4-4108-b832-51ad3b0c67cf@group-ACCE45B8B2BB-LeaderElection98] INFO  server.RaftServerConfigKeys (ConfUtils.java:logGet(43)) - raft.server.watch.element-limit = 65536 (default)
2019-10-04 16:16:44,200 [66693857-25a4-4108-b832-51ad3b0c67cf@group-ACCE45B8B2BB-LeaderElection98] INFO  server.RaftServerConfigKeys (ConfUtils.java:logGet(43)) - raft.server.log.appender.snapshot.chunk.size.max = 16MB (=16777216) (default)
2019-10-04 16:16:44,200 [66693857-25a4-4108-b832-51ad3b0c67cf@group-ACCE45B8B2BB-LeaderElection98] INFO  server.RaftServerConfigKeys (ConfUtils.java:logGet(43)) - raft.server.log.appender.buffer.byte-limit = 33554432 (custom)
2019-10-04 16:16:44,200 [66693857-25a4-4108-b832-51ad3b0c67cf@group-ACCE45B8B2BB-LeaderElection98] INFO  server.RaftServerConfigKeys (ConfUtils.java:logGet(43)) - raft.server.log.appender.buffer.element-limit = 1 (custom)
2019-10-04 16:16:44,200 [66693857-25a4-4108-b832-51ad3b0c67cf@group-ACCE45B8B2BB-LeaderElection98] INFO  grpc.GrpcConfigKeys$Server (ConfUtils.java:logGet(43)) - raft.grpc.server.leader.outstanding.appends.max = 128 (default)
2019-10-04 16:16:44,200 [66693857-25a4-4108-b832-51ad3b0c67cf@group-ACCE45B8B2BB-LeaderElection98] INFO  server.RaftServerConfigKeys (ConfUtils.java:logGet(43)) - raft.server.rpc.request.timeout = 3000ms (default)
2019-10-04 16:16:44,200 [66693857-25a4-4108-b832-51ad3b0c67cf@group-ACCE45B8B2BB-LeaderElection98] INFO  server.RaftServerConfigKeys (ConfUtils.java:logGet(43)) - raft.server.log.appender.install.snapshot.enabled = false (custom)
2019-10-04 16:16:44,200 [66693857-25a4-4108-b832-51ad3b0c67cf@group-ACCE45B8B2BB-LeaderElection98] INFO  server.RaftServerConfigKeys (ConfUtils.java:logGet(43)) - raft.server.log.appender.snapshot.chunk.size.max = 16MB (=16777216) (default)
2019-10-04 16:16:44,201 [66693857-25a4-4108-b832-51ad3b0c67cf@group-ACCE45B8B2BB-LeaderElection98] INFO  server.RaftServerConfigKeys (ConfUtils.java:logGet(43)) - raft.server.log.appender.buffer.byte-limit = 33554432 (custom)
2019-10-04 16:16:44,201 [66693857-25a4-4108-b832-51ad3b0c67cf@group-ACCE45B8B2BB-LeaderElection98] INFO  server.RaftServerConfigKeys (ConfUtils.java:logGet(43)) - raft.server.log.appender.buffer.element-limit = 1 (custom)
2019-10-04 16:16:44,201 [66693857-25a4-4108-b832-51ad3b0c67cf@group-ACCE45B8B2BB-LeaderElection98] INFO  grpc.GrpcConfigKeys$Server (ConfUtils.java:logGet(43)) - raft.grpc.server.leader.outstanding.appends.max = 128 (default)
2019-10-04 16:16:44,201 [66693857-25a4-4108-b832-51ad3b0c67cf@group-ACCE45B8B2BB-LeaderElection98] INFO  server.RaftServerConfigKeys (ConfUtils.java:logGet(43)) - raft.server.rpc.request.timeout = 3000ms (default)
2019-10-04 16:16:44,201 [66693857-25a4-4108-b832-51ad3b0c67cf@group-ACCE45B8B2BB-LeaderElection98] INFO  server.RaftServerConfigKeys (ConfUtils.java:logGet(43)) - raft.server.log.appender.install.snapshot.enabled = false (custom)
2019-10-04 16:16:44,201 [66693857-25a4-4108-b832-51ad3b0c67cf@group-ACCE45B8B2BB-LeaderElection98] INFO  impl.RoleInfo (RoleInfo.java:updateAndGet(143)) - 66693857-25a4-4108-b832-51ad3b0c67cf: start LeaderState
2019-10-04 16:16:44,201 [66693857-25a4-4108-b832-51ad3b0c67cf@group-ACCE45B8B2BB-LeaderElection98] INFO  segmented.SegmentedRaftLogWorker (SegmentedRaftLogWorker.java:startLogSegment(385)) - 66693857-25a4-4108-b832-51ad3b0c67cf@group-ACCE45B8B2BB-SegmentedRaftLogWorker: Starting segment from index:0
2019-10-04 16:16:44,202 [66693857-25a4-4108-b832-51ad3b0c67cf@group-ACCE45B8B2BB-LeaderElection98] INFO  impl.RaftServerImpl (ServerState.java:setRaftConf(356)) - 66693857-25a4-4108-b832-51ad3b0c67cf@group-ACCE45B8B2BB: set configuration 0: [1fbe0407-351d-4a8e-9178-51491abfbf80:192.168.5.153:33389, 409be42e-89dd-4a57-b73e-9f2147ac3c88:192.168.5.153:36694, 66693857-25a4-4108-b832-51ad3b0c67cf:192.168.5.153:37059], old=null at 0
2019-10-04 16:16:44,229 [grpc-default-executor-7] INFO  impl.RaftServerImpl (ServerState.java:setLeader(255)) - 409be42e-89dd-4a57-b73e-9f2147ac3c88@group-ACCE45B8B2BB: change Leader from null to 66693857-25a4-4108-b832-51ad3b0c67cf at term 1 for appendEntries, leader elected after 5149ms
2019-10-04 16:16:44,232 [grpc-default-executor-8] INFO  impl.RaftServerImpl (ServerState.java:setLeader(255)) - 1fbe0407-351d-4a8e-9178-51491abfbf80@group-ACCE45B8B2BB: change Leader from null to 66693857-25a4-4108-b832-51ad3b0c67cf at term 1 for appendEntries, leader elected after 5152ms
2019-10-04 16:16:44,234 [grpc-default-executor-7] INFO  impl.RaftServerImpl (ServerState.java:setRaftConf(356)) - 409be42e-89dd-4a57-b73e-9f2147ac3c88@group-ACCE45B8B2BB: set configuration 0: [1fbe0407-351d-4a8e-9178-51491abfbf80:192.168.5.153:33389, 409be42e-89dd-4a57-b73e-9f2147ac3c88:192.168.5.153:36694, 66693857-25a4-4108-b832-51ad3b0c67cf:192.168.5.153:37059], old=null at 0
2019-10-04 16:16:44,234 [grpc-default-executor-7] INFO  segmented.SegmentedRaftLogWorker (SegmentedRaftLogWorker.java:startLogSegment(385)) - 409be42e-89dd-4a57-b73e-9f2147ac3c88@group-ACCE45B8B2BB-SegmentedRaftLogWorker: Starting segment from index:0
2019-10-04 16:16:44,235 [grpc-default-executor-5] INFO  impl.RaftServerImpl (ServerState.java:setRaftConf(356)) - 1fbe0407-351d-4a8e-9178-51491abfbf80@group-ACCE45B8B2BB: set configuration 0: [1fbe0407-351d-4a8e-9178-51491abfbf80:192.168.5.153:33389, 409be42e-89dd-4a57-b73e-9f2147ac3c88:192.168.5.153:36694, 66693857-25a4-4108-b832-51ad3b0c67cf:192.168.5.153:37059], old=null at 0
2019-10-04 16:16:44,236 [grpc-default-executor-5] INFO  segmented.SegmentedRaftLogWorker (SegmentedRaftLogWorker.java:startLogSegment(385)) - 1fbe0407-351d-4a8e-9178-51491abfbf80@group-ACCE45B8B2BB-SegmentedRaftLogWorker: Starting segment from index:0
2019-10-04 16:16:44,257 [66693857-25a4-4108-b832-51ad3b0c67cf@group-ACCE45B8B2BB-SegmentedRaftLogWorker] INFO  segmented.SegmentedRaftLogWorker (SegmentedRaftLogWorker.java:execute(574)) - 66693857-25a4-4108-b832-51ad3b0c67cf@group-ACCE45B8B2BB-SegmentedRaftLogWorker: created new log segment /workdir/hadoop-ozone/integration-test/target/test-dir/MiniOzoneClusterImpl-5f3f7f76-1fae-48f1-99ed-10da744dd461/datanode-3/data/ratis/1d7fb019-28a9-412d-9e2b-acce45b8b2bb/current/log_inprogress_0
2019-10-04 16:16:44,273 [409be42e-89dd-4a57-b73e-9f2147ac3c88@group-ACCE45B8B2BB-SegmentedRaftLogWorker] INFO  segmented.SegmentedRaftLogWorker (SegmentedRaftLogWorker.java:execute(574)) - 409be42e-89dd-4a57-b73e-9f2147ac3c88@group-ACCE45B8B2BB-SegmentedRaftLogWorker: created new log segment /workdir/hadoop-ozone/integration-test/target/test-dir/MiniOzoneClusterImpl-5f3f7f76-1fae-48f1-99ed-10da744dd461/datanode-5/data/ratis/1d7fb019-28a9-412d-9e2b-acce45b8b2bb/current/log_inprogress_0
2019-10-04 16:16:44,273 [1fbe0407-351d-4a8e-9178-51491abfbf80@group-ACCE45B8B2BB-SegmentedRaftLogWorker] INFO  segmented.SegmentedRaftLogWorker (SegmentedRaftLogWorker.java:execute(574)) - 1fbe0407-351d-4a8e-9178-51491abfbf80@group-ACCE45B8B2BB-SegmentedRaftLogWorker: created new log segment /workdir/hadoop-ozone/integration-test/target/test-dir/MiniOzoneClusterImpl-5f3f7f76-1fae-48f1-99ed-10da744dd461/datanode-4/data/ratis/1d7fb019-28a9-412d-9e2b-acce45b8b2bb/current/log_inprogress_0
2019-10-04 16:16:44,368 [Datanode State Machine Thread - 0] INFO  statemachine.DatanodeStateMachine (DatanodeStateMachine.java:lambda$startDaemon$0(350)) - Ozone container server started.
2019-10-04 16:16:49,359 [main] INFO  ozoneimpl.OzoneContainer (OzoneContainer.java:stop(231)) - Attempting to stop container services.
2019-10-04 16:16:49,361 [main] INFO  impl.RaftServerProxy (RaftServerProxy.java:lambda$close$4(314)) - 594a935f-a82d-426f-9037-ff57af541463: close
2019-10-04 16:16:49,362 [main] INFO  impl.RaftServerImpl (RaftServerImpl.java:lambda$shutdown$3(247)) - 594a935f-a82d-426f-9037-ff57af541463@group-8258B4363A05: shutdown
2019-10-04 16:16:49,363 [main] INFO  util.JmxRegister (JmxRegister.java:unregister(73)) - Successfully un-registered JMX Bean with object name Ratis:service=RaftServer,group=group-8258B4363A05,id=594a935f-a82d-426f-9037-ff57af541463
2019-10-04 16:16:49,363 [main] INFO  impl.RoleInfo (RoleInfo.java:shutdownLeaderState(104)) - 594a935f-a82d-426f-9037-ff57af541463: shutdown LeaderState
2019-10-04 16:16:49,363 [main] INFO  impl.PendingRequests (PendingRequests.java:sendNotLeaderResponses(202)) - 594a935f-a82d-426f-9037-ff57af541463@group-8258B4363A05-PendingRequests: sendNotLeaderResponses
2019-10-04 16:16:49,364 [main] INFO  impl.StateMachineUpdater (StateMachineUpdater.java:stopAndJoin(136)) - 594a935f-a82d-426f-9037-ff57af541463@group-8258B4363A05-StateMachineUpdater: set stopIndex = 0
2019-10-04 16:16:49,365 [main] INFO  impl.RaftServerImpl (ServerState.java:close(387)) - 594a935f-a82d-426f-9037-ff57af541463@group-8258B4363A05: closes. applyIndex: 0
2019-10-04 16:16:49,365 [594a935f-a82d-426f-9037-ff57af541463@group-8258B4363A05-SegmentedRaftLogWorker] INFO  segmented.SegmentedRaftLogWorker (SegmentedRaftLogWorker.java:run(316)) - 594a935f-a82d-426f-9037-ff57af541463@group-8258B4363A05-SegmentedRaftLogWorker was interrupted, exiting. There are 0 tasks remaining in the queue.
2019-10-04 16:16:49,370 [main] INFO  segmented.SegmentedRaftLogWorker (SegmentedRaftLogWorker.java:close(224)) - 594a935f-a82d-426f-9037-ff57af541463@group-8258B4363A05-SegmentedRaftLogWorker close()
2019-10-04 16:16:49,376 [main] INFO  impl.RaftServerImpl (RaftServerImpl.java:lambda$shutdown$3(247)) - 594a935f-a82d-426f-9037-ff57af541463@group-8CB86F53F7F0: shutdown
2019-10-04 16:16:49,377 [main] INFO  util.JmxRegister (JmxRegister.java:unregister(73)) - Successfully un-registered JMX Bean with object name Ratis:service=RaftServer,group=group-8CB86F53F7F0,id=594a935f-a82d-426f-9037-ff57af541463
2019-10-04 16:16:49,377 [main] INFO  impl.RoleInfo (RoleInfo.java:shutdownFollowerState(121)) - 594a935f-a82d-426f-9037-ff57af541463: shutdown FollowerState
2019-10-04 16:16:49,377 [main] INFO  impl.StateMachineUpdater (StateMachineUpdater.java:stopAndJoin(136)) - 594a935f-a82d-426f-9037-ff57af541463@group-8CB86F53F7F0-StateMachineUpdater: set stopIndex = 2
2019-10-04 16:16:49,378 [Thread-2410] INFO  impl.FollowerState (FollowerState.java:run(117)) - 594a935f-a82d-426f-9037-ff57af541463@group-8CB86F53F7F0-FollowerState was interrupted: java.lang.InterruptedException: sleep interrupted
2019-10-04 16:16:49,378 [594a935f-a82d-426f-9037-ff57af541463@group-8CB86F53F7F0-StateMachineUpdater] INFO  ratis.ContainerStateMachine (ContainerStateMachine.java:takeSnapshot(293)) - group-8CB86F53F7F0: Taking a snapshot at:(t:1, i:1) file /workdir/hadoop-ozone/integration-test/target/test-dir/MiniOzoneClusterImpl-5f3f7f76-1fae-48f1-99ed-10da744dd461/datanode-2/data/ratis/acb38dc1-9112-4842-8f15-8cb86f53f7f0/sm/snapshot.1_1
2019-10-04 16:16:49,384 [594a935f-a82d-426f-9037-ff57af541463@group-8CB86F53F7F0-StateMachineUpdater] INFO  ratis.ContainerStateMachine (ContainerStateMachine.java:takeSnapshot(304)) - group-8CB86F53F7F0: Finished taking a snapshot at:(t:1, i:1) file:/workdir/hadoop-ozone/integration-test/target/test-dir/MiniOzoneClusterImpl-5f3f7f76-1fae-48f1-99ed-10da744dd461/datanode-2/data/ratis/acb38dc1-9112-4842-8f15-8cb86f53f7f0/sm/snapshot.1_1 time:7
2019-10-04 16:16:49,385 [594a935f-a82d-426f-9037-ff57af541463@group-8CB86F53F7F0-StateMachineUpdater] INFO  impl.StateMachineUpdater (StateMachineUpdater.java:takeSnapshot(269)) - 594a935f-a82d-426f-9037-ff57af541463@group-8CB86F53F7F0-StateMachineUpdater: Took a snapshot at index 1
2019-10-04 16:16:49,385 [594a935f-a82d-426f-9037-ff57af541463@group-8CB86F53F7F0-StateMachineUpdater] INFO  impl.StateMachineUpdater (StateMachineUpdater.java:lambda$new$0(84)) - 594a935f-a82d-426f-9037-ff57af541463@group-8CB86F53F7F0-StateMachineUpdater: snapshotIndex: updateIncreasingly -1 -> 1
2019-10-04 16:16:49,385 [594a935f-a82d-426f-9037-ff57af541463@group-8CB86F53F7F0-StateMachineUpdater] INFO  ratis.ContainerStateMachine (ContainerStateMachine.java:takeSnapshot(293)) - group-8CB86F53F7F0: Taking a snapshot at:(t:1, i:1) file /workdir/hadoop-ozone/integration-test/target/test-dir/MiniOzoneClusterImpl-5f3f7f76-1fae-48f1-99ed-10da744dd461/datanode-2/data/ratis/acb38dc1-9112-4842-8f15-8cb86f53f7f0/sm/snapshot.1_1
2019-10-04 16:16:49,398 [594a935f-a82d-426f-9037-ff57af541463@group-8CB86F53F7F0-StateMachineUpdater] INFO  ratis.ContainerStateMachine (ContainerStateMachine.java:takeSnapshot(304)) - group-8CB86F53F7F0: Finished taking a snapshot at:(t:1, i:1) file:/workdir/hadoop-ozone/integration-test/target/test-dir/MiniOzoneClusterImpl-5f3f7f76-1fae-48f1-99ed-10da744dd461/datanode-2/data/ratis/acb38dc1-9112-4842-8f15-8cb86f53f7f0/sm/snapshot.1_1 time:13
2019-10-04 16:16:49,398 [594a935f-a82d-426f-9037-ff57af541463@group-8CB86F53F7F0-StateMachineUpdater] INFO  impl.StateMachineUpdater (StateMachineUpdater.java:takeSnapshot(269)) - 594a935f-a82d-426f-9037-ff57af541463@group-8CB86F53F7F0-StateMachineUpdater: Took a snapshot at index 1
2019-10-04 16:16:49,398 [594a935f-a82d-426f-9037-ff57af541463@group-8CB86F53F7F0-StateMachineUpdater] INFO  impl.StateMachineUpdater (StateMachineUpdater.java:lambda$new$0(84)) - 594a935f-a82d-426f-9037-ff57af541463@group-8CB86F53F7F0-StateMachineUpdater: snapshotIndex: updateIncreasingly 1 -> 1
2019-10-04 16:16:49,398 [main] INFO  impl.RaftServerImpl (ServerState.java:close(387)) - 594a935f-a82d-426f-9037-ff57af541463@group-8CB86F53F7F0: closes. applyIndex: 2
2019-10-04 16:16:49,399 [594a935f-a82d-426f-9037-ff57af541463@group-8CB86F53F7F0-SegmentedRaftLogWorker] INFO  segmented.SegmentedRaftLogWorker (SegmentedRaftLogWorker.java:run(316)) - 594a935f-a82d-426f-9037-ff57af541463@group-8CB86F53F7F0-SegmentedRaftLogWorker was interrupted, exiting. There are 0 tasks remaining in the queue.
2019-10-04 16:16:49,402 [main] INFO  segmented.SegmentedRaftLogWorker (SegmentedRaftLogWorker.java:close(224)) - 594a935f-a82d-426f-9037-ff57af541463@group-8CB86F53F7F0-SegmentedRaftLogWorker close()
2019-10-04 16:16:49,408 [main] INFO  server.GrpcService (GrpcService.java:closeImpl(164)) - 594a935f-a82d-426f-9037-ff57af541463: shutdown server with port 42385 now
2019-10-04 16:16:49,409 [grpc-default-executor-7] WARN  server.GrpcServerProtocolService (LogUtils.java:warn(134)) - 594a935f-a82d-426f-9037-ff57af541463: installSnapshot onError, lastRequest: ee3d7c54-677e-44eb-93a7-27ec01fb1ff7->594a935f-a82d-426f-9037-ff57af541463#5-t1, previous=(t:1, i:2), leaderCommit=2, initializing? false, entries: <empty>: org.apache.ratis.thirdparty.io.grpc.StatusRuntimeException: CANCELLED: cancelled before receiving half close
2019-10-04 16:16:49,410 [grpc-default-executor-5] WARN  server.GrpcLogAppender (LogUtils.java:warn(134)) - ee3d7c54-677e-44eb-93a7-27ec01fb1ff7@group-8CB86F53F7F0->594a935f-a82d-426f-9037-ff57af541463-AppendLogResponseHandler: Failed appendEntries: org.apache.ratis.thirdparty.io.grpc.StatusRuntimeException: CANCELLED: HTTP/2 error code: CANCEL
Received Rst Stream
2019-10-04 16:16:49,410 [main] INFO  server.GrpcService (GrpcService.java:closeImpl(172)) - 594a935f-a82d-426f-9037-ff57af541463: shutdown server with port 42385 successfully
2019-10-04 16:16:49,411 [grpc-default-executor-5] INFO  impl.FollowerInfo (FollowerInfo.java:lambda$new$0(51)) - ee3d7c54-677e-44eb-93a7-27ec01fb1ff7@group-8CB86F53F7F0->594a935f-a82d-426f-9037-ff57af541463: nextIndex: updateUnconditionally 3 -> 2
2019-10-04 16:16:49,416 [refreshUsed-/workdir/hadoop-ozone/integration-test/target/test-dir/MiniOzoneClusterImpl-5f3f7f76-1fae-48f1-99ed-10da744dd461/datanode-2/data/containers] WARN  fs.CachingGetSpaceUsed (CachingGetSpaceUsed.java:run(183)) - Thread Interrupted waiting to refresh disk information: sleep interrupted
2019-10-04 16:16:49,434 [main] INFO  utils.BackgroundService (BackgroundService.java:shutdown(148)) - Shutting down service BlockDeletingService
2019-10-04 16:16:49,441 [main] INFO  statemachine.DatanodeStateMachine (DatanodeStateMachine.java:stopDaemon(395)) - Ozone container server stopped.
2019-10-04 16:16:49,443 [main] INFO  handler.ContextHandler (ContextHandler.java:doStop(910)) - Stopped o.e.j.w.WebAppContext@4f3356c0{/,null,UNAVAILABLE}{/hddsDatanode}
2019-10-04 16:16:49,444 [main] INFO  server.AbstractConnector (AbstractConnector.java:doStop(318)) - Stopped ServerConnector@586cc15d{HTTP/1.1,[http/1.1]}{0.0.0.0:0}
2019-10-04 16:16:49,444 [main] INFO  handler.ContextHandler (ContextHandler.java:doStop(910)) - Stopped o.e.j.s.ServletContextHandler@6b70d1fb{/static,jar:file:/home/user/.m2/repository/org/apache/hadoop/hadoop-hdds-container-service/0.5.0-SNAPSHOT/hadoop-hdds-container-service-0.5.0-SNAPSHOT.jar!/webapps/static,UNAVAILABLE}
2019-10-04 16:16:49,445 [main] INFO  handler.ContextHandler (ContextHandler.java:doStop(910)) - Stopped o.e.j.s.ServletContextHandler@6075b369{/logs,file:///workdir/hadoop-ozone/integration-test/target/log,UNAVAILABLE}
2019-10-04 16:16:49,455 [grpc-default-executor-7] WARN  server.GrpcLogAppender (LogUtils.java:warn(134)) - ee3d7c54-677e-44eb-93a7-27ec01fb1ff7@group-8CB86F53F7F0->594a935f-a82d-426f-9037-ff57af541463-AppendLogResponseHandler: Failed appendEntries: org.apache.ratis.thirdparty.io.grpc.StatusRuntimeException: UNAVAILABLE: io exception
2019-10-04 16:16:49,455 [grpc-default-executor-7] INFO  impl.FollowerInfo (FollowerInfo.java:lambda$new$0(51)) - ee3d7c54-677e-44eb-93a7-27ec01fb1ff7@group-8CB86F53F7F0->594a935f-a82d-426f-9037-ff57af541463: nextIndex: updateUnconditionally 3 -> 2
2019-10-04 16:16:49,467 [grpc-default-executor-8] WARN  server.GrpcLogAppender (LogUtils.java:warn(134)) - ee3d7c54-677e-44eb-93a7-27ec01fb1ff7@group-8CB86F53F7F0->594a935f-a82d-426f-9037-ff57af541463-AppendLogResponseHandler: Failed appendEntries: org.apache.ratis.thirdparty.io.grpc.StatusRuntimeException: UNAVAILABLE: io exception
2019-10-04 16:16:49,467 [grpc-default-executor-8] INFO  impl.FollowerInfo (FollowerInfo.java:lambda$new$0(51)) - ee3d7c54-677e-44eb-93a7-27ec01fb1ff7@group-8CB86F53F7F0->594a935f-a82d-426f-9037-ff57af541463: nextIndex: updateUnconditionally 3 -> 2
2019-10-04 16:16:49,482 [grpc-default-executor-7] WARN  server.GrpcLogAppender (LogUtils.java:warn(134)) - ee3d7c54-677e-44eb-93a7-27ec01fb1ff7@group-8CB86F53F7F0->594a935f-a82d-426f-9037-ff57af541463-AppendLogResponseHandler: Failed appendEntries: org.apache.ratis.thirdparty.io.grpc.StatusRuntimeException: UNAVAILABLE: io exception
2019-10-04 16:16:49,482 [grpc-default-executor-7] INFO  impl.FollowerInfo (FollowerInfo.java:lambda$new$0(51)) - ee3d7c54-677e-44eb-93a7-27ec01fb1ff7@group-8CB86F53F7F0->594a935f-a82d-426f-9037-ff57af541463: nextIndex: updateUnconditionally 3 -> 2
2019-10-04 16:16:49,483 [EventQueue-IncrementalContainerReportForIncrementalContainerReportHandler] WARN  container.IncrementalContainerReportHandler (AbstractContainerReportHandler.java:updateContainerState(143)) - Container #1 is in OPEN state, but the datanode ee3d7c54-677e-44eb-93a7-27ec01fb1ff7{ip: 192.168.5.153, host: pr-hdds-2250-qhw8f-1617406954, networkLocation: /default-rack, certSerialId: null} reports an CLOSING replica.
2019-10-04 16:16:49,508 [EventQueue-IncrementalContainerReportForIncrementalContainerReportHandler] WARN  container.IncrementalContainerReportHandler (AbstractContainerReportHandler.java:updateContainerState(143)) - Container #1 is in OPEN state, but the datanode bfabe2ef-fb70-4fe1-97de-1797f8513577{ip: 192.168.5.153, host: pr-hdds-2250-qhw8f-1617406954, networkLocation: /default-rack, certSerialId: null} reports an CLOSING replica.
2019-10-04 16:16:49,549 [RatisApplyTransactionExecutor 1] INFO  interfaces.Container (KeyValueContainer.java:flushAndSyncDB(386)) - Container 1 is synced with bcsId 0.
2019-10-04 16:16:49,575 [RatisApplyTransactionExecutor 1] INFO  interfaces.Container (KeyValueContainer.java:flushAndSyncDB(386)) - Container 1 is synced with bcsId 0.
2019-10-04 16:16:49,578 [RatisApplyTransactionExecutor 1] INFO  interfaces.Container (KeyValueContainer.java:flushAndSyncDB(386)) - Container 1 is synced with bcsId 0.
2019-10-04 16:16:49,578 [RatisApplyTransactionExecutor 1] INFO  interfaces.Container (KeyValueContainer.java:flushAndSyncDB(386)) - Container 1 is synced with bcsId 0.
2019-10-04 16:16:49,584 [RatisApplyTransactionExecutor 1] INFO  interfaces.Container (KeyValueContainer.java:close(335)) - Container 1 is closed with bcsId 0.
2019-10-04 16:16:49,584 [RatisApplyTransactionExecutor 1] INFO  interfaces.Container (KeyValueContainer.java:close(335)) - Container 1 is closed with bcsId 0.
2019-10-04 16:16:49,589 [EventQueue-IncrementalContainerReportForIncrementalContainerReportHandler] WARN  container.IncrementalContainerReportHandler (AbstractContainerReportHandler.java:updateContainerState(143)) - Container #1 is in OPEN state, but the datanode bfabe2ef-fb70-4fe1-97de-1797f8513577{ip: 192.168.5.153, host: pr-hdds-2250-qhw8f-1617406954, networkLocation: /default-rack, certSerialId: null} reports an CLOSED replica.
2019-10-04 16:16:49,589 [EventQueue-IncrementalContainerReportForIncrementalContainerReportHandler] WARN  container.IncrementalContainerReportHandler (AbstractContainerReportHandler.java:updateContainerState(143)) - Container #1 is in OPEN state, but the datanode ee3d7c54-677e-44eb-93a7-27ec01fb1ff7{ip: 192.168.5.153, host: pr-hdds-2250-qhw8f-1617406954, networkLocation: /default-rack, certSerialId: null} reports an CLOSED replica.
2019-10-04 16:16:51,984 [grpc-default-executor-5] WARN  server.GrpcLogAppender (LogUtils.java:warn(134)) - ee3d7c54-677e-44eb-93a7-27ec01fb1ff7@group-8CB86F53F7F0->594a935f-a82d-426f-9037-ff57af541463-AppendLogResponseHandler: Failed appendEntries: org.apache.ratis.thirdparty.io.grpc.StatusRuntimeException: UNAVAILABLE: io exception
2019-10-04 16:16:51,984 [grpc-default-executor-5] INFO  impl.FollowerInfo (FollowerInfo.java:lambda$new$0(51)) - ee3d7c54-677e-44eb-93a7-27ec01fb1ff7@group-8CB86F53F7F0->594a935f-a82d-426f-9037-ff57af541463: nextIndex: updateUnconditionally 2 -> 1
2019-10-04 16:16:52,605 [main] WARN  scm.XceiverClientRatis (XceiverClientRatis.java:watchForCommit(292)) - 3 way commit failed on pipeline Pipeline[ Id: acb38dc1-9112-4842-8f15-8cb86f53f7f0, Nodes: 594a935f-a82d-426f-9037-ff57af541463{ip: 192.168.5.153, host: pr-hdds-2250-qhw8f-1617406954, networkLocation: /default-rack, certSerialId: null}bfabe2ef-fb70-4fe1-97de-1797f8513577{ip: 192.168.5.153, host: pr-hdds-2250-qhw8f-1617406954, networkLocation: /default-rack, certSerialId: null}ee3d7c54-677e-44eb-93a7-27ec01fb1ff7{ip: 192.168.5.153, host: pr-hdds-2250-qhw8f-1617406954, networkLocation: /default-rack, certSerialId: null}, Type:RATIS, Factor:THREE, State:OPEN]
java.util.concurrent.TimeoutException
	at java.util.concurrent.CompletableFuture.timedGet(CompletableFuture.java:1771)
	at java.util.concurrent.CompletableFuture.get(CompletableFuture.java:1915)
	at org.apache.hadoop.hdds.scm.XceiverClientRatis.watchForCommit(XceiverClientRatis.java:289)
	at org.apache.hadoop.ozone.client.rpc.TestWatchForCommit.test2WayCommitForTimeoutException(TestWatchForCommit.java:391)
	at sun.reflect.NativeMethodAccessorImpl.invoke0(Native Method)
	at sun.reflect.NativeMethodAccessorImpl.invoke(NativeMethodAccessorImpl.java:62)
	at sun.reflect.DelegatingMethodAccessorImpl.invoke(DelegatingMethodAccessorImpl.java:43)
	at java.lang.reflect.Method.invoke(Method.java:498)
	at org.junit.runners.model.FrameworkMethod$1.runReflectiveCall(FrameworkMethod.java:47)
	at org.junit.internal.runners.model.ReflectiveCallable.run(ReflectiveCallable.java:12)
	at org.junit.runners.model.FrameworkMethod.invokeExplosively(FrameworkMethod.java:44)
	at org.junit.internal.runners.statements.InvokeMethod.evaluate(InvokeMethod.java:17)
	at org.junit.runners.ParentRunner.runLeaf(ParentRunner.java:271)
	at org.junit.runners.BlockJUnit4ClassRunner.runChild(BlockJUnit4ClassRunner.java:70)
	at org.junit.runners.BlockJUnit4ClassRunner.runChild(BlockJUnit4ClassRunner.java:50)
	at org.junit.runners.ParentRunner$3.run(ParentRunner.java:238)
	at org.junit.runners.ParentRunner$1.schedule(ParentRunner.java:63)
	at org.junit.runners.ParentRunner.runChildren(ParentRunner.java:236)
	at org.junit.runners.ParentRunner.access$000(ParentRunner.java:53)
	at org.junit.runners.ParentRunner$2.evaluate(ParentRunner.java:229)
	at org.junit.runners.ParentRunner.run(ParentRunner.java:309)
	at org.apache.maven.surefire.junit4.JUnit4Provider.execute(JUnit4Provider.java:365)
	at org.apache.maven.surefire.junit4.JUnit4Provider.executeWithRerun(JUnit4Provider.java:273)
	at org.apache.maven.surefire.junit4.JUnit4Provider.executeTestSet(JUnit4Provider.java:238)
	at org.apache.maven.surefire.junit4.JUnit4Provider.invoke(JUnit4Provider.java:159)
	at org.apache.maven.surefire.booter.ForkedBooter.invokeProviderInSameClassLoader(ForkedBooter.java:384)
	at org.apache.maven.surefire.booter.ForkedBooter.runSuitesInProcess(ForkedBooter.java:345)
	at org.apache.maven.surefire.booter.ForkedBooter.execute(ForkedBooter.java:126)
	at org.apache.maven.surefire.booter.ForkedBooter.main(ForkedBooter.java:418)
2019-10-04 16:16:54,485 [grpc-default-executor-7] WARN  server.GrpcLogAppender (LogUtils.java:warn(134)) - ee3d7c54-677e-44eb-93a7-27ec01fb1ff7@group-8CB86F53F7F0->594a935f-a82d-426f-9037-ff57af541463-AppendLogResponseHandler: Failed appendEntries: org.apache.ratis.thirdparty.io.grpc.StatusRuntimeException: UNAVAILABLE: io exception
2019-10-04 16:16:54,485 [grpc-default-executor-7] INFO  impl.FollowerInfo (FollowerInfo.java:lambda$new$0(51)) - ee3d7c54-677e-44eb-93a7-27ec01fb1ff7@group-8CB86F53F7F0->594a935f-a82d-426f-9037-ff57af541463: nextIndex: updateUnconditionally 1 -> 0
]]></system-out>
    <system-err><![CDATA[Oct 04, 2019 4:16:49 PM org.apache.ratis.thirdparty.io.grpc.internal.SerializingExecutor run
SEVERE: Exception while executing runnable org.apache.ratis.thirdparty.io.grpc.internal.ServerImpl$JumpToApplicationThreadServerStreamListener$1Closed@b6b6dd8
org.apache.ratis.thirdparty.io.grpc.StatusRuntimeException: CANCELLED: call already cancelled
	at org.apache.ratis.thirdparty.io.grpc.Status.asRuntimeException(Status.java:517)
	at org.apache.ratis.thirdparty.io.grpc.stub.ServerCalls$ServerCallStreamObserverImpl.onCompleted(ServerCalls.java:356)
	at org.apache.ratis.grpc.server.GrpcServerProtocolService$ServerRequestStreamObserver.onError(GrpcServerProtocolService.java:121)
	at org.apache.ratis.thirdparty.io.grpc.stub.ServerCalls$StreamingServerCallHandler$StreamingServerCallListener.onCancel(ServerCalls.java:269)
	at org.apache.ratis.thirdparty.io.grpc.internal.ServerCallImpl$ServerStreamListenerImpl.closed(ServerCallImpl.java:293)
	at org.apache.ratis.thirdparty.io.grpc.internal.ServerImpl$JumpToApplicationThreadServerStreamListener$1Closed.runInContext(ServerImpl.java:741)
	at org.apache.ratis.thirdparty.io.grpc.internal.ContextRunnable.run(ContextRunnable.java:37)
	at org.apache.ratis.thirdparty.io.grpc.internal.SerializingExecutor.run(SerializingExecutor.java:123)
	at java.util.concurrent.ThreadPoolExecutor.runWorker(ThreadPoolExecutor.java:1149)
	at java.util.concurrent.ThreadPoolExecutor$Worker.run(ThreadPoolExecutor.java:624)
	at java.lang.Thread.run(Thread.java:748)

]]></system-err>
  </testcase>
</testsuite>