<?xml version="1.0" encoding="UTF-8"?>
<testsuite xmlns:xsi="http://www.w3.org/2001/XMLSchema-instance" xsi:noNamespaceSchemaLocation="https://maven.apache.org/surefire/maven-surefire-plugin/xsd/surefire-test-report.xsd" name="org.apache.hadoop.ozone.freon.TestFreonWithPipelineDestroy" time="40.114" tests="1" errors="1" skipped="0" failures="0">
  <properties>
    <property name="awt.toolkit" value="sun.awt.X11.XToolkit"/>
    <property name="file.encoding.pkg" value="sun.io"/>
    <property name="java.specification.version" value="1.8"/>
    <property name="sun.cpu.isalist" value=""/>
    <property name="sun.jnu.encoding" value="ANSI_X3.4-1968"/>
    <property name="java.class.path" value="/workdir/hadoop-ozone/tools/target/test-classes:/workdir/hadoop-ozone/tools/target/classes:/home/user/.m2/repository/org/apache/hadoop/hadoop-ozone-ozone-manager/0.5.0-SNAPSHOT/hadoop-ozone-ozone-manager-0.5.0-SNAPSHOT.jar:/home/user/.m2/repository/org/apache/hadoop/hadoop-hdds-docs/0.5.0-SNAPSHOT/hadoop-hdds-docs-0.5.0-SNAPSHOT.jar:/home/user/.m2/repository/org/bouncycastle/bcprov-jdk15on/1.60/bcprov-jdk15on-1.60.jar:/home/user/.m2/repository/org/apache/hadoop/hadoop-ozone-common/0.5.0-SNAPSHOT/hadoop-ozone-common-0.5.0-SNAPSHOT.jar:/home/user/.m2/repository/org/apache/commons/commons-compress/1.4.1/commons-compress-1.4.1.jar:/home/user/.m2/repository/org/tukaani/xz/1.0/xz-1.0.jar:/home/user/.m2/repository/org/apache/hadoop/hadoop-hdfs-client/3.2.0/hadoop-hdfs-client-3.2.0.jar:/home/user/.m2/repository/com/fasterxml/jackson/core/jackson-annotations/2.9.9/jackson-annotations-2.9.9.jar:/home/user/.m2/repository/org/apache/hadoop/hadoop-hdds-common/0.5.0-SNAPSHOT/hadoop-hdds-common-0.5.0-SNAPSHOT.jar:/home/user/.m2/repository/org/apache/hadoop/hadoop-hdds-config/0.5.0-SNAPSHOT/hadoop-hdds-config-0.5.0-SNAPSHOT.jar:/home/user/.m2/repository/javax/annotation/javax.annotation-api/1.2/javax.annotation-api-1.2.jar:/home/user/.m2/repository/org/apache/ratis/ratis-server/0.5.0-3f446aa-SNAPSHOT/ratis-server-0.5.0-3f446aa-SNAPSHOT.jar:/home/user/.m2/repository/org/apache/ratis/ratis-thirdparty-misc/0.2.0/ratis-thirdparty-misc-0.2.0.jar:/home/user/.m2/repository/org/apache/ratis/ratis-proto/0.5.0-3f446aa-SNAPSHOT/ratis-proto-0.5.0-3f446aa-SNAPSHOT.jar:/home/user/.m2/repository/org/apache/ratis/ratis-common/0.5.0-3f446aa-SNAPSHOT/ratis-common-0.5.0-3f446aa-SNAPSHOT.jar:/home/user/.m2/repository/org/apache/ratis/ratis-client/0.5.0-3f446aa-SNAPSHOT/ratis-client-0.5.0-3f446aa-SNAPSHOT.jar:/home/user/.m2/repository/org/apache/ratis/ratis-metrics/0.5.0-3f446aa-SNAPSHOT/ratis-metrics-0.5.0-3f446aa-SNAPSHOT.jar:/home/user/.m2/repository/com/github/joshelser/dropwizard-metrics-hadoop-metrics2-reporter/0.1.2/dropwizard-metrics-hadoop-metrics2-reporter-0.1.2.jar:/home/user/.m2/repository/io/dropwizard/metrics/metrics-jvm/3.2.5/metrics-jvm-3.2.5.jar:/home/user/.m2/repository/io/dropwizard/metrics/metrics-ganglia/3.2.5/metrics-ganglia-3.2.5.jar:/home/user/.m2/repository/info/ganglia/gmetric4j/gmetric4j/1.0.7/gmetric4j-1.0.7.jar:/home/user/.m2/repository/org/apache/ratis/ratis-netty/0.5.0-3f446aa-SNAPSHOT/ratis-netty-0.5.0-3f446aa-SNAPSHOT.jar:/home/user/.m2/repository/org/apache/ratis/ratis-grpc/0.5.0-3f446aa-SNAPSHOT/ratis-grpc-0.5.0-3f446aa-SNAPSHOT.jar:/home/user/.m2/repository/org/rocksdb/rocksdbjni/6.0.1/rocksdbjni-6.0.1.jar:/home/user/.m2/repository/org/apache/logging/log4j/log4j-api/2.11.0/log4j-api-2.11.0.jar:/home/user/.m2/repository/org/apache/logging/log4j/log4j-core/2.11.0/log4j-core-2.11.0.jar:/home/user/.m2/repository/com/lmax/disruptor/3.4.2/disruptor-3.4.2.jar:/home/user/.m2/repository/org/apache/commons/commons-pool2/2.6.0/commons-pool2-2.6.0.jar:/home/user/.m2/repository/org/bouncycastle/bcpkix-jdk15on/1.60/bcpkix-jdk15on-1.60.jar:/home/user/.m2/repository/commons-validator/commons-validator/1.6/commons-validator-1.6.jar:/home/user/.m2/repository/commons-digester/commons-digester/1.8.1/commons-digester-1.8.1.jar:/home/user/.m2/repository/io/jaegertracing/jaeger-client/0.34.0/jaeger-client-0.34.0.jar:/home/user/.m2/repository/io/jaegertracing/jaeger-thrift/0.34.0/jaeger-thrift-0.34.0.jar:/home/user/.m2/repository/org/apache/thrift/libthrift/0.12.0/libthrift-0.12.0.jar:/home/user/.m2/repository/com/squareup/okhttp3/okhttp/3.9.0/okhttp-3.9.0.jar:/home/user/.m2/repository/com/squareup/okio/okio/1.13.0/okio-1.13.0.jar:/home/user/.m2/repository/io/jaegertracing/jaeger-core/0.34.0/jaeger-core-0.34.0.jar:/home/user/.m2/repository/io/jaegertracing/jaeger-tracerresolver/0.34.0/jaeger-tracerresolver-0.34.0.jar:/home/user/.m2/repository/io/opentracing/contrib/opentracing-tracerresolver/0.1.5/opentracing-tracerresolver-0.1.5.jar:/home/user/.m2/repository/io/opentracing/opentracing-util/0.31.0/opentracing-util-0.31.0.jar:/home/user/.m2/repository/io/opentracing/opentracing-api/0.31.0/opentracing-api-0.31.0.jar:/home/user/.m2/repository/io/opentracing/opentracing-noop/0.31.0/opentracing-noop-0.31.0.jar:/home/user/.m2/repository/org/yaml/snakeyaml/1.16/snakeyaml-1.16.jar:/home/user/.m2/repository/org/apache/hadoop/hadoop-hdds-container-service/0.5.0-SNAPSHOT/hadoop-hdds-container-service-0.5.0-SNAPSHOT.jar:/home/user/.m2/repository/org/apache/hadoop/hadoop-hdds-client/0.5.0-SNAPSHOT/hadoop-hdds-client-0.5.0-SNAPSHOT.jar:/home/user/.m2/repository/org/apache/hadoop/hadoop-hdds-tools/0.5.0-SNAPSHOT/hadoop-hdds-tools-0.5.0-SNAPSHOT.jar:/home/user/.m2/repository/org/xerial/sqlite-jdbc/3.25.2/sqlite-jdbc-3.25.2.jar:/home/user/.m2/repository/org/apache/hadoop/hadoop-hdds-server-scm/0.5.0-SNAPSHOT/hadoop-hdds-server-scm-0.5.0-SNAPSHOT.jar:/home/user/.m2/repository/org/hamcrest/hamcrest-all/1.3/hamcrest-all-1.3.jar:/home/user/.m2/repository/info/picocli/picocli/3.9.6/picocli-3.9.6.jar:/home/user/.m2/repository/com/google/protobuf/protobuf-java/2.5.0/protobuf-java-2.5.0.jar:/home/user/.m2/repository/com/google/guava/guava/11.0.2/guava-11.0.2.jar:/home/user/.m2/repository/org/apache/hadoop/hadoop-ozone-client/0.5.0-SNAPSHOT/hadoop-ozone-client-0.5.0-SNAPSHOT.jar:/workdir/hadoop-ozone/ozonefs/target/classes:/home/user/.m2/repository/org/apache/httpcomponents/httpclient/4.5.2/httpclient-4.5.2.jar:/home/user/.m2/repository/org/apache/httpcomponents/httpcore/4.4.4/httpcore-4.4.4.jar:/home/user/.m2/repository/org/apache/hadoop/hadoop-hdds-server-framework/0.5.0-SNAPSHOT/hadoop-hdds-server-framework-0.5.0-SNAPSHOT.jar:/home/user/.m2/repository/org/apache/hadoop/hadoop-common/3.2.0/hadoop-common-3.2.0.jar:/home/user/.m2/repository/org/apache/hadoop/hadoop-annotations/3.2.0/hadoop-annotations-3.2.0.jar:/usr/lib/jvm/java-1.8.0-openjdk-1.8.0.222.b10-1.el7_7.x86_64/jre/../lib/tools.jar:/home/user/.m2/repository/commons-cli/commons-cli/1.2/commons-cli-1.2.jar:/home/user/.m2/repository/org/apache/commons/commons-math3/3.1.1/commons-math3-3.1.1.jar:/home/user/.m2/repository/commons-codec/commons-codec/1.11/commons-codec-1.11.jar:/home/user/.m2/repository/commons-io/commons-io/2.5/commons-io-2.5.jar:/home/user/.m2/repository/commons-net/commons-net/3.6/commons-net-3.6.jar:/home/user/.m2/repository/commons-collections/commons-collections/3.2.2/commons-collections-3.2.2.jar:/home/user/.m2/repository/javax/servlet/javax.servlet-api/3.1.0/javax.servlet-api-3.1.0.jar:/home/user/.m2/repository/org/eclipse/jetty/jetty-server/9.3.25.v20180904/jetty-server-9.3.25.v20180904.jar:/home/user/.m2/repository/org/eclipse/jetty/jetty-http/9.3.25.v20180904/jetty-http-9.3.25.v20180904.jar:/home/user/.m2/repository/org/eclipse/jetty/jetty-io/9.3.25.v20180904/jetty-io-9.3.25.v20180904.jar:/home/user/.m2/repository/org/eclipse/jetty/jetty-util/9.3.25.v20180904/jetty-util-9.3.25.v20180904.jar:/home/user/.m2/repository/org/eclipse/jetty/jetty-servlet/9.3.25.v20180904/jetty-servlet-9.3.25.v20180904.jar:/home/user/.m2/repository/org/eclipse/jetty/jetty-security/9.3.25.v20180904/jetty-security-9.3.25.v20180904.jar:/home/user/.m2/repository/org/eclipse/jetty/jetty-webapp/9.3.25.v20180904/jetty-webapp-9.3.25.v20180904.jar:/home/user/.m2/repository/org/eclipse/jetty/jetty-xml/9.3.25.v20180904/jetty-xml-9.3.25.v20180904.jar:/home/user/.m2/repository/javax/servlet/jsp/jsp-api/2.1/jsp-api-2.1.jar:/home/user/.m2/repository/com/sun/jersey/jersey-core/1.19/jersey-core-1.19.jar:/home/user/.m2/repository/javax/ws/rs/jsr311-api/1.1.1/jsr311-api-1.1.1.jar:/home/user/.m2/repository/com/sun/jersey/jersey-servlet/1.19/jersey-servlet-1.19.jar:/home/user/.m2/repository/com/sun/jersey/jersey-json/1.19/jersey-json-1.19.jar:/home/user/.m2/repository/org/codehaus/jettison/jettison/1.1/jettison-1.1.jar:/home/user/.m2/repository/com/sun/xml/bind/jaxb-impl/2.3.0.1/jaxb-impl-2.3.0.1.jar:/home/user/.m2/repository/org/codehaus/jackson/jackson-core-asl/1.9.13/jackson-core-asl-1.9.13.jar:/home/user/.m2/repository/org/codehaus/jackson/jackson-mapper-asl/1.9.13/jackson-mapper-asl-1.9.13.jar:/home/user/.m2/repository/org/codehaus/jackson/jackson-jaxrs/1.9.13/jackson-jaxrs-1.9.13.jar:/home/user/.m2/repository/org/codehaus/jackson/jackson-xc/1.9.13/jackson-xc-1.9.13.jar:/home/user/.m2/repository/com/sun/jersey/jersey-server/1.19/jersey-server-1.19.jar:/home/user/.m2/repository/commons-logging/commons-logging/1.1.3/commons-logging-1.1.3.jar:/home/user/.m2/repository/log4j/log4j/1.2.17/log4j-1.2.17.jar:/home/user/.m2/repository/commons-beanutils/commons-beanutils/1.9.4/commons-beanutils-1.9.4.jar:/home/user/.m2/repository/org/apache/commons/commons-configuration2/2.1.1/commons-configuration2-2.1.1.jar:/home/user/.m2/repository/org/apache/commons/commons-lang3/3.7/commons-lang3-3.7.jar:/home/user/.m2/repository/org/apache/commons/commons-text/1.4/commons-text-1.4.jar:/home/user/.m2/repository/org/slf4j/slf4j-api/1.7.25/slf4j-api-1.7.25.jar:/home/user/.m2/repository/org/slf4j/slf4j-log4j12/1.7.25/slf4j-log4j12-1.7.25.jar:/home/user/.m2/repository/org/apache/avro/avro/1.7.7/avro-1.7.7.jar:/home/user/.m2/repository/com/thoughtworks/paranamer/paranamer/2.3/paranamer-2.3.jar:/home/user/.m2/repository/org/xerial/snappy/snappy-java/1.0.5/snappy-java-1.0.5.jar:/home/user/.m2/repository/com/google/re2j/re2j/1.1/re2j-1.1.jar:/home/user/.m2/repository/com/google/code/gson/gson/2.2.4/gson-2.2.4.jar:/home/user/.m2/repository/org/apache/hadoop/hadoop-auth/3.2.0/hadoop-auth-3.2.0.jar:/home/user/.m2/repository/com/nimbusds/nimbus-jose-jwt/4.41.1/nimbus-jose-jwt-4.41.1.jar:/home/user/.m2/repository/com/github/stephenc/jcip/jcip-annotations/1.0-1/jcip-annotations-1.0-1.jar:/home/user/.m2/repository/net/minidev/json-smart/2.3/json-smart-2.3.jar:/home/user/.m2/repository/net/minidev/accessors-smart/1.2/accessors-smart-1.2.jar:/home/user/.m2/repository/org/apache/curator/curator-framework/2.12.0/curator-framework-2.12.0.jar:/home/user/.m2/repository/com/jcraft/jsch/0.1.54/jsch-0.1.54.jar:/home/user/.m2/repository/org/apache/curator/curator-client/2.12.0/curator-client-2.12.0.jar:/home/user/.m2/repository/org/apache/curator/curator-recipes/2.12.0/curator-recipes-2.12.0.jar:/home/user/.m2/repository/com/google/code/findbugs/jsr305/3.0.0/jsr305-3.0.0.jar:/home/user/.m2/repository/org/apache/htrace/htrace-core4/4.1.0-incubating/htrace-core4-4.1.0-incubating.jar:/home/user/.m2/repository/org/apache/zookeeper/zookeeper/3.4.13/zookeeper-3.4.13.jar:/home/user/.m2/repository/jline/jline/0.9.94/jline-0.9.94.jar:/home/user/.m2/repository/org/apache/yetus/audience-annotations/0.5.0/audience-annotations-0.5.0.jar:/home/user/.m2/repository/org/apache/kerby/kerb-simplekdc/1.0.1/kerb-simplekdc-1.0.1.jar:/home/user/.m2/repository/org/apache/kerby/kerb-client/1.0.1/kerb-client-1.0.1.jar:/home/user/.m2/repository/org/apache/kerby/kerby-config/1.0.1/kerby-config-1.0.1.jar:/home/user/.m2/repository/org/apache/kerby/kerb-core/1.0.1/kerb-core-1.0.1.jar:/home/user/.m2/repository/org/apache/kerby/kerby-pkix/1.0.1/kerby-pkix-1.0.1.jar:/home/user/.m2/repository/org/apache/kerby/kerby-asn1/1.0.1/kerby-asn1-1.0.1.jar:/home/user/.m2/repository/org/apache/kerby/kerby-util/1.0.1/kerby-util-1.0.1.jar:/home/user/.m2/repository/org/apache/kerby/kerb-common/1.0.1/kerb-common-1.0.1.jar:/home/user/.m2/repository/org/apache/kerby/kerb-crypto/1.0.1/kerb-crypto-1.0.1.jar:/home/user/.m2/repository/org/apache/kerby/kerb-util/1.0.1/kerb-util-1.0.1.jar:/home/user/.m2/repository/org/apache/kerby/token-provider/1.0.1/token-provider-1.0.1.jar:/home/user/.m2/repository/org/apache/kerby/kerb-admin/1.0.1/kerb-admin-1.0.1.jar:/home/user/.m2/repository/org/apache/kerby/kerb-server/1.0.1/kerb-server-1.0.1.jar:/home/user/.m2/repository/org/apache/kerby/kerb-identity/1.0.1/kerb-identity-1.0.1.jar:/home/user/.m2/repository/org/apache/kerby/kerby-xdr/1.0.1/kerby-xdr-1.0.1.jar:/home/user/.m2/repository/com/fasterxml/jackson/core/jackson-databind/2.9.9/jackson-databind-2.9.9.jar:/home/user/.m2/repository/com/fasterxml/jackson/core/jackson-core/2.9.9/jackson-core-2.9.9.jar:/home/user/.m2/repository/org/codehaus/woodstox/stax2-api/3.1.4/stax2-api-3.1.4.jar:/home/user/.m2/repository/com/fasterxml/woodstox/woodstox-core/5.0.3/woodstox-core-5.0.3.jar:/home/user/.m2/repository/dnsjava/dnsjava/2.1.7/dnsjava-2.1.7.jar:/home/user/.m2/repository/org/apache/hadoop/hadoop-hdfs/3.2.0/hadoop-hdfs-3.2.0.jar:/home/user/.m2/repository/org/eclipse/jetty/jetty-util-ajax/9.3.25.v20180904/jetty-util-ajax-9.3.25.v20180904.jar:/home/user/.m2/repository/commons-daemon/commons-daemon/1.0.13/commons-daemon-1.0.13.jar:/home/user/.m2/repository/io/netty/netty/3.10.5.Final/netty-3.10.5.Final.jar:/home/user/.m2/repository/io/netty/netty-all/4.0.52.Final/netty-all-4.0.52.Final.jar:/home/user/.m2/repository/org/fusesource/leveldbjni/leveldbjni-all/1.8/leveldbjni-all-1.8.jar:/home/user/.m2/repository/com/sun/xml/bind/jaxb-core/2.3.0.1/jaxb-core-2.3.0.1.jar:/home/user/.m2/repository/javax/xml/bind/jaxb-api/2.3.0/jaxb-api-2.3.0.jar:/home/user/.m2/repository/javax/activation/activation/1.1.1/activation-1.1.1.jar:/home/user/.m2/repository/org/openjdk/jmh/jmh-core/1.19/jmh-core-1.19.jar:/home/user/.m2/repository/net/sf/jopt-simple/jopt-simple/4.6/jopt-simple-4.6.jar:/home/user/.m2/repository/org/openjdk/jmh/jmh-generator-annprocess/1.19/jmh-generator-annprocess-1.19.jar:/home/user/.m2/repository/io/dropwizard/metrics/metrics-core/3.2.4/metrics-core-3.2.4.jar:/home/user/.m2/repository/com/amazonaws/aws-java-sdk-s3/1.11.615/aws-java-sdk-s3-1.11.615.jar:/home/user/.m2/repository/com/amazonaws/aws-java-sdk-kms/1.11.615/aws-java-sdk-kms-1.11.615.jar:/home/user/.m2/repository/com/amazonaws/aws-java-sdk-core/1.11.615/aws-java-sdk-core-1.11.615.jar:/home/user/.m2/repository/software/amazon/ion/ion-java/1.0.2/ion-java-1.0.2.jar:/home/user/.m2/repository/com/fasterxml/jackson/dataformat/jackson-dataformat-cbor/2.9.9/jackson-dataformat-cbor-2.9.9.jar:/home/user/.m2/repository/joda-time/joda-time/2.9.9/joda-time-2.9.9.jar:/home/user/.m2/repository/com/amazonaws/jmespath-java/1.11.615/jmespath-java-1.11.615.jar:/home/user/.m2/repository/com/github/spotbugs/spotbugs/3.1.12/spotbugs-3.1.12.jar:/home/user/.m2/repository/org/ow2/asm/asm/5.0.4/asm-5.0.4.jar:/home/user/.m2/repository/org/ow2/asm/asm-analysis/7.0/asm-analysis-7.0.jar:/home/user/.m2/repository/org/ow2/asm/asm-commons/7.0/asm-commons-7.0.jar:/home/user/.m2/repository/org/ow2/asm/asm-tree/7.0/asm-tree-7.0.jar:/home/user/.m2/repository/org/ow2/asm/asm-util/7.0/asm-util-7.0.jar:/home/user/.m2/repository/org/apache/bcel/bcel/6.3/bcel-6.3.jar:/home/user/.m2/repository/net/jcip/jcip-annotations/1.0/jcip-annotations-1.0.jar:/home/user/.m2/repository/org/dom4j/dom4j/2.1.1/dom4j-2.1.1.jar:/home/user/.m2/repository/jaxen/jaxen/1.1.6/jaxen-1.1.6.jar:/home/user/.m2/repository/commons-lang/commons-lang/2.6/commons-lang-2.6.jar:/home/user/.m2/repository/com/github/spotbugs/spotbugs-annotations/3.1.12/spotbugs-annotations-3.1.12.jar:/home/user/.m2/repository/junit/junit/4.11/junit-4.11.jar:/home/user/.m2/repository/org/hamcrest/hamcrest-core/1.3/hamcrest-core-1.3.jar:/home/user/.m2/repository/org/apache/hadoop/hadoop-common/3.2.0/hadoop-common-3.2.0-tests.jar:/workdir/hadoop-ozone/integration-test/target/test-classes:/home/user/.m2/repository/org/apache/hadoop/hadoop-ozone-s3gateway/0.5.0-SNAPSHOT/hadoop-ozone-s3gateway-0.5.0-SNAPSHOT.jar:/home/user/.m2/repository/org/jboss/weld/servlet/weld-servlet/2.4.7.Final/weld-servlet-2.4.7.Final.jar:/home/user/.m2/repository/org/glassfish/jersey/containers/jersey-container-servlet-core/2.27/jersey-container-servlet-core-2.27.jar:/home/user/.m2/repository/org/glassfish/hk2/external/javax.inject/2.5.0-b42/javax.inject-2.5.0-b42.jar:/home/user/.m2/repository/org/glassfish/jersey/core/jersey-common/2.27/jersey-common-2.27.jar:/home/user/.m2/repository/org/glassfish/hk2/osgi-resource-locator/1.0.1/osgi-resource-locator-1.0.1.jar:/home/user/.m2/repository/javax/ws/rs/javax.ws.rs-api/2.1/javax.ws.rs-api-2.1.jar:/home/user/.m2/repository/org/glassfish/jersey/ext/cdi/jersey-cdi1x/2.27/jersey-cdi1x-2.27.jar:/home/user/.m2/repository/org/glassfish/jersey/inject/jersey-hk2/2.27/jersey-hk2-2.27.jar:/home/user/.m2/repository/org/glassfish/hk2/hk2-locator/2.5.0-b42/hk2-locator-2.5.0-b42.jar:/home/user/.m2/repository/org/javassist/javassist/3.22.0-CR2/javassist-3.22.0-CR2.jar:/home/user/.m2/repository/org/glassfish/hk2/hk2-api/2.5.0/hk2-api-2.5.0.jar:/home/user/.m2/repository/org/glassfish/hk2/external/jakarta.inject/2.5.0/jakarta.inject-2.5.0.jar:/home/user/.m2/repository/org/glassfish/hk2/hk2-utils/2.5.0/hk2-utils-2.5.0.jar:/home/user/.m2/repository/jakarta/annotation/jakarta.annotation-api/1.3.4/jakarta.annotation-api-1.3.4.jar:/home/user/.m2/repository/org/glassfish/hk2/external/aopalliance-repackaged/2.5.0/aopalliance-repackaged-2.5.0.jar:/home/user/.m2/repository/com/fasterxml/jackson/dataformat/jackson-dataformat-xml/2.9.0/jackson-dataformat-xml-2.9.0.jar:/home/user/.m2/repository/com/fasterxml/jackson/module/jackson-module-jaxb-annotations/2.9.9/jackson-module-jaxb-annotations-2.9.9.jar:/home/user/.m2/repository/javax/enterprise/cdi-api/1.2/cdi-api-1.2.jar:/home/user/.m2/repository/javax/el/javax.el-api/3.0.0/javax.el-api-3.0.0.jar:/home/user/.m2/repository/javax/interceptor/javax.interceptor-api/1.2/javax.interceptor-api-1.2.jar:/home/user/.m2/repository/javax/inject/javax.inject/1/javax.inject-1.jar:/home/user/.m2/repository/org/apache/hadoop/hadoop-ozone-csi/0.5.0-SNAPSHOT/hadoop-ozone-csi-0.5.0-SNAPSHOT.jar:/home/user/.m2/repository/com/google/protobuf/protobuf-java-util/3.5.1/protobuf-java-util-3.5.1.jar:/home/user/.m2/repository/io/grpc/grpc-netty/1.17.1/grpc-netty-1.17.1.jar:/home/user/.m2/repository/io/grpc/grpc-core/1.17.1/grpc-core-1.17.1.jar:/home/user/.m2/repository/io/grpc/grpc-context/1.17.1/grpc-context-1.17.1.jar:/home/user/.m2/repository/com/google/errorprone/error_prone_annotations/2.2.0/error_prone_annotations-2.2.0.jar:/home/user/.m2/repository/org/codehaus/mojo/animal-sniffer-annotations/1.17/animal-sniffer-annotations-1.17.jar:/home/user/.m2/repository/io/opencensus/opencensus-api/0.17.0/opencensus-api-0.17.0.jar:/home/user/.m2/repository/io/opencensus/opencensus-contrib-grpc-metrics/0.17.0/opencensus-contrib-grpc-metrics-0.17.0.jar:/home/user/.m2/repository/io/netty/netty-codec-http2/4.1.30.Final/netty-codec-http2-4.1.30.Final.jar:/home/user/.m2/repository/io/netty/netty-codec-http/4.1.30.Final/netty-codec-http-4.1.30.Final.jar:/home/user/.m2/repository/io/netty/netty-codec/4.1.30.Final/netty-codec-4.1.30.Final.jar:/home/user/.m2/repository/io/netty/netty-handler/4.1.30.Final/netty-handler-4.1.30.Final.jar:/home/user/.m2/repository/io/netty/netty-handler-proxy/4.1.30.Final/netty-handler-proxy-4.1.30.Final.jar:/home/user/.m2/repository/io/netty/netty-codec-socks/4.1.30.Final/netty-codec-socks-4.1.30.Final.jar:/home/user/.m2/repository/io/netty/netty-transport-native-epoll/4.1.30.Final/netty-transport-native-epoll-4.1.30.Final.jar:/home/user/.m2/repository/io/netty/netty-common/4.1.30.Final/netty-common-4.1.30.Final.jar:/home/user/.m2/repository/io/netty/netty-buffer/4.1.30.Final/netty-buffer-4.1.30.Final.jar:/home/user/.m2/repository/io/netty/netty-transport/4.1.30.Final/netty-transport-4.1.30.Final.jar:/home/user/.m2/repository/io/netty/netty-resolver/4.1.30.Final/netty-resolver-4.1.30.Final.jar:/home/user/.m2/repository/io/netty/netty-transport-native-unix-common/4.1.30.Final/netty-transport-native-unix-common-4.1.30.Final.jar:/home/user/.m2/repository/io/grpc/grpc-protobuf/1.17.1/grpc-protobuf-1.17.1.jar:/home/user/.m2/repository/com/google/api/grpc/proto-google-common-protos/1.0.0/proto-google-common-protos-1.0.0.jar:/home/user/.m2/repository/io/grpc/grpc-protobuf-lite/1.17.1/grpc-protobuf-lite-1.17.1.jar:/home/user/.m2/repository/io/grpc/grpc-stub/1.17.1/grpc-stub-1.17.1.jar:/home/user/.m2/repository/org/apache/hadoop/hadoop-ozone-recon/0.5.0-SNAPSHOT/hadoop-ozone-recon-0.5.0-SNAPSHOT.jar:/home/user/.m2/repository/org/apache/hadoop/hadoop-ozone-reconcodegen/0.5.0-SNAPSHOT/hadoop-ozone-reconcodegen-0.5.0-SNAPSHOT.jar:/home/user/.m2/repository/com/google/inject/extensions/guice-multibindings/4.0/guice-multibindings-4.0.jar:/home/user/.m2/repository/com/google/inject/guice/4.0/guice-4.0.jar:/home/user/.m2/repository/aopalliance/aopalliance/1.0/aopalliance-1.0.jar:/home/user/.m2/repository/com/google/inject/extensions/guice-servlet/4.0/guice-servlet-4.0.jar:/home/user/.m2/repository/org/glassfish/jersey/containers/jersey-container-servlet/2.27/jersey-container-servlet-2.27.jar:/home/user/.m2/repository/org/glassfish/hk2/guice-bridge/2.5.0/guice-bridge-2.5.0.jar:/home/user/.m2/repository/org/glassfish/jersey/core/jersey-server/2.27/jersey-server-2.27.jar:/home/user/.m2/repository/org/glassfish/jersey/core/jersey-client/2.27/jersey-client-2.27.jar:/home/user/.m2/repository/org/glassfish/jersey/media/jersey-media-jaxb/2.27/jersey-media-jaxb-2.27.jar:/home/user/.m2/repository/javax/validation/validation-api/1.1.0.Final/validation-api-1.1.0.Final.jar:/home/user/.m2/repository/org/glassfish/jersey/media/jersey-media-json-jackson/2.27/jersey-media-json-jackson-2.27.jar:/home/user/.m2/repository/org/glassfish/jersey/ext/jersey-entity-filtering/2.27/jersey-entity-filtering-2.27.jar:/home/user/.m2/repository/com/google/inject/extensions/guice-assistedinject/4.0/guice-assistedinject-4.0.jar:/home/user/.m2/repository/org/jooq/jooq/3.11.10/jooq-3.11.10.jar:/home/user/.m2/repository/org/jooq/jooq-meta/3.11.10/jooq-meta-3.11.10.jar:/home/user/.m2/repository/org/jooq/jooq-codegen/3.11.10/jooq-codegen-3.11.10.jar:/home/user/.m2/repository/com/jolbox/bonecp/0.8.0.RELEASE/bonecp-0.8.0.RELEASE.jar:/home/user/.m2/repository/org/springframework/spring-jdbc/5.1.3.RELEASE/spring-jdbc-5.1.3.RELEASE.jar:/home/user/.m2/repository/org/springframework/spring-beans/5.1.3.RELEASE/spring-beans-5.1.3.RELEASE.jar:/home/user/.m2/repository/org/springframework/spring-core/5.1.3.RELEASE/spring-core-5.1.3.RELEASE.jar:/home/user/.m2/repository/org/springframework/spring-jcl/5.1.3.RELEASE/spring-jcl-5.1.3.RELEASE.jar:/home/user/.m2/repository/org/springframework/spring-tx/5.1.3.RELEASE/spring-tx-5.1.3.RELEASE.jar:/home/user/.m2/repository/org/mockito/mockito-core/2.15.0/mockito-core-2.15.0.jar:/home/user/.m2/repository/net/bytebuddy/byte-buddy/1.7.9/byte-buddy-1.7.9.jar:/home/user/.m2/repository/net/bytebuddy/byte-buddy-agent/1.7.9/byte-buddy-agent-1.7.9.jar:/home/user/.m2/repository/org/objenesis/objenesis/1.0/objenesis-1.0.jar:"/>
    <property name="java.vm.vendor" value="Oracle Corporation"/>
    <property name="sun.arch.data.model" value="64"/>
    <property name="test.build.dir" value="/workdir/hadoop-ozone/tools/target/test-dir"/>
    <property name="test.cache.data" value=""/>
    <property name="java.vendor.url" value="http://java.oracle.com/"/>
    <property name="user.timezone" value=""/>
    <property name="java.vm.specification.version" value="1.8"/>
    <property name="os.name" value="Linux"/>
    <property name="test.build.data" value="/workdir/hadoop-ozone/tools/target/test-dir"/>
    <property name="user.country" value="US"/>
    <property name="sun.java.launcher" value="SUN_STANDARD"/>
    <property name="sun.boot.library.path" value="/usr/lib/jvm/java-1.8.0-openjdk-1.8.0.222.b10-1.el7_7.x86_64/jre/lib/amd64"/>
    <property name="sun.java.command" value="/workdir/hadoop-ozone/tools/target/surefire/surefirebooter4960239659602201468.jar /workdir/hadoop-ozone/tools/target/surefire 2019-10-22T01-46-27_168-jvmRun1 surefire9210703168765335034tmp surefire_1019157326088204589730tmp"/>
    <property name="surefire.test.class.path" value="/workdir/hadoop-ozone/tools/target/test-classes:/workdir/hadoop-ozone/tools/target/classes:/home/user/.m2/repository/org/apache/hadoop/hadoop-ozone-ozone-manager/0.5.0-SNAPSHOT/hadoop-ozone-ozone-manager-0.5.0-SNAPSHOT.jar:/home/user/.m2/repository/org/apache/hadoop/hadoop-hdds-docs/0.5.0-SNAPSHOT/hadoop-hdds-docs-0.5.0-SNAPSHOT.jar:/home/user/.m2/repository/org/bouncycastle/bcprov-jdk15on/1.60/bcprov-jdk15on-1.60.jar:/home/user/.m2/repository/org/apache/hadoop/hadoop-ozone-common/0.5.0-SNAPSHOT/hadoop-ozone-common-0.5.0-SNAPSHOT.jar:/home/user/.m2/repository/org/apache/commons/commons-compress/1.4.1/commons-compress-1.4.1.jar:/home/user/.m2/repository/org/tukaani/xz/1.0/xz-1.0.jar:/home/user/.m2/repository/org/apache/hadoop/hadoop-hdfs-client/3.2.0/hadoop-hdfs-client-3.2.0.jar:/home/user/.m2/repository/com/fasterxml/jackson/core/jackson-annotations/2.9.9/jackson-annotations-2.9.9.jar:/home/user/.m2/repository/org/apache/hadoop/hadoop-hdds-common/0.5.0-SNAPSHOT/hadoop-hdds-common-0.5.0-SNAPSHOT.jar:/home/user/.m2/repository/org/apache/hadoop/hadoop-hdds-config/0.5.0-SNAPSHOT/hadoop-hdds-config-0.5.0-SNAPSHOT.jar:/home/user/.m2/repository/javax/annotation/javax.annotation-api/1.2/javax.annotation-api-1.2.jar:/home/user/.m2/repository/org/apache/ratis/ratis-server/0.5.0-3f446aa-SNAPSHOT/ratis-server-0.5.0-3f446aa-SNAPSHOT.jar:/home/user/.m2/repository/org/apache/ratis/ratis-thirdparty-misc/0.2.0/ratis-thirdparty-misc-0.2.0.jar:/home/user/.m2/repository/org/apache/ratis/ratis-proto/0.5.0-3f446aa-SNAPSHOT/ratis-proto-0.5.0-3f446aa-SNAPSHOT.jar:/home/user/.m2/repository/org/apache/ratis/ratis-common/0.5.0-3f446aa-SNAPSHOT/ratis-common-0.5.0-3f446aa-SNAPSHOT.jar:/home/user/.m2/repository/org/apache/ratis/ratis-client/0.5.0-3f446aa-SNAPSHOT/ratis-client-0.5.0-3f446aa-SNAPSHOT.jar:/home/user/.m2/repository/org/apache/ratis/ratis-metrics/0.5.0-3f446aa-SNAPSHOT/ratis-metrics-0.5.0-3f446aa-SNAPSHOT.jar:/home/user/.m2/repository/com/github/joshelser/dropwizard-metrics-hadoop-metrics2-reporter/0.1.2/dropwizard-metrics-hadoop-metrics2-reporter-0.1.2.jar:/home/user/.m2/repository/io/dropwizard/metrics/metrics-jvm/3.2.5/metrics-jvm-3.2.5.jar:/home/user/.m2/repository/io/dropwizard/metrics/metrics-ganglia/3.2.5/metrics-ganglia-3.2.5.jar:/home/user/.m2/repository/info/ganglia/gmetric4j/gmetric4j/1.0.7/gmetric4j-1.0.7.jar:/home/user/.m2/repository/org/apache/ratis/ratis-netty/0.5.0-3f446aa-SNAPSHOT/ratis-netty-0.5.0-3f446aa-SNAPSHOT.jar:/home/user/.m2/repository/org/apache/ratis/ratis-grpc/0.5.0-3f446aa-SNAPSHOT/ratis-grpc-0.5.0-3f446aa-SNAPSHOT.jar:/home/user/.m2/repository/org/rocksdb/rocksdbjni/6.0.1/rocksdbjni-6.0.1.jar:/home/user/.m2/repository/org/apache/logging/log4j/log4j-api/2.11.0/log4j-api-2.11.0.jar:/home/user/.m2/repository/org/apache/logging/log4j/log4j-core/2.11.0/log4j-core-2.11.0.jar:/home/user/.m2/repository/com/lmax/disruptor/3.4.2/disruptor-3.4.2.jar:/home/user/.m2/repository/org/apache/commons/commons-pool2/2.6.0/commons-pool2-2.6.0.jar:/home/user/.m2/repository/org/bouncycastle/bcpkix-jdk15on/1.60/bcpkix-jdk15on-1.60.jar:/home/user/.m2/repository/commons-validator/commons-validator/1.6/commons-validator-1.6.jar:/home/user/.m2/repository/commons-digester/commons-digester/1.8.1/commons-digester-1.8.1.jar:/home/user/.m2/repository/io/jaegertracing/jaeger-client/0.34.0/jaeger-client-0.34.0.jar:/home/user/.m2/repository/io/jaegertracing/jaeger-thrift/0.34.0/jaeger-thrift-0.34.0.jar:/home/user/.m2/repository/org/apache/thrift/libthrift/0.12.0/libthrift-0.12.0.jar:/home/user/.m2/repository/com/squareup/okhttp3/okhttp/3.9.0/okhttp-3.9.0.jar:/home/user/.m2/repository/com/squareup/okio/okio/1.13.0/okio-1.13.0.jar:/home/user/.m2/repository/io/jaegertracing/jaeger-core/0.34.0/jaeger-core-0.34.0.jar:/home/user/.m2/repository/io/jaegertracing/jaeger-tracerresolver/0.34.0/jaeger-tracerresolver-0.34.0.jar:/home/user/.m2/repository/io/opentracing/contrib/opentracing-tracerresolver/0.1.5/opentracing-tracerresolver-0.1.5.jar:/home/user/.m2/repository/io/opentracing/opentracing-util/0.31.0/opentracing-util-0.31.0.jar:/home/user/.m2/repository/io/opentracing/opentracing-api/0.31.0/opentracing-api-0.31.0.jar:/home/user/.m2/repository/io/opentracing/opentracing-noop/0.31.0/opentracing-noop-0.31.0.jar:/home/user/.m2/repository/org/yaml/snakeyaml/1.16/snakeyaml-1.16.jar:/home/user/.m2/repository/org/apache/hadoop/hadoop-hdds-container-service/0.5.0-SNAPSHOT/hadoop-hdds-container-service-0.5.0-SNAPSHOT.jar:/home/user/.m2/repository/org/apache/hadoop/hadoop-hdds-client/0.5.0-SNAPSHOT/hadoop-hdds-client-0.5.0-SNAPSHOT.jar:/home/user/.m2/repository/org/apache/hadoop/hadoop-hdds-tools/0.5.0-SNAPSHOT/hadoop-hdds-tools-0.5.0-SNAPSHOT.jar:/home/user/.m2/repository/org/xerial/sqlite-jdbc/3.25.2/sqlite-jdbc-3.25.2.jar:/home/user/.m2/repository/org/apache/hadoop/hadoop-hdds-server-scm/0.5.0-SNAPSHOT/hadoop-hdds-server-scm-0.5.0-SNAPSHOT.jar:/home/user/.m2/repository/org/hamcrest/hamcrest-all/1.3/hamcrest-all-1.3.jar:/home/user/.m2/repository/info/picocli/picocli/3.9.6/picocli-3.9.6.jar:/home/user/.m2/repository/com/google/protobuf/protobuf-java/2.5.0/protobuf-java-2.5.0.jar:/home/user/.m2/repository/com/google/guava/guava/11.0.2/guava-11.0.2.jar:/home/user/.m2/repository/org/apache/hadoop/hadoop-ozone-client/0.5.0-SNAPSHOT/hadoop-ozone-client-0.5.0-SNAPSHOT.jar:/workdir/hadoop-ozone/ozonefs/target/classes:/home/user/.m2/repository/org/apache/httpcomponents/httpclient/4.5.2/httpclient-4.5.2.jar:/home/user/.m2/repository/org/apache/httpcomponents/httpcore/4.4.4/httpcore-4.4.4.jar:/home/user/.m2/repository/org/apache/hadoop/hadoop-hdds-server-framework/0.5.0-SNAPSHOT/hadoop-hdds-server-framework-0.5.0-SNAPSHOT.jar:/home/user/.m2/repository/org/apache/hadoop/hadoop-common/3.2.0/hadoop-common-3.2.0.jar:/home/user/.m2/repository/org/apache/hadoop/hadoop-annotations/3.2.0/hadoop-annotations-3.2.0.jar:/usr/lib/jvm/java-1.8.0-openjdk-1.8.0.222.b10-1.el7_7.x86_64/jre/../lib/tools.jar:/home/user/.m2/repository/commons-cli/commons-cli/1.2/commons-cli-1.2.jar:/home/user/.m2/repository/org/apache/commons/commons-math3/3.1.1/commons-math3-3.1.1.jar:/home/user/.m2/repository/commons-codec/commons-codec/1.11/commons-codec-1.11.jar:/home/user/.m2/repository/commons-io/commons-io/2.5/commons-io-2.5.jar:/home/user/.m2/repository/commons-net/commons-net/3.6/commons-net-3.6.jar:/home/user/.m2/repository/commons-collections/commons-collections/3.2.2/commons-collections-3.2.2.jar:/home/user/.m2/repository/javax/servlet/javax.servlet-api/3.1.0/javax.servlet-api-3.1.0.jar:/home/user/.m2/repository/org/eclipse/jetty/jetty-server/9.3.25.v20180904/jetty-server-9.3.25.v20180904.jar:/home/user/.m2/repository/org/eclipse/jetty/jetty-http/9.3.25.v20180904/jetty-http-9.3.25.v20180904.jar:/home/user/.m2/repository/org/eclipse/jetty/jetty-io/9.3.25.v20180904/jetty-io-9.3.25.v20180904.jar:/home/user/.m2/repository/org/eclipse/jetty/jetty-util/9.3.25.v20180904/jetty-util-9.3.25.v20180904.jar:/home/user/.m2/repository/org/eclipse/jetty/jetty-servlet/9.3.25.v20180904/jetty-servlet-9.3.25.v20180904.jar:/home/user/.m2/repository/org/eclipse/jetty/jetty-security/9.3.25.v20180904/jetty-security-9.3.25.v20180904.jar:/home/user/.m2/repository/org/eclipse/jetty/jetty-webapp/9.3.25.v20180904/jetty-webapp-9.3.25.v20180904.jar:/home/user/.m2/repository/org/eclipse/jetty/jetty-xml/9.3.25.v20180904/jetty-xml-9.3.25.v20180904.jar:/home/user/.m2/repository/javax/servlet/jsp/jsp-api/2.1/jsp-api-2.1.jar:/home/user/.m2/repository/com/sun/jersey/jersey-core/1.19/jersey-core-1.19.jar:/home/user/.m2/repository/javax/ws/rs/jsr311-api/1.1.1/jsr311-api-1.1.1.jar:/home/user/.m2/repository/com/sun/jersey/jersey-servlet/1.19/jersey-servlet-1.19.jar:/home/user/.m2/repository/com/sun/jersey/jersey-json/1.19/jersey-json-1.19.jar:/home/user/.m2/repository/org/codehaus/jettison/jettison/1.1/jettison-1.1.jar:/home/user/.m2/repository/com/sun/xml/bind/jaxb-impl/2.3.0.1/jaxb-impl-2.3.0.1.jar:/home/user/.m2/repository/org/codehaus/jackson/jackson-core-asl/1.9.13/jackson-core-asl-1.9.13.jar:/home/user/.m2/repository/org/codehaus/jackson/jackson-mapper-asl/1.9.13/jackson-mapper-asl-1.9.13.jar:/home/user/.m2/repository/org/codehaus/jackson/jackson-jaxrs/1.9.13/jackson-jaxrs-1.9.13.jar:/home/user/.m2/repository/org/codehaus/jackson/jackson-xc/1.9.13/jackson-xc-1.9.13.jar:/home/user/.m2/repository/com/sun/jersey/jersey-server/1.19/jersey-server-1.19.jar:/home/user/.m2/repository/commons-logging/commons-logging/1.1.3/commons-logging-1.1.3.jar:/home/user/.m2/repository/log4j/log4j/1.2.17/log4j-1.2.17.jar:/home/user/.m2/repository/commons-beanutils/commons-beanutils/1.9.4/commons-beanutils-1.9.4.jar:/home/user/.m2/repository/org/apache/commons/commons-configuration2/2.1.1/commons-configuration2-2.1.1.jar:/home/user/.m2/repository/org/apache/commons/commons-lang3/3.7/commons-lang3-3.7.jar:/home/user/.m2/repository/org/apache/commons/commons-text/1.4/commons-text-1.4.jar:/home/user/.m2/repository/org/slf4j/slf4j-api/1.7.25/slf4j-api-1.7.25.jar:/home/user/.m2/repository/org/slf4j/slf4j-log4j12/1.7.25/slf4j-log4j12-1.7.25.jar:/home/user/.m2/repository/org/apache/avro/avro/1.7.7/avro-1.7.7.jar:/home/user/.m2/repository/com/thoughtworks/paranamer/paranamer/2.3/paranamer-2.3.jar:/home/user/.m2/repository/org/xerial/snappy/snappy-java/1.0.5/snappy-java-1.0.5.jar:/home/user/.m2/repository/com/google/re2j/re2j/1.1/re2j-1.1.jar:/home/user/.m2/repository/com/google/code/gson/gson/2.2.4/gson-2.2.4.jar:/home/user/.m2/repository/org/apache/hadoop/hadoop-auth/3.2.0/hadoop-auth-3.2.0.jar:/home/user/.m2/repository/com/nimbusds/nimbus-jose-jwt/4.41.1/nimbus-jose-jwt-4.41.1.jar:/home/user/.m2/repository/com/github/stephenc/jcip/jcip-annotations/1.0-1/jcip-annotations-1.0-1.jar:/home/user/.m2/repository/net/minidev/json-smart/2.3/json-smart-2.3.jar:/home/user/.m2/repository/net/minidev/accessors-smart/1.2/accessors-smart-1.2.jar:/home/user/.m2/repository/org/apache/curator/curator-framework/2.12.0/curator-framework-2.12.0.jar:/home/user/.m2/repository/com/jcraft/jsch/0.1.54/jsch-0.1.54.jar:/home/user/.m2/repository/org/apache/curator/curator-client/2.12.0/curator-client-2.12.0.jar:/home/user/.m2/repository/org/apache/curator/curator-recipes/2.12.0/curator-recipes-2.12.0.jar:/home/user/.m2/repository/com/google/code/findbugs/jsr305/3.0.0/jsr305-3.0.0.jar:/home/user/.m2/repository/org/apache/htrace/htrace-core4/4.1.0-incubating/htrace-core4-4.1.0-incubating.jar:/home/user/.m2/repository/org/apache/zookeeper/zookeeper/3.4.13/zookeeper-3.4.13.jar:/home/user/.m2/repository/jline/jline/0.9.94/jline-0.9.94.jar:/home/user/.m2/repository/org/apache/yetus/audience-annotations/0.5.0/audience-annotations-0.5.0.jar:/home/user/.m2/repository/org/apache/kerby/kerb-simplekdc/1.0.1/kerb-simplekdc-1.0.1.jar:/home/user/.m2/repository/org/apache/kerby/kerb-client/1.0.1/kerb-client-1.0.1.jar:/home/user/.m2/repository/org/apache/kerby/kerby-config/1.0.1/kerby-config-1.0.1.jar:/home/user/.m2/repository/org/apache/kerby/kerb-core/1.0.1/kerb-core-1.0.1.jar:/home/user/.m2/repository/org/apache/kerby/kerby-pkix/1.0.1/kerby-pkix-1.0.1.jar:/home/user/.m2/repository/org/apache/kerby/kerby-asn1/1.0.1/kerby-asn1-1.0.1.jar:/home/user/.m2/repository/org/apache/kerby/kerby-util/1.0.1/kerby-util-1.0.1.jar:/home/user/.m2/repository/org/apache/kerby/kerb-common/1.0.1/kerb-common-1.0.1.jar:/home/user/.m2/repository/org/apache/kerby/kerb-crypto/1.0.1/kerb-crypto-1.0.1.jar:/home/user/.m2/repository/org/apache/kerby/kerb-util/1.0.1/kerb-util-1.0.1.jar:/home/user/.m2/repository/org/apache/kerby/token-provider/1.0.1/token-provider-1.0.1.jar:/home/user/.m2/repository/org/apache/kerby/kerb-admin/1.0.1/kerb-admin-1.0.1.jar:/home/user/.m2/repository/org/apache/kerby/kerb-server/1.0.1/kerb-server-1.0.1.jar:/home/user/.m2/repository/org/apache/kerby/kerb-identity/1.0.1/kerb-identity-1.0.1.jar:/home/user/.m2/repository/org/apache/kerby/kerby-xdr/1.0.1/kerby-xdr-1.0.1.jar:/home/user/.m2/repository/com/fasterxml/jackson/core/jackson-databind/2.9.9/jackson-databind-2.9.9.jar:/home/user/.m2/repository/com/fasterxml/jackson/core/jackson-core/2.9.9/jackson-core-2.9.9.jar:/home/user/.m2/repository/org/codehaus/woodstox/stax2-api/3.1.4/stax2-api-3.1.4.jar:/home/user/.m2/repository/com/fasterxml/woodstox/woodstox-core/5.0.3/woodstox-core-5.0.3.jar:/home/user/.m2/repository/dnsjava/dnsjava/2.1.7/dnsjava-2.1.7.jar:/home/user/.m2/repository/org/apache/hadoop/hadoop-hdfs/3.2.0/hadoop-hdfs-3.2.0.jar:/home/user/.m2/repository/org/eclipse/jetty/jetty-util-ajax/9.3.25.v20180904/jetty-util-ajax-9.3.25.v20180904.jar:/home/user/.m2/repository/commons-daemon/commons-daemon/1.0.13/commons-daemon-1.0.13.jar:/home/user/.m2/repository/io/netty/netty/3.10.5.Final/netty-3.10.5.Final.jar:/home/user/.m2/repository/io/netty/netty-all/4.0.52.Final/netty-all-4.0.52.Final.jar:/home/user/.m2/repository/org/fusesource/leveldbjni/leveldbjni-all/1.8/leveldbjni-all-1.8.jar:/home/user/.m2/repository/com/sun/xml/bind/jaxb-core/2.3.0.1/jaxb-core-2.3.0.1.jar:/home/user/.m2/repository/javax/xml/bind/jaxb-api/2.3.0/jaxb-api-2.3.0.jar:/home/user/.m2/repository/javax/activation/activation/1.1.1/activation-1.1.1.jar:/home/user/.m2/repository/org/openjdk/jmh/jmh-core/1.19/jmh-core-1.19.jar:/home/user/.m2/repository/net/sf/jopt-simple/jopt-simple/4.6/jopt-simple-4.6.jar:/home/user/.m2/repository/org/openjdk/jmh/jmh-generator-annprocess/1.19/jmh-generator-annprocess-1.19.jar:/home/user/.m2/repository/io/dropwizard/metrics/metrics-core/3.2.4/metrics-core-3.2.4.jar:/home/user/.m2/repository/com/amazonaws/aws-java-sdk-s3/1.11.615/aws-java-sdk-s3-1.11.615.jar:/home/user/.m2/repository/com/amazonaws/aws-java-sdk-kms/1.11.615/aws-java-sdk-kms-1.11.615.jar:/home/user/.m2/repository/com/amazonaws/aws-java-sdk-core/1.11.615/aws-java-sdk-core-1.11.615.jar:/home/user/.m2/repository/software/amazon/ion/ion-java/1.0.2/ion-java-1.0.2.jar:/home/user/.m2/repository/com/fasterxml/jackson/dataformat/jackson-dataformat-cbor/2.9.9/jackson-dataformat-cbor-2.9.9.jar:/home/user/.m2/repository/joda-time/joda-time/2.9.9/joda-time-2.9.9.jar:/home/user/.m2/repository/com/amazonaws/jmespath-java/1.11.615/jmespath-java-1.11.615.jar:/home/user/.m2/repository/com/github/spotbugs/spotbugs/3.1.12/spotbugs-3.1.12.jar:/home/user/.m2/repository/org/ow2/asm/asm/5.0.4/asm-5.0.4.jar:/home/user/.m2/repository/org/ow2/asm/asm-analysis/7.0/asm-analysis-7.0.jar:/home/user/.m2/repository/org/ow2/asm/asm-commons/7.0/asm-commons-7.0.jar:/home/user/.m2/repository/org/ow2/asm/asm-tree/7.0/asm-tree-7.0.jar:/home/user/.m2/repository/org/ow2/asm/asm-util/7.0/asm-util-7.0.jar:/home/user/.m2/repository/org/apache/bcel/bcel/6.3/bcel-6.3.jar:/home/user/.m2/repository/net/jcip/jcip-annotations/1.0/jcip-annotations-1.0.jar:/home/user/.m2/repository/org/dom4j/dom4j/2.1.1/dom4j-2.1.1.jar:/home/user/.m2/repository/jaxen/jaxen/1.1.6/jaxen-1.1.6.jar:/home/user/.m2/repository/commons-lang/commons-lang/2.6/commons-lang-2.6.jar:/home/user/.m2/repository/com/github/spotbugs/spotbugs-annotations/3.1.12/spotbugs-annotations-3.1.12.jar:/home/user/.m2/repository/junit/junit/4.11/junit-4.11.jar:/home/user/.m2/repository/org/hamcrest/hamcrest-core/1.3/hamcrest-core-1.3.jar:/home/user/.m2/repository/org/apache/hadoop/hadoop-common/3.2.0/hadoop-common-3.2.0-tests.jar:/workdir/hadoop-ozone/integration-test/target/test-classes:/home/user/.m2/repository/org/apache/hadoop/hadoop-ozone-s3gateway/0.5.0-SNAPSHOT/hadoop-ozone-s3gateway-0.5.0-SNAPSHOT.jar:/home/user/.m2/repository/org/jboss/weld/servlet/weld-servlet/2.4.7.Final/weld-servlet-2.4.7.Final.jar:/home/user/.m2/repository/org/glassfish/jersey/containers/jersey-container-servlet-core/2.27/jersey-container-servlet-core-2.27.jar:/home/user/.m2/repository/org/glassfish/hk2/external/javax.inject/2.5.0-b42/javax.inject-2.5.0-b42.jar:/home/user/.m2/repository/org/glassfish/jersey/core/jersey-common/2.27/jersey-common-2.27.jar:/home/user/.m2/repository/org/glassfish/hk2/osgi-resource-locator/1.0.1/osgi-resource-locator-1.0.1.jar:/home/user/.m2/repository/javax/ws/rs/javax.ws.rs-api/2.1/javax.ws.rs-api-2.1.jar:/home/user/.m2/repository/org/glassfish/jersey/ext/cdi/jersey-cdi1x/2.27/jersey-cdi1x-2.27.jar:/home/user/.m2/repository/org/glassfish/jersey/inject/jersey-hk2/2.27/jersey-hk2-2.27.jar:/home/user/.m2/repository/org/glassfish/hk2/hk2-locator/2.5.0-b42/hk2-locator-2.5.0-b42.jar:/home/user/.m2/repository/org/javassist/javassist/3.22.0-CR2/javassist-3.22.0-CR2.jar:/home/user/.m2/repository/org/glassfish/hk2/hk2-api/2.5.0/hk2-api-2.5.0.jar:/home/user/.m2/repository/org/glassfish/hk2/external/jakarta.inject/2.5.0/jakarta.inject-2.5.0.jar:/home/user/.m2/repository/org/glassfish/hk2/hk2-utils/2.5.0/hk2-utils-2.5.0.jar:/home/user/.m2/repository/jakarta/annotation/jakarta.annotation-api/1.3.4/jakarta.annotation-api-1.3.4.jar:/home/user/.m2/repository/org/glassfish/hk2/external/aopalliance-repackaged/2.5.0/aopalliance-repackaged-2.5.0.jar:/home/user/.m2/repository/com/fasterxml/jackson/dataformat/jackson-dataformat-xml/2.9.0/jackson-dataformat-xml-2.9.0.jar:/home/user/.m2/repository/com/fasterxml/jackson/module/jackson-module-jaxb-annotations/2.9.9/jackson-module-jaxb-annotations-2.9.9.jar:/home/user/.m2/repository/javax/enterprise/cdi-api/1.2/cdi-api-1.2.jar:/home/user/.m2/repository/javax/el/javax.el-api/3.0.0/javax.el-api-3.0.0.jar:/home/user/.m2/repository/javax/interceptor/javax.interceptor-api/1.2/javax.interceptor-api-1.2.jar:/home/user/.m2/repository/javax/inject/javax.inject/1/javax.inject-1.jar:/home/user/.m2/repository/org/apache/hadoop/hadoop-ozone-csi/0.5.0-SNAPSHOT/hadoop-ozone-csi-0.5.0-SNAPSHOT.jar:/home/user/.m2/repository/com/google/protobuf/protobuf-java-util/3.5.1/protobuf-java-util-3.5.1.jar:/home/user/.m2/repository/io/grpc/grpc-netty/1.17.1/grpc-netty-1.17.1.jar:/home/user/.m2/repository/io/grpc/grpc-core/1.17.1/grpc-core-1.17.1.jar:/home/user/.m2/repository/io/grpc/grpc-context/1.17.1/grpc-context-1.17.1.jar:/home/user/.m2/repository/com/google/errorprone/error_prone_annotations/2.2.0/error_prone_annotations-2.2.0.jar:/home/user/.m2/repository/org/codehaus/mojo/animal-sniffer-annotations/1.17/animal-sniffer-annotations-1.17.jar:/home/user/.m2/repository/io/opencensus/opencensus-api/0.17.0/opencensus-api-0.17.0.jar:/home/user/.m2/repository/io/opencensus/opencensus-contrib-grpc-metrics/0.17.0/opencensus-contrib-grpc-metrics-0.17.0.jar:/home/user/.m2/repository/io/netty/netty-codec-http2/4.1.30.Final/netty-codec-http2-4.1.30.Final.jar:/home/user/.m2/repository/io/netty/netty-codec-http/4.1.30.Final/netty-codec-http-4.1.30.Final.jar:/home/user/.m2/repository/io/netty/netty-codec/4.1.30.Final/netty-codec-4.1.30.Final.jar:/home/user/.m2/repository/io/netty/netty-handler/4.1.30.Final/netty-handler-4.1.30.Final.jar:/home/user/.m2/repository/io/netty/netty-handler-proxy/4.1.30.Final/netty-handler-proxy-4.1.30.Final.jar:/home/user/.m2/repository/io/netty/netty-codec-socks/4.1.30.Final/netty-codec-socks-4.1.30.Final.jar:/home/user/.m2/repository/io/netty/netty-transport-native-epoll/4.1.30.Final/netty-transport-native-epoll-4.1.30.Final.jar:/home/user/.m2/repository/io/netty/netty-common/4.1.30.Final/netty-common-4.1.30.Final.jar:/home/user/.m2/repository/io/netty/netty-buffer/4.1.30.Final/netty-buffer-4.1.30.Final.jar:/home/user/.m2/repository/io/netty/netty-transport/4.1.30.Final/netty-transport-4.1.30.Final.jar:/home/user/.m2/repository/io/netty/netty-resolver/4.1.30.Final/netty-resolver-4.1.30.Final.jar:/home/user/.m2/repository/io/netty/netty-transport-native-unix-common/4.1.30.Final/netty-transport-native-unix-common-4.1.30.Final.jar:/home/user/.m2/repository/io/grpc/grpc-protobuf/1.17.1/grpc-protobuf-1.17.1.jar:/home/user/.m2/repository/com/google/api/grpc/proto-google-common-protos/1.0.0/proto-google-common-protos-1.0.0.jar:/home/user/.m2/repository/io/grpc/grpc-protobuf-lite/1.17.1/grpc-protobuf-lite-1.17.1.jar:/home/user/.m2/repository/io/grpc/grpc-stub/1.17.1/grpc-stub-1.17.1.jar:/home/user/.m2/repository/org/apache/hadoop/hadoop-ozone-recon/0.5.0-SNAPSHOT/hadoop-ozone-recon-0.5.0-SNAPSHOT.jar:/home/user/.m2/repository/org/apache/hadoop/hadoop-ozone-reconcodegen/0.5.0-SNAPSHOT/hadoop-ozone-reconcodegen-0.5.0-SNAPSHOT.jar:/home/user/.m2/repository/com/google/inject/extensions/guice-multibindings/4.0/guice-multibindings-4.0.jar:/home/user/.m2/repository/com/google/inject/guice/4.0/guice-4.0.jar:/home/user/.m2/repository/aopalliance/aopalliance/1.0/aopalliance-1.0.jar:/home/user/.m2/repository/com/google/inject/extensions/guice-servlet/4.0/guice-servlet-4.0.jar:/home/user/.m2/repository/org/glassfish/jersey/containers/jersey-container-servlet/2.27/jersey-container-servlet-2.27.jar:/home/user/.m2/repository/org/glassfish/hk2/guice-bridge/2.5.0/guice-bridge-2.5.0.jar:/home/user/.m2/repository/org/glassfish/jersey/core/jersey-server/2.27/jersey-server-2.27.jar:/home/user/.m2/repository/org/glassfish/jersey/core/jersey-client/2.27/jersey-client-2.27.jar:/home/user/.m2/repository/org/glassfish/jersey/media/jersey-media-jaxb/2.27/jersey-media-jaxb-2.27.jar:/home/user/.m2/repository/javax/validation/validation-api/1.1.0.Final/validation-api-1.1.0.Final.jar:/home/user/.m2/repository/org/glassfish/jersey/media/jersey-media-json-jackson/2.27/jersey-media-json-jackson-2.27.jar:/home/user/.m2/repository/org/glassfish/jersey/ext/jersey-entity-filtering/2.27/jersey-entity-filtering-2.27.jar:/home/user/.m2/repository/com/google/inject/extensions/guice-assistedinject/4.0/guice-assistedinject-4.0.jar:/home/user/.m2/repository/org/jooq/jooq/3.11.10/jooq-3.11.10.jar:/home/user/.m2/repository/org/jooq/jooq-meta/3.11.10/jooq-meta-3.11.10.jar:/home/user/.m2/repository/org/jooq/jooq-codegen/3.11.10/jooq-codegen-3.11.10.jar:/home/user/.m2/repository/com/jolbox/bonecp/0.8.0.RELEASE/bonecp-0.8.0.RELEASE.jar:/home/user/.m2/repository/org/springframework/spring-jdbc/5.1.3.RELEASE/spring-jdbc-5.1.3.RELEASE.jar:/home/user/.m2/repository/org/springframework/spring-beans/5.1.3.RELEASE/spring-beans-5.1.3.RELEASE.jar:/home/user/.m2/repository/org/springframework/spring-core/5.1.3.RELEASE/spring-core-5.1.3.RELEASE.jar:/home/user/.m2/repository/org/springframework/spring-jcl/5.1.3.RELEASE/spring-jcl-5.1.3.RELEASE.jar:/home/user/.m2/repository/org/springframework/spring-tx/5.1.3.RELEASE/spring-tx-5.1.3.RELEASE.jar:/home/user/.m2/repository/org/mockito/mockito-core/2.15.0/mockito-core-2.15.0.jar:/home/user/.m2/repository/net/bytebuddy/byte-buddy/1.7.9/byte-buddy-1.7.9.jar:/home/user/.m2/repository/net/bytebuddy/byte-buddy-agent/1.7.9/byte-buddy-agent-1.7.9.jar:/home/user/.m2/repository/org/objenesis/objenesis/1.0/objenesis-1.0.jar:"/>
    <property name="sun.cpu.endian" value="little"/>
    <property name="user.home" value="/home/user"/>
    <property name="user.language" value="en"/>
    <property name="java.specification.vendor" value="Oracle Corporation"/>
    <property name="java.home" value="/usr/lib/jvm/java-1.8.0-openjdk-1.8.0.222.b10-1.el7_7.x86_64/jre"/>
    <property name="surefire.excludesFile" value="/tools/ozone-bad-unit-tests"/>
    <property name="java.security.krb5.conf" value="/workdir/hadoop-ozone/tools/target/test-classes/krb5.conf"/>
    <property name="basedir" value="/workdir/hadoop-ozone/tools"/>
    <property name="file.separator" value="/"/>
    <property name="line.separator" value="&#10;"/>
    <property name="java.vm.specification.vendor" value="Oracle Corporation"/>
    <property name="java.specification.name" value="Java Platform API Specification"/>
    <property name="java.awt.graphicsenv" value="sun.awt.X11GraphicsEnvironment"/>
    <property name="surefire.real.class.path" value="/workdir/hadoop-ozone/tools/target/surefire/surefirebooter4960239659602201468.jar"/>
    <property name="hadoop.log.dir" value="/workdir/hadoop-ozone/tools/target/log"/>
    <property name="sun.boot.class.path" value="/usr/lib/jvm/java-1.8.0-openjdk-1.8.0.222.b10-1.el7_7.x86_64/jre/lib/resources.jar:/usr/lib/jvm/java-1.8.0-openjdk-1.8.0.222.b10-1.el7_7.x86_64/jre/lib/rt.jar:/usr/lib/jvm/java-1.8.0-openjdk-1.8.0.222.b10-1.el7_7.x86_64/jre/lib/sunrsasign.jar:/usr/lib/jvm/java-1.8.0-openjdk-1.8.0.222.b10-1.el7_7.x86_64/jre/lib/jsse.jar:/usr/lib/jvm/java-1.8.0-openjdk-1.8.0.222.b10-1.el7_7.x86_64/jre/lib/jce.jar:/usr/lib/jvm/java-1.8.0-openjdk-1.8.0.222.b10-1.el7_7.x86_64/jre/lib/charsets.jar:/usr/lib/jvm/java-1.8.0-openjdk-1.8.0.222.b10-1.el7_7.x86_64/jre/lib/jfr.jar:/usr/lib/jvm/java-1.8.0-openjdk-1.8.0.222.b10-1.el7_7.x86_64/jre/classes"/>
    <property name="sun.management.compiler" value="HotSpot 64-Bit Tiered Compilers"/>
    <property name="java.runtime.version" value="1.8.0_222-b10"/>
    <property name="java.net.preferIPv4Stack" value="true"/>
    <property name="user.name" value="jenkins1000"/>
    <property name="path.separator" value=":"/>
    <property name="java.security.egd" value="file:///dev/urandom"/>
    <property name="os.version" value="3.10.0-957.12.2.el7.x86_64"/>
    <property name="java.endorsed.dirs" value="/usr/lib/jvm/java-1.8.0-openjdk-1.8.0.222.b10-1.el7_7.x86_64/jre/lib/endorsed"/>
    <property name="java.runtime.name" value="OpenJDK Runtime Environment"/>
    <property name="file.encoding" value="ANSI_X3.4-1968"/>
    <property name="java.vm.name" value="OpenJDK 64-Bit Server VM"/>
    <property name="test.build.webapps" value=""/>
    <property name="localRepository" value="/home/user/.m2/repository"/>
    <property name="java.vendor.url.bug" value="http://bugreport.sun.com/bugreport/"/>
    <property name="java.io.tmpdir" value="/tmp"/>
    <property name="require.test.libhadoop" value=""/>
    <property name="java.version" value="1.8.0_222"/>
    <property name="user.dir" value="/workdir/hadoop-ozone/tools"/>
    <property name="os.arch" value="amd64"/>
    <property name="java.vm.specification.name" value="Java Virtual Machine Specification"/>
    <property name="test.build.classes" value="/workdir/hadoop-ozone/tools/target/test-classes"/>
    <property name="java.awt.printerjob" value="sun.print.PSPrinterJob"/>
    <property name="sun.os.patch.level" value="unknown"/>
    <property name="hadoop.tmp.dir" value="/workdir/hadoop-ozone/tools/target/tmp"/>
    <property name="java.library.path" value="/usr/lib:/workdir/hadoop-ozone/tools/target/native/target/usr/local/lib:/workdir/hadoop-ozone/tools/../../hadoop-common-project/hadoop-common/target/native/target/usr/local/lib:/usr/java/packages/lib/amd64:/usr/lib64:/lib64:/lib:/usr/lib"/>
    <property name="java.vm.info" value="mixed mode"/>
    <property name="java.vendor" value="Oracle Corporation"/>
    <property name="java.vm.version" value="25.222-b10"/>
    <property name="java.ext.dirs" value="/usr/lib/jvm/java-1.8.0-openjdk-1.8.0.222.b10-1.el7_7.x86_64/jre/lib/ext:/usr/java/packages/lib/ext"/>
    <property name="sun.io.unicode.encoding" value="UnicodeLittle"/>
    <property name="java.class.version" value="52.0"/>
  </properties>
  <testcase name="testRestart" classname="org.apache.hadoop.ozone.freon.TestFreonWithPipelineDestroy" time="13.838">
    <error message="PipelineID=36890ea7-a165-4fef-9343-b5beb8c9a630 not found" type="org.apache.hadoop.hdds.scm.pipeline.PipelineNotFoundException">org.apache.hadoop.hdds.scm.pipeline.PipelineNotFoundException: PipelineID=36890ea7-a165-4fef-9343-b5beb8c9a630 not found
	at org.apache.hadoop.hdds.scm.pipeline.PipelineStateMap.getPipeline(PipelineStateMap.java:132)
	at org.apache.hadoop.hdds.scm.pipeline.PipelineStateManager.getPipeline(PipelineStateManager.java:66)
	at org.apache.hadoop.hdds.scm.pipeline.SCMPipelineManager.getPipeline(SCMPipelineManager.java:191)
	at org.apache.hadoop.ozone.freon.TestFreonWithPipelineDestroy.destroyPipeline(TestFreonWithPipelineDestroy.java:104)
	at org.apache.hadoop.ozone.freon.TestFreonWithPipelineDestroy.testRestart(TestFreonWithPipelineDestroy.java:73)
	at sun.reflect.NativeMethodAccessorImpl.invoke0(Native Method)
	at sun.reflect.NativeMethodAccessorImpl.invoke(NativeMethodAccessorImpl.java:62)
	at sun.reflect.DelegatingMethodAccessorImpl.invoke(DelegatingMethodAccessorImpl.java:43)
	at java.lang.reflect.Method.invoke(Method.java:498)
	at org.junit.runners.model.FrameworkMethod$1.runReflectiveCall(FrameworkMethod.java:47)
	at org.junit.internal.runners.model.ReflectiveCallable.run(ReflectiveCallable.java:12)
	at org.junit.runners.model.FrameworkMethod.invokeExplosively(FrameworkMethod.java:44)
	at org.junit.internal.runners.statements.InvokeMethod.evaluate(InvokeMethod.java:17)
	at org.junit.runners.ParentRunner.runLeaf(ParentRunner.java:271)
	at org.junit.runners.BlockJUnit4ClassRunner.runChild(BlockJUnit4ClassRunner.java:70)
	at org.junit.runners.BlockJUnit4ClassRunner.runChild(BlockJUnit4ClassRunner.java:50)
	at org.junit.runners.ParentRunner$3.run(ParentRunner.java:238)
	at org.junit.runners.ParentRunner$1.schedule(ParentRunner.java:63)
	at org.junit.runners.ParentRunner.runChildren(ParentRunner.java:236)
	at org.junit.runners.ParentRunner.access$000(ParentRunner.java:53)
	at org.junit.runners.ParentRunner$2.evaluate(ParentRunner.java:229)
	at org.junit.internal.runners.statements.RunBefores.evaluate(RunBefores.java:26)
	at org.junit.internal.runners.statements.RunAfters.evaluate(RunAfters.java:27)
	at org.junit.runners.ParentRunner.run(ParentRunner.java:309)
	at org.apache.maven.surefire.junit4.JUnit4Provider.execute(JUnit4Provider.java:365)
	at org.apache.maven.surefire.junit4.JUnit4Provider.executeWithRerun(JUnit4Provider.java:273)
	at org.apache.maven.surefire.junit4.JUnit4Provider.executeTestSet(JUnit4Provider.java:238)
	at org.apache.maven.surefire.junit4.JUnit4Provider.invoke(JUnit4Provider.java:159)
	at org.apache.maven.surefire.booter.ForkedBooter.invokeProviderInSameClassLoader(ForkedBooter.java:384)
	at org.apache.maven.surefire.booter.ForkedBooter.runSuitesInProcess(ForkedBooter.java:345)
	at org.apache.maven.surefire.booter.ForkedBooter.execute(ForkedBooter.java:126)
	at org.apache.maven.surefire.booter.ForkedBooter.main(ForkedBooter.java:418)
</error>
    <system-out><![CDATA[2019-10-22 04:19:53,247 [main] WARN  server.ServerUtils (ServerUtils.java:getScmDbDir(145)) - ozone.scm.db.dirs is not configured. We recommend adding this setting. Falling back to ozone.metadata.dirs instead.
2019-10-22 04:19:53,346 [main] WARN  server.ServerUtils (ServerUtils.java:getScmDbDir(145)) - ozone.scm.db.dirs is not configured. We recommend adding this setting. Falling back to ozone.metadata.dirs instead.
2019-10-22 04:19:53,349 [main] WARN  server.ServerUtils (ServerUtils.java:getScmDbDir(145)) - ozone.scm.db.dirs is not configured. We recommend adding this setting. Falling back to ozone.metadata.dirs instead.
2019-10-22 04:19:53,374 [main] INFO  util.log (Log.java:initialized(192)) - Logging initialized @901ms
2019-10-22 04:19:53,473 [main] INFO  db.DBStoreBuilder (DBStoreBuilder.java:addTable(117)) - using custom profile for table: deletedBlocks
2019-10-22 04:19:53,473 [main] INFO  db.DBStoreBuilder (DBStoreBuilder.java:processTables(168)) - Using default column profile:DBProfile.DISK for Table:deletedBlocks
2019-10-22 04:19:53,473 [main] INFO  db.DBStoreBuilder (DBStoreBuilder.java:addTable(117)) - using custom profile for table: validCerts
2019-10-22 04:19:53,474 [main] INFO  db.DBStoreBuilder (DBStoreBuilder.java:processTables(168)) - Using default column profile:DBProfile.DISK for Table:validCerts
2019-10-22 04:19:53,474 [main] INFO  db.DBStoreBuilder (DBStoreBuilder.java:addTable(117)) - using custom profile for table: revokedCerts
2019-10-22 04:19:53,474 [main] INFO  db.DBStoreBuilder (DBStoreBuilder.java:processTables(168)) - Using default column profile:DBProfile.DISK for Table:revokedCerts
2019-10-22 04:19:53,486 [main] INFO  db.DBStoreBuilder (DBStoreBuilder.java:addTable(117)) - using custom profile for table: default
2019-10-22 04:19:53,486 [main] INFO  db.DBStoreBuilder (DBStoreBuilder.java:processTables(174)) - Using default column profile:DBProfile.DISK for Table:default
2019-10-22 04:19:53,487 [main] INFO  db.DBStoreBuilder (DBStoreBuilder.java:getDbProfile(205)) - Using default options. DBProfile.DISK
2019-10-22 04:19:53,786 [main] INFO  net.NodeSchemaLoader (NodeSchemaLoader.java:loadSchemaFromFile(125)) - Loading file from sun.misc.CompoundEnumeration@3754a4bf
2019-10-22 04:19:53,789 [main] INFO  net.NodeSchemaLoader (NodeSchemaLoader.java:loadSchema(171)) - Loading network topology layer schema file
2019-10-22 04:19:53,851 [main] INFO  node.SCMNodeManager (SCMNodeManager.java:<init>(116)) - Entering startup safe mode.
2019-10-22 04:19:53,914 [main] INFO  algorithms.ContainerPlacementPolicyFactory (ContainerPlacementPolicyFactory.java:getPolicy(57)) - Create container placement policy of type org.apache.hadoop.hdds.scm.container.placement.algorithms.SCMContainerPlacementRandom
2019-10-22 04:19:53,927 [main] WARN  server.ServerUtils (ServerUtils.java:getScmDbDir(145)) - ozone.scm.db.dirs is not configured. We recommend adding this setting. Falling back to ozone.metadata.dirs instead.
2019-10-22 04:19:54,038 [main] INFO  pipeline.SCMPipelineManager (SCMPipelineManager.java:initializePipelineState(132)) - No pipeline exists in current db
2019-10-22 04:19:54,041 [main] WARN  server.ServerUtils (ServerUtils.java:getScmDbDir(145)) - ozone.scm.db.dirs is not configured. We recommend adding this setting. Falling back to ozone.metadata.dirs instead.
2019-10-22 04:19:54,164 [main] WARN  events.EventQueue (EventQueue.java:fireEvent(183)) - No event handler registered for event TypedEvent{payloadType=SafeModeStatus, name='SafeModeStatus'}
2019-10-22 04:19:54,517 [main] INFO  ipc.CallQueueManager (CallQueueManager.java:<init>(84)) - Using callQueue: class java.util.concurrent.LinkedBlockingQueue, queueCapacity: 2000, scheduler: class org.apache.hadoop.ipc.DefaultRpcScheduler, ipcBackoff: false.
2019-10-22 04:19:54,553 [Socket Reader #1 for port 33833] INFO  ipc.Server (Server.java:run(1074)) - Starting Socket Reader #1 for port 33833
2019-10-22 04:19:54,685 [main] INFO  ipc.CallQueueManager (CallQueueManager.java:<init>(84)) - Using callQueue: class java.util.concurrent.LinkedBlockingQueue, queueCapacity: 2000, scheduler: class org.apache.hadoop.ipc.DefaultRpcScheduler, ipcBackoff: false.
2019-10-22 04:19:54,686 [Socket Reader #1 for port 40405] INFO  ipc.Server (Server.java:run(1074)) - Starting Socket Reader #1 for port 40405
2019-10-22 04:19:54,696 [main] INFO  ipc.CallQueueManager (CallQueueManager.java:<init>(84)) - Using callQueue: class java.util.concurrent.LinkedBlockingQueue, queueCapacity: 2000, scheduler: class org.apache.hadoop.ipc.DefaultRpcScheduler, ipcBackoff: false.
2019-10-22 04:19:54,696 [Socket Reader #1 for port 43405] INFO  ipc.Server (Server.java:run(1074)) - Starting Socket Reader #1 for port 43405
2019-10-22 04:19:54,722 [main] INFO  hdfs.DFSUtil (DFSUtil.java:httpServerTemplateForNNAndJN(1641)) - Starting Web-server for scm at: http://0.0.0.0:0
2019-10-22 04:19:54,834 [main] INFO  server.AuthenticationFilter (AuthenticationFilter.java:constructSecretProvider(240)) - Unable to initialize FileSignerSecretProvider, falling back to use random secrets.
2019-10-22 04:19:54,848 [main] WARN  http.HttpRequestLog (HttpRequestLog.java:getRequestLog(97)) - Jetty request log can only be enabled using Log4j
2019-10-22 04:19:54,857 [main] INFO  http.HttpServer2 (HttpServer2.java:addGlobalFilter(975)) - Added global filter 'safety' (class=org.apache.hadoop.http.HttpServer2$QuotingInputFilter)
2019-10-22 04:19:54,860 [main] INFO  http.HttpServer2 (HttpServer2.java:addFilter(948)) - Added filter static_user_filter (class=org.apache.hadoop.http.lib.StaticUserWebFilter$StaticUserFilter) to context scm
2019-10-22 04:19:54,860 [main] INFO  http.HttpServer2 (HttpServer2.java:addFilter(958)) - Added filter static_user_filter (class=org.apache.hadoop.http.lib.StaticUserWebFilter$StaticUserFilter) to context logs
2019-10-22 04:19:54,860 [main] INFO  http.HttpServer2 (HttpServer2.java:addFilter(958)) - Added filter static_user_filter (class=org.apache.hadoop.http.lib.StaticUserWebFilter$StaticUserFilter) to context static
2019-10-22 04:19:54,886 [main] INFO  server.StorageContainerManager (StorageContainerManager.java:start(772)) - StorageContainerLocationProtocol RPC server is listening at /0.0.0.0:43405
2019-10-22 04:19:54,938 [main] WARN  impl.MetricsConfig (MetricsConfig.java:loadFirst(134)) - Cannot locate configuration: tried hadoop-metrics2-storagecontainermanager.properties,hadoop-metrics2.properties
2019-10-22 04:19:54,951 [main] INFO  impl.MetricsSystemImpl (MetricsSystemImpl.java:startTimer(374)) - Scheduled Metric snapshot period at 10 second(s).
2019-10-22 04:19:54,952 [main] INFO  impl.MetricsSystemImpl (MetricsSystemImpl.java:start(191)) - StorageContainerManager metrics system started
2019-10-22 04:19:55,164 [main] INFO  server.SCMClientProtocolServer (SCMClientProtocolServer.java:start(159)) - RPC server for Client  is listening at /0.0.0.0:43405
2019-10-22 04:19:55,164 [IPC Server Responder] INFO  ipc.Server (Server.java:run(1314)) - IPC Server Responder: starting
2019-10-22 04:19:55,164 [IPC Server listener on 43405] INFO  ipc.Server (Server.java:run(1153)) - IPC Server listener on 43405: starting
2019-10-22 04:19:55,167 [main] INFO  server.StorageContainerManager (StorageContainerManager.java:start(782)) - ScmBlockLocationProtocol RPC server is listening at /0.0.0.0:40405
2019-10-22 04:19:55,168 [main] INFO  server.SCMBlockProtocolServer (SCMBlockProtocolServer.java:start(146)) - RPC server for Block Protocol is listening at /0.0.0.0:40405
2019-10-22 04:19:55,168 [IPC Server listener on 40405] INFO  ipc.Server (Server.java:run(1153)) - IPC Server listener on 40405: starting
2019-10-22 04:19:55,168 [IPC Server Responder] INFO  ipc.Server (Server.java:run(1314)) - IPC Server Responder: starting
2019-10-22 04:19:55,171 [main] INFO  server.StorageContainerManager (StorageContainerManager.java:start(786)) - ScmDatanodeProtocl RPC server is listening at /0.0.0.0:33833
2019-10-22 04:19:55,171 [main] INFO  server.SCMDatanodeProtocolServer (SCMDatanodeProtocolServer.java:start(169)) - RPC server for DataNodes is listening at /0.0.0.0:33833
2019-10-22 04:19:55,172 [IPC Server Responder] INFO  ipc.Server (Server.java:run(1314)) - IPC Server Responder: starting
2019-10-22 04:19:55,172 [IPC Server listener on 33833] INFO  ipc.Server (Server.java:run(1153)) - IPC Server listener on 33833: starting
2019-10-22 04:19:55,175 [main] INFO  http.HttpServer2 (HttpServer2.java:bindListener(1191)) - Jetty bound to port 38981
2019-10-22 04:19:55,176 [main] INFO  server.Server (Server.java:doStart(351)) - jetty-9.3.25.v20180904, build timestamp: 2018-09-04T21:11:46Z, git hash: 3ce520221d0240229c862b122d2b06c12a625732
2019-10-22 04:19:55,207 [main] INFO  handler.ContextHandler (ContextHandler.java:doStart(781)) - Started o.e.j.s.ServletContextHandler@1253e7cb{/logs,file:///workdir/hadoop-ozone/tools/target/log,AVAILABLE}
2019-10-22 04:19:55,208 [main] INFO  handler.ContextHandler (ContextHandler.java:doStart(781)) - Started o.e.j.s.ServletContextHandler@366c4480{/static,jar:file:/home/user/.m2/repository/org/apache/hadoop/hadoop-hdds-server-scm/0.5.0-SNAPSHOT/hadoop-hdds-server-scm-0.5.0-SNAPSHOT.jar!/webapps/static,AVAILABLE}
2019-10-22 04:19:55,276 [main] INFO  handler.ContextHandler (ContextHandler.java:doStart(781)) - Started o.e.j.w.WebAppContext@3670f00{/,file:///tmp/jetty-0.0.0.0-38981-scm-_-any-1093599868321112616.dir/webapp/,AVAILABLE}{/scm}
2019-10-22 04:19:55,280 [main] INFO  server.AbstractConnector (AbstractConnector.java:doStart(278)) - Started ServerConnector@5922ae77{HTTP/1.1,[http/1.1]}{0.0.0.0:38981}
2019-10-22 04:19:55,281 [main] INFO  server.Server (Server.java:doStart(419)) - Started @2808ms
2019-10-22 04:19:55,283 [main] INFO  impl.MetricsSinkAdapter (MetricsSinkAdapter.java:start(204)) - Sink prometheus started
2019-10-22 04:19:55,283 [main] INFO  impl.MetricsSystemImpl (MetricsSystemImpl.java:registerSink(301)) - Registered sink prometheus
2019-10-22 04:19:55,285 [main] INFO  server.BaseHttpServer (BaseHttpServer.java:updateConnectorAddress(215)) - HTTP server of SCM is listening at http://0.0.0.0:38981
2019-10-22 04:19:55,294 [org.apache.hadoop.util.JvmPauseMonitor$Monitor@1df98368] INFO  util.JvmPauseMonitor (JvmPauseMonitor.java:run(188)) - Starting JVM pause monitor
2019-10-22 04:19:55,299 [main] WARN  server.ServerUtils (ServerUtils.java:getDBPath(222)) - ozone.om.db.dirs is not configured. We recommend adding this setting. Falling back to ozone.metadata.dirs instead.
2019-10-22 04:19:55,415 [main] INFO  ha.OMHANodeDetails (OMHANodeDetails.java:loadOMHAConfig(190)) - Configuration either no ozone.om.address set. Falling back to the default OM address /127.0.0.1:0
2019-10-22 04:19:55,415 [main] INFO  ha.OMHANodeDetails (OMHANodeDetails.java:getOMNodeDetails(220)) - OM Service ID is not set. Setting it to the default ID: omServiceIdDefault
2019-10-22 04:19:55,417 [main] WARN  server.ServerUtils (ServerUtils.java:getDBPath(222)) - ozone.om.db.dirs is not configured. We recommend adding this setting. Falling back to ozone.metadata.dirs instead.
2019-10-22 04:19:55,418 [main] WARN  server.ServerUtils (ServerUtils.java:getDBPath(222)) - ozone.om.db.dirs is not configured. We recommend adding this setting. Falling back to ozone.metadata.dirs instead.
2019-10-22 04:19:56,085 [main] WARN  server.ServerUtils (ServerUtils.java:getDBPath(222)) - ozone.om.db.dirs is not configured. We recommend adding this setting. Falling back to ozone.metadata.dirs instead.
2019-10-22 04:19:56,093 [main] INFO  db.DBStoreBuilder (DBStoreBuilder.java:addTable(117)) - using custom profile for table: userTable
2019-10-22 04:19:56,093 [main] INFO  db.DBStoreBuilder (DBStoreBuilder.java:processTables(168)) - Using default column profile:DBProfile.DISK for Table:userTable
2019-10-22 04:19:56,093 [main] INFO  db.DBStoreBuilder (DBStoreBuilder.java:addTable(117)) - using custom profile for table: volumeTable
2019-10-22 04:19:56,094 [main] INFO  db.DBStoreBuilder (DBStoreBuilder.java:processTables(168)) - Using default column profile:DBProfile.DISK for Table:volumeTable
2019-10-22 04:19:56,094 [main] INFO  db.DBStoreBuilder (DBStoreBuilder.java:addTable(117)) - using custom profile for table: bucketTable
2019-10-22 04:19:56,094 [main] INFO  db.DBStoreBuilder (DBStoreBuilder.java:processTables(168)) - Using default column profile:DBProfile.DISK for Table:bucketTable
2019-10-22 04:19:56,094 [main] INFO  db.DBStoreBuilder (DBStoreBuilder.java:addTable(117)) - using custom profile for table: keyTable
2019-10-22 04:19:56,095 [main] INFO  db.DBStoreBuilder (DBStoreBuilder.java:processTables(168)) - Using default column profile:DBProfile.DISK for Table:keyTable
2019-10-22 04:19:56,095 [main] INFO  db.DBStoreBuilder (DBStoreBuilder.java:addTable(117)) - using custom profile for table: deletedTable
2019-10-22 04:19:56,095 [main] INFO  db.DBStoreBuilder (DBStoreBuilder.java:processTables(168)) - Using default column profile:DBProfile.DISK for Table:deletedTable
2019-10-22 04:19:56,095 [main] INFO  db.DBStoreBuilder (DBStoreBuilder.java:addTable(117)) - using custom profile for table: openKeyTable
2019-10-22 04:19:56,096 [main] INFO  db.DBStoreBuilder (DBStoreBuilder.java:processTables(168)) - Using default column profile:DBProfile.DISK for Table:openKeyTable
2019-10-22 04:19:56,096 [main] INFO  db.DBStoreBuilder (DBStoreBuilder.java:addTable(117)) - using custom profile for table: s3Table
2019-10-22 04:19:56,096 [main] INFO  db.DBStoreBuilder (DBStoreBuilder.java:processTables(168)) - Using default column profile:DBProfile.DISK for Table:s3Table
2019-10-22 04:19:56,096 [main] INFO  db.DBStoreBuilder (DBStoreBuilder.java:addTable(117)) - using custom profile for table: multipartInfoTable
2019-10-22 04:19:56,096 [main] INFO  db.DBStoreBuilder (DBStoreBuilder.java:processTables(168)) - Using default column profile:DBProfile.DISK for Table:multipartInfoTable
2019-10-22 04:19:56,097 [main] INFO  db.DBStoreBuilder (DBStoreBuilder.java:addTable(117)) - using custom profile for table: dTokenTable
2019-10-22 04:19:56,097 [main] INFO  db.DBStoreBuilder (DBStoreBuilder.java:processTables(168)) - Using default column profile:DBProfile.DISK for Table:dTokenTable
2019-10-22 04:19:56,097 [main] INFO  db.DBStoreBuilder (DBStoreBuilder.java:addTable(117)) - using custom profile for table: s3SecretTable
2019-10-22 04:19:56,098 [main] INFO  db.DBStoreBuilder (DBStoreBuilder.java:processTables(168)) - Using default column profile:DBProfile.DISK for Table:s3SecretTable
2019-10-22 04:19:56,098 [main] INFO  db.DBStoreBuilder (DBStoreBuilder.java:addTable(117)) - using custom profile for table: prefixTable
2019-10-22 04:19:56,098 [main] INFO  db.DBStoreBuilder (DBStoreBuilder.java:processTables(168)) - Using default column profile:DBProfile.DISK for Table:prefixTable
2019-10-22 04:19:56,098 [main] INFO  db.DBStoreBuilder (DBStoreBuilder.java:addTable(117)) - using custom profile for table: default
2019-10-22 04:19:56,099 [main] INFO  db.DBStoreBuilder (DBStoreBuilder.java:processTables(174)) - Using default column profile:DBProfile.DISK for Table:default
2019-10-22 04:19:56,099 [main] INFO  db.DBStoreBuilder (DBStoreBuilder.java:getDbProfile(205)) - Using default options. DBProfile.DISK
2019-10-22 04:19:56,756 [main] INFO  ipc.CallQueueManager (CallQueueManager.java:<init>(84)) - Using callQueue: class java.util.concurrent.LinkedBlockingQueue, queueCapacity: 2000, scheduler: class org.apache.hadoop.ipc.DefaultRpcScheduler, ipcBackoff: false.
2019-10-22 04:19:56,757 [Socket Reader #1 for port 33579] INFO  ipc.Server (Server.java:run(1074)) - Starting Socket Reader #1 for port 33579
2019-10-22 04:19:56,784 [main] INFO  om.OzoneManager (OzoneManager.java:start(1074)) - OzoneManager RPC server is listening at localhost/127.0.0.1:33579
2019-10-22 04:19:56,784 [main] INFO  impl.MetricsSystemImpl (MetricsSystemImpl.java:init(158)) - OzoneManager metrics system started (again)
2019-10-22 04:19:56,794 [IPC Server Responder] INFO  ipc.Server (Server.java:run(1314)) - IPC Server Responder: starting
2019-10-22 04:19:56,794 [IPC Server listener on 33579] INFO  ipc.Server (Server.java:run(1153)) - IPC Server listener on 33579: starting
2019-10-22 04:19:56,802 [main] INFO  hdfs.DFSUtil (DFSUtil.java:httpServerTemplateForNNAndJN(1641)) - Starting Web-server for ozoneManager at: http://0.0.0.0:0
2019-10-22 04:19:56,805 [main] INFO  server.AuthenticationFilter (AuthenticationFilter.java:constructSecretProvider(240)) - Unable to initialize FileSignerSecretProvider, falling back to use random secrets.
2019-10-22 04:19:56,806 [main] WARN  http.HttpRequestLog (HttpRequestLog.java:getRequestLog(97)) - Jetty request log can only be enabled using Log4j
2019-10-22 04:19:56,809 [main] INFO  http.HttpServer2 (HttpServer2.java:addGlobalFilter(975)) - Added global filter 'safety' (class=org.apache.hadoop.http.HttpServer2$QuotingInputFilter)
2019-10-22 04:19:56,810 [main] INFO  http.HttpServer2 (HttpServer2.java:addFilter(948)) - Added filter static_user_filter (class=org.apache.hadoop.http.lib.StaticUserWebFilter$StaticUserFilter) to context ozoneManager
2019-10-22 04:19:56,810 [main] INFO  http.HttpServer2 (HttpServer2.java:addFilter(958)) - Added filter static_user_filter (class=org.apache.hadoop.http.lib.StaticUserWebFilter$StaticUserFilter) to context logs
2019-10-22 04:19:56,811 [main] INFO  http.HttpServer2 (HttpServer2.java:addFilter(958)) - Added filter static_user_filter (class=org.apache.hadoop.http.lib.StaticUserWebFilter$StaticUserFilter) to context static
2019-10-22 04:19:56,814 [main] INFO  http.HttpServer2 (HttpServer2.java:bindListener(1191)) - Jetty bound to port 35181
2019-10-22 04:19:56,814 [main] INFO  server.Server (Server.java:doStart(351)) - jetty-9.3.25.v20180904, build timestamp: 2018-09-04T21:11:46Z, git hash: 3ce520221d0240229c862b122d2b06c12a625732
2019-10-22 04:19:56,817 [main] INFO  handler.ContextHandler (ContextHandler.java:doStart(781)) - Started o.e.j.s.ServletContextHandler@3af356f{/logs,file:///workdir/hadoop-ozone/tools/target/log,AVAILABLE}
2019-10-22 04:19:56,818 [main] INFO  handler.ContextHandler (ContextHandler.java:doStart(781)) - Started o.e.j.s.ServletContextHandler@7e46d648{/static,jar:file:/home/user/.m2/repository/org/apache/hadoop/hadoop-ozone-ozone-manager/0.5.0-SNAPSHOT/hadoop-ozone-ozone-manager-0.5.0-SNAPSHOT.jar!/webapps/static,AVAILABLE}
2019-10-22 04:19:56,881 [main] INFO  handler.ContextHandler (ContextHandler.java:doStart(781)) - Started o.e.j.w.WebAppContext@57fae983{/,file:///tmp/jetty-0.0.0.0-35181-ozoneManager-_-any-7843199361842335709.dir/webapp/,AVAILABLE}{/ozoneManager}
2019-10-22 04:19:56,882 [main] INFO  server.AbstractConnector (AbstractConnector.java:doStart(278)) - Started ServerConnector@4a29f290{HTTP/1.1,[http/1.1]}{0.0.0.0:35181}
2019-10-22 04:19:56,882 [main] INFO  server.Server (Server.java:doStart(419)) - Started @4410ms
2019-10-22 04:19:56,883 [main] WARN  impl.MetricsSystemImpl (MetricsSystemImpl.java:register(276)) - Sink prometheus already exists!
2019-10-22 04:19:56,884 [main] INFO  server.BaseHttpServer (BaseHttpServer.java:updateConnectorAddress(215)) - HTTP server of OZONEMANAGER is listening at http://0.0.0.0:35181
2019-10-22 04:19:57,166 [main] INFO  impl.MetricsSystemImpl (MetricsSystemImpl.java:init(158)) - HddsDatanode metrics system started (again)
2019-10-22 04:19:57,214 [main] INFO  ozone.HddsDatanodeService (HddsDatanodeService.java:start(184)) - HddsDatanodeService host:pr-hdds-1643-hlxn2-3599243457 ip:192.168.34.14
2019-10-22 04:19:57,247 [main] INFO  volume.HddsVolume (HddsVolume.java:<init>(176)) - Creating Volume: /workdir/hadoop-ozone/tools/target/test-dir/MiniOzoneClusterImpl-d378e231-1417-4557-b6bf-feb5ffee2028/datanode-0/data/containers/hdds of  storage type : DISK and capacity : 1482555576320
2019-10-22 04:19:57,249 [main] INFO  volume.VolumeSet (VolumeSet.java:initializeVolumeSet(170)) - Added Volume : /workdir/hadoop-ozone/tools/target/test-dir/MiniOzoneClusterImpl-d378e231-1417-4557-b6bf-feb5ffee2028/datanode-0/data/containers/hdds to VolumeSet
2019-10-22 04:19:57,252 [main] INFO  volume.ThrottledAsyncChecker (ThrottledAsyncChecker.java:schedule(141)) - Scheduling a check for /workdir/hadoop-ozone/tools/target/test-dir/MiniOzoneClusterImpl-d378e231-1417-4557-b6bf-feb5ffee2028/datanode-0/data/containers/hdds
2019-10-22 04:19:57,268 [main] INFO  volume.HddsVolumeChecker (HddsVolumeChecker.java:checkAllVolumes(204)) - Scheduled health check for volume /workdir/hadoop-ozone/tools/target/test-dir/MiniOzoneClusterImpl-d378e231-1417-4557-b6bf-feb5ffee2028/datanode-0/data/containers/hdds
2019-10-22 04:19:57,371 [main] INFO  impl.RaftServerProxy (ConfUtils.java:logGet(43)) - raft.rpc.type = GRPC (default)
2019-10-22 04:19:57,430 [main] INFO  grpc.GrpcFactory (GrpcFactory.java:checkPooledByteBufAllocatorUseCacheForAllThreads(45)) - PERFORMANCE WARNING: useCacheForAllThreads is true that may cause Netty to create a lot garbage objects and, as a result, trigger GC.
	It is recommended to disable useCacheForAllThreads by setting -Dorg.apache.ratis.thirdparty.io.netty.allocator.useCacheForAllThreads=false in command line.
2019-10-22 04:19:57,435 [main] INFO  grpc.GrpcConfigKeys$Server (ConfUtils.java:logGet(43)) - raft.grpc.server.port = 0 (default)
2019-10-22 04:19:57,436 [main] INFO  server.GrpcService (ConfUtils.java:logGet(43)) - raft.grpc.message.size.max = 33570816 (custom)
2019-10-22 04:19:57,437 [main] INFO  server.RaftServerConfigKeys (ConfUtils.java:logGet(43)) - raft.server.log.appender.buffer.byte-limit = 33554432 (custom)
2019-10-22 04:19:57,438 [main] INFO  server.GrpcService (ConfUtils.java:logGet(43)) - raft.grpc.flow.control.window = 1MB (=1048576) (default)
2019-10-22 04:19:57,439 [main] INFO  server.RaftServerConfigKeys (ConfUtils.java:logGet(43)) - raft.server.rpc.request.timeout = 3000ms (default)
2019-10-22 04:19:57,591 [main] INFO  server.RaftServerConfigKeys (ConfUtils.java:logGet(43)) - raft.server.storage.dir = [/workdir/hadoop-ozone/tools/target/test-dir/MiniOzoneClusterImpl-d378e231-1417-4557-b6bf-feb5ffee2028/datanode-0/data/ratis] (custom)
2019-10-22 04:19:57,639 [main] INFO  hdfs.DFSUtil (DFSUtil.java:httpServerTemplateForNNAndJN(1641)) - Starting Web-server for hddsDatanode at: http://0.0.0.0:0
2019-10-22 04:19:57,642 [main] INFO  server.AuthenticationFilter (AuthenticationFilter.java:constructSecretProvider(240)) - Unable to initialize FileSignerSecretProvider, falling back to use random secrets.
2019-10-22 04:19:57,643 [main] WARN  http.HttpRequestLog (HttpRequestLog.java:getRequestLog(97)) - Jetty request log can only be enabled using Log4j
2019-10-22 04:19:57,646 [main] INFO  http.HttpServer2 (HttpServer2.java:addGlobalFilter(975)) - Added global filter 'safety' (class=org.apache.hadoop.http.HttpServer2$QuotingInputFilter)
2019-10-22 04:19:57,647 [main] INFO  http.HttpServer2 (HttpServer2.java:addFilter(948)) - Added filter static_user_filter (class=org.apache.hadoop.http.lib.StaticUserWebFilter$StaticUserFilter) to context hddsDatanode
2019-10-22 04:19:57,647 [main] INFO  http.HttpServer2 (HttpServer2.java:addFilter(958)) - Added filter static_user_filter (class=org.apache.hadoop.http.lib.StaticUserWebFilter$StaticUserFilter) to context logs
2019-10-22 04:19:57,647 [main] INFO  http.HttpServer2 (HttpServer2.java:addFilter(958)) - Added filter static_user_filter (class=org.apache.hadoop.http.lib.StaticUserWebFilter$StaticUserFilter) to context static
2019-10-22 04:19:57,649 [main] INFO  http.HttpServer2 (HttpServer2.java:bindListener(1191)) - Jetty bound to port 36889
2019-10-22 04:19:57,649 [main] INFO  server.Server (Server.java:doStart(351)) - jetty-9.3.25.v20180904, build timestamp: 2018-09-04T21:11:46Z, git hash: 3ce520221d0240229c862b122d2b06c12a625732
2019-10-22 04:19:57,653 [main] INFO  handler.ContextHandler (ContextHandler.java:doStart(781)) - Started o.e.j.s.ServletContextHandler@1aabf50d{/logs,file:///workdir/hadoop-ozone/tools/target/log,AVAILABLE}
2019-10-22 04:19:57,654 [main] INFO  handler.ContextHandler (ContextHandler.java:doStart(781)) - Started o.e.j.s.ServletContextHandler@de8039f{/static,jar:file:/home/user/.m2/repository/org/apache/hadoop/hadoop-hdds-container-service/0.5.0-SNAPSHOT/hadoop-hdds-container-service-0.5.0-SNAPSHOT.jar!/webapps/static,AVAILABLE}
2019-10-22 04:19:57,704 [main] INFO  handler.ContextHandler (ContextHandler.java:doStart(781)) - Started o.e.j.w.WebAppContext@7a729f84{/,file:///tmp/jetty-0.0.0.0-36889-hddsDatanode-_-any-8390406005517883894.dir/webapp/,AVAILABLE}{/hddsDatanode}
2019-10-22 04:19:57,705 [main] INFO  server.AbstractConnector (AbstractConnector.java:doStart(278)) - Started ServerConnector@1e469dfd{HTTP/1.1,[http/1.1]}{0.0.0.0:36889}
2019-10-22 04:19:57,707 [main] INFO  server.Server (Server.java:doStart(419)) - Started @5234ms
2019-10-22 04:19:57,707 [main] WARN  impl.MetricsSystemImpl (MetricsSystemImpl.java:register(276)) - Sink prometheus already exists!
2019-10-22 04:19:57,709 [main] INFO  server.BaseHttpServer (BaseHttpServer.java:updateConnectorAddress(215)) - HTTP server of HDDSDATANODE is listening at http://0.0.0.0:36889
2019-10-22 04:19:57,711 [main] INFO  impl.MetricsSystemImpl (MetricsSystemImpl.java:init(158)) - HddsDatanode metrics system started (again)
2019-10-22 04:19:57,716 [main] INFO  ozone.HddsDatanodeService (HddsDatanodeService.java:start(184)) - HddsDatanodeService host:pr-hdds-1643-hlxn2-3599243457 ip:192.168.34.14
2019-10-22 04:19:57,718 [org.apache.hadoop.util.JvmPauseMonitor$Monitor@2ba70b74] INFO  util.JvmPauseMonitor (JvmPauseMonitor.java:run(188)) - Starting JVM pause monitor
2019-10-22 04:19:57,730 [main] INFO  volume.HddsVolume (HddsVolume.java:<init>(176)) - Creating Volume: /workdir/hadoop-ozone/tools/target/test-dir/MiniOzoneClusterImpl-d378e231-1417-4557-b6bf-feb5ffee2028/datanode-1/data/containers/hdds of  storage type : DISK and capacity : 1482555576320
2019-10-22 04:19:57,731 [main] INFO  volume.VolumeSet (VolumeSet.java:initializeVolumeSet(170)) - Added Volume : /workdir/hadoop-ozone/tools/target/test-dir/MiniOzoneClusterImpl-d378e231-1417-4557-b6bf-feb5ffee2028/datanode-1/data/containers/hdds to VolumeSet
2019-10-22 04:19:57,731 [main] INFO  volume.ThrottledAsyncChecker (ThrottledAsyncChecker.java:schedule(141)) - Scheduling a check for /workdir/hadoop-ozone/tools/target/test-dir/MiniOzoneClusterImpl-d378e231-1417-4557-b6bf-feb5ffee2028/datanode-1/data/containers/hdds
2019-10-22 04:19:57,733 [main] INFO  volume.HddsVolumeChecker (HddsVolumeChecker.java:checkAllVolumes(204)) - Scheduled health check for volume /workdir/hadoop-ozone/tools/target/test-dir/MiniOzoneClusterImpl-d378e231-1417-4557-b6bf-feb5ffee2028/datanode-1/data/containers/hdds
2019-10-22 04:19:57,758 [main] INFO  impl.RaftServerProxy (ConfUtils.java:logGet(43)) - raft.rpc.type = GRPC (default)
2019-10-22 04:19:57,759 [main] INFO  grpc.GrpcFactory (GrpcFactory.java:checkPooledByteBufAllocatorUseCacheForAllThreads(45)) - PERFORMANCE WARNING: useCacheForAllThreads is true that may cause Netty to create a lot garbage objects and, as a result, trigger GC.
	It is recommended to disable useCacheForAllThreads by setting -Dorg.apache.ratis.thirdparty.io.netty.allocator.useCacheForAllThreads=false in command line.
2019-10-22 04:19:57,759 [main] INFO  grpc.GrpcConfigKeys$Server (ConfUtils.java:logGet(43)) - raft.grpc.server.port = 0 (default)
2019-10-22 04:19:57,760 [main] INFO  server.GrpcService (ConfUtils.java:logGet(43)) - raft.grpc.message.size.max = 33570816 (custom)
2019-10-22 04:19:57,760 [main] INFO  server.RaftServerConfigKeys (ConfUtils.java:logGet(43)) - raft.server.log.appender.buffer.byte-limit = 33554432 (custom)
2019-10-22 04:19:57,760 [main] INFO  server.GrpcService (ConfUtils.java:logGet(43)) - raft.grpc.flow.control.window = 1MB (=1048576) (default)
2019-10-22 04:19:57,761 [main] INFO  server.RaftServerConfigKeys (ConfUtils.java:logGet(43)) - raft.server.rpc.request.timeout = 3000ms (default)
2019-10-22 04:19:57,764 [main] INFO  server.RaftServerConfigKeys (ConfUtils.java:logGet(43)) - raft.server.storage.dir = [/workdir/hadoop-ozone/tools/target/test-dir/MiniOzoneClusterImpl-d378e231-1417-4557-b6bf-feb5ffee2028/datanode-1/data/ratis] (custom)
2019-10-22 04:19:57,766 [main] INFO  hdfs.DFSUtil (DFSUtil.java:httpServerTemplateForNNAndJN(1641)) - Starting Web-server for hddsDatanode at: http://0.0.0.0:0
2019-10-22 04:19:57,769 [main] INFO  server.AuthenticationFilter (AuthenticationFilter.java:constructSecretProvider(240)) - Unable to initialize FileSignerSecretProvider, falling back to use random secrets.
2019-10-22 04:19:57,770 [main] WARN  http.HttpRequestLog (HttpRequestLog.java:getRequestLog(97)) - Jetty request log can only be enabled using Log4j
2019-10-22 04:19:57,772 [main] INFO  http.HttpServer2 (HttpServer2.java:addGlobalFilter(975)) - Added global filter 'safety' (class=org.apache.hadoop.http.HttpServer2$QuotingInputFilter)
2019-10-22 04:19:57,773 [main] INFO  http.HttpServer2 (HttpServer2.java:addFilter(948)) - Added filter static_user_filter (class=org.apache.hadoop.http.lib.StaticUserWebFilter$StaticUserFilter) to context hddsDatanode
2019-10-22 04:19:57,773 [main] INFO  http.HttpServer2 (HttpServer2.java:addFilter(958)) - Added filter static_user_filter (class=org.apache.hadoop.http.lib.StaticUserWebFilter$StaticUserFilter) to context static
2019-10-22 04:19:57,774 [main] INFO  http.HttpServer2 (HttpServer2.java:addFilter(958)) - Added filter static_user_filter (class=org.apache.hadoop.http.lib.StaticUserWebFilter$StaticUserFilter) to context logs
2019-10-22 04:19:57,775 [main] INFO  http.HttpServer2 (HttpServer2.java:bindListener(1191)) - Jetty bound to port 38049
2019-10-22 04:19:57,775 [main] INFO  server.Server (Server.java:doStart(351)) - jetty-9.3.25.v20180904, build timestamp: 2018-09-04T21:11:46Z, git hash: 3ce520221d0240229c862b122d2b06c12a625732
2019-10-22 04:19:57,779 [main] INFO  handler.ContextHandler (ContextHandler.java:doStart(781)) - Started o.e.j.s.ServletContextHandler@7a0ef219{/logs,file:///workdir/hadoop-ozone/tools/target/log,AVAILABLE}
2019-10-22 04:19:57,780 [main] INFO  handler.ContextHandler (ContextHandler.java:doStart(781)) - Started o.e.j.s.ServletContextHandler@7add323c{/static,jar:file:/home/user/.m2/repository/org/apache/hadoop/hadoop-hdds-container-service/0.5.0-SNAPSHOT/hadoop-hdds-container-service-0.5.0-SNAPSHOT.jar!/webapps/static,AVAILABLE}
2019-10-22 04:19:57,815 [main] INFO  handler.ContextHandler (ContextHandler.java:doStart(781)) - Started o.e.j.w.WebAppContext@31ee2fdb{/,file:///tmp/jetty-0.0.0.0-38049-hddsDatanode-_-any-8347246958558683566.dir/webapp/,AVAILABLE}{/hddsDatanode}
2019-10-22 04:19:57,816 [main] INFO  server.AbstractConnector (AbstractConnector.java:doStart(278)) - Started ServerConnector@262816a8{HTTP/1.1,[http/1.1]}{0.0.0.0:38049}
2019-10-22 04:19:57,816 [main] INFO  server.Server (Server.java:doStart(419)) - Started @5343ms
2019-10-22 04:19:57,816 [main] WARN  impl.MetricsSystemImpl (MetricsSystemImpl.java:register(276)) - Sink prometheus already exists!
2019-10-22 04:19:57,818 [main] INFO  server.BaseHttpServer (BaseHttpServer.java:updateConnectorAddress(215)) - HTTP server of HDDSDATANODE is listening at http://0.0.0.0:38049
2019-10-22 04:19:57,819 [main] INFO  impl.MetricsSystemImpl (MetricsSystemImpl.java:init(158)) - HddsDatanode metrics system started (again)
2019-10-22 04:19:57,822 [org.apache.hadoop.util.JvmPauseMonitor$Monitor@10b3988e] INFO  util.JvmPauseMonitor (JvmPauseMonitor.java:run(188)) - Starting JVM pause monitor
2019-10-22 04:19:57,824 [main] INFO  ozone.HddsDatanodeService (HddsDatanodeService.java:start(184)) - HddsDatanodeService host:pr-hdds-1643-hlxn2-3599243457 ip:192.168.34.14
2019-10-22 04:19:57,834 [main] INFO  volume.HddsVolume (HddsVolume.java:<init>(176)) - Creating Volume: /workdir/hadoop-ozone/tools/target/test-dir/MiniOzoneClusterImpl-d378e231-1417-4557-b6bf-feb5ffee2028/datanode-2/data/containers/hdds of  storage type : DISK and capacity : 1482555576320
2019-10-22 04:19:57,834 [main] INFO  volume.VolumeSet (VolumeSet.java:initializeVolumeSet(170)) - Added Volume : /workdir/hadoop-ozone/tools/target/test-dir/MiniOzoneClusterImpl-d378e231-1417-4557-b6bf-feb5ffee2028/datanode-2/data/containers/hdds to VolumeSet
2019-10-22 04:19:57,835 [Datanode State Machine Thread - 0] INFO  datanode.InitDatanodeState (InitDatanodeState.java:persistContainerDatanodeDetails(140)) - DatanodeDetails is persisted to /workdir/hadoop-ozone/tools/target/test-dir/MiniOzoneClusterImpl-d378e231-1417-4557-b6bf-feb5ffee2028/datanode-0/meta/datanode.id
2019-10-22 04:19:57,835 [main] INFO  volume.ThrottledAsyncChecker (ThrottledAsyncChecker.java:schedule(141)) - Scheduling a check for /workdir/hadoop-ozone/tools/target/test-dir/MiniOzoneClusterImpl-d378e231-1417-4557-b6bf-feb5ffee2028/datanode-2/data/containers/hdds
2019-10-22 04:19:57,838 [main] INFO  volume.HddsVolumeChecker (HddsVolumeChecker.java:checkAllVolumes(204)) - Scheduled health check for volume /workdir/hadoop-ozone/tools/target/test-dir/MiniOzoneClusterImpl-d378e231-1417-4557-b6bf-feb5ffee2028/datanode-2/data/containers/hdds
2019-10-22 04:19:57,839 [Datanode State Machine Thread - 0] INFO  datanode.InitDatanodeState (InitDatanodeState.java:persistContainerDatanodeDetails(140)) - DatanodeDetails is persisted to /workdir/hadoop-ozone/tools/target/test-dir/MiniOzoneClusterImpl-d378e231-1417-4557-b6bf-feb5ffee2028/datanode-1/meta/datanode.id
2019-10-22 04:19:57,858 [main] INFO  impl.RaftServerProxy (ConfUtils.java:logGet(43)) - raft.rpc.type = GRPC (default)
2019-10-22 04:19:57,858 [main] INFO  grpc.GrpcFactory (GrpcFactory.java:checkPooledByteBufAllocatorUseCacheForAllThreads(45)) - PERFORMANCE WARNING: useCacheForAllThreads is true that may cause Netty to create a lot garbage objects and, as a result, trigger GC.
	It is recommended to disable useCacheForAllThreads by setting -Dorg.apache.ratis.thirdparty.io.netty.allocator.useCacheForAllThreads=false in command line.
2019-10-22 04:19:57,859 [main] INFO  grpc.GrpcConfigKeys$Server (ConfUtils.java:logGet(43)) - raft.grpc.server.port = 0 (default)
2019-10-22 04:19:57,859 [main] INFO  server.GrpcService (ConfUtils.java:logGet(43)) - raft.grpc.message.size.max = 33570816 (custom)
2019-10-22 04:19:57,859 [main] INFO  server.RaftServerConfigKeys (ConfUtils.java:logGet(43)) - raft.server.log.appender.buffer.byte-limit = 33554432 (custom)
2019-10-22 04:19:57,859 [main] INFO  server.GrpcService (ConfUtils.java:logGet(43)) - raft.grpc.flow.control.window = 1MB (=1048576) (default)
2019-10-22 04:19:57,860 [main] INFO  server.RaftServerConfigKeys (ConfUtils.java:logGet(43)) - raft.server.rpc.request.timeout = 3000ms (default)
2019-10-22 04:19:57,860 [main] INFO  server.RaftServerConfigKeys (ConfUtils.java:logGet(43)) - raft.server.storage.dir = [/workdir/hadoop-ozone/tools/target/test-dir/MiniOzoneClusterImpl-d378e231-1417-4557-b6bf-feb5ffee2028/datanode-2/data/ratis] (custom)
2019-10-22 04:19:57,863 [main] INFO  hdfs.DFSUtil (DFSUtil.java:httpServerTemplateForNNAndJN(1641)) - Starting Web-server for hddsDatanode at: http://0.0.0.0:0
2019-10-22 04:19:57,865 [main] INFO  server.AuthenticationFilter (AuthenticationFilter.java:constructSecretProvider(240)) - Unable to initialize FileSignerSecretProvider, falling back to use random secrets.
2019-10-22 04:19:57,866 [main] WARN  http.HttpRequestLog (HttpRequestLog.java:getRequestLog(97)) - Jetty request log can only be enabled using Log4j
2019-10-22 04:19:57,868 [main] INFO  http.HttpServer2 (HttpServer2.java:addGlobalFilter(975)) - Added global filter 'safety' (class=org.apache.hadoop.http.HttpServer2$QuotingInputFilter)
2019-10-22 04:19:57,869 [main] INFO  http.HttpServer2 (HttpServer2.java:addFilter(948)) - Added filter static_user_filter (class=org.apache.hadoop.http.lib.StaticUserWebFilter$StaticUserFilter) to context hddsDatanode
2019-10-22 04:19:57,869 [main] INFO  http.HttpServer2 (HttpServer2.java:addFilter(958)) - Added filter static_user_filter (class=org.apache.hadoop.http.lib.StaticUserWebFilter$StaticUserFilter) to context static
2019-10-22 04:19:57,869 [main] INFO  http.HttpServer2 (HttpServer2.java:addFilter(958)) - Added filter static_user_filter (class=org.apache.hadoop.http.lib.StaticUserWebFilter$StaticUserFilter) to context logs
2019-10-22 04:19:57,870 [main] INFO  http.HttpServer2 (HttpServer2.java:bindListener(1191)) - Jetty bound to port 35963
2019-10-22 04:19:57,871 [main] INFO  server.Server (Server.java:doStart(351)) - jetty-9.3.25.v20180904, build timestamp: 2018-09-04T21:11:46Z, git hash: 3ce520221d0240229c862b122d2b06c12a625732
2019-10-22 04:19:57,873 [main] INFO  handler.ContextHandler (ContextHandler.java:doStart(781)) - Started o.e.j.s.ServletContextHandler@43e9089{/logs,file:///workdir/hadoop-ozone/tools/target/log,AVAILABLE}
2019-10-22 04:19:57,874 [main] INFO  handler.ContextHandler (ContextHandler.java:doStart(781)) - Started o.e.j.s.ServletContextHandler@352c44a8{/static,jar:file:/home/user/.m2/repository/org/apache/hadoop/hadoop-hdds-container-service/0.5.0-SNAPSHOT/hadoop-hdds-container-service-0.5.0-SNAPSHOT.jar!/webapps/static,AVAILABLE}
2019-10-22 04:19:57,912 [main] INFO  handler.ContextHandler (ContextHandler.java:doStart(781)) - Started o.e.j.w.WebAppContext@6dfa915a{/,file:///tmp/jetty-0.0.0.0-35963-hddsDatanode-_-any-6141655728797463816.dir/webapp/,AVAILABLE}{/hddsDatanode}
2019-10-22 04:19:57,913 [main] INFO  server.AbstractConnector (AbstractConnector.java:doStart(278)) - Started ServerConnector@78054f54{HTTP/1.1,[http/1.1]}{0.0.0.0:35963}
2019-10-22 04:19:57,913 [main] INFO  server.Server (Server.java:doStart(419)) - Started @5441ms
2019-10-22 04:19:57,914 [main] WARN  impl.MetricsSystemImpl (MetricsSystemImpl.java:register(276)) - Sink prometheus already exists!
2019-10-22 04:19:57,915 [main] INFO  server.BaseHttpServer (BaseHttpServer.java:updateConnectorAddress(215)) - HTTP server of HDDSDATANODE is listening at http://0.0.0.0:35963
2019-10-22 04:19:57,918 [main] INFO  ozone.MiniOzoneClusterImpl (MiniOzoneClusterImpl.java:lambda$waitForClusterToBeReady$0(147)) - Waiting for cluster to be ready. Got 0 of 3 DN Heartbeats.
2019-10-22 04:19:57,919 [org.apache.hadoop.util.JvmPauseMonitor$Monitor@1e992ba8] INFO  util.JvmPauseMonitor (JvmPauseMonitor.java:run(188)) - Starting JVM pause monitor
2019-10-22 04:19:57,922 [Datanode State Machine Thread - 0] INFO  datanode.InitDatanodeState (InitDatanodeState.java:persistContainerDatanodeDetails(140)) - DatanodeDetails is persisted to /workdir/hadoop-ozone/tools/target/test-dir/MiniOzoneClusterImpl-d378e231-1417-4557-b6bf-feb5ffee2028/datanode-2/meta/datanode.id
2019-10-22 04:19:58,918 [main] INFO  ozone.MiniOzoneClusterImpl (MiniOzoneClusterImpl.java:lambda$waitForClusterToBeReady$0(147)) - Waiting for cluster to be ready. Got 0 of 3 DN Heartbeats.
2019-10-22 04:19:59,919 [main] INFO  ozone.MiniOzoneClusterImpl (MiniOzoneClusterImpl.java:lambda$waitForClusterToBeReady$0(147)) - Waiting for cluster to be ready. Got 0 of 3 DN Heartbeats.
2019-10-22 04:20:00,920 [main] INFO  ozone.MiniOzoneClusterImpl (MiniOzoneClusterImpl.java:lambda$waitForClusterToBeReady$0(147)) - Waiting for cluster to be ready. Got 0 of 3 DN Heartbeats.
2019-10-22 04:20:01,921 [main] INFO  ozone.MiniOzoneClusterImpl (MiniOzoneClusterImpl.java:lambda$waitForClusterToBeReady$0(147)) - Waiting for cluster to be ready. Got 0 of 3 DN Heartbeats.
2019-10-22 04:20:02,922 [main] INFO  ozone.MiniOzoneClusterImpl (MiniOzoneClusterImpl.java:lambda$waitForClusterToBeReady$0(147)) - Waiting for cluster to be ready. Got 0 of 3 DN Heartbeats.
2019-10-22 04:20:03,922 [main] INFO  ozone.MiniOzoneClusterImpl (MiniOzoneClusterImpl.java:lambda$waitForClusterToBeReady$0(147)) - Waiting for cluster to be ready. Got 0 of 3 DN Heartbeats.
2019-10-22 04:20:04,923 [main] INFO  ozone.MiniOzoneClusterImpl (MiniOzoneClusterImpl.java:lambda$waitForClusterToBeReady$0(147)) - Waiting for cluster to be ready. Got 0 of 3 DN Heartbeats.
2019-10-22 04:20:05,924 [main] INFO  ozone.MiniOzoneClusterImpl (MiniOzoneClusterImpl.java:lambda$waitForClusterToBeReady$0(147)) - Waiting for cluster to be ready. Got 0 of 3 DN Heartbeats.
2019-10-22 04:20:06,808 [Datanode State Machine Thread - 0] INFO  ozoneimpl.OzoneContainer (OzoneContainer.java:start(213)) - Attempting to start container services.
2019-10-22 04:20:06,808 [Datanode State Machine Thread - 0] INFO  ozoneimpl.OzoneContainer (OzoneContainer.java:start(213)) - Attempting to start container services.
2019-10-22 04:20:06,808 [Datanode State Machine Thread - 0] INFO  ozoneimpl.OzoneContainer (OzoneContainer.java:start(213)) - Attempting to start container services.
2019-10-22 04:20:06,817 [Datanode State Machine Thread - 0] INFO  ozoneimpl.OzoneContainer (OzoneContainer.java:startContainerScrub(177)) - Background container scanner has been disabled.
2019-10-22 04:20:06,817 [Datanode State Machine Thread - 0] INFO  ratis.XceiverServerRatis (XceiverServerRatis.java:start(418)) - Starting XceiverServerRatis 601b4e43-fd2c-4737-8fdc-9e94860fc946 at port 0
2019-10-22 04:20:06,819 [Datanode State Machine Thread - 0] INFO  ozoneimpl.OzoneContainer (OzoneContainer.java:startContainerScrub(177)) - Background container scanner has been disabled.
2019-10-22 04:20:06,819 [Datanode State Machine Thread - 0] INFO  ozoneimpl.OzoneContainer (OzoneContainer.java:startContainerScrub(177)) - Background container scanner has been disabled.
2019-10-22 04:20:06,819 [Datanode State Machine Thread - 0] INFO  ratis.XceiverServerRatis (XceiverServerRatis.java:start(418)) - Starting XceiverServerRatis 0c43bc72-d834-4758-b91b-4934a5dc7f3b at port 0
2019-10-22 04:20:06,820 [Datanode State Machine Thread - 0] INFO  ratis.XceiverServerRatis (XceiverServerRatis.java:start(418)) - Starting XceiverServerRatis 39efaeea-ba86-4fd8-a10a-b7015b9eb4a1 at port 0
2019-10-22 04:20:06,874 [Datanode State Machine Thread - 0] INFO  impl.RaftServerProxy (RaftServerProxy.java:lambda$start$3(299)) - 0c43bc72-d834-4758-b91b-4934a5dc7f3b: start RPC server
2019-10-22 04:20:06,874 [Datanode State Machine Thread - 0] INFO  impl.RaftServerProxy (RaftServerProxy.java:lambda$start$3(299)) - 601b4e43-fd2c-4737-8fdc-9e94860fc946: start RPC server
2019-10-22 04:20:06,874 [Datanode State Machine Thread - 0] INFO  impl.RaftServerProxy (RaftServerProxy.java:lambda$start$3(299)) - 39efaeea-ba86-4fd8-a10a-b7015b9eb4a1: start RPC server
2019-10-22 04:20:06,926 [main] INFO  ozone.MiniOzoneClusterImpl (MiniOzoneClusterImpl.java:lambda$waitForClusterToBeReady$0(147)) - Waiting for cluster to be ready. Got 0 of 3 DN Heartbeats.
2019-10-22 04:20:07,045 [Datanode State Machine Thread - 0] INFO  server.GrpcService (GrpcService.java:startImpl(158)) - 601b4e43-fd2c-4737-8fdc-9e94860fc946: GrpcService started, listening on 0.0.0.0/0.0.0.0:37459
2019-10-22 04:20:07,045 [Datanode State Machine Thread - 0] INFO  server.GrpcService (GrpcService.java:startImpl(158)) - 0c43bc72-d834-4758-b91b-4934a5dc7f3b: GrpcService started, listening on 0.0.0.0/0.0.0.0:33792
2019-10-22 04:20:07,045 [Datanode State Machine Thread - 0] INFO  server.GrpcService (GrpcService.java:startImpl(158)) - 39efaeea-ba86-4fd8-a10a-b7015b9eb4a1: GrpcService started, listening on 0.0.0.0/0.0.0.0:43496
2019-10-22 04:20:07,046 [Datanode State Machine Thread - 0] INFO  ratis.XceiverServerRatis (XceiverServerRatis.java:start(428)) - XceiverServerRatis 0c43bc72-d834-4758-b91b-4934a5dc7f3b is started using port 33792
2019-10-22 04:20:07,046 [Datanode State Machine Thread - 0] INFO  ratis.XceiverServerRatis (XceiverServerRatis.java:start(428)) - XceiverServerRatis 601b4e43-fd2c-4737-8fdc-9e94860fc946 is started using port 37459
2019-10-22 04:20:07,047 [Datanode State Machine Thread - 0] INFO  ratis.XceiverServerRatis (XceiverServerRatis.java:start(428)) - XceiverServerRatis 39efaeea-ba86-4fd8-a10a-b7015b9eb4a1 is started using port 43496
2019-10-22 04:20:07,053 [Datanode State Machine Thread - 0] INFO  server.XceiverServerGrpc (XceiverServerGrpc.java:start(149)) - XceiverServerGrpc 601b4e43-fd2c-4737-8fdc-9e94860fc946 is started using port 44685
2019-10-22 04:20:07,053 [Datanode State Machine Thread - 0] INFO  server.XceiverServerGrpc (XceiverServerGrpc.java:start(149)) - XceiverServerGrpc 0c43bc72-d834-4758-b91b-4934a5dc7f3b is started using port 39345
2019-10-22 04:20:07,053 [Datanode State Machine Thread - 0] INFO  server.XceiverServerGrpc (XceiverServerGrpc.java:start(149)) - XceiverServerGrpc 39efaeea-ba86-4fd8-a10a-b7015b9eb4a1 is started using port 46697
2019-10-22 04:20:07,773 [IPC Server handler 0 on 33833] INFO  net.NetworkTopology (NetworkTopologyImpl.java:add(111)) - Added a new node: /default-rack/39efaeea-ba86-4fd8-a10a-b7015b9eb4a1
2019-10-22 04:20:07,774 [IPC Server handler 0 on 33833] INFO  node.SCMNodeManager (SCMNodeManager.java:register(268)) - Registered Data node : 39efaeea-ba86-4fd8-a10a-b7015b9eb4a1{ip: 192.168.34.14, host: pr-hdds-1643-hlxn2-3599243457, networkLocation: /default-rack, certSerialId: null}
2019-10-22 04:20:07,778 [EventQueue-NodeRegistrationContainerReportForDataNodeSafeModeRule] INFO  safemode.SCMSafeModeManager (DataNodeSafeModeRule.java:process(71)) - SCM in safe mode. 1 DataNodes registered, 1 required.
2019-10-22 04:20:07,778 [EventQueue-NodeRegistrationContainerReportForDataNodeSafeModeRule] INFO  safemode.SCMSafeModeManager (SCMSafeModeManager.java:validateSafeModeExitRules(177)) - ScmSafeModeManager, all rules are successfully validated
2019-10-22 04:20:07,778 [EventQueue-NodeRegistrationContainerReportForDataNodeSafeModeRule] INFO  safemode.SCMSafeModeManager (SCMSafeModeManager.java:exitSafeMode(193)) - SCM exiting safe mode.
2019-10-22 04:20:07,830 [IPC Server handler 1 on 33833] INFO  net.NetworkTopology (NetworkTopologyImpl.java:add(111)) - Added a new node: /default-rack/601b4e43-fd2c-4737-8fdc-9e94860fc946
2019-10-22 04:20:07,830 [IPC Server handler 1 on 33833] INFO  node.SCMNodeManager (SCMNodeManager.java:register(268)) - Registered Data node : 601b4e43-fd2c-4737-8fdc-9e94860fc946{ip: 192.168.34.14, host: pr-hdds-1643-hlxn2-3599243457, networkLocation: /default-rack, certSerialId: null}
2019-10-22 04:20:07,925 [IPC Server handler 2 on 33833] INFO  net.NetworkTopology (NetworkTopologyImpl.java:add(111)) - Added a new node: /default-rack/0c43bc72-d834-4758-b91b-4934a5dc7f3b
2019-10-22 04:20:07,925 [IPC Server handler 2 on 33833] INFO  node.SCMNodeManager (SCMNodeManager.java:register(268)) - Registered Data node : 0c43bc72-d834-4758-b91b-4934a5dc7f3b{ip: 192.168.34.14, host: pr-hdds-1643-hlxn2-3599243457, networkLocation: /default-rack, certSerialId: null}
2019-10-22 04:20:07,926 [main] INFO  ozone.MiniOzoneClusterImpl (MiniOzoneClusterImpl.java:lambda$waitForClusterToBeReady$0(147)) - Cluster is ready. Got 3 of 3 DN Heartbeats.
2019-10-22 04:20:08,263 [grpc-default-executor-0] INFO  impl.RaftServerProxy (RaftServerProxy.java:addNew(89)) - 39efaeea-ba86-4fd8-a10a-b7015b9eb4a1: addNew group-4F06CDADD9EE:[39efaeea-ba86-4fd8-a10a-b7015b9eb4a1:192.168.34.14:43496] returns group-4F06CDADD9EE:java.util.concurrent.CompletableFuture@13ed096a[Not completed]
2019-10-22 04:20:08,282 [pool-27-thread-1] INFO  impl.RaftServerImpl (RaftServerImpl.java:<init>(104)) - 39efaeea-ba86-4fd8-a10a-b7015b9eb4a1: new RaftServerImpl for group-4F06CDADD9EE:[39efaeea-ba86-4fd8-a10a-b7015b9eb4a1:192.168.34.14:43496] with ContainerStateMachine:uninitialized
2019-10-22 04:20:08,293 [pool-27-thread-1] INFO  server.RaftServerConfigKeys (ConfUtils.java:logGet(43)) - raft.server.rpc.timeout.min = 5s (custom)
2019-10-22 04:20:08,294 [pool-27-thread-1] INFO  server.RaftServerConfigKeys (ConfUtils.java:logGet(43)) - raft.server.rpc.timeout.max = 5200ms (custom)
2019-10-22 04:20:08,295 [pool-27-thread-1] INFO  server.RaftServerConfigKeys (ConfUtils.java:logGet(43)) - raft.server.rpcslowness.timeout = 120s (custom)
2019-10-22 04:20:08,296 [pool-27-thread-1] INFO  server.RaftServerConfigKeys (ConfUtils.java:logGet(43)) - raft.server.sleep.deviation.threshold = 300 (default)
2019-10-22 04:20:08,297 [pool-27-thread-1] INFO  server.RaftServerConfigKeys (ConfUtils.java:logGet(43)) - raft.server.log.appender.install.snapshot.enabled = false (custom)
2019-10-22 04:20:08,308 [pool-27-thread-1] INFO  impl.RaftServerImpl (ServerState.java:<init>(103)) - 39efaeea-ba86-4fd8-a10a-b7015b9eb4a1@group-4F06CDADD9EE: ConfigurationManager, init=-1: [39efaeea-ba86-4fd8-a10a-b7015b9eb4a1:192.168.34.14:43496], old=null, confs=<EMPTY_MAP>
2019-10-22 04:20:08,308 [pool-27-thread-1] INFO  server.RaftServerConfigKeys (ConfUtils.java:logGet(43)) - raft.server.storage.dir = [/workdir/hadoop-ozone/tools/target/test-dir/MiniOzoneClusterImpl-d378e231-1417-4557-b6bf-feb5ffee2028/datanode-0/data/ratis] (custom)
2019-10-22 04:20:08,315 [pool-27-thread-1] INFO  server.RaftServerConfigKeys (ConfUtils.java:logGet(43)) - raft.server.log.corruption.policy = EXCEPTION (default)
2019-10-22 04:20:08,318 [pool-27-thread-1] INFO  storage.RaftStorageDirectory (RaftStorageDirectory.java:analyzeStorage(246)) - The storage directory /workdir/hadoop-ozone/tools/target/test-dir/MiniOzoneClusterImpl-d378e231-1417-4557-b6bf-feb5ffee2028/datanode-0/data/ratis/fab9e0d5-fb25-492a-a19f-4f06cdadd9ee does not exist. Creating ...
2019-10-22 04:20:08,497 [main] INFO  freon.RandomKeyGenerator (RandomKeyGenerator.java:call(283)) - Number of Threads: 10
2019-10-22 04:20:08,498 [main] INFO  freon.RandomKeyGenerator (RandomKeyGenerator.java:call(288)) - Number of Volumes: 1.
2019-10-22 04:20:08,498 [main] INFO  freon.RandomKeyGenerator (RandomKeyGenerator.java:call(289)) - Number of Buckets per Volume: 1.
2019-10-22 04:20:08,498 [main] INFO  freon.RandomKeyGenerator (RandomKeyGenerator.java:call(290)) - Number of Keys per Bucket: 1.
2019-10-22 04:20:08,498 [main] INFO  freon.RandomKeyGenerator (RandomKeyGenerator.java:call(291)) - Key size: 20971520 bytes
2019-10-22 04:20:08,498 [main] INFO  freon.RandomKeyGenerator (RandomKeyGenerator.java:call(292)) - Buffer size: 4096 bytes
2019-10-22 04:20:08,499 [main] INFO  freon.RandomKeyGenerator (RandomKeyGenerator.java:call(293)) - validateWrites : true
2019-10-22 04:20:08,502 [main] INFO  freon.RandomKeyGenerator (RandomKeyGenerator.java:call(307)) - Data validation is enabled.
2019-10-22 04:20:08,504 [main] INFO  freon.RandomKeyGenerator (RandomKeyGenerator.java:call(313)) - Starting progress bar Thread.

 0.00% |?                                                                                                    |  0/1 Time: 0:00:002019-10-22 04:20:08,533 [pool-53-thread-1] INFO  rpc.RpcClient (RpcClient.java:createVolume(272)) - Creating Volume: vol-0-26204, with jenkins1000 as owner.
2019-10-22 04:20:08,639 [IPC Server handler 1 on 33579] INFO  volume.OMVolumeCreateRequest (OMVolumeCreateRequest.java:validateAndUpdateCache(193)) - created volume:vol-0-26204 for user:jenkins1000
2019-10-22 04:20:08,677 [pool-53-thread-2] INFO  rpc.RpcClient (RpcClient.java:createBucket(411)) - Creating Bucket: vol-0-26204/bucket-0-42445, with Versioning false and Storage Type set to DISK and Encryption set to false 
2019-10-22 04:20:08,746 [IPC Server handler 1 on 40405] INFO  server.SCMBlockProtocolServer (SCMBlockProtocolServer.java:allocateBlock(179)) - Allocating 5 blocks of size 4194304, with ExcludeList {datanodes = [], containerIds = [], pipelineIds = []}
 0.00% |?                                                                                                    |  0/1 Time: 0:00:01 0.00% |?                                                                                                    |  0/1 Time: 0:00:022019-10-22 04:20:10,786 [Thread-178] INFO  container.ReplicationManager (ReplicationManager.java:start(162)) - Starting Replication Monitor Thread.
2019-10-22 04:20:10,788 [ReplicationMonitor] INFO  container.ReplicationManager (ReplicationManager.java:run(225)) - Replication Monitor Thread took 0 milliseconds for processing 0 containers.
2019-10-22 04:20:10,964 [RATISCREATEPIPELINE1] ERROR pipeline.RatisPipelineProvider (RatisPipelineProvider.java:lambda$null$5(237)) - Failed invoke Ratis rpc org.apache.hadoop.hdds.scm.pipeline.RatisPipelineProvider$$Lambda$194/1384425253@f10511f for 39efaeea-ba86-4fd8-a10a-b7015b9eb4a1
org.apache.ratis.protocol.TimeoutIOException: deadline exceeded after 2963904729ns
	at org.apache.ratis.grpc.GrpcUtil.tryUnwrapException(GrpcUtil.java:82)
	at org.apache.ratis.grpc.GrpcUtil.unwrapException(GrpcUtil.java:75)
	at org.apache.ratis.grpc.client.GrpcClientProtocolClient.blockingCall(GrpcClientProtocolClient.java:184)
	at org.apache.ratis.grpc.client.GrpcClientProtocolClient.groupAdd(GrpcClientProtocolClient.java:153)
	at org.apache.ratis.grpc.client.GrpcClientRpc.sendRequest(GrpcClientRpc.java:94)
	at org.apache.ratis.client.impl.RaftClientImpl.sendRequest(RaftClientImpl.java:278)
	at org.apache.ratis.client.impl.RaftClientImpl.groupAdd(RaftClientImpl.java:205)
	at org.apache.hadoop.hdds.scm.pipeline.RatisPipelineProvider.lambda$initializePipeline$4(RatisPipelineProvider.java:198)
	at org.apache.hadoop.hdds.scm.pipeline.RatisPipelineProvider.lambda$null$5(RatisPipelineProvider.java:233)
	at java.util.stream.ForEachOps$ForEachOp$OfRef.accept(ForEachOps.java:183)
	at java.util.ArrayList$ArrayListSpliterator.forEachRemaining(ArrayList.java:1382)
	at java.util.stream.AbstractPipeline.copyInto(AbstractPipeline.java:482)
	at java.util.stream.ForEachOps$ForEachTask.compute(ForEachOps.java:290)
	at java.util.concurrent.CountedCompleter.exec(CountedCompleter.java:731)
	at java.util.concurrent.ForkJoinTask.doExec(ForkJoinTask.java:289)
	at java.util.concurrent.ForkJoinTask.doInvoke(ForkJoinTask.java:401)
	at java.util.concurrent.ForkJoinTask.invoke(ForkJoinTask.java:734)
	at java.util.stream.ForEachOps$ForEachOp.evaluateParallel(ForEachOps.java:159)
	at java.util.stream.ForEachOps$ForEachOp$OfRef.evaluateParallel(ForEachOps.java:173)
	at java.util.stream.AbstractPipeline.evaluate(AbstractPipeline.java:233)
	at java.util.stream.ReferencePipeline.forEach(ReferencePipeline.java:485)
	at java.util.stream.ReferencePipeline$Head.forEach(ReferencePipeline.java:650)
	at org.apache.hadoop.hdds.scm.pipeline.RatisPipelineProvider.lambda$callRatisRpc$6(RatisPipelineProvider.java:227)
	at java.util.concurrent.ForkJoinTask$AdaptedRunnableAction.exec(ForkJoinTask.java:1386)
	at java.util.concurrent.ForkJoinTask.doExec(ForkJoinTask.java:289)
	at java.util.concurrent.ForkJoinPool$WorkQueue.runTask(ForkJoinPool.java:1056)
	at java.util.concurrent.ForkJoinPool.runWorker(ForkJoinPool.java:1692)
	at java.util.concurrent.ForkJoinWorkerThread.run(ForkJoinWorkerThread.java:157)
Caused by: org.apache.ratis.thirdparty.io.grpc.StatusRuntimeException: DEADLINE_EXCEEDED: deadline exceeded after 2963904729ns
	at org.apache.ratis.thirdparty.io.grpc.stub.ClientCalls.toStatusRuntimeException(ClientCalls.java:233)
	at org.apache.ratis.thirdparty.io.grpc.stub.ClientCalls.getUnchecked(ClientCalls.java:214)
	at org.apache.ratis.thirdparty.io.grpc.stub.ClientCalls.blockingUnaryCall(ClientCalls.java:139)
	at org.apache.ratis.proto.grpc.AdminProtocolServiceGrpc$AdminProtocolServiceBlockingStub.groupManagement(AdminProtocolServiceGrpc.java:274)
	at org.apache.ratis.grpc.client.GrpcClientProtocolClient.lambda$groupAdd$3(GrpcClientProtocolClient.java:155)
	at org.apache.ratis.grpc.client.GrpcClientProtocolClient.blockingCall(GrpcClientProtocolClient.java:182)
	... 25 more
2019-10-22 04:20:11,012 [grpc-default-executor-2] INFO  impl.RaftServerProxy (RaftServerProxy.java:addNew(89)) - 601b4e43-fd2c-4737-8fdc-9e94860fc946: addNew group-B5BEB8C9A630:[39efaeea-ba86-4fd8-a10a-b7015b9eb4a1:192.168.34.14:43496, 601b4e43-fd2c-4737-8fdc-9e94860fc946:192.168.34.14:37459, 0c43bc72-d834-4758-b91b-4934a5dc7f3b:192.168.34.14:33792] returns group-B5BEB8C9A630:java.util.concurrent.CompletableFuture@5527971c[Not completed]
2019-10-22 04:20:11,041 [pool-37-thread-1] INFO  impl.RaftServerImpl (RaftServerImpl.java:<init>(104)) - 601b4e43-fd2c-4737-8fdc-9e94860fc946: new RaftServerImpl for group-B5BEB8C9A630:[39efaeea-ba86-4fd8-a10a-b7015b9eb4a1:192.168.34.14:43496, 601b4e43-fd2c-4737-8fdc-9e94860fc946:192.168.34.14:37459, 0c43bc72-d834-4758-b91b-4934a5dc7f3b:192.168.34.14:33792] with ContainerStateMachine:uninitialized
2019-10-22 04:20:11,043 [pool-37-thread-1] INFO  server.RaftServerConfigKeys (ConfUtils.java:logGet(43)) - raft.server.rpc.timeout.min = 5s (custom)
2019-10-22 04:20:11,043 [grpc-default-executor-1] INFO  impl.RaftServerProxy (RaftServerProxy.java:addNew(89)) - 39efaeea-ba86-4fd8-a10a-b7015b9eb4a1: addNew group-B5BEB8C9A630:[39efaeea-ba86-4fd8-a10a-b7015b9eb4a1:192.168.34.14:43496, 601b4e43-fd2c-4737-8fdc-9e94860fc946:192.168.34.14:37459, 0c43bc72-d834-4758-b91b-4934a5dc7f3b:192.168.34.14:33792] returns group-B5BEB8C9A630:java.util.concurrent.CompletableFuture@697882cf[Not completed]
2019-10-22 04:20:11,043 [pool-37-thread-1] INFO  server.RaftServerConfigKeys (ConfUtils.java:logGet(43)) - raft.server.rpc.timeout.max = 5200ms (custom)
2019-10-22 04:20:11,043 [pool-37-thread-1] INFO  server.RaftServerConfigKeys (ConfUtils.java:logGet(43)) - raft.server.rpcslowness.timeout = 120s (custom)
2019-10-22 04:20:11,043 [pool-37-thread-1] INFO  server.RaftServerConfigKeys (ConfUtils.java:logGet(43)) - raft.server.sleep.deviation.threshold = 300 (default)
2019-10-22 04:20:11,043 [grpc-default-executor-2] INFO  impl.RaftServerProxy (RaftServerProxy.java:addNew(89)) - 0c43bc72-d834-4758-b91b-4934a5dc7f3b: addNew group-B5BEB8C9A630:[39efaeea-ba86-4fd8-a10a-b7015b9eb4a1:192.168.34.14:43496, 601b4e43-fd2c-4737-8fdc-9e94860fc946:192.168.34.14:37459, 0c43bc72-d834-4758-b91b-4934a5dc7f3b:192.168.34.14:33792] returns group-B5BEB8C9A630:java.util.concurrent.CompletableFuture@4889bdad[Not completed]
2019-10-22 04:20:11,044 [pool-37-thread-1] INFO  server.RaftServerConfigKeys (ConfUtils.java:logGet(43)) - raft.server.log.appender.install.snapshot.enabled = false (custom)
2019-10-22 04:20:11,044 [pool-37-thread-1] INFO  impl.RaftServerImpl (ServerState.java:<init>(103)) - 601b4e43-fd2c-4737-8fdc-9e94860fc946@group-B5BEB8C9A630: ConfigurationManager, init=-1: [39efaeea-ba86-4fd8-a10a-b7015b9eb4a1:192.168.34.14:43496, 601b4e43-fd2c-4737-8fdc-9e94860fc946:192.168.34.14:37459, 0c43bc72-d834-4758-b91b-4934a5dc7f3b:192.168.34.14:33792], old=null, confs=<EMPTY_MAP>
2019-10-22 04:20:11,044 [pool-37-thread-1] INFO  server.RaftServerConfigKeys (ConfUtils.java:logGet(43)) - raft.server.storage.dir = [/workdir/hadoop-ozone/tools/target/test-dir/MiniOzoneClusterImpl-d378e231-1417-4557-b6bf-feb5ffee2028/datanode-1/data/ratis] (custom)
2019-10-22 04:20:11,045 [pool-37-thread-1] INFO  server.RaftServerConfigKeys (ConfUtils.java:logGet(43)) - raft.server.log.corruption.policy = EXCEPTION (default)
2019-10-22 04:20:11,046 [pool-37-thread-1] INFO  storage.RaftStorageDirectory (RaftStorageDirectory.java:analyzeStorage(246)) - The storage directory /workdir/hadoop-ozone/tools/target/test-dir/MiniOzoneClusterImpl-d378e231-1417-4557-b6bf-feb5ffee2028/datanode-1/data/ratis/36890ea7-a165-4fef-9343-b5beb8c9a630 does not exist. Creating ...
2019-10-22 04:20:11,058 [pool-47-thread-1] INFO  impl.RaftServerImpl (RaftServerImpl.java:<init>(104)) - 0c43bc72-d834-4758-b91b-4934a5dc7f3b: new RaftServerImpl for group-B5BEB8C9A630:[39efaeea-ba86-4fd8-a10a-b7015b9eb4a1:192.168.34.14:43496, 601b4e43-fd2c-4737-8fdc-9e94860fc946:192.168.34.14:37459, 0c43bc72-d834-4758-b91b-4934a5dc7f3b:192.168.34.14:33792] with ContainerStateMachine:uninitialized
2019-10-22 04:20:11,059 [pool-47-thread-1] INFO  server.RaftServerConfigKeys (ConfUtils.java:logGet(43)) - raft.server.rpc.timeout.min = 5s (custom)
2019-10-22 04:20:11,060 [pool-47-thread-1] INFO  server.RaftServerConfigKeys (ConfUtils.java:logGet(43)) - raft.server.rpc.timeout.max = 5200ms (custom)
2019-10-22 04:20:11,060 [pool-47-thread-1] INFO  server.RaftServerConfigKeys (ConfUtils.java:logGet(43)) - raft.server.rpcslowness.timeout = 120s (custom)
2019-10-22 04:20:11,060 [pool-47-thread-1] INFO  server.RaftServerConfigKeys (ConfUtils.java:logGet(43)) - raft.server.sleep.deviation.threshold = 300 (default)
2019-10-22 04:20:11,060 [pool-47-thread-1] INFO  server.RaftServerConfigKeys (ConfUtils.java:logGet(43)) - raft.server.log.appender.install.snapshot.enabled = false (custom)
2019-10-22 04:20:11,061 [pool-47-thread-1] INFO  impl.RaftServerImpl (ServerState.java:<init>(103)) - 0c43bc72-d834-4758-b91b-4934a5dc7f3b@group-B5BEB8C9A630: ConfigurationManager, init=-1: [39efaeea-ba86-4fd8-a10a-b7015b9eb4a1:192.168.34.14:43496, 601b4e43-fd2c-4737-8fdc-9e94860fc946:192.168.34.14:37459, 0c43bc72-d834-4758-b91b-4934a5dc7f3b:192.168.34.14:33792], old=null, confs=<EMPTY_MAP>
2019-10-22 04:20:11,061 [pool-47-thread-1] INFO  server.RaftServerConfigKeys (ConfUtils.java:logGet(43)) - raft.server.storage.dir = [/workdir/hadoop-ozone/tools/target/test-dir/MiniOzoneClusterImpl-d378e231-1417-4557-b6bf-feb5ffee2028/datanode-2/data/ratis] (custom)
2019-10-22 04:20:11,061 [pool-47-thread-1] INFO  server.RaftServerConfigKeys (ConfUtils.java:logGet(43)) - raft.server.log.corruption.policy = EXCEPTION (default)
2019-10-22 04:20:11,062 [pool-47-thread-1] INFO  storage.RaftStorageDirectory (RaftStorageDirectory.java:analyzeStorage(246)) - The storage directory /workdir/hadoop-ozone/tools/target/test-dir/MiniOzoneClusterImpl-d378e231-1417-4557-b6bf-feb5ffee2028/datanode-2/data/ratis/36890ea7-a165-4fef-9343-b5beb8c9a630 does not exist. Creating ...
2019-10-22 04:20:11,200 [pool-27-thread-1] INFO  storage.RaftStorageDirectory (RaftStorageDirectory.java:tryLock(328)) - Lock on /workdir/hadoop-ozone/tools/target/test-dir/MiniOzoneClusterImpl-d378e231-1417-4557-b6bf-feb5ffee2028/datanode-0/data/ratis/fab9e0d5-fb25-492a-a19f-4f06cdadd9ee/in_use.lock acquired by nodename 24852@pr-hdds-1643-hlxn2-3599243457
 0.00% |?                                                                                                    |  0/1 Time: 0:00:03 0.00% |?                                                                                                    |  0/1 Time: 0:00:042019-10-22 04:20:13,406 [pool-47-thread-1] INFO  storage.RaftStorageDirectory (RaftStorageDirectory.java:tryLock(328)) - Lock on /workdir/hadoop-ozone/tools/target/test-dir/MiniOzoneClusterImpl-d378e231-1417-4557-b6bf-feb5ffee2028/datanode-2/data/ratis/36890ea7-a165-4fef-9343-b5beb8c9a630/in_use.lock acquired by nodename 24852@pr-hdds-1643-hlxn2-3599243457
2019-10-22 04:20:13,406 [pool-37-thread-1] INFO  storage.RaftStorageDirectory (RaftStorageDirectory.java:tryLock(328)) - Lock on /workdir/hadoop-ozone/tools/target/test-dir/MiniOzoneClusterImpl-d378e231-1417-4557-b6bf-feb5ffee2028/datanode-1/data/ratis/36890ea7-a165-4fef-9343-b5beb8c9a630/in_use.lock acquired by nodename 24852@pr-hdds-1643-hlxn2-3599243457
2019-10-22 04:20:13,417 [pool-47-thread-1] INFO  storage.RaftStorage (RaftStorage.java:format(84)) - Storage directory /workdir/hadoop-ozone/tools/target/test-dir/MiniOzoneClusterImpl-d378e231-1417-4557-b6bf-feb5ffee2028/datanode-2/data/ratis/36890ea7-a165-4fef-9343-b5beb8c9a630 has been successfully formatted.
2019-10-22 04:20:13,417 [pool-27-thread-1] INFO  storage.RaftStorage (RaftStorage.java:format(84)) - Storage directory /workdir/hadoop-ozone/tools/target/test-dir/MiniOzoneClusterImpl-d378e231-1417-4557-b6bf-feb5ffee2028/datanode-0/data/ratis/fab9e0d5-fb25-492a-a19f-4f06cdadd9ee has been successfully formatted.
2019-10-22 04:20:13,417 [pool-37-thread-1] INFO  storage.RaftStorage (RaftStorage.java:format(84)) - Storage directory /workdir/hadoop-ozone/tools/target/test-dir/MiniOzoneClusterImpl-d378e231-1417-4557-b6bf-feb5ffee2028/datanode-1/data/ratis/36890ea7-a165-4fef-9343-b5beb8c9a630 has been successfully formatted.
2019-10-22 04:20:13,424 [pool-27-thread-1] INFO  ratis.ContainerStateMachine (ContainerStateMachine.java:loadSnapshot(231)) - group-4F06CDADD9EE: The snapshot info is null. Setting the last applied indexto:(t:0, i:~)
2019-10-22 04:20:13,424 [pool-37-thread-1] INFO  ratis.ContainerStateMachine (ContainerStateMachine.java:loadSnapshot(231)) - group-B5BEB8C9A630: The snapshot info is null. Setting the last applied indexto:(t:0, i:~)
2019-10-22 04:20:13,424 [pool-47-thread-1] INFO  ratis.ContainerStateMachine (ContainerStateMachine.java:loadSnapshot(231)) - group-B5BEB8C9A630: The snapshot info is null. Setting the last applied indexto:(t:0, i:~)
2019-10-22 04:20:13,429 [pool-37-thread-1] INFO  server.RaftServerConfigKeys (ConfUtils.java:logGet(43)) - raft.server.notification.no-leader.timeout = 120s (custom)
2019-10-22 04:20:13,428 [pool-27-thread-1] INFO  server.RaftServerConfigKeys (ConfUtils.java:logGet(43)) - raft.server.notification.no-leader.timeout = 120s (custom)
2019-10-22 04:20:13,429 [pool-47-thread-1] INFO  server.RaftServerConfigKeys (ConfUtils.java:logGet(43)) - raft.server.notification.no-leader.timeout = 120s (custom)
2019-10-22 04:20:13,432 [pool-37-thread-1] INFO  server.RaftServerConfigKeys (ConfUtils.java:logGet(43)) - raft.server.log.use.memory = false (default)
2019-10-22 04:20:13,432 [pool-47-thread-1] INFO  server.RaftServerConfigKeys (ConfUtils.java:logGet(43)) - raft.server.log.use.memory = false (default)
2019-10-22 04:20:13,432 [pool-27-thread-1] INFO  server.RaftServerConfigKeys (ConfUtils.java:logGet(43)) - raft.server.log.use.memory = false (default)
2019-10-22 04:20:13,441 [pool-47-thread-1] INFO  server.RaftServerConfigKeys (ConfUtils.java:logGet(43)) - raft.server.log.purge.gap = 1000000 (custom)
2019-10-22 04:20:13,441 [pool-37-thread-1] INFO  server.RaftServerConfigKeys (ConfUtils.java:logGet(43)) - raft.server.log.purge.gap = 1000000 (custom)
2019-10-22 04:20:13,441 [pool-27-thread-1] INFO  server.RaftServerConfigKeys (ConfUtils.java:logGet(43)) - raft.server.log.purge.gap = 1000000 (custom)
2019-10-22 04:20:13,441 [pool-37-thread-1] INFO  server.RaftServerConfigKeys (ConfUtils.java:logGet(43)) - raft.server.log.appender.buffer.byte-limit = 33554432 (custom)
2019-10-22 04:20:13,441 [pool-47-thread-1] INFO  server.RaftServerConfigKeys (ConfUtils.java:logGet(43)) - raft.server.log.appender.buffer.byte-limit = 33554432 (custom)
2019-10-22 04:20:13,441 [pool-27-thread-1] INFO  server.RaftServerConfigKeys (ConfUtils.java:logGet(43)) - raft.server.log.appender.buffer.byte-limit = 33554432 (custom)
2019-10-22 04:20:13,444 [pool-37-thread-1] INFO  server.RaftServerConfigKeys (ConfUtils.java:logGet(43)) - raft.server.log.segment.size.max = 1048576 (custom)
2019-10-22 04:20:13,445 [pool-47-thread-1] INFO  server.RaftServerConfigKeys (ConfUtils.java:logGet(43)) - raft.server.log.segment.size.max = 1048576 (custom)
2019-10-22 04:20:13,444 [pool-27-thread-1] INFO  server.RaftServerConfigKeys (ConfUtils.java:logGet(43)) - raft.server.log.segment.size.max = 1048576 (custom)
2019-10-22 04:20:13,447 [pool-37-thread-1] INFO  impl.MetricsSystemImpl (MetricsSystemImpl.java:init(158)) - ratis metrics system started (again)
2019-10-22 04:20:13,456 [pool-37-thread-1] INFO  metrics.MetricRegistries (MetricRegistriesLoader.java:load(64)) - Loaded MetricRegistries class org.apache.ratis.metrics.impl.MetricRegistriesImpl
 0.00% |?                                                                                                    |  0/1 Time: 0:00:052019-10-22 04:20:13,537 [pool-47-thread-1] INFO  server.RaftServerConfigKeys (ConfUtils.java:logGet(43)) - raft.server.log.segment.cache.num.max = 2 (custom)
2019-10-22 04:20:13,537 [pool-37-thread-1] INFO  server.RaftServerConfigKeys (ConfUtils.java:logGet(43)) - raft.server.log.segment.cache.num.max = 2 (custom)
2019-10-22 04:20:13,537 [pool-27-thread-1] INFO  server.RaftServerConfigKeys (ConfUtils.java:logGet(43)) - raft.server.log.segment.cache.num.max = 2 (custom)
2019-10-22 04:20:13,547 [pool-47-thread-1] INFO  segmented.SegmentedRaftLogWorker (SegmentedRaftLogWorker.java:<init>(173)) - new 0c43bc72-d834-4758-b91b-4934a5dc7f3b@group-B5BEB8C9A630-SegmentedRaftLogWorker for RaftStorage:Storage Directory /workdir/hadoop-ozone/tools/target/test-dir/MiniOzoneClusterImpl-d378e231-1417-4557-b6bf-feb5ffee2028/datanode-2/data/ratis/36890ea7-a165-4fef-9343-b5beb8c9a630
2019-10-22 04:20:13,547 [pool-37-thread-1] INFO  segmented.SegmentedRaftLogWorker (SegmentedRaftLogWorker.java:<init>(173)) - new 601b4e43-fd2c-4737-8fdc-9e94860fc946@group-B5BEB8C9A630-SegmentedRaftLogWorker for RaftStorage:Storage Directory /workdir/hadoop-ozone/tools/target/test-dir/MiniOzoneClusterImpl-d378e231-1417-4557-b6bf-feb5ffee2028/datanode-1/data/ratis/36890ea7-a165-4fef-9343-b5beb8c9a630
2019-10-22 04:20:13,547 [pool-27-thread-1] INFO  segmented.SegmentedRaftLogWorker (SegmentedRaftLogWorker.java:<init>(173)) - new 39efaeea-ba86-4fd8-a10a-b7015b9eb4a1@group-4F06CDADD9EE-SegmentedRaftLogWorker for RaftStorage:Storage Directory /workdir/hadoop-ozone/tools/target/test-dir/MiniOzoneClusterImpl-d378e231-1417-4557-b6bf-feb5ffee2028/datanode-0/data/ratis/fab9e0d5-fb25-492a-a19f-4f06cdadd9ee
2019-10-22 04:20:13,548 [pool-47-thread-1] INFO  server.RaftServerConfigKeys (ConfUtils.java:logGet(43)) - raft.server.log.queue.byte-limit = 2147483647 (custom)
2019-10-22 04:20:13,548 [pool-37-thread-1] INFO  server.RaftServerConfigKeys (ConfUtils.java:logGet(43)) - raft.server.log.queue.byte-limit = 2147483647 (custom)
2019-10-22 04:20:13,549 [pool-27-thread-1] INFO  server.RaftServerConfigKeys (ConfUtils.java:logGet(43)) - raft.server.log.queue.byte-limit = 2147483647 (custom)
2019-10-22 04:20:13,549 [pool-47-thread-1] INFO  server.RaftServerConfigKeys (ConfUtils.java:logGet(43)) - raft.server.log.queue.element-limit = 1024 (custom)
2019-10-22 04:20:13,549 [pool-27-thread-1] INFO  server.RaftServerConfigKeys (ConfUtils.java:logGet(43)) - raft.server.log.queue.element-limit = 1024 (custom)
2019-10-22 04:20:13,549 [pool-37-thread-1] INFO  server.RaftServerConfigKeys (ConfUtils.java:logGet(43)) - raft.server.log.queue.element-limit = 1024 (custom)
2019-10-22 04:20:13,551 [pool-27-thread-1] INFO  server.RaftServerConfigKeys (ConfUtils.java:logGet(43)) - raft.server.log.segment.size.max = 1048576 (custom)
2019-10-22 04:20:13,551 [pool-47-thread-1] INFO  server.RaftServerConfigKeys (ConfUtils.java:logGet(43)) - raft.server.log.segment.size.max = 1048576 (custom)
2019-10-22 04:20:13,551 [pool-37-thread-1] INFO  server.RaftServerConfigKeys (ConfUtils.java:logGet(43)) - raft.server.log.segment.size.max = 1048576 (custom)
2019-10-22 04:20:13,552 [pool-27-thread-1] INFO  server.RaftServerConfigKeys (ConfUtils.java:logGet(43)) - raft.server.log.preallocated.size = 16384 (custom)
2019-10-22 04:20:13,552 [pool-47-thread-1] INFO  server.RaftServerConfigKeys (ConfUtils.java:logGet(43)) - raft.server.log.preallocated.size = 16384 (custom)
2019-10-22 04:20:13,552 [pool-37-thread-1] INFO  server.RaftServerConfigKeys (ConfUtils.java:logGet(43)) - raft.server.log.preallocated.size = 16384 (custom)
2019-10-22 04:20:13,552 [pool-27-thread-1] INFO  server.RaftServerConfigKeys (ConfUtils.java:logGet(43)) - raft.server.log.write.buffer.size = 33554432 (custom)
2019-10-22 04:20:13,552 [pool-47-thread-1] INFO  server.RaftServerConfigKeys (ConfUtils.java:logGet(43)) - raft.server.log.write.buffer.size = 33554432 (custom)
2019-10-22 04:20:13,552 [pool-37-thread-1] INFO  server.RaftServerConfigKeys (ConfUtils.java:logGet(43)) - raft.server.log.write.buffer.size = 33554432 (custom)
2019-10-22 04:20:13,553 [pool-27-thread-1] INFO  server.RaftServerConfigKeys (ConfUtils.java:logGet(43)) - raft.server.log.force.sync.num = 128 (default)
2019-10-22 04:20:13,553 [pool-47-thread-1] INFO  server.RaftServerConfigKeys (ConfUtils.java:logGet(43)) - raft.server.log.force.sync.num = 128 (default)
2019-10-22 04:20:13,553 [pool-37-thread-1] INFO  server.RaftServerConfigKeys (ConfUtils.java:logGet(43)) - raft.server.log.force.sync.num = 128 (default)
2019-10-22 04:20:13,554 [pool-37-thread-1] INFO  server.RaftServerConfigKeys (ConfUtils.java:logGet(43)) - raft.server.log.statemachine.data.sync = true (default)
2019-10-22 04:20:13,554 [pool-47-thread-1] INFO  server.RaftServerConfigKeys (ConfUtils.java:logGet(43)) - raft.server.log.statemachine.data.sync = true (default)
2019-10-22 04:20:13,554 [pool-27-thread-1] INFO  server.RaftServerConfigKeys (ConfUtils.java:logGet(43)) - raft.server.log.statemachine.data.sync = true (default)
2019-10-22 04:20:13,554 [pool-47-thread-1] INFO  server.RaftServerConfigKeys (ConfUtils.java:logGet(43)) - raft.server.log.statemachine.data.sync.timeout = 10s (default)
2019-10-22 04:20:13,554 [pool-37-thread-1] INFO  server.RaftServerConfigKeys (ConfUtils.java:logGet(43)) - raft.server.log.statemachine.data.sync.timeout = 10s (default)
2019-10-22 04:20:13,554 [pool-27-thread-1] INFO  server.RaftServerConfigKeys (ConfUtils.java:logGet(43)) - raft.server.log.statemachine.data.sync.timeout = 10s (default)
2019-10-22 04:20:13,555 [pool-47-thread-1] INFO  server.RaftServerConfigKeys (ConfUtils.java:logGet(43)) - raft.server.log.statemachine.data.sync.timeout.retry = -1 (default)
2019-10-22 04:20:13,555 [pool-27-thread-1] INFO  server.RaftServerConfigKeys (ConfUtils.java:logGet(43)) - raft.server.log.statemachine.data.sync.timeout.retry = -1 (default)
2019-10-22 04:20:13,555 [pool-37-thread-1] INFO  server.RaftServerConfigKeys (ConfUtils.java:logGet(43)) - raft.server.log.statemachine.data.sync.timeout.retry = -1 (default)
2019-10-22 04:20:13,570 [pool-27-thread-1] INFO  server.RaftServerConfigKeys (ConfUtils.java:logGet(43)) - raft.server.log.statemachine.data.caching.enabled = true (custom)
2019-10-22 04:20:13,570 [pool-47-thread-1] INFO  server.RaftServerConfigKeys (ConfUtils.java:logGet(43)) - raft.server.log.statemachine.data.caching.enabled = true (custom)
2019-10-22 04:20:13,570 [pool-37-thread-1] INFO  server.RaftServerConfigKeys (ConfUtils.java:logGet(43)) - raft.server.log.statemachine.data.caching.enabled = true (custom)
2019-10-22 04:20:13,866 [pool-37-thread-1] INFO  segmented.SegmentedRaftLogWorker (SegmentedRaftLogWorker.java:lambda$new$0(128)) - 601b4e43-fd2c-4737-8fdc-9e94860fc946@group-B5BEB8C9A630-SegmentedRaftLogWorker: flushIndex: setUnconditionally 0 -> -1
2019-10-22 04:20:13,866 [pool-27-thread-1] INFO  segmented.SegmentedRaftLogWorker (SegmentedRaftLogWorker.java:lambda$new$0(128)) - 39efaeea-ba86-4fd8-a10a-b7015b9eb4a1@group-4F06CDADD9EE-SegmentedRaftLogWorker: flushIndex: setUnconditionally 0 -> -1
2019-10-22 04:20:13,866 [pool-47-thread-1] INFO  segmented.SegmentedRaftLogWorker (SegmentedRaftLogWorker.java:lambda$new$0(128)) - 0c43bc72-d834-4758-b91b-4934a5dc7f3b@group-B5BEB8C9A630-SegmentedRaftLogWorker: flushIndex: setUnconditionally 0 -> -1
2019-10-22 04:20:13,881 [pool-37-thread-1] INFO  server.RaftServerConfigKeys (ConfUtils.java:logGet(43)) - raft.server.snapshot.auto.trigger.enabled = true (custom)
2019-10-22 04:20:13,881 [pool-27-thread-1] INFO  server.RaftServerConfigKeys (ConfUtils.java:logGet(43)) - raft.server.snapshot.auto.trigger.enabled = true (custom)
2019-10-22 04:20:13,881 [pool-47-thread-1] INFO  server.RaftServerConfigKeys (ConfUtils.java:logGet(43)) - raft.server.snapshot.auto.trigger.enabled = true (custom)
2019-10-22 04:20:13,882 [pool-47-thread-1] INFO  server.RaftServerConfigKeys (ConfUtils.java:logGet(43)) - raft.server.snapshot.auto.trigger.threshold = 10000 (custom)
2019-10-22 04:20:13,882 [pool-27-thread-1] INFO  server.RaftServerConfigKeys (ConfUtils.java:logGet(43)) - raft.server.snapshot.auto.trigger.threshold = 10000 (custom)
2019-10-22 04:20:13,883 [pool-37-thread-1] INFO  server.RaftServerConfigKeys (ConfUtils.java:logGet(43)) - raft.server.snapshot.auto.trigger.threshold = 10000 (custom)
2019-10-22 04:20:13,883 [pool-47-thread-1] INFO  server.RaftServerConfigKeys (ConfUtils.java:logGet(43)) - raft.server.snapshot.retention.file.num = 5 (custom)
2019-10-22 04:20:13,883 [pool-37-thread-1] INFO  server.RaftServerConfigKeys (ConfUtils.java:logGet(43)) - raft.server.snapshot.retention.file.num = 5 (custom)
2019-10-22 04:20:13,883 [pool-27-thread-1] INFO  server.RaftServerConfigKeys (ConfUtils.java:logGet(43)) - raft.server.snapshot.retention.file.num = 5 (custom)
2019-10-22 04:20:13,883 [pool-37-thread-1] INFO  server.RaftServerConfigKeys (ConfUtils.java:logGet(43)) - raft.server.retrycache.expirytime = 600000ms (custom)
2019-10-22 04:20:13,883 [pool-27-thread-1] INFO  server.RaftServerConfigKeys (ConfUtils.java:logGet(43)) - raft.server.retrycache.expirytime = 600000ms (custom)
2019-10-22 04:20:13,883 [pool-47-thread-1] INFO  server.RaftServerConfigKeys (ConfUtils.java:logGet(43)) - raft.server.retrycache.expirytime = 600000ms (custom)
2019-10-22 04:20:13,919 [pool-47-thread-1] INFO  impl.RaftServerImpl (RaftServerImpl.java:start(195)) - 0c43bc72-d834-4758-b91b-4934a5dc7f3b@group-B5BEB8C9A630: start as a follower, conf=-1: [39efaeea-ba86-4fd8-a10a-b7015b9eb4a1:192.168.34.14:43496, 601b4e43-fd2c-4737-8fdc-9e94860fc946:192.168.34.14:37459, 0c43bc72-d834-4758-b91b-4934a5dc7f3b:192.168.34.14:33792], old=null
2019-10-22 04:20:13,919 [pool-37-thread-1] INFO  impl.RaftServerImpl (RaftServerImpl.java:start(195)) - 601b4e43-fd2c-4737-8fdc-9e94860fc946@group-B5BEB8C9A630: start as a follower, conf=-1: [39efaeea-ba86-4fd8-a10a-b7015b9eb4a1:192.168.34.14:43496, 601b4e43-fd2c-4737-8fdc-9e94860fc946:192.168.34.14:37459, 0c43bc72-d834-4758-b91b-4934a5dc7f3b:192.168.34.14:33792], old=null
2019-10-22 04:20:13,920 [pool-37-thread-1] INFO  impl.RaftServerImpl (RaftServerImpl.java:setRole(184)) - 601b4e43-fd2c-4737-8fdc-9e94860fc946@group-B5BEB8C9A630: changes role from      null to FOLLOWER at term 0 for startAsFollower
2019-10-22 04:20:13,920 [pool-47-thread-1] INFO  impl.RaftServerImpl (RaftServerImpl.java:setRole(184)) - 0c43bc72-d834-4758-b91b-4934a5dc7f3b@group-B5BEB8C9A630: changes role from      null to FOLLOWER at term 0 for startAsFollower
2019-10-22 04:20:13,921 [pool-37-thread-1] INFO  impl.RoleInfo (RoleInfo.java:updateAndGet(143)) - 601b4e43-fd2c-4737-8fdc-9e94860fc946: start FollowerState
2019-10-22 04:20:13,921 [pool-47-thread-1] INFO  impl.RoleInfo (RoleInfo.java:updateAndGet(143)) - 0c43bc72-d834-4758-b91b-4934a5dc7f3b: start FollowerState
2019-10-22 04:20:13,925 [pool-47-thread-1] INFO  util.JmxRegister (JmxRegister.java:tryRegister(44)) - Successfully registered JMX Bean with object name Ratis:service=RaftServer,group=group-B5BEB8C9A630,id=0c43bc72-d834-4758-b91b-4934a5dc7f3b
2019-10-22 04:20:13,925 [pool-37-thread-1] INFO  util.JmxRegister (JmxRegister.java:tryRegister(44)) - Successfully registered JMX Bean with object name Ratis:service=RaftServer,group=group-B5BEB8C9A630,id=601b4e43-fd2c-4737-8fdc-9e94860fc946
2019-10-22 04:20:13,926 [pool-27-thread-1] INFO  impl.RaftServerImpl (RaftServerImpl.java:<init>(104)) - 39efaeea-ba86-4fd8-a10a-b7015b9eb4a1: new RaftServerImpl for group-B5BEB8C9A630:[39efaeea-ba86-4fd8-a10a-b7015b9eb4a1:192.168.34.14:43496, 601b4e43-fd2c-4737-8fdc-9e94860fc946:192.168.34.14:37459, 0c43bc72-d834-4758-b91b-4934a5dc7f3b:192.168.34.14:33792] with ContainerStateMachine:uninitialized
2019-10-22 04:20:13,926 [pool-27-thread-1] INFO  server.RaftServerConfigKeys (ConfUtils.java:logGet(43)) - raft.server.rpc.timeout.min = 5s (custom)
2019-10-22 04:20:13,927 [pool-27-thread-1] INFO  server.RaftServerConfigKeys (ConfUtils.java:logGet(43)) - raft.server.rpc.timeout.max = 5200ms (custom)
2019-10-22 04:20:13,927 [pool-27-thread-1] INFO  server.RaftServerConfigKeys (ConfUtils.java:logGet(43)) - raft.server.rpcslowness.timeout = 120s (custom)
2019-10-22 04:20:13,927 [pool-27-thread-1] INFO  server.RaftServerConfigKeys (ConfUtils.java:logGet(43)) - raft.server.sleep.deviation.threshold = 300 (default)
2019-10-22 04:20:13,927 [pool-27-thread-1] INFO  server.RaftServerConfigKeys (ConfUtils.java:logGet(43)) - raft.server.log.appender.install.snapshot.enabled = false (custom)
2019-10-22 04:20:13,927 [pool-27-thread-1] INFO  impl.RaftServerImpl (ServerState.java:<init>(103)) - 39efaeea-ba86-4fd8-a10a-b7015b9eb4a1@group-B5BEB8C9A630: ConfigurationManager, init=-1: [39efaeea-ba86-4fd8-a10a-b7015b9eb4a1:192.168.34.14:43496, 601b4e43-fd2c-4737-8fdc-9e94860fc946:192.168.34.14:37459, 0c43bc72-d834-4758-b91b-4934a5dc7f3b:192.168.34.14:33792], old=null, confs=<EMPTY_MAP>
2019-10-22 04:20:13,928 [pool-27-thread-1] INFO  server.RaftServerConfigKeys (ConfUtils.java:logGet(43)) - raft.server.storage.dir = [/workdir/hadoop-ozone/tools/target/test-dir/MiniOzoneClusterImpl-d378e231-1417-4557-b6bf-feb5ffee2028/datanode-0/data/ratis] (custom)
2019-10-22 04:20:13,928 [pool-27-thread-1] INFO  server.RaftServerConfigKeys (ConfUtils.java:logGet(43)) - raft.server.log.corruption.policy = EXCEPTION (default)
2019-10-22 04:20:13,928 [pool-27-thread-1] INFO  storage.RaftStorageDirectory (RaftStorageDirectory.java:analyzeStorage(246)) - The storage directory /workdir/hadoop-ozone/tools/target/test-dir/MiniOzoneClusterImpl-d378e231-1417-4557-b6bf-feb5ffee2028/datanode-0/data/ratis/36890ea7-a165-4fef-9343-b5beb8c9a630 does not exist. Creating ...
2019-10-22 04:20:13,937 [pool-27-thread-1] INFO  storage.RaftStorageDirectory (RaftStorageDirectory.java:tryLock(328)) - Lock on /workdir/hadoop-ozone/tools/target/test-dir/MiniOzoneClusterImpl-d378e231-1417-4557-b6bf-feb5ffee2028/datanode-0/data/ratis/36890ea7-a165-4fef-9343-b5beb8c9a630/in_use.lock acquired by nodename 24852@pr-hdds-1643-hlxn2-3599243457
2019-10-22 04:20:13,950 [pool-27-thread-1] INFO  storage.RaftStorage (RaftStorage.java:format(84)) - Storage directory /workdir/hadoop-ozone/tools/target/test-dir/MiniOzoneClusterImpl-d378e231-1417-4557-b6bf-feb5ffee2028/datanode-0/data/ratis/36890ea7-a165-4fef-9343-b5beb8c9a630 has been successfully formatted.
2019-10-22 04:20:13,950 [pool-27-thread-1] INFO  ratis.ContainerStateMachine (ContainerStateMachine.java:loadSnapshot(231)) - group-B5BEB8C9A630: The snapshot info is null. Setting the last applied indexto:(t:0, i:~)
2019-10-22 04:20:13,950 [pool-27-thread-1] INFO  server.RaftServerConfigKeys (ConfUtils.java:logGet(43)) - raft.server.notification.no-leader.timeout = 120s (custom)
2019-10-22 04:20:13,951 [pool-27-thread-1] INFO  server.RaftServerConfigKeys (ConfUtils.java:logGet(43)) - raft.server.log.use.memory = false (default)
2019-10-22 04:20:13,951 [pool-27-thread-1] INFO  server.RaftServerConfigKeys (ConfUtils.java:logGet(43)) - raft.server.log.purge.gap = 1000000 (custom)
2019-10-22 04:20:13,951 [pool-27-thread-1] INFO  server.RaftServerConfigKeys (ConfUtils.java:logGet(43)) - raft.server.log.appender.buffer.byte-limit = 33554432 (custom)
2019-10-22 04:20:13,951 [pool-27-thread-1] INFO  server.RaftServerConfigKeys (ConfUtils.java:logGet(43)) - raft.server.log.segment.size.max = 1048576 (custom)
2019-10-22 04:20:13,951 [pool-27-thread-1] INFO  server.RaftServerConfigKeys (ConfUtils.java:logGet(43)) - raft.server.log.segment.cache.num.max = 2 (custom)
2019-10-22 04:20:13,951 [pool-27-thread-1] INFO  segmented.SegmentedRaftLogWorker (SegmentedRaftLogWorker.java:<init>(173)) - new 39efaeea-ba86-4fd8-a10a-b7015b9eb4a1@group-B5BEB8C9A630-SegmentedRaftLogWorker for RaftStorage:Storage Directory /workdir/hadoop-ozone/tools/target/test-dir/MiniOzoneClusterImpl-d378e231-1417-4557-b6bf-feb5ffee2028/datanode-0/data/ratis/36890ea7-a165-4fef-9343-b5beb8c9a630
2019-10-22 04:20:13,952 [pool-27-thread-1] INFO  server.RaftServerConfigKeys (ConfUtils.java:logGet(43)) - raft.server.log.queue.byte-limit = 2147483647 (custom)
2019-10-22 04:20:13,952 [pool-27-thread-1] INFO  server.RaftServerConfigKeys (ConfUtils.java:logGet(43)) - raft.server.log.queue.element-limit = 1024 (custom)
2019-10-22 04:20:13,952 [pool-27-thread-1] INFO  server.RaftServerConfigKeys (ConfUtils.java:logGet(43)) - raft.server.log.segment.size.max = 1048576 (custom)
2019-10-22 04:20:13,952 [pool-27-thread-1] INFO  server.RaftServerConfigKeys (ConfUtils.java:logGet(43)) - raft.server.log.preallocated.size = 16384 (custom)
2019-10-22 04:20:13,952 [pool-27-thread-1] INFO  server.RaftServerConfigKeys (ConfUtils.java:logGet(43)) - raft.server.log.write.buffer.size = 33554432 (custom)
2019-10-22 04:20:13,952 [pool-27-thread-1] INFO  server.RaftServerConfigKeys (ConfUtils.java:logGet(43)) - raft.server.log.force.sync.num = 128 (default)
2019-10-22 04:20:13,953 [pool-27-thread-1] INFO  server.RaftServerConfigKeys (ConfUtils.java:logGet(43)) - raft.server.log.statemachine.data.sync = true (default)
2019-10-22 04:20:13,953 [pool-27-thread-1] INFO  server.RaftServerConfigKeys (ConfUtils.java:logGet(43)) - raft.server.log.statemachine.data.sync.timeout = 10s (default)
2019-10-22 04:20:13,953 [pool-27-thread-1] INFO  server.RaftServerConfigKeys (ConfUtils.java:logGet(43)) - raft.server.log.statemachine.data.sync.timeout.retry = -1 (default)
2019-10-22 04:20:13,953 [pool-27-thread-1] INFO  server.RaftServerConfigKeys (ConfUtils.java:logGet(43)) - raft.server.log.statemachine.data.caching.enabled = true (custom)
2019-10-22 04:20:13,955 [pool-27-thread-1] INFO  segmented.SegmentedRaftLogWorker (SegmentedRaftLogWorker.java:lambda$new$0(128)) - 39efaeea-ba86-4fd8-a10a-b7015b9eb4a1@group-B5BEB8C9A630-SegmentedRaftLogWorker: flushIndex: setUnconditionally 0 -> -1
2019-10-22 04:20:13,956 [pool-27-thread-1] INFO  server.RaftServerConfigKeys (ConfUtils.java:logGet(43)) - raft.server.snapshot.auto.trigger.enabled = true (custom)
2019-10-22 04:20:13,956 [pool-27-thread-1] INFO  server.RaftServerConfigKeys (ConfUtils.java:logGet(43)) - raft.server.snapshot.auto.trigger.threshold = 10000 (custom)
2019-10-22 04:20:13,956 [pool-27-thread-1] INFO  server.RaftServerConfigKeys (ConfUtils.java:logGet(43)) - raft.server.snapshot.retention.file.num = 5 (custom)
2019-10-22 04:20:13,956 [pool-27-thread-1] INFO  server.RaftServerConfigKeys (ConfUtils.java:logGet(43)) - raft.server.retrycache.expirytime = 600000ms (custom)
2019-10-22 04:20:13,958 [Thread-191] INFO  impl.FollowerState (FollowerState.java:run(108)) - 0c43bc72-d834-4758-b91b-4934a5dc7f3b@group-B5BEB8C9A630-FollowerState: change to CANDIDATE, lastRpcTime:37ms, electionTimeout:34ms
2019-10-22 04:20:13,962 [Thread-191] INFO  impl.RoleInfo (RoleInfo.java:shutdownFollowerState(121)) - 0c43bc72-d834-4758-b91b-4934a5dc7f3b: shutdown FollowerState
2019-10-22 04:20:13,962 [Thread-191] INFO  impl.RaftServerImpl (RaftServerImpl.java:setRole(184)) - 0c43bc72-d834-4758-b91b-4934a5dc7f3b@group-B5BEB8C9A630: changes role from  FOLLOWER to CANDIDATE at term 0 for changeToCandidate
2019-10-22 04:20:13,967 [pool-27-thread-1] INFO  impl.RaftServerImpl (RaftServerImpl.java:start(195)) - 39efaeea-ba86-4fd8-a10a-b7015b9eb4a1@group-4F06CDADD9EE: start as a follower, conf=-1: [39efaeea-ba86-4fd8-a10a-b7015b9eb4a1:192.168.34.14:43496], old=null
2019-10-22 04:20:13,967 [pool-27-thread-1] INFO  impl.RaftServerImpl (RaftServerImpl.java:setRole(184)) - 39efaeea-ba86-4fd8-a10a-b7015b9eb4a1@group-4F06CDADD9EE: changes role from      null to FOLLOWER at term 0 for startAsFollower
2019-10-22 04:20:13,967 [pool-27-thread-1] INFO  impl.RoleInfo (RoleInfo.java:updateAndGet(143)) - 39efaeea-ba86-4fd8-a10a-b7015b9eb4a1: start FollowerState
2019-10-22 04:20:13,968 [pool-27-thread-1] INFO  util.JmxRegister (JmxRegister.java:tryRegister(44)) - Successfully registered JMX Bean with object name Ratis:service=RaftServer,group=group-4F06CDADD9EE,id=39efaeea-ba86-4fd8-a10a-b7015b9eb4a1
2019-10-22 04:20:13,970 [Thread-191] INFO  impl.RoleInfo (RoleInfo.java:updateAndGet(143)) - 0c43bc72-d834-4758-b91b-4934a5dc7f3b: start LeaderElection
2019-10-22 04:20:13,980 [pool-27-thread-1] INFO  impl.RaftServerImpl (RaftServerImpl.java:start(195)) - 39efaeea-ba86-4fd8-a10a-b7015b9eb4a1@group-B5BEB8C9A630: start as a follower, conf=-1: [39efaeea-ba86-4fd8-a10a-b7015b9eb4a1:192.168.34.14:43496, 601b4e43-fd2c-4737-8fdc-9e94860fc946:192.168.34.14:37459, 0c43bc72-d834-4758-b91b-4934a5dc7f3b:192.168.34.14:33792], old=null
2019-10-22 04:20:13,980 [pool-27-thread-1] INFO  impl.RaftServerImpl (RaftServerImpl.java:setRole(184)) - 39efaeea-ba86-4fd8-a10a-b7015b9eb4a1@group-B5BEB8C9A630: changes role from      null to FOLLOWER at term 0 for startAsFollower
2019-10-22 04:20:13,981 [pool-27-thread-1] INFO  impl.RoleInfo (RoleInfo.java:updateAndGet(143)) - 39efaeea-ba86-4fd8-a10a-b7015b9eb4a1: start FollowerState
2019-10-22 04:20:13,981 [RATISCREATEPIPELINE3] ERROR pipeline.RatisPipelineProvider (RatisPipelineProvider.java:lambda$null$5(237)) - Failed invoke Ratis rpc org.apache.hadoop.hdds.scm.pipeline.RatisPipelineProvider$$Lambda$194/1384425253@282873e6 for 39efaeea-ba86-4fd8-a10a-b7015b9eb4a1
org.apache.ratis.protocol.TimeoutIOException: deadline exceeded after 2999699727ns
	at org.apache.ratis.grpc.GrpcUtil.tryUnwrapException(GrpcUtil.java:82)
	at org.apache.ratis.grpc.GrpcUtil.unwrapException(GrpcUtil.java:75)
	at org.apache.ratis.grpc.client.GrpcClientProtocolClient.blockingCall(GrpcClientProtocolClient.java:184)
	at org.apache.ratis.grpc.client.GrpcClientProtocolClient.groupAdd(GrpcClientProtocolClient.java:153)
	at org.apache.ratis.grpc.client.GrpcClientRpc.sendRequest(GrpcClientRpc.java:94)
	at org.apache.ratis.client.impl.RaftClientImpl.sendRequest(RaftClientImpl.java:278)
	at org.apache.ratis.client.impl.RaftClientImpl.groupAdd(RaftClientImpl.java:205)
	at org.apache.hadoop.hdds.scm.pipeline.RatisPipelineProvider.lambda$initializePipeline$4(RatisPipelineProvider.java:198)
	at org.apache.hadoop.hdds.scm.pipeline.RatisPipelineProvider.lambda$null$5(RatisPipelineProvider.java:233)
	at java.util.stream.ForEachOps$ForEachOp$OfRef.accept(ForEachOps.java:183)
	at java.util.ArrayList$ArrayListSpliterator.forEachRemaining(ArrayList.java:1382)
	at java.util.stream.AbstractPipeline.copyInto(AbstractPipeline.java:482)
	at java.util.stream.ForEachOps$ForEachTask.compute(ForEachOps.java:290)
	at java.util.concurrent.CountedCompleter.exec(CountedCompleter.java:731)
	at java.util.concurrent.ForkJoinTask.doExec(ForkJoinTask.java:289)
	at java.util.concurrent.ForkJoinPool$WorkQueue.runTask(ForkJoinPool.java:1056)
	at java.util.concurrent.ForkJoinPool.runWorker(ForkJoinPool.java:1692)
	at java.util.concurrent.ForkJoinWorkerThread.run(ForkJoinWorkerThread.java:157)
Caused by: org.apache.ratis.thirdparty.io.grpc.StatusRuntimeException: DEADLINE_EXCEEDED: deadline exceeded after 2999699727ns
	at org.apache.ratis.thirdparty.io.grpc.stub.ClientCalls.toStatusRuntimeException(ClientCalls.java:233)
	at org.apache.ratis.thirdparty.io.grpc.stub.ClientCalls.getUnchecked(ClientCalls.java:214)
	at org.apache.ratis.thirdparty.io.grpc.stub.ClientCalls.blockingUnaryCall(ClientCalls.java:139)
	at org.apache.ratis.proto.grpc.AdminProtocolServiceGrpc$AdminProtocolServiceBlockingStub.groupManagement(AdminProtocolServiceGrpc.java:274)
	at org.apache.ratis.grpc.client.GrpcClientProtocolClient.lambda$groupAdd$3(GrpcClientProtocolClient.java:155)
	at org.apache.ratis.grpc.client.GrpcClientProtocolClient.blockingCall(GrpcClientProtocolClient.java:182)
	... 15 more
2019-10-22 04:20:13,982 [pool-27-thread-1] INFO  util.JmxRegister (JmxRegister.java:tryRegister(44)) - Successfully registered JMX Bean with object name Ratis:service=RaftServer,group=group-B5BEB8C9A630,id=39efaeea-ba86-4fd8-a10a-b7015b9eb4a1
2019-10-22 04:20:13,985 [0c43bc72-d834-4758-b91b-4934a5dc7f3b@group-B5BEB8C9A630-LeaderElection1] INFO  impl.LeaderElection (LeaderElection.java:askForVotes(178)) - 0c43bc72-d834-4758-b91b-4934a5dc7f3b@group-B5BEB8C9A630-LeaderElection1: begin an election at term 1 for -1: [39efaeea-ba86-4fd8-a10a-b7015b9eb4a1:192.168.34.14:43496, 601b4e43-fd2c-4737-8fdc-9e94860fc946:192.168.34.14:37459, 0c43bc72-d834-4758-b91b-4934a5dc7f3b:192.168.34.14:33792], old=null
2019-10-22 04:20:14,017 [grpc-default-executor-1] INFO  impl.RaftServerProxy (RaftServerProxy.java:addNew(89)) - 601b4e43-fd2c-4737-8fdc-9e94860fc946: addNew group-D9173FB02A55:[601b4e43-fd2c-4737-8fdc-9e94860fc946:192.168.34.14:37459] returns group-D9173FB02A55:java.util.concurrent.CompletableFuture@1d9cb8e3[Not completed]
2019-10-22 04:20:14,020 [pool-37-thread-1] INFO  impl.RaftServerImpl (RaftServerImpl.java:<init>(104)) - 601b4e43-fd2c-4737-8fdc-9e94860fc946: new RaftServerImpl for group-D9173FB02A55:[601b4e43-fd2c-4737-8fdc-9e94860fc946:192.168.34.14:37459] with ContainerStateMachine:uninitialized
2019-10-22 04:20:14,021 [pool-37-thread-1] INFO  server.RaftServerConfigKeys (ConfUtils.java:logGet(43)) - raft.server.rpc.timeout.min = 5s (custom)
2019-10-22 04:20:14,021 [pool-37-thread-1] INFO  server.RaftServerConfigKeys (ConfUtils.java:logGet(43)) - raft.server.rpc.timeout.max = 5200ms (custom)
2019-10-22 04:20:14,021 [pool-37-thread-1] INFO  server.RaftServerConfigKeys (ConfUtils.java:logGet(43)) - raft.server.rpcslowness.timeout = 120s (custom)
2019-10-22 04:20:14,022 [pool-37-thread-1] INFO  server.RaftServerConfigKeys (ConfUtils.java:logGet(43)) - raft.server.sleep.deviation.threshold = 300 (default)
2019-10-22 04:20:14,022 [pool-37-thread-1] INFO  server.RaftServerConfigKeys (ConfUtils.java:logGet(43)) - raft.server.log.appender.install.snapshot.enabled = false (custom)
2019-10-22 04:20:14,022 [pool-37-thread-1] INFO  impl.RaftServerImpl (ServerState.java:<init>(103)) - 601b4e43-fd2c-4737-8fdc-9e94860fc946@group-D9173FB02A55: ConfigurationManager, init=-1: [601b4e43-fd2c-4737-8fdc-9e94860fc946:192.168.34.14:37459], old=null, confs=<EMPTY_MAP>
2019-10-22 04:20:14,023 [pool-37-thread-1] INFO  server.RaftServerConfigKeys (ConfUtils.java:logGet(43)) - raft.server.storage.dir = [/workdir/hadoop-ozone/tools/target/test-dir/MiniOzoneClusterImpl-d378e231-1417-4557-b6bf-feb5ffee2028/datanode-1/data/ratis] (custom)
2019-10-22 04:20:14,023 [pool-37-thread-1] INFO  server.RaftServerConfigKeys (ConfUtils.java:logGet(43)) - raft.server.log.corruption.policy = EXCEPTION (default)
2019-10-22 04:20:14,024 [pool-37-thread-1] INFO  storage.RaftStorageDirectory (RaftStorageDirectory.java:analyzeStorage(246)) - The storage directory /workdir/hadoop-ozone/tools/target/test-dir/MiniOzoneClusterImpl-d378e231-1417-4557-b6bf-feb5ffee2028/datanode-1/data/ratis/36c5a4e9-712a-46f9-9177-d9173fb02a55 does not exist. Creating ...
2019-10-22 04:20:14,027 [grpc-default-executor-2] INFO  impl.RaftServerImpl (RaftServerImpl.java:setRole(184)) - 601b4e43-fd2c-4737-8fdc-9e94860fc946@group-B5BEB8C9A630: changes role from  FOLLOWER to FOLLOWER at term 1 for recognizeCandidate:0c43bc72-d834-4758-b91b-4934a5dc7f3b
2019-10-22 04:20:14,027 [grpc-default-executor-1] INFO  impl.RaftServerImpl (RaftServerImpl.java:setRole(184)) - 39efaeea-ba86-4fd8-a10a-b7015b9eb4a1@group-B5BEB8C9A630: changes role from  FOLLOWER to FOLLOWER at term 1 for recognizeCandidate:0c43bc72-d834-4758-b91b-4934a5dc7f3b
2019-10-22 04:20:14,027 [grpc-default-executor-2] INFO  impl.RoleInfo (RoleInfo.java:shutdownFollowerState(121)) - 601b4e43-fd2c-4737-8fdc-9e94860fc946: shutdown FollowerState
2019-10-22 04:20:14,027 [grpc-default-executor-1] INFO  impl.RoleInfo (RoleInfo.java:shutdownFollowerState(121)) - 39efaeea-ba86-4fd8-a10a-b7015b9eb4a1: shutdown FollowerState
2019-10-22 04:20:14,028 [grpc-default-executor-2] INFO  impl.RoleInfo (RoleInfo.java:updateAndGet(143)) - 601b4e43-fd2c-4737-8fdc-9e94860fc946: start FollowerState
2019-10-22 04:20:14,028 [grpc-default-executor-1] INFO  impl.RoleInfo (RoleInfo.java:updateAndGet(143)) - 39efaeea-ba86-4fd8-a10a-b7015b9eb4a1: start FollowerState
2019-10-22 04:20:14,028 [Thread-198] INFO  impl.FollowerState (FollowerState.java:run(117)) - 39efaeea-ba86-4fd8-a10a-b7015b9eb4a1@group-B5BEB8C9A630-FollowerState was interrupted: java.lang.InterruptedException: sleep interrupted
2019-10-22 04:20:14,028 [Thread-190] INFO  impl.FollowerState (FollowerState.java:run(117)) - 601b4e43-fd2c-4737-8fdc-9e94860fc946@group-B5BEB8C9A630-FollowerState was interrupted: java.lang.InterruptedException: sleep interrupted
2019-10-22 04:20:14,035 [0c43bc72-d834-4758-b91b-4934a5dc7f3b@group-B5BEB8C9A630-LeaderElection1] INFO  impl.LeaderElection (LeaderElection.java:logAndReturn(56)) - 0c43bc72-d834-4758-b91b-4934a5dc7f3b@group-B5BEB8C9A630-LeaderElection1: Election TIMEOUT; received 0 response(s) [] and 0 exception(s); 0c43bc72-d834-4758-b91b-4934a5dc7f3b@group-B5BEB8C9A630:t1, leader=null, voted=0c43bc72-d834-4758-b91b-4934a5dc7f3b, raftlog=0c43bc72-d834-4758-b91b-4934a5dc7f3b@group-B5BEB8C9A630-SegmentedRaftLog:OPENED:c-1,f-1,i0, conf=-1: [39efaeea-ba86-4fd8-a10a-b7015b9eb4a1:192.168.34.14:43496, 601b4e43-fd2c-4737-8fdc-9e94860fc946:192.168.34.14:37459, 0c43bc72-d834-4758-b91b-4934a5dc7f3b:192.168.34.14:33792], old=null
2019-10-22 04:20:14,037 [pool-37-thread-1] INFO  storage.RaftStorageDirectory (RaftStorageDirectory.java:tryLock(328)) - Lock on /workdir/hadoop-ozone/tools/target/test-dir/MiniOzoneClusterImpl-d378e231-1417-4557-b6bf-feb5ffee2028/datanode-1/data/ratis/36c5a4e9-712a-46f9-9177-d9173fb02a55/in_use.lock acquired by nodename 24852@pr-hdds-1643-hlxn2-3599243457
2019-10-22 04:20:14,041 [0c43bc72-d834-4758-b91b-4934a5dc7f3b@group-B5BEB8C9A630-LeaderElection1] INFO  impl.LeaderElection (LeaderElection.java:askForVotes(178)) - 0c43bc72-d834-4758-b91b-4934a5dc7f3b@group-B5BEB8C9A630-LeaderElection1: begin an election at term 2 for -1: [39efaeea-ba86-4fd8-a10a-b7015b9eb4a1:192.168.34.14:43496, 601b4e43-fd2c-4737-8fdc-9e94860fc946:192.168.34.14:37459, 0c43bc72-d834-4758-b91b-4934a5dc7f3b:192.168.34.14:33792], old=null
2019-10-22 04:20:14,041 [pool-37-thread-1] INFO  storage.RaftStorage (RaftStorage.java:format(84)) - Storage directory /workdir/hadoop-ozone/tools/target/test-dir/MiniOzoneClusterImpl-d378e231-1417-4557-b6bf-feb5ffee2028/datanode-1/data/ratis/36c5a4e9-712a-46f9-9177-d9173fb02a55 has been successfully formatted.
2019-10-22 04:20:14,041 [pool-37-thread-1] INFO  ratis.ContainerStateMachine (ContainerStateMachine.java:loadSnapshot(231)) - group-D9173FB02A55: The snapshot info is null. Setting the last applied indexto:(t:0, i:~)
2019-10-22 04:20:14,042 [pool-37-thread-1] INFO  server.RaftServerConfigKeys (ConfUtils.java:logGet(43)) - raft.server.notification.no-leader.timeout = 120s (custom)
2019-10-22 04:20:14,042 [pool-37-thread-1] INFO  server.RaftServerConfigKeys (ConfUtils.java:logGet(43)) - raft.server.log.use.memory = false (default)
2019-10-22 04:20:14,043 [pool-37-thread-1] INFO  server.RaftServerConfigKeys (ConfUtils.java:logGet(43)) - raft.server.log.purge.gap = 1000000 (custom)
2019-10-22 04:20:14,044 [pool-37-thread-1] INFO  server.RaftServerConfigKeys (ConfUtils.java:logGet(43)) - raft.server.log.appender.buffer.byte-limit = 33554432 (custom)
2019-10-22 04:20:14,045 [Thread-202] INFO  impl.FollowerState (FollowerState.java:run(108)) - 601b4e43-fd2c-4737-8fdc-9e94860fc946@group-B5BEB8C9A630-FollowerState: change to CANDIDATE, lastRpcTime:16ms, electionTimeout:15ms
2019-10-22 04:20:14,045 [pool-37-thread-1] INFO  server.RaftServerConfigKeys (ConfUtils.java:logGet(43)) - raft.server.log.segment.size.max = 1048576 (custom)
2019-10-22 04:20:14,046 [Thread-202] INFO  impl.RoleInfo (RoleInfo.java:shutdownFollowerState(121)) - 601b4e43-fd2c-4737-8fdc-9e94860fc946: shutdown FollowerState
2019-10-22 04:20:14,046 [pool-37-thread-1] INFO  server.RaftServerConfigKeys (ConfUtils.java:logGet(43)) - raft.server.log.segment.cache.num.max = 2 (custom)
2019-10-22 04:20:14,048 [Thread-202] INFO  impl.RaftServerImpl (RaftServerImpl.java:setRole(184)) - 601b4e43-fd2c-4737-8fdc-9e94860fc946@group-B5BEB8C9A630: changes role from  FOLLOWER to CANDIDATE at term 1 for changeToCandidate
2019-10-22 04:20:14,049 [pool-37-thread-1] INFO  segmented.SegmentedRaftLogWorker (SegmentedRaftLogWorker.java:<init>(173)) - new 601b4e43-fd2c-4737-8fdc-9e94860fc946@group-D9173FB02A55-SegmentedRaftLogWorker for RaftStorage:Storage Directory /workdir/hadoop-ozone/tools/target/test-dir/MiniOzoneClusterImpl-d378e231-1417-4557-b6bf-feb5ffee2028/datanode-1/data/ratis/36c5a4e9-712a-46f9-9177-d9173fb02a55
2019-10-22 04:20:14,049 [pool-37-thread-1] INFO  server.RaftServerConfigKeys (ConfUtils.java:logGet(43)) - raft.server.log.queue.byte-limit = 2147483647 (custom)
2019-10-22 04:20:14,049 [Thread-202] INFO  impl.RoleInfo (RoleInfo.java:updateAndGet(143)) - 601b4e43-fd2c-4737-8fdc-9e94860fc946: start LeaderElection
2019-10-22 04:20:14,050 [pool-37-thread-1] INFO  server.RaftServerConfigKeys (ConfUtils.java:logGet(43)) - raft.server.log.queue.element-limit = 1024 (custom)
2019-10-22 04:20:14,051 [pool-37-thread-1] INFO  server.RaftServerConfigKeys (ConfUtils.java:logGet(43)) - raft.server.log.segment.size.max = 1048576 (custom)
2019-10-22 04:20:14,051 [pool-37-thread-1] INFO  server.RaftServerConfigKeys (ConfUtils.java:logGet(43)) - raft.server.log.preallocated.size = 16384 (custom)
2019-10-22 04:20:14,051 [pool-37-thread-1] INFO  server.RaftServerConfigKeys (ConfUtils.java:logGet(43)) - raft.server.log.write.buffer.size = 33554432 (custom)
2019-10-22 04:20:14,052 [pool-37-thread-1] INFO  server.RaftServerConfigKeys (ConfUtils.java:logGet(43)) - raft.server.log.force.sync.num = 128 (default)
2019-10-22 04:20:14,053 [pool-37-thread-1] INFO  server.RaftServerConfigKeys (ConfUtils.java:logGet(43)) - raft.server.log.statemachine.data.sync = true (default)
2019-10-22 04:20:14,056 [pool-37-thread-1] INFO  server.RaftServerConfigKeys (ConfUtils.java:logGet(43)) - raft.server.log.statemachine.data.sync.timeout = 10s (default)
2019-10-22 04:20:14,057 [pool-37-thread-1] INFO  server.RaftServerConfigKeys (ConfUtils.java:logGet(43)) - raft.server.log.statemachine.data.sync.timeout.retry = -1 (default)
2019-10-22 04:20:14,057 [pool-37-thread-1] INFO  server.RaftServerConfigKeys (ConfUtils.java:logGet(43)) - raft.server.log.statemachine.data.caching.enabled = true (custom)
2019-10-22 04:20:14,059 [pool-37-thread-1] INFO  segmented.SegmentedRaftLogWorker (SegmentedRaftLogWorker.java:lambda$new$0(128)) - 601b4e43-fd2c-4737-8fdc-9e94860fc946@group-D9173FB02A55-SegmentedRaftLogWorker: flushIndex: setUnconditionally 0 -> -1
2019-10-22 04:20:14,059 [grpc-default-executor-2] INFO  impl.RaftServerImpl (RaftServerImpl.java:setRole(184)) - 39efaeea-ba86-4fd8-a10a-b7015b9eb4a1@group-B5BEB8C9A630: changes role from  FOLLOWER to FOLLOWER at term 2 for recognizeCandidate:0c43bc72-d834-4758-b91b-4934a5dc7f3b
2019-10-22 04:20:14,059 [pool-37-thread-1] INFO  server.RaftServerConfigKeys (ConfUtils.java:logGet(43)) - raft.server.snapshot.auto.trigger.enabled = true (custom)
2019-10-22 04:20:14,059 [grpc-default-executor-2] INFO  impl.RoleInfo (RoleInfo.java:shutdownFollowerState(121)) - 39efaeea-ba86-4fd8-a10a-b7015b9eb4a1: shutdown FollowerState
2019-10-22 04:20:14,059 [pool-37-thread-1] INFO  server.RaftServerConfigKeys (ConfUtils.java:logGet(43)) - raft.server.snapshot.auto.trigger.threshold = 10000 (custom)
2019-10-22 04:20:14,059 [Thread-203] INFO  impl.FollowerState (FollowerState.java:run(117)) - 39efaeea-ba86-4fd8-a10a-b7015b9eb4a1@group-B5BEB8C9A630-FollowerState was interrupted: java.lang.InterruptedException: sleep interrupted
2019-10-22 04:20:14,059 [pool-37-thread-1] INFO  server.RaftServerConfigKeys (ConfUtils.java:logGet(43)) - raft.server.snapshot.retention.file.num = 5 (custom)
2019-10-22 04:20:14,059 [grpc-default-executor-2] INFO  impl.RoleInfo (RoleInfo.java:updateAndGet(143)) - 39efaeea-ba86-4fd8-a10a-b7015b9eb4a1: start FollowerState
2019-10-22 04:20:14,060 [pool-37-thread-1] INFO  server.RaftServerConfigKeys (ConfUtils.java:logGet(43)) - raft.server.retrycache.expirytime = 600000ms (custom)
2019-10-22 04:20:14,063 [pool-37-thread-1] INFO  impl.RaftServerImpl (RaftServerImpl.java:start(195)) - 601b4e43-fd2c-4737-8fdc-9e94860fc946@group-D9173FB02A55: start as a follower, conf=-1: [601b4e43-fd2c-4737-8fdc-9e94860fc946:192.168.34.14:37459], old=null
2019-10-22 04:20:14,063 [pool-37-thread-1] INFO  impl.RaftServerImpl (RaftServerImpl.java:setRole(184)) - 601b4e43-fd2c-4737-8fdc-9e94860fc946@group-D9173FB02A55: changes role from      null to FOLLOWER at term 0 for startAsFollower
2019-10-22 04:20:14,063 [pool-37-thread-1] INFO  impl.RoleInfo (RoleInfo.java:updateAndGet(143)) - 601b4e43-fd2c-4737-8fdc-9e94860fc946: start FollowerState
2019-10-22 04:20:14,064 [pool-37-thread-1] INFO  util.JmxRegister (JmxRegister.java:tryRegister(44)) - Successfully registered JMX Bean with object name Ratis:service=RaftServer,group=group-D9173FB02A55,id=601b4e43-fd2c-4737-8fdc-9e94860fc946
2019-10-22 04:20:14,069 [601b4e43-fd2c-4737-8fdc-9e94860fc946@group-B5BEB8C9A630-LeaderElection2] INFO  impl.LeaderElection (LeaderElection.java:askForVotes(178)) - 601b4e43-fd2c-4737-8fdc-9e94860fc946@group-B5BEB8C9A630-LeaderElection2: begin an election at term 2 for -1: [39efaeea-ba86-4fd8-a10a-b7015b9eb4a1:192.168.34.14:43496, 601b4e43-fd2c-4737-8fdc-9e94860fc946:192.168.34.14:37459, 0c43bc72-d834-4758-b91b-4934a5dc7f3b:192.168.34.14:33792], old=null
2019-10-22 04:20:14,080 [0c43bc72-d834-4758-b91b-4934a5dc7f3b@group-B5BEB8C9A630-LeaderElection1] INFO  impl.LeaderElection (LeaderElection.java:logAndReturn(56)) - 0c43bc72-d834-4758-b91b-4934a5dc7f3b@group-B5BEB8C9A630-LeaderElection1: Election PASSED; received 1 response(s) [0c43bc72-d834-4758-b91b-4934a5dc7f3b<-39efaeea-ba86-4fd8-a10a-b7015b9eb4a1#0:OK-t2] and 0 exception(s); 0c43bc72-d834-4758-b91b-4934a5dc7f3b@group-B5BEB8C9A630:t2, leader=null, voted=0c43bc72-d834-4758-b91b-4934a5dc7f3b, raftlog=0c43bc72-d834-4758-b91b-4934a5dc7f3b@group-B5BEB8C9A630-SegmentedRaftLog:OPENED:c-1,f-1,i0, conf=-1: [39efaeea-ba86-4fd8-a10a-b7015b9eb4a1:192.168.34.14:43496, 601b4e43-fd2c-4737-8fdc-9e94860fc946:192.168.34.14:37459, 0c43bc72-d834-4758-b91b-4934a5dc7f3b:192.168.34.14:33792], old=null
2019-10-22 04:20:14,080 [0c43bc72-d834-4758-b91b-4934a5dc7f3b@group-B5BEB8C9A630-LeaderElection1] INFO  impl.RoleInfo (RoleInfo.java:shutdownLeaderElection(134)) - 0c43bc72-d834-4758-b91b-4934a5dc7f3b: shutdown LeaderElection
2019-10-22 04:20:14,084 [0c43bc72-d834-4758-b91b-4934a5dc7f3b@group-B5BEB8C9A630-LeaderElection1] INFO  impl.RaftServerImpl (RaftServerImpl.java:setRole(184)) - 0c43bc72-d834-4758-b91b-4934a5dc7f3b@group-B5BEB8C9A630: changes role from CANDIDATE to LEADER at term 2 for changeToLeader
2019-10-22 04:20:14,084 [0c43bc72-d834-4758-b91b-4934a5dc7f3b@group-B5BEB8C9A630-LeaderElection1] INFO  impl.RaftServerImpl (ServerState.java:setLeader(256)) - 0c43bc72-d834-4758-b91b-4934a5dc7f3b@group-B5BEB8C9A630: change Leader from null to 0c43bc72-d834-4758-b91b-4934a5dc7f3b at term 2 for becomeLeader, leader elected after 655ms
2019-10-22 04:20:14,091 [RatisPipelineUtilsThread] INFO  pipeline.PipelineStateManager (PipelineStateManager.java:addPipeline(56)) - Created pipeline Pipeline[ Id: 36c5a4e9-712a-46f9-9177-d9173fb02a55, Nodes: 601b4e43-fd2c-4737-8fdc-9e94860fc946{ip: 192.168.34.14, host: pr-hdds-1643-hlxn2-3599243457, networkLocation: /default-rack, certSerialId: null}, Type:RATIS, Factor:ONE, State:OPEN]
2019-10-22 04:20:14,095 [0c43bc72-d834-4758-b91b-4934a5dc7f3b@group-B5BEB8C9A630-LeaderElection1] INFO  server.RaftServerConfigKeys (ConfUtils.java:logGet(43)) - raft.server.staging.catchup.gap = 1000 (default)
2019-10-22 04:20:14,095 [0c43bc72-d834-4758-b91b-4934a5dc7f3b@group-B5BEB8C9A630-LeaderElection1] INFO  server.RaftServerConfigKeys (ConfUtils.java:logGet(43)) - raft.server.rpc.sleep.time = 25ms (default)
2019-10-22 04:20:14,101 [0c43bc72-d834-4758-b91b-4934a5dc7f3b@group-B5BEB8C9A630-LeaderElection1] INFO  server.RaftServerConfigKeys (ConfUtils.java:logGet(43)) - raft.server.write.element-limit = 4096 (default)
2019-10-22 04:20:14,103 [grpc-default-executor-2] INFO  impl.RaftServerProxy (RaftServerProxy.java:addNew(89)) - 0c43bc72-d834-4758-b91b-4934a5dc7f3b: addNew group-9F5009320550:[0c43bc72-d834-4758-b91b-4934a5dc7f3b:192.168.34.14:33792] returns group-9F5009320550:java.util.concurrent.CompletableFuture@1bccf6f8[Not completed]
2019-10-22 04:20:14,104 [pool-47-thread-1] INFO  impl.RaftServerImpl (RaftServerImpl.java:<init>(104)) - 0c43bc72-d834-4758-b91b-4934a5dc7f3b: new RaftServerImpl for group-9F5009320550:[0c43bc72-d834-4758-b91b-4934a5dc7f3b:192.168.34.14:33792] with ContainerStateMachine:uninitialized
2019-10-22 04:20:14,105 [pool-47-thread-1] INFO  server.RaftServerConfigKeys (ConfUtils.java:logGet(43)) - raft.server.rpc.timeout.min = 5s (custom)
2019-10-22 04:20:14,105 [0c43bc72-d834-4758-b91b-4934a5dc7f3b@group-B5BEB8C9A630-LeaderElection1] INFO  server.RaftServerConfigKeys (ConfUtils.java:logGet(43)) - raft.server.watch.timeout = 10s (default)
2019-10-22 04:20:14,105 [pool-47-thread-1] INFO  server.RaftServerConfigKeys (ConfUtils.java:logGet(43)) - raft.server.rpc.timeout.max = 5200ms (custom)
2019-10-22 04:20:14,105 [0c43bc72-d834-4758-b91b-4934a5dc7f3b@group-B5BEB8C9A630-LeaderElection1] INFO  server.RaftServerConfigKeys (ConfUtils.java:logGet(43)) - raft.server.watch.timeout.denomination = 1s (default)
2019-10-22 04:20:14,105 [pool-47-thread-1] INFO  server.RaftServerConfigKeys (ConfUtils.java:logGet(43)) - raft.server.rpcslowness.timeout = 120s (custom)
2019-10-22 04:20:14,105 [pool-47-thread-1] INFO  server.RaftServerConfigKeys (ConfUtils.java:logGet(43)) - raft.server.sleep.deviation.threshold = 300 (default)
2019-10-22 04:20:14,105 [pool-47-thread-1] INFO  server.RaftServerConfigKeys (ConfUtils.java:logGet(43)) - raft.server.log.appender.install.snapshot.enabled = false (custom)
2019-10-22 04:20:14,105 [pool-47-thread-1] INFO  impl.RaftServerImpl (ServerState.java:<init>(103)) - 0c43bc72-d834-4758-b91b-4934a5dc7f3b@group-9F5009320550: ConfigurationManager, init=-1: [0c43bc72-d834-4758-b91b-4934a5dc7f3b:192.168.34.14:33792], old=null, confs=<EMPTY_MAP>
2019-10-22 04:20:14,106 [pool-47-thread-1] INFO  server.RaftServerConfigKeys (ConfUtils.java:logGet(43)) - raft.server.storage.dir = [/workdir/hadoop-ozone/tools/target/test-dir/MiniOzoneClusterImpl-d378e231-1417-4557-b6bf-feb5ffee2028/datanode-2/data/ratis] (custom)
2019-10-22 04:20:14,106 [0c43bc72-d834-4758-b91b-4934a5dc7f3b@group-B5BEB8C9A630-LeaderElection1] INFO  server.RaftServerConfigKeys (ConfUtils.java:logGet(43)) - raft.server.watch.element-limit = 65536 (default)
2019-10-22 04:20:14,106 [pool-47-thread-1] INFO  server.RaftServerConfigKeys (ConfUtils.java:logGet(43)) - raft.server.log.corruption.policy = EXCEPTION (default)
2019-10-22 04:20:14,106 [pool-47-thread-1] INFO  storage.RaftStorageDirectory (RaftStorageDirectory.java:analyzeStorage(246)) - The storage directory /workdir/hadoop-ozone/tools/target/test-dir/MiniOzoneClusterImpl-d378e231-1417-4557-b6bf-feb5ffee2028/datanode-2/data/ratis/44772790-2e6b-45b4-b418-9f5009320550 does not exist. Creating ...
2019-10-22 04:20:14,120 [pool-47-thread-1] INFO  storage.RaftStorageDirectory (RaftStorageDirectory.java:tryLock(328)) - Lock on /workdir/hadoop-ozone/tools/target/test-dir/MiniOzoneClusterImpl-d378e231-1417-4557-b6bf-feb5ffee2028/datanode-2/data/ratis/44772790-2e6b-45b4-b418-9f5009320550/in_use.lock acquired by nodename 24852@pr-hdds-1643-hlxn2-3599243457
2019-10-22 04:20:14,120 [0c43bc72-d834-4758-b91b-4934a5dc7f3b@group-B5BEB8C9A630-LeaderElection1] INFO  server.RaftServerConfigKeys (ConfUtils.java:logGet(43)) - raft.server.log.appender.snapshot.chunk.size.max = 16MB (=16777216) (default)
2019-10-22 04:20:14,121 [0c43bc72-d834-4758-b91b-4934a5dc7f3b@group-B5BEB8C9A630-LeaderElection1] INFO  server.RaftServerConfigKeys (ConfUtils.java:logGet(43)) - raft.server.log.appender.buffer.byte-limit = 33554432 (custom)
2019-10-22 04:20:14,121 [0c43bc72-d834-4758-b91b-4934a5dc7f3b@group-B5BEB8C9A630-LeaderElection1] INFO  server.RaftServerConfigKeys (ConfUtils.java:logGet(43)) - raft.server.log.appender.buffer.element-limit = 1 (custom)
2019-10-22 04:20:14,125 [0c43bc72-d834-4758-b91b-4934a5dc7f3b@group-B5BEB8C9A630-LeaderElection1] INFO  grpc.GrpcConfigKeys$Server (ConfUtils.java:logGet(43)) - raft.grpc.server.leader.outstanding.appends.max = 128 (default)
2019-10-22 04:20:14,125 [0c43bc72-d834-4758-b91b-4934a5dc7f3b@group-B5BEB8C9A630-LeaderElection1] INFO  server.RaftServerConfigKeys (ConfUtils.java:logGet(43)) - raft.server.rpc.request.timeout = 3000ms (default)
2019-10-22 04:20:14,125 [0c43bc72-d834-4758-b91b-4934a5dc7f3b@group-B5BEB8C9A630-LeaderElection1] INFO  server.RaftServerConfigKeys (ConfUtils.java:logGet(43)) - raft.server.log.appender.install.snapshot.enabled = false (custom)
2019-10-22 04:20:14,129 [0c43bc72-d834-4758-b91b-4934a5dc7f3b@group-B5BEB8C9A630-LeaderElection1] INFO  server.RaftServerConfigKeys (ConfUtils.java:logGet(43)) - raft.server.log.appender.snapshot.chunk.size.max = 16MB (=16777216) (default)
2019-10-22 04:20:14,129 [0c43bc72-d834-4758-b91b-4934a5dc7f3b@group-B5BEB8C9A630-LeaderElection1] INFO  server.RaftServerConfigKeys (ConfUtils.java:logGet(43)) - raft.server.log.appender.buffer.byte-limit = 33554432 (custom)
2019-10-22 04:20:14,129 [0c43bc72-d834-4758-b91b-4934a5dc7f3b@group-B5BEB8C9A630-LeaderElection1] INFO  server.RaftServerConfigKeys (ConfUtils.java:logGet(43)) - raft.server.log.appender.buffer.element-limit = 1 (custom)
2019-10-22 04:20:14,130 [0c43bc72-d834-4758-b91b-4934a5dc7f3b@group-B5BEB8C9A630-LeaderElection1] INFO  grpc.GrpcConfigKeys$Server (ConfUtils.java:logGet(43)) - raft.grpc.server.leader.outstanding.appends.max = 128 (default)
2019-10-22 04:20:14,130 [0c43bc72-d834-4758-b91b-4934a5dc7f3b@group-B5BEB8C9A630-LeaderElection1] INFO  server.RaftServerConfigKeys (ConfUtils.java:logGet(43)) - raft.server.rpc.request.timeout = 3000ms (default)
2019-10-22 04:20:14,130 [0c43bc72-d834-4758-b91b-4934a5dc7f3b@group-B5BEB8C9A630-LeaderElection1] INFO  server.RaftServerConfigKeys (ConfUtils.java:logGet(43)) - raft.server.log.appender.install.snapshot.enabled = false (custom)
2019-10-22 04:20:14,133 [pool-47-thread-1] INFO  storage.RaftStorage (RaftStorage.java:format(84)) - Storage directory /workdir/hadoop-ozone/tools/target/test-dir/MiniOzoneClusterImpl-d378e231-1417-4557-b6bf-feb5ffee2028/datanode-2/data/ratis/44772790-2e6b-45b4-b418-9f5009320550 has been successfully formatted.
2019-10-22 04:20:14,134 [pool-47-thread-1] INFO  ratis.ContainerStateMachine (ContainerStateMachine.java:loadSnapshot(231)) - group-9F5009320550: The snapshot info is null. Setting the last applied indexto:(t:0, i:~)
2019-10-22 04:20:14,134 [pool-47-thread-1] INFO  server.RaftServerConfigKeys (ConfUtils.java:logGet(43)) - raft.server.notification.no-leader.timeout = 120s (custom)
2019-10-22 04:20:14,134 [pool-47-thread-1] INFO  server.RaftServerConfigKeys (ConfUtils.java:logGet(43)) - raft.server.log.use.memory = false (default)
2019-10-22 04:20:14,134 [pool-47-thread-1] INFO  server.RaftServerConfigKeys (ConfUtils.java:logGet(43)) - raft.server.log.purge.gap = 1000000 (custom)
2019-10-22 04:20:14,134 [0c43bc72-d834-4758-b91b-4934a5dc7f3b@group-B5BEB8C9A630-LeaderElection1] INFO  impl.RoleInfo (RoleInfo.java:updateAndGet(143)) - 0c43bc72-d834-4758-b91b-4934a5dc7f3b: start LeaderState
2019-10-22 04:20:14,134 [pool-47-thread-1] INFO  server.RaftServerConfigKeys (ConfUtils.java:logGet(43)) - raft.server.log.appender.buffer.byte-limit = 33554432 (custom)
2019-10-22 04:20:14,134 [pool-47-thread-1] INFO  server.RaftServerConfigKeys (ConfUtils.java:logGet(43)) - raft.server.log.segment.size.max = 1048576 (custom)
2019-10-22 04:20:14,134 [pool-47-thread-1] INFO  server.RaftServerConfigKeys (ConfUtils.java:logGet(43)) - raft.server.log.segment.cache.num.max = 2 (custom)
2019-10-22 04:20:14,135 [pool-47-thread-1] INFO  segmented.SegmentedRaftLogWorker (SegmentedRaftLogWorker.java:<init>(173)) - new 0c43bc72-d834-4758-b91b-4934a5dc7f3b@group-9F5009320550-SegmentedRaftLogWorker for RaftStorage:Storage Directory /workdir/hadoop-ozone/tools/target/test-dir/MiniOzoneClusterImpl-d378e231-1417-4557-b6bf-feb5ffee2028/datanode-2/data/ratis/44772790-2e6b-45b4-b418-9f5009320550
2019-10-22 04:20:14,135 [pool-47-thread-1] INFO  server.RaftServerConfigKeys (ConfUtils.java:logGet(43)) - raft.server.log.queue.byte-limit = 2147483647 (custom)
2019-10-22 04:20:14,135 [pool-47-thread-1] INFO  server.RaftServerConfigKeys (ConfUtils.java:logGet(43)) - raft.server.log.queue.element-limit = 1024 (custom)
2019-10-22 04:20:14,135 [pool-47-thread-1] INFO  server.RaftServerConfigKeys (ConfUtils.java:logGet(43)) - raft.server.log.segment.size.max = 1048576 (custom)
2019-10-22 04:20:14,135 [pool-47-thread-1] INFO  server.RaftServerConfigKeys (ConfUtils.java:logGet(43)) - raft.server.log.preallocated.size = 16384 (custom)
2019-10-22 04:20:14,135 [pool-47-thread-1] INFO  server.RaftServerConfigKeys (ConfUtils.java:logGet(43)) - raft.server.log.write.buffer.size = 33554432 (custom)
2019-10-22 04:20:14,135 [pool-47-thread-1] INFO  server.RaftServerConfigKeys (ConfUtils.java:logGet(43)) - raft.server.log.force.sync.num = 128 (default)
2019-10-22 04:20:14,135 [pool-47-thread-1] INFO  server.RaftServerConfigKeys (ConfUtils.java:logGet(43)) - raft.server.log.statemachine.data.sync = true (default)
2019-10-22 04:20:14,135 [pool-47-thread-1] INFO  server.RaftServerConfigKeys (ConfUtils.java:logGet(43)) - raft.server.log.statemachine.data.sync.timeout = 10s (default)
2019-10-22 04:20:14,136 [pool-47-thread-1] INFO  server.RaftServerConfigKeys (ConfUtils.java:logGet(43)) - raft.server.log.statemachine.data.sync.timeout.retry = -1 (default)
2019-10-22 04:20:14,136 [pool-47-thread-1] INFO  server.RaftServerConfigKeys (ConfUtils.java:logGet(43)) - raft.server.log.statemachine.data.caching.enabled = true (custom)
2019-10-22 04:20:14,136 [pool-47-thread-1] INFO  segmented.SegmentedRaftLogWorker (SegmentedRaftLogWorker.java:lambda$new$0(128)) - 0c43bc72-d834-4758-b91b-4934a5dc7f3b@group-9F5009320550-SegmentedRaftLogWorker: flushIndex: setUnconditionally 0 -> -1
2019-10-22 04:20:14,136 [pool-47-thread-1] INFO  server.RaftServerConfigKeys (ConfUtils.java:logGet(43)) - raft.server.snapshot.auto.trigger.enabled = true (custom)
2019-10-22 04:20:14,136 [pool-47-thread-1] INFO  server.RaftServerConfigKeys (ConfUtils.java:logGet(43)) - raft.server.snapshot.auto.trigger.threshold = 10000 (custom)
2019-10-22 04:20:14,137 [pool-47-thread-1] INFO  server.RaftServerConfigKeys (ConfUtils.java:logGet(43)) - raft.server.snapshot.retention.file.num = 5 (custom)
2019-10-22 04:20:14,137 [pool-47-thread-1] INFO  server.RaftServerConfigKeys (ConfUtils.java:logGet(43)) - raft.server.retrycache.expirytime = 600000ms (custom)
2019-10-22 04:20:14,139 [pool-47-thread-1] INFO  impl.RaftServerImpl (RaftServerImpl.java:start(195)) - 0c43bc72-d834-4758-b91b-4934a5dc7f3b@group-9F5009320550: start as a follower, conf=-1: [0c43bc72-d834-4758-b91b-4934a5dc7f3b:192.168.34.14:33792], old=null
2019-10-22 04:20:14,139 [pool-47-thread-1] INFO  impl.RaftServerImpl (RaftServerImpl.java:setRole(184)) - 0c43bc72-d834-4758-b91b-4934a5dc7f3b@group-9F5009320550: changes role from      null to FOLLOWER at term 0 for startAsFollower
2019-10-22 04:20:14,139 [pool-47-thread-1] INFO  impl.RoleInfo (RoleInfo.java:updateAndGet(143)) - 0c43bc72-d834-4758-b91b-4934a5dc7f3b: start FollowerState
2019-10-22 04:20:14,139 [pool-47-thread-1] INFO  util.JmxRegister (JmxRegister.java:tryRegister(44)) - Successfully registered JMX Bean with object name Ratis:service=RaftServer,group=group-9F5009320550,id=0c43bc72-d834-4758-b91b-4934a5dc7f3b
2019-10-22 04:20:14,140 [Thread-195] INFO  impl.FollowerState (FollowerState.java:run(108)) - 39efaeea-ba86-4fd8-a10a-b7015b9eb4a1@group-4F06CDADD9EE-FollowerState: change to CANDIDATE, lastRpcTime:172ms, electionTimeout:172ms
2019-10-22 04:20:14,140 [Thread-195] INFO  impl.RoleInfo (RoleInfo.java:shutdownFollowerState(121)) - 39efaeea-ba86-4fd8-a10a-b7015b9eb4a1: shutdown FollowerState
2019-10-22 04:20:14,140 [Thread-195] INFO  impl.RaftServerImpl (RaftServerImpl.java:setRole(184)) - 39efaeea-ba86-4fd8-a10a-b7015b9eb4a1@group-4F06CDADD9EE: changes role from  FOLLOWER to CANDIDATE at term 0 for changeToCandidate
2019-10-22 04:20:14,140 [Thread-195] INFO  impl.RoleInfo (RoleInfo.java:updateAndGet(143)) - 39efaeea-ba86-4fd8-a10a-b7015b9eb4a1: start LeaderElection
2019-10-22 04:20:14,151 [RatisPipelineUtilsThread] INFO  pipeline.PipelineStateManager (PipelineStateManager.java:addPipeline(56)) - Created pipeline Pipeline[ Id: 44772790-2e6b-45b4-b418-9f5009320550, Nodes: 0c43bc72-d834-4758-b91b-4934a5dc7f3b{ip: 192.168.34.14, host: pr-hdds-1643-hlxn2-3599243457, networkLocation: /default-rack, certSerialId: null}, Type:RATIS, Factor:ONE, State:OPEN]
2019-10-22 04:20:14,156 [39efaeea-ba86-4fd8-a10a-b7015b9eb4a1@group-4F06CDADD9EE-LeaderElection3] INFO  impl.LeaderElection (LeaderElection.java:askForVotes(178)) - 39efaeea-ba86-4fd8-a10a-b7015b9eb4a1@group-4F06CDADD9EE-LeaderElection3: begin an election at term 1 for -1: [39efaeea-ba86-4fd8-a10a-b7015b9eb4a1:192.168.34.14:43496], old=null
2019-10-22 04:20:14,157 [39efaeea-ba86-4fd8-a10a-b7015b9eb4a1@group-4F06CDADD9EE-LeaderElection3] INFO  impl.RoleInfo (RoleInfo.java:shutdownLeaderElection(134)) - 39efaeea-ba86-4fd8-a10a-b7015b9eb4a1: shutdown LeaderElection
2019-10-22 04:20:14,157 [39efaeea-ba86-4fd8-a10a-b7015b9eb4a1@group-4F06CDADD9EE-LeaderElection3] INFO  impl.RaftServerImpl (RaftServerImpl.java:setRole(184)) - 39efaeea-ba86-4fd8-a10a-b7015b9eb4a1@group-4F06CDADD9EE: changes role from CANDIDATE to LEADER at term 1 for changeToLeader
2019-10-22 04:20:14,157 [39efaeea-ba86-4fd8-a10a-b7015b9eb4a1@group-4F06CDADD9EE-LeaderElection3] INFO  impl.RaftServerImpl (ServerState.java:setLeader(256)) - 39efaeea-ba86-4fd8-a10a-b7015b9eb4a1@group-4F06CDADD9EE: change Leader from null to 39efaeea-ba86-4fd8-a10a-b7015b9eb4a1 at term 1 for becomeLeader, leader elected after 728ms
2019-10-22 04:20:14,157 [0c43bc72-d834-4758-b91b-4934a5dc7f3b@group-B5BEB8C9A630-LeaderElection1] INFO  segmented.SegmentedRaftLogWorker (SegmentedRaftLogWorker.java:startLogSegment(385)) - 0c43bc72-d834-4758-b91b-4934a5dc7f3b@group-B5BEB8C9A630-SegmentedRaftLogWorker: Starting segment from index:0
2019-10-22 04:20:14,157 [39efaeea-ba86-4fd8-a10a-b7015b9eb4a1@group-4F06CDADD9EE-LeaderElection3] INFO  server.RaftServerConfigKeys (ConfUtils.java:logGet(43)) - raft.server.staging.catchup.gap = 1000 (default)
2019-10-22 04:20:14,158 [39efaeea-ba86-4fd8-a10a-b7015b9eb4a1@group-4F06CDADD9EE-LeaderElection3] INFO  server.RaftServerConfigKeys (ConfUtils.java:logGet(43)) - raft.server.rpc.sleep.time = 25ms (default)
2019-10-22 04:20:14,158 [39efaeea-ba86-4fd8-a10a-b7015b9eb4a1@group-4F06CDADD9EE-LeaderElection3] INFO  server.RaftServerConfigKeys (ConfUtils.java:logGet(43)) - raft.server.write.element-limit = 4096 (default)
2019-10-22 04:20:14,158 [39efaeea-ba86-4fd8-a10a-b7015b9eb4a1@group-4F06CDADD9EE-LeaderElection3] INFO  server.RaftServerConfigKeys (ConfUtils.java:logGet(43)) - raft.server.watch.timeout = 10s (default)
2019-10-22 04:20:14,158 [39efaeea-ba86-4fd8-a10a-b7015b9eb4a1@group-4F06CDADD9EE-LeaderElection3] INFO  server.RaftServerConfigKeys (ConfUtils.java:logGet(43)) - raft.server.watch.timeout.denomination = 1s (default)
2019-10-22 04:20:14,158 [39efaeea-ba86-4fd8-a10a-b7015b9eb4a1@group-4F06CDADD9EE-LeaderElection3] INFO  server.RaftServerConfigKeys (ConfUtils.java:logGet(43)) - raft.server.watch.element-limit = 65536 (default)
2019-10-22 04:20:14,163 [39efaeea-ba86-4fd8-a10a-b7015b9eb4a1@group-4F06CDADD9EE-LeaderElection3] INFO  impl.RoleInfo (RoleInfo.java:updateAndGet(143)) - 39efaeea-ba86-4fd8-a10a-b7015b9eb4a1: start LeaderState
2019-10-22 04:20:14,163 [grpc-default-executor-2] INFO  impl.RaftServerProxy (RaftServerProxy.java:addNew(89)) - 39efaeea-ba86-4fd8-a10a-b7015b9eb4a1: addNew group-A57042461D0B:[39efaeea-ba86-4fd8-a10a-b7015b9eb4a1:192.168.34.14:43496] returns group-A57042461D0B:java.util.concurrent.CompletableFuture@229f1d5b[Not completed]
2019-10-22 04:20:14,163 [39efaeea-ba86-4fd8-a10a-b7015b9eb4a1@group-4F06CDADD9EE-LeaderElection3] INFO  segmented.SegmentedRaftLogWorker (SegmentedRaftLogWorker.java:startLogSegment(385)) - 39efaeea-ba86-4fd8-a10a-b7015b9eb4a1@group-4F06CDADD9EE-SegmentedRaftLogWorker: Starting segment from index:0
2019-10-22 04:20:14,165 [pool-27-thread-1] INFO  impl.RaftServerImpl (RaftServerImpl.java:<init>(104)) - 39efaeea-ba86-4fd8-a10a-b7015b9eb4a1: new RaftServerImpl for group-A57042461D0B:[39efaeea-ba86-4fd8-a10a-b7015b9eb4a1:192.168.34.14:43496] with ContainerStateMachine:uninitialized
2019-10-22 04:20:14,165 [pool-27-thread-1] INFO  server.RaftServerConfigKeys (ConfUtils.java:logGet(43)) - raft.server.rpc.timeout.min = 5s (custom)
2019-10-22 04:20:14,165 [pool-27-thread-1] INFO  server.RaftServerConfigKeys (ConfUtils.java:logGet(43)) - raft.server.rpc.timeout.max = 5200ms (custom)
2019-10-22 04:20:14,165 [pool-27-thread-1] INFO  server.RaftServerConfigKeys (ConfUtils.java:logGet(43)) - raft.server.rpcslowness.timeout = 120s (custom)
2019-10-22 04:20:14,166 [pool-27-thread-1] INFO  server.RaftServerConfigKeys (ConfUtils.java:logGet(43)) - raft.server.sleep.deviation.threshold = 300 (default)
2019-10-22 04:20:14,166 [pool-27-thread-1] INFO  server.RaftServerConfigKeys (ConfUtils.java:logGet(43)) - raft.server.log.appender.install.snapshot.enabled = false (custom)
2019-10-22 04:20:14,166 [pool-27-thread-1] INFO  impl.RaftServerImpl (ServerState.java:<init>(103)) - 39efaeea-ba86-4fd8-a10a-b7015b9eb4a1@group-A57042461D0B: ConfigurationManager, init=-1: [39efaeea-ba86-4fd8-a10a-b7015b9eb4a1:192.168.34.14:43496], old=null, confs=<EMPTY_MAP>
2019-10-22 04:20:14,166 [pool-27-thread-1] INFO  server.RaftServerConfigKeys (ConfUtils.java:logGet(43)) - raft.server.storage.dir = [/workdir/hadoop-ozone/tools/target/test-dir/MiniOzoneClusterImpl-d378e231-1417-4557-b6bf-feb5ffee2028/datanode-0/data/ratis] (custom)
2019-10-22 04:20:14,167 [pool-27-thread-1] INFO  server.RaftServerConfigKeys (ConfUtils.java:logGet(43)) - raft.server.log.corruption.policy = EXCEPTION (default)
2019-10-22 04:20:14,167 [pool-27-thread-1] INFO  storage.RaftStorageDirectory (RaftStorageDirectory.java:analyzeStorage(246)) - The storage directory /workdir/hadoop-ozone/tools/target/test-dir/MiniOzoneClusterImpl-d378e231-1417-4557-b6bf-feb5ffee2028/datanode-0/data/ratis/a27c7256-e24a-4187-836a-a57042461d0b does not exist. Creating ...
2019-10-22 04:20:14,170 [39efaeea-ba86-4fd8-a10a-b7015b9eb4a1@group-4F06CDADD9EE-LeaderElection3] INFO  impl.RaftServerImpl (ServerState.java:setRaftConf(357)) - 39efaeea-ba86-4fd8-a10a-b7015b9eb4a1@group-4F06CDADD9EE: set configuration 0: [39efaeea-ba86-4fd8-a10a-b7015b9eb4a1:192.168.34.14:43496], old=null at 0
2019-10-22 04:20:14,171 [0c43bc72-d834-4758-b91b-4934a5dc7f3b@group-B5BEB8C9A630-LeaderElection1] INFO  impl.RaftServerImpl (ServerState.java:setRaftConf(357)) - 0c43bc72-d834-4758-b91b-4934a5dc7f3b@group-B5BEB8C9A630: set configuration 0: [39efaeea-ba86-4fd8-a10a-b7015b9eb4a1:192.168.34.14:43496, 601b4e43-fd2c-4737-8fdc-9e94860fc946:192.168.34.14:37459, 0c43bc72-d834-4758-b91b-4934a5dc7f3b:192.168.34.14:33792], old=null at 0
2019-10-22 04:20:14,173 [grpc-default-executor-1] INFO  impl.RaftServerImpl (RaftServerImpl.java:requestVote(776)) - 0c43bc72-d834-4758-b91b-4934a5dc7f3b@group-B5BEB8C9A630-   LEADER: Withhold vote from candidate 601b4e43-fd2c-4737-8fdc-9e94860fc946 with term 2. State: leader=0c43bc72-d834-4758-b91b-4934a5dc7f3b, term=2, lastRpcElapsed=null
2019-10-22 04:20:14,179 [601b4e43-fd2c-4737-8fdc-9e94860fc946@group-B5BEB8C9A630-LeaderElection2] INFO  impl.LeaderElection (LeaderElection.java:logAndReturn(56)) - 601b4e43-fd2c-4737-8fdc-9e94860fc946@group-B5BEB8C9A630-LeaderElection2: Election REJECTED; received 2 response(s) [601b4e43-fd2c-4737-8fdc-9e94860fc946<-39efaeea-ba86-4fd8-a10a-b7015b9eb4a1#0:FAIL-t2, 601b4e43-fd2c-4737-8fdc-9e94860fc946<-0c43bc72-d834-4758-b91b-4934a5dc7f3b#0:FAIL-t2] and 0 exception(s); 601b4e43-fd2c-4737-8fdc-9e94860fc946@group-B5BEB8C9A630:t2, leader=null, voted=601b4e43-fd2c-4737-8fdc-9e94860fc946, raftlog=601b4e43-fd2c-4737-8fdc-9e94860fc946@group-B5BEB8C9A630-SegmentedRaftLog:OPENED:c-1,f-1,i0, conf=-1: [39efaeea-ba86-4fd8-a10a-b7015b9eb4a1:192.168.34.14:43496, 601b4e43-fd2c-4737-8fdc-9e94860fc946:192.168.34.14:37459, 0c43bc72-d834-4758-b91b-4934a5dc7f3b:192.168.34.14:33792], old=null
2019-10-22 04:20:14,179 [601b4e43-fd2c-4737-8fdc-9e94860fc946@group-B5BEB8C9A630-LeaderElection2] INFO  impl.RaftServerImpl (RaftServerImpl.java:setRole(184)) - 601b4e43-fd2c-4737-8fdc-9e94860fc946@group-B5BEB8C9A630: changes role from CANDIDATE to FOLLOWER at term 2 for DISCOVERED_A_NEW_TERM
2019-10-22 04:20:14,180 [pool-27-thread-1] INFO  storage.RaftStorageDirectory (RaftStorageDirectory.java:tryLock(328)) - Lock on /workdir/hadoop-ozone/tools/target/test-dir/MiniOzoneClusterImpl-d378e231-1417-4557-b6bf-feb5ffee2028/datanode-0/data/ratis/a27c7256-e24a-4187-836a-a57042461d0b/in_use.lock acquired by nodename 24852@pr-hdds-1643-hlxn2-3599243457
2019-10-22 04:20:14,182 [601b4e43-fd2c-4737-8fdc-9e94860fc946@group-B5BEB8C9A630-LeaderElection2] INFO  impl.RoleInfo (RoleInfo.java:shutdownLeaderElection(134)) - 601b4e43-fd2c-4737-8fdc-9e94860fc946: shutdown LeaderElection
2019-10-22 04:20:14,182 [601b4e43-fd2c-4737-8fdc-9e94860fc946@group-B5BEB8C9A630-LeaderElection2] INFO  impl.RoleInfo (RoleInfo.java:updateAndGet(143)) - 601b4e43-fd2c-4737-8fdc-9e94860fc946: start FollowerState
2019-10-22 04:20:14,191 [Thread-209] INFO  impl.FollowerState (FollowerState.java:run(108)) - 601b4e43-fd2c-4737-8fdc-9e94860fc946@group-D9173FB02A55-FollowerState: change to CANDIDATE, lastRpcTime:127ms, electionTimeout:127ms
2019-10-22 04:20:14,191 [Thread-209] INFO  impl.RoleInfo (RoleInfo.java:shutdownFollowerState(121)) - 601b4e43-fd2c-4737-8fdc-9e94860fc946: shutdown FollowerState
2019-10-22 04:20:14,191 [Thread-209] INFO  impl.RaftServerImpl (RaftServerImpl.java:setRole(184)) - 601b4e43-fd2c-4737-8fdc-9e94860fc946@group-D9173FB02A55: changes role from  FOLLOWER to CANDIDATE at term 0 for changeToCandidate
2019-10-22 04:20:14,191 [Thread-209] INFO  impl.RoleInfo (RoleInfo.java:updateAndGet(143)) - 601b4e43-fd2c-4737-8fdc-9e94860fc946: start LeaderElection
2019-10-22 04:20:14,192 [Thread-221] INFO  impl.FollowerState (FollowerState.java:run(108)) - 601b4e43-fd2c-4737-8fdc-9e94860fc946@group-B5BEB8C9A630-FollowerState: change to CANDIDATE, lastRpcTime:10ms, electionTimeout:4ms
2019-10-22 04:20:14,193 [Thread-221] INFO  impl.RoleInfo (RoleInfo.java:shutdownFollowerState(121)) - 601b4e43-fd2c-4737-8fdc-9e94860fc946: shutdown FollowerState
2019-10-22 04:20:14,193 [Thread-221] INFO  impl.RaftServerImpl (RaftServerImpl.java:setRole(184)) - 601b4e43-fd2c-4737-8fdc-9e94860fc946@group-B5BEB8C9A630: changes role from  FOLLOWER to CANDIDATE at term 2 for changeToCandidate
2019-10-22 04:20:14,193 [Thread-221] INFO  impl.RoleInfo (RoleInfo.java:updateAndGet(143)) - 601b4e43-fd2c-4737-8fdc-9e94860fc946: start LeaderElection
2019-10-22 04:20:14,195 [Thread-207] INFO  impl.FollowerState (FollowerState.java:run(108)) - 39efaeea-ba86-4fd8-a10a-b7015b9eb4a1@group-B5BEB8C9A630-FollowerState: change to CANDIDATE, lastRpcTime:135ms, electionTimeout:134ms
2019-10-22 04:20:14,195 [Thread-207] INFO  impl.RoleInfo (RoleInfo.java:shutdownFollowerState(121)) - 39efaeea-ba86-4fd8-a10a-b7015b9eb4a1: shutdown FollowerState
2019-10-22 04:20:14,195 [Thread-207] INFO  impl.RaftServerImpl (RaftServerImpl.java:setRole(184)) - 39efaeea-ba86-4fd8-a10a-b7015b9eb4a1@group-B5BEB8C9A630: changes role from  FOLLOWER to CANDIDATE at term 2 for changeToCandidate
2019-10-22 04:20:14,195 [Thread-207] INFO  impl.RoleInfo (RoleInfo.java:updateAndGet(143)) - 39efaeea-ba86-4fd8-a10a-b7015b9eb4a1: start LeaderElection
2019-10-22 04:20:14,198 [pool-27-thread-1] INFO  storage.RaftStorage (RaftStorage.java:format(84)) - Storage directory /workdir/hadoop-ozone/tools/target/test-dir/MiniOzoneClusterImpl-d378e231-1417-4557-b6bf-feb5ffee2028/datanode-0/data/ratis/a27c7256-e24a-4187-836a-a57042461d0b has been successfully formatted.
2019-10-22 04:20:14,198 [601b4e43-fd2c-4737-8fdc-9e94860fc946@group-B5BEB8C9A630-LeaderElection5] INFO  impl.LeaderElection (LeaderElection.java:askForVotes(178)) - 601b4e43-fd2c-4737-8fdc-9e94860fc946@group-B5BEB8C9A630-LeaderElection5: begin an election at term 3 for -1: [39efaeea-ba86-4fd8-a10a-b7015b9eb4a1:192.168.34.14:43496, 601b4e43-fd2c-4737-8fdc-9e94860fc946:192.168.34.14:37459, 0c43bc72-d834-4758-b91b-4934a5dc7f3b:192.168.34.14:33792], old=null
2019-10-22 04:20:14,198 [601b4e43-fd2c-4737-8fdc-9e94860fc946@group-D9173FB02A55-LeaderElection4] INFO  impl.LeaderElection (LeaderElection.java:askForVotes(178)) - 601b4e43-fd2c-4737-8fdc-9e94860fc946@group-D9173FB02A55-LeaderElection4: begin an election at term 1 for -1: [601b4e43-fd2c-4737-8fdc-9e94860fc946:192.168.34.14:37459], old=null
2019-10-22 04:20:14,198 [pool-27-thread-1] INFO  ratis.ContainerStateMachine (ContainerStateMachine.java:loadSnapshot(231)) - group-A57042461D0B: The snapshot info is null. Setting the last applied indexto:(t:0, i:~)
2019-10-22 04:20:14,198 [601b4e43-fd2c-4737-8fdc-9e94860fc946@group-D9173FB02A55-LeaderElection4] INFO  impl.RoleInfo (RoleInfo.java:shutdownLeaderElection(134)) - 601b4e43-fd2c-4737-8fdc-9e94860fc946: shutdown LeaderElection
2019-10-22 04:20:14,198 [pool-27-thread-1] INFO  server.RaftServerConfigKeys (ConfUtils.java:logGet(43)) - raft.server.notification.no-leader.timeout = 120s (custom)
2019-10-22 04:20:14,198 [601b4e43-fd2c-4737-8fdc-9e94860fc946@group-D9173FB02A55-LeaderElection4] INFO  impl.RaftServerImpl (RaftServerImpl.java:setRole(184)) - 601b4e43-fd2c-4737-8fdc-9e94860fc946@group-D9173FB02A55: changes role from CANDIDATE to LEADER at term 1 for changeToLeader
2019-10-22 04:20:14,198 [pool-27-thread-1] INFO  server.RaftServerConfigKeys (ConfUtils.java:logGet(43)) - raft.server.log.use.memory = false (default)
2019-10-22 04:20:14,199 [601b4e43-fd2c-4737-8fdc-9e94860fc946@group-D9173FB02A55-LeaderElection4] INFO  impl.RaftServerImpl (ServerState.java:setLeader(256)) - 601b4e43-fd2c-4737-8fdc-9e94860fc946@group-D9173FB02A55: change Leader from null to 601b4e43-fd2c-4737-8fdc-9e94860fc946 at term 1 for becomeLeader, leader elected after 156ms
2019-10-22 04:20:14,199 [pool-27-thread-1] INFO  server.RaftServerConfigKeys (ConfUtils.java:logGet(43)) - raft.server.log.purge.gap = 1000000 (custom)
2019-10-22 04:20:14,199 [601b4e43-fd2c-4737-8fdc-9e94860fc946@group-D9173FB02A55-LeaderElection4] INFO  server.RaftServerConfigKeys (ConfUtils.java:logGet(43)) - raft.server.staging.catchup.gap = 1000 (default)
2019-10-22 04:20:14,199 [pool-27-thread-1] INFO  server.RaftServerConfigKeys (ConfUtils.java:logGet(43)) - raft.server.log.appender.buffer.byte-limit = 33554432 (custom)
2019-10-22 04:20:14,199 [601b4e43-fd2c-4737-8fdc-9e94860fc946@group-D9173FB02A55-LeaderElection4] INFO  server.RaftServerConfigKeys (ConfUtils.java:logGet(43)) - raft.server.rpc.sleep.time = 25ms (default)
2019-10-22 04:20:14,199 [pool-27-thread-1] INFO  server.RaftServerConfigKeys (ConfUtils.java:logGet(43)) - raft.server.log.segment.size.max = 1048576 (custom)
2019-10-22 04:20:14,199 [601b4e43-fd2c-4737-8fdc-9e94860fc946@group-D9173FB02A55-LeaderElection4] INFO  server.RaftServerConfigKeys (ConfUtils.java:logGet(43)) - raft.server.write.element-limit = 4096 (default)
2019-10-22 04:20:14,199 [pool-27-thread-1] INFO  server.RaftServerConfigKeys (ConfUtils.java:logGet(43)) - raft.server.log.segment.cache.num.max = 2 (custom)
2019-10-22 04:20:14,199 [601b4e43-fd2c-4737-8fdc-9e94860fc946@group-D9173FB02A55-LeaderElection4] INFO  server.RaftServerConfigKeys (ConfUtils.java:logGet(43)) - raft.server.watch.timeout = 10s (default)
2019-10-22 04:20:14,200 [pool-27-thread-1] INFO  segmented.SegmentedRaftLogWorker (SegmentedRaftLogWorker.java:<init>(173)) - new 39efaeea-ba86-4fd8-a10a-b7015b9eb4a1@group-A57042461D0B-SegmentedRaftLogWorker for RaftStorage:Storage Directory /workdir/hadoop-ozone/tools/target/test-dir/MiniOzoneClusterImpl-d378e231-1417-4557-b6bf-feb5ffee2028/datanode-0/data/ratis/a27c7256-e24a-4187-836a-a57042461d0b
2019-10-22 04:20:14,200 [601b4e43-fd2c-4737-8fdc-9e94860fc946@group-D9173FB02A55-LeaderElection4] INFO  server.RaftServerConfigKeys (ConfUtils.java:logGet(43)) - raft.server.watch.timeout.denomination = 1s (default)
2019-10-22 04:20:14,200 [pool-27-thread-1] INFO  server.RaftServerConfigKeys (ConfUtils.java:logGet(43)) - raft.server.log.queue.byte-limit = 2147483647 (custom)
2019-10-22 04:20:14,200 [601b4e43-fd2c-4737-8fdc-9e94860fc946@group-D9173FB02A55-LeaderElection4] INFO  server.RaftServerConfigKeys (ConfUtils.java:logGet(43)) - raft.server.watch.element-limit = 65536 (default)
2019-10-22 04:20:14,200 [pool-27-thread-1] INFO  server.RaftServerConfigKeys (ConfUtils.java:logGet(43)) - raft.server.log.queue.element-limit = 1024 (custom)
2019-10-22 04:20:14,200 [39efaeea-ba86-4fd8-a10a-b7015b9eb4a1@group-B5BEB8C9A630-LeaderElection6] INFO  impl.LeaderElection (LeaderElection.java:askForVotes(178)) - 39efaeea-ba86-4fd8-a10a-b7015b9eb4a1@group-B5BEB8C9A630-LeaderElection6: begin an election at term 3 for -1: [39efaeea-ba86-4fd8-a10a-b7015b9eb4a1:192.168.34.14:43496, 601b4e43-fd2c-4737-8fdc-9e94860fc946:192.168.34.14:37459, 0c43bc72-d834-4758-b91b-4934a5dc7f3b:192.168.34.14:33792], old=null
2019-10-22 04:20:14,200 [pool-27-thread-1] INFO  server.RaftServerConfigKeys (ConfUtils.java:logGet(43)) - raft.server.log.segment.size.max = 1048576 (custom)
2019-10-22 04:20:14,200 [pool-27-thread-1] INFO  server.RaftServerConfigKeys (ConfUtils.java:logGet(43)) - raft.server.log.preallocated.size = 16384 (custom)
2019-10-22 04:20:14,201 [pool-27-thread-1] INFO  server.RaftServerConfigKeys (ConfUtils.java:logGet(43)) - raft.server.log.write.buffer.size = 33554432 (custom)
2019-10-22 04:20:14,202 [pool-27-thread-1] INFO  server.RaftServerConfigKeys (ConfUtils.java:logGet(43)) - raft.server.log.force.sync.num = 128 (default)
2019-10-22 04:20:14,202 [pool-27-thread-1] INFO  server.RaftServerConfigKeys (ConfUtils.java:logGet(43)) - raft.server.log.statemachine.data.sync = true (default)
2019-10-22 04:20:14,202 [pool-27-thread-1] INFO  server.RaftServerConfigKeys (ConfUtils.java:logGet(43)) - raft.server.log.statemachine.data.sync.timeout = 10s (default)
2019-10-22 04:20:14,202 [grpc-default-executor-0] INFO  impl.RaftServerImpl (ServerState.java:setLeader(256)) - 0c43bc72-d834-4758-b91b-4934a5dc7f3b@group-B5BEB8C9A630: change Leader from 0c43bc72-d834-4758-b91b-4934a5dc7f3b to null at term 3 for updateCurrentTerm
2019-10-22 04:20:14,202 [pool-27-thread-1] INFO  server.RaftServerConfigKeys (ConfUtils.java:logGet(43)) - raft.server.log.statemachine.data.sync.timeout.retry = -1 (default)
2019-10-22 04:20:14,202 [grpc-default-executor-0] INFO  impl.RaftServerImpl (RaftServerImpl.java:setRole(184)) - 0c43bc72-d834-4758-b91b-4934a5dc7f3b@group-B5BEB8C9A630: changes role from    LEADER to FOLLOWER at term 3 for recognizeCandidate:601b4e43-fd2c-4737-8fdc-9e94860fc946
2019-10-22 04:20:14,202 [grpc-default-executor-0] INFO  impl.RoleInfo (RoleInfo.java:shutdownLeaderState(104)) - 0c43bc72-d834-4758-b91b-4934a5dc7f3b: shutdown LeaderState
2019-10-22 04:20:14,203 [pool-27-thread-1] INFO  server.RaftServerConfigKeys (ConfUtils.java:logGet(43)) - raft.server.log.statemachine.data.caching.enabled = true (custom)
2019-10-22 04:20:14,208 [org.apache.ratis.server.impl.LogAppender$AppenderDaemon$$Lambda$508/1065314298@21f2f7f2] WARN  server.GrpcLogAppender (GrpcLogAppender.java:mayWait(149)) - 0c43bc72-d834-4758-b91b-4934a5dc7f3b@group-B5BEB8C9A630->601b4e43-fd2c-4737-8fdc-9e94860fc946-GrpcLogAppender: Wait interrupted by java.lang.InterruptedException
2019-10-22 04:20:14,208 [pool-27-thread-1] INFO  segmented.SegmentedRaftLogWorker (SegmentedRaftLogWorker.java:lambda$new$0(128)) - 39efaeea-ba86-4fd8-a10a-b7015b9eb4a1@group-A57042461D0B-SegmentedRaftLogWorker: flushIndex: setUnconditionally 0 -> -1
2019-10-22 04:20:14,208 [org.apache.ratis.server.impl.LogAppender$AppenderDaemon$$Lambda$508/1065314298@52dc53b2] WARN  server.GrpcLogAppender (GrpcLogAppender.java:mayWait(149)) - 0c43bc72-d834-4758-b91b-4934a5dc7f3b@group-B5BEB8C9A630->39efaeea-ba86-4fd8-a10a-b7015b9eb4a1-GrpcLogAppender: Wait interrupted by java.lang.InterruptedException
2019-10-22 04:20:14,209 [pool-27-thread-1] INFO  server.RaftServerConfigKeys (ConfUtils.java:logGet(43)) - raft.server.snapshot.auto.trigger.enabled = true (custom)
2019-10-22 04:20:14,209 [pool-27-thread-1] INFO  server.RaftServerConfigKeys (ConfUtils.java:logGet(43)) - raft.server.snapshot.auto.trigger.threshold = 10000 (custom)
2019-10-22 04:20:14,209 [pool-27-thread-1] INFO  server.RaftServerConfigKeys (ConfUtils.java:logGet(43)) - raft.server.snapshot.retention.file.num = 5 (custom)
2019-10-22 04:20:14,209 [pool-27-thread-1] INFO  server.RaftServerConfigKeys (ConfUtils.java:logGet(43)) - raft.server.retrycache.expirytime = 600000ms (custom)
2019-10-22 04:20:14,210 [grpc-default-executor-0] INFO  impl.PendingRequests (PendingRequests.java:sendNotLeaderResponses(202)) - 0c43bc72-d834-4758-b91b-4934a5dc7f3b@group-B5BEB8C9A630-PendingRequests: sendNotLeaderResponses
2019-10-22 04:20:14,212 [601b4e43-fd2c-4737-8fdc-9e94860fc946@group-D9173FB02A55-LeaderElection4] INFO  impl.RoleInfo (RoleInfo.java:updateAndGet(143)) - 601b4e43-fd2c-4737-8fdc-9e94860fc946: start LeaderState
2019-10-22 04:20:14,213 [601b4e43-fd2c-4737-8fdc-9e94860fc946@group-D9173FB02A55-LeaderElection4] INFO  segmented.SegmentedRaftLogWorker (SegmentedRaftLogWorker.java:startLogSegment(385)) - 601b4e43-fd2c-4737-8fdc-9e94860fc946@group-D9173FB02A55-SegmentedRaftLogWorker: Starting segment from index:0
2019-10-22 04:20:14,214 [grpc-default-executor-0] INFO  impl.RoleInfo (RoleInfo.java:updateAndGet(143)) - 0c43bc72-d834-4758-b91b-4934a5dc7f3b: start FollowerState
2019-10-22 04:20:14,217 [pool-27-thread-1] INFO  impl.RaftServerImpl (RaftServerImpl.java:start(195)) - 39efaeea-ba86-4fd8-a10a-b7015b9eb4a1@group-A57042461D0B: start as a follower, conf=-1: [39efaeea-ba86-4fd8-a10a-b7015b9eb4a1:192.168.34.14:43496], old=null
2019-10-22 04:20:14,217 [pool-27-thread-1] INFO  impl.RaftServerImpl (RaftServerImpl.java:setRole(184)) - 39efaeea-ba86-4fd8-a10a-b7015b9eb4a1@group-A57042461D0B: changes role from      null to FOLLOWER at term 0 for startAsFollower
2019-10-22 04:20:14,218 [pool-27-thread-1] INFO  impl.RoleInfo (RoleInfo.java:updateAndGet(143)) - 39efaeea-ba86-4fd8-a10a-b7015b9eb4a1: start FollowerState
2019-10-22 04:20:14,218 [601b4e43-fd2c-4737-8fdc-9e94860fc946@group-D9173FB02A55-LeaderElection4] INFO  impl.RaftServerImpl (ServerState.java:setRaftConf(357)) - 601b4e43-fd2c-4737-8fdc-9e94860fc946@group-D9173FB02A55: set configuration 0: [601b4e43-fd2c-4737-8fdc-9e94860fc946:192.168.34.14:37459], old=null at 0
2019-10-22 04:20:14,219 [pool-27-thread-1] INFO  util.JmxRegister (JmxRegister.java:tryRegister(44)) - Successfully registered JMX Bean with object name Ratis:service=RaftServer,group=group-A57042461D0B,id=39efaeea-ba86-4fd8-a10a-b7015b9eb4a1
2019-10-22 04:20:14,219 [grpc-default-executor-2] INFO  server.GrpcServerProtocolService (GrpcServerProtocolService.java:onCompleted(113)) - 39efaeea-ba86-4fd8-a10a-b7015b9eb4a1: Completed APPEND_ENTRIES, lastRequest: 0c43bc72-d834-4758-b91b-4934a5dc7f3b->39efaeea-ba86-4fd8-a10a-b7015b9eb4a1#0-t2, previous=(t:0, i:0), leaderCommit=-1, initializing? false, entries: <empty>
2019-10-22 04:20:14,220 [grpc-default-executor-2] INFO  server.GrpcServerProtocolService (GrpcServerProtocolService.java:onCompleted(113)) - 601b4e43-fd2c-4737-8fdc-9e94860fc946: Completed APPEND_ENTRIES, lastRequest: 0c43bc72-d834-4758-b91b-4934a5dc7f3b->601b4e43-fd2c-4737-8fdc-9e94860fc946#0-t2, previous=(t:0, i:0), leaderCommit=-1, initializing? false, entries: <empty>
2019-10-22 04:20:14,232 [grpc-default-executor-5] INFO  impl.RaftServerImpl (RaftServerImpl.java:setRole(184)) - 0c43bc72-d834-4758-b91b-4934a5dc7f3b@group-B5BEB8C9A630: changes role from  FOLLOWER to FOLLOWER at term 3 for recognizeCandidate:39efaeea-ba86-4fd8-a10a-b7015b9eb4a1
2019-10-22 04:20:14,232 [grpc-default-executor-2] INFO  server.GrpcLogAppender (GrpcLogAppender.java:onCompleted(308)) - 0c43bc72-d834-4758-b91b-4934a5dc7f3b@group-B5BEB8C9A630->601b4e43-fd2c-4737-8fdc-9e94860fc946-AppendLogResponseHandler: follower responses appendEntries COMPLETED
2019-10-22 04:20:14,232 [grpc-default-executor-5] INFO  impl.RoleInfo (RoleInfo.java:shutdownFollowerState(121)) - 0c43bc72-d834-4758-b91b-4934a5dc7f3b: shutdown FollowerState
2019-10-22 04:20:14,232 [grpc-default-executor-4] INFO  server.GrpcLogAppender (GrpcLogAppender.java:onCompleted(308)) - 0c43bc72-d834-4758-b91b-4934a5dc7f3b@group-B5BEB8C9A630->39efaeea-ba86-4fd8-a10a-b7015b9eb4a1-AppendLogResponseHandler: follower responses appendEntries COMPLETED
2019-10-22 04:20:14,233 [Thread-233] INFO  impl.FollowerState (FollowerState.java:run(117)) - 0c43bc72-d834-4758-b91b-4934a5dc7f3b@group-B5BEB8C9A630-FollowerState was interrupted: java.lang.InterruptedException: sleep interrupted
2019-10-22 04:20:14,233 [grpc-default-executor-5] INFO  impl.RoleInfo (RoleInfo.java:updateAndGet(143)) - 0c43bc72-d834-4758-b91b-4934a5dc7f3b: start FollowerState
2019-10-22 04:20:14,234 [RatisPipelineUtilsThread] INFO  pipeline.PipelineStateManager (PipelineStateManager.java:addPipeline(56)) - Created pipeline Pipeline[ Id: a27c7256-e24a-4187-836a-a57042461d0b, Nodes: 39efaeea-ba86-4fd8-a10a-b7015b9eb4a1{ip: 192.168.34.14, host: pr-hdds-1643-hlxn2-3599243457, networkLocation: /default-rack, certSerialId: null}, Type:RATIS, Factor:ONE, State:OPEN]
2019-10-22 04:20:14,237 [grpc-default-executor-2] INFO  impl.FollowerInfo (FollowerInfo.java:lambda$new$0(51)) - 0c43bc72-d834-4758-b91b-4934a5dc7f3b@group-B5BEB8C9A630->601b4e43-fd2c-4737-8fdc-9e94860fc946: nextIndex: updateUnconditionally 0 -> 0
2019-10-22 04:20:14,240 [grpc-default-executor-4] INFO  impl.FollowerInfo (FollowerInfo.java:lambda$new$0(51)) - 0c43bc72-d834-4758-b91b-4934a5dc7f3b@group-B5BEB8C9A630->39efaeea-ba86-4fd8-a10a-b7015b9eb4a1: nextIndex: updateUnconditionally 0 -> 0
2019-10-22 04:20:14,241 [601b4e43-fd2c-4737-8fdc-9e94860fc946@group-B5BEB8C9A630-LeaderElection5] INFO  impl.LeaderElection (LeaderElection.java:logAndReturn(56)) - 601b4e43-fd2c-4737-8fdc-9e94860fc946@group-B5BEB8C9A630-LeaderElection5: Election REJECTED; received 2 response(s) [601b4e43-fd2c-4737-8fdc-9e94860fc946<-39efaeea-ba86-4fd8-a10a-b7015b9eb4a1#0:FAIL-t3, 601b4e43-fd2c-4737-8fdc-9e94860fc946<-0c43bc72-d834-4758-b91b-4934a5dc7f3b#0:FAIL-t3] and 0 exception(s); 601b4e43-fd2c-4737-8fdc-9e94860fc946@group-B5BEB8C9A630:t3, leader=null, voted=601b4e43-fd2c-4737-8fdc-9e94860fc946, raftlog=601b4e43-fd2c-4737-8fdc-9e94860fc946@group-B5BEB8C9A630-SegmentedRaftLog:OPENED:c-1,f-1,i0, conf=-1: [39efaeea-ba86-4fd8-a10a-b7015b9eb4a1:192.168.34.14:43496, 601b4e43-fd2c-4737-8fdc-9e94860fc946:192.168.34.14:37459, 0c43bc72-d834-4758-b91b-4934a5dc7f3b:192.168.34.14:33792], old=null
2019-10-22 04:20:14,241 [601b4e43-fd2c-4737-8fdc-9e94860fc946@group-B5BEB8C9A630-LeaderElection5] INFO  impl.RaftServerImpl (RaftServerImpl.java:setRole(184)) - 601b4e43-fd2c-4737-8fdc-9e94860fc946@group-B5BEB8C9A630: changes role from CANDIDATE to FOLLOWER at term 3 for DISCOVERED_A_NEW_TERM
2019-10-22 04:20:14,242 [601b4e43-fd2c-4737-8fdc-9e94860fc946@group-B5BEB8C9A630-LeaderElection5] INFO  impl.RoleInfo (RoleInfo.java:shutdownLeaderElection(134)) - 601b4e43-fd2c-4737-8fdc-9e94860fc946: shutdown LeaderElection
2019-10-22 04:20:14,243 [601b4e43-fd2c-4737-8fdc-9e94860fc946@group-B5BEB8C9A630-LeaderElection5] INFO  impl.RoleInfo (RoleInfo.java:updateAndGet(143)) - 601b4e43-fd2c-4737-8fdc-9e94860fc946: start FollowerState
2019-10-22 04:20:14,252 [39efaeea-ba86-4fd8-a10a-b7015b9eb4a1@group-B5BEB8C9A630-LeaderElection6] INFO  impl.LeaderElection (LeaderElection.java:logAndReturn(56)) - 39efaeea-ba86-4fd8-a10a-b7015b9eb4a1@group-B5BEB8C9A630-LeaderElection6: Election REJECTED; received 2 response(s) [39efaeea-ba86-4fd8-a10a-b7015b9eb4a1<-601b4e43-fd2c-4737-8fdc-9e94860fc946#0:FAIL-t3, 39efaeea-ba86-4fd8-a10a-b7015b9eb4a1<-0c43bc72-d834-4758-b91b-4934a5dc7f3b#0:FAIL-t3] and 0 exception(s); 39efaeea-ba86-4fd8-a10a-b7015b9eb4a1@group-B5BEB8C9A630:t3, leader=null, voted=39efaeea-ba86-4fd8-a10a-b7015b9eb4a1, raftlog=39efaeea-ba86-4fd8-a10a-b7015b9eb4a1@group-B5BEB8C9A630-SegmentedRaftLog:OPENED:c-1,f-1,i0, conf=-1: [39efaeea-ba86-4fd8-a10a-b7015b9eb4a1:192.168.34.14:43496, 601b4e43-fd2c-4737-8fdc-9e94860fc946:192.168.34.14:37459, 0c43bc72-d834-4758-b91b-4934a5dc7f3b:192.168.34.14:33792], old=null
2019-10-22 04:20:14,253 [39efaeea-ba86-4fd8-a10a-b7015b9eb4a1@group-B5BEB8C9A630-LeaderElection6] INFO  impl.RaftServerImpl (RaftServerImpl.java:setRole(184)) - 39efaeea-ba86-4fd8-a10a-b7015b9eb4a1@group-B5BEB8C9A630: changes role from CANDIDATE to FOLLOWER at term 3 for DISCOVERED_A_NEW_TERM
2019-10-22 04:20:14,254 [39efaeea-ba86-4fd8-a10a-b7015b9eb4a1@group-B5BEB8C9A630-LeaderElection6] INFO  impl.RoleInfo (RoleInfo.java:shutdownLeaderElection(134)) - 39efaeea-ba86-4fd8-a10a-b7015b9eb4a1: shutdown LeaderElection
2019-10-22 04:20:14,254 [39efaeea-ba86-4fd8-a10a-b7015b9eb4a1@group-B5BEB8C9A630-LeaderElection6] INFO  impl.RoleInfo (RoleInfo.java:updateAndGet(143)) - 39efaeea-ba86-4fd8-a10a-b7015b9eb4a1: start FollowerState
2019-10-22 04:20:14,265 [grpc-default-executor-5] INFO  impl.RaftServerProxy (RaftServerProxy.java:addNew(89)) - 0c43bc72-d834-4758-b91b-4934a5dc7f3b: addNew group-7ABD2E508E9A:[39efaeea-ba86-4fd8-a10a-b7015b9eb4a1:192.168.34.14:43496, 601b4e43-fd2c-4737-8fdc-9e94860fc946:192.168.34.14:37459, 0c43bc72-d834-4758-b91b-4934a5dc7f3b:192.168.34.14:33792] returns group-7ABD2E508E9A:java.util.concurrent.CompletableFuture@31eea4a9[Not completed]
2019-10-22 04:20:14,269 [grpc-default-executor-4] INFO  impl.RaftServerProxy (RaftServerProxy.java:addNew(89)) - 39efaeea-ba86-4fd8-a10a-b7015b9eb4a1: addNew group-7ABD2E508E9A:[39efaeea-ba86-4fd8-a10a-b7015b9eb4a1:192.168.34.14:43496, 601b4e43-fd2c-4737-8fdc-9e94860fc946:192.168.34.14:37459, 0c43bc72-d834-4758-b91b-4934a5dc7f3b:192.168.34.14:33792] returns group-7ABD2E508E9A:java.util.concurrent.CompletableFuture@4b435ab[Not completed]
2019-10-22 04:20:14,269 [grpc-default-executor-2] INFO  impl.RaftServerProxy (RaftServerProxy.java:addNew(89)) - 601b4e43-fd2c-4737-8fdc-9e94860fc946: addNew group-7ABD2E508E9A:[39efaeea-ba86-4fd8-a10a-b7015b9eb4a1:192.168.34.14:43496, 601b4e43-fd2c-4737-8fdc-9e94860fc946:192.168.34.14:37459, 0c43bc72-d834-4758-b91b-4934a5dc7f3b:192.168.34.14:33792] returns group-7ABD2E508E9A:java.util.concurrent.CompletableFuture@1c672283[Not completed]
2019-10-22 04:20:14,270 [pool-47-thread-1] INFO  impl.RaftServerImpl (RaftServerImpl.java:<init>(104)) - 0c43bc72-d834-4758-b91b-4934a5dc7f3b: new RaftServerImpl for group-7ABD2E508E9A:[39efaeea-ba86-4fd8-a10a-b7015b9eb4a1:192.168.34.14:43496, 601b4e43-fd2c-4737-8fdc-9e94860fc946:192.168.34.14:37459, 0c43bc72-d834-4758-b91b-4934a5dc7f3b:192.168.34.14:33792] with ContainerStateMachine:uninitialized
2019-10-22 04:20:14,270 [pool-47-thread-1] INFO  server.RaftServerConfigKeys (ConfUtils.java:logGet(43)) - raft.server.rpc.timeout.min = 5s (custom)
2019-10-22 04:20:14,270 [pool-47-thread-1] INFO  server.RaftServerConfigKeys (ConfUtils.java:logGet(43)) - raft.server.rpc.timeout.max = 5200ms (custom)
2019-10-22 04:20:14,271 [pool-47-thread-1] INFO  server.RaftServerConfigKeys (ConfUtils.java:logGet(43)) - raft.server.rpcslowness.timeout = 120s (custom)
2019-10-22 04:20:14,271 [pool-47-thread-1] INFO  server.RaftServerConfigKeys (ConfUtils.java:logGet(43)) - raft.server.sleep.deviation.threshold = 300 (default)
2019-10-22 04:20:14,271 [pool-37-thread-1] INFO  impl.RaftServerImpl (RaftServerImpl.java:<init>(104)) - 601b4e43-fd2c-4737-8fdc-9e94860fc946: new RaftServerImpl for group-7ABD2E508E9A:[39efaeea-ba86-4fd8-a10a-b7015b9eb4a1:192.168.34.14:43496, 601b4e43-fd2c-4737-8fdc-9e94860fc946:192.168.34.14:37459, 0c43bc72-d834-4758-b91b-4934a5dc7f3b:192.168.34.14:33792] with ContainerStateMachine:uninitialized
2019-10-22 04:20:14,271 [pool-47-thread-1] INFO  server.RaftServerConfigKeys (ConfUtils.java:logGet(43)) - raft.server.log.appender.install.snapshot.enabled = false (custom)
2019-10-22 04:20:14,271 [pool-37-thread-1] INFO  server.RaftServerConfigKeys (ConfUtils.java:logGet(43)) - raft.server.rpc.timeout.min = 5s (custom)
2019-10-22 04:20:14,271 [pool-47-thread-1] INFO  impl.RaftServerImpl (ServerState.java:<init>(103)) - 0c43bc72-d834-4758-b91b-4934a5dc7f3b@group-7ABD2E508E9A: ConfigurationManager, init=-1: [39efaeea-ba86-4fd8-a10a-b7015b9eb4a1:192.168.34.14:43496, 601b4e43-fd2c-4737-8fdc-9e94860fc946:192.168.34.14:37459, 0c43bc72-d834-4758-b91b-4934a5dc7f3b:192.168.34.14:33792], old=null, confs=<EMPTY_MAP>
2019-10-22 04:20:14,271 [pool-37-thread-1] INFO  server.RaftServerConfigKeys (ConfUtils.java:logGet(43)) - raft.server.rpc.timeout.max = 5200ms (custom)
2019-10-22 04:20:14,271 [pool-37-thread-1] INFO  server.RaftServerConfigKeys (ConfUtils.java:logGet(43)) - raft.server.rpcslowness.timeout = 120s (custom)
2019-10-22 04:20:14,271 [pool-47-thread-1] INFO  server.RaftServerConfigKeys (ConfUtils.java:logGet(43)) - raft.server.storage.dir = [/workdir/hadoop-ozone/tools/target/test-dir/MiniOzoneClusterImpl-d378e231-1417-4557-b6bf-feb5ffee2028/datanode-2/data/ratis] (custom)
2019-10-22 04:20:14,271 [pool-37-thread-1] INFO  server.RaftServerConfigKeys (ConfUtils.java:logGet(43)) - raft.server.sleep.deviation.threshold = 300 (default)
2019-10-22 04:20:14,271 [pool-37-thread-1] INFO  server.RaftServerConfigKeys (ConfUtils.java:logGet(43)) - raft.server.log.appender.install.snapshot.enabled = false (custom)
2019-10-22 04:20:14,272 [pool-37-thread-1] INFO  impl.RaftServerImpl (ServerState.java:<init>(103)) - 601b4e43-fd2c-4737-8fdc-9e94860fc946@group-7ABD2E508E9A: ConfigurationManager, init=-1: [39efaeea-ba86-4fd8-a10a-b7015b9eb4a1:192.168.34.14:43496, 601b4e43-fd2c-4737-8fdc-9e94860fc946:192.168.34.14:37459, 0c43bc72-d834-4758-b91b-4934a5dc7f3b:192.168.34.14:33792], old=null, confs=<EMPTY_MAP>
2019-10-22 04:20:14,272 [pool-27-thread-1] INFO  impl.RaftServerImpl (RaftServerImpl.java:<init>(104)) - 39efaeea-ba86-4fd8-a10a-b7015b9eb4a1: new RaftServerImpl for group-7ABD2E508E9A:[39efaeea-ba86-4fd8-a10a-b7015b9eb4a1:192.168.34.14:43496, 601b4e43-fd2c-4737-8fdc-9e94860fc946:192.168.34.14:37459, 0c43bc72-d834-4758-b91b-4934a5dc7f3b:192.168.34.14:33792] with ContainerStateMachine:uninitialized
2019-10-22 04:20:14,272 [pool-47-thread-1] INFO  server.RaftServerConfigKeys (ConfUtils.java:logGet(43)) - raft.server.log.corruption.policy = EXCEPTION (default)
2019-10-22 04:20:14,272 [pool-27-thread-1] INFO  server.RaftServerConfigKeys (ConfUtils.java:logGet(43)) - raft.server.rpc.timeout.min = 5s (custom)
2019-10-22 04:20:14,272 [pool-37-thread-1] INFO  server.RaftServerConfigKeys (ConfUtils.java:logGet(43)) - raft.server.storage.dir = [/workdir/hadoop-ozone/tools/target/test-dir/MiniOzoneClusterImpl-d378e231-1417-4557-b6bf-feb5ffee2028/datanode-1/data/ratis] (custom)
2019-10-22 04:20:14,272 [pool-27-thread-1] INFO  server.RaftServerConfigKeys (ConfUtils.java:logGet(43)) - raft.server.rpc.timeout.max = 5200ms (custom)
2019-10-22 04:20:14,272 [pool-47-thread-1] INFO  storage.RaftStorageDirectory (RaftStorageDirectory.java:analyzeStorage(246)) - The storage directory /workdir/hadoop-ozone/tools/target/test-dir/MiniOzoneClusterImpl-d378e231-1417-4557-b6bf-feb5ffee2028/datanode-2/data/ratis/0ef36821-93c6-4cfe-9abd-7abd2e508e9a does not exist. Creating ...
2019-10-22 04:20:14,272 [pool-37-thread-1] INFO  server.RaftServerConfigKeys (ConfUtils.java:logGet(43)) - raft.server.log.corruption.policy = EXCEPTION (default)
2019-10-22 04:20:14,272 [pool-27-thread-1] INFO  server.RaftServerConfigKeys (ConfUtils.java:logGet(43)) - raft.server.rpcslowness.timeout = 120s (custom)
2019-10-22 04:20:14,273 [pool-37-thread-1] INFO  storage.RaftStorageDirectory (RaftStorageDirectory.java:analyzeStorage(246)) - The storage directory /workdir/hadoop-ozone/tools/target/test-dir/MiniOzoneClusterImpl-d378e231-1417-4557-b6bf-feb5ffee2028/datanode-1/data/ratis/0ef36821-93c6-4cfe-9abd-7abd2e508e9a does not exist. Creating ...
2019-10-22 04:20:14,273 [pool-27-thread-1] INFO  server.RaftServerConfigKeys (ConfUtils.java:logGet(43)) - raft.server.sleep.deviation.threshold = 300 (default)
2019-10-22 04:20:14,273 [pool-27-thread-1] INFO  server.RaftServerConfigKeys (ConfUtils.java:logGet(43)) - raft.server.log.appender.install.snapshot.enabled = false (custom)
2019-10-22 04:20:14,273 [pool-27-thread-1] INFO  impl.RaftServerImpl (ServerState.java:<init>(103)) - 39efaeea-ba86-4fd8-a10a-b7015b9eb4a1@group-7ABD2E508E9A: ConfigurationManager, init=-1: [39efaeea-ba86-4fd8-a10a-b7015b9eb4a1:192.168.34.14:43496, 601b4e43-fd2c-4737-8fdc-9e94860fc946:192.168.34.14:37459, 0c43bc72-d834-4758-b91b-4934a5dc7f3b:192.168.34.14:33792], old=null, confs=<EMPTY_MAP>
2019-10-22 04:20:14,273 [pool-27-thread-1] INFO  server.RaftServerConfigKeys (ConfUtils.java:logGet(43)) - raft.server.storage.dir = [/workdir/hadoop-ozone/tools/target/test-dir/MiniOzoneClusterImpl-d378e231-1417-4557-b6bf-feb5ffee2028/datanode-0/data/ratis] (custom)
2019-10-22 04:20:14,273 [pool-27-thread-1] INFO  server.RaftServerConfigKeys (ConfUtils.java:logGet(43)) - raft.server.log.corruption.policy = EXCEPTION (default)
2019-10-22 04:20:14,274 [pool-27-thread-1] INFO  storage.RaftStorageDirectory (RaftStorageDirectory.java:analyzeStorage(246)) - The storage directory /workdir/hadoop-ozone/tools/target/test-dir/MiniOzoneClusterImpl-d378e231-1417-4557-b6bf-feb5ffee2028/datanode-0/data/ratis/0ef36821-93c6-4cfe-9abd-7abd2e508e9a does not exist. Creating ...
2019-10-22 04:20:14,280 [Thread-217] INFO  impl.FollowerState (FollowerState.java:run(108)) - 0c43bc72-d834-4758-b91b-4934a5dc7f3b@group-9F5009320550-FollowerState: change to CANDIDATE, lastRpcTime:141ms, electionTimeout:141ms
2019-10-22 04:20:14,280 [Thread-217] INFO  impl.RoleInfo (RoleInfo.java:shutdownFollowerState(121)) - 0c43bc72-d834-4758-b91b-4934a5dc7f3b: shutdown FollowerState
2019-10-22 04:20:14,281 [Thread-217] INFO  impl.RaftServerImpl (RaftServerImpl.java:setRole(184)) - 0c43bc72-d834-4758-b91b-4934a5dc7f3b@group-9F5009320550: changes role from  FOLLOWER to CANDIDATE at term 0 for changeToCandidate
2019-10-22 04:20:14,281 [Thread-217] INFO  impl.RoleInfo (RoleInfo.java:updateAndGet(143)) - 0c43bc72-d834-4758-b91b-4934a5dc7f3b: start LeaderElection
2019-10-22 04:20:14,286 [pool-27-thread-1] INFO  storage.RaftStorageDirectory (RaftStorageDirectory.java:tryLock(328)) - Lock on /workdir/hadoop-ozone/tools/target/test-dir/MiniOzoneClusterImpl-d378e231-1417-4557-b6bf-feb5ffee2028/datanode-0/data/ratis/0ef36821-93c6-4cfe-9abd-7abd2e508e9a/in_use.lock acquired by nodename 24852@pr-hdds-1643-hlxn2-3599243457
2019-10-22 04:20:14,286 [pool-47-thread-1] INFO  storage.RaftStorageDirectory (RaftStorageDirectory.java:tryLock(328)) - Lock on /workdir/hadoop-ozone/tools/target/test-dir/MiniOzoneClusterImpl-d378e231-1417-4557-b6bf-feb5ffee2028/datanode-2/data/ratis/0ef36821-93c6-4cfe-9abd-7abd2e508e9a/in_use.lock acquired by nodename 24852@pr-hdds-1643-hlxn2-3599243457
2019-10-22 04:20:14,286 [0c43bc72-d834-4758-b91b-4934a5dc7f3b@group-9F5009320550-LeaderElection7] INFO  impl.LeaderElection (LeaderElection.java:askForVotes(178)) - 0c43bc72-d834-4758-b91b-4934a5dc7f3b@group-9F5009320550-LeaderElection7: begin an election at term 1 for -1: [0c43bc72-d834-4758-b91b-4934a5dc7f3b:192.168.34.14:33792], old=null
2019-10-22 04:20:14,286 [pool-37-thread-1] INFO  storage.RaftStorageDirectory (RaftStorageDirectory.java:tryLock(328)) - Lock on /workdir/hadoop-ozone/tools/target/test-dir/MiniOzoneClusterImpl-d378e231-1417-4557-b6bf-feb5ffee2028/datanode-1/data/ratis/0ef36821-93c6-4cfe-9abd-7abd2e508e9a/in_use.lock acquired by nodename 24852@pr-hdds-1643-hlxn2-3599243457
2019-10-22 04:20:14,286 [0c43bc72-d834-4758-b91b-4934a5dc7f3b@group-9F5009320550-LeaderElection7] INFO  impl.RoleInfo (RoleInfo.java:shutdownLeaderElection(134)) - 0c43bc72-d834-4758-b91b-4934a5dc7f3b: shutdown LeaderElection
2019-10-22 04:20:14,287 [0c43bc72-d834-4758-b91b-4934a5dc7f3b@group-9F5009320550-LeaderElection7] INFO  impl.RaftServerImpl (RaftServerImpl.java:setRole(184)) - 0c43bc72-d834-4758-b91b-4934a5dc7f3b@group-9F5009320550: changes role from CANDIDATE to LEADER at term 1 for changeToLeader
2019-10-22 04:20:14,287 [0c43bc72-d834-4758-b91b-4934a5dc7f3b@group-9F5009320550-LeaderElection7] INFO  impl.RaftServerImpl (ServerState.java:setLeader(256)) - 0c43bc72-d834-4758-b91b-4934a5dc7f3b@group-9F5009320550: change Leader from null to 0c43bc72-d834-4758-b91b-4934a5dc7f3b at term 1 for becomeLeader, leader elected after 153ms
2019-10-22 04:20:14,287 [0c43bc72-d834-4758-b91b-4934a5dc7f3b@group-9F5009320550-LeaderElection7] INFO  server.RaftServerConfigKeys (ConfUtils.java:logGet(43)) - raft.server.staging.catchup.gap = 1000 (default)
2019-10-22 04:20:14,287 [0c43bc72-d834-4758-b91b-4934a5dc7f3b@group-9F5009320550-LeaderElection7] INFO  server.RaftServerConfigKeys (ConfUtils.java:logGet(43)) - raft.server.rpc.sleep.time = 25ms (default)
2019-10-22 04:20:14,287 [0c43bc72-d834-4758-b91b-4934a5dc7f3b@group-9F5009320550-LeaderElection7] INFO  server.RaftServerConfigKeys (ConfUtils.java:logGet(43)) - raft.server.write.element-limit = 4096 (default)
2019-10-22 04:20:14,288 [0c43bc72-d834-4758-b91b-4934a5dc7f3b@group-9F5009320550-LeaderElection7] INFO  server.RaftServerConfigKeys (ConfUtils.java:logGet(43)) - raft.server.watch.timeout = 10s (default)
2019-10-22 04:20:14,288 [0c43bc72-d834-4758-b91b-4934a5dc7f3b@group-9F5009320550-LeaderElection7] INFO  server.RaftServerConfigKeys (ConfUtils.java:logGet(43)) - raft.server.watch.timeout.denomination = 1s (default)
2019-10-22 04:20:14,288 [0c43bc72-d834-4758-b91b-4934a5dc7f3b@group-9F5009320550-LeaderElection7] INFO  server.RaftServerConfigKeys (ConfUtils.java:logGet(43)) - raft.server.watch.element-limit = 65536 (default)
2019-10-22 04:20:14,290 [0c43bc72-d834-4758-b91b-4934a5dc7f3b@group-9F5009320550-LeaderElection7] INFO  impl.RoleInfo (RoleInfo.java:updateAndGet(143)) - 0c43bc72-d834-4758-b91b-4934a5dc7f3b: start LeaderState
2019-10-22 04:20:14,291 [0c43bc72-d834-4758-b91b-4934a5dc7f3b@group-9F5009320550-LeaderElection7] INFO  segmented.SegmentedRaftLogWorker (SegmentedRaftLogWorker.java:startLogSegment(385)) - 0c43bc72-d834-4758-b91b-4934a5dc7f3b@group-9F5009320550-SegmentedRaftLogWorker: Starting segment from index:0
2019-10-22 04:20:14,291 [0c43bc72-d834-4758-b91b-4934a5dc7f3b@group-9F5009320550-LeaderElection7] INFO  impl.RaftServerImpl (ServerState.java:setRaftConf(357)) - 0c43bc72-d834-4758-b91b-4934a5dc7f3b@group-9F5009320550: set configuration 0: [0c43bc72-d834-4758-b91b-4934a5dc7f3b:192.168.34.14:33792], old=null at 0
2019-10-22 04:20:14,300 [pool-37-thread-1] INFO  storage.RaftStorage (RaftStorage.java:format(84)) - Storage directory /workdir/hadoop-ozone/tools/target/test-dir/MiniOzoneClusterImpl-d378e231-1417-4557-b6bf-feb5ffee2028/datanode-1/data/ratis/0ef36821-93c6-4cfe-9abd-7abd2e508e9a has been successfully formatted.
2019-10-22 04:20:14,300 [pool-47-thread-1] INFO  storage.RaftStorage (RaftStorage.java:format(84)) - Storage directory /workdir/hadoop-ozone/tools/target/test-dir/MiniOzoneClusterImpl-d378e231-1417-4557-b6bf-feb5ffee2028/datanode-2/data/ratis/0ef36821-93c6-4cfe-9abd-7abd2e508e9a has been successfully formatted.
2019-10-22 04:20:14,300 [pool-27-thread-1] INFO  storage.RaftStorage (RaftStorage.java:format(84)) - Storage directory /workdir/hadoop-ozone/tools/target/test-dir/MiniOzoneClusterImpl-d378e231-1417-4557-b6bf-feb5ffee2028/datanode-0/data/ratis/0ef36821-93c6-4cfe-9abd-7abd2e508e9a has been successfully formatted.
2019-10-22 04:20:14,301 [pool-37-thread-1] INFO  ratis.ContainerStateMachine (ContainerStateMachine.java:loadSnapshot(231)) - group-7ABD2E508E9A: The snapshot info is null. Setting the last applied indexto:(t:0, i:~)
2019-10-22 04:20:14,301 [pool-47-thread-1] INFO  ratis.ContainerStateMachine (ContainerStateMachine.java:loadSnapshot(231)) - group-7ABD2E508E9A: The snapshot info is null. Setting the last applied indexto:(t:0, i:~)
2019-10-22 04:20:14,301 [pool-27-thread-1] INFO  ratis.ContainerStateMachine (ContainerStateMachine.java:loadSnapshot(231)) - group-7ABD2E508E9A: The snapshot info is null. Setting the last applied indexto:(t:0, i:~)
2019-10-22 04:20:14,301 [pool-37-thread-1] INFO  server.RaftServerConfigKeys (ConfUtils.java:logGet(43)) - raft.server.notification.no-leader.timeout = 120s (custom)
2019-10-22 04:20:14,301 [pool-27-thread-1] INFO  server.RaftServerConfigKeys (ConfUtils.java:logGet(43)) - raft.server.notification.no-leader.timeout = 120s (custom)
2019-10-22 04:20:14,301 [pool-47-thread-1] INFO  server.RaftServerConfigKeys (ConfUtils.java:logGet(43)) - raft.server.notification.no-leader.timeout = 120s (custom)
2019-10-22 04:20:14,301 [pool-27-thread-1] INFO  server.RaftServerConfigKeys (ConfUtils.java:logGet(43)) - raft.server.log.use.memory = false (default)
2019-10-22 04:20:14,301 [pool-37-thread-1] INFO  server.RaftServerConfigKeys (ConfUtils.java:logGet(43)) - raft.server.log.use.memory = false (default)
2019-10-22 04:20:14,301 [pool-27-thread-1] INFO  server.RaftServerConfigKeys (ConfUtils.java:logGet(43)) - raft.server.log.purge.gap = 1000000 (custom)
2019-10-22 04:20:14,301 [pool-47-thread-1] INFO  server.RaftServerConfigKeys (ConfUtils.java:logGet(43)) - raft.server.log.use.memory = false (default)
2019-10-22 04:20:14,302 [pool-27-thread-1] INFO  server.RaftServerConfigKeys (ConfUtils.java:logGet(43)) - raft.server.log.appender.buffer.byte-limit = 33554432 (custom)
2019-10-22 04:20:14,302 [pool-37-thread-1] INFO  server.RaftServerConfigKeys (ConfUtils.java:logGet(43)) - raft.server.log.purge.gap = 1000000 (custom)
2019-10-22 04:20:14,302 [pool-27-thread-1] INFO  server.RaftServerConfigKeys (ConfUtils.java:logGet(43)) - raft.server.log.segment.size.max = 1048576 (custom)
2019-10-22 04:20:14,302 [pool-47-thread-1] INFO  server.RaftServerConfigKeys (ConfUtils.java:logGet(43)) - raft.server.log.purge.gap = 1000000 (custom)
2019-10-22 04:20:14,302 [pool-27-thread-1] INFO  server.RaftServerConfigKeys (ConfUtils.java:logGet(43)) - raft.server.log.segment.cache.num.max = 2 (custom)
2019-10-22 04:20:14,302 [pool-37-thread-1] INFO  server.RaftServerConfigKeys (ConfUtils.java:logGet(43)) - raft.server.log.appender.buffer.byte-limit = 33554432 (custom)
2019-10-22 04:20:14,302 [pool-27-thread-1] INFO  segmented.SegmentedRaftLogWorker (SegmentedRaftLogWorker.java:<init>(173)) - new 39efaeea-ba86-4fd8-a10a-b7015b9eb4a1@group-7ABD2E508E9A-SegmentedRaftLogWorker for RaftStorage:Storage Directory /workdir/hadoop-ozone/tools/target/test-dir/MiniOzoneClusterImpl-d378e231-1417-4557-b6bf-feb5ffee2028/datanode-0/data/ratis/0ef36821-93c6-4cfe-9abd-7abd2e508e9a
2019-10-22 04:20:14,302 [pool-47-thread-1] INFO  server.RaftServerConfigKeys (ConfUtils.java:logGet(43)) - raft.server.log.appender.buffer.byte-limit = 33554432 (custom)
2019-10-22 04:20:14,302 [pool-27-thread-1] INFO  server.RaftServerConfigKeys (ConfUtils.java:logGet(43)) - raft.server.log.queue.byte-limit = 2147483647 (custom)
2019-10-22 04:20:14,302 [pool-37-thread-1] INFO  server.RaftServerConfigKeys (ConfUtils.java:logGet(43)) - raft.server.log.segment.size.max = 1048576 (custom)
2019-10-22 04:20:14,303 [pool-27-thread-1] INFO  server.RaftServerConfigKeys (ConfUtils.java:logGet(43)) - raft.server.log.queue.element-limit = 1024 (custom)
2019-10-22 04:20:14,303 [pool-47-thread-1] INFO  server.RaftServerConfigKeys (ConfUtils.java:logGet(43)) - raft.server.log.segment.size.max = 1048576 (custom)
2019-10-22 04:20:14,303 [pool-27-thread-1] INFO  server.RaftServerConfigKeys (ConfUtils.java:logGet(43)) - raft.server.log.segment.size.max = 1048576 (custom)
2019-10-22 04:20:14,303 [pool-37-thread-1] INFO  server.RaftServerConfigKeys (ConfUtils.java:logGet(43)) - raft.server.log.segment.cache.num.max = 2 (custom)
2019-10-22 04:20:14,303 [pool-27-thread-1] INFO  server.RaftServerConfigKeys (ConfUtils.java:logGet(43)) - raft.server.log.preallocated.size = 16384 (custom)
2019-10-22 04:20:14,303 [pool-47-thread-1] INFO  server.RaftServerConfigKeys (ConfUtils.java:logGet(43)) - raft.server.log.segment.cache.num.max = 2 (custom)
2019-10-22 04:20:14,303 [pool-27-thread-1] INFO  server.RaftServerConfigKeys (ConfUtils.java:logGet(43)) - raft.server.log.write.buffer.size = 33554432 (custom)
2019-10-22 04:20:14,303 [pool-37-thread-1] INFO  segmented.SegmentedRaftLogWorker (SegmentedRaftLogWorker.java:<init>(173)) - new 601b4e43-fd2c-4737-8fdc-9e94860fc946@group-7ABD2E508E9A-SegmentedRaftLogWorker for RaftStorage:Storage Directory /workdir/hadoop-ozone/tools/target/test-dir/MiniOzoneClusterImpl-d378e231-1417-4557-b6bf-feb5ffee2028/datanode-1/data/ratis/0ef36821-93c6-4cfe-9abd-7abd2e508e9a
2019-10-22 04:20:14,304 [pool-27-thread-1] INFO  server.RaftServerConfigKeys (ConfUtils.java:logGet(43)) - raft.server.log.force.sync.num = 128 (default)
2019-10-22 04:20:14,303 [pool-47-thread-1] INFO  segmented.SegmentedRaftLogWorker (SegmentedRaftLogWorker.java:<init>(173)) - new 0c43bc72-d834-4758-b91b-4934a5dc7f3b@group-7ABD2E508E9A-SegmentedRaftLogWorker for RaftStorage:Storage Directory /workdir/hadoop-ozone/tools/target/test-dir/MiniOzoneClusterImpl-d378e231-1417-4557-b6bf-feb5ffee2028/datanode-2/data/ratis/0ef36821-93c6-4cfe-9abd-7abd2e508e9a
2019-10-22 04:20:14,304 [pool-27-thread-1] INFO  server.RaftServerConfigKeys (ConfUtils.java:logGet(43)) - raft.server.log.statemachine.data.sync = true (default)
2019-10-22 04:20:14,304 [pool-37-thread-1] INFO  server.RaftServerConfigKeys (ConfUtils.java:logGet(43)) - raft.server.log.queue.byte-limit = 2147483647 (custom)
2019-10-22 04:20:14,304 [pool-27-thread-1] INFO  server.RaftServerConfigKeys (ConfUtils.java:logGet(43)) - raft.server.log.statemachine.data.sync.timeout = 10s (default)
2019-10-22 04:20:14,304 [pool-47-thread-1] INFO  server.RaftServerConfigKeys (ConfUtils.java:logGet(43)) - raft.server.log.queue.byte-limit = 2147483647 (custom)
2019-10-22 04:20:14,304 [pool-27-thread-1] INFO  server.RaftServerConfigKeys (ConfUtils.java:logGet(43)) - raft.server.log.statemachine.data.sync.timeout.retry = -1 (default)
2019-10-22 04:20:14,304 [pool-37-thread-1] INFO  server.RaftServerConfigKeys (ConfUtils.java:logGet(43)) - raft.server.log.queue.element-limit = 1024 (custom)
2019-10-22 04:20:14,304 [pool-47-thread-1] INFO  server.RaftServerConfigKeys (ConfUtils.java:logGet(43)) - raft.server.log.queue.element-limit = 1024 (custom)
2019-10-22 04:20:14,304 [pool-37-thread-1] INFO  server.RaftServerConfigKeys (ConfUtils.java:logGet(43)) - raft.server.log.segment.size.max = 1048576 (custom)
2019-10-22 04:20:14,304 [pool-27-thread-1] INFO  server.RaftServerConfigKeys (ConfUtils.java:logGet(43)) - raft.server.log.statemachine.data.caching.enabled = true (custom)
2019-10-22 04:20:14,305 [pool-37-thread-1] INFO  server.RaftServerConfigKeys (ConfUtils.java:logGet(43)) - raft.server.log.preallocated.size = 16384 (custom)
2019-10-22 04:20:14,305 [pool-47-thread-1] INFO  server.RaftServerConfigKeys (ConfUtils.java:logGet(43)) - raft.server.log.segment.size.max = 1048576 (custom)
2019-10-22 04:20:14,305 [pool-27-thread-1] INFO  segmented.SegmentedRaftLogWorker (SegmentedRaftLogWorker.java:lambda$new$0(128)) - 39efaeea-ba86-4fd8-a10a-b7015b9eb4a1@group-7ABD2E508E9A-SegmentedRaftLogWorker: flushIndex: setUnconditionally 0 -> -1
2019-10-22 04:20:14,305 [pool-37-thread-1] INFO  server.RaftServerConfigKeys (ConfUtils.java:logGet(43)) - raft.server.log.write.buffer.size = 33554432 (custom)
2019-10-22 04:20:14,305 [pool-47-thread-1] INFO  server.RaftServerConfigKeys (ConfUtils.java:logGet(43)) - raft.server.log.preallocated.size = 16384 (custom)
2019-10-22 04:20:14,305 [pool-27-thread-1] INFO  server.RaftServerConfigKeys (ConfUtils.java:logGet(43)) - raft.server.snapshot.auto.trigger.enabled = true (custom)
2019-10-22 04:20:14,305 [pool-37-thread-1] INFO  server.RaftServerConfigKeys (ConfUtils.java:logGet(43)) - raft.server.log.force.sync.num = 128 (default)
2019-10-22 04:20:14,305 [pool-27-thread-1] INFO  server.RaftServerConfigKeys (ConfUtils.java:logGet(43)) - raft.server.snapshot.auto.trigger.threshold = 10000 (custom)
2019-10-22 04:20:14,305 [pool-47-thread-1] INFO  server.RaftServerConfigKeys (ConfUtils.java:logGet(43)) - raft.server.log.write.buffer.size = 33554432 (custom)
2019-10-22 04:20:14,306 [pool-27-thread-1] INFO  server.RaftServerConfigKeys (ConfUtils.java:logGet(43)) - raft.server.snapshot.retention.file.num = 5 (custom)
2019-10-22 04:20:14,305 [pool-37-thread-1] INFO  server.RaftServerConfigKeys (ConfUtils.java:logGet(43)) - raft.server.log.statemachine.data.sync = true (default)
2019-10-22 04:20:14,306 [pool-27-thread-1] INFO  server.RaftServerConfigKeys (ConfUtils.java:logGet(43)) - raft.server.retrycache.expirytime = 600000ms (custom)
2019-10-22 04:20:14,306 [pool-47-thread-1] INFO  server.RaftServerConfigKeys (ConfUtils.java:logGet(43)) - raft.server.log.force.sync.num = 128 (default)
2019-10-22 04:20:14,306 [pool-37-thread-1] INFO  server.RaftServerConfigKeys (ConfUtils.java:logGet(43)) - raft.server.log.statemachine.data.sync.timeout = 10s (default)
2019-10-22 04:20:14,306 [pool-47-thread-1] INFO  server.RaftServerConfigKeys (ConfUtils.java:logGet(43)) - raft.server.log.statemachine.data.sync = true (default)
2019-10-22 04:20:14,306 [pool-37-thread-1] INFO  server.RaftServerConfigKeys (ConfUtils.java:logGet(43)) - raft.server.log.statemachine.data.sync.timeout.retry = -1 (default)
2019-10-22 04:20:14,306 [pool-47-thread-1] INFO  server.RaftServerConfigKeys (ConfUtils.java:logGet(43)) - raft.server.log.statemachine.data.sync.timeout = 10s (default)
2019-10-22 04:20:14,307 [pool-37-thread-1] INFO  server.RaftServerConfigKeys (ConfUtils.java:logGet(43)) - raft.server.log.statemachine.data.caching.enabled = true (custom)
2019-10-22 04:20:14,307 [pool-47-thread-1] INFO  server.RaftServerConfigKeys (ConfUtils.java:logGet(43)) - raft.server.log.statemachine.data.sync.timeout.retry = -1 (default)
2019-10-22 04:20:14,307 [pool-37-thread-1] INFO  segmented.SegmentedRaftLogWorker (SegmentedRaftLogWorker.java:lambda$new$0(128)) - 601b4e43-fd2c-4737-8fdc-9e94860fc946@group-7ABD2E508E9A-SegmentedRaftLogWorker: flushIndex: setUnconditionally 0 -> -1
2019-10-22 04:20:14,307 [pool-47-thread-1] INFO  server.RaftServerConfigKeys (ConfUtils.java:logGet(43)) - raft.server.log.statemachine.data.caching.enabled = true (custom)
2019-10-22 04:20:14,307 [pool-37-thread-1] INFO  server.RaftServerConfigKeys (ConfUtils.java:logGet(43)) - raft.server.snapshot.auto.trigger.enabled = true (custom)
2019-10-22 04:20:14,307 [pool-37-thread-1] INFO  server.RaftServerConfigKeys (ConfUtils.java:logGet(43)) - raft.server.snapshot.auto.trigger.threshold = 10000 (custom)
2019-10-22 04:20:14,307 [pool-37-thread-1] INFO  server.RaftServerConfigKeys (ConfUtils.java:logGet(43)) - raft.server.snapshot.retention.file.num = 5 (custom)
2019-10-22 04:20:14,307 [pool-47-thread-1] INFO  segmented.SegmentedRaftLogWorker (SegmentedRaftLogWorker.java:lambda$new$0(128)) - 0c43bc72-d834-4758-b91b-4934a5dc7f3b@group-7ABD2E508E9A-SegmentedRaftLogWorker: flushIndex: setUnconditionally 0 -> -1
2019-10-22 04:20:14,308 [pool-37-thread-1] INFO  server.RaftServerConfigKeys (ConfUtils.java:logGet(43)) - raft.server.retrycache.expirytime = 600000ms (custom)
2019-10-22 04:20:14,308 [pool-47-thread-1] INFO  server.RaftServerConfigKeys (ConfUtils.java:logGet(43)) - raft.server.snapshot.auto.trigger.enabled = true (custom)
2019-10-22 04:20:14,308 [pool-27-thread-1] INFO  impl.RaftServerImpl (RaftServerImpl.java:start(195)) - 39efaeea-ba86-4fd8-a10a-b7015b9eb4a1@group-7ABD2E508E9A: start as a follower, conf=-1: [39efaeea-ba86-4fd8-a10a-b7015b9eb4a1:192.168.34.14:43496, 601b4e43-fd2c-4737-8fdc-9e94860fc946:192.168.34.14:37459, 0c43bc72-d834-4758-b91b-4934a5dc7f3b:192.168.34.14:33792], old=null
2019-10-22 04:20:14,308 [pool-47-thread-1] INFO  server.RaftServerConfigKeys (ConfUtils.java:logGet(43)) - raft.server.snapshot.auto.trigger.threshold = 10000 (custom)
2019-10-22 04:20:14,308 [pool-27-thread-1] INFO  impl.RaftServerImpl (RaftServerImpl.java:setRole(184)) - 39efaeea-ba86-4fd8-a10a-b7015b9eb4a1@group-7ABD2E508E9A: changes role from      null to FOLLOWER at term 0 for startAsFollower
2019-10-22 04:20:14,308 [pool-47-thread-1] INFO  server.RaftServerConfigKeys (ConfUtils.java:logGet(43)) - raft.server.snapshot.retention.file.num = 5 (custom)
2019-10-22 04:20:14,308 [pool-27-thread-1] INFO  impl.RoleInfo (RoleInfo.java:updateAndGet(143)) - 39efaeea-ba86-4fd8-a10a-b7015b9eb4a1: start FollowerState
2019-10-22 04:20:14,309 [pool-47-thread-1] INFO  server.RaftServerConfigKeys (ConfUtils.java:logGet(43)) - raft.server.retrycache.expirytime = 600000ms (custom)
2019-10-22 04:20:14,309 [pool-27-thread-1] INFO  util.JmxRegister (JmxRegister.java:tryRegister(44)) - Successfully registered JMX Bean with object name Ratis:service=RaftServer,group=group-7ABD2E508E9A,id=39efaeea-ba86-4fd8-a10a-b7015b9eb4a1
2019-10-22 04:20:14,310 [pool-37-thread-1] INFO  impl.RaftServerImpl (RaftServerImpl.java:start(195)) - 601b4e43-fd2c-4737-8fdc-9e94860fc946@group-7ABD2E508E9A: start as a follower, conf=-1: [39efaeea-ba86-4fd8-a10a-b7015b9eb4a1:192.168.34.14:43496, 601b4e43-fd2c-4737-8fdc-9e94860fc946:192.168.34.14:37459, 0c43bc72-d834-4758-b91b-4934a5dc7f3b:192.168.34.14:33792], old=null
2019-10-22 04:20:14,310 [pool-37-thread-1] INFO  impl.RaftServerImpl (RaftServerImpl.java:setRole(184)) - 601b4e43-fd2c-4737-8fdc-9e94860fc946@group-7ABD2E508E9A: changes role from      null to FOLLOWER at term 0 for startAsFollower
2019-10-22 04:20:14,310 [pool-37-thread-1] INFO  impl.RoleInfo (RoleInfo.java:updateAndGet(143)) - 601b4e43-fd2c-4737-8fdc-9e94860fc946: start FollowerState
2019-10-22 04:20:14,310 [pool-37-thread-1] INFO  util.JmxRegister (JmxRegister.java:tryRegister(44)) - Successfully registered JMX Bean with object name Ratis:service=RaftServer,group=group-7ABD2E508E9A,id=601b4e43-fd2c-4737-8fdc-9e94860fc946
2019-10-22 04:20:14,311 [pool-47-thread-1] INFO  impl.RaftServerImpl (RaftServerImpl.java:start(195)) - 0c43bc72-d834-4758-b91b-4934a5dc7f3b@group-7ABD2E508E9A: start as a follower, conf=-1: [39efaeea-ba86-4fd8-a10a-b7015b9eb4a1:192.168.34.14:43496, 601b4e43-fd2c-4737-8fdc-9e94860fc946:192.168.34.14:37459, 0c43bc72-d834-4758-b91b-4934a5dc7f3b:192.168.34.14:33792], old=null
2019-10-22 04:20:14,311 [pool-47-thread-1] INFO  impl.RaftServerImpl (RaftServerImpl.java:setRole(184)) - 0c43bc72-d834-4758-b91b-4934a5dc7f3b@group-7ABD2E508E9A: changes role from      null to FOLLOWER at term 0 for startAsFollower
2019-10-22 04:20:14,311 [pool-47-thread-1] INFO  impl.RoleInfo (RoleInfo.java:updateAndGet(143)) - 0c43bc72-d834-4758-b91b-4934a5dc7f3b: start FollowerState
2019-10-22 04:20:14,312 [pool-47-thread-1] INFO  util.JmxRegister (JmxRegister.java:tryRegister(44)) - Successfully registered JMX Bean with object name Ratis:service=RaftServer,group=group-7ABD2E508E9A,id=0c43bc72-d834-4758-b91b-4934a5dc7f3b
2019-10-22 04:20:14,320 [IPC Server handler 1 on 40405] INFO  pipeline.PipelineStateManager (PipelineStateManager.java:addPipeline(56)) - Created pipeline Pipeline[ Id: 0ef36821-93c6-4cfe-9abd-7abd2e508e9a, Nodes: 601b4e43-fd2c-4737-8fdc-9e94860fc946{ip: 192.168.34.14, host: pr-hdds-1643-hlxn2-3599243457, networkLocation: /default-rack, certSerialId: null}0c43bc72-d834-4758-b91b-4934a5dc7f3b{ip: 192.168.34.14, host: pr-hdds-1643-hlxn2-3599243457, networkLocation: /default-rack, certSerialId: null}39efaeea-ba86-4fd8-a10a-b7015b9eb4a1{ip: 192.168.34.14, host: pr-hdds-1643-hlxn2-3599243457, networkLocation: /default-rack, certSerialId: null}, Type:RATIS, Factor:THREE, State:OPEN]
2019-10-22 04:20:14,384 [Thread-234] INFO  impl.FollowerState (FollowerState.java:run(108)) - 39efaeea-ba86-4fd8-a10a-b7015b9eb4a1@group-A57042461D0B-FollowerState: change to CANDIDATE, lastRpcTime:165ms, electionTimeout:158ms
2019-10-22 04:20:14,384 [Thread-234] INFO  impl.RoleInfo (RoleInfo.java:shutdownFollowerState(121)) - 39efaeea-ba86-4fd8-a10a-b7015b9eb4a1: shutdown FollowerState
2019-10-22 04:20:14,384 [Thread-234] INFO  impl.RaftServerImpl (RaftServerImpl.java:setRole(184)) - 39efaeea-ba86-4fd8-a10a-b7015b9eb4a1@group-A57042461D0B: changes role from  FOLLOWER to CANDIDATE at term 0 for changeToCandidate
2019-10-22 04:20:14,384 [Thread-234] INFO  impl.RoleInfo (RoleInfo.java:updateAndGet(143)) - 39efaeea-ba86-4fd8-a10a-b7015b9eb4a1: start LeaderElection
2019-10-22 04:20:14,386 [Thread-238] INFO  impl.FollowerState (FollowerState.java:run(108)) - 39efaeea-ba86-4fd8-a10a-b7015b9eb4a1@group-B5BEB8C9A630-FollowerState: change to CANDIDATE, lastRpcTime:132ms, electionTimeout:130ms
2019-10-22 04:20:14,388 [Thread-238] INFO  impl.RoleInfo (RoleInfo.java:shutdownFollowerState(121)) - 39efaeea-ba86-4fd8-a10a-b7015b9eb4a1: shutdown FollowerState
2019-10-22 04:20:14,388 [Thread-238] INFO  impl.RaftServerImpl (RaftServerImpl.java:setRole(184)) - 39efaeea-ba86-4fd8-a10a-b7015b9eb4a1@group-B5BEB8C9A630: changes role from  FOLLOWER to CANDIDATE at term 3 for changeToCandidate
2019-10-22 04:20:14,389 [Thread-238] INFO  impl.RoleInfo (RoleInfo.java:updateAndGet(143)) - 39efaeea-ba86-4fd8-a10a-b7015b9eb4a1: start LeaderElection
2019-10-22 04:20:14,402 [0c43bc72-d834-4758-b91b-4934a5dc7f3b@group-B5BEB8C9A630-SegmentedRaftLogWorker] INFO  segmented.SegmentedRaftLogWorker (SegmentedRaftLogWorker.java:execute(576)) - 0c43bc72-d834-4758-b91b-4934a5dc7f3b@group-B5BEB8C9A630-SegmentedRaftLogWorker: created new log segment /workdir/hadoop-ozone/tools/target/test-dir/MiniOzoneClusterImpl-d378e231-1417-4557-b6bf-feb5ffee2028/datanode-2/data/ratis/36890ea7-a165-4fef-9343-b5beb8c9a630/current/log_inprogress_0
2019-10-22 04:20:14,402 [601b4e43-fd2c-4737-8fdc-9e94860fc946@group-D9173FB02A55-SegmentedRaftLogWorker] INFO  segmented.SegmentedRaftLogWorker (SegmentedRaftLogWorker.java:execute(576)) - 601b4e43-fd2c-4737-8fdc-9e94860fc946@group-D9173FB02A55-SegmentedRaftLogWorker: created new log segment /workdir/hadoop-ozone/tools/target/test-dir/MiniOzoneClusterImpl-d378e231-1417-4557-b6bf-feb5ffee2028/datanode-1/data/ratis/36c5a4e9-712a-46f9-9177-d9173fb02a55/current/log_inprogress_0
2019-10-22 04:20:14,402 [39efaeea-ba86-4fd8-a10a-b7015b9eb4a1@group-B5BEB8C9A630-LeaderElection9] INFO  impl.LeaderElection (LeaderElection.java:askForVotes(178)) - 39efaeea-ba86-4fd8-a10a-b7015b9eb4a1@group-B5BEB8C9A630-LeaderElection9: begin an election at term 4 for -1: [39efaeea-ba86-4fd8-a10a-b7015b9eb4a1:192.168.34.14:43496, 601b4e43-fd2c-4737-8fdc-9e94860fc946:192.168.34.14:37459, 0c43bc72-d834-4758-b91b-4934a5dc7f3b:192.168.34.14:33792], old=null
2019-10-22 04:20:14,402 [39efaeea-ba86-4fd8-a10a-b7015b9eb4a1@group-A57042461D0B-LeaderElection8] INFO  impl.LeaderElection (LeaderElection.java:askForVotes(178)) - 39efaeea-ba86-4fd8-a10a-b7015b9eb4a1@group-A57042461D0B-LeaderElection8: begin an election at term 1 for -1: [39efaeea-ba86-4fd8-a10a-b7015b9eb4a1:192.168.34.14:43496], old=null
2019-10-22 04:20:14,402 [0c43bc72-d834-4758-b91b-4934a5dc7f3b@group-9F5009320550-SegmentedRaftLogWorker] INFO  segmented.SegmentedRaftLogWorker (SegmentedRaftLogWorker.java:execute(576)) - 0c43bc72-d834-4758-b91b-4934a5dc7f3b@group-9F5009320550-SegmentedRaftLogWorker: created new log segment /workdir/hadoop-ozone/tools/target/test-dir/MiniOzoneClusterImpl-d378e231-1417-4557-b6bf-feb5ffee2028/datanode-2/data/ratis/44772790-2e6b-45b4-b418-9f5009320550/current/log_inprogress_0
2019-10-22 04:20:14,402 [39efaeea-ba86-4fd8-a10a-b7015b9eb4a1@group-4F06CDADD9EE-SegmentedRaftLogWorker] INFO  segmented.SegmentedRaftLogWorker (SegmentedRaftLogWorker.java:execute(576)) - 39efaeea-ba86-4fd8-a10a-b7015b9eb4a1@group-4F06CDADD9EE-SegmentedRaftLogWorker: created new log segment /workdir/hadoop-ozone/tools/target/test-dir/MiniOzoneClusterImpl-d378e231-1417-4557-b6bf-feb5ffee2028/datanode-0/data/ratis/fab9e0d5-fb25-492a-a19f-4f06cdadd9ee/current/log_inprogress_0
2019-10-22 04:20:14,402 [39efaeea-ba86-4fd8-a10a-b7015b9eb4a1@group-A57042461D0B-LeaderElection8] INFO  impl.RoleInfo (RoleInfo.java:shutdownLeaderElection(134)) - 39efaeea-ba86-4fd8-a10a-b7015b9eb4a1: shutdown LeaderElection
2019-10-22 04:20:14,403 [39efaeea-ba86-4fd8-a10a-b7015b9eb4a1@group-A57042461D0B-LeaderElection8] INFO  impl.RaftServerImpl (RaftServerImpl.java:setRole(184)) - 39efaeea-ba86-4fd8-a10a-b7015b9eb4a1@group-A57042461D0B: changes role from CANDIDATE to LEADER at term 1 for changeToLeader
2019-10-22 04:20:14,403 [39efaeea-ba86-4fd8-a10a-b7015b9eb4a1@group-A57042461D0B-LeaderElection8] INFO  impl.RaftServerImpl (ServerState.java:setLeader(256)) - 39efaeea-ba86-4fd8-a10a-b7015b9eb4a1@group-A57042461D0B: change Leader from null to 39efaeea-ba86-4fd8-a10a-b7015b9eb4a1 at term 1 for becomeLeader, leader elected after 204ms
2019-10-22 04:20:14,403 [39efaeea-ba86-4fd8-a10a-b7015b9eb4a1@group-A57042461D0B-LeaderElection8] INFO  server.RaftServerConfigKeys (ConfUtils.java:logGet(43)) - raft.server.staging.catchup.gap = 1000 (default)
2019-10-22 04:20:14,403 [39efaeea-ba86-4fd8-a10a-b7015b9eb4a1@group-A57042461D0B-LeaderElection8] INFO  server.RaftServerConfigKeys (ConfUtils.java:logGet(43)) - raft.server.rpc.sleep.time = 25ms (default)
2019-10-22 04:20:14,404 [39efaeea-ba86-4fd8-a10a-b7015b9eb4a1@group-A57042461D0B-LeaderElection8] INFO  server.RaftServerConfigKeys (ConfUtils.java:logGet(43)) - raft.server.write.element-limit = 4096 (default)
2019-10-22 04:20:14,404 [39efaeea-ba86-4fd8-a10a-b7015b9eb4a1@group-A57042461D0B-LeaderElection8] INFO  server.RaftServerConfigKeys (ConfUtils.java:logGet(43)) - raft.server.watch.timeout = 10s (default)
2019-10-22 04:20:14,404 [39efaeea-ba86-4fd8-a10a-b7015b9eb4a1@group-A57042461D0B-LeaderElection8] INFO  server.RaftServerConfigKeys (ConfUtils.java:logGet(43)) - raft.server.watch.timeout.denomination = 1s (default)
2019-10-22 04:20:14,404 [39efaeea-ba86-4fd8-a10a-b7015b9eb4a1@group-A57042461D0B-LeaderElection8] INFO  server.RaftServerConfigKeys (ConfUtils.java:logGet(43)) - raft.server.watch.element-limit = 65536 (default)
2019-10-22 04:20:14,410 [grpc-default-executor-4] INFO  impl.RaftServerImpl (RaftServerImpl.java:setRole(184)) - 0c43bc72-d834-4758-b91b-4934a5dc7f3b@group-B5BEB8C9A630: changes role from  FOLLOWER to FOLLOWER at term 4 for recognizeCandidate:39efaeea-ba86-4fd8-a10a-b7015b9eb4a1
2019-10-22 04:20:14,410 [grpc-default-executor-4] INFO  impl.RoleInfo (RoleInfo.java:shutdownFollowerState(121)) - 0c43bc72-d834-4758-b91b-4934a5dc7f3b: shutdown FollowerState
2019-10-22 04:20:14,410 [grpc-default-executor-2] INFO  impl.RaftServerImpl (RaftServerImpl.java:setRole(184)) - 601b4e43-fd2c-4737-8fdc-9e94860fc946@group-B5BEB8C9A630: changes role from  FOLLOWER to FOLLOWER at term 4 for recognizeCandidate:39efaeea-ba86-4fd8-a10a-b7015b9eb4a1
2019-10-22 04:20:14,410 [Thread-236] INFO  impl.FollowerState (FollowerState.java:run(117)) - 0c43bc72-d834-4758-b91b-4934a5dc7f3b@group-B5BEB8C9A630-FollowerState was interrupted: java.lang.InterruptedException: sleep interrupted
2019-10-22 04:20:14,410 [grpc-default-executor-4] INFO  impl.RoleInfo (RoleInfo.java:updateAndGet(143)) - 0c43bc72-d834-4758-b91b-4934a5dc7f3b: start FollowerState
2019-10-22 04:20:14,410 [grpc-default-executor-2] INFO  impl.RoleInfo (RoleInfo.java:shutdownFollowerState(121)) - 601b4e43-fd2c-4737-8fdc-9e94860fc946: shutdown FollowerState
2019-10-22 04:20:14,412 [Thread-237] INFO  impl.FollowerState (FollowerState.java:run(117)) - 601b4e43-fd2c-4737-8fdc-9e94860fc946@group-B5BEB8C9A630-FollowerState was interrupted: java.lang.InterruptedException: sleep interrupted
2019-10-22 04:20:14,412 [39efaeea-ba86-4fd8-a10a-b7015b9eb4a1@group-A57042461D0B-LeaderElection8] INFO  impl.RoleInfo (RoleInfo.java:updateAndGet(143)) - 39efaeea-ba86-4fd8-a10a-b7015b9eb4a1: start LeaderState
2019-10-22 04:20:14,412 [grpc-default-executor-2] INFO  impl.RoleInfo (RoleInfo.java:updateAndGet(143)) - 601b4e43-fd2c-4737-8fdc-9e94860fc946: start FollowerState
2019-10-22 04:20:14,413 [39efaeea-ba86-4fd8-a10a-b7015b9eb4a1@group-A57042461D0B-LeaderElection8] INFO  segmented.SegmentedRaftLogWorker (SegmentedRaftLogWorker.java:startLogSegment(385)) - 39efaeea-ba86-4fd8-a10a-b7015b9eb4a1@group-A57042461D0B-SegmentedRaftLogWorker: Starting segment from index:0
2019-10-22 04:20:14,414 [39efaeea-ba86-4fd8-a10a-b7015b9eb4a1@group-A57042461D0B-LeaderElection8] INFO  impl.RaftServerImpl (ServerState.java:setRaftConf(357)) - 39efaeea-ba86-4fd8-a10a-b7015b9eb4a1@group-A57042461D0B: set configuration 0: [39efaeea-ba86-4fd8-a10a-b7015b9eb4a1:192.168.34.14:43496], old=null at 0
2019-10-22 04:20:14,451 [Thread-246] INFO  impl.FollowerState (FollowerState.java:run(108)) - 0c43bc72-d834-4758-b91b-4934a5dc7f3b@group-7ABD2E508E9A-FollowerState: change to CANDIDATE, lastRpcTime:139ms, electionTimeout:139ms
2019-10-22 04:20:14,451 [Thread-246] INFO  impl.RoleInfo (RoleInfo.java:shutdownFollowerState(121)) - 0c43bc72-d834-4758-b91b-4934a5dc7f3b: shutdown FollowerState
2019-10-22 04:20:14,452 [Thread-246] INFO  impl.RaftServerImpl (RaftServerImpl.java:setRole(184)) - 0c43bc72-d834-4758-b91b-4934a5dc7f3b@group-7ABD2E508E9A: changes role from  FOLLOWER to CANDIDATE at term 0 for changeToCandidate
2019-10-22 04:20:14,452 [Thread-246] INFO  impl.RoleInfo (RoleInfo.java:updateAndGet(143)) - 0c43bc72-d834-4758-b91b-4934a5dc7f3b: start LeaderElection
2019-10-22 04:20:14,456 [39efaeea-ba86-4fd8-a10a-b7015b9eb4a1@group-A57042461D0B-SegmentedRaftLogWorker] INFO  segmented.SegmentedRaftLogWorker (SegmentedRaftLogWorker.java:execute(576)) - 39efaeea-ba86-4fd8-a10a-b7015b9eb4a1@group-A57042461D0B-SegmentedRaftLogWorker: created new log segment /workdir/hadoop-ozone/tools/target/test-dir/MiniOzoneClusterImpl-d378e231-1417-4557-b6bf-feb5ffee2028/datanode-0/data/ratis/a27c7256-e24a-4187-836a-a57042461d0b/current/log_inprogress_0
2019-10-22 04:20:14,458 [0c43bc72-d834-4758-b91b-4934a5dc7f3b@group-7ABD2E508E9A-LeaderElection10] INFO  impl.LeaderElection (LeaderElection.java:askForVotes(178)) - 0c43bc72-d834-4758-b91b-4934a5dc7f3b@group-7ABD2E508E9A-LeaderElection10: begin an election at term 1 for -1: [39efaeea-ba86-4fd8-a10a-b7015b9eb4a1:192.168.34.14:43496, 601b4e43-fd2c-4737-8fdc-9e94860fc946:192.168.34.14:37459, 0c43bc72-d834-4758-b91b-4934a5dc7f3b:192.168.34.14:33792], old=null
2019-10-22 04:20:14,461 [39efaeea-ba86-4fd8-a10a-b7015b9eb4a1@group-B5BEB8C9A630-LeaderElection9] INFO  impl.LeaderElection (LeaderElection.java:logAndReturn(56)) - 39efaeea-ba86-4fd8-a10a-b7015b9eb4a1@group-B5BEB8C9A630-LeaderElection9: Election PASSED; received 2 response(s) [39efaeea-ba86-4fd8-a10a-b7015b9eb4a1<-601b4e43-fd2c-4737-8fdc-9e94860fc946#0:OK-t4, 39efaeea-ba86-4fd8-a10a-b7015b9eb4a1<-0c43bc72-d834-4758-b91b-4934a5dc7f3b#0:FAIL-t4] and 0 exception(s); 39efaeea-ba86-4fd8-a10a-b7015b9eb4a1@group-B5BEB8C9A630:t4, leader=null, voted=39efaeea-ba86-4fd8-a10a-b7015b9eb4a1, raftlog=39efaeea-ba86-4fd8-a10a-b7015b9eb4a1@group-B5BEB8C9A630-SegmentedRaftLog:OPENED:c-1,f-1,i0, conf=-1: [39efaeea-ba86-4fd8-a10a-b7015b9eb4a1:192.168.34.14:43496, 601b4e43-fd2c-4737-8fdc-9e94860fc946:192.168.34.14:37459, 0c43bc72-d834-4758-b91b-4934a5dc7f3b:192.168.34.14:33792], old=null
2019-10-22 04:20:14,462 [39efaeea-ba86-4fd8-a10a-b7015b9eb4a1@group-B5BEB8C9A630-LeaderElection9] INFO  impl.RoleInfo (RoleInfo.java:shutdownLeaderElection(134)) - 39efaeea-ba86-4fd8-a10a-b7015b9eb4a1: shutdown LeaderElection
2019-10-22 04:20:14,462 [39efaeea-ba86-4fd8-a10a-b7015b9eb4a1@group-B5BEB8C9A630-LeaderElection9] INFO  impl.RaftServerImpl (RaftServerImpl.java:setRole(184)) - 39efaeea-ba86-4fd8-a10a-b7015b9eb4a1@group-B5BEB8C9A630: changes role from CANDIDATE to LEADER at term 4 for changeToLeader
2019-10-22 04:20:14,462 [39efaeea-ba86-4fd8-a10a-b7015b9eb4a1@group-B5BEB8C9A630-LeaderElection9] INFO  impl.RaftServerImpl (ServerState.java:setLeader(256)) - 39efaeea-ba86-4fd8-a10a-b7015b9eb4a1@group-B5BEB8C9A630: change Leader from null to 39efaeea-ba86-4fd8-a10a-b7015b9eb4a1 at term 4 for becomeLeader, leader elected after 511ms
2019-10-22 04:20:14,462 [39efaeea-ba86-4fd8-a10a-b7015b9eb4a1@group-B5BEB8C9A630-LeaderElection9] INFO  server.RaftServerConfigKeys (ConfUtils.java:logGet(43)) - raft.server.staging.catchup.gap = 1000 (default)
2019-10-22 04:20:14,462 [39efaeea-ba86-4fd8-a10a-b7015b9eb4a1@group-B5BEB8C9A630-LeaderElection9] INFO  server.RaftServerConfigKeys (ConfUtils.java:logGet(43)) - raft.server.rpc.sleep.time = 25ms (default)
2019-10-22 04:20:14,462 [39efaeea-ba86-4fd8-a10a-b7015b9eb4a1@group-B5BEB8C9A630-LeaderElection9] INFO  server.RaftServerConfigKeys (ConfUtils.java:logGet(43)) - raft.server.write.element-limit = 4096 (default)
2019-10-22 04:20:14,463 [39efaeea-ba86-4fd8-a10a-b7015b9eb4a1@group-B5BEB8C9A630-LeaderElection9] INFO  server.RaftServerConfigKeys (ConfUtils.java:logGet(43)) - raft.server.watch.timeout = 10s (default)
2019-10-22 04:20:14,467 [Thread-245] INFO  impl.FollowerState (FollowerState.java:run(108)) - 601b4e43-fd2c-4737-8fdc-9e94860fc946@group-7ABD2E508E9A-FollowerState: change to CANDIDATE, lastRpcTime:157ms, electionTimeout:156ms
2019-10-22 04:20:14,468 [39efaeea-ba86-4fd8-a10a-b7015b9eb4a1@group-B5BEB8C9A630-LeaderElection9] INFO  server.RaftServerConfigKeys (ConfUtils.java:logGet(43)) - raft.server.watch.timeout.denomination = 1s (default)
2019-10-22 04:20:14,468 [Thread-245] INFO  impl.RoleInfo (RoleInfo.java:shutdownFollowerState(121)) - 601b4e43-fd2c-4737-8fdc-9e94860fc946: shutdown FollowerState
2019-10-22 04:20:14,468 [39efaeea-ba86-4fd8-a10a-b7015b9eb4a1@group-B5BEB8C9A630-LeaderElection9] INFO  server.RaftServerConfigKeys (ConfUtils.java:logGet(43)) - raft.server.watch.element-limit = 65536 (default)
2019-10-22 04:20:14,469 [Thread-245] INFO  impl.RaftServerImpl (RaftServerImpl.java:setRole(184)) - 601b4e43-fd2c-4737-8fdc-9e94860fc946@group-7ABD2E508E9A: changes role from  FOLLOWER to CANDIDATE at term 0 for changeToCandidate
2019-10-22 04:20:14,469 [Thread-245] INFO  impl.RoleInfo (RoleInfo.java:updateAndGet(143)) - 601b4e43-fd2c-4737-8fdc-9e94860fc946: start LeaderElection
2019-10-22 04:20:14,475 [39efaeea-ba86-4fd8-a10a-b7015b9eb4a1@group-B5BEB8C9A630-LeaderElection9] INFO  server.RaftServerConfigKeys (ConfUtils.java:logGet(43)) - raft.server.log.appender.snapshot.chunk.size.max = 16MB (=16777216) (default)
2019-10-22 04:20:14,476 [39efaeea-ba86-4fd8-a10a-b7015b9eb4a1@group-B5BEB8C9A630-LeaderElection9] INFO  server.RaftServerConfigKeys (ConfUtils.java:logGet(43)) - raft.server.log.appender.buffer.byte-limit = 33554432 (custom)
2019-10-22 04:20:14,476 [39efaeea-ba86-4fd8-a10a-b7015b9eb4a1@group-B5BEB8C9A630-LeaderElection9] INFO  server.RaftServerConfigKeys (ConfUtils.java:logGet(43)) - raft.server.log.appender.buffer.element-limit = 1 (custom)
2019-10-22 04:20:14,476 [39efaeea-ba86-4fd8-a10a-b7015b9eb4a1@group-B5BEB8C9A630-LeaderElection9] INFO  grpc.GrpcConfigKeys$Server (ConfUtils.java:logGet(43)) - raft.grpc.server.leader.outstanding.appends.max = 128 (default)
2019-10-22 04:20:14,477 [39efaeea-ba86-4fd8-a10a-b7015b9eb4a1@group-B5BEB8C9A630-LeaderElection9] INFO  server.RaftServerConfigKeys (ConfUtils.java:logGet(43)) - raft.server.rpc.request.timeout = 3000ms (default)
2019-10-22 04:20:14,477 [39efaeea-ba86-4fd8-a10a-b7015b9eb4a1@group-B5BEB8C9A630-LeaderElection9] INFO  server.RaftServerConfigKeys (ConfUtils.java:logGet(43)) - raft.server.log.appender.install.snapshot.enabled = false (custom)
2019-10-22 04:20:14,480 [601b4e43-fd2c-4737-8fdc-9e94860fc946@group-7ABD2E508E9A-LeaderElection11] INFO  impl.LeaderElection (LeaderElection.java:askForVotes(178)) - 601b4e43-fd2c-4737-8fdc-9e94860fc946@group-7ABD2E508E9A-LeaderElection11: begin an election at term 1 for -1: [39efaeea-ba86-4fd8-a10a-b7015b9eb4a1:192.168.34.14:43496, 601b4e43-fd2c-4737-8fdc-9e94860fc946:192.168.34.14:37459, 0c43bc72-d834-4758-b91b-4934a5dc7f3b:192.168.34.14:33792], old=null
2019-10-22 04:20:14,481 [grpc-default-executor-2] INFO  impl.RaftServerImpl (RaftServerImpl.java:setRole(184)) - 39efaeea-ba86-4fd8-a10a-b7015b9eb4a1@group-7ABD2E508E9A: changes role from  FOLLOWER to FOLLOWER at term 1 for recognizeCandidate:0c43bc72-d834-4758-b91b-4934a5dc7f3b
2019-10-22 04:20:14,481 [grpc-default-executor-2] INFO  impl.RoleInfo (RoleInfo.java:shutdownFollowerState(121)) - 39efaeea-ba86-4fd8-a10a-b7015b9eb4a1: shutdown FollowerState
2019-10-22 04:20:14,481 [grpc-default-executor-2] INFO  impl.RoleInfo (RoleInfo.java:updateAndGet(143)) - 39efaeea-ba86-4fd8-a10a-b7015b9eb4a1: start FollowerState
2019-10-22 04:20:14,481 [Thread-243] INFO  impl.FollowerState (FollowerState.java:run(117)) - 39efaeea-ba86-4fd8-a10a-b7015b9eb4a1@group-7ABD2E508E9A-FollowerState was interrupted: java.lang.InterruptedException: sleep interrupted
2019-10-22 04:20:14,483 [39efaeea-ba86-4fd8-a10a-b7015b9eb4a1@group-B5BEB8C9A630-LeaderElection9] INFO  server.RaftServerConfigKeys (ConfUtils.java:logGet(43)) - raft.server.log.appender.snapshot.chunk.size.max = 16MB (=16777216) (default)
2019-10-22 04:20:14,483 [39efaeea-ba86-4fd8-a10a-b7015b9eb4a1@group-B5BEB8C9A630-LeaderElection9] INFO  server.RaftServerConfigKeys (ConfUtils.java:logGet(43)) - raft.server.log.appender.buffer.byte-limit = 33554432 (custom)
2019-10-22 04:20:14,483 [39efaeea-ba86-4fd8-a10a-b7015b9eb4a1@group-B5BEB8C9A630-LeaderElection9] INFO  server.RaftServerConfigKeys (ConfUtils.java:logGet(43)) - raft.server.log.appender.buffer.element-limit = 1 (custom)
2019-10-22 04:20:14,484 [39efaeea-ba86-4fd8-a10a-b7015b9eb4a1@group-B5BEB8C9A630-LeaderElection9] INFO  grpc.GrpcConfigKeys$Server (ConfUtils.java:logGet(43)) - raft.grpc.server.leader.outstanding.appends.max = 128 (default)
2019-10-22 04:20:14,484 [39efaeea-ba86-4fd8-a10a-b7015b9eb4a1@group-B5BEB8C9A630-LeaderElection9] INFO  server.RaftServerConfigKeys (ConfUtils.java:logGet(43)) - raft.server.rpc.request.timeout = 3000ms (default)
2019-10-22 04:20:14,484 [39efaeea-ba86-4fd8-a10a-b7015b9eb4a1@group-B5BEB8C9A630-LeaderElection9] INFO  server.RaftServerConfigKeys (ConfUtils.java:logGet(43)) - raft.server.log.appender.install.snapshot.enabled = false (custom)
2019-10-22 04:20:14,490 [39efaeea-ba86-4fd8-a10a-b7015b9eb4a1@group-B5BEB8C9A630-LeaderElection9] INFO  impl.RoleInfo (RoleInfo.java:updateAndGet(143)) - 39efaeea-ba86-4fd8-a10a-b7015b9eb4a1: start LeaderState
2019-10-22 04:20:14,491 [39efaeea-ba86-4fd8-a10a-b7015b9eb4a1@group-B5BEB8C9A630-LeaderElection9] INFO  segmented.SegmentedRaftLogWorker (SegmentedRaftLogWorker.java:startLogSegment(385)) - 39efaeea-ba86-4fd8-a10a-b7015b9eb4a1@group-B5BEB8C9A630-SegmentedRaftLogWorker: Starting segment from index:0
2019-10-22 04:20:14,492 [Thread-265] INFO  impl.FollowerState (FollowerState.java:run(108)) - 39efaeea-ba86-4fd8-a10a-b7015b9eb4a1@group-7ABD2E508E9A-FollowerState: change to CANDIDATE, lastRpcTime:10ms, electionTimeout:9ms
2019-10-22 04:20:14,492 [0c43bc72-d834-4758-b91b-4934a5dc7f3b@group-7ABD2E508E9A-LeaderElection10] INFO  impl.LeaderElection (LeaderElection.java:logAndReturn(56)) - 0c43bc72-d834-4758-b91b-4934a5dc7f3b@group-7ABD2E508E9A-LeaderElection10: Election PASSED; received 2 response(s) [0c43bc72-d834-4758-b91b-4934a5dc7f3b<-39efaeea-ba86-4fd8-a10a-b7015b9eb4a1#0:OK-t1, 0c43bc72-d834-4758-b91b-4934a5dc7f3b<-601b4e43-fd2c-4737-8fdc-9e94860fc946#0:FAIL-t1] and 0 exception(s); 0c43bc72-d834-4758-b91b-4934a5dc7f3b@group-7ABD2E508E9A:t1, leader=null, voted=0c43bc72-d834-4758-b91b-4934a5dc7f3b, raftlog=0c43bc72-d834-4758-b91b-4934a5dc7f3b@group-7ABD2E508E9A-SegmentedRaftLog:OPENED:c-1,f-1,i0, conf=-1: [39efaeea-ba86-4fd8-a10a-b7015b9eb4a1:192.168.34.14:43496, 601b4e43-fd2c-4737-8fdc-9e94860fc946:192.168.34.14:37459, 0c43bc72-d834-4758-b91b-4934a5dc7f3b:192.168.34.14:33792], old=null
2019-10-22 04:20:14,492 [Thread-265] INFO  impl.RoleInfo (RoleInfo.java:shutdownFollowerState(121)) - 39efaeea-ba86-4fd8-a10a-b7015b9eb4a1: shutdown FollowerState
2019-10-22 04:20:14,493 [0c43bc72-d834-4758-b91b-4934a5dc7f3b@group-7ABD2E508E9A-LeaderElection10] INFO  impl.RoleInfo (RoleInfo.java:shutdownLeaderElection(134)) - 0c43bc72-d834-4758-b91b-4934a5dc7f3b: shutdown LeaderElection
2019-10-22 04:20:14,492 [39efaeea-ba86-4fd8-a10a-b7015b9eb4a1@group-B5BEB8C9A630-LeaderElection9] INFO  impl.RaftServerImpl (ServerState.java:setRaftConf(357)) - 39efaeea-ba86-4fd8-a10a-b7015b9eb4a1@group-B5BEB8C9A630: set configuration 0: [39efaeea-ba86-4fd8-a10a-b7015b9eb4a1:192.168.34.14:43496, 601b4e43-fd2c-4737-8fdc-9e94860fc946:192.168.34.14:37459, 0c43bc72-d834-4758-b91b-4934a5dc7f3b:192.168.34.14:33792], old=null at 0
 0.00% |?                                                                                                    |  0/1 Time: 0:00:062019-10-22 04:20:14,518 [0c43bc72-d834-4758-b91b-4934a5dc7f3b@group-7ABD2E508E9A-LeaderElection10] INFO  impl.RaftServerImpl (RaftServerImpl.java:setRole(184)) - 0c43bc72-d834-4758-b91b-4934a5dc7f3b@group-7ABD2E508E9A: changes role from CANDIDATE to LEADER at term 1 for changeToLeader
2019-10-22 04:20:14,518 [Thread-256] INFO  impl.FollowerState (FollowerState.java:run(108)) - 601b4e43-fd2c-4737-8fdc-9e94860fc946@group-B5BEB8C9A630-FollowerState: change to CANDIDATE, lastRpcTime:106ms, electionTimeout:105ms
2019-10-22 04:20:14,520 [0c43bc72-d834-4758-b91b-4934a5dc7f3b@group-7ABD2E508E9A-LeaderElection10] INFO  impl.RaftServerImpl (ServerState.java:setLeader(256)) - 0c43bc72-d834-4758-b91b-4934a5dc7f3b@group-7ABD2E508E9A: change Leader from null to 0c43bc72-d834-4758-b91b-4934a5dc7f3b at term 1 for becomeLeader, leader elected after 218ms
2019-10-22 04:20:14,519 [Thread-265] INFO  impl.RaftServerImpl (RaftServerImpl.java:setRole(184)) - 39efaeea-ba86-4fd8-a10a-b7015b9eb4a1@group-7ABD2E508E9A: changes role from  FOLLOWER to CANDIDATE at term 1 for changeToCandidate
2019-10-22 04:20:14,521 [0c43bc72-d834-4758-b91b-4934a5dc7f3b@group-7ABD2E508E9A-LeaderElection10] INFO  server.RaftServerConfigKeys (ConfUtils.java:logGet(43)) - raft.server.staging.catchup.gap = 1000 (default)
2019-10-22 04:20:14,521 [Thread-256] INFO  impl.RoleInfo (RoleInfo.java:shutdownFollowerState(121)) - 601b4e43-fd2c-4737-8fdc-9e94860fc946: shutdown FollowerState
2019-10-22 04:20:14,521 [Thread-265] INFO  impl.RoleInfo (RoleInfo.java:updateAndGet(143)) - 39efaeea-ba86-4fd8-a10a-b7015b9eb4a1: start LeaderElection
2019-10-22 04:20:14,521 [0c43bc72-d834-4758-b91b-4934a5dc7f3b@group-7ABD2E508E9A-LeaderElection10] INFO  server.RaftServerConfigKeys (ConfUtils.java:logGet(43)) - raft.server.rpc.sleep.time = 25ms (default)
2019-10-22 04:20:14,521 [Thread-256] INFO  impl.RaftServerImpl (RaftServerImpl.java:setRole(184)) - 601b4e43-fd2c-4737-8fdc-9e94860fc946@group-B5BEB8C9A630: changes role from  FOLLOWER to CANDIDATE at term 4 for changeToCandidate
2019-10-22 04:20:14,521 [601b4e43-fd2c-4737-8fdc-9e94860fc946@group-7ABD2E508E9A-LeaderElection11] INFO  impl.LeaderElection (LeaderElection.java:logAndReturn(56)) - 601b4e43-fd2c-4737-8fdc-9e94860fc946@group-7ABD2E508E9A-LeaderElection11: Election REJECTED; received 2 response(s) [601b4e43-fd2c-4737-8fdc-9e94860fc946<-39efaeea-ba86-4fd8-a10a-b7015b9eb4a1#0:FAIL-t1, 601b4e43-fd2c-4737-8fdc-9e94860fc946<-0c43bc72-d834-4758-b91b-4934a5dc7f3b#0:FAIL-t1] and 0 exception(s); 601b4e43-fd2c-4737-8fdc-9e94860fc946@group-7ABD2E508E9A:t1, leader=null, voted=601b4e43-fd2c-4737-8fdc-9e94860fc946, raftlog=601b4e43-fd2c-4737-8fdc-9e94860fc946@group-7ABD2E508E9A-SegmentedRaftLog:OPENED:c-1,f-1,i0, conf=-1: [39efaeea-ba86-4fd8-a10a-b7015b9eb4a1:192.168.34.14:43496, 601b4e43-fd2c-4737-8fdc-9e94860fc946:192.168.34.14:37459, 0c43bc72-d834-4758-b91b-4934a5dc7f3b:192.168.34.14:33792], old=null
2019-10-22 04:20:14,522 [Thread-256] INFO  impl.RoleInfo (RoleInfo.java:updateAndGet(143)) - 601b4e43-fd2c-4737-8fdc-9e94860fc946: start LeaderElection
2019-10-22 04:20:14,523 [0c43bc72-d834-4758-b91b-4934a5dc7f3b@group-7ABD2E508E9A-LeaderElection10] INFO  server.RaftServerConfigKeys (ConfUtils.java:logGet(43)) - raft.server.write.element-limit = 4096 (default)
2019-10-22 04:20:14,523 [601b4e43-fd2c-4737-8fdc-9e94860fc946@group-7ABD2E508E9A-LeaderElection11] INFO  impl.RaftServerImpl (RaftServerImpl.java:setRole(184)) - 601b4e43-fd2c-4737-8fdc-9e94860fc946@group-7ABD2E508E9A: changes role from CANDIDATE to FOLLOWER at term 1 for DISCOVERED_A_NEW_TERM
2019-10-22 04:20:14,527 [0c43bc72-d834-4758-b91b-4934a5dc7f3b@group-7ABD2E508E9A-LeaderElection10] INFO  server.RaftServerConfigKeys (ConfUtils.java:logGet(43)) - raft.server.watch.timeout = 10s (default)
2019-10-22 04:20:14,528 [601b4e43-fd2c-4737-8fdc-9e94860fc946@group-7ABD2E508E9A-LeaderElection11] INFO  impl.RoleInfo (RoleInfo.java:shutdownLeaderElection(134)) - 601b4e43-fd2c-4737-8fdc-9e94860fc946: shutdown LeaderElection
2019-10-22 04:20:14,528 [0c43bc72-d834-4758-b91b-4934a5dc7f3b@group-7ABD2E508E9A-LeaderElection10] INFO  server.RaftServerConfigKeys (ConfUtils.java:logGet(43)) - raft.server.watch.timeout.denomination = 1s (default)
2019-10-22 04:20:14,528 [601b4e43-fd2c-4737-8fdc-9e94860fc946@group-7ABD2E508E9A-LeaderElection11] INFO  impl.RoleInfo (RoleInfo.java:updateAndGet(143)) - 601b4e43-fd2c-4737-8fdc-9e94860fc946: start FollowerState
2019-10-22 04:20:14,528 [0c43bc72-d834-4758-b91b-4934a5dc7f3b@group-7ABD2E508E9A-LeaderElection10] INFO  server.RaftServerConfigKeys (ConfUtils.java:logGet(43)) - raft.server.watch.element-limit = 65536 (default)
2019-10-22 04:20:14,528 [grpc-default-executor-5] INFO  impl.RaftServerImpl (ServerState.java:setLeader(256)) - 0c43bc72-d834-4758-b91b-4934a5dc7f3b@group-B5BEB8C9A630: change Leader from null to 39efaeea-ba86-4fd8-a10a-b7015b9eb4a1 at term 4 for appendEntries, leader elected after 326ms
2019-10-22 04:20:14,531 [0c43bc72-d834-4758-b91b-4934a5dc7f3b@group-7ABD2E508E9A-LeaderElection10] INFO  server.RaftServerConfigKeys (ConfUtils.java:logGet(43)) - raft.server.log.appender.snapshot.chunk.size.max = 16MB (=16777216) (default)
2019-10-22 04:20:14,531 [0c43bc72-d834-4758-b91b-4934a5dc7f3b@group-7ABD2E508E9A-LeaderElection10] INFO  server.RaftServerConfigKeys (ConfUtils.java:logGet(43)) - raft.server.log.appender.buffer.byte-limit = 33554432 (custom)
2019-10-22 04:20:14,531 [0c43bc72-d834-4758-b91b-4934a5dc7f3b@group-7ABD2E508E9A-LeaderElection10] INFO  server.RaftServerConfigKeys (ConfUtils.java:logGet(43)) - raft.server.log.appender.buffer.element-limit = 1 (custom)
2019-10-22 04:20:14,531 [0c43bc72-d834-4758-b91b-4934a5dc7f3b@group-7ABD2E508E9A-LeaderElection10] INFO  grpc.GrpcConfigKeys$Server (ConfUtils.java:logGet(43)) - raft.grpc.server.leader.outstanding.appends.max = 128 (default)
2019-10-22 04:20:14,532 [39efaeea-ba86-4fd8-a10a-b7015b9eb4a1@group-B5BEB8C9A630-SegmentedRaftLogWorker] INFO  segmented.SegmentedRaftLogWorker (SegmentedRaftLogWorker.java:execute(576)) - 39efaeea-ba86-4fd8-a10a-b7015b9eb4a1@group-B5BEB8C9A630-SegmentedRaftLogWorker: created new log segment /workdir/hadoop-ozone/tools/target/test-dir/MiniOzoneClusterImpl-d378e231-1417-4557-b6bf-feb5ffee2028/datanode-0/data/ratis/36890ea7-a165-4fef-9343-b5beb8c9a630/current/log_inprogress_0
2019-10-22 04:20:14,532 [39efaeea-ba86-4fd8-a10a-b7015b9eb4a1@group-7ABD2E508E9A-LeaderElection12] INFO  impl.LeaderElection (LeaderElection.java:askForVotes(178)) - 39efaeea-ba86-4fd8-a10a-b7015b9eb4a1@group-7ABD2E508E9A-LeaderElection12: begin an election at term 2 for -1: [39efaeea-ba86-4fd8-a10a-b7015b9eb4a1:192.168.34.14:43496, 601b4e43-fd2c-4737-8fdc-9e94860fc946:192.168.34.14:37459, 0c43bc72-d834-4758-b91b-4934a5dc7f3b:192.168.34.14:33792], old=null
2019-10-22 04:20:14,532 [0c43bc72-d834-4758-b91b-4934a5dc7f3b@group-7ABD2E508E9A-LeaderElection10] INFO  server.RaftServerConfigKeys (ConfUtils.java:logGet(43)) - raft.server.rpc.request.timeout = 3000ms (default)
2019-10-22 04:20:14,532 [601b4e43-fd2c-4737-8fdc-9e94860fc946@group-B5BEB8C9A630-LeaderElection13] INFO  impl.LeaderElection (LeaderElection.java:askForVotes(178)) - 601b4e43-fd2c-4737-8fdc-9e94860fc946@group-B5BEB8C9A630-LeaderElection13: begin an election at term 5 for -1: [39efaeea-ba86-4fd8-a10a-b7015b9eb4a1:192.168.34.14:43496, 601b4e43-fd2c-4737-8fdc-9e94860fc946:192.168.34.14:37459, 0c43bc72-d834-4758-b91b-4934a5dc7f3b:192.168.34.14:33792], old=null
2019-10-22 04:20:14,532 [0c43bc72-d834-4758-b91b-4934a5dc7f3b@group-7ABD2E508E9A-LeaderElection10] INFO  server.RaftServerConfigKeys (ConfUtils.java:logGet(43)) - raft.server.log.appender.install.snapshot.enabled = false (custom)
2019-10-22 04:20:14,534 [Thread-260] INFO  impl.RaftServerImpl (ServerState.java:setLeader(256)) - 39efaeea-ba86-4fd8-a10a-b7015b9eb4a1@group-B5BEB8C9A630: change Leader from 39efaeea-ba86-4fd8-a10a-b7015b9eb4a1 to null at term 5 for updateCurrentTerm
2019-10-22 04:20:14,534 [Thread-260] INFO  impl.RaftServerImpl (RaftServerImpl.java:setRole(184)) - 39efaeea-ba86-4fd8-a10a-b7015b9eb4a1@group-B5BEB8C9A630: changes role from    LEADER to FOLLOWER at term 5 for stepDown
2019-10-22 04:20:14,534 [0c43bc72-d834-4758-b91b-4934a5dc7f3b@group-7ABD2E508E9A-LeaderElection10] INFO  server.RaftServerConfigKeys (ConfUtils.java:logGet(43)) - raft.server.log.appender.snapshot.chunk.size.max = 16MB (=16777216) (default)
2019-10-22 04:20:14,535 [Thread-260] INFO  impl.RoleInfo (RoleInfo.java:shutdownLeaderState(104)) - 39efaeea-ba86-4fd8-a10a-b7015b9eb4a1: shutdown LeaderState
2019-10-22 04:20:14,535 [0c43bc72-d834-4758-b91b-4934a5dc7f3b@group-7ABD2E508E9A-LeaderElection10] INFO  server.RaftServerConfigKeys (ConfUtils.java:logGet(43)) - raft.server.log.appender.buffer.byte-limit = 33554432 (custom)
2019-10-22 04:20:14,538 [org.apache.ratis.server.impl.LogAppender$AppenderDaemon$$Lambda$508/1065314298@8d28eab] WARN  server.GrpcLogAppender (GrpcLogAppender.java:mayWait(149)) - 39efaeea-ba86-4fd8-a10a-b7015b9eb4a1@group-B5BEB8C9A630->0c43bc72-d834-4758-b91b-4934a5dc7f3b-GrpcLogAppender: Wait interrupted by java.lang.InterruptedException
2019-10-22 04:20:14,539 [org.apache.ratis.server.impl.LogAppender$AppenderDaemon$$Lambda$508/1065314298@392171ed] WARN  server.GrpcLogAppender (GrpcLogAppender.java:mayWait(149)) - 39efaeea-ba86-4fd8-a10a-b7015b9eb4a1@group-B5BEB8C9A630->601b4e43-fd2c-4737-8fdc-9e94860fc946-GrpcLogAppender: Wait interrupted by java.lang.InterruptedException
2019-10-22 04:20:14,539 [0c43bc72-d834-4758-b91b-4934a5dc7f3b@group-7ABD2E508E9A-LeaderElection10] INFO  server.RaftServerConfigKeys (ConfUtils.java:logGet(43)) - raft.server.log.appender.buffer.element-limit = 1 (custom)
2019-10-22 04:20:14,540 [Thread-260] INFO  impl.PendingRequests (PendingRequests.java:sendNotLeaderResponses(202)) - 39efaeea-ba86-4fd8-a10a-b7015b9eb4a1@group-B5BEB8C9A630-PendingRequests: sendNotLeaderResponses
2019-10-22 04:20:14,541 [0c43bc72-d834-4758-b91b-4934a5dc7f3b@group-7ABD2E508E9A-LeaderElection10] INFO  grpc.GrpcConfigKeys$Server (ConfUtils.java:logGet(43)) - raft.grpc.server.leader.outstanding.appends.max = 128 (default)
2019-10-22 04:20:14,542 [grpc-default-executor-5] INFO  impl.RaftServerImpl (ServerState.java:setLeader(256)) - 0c43bc72-d834-4758-b91b-4934a5dc7f3b@group-B5BEB8C9A630: change Leader from 39efaeea-ba86-4fd8-a10a-b7015b9eb4a1 to null at term 5 for updateCurrentTerm
2019-10-22 04:20:14,542 [0c43bc72-d834-4758-b91b-4934a5dc7f3b@group-7ABD2E508E9A-LeaderElection10] INFO  server.RaftServerConfigKeys (ConfUtils.java:logGet(43)) - raft.server.rpc.request.timeout = 3000ms (default)
2019-10-22 04:20:14,542 [grpc-default-executor-0] INFO  server.GrpcServerProtocolService (GrpcServerProtocolService.java:onCompleted(113)) - 0c43bc72-d834-4758-b91b-4934a5dc7f3b: Completed APPEND_ENTRIES, lastRequest: 39efaeea-ba86-4fd8-a10a-b7015b9eb4a1->0c43bc72-d834-4758-b91b-4934a5dc7f3b#0-t4, previous=(t:0, i:0), leaderCommit=-1, initializing? false, entries: <empty>
2019-10-22 04:20:14,542 [grpc-default-executor-5] INFO  impl.RaftServerImpl (RaftServerImpl.java:setRole(184)) - 0c43bc72-d834-4758-b91b-4934a5dc7f3b@group-B5BEB8C9A630: changes role from  FOLLOWER to FOLLOWER at term 5 for recognizeCandidate:601b4e43-fd2c-4737-8fdc-9e94860fc946
2019-10-22 04:20:14,542 [Thread-260] INFO  impl.RoleInfo (RoleInfo.java:updateAndGet(143)) - 39efaeea-ba86-4fd8-a10a-b7015b9eb4a1: start FollowerState
2019-10-22 04:20:14,544 [grpc-default-executor-5] INFO  impl.RoleInfo (RoleInfo.java:shutdownFollowerState(121)) - 0c43bc72-d834-4758-b91b-4934a5dc7f3b: shutdown FollowerState
2019-10-22 04:20:14,543 [grpc-default-executor-1] INFO  impl.RaftServerImpl (RaftServerImpl.java:setRole(184)) - 601b4e43-fd2c-4737-8fdc-9e94860fc946@group-7ABD2E508E9A: changes role from  FOLLOWER to FOLLOWER at term 2 for recognizeCandidate:39efaeea-ba86-4fd8-a10a-b7015b9eb4a1
2019-10-22 04:20:14,543 [0c43bc72-d834-4758-b91b-4934a5dc7f3b@group-7ABD2E508E9A-LeaderElection10] INFO  server.RaftServerConfigKeys (ConfUtils.java:logGet(43)) - raft.server.log.appender.install.snapshot.enabled = false (custom)
2019-10-22 04:20:14,545 [grpc-default-executor-1] INFO  impl.RoleInfo (RoleInfo.java:shutdownFollowerState(121)) - 601b4e43-fd2c-4737-8fdc-9e94860fc946: shutdown FollowerState
2019-10-22 04:20:14,545 [grpc-default-executor-2] INFO  server.GrpcLogAppender (GrpcLogAppender.java:onCompleted(308)) - 39efaeea-ba86-4fd8-a10a-b7015b9eb4a1@group-B5BEB8C9A630->0c43bc72-d834-4758-b91b-4934a5dc7f3b-AppendLogResponseHandler: follower responses appendEntries COMPLETED
2019-10-22 04:20:14,544 [Thread-255] INFO  impl.FollowerState (FollowerState.java:run(117)) - 0c43bc72-d834-4758-b91b-4934a5dc7f3b@group-B5BEB8C9A630-FollowerState was interrupted: java.lang.InterruptedException: sleep interrupted
2019-10-22 04:20:14,544 [grpc-default-executor-5] INFO  impl.RoleInfo (RoleInfo.java:updateAndGet(143)) - 0c43bc72-d834-4758-b91b-4934a5dc7f3b: start FollowerState
2019-10-22 04:20:14,545 [Thread-272] INFO  impl.FollowerState (FollowerState.java:run(117)) - 601b4e43-fd2c-4737-8fdc-9e94860fc946@group-7ABD2E508E9A-FollowerState was interrupted: java.lang.InterruptedException: sleep interrupted
2019-10-22 04:20:14,545 [grpc-default-executor-1] INFO  impl.RoleInfo (RoleInfo.java:updateAndGet(143)) - 601b4e43-fd2c-4737-8fdc-9e94860fc946: start FollowerState
2019-10-22 04:20:14,545 [grpc-default-executor-3] INFO  server.GrpcServerProtocolService (GrpcServerProtocolService.java:onCompleted(113)) - 601b4e43-fd2c-4737-8fdc-9e94860fc946: Completed APPEND_ENTRIES, lastRequest: 39efaeea-ba86-4fd8-a10a-b7015b9eb4a1->601b4e43-fd2c-4737-8fdc-9e94860fc946#0-t4, previous=(t:0, i:0), leaderCommit=-1, initializing? false, entries: <empty>
2019-10-22 04:20:14,549 [grpc-default-executor-3] INFO  server.GrpcLogAppender (GrpcLogAppender.java:onCompleted(308)) - 39efaeea-ba86-4fd8-a10a-b7015b9eb4a1@group-B5BEB8C9A630->601b4e43-fd2c-4737-8fdc-9e94860fc946-AppendLogResponseHandler: follower responses appendEntries COMPLETED
2019-10-22 04:20:14,550 [0c43bc72-d834-4758-b91b-4934a5dc7f3b@group-7ABD2E508E9A-LeaderElection10] INFO  impl.RoleInfo (RoleInfo.java:updateAndGet(143)) - 0c43bc72-d834-4758-b91b-4934a5dc7f3b: start LeaderState
2019-10-22 04:20:14,550 [0c43bc72-d834-4758-b91b-4934a5dc7f3b@group-7ABD2E508E9A-LeaderElection10] INFO  segmented.SegmentedRaftLogWorker (SegmentedRaftLogWorker.java:startLogSegment(385)) - 0c43bc72-d834-4758-b91b-4934a5dc7f3b@group-7ABD2E508E9A-SegmentedRaftLogWorker: Starting segment from index:0
2019-10-22 04:20:14,551 [0c43bc72-d834-4758-b91b-4934a5dc7f3b@group-7ABD2E508E9A-LeaderElection10] INFO  impl.RaftServerImpl (ServerState.java:setRaftConf(357)) - 0c43bc72-d834-4758-b91b-4934a5dc7f3b@group-7ABD2E508E9A: set configuration 0: [39efaeea-ba86-4fd8-a10a-b7015b9eb4a1:192.168.34.14:43496, 601b4e43-fd2c-4737-8fdc-9e94860fc946:192.168.34.14:37459, 0c43bc72-d834-4758-b91b-4934a5dc7f3b:192.168.34.14:33792], old=null at 0
2019-10-22 04:20:14,577 [grpc-default-executor-4] INFO  impl.RaftServerImpl (ServerState.java:setLeader(256)) - 0c43bc72-d834-4758-b91b-4934a5dc7f3b@group-7ABD2E508E9A: change Leader from 0c43bc72-d834-4758-b91b-4934a5dc7f3b to null at term 2 for updateCurrentTerm
2019-10-22 04:20:14,578 [grpc-default-executor-0] INFO  impl.RaftServerImpl (RaftServerImpl.java:setRole(184)) - 39efaeea-ba86-4fd8-a10a-b7015b9eb4a1@group-B5BEB8C9A630: changes role from  FOLLOWER to FOLLOWER at term 5 for recognizeCandidate:601b4e43-fd2c-4737-8fdc-9e94860fc946
2019-10-22 04:20:14,578 [grpc-default-executor-4] INFO  impl.RaftServerImpl (RaftServerImpl.java:setRole(184)) - 0c43bc72-d834-4758-b91b-4934a5dc7f3b@group-7ABD2E508E9A: changes role from    LEADER to FOLLOWER at term 2 for recognizeCandidate:39efaeea-ba86-4fd8-a10a-b7015b9eb4a1
2019-10-22 04:20:14,578 [grpc-default-executor-0] INFO  impl.RoleInfo (RoleInfo.java:shutdownFollowerState(121)) - 39efaeea-ba86-4fd8-a10a-b7015b9eb4a1: shutdown FollowerState
2019-10-22 04:20:14,579 [grpc-default-executor-4] INFO  impl.RoleInfo (RoleInfo.java:shutdownLeaderState(104)) - 0c43bc72-d834-4758-b91b-4934a5dc7f3b: shutdown LeaderState
2019-10-22 04:20:14,579 [grpc-default-executor-0] INFO  impl.RoleInfo (RoleInfo.java:updateAndGet(143)) - 39efaeea-ba86-4fd8-a10a-b7015b9eb4a1: start FollowerState
2019-10-22 04:20:14,579 [Thread-280] INFO  impl.FollowerState (FollowerState.java:run(117)) - 39efaeea-ba86-4fd8-a10a-b7015b9eb4a1@group-B5BEB8C9A630-FollowerState was interrupted: java.lang.InterruptedException: sleep interrupted
2019-10-22 04:20:14,581 [org.apache.ratis.server.impl.LogAppender$AppenderDaemon$$Lambda$508/1065314298@74e163ec] WARN  server.GrpcLogAppender (GrpcLogAppender.java:mayWait(149)) - 0c43bc72-d834-4758-b91b-4934a5dc7f3b@group-7ABD2E508E9A->601b4e43-fd2c-4737-8fdc-9e94860fc946-GrpcLogAppender: Wait interrupted by java.lang.InterruptedException
2019-10-22 04:20:14,581 [grpc-default-executor-4] INFO  impl.PendingRequests (PendingRequests.java:sendNotLeaderResponses(202)) - 0c43bc72-d834-4758-b91b-4934a5dc7f3b@group-7ABD2E508E9A-PendingRequests: sendNotLeaderResponses
2019-10-22 04:20:14,583 [grpc-default-executor-4] INFO  impl.RoleInfo (RoleInfo.java:updateAndGet(143)) - 0c43bc72-d834-4758-b91b-4934a5dc7f3b: start FollowerState
2019-10-22 04:20:14,583 [org.apache.ratis.server.impl.LogAppender$AppenderDaemon$$Lambda$508/1065314298@456ea734] WARN  server.GrpcLogAppender (GrpcLogAppender.java:mayWait(149)) - 0c43bc72-d834-4758-b91b-4934a5dc7f3b@group-7ABD2E508E9A->39efaeea-ba86-4fd8-a10a-b7015b9eb4a1-GrpcLogAppender: Wait interrupted by java.lang.InterruptedException
2019-10-22 04:20:14,586 [grpc-default-executor-0] INFO  server.GrpcServerProtocolService (GrpcServerProtocolService.java:onCompleted(113)) - 601b4e43-fd2c-4737-8fdc-9e94860fc946: Completed APPEND_ENTRIES, lastRequest: null
2019-10-22 04:20:14,587 [601b4e43-fd2c-4737-8fdc-9e94860fc946@group-B5BEB8C9A630-LeaderElection13] INFO  impl.LeaderElection (LeaderElection.java:logAndReturn(56)) - 601b4e43-fd2c-4737-8fdc-9e94860fc946@group-B5BEB8C9A630-LeaderElection13: Election REJECTED; received 2 response(s) [601b4e43-fd2c-4737-8fdc-9e94860fc946<-39efaeea-ba86-4fd8-a10a-b7015b9eb4a1#0:FAIL-t5, 601b4e43-fd2c-4737-8fdc-9e94860fc946<-0c43bc72-d834-4758-b91b-4934a5dc7f3b#0:FAIL-t5] and 0 exception(s); 601b4e43-fd2c-4737-8fdc-9e94860fc946@group-B5BEB8C9A630:t5, leader=null, voted=601b4e43-fd2c-4737-8fdc-9e94860fc946, raftlog=601b4e43-fd2c-4737-8fdc-9e94860fc946@group-B5BEB8C9A630-SegmentedRaftLog:OPENED:c-1,f-1,i0, conf=-1: [39efaeea-ba86-4fd8-a10a-b7015b9eb4a1:192.168.34.14:43496, 601b4e43-fd2c-4737-8fdc-9e94860fc946:192.168.34.14:37459, 0c43bc72-d834-4758-b91b-4934a5dc7f3b:192.168.34.14:33792], old=null
2019-10-22 04:20:14,587 [39efaeea-ba86-4fd8-a10a-b7015b9eb4a1@group-7ABD2E508E9A-LeaderElection12] INFO  impl.LeaderElection (LeaderElection.java:logAndReturn(56)) - 39efaeea-ba86-4fd8-a10a-b7015b9eb4a1@group-7ABD2E508E9A-LeaderElection12: Election PASSED; received 1 response(s) [39efaeea-ba86-4fd8-a10a-b7015b9eb4a1<-601b4e43-fd2c-4737-8fdc-9e94860fc946#0:OK-t2] and 0 exception(s); 39efaeea-ba86-4fd8-a10a-b7015b9eb4a1@group-7ABD2E508E9A:t2, leader=null, voted=39efaeea-ba86-4fd8-a10a-b7015b9eb4a1, raftlog=39efaeea-ba86-4fd8-a10a-b7015b9eb4a1@group-7ABD2E508E9A-SegmentedRaftLog:OPENED:c-1,f-1,i0, conf=-1: [39efaeea-ba86-4fd8-a10a-b7015b9eb4a1:192.168.34.14:43496, 601b4e43-fd2c-4737-8fdc-9e94860fc946:192.168.34.14:37459, 0c43bc72-d834-4758-b91b-4934a5dc7f3b:192.168.34.14:33792], old=null
2019-10-22 04:20:14,587 [601b4e43-fd2c-4737-8fdc-9e94860fc946@group-B5BEB8C9A630-LeaderElection13] INFO  impl.RaftServerImpl (RaftServerImpl.java:setRole(184)) - 601b4e43-fd2c-4737-8fdc-9e94860fc946@group-B5BEB8C9A630: changes role from CANDIDATE to FOLLOWER at term 5 for DISCOVERED_A_NEW_TERM
2019-10-22 04:20:14,590 [grpc-default-executor-0] INFO  server.GrpcLogAppender (GrpcLogAppender.java:onCompleted(308)) - 0c43bc72-d834-4758-b91b-4934a5dc7f3b@group-7ABD2E508E9A->601b4e43-fd2c-4737-8fdc-9e94860fc946-AppendLogResponseHandler: follower responses appendEntries COMPLETED
2019-10-22 04:20:14,587 [39efaeea-ba86-4fd8-a10a-b7015b9eb4a1@group-7ABD2E508E9A-LeaderElection12] INFO  impl.RoleInfo (RoleInfo.java:shutdownLeaderElection(134)) - 39efaeea-ba86-4fd8-a10a-b7015b9eb4a1: shutdown LeaderElection
2019-10-22 04:20:14,591 [0c43bc72-d834-4758-b91b-4934a5dc7f3b@group-7ABD2E508E9A-SegmentedRaftLogWorker] INFO  segmented.SegmentedRaftLogWorker (SegmentedRaftLogWorker.java:execute(576)) - 0c43bc72-d834-4758-b91b-4934a5dc7f3b@group-7ABD2E508E9A-SegmentedRaftLogWorker: created new log segment /workdir/hadoop-ozone/tools/target/test-dir/MiniOzoneClusterImpl-d378e231-1417-4557-b6bf-feb5ffee2028/datanode-2/data/ratis/0ef36821-93c6-4cfe-9abd-7abd2e508e9a/current/log_inprogress_0
2019-10-22 04:20:14,590 [601b4e43-fd2c-4737-8fdc-9e94860fc946@group-B5BEB8C9A630-LeaderElection13] INFO  impl.RoleInfo (RoleInfo.java:shutdownLeaderElection(134)) - 601b4e43-fd2c-4737-8fdc-9e94860fc946: shutdown LeaderElection
2019-10-22 04:20:14,592 [39efaeea-ba86-4fd8-a10a-b7015b9eb4a1@group-7ABD2E508E9A-LeaderElection12] INFO  impl.RaftServerImpl (RaftServerImpl.java:setRole(184)) - 39efaeea-ba86-4fd8-a10a-b7015b9eb4a1@group-7ABD2E508E9A: changes role from CANDIDATE to LEADER at term 2 for changeToLeader
2019-10-22 04:20:14,592 [601b4e43-fd2c-4737-8fdc-9e94860fc946@group-B5BEB8C9A630-LeaderElection13] INFO  impl.RoleInfo (RoleInfo.java:updateAndGet(143)) - 601b4e43-fd2c-4737-8fdc-9e94860fc946: start FollowerState
2019-10-22 04:20:14,592 [39efaeea-ba86-4fd8-a10a-b7015b9eb4a1@group-7ABD2E508E9A-LeaderElection12] INFO  impl.RaftServerImpl (ServerState.java:setLeader(256)) - 39efaeea-ba86-4fd8-a10a-b7015b9eb4a1@group-7ABD2E508E9A: change Leader from null to 39efaeea-ba86-4fd8-a10a-b7015b9eb4a1 at term 2 for becomeLeader, leader elected after 291ms
2019-10-22 04:20:14,592 [grpc-default-executor-0] INFO  impl.FollowerInfo (FollowerInfo.java:lambda$new$0(51)) - 0c43bc72-d834-4758-b91b-4934a5dc7f3b@group-7ABD2E508E9A->601b4e43-fd2c-4737-8fdc-9e94860fc946: nextIndex: updateUnconditionally 0 -> 0
2019-10-22 04:20:14,592 [39efaeea-ba86-4fd8-a10a-b7015b9eb4a1@group-7ABD2E508E9A-LeaderElection12] INFO  server.RaftServerConfigKeys (ConfUtils.java:logGet(43)) - raft.server.staging.catchup.gap = 1000 (default)
2019-10-22 04:20:14,593 [39efaeea-ba86-4fd8-a10a-b7015b9eb4a1@group-7ABD2E508E9A-LeaderElection12] INFO  server.RaftServerConfigKeys (ConfUtils.java:logGet(43)) - raft.server.rpc.sleep.time = 25ms (default)
2019-10-22 04:20:14,594 [39efaeea-ba86-4fd8-a10a-b7015b9eb4a1@group-7ABD2E508E9A-LeaderElection12] INFO  server.RaftServerConfigKeys (ConfUtils.java:logGet(43)) - raft.server.write.element-limit = 4096 (default)
2019-10-22 04:20:14,594 [39efaeea-ba86-4fd8-a10a-b7015b9eb4a1@group-7ABD2E508E9A-LeaderElection12] INFO  server.RaftServerConfigKeys (ConfUtils.java:logGet(43)) - raft.server.watch.timeout = 10s (default)
2019-10-22 04:20:14,594 [39efaeea-ba86-4fd8-a10a-b7015b9eb4a1@group-7ABD2E508E9A-LeaderElection12] INFO  server.RaftServerConfigKeys (ConfUtils.java:logGet(43)) - raft.server.watch.timeout.denomination = 1s (default)
2019-10-22 04:20:14,594 [39efaeea-ba86-4fd8-a10a-b7015b9eb4a1@group-7ABD2E508E9A-LeaderElection12] INFO  server.RaftServerConfigKeys (ConfUtils.java:logGet(43)) - raft.server.watch.element-limit = 65536 (default)
2019-10-22 04:20:14,595 [grpc-default-executor-2] INFO  impl.FollowerInfo (FollowerInfo.java:lambda$new$0(51)) - 39efaeea-ba86-4fd8-a10a-b7015b9eb4a1@group-B5BEB8C9A630->0c43bc72-d834-4758-b91b-4934a5dc7f3b: nextIndex: updateUnconditionally 0 -> 0
2019-10-22 04:20:14,596 [pool-53-thread-3] INFO  impl.MetricsSystemImpl (MetricsSystemImpl.java:init(158)) - XceiverClientMetrics metrics system started (again)
2019-10-22 04:20:14,597 [grpc-default-executor-3] INFO  impl.FollowerInfo (FollowerInfo.java:lambda$new$0(51)) - 39efaeea-ba86-4fd8-a10a-b7015b9eb4a1@group-B5BEB8C9A630->601b4e43-fd2c-4737-8fdc-9e94860fc946: nextIndex: updateUnconditionally 0 -> 0
2019-10-22 04:20:14,597 [39efaeea-ba86-4fd8-a10a-b7015b9eb4a1@group-7ABD2E508E9A-LeaderElection12] INFO  server.RaftServerConfigKeys (ConfUtils.java:logGet(43)) - raft.server.log.appender.snapshot.chunk.size.max = 16MB (=16777216) (default)
2019-10-22 04:20:14,598 [39efaeea-ba86-4fd8-a10a-b7015b9eb4a1@group-7ABD2E508E9A-LeaderElection12] INFO  server.RaftServerConfigKeys (ConfUtils.java:logGet(43)) - raft.server.log.appender.buffer.byte-limit = 33554432 (custom)
2019-10-22 04:20:14,598 [39efaeea-ba86-4fd8-a10a-b7015b9eb4a1@group-7ABD2E508E9A-LeaderElection12] INFO  server.RaftServerConfigKeys (ConfUtils.java:logGet(43)) - raft.server.log.appender.buffer.element-limit = 1 (custom)
2019-10-22 04:20:14,598 [39efaeea-ba86-4fd8-a10a-b7015b9eb4a1@group-7ABD2E508E9A-LeaderElection12] INFO  grpc.GrpcConfigKeys$Server (ConfUtils.java:logGet(43)) - raft.grpc.server.leader.outstanding.appends.max = 128 (default)
2019-10-22 04:20:14,598 [39efaeea-ba86-4fd8-a10a-b7015b9eb4a1@group-7ABD2E508E9A-LeaderElection12] INFO  server.RaftServerConfigKeys (ConfUtils.java:logGet(43)) - raft.server.rpc.request.timeout = 3000ms (default)
2019-10-22 04:20:14,598 [39efaeea-ba86-4fd8-a10a-b7015b9eb4a1@group-7ABD2E508E9A-LeaderElection12] INFO  server.RaftServerConfigKeys (ConfUtils.java:logGet(43)) - raft.server.log.appender.install.snapshot.enabled = false (custom)
2019-10-22 04:20:14,600 [39efaeea-ba86-4fd8-a10a-b7015b9eb4a1@group-7ABD2E508E9A-LeaderElection12] INFO  server.RaftServerConfigKeys (ConfUtils.java:logGet(43)) - raft.server.log.appender.snapshot.chunk.size.max = 16MB (=16777216) (default)
2019-10-22 04:20:14,600 [39efaeea-ba86-4fd8-a10a-b7015b9eb4a1@group-7ABD2E508E9A-LeaderElection12] INFO  server.RaftServerConfigKeys (ConfUtils.java:logGet(43)) - raft.server.log.appender.buffer.byte-limit = 33554432 (custom)
2019-10-22 04:20:14,600 [39efaeea-ba86-4fd8-a10a-b7015b9eb4a1@group-7ABD2E508E9A-LeaderElection12] INFO  server.RaftServerConfigKeys (ConfUtils.java:logGet(43)) - raft.server.log.appender.buffer.element-limit = 1 (custom)
2019-10-22 04:20:14,600 [39efaeea-ba86-4fd8-a10a-b7015b9eb4a1@group-7ABD2E508E9A-LeaderElection12] INFO  grpc.GrpcConfigKeys$Server (ConfUtils.java:logGet(43)) - raft.grpc.server.leader.outstanding.appends.max = 128 (default)
2019-10-22 04:20:14,600 [39efaeea-ba86-4fd8-a10a-b7015b9eb4a1@group-7ABD2E508E9A-LeaderElection12] INFO  server.RaftServerConfigKeys (ConfUtils.java:logGet(43)) - raft.server.rpc.request.timeout = 3000ms (default)
2019-10-22 04:20:14,600 [39efaeea-ba86-4fd8-a10a-b7015b9eb4a1@group-7ABD2E508E9A-LeaderElection12] INFO  server.RaftServerConfigKeys (ConfUtils.java:logGet(43)) - raft.server.log.appender.install.snapshot.enabled = false (custom)
2019-10-22 04:20:14,602 [39efaeea-ba86-4fd8-a10a-b7015b9eb4a1@group-7ABD2E508E9A-LeaderElection12] INFO  impl.RoleInfo (RoleInfo.java:updateAndGet(143)) - 39efaeea-ba86-4fd8-a10a-b7015b9eb4a1: start LeaderState
2019-10-22 04:20:14,602 [39efaeea-ba86-4fd8-a10a-b7015b9eb4a1@group-7ABD2E508E9A-LeaderElection12] INFO  segmented.SegmentedRaftLogWorker (SegmentedRaftLogWorker.java:startLogSegment(385)) - 39efaeea-ba86-4fd8-a10a-b7015b9eb4a1@group-7ABD2E508E9A-SegmentedRaftLogWorker: Starting segment from index:0
2019-10-22 04:20:14,603 [39efaeea-ba86-4fd8-a10a-b7015b9eb4a1@group-7ABD2E508E9A-LeaderElection12] INFO  impl.RaftServerImpl (ServerState.java:setRaftConf(357)) - 39efaeea-ba86-4fd8-a10a-b7015b9eb4a1@group-7ABD2E508E9A: set configuration 0: [39efaeea-ba86-4fd8-a10a-b7015b9eb4a1:192.168.34.14:43496, 601b4e43-fd2c-4737-8fdc-9e94860fc946:192.168.34.14:37459, 0c43bc72-d834-4758-b91b-4934a5dc7f3b:192.168.34.14:33792], old=null at 0
2019-10-22 04:20:14,631 [grpc-default-executor-1] INFO  server.GrpcServerProtocolService (GrpcServerProtocolService.java:onCompleted(113)) - 39efaeea-ba86-4fd8-a10a-b7015b9eb4a1: Completed APPEND_ENTRIES, lastRequest: 0c43bc72-d834-4758-b91b-4934a5dc7f3b->39efaeea-ba86-4fd8-a10a-b7015b9eb4a1#0-t1, previous=(t:0, i:0), leaderCommit=-1, initializing? false, entries: <empty>
2019-10-22 04:20:14,641 [grpc-default-executor-1] INFO  server.GrpcLogAppender (GrpcLogAppender.java:onCompleted(308)) - 0c43bc72-d834-4758-b91b-4934a5dc7f3b@group-7ABD2E508E9A->39efaeea-ba86-4fd8-a10a-b7015b9eb4a1-AppendLogResponseHandler: follower responses appendEntries COMPLETED
2019-10-22 04:20:14,642 [grpc-default-executor-1] INFO  impl.FollowerInfo (FollowerInfo.java:lambda$new$0(51)) - 0c43bc72-d834-4758-b91b-4934a5dc7f3b@group-7ABD2E508E9A->39efaeea-ba86-4fd8-a10a-b7015b9eb4a1: nextIndex: updateUnconditionally 0 -> 0
2019-10-22 04:20:14,643 [39efaeea-ba86-4fd8-a10a-b7015b9eb4a1@group-7ABD2E508E9A-SegmentedRaftLogWorker] INFO  segmented.SegmentedRaftLogWorker (SegmentedRaftLogWorker.java:execute(576)) - 39efaeea-ba86-4fd8-a10a-b7015b9eb4a1@group-7ABD2E508E9A-SegmentedRaftLogWorker: created new log segment /workdir/hadoop-ozone/tools/target/test-dir/MiniOzoneClusterImpl-d378e231-1417-4557-b6bf-feb5ffee2028/datanode-0/data/ratis/0ef36821-93c6-4cfe-9abd-7abd2e508e9a/current/log_inprogress_0
2019-10-22 04:20:14,646 [grpc-default-executor-1] INFO  impl.RaftServerImpl (ServerState.java:setLeader(256)) - 0c43bc72-d834-4758-b91b-4934a5dc7f3b@group-7ABD2E508E9A: change Leader from null to 39efaeea-ba86-4fd8-a10a-b7015b9eb4a1 at term 2 for appendEntries, leader elected after 68ms
2019-10-22 04:20:14,646 [grpc-default-executor-3] INFO  impl.RaftServerImpl (ServerState.java:setLeader(256)) - 601b4e43-fd2c-4737-8fdc-9e94860fc946@group-7ABD2E508E9A: change Leader from null to 39efaeea-ba86-4fd8-a10a-b7015b9eb4a1 at term 2 for appendEntries, leader elected after 344ms
2019-10-22 04:20:14,656 [grpc-default-executor-1] INFO  impl.RaftServerImpl (ServerState.java:setRaftConf(357)) - 0c43bc72-d834-4758-b91b-4934a5dc7f3b@group-7ABD2E508E9A: set configuration 0: [39efaeea-ba86-4fd8-a10a-b7015b9eb4a1:192.168.34.14:43496, 601b4e43-fd2c-4737-8fdc-9e94860fc946:192.168.34.14:37459, 0c43bc72-d834-4758-b91b-4934a5dc7f3b:192.168.34.14:33792], old=null at 0
2019-10-22 04:20:14,656 [grpc-default-executor-3] INFO  impl.RaftServerImpl (ServerState.java:setRaftConf(357)) - 601b4e43-fd2c-4737-8fdc-9e94860fc946@group-7ABD2E508E9A: set configuration 0: [39efaeea-ba86-4fd8-a10a-b7015b9eb4a1:192.168.34.14:43496, 601b4e43-fd2c-4737-8fdc-9e94860fc946:192.168.34.14:37459, 0c43bc72-d834-4758-b91b-4934a5dc7f3b:192.168.34.14:33792], old=null at 0
2019-10-22 04:20:14,657 [grpc-default-executor-3] INFO  segmented.SegmentedRaftLogWorker (SegmentedRaftLogWorker.java:startLogSegment(385)) - 601b4e43-fd2c-4737-8fdc-9e94860fc946@group-7ABD2E508E9A-SegmentedRaftLogWorker: Starting segment from index:0
2019-10-22 04:20:14,659 [grpc-default-executor-1] INFO  segmented.SegmentedRaftLogWorker (SegmentedRaftLogWorker.java:truncate(401)) - 0c43bc72-d834-4758-b91b-4934a5dc7f3b@group-7ABD2E508E9A-SegmentedRaftLogWorker: Truncating segments toTruncate: null
  toDelete: [(0, 0) isOpen? true, length=0, newEndIndex=-1], start index 0
2019-10-22 04:20:14,659 [grpc-default-executor-1] INFO  segmented.SegmentedRaftLogWorker (SegmentedRaftLogWorker.java:startLogSegment(385)) - 0c43bc72-d834-4758-b91b-4934a5dc7f3b@group-7ABD2E508E9A-SegmentedRaftLogWorker: Starting segment from index:0
2019-10-22 04:20:14,660 [0c43bc72-d834-4758-b91b-4934a5dc7f3b@group-7ABD2E508E9A-SegmentedRaftLogWorker] INFO  segmented.SegmentedRaftLogWorker (SegmentedRaftLogWorker.java:execute(640)) - 0c43bc72-d834-4758-b91b-4934a5dc7f3b@group-7ABD2E508E9A-SegmentedRaftLogWorker: Deleted log file /workdir/hadoop-ozone/tools/target/test-dir/MiniOzoneClusterImpl-d378e231-1417-4557-b6bf-feb5ffee2028/datanode-2/data/ratis/0ef36821-93c6-4cfe-9abd-7abd2e508e9a/current/log_inprogress_0
2019-10-22 04:20:14,661 [0c43bc72-d834-4758-b91b-4934a5dc7f3b@group-7ABD2E508E9A-SegmentedRaftLogWorker] INFO  segmented.SegmentedRaftLogWorker (SegmentedRaftLogWorker.java:lambda$new$0(128)) - 0c43bc72-d834-4758-b91b-4934a5dc7f3b@group-7ABD2E508E9A-SegmentedRaftLogWorker: flushIndex: setUnconditionally 0 -> -1
2019-10-22 04:20:14,703 [601b4e43-fd2c-4737-8fdc-9e94860fc946@group-7ABD2E508E9A-SegmentedRaftLogWorker] INFO  segmented.SegmentedRaftLogWorker (SegmentedRaftLogWorker.java:execute(576)) - 601b4e43-fd2c-4737-8fdc-9e94860fc946@group-7ABD2E508E9A-SegmentedRaftLogWorker: created new log segment /workdir/hadoop-ozone/tools/target/test-dir/MiniOzoneClusterImpl-d378e231-1417-4557-b6bf-feb5ffee2028/datanode-1/data/ratis/0ef36821-93c6-4cfe-9abd-7abd2e508e9a/current/log_inprogress_0
2019-10-22 04:20:14,703 [0c43bc72-d834-4758-b91b-4934a5dc7f3b@group-7ABD2E508E9A-SegmentedRaftLogWorker] INFO  segmented.SegmentedRaftLogWorker (SegmentedRaftLogWorker.java:execute(576)) - 0c43bc72-d834-4758-b91b-4934a5dc7f3b@group-7ABD2E508E9A-SegmentedRaftLogWorker: created new log segment /workdir/hadoop-ozone/tools/target/test-dir/MiniOzoneClusterImpl-d378e231-1417-4557-b6bf-feb5ffee2028/datanode-2/data/ratis/0ef36821-93c6-4cfe-9abd-7abd2e508e9a/current/log_inprogress_0
2019-10-22 04:20:14,748 [Thread-286] INFO  impl.FollowerState (FollowerState.java:run(108)) - 601b4e43-fd2c-4737-8fdc-9e94860fc946@group-B5BEB8C9A630-FollowerState: change to CANDIDATE, lastRpcTime:156ms, electionTimeout:155ms
2019-10-22 04:20:14,749 [Thread-286] INFO  impl.RoleInfo (RoleInfo.java:shutdownFollowerState(121)) - 601b4e43-fd2c-4737-8fdc-9e94860fc946: shutdown FollowerState
2019-10-22 04:20:14,749 [Thread-286] INFO  impl.RaftServerImpl (RaftServerImpl.java:setRole(184)) - 601b4e43-fd2c-4737-8fdc-9e94860fc946@group-B5BEB8C9A630: changes role from  FOLLOWER to CANDIDATE at term 5 for changeToCandidate
2019-10-22 04:20:14,750 [Thread-286] INFO  impl.RoleInfo (RoleInfo.java:updateAndGet(143)) - 601b4e43-fd2c-4737-8fdc-9e94860fc946: start LeaderElection
2019-10-22 04:20:14,766 [601b4e43-fd2c-4737-8fdc-9e94860fc946@group-B5BEB8C9A630-LeaderElection14] INFO  impl.LeaderElection (LeaderElection.java:askForVotes(178)) - 601b4e43-fd2c-4737-8fdc-9e94860fc946@group-B5BEB8C9A630-LeaderElection14: begin an election at term 6 for -1: [39efaeea-ba86-4fd8-a10a-b7015b9eb4a1:192.168.34.14:43496, 601b4e43-fd2c-4737-8fdc-9e94860fc946:192.168.34.14:37459, 0c43bc72-d834-4758-b91b-4934a5dc7f3b:192.168.34.14:33792], old=null
2019-10-22 04:20:14,774 [grpc-default-executor-1] INFO  impl.RaftServerImpl (RaftServerImpl.java:setRole(184)) - 39efaeea-ba86-4fd8-a10a-b7015b9eb4a1@group-B5BEB8C9A630: changes role from  FOLLOWER to FOLLOWER at term 6 for recognizeCandidate:601b4e43-fd2c-4737-8fdc-9e94860fc946
2019-10-22 04:20:14,775 [grpc-default-executor-1] INFO  impl.RoleInfo (RoleInfo.java:shutdownFollowerState(121)) - 39efaeea-ba86-4fd8-a10a-b7015b9eb4a1: shutdown FollowerState
2019-10-22 04:20:14,775 [grpc-default-executor-1] INFO  impl.RoleInfo (RoleInfo.java:updateAndGet(143)) - 39efaeea-ba86-4fd8-a10a-b7015b9eb4a1: start FollowerState
2019-10-22 04:20:14,775 [grpc-default-executor-2] INFO  impl.RaftServerImpl (RaftServerImpl.java:setRole(184)) - 0c43bc72-d834-4758-b91b-4934a5dc7f3b@group-B5BEB8C9A630: changes role from  FOLLOWER to FOLLOWER at term 6 for recognizeCandidate:601b4e43-fd2c-4737-8fdc-9e94860fc946
2019-10-22 04:20:14,775 [Thread-283] INFO  impl.FollowerState (FollowerState.java:run(117)) - 39efaeea-ba86-4fd8-a10a-b7015b9eb4a1@group-B5BEB8C9A630-FollowerState was interrupted: java.lang.InterruptedException: sleep interrupted
2019-10-22 04:20:14,775 [grpc-default-executor-2] INFO  impl.RoleInfo (RoleInfo.java:shutdownFollowerState(121)) - 0c43bc72-d834-4758-b91b-4934a5dc7f3b: shutdown FollowerState
2019-10-22 04:20:14,777 [Thread-281] INFO  impl.FollowerState (FollowerState.java:run(117)) - 0c43bc72-d834-4758-b91b-4934a5dc7f3b@group-B5BEB8C9A630-FollowerState was interrupted: java.lang.InterruptedException: sleep interrupted
2019-10-22 04:20:14,777 [grpc-default-executor-2] INFO  impl.RoleInfo (RoleInfo.java:updateAndGet(143)) - 0c43bc72-d834-4758-b91b-4934a5dc7f3b: start FollowerState
2019-10-22 04:20:14,793 [601b4e43-fd2c-4737-8fdc-9e94860fc946@group-B5BEB8C9A630-LeaderElection14] INFO  impl.LeaderElection (LeaderElection.java:logAndReturn(56)) - 601b4e43-fd2c-4737-8fdc-9e94860fc946@group-B5BEB8C9A630-LeaderElection14: Election REJECTED; received 2 response(s) [601b4e43-fd2c-4737-8fdc-9e94860fc946<-39efaeea-ba86-4fd8-a10a-b7015b9eb4a1#0:FAIL-t6, 601b4e43-fd2c-4737-8fdc-9e94860fc946<-0c43bc72-d834-4758-b91b-4934a5dc7f3b#0:FAIL-t6] and 0 exception(s); 601b4e43-fd2c-4737-8fdc-9e94860fc946@group-B5BEB8C9A630:t6, leader=null, voted=601b4e43-fd2c-4737-8fdc-9e94860fc946, raftlog=601b4e43-fd2c-4737-8fdc-9e94860fc946@group-B5BEB8C9A630-SegmentedRaftLog:OPENED:c-1,f-1,i0, conf=-1: [39efaeea-ba86-4fd8-a10a-b7015b9eb4a1:192.168.34.14:43496, 601b4e43-fd2c-4737-8fdc-9e94860fc946:192.168.34.14:37459, 0c43bc72-d834-4758-b91b-4934a5dc7f3b:192.168.34.14:33792], old=null
2019-10-22 04:20:14,794 [601b4e43-fd2c-4737-8fdc-9e94860fc946@group-B5BEB8C9A630-LeaderElection14] INFO  impl.RaftServerImpl (RaftServerImpl.java:setRole(184)) - 601b4e43-fd2c-4737-8fdc-9e94860fc946@group-B5BEB8C9A630: changes role from CANDIDATE to FOLLOWER at term 6 for DISCOVERED_A_NEW_TERM
2019-10-22 04:20:14,794 [601b4e43-fd2c-4737-8fdc-9e94860fc946@group-B5BEB8C9A630-LeaderElection14] INFO  impl.RoleInfo (RoleInfo.java:shutdownLeaderElection(134)) - 601b4e43-fd2c-4737-8fdc-9e94860fc946: shutdown LeaderElection
2019-10-22 04:20:14,795 [601b4e43-fd2c-4737-8fdc-9e94860fc946@group-B5BEB8C9A630-LeaderElection14] INFO  impl.RoleInfo (RoleInfo.java:updateAndGet(143)) - 601b4e43-fd2c-4737-8fdc-9e94860fc946: start FollowerState
2019-10-22 04:20:14,849 [Thread-305] INFO  impl.FollowerState (FollowerState.java:run(108)) - 601b4e43-fd2c-4737-8fdc-9e94860fc946@group-B5BEB8C9A630-FollowerState: change to CANDIDATE, lastRpcTime:54ms, electionTimeout:50ms
2019-10-22 04:20:14,852 [Thread-305] INFO  impl.RoleInfo (RoleInfo.java:shutdownFollowerState(121)) - 601b4e43-fd2c-4737-8fdc-9e94860fc946: shutdown FollowerState
2019-10-22 04:20:14,852 [Thread-305] INFO  impl.RaftServerImpl (RaftServerImpl.java:setRole(184)) - 601b4e43-fd2c-4737-8fdc-9e94860fc946@group-B5BEB8C9A630: changes role from  FOLLOWER to CANDIDATE at term 6 for changeToCandidate
2019-10-22 04:20:14,852 [Thread-305] INFO  impl.RoleInfo (RoleInfo.java:updateAndGet(143)) - 601b4e43-fd2c-4737-8fdc-9e94860fc946: start LeaderElection
2019-10-22 04:20:14,860 [601b4e43-fd2c-4737-8fdc-9e94860fc946@group-B5BEB8C9A630-LeaderElection15] INFO  impl.LeaderElection (LeaderElection.java:askForVotes(178)) - 601b4e43-fd2c-4737-8fdc-9e94860fc946@group-B5BEB8C9A630-LeaderElection15: begin an election at term 7 for -1: [39efaeea-ba86-4fd8-a10a-b7015b9eb4a1:192.168.34.14:43496, 601b4e43-fd2c-4737-8fdc-9e94860fc946:192.168.34.14:37459, 0c43bc72-d834-4758-b91b-4934a5dc7f3b:192.168.34.14:33792], old=null
2019-10-22 04:20:14,866 [grpc-default-executor-2] INFO  impl.RaftServerImpl (RaftServerImpl.java:setRole(184)) - 0c43bc72-d834-4758-b91b-4934a5dc7f3b@group-B5BEB8C9A630: changes role from  FOLLOWER to FOLLOWER at term 7 for recognizeCandidate:601b4e43-fd2c-4737-8fdc-9e94860fc946
2019-10-22 04:20:14,866 [grpc-default-executor-2] INFO  impl.RoleInfo (RoleInfo.java:shutdownFollowerState(121)) - 0c43bc72-d834-4758-b91b-4934a5dc7f3b: shutdown FollowerState
2019-10-22 04:20:14,867 [grpc-default-executor-2] INFO  impl.RoleInfo (RoleInfo.java:updateAndGet(143)) - 0c43bc72-d834-4758-b91b-4934a5dc7f3b: start FollowerState
2019-10-22 04:20:14,867 [Thread-304] INFO  impl.FollowerState (FollowerState.java:run(117)) - 0c43bc72-d834-4758-b91b-4934a5dc7f3b@group-B5BEB8C9A630-FollowerState was interrupted: java.lang.InterruptedException: sleep interrupted
2019-10-22 04:20:14,867 [grpc-default-executor-3] INFO  impl.RaftServerImpl (RaftServerImpl.java:setRole(184)) - 39efaeea-ba86-4fd8-a10a-b7015b9eb4a1@group-B5BEB8C9A630: changes role from  FOLLOWER to FOLLOWER at term 7 for recognizeCandidate:601b4e43-fd2c-4737-8fdc-9e94860fc946
2019-10-22 04:20:14,868 [grpc-default-executor-3] INFO  impl.RoleInfo (RoleInfo.java:shutdownFollowerState(121)) - 39efaeea-ba86-4fd8-a10a-b7015b9eb4a1: shutdown FollowerState
2019-10-22 04:20:14,868 [grpc-default-executor-3] INFO  impl.RoleInfo (RoleInfo.java:updateAndGet(143)) - 39efaeea-ba86-4fd8-a10a-b7015b9eb4a1: start FollowerState
2019-10-22 04:20:14,868 [Thread-303] INFO  impl.FollowerState (FollowerState.java:run(117)) - 39efaeea-ba86-4fd8-a10a-b7015b9eb4a1@group-B5BEB8C9A630-FollowerState was interrupted: java.lang.InterruptedException: sleep interrupted
2019-10-22 04:20:14,892 [601b4e43-fd2c-4737-8fdc-9e94860fc946@group-B5BEB8C9A630-LeaderElection15] INFO  impl.LeaderElection (LeaderElection.java:logAndReturn(56)) - 601b4e43-fd2c-4737-8fdc-9e94860fc946@group-B5BEB8C9A630-LeaderElection15: Election REJECTED; received 2 response(s) [601b4e43-fd2c-4737-8fdc-9e94860fc946<-39efaeea-ba86-4fd8-a10a-b7015b9eb4a1#0:FAIL-t7, 601b4e43-fd2c-4737-8fdc-9e94860fc946<-0c43bc72-d834-4758-b91b-4934a5dc7f3b#0:FAIL-t7] and 0 exception(s); 601b4e43-fd2c-4737-8fdc-9e94860fc946@group-B5BEB8C9A630:t7, leader=null, voted=601b4e43-fd2c-4737-8fdc-9e94860fc946, raftlog=601b4e43-fd2c-4737-8fdc-9e94860fc946@group-B5BEB8C9A630-SegmentedRaftLog:OPENED:c-1,f-1,i0, conf=-1: [39efaeea-ba86-4fd8-a10a-b7015b9eb4a1:192.168.34.14:43496, 601b4e43-fd2c-4737-8fdc-9e94860fc946:192.168.34.14:37459, 0c43bc72-d834-4758-b91b-4934a5dc7f3b:192.168.34.14:33792], old=null
2019-10-22 04:20:14,892 [601b4e43-fd2c-4737-8fdc-9e94860fc946@group-B5BEB8C9A630-LeaderElection15] INFO  impl.RaftServerImpl (RaftServerImpl.java:setRole(184)) - 601b4e43-fd2c-4737-8fdc-9e94860fc946@group-B5BEB8C9A630: changes role from CANDIDATE to FOLLOWER at term 7 for DISCOVERED_A_NEW_TERM
2019-10-22 04:20:14,892 [601b4e43-fd2c-4737-8fdc-9e94860fc946@group-B5BEB8C9A630-LeaderElection15] INFO  impl.RoleInfo (RoleInfo.java:shutdownLeaderElection(134)) - 601b4e43-fd2c-4737-8fdc-9e94860fc946: shutdown LeaderElection
2019-10-22 04:20:14,892 [601b4e43-fd2c-4737-8fdc-9e94860fc946@group-B5BEB8C9A630-LeaderElection15] INFO  impl.RoleInfo (RoleInfo.java:updateAndGet(143)) - 601b4e43-fd2c-4737-8fdc-9e94860fc946: start FollowerState
2019-10-22 04:20:15,007 [Thread-311] INFO  impl.FollowerState (FollowerState.java:run(108)) - 601b4e43-fd2c-4737-8fdc-9e94860fc946@group-B5BEB8C9A630-FollowerState: change to CANDIDATE, lastRpcTime:114ms, electionTimeout:114ms
2019-10-22 04:20:15,008 [Thread-311] INFO  impl.RoleInfo (RoleInfo.java:shutdownFollowerState(121)) - 601b4e43-fd2c-4737-8fdc-9e94860fc946: shutdown FollowerState
2019-10-22 04:20:15,022 [Thread-311] INFO  impl.RaftServerImpl (RaftServerImpl.java:setRole(184)) - 601b4e43-fd2c-4737-8fdc-9e94860fc946@group-B5BEB8C9A630: changes role from  FOLLOWER to CANDIDATE at term 7 for changeToCandidate
2019-10-22 04:20:15,024 [Thread-311] INFO  impl.RoleInfo (RoleInfo.java:updateAndGet(143)) - 601b4e43-fd2c-4737-8fdc-9e94860fc946: start LeaderElection
2019-10-22 04:20:15,040 [601b4e43-fd2c-4737-8fdc-9e94860fc946@group-B5BEB8C9A630-LeaderElection16] INFO  impl.LeaderElection (LeaderElection.java:askForVotes(178)) - 601b4e43-fd2c-4737-8fdc-9e94860fc946@group-B5BEB8C9A630-LeaderElection16: begin an election at term 8 for -1: [39efaeea-ba86-4fd8-a10a-b7015b9eb4a1:192.168.34.14:43496, 601b4e43-fd2c-4737-8fdc-9e94860fc946:192.168.34.14:37459, 0c43bc72-d834-4758-b91b-4934a5dc7f3b:192.168.34.14:33792], old=null
2019-10-22 04:20:15,071 [grpc-default-executor-1] INFO  impl.RaftServerImpl (RaftServerImpl.java:setRole(184)) - 0c43bc72-d834-4758-b91b-4934a5dc7f3b@group-B5BEB8C9A630: changes role from  FOLLOWER to FOLLOWER at term 8 for recognizeCandidate:601b4e43-fd2c-4737-8fdc-9e94860fc946
2019-10-22 04:20:15,071 [grpc-default-executor-3] INFO  impl.RaftServerImpl (RaftServerImpl.java:setRole(184)) - 39efaeea-ba86-4fd8-a10a-b7015b9eb4a1@group-B5BEB8C9A630: changes role from  FOLLOWER to FOLLOWER at term 8 for recognizeCandidate:601b4e43-fd2c-4737-8fdc-9e94860fc946
2019-10-22 04:20:15,072 [grpc-default-executor-1] INFO  impl.RoleInfo (RoleInfo.java:shutdownFollowerState(121)) - 0c43bc72-d834-4758-b91b-4934a5dc7f3b: shutdown FollowerState
2019-10-22 04:20:15,072 [grpc-default-executor-3] INFO  impl.RoleInfo (RoleInfo.java:shutdownFollowerState(121)) - 39efaeea-ba86-4fd8-a10a-b7015b9eb4a1: shutdown FollowerState
2019-10-22 04:20:15,072 [Thread-309] INFO  impl.FollowerState (FollowerState.java:run(117)) - 0c43bc72-d834-4758-b91b-4934a5dc7f3b@group-B5BEB8C9A630-FollowerState was interrupted: java.lang.InterruptedException: sleep interrupted
2019-10-22 04:20:15,072 [grpc-default-executor-1] INFO  impl.RoleInfo (RoleInfo.java:updateAndGet(143)) - 0c43bc72-d834-4758-b91b-4934a5dc7f3b: start FollowerState
2019-10-22 04:20:15,072 [grpc-default-executor-3] INFO  impl.RoleInfo (RoleInfo.java:updateAndGet(143)) - 39efaeea-ba86-4fd8-a10a-b7015b9eb4a1: start FollowerState
2019-10-22 04:20:15,072 [Thread-310] INFO  impl.FollowerState (FollowerState.java:run(117)) - 39efaeea-ba86-4fd8-a10a-b7015b9eb4a1@group-B5BEB8C9A630-FollowerState was interrupted: java.lang.InterruptedException: sleep interrupted
2019-10-22 04:20:15,084 [601b4e43-fd2c-4737-8fdc-9e94860fc946@group-B5BEB8C9A630-LeaderElection16] INFO  impl.LeaderElection (LeaderElection.java:logAndReturn(56)) - 601b4e43-fd2c-4737-8fdc-9e94860fc946@group-B5BEB8C9A630-LeaderElection16: Election REJECTED; received 2 response(s) [601b4e43-fd2c-4737-8fdc-9e94860fc946<-39efaeea-ba86-4fd8-a10a-b7015b9eb4a1#0:FAIL-t8, 601b4e43-fd2c-4737-8fdc-9e94860fc946<-0c43bc72-d834-4758-b91b-4934a5dc7f3b#0:FAIL-t8] and 0 exception(s); 601b4e43-fd2c-4737-8fdc-9e94860fc946@group-B5BEB8C9A630:t8, leader=null, voted=601b4e43-fd2c-4737-8fdc-9e94860fc946, raftlog=601b4e43-fd2c-4737-8fdc-9e94860fc946@group-B5BEB8C9A630-SegmentedRaftLog:OPENED:c-1,f-1,i0, conf=-1: [39efaeea-ba86-4fd8-a10a-b7015b9eb4a1:192.168.34.14:43496, 601b4e43-fd2c-4737-8fdc-9e94860fc946:192.168.34.14:37459, 0c43bc72-d834-4758-b91b-4934a5dc7f3b:192.168.34.14:33792], old=null
2019-10-22 04:20:15,085 [601b4e43-fd2c-4737-8fdc-9e94860fc946@group-B5BEB8C9A630-LeaderElection16] INFO  impl.RaftServerImpl (RaftServerImpl.java:setRole(184)) - 601b4e43-fd2c-4737-8fdc-9e94860fc946@group-B5BEB8C9A630: changes role from CANDIDATE to FOLLOWER at term 8 for DISCOVERED_A_NEW_TERM
2019-10-22 04:20:15,085 [601b4e43-fd2c-4737-8fdc-9e94860fc946@group-B5BEB8C9A630-LeaderElection16] INFO  impl.RoleInfo (RoleInfo.java:shutdownLeaderElection(134)) - 601b4e43-fd2c-4737-8fdc-9e94860fc946: shutdown LeaderElection
2019-10-22 04:20:15,085 [601b4e43-fd2c-4737-8fdc-9e94860fc946@group-B5BEB8C9A630-LeaderElection16] INFO  impl.RoleInfo (RoleInfo.java:updateAndGet(143)) - 601b4e43-fd2c-4737-8fdc-9e94860fc946: start FollowerState
2019-10-22 04:20:15,243 [Thread-326] INFO  impl.FollowerState (FollowerState.java:run(108)) - 601b4e43-fd2c-4737-8fdc-9e94860fc946@group-B5BEB8C9A630-FollowerState: change to CANDIDATE, lastRpcTime:158ms, electionTimeout:158ms
2019-10-22 04:20:15,244 [Thread-326] INFO  impl.RoleInfo (RoleInfo.java:shutdownFollowerState(121)) - 601b4e43-fd2c-4737-8fdc-9e94860fc946: shutdown FollowerState
2019-10-22 04:20:15,244 [Thread-326] INFO  impl.RaftServerImpl (RaftServerImpl.java:setRole(184)) - 601b4e43-fd2c-4737-8fdc-9e94860fc946@group-B5BEB8C9A630: changes role from  FOLLOWER to CANDIDATE at term 8 for changeToCandidate
2019-10-22 04:20:15,245 [Thread-326] INFO  impl.RoleInfo (RoleInfo.java:updateAndGet(143)) - 601b4e43-fd2c-4737-8fdc-9e94860fc946: start LeaderElection
2019-10-22 04:20:15,251 [601b4e43-fd2c-4737-8fdc-9e94860fc946@group-B5BEB8C9A630-LeaderElection17] INFO  impl.LeaderElection (LeaderElection.java:askForVotes(178)) - 601b4e43-fd2c-4737-8fdc-9e94860fc946@group-B5BEB8C9A630-LeaderElection17: begin an election at term 9 for -1: [39efaeea-ba86-4fd8-a10a-b7015b9eb4a1:192.168.34.14:43496, 601b4e43-fd2c-4737-8fdc-9e94860fc946:192.168.34.14:37459, 0c43bc72-d834-4758-b91b-4934a5dc7f3b:192.168.34.14:33792], old=null
2019-10-22 04:20:15,258 [grpc-default-executor-1] INFO  impl.RaftServerImpl (RaftServerImpl.java:setRole(184)) - 39efaeea-ba86-4fd8-a10a-b7015b9eb4a1@group-B5BEB8C9A630: changes role from  FOLLOWER to FOLLOWER at term 9 for recognizeCandidate:601b4e43-fd2c-4737-8fdc-9e94860fc946
2019-10-22 04:20:15,258 [grpc-default-executor-1] INFO  impl.RoleInfo (RoleInfo.java:shutdownFollowerState(121)) - 39efaeea-ba86-4fd8-a10a-b7015b9eb4a1: shutdown FollowerState
2019-10-22 04:20:15,258 [grpc-default-executor-1] INFO  impl.RoleInfo (RoleInfo.java:updateAndGet(143)) - 39efaeea-ba86-4fd8-a10a-b7015b9eb4a1: start FollowerState
2019-10-22 04:20:15,258 [grpc-default-executor-4] INFO  impl.RaftServerImpl (RaftServerImpl.java:setRole(184)) - 0c43bc72-d834-4758-b91b-4934a5dc7f3b@group-B5BEB8C9A630: changes role from  FOLLOWER to FOLLOWER at term 9 for recognizeCandidate:601b4e43-fd2c-4737-8fdc-9e94860fc946
2019-10-22 04:20:15,259 [grpc-default-executor-4] INFO  impl.RoleInfo (RoleInfo.java:shutdownFollowerState(121)) - 0c43bc72-d834-4758-b91b-4934a5dc7f3b: shutdown FollowerState
2019-10-22 04:20:15,258 [Thread-320] INFO  impl.FollowerState (FollowerState.java:run(117)) - 39efaeea-ba86-4fd8-a10a-b7015b9eb4a1@group-B5BEB8C9A630-FollowerState was interrupted: java.lang.InterruptedException: sleep interrupted
2019-10-22 04:20:15,259 [Thread-319] INFO  impl.FollowerState (FollowerState.java:run(117)) - 0c43bc72-d834-4758-b91b-4934a5dc7f3b@group-B5BEB8C9A630-FollowerState was interrupted: java.lang.InterruptedException: sleep interrupted
2019-10-22 04:20:15,259 [grpc-default-executor-4] INFO  impl.RoleInfo (RoleInfo.java:updateAndGet(143)) - 0c43bc72-d834-4758-b91b-4934a5dc7f3b: start FollowerState
2019-10-22 04:20:15,268 [601b4e43-fd2c-4737-8fdc-9e94860fc946@group-B5BEB8C9A630-LeaderElection17] INFO  impl.LeaderElection (LeaderElection.java:logAndReturn(56)) - 601b4e43-fd2c-4737-8fdc-9e94860fc946@group-B5BEB8C9A630-LeaderElection17: Election TIMEOUT; received 0 response(s) [] and 0 exception(s); 601b4e43-fd2c-4737-8fdc-9e94860fc946@group-B5BEB8C9A630:t9, leader=null, voted=601b4e43-fd2c-4737-8fdc-9e94860fc946, raftlog=601b4e43-fd2c-4737-8fdc-9e94860fc946@group-B5BEB8C9A630-SegmentedRaftLog:OPENED:c-1,f-1,i0, conf=-1: [39efaeea-ba86-4fd8-a10a-b7015b9eb4a1:192.168.34.14:43496, 601b4e43-fd2c-4737-8fdc-9e94860fc946:192.168.34.14:37459, 0c43bc72-d834-4758-b91b-4934a5dc7f3b:192.168.34.14:33792], old=null
2019-10-22 04:20:15,272 [601b4e43-fd2c-4737-8fdc-9e94860fc946@group-B5BEB8C9A630-LeaderElection17] INFO  impl.LeaderElection (LeaderElection.java:askForVotes(178)) - 601b4e43-fd2c-4737-8fdc-9e94860fc946@group-B5BEB8C9A630-LeaderElection17: begin an election at term 10 for -1: [39efaeea-ba86-4fd8-a10a-b7015b9eb4a1:192.168.34.14:43496, 601b4e43-fd2c-4737-8fdc-9e94860fc946:192.168.34.14:37459, 0c43bc72-d834-4758-b91b-4934a5dc7f3b:192.168.34.14:33792], old=null
2019-10-22 04:20:15,276 [grpc-default-executor-4] INFO  impl.RaftServerImpl (RaftServerImpl.java:setRole(184)) - 39efaeea-ba86-4fd8-a10a-b7015b9eb4a1@group-B5BEB8C9A630: changes role from  FOLLOWER to FOLLOWER at term 10 for recognizeCandidate:601b4e43-fd2c-4737-8fdc-9e94860fc946
2019-10-22 04:20:15,276 [grpc-default-executor-4] INFO  impl.RoleInfo (RoleInfo.java:shutdownFollowerState(121)) - 39efaeea-ba86-4fd8-a10a-b7015b9eb4a1: shutdown FollowerState
2019-10-22 04:20:15,277 [Thread-344] INFO  impl.FollowerState (FollowerState.java:run(117)) - 39efaeea-ba86-4fd8-a10a-b7015b9eb4a1@group-B5BEB8C9A630-FollowerState was interrupted: java.lang.InterruptedException: sleep interrupted
2019-10-22 04:20:15,277 [grpc-default-executor-4] INFO  impl.RoleInfo (RoleInfo.java:updateAndGet(143)) - 39efaeea-ba86-4fd8-a10a-b7015b9eb4a1: start FollowerState
2019-10-22 04:20:15,278 [grpc-default-executor-2] INFO  impl.RaftServerImpl (RaftServerImpl.java:setRole(184)) - 0c43bc72-d834-4758-b91b-4934a5dc7f3b@group-B5BEB8C9A630: changes role from  FOLLOWER to FOLLOWER at term 10 for recognizeCandidate:601b4e43-fd2c-4737-8fdc-9e94860fc946
2019-10-22 04:20:15,278 [grpc-default-executor-2] INFO  impl.RoleInfo (RoleInfo.java:shutdownFollowerState(121)) - 0c43bc72-d834-4758-b91b-4934a5dc7f3b: shutdown FollowerState
2019-10-22 04:20:15,278 [Thread-345] INFO  impl.FollowerState (FollowerState.java:run(117)) - 0c43bc72-d834-4758-b91b-4934a5dc7f3b@group-B5BEB8C9A630-FollowerState was interrupted: java.lang.InterruptedException: sleep interrupted
2019-10-22 04:20:15,278 [grpc-default-executor-2] INFO  impl.RoleInfo (RoleInfo.java:updateAndGet(143)) - 0c43bc72-d834-4758-b91b-4934a5dc7f3b: start FollowerState
2019-10-22 04:20:15,295 [601b4e43-fd2c-4737-8fdc-9e94860fc946@group-B5BEB8C9A630-LeaderElection17] INFO  impl.LeaderElection (LeaderElection.java:logAndReturn(56)) - 601b4e43-fd2c-4737-8fdc-9e94860fc946@group-B5BEB8C9A630-LeaderElection17: Election REJECTED; received 2 response(s) [601b4e43-fd2c-4737-8fdc-9e94860fc946<-39efaeea-ba86-4fd8-a10a-b7015b9eb4a1#0:FAIL-t10, 601b4e43-fd2c-4737-8fdc-9e94860fc946<-0c43bc72-d834-4758-b91b-4934a5dc7f3b#0:FAIL-t10] and 0 exception(s); 601b4e43-fd2c-4737-8fdc-9e94860fc946@group-B5BEB8C9A630:t10, leader=null, voted=601b4e43-fd2c-4737-8fdc-9e94860fc946, raftlog=601b4e43-fd2c-4737-8fdc-9e94860fc946@group-B5BEB8C9A630-SegmentedRaftLog:OPENED:c-1,f-1,i0, conf=-1: [39efaeea-ba86-4fd8-a10a-b7015b9eb4a1:192.168.34.14:43496, 601b4e43-fd2c-4737-8fdc-9e94860fc946:192.168.34.14:37459, 0c43bc72-d834-4758-b91b-4934a5dc7f3b:192.168.34.14:33792], old=null
2019-10-22 04:20:15,295 [601b4e43-fd2c-4737-8fdc-9e94860fc946@group-B5BEB8C9A630-LeaderElection17] INFO  impl.RaftServerImpl (RaftServerImpl.java:setRole(184)) - 601b4e43-fd2c-4737-8fdc-9e94860fc946@group-B5BEB8C9A630: changes role from CANDIDATE to FOLLOWER at term 10 for DISCOVERED_A_NEW_TERM
2019-10-22 04:20:15,295 [601b4e43-fd2c-4737-8fdc-9e94860fc946@group-B5BEB8C9A630-LeaderElection17] INFO  impl.RoleInfo (RoleInfo.java:shutdownLeaderElection(134)) - 601b4e43-fd2c-4737-8fdc-9e94860fc946: shutdown LeaderElection
2019-10-22 04:20:15,295 [601b4e43-fd2c-4737-8fdc-9e94860fc946@group-B5BEB8C9A630-LeaderElection17] INFO  impl.RoleInfo (RoleInfo.java:updateAndGet(143)) - 601b4e43-fd2c-4737-8fdc-9e94860fc946: start FollowerState
2019-10-22 04:20:15,335 [Thread-351] INFO  impl.FollowerState (FollowerState.java:run(108)) - 601b4e43-fd2c-4737-8fdc-9e94860fc946@group-B5BEB8C9A630-FollowerState: change to CANDIDATE, lastRpcTime:39ms, electionTimeout:39ms
2019-10-22 04:20:15,337 [Thread-351] INFO  impl.RoleInfo (RoleInfo.java:shutdownFollowerState(121)) - 601b4e43-fd2c-4737-8fdc-9e94860fc946: shutdown FollowerState
2019-10-22 04:20:15,338 [Thread-351] INFO  impl.RaftServerImpl (RaftServerImpl.java:setRole(184)) - 601b4e43-fd2c-4737-8fdc-9e94860fc946@group-B5BEB8C9A630: changes role from  FOLLOWER to CANDIDATE at term 10 for changeToCandidate
2019-10-22 04:20:15,338 [Thread-351] INFO  impl.RoleInfo (RoleInfo.java:updateAndGet(143)) - 601b4e43-fd2c-4737-8fdc-9e94860fc946: start LeaderElection
2019-10-22 04:20:15,354 [601b4e43-fd2c-4737-8fdc-9e94860fc946@group-B5BEB8C9A630-LeaderElection18] INFO  impl.LeaderElection (LeaderElection.java:askForVotes(178)) - 601b4e43-fd2c-4737-8fdc-9e94860fc946@group-B5BEB8C9A630-LeaderElection18: begin an election at term 11 for -1: [39efaeea-ba86-4fd8-a10a-b7015b9eb4a1:192.168.34.14:43496, 601b4e43-fd2c-4737-8fdc-9e94860fc946:192.168.34.14:37459, 0c43bc72-d834-4758-b91b-4934a5dc7f3b:192.168.34.14:33792], old=null
2019-10-22 04:20:15,357 [grpc-default-executor-4] INFO  impl.RaftServerImpl (RaftServerImpl.java:setRole(184)) - 39efaeea-ba86-4fd8-a10a-b7015b9eb4a1@group-B5BEB8C9A630: changes role from  FOLLOWER to FOLLOWER at term 11 for recognizeCandidate:601b4e43-fd2c-4737-8fdc-9e94860fc946
2019-10-22 04:20:15,357 [grpc-default-executor-4] INFO  impl.RoleInfo (RoleInfo.java:shutdownFollowerState(121)) - 39efaeea-ba86-4fd8-a10a-b7015b9eb4a1: shutdown FollowerState
2019-10-22 04:20:15,358 [grpc-default-executor-4] INFO  impl.RoleInfo (RoleInfo.java:updateAndGet(143)) - 39efaeea-ba86-4fd8-a10a-b7015b9eb4a1: start FollowerState
2019-10-22 04:20:15,358 [Thread-349] INFO  impl.FollowerState (FollowerState.java:run(117)) - 39efaeea-ba86-4fd8-a10a-b7015b9eb4a1@group-B5BEB8C9A630-FollowerState was interrupted: java.lang.InterruptedException: sleep interrupted
2019-10-22 04:20:15,358 [grpc-default-executor-3] INFO  impl.RaftServerImpl (RaftServerImpl.java:setRole(184)) - 0c43bc72-d834-4758-b91b-4934a5dc7f3b@group-B5BEB8C9A630: changes role from  FOLLOWER to FOLLOWER at term 11 for recognizeCandidate:601b4e43-fd2c-4737-8fdc-9e94860fc946
2019-10-22 04:20:15,359 [grpc-default-executor-3] INFO  impl.RoleInfo (RoleInfo.java:shutdownFollowerState(121)) - 0c43bc72-d834-4758-b91b-4934a5dc7f3b: shutdown FollowerState
2019-10-22 04:20:15,359 [grpc-default-executor-3] INFO  impl.RoleInfo (RoleInfo.java:updateAndGet(143)) - 0c43bc72-d834-4758-b91b-4934a5dc7f3b: start FollowerState
2019-10-22 04:20:15,359 [Thread-350] INFO  impl.FollowerState (FollowerState.java:run(117)) - 0c43bc72-d834-4758-b91b-4934a5dc7f3b@group-B5BEB8C9A630-FollowerState was interrupted: java.lang.InterruptedException: sleep interrupted
2019-10-22 04:20:15,371 [601b4e43-fd2c-4737-8fdc-9e94860fc946@group-B5BEB8C9A630-LeaderElection18] INFO  impl.LeaderElection (LeaderElection.java:logAndReturn(56)) - 601b4e43-fd2c-4737-8fdc-9e94860fc946@group-B5BEB8C9A630-LeaderElection18: Election REJECTED; received 2 response(s) [601b4e43-fd2c-4737-8fdc-9e94860fc946<-39efaeea-ba86-4fd8-a10a-b7015b9eb4a1#0:FAIL-t11, 601b4e43-fd2c-4737-8fdc-9e94860fc946<-0c43bc72-d834-4758-b91b-4934a5dc7f3b#0:FAIL-t11] and 0 exception(s); 601b4e43-fd2c-4737-8fdc-9e94860fc946@group-B5BEB8C9A630:t11, leader=null, voted=601b4e43-fd2c-4737-8fdc-9e94860fc946, raftlog=601b4e43-fd2c-4737-8fdc-9e94860fc946@group-B5BEB8C9A630-SegmentedRaftLog:OPENED:c-1,f-1,i0, conf=-1: [39efaeea-ba86-4fd8-a10a-b7015b9eb4a1:192.168.34.14:43496, 601b4e43-fd2c-4737-8fdc-9e94860fc946:192.168.34.14:37459, 0c43bc72-d834-4758-b91b-4934a5dc7f3b:192.168.34.14:33792], old=null
2019-10-22 04:20:15,371 [601b4e43-fd2c-4737-8fdc-9e94860fc946@group-B5BEB8C9A630-LeaderElection18] INFO  impl.RaftServerImpl (RaftServerImpl.java:setRole(184)) - 601b4e43-fd2c-4737-8fdc-9e94860fc946@group-B5BEB8C9A630: changes role from CANDIDATE to FOLLOWER at term 11 for DISCOVERED_A_NEW_TERM
2019-10-22 04:20:15,372 [601b4e43-fd2c-4737-8fdc-9e94860fc946@group-B5BEB8C9A630-LeaderElection18] INFO  impl.RoleInfo (RoleInfo.java:shutdownLeaderElection(134)) - 601b4e43-fd2c-4737-8fdc-9e94860fc946: shutdown LeaderElection
2019-10-22 04:20:15,372 [601b4e43-fd2c-4737-8fdc-9e94860fc946@group-B5BEB8C9A630-LeaderElection18] INFO  impl.RoleInfo (RoleInfo.java:updateAndGet(143)) - 601b4e43-fd2c-4737-8fdc-9e94860fc946: start FollowerState
2019-10-22 04:20:15,419 [Thread-378] INFO  impl.FollowerState (FollowerState.java:run(108)) - 601b4e43-fd2c-4737-8fdc-9e94860fc946@group-B5BEB8C9A630-FollowerState: change to CANDIDATE, lastRpcTime:47ms, electionTimeout:46ms
2019-10-22 04:20:15,420 [Thread-378] INFO  impl.RoleInfo (RoleInfo.java:shutdownFollowerState(121)) - 601b4e43-fd2c-4737-8fdc-9e94860fc946: shutdown FollowerState
2019-10-22 04:20:15,420 [Thread-378] INFO  impl.RaftServerImpl (RaftServerImpl.java:setRole(184)) - 601b4e43-fd2c-4737-8fdc-9e94860fc946@group-B5BEB8C9A630: changes role from  FOLLOWER to CANDIDATE at term 11 for changeToCandidate
2019-10-22 04:20:15,421 [Thread-378] INFO  impl.RoleInfo (RoleInfo.java:updateAndGet(143)) - 601b4e43-fd2c-4737-8fdc-9e94860fc946: start LeaderElection
2019-10-22 04:20:15,434 [601b4e43-fd2c-4737-8fdc-9e94860fc946@group-B5BEB8C9A630-LeaderElection19] INFO  impl.LeaderElection (LeaderElection.java:askForVotes(178)) - 601b4e43-fd2c-4737-8fdc-9e94860fc946@group-B5BEB8C9A630-LeaderElection19: begin an election at term 12 for -1: [39efaeea-ba86-4fd8-a10a-b7015b9eb4a1:192.168.34.14:43496, 601b4e43-fd2c-4737-8fdc-9e94860fc946:192.168.34.14:37459, 0c43bc72-d834-4758-b91b-4934a5dc7f3b:192.168.34.14:33792], old=null
2019-10-22 04:20:15,437 [grpc-default-executor-3] INFO  impl.RaftServerImpl (RaftServerImpl.java:setRole(184)) - 0c43bc72-d834-4758-b91b-4934a5dc7f3b@group-B5BEB8C9A630: changes role from  FOLLOWER to FOLLOWER at term 12 for recognizeCandidate:601b4e43-fd2c-4737-8fdc-9e94860fc946
2019-10-22 04:20:15,437 [grpc-default-executor-4] INFO  impl.RaftServerImpl (RaftServerImpl.java:setRole(184)) - 39efaeea-ba86-4fd8-a10a-b7015b9eb4a1@group-B5BEB8C9A630: changes role from  FOLLOWER to FOLLOWER at term 12 for recognizeCandidate:601b4e43-fd2c-4737-8fdc-9e94860fc946
2019-10-22 04:20:15,438 [grpc-default-executor-3] INFO  impl.RoleInfo (RoleInfo.java:shutdownFollowerState(121)) - 0c43bc72-d834-4758-b91b-4934a5dc7f3b: shutdown FollowerState
2019-10-22 04:20:15,438 [grpc-default-executor-4] INFO  impl.RoleInfo (RoleInfo.java:shutdownFollowerState(121)) - 39efaeea-ba86-4fd8-a10a-b7015b9eb4a1: shutdown FollowerState
2019-10-22 04:20:15,438 [Thread-368] INFO  impl.FollowerState (FollowerState.java:run(117)) - 0c43bc72-d834-4758-b91b-4934a5dc7f3b@group-B5BEB8C9A630-FollowerState was interrupted: java.lang.InterruptedException: sleep interrupted
2019-10-22 04:20:15,438 [grpc-default-executor-4] INFO  impl.RoleInfo (RoleInfo.java:updateAndGet(143)) - 39efaeea-ba86-4fd8-a10a-b7015b9eb4a1: start FollowerState
2019-10-22 04:20:15,438 [grpc-default-executor-3] INFO  impl.RoleInfo (RoleInfo.java:updateAndGet(143)) - 0c43bc72-d834-4758-b91b-4934a5dc7f3b: start FollowerState
2019-10-22 04:20:15,438 [Thread-367] INFO  impl.FollowerState (FollowerState.java:run(117)) - 39efaeea-ba86-4fd8-a10a-b7015b9eb4a1@group-B5BEB8C9A630-FollowerState was interrupted: java.lang.InterruptedException: sleep interrupted
2019-10-22 04:20:15,453 [601b4e43-fd2c-4737-8fdc-9e94860fc946@group-B5BEB8C9A630-LeaderElection19] INFO  impl.LeaderElection (LeaderElection.java:logAndReturn(56)) - 601b4e43-fd2c-4737-8fdc-9e94860fc946@group-B5BEB8C9A630-LeaderElection19: Election REJECTED; received 2 response(s) [601b4e43-fd2c-4737-8fdc-9e94860fc946<-39efaeea-ba86-4fd8-a10a-b7015b9eb4a1#0:FAIL-t12, 601b4e43-fd2c-4737-8fdc-9e94860fc946<-0c43bc72-d834-4758-b91b-4934a5dc7f3b#0:FAIL-t12] and 0 exception(s); 601b4e43-fd2c-4737-8fdc-9e94860fc946@group-B5BEB8C9A630:t12, leader=null, voted=601b4e43-fd2c-4737-8fdc-9e94860fc946, raftlog=601b4e43-fd2c-4737-8fdc-9e94860fc946@group-B5BEB8C9A630-SegmentedRaftLog:OPENED:c-1,f-1,i0, conf=-1: [39efaeea-ba86-4fd8-a10a-b7015b9eb4a1:192.168.34.14:43496, 601b4e43-fd2c-4737-8fdc-9e94860fc946:192.168.34.14:37459, 0c43bc72-d834-4758-b91b-4934a5dc7f3b:192.168.34.14:33792], old=null
2019-10-22 04:20:15,453 [601b4e43-fd2c-4737-8fdc-9e94860fc946@group-B5BEB8C9A630-LeaderElection19] INFO  impl.RaftServerImpl (RaftServerImpl.java:setRole(184)) - 601b4e43-fd2c-4737-8fdc-9e94860fc946@group-B5BEB8C9A630: changes role from CANDIDATE to FOLLOWER at term 12 for DISCOVERED_A_NEW_TERM
2019-10-22 04:20:15,453 [601b4e43-fd2c-4737-8fdc-9e94860fc946@group-B5BEB8C9A630-LeaderElection19] INFO  impl.RoleInfo (RoleInfo.java:shutdownLeaderElection(134)) - 601b4e43-fd2c-4737-8fdc-9e94860fc946: shutdown LeaderElection
2019-10-22 04:20:15,453 [601b4e43-fd2c-4737-8fdc-9e94860fc946@group-B5BEB8C9A630-LeaderElection19] INFO  impl.RoleInfo (RoleInfo.java:updateAndGet(143)) - 601b4e43-fd2c-4737-8fdc-9e94860fc946: start FollowerState
2019-10-22 04:20:15,516 [Thread-387] INFO  impl.FollowerState (FollowerState.java:run(108)) - 601b4e43-fd2c-4737-8fdc-9e94860fc946@group-B5BEB8C9A630-FollowerState: change to CANDIDATE, lastRpcTime:62ms, electionTimeout:62ms
2019-10-22 04:20:15,516 [Thread-387] INFO  impl.RoleInfo (RoleInfo.java:shutdownFollowerState(121)) - 601b4e43-fd2c-4737-8fdc-9e94860fc946: shutdown FollowerState
2019-10-22 04:20:15,517 [Thread-387] INFO  impl.RaftServerImpl (RaftServerImpl.java:setRole(184)) - 601b4e43-fd2c-4737-8fdc-9e94860fc946@group-B5BEB8C9A630: changes role from  FOLLOWER to CANDIDATE at term 12 for changeToCandidate
2019-10-22 04:20:15,517 [Thread-387] INFO  impl.RoleInfo (RoleInfo.java:updateAndGet(143)) - 601b4e43-fd2c-4737-8fdc-9e94860fc946: start LeaderElection
 0.00% |?                                                                                                    |  0/1 Time: 0:00:072019-10-22 04:20:15,532 [601b4e43-fd2c-4737-8fdc-9e94860fc946@group-B5BEB8C9A630-LeaderElection20] INFO  impl.LeaderElection (LeaderElection.java:askForVotes(178)) - 601b4e43-fd2c-4737-8fdc-9e94860fc946@group-B5BEB8C9A630-LeaderElection20: begin an election at term 13 for -1: [39efaeea-ba86-4fd8-a10a-b7015b9eb4a1:192.168.34.14:43496, 601b4e43-fd2c-4737-8fdc-9e94860fc946:192.168.34.14:37459, 0c43bc72-d834-4758-b91b-4934a5dc7f3b:192.168.34.14:33792], old=null
2019-10-22 04:20:15,534 [grpc-default-executor-1] INFO  impl.RaftServerImpl (RaftServerImpl.java:setRole(184)) - 0c43bc72-d834-4758-b91b-4934a5dc7f3b@group-B5BEB8C9A630: changes role from  FOLLOWER to FOLLOWER at term 13 for recognizeCandidate:601b4e43-fd2c-4737-8fdc-9e94860fc946
2019-10-22 04:20:15,534 [grpc-default-executor-1] INFO  impl.RoleInfo (RoleInfo.java:shutdownFollowerState(121)) - 0c43bc72-d834-4758-b91b-4934a5dc7f3b: shutdown FollowerState
2019-10-22 04:20:15,534 [grpc-default-executor-3] INFO  impl.RaftServerImpl (RaftServerImpl.java:setRole(184)) - 39efaeea-ba86-4fd8-a10a-b7015b9eb4a1@group-B5BEB8C9A630: changes role from  FOLLOWER to FOLLOWER at term 13 for recognizeCandidate:601b4e43-fd2c-4737-8fdc-9e94860fc946
2019-10-22 04:20:15,535 [Thread-385] INFO  impl.FollowerState (FollowerState.java:run(117)) - 0c43bc72-d834-4758-b91b-4934a5dc7f3b@group-B5BEB8C9A630-FollowerState was interrupted: java.lang.InterruptedException: sleep interrupted
2019-10-22 04:20:15,535 [grpc-default-executor-1] INFO  impl.RoleInfo (RoleInfo.java:updateAndGet(143)) - 0c43bc72-d834-4758-b91b-4934a5dc7f3b: start FollowerState
2019-10-22 04:20:15,535 [grpc-default-executor-3] INFO  impl.RoleInfo (RoleInfo.java:shutdownFollowerState(121)) - 39efaeea-ba86-4fd8-a10a-b7015b9eb4a1: shutdown FollowerState
2019-10-22 04:20:15,535 [grpc-default-executor-3] INFO  impl.RoleInfo (RoleInfo.java:updateAndGet(143)) - 39efaeea-ba86-4fd8-a10a-b7015b9eb4a1: start FollowerState
2019-10-22 04:20:15,535 [Thread-386] INFO  impl.FollowerState (FollowerState.java:run(117)) - 39efaeea-ba86-4fd8-a10a-b7015b9eb4a1@group-B5BEB8C9A630-FollowerState was interrupted: java.lang.InterruptedException: sleep interrupted
2019-10-22 04:20:15,571 [601b4e43-fd2c-4737-8fdc-9e94860fc946@group-B5BEB8C9A630-LeaderElection20] INFO  impl.LeaderElection (LeaderElection.java:logAndReturn(56)) - 601b4e43-fd2c-4737-8fdc-9e94860fc946@group-B5BEB8C9A630-LeaderElection20: Election REJECTED; received 2 response(s) [601b4e43-fd2c-4737-8fdc-9e94860fc946<-39efaeea-ba86-4fd8-a10a-b7015b9eb4a1#0:FAIL-t13, 601b4e43-fd2c-4737-8fdc-9e94860fc946<-0c43bc72-d834-4758-b91b-4934a5dc7f3b#0:FAIL-t13] and 0 exception(s); 601b4e43-fd2c-4737-8fdc-9e94860fc946@group-B5BEB8C9A630:t13, leader=null, voted=601b4e43-fd2c-4737-8fdc-9e94860fc946, raftlog=601b4e43-fd2c-4737-8fdc-9e94860fc946@group-B5BEB8C9A630-SegmentedRaftLog:OPENED:c-1,f-1,i0, conf=-1: [39efaeea-ba86-4fd8-a10a-b7015b9eb4a1:192.168.34.14:43496, 601b4e43-fd2c-4737-8fdc-9e94860fc946:192.168.34.14:37459, 0c43bc72-d834-4758-b91b-4934a5dc7f3b:192.168.34.14:33792], old=null
2019-10-22 04:20:15,571 [601b4e43-fd2c-4737-8fdc-9e94860fc946@group-B5BEB8C9A630-LeaderElection20] INFO  impl.RaftServerImpl (RaftServerImpl.java:setRole(184)) - 601b4e43-fd2c-4737-8fdc-9e94860fc946@group-B5BEB8C9A630: changes role from CANDIDATE to FOLLOWER at term 13 for DISCOVERED_A_NEW_TERM
2019-10-22 04:20:15,571 [601b4e43-fd2c-4737-8fdc-9e94860fc946@group-B5BEB8C9A630-LeaderElection20] INFO  impl.RoleInfo (RoleInfo.java:shutdownLeaderElection(134)) - 601b4e43-fd2c-4737-8fdc-9e94860fc946: shutdown LeaderElection
2019-10-22 04:20:15,571 [601b4e43-fd2c-4737-8fdc-9e94860fc946@group-B5BEB8C9A630-LeaderElection20] INFO  impl.RoleInfo (RoleInfo.java:updateAndGet(143)) - 601b4e43-fd2c-4737-8fdc-9e94860fc946: start FollowerState
2019-10-22 04:20:15,766 [Thread-413] INFO  impl.FollowerState (FollowerState.java:run(108)) - 601b4e43-fd2c-4737-8fdc-9e94860fc946@group-B5BEB8C9A630-FollowerState: change to CANDIDATE, lastRpcTime:194ms, electionTimeout:194ms
2019-10-22 04:20:15,767 [Thread-413] INFO  impl.RoleInfo (RoleInfo.java:shutdownFollowerState(121)) - 601b4e43-fd2c-4737-8fdc-9e94860fc946: shutdown FollowerState
2019-10-22 04:20:15,768 [Thread-413] INFO  impl.RaftServerImpl (RaftServerImpl.java:setRole(184)) - 601b4e43-fd2c-4737-8fdc-9e94860fc946@group-B5BEB8C9A630: changes role from  FOLLOWER to CANDIDATE at term 13 for changeToCandidate
2019-10-22 04:20:15,768 [Thread-413] INFO  impl.RoleInfo (RoleInfo.java:updateAndGet(143)) - 601b4e43-fd2c-4737-8fdc-9e94860fc946: start LeaderElection
2019-10-22 04:20:15,818 [601b4e43-fd2c-4737-8fdc-9e94860fc946@group-B5BEB8C9A630-LeaderElection21] INFO  impl.LeaderElection (LeaderElection.java:askForVotes(178)) - 601b4e43-fd2c-4737-8fdc-9e94860fc946@group-B5BEB8C9A630-LeaderElection21: begin an election at term 14 for -1: [39efaeea-ba86-4fd8-a10a-b7015b9eb4a1:192.168.34.14:43496, 601b4e43-fd2c-4737-8fdc-9e94860fc946:192.168.34.14:37459, 0c43bc72-d834-4758-b91b-4934a5dc7f3b:192.168.34.14:33792], old=null
2019-10-22 04:20:15,822 [grpc-default-executor-3] INFO  impl.RaftServerImpl (RaftServerImpl.java:setRole(184)) - 39efaeea-ba86-4fd8-a10a-b7015b9eb4a1@group-B5BEB8C9A630: changes role from  FOLLOWER to FOLLOWER at term 14 for recognizeCandidate:601b4e43-fd2c-4737-8fdc-9e94860fc946
2019-10-22 04:20:15,822 [grpc-default-executor-1] INFO  impl.RaftServerImpl (RaftServerImpl.java:setRole(184)) - 0c43bc72-d834-4758-b91b-4934a5dc7f3b@group-B5BEB8C9A630: changes role from  FOLLOWER to FOLLOWER at term 14 for recognizeCandidate:601b4e43-fd2c-4737-8fdc-9e94860fc946
2019-10-22 04:20:15,822 [grpc-default-executor-3] INFO  impl.RoleInfo (RoleInfo.java:shutdownFollowerState(121)) - 39efaeea-ba86-4fd8-a10a-b7015b9eb4a1: shutdown FollowerState
2019-10-22 04:20:15,822 [grpc-default-executor-1] INFO  impl.RoleInfo (RoleInfo.java:shutdownFollowerState(121)) - 0c43bc72-d834-4758-b91b-4934a5dc7f3b: shutdown FollowerState
2019-10-22 04:20:15,822 [grpc-default-executor-3] INFO  impl.RoleInfo (RoleInfo.java:updateAndGet(143)) - 39efaeea-ba86-4fd8-a10a-b7015b9eb4a1: start FollowerState
2019-10-22 04:20:15,822 [Thread-412] INFO  impl.FollowerState (FollowerState.java:run(117)) - 39efaeea-ba86-4fd8-a10a-b7015b9eb4a1@group-B5BEB8C9A630-FollowerState was interrupted: java.lang.InterruptedException: sleep interrupted
2019-10-22 04:20:15,823 [Thread-411] INFO  impl.FollowerState (FollowerState.java:run(117)) - 0c43bc72-d834-4758-b91b-4934a5dc7f3b@group-B5BEB8C9A630-FollowerState was interrupted: java.lang.InterruptedException: sleep interrupted
2019-10-22 04:20:15,823 [grpc-default-executor-1] INFO  impl.RoleInfo (RoleInfo.java:updateAndGet(143)) - 0c43bc72-d834-4758-b91b-4934a5dc7f3b: start FollowerState
2019-10-22 04:20:15,836 [601b4e43-fd2c-4737-8fdc-9e94860fc946@group-B5BEB8C9A630-LeaderElection21] INFO  impl.LeaderElection (LeaderElection.java:logAndReturn(56)) - 601b4e43-fd2c-4737-8fdc-9e94860fc946@group-B5BEB8C9A630-LeaderElection21: Election REJECTED; received 2 response(s) [601b4e43-fd2c-4737-8fdc-9e94860fc946<-39efaeea-ba86-4fd8-a10a-b7015b9eb4a1#0:FAIL-t14, 601b4e43-fd2c-4737-8fdc-9e94860fc946<-0c43bc72-d834-4758-b91b-4934a5dc7f3b#0:FAIL-t14] and 0 exception(s); 601b4e43-fd2c-4737-8fdc-9e94860fc946@group-B5BEB8C9A630:t14, leader=null, voted=601b4e43-fd2c-4737-8fdc-9e94860fc946, raftlog=601b4e43-fd2c-4737-8fdc-9e94860fc946@group-B5BEB8C9A630-SegmentedRaftLog:OPENED:c-1,f-1,i0, conf=-1: [39efaeea-ba86-4fd8-a10a-b7015b9eb4a1:192.168.34.14:43496, 601b4e43-fd2c-4737-8fdc-9e94860fc946:192.168.34.14:37459, 0c43bc72-d834-4758-b91b-4934a5dc7f3b:192.168.34.14:33792], old=null
2019-10-22 04:20:15,837 [601b4e43-fd2c-4737-8fdc-9e94860fc946@group-B5BEB8C9A630-LeaderElection21] INFO  impl.RaftServerImpl (RaftServerImpl.java:setRole(184)) - 601b4e43-fd2c-4737-8fdc-9e94860fc946@group-B5BEB8C9A630: changes role from CANDIDATE to FOLLOWER at term 14 for DISCOVERED_A_NEW_TERM
2019-10-22 04:20:15,837 [601b4e43-fd2c-4737-8fdc-9e94860fc946@group-B5BEB8C9A630-LeaderElection21] INFO  impl.RoleInfo (RoleInfo.java:shutdownLeaderElection(134)) - 601b4e43-fd2c-4737-8fdc-9e94860fc946: shutdown LeaderElection
2019-10-22 04:20:15,837 [601b4e43-fd2c-4737-8fdc-9e94860fc946@group-B5BEB8C9A630-LeaderElection21] INFO  impl.RoleInfo (RoleInfo.java:updateAndGet(143)) - 601b4e43-fd2c-4737-8fdc-9e94860fc946: start FollowerState
2019-10-22 04:20:15,873 [Thread-447] INFO  impl.FollowerState (FollowerState.java:run(108)) - 601b4e43-fd2c-4737-8fdc-9e94860fc946@group-B5BEB8C9A630-FollowerState: change to CANDIDATE, lastRpcTime:35ms, electionTimeout:35ms
2019-10-22 04:20:15,887 [Thread-447] INFO  impl.RoleInfo (RoleInfo.java:shutdownFollowerState(121)) - 601b4e43-fd2c-4737-8fdc-9e94860fc946: shutdown FollowerState
2019-10-22 04:20:15,887 [Thread-447] INFO  impl.RaftServerImpl (RaftServerImpl.java:setRole(184)) - 601b4e43-fd2c-4737-8fdc-9e94860fc946@group-B5BEB8C9A630: changes role from  FOLLOWER to CANDIDATE at term 14 for changeToCandidate
2019-10-22 04:20:15,887 [Thread-447] INFO  impl.RoleInfo (RoleInfo.java:updateAndGet(143)) - 601b4e43-fd2c-4737-8fdc-9e94860fc946: start LeaderElection
2019-10-22 04:20:15,904 [601b4e43-fd2c-4737-8fdc-9e94860fc946@group-B5BEB8C9A630-LeaderElection22] INFO  impl.LeaderElection (LeaderElection.java:askForVotes(178)) - 601b4e43-fd2c-4737-8fdc-9e94860fc946@group-B5BEB8C9A630-LeaderElection22: begin an election at term 15 for -1: [39efaeea-ba86-4fd8-a10a-b7015b9eb4a1:192.168.34.14:43496, 601b4e43-fd2c-4737-8fdc-9e94860fc946:192.168.34.14:37459, 0c43bc72-d834-4758-b91b-4934a5dc7f3b:192.168.34.14:33792], old=null
2019-10-22 04:20:15,909 [grpc-default-executor-3] INFO  impl.RaftServerImpl (RaftServerImpl.java:setRole(184)) - 39efaeea-ba86-4fd8-a10a-b7015b9eb4a1@group-B5BEB8C9A630: changes role from  FOLLOWER to FOLLOWER at term 15 for recognizeCandidate:601b4e43-fd2c-4737-8fdc-9e94860fc946
2019-10-22 04:20:15,909 [grpc-default-executor-3] INFO  impl.RoleInfo (RoleInfo.java:shutdownFollowerState(121)) - 39efaeea-ba86-4fd8-a10a-b7015b9eb4a1: shutdown FollowerState
2019-10-22 04:20:15,909 [grpc-default-executor-3] INFO  impl.RoleInfo (RoleInfo.java:updateAndGet(143)) - 39efaeea-ba86-4fd8-a10a-b7015b9eb4a1: start FollowerState
2019-10-22 04:20:15,909 [Thread-445] INFO  impl.FollowerState (FollowerState.java:run(117)) - 39efaeea-ba86-4fd8-a10a-b7015b9eb4a1@group-B5BEB8C9A630-FollowerState was interrupted: java.lang.InterruptedException: sleep interrupted
2019-10-22 04:20:15,910 [grpc-default-executor-1] INFO  impl.RaftServerImpl (RaftServerImpl.java:setRole(184)) - 0c43bc72-d834-4758-b91b-4934a5dc7f3b@group-B5BEB8C9A630: changes role from  FOLLOWER to FOLLOWER at term 15 for recognizeCandidate:601b4e43-fd2c-4737-8fdc-9e94860fc946
2019-10-22 04:20:15,910 [grpc-default-executor-1] INFO  impl.RoleInfo (RoleInfo.java:shutdownFollowerState(121)) - 0c43bc72-d834-4758-b91b-4934a5dc7f3b: shutdown FollowerState
2019-10-22 04:20:15,910 [grpc-default-executor-1] INFO  impl.RoleInfo (RoleInfo.java:updateAndGet(143)) - 0c43bc72-d834-4758-b91b-4934a5dc7f3b: start FollowerState
2019-10-22 04:20:15,910 [Thread-446] INFO  impl.FollowerState (FollowerState.java:run(117)) - 0c43bc72-d834-4758-b91b-4934a5dc7f3b@group-B5BEB8C9A630-FollowerState was interrupted: java.lang.InterruptedException: sleep interrupted
2019-10-22 04:20:15,916 [601b4e43-fd2c-4737-8fdc-9e94860fc946@group-B5BEB8C9A630-LeaderElection22] INFO  impl.LeaderElection (LeaderElection.java:logAndReturn(56)) - 601b4e43-fd2c-4737-8fdc-9e94860fc946@group-B5BEB8C9A630-LeaderElection22: Election REJECTED; received 2 response(s) [601b4e43-fd2c-4737-8fdc-9e94860fc946<-39efaeea-ba86-4fd8-a10a-b7015b9eb4a1#0:FAIL-t15, 601b4e43-fd2c-4737-8fdc-9e94860fc946<-0c43bc72-d834-4758-b91b-4934a5dc7f3b#0:FAIL-t15] and 0 exception(s); 601b4e43-fd2c-4737-8fdc-9e94860fc946@group-B5BEB8C9A630:t15, leader=null, voted=601b4e43-fd2c-4737-8fdc-9e94860fc946, raftlog=601b4e43-fd2c-4737-8fdc-9e94860fc946@group-B5BEB8C9A630-SegmentedRaftLog:OPENED:c-1,f-1,i0, conf=-1: [39efaeea-ba86-4fd8-a10a-b7015b9eb4a1:192.168.34.14:43496, 601b4e43-fd2c-4737-8fdc-9e94860fc946:192.168.34.14:37459, 0c43bc72-d834-4758-b91b-4934a5dc7f3b:192.168.34.14:33792], old=null
2019-10-22 04:20:15,916 [601b4e43-fd2c-4737-8fdc-9e94860fc946@group-B5BEB8C9A630-LeaderElection22] INFO  impl.RaftServerImpl (RaftServerImpl.java:setRole(184)) - 601b4e43-fd2c-4737-8fdc-9e94860fc946@group-B5BEB8C9A630: changes role from CANDIDATE to FOLLOWER at term 15 for DISCOVERED_A_NEW_TERM
2019-10-22 04:20:15,916 [601b4e43-fd2c-4737-8fdc-9e94860fc946@group-B5BEB8C9A630-LeaderElection22] INFO  impl.RoleInfo (RoleInfo.java:shutdownLeaderElection(134)) - 601b4e43-fd2c-4737-8fdc-9e94860fc946: shutdown LeaderElection
2019-10-22 04:20:15,916 [601b4e43-fd2c-4737-8fdc-9e94860fc946@group-B5BEB8C9A630-LeaderElection22] INFO  impl.RoleInfo (RoleInfo.java:updateAndGet(143)) - 601b4e43-fd2c-4737-8fdc-9e94860fc946: start FollowerState
2019-10-22 04:20:16,009 [Thread-473] INFO  impl.FollowerState (FollowerState.java:run(108)) - 601b4e43-fd2c-4737-8fdc-9e94860fc946@group-B5BEB8C9A630-FollowerState: change to CANDIDATE, lastRpcTime:93ms, electionTimeout:93ms
2019-10-22 04:20:16,011 [Thread-473] INFO  impl.RoleInfo (RoleInfo.java:shutdownFollowerState(121)) - 601b4e43-fd2c-4737-8fdc-9e94860fc946: shutdown FollowerState
2019-10-22 04:20:16,011 [Thread-473] INFO  impl.RaftServerImpl (RaftServerImpl.java:setRole(184)) - 601b4e43-fd2c-4737-8fdc-9e94860fc946@group-B5BEB8C9A630: changes role from  FOLLOWER to CANDIDATE at term 15 for changeToCandidate
2019-10-22 04:20:16,011 [Thread-473] INFO  impl.RoleInfo (RoleInfo.java:updateAndGet(143)) - 601b4e43-fd2c-4737-8fdc-9e94860fc946: start LeaderElection
2019-10-22 04:20:16,040 [601b4e43-fd2c-4737-8fdc-9e94860fc946@group-B5BEB8C9A630-LeaderElection23] INFO  impl.LeaderElection (LeaderElection.java:askForVotes(178)) - 601b4e43-fd2c-4737-8fdc-9e94860fc946@group-B5BEB8C9A630-LeaderElection23: begin an election at term 16 for -1: [39efaeea-ba86-4fd8-a10a-b7015b9eb4a1:192.168.34.14:43496, 601b4e43-fd2c-4737-8fdc-9e94860fc946:192.168.34.14:37459, 0c43bc72-d834-4758-b91b-4934a5dc7f3b:192.168.34.14:33792], old=null
2019-10-22 04:20:16,043 [grpc-default-executor-1] INFO  impl.RaftServerImpl (RaftServerImpl.java:setRole(184)) - 39efaeea-ba86-4fd8-a10a-b7015b9eb4a1@group-B5BEB8C9A630: changes role from  FOLLOWER to FOLLOWER at term 16 for recognizeCandidate:601b4e43-fd2c-4737-8fdc-9e94860fc946
2019-10-22 04:20:16,043 [grpc-default-executor-3] INFO  impl.RaftServerImpl (RaftServerImpl.java:setRole(184)) - 0c43bc72-d834-4758-b91b-4934a5dc7f3b@group-B5BEB8C9A630: changes role from  FOLLOWER to FOLLOWER at term 16 for recognizeCandidate:601b4e43-fd2c-4737-8fdc-9e94860fc946
2019-10-22 04:20:16,043 [grpc-default-executor-1] INFO  impl.RoleInfo (RoleInfo.java:shutdownFollowerState(121)) - 39efaeea-ba86-4fd8-a10a-b7015b9eb4a1: shutdown FollowerState
2019-10-22 04:20:16,044 [grpc-default-executor-3] INFO  impl.RoleInfo (RoleInfo.java:shutdownFollowerState(121)) - 0c43bc72-d834-4758-b91b-4934a5dc7f3b: shutdown FollowerState
2019-10-22 04:20:16,044 [Thread-461] INFO  impl.FollowerState (FollowerState.java:run(117)) - 39efaeea-ba86-4fd8-a10a-b7015b9eb4a1@group-B5BEB8C9A630-FollowerState was interrupted: java.lang.InterruptedException: sleep interrupted
2019-10-22 04:20:16,044 [grpc-default-executor-1] INFO  impl.RoleInfo (RoleInfo.java:updateAndGet(143)) - 39efaeea-ba86-4fd8-a10a-b7015b9eb4a1: start FollowerState
2019-10-22 04:20:16,044 [Thread-462] INFO  impl.FollowerState (FollowerState.java:run(117)) - 0c43bc72-d834-4758-b91b-4934a5dc7f3b@group-B5BEB8C9A630-FollowerState was interrupted: java.lang.InterruptedException: sleep interrupted
2019-10-22 04:20:16,044 [grpc-default-executor-3] INFO  impl.RoleInfo (RoleInfo.java:updateAndGet(143)) - 0c43bc72-d834-4758-b91b-4934a5dc7f3b: start FollowerState
2019-10-22 04:20:16,070 [601b4e43-fd2c-4737-8fdc-9e94860fc946@group-B5BEB8C9A630-LeaderElection23] INFO  impl.LeaderElection (LeaderElection.java:logAndReturn(56)) - 601b4e43-fd2c-4737-8fdc-9e94860fc946@group-B5BEB8C9A630-LeaderElection23: Election TIMEOUT; received 0 response(s) [] and 0 exception(s); 601b4e43-fd2c-4737-8fdc-9e94860fc946@group-B5BEB8C9A630:t16, leader=null, voted=601b4e43-fd2c-4737-8fdc-9e94860fc946, raftlog=601b4e43-fd2c-4737-8fdc-9e94860fc946@group-B5BEB8C9A630-SegmentedRaftLog:OPENED:c-1,f-1,i0, conf=-1: [39efaeea-ba86-4fd8-a10a-b7015b9eb4a1:192.168.34.14:43496, 601b4e43-fd2c-4737-8fdc-9e94860fc946:192.168.34.14:37459, 0c43bc72-d834-4758-b91b-4934a5dc7f3b:192.168.34.14:33792], old=null
2019-10-22 04:20:16,074 [601b4e43-fd2c-4737-8fdc-9e94860fc946@group-B5BEB8C9A630-LeaderElection23] INFO  impl.LeaderElection (LeaderElection.java:askForVotes(178)) - 601b4e43-fd2c-4737-8fdc-9e94860fc946@group-B5BEB8C9A630-LeaderElection23: begin an election at term 17 for -1: [39efaeea-ba86-4fd8-a10a-b7015b9eb4a1:192.168.34.14:43496, 601b4e43-fd2c-4737-8fdc-9e94860fc946:192.168.34.14:37459, 0c43bc72-d834-4758-b91b-4934a5dc7f3b:192.168.34.14:33792], old=null
2019-10-22 04:20:16,077 [grpc-default-executor-1] INFO  impl.RaftServerImpl (RaftServerImpl.java:setRole(184)) - 39efaeea-ba86-4fd8-a10a-b7015b9eb4a1@group-B5BEB8C9A630: changes role from  FOLLOWER to FOLLOWER at term 17 for recognizeCandidate:601b4e43-fd2c-4737-8fdc-9e94860fc946
2019-10-22 04:20:16,078 [grpc-default-executor-1] INFO  impl.RoleInfo (RoleInfo.java:shutdownFollowerState(121)) - 39efaeea-ba86-4fd8-a10a-b7015b9eb4a1: shutdown FollowerState
2019-10-22 04:20:16,078 [grpc-default-executor-1] INFO  impl.RoleInfo (RoleInfo.java:updateAndGet(143)) - 39efaeea-ba86-4fd8-a10a-b7015b9eb4a1: start FollowerState
2019-10-22 04:20:16,079 [grpc-default-executor-3] INFO  impl.RaftServerImpl (RaftServerImpl.java:setRole(184)) - 0c43bc72-d834-4758-b91b-4934a5dc7f3b@group-B5BEB8C9A630: changes role from  FOLLOWER to FOLLOWER at term 17 for recognizeCandidate:601b4e43-fd2c-4737-8fdc-9e94860fc946
2019-10-22 04:20:16,079 [Thread-479] INFO  impl.FollowerState (FollowerState.java:run(117)) - 39efaeea-ba86-4fd8-a10a-b7015b9eb4a1@group-B5BEB8C9A630-FollowerState was interrupted: java.lang.InterruptedException: sleep interrupted
2019-10-22 04:20:16,079 [grpc-default-executor-3] INFO  impl.RoleInfo (RoleInfo.java:shutdownFollowerState(121)) - 0c43bc72-d834-4758-b91b-4934a5dc7f3b: shutdown FollowerState
2019-10-22 04:20:16,079 [Thread-480] INFO  impl.FollowerState (FollowerState.java:run(117)) - 0c43bc72-d834-4758-b91b-4934a5dc7f3b@group-B5BEB8C9A630-FollowerState was interrupted: java.lang.InterruptedException: sleep interrupted
2019-10-22 04:20:16,079 [grpc-default-executor-3] INFO  impl.RoleInfo (RoleInfo.java:updateAndGet(143)) - 0c43bc72-d834-4758-b91b-4934a5dc7f3b: start FollowerState
2019-10-22 04:20:16,091 [601b4e43-fd2c-4737-8fdc-9e94860fc946@group-B5BEB8C9A630-LeaderElection23] INFO  impl.LeaderElection (LeaderElection.java:logAndReturn(56)) - 601b4e43-fd2c-4737-8fdc-9e94860fc946@group-B5BEB8C9A630-LeaderElection23: Election REJECTED; received 2 response(s) [601b4e43-fd2c-4737-8fdc-9e94860fc946<-39efaeea-ba86-4fd8-a10a-b7015b9eb4a1#0:FAIL-t17, 601b4e43-fd2c-4737-8fdc-9e94860fc946<-0c43bc72-d834-4758-b91b-4934a5dc7f3b#0:FAIL-t17] and 0 exception(s); 601b4e43-fd2c-4737-8fdc-9e94860fc946@group-B5BEB8C9A630:t17, leader=null, voted=601b4e43-fd2c-4737-8fdc-9e94860fc946, raftlog=601b4e43-fd2c-4737-8fdc-9e94860fc946@group-B5BEB8C9A630-SegmentedRaftLog:OPENED:c-1,f-1,i0, conf=-1: [39efaeea-ba86-4fd8-a10a-b7015b9eb4a1:192.168.34.14:43496, 601b4e43-fd2c-4737-8fdc-9e94860fc946:192.168.34.14:37459, 0c43bc72-d834-4758-b91b-4934a5dc7f3b:192.168.34.14:33792], old=null
2019-10-22 04:20:16,091 [601b4e43-fd2c-4737-8fdc-9e94860fc946@group-B5BEB8C9A630-LeaderElection23] INFO  impl.RaftServerImpl (RaftServerImpl.java:setRole(184)) - 601b4e43-fd2c-4737-8fdc-9e94860fc946@group-B5BEB8C9A630: changes role from CANDIDATE to FOLLOWER at term 17 for DISCOVERED_A_NEW_TERM
2019-10-22 04:20:16,091 [601b4e43-fd2c-4737-8fdc-9e94860fc946@group-B5BEB8C9A630-LeaderElection23] INFO  impl.RoleInfo (RoleInfo.java:shutdownLeaderElection(134)) - 601b4e43-fd2c-4737-8fdc-9e94860fc946: shutdown LeaderElection
2019-10-22 04:20:16,092 [601b4e43-fd2c-4737-8fdc-9e94860fc946@group-B5BEB8C9A630-LeaderElection23] INFO  impl.RoleInfo (RoleInfo.java:updateAndGet(143)) - 601b4e43-fd2c-4737-8fdc-9e94860fc946: start FollowerState
2019-10-22 04:20:16,173 [Thread-486] INFO  impl.FollowerState (FollowerState.java:run(108)) - 601b4e43-fd2c-4737-8fdc-9e94860fc946@group-B5BEB8C9A630-FollowerState: change to CANDIDATE, lastRpcTime:81ms, electionTimeout:81ms
2019-10-22 04:20:16,175 [Thread-486] INFO  impl.RoleInfo (RoleInfo.java:shutdownFollowerState(121)) - 601b4e43-fd2c-4737-8fdc-9e94860fc946: shutdown FollowerState
2019-10-22 04:20:16,175 [Thread-486] INFO  impl.RaftServerImpl (RaftServerImpl.java:setRole(184)) - 601b4e43-fd2c-4737-8fdc-9e94860fc946@group-B5BEB8C9A630: changes role from  FOLLOWER to CANDIDATE at term 17 for changeToCandidate
2019-10-22 04:20:16,175 [Thread-486] INFO  impl.RoleInfo (RoleInfo.java:updateAndGet(143)) - 601b4e43-fd2c-4737-8fdc-9e94860fc946: start LeaderElection
2019-10-22 04:20:16,180 [601b4e43-fd2c-4737-8fdc-9e94860fc946@group-B5BEB8C9A630-LeaderElection24] INFO  impl.LeaderElection (LeaderElection.java:askForVotes(178)) - 601b4e43-fd2c-4737-8fdc-9e94860fc946@group-B5BEB8C9A630-LeaderElection24: begin an election at term 18 for -1: [39efaeea-ba86-4fd8-a10a-b7015b9eb4a1:192.168.34.14:43496, 601b4e43-fd2c-4737-8fdc-9e94860fc946:192.168.34.14:37459, 0c43bc72-d834-4758-b91b-4934a5dc7f3b:192.168.34.14:33792], old=null
2019-10-22 04:20:16,189 [grpc-default-executor-1] INFO  impl.RaftServerImpl (RaftServerImpl.java:setRole(184)) - 39efaeea-ba86-4fd8-a10a-b7015b9eb4a1@group-B5BEB8C9A630: changes role from  FOLLOWER to FOLLOWER at term 18 for recognizeCandidate:601b4e43-fd2c-4737-8fdc-9e94860fc946
2019-10-22 04:20:16,189 [grpc-default-executor-4] INFO  impl.RaftServerImpl (RaftServerImpl.java:setRole(184)) - 0c43bc72-d834-4758-b91b-4934a5dc7f3b@group-B5BEB8C9A630: changes role from  FOLLOWER to FOLLOWER at term 18 for recognizeCandidate:601b4e43-fd2c-4737-8fdc-9e94860fc946
2019-10-22 04:20:16,189 [grpc-default-executor-1] INFO  impl.RoleInfo (RoleInfo.java:shutdownFollowerState(121)) - 39efaeea-ba86-4fd8-a10a-b7015b9eb4a1: shutdown FollowerState
2019-10-22 04:20:16,189 [grpc-default-executor-4] INFO  impl.RoleInfo (RoleInfo.java:shutdownFollowerState(121)) - 0c43bc72-d834-4758-b91b-4934a5dc7f3b: shutdown FollowerState
2019-10-22 04:20:16,190 [Thread-483] INFO  impl.FollowerState (FollowerState.java:run(117)) - 39efaeea-ba86-4fd8-a10a-b7015b9eb4a1@group-B5BEB8C9A630-FollowerState was interrupted: java.lang.InterruptedException: sleep interrupted
2019-10-22 04:20:16,189 [grpc-default-executor-1] INFO  impl.RoleInfo (RoleInfo.java:updateAndGet(143)) - 39efaeea-ba86-4fd8-a10a-b7015b9eb4a1: start FollowerState
2019-10-22 04:20:16,190 [grpc-default-executor-4] INFO  impl.RoleInfo (RoleInfo.java:updateAndGet(143)) - 0c43bc72-d834-4758-b91b-4934a5dc7f3b: start FollowerState
2019-10-22 04:20:16,190 [Thread-484] INFO  impl.FollowerState (FollowerState.java:run(117)) - 0c43bc72-d834-4758-b91b-4934a5dc7f3b@group-B5BEB8C9A630-FollowerState was interrupted: java.lang.InterruptedException: sleep interrupted
2019-10-22 04:20:16,208 [601b4e43-fd2c-4737-8fdc-9e94860fc946@group-B5BEB8C9A630-LeaderElection24] INFO  impl.LeaderElection (LeaderElection.java:logAndReturn(56)) - 601b4e43-fd2c-4737-8fdc-9e94860fc946@group-B5BEB8C9A630-LeaderElection24: Election REJECTED; received 2 response(s) [601b4e43-fd2c-4737-8fdc-9e94860fc946<-39efaeea-ba86-4fd8-a10a-b7015b9eb4a1#0:FAIL-t18, 601b4e43-fd2c-4737-8fdc-9e94860fc946<-0c43bc72-d834-4758-b91b-4934a5dc7f3b#0:FAIL-t18] and 0 exception(s); 601b4e43-fd2c-4737-8fdc-9e94860fc946@group-B5BEB8C9A630:t18, leader=null, voted=601b4e43-fd2c-4737-8fdc-9e94860fc946, raftlog=601b4e43-fd2c-4737-8fdc-9e94860fc946@group-B5BEB8C9A630-SegmentedRaftLog:OPENED:c-1,f-1,i0, conf=-1: [39efaeea-ba86-4fd8-a10a-b7015b9eb4a1:192.168.34.14:43496, 601b4e43-fd2c-4737-8fdc-9e94860fc946:192.168.34.14:37459, 0c43bc72-d834-4758-b91b-4934a5dc7f3b:192.168.34.14:33792], old=null
2019-10-22 04:20:16,208 [601b4e43-fd2c-4737-8fdc-9e94860fc946@group-B5BEB8C9A630-LeaderElection24] INFO  impl.RaftServerImpl (RaftServerImpl.java:setRole(184)) - 601b4e43-fd2c-4737-8fdc-9e94860fc946@group-B5BEB8C9A630: changes role from CANDIDATE to FOLLOWER at term 18 for DISCOVERED_A_NEW_TERM
2019-10-22 04:20:16,208 [601b4e43-fd2c-4737-8fdc-9e94860fc946@group-B5BEB8C9A630-LeaderElection24] INFO  impl.RoleInfo (RoleInfo.java:shutdownLeaderElection(134)) - 601b4e43-fd2c-4737-8fdc-9e94860fc946: shutdown LeaderElection
2019-10-22 04:20:16,209 [601b4e43-fd2c-4737-8fdc-9e94860fc946@group-B5BEB8C9A630-LeaderElection24] INFO  impl.RoleInfo (RoleInfo.java:updateAndGet(143)) - 601b4e43-fd2c-4737-8fdc-9e94860fc946: start FollowerState
2019-10-22 04:20:16,288 [Thread-536] INFO  impl.FollowerState (FollowerState.java:run(108)) - 601b4e43-fd2c-4737-8fdc-9e94860fc946@group-B5BEB8C9A630-FollowerState: change to CANDIDATE, lastRpcTime:79ms, electionTimeout:79ms
2019-10-22 04:20:16,290 [Thread-536] INFO  impl.RoleInfo (RoleInfo.java:shutdownFollowerState(121)) - 601b4e43-fd2c-4737-8fdc-9e94860fc946: shutdown FollowerState
2019-10-22 04:20:16,290 [Thread-536] INFO  impl.RaftServerImpl (RaftServerImpl.java:setRole(184)) - 601b4e43-fd2c-4737-8fdc-9e94860fc946@group-B5BEB8C9A630: changes role from  FOLLOWER to CANDIDATE at term 18 for changeToCandidate
2019-10-22 04:20:16,290 [Thread-536] INFO  impl.RoleInfo (RoleInfo.java:updateAndGet(143)) - 601b4e43-fd2c-4737-8fdc-9e94860fc946: start LeaderElection
2019-10-22 04:20:16,305 [601b4e43-fd2c-4737-8fdc-9e94860fc946@group-B5BEB8C9A630-LeaderElection25] INFO  impl.LeaderElection (LeaderElection.java:askForVotes(178)) - 601b4e43-fd2c-4737-8fdc-9e94860fc946@group-B5BEB8C9A630-LeaderElection25: begin an election at term 19 for -1: [39efaeea-ba86-4fd8-a10a-b7015b9eb4a1:192.168.34.14:43496, 601b4e43-fd2c-4737-8fdc-9e94860fc946:192.168.34.14:37459, 0c43bc72-d834-4758-b91b-4934a5dc7f3b:192.168.34.14:33792], old=null
2019-10-22 04:20:16,306 [grpc-default-executor-0] INFO  impl.RaftServerImpl (RaftServerImpl.java:setRole(184)) - 0c43bc72-d834-4758-b91b-4934a5dc7f3b@group-B5BEB8C9A630: changes role from  FOLLOWER to FOLLOWER at term 19 for recognizeCandidate:601b4e43-fd2c-4737-8fdc-9e94860fc946
2019-10-22 04:20:16,306 [grpc-default-executor-4] INFO  impl.RaftServerImpl (RaftServerImpl.java:setRole(184)) - 39efaeea-ba86-4fd8-a10a-b7015b9eb4a1@group-B5BEB8C9A630: changes role from  FOLLOWER to FOLLOWER at term 19 for recognizeCandidate:601b4e43-fd2c-4737-8fdc-9e94860fc946
2019-10-22 04:20:16,307 [grpc-default-executor-0] INFO  impl.RoleInfo (RoleInfo.java:shutdownFollowerState(121)) - 0c43bc72-d834-4758-b91b-4934a5dc7f3b: shutdown FollowerState
2019-10-22 04:20:16,307 [grpc-default-executor-4] INFO  impl.RoleInfo (RoleInfo.java:shutdownFollowerState(121)) - 39efaeea-ba86-4fd8-a10a-b7015b9eb4a1: shutdown FollowerState
2019-10-22 04:20:16,307 [Thread-532] INFO  impl.FollowerState (FollowerState.java:run(117)) - 0c43bc72-d834-4758-b91b-4934a5dc7f3b@group-B5BEB8C9A630-FollowerState was interrupted: java.lang.InterruptedException: sleep interrupted
2019-10-22 04:20:16,307 [grpc-default-executor-0] INFO  impl.RoleInfo (RoleInfo.java:updateAndGet(143)) - 0c43bc72-d834-4758-b91b-4934a5dc7f3b: start FollowerState
2019-10-22 04:20:16,307 [Thread-531] INFO  impl.FollowerState (FollowerState.java:run(117)) - 39efaeea-ba86-4fd8-a10a-b7015b9eb4a1@group-B5BEB8C9A630-FollowerState was interrupted: java.lang.InterruptedException: sleep interrupted
2019-10-22 04:20:16,307 [grpc-default-executor-4] INFO  impl.RoleInfo (RoleInfo.java:updateAndGet(143)) - 39efaeea-ba86-4fd8-a10a-b7015b9eb4a1: start FollowerState
2019-10-22 04:20:16,327 [601b4e43-fd2c-4737-8fdc-9e94860fc946@group-B5BEB8C9A630-LeaderElection25] INFO  impl.LeaderElection (LeaderElection.java:logAndReturn(56)) - 601b4e43-fd2c-4737-8fdc-9e94860fc946@group-B5BEB8C9A630-LeaderElection25: Election REJECTED; received 2 response(s) [601b4e43-fd2c-4737-8fdc-9e94860fc946<-39efaeea-ba86-4fd8-a10a-b7015b9eb4a1#0:FAIL-t19, 601b4e43-fd2c-4737-8fdc-9e94860fc946<-0c43bc72-d834-4758-b91b-4934a5dc7f3b#0:FAIL-t19] and 0 exception(s); 601b4e43-fd2c-4737-8fdc-9e94860fc946@group-B5BEB8C9A630:t19, leader=null, voted=601b4e43-fd2c-4737-8fdc-9e94860fc946, raftlog=601b4e43-fd2c-4737-8fdc-9e94860fc946@group-B5BEB8C9A630-SegmentedRaftLog:OPENED:c-1,f-1,i0, conf=-1: [39efaeea-ba86-4fd8-a10a-b7015b9eb4a1:192.168.34.14:43496, 601b4e43-fd2c-4737-8fdc-9e94860fc946:192.168.34.14:37459, 0c43bc72-d834-4758-b91b-4934a5dc7f3b:192.168.34.14:33792], old=null
2019-10-22 04:20:16,327 [601b4e43-fd2c-4737-8fdc-9e94860fc946@group-B5BEB8C9A630-LeaderElection25] INFO  impl.RaftServerImpl (RaftServerImpl.java:setRole(184)) - 601b4e43-fd2c-4737-8fdc-9e94860fc946@group-B5BEB8C9A630: changes role from CANDIDATE to FOLLOWER at term 19 for DISCOVERED_A_NEW_TERM
2019-10-22 04:20:16,327 [601b4e43-fd2c-4737-8fdc-9e94860fc946@group-B5BEB8C9A630-LeaderElection25] INFO  impl.RoleInfo (RoleInfo.java:shutdownLeaderElection(134)) - 601b4e43-fd2c-4737-8fdc-9e94860fc946: shutdown LeaderElection
2019-10-22 04:20:16,327 [601b4e43-fd2c-4737-8fdc-9e94860fc946@group-B5BEB8C9A630-LeaderElection25] INFO  impl.RoleInfo (RoleInfo.java:updateAndGet(143)) - 601b4e43-fd2c-4737-8fdc-9e94860fc946: start FollowerState
2019-10-22 04:20:16,514 [Thread-600] INFO  impl.FollowerState (FollowerState.java:run(108)) - 601b4e43-fd2c-4737-8fdc-9e94860fc946@group-B5BEB8C9A630-FollowerState: change to CANDIDATE, lastRpcTime:186ms, electionTimeout:186ms
2019-10-22 04:20:16,515 [Thread-600] INFO  impl.RoleInfo (RoleInfo.java:shutdownFollowerState(121)) - 601b4e43-fd2c-4737-8fdc-9e94860fc946: shutdown FollowerState
2019-10-22 04:20:16,516 [Thread-600] INFO  impl.RaftServerImpl (RaftServerImpl.java:setRole(184)) - 601b4e43-fd2c-4737-8fdc-9e94860fc946@group-B5BEB8C9A630: changes role from  FOLLOWER to CANDIDATE at term 19 for changeToCandidate
2019-10-22 04:20:16,516 [Thread-600] INFO  impl.RoleInfo (RoleInfo.java:updateAndGet(143)) - 601b4e43-fd2c-4737-8fdc-9e94860fc946: start LeaderElection
 100.00% |?????????????????????????????????????????????????????????????????????????????????????????????????????|  1/1 Time: 0:00:08
2019-10-22 04:20:16,531 [601b4e43-fd2c-4737-8fdc-9e94860fc946@group-B5BEB8C9A630-LeaderElection26] INFO  impl.LeaderElection (LeaderElection.java:askForVotes(178)) - 601b4e43-fd2c-4737-8fdc-9e94860fc946@group-B5BEB8C9A630-LeaderElection26: begin an election at term 20 for -1: [39efaeea-ba86-4fd8-a10a-b7015b9eb4a1:192.168.34.14:43496, 601b4e43-fd2c-4737-8fdc-9e94860fc946:192.168.34.14:37459, 0c43bc72-d834-4758-b91b-4934a5dc7f3b:192.168.34.14:33792], old=null
2019-10-22 04:20:16,534 [grpc-default-executor-4] INFO  impl.RaftServerImpl (RaftServerImpl.java:setRole(184)) - 0c43bc72-d834-4758-b91b-4934a5dc7f3b@group-B5BEB8C9A630: changes role from  FOLLOWER to FOLLOWER at term 20 for recognizeCandidate:601b4e43-fd2c-4737-8fdc-9e94860fc946
2019-10-22 04:20:16,534 [grpc-default-executor-0] INFO  impl.RaftServerImpl (RaftServerImpl.java:setRole(184)) - 39efaeea-ba86-4fd8-a10a-b7015b9eb4a1@group-B5BEB8C9A630: changes role from  FOLLOWER to FOLLOWER at term 20 for recognizeCandidate:601b4e43-fd2c-4737-8fdc-9e94860fc946
2019-10-22 04:20:16,534 [grpc-default-executor-4] INFO  impl.RoleInfo (RoleInfo.java:shutdownFollowerState(121)) - 0c43bc72-d834-4758-b91b-4934a5dc7f3b: shutdown FollowerState
2019-10-22 04:20:16,534 [grpc-default-executor-0] INFO  impl.RoleInfo (RoleInfo.java:shutdownFollowerState(121)) - 39efaeea-ba86-4fd8-a10a-b7015b9eb4a1: shutdown FollowerState
2019-10-22 04:20:16,534 [Thread-592] INFO  impl.FollowerState (FollowerState.java:run(117)) - 0c43bc72-d834-4758-b91b-4934a5dc7f3b@group-B5BEB8C9A630-FollowerState was interrupted: java.lang.InterruptedException: sleep interrupted
2019-10-22 04:20:16,534 [grpc-default-executor-4] INFO  impl.RoleInfo (RoleInfo.java:updateAndGet(143)) - 0c43bc72-d834-4758-b91b-4934a5dc7f3b: start FollowerState
2019-10-22 04:20:16,535 [Thread-593] INFO  impl.FollowerState (FollowerState.java:run(117)) - 39efaeea-ba86-4fd8-a10a-b7015b9eb4a1@group-B5BEB8C9A630-FollowerState was interrupted: java.lang.InterruptedException: sleep interrupted
2019-10-22 04:20:16,535 [grpc-default-executor-0] INFO  impl.RoleInfo (RoleInfo.java:updateAndGet(143)) - 39efaeea-ba86-4fd8-a10a-b7015b9eb4a1: start FollowerState
2019-10-22 04:20:16,553 [601b4e43-fd2c-4737-8fdc-9e94860fc946@group-B5BEB8C9A630-LeaderElection26] INFO  impl.LeaderElection (LeaderElection.java:logAndReturn(56)) - 601b4e43-fd2c-4737-8fdc-9e94860fc946@group-B5BEB8C9A630-LeaderElection26: Election REJECTED; received 2 response(s) [601b4e43-fd2c-4737-8fdc-9e94860fc946<-39efaeea-ba86-4fd8-a10a-b7015b9eb4a1#0:FAIL-t20, 601b4e43-fd2c-4737-8fdc-9e94860fc946<-0c43bc72-d834-4758-b91b-4934a5dc7f3b#0:FAIL-t20] and 0 exception(s); 601b4e43-fd2c-4737-8fdc-9e94860fc946@group-B5BEB8C9A630:t20, leader=null, voted=601b4e43-fd2c-4737-8fdc-9e94860fc946, raftlog=601b4e43-fd2c-4737-8fdc-9e94860fc946@group-B5BEB8C9A630-SegmentedRaftLog:OPENED:c-1,f-1,i0, conf=-1: [39efaeea-ba86-4fd8-a10a-b7015b9eb4a1:192.168.34.14:43496, 601b4e43-fd2c-4737-8fdc-9e94860fc946:192.168.34.14:37459, 0c43bc72-d834-4758-b91b-4934a5dc7f3b:192.168.34.14:33792], old=null
2019-10-22 04:20:16,553 [601b4e43-fd2c-4737-8fdc-9e94860fc946@group-B5BEB8C9A630-LeaderElection26] INFO  impl.RaftServerImpl (RaftServerImpl.java:setRole(184)) - 601b4e43-fd2c-4737-8fdc-9e94860fc946@group-B5BEB8C9A630: changes role from CANDIDATE to FOLLOWER at term 20 for DISCOVERED_A_NEW_TERM
2019-10-22 04:20:16,554 [601b4e43-fd2c-4737-8fdc-9e94860fc946@group-B5BEB8C9A630-LeaderElection26] INFO  impl.RoleInfo (RoleInfo.java:shutdownLeaderElection(134)) - 601b4e43-fd2c-4737-8fdc-9e94860fc946: shutdown LeaderElection
2019-10-22 04:20:16,554 [601b4e43-fd2c-4737-8fdc-9e94860fc946@group-B5BEB8C9A630-LeaderElection26] INFO  impl.RoleInfo (RoleInfo.java:updateAndGet(143)) - 601b4e43-fd2c-4737-8fdc-9e94860fc946: start FollowerState
2019-10-22 04:20:16,730 [Thread-614] INFO  impl.FollowerState (FollowerState.java:run(108)) - 601b4e43-fd2c-4737-8fdc-9e94860fc946@group-B5BEB8C9A630-FollowerState: change to CANDIDATE, lastRpcTime:176ms, electionTimeout:176ms
2019-10-22 04:20:16,732 [Thread-614] INFO  impl.RoleInfo (RoleInfo.java:shutdownFollowerState(121)) - 601b4e43-fd2c-4737-8fdc-9e94860fc946: shutdown FollowerState
2019-10-22 04:20:16,732 [Thread-614] INFO  impl.RaftServerImpl (RaftServerImpl.java:setRole(184)) - 601b4e43-fd2c-4737-8fdc-9e94860fc946@group-B5BEB8C9A630: changes role from  FOLLOWER to CANDIDATE at term 20 for changeToCandidate
2019-10-22 04:20:16,733 [Thread-614] INFO  impl.RoleInfo (RoleInfo.java:updateAndGet(143)) - 601b4e43-fd2c-4737-8fdc-9e94860fc946: start LeaderElection
2019-10-22 04:20:16,747 [601b4e43-fd2c-4737-8fdc-9e94860fc946@group-B5BEB8C9A630-LeaderElection27] INFO  impl.LeaderElection (LeaderElection.java:askForVotes(178)) - 601b4e43-fd2c-4737-8fdc-9e94860fc946@group-B5BEB8C9A630-LeaderElection27: begin an election at term 21 for -1: [39efaeea-ba86-4fd8-a10a-b7015b9eb4a1:192.168.34.14:43496, 601b4e43-fd2c-4737-8fdc-9e94860fc946:192.168.34.14:37459, 0c43bc72-d834-4758-b91b-4934a5dc7f3b:192.168.34.14:33792], old=null
2019-10-22 04:20:16,749 [grpc-default-executor-4] INFO  impl.RaftServerImpl (RaftServerImpl.java:setRole(184)) - 39efaeea-ba86-4fd8-a10a-b7015b9eb4a1@group-B5BEB8C9A630: changes role from  FOLLOWER to FOLLOWER at term 21 for recognizeCandidate:601b4e43-fd2c-4737-8fdc-9e94860fc946
2019-10-22 04:20:16,750 [grpc-default-executor-4] INFO  impl.RoleInfo (RoleInfo.java:shutdownFollowerState(121)) - 39efaeea-ba86-4fd8-a10a-b7015b9eb4a1: shutdown FollowerState
2019-10-22 04:20:16,750 [grpc-default-executor-0] INFO  impl.RaftServerImpl (RaftServerImpl.java:setRole(184)) - 0c43bc72-d834-4758-b91b-4934a5dc7f3b@group-B5BEB8C9A630: changes role from  FOLLOWER to FOLLOWER at term 21 for recognizeCandidate:601b4e43-fd2c-4737-8fdc-9e94860fc946
2019-10-22 04:20:16,750 [grpc-default-executor-4] INFO  impl.RoleInfo (RoleInfo.java:updateAndGet(143)) - 39efaeea-ba86-4fd8-a10a-b7015b9eb4a1: start FollowerState
2019-10-22 04:20:16,750 [grpc-default-executor-0] INFO  impl.RoleInfo (RoleInfo.java:shutdownFollowerState(121)) - 0c43bc72-d834-4758-b91b-4934a5dc7f3b: shutdown FollowerState
2019-10-22 04:20:16,750 [Thread-613] INFO  impl.FollowerState (FollowerState.java:run(117)) - 39efaeea-ba86-4fd8-a10a-b7015b9eb4a1@group-B5BEB8C9A630-FollowerState was interrupted: java.lang.InterruptedException: sleep interrupted
2019-10-22 04:20:16,752 [Thread-612] INFO  impl.FollowerState (FollowerState.java:run(117)) - 0c43bc72-d834-4758-b91b-4934a5dc7f3b@group-B5BEB8C9A630-FollowerState was interrupted: java.lang.InterruptedException: sleep interrupted
2019-10-22 04:20:16,752 [grpc-default-executor-0] INFO  impl.RoleInfo (RoleInfo.java:updateAndGet(143)) - 0c43bc72-d834-4758-b91b-4934a5dc7f3b: start FollowerState
2019-10-22 04:20:16,765 [601b4e43-fd2c-4737-8fdc-9e94860fc946@group-B5BEB8C9A630-LeaderElection27] INFO  impl.LeaderElection (LeaderElection.java:logAndReturn(56)) - 601b4e43-fd2c-4737-8fdc-9e94860fc946@group-B5BEB8C9A630-LeaderElection27: Election REJECTED; received 2 response(s) [601b4e43-fd2c-4737-8fdc-9e94860fc946<-39efaeea-ba86-4fd8-a10a-b7015b9eb4a1#0:FAIL-t21, 601b4e43-fd2c-4737-8fdc-9e94860fc946<-0c43bc72-d834-4758-b91b-4934a5dc7f3b#0:FAIL-t21] and 0 exception(s); 601b4e43-fd2c-4737-8fdc-9e94860fc946@group-B5BEB8C9A630:t21, leader=null, voted=601b4e43-fd2c-4737-8fdc-9e94860fc946, raftlog=601b4e43-fd2c-4737-8fdc-9e94860fc946@group-B5BEB8C9A630-SegmentedRaftLog:OPENED:c-1,f-1,i0, conf=-1: [39efaeea-ba86-4fd8-a10a-b7015b9eb4a1:192.168.34.14:43496, 601b4e43-fd2c-4737-8fdc-9e94860fc946:192.168.34.14:37459, 0c43bc72-d834-4758-b91b-4934a5dc7f3b:192.168.34.14:33792], old=null
2019-10-22 04:20:16,765 [601b4e43-fd2c-4737-8fdc-9e94860fc946@group-B5BEB8C9A630-LeaderElection27] INFO  impl.RaftServerImpl (RaftServerImpl.java:setRole(184)) - 601b4e43-fd2c-4737-8fdc-9e94860fc946@group-B5BEB8C9A630: changes role from CANDIDATE to FOLLOWER at term 21 for DISCOVERED_A_NEW_TERM
2019-10-22 04:20:16,765 [601b4e43-fd2c-4737-8fdc-9e94860fc946@group-B5BEB8C9A630-LeaderElection27] INFO  impl.RoleInfo (RoleInfo.java:shutdownLeaderElection(134)) - 601b4e43-fd2c-4737-8fdc-9e94860fc946: shutdown LeaderElection
2019-10-22 04:20:16,765 [601b4e43-fd2c-4737-8fdc-9e94860fc946@group-B5BEB8C9A630-LeaderElection27] INFO  impl.RoleInfo (RoleInfo.java:updateAndGet(143)) - 601b4e43-fd2c-4737-8fdc-9e94860fc946: start FollowerState
2019-10-22 04:20:16,929 [Thread-620] INFO  impl.FollowerState (FollowerState.java:run(108)) - 601b4e43-fd2c-4737-8fdc-9e94860fc946@group-B5BEB8C9A630-FollowerState: change to CANDIDATE, lastRpcTime:163ms, electionTimeout:163ms
2019-10-22 04:20:16,930 [Thread-620] INFO  impl.RoleInfo (RoleInfo.java:shutdownFollowerState(121)) - 601b4e43-fd2c-4737-8fdc-9e94860fc946: shutdown FollowerState
2019-10-22 04:20:16,930 [Thread-620] INFO  impl.RaftServerImpl (RaftServerImpl.java:setRole(184)) - 601b4e43-fd2c-4737-8fdc-9e94860fc946@group-B5BEB8C9A630: changes role from  FOLLOWER to CANDIDATE at term 21 for changeToCandidate
2019-10-22 04:20:16,931 [Thread-620] INFO  impl.RoleInfo (RoleInfo.java:updateAndGet(143)) - 601b4e43-fd2c-4737-8fdc-9e94860fc946: start LeaderElection
2019-10-22 04:20:16,945 [601b4e43-fd2c-4737-8fdc-9e94860fc946@group-B5BEB8C9A630-LeaderElection28] INFO  impl.LeaderElection (LeaderElection.java:askForVotes(178)) - 601b4e43-fd2c-4737-8fdc-9e94860fc946@group-B5BEB8C9A630-LeaderElection28: begin an election at term 22 for -1: [39efaeea-ba86-4fd8-a10a-b7015b9eb4a1:192.168.34.14:43496, 601b4e43-fd2c-4737-8fdc-9e94860fc946:192.168.34.14:37459, 0c43bc72-d834-4758-b91b-4934a5dc7f3b:192.168.34.14:33792], old=null
2019-10-22 04:20:16,948 [grpc-default-executor-0] INFO  impl.RaftServerImpl (RaftServerImpl.java:setRole(184)) - 39efaeea-ba86-4fd8-a10a-b7015b9eb4a1@group-B5BEB8C9A630: changes role from  FOLLOWER to FOLLOWER at term 22 for recognizeCandidate:601b4e43-fd2c-4737-8fdc-9e94860fc946
2019-10-22 04:20:16,948 [grpc-default-executor-4] INFO  impl.RaftServerImpl (RaftServerImpl.java:setRole(184)) - 0c43bc72-d834-4758-b91b-4934a5dc7f3b@group-B5BEB8C9A630: changes role from  FOLLOWER to FOLLOWER at term 22 for recognizeCandidate:601b4e43-fd2c-4737-8fdc-9e94860fc946
2019-10-22 04:20:16,948 [grpc-default-executor-0] INFO  impl.RoleInfo (RoleInfo.java:shutdownFollowerState(121)) - 39efaeea-ba86-4fd8-a10a-b7015b9eb4a1: shutdown FollowerState
2019-10-22 04:20:16,948 [grpc-default-executor-4] INFO  impl.RoleInfo (RoleInfo.java:shutdownFollowerState(121)) - 0c43bc72-d834-4758-b91b-4934a5dc7f3b: shutdown FollowerState
2019-10-22 04:20:16,948 [grpc-default-executor-0] INFO  impl.RoleInfo (RoleInfo.java:updateAndGet(143)) - 39efaeea-ba86-4fd8-a10a-b7015b9eb4a1: start FollowerState
2019-10-22 04:20:16,948 [Thread-619] INFO  impl.FollowerState (FollowerState.java:run(117)) - 0c43bc72-d834-4758-b91b-4934a5dc7f3b@group-B5BEB8C9A630-FollowerState was interrupted: java.lang.InterruptedException: sleep interrupted
2019-10-22 04:20:16,948 [Thread-618] INFO  impl.FollowerState (FollowerState.java:run(117)) - 39efaeea-ba86-4fd8-a10a-b7015b9eb4a1@group-B5BEB8C9A630-FollowerState was interrupted: java.lang.InterruptedException: sleep interrupted
2019-10-22 04:20:16,948 [grpc-default-executor-4] INFO  impl.RoleInfo (RoleInfo.java:updateAndGet(143)) - 0c43bc72-d834-4758-b91b-4934a5dc7f3b: start FollowerState
2019-10-22 04:20:16,969 [601b4e43-fd2c-4737-8fdc-9e94860fc946@group-B5BEB8C9A630-LeaderElection28] INFO  impl.LeaderElection (LeaderElection.java:logAndReturn(56)) - 601b4e43-fd2c-4737-8fdc-9e94860fc946@group-B5BEB8C9A630-LeaderElection28: Election REJECTED; received 2 response(s) [601b4e43-fd2c-4737-8fdc-9e94860fc946<-39efaeea-ba86-4fd8-a10a-b7015b9eb4a1#0:FAIL-t22, 601b4e43-fd2c-4737-8fdc-9e94860fc946<-0c43bc72-d834-4758-b91b-4934a5dc7f3b#0:FAIL-t22] and 0 exception(s); 601b4e43-fd2c-4737-8fdc-9e94860fc946@group-B5BEB8C9A630:t22, leader=null, voted=601b4e43-fd2c-4737-8fdc-9e94860fc946, raftlog=601b4e43-fd2c-4737-8fdc-9e94860fc946@group-B5BEB8C9A630-SegmentedRaftLog:OPENED:c-1,f-1,i0, conf=-1: [39efaeea-ba86-4fd8-a10a-b7015b9eb4a1:192.168.34.14:43496, 601b4e43-fd2c-4737-8fdc-9e94860fc946:192.168.34.14:37459, 0c43bc72-d834-4758-b91b-4934a5dc7f3b:192.168.34.14:33792], old=null
2019-10-22 04:20:16,969 [601b4e43-fd2c-4737-8fdc-9e94860fc946@group-B5BEB8C9A630-LeaderElection28] INFO  impl.RaftServerImpl (RaftServerImpl.java:setRole(184)) - 601b4e43-fd2c-4737-8fdc-9e94860fc946@group-B5BEB8C9A630: changes role from CANDIDATE to FOLLOWER at term 22 for DISCOVERED_A_NEW_TERM
2019-10-22 04:20:16,969 [601b4e43-fd2c-4737-8fdc-9e94860fc946@group-B5BEB8C9A630-LeaderElection28] INFO  impl.RoleInfo (RoleInfo.java:shutdownLeaderElection(134)) - 601b4e43-fd2c-4737-8fdc-9e94860fc946: shutdown LeaderElection
2019-10-22 04:20:16,969 [601b4e43-fd2c-4737-8fdc-9e94860fc946@group-B5BEB8C9A630-LeaderElection28] INFO  impl.RoleInfo (RoleInfo.java:updateAndGet(143)) - 601b4e43-fd2c-4737-8fdc-9e94860fc946: start FollowerState
2019-10-22 04:20:17,164 [Thread-626] INFO  impl.FollowerState (FollowerState.java:run(108)) - 601b4e43-fd2c-4737-8fdc-9e94860fc946@group-B5BEB8C9A630-FollowerState: change to CANDIDATE, lastRpcTime:194ms, electionTimeout:194ms
2019-10-22 04:20:17,165 [Thread-626] INFO  impl.RoleInfo (RoleInfo.java:shutdownFollowerState(121)) - 601b4e43-fd2c-4737-8fdc-9e94860fc946: shutdown FollowerState
2019-10-22 04:20:17,165 [Thread-626] INFO  impl.RaftServerImpl (RaftServerImpl.java:setRole(184)) - 601b4e43-fd2c-4737-8fdc-9e94860fc946@group-B5BEB8C9A630: changes role from  FOLLOWER to CANDIDATE at term 22 for changeToCandidate
2019-10-22 04:20:17,165 [Thread-626] INFO  impl.RoleInfo (RoleInfo.java:updateAndGet(143)) - 601b4e43-fd2c-4737-8fdc-9e94860fc946: start LeaderElection
2019-10-22 04:20:17,180 [601b4e43-fd2c-4737-8fdc-9e94860fc946@group-B5BEB8C9A630-LeaderElection29] INFO  impl.LeaderElection (LeaderElection.java:askForVotes(178)) - 601b4e43-fd2c-4737-8fdc-9e94860fc946@group-B5BEB8C9A630-LeaderElection29: begin an election at term 23 for -1: [39efaeea-ba86-4fd8-a10a-b7015b9eb4a1:192.168.34.14:43496, 601b4e43-fd2c-4737-8fdc-9e94860fc946:192.168.34.14:37459, 0c43bc72-d834-4758-b91b-4934a5dc7f3b:192.168.34.14:33792], old=null
2019-10-22 04:20:17,183 [grpc-default-executor-0] INFO  impl.RaftServerImpl (RaftServerImpl.java:setRole(184)) - 39efaeea-ba86-4fd8-a10a-b7015b9eb4a1@group-B5BEB8C9A630: changes role from  FOLLOWER to FOLLOWER at term 23 for recognizeCandidate:601b4e43-fd2c-4737-8fdc-9e94860fc946
2019-10-22 04:20:17,183 [grpc-default-executor-4] INFO  impl.RaftServerImpl (RaftServerImpl.java:setRole(184)) - 0c43bc72-d834-4758-b91b-4934a5dc7f3b@group-B5BEB8C9A630: changes role from  FOLLOWER to FOLLOWER at term 23 for recognizeCandidate:601b4e43-fd2c-4737-8fdc-9e94860fc946
2019-10-22 04:20:17,183 [grpc-default-executor-0] INFO  impl.RoleInfo (RoleInfo.java:shutdownFollowerState(121)) - 39efaeea-ba86-4fd8-a10a-b7015b9eb4a1: shutdown FollowerState
2019-10-22 04:20:17,183 [grpc-default-executor-4] INFO  impl.RoleInfo (RoleInfo.java:shutdownFollowerState(121)) - 0c43bc72-d834-4758-b91b-4934a5dc7f3b: shutdown FollowerState
2019-10-22 04:20:17,183 [Thread-624] INFO  impl.FollowerState (FollowerState.java:run(117)) - 39efaeea-ba86-4fd8-a10a-b7015b9eb4a1@group-B5BEB8C9A630-FollowerState was interrupted: java.lang.InterruptedException: sleep interrupted
2019-10-22 04:20:17,183 [grpc-default-executor-0] INFO  impl.RoleInfo (RoleInfo.java:updateAndGet(143)) - 39efaeea-ba86-4fd8-a10a-b7015b9eb4a1: start FollowerState
2019-10-22 04:20:17,183 [Thread-625] INFO  impl.FollowerState (FollowerState.java:run(117)) - 0c43bc72-d834-4758-b91b-4934a5dc7f3b@group-B5BEB8C9A630-FollowerState was interrupted: java.lang.InterruptedException: sleep interrupted
2019-10-22 04:20:17,183 [grpc-default-executor-4] INFO  impl.RoleInfo (RoleInfo.java:updateAndGet(143)) - 0c43bc72-d834-4758-b91b-4934a5dc7f3b: start FollowerState
2019-10-22 04:20:17,200 [601b4e43-fd2c-4737-8fdc-9e94860fc946@group-B5BEB8C9A630-LeaderElection29] INFO  impl.LeaderElection (LeaderElection.java:logAndReturn(56)) - 601b4e43-fd2c-4737-8fdc-9e94860fc946@group-B5BEB8C9A630-LeaderElection29: Election REJECTED; received 2 response(s) [601b4e43-fd2c-4737-8fdc-9e94860fc946<-39efaeea-ba86-4fd8-a10a-b7015b9eb4a1#0:FAIL-t23, 601b4e43-fd2c-4737-8fdc-9e94860fc946<-0c43bc72-d834-4758-b91b-4934a5dc7f3b#0:FAIL-t23] and 0 exception(s); 601b4e43-fd2c-4737-8fdc-9e94860fc946@group-B5BEB8C9A630:t23, leader=null, voted=601b4e43-fd2c-4737-8fdc-9e94860fc946, raftlog=601b4e43-fd2c-4737-8fdc-9e94860fc946@group-B5BEB8C9A630-SegmentedRaftLog:OPENED:c-1,f-1,i0, conf=-1: [39efaeea-ba86-4fd8-a10a-b7015b9eb4a1:192.168.34.14:43496, 601b4e43-fd2c-4737-8fdc-9e94860fc946:192.168.34.14:37459, 0c43bc72-d834-4758-b91b-4934a5dc7f3b:192.168.34.14:33792], old=null
2019-10-22 04:20:17,200 [601b4e43-fd2c-4737-8fdc-9e94860fc946@group-B5BEB8C9A630-LeaderElection29] INFO  impl.RaftServerImpl (RaftServerImpl.java:setRole(184)) - 601b4e43-fd2c-4737-8fdc-9e94860fc946@group-B5BEB8C9A630: changes role from CANDIDATE to FOLLOWER at term 23 for DISCOVERED_A_NEW_TERM
2019-10-22 04:20:17,200 [601b4e43-fd2c-4737-8fdc-9e94860fc946@group-B5BEB8C9A630-LeaderElection29] INFO  impl.RoleInfo (RoleInfo.java:shutdownLeaderElection(134)) - 601b4e43-fd2c-4737-8fdc-9e94860fc946: shutdown LeaderElection
2019-10-22 04:20:17,200 [601b4e43-fd2c-4737-8fdc-9e94860fc946@group-B5BEB8C9A630-LeaderElection29] INFO  impl.RoleInfo (RoleInfo.java:updateAndGet(143)) - 601b4e43-fd2c-4737-8fdc-9e94860fc946: start FollowerState
2019-10-22 04:20:17,317 [Thread-632] INFO  impl.FollowerState (FollowerState.java:run(108)) - 601b4e43-fd2c-4737-8fdc-9e94860fc946@group-B5BEB8C9A630-FollowerState: change to CANDIDATE, lastRpcTime:116ms, electionTimeout:116ms
2019-10-22 04:20:17,318 [Thread-632] INFO  impl.RoleInfo (RoleInfo.java:shutdownFollowerState(121)) - 601b4e43-fd2c-4737-8fdc-9e94860fc946: shutdown FollowerState
2019-10-22 04:20:17,318 [Thread-632] INFO  impl.RaftServerImpl (RaftServerImpl.java:setRole(184)) - 601b4e43-fd2c-4737-8fdc-9e94860fc946@group-B5BEB8C9A630: changes role from  FOLLOWER to CANDIDATE at term 23 for changeToCandidate
2019-10-22 04:20:17,318 [Thread-632] INFO  impl.RoleInfo (RoleInfo.java:updateAndGet(143)) - 601b4e43-fd2c-4737-8fdc-9e94860fc946: start LeaderElection
2019-10-22 04:20:17,332 [601b4e43-fd2c-4737-8fdc-9e94860fc946@group-B5BEB8C9A630-LeaderElection30] INFO  impl.LeaderElection (LeaderElection.java:askForVotes(178)) - 601b4e43-fd2c-4737-8fdc-9e94860fc946@group-B5BEB8C9A630-LeaderElection30: begin an election at term 24 for -1: [39efaeea-ba86-4fd8-a10a-b7015b9eb4a1:192.168.34.14:43496, 601b4e43-fd2c-4737-8fdc-9e94860fc946:192.168.34.14:37459, 0c43bc72-d834-4758-b91b-4934a5dc7f3b:192.168.34.14:33792], old=null
2019-10-22 04:20:17,334 [grpc-default-executor-4] INFO  impl.RaftServerImpl (RaftServerImpl.java:setRole(184)) - 39efaeea-ba86-4fd8-a10a-b7015b9eb4a1@group-B5BEB8C9A630: changes role from  FOLLOWER to FOLLOWER at term 24 for recognizeCandidate:601b4e43-fd2c-4737-8fdc-9e94860fc946
2019-10-22 04:20:17,334 [grpc-default-executor-0] INFO  impl.RaftServerImpl (RaftServerImpl.java:setRole(184)) - 0c43bc72-d834-4758-b91b-4934a5dc7f3b@group-B5BEB8C9A630: changes role from  FOLLOWER to FOLLOWER at term 24 for recognizeCandidate:601b4e43-fd2c-4737-8fdc-9e94860fc946
2019-10-22 04:20:17,334 [grpc-default-executor-4] INFO  impl.RoleInfo (RoleInfo.java:shutdownFollowerState(121)) - 39efaeea-ba86-4fd8-a10a-b7015b9eb4a1: shutdown FollowerState
2019-10-22 04:20:17,334 [grpc-default-executor-0] INFO  impl.RoleInfo (RoleInfo.java:shutdownFollowerState(121)) - 0c43bc72-d834-4758-b91b-4934a5dc7f3b: shutdown FollowerState
2019-10-22 04:20:17,335 [Thread-630] INFO  impl.FollowerState (FollowerState.java:run(117)) - 39efaeea-ba86-4fd8-a10a-b7015b9eb4a1@group-B5BEB8C9A630-FollowerState was interrupted: java.lang.InterruptedException: sleep interrupted
2019-10-22 04:20:17,335 [Thread-631] INFO  impl.FollowerState (FollowerState.java:run(117)) - 0c43bc72-d834-4758-b91b-4934a5dc7f3b@group-B5BEB8C9A630-FollowerState was interrupted: java.lang.InterruptedException: sleep interrupted
2019-10-22 04:20:17,335 [grpc-default-executor-4] INFO  impl.RoleInfo (RoleInfo.java:updateAndGet(143)) - 39efaeea-ba86-4fd8-a10a-b7015b9eb4a1: start FollowerState
2019-10-22 04:20:17,335 [grpc-default-executor-0] INFO  impl.RoleInfo (RoleInfo.java:updateAndGet(143)) - 0c43bc72-d834-4758-b91b-4934a5dc7f3b: start FollowerState
2019-10-22 04:20:17,350 [601b4e43-fd2c-4737-8fdc-9e94860fc946@group-B5BEB8C9A630-LeaderElection30] INFO  impl.LeaderElection (LeaderElection.java:logAndReturn(56)) - 601b4e43-fd2c-4737-8fdc-9e94860fc946@group-B5BEB8C9A630-LeaderElection30: Election REJECTED; received 2 response(s) [601b4e43-fd2c-4737-8fdc-9e94860fc946<-39efaeea-ba86-4fd8-a10a-b7015b9eb4a1#0:FAIL-t24, 601b4e43-fd2c-4737-8fdc-9e94860fc946<-0c43bc72-d834-4758-b91b-4934a5dc7f3b#0:FAIL-t24] and 0 exception(s); 601b4e43-fd2c-4737-8fdc-9e94860fc946@group-B5BEB8C9A630:t24, leader=null, voted=601b4e43-fd2c-4737-8fdc-9e94860fc946, raftlog=601b4e43-fd2c-4737-8fdc-9e94860fc946@group-B5BEB8C9A630-SegmentedRaftLog:OPENED:c-1,f-1,i0, conf=-1: [39efaeea-ba86-4fd8-a10a-b7015b9eb4a1:192.168.34.14:43496, 601b4e43-fd2c-4737-8fdc-9e94860fc946:192.168.34.14:37459, 0c43bc72-d834-4758-b91b-4934a5dc7f3b:192.168.34.14:33792], old=null
2019-10-22 04:20:17,350 [601b4e43-fd2c-4737-8fdc-9e94860fc946@group-B5BEB8C9A630-LeaderElection30] INFO  impl.RaftServerImpl (RaftServerImpl.java:setRole(184)) - 601b4e43-fd2c-4737-8fdc-9e94860fc946@group-B5BEB8C9A630: changes role from CANDIDATE to FOLLOWER at term 24 for DISCOVERED_A_NEW_TERM
2019-10-22 04:20:17,350 [601b4e43-fd2c-4737-8fdc-9e94860fc946@group-B5BEB8C9A630-LeaderElection30] INFO  impl.RoleInfo (RoleInfo.java:shutdownLeaderElection(134)) - 601b4e43-fd2c-4737-8fdc-9e94860fc946: shutdown LeaderElection
2019-10-22 04:20:17,351 [601b4e43-fd2c-4737-8fdc-9e94860fc946@group-B5BEB8C9A630-LeaderElection30] INFO  impl.RoleInfo (RoleInfo.java:updateAndGet(143)) - 601b4e43-fd2c-4737-8fdc-9e94860fc946: start FollowerState
2019-10-22 04:20:17,535 [Thread-638] INFO  impl.FollowerState (FollowerState.java:run(108)) - 601b4e43-fd2c-4737-8fdc-9e94860fc946@group-B5BEB8C9A630-FollowerState: change to CANDIDATE, lastRpcTime:184ms, electionTimeout:184ms
2019-10-22 04:20:17,536 [Thread-638] INFO  impl.RoleInfo (RoleInfo.java:shutdownFollowerState(121)) - 601b4e43-fd2c-4737-8fdc-9e94860fc946: shutdown FollowerState
2019-10-22 04:20:17,536 [Thread-638] INFO  impl.RaftServerImpl (RaftServerImpl.java:setRole(184)) - 601b4e43-fd2c-4737-8fdc-9e94860fc946@group-B5BEB8C9A630: changes role from  FOLLOWER to CANDIDATE at term 24 for changeToCandidate
2019-10-22 04:20:17,537 [Thread-638] INFO  impl.RoleInfo (RoleInfo.java:updateAndGet(143)) - 601b4e43-fd2c-4737-8fdc-9e94860fc946: start LeaderElection
2019-10-22 04:20:17,551 [601b4e43-fd2c-4737-8fdc-9e94860fc946@group-B5BEB8C9A630-LeaderElection31] INFO  impl.LeaderElection (LeaderElection.java:askForVotes(178)) - 601b4e43-fd2c-4737-8fdc-9e94860fc946@group-B5BEB8C9A630-LeaderElection31: begin an election at term 25 for -1: [39efaeea-ba86-4fd8-a10a-b7015b9eb4a1:192.168.34.14:43496, 601b4e43-fd2c-4737-8fdc-9e94860fc946:192.168.34.14:37459, 0c43bc72-d834-4758-b91b-4934a5dc7f3b:192.168.34.14:33792], old=null
2019-10-22 04:20:17,553 [grpc-default-executor-4] INFO  impl.RaftServerImpl (RaftServerImpl.java:setRole(184)) - 39efaeea-ba86-4fd8-a10a-b7015b9eb4a1@group-B5BEB8C9A630: changes role from  FOLLOWER to FOLLOWER at term 25 for recognizeCandidate:601b4e43-fd2c-4737-8fdc-9e94860fc946
2019-10-22 04:20:17,553 [grpc-default-executor-0] INFO  impl.RaftServerImpl (RaftServerImpl.java:setRole(184)) - 0c43bc72-d834-4758-b91b-4934a5dc7f3b@group-B5BEB8C9A630: changes role from  FOLLOWER to FOLLOWER at term 25 for recognizeCandidate:601b4e43-fd2c-4737-8fdc-9e94860fc946
2019-10-22 04:20:17,553 [grpc-default-executor-4] INFO  impl.RoleInfo (RoleInfo.java:shutdownFollowerState(121)) - 39efaeea-ba86-4fd8-a10a-b7015b9eb4a1: shutdown FollowerState
2019-10-22 04:20:17,553 [grpc-default-executor-0] INFO  impl.RoleInfo (RoleInfo.java:shutdownFollowerState(121)) - 0c43bc72-d834-4758-b91b-4934a5dc7f3b: shutdown FollowerState
2019-10-22 04:20:17,554 [Thread-636] INFO  impl.FollowerState (FollowerState.java:run(117)) - 39efaeea-ba86-4fd8-a10a-b7015b9eb4a1@group-B5BEB8C9A630-FollowerState was interrupted: java.lang.InterruptedException: sleep interrupted
2019-10-22 04:20:17,554 [Thread-637] INFO  impl.FollowerState (FollowerState.java:run(117)) - 0c43bc72-d834-4758-b91b-4934a5dc7f3b@group-B5BEB8C9A630-FollowerState was interrupted: java.lang.InterruptedException: sleep interrupted
2019-10-22 04:20:17,553 [grpc-default-executor-4] INFO  impl.RoleInfo (RoleInfo.java:updateAndGet(143)) - 39efaeea-ba86-4fd8-a10a-b7015b9eb4a1: start FollowerState
2019-10-22 04:20:17,554 [grpc-default-executor-0] INFO  impl.RoleInfo (RoleInfo.java:updateAndGet(143)) - 0c43bc72-d834-4758-b91b-4934a5dc7f3b: start FollowerState
2019-10-22 04:20:17,569 [601b4e43-fd2c-4737-8fdc-9e94860fc946@group-B5BEB8C9A630-LeaderElection31] INFO  impl.LeaderElection (LeaderElection.java:logAndReturn(56)) - 601b4e43-fd2c-4737-8fdc-9e94860fc946@group-B5BEB8C9A630-LeaderElection31: Election REJECTED; received 2 response(s) [601b4e43-fd2c-4737-8fdc-9e94860fc946<-39efaeea-ba86-4fd8-a10a-b7015b9eb4a1#0:FAIL-t25, 601b4e43-fd2c-4737-8fdc-9e94860fc946<-0c43bc72-d834-4758-b91b-4934a5dc7f3b#0:FAIL-t25] and 0 exception(s); 601b4e43-fd2c-4737-8fdc-9e94860fc946@group-B5BEB8C9A630:t25, leader=null, voted=601b4e43-fd2c-4737-8fdc-9e94860fc946, raftlog=601b4e43-fd2c-4737-8fdc-9e94860fc946@group-B5BEB8C9A630-SegmentedRaftLog:OPENED:c-1,f-1,i0, conf=-1: [39efaeea-ba86-4fd8-a10a-b7015b9eb4a1:192.168.34.14:43496, 601b4e43-fd2c-4737-8fdc-9e94860fc946:192.168.34.14:37459, 0c43bc72-d834-4758-b91b-4934a5dc7f3b:192.168.34.14:33792], old=null
2019-10-22 04:20:17,569 [601b4e43-fd2c-4737-8fdc-9e94860fc946@group-B5BEB8C9A630-LeaderElection31] INFO  impl.RaftServerImpl (RaftServerImpl.java:setRole(184)) - 601b4e43-fd2c-4737-8fdc-9e94860fc946@group-B5BEB8C9A630: changes role from CANDIDATE to FOLLOWER at term 25 for DISCOVERED_A_NEW_TERM
2019-10-22 04:20:17,569 [601b4e43-fd2c-4737-8fdc-9e94860fc946@group-B5BEB8C9A630-LeaderElection31] INFO  impl.RoleInfo (RoleInfo.java:shutdownLeaderElection(134)) - 601b4e43-fd2c-4737-8fdc-9e94860fc946: shutdown LeaderElection
2019-10-22 04:20:17,569 [601b4e43-fd2c-4737-8fdc-9e94860fc946@group-B5BEB8C9A630-LeaderElection31] INFO  impl.RoleInfo (RoleInfo.java:updateAndGet(143)) - 601b4e43-fd2c-4737-8fdc-9e94860fc946: start FollowerState
2019-10-22 04:20:17,709 [Thread-644] INFO  impl.FollowerState (FollowerState.java:run(108)) - 601b4e43-fd2c-4737-8fdc-9e94860fc946@group-B5BEB8C9A630-FollowerState: change to CANDIDATE, lastRpcTime:139ms, electionTimeout:139ms
2019-10-22 04:20:17,710 [Thread-644] INFO  impl.RoleInfo (RoleInfo.java:shutdownFollowerState(121)) - 601b4e43-fd2c-4737-8fdc-9e94860fc946: shutdown FollowerState
2019-10-22 04:20:17,710 [Thread-644] INFO  impl.RaftServerImpl (RaftServerImpl.java:setRole(184)) - 601b4e43-fd2c-4737-8fdc-9e94860fc946@group-B5BEB8C9A630: changes role from  FOLLOWER to CANDIDATE at term 25 for changeToCandidate
2019-10-22 04:20:17,710 [Thread-644] INFO  impl.RoleInfo (RoleInfo.java:updateAndGet(143)) - 601b4e43-fd2c-4737-8fdc-9e94860fc946: start LeaderElection
2019-10-22 04:20:17,724 [601b4e43-fd2c-4737-8fdc-9e94860fc946@group-B5BEB8C9A630-LeaderElection32] INFO  impl.LeaderElection (LeaderElection.java:askForVotes(178)) - 601b4e43-fd2c-4737-8fdc-9e94860fc946@group-B5BEB8C9A630-LeaderElection32: begin an election at term 26 for -1: [39efaeea-ba86-4fd8-a10a-b7015b9eb4a1:192.168.34.14:43496, 601b4e43-fd2c-4737-8fdc-9e94860fc946:192.168.34.14:37459, 0c43bc72-d834-4758-b91b-4934a5dc7f3b:192.168.34.14:33792], old=null
2019-10-22 04:20:17,726 [grpc-default-executor-4] INFO  impl.RaftServerImpl (RaftServerImpl.java:setRole(184)) - 39efaeea-ba86-4fd8-a10a-b7015b9eb4a1@group-B5BEB8C9A630: changes role from  FOLLOWER to FOLLOWER at term 26 for recognizeCandidate:601b4e43-fd2c-4737-8fdc-9e94860fc946
2019-10-22 04:20:17,726 [grpc-default-executor-4] INFO  impl.RoleInfo (RoleInfo.java:shutdownFollowerState(121)) - 39efaeea-ba86-4fd8-a10a-b7015b9eb4a1: shutdown FollowerState
2019-10-22 04:20:17,726 [grpc-default-executor-0] INFO  impl.RaftServerImpl (RaftServerImpl.java:setRole(184)) - 0c43bc72-d834-4758-b91b-4934a5dc7f3b@group-B5BEB8C9A630: changes role from  FOLLOWER to FOLLOWER at term 26 for recognizeCandidate:601b4e43-fd2c-4737-8fdc-9e94860fc946
2019-10-22 04:20:17,726 [grpc-default-executor-4] INFO  impl.RoleInfo (RoleInfo.java:updateAndGet(143)) - 39efaeea-ba86-4fd8-a10a-b7015b9eb4a1: start FollowerState
2019-10-22 04:20:17,726 [Thread-642] INFO  impl.FollowerState (FollowerState.java:run(117)) - 39efaeea-ba86-4fd8-a10a-b7015b9eb4a1@group-B5BEB8C9A630-FollowerState was interrupted: java.lang.InterruptedException: sleep interrupted
2019-10-22 04:20:17,727 [grpc-default-executor-0] INFO  impl.RoleInfo (RoleInfo.java:shutdownFollowerState(121)) - 0c43bc72-d834-4758-b91b-4934a5dc7f3b: shutdown FollowerState
2019-10-22 04:20:17,727 [Thread-643] INFO  impl.FollowerState (FollowerState.java:run(117)) - 0c43bc72-d834-4758-b91b-4934a5dc7f3b@group-B5BEB8C9A630-FollowerState was interrupted: java.lang.InterruptedException: sleep interrupted
2019-10-22 04:20:17,727 [grpc-default-executor-0] INFO  impl.RoleInfo (RoleInfo.java:updateAndGet(143)) - 0c43bc72-d834-4758-b91b-4934a5dc7f3b: start FollowerState
2019-10-22 04:20:17,741 [601b4e43-fd2c-4737-8fdc-9e94860fc946@group-B5BEB8C9A630-LeaderElection32] INFO  impl.LeaderElection (LeaderElection.java:logAndReturn(56)) - 601b4e43-fd2c-4737-8fdc-9e94860fc946@group-B5BEB8C9A630-LeaderElection32: Election REJECTED; received 2 response(s) [601b4e43-fd2c-4737-8fdc-9e94860fc946<-39efaeea-ba86-4fd8-a10a-b7015b9eb4a1#0:FAIL-t26, 601b4e43-fd2c-4737-8fdc-9e94860fc946<-0c43bc72-d834-4758-b91b-4934a5dc7f3b#0:FAIL-t26] and 0 exception(s); 601b4e43-fd2c-4737-8fdc-9e94860fc946@group-B5BEB8C9A630:t26, leader=null, voted=601b4e43-fd2c-4737-8fdc-9e94860fc946, raftlog=601b4e43-fd2c-4737-8fdc-9e94860fc946@group-B5BEB8C9A630-SegmentedRaftLog:OPENED:c-1,f-1,i0, conf=-1: [39efaeea-ba86-4fd8-a10a-b7015b9eb4a1:192.168.34.14:43496, 601b4e43-fd2c-4737-8fdc-9e94860fc946:192.168.34.14:37459, 0c43bc72-d834-4758-b91b-4934a5dc7f3b:192.168.34.14:33792], old=null
2019-10-22 04:20:17,741 [601b4e43-fd2c-4737-8fdc-9e94860fc946@group-B5BEB8C9A630-LeaderElection32] INFO  impl.RaftServerImpl (RaftServerImpl.java:setRole(184)) - 601b4e43-fd2c-4737-8fdc-9e94860fc946@group-B5BEB8C9A630: changes role from CANDIDATE to FOLLOWER at term 26 for DISCOVERED_A_NEW_TERM
2019-10-22 04:20:17,742 [601b4e43-fd2c-4737-8fdc-9e94860fc946@group-B5BEB8C9A630-LeaderElection32] INFO  impl.RoleInfo (RoleInfo.java:shutdownLeaderElection(134)) - 601b4e43-fd2c-4737-8fdc-9e94860fc946: shutdown LeaderElection
2019-10-22 04:20:17,742 [601b4e43-fd2c-4737-8fdc-9e94860fc946@group-B5BEB8C9A630-LeaderElection32] INFO  impl.RoleInfo (RoleInfo.java:updateAndGet(143)) - 601b4e43-fd2c-4737-8fdc-9e94860fc946: start FollowerState
2019-10-22 04:20:17,798 [Thread-650] INFO  impl.FollowerState (FollowerState.java:run(108)) - 601b4e43-fd2c-4737-8fdc-9e94860fc946@group-B5BEB8C9A630-FollowerState: change to CANDIDATE, lastRpcTime:56ms, electionTimeout:56ms
2019-10-22 04:20:17,799 [Thread-650] INFO  impl.RoleInfo (RoleInfo.java:shutdownFollowerState(121)) - 601b4e43-fd2c-4737-8fdc-9e94860fc946: shutdown FollowerState
2019-10-22 04:20:17,799 [Thread-650] INFO  impl.RaftServerImpl (RaftServerImpl.java:setRole(184)) - 601b4e43-fd2c-4737-8fdc-9e94860fc946@group-B5BEB8C9A630: changes role from  FOLLOWER to CANDIDATE at term 26 for changeToCandidate
2019-10-22 04:20:17,800 [Thread-650] INFO  impl.RoleInfo (RoleInfo.java:updateAndGet(143)) - 601b4e43-fd2c-4737-8fdc-9e94860fc946: start LeaderElection
2019-10-22 04:20:17,814 [601b4e43-fd2c-4737-8fdc-9e94860fc946@group-B5BEB8C9A630-LeaderElection33] INFO  impl.LeaderElection (LeaderElection.java:askForVotes(178)) - 601b4e43-fd2c-4737-8fdc-9e94860fc946@group-B5BEB8C9A630-LeaderElection33: begin an election at term 27 for -1: [39efaeea-ba86-4fd8-a10a-b7015b9eb4a1:192.168.34.14:43496, 601b4e43-fd2c-4737-8fdc-9e94860fc946:192.168.34.14:37459, 0c43bc72-d834-4758-b91b-4934a5dc7f3b:192.168.34.14:33792], old=null
2019-10-22 04:20:17,816 [grpc-default-executor-0] INFO  impl.RaftServerImpl (RaftServerImpl.java:setRole(184)) - 39efaeea-ba86-4fd8-a10a-b7015b9eb4a1@group-B5BEB8C9A630: changes role from  FOLLOWER to FOLLOWER at term 27 for recognizeCandidate:601b4e43-fd2c-4737-8fdc-9e94860fc946
2019-10-22 04:20:17,816 [grpc-default-executor-0] INFO  impl.RoleInfo (RoleInfo.java:shutdownFollowerState(121)) - 39efaeea-ba86-4fd8-a10a-b7015b9eb4a1: shutdown FollowerState
2019-10-22 04:20:17,816 [grpc-default-executor-0] INFO  impl.RoleInfo (RoleInfo.java:updateAndGet(143)) - 39efaeea-ba86-4fd8-a10a-b7015b9eb4a1: start FollowerState
2019-10-22 04:20:17,816 [Thread-648] INFO  impl.FollowerState (FollowerState.java:run(117)) - 39efaeea-ba86-4fd8-a10a-b7015b9eb4a1@group-B5BEB8C9A630-FollowerState was interrupted: java.lang.InterruptedException: sleep interrupted
2019-10-22 04:20:17,817 [grpc-default-executor-4] INFO  impl.RaftServerImpl (RaftServerImpl.java:setRole(184)) - 0c43bc72-d834-4758-b91b-4934a5dc7f3b@group-B5BEB8C9A630: changes role from  FOLLOWER to FOLLOWER at term 27 for recognizeCandidate:601b4e43-fd2c-4737-8fdc-9e94860fc946
2019-10-22 04:20:17,817 [grpc-default-executor-4] INFO  impl.RoleInfo (RoleInfo.java:shutdownFollowerState(121)) - 0c43bc72-d834-4758-b91b-4934a5dc7f3b: shutdown FollowerState
2019-10-22 04:20:17,817 [grpc-default-executor-4] INFO  impl.RoleInfo (RoleInfo.java:updateAndGet(143)) - 0c43bc72-d834-4758-b91b-4934a5dc7f3b: start FollowerState
2019-10-22 04:20:17,817 [Thread-649] INFO  impl.FollowerState (FollowerState.java:run(117)) - 0c43bc72-d834-4758-b91b-4934a5dc7f3b@group-B5BEB8C9A630-FollowerState was interrupted: java.lang.InterruptedException: sleep interrupted
2019-10-22 04:20:17,831 [601b4e43-fd2c-4737-8fdc-9e94860fc946@group-B5BEB8C9A630-LeaderElection33] INFO  impl.LeaderElection (LeaderElection.java:logAndReturn(56)) - 601b4e43-fd2c-4737-8fdc-9e94860fc946@group-B5BEB8C9A630-LeaderElection33: Election REJECTED; received 2 response(s) [601b4e43-fd2c-4737-8fdc-9e94860fc946<-39efaeea-ba86-4fd8-a10a-b7015b9eb4a1#0:FAIL-t27, 601b4e43-fd2c-4737-8fdc-9e94860fc946<-0c43bc72-d834-4758-b91b-4934a5dc7f3b#0:FAIL-t27] and 0 exception(s); 601b4e43-fd2c-4737-8fdc-9e94860fc946@group-B5BEB8C9A630:t27, leader=null, voted=601b4e43-fd2c-4737-8fdc-9e94860fc946, raftlog=601b4e43-fd2c-4737-8fdc-9e94860fc946@group-B5BEB8C9A630-SegmentedRaftLog:OPENED:c-1,f-1,i0, conf=-1: [39efaeea-ba86-4fd8-a10a-b7015b9eb4a1:192.168.34.14:43496, 601b4e43-fd2c-4737-8fdc-9e94860fc946:192.168.34.14:37459, 0c43bc72-d834-4758-b91b-4934a5dc7f3b:192.168.34.14:33792], old=null
2019-10-22 04:20:17,831 [601b4e43-fd2c-4737-8fdc-9e94860fc946@group-B5BEB8C9A630-LeaderElection33] INFO  impl.RaftServerImpl (RaftServerImpl.java:setRole(184)) - 601b4e43-fd2c-4737-8fdc-9e94860fc946@group-B5BEB8C9A630: changes role from CANDIDATE to FOLLOWER at term 27 for DISCOVERED_A_NEW_TERM
2019-10-22 04:20:17,831 [601b4e43-fd2c-4737-8fdc-9e94860fc946@group-B5BEB8C9A630-LeaderElection33] INFO  impl.RoleInfo (RoleInfo.java:shutdownLeaderElection(134)) - 601b4e43-fd2c-4737-8fdc-9e94860fc946: shutdown LeaderElection
2019-10-22 04:20:17,831 [601b4e43-fd2c-4737-8fdc-9e94860fc946@group-B5BEB8C9A630-LeaderElection33] INFO  impl.RoleInfo (RoleInfo.java:updateAndGet(143)) - 601b4e43-fd2c-4737-8fdc-9e94860fc946: start FollowerState
2019-10-22 04:20:17,842 [Thread-656] INFO  impl.FollowerState (FollowerState.java:run(108)) - 601b4e43-fd2c-4737-8fdc-9e94860fc946@group-B5BEB8C9A630-FollowerState: change to CANDIDATE, lastRpcTime:10ms, electionTimeout:10ms
2019-10-22 04:20:17,843 [Thread-656] INFO  impl.RoleInfo (RoleInfo.java:shutdownFollowerState(121)) - 601b4e43-fd2c-4737-8fdc-9e94860fc946: shutdown FollowerState
2019-10-22 04:20:17,843 [Thread-656] INFO  impl.RaftServerImpl (RaftServerImpl.java:setRole(184)) - 601b4e43-fd2c-4737-8fdc-9e94860fc946@group-B5BEB8C9A630: changes role from  FOLLOWER to CANDIDATE at term 27 for changeToCandidate
2019-10-22 04:20:17,843 [Thread-656] INFO  impl.RoleInfo (RoleInfo.java:updateAndGet(143)) - 601b4e43-fd2c-4737-8fdc-9e94860fc946: start LeaderElection
2019-10-22 04:20:17,856 [601b4e43-fd2c-4737-8fdc-9e94860fc946@group-B5BEB8C9A630-LeaderElection34] INFO  impl.LeaderElection (LeaderElection.java:askForVotes(178)) - 601b4e43-fd2c-4737-8fdc-9e94860fc946@group-B5BEB8C9A630-LeaderElection34: begin an election at term 28 for -1: [39efaeea-ba86-4fd8-a10a-b7015b9eb4a1:192.168.34.14:43496, 601b4e43-fd2c-4737-8fdc-9e94860fc946:192.168.34.14:37459, 0c43bc72-d834-4758-b91b-4934a5dc7f3b:192.168.34.14:33792], old=null
2019-10-22 04:20:17,858 [grpc-default-executor-4] INFO  impl.RaftServerImpl (RaftServerImpl.java:setRole(184)) - 39efaeea-ba86-4fd8-a10a-b7015b9eb4a1@group-B5BEB8C9A630: changes role from  FOLLOWER to FOLLOWER at term 28 for recognizeCandidate:601b4e43-fd2c-4737-8fdc-9e94860fc946
2019-10-22 04:20:17,859 [grpc-default-executor-4] INFO  impl.RoleInfo (RoleInfo.java:shutdownFollowerState(121)) - 39efaeea-ba86-4fd8-a10a-b7015b9eb4a1: shutdown FollowerState
2019-10-22 04:20:17,859 [grpc-default-executor-0] INFO  impl.RaftServerImpl (RaftServerImpl.java:setRole(184)) - 0c43bc72-d834-4758-b91b-4934a5dc7f3b@group-B5BEB8C9A630: changes role from  FOLLOWER to FOLLOWER at term 28 for recognizeCandidate:601b4e43-fd2c-4737-8fdc-9e94860fc946
2019-10-22 04:20:17,859 [Thread-654] INFO  impl.FollowerState (FollowerState.java:run(117)) - 39efaeea-ba86-4fd8-a10a-b7015b9eb4a1@group-B5BEB8C9A630-FollowerState was interrupted: java.lang.InterruptedException: sleep interrupted
2019-10-22 04:20:17,859 [grpc-default-executor-4] INFO  impl.RoleInfo (RoleInfo.java:updateAndGet(143)) - 39efaeea-ba86-4fd8-a10a-b7015b9eb4a1: start FollowerState
2019-10-22 04:20:17,859 [grpc-default-executor-0] INFO  impl.RoleInfo (RoleInfo.java:shutdownFollowerState(121)) - 0c43bc72-d834-4758-b91b-4934a5dc7f3b: shutdown FollowerState
2019-10-22 04:20:17,860 [grpc-default-executor-0] INFO  impl.RoleInfo (RoleInfo.java:updateAndGet(143)) - 0c43bc72-d834-4758-b91b-4934a5dc7f3b: start FollowerState
2019-10-22 04:20:17,860 [Thread-655] INFO  impl.FollowerState (FollowerState.java:run(117)) - 0c43bc72-d834-4758-b91b-4934a5dc7f3b@group-B5BEB8C9A630-FollowerState was interrupted: java.lang.InterruptedException: sleep interrupted
2019-10-22 04:20:17,875 [601b4e43-fd2c-4737-8fdc-9e94860fc946@group-B5BEB8C9A630-LeaderElection34] INFO  impl.LeaderElection (LeaderElection.java:logAndReturn(56)) - 601b4e43-fd2c-4737-8fdc-9e94860fc946@group-B5BEB8C9A630-LeaderElection34: Election REJECTED; received 2 response(s) [601b4e43-fd2c-4737-8fdc-9e94860fc946<-39efaeea-ba86-4fd8-a10a-b7015b9eb4a1#0:FAIL-t28, 601b4e43-fd2c-4737-8fdc-9e94860fc946<-0c43bc72-d834-4758-b91b-4934a5dc7f3b#0:FAIL-t28] and 0 exception(s); 601b4e43-fd2c-4737-8fdc-9e94860fc946@group-B5BEB8C9A630:t28, leader=null, voted=601b4e43-fd2c-4737-8fdc-9e94860fc946, raftlog=601b4e43-fd2c-4737-8fdc-9e94860fc946@group-B5BEB8C9A630-SegmentedRaftLog:OPENED:c-1,f-1,i0, conf=-1: [39efaeea-ba86-4fd8-a10a-b7015b9eb4a1:192.168.34.14:43496, 601b4e43-fd2c-4737-8fdc-9e94860fc946:192.168.34.14:37459, 0c43bc72-d834-4758-b91b-4934a5dc7f3b:192.168.34.14:33792], old=null
2019-10-22 04:20:17,875 [601b4e43-fd2c-4737-8fdc-9e94860fc946@group-B5BEB8C9A630-LeaderElection34] INFO  impl.RaftServerImpl (RaftServerImpl.java:setRole(184)) - 601b4e43-fd2c-4737-8fdc-9e94860fc946@group-B5BEB8C9A630: changes role from CANDIDATE to FOLLOWER at term 28 for DISCOVERED_A_NEW_TERM
2019-10-22 04:20:17,875 [601b4e43-fd2c-4737-8fdc-9e94860fc946@group-B5BEB8C9A630-LeaderElection34] INFO  impl.RoleInfo (RoleInfo.java:shutdownLeaderElection(134)) - 601b4e43-fd2c-4737-8fdc-9e94860fc946: shutdown LeaderElection
2019-10-22 04:20:17,876 [601b4e43-fd2c-4737-8fdc-9e94860fc946@group-B5BEB8C9A630-LeaderElection34] INFO  impl.RoleInfo (RoleInfo.java:updateAndGet(143)) - 601b4e43-fd2c-4737-8fdc-9e94860fc946: start FollowerState
2019-10-22 04:20:18,071 [Thread-662] INFO  impl.FollowerState (FollowerState.java:run(108)) - 601b4e43-fd2c-4737-8fdc-9e94860fc946@group-B5BEB8C9A630-FollowerState: change to CANDIDATE, lastRpcTime:195ms, electionTimeout:195ms
2019-10-22 04:20:18,072 [Thread-662] INFO  impl.RoleInfo (RoleInfo.java:shutdownFollowerState(121)) - 601b4e43-fd2c-4737-8fdc-9e94860fc946: shutdown FollowerState
2019-10-22 04:20:18,072 [Thread-662] INFO  impl.RaftServerImpl (RaftServerImpl.java:setRole(184)) - 601b4e43-fd2c-4737-8fdc-9e94860fc946@group-B5BEB8C9A630: changes role from  FOLLOWER to CANDIDATE at term 28 for changeToCandidate
2019-10-22 04:20:18,072 [Thread-662] INFO  impl.RoleInfo (RoleInfo.java:updateAndGet(143)) - 601b4e43-fd2c-4737-8fdc-9e94860fc946: start LeaderElection
2019-10-22 04:20:18,128 [601b4e43-fd2c-4737-8fdc-9e94860fc946@group-B5BEB8C9A630-LeaderElection35] INFO  impl.LeaderElection (LeaderElection.java:askForVotes(178)) - 601b4e43-fd2c-4737-8fdc-9e94860fc946@group-B5BEB8C9A630-LeaderElection35: begin an election at term 29 for -1: [39efaeea-ba86-4fd8-a10a-b7015b9eb4a1:192.168.34.14:43496, 601b4e43-fd2c-4737-8fdc-9e94860fc946:192.168.34.14:37459, 0c43bc72-d834-4758-b91b-4934a5dc7f3b:192.168.34.14:33792], old=null
2019-10-22 04:20:18,130 [grpc-default-executor-4] INFO  impl.RaftServerImpl (RaftServerImpl.java:setRole(184)) - 39efaeea-ba86-4fd8-a10a-b7015b9eb4a1@group-B5BEB8C9A630: changes role from  FOLLOWER to FOLLOWER at term 29 for recognizeCandidate:601b4e43-fd2c-4737-8fdc-9e94860fc946
2019-10-22 04:20:18,130 [grpc-default-executor-4] INFO  impl.RoleInfo (RoleInfo.java:shutdownFollowerState(121)) - 39efaeea-ba86-4fd8-a10a-b7015b9eb4a1: shutdown FollowerState
2019-10-22 04:20:18,130 [grpc-default-executor-4] INFO  impl.RoleInfo (RoleInfo.java:updateAndGet(143)) - 39efaeea-ba86-4fd8-a10a-b7015b9eb4a1: start FollowerState
2019-10-22 04:20:18,130 [Thread-660] INFO  impl.FollowerState (FollowerState.java:run(117)) - 39efaeea-ba86-4fd8-a10a-b7015b9eb4a1@group-B5BEB8C9A630-FollowerState was interrupted: java.lang.InterruptedException: sleep interrupted
2019-10-22 04:20:18,130 [grpc-default-executor-0] INFO  impl.RaftServerImpl (RaftServerImpl.java:setRole(184)) - 0c43bc72-d834-4758-b91b-4934a5dc7f3b@group-B5BEB8C9A630: changes role from  FOLLOWER to FOLLOWER at term 29 for recognizeCandidate:601b4e43-fd2c-4737-8fdc-9e94860fc946
2019-10-22 04:20:18,131 [grpc-default-executor-0] INFO  impl.RoleInfo (RoleInfo.java:shutdownFollowerState(121)) - 0c43bc72-d834-4758-b91b-4934a5dc7f3b: shutdown FollowerState
2019-10-22 04:20:18,131 [grpc-default-executor-0] INFO  impl.RoleInfo (RoleInfo.java:updateAndGet(143)) - 0c43bc72-d834-4758-b91b-4934a5dc7f3b: start FollowerState
2019-10-22 04:20:18,131 [Thread-661] INFO  impl.FollowerState (FollowerState.java:run(117)) - 0c43bc72-d834-4758-b91b-4934a5dc7f3b@group-B5BEB8C9A630-FollowerState was interrupted: java.lang.InterruptedException: sleep interrupted
2019-10-22 04:20:18,155 [601b4e43-fd2c-4737-8fdc-9e94860fc946@group-B5BEB8C9A630-LeaderElection35] INFO  impl.LeaderElection (LeaderElection.java:logAndReturn(56)) - 601b4e43-fd2c-4737-8fdc-9e94860fc946@group-B5BEB8C9A630-LeaderElection35: Election REJECTED; received 2 response(s) [601b4e43-fd2c-4737-8fdc-9e94860fc946<-39efaeea-ba86-4fd8-a10a-b7015b9eb4a1#0:FAIL-t29, 601b4e43-fd2c-4737-8fdc-9e94860fc946<-0c43bc72-d834-4758-b91b-4934a5dc7f3b#0:FAIL-t29] and 0 exception(s); 601b4e43-fd2c-4737-8fdc-9e94860fc946@group-B5BEB8C9A630:t29, leader=null, voted=601b4e43-fd2c-4737-8fdc-9e94860fc946, raftlog=601b4e43-fd2c-4737-8fdc-9e94860fc946@group-B5BEB8C9A630-SegmentedRaftLog:OPENED:c-1,f-1,i0, conf=-1: [39efaeea-ba86-4fd8-a10a-b7015b9eb4a1:192.168.34.14:43496, 601b4e43-fd2c-4737-8fdc-9e94860fc946:192.168.34.14:37459, 0c43bc72-d834-4758-b91b-4934a5dc7f3b:192.168.34.14:33792], old=null
2019-10-22 04:20:18,155 [601b4e43-fd2c-4737-8fdc-9e94860fc946@group-B5BEB8C9A630-LeaderElection35] INFO  impl.RaftServerImpl (RaftServerImpl.java:setRole(184)) - 601b4e43-fd2c-4737-8fdc-9e94860fc946@group-B5BEB8C9A630: changes role from CANDIDATE to FOLLOWER at term 29 for DISCOVERED_A_NEW_TERM
2019-10-22 04:20:18,155 [601b4e43-fd2c-4737-8fdc-9e94860fc946@group-B5BEB8C9A630-LeaderElection35] INFO  impl.RoleInfo (RoleInfo.java:shutdownLeaderElection(134)) - 601b4e43-fd2c-4737-8fdc-9e94860fc946: shutdown LeaderElection
2019-10-22 04:20:18,155 [601b4e43-fd2c-4737-8fdc-9e94860fc946@group-B5BEB8C9A630-LeaderElection35] INFO  impl.RoleInfo (RoleInfo.java:updateAndGet(143)) - 601b4e43-fd2c-4737-8fdc-9e94860fc946: start FollowerState
2019-10-22 04:20:18,234 [Thread-668] INFO  impl.FollowerState (FollowerState.java:run(108)) - 601b4e43-fd2c-4737-8fdc-9e94860fc946@group-B5BEB8C9A630-FollowerState: change to CANDIDATE, lastRpcTime:78ms, electionTimeout:78ms
2019-10-22 04:20:18,235 [Thread-668] INFO  impl.RoleInfo (RoleInfo.java:shutdownFollowerState(121)) - 601b4e43-fd2c-4737-8fdc-9e94860fc946: shutdown FollowerState
2019-10-22 04:20:18,235 [Thread-668] INFO  impl.RaftServerImpl (RaftServerImpl.java:setRole(184)) - 601b4e43-fd2c-4737-8fdc-9e94860fc946@group-B5BEB8C9A630: changes role from  FOLLOWER to CANDIDATE at term 29 for changeToCandidate
2019-10-22 04:20:18,236 [Thread-668] INFO  impl.RoleInfo (RoleInfo.java:updateAndGet(143)) - 601b4e43-fd2c-4737-8fdc-9e94860fc946: start LeaderElection
2019-10-22 04:20:18,250 [601b4e43-fd2c-4737-8fdc-9e94860fc946@group-B5BEB8C9A630-LeaderElection36] INFO  impl.LeaderElection (LeaderElection.java:askForVotes(178)) - 601b4e43-fd2c-4737-8fdc-9e94860fc946@group-B5BEB8C9A630-LeaderElection36: begin an election at term 30 for -1: [39efaeea-ba86-4fd8-a10a-b7015b9eb4a1:192.168.34.14:43496, 601b4e43-fd2c-4737-8fdc-9e94860fc946:192.168.34.14:37459, 0c43bc72-d834-4758-b91b-4934a5dc7f3b:192.168.34.14:33792], old=null
2019-10-22 04:20:18,253 [grpc-default-executor-0] INFO  impl.RaftServerImpl (RaftServerImpl.java:setRole(184)) - 39efaeea-ba86-4fd8-a10a-b7015b9eb4a1@group-B5BEB8C9A630: changes role from  FOLLOWER to FOLLOWER at term 30 for recognizeCandidate:601b4e43-fd2c-4737-8fdc-9e94860fc946
2019-10-22 04:20:18,254 [grpc-default-executor-4] INFO  impl.RaftServerImpl (RaftServerImpl.java:setRole(184)) - 0c43bc72-d834-4758-b91b-4934a5dc7f3b@group-B5BEB8C9A630: changes role from  FOLLOWER to FOLLOWER at term 30 for recognizeCandidate:601b4e43-fd2c-4737-8fdc-9e94860fc946
2019-10-22 04:20:18,254 [grpc-default-executor-0] INFO  impl.RoleInfo (RoleInfo.java:shutdownFollowerState(121)) - 39efaeea-ba86-4fd8-a10a-b7015b9eb4a1: shutdown FollowerState
2019-10-22 04:20:18,254 [grpc-default-executor-4] INFO  impl.RoleInfo (RoleInfo.java:shutdownFollowerState(121)) - 0c43bc72-d834-4758-b91b-4934a5dc7f3b: shutdown FollowerState
2019-10-22 04:20:18,254 [Thread-666] INFO  impl.FollowerState (FollowerState.java:run(117)) - 39efaeea-ba86-4fd8-a10a-b7015b9eb4a1@group-B5BEB8C9A630-FollowerState was interrupted: java.lang.InterruptedException: sleep interrupted
2019-10-22 04:20:18,254 [grpc-default-executor-0] INFO  impl.RoleInfo (RoleInfo.java:updateAndGet(143)) - 39efaeea-ba86-4fd8-a10a-b7015b9eb4a1: start FollowerState
2019-10-22 04:20:18,254 [grpc-default-executor-4] INFO  impl.RoleInfo (RoleInfo.java:updateAndGet(143)) - 0c43bc72-d834-4758-b91b-4934a5dc7f3b: start FollowerState
2019-10-22 04:20:18,254 [Thread-667] INFO  impl.FollowerState (FollowerState.java:run(117)) - 0c43bc72-d834-4758-b91b-4934a5dc7f3b@group-B5BEB8C9A630-FollowerState was interrupted: java.lang.InterruptedException: sleep interrupted
2019-10-22 04:20:18,269 [601b4e43-fd2c-4737-8fdc-9e94860fc946@group-B5BEB8C9A630-LeaderElection36] INFO  impl.LeaderElection (LeaderElection.java:logAndReturn(56)) - 601b4e43-fd2c-4737-8fdc-9e94860fc946@group-B5BEB8C9A630-LeaderElection36: Election REJECTED; received 2 response(s) [601b4e43-fd2c-4737-8fdc-9e94860fc946<-39efaeea-ba86-4fd8-a10a-b7015b9eb4a1#0:FAIL-t30, 601b4e43-fd2c-4737-8fdc-9e94860fc946<-0c43bc72-d834-4758-b91b-4934a5dc7f3b#0:FAIL-t30] and 0 exception(s); 601b4e43-fd2c-4737-8fdc-9e94860fc946@group-B5BEB8C9A630:t30, leader=null, voted=601b4e43-fd2c-4737-8fdc-9e94860fc946, raftlog=601b4e43-fd2c-4737-8fdc-9e94860fc946@group-B5BEB8C9A630-SegmentedRaftLog:OPENED:c-1,f-1,i0, conf=-1: [39efaeea-ba86-4fd8-a10a-b7015b9eb4a1:192.168.34.14:43496, 601b4e43-fd2c-4737-8fdc-9e94860fc946:192.168.34.14:37459, 0c43bc72-d834-4758-b91b-4934a5dc7f3b:192.168.34.14:33792], old=null
2019-10-22 04:20:18,270 [601b4e43-fd2c-4737-8fdc-9e94860fc946@group-B5BEB8C9A630-LeaderElection36] INFO  impl.RaftServerImpl (RaftServerImpl.java:setRole(184)) - 601b4e43-fd2c-4737-8fdc-9e94860fc946@group-B5BEB8C9A630: changes role from CANDIDATE to FOLLOWER at term 30 for DISCOVERED_A_NEW_TERM
2019-10-22 04:20:18,270 [601b4e43-fd2c-4737-8fdc-9e94860fc946@group-B5BEB8C9A630-LeaderElection36] INFO  impl.RoleInfo (RoleInfo.java:shutdownLeaderElection(134)) - 601b4e43-fd2c-4737-8fdc-9e94860fc946: shutdown LeaderElection
2019-10-22 04:20:18,270 [601b4e43-fd2c-4737-8fdc-9e94860fc946@group-B5BEB8C9A630-LeaderElection36] INFO  impl.RoleInfo (RoleInfo.java:updateAndGet(143)) - 601b4e43-fd2c-4737-8fdc-9e94860fc946: start FollowerState
2019-10-22 04:20:18,360 [Thread-674] INFO  impl.FollowerState (FollowerState.java:run(108)) - 601b4e43-fd2c-4737-8fdc-9e94860fc946@group-B5BEB8C9A630-FollowerState: change to CANDIDATE, lastRpcTime:90ms, electionTimeout:90ms
2019-10-22 04:20:18,362 [Thread-674] INFO  impl.RoleInfo (RoleInfo.java:shutdownFollowerState(121)) - 601b4e43-fd2c-4737-8fdc-9e94860fc946: shutdown FollowerState
2019-10-22 04:20:18,362 [Thread-674] INFO  impl.RaftServerImpl (RaftServerImpl.java:setRole(184)) - 601b4e43-fd2c-4737-8fdc-9e94860fc946@group-B5BEB8C9A630: changes role from  FOLLOWER to CANDIDATE at term 30 for changeToCandidate
2019-10-22 04:20:18,362 [Thread-674] INFO  impl.RoleInfo (RoleInfo.java:updateAndGet(143)) - 601b4e43-fd2c-4737-8fdc-9e94860fc946: start LeaderElection
2019-10-22 04:20:18,375 [601b4e43-fd2c-4737-8fdc-9e94860fc946@group-B5BEB8C9A630-LeaderElection37] INFO  impl.LeaderElection (LeaderElection.java:askForVotes(178)) - 601b4e43-fd2c-4737-8fdc-9e94860fc946@group-B5BEB8C9A630-LeaderElection37: begin an election at term 31 for -1: [39efaeea-ba86-4fd8-a10a-b7015b9eb4a1:192.168.34.14:43496, 601b4e43-fd2c-4737-8fdc-9e94860fc946:192.168.34.14:37459, 0c43bc72-d834-4758-b91b-4934a5dc7f3b:192.168.34.14:33792], old=null
2019-10-22 04:20:18,377 [grpc-default-executor-4] INFO  impl.RaftServerImpl (RaftServerImpl.java:setRole(184)) - 39efaeea-ba86-4fd8-a10a-b7015b9eb4a1@group-B5BEB8C9A630: changes role from  FOLLOWER to FOLLOWER at term 31 for recognizeCandidate:601b4e43-fd2c-4737-8fdc-9e94860fc946
2019-10-22 04:20:18,378 [grpc-default-executor-4] INFO  impl.RoleInfo (RoleInfo.java:shutdownFollowerState(121)) - 39efaeea-ba86-4fd8-a10a-b7015b9eb4a1: shutdown FollowerState
2019-10-22 04:20:18,378 [grpc-default-executor-0] INFO  impl.RaftServerImpl (RaftServerImpl.java:setRole(184)) - 0c43bc72-d834-4758-b91b-4934a5dc7f3b@group-B5BEB8C9A630: changes role from  FOLLOWER to FOLLOWER at term 31 for recognizeCandidate:601b4e43-fd2c-4737-8fdc-9e94860fc946
2019-10-22 04:20:18,378 [Thread-672] INFO  impl.FollowerState (FollowerState.java:run(117)) - 39efaeea-ba86-4fd8-a10a-b7015b9eb4a1@group-B5BEB8C9A630-FollowerState was interrupted: java.lang.InterruptedException: sleep interrupted
2019-10-22 04:20:18,378 [grpc-default-executor-4] INFO  impl.RoleInfo (RoleInfo.java:updateAndGet(143)) - 39efaeea-ba86-4fd8-a10a-b7015b9eb4a1: start FollowerState
2019-10-22 04:20:18,378 [grpc-default-executor-0] INFO  impl.RoleInfo (RoleInfo.java:shutdownFollowerState(121)) - 0c43bc72-d834-4758-b91b-4934a5dc7f3b: shutdown FollowerState
2019-10-22 04:20:18,379 [Thread-673] INFO  impl.FollowerState (FollowerState.java:run(117)) - 0c43bc72-d834-4758-b91b-4934a5dc7f3b@group-B5BEB8C9A630-FollowerState was interrupted: java.lang.InterruptedException: sleep interrupted
2019-10-22 04:20:18,379 [grpc-default-executor-0] INFO  impl.RoleInfo (RoleInfo.java:updateAndGet(143)) - 0c43bc72-d834-4758-b91b-4934a5dc7f3b: start FollowerState
2019-10-22 04:20:18,393 [601b4e43-fd2c-4737-8fdc-9e94860fc946@group-B5BEB8C9A630-LeaderElection37] INFO  impl.LeaderElection (LeaderElection.java:logAndReturn(56)) - 601b4e43-fd2c-4737-8fdc-9e94860fc946@group-B5BEB8C9A630-LeaderElection37: Election REJECTED; received 2 response(s) [601b4e43-fd2c-4737-8fdc-9e94860fc946<-39efaeea-ba86-4fd8-a10a-b7015b9eb4a1#0:FAIL-t31, 601b4e43-fd2c-4737-8fdc-9e94860fc946<-0c43bc72-d834-4758-b91b-4934a5dc7f3b#0:FAIL-t31] and 0 exception(s); 601b4e43-fd2c-4737-8fdc-9e94860fc946@group-B5BEB8C9A630:t31, leader=null, voted=601b4e43-fd2c-4737-8fdc-9e94860fc946, raftlog=601b4e43-fd2c-4737-8fdc-9e94860fc946@group-B5BEB8C9A630-SegmentedRaftLog:OPENED:c-1,f-1,i0, conf=-1: [39efaeea-ba86-4fd8-a10a-b7015b9eb4a1:192.168.34.14:43496, 601b4e43-fd2c-4737-8fdc-9e94860fc946:192.168.34.14:37459, 0c43bc72-d834-4758-b91b-4934a5dc7f3b:192.168.34.14:33792], old=null
2019-10-22 04:20:18,394 [601b4e43-fd2c-4737-8fdc-9e94860fc946@group-B5BEB8C9A630-LeaderElection37] INFO  impl.RaftServerImpl (RaftServerImpl.java:setRole(184)) - 601b4e43-fd2c-4737-8fdc-9e94860fc946@group-B5BEB8C9A630: changes role from CANDIDATE to FOLLOWER at term 31 for DISCOVERED_A_NEW_TERM
2019-10-22 04:20:18,394 [601b4e43-fd2c-4737-8fdc-9e94860fc946@group-B5BEB8C9A630-LeaderElection37] INFO  impl.RoleInfo (RoleInfo.java:shutdownLeaderElection(134)) - 601b4e43-fd2c-4737-8fdc-9e94860fc946: shutdown LeaderElection
2019-10-22 04:20:18,394 [601b4e43-fd2c-4737-8fdc-9e94860fc946@group-B5BEB8C9A630-LeaderElection37] INFO  impl.RoleInfo (RoleInfo.java:updateAndGet(143)) - 601b4e43-fd2c-4737-8fdc-9e94860fc946: start FollowerState
2019-10-22 04:20:18,481 [Thread-680] INFO  impl.FollowerState (FollowerState.java:run(108)) - 601b4e43-fd2c-4737-8fdc-9e94860fc946@group-B5BEB8C9A630-FollowerState: change to CANDIDATE, lastRpcTime:87ms, electionTimeout:87ms
2019-10-22 04:20:18,483 [Thread-680] INFO  impl.RoleInfo (RoleInfo.java:shutdownFollowerState(121)) - 601b4e43-fd2c-4737-8fdc-9e94860fc946: shutdown FollowerState
2019-10-22 04:20:18,483 [Thread-680] INFO  impl.RaftServerImpl (RaftServerImpl.java:setRole(184)) - 601b4e43-fd2c-4737-8fdc-9e94860fc946@group-B5BEB8C9A630: changes role from  FOLLOWER to CANDIDATE at term 31 for changeToCandidate
2019-10-22 04:20:18,483 [Thread-680] INFO  impl.RoleInfo (RoleInfo.java:updateAndGet(143)) - 601b4e43-fd2c-4737-8fdc-9e94860fc946: start LeaderElection
2019-10-22 04:20:18,497 [601b4e43-fd2c-4737-8fdc-9e94860fc946@group-B5BEB8C9A630-LeaderElection38] INFO  impl.LeaderElection (LeaderElection.java:askForVotes(178)) - 601b4e43-fd2c-4737-8fdc-9e94860fc946@group-B5BEB8C9A630-LeaderElection38: begin an election at term 32 for -1: [39efaeea-ba86-4fd8-a10a-b7015b9eb4a1:192.168.34.14:43496, 601b4e43-fd2c-4737-8fdc-9e94860fc946:192.168.34.14:37459, 0c43bc72-d834-4758-b91b-4934a5dc7f3b:192.168.34.14:33792], old=null
2019-10-22 04:20:18,501 [grpc-default-executor-0] INFO  impl.RaftServerImpl (RaftServerImpl.java:setRole(184)) - 0c43bc72-d834-4758-b91b-4934a5dc7f3b@group-B5BEB8C9A630: changes role from  FOLLOWER to FOLLOWER at term 32 for recognizeCandidate:601b4e43-fd2c-4737-8fdc-9e94860fc946
2019-10-22 04:20:18,501 [grpc-default-executor-4] INFO  impl.RaftServerImpl (RaftServerImpl.java:setRole(184)) - 39efaeea-ba86-4fd8-a10a-b7015b9eb4a1@group-B5BEB8C9A630: changes role from  FOLLOWER to FOLLOWER at term 32 for recognizeCandidate:601b4e43-fd2c-4737-8fdc-9e94860fc946
2019-10-22 04:20:18,501 [grpc-default-executor-0] INFO  impl.RoleInfo (RoleInfo.java:shutdownFollowerState(121)) - 0c43bc72-d834-4758-b91b-4934a5dc7f3b: shutdown FollowerState
2019-10-22 04:20:18,501 [grpc-default-executor-4] INFO  impl.RoleInfo (RoleInfo.java:shutdownFollowerState(121)) - 39efaeea-ba86-4fd8-a10a-b7015b9eb4a1: shutdown FollowerState
2019-10-22 04:20:18,501 [Thread-679] INFO  impl.FollowerState (FollowerState.java:run(117)) - 0c43bc72-d834-4758-b91b-4934a5dc7f3b@group-B5BEB8C9A630-FollowerState was interrupted: java.lang.InterruptedException: sleep interrupted
2019-10-22 04:20:18,502 [Thread-678] INFO  impl.FollowerState (FollowerState.java:run(117)) - 39efaeea-ba86-4fd8-a10a-b7015b9eb4a1@group-B5BEB8C9A630-FollowerState was interrupted: java.lang.InterruptedException: sleep interrupted
2019-10-22 04:20:18,501 [grpc-default-executor-0] INFO  impl.RoleInfo (RoleInfo.java:updateAndGet(143)) - 0c43bc72-d834-4758-b91b-4934a5dc7f3b: start FollowerState
2019-10-22 04:20:18,502 [grpc-default-executor-4] INFO  impl.RoleInfo (RoleInfo.java:updateAndGet(143)) - 39efaeea-ba86-4fd8-a10a-b7015b9eb4a1: start FollowerState
2019-10-22 04:20:18,517 [601b4e43-fd2c-4737-8fdc-9e94860fc946@group-B5BEB8C9A630-LeaderElection38] INFO  impl.LeaderElection (LeaderElection.java:logAndReturn(56)) - 601b4e43-fd2c-4737-8fdc-9e94860fc946@group-B5BEB8C9A630-LeaderElection38: Election REJECTED; received 2 response(s) [601b4e43-fd2c-4737-8fdc-9e94860fc946<-39efaeea-ba86-4fd8-a10a-b7015b9eb4a1#0:FAIL-t32, 601b4e43-fd2c-4737-8fdc-9e94860fc946<-0c43bc72-d834-4758-b91b-4934a5dc7f3b#0:FAIL-t32] and 0 exception(s); 601b4e43-fd2c-4737-8fdc-9e94860fc946@group-B5BEB8C9A630:t32, leader=null, voted=601b4e43-fd2c-4737-8fdc-9e94860fc946, raftlog=601b4e43-fd2c-4737-8fdc-9e94860fc946@group-B5BEB8C9A630-SegmentedRaftLog:OPENED:c-1,f-1,i0, conf=-1: [39efaeea-ba86-4fd8-a10a-b7015b9eb4a1:192.168.34.14:43496, 601b4e43-fd2c-4737-8fdc-9e94860fc946:192.168.34.14:37459, 0c43bc72-d834-4758-b91b-4934a5dc7f3b:192.168.34.14:33792], old=null
2019-10-22 04:20:18,518 [601b4e43-fd2c-4737-8fdc-9e94860fc946@group-B5BEB8C9A630-LeaderElection38] INFO  impl.RaftServerImpl (RaftServerImpl.java:setRole(184)) - 601b4e43-fd2c-4737-8fdc-9e94860fc946@group-B5BEB8C9A630: changes role from CANDIDATE to FOLLOWER at term 32 for DISCOVERED_A_NEW_TERM
2019-10-22 04:20:18,518 [601b4e43-fd2c-4737-8fdc-9e94860fc946@group-B5BEB8C9A630-LeaderElection38] INFO  impl.RoleInfo (RoleInfo.java:shutdownLeaderElection(134)) - 601b4e43-fd2c-4737-8fdc-9e94860fc946: shutdown LeaderElection
2019-10-22 04:20:18,518 [601b4e43-fd2c-4737-8fdc-9e94860fc946@group-B5BEB8C9A630-LeaderElection38] INFO  impl.RoleInfo (RoleInfo.java:updateAndGet(143)) - 601b4e43-fd2c-4737-8fdc-9e94860fc946: start FollowerState
2019-10-22 04:20:18,530 [Thread-686] INFO  impl.FollowerState (FollowerState.java:run(108)) - 601b4e43-fd2c-4737-8fdc-9e94860fc946@group-B5BEB8C9A630-FollowerState: change to CANDIDATE, lastRpcTime:12ms, electionTimeout:12ms
2019-10-22 04:20:18,532 [Thread-686] INFO  impl.RoleInfo (RoleInfo.java:shutdownFollowerState(121)) - 601b4e43-fd2c-4737-8fdc-9e94860fc946: shutdown FollowerState
2019-10-22 04:20:18,532 [Thread-686] INFO  impl.RaftServerImpl (RaftServerImpl.java:setRole(184)) - 601b4e43-fd2c-4737-8fdc-9e94860fc946@group-B5BEB8C9A630: changes role from  FOLLOWER to CANDIDATE at term 32 for changeToCandidate
2019-10-22 04:20:18,532 [Thread-686] INFO  impl.RoleInfo (RoleInfo.java:updateAndGet(143)) - 601b4e43-fd2c-4737-8fdc-9e94860fc946: start LeaderElection
2019-10-22 04:20:18,546 [601b4e43-fd2c-4737-8fdc-9e94860fc946@group-B5BEB8C9A630-LeaderElection39] INFO  impl.LeaderElection (LeaderElection.java:askForVotes(178)) - 601b4e43-fd2c-4737-8fdc-9e94860fc946@group-B5BEB8C9A630-LeaderElection39: begin an election at term 33 for -1: [39efaeea-ba86-4fd8-a10a-b7015b9eb4a1:192.168.34.14:43496, 601b4e43-fd2c-4737-8fdc-9e94860fc946:192.168.34.14:37459, 0c43bc72-d834-4758-b91b-4934a5dc7f3b:192.168.34.14:33792], old=null
2019-10-22 04:20:18,548 [grpc-default-executor-4] INFO  impl.RaftServerImpl (RaftServerImpl.java:setRole(184)) - 39efaeea-ba86-4fd8-a10a-b7015b9eb4a1@group-B5BEB8C9A630: changes role from  FOLLOWER to FOLLOWER at term 33 for recognizeCandidate:601b4e43-fd2c-4737-8fdc-9e94860fc946
2019-10-22 04:20:18,549 [grpc-default-executor-4] INFO  impl.RoleInfo (RoleInfo.java:shutdownFollowerState(121)) - 39efaeea-ba86-4fd8-a10a-b7015b9eb4a1: shutdown FollowerState
2019-10-22 04:20:18,549 [grpc-default-executor-4] INFO  impl.RoleInfo (RoleInfo.java:updateAndGet(143)) - 39efaeea-ba86-4fd8-a10a-b7015b9eb4a1: start FollowerState
2019-10-22 04:20:18,549 [Thread-685] INFO  impl.FollowerState (FollowerState.java:run(117)) - 39efaeea-ba86-4fd8-a10a-b7015b9eb4a1@group-B5BEB8C9A630-FollowerState was interrupted: java.lang.InterruptedException: sleep interrupted
2019-10-22 04:20:18,549 [grpc-default-executor-0] INFO  impl.RaftServerImpl (RaftServerImpl.java:setRole(184)) - 0c43bc72-d834-4758-b91b-4934a5dc7f3b@group-B5BEB8C9A630: changes role from  FOLLOWER to FOLLOWER at term 33 for recognizeCandidate:601b4e43-fd2c-4737-8fdc-9e94860fc946
2019-10-22 04:20:18,549 [grpc-default-executor-0] INFO  impl.RoleInfo (RoleInfo.java:shutdownFollowerState(121)) - 0c43bc72-d834-4758-b91b-4934a5dc7f3b: shutdown FollowerState
2019-10-22 04:20:18,549 [grpc-default-executor-0] INFO  impl.RoleInfo (RoleInfo.java:updateAndGet(143)) - 0c43bc72-d834-4758-b91b-4934a5dc7f3b: start FollowerState
2019-10-22 04:20:18,550 [Thread-684] INFO  impl.FollowerState (FollowerState.java:run(117)) - 0c43bc72-d834-4758-b91b-4934a5dc7f3b@group-B5BEB8C9A630-FollowerState was interrupted: java.lang.InterruptedException: sleep interrupted
2019-10-22 04:20:18,564 [601b4e43-fd2c-4737-8fdc-9e94860fc946@group-B5BEB8C9A630-LeaderElection39] INFO  impl.LeaderElection (LeaderElection.java:logAndReturn(56)) - 601b4e43-fd2c-4737-8fdc-9e94860fc946@group-B5BEB8C9A630-LeaderElection39: Election REJECTED; received 2 response(s) [601b4e43-fd2c-4737-8fdc-9e94860fc946<-39efaeea-ba86-4fd8-a10a-b7015b9eb4a1#0:FAIL-t33, 601b4e43-fd2c-4737-8fdc-9e94860fc946<-0c43bc72-d834-4758-b91b-4934a5dc7f3b#0:FAIL-t33] and 0 exception(s); 601b4e43-fd2c-4737-8fdc-9e94860fc946@group-B5BEB8C9A630:t33, leader=null, voted=601b4e43-fd2c-4737-8fdc-9e94860fc946, raftlog=601b4e43-fd2c-4737-8fdc-9e94860fc946@group-B5BEB8C9A630-SegmentedRaftLog:OPENED:c-1,f-1,i0, conf=-1: [39efaeea-ba86-4fd8-a10a-b7015b9eb4a1:192.168.34.14:43496, 601b4e43-fd2c-4737-8fdc-9e94860fc946:192.168.34.14:37459, 0c43bc72-d834-4758-b91b-4934a5dc7f3b:192.168.34.14:33792], old=null
2019-10-22 04:20:18,564 [601b4e43-fd2c-4737-8fdc-9e94860fc946@group-B5BEB8C9A630-LeaderElection39] INFO  impl.RaftServerImpl (RaftServerImpl.java:setRole(184)) - 601b4e43-fd2c-4737-8fdc-9e94860fc946@group-B5BEB8C9A630: changes role from CANDIDATE to FOLLOWER at term 33 for DISCOVERED_A_NEW_TERM
2019-10-22 04:20:18,564 [601b4e43-fd2c-4737-8fdc-9e94860fc946@group-B5BEB8C9A630-LeaderElection39] INFO  impl.RoleInfo (RoleInfo.java:shutdownLeaderElection(134)) - 601b4e43-fd2c-4737-8fdc-9e94860fc946: shutdown LeaderElection
2019-10-22 04:20:18,565 [601b4e43-fd2c-4737-8fdc-9e94860fc946@group-B5BEB8C9A630-LeaderElection39] INFO  impl.RoleInfo (RoleInfo.java:updateAndGet(143)) - 601b4e43-fd2c-4737-8fdc-9e94860fc946: start FollowerState
2019-10-22 04:20:18,743 [Thread-692] INFO  impl.FollowerState (FollowerState.java:run(108)) - 601b4e43-fd2c-4737-8fdc-9e94860fc946@group-B5BEB8C9A630-FollowerState: change to CANDIDATE, lastRpcTime:178ms, electionTimeout:178ms
2019-10-22 04:20:18,748 [Thread-692] INFO  impl.RoleInfo (RoleInfo.java:shutdownFollowerState(121)) - 601b4e43-fd2c-4737-8fdc-9e94860fc946: shutdown FollowerState
2019-10-22 04:20:18,748 [Thread-692] INFO  impl.RaftServerImpl (RaftServerImpl.java:setRole(184)) - 601b4e43-fd2c-4737-8fdc-9e94860fc946@group-B5BEB8C9A630: changes role from  FOLLOWER to CANDIDATE at term 33 for changeToCandidate
2019-10-22 04:20:18,748 [Thread-692] INFO  impl.RoleInfo (RoleInfo.java:updateAndGet(143)) - 601b4e43-fd2c-4737-8fdc-9e94860fc946: start LeaderElection
2019-10-22 04:20:18,761 [601b4e43-fd2c-4737-8fdc-9e94860fc946@group-B5BEB8C9A630-LeaderElection40] INFO  impl.LeaderElection (LeaderElection.java:askForVotes(178)) - 601b4e43-fd2c-4737-8fdc-9e94860fc946@group-B5BEB8C9A630-LeaderElection40: begin an election at term 34 for -1: [39efaeea-ba86-4fd8-a10a-b7015b9eb4a1:192.168.34.14:43496, 601b4e43-fd2c-4737-8fdc-9e94860fc946:192.168.34.14:37459, 0c43bc72-d834-4758-b91b-4934a5dc7f3b:192.168.34.14:33792], old=null
2019-10-22 04:20:18,764 [grpc-default-executor-0] INFO  impl.RaftServerImpl (RaftServerImpl.java:setRole(184)) - 39efaeea-ba86-4fd8-a10a-b7015b9eb4a1@group-B5BEB8C9A630: changes role from  FOLLOWER to FOLLOWER at term 34 for recognizeCandidate:601b4e43-fd2c-4737-8fdc-9e94860fc946
2019-10-22 04:20:18,764 [grpc-default-executor-4] INFO  impl.RaftServerImpl (RaftServerImpl.java:setRole(184)) - 0c43bc72-d834-4758-b91b-4934a5dc7f3b@group-B5BEB8C9A630: changes role from  FOLLOWER to FOLLOWER at term 34 for recognizeCandidate:601b4e43-fd2c-4737-8fdc-9e94860fc946
2019-10-22 04:20:18,764 [grpc-default-executor-0] INFO  impl.RoleInfo (RoleInfo.java:shutdownFollowerState(121)) - 39efaeea-ba86-4fd8-a10a-b7015b9eb4a1: shutdown FollowerState
2019-10-22 04:20:18,764 [grpc-default-executor-4] INFO  impl.RoleInfo (RoleInfo.java:shutdownFollowerState(121)) - 0c43bc72-d834-4758-b91b-4934a5dc7f3b: shutdown FollowerState
2019-10-22 04:20:18,765 [grpc-default-executor-0] INFO  impl.RoleInfo (RoleInfo.java:updateAndGet(143)) - 39efaeea-ba86-4fd8-a10a-b7015b9eb4a1: start FollowerState
2019-10-22 04:20:18,765 [Thread-690] INFO  impl.FollowerState (FollowerState.java:run(117)) - 39efaeea-ba86-4fd8-a10a-b7015b9eb4a1@group-B5BEB8C9A630-FollowerState was interrupted: java.lang.InterruptedException: sleep interrupted
2019-10-22 04:20:18,765 [Thread-691] INFO  impl.FollowerState (FollowerState.java:run(117)) - 0c43bc72-d834-4758-b91b-4934a5dc7f3b@group-B5BEB8C9A630-FollowerState was interrupted: java.lang.InterruptedException: sleep interrupted
2019-10-22 04:20:18,765 [grpc-default-executor-4] INFO  impl.RoleInfo (RoleInfo.java:updateAndGet(143)) - 0c43bc72-d834-4758-b91b-4934a5dc7f3b: start FollowerState
2019-10-22 04:20:18,781 [601b4e43-fd2c-4737-8fdc-9e94860fc946@group-B5BEB8C9A630-LeaderElection40] INFO  impl.LeaderElection (LeaderElection.java:logAndReturn(56)) - 601b4e43-fd2c-4737-8fdc-9e94860fc946@group-B5BEB8C9A630-LeaderElection40: Election REJECTED; received 2 response(s) [601b4e43-fd2c-4737-8fdc-9e94860fc946<-39efaeea-ba86-4fd8-a10a-b7015b9eb4a1#0:FAIL-t34, 601b4e43-fd2c-4737-8fdc-9e94860fc946<-0c43bc72-d834-4758-b91b-4934a5dc7f3b#0:FAIL-t34] and 0 exception(s); 601b4e43-fd2c-4737-8fdc-9e94860fc946@group-B5BEB8C9A630:t34, leader=null, voted=601b4e43-fd2c-4737-8fdc-9e94860fc946, raftlog=601b4e43-fd2c-4737-8fdc-9e94860fc946@group-B5BEB8C9A630-SegmentedRaftLog:OPENED:c-1,f-1,i0, conf=-1: [39efaeea-ba86-4fd8-a10a-b7015b9eb4a1:192.168.34.14:43496, 601b4e43-fd2c-4737-8fdc-9e94860fc946:192.168.34.14:37459, 0c43bc72-d834-4758-b91b-4934a5dc7f3b:192.168.34.14:33792], old=null
2019-10-22 04:20:18,781 [601b4e43-fd2c-4737-8fdc-9e94860fc946@group-B5BEB8C9A630-LeaderElection40] INFO  impl.RaftServerImpl (RaftServerImpl.java:setRole(184)) - 601b4e43-fd2c-4737-8fdc-9e94860fc946@group-B5BEB8C9A630: changes role from CANDIDATE to FOLLOWER at term 34 for DISCOVERED_A_NEW_TERM
2019-10-22 04:20:18,781 [601b4e43-fd2c-4737-8fdc-9e94860fc946@group-B5BEB8C9A630-LeaderElection40] INFO  impl.RoleInfo (RoleInfo.java:shutdownLeaderElection(134)) - 601b4e43-fd2c-4737-8fdc-9e94860fc946: shutdown LeaderElection
2019-10-22 04:20:18,781 [601b4e43-fd2c-4737-8fdc-9e94860fc946@group-B5BEB8C9A630-LeaderElection40] INFO  impl.RoleInfo (RoleInfo.java:updateAndGet(143)) - 601b4e43-fd2c-4737-8fdc-9e94860fc946: start FollowerState
2019-10-22 04:20:18,902 [Thread-698] INFO  impl.FollowerState (FollowerState.java:run(108)) - 601b4e43-fd2c-4737-8fdc-9e94860fc946@group-B5BEB8C9A630-FollowerState: change to CANDIDATE, lastRpcTime:121ms, electionTimeout:121ms
2019-10-22 04:20:18,903 [Thread-698] INFO  impl.RoleInfo (RoleInfo.java:shutdownFollowerState(121)) - 601b4e43-fd2c-4737-8fdc-9e94860fc946: shutdown FollowerState
2019-10-22 04:20:18,903 [Thread-698] INFO  impl.RaftServerImpl (RaftServerImpl.java:setRole(184)) - 601b4e43-fd2c-4737-8fdc-9e94860fc946@group-B5BEB8C9A630: changes role from  FOLLOWER to CANDIDATE at term 34 for changeToCandidate
2019-10-22 04:20:18,903 [Thread-698] INFO  impl.RoleInfo (RoleInfo.java:updateAndGet(143)) - 601b4e43-fd2c-4737-8fdc-9e94860fc946: start LeaderElection
2019-10-22 04:20:18,916 [601b4e43-fd2c-4737-8fdc-9e94860fc946@group-B5BEB8C9A630-LeaderElection41] INFO  impl.LeaderElection (LeaderElection.java:askForVotes(178)) - 601b4e43-fd2c-4737-8fdc-9e94860fc946@group-B5BEB8C9A630-LeaderElection41: begin an election at term 35 for -1: [39efaeea-ba86-4fd8-a10a-b7015b9eb4a1:192.168.34.14:43496, 601b4e43-fd2c-4737-8fdc-9e94860fc946:192.168.34.14:37459, 0c43bc72-d834-4758-b91b-4934a5dc7f3b:192.168.34.14:33792], old=null
2019-10-22 04:20:18,919 [grpc-default-executor-4] INFO  impl.RaftServerImpl (RaftServerImpl.java:setRole(184)) - 39efaeea-ba86-4fd8-a10a-b7015b9eb4a1@group-B5BEB8C9A630: changes role from  FOLLOWER to FOLLOWER at term 35 for recognizeCandidate:601b4e43-fd2c-4737-8fdc-9e94860fc946
2019-10-22 04:20:18,919 [grpc-default-executor-4] INFO  impl.RoleInfo (RoleInfo.java:shutdownFollowerState(121)) - 39efaeea-ba86-4fd8-a10a-b7015b9eb4a1: shutdown FollowerState
2019-10-22 04:20:18,919 [grpc-default-executor-4] INFO  impl.RoleInfo (RoleInfo.java:updateAndGet(143)) - 39efaeea-ba86-4fd8-a10a-b7015b9eb4a1: start FollowerState
2019-10-22 04:20:18,919 [grpc-default-executor-0] INFO  impl.RaftServerImpl (RaftServerImpl.java:setRole(184)) - 0c43bc72-d834-4758-b91b-4934a5dc7f3b@group-B5BEB8C9A630: changes role from  FOLLOWER to FOLLOWER at term 35 for recognizeCandidate:601b4e43-fd2c-4737-8fdc-9e94860fc946
2019-10-22 04:20:18,919 [Thread-696] INFO  impl.FollowerState (FollowerState.java:run(117)) - 39efaeea-ba86-4fd8-a10a-b7015b9eb4a1@group-B5BEB8C9A630-FollowerState was interrupted: java.lang.InterruptedException: sleep interrupted
2019-10-22 04:20:18,919 [grpc-default-executor-0] INFO  impl.RoleInfo (RoleInfo.java:shutdownFollowerState(121)) - 0c43bc72-d834-4758-b91b-4934a5dc7f3b: shutdown FollowerState
2019-10-22 04:20:18,920 [grpc-default-executor-0] INFO  impl.RoleInfo (RoleInfo.java:updateAndGet(143)) - 0c43bc72-d834-4758-b91b-4934a5dc7f3b: start FollowerState
2019-10-22 04:20:18,920 [Thread-697] INFO  impl.FollowerState (FollowerState.java:run(117)) - 0c43bc72-d834-4758-b91b-4934a5dc7f3b@group-B5BEB8C9A630-FollowerState was interrupted: java.lang.InterruptedException: sleep interrupted
2019-10-22 04:20:18,932 [601b4e43-fd2c-4737-8fdc-9e94860fc946@group-B5BEB8C9A630-LeaderElection41] INFO  impl.LeaderElection (LeaderElection.java:logAndReturn(56)) - 601b4e43-fd2c-4737-8fdc-9e94860fc946@group-B5BEB8C9A630-LeaderElection41: Election TIMEOUT; received 0 response(s) [] and 0 exception(s); 601b4e43-fd2c-4737-8fdc-9e94860fc946@group-B5BEB8C9A630:t35, leader=null, voted=601b4e43-fd2c-4737-8fdc-9e94860fc946, raftlog=601b4e43-fd2c-4737-8fdc-9e94860fc946@group-B5BEB8C9A630-SegmentedRaftLog:OPENED:c-1,f-1,i0, conf=-1: [39efaeea-ba86-4fd8-a10a-b7015b9eb4a1:192.168.34.14:43496, 601b4e43-fd2c-4737-8fdc-9e94860fc946:192.168.34.14:37459, 0c43bc72-d834-4758-b91b-4934a5dc7f3b:192.168.34.14:33792], old=null
2019-10-22 04:20:18,935 [601b4e43-fd2c-4737-8fdc-9e94860fc946@group-B5BEB8C9A630-LeaderElection41] INFO  impl.LeaderElection (LeaderElection.java:askForVotes(178)) - 601b4e43-fd2c-4737-8fdc-9e94860fc946@group-B5BEB8C9A630-LeaderElection41: begin an election at term 36 for -1: [39efaeea-ba86-4fd8-a10a-b7015b9eb4a1:192.168.34.14:43496, 601b4e43-fd2c-4737-8fdc-9e94860fc946:192.168.34.14:37459, 0c43bc72-d834-4758-b91b-4934a5dc7f3b:192.168.34.14:33792], old=null
2019-10-22 04:20:18,939 [grpc-default-executor-0] INFO  impl.RaftServerImpl (RaftServerImpl.java:setRole(184)) - 39efaeea-ba86-4fd8-a10a-b7015b9eb4a1@group-B5BEB8C9A630: changes role from  FOLLOWER to FOLLOWER at term 36 for recognizeCandidate:601b4e43-fd2c-4737-8fdc-9e94860fc946
2019-10-22 04:20:18,939 [grpc-default-executor-0] INFO  impl.RoleInfo (RoleInfo.java:shutdownFollowerState(121)) - 39efaeea-ba86-4fd8-a10a-b7015b9eb4a1: shutdown FollowerState
2019-10-22 04:20:18,939 [grpc-default-executor-0] INFO  impl.RoleInfo (RoleInfo.java:updateAndGet(143)) - 39efaeea-ba86-4fd8-a10a-b7015b9eb4a1: start FollowerState
2019-10-22 04:20:18,939 [Thread-704] INFO  impl.FollowerState (FollowerState.java:run(117)) - 39efaeea-ba86-4fd8-a10a-b7015b9eb4a1@group-B5BEB8C9A630-FollowerState was interrupted: java.lang.InterruptedException: sleep interrupted
2019-10-22 04:20:18,940 [grpc-default-executor-4] INFO  impl.RaftServerImpl (RaftServerImpl.java:setRole(184)) - 0c43bc72-d834-4758-b91b-4934a5dc7f3b@group-B5BEB8C9A630: changes role from  FOLLOWER to FOLLOWER at term 36 for recognizeCandidate:601b4e43-fd2c-4737-8fdc-9e94860fc946
2019-10-22 04:20:18,940 [grpc-default-executor-4] INFO  impl.RoleInfo (RoleInfo.java:shutdownFollowerState(121)) - 0c43bc72-d834-4758-b91b-4934a5dc7f3b: shutdown FollowerState
2019-10-22 04:20:18,940 [grpc-default-executor-4] INFO  impl.RoleInfo (RoleInfo.java:updateAndGet(143)) - 0c43bc72-d834-4758-b91b-4934a5dc7f3b: start FollowerState
2019-10-22 04:20:18,940 [Thread-705] INFO  impl.FollowerState (FollowerState.java:run(117)) - 0c43bc72-d834-4758-b91b-4934a5dc7f3b@group-B5BEB8C9A630-FollowerState was interrupted: java.lang.InterruptedException: sleep interrupted
2019-10-22 04:20:18,960 [601b4e43-fd2c-4737-8fdc-9e94860fc946@group-B5BEB8C9A630-LeaderElection41] INFO  impl.LeaderElection (LeaderElection.java:logAndReturn(56)) - 601b4e43-fd2c-4737-8fdc-9e94860fc946@group-B5BEB8C9A630-LeaderElection41: Election REJECTED; received 2 response(s) [601b4e43-fd2c-4737-8fdc-9e94860fc946<-39efaeea-ba86-4fd8-a10a-b7015b9eb4a1#0:FAIL-t36, 601b4e43-fd2c-4737-8fdc-9e94860fc946<-0c43bc72-d834-4758-b91b-4934a5dc7f3b#0:FAIL-t36] and 0 exception(s); 601b4e43-fd2c-4737-8fdc-9e94860fc946@group-B5BEB8C9A630:t36, leader=null, voted=601b4e43-fd2c-4737-8fdc-9e94860fc946, raftlog=601b4e43-fd2c-4737-8fdc-9e94860fc946@group-B5BEB8C9A630-SegmentedRaftLog:OPENED:c-1,f-1,i0, conf=-1: [39efaeea-ba86-4fd8-a10a-b7015b9eb4a1:192.168.34.14:43496, 601b4e43-fd2c-4737-8fdc-9e94860fc946:192.168.34.14:37459, 0c43bc72-d834-4758-b91b-4934a5dc7f3b:192.168.34.14:33792], old=null
2019-10-22 04:20:18,960 [601b4e43-fd2c-4737-8fdc-9e94860fc946@group-B5BEB8C9A630-LeaderElection41] INFO  impl.RaftServerImpl (RaftServerImpl.java:setRole(184)) - 601b4e43-fd2c-4737-8fdc-9e94860fc946@group-B5BEB8C9A630: changes role from CANDIDATE to FOLLOWER at term 36 for DISCOVERED_A_NEW_TERM
2019-10-22 04:20:18,960 [601b4e43-fd2c-4737-8fdc-9e94860fc946@group-B5BEB8C9A630-LeaderElection41] INFO  impl.RoleInfo (RoleInfo.java:shutdownLeaderElection(134)) - 601b4e43-fd2c-4737-8fdc-9e94860fc946: shutdown LeaderElection
2019-10-22 04:20:18,960 [601b4e43-fd2c-4737-8fdc-9e94860fc946@group-B5BEB8C9A630-LeaderElection41] INFO  impl.RoleInfo (RoleInfo.java:updateAndGet(143)) - 601b4e43-fd2c-4737-8fdc-9e94860fc946: start FollowerState
2019-10-22 04:20:18,962 [Thread-710] INFO  impl.FollowerState (FollowerState.java:run(108)) - 601b4e43-fd2c-4737-8fdc-9e94860fc946@group-B5BEB8C9A630-FollowerState: change to CANDIDATE, lastRpcTime:2ms, electionTimeout:2ms
2019-10-22 04:20:18,963 [Thread-710] INFO  impl.RoleInfo (RoleInfo.java:shutdownFollowerState(121)) - 601b4e43-fd2c-4737-8fdc-9e94860fc946: shutdown FollowerState
2019-10-22 04:20:18,963 [Thread-710] INFO  impl.RaftServerImpl (RaftServerImpl.java:setRole(184)) - 601b4e43-fd2c-4737-8fdc-9e94860fc946@group-B5BEB8C9A630: changes role from  FOLLOWER to CANDIDATE at term 36 for changeToCandidate
2019-10-22 04:20:18,963 [Thread-710] INFO  impl.RoleInfo (RoleInfo.java:updateAndGet(143)) - 601b4e43-fd2c-4737-8fdc-9e94860fc946: start LeaderElection
2019-10-22 04:20:18,977 [601b4e43-fd2c-4737-8fdc-9e94860fc946@group-B5BEB8C9A630-LeaderElection42] INFO  impl.LeaderElection (LeaderElection.java:askForVotes(178)) - 601b4e43-fd2c-4737-8fdc-9e94860fc946@group-B5BEB8C9A630-LeaderElection42: begin an election at term 37 for -1: [39efaeea-ba86-4fd8-a10a-b7015b9eb4a1:192.168.34.14:43496, 601b4e43-fd2c-4737-8fdc-9e94860fc946:192.168.34.14:37459, 0c43bc72-d834-4758-b91b-4934a5dc7f3b:192.168.34.14:33792], old=null
2019-10-22 04:20:18,979 [grpc-default-executor-0] INFO  impl.RaftServerImpl (RaftServerImpl.java:setRole(184)) - 0c43bc72-d834-4758-b91b-4934a5dc7f3b@group-B5BEB8C9A630: changes role from  FOLLOWER to FOLLOWER at term 37 for recognizeCandidate:601b4e43-fd2c-4737-8fdc-9e94860fc946
2019-10-22 04:20:18,979 [grpc-default-executor-0] INFO  impl.RoleInfo (RoleInfo.java:shutdownFollowerState(121)) - 0c43bc72-d834-4758-b91b-4934a5dc7f3b: shutdown FollowerState
2019-10-22 04:20:18,980 [grpc-default-executor-0] INFO  impl.RoleInfo (RoleInfo.java:updateAndGet(143)) - 0c43bc72-d834-4758-b91b-4934a5dc7f3b: start FollowerState
2019-10-22 04:20:18,980 [grpc-default-executor-4] INFO  impl.RaftServerImpl (RaftServerImpl.java:setRole(184)) - 39efaeea-ba86-4fd8-a10a-b7015b9eb4a1@group-B5BEB8C9A630: changes role from  FOLLOWER to FOLLOWER at term 37 for recognizeCandidate:601b4e43-fd2c-4737-8fdc-9e94860fc946
2019-10-22 04:20:18,980 [Thread-709] INFO  impl.FollowerState (FollowerState.java:run(117)) - 0c43bc72-d834-4758-b91b-4934a5dc7f3b@group-B5BEB8C9A630-FollowerState was interrupted: java.lang.InterruptedException: sleep interrupted
2019-10-22 04:20:18,980 [grpc-default-executor-4] INFO  impl.RoleInfo (RoleInfo.java:shutdownFollowerState(121)) - 39efaeea-ba86-4fd8-a10a-b7015b9eb4a1: shutdown FollowerState
2019-10-22 04:20:18,980 [grpc-default-executor-4] INFO  impl.RoleInfo (RoleInfo.java:updateAndGet(143)) - 39efaeea-ba86-4fd8-a10a-b7015b9eb4a1: start FollowerState
2019-10-22 04:20:18,980 [Thread-708] INFO  impl.FollowerState (FollowerState.java:run(117)) - 39efaeea-ba86-4fd8-a10a-b7015b9eb4a1@group-B5BEB8C9A630-FollowerState was interrupted: java.lang.InterruptedException: sleep interrupted
2019-10-22 04:20:18,995 [601b4e43-fd2c-4737-8fdc-9e94860fc946@group-B5BEB8C9A630-LeaderElection42] INFO  impl.LeaderElection (LeaderElection.java:logAndReturn(56)) - 601b4e43-fd2c-4737-8fdc-9e94860fc946@group-B5BEB8C9A630-LeaderElection42: Election REJECTED; received 2 response(s) [601b4e43-fd2c-4737-8fdc-9e94860fc946<-39efaeea-ba86-4fd8-a10a-b7015b9eb4a1#0:FAIL-t37, 601b4e43-fd2c-4737-8fdc-9e94860fc946<-0c43bc72-d834-4758-b91b-4934a5dc7f3b#0:FAIL-t37] and 0 exception(s); 601b4e43-fd2c-4737-8fdc-9e94860fc946@group-B5BEB8C9A630:t37, leader=null, voted=601b4e43-fd2c-4737-8fdc-9e94860fc946, raftlog=601b4e43-fd2c-4737-8fdc-9e94860fc946@group-B5BEB8C9A630-SegmentedRaftLog:OPENED:c-1,f-1,i0, conf=-1: [39efaeea-ba86-4fd8-a10a-b7015b9eb4a1:192.168.34.14:43496, 601b4e43-fd2c-4737-8fdc-9e94860fc946:192.168.34.14:37459, 0c43bc72-d834-4758-b91b-4934a5dc7f3b:192.168.34.14:33792], old=null
2019-10-22 04:20:18,995 [601b4e43-fd2c-4737-8fdc-9e94860fc946@group-B5BEB8C9A630-LeaderElection42] INFO  impl.RaftServerImpl (RaftServerImpl.java:setRole(184)) - 601b4e43-fd2c-4737-8fdc-9e94860fc946@group-B5BEB8C9A630: changes role from CANDIDATE to FOLLOWER at term 37 for DISCOVERED_A_NEW_TERM
2019-10-22 04:20:18,995 [601b4e43-fd2c-4737-8fdc-9e94860fc946@group-B5BEB8C9A630-LeaderElection42] INFO  impl.RoleInfo (RoleInfo.java:shutdownLeaderElection(134)) - 601b4e43-fd2c-4737-8fdc-9e94860fc946: shutdown LeaderElection
2019-10-22 04:20:18,996 [601b4e43-fd2c-4737-8fdc-9e94860fc946@group-B5BEB8C9A630-LeaderElection42] INFO  impl.RoleInfo (RoleInfo.java:updateAndGet(143)) - 601b4e43-fd2c-4737-8fdc-9e94860fc946: start FollowerState
2019-10-22 04:20:19,062 [Thread-716] INFO  impl.FollowerState (FollowerState.java:run(108)) - 601b4e43-fd2c-4737-8fdc-9e94860fc946@group-B5BEB8C9A630-FollowerState: change to CANDIDATE, lastRpcTime:66ms, electionTimeout:66ms
2019-10-22 04:20:19,062 [Thread-716] INFO  impl.RoleInfo (RoleInfo.java:shutdownFollowerState(121)) - 601b4e43-fd2c-4737-8fdc-9e94860fc946: shutdown FollowerState
2019-10-22 04:20:19,062 [Thread-716] INFO  impl.RaftServerImpl (RaftServerImpl.java:setRole(184)) - 601b4e43-fd2c-4737-8fdc-9e94860fc946@group-B5BEB8C9A630: changes role from  FOLLOWER to CANDIDATE at term 37 for changeToCandidate
2019-10-22 04:20:19,062 [Thread-716] INFO  impl.RoleInfo (RoleInfo.java:updateAndGet(143)) - 601b4e43-fd2c-4737-8fdc-9e94860fc946: start LeaderElection
2019-10-22 04:20:19,076 [601b4e43-fd2c-4737-8fdc-9e94860fc946@group-B5BEB8C9A630-LeaderElection43] INFO  impl.LeaderElection (LeaderElection.java:askForVotes(178)) - 601b4e43-fd2c-4737-8fdc-9e94860fc946@group-B5BEB8C9A630-LeaderElection43: begin an election at term 38 for -1: [39efaeea-ba86-4fd8-a10a-b7015b9eb4a1:192.168.34.14:43496, 601b4e43-fd2c-4737-8fdc-9e94860fc946:192.168.34.14:37459, 0c43bc72-d834-4758-b91b-4934a5dc7f3b:192.168.34.14:33792], old=null
2019-10-22 04:20:19,079 [grpc-default-executor-4] INFO  impl.RaftServerImpl (RaftServerImpl.java:setRole(184)) - 39efaeea-ba86-4fd8-a10a-b7015b9eb4a1@group-B5BEB8C9A630: changes role from  FOLLOWER to FOLLOWER at term 38 for recognizeCandidate:601b4e43-fd2c-4737-8fdc-9e94860fc946
2019-10-22 04:20:19,080 [grpc-default-executor-4] INFO  impl.RoleInfo (RoleInfo.java:shutdownFollowerState(121)) - 39efaeea-ba86-4fd8-a10a-b7015b9eb4a1: shutdown FollowerState
2019-10-22 04:20:19,080 [grpc-default-executor-0] INFO  impl.RaftServerImpl (RaftServerImpl.java:setRole(184)) - 0c43bc72-d834-4758-b91b-4934a5dc7f3b@group-B5BEB8C9A630: changes role from  FOLLOWER to FOLLOWER at term 38 for recognizeCandidate:601b4e43-fd2c-4737-8fdc-9e94860fc946
2019-10-22 04:20:19,080 [Thread-715] INFO  impl.FollowerState (FollowerState.java:run(117)) - 39efaeea-ba86-4fd8-a10a-b7015b9eb4a1@group-B5BEB8C9A630-FollowerState was interrupted: java.lang.InterruptedException: sleep interrupted
2019-10-22 04:20:19,080 [grpc-default-executor-0] INFO  impl.RoleInfo (RoleInfo.java:shutdownFollowerState(121)) - 0c43bc72-d834-4758-b91b-4934a5dc7f3b: shutdown FollowerState
2019-10-22 04:20:19,080 [grpc-default-executor-4] INFO  impl.RoleInfo (RoleInfo.java:updateAndGet(143)) - 39efaeea-ba86-4fd8-a10a-b7015b9eb4a1: start FollowerState
2019-10-22 04:20:19,080 [Thread-714] INFO  impl.FollowerState (FollowerState.java:run(117)) - 0c43bc72-d834-4758-b91b-4934a5dc7f3b@group-B5BEB8C9A630-FollowerState was interrupted: java.lang.InterruptedException: sleep interrupted
2019-10-22 04:20:19,080 [grpc-default-executor-0] INFO  impl.RoleInfo (RoleInfo.java:updateAndGet(143)) - 0c43bc72-d834-4758-b91b-4934a5dc7f3b: start FollowerState
2019-10-22 04:20:19,096 [601b4e43-fd2c-4737-8fdc-9e94860fc946@group-B5BEB8C9A630-LeaderElection43] INFO  impl.LeaderElection (LeaderElection.java:logAndReturn(56)) - 601b4e43-fd2c-4737-8fdc-9e94860fc946@group-B5BEB8C9A630-LeaderElection43: Election REJECTED; received 2 response(s) [601b4e43-fd2c-4737-8fdc-9e94860fc946<-39efaeea-ba86-4fd8-a10a-b7015b9eb4a1#0:FAIL-t38, 601b4e43-fd2c-4737-8fdc-9e94860fc946<-0c43bc72-d834-4758-b91b-4934a5dc7f3b#0:FAIL-t38] and 0 exception(s); 601b4e43-fd2c-4737-8fdc-9e94860fc946@group-B5BEB8C9A630:t38, leader=null, voted=601b4e43-fd2c-4737-8fdc-9e94860fc946, raftlog=601b4e43-fd2c-4737-8fdc-9e94860fc946@group-B5BEB8C9A630-SegmentedRaftLog:OPENED:c-1,f-1,i0, conf=-1: [39efaeea-ba86-4fd8-a10a-b7015b9eb4a1:192.168.34.14:43496, 601b4e43-fd2c-4737-8fdc-9e94860fc946:192.168.34.14:37459, 0c43bc72-d834-4758-b91b-4934a5dc7f3b:192.168.34.14:33792], old=null
2019-10-22 04:20:19,096 [601b4e43-fd2c-4737-8fdc-9e94860fc946@group-B5BEB8C9A630-LeaderElection43] INFO  impl.RaftServerImpl (RaftServerImpl.java:setRole(184)) - 601b4e43-fd2c-4737-8fdc-9e94860fc946@group-B5BEB8C9A630: changes role from CANDIDATE to FOLLOWER at term 38 for DISCOVERED_A_NEW_TERM
2019-10-22 04:20:19,096 [601b4e43-fd2c-4737-8fdc-9e94860fc946@group-B5BEB8C9A630-LeaderElection43] INFO  impl.RoleInfo (RoleInfo.java:shutdownLeaderElection(134)) - 601b4e43-fd2c-4737-8fdc-9e94860fc946: shutdown LeaderElection
2019-10-22 04:20:19,097 [601b4e43-fd2c-4737-8fdc-9e94860fc946@group-B5BEB8C9A630-LeaderElection43] INFO  impl.RoleInfo (RoleInfo.java:updateAndGet(143)) - 601b4e43-fd2c-4737-8fdc-9e94860fc946: start FollowerState
2019-10-22 04:20:19,226 [Thread-722] INFO  impl.FollowerState (FollowerState.java:run(108)) - 601b4e43-fd2c-4737-8fdc-9e94860fc946@group-B5BEB8C9A630-FollowerState: change to CANDIDATE, lastRpcTime:129ms, electionTimeout:129ms
2019-10-22 04:20:19,226 [Thread-722] INFO  impl.RoleInfo (RoleInfo.java:shutdownFollowerState(121)) - 601b4e43-fd2c-4737-8fdc-9e94860fc946: shutdown FollowerState
2019-10-22 04:20:19,226 [Thread-722] INFO  impl.RaftServerImpl (RaftServerImpl.java:setRole(184)) - 601b4e43-fd2c-4737-8fdc-9e94860fc946@group-B5BEB8C9A630: changes role from  FOLLOWER to CANDIDATE at term 38 for changeToCandidate
2019-10-22 04:20:19,226 [Thread-722] INFO  impl.RoleInfo (RoleInfo.java:updateAndGet(143)) - 601b4e43-fd2c-4737-8fdc-9e94860fc946: start LeaderElection
2019-10-22 04:20:19,255 [601b4e43-fd2c-4737-8fdc-9e94860fc946@group-B5BEB8C9A630-LeaderElection44] INFO  impl.LeaderElection (LeaderElection.java:askForVotes(178)) - 601b4e43-fd2c-4737-8fdc-9e94860fc946@group-B5BEB8C9A630-LeaderElection44: begin an election at term 39 for -1: [39efaeea-ba86-4fd8-a10a-b7015b9eb4a1:192.168.34.14:43496, 601b4e43-fd2c-4737-8fdc-9e94860fc946:192.168.34.14:37459, 0c43bc72-d834-4758-b91b-4934a5dc7f3b:192.168.34.14:33792], old=null
2019-10-22 04:20:19,257 [grpc-default-executor-4] INFO  impl.RaftServerImpl (RaftServerImpl.java:setRole(184)) - 39efaeea-ba86-4fd8-a10a-b7015b9eb4a1@group-B5BEB8C9A630: changes role from  FOLLOWER to FOLLOWER at term 39 for recognizeCandidate:601b4e43-fd2c-4737-8fdc-9e94860fc946
2019-10-22 04:20:19,257 [grpc-default-executor-0] INFO  impl.RaftServerImpl (RaftServerImpl.java:setRole(184)) - 0c43bc72-d834-4758-b91b-4934a5dc7f3b@group-B5BEB8C9A630: changes role from  FOLLOWER to FOLLOWER at term 39 for recognizeCandidate:601b4e43-fd2c-4737-8fdc-9e94860fc946
2019-10-22 04:20:19,257 [grpc-default-executor-4] INFO  impl.RoleInfo (RoleInfo.java:shutdownFollowerState(121)) - 39efaeea-ba86-4fd8-a10a-b7015b9eb4a1: shutdown FollowerState
2019-10-22 04:20:19,258 [grpc-default-executor-0] INFO  impl.RoleInfo (RoleInfo.java:shutdownFollowerState(121)) - 0c43bc72-d834-4758-b91b-4934a5dc7f3b: shutdown FollowerState
2019-10-22 04:20:19,258 [Thread-720] INFO  impl.FollowerState (FollowerState.java:run(117)) - 39efaeea-ba86-4fd8-a10a-b7015b9eb4a1@group-B5BEB8C9A630-FollowerState was interrupted: java.lang.InterruptedException: sleep interrupted
2019-10-22 04:20:19,258 [grpc-default-executor-4] INFO  impl.RoleInfo (RoleInfo.java:updateAndGet(143)) - 39efaeea-ba86-4fd8-a10a-b7015b9eb4a1: start FollowerState
2019-10-22 04:20:19,258 [Thread-721] INFO  impl.FollowerState (FollowerState.java:run(117)) - 0c43bc72-d834-4758-b91b-4934a5dc7f3b@group-B5BEB8C9A630-FollowerState was interrupted: java.lang.InterruptedException: sleep interrupted
2019-10-22 04:20:19,258 [grpc-default-executor-0] INFO  impl.RoleInfo (RoleInfo.java:updateAndGet(143)) - 0c43bc72-d834-4758-b91b-4934a5dc7f3b: start FollowerState
2019-10-22 04:20:19,274 [601b4e43-fd2c-4737-8fdc-9e94860fc946@group-B5BEB8C9A630-LeaderElection44] INFO  impl.LeaderElection (LeaderElection.java:logAndReturn(56)) - 601b4e43-fd2c-4737-8fdc-9e94860fc946@group-B5BEB8C9A630-LeaderElection44: Election REJECTED; received 2 response(s) [601b4e43-fd2c-4737-8fdc-9e94860fc946<-39efaeea-ba86-4fd8-a10a-b7015b9eb4a1#0:FAIL-t39, 601b4e43-fd2c-4737-8fdc-9e94860fc946<-0c43bc72-d834-4758-b91b-4934a5dc7f3b#0:FAIL-t39] and 0 exception(s); 601b4e43-fd2c-4737-8fdc-9e94860fc946@group-B5BEB8C9A630:t39, leader=null, voted=601b4e43-fd2c-4737-8fdc-9e94860fc946, raftlog=601b4e43-fd2c-4737-8fdc-9e94860fc946@group-B5BEB8C9A630-SegmentedRaftLog:OPENED:c-1,f-1,i0, conf=-1: [39efaeea-ba86-4fd8-a10a-b7015b9eb4a1:192.168.34.14:43496, 601b4e43-fd2c-4737-8fdc-9e94860fc946:192.168.34.14:37459, 0c43bc72-d834-4758-b91b-4934a5dc7f3b:192.168.34.14:33792], old=null
2019-10-22 04:20:19,274 [601b4e43-fd2c-4737-8fdc-9e94860fc946@group-B5BEB8C9A630-LeaderElection44] INFO  impl.RaftServerImpl (RaftServerImpl.java:setRole(184)) - 601b4e43-fd2c-4737-8fdc-9e94860fc946@group-B5BEB8C9A630: changes role from CANDIDATE to FOLLOWER at term 39 for DISCOVERED_A_NEW_TERM
2019-10-22 04:20:19,274 [601b4e43-fd2c-4737-8fdc-9e94860fc946@group-B5BEB8C9A630-LeaderElection44] INFO  impl.RoleInfo (RoleInfo.java:shutdownLeaderElection(134)) - 601b4e43-fd2c-4737-8fdc-9e94860fc946: shutdown LeaderElection
2019-10-22 04:20:19,275 [601b4e43-fd2c-4737-8fdc-9e94860fc946@group-B5BEB8C9A630-LeaderElection44] INFO  impl.RoleInfo (RoleInfo.java:updateAndGet(143)) - 601b4e43-fd2c-4737-8fdc-9e94860fc946: start FollowerState
2019-10-22 04:20:19,412 [Thread-728] INFO  impl.FollowerState (FollowerState.java:run(108)) - 601b4e43-fd2c-4737-8fdc-9e94860fc946@group-B5BEB8C9A630-FollowerState: change to CANDIDATE, lastRpcTime:137ms, electionTimeout:137ms
2019-10-22 04:20:19,412 [Thread-728] INFO  impl.RoleInfo (RoleInfo.java:shutdownFollowerState(121)) - 601b4e43-fd2c-4737-8fdc-9e94860fc946: shutdown FollowerState
2019-10-22 04:20:19,412 [Thread-728] INFO  impl.RaftServerImpl (RaftServerImpl.java:setRole(184)) - 601b4e43-fd2c-4737-8fdc-9e94860fc946@group-B5BEB8C9A630: changes role from  FOLLOWER to CANDIDATE at term 39 for changeToCandidate
2019-10-22 04:20:19,413 [Thread-728] INFO  impl.RoleInfo (RoleInfo.java:updateAndGet(143)) - 601b4e43-fd2c-4737-8fdc-9e94860fc946: start LeaderElection
2019-10-22 04:20:19,427 [601b4e43-fd2c-4737-8fdc-9e94860fc946@group-B5BEB8C9A630-LeaderElection45] INFO  impl.LeaderElection (LeaderElection.java:askForVotes(178)) - 601b4e43-fd2c-4737-8fdc-9e94860fc946@group-B5BEB8C9A630-LeaderElection45: begin an election at term 40 for -1: [39efaeea-ba86-4fd8-a10a-b7015b9eb4a1:192.168.34.14:43496, 601b4e43-fd2c-4737-8fdc-9e94860fc946:192.168.34.14:37459, 0c43bc72-d834-4758-b91b-4934a5dc7f3b:192.168.34.14:33792], old=null
2019-10-22 04:20:19,430 [grpc-default-executor-0] INFO  impl.RaftServerImpl (RaftServerImpl.java:setRole(184)) - 39efaeea-ba86-4fd8-a10a-b7015b9eb4a1@group-B5BEB8C9A630: changes role from  FOLLOWER to FOLLOWER at term 40 for recognizeCandidate:601b4e43-fd2c-4737-8fdc-9e94860fc946
2019-10-22 04:20:19,430 [grpc-default-executor-0] INFO  impl.RoleInfo (RoleInfo.java:shutdownFollowerState(121)) - 39efaeea-ba86-4fd8-a10a-b7015b9eb4a1: shutdown FollowerState
2019-10-22 04:20:19,431 [grpc-default-executor-4] INFO  impl.RaftServerImpl (RaftServerImpl.java:setRole(184)) - 0c43bc72-d834-4758-b91b-4934a5dc7f3b@group-B5BEB8C9A630: changes role from  FOLLOWER to FOLLOWER at term 40 for recognizeCandidate:601b4e43-fd2c-4737-8fdc-9e94860fc946
2019-10-22 04:20:19,431 [Thread-726] INFO  impl.FollowerState (FollowerState.java:run(117)) - 39efaeea-ba86-4fd8-a10a-b7015b9eb4a1@group-B5BEB8C9A630-FollowerState was interrupted: java.lang.InterruptedException: sleep interrupted
2019-10-22 04:20:19,431 [grpc-default-executor-4] INFO  impl.RoleInfo (RoleInfo.java:shutdownFollowerState(121)) - 0c43bc72-d834-4758-b91b-4934a5dc7f3b: shutdown FollowerState
2019-10-22 04:20:19,431 [grpc-default-executor-0] INFO  impl.RoleInfo (RoleInfo.java:updateAndGet(143)) - 39efaeea-ba86-4fd8-a10a-b7015b9eb4a1: start FollowerState
2019-10-22 04:20:19,431 [Thread-727] INFO  impl.FollowerState (FollowerState.java:run(117)) - 0c43bc72-d834-4758-b91b-4934a5dc7f3b@group-B5BEB8C9A630-FollowerState was interrupted: java.lang.InterruptedException: sleep interrupted
2019-10-22 04:20:19,431 [grpc-default-executor-4] INFO  impl.RoleInfo (RoleInfo.java:updateAndGet(143)) - 0c43bc72-d834-4758-b91b-4934a5dc7f3b: start FollowerState
2019-10-22 04:20:19,446 [601b4e43-fd2c-4737-8fdc-9e94860fc946@group-B5BEB8C9A630-LeaderElection45] INFO  impl.LeaderElection (LeaderElection.java:logAndReturn(56)) - 601b4e43-fd2c-4737-8fdc-9e94860fc946@group-B5BEB8C9A630-LeaderElection45: Election REJECTED; received 2 response(s) [601b4e43-fd2c-4737-8fdc-9e94860fc946<-39efaeea-ba86-4fd8-a10a-b7015b9eb4a1#0:FAIL-t40, 601b4e43-fd2c-4737-8fdc-9e94860fc946<-0c43bc72-d834-4758-b91b-4934a5dc7f3b#0:FAIL-t40] and 0 exception(s); 601b4e43-fd2c-4737-8fdc-9e94860fc946@group-B5BEB8C9A630:t40, leader=null, voted=601b4e43-fd2c-4737-8fdc-9e94860fc946, raftlog=601b4e43-fd2c-4737-8fdc-9e94860fc946@group-B5BEB8C9A630-SegmentedRaftLog:OPENED:c-1,f-1,i0, conf=-1: [39efaeea-ba86-4fd8-a10a-b7015b9eb4a1:192.168.34.14:43496, 601b4e43-fd2c-4737-8fdc-9e94860fc946:192.168.34.14:37459, 0c43bc72-d834-4758-b91b-4934a5dc7f3b:192.168.34.14:33792], old=null
2019-10-22 04:20:19,446 [601b4e43-fd2c-4737-8fdc-9e94860fc946@group-B5BEB8C9A630-LeaderElection45] INFO  impl.RaftServerImpl (RaftServerImpl.java:setRole(184)) - 601b4e43-fd2c-4737-8fdc-9e94860fc946@group-B5BEB8C9A630: changes role from CANDIDATE to FOLLOWER at term 40 for DISCOVERED_A_NEW_TERM
2019-10-22 04:20:19,446 [601b4e43-fd2c-4737-8fdc-9e94860fc946@group-B5BEB8C9A630-LeaderElection45] INFO  impl.RoleInfo (RoleInfo.java:shutdownLeaderElection(134)) - 601b4e43-fd2c-4737-8fdc-9e94860fc946: shutdown LeaderElection
2019-10-22 04:20:19,446 [601b4e43-fd2c-4737-8fdc-9e94860fc946@group-B5BEB8C9A630-LeaderElection45] INFO  impl.RoleInfo (RoleInfo.java:updateAndGet(143)) - 601b4e43-fd2c-4737-8fdc-9e94860fc946: start FollowerState
2019-10-22 04:20:19,522 [Thread-734] INFO  impl.FollowerState (FollowerState.java:run(108)) - 601b4e43-fd2c-4737-8fdc-9e94860fc946@group-B5BEB8C9A630-FollowerState: change to CANDIDATE, lastRpcTime:75ms, electionTimeout:75ms
2019-10-22 04:20:19,522 [Thread-734] INFO  impl.RoleInfo (RoleInfo.java:shutdownFollowerState(121)) - 601b4e43-fd2c-4737-8fdc-9e94860fc946: shutdown FollowerState
2019-10-22 04:20:19,522 [Thread-734] INFO  impl.RaftServerImpl (RaftServerImpl.java:setRole(184)) - 601b4e43-fd2c-4737-8fdc-9e94860fc946@group-B5BEB8C9A630: changes role from  FOLLOWER to CANDIDATE at term 40 for changeToCandidate
2019-10-22 04:20:19,522 [Thread-734] INFO  impl.RoleInfo (RoleInfo.java:updateAndGet(143)) - 601b4e43-fd2c-4737-8fdc-9e94860fc946: start LeaderElection
2019-10-22 04:20:19,542 [601b4e43-fd2c-4737-8fdc-9e94860fc946@group-B5BEB8C9A630-LeaderElection46] INFO  impl.LeaderElection (LeaderElection.java:askForVotes(178)) - 601b4e43-fd2c-4737-8fdc-9e94860fc946@group-B5BEB8C9A630-LeaderElection46: begin an election at term 41 for -1: [39efaeea-ba86-4fd8-a10a-b7015b9eb4a1:192.168.34.14:43496, 601b4e43-fd2c-4737-8fdc-9e94860fc946:192.168.34.14:37459, 0c43bc72-d834-4758-b91b-4934a5dc7f3b:192.168.34.14:33792], old=null
2019-10-22 04:20:19,545 [grpc-default-executor-4] INFO  impl.RaftServerImpl (RaftServerImpl.java:setRole(184)) - 39efaeea-ba86-4fd8-a10a-b7015b9eb4a1@group-B5BEB8C9A630: changes role from  FOLLOWER to FOLLOWER at term 41 for recognizeCandidate:601b4e43-fd2c-4737-8fdc-9e94860fc946
2019-10-22 04:20:19,545 [grpc-default-executor-0] INFO  impl.RaftServerImpl (RaftServerImpl.java:setRole(184)) - 0c43bc72-d834-4758-b91b-4934a5dc7f3b@group-B5BEB8C9A630: changes role from  FOLLOWER to FOLLOWER at term 41 for recognizeCandidate:601b4e43-fd2c-4737-8fdc-9e94860fc946
2019-10-22 04:20:19,545 [grpc-default-executor-4] INFO  impl.RoleInfo (RoleInfo.java:shutdownFollowerState(121)) - 39efaeea-ba86-4fd8-a10a-b7015b9eb4a1: shutdown FollowerState
2019-10-22 04:20:19,545 [grpc-default-executor-0] INFO  impl.RoleInfo (RoleInfo.java:shutdownFollowerState(121)) - 0c43bc72-d834-4758-b91b-4934a5dc7f3b: shutdown FollowerState
2019-10-22 04:20:19,545 [grpc-default-executor-4] INFO  impl.RoleInfo (RoleInfo.java:updateAndGet(143)) - 39efaeea-ba86-4fd8-a10a-b7015b9eb4a1: start FollowerState
2019-10-22 04:20:19,546 [Thread-733] INFO  impl.FollowerState (FollowerState.java:run(117)) - 0c43bc72-d834-4758-b91b-4934a5dc7f3b@group-B5BEB8C9A630-FollowerState was interrupted: java.lang.InterruptedException: sleep interrupted
2019-10-22 04:20:19,545 [Thread-732] INFO  impl.FollowerState (FollowerState.java:run(117)) - 39efaeea-ba86-4fd8-a10a-b7015b9eb4a1@group-B5BEB8C9A630-FollowerState was interrupted: java.lang.InterruptedException: sleep interrupted
2019-10-22 04:20:19,545 [grpc-default-executor-0] INFO  impl.RoleInfo (RoleInfo.java:updateAndGet(143)) - 0c43bc72-d834-4758-b91b-4934a5dc7f3b: start FollowerState
2019-10-22 04:20:19,577 [601b4e43-fd2c-4737-8fdc-9e94860fc946@group-B5BEB8C9A630-LeaderElection46] INFO  impl.LeaderElection (LeaderElection.java:logAndReturn(56)) - 601b4e43-fd2c-4737-8fdc-9e94860fc946@group-B5BEB8C9A630-LeaderElection46: Election REJECTED; received 2 response(s) [601b4e43-fd2c-4737-8fdc-9e94860fc946<-39efaeea-ba86-4fd8-a10a-b7015b9eb4a1#0:FAIL-t41, 601b4e43-fd2c-4737-8fdc-9e94860fc946<-0c43bc72-d834-4758-b91b-4934a5dc7f3b#0:FAIL-t41] and 0 exception(s); 601b4e43-fd2c-4737-8fdc-9e94860fc946@group-B5BEB8C9A630:t41, leader=null, voted=601b4e43-fd2c-4737-8fdc-9e94860fc946, raftlog=601b4e43-fd2c-4737-8fdc-9e94860fc946@group-B5BEB8C9A630-SegmentedRaftLog:OPENED:c-1,f-1,i0, conf=-1: [39efaeea-ba86-4fd8-a10a-b7015b9eb4a1:192.168.34.14:43496, 601b4e43-fd2c-4737-8fdc-9e94860fc946:192.168.34.14:37459, 0c43bc72-d834-4758-b91b-4934a5dc7f3b:192.168.34.14:33792], old=null
2019-10-22 04:20:19,577 [601b4e43-fd2c-4737-8fdc-9e94860fc946@group-B5BEB8C9A630-LeaderElection46] INFO  impl.RaftServerImpl (RaftServerImpl.java:setRole(184)) - 601b4e43-fd2c-4737-8fdc-9e94860fc946@group-B5BEB8C9A630: changes role from CANDIDATE to FOLLOWER at term 41 for DISCOVERED_A_NEW_TERM
2019-10-22 04:20:19,577 [601b4e43-fd2c-4737-8fdc-9e94860fc946@group-B5BEB8C9A630-LeaderElection46] INFO  impl.RoleInfo (RoleInfo.java:shutdownLeaderElection(134)) - 601b4e43-fd2c-4737-8fdc-9e94860fc946: shutdown LeaderElection
2019-10-22 04:20:19,577 [601b4e43-fd2c-4737-8fdc-9e94860fc946@group-B5BEB8C9A630-LeaderElection46] INFO  impl.RoleInfo (RoleInfo.java:updateAndGet(143)) - 601b4e43-fd2c-4737-8fdc-9e94860fc946: start FollowerState
2019-10-22 04:20:19,616 [Thread-740] INFO  impl.FollowerState (FollowerState.java:run(108)) - 601b4e43-fd2c-4737-8fdc-9e94860fc946@group-B5BEB8C9A630-FollowerState: change to CANDIDATE, lastRpcTime:38ms, electionTimeout:38ms
2019-10-22 04:20:19,616 [Thread-740] INFO  impl.RoleInfo (RoleInfo.java:shutdownFollowerState(121)) - 601b4e43-fd2c-4737-8fdc-9e94860fc946: shutdown FollowerState
2019-10-22 04:20:19,616 [Thread-740] INFO  impl.RaftServerImpl (RaftServerImpl.java:setRole(184)) - 601b4e43-fd2c-4737-8fdc-9e94860fc946@group-B5BEB8C9A630: changes role from  FOLLOWER to CANDIDATE at term 41 for changeToCandidate
2019-10-22 04:20:19,616 [Thread-740] INFO  impl.RoleInfo (RoleInfo.java:updateAndGet(143)) - 601b4e43-fd2c-4737-8fdc-9e94860fc946: start LeaderElection
2019-10-22 04:20:19,631 [601b4e43-fd2c-4737-8fdc-9e94860fc946@group-B5BEB8C9A630-LeaderElection47] INFO  impl.LeaderElection (LeaderElection.java:askForVotes(178)) - 601b4e43-fd2c-4737-8fdc-9e94860fc946@group-B5BEB8C9A630-LeaderElection47: begin an election at term 42 for -1: [39efaeea-ba86-4fd8-a10a-b7015b9eb4a1:192.168.34.14:43496, 601b4e43-fd2c-4737-8fdc-9e94860fc946:192.168.34.14:37459, 0c43bc72-d834-4758-b91b-4934a5dc7f3b:192.168.34.14:33792], old=null
2019-10-22 04:20:19,635 [grpc-default-executor-4] INFO  impl.RaftServerImpl (RaftServerImpl.java:setRole(184)) - 39efaeea-ba86-4fd8-a10a-b7015b9eb4a1@group-B5BEB8C9A630: changes role from  FOLLOWER to FOLLOWER at term 42 for recognizeCandidate:601b4e43-fd2c-4737-8fdc-9e94860fc946
2019-10-22 04:20:19,635 [grpc-default-executor-4] INFO  impl.RoleInfo (RoleInfo.java:shutdownFollowerState(121)) - 39efaeea-ba86-4fd8-a10a-b7015b9eb4a1: shutdown FollowerState
2019-10-22 04:20:19,635 [grpc-default-executor-4] INFO  impl.RoleInfo (RoleInfo.java:updateAndGet(143)) - 39efaeea-ba86-4fd8-a10a-b7015b9eb4a1: start FollowerState
2019-10-22 04:20:19,635 [Thread-738] INFO  impl.FollowerState (FollowerState.java:run(117)) - 39efaeea-ba86-4fd8-a10a-b7015b9eb4a1@group-B5BEB8C9A630-FollowerState was interrupted: java.lang.InterruptedException: sleep interrupted
2019-10-22 04:20:19,635 [grpc-default-executor-0] INFO  impl.RaftServerImpl (RaftServerImpl.java:setRole(184)) - 0c43bc72-d834-4758-b91b-4934a5dc7f3b@group-B5BEB8C9A630: changes role from  FOLLOWER to FOLLOWER at term 42 for recognizeCandidate:601b4e43-fd2c-4737-8fdc-9e94860fc946
2019-10-22 04:20:19,636 [grpc-default-executor-0] INFO  impl.RoleInfo (RoleInfo.java:shutdownFollowerState(121)) - 0c43bc72-d834-4758-b91b-4934a5dc7f3b: shutdown FollowerState
2019-10-22 04:20:19,636 [grpc-default-executor-0] INFO  impl.RoleInfo (RoleInfo.java:updateAndGet(143)) - 0c43bc72-d834-4758-b91b-4934a5dc7f3b: start FollowerState
2019-10-22 04:20:19,636 [Thread-739] INFO  impl.FollowerState (FollowerState.java:run(117)) - 0c43bc72-d834-4758-b91b-4934a5dc7f3b@group-B5BEB8C9A630-FollowerState was interrupted: java.lang.InterruptedException: sleep interrupted
2019-10-22 04:20:19,637 [601b4e43-fd2c-4737-8fdc-9e94860fc946@group-B5BEB8C9A630-LeaderElection47] INFO  impl.LeaderElection (LeaderElection.java:logAndReturn(56)) - 601b4e43-fd2c-4737-8fdc-9e94860fc946@group-B5BEB8C9A630-LeaderElection47: Election TIMEOUT; received 0 response(s) [] and 0 exception(s); 601b4e43-fd2c-4737-8fdc-9e94860fc946@group-B5BEB8C9A630:t42, leader=null, voted=601b4e43-fd2c-4737-8fdc-9e94860fc946, raftlog=601b4e43-fd2c-4737-8fdc-9e94860fc946@group-B5BEB8C9A630-SegmentedRaftLog:OPENED:c-1,f-1,i0, conf=-1: [39efaeea-ba86-4fd8-a10a-b7015b9eb4a1:192.168.34.14:43496, 601b4e43-fd2c-4737-8fdc-9e94860fc946:192.168.34.14:37459, 0c43bc72-d834-4758-b91b-4934a5dc7f3b:192.168.34.14:33792], old=null
2019-10-22 04:20:19,649 [601b4e43-fd2c-4737-8fdc-9e94860fc946@group-B5BEB8C9A630-LeaderElection47] INFO  impl.LeaderElection (LeaderElection.java:askForVotes(178)) - 601b4e43-fd2c-4737-8fdc-9e94860fc946@group-B5BEB8C9A630-LeaderElection47: begin an election at term 43 for -1: [39efaeea-ba86-4fd8-a10a-b7015b9eb4a1:192.168.34.14:43496, 601b4e43-fd2c-4737-8fdc-9e94860fc946:192.168.34.14:37459, 0c43bc72-d834-4758-b91b-4934a5dc7f3b:192.168.34.14:33792], old=null
2019-10-22 04:20:19,652 [grpc-default-executor-0] INFO  impl.RaftServerImpl (RaftServerImpl.java:setRole(184)) - 39efaeea-ba86-4fd8-a10a-b7015b9eb4a1@group-B5BEB8C9A630: changes role from  FOLLOWER to FOLLOWER at term 43 for recognizeCandidate:601b4e43-fd2c-4737-8fdc-9e94860fc946
2019-10-22 04:20:19,653 [grpc-default-executor-0] INFO  impl.RoleInfo (RoleInfo.java:shutdownFollowerState(121)) - 39efaeea-ba86-4fd8-a10a-b7015b9eb4a1: shutdown FollowerState
2019-10-22 04:20:19,653 [grpc-default-executor-4] INFO  impl.RaftServerImpl (RaftServerImpl.java:setRole(184)) - 0c43bc72-d834-4758-b91b-4934a5dc7f3b@group-B5BEB8C9A630: changes role from  FOLLOWER to FOLLOWER at term 43 for recognizeCandidate:601b4e43-fd2c-4737-8fdc-9e94860fc946
2019-10-22 04:20:19,653 [Thread-744] INFO  impl.FollowerState (FollowerState.java:run(117)) - 39efaeea-ba86-4fd8-a10a-b7015b9eb4a1@group-B5BEB8C9A630-FollowerState was interrupted: java.lang.InterruptedException: sleep interrupted
2019-10-22 04:20:19,653 [grpc-default-executor-0] INFO  impl.RoleInfo (RoleInfo.java:updateAndGet(143)) - 39efaeea-ba86-4fd8-a10a-b7015b9eb4a1: start FollowerState
2019-10-22 04:20:19,653 [grpc-default-executor-4] INFO  impl.RoleInfo (RoleInfo.java:shutdownFollowerState(121)) - 0c43bc72-d834-4758-b91b-4934a5dc7f3b: shutdown FollowerState
2019-10-22 04:20:19,653 [grpc-default-executor-4] INFO  impl.RoleInfo (RoleInfo.java:updateAndGet(143)) - 0c43bc72-d834-4758-b91b-4934a5dc7f3b: start FollowerState
2019-10-22 04:20:19,654 [Thread-745] INFO  impl.FollowerState (FollowerState.java:run(117)) - 0c43bc72-d834-4758-b91b-4934a5dc7f3b@group-B5BEB8C9A630-FollowerState was interrupted: java.lang.InterruptedException: sleep interrupted
2019-10-22 04:20:19,668 [601b4e43-fd2c-4737-8fdc-9e94860fc946@group-B5BEB8C9A630-LeaderElection47] INFO  impl.LeaderElection (LeaderElection.java:logAndReturn(56)) - 601b4e43-fd2c-4737-8fdc-9e94860fc946@group-B5BEB8C9A630-LeaderElection47: Election REJECTED; received 2 response(s) [601b4e43-fd2c-4737-8fdc-9e94860fc946<-39efaeea-ba86-4fd8-a10a-b7015b9eb4a1#0:FAIL-t43, 601b4e43-fd2c-4737-8fdc-9e94860fc946<-0c43bc72-d834-4758-b91b-4934a5dc7f3b#0:FAIL-t43] and 0 exception(s); 601b4e43-fd2c-4737-8fdc-9e94860fc946@group-B5BEB8C9A630:t43, leader=null, voted=601b4e43-fd2c-4737-8fdc-9e94860fc946, raftlog=601b4e43-fd2c-4737-8fdc-9e94860fc946@group-B5BEB8C9A630-SegmentedRaftLog:OPENED:c-1,f-1,i0, conf=-1: [39efaeea-ba86-4fd8-a10a-b7015b9eb4a1:192.168.34.14:43496, 601b4e43-fd2c-4737-8fdc-9e94860fc946:192.168.34.14:37459, 0c43bc72-d834-4758-b91b-4934a5dc7f3b:192.168.34.14:33792], old=null
2019-10-22 04:20:19,668 [601b4e43-fd2c-4737-8fdc-9e94860fc946@group-B5BEB8C9A630-LeaderElection47] INFO  impl.RaftServerImpl (RaftServerImpl.java:setRole(184)) - 601b4e43-fd2c-4737-8fdc-9e94860fc946@group-B5BEB8C9A630: changes role from CANDIDATE to FOLLOWER at term 43 for DISCOVERED_A_NEW_TERM
2019-10-22 04:20:19,668 [601b4e43-fd2c-4737-8fdc-9e94860fc946@group-B5BEB8C9A630-LeaderElection47] INFO  impl.RoleInfo (RoleInfo.java:shutdownLeaderElection(134)) - 601b4e43-fd2c-4737-8fdc-9e94860fc946: shutdown LeaderElection
2019-10-22 04:20:19,668 [601b4e43-fd2c-4737-8fdc-9e94860fc946@group-B5BEB8C9A630-LeaderElection47] INFO  impl.RoleInfo (RoleInfo.java:updateAndGet(143)) - 601b4e43-fd2c-4737-8fdc-9e94860fc946: start FollowerState
2019-10-22 04:20:19,675 [Thread-750] INFO  impl.FollowerState (FollowerState.java:run(108)) - 601b4e43-fd2c-4737-8fdc-9e94860fc946@group-B5BEB8C9A630-FollowerState: change to CANDIDATE, lastRpcTime:6ms, electionTimeout:6ms
2019-10-22 04:20:19,675 [Thread-750] INFO  impl.RoleInfo (RoleInfo.java:shutdownFollowerState(121)) - 601b4e43-fd2c-4737-8fdc-9e94860fc946: shutdown FollowerState
2019-10-22 04:20:19,675 [Thread-750] INFO  impl.RaftServerImpl (RaftServerImpl.java:setRole(184)) - 601b4e43-fd2c-4737-8fdc-9e94860fc946@group-B5BEB8C9A630: changes role from  FOLLOWER to CANDIDATE at term 43 for changeToCandidate
2019-10-22 04:20:19,675 [Thread-750] INFO  impl.RoleInfo (RoleInfo.java:updateAndGet(143)) - 601b4e43-fd2c-4737-8fdc-9e94860fc946: start LeaderElection
2019-10-22 04:20:19,689 [601b4e43-fd2c-4737-8fdc-9e94860fc946@group-B5BEB8C9A630-LeaderElection48] INFO  impl.LeaderElection (LeaderElection.java:askForVotes(178)) - 601b4e43-fd2c-4737-8fdc-9e94860fc946@group-B5BEB8C9A630-LeaderElection48: begin an election at term 44 for -1: [39efaeea-ba86-4fd8-a10a-b7015b9eb4a1:192.168.34.14:43496, 601b4e43-fd2c-4737-8fdc-9e94860fc946:192.168.34.14:37459, 0c43bc72-d834-4758-b91b-4934a5dc7f3b:192.168.34.14:33792], old=null
2019-10-22 04:20:19,691 [grpc-default-executor-0] INFO  impl.RaftServerImpl (RaftServerImpl.java:setRole(184)) - 39efaeea-ba86-4fd8-a10a-b7015b9eb4a1@group-B5BEB8C9A630: changes role from  FOLLOWER to FOLLOWER at term 44 for recognizeCandidate:601b4e43-fd2c-4737-8fdc-9e94860fc946
2019-10-22 04:20:19,691 [grpc-default-executor-0] INFO  impl.RoleInfo (RoleInfo.java:shutdownFollowerState(121)) - 39efaeea-ba86-4fd8-a10a-b7015b9eb4a1: shutdown FollowerState
2019-10-22 04:20:19,691 [grpc-default-executor-4] INFO  impl.RaftServerImpl (RaftServerImpl.java:setRole(184)) - 0c43bc72-d834-4758-b91b-4934a5dc7f3b@group-B5BEB8C9A630: changes role from  FOLLOWER to FOLLOWER at term 44 for recognizeCandidate:601b4e43-fd2c-4737-8fdc-9e94860fc946
2019-10-22 04:20:19,691 [grpc-default-executor-0] INFO  impl.RoleInfo (RoleInfo.java:updateAndGet(143)) - 39efaeea-ba86-4fd8-a10a-b7015b9eb4a1: start FollowerState
2019-10-22 04:20:19,691 [Thread-748] INFO  impl.FollowerState (FollowerState.java:run(117)) - 39efaeea-ba86-4fd8-a10a-b7015b9eb4a1@group-B5BEB8C9A630-FollowerState was interrupted: java.lang.InterruptedException: sleep interrupted
2019-10-22 04:20:19,691 [grpc-default-executor-4] INFO  impl.RoleInfo (RoleInfo.java:shutdownFollowerState(121)) - 0c43bc72-d834-4758-b91b-4934a5dc7f3b: shutdown FollowerState
2019-10-22 04:20:19,692 [Thread-749] INFO  impl.FollowerState (FollowerState.java:run(117)) - 0c43bc72-d834-4758-b91b-4934a5dc7f3b@group-B5BEB8C9A630-FollowerState was interrupted: java.lang.InterruptedException: sleep interrupted
2019-10-22 04:20:19,692 [grpc-default-executor-4] INFO  impl.RoleInfo (RoleInfo.java:updateAndGet(143)) - 0c43bc72-d834-4758-b91b-4934a5dc7f3b: start FollowerState
2019-10-22 04:20:19,693 [601b4e43-fd2c-4737-8fdc-9e94860fc946@group-B5BEB8C9A630-LeaderElection48] INFO  impl.LeaderElection (LeaderElection.java:logAndReturn(56)) - 601b4e43-fd2c-4737-8fdc-9e94860fc946@group-B5BEB8C9A630-LeaderElection48: Election TIMEOUT; received 0 response(s) [] and 0 exception(s); 601b4e43-fd2c-4737-8fdc-9e94860fc946@group-B5BEB8C9A630:t44, leader=null, voted=601b4e43-fd2c-4737-8fdc-9e94860fc946, raftlog=601b4e43-fd2c-4737-8fdc-9e94860fc946@group-B5BEB8C9A630-SegmentedRaftLog:OPENED:c-1,f-1,i0, conf=-1: [39efaeea-ba86-4fd8-a10a-b7015b9eb4a1:192.168.34.14:43496, 601b4e43-fd2c-4737-8fdc-9e94860fc946:192.168.34.14:37459, 0c43bc72-d834-4758-b91b-4934a5dc7f3b:192.168.34.14:33792], old=null
2019-10-22 04:20:19,705 [601b4e43-fd2c-4737-8fdc-9e94860fc946@group-B5BEB8C9A630-LeaderElection48] INFO  impl.LeaderElection (LeaderElection.java:askForVotes(178)) - 601b4e43-fd2c-4737-8fdc-9e94860fc946@group-B5BEB8C9A630-LeaderElection48: begin an election at term 45 for -1: [39efaeea-ba86-4fd8-a10a-b7015b9eb4a1:192.168.34.14:43496, 601b4e43-fd2c-4737-8fdc-9e94860fc946:192.168.34.14:37459, 0c43bc72-d834-4758-b91b-4934a5dc7f3b:192.168.34.14:33792], old=null
2019-10-22 04:20:19,707 [grpc-default-executor-4] INFO  impl.RaftServerImpl (RaftServerImpl.java:setRole(184)) - 0c43bc72-d834-4758-b91b-4934a5dc7f3b@group-B5BEB8C9A630: changes role from  FOLLOWER to FOLLOWER at term 45 for recognizeCandidate:601b4e43-fd2c-4737-8fdc-9e94860fc946
2019-10-22 04:20:19,707 [grpc-default-executor-4] INFO  impl.RoleInfo (RoleInfo.java:shutdownFollowerState(121)) - 0c43bc72-d834-4758-b91b-4934a5dc7f3b: shutdown FollowerState
2019-10-22 04:20:19,707 [grpc-default-executor-0] INFO  impl.RaftServerImpl (RaftServerImpl.java:setRole(184)) - 39efaeea-ba86-4fd8-a10a-b7015b9eb4a1@group-B5BEB8C9A630: changes role from  FOLLOWER to FOLLOWER at term 45 for recognizeCandidate:601b4e43-fd2c-4737-8fdc-9e94860fc946
2019-10-22 04:20:19,707 [Thread-755] INFO  impl.FollowerState (FollowerState.java:run(117)) - 0c43bc72-d834-4758-b91b-4934a5dc7f3b@group-B5BEB8C9A630-FollowerState was interrupted: java.lang.InterruptedException: sleep interrupted
2019-10-22 04:20:19,707 [grpc-default-executor-4] INFO  impl.RoleInfo (RoleInfo.java:updateAndGet(143)) - 0c43bc72-d834-4758-b91b-4934a5dc7f3b: start FollowerState
2019-10-22 04:20:19,708 [grpc-default-executor-0] INFO  impl.RoleInfo (RoleInfo.java:shutdownFollowerState(121)) - 39efaeea-ba86-4fd8-a10a-b7015b9eb4a1: shutdown FollowerState
2019-10-22 04:20:19,708 [grpc-default-executor-0] INFO  impl.RoleInfo (RoleInfo.java:updateAndGet(143)) - 39efaeea-ba86-4fd8-a10a-b7015b9eb4a1: start FollowerState
2019-10-22 04:20:19,708 [Thread-754] INFO  impl.FollowerState (FollowerState.java:run(117)) - 39efaeea-ba86-4fd8-a10a-b7015b9eb4a1@group-B5BEB8C9A630-FollowerState was interrupted: java.lang.InterruptedException: sleep interrupted
2019-10-22 04:20:19,722 [601b4e43-fd2c-4737-8fdc-9e94860fc946@group-B5BEB8C9A630-LeaderElection48] INFO  impl.LeaderElection (LeaderElection.java:logAndReturn(56)) - 601b4e43-fd2c-4737-8fdc-9e94860fc946@group-B5BEB8C9A630-LeaderElection48: Election REJECTED; received 2 response(s) [601b4e43-fd2c-4737-8fdc-9e94860fc946<-39efaeea-ba86-4fd8-a10a-b7015b9eb4a1#0:FAIL-t45, 601b4e43-fd2c-4737-8fdc-9e94860fc946<-0c43bc72-d834-4758-b91b-4934a5dc7f3b#0:FAIL-t45] and 0 exception(s); 601b4e43-fd2c-4737-8fdc-9e94860fc946@group-B5BEB8C9A630:t45, leader=null, voted=601b4e43-fd2c-4737-8fdc-9e94860fc946, raftlog=601b4e43-fd2c-4737-8fdc-9e94860fc946@group-B5BEB8C9A630-SegmentedRaftLog:OPENED:c-1,f-1,i0, conf=-1: [39efaeea-ba86-4fd8-a10a-b7015b9eb4a1:192.168.34.14:43496, 601b4e43-fd2c-4737-8fdc-9e94860fc946:192.168.34.14:37459, 0c43bc72-d834-4758-b91b-4934a5dc7f3b:192.168.34.14:33792], old=null
2019-10-22 04:20:19,722 [601b4e43-fd2c-4737-8fdc-9e94860fc946@group-B5BEB8C9A630-LeaderElection48] INFO  impl.RaftServerImpl (RaftServerImpl.java:setRole(184)) - 601b4e43-fd2c-4737-8fdc-9e94860fc946@group-B5BEB8C9A630: changes role from CANDIDATE to FOLLOWER at term 45 for DISCOVERED_A_NEW_TERM
2019-10-22 04:20:19,722 [601b4e43-fd2c-4737-8fdc-9e94860fc946@group-B5BEB8C9A630-LeaderElection48] INFO  impl.RoleInfo (RoleInfo.java:shutdownLeaderElection(134)) - 601b4e43-fd2c-4737-8fdc-9e94860fc946: shutdown LeaderElection
2019-10-22 04:20:19,723 [601b4e43-fd2c-4737-8fdc-9e94860fc946@group-B5BEB8C9A630-LeaderElection48] INFO  impl.RoleInfo (RoleInfo.java:updateAndGet(143)) - 601b4e43-fd2c-4737-8fdc-9e94860fc946: start FollowerState
2019-10-22 04:20:19,753 [Thread-760] INFO  impl.FollowerState (FollowerState.java:run(108)) - 601b4e43-fd2c-4737-8fdc-9e94860fc946@group-B5BEB8C9A630-FollowerState: change to CANDIDATE, lastRpcTime:29ms, electionTimeout:29ms
2019-10-22 04:20:19,753 [Thread-760] INFO  impl.RoleInfo (RoleInfo.java:shutdownFollowerState(121)) - 601b4e43-fd2c-4737-8fdc-9e94860fc946: shutdown FollowerState
2019-10-22 04:20:19,753 [Thread-760] INFO  impl.RaftServerImpl (RaftServerImpl.java:setRole(184)) - 601b4e43-fd2c-4737-8fdc-9e94860fc946@group-B5BEB8C9A630: changes role from  FOLLOWER to CANDIDATE at term 45 for changeToCandidate
2019-10-22 04:20:19,753 [Thread-760] INFO  impl.RoleInfo (RoleInfo.java:updateAndGet(143)) - 601b4e43-fd2c-4737-8fdc-9e94860fc946: start LeaderElection
2019-10-22 04:20:19,767 [601b4e43-fd2c-4737-8fdc-9e94860fc946@group-B5BEB8C9A630-LeaderElection49] INFO  impl.LeaderElection (LeaderElection.java:askForVotes(178)) - 601b4e43-fd2c-4737-8fdc-9e94860fc946@group-B5BEB8C9A630-LeaderElection49: begin an election at term 46 for -1: [39efaeea-ba86-4fd8-a10a-b7015b9eb4a1:192.168.34.14:43496, 601b4e43-fd2c-4737-8fdc-9e94860fc946:192.168.34.14:37459, 0c43bc72-d834-4758-b91b-4934a5dc7f3b:192.168.34.14:33792], old=null
2019-10-22 04:20:19,769 [grpc-default-executor-4] INFO  impl.RaftServerImpl (RaftServerImpl.java:setRole(184)) - 39efaeea-ba86-4fd8-a10a-b7015b9eb4a1@group-B5BEB8C9A630: changes role from  FOLLOWER to FOLLOWER at term 46 for recognizeCandidate:601b4e43-fd2c-4737-8fdc-9e94860fc946
2019-10-22 04:20:19,770 [grpc-default-executor-4] INFO  impl.RoleInfo (RoleInfo.java:shutdownFollowerState(121)) - 39efaeea-ba86-4fd8-a10a-b7015b9eb4a1: shutdown FollowerState
2019-10-22 04:20:19,770 [grpc-default-executor-0] INFO  impl.RaftServerImpl (RaftServerImpl.java:setRole(184)) - 0c43bc72-d834-4758-b91b-4934a5dc7f3b@group-B5BEB8C9A630: changes role from  FOLLOWER to FOLLOWER at term 46 for recognizeCandidate:601b4e43-fd2c-4737-8fdc-9e94860fc946
2019-10-22 04:20:19,770 [Thread-759] INFO  impl.FollowerState (FollowerState.java:run(117)) - 39efaeea-ba86-4fd8-a10a-b7015b9eb4a1@group-B5BEB8C9A630-FollowerState was interrupted: java.lang.InterruptedException: sleep interrupted
2019-10-22 04:20:19,770 [grpc-default-executor-0] INFO  impl.RoleInfo (RoleInfo.java:shutdownFollowerState(121)) - 0c43bc72-d834-4758-b91b-4934a5dc7f3b: shutdown FollowerState
2019-10-22 04:20:19,770 [grpc-default-executor-4] INFO  impl.RoleInfo (RoleInfo.java:updateAndGet(143)) - 39efaeea-ba86-4fd8-a10a-b7015b9eb4a1: start FollowerState
2019-10-22 04:20:19,770 [Thread-758] INFO  impl.FollowerState (FollowerState.java:run(117)) - 0c43bc72-d834-4758-b91b-4934a5dc7f3b@group-B5BEB8C9A630-FollowerState was interrupted: java.lang.InterruptedException: sleep interrupted
2019-10-22 04:20:19,770 [grpc-default-executor-0] INFO  impl.RoleInfo (RoleInfo.java:updateAndGet(143)) - 0c43bc72-d834-4758-b91b-4934a5dc7f3b: start FollowerState
2019-10-22 04:20:19,785 [601b4e43-fd2c-4737-8fdc-9e94860fc946@group-B5BEB8C9A630-LeaderElection49] INFO  impl.LeaderElection (LeaderElection.java:logAndReturn(56)) - 601b4e43-fd2c-4737-8fdc-9e94860fc946@group-B5BEB8C9A630-LeaderElection49: Election REJECTED; received 2 response(s) [601b4e43-fd2c-4737-8fdc-9e94860fc946<-39efaeea-ba86-4fd8-a10a-b7015b9eb4a1#0:FAIL-t46, 601b4e43-fd2c-4737-8fdc-9e94860fc946<-0c43bc72-d834-4758-b91b-4934a5dc7f3b#0:FAIL-t46] and 0 exception(s); 601b4e43-fd2c-4737-8fdc-9e94860fc946@group-B5BEB8C9A630:t46, leader=null, voted=601b4e43-fd2c-4737-8fdc-9e94860fc946, raftlog=601b4e43-fd2c-4737-8fdc-9e94860fc946@group-B5BEB8C9A630-SegmentedRaftLog:OPENED:c-1,f-1,i0, conf=-1: [39efaeea-ba86-4fd8-a10a-b7015b9eb4a1:192.168.34.14:43496, 601b4e43-fd2c-4737-8fdc-9e94860fc946:192.168.34.14:37459, 0c43bc72-d834-4758-b91b-4934a5dc7f3b:192.168.34.14:33792], old=null
2019-10-22 04:20:19,785 [601b4e43-fd2c-4737-8fdc-9e94860fc946@group-B5BEB8C9A630-LeaderElection49] INFO  impl.RaftServerImpl (RaftServerImpl.java:setRole(184)) - 601b4e43-fd2c-4737-8fdc-9e94860fc946@group-B5BEB8C9A630: changes role from CANDIDATE to FOLLOWER at term 46 for DISCOVERED_A_NEW_TERM
2019-10-22 04:20:19,785 [601b4e43-fd2c-4737-8fdc-9e94860fc946@group-B5BEB8C9A630-LeaderElection49] INFO  impl.RoleInfo (RoleInfo.java:shutdownLeaderElection(134)) - 601b4e43-fd2c-4737-8fdc-9e94860fc946: shutdown LeaderElection
2019-10-22 04:20:19,786 [601b4e43-fd2c-4737-8fdc-9e94860fc946@group-B5BEB8C9A630-LeaderElection49] INFO  impl.RoleInfo (RoleInfo.java:updateAndGet(143)) - 601b4e43-fd2c-4737-8fdc-9e94860fc946: start FollowerState
2019-10-22 04:20:19,799 [Thread-766] INFO  impl.FollowerState (FollowerState.java:run(108)) - 601b4e43-fd2c-4737-8fdc-9e94860fc946@group-B5BEB8C9A630-FollowerState: change to CANDIDATE, lastRpcTime:13ms, electionTimeout:13ms
2019-10-22 04:20:19,799 [Thread-766] INFO  impl.RoleInfo (RoleInfo.java:shutdownFollowerState(121)) - 601b4e43-fd2c-4737-8fdc-9e94860fc946: shutdown FollowerState
2019-10-22 04:20:19,799 [Thread-766] INFO  impl.RaftServerImpl (RaftServerImpl.java:setRole(184)) - 601b4e43-fd2c-4737-8fdc-9e94860fc946@group-B5BEB8C9A630: changes role from  FOLLOWER to CANDIDATE at term 46 for changeToCandidate
2019-10-22 04:20:19,800 [Thread-766] INFO  impl.RoleInfo (RoleInfo.java:updateAndGet(143)) - 601b4e43-fd2c-4737-8fdc-9e94860fc946: start LeaderElection
2019-10-22 04:20:19,809 [601b4e43-fd2c-4737-8fdc-9e94860fc946@group-B5BEB8C9A630-LeaderElection50] INFO  impl.LeaderElection (LeaderElection.java:askForVotes(178)) - 601b4e43-fd2c-4737-8fdc-9e94860fc946@group-B5BEB8C9A630-LeaderElection50: begin an election at term 47 for -1: [39efaeea-ba86-4fd8-a10a-b7015b9eb4a1:192.168.34.14:43496, 601b4e43-fd2c-4737-8fdc-9e94860fc946:192.168.34.14:37459, 0c43bc72-d834-4758-b91b-4934a5dc7f3b:192.168.34.14:33792], old=null
2019-10-22 04:20:19,812 [grpc-default-executor-0] INFO  impl.RaftServerImpl (RaftServerImpl.java:setRole(184)) - 39efaeea-ba86-4fd8-a10a-b7015b9eb4a1@group-B5BEB8C9A630: changes role from  FOLLOWER to FOLLOWER at term 47 for recognizeCandidate:601b4e43-fd2c-4737-8fdc-9e94860fc946
2019-10-22 04:20:19,812 [grpc-default-executor-0] INFO  impl.RoleInfo (RoleInfo.java:shutdownFollowerState(121)) - 39efaeea-ba86-4fd8-a10a-b7015b9eb4a1: shutdown FollowerState
2019-10-22 04:20:19,812 [grpc-default-executor-0] INFO  impl.RoleInfo (RoleInfo.java:updateAndGet(143)) - 39efaeea-ba86-4fd8-a10a-b7015b9eb4a1: start FollowerState
2019-10-22 04:20:19,813 [grpc-default-executor-4] INFO  impl.RaftServerImpl (RaftServerImpl.java:setRole(184)) - 0c43bc72-d834-4758-b91b-4934a5dc7f3b@group-B5BEB8C9A630: changes role from  FOLLOWER to FOLLOWER at term 47 for recognizeCandidate:601b4e43-fd2c-4737-8fdc-9e94860fc946
2019-10-22 04:20:19,813 [Thread-764] INFO  impl.FollowerState (FollowerState.java:run(117)) - 39efaeea-ba86-4fd8-a10a-b7015b9eb4a1@group-B5BEB8C9A630-FollowerState was interrupted: java.lang.InterruptedException: sleep interrupted
2019-10-22 04:20:19,813 [grpc-default-executor-4] INFO  impl.RoleInfo (RoleInfo.java:shutdownFollowerState(121)) - 0c43bc72-d834-4758-b91b-4934a5dc7f3b: shutdown FollowerState
2019-10-22 04:20:19,813 [grpc-default-executor-4] INFO  impl.RoleInfo (RoleInfo.java:updateAndGet(143)) - 0c43bc72-d834-4758-b91b-4934a5dc7f3b: start FollowerState
2019-10-22 04:20:19,813 [Thread-765] INFO  impl.FollowerState (FollowerState.java:run(117)) - 0c43bc72-d834-4758-b91b-4934a5dc7f3b@group-B5BEB8C9A630-FollowerState was interrupted: java.lang.InterruptedException: sleep interrupted
2019-10-22 04:20:19,827 [601b4e43-fd2c-4737-8fdc-9e94860fc946@group-B5BEB8C9A630-LeaderElection50] INFO  impl.LeaderElection (LeaderElection.java:logAndReturn(56)) - 601b4e43-fd2c-4737-8fdc-9e94860fc946@group-B5BEB8C9A630-LeaderElection50: Election REJECTED; received 2 response(s) [601b4e43-fd2c-4737-8fdc-9e94860fc946<-39efaeea-ba86-4fd8-a10a-b7015b9eb4a1#0:FAIL-t47, 601b4e43-fd2c-4737-8fdc-9e94860fc946<-0c43bc72-d834-4758-b91b-4934a5dc7f3b#0:FAIL-t47] and 0 exception(s); 601b4e43-fd2c-4737-8fdc-9e94860fc946@group-B5BEB8C9A630:t47, leader=null, voted=601b4e43-fd2c-4737-8fdc-9e94860fc946, raftlog=601b4e43-fd2c-4737-8fdc-9e94860fc946@group-B5BEB8C9A630-SegmentedRaftLog:OPENED:c-1,f-1,i0, conf=-1: [39efaeea-ba86-4fd8-a10a-b7015b9eb4a1:192.168.34.14:43496, 601b4e43-fd2c-4737-8fdc-9e94860fc946:192.168.34.14:37459, 0c43bc72-d834-4758-b91b-4934a5dc7f3b:192.168.34.14:33792], old=null
2019-10-22 04:20:19,828 [601b4e43-fd2c-4737-8fdc-9e94860fc946@group-B5BEB8C9A630-LeaderElection50] INFO  impl.RaftServerImpl (RaftServerImpl.java:setRole(184)) - 601b4e43-fd2c-4737-8fdc-9e94860fc946@group-B5BEB8C9A630: changes role from CANDIDATE to FOLLOWER at term 47 for DISCOVERED_A_NEW_TERM
2019-10-22 04:20:19,828 [601b4e43-fd2c-4737-8fdc-9e94860fc946@group-B5BEB8C9A630-LeaderElection50] INFO  impl.RoleInfo (RoleInfo.java:shutdownLeaderElection(134)) - 601b4e43-fd2c-4737-8fdc-9e94860fc946: shutdown LeaderElection
2019-10-22 04:20:19,828 [601b4e43-fd2c-4737-8fdc-9e94860fc946@group-B5BEB8C9A630-LeaderElection50] INFO  impl.RoleInfo (RoleInfo.java:updateAndGet(143)) - 601b4e43-fd2c-4737-8fdc-9e94860fc946: start FollowerState
2019-10-22 04:20:19,832 [Thread-772] INFO  impl.FollowerState (FollowerState.java:run(108)) - 601b4e43-fd2c-4737-8fdc-9e94860fc946@group-B5BEB8C9A630-FollowerState: change to CANDIDATE, lastRpcTime:4ms, electionTimeout:4ms
2019-10-22 04:20:19,832 [Thread-772] INFO  impl.RoleInfo (RoleInfo.java:shutdownFollowerState(121)) - 601b4e43-fd2c-4737-8fdc-9e94860fc946: shutdown FollowerState
2019-10-22 04:20:19,832 [Thread-772] INFO  impl.RaftServerImpl (RaftServerImpl.java:setRole(184)) - 601b4e43-fd2c-4737-8fdc-9e94860fc946@group-B5BEB8C9A630: changes role from  FOLLOWER to CANDIDATE at term 47 for changeToCandidate
2019-10-22 04:20:19,833 [Thread-772] INFO  impl.RoleInfo (RoleInfo.java:updateAndGet(143)) - 601b4e43-fd2c-4737-8fdc-9e94860fc946: start LeaderElection
2019-10-22 04:20:19,846 [601b4e43-fd2c-4737-8fdc-9e94860fc946@group-B5BEB8C9A630-LeaderElection51] INFO  impl.LeaderElection (LeaderElection.java:askForVotes(178)) - 601b4e43-fd2c-4737-8fdc-9e94860fc946@group-B5BEB8C9A630-LeaderElection51: begin an election at term 48 for -1: [39efaeea-ba86-4fd8-a10a-b7015b9eb4a1:192.168.34.14:43496, 601b4e43-fd2c-4737-8fdc-9e94860fc946:192.168.34.14:37459, 0c43bc72-d834-4758-b91b-4934a5dc7f3b:192.168.34.14:33792], old=null
2019-10-22 04:20:19,848 [grpc-default-executor-4] INFO  impl.RaftServerImpl (RaftServerImpl.java:setRole(184)) - 39efaeea-ba86-4fd8-a10a-b7015b9eb4a1@group-B5BEB8C9A630: changes role from  FOLLOWER to FOLLOWER at term 48 for recognizeCandidate:601b4e43-fd2c-4737-8fdc-9e94860fc946
2019-10-22 04:20:19,849 [grpc-default-executor-4] INFO  impl.RoleInfo (RoleInfo.java:shutdownFollowerState(121)) - 39efaeea-ba86-4fd8-a10a-b7015b9eb4a1: shutdown FollowerState
2019-10-22 04:20:19,849 [grpc-default-executor-4] INFO  impl.RoleInfo (RoleInfo.java:updateAndGet(143)) - 39efaeea-ba86-4fd8-a10a-b7015b9eb4a1: start FollowerState
2019-10-22 04:20:19,849 [grpc-default-executor-0] INFO  impl.RaftServerImpl (RaftServerImpl.java:setRole(184)) - 0c43bc72-d834-4758-b91b-4934a5dc7f3b@group-B5BEB8C9A630: changes role from  FOLLOWER to FOLLOWER at term 48 for recognizeCandidate:601b4e43-fd2c-4737-8fdc-9e94860fc946
2019-10-22 04:20:19,849 [Thread-770] INFO  impl.FollowerState (FollowerState.java:run(117)) - 39efaeea-ba86-4fd8-a10a-b7015b9eb4a1@group-B5BEB8C9A630-FollowerState was interrupted: java.lang.InterruptedException: sleep interrupted
2019-10-22 04:20:19,849 [grpc-default-executor-0] INFO  impl.RoleInfo (RoleInfo.java:shutdownFollowerState(121)) - 0c43bc72-d834-4758-b91b-4934a5dc7f3b: shutdown FollowerState
2019-10-22 04:20:19,850 [grpc-default-executor-0] INFO  impl.RoleInfo (RoleInfo.java:updateAndGet(143)) - 0c43bc72-d834-4758-b91b-4934a5dc7f3b: start FollowerState
2019-10-22 04:20:19,850 [Thread-771] INFO  impl.FollowerState (FollowerState.java:run(117)) - 0c43bc72-d834-4758-b91b-4934a5dc7f3b@group-B5BEB8C9A630-FollowerState was interrupted: java.lang.InterruptedException: sleep interrupted
2019-10-22 04:20:19,863 [601b4e43-fd2c-4737-8fdc-9e94860fc946@group-B5BEB8C9A630-LeaderElection51] INFO  impl.LeaderElection (LeaderElection.java:logAndReturn(56)) - 601b4e43-fd2c-4737-8fdc-9e94860fc946@group-B5BEB8C9A630-LeaderElection51: Election REJECTED; received 2 response(s) [601b4e43-fd2c-4737-8fdc-9e94860fc946<-39efaeea-ba86-4fd8-a10a-b7015b9eb4a1#0:FAIL-t48, 601b4e43-fd2c-4737-8fdc-9e94860fc946<-0c43bc72-d834-4758-b91b-4934a5dc7f3b#0:FAIL-t48] and 0 exception(s); 601b4e43-fd2c-4737-8fdc-9e94860fc946@group-B5BEB8C9A630:t48, leader=null, voted=601b4e43-fd2c-4737-8fdc-9e94860fc946, raftlog=601b4e43-fd2c-4737-8fdc-9e94860fc946@group-B5BEB8C9A630-SegmentedRaftLog:OPENED:c-1,f-1,i0, conf=-1: [39efaeea-ba86-4fd8-a10a-b7015b9eb4a1:192.168.34.14:43496, 601b4e43-fd2c-4737-8fdc-9e94860fc946:192.168.34.14:37459, 0c43bc72-d834-4758-b91b-4934a5dc7f3b:192.168.34.14:33792], old=null
2019-10-22 04:20:19,864 [601b4e43-fd2c-4737-8fdc-9e94860fc946@group-B5BEB8C9A630-LeaderElection51] INFO  impl.RaftServerImpl (RaftServerImpl.java:setRole(184)) - 601b4e43-fd2c-4737-8fdc-9e94860fc946@group-B5BEB8C9A630: changes role from CANDIDATE to FOLLOWER at term 48 for DISCOVERED_A_NEW_TERM
2019-10-22 04:20:19,864 [601b4e43-fd2c-4737-8fdc-9e94860fc946@group-B5BEB8C9A630-LeaderElection51] INFO  impl.RoleInfo (RoleInfo.java:shutdownLeaderElection(134)) - 601b4e43-fd2c-4737-8fdc-9e94860fc946: shutdown LeaderElection
2019-10-22 04:20:19,864 [601b4e43-fd2c-4737-8fdc-9e94860fc946@group-B5BEB8C9A630-LeaderElection51] INFO  impl.RoleInfo (RoleInfo.java:updateAndGet(143)) - 601b4e43-fd2c-4737-8fdc-9e94860fc946: start FollowerState
2019-10-22 04:20:19,867 [Thread-778] INFO  impl.FollowerState (FollowerState.java:run(108)) - 601b4e43-fd2c-4737-8fdc-9e94860fc946@group-B5BEB8C9A630-FollowerState: change to CANDIDATE, lastRpcTime:3ms, electionTimeout:3ms
2019-10-22 04:20:19,867 [Thread-778] INFO  impl.RoleInfo (RoleInfo.java:shutdownFollowerState(121)) - 601b4e43-fd2c-4737-8fdc-9e94860fc946: shutdown FollowerState
2019-10-22 04:20:19,868 [Thread-778] INFO  impl.RaftServerImpl (RaftServerImpl.java:setRole(184)) - 601b4e43-fd2c-4737-8fdc-9e94860fc946@group-B5BEB8C9A630: changes role from  FOLLOWER to CANDIDATE at term 48 for changeToCandidate
2019-10-22 04:20:19,868 [Thread-778] INFO  impl.RoleInfo (RoleInfo.java:updateAndGet(143)) - 601b4e43-fd2c-4737-8fdc-9e94860fc946: start LeaderElection
2019-10-22 04:20:19,881 [601b4e43-fd2c-4737-8fdc-9e94860fc946@group-B5BEB8C9A630-LeaderElection52] INFO  impl.LeaderElection (LeaderElection.java:askForVotes(178)) - 601b4e43-fd2c-4737-8fdc-9e94860fc946@group-B5BEB8C9A630-LeaderElection52: begin an election at term 49 for -1: [39efaeea-ba86-4fd8-a10a-b7015b9eb4a1:192.168.34.14:43496, 601b4e43-fd2c-4737-8fdc-9e94860fc946:192.168.34.14:37459, 0c43bc72-d834-4758-b91b-4934a5dc7f3b:192.168.34.14:33792], old=null
2019-10-22 04:20:19,884 [grpc-default-executor-4] INFO  impl.RaftServerImpl (RaftServerImpl.java:setRole(184)) - 0c43bc72-d834-4758-b91b-4934a5dc7f3b@group-B5BEB8C9A630: changes role from  FOLLOWER to FOLLOWER at term 49 for recognizeCandidate:601b4e43-fd2c-4737-8fdc-9e94860fc946
2019-10-22 04:20:19,884 [grpc-default-executor-4] INFO  impl.RoleInfo (RoleInfo.java:shutdownFollowerState(121)) - 0c43bc72-d834-4758-b91b-4934a5dc7f3b: shutdown FollowerState
2019-10-22 04:20:19,884 [grpc-default-executor-4] INFO  impl.RoleInfo (RoleInfo.java:updateAndGet(143)) - 0c43bc72-d834-4758-b91b-4934a5dc7f3b: start FollowerState
2019-10-22 04:20:19,884 [Thread-777] INFO  impl.FollowerState (FollowerState.java:run(117)) - 0c43bc72-d834-4758-b91b-4934a5dc7f3b@group-B5BEB8C9A630-FollowerState was interrupted: java.lang.InterruptedException: sleep interrupted
2019-10-22 04:20:19,884 [grpc-default-executor-0] INFO  impl.RaftServerImpl (RaftServerImpl.java:setRole(184)) - 39efaeea-ba86-4fd8-a10a-b7015b9eb4a1@group-B5BEB8C9A630: changes role from  FOLLOWER to FOLLOWER at term 49 for recognizeCandidate:601b4e43-fd2c-4737-8fdc-9e94860fc946
2019-10-22 04:20:19,884 [grpc-default-executor-0] INFO  impl.RoleInfo (RoleInfo.java:shutdownFollowerState(121)) - 39efaeea-ba86-4fd8-a10a-b7015b9eb4a1: shutdown FollowerState
2019-10-22 04:20:19,884 [grpc-default-executor-0] INFO  impl.RoleInfo (RoleInfo.java:updateAndGet(143)) - 39efaeea-ba86-4fd8-a10a-b7015b9eb4a1: start FollowerState
2019-10-22 04:20:19,884 [Thread-776] INFO  impl.FollowerState (FollowerState.java:run(117)) - 39efaeea-ba86-4fd8-a10a-b7015b9eb4a1@group-B5BEB8C9A630-FollowerState was interrupted: java.lang.InterruptedException: sleep interrupted
2019-10-22 04:20:19,898 [601b4e43-fd2c-4737-8fdc-9e94860fc946@group-B5BEB8C9A630-LeaderElection52] INFO  impl.LeaderElection (LeaderElection.java:logAndReturn(56)) - 601b4e43-fd2c-4737-8fdc-9e94860fc946@group-B5BEB8C9A630-LeaderElection52: Election REJECTED; received 2 response(s) [601b4e43-fd2c-4737-8fdc-9e94860fc946<-39efaeea-ba86-4fd8-a10a-b7015b9eb4a1#0:FAIL-t49, 601b4e43-fd2c-4737-8fdc-9e94860fc946<-0c43bc72-d834-4758-b91b-4934a5dc7f3b#0:FAIL-t49] and 0 exception(s); 601b4e43-fd2c-4737-8fdc-9e94860fc946@group-B5BEB8C9A630:t49, leader=null, voted=601b4e43-fd2c-4737-8fdc-9e94860fc946, raftlog=601b4e43-fd2c-4737-8fdc-9e94860fc946@group-B5BEB8C9A630-SegmentedRaftLog:OPENED:c-1,f-1,i0, conf=-1: [39efaeea-ba86-4fd8-a10a-b7015b9eb4a1:192.168.34.14:43496, 601b4e43-fd2c-4737-8fdc-9e94860fc946:192.168.34.14:37459, 0c43bc72-d834-4758-b91b-4934a5dc7f3b:192.168.34.14:33792], old=null
2019-10-22 04:20:19,898 [601b4e43-fd2c-4737-8fdc-9e94860fc946@group-B5BEB8C9A630-LeaderElection52] INFO  impl.RaftServerImpl (RaftServerImpl.java:setRole(184)) - 601b4e43-fd2c-4737-8fdc-9e94860fc946@group-B5BEB8C9A630: changes role from CANDIDATE to FOLLOWER at term 49 for DISCOVERED_A_NEW_TERM
2019-10-22 04:20:19,899 [601b4e43-fd2c-4737-8fdc-9e94860fc946@group-B5BEB8C9A630-LeaderElection52] INFO  impl.RoleInfo (RoleInfo.java:shutdownLeaderElection(134)) - 601b4e43-fd2c-4737-8fdc-9e94860fc946: shutdown LeaderElection
2019-10-22 04:20:19,899 [601b4e43-fd2c-4737-8fdc-9e94860fc946@group-B5BEB8C9A630-LeaderElection52] INFO  impl.RoleInfo (RoleInfo.java:updateAndGet(143)) - 601b4e43-fd2c-4737-8fdc-9e94860fc946: start FollowerState
2019-10-22 04:20:19,924 [Thread-784] INFO  impl.FollowerState (FollowerState.java:run(108)) - 601b4e43-fd2c-4737-8fdc-9e94860fc946@group-B5BEB8C9A630-FollowerState: change to CANDIDATE, lastRpcTime:25ms, electionTimeout:25ms
2019-10-22 04:20:19,924 [Thread-784] INFO  impl.RoleInfo (RoleInfo.java:shutdownFollowerState(121)) - 601b4e43-fd2c-4737-8fdc-9e94860fc946: shutdown FollowerState
2019-10-22 04:20:19,924 [Thread-784] INFO  impl.RaftServerImpl (RaftServerImpl.java:setRole(184)) - 601b4e43-fd2c-4737-8fdc-9e94860fc946@group-B5BEB8C9A630: changes role from  FOLLOWER to CANDIDATE at term 49 for changeToCandidate
2019-10-22 04:20:19,925 [Thread-784] INFO  impl.RoleInfo (RoleInfo.java:updateAndGet(143)) - 601b4e43-fd2c-4737-8fdc-9e94860fc946: start LeaderElection
2019-10-22 04:20:19,938 [601b4e43-fd2c-4737-8fdc-9e94860fc946@group-B5BEB8C9A630-LeaderElection53] INFO  impl.LeaderElection (LeaderElection.java:askForVotes(178)) - 601b4e43-fd2c-4737-8fdc-9e94860fc946@group-B5BEB8C9A630-LeaderElection53: begin an election at term 50 for -1: [39efaeea-ba86-4fd8-a10a-b7015b9eb4a1:192.168.34.14:43496, 601b4e43-fd2c-4737-8fdc-9e94860fc946:192.168.34.14:37459, 0c43bc72-d834-4758-b91b-4934a5dc7f3b:192.168.34.14:33792], old=null
2019-10-22 04:20:19,940 [grpc-default-executor-0] INFO  impl.RaftServerImpl (RaftServerImpl.java:setRole(184)) - 39efaeea-ba86-4fd8-a10a-b7015b9eb4a1@group-B5BEB8C9A630: changes role from  FOLLOWER to FOLLOWER at term 50 for recognizeCandidate:601b4e43-fd2c-4737-8fdc-9e94860fc946
2019-10-22 04:20:19,940 [grpc-default-executor-0] INFO  impl.RoleInfo (RoleInfo.java:shutdownFollowerState(121)) - 39efaeea-ba86-4fd8-a10a-b7015b9eb4a1: shutdown FollowerState
2019-10-22 04:20:19,940 [grpc-default-executor-4] INFO  impl.RaftServerImpl (RaftServerImpl.java:setRole(184)) - 0c43bc72-d834-4758-b91b-4934a5dc7f3b@group-B5BEB8C9A630: changes role from  FOLLOWER to FOLLOWER at term 50 for recognizeCandidate:601b4e43-fd2c-4737-8fdc-9e94860fc946
2019-10-22 04:20:19,941 [Thread-783] INFO  impl.FollowerState (FollowerState.java:run(117)) - 39efaeea-ba86-4fd8-a10a-b7015b9eb4a1@group-B5BEB8C9A630-FollowerState was interrupted: java.lang.InterruptedException: sleep interrupted
2019-10-22 04:20:19,941 [grpc-default-executor-0] INFO  impl.RoleInfo (RoleInfo.java:updateAndGet(143)) - 39efaeea-ba86-4fd8-a10a-b7015b9eb4a1: start FollowerState
2019-10-22 04:20:19,941 [grpc-default-executor-4] INFO  impl.RoleInfo (RoleInfo.java:shutdownFollowerState(121)) - 0c43bc72-d834-4758-b91b-4934a5dc7f3b: shutdown FollowerState
2019-10-22 04:20:19,941 [grpc-default-executor-4] INFO  impl.RoleInfo (RoleInfo.java:updateAndGet(143)) - 0c43bc72-d834-4758-b91b-4934a5dc7f3b: start FollowerState
2019-10-22 04:20:19,941 [Thread-782] INFO  impl.FollowerState (FollowerState.java:run(117)) - 0c43bc72-d834-4758-b91b-4934a5dc7f3b@group-B5BEB8C9A630-FollowerState was interrupted: java.lang.InterruptedException: sleep interrupted
2019-10-22 04:20:19,956 [601b4e43-fd2c-4737-8fdc-9e94860fc946@group-B5BEB8C9A630-LeaderElection53] INFO  impl.LeaderElection (LeaderElection.java:logAndReturn(56)) - 601b4e43-fd2c-4737-8fdc-9e94860fc946@group-B5BEB8C9A630-LeaderElection53: Election REJECTED; received 2 response(s) [601b4e43-fd2c-4737-8fdc-9e94860fc946<-39efaeea-ba86-4fd8-a10a-b7015b9eb4a1#0:FAIL-t50, 601b4e43-fd2c-4737-8fdc-9e94860fc946<-0c43bc72-d834-4758-b91b-4934a5dc7f3b#0:FAIL-t50] and 0 exception(s); 601b4e43-fd2c-4737-8fdc-9e94860fc946@group-B5BEB8C9A630:t50, leader=null, voted=601b4e43-fd2c-4737-8fdc-9e94860fc946, raftlog=601b4e43-fd2c-4737-8fdc-9e94860fc946@group-B5BEB8C9A630-SegmentedRaftLog:OPENED:c-1,f-1,i0, conf=-1: [39efaeea-ba86-4fd8-a10a-b7015b9eb4a1:192.168.34.14:43496, 601b4e43-fd2c-4737-8fdc-9e94860fc946:192.168.34.14:37459, 0c43bc72-d834-4758-b91b-4934a5dc7f3b:192.168.34.14:33792], old=null
2019-10-22 04:20:19,956 [601b4e43-fd2c-4737-8fdc-9e94860fc946@group-B5BEB8C9A630-LeaderElection53] INFO  impl.RaftServerImpl (RaftServerImpl.java:setRole(184)) - 601b4e43-fd2c-4737-8fdc-9e94860fc946@group-B5BEB8C9A630: changes role from CANDIDATE to FOLLOWER at term 50 for DISCOVERED_A_NEW_TERM
2019-10-22 04:20:19,956 [601b4e43-fd2c-4737-8fdc-9e94860fc946@group-B5BEB8C9A630-LeaderElection53] INFO  impl.RoleInfo (RoleInfo.java:shutdownLeaderElection(134)) - 601b4e43-fd2c-4737-8fdc-9e94860fc946: shutdown LeaderElection
2019-10-22 04:20:19,956 [601b4e43-fd2c-4737-8fdc-9e94860fc946@group-B5BEB8C9A630-LeaderElection53] INFO  impl.RoleInfo (RoleInfo.java:updateAndGet(143)) - 601b4e43-fd2c-4737-8fdc-9e94860fc946: start FollowerState
2019-10-22 04:20:20,065 [Thread-790] INFO  impl.FollowerState (FollowerState.java:run(108)) - 601b4e43-fd2c-4737-8fdc-9e94860fc946@group-B5BEB8C9A630-FollowerState: change to CANDIDATE, lastRpcTime:108ms, electionTimeout:108ms
2019-10-22 04:20:20,065 [Thread-790] INFO  impl.RoleInfo (RoleInfo.java:shutdownFollowerState(121)) - 601b4e43-fd2c-4737-8fdc-9e94860fc946: shutdown FollowerState
2019-10-22 04:20:20,065 [Thread-790] INFO  impl.RaftServerImpl (RaftServerImpl.java:setRole(184)) - 601b4e43-fd2c-4737-8fdc-9e94860fc946@group-B5BEB8C9A630: changes role from  FOLLOWER to CANDIDATE at term 50 for changeToCandidate
2019-10-22 04:20:20,065 [Thread-790] INFO  impl.RoleInfo (RoleInfo.java:updateAndGet(143)) - 601b4e43-fd2c-4737-8fdc-9e94860fc946: start LeaderElection
2019-10-22 04:20:20,079 [601b4e43-fd2c-4737-8fdc-9e94860fc946@group-B5BEB8C9A630-LeaderElection54] INFO  impl.LeaderElection (LeaderElection.java:askForVotes(178)) - 601b4e43-fd2c-4737-8fdc-9e94860fc946@group-B5BEB8C9A630-LeaderElection54: begin an election at term 51 for -1: [39efaeea-ba86-4fd8-a10a-b7015b9eb4a1:192.168.34.14:43496, 601b4e43-fd2c-4737-8fdc-9e94860fc946:192.168.34.14:37459, 0c43bc72-d834-4758-b91b-4934a5dc7f3b:192.168.34.14:33792], old=null
2019-10-22 04:20:20,081 [grpc-default-executor-4] INFO  impl.RaftServerImpl (RaftServerImpl.java:setRole(184)) - 39efaeea-ba86-4fd8-a10a-b7015b9eb4a1@group-B5BEB8C9A630: changes role from  FOLLOWER to FOLLOWER at term 51 for recognizeCandidate:601b4e43-fd2c-4737-8fdc-9e94860fc946
2019-10-22 04:20:20,081 [grpc-default-executor-4] INFO  impl.RoleInfo (RoleInfo.java:shutdownFollowerState(121)) - 39efaeea-ba86-4fd8-a10a-b7015b9eb4a1: shutdown FollowerState
2019-10-22 04:20:20,082 [grpc-default-executor-0] INFO  impl.RaftServerImpl (RaftServerImpl.java:setRole(184)) - 0c43bc72-d834-4758-b91b-4934a5dc7f3b@group-B5BEB8C9A630: changes role from  FOLLOWER to FOLLOWER at term 51 for recognizeCandidate:601b4e43-fd2c-4737-8fdc-9e94860fc946
2019-10-22 04:20:20,082 [Thread-788] INFO  impl.FollowerState (FollowerState.java:run(117)) - 39efaeea-ba86-4fd8-a10a-b7015b9eb4a1@group-B5BEB8C9A630-FollowerState was interrupted: java.lang.InterruptedException: sleep interrupted
2019-10-22 04:20:20,082 [grpc-default-executor-4] INFO  impl.RoleInfo (RoleInfo.java:updateAndGet(143)) - 39efaeea-ba86-4fd8-a10a-b7015b9eb4a1: start FollowerState
2019-10-22 04:20:20,082 [grpc-default-executor-0] INFO  impl.RoleInfo (RoleInfo.java:shutdownFollowerState(121)) - 0c43bc72-d834-4758-b91b-4934a5dc7f3b: shutdown FollowerState
2019-10-22 04:20:20,082 [grpc-default-executor-0] INFO  impl.RoleInfo (RoleInfo.java:updateAndGet(143)) - 0c43bc72-d834-4758-b91b-4934a5dc7f3b: start FollowerState
2019-10-22 04:20:20,082 [Thread-789] INFO  impl.FollowerState (FollowerState.java:run(117)) - 0c43bc72-d834-4758-b91b-4934a5dc7f3b@group-B5BEB8C9A630-FollowerState was interrupted: java.lang.InterruptedException: sleep interrupted
2019-10-22 04:20:20,102 [601b4e43-fd2c-4737-8fdc-9e94860fc946@group-B5BEB8C9A630-LeaderElection54] INFO  impl.LeaderElection (LeaderElection.java:logAndReturn(56)) - 601b4e43-fd2c-4737-8fdc-9e94860fc946@group-B5BEB8C9A630-LeaderElection54: Election REJECTED; received 2 response(s) [601b4e43-fd2c-4737-8fdc-9e94860fc946<-39efaeea-ba86-4fd8-a10a-b7015b9eb4a1#0:FAIL-t51, 601b4e43-fd2c-4737-8fdc-9e94860fc946<-0c43bc72-d834-4758-b91b-4934a5dc7f3b#0:FAIL-t51] and 0 exception(s); 601b4e43-fd2c-4737-8fdc-9e94860fc946@group-B5BEB8C9A630:t51, leader=null, voted=601b4e43-fd2c-4737-8fdc-9e94860fc946, raftlog=601b4e43-fd2c-4737-8fdc-9e94860fc946@group-B5BEB8C9A630-SegmentedRaftLog:OPENED:c-1,f-1,i0, conf=-1: [39efaeea-ba86-4fd8-a10a-b7015b9eb4a1:192.168.34.14:43496, 601b4e43-fd2c-4737-8fdc-9e94860fc946:192.168.34.14:37459, 0c43bc72-d834-4758-b91b-4934a5dc7f3b:192.168.34.14:33792], old=null
2019-10-22 04:20:20,102 [601b4e43-fd2c-4737-8fdc-9e94860fc946@group-B5BEB8C9A630-LeaderElection54] INFO  impl.RaftServerImpl (RaftServerImpl.java:setRole(184)) - 601b4e43-fd2c-4737-8fdc-9e94860fc946@group-B5BEB8C9A630: changes role from CANDIDATE to FOLLOWER at term 51 for DISCOVERED_A_NEW_TERM
2019-10-22 04:20:20,103 [601b4e43-fd2c-4737-8fdc-9e94860fc946@group-B5BEB8C9A630-LeaderElection54] INFO  impl.RoleInfo (RoleInfo.java:shutdownLeaderElection(134)) - 601b4e43-fd2c-4737-8fdc-9e94860fc946: shutdown LeaderElection
2019-10-22 04:20:20,103 [601b4e43-fd2c-4737-8fdc-9e94860fc946@group-B5BEB8C9A630-LeaderElection54] INFO  impl.RoleInfo (RoleInfo.java:updateAndGet(143)) - 601b4e43-fd2c-4737-8fdc-9e94860fc946: start FollowerState
2019-10-22 04:20:20,107 [Thread-796] INFO  impl.FollowerState (FollowerState.java:run(108)) - 601b4e43-fd2c-4737-8fdc-9e94860fc946@group-B5BEB8C9A630-FollowerState: change to CANDIDATE, lastRpcTime:4ms, electionTimeout:4ms
2019-10-22 04:20:20,107 [Thread-796] INFO  impl.RoleInfo (RoleInfo.java:shutdownFollowerState(121)) - 601b4e43-fd2c-4737-8fdc-9e94860fc946: shutdown FollowerState
2019-10-22 04:20:20,107 [Thread-796] INFO  impl.RaftServerImpl (RaftServerImpl.java:setRole(184)) - 601b4e43-fd2c-4737-8fdc-9e94860fc946@group-B5BEB8C9A630: changes role from  FOLLOWER to CANDIDATE at term 51 for changeToCandidate
2019-10-22 04:20:20,108 [Thread-796] INFO  impl.RoleInfo (RoleInfo.java:updateAndGet(143)) - 601b4e43-fd2c-4737-8fdc-9e94860fc946: start LeaderElection
2019-10-22 04:20:20,121 [601b4e43-fd2c-4737-8fdc-9e94860fc946@group-B5BEB8C9A630-LeaderElection55] INFO  impl.LeaderElection (LeaderElection.java:askForVotes(178)) - 601b4e43-fd2c-4737-8fdc-9e94860fc946@group-B5BEB8C9A630-LeaderElection55: begin an election at term 52 for -1: [39efaeea-ba86-4fd8-a10a-b7015b9eb4a1:192.168.34.14:43496, 601b4e43-fd2c-4737-8fdc-9e94860fc946:192.168.34.14:37459, 0c43bc72-d834-4758-b91b-4934a5dc7f3b:192.168.34.14:33792], old=null
2019-10-22 04:20:20,123 [grpc-default-executor-0] INFO  impl.RaftServerImpl (RaftServerImpl.java:setRole(184)) - 39efaeea-ba86-4fd8-a10a-b7015b9eb4a1@group-B5BEB8C9A630: changes role from  FOLLOWER to FOLLOWER at term 52 for recognizeCandidate:601b4e43-fd2c-4737-8fdc-9e94860fc946
2019-10-22 04:20:20,123 [grpc-default-executor-0] INFO  impl.RoleInfo (RoleInfo.java:shutdownFollowerState(121)) - 39efaeea-ba86-4fd8-a10a-b7015b9eb4a1: shutdown FollowerState
2019-10-22 04:20:20,123 [grpc-default-executor-4] INFO  impl.RaftServerImpl (RaftServerImpl.java:setRole(184)) - 0c43bc72-d834-4758-b91b-4934a5dc7f3b@group-B5BEB8C9A630: changes role from  FOLLOWER to FOLLOWER at term 52 for recognizeCandidate:601b4e43-fd2c-4737-8fdc-9e94860fc946
2019-10-22 04:20:20,123 [grpc-default-executor-0] INFO  impl.RoleInfo (RoleInfo.java:updateAndGet(143)) - 39efaeea-ba86-4fd8-a10a-b7015b9eb4a1: start FollowerState
2019-10-22 04:20:20,123 [Thread-794] INFO  impl.FollowerState (FollowerState.java:run(117)) - 39efaeea-ba86-4fd8-a10a-b7015b9eb4a1@group-B5BEB8C9A630-FollowerState was interrupted: java.lang.InterruptedException: sleep interrupted
2019-10-22 04:20:20,124 [grpc-default-executor-4] INFO  impl.RoleInfo (RoleInfo.java:shutdownFollowerState(121)) - 0c43bc72-d834-4758-b91b-4934a5dc7f3b: shutdown FollowerState
2019-10-22 04:20:20,124 [grpc-default-executor-4] INFO  impl.RoleInfo (RoleInfo.java:updateAndGet(143)) - 0c43bc72-d834-4758-b91b-4934a5dc7f3b: start FollowerState
2019-10-22 04:20:20,124 [Thread-795] INFO  impl.FollowerState (FollowerState.java:run(117)) - 0c43bc72-d834-4758-b91b-4934a5dc7f3b@group-B5BEB8C9A630-FollowerState was interrupted: java.lang.InterruptedException: sleep interrupted
2019-10-22 04:20:20,138 [601b4e43-fd2c-4737-8fdc-9e94860fc946@group-B5BEB8C9A630-LeaderElection55] INFO  impl.LeaderElection (LeaderElection.java:logAndReturn(56)) - 601b4e43-fd2c-4737-8fdc-9e94860fc946@group-B5BEB8C9A630-LeaderElection55: Election REJECTED; received 2 response(s) [601b4e43-fd2c-4737-8fdc-9e94860fc946<-39efaeea-ba86-4fd8-a10a-b7015b9eb4a1#0:FAIL-t52, 601b4e43-fd2c-4737-8fdc-9e94860fc946<-0c43bc72-d834-4758-b91b-4934a5dc7f3b#0:FAIL-t52] and 0 exception(s); 601b4e43-fd2c-4737-8fdc-9e94860fc946@group-B5BEB8C9A630:t52, leader=null, voted=601b4e43-fd2c-4737-8fdc-9e94860fc946, raftlog=601b4e43-fd2c-4737-8fdc-9e94860fc946@group-B5BEB8C9A630-SegmentedRaftLog:OPENED:c-1,f-1,i0, conf=-1: [39efaeea-ba86-4fd8-a10a-b7015b9eb4a1:192.168.34.14:43496, 601b4e43-fd2c-4737-8fdc-9e94860fc946:192.168.34.14:37459, 0c43bc72-d834-4758-b91b-4934a5dc7f3b:192.168.34.14:33792], old=null
2019-10-22 04:20:20,139 [601b4e43-fd2c-4737-8fdc-9e94860fc946@group-B5BEB8C9A630-LeaderElection55] INFO  impl.RaftServerImpl (RaftServerImpl.java:setRole(184)) - 601b4e43-fd2c-4737-8fdc-9e94860fc946@group-B5BEB8C9A630: changes role from CANDIDATE to FOLLOWER at term 52 for DISCOVERED_A_NEW_TERM
2019-10-22 04:20:20,139 [601b4e43-fd2c-4737-8fdc-9e94860fc946@group-B5BEB8C9A630-LeaderElection55] INFO  impl.RoleInfo (RoleInfo.java:shutdownLeaderElection(134)) - 601b4e43-fd2c-4737-8fdc-9e94860fc946: shutdown LeaderElection
2019-10-22 04:20:20,139 [601b4e43-fd2c-4737-8fdc-9e94860fc946@group-B5BEB8C9A630-LeaderElection55] INFO  impl.RoleInfo (RoleInfo.java:updateAndGet(143)) - 601b4e43-fd2c-4737-8fdc-9e94860fc946: start FollowerState
2019-10-22 04:20:20,189 [Thread-802] INFO  impl.FollowerState (FollowerState.java:run(108)) - 601b4e43-fd2c-4737-8fdc-9e94860fc946@group-B5BEB8C9A630-FollowerState: change to CANDIDATE, lastRpcTime:50ms, electionTimeout:50ms
2019-10-22 04:20:20,189 [Thread-802] INFO  impl.RoleInfo (RoleInfo.java:shutdownFollowerState(121)) - 601b4e43-fd2c-4737-8fdc-9e94860fc946: shutdown FollowerState
2019-10-22 04:20:20,190 [Thread-802] INFO  impl.RaftServerImpl (RaftServerImpl.java:setRole(184)) - 601b4e43-fd2c-4737-8fdc-9e94860fc946@group-B5BEB8C9A630: changes role from  FOLLOWER to CANDIDATE at term 52 for changeToCandidate
2019-10-22 04:20:20,190 [Thread-802] INFO  impl.RoleInfo (RoleInfo.java:updateAndGet(143)) - 601b4e43-fd2c-4737-8fdc-9e94860fc946: start LeaderElection
2019-10-22 04:20:20,203 [601b4e43-fd2c-4737-8fdc-9e94860fc946@group-B5BEB8C9A630-LeaderElection56] INFO  impl.LeaderElection (LeaderElection.java:askForVotes(178)) - 601b4e43-fd2c-4737-8fdc-9e94860fc946@group-B5BEB8C9A630-LeaderElection56: begin an election at term 53 for -1: [39efaeea-ba86-4fd8-a10a-b7015b9eb4a1:192.168.34.14:43496, 601b4e43-fd2c-4737-8fdc-9e94860fc946:192.168.34.14:37459, 0c43bc72-d834-4758-b91b-4934a5dc7f3b:192.168.34.14:33792], old=null
2019-10-22 04:20:20,206 [grpc-default-executor-0] INFO  impl.RaftServerImpl (RaftServerImpl.java:setRole(184)) - 39efaeea-ba86-4fd8-a10a-b7015b9eb4a1@group-B5BEB8C9A630: changes role from  FOLLOWER to FOLLOWER at term 53 for recognizeCandidate:601b4e43-fd2c-4737-8fdc-9e94860fc946
2019-10-22 04:20:20,206 [grpc-default-executor-0] INFO  impl.RoleInfo (RoleInfo.java:shutdownFollowerState(121)) - 39efaeea-ba86-4fd8-a10a-b7015b9eb4a1: shutdown FollowerState
2019-10-22 04:20:20,206 [grpc-default-executor-4] INFO  impl.RaftServerImpl (RaftServerImpl.java:setRole(184)) - 0c43bc72-d834-4758-b91b-4934a5dc7f3b@group-B5BEB8C9A630: changes role from  FOLLOWER to FOLLOWER at term 53 for recognizeCandidate:601b4e43-fd2c-4737-8fdc-9e94860fc946
2019-10-22 04:20:20,206 [Thread-800] INFO  impl.FollowerState (FollowerState.java:run(117)) - 39efaeea-ba86-4fd8-a10a-b7015b9eb4a1@group-B5BEB8C9A630-FollowerState was interrupted: java.lang.InterruptedException: sleep interrupted
2019-10-22 04:20:20,206 [grpc-default-executor-0] INFO  impl.RoleInfo (RoleInfo.java:updateAndGet(143)) - 39efaeea-ba86-4fd8-a10a-b7015b9eb4a1: start FollowerState
2019-10-22 04:20:20,206 [grpc-default-executor-4] INFO  impl.RoleInfo (RoleInfo.java:shutdownFollowerState(121)) - 0c43bc72-d834-4758-b91b-4934a5dc7f3b: shutdown FollowerState
2019-10-22 04:20:20,207 [grpc-default-executor-4] INFO  impl.RoleInfo (RoleInfo.java:updateAndGet(143)) - 0c43bc72-d834-4758-b91b-4934a5dc7f3b: start FollowerState
2019-10-22 04:20:20,207 [Thread-801] INFO  impl.FollowerState (FollowerState.java:run(117)) - 0c43bc72-d834-4758-b91b-4934a5dc7f3b@group-B5BEB8C9A630-FollowerState was interrupted: java.lang.InterruptedException: sleep interrupted
2019-10-22 04:20:20,210 [601b4e43-fd2c-4737-8fdc-9e94860fc946@group-B5BEB8C9A630-LeaderElection56] INFO  impl.LeaderElection (LeaderElection.java:logAndReturn(56)) - 601b4e43-fd2c-4737-8fdc-9e94860fc946@group-B5BEB8C9A630-LeaderElection56: Election TIMEOUT; received 0 response(s) [] and 0 exception(s); 601b4e43-fd2c-4737-8fdc-9e94860fc946@group-B5BEB8C9A630:t53, leader=null, voted=601b4e43-fd2c-4737-8fdc-9e94860fc946, raftlog=601b4e43-fd2c-4737-8fdc-9e94860fc946@group-B5BEB8C9A630-SegmentedRaftLog:OPENED:c-1,f-1,i0, conf=-1: [39efaeea-ba86-4fd8-a10a-b7015b9eb4a1:192.168.34.14:43496, 601b4e43-fd2c-4737-8fdc-9e94860fc946:192.168.34.14:37459, 0c43bc72-d834-4758-b91b-4934a5dc7f3b:192.168.34.14:33792], old=null
2019-10-22 04:20:20,220 [601b4e43-fd2c-4737-8fdc-9e94860fc946@group-B5BEB8C9A630-LeaderElection56] INFO  impl.LeaderElection (LeaderElection.java:askForVotes(178)) - 601b4e43-fd2c-4737-8fdc-9e94860fc946@group-B5BEB8C9A630-LeaderElection56: begin an election at term 54 for -1: [39efaeea-ba86-4fd8-a10a-b7015b9eb4a1:192.168.34.14:43496, 601b4e43-fd2c-4737-8fdc-9e94860fc946:192.168.34.14:37459, 0c43bc72-d834-4758-b91b-4934a5dc7f3b:192.168.34.14:33792], old=null
2019-10-22 04:20:20,222 [grpc-default-executor-4] INFO  impl.RaftServerImpl (RaftServerImpl.java:setRole(184)) - 39efaeea-ba86-4fd8-a10a-b7015b9eb4a1@group-B5BEB8C9A630: changes role from  FOLLOWER to FOLLOWER at term 54 for recognizeCandidate:601b4e43-fd2c-4737-8fdc-9e94860fc946
2019-10-22 04:20:20,222 [grpc-default-executor-4] INFO  impl.RoleInfo (RoleInfo.java:shutdownFollowerState(121)) - 39efaeea-ba86-4fd8-a10a-b7015b9eb4a1: shutdown FollowerState
2019-10-22 04:20:20,222 [grpc-default-executor-4] INFO  impl.RoleInfo (RoleInfo.java:updateAndGet(143)) - 39efaeea-ba86-4fd8-a10a-b7015b9eb4a1: start FollowerState
2019-10-22 04:20:20,222 [Thread-806] INFO  impl.FollowerState (FollowerState.java:run(117)) - 39efaeea-ba86-4fd8-a10a-b7015b9eb4a1@group-B5BEB8C9A630-FollowerState was interrupted: java.lang.InterruptedException: sleep interrupted
2019-10-22 04:20:20,223 [grpc-default-executor-0] INFO  impl.RaftServerImpl (RaftServerImpl.java:setRole(184)) - 0c43bc72-d834-4758-b91b-4934a5dc7f3b@group-B5BEB8C9A630: changes role from  FOLLOWER to FOLLOWER at term 54 for recognizeCandidate:601b4e43-fd2c-4737-8fdc-9e94860fc946
2019-10-22 04:20:20,223 [grpc-default-executor-0] INFO  impl.RoleInfo (RoleInfo.java:shutdownFollowerState(121)) - 0c43bc72-d834-4758-b91b-4934a5dc7f3b: shutdown FollowerState
2019-10-22 04:20:20,223 [Thread-807] INFO  impl.FollowerState (FollowerState.java:run(117)) - 0c43bc72-d834-4758-b91b-4934a5dc7f3b@group-B5BEB8C9A630-FollowerState was interrupted: java.lang.InterruptedException: sleep interrupted
2019-10-22 04:20:20,223 [grpc-default-executor-0] INFO  impl.RoleInfo (RoleInfo.java:updateAndGet(143)) - 0c43bc72-d834-4758-b91b-4934a5dc7f3b: start FollowerState
2019-10-22 04:20:20,227 [601b4e43-fd2c-4737-8fdc-9e94860fc946@group-B5BEB8C9A630-LeaderElection56] INFO  impl.LeaderElection (LeaderElection.java:logAndReturn(56)) - 601b4e43-fd2c-4737-8fdc-9e94860fc946@group-B5BEB8C9A630-LeaderElection56: Election TIMEOUT; received 0 response(s) [] and 0 exception(s); 601b4e43-fd2c-4737-8fdc-9e94860fc946@group-B5BEB8C9A630:t54, leader=null, voted=601b4e43-fd2c-4737-8fdc-9e94860fc946, raftlog=601b4e43-fd2c-4737-8fdc-9e94860fc946@group-B5BEB8C9A630-SegmentedRaftLog:OPENED:c-1,f-1,i0, conf=-1: [39efaeea-ba86-4fd8-a10a-b7015b9eb4a1:192.168.34.14:43496, 601b4e43-fd2c-4737-8fdc-9e94860fc946:192.168.34.14:37459, 0c43bc72-d834-4758-b91b-4934a5dc7f3b:192.168.34.14:33792], old=null
2019-10-22 04:20:20,235 [601b4e43-fd2c-4737-8fdc-9e94860fc946@group-B5BEB8C9A630-LeaderElection56] INFO  impl.LeaderElection (LeaderElection.java:askForVotes(178)) - 601b4e43-fd2c-4737-8fdc-9e94860fc946@group-B5BEB8C9A630-LeaderElection56: begin an election at term 55 for -1: [39efaeea-ba86-4fd8-a10a-b7015b9eb4a1:192.168.34.14:43496, 601b4e43-fd2c-4737-8fdc-9e94860fc946:192.168.34.14:37459, 0c43bc72-d834-4758-b91b-4934a5dc7f3b:192.168.34.14:33792], old=null
2019-10-22 04:20:20,239 [grpc-default-executor-4] INFO  impl.RaftServerImpl (RaftServerImpl.java:setRole(184)) - 39efaeea-ba86-4fd8-a10a-b7015b9eb4a1@group-B5BEB8C9A630: changes role from  FOLLOWER to FOLLOWER at term 55 for recognizeCandidate:601b4e43-fd2c-4737-8fdc-9e94860fc946
2019-10-22 04:20:20,239 [grpc-default-executor-0] INFO  impl.RaftServerImpl (RaftServerImpl.java:setRole(184)) - 0c43bc72-d834-4758-b91b-4934a5dc7f3b@group-B5BEB8C9A630: changes role from  FOLLOWER to FOLLOWER at term 55 for recognizeCandidate:601b4e43-fd2c-4737-8fdc-9e94860fc946
2019-10-22 04:20:20,239 [grpc-default-executor-4] INFO  impl.RoleInfo (RoleInfo.java:shutdownFollowerState(121)) - 39efaeea-ba86-4fd8-a10a-b7015b9eb4a1: shutdown FollowerState
2019-10-22 04:20:20,239 [grpc-default-executor-0] INFO  impl.RoleInfo (RoleInfo.java:shutdownFollowerState(121)) - 0c43bc72-d834-4758-b91b-4934a5dc7f3b: shutdown FollowerState
2019-10-22 04:20:20,240 [Thread-810] INFO  impl.FollowerState (FollowerState.java:run(117)) - 39efaeea-ba86-4fd8-a10a-b7015b9eb4a1@group-B5BEB8C9A630-FollowerState was interrupted: java.lang.InterruptedException: sleep interrupted
2019-10-22 04:20:20,240 [Thread-811] INFO  impl.FollowerState (FollowerState.java:run(117)) - 0c43bc72-d834-4758-b91b-4934a5dc7f3b@group-B5BEB8C9A630-FollowerState was interrupted: java.lang.InterruptedException: sleep interrupted
2019-10-22 04:20:20,240 [grpc-default-executor-4] INFO  impl.RoleInfo (RoleInfo.java:updateAndGet(143)) - 39efaeea-ba86-4fd8-a10a-b7015b9eb4a1: start FollowerState
2019-10-22 04:20:20,240 [grpc-default-executor-0] INFO  impl.RoleInfo (RoleInfo.java:updateAndGet(143)) - 0c43bc72-d834-4758-b91b-4934a5dc7f3b: start FollowerState
2019-10-22 04:20:20,255 [601b4e43-fd2c-4737-8fdc-9e94860fc946@group-B5BEB8C9A630-LeaderElection56] INFO  impl.LeaderElection (LeaderElection.java:logAndReturn(56)) - 601b4e43-fd2c-4737-8fdc-9e94860fc946@group-B5BEB8C9A630-LeaderElection56: Election REJECTED; received 2 response(s) [601b4e43-fd2c-4737-8fdc-9e94860fc946<-39efaeea-ba86-4fd8-a10a-b7015b9eb4a1#0:FAIL-t55, 601b4e43-fd2c-4737-8fdc-9e94860fc946<-0c43bc72-d834-4758-b91b-4934a5dc7f3b#0:FAIL-t55] and 0 exception(s); 601b4e43-fd2c-4737-8fdc-9e94860fc946@group-B5BEB8C9A630:t55, leader=null, voted=601b4e43-fd2c-4737-8fdc-9e94860fc946, raftlog=601b4e43-fd2c-4737-8fdc-9e94860fc946@group-B5BEB8C9A630-SegmentedRaftLog:OPENED:c-1,f-1,i0, conf=-1: [39efaeea-ba86-4fd8-a10a-b7015b9eb4a1:192.168.34.14:43496, 601b4e43-fd2c-4737-8fdc-9e94860fc946:192.168.34.14:37459, 0c43bc72-d834-4758-b91b-4934a5dc7f3b:192.168.34.14:33792], old=null
2019-10-22 04:20:20,255 [601b4e43-fd2c-4737-8fdc-9e94860fc946@group-B5BEB8C9A630-LeaderElection56] INFO  impl.RaftServerImpl (RaftServerImpl.java:setRole(184)) - 601b4e43-fd2c-4737-8fdc-9e94860fc946@group-B5BEB8C9A630: changes role from CANDIDATE to FOLLOWER at term 55 for DISCOVERED_A_NEW_TERM
2019-10-22 04:20:20,255 [601b4e43-fd2c-4737-8fdc-9e94860fc946@group-B5BEB8C9A630-LeaderElection56] INFO  impl.RoleInfo (RoleInfo.java:shutdownLeaderElection(134)) - 601b4e43-fd2c-4737-8fdc-9e94860fc946: shutdown LeaderElection
2019-10-22 04:20:20,255 [601b4e43-fd2c-4737-8fdc-9e94860fc946@group-B5BEB8C9A630-LeaderElection56] INFO  impl.RoleInfo (RoleInfo.java:updateAndGet(143)) - 601b4e43-fd2c-4737-8fdc-9e94860fc946: start FollowerState
2019-10-22 04:20:20,450 [Thread-816] INFO  impl.FollowerState (FollowerState.java:run(108)) - 601b4e43-fd2c-4737-8fdc-9e94860fc946@group-B5BEB8C9A630-FollowerState: change to CANDIDATE, lastRpcTime:195ms, electionTimeout:195ms
2019-10-22 04:20:20,450 [Thread-816] INFO  impl.RoleInfo (RoleInfo.java:shutdownFollowerState(121)) - 601b4e43-fd2c-4737-8fdc-9e94860fc946: shutdown FollowerState
2019-10-22 04:20:20,451 [Thread-816] INFO  impl.RaftServerImpl (RaftServerImpl.java:setRole(184)) - 601b4e43-fd2c-4737-8fdc-9e94860fc946@group-B5BEB8C9A630: changes role from  FOLLOWER to CANDIDATE at term 55 for changeToCandidate
2019-10-22 04:20:20,451 [Thread-816] INFO  impl.RoleInfo (RoleInfo.java:updateAndGet(143)) - 601b4e43-fd2c-4737-8fdc-9e94860fc946: start LeaderElection
2019-10-22 04:20:20,464 [601b4e43-fd2c-4737-8fdc-9e94860fc946@group-B5BEB8C9A630-LeaderElection57] INFO  impl.LeaderElection (LeaderElection.java:askForVotes(178)) - 601b4e43-fd2c-4737-8fdc-9e94860fc946@group-B5BEB8C9A630-LeaderElection57: begin an election at term 56 for -1: [39efaeea-ba86-4fd8-a10a-b7015b9eb4a1:192.168.34.14:43496, 601b4e43-fd2c-4737-8fdc-9e94860fc946:192.168.34.14:37459, 0c43bc72-d834-4758-b91b-4934a5dc7f3b:192.168.34.14:33792], old=null
2019-10-22 04:20:20,467 [grpc-default-executor-0] INFO  impl.RaftServerImpl (RaftServerImpl.java:setRole(184)) - 39efaeea-ba86-4fd8-a10a-b7015b9eb4a1@group-B5BEB8C9A630: changes role from  FOLLOWER to FOLLOWER at term 56 for recognizeCandidate:601b4e43-fd2c-4737-8fdc-9e94860fc946
2019-10-22 04:20:20,467 [grpc-default-executor-0] INFO  impl.RoleInfo (RoleInfo.java:shutdownFollowerState(121)) - 39efaeea-ba86-4fd8-a10a-b7015b9eb4a1: shutdown FollowerState
2019-10-22 04:20:20,467 [grpc-default-executor-4] INFO  impl.RaftServerImpl (RaftServerImpl.java:setRole(184)) - 0c43bc72-d834-4758-b91b-4934a5dc7f3b@group-B5BEB8C9A630: changes role from  FOLLOWER to FOLLOWER at term 56 for recognizeCandidate:601b4e43-fd2c-4737-8fdc-9e94860fc946
2019-10-22 04:20:20,467 [Thread-814] INFO  impl.FollowerState (FollowerState.java:run(117)) - 39efaeea-ba86-4fd8-a10a-b7015b9eb4a1@group-B5BEB8C9A630-FollowerState was interrupted: java.lang.InterruptedException: sleep interrupted
2019-10-22 04:20:20,467 [grpc-default-executor-0] INFO  impl.RoleInfo (RoleInfo.java:updateAndGet(143)) - 39efaeea-ba86-4fd8-a10a-b7015b9eb4a1: start FollowerState
2019-10-22 04:20:20,467 [grpc-default-executor-4] INFO  impl.RoleInfo (RoleInfo.java:shutdownFollowerState(121)) - 0c43bc72-d834-4758-b91b-4934a5dc7f3b: shutdown FollowerState
2019-10-22 04:20:20,468 [grpc-default-executor-4] INFO  impl.RoleInfo (RoleInfo.java:updateAndGet(143)) - 0c43bc72-d834-4758-b91b-4934a5dc7f3b: start FollowerState
2019-10-22 04:20:20,468 [Thread-815] INFO  impl.FollowerState (FollowerState.java:run(117)) - 0c43bc72-d834-4758-b91b-4934a5dc7f3b@group-B5BEB8C9A630-FollowerState was interrupted: java.lang.InterruptedException: sleep interrupted
2019-10-22 04:20:20,483 [601b4e43-fd2c-4737-8fdc-9e94860fc946@group-B5BEB8C9A630-LeaderElection57] INFO  impl.LeaderElection (LeaderElection.java:logAndReturn(56)) - 601b4e43-fd2c-4737-8fdc-9e94860fc946@group-B5BEB8C9A630-LeaderElection57: Election REJECTED; received 2 response(s) [601b4e43-fd2c-4737-8fdc-9e94860fc946<-39efaeea-ba86-4fd8-a10a-b7015b9eb4a1#0:FAIL-t56, 601b4e43-fd2c-4737-8fdc-9e94860fc946<-0c43bc72-d834-4758-b91b-4934a5dc7f3b#0:FAIL-t56] and 0 exception(s); 601b4e43-fd2c-4737-8fdc-9e94860fc946@group-B5BEB8C9A630:t56, leader=null, voted=601b4e43-fd2c-4737-8fdc-9e94860fc946, raftlog=601b4e43-fd2c-4737-8fdc-9e94860fc946@group-B5BEB8C9A630-SegmentedRaftLog:OPENED:c-1,f-1,i0, conf=-1: [39efaeea-ba86-4fd8-a10a-b7015b9eb4a1:192.168.34.14:43496, 601b4e43-fd2c-4737-8fdc-9e94860fc946:192.168.34.14:37459, 0c43bc72-d834-4758-b91b-4934a5dc7f3b:192.168.34.14:33792], old=null
2019-10-22 04:20:20,483 [601b4e43-fd2c-4737-8fdc-9e94860fc946@group-B5BEB8C9A630-LeaderElection57] INFO  impl.RaftServerImpl (RaftServerImpl.java:setRole(184)) - 601b4e43-fd2c-4737-8fdc-9e94860fc946@group-B5BEB8C9A630: changes role from CANDIDATE to FOLLOWER at term 56 for DISCOVERED_A_NEW_TERM
2019-10-22 04:20:20,483 [601b4e43-fd2c-4737-8fdc-9e94860fc946@group-B5BEB8C9A630-LeaderElection57] INFO  impl.RoleInfo (RoleInfo.java:shutdownLeaderElection(134)) - 601b4e43-fd2c-4737-8fdc-9e94860fc946: shutdown LeaderElection
2019-10-22 04:20:20,483 [601b4e43-fd2c-4737-8fdc-9e94860fc946@group-B5BEB8C9A630-LeaderElection57] INFO  impl.RoleInfo (RoleInfo.java:updateAndGet(143)) - 601b4e43-fd2c-4737-8fdc-9e94860fc946: start FollowerState
2019-10-22 04:20:20,654 [Thread-822] INFO  impl.FollowerState (FollowerState.java:run(108)) - 601b4e43-fd2c-4737-8fdc-9e94860fc946@group-B5BEB8C9A630-FollowerState: change to CANDIDATE, lastRpcTime:170ms, electionTimeout:170ms
2019-10-22 04:20:20,654 [Thread-822] INFO  impl.RoleInfo (RoleInfo.java:shutdownFollowerState(121)) - 601b4e43-fd2c-4737-8fdc-9e94860fc946: shutdown FollowerState
2019-10-22 04:20:20,654 [Thread-822] INFO  impl.RaftServerImpl (RaftServerImpl.java:setRole(184)) - 601b4e43-fd2c-4737-8fdc-9e94860fc946@group-B5BEB8C9A630: changes role from  FOLLOWER to CANDIDATE at term 56 for changeToCandidate
2019-10-22 04:20:20,654 [Thread-822] INFO  impl.RoleInfo (RoleInfo.java:updateAndGet(143)) - 601b4e43-fd2c-4737-8fdc-9e94860fc946: start LeaderElection
2019-10-22 04:20:20,668 [601b4e43-fd2c-4737-8fdc-9e94860fc946@group-B5BEB8C9A630-LeaderElection58] INFO  impl.LeaderElection (LeaderElection.java:askForVotes(178)) - 601b4e43-fd2c-4737-8fdc-9e94860fc946@group-B5BEB8C9A630-LeaderElection58: begin an election at term 57 for -1: [39efaeea-ba86-4fd8-a10a-b7015b9eb4a1:192.168.34.14:43496, 601b4e43-fd2c-4737-8fdc-9e94860fc946:192.168.34.14:37459, 0c43bc72-d834-4758-b91b-4934a5dc7f3b:192.168.34.14:33792], old=null
2019-10-22 04:20:20,670 [grpc-default-executor-0] INFO  impl.RaftServerImpl (RaftServerImpl.java:setRole(184)) - 39efaeea-ba86-4fd8-a10a-b7015b9eb4a1@group-B5BEB8C9A630: changes role from  FOLLOWER to FOLLOWER at term 57 for recognizeCandidate:601b4e43-fd2c-4737-8fdc-9e94860fc946
2019-10-22 04:20:20,670 [grpc-default-executor-0] INFO  impl.RoleInfo (RoleInfo.java:shutdownFollowerState(121)) - 39efaeea-ba86-4fd8-a10a-b7015b9eb4a1: shutdown FollowerState
2019-10-22 04:20:20,670 [grpc-default-executor-4] INFO  impl.RaftServerImpl (RaftServerImpl.java:setRole(184)) - 0c43bc72-d834-4758-b91b-4934a5dc7f3b@group-B5BEB8C9A630: changes role from  FOLLOWER to FOLLOWER at term 57 for recognizeCandidate:601b4e43-fd2c-4737-8fdc-9e94860fc946
2019-10-22 04:20:20,671 [grpc-default-executor-0] INFO  impl.RoleInfo (RoleInfo.java:updateAndGet(143)) - 39efaeea-ba86-4fd8-a10a-b7015b9eb4a1: start FollowerState
2019-10-22 04:20:20,671 [Thread-820] INFO  impl.FollowerState (FollowerState.java:run(117)) - 39efaeea-ba86-4fd8-a10a-b7015b9eb4a1@group-B5BEB8C9A630-FollowerState was interrupted: java.lang.InterruptedException: sleep interrupted
2019-10-22 04:20:20,671 [grpc-default-executor-4] INFO  impl.RoleInfo (RoleInfo.java:shutdownFollowerState(121)) - 0c43bc72-d834-4758-b91b-4934a5dc7f3b: shutdown FollowerState
2019-10-22 04:20:20,671 [Thread-821] INFO  impl.FollowerState (FollowerState.java:run(117)) - 0c43bc72-d834-4758-b91b-4934a5dc7f3b@group-B5BEB8C9A630-FollowerState was interrupted: java.lang.InterruptedException: sleep interrupted
2019-10-22 04:20:20,671 [grpc-default-executor-4] INFO  impl.RoleInfo (RoleInfo.java:updateAndGet(143)) - 0c43bc72-d834-4758-b91b-4934a5dc7f3b: start FollowerState
2019-10-22 04:20:20,686 [601b4e43-fd2c-4737-8fdc-9e94860fc946@group-B5BEB8C9A630-LeaderElection58] INFO  impl.LeaderElection (LeaderElection.java:logAndReturn(56)) - 601b4e43-fd2c-4737-8fdc-9e94860fc946@group-B5BEB8C9A630-LeaderElection58: Election REJECTED; received 2 response(s) [601b4e43-fd2c-4737-8fdc-9e94860fc946<-39efaeea-ba86-4fd8-a10a-b7015b9eb4a1#0:FAIL-t57, 601b4e43-fd2c-4737-8fdc-9e94860fc946<-0c43bc72-d834-4758-b91b-4934a5dc7f3b#0:FAIL-t57] and 0 exception(s); 601b4e43-fd2c-4737-8fdc-9e94860fc946@group-B5BEB8C9A630:t57, leader=null, voted=601b4e43-fd2c-4737-8fdc-9e94860fc946, raftlog=601b4e43-fd2c-4737-8fdc-9e94860fc946@group-B5BEB8C9A630-SegmentedRaftLog:OPENED:c-1,f-1,i0, conf=-1: [39efaeea-ba86-4fd8-a10a-b7015b9eb4a1:192.168.34.14:43496, 601b4e43-fd2c-4737-8fdc-9e94860fc946:192.168.34.14:37459, 0c43bc72-d834-4758-b91b-4934a5dc7f3b:192.168.34.14:33792], old=null
2019-10-22 04:20:20,686 [601b4e43-fd2c-4737-8fdc-9e94860fc946@group-B5BEB8C9A630-LeaderElection58] INFO  impl.RaftServerImpl (RaftServerImpl.java:setRole(184)) - 601b4e43-fd2c-4737-8fdc-9e94860fc946@group-B5BEB8C9A630: changes role from CANDIDATE to FOLLOWER at term 57 for DISCOVERED_A_NEW_TERM
2019-10-22 04:20:20,686 [601b4e43-fd2c-4737-8fdc-9e94860fc946@group-B5BEB8C9A630-LeaderElection58] INFO  impl.RoleInfo (RoleInfo.java:shutdownLeaderElection(134)) - 601b4e43-fd2c-4737-8fdc-9e94860fc946: shutdown LeaderElection
2019-10-22 04:20:20,686 [601b4e43-fd2c-4737-8fdc-9e94860fc946@group-B5BEB8C9A630-LeaderElection58] INFO  impl.RoleInfo (RoleInfo.java:updateAndGet(143)) - 601b4e43-fd2c-4737-8fdc-9e94860fc946: start FollowerState
2019-10-22 04:20:20,765 [Thread-828] INFO  impl.FollowerState (FollowerState.java:run(108)) - 601b4e43-fd2c-4737-8fdc-9e94860fc946@group-B5BEB8C9A630-FollowerState: change to CANDIDATE, lastRpcTime:78ms, electionTimeout:78ms
2019-10-22 04:20:20,765 [Thread-828] INFO  impl.RoleInfo (RoleInfo.java:shutdownFollowerState(121)) - 601b4e43-fd2c-4737-8fdc-9e94860fc946: shutdown FollowerState
2019-10-22 04:20:20,765 [Thread-828] INFO  impl.RaftServerImpl (RaftServerImpl.java:setRole(184)) - 601b4e43-fd2c-4737-8fdc-9e94860fc946@group-B5BEB8C9A630: changes role from  FOLLOWER to CANDIDATE at term 57 for changeToCandidate
2019-10-22 04:20:20,765 [Thread-828] INFO  impl.RoleInfo (RoleInfo.java:updateAndGet(143)) - 601b4e43-fd2c-4737-8fdc-9e94860fc946: start LeaderElection
2019-10-22 04:20:20,779 [601b4e43-fd2c-4737-8fdc-9e94860fc946@group-B5BEB8C9A630-LeaderElection59] INFO  impl.LeaderElection (LeaderElection.java:askForVotes(178)) - 601b4e43-fd2c-4737-8fdc-9e94860fc946@group-B5BEB8C9A630-LeaderElection59: begin an election at term 58 for -1: [39efaeea-ba86-4fd8-a10a-b7015b9eb4a1:192.168.34.14:43496, 601b4e43-fd2c-4737-8fdc-9e94860fc946:192.168.34.14:37459, 0c43bc72-d834-4758-b91b-4934a5dc7f3b:192.168.34.14:33792], old=null
2019-10-22 04:20:20,781 [grpc-default-executor-0] INFO  impl.RaftServerImpl (RaftServerImpl.java:setRole(184)) - 39efaeea-ba86-4fd8-a10a-b7015b9eb4a1@group-B5BEB8C9A630: changes role from  FOLLOWER to FOLLOWER at term 58 for recognizeCandidate:601b4e43-fd2c-4737-8fdc-9e94860fc946
2019-10-22 04:20:20,782 [grpc-default-executor-4] INFO  impl.RaftServerImpl (RaftServerImpl.java:setRole(184)) - 0c43bc72-d834-4758-b91b-4934a5dc7f3b@group-B5BEB8C9A630: changes role from  FOLLOWER to FOLLOWER at term 58 for recognizeCandidate:601b4e43-fd2c-4737-8fdc-9e94860fc946
2019-10-22 04:20:20,782 [grpc-default-executor-0] INFO  impl.RoleInfo (RoleInfo.java:shutdownFollowerState(121)) - 39efaeea-ba86-4fd8-a10a-b7015b9eb4a1: shutdown FollowerState
2019-10-22 04:20:20,782 [grpc-default-executor-4] INFO  impl.RoleInfo (RoleInfo.java:shutdownFollowerState(121)) - 0c43bc72-d834-4758-b91b-4934a5dc7f3b: shutdown FollowerState
2019-10-22 04:20:20,782 [Thread-826] INFO  impl.FollowerState (FollowerState.java:run(117)) - 39efaeea-ba86-4fd8-a10a-b7015b9eb4a1@group-B5BEB8C9A630-FollowerState was interrupted: java.lang.InterruptedException: sleep interrupted
2019-10-22 04:20:20,782 [Thread-827] INFO  impl.FollowerState (FollowerState.java:run(117)) - 0c43bc72-d834-4758-b91b-4934a5dc7f3b@group-B5BEB8C9A630-FollowerState was interrupted: java.lang.InterruptedException: sleep interrupted
2019-10-22 04:20:20,782 [grpc-default-executor-0] INFO  impl.RoleInfo (RoleInfo.java:updateAndGet(143)) - 39efaeea-ba86-4fd8-a10a-b7015b9eb4a1: start FollowerState
2019-10-22 04:20:20,782 [grpc-default-executor-4] INFO  impl.RoleInfo (RoleInfo.java:updateAndGet(143)) - 0c43bc72-d834-4758-b91b-4934a5dc7f3b: start FollowerState
2019-10-22 04:20:20,798 [601b4e43-fd2c-4737-8fdc-9e94860fc946@group-B5BEB8C9A630-LeaderElection59] INFO  impl.LeaderElection (LeaderElection.java:logAndReturn(56)) - 601b4e43-fd2c-4737-8fdc-9e94860fc946@group-B5BEB8C9A630-LeaderElection59: Election REJECTED; received 2 response(s) [601b4e43-fd2c-4737-8fdc-9e94860fc946<-39efaeea-ba86-4fd8-a10a-b7015b9eb4a1#0:FAIL-t58, 601b4e43-fd2c-4737-8fdc-9e94860fc946<-0c43bc72-d834-4758-b91b-4934a5dc7f3b#0:FAIL-t58] and 0 exception(s); 601b4e43-fd2c-4737-8fdc-9e94860fc946@group-B5BEB8C9A630:t58, leader=null, voted=601b4e43-fd2c-4737-8fdc-9e94860fc946, raftlog=601b4e43-fd2c-4737-8fdc-9e94860fc946@group-B5BEB8C9A630-SegmentedRaftLog:OPENED:c-1,f-1,i0, conf=-1: [39efaeea-ba86-4fd8-a10a-b7015b9eb4a1:192.168.34.14:43496, 601b4e43-fd2c-4737-8fdc-9e94860fc946:192.168.34.14:37459, 0c43bc72-d834-4758-b91b-4934a5dc7f3b:192.168.34.14:33792], old=null
2019-10-22 04:20:20,798 [601b4e43-fd2c-4737-8fdc-9e94860fc946@group-B5BEB8C9A630-LeaderElection59] INFO  impl.RaftServerImpl (RaftServerImpl.java:setRole(184)) - 601b4e43-fd2c-4737-8fdc-9e94860fc946@group-B5BEB8C9A630: changes role from CANDIDATE to FOLLOWER at term 58 for DISCOVERED_A_NEW_TERM
2019-10-22 04:20:20,798 [601b4e43-fd2c-4737-8fdc-9e94860fc946@group-B5BEB8C9A630-LeaderElection59] INFO  impl.RoleInfo (RoleInfo.java:shutdownLeaderElection(134)) - 601b4e43-fd2c-4737-8fdc-9e94860fc946: shutdown LeaderElection
2019-10-22 04:20:20,798 [601b4e43-fd2c-4737-8fdc-9e94860fc946@group-B5BEB8C9A630-LeaderElection59] INFO  impl.RoleInfo (RoleInfo.java:updateAndGet(143)) - 601b4e43-fd2c-4737-8fdc-9e94860fc946: start FollowerState
2019-10-22 04:20:20,842 [Thread-834] INFO  impl.FollowerState (FollowerState.java:run(108)) - 601b4e43-fd2c-4737-8fdc-9e94860fc946@group-B5BEB8C9A630-FollowerState: change to CANDIDATE, lastRpcTime:44ms, electionTimeout:44ms
2019-10-22 04:20:20,842 [Thread-834] INFO  impl.RoleInfo (RoleInfo.java:shutdownFollowerState(121)) - 601b4e43-fd2c-4737-8fdc-9e94860fc946: shutdown FollowerState
2019-10-22 04:20:20,843 [Thread-834] INFO  impl.RaftServerImpl (RaftServerImpl.java:setRole(184)) - 601b4e43-fd2c-4737-8fdc-9e94860fc946@group-B5BEB8C9A630: changes role from  FOLLOWER to CANDIDATE at term 58 for changeToCandidate
2019-10-22 04:20:20,843 [Thread-834] INFO  impl.RoleInfo (RoleInfo.java:updateAndGet(143)) - 601b4e43-fd2c-4737-8fdc-9e94860fc946: start LeaderElection
2019-10-22 04:20:20,856 [601b4e43-fd2c-4737-8fdc-9e94860fc946@group-B5BEB8C9A630-LeaderElection60] INFO  impl.LeaderElection (LeaderElection.java:askForVotes(178)) - 601b4e43-fd2c-4737-8fdc-9e94860fc946@group-B5BEB8C9A630-LeaderElection60: begin an election at term 59 for -1: [39efaeea-ba86-4fd8-a10a-b7015b9eb4a1:192.168.34.14:43496, 601b4e43-fd2c-4737-8fdc-9e94860fc946:192.168.34.14:37459, 0c43bc72-d834-4758-b91b-4934a5dc7f3b:192.168.34.14:33792], old=null
2019-10-22 04:20:20,858 [grpc-default-executor-0] INFO  impl.RaftServerImpl (RaftServerImpl.java:setRole(184)) - 39efaeea-ba86-4fd8-a10a-b7015b9eb4a1@group-B5BEB8C9A630: changes role from  FOLLOWER to FOLLOWER at term 59 for recognizeCandidate:601b4e43-fd2c-4737-8fdc-9e94860fc946
2019-10-22 04:20:20,858 [grpc-default-executor-4] INFO  impl.RaftServerImpl (RaftServerImpl.java:setRole(184)) - 0c43bc72-d834-4758-b91b-4934a5dc7f3b@group-B5BEB8C9A630: changes role from  FOLLOWER to FOLLOWER at term 59 for recognizeCandidate:601b4e43-fd2c-4737-8fdc-9e94860fc946
2019-10-22 04:20:20,858 [grpc-default-executor-0] INFO  impl.RoleInfo (RoleInfo.java:shutdownFollowerState(121)) - 39efaeea-ba86-4fd8-a10a-b7015b9eb4a1: shutdown FollowerState
2019-10-22 04:20:20,858 [grpc-default-executor-4] INFO  impl.RoleInfo (RoleInfo.java:shutdownFollowerState(121)) - 0c43bc72-d834-4758-b91b-4934a5dc7f3b: shutdown FollowerState
2019-10-22 04:20:20,858 [Thread-832] INFO  impl.FollowerState (FollowerState.java:run(117)) - 39efaeea-ba86-4fd8-a10a-b7015b9eb4a1@group-B5BEB8C9A630-FollowerState was interrupted: java.lang.InterruptedException: sleep interrupted
2019-10-22 04:20:20,859 [Thread-833] INFO  impl.FollowerState (FollowerState.java:run(117)) - 0c43bc72-d834-4758-b91b-4934a5dc7f3b@group-B5BEB8C9A630-FollowerState was interrupted: java.lang.InterruptedException: sleep interrupted
2019-10-22 04:20:20,858 [grpc-default-executor-4] INFO  impl.RoleInfo (RoleInfo.java:updateAndGet(143)) - 0c43bc72-d834-4758-b91b-4934a5dc7f3b: start FollowerState
2019-10-22 04:20:20,858 [grpc-default-executor-0] INFO  impl.RoleInfo (RoleInfo.java:updateAndGet(143)) - 39efaeea-ba86-4fd8-a10a-b7015b9eb4a1: start FollowerState
2019-10-22 04:20:20,874 [601b4e43-fd2c-4737-8fdc-9e94860fc946@group-B5BEB8C9A630-LeaderElection60] INFO  impl.LeaderElection (LeaderElection.java:logAndReturn(56)) - 601b4e43-fd2c-4737-8fdc-9e94860fc946@group-B5BEB8C9A630-LeaderElection60: Election REJECTED; received 2 response(s) [601b4e43-fd2c-4737-8fdc-9e94860fc946<-39efaeea-ba86-4fd8-a10a-b7015b9eb4a1#0:FAIL-t59, 601b4e43-fd2c-4737-8fdc-9e94860fc946<-0c43bc72-d834-4758-b91b-4934a5dc7f3b#0:FAIL-t59] and 0 exception(s); 601b4e43-fd2c-4737-8fdc-9e94860fc946@group-B5BEB8C9A630:t59, leader=null, voted=601b4e43-fd2c-4737-8fdc-9e94860fc946, raftlog=601b4e43-fd2c-4737-8fdc-9e94860fc946@group-B5BEB8C9A630-SegmentedRaftLog:OPENED:c-1,f-1,i0, conf=-1: [39efaeea-ba86-4fd8-a10a-b7015b9eb4a1:192.168.34.14:43496, 601b4e43-fd2c-4737-8fdc-9e94860fc946:192.168.34.14:37459, 0c43bc72-d834-4758-b91b-4934a5dc7f3b:192.168.34.14:33792], old=null
2019-10-22 04:20:20,874 [601b4e43-fd2c-4737-8fdc-9e94860fc946@group-B5BEB8C9A630-LeaderElection60] INFO  impl.RaftServerImpl (RaftServerImpl.java:setRole(184)) - 601b4e43-fd2c-4737-8fdc-9e94860fc946@group-B5BEB8C9A630: changes role from CANDIDATE to FOLLOWER at term 59 for DISCOVERED_A_NEW_TERM
2019-10-22 04:20:20,874 [601b4e43-fd2c-4737-8fdc-9e94860fc946@group-B5BEB8C9A630-LeaderElection60] INFO  impl.RoleInfo (RoleInfo.java:shutdownLeaderElection(134)) - 601b4e43-fd2c-4737-8fdc-9e94860fc946: shutdown LeaderElection
2019-10-22 04:20:20,874 [601b4e43-fd2c-4737-8fdc-9e94860fc946@group-B5BEB8C9A630-LeaderElection60] INFO  impl.RoleInfo (RoleInfo.java:updateAndGet(143)) - 601b4e43-fd2c-4737-8fdc-9e94860fc946: start FollowerState
2019-10-22 04:20:20,876 [Thread-840] INFO  impl.FollowerState (FollowerState.java:run(108)) - 601b4e43-fd2c-4737-8fdc-9e94860fc946@group-B5BEB8C9A630-FollowerState: change to CANDIDATE, lastRpcTime:2ms, electionTimeout:2ms
2019-10-22 04:20:20,877 [Thread-840] INFO  impl.RoleInfo (RoleInfo.java:shutdownFollowerState(121)) - 601b4e43-fd2c-4737-8fdc-9e94860fc946: shutdown FollowerState
2019-10-22 04:20:20,877 [Thread-840] INFO  impl.RaftServerImpl (RaftServerImpl.java:setRole(184)) - 601b4e43-fd2c-4737-8fdc-9e94860fc946@group-B5BEB8C9A630: changes role from  FOLLOWER to CANDIDATE at term 59 for changeToCandidate
2019-10-22 04:20:20,877 [Thread-840] INFO  impl.RoleInfo (RoleInfo.java:updateAndGet(143)) - 601b4e43-fd2c-4737-8fdc-9e94860fc946: start LeaderElection
2019-10-22 04:20:20,890 [601b4e43-fd2c-4737-8fdc-9e94860fc946@group-B5BEB8C9A630-LeaderElection61] INFO  impl.LeaderElection (LeaderElection.java:askForVotes(178)) - 601b4e43-fd2c-4737-8fdc-9e94860fc946@group-B5BEB8C9A630-LeaderElection61: begin an election at term 60 for -1: [39efaeea-ba86-4fd8-a10a-b7015b9eb4a1:192.168.34.14:43496, 601b4e43-fd2c-4737-8fdc-9e94860fc946:192.168.34.14:37459, 0c43bc72-d834-4758-b91b-4934a5dc7f3b:192.168.34.14:33792], old=null
2019-10-22 04:20:20,892 [grpc-default-executor-0] INFO  impl.RaftServerImpl (RaftServerImpl.java:setRole(184)) - 0c43bc72-d834-4758-b91b-4934a5dc7f3b@group-B5BEB8C9A630: changes role from  FOLLOWER to FOLLOWER at term 60 for recognizeCandidate:601b4e43-fd2c-4737-8fdc-9e94860fc946
2019-10-22 04:20:20,893 [grpc-default-executor-0] INFO  impl.RoleInfo (RoleInfo.java:shutdownFollowerState(121)) - 0c43bc72-d834-4758-b91b-4934a5dc7f3b: shutdown FollowerState
2019-10-22 04:20:20,893 [grpc-default-executor-4] INFO  impl.RaftServerImpl (RaftServerImpl.java:setRole(184)) - 39efaeea-ba86-4fd8-a10a-b7015b9eb4a1@group-B5BEB8C9A630: changes role from  FOLLOWER to FOLLOWER at term 60 for recognizeCandidate:601b4e43-fd2c-4737-8fdc-9e94860fc946
2019-10-22 04:20:20,893 [Thread-839] INFO  impl.FollowerState (FollowerState.java:run(117)) - 0c43bc72-d834-4758-b91b-4934a5dc7f3b@group-B5BEB8C9A630-FollowerState was interrupted: java.lang.InterruptedException: sleep interrupted
2019-10-22 04:20:20,893 [grpc-default-executor-0] INFO  impl.RoleInfo (RoleInfo.java:updateAndGet(143)) - 0c43bc72-d834-4758-b91b-4934a5dc7f3b: start FollowerState
2019-10-22 04:20:20,893 [grpc-default-executor-4] INFO  impl.RoleInfo (RoleInfo.java:shutdownFollowerState(121)) - 39efaeea-ba86-4fd8-a10a-b7015b9eb4a1: shutdown FollowerState
2019-10-22 04:20:20,893 [grpc-default-executor-4] INFO  impl.RoleInfo (RoleInfo.java:updateAndGet(143)) - 39efaeea-ba86-4fd8-a10a-b7015b9eb4a1: start FollowerState
2019-10-22 04:20:20,893 [Thread-838] INFO  impl.FollowerState (FollowerState.java:run(117)) - 39efaeea-ba86-4fd8-a10a-b7015b9eb4a1@group-B5BEB8C9A630-FollowerState was interrupted: java.lang.InterruptedException: sleep interrupted
2019-10-22 04:20:20,910 [601b4e43-fd2c-4737-8fdc-9e94860fc946@group-B5BEB8C9A630-LeaderElection61] INFO  impl.LeaderElection (LeaderElection.java:logAndReturn(56)) - 601b4e43-fd2c-4737-8fdc-9e94860fc946@group-B5BEB8C9A630-LeaderElection61: Election REJECTED; received 2 response(s) [601b4e43-fd2c-4737-8fdc-9e94860fc946<-39efaeea-ba86-4fd8-a10a-b7015b9eb4a1#0:FAIL-t60, 601b4e43-fd2c-4737-8fdc-9e94860fc946<-0c43bc72-d834-4758-b91b-4934a5dc7f3b#0:FAIL-t60] and 0 exception(s); 601b4e43-fd2c-4737-8fdc-9e94860fc946@group-B5BEB8C9A630:t60, leader=null, voted=601b4e43-fd2c-4737-8fdc-9e94860fc946, raftlog=601b4e43-fd2c-4737-8fdc-9e94860fc946@group-B5BEB8C9A630-SegmentedRaftLog:OPENED:c-1,f-1,i0, conf=-1: [39efaeea-ba86-4fd8-a10a-b7015b9eb4a1:192.168.34.14:43496, 601b4e43-fd2c-4737-8fdc-9e94860fc946:192.168.34.14:37459, 0c43bc72-d834-4758-b91b-4934a5dc7f3b:192.168.34.14:33792], old=null
2019-10-22 04:20:20,910 [601b4e43-fd2c-4737-8fdc-9e94860fc946@group-B5BEB8C9A630-LeaderElection61] INFO  impl.RaftServerImpl (RaftServerImpl.java:setRole(184)) - 601b4e43-fd2c-4737-8fdc-9e94860fc946@group-B5BEB8C9A630: changes role from CANDIDATE to FOLLOWER at term 60 for DISCOVERED_A_NEW_TERM
2019-10-22 04:20:20,910 [601b4e43-fd2c-4737-8fdc-9e94860fc946@group-B5BEB8C9A630-LeaderElection61] INFO  impl.RoleInfo (RoleInfo.java:shutdownLeaderElection(134)) - 601b4e43-fd2c-4737-8fdc-9e94860fc946: shutdown LeaderElection
2019-10-22 04:20:20,910 [601b4e43-fd2c-4737-8fdc-9e94860fc946@group-B5BEB8C9A630-LeaderElection61] INFO  impl.RoleInfo (RoleInfo.java:updateAndGet(143)) - 601b4e43-fd2c-4737-8fdc-9e94860fc946: start FollowerState
2019-10-22 04:20:20,951 [Thread-846] INFO  impl.FollowerState (FollowerState.java:run(108)) - 601b4e43-fd2c-4737-8fdc-9e94860fc946@group-B5BEB8C9A630-FollowerState: change to CANDIDATE, lastRpcTime:40ms, electionTimeout:40ms
2019-10-22 04:20:20,951 [Thread-846] INFO  impl.RoleInfo (RoleInfo.java:shutdownFollowerState(121)) - 601b4e43-fd2c-4737-8fdc-9e94860fc946: shutdown FollowerState
2019-10-22 04:20:20,951 [Thread-846] INFO  impl.RaftServerImpl (RaftServerImpl.java:setRole(184)) - 601b4e43-fd2c-4737-8fdc-9e94860fc946@group-B5BEB8C9A630: changes role from  FOLLOWER to CANDIDATE at term 60 for changeToCandidate
2019-10-22 04:20:20,951 [Thread-846] INFO  impl.RoleInfo (RoleInfo.java:updateAndGet(143)) - 601b4e43-fd2c-4737-8fdc-9e94860fc946: start LeaderElection
2019-10-22 04:20:20,964 [601b4e43-fd2c-4737-8fdc-9e94860fc946@group-B5BEB8C9A630-LeaderElection62] INFO  impl.LeaderElection (LeaderElection.java:askForVotes(178)) - 601b4e43-fd2c-4737-8fdc-9e94860fc946@group-B5BEB8C9A630-LeaderElection62: begin an election at term 61 for -1: [39efaeea-ba86-4fd8-a10a-b7015b9eb4a1:192.168.34.14:43496, 601b4e43-fd2c-4737-8fdc-9e94860fc946:192.168.34.14:37459, 0c43bc72-d834-4758-b91b-4934a5dc7f3b:192.168.34.14:33792], old=null
2019-10-22 04:20:20,966 [grpc-default-executor-4] INFO  impl.RaftServerImpl (RaftServerImpl.java:setRole(184)) - 0c43bc72-d834-4758-b91b-4934a5dc7f3b@group-B5BEB8C9A630: changes role from  FOLLOWER to FOLLOWER at term 61 for recognizeCandidate:601b4e43-fd2c-4737-8fdc-9e94860fc946
2019-10-22 04:20:20,966 [grpc-default-executor-4] INFO  impl.RoleInfo (RoleInfo.java:shutdownFollowerState(121)) - 0c43bc72-d834-4758-b91b-4934a5dc7f3b: shutdown FollowerState
2019-10-22 04:20:20,966 [grpc-default-executor-4] INFO  impl.RoleInfo (RoleInfo.java:updateAndGet(143)) - 0c43bc72-d834-4758-b91b-4934a5dc7f3b: start FollowerState
2019-10-22 04:20:20,967 [Thread-844] INFO  impl.FollowerState (FollowerState.java:run(117)) - 0c43bc72-d834-4758-b91b-4934a5dc7f3b@group-B5BEB8C9A630-FollowerState was interrupted: java.lang.InterruptedException: sleep interrupted
2019-10-22 04:20:20,967 [grpc-default-executor-0] INFO  impl.RaftServerImpl (RaftServerImpl.java:setRole(184)) - 39efaeea-ba86-4fd8-a10a-b7015b9eb4a1@group-B5BEB8C9A630: changes role from  FOLLOWER to FOLLOWER at term 61 for recognizeCandidate:601b4e43-fd2c-4737-8fdc-9e94860fc946
2019-10-22 04:20:20,967 [grpc-default-executor-0] INFO  impl.RoleInfo (RoleInfo.java:shutdownFollowerState(121)) - 39efaeea-ba86-4fd8-a10a-b7015b9eb4a1: shutdown FollowerState
2019-10-22 04:20:20,967 [grpc-default-executor-0] INFO  impl.RoleInfo (RoleInfo.java:updateAndGet(143)) - 39efaeea-ba86-4fd8-a10a-b7015b9eb4a1: start FollowerState
2019-10-22 04:20:20,967 [Thread-845] INFO  impl.FollowerState (FollowerState.java:run(117)) - 39efaeea-ba86-4fd8-a10a-b7015b9eb4a1@group-B5BEB8C9A630-FollowerState was interrupted: java.lang.InterruptedException: sleep interrupted
2019-10-22 04:20:20,981 [601b4e43-fd2c-4737-8fdc-9e94860fc946@group-B5BEB8C9A630-LeaderElection62] INFO  impl.LeaderElection (LeaderElection.java:logAndReturn(56)) - 601b4e43-fd2c-4737-8fdc-9e94860fc946@group-B5BEB8C9A630-LeaderElection62: Election REJECTED; received 2 response(s) [601b4e43-fd2c-4737-8fdc-9e94860fc946<-39efaeea-ba86-4fd8-a10a-b7015b9eb4a1#0:FAIL-t61, 601b4e43-fd2c-4737-8fdc-9e94860fc946<-0c43bc72-d834-4758-b91b-4934a5dc7f3b#0:FAIL-t61] and 0 exception(s); 601b4e43-fd2c-4737-8fdc-9e94860fc946@group-B5BEB8C9A630:t61, leader=null, voted=601b4e43-fd2c-4737-8fdc-9e94860fc946, raftlog=601b4e43-fd2c-4737-8fdc-9e94860fc946@group-B5BEB8C9A630-SegmentedRaftLog:OPENED:c-1,f-1,i0, conf=-1: [39efaeea-ba86-4fd8-a10a-b7015b9eb4a1:192.168.34.14:43496, 601b4e43-fd2c-4737-8fdc-9e94860fc946:192.168.34.14:37459, 0c43bc72-d834-4758-b91b-4934a5dc7f3b:192.168.34.14:33792], old=null
2019-10-22 04:20:20,981 [601b4e43-fd2c-4737-8fdc-9e94860fc946@group-B5BEB8C9A630-LeaderElection62] INFO  impl.RaftServerImpl (RaftServerImpl.java:setRole(184)) - 601b4e43-fd2c-4737-8fdc-9e94860fc946@group-B5BEB8C9A630: changes role from CANDIDATE to FOLLOWER at term 61 for DISCOVERED_A_NEW_TERM
2019-10-22 04:20:20,981 [601b4e43-fd2c-4737-8fdc-9e94860fc946@group-B5BEB8C9A630-LeaderElection62] INFO  impl.RoleInfo (RoleInfo.java:shutdownLeaderElection(134)) - 601b4e43-fd2c-4737-8fdc-9e94860fc946: shutdown LeaderElection
2019-10-22 04:20:20,981 [601b4e43-fd2c-4737-8fdc-9e94860fc946@group-B5BEB8C9A630-LeaderElection62] INFO  impl.RoleInfo (RoleInfo.java:updateAndGet(143)) - 601b4e43-fd2c-4737-8fdc-9e94860fc946: start FollowerState
2019-10-22 04:20:21,032 [Thread-852] INFO  impl.FollowerState (FollowerState.java:run(108)) - 601b4e43-fd2c-4737-8fdc-9e94860fc946@group-B5BEB8C9A630-FollowerState: change to CANDIDATE, lastRpcTime:51ms, electionTimeout:51ms
2019-10-22 04:20:21,032 [Thread-852] INFO  impl.RoleInfo (RoleInfo.java:shutdownFollowerState(121)) - 601b4e43-fd2c-4737-8fdc-9e94860fc946: shutdown FollowerState
2019-10-22 04:20:21,033 [Thread-852] INFO  impl.RaftServerImpl (RaftServerImpl.java:setRole(184)) - 601b4e43-fd2c-4737-8fdc-9e94860fc946@group-B5BEB8C9A630: changes role from  FOLLOWER to CANDIDATE at term 61 for changeToCandidate
2019-10-22 04:20:21,033 [Thread-852] INFO  impl.RoleInfo (RoleInfo.java:updateAndGet(143)) - 601b4e43-fd2c-4737-8fdc-9e94860fc946: start LeaderElection
2019-10-22 04:20:21,046 [601b4e43-fd2c-4737-8fdc-9e94860fc946@group-B5BEB8C9A630-LeaderElection63] INFO  impl.LeaderElection (LeaderElection.java:askForVotes(178)) - 601b4e43-fd2c-4737-8fdc-9e94860fc946@group-B5BEB8C9A630-LeaderElection63: begin an election at term 62 for -1: [39efaeea-ba86-4fd8-a10a-b7015b9eb4a1:192.168.34.14:43496, 601b4e43-fd2c-4737-8fdc-9e94860fc946:192.168.34.14:37459, 0c43bc72-d834-4758-b91b-4934a5dc7f3b:192.168.34.14:33792], old=null
2019-10-22 04:20:21,049 [grpc-default-executor-0] INFO  impl.RaftServerImpl (RaftServerImpl.java:setRole(184)) - 39efaeea-ba86-4fd8-a10a-b7015b9eb4a1@group-B5BEB8C9A630: changes role from  FOLLOWER to FOLLOWER at term 62 for recognizeCandidate:601b4e43-fd2c-4737-8fdc-9e94860fc946
2019-10-22 04:20:21,050 [grpc-default-executor-0] INFO  impl.RoleInfo (RoleInfo.java:shutdownFollowerState(121)) - 39efaeea-ba86-4fd8-a10a-b7015b9eb4a1: shutdown FollowerState
2019-10-22 04:20:21,049 [grpc-default-executor-4] INFO  impl.RaftServerImpl (RaftServerImpl.java:setRole(184)) - 0c43bc72-d834-4758-b91b-4934a5dc7f3b@group-B5BEB8C9A630: changes role from  FOLLOWER to FOLLOWER at term 62 for recognizeCandidate:601b4e43-fd2c-4737-8fdc-9e94860fc946
2019-10-22 04:20:21,050 [Thread-851] INFO  impl.FollowerState (FollowerState.java:run(117)) - 39efaeea-ba86-4fd8-a10a-b7015b9eb4a1@group-B5BEB8C9A630-FollowerState was interrupted: java.lang.InterruptedException: sleep interrupted
2019-10-22 04:20:21,050 [grpc-default-executor-0] INFO  impl.RoleInfo (RoleInfo.java:updateAndGet(143)) - 39efaeea-ba86-4fd8-a10a-b7015b9eb4a1: start FollowerState
2019-10-22 04:20:21,050 [grpc-default-executor-4] INFO  impl.RoleInfo (RoleInfo.java:shutdownFollowerState(121)) - 0c43bc72-d834-4758-b91b-4934a5dc7f3b: shutdown FollowerState
2019-10-22 04:20:21,050 [grpc-default-executor-4] INFO  impl.RoleInfo (RoleInfo.java:updateAndGet(143)) - 0c43bc72-d834-4758-b91b-4934a5dc7f3b: start FollowerState
2019-10-22 04:20:21,050 [Thread-850] INFO  impl.FollowerState (FollowerState.java:run(117)) - 0c43bc72-d834-4758-b91b-4934a5dc7f3b@group-B5BEB8C9A630-FollowerState was interrupted: java.lang.InterruptedException: sleep interrupted
2019-10-22 04:20:21,064 [601b4e43-fd2c-4737-8fdc-9e94860fc946@group-B5BEB8C9A630-LeaderElection63] INFO  impl.LeaderElection (LeaderElection.java:logAndReturn(56)) - 601b4e43-fd2c-4737-8fdc-9e94860fc946@group-B5BEB8C9A630-LeaderElection63: Election REJECTED; received 2 response(s) [601b4e43-fd2c-4737-8fdc-9e94860fc946<-39efaeea-ba86-4fd8-a10a-b7015b9eb4a1#0:FAIL-t62, 601b4e43-fd2c-4737-8fdc-9e94860fc946<-0c43bc72-d834-4758-b91b-4934a5dc7f3b#0:FAIL-t62] and 0 exception(s); 601b4e43-fd2c-4737-8fdc-9e94860fc946@group-B5BEB8C9A630:t62, leader=null, voted=601b4e43-fd2c-4737-8fdc-9e94860fc946, raftlog=601b4e43-fd2c-4737-8fdc-9e94860fc946@group-B5BEB8C9A630-SegmentedRaftLog:OPENED:c-1,f-1,i0, conf=-1: [39efaeea-ba86-4fd8-a10a-b7015b9eb4a1:192.168.34.14:43496, 601b4e43-fd2c-4737-8fdc-9e94860fc946:192.168.34.14:37459, 0c43bc72-d834-4758-b91b-4934a5dc7f3b:192.168.34.14:33792], old=null
2019-10-22 04:20:21,065 [601b4e43-fd2c-4737-8fdc-9e94860fc946@group-B5BEB8C9A630-LeaderElection63] INFO  impl.RaftServerImpl (RaftServerImpl.java:setRole(184)) - 601b4e43-fd2c-4737-8fdc-9e94860fc946@group-B5BEB8C9A630: changes role from CANDIDATE to FOLLOWER at term 62 for DISCOVERED_A_NEW_TERM
2019-10-22 04:20:21,065 [601b4e43-fd2c-4737-8fdc-9e94860fc946@group-B5BEB8C9A630-LeaderElection63] INFO  impl.RoleInfo (RoleInfo.java:shutdownLeaderElection(134)) - 601b4e43-fd2c-4737-8fdc-9e94860fc946: shutdown LeaderElection
2019-10-22 04:20:21,065 [601b4e43-fd2c-4737-8fdc-9e94860fc946@group-B5BEB8C9A630-LeaderElection63] INFO  impl.RoleInfo (RoleInfo.java:updateAndGet(143)) - 601b4e43-fd2c-4737-8fdc-9e94860fc946: start FollowerState
2019-10-22 04:20:21,210 [Thread-858] INFO  impl.FollowerState (FollowerState.java:run(108)) - 601b4e43-fd2c-4737-8fdc-9e94860fc946@group-B5BEB8C9A630-FollowerState: change to CANDIDATE, lastRpcTime:145ms, electionTimeout:145ms
2019-10-22 04:20:21,210 [Thread-858] INFO  impl.RoleInfo (RoleInfo.java:shutdownFollowerState(121)) - 601b4e43-fd2c-4737-8fdc-9e94860fc946: shutdown FollowerState
2019-10-22 04:20:21,211 [Thread-858] INFO  impl.RaftServerImpl (RaftServerImpl.java:setRole(184)) - 601b4e43-fd2c-4737-8fdc-9e94860fc946@group-B5BEB8C9A630: changes role from  FOLLOWER to CANDIDATE at term 62 for changeToCandidate
2019-10-22 04:20:21,211 [Thread-858] INFO  impl.RoleInfo (RoleInfo.java:updateAndGet(143)) - 601b4e43-fd2c-4737-8fdc-9e94860fc946: start LeaderElection
2019-10-22 04:20:21,225 [601b4e43-fd2c-4737-8fdc-9e94860fc946@group-B5BEB8C9A630-LeaderElection64] INFO  impl.LeaderElection (LeaderElection.java:askForVotes(178)) - 601b4e43-fd2c-4737-8fdc-9e94860fc946@group-B5BEB8C9A630-LeaderElection64: begin an election at term 63 for -1: [39efaeea-ba86-4fd8-a10a-b7015b9eb4a1:192.168.34.14:43496, 601b4e43-fd2c-4737-8fdc-9e94860fc946:192.168.34.14:37459, 0c43bc72-d834-4758-b91b-4934a5dc7f3b:192.168.34.14:33792], old=null
2019-10-22 04:20:21,228 [grpc-default-executor-4] INFO  impl.RaftServerImpl (RaftServerImpl.java:setRole(184)) - 39efaeea-ba86-4fd8-a10a-b7015b9eb4a1@group-B5BEB8C9A630: changes role from  FOLLOWER to FOLLOWER at term 63 for recognizeCandidate:601b4e43-fd2c-4737-8fdc-9e94860fc946
2019-10-22 04:20:21,228 [grpc-default-executor-4] INFO  impl.RoleInfo (RoleInfo.java:shutdownFollowerState(121)) - 39efaeea-ba86-4fd8-a10a-b7015b9eb4a1: shutdown FollowerState
2019-10-22 04:20:21,228 [grpc-default-executor-0] INFO  impl.RaftServerImpl (RaftServerImpl.java:setRole(184)) - 0c43bc72-d834-4758-b91b-4934a5dc7f3b@group-B5BEB8C9A630: changes role from  FOLLOWER to FOLLOWER at term 63 for recognizeCandidate:601b4e43-fd2c-4737-8fdc-9e94860fc946
2019-10-22 04:20:21,228 [Thread-856] INFO  impl.FollowerState (FollowerState.java:run(117)) - 39efaeea-ba86-4fd8-a10a-b7015b9eb4a1@group-B5BEB8C9A630-FollowerState was interrupted: java.lang.InterruptedException: sleep interrupted
2019-10-22 04:20:21,228 [grpc-default-executor-4] INFO  impl.RoleInfo (RoleInfo.java:updateAndGet(143)) - 39efaeea-ba86-4fd8-a10a-b7015b9eb4a1: start FollowerState
2019-10-22 04:20:21,228 [grpc-default-executor-0] INFO  impl.RoleInfo (RoleInfo.java:shutdownFollowerState(121)) - 0c43bc72-d834-4758-b91b-4934a5dc7f3b: shutdown FollowerState
2019-10-22 04:20:21,229 [grpc-default-executor-0] INFO  impl.RoleInfo (RoleInfo.java:updateAndGet(143)) - 0c43bc72-d834-4758-b91b-4934a5dc7f3b: start FollowerState
2019-10-22 04:20:21,229 [Thread-857] INFO  impl.FollowerState (FollowerState.java:run(117)) - 0c43bc72-d834-4758-b91b-4934a5dc7f3b@group-B5BEB8C9A630-FollowerState was interrupted: java.lang.InterruptedException: sleep interrupted
2019-10-22 04:20:21,243 [601b4e43-fd2c-4737-8fdc-9e94860fc946@group-B5BEB8C9A630-LeaderElection64] INFO  impl.LeaderElection (LeaderElection.java:logAndReturn(56)) - 601b4e43-fd2c-4737-8fdc-9e94860fc946@group-B5BEB8C9A630-LeaderElection64: Election REJECTED; received 2 response(s) [601b4e43-fd2c-4737-8fdc-9e94860fc946<-39efaeea-ba86-4fd8-a10a-b7015b9eb4a1#0:FAIL-t63, 601b4e43-fd2c-4737-8fdc-9e94860fc946<-0c43bc72-d834-4758-b91b-4934a5dc7f3b#0:FAIL-t63] and 0 exception(s); 601b4e43-fd2c-4737-8fdc-9e94860fc946@group-B5BEB8C9A630:t63, leader=null, voted=601b4e43-fd2c-4737-8fdc-9e94860fc946, raftlog=601b4e43-fd2c-4737-8fdc-9e94860fc946@group-B5BEB8C9A630-SegmentedRaftLog:OPENED:c-1,f-1,i0, conf=-1: [39efaeea-ba86-4fd8-a10a-b7015b9eb4a1:192.168.34.14:43496, 601b4e43-fd2c-4737-8fdc-9e94860fc946:192.168.34.14:37459, 0c43bc72-d834-4758-b91b-4934a5dc7f3b:192.168.34.14:33792], old=null
2019-10-22 04:20:21,243 [601b4e43-fd2c-4737-8fdc-9e94860fc946@group-B5BEB8C9A630-LeaderElection64] INFO  impl.RaftServerImpl (RaftServerImpl.java:setRole(184)) - 601b4e43-fd2c-4737-8fdc-9e94860fc946@group-B5BEB8C9A630: changes role from CANDIDATE to FOLLOWER at term 63 for DISCOVERED_A_NEW_TERM
2019-10-22 04:20:21,243 [601b4e43-fd2c-4737-8fdc-9e94860fc946@group-B5BEB8C9A630-LeaderElection64] INFO  impl.RoleInfo (RoleInfo.java:shutdownLeaderElection(134)) - 601b4e43-fd2c-4737-8fdc-9e94860fc946: shutdown LeaderElection
2019-10-22 04:20:21,243 [601b4e43-fd2c-4737-8fdc-9e94860fc946@group-B5BEB8C9A630-LeaderElection64] INFO  impl.RoleInfo (RoleInfo.java:updateAndGet(143)) - 601b4e43-fd2c-4737-8fdc-9e94860fc946: start FollowerState
2019-10-22 04:20:21,403 [Thread-864] INFO  impl.FollowerState (FollowerState.java:run(108)) - 601b4e43-fd2c-4737-8fdc-9e94860fc946@group-B5BEB8C9A630-FollowerState: change to CANDIDATE, lastRpcTime:159ms, electionTimeout:159ms
2019-10-22 04:20:21,403 [Thread-864] INFO  impl.RoleInfo (RoleInfo.java:shutdownFollowerState(121)) - 601b4e43-fd2c-4737-8fdc-9e94860fc946: shutdown FollowerState
2019-10-22 04:20:21,403 [Thread-864] INFO  impl.RaftServerImpl (RaftServerImpl.java:setRole(184)) - 601b4e43-fd2c-4737-8fdc-9e94860fc946@group-B5BEB8C9A630: changes role from  FOLLOWER to CANDIDATE at term 63 for changeToCandidate
2019-10-22 04:20:21,403 [Thread-864] INFO  impl.RoleInfo (RoleInfo.java:updateAndGet(143)) - 601b4e43-fd2c-4737-8fdc-9e94860fc946: start LeaderElection
2019-10-22 04:20:21,418 [601b4e43-fd2c-4737-8fdc-9e94860fc946@group-B5BEB8C9A630-LeaderElection65] INFO  impl.LeaderElection (LeaderElection.java:askForVotes(178)) - 601b4e43-fd2c-4737-8fdc-9e94860fc946@group-B5BEB8C9A630-LeaderElection65: begin an election at term 64 for -1: [39efaeea-ba86-4fd8-a10a-b7015b9eb4a1:192.168.34.14:43496, 601b4e43-fd2c-4737-8fdc-9e94860fc946:192.168.34.14:37459, 0c43bc72-d834-4758-b91b-4934a5dc7f3b:192.168.34.14:33792], old=null
2019-10-22 04:20:21,422 [grpc-default-executor-4] INFO  impl.RaftServerImpl (RaftServerImpl.java:setRole(184)) - 39efaeea-ba86-4fd8-a10a-b7015b9eb4a1@group-B5BEB8C9A630: changes role from  FOLLOWER to FOLLOWER at term 64 for recognizeCandidate:601b4e43-fd2c-4737-8fdc-9e94860fc946
2019-10-22 04:20:21,422 [grpc-default-executor-0] INFO  impl.RaftServerImpl (RaftServerImpl.java:setRole(184)) - 0c43bc72-d834-4758-b91b-4934a5dc7f3b@group-B5BEB8C9A630: changes role from  FOLLOWER to FOLLOWER at term 64 for recognizeCandidate:601b4e43-fd2c-4737-8fdc-9e94860fc946
2019-10-22 04:20:21,422 [grpc-default-executor-4] INFO  impl.RoleInfo (RoleInfo.java:shutdownFollowerState(121)) - 39efaeea-ba86-4fd8-a10a-b7015b9eb4a1: shutdown FollowerState
2019-10-22 04:20:21,422 [grpc-default-executor-0] INFO  impl.RoleInfo (RoleInfo.java:shutdownFollowerState(121)) - 0c43bc72-d834-4758-b91b-4934a5dc7f3b: shutdown FollowerState
2019-10-22 04:20:21,423 [grpc-default-executor-4] INFO  impl.RoleInfo (RoleInfo.java:updateAndGet(143)) - 39efaeea-ba86-4fd8-a10a-b7015b9eb4a1: start FollowerState
2019-10-22 04:20:21,423 [Thread-862] INFO  impl.FollowerState (FollowerState.java:run(117)) - 39efaeea-ba86-4fd8-a10a-b7015b9eb4a1@group-B5BEB8C9A630-FollowerState was interrupted: java.lang.InterruptedException: sleep interrupted
2019-10-22 04:20:21,423 [Thread-863] INFO  impl.FollowerState (FollowerState.java:run(117)) - 0c43bc72-d834-4758-b91b-4934a5dc7f3b@group-B5BEB8C9A630-FollowerState was interrupted: java.lang.InterruptedException: sleep interrupted
2019-10-22 04:20:21,423 [grpc-default-executor-0] INFO  impl.RoleInfo (RoleInfo.java:updateAndGet(143)) - 0c43bc72-d834-4758-b91b-4934a5dc7f3b: start FollowerState
2019-10-22 04:20:21,438 [601b4e43-fd2c-4737-8fdc-9e94860fc946@group-B5BEB8C9A630-LeaderElection65] INFO  impl.LeaderElection (LeaderElection.java:logAndReturn(56)) - 601b4e43-fd2c-4737-8fdc-9e94860fc946@group-B5BEB8C9A630-LeaderElection65: Election REJECTED; received 2 response(s) [601b4e43-fd2c-4737-8fdc-9e94860fc946<-39efaeea-ba86-4fd8-a10a-b7015b9eb4a1#0:FAIL-t64, 601b4e43-fd2c-4737-8fdc-9e94860fc946<-0c43bc72-d834-4758-b91b-4934a5dc7f3b#0:FAIL-t64] and 0 exception(s); 601b4e43-fd2c-4737-8fdc-9e94860fc946@group-B5BEB8C9A630:t64, leader=null, voted=601b4e43-fd2c-4737-8fdc-9e94860fc946, raftlog=601b4e43-fd2c-4737-8fdc-9e94860fc946@group-B5BEB8C9A630-SegmentedRaftLog:OPENED:c-1,f-1,i0, conf=-1: [39efaeea-ba86-4fd8-a10a-b7015b9eb4a1:192.168.34.14:43496, 601b4e43-fd2c-4737-8fdc-9e94860fc946:192.168.34.14:37459, 0c43bc72-d834-4758-b91b-4934a5dc7f3b:192.168.34.14:33792], old=null
2019-10-22 04:20:21,438 [601b4e43-fd2c-4737-8fdc-9e94860fc946@group-B5BEB8C9A630-LeaderElection65] INFO  impl.RaftServerImpl (RaftServerImpl.java:setRole(184)) - 601b4e43-fd2c-4737-8fdc-9e94860fc946@group-B5BEB8C9A630: changes role from CANDIDATE to FOLLOWER at term 64 for DISCOVERED_A_NEW_TERM
2019-10-22 04:20:21,438 [601b4e43-fd2c-4737-8fdc-9e94860fc946@group-B5BEB8C9A630-LeaderElection65] INFO  impl.RoleInfo (RoleInfo.java:shutdownLeaderElection(134)) - 601b4e43-fd2c-4737-8fdc-9e94860fc946: shutdown LeaderElection
2019-10-22 04:20:21,438 [601b4e43-fd2c-4737-8fdc-9e94860fc946@group-B5BEB8C9A630-LeaderElection65] INFO  impl.RoleInfo (RoleInfo.java:updateAndGet(143)) - 601b4e43-fd2c-4737-8fdc-9e94860fc946: start FollowerState
2019-10-22 04:20:21,442 [Thread-872] INFO  impl.FollowerState (FollowerState.java:run(108)) - 601b4e43-fd2c-4737-8fdc-9e94860fc946@group-B5BEB8C9A630-FollowerState: change to CANDIDATE, lastRpcTime:3ms, electionTimeout:3ms
2019-10-22 04:20:21,442 [Thread-872] INFO  impl.RoleInfo (RoleInfo.java:shutdownFollowerState(121)) - 601b4e43-fd2c-4737-8fdc-9e94860fc946: shutdown FollowerState
2019-10-22 04:20:21,442 [Thread-872] INFO  impl.RaftServerImpl (RaftServerImpl.java:setRole(184)) - 601b4e43-fd2c-4737-8fdc-9e94860fc946@group-B5BEB8C9A630: changes role from  FOLLOWER to CANDIDATE at term 64 for changeToCandidate
2019-10-22 04:20:21,442 [Thread-872] INFO  impl.RoleInfo (RoleInfo.java:updateAndGet(143)) - 601b4e43-fd2c-4737-8fdc-9e94860fc946: start LeaderElection
2019-10-22 04:20:21,450 [601b4e43-fd2c-4737-8fdc-9e94860fc946@group-B5BEB8C9A630-LeaderElection66] INFO  impl.LeaderElection (LeaderElection.java:askForVotes(178)) - 601b4e43-fd2c-4737-8fdc-9e94860fc946@group-B5BEB8C9A630-LeaderElection66: begin an election at term 65 for -1: [39efaeea-ba86-4fd8-a10a-b7015b9eb4a1:192.168.34.14:43496, 601b4e43-fd2c-4737-8fdc-9e94860fc946:192.168.34.14:37459, 0c43bc72-d834-4758-b91b-4934a5dc7f3b:192.168.34.14:33792], old=null
2019-10-22 04:20:21,452 [grpc-default-executor-4] INFO  impl.RaftServerImpl (RaftServerImpl.java:setRole(184)) - 39efaeea-ba86-4fd8-a10a-b7015b9eb4a1@group-B5BEB8C9A630: changes role from  FOLLOWER to FOLLOWER at term 65 for recognizeCandidate:601b4e43-fd2c-4737-8fdc-9e94860fc946
2019-10-22 04:20:21,452 [grpc-default-executor-4] INFO  impl.RoleInfo (RoleInfo.java:shutdownFollowerState(121)) - 39efaeea-ba86-4fd8-a10a-b7015b9eb4a1: shutdown FollowerState
2019-10-22 04:20:21,452 [grpc-default-executor-0] INFO  impl.RaftServerImpl (RaftServerImpl.java:setRole(184)) - 0c43bc72-d834-4758-b91b-4934a5dc7f3b@group-B5BEB8C9A630: changes role from  FOLLOWER to FOLLOWER at term 65 for recognizeCandidate:601b4e43-fd2c-4737-8fdc-9e94860fc946
2019-10-22 04:20:21,452 [Thread-870] INFO  impl.FollowerState (FollowerState.java:run(117)) - 39efaeea-ba86-4fd8-a10a-b7015b9eb4a1@group-B5BEB8C9A630-FollowerState was interrupted: java.lang.InterruptedException: sleep interrupted
2019-10-22 04:20:21,452 [grpc-default-executor-0] INFO  impl.RoleInfo (RoleInfo.java:shutdownFollowerState(121)) - 0c43bc72-d834-4758-b91b-4934a5dc7f3b: shutdown FollowerState
2019-10-22 04:20:21,452 [grpc-default-executor-4] INFO  impl.RoleInfo (RoleInfo.java:updateAndGet(143)) - 39efaeea-ba86-4fd8-a10a-b7015b9eb4a1: start FollowerState
2019-10-22 04:20:21,453 [Thread-871] INFO  impl.FollowerState (FollowerState.java:run(117)) - 0c43bc72-d834-4758-b91b-4934a5dc7f3b@group-B5BEB8C9A630-FollowerState was interrupted: java.lang.InterruptedException: sleep interrupted
2019-10-22 04:20:21,453 [grpc-default-executor-0] INFO  impl.RoleInfo (RoleInfo.java:updateAndGet(143)) - 0c43bc72-d834-4758-b91b-4934a5dc7f3b: start FollowerState
2019-10-22 04:20:21,461 [601b4e43-fd2c-4737-8fdc-9e94860fc946@group-B5BEB8C9A630-LeaderElection66] INFO  impl.LeaderElection (LeaderElection.java:logAndReturn(56)) - 601b4e43-fd2c-4737-8fdc-9e94860fc946@group-B5BEB8C9A630-LeaderElection66: Election REJECTED; received 2 response(s) [601b4e43-fd2c-4737-8fdc-9e94860fc946<-39efaeea-ba86-4fd8-a10a-b7015b9eb4a1#0:FAIL-t65, 601b4e43-fd2c-4737-8fdc-9e94860fc946<-0c43bc72-d834-4758-b91b-4934a5dc7f3b#0:FAIL-t65] and 0 exception(s); 601b4e43-fd2c-4737-8fdc-9e94860fc946@group-B5BEB8C9A630:t65, leader=null, voted=601b4e43-fd2c-4737-8fdc-9e94860fc946, raftlog=601b4e43-fd2c-4737-8fdc-9e94860fc946@group-B5BEB8C9A630-SegmentedRaftLog:OPENED:c-1,f-1,i0, conf=-1: [39efaeea-ba86-4fd8-a10a-b7015b9eb4a1:192.168.34.14:43496, 601b4e43-fd2c-4737-8fdc-9e94860fc946:192.168.34.14:37459, 0c43bc72-d834-4758-b91b-4934a5dc7f3b:192.168.34.14:33792], old=null
2019-10-22 04:20:21,461 [601b4e43-fd2c-4737-8fdc-9e94860fc946@group-B5BEB8C9A630-LeaderElection66] INFO  impl.RaftServerImpl (RaftServerImpl.java:setRole(184)) - 601b4e43-fd2c-4737-8fdc-9e94860fc946@group-B5BEB8C9A630: changes role from CANDIDATE to FOLLOWER at term 65 for DISCOVERED_A_NEW_TERM
2019-10-22 04:20:21,461 [601b4e43-fd2c-4737-8fdc-9e94860fc946@group-B5BEB8C9A630-LeaderElection66] INFO  impl.RoleInfo (RoleInfo.java:shutdownLeaderElection(134)) - 601b4e43-fd2c-4737-8fdc-9e94860fc946: shutdown LeaderElection
2019-10-22 04:20:21,462 [601b4e43-fd2c-4737-8fdc-9e94860fc946@group-B5BEB8C9A630-LeaderElection66] INFO  impl.RoleInfo (RoleInfo.java:updateAndGet(143)) - 601b4e43-fd2c-4737-8fdc-9e94860fc946: start FollowerState
2019-10-22 04:20:21,505 [Thread-878] INFO  impl.FollowerState (FollowerState.java:run(108)) - 601b4e43-fd2c-4737-8fdc-9e94860fc946@group-B5BEB8C9A630-FollowerState: change to CANDIDATE, lastRpcTime:43ms, electionTimeout:43ms
2019-10-22 04:20:21,505 [Thread-878] INFO  impl.RoleInfo (RoleInfo.java:shutdownFollowerState(121)) - 601b4e43-fd2c-4737-8fdc-9e94860fc946: shutdown FollowerState
2019-10-22 04:20:21,505 [Thread-878] INFO  impl.RaftServerImpl (RaftServerImpl.java:setRole(184)) - 601b4e43-fd2c-4737-8fdc-9e94860fc946@group-B5BEB8C9A630: changes role from  FOLLOWER to CANDIDATE at term 65 for changeToCandidate
2019-10-22 04:20:21,506 [Thread-878] INFO  impl.RoleInfo (RoleInfo.java:updateAndGet(143)) - 601b4e43-fd2c-4737-8fdc-9e94860fc946: start LeaderElection
2019-10-22 04:20:21,520 [601b4e43-fd2c-4737-8fdc-9e94860fc946@group-B5BEB8C9A630-LeaderElection67] INFO  impl.LeaderElection (LeaderElection.java:askForVotes(178)) - 601b4e43-fd2c-4737-8fdc-9e94860fc946@group-B5BEB8C9A630-LeaderElection67: begin an election at term 66 for -1: [39efaeea-ba86-4fd8-a10a-b7015b9eb4a1:192.168.34.14:43496, 601b4e43-fd2c-4737-8fdc-9e94860fc946:192.168.34.14:37459, 0c43bc72-d834-4758-b91b-4934a5dc7f3b:192.168.34.14:33792], old=null
2019-10-22 04:20:21,522 [grpc-default-executor-0] INFO  impl.RaftServerImpl (RaftServerImpl.java:setRole(184)) - 39efaeea-ba86-4fd8-a10a-b7015b9eb4a1@group-B5BEB8C9A630: changes role from  FOLLOWER to FOLLOWER at term 66 for recognizeCandidate:601b4e43-fd2c-4737-8fdc-9e94860fc946
2019-10-22 04:20:21,522 [grpc-default-executor-0] INFO  impl.RoleInfo (RoleInfo.java:shutdownFollowerState(121)) - 39efaeea-ba86-4fd8-a10a-b7015b9eb4a1: shutdown FollowerState
2019-10-22 04:20:21,522 [grpc-default-executor-4] INFO  impl.RaftServerImpl (RaftServerImpl.java:setRole(184)) - 0c43bc72-d834-4758-b91b-4934a5dc7f3b@group-B5BEB8C9A630: changes role from  FOLLOWER to FOLLOWER at term 66 for recognizeCandidate:601b4e43-fd2c-4737-8fdc-9e94860fc946
2019-10-22 04:20:21,522 [Thread-876] INFO  impl.FollowerState (FollowerState.java:run(117)) - 39efaeea-ba86-4fd8-a10a-b7015b9eb4a1@group-B5BEB8C9A630-FollowerState was interrupted: java.lang.InterruptedException: sleep interrupted
2019-10-22 04:20:21,522 [grpc-default-executor-0] INFO  impl.RoleInfo (RoleInfo.java:updateAndGet(143)) - 39efaeea-ba86-4fd8-a10a-b7015b9eb4a1: start FollowerState
2019-10-22 04:20:21,522 [grpc-default-executor-4] INFO  impl.RoleInfo (RoleInfo.java:shutdownFollowerState(121)) - 0c43bc72-d834-4758-b91b-4934a5dc7f3b: shutdown FollowerState
2019-10-22 04:20:21,523 [grpc-default-executor-4] INFO  impl.RoleInfo (RoleInfo.java:updateAndGet(143)) - 0c43bc72-d834-4758-b91b-4934a5dc7f3b: start FollowerState
2019-10-22 04:20:21,523 [Thread-877] INFO  impl.FollowerState (FollowerState.java:run(117)) - 0c43bc72-d834-4758-b91b-4934a5dc7f3b@group-B5BEB8C9A630-FollowerState was interrupted: java.lang.InterruptedException: sleep interrupted
2019-10-22 04:20:21,537 [601b4e43-fd2c-4737-8fdc-9e94860fc946@group-B5BEB8C9A630-LeaderElection67] INFO  impl.LeaderElection (LeaderElection.java:logAndReturn(56)) - 601b4e43-fd2c-4737-8fdc-9e94860fc946@group-B5BEB8C9A630-LeaderElection67: Election REJECTED; received 2 response(s) [601b4e43-fd2c-4737-8fdc-9e94860fc946<-39efaeea-ba86-4fd8-a10a-b7015b9eb4a1#0:FAIL-t66, 601b4e43-fd2c-4737-8fdc-9e94860fc946<-0c43bc72-d834-4758-b91b-4934a5dc7f3b#0:FAIL-t66] and 0 exception(s); 601b4e43-fd2c-4737-8fdc-9e94860fc946@group-B5BEB8C9A630:t66, leader=null, voted=601b4e43-fd2c-4737-8fdc-9e94860fc946, raftlog=601b4e43-fd2c-4737-8fdc-9e94860fc946@group-B5BEB8C9A630-SegmentedRaftLog:OPENED:c-1,f-1,i0, conf=-1: [39efaeea-ba86-4fd8-a10a-b7015b9eb4a1:192.168.34.14:43496, 601b4e43-fd2c-4737-8fdc-9e94860fc946:192.168.34.14:37459, 0c43bc72-d834-4758-b91b-4934a5dc7f3b:192.168.34.14:33792], old=null
2019-10-22 04:20:21,537 [601b4e43-fd2c-4737-8fdc-9e94860fc946@group-B5BEB8C9A630-LeaderElection67] INFO  impl.RaftServerImpl (RaftServerImpl.java:setRole(184)) - 601b4e43-fd2c-4737-8fdc-9e94860fc946@group-B5BEB8C9A630: changes role from CANDIDATE to FOLLOWER at term 66 for DISCOVERED_A_NEW_TERM
2019-10-22 04:20:21,538 [601b4e43-fd2c-4737-8fdc-9e94860fc946@group-B5BEB8C9A630-LeaderElection67] INFO  impl.RoleInfo (RoleInfo.java:shutdownLeaderElection(134)) - 601b4e43-fd2c-4737-8fdc-9e94860fc946: shutdown LeaderElection
2019-10-22 04:20:21,538 [601b4e43-fd2c-4737-8fdc-9e94860fc946@group-B5BEB8C9A630-LeaderElection67] INFO  impl.RoleInfo (RoleInfo.java:updateAndGet(143)) - 601b4e43-fd2c-4737-8fdc-9e94860fc946: start FollowerState
2019-10-22 04:20:21,675 [Thread-884] INFO  impl.FollowerState (FollowerState.java:run(108)) - 601b4e43-fd2c-4737-8fdc-9e94860fc946@group-B5BEB8C9A630-FollowerState: change to CANDIDATE, lastRpcTime:137ms, electionTimeout:137ms
2019-10-22 04:20:21,675 [Thread-884] INFO  impl.RoleInfo (RoleInfo.java:shutdownFollowerState(121)) - 601b4e43-fd2c-4737-8fdc-9e94860fc946: shutdown FollowerState
2019-10-22 04:20:21,676 [Thread-884] INFO  impl.RaftServerImpl (RaftServerImpl.java:setRole(184)) - 601b4e43-fd2c-4737-8fdc-9e94860fc946@group-B5BEB8C9A630: changes role from  FOLLOWER to CANDIDATE at term 66 for changeToCandidate
2019-10-22 04:20:21,676 [Thread-884] INFO  impl.RoleInfo (RoleInfo.java:updateAndGet(143)) - 601b4e43-fd2c-4737-8fdc-9e94860fc946: start LeaderElection
2019-10-22 04:20:21,690 [601b4e43-fd2c-4737-8fdc-9e94860fc946@group-B5BEB8C9A630-LeaderElection68] INFO  impl.LeaderElection (LeaderElection.java:askForVotes(178)) - 601b4e43-fd2c-4737-8fdc-9e94860fc946@group-B5BEB8C9A630-LeaderElection68: begin an election at term 67 for -1: [39efaeea-ba86-4fd8-a10a-b7015b9eb4a1:192.168.34.14:43496, 601b4e43-fd2c-4737-8fdc-9e94860fc946:192.168.34.14:37459, 0c43bc72-d834-4758-b91b-4934a5dc7f3b:192.168.34.14:33792], old=null
2019-10-22 04:20:21,693 [grpc-default-executor-4] INFO  impl.RaftServerImpl (RaftServerImpl.java:setRole(184)) - 39efaeea-ba86-4fd8-a10a-b7015b9eb4a1@group-B5BEB8C9A630: changes role from  FOLLOWER to FOLLOWER at term 67 for recognizeCandidate:601b4e43-fd2c-4737-8fdc-9e94860fc946
2019-10-22 04:20:21,693 [grpc-default-executor-0] INFO  impl.RaftServerImpl (RaftServerImpl.java:setRole(184)) - 0c43bc72-d834-4758-b91b-4934a5dc7f3b@group-B5BEB8C9A630: changes role from  FOLLOWER to FOLLOWER at term 67 for recognizeCandidate:601b4e43-fd2c-4737-8fdc-9e94860fc946
2019-10-22 04:20:21,694 [grpc-default-executor-4] INFO  impl.RoleInfo (RoleInfo.java:shutdownFollowerState(121)) - 39efaeea-ba86-4fd8-a10a-b7015b9eb4a1: shutdown FollowerState
2019-10-22 04:20:21,694 [grpc-default-executor-0] INFO  impl.RoleInfo (RoleInfo.java:shutdownFollowerState(121)) - 0c43bc72-d834-4758-b91b-4934a5dc7f3b: shutdown FollowerState
2019-10-22 04:20:21,694 [grpc-default-executor-4] INFO  impl.RoleInfo (RoleInfo.java:updateAndGet(143)) - 39efaeea-ba86-4fd8-a10a-b7015b9eb4a1: start FollowerState
2019-10-22 04:20:21,694 [Thread-882] INFO  impl.FollowerState (FollowerState.java:run(117)) - 39efaeea-ba86-4fd8-a10a-b7015b9eb4a1@group-B5BEB8C9A630-FollowerState was interrupted: java.lang.InterruptedException: sleep interrupted
2019-10-22 04:20:21,694 [grpc-default-executor-0] INFO  impl.RoleInfo (RoleInfo.java:updateAndGet(143)) - 0c43bc72-d834-4758-b91b-4934a5dc7f3b: start FollowerState
2019-10-22 04:20:21,694 [Thread-883] INFO  impl.FollowerState (FollowerState.java:run(117)) - 0c43bc72-d834-4758-b91b-4934a5dc7f3b@group-B5BEB8C9A630-FollowerState was interrupted: java.lang.InterruptedException: sleep interrupted
2019-10-22 04:20:21,706 [601b4e43-fd2c-4737-8fdc-9e94860fc946@group-B5BEB8C9A630-LeaderElection68] INFO  impl.LeaderElection (LeaderElection.java:logAndReturn(56)) - 601b4e43-fd2c-4737-8fdc-9e94860fc946@group-B5BEB8C9A630-LeaderElection68: Election REJECTED; received 2 response(s) [601b4e43-fd2c-4737-8fdc-9e94860fc946<-39efaeea-ba86-4fd8-a10a-b7015b9eb4a1#0:FAIL-t67, 601b4e43-fd2c-4737-8fdc-9e94860fc946<-0c43bc72-d834-4758-b91b-4934a5dc7f3b#0:FAIL-t67] and 0 exception(s); 601b4e43-fd2c-4737-8fdc-9e94860fc946@group-B5BEB8C9A630:t67, leader=null, voted=601b4e43-fd2c-4737-8fdc-9e94860fc946, raftlog=601b4e43-fd2c-4737-8fdc-9e94860fc946@group-B5BEB8C9A630-SegmentedRaftLog:OPENED:c-1,f-1,i0, conf=-1: [39efaeea-ba86-4fd8-a10a-b7015b9eb4a1:192.168.34.14:43496, 601b4e43-fd2c-4737-8fdc-9e94860fc946:192.168.34.14:37459, 0c43bc72-d834-4758-b91b-4934a5dc7f3b:192.168.34.14:33792], old=null
2019-10-22 04:20:21,706 [601b4e43-fd2c-4737-8fdc-9e94860fc946@group-B5BEB8C9A630-LeaderElection68] INFO  impl.RaftServerImpl (RaftServerImpl.java:setRole(184)) - 601b4e43-fd2c-4737-8fdc-9e94860fc946@group-B5BEB8C9A630: changes role from CANDIDATE to FOLLOWER at term 67 for DISCOVERED_A_NEW_TERM
2019-10-22 04:20:21,706 [601b4e43-fd2c-4737-8fdc-9e94860fc946@group-B5BEB8C9A630-LeaderElection68] INFO  impl.RoleInfo (RoleInfo.java:shutdownLeaderElection(134)) - 601b4e43-fd2c-4737-8fdc-9e94860fc946: shutdown LeaderElection
2019-10-22 04:20:21,706 [601b4e43-fd2c-4737-8fdc-9e94860fc946@group-B5BEB8C9A630-LeaderElection68] INFO  impl.RoleInfo (RoleInfo.java:updateAndGet(143)) - 601b4e43-fd2c-4737-8fdc-9e94860fc946: start FollowerState
2019-10-22 04:20:21,724 [Thread-890] INFO  impl.FollowerState (FollowerState.java:run(108)) - 601b4e43-fd2c-4737-8fdc-9e94860fc946@group-B5BEB8C9A630-FollowerState: change to CANDIDATE, lastRpcTime:17ms, electionTimeout:17ms
2019-10-22 04:20:21,724 [Thread-890] INFO  impl.RoleInfo (RoleInfo.java:shutdownFollowerState(121)) - 601b4e43-fd2c-4737-8fdc-9e94860fc946: shutdown FollowerState
2019-10-22 04:20:21,724 [Thread-890] INFO  impl.RaftServerImpl (RaftServerImpl.java:setRole(184)) - 601b4e43-fd2c-4737-8fdc-9e94860fc946@group-B5BEB8C9A630: changes role from  FOLLOWER to CANDIDATE at term 67 for changeToCandidate
2019-10-22 04:20:21,724 [Thread-890] INFO  impl.RoleInfo (RoleInfo.java:updateAndGet(143)) - 601b4e43-fd2c-4737-8fdc-9e94860fc946: start LeaderElection
2019-10-22 04:20:21,738 [601b4e43-fd2c-4737-8fdc-9e94860fc946@group-B5BEB8C9A630-LeaderElection69] INFO  impl.LeaderElection (LeaderElection.java:askForVotes(178)) - 601b4e43-fd2c-4737-8fdc-9e94860fc946@group-B5BEB8C9A630-LeaderElection69: begin an election at term 68 for -1: [39efaeea-ba86-4fd8-a10a-b7015b9eb4a1:192.168.34.14:43496, 601b4e43-fd2c-4737-8fdc-9e94860fc946:192.168.34.14:37459, 0c43bc72-d834-4758-b91b-4934a5dc7f3b:192.168.34.14:33792], old=null
2019-10-22 04:20:21,740 [grpc-default-executor-4] INFO  impl.RaftServerImpl (RaftServerImpl.java:setRole(184)) - 39efaeea-ba86-4fd8-a10a-b7015b9eb4a1@group-B5BEB8C9A630: changes role from  FOLLOWER to FOLLOWER at term 68 for recognizeCandidate:601b4e43-fd2c-4737-8fdc-9e94860fc946
2019-10-22 04:20:21,740 [grpc-default-executor-0] INFO  impl.RaftServerImpl (RaftServerImpl.java:setRole(184)) - 0c43bc72-d834-4758-b91b-4934a5dc7f3b@group-B5BEB8C9A630: changes role from  FOLLOWER to FOLLOWER at term 68 for recognizeCandidate:601b4e43-fd2c-4737-8fdc-9e94860fc946
2019-10-22 04:20:21,740 [grpc-default-executor-4] INFO  impl.RoleInfo (RoleInfo.java:shutdownFollowerState(121)) - 39efaeea-ba86-4fd8-a10a-b7015b9eb4a1: shutdown FollowerState
2019-10-22 04:20:21,741 [grpc-default-executor-0] INFO  impl.RoleInfo (RoleInfo.java:shutdownFollowerState(121)) - 0c43bc72-d834-4758-b91b-4934a5dc7f3b: shutdown FollowerState
2019-10-22 04:20:21,741 [Thread-888] INFO  impl.FollowerState (FollowerState.java:run(117)) - 39efaeea-ba86-4fd8-a10a-b7015b9eb4a1@group-B5BEB8C9A630-FollowerState was interrupted: java.lang.InterruptedException: sleep interrupted
2019-10-22 04:20:21,741 [grpc-default-executor-4] INFO  impl.RoleInfo (RoleInfo.java:updateAndGet(143)) - 39efaeea-ba86-4fd8-a10a-b7015b9eb4a1: start FollowerState
2019-10-22 04:20:21,741 [grpc-default-executor-0] INFO  impl.RoleInfo (RoleInfo.java:updateAndGet(143)) - 0c43bc72-d834-4758-b91b-4934a5dc7f3b: start FollowerState
2019-10-22 04:20:21,741 [Thread-889] INFO  impl.FollowerState (FollowerState.java:run(117)) - 0c43bc72-d834-4758-b91b-4934a5dc7f3b@group-B5BEB8C9A630-FollowerState was interrupted: java.lang.InterruptedException: sleep interrupted
2019-10-22 04:20:21,756 [601b4e43-fd2c-4737-8fdc-9e94860fc946@group-B5BEB8C9A630-LeaderElection69] INFO  impl.LeaderElection (LeaderElection.java:logAndReturn(56)) - 601b4e43-fd2c-4737-8fdc-9e94860fc946@group-B5BEB8C9A630-LeaderElection69: Election REJECTED; received 2 response(s) [601b4e43-fd2c-4737-8fdc-9e94860fc946<-39efaeea-ba86-4fd8-a10a-b7015b9eb4a1#0:FAIL-t68, 601b4e43-fd2c-4737-8fdc-9e94860fc946<-0c43bc72-d834-4758-b91b-4934a5dc7f3b#0:FAIL-t68] and 0 exception(s); 601b4e43-fd2c-4737-8fdc-9e94860fc946@group-B5BEB8C9A630:t68, leader=null, voted=601b4e43-fd2c-4737-8fdc-9e94860fc946, raftlog=601b4e43-fd2c-4737-8fdc-9e94860fc946@group-B5BEB8C9A630-SegmentedRaftLog:OPENED:c-1,f-1,i0, conf=-1: [39efaeea-ba86-4fd8-a10a-b7015b9eb4a1:192.168.34.14:43496, 601b4e43-fd2c-4737-8fdc-9e94860fc946:192.168.34.14:37459, 0c43bc72-d834-4758-b91b-4934a5dc7f3b:192.168.34.14:33792], old=null
2019-10-22 04:20:21,757 [601b4e43-fd2c-4737-8fdc-9e94860fc946@group-B5BEB8C9A630-LeaderElection69] INFO  impl.RaftServerImpl (RaftServerImpl.java:setRole(184)) - 601b4e43-fd2c-4737-8fdc-9e94860fc946@group-B5BEB8C9A630: changes role from CANDIDATE to FOLLOWER at term 68 for DISCOVERED_A_NEW_TERM
2019-10-22 04:20:21,757 [601b4e43-fd2c-4737-8fdc-9e94860fc946@group-B5BEB8C9A630-LeaderElection69] INFO  impl.RoleInfo (RoleInfo.java:shutdownLeaderElection(134)) - 601b4e43-fd2c-4737-8fdc-9e94860fc946: shutdown LeaderElection
2019-10-22 04:20:21,757 [601b4e43-fd2c-4737-8fdc-9e94860fc946@group-B5BEB8C9A630-LeaderElection69] INFO  impl.RoleInfo (RoleInfo.java:updateAndGet(143)) - 601b4e43-fd2c-4737-8fdc-9e94860fc946: start FollowerState
]]></system-out>
    <system-err><![CDATA[ERROR StatusLogger No Log4j 2 configuration file found. Using default configuration (logging only errors to the console), or user programmatically provided configurations. Set system property 'log4j2.debug' to show Log4j 2 internal initialization logging. See https://logging.apache.org/log4j/2.x/manual/configuration.html for instructions on how to configure Log4j 2
]]></system-err>
  </testcase>
</testsuite>