<?xml version="1.0" encoding="UTF-8"?>
<testsuite xmlns:xsi="http://www.w3.org/2001/XMLSchema-instance" xsi:noNamespaceSchemaLocation="https://maven.apache.org/surefire/maven-surefire-plugin/xsd/surefire-test-report.xsd" name="org.apache.hadoop.ozone.client.rpc.TestMultiBlockWritesWithDnFailures" time="79.489" tests="2" errors="0" skipped="0" failures="1">
  <properties>
    <property name="awt.toolkit" value="sun.awt.X11.XToolkit"/>
    <property name="file.encoding.pkg" value="sun.io"/>
    <property name="java.specification.version" value="1.8"/>
    <property name="sun.cpu.isalist" value=""/>
    <property name="sun.jnu.encoding" value="ANSI_X3.4-1968"/>
    <property name="java.class.path" value="/workdir/hadoop-ozone/integration-test/target/test-classes:/workdir/hadoop-ozone/integration-test/target/classes:/home/user/.m2/repository/org/apache/hadoop/hadoop-ozone-common/0.5.0-SNAPSHOT/hadoop-ozone-common-0.5.0-SNAPSHOT.jar:/home/user/.m2/repository/org/apache/commons/commons-compress/1.4.1/commons-compress-1.4.1.jar:/home/user/.m2/repository/org/tukaani/xz/1.0/xz-1.0.jar:/home/user/.m2/repository/org/apache/hadoop/hadoop-common/3.2.0/hadoop-common-3.2.0.jar:/home/user/.m2/repository/org/apache/hadoop/hadoop-hdfs/3.2.0/hadoop-hdfs-3.2.0.jar:/home/user/.m2/repository/org/apache/hadoop/hadoop-hdfs-client/3.2.0/hadoop-hdfs-client-3.2.0.jar:/home/user/.m2/repository/com/fasterxml/jackson/core/jackson-annotations/2.9.9/jackson-annotations-2.9.9.jar:/home/user/.m2/repository/org/apache/hadoop/hadoop-hdds-common/0.5.0-SNAPSHOT/hadoop-hdds-common-0.5.0-SNAPSHOT.jar:/home/user/.m2/repository/javax/annotation/javax.annotation-api/1.2/javax.annotation-api-1.2.jar:/home/user/.m2/repository/org/apache/ratis/ratis-server/0.5.0-3f446aa-SNAPSHOT/ratis-server-0.5.0-3f446aa-SNAPSHOT.jar:/home/user/.m2/repository/org/apache/ratis/ratis-thirdparty-misc/0.2.0/ratis-thirdparty-misc-0.2.0.jar:/home/user/.m2/repository/org/apache/ratis/ratis-proto/0.5.0-3f446aa-SNAPSHOT/ratis-proto-0.5.0-3f446aa-SNAPSHOT.jar:/home/user/.m2/repository/org/apache/ratis/ratis-common/0.5.0-3f446aa-SNAPSHOT/ratis-common-0.5.0-3f446aa-SNAPSHOT.jar:/home/user/.m2/repository/org/apache/ratis/ratis-client/0.5.0-3f446aa-SNAPSHOT/ratis-client-0.5.0-3f446aa-SNAPSHOT.jar:/home/user/.m2/repository/org/apache/ratis/ratis-metrics/0.5.0-3f446aa-SNAPSHOT/ratis-metrics-0.5.0-3f446aa-SNAPSHOT.jar:/home/user/.m2/repository/com/github/joshelser/dropwizard-metrics-hadoop-metrics2-reporter/0.1.2/dropwizard-metrics-hadoop-metrics2-reporter-0.1.2.jar:/home/user/.m2/repository/io/dropwizard/metrics/metrics-jvm/3.2.5/metrics-jvm-3.2.5.jar:/home/user/.m2/repository/io/dropwizard/metrics/metrics-ganglia/3.2.5/metrics-ganglia-3.2.5.jar:/home/user/.m2/repository/info/ganglia/gmetric4j/gmetric4j/1.0.7/gmetric4j-1.0.7.jar:/home/user/.m2/repository/org/apache/ratis/ratis-netty/0.5.0-3f446aa-SNAPSHOT/ratis-netty-0.5.0-3f446aa-SNAPSHOT.jar:/home/user/.m2/repository/org/apache/ratis/ratis-grpc/0.5.0-3f446aa-SNAPSHOT/ratis-grpc-0.5.0-3f446aa-SNAPSHOT.jar:/home/user/.m2/repository/org/rocksdb/rocksdbjni/6.0.1/rocksdbjni-6.0.1.jar:/home/user/.m2/repository/org/apache/logging/log4j/log4j-api/2.11.0/log4j-api-2.11.0.jar:/home/user/.m2/repository/org/apache/logging/log4j/log4j-core/2.11.0/log4j-core-2.11.0.jar:/home/user/.m2/repository/com/lmax/disruptor/3.4.2/disruptor-3.4.2.jar:/home/user/.m2/repository/org/apache/commons/commons-pool2/2.6.0/commons-pool2-2.6.0.jar:/home/user/.m2/repository/org/bouncycastle/bcpkix-jdk15on/1.60/bcpkix-jdk15on-1.60.jar:/home/user/.m2/repository/commons-validator/commons-validator/1.6/commons-validator-1.6.jar:/home/user/.m2/repository/commons-digester/commons-digester/1.8.1/commons-digester-1.8.1.jar:/home/user/.m2/repository/io/jaegertracing/jaeger-client/0.34.0/jaeger-client-0.34.0.jar:/home/user/.m2/repository/io/jaegertracing/jaeger-thrift/0.34.0/jaeger-thrift-0.34.0.jar:/home/user/.m2/repository/org/apache/thrift/libthrift/0.12.0/libthrift-0.12.0.jar:/home/user/.m2/repository/com/squareup/okhttp3/okhttp/3.9.0/okhttp-3.9.0.jar:/home/user/.m2/repository/com/squareup/okio/okio/1.13.0/okio-1.13.0.jar:/home/user/.m2/repository/io/jaegertracing/jaeger-core/0.34.0/jaeger-core-0.34.0.jar:/home/user/.m2/repository/io/jaegertracing/jaeger-tracerresolver/0.34.0/jaeger-tracerresolver-0.34.0.jar:/home/user/.m2/repository/io/opentracing/contrib/opentracing-tracerresolver/0.1.5/opentracing-tracerresolver-0.1.5.jar:/home/user/.m2/repository/io/opentracing/opentracing-util/0.31.0/opentracing-util-0.31.0.jar:/home/user/.m2/repository/io/opentracing/opentracing-api/0.31.0/opentracing-api-0.31.0.jar:/home/user/.m2/repository/io/opentracing/opentracing-noop/0.31.0/opentracing-noop-0.31.0.jar:/home/user/.m2/repository/org/apache/hadoop/hadoop-hdds-server-framework/0.5.0-SNAPSHOT/hadoop-hdds-server-framework-0.5.0-SNAPSHOT.jar:/home/user/.m2/repository/org/apache/hadoop/hadoop-hdds-container-service/0.5.0-SNAPSHOT/hadoop-hdds-container-service-0.5.0-SNAPSHOT.jar:/home/user/.m2/repository/org/apache/hadoop/hadoop-hdds-client/0.5.0-SNAPSHOT/hadoop-hdds-client-0.5.0-SNAPSHOT.jar:/home/user/.m2/repository/org/apache/hadoop/hadoop-hdds-tools/0.5.0-SNAPSHOT/hadoop-hdds-tools-0.5.0-SNAPSHOT.jar:/home/user/.m2/repository/org/apache/hadoop/hadoop-hdds-server-scm/0.5.0-SNAPSHOT/hadoop-hdds-server-scm-0.5.0-SNAPSHOT.jar:/home/user/.m2/repository/org/apache/hadoop/hadoop-hdds-docs/0.5.0-SNAPSHOT/hadoop-hdds-docs-0.5.0-SNAPSHOT.jar:/home/user/.m2/repository/io/dropwizard/metrics/metrics-core/3.2.4/metrics-core-3.2.4.jar:/home/user/.m2/repository/org/hamcrest/hamcrest-all/1.3/hamcrest-all-1.3.jar:/home/user/.m2/repository/org/bouncycastle/bcprov-jdk15on/1.60/bcprov-jdk15on-1.60.jar:/home/user/.m2/repository/info/picocli/picocli/3.9.6/picocli-3.9.6.jar:/home/user/.m2/repository/com/google/protobuf/protobuf-java/2.5.0/protobuf-java-2.5.0.jar:/home/user/.m2/repository/com/google/guava/guava/11.0.2/guava-11.0.2.jar:/home/user/.m2/repository/org/apache/hadoop/hadoop-ozone-ozone-manager/0.5.0-SNAPSHOT/hadoop-ozone-ozone-manager-0.5.0-SNAPSHOT.jar:/home/user/.m2/repository/org/apache/hadoop/hadoop-minikdc/3.2.0/hadoop-minikdc-3.2.0.jar:/home/user/.m2/repository/commons-io/commons-io/2.5/commons-io-2.5.jar:/home/user/.m2/repository/org/apache/kerby/kerb-simplekdc/1.0.1/kerb-simplekdc-1.0.1.jar:/home/user/.m2/repository/org/apache/kerby/kerb-client/1.0.1/kerb-client-1.0.1.jar:/home/user/.m2/repository/org/apache/kerby/kerby-config/1.0.1/kerby-config-1.0.1.jar:/home/user/.m2/repository/org/apache/kerby/kerb-core/1.0.1/kerb-core-1.0.1.jar:/home/user/.m2/repository/org/apache/kerby/kerby-pkix/1.0.1/kerby-pkix-1.0.1.jar:/home/user/.m2/repository/org/apache/kerby/kerby-asn1/1.0.1/kerby-asn1-1.0.1.jar:/home/user/.m2/repository/org/apache/kerby/kerby-util/1.0.1/kerby-util-1.0.1.jar:/home/user/.m2/repository/org/apache/kerby/kerb-common/1.0.1/kerb-common-1.0.1.jar:/home/user/.m2/repository/org/apache/kerby/kerb-crypto/1.0.1/kerb-crypto-1.0.1.jar:/home/user/.m2/repository/org/apache/kerby/kerb-util/1.0.1/kerb-util-1.0.1.jar:/home/user/.m2/repository/org/apache/kerby/token-provider/1.0.1/token-provider-1.0.1.jar:/home/user/.m2/repository/org/apache/kerby/kerb-admin/1.0.1/kerb-admin-1.0.1.jar:/home/user/.m2/repository/org/apache/kerby/kerb-server/1.0.1/kerb-server-1.0.1.jar:/home/user/.m2/repository/org/apache/kerby/kerb-identity/1.0.1/kerb-identity-1.0.1.jar:/home/user/.m2/repository/org/apache/kerby/kerby-xdr/1.0.1/kerby-xdr-1.0.1.jar:/home/user/.m2/repository/org/slf4j/slf4j-log4j12/1.7.25/slf4j-log4j12-1.7.25.jar:/home/user/.m2/repository/org/apache/hadoop/hadoop-ozone-s3gateway/0.5.0-SNAPSHOT/hadoop-ozone-s3gateway-0.5.0-SNAPSHOT.jar:/home/user/.m2/repository/org/jboss/weld/servlet/weld-servlet/2.4.7.Final/weld-servlet-2.4.7.Final.jar:/home/user/.m2/repository/org/glassfish/jersey/containers/jersey-container-servlet-core/2.27/jersey-container-servlet-core-2.27.jar:/home/user/.m2/repository/org/glassfish/hk2/external/javax.inject/2.5.0-b42/javax.inject-2.5.0-b42.jar:/home/user/.m2/repository/org/glassfish/jersey/core/jersey-common/2.27/jersey-common-2.27.jar:/home/user/.m2/repository/org/glassfish/hk2/osgi-resource-locator/1.0.1/osgi-resource-locator-1.0.1.jar:/home/user/.m2/repository/javax/ws/rs/javax.ws.rs-api/2.1/javax.ws.rs-api-2.1.jar:/home/user/.m2/repository/org/glassfish/jersey/ext/cdi/jersey-cdi1x/2.27/jersey-cdi1x-2.27.jar:/home/user/.m2/repository/org/glassfish/jersey/inject/jersey-hk2/2.27/jersey-hk2-2.27.jar:/home/user/.m2/repository/org/glassfish/hk2/hk2-locator/2.5.0-b42/hk2-locator-2.5.0-b42.jar:/home/user/.m2/repository/org/javassist/javassist/3.22.0-CR2/javassist-3.22.0-CR2.jar:/home/user/.m2/repository/org/glassfish/hk2/hk2-api/2.5.0/hk2-api-2.5.0.jar:/home/user/.m2/repository/org/glassfish/hk2/external/jakarta.inject/2.5.0/jakarta.inject-2.5.0.jar:/home/user/.m2/repository/org/glassfish/hk2/hk2-utils/2.5.0/hk2-utils-2.5.0.jar:/home/user/.m2/repository/jakarta/annotation/jakarta.annotation-api/1.3.4/jakarta.annotation-api-1.3.4.jar:/home/user/.m2/repository/org/glassfish/hk2/external/aopalliance-repackaged/2.5.0/aopalliance-repackaged-2.5.0.jar:/home/user/.m2/repository/com/fasterxml/jackson/dataformat/jackson-dataformat-xml/2.9.0/jackson-dataformat-xml-2.9.0.jar:/home/user/.m2/repository/com/fasterxml/jackson/core/jackson-core/2.9.9/jackson-core-2.9.9.jar:/home/user/.m2/repository/com/fasterxml/jackson/module/jackson-module-jaxb-annotations/2.9.9/jackson-module-jaxb-annotations-2.9.9.jar:/home/user/.m2/repository/javax/enterprise/cdi-api/1.2/cdi-api-1.2.jar:/home/user/.m2/repository/javax/el/javax.el-api/3.0.0/javax.el-api-3.0.0.jar:/home/user/.m2/repository/javax/interceptor/javax.interceptor-api/1.2/javax.interceptor-api-1.2.jar:/home/user/.m2/repository/javax/inject/javax.inject/1/javax.inject-1.jar:/home/user/.m2/repository/com/sun/xml/bind/jaxb-impl/2.3.0.1/jaxb-impl-2.3.0.1.jar:/home/user/.m2/repository/com/sun/xml/bind/jaxb-core/2.3.0.1/jaxb-core-2.3.0.1.jar:/home/user/.m2/repository/javax/xml/bind/jaxb-api/2.3.0/jaxb-api-2.3.0.jar:/home/user/.m2/repository/javax/activation/activation/1.1.1/activation-1.1.1.jar:/home/user/.m2/repository/org/apache/hadoop/hadoop-ozone-csi/0.5.0-SNAPSHOT/hadoop-ozone-csi-0.5.0-SNAPSHOT.jar:/home/user/.m2/repository/com/google/protobuf/protobuf-java-util/3.5.1/protobuf-java-util-3.5.1.jar:/home/user/.m2/repository/org/apache/hadoop/hadoop-hdds-config/0.5.0-SNAPSHOT/hadoop-hdds-config-0.5.0-SNAPSHOT.jar:/home/user/.m2/repository/io/grpc/grpc-netty/1.17.1/grpc-netty-1.17.1.jar:/home/user/.m2/repository/io/grpc/grpc-core/1.17.1/grpc-core-1.17.1.jar:/home/user/.m2/repository/io/grpc/grpc-context/1.17.1/grpc-context-1.17.1.jar:/home/user/.m2/repository/com/google/errorprone/error_prone_annotations/2.2.0/error_prone_annotations-2.2.0.jar:/home/user/.m2/repository/org/codehaus/mojo/animal-sniffer-annotations/1.17/animal-sniffer-annotations-1.17.jar:/home/user/.m2/repository/io/opencensus/opencensus-api/0.17.0/opencensus-api-0.17.0.jar:/home/user/.m2/repository/io/opencensus/opencensus-contrib-grpc-metrics/0.17.0/opencensus-contrib-grpc-metrics-0.17.0.jar:/home/user/.m2/repository/io/netty/netty-codec-http2/4.1.30.Final/netty-codec-http2-4.1.30.Final.jar:/home/user/.m2/repository/io/netty/netty-codec-http/4.1.30.Final/netty-codec-http-4.1.30.Final.jar:/home/user/.m2/repository/io/netty/netty-codec/4.1.30.Final/netty-codec-4.1.30.Final.jar:/home/user/.m2/repository/io/netty/netty-handler/4.1.30.Final/netty-handler-4.1.30.Final.jar:/home/user/.m2/repository/io/netty/netty-handler-proxy/4.1.30.Final/netty-handler-proxy-4.1.30.Final.jar:/home/user/.m2/repository/io/netty/netty-codec-socks/4.1.30.Final/netty-codec-socks-4.1.30.Final.jar:/home/user/.m2/repository/io/netty/netty-transport-native-epoll/4.1.30.Final/netty-transport-native-epoll-4.1.30.Final.jar:/home/user/.m2/repository/io/netty/netty-common/4.1.30.Final/netty-common-4.1.30.Final.jar:/home/user/.m2/repository/io/netty/netty-buffer/4.1.30.Final/netty-buffer-4.1.30.Final.jar:/home/user/.m2/repository/io/netty/netty-transport/4.1.30.Final/netty-transport-4.1.30.Final.jar:/home/user/.m2/repository/io/netty/netty-resolver/4.1.30.Final/netty-resolver-4.1.30.Final.jar:/home/user/.m2/repository/io/netty/netty-transport-native-unix-common/4.1.30.Final/netty-transport-native-unix-common-4.1.30.Final.jar:/home/user/.m2/repository/io/grpc/grpc-protobuf/1.17.1/grpc-protobuf-1.17.1.jar:/home/user/.m2/repository/com/google/api/grpc/proto-google-common-protos/1.0.0/proto-google-common-protos-1.0.0.jar:/home/user/.m2/repository/io/grpc/grpc-protobuf-lite/1.17.1/grpc-protobuf-lite-1.17.1.jar:/home/user/.m2/repository/io/grpc/grpc-stub/1.17.1/grpc-stub-1.17.1.jar:/home/user/.m2/repository/org/apache/hadoop/hadoop-ozone-recon/0.5.0-SNAPSHOT/hadoop-ozone-recon-0.5.0-SNAPSHOT.jar:/home/user/.m2/repository/org/apache/hadoop/hadoop-ozone-reconcodegen/0.5.0-SNAPSHOT/hadoop-ozone-reconcodegen-0.5.0-SNAPSHOT.jar:/home/user/.m2/repository/com/google/inject/extensions/guice-multibindings/4.0/guice-multibindings-4.0.jar:/home/user/.m2/repository/com/google/inject/guice/4.0/guice-4.0.jar:/home/user/.m2/repository/aopalliance/aopalliance/1.0/aopalliance-1.0.jar:/home/user/.m2/repository/com/google/inject/extensions/guice-servlet/4.0/guice-servlet-4.0.jar:/home/user/.m2/repository/org/glassfish/jersey/containers/jersey-container-servlet/2.27/jersey-container-servlet-2.27.jar:/home/user/.m2/repository/org/glassfish/hk2/guice-bridge/2.5.0/guice-bridge-2.5.0.jar:/home/user/.m2/repository/org/glassfish/jersey/core/jersey-server/2.27/jersey-server-2.27.jar:/home/user/.m2/repository/org/glassfish/jersey/core/jersey-client/2.27/jersey-client-2.27.jar:/home/user/.m2/repository/org/glassfish/jersey/media/jersey-media-jaxb/2.27/jersey-media-jaxb-2.27.jar:/home/user/.m2/repository/javax/validation/validation-api/1.1.0.Final/validation-api-1.1.0.Final.jar:/home/user/.m2/repository/org/glassfish/jersey/media/jersey-media-json-jackson/2.27/jersey-media-json-jackson-2.27.jar:/home/user/.m2/repository/org/glassfish/jersey/ext/jersey-entity-filtering/2.27/jersey-entity-filtering-2.27.jar:/home/user/.m2/repository/com/google/inject/extensions/guice-assistedinject/4.0/guice-assistedinject-4.0.jar:/home/user/.m2/repository/org/jooq/jooq/3.11.10/jooq-3.11.10.jar:/home/user/.m2/repository/org/jooq/jooq-meta/3.11.10/jooq-meta-3.11.10.jar:/home/user/.m2/repository/org/jooq/jooq-codegen/3.11.10/jooq-codegen-3.11.10.jar:/home/user/.m2/repository/com/jolbox/bonecp/0.8.0.RELEASE/bonecp-0.8.0.RELEASE.jar:/home/user/.m2/repository/org/xerial/sqlite-jdbc/3.25.2/sqlite-jdbc-3.25.2.jar:/home/user/.m2/repository/org/springframework/spring-jdbc/5.1.3.RELEASE/spring-jdbc-5.1.3.RELEASE.jar:/home/user/.m2/repository/org/springframework/spring-beans/5.1.3.RELEASE/spring-beans-5.1.3.RELEASE.jar:/home/user/.m2/repository/org/springframework/spring-core/5.1.3.RELEASE/spring-core-5.1.3.RELEASE.jar:/home/user/.m2/repository/org/springframework/spring-jcl/5.1.3.RELEASE/spring-jcl-5.1.3.RELEASE.jar:/home/user/.m2/repository/org/springframework/spring-tx/5.1.3.RELEASE/spring-tx-5.1.3.RELEASE.jar:/home/user/.m2/repository/org/apache/hadoop/hadoop-ozone-client/0.5.0-SNAPSHOT/hadoop-ozone-client-0.5.0-SNAPSHOT.jar:/home/user/.m2/repository/commons-lang/commons-lang/2.6/commons-lang-2.6.jar:/home/user/.m2/repository/org/apache/hadoop/hadoop-ozone-ozone-manager/0.5.0-SNAPSHOT/hadoop-ozone-ozone-manager-0.5.0-SNAPSHOT-tests.jar:/home/user/.m2/repository/junit/junit/4.11/junit-4.11.jar:/home/user/.m2/repository/org/hamcrest/hamcrest-core/1.3/hamcrest-core-1.3.jar:/home/user/.m2/repository/org/openjdk/jmh/jmh-core/1.19/jmh-core-1.19.jar:/home/user/.m2/repository/net/sf/jopt-simple/jopt-simple/4.6/jopt-simple-4.6.jar:/home/user/.m2/repository/org/apache/commons/commons-math3/3.1.1/commons-math3-3.1.1.jar:/home/user/.m2/repository/org/openjdk/jmh/jmh-generator-annprocess/1.19/jmh-generator-annprocess-1.19.jar:/home/user/.m2/repository/org/mockito/mockito-all/1.8.5/mockito-all-1.8.5.jar:/home/user/.m2/repository/org/apache/hadoop/hadoop-kms/3.2.0/hadoop-kms-3.2.0.jar:/home/user/.m2/repository/org/apache/hadoop/hadoop-auth/3.2.0/hadoop-auth-3.2.0.jar:/home/user/.m2/repository/com/nimbusds/nimbus-jose-jwt/4.41.1/nimbus-jose-jwt-4.41.1.jar:/home/user/.m2/repository/com/github/stephenc/jcip/jcip-annotations/1.0-1/jcip-annotations-1.0-1.jar:/home/user/.m2/repository/net/minidev/json-smart/2.3/json-smart-2.3.jar:/home/user/.m2/repository/net/minidev/accessors-smart/1.2/accessors-smart-1.2.jar:/home/user/.m2/repository/org/ow2/asm/asm/5.0.4/asm-5.0.4.jar:/home/user/.m2/repository/org/apache/curator/curator-framework/2.12.0/curator-framework-2.12.0.jar:/home/user/.m2/repository/com/sun/jersey/jersey-core/1.19/jersey-core-1.19.jar:/home/user/.m2/repository/javax/ws/rs/jsr311-api/1.1.1/jsr311-api-1.1.1.jar:/home/user/.m2/repository/com/sun/jersey/jersey-server/1.19/jersey-server-1.19.jar:/home/user/.m2/repository/javax/servlet/javax.servlet-api/3.1.0/javax.servlet-api-3.1.0.jar:/home/user/.m2/repository/org/eclipse/jetty/jetty-server/9.3.25.v20180904/jetty-server-9.3.25.v20180904.jar:/home/user/.m2/repository/org/eclipse/jetty/jetty-http/9.3.25.v20180904/jetty-http-9.3.25.v20180904.jar:/home/user/.m2/repository/org/eclipse/jetty/jetty-io/9.3.25.v20180904/jetty-io-9.3.25.v20180904.jar:/home/user/.m2/repository/org/eclipse/jetty/jetty-webapp/9.3.25.v20180904/jetty-webapp-9.3.25.v20180904.jar:/home/user/.m2/repository/org/eclipse/jetty/jetty-xml/9.3.25.v20180904/jetty-xml-9.3.25.v20180904.jar:/home/user/.m2/repository/log4j/log4j/1.2.17/log4j-1.2.17.jar:/home/user/.m2/repository/org/slf4j/slf4j-api/1.7.25/slf4j-api-1.7.25.jar:/home/user/.m2/repository/org/slf4j/jul-to-slf4j/1.7.25/jul-to-slf4j-1.7.25.jar:/home/user/.m2/repository/org/eclipse/jetty/jetty-util/9.3.25.v20180904/jetty-util-9.3.25.v20180904.jar:/home/user/.m2/repository/com/fasterxml/jackson/core/jackson-databind/2.9.9/jackson-databind-2.9.9.jar:/home/user/.m2/repository/org/apache/hadoop/hadoop-kms/3.2.0/hadoop-kms-3.2.0-tests.jar:/home/user/.m2/repository/org/apache/hadoop/hadoop-hdds-server-scm/0.5.0-SNAPSHOT/hadoop-hdds-server-scm-0.5.0-SNAPSHOT-tests.jar:/home/user/.m2/repository/org/apache/hadoop/hadoop-hdds-container-service/0.5.0-SNAPSHOT/hadoop-hdds-container-service-0.5.0-SNAPSHOT-tests.jar:/home/user/.m2/repository/org/yaml/snakeyaml/1.16/snakeyaml-1.16.jar:/home/user/.m2/repository/org/apache/hadoop/hadoop-common/3.2.0/hadoop-common-3.2.0-tests.jar:/home/user/.m2/repository/org/apache/hadoop/hadoop-annotations/3.2.0/hadoop-annotations-3.2.0.jar:/usr/lib/jvm/java-1.8.0-openjdk-1.8.0.222.b10-1.el7_7.x86_64/jre/../lib/tools.jar:/home/user/.m2/repository/commons-cli/commons-cli/1.2/commons-cli-1.2.jar:/home/user/.m2/repository/org/apache/httpcomponents/httpclient/4.5.2/httpclient-4.5.2.jar:/home/user/.m2/repository/org/apache/httpcomponents/httpcore/4.4.4/httpcore-4.4.4.jar:/home/user/.m2/repository/commons-codec/commons-codec/1.11/commons-codec-1.11.jar:/home/user/.m2/repository/commons-net/commons-net/3.6/commons-net-3.6.jar:/home/user/.m2/repository/commons-collections/commons-collections/3.2.2/commons-collections-3.2.2.jar:/home/user/.m2/repository/org/eclipse/jetty/jetty-servlet/9.3.25.v20180904/jetty-servlet-9.3.25.v20180904.jar:/home/user/.m2/repository/org/eclipse/jetty/jetty-security/9.3.25.v20180904/jetty-security-9.3.25.v20180904.jar:/home/user/.m2/repository/javax/servlet/jsp/jsp-api/2.1/jsp-api-2.1.jar:/home/user/.m2/repository/com/sun/jersey/jersey-servlet/1.19/jersey-servlet-1.19.jar:/home/user/.m2/repository/com/sun/jersey/jersey-json/1.19/jersey-json-1.19.jar:/home/user/.m2/repository/org/codehaus/jettison/jettison/1.1/jettison-1.1.jar:/home/user/.m2/repository/org/codehaus/jackson/jackson-core-asl/1.9.13/jackson-core-asl-1.9.13.jar:/home/user/.m2/repository/org/codehaus/jackson/jackson-mapper-asl/1.9.13/jackson-mapper-asl-1.9.13.jar:/home/user/.m2/repository/org/codehaus/jackson/jackson-jaxrs/1.9.13/jackson-jaxrs-1.9.13.jar:/home/user/.m2/repository/org/codehaus/jackson/jackson-xc/1.9.13/jackson-xc-1.9.13.jar:/home/user/.m2/repository/commons-logging/commons-logging/1.1.3/commons-logging-1.1.3.jar:/home/user/.m2/repository/commons-beanutils/commons-beanutils/1.9.4/commons-beanutils-1.9.4.jar:/home/user/.m2/repository/org/apache/commons/commons-configuration2/2.1.1/commons-configuration2-2.1.1.jar:/home/user/.m2/repository/org/apache/commons/commons-lang3/3.7/commons-lang3-3.7.jar:/home/user/.m2/repository/org/apache/commons/commons-text/1.4/commons-text-1.4.jar:/home/user/.m2/repository/org/apache/avro/avro/1.7.7/avro-1.7.7.jar:/home/user/.m2/repository/com/thoughtworks/paranamer/paranamer/2.3/paranamer-2.3.jar:/home/user/.m2/repository/org/xerial/snappy/snappy-java/1.0.5/snappy-java-1.0.5.jar:/home/user/.m2/repository/com/google/re2j/re2j/1.1/re2j-1.1.jar:/home/user/.m2/repository/com/google/code/gson/gson/2.2.4/gson-2.2.4.jar:/home/user/.m2/repository/com/jcraft/jsch/0.1.54/jsch-0.1.54.jar:/home/user/.m2/repository/org/apache/curator/curator-client/2.12.0/curator-client-2.12.0.jar:/home/user/.m2/repository/org/apache/curator/curator-recipes/2.12.0/curator-recipes-2.12.0.jar:/home/user/.m2/repository/com/google/code/findbugs/jsr305/3.0.0/jsr305-3.0.0.jar:/home/user/.m2/repository/org/apache/htrace/htrace-core4/4.1.0-incubating/htrace-core4-4.1.0-incubating.jar:/home/user/.m2/repository/org/apache/zookeeper/zookeeper/3.4.13/zookeeper-3.4.13.jar:/home/user/.m2/repository/jline/jline/0.9.94/jline-0.9.94.jar:/home/user/.m2/repository/org/apache/yetus/audience-annotations/0.5.0/audience-annotations-0.5.0.jar:/home/user/.m2/repository/org/codehaus/woodstox/stax2-api/3.1.4/stax2-api-3.1.4.jar:/home/user/.m2/repository/com/fasterxml/woodstox/woodstox-core/5.0.3/woodstox-core-5.0.3.jar:/home/user/.m2/repository/dnsjava/dnsjava/2.1.7/dnsjava-2.1.7.jar:/home/user/.m2/repository/org/apache/hadoop/hadoop-hdfs/3.2.0/hadoop-hdfs-3.2.0-tests.jar:/home/user/.m2/repository/org/eclipse/jetty/jetty-util-ajax/9.3.25.v20180904/jetty-util-ajax-9.3.25.v20180904.jar:/home/user/.m2/repository/commons-daemon/commons-daemon/1.0.13/commons-daemon-1.0.13.jar:/home/user/.m2/repository/io/netty/netty/3.10.5.Final/netty-3.10.5.Final.jar:/home/user/.m2/repository/io/netty/netty-all/4.0.52.Final/netty-all-4.0.52.Final.jar:/home/user/.m2/repository/org/fusesource/leveldbjni/leveldbjni-all/1.8/leveldbjni-all-1.8.jar:"/>
    <property name="java.vm.vendor" value="Oracle Corporation"/>
    <property name="sun.arch.data.model" value="64"/>
    <property name="test.build.dir" value="/workdir/hadoop-ozone/integration-test/target/test-dir"/>
    <property name="test.cache.data" value=""/>
    <property name="java.vendor.url" value="http://java.oracle.com/"/>
    <property name="user.timezone" value=""/>
    <property name="java.vm.specification.version" value="1.8"/>
    <property name="os.name" value="Linux"/>
    <property name="test.build.data" value="/workdir/hadoop-ozone/integration-test/target/test-dir"/>
    <property name="user.country" value="US"/>
    <property name="sun.java.launcher" value="SUN_STANDARD"/>
    <property name="sun.boot.library.path" value="/usr/lib/jvm/java-1.8.0-openjdk-1.8.0.222.b10-1.el7_7.x86_64/jre/lib/amd64"/>
    <property name="sun.java.command" value="/workdir/hadoop-ozone/integration-test/target/surefire/surefirebooter2532694971906347634.jar /workdir/hadoop-ozone/integration-test/target/surefire 2019-10-15T15-35-06_980-jvmRun1 surefire6397126519292767724tmp surefire_462308771618774074849tmp"/>
    <property name="surefire.test.class.path" value="/workdir/hadoop-ozone/integration-test/target/test-classes:/workdir/hadoop-ozone/integration-test/target/classes:/home/user/.m2/repository/org/apache/hadoop/hadoop-ozone-common/0.5.0-SNAPSHOT/hadoop-ozone-common-0.5.0-SNAPSHOT.jar:/home/user/.m2/repository/org/apache/commons/commons-compress/1.4.1/commons-compress-1.4.1.jar:/home/user/.m2/repository/org/tukaani/xz/1.0/xz-1.0.jar:/home/user/.m2/repository/org/apache/hadoop/hadoop-common/3.2.0/hadoop-common-3.2.0.jar:/home/user/.m2/repository/org/apache/hadoop/hadoop-hdfs/3.2.0/hadoop-hdfs-3.2.0.jar:/home/user/.m2/repository/org/apache/hadoop/hadoop-hdfs-client/3.2.0/hadoop-hdfs-client-3.2.0.jar:/home/user/.m2/repository/com/fasterxml/jackson/core/jackson-annotations/2.9.9/jackson-annotations-2.9.9.jar:/home/user/.m2/repository/org/apache/hadoop/hadoop-hdds-common/0.5.0-SNAPSHOT/hadoop-hdds-common-0.5.0-SNAPSHOT.jar:/home/user/.m2/repository/javax/annotation/javax.annotation-api/1.2/javax.annotation-api-1.2.jar:/home/user/.m2/repository/org/apache/ratis/ratis-server/0.5.0-3f446aa-SNAPSHOT/ratis-server-0.5.0-3f446aa-SNAPSHOT.jar:/home/user/.m2/repository/org/apache/ratis/ratis-thirdparty-misc/0.2.0/ratis-thirdparty-misc-0.2.0.jar:/home/user/.m2/repository/org/apache/ratis/ratis-proto/0.5.0-3f446aa-SNAPSHOT/ratis-proto-0.5.0-3f446aa-SNAPSHOT.jar:/home/user/.m2/repository/org/apache/ratis/ratis-common/0.5.0-3f446aa-SNAPSHOT/ratis-common-0.5.0-3f446aa-SNAPSHOT.jar:/home/user/.m2/repository/org/apache/ratis/ratis-client/0.5.0-3f446aa-SNAPSHOT/ratis-client-0.5.0-3f446aa-SNAPSHOT.jar:/home/user/.m2/repository/org/apache/ratis/ratis-metrics/0.5.0-3f446aa-SNAPSHOT/ratis-metrics-0.5.0-3f446aa-SNAPSHOT.jar:/home/user/.m2/repository/com/github/joshelser/dropwizard-metrics-hadoop-metrics2-reporter/0.1.2/dropwizard-metrics-hadoop-metrics2-reporter-0.1.2.jar:/home/user/.m2/repository/io/dropwizard/metrics/metrics-jvm/3.2.5/metrics-jvm-3.2.5.jar:/home/user/.m2/repository/io/dropwizard/metrics/metrics-ganglia/3.2.5/metrics-ganglia-3.2.5.jar:/home/user/.m2/repository/info/ganglia/gmetric4j/gmetric4j/1.0.7/gmetric4j-1.0.7.jar:/home/user/.m2/repository/org/apache/ratis/ratis-netty/0.5.0-3f446aa-SNAPSHOT/ratis-netty-0.5.0-3f446aa-SNAPSHOT.jar:/home/user/.m2/repository/org/apache/ratis/ratis-grpc/0.5.0-3f446aa-SNAPSHOT/ratis-grpc-0.5.0-3f446aa-SNAPSHOT.jar:/home/user/.m2/repository/org/rocksdb/rocksdbjni/6.0.1/rocksdbjni-6.0.1.jar:/home/user/.m2/repository/org/apache/logging/log4j/log4j-api/2.11.0/log4j-api-2.11.0.jar:/home/user/.m2/repository/org/apache/logging/log4j/log4j-core/2.11.0/log4j-core-2.11.0.jar:/home/user/.m2/repository/com/lmax/disruptor/3.4.2/disruptor-3.4.2.jar:/home/user/.m2/repository/org/apache/commons/commons-pool2/2.6.0/commons-pool2-2.6.0.jar:/home/user/.m2/repository/org/bouncycastle/bcpkix-jdk15on/1.60/bcpkix-jdk15on-1.60.jar:/home/user/.m2/repository/commons-validator/commons-validator/1.6/commons-validator-1.6.jar:/home/user/.m2/repository/commons-digester/commons-digester/1.8.1/commons-digester-1.8.1.jar:/home/user/.m2/repository/io/jaegertracing/jaeger-client/0.34.0/jaeger-client-0.34.0.jar:/home/user/.m2/repository/io/jaegertracing/jaeger-thrift/0.34.0/jaeger-thrift-0.34.0.jar:/home/user/.m2/repository/org/apache/thrift/libthrift/0.12.0/libthrift-0.12.0.jar:/home/user/.m2/repository/com/squareup/okhttp3/okhttp/3.9.0/okhttp-3.9.0.jar:/home/user/.m2/repository/com/squareup/okio/okio/1.13.0/okio-1.13.0.jar:/home/user/.m2/repository/io/jaegertracing/jaeger-core/0.34.0/jaeger-core-0.34.0.jar:/home/user/.m2/repository/io/jaegertracing/jaeger-tracerresolver/0.34.0/jaeger-tracerresolver-0.34.0.jar:/home/user/.m2/repository/io/opentracing/contrib/opentracing-tracerresolver/0.1.5/opentracing-tracerresolver-0.1.5.jar:/home/user/.m2/repository/io/opentracing/opentracing-util/0.31.0/opentracing-util-0.31.0.jar:/home/user/.m2/repository/io/opentracing/opentracing-api/0.31.0/opentracing-api-0.31.0.jar:/home/user/.m2/repository/io/opentracing/opentracing-noop/0.31.0/opentracing-noop-0.31.0.jar:/home/user/.m2/repository/org/apache/hadoop/hadoop-hdds-server-framework/0.5.0-SNAPSHOT/hadoop-hdds-server-framework-0.5.0-SNAPSHOT.jar:/home/user/.m2/repository/org/apache/hadoop/hadoop-hdds-container-service/0.5.0-SNAPSHOT/hadoop-hdds-container-service-0.5.0-SNAPSHOT.jar:/home/user/.m2/repository/org/apache/hadoop/hadoop-hdds-client/0.5.0-SNAPSHOT/hadoop-hdds-client-0.5.0-SNAPSHOT.jar:/home/user/.m2/repository/org/apache/hadoop/hadoop-hdds-tools/0.5.0-SNAPSHOT/hadoop-hdds-tools-0.5.0-SNAPSHOT.jar:/home/user/.m2/repository/org/apache/hadoop/hadoop-hdds-server-scm/0.5.0-SNAPSHOT/hadoop-hdds-server-scm-0.5.0-SNAPSHOT.jar:/home/user/.m2/repository/org/apache/hadoop/hadoop-hdds-docs/0.5.0-SNAPSHOT/hadoop-hdds-docs-0.5.0-SNAPSHOT.jar:/home/user/.m2/repository/io/dropwizard/metrics/metrics-core/3.2.4/metrics-core-3.2.4.jar:/home/user/.m2/repository/org/hamcrest/hamcrest-all/1.3/hamcrest-all-1.3.jar:/home/user/.m2/repository/org/bouncycastle/bcprov-jdk15on/1.60/bcprov-jdk15on-1.60.jar:/home/user/.m2/repository/info/picocli/picocli/3.9.6/picocli-3.9.6.jar:/home/user/.m2/repository/com/google/protobuf/protobuf-java/2.5.0/protobuf-java-2.5.0.jar:/home/user/.m2/repository/com/google/guava/guava/11.0.2/guava-11.0.2.jar:/home/user/.m2/repository/org/apache/hadoop/hadoop-ozone-ozone-manager/0.5.0-SNAPSHOT/hadoop-ozone-ozone-manager-0.5.0-SNAPSHOT.jar:/home/user/.m2/repository/org/apache/hadoop/hadoop-minikdc/3.2.0/hadoop-minikdc-3.2.0.jar:/home/user/.m2/repository/commons-io/commons-io/2.5/commons-io-2.5.jar:/home/user/.m2/repository/org/apache/kerby/kerb-simplekdc/1.0.1/kerb-simplekdc-1.0.1.jar:/home/user/.m2/repository/org/apache/kerby/kerb-client/1.0.1/kerb-client-1.0.1.jar:/home/user/.m2/repository/org/apache/kerby/kerby-config/1.0.1/kerby-config-1.0.1.jar:/home/user/.m2/repository/org/apache/kerby/kerb-core/1.0.1/kerb-core-1.0.1.jar:/home/user/.m2/repository/org/apache/kerby/kerby-pkix/1.0.1/kerby-pkix-1.0.1.jar:/home/user/.m2/repository/org/apache/kerby/kerby-asn1/1.0.1/kerby-asn1-1.0.1.jar:/home/user/.m2/repository/org/apache/kerby/kerby-util/1.0.1/kerby-util-1.0.1.jar:/home/user/.m2/repository/org/apache/kerby/kerb-common/1.0.1/kerb-common-1.0.1.jar:/home/user/.m2/repository/org/apache/kerby/kerb-crypto/1.0.1/kerb-crypto-1.0.1.jar:/home/user/.m2/repository/org/apache/kerby/kerb-util/1.0.1/kerb-util-1.0.1.jar:/home/user/.m2/repository/org/apache/kerby/token-provider/1.0.1/token-provider-1.0.1.jar:/home/user/.m2/repository/org/apache/kerby/kerb-admin/1.0.1/kerb-admin-1.0.1.jar:/home/user/.m2/repository/org/apache/kerby/kerb-server/1.0.1/kerb-server-1.0.1.jar:/home/user/.m2/repository/org/apache/kerby/kerb-identity/1.0.1/kerb-identity-1.0.1.jar:/home/user/.m2/repository/org/apache/kerby/kerby-xdr/1.0.1/kerby-xdr-1.0.1.jar:/home/user/.m2/repository/org/slf4j/slf4j-log4j12/1.7.25/slf4j-log4j12-1.7.25.jar:/home/user/.m2/repository/org/apache/hadoop/hadoop-ozone-s3gateway/0.5.0-SNAPSHOT/hadoop-ozone-s3gateway-0.5.0-SNAPSHOT.jar:/home/user/.m2/repository/org/jboss/weld/servlet/weld-servlet/2.4.7.Final/weld-servlet-2.4.7.Final.jar:/home/user/.m2/repository/org/glassfish/jersey/containers/jersey-container-servlet-core/2.27/jersey-container-servlet-core-2.27.jar:/home/user/.m2/repository/org/glassfish/hk2/external/javax.inject/2.5.0-b42/javax.inject-2.5.0-b42.jar:/home/user/.m2/repository/org/glassfish/jersey/core/jersey-common/2.27/jersey-common-2.27.jar:/home/user/.m2/repository/org/glassfish/hk2/osgi-resource-locator/1.0.1/osgi-resource-locator-1.0.1.jar:/home/user/.m2/repository/javax/ws/rs/javax.ws.rs-api/2.1/javax.ws.rs-api-2.1.jar:/home/user/.m2/repository/org/glassfish/jersey/ext/cdi/jersey-cdi1x/2.27/jersey-cdi1x-2.27.jar:/home/user/.m2/repository/org/glassfish/jersey/inject/jersey-hk2/2.27/jersey-hk2-2.27.jar:/home/user/.m2/repository/org/glassfish/hk2/hk2-locator/2.5.0-b42/hk2-locator-2.5.0-b42.jar:/home/user/.m2/repository/org/javassist/javassist/3.22.0-CR2/javassist-3.22.0-CR2.jar:/home/user/.m2/repository/org/glassfish/hk2/hk2-api/2.5.0/hk2-api-2.5.0.jar:/home/user/.m2/repository/org/glassfish/hk2/external/jakarta.inject/2.5.0/jakarta.inject-2.5.0.jar:/home/user/.m2/repository/org/glassfish/hk2/hk2-utils/2.5.0/hk2-utils-2.5.0.jar:/home/user/.m2/repository/jakarta/annotation/jakarta.annotation-api/1.3.4/jakarta.annotation-api-1.3.4.jar:/home/user/.m2/repository/org/glassfish/hk2/external/aopalliance-repackaged/2.5.0/aopalliance-repackaged-2.5.0.jar:/home/user/.m2/repository/com/fasterxml/jackson/dataformat/jackson-dataformat-xml/2.9.0/jackson-dataformat-xml-2.9.0.jar:/home/user/.m2/repository/com/fasterxml/jackson/core/jackson-core/2.9.9/jackson-core-2.9.9.jar:/home/user/.m2/repository/com/fasterxml/jackson/module/jackson-module-jaxb-annotations/2.9.9/jackson-module-jaxb-annotations-2.9.9.jar:/home/user/.m2/repository/javax/enterprise/cdi-api/1.2/cdi-api-1.2.jar:/home/user/.m2/repository/javax/el/javax.el-api/3.0.0/javax.el-api-3.0.0.jar:/home/user/.m2/repository/javax/interceptor/javax.interceptor-api/1.2/javax.interceptor-api-1.2.jar:/home/user/.m2/repository/javax/inject/javax.inject/1/javax.inject-1.jar:/home/user/.m2/repository/com/sun/xml/bind/jaxb-impl/2.3.0.1/jaxb-impl-2.3.0.1.jar:/home/user/.m2/repository/com/sun/xml/bind/jaxb-core/2.3.0.1/jaxb-core-2.3.0.1.jar:/home/user/.m2/repository/javax/xml/bind/jaxb-api/2.3.0/jaxb-api-2.3.0.jar:/home/user/.m2/repository/javax/activation/activation/1.1.1/activation-1.1.1.jar:/home/user/.m2/repository/org/apache/hadoop/hadoop-ozone-csi/0.5.0-SNAPSHOT/hadoop-ozone-csi-0.5.0-SNAPSHOT.jar:/home/user/.m2/repository/com/google/protobuf/protobuf-java-util/3.5.1/protobuf-java-util-3.5.1.jar:/home/user/.m2/repository/org/apache/hadoop/hadoop-hdds-config/0.5.0-SNAPSHOT/hadoop-hdds-config-0.5.0-SNAPSHOT.jar:/home/user/.m2/repository/io/grpc/grpc-netty/1.17.1/grpc-netty-1.17.1.jar:/home/user/.m2/repository/io/grpc/grpc-core/1.17.1/grpc-core-1.17.1.jar:/home/user/.m2/repository/io/grpc/grpc-context/1.17.1/grpc-context-1.17.1.jar:/home/user/.m2/repository/com/google/errorprone/error_prone_annotations/2.2.0/error_prone_annotations-2.2.0.jar:/home/user/.m2/repository/org/codehaus/mojo/animal-sniffer-annotations/1.17/animal-sniffer-annotations-1.17.jar:/home/user/.m2/repository/io/opencensus/opencensus-api/0.17.0/opencensus-api-0.17.0.jar:/home/user/.m2/repository/io/opencensus/opencensus-contrib-grpc-metrics/0.17.0/opencensus-contrib-grpc-metrics-0.17.0.jar:/home/user/.m2/repository/io/netty/netty-codec-http2/4.1.30.Final/netty-codec-http2-4.1.30.Final.jar:/home/user/.m2/repository/io/netty/netty-codec-http/4.1.30.Final/netty-codec-http-4.1.30.Final.jar:/home/user/.m2/repository/io/netty/netty-codec/4.1.30.Final/netty-codec-4.1.30.Final.jar:/home/user/.m2/repository/io/netty/netty-handler/4.1.30.Final/netty-handler-4.1.30.Final.jar:/home/user/.m2/repository/io/netty/netty-handler-proxy/4.1.30.Final/netty-handler-proxy-4.1.30.Final.jar:/home/user/.m2/repository/io/netty/netty-codec-socks/4.1.30.Final/netty-codec-socks-4.1.30.Final.jar:/home/user/.m2/repository/io/netty/netty-transport-native-epoll/4.1.30.Final/netty-transport-native-epoll-4.1.30.Final.jar:/home/user/.m2/repository/io/netty/netty-common/4.1.30.Final/netty-common-4.1.30.Final.jar:/home/user/.m2/repository/io/netty/netty-buffer/4.1.30.Final/netty-buffer-4.1.30.Final.jar:/home/user/.m2/repository/io/netty/netty-transport/4.1.30.Final/netty-transport-4.1.30.Final.jar:/home/user/.m2/repository/io/netty/netty-resolver/4.1.30.Final/netty-resolver-4.1.30.Final.jar:/home/user/.m2/repository/io/netty/netty-transport-native-unix-common/4.1.30.Final/netty-transport-native-unix-common-4.1.30.Final.jar:/home/user/.m2/repository/io/grpc/grpc-protobuf/1.17.1/grpc-protobuf-1.17.1.jar:/home/user/.m2/repository/com/google/api/grpc/proto-google-common-protos/1.0.0/proto-google-common-protos-1.0.0.jar:/home/user/.m2/repository/io/grpc/grpc-protobuf-lite/1.17.1/grpc-protobuf-lite-1.17.1.jar:/home/user/.m2/repository/io/grpc/grpc-stub/1.17.1/grpc-stub-1.17.1.jar:/home/user/.m2/repository/org/apache/hadoop/hadoop-ozone-recon/0.5.0-SNAPSHOT/hadoop-ozone-recon-0.5.0-SNAPSHOT.jar:/home/user/.m2/repository/org/apache/hadoop/hadoop-ozone-reconcodegen/0.5.0-SNAPSHOT/hadoop-ozone-reconcodegen-0.5.0-SNAPSHOT.jar:/home/user/.m2/repository/com/google/inject/extensions/guice-multibindings/4.0/guice-multibindings-4.0.jar:/home/user/.m2/repository/com/google/inject/guice/4.0/guice-4.0.jar:/home/user/.m2/repository/aopalliance/aopalliance/1.0/aopalliance-1.0.jar:/home/user/.m2/repository/com/google/inject/extensions/guice-servlet/4.0/guice-servlet-4.0.jar:/home/user/.m2/repository/org/glassfish/jersey/containers/jersey-container-servlet/2.27/jersey-container-servlet-2.27.jar:/home/user/.m2/repository/org/glassfish/hk2/guice-bridge/2.5.0/guice-bridge-2.5.0.jar:/home/user/.m2/repository/org/glassfish/jersey/core/jersey-server/2.27/jersey-server-2.27.jar:/home/user/.m2/repository/org/glassfish/jersey/core/jersey-client/2.27/jersey-client-2.27.jar:/home/user/.m2/repository/org/glassfish/jersey/media/jersey-media-jaxb/2.27/jersey-media-jaxb-2.27.jar:/home/user/.m2/repository/javax/validation/validation-api/1.1.0.Final/validation-api-1.1.0.Final.jar:/home/user/.m2/repository/org/glassfish/jersey/media/jersey-media-json-jackson/2.27/jersey-media-json-jackson-2.27.jar:/home/user/.m2/repository/org/glassfish/jersey/ext/jersey-entity-filtering/2.27/jersey-entity-filtering-2.27.jar:/home/user/.m2/repository/com/google/inject/extensions/guice-assistedinject/4.0/guice-assistedinject-4.0.jar:/home/user/.m2/repository/org/jooq/jooq/3.11.10/jooq-3.11.10.jar:/home/user/.m2/repository/org/jooq/jooq-meta/3.11.10/jooq-meta-3.11.10.jar:/home/user/.m2/repository/org/jooq/jooq-codegen/3.11.10/jooq-codegen-3.11.10.jar:/home/user/.m2/repository/com/jolbox/bonecp/0.8.0.RELEASE/bonecp-0.8.0.RELEASE.jar:/home/user/.m2/repository/org/xerial/sqlite-jdbc/3.25.2/sqlite-jdbc-3.25.2.jar:/home/user/.m2/repository/org/springframework/spring-jdbc/5.1.3.RELEASE/spring-jdbc-5.1.3.RELEASE.jar:/home/user/.m2/repository/org/springframework/spring-beans/5.1.3.RELEASE/spring-beans-5.1.3.RELEASE.jar:/home/user/.m2/repository/org/springframework/spring-core/5.1.3.RELEASE/spring-core-5.1.3.RELEASE.jar:/home/user/.m2/repository/org/springframework/spring-jcl/5.1.3.RELEASE/spring-jcl-5.1.3.RELEASE.jar:/home/user/.m2/repository/org/springframework/spring-tx/5.1.3.RELEASE/spring-tx-5.1.3.RELEASE.jar:/home/user/.m2/repository/org/apache/hadoop/hadoop-ozone-client/0.5.0-SNAPSHOT/hadoop-ozone-client-0.5.0-SNAPSHOT.jar:/home/user/.m2/repository/commons-lang/commons-lang/2.6/commons-lang-2.6.jar:/home/user/.m2/repository/org/apache/hadoop/hadoop-ozone-ozone-manager/0.5.0-SNAPSHOT/hadoop-ozone-ozone-manager-0.5.0-SNAPSHOT-tests.jar:/home/user/.m2/repository/junit/junit/4.11/junit-4.11.jar:/home/user/.m2/repository/org/hamcrest/hamcrest-core/1.3/hamcrest-core-1.3.jar:/home/user/.m2/repository/org/openjdk/jmh/jmh-core/1.19/jmh-core-1.19.jar:/home/user/.m2/repository/net/sf/jopt-simple/jopt-simple/4.6/jopt-simple-4.6.jar:/home/user/.m2/repository/org/apache/commons/commons-math3/3.1.1/commons-math3-3.1.1.jar:/home/user/.m2/repository/org/openjdk/jmh/jmh-generator-annprocess/1.19/jmh-generator-annprocess-1.19.jar:/home/user/.m2/repository/org/mockito/mockito-all/1.8.5/mockito-all-1.8.5.jar:/home/user/.m2/repository/org/apache/hadoop/hadoop-kms/3.2.0/hadoop-kms-3.2.0.jar:/home/user/.m2/repository/org/apache/hadoop/hadoop-auth/3.2.0/hadoop-auth-3.2.0.jar:/home/user/.m2/repository/com/nimbusds/nimbus-jose-jwt/4.41.1/nimbus-jose-jwt-4.41.1.jar:/home/user/.m2/repository/com/github/stephenc/jcip/jcip-annotations/1.0-1/jcip-annotations-1.0-1.jar:/home/user/.m2/repository/net/minidev/json-smart/2.3/json-smart-2.3.jar:/home/user/.m2/repository/net/minidev/accessors-smart/1.2/accessors-smart-1.2.jar:/home/user/.m2/repository/org/ow2/asm/asm/5.0.4/asm-5.0.4.jar:/home/user/.m2/repository/org/apache/curator/curator-framework/2.12.0/curator-framework-2.12.0.jar:/home/user/.m2/repository/com/sun/jersey/jersey-core/1.19/jersey-core-1.19.jar:/home/user/.m2/repository/javax/ws/rs/jsr311-api/1.1.1/jsr311-api-1.1.1.jar:/home/user/.m2/repository/com/sun/jersey/jersey-server/1.19/jersey-server-1.19.jar:/home/user/.m2/repository/javax/servlet/javax.servlet-api/3.1.0/javax.servlet-api-3.1.0.jar:/home/user/.m2/repository/org/eclipse/jetty/jetty-server/9.3.25.v20180904/jetty-server-9.3.25.v20180904.jar:/home/user/.m2/repository/org/eclipse/jetty/jetty-http/9.3.25.v20180904/jetty-http-9.3.25.v20180904.jar:/home/user/.m2/repository/org/eclipse/jetty/jetty-io/9.3.25.v20180904/jetty-io-9.3.25.v20180904.jar:/home/user/.m2/repository/org/eclipse/jetty/jetty-webapp/9.3.25.v20180904/jetty-webapp-9.3.25.v20180904.jar:/home/user/.m2/repository/org/eclipse/jetty/jetty-xml/9.3.25.v20180904/jetty-xml-9.3.25.v20180904.jar:/home/user/.m2/repository/log4j/log4j/1.2.17/log4j-1.2.17.jar:/home/user/.m2/repository/org/slf4j/slf4j-api/1.7.25/slf4j-api-1.7.25.jar:/home/user/.m2/repository/org/slf4j/jul-to-slf4j/1.7.25/jul-to-slf4j-1.7.25.jar:/home/user/.m2/repository/org/eclipse/jetty/jetty-util/9.3.25.v20180904/jetty-util-9.3.25.v20180904.jar:/home/user/.m2/repository/com/fasterxml/jackson/core/jackson-databind/2.9.9/jackson-databind-2.9.9.jar:/home/user/.m2/repository/org/apache/hadoop/hadoop-kms/3.2.0/hadoop-kms-3.2.0-tests.jar:/home/user/.m2/repository/org/apache/hadoop/hadoop-hdds-server-scm/0.5.0-SNAPSHOT/hadoop-hdds-server-scm-0.5.0-SNAPSHOT-tests.jar:/home/user/.m2/repository/org/apache/hadoop/hadoop-hdds-container-service/0.5.0-SNAPSHOT/hadoop-hdds-container-service-0.5.0-SNAPSHOT-tests.jar:/home/user/.m2/repository/org/yaml/snakeyaml/1.16/snakeyaml-1.16.jar:/home/user/.m2/repository/org/apache/hadoop/hadoop-common/3.2.0/hadoop-common-3.2.0-tests.jar:/home/user/.m2/repository/org/apache/hadoop/hadoop-annotations/3.2.0/hadoop-annotations-3.2.0.jar:/usr/lib/jvm/java-1.8.0-openjdk-1.8.0.222.b10-1.el7_7.x86_64/jre/../lib/tools.jar:/home/user/.m2/repository/commons-cli/commons-cli/1.2/commons-cli-1.2.jar:/home/user/.m2/repository/org/apache/httpcomponents/httpclient/4.5.2/httpclient-4.5.2.jar:/home/user/.m2/repository/org/apache/httpcomponents/httpcore/4.4.4/httpcore-4.4.4.jar:/home/user/.m2/repository/commons-codec/commons-codec/1.11/commons-codec-1.11.jar:/home/user/.m2/repository/commons-net/commons-net/3.6/commons-net-3.6.jar:/home/user/.m2/repository/commons-collections/commons-collections/3.2.2/commons-collections-3.2.2.jar:/home/user/.m2/repository/org/eclipse/jetty/jetty-servlet/9.3.25.v20180904/jetty-servlet-9.3.25.v20180904.jar:/home/user/.m2/repository/org/eclipse/jetty/jetty-security/9.3.25.v20180904/jetty-security-9.3.25.v20180904.jar:/home/user/.m2/repository/javax/servlet/jsp/jsp-api/2.1/jsp-api-2.1.jar:/home/user/.m2/repository/com/sun/jersey/jersey-servlet/1.19/jersey-servlet-1.19.jar:/home/user/.m2/repository/com/sun/jersey/jersey-json/1.19/jersey-json-1.19.jar:/home/user/.m2/repository/org/codehaus/jettison/jettison/1.1/jettison-1.1.jar:/home/user/.m2/repository/org/codehaus/jackson/jackson-core-asl/1.9.13/jackson-core-asl-1.9.13.jar:/home/user/.m2/repository/org/codehaus/jackson/jackson-mapper-asl/1.9.13/jackson-mapper-asl-1.9.13.jar:/home/user/.m2/repository/org/codehaus/jackson/jackson-jaxrs/1.9.13/jackson-jaxrs-1.9.13.jar:/home/user/.m2/repository/org/codehaus/jackson/jackson-xc/1.9.13/jackson-xc-1.9.13.jar:/home/user/.m2/repository/commons-logging/commons-logging/1.1.3/commons-logging-1.1.3.jar:/home/user/.m2/repository/commons-beanutils/commons-beanutils/1.9.4/commons-beanutils-1.9.4.jar:/home/user/.m2/repository/org/apache/commons/commons-configuration2/2.1.1/commons-configuration2-2.1.1.jar:/home/user/.m2/repository/org/apache/commons/commons-lang3/3.7/commons-lang3-3.7.jar:/home/user/.m2/repository/org/apache/commons/commons-text/1.4/commons-text-1.4.jar:/home/user/.m2/repository/org/apache/avro/avro/1.7.7/avro-1.7.7.jar:/home/user/.m2/repository/com/thoughtworks/paranamer/paranamer/2.3/paranamer-2.3.jar:/home/user/.m2/repository/org/xerial/snappy/snappy-java/1.0.5/snappy-java-1.0.5.jar:/home/user/.m2/repository/com/google/re2j/re2j/1.1/re2j-1.1.jar:/home/user/.m2/repository/com/google/code/gson/gson/2.2.4/gson-2.2.4.jar:/home/user/.m2/repository/com/jcraft/jsch/0.1.54/jsch-0.1.54.jar:/home/user/.m2/repository/org/apache/curator/curator-client/2.12.0/curator-client-2.12.0.jar:/home/user/.m2/repository/org/apache/curator/curator-recipes/2.12.0/curator-recipes-2.12.0.jar:/home/user/.m2/repository/com/google/code/findbugs/jsr305/3.0.0/jsr305-3.0.0.jar:/home/user/.m2/repository/org/apache/htrace/htrace-core4/4.1.0-incubating/htrace-core4-4.1.0-incubating.jar:/home/user/.m2/repository/org/apache/zookeeper/zookeeper/3.4.13/zookeeper-3.4.13.jar:/home/user/.m2/repository/jline/jline/0.9.94/jline-0.9.94.jar:/home/user/.m2/repository/org/apache/yetus/audience-annotations/0.5.0/audience-annotations-0.5.0.jar:/home/user/.m2/repository/org/codehaus/woodstox/stax2-api/3.1.4/stax2-api-3.1.4.jar:/home/user/.m2/repository/com/fasterxml/woodstox/woodstox-core/5.0.3/woodstox-core-5.0.3.jar:/home/user/.m2/repository/dnsjava/dnsjava/2.1.7/dnsjava-2.1.7.jar:/home/user/.m2/repository/org/apache/hadoop/hadoop-hdfs/3.2.0/hadoop-hdfs-3.2.0-tests.jar:/home/user/.m2/repository/org/eclipse/jetty/jetty-util-ajax/9.3.25.v20180904/jetty-util-ajax-9.3.25.v20180904.jar:/home/user/.m2/repository/commons-daemon/commons-daemon/1.0.13/commons-daemon-1.0.13.jar:/home/user/.m2/repository/io/netty/netty/3.10.5.Final/netty-3.10.5.Final.jar:/home/user/.m2/repository/io/netty/netty-all/4.0.52.Final/netty-all-4.0.52.Final.jar:/home/user/.m2/repository/org/fusesource/leveldbjni/leveldbjni-all/1.8/leveldbjni-all-1.8.jar:"/>
    <property name="sun.cpu.endian" value="little"/>
    <property name="user.home" value="/home/user"/>
    <property name="user.language" value="en"/>
    <property name="java.specification.vendor" value="Oracle Corporation"/>
    <property name="java.home" value="/usr/lib/jvm/java-1.8.0-openjdk-1.8.0.222.b10-1.el7_7.x86_64/jre"/>
    <property name="surefire.excludesFile" value="/tools/ozone-bad-unit-tests"/>
    <property name="java.security.krb5.conf" value="/workdir/hadoop-ozone/integration-test/target/test-classes/krb5.conf"/>
    <property name="basedir" value="/workdir/hadoop-ozone/integration-test"/>
    <property name="file.separator" value="/"/>
    <property name="line.separator" value="&#10;"/>
    <property name="java.vm.specification.vendor" value="Oracle Corporation"/>
    <property name="java.specification.name" value="Java Platform API Specification"/>
    <property name="java.awt.graphicsenv" value="sun.awt.X11GraphicsEnvironment"/>
    <property name="surefire.real.class.path" value="/workdir/hadoop-ozone/integration-test/target/surefire/surefirebooter2532694971906347634.jar"/>
    <property name="hadoop.log.dir" value="/workdir/hadoop-ozone/integration-test/target/log"/>
    <property name="sun.boot.class.path" value="/usr/lib/jvm/java-1.8.0-openjdk-1.8.0.222.b10-1.el7_7.x86_64/jre/lib/resources.jar:/usr/lib/jvm/java-1.8.0-openjdk-1.8.0.222.b10-1.el7_7.x86_64/jre/lib/rt.jar:/usr/lib/jvm/java-1.8.0-openjdk-1.8.0.222.b10-1.el7_7.x86_64/jre/lib/sunrsasign.jar:/usr/lib/jvm/java-1.8.0-openjdk-1.8.0.222.b10-1.el7_7.x86_64/jre/lib/jsse.jar:/usr/lib/jvm/java-1.8.0-openjdk-1.8.0.222.b10-1.el7_7.x86_64/jre/lib/jce.jar:/usr/lib/jvm/java-1.8.0-openjdk-1.8.0.222.b10-1.el7_7.x86_64/jre/lib/charsets.jar:/usr/lib/jvm/java-1.8.0-openjdk-1.8.0.222.b10-1.el7_7.x86_64/jre/lib/jfr.jar:/usr/lib/jvm/java-1.8.0-openjdk-1.8.0.222.b10-1.el7_7.x86_64/jre/classes"/>
    <property name="sun.management.compiler" value="HotSpot 64-Bit Tiered Compilers"/>
    <property name="java.runtime.version" value="1.8.0_222-b10"/>
    <property name="java.net.preferIPv4Stack" value="true"/>
    <property name="user.name" value="jenkins1000"/>
    <property name="path.separator" value=":"/>
    <property name="java.security.egd" value="file:///dev/urandom"/>
    <property name="os.version" value="3.10.0-957.12.2.el7.x86_64"/>
    <property name="java.endorsed.dirs" value="/usr/lib/jvm/java-1.8.0-openjdk-1.8.0.222.b10-1.el7_7.x86_64/jre/lib/endorsed"/>
    <property name="java.runtime.name" value="OpenJDK Runtime Environment"/>
    <property name="file.encoding" value="ANSI_X3.4-1968"/>
    <property name="java.vm.name" value="OpenJDK 64-Bit Server VM"/>
    <property name="test.build.webapps" value=""/>
    <property name="localRepository" value="/home/user/.m2/repository"/>
    <property name="java.vendor.url.bug" value="http://bugreport.sun.com/bugreport/"/>
    <property name="java.io.tmpdir" value="/tmp"/>
    <property name="require.test.libhadoop" value=""/>
    <property name="java.version" value="1.8.0_222"/>
    <property name="user.dir" value="/workdir/hadoop-ozone/integration-test"/>
    <property name="os.arch" value="amd64"/>
    <property name="java.vm.specification.name" value="Java Virtual Machine Specification"/>
    <property name="test.build.classes" value="/workdir/hadoop-ozone/integration-test/target/test-classes"/>
    <property name="java.awt.printerjob" value="sun.print.PSPrinterJob"/>
    <property name="sun.os.patch.level" value="unknown"/>
    <property name="hadoop.tmp.dir" value="/workdir/hadoop-ozone/integration-test/target/tmp"/>
    <property name="java.library.path" value="/usr/lib:/workdir/hadoop-ozone/integration-test/target/native/target/usr/local/lib:/workdir/hadoop-ozone/integration-test/../../hadoop-common-project/hadoop-common/target/native/target/usr/local/lib:/usr/java/packages/lib/amd64:/usr/lib64:/lib64:/lib:/usr/lib"/>
    <property name="java.vm.info" value="mixed mode"/>
    <property name="java.vendor" value="Oracle Corporation"/>
    <property name="java.vm.version" value="25.222-b10"/>
    <property name="java.ext.dirs" value="/usr/lib/jvm/java-1.8.0-openjdk-1.8.0.222.b10-1.el7_7.x86_64/jre/lib/ext:/usr/java/packages/lib/ext"/>
    <property name="sun.io.unicode.encoding" value="UnicodeLittle"/>
    <property name="java.class.version" value="52.0"/>
  </properties>
  <testcase name="testMultiBlockWritesWithIntermittentDnFailures" classname="org.apache.hadoop.ozone.client.rpc.TestMultiBlockWritesWithDnFailures" time="49.184">
    <failure message="expected:&lt;6&gt; but was:&lt;4&gt;" type="java.lang.AssertionError"><![CDATA[java.lang.AssertionError: expected:<6> but was:<4>
	at org.junit.Assert.fail(Assert.java:88)
	at org.junit.Assert.failNotEquals(Assert.java:743)
	at org.junit.Assert.assertEquals(Assert.java:118)
	at org.junit.Assert.assertEquals(Assert.java:555)
	at org.junit.Assert.assertEquals(Assert.java:542)
	at org.apache.hadoop.ozone.client.rpc.TestMultiBlockWritesWithDnFailures.testMultiBlockWritesWithIntermittentDnFailures(TestMultiBlockWritesWithDnFailures.java:176)
	at sun.reflect.NativeMethodAccessorImpl.invoke0(Native Method)
	at sun.reflect.NativeMethodAccessorImpl.invoke(NativeMethodAccessorImpl.java:62)
	at sun.reflect.DelegatingMethodAccessorImpl.invoke(DelegatingMethodAccessorImpl.java:43)
	at java.lang.reflect.Method.invoke(Method.java:498)
	at org.junit.runners.model.FrameworkMethod$1.runReflectiveCall(FrameworkMethod.java:47)
	at org.junit.internal.runners.model.ReflectiveCallable.run(ReflectiveCallable.java:12)
	at org.junit.runners.model.FrameworkMethod.invokeExplosively(FrameworkMethod.java:44)
	at org.junit.internal.runners.statements.InvokeMethod.evaluate(InvokeMethod.java:17)
	at org.junit.internal.runners.statements.RunAfters.evaluate(RunAfters.java:27)
	at org.junit.runners.ParentRunner.runLeaf(ParentRunner.java:271)
	at org.junit.runners.BlockJUnit4ClassRunner.runChild(BlockJUnit4ClassRunner.java:70)
	at org.junit.runners.BlockJUnit4ClassRunner.runChild(BlockJUnit4ClassRunner.java:50)
	at org.junit.runners.ParentRunner$3.run(ParentRunner.java:238)
	at org.junit.runners.ParentRunner$1.schedule(ParentRunner.java:63)
	at org.junit.runners.ParentRunner.runChildren(ParentRunner.java:236)
	at org.junit.runners.ParentRunner.access$000(ParentRunner.java:53)
	at org.junit.runners.ParentRunner$2.evaluate(ParentRunner.java:229)
	at org.junit.runners.ParentRunner.run(ParentRunner.java:309)
	at org.apache.maven.surefire.junit4.JUnit4Provider.execute(JUnit4Provider.java:365)
	at org.apache.maven.surefire.junit4.JUnit4Provider.executeWithRerun(JUnit4Provider.java:273)
	at org.apache.maven.surefire.junit4.JUnit4Provider.executeTestSet(JUnit4Provider.java:238)
	at org.apache.maven.surefire.junit4.JUnit4Provider.invoke(JUnit4Provider.java:159)
	at org.apache.maven.surefire.booter.ForkedBooter.invokeProviderInSameClassLoader(ForkedBooter.java:384)
	at org.apache.maven.surefire.booter.ForkedBooter.runSuitesInProcess(ForkedBooter.java:345)
	at org.apache.maven.surefire.booter.ForkedBooter.execute(ForkedBooter.java:126)
	at org.apache.maven.surefire.booter.ForkedBooter.main(ForkedBooter.java:418)
]]></failure>
    <system-out><![CDATA[2019-10-15 16:29:21,562 [main] WARN  server.ServerUtils (ServerUtils.java:getScmDbDir(145)) - ozone.scm.db.dirs is not configured. We recommend adding this setting. Falling back to ozone.metadata.dirs instead.
2019-10-15 16:29:21,715 [main] WARN  server.ServerUtils (ServerUtils.java:getScmDbDir(145)) - ozone.scm.db.dirs is not configured. We recommend adding this setting. Falling back to ozone.metadata.dirs instead.
2019-10-15 16:29:21,719 [main] WARN  server.ServerUtils (ServerUtils.java:getScmDbDir(145)) - ozone.scm.db.dirs is not configured. We recommend adding this setting. Falling back to ozone.metadata.dirs instead.
2019-10-15 16:29:21,748 [main] INFO  util.log (Log.java:initialized(192)) - Logging initialized @901ms
2019-10-15 16:29:21,845 [main] INFO  db.DBStoreBuilder (DBStoreBuilder.java:addTable(117)) - using custom profile for table: deletedBlocks
2019-10-15 16:29:21,846 [main] INFO  db.DBStoreBuilder (DBStoreBuilder.java:processTables(168)) - Using default column profile:DBProfile.DISK for Table:deletedBlocks
2019-10-15 16:29:21,846 [main] INFO  db.DBStoreBuilder (DBStoreBuilder.java:addTable(117)) - using custom profile for table: validCerts
2019-10-15 16:29:21,846 [main] INFO  db.DBStoreBuilder (DBStoreBuilder.java:processTables(168)) - Using default column profile:DBProfile.DISK for Table:validCerts
2019-10-15 16:29:21,847 [main] INFO  db.DBStoreBuilder (DBStoreBuilder.java:addTable(117)) - using custom profile for table: revokedCerts
2019-10-15 16:29:21,847 [main] INFO  db.DBStoreBuilder (DBStoreBuilder.java:processTables(168)) - Using default column profile:DBProfile.DISK for Table:revokedCerts
2019-10-15 16:29:21,858 [main] INFO  db.DBStoreBuilder (DBStoreBuilder.java:addTable(117)) - using custom profile for table: default
2019-10-15 16:29:21,858 [main] INFO  db.DBStoreBuilder (DBStoreBuilder.java:processTables(174)) - Using default column profile:DBProfile.DISK for Table:default
2019-10-15 16:29:21,859 [main] INFO  db.DBStoreBuilder (DBStoreBuilder.java:getDbProfile(205)) - Using default options. DBProfile.DISK
2019-10-15 16:29:22,271 [main] INFO  net.NodeSchemaLoader (NodeSchemaLoader.java:loadSchemaFromFile(125)) - Loading file from sun.misc.CompoundEnumeration@6b2ea799
2019-10-15 16:29:22,273 [main] INFO  net.NodeSchemaLoader (NodeSchemaLoader.java:loadSchema(171)) - Loading network topology layer schema file
2019-10-15 16:29:22,332 [main] INFO  node.SCMNodeManager (SCMNodeManager.java:<init>(116)) - Entering startup safe mode.
2019-10-15 16:29:22,394 [main] INFO  algorithms.ContainerPlacementPolicyFactory (ContainerPlacementPolicyFactory.java:getPolicy(57)) - Create container placement policy of type org.apache.hadoop.hdds.scm.container.placement.algorithms.SCMContainerPlacementRandom
2019-10-15 16:29:22,408 [main] WARN  server.ServerUtils (ServerUtils.java:getScmDbDir(145)) - ozone.scm.db.dirs is not configured. We recommend adding this setting. Falling back to ozone.metadata.dirs instead.
2019-10-15 16:29:22,534 [main] INFO  pipeline.SCMPipelineManager (SCMPipelineManager.java:initializePipelineState(132)) - No pipeline exists in current db
2019-10-15 16:29:22,538 [main] WARN  server.ServerUtils (ServerUtils.java:getScmDbDir(145)) - ozone.scm.db.dirs is not configured. We recommend adding this setting. Falling back to ozone.metadata.dirs instead.
2019-10-15 16:29:22,717 [main] WARN  events.EventQueue (EventQueue.java:fireEvent(183)) - No event handler registered for event TypedEvent{payloadType=SafeModeStatus, name='SafeModeStatus'}
2019-10-15 16:29:23,068 [main] INFO  ipc.CallQueueManager (CallQueueManager.java:<init>(84)) - Using callQueue: class java.util.concurrent.LinkedBlockingQueue, queueCapacity: 2000, scheduler: class org.apache.hadoop.ipc.DefaultRpcScheduler, ipcBackoff: false.
2019-10-15 16:29:23,093 [Socket Reader #1 for port 43719] INFO  ipc.Server (Server.java:run(1074)) - Starting Socket Reader #1 for port 43719
2019-10-15 16:29:23,206 [main] INFO  ipc.CallQueueManager (CallQueueManager.java:<init>(84)) - Using callQueue: class java.util.concurrent.LinkedBlockingQueue, queueCapacity: 2000, scheduler: class org.apache.hadoop.ipc.DefaultRpcScheduler, ipcBackoff: false.
2019-10-15 16:29:23,207 [Socket Reader #1 for port 41954] INFO  ipc.Server (Server.java:run(1074)) - Starting Socket Reader #1 for port 41954
2019-10-15 16:29:23,215 [main] INFO  ipc.CallQueueManager (CallQueueManager.java:<init>(84)) - Using callQueue: class java.util.concurrent.LinkedBlockingQueue, queueCapacity: 2000, scheduler: class org.apache.hadoop.ipc.DefaultRpcScheduler, ipcBackoff: false.
2019-10-15 16:29:23,216 [Socket Reader #1 for port 45308] INFO  ipc.Server (Server.java:run(1074)) - Starting Socket Reader #1 for port 45308
2019-10-15 16:29:23,239 [main] INFO  hdfs.DFSUtil (DFSUtil.java:httpServerTemplateForNNAndJN(1641)) - Starting Web-server for scm at: http://0.0.0.0:0
2019-10-15 16:29:23,374 [main] INFO  server.AuthenticationFilter (AuthenticationFilter.java:constructSecretProvider(240)) - Unable to initialize FileSignerSecretProvider, falling back to use random secrets.
2019-10-15 16:29:23,382 [main] WARN  http.HttpRequestLog (HttpRequestLog.java:getRequestLog(97)) - Jetty request log can only be enabled using Log4j
2019-10-15 16:29:23,389 [main] INFO  http.HttpServer2 (HttpServer2.java:addGlobalFilter(975)) - Added global filter 'safety' (class=org.apache.hadoop.http.HttpServer2$QuotingInputFilter)
2019-10-15 16:29:23,391 [main] INFO  http.HttpServer2 (HttpServer2.java:addFilter(948)) - Added filter static_user_filter (class=org.apache.hadoop.http.lib.StaticUserWebFilter$StaticUserFilter) to context scm
2019-10-15 16:29:23,392 [main] INFO  http.HttpServer2 (HttpServer2.java:addFilter(958)) - Added filter static_user_filter (class=org.apache.hadoop.http.lib.StaticUserWebFilter$StaticUserFilter) to context logs
2019-10-15 16:29:23,392 [main] INFO  http.HttpServer2 (HttpServer2.java:addFilter(958)) - Added filter static_user_filter (class=org.apache.hadoop.http.lib.StaticUserWebFilter$StaticUserFilter) to context static
2019-10-15 16:29:23,421 [main] INFO  server.StorageContainerManager (StorageContainerManager.java:start(772)) - StorageContainerLocationProtocol RPC server is listening at /0.0.0.0:45308
2019-10-15 16:29:23,479 [main] WARN  impl.MetricsConfig (MetricsConfig.java:loadFirst(134)) - Cannot locate configuration: tried hadoop-metrics2-storagecontainermanager.properties,hadoop-metrics2.properties
2019-10-15 16:29:23,492 [main] INFO  impl.MetricsSystemImpl (MetricsSystemImpl.java:startTimer(374)) - Scheduled Metric snapshot period at 10 second(s).
2019-10-15 16:29:23,492 [main] INFO  impl.MetricsSystemImpl (MetricsSystemImpl.java:start(191)) - StorageContainerManager metrics system started
2019-10-15 16:29:23,717 [main] INFO  server.SCMClientProtocolServer (SCMClientProtocolServer.java:start(159)) - RPC server for Client  is listening at /0.0.0.0:45308
2019-10-15 16:29:23,718 [IPC Server Responder] INFO  ipc.Server (Server.java:run(1314)) - IPC Server Responder: starting
2019-10-15 16:29:23,718 [IPC Server listener on 45308] INFO  ipc.Server (Server.java:run(1153)) - IPC Server listener on 45308: starting
2019-10-15 16:29:23,720 [main] INFO  server.StorageContainerManager (StorageContainerManager.java:start(782)) - ScmBlockLocationProtocol RPC server is listening at /0.0.0.0:41954
2019-10-15 16:29:23,721 [main] INFO  server.SCMBlockProtocolServer (SCMBlockProtocolServer.java:start(146)) - RPC server for Block Protocol is listening at /0.0.0.0:41954
2019-10-15 16:29:23,721 [IPC Server Responder] INFO  ipc.Server (Server.java:run(1314)) - IPC Server Responder: starting
2019-10-15 16:29:23,721 [IPC Server listener on 41954] INFO  ipc.Server (Server.java:run(1153)) - IPC Server listener on 41954: starting
2019-10-15 16:29:23,723 [main] INFO  server.StorageContainerManager (StorageContainerManager.java:start(786)) - ScmDatanodeProtocl RPC server is listening at /0.0.0.0:43719
2019-10-15 16:29:23,723 [main] INFO  server.SCMDatanodeProtocolServer (SCMDatanodeProtocolServer.java:start(169)) - RPC server for DataNodes is listening at /0.0.0.0:43719
2019-10-15 16:29:23,724 [IPC Server Responder] INFO  ipc.Server (Server.java:run(1314)) - IPC Server Responder: starting
2019-10-15 16:29:23,724 [IPC Server listener on 43719] INFO  ipc.Server (Server.java:run(1153)) - IPC Server listener on 43719: starting
2019-10-15 16:29:23,727 [main] INFO  http.HttpServer2 (HttpServer2.java:bindListener(1191)) - Jetty bound to port 37687
2019-10-15 16:29:23,728 [main] INFO  server.Server (Server.java:doStart(351)) - jetty-9.3.25.v20180904, build timestamp: 2018-09-04T21:11:46Z, git hash: 3ce520221d0240229c862b122d2b06c12a625732
2019-10-15 16:29:23,758 [main] INFO  handler.ContextHandler (ContextHandler.java:doStart(781)) - Started o.e.j.s.ServletContextHandler@340da44c{/logs,file:///workdir/hadoop-ozone/integration-test/target/log,AVAILABLE}
2019-10-15 16:29:23,758 [main] INFO  handler.ContextHandler (ContextHandler.java:doStart(781)) - Started o.e.j.s.ServletContextHandler@37052337{/static,file:///workdir/hadoop-ozone/integration-test/target/test-classes/webapps/static,AVAILABLE}
2019-10-15 16:29:23,788 [main] INFO  handler.ContextHandler (ContextHandler.java:doStart(781)) - Started o.e.j.w.WebAppContext@3b366632{/,file:///workdir/hadoop-ozone/integration-test/target/test-classes/webapps/scm/,AVAILABLE}{/scm}
2019-10-15 16:29:23,794 [main] INFO  server.AbstractConnector (AbstractConnector.java:doStart(278)) - Started ServerConnector@6815c5f2{HTTP/1.1,[http/1.1]}{0.0.0.0:37687}
2019-10-15 16:29:23,795 [main] INFO  server.Server (Server.java:doStart(419)) - Started @2948ms
2019-10-15 16:29:23,797 [main] INFO  impl.MetricsSinkAdapter (MetricsSinkAdapter.java:start(204)) - Sink prometheus started
2019-10-15 16:29:23,797 [main] INFO  impl.MetricsSystemImpl (MetricsSystemImpl.java:registerSink(301)) - Registered sink prometheus
2019-10-15 16:29:23,799 [main] INFO  server.BaseHttpServer (BaseHttpServer.java:updateConnectorAddress(215)) - HTTP server of SCM is listening at http://0.0.0.0:37687
2019-10-15 16:29:23,805 [org.apache.hadoop.util.JvmPauseMonitor$Monitor@4263b080] INFO  util.JvmPauseMonitor (JvmPauseMonitor.java:run(188)) - Starting JVM pause monitor
2019-10-15 16:29:23,808 [main] WARN  server.ServerUtils (ServerUtils.java:getDBPath(222)) - ozone.om.db.dirs is not configured. We recommend adding this setting. Falling back to ozone.metadata.dirs instead.
2019-10-15 16:29:23,904 [main] INFO  ha.OMHANodeDetails (OMHANodeDetails.java:loadOMHAConfig(190)) - Configuration either no ozone.om.address set. Falling back to the default OM address /127.0.0.1:0
2019-10-15 16:29:23,904 [main] INFO  ha.OMHANodeDetails (OMHANodeDetails.java:getOMNodeDetails(220)) - OM Service ID is not set. Setting it to the default ID: omServiceIdDefault
2019-10-15 16:29:23,907 [main] WARN  server.ServerUtils (ServerUtils.java:getDBPath(222)) - ozone.om.db.dirs is not configured. We recommend adding this setting. Falling back to ozone.metadata.dirs instead.
2019-10-15 16:29:23,908 [main] WARN  server.ServerUtils (ServerUtils.java:getDBPath(222)) - ozone.om.db.dirs is not configured. We recommend adding this setting. Falling back to ozone.metadata.dirs instead.
2019-10-15 16:29:24,459 [main] WARN  server.ServerUtils (ServerUtils.java:getDBPath(222)) - ozone.om.db.dirs is not configured. We recommend adding this setting. Falling back to ozone.metadata.dirs instead.
2019-10-15 16:29:24,467 [main] INFO  db.DBStoreBuilder (DBStoreBuilder.java:addTable(117)) - using custom profile for table: userTable
2019-10-15 16:29:24,467 [main] INFO  db.DBStoreBuilder (DBStoreBuilder.java:processTables(168)) - Using default column profile:DBProfile.DISK for Table:userTable
2019-10-15 16:29:24,468 [main] INFO  db.DBStoreBuilder (DBStoreBuilder.java:addTable(117)) - using custom profile for table: volumeTable
2019-10-15 16:29:24,468 [main] INFO  db.DBStoreBuilder (DBStoreBuilder.java:processTables(168)) - Using default column profile:DBProfile.DISK for Table:volumeTable
2019-10-15 16:29:24,468 [main] INFO  db.DBStoreBuilder (DBStoreBuilder.java:addTable(117)) - using custom profile for table: bucketTable
2019-10-15 16:29:24,468 [main] INFO  db.DBStoreBuilder (DBStoreBuilder.java:processTables(168)) - Using default column profile:DBProfile.DISK for Table:bucketTable
2019-10-15 16:29:24,469 [main] INFO  db.DBStoreBuilder (DBStoreBuilder.java:addTable(117)) - using custom profile for table: keyTable
2019-10-15 16:29:24,469 [main] INFO  db.DBStoreBuilder (DBStoreBuilder.java:processTables(168)) - Using default column profile:DBProfile.DISK for Table:keyTable
2019-10-15 16:29:24,469 [main] INFO  db.DBStoreBuilder (DBStoreBuilder.java:addTable(117)) - using custom profile for table: deletedTable
2019-10-15 16:29:24,469 [main] INFO  db.DBStoreBuilder (DBStoreBuilder.java:processTables(168)) - Using default column profile:DBProfile.DISK for Table:deletedTable
2019-10-15 16:29:24,469 [main] INFO  db.DBStoreBuilder (DBStoreBuilder.java:addTable(117)) - using custom profile for table: openKeyTable
2019-10-15 16:29:24,470 [main] INFO  db.DBStoreBuilder (DBStoreBuilder.java:processTables(168)) - Using default column profile:DBProfile.DISK for Table:openKeyTable
2019-10-15 16:29:24,470 [main] INFO  db.DBStoreBuilder (DBStoreBuilder.java:addTable(117)) - using custom profile for table: s3Table
2019-10-15 16:29:24,470 [main] INFO  db.DBStoreBuilder (DBStoreBuilder.java:processTables(168)) - Using default column profile:DBProfile.DISK for Table:s3Table
2019-10-15 16:29:24,470 [main] INFO  db.DBStoreBuilder (DBStoreBuilder.java:addTable(117)) - using custom profile for table: multipartInfoTable
2019-10-15 16:29:24,471 [main] INFO  db.DBStoreBuilder (DBStoreBuilder.java:processTables(168)) - Using default column profile:DBProfile.DISK for Table:multipartInfoTable
2019-10-15 16:29:24,471 [main] INFO  db.DBStoreBuilder (DBStoreBuilder.java:addTable(117)) - using custom profile for table: dTokenTable
2019-10-15 16:29:24,471 [main] INFO  db.DBStoreBuilder (DBStoreBuilder.java:processTables(168)) - Using default column profile:DBProfile.DISK for Table:dTokenTable
2019-10-15 16:29:24,471 [main] INFO  db.DBStoreBuilder (DBStoreBuilder.java:addTable(117)) - using custom profile for table: s3SecretTable
2019-10-15 16:29:24,472 [main] INFO  db.DBStoreBuilder (DBStoreBuilder.java:processTables(168)) - Using default column profile:DBProfile.DISK for Table:s3SecretTable
2019-10-15 16:29:24,472 [main] INFO  db.DBStoreBuilder (DBStoreBuilder.java:addTable(117)) - using custom profile for table: prefixTable
2019-10-15 16:29:24,472 [main] INFO  db.DBStoreBuilder (DBStoreBuilder.java:processTables(168)) - Using default column profile:DBProfile.DISK for Table:prefixTable
2019-10-15 16:29:24,472 [main] INFO  db.DBStoreBuilder (DBStoreBuilder.java:addTable(117)) - using custom profile for table: default
2019-10-15 16:29:24,473 [main] INFO  db.DBStoreBuilder (DBStoreBuilder.java:processTables(174)) - Using default column profile:DBProfile.DISK for Table:default
2019-10-15 16:29:24,473 [main] INFO  db.DBStoreBuilder (DBStoreBuilder.java:getDbProfile(205)) - Using default options. DBProfile.DISK
2019-10-15 16:29:25,321 [main] INFO  ipc.CallQueueManager (CallQueueManager.java:<init>(84)) - Using callQueue: class java.util.concurrent.LinkedBlockingQueue, queueCapacity: 2000, scheduler: class org.apache.hadoop.ipc.DefaultRpcScheduler, ipcBackoff: false.
2019-10-15 16:29:25,322 [Socket Reader #1 for port 45173] INFO  ipc.Server (Server.java:run(1074)) - Starting Socket Reader #1 for port 45173
2019-10-15 16:29:25,344 [main] INFO  om.OzoneManager (OzoneManager.java:start(1071)) - OzoneManager RPC server is listening at localhost/127.0.0.1:45173
2019-10-15 16:29:25,344 [main] INFO  impl.MetricsSystemImpl (MetricsSystemImpl.java:init(158)) - OzoneManager metrics system started (again)
2019-10-15 16:29:25,352 [IPC Server Responder] INFO  ipc.Server (Server.java:run(1314)) - IPC Server Responder: starting
2019-10-15 16:29:25,352 [IPC Server listener on 45173] INFO  ipc.Server (Server.java:run(1153)) - IPC Server listener on 45173: starting
2019-10-15 16:29:25,359 [main] INFO  hdfs.DFSUtil (DFSUtil.java:httpServerTemplateForNNAndJN(1641)) - Starting Web-server for ozoneManager at: http://0.0.0.0:0
2019-10-15 16:29:25,360 [main] INFO  server.AuthenticationFilter (AuthenticationFilter.java:constructSecretProvider(240)) - Unable to initialize FileSignerSecretProvider, falling back to use random secrets.
2019-10-15 16:29:25,361 [main] WARN  http.HttpRequestLog (HttpRequestLog.java:getRequestLog(97)) - Jetty request log can only be enabled using Log4j
2019-10-15 16:29:25,363 [main] INFO  http.HttpServer2 (HttpServer2.java:addGlobalFilter(975)) - Added global filter 'safety' (class=org.apache.hadoop.http.HttpServer2$QuotingInputFilter)
2019-10-15 16:29:25,364 [main] INFO  http.HttpServer2 (HttpServer2.java:addFilter(948)) - Added filter static_user_filter (class=org.apache.hadoop.http.lib.StaticUserWebFilter$StaticUserFilter) to context ozoneManager
2019-10-15 16:29:25,364 [main] INFO  http.HttpServer2 (HttpServer2.java:addFilter(958)) - Added filter static_user_filter (class=org.apache.hadoop.http.lib.StaticUserWebFilter$StaticUserFilter) to context logs
2019-10-15 16:29:25,364 [main] INFO  http.HttpServer2 (HttpServer2.java:addFilter(958)) - Added filter static_user_filter (class=org.apache.hadoop.http.lib.StaticUserWebFilter$StaticUserFilter) to context static
2019-10-15 16:29:25,366 [main] INFO  http.HttpServer2 (HttpServer2.java:bindListener(1191)) - Jetty bound to port 37004
2019-10-15 16:29:25,366 [main] INFO  server.Server (Server.java:doStart(351)) - jetty-9.3.25.v20180904, build timestamp: 2018-09-04T21:11:46Z, git hash: 3ce520221d0240229c862b122d2b06c12a625732
2019-10-15 16:29:25,370 [main] INFO  handler.ContextHandler (ContextHandler.java:doStart(781)) - Started o.e.j.s.ServletContextHandler@6b63d445{/logs,file:///workdir/hadoop-ozone/integration-test/target/log,AVAILABLE}
2019-10-15 16:29:25,370 [main] INFO  handler.ContextHandler (ContextHandler.java:doStart(781)) - Started o.e.j.s.ServletContextHandler@30b2b76f{/static,file:///workdir/hadoop-ozone/integration-test/target/test-classes/webapps/static,AVAILABLE}
2019-10-15 16:29:25,385 [main] INFO  handler.ContextHandler (ContextHandler.java:doStart(781)) - Started o.e.j.w.WebAppContext@12db3386{/,file:///workdir/hadoop-ozone/integration-test/target/test-classes/webapps/ozoneManager/,AVAILABLE}{/ozoneManager}
2019-10-15 16:29:25,386 [main] INFO  server.AbstractConnector (AbstractConnector.java:doStart(278)) - Started ServerConnector@4078695f{HTTP/1.1,[http/1.1]}{0.0.0.0:37004}
2019-10-15 16:29:25,387 [main] INFO  server.Server (Server.java:doStart(419)) - Started @4540ms
2019-10-15 16:29:25,387 [main] WARN  impl.MetricsSystemImpl (MetricsSystemImpl.java:register(276)) - Sink prometheus already exists!
2019-10-15 16:29:25,388 [main] INFO  server.BaseHttpServer (BaseHttpServer.java:updateConnectorAddress(215)) - HTTP server of OZONEMANAGER is listening at http://0.0.0.0:37004
2019-10-15 16:29:25,683 [main] INFO  impl.MetricsSystemImpl (MetricsSystemImpl.java:init(158)) - HddsDatanode metrics system started (again)
2019-10-15 16:29:25,727 [main] INFO  ozone.HddsDatanodeService (HddsDatanodeService.java:start(184)) - HddsDatanodeService host:pr-hdds-2302-bqc8v-2513969318 ip:192.168.164.239
2019-10-15 16:29:25,759 [main] INFO  volume.HddsVolume (HddsVolume.java:<init>(176)) - Creating Volume: /workdir/hadoop-ozone/integration-test/target/test-dir/MiniOzoneClusterImpl-beab53a1-ec34-46da-8591-07ed803d9383/datanode-0/data/containers/hdds of  storage type : DISK and capacity : 1482555576320
2019-10-15 16:29:25,761 [main] INFO  volume.VolumeSet (VolumeSet.java:initializeVolumeSet(170)) - Added Volume : /workdir/hadoop-ozone/integration-test/target/test-dir/MiniOzoneClusterImpl-beab53a1-ec34-46da-8591-07ed803d9383/datanode-0/data/containers/hdds to VolumeSet
2019-10-15 16:29:25,764 [main] INFO  volume.ThrottledAsyncChecker (ThrottledAsyncChecker.java:schedule(141)) - Scheduling a check for /workdir/hadoop-ozone/integration-test/target/test-dir/MiniOzoneClusterImpl-beab53a1-ec34-46da-8591-07ed803d9383/datanode-0/data/containers/hdds
2019-10-15 16:29:25,780 [main] INFO  volume.HddsVolumeChecker (HddsVolumeChecker.java:checkAllVolumes(204)) - Scheduled health check for volume /workdir/hadoop-ozone/integration-test/target/test-dir/MiniOzoneClusterImpl-beab53a1-ec34-46da-8591-07ed803d9383/datanode-0/data/containers/hdds
2019-10-15 16:29:25,884 [main] INFO  impl.RaftServerProxy (ConfUtils.java:logGet(43)) - raft.rpc.type = GRPC (default)
2019-10-15 16:29:25,943 [main] INFO  grpc.GrpcFactory (GrpcFactory.java:checkPooledByteBufAllocatorUseCacheForAllThreads(45)) - PERFORMANCE WARNING: useCacheForAllThreads is true that may cause Netty to create a lot garbage objects and, as a result, trigger GC.
	It is recommended to disable useCacheForAllThreads by setting -Dorg.apache.ratis.thirdparty.io.netty.allocator.useCacheForAllThreads=false in command line.
2019-10-15 16:29:25,948 [main] INFO  grpc.GrpcConfigKeys$Server (ConfUtils.java:logGet(43)) - raft.grpc.server.port = 0 (default)
2019-10-15 16:29:25,949 [main] INFO  server.GrpcService (ConfUtils.java:logGet(43)) - raft.grpc.message.size.max = 33570816 (custom)
2019-10-15 16:29:25,950 [main] INFO  server.RaftServerConfigKeys (ConfUtils.java:logGet(43)) - raft.server.log.appender.buffer.byte-limit = 33554432 (custom)
2019-10-15 16:29:25,951 [main] INFO  server.GrpcService (ConfUtils.java:logGet(43)) - raft.grpc.flow.control.window = 1MB (=1048576) (default)
2019-10-15 16:29:25,952 [main] INFO  server.RaftServerConfigKeys (ConfUtils.java:logGet(43)) - raft.server.rpc.request.timeout = 3000ms (default)
2019-10-15 16:29:26,112 [main] INFO  server.RaftServerConfigKeys (ConfUtils.java:logGet(43)) - raft.server.storage.dir = [/workdir/hadoop-ozone/integration-test/target/test-dir/MiniOzoneClusterImpl-beab53a1-ec34-46da-8591-07ed803d9383/datanode-0/data/ratis] (custom)
2019-10-15 16:29:26,176 [main] INFO  hdfs.DFSUtil (DFSUtil.java:httpServerTemplateForNNAndJN(1641)) - Starting Web-server for hddsDatanode at: http://0.0.0.0:0
2019-10-15 16:29:26,178 [main] INFO  server.AuthenticationFilter (AuthenticationFilter.java:constructSecretProvider(240)) - Unable to initialize FileSignerSecretProvider, falling back to use random secrets.
2019-10-15 16:29:26,178 [main] WARN  http.HttpRequestLog (HttpRequestLog.java:getRequestLog(97)) - Jetty request log can only be enabled using Log4j
2019-10-15 16:29:26,180 [main] INFO  http.HttpServer2 (HttpServer2.java:addGlobalFilter(975)) - Added global filter 'safety' (class=org.apache.hadoop.http.HttpServer2$QuotingInputFilter)
2019-10-15 16:29:26,181 [main] INFO  http.HttpServer2 (HttpServer2.java:addFilter(948)) - Added filter static_user_filter (class=org.apache.hadoop.http.lib.StaticUserWebFilter$StaticUserFilter) to context hddsDatanode
2019-10-15 16:29:26,181 [main] INFO  http.HttpServer2 (HttpServer2.java:addFilter(958)) - Added filter static_user_filter (class=org.apache.hadoop.http.lib.StaticUserWebFilter$StaticUserFilter) to context static
2019-10-15 16:29:26,181 [main] INFO  http.HttpServer2 (HttpServer2.java:addFilter(958)) - Added filter static_user_filter (class=org.apache.hadoop.http.lib.StaticUserWebFilter$StaticUserFilter) to context logs
2019-10-15 16:29:26,182 [main] INFO  http.HttpServer2 (HttpServer2.java:bindListener(1191)) - Jetty bound to port 42707
2019-10-15 16:29:26,182 [main] INFO  server.Server (Server.java:doStart(351)) - jetty-9.3.25.v20180904, build timestamp: 2018-09-04T21:11:46Z, git hash: 3ce520221d0240229c862b122d2b06c12a625732
2019-10-15 16:29:26,184 [main] INFO  handler.ContextHandler (ContextHandler.java:doStart(781)) - Started o.e.j.s.ServletContextHandler@644ded04{/logs,file:///workdir/hadoop-ozone/integration-test/target/log,AVAILABLE}
2019-10-15 16:29:26,185 [main] INFO  handler.ContextHandler (ContextHandler.java:doStart(781)) - Started o.e.j.s.ServletContextHandler@13d9261f{/static,jar:file:/home/user/.m2/repository/org/apache/hadoop/hadoop-hdds-container-service/0.5.0-SNAPSHOT/hadoop-hdds-container-service-0.5.0-SNAPSHOT.jar!/webapps/static,AVAILABLE}
2019-10-15 16:29:26,224 [main] INFO  handler.ContextHandler (ContextHandler.java:doStart(781)) - Started o.e.j.w.WebAppContext@61cd1c71{/,file:///tmp/jetty-0.0.0.0-42707-hddsDatanode-_-any-5256634821368931073.dir/webapp/,AVAILABLE}{/hddsDatanode}
2019-10-15 16:29:26,225 [main] INFO  server.AbstractConnector (AbstractConnector.java:doStart(278)) - Started ServerConnector@6724cdec{HTTP/1.1,[http/1.1]}{0.0.0.0:42707}
2019-10-15 16:29:26,225 [main] INFO  server.Server (Server.java:doStart(419)) - Started @5379ms
2019-10-15 16:29:26,225 [main] WARN  impl.MetricsSystemImpl (MetricsSystemImpl.java:register(276)) - Sink prometheus already exists!
2019-10-15 16:29:26,227 [main] INFO  server.BaseHttpServer (BaseHttpServer.java:updateConnectorAddress(215)) - HTTP server of HDDSDATANODE is listening at http://0.0.0.0:42707
2019-10-15 16:29:26,228 [main] INFO  impl.MetricsSystemImpl (MetricsSystemImpl.java:init(158)) - HddsDatanode metrics system started (again)
2019-10-15 16:29:26,231 [main] INFO  ozone.HddsDatanodeService (HddsDatanodeService.java:start(184)) - HddsDatanodeService host:pr-hdds-2302-bqc8v-2513969318 ip:192.168.164.239
2019-10-15 16:29:26,234 [org.apache.hadoop.util.JvmPauseMonitor$Monitor@72408d4f] INFO  util.JvmPauseMonitor (JvmPauseMonitor.java:run(188)) - Starting JVM pause monitor
2019-10-15 16:29:26,239 [main] INFO  volume.HddsVolume (HddsVolume.java:<init>(176)) - Creating Volume: /workdir/hadoop-ozone/integration-test/target/test-dir/MiniOzoneClusterImpl-beab53a1-ec34-46da-8591-07ed803d9383/datanode-1/data/containers/hdds of  storage type : DISK and capacity : 1482555576320
2019-10-15 16:29:26,240 [main] INFO  volume.VolumeSet (VolumeSet.java:initializeVolumeSet(170)) - Added Volume : /workdir/hadoop-ozone/integration-test/target/test-dir/MiniOzoneClusterImpl-beab53a1-ec34-46da-8591-07ed803d9383/datanode-1/data/containers/hdds to VolumeSet
2019-10-15 16:29:26,240 [main] INFO  volume.ThrottledAsyncChecker (ThrottledAsyncChecker.java:schedule(141)) - Scheduling a check for /workdir/hadoop-ozone/integration-test/target/test-dir/MiniOzoneClusterImpl-beab53a1-ec34-46da-8591-07ed803d9383/datanode-1/data/containers/hdds
2019-10-15 16:29:26,241 [main] INFO  volume.HddsVolumeChecker (HddsVolumeChecker.java:checkAllVolumes(204)) - Scheduled health check for volume /workdir/hadoop-ozone/integration-test/target/test-dir/MiniOzoneClusterImpl-beab53a1-ec34-46da-8591-07ed803d9383/datanode-1/data/containers/hdds
2019-10-15 16:29:26,253 [main] INFO  impl.RaftServerProxy (ConfUtils.java:logGet(43)) - raft.rpc.type = GRPC (default)
2019-10-15 16:29:26,254 [main] INFO  grpc.GrpcFactory (GrpcFactory.java:checkPooledByteBufAllocatorUseCacheForAllThreads(45)) - PERFORMANCE WARNING: useCacheForAllThreads is true that may cause Netty to create a lot garbage objects and, as a result, trigger GC.
	It is recommended to disable useCacheForAllThreads by setting -Dorg.apache.ratis.thirdparty.io.netty.allocator.useCacheForAllThreads=false in command line.
2019-10-15 16:29:26,254 [main] INFO  grpc.GrpcConfigKeys$Server (ConfUtils.java:logGet(43)) - raft.grpc.server.port = 0 (default)
2019-10-15 16:29:26,254 [main] INFO  server.GrpcService (ConfUtils.java:logGet(43)) - raft.grpc.message.size.max = 33570816 (custom)
2019-10-15 16:29:26,254 [main] INFO  server.RaftServerConfigKeys (ConfUtils.java:logGet(43)) - raft.server.log.appender.buffer.byte-limit = 33554432 (custom)
2019-10-15 16:29:26,255 [main] INFO  server.GrpcService (ConfUtils.java:logGet(43)) - raft.grpc.flow.control.window = 1MB (=1048576) (default)
2019-10-15 16:29:26,255 [main] INFO  server.RaftServerConfigKeys (ConfUtils.java:logGet(43)) - raft.server.rpc.request.timeout = 3000ms (default)
2019-10-15 16:29:26,255 [main] INFO  server.RaftServerConfigKeys (ConfUtils.java:logGet(43)) - raft.server.storage.dir = [/workdir/hadoop-ozone/integration-test/target/test-dir/MiniOzoneClusterImpl-beab53a1-ec34-46da-8591-07ed803d9383/datanode-1/data/ratis] (custom)
2019-10-15 16:29:26,257 [main] INFO  hdfs.DFSUtil (DFSUtil.java:httpServerTemplateForNNAndJN(1641)) - Starting Web-server for hddsDatanode at: http://0.0.0.0:0
2019-10-15 16:29:26,259 [main] INFO  server.AuthenticationFilter (AuthenticationFilter.java:constructSecretProvider(240)) - Unable to initialize FileSignerSecretProvider, falling back to use random secrets.
2019-10-15 16:29:26,259 [main] WARN  http.HttpRequestLog (HttpRequestLog.java:getRequestLog(97)) - Jetty request log can only be enabled using Log4j
2019-10-15 16:29:26,261 [main] INFO  http.HttpServer2 (HttpServer2.java:addGlobalFilter(975)) - Added global filter 'safety' (class=org.apache.hadoop.http.HttpServer2$QuotingInputFilter)
2019-10-15 16:29:26,261 [main] INFO  http.HttpServer2 (HttpServer2.java:addFilter(948)) - Added filter static_user_filter (class=org.apache.hadoop.http.lib.StaticUserWebFilter$StaticUserFilter) to context hddsDatanode
2019-10-15 16:29:26,262 [main] INFO  http.HttpServer2 (HttpServer2.java:addFilter(958)) - Added filter static_user_filter (class=org.apache.hadoop.http.lib.StaticUserWebFilter$StaticUserFilter) to context static
2019-10-15 16:29:26,262 [main] INFO  http.HttpServer2 (HttpServer2.java:addFilter(958)) - Added filter static_user_filter (class=org.apache.hadoop.http.lib.StaticUserWebFilter$StaticUserFilter) to context logs
2019-10-15 16:29:26,263 [main] INFO  http.HttpServer2 (HttpServer2.java:bindListener(1191)) - Jetty bound to port 46467
2019-10-15 16:29:26,263 [main] INFO  server.Server (Server.java:doStart(351)) - jetty-9.3.25.v20180904, build timestamp: 2018-09-04T21:11:46Z, git hash: 3ce520221d0240229c862b122d2b06c12a625732
2019-10-15 16:29:26,267 [main] INFO  handler.ContextHandler (ContextHandler.java:doStart(781)) - Started o.e.j.s.ServletContextHandler@fab35b1{/logs,file:///workdir/hadoop-ozone/integration-test/target/log,AVAILABLE}
2019-10-15 16:29:26,267 [main] INFO  handler.ContextHandler (ContextHandler.java:doStart(781)) - Started o.e.j.s.ServletContextHandler@65bdd558{/static,jar:file:/home/user/.m2/repository/org/apache/hadoop/hadoop-hdds-container-service/0.5.0-SNAPSHOT/hadoop-hdds-container-service-0.5.0-SNAPSHOT.jar!/webapps/static,AVAILABLE}
2019-10-15 16:29:26,296 [main] INFO  handler.ContextHandler (ContextHandler.java:doStart(781)) - Started o.e.j.w.WebAppContext@17f2dd85{/,file:///tmp/jetty-0.0.0.0-46467-hddsDatanode-_-any-8207575867222011022.dir/webapp/,AVAILABLE}{/hddsDatanode}
2019-10-15 16:29:26,297 [main] INFO  server.AbstractConnector (AbstractConnector.java:doStart(278)) - Started ServerConnector@1e58512c{HTTP/1.1,[http/1.1]}{0.0.0.0:46467}
2019-10-15 16:29:26,298 [main] INFO  server.Server (Server.java:doStart(419)) - Started @5451ms
2019-10-15 16:29:26,298 [main] WARN  impl.MetricsSystemImpl (MetricsSystemImpl.java:register(276)) - Sink prometheus already exists!
2019-10-15 16:29:26,299 [main] INFO  server.BaseHttpServer (BaseHttpServer.java:updateConnectorAddress(215)) - HTTP server of HDDSDATANODE is listening at http://0.0.0.0:46467
2019-10-15 16:29:26,300 [main] INFO  impl.MetricsSystemImpl (MetricsSystemImpl.java:init(158)) - HddsDatanode metrics system started (again)
2019-10-15 16:29:26,302 [main] INFO  ozone.HddsDatanodeService (HddsDatanodeService.java:start(184)) - HddsDatanodeService host:pr-hdds-2302-bqc8v-2513969318 ip:192.168.164.239
2019-10-15 16:29:26,302 [org.apache.hadoop.util.JvmPauseMonitor$Monitor@46ab8ce2] INFO  util.JvmPauseMonitor (JvmPauseMonitor.java:run(188)) - Starting JVM pause monitor
2019-10-15 16:29:26,311 [main] INFO  volume.HddsVolume (HddsVolume.java:<init>(176)) - Creating Volume: /workdir/hadoop-ozone/integration-test/target/test-dir/MiniOzoneClusterImpl-beab53a1-ec34-46da-8591-07ed803d9383/datanode-2/data/containers/hdds of  storage type : DISK and capacity : 1482555576320
2019-10-15 16:29:26,311 [main] INFO  volume.VolumeSet (VolumeSet.java:initializeVolumeSet(170)) - Added Volume : /workdir/hadoop-ozone/integration-test/target/test-dir/MiniOzoneClusterImpl-beab53a1-ec34-46da-8591-07ed803d9383/datanode-2/data/containers/hdds to VolumeSet
2019-10-15 16:29:26,311 [main] INFO  volume.ThrottledAsyncChecker (ThrottledAsyncChecker.java:schedule(141)) - Scheduling a check for /workdir/hadoop-ozone/integration-test/target/test-dir/MiniOzoneClusterImpl-beab53a1-ec34-46da-8591-07ed803d9383/datanode-2/data/containers/hdds
2019-10-15 16:29:26,312 [main] INFO  volume.HddsVolumeChecker (HddsVolumeChecker.java:checkAllVolumes(204)) - Scheduled health check for volume /workdir/hadoop-ozone/integration-test/target/test-dir/MiniOzoneClusterImpl-beab53a1-ec34-46da-8591-07ed803d9383/datanode-2/data/containers/hdds
2019-10-15 16:29:26,324 [main] INFO  impl.RaftServerProxy (ConfUtils.java:logGet(43)) - raft.rpc.type = GRPC (default)
2019-10-15 16:29:26,324 [main] INFO  grpc.GrpcFactory (GrpcFactory.java:checkPooledByteBufAllocatorUseCacheForAllThreads(45)) - PERFORMANCE WARNING: useCacheForAllThreads is true that may cause Netty to create a lot garbage objects and, as a result, trigger GC.
	It is recommended to disable useCacheForAllThreads by setting -Dorg.apache.ratis.thirdparty.io.netty.allocator.useCacheForAllThreads=false in command line.
2019-10-15 16:29:26,324 [main] INFO  grpc.GrpcConfigKeys$Server (ConfUtils.java:logGet(43)) - raft.grpc.server.port = 0 (default)
2019-10-15 16:29:26,324 [main] INFO  server.GrpcService (ConfUtils.java:logGet(43)) - raft.grpc.message.size.max = 33570816 (custom)
2019-10-15 16:29:26,325 [main] INFO  server.RaftServerConfigKeys (ConfUtils.java:logGet(43)) - raft.server.log.appender.buffer.byte-limit = 33554432 (custom)
2019-10-15 16:29:26,325 [main] INFO  server.GrpcService (ConfUtils.java:logGet(43)) - raft.grpc.flow.control.window = 1MB (=1048576) (default)
2019-10-15 16:29:26,325 [main] INFO  server.RaftServerConfigKeys (ConfUtils.java:logGet(43)) - raft.server.rpc.request.timeout = 3000ms (default)
2019-10-15 16:29:26,325 [main] INFO  server.RaftServerConfigKeys (ConfUtils.java:logGet(43)) - raft.server.storage.dir = [/workdir/hadoop-ozone/integration-test/target/test-dir/MiniOzoneClusterImpl-beab53a1-ec34-46da-8591-07ed803d9383/datanode-2/data/ratis] (custom)
2019-10-15 16:29:26,327 [main] INFO  hdfs.DFSUtil (DFSUtil.java:httpServerTemplateForNNAndJN(1641)) - Starting Web-server for hddsDatanode at: http://0.0.0.0:0
2019-10-15 16:29:26,329 [main] INFO  server.AuthenticationFilter (AuthenticationFilter.java:constructSecretProvider(240)) - Unable to initialize FileSignerSecretProvider, falling back to use random secrets.
2019-10-15 16:29:26,329 [main] WARN  http.HttpRequestLog (HttpRequestLog.java:getRequestLog(97)) - Jetty request log can only be enabled using Log4j
2019-10-15 16:29:26,331 [main] INFO  http.HttpServer2 (HttpServer2.java:addGlobalFilter(975)) - Added global filter 'safety' (class=org.apache.hadoop.http.HttpServer2$QuotingInputFilter)
2019-10-15 16:29:26,331 [main] INFO  http.HttpServer2 (HttpServer2.java:addFilter(948)) - Added filter static_user_filter (class=org.apache.hadoop.http.lib.StaticUserWebFilter$StaticUserFilter) to context hddsDatanode
2019-10-15 16:29:26,331 [main] INFO  http.HttpServer2 (HttpServer2.java:addFilter(958)) - Added filter static_user_filter (class=org.apache.hadoop.http.lib.StaticUserWebFilter$StaticUserFilter) to context logs
2019-10-15 16:29:26,331 [main] INFO  http.HttpServer2 (HttpServer2.java:addFilter(958)) - Added filter static_user_filter (class=org.apache.hadoop.http.lib.StaticUserWebFilter$StaticUserFilter) to context static
2019-10-15 16:29:26,332 [main] INFO  http.HttpServer2 (HttpServer2.java:bindListener(1191)) - Jetty bound to port 33259
2019-10-15 16:29:26,332 [main] INFO  server.Server (Server.java:doStart(351)) - jetty-9.3.25.v20180904, build timestamp: 2018-09-04T21:11:46Z, git hash: 3ce520221d0240229c862b122d2b06c12a625732
2019-10-15 16:29:26,334 [main] INFO  handler.ContextHandler (ContextHandler.java:doStart(781)) - Started o.e.j.s.ServletContextHandler@767a014e{/logs,file:///workdir/hadoop-ozone/integration-test/target/log,AVAILABLE}
2019-10-15 16:29:26,335 [main] INFO  handler.ContextHandler (ContextHandler.java:doStart(781)) - Started o.e.j.s.ServletContextHandler@3968bc60{/static,jar:file:/home/user/.m2/repository/org/apache/hadoop/hadoop-hdds-container-service/0.5.0-SNAPSHOT/hadoop-hdds-container-service-0.5.0-SNAPSHOT.jar!/webapps/static,AVAILABLE}
2019-10-15 16:29:26,340 [Datanode State Machine Thread - 0] INFO  datanode.InitDatanodeState (InitDatanodeState.java:persistContainerDatanodeDetails(140)) - DatanodeDetails is persisted to /workdir/hadoop-ozone/integration-test/target/test-dir/MiniOzoneClusterImpl-beab53a1-ec34-46da-8591-07ed803d9383/datanode-0/meta/datanode.id
2019-10-15 16:29:26,344 [Datanode State Machine Thread - 0] INFO  datanode.InitDatanodeState (InitDatanodeState.java:persistContainerDatanodeDetails(140)) - DatanodeDetails is persisted to /workdir/hadoop-ozone/integration-test/target/test-dir/MiniOzoneClusterImpl-beab53a1-ec34-46da-8591-07ed803d9383/datanode-1/meta/datanode.id
2019-10-15 16:29:26,364 [main] INFO  handler.ContextHandler (ContextHandler.java:doStart(781)) - Started o.e.j.w.WebAppContext@6edcad64{/,file:///tmp/jetty-0.0.0.0-33259-hddsDatanode-_-any-8388361742159001202.dir/webapp/,AVAILABLE}{/hddsDatanode}
2019-10-15 16:29:26,366 [main] INFO  server.AbstractConnector (AbstractConnector.java:doStart(278)) - Started ServerConnector@4c6007fb{HTTP/1.1,[http/1.1]}{0.0.0.0:33259}
2019-10-15 16:29:26,366 [main] INFO  server.Server (Server.java:doStart(419)) - Started @5520ms
2019-10-15 16:29:26,366 [main] WARN  impl.MetricsSystemImpl (MetricsSystemImpl.java:register(276)) - Sink prometheus already exists!
2019-10-15 16:29:26,367 [main] INFO  server.BaseHttpServer (BaseHttpServer.java:updateConnectorAddress(215)) - HTTP server of HDDSDATANODE is listening at http://0.0.0.0:33259
2019-10-15 16:29:26,368 [main] INFO  impl.MetricsSystemImpl (MetricsSystemImpl.java:init(158)) - HddsDatanode metrics system started (again)
2019-10-15 16:29:26,370 [main] INFO  ozone.HddsDatanodeService (HddsDatanodeService.java:start(184)) - HddsDatanodeService host:pr-hdds-2302-bqc8v-2513969318 ip:192.168.164.239
2019-10-15 16:29:26,370 [org.apache.hadoop.util.JvmPauseMonitor$Monitor@61fa4552] INFO  util.JvmPauseMonitor (JvmPauseMonitor.java:run(188)) - Starting JVM pause monitor
2019-10-15 16:29:26,373 [Datanode State Machine Thread - 0] INFO  datanode.InitDatanodeState (InitDatanodeState.java:persistContainerDatanodeDetails(140)) - DatanodeDetails is persisted to /workdir/hadoop-ozone/integration-test/target/test-dir/MiniOzoneClusterImpl-beab53a1-ec34-46da-8591-07ed803d9383/datanode-2/meta/datanode.id
2019-10-15 16:29:26,378 [main] INFO  volume.HddsVolume (HddsVolume.java:<init>(176)) - Creating Volume: /workdir/hadoop-ozone/integration-test/target/test-dir/MiniOzoneClusterImpl-beab53a1-ec34-46da-8591-07ed803d9383/datanode-3/data/containers/hdds of  storage type : DISK and capacity : 1482555576320
2019-10-15 16:29:26,378 [main] INFO  volume.VolumeSet (VolumeSet.java:initializeVolumeSet(170)) - Added Volume : /workdir/hadoop-ozone/integration-test/target/test-dir/MiniOzoneClusterImpl-beab53a1-ec34-46da-8591-07ed803d9383/datanode-3/data/containers/hdds to VolumeSet
2019-10-15 16:29:26,378 [main] INFO  volume.ThrottledAsyncChecker (ThrottledAsyncChecker.java:schedule(141)) - Scheduling a check for /workdir/hadoop-ozone/integration-test/target/test-dir/MiniOzoneClusterImpl-beab53a1-ec34-46da-8591-07ed803d9383/datanode-3/data/containers/hdds
2019-10-15 16:29:26,379 [main] INFO  volume.HddsVolumeChecker (HddsVolumeChecker.java:checkAllVolumes(204)) - Scheduled health check for volume /workdir/hadoop-ozone/integration-test/target/test-dir/MiniOzoneClusterImpl-beab53a1-ec34-46da-8591-07ed803d9383/datanode-3/data/containers/hdds
2019-10-15 16:29:26,391 [main] INFO  impl.RaftServerProxy (ConfUtils.java:logGet(43)) - raft.rpc.type = GRPC (default)
2019-10-15 16:29:26,392 [main] INFO  grpc.GrpcFactory (GrpcFactory.java:checkPooledByteBufAllocatorUseCacheForAllThreads(45)) - PERFORMANCE WARNING: useCacheForAllThreads is true that may cause Netty to create a lot garbage objects and, as a result, trigger GC.
	It is recommended to disable useCacheForAllThreads by setting -Dorg.apache.ratis.thirdparty.io.netty.allocator.useCacheForAllThreads=false in command line.
2019-10-15 16:29:26,392 [main] INFO  grpc.GrpcConfigKeys$Server (ConfUtils.java:logGet(43)) - raft.grpc.server.port = 0 (default)
2019-10-15 16:29:26,392 [main] INFO  server.GrpcService (ConfUtils.java:logGet(43)) - raft.grpc.message.size.max = 33570816 (custom)
2019-10-15 16:29:26,392 [main] INFO  server.RaftServerConfigKeys (ConfUtils.java:logGet(43)) - raft.server.log.appender.buffer.byte-limit = 33554432 (custom)
2019-10-15 16:29:26,392 [main] INFO  server.GrpcService (ConfUtils.java:logGet(43)) - raft.grpc.flow.control.window = 1MB (=1048576) (default)
2019-10-15 16:29:26,393 [main] INFO  server.RaftServerConfigKeys (ConfUtils.java:logGet(43)) - raft.server.rpc.request.timeout = 3000ms (default)
2019-10-15 16:29:26,393 [main] INFO  server.RaftServerConfigKeys (ConfUtils.java:logGet(43)) - raft.server.storage.dir = [/workdir/hadoop-ozone/integration-test/target/test-dir/MiniOzoneClusterImpl-beab53a1-ec34-46da-8591-07ed803d9383/datanode-3/data/ratis] (custom)
2019-10-15 16:29:26,395 [main] INFO  hdfs.DFSUtil (DFSUtil.java:httpServerTemplateForNNAndJN(1641)) - Starting Web-server for hddsDatanode at: http://0.0.0.0:0
2019-10-15 16:29:26,396 [main] INFO  server.AuthenticationFilter (AuthenticationFilter.java:constructSecretProvider(240)) - Unable to initialize FileSignerSecretProvider, falling back to use random secrets.
2019-10-15 16:29:26,396 [main] WARN  http.HttpRequestLog (HttpRequestLog.java:getRequestLog(97)) - Jetty request log can only be enabled using Log4j
2019-10-15 16:29:26,398 [main] INFO  http.HttpServer2 (HttpServer2.java:addGlobalFilter(975)) - Added global filter 'safety' (class=org.apache.hadoop.http.HttpServer2$QuotingInputFilter)
2019-10-15 16:29:26,399 [main] INFO  http.HttpServer2 (HttpServer2.java:addFilter(948)) - Added filter static_user_filter (class=org.apache.hadoop.http.lib.StaticUserWebFilter$StaticUserFilter) to context hddsDatanode
2019-10-15 16:29:26,399 [main] INFO  http.HttpServer2 (HttpServer2.java:addFilter(958)) - Added filter static_user_filter (class=org.apache.hadoop.http.lib.StaticUserWebFilter$StaticUserFilter) to context logs
2019-10-15 16:29:26,399 [main] INFO  http.HttpServer2 (HttpServer2.java:addFilter(958)) - Added filter static_user_filter (class=org.apache.hadoop.http.lib.StaticUserWebFilter$StaticUserFilter) to context static
2019-10-15 16:29:26,400 [main] INFO  http.HttpServer2 (HttpServer2.java:bindListener(1191)) - Jetty bound to port 37951
2019-10-15 16:29:26,400 [main] INFO  server.Server (Server.java:doStart(351)) - jetty-9.3.25.v20180904, build timestamp: 2018-09-04T21:11:46Z, git hash: 3ce520221d0240229c862b122d2b06c12a625732
2019-10-15 16:29:26,406 [main] INFO  handler.ContextHandler (ContextHandler.java:doStart(781)) - Started o.e.j.s.ServletContextHandler@4b200971{/logs,file:///workdir/hadoop-ozone/integration-test/target/log,AVAILABLE}
2019-10-15 16:29:26,407 [main] INFO  handler.ContextHandler (ContextHandler.java:doStart(781)) - Started o.e.j.s.ServletContextHandler@68d7a2df{/static,jar:file:/home/user/.m2/repository/org/apache/hadoop/hadoop-hdds-container-service/0.5.0-SNAPSHOT/hadoop-hdds-container-service-0.5.0-SNAPSHOT.jar!/webapps/static,AVAILABLE}
2019-10-15 16:29:26,433 [main] INFO  handler.ContextHandler (ContextHandler.java:doStart(781)) - Started o.e.j.w.WebAppContext@4da6d664{/,file:///tmp/jetty-0.0.0.0-37951-hddsDatanode-_-any-8039506534529194314.dir/webapp/,AVAILABLE}{/hddsDatanode}
2019-10-15 16:29:26,434 [main] INFO  server.AbstractConnector (AbstractConnector.java:doStart(278)) - Started ServerConnector@5e5af8e1{HTTP/1.1,[http/1.1]}{0.0.0.0:37951}
2019-10-15 16:29:26,436 [main] INFO  server.Server (Server.java:doStart(419)) - Started @5589ms
2019-10-15 16:29:26,436 [main] WARN  impl.MetricsSystemImpl (MetricsSystemImpl.java:register(276)) - Sink prometheus already exists!
2019-10-15 16:29:26,438 [main] INFO  server.BaseHttpServer (BaseHttpServer.java:updateConnectorAddress(215)) - HTTP server of HDDSDATANODE is listening at http://0.0.0.0:37951
2019-10-15 16:29:26,438 [main] INFO  impl.MetricsSystemImpl (MetricsSystemImpl.java:init(158)) - HddsDatanode metrics system started (again)
2019-10-15 16:29:26,442 [main] INFO  ozone.HddsDatanodeService (HddsDatanodeService.java:start(184)) - HddsDatanodeService host:pr-hdds-2302-bqc8v-2513969318 ip:192.168.164.239
2019-10-15 16:29:26,442 [org.apache.hadoop.util.JvmPauseMonitor$Monitor@6a376038] INFO  util.JvmPauseMonitor (JvmPauseMonitor.java:run(188)) - Starting JVM pause monitor
2019-10-15 16:29:26,446 [Datanode State Machine Thread - 0] INFO  datanode.InitDatanodeState (InitDatanodeState.java:persistContainerDatanodeDetails(140)) - DatanodeDetails is persisted to /workdir/hadoop-ozone/integration-test/target/test-dir/MiniOzoneClusterImpl-beab53a1-ec34-46da-8591-07ed803d9383/datanode-3/meta/datanode.id
2019-10-15 16:29:26,452 [main] INFO  volume.HddsVolume (HddsVolume.java:<init>(176)) - Creating Volume: /workdir/hadoop-ozone/integration-test/target/test-dir/MiniOzoneClusterImpl-beab53a1-ec34-46da-8591-07ed803d9383/datanode-4/data/containers/hdds of  storage type : DISK and capacity : 1482555576320
2019-10-15 16:29:26,452 [main] INFO  volume.VolumeSet (VolumeSet.java:initializeVolumeSet(170)) - Added Volume : /workdir/hadoop-ozone/integration-test/target/test-dir/MiniOzoneClusterImpl-beab53a1-ec34-46da-8591-07ed803d9383/datanode-4/data/containers/hdds to VolumeSet
2019-10-15 16:29:26,453 [main] INFO  volume.ThrottledAsyncChecker (ThrottledAsyncChecker.java:schedule(141)) - Scheduling a check for /workdir/hadoop-ozone/integration-test/target/test-dir/MiniOzoneClusterImpl-beab53a1-ec34-46da-8591-07ed803d9383/datanode-4/data/containers/hdds
2019-10-15 16:29:26,453 [main] INFO  volume.HddsVolumeChecker (HddsVolumeChecker.java:checkAllVolumes(204)) - Scheduled health check for volume /workdir/hadoop-ozone/integration-test/target/test-dir/MiniOzoneClusterImpl-beab53a1-ec34-46da-8591-07ed803d9383/datanode-4/data/containers/hdds
2019-10-15 16:29:26,466 [main] INFO  impl.RaftServerProxy (ConfUtils.java:logGet(43)) - raft.rpc.type = GRPC (default)
2019-10-15 16:29:26,466 [main] INFO  grpc.GrpcFactory (GrpcFactory.java:checkPooledByteBufAllocatorUseCacheForAllThreads(45)) - PERFORMANCE WARNING: useCacheForAllThreads is true that may cause Netty to create a lot garbage objects and, as a result, trigger GC.
	It is recommended to disable useCacheForAllThreads by setting -Dorg.apache.ratis.thirdparty.io.netty.allocator.useCacheForAllThreads=false in command line.
2019-10-15 16:29:26,466 [main] INFO  grpc.GrpcConfigKeys$Server (ConfUtils.java:logGet(43)) - raft.grpc.server.port = 0 (default)
2019-10-15 16:29:26,467 [main] INFO  server.GrpcService (ConfUtils.java:logGet(43)) - raft.grpc.message.size.max = 33570816 (custom)
2019-10-15 16:29:26,467 [main] INFO  server.RaftServerConfigKeys (ConfUtils.java:logGet(43)) - raft.server.log.appender.buffer.byte-limit = 33554432 (custom)
2019-10-15 16:29:26,467 [main] INFO  server.GrpcService (ConfUtils.java:logGet(43)) - raft.grpc.flow.control.window = 1MB (=1048576) (default)
2019-10-15 16:29:26,467 [main] INFO  server.RaftServerConfigKeys (ConfUtils.java:logGet(43)) - raft.server.rpc.request.timeout = 3000ms (default)
2019-10-15 16:29:26,468 [main] INFO  server.RaftServerConfigKeys (ConfUtils.java:logGet(43)) - raft.server.storage.dir = [/workdir/hadoop-ozone/integration-test/target/test-dir/MiniOzoneClusterImpl-beab53a1-ec34-46da-8591-07ed803d9383/datanode-4/data/ratis] (custom)
2019-10-15 16:29:26,470 [main] INFO  hdfs.DFSUtil (DFSUtil.java:httpServerTemplateForNNAndJN(1641)) - Starting Web-server for hddsDatanode at: http://0.0.0.0:0
2019-10-15 16:29:26,471 [main] INFO  server.AuthenticationFilter (AuthenticationFilter.java:constructSecretProvider(240)) - Unable to initialize FileSignerSecretProvider, falling back to use random secrets.
2019-10-15 16:29:26,472 [main] WARN  http.HttpRequestLog (HttpRequestLog.java:getRequestLog(97)) - Jetty request log can only be enabled using Log4j
2019-10-15 16:29:26,474 [main] INFO  http.HttpServer2 (HttpServer2.java:addGlobalFilter(975)) - Added global filter 'safety' (class=org.apache.hadoop.http.HttpServer2$QuotingInputFilter)
2019-10-15 16:29:26,474 [main] INFO  http.HttpServer2 (HttpServer2.java:addFilter(948)) - Added filter static_user_filter (class=org.apache.hadoop.http.lib.StaticUserWebFilter$StaticUserFilter) to context hddsDatanode
2019-10-15 16:29:26,474 [main] INFO  http.HttpServer2 (HttpServer2.java:addFilter(958)) - Added filter static_user_filter (class=org.apache.hadoop.http.lib.StaticUserWebFilter$StaticUserFilter) to context static
2019-10-15 16:29:26,474 [main] INFO  http.HttpServer2 (HttpServer2.java:addFilter(958)) - Added filter static_user_filter (class=org.apache.hadoop.http.lib.StaticUserWebFilter$StaticUserFilter) to context logs
2019-10-15 16:29:26,475 [main] INFO  http.HttpServer2 (HttpServer2.java:bindListener(1191)) - Jetty bound to port 37726
2019-10-15 16:29:26,475 [main] INFO  server.Server (Server.java:doStart(351)) - jetty-9.3.25.v20180904, build timestamp: 2018-09-04T21:11:46Z, git hash: 3ce520221d0240229c862b122d2b06c12a625732
2019-10-15 16:29:26,477 [main] INFO  handler.ContextHandler (ContextHandler.java:doStart(781)) - Started o.e.j.s.ServletContextHandler@712cfb63{/logs,file:///workdir/hadoop-ozone/integration-test/target/log,AVAILABLE}
2019-10-15 16:29:26,478 [main] INFO  handler.ContextHandler (ContextHandler.java:doStart(781)) - Started o.e.j.s.ServletContextHandler@15639440{/static,jar:file:/home/user/.m2/repository/org/apache/hadoop/hadoop-hdds-container-service/0.5.0-SNAPSHOT/hadoop-hdds-container-service-0.5.0-SNAPSHOT.jar!/webapps/static,AVAILABLE}
2019-10-15 16:29:26,503 [main] INFO  handler.ContextHandler (ContextHandler.java:doStart(781)) - Started o.e.j.w.WebAppContext@5a6fa56e{/,file:///tmp/jetty-0.0.0.0-37726-hddsDatanode-_-any-3454691622907725904.dir/webapp/,AVAILABLE}{/hddsDatanode}
2019-10-15 16:29:26,504 [main] INFO  server.AbstractConnector (AbstractConnector.java:doStart(278)) - Started ServerConnector@1981d861{HTTP/1.1,[http/1.1]}{0.0.0.0:37726}
2019-10-15 16:29:26,505 [main] INFO  server.Server (Server.java:doStart(419)) - Started @5658ms
2019-10-15 16:29:26,505 [main] WARN  impl.MetricsSystemImpl (MetricsSystemImpl.java:register(276)) - Sink prometheus already exists!
2019-10-15 16:29:26,506 [main] INFO  server.BaseHttpServer (BaseHttpServer.java:updateConnectorAddress(215)) - HTTP server of HDDSDATANODE is listening at http://0.0.0.0:37726
2019-10-15 16:29:26,506 [main] INFO  impl.MetricsSystemImpl (MetricsSystemImpl.java:init(158)) - HddsDatanode metrics system started (again)
2019-10-15 16:29:26,509 [main] INFO  ozone.HddsDatanodeService (HddsDatanodeService.java:start(184)) - HddsDatanodeService host:pr-hdds-2302-bqc8v-2513969318 ip:192.168.164.239
2019-10-15 16:29:26,510 [org.apache.hadoop.util.JvmPauseMonitor$Monitor@291dd6b1] INFO  util.JvmPauseMonitor (JvmPauseMonitor.java:run(188)) - Starting JVM pause monitor
2019-10-15 16:29:26,513 [Datanode State Machine Thread - 0] INFO  datanode.InitDatanodeState (InitDatanodeState.java:persistContainerDatanodeDetails(140)) - DatanodeDetails is persisted to /workdir/hadoop-ozone/integration-test/target/test-dir/MiniOzoneClusterImpl-beab53a1-ec34-46da-8591-07ed803d9383/datanode-4/meta/datanode.id
2019-10-15 16:29:26,518 [main] INFO  volume.HddsVolume (HddsVolume.java:<init>(176)) - Creating Volume: /workdir/hadoop-ozone/integration-test/target/test-dir/MiniOzoneClusterImpl-beab53a1-ec34-46da-8591-07ed803d9383/datanode-5/data/containers/hdds of  storage type : DISK and capacity : 1482555576320
2019-10-15 16:29:26,518 [main] INFO  volume.VolumeSet (VolumeSet.java:initializeVolumeSet(170)) - Added Volume : /workdir/hadoop-ozone/integration-test/target/test-dir/MiniOzoneClusterImpl-beab53a1-ec34-46da-8591-07ed803d9383/datanode-5/data/containers/hdds to VolumeSet
2019-10-15 16:29:26,518 [main] INFO  volume.ThrottledAsyncChecker (ThrottledAsyncChecker.java:schedule(141)) - Scheduling a check for /workdir/hadoop-ozone/integration-test/target/test-dir/MiniOzoneClusterImpl-beab53a1-ec34-46da-8591-07ed803d9383/datanode-5/data/containers/hdds
2019-10-15 16:29:26,519 [main] INFO  volume.HddsVolumeChecker (HddsVolumeChecker.java:checkAllVolumes(204)) - Scheduled health check for volume /workdir/hadoop-ozone/integration-test/target/test-dir/MiniOzoneClusterImpl-beab53a1-ec34-46da-8591-07ed803d9383/datanode-5/data/containers/hdds
2019-10-15 16:29:26,535 [main] INFO  impl.RaftServerProxy (ConfUtils.java:logGet(43)) - raft.rpc.type = GRPC (default)
2019-10-15 16:29:26,535 [main] INFO  grpc.GrpcFactory (GrpcFactory.java:checkPooledByteBufAllocatorUseCacheForAllThreads(45)) - PERFORMANCE WARNING: useCacheForAllThreads is true that may cause Netty to create a lot garbage objects and, as a result, trigger GC.
	It is recommended to disable useCacheForAllThreads by setting -Dorg.apache.ratis.thirdparty.io.netty.allocator.useCacheForAllThreads=false in command line.
2019-10-15 16:29:26,535 [main] INFO  grpc.GrpcConfigKeys$Server (ConfUtils.java:logGet(43)) - raft.grpc.server.port = 0 (default)
2019-10-15 16:29:26,535 [main] INFO  server.GrpcService (ConfUtils.java:logGet(43)) - raft.grpc.message.size.max = 33570816 (custom)
2019-10-15 16:29:26,535 [main] INFO  server.RaftServerConfigKeys (ConfUtils.java:logGet(43)) - raft.server.log.appender.buffer.byte-limit = 33554432 (custom)
2019-10-15 16:29:26,536 [main] INFO  server.GrpcService (ConfUtils.java:logGet(43)) - raft.grpc.flow.control.window = 1MB (=1048576) (default)
2019-10-15 16:29:26,536 [main] INFO  server.RaftServerConfigKeys (ConfUtils.java:logGet(43)) - raft.server.rpc.request.timeout = 3000ms (default)
2019-10-15 16:29:26,536 [main] INFO  server.RaftServerConfigKeys (ConfUtils.java:logGet(43)) - raft.server.storage.dir = [/workdir/hadoop-ozone/integration-test/target/test-dir/MiniOzoneClusterImpl-beab53a1-ec34-46da-8591-07ed803d9383/datanode-5/data/ratis] (custom)
2019-10-15 16:29:26,538 [main] INFO  hdfs.DFSUtil (DFSUtil.java:httpServerTemplateForNNAndJN(1641)) - Starting Web-server for hddsDatanode at: http://0.0.0.0:0
2019-10-15 16:29:26,539 [main] INFO  server.AuthenticationFilter (AuthenticationFilter.java:constructSecretProvider(240)) - Unable to initialize FileSignerSecretProvider, falling back to use random secrets.
2019-10-15 16:29:26,540 [main] WARN  http.HttpRequestLog (HttpRequestLog.java:getRequestLog(97)) - Jetty request log can only be enabled using Log4j
2019-10-15 16:29:26,542 [main] INFO  http.HttpServer2 (HttpServer2.java:addGlobalFilter(975)) - Added global filter 'safety' (class=org.apache.hadoop.http.HttpServer2$QuotingInputFilter)
2019-10-15 16:29:26,542 [main] INFO  http.HttpServer2 (HttpServer2.java:addFilter(948)) - Added filter static_user_filter (class=org.apache.hadoop.http.lib.StaticUserWebFilter$StaticUserFilter) to context hddsDatanode
2019-10-15 16:29:26,542 [main] INFO  http.HttpServer2 (HttpServer2.java:addFilter(958)) - Added filter static_user_filter (class=org.apache.hadoop.http.lib.StaticUserWebFilter$StaticUserFilter) to context logs
2019-10-15 16:29:26,543 [main] INFO  http.HttpServer2 (HttpServer2.java:addFilter(958)) - Added filter static_user_filter (class=org.apache.hadoop.http.lib.StaticUserWebFilter$StaticUserFilter) to context static
2019-10-15 16:29:26,543 [main] INFO  http.HttpServer2 (HttpServer2.java:bindListener(1191)) - Jetty bound to port 39101
2019-10-15 16:29:26,543 [main] INFO  server.Server (Server.java:doStart(351)) - jetty-9.3.25.v20180904, build timestamp: 2018-09-04T21:11:46Z, git hash: 3ce520221d0240229c862b122d2b06c12a625732
2019-10-15 16:29:26,545 [main] INFO  handler.ContextHandler (ContextHandler.java:doStart(781)) - Started o.e.j.s.ServletContextHandler@1305c126{/logs,file:///workdir/hadoop-ozone/integration-test/target/log,AVAILABLE}
2019-10-15 16:29:26,546 [main] INFO  handler.ContextHandler (ContextHandler.java:doStart(781)) - Started o.e.j.s.ServletContextHandler@4c1bdcc2{/static,jar:file:/home/user/.m2/repository/org/apache/hadoop/hadoop-hdds-container-service/0.5.0-SNAPSHOT/hadoop-hdds-container-service-0.5.0-SNAPSHOT.jar!/webapps/static,AVAILABLE}
2019-10-15 16:29:26,573 [main] INFO  handler.ContextHandler (ContextHandler.java:doStart(781)) - Started o.e.j.w.WebAppContext@715b886f{/,file:///tmp/jetty-0.0.0.0-39101-hddsDatanode-_-any-8147199191657504504.dir/webapp/,AVAILABLE}{/hddsDatanode}
2019-10-15 16:29:26,574 [main] INFO  server.AbstractConnector (AbstractConnector.java:doStart(278)) - Started ServerConnector@7fb29ca9{HTTP/1.1,[http/1.1]}{0.0.0.0:39101}
2019-10-15 16:29:26,575 [main] INFO  server.Server (Server.java:doStart(419)) - Started @5728ms
2019-10-15 16:29:26,575 [main] WARN  impl.MetricsSystemImpl (MetricsSystemImpl.java:register(276)) - Sink prometheus already exists!
2019-10-15 16:29:26,576 [main] INFO  server.BaseHttpServer (BaseHttpServer.java:updateConnectorAddress(215)) - HTTP server of HDDSDATANODE is listening at http://0.0.0.0:39101
2019-10-15 16:29:26,576 [main] INFO  impl.MetricsSystemImpl (MetricsSystemImpl.java:init(158)) - HddsDatanode metrics system started (again)
2019-10-15 16:29:26,580 [org.apache.hadoop.util.JvmPauseMonitor$Monitor@4970fd9b] INFO  util.JvmPauseMonitor (JvmPauseMonitor.java:run(188)) - Starting JVM pause monitor
2019-10-15 16:29:26,580 [main] INFO  ozone.HddsDatanodeService (HddsDatanodeService.java:start(184)) - HddsDatanodeService host:pr-hdds-2302-bqc8v-2513969318 ip:192.168.164.239
2019-10-15 16:29:26,584 [Datanode State Machine Thread - 0] INFO  datanode.InitDatanodeState (InitDatanodeState.java:persistContainerDatanodeDetails(140)) - DatanodeDetails is persisted to /workdir/hadoop-ozone/integration-test/target/test-dir/MiniOzoneClusterImpl-beab53a1-ec34-46da-8591-07ed803d9383/datanode-5/meta/datanode.id
2019-10-15 16:29:26,590 [main] INFO  volume.HddsVolume (HddsVolume.java:<init>(176)) - Creating Volume: /workdir/hadoop-ozone/integration-test/target/test-dir/MiniOzoneClusterImpl-beab53a1-ec34-46da-8591-07ed803d9383/datanode-6/data/containers/hdds of  storage type : DISK and capacity : 1482555576320
2019-10-15 16:29:26,590 [main] INFO  volume.VolumeSet (VolumeSet.java:initializeVolumeSet(170)) - Added Volume : /workdir/hadoop-ozone/integration-test/target/test-dir/MiniOzoneClusterImpl-beab53a1-ec34-46da-8591-07ed803d9383/datanode-6/data/containers/hdds to VolumeSet
2019-10-15 16:29:26,591 [main] INFO  volume.ThrottledAsyncChecker (ThrottledAsyncChecker.java:schedule(141)) - Scheduling a check for /workdir/hadoop-ozone/integration-test/target/test-dir/MiniOzoneClusterImpl-beab53a1-ec34-46da-8591-07ed803d9383/datanode-6/data/containers/hdds
2019-10-15 16:29:26,591 [main] INFO  volume.HddsVolumeChecker (HddsVolumeChecker.java:checkAllVolumes(204)) - Scheduled health check for volume /workdir/hadoop-ozone/integration-test/target/test-dir/MiniOzoneClusterImpl-beab53a1-ec34-46da-8591-07ed803d9383/datanode-6/data/containers/hdds
2019-10-15 16:29:26,606 [main] INFO  impl.RaftServerProxy (ConfUtils.java:logGet(43)) - raft.rpc.type = GRPC (default)
2019-10-15 16:29:26,607 [main] INFO  grpc.GrpcFactory (GrpcFactory.java:checkPooledByteBufAllocatorUseCacheForAllThreads(45)) - PERFORMANCE WARNING: useCacheForAllThreads is true that may cause Netty to create a lot garbage objects and, as a result, trigger GC.
	It is recommended to disable useCacheForAllThreads by setting -Dorg.apache.ratis.thirdparty.io.netty.allocator.useCacheForAllThreads=false in command line.
2019-10-15 16:29:26,607 [main] INFO  grpc.GrpcConfigKeys$Server (ConfUtils.java:logGet(43)) - raft.grpc.server.port = 0 (default)
2019-10-15 16:29:26,607 [main] INFO  server.GrpcService (ConfUtils.java:logGet(43)) - raft.grpc.message.size.max = 33570816 (custom)
2019-10-15 16:29:26,607 [main] INFO  server.RaftServerConfigKeys (ConfUtils.java:logGet(43)) - raft.server.log.appender.buffer.byte-limit = 33554432 (custom)
2019-10-15 16:29:26,607 [main] INFO  server.GrpcService (ConfUtils.java:logGet(43)) - raft.grpc.flow.control.window = 1MB (=1048576) (default)
2019-10-15 16:29:26,608 [main] INFO  server.RaftServerConfigKeys (ConfUtils.java:logGet(43)) - raft.server.rpc.request.timeout = 3000ms (default)
2019-10-15 16:29:26,608 [main] INFO  server.RaftServerConfigKeys (ConfUtils.java:logGet(43)) - raft.server.storage.dir = [/workdir/hadoop-ozone/integration-test/target/test-dir/MiniOzoneClusterImpl-beab53a1-ec34-46da-8591-07ed803d9383/datanode-6/data/ratis] (custom)
2019-10-15 16:29:26,610 [main] INFO  hdfs.DFSUtil (DFSUtil.java:httpServerTemplateForNNAndJN(1641)) - Starting Web-server for hddsDatanode at: http://0.0.0.0:0
2019-10-15 16:29:26,611 [main] INFO  server.AuthenticationFilter (AuthenticationFilter.java:constructSecretProvider(240)) - Unable to initialize FileSignerSecretProvider, falling back to use random secrets.
2019-10-15 16:29:26,612 [main] WARN  http.HttpRequestLog (HttpRequestLog.java:getRequestLog(97)) - Jetty request log can only be enabled using Log4j
2019-10-15 16:29:26,613 [main] INFO  http.HttpServer2 (HttpServer2.java:addGlobalFilter(975)) - Added global filter 'safety' (class=org.apache.hadoop.http.HttpServer2$QuotingInputFilter)
2019-10-15 16:29:26,614 [main] INFO  http.HttpServer2 (HttpServer2.java:addFilter(948)) - Added filter static_user_filter (class=org.apache.hadoop.http.lib.StaticUserWebFilter$StaticUserFilter) to context hddsDatanode
2019-10-15 16:29:26,614 [main] INFO  http.HttpServer2 (HttpServer2.java:addFilter(958)) - Added filter static_user_filter (class=org.apache.hadoop.http.lib.StaticUserWebFilter$StaticUserFilter) to context static
2019-10-15 16:29:26,614 [main] INFO  http.HttpServer2 (HttpServer2.java:addFilter(958)) - Added filter static_user_filter (class=org.apache.hadoop.http.lib.StaticUserWebFilter$StaticUserFilter) to context logs
2019-10-15 16:29:26,615 [main] INFO  http.HttpServer2 (HttpServer2.java:bindListener(1191)) - Jetty bound to port 43911
2019-10-15 16:29:26,615 [main] INFO  server.Server (Server.java:doStart(351)) - jetty-9.3.25.v20180904, build timestamp: 2018-09-04T21:11:46Z, git hash: 3ce520221d0240229c862b122d2b06c12a625732
2019-10-15 16:29:26,618 [main] INFO  handler.ContextHandler (ContextHandler.java:doStart(781)) - Started o.e.j.s.ServletContextHandler@6f94fb9d{/logs,file:///workdir/hadoop-ozone/integration-test/target/log,AVAILABLE}
2019-10-15 16:29:26,618 [main] INFO  handler.ContextHandler (ContextHandler.java:doStart(781)) - Started o.e.j.s.ServletContextHandler@4228bf58{/static,jar:file:/home/user/.m2/repository/org/apache/hadoop/hadoop-hdds-container-service/0.5.0-SNAPSHOT/hadoop-hdds-container-service-0.5.0-SNAPSHOT.jar!/webapps/static,AVAILABLE}
2019-10-15 16:29:26,644 [main] INFO  handler.ContextHandler (ContextHandler.java:doStart(781)) - Started o.e.j.w.WebAppContext@934b52f{/,file:///tmp/jetty-0.0.0.0-43911-hddsDatanode-_-any-7028853428980463105.dir/webapp/,AVAILABLE}{/hddsDatanode}
2019-10-15 16:29:26,645 [main] INFO  server.AbstractConnector (AbstractConnector.java:doStart(278)) - Started ServerConnector@2630dbc4{HTTP/1.1,[http/1.1]}{0.0.0.0:43911}
2019-10-15 16:29:26,645 [main] INFO  server.Server (Server.java:doStart(419)) - Started @5799ms
2019-10-15 16:29:26,645 [main] WARN  impl.MetricsSystemImpl (MetricsSystemImpl.java:register(276)) - Sink prometheus already exists!
2019-10-15 16:29:26,646 [main] INFO  server.BaseHttpServer (BaseHttpServer.java:updateConnectorAddress(215)) - HTTP server of HDDSDATANODE is listening at http://0.0.0.0:43911
2019-10-15 16:29:26,647 [main] INFO  impl.MetricsSystemImpl (MetricsSystemImpl.java:init(158)) - HddsDatanode metrics system started (again)
2019-10-15 16:29:26,651 [org.apache.hadoop.util.JvmPauseMonitor$Monitor@4477b14] INFO  util.JvmPauseMonitor (JvmPauseMonitor.java:run(188)) - Starting JVM pause monitor
2019-10-15 16:29:26,651 [main] INFO  ozone.HddsDatanodeService (HddsDatanodeService.java:start(184)) - HddsDatanodeService host:pr-hdds-2302-bqc8v-2513969318 ip:192.168.164.239
2019-10-15 16:29:26,655 [Datanode State Machine Thread - 0] INFO  datanode.InitDatanodeState (InitDatanodeState.java:persistContainerDatanodeDetails(140)) - DatanodeDetails is persisted to /workdir/hadoop-ozone/integration-test/target/test-dir/MiniOzoneClusterImpl-beab53a1-ec34-46da-8591-07ed803d9383/datanode-6/meta/datanode.id
2019-10-15 16:29:26,661 [main] INFO  volume.HddsVolume (HddsVolume.java:<init>(176)) - Creating Volume: /workdir/hadoop-ozone/integration-test/target/test-dir/MiniOzoneClusterImpl-beab53a1-ec34-46da-8591-07ed803d9383/datanode-7/data/containers/hdds of  storage type : DISK and capacity : 1482555576320
2019-10-15 16:29:26,661 [main] INFO  volume.VolumeSet (VolumeSet.java:initializeVolumeSet(170)) - Added Volume : /workdir/hadoop-ozone/integration-test/target/test-dir/MiniOzoneClusterImpl-beab53a1-ec34-46da-8591-07ed803d9383/datanode-7/data/containers/hdds to VolumeSet
2019-10-15 16:29:26,662 [main] INFO  volume.ThrottledAsyncChecker (ThrottledAsyncChecker.java:schedule(141)) - Scheduling a check for /workdir/hadoop-ozone/integration-test/target/test-dir/MiniOzoneClusterImpl-beab53a1-ec34-46da-8591-07ed803d9383/datanode-7/data/containers/hdds
2019-10-15 16:29:26,662 [main] INFO  volume.HddsVolumeChecker (HddsVolumeChecker.java:checkAllVolumes(204)) - Scheduled health check for volume /workdir/hadoop-ozone/integration-test/target/test-dir/MiniOzoneClusterImpl-beab53a1-ec34-46da-8591-07ed803d9383/datanode-7/data/containers/hdds
2019-10-15 16:29:26,673 [main] INFO  impl.RaftServerProxy (ConfUtils.java:logGet(43)) - raft.rpc.type = GRPC (default)
2019-10-15 16:29:26,673 [main] INFO  grpc.GrpcFactory (GrpcFactory.java:checkPooledByteBufAllocatorUseCacheForAllThreads(45)) - PERFORMANCE WARNING: useCacheForAllThreads is true that may cause Netty to create a lot garbage objects and, as a result, trigger GC.
	It is recommended to disable useCacheForAllThreads by setting -Dorg.apache.ratis.thirdparty.io.netty.allocator.useCacheForAllThreads=false in command line.
2019-10-15 16:29:26,674 [main] INFO  grpc.GrpcConfigKeys$Server (ConfUtils.java:logGet(43)) - raft.grpc.server.port = 0 (default)
2019-10-15 16:29:26,674 [main] INFO  server.GrpcService (ConfUtils.java:logGet(43)) - raft.grpc.message.size.max = 33570816 (custom)
2019-10-15 16:29:26,674 [main] INFO  server.RaftServerConfigKeys (ConfUtils.java:logGet(43)) - raft.server.log.appender.buffer.byte-limit = 33554432 (custom)
2019-10-15 16:29:26,674 [main] INFO  server.GrpcService (ConfUtils.java:logGet(43)) - raft.grpc.flow.control.window = 1MB (=1048576) (default)
2019-10-15 16:29:26,674 [main] INFO  server.RaftServerConfigKeys (ConfUtils.java:logGet(43)) - raft.server.rpc.request.timeout = 3000ms (default)
2019-10-15 16:29:26,675 [main] INFO  server.RaftServerConfigKeys (ConfUtils.java:logGet(43)) - raft.server.storage.dir = [/workdir/hadoop-ozone/integration-test/target/test-dir/MiniOzoneClusterImpl-beab53a1-ec34-46da-8591-07ed803d9383/datanode-7/data/ratis] (custom)
2019-10-15 16:29:26,676 [main] INFO  hdfs.DFSUtil (DFSUtil.java:httpServerTemplateForNNAndJN(1641)) - Starting Web-server for hddsDatanode at: http://0.0.0.0:0
2019-10-15 16:29:26,677 [main] INFO  server.AuthenticationFilter (AuthenticationFilter.java:constructSecretProvider(240)) - Unable to initialize FileSignerSecretProvider, falling back to use random secrets.
2019-10-15 16:29:26,678 [main] WARN  http.HttpRequestLog (HttpRequestLog.java:getRequestLog(97)) - Jetty request log can only be enabled using Log4j
2019-10-15 16:29:26,679 [main] INFO  http.HttpServer2 (HttpServer2.java:addGlobalFilter(975)) - Added global filter 'safety' (class=org.apache.hadoop.http.HttpServer2$QuotingInputFilter)
2019-10-15 16:29:26,680 [main] INFO  http.HttpServer2 (HttpServer2.java:addFilter(948)) - Added filter static_user_filter (class=org.apache.hadoop.http.lib.StaticUserWebFilter$StaticUserFilter) to context hddsDatanode
2019-10-15 16:29:26,680 [main] INFO  http.HttpServer2 (HttpServer2.java:addFilter(958)) - Added filter static_user_filter (class=org.apache.hadoop.http.lib.StaticUserWebFilter$StaticUserFilter) to context logs
2019-10-15 16:29:26,680 [main] INFO  http.HttpServer2 (HttpServer2.java:addFilter(958)) - Added filter static_user_filter (class=org.apache.hadoop.http.lib.StaticUserWebFilter$StaticUserFilter) to context static
2019-10-15 16:29:26,681 [main] INFO  http.HttpServer2 (HttpServer2.java:bindListener(1191)) - Jetty bound to port 35212
2019-10-15 16:29:26,681 [main] INFO  server.Server (Server.java:doStart(351)) - jetty-9.3.25.v20180904, build timestamp: 2018-09-04T21:11:46Z, git hash: 3ce520221d0240229c862b122d2b06c12a625732
2019-10-15 16:29:26,683 [main] INFO  handler.ContextHandler (ContextHandler.java:doStart(781)) - Started o.e.j.s.ServletContextHandler@12eedfee{/logs,file:///workdir/hadoop-ozone/integration-test/target/log,AVAILABLE}
2019-10-15 16:29:26,684 [main] INFO  handler.ContextHandler (ContextHandler.java:doStart(781)) - Started o.e.j.s.ServletContextHandler@1352434e{/static,jar:file:/home/user/.m2/repository/org/apache/hadoop/hadoop-hdds-container-service/0.5.0-SNAPSHOT/hadoop-hdds-container-service-0.5.0-SNAPSHOT.jar!/webapps/static,AVAILABLE}
2019-10-15 16:29:26,709 [main] INFO  handler.ContextHandler (ContextHandler.java:doStart(781)) - Started o.e.j.w.WebAppContext@10f7918f{/,file:///tmp/jetty-0.0.0.0-35212-hddsDatanode-_-any-3534166795542763204.dir/webapp/,AVAILABLE}{/hddsDatanode}
2019-10-15 16:29:26,710 [main] INFO  server.AbstractConnector (AbstractConnector.java:doStart(278)) - Started ServerConnector@64d4f7c7{HTTP/1.1,[http/1.1]}{0.0.0.0:35212}
2019-10-15 16:29:26,711 [main] INFO  server.Server (Server.java:doStart(419)) - Started @5864ms
2019-10-15 16:29:26,711 [main] WARN  impl.MetricsSystemImpl (MetricsSystemImpl.java:register(276)) - Sink prometheus already exists!
2019-10-15 16:29:26,712 [main] INFO  server.BaseHttpServer (BaseHttpServer.java:updateConnectorAddress(215)) - HTTP server of HDDSDATANODE is listening at http://0.0.0.0:35212
2019-10-15 16:29:26,712 [main] INFO  impl.MetricsSystemImpl (MetricsSystemImpl.java:init(158)) - HddsDatanode metrics system started (again)
2019-10-15 16:29:26,717 [org.apache.hadoop.util.JvmPauseMonitor$Monitor@28769ae2] INFO  util.JvmPauseMonitor (JvmPauseMonitor.java:run(188)) - Starting JVM pause monitor
2019-10-15 16:29:26,719 [main] INFO  ozone.HddsDatanodeService (HddsDatanodeService.java:start(184)) - HddsDatanodeService host:pr-hdds-2302-bqc8v-2513969318 ip:192.168.164.239
2019-10-15 16:29:26,721 [Datanode State Machine Thread - 0] INFO  datanode.InitDatanodeState (InitDatanodeState.java:persistContainerDatanodeDetails(140)) - DatanodeDetails is persisted to /workdir/hadoop-ozone/integration-test/target/test-dir/MiniOzoneClusterImpl-beab53a1-ec34-46da-8591-07ed803d9383/datanode-7/meta/datanode.id
2019-10-15 16:29:26,728 [main] INFO  volume.HddsVolume (HddsVolume.java:<init>(176)) - Creating Volume: /workdir/hadoop-ozone/integration-test/target/test-dir/MiniOzoneClusterImpl-beab53a1-ec34-46da-8591-07ed803d9383/datanode-8/data/containers/hdds of  storage type : DISK and capacity : 1482555576320
2019-10-15 16:29:26,729 [main] INFO  volume.VolumeSet (VolumeSet.java:initializeVolumeSet(170)) - Added Volume : /workdir/hadoop-ozone/integration-test/target/test-dir/MiniOzoneClusterImpl-beab53a1-ec34-46da-8591-07ed803d9383/datanode-8/data/containers/hdds to VolumeSet
2019-10-15 16:29:26,729 [main] INFO  volume.ThrottledAsyncChecker (ThrottledAsyncChecker.java:schedule(141)) - Scheduling a check for /workdir/hadoop-ozone/integration-test/target/test-dir/MiniOzoneClusterImpl-beab53a1-ec34-46da-8591-07ed803d9383/datanode-8/data/containers/hdds
2019-10-15 16:29:26,730 [main] INFO  volume.HddsVolumeChecker (HddsVolumeChecker.java:checkAllVolumes(204)) - Scheduled health check for volume /workdir/hadoop-ozone/integration-test/target/test-dir/MiniOzoneClusterImpl-beab53a1-ec34-46da-8591-07ed803d9383/datanode-8/data/containers/hdds
2019-10-15 16:29:26,744 [main] INFO  impl.RaftServerProxy (ConfUtils.java:logGet(43)) - raft.rpc.type = GRPC (default)
2019-10-15 16:29:26,744 [main] INFO  grpc.GrpcFactory (GrpcFactory.java:checkPooledByteBufAllocatorUseCacheForAllThreads(45)) - PERFORMANCE WARNING: useCacheForAllThreads is true that may cause Netty to create a lot garbage objects and, as a result, trigger GC.
	It is recommended to disable useCacheForAllThreads by setting -Dorg.apache.ratis.thirdparty.io.netty.allocator.useCacheForAllThreads=false in command line.
2019-10-15 16:29:26,744 [main] INFO  grpc.GrpcConfigKeys$Server (ConfUtils.java:logGet(43)) - raft.grpc.server.port = 0 (default)
2019-10-15 16:29:26,744 [main] INFO  server.GrpcService (ConfUtils.java:logGet(43)) - raft.grpc.message.size.max = 33570816 (custom)
2019-10-15 16:29:26,744 [main] INFO  server.RaftServerConfigKeys (ConfUtils.java:logGet(43)) - raft.server.log.appender.buffer.byte-limit = 33554432 (custom)
2019-10-15 16:29:26,745 [main] INFO  server.GrpcService (ConfUtils.java:logGet(43)) - raft.grpc.flow.control.window = 1MB (=1048576) (default)
2019-10-15 16:29:26,745 [main] INFO  server.RaftServerConfigKeys (ConfUtils.java:logGet(43)) - raft.server.rpc.request.timeout = 3000ms (default)
2019-10-15 16:29:26,745 [main] INFO  server.RaftServerConfigKeys (ConfUtils.java:logGet(43)) - raft.server.storage.dir = [/workdir/hadoop-ozone/integration-test/target/test-dir/MiniOzoneClusterImpl-beab53a1-ec34-46da-8591-07ed803d9383/datanode-8/data/ratis] (custom)
2019-10-15 16:29:26,747 [main] INFO  hdfs.DFSUtil (DFSUtil.java:httpServerTemplateForNNAndJN(1641)) - Starting Web-server for hddsDatanode at: http://0.0.0.0:0
2019-10-15 16:29:26,748 [main] INFO  server.AuthenticationFilter (AuthenticationFilter.java:constructSecretProvider(240)) - Unable to initialize FileSignerSecretProvider, falling back to use random secrets.
2019-10-15 16:29:26,748 [main] WARN  http.HttpRequestLog (HttpRequestLog.java:getRequestLog(97)) - Jetty request log can only be enabled using Log4j
2019-10-15 16:29:26,749 [main] INFO  http.HttpServer2 (HttpServer2.java:addGlobalFilter(975)) - Added global filter 'safety' (class=org.apache.hadoop.http.HttpServer2$QuotingInputFilter)
2019-10-15 16:29:26,750 [main] INFO  http.HttpServer2 (HttpServer2.java:addFilter(948)) - Added filter static_user_filter (class=org.apache.hadoop.http.lib.StaticUserWebFilter$StaticUserFilter) to context hddsDatanode
2019-10-15 16:29:26,750 [main] INFO  http.HttpServer2 (HttpServer2.java:addFilter(958)) - Added filter static_user_filter (class=org.apache.hadoop.http.lib.StaticUserWebFilter$StaticUserFilter) to context static
2019-10-15 16:29:26,750 [main] INFO  http.HttpServer2 (HttpServer2.java:addFilter(958)) - Added filter static_user_filter (class=org.apache.hadoop.http.lib.StaticUserWebFilter$StaticUserFilter) to context logs
2019-10-15 16:29:26,751 [main] INFO  http.HttpServer2 (HttpServer2.java:bindListener(1191)) - Jetty bound to port 46573
2019-10-15 16:29:26,751 [main] INFO  server.Server (Server.java:doStart(351)) - jetty-9.3.25.v20180904, build timestamp: 2018-09-04T21:11:46Z, git hash: 3ce520221d0240229c862b122d2b06c12a625732
2019-10-15 16:29:26,753 [main] INFO  handler.ContextHandler (ContextHandler.java:doStart(781)) - Started o.e.j.s.ServletContextHandler@79a04e5f{/logs,file:///workdir/hadoop-ozone/integration-test/target/log,AVAILABLE}
2019-10-15 16:29:26,754 [main] INFO  handler.ContextHandler (ContextHandler.java:doStart(781)) - Started o.e.j.s.ServletContextHandler@53311681{/static,jar:file:/home/user/.m2/repository/org/apache/hadoop/hadoop-hdds-container-service/0.5.0-SNAPSHOT/hadoop-hdds-container-service-0.5.0-SNAPSHOT.jar!/webapps/static,AVAILABLE}
2019-10-15 16:29:26,779 [main] INFO  handler.ContextHandler (ContextHandler.java:doStart(781)) - Started o.e.j.w.WebAppContext@59696551{/,file:///tmp/jetty-0.0.0.0-46573-hddsDatanode-_-any-3896306895748245820.dir/webapp/,AVAILABLE}{/hddsDatanode}
2019-10-15 16:29:26,779 [main] INFO  server.AbstractConnector (AbstractConnector.java:doStart(278)) - Started ServerConnector@648d0e6d{HTTP/1.1,[http/1.1]}{0.0.0.0:46573}
2019-10-15 16:29:26,780 [main] INFO  server.Server (Server.java:doStart(419)) - Started @5933ms
2019-10-15 16:29:26,780 [main] WARN  impl.MetricsSystemImpl (MetricsSystemImpl.java:register(276)) - Sink prometheus already exists!
2019-10-15 16:29:26,781 [main] INFO  server.BaseHttpServer (BaseHttpServer.java:updateConnectorAddress(215)) - HTTP server of HDDSDATANODE is listening at http://0.0.0.0:46573
2019-10-15 16:29:26,781 [main] INFO  impl.MetricsSystemImpl (MetricsSystemImpl.java:init(158)) - HddsDatanode metrics system started (again)
2019-10-15 16:29:26,785 [org.apache.hadoop.util.JvmPauseMonitor$Monitor@b5aaf7a] INFO  util.JvmPauseMonitor (JvmPauseMonitor.java:run(188)) - Starting JVM pause monitor
2019-10-15 16:29:26,785 [main] INFO  ozone.HddsDatanodeService (HddsDatanodeService.java:start(184)) - HddsDatanodeService host:pr-hdds-2302-bqc8v-2513969318 ip:192.168.164.239
2019-10-15 16:29:26,788 [Datanode State Machine Thread - 0] INFO  datanode.InitDatanodeState (InitDatanodeState.java:persistContainerDatanodeDetails(140)) - DatanodeDetails is persisted to /workdir/hadoop-ozone/integration-test/target/test-dir/MiniOzoneClusterImpl-beab53a1-ec34-46da-8591-07ed803d9383/datanode-8/meta/datanode.id
2019-10-15 16:29:26,793 [main] INFO  volume.HddsVolume (HddsVolume.java:<init>(176)) - Creating Volume: /workdir/hadoop-ozone/integration-test/target/test-dir/MiniOzoneClusterImpl-beab53a1-ec34-46da-8591-07ed803d9383/datanode-9/data/containers/hdds of  storage type : DISK and capacity : 1482555576320
2019-10-15 16:29:26,793 [main] INFO  volume.VolumeSet (VolumeSet.java:initializeVolumeSet(170)) - Added Volume : /workdir/hadoop-ozone/integration-test/target/test-dir/MiniOzoneClusterImpl-beab53a1-ec34-46da-8591-07ed803d9383/datanode-9/data/containers/hdds to VolumeSet
2019-10-15 16:29:26,794 [main] INFO  volume.ThrottledAsyncChecker (ThrottledAsyncChecker.java:schedule(141)) - Scheduling a check for /workdir/hadoop-ozone/integration-test/target/test-dir/MiniOzoneClusterImpl-beab53a1-ec34-46da-8591-07ed803d9383/datanode-9/data/containers/hdds
2019-10-15 16:29:26,794 [main] INFO  volume.HddsVolumeChecker (HddsVolumeChecker.java:checkAllVolumes(204)) - Scheduled health check for volume /workdir/hadoop-ozone/integration-test/target/test-dir/MiniOzoneClusterImpl-beab53a1-ec34-46da-8591-07ed803d9383/datanode-9/data/containers/hdds
2019-10-15 16:29:26,806 [main] INFO  impl.RaftServerProxy (ConfUtils.java:logGet(43)) - raft.rpc.type = GRPC (default)
2019-10-15 16:29:26,806 [main] INFO  grpc.GrpcFactory (GrpcFactory.java:checkPooledByteBufAllocatorUseCacheForAllThreads(45)) - PERFORMANCE WARNING: useCacheForAllThreads is true that may cause Netty to create a lot garbage objects and, as a result, trigger GC.
	It is recommended to disable useCacheForAllThreads by setting -Dorg.apache.ratis.thirdparty.io.netty.allocator.useCacheForAllThreads=false in command line.
2019-10-15 16:29:26,806 [main] INFO  grpc.GrpcConfigKeys$Server (ConfUtils.java:logGet(43)) - raft.grpc.server.port = 0 (default)
2019-10-15 16:29:26,807 [main] INFO  server.GrpcService (ConfUtils.java:logGet(43)) - raft.grpc.message.size.max = 33570816 (custom)
2019-10-15 16:29:26,807 [main] INFO  server.RaftServerConfigKeys (ConfUtils.java:logGet(43)) - raft.server.log.appender.buffer.byte-limit = 33554432 (custom)
2019-10-15 16:29:26,807 [main] INFO  server.GrpcService (ConfUtils.java:logGet(43)) - raft.grpc.flow.control.window = 1MB (=1048576) (default)
2019-10-15 16:29:26,807 [main] INFO  server.RaftServerConfigKeys (ConfUtils.java:logGet(43)) - raft.server.rpc.request.timeout = 3000ms (default)
2019-10-15 16:29:26,808 [main] INFO  server.RaftServerConfigKeys (ConfUtils.java:logGet(43)) - raft.server.storage.dir = [/workdir/hadoop-ozone/integration-test/target/test-dir/MiniOzoneClusterImpl-beab53a1-ec34-46da-8591-07ed803d9383/datanode-9/data/ratis] (custom)
2019-10-15 16:29:26,809 [main] INFO  hdfs.DFSUtil (DFSUtil.java:httpServerTemplateForNNAndJN(1641)) - Starting Web-server for hddsDatanode at: http://0.0.0.0:0
2019-10-15 16:29:26,810 [main] INFO  server.AuthenticationFilter (AuthenticationFilter.java:constructSecretProvider(240)) - Unable to initialize FileSignerSecretProvider, falling back to use random secrets.
2019-10-15 16:29:26,810 [main] WARN  http.HttpRequestLog (HttpRequestLog.java:getRequestLog(97)) - Jetty request log can only be enabled using Log4j
2019-10-15 16:29:26,811 [main] INFO  http.HttpServer2 (HttpServer2.java:addGlobalFilter(975)) - Added global filter 'safety' (class=org.apache.hadoop.http.HttpServer2$QuotingInputFilter)
2019-10-15 16:29:26,812 [main] INFO  http.HttpServer2 (HttpServer2.java:addFilter(948)) - Added filter static_user_filter (class=org.apache.hadoop.http.lib.StaticUserWebFilter$StaticUserFilter) to context hddsDatanode
2019-10-15 16:29:26,812 [main] INFO  http.HttpServer2 (HttpServer2.java:addFilter(958)) - Added filter static_user_filter (class=org.apache.hadoop.http.lib.StaticUserWebFilter$StaticUserFilter) to context static
2019-10-15 16:29:26,812 [main] INFO  http.HttpServer2 (HttpServer2.java:addFilter(958)) - Added filter static_user_filter (class=org.apache.hadoop.http.lib.StaticUserWebFilter$StaticUserFilter) to context logs
2019-10-15 16:29:26,813 [main] INFO  http.HttpServer2 (HttpServer2.java:bindListener(1191)) - Jetty bound to port 34394
2019-10-15 16:29:26,813 [main] INFO  server.Server (Server.java:doStart(351)) - jetty-9.3.25.v20180904, build timestamp: 2018-09-04T21:11:46Z, git hash: 3ce520221d0240229c862b122d2b06c12a625732
2019-10-15 16:29:26,815 [main] INFO  handler.ContextHandler (ContextHandler.java:doStart(781)) - Started o.e.j.s.ServletContextHandler@6cbd0674{/logs,file:///workdir/hadoop-ozone/integration-test/target/log,AVAILABLE}
2019-10-15 16:29:26,815 [main] INFO  handler.ContextHandler (ContextHandler.java:doStart(781)) - Started o.e.j.s.ServletContextHandler@19a64eae{/static,jar:file:/home/user/.m2/repository/org/apache/hadoop/hadoop-hdds-container-service/0.5.0-SNAPSHOT/hadoop-hdds-container-service-0.5.0-SNAPSHOT.jar!/webapps/static,AVAILABLE}
2019-10-15 16:29:26,840 [main] INFO  handler.ContextHandler (ContextHandler.java:doStart(781)) - Started o.e.j.w.WebAppContext@10c72a6f{/,file:///tmp/jetty-0.0.0.0-34394-hddsDatanode-_-any-2928009240781132643.dir/webapp/,AVAILABLE}{/hddsDatanode}
2019-10-15 16:29:26,840 [main] INFO  server.AbstractConnector (AbstractConnector.java:doStart(278)) - Started ServerConnector@70e94ecb{HTTP/1.1,[http/1.1]}{0.0.0.0:34394}
2019-10-15 16:29:26,841 [main] INFO  server.Server (Server.java:doStart(419)) - Started @5994ms
2019-10-15 16:29:26,841 [main] WARN  impl.MetricsSystemImpl (MetricsSystemImpl.java:register(276)) - Sink prometheus already exists!
2019-10-15 16:29:26,842 [main] INFO  server.BaseHttpServer (BaseHttpServer.java:updateConnectorAddress(215)) - HTTP server of HDDSDATANODE is listening at http://0.0.0.0:34394
2019-10-15 16:29:26,845 [main] INFO  ozone.MiniOzoneClusterImpl (MiniOzoneClusterImpl.java:lambda$waitForClusterToBeReady$0(147)) - Waiting for cluster to be ready. Got 0 of 10 DN Heartbeats.
2019-10-15 16:29:26,846 [org.apache.hadoop.util.JvmPauseMonitor$Monitor@2125c9c9] INFO  util.JvmPauseMonitor (JvmPauseMonitor.java:run(188)) - Starting JVM pause monitor
2019-10-15 16:29:26,849 [Datanode State Machine Thread - 0] INFO  datanode.InitDatanodeState (InitDatanodeState.java:persistContainerDatanodeDetails(140)) - DatanodeDetails is persisted to /workdir/hadoop-ozone/integration-test/target/test-dir/MiniOzoneClusterImpl-beab53a1-ec34-46da-8591-07ed803d9383/datanode-9/meta/datanode.id
2019-10-15 16:29:27,846 [main] INFO  ozone.MiniOzoneClusterImpl (MiniOzoneClusterImpl.java:lambda$waitForClusterToBeReady$0(147)) - Waiting for cluster to be ready. Got 0 of 10 DN Heartbeats.
2019-10-15 16:29:28,320 [Datanode State Machine Thread - 0] INFO  ozoneimpl.OzoneContainer (OzoneContainer.java:start(213)) - Attempting to start container services.
2019-10-15 16:29:28,321 [Datanode State Machine Thread - 0] INFO  ozoneimpl.OzoneContainer (OzoneContainer.java:startContainerScrub(177)) - Background container scanner has been disabled.
2019-10-15 16:29:28,322 [Datanode State Machine Thread - 0] INFO  ratis.XceiverServerRatis (XceiverServerRatis.java:start(418)) - Starting XceiverServerRatis b3806c56-f44f-4484-a72b-f9662a6f8cba at port 0
2019-10-15 16:29:28,339 [Datanode State Machine Thread - 0] INFO  impl.RaftServerProxy (RaftServerProxy.java:lambda$start$3(299)) - b3806c56-f44f-4484-a72b-f9662a6f8cba: start RPC server
2019-10-15 16:29:28,341 [Datanode State Machine Thread - 0] INFO  ozoneimpl.OzoneContainer (OzoneContainer.java:start(213)) - Attempting to start container services.
2019-10-15 16:29:28,346 [Datanode State Machine Thread - 0] INFO  ozoneimpl.OzoneContainer (OzoneContainer.java:startContainerScrub(177)) - Background container scanner has been disabled.
2019-10-15 16:29:28,346 [Datanode State Machine Thread - 0] INFO  ratis.XceiverServerRatis (XceiverServerRatis.java:start(418)) - Starting XceiverServerRatis 0bff853f-e43c-4347-b3e4-d8621042c42b at port 0
2019-10-15 16:29:28,356 [Datanode State Machine Thread - 0] INFO  impl.RaftServerProxy (RaftServerProxy.java:lambda$start$3(299)) - 0bff853f-e43c-4347-b3e4-d8621042c42b: start RPC server
2019-10-15 16:29:28,396 [Datanode State Machine Thread - 0] INFO  ozoneimpl.OzoneContainer (OzoneContainer.java:start(213)) - Attempting to start container services.
2019-10-15 16:29:28,396 [Datanode State Machine Thread - 0] INFO  ozoneimpl.OzoneContainer (OzoneContainer.java:startContainerScrub(177)) - Background container scanner has been disabled.
2019-10-15 16:29:28,396 [Datanode State Machine Thread - 0] INFO  ratis.XceiverServerRatis (XceiverServerRatis.java:start(418)) - Starting XceiverServerRatis cccd55fe-f481-4e2b-93ed-b6a86d13c378 at port 0
2019-10-15 16:29:28,418 [Datanode State Machine Thread - 0] INFO  impl.RaftServerProxy (RaftServerProxy.java:lambda$start$3(299)) - cccd55fe-f481-4e2b-93ed-b6a86d13c378: start RPC server
2019-10-15 16:29:28,486 [Datanode State Machine Thread - 0] INFO  ozoneimpl.OzoneContainer (OzoneContainer.java:start(213)) - Attempting to start container services.
2019-10-15 16:29:28,486 [Datanode State Machine Thread - 0] INFO  server.GrpcService (GrpcService.java:startImpl(158)) - b3806c56-f44f-4484-a72b-f9662a6f8cba: GrpcService started, listening on 0.0.0.0/0.0.0.0:35315
2019-10-15 16:29:28,486 [Datanode State Machine Thread - 0] INFO  ozoneimpl.OzoneContainer (OzoneContainer.java:startContainerScrub(177)) - Background container scanner has been disabled.
2019-10-15 16:29:28,486 [Datanode State Machine Thread - 0] INFO  ratis.XceiverServerRatis (XceiverServerRatis.java:start(428)) - XceiverServerRatis b3806c56-f44f-4484-a72b-f9662a6f8cba is started using port 35315
2019-10-15 16:29:28,485 [Datanode State Machine Thread - 0] INFO  server.GrpcService (GrpcService.java:startImpl(158)) - 0bff853f-e43c-4347-b3e4-d8621042c42b: GrpcService started, listening on 0.0.0.0/0.0.0.0:34619
2019-10-15 16:29:28,485 [Datanode State Machine Thread - 0] INFO  server.GrpcService (GrpcService.java:startImpl(158)) - cccd55fe-f481-4e2b-93ed-b6a86d13c378: GrpcService started, listening on 0.0.0.0/0.0.0.0:35771
2019-10-15 16:29:28,487 [Datanode State Machine Thread - 0] INFO  ratis.XceiverServerRatis (XceiverServerRatis.java:start(428)) - XceiverServerRatis 0bff853f-e43c-4347-b3e4-d8621042c42b is started using port 34619
2019-10-15 16:29:28,486 [Datanode State Machine Thread - 0] INFO  ratis.XceiverServerRatis (XceiverServerRatis.java:start(418)) - Starting XceiverServerRatis c48d8dfa-9e66-4eac-9ff2-02281a99dfa9 at port 0
2019-10-15 16:29:28,487 [Datanode State Machine Thread - 0] INFO  ratis.XceiverServerRatis (XceiverServerRatis.java:start(428)) - XceiverServerRatis cccd55fe-f481-4e2b-93ed-b6a86d13c378 is started using port 35771
2019-10-15 16:29:28,492 [Datanode State Machine Thread - 0] INFO  server.XceiverServerGrpc (XceiverServerGrpc.java:start(149)) - XceiverServerGrpc cccd55fe-f481-4e2b-93ed-b6a86d13c378 is started using port 33319
2019-10-15 16:29:28,492 [Datanode State Machine Thread - 0] INFO  server.XceiverServerGrpc (XceiverServerGrpc.java:start(149)) - XceiverServerGrpc b3806c56-f44f-4484-a72b-f9662a6f8cba is started using port 46309
2019-10-15 16:29:28,494 [Datanode State Machine Thread - 0] INFO  server.XceiverServerGrpc (XceiverServerGrpc.java:start(149)) - XceiverServerGrpc 0bff853f-e43c-4347-b3e4-d8621042c42b is started using port 35070
2019-10-15 16:29:28,499 [Datanode State Machine Thread - 0] INFO  impl.RaftServerProxy (RaftServerProxy.java:lambda$start$3(299)) - c48d8dfa-9e66-4eac-9ff2-02281a99dfa9: start RPC server
2019-10-15 16:29:28,501 [Datanode State Machine Thread - 0] INFO  server.GrpcService (GrpcService.java:startImpl(158)) - c48d8dfa-9e66-4eac-9ff2-02281a99dfa9: GrpcService started, listening on 0.0.0.0/0.0.0.0:41652
2019-10-15 16:29:28,501 [Datanode State Machine Thread - 0] INFO  ratis.XceiverServerRatis (XceiverServerRatis.java:start(428)) - XceiverServerRatis c48d8dfa-9e66-4eac-9ff2-02281a99dfa9 is started using port 41652
2019-10-15 16:29:28,503 [Datanode State Machine Thread - 0] INFO  server.XceiverServerGrpc (XceiverServerGrpc.java:start(149)) - XceiverServerGrpc c48d8dfa-9e66-4eac-9ff2-02281a99dfa9 is started using port 46803
2019-10-15 16:29:28,536 [Datanode State Machine Thread - 0] INFO  ozoneimpl.OzoneContainer (OzoneContainer.java:start(213)) - Attempting to start container services.
2019-10-15 16:29:28,536 [Datanode State Machine Thread - 0] INFO  ozoneimpl.OzoneContainer (OzoneContainer.java:startContainerScrub(177)) - Background container scanner has been disabled.
2019-10-15 16:29:28,536 [Datanode State Machine Thread - 0] INFO  ratis.XceiverServerRatis (XceiverServerRatis.java:start(418)) - Starting XceiverServerRatis f5624850-682f-4ec5-bb5c-f79627fc299e at port 0
2019-10-15 16:29:28,545 [Datanode State Machine Thread - 0] INFO  impl.RaftServerProxy (RaftServerProxy.java:lambda$start$3(299)) - f5624850-682f-4ec5-bb5c-f79627fc299e: start RPC server
2019-10-15 16:29:28,547 [Datanode State Machine Thread - 0] INFO  server.GrpcService (GrpcService.java:startImpl(158)) - f5624850-682f-4ec5-bb5c-f79627fc299e: GrpcService started, listening on 0.0.0.0/0.0.0.0:39499
2019-10-15 16:29:28,547 [Datanode State Machine Thread - 0] INFO  ratis.XceiverServerRatis (XceiverServerRatis.java:start(428)) - XceiverServerRatis f5624850-682f-4ec5-bb5c-f79627fc299e is started using port 39499
2019-10-15 16:29:28,549 [Datanode State Machine Thread - 0] INFO  server.XceiverServerGrpc (XceiverServerGrpc.java:start(149)) - XceiverServerGrpc f5624850-682f-4ec5-bb5c-f79627fc299e is started using port 42356
2019-10-15 16:29:28,611 [Datanode State Machine Thread - 0] INFO  ozoneimpl.OzoneContainer (OzoneContainer.java:start(213)) - Attempting to start container services.
2019-10-15 16:29:28,612 [Datanode State Machine Thread - 0] INFO  ozoneimpl.OzoneContainer (OzoneContainer.java:startContainerScrub(177)) - Background container scanner has been disabled.
2019-10-15 16:29:28,612 [Datanode State Machine Thread - 0] INFO  ratis.XceiverServerRatis (XceiverServerRatis.java:start(418)) - Starting XceiverServerRatis f581660d-af3d-4f5f-b57d-f4cb54f048b9 at port 0
2019-10-15 16:29:28,621 [Datanode State Machine Thread - 0] INFO  impl.RaftServerProxy (RaftServerProxy.java:lambda$start$3(299)) - f581660d-af3d-4f5f-b57d-f4cb54f048b9: start RPC server
2019-10-15 16:29:28,624 [Datanode State Machine Thread - 0] INFO  server.GrpcService (GrpcService.java:startImpl(158)) - f581660d-af3d-4f5f-b57d-f4cb54f048b9: GrpcService started, listening on 0.0.0.0/0.0.0.0:42501
2019-10-15 16:29:28,624 [Datanode State Machine Thread - 0] INFO  ratis.XceiverServerRatis (XceiverServerRatis.java:start(428)) - XceiverServerRatis f581660d-af3d-4f5f-b57d-f4cb54f048b9 is started using port 42501
2019-10-15 16:29:28,627 [Datanode State Machine Thread - 0] INFO  server.XceiverServerGrpc (XceiverServerGrpc.java:start(149)) - XceiverServerGrpc f581660d-af3d-4f5f-b57d-f4cb54f048b9 is started using port 40976
2019-10-15 16:29:28,678 [Datanode State Machine Thread - 0] INFO  ozoneimpl.OzoneContainer (OzoneContainer.java:start(213)) - Attempting to start container services.
2019-10-15 16:29:28,678 [Datanode State Machine Thread - 0] INFO  ozoneimpl.OzoneContainer (OzoneContainer.java:startContainerScrub(177)) - Background container scanner has been disabled.
2019-10-15 16:29:28,678 [Datanode State Machine Thread - 0] INFO  ratis.XceiverServerRatis (XceiverServerRatis.java:start(418)) - Starting XceiverServerRatis 6af1a5bd-f075-405e-b6a5-6d145eedd789 at port 0
2019-10-15 16:29:28,688 [Datanode State Machine Thread - 0] INFO  impl.RaftServerProxy (RaftServerProxy.java:lambda$start$3(299)) - 6af1a5bd-f075-405e-b6a5-6d145eedd789: start RPC server
2019-10-15 16:29:28,691 [Datanode State Machine Thread - 0] INFO  server.GrpcService (GrpcService.java:startImpl(158)) - 6af1a5bd-f075-405e-b6a5-6d145eedd789: GrpcService started, listening on 0.0.0.0/0.0.0.0:35339
2019-10-15 16:29:28,691 [Datanode State Machine Thread - 0] INFO  ratis.XceiverServerRatis (XceiverServerRatis.java:start(428)) - XceiverServerRatis 6af1a5bd-f075-405e-b6a5-6d145eedd789 is started using port 35339
2019-10-15 16:29:28,694 [Datanode State Machine Thread - 0] INFO  server.XceiverServerGrpc (XceiverServerGrpc.java:start(149)) - XceiverServerGrpc 6af1a5bd-f075-405e-b6a5-6d145eedd789 is started using port 42810
2019-10-15 16:29:28,745 [Datanode State Machine Thread - 0] INFO  ozoneimpl.OzoneContainer (OzoneContainer.java:start(213)) - Attempting to start container services.
2019-10-15 16:29:28,745 [Datanode State Machine Thread - 0] INFO  ozoneimpl.OzoneContainer (OzoneContainer.java:startContainerScrub(177)) - Background container scanner has been disabled.
2019-10-15 16:29:28,746 [Datanode State Machine Thread - 0] INFO  ratis.XceiverServerRatis (XceiverServerRatis.java:start(418)) - Starting XceiverServerRatis 24ee8ff7-dd07-49e6-bbcb-bb50ff0e8e36 at port 0
2019-10-15 16:29:28,754 [Datanode State Machine Thread - 0] INFO  impl.RaftServerProxy (RaftServerProxy.java:lambda$start$3(299)) - 24ee8ff7-dd07-49e6-bbcb-bb50ff0e8e36: start RPC server
2019-10-15 16:29:28,757 [Datanode State Machine Thread - 0] INFO  server.GrpcService (GrpcService.java:startImpl(158)) - 24ee8ff7-dd07-49e6-bbcb-bb50ff0e8e36: GrpcService started, listening on 0.0.0.0/0.0.0.0:45096
2019-10-15 16:29:28,757 [Datanode State Machine Thread - 0] INFO  ratis.XceiverServerRatis (XceiverServerRatis.java:start(428)) - XceiverServerRatis 24ee8ff7-dd07-49e6-bbcb-bb50ff0e8e36 is started using port 45096
2019-10-15 16:29:28,761 [Datanode State Machine Thread - 0] INFO  server.XceiverServerGrpc (XceiverServerGrpc.java:start(149)) - XceiverServerGrpc 24ee8ff7-dd07-49e6-bbcb-bb50ff0e8e36 is started using port 45555
2019-10-15 16:29:28,812 [Datanode State Machine Thread - 0] INFO  ozoneimpl.OzoneContainer (OzoneContainer.java:start(213)) - Attempting to start container services.
2019-10-15 16:29:28,812 [Datanode State Machine Thread - 0] INFO  ozoneimpl.OzoneContainer (OzoneContainer.java:startContainerScrub(177)) - Background container scanner has been disabled.
2019-10-15 16:29:28,813 [Datanode State Machine Thread - 0] INFO  ratis.XceiverServerRatis (XceiverServerRatis.java:start(418)) - Starting XceiverServerRatis 14091fe6-d183-4b46-be93-2ba964a39c73 at port 0
2019-10-15 16:29:28,822 [Datanode State Machine Thread - 0] INFO  impl.RaftServerProxy (RaftServerProxy.java:lambda$start$3(299)) - 14091fe6-d183-4b46-be93-2ba964a39c73: start RPC server
2019-10-15 16:29:28,827 [Datanode State Machine Thread - 0] INFO  server.GrpcService (GrpcService.java:startImpl(158)) - 14091fe6-d183-4b46-be93-2ba964a39c73: GrpcService started, listening on 0.0.0.0/0.0.0.0:34827
2019-10-15 16:29:28,827 [Datanode State Machine Thread - 0] INFO  ratis.XceiverServerRatis (XceiverServerRatis.java:start(428)) - XceiverServerRatis 14091fe6-d183-4b46-be93-2ba964a39c73 is started using port 34827
2019-10-15 16:29:28,830 [Datanode State Machine Thread - 0] INFO  server.XceiverServerGrpc (XceiverServerGrpc.java:start(149)) - XceiverServerGrpc 14091fe6-d183-4b46-be93-2ba964a39c73 is started using port 43258
2019-10-15 16:29:28,849 [main] INFO  ozone.MiniOzoneClusterImpl (MiniOzoneClusterImpl.java:lambda$waitForClusterToBeReady$0(147)) - Waiting for cluster to be ready. Got 0 of 10 DN Heartbeats.
2019-10-15 16:29:28,879 [Datanode State Machine Thread - 0] INFO  ozoneimpl.OzoneContainer (OzoneContainer.java:start(213)) - Attempting to start container services.
2019-10-15 16:29:28,880 [Datanode State Machine Thread - 0] INFO  ozoneimpl.OzoneContainer (OzoneContainer.java:startContainerScrub(177)) - Background container scanner has been disabled.
2019-10-15 16:29:28,880 [Datanode State Machine Thread - 0] INFO  ratis.XceiverServerRatis (XceiverServerRatis.java:start(418)) - Starting XceiverServerRatis ad489b75-c750-46bb-a6b1-c18f7705b7c2 at port 0
2019-10-15 16:29:28,889 [Datanode State Machine Thread - 0] INFO  impl.RaftServerProxy (RaftServerProxy.java:lambda$start$3(299)) - ad489b75-c750-46bb-a6b1-c18f7705b7c2: start RPC server
2019-10-15 16:29:28,894 [Datanode State Machine Thread - 0] INFO  server.GrpcService (GrpcService.java:startImpl(158)) - ad489b75-c750-46bb-a6b1-c18f7705b7c2: GrpcService started, listening on 0.0.0.0/0.0.0.0:37012
2019-10-15 16:29:28,894 [Datanode State Machine Thread - 0] INFO  ratis.XceiverServerRatis (XceiverServerRatis.java:start(428)) - XceiverServerRatis ad489b75-c750-46bb-a6b1-c18f7705b7c2 is started using port 37012
2019-10-15 16:29:28,913 [Datanode State Machine Thread - 0] INFO  server.XceiverServerGrpc (XceiverServerGrpc.java:start(149)) - XceiverServerGrpc ad489b75-c750-46bb-a6b1-c18f7705b7c2 is started using port 36872
2019-10-15 16:29:29,849 [main] INFO  ozone.MiniOzoneClusterImpl (MiniOzoneClusterImpl.java:lambda$waitForClusterToBeReady$0(147)) - Waiting for cluster to be ready. Got 0 of 10 DN Heartbeats.
2019-10-15 16:29:30,274 [IPC Server handler 9 on 43719] INFO  net.NetworkTopology (NetworkTopologyImpl.java:add(111)) - Added a new node: /default-rack/b3806c56-f44f-4484-a72b-f9662a6f8cba
2019-10-15 16:29:30,275 [IPC Server handler 9 on 43719] INFO  node.SCMNodeManager (SCMNodeManager.java:register(268)) - Registered Data node : b3806c56-f44f-4484-a72b-f9662a6f8cba{ip: 192.168.164.239, host: pr-hdds-2302-bqc8v-2513969318, networkLocation: /default-rack, certSerialId: null}
2019-10-15 16:29:30,280 [EventQueue-NodeRegistrationContainerReportForDataNodeSafeModeRule] INFO  safemode.SCMSafeModeManager (DataNodeSafeModeRule.java:process(71)) - SCM in safe mode. 1 DataNodes registered, 1 required.
2019-10-15 16:29:30,281 [EventQueue-NodeRegistrationContainerReportForDataNodeSafeModeRule] INFO  safemode.SCMSafeModeManager (SCMSafeModeManager.java:validateSafeModeExitRules(177)) - ScmSafeModeManager, all rules are successfully validated
2019-10-15 16:29:30,281 [EventQueue-NodeRegistrationContainerReportForDataNodeSafeModeRule] INFO  safemode.SCMSafeModeManager (SCMSafeModeManager.java:exitSafeMode(193)) - SCM exiting safe mode.
2019-10-15 16:29:30,307 [IPC Server handler 6 on 43719] INFO  net.NetworkTopology (NetworkTopologyImpl.java:add(111)) - Added a new node: /default-rack/0bff853f-e43c-4347-b3e4-d8621042c42b
2019-10-15 16:29:30,307 [IPC Server handler 6 on 43719] INFO  node.SCMNodeManager (SCMNodeManager.java:register(268)) - Registered Data node : 0bff853f-e43c-4347-b3e4-d8621042c42b{ip: 192.168.164.239, host: pr-hdds-2302-bqc8v-2513969318, networkLocation: /default-rack, certSerialId: null}
2019-10-15 16:29:30,373 [IPC Server handler 8 on 43719] INFO  net.NetworkTopology (NetworkTopologyImpl.java:add(111)) - Added a new node: /default-rack/cccd55fe-f481-4e2b-93ed-b6a86d13c378
2019-10-15 16:29:30,373 [IPC Server handler 8 on 43719] INFO  node.SCMNodeManager (SCMNodeManager.java:register(268)) - Registered Data node : cccd55fe-f481-4e2b-93ed-b6a86d13c378{ip: 192.168.164.239, host: pr-hdds-2302-bqc8v-2513969318, networkLocation: /default-rack, certSerialId: null}
2019-10-15 16:29:30,446 [IPC Server handler 7 on 43719] INFO  net.NetworkTopology (NetworkTopologyImpl.java:add(111)) - Added a new node: /default-rack/c48d8dfa-9e66-4eac-9ff2-02281a99dfa9
2019-10-15 16:29:30,447 [IPC Server handler 7 on 43719] INFO  node.SCMNodeManager (SCMNodeManager.java:register(268)) - Registered Data node : c48d8dfa-9e66-4eac-9ff2-02281a99dfa9{ip: 192.168.164.239, host: pr-hdds-2302-bqc8v-2513969318, networkLocation: /default-rack, certSerialId: null}
2019-10-15 16:29:30,514 [IPC Server handler 11 on 43719] INFO  net.NetworkTopology (NetworkTopologyImpl.java:add(111)) - Added a new node: /default-rack/f5624850-682f-4ec5-bb5c-f79627fc299e
2019-10-15 16:29:30,515 [IPC Server handler 11 on 43719] INFO  node.SCMNodeManager (SCMNodeManager.java:register(268)) - Registered Data node : f5624850-682f-4ec5-bb5c-f79627fc299e{ip: 192.168.164.239, host: pr-hdds-2302-bqc8v-2513969318, networkLocation: /default-rack, certSerialId: null}
2019-10-15 16:29:30,584 [IPC Server handler 5 on 43719] INFO  net.NetworkTopology (NetworkTopologyImpl.java:add(111)) - Added a new node: /default-rack/f581660d-af3d-4f5f-b57d-f4cb54f048b9
2019-10-15 16:29:30,585 [IPC Server handler 5 on 43719] INFO  node.SCMNodeManager (SCMNodeManager.java:register(268)) - Registered Data node : f581660d-af3d-4f5f-b57d-f4cb54f048b9{ip: 192.168.164.239, host: pr-hdds-2302-bqc8v-2513969318, networkLocation: /default-rack, certSerialId: null}
2019-10-15 16:29:30,693 [IPC Server handler 4 on 43719] INFO  net.NetworkTopology (NetworkTopologyImpl.java:add(111)) - Added a new node: /default-rack/6af1a5bd-f075-405e-b6a5-6d145eedd789
2019-10-15 16:29:30,694 [IPC Server handler 4 on 43719] INFO  node.SCMNodeManager (SCMNodeManager.java:register(268)) - Registered Data node : 6af1a5bd-f075-405e-b6a5-6d145eedd789{ip: 192.168.164.239, host: pr-hdds-2302-bqc8v-2513969318, networkLocation: /default-rack, certSerialId: null}
2019-10-15 16:29:30,722 [IPC Server handler 2 on 43719] INFO  net.NetworkTopology (NetworkTopologyImpl.java:add(111)) - Added a new node: /default-rack/24ee8ff7-dd07-49e6-bbcb-bb50ff0e8e36
2019-10-15 16:29:30,722 [IPC Server handler 2 on 43719] INFO  node.SCMNodeManager (SCMNodeManager.java:register(268)) - Registered Data node : 24ee8ff7-dd07-49e6-bbcb-bb50ff0e8e36{ip: 192.168.164.239, host: pr-hdds-2302-bqc8v-2513969318, networkLocation: /default-rack, certSerialId: null}
2019-10-15 16:29:30,789 [IPC Server handler 0 on 43719] INFO  net.NetworkTopology (NetworkTopologyImpl.java:add(111)) - Added a new node: /default-rack/14091fe6-d183-4b46-be93-2ba964a39c73
2019-10-15 16:29:30,790 [IPC Server handler 0 on 43719] INFO  node.SCMNodeManager (SCMNodeManager.java:register(268)) - Registered Data node : 14091fe6-d183-4b46-be93-2ba964a39c73{ip: 192.168.164.239, host: pr-hdds-2302-bqc8v-2513969318, networkLocation: /default-rack, certSerialId: null}
2019-10-15 16:29:30,855 [main] INFO  ozone.MiniOzoneClusterImpl (MiniOzoneClusterImpl.java:lambda$waitForClusterToBeReady$0(147)) - Waiting for cluster to be ready. Got 9 of 10 DN Heartbeats.
2019-10-15 16:29:30,864 [IPC Server handler 9 on 43719] INFO  net.NetworkTopology (NetworkTopologyImpl.java:add(111)) - Added a new node: /default-rack/ad489b75-c750-46bb-a6b1-c18f7705b7c2
2019-10-15 16:29:30,864 [IPC Server handler 9 on 43719] INFO  node.SCMNodeManager (SCMNodeManager.java:register(268)) - Registered Data node : ad489b75-c750-46bb-a6b1-c18f7705b7c2{ip: 192.168.164.239, host: pr-hdds-2302-bqc8v-2513969318, networkLocation: /default-rack, certSerialId: null}
2019-10-15 16:29:30,886 [grpc-default-executor-0] INFO  impl.RaftServerProxy (RaftServerProxy.java:addNew(89)) - b3806c56-f44f-4484-a72b-f9662a6f8cba: addNew group-E618601C8FD3:[b3806c56-f44f-4484-a72b-f9662a6f8cba:192.168.164.239:35315] returns group-E618601C8FD3:java.util.concurrent.CompletableFuture@65126dbc[Not completed]
2019-10-15 16:29:30,904 [pool-27-thread-1] INFO  impl.RaftServerImpl (RaftServerImpl.java:<init>(104)) - b3806c56-f44f-4484-a72b-f9662a6f8cba: new RaftServerImpl for group-E618601C8FD3:[b3806c56-f44f-4484-a72b-f9662a6f8cba:192.168.164.239:35315] with ContainerStateMachine:uninitialized
2019-10-15 16:29:30,906 [pool-27-thread-1] INFO  server.RaftServerConfigKeys (ConfUtils.java:logGet(43)) - raft.server.rpc.timeout.min = 1s (custom)
2019-10-15 16:29:30,908 [pool-27-thread-1] INFO  server.RaftServerConfigKeys (ConfUtils.java:logGet(43)) - raft.server.rpc.timeout.max = 1200ms (custom)
2019-10-15 16:29:30,908 [pool-27-thread-1] INFO  server.RaftServerConfigKeys (ConfUtils.java:logGet(43)) - raft.server.rpcslowness.timeout = 120s (custom)
2019-10-15 16:29:30,909 [pool-27-thread-1] INFO  server.RaftServerConfigKeys (ConfUtils.java:logGet(43)) - raft.server.sleep.deviation.threshold = 300 (default)
2019-10-15 16:29:30,910 [pool-27-thread-1] INFO  server.RaftServerConfigKeys (ConfUtils.java:logGet(43)) - raft.server.log.appender.install.snapshot.enabled = false (custom)
2019-10-15 16:29:30,919 [pool-27-thread-1] INFO  impl.RaftServerImpl (ServerState.java:<init>(103)) - b3806c56-f44f-4484-a72b-f9662a6f8cba@group-E618601C8FD3: ConfigurationManager, init=-1: [b3806c56-f44f-4484-a72b-f9662a6f8cba:192.168.164.239:35315], old=null, confs=<EMPTY_MAP>
2019-10-15 16:29:30,919 [pool-27-thread-1] INFO  server.RaftServerConfigKeys (ConfUtils.java:logGet(43)) - raft.server.storage.dir = [/workdir/hadoop-ozone/integration-test/target/test-dir/MiniOzoneClusterImpl-beab53a1-ec34-46da-8591-07ed803d9383/datanode-0/data/ratis] (custom)
2019-10-15 16:29:30,927 [pool-27-thread-1] INFO  server.RaftServerConfigKeys (ConfUtils.java:logGet(43)) - raft.server.log.corruption.policy = EXCEPTION (default)
2019-10-15 16:29:30,929 [pool-27-thread-1] INFO  storage.RaftStorageDirectory (RaftStorageDirectory.java:analyzeStorage(246)) - The storage directory /workdir/hadoop-ozone/integration-test/target/test-dir/MiniOzoneClusterImpl-beab53a1-ec34-46da-8591-07ed803d9383/datanode-0/data/ratis/5b993587-2f97-4dc6-924a-e618601c8fd3 does not exist. Creating ...
2019-10-15 16:29:30,963 [pool-27-thread-1] INFO  storage.RaftStorageDirectory (RaftStorageDirectory.java:tryLock(328)) - Lock on /workdir/hadoop-ozone/integration-test/target/test-dir/MiniOzoneClusterImpl-beab53a1-ec34-46da-8591-07ed803d9383/datanode-0/data/ratis/5b993587-2f97-4dc6-924a-e618601c8fd3/in_use.lock acquired by nodename 23904@pr-hdds-2302-bqc8v-2513969318
2019-10-15 16:29:30,988 [pool-27-thread-1] INFO  storage.RaftStorage (RaftStorage.java:format(84)) - Storage directory /workdir/hadoop-ozone/integration-test/target/test-dir/MiniOzoneClusterImpl-beab53a1-ec34-46da-8591-07ed803d9383/datanode-0/data/ratis/5b993587-2f97-4dc6-924a-e618601c8fd3 has been successfully formatted.
2019-10-15 16:29:30,992 [pool-27-thread-1] INFO  ratis.ContainerStateMachine (ContainerStateMachine.java:loadSnapshot(231)) - group-E618601C8FD3: The snapshot info is null. Setting the last applied indexto:(t:0, i:~)
2019-10-15 16:29:30,992 [pool-27-thread-1] INFO  server.RaftServerConfigKeys (ConfUtils.java:logGet(43)) - raft.server.notification.no-leader.timeout = 120s (custom)
2019-10-15 16:29:30,995 [pool-27-thread-1] INFO  server.RaftServerConfigKeys (ConfUtils.java:logGet(43)) - raft.server.log.use.memory = false (default)
2019-10-15 16:29:31,003 [pool-27-thread-1] INFO  server.RaftServerConfigKeys (ConfUtils.java:logGet(43)) - raft.server.log.purge.gap = 1000000 (custom)
2019-10-15 16:29:31,003 [pool-27-thread-1] INFO  server.RaftServerConfigKeys (ConfUtils.java:logGet(43)) - raft.server.log.appender.buffer.byte-limit = 33554432 (custom)
2019-10-15 16:29:31,006 [pool-27-thread-1] INFO  server.RaftServerConfigKeys (ConfUtils.java:logGet(43)) - raft.server.log.segment.size.max = 1048576 (custom)
2019-10-15 16:29:31,008 [pool-27-thread-1] INFO  impl.MetricsSystemImpl (MetricsSystemImpl.java:init(158)) - ratis metrics system started (again)
2019-10-15 16:29:31,013 [pool-27-thread-1] INFO  metrics.MetricRegistries (MetricRegistriesLoader.java:load(64)) - Loaded MetricRegistries class org.apache.ratis.metrics.impl.MetricRegistriesImpl
2019-10-15 16:29:31,055 [pool-27-thread-1] INFO  server.RaftServerConfigKeys (ConfUtils.java:logGet(43)) - raft.server.log.segment.cache.num.max = 2 (custom)
2019-10-15 16:29:31,061 [pool-27-thread-1] INFO  segmented.SegmentedRaftLogWorker (SegmentedRaftLogWorker.java:<init>(173)) - new b3806c56-f44f-4484-a72b-f9662a6f8cba@group-E618601C8FD3-SegmentedRaftLogWorker for RaftStorage:Storage Directory /workdir/hadoop-ozone/integration-test/target/test-dir/MiniOzoneClusterImpl-beab53a1-ec34-46da-8591-07ed803d9383/datanode-0/data/ratis/5b993587-2f97-4dc6-924a-e618601c8fd3
2019-10-15 16:29:31,062 [pool-27-thread-1] INFO  server.RaftServerConfigKeys (ConfUtils.java:logGet(43)) - raft.server.log.queue.byte-limit = 2147483647 (custom)
2019-10-15 16:29:31,062 [pool-27-thread-1] INFO  server.RaftServerConfigKeys (ConfUtils.java:logGet(43)) - raft.server.log.queue.element-limit = 1024 (custom)
2019-10-15 16:29:31,064 [pool-27-thread-1] INFO  server.RaftServerConfigKeys (ConfUtils.java:logGet(43)) - raft.server.log.segment.size.max = 1048576 (custom)
2019-10-15 16:29:31,064 [pool-27-thread-1] INFO  server.RaftServerConfigKeys (ConfUtils.java:logGet(43)) - raft.server.log.preallocated.size = 16384 (custom)
2019-10-15 16:29:31,065 [pool-27-thread-1] INFO  server.RaftServerConfigKeys (ConfUtils.java:logGet(43)) - raft.server.log.write.buffer.size = 33554432 (custom)
2019-10-15 16:29:31,065 [pool-27-thread-1] INFO  server.RaftServerConfigKeys (ConfUtils.java:logGet(43)) - raft.server.log.force.sync.num = 128 (default)
2019-10-15 16:29:31,066 [pool-27-thread-1] INFO  server.RaftServerConfigKeys (ConfUtils.java:logGet(43)) - raft.server.log.statemachine.data.sync = true (default)
2019-10-15 16:29:31,066 [pool-27-thread-1] INFO  server.RaftServerConfigKeys (ConfUtils.java:logGet(43)) - raft.server.log.statemachine.data.sync.timeout = 10s (default)
2019-10-15 16:29:31,067 [pool-27-thread-1] INFO  server.RaftServerConfigKeys (ConfUtils.java:logGet(43)) - raft.server.log.statemachine.data.sync.timeout.retry = -1 (default)
2019-10-15 16:29:31,079 [pool-27-thread-1] INFO  server.RaftServerConfigKeys (ConfUtils.java:logGet(43)) - raft.server.log.statemachine.data.caching.enabled = true (custom)
2019-10-15 16:29:31,084 [pool-27-thread-1] INFO  segmented.SegmentedRaftLogWorker (SegmentedRaftLogWorker.java:lambda$new$0(128)) - b3806c56-f44f-4484-a72b-f9662a6f8cba@group-E618601C8FD3-SegmentedRaftLogWorker: flushIndex: setUnconditionally 0 -> -1
2019-10-15 16:29:31,088 [pool-27-thread-1] INFO  server.RaftServerConfigKeys (ConfUtils.java:logGet(43)) - raft.server.snapshot.auto.trigger.enabled = true (custom)
2019-10-15 16:29:31,089 [pool-27-thread-1] INFO  server.RaftServerConfigKeys (ConfUtils.java:logGet(43)) - raft.server.snapshot.auto.trigger.threshold = 10000 (custom)
2019-10-15 16:29:31,089 [pool-27-thread-1] INFO  server.RaftServerConfigKeys (ConfUtils.java:logGet(43)) - raft.server.snapshot.retention.file.num = 5 (custom)
2019-10-15 16:29:31,089 [pool-27-thread-1] INFO  server.RaftServerConfigKeys (ConfUtils.java:logGet(43)) - raft.server.retrycache.expirytime = 600000ms (custom)
2019-10-15 16:29:31,122 [pool-27-thread-1] INFO  impl.RaftServerImpl (RaftServerImpl.java:start(195)) - b3806c56-f44f-4484-a72b-f9662a6f8cba@group-E618601C8FD3: start as a follower, conf=-1: [b3806c56-f44f-4484-a72b-f9662a6f8cba:192.168.164.239:35315], old=null
2019-10-15 16:29:31,123 [pool-27-thread-1] INFO  impl.RaftServerImpl (RaftServerImpl.java:setRole(184)) - b3806c56-f44f-4484-a72b-f9662a6f8cba@group-E618601C8FD3: changes role from      null to FOLLOWER at term 0 for startAsFollower
2019-10-15 16:29:31,124 [pool-27-thread-1] INFO  impl.RoleInfo (RoleInfo.java:updateAndGet(143)) - b3806c56-f44f-4484-a72b-f9662a6f8cba: start FollowerState
2019-10-15 16:29:31,127 [pool-27-thread-1] INFO  util.JmxRegister (JmxRegister.java:tryRegister(44)) - Successfully registered JMX Bean with object name Ratis:service=RaftServer,group=group-E618601C8FD3,id=b3806c56-f44f-4484-a72b-f9662a6f8cba
2019-10-15 16:29:31,199 [RatisPipelineUtilsThread] INFO  pipeline.PipelineStateManager (PipelineStateManager.java:addPipeline(56)) - Created pipeline Pipeline[ Id: 5b993587-2f97-4dc6-924a-e618601c8fd3, Nodes: b3806c56-f44f-4484-a72b-f9662a6f8cba{ip: 192.168.164.239, host: pr-hdds-2302-bqc8v-2513969318, networkLocation: /default-rack, certSerialId: null}, Type:RATIS, Factor:ONE, State:OPEN]
2019-10-15 16:29:31,200 [Thread-285] INFO  impl.FollowerState (FollowerState.java:run(108)) - b3806c56-f44f-4484-a72b-f9662a6f8cba@group-E618601C8FD3-FollowerState: change to CANDIDATE, lastRpcTime:76ms, electionTimeout:75ms
2019-10-15 16:29:31,206 [Thread-285] INFO  impl.RoleInfo (RoleInfo.java:shutdownFollowerState(121)) - b3806c56-f44f-4484-a72b-f9662a6f8cba: shutdown FollowerState
2019-10-15 16:29:31,208 [Thread-285] INFO  impl.RaftServerImpl (RaftServerImpl.java:setRole(184)) - b3806c56-f44f-4484-a72b-f9662a6f8cba@group-E618601C8FD3: changes role from  FOLLOWER to CANDIDATE at term 0 for changeToCandidate
2019-10-15 16:29:31,218 [Thread-285] INFO  impl.RoleInfo (RoleInfo.java:updateAndGet(143)) - b3806c56-f44f-4484-a72b-f9662a6f8cba: start LeaderElection
2019-10-15 16:29:31,237 [grpc-default-executor-0] INFO  impl.RaftServerProxy (RaftServerProxy.java:addNew(89)) - f5624850-682f-4ec5-bb5c-f79627fc299e: addNew group-6A0C83F0A8B5:[f5624850-682f-4ec5-bb5c-f79627fc299e:192.168.164.239:39499] returns group-6A0C83F0A8B5:java.util.concurrent.CompletableFuture@77334a91[Not completed]
2019-10-15 16:29:31,274 [b3806c56-f44f-4484-a72b-f9662a6f8cba@group-E618601C8FD3-LeaderElection1] INFO  impl.LeaderElection (LeaderElection.java:askForVotes(178)) - b3806c56-f44f-4484-a72b-f9662a6f8cba@group-E618601C8FD3-LeaderElection1: begin an election at term 1 for -1: [b3806c56-f44f-4484-a72b-f9662a6f8cba:192.168.164.239:35315], old=null
2019-10-15 16:29:31,277 [pool-67-thread-1] INFO  impl.RaftServerImpl (RaftServerImpl.java:<init>(104)) - f5624850-682f-4ec5-bb5c-f79627fc299e: new RaftServerImpl for group-6A0C83F0A8B5:[f5624850-682f-4ec5-bb5c-f79627fc299e:192.168.164.239:39499] with ContainerStateMachine:uninitialized
2019-10-15 16:29:31,277 [pool-67-thread-1] INFO  server.RaftServerConfigKeys (ConfUtils.java:logGet(43)) - raft.server.rpc.timeout.min = 1s (custom)
2019-10-15 16:29:31,277 [pool-67-thread-1] INFO  server.RaftServerConfigKeys (ConfUtils.java:logGet(43)) - raft.server.rpc.timeout.max = 1200ms (custom)
2019-10-15 16:29:31,278 [pool-67-thread-1] INFO  server.RaftServerConfigKeys (ConfUtils.java:logGet(43)) - raft.server.rpcslowness.timeout = 120s (custom)
2019-10-15 16:29:31,278 [b3806c56-f44f-4484-a72b-f9662a6f8cba@group-E618601C8FD3-LeaderElection1] INFO  impl.RoleInfo (RoleInfo.java:shutdownLeaderElection(134)) - b3806c56-f44f-4484-a72b-f9662a6f8cba: shutdown LeaderElection
2019-10-15 16:29:31,278 [pool-67-thread-1] INFO  server.RaftServerConfigKeys (ConfUtils.java:logGet(43)) - raft.server.sleep.deviation.threshold = 300 (default)
2019-10-15 16:29:31,278 [pool-67-thread-1] INFO  server.RaftServerConfigKeys (ConfUtils.java:logGet(43)) - raft.server.log.appender.install.snapshot.enabled = false (custom)
2019-10-15 16:29:31,278 [pool-67-thread-1] INFO  impl.RaftServerImpl (ServerState.java:<init>(103)) - f5624850-682f-4ec5-bb5c-f79627fc299e@group-6A0C83F0A8B5: ConfigurationManager, init=-1: [f5624850-682f-4ec5-bb5c-f79627fc299e:192.168.164.239:39499], old=null, confs=<EMPTY_MAP>
2019-10-15 16:29:31,278 [pool-67-thread-1] INFO  server.RaftServerConfigKeys (ConfUtils.java:logGet(43)) - raft.server.storage.dir = [/workdir/hadoop-ozone/integration-test/target/test-dir/MiniOzoneClusterImpl-beab53a1-ec34-46da-8591-07ed803d9383/datanode-4/data/ratis] (custom)
2019-10-15 16:29:31,278 [b3806c56-f44f-4484-a72b-f9662a6f8cba@group-E618601C8FD3-LeaderElection1] INFO  impl.RaftServerImpl (RaftServerImpl.java:setRole(184)) - b3806c56-f44f-4484-a72b-f9662a6f8cba@group-E618601C8FD3: changes role from CANDIDATE to LEADER at term 1 for changeToLeader
2019-10-15 16:29:31,279 [pool-67-thread-1] INFO  server.RaftServerConfigKeys (ConfUtils.java:logGet(43)) - raft.server.log.corruption.policy = EXCEPTION (default)
2019-10-15 16:29:31,279 [b3806c56-f44f-4484-a72b-f9662a6f8cba@group-E618601C8FD3-LeaderElection1] INFO  impl.RaftServerImpl (ServerState.java:setLeader(256)) - b3806c56-f44f-4484-a72b-f9662a6f8cba@group-E618601C8FD3: change Leader from null to b3806c56-f44f-4484-a72b-f9662a6f8cba at term 1 for becomeLeader, leader elected after 286ms
2019-10-15 16:29:31,279 [pool-67-thread-1] INFO  storage.RaftStorageDirectory (RaftStorageDirectory.java:analyzeStorage(246)) - The storage directory /workdir/hadoop-ozone/integration-test/target/test-dir/MiniOzoneClusterImpl-beab53a1-ec34-46da-8591-07ed803d9383/datanode-4/data/ratis/ce1dcafd-a53c-465a-8f16-6a0c83f0a8b5 does not exist. Creating ...
2019-10-15 16:29:31,287 [b3806c56-f44f-4484-a72b-f9662a6f8cba@group-E618601C8FD3-LeaderElection1] INFO  server.RaftServerConfigKeys (ConfUtils.java:logGet(43)) - raft.server.staging.catchup.gap = 1000 (default)
2019-10-15 16:29:31,287 [b3806c56-f44f-4484-a72b-f9662a6f8cba@group-E618601C8FD3-LeaderElection1] INFO  server.RaftServerConfigKeys (ConfUtils.java:logGet(43)) - raft.server.rpc.sleep.time = 25ms (default)
2019-10-15 16:29:31,292 [b3806c56-f44f-4484-a72b-f9662a6f8cba@group-E618601C8FD3-LeaderElection1] INFO  server.RaftServerConfigKeys (ConfUtils.java:logGet(43)) - raft.server.write.element-limit = 4096 (default)
2019-10-15 16:29:31,295 [b3806c56-f44f-4484-a72b-f9662a6f8cba@group-E618601C8FD3-LeaderElection1] INFO  server.RaftServerConfigKeys (ConfUtils.java:logGet(43)) - raft.server.watch.timeout = 10s (default)
2019-10-15 16:29:31,295 [b3806c56-f44f-4484-a72b-f9662a6f8cba@group-E618601C8FD3-LeaderElection1] INFO  server.RaftServerConfigKeys (ConfUtils.java:logGet(43)) - raft.server.watch.timeout.denomination = 1s (default)
2019-10-15 16:29:31,296 [b3806c56-f44f-4484-a72b-f9662a6f8cba@group-E618601C8FD3-LeaderElection1] INFO  server.RaftServerConfigKeys (ConfUtils.java:logGet(43)) - raft.server.watch.element-limit = 65536 (default)
2019-10-15 16:29:31,305 [pool-67-thread-1] INFO  storage.RaftStorageDirectory (RaftStorageDirectory.java:tryLock(328)) - Lock on /workdir/hadoop-ozone/integration-test/target/test-dir/MiniOzoneClusterImpl-beab53a1-ec34-46da-8591-07ed803d9383/datanode-4/data/ratis/ce1dcafd-a53c-465a-8f16-6a0c83f0a8b5/in_use.lock acquired by nodename 23904@pr-hdds-2302-bqc8v-2513969318
2019-10-15 16:29:31,312 [b3806c56-f44f-4484-a72b-f9662a6f8cba@group-E618601C8FD3-LeaderElection1] INFO  impl.RoleInfo (RoleInfo.java:updateAndGet(143)) - b3806c56-f44f-4484-a72b-f9662a6f8cba: start LeaderState
2019-10-15 16:29:31,334 [pool-67-thread-1] INFO  storage.RaftStorage (RaftStorage.java:format(84)) - Storage directory /workdir/hadoop-ozone/integration-test/target/test-dir/MiniOzoneClusterImpl-beab53a1-ec34-46da-8591-07ed803d9383/datanode-4/data/ratis/ce1dcafd-a53c-465a-8f16-6a0c83f0a8b5 has been successfully formatted.
2019-10-15 16:29:31,336 [pool-67-thread-1] INFO  ratis.ContainerStateMachine (ContainerStateMachine.java:loadSnapshot(231)) - group-6A0C83F0A8B5: The snapshot info is null. Setting the last applied indexto:(t:0, i:~)
2019-10-15 16:29:31,339 [pool-67-thread-1] INFO  server.RaftServerConfigKeys (ConfUtils.java:logGet(43)) - raft.server.notification.no-leader.timeout = 120s (custom)
2019-10-15 16:29:31,339 [pool-67-thread-1] INFO  server.RaftServerConfigKeys (ConfUtils.java:logGet(43)) - raft.server.log.use.memory = false (default)
2019-10-15 16:29:31,339 [pool-67-thread-1] INFO  server.RaftServerConfigKeys (ConfUtils.java:logGet(43)) - raft.server.log.purge.gap = 1000000 (custom)
2019-10-15 16:29:31,339 [pool-67-thread-1] INFO  server.RaftServerConfigKeys (ConfUtils.java:logGet(43)) - raft.server.log.appender.buffer.byte-limit = 33554432 (custom)
2019-10-15 16:29:31,340 [pool-67-thread-1] INFO  server.RaftServerConfigKeys (ConfUtils.java:logGet(43)) - raft.server.log.segment.size.max = 1048576 (custom)
2019-10-15 16:29:31,340 [b3806c56-f44f-4484-a72b-f9662a6f8cba@group-E618601C8FD3-LeaderElection1] INFO  segmented.SegmentedRaftLogWorker (SegmentedRaftLogWorker.java:startLogSegment(385)) - b3806c56-f44f-4484-a72b-f9662a6f8cba@group-E618601C8FD3-SegmentedRaftLogWorker: Starting segment from index:0
2019-10-15 16:29:31,408 [pool-67-thread-1] INFO  server.RaftServerConfigKeys (ConfUtils.java:logGet(43)) - raft.server.log.segment.cache.num.max = 2 (custom)
2019-10-15 16:29:31,409 [pool-67-thread-1] INFO  segmented.SegmentedRaftLogWorker (SegmentedRaftLogWorker.java:<init>(173)) - new f5624850-682f-4ec5-bb5c-f79627fc299e@group-6A0C83F0A8B5-SegmentedRaftLogWorker for RaftStorage:Storage Directory /workdir/hadoop-ozone/integration-test/target/test-dir/MiniOzoneClusterImpl-beab53a1-ec34-46da-8591-07ed803d9383/datanode-4/data/ratis/ce1dcafd-a53c-465a-8f16-6a0c83f0a8b5
2019-10-15 16:29:31,409 [pool-67-thread-1] INFO  server.RaftServerConfigKeys (ConfUtils.java:logGet(43)) - raft.server.log.queue.byte-limit = 2147483647 (custom)
2019-10-15 16:29:31,409 [pool-67-thread-1] INFO  server.RaftServerConfigKeys (ConfUtils.java:logGet(43)) - raft.server.log.queue.element-limit = 1024 (custom)
2019-10-15 16:29:31,409 [pool-67-thread-1] INFO  server.RaftServerConfigKeys (ConfUtils.java:logGet(43)) - raft.server.log.segment.size.max = 1048576 (custom)
2019-10-15 16:29:31,409 [pool-67-thread-1] INFO  server.RaftServerConfigKeys (ConfUtils.java:logGet(43)) - raft.server.log.preallocated.size = 16384 (custom)
2019-10-15 16:29:31,409 [pool-67-thread-1] INFO  server.RaftServerConfigKeys (ConfUtils.java:logGet(43)) - raft.server.log.write.buffer.size = 33554432 (custom)
2019-10-15 16:29:31,409 [pool-67-thread-1] INFO  server.RaftServerConfigKeys (ConfUtils.java:logGet(43)) - raft.server.log.force.sync.num = 128 (default)
2019-10-15 16:29:31,409 [pool-67-thread-1] INFO  server.RaftServerConfigKeys (ConfUtils.java:logGet(43)) - raft.server.log.statemachine.data.sync = true (default)
2019-10-15 16:29:31,410 [pool-67-thread-1] INFO  server.RaftServerConfigKeys (ConfUtils.java:logGet(43)) - raft.server.log.statemachine.data.sync.timeout = 10s (default)
2019-10-15 16:29:31,410 [pool-67-thread-1] INFO  server.RaftServerConfigKeys (ConfUtils.java:logGet(43)) - raft.server.log.statemachine.data.sync.timeout.retry = -1 (default)
2019-10-15 16:29:31,411 [pool-67-thread-1] INFO  server.RaftServerConfigKeys (ConfUtils.java:logGet(43)) - raft.server.log.statemachine.data.caching.enabled = true (custom)
2019-10-15 16:29:31,411 [pool-67-thread-1] INFO  segmented.SegmentedRaftLogWorker (SegmentedRaftLogWorker.java:lambda$new$0(128)) - f5624850-682f-4ec5-bb5c-f79627fc299e@group-6A0C83F0A8B5-SegmentedRaftLogWorker: flushIndex: setUnconditionally 0 -> -1
2019-10-15 16:29:31,411 [pool-67-thread-1] INFO  server.RaftServerConfigKeys (ConfUtils.java:logGet(43)) - raft.server.snapshot.auto.trigger.enabled = true (custom)
2019-10-15 16:29:31,411 [pool-67-thread-1] INFO  server.RaftServerConfigKeys (ConfUtils.java:logGet(43)) - raft.server.snapshot.auto.trigger.threshold = 10000 (custom)
2019-10-15 16:29:31,412 [pool-67-thread-1] INFO  server.RaftServerConfigKeys (ConfUtils.java:logGet(43)) - raft.server.snapshot.retention.file.num = 5 (custom)
2019-10-15 16:29:31,412 [pool-67-thread-1] INFO  server.RaftServerConfigKeys (ConfUtils.java:logGet(43)) - raft.server.retrycache.expirytime = 600000ms (custom)
2019-10-15 16:29:31,429 [b3806c56-f44f-4484-a72b-f9662a6f8cba@group-E618601C8FD3-LeaderElection1] INFO  impl.RaftServerImpl (ServerState.java:setRaftConf(357)) - b3806c56-f44f-4484-a72b-f9662a6f8cba@group-E618601C8FD3: set configuration 0: [b3806c56-f44f-4484-a72b-f9662a6f8cba:192.168.164.239:35315], old=null at 0
2019-10-15 16:29:31,433 [pool-67-thread-1] INFO  impl.RaftServerImpl (RaftServerImpl.java:start(195)) - f5624850-682f-4ec5-bb5c-f79627fc299e@group-6A0C83F0A8B5: start as a follower, conf=-1: [f5624850-682f-4ec5-bb5c-f79627fc299e:192.168.164.239:39499], old=null
2019-10-15 16:29:31,433 [pool-67-thread-1] INFO  impl.RaftServerImpl (RaftServerImpl.java:setRole(184)) - f5624850-682f-4ec5-bb5c-f79627fc299e@group-6A0C83F0A8B5: changes role from      null to FOLLOWER at term 0 for startAsFollower
2019-10-15 16:29:31,433 [pool-67-thread-1] INFO  impl.RoleInfo (RoleInfo.java:updateAndGet(143)) - f5624850-682f-4ec5-bb5c-f79627fc299e: start FollowerState
2019-10-15 16:29:31,434 [pool-67-thread-1] INFO  util.JmxRegister (JmxRegister.java:tryRegister(44)) - Successfully registered JMX Bean with object name Ratis:service=RaftServer,group=group-6A0C83F0A8B5,id=f5624850-682f-4ec5-bb5c-f79627fc299e
2019-10-15 16:29:31,452 [RatisPipelineUtilsThread] INFO  pipeline.PipelineStateManager (PipelineStateManager.java:addPipeline(56)) - Created pipeline Pipeline[ Id: ce1dcafd-a53c-465a-8f16-6a0c83f0a8b5, Nodes: f5624850-682f-4ec5-bb5c-f79627fc299e{ip: 192.168.164.239, host: pr-hdds-2302-bqc8v-2513969318, networkLocation: /default-rack, certSerialId: null}, Type:RATIS, Factor:ONE, State:OPEN]
2019-10-15 16:29:31,472 [grpc-default-executor-0] INFO  impl.RaftServerProxy (RaftServerProxy.java:addNew(89)) - 14091fe6-d183-4b46-be93-2ba964a39c73: addNew group-85D3505A373E:[14091fe6-d183-4b46-be93-2ba964a39c73:192.168.164.239:34827] returns group-85D3505A373E:java.util.concurrent.CompletableFuture@5b18e601[Not completed]
2019-10-15 16:29:31,527 [pool-107-thread-1] INFO  impl.RaftServerImpl (RaftServerImpl.java:<init>(104)) - 14091fe6-d183-4b46-be93-2ba964a39c73: new RaftServerImpl for group-85D3505A373E:[14091fe6-d183-4b46-be93-2ba964a39c73:192.168.164.239:34827] with ContainerStateMachine:uninitialized
2019-10-15 16:29:31,528 [pool-107-thread-1] INFO  server.RaftServerConfigKeys (ConfUtils.java:logGet(43)) - raft.server.rpc.timeout.min = 1s (custom)
2019-10-15 16:29:31,528 [pool-107-thread-1] INFO  server.RaftServerConfigKeys (ConfUtils.java:logGet(43)) - raft.server.rpc.timeout.max = 1200ms (custom)
2019-10-15 16:29:31,528 [pool-107-thread-1] INFO  server.RaftServerConfigKeys (ConfUtils.java:logGet(43)) - raft.server.rpcslowness.timeout = 120s (custom)
2019-10-15 16:29:31,528 [pool-107-thread-1] INFO  server.RaftServerConfigKeys (ConfUtils.java:logGet(43)) - raft.server.sleep.deviation.threshold = 300 (default)
2019-10-15 16:29:31,528 [pool-107-thread-1] INFO  server.RaftServerConfigKeys (ConfUtils.java:logGet(43)) - raft.server.log.appender.install.snapshot.enabled = false (custom)
2019-10-15 16:29:31,528 [pool-107-thread-1] INFO  impl.RaftServerImpl (ServerState.java:<init>(103)) - 14091fe6-d183-4b46-be93-2ba964a39c73@group-85D3505A373E: ConfigurationManager, init=-1: [14091fe6-d183-4b46-be93-2ba964a39c73:192.168.164.239:34827], old=null, confs=<EMPTY_MAP>
2019-10-15 16:29:31,528 [pool-107-thread-1] INFO  server.RaftServerConfigKeys (ConfUtils.java:logGet(43)) - raft.server.storage.dir = [/workdir/hadoop-ozone/integration-test/target/test-dir/MiniOzoneClusterImpl-beab53a1-ec34-46da-8591-07ed803d9383/datanode-8/data/ratis] (custom)
2019-10-15 16:29:31,529 [pool-107-thread-1] INFO  server.RaftServerConfigKeys (ConfUtils.java:logGet(43)) - raft.server.log.corruption.policy = EXCEPTION (default)
2019-10-15 16:29:31,529 [pool-107-thread-1] INFO  storage.RaftStorageDirectory (RaftStorageDirectory.java:analyzeStorage(246)) - The storage directory /workdir/hadoop-ozone/integration-test/target/test-dir/MiniOzoneClusterImpl-beab53a1-ec34-46da-8591-07ed803d9383/datanode-8/data/ratis/33a50ff3-c1b4-4fcc-ba50-85d3505a373e does not exist. Creating ...
2019-10-15 16:29:31,532 [Thread-290] INFO  impl.FollowerState (FollowerState.java:run(108)) - f5624850-682f-4ec5-bb5c-f79627fc299e@group-6A0C83F0A8B5-FollowerState: change to CANDIDATE, lastRpcTime:98ms, electionTimeout:98ms
2019-10-15 16:29:31,534 [Thread-290] INFO  impl.RoleInfo (RoleInfo.java:shutdownFollowerState(121)) - f5624850-682f-4ec5-bb5c-f79627fc299e: shutdown FollowerState
2019-10-15 16:29:31,534 [Thread-290] INFO  impl.RaftServerImpl (RaftServerImpl.java:setRole(184)) - f5624850-682f-4ec5-bb5c-f79627fc299e@group-6A0C83F0A8B5: changes role from  FOLLOWER to CANDIDATE at term 0 for changeToCandidate
2019-10-15 16:29:31,535 [Thread-290] INFO  impl.RoleInfo (RoleInfo.java:updateAndGet(143)) - f5624850-682f-4ec5-bb5c-f79627fc299e: start LeaderElection
2019-10-15 16:29:31,566 [pool-107-thread-1] INFO  storage.RaftStorageDirectory (RaftStorageDirectory.java:tryLock(328)) - Lock on /workdir/hadoop-ozone/integration-test/target/test-dir/MiniOzoneClusterImpl-beab53a1-ec34-46da-8591-07ed803d9383/datanode-8/data/ratis/33a50ff3-c1b4-4fcc-ba50-85d3505a373e/in_use.lock acquired by nodename 23904@pr-hdds-2302-bqc8v-2513969318
2019-10-15 16:29:31,566 [f5624850-682f-4ec5-bb5c-f79627fc299e@group-6A0C83F0A8B5-LeaderElection2] INFO  impl.LeaderElection (LeaderElection.java:askForVotes(178)) - f5624850-682f-4ec5-bb5c-f79627fc299e@group-6A0C83F0A8B5-LeaderElection2: begin an election at term 1 for -1: [f5624850-682f-4ec5-bb5c-f79627fc299e:192.168.164.239:39499], old=null
2019-10-15 16:29:31,567 [f5624850-682f-4ec5-bb5c-f79627fc299e@group-6A0C83F0A8B5-LeaderElection2] INFO  impl.RoleInfo (RoleInfo.java:shutdownLeaderElection(134)) - f5624850-682f-4ec5-bb5c-f79627fc299e: shutdown LeaderElection
2019-10-15 16:29:31,567 [f5624850-682f-4ec5-bb5c-f79627fc299e@group-6A0C83F0A8B5-LeaderElection2] INFO  impl.RaftServerImpl (RaftServerImpl.java:setRole(184)) - f5624850-682f-4ec5-bb5c-f79627fc299e@group-6A0C83F0A8B5: changes role from CANDIDATE to LEADER at term 1 for changeToLeader
2019-10-15 16:29:31,567 [f5624850-682f-4ec5-bb5c-f79627fc299e@group-6A0C83F0A8B5-LeaderElection2] INFO  impl.RaftServerImpl (ServerState.java:setLeader(256)) - f5624850-682f-4ec5-bb5c-f79627fc299e@group-6A0C83F0A8B5: change Leader from null to f5624850-682f-4ec5-bb5c-f79627fc299e at term 1 for becomeLeader, leader elected after 228ms
2019-10-15 16:29:31,569 [f5624850-682f-4ec5-bb5c-f79627fc299e@group-6A0C83F0A8B5-LeaderElection2] INFO  server.RaftServerConfigKeys (ConfUtils.java:logGet(43)) - raft.server.staging.catchup.gap = 1000 (default)
2019-10-15 16:29:31,569 [f5624850-682f-4ec5-bb5c-f79627fc299e@group-6A0C83F0A8B5-LeaderElection2] INFO  server.RaftServerConfigKeys (ConfUtils.java:logGet(43)) - raft.server.rpc.sleep.time = 25ms (default)
2019-10-15 16:29:31,570 [f5624850-682f-4ec5-bb5c-f79627fc299e@group-6A0C83F0A8B5-LeaderElection2] INFO  server.RaftServerConfigKeys (ConfUtils.java:logGet(43)) - raft.server.write.element-limit = 4096 (default)
2019-10-15 16:29:31,570 [f5624850-682f-4ec5-bb5c-f79627fc299e@group-6A0C83F0A8B5-LeaderElection2] INFO  server.RaftServerConfigKeys (ConfUtils.java:logGet(43)) - raft.server.watch.timeout = 10s (default)
2019-10-15 16:29:31,570 [f5624850-682f-4ec5-bb5c-f79627fc299e@group-6A0C83F0A8B5-LeaderElection2] INFO  server.RaftServerConfigKeys (ConfUtils.java:logGet(43)) - raft.server.watch.timeout.denomination = 1s (default)
2019-10-15 16:29:31,570 [f5624850-682f-4ec5-bb5c-f79627fc299e@group-6A0C83F0A8B5-LeaderElection2] INFO  server.RaftServerConfigKeys (ConfUtils.java:logGet(43)) - raft.server.watch.element-limit = 65536 (default)
2019-10-15 16:29:31,576 [f5624850-682f-4ec5-bb5c-f79627fc299e@group-6A0C83F0A8B5-LeaderElection2] INFO  impl.RoleInfo (RoleInfo.java:updateAndGet(143)) - f5624850-682f-4ec5-bb5c-f79627fc299e: start LeaderState
2019-10-15 16:29:31,576 [f5624850-682f-4ec5-bb5c-f79627fc299e@group-6A0C83F0A8B5-LeaderElection2] INFO  segmented.SegmentedRaftLogWorker (SegmentedRaftLogWorker.java:startLogSegment(385)) - f5624850-682f-4ec5-bb5c-f79627fc299e@group-6A0C83F0A8B5-SegmentedRaftLogWorker: Starting segment from index:0
2019-10-15 16:29:31,577 [f5624850-682f-4ec5-bb5c-f79627fc299e@group-6A0C83F0A8B5-LeaderElection2] INFO  impl.RaftServerImpl (ServerState.java:setRaftConf(357)) - f5624850-682f-4ec5-bb5c-f79627fc299e@group-6A0C83F0A8B5: set configuration 0: [f5624850-682f-4ec5-bb5c-f79627fc299e:192.168.164.239:39499], old=null at 0
2019-10-15 16:29:31,591 [pool-107-thread-1] INFO  storage.RaftStorage (RaftStorage.java:format(84)) - Storage directory /workdir/hadoop-ozone/integration-test/target/test-dir/MiniOzoneClusterImpl-beab53a1-ec34-46da-8591-07ed803d9383/datanode-8/data/ratis/33a50ff3-c1b4-4fcc-ba50-85d3505a373e has been successfully formatted.
2019-10-15 16:29:31,591 [pool-107-thread-1] INFO  ratis.ContainerStateMachine (ContainerStateMachine.java:loadSnapshot(231)) - group-85D3505A373E: The snapshot info is null. Setting the last applied indexto:(t:0, i:~)
2019-10-15 16:29:31,592 [pool-107-thread-1] INFO  server.RaftServerConfigKeys (ConfUtils.java:logGet(43)) - raft.server.notification.no-leader.timeout = 120s (custom)
2019-10-15 16:29:31,592 [pool-107-thread-1] INFO  server.RaftServerConfigKeys (ConfUtils.java:logGet(43)) - raft.server.log.use.memory = false (default)
2019-10-15 16:29:31,592 [pool-107-thread-1] INFO  server.RaftServerConfigKeys (ConfUtils.java:logGet(43)) - raft.server.log.purge.gap = 1000000 (custom)
2019-10-15 16:29:31,592 [pool-107-thread-1] INFO  server.RaftServerConfigKeys (ConfUtils.java:logGet(43)) - raft.server.log.appender.buffer.byte-limit = 33554432 (custom)
2019-10-15 16:29:31,592 [pool-107-thread-1] INFO  server.RaftServerConfigKeys (ConfUtils.java:logGet(43)) - raft.server.log.segment.size.max = 1048576 (custom)
2019-10-15 16:29:31,594 [pool-107-thread-1] INFO  server.RaftServerConfigKeys (ConfUtils.java:logGet(43)) - raft.server.log.segment.cache.num.max = 2 (custom)
2019-10-15 16:29:31,595 [pool-107-thread-1] INFO  segmented.SegmentedRaftLogWorker (SegmentedRaftLogWorker.java:<init>(173)) - new 14091fe6-d183-4b46-be93-2ba964a39c73@group-85D3505A373E-SegmentedRaftLogWorker for RaftStorage:Storage Directory /workdir/hadoop-ozone/integration-test/target/test-dir/MiniOzoneClusterImpl-beab53a1-ec34-46da-8591-07ed803d9383/datanode-8/data/ratis/33a50ff3-c1b4-4fcc-ba50-85d3505a373e
2019-10-15 16:29:31,595 [pool-107-thread-1] INFO  server.RaftServerConfigKeys (ConfUtils.java:logGet(43)) - raft.server.log.queue.byte-limit = 2147483647 (custom)
2019-10-15 16:29:31,595 [pool-107-thread-1] INFO  server.RaftServerConfigKeys (ConfUtils.java:logGet(43)) - raft.server.log.queue.element-limit = 1024 (custom)
2019-10-15 16:29:31,595 [pool-107-thread-1] INFO  server.RaftServerConfigKeys (ConfUtils.java:logGet(43)) - raft.server.log.segment.size.max = 1048576 (custom)
2019-10-15 16:29:31,595 [pool-107-thread-1] INFO  server.RaftServerConfigKeys (ConfUtils.java:logGet(43)) - raft.server.log.preallocated.size = 16384 (custom)
2019-10-15 16:29:31,595 [pool-107-thread-1] INFO  server.RaftServerConfigKeys (ConfUtils.java:logGet(43)) - raft.server.log.write.buffer.size = 33554432 (custom)
2019-10-15 16:29:31,595 [pool-107-thread-1] INFO  server.RaftServerConfigKeys (ConfUtils.java:logGet(43)) - raft.server.log.force.sync.num = 128 (default)
2019-10-15 16:29:31,595 [pool-107-thread-1] INFO  server.RaftServerConfigKeys (ConfUtils.java:logGet(43)) - raft.server.log.statemachine.data.sync = true (default)
2019-10-15 16:29:31,595 [pool-107-thread-1] INFO  server.RaftServerConfigKeys (ConfUtils.java:logGet(43)) - raft.server.log.statemachine.data.sync.timeout = 10s (default)
2019-10-15 16:29:31,595 [pool-107-thread-1] INFO  server.RaftServerConfigKeys (ConfUtils.java:logGet(43)) - raft.server.log.statemachine.data.sync.timeout.retry = -1 (default)
2019-10-15 16:29:31,596 [pool-107-thread-1] INFO  server.RaftServerConfigKeys (ConfUtils.java:logGet(43)) - raft.server.log.statemachine.data.caching.enabled = true (custom)
2019-10-15 16:29:31,596 [pool-107-thread-1] INFO  segmented.SegmentedRaftLogWorker (SegmentedRaftLogWorker.java:lambda$new$0(128)) - 14091fe6-d183-4b46-be93-2ba964a39c73@group-85D3505A373E-SegmentedRaftLogWorker: flushIndex: setUnconditionally 0 -> -1
2019-10-15 16:29:31,596 [pool-107-thread-1] INFO  server.RaftServerConfigKeys (ConfUtils.java:logGet(43)) - raft.server.snapshot.auto.trigger.enabled = true (custom)
2019-10-15 16:29:31,596 [pool-107-thread-1] INFO  server.RaftServerConfigKeys (ConfUtils.java:logGet(43)) - raft.server.snapshot.auto.trigger.threshold = 10000 (custom)
2019-10-15 16:29:31,597 [pool-107-thread-1] INFO  server.RaftServerConfigKeys (ConfUtils.java:logGet(43)) - raft.server.snapshot.retention.file.num = 5 (custom)
2019-10-15 16:29:31,597 [pool-107-thread-1] INFO  server.RaftServerConfigKeys (ConfUtils.java:logGet(43)) - raft.server.retrycache.expirytime = 600000ms (custom)
2019-10-15 16:29:31,601 [pool-107-thread-1] INFO  impl.RaftServerImpl (RaftServerImpl.java:start(195)) - 14091fe6-d183-4b46-be93-2ba964a39c73@group-85D3505A373E: start as a follower, conf=-1: [14091fe6-d183-4b46-be93-2ba964a39c73:192.168.164.239:34827], old=null
2019-10-15 16:29:31,601 [pool-107-thread-1] INFO  impl.RaftServerImpl (RaftServerImpl.java:setRole(184)) - 14091fe6-d183-4b46-be93-2ba964a39c73@group-85D3505A373E: changes role from      null to FOLLOWER at term 0 for startAsFollower
2019-10-15 16:29:31,601 [pool-107-thread-1] INFO  impl.RoleInfo (RoleInfo.java:updateAndGet(143)) - 14091fe6-d183-4b46-be93-2ba964a39c73: start FollowerState
2019-10-15 16:29:31,601 [pool-107-thread-1] INFO  util.JmxRegister (JmxRegister.java:tryRegister(44)) - Successfully registered JMX Bean with object name Ratis:service=RaftServer,group=group-85D3505A373E,id=14091fe6-d183-4b46-be93-2ba964a39c73
2019-10-15 16:29:31,607 [Thread-295] INFO  impl.FollowerState (FollowerState.java:run(108)) - 14091fe6-d183-4b46-be93-2ba964a39c73@group-85D3505A373E-FollowerState: change to CANDIDATE, lastRpcTime:5ms, electionTimeout:4ms
2019-10-15 16:29:31,607 [Thread-295] INFO  impl.RoleInfo (RoleInfo.java:shutdownFollowerState(121)) - 14091fe6-d183-4b46-be93-2ba964a39c73: shutdown FollowerState
2019-10-15 16:29:31,608 [Thread-295] INFO  impl.RaftServerImpl (RaftServerImpl.java:setRole(184)) - 14091fe6-d183-4b46-be93-2ba964a39c73@group-85D3505A373E: changes role from  FOLLOWER to CANDIDATE at term 0 for changeToCandidate
2019-10-15 16:29:31,609 [Thread-295] INFO  impl.RoleInfo (RoleInfo.java:updateAndGet(143)) - 14091fe6-d183-4b46-be93-2ba964a39c73: start LeaderElection
2019-10-15 16:29:31,622 [RatisPipelineUtilsThread] INFO  pipeline.PipelineStateManager (PipelineStateManager.java:addPipeline(56)) - Created pipeline Pipeline[ Id: 33a50ff3-c1b4-4fcc-ba50-85d3505a373e, Nodes: 14091fe6-d183-4b46-be93-2ba964a39c73{ip: 192.168.164.239, host: pr-hdds-2302-bqc8v-2513969318, networkLocation: /default-rack, certSerialId: null}, Type:RATIS, Factor:ONE, State:OPEN]
2019-10-15 16:29:31,642 [grpc-default-executor-0] INFO  impl.RaftServerProxy (RaftServerProxy.java:addNew(89)) - f581660d-af3d-4f5f-b57d-f4cb54f048b9: addNew group-5B112CC0E5E9:[f581660d-af3d-4f5f-b57d-f4cb54f048b9:192.168.164.239:42501] returns group-5B112CC0E5E9:java.util.concurrent.CompletableFuture@71744455[Not completed]
2019-10-15 16:29:31,646 [pool-77-thread-1] INFO  impl.RaftServerImpl (RaftServerImpl.java:<init>(104)) - f581660d-af3d-4f5f-b57d-f4cb54f048b9: new RaftServerImpl for group-5B112CC0E5E9:[f581660d-af3d-4f5f-b57d-f4cb54f048b9:192.168.164.239:42501] with ContainerStateMachine:uninitialized
2019-10-15 16:29:31,646 [pool-77-thread-1] INFO  server.RaftServerConfigKeys (ConfUtils.java:logGet(43)) - raft.server.rpc.timeout.min = 1s (custom)
2019-10-15 16:29:31,647 [pool-77-thread-1] INFO  server.RaftServerConfigKeys (ConfUtils.java:logGet(43)) - raft.server.rpc.timeout.max = 1200ms (custom)
2019-10-15 16:29:31,647 [pool-77-thread-1] INFO  server.RaftServerConfigKeys (ConfUtils.java:logGet(43)) - raft.server.rpcslowness.timeout = 120s (custom)
2019-10-15 16:29:31,647 [pool-77-thread-1] INFO  server.RaftServerConfigKeys (ConfUtils.java:logGet(43)) - raft.server.sleep.deviation.threshold = 300 (default)
2019-10-15 16:29:31,647 [pool-77-thread-1] INFO  server.RaftServerConfigKeys (ConfUtils.java:logGet(43)) - raft.server.log.appender.install.snapshot.enabled = false (custom)
2019-10-15 16:29:31,647 [pool-77-thread-1] INFO  impl.RaftServerImpl (ServerState.java:<init>(103)) - f581660d-af3d-4f5f-b57d-f4cb54f048b9@group-5B112CC0E5E9: ConfigurationManager, init=-1: [f581660d-af3d-4f5f-b57d-f4cb54f048b9:192.168.164.239:42501], old=null, confs=<EMPTY_MAP>
2019-10-15 16:29:31,647 [pool-77-thread-1] INFO  server.RaftServerConfigKeys (ConfUtils.java:logGet(43)) - raft.server.storage.dir = [/workdir/hadoop-ozone/integration-test/target/test-dir/MiniOzoneClusterImpl-beab53a1-ec34-46da-8591-07ed803d9383/datanode-5/data/ratis] (custom)
2019-10-15 16:29:31,648 [pool-77-thread-1] INFO  server.RaftServerConfigKeys (ConfUtils.java:logGet(43)) - raft.server.log.corruption.policy = EXCEPTION (default)
2019-10-15 16:29:31,648 [pool-77-thread-1] INFO  storage.RaftStorageDirectory (RaftStorageDirectory.java:analyzeStorage(246)) - The storage directory /workdir/hadoop-ozone/integration-test/target/test-dir/MiniOzoneClusterImpl-beab53a1-ec34-46da-8591-07ed803d9383/datanode-5/data/ratis/11399657-a21e-4114-9c2e-5b112cc0e5e9 does not exist. Creating ...
2019-10-15 16:29:31,650 [14091fe6-d183-4b46-be93-2ba964a39c73@group-85D3505A373E-LeaderElection3] INFO  impl.LeaderElection (LeaderElection.java:askForVotes(178)) - 14091fe6-d183-4b46-be93-2ba964a39c73@group-85D3505A373E-LeaderElection3: begin an election at term 1 for -1: [14091fe6-d183-4b46-be93-2ba964a39c73:192.168.164.239:34827], old=null
2019-10-15 16:29:31,650 [14091fe6-d183-4b46-be93-2ba964a39c73@group-85D3505A373E-LeaderElection3] INFO  impl.RoleInfo (RoleInfo.java:shutdownLeaderElection(134)) - 14091fe6-d183-4b46-be93-2ba964a39c73: shutdown LeaderElection
2019-10-15 16:29:31,650 [14091fe6-d183-4b46-be93-2ba964a39c73@group-85D3505A373E-LeaderElection3] INFO  impl.RaftServerImpl (RaftServerImpl.java:setRole(184)) - 14091fe6-d183-4b46-be93-2ba964a39c73@group-85D3505A373E: changes role from CANDIDATE to LEADER at term 1 for changeToLeader
2019-10-15 16:29:31,650 [14091fe6-d183-4b46-be93-2ba964a39c73@group-85D3505A373E-LeaderElection3] INFO  impl.RaftServerImpl (ServerState.java:setLeader(256)) - 14091fe6-d183-4b46-be93-2ba964a39c73@group-85D3505A373E: change Leader from null to 14091fe6-d183-4b46-be93-2ba964a39c73 at term 1 for becomeLeader, leader elected after 58ms
2019-10-15 16:29:31,651 [14091fe6-d183-4b46-be93-2ba964a39c73@group-85D3505A373E-LeaderElection3] INFO  server.RaftServerConfigKeys (ConfUtils.java:logGet(43)) - raft.server.staging.catchup.gap = 1000 (default)
2019-10-15 16:29:31,652 [14091fe6-d183-4b46-be93-2ba964a39c73@group-85D3505A373E-LeaderElection3] INFO  server.RaftServerConfigKeys (ConfUtils.java:logGet(43)) - raft.server.rpc.sleep.time = 25ms (default)
2019-10-15 16:29:31,652 [14091fe6-d183-4b46-be93-2ba964a39c73@group-85D3505A373E-LeaderElection3] INFO  server.RaftServerConfigKeys (ConfUtils.java:logGet(43)) - raft.server.write.element-limit = 4096 (default)
2019-10-15 16:29:31,652 [14091fe6-d183-4b46-be93-2ba964a39c73@group-85D3505A373E-LeaderElection3] INFO  server.RaftServerConfigKeys (ConfUtils.java:logGet(43)) - raft.server.watch.timeout = 10s (default)
2019-10-15 16:29:31,652 [14091fe6-d183-4b46-be93-2ba964a39c73@group-85D3505A373E-LeaderElection3] INFO  server.RaftServerConfigKeys (ConfUtils.java:logGet(43)) - raft.server.watch.timeout.denomination = 1s (default)
2019-10-15 16:29:31,652 [14091fe6-d183-4b46-be93-2ba964a39c73@group-85D3505A373E-LeaderElection3] INFO  server.RaftServerConfigKeys (ConfUtils.java:logGet(43)) - raft.server.watch.element-limit = 65536 (default)
2019-10-15 16:29:31,655 [14091fe6-d183-4b46-be93-2ba964a39c73@group-85D3505A373E-LeaderElection3] INFO  impl.RoleInfo (RoleInfo.java:updateAndGet(143)) - 14091fe6-d183-4b46-be93-2ba964a39c73: start LeaderState
2019-10-15 16:29:31,655 [14091fe6-d183-4b46-be93-2ba964a39c73@group-85D3505A373E-LeaderElection3] INFO  segmented.SegmentedRaftLogWorker (SegmentedRaftLogWorker.java:startLogSegment(385)) - 14091fe6-d183-4b46-be93-2ba964a39c73@group-85D3505A373E-SegmentedRaftLogWorker: Starting segment from index:0
2019-10-15 16:29:31,656 [14091fe6-d183-4b46-be93-2ba964a39c73@group-85D3505A373E-LeaderElection3] INFO  impl.RaftServerImpl (ServerState.java:setRaftConf(357)) - 14091fe6-d183-4b46-be93-2ba964a39c73@group-85D3505A373E: set configuration 0: [14091fe6-d183-4b46-be93-2ba964a39c73:192.168.164.239:34827], old=null at 0
2019-10-15 16:29:31,675 [pool-77-thread-1] INFO  storage.RaftStorageDirectory (RaftStorageDirectory.java:tryLock(328)) - Lock on /workdir/hadoop-ozone/integration-test/target/test-dir/MiniOzoneClusterImpl-beab53a1-ec34-46da-8591-07ed803d9383/datanode-5/data/ratis/11399657-a21e-4114-9c2e-5b112cc0e5e9/in_use.lock acquired by nodename 23904@pr-hdds-2302-bqc8v-2513969318
2019-10-15 16:29:31,700 [pool-77-thread-1] INFO  storage.RaftStorage (RaftStorage.java:format(84)) - Storage directory /workdir/hadoop-ozone/integration-test/target/test-dir/MiniOzoneClusterImpl-beab53a1-ec34-46da-8591-07ed803d9383/datanode-5/data/ratis/11399657-a21e-4114-9c2e-5b112cc0e5e9 has been successfully formatted.
2019-10-15 16:29:31,701 [pool-77-thread-1] INFO  ratis.ContainerStateMachine (ContainerStateMachine.java:loadSnapshot(231)) - group-5B112CC0E5E9: The snapshot info is null. Setting the last applied indexto:(t:0, i:~)
2019-10-15 16:29:31,701 [pool-77-thread-1] INFO  server.RaftServerConfigKeys (ConfUtils.java:logGet(43)) - raft.server.notification.no-leader.timeout = 120s (custom)
2019-10-15 16:29:31,701 [pool-77-thread-1] INFO  server.RaftServerConfigKeys (ConfUtils.java:logGet(43)) - raft.server.log.use.memory = false (default)
2019-10-15 16:29:31,701 [pool-77-thread-1] INFO  server.RaftServerConfigKeys (ConfUtils.java:logGet(43)) - raft.server.log.purge.gap = 1000000 (custom)
2019-10-15 16:29:31,701 [pool-77-thread-1] INFO  server.RaftServerConfigKeys (ConfUtils.java:logGet(43)) - raft.server.log.appender.buffer.byte-limit = 33554432 (custom)
2019-10-15 16:29:31,701 [pool-77-thread-1] INFO  server.RaftServerConfigKeys (ConfUtils.java:logGet(43)) - raft.server.log.segment.size.max = 1048576 (custom)
2019-10-15 16:29:31,703 [pool-77-thread-1] INFO  server.RaftServerConfigKeys (ConfUtils.java:logGet(43)) - raft.server.log.segment.cache.num.max = 2 (custom)
2019-10-15 16:29:31,703 [pool-77-thread-1] INFO  segmented.SegmentedRaftLogWorker (SegmentedRaftLogWorker.java:<init>(173)) - new f581660d-af3d-4f5f-b57d-f4cb54f048b9@group-5B112CC0E5E9-SegmentedRaftLogWorker for RaftStorage:Storage Directory /workdir/hadoop-ozone/integration-test/target/test-dir/MiniOzoneClusterImpl-beab53a1-ec34-46da-8591-07ed803d9383/datanode-5/data/ratis/11399657-a21e-4114-9c2e-5b112cc0e5e9
2019-10-15 16:29:31,703 [pool-77-thread-1] INFO  server.RaftServerConfigKeys (ConfUtils.java:logGet(43)) - raft.server.log.queue.byte-limit = 2147483647 (custom)
2019-10-15 16:29:31,703 [pool-77-thread-1] INFO  server.RaftServerConfigKeys (ConfUtils.java:logGet(43)) - raft.server.log.queue.element-limit = 1024 (custom)
2019-10-15 16:29:31,703 [pool-77-thread-1] INFO  server.RaftServerConfigKeys (ConfUtils.java:logGet(43)) - raft.server.log.segment.size.max = 1048576 (custom)
2019-10-15 16:29:31,703 [pool-77-thread-1] INFO  server.RaftServerConfigKeys (ConfUtils.java:logGet(43)) - raft.server.log.preallocated.size = 16384 (custom)
2019-10-15 16:29:31,703 [pool-77-thread-1] INFO  server.RaftServerConfigKeys (ConfUtils.java:logGet(43)) - raft.server.log.write.buffer.size = 33554432 (custom)
2019-10-15 16:29:31,703 [pool-77-thread-1] INFO  server.RaftServerConfigKeys (ConfUtils.java:logGet(43)) - raft.server.log.force.sync.num = 128 (default)
2019-10-15 16:29:31,703 [pool-77-thread-1] INFO  server.RaftServerConfigKeys (ConfUtils.java:logGet(43)) - raft.server.log.statemachine.data.sync = true (default)
2019-10-15 16:29:31,704 [pool-77-thread-1] INFO  server.RaftServerConfigKeys (ConfUtils.java:logGet(43)) - raft.server.log.statemachine.data.sync.timeout = 10s (default)
2019-10-15 16:29:31,704 [pool-77-thread-1] INFO  server.RaftServerConfigKeys (ConfUtils.java:logGet(43)) - raft.server.log.statemachine.data.sync.timeout.retry = -1 (default)
2019-10-15 16:29:31,704 [pool-77-thread-1] INFO  server.RaftServerConfigKeys (ConfUtils.java:logGet(43)) - raft.server.log.statemachine.data.caching.enabled = true (custom)
2019-10-15 16:29:31,704 [pool-77-thread-1] INFO  segmented.SegmentedRaftLogWorker (SegmentedRaftLogWorker.java:lambda$new$0(128)) - f581660d-af3d-4f5f-b57d-f4cb54f048b9@group-5B112CC0E5E9-SegmentedRaftLogWorker: flushIndex: setUnconditionally 0 -> -1
2019-10-15 16:29:31,705 [pool-77-thread-1] INFO  server.RaftServerConfigKeys (ConfUtils.java:logGet(43)) - raft.server.snapshot.auto.trigger.enabled = true (custom)
2019-10-15 16:29:31,705 [pool-77-thread-1] INFO  server.RaftServerConfigKeys (ConfUtils.java:logGet(43)) - raft.server.snapshot.auto.trigger.threshold = 10000 (custom)
2019-10-15 16:29:31,705 [pool-77-thread-1] INFO  server.RaftServerConfigKeys (ConfUtils.java:logGet(43)) - raft.server.snapshot.retention.file.num = 5 (custom)
2019-10-15 16:29:31,705 [pool-77-thread-1] INFO  server.RaftServerConfigKeys (ConfUtils.java:logGet(43)) - raft.server.retrycache.expirytime = 600000ms (custom)
2019-10-15 16:29:31,708 [pool-77-thread-1] INFO  impl.RaftServerImpl (RaftServerImpl.java:start(195)) - f581660d-af3d-4f5f-b57d-f4cb54f048b9@group-5B112CC0E5E9: start as a follower, conf=-1: [f581660d-af3d-4f5f-b57d-f4cb54f048b9:192.168.164.239:42501], old=null
2019-10-15 16:29:31,708 [pool-77-thread-1] INFO  impl.RaftServerImpl (RaftServerImpl.java:setRole(184)) - f581660d-af3d-4f5f-b57d-f4cb54f048b9@group-5B112CC0E5E9: changes role from      null to FOLLOWER at term 0 for startAsFollower
2019-10-15 16:29:31,708 [pool-77-thread-1] INFO  impl.RoleInfo (RoleInfo.java:updateAndGet(143)) - f581660d-af3d-4f5f-b57d-f4cb54f048b9: start FollowerState
2019-10-15 16:29:31,708 [pool-77-thread-1] INFO  util.JmxRegister (JmxRegister.java:tryRegister(44)) - Successfully registered JMX Bean with object name Ratis:service=RaftServer,group=group-5B112CC0E5E9,id=f581660d-af3d-4f5f-b57d-f4cb54f048b9
2019-10-15 16:29:31,735 [RatisPipelineUtilsThread] INFO  pipeline.PipelineStateManager (PipelineStateManager.java:addPipeline(56)) - Created pipeline Pipeline[ Id: 11399657-a21e-4114-9c2e-5b112cc0e5e9, Nodes: f581660d-af3d-4f5f-b57d-f4cb54f048b9{ip: 192.168.164.239, host: pr-hdds-2302-bqc8v-2513969318, networkLocation: /default-rack, certSerialId: null}, Type:RATIS, Factor:ONE, State:OPEN]
2019-10-15 16:29:31,787 [grpc-default-executor-0] INFO  impl.RaftServerProxy (RaftServerProxy.java:addNew(89)) - 6af1a5bd-f075-405e-b6a5-6d145eedd789: addNew group-EDBC1B544FF3:[6af1a5bd-f075-405e-b6a5-6d145eedd789:192.168.164.239:35339] returns group-EDBC1B544FF3:java.util.concurrent.CompletableFuture@72c03b38[Not completed]
2019-10-15 16:29:31,792 [pool-87-thread-1] INFO  impl.RaftServerImpl (RaftServerImpl.java:<init>(104)) - 6af1a5bd-f075-405e-b6a5-6d145eedd789: new RaftServerImpl for group-EDBC1B544FF3:[6af1a5bd-f075-405e-b6a5-6d145eedd789:192.168.164.239:35339] with ContainerStateMachine:uninitialized
2019-10-15 16:29:31,792 [pool-87-thread-1] INFO  server.RaftServerConfigKeys (ConfUtils.java:logGet(43)) - raft.server.rpc.timeout.min = 1s (custom)
2019-10-15 16:29:31,792 [pool-87-thread-1] INFO  server.RaftServerConfigKeys (ConfUtils.java:logGet(43)) - raft.server.rpc.timeout.max = 1200ms (custom)
2019-10-15 16:29:31,793 [pool-87-thread-1] INFO  server.RaftServerConfigKeys (ConfUtils.java:logGet(43)) - raft.server.rpcslowness.timeout = 120s (custom)
2019-10-15 16:29:31,793 [pool-87-thread-1] INFO  server.RaftServerConfigKeys (ConfUtils.java:logGet(43)) - raft.server.sleep.deviation.threshold = 300 (default)
2019-10-15 16:29:31,793 [pool-87-thread-1] INFO  server.RaftServerConfigKeys (ConfUtils.java:logGet(43)) - raft.server.log.appender.install.snapshot.enabled = false (custom)
2019-10-15 16:29:31,793 [pool-87-thread-1] INFO  impl.RaftServerImpl (ServerState.java:<init>(103)) - 6af1a5bd-f075-405e-b6a5-6d145eedd789@group-EDBC1B544FF3: ConfigurationManager, init=-1: [6af1a5bd-f075-405e-b6a5-6d145eedd789:192.168.164.239:35339], old=null, confs=<EMPTY_MAP>
2019-10-15 16:29:31,793 [pool-87-thread-1] INFO  server.RaftServerConfigKeys (ConfUtils.java:logGet(43)) - raft.server.storage.dir = [/workdir/hadoop-ozone/integration-test/target/test-dir/MiniOzoneClusterImpl-beab53a1-ec34-46da-8591-07ed803d9383/datanode-6/data/ratis] (custom)
2019-10-15 16:29:31,794 [pool-87-thread-1] INFO  server.RaftServerConfigKeys (ConfUtils.java:logGet(43)) - raft.server.log.corruption.policy = EXCEPTION (default)
2019-10-15 16:29:31,794 [pool-87-thread-1] INFO  storage.RaftStorageDirectory (RaftStorageDirectory.java:analyzeStorage(246)) - The storage directory /workdir/hadoop-ozone/integration-test/target/test-dir/MiniOzoneClusterImpl-beab53a1-ec34-46da-8591-07ed803d9383/datanode-6/data/ratis/af820c7f-0027-4a16-a643-edbc1b544ff3 does not exist. Creating ...
2019-10-15 16:29:31,801 [b3806c56-f44f-4484-a72b-f9662a6f8cba@group-E618601C8FD3-SegmentedRaftLogWorker] INFO  segmented.SegmentedRaftLogWorker (SegmentedRaftLogWorker.java:execute(576)) - b3806c56-f44f-4484-a72b-f9662a6f8cba@group-E618601C8FD3-SegmentedRaftLogWorker: created new log segment /workdir/hadoop-ozone/integration-test/target/test-dir/MiniOzoneClusterImpl-beab53a1-ec34-46da-8591-07ed803d9383/datanode-0/data/ratis/5b993587-2f97-4dc6-924a-e618601c8fd3/current/log_inprogress_0
2019-10-15 16:29:31,801 [f5624850-682f-4ec5-bb5c-f79627fc299e@group-6A0C83F0A8B5-SegmentedRaftLogWorker] INFO  segmented.SegmentedRaftLogWorker (SegmentedRaftLogWorker.java:execute(576)) - f5624850-682f-4ec5-bb5c-f79627fc299e@group-6A0C83F0A8B5-SegmentedRaftLogWorker: created new log segment /workdir/hadoop-ozone/integration-test/target/test-dir/MiniOzoneClusterImpl-beab53a1-ec34-46da-8591-07ed803d9383/datanode-4/data/ratis/ce1dcafd-a53c-465a-8f16-6a0c83f0a8b5/current/log_inprogress_0
2019-10-15 16:29:31,801 [14091fe6-d183-4b46-be93-2ba964a39c73@group-85D3505A373E-SegmentedRaftLogWorker] INFO  segmented.SegmentedRaftLogWorker (SegmentedRaftLogWorker.java:execute(576)) - 14091fe6-d183-4b46-be93-2ba964a39c73@group-85D3505A373E-SegmentedRaftLogWorker: created new log segment /workdir/hadoop-ozone/integration-test/target/test-dir/MiniOzoneClusterImpl-beab53a1-ec34-46da-8591-07ed803d9383/datanode-8/data/ratis/33a50ff3-c1b4-4fcc-ba50-85d3505a373e/current/log_inprogress_0
2019-10-15 16:29:31,818 [pool-87-thread-1] INFO  storage.RaftStorageDirectory (RaftStorageDirectory.java:tryLock(328)) - Lock on /workdir/hadoop-ozone/integration-test/target/test-dir/MiniOzoneClusterImpl-beab53a1-ec34-46da-8591-07ed803d9383/datanode-6/data/ratis/af820c7f-0027-4a16-a643-edbc1b544ff3/in_use.lock acquired by nodename 23904@pr-hdds-2302-bqc8v-2513969318
2019-10-15 16:29:31,832 [Thread-300] INFO  impl.FollowerState (FollowerState.java:run(108)) - f581660d-af3d-4f5f-b57d-f4cb54f048b9@group-5B112CC0E5E9-FollowerState: change to CANDIDATE, lastRpcTime:123ms, electionTimeout:123ms
2019-10-15 16:29:31,832 [Thread-300] INFO  impl.RoleInfo (RoleInfo.java:shutdownFollowerState(121)) - f581660d-af3d-4f5f-b57d-f4cb54f048b9: shutdown FollowerState
2019-10-15 16:29:31,832 [Thread-300] INFO  impl.RaftServerImpl (RaftServerImpl.java:setRole(184)) - f581660d-af3d-4f5f-b57d-f4cb54f048b9@group-5B112CC0E5E9: changes role from  FOLLOWER to CANDIDATE at term 0 for changeToCandidate
2019-10-15 16:29:31,832 [Thread-300] INFO  impl.RoleInfo (RoleInfo.java:updateAndGet(143)) - f581660d-af3d-4f5f-b57d-f4cb54f048b9: start LeaderElection
2019-10-15 16:29:31,843 [pool-87-thread-1] INFO  storage.RaftStorage (RaftStorage.java:format(84)) - Storage directory /workdir/hadoop-ozone/integration-test/target/test-dir/MiniOzoneClusterImpl-beab53a1-ec34-46da-8591-07ed803d9383/datanode-6/data/ratis/af820c7f-0027-4a16-a643-edbc1b544ff3 has been successfully formatted.
2019-10-15 16:29:31,844 [pool-87-thread-1] INFO  ratis.ContainerStateMachine (ContainerStateMachine.java:loadSnapshot(231)) - group-EDBC1B544FF3: The snapshot info is null. Setting the last applied indexto:(t:0, i:~)
2019-10-15 16:29:31,844 [pool-87-thread-1] INFO  server.RaftServerConfigKeys (ConfUtils.java:logGet(43)) - raft.server.notification.no-leader.timeout = 120s (custom)
2019-10-15 16:29:31,844 [pool-87-thread-1] INFO  server.RaftServerConfigKeys (ConfUtils.java:logGet(43)) - raft.server.log.use.memory = false (default)
2019-10-15 16:29:31,844 [pool-87-thread-1] INFO  server.RaftServerConfigKeys (ConfUtils.java:logGet(43)) - raft.server.log.purge.gap = 1000000 (custom)
2019-10-15 16:29:31,844 [pool-87-thread-1] INFO  server.RaftServerConfigKeys (ConfUtils.java:logGet(43)) - raft.server.log.appender.buffer.byte-limit = 33554432 (custom)
2019-10-15 16:29:31,844 [pool-87-thread-1] INFO  server.RaftServerConfigKeys (ConfUtils.java:logGet(43)) - raft.server.log.segment.size.max = 1048576 (custom)
2019-10-15 16:29:31,847 [pool-87-thread-1] INFO  server.RaftServerConfigKeys (ConfUtils.java:logGet(43)) - raft.server.log.segment.cache.num.max = 2 (custom)
2019-10-15 16:29:31,847 [pool-87-thread-1] INFO  segmented.SegmentedRaftLogWorker (SegmentedRaftLogWorker.java:<init>(173)) - new 6af1a5bd-f075-405e-b6a5-6d145eedd789@group-EDBC1B544FF3-SegmentedRaftLogWorker for RaftStorage:Storage Directory /workdir/hadoop-ozone/integration-test/target/test-dir/MiniOzoneClusterImpl-beab53a1-ec34-46da-8591-07ed803d9383/datanode-6/data/ratis/af820c7f-0027-4a16-a643-edbc1b544ff3
2019-10-15 16:29:31,847 [pool-87-thread-1] INFO  server.RaftServerConfigKeys (ConfUtils.java:logGet(43)) - raft.server.log.queue.byte-limit = 2147483647 (custom)
2019-10-15 16:29:31,848 [pool-87-thread-1] INFO  server.RaftServerConfigKeys (ConfUtils.java:logGet(43)) - raft.server.log.queue.element-limit = 1024 (custom)
2019-10-15 16:29:31,848 [pool-87-thread-1] INFO  server.RaftServerConfigKeys (ConfUtils.java:logGet(43)) - raft.server.log.segment.size.max = 1048576 (custom)
2019-10-15 16:29:31,848 [pool-87-thread-1] INFO  server.RaftServerConfigKeys (ConfUtils.java:logGet(43)) - raft.server.log.preallocated.size = 16384 (custom)
2019-10-15 16:29:31,848 [pool-87-thread-1] INFO  server.RaftServerConfigKeys (ConfUtils.java:logGet(43)) - raft.server.log.write.buffer.size = 33554432 (custom)
2019-10-15 16:29:31,848 [pool-87-thread-1] INFO  server.RaftServerConfigKeys (ConfUtils.java:logGet(43)) - raft.server.log.force.sync.num = 128 (default)
2019-10-15 16:29:31,848 [pool-87-thread-1] INFO  server.RaftServerConfigKeys (ConfUtils.java:logGet(43)) - raft.server.log.statemachine.data.sync = true (default)
2019-10-15 16:29:31,848 [pool-87-thread-1] INFO  server.RaftServerConfigKeys (ConfUtils.java:logGet(43)) - raft.server.log.statemachine.data.sync.timeout = 10s (default)
2019-10-15 16:29:31,849 [pool-87-thread-1] INFO  server.RaftServerConfigKeys (ConfUtils.java:logGet(43)) - raft.server.log.statemachine.data.sync.timeout.retry = -1 (default)
2019-10-15 16:29:31,849 [pool-87-thread-1] INFO  server.RaftServerConfigKeys (ConfUtils.java:logGet(43)) - raft.server.log.statemachine.data.caching.enabled = true (custom)
2019-10-15 16:29:31,852 [pool-87-thread-1] INFO  segmented.SegmentedRaftLogWorker (SegmentedRaftLogWorker.java:lambda$new$0(128)) - 6af1a5bd-f075-405e-b6a5-6d145eedd789@group-EDBC1B544FF3-SegmentedRaftLogWorker: flushIndex: setUnconditionally 0 -> -1
2019-10-15 16:29:31,852 [pool-87-thread-1] INFO  server.RaftServerConfigKeys (ConfUtils.java:logGet(43)) - raft.server.snapshot.auto.trigger.enabled = true (custom)
2019-10-15 16:29:31,853 [pool-87-thread-1] INFO  server.RaftServerConfigKeys (ConfUtils.java:logGet(43)) - raft.server.snapshot.auto.trigger.threshold = 10000 (custom)
2019-10-15 16:29:31,853 [pool-87-thread-1] INFO  server.RaftServerConfigKeys (ConfUtils.java:logGet(43)) - raft.server.snapshot.retention.file.num = 5 (custom)
2019-10-15 16:29:31,853 [pool-87-thread-1] INFO  server.RaftServerConfigKeys (ConfUtils.java:logGet(43)) - raft.server.retrycache.expirytime = 600000ms (custom)
2019-10-15 16:29:31,858 [pool-87-thread-1] INFO  impl.RaftServerImpl (RaftServerImpl.java:start(195)) - 6af1a5bd-f075-405e-b6a5-6d145eedd789@group-EDBC1B544FF3: start as a follower, conf=-1: [6af1a5bd-f075-405e-b6a5-6d145eedd789:192.168.164.239:35339], old=null
2019-10-15 16:29:31,859 [pool-87-thread-1] INFO  impl.RaftServerImpl (RaftServerImpl.java:setRole(184)) - 6af1a5bd-f075-405e-b6a5-6d145eedd789@group-EDBC1B544FF3: changes role from      null to FOLLOWER at term 0 for startAsFollower
2019-10-15 16:29:31,859 [pool-87-thread-1] INFO  impl.RoleInfo (RoleInfo.java:updateAndGet(143)) - 6af1a5bd-f075-405e-b6a5-6d145eedd789: start FollowerState
2019-10-15 16:29:31,859 [pool-87-thread-1] INFO  util.JmxRegister (JmxRegister.java:tryRegister(44)) - Successfully registered JMX Bean with object name Ratis:service=RaftServer,group=group-EDBC1B544FF3,id=6af1a5bd-f075-405e-b6a5-6d145eedd789
2019-10-15 16:29:31,860 [f581660d-af3d-4f5f-b57d-f4cb54f048b9@group-5B112CC0E5E9-LeaderElection4] INFO  impl.LeaderElection (LeaderElection.java:askForVotes(178)) - f581660d-af3d-4f5f-b57d-f4cb54f048b9@group-5B112CC0E5E9-LeaderElection4: begin an election at term 1 for -1: [f581660d-af3d-4f5f-b57d-f4cb54f048b9:192.168.164.239:42501], old=null
2019-10-15 16:29:31,861 [f581660d-af3d-4f5f-b57d-f4cb54f048b9@group-5B112CC0E5E9-LeaderElection4] INFO  impl.RoleInfo (RoleInfo.java:shutdownLeaderElection(134)) - f581660d-af3d-4f5f-b57d-f4cb54f048b9: shutdown LeaderElection
2019-10-15 16:29:31,861 [f581660d-af3d-4f5f-b57d-f4cb54f048b9@group-5B112CC0E5E9-LeaderElection4] INFO  impl.RaftServerImpl (RaftServerImpl.java:setRole(184)) - f581660d-af3d-4f5f-b57d-f4cb54f048b9@group-5B112CC0E5E9: changes role from CANDIDATE to LEADER at term 1 for changeToLeader
2019-10-15 16:29:31,861 [f581660d-af3d-4f5f-b57d-f4cb54f048b9@group-5B112CC0E5E9-LeaderElection4] INFO  impl.RaftServerImpl (ServerState.java:setLeader(256)) - f581660d-af3d-4f5f-b57d-f4cb54f048b9@group-5B112CC0E5E9: change Leader from null to f581660d-af3d-4f5f-b57d-f4cb54f048b9 at term 1 for becomeLeader, leader elected after 160ms
2019-10-15 16:29:31,863 [f581660d-af3d-4f5f-b57d-f4cb54f048b9@group-5B112CC0E5E9-LeaderElection4] INFO  server.RaftServerConfigKeys (ConfUtils.java:logGet(43)) - raft.server.staging.catchup.gap = 1000 (default)
2019-10-15 16:29:31,863 [main] INFO  ozone.MiniOzoneClusterImpl (MiniOzoneClusterImpl.java:lambda$waitForClusterToBeReady$0(147)) - Cluster is ready. Got 10 of 10 DN Heartbeats.
2019-10-15 16:29:31,863 [f581660d-af3d-4f5f-b57d-f4cb54f048b9@group-5B112CC0E5E9-LeaderElection4] INFO  server.RaftServerConfigKeys (ConfUtils.java:logGet(43)) - raft.server.rpc.sleep.time = 25ms (default)
2019-10-15 16:29:31,864 [f581660d-af3d-4f5f-b57d-f4cb54f048b9@group-5B112CC0E5E9-LeaderElection4] INFO  server.RaftServerConfigKeys (ConfUtils.java:logGet(43)) - raft.server.write.element-limit = 4096 (default)
2019-10-15 16:29:31,864 [f581660d-af3d-4f5f-b57d-f4cb54f048b9@group-5B112CC0E5E9-LeaderElection4] INFO  server.RaftServerConfigKeys (ConfUtils.java:logGet(43)) - raft.server.watch.timeout = 10s (default)
2019-10-15 16:29:31,864 [f581660d-af3d-4f5f-b57d-f4cb54f048b9@group-5B112CC0E5E9-LeaderElection4] INFO  server.RaftServerConfigKeys (ConfUtils.java:logGet(43)) - raft.server.watch.timeout.denomination = 1s (default)
2019-10-15 16:29:31,865 [f581660d-af3d-4f5f-b57d-f4cb54f048b9@group-5B112CC0E5E9-LeaderElection4] INFO  server.RaftServerConfigKeys (ConfUtils.java:logGet(43)) - raft.server.watch.element-limit = 65536 (default)
2019-10-15 16:29:31,870 [f581660d-af3d-4f5f-b57d-f4cb54f048b9@group-5B112CC0E5E9-LeaderElection4] INFO  impl.RoleInfo (RoleInfo.java:updateAndGet(143)) - f581660d-af3d-4f5f-b57d-f4cb54f048b9: start LeaderState
2019-10-15 16:29:31,873 [f581660d-af3d-4f5f-b57d-f4cb54f048b9@group-5B112CC0E5E9-LeaderElection4] INFO  segmented.SegmentedRaftLogWorker (SegmentedRaftLogWorker.java:startLogSegment(385)) - f581660d-af3d-4f5f-b57d-f4cb54f048b9@group-5B112CC0E5E9-SegmentedRaftLogWorker: Starting segment from index:0
2019-10-15 16:29:31,877 [f581660d-af3d-4f5f-b57d-f4cb54f048b9@group-5B112CC0E5E9-LeaderElection4] INFO  impl.RaftServerImpl (ServerState.java:setRaftConf(357)) - f581660d-af3d-4f5f-b57d-f4cb54f048b9@group-5B112CC0E5E9: set configuration 0: [f581660d-af3d-4f5f-b57d-f4cb54f048b9:192.168.164.239:42501], old=null at 0
2019-10-15 16:29:31,920 [RatisPipelineUtilsThread] INFO  pipeline.PipelineStateManager (PipelineStateManager.java:addPipeline(56)) - Created pipeline Pipeline[ Id: af820c7f-0027-4a16-a643-edbc1b544ff3, Nodes: 6af1a5bd-f075-405e-b6a5-6d145eedd789{ip: 192.168.164.239, host: pr-hdds-2302-bqc8v-2513969318, networkLocation: /default-rack, certSerialId: null}, Type:RATIS, Factor:ONE, State:OPEN]
2019-10-15 16:29:31,940 [Thread-304] INFO  impl.FollowerState (FollowerState.java:run(108)) - 6af1a5bd-f075-405e-b6a5-6d145eedd789@group-EDBC1B544FF3-FollowerState: change to CANDIDATE, lastRpcTime:81ms, electionTimeout:80ms
2019-10-15 16:29:31,941 [Thread-304] INFO  impl.RoleInfo (RoleInfo.java:shutdownFollowerState(121)) - 6af1a5bd-f075-405e-b6a5-6d145eedd789: shutdown FollowerState
2019-10-15 16:29:31,941 [Thread-304] INFO  impl.RaftServerImpl (RaftServerImpl.java:setRole(184)) - 6af1a5bd-f075-405e-b6a5-6d145eedd789@group-EDBC1B544FF3: changes role from  FOLLOWER to CANDIDATE at term 0 for changeToCandidate
2019-10-15 16:29:31,941 [Thread-304] INFO  impl.RoleInfo (RoleInfo.java:updateAndGet(143)) - 6af1a5bd-f075-405e-b6a5-6d145eedd789: start LeaderElection
2019-10-15 16:29:31,945 [f581660d-af3d-4f5f-b57d-f4cb54f048b9@group-5B112CC0E5E9-SegmentedRaftLogWorker] INFO  segmented.SegmentedRaftLogWorker (SegmentedRaftLogWorker.java:execute(576)) - f581660d-af3d-4f5f-b57d-f4cb54f048b9@group-5B112CC0E5E9-SegmentedRaftLogWorker: created new log segment /workdir/hadoop-ozone/integration-test/target/test-dir/MiniOzoneClusterImpl-beab53a1-ec34-46da-8591-07ed803d9383/datanode-5/data/ratis/11399657-a21e-4114-9c2e-5b112cc0e5e9/current/log_inprogress_0
2019-10-15 16:29:31,946 [grpc-default-executor-0] INFO  impl.RaftServerProxy (RaftServerProxy.java:addNew(89)) - 0bff853f-e43c-4347-b3e4-d8621042c42b: addNew group-14241B0D5E3D:[0bff853f-e43c-4347-b3e4-d8621042c42b:192.168.164.239:34619] returns group-14241B0D5E3D:java.util.concurrent.CompletableFuture@3d5c41ff[Not completed]
2019-10-15 16:29:31,951 [pool-37-thread-1] INFO  impl.RaftServerImpl (RaftServerImpl.java:<init>(104)) - 0bff853f-e43c-4347-b3e4-d8621042c42b: new RaftServerImpl for group-14241B0D5E3D:[0bff853f-e43c-4347-b3e4-d8621042c42b:192.168.164.239:34619] with ContainerStateMachine:uninitialized
2019-10-15 16:29:31,952 [pool-37-thread-1] INFO  server.RaftServerConfigKeys (ConfUtils.java:logGet(43)) - raft.server.rpc.timeout.min = 1s (custom)
2019-10-15 16:29:31,952 [pool-37-thread-1] INFO  server.RaftServerConfigKeys (ConfUtils.java:logGet(43)) - raft.server.rpc.timeout.max = 1200ms (custom)
2019-10-15 16:29:31,952 [pool-37-thread-1] INFO  server.RaftServerConfigKeys (ConfUtils.java:logGet(43)) - raft.server.rpcslowness.timeout = 120s (custom)
2019-10-15 16:29:31,952 [pool-37-thread-1] INFO  server.RaftServerConfigKeys (ConfUtils.java:logGet(43)) - raft.server.sleep.deviation.threshold = 300 (default)
2019-10-15 16:29:31,953 [pool-37-thread-1] INFO  server.RaftServerConfigKeys (ConfUtils.java:logGet(43)) - raft.server.log.appender.install.snapshot.enabled = false (custom)
2019-10-15 16:29:31,953 [pool-37-thread-1] INFO  impl.RaftServerImpl (ServerState.java:<init>(103)) - 0bff853f-e43c-4347-b3e4-d8621042c42b@group-14241B0D5E3D: ConfigurationManager, init=-1: [0bff853f-e43c-4347-b3e4-d8621042c42b:192.168.164.239:34619], old=null, confs=<EMPTY_MAP>
2019-10-15 16:29:31,953 [pool-37-thread-1] INFO  server.RaftServerConfigKeys (ConfUtils.java:logGet(43)) - raft.server.storage.dir = [/workdir/hadoop-ozone/integration-test/target/test-dir/MiniOzoneClusterImpl-beab53a1-ec34-46da-8591-07ed803d9383/datanode-1/data/ratis] (custom)
2019-10-15 16:29:31,953 [pool-37-thread-1] INFO  server.RaftServerConfigKeys (ConfUtils.java:logGet(43)) - raft.server.log.corruption.policy = EXCEPTION (default)
2019-10-15 16:29:31,954 [pool-37-thread-1] INFO  storage.RaftStorageDirectory (RaftStorageDirectory.java:analyzeStorage(246)) - The storage directory /workdir/hadoop-ozone/integration-test/target/test-dir/MiniOzoneClusterImpl-beab53a1-ec34-46da-8591-07ed803d9383/datanode-1/data/ratis/e1144fad-7610-47bd-ac0b-14241b0d5e3d does not exist. Creating ...
2019-10-15 16:29:31,978 [pool-37-thread-1] INFO  storage.RaftStorageDirectory (RaftStorageDirectory.java:tryLock(328)) - Lock on /workdir/hadoop-ozone/integration-test/target/test-dir/MiniOzoneClusterImpl-beab53a1-ec34-46da-8591-07ed803d9383/datanode-1/data/ratis/e1144fad-7610-47bd-ac0b-14241b0d5e3d/in_use.lock acquired by nodename 23904@pr-hdds-2302-bqc8v-2513969318
2019-10-15 16:29:31,978 [6af1a5bd-f075-405e-b6a5-6d145eedd789@group-EDBC1B544FF3-LeaderElection5] INFO  impl.LeaderElection (LeaderElection.java:askForVotes(178)) - 6af1a5bd-f075-405e-b6a5-6d145eedd789@group-EDBC1B544FF3-LeaderElection5: begin an election at term 1 for -1: [6af1a5bd-f075-405e-b6a5-6d145eedd789:192.168.164.239:35339], old=null
2019-10-15 16:29:31,978 [6af1a5bd-f075-405e-b6a5-6d145eedd789@group-EDBC1B544FF3-LeaderElection5] INFO  impl.RoleInfo (RoleInfo.java:shutdownLeaderElection(134)) - 6af1a5bd-f075-405e-b6a5-6d145eedd789: shutdown LeaderElection
2019-10-15 16:29:31,978 [6af1a5bd-f075-405e-b6a5-6d145eedd789@group-EDBC1B544FF3-LeaderElection5] INFO  impl.RaftServerImpl (RaftServerImpl.java:setRole(184)) - 6af1a5bd-f075-405e-b6a5-6d145eedd789@group-EDBC1B544FF3: changes role from CANDIDATE to LEADER at term 1 for changeToLeader
2019-10-15 16:29:31,979 [6af1a5bd-f075-405e-b6a5-6d145eedd789@group-EDBC1B544FF3-LeaderElection5] INFO  impl.RaftServerImpl (ServerState.java:setLeader(256)) - 6af1a5bd-f075-405e-b6a5-6d145eedd789@group-EDBC1B544FF3: change Leader from null to 6af1a5bd-f075-405e-b6a5-6d145eedd789 at term 1 for becomeLeader, leader elected after 134ms
2019-10-15 16:29:31,981 [6af1a5bd-f075-405e-b6a5-6d145eedd789@group-EDBC1B544FF3-LeaderElection5] INFO  server.RaftServerConfigKeys (ConfUtils.java:logGet(43)) - raft.server.staging.catchup.gap = 1000 (default)
2019-10-15 16:29:31,981 [6af1a5bd-f075-405e-b6a5-6d145eedd789@group-EDBC1B544FF3-LeaderElection5] INFO  server.RaftServerConfigKeys (ConfUtils.java:logGet(43)) - raft.server.rpc.sleep.time = 25ms (default)
2019-10-15 16:29:31,981 [6af1a5bd-f075-405e-b6a5-6d145eedd789@group-EDBC1B544FF3-LeaderElection5] INFO  server.RaftServerConfigKeys (ConfUtils.java:logGet(43)) - raft.server.write.element-limit = 4096 (default)
2019-10-15 16:29:31,981 [6af1a5bd-f075-405e-b6a5-6d145eedd789@group-EDBC1B544FF3-LeaderElection5] INFO  server.RaftServerConfigKeys (ConfUtils.java:logGet(43)) - raft.server.watch.timeout = 10s (default)
2019-10-15 16:29:31,981 [6af1a5bd-f075-405e-b6a5-6d145eedd789@group-EDBC1B544FF3-LeaderElection5] INFO  server.RaftServerConfigKeys (ConfUtils.java:logGet(43)) - raft.server.watch.timeout.denomination = 1s (default)
2019-10-15 16:29:31,982 [6af1a5bd-f075-405e-b6a5-6d145eedd789@group-EDBC1B544FF3-LeaderElection5] INFO  server.RaftServerConfigKeys (ConfUtils.java:logGet(43)) - raft.server.watch.element-limit = 65536 (default)
2019-10-15 16:29:31,984 [6af1a5bd-f075-405e-b6a5-6d145eedd789@group-EDBC1B544FF3-LeaderElection5] INFO  impl.RoleInfo (RoleInfo.java:updateAndGet(143)) - 6af1a5bd-f075-405e-b6a5-6d145eedd789: start LeaderState
2019-10-15 16:29:31,985 [6af1a5bd-f075-405e-b6a5-6d145eedd789@group-EDBC1B544FF3-LeaderElection5] INFO  segmented.SegmentedRaftLogWorker (SegmentedRaftLogWorker.java:startLogSegment(385)) - 6af1a5bd-f075-405e-b6a5-6d145eedd789@group-EDBC1B544FF3-SegmentedRaftLogWorker: Starting segment from index:0
2019-10-15 16:29:31,985 [6af1a5bd-f075-405e-b6a5-6d145eedd789@group-EDBC1B544FF3-LeaderElection5] INFO  impl.RaftServerImpl (ServerState.java:setRaftConf(357)) - 6af1a5bd-f075-405e-b6a5-6d145eedd789@group-EDBC1B544FF3: set configuration 0: [6af1a5bd-f075-405e-b6a5-6d145eedd789:192.168.164.239:35339], old=null at 0
2019-10-15 16:29:32,015 [pool-37-thread-1] INFO  storage.RaftStorage (RaftStorage.java:format(84)) - Storage directory /workdir/hadoop-ozone/integration-test/target/test-dir/MiniOzoneClusterImpl-beab53a1-ec34-46da-8591-07ed803d9383/datanode-1/data/ratis/e1144fad-7610-47bd-ac0b-14241b0d5e3d has been successfully formatted.
2019-10-15 16:29:32,016 [pool-37-thread-1] INFO  ratis.ContainerStateMachine (ContainerStateMachine.java:loadSnapshot(231)) - group-14241B0D5E3D: The snapshot info is null. Setting the last applied indexto:(t:0, i:~)
2019-10-15 16:29:32,016 [pool-37-thread-1] INFO  server.RaftServerConfigKeys (ConfUtils.java:logGet(43)) - raft.server.notification.no-leader.timeout = 120s (custom)
2019-10-15 16:29:32,016 [pool-37-thread-1] INFO  server.RaftServerConfigKeys (ConfUtils.java:logGet(43)) - raft.server.log.use.memory = false (default)
2019-10-15 16:29:32,017 [pool-37-thread-1] INFO  server.RaftServerConfigKeys (ConfUtils.java:logGet(43)) - raft.server.log.purge.gap = 1000000 (custom)
2019-10-15 16:29:32,017 [pool-37-thread-1] INFO  server.RaftServerConfigKeys (ConfUtils.java:logGet(43)) - raft.server.log.appender.buffer.byte-limit = 33554432 (custom)
2019-10-15 16:29:32,017 [pool-37-thread-1] INFO  server.RaftServerConfigKeys (ConfUtils.java:logGet(43)) - raft.server.log.segment.size.max = 1048576 (custom)
2019-10-15 16:29:32,021 [pool-37-thread-1] INFO  server.RaftServerConfigKeys (ConfUtils.java:logGet(43)) - raft.server.log.segment.cache.num.max = 2 (custom)
2019-10-15 16:29:32,022 [pool-37-thread-1] INFO  segmented.SegmentedRaftLogWorker (SegmentedRaftLogWorker.java:<init>(173)) - new 0bff853f-e43c-4347-b3e4-d8621042c42b@group-14241B0D5E3D-SegmentedRaftLogWorker for RaftStorage:Storage Directory /workdir/hadoop-ozone/integration-test/target/test-dir/MiniOzoneClusterImpl-beab53a1-ec34-46da-8591-07ed803d9383/datanode-1/data/ratis/e1144fad-7610-47bd-ac0b-14241b0d5e3d
2019-10-15 16:29:32,022 [pool-37-thread-1] INFO  server.RaftServerConfigKeys (ConfUtils.java:logGet(43)) - raft.server.log.queue.byte-limit = 2147483647 (custom)
2019-10-15 16:29:32,022 [pool-37-thread-1] INFO  server.RaftServerConfigKeys (ConfUtils.java:logGet(43)) - raft.server.log.queue.element-limit = 1024 (custom)
2019-10-15 16:29:32,023 [pool-37-thread-1] INFO  server.RaftServerConfigKeys (ConfUtils.java:logGet(43)) - raft.server.log.segment.size.max = 1048576 (custom)
2019-10-15 16:29:32,023 [pool-37-thread-1] INFO  server.RaftServerConfigKeys (ConfUtils.java:logGet(43)) - raft.server.log.preallocated.size = 16384 (custom)
2019-10-15 16:29:32,023 [pool-37-thread-1] INFO  server.RaftServerConfigKeys (ConfUtils.java:logGet(43)) - raft.server.log.write.buffer.size = 33554432 (custom)
2019-10-15 16:29:32,023 [pool-37-thread-1] INFO  server.RaftServerConfigKeys (ConfUtils.java:logGet(43)) - raft.server.log.force.sync.num = 128 (default)
2019-10-15 16:29:32,024 [pool-37-thread-1] INFO  server.RaftServerConfigKeys (ConfUtils.java:logGet(43)) - raft.server.log.statemachine.data.sync = true (default)
2019-10-15 16:29:32,024 [pool-37-thread-1] INFO  server.RaftServerConfigKeys (ConfUtils.java:logGet(43)) - raft.server.log.statemachine.data.sync.timeout = 10s (default)
2019-10-15 16:29:32,024 [pool-37-thread-1] INFO  server.RaftServerConfigKeys (ConfUtils.java:logGet(43)) - raft.server.log.statemachine.data.sync.timeout.retry = -1 (default)
2019-10-15 16:29:32,025 [pool-37-thread-1] INFO  server.RaftServerConfigKeys (ConfUtils.java:logGet(43)) - raft.server.log.statemachine.data.caching.enabled = true (custom)
2019-10-15 16:29:32,026 [pool-37-thread-1] INFO  segmented.SegmentedRaftLogWorker (SegmentedRaftLogWorker.java:lambda$new$0(128)) - 0bff853f-e43c-4347-b3e4-d8621042c42b@group-14241B0D5E3D-SegmentedRaftLogWorker: flushIndex: setUnconditionally 0 -> -1
2019-10-15 16:29:32,026 [pool-37-thread-1] INFO  server.RaftServerConfigKeys (ConfUtils.java:logGet(43)) - raft.server.snapshot.auto.trigger.enabled = true (custom)
2019-10-15 16:29:32,026 [pool-37-thread-1] INFO  server.RaftServerConfigKeys (ConfUtils.java:logGet(43)) - raft.server.snapshot.auto.trigger.threshold = 10000 (custom)
2019-10-15 16:29:32,027 [pool-37-thread-1] INFO  server.RaftServerConfigKeys (ConfUtils.java:logGet(43)) - raft.server.snapshot.retention.file.num = 5 (custom)
2019-10-15 16:29:32,027 [pool-37-thread-1] INFO  server.RaftServerConfigKeys (ConfUtils.java:logGet(43)) - raft.server.retrycache.expirytime = 600000ms (custom)
2019-10-15 16:29:32,031 [pool-37-thread-1] INFO  impl.RaftServerImpl (RaftServerImpl.java:start(195)) - 0bff853f-e43c-4347-b3e4-d8621042c42b@group-14241B0D5E3D: start as a follower, conf=-1: [0bff853f-e43c-4347-b3e4-d8621042c42b:192.168.164.239:34619], old=null
2019-10-15 16:29:32,031 [pool-37-thread-1] INFO  impl.RaftServerImpl (RaftServerImpl.java:setRole(184)) - 0bff853f-e43c-4347-b3e4-d8621042c42b@group-14241B0D5E3D: changes role from      null to FOLLOWER at term 0 for startAsFollower
2019-10-15 16:29:32,032 [pool-37-thread-1] INFO  impl.RoleInfo (RoleInfo.java:updateAndGet(143)) - 0bff853f-e43c-4347-b3e4-d8621042c42b: start FollowerState
2019-10-15 16:29:32,032 [pool-37-thread-1] INFO  util.JmxRegister (JmxRegister.java:tryRegister(44)) - Successfully registered JMX Bean with object name Ratis:service=RaftServer,group=group-14241B0D5E3D,id=0bff853f-e43c-4347-b3e4-d8621042c42b
2019-10-15 16:29:32,039 [6af1a5bd-f075-405e-b6a5-6d145eedd789@group-EDBC1B544FF3-SegmentedRaftLogWorker] INFO  segmented.SegmentedRaftLogWorker (SegmentedRaftLogWorker.java:execute(576)) - 6af1a5bd-f075-405e-b6a5-6d145eedd789@group-EDBC1B544FF3-SegmentedRaftLogWorker: created new log segment /workdir/hadoop-ozone/integration-test/target/test-dir/MiniOzoneClusterImpl-beab53a1-ec34-46da-8591-07ed803d9383/datanode-6/data/ratis/af820c7f-0027-4a16-a643-edbc1b544ff3/current/log_inprogress_0
2019-10-15 16:29:32,047 [RatisPipelineUtilsThread] INFO  pipeline.PipelineStateManager (PipelineStateManager.java:addPipeline(56)) - Created pipeline Pipeline[ Id: e1144fad-7610-47bd-ac0b-14241b0d5e3d, Nodes: 0bff853f-e43c-4347-b3e4-d8621042c42b{ip: 192.168.164.239, host: pr-hdds-2302-bqc8v-2513969318, networkLocation: /default-rack, certSerialId: null}, Type:RATIS, Factor:ONE, State:OPEN]
2019-10-15 16:29:32,060 [grpc-default-executor-0] INFO  impl.RaftServerProxy (RaftServerProxy.java:addNew(89)) - cccd55fe-f481-4e2b-93ed-b6a86d13c378: addNew group-DABAD0E5FC92:[cccd55fe-f481-4e2b-93ed-b6a86d13c378:192.168.164.239:35771] returns group-DABAD0E5FC92:java.util.concurrent.CompletableFuture@4f9e802d[Not completed]
2019-10-15 16:29:32,069 [pool-47-thread-1] INFO  impl.RaftServerImpl (RaftServerImpl.java:<init>(104)) - cccd55fe-f481-4e2b-93ed-b6a86d13c378: new RaftServerImpl for group-DABAD0E5FC92:[cccd55fe-f481-4e2b-93ed-b6a86d13c378:192.168.164.239:35771] with ContainerStateMachine:uninitialized
2019-10-15 16:29:32,070 [pool-47-thread-1] INFO  server.RaftServerConfigKeys (ConfUtils.java:logGet(43)) - raft.server.rpc.timeout.min = 1s (custom)
2019-10-15 16:29:32,070 [pool-47-thread-1] INFO  server.RaftServerConfigKeys (ConfUtils.java:logGet(43)) - raft.server.rpc.timeout.max = 1200ms (custom)
2019-10-15 16:29:32,070 [pool-47-thread-1] INFO  server.RaftServerConfigKeys (ConfUtils.java:logGet(43)) - raft.server.rpcslowness.timeout = 120s (custom)
2019-10-15 16:29:32,070 [pool-47-thread-1] INFO  server.RaftServerConfigKeys (ConfUtils.java:logGet(43)) - raft.server.sleep.deviation.threshold = 300 (default)
2019-10-15 16:29:32,070 [pool-47-thread-1] INFO  server.RaftServerConfigKeys (ConfUtils.java:logGet(43)) - raft.server.log.appender.install.snapshot.enabled = false (custom)
2019-10-15 16:29:32,070 [pool-47-thread-1] INFO  impl.RaftServerImpl (ServerState.java:<init>(103)) - cccd55fe-f481-4e2b-93ed-b6a86d13c378@group-DABAD0E5FC92: ConfigurationManager, init=-1: [cccd55fe-f481-4e2b-93ed-b6a86d13c378:192.168.164.239:35771], old=null, confs=<EMPTY_MAP>
2019-10-15 16:29:32,070 [pool-47-thread-1] INFO  server.RaftServerConfigKeys (ConfUtils.java:logGet(43)) - raft.server.storage.dir = [/workdir/hadoop-ozone/integration-test/target/test-dir/MiniOzoneClusterImpl-beab53a1-ec34-46da-8591-07ed803d9383/datanode-2/data/ratis] (custom)
2019-10-15 16:29:32,071 [pool-47-thread-1] INFO  server.RaftServerConfigKeys (ConfUtils.java:logGet(43)) - raft.server.log.corruption.policy = EXCEPTION (default)
2019-10-15 16:29:32,071 [pool-47-thread-1] INFO  storage.RaftStorageDirectory (RaftStorageDirectory.java:analyzeStorage(246)) - The storage directory /workdir/hadoop-ozone/integration-test/target/test-dir/MiniOzoneClusterImpl-beab53a1-ec34-46da-8591-07ed803d9383/datanode-2/data/ratis/9506437f-d069-4efa-8441-dabad0e5fc92 does not exist. Creating ...
2019-10-15 16:29:32,095 [pool-47-thread-1] INFO  storage.RaftStorageDirectory (RaftStorageDirectory.java:tryLock(328)) - Lock on /workdir/hadoop-ozone/integration-test/target/test-dir/MiniOzoneClusterImpl-beab53a1-ec34-46da-8591-07ed803d9383/datanode-2/data/ratis/9506437f-d069-4efa-8441-dabad0e5fc92/in_use.lock acquired by nodename 23904@pr-hdds-2302-bqc8v-2513969318
2019-10-15 16:29:32,121 [pool-47-thread-1] INFO  storage.RaftStorage (RaftStorage.java:format(84)) - Storage directory /workdir/hadoop-ozone/integration-test/target/test-dir/MiniOzoneClusterImpl-beab53a1-ec34-46da-8591-07ed803d9383/datanode-2/data/ratis/9506437f-d069-4efa-8441-dabad0e5fc92 has been successfully formatted.
2019-10-15 16:29:32,121 [pool-47-thread-1] INFO  ratis.ContainerStateMachine (ContainerStateMachine.java:loadSnapshot(231)) - group-DABAD0E5FC92: The snapshot info is null. Setting the last applied indexto:(t:0, i:~)
2019-10-15 16:29:32,121 [pool-47-thread-1] INFO  server.RaftServerConfigKeys (ConfUtils.java:logGet(43)) - raft.server.notification.no-leader.timeout = 120s (custom)
2019-10-15 16:29:32,121 [pool-47-thread-1] INFO  server.RaftServerConfigKeys (ConfUtils.java:logGet(43)) - raft.server.log.use.memory = false (default)
2019-10-15 16:29:32,122 [pool-47-thread-1] INFO  server.RaftServerConfigKeys (ConfUtils.java:logGet(43)) - raft.server.log.purge.gap = 1000000 (custom)
2019-10-15 16:29:32,122 [pool-47-thread-1] INFO  server.RaftServerConfigKeys (ConfUtils.java:logGet(43)) - raft.server.log.appender.buffer.byte-limit = 33554432 (custom)
2019-10-15 16:29:32,122 [pool-47-thread-1] INFO  server.RaftServerConfigKeys (ConfUtils.java:logGet(43)) - raft.server.log.segment.size.max = 1048576 (custom)
2019-10-15 16:29:32,125 [pool-47-thread-1] INFO  server.RaftServerConfigKeys (ConfUtils.java:logGet(43)) - raft.server.log.segment.cache.num.max = 2 (custom)
2019-10-15 16:29:32,125 [pool-47-thread-1] INFO  segmented.SegmentedRaftLogWorker (SegmentedRaftLogWorker.java:<init>(173)) - new cccd55fe-f481-4e2b-93ed-b6a86d13c378@group-DABAD0E5FC92-SegmentedRaftLogWorker for RaftStorage:Storage Directory /workdir/hadoop-ozone/integration-test/target/test-dir/MiniOzoneClusterImpl-beab53a1-ec34-46da-8591-07ed803d9383/datanode-2/data/ratis/9506437f-d069-4efa-8441-dabad0e5fc92
2019-10-15 16:29:32,125 [pool-47-thread-1] INFO  server.RaftServerConfigKeys (ConfUtils.java:logGet(43)) - raft.server.log.queue.byte-limit = 2147483647 (custom)
2019-10-15 16:29:32,125 [pool-47-thread-1] INFO  server.RaftServerConfigKeys (ConfUtils.java:logGet(43)) - raft.server.log.queue.element-limit = 1024 (custom)
2019-10-15 16:29:32,125 [pool-47-thread-1] INFO  server.RaftServerConfigKeys (ConfUtils.java:logGet(43)) - raft.server.log.segment.size.max = 1048576 (custom)
2019-10-15 16:29:32,125 [pool-47-thread-1] INFO  server.RaftServerConfigKeys (ConfUtils.java:logGet(43)) - raft.server.log.preallocated.size = 16384 (custom)
2019-10-15 16:29:32,125 [pool-47-thread-1] INFO  server.RaftServerConfigKeys (ConfUtils.java:logGet(43)) - raft.server.log.write.buffer.size = 33554432 (custom)
2019-10-15 16:29:32,126 [pool-47-thread-1] INFO  server.RaftServerConfigKeys (ConfUtils.java:logGet(43)) - raft.server.log.force.sync.num = 128 (default)
2019-10-15 16:29:32,126 [pool-47-thread-1] INFO  server.RaftServerConfigKeys (ConfUtils.java:logGet(43)) - raft.server.log.statemachine.data.sync = true (default)
2019-10-15 16:29:32,126 [pool-47-thread-1] INFO  server.RaftServerConfigKeys (ConfUtils.java:logGet(43)) - raft.server.log.statemachine.data.sync.timeout = 10s (default)
2019-10-15 16:29:32,126 [pool-47-thread-1] INFO  server.RaftServerConfigKeys (ConfUtils.java:logGet(43)) - raft.server.log.statemachine.data.sync.timeout.retry = -1 (default)
2019-10-15 16:29:32,127 [pool-47-thread-1] INFO  server.RaftServerConfigKeys (ConfUtils.java:logGet(43)) - raft.server.log.statemachine.data.caching.enabled = true (custom)
2019-10-15 16:29:32,127 [pool-47-thread-1] INFO  segmented.SegmentedRaftLogWorker (SegmentedRaftLogWorker.java:lambda$new$0(128)) - cccd55fe-f481-4e2b-93ed-b6a86d13c378@group-DABAD0E5FC92-SegmentedRaftLogWorker: flushIndex: setUnconditionally 0 -> -1
2019-10-15 16:29:32,128 [pool-47-thread-1] INFO  server.RaftServerConfigKeys (ConfUtils.java:logGet(43)) - raft.server.snapshot.auto.trigger.enabled = true (custom)
2019-10-15 16:29:32,128 [pool-47-thread-1] INFO  server.RaftServerConfigKeys (ConfUtils.java:logGet(43)) - raft.server.snapshot.auto.trigger.threshold = 10000 (custom)
2019-10-15 16:29:32,128 [pool-47-thread-1] INFO  server.RaftServerConfigKeys (ConfUtils.java:logGet(43)) - raft.server.snapshot.retention.file.num = 5 (custom)
2019-10-15 16:29:32,128 [pool-47-thread-1] INFO  server.RaftServerConfigKeys (ConfUtils.java:logGet(43)) - raft.server.retrycache.expirytime = 600000ms (custom)
2019-10-15 16:29:32,133 [pool-47-thread-1] INFO  impl.RaftServerImpl (RaftServerImpl.java:start(195)) - cccd55fe-f481-4e2b-93ed-b6a86d13c378@group-DABAD0E5FC92: start as a follower, conf=-1: [cccd55fe-f481-4e2b-93ed-b6a86d13c378:192.168.164.239:35771], old=null
2019-10-15 16:29:32,133 [pool-47-thread-1] INFO  impl.RaftServerImpl (RaftServerImpl.java:setRole(184)) - cccd55fe-f481-4e2b-93ed-b6a86d13c378@group-DABAD0E5FC92: changes role from      null to FOLLOWER at term 0 for startAsFollower
2019-10-15 16:29:32,133 [pool-47-thread-1] INFO  impl.RoleInfo (RoleInfo.java:updateAndGet(143)) - cccd55fe-f481-4e2b-93ed-b6a86d13c378: start FollowerState
2019-10-15 16:29:32,134 [pool-47-thread-1] INFO  util.JmxRegister (JmxRegister.java:tryRegister(44)) - Successfully registered JMX Bean with object name Ratis:service=RaftServer,group=group-DABAD0E5FC92,id=cccd55fe-f481-4e2b-93ed-b6a86d13c378
2019-10-15 16:29:32,163 [RatisPipelineUtilsThread] INFO  pipeline.PipelineStateManager (PipelineStateManager.java:addPipeline(56)) - Created pipeline Pipeline[ Id: 9506437f-d069-4efa-8441-dabad0e5fc92, Nodes: cccd55fe-f481-4e2b-93ed-b6a86d13c378{ip: 192.168.164.239, host: pr-hdds-2302-bqc8v-2513969318, networkLocation: /default-rack, certSerialId: null}, Type:RATIS, Factor:ONE, State:OPEN]
2019-10-15 16:29:32,186 [grpc-default-executor-0] INFO  impl.RaftServerProxy (RaftServerProxy.java:addNew(89)) - c48d8dfa-9e66-4eac-9ff2-02281a99dfa9: addNew group-5CA75C8C59DA:[c48d8dfa-9e66-4eac-9ff2-02281a99dfa9:192.168.164.239:41652] returns group-5CA75C8C59DA:java.util.concurrent.CompletableFuture@2e30d508[Not completed]
2019-10-15 16:29:32,188 [pool-57-thread-1] INFO  impl.RaftServerImpl (RaftServerImpl.java:<init>(104)) - c48d8dfa-9e66-4eac-9ff2-02281a99dfa9: new RaftServerImpl for group-5CA75C8C59DA:[c48d8dfa-9e66-4eac-9ff2-02281a99dfa9:192.168.164.239:41652] with ContainerStateMachine:uninitialized
2019-10-15 16:29:32,188 [pool-57-thread-1] INFO  server.RaftServerConfigKeys (ConfUtils.java:logGet(43)) - raft.server.rpc.timeout.min = 1s (custom)
2019-10-15 16:29:32,188 [pool-57-thread-1] INFO  server.RaftServerConfigKeys (ConfUtils.java:logGet(43)) - raft.server.rpc.timeout.max = 1200ms (custom)
2019-10-15 16:29:32,188 [pool-57-thread-1] INFO  server.RaftServerConfigKeys (ConfUtils.java:logGet(43)) - raft.server.rpcslowness.timeout = 120s (custom)
2019-10-15 16:29:32,188 [pool-57-thread-1] INFO  server.RaftServerConfigKeys (ConfUtils.java:logGet(43)) - raft.server.sleep.deviation.threshold = 300 (default)
2019-10-15 16:29:32,189 [pool-57-thread-1] INFO  server.RaftServerConfigKeys (ConfUtils.java:logGet(43)) - raft.server.log.appender.install.snapshot.enabled = false (custom)
2019-10-15 16:29:32,189 [pool-57-thread-1] INFO  impl.RaftServerImpl (ServerState.java:<init>(103)) - c48d8dfa-9e66-4eac-9ff2-02281a99dfa9@group-5CA75C8C59DA: ConfigurationManager, init=-1: [c48d8dfa-9e66-4eac-9ff2-02281a99dfa9:192.168.164.239:41652], old=null, confs=<EMPTY_MAP>
2019-10-15 16:29:32,189 [pool-57-thread-1] INFO  server.RaftServerConfigKeys (ConfUtils.java:logGet(43)) - raft.server.storage.dir = [/workdir/hadoop-ozone/integration-test/target/test-dir/MiniOzoneClusterImpl-beab53a1-ec34-46da-8591-07ed803d9383/datanode-3/data/ratis] (custom)
2019-10-15 16:29:32,189 [pool-57-thread-1] INFO  server.RaftServerConfigKeys (ConfUtils.java:logGet(43)) - raft.server.log.corruption.policy = EXCEPTION (default)
2019-10-15 16:29:32,190 [pool-57-thread-1] INFO  storage.RaftStorageDirectory (RaftStorageDirectory.java:analyzeStorage(246)) - The storage directory /workdir/hadoop-ozone/integration-test/target/test-dir/MiniOzoneClusterImpl-beab53a1-ec34-46da-8591-07ed803d9383/datanode-3/data/ratis/3b4a46b7-4a39-4a34-a44d-5ca75c8c59da does not exist. Creating ...
2019-10-15 16:29:32,215 [pool-57-thread-1] INFO  storage.RaftStorageDirectory (RaftStorageDirectory.java:tryLock(328)) - Lock on /workdir/hadoop-ozone/integration-test/target/test-dir/MiniOzoneClusterImpl-beab53a1-ec34-46da-8591-07ed803d9383/datanode-3/data/ratis/3b4a46b7-4a39-4a34-a44d-5ca75c8c59da/in_use.lock acquired by nodename 23904@pr-hdds-2302-bqc8v-2513969318
2019-10-15 16:29:32,229 [Thread-310] INFO  impl.FollowerState (FollowerState.java:run(108)) - 0bff853f-e43c-4347-b3e4-d8621042c42b@group-14241B0D5E3D-FollowerState: change to CANDIDATE, lastRpcTime:196ms, electionTimeout:196ms
2019-10-15 16:29:32,230 [Thread-310] INFO  impl.RoleInfo (RoleInfo.java:shutdownFollowerState(121)) - 0bff853f-e43c-4347-b3e4-d8621042c42b: shutdown FollowerState
2019-10-15 16:29:32,230 [Thread-310] INFO  impl.RaftServerImpl (RaftServerImpl.java:setRole(184)) - 0bff853f-e43c-4347-b3e4-d8621042c42b@group-14241B0D5E3D: changes role from  FOLLOWER to CANDIDATE at term 0 for changeToCandidate
2019-10-15 16:29:32,230 [Thread-310] INFO  impl.RoleInfo (RoleInfo.java:updateAndGet(143)) - 0bff853f-e43c-4347-b3e4-d8621042c42b: start LeaderElection
2019-10-15 16:29:32,246 [pool-57-thread-1] INFO  storage.RaftStorage (RaftStorage.java:format(84)) - Storage directory /workdir/hadoop-ozone/integration-test/target/test-dir/MiniOzoneClusterImpl-beab53a1-ec34-46da-8591-07ed803d9383/datanode-3/data/ratis/3b4a46b7-4a39-4a34-a44d-5ca75c8c59da has been successfully formatted.
2019-10-15 16:29:32,247 [pool-57-thread-1] INFO  ratis.ContainerStateMachine (ContainerStateMachine.java:loadSnapshot(231)) - group-5CA75C8C59DA: The snapshot info is null. Setting the last applied indexto:(t:0, i:~)
2019-10-15 16:29:32,247 [pool-57-thread-1] INFO  server.RaftServerConfigKeys (ConfUtils.java:logGet(43)) - raft.server.notification.no-leader.timeout = 120s (custom)
2019-10-15 16:29:32,247 [pool-57-thread-1] INFO  server.RaftServerConfigKeys (ConfUtils.java:logGet(43)) - raft.server.log.use.memory = false (default)
2019-10-15 16:29:32,247 [pool-57-thread-1] INFO  server.RaftServerConfigKeys (ConfUtils.java:logGet(43)) - raft.server.log.purge.gap = 1000000 (custom)
2019-10-15 16:29:32,247 [pool-57-thread-1] INFO  server.RaftServerConfigKeys (ConfUtils.java:logGet(43)) - raft.server.log.appender.buffer.byte-limit = 33554432 (custom)
2019-10-15 16:29:32,248 [pool-57-thread-1] INFO  server.RaftServerConfigKeys (ConfUtils.java:logGet(43)) - raft.server.log.segment.size.max = 1048576 (custom)
2019-10-15 16:29:32,250 [pool-57-thread-1] INFO  server.RaftServerConfigKeys (ConfUtils.java:logGet(43)) - raft.server.log.segment.cache.num.max = 2 (custom)
2019-10-15 16:29:32,250 [pool-57-thread-1] INFO  segmented.SegmentedRaftLogWorker (SegmentedRaftLogWorker.java:<init>(173)) - new c48d8dfa-9e66-4eac-9ff2-02281a99dfa9@group-5CA75C8C59DA-SegmentedRaftLogWorker for RaftStorage:Storage Directory /workdir/hadoop-ozone/integration-test/target/test-dir/MiniOzoneClusterImpl-beab53a1-ec34-46da-8591-07ed803d9383/datanode-3/data/ratis/3b4a46b7-4a39-4a34-a44d-5ca75c8c59da
2019-10-15 16:29:32,250 [pool-57-thread-1] INFO  server.RaftServerConfigKeys (ConfUtils.java:logGet(43)) - raft.server.log.queue.byte-limit = 2147483647 (custom)
2019-10-15 16:29:32,250 [pool-57-thread-1] INFO  server.RaftServerConfigKeys (ConfUtils.java:logGet(43)) - raft.server.log.queue.element-limit = 1024 (custom)
2019-10-15 16:29:32,250 [pool-57-thread-1] INFO  server.RaftServerConfigKeys (ConfUtils.java:logGet(43)) - raft.server.log.segment.size.max = 1048576 (custom)
2019-10-15 16:29:32,250 [pool-57-thread-1] INFO  server.RaftServerConfigKeys (ConfUtils.java:logGet(43)) - raft.server.log.preallocated.size = 16384 (custom)
2019-10-15 16:29:32,250 [pool-57-thread-1] INFO  server.RaftServerConfigKeys (ConfUtils.java:logGet(43)) - raft.server.log.write.buffer.size = 33554432 (custom)
2019-10-15 16:29:32,250 [pool-57-thread-1] INFO  server.RaftServerConfigKeys (ConfUtils.java:logGet(43)) - raft.server.log.force.sync.num = 128 (default)
2019-10-15 16:29:32,251 [pool-57-thread-1] INFO  server.RaftServerConfigKeys (ConfUtils.java:logGet(43)) - raft.server.log.statemachine.data.sync = true (default)
2019-10-15 16:29:32,251 [pool-57-thread-1] INFO  server.RaftServerConfigKeys (ConfUtils.java:logGet(43)) - raft.server.log.statemachine.data.sync.timeout = 10s (default)
2019-10-15 16:29:32,251 [pool-57-thread-1] INFO  server.RaftServerConfigKeys (ConfUtils.java:logGet(43)) - raft.server.log.statemachine.data.sync.timeout.retry = -1 (default)
2019-10-15 16:29:32,251 [pool-57-thread-1] INFO  server.RaftServerConfigKeys (ConfUtils.java:logGet(43)) - raft.server.log.statemachine.data.caching.enabled = true (custom)
2019-10-15 16:29:32,255 [pool-57-thread-1] INFO  segmented.SegmentedRaftLogWorker (SegmentedRaftLogWorker.java:lambda$new$0(128)) - c48d8dfa-9e66-4eac-9ff2-02281a99dfa9@group-5CA75C8C59DA-SegmentedRaftLogWorker: flushIndex: setUnconditionally 0 -> -1
2019-10-15 16:29:32,255 [pool-57-thread-1] INFO  server.RaftServerConfigKeys (ConfUtils.java:logGet(43)) - raft.server.snapshot.auto.trigger.enabled = true (custom)
2019-10-15 16:29:32,255 [pool-57-thread-1] INFO  server.RaftServerConfigKeys (ConfUtils.java:logGet(43)) - raft.server.snapshot.auto.trigger.threshold = 10000 (custom)
2019-10-15 16:29:32,256 [pool-57-thread-1] INFO  server.RaftServerConfigKeys (ConfUtils.java:logGet(43)) - raft.server.snapshot.retention.file.num = 5 (custom)
2019-10-15 16:29:32,256 [pool-57-thread-1] INFO  server.RaftServerConfigKeys (ConfUtils.java:logGet(43)) - raft.server.retrycache.expirytime = 600000ms (custom)
2019-10-15 16:29:32,260 [pool-57-thread-1] INFO  impl.RaftServerImpl (RaftServerImpl.java:start(195)) - c48d8dfa-9e66-4eac-9ff2-02281a99dfa9@group-5CA75C8C59DA: start as a follower, conf=-1: [c48d8dfa-9e66-4eac-9ff2-02281a99dfa9:192.168.164.239:41652], old=null
2019-10-15 16:29:32,260 [pool-57-thread-1] INFO  impl.RaftServerImpl (RaftServerImpl.java:setRole(184)) - c48d8dfa-9e66-4eac-9ff2-02281a99dfa9@group-5CA75C8C59DA: changes role from      null to FOLLOWER at term 0 for startAsFollower
2019-10-15 16:29:32,261 [pool-57-thread-1] INFO  impl.RoleInfo (RoleInfo.java:updateAndGet(143)) - c48d8dfa-9e66-4eac-9ff2-02281a99dfa9: start FollowerState
2019-10-15 16:29:32,261 [pool-57-thread-1] INFO  util.JmxRegister (JmxRegister.java:tryRegister(44)) - Successfully registered JMX Bean with object name Ratis:service=RaftServer,group=group-5CA75C8C59DA,id=c48d8dfa-9e66-4eac-9ff2-02281a99dfa9
2019-10-15 16:29:32,263 [0bff853f-e43c-4347-b3e4-d8621042c42b@group-14241B0D5E3D-LeaderElection6] INFO  impl.LeaderElection (LeaderElection.java:askForVotes(178)) - 0bff853f-e43c-4347-b3e4-d8621042c42b@group-14241B0D5E3D-LeaderElection6: begin an election at term 1 for -1: [0bff853f-e43c-4347-b3e4-d8621042c42b:192.168.164.239:34619], old=null
2019-10-15 16:29:32,263 [0bff853f-e43c-4347-b3e4-d8621042c42b@group-14241B0D5E3D-LeaderElection6] INFO  impl.RoleInfo (RoleInfo.java:shutdownLeaderElection(134)) - 0bff853f-e43c-4347-b3e4-d8621042c42b: shutdown LeaderElection
2019-10-15 16:29:32,264 [0bff853f-e43c-4347-b3e4-d8621042c42b@group-14241B0D5E3D-LeaderElection6] INFO  impl.RaftServerImpl (RaftServerImpl.java:setRole(184)) - 0bff853f-e43c-4347-b3e4-d8621042c42b@group-14241B0D5E3D: changes role from CANDIDATE to LEADER at term 1 for changeToLeader
2019-10-15 16:29:32,264 [0bff853f-e43c-4347-b3e4-d8621042c42b@group-14241B0D5E3D-LeaderElection6] INFO  impl.RaftServerImpl (ServerState.java:setLeader(256)) - 0bff853f-e43c-4347-b3e4-d8621042c42b@group-14241B0D5E3D: change Leader from null to 0bff853f-e43c-4347-b3e4-d8621042c42b at term 1 for becomeLeader, leader elected after 247ms
2019-10-15 16:29:32,264 [0bff853f-e43c-4347-b3e4-d8621042c42b@group-14241B0D5E3D-LeaderElection6] INFO  server.RaftServerConfigKeys (ConfUtils.java:logGet(43)) - raft.server.staging.catchup.gap = 1000 (default)
2019-10-15 16:29:32,264 [0bff853f-e43c-4347-b3e4-d8621042c42b@group-14241B0D5E3D-LeaderElection6] INFO  server.RaftServerConfigKeys (ConfUtils.java:logGet(43)) - raft.server.rpc.sleep.time = 25ms (default)
2019-10-15 16:29:32,264 [0bff853f-e43c-4347-b3e4-d8621042c42b@group-14241B0D5E3D-LeaderElection6] INFO  server.RaftServerConfigKeys (ConfUtils.java:logGet(43)) - raft.server.write.element-limit = 4096 (default)
2019-10-15 16:29:32,264 [0bff853f-e43c-4347-b3e4-d8621042c42b@group-14241B0D5E3D-LeaderElection6] INFO  server.RaftServerConfigKeys (ConfUtils.java:logGet(43)) - raft.server.watch.timeout = 10s (default)
2019-10-15 16:29:32,264 [0bff853f-e43c-4347-b3e4-d8621042c42b@group-14241B0D5E3D-LeaderElection6] INFO  server.RaftServerConfigKeys (ConfUtils.java:logGet(43)) - raft.server.watch.timeout.denomination = 1s (default)
2019-10-15 16:29:32,264 [0bff853f-e43c-4347-b3e4-d8621042c42b@group-14241B0D5E3D-LeaderElection6] INFO  server.RaftServerConfigKeys (ConfUtils.java:logGet(43)) - raft.server.watch.element-limit = 65536 (default)
2019-10-15 16:29:32,275 [0bff853f-e43c-4347-b3e4-d8621042c42b@group-14241B0D5E3D-LeaderElection6] INFO  impl.RoleInfo (RoleInfo.java:updateAndGet(143)) - 0bff853f-e43c-4347-b3e4-d8621042c42b: start LeaderState
2019-10-15 16:29:32,275 [0bff853f-e43c-4347-b3e4-d8621042c42b@group-14241B0D5E3D-LeaderElection6] INFO  segmented.SegmentedRaftLogWorker (SegmentedRaftLogWorker.java:startLogSegment(385)) - 0bff853f-e43c-4347-b3e4-d8621042c42b@group-14241B0D5E3D-SegmentedRaftLogWorker: Starting segment from index:0
2019-10-15 16:29:32,276 [0bff853f-e43c-4347-b3e4-d8621042c42b@group-14241B0D5E3D-LeaderElection6] INFO  impl.RaftServerImpl (ServerState.java:setRaftConf(357)) - 0bff853f-e43c-4347-b3e4-d8621042c42b@group-14241B0D5E3D: set configuration 0: [0bff853f-e43c-4347-b3e4-d8621042c42b:192.168.164.239:34619], old=null at 0
2019-10-15 16:29:32,276 [RatisPipelineUtilsThread] INFO  pipeline.PipelineStateManager (PipelineStateManager.java:addPipeline(56)) - Created pipeline Pipeline[ Id: 3b4a46b7-4a39-4a34-a44d-5ca75c8c59da, Nodes: c48d8dfa-9e66-4eac-9ff2-02281a99dfa9{ip: 192.168.164.239, host: pr-hdds-2302-bqc8v-2513969318, networkLocation: /default-rack, certSerialId: null}, Type:RATIS, Factor:ONE, State:OPEN]
2019-10-15 16:29:32,309 [Thread-313] INFO  impl.FollowerState (FollowerState.java:run(108)) - cccd55fe-f481-4e2b-93ed-b6a86d13c378@group-DABAD0E5FC92-FollowerState: change to CANDIDATE, lastRpcTime:175ms, electionTimeout:175ms
2019-10-15 16:29:32,311 [Thread-313] INFO  impl.RoleInfo (RoleInfo.java:shutdownFollowerState(121)) - cccd55fe-f481-4e2b-93ed-b6a86d13c378: shutdown FollowerState
2019-10-15 16:29:32,311 [Thread-313] INFO  impl.RaftServerImpl (RaftServerImpl.java:setRole(184)) - cccd55fe-f481-4e2b-93ed-b6a86d13c378@group-DABAD0E5FC92: changes role from  FOLLOWER to CANDIDATE at term 0 for changeToCandidate
2019-10-15 16:29:32,311 [Thread-313] INFO  impl.RoleInfo (RoleInfo.java:updateAndGet(143)) - cccd55fe-f481-4e2b-93ed-b6a86d13c378: start LeaderElection
2019-10-15 16:29:32,328 [grpc-default-executor-0] INFO  impl.RaftServerProxy (RaftServerProxy.java:addNew(89)) - 24ee8ff7-dd07-49e6-bbcb-bb50ff0e8e36: addNew group-C3651DFFF6A6:[24ee8ff7-dd07-49e6-bbcb-bb50ff0e8e36:192.168.164.239:45096] returns group-C3651DFFF6A6:java.util.concurrent.CompletableFuture@26aaeeb7[Not completed]
2019-10-15 16:29:32,330 [pool-97-thread-1] INFO  impl.RaftServerImpl (RaftServerImpl.java:<init>(104)) - 24ee8ff7-dd07-49e6-bbcb-bb50ff0e8e36: new RaftServerImpl for group-C3651DFFF6A6:[24ee8ff7-dd07-49e6-bbcb-bb50ff0e8e36:192.168.164.239:45096] with ContainerStateMachine:uninitialized
2019-10-15 16:29:32,330 [pool-97-thread-1] INFO  server.RaftServerConfigKeys (ConfUtils.java:logGet(43)) - raft.server.rpc.timeout.min = 1s (custom)
2019-10-15 16:29:32,330 [pool-97-thread-1] INFO  server.RaftServerConfigKeys (ConfUtils.java:logGet(43)) - raft.server.rpc.timeout.max = 1200ms (custom)
2019-10-15 16:29:32,330 [pool-97-thread-1] INFO  server.RaftServerConfigKeys (ConfUtils.java:logGet(43)) - raft.server.rpcslowness.timeout = 120s (custom)
2019-10-15 16:29:32,330 [pool-97-thread-1] INFO  server.RaftServerConfigKeys (ConfUtils.java:logGet(43)) - raft.server.sleep.deviation.threshold = 300 (default)
2019-10-15 16:29:32,330 [0bff853f-e43c-4347-b3e4-d8621042c42b@group-14241B0D5E3D-SegmentedRaftLogWorker] INFO  segmented.SegmentedRaftLogWorker (SegmentedRaftLogWorker.java:execute(576)) - 0bff853f-e43c-4347-b3e4-d8621042c42b@group-14241B0D5E3D-SegmentedRaftLogWorker: created new log segment /workdir/hadoop-ozone/integration-test/target/test-dir/MiniOzoneClusterImpl-beab53a1-ec34-46da-8591-07ed803d9383/datanode-1/data/ratis/e1144fad-7610-47bd-ac0b-14241b0d5e3d/current/log_inprogress_0
2019-10-15 16:29:32,330 [pool-97-thread-1] INFO  server.RaftServerConfigKeys (ConfUtils.java:logGet(43)) - raft.server.log.appender.install.snapshot.enabled = false (custom)
2019-10-15 16:29:32,331 [pool-97-thread-1] INFO  impl.RaftServerImpl (ServerState.java:<init>(103)) - 24ee8ff7-dd07-49e6-bbcb-bb50ff0e8e36@group-C3651DFFF6A6: ConfigurationManager, init=-1: [24ee8ff7-dd07-49e6-bbcb-bb50ff0e8e36:192.168.164.239:45096], old=null, confs=<EMPTY_MAP>
2019-10-15 16:29:32,331 [pool-97-thread-1] INFO  server.RaftServerConfigKeys (ConfUtils.java:logGet(43)) - raft.server.storage.dir = [/workdir/hadoop-ozone/integration-test/target/test-dir/MiniOzoneClusterImpl-beab53a1-ec34-46da-8591-07ed803d9383/datanode-7/data/ratis] (custom)
2019-10-15 16:29:32,331 [pool-97-thread-1] INFO  server.RaftServerConfigKeys (ConfUtils.java:logGet(43)) - raft.server.log.corruption.policy = EXCEPTION (default)
2019-10-15 16:29:32,331 [pool-97-thread-1] INFO  storage.RaftStorageDirectory (RaftStorageDirectory.java:analyzeStorage(246)) - The storage directory /workdir/hadoop-ozone/integration-test/target/test-dir/MiniOzoneClusterImpl-beab53a1-ec34-46da-8591-07ed803d9383/datanode-7/data/ratis/e1400a60-6b27-4533-b681-c3651dfff6a6 does not exist. Creating ...
2019-10-15 16:29:32,352 [pool-97-thread-1] INFO  storage.RaftStorageDirectory (RaftStorageDirectory.java:tryLock(328)) - Lock on /workdir/hadoop-ozone/integration-test/target/test-dir/MiniOzoneClusterImpl-beab53a1-ec34-46da-8591-07ed803d9383/datanode-7/data/ratis/e1400a60-6b27-4533-b681-c3651dfff6a6/in_use.lock acquired by nodename 23904@pr-hdds-2302-bqc8v-2513969318
2019-10-15 16:29:32,353 [cccd55fe-f481-4e2b-93ed-b6a86d13c378@group-DABAD0E5FC92-LeaderElection7] INFO  impl.LeaderElection (LeaderElection.java:askForVotes(178)) - cccd55fe-f481-4e2b-93ed-b6a86d13c378@group-DABAD0E5FC92-LeaderElection7: begin an election at term 1 for -1: [cccd55fe-f481-4e2b-93ed-b6a86d13c378:192.168.164.239:35771], old=null
2019-10-15 16:29:32,353 [cccd55fe-f481-4e2b-93ed-b6a86d13c378@group-DABAD0E5FC92-LeaderElection7] INFO  impl.RoleInfo (RoleInfo.java:shutdownLeaderElection(134)) - cccd55fe-f481-4e2b-93ed-b6a86d13c378: shutdown LeaderElection
2019-10-15 16:29:32,353 [cccd55fe-f481-4e2b-93ed-b6a86d13c378@group-DABAD0E5FC92-LeaderElection7] INFO  impl.RaftServerImpl (RaftServerImpl.java:setRole(184)) - cccd55fe-f481-4e2b-93ed-b6a86d13c378@group-DABAD0E5FC92: changes role from CANDIDATE to LEADER at term 1 for changeToLeader
2019-10-15 16:29:32,353 [cccd55fe-f481-4e2b-93ed-b6a86d13c378@group-DABAD0E5FC92-LeaderElection7] INFO  impl.RaftServerImpl (ServerState.java:setLeader(256)) - cccd55fe-f481-4e2b-93ed-b6a86d13c378@group-DABAD0E5FC92: change Leader from null to cccd55fe-f481-4e2b-93ed-b6a86d13c378 at term 1 for becomeLeader, leader elected after 231ms
2019-10-15 16:29:32,353 [cccd55fe-f481-4e2b-93ed-b6a86d13c378@group-DABAD0E5FC92-LeaderElection7] INFO  server.RaftServerConfigKeys (ConfUtils.java:logGet(43)) - raft.server.staging.catchup.gap = 1000 (default)
2019-10-15 16:29:32,353 [cccd55fe-f481-4e2b-93ed-b6a86d13c378@group-DABAD0E5FC92-LeaderElection7] INFO  server.RaftServerConfigKeys (ConfUtils.java:logGet(43)) - raft.server.rpc.sleep.time = 25ms (default)
2019-10-15 16:29:32,354 [cccd55fe-f481-4e2b-93ed-b6a86d13c378@group-DABAD0E5FC92-LeaderElection7] INFO  server.RaftServerConfigKeys (ConfUtils.java:logGet(43)) - raft.server.write.element-limit = 4096 (default)
2019-10-15 16:29:32,354 [cccd55fe-f481-4e2b-93ed-b6a86d13c378@group-DABAD0E5FC92-LeaderElection7] INFO  server.RaftServerConfigKeys (ConfUtils.java:logGet(43)) - raft.server.watch.timeout = 10s (default)
2019-10-15 16:29:32,354 [cccd55fe-f481-4e2b-93ed-b6a86d13c378@group-DABAD0E5FC92-LeaderElection7] INFO  server.RaftServerConfigKeys (ConfUtils.java:logGet(43)) - raft.server.watch.timeout.denomination = 1s (default)
2019-10-15 16:29:32,354 [cccd55fe-f481-4e2b-93ed-b6a86d13c378@group-DABAD0E5FC92-LeaderElection7] INFO  server.RaftServerConfigKeys (ConfUtils.java:logGet(43)) - raft.server.watch.element-limit = 65536 (default)
2019-10-15 16:29:32,357 [cccd55fe-f481-4e2b-93ed-b6a86d13c378@group-DABAD0E5FC92-LeaderElection7] INFO  impl.RoleInfo (RoleInfo.java:updateAndGet(143)) - cccd55fe-f481-4e2b-93ed-b6a86d13c378: start LeaderState
2019-10-15 16:29:32,358 [cccd55fe-f481-4e2b-93ed-b6a86d13c378@group-DABAD0E5FC92-LeaderElection7] INFO  segmented.SegmentedRaftLogWorker (SegmentedRaftLogWorker.java:startLogSegment(385)) - cccd55fe-f481-4e2b-93ed-b6a86d13c378@group-DABAD0E5FC92-SegmentedRaftLogWorker: Starting segment from index:0
2019-10-15 16:29:32,358 [cccd55fe-f481-4e2b-93ed-b6a86d13c378@group-DABAD0E5FC92-LeaderElection7] INFO  impl.RaftServerImpl (ServerState.java:setRaftConf(357)) - cccd55fe-f481-4e2b-93ed-b6a86d13c378@group-DABAD0E5FC92: set configuration 0: [cccd55fe-f481-4e2b-93ed-b6a86d13c378:192.168.164.239:35771], old=null at 0
2019-10-15 16:29:32,386 [Thread-318] INFO  impl.FollowerState (FollowerState.java:run(108)) - c48d8dfa-9e66-4eac-9ff2-02281a99dfa9@group-5CA75C8C59DA-FollowerState: change to CANDIDATE, lastRpcTime:125ms, electionTimeout:102ms
2019-10-15 16:29:32,386 [pool-97-thread-1] INFO  storage.RaftStorage (RaftStorage.java:format(84)) - Storage directory /workdir/hadoop-ozone/integration-test/target/test-dir/MiniOzoneClusterImpl-beab53a1-ec34-46da-8591-07ed803d9383/datanode-7/data/ratis/e1400a60-6b27-4533-b681-c3651dfff6a6 has been successfully formatted.
2019-10-15 16:29:32,386 [Thread-318] INFO  impl.RoleInfo (RoleInfo.java:shutdownFollowerState(121)) - c48d8dfa-9e66-4eac-9ff2-02281a99dfa9: shutdown FollowerState
2019-10-15 16:29:32,386 [Thread-318] INFO  impl.RaftServerImpl (RaftServerImpl.java:setRole(184)) - c48d8dfa-9e66-4eac-9ff2-02281a99dfa9@group-5CA75C8C59DA: changes role from  FOLLOWER to CANDIDATE at term 0 for changeToCandidate
2019-10-15 16:29:32,386 [pool-97-thread-1] INFO  ratis.ContainerStateMachine (ContainerStateMachine.java:loadSnapshot(231)) - group-C3651DFFF6A6: The snapshot info is null. Setting the last applied indexto:(t:0, i:~)
2019-10-15 16:29:32,386 [Thread-318] INFO  impl.RoleInfo (RoleInfo.java:updateAndGet(143)) - c48d8dfa-9e66-4eac-9ff2-02281a99dfa9: start LeaderElection
2019-10-15 16:29:32,386 [pool-97-thread-1] INFO  server.RaftServerConfigKeys (ConfUtils.java:logGet(43)) - raft.server.notification.no-leader.timeout = 120s (custom)
2019-10-15 16:29:32,388 [pool-97-thread-1] INFO  server.RaftServerConfigKeys (ConfUtils.java:logGet(43)) - raft.server.log.use.memory = false (default)
2019-10-15 16:29:32,391 [pool-97-thread-1] INFO  server.RaftServerConfigKeys (ConfUtils.java:logGet(43)) - raft.server.log.purge.gap = 1000000 (custom)
2019-10-15 16:29:32,392 [pool-97-thread-1] INFO  server.RaftServerConfigKeys (ConfUtils.java:logGet(43)) - raft.server.log.appender.buffer.byte-limit = 33554432 (custom)
2019-10-15 16:29:32,392 [pool-97-thread-1] INFO  server.RaftServerConfigKeys (ConfUtils.java:logGet(43)) - raft.server.log.segment.size.max = 1048576 (custom)
2019-10-15 16:29:32,394 [pool-97-thread-1] INFO  server.RaftServerConfigKeys (ConfUtils.java:logGet(43)) - raft.server.log.segment.cache.num.max = 2 (custom)
2019-10-15 16:29:32,394 [pool-97-thread-1] INFO  segmented.SegmentedRaftLogWorker (SegmentedRaftLogWorker.java:<init>(173)) - new 24ee8ff7-dd07-49e6-bbcb-bb50ff0e8e36@group-C3651DFFF6A6-SegmentedRaftLogWorker for RaftStorage:Storage Directory /workdir/hadoop-ozone/integration-test/target/test-dir/MiniOzoneClusterImpl-beab53a1-ec34-46da-8591-07ed803d9383/datanode-7/data/ratis/e1400a60-6b27-4533-b681-c3651dfff6a6
2019-10-15 16:29:32,395 [pool-97-thread-1] INFO  server.RaftServerConfigKeys (ConfUtils.java:logGet(43)) - raft.server.log.queue.byte-limit = 2147483647 (custom)
2019-10-15 16:29:32,395 [pool-97-thread-1] INFO  server.RaftServerConfigKeys (ConfUtils.java:logGet(43)) - raft.server.log.queue.element-limit = 1024 (custom)
2019-10-15 16:29:32,395 [pool-97-thread-1] INFO  server.RaftServerConfigKeys (ConfUtils.java:logGet(43)) - raft.server.log.segment.size.max = 1048576 (custom)
2019-10-15 16:29:32,395 [pool-97-thread-1] INFO  server.RaftServerConfigKeys (ConfUtils.java:logGet(43)) - raft.server.log.preallocated.size = 16384 (custom)
2019-10-15 16:29:32,395 [pool-97-thread-1] INFO  server.RaftServerConfigKeys (ConfUtils.java:logGet(43)) - raft.server.log.write.buffer.size = 33554432 (custom)
2019-10-15 16:29:32,395 [pool-97-thread-1] INFO  server.RaftServerConfigKeys (ConfUtils.java:logGet(43)) - raft.server.log.force.sync.num = 128 (default)
2019-10-15 16:29:32,395 [pool-97-thread-1] INFO  server.RaftServerConfigKeys (ConfUtils.java:logGet(43)) - raft.server.log.statemachine.data.sync = true (default)
2019-10-15 16:29:32,396 [pool-97-thread-1] INFO  server.RaftServerConfigKeys (ConfUtils.java:logGet(43)) - raft.server.log.statemachine.data.sync.timeout = 10s (default)
2019-10-15 16:29:32,396 [pool-97-thread-1] INFO  server.RaftServerConfigKeys (ConfUtils.java:logGet(43)) - raft.server.log.statemachine.data.sync.timeout.retry = -1 (default)
2019-10-15 16:29:32,396 [pool-97-thread-1] INFO  server.RaftServerConfigKeys (ConfUtils.java:logGet(43)) - raft.server.log.statemachine.data.caching.enabled = true (custom)
2019-10-15 16:29:32,397 [pool-97-thread-1] INFO  segmented.SegmentedRaftLogWorker (SegmentedRaftLogWorker.java:lambda$new$0(128)) - 24ee8ff7-dd07-49e6-bbcb-bb50ff0e8e36@group-C3651DFFF6A6-SegmentedRaftLogWorker: flushIndex: setUnconditionally 0 -> -1
2019-10-15 16:29:32,397 [pool-97-thread-1] INFO  server.RaftServerConfigKeys (ConfUtils.java:logGet(43)) - raft.server.snapshot.auto.trigger.enabled = true (custom)
2019-10-15 16:29:32,397 [pool-97-thread-1] INFO  server.RaftServerConfigKeys (ConfUtils.java:logGet(43)) - raft.server.snapshot.auto.trigger.threshold = 10000 (custom)
2019-10-15 16:29:32,397 [pool-97-thread-1] INFO  server.RaftServerConfigKeys (ConfUtils.java:logGet(43)) - raft.server.snapshot.retention.file.num = 5 (custom)
2019-10-15 16:29:32,398 [pool-97-thread-1] INFO  server.RaftServerConfigKeys (ConfUtils.java:logGet(43)) - raft.server.retrycache.expirytime = 600000ms (custom)
2019-10-15 16:29:32,402 [pool-97-thread-1] INFO  impl.RaftServerImpl (RaftServerImpl.java:start(195)) - 24ee8ff7-dd07-49e6-bbcb-bb50ff0e8e36@group-C3651DFFF6A6: start as a follower, conf=-1: [24ee8ff7-dd07-49e6-bbcb-bb50ff0e8e36:192.168.164.239:45096], old=null
2019-10-15 16:29:32,402 [pool-97-thread-1] INFO  impl.RaftServerImpl (RaftServerImpl.java:setRole(184)) - 24ee8ff7-dd07-49e6-bbcb-bb50ff0e8e36@group-C3651DFFF6A6: changes role from      null to FOLLOWER at term 0 for startAsFollower
2019-10-15 16:29:32,402 [pool-97-thread-1] INFO  impl.RoleInfo (RoleInfo.java:updateAndGet(143)) - 24ee8ff7-dd07-49e6-bbcb-bb50ff0e8e36: start FollowerState
2019-10-15 16:29:32,403 [pool-97-thread-1] INFO  util.JmxRegister (JmxRegister.java:tryRegister(44)) - Successfully registered JMX Bean with object name Ratis:service=RaftServer,group=group-C3651DFFF6A6,id=24ee8ff7-dd07-49e6-bbcb-bb50ff0e8e36
2019-10-15 16:29:32,416 [cccd55fe-f481-4e2b-93ed-b6a86d13c378@group-DABAD0E5FC92-SegmentedRaftLogWorker] INFO  segmented.SegmentedRaftLogWorker (SegmentedRaftLogWorker.java:execute(576)) - cccd55fe-f481-4e2b-93ed-b6a86d13c378@group-DABAD0E5FC92-SegmentedRaftLogWorker: created new log segment /workdir/hadoop-ozone/integration-test/target/test-dir/MiniOzoneClusterImpl-beab53a1-ec34-46da-8591-07ed803d9383/datanode-2/data/ratis/9506437f-d069-4efa-8441-dabad0e5fc92/current/log_inprogress_0
2019-10-15 16:29:32,416 [c48d8dfa-9e66-4eac-9ff2-02281a99dfa9@group-5CA75C8C59DA-LeaderElection8] INFO  impl.LeaderElection (LeaderElection.java:askForVotes(178)) - c48d8dfa-9e66-4eac-9ff2-02281a99dfa9@group-5CA75C8C59DA-LeaderElection8: begin an election at term 1 for -1: [c48d8dfa-9e66-4eac-9ff2-02281a99dfa9:192.168.164.239:41652], old=null
2019-10-15 16:29:32,417 [c48d8dfa-9e66-4eac-9ff2-02281a99dfa9@group-5CA75C8C59DA-LeaderElection8] INFO  impl.RoleInfo (RoleInfo.java:shutdownLeaderElection(134)) - c48d8dfa-9e66-4eac-9ff2-02281a99dfa9: shutdown LeaderElection
2019-10-15 16:29:32,417 [c48d8dfa-9e66-4eac-9ff2-02281a99dfa9@group-5CA75C8C59DA-LeaderElection8] INFO  impl.RaftServerImpl (RaftServerImpl.java:setRole(184)) - c48d8dfa-9e66-4eac-9ff2-02281a99dfa9@group-5CA75C8C59DA: changes role from CANDIDATE to LEADER at term 1 for changeToLeader
2019-10-15 16:29:32,417 [c48d8dfa-9e66-4eac-9ff2-02281a99dfa9@group-5CA75C8C59DA-LeaderElection8] INFO  impl.RaftServerImpl (ServerState.java:setLeader(256)) - c48d8dfa-9e66-4eac-9ff2-02281a99dfa9@group-5CA75C8C59DA: change Leader from null to c48d8dfa-9e66-4eac-9ff2-02281a99dfa9 at term 1 for becomeLeader, leader elected after 169ms
2019-10-15 16:29:32,417 [c48d8dfa-9e66-4eac-9ff2-02281a99dfa9@group-5CA75C8C59DA-LeaderElection8] INFO  server.RaftServerConfigKeys (ConfUtils.java:logGet(43)) - raft.server.staging.catchup.gap = 1000 (default)
2019-10-15 16:29:32,417 [c48d8dfa-9e66-4eac-9ff2-02281a99dfa9@group-5CA75C8C59DA-LeaderElection8] INFO  server.RaftServerConfigKeys (ConfUtils.java:logGet(43)) - raft.server.rpc.sleep.time = 25ms (default)
2019-10-15 16:29:32,417 [RatisPipelineUtilsThread] INFO  pipeline.PipelineStateManager (PipelineStateManager.java:addPipeline(56)) - Created pipeline Pipeline[ Id: e1400a60-6b27-4533-b681-c3651dfff6a6, Nodes: 24ee8ff7-dd07-49e6-bbcb-bb50ff0e8e36{ip: 192.168.164.239, host: pr-hdds-2302-bqc8v-2513969318, networkLocation: /default-rack, certSerialId: null}, Type:RATIS, Factor:ONE, State:OPEN]
2019-10-15 16:29:32,417 [c48d8dfa-9e66-4eac-9ff2-02281a99dfa9@group-5CA75C8C59DA-LeaderElection8] INFO  server.RaftServerConfigKeys (ConfUtils.java:logGet(43)) - raft.server.write.element-limit = 4096 (default)
2019-10-15 16:29:32,418 [c48d8dfa-9e66-4eac-9ff2-02281a99dfa9@group-5CA75C8C59DA-LeaderElection8] INFO  server.RaftServerConfigKeys (ConfUtils.java:logGet(43)) - raft.server.watch.timeout = 10s (default)
2019-10-15 16:29:32,418 [c48d8dfa-9e66-4eac-9ff2-02281a99dfa9@group-5CA75C8C59DA-LeaderElection8] INFO  server.RaftServerConfigKeys (ConfUtils.java:logGet(43)) - raft.server.watch.timeout.denomination = 1s (default)
2019-10-15 16:29:32,418 [c48d8dfa-9e66-4eac-9ff2-02281a99dfa9@group-5CA75C8C59DA-LeaderElection8] INFO  server.RaftServerConfigKeys (ConfUtils.java:logGet(43)) - raft.server.watch.element-limit = 65536 (default)
2019-10-15 16:29:32,421 [c48d8dfa-9e66-4eac-9ff2-02281a99dfa9@group-5CA75C8C59DA-LeaderElection8] INFO  impl.RoleInfo (RoleInfo.java:updateAndGet(143)) - c48d8dfa-9e66-4eac-9ff2-02281a99dfa9: start LeaderState
2019-10-15 16:29:32,422 [c48d8dfa-9e66-4eac-9ff2-02281a99dfa9@group-5CA75C8C59DA-LeaderElection8] INFO  segmented.SegmentedRaftLogWorker (SegmentedRaftLogWorker.java:startLogSegment(385)) - c48d8dfa-9e66-4eac-9ff2-02281a99dfa9@group-5CA75C8C59DA-SegmentedRaftLogWorker: Starting segment from index:0
2019-10-15 16:29:32,423 [c48d8dfa-9e66-4eac-9ff2-02281a99dfa9@group-5CA75C8C59DA-LeaderElection8] INFO  impl.RaftServerImpl (ServerState.java:setRaftConf(357)) - c48d8dfa-9e66-4eac-9ff2-02281a99dfa9@group-5CA75C8C59DA: set configuration 0: [c48d8dfa-9e66-4eac-9ff2-02281a99dfa9:192.168.164.239:41652], old=null at 0
2019-10-15 16:29:32,465 [Thread-325] INFO  impl.FollowerState (FollowerState.java:run(108)) - 24ee8ff7-dd07-49e6-bbcb-bb50ff0e8e36@group-C3651DFFF6A6-FollowerState: change to CANDIDATE, lastRpcTime:62ms, electionTimeout:57ms
2019-10-15 16:29:32,465 [Thread-325] INFO  impl.RoleInfo (RoleInfo.java:shutdownFollowerState(121)) - 24ee8ff7-dd07-49e6-bbcb-bb50ff0e8e36: shutdown FollowerState
2019-10-15 16:29:32,465 [Thread-325] INFO  impl.RaftServerImpl (RaftServerImpl.java:setRole(184)) - 24ee8ff7-dd07-49e6-bbcb-bb50ff0e8e36@group-C3651DFFF6A6: changes role from  FOLLOWER to CANDIDATE at term 0 for changeToCandidate
2019-10-15 16:29:32,466 [Thread-325] INFO  impl.RoleInfo (RoleInfo.java:updateAndGet(143)) - 24ee8ff7-dd07-49e6-bbcb-bb50ff0e8e36: start LeaderElection
2019-10-15 16:29:32,482 [c48d8dfa-9e66-4eac-9ff2-02281a99dfa9@group-5CA75C8C59DA-SegmentedRaftLogWorker] INFO  segmented.SegmentedRaftLogWorker (SegmentedRaftLogWorker.java:execute(576)) - c48d8dfa-9e66-4eac-9ff2-02281a99dfa9@group-5CA75C8C59DA-SegmentedRaftLogWorker: created new log segment /workdir/hadoop-ozone/integration-test/target/test-dir/MiniOzoneClusterImpl-beab53a1-ec34-46da-8591-07ed803d9383/datanode-3/data/ratis/3b4a46b7-4a39-4a34-a44d-5ca75c8c59da/current/log_inprogress_0
2019-10-15 16:29:32,488 [grpc-default-executor-0] INFO  impl.RaftServerProxy (RaftServerProxy.java:addNew(89)) - ad489b75-c750-46bb-a6b1-c18f7705b7c2: addNew group-FAE2CD9ED63A:[ad489b75-c750-46bb-a6b1-c18f7705b7c2:192.168.164.239:37012] returns group-FAE2CD9ED63A:java.util.concurrent.CompletableFuture@6005f702[Not completed]
2019-10-15 16:29:32,491 [pool-117-thread-1] INFO  impl.RaftServerImpl (RaftServerImpl.java:<init>(104)) - ad489b75-c750-46bb-a6b1-c18f7705b7c2: new RaftServerImpl for group-FAE2CD9ED63A:[ad489b75-c750-46bb-a6b1-c18f7705b7c2:192.168.164.239:37012] with ContainerStateMachine:uninitialized
2019-10-15 16:29:32,491 [pool-117-thread-1] INFO  server.RaftServerConfigKeys (ConfUtils.java:logGet(43)) - raft.server.rpc.timeout.min = 1s (custom)
2019-10-15 16:29:32,491 [pool-117-thread-1] INFO  server.RaftServerConfigKeys (ConfUtils.java:logGet(43)) - raft.server.rpc.timeout.max = 1200ms (custom)
2019-10-15 16:29:32,492 [pool-117-thread-1] INFO  server.RaftServerConfigKeys (ConfUtils.java:logGet(43)) - raft.server.rpcslowness.timeout = 120s (custom)
2019-10-15 16:29:32,492 [pool-117-thread-1] INFO  server.RaftServerConfigKeys (ConfUtils.java:logGet(43)) - raft.server.sleep.deviation.threshold = 300 (default)
2019-10-15 16:29:32,492 [pool-117-thread-1] INFO  server.RaftServerConfigKeys (ConfUtils.java:logGet(43)) - raft.server.log.appender.install.snapshot.enabled = false (custom)
2019-10-15 16:29:32,492 [pool-117-thread-1] INFO  impl.RaftServerImpl (ServerState.java:<init>(103)) - ad489b75-c750-46bb-a6b1-c18f7705b7c2@group-FAE2CD9ED63A: ConfigurationManager, init=-1: [ad489b75-c750-46bb-a6b1-c18f7705b7c2:192.168.164.239:37012], old=null, confs=<EMPTY_MAP>
2019-10-15 16:29:32,492 [pool-117-thread-1] INFO  server.RaftServerConfigKeys (ConfUtils.java:logGet(43)) - raft.server.storage.dir = [/workdir/hadoop-ozone/integration-test/target/test-dir/MiniOzoneClusterImpl-beab53a1-ec34-46da-8591-07ed803d9383/datanode-9/data/ratis] (custom)
2019-10-15 16:29:32,493 [pool-117-thread-1] INFO  server.RaftServerConfigKeys (ConfUtils.java:logGet(43)) - raft.server.log.corruption.policy = EXCEPTION (default)
2019-10-15 16:29:32,493 [pool-117-thread-1] INFO  storage.RaftStorageDirectory (RaftStorageDirectory.java:analyzeStorage(246)) - The storage directory /workdir/hadoop-ozone/integration-test/target/test-dir/MiniOzoneClusterImpl-beab53a1-ec34-46da-8591-07ed803d9383/datanode-9/data/ratis/4e9be3c2-f26f-4cce-a79b-fae2cd9ed63a does not exist. Creating ...
2019-10-15 16:29:32,508 [24ee8ff7-dd07-49e6-bbcb-bb50ff0e8e36@group-C3651DFFF6A6-LeaderElection9] INFO  impl.LeaderElection (LeaderElection.java:askForVotes(178)) - 24ee8ff7-dd07-49e6-bbcb-bb50ff0e8e36@group-C3651DFFF6A6-LeaderElection9: begin an election at term 1 for -1: [24ee8ff7-dd07-49e6-bbcb-bb50ff0e8e36:192.168.164.239:45096], old=null
2019-10-15 16:29:32,508 [24ee8ff7-dd07-49e6-bbcb-bb50ff0e8e36@group-C3651DFFF6A6-LeaderElection9] INFO  impl.RoleInfo (RoleInfo.java:shutdownLeaderElection(134)) - 24ee8ff7-dd07-49e6-bbcb-bb50ff0e8e36: shutdown LeaderElection
2019-10-15 16:29:32,509 [24ee8ff7-dd07-49e6-bbcb-bb50ff0e8e36@group-C3651DFFF6A6-LeaderElection9] INFO  impl.RaftServerImpl (RaftServerImpl.java:setRole(184)) - 24ee8ff7-dd07-49e6-bbcb-bb50ff0e8e36@group-C3651DFFF6A6: changes role from CANDIDATE to LEADER at term 1 for changeToLeader
2019-10-15 16:29:32,509 [24ee8ff7-dd07-49e6-bbcb-bb50ff0e8e36@group-C3651DFFF6A6-LeaderElection9] INFO  impl.RaftServerImpl (ServerState.java:setLeader(256)) - 24ee8ff7-dd07-49e6-bbcb-bb50ff0e8e36@group-C3651DFFF6A6: change Leader from null to 24ee8ff7-dd07-49e6-bbcb-bb50ff0e8e36 at term 1 for becomeLeader, leader elected after 122ms
2019-10-15 16:29:32,509 [24ee8ff7-dd07-49e6-bbcb-bb50ff0e8e36@group-C3651DFFF6A6-LeaderElection9] INFO  server.RaftServerConfigKeys (ConfUtils.java:logGet(43)) - raft.server.staging.catchup.gap = 1000 (default)
2019-10-15 16:29:32,509 [24ee8ff7-dd07-49e6-bbcb-bb50ff0e8e36@group-C3651DFFF6A6-LeaderElection9] INFO  server.RaftServerConfigKeys (ConfUtils.java:logGet(43)) - raft.server.rpc.sleep.time = 25ms (default)
2019-10-15 16:29:32,509 [24ee8ff7-dd07-49e6-bbcb-bb50ff0e8e36@group-C3651DFFF6A6-LeaderElection9] INFO  server.RaftServerConfigKeys (ConfUtils.java:logGet(43)) - raft.server.write.element-limit = 4096 (default)
2019-10-15 16:29:32,509 [24ee8ff7-dd07-49e6-bbcb-bb50ff0e8e36@group-C3651DFFF6A6-LeaderElection9] INFO  server.RaftServerConfigKeys (ConfUtils.java:logGet(43)) - raft.server.watch.timeout = 10s (default)
2019-10-15 16:29:32,510 [24ee8ff7-dd07-49e6-bbcb-bb50ff0e8e36@group-C3651DFFF6A6-LeaderElection9] INFO  server.RaftServerConfigKeys (ConfUtils.java:logGet(43)) - raft.server.watch.timeout.denomination = 1s (default)
2019-10-15 16:29:32,510 [24ee8ff7-dd07-49e6-bbcb-bb50ff0e8e36@group-C3651DFFF6A6-LeaderElection9] INFO  server.RaftServerConfigKeys (ConfUtils.java:logGet(43)) - raft.server.watch.element-limit = 65536 (default)
2019-10-15 16:29:32,518 [24ee8ff7-dd07-49e6-bbcb-bb50ff0e8e36@group-C3651DFFF6A6-LeaderElection9] INFO  impl.RoleInfo (RoleInfo.java:updateAndGet(143)) - 24ee8ff7-dd07-49e6-bbcb-bb50ff0e8e36: start LeaderState
2019-10-15 16:29:32,519 [24ee8ff7-dd07-49e6-bbcb-bb50ff0e8e36@group-C3651DFFF6A6-LeaderElection9] INFO  segmented.SegmentedRaftLogWorker (SegmentedRaftLogWorker.java:startLogSegment(385)) - 24ee8ff7-dd07-49e6-bbcb-bb50ff0e8e36@group-C3651DFFF6A6-SegmentedRaftLogWorker: Starting segment from index:0
2019-10-15 16:29:32,520 [24ee8ff7-dd07-49e6-bbcb-bb50ff0e8e36@group-C3651DFFF6A6-LeaderElection9] INFO  impl.RaftServerImpl (ServerState.java:setRaftConf(357)) - 24ee8ff7-dd07-49e6-bbcb-bb50ff0e8e36@group-C3651DFFF6A6: set configuration 0: [24ee8ff7-dd07-49e6-bbcb-bb50ff0e8e36:192.168.164.239:45096], old=null at 0
2019-10-15 16:29:32,551 [pool-117-thread-1] INFO  storage.RaftStorageDirectory (RaftStorageDirectory.java:tryLock(328)) - Lock on /workdir/hadoop-ozone/integration-test/target/test-dir/MiniOzoneClusterImpl-beab53a1-ec34-46da-8591-07ed803d9383/datanode-9/data/ratis/4e9be3c2-f26f-4cce-a79b-fae2cd9ed63a/in_use.lock acquired by nodename 23904@pr-hdds-2302-bqc8v-2513969318
2019-10-15 16:29:32,576 [24ee8ff7-dd07-49e6-bbcb-bb50ff0e8e36@group-C3651DFFF6A6-SegmentedRaftLogWorker] INFO  segmented.SegmentedRaftLogWorker (SegmentedRaftLogWorker.java:execute(576)) - 24ee8ff7-dd07-49e6-bbcb-bb50ff0e8e36@group-C3651DFFF6A6-SegmentedRaftLogWorker: created new log segment /workdir/hadoop-ozone/integration-test/target/test-dir/MiniOzoneClusterImpl-beab53a1-ec34-46da-8591-07ed803d9383/datanode-7/data/ratis/e1400a60-6b27-4533-b681-c3651dfff6a6/current/log_inprogress_0
2019-10-15 16:29:32,576 [pool-117-thread-1] INFO  storage.RaftStorage (RaftStorage.java:format(84)) - Storage directory /workdir/hadoop-ozone/integration-test/target/test-dir/MiniOzoneClusterImpl-beab53a1-ec34-46da-8591-07ed803d9383/datanode-9/data/ratis/4e9be3c2-f26f-4cce-a79b-fae2cd9ed63a has been successfully formatted.
2019-10-15 16:29:32,576 [pool-117-thread-1] INFO  ratis.ContainerStateMachine (ContainerStateMachine.java:loadSnapshot(231)) - group-FAE2CD9ED63A: The snapshot info is null. Setting the last applied indexto:(t:0, i:~)
2019-10-15 16:29:32,576 [pool-117-thread-1] INFO  server.RaftServerConfigKeys (ConfUtils.java:logGet(43)) - raft.server.notification.no-leader.timeout = 120s (custom)
2019-10-15 16:29:32,576 [pool-117-thread-1] INFO  server.RaftServerConfigKeys (ConfUtils.java:logGet(43)) - raft.server.log.use.memory = false (default)
2019-10-15 16:29:32,577 [pool-117-thread-1] INFO  server.RaftServerConfigKeys (ConfUtils.java:logGet(43)) - raft.server.log.purge.gap = 1000000 (custom)
2019-10-15 16:29:32,577 [pool-117-thread-1] INFO  server.RaftServerConfigKeys (ConfUtils.java:logGet(43)) - raft.server.log.appender.buffer.byte-limit = 33554432 (custom)
2019-10-15 16:29:32,577 [pool-117-thread-1] INFO  server.RaftServerConfigKeys (ConfUtils.java:logGet(43)) - raft.server.log.segment.size.max = 1048576 (custom)
2019-10-15 16:29:32,580 [pool-117-thread-1] INFO  server.RaftServerConfigKeys (ConfUtils.java:logGet(43)) - raft.server.log.segment.cache.num.max = 2 (custom)
2019-10-15 16:29:32,580 [pool-117-thread-1] INFO  segmented.SegmentedRaftLogWorker (SegmentedRaftLogWorker.java:<init>(173)) - new ad489b75-c750-46bb-a6b1-c18f7705b7c2@group-FAE2CD9ED63A-SegmentedRaftLogWorker for RaftStorage:Storage Directory /workdir/hadoop-ozone/integration-test/target/test-dir/MiniOzoneClusterImpl-beab53a1-ec34-46da-8591-07ed803d9383/datanode-9/data/ratis/4e9be3c2-f26f-4cce-a79b-fae2cd9ed63a
2019-10-15 16:29:32,580 [pool-117-thread-1] INFO  server.RaftServerConfigKeys (ConfUtils.java:logGet(43)) - raft.server.log.queue.byte-limit = 2147483647 (custom)
2019-10-15 16:29:32,580 [pool-117-thread-1] INFO  server.RaftServerConfigKeys (ConfUtils.java:logGet(43)) - raft.server.log.queue.element-limit = 1024 (custom)
2019-10-15 16:29:32,580 [pool-117-thread-1] INFO  server.RaftServerConfigKeys (ConfUtils.java:logGet(43)) - raft.server.log.segment.size.max = 1048576 (custom)
2019-10-15 16:29:32,581 [pool-117-thread-1] INFO  server.RaftServerConfigKeys (ConfUtils.java:logGet(43)) - raft.server.log.preallocated.size = 16384 (custom)
2019-10-15 16:29:32,581 [pool-117-thread-1] INFO  server.RaftServerConfigKeys (ConfUtils.java:logGet(43)) - raft.server.log.write.buffer.size = 33554432 (custom)
2019-10-15 16:29:32,583 [pool-117-thread-1] INFO  server.RaftServerConfigKeys (ConfUtils.java:logGet(43)) - raft.server.log.force.sync.num = 128 (default)
2019-10-15 16:29:32,583 [pool-117-thread-1] INFO  server.RaftServerConfigKeys (ConfUtils.java:logGet(43)) - raft.server.log.statemachine.data.sync = true (default)
2019-10-15 16:29:32,583 [pool-117-thread-1] INFO  server.RaftServerConfigKeys (ConfUtils.java:logGet(43)) - raft.server.log.statemachine.data.sync.timeout = 10s (default)
2019-10-15 16:29:32,584 [pool-117-thread-1] INFO  server.RaftServerConfigKeys (ConfUtils.java:logGet(43)) - raft.server.log.statemachine.data.sync.timeout.retry = -1 (default)
2019-10-15 16:29:32,584 [pool-117-thread-1] INFO  server.RaftServerConfigKeys (ConfUtils.java:logGet(43)) - raft.server.log.statemachine.data.caching.enabled = true (custom)
2019-10-15 16:29:32,585 [pool-117-thread-1] INFO  segmented.SegmentedRaftLogWorker (SegmentedRaftLogWorker.java:lambda$new$0(128)) - ad489b75-c750-46bb-a6b1-c18f7705b7c2@group-FAE2CD9ED63A-SegmentedRaftLogWorker: flushIndex: setUnconditionally 0 -> -1
2019-10-15 16:29:32,585 [pool-117-thread-1] INFO  server.RaftServerConfigKeys (ConfUtils.java:logGet(43)) - raft.server.snapshot.auto.trigger.enabled = true (custom)
2019-10-15 16:29:32,585 [pool-117-thread-1] INFO  server.RaftServerConfigKeys (ConfUtils.java:logGet(43)) - raft.server.snapshot.auto.trigger.threshold = 10000 (custom)
2019-10-15 16:29:32,585 [pool-117-thread-1] INFO  server.RaftServerConfigKeys (ConfUtils.java:logGet(43)) - raft.server.snapshot.retention.file.num = 5 (custom)
2019-10-15 16:29:32,586 [pool-117-thread-1] INFO  server.RaftServerConfigKeys (ConfUtils.java:logGet(43)) - raft.server.retrycache.expirytime = 600000ms (custom)
2019-10-15 16:29:32,591 [pool-117-thread-1] INFO  impl.RaftServerImpl (RaftServerImpl.java:start(195)) - ad489b75-c750-46bb-a6b1-c18f7705b7c2@group-FAE2CD9ED63A: start as a follower, conf=-1: [ad489b75-c750-46bb-a6b1-c18f7705b7c2:192.168.164.239:37012], old=null
2019-10-15 16:29:32,591 [pool-117-thread-1] INFO  impl.RaftServerImpl (RaftServerImpl.java:setRole(184)) - ad489b75-c750-46bb-a6b1-c18f7705b7c2@group-FAE2CD9ED63A: changes role from      null to FOLLOWER at term 0 for startAsFollower
2019-10-15 16:29:32,591 [pool-117-thread-1] INFO  impl.RoleInfo (RoleInfo.java:updateAndGet(143)) - ad489b75-c750-46bb-a6b1-c18f7705b7c2: start FollowerState
2019-10-15 16:29:32,592 [pool-117-thread-1] INFO  util.JmxRegister (JmxRegister.java:tryRegister(44)) - Successfully registered JMX Bean with object name Ratis:service=RaftServer,group=group-FAE2CD9ED63A,id=ad489b75-c750-46bb-a6b1-c18f7705b7c2
2019-10-15 16:29:32,624 [RatisPipelineUtilsThread] INFO  pipeline.PipelineStateManager (PipelineStateManager.java:addPipeline(56)) - Created pipeline Pipeline[ Id: 4e9be3c2-f26f-4cce-a79b-fae2cd9ed63a, Nodes: ad489b75-c750-46bb-a6b1-c18f7705b7c2{ip: 192.168.164.239, host: pr-hdds-2302-bqc8v-2513969318, networkLocation: /default-rack, certSerialId: null}, Type:RATIS, Factor:ONE, State:OPEN]
2019-10-15 16:29:32,647 [Thread-331] INFO  impl.FollowerState (FollowerState.java:run(108)) - ad489b75-c750-46bb-a6b1-c18f7705b7c2@group-FAE2CD9ED63A-FollowerState: change to CANDIDATE, lastRpcTime:56ms, electionTimeout:55ms
2019-10-15 16:29:32,648 [Thread-331] INFO  impl.RoleInfo (RoleInfo.java:shutdownFollowerState(121)) - ad489b75-c750-46bb-a6b1-c18f7705b7c2: shutdown FollowerState
2019-10-15 16:29:32,648 [Thread-331] INFO  impl.RaftServerImpl (RaftServerImpl.java:setRole(184)) - ad489b75-c750-46bb-a6b1-c18f7705b7c2@group-FAE2CD9ED63A: changes role from  FOLLOWER to CANDIDATE at term 0 for changeToCandidate
2019-10-15 16:29:32,648 [Thread-331] INFO  impl.RoleInfo (RoleInfo.java:updateAndGet(143)) - ad489b75-c750-46bb-a6b1-c18f7705b7c2: start LeaderElection
2019-10-15 16:29:32,659 [grpc-default-executor-2] INFO  impl.RaftServerProxy (RaftServerProxy.java:addNew(89)) - f5624850-682f-4ec5-bb5c-f79627fc299e: addNew group-C25BD028928E:[f581660d-af3d-4f5f-b57d-f4cb54f048b9:192.168.164.239:42501, f5624850-682f-4ec5-bb5c-f79627fc299e:192.168.164.239:39499, 14091fe6-d183-4b46-be93-2ba964a39c73:192.168.164.239:34827] returns group-C25BD028928E:java.util.concurrent.CompletableFuture@12fa75fc[Not completed]
2019-10-15 16:29:32,662 [grpc-default-executor-1] INFO  impl.RaftServerProxy (RaftServerProxy.java:addNew(89)) - f581660d-af3d-4f5f-b57d-f4cb54f048b9: addNew group-C25BD028928E:[f581660d-af3d-4f5f-b57d-f4cb54f048b9:192.168.164.239:42501, f5624850-682f-4ec5-bb5c-f79627fc299e:192.168.164.239:39499, 14091fe6-d183-4b46-be93-2ba964a39c73:192.168.164.239:34827] returns group-C25BD028928E:java.util.concurrent.CompletableFuture@2c33b42[Not completed]
2019-10-15 16:29:32,665 [grpc-default-executor-1] INFO  impl.RaftServerProxy (RaftServerProxy.java:addNew(89)) - 14091fe6-d183-4b46-be93-2ba964a39c73: addNew group-C25BD028928E:[f581660d-af3d-4f5f-b57d-f4cb54f048b9:192.168.164.239:42501, f5624850-682f-4ec5-bb5c-f79627fc299e:192.168.164.239:39499, 14091fe6-d183-4b46-be93-2ba964a39c73:192.168.164.239:34827] returns group-C25BD028928E:java.util.concurrent.CompletableFuture@47c1b57e[Not completed]
2019-10-15 16:29:32,666 [pool-67-thread-1] INFO  impl.RaftServerImpl (RaftServerImpl.java:<init>(104)) - f5624850-682f-4ec5-bb5c-f79627fc299e: new RaftServerImpl for group-C25BD028928E:[f581660d-af3d-4f5f-b57d-f4cb54f048b9:192.168.164.239:42501, f5624850-682f-4ec5-bb5c-f79627fc299e:192.168.164.239:39499, 14091fe6-d183-4b46-be93-2ba964a39c73:192.168.164.239:34827] with ContainerStateMachine:uninitialized
2019-10-15 16:29:32,666 [pool-67-thread-1] INFO  server.RaftServerConfigKeys (ConfUtils.java:logGet(43)) - raft.server.rpc.timeout.min = 1s (custom)
2019-10-15 16:29:32,666 [pool-67-thread-1] INFO  server.RaftServerConfigKeys (ConfUtils.java:logGet(43)) - raft.server.rpc.timeout.max = 1200ms (custom)
2019-10-15 16:29:32,666 [pool-67-thread-1] INFO  server.RaftServerConfigKeys (ConfUtils.java:logGet(43)) - raft.server.rpcslowness.timeout = 120s (custom)
2019-10-15 16:29:32,666 [pool-67-thread-1] INFO  server.RaftServerConfigKeys (ConfUtils.java:logGet(43)) - raft.server.sleep.deviation.threshold = 300 (default)
2019-10-15 16:29:32,667 [pool-67-thread-1] INFO  server.RaftServerConfigKeys (ConfUtils.java:logGet(43)) - raft.server.log.appender.install.snapshot.enabled = false (custom)
2019-10-15 16:29:32,667 [pool-107-thread-1] INFO  impl.RaftServerImpl (RaftServerImpl.java:<init>(104)) - 14091fe6-d183-4b46-be93-2ba964a39c73: new RaftServerImpl for group-C25BD028928E:[f581660d-af3d-4f5f-b57d-f4cb54f048b9:192.168.164.239:42501, f5624850-682f-4ec5-bb5c-f79627fc299e:192.168.164.239:39499, 14091fe6-d183-4b46-be93-2ba964a39c73:192.168.164.239:34827] with ContainerStateMachine:uninitialized
2019-10-15 16:29:32,667 [pool-67-thread-1] INFO  impl.RaftServerImpl (ServerState.java:<init>(103)) - f5624850-682f-4ec5-bb5c-f79627fc299e@group-C25BD028928E: ConfigurationManager, init=-1: [f581660d-af3d-4f5f-b57d-f4cb54f048b9:192.168.164.239:42501, f5624850-682f-4ec5-bb5c-f79627fc299e:192.168.164.239:39499, 14091fe6-d183-4b46-be93-2ba964a39c73:192.168.164.239:34827], old=null, confs=<EMPTY_MAP>
2019-10-15 16:29:32,667 [pool-107-thread-1] INFO  server.RaftServerConfigKeys (ConfUtils.java:logGet(43)) - raft.server.rpc.timeout.min = 1s (custom)
2019-10-15 16:29:32,667 [pool-67-thread-1] INFO  server.RaftServerConfigKeys (ConfUtils.java:logGet(43)) - raft.server.storage.dir = [/workdir/hadoop-ozone/integration-test/target/test-dir/MiniOzoneClusterImpl-beab53a1-ec34-46da-8591-07ed803d9383/datanode-4/data/ratis] (custom)
2019-10-15 16:29:32,667 [pool-107-thread-1] INFO  server.RaftServerConfigKeys (ConfUtils.java:logGet(43)) - raft.server.rpc.timeout.max = 1200ms (custom)
2019-10-15 16:29:32,667 [pool-107-thread-1] INFO  server.RaftServerConfigKeys (ConfUtils.java:logGet(43)) - raft.server.rpcslowness.timeout = 120s (custom)
2019-10-15 16:29:32,668 [pool-107-thread-1] INFO  server.RaftServerConfigKeys (ConfUtils.java:logGet(43)) - raft.server.sleep.deviation.threshold = 300 (default)
2019-10-15 16:29:32,668 [pool-67-thread-1] INFO  server.RaftServerConfigKeys (ConfUtils.java:logGet(43)) - raft.server.log.corruption.policy = EXCEPTION (default)
2019-10-15 16:29:32,668 [pool-107-thread-1] INFO  server.RaftServerConfigKeys (ConfUtils.java:logGet(43)) - raft.server.log.appender.install.snapshot.enabled = false (custom)
2019-10-15 16:29:32,668 [pool-107-thread-1] INFO  impl.RaftServerImpl (ServerState.java:<init>(103)) - 14091fe6-d183-4b46-be93-2ba964a39c73@group-C25BD028928E: ConfigurationManager, init=-1: [f581660d-af3d-4f5f-b57d-f4cb54f048b9:192.168.164.239:42501, f5624850-682f-4ec5-bb5c-f79627fc299e:192.168.164.239:39499, 14091fe6-d183-4b46-be93-2ba964a39c73:192.168.164.239:34827], old=null, confs=<EMPTY_MAP>
2019-10-15 16:29:32,668 [pool-67-thread-1] INFO  storage.RaftStorageDirectory (RaftStorageDirectory.java:analyzeStorage(246)) - The storage directory /workdir/hadoop-ozone/integration-test/target/test-dir/MiniOzoneClusterImpl-beab53a1-ec34-46da-8591-07ed803d9383/datanode-4/data/ratis/be87c3c4-003f-4a60-bccf-c25bd028928e does not exist. Creating ...
2019-10-15 16:29:32,668 [pool-107-thread-1] INFO  server.RaftServerConfigKeys (ConfUtils.java:logGet(43)) - raft.server.storage.dir = [/workdir/hadoop-ozone/integration-test/target/test-dir/MiniOzoneClusterImpl-beab53a1-ec34-46da-8591-07ed803d9383/datanode-8/data/ratis] (custom)
2019-10-15 16:29:32,669 [pool-77-thread-1] INFO  impl.RaftServerImpl (RaftServerImpl.java:<init>(104)) - f581660d-af3d-4f5f-b57d-f4cb54f048b9: new RaftServerImpl for group-C25BD028928E:[f581660d-af3d-4f5f-b57d-f4cb54f048b9:192.168.164.239:42501, f5624850-682f-4ec5-bb5c-f79627fc299e:192.168.164.239:39499, 14091fe6-d183-4b46-be93-2ba964a39c73:192.168.164.239:34827] with ContainerStateMachine:uninitialized
2019-10-15 16:29:32,669 [pool-107-thread-1] INFO  server.RaftServerConfigKeys (ConfUtils.java:logGet(43)) - raft.server.log.corruption.policy = EXCEPTION (default)
2019-10-15 16:29:32,669 [pool-77-thread-1] INFO  server.RaftServerConfigKeys (ConfUtils.java:logGet(43)) - raft.server.rpc.timeout.min = 1s (custom)
2019-10-15 16:29:32,669 [pool-107-thread-1] INFO  storage.RaftStorageDirectory (RaftStorageDirectory.java:analyzeStorage(246)) - The storage directory /workdir/hadoop-ozone/integration-test/target/test-dir/MiniOzoneClusterImpl-beab53a1-ec34-46da-8591-07ed803d9383/datanode-8/data/ratis/be87c3c4-003f-4a60-bccf-c25bd028928e does not exist. Creating ...
2019-10-15 16:29:32,669 [pool-77-thread-1] INFO  server.RaftServerConfigKeys (ConfUtils.java:logGet(43)) - raft.server.rpc.timeout.max = 1200ms (custom)
2019-10-15 16:29:32,669 [pool-77-thread-1] INFO  server.RaftServerConfigKeys (ConfUtils.java:logGet(43)) - raft.server.rpcslowness.timeout = 120s (custom)
2019-10-15 16:29:32,670 [pool-77-thread-1] INFO  server.RaftServerConfigKeys (ConfUtils.java:logGet(43)) - raft.server.sleep.deviation.threshold = 300 (default)
2019-10-15 16:29:32,670 [pool-77-thread-1] INFO  server.RaftServerConfigKeys (ConfUtils.java:logGet(43)) - raft.server.log.appender.install.snapshot.enabled = false (custom)
2019-10-15 16:29:32,670 [pool-77-thread-1] INFO  impl.RaftServerImpl (ServerState.java:<init>(103)) - f581660d-af3d-4f5f-b57d-f4cb54f048b9@group-C25BD028928E: ConfigurationManager, init=-1: [f581660d-af3d-4f5f-b57d-f4cb54f048b9:192.168.164.239:42501, f5624850-682f-4ec5-bb5c-f79627fc299e:192.168.164.239:39499, 14091fe6-d183-4b46-be93-2ba964a39c73:192.168.164.239:34827], old=null, confs=<EMPTY_MAP>
2019-10-15 16:29:32,670 [pool-77-thread-1] INFO  server.RaftServerConfigKeys (ConfUtils.java:logGet(43)) - raft.server.storage.dir = [/workdir/hadoop-ozone/integration-test/target/test-dir/MiniOzoneClusterImpl-beab53a1-ec34-46da-8591-07ed803d9383/datanode-5/data/ratis] (custom)
2019-10-15 16:29:32,671 [pool-77-thread-1] INFO  server.RaftServerConfigKeys (ConfUtils.java:logGet(43)) - raft.server.log.corruption.policy = EXCEPTION (default)
2019-10-15 16:29:32,671 [pool-77-thread-1] INFO  storage.RaftStorageDirectory (RaftStorageDirectory.java:analyzeStorage(246)) - The storage directory /workdir/hadoop-ozone/integration-test/target/test-dir/MiniOzoneClusterImpl-beab53a1-ec34-46da-8591-07ed803d9383/datanode-5/data/ratis/be87c3c4-003f-4a60-bccf-c25bd028928e does not exist. Creating ...
2019-10-15 16:29:32,676 [ad489b75-c750-46bb-a6b1-c18f7705b7c2@group-FAE2CD9ED63A-LeaderElection10] INFO  impl.LeaderElection (LeaderElection.java:askForVotes(178)) - ad489b75-c750-46bb-a6b1-c18f7705b7c2@group-FAE2CD9ED63A-LeaderElection10: begin an election at term 1 for -1: [ad489b75-c750-46bb-a6b1-c18f7705b7c2:192.168.164.239:37012], old=null
2019-10-15 16:29:32,676 [ad489b75-c750-46bb-a6b1-c18f7705b7c2@group-FAE2CD9ED63A-LeaderElection10] INFO  impl.RoleInfo (RoleInfo.java:shutdownLeaderElection(134)) - ad489b75-c750-46bb-a6b1-c18f7705b7c2: shutdown LeaderElection
2019-10-15 16:29:32,676 [ad489b75-c750-46bb-a6b1-c18f7705b7c2@group-FAE2CD9ED63A-LeaderElection10] INFO  impl.RaftServerImpl (RaftServerImpl.java:setRole(184)) - ad489b75-c750-46bb-a6b1-c18f7705b7c2@group-FAE2CD9ED63A: changes role from CANDIDATE to LEADER at term 1 for changeToLeader
2019-10-15 16:29:32,677 [ad489b75-c750-46bb-a6b1-c18f7705b7c2@group-FAE2CD9ED63A-LeaderElection10] INFO  impl.RaftServerImpl (ServerState.java:setLeader(256)) - ad489b75-c750-46bb-a6b1-c18f7705b7c2@group-FAE2CD9ED63A: change Leader from null to ad489b75-c750-46bb-a6b1-c18f7705b7c2 at term 1 for becomeLeader, leader elected after 100ms
2019-10-15 16:29:32,677 [ad489b75-c750-46bb-a6b1-c18f7705b7c2@group-FAE2CD9ED63A-LeaderElection10] INFO  server.RaftServerConfigKeys (ConfUtils.java:logGet(43)) - raft.server.staging.catchup.gap = 1000 (default)
2019-10-15 16:29:32,677 [ad489b75-c750-46bb-a6b1-c18f7705b7c2@group-FAE2CD9ED63A-LeaderElection10] INFO  server.RaftServerConfigKeys (ConfUtils.java:logGet(43)) - raft.server.rpc.sleep.time = 25ms (default)
2019-10-15 16:29:32,677 [ad489b75-c750-46bb-a6b1-c18f7705b7c2@group-FAE2CD9ED63A-LeaderElection10] INFO  server.RaftServerConfigKeys (ConfUtils.java:logGet(43)) - raft.server.write.element-limit = 4096 (default)
2019-10-15 16:29:32,677 [ad489b75-c750-46bb-a6b1-c18f7705b7c2@group-FAE2CD9ED63A-LeaderElection10] INFO  server.RaftServerConfigKeys (ConfUtils.java:logGet(43)) - raft.server.watch.timeout = 10s (default)
2019-10-15 16:29:32,678 [ad489b75-c750-46bb-a6b1-c18f7705b7c2@group-FAE2CD9ED63A-LeaderElection10] INFO  server.RaftServerConfigKeys (ConfUtils.java:logGet(43)) - raft.server.watch.timeout.denomination = 1s (default)
2019-10-15 16:29:32,678 [ad489b75-c750-46bb-a6b1-c18f7705b7c2@group-FAE2CD9ED63A-LeaderElection10] INFO  server.RaftServerConfigKeys (ConfUtils.java:logGet(43)) - raft.server.watch.element-limit = 65536 (default)
2019-10-15 16:29:32,681 [ad489b75-c750-46bb-a6b1-c18f7705b7c2@group-FAE2CD9ED63A-LeaderElection10] INFO  impl.RoleInfo (RoleInfo.java:updateAndGet(143)) - ad489b75-c750-46bb-a6b1-c18f7705b7c2: start LeaderState
2019-10-15 16:29:32,681 [ad489b75-c750-46bb-a6b1-c18f7705b7c2@group-FAE2CD9ED63A-LeaderElection10] INFO  segmented.SegmentedRaftLogWorker (SegmentedRaftLogWorker.java:startLogSegment(385)) - ad489b75-c750-46bb-a6b1-c18f7705b7c2@group-FAE2CD9ED63A-SegmentedRaftLogWorker: Starting segment from index:0
2019-10-15 16:29:32,682 [ad489b75-c750-46bb-a6b1-c18f7705b7c2@group-FAE2CD9ED63A-LeaderElection10] INFO  impl.RaftServerImpl (ServerState.java:setRaftConf(357)) - ad489b75-c750-46bb-a6b1-c18f7705b7c2@group-FAE2CD9ED63A: set configuration 0: [ad489b75-c750-46bb-a6b1-c18f7705b7c2:192.168.164.239:37012], old=null at 0
2019-10-15 16:29:32,723 [pool-67-thread-1] INFO  storage.RaftStorageDirectory (RaftStorageDirectory.java:tryLock(328)) - Lock on /workdir/hadoop-ozone/integration-test/target/test-dir/MiniOzoneClusterImpl-beab53a1-ec34-46da-8591-07ed803d9383/datanode-4/data/ratis/be87c3c4-003f-4a60-bccf-c25bd028928e/in_use.lock acquired by nodename 23904@pr-hdds-2302-bqc8v-2513969318
2019-10-15 16:29:32,723 [pool-107-thread-1] INFO  storage.RaftStorageDirectory (RaftStorageDirectory.java:tryLock(328)) - Lock on /workdir/hadoop-ozone/integration-test/target/test-dir/MiniOzoneClusterImpl-beab53a1-ec34-46da-8591-07ed803d9383/datanode-8/data/ratis/be87c3c4-003f-4a60-bccf-c25bd028928e/in_use.lock acquired by nodename 23904@pr-hdds-2302-bqc8v-2513969318
2019-10-15 16:29:32,723 [pool-77-thread-1] INFO  storage.RaftStorageDirectory (RaftStorageDirectory.java:tryLock(328)) - Lock on /workdir/hadoop-ozone/integration-test/target/test-dir/MiniOzoneClusterImpl-beab53a1-ec34-46da-8591-07ed803d9383/datanode-5/data/ratis/be87c3c4-003f-4a60-bccf-c25bd028928e/in_use.lock acquired by nodename 23904@pr-hdds-2302-bqc8v-2513969318
2019-10-15 16:29:32,752 [ad489b75-c750-46bb-a6b1-c18f7705b7c2@group-FAE2CD9ED63A-SegmentedRaftLogWorker] INFO  segmented.SegmentedRaftLogWorker (SegmentedRaftLogWorker.java:execute(576)) - ad489b75-c750-46bb-a6b1-c18f7705b7c2@group-FAE2CD9ED63A-SegmentedRaftLogWorker: created new log segment /workdir/hadoop-ozone/integration-test/target/test-dir/MiniOzoneClusterImpl-beab53a1-ec34-46da-8591-07ed803d9383/datanode-9/data/ratis/4e9be3c2-f26f-4cce-a79b-fae2cd9ed63a/current/log_inprogress_0
2019-10-15 16:29:32,752 [pool-77-thread-1] INFO  storage.RaftStorage (RaftStorage.java:format(84)) - Storage directory /workdir/hadoop-ozone/integration-test/target/test-dir/MiniOzoneClusterImpl-beab53a1-ec34-46da-8591-07ed803d9383/datanode-5/data/ratis/be87c3c4-003f-4a60-bccf-c25bd028928e has been successfully formatted.
2019-10-15 16:29:32,752 [pool-107-thread-1] INFO  storage.RaftStorage (RaftStorage.java:format(84)) - Storage directory /workdir/hadoop-ozone/integration-test/target/test-dir/MiniOzoneClusterImpl-beab53a1-ec34-46da-8591-07ed803d9383/datanode-8/data/ratis/be87c3c4-003f-4a60-bccf-c25bd028928e has been successfully formatted.
2019-10-15 16:29:32,752 [pool-67-thread-1] INFO  storage.RaftStorage (RaftStorage.java:format(84)) - Storage directory /workdir/hadoop-ozone/integration-test/target/test-dir/MiniOzoneClusterImpl-beab53a1-ec34-46da-8591-07ed803d9383/datanode-4/data/ratis/be87c3c4-003f-4a60-bccf-c25bd028928e has been successfully formatted.
2019-10-15 16:29:32,753 [pool-107-thread-1] INFO  ratis.ContainerStateMachine (ContainerStateMachine.java:loadSnapshot(231)) - group-C25BD028928E: The snapshot info is null. Setting the last applied indexto:(t:0, i:~)
2019-10-15 16:29:32,753 [pool-77-thread-1] INFO  ratis.ContainerStateMachine (ContainerStateMachine.java:loadSnapshot(231)) - group-C25BD028928E: The snapshot info is null. Setting the last applied indexto:(t:0, i:~)
2019-10-15 16:29:32,753 [pool-67-thread-1] INFO  ratis.ContainerStateMachine (ContainerStateMachine.java:loadSnapshot(231)) - group-C25BD028928E: The snapshot info is null. Setting the last applied indexto:(t:0, i:~)
2019-10-15 16:29:32,753 [pool-107-thread-1] INFO  server.RaftServerConfigKeys (ConfUtils.java:logGet(43)) - raft.server.notification.no-leader.timeout = 120s (custom)
2019-10-15 16:29:32,753 [pool-67-thread-1] INFO  server.RaftServerConfigKeys (ConfUtils.java:logGet(43)) - raft.server.notification.no-leader.timeout = 120s (custom)
2019-10-15 16:29:32,753 [pool-77-thread-1] INFO  server.RaftServerConfigKeys (ConfUtils.java:logGet(43)) - raft.server.notification.no-leader.timeout = 120s (custom)
2019-10-15 16:29:32,753 [pool-67-thread-1] INFO  server.RaftServerConfigKeys (ConfUtils.java:logGet(43)) - raft.server.log.use.memory = false (default)
2019-10-15 16:29:32,753 [pool-107-thread-1] INFO  server.RaftServerConfigKeys (ConfUtils.java:logGet(43)) - raft.server.log.use.memory = false (default)
2019-10-15 16:29:32,754 [pool-67-thread-1] INFO  server.RaftServerConfigKeys (ConfUtils.java:logGet(43)) - raft.server.log.purge.gap = 1000000 (custom)
2019-10-15 16:29:32,754 [pool-77-thread-1] INFO  server.RaftServerConfigKeys (ConfUtils.java:logGet(43)) - raft.server.log.use.memory = false (default)
2019-10-15 16:29:32,754 [pool-67-thread-1] INFO  server.RaftServerConfigKeys (ConfUtils.java:logGet(43)) - raft.server.log.appender.buffer.byte-limit = 33554432 (custom)
2019-10-15 16:29:32,754 [pool-107-thread-1] INFO  server.RaftServerConfigKeys (ConfUtils.java:logGet(43)) - raft.server.log.purge.gap = 1000000 (custom)
2019-10-15 16:29:32,754 [pool-67-thread-1] INFO  server.RaftServerConfigKeys (ConfUtils.java:logGet(43)) - raft.server.log.segment.size.max = 1048576 (custom)
2019-10-15 16:29:32,754 [pool-77-thread-1] INFO  server.RaftServerConfigKeys (ConfUtils.java:logGet(43)) - raft.server.log.purge.gap = 1000000 (custom)
2019-10-15 16:29:32,755 [pool-67-thread-1] INFO  server.RaftServerConfigKeys (ConfUtils.java:logGet(43)) - raft.server.log.segment.cache.num.max = 2 (custom)
2019-10-15 16:29:32,755 [pool-107-thread-1] INFO  server.RaftServerConfigKeys (ConfUtils.java:logGet(43)) - raft.server.log.appender.buffer.byte-limit = 33554432 (custom)
2019-10-15 16:29:32,755 [pool-67-thread-1] INFO  segmented.SegmentedRaftLogWorker (SegmentedRaftLogWorker.java:<init>(173)) - new f5624850-682f-4ec5-bb5c-f79627fc299e@group-C25BD028928E-SegmentedRaftLogWorker for RaftStorage:Storage Directory /workdir/hadoop-ozone/integration-test/target/test-dir/MiniOzoneClusterImpl-beab53a1-ec34-46da-8591-07ed803d9383/datanode-4/data/ratis/be87c3c4-003f-4a60-bccf-c25bd028928e
2019-10-15 16:29:32,755 [pool-77-thread-1] INFO  server.RaftServerConfigKeys (ConfUtils.java:logGet(43)) - raft.server.log.appender.buffer.byte-limit = 33554432 (custom)
2019-10-15 16:29:32,755 [pool-67-thread-1] INFO  server.RaftServerConfigKeys (ConfUtils.java:logGet(43)) - raft.server.log.queue.byte-limit = 2147483647 (custom)
2019-10-15 16:29:32,755 [pool-107-thread-1] INFO  server.RaftServerConfigKeys (ConfUtils.java:logGet(43)) - raft.server.log.segment.size.max = 1048576 (custom)
2019-10-15 16:29:32,756 [pool-67-thread-1] INFO  server.RaftServerConfigKeys (ConfUtils.java:logGet(43)) - raft.server.log.queue.element-limit = 1024 (custom)
2019-10-15 16:29:32,755 [pool-77-thread-1] INFO  server.RaftServerConfigKeys (ConfUtils.java:logGet(43)) - raft.server.log.segment.size.max = 1048576 (custom)
2019-10-15 16:29:32,756 [pool-67-thread-1] INFO  server.RaftServerConfigKeys (ConfUtils.java:logGet(43)) - raft.server.log.segment.size.max = 1048576 (custom)
2019-10-15 16:29:32,756 [pool-107-thread-1] INFO  server.RaftServerConfigKeys (ConfUtils.java:logGet(43)) - raft.server.log.segment.cache.num.max = 2 (custom)
2019-10-15 16:29:32,756 [pool-67-thread-1] INFO  server.RaftServerConfigKeys (ConfUtils.java:logGet(43)) - raft.server.log.preallocated.size = 16384 (custom)
2019-10-15 16:29:32,757 [pool-67-thread-1] INFO  server.RaftServerConfigKeys (ConfUtils.java:logGet(43)) - raft.server.log.write.buffer.size = 33554432 (custom)
2019-10-15 16:29:32,756 [pool-77-thread-1] INFO  server.RaftServerConfigKeys (ConfUtils.java:logGet(43)) - raft.server.log.segment.cache.num.max = 2 (custom)
2019-10-15 16:29:32,757 [pool-67-thread-1] INFO  server.RaftServerConfigKeys (ConfUtils.java:logGet(43)) - raft.server.log.force.sync.num = 128 (default)
2019-10-15 16:29:32,756 [pool-107-thread-1] INFO  segmented.SegmentedRaftLogWorker (SegmentedRaftLogWorker.java:<init>(173)) - new 14091fe6-d183-4b46-be93-2ba964a39c73@group-C25BD028928E-SegmentedRaftLogWorker for RaftStorage:Storage Directory /workdir/hadoop-ozone/integration-test/target/test-dir/MiniOzoneClusterImpl-beab53a1-ec34-46da-8591-07ed803d9383/datanode-8/data/ratis/be87c3c4-003f-4a60-bccf-c25bd028928e
2019-10-15 16:29:32,757 [pool-67-thread-1] INFO  server.RaftServerConfigKeys (ConfUtils.java:logGet(43)) - raft.server.log.statemachine.data.sync = true (default)
2019-10-15 16:29:32,757 [pool-77-thread-1] INFO  segmented.SegmentedRaftLogWorker (SegmentedRaftLogWorker.java:<init>(173)) - new f581660d-af3d-4f5f-b57d-f4cb54f048b9@group-C25BD028928E-SegmentedRaftLogWorker for RaftStorage:Storage Directory /workdir/hadoop-ozone/integration-test/target/test-dir/MiniOzoneClusterImpl-beab53a1-ec34-46da-8591-07ed803d9383/datanode-5/data/ratis/be87c3c4-003f-4a60-bccf-c25bd028928e
2019-10-15 16:29:32,757 [pool-67-thread-1] INFO  server.RaftServerConfigKeys (ConfUtils.java:logGet(43)) - raft.server.log.statemachine.data.sync.timeout = 10s (default)
2019-10-15 16:29:32,757 [pool-107-thread-1] INFO  server.RaftServerConfigKeys (ConfUtils.java:logGet(43)) - raft.server.log.queue.byte-limit = 2147483647 (custom)
2019-10-15 16:29:32,758 [pool-67-thread-1] INFO  server.RaftServerConfigKeys (ConfUtils.java:logGet(43)) - raft.server.log.statemachine.data.sync.timeout.retry = -1 (default)
2019-10-15 16:29:32,758 [pool-77-thread-1] INFO  server.RaftServerConfigKeys (ConfUtils.java:logGet(43)) - raft.server.log.queue.byte-limit = 2147483647 (custom)
2019-10-15 16:29:32,758 [pool-67-thread-1] INFO  server.RaftServerConfigKeys (ConfUtils.java:logGet(43)) - raft.server.log.statemachine.data.caching.enabled = true (custom)
2019-10-15 16:29:32,758 [pool-107-thread-1] INFO  server.RaftServerConfigKeys (ConfUtils.java:logGet(43)) - raft.server.log.queue.element-limit = 1024 (custom)
2019-10-15 16:29:32,758 [pool-77-thread-1] INFO  server.RaftServerConfigKeys (ConfUtils.java:logGet(43)) - raft.server.log.queue.element-limit = 1024 (custom)
2019-10-15 16:29:32,759 [pool-107-thread-1] INFO  server.RaftServerConfigKeys (ConfUtils.java:logGet(43)) - raft.server.log.segment.size.max = 1048576 (custom)
2019-10-15 16:29:32,759 [pool-77-thread-1] INFO  server.RaftServerConfigKeys (ConfUtils.java:logGet(43)) - raft.server.log.segment.size.max = 1048576 (custom)
2019-10-15 16:29:32,759 [pool-67-thread-1] INFO  segmented.SegmentedRaftLogWorker (SegmentedRaftLogWorker.java:lambda$new$0(128)) - f5624850-682f-4ec5-bb5c-f79627fc299e@group-C25BD028928E-SegmentedRaftLogWorker: flushIndex: setUnconditionally 0 -> -1
2019-10-15 16:29:32,759 [pool-77-thread-1] INFO  server.RaftServerConfigKeys (ConfUtils.java:logGet(43)) - raft.server.log.preallocated.size = 16384 (custom)
2019-10-15 16:29:32,759 [pool-107-thread-1] INFO  server.RaftServerConfigKeys (ConfUtils.java:logGet(43)) - raft.server.log.preallocated.size = 16384 (custom)
2019-10-15 16:29:32,759 [pool-67-thread-1] INFO  server.RaftServerConfigKeys (ConfUtils.java:logGet(43)) - raft.server.snapshot.auto.trigger.enabled = true (custom)
2019-10-15 16:29:32,759 [pool-77-thread-1] INFO  server.RaftServerConfigKeys (ConfUtils.java:logGet(43)) - raft.server.log.write.buffer.size = 33554432 (custom)
2019-10-15 16:29:32,760 [pool-67-thread-1] INFO  server.RaftServerConfigKeys (ConfUtils.java:logGet(43)) - raft.server.snapshot.auto.trigger.threshold = 10000 (custom)
2019-10-15 16:29:32,759 [pool-107-thread-1] INFO  server.RaftServerConfigKeys (ConfUtils.java:logGet(43)) - raft.server.log.write.buffer.size = 33554432 (custom)
2019-10-15 16:29:32,760 [pool-67-thread-1] INFO  server.RaftServerConfigKeys (ConfUtils.java:logGet(43)) - raft.server.snapshot.retention.file.num = 5 (custom)
2019-10-15 16:29:32,760 [pool-77-thread-1] INFO  server.RaftServerConfigKeys (ConfUtils.java:logGet(43)) - raft.server.log.force.sync.num = 128 (default)
2019-10-15 16:29:32,760 [pool-67-thread-1] INFO  server.RaftServerConfigKeys (ConfUtils.java:logGet(43)) - raft.server.retrycache.expirytime = 600000ms (custom)
2019-10-15 16:29:32,760 [pool-107-thread-1] INFO  server.RaftServerConfigKeys (ConfUtils.java:logGet(43)) - raft.server.log.force.sync.num = 128 (default)
2019-10-15 16:29:32,760 [pool-77-thread-1] INFO  server.RaftServerConfigKeys (ConfUtils.java:logGet(43)) - raft.server.log.statemachine.data.sync = true (default)
2019-10-15 16:29:32,761 [pool-107-thread-1] INFO  server.RaftServerConfigKeys (ConfUtils.java:logGet(43)) - raft.server.log.statemachine.data.sync = true (default)
2019-10-15 16:29:32,761 [pool-77-thread-1] INFO  server.RaftServerConfigKeys (ConfUtils.java:logGet(43)) - raft.server.log.statemachine.data.sync.timeout = 10s (default)
2019-10-15 16:29:32,761 [pool-107-thread-1] INFO  server.RaftServerConfigKeys (ConfUtils.java:logGet(43)) - raft.server.log.statemachine.data.sync.timeout = 10s (default)
2019-10-15 16:29:32,761 [pool-77-thread-1] INFO  server.RaftServerConfigKeys (ConfUtils.java:logGet(43)) - raft.server.log.statemachine.data.sync.timeout.retry = -1 (default)
2019-10-15 16:29:32,761 [pool-107-thread-1] INFO  server.RaftServerConfigKeys (ConfUtils.java:logGet(43)) - raft.server.log.statemachine.data.sync.timeout.retry = -1 (default)
2019-10-15 16:29:32,762 [pool-107-thread-1] INFO  server.RaftServerConfigKeys (ConfUtils.java:logGet(43)) - raft.server.log.statemachine.data.caching.enabled = true (custom)
2019-10-15 16:29:32,762 [pool-77-thread-1] INFO  server.RaftServerConfigKeys (ConfUtils.java:logGet(43)) - raft.server.log.statemachine.data.caching.enabled = true (custom)
2019-10-15 16:29:32,762 [pool-107-thread-1] INFO  segmented.SegmentedRaftLogWorker (SegmentedRaftLogWorker.java:lambda$new$0(128)) - 14091fe6-d183-4b46-be93-2ba964a39c73@group-C25BD028928E-SegmentedRaftLogWorker: flushIndex: setUnconditionally 0 -> -1
2019-10-15 16:29:32,762 [pool-77-thread-1] INFO  segmented.SegmentedRaftLogWorker (SegmentedRaftLogWorker.java:lambda$new$0(128)) - f581660d-af3d-4f5f-b57d-f4cb54f048b9@group-C25BD028928E-SegmentedRaftLogWorker: flushIndex: setUnconditionally 0 -> -1
2019-10-15 16:29:32,762 [pool-107-thread-1] INFO  server.RaftServerConfigKeys (ConfUtils.java:logGet(43)) - raft.server.snapshot.auto.trigger.enabled = true (custom)
2019-10-15 16:29:32,763 [pool-107-thread-1] INFO  server.RaftServerConfigKeys (ConfUtils.java:logGet(43)) - raft.server.snapshot.auto.trigger.threshold = 10000 (custom)
2019-10-15 16:29:32,763 [pool-107-thread-1] INFO  server.RaftServerConfigKeys (ConfUtils.java:logGet(43)) - raft.server.snapshot.retention.file.num = 5 (custom)
2019-10-15 16:29:32,763 [pool-77-thread-1] INFO  server.RaftServerConfigKeys (ConfUtils.java:logGet(43)) - raft.server.snapshot.auto.trigger.enabled = true (custom)
2019-10-15 16:29:32,763 [pool-107-thread-1] INFO  server.RaftServerConfigKeys (ConfUtils.java:logGet(43)) - raft.server.retrycache.expirytime = 600000ms (custom)
2019-10-15 16:29:32,763 [pool-77-thread-1] INFO  server.RaftServerConfigKeys (ConfUtils.java:logGet(43)) - raft.server.snapshot.auto.trigger.threshold = 10000 (custom)
2019-10-15 16:29:32,763 [pool-77-thread-1] INFO  server.RaftServerConfigKeys (ConfUtils.java:logGet(43)) - raft.server.snapshot.retention.file.num = 5 (custom)
2019-10-15 16:29:32,763 [pool-77-thread-1] INFO  server.RaftServerConfigKeys (ConfUtils.java:logGet(43)) - raft.server.retrycache.expirytime = 600000ms (custom)
2019-10-15 16:29:32,764 [pool-67-thread-1] INFO  impl.RaftServerImpl (RaftServerImpl.java:start(195)) - f5624850-682f-4ec5-bb5c-f79627fc299e@group-C25BD028928E: start as a follower, conf=-1: [f581660d-af3d-4f5f-b57d-f4cb54f048b9:192.168.164.239:42501, f5624850-682f-4ec5-bb5c-f79627fc299e:192.168.164.239:39499, 14091fe6-d183-4b46-be93-2ba964a39c73:192.168.164.239:34827], old=null
2019-10-15 16:29:32,764 [pool-67-thread-1] INFO  impl.RaftServerImpl (RaftServerImpl.java:setRole(184)) - f5624850-682f-4ec5-bb5c-f79627fc299e@group-C25BD028928E: changes role from      null to FOLLOWER at term 0 for startAsFollower
2019-10-15 16:29:32,764 [pool-67-thread-1] INFO  impl.RoleInfo (RoleInfo.java:updateAndGet(143)) - f5624850-682f-4ec5-bb5c-f79627fc299e: start FollowerState
2019-10-15 16:29:32,765 [pool-67-thread-1] INFO  util.JmxRegister (JmxRegister.java:tryRegister(44)) - Successfully registered JMX Bean with object name Ratis:service=RaftServer,group=group-C25BD028928E,id=f5624850-682f-4ec5-bb5c-f79627fc299e
2019-10-15 16:29:32,767 [pool-107-thread-1] INFO  impl.RaftServerImpl (RaftServerImpl.java:start(195)) - 14091fe6-d183-4b46-be93-2ba964a39c73@group-C25BD028928E: start as a follower, conf=-1: [f581660d-af3d-4f5f-b57d-f4cb54f048b9:192.168.164.239:42501, f5624850-682f-4ec5-bb5c-f79627fc299e:192.168.164.239:39499, 14091fe6-d183-4b46-be93-2ba964a39c73:192.168.164.239:34827], old=null
2019-10-15 16:29:32,767 [pool-107-thread-1] INFO  impl.RaftServerImpl (RaftServerImpl.java:setRole(184)) - 14091fe6-d183-4b46-be93-2ba964a39c73@group-C25BD028928E: changes role from      null to FOLLOWER at term 0 for startAsFollower
2019-10-15 16:29:32,767 [pool-107-thread-1] INFO  impl.RoleInfo (RoleInfo.java:updateAndGet(143)) - 14091fe6-d183-4b46-be93-2ba964a39c73: start FollowerState
2019-10-15 16:29:32,768 [pool-77-thread-1] INFO  impl.RaftServerImpl (RaftServerImpl.java:start(195)) - f581660d-af3d-4f5f-b57d-f4cb54f048b9@group-C25BD028928E: start as a follower, conf=-1: [f581660d-af3d-4f5f-b57d-f4cb54f048b9:192.168.164.239:42501, f5624850-682f-4ec5-bb5c-f79627fc299e:192.168.164.239:39499, 14091fe6-d183-4b46-be93-2ba964a39c73:192.168.164.239:34827], old=null
2019-10-15 16:29:32,768 [pool-107-thread-1] INFO  util.JmxRegister (JmxRegister.java:tryRegister(44)) - Successfully registered JMX Bean with object name Ratis:service=RaftServer,group=group-C25BD028928E,id=14091fe6-d183-4b46-be93-2ba964a39c73
2019-10-15 16:29:32,768 [pool-77-thread-1] INFO  impl.RaftServerImpl (RaftServerImpl.java:setRole(184)) - f581660d-af3d-4f5f-b57d-f4cb54f048b9@group-C25BD028928E: changes role from      null to FOLLOWER at term 0 for startAsFollower
2019-10-15 16:29:32,768 [pool-77-thread-1] INFO  impl.RoleInfo (RoleInfo.java:updateAndGet(143)) - f581660d-af3d-4f5f-b57d-f4cb54f048b9: start FollowerState
2019-10-15 16:29:32,769 [pool-77-thread-1] INFO  util.JmxRegister (JmxRegister.java:tryRegister(44)) - Successfully registered JMX Bean with object name Ratis:service=RaftServer,group=group-C25BD028928E,id=f581660d-af3d-4f5f-b57d-f4cb54f048b9
2019-10-15 16:29:32,786 [Thread-340] INFO  impl.FollowerState (FollowerState.java:run(108)) - 14091fe6-d183-4b46-be93-2ba964a39c73@group-C25BD028928E-FollowerState: change to CANDIDATE, lastRpcTime:18ms, electionTimeout:18ms
2019-10-15 16:29:32,786 [Thread-340] INFO  impl.RoleInfo (RoleInfo.java:shutdownFollowerState(121)) - 14091fe6-d183-4b46-be93-2ba964a39c73: shutdown FollowerState
2019-10-15 16:29:32,786 [Thread-340] INFO  impl.RaftServerImpl (RaftServerImpl.java:setRole(184)) - 14091fe6-d183-4b46-be93-2ba964a39c73@group-C25BD028928E: changes role from  FOLLOWER to CANDIDATE at term 0 for changeToCandidate
2019-10-15 16:29:32,786 [Thread-340] INFO  impl.RoleInfo (RoleInfo.java:updateAndGet(143)) - 14091fe6-d183-4b46-be93-2ba964a39c73: start LeaderElection
2019-10-15 16:29:32,811 [RatisPipelineUtilsThread] INFO  pipeline.PipelineStateManager (PipelineStateManager.java:addPipeline(56)) - Created pipeline Pipeline[ Id: be87c3c4-003f-4a60-bccf-c25bd028928e, Nodes: f5624850-682f-4ec5-bb5c-f79627fc299e{ip: 192.168.164.239, host: pr-hdds-2302-bqc8v-2513969318, networkLocation: /default-rack, certSerialId: null}14091fe6-d183-4b46-be93-2ba964a39c73{ip: 192.168.164.239, host: pr-hdds-2302-bqc8v-2513969318, networkLocation: /default-rack, certSerialId: null}f581660d-af3d-4f5f-b57d-f4cb54f048b9{ip: 192.168.164.239, host: pr-hdds-2302-bqc8v-2513969318, networkLocation: /default-rack, certSerialId: null}, Type:RATIS, Factor:THREE, State:OPEN]
2019-10-15 16:29:32,828 [14091fe6-d183-4b46-be93-2ba964a39c73@group-C25BD028928E-LeaderElection11] INFO  impl.LeaderElection (LeaderElection.java:askForVotes(178)) - 14091fe6-d183-4b46-be93-2ba964a39c73@group-C25BD028928E-LeaderElection11: begin an election at term 1 for -1: [f581660d-af3d-4f5f-b57d-f4cb54f048b9:192.168.164.239:42501, f5624850-682f-4ec5-bb5c-f79627fc299e:192.168.164.239:39499, 14091fe6-d183-4b46-be93-2ba964a39c73:192.168.164.239:34827], old=null
2019-10-15 16:29:32,833 [grpc-default-executor-0] INFO  impl.RaftServerProxy (RaftServerProxy.java:addNew(89)) - 0bff853f-e43c-4347-b3e4-d8621042c42b: addNew group-AF37DB7271F3:[0bff853f-e43c-4347-b3e4-d8621042c42b:192.168.164.239:34619, b3806c56-f44f-4484-a72b-f9662a6f8cba:192.168.164.239:35315, 6af1a5bd-f075-405e-b6a5-6d145eedd789:192.168.164.239:35339] returns group-AF37DB7271F3:java.util.concurrent.CompletableFuture@46f08b03[Not completed]
2019-10-15 16:29:32,836 [grpc-default-executor-1] INFO  impl.RaftServerProxy (RaftServerProxy.java:addNew(89)) - b3806c56-f44f-4484-a72b-f9662a6f8cba: addNew group-AF37DB7271F3:[0bff853f-e43c-4347-b3e4-d8621042c42b:192.168.164.239:34619, b3806c56-f44f-4484-a72b-f9662a6f8cba:192.168.164.239:35315, 6af1a5bd-f075-405e-b6a5-6d145eedd789:192.168.164.239:35339] returns group-AF37DB7271F3:java.util.concurrent.CompletableFuture@76cc5403[Not completed]
2019-10-15 16:29:32,837 [grpc-default-executor-2] INFO  impl.RaftServerProxy (RaftServerProxy.java:addNew(89)) - 6af1a5bd-f075-405e-b6a5-6d145eedd789: addNew group-AF37DB7271F3:[0bff853f-e43c-4347-b3e4-d8621042c42b:192.168.164.239:34619, b3806c56-f44f-4484-a72b-f9662a6f8cba:192.168.164.239:35315, 6af1a5bd-f075-405e-b6a5-6d145eedd789:192.168.164.239:35339] returns group-AF37DB7271F3:java.util.concurrent.CompletableFuture@53c77fc7[Not completed]
2019-10-15 16:29:32,838 [pool-37-thread-1] INFO  impl.RaftServerImpl (RaftServerImpl.java:<init>(104)) - 0bff853f-e43c-4347-b3e4-d8621042c42b: new RaftServerImpl for group-AF37DB7271F3:[0bff853f-e43c-4347-b3e4-d8621042c42b:192.168.164.239:34619, b3806c56-f44f-4484-a72b-f9662a6f8cba:192.168.164.239:35315, 6af1a5bd-f075-405e-b6a5-6d145eedd789:192.168.164.239:35339] with ContainerStateMachine:uninitialized
2019-10-15 16:29:32,838 [pool-37-thread-1] INFO  server.RaftServerConfigKeys (ConfUtils.java:logGet(43)) - raft.server.rpc.timeout.min = 1s (custom)
2019-10-15 16:29:32,838 [pool-37-thread-1] INFO  server.RaftServerConfigKeys (ConfUtils.java:logGet(43)) - raft.server.rpc.timeout.max = 1200ms (custom)
2019-10-15 16:29:32,839 [pool-37-thread-1] INFO  server.RaftServerConfigKeys (ConfUtils.java:logGet(43)) - raft.server.rpcslowness.timeout = 120s (custom)
2019-10-15 16:29:32,839 [pool-37-thread-1] INFO  server.RaftServerConfigKeys (ConfUtils.java:logGet(43)) - raft.server.sleep.deviation.threshold = 300 (default)
2019-10-15 16:29:32,839 [pool-37-thread-1] INFO  server.RaftServerConfigKeys (ConfUtils.java:logGet(43)) - raft.server.log.appender.install.snapshot.enabled = false (custom)
2019-10-15 16:29:32,839 [pool-27-thread-1] INFO  impl.RaftServerImpl (RaftServerImpl.java:<init>(104)) - b3806c56-f44f-4484-a72b-f9662a6f8cba: new RaftServerImpl for group-AF37DB7271F3:[0bff853f-e43c-4347-b3e4-d8621042c42b:192.168.164.239:34619, b3806c56-f44f-4484-a72b-f9662a6f8cba:192.168.164.239:35315, 6af1a5bd-f075-405e-b6a5-6d145eedd789:192.168.164.239:35339] with ContainerStateMachine:uninitialized
2019-10-15 16:29:32,839 [pool-37-thread-1] INFO  impl.RaftServerImpl (ServerState.java:<init>(103)) - 0bff853f-e43c-4347-b3e4-d8621042c42b@group-AF37DB7271F3: ConfigurationManager, init=-1: [0bff853f-e43c-4347-b3e4-d8621042c42b:192.168.164.239:34619, b3806c56-f44f-4484-a72b-f9662a6f8cba:192.168.164.239:35315, 6af1a5bd-f075-405e-b6a5-6d145eedd789:192.168.164.239:35339], old=null, confs=<EMPTY_MAP>
2019-10-15 16:29:32,839 [pool-27-thread-1] INFO  server.RaftServerConfigKeys (ConfUtils.java:logGet(43)) - raft.server.rpc.timeout.min = 1s (custom)
2019-10-15 16:29:32,839 [pool-37-thread-1] INFO  server.RaftServerConfigKeys (ConfUtils.java:logGet(43)) - raft.server.storage.dir = [/workdir/hadoop-ozone/integration-test/target/test-dir/MiniOzoneClusterImpl-beab53a1-ec34-46da-8591-07ed803d9383/datanode-1/data/ratis] (custom)
2019-10-15 16:29:32,839 [pool-27-thread-1] INFO  server.RaftServerConfigKeys (ConfUtils.java:logGet(43)) - raft.server.rpc.timeout.max = 1200ms (custom)
2019-10-15 16:29:32,840 [pool-27-thread-1] INFO  server.RaftServerConfigKeys (ConfUtils.java:logGet(43)) - raft.server.rpcslowness.timeout = 120s (custom)
2019-10-15 16:29:32,840 [pool-27-thread-1] INFO  server.RaftServerConfigKeys (ConfUtils.java:logGet(43)) - raft.server.sleep.deviation.threshold = 300 (default)
2019-10-15 16:29:32,840 [pool-37-thread-1] INFO  server.RaftServerConfigKeys (ConfUtils.java:logGet(43)) - raft.server.log.corruption.policy = EXCEPTION (default)
2019-10-15 16:29:32,840 [pool-27-thread-1] INFO  server.RaftServerConfigKeys (ConfUtils.java:logGet(43)) - raft.server.log.appender.install.snapshot.enabled = false (custom)
2019-10-15 16:29:32,840 [pool-87-thread-1] INFO  impl.RaftServerImpl (RaftServerImpl.java:<init>(104)) - 6af1a5bd-f075-405e-b6a5-6d145eedd789: new RaftServerImpl for group-AF37DB7271F3:[0bff853f-e43c-4347-b3e4-d8621042c42b:192.168.164.239:34619, b3806c56-f44f-4484-a72b-f9662a6f8cba:192.168.164.239:35315, 6af1a5bd-f075-405e-b6a5-6d145eedd789:192.168.164.239:35339] with ContainerStateMachine:uninitialized
2019-10-15 16:29:32,840 [pool-37-thread-1] INFO  storage.RaftStorageDirectory (RaftStorageDirectory.java:analyzeStorage(246)) - The storage directory /workdir/hadoop-ozone/integration-test/target/test-dir/MiniOzoneClusterImpl-beab53a1-ec34-46da-8591-07ed803d9383/datanode-1/data/ratis/7a21e33d-5546-44ce-b605-af37db7271f3 does not exist. Creating ...
2019-10-15 16:29:32,840 [pool-27-thread-1] INFO  impl.RaftServerImpl (ServerState.java:<init>(103)) - b3806c56-f44f-4484-a72b-f9662a6f8cba@group-AF37DB7271F3: ConfigurationManager, init=-1: [0bff853f-e43c-4347-b3e4-d8621042c42b:192.168.164.239:34619, b3806c56-f44f-4484-a72b-f9662a6f8cba:192.168.164.239:35315, 6af1a5bd-f075-405e-b6a5-6d145eedd789:192.168.164.239:35339], old=null, confs=<EMPTY_MAP>
2019-10-15 16:29:32,840 [pool-87-thread-1] INFO  server.RaftServerConfigKeys (ConfUtils.java:logGet(43)) - raft.server.rpc.timeout.min = 1s (custom)
2019-10-15 16:29:32,840 [pool-27-thread-1] INFO  server.RaftServerConfigKeys (ConfUtils.java:logGet(43)) - raft.server.storage.dir = [/workdir/hadoop-ozone/integration-test/target/test-dir/MiniOzoneClusterImpl-beab53a1-ec34-46da-8591-07ed803d9383/datanode-0/data/ratis] (custom)
2019-10-15 16:29:32,841 [pool-87-thread-1] INFO  server.RaftServerConfigKeys (ConfUtils.java:logGet(43)) - raft.server.rpc.timeout.max = 1200ms (custom)
2019-10-15 16:29:32,841 [pool-87-thread-1] INFO  server.RaftServerConfigKeys (ConfUtils.java:logGet(43)) - raft.server.rpcslowness.timeout = 120s (custom)
2019-10-15 16:29:32,841 [pool-27-thread-1] INFO  server.RaftServerConfigKeys (ConfUtils.java:logGet(43)) - raft.server.log.corruption.policy = EXCEPTION (default)
2019-10-15 16:29:32,841 [pool-87-thread-1] INFO  server.RaftServerConfigKeys (ConfUtils.java:logGet(43)) - raft.server.sleep.deviation.threshold = 300 (default)
2019-10-15 16:29:32,841 [pool-27-thread-1] INFO  storage.RaftStorageDirectory (RaftStorageDirectory.java:analyzeStorage(246)) - The storage directory /workdir/hadoop-ozone/integration-test/target/test-dir/MiniOzoneClusterImpl-beab53a1-ec34-46da-8591-07ed803d9383/datanode-0/data/ratis/7a21e33d-5546-44ce-b605-af37db7271f3 does not exist. Creating ...
2019-10-15 16:29:32,841 [pool-87-thread-1] INFO  server.RaftServerConfigKeys (ConfUtils.java:logGet(43)) - raft.server.log.appender.install.snapshot.enabled = false (custom)
2019-10-15 16:29:32,841 [pool-87-thread-1] INFO  impl.RaftServerImpl (ServerState.java:<init>(103)) - 6af1a5bd-f075-405e-b6a5-6d145eedd789@group-AF37DB7271F3: ConfigurationManager, init=-1: [0bff853f-e43c-4347-b3e4-d8621042c42b:192.168.164.239:34619, b3806c56-f44f-4484-a72b-f9662a6f8cba:192.168.164.239:35315, 6af1a5bd-f075-405e-b6a5-6d145eedd789:192.168.164.239:35339], old=null, confs=<EMPTY_MAP>
2019-10-15 16:29:32,842 [pool-87-thread-1] INFO  server.RaftServerConfigKeys (ConfUtils.java:logGet(43)) - raft.server.storage.dir = [/workdir/hadoop-ozone/integration-test/target/test-dir/MiniOzoneClusterImpl-beab53a1-ec34-46da-8591-07ed803d9383/datanode-6/data/ratis] (custom)
2019-10-15 16:29:32,842 [pool-87-thread-1] INFO  server.RaftServerConfigKeys (ConfUtils.java:logGet(43)) - raft.server.log.corruption.policy = EXCEPTION (default)
2019-10-15 16:29:32,842 [pool-87-thread-1] INFO  storage.RaftStorageDirectory (RaftStorageDirectory.java:analyzeStorage(246)) - The storage directory /workdir/hadoop-ozone/integration-test/target/test-dir/MiniOzoneClusterImpl-beab53a1-ec34-46da-8591-07ed803d9383/datanode-6/data/ratis/7a21e33d-5546-44ce-b605-af37db7271f3 does not exist. Creating ...
2019-10-15 16:29:33,178 [pool-87-thread-1] INFO  storage.RaftStorageDirectory (RaftStorageDirectory.java:tryLock(328)) - Lock on /workdir/hadoop-ozone/integration-test/target/test-dir/MiniOzoneClusterImpl-beab53a1-ec34-46da-8591-07ed803d9383/datanode-6/data/ratis/7a21e33d-5546-44ce-b605-af37db7271f3/in_use.lock acquired by nodename 23904@pr-hdds-2302-bqc8v-2513969318
2019-10-15 16:29:33,178 [Thread-341] INFO  impl.FollowerState (FollowerState.java:run(108)) - f581660d-af3d-4f5f-b57d-f4cb54f048b9@group-C25BD028928E-FollowerState: change to CANDIDATE, lastRpcTime:398ms, electionTimeout:181ms
2019-10-15 16:29:33,178 [Thread-339] INFO  impl.FollowerState (FollowerState.java:run(108)) - f5624850-682f-4ec5-bb5c-f79627fc299e@group-C25BD028928E-FollowerState: change to CANDIDATE, lastRpcTime:405ms, electionTimeout:110ms
2019-10-15 16:29:33,178 [pool-37-thread-1] INFO  storage.RaftStorageDirectory (RaftStorageDirectory.java:tryLock(328)) - Lock on /workdir/hadoop-ozone/integration-test/target/test-dir/MiniOzoneClusterImpl-beab53a1-ec34-46da-8591-07ed803d9383/datanode-1/data/ratis/7a21e33d-5546-44ce-b605-af37db7271f3/in_use.lock acquired by nodename 23904@pr-hdds-2302-bqc8v-2513969318
2019-10-15 16:29:33,182 [Thread-341] INFO  impl.RoleInfo (RoleInfo.java:shutdownFollowerState(121)) - f581660d-af3d-4f5f-b57d-f4cb54f048b9: shutdown FollowerState
2019-10-15 16:29:33,178 [pool-27-thread-1] INFO  storage.RaftStorageDirectory (RaftStorageDirectory.java:tryLock(328)) - Lock on /workdir/hadoop-ozone/integration-test/target/test-dir/MiniOzoneClusterImpl-beab53a1-ec34-46da-8591-07ed803d9383/datanode-0/data/ratis/7a21e33d-5546-44ce-b605-af37db7271f3/in_use.lock acquired by nodename 23904@pr-hdds-2302-bqc8v-2513969318
2019-10-15 16:29:33,182 [Thread-339] INFO  impl.RoleInfo (RoleInfo.java:shutdownFollowerState(121)) - f5624850-682f-4ec5-bb5c-f79627fc299e: shutdown FollowerState
2019-10-15 16:29:33,182 [Thread-341] INFO  impl.RaftServerImpl (RaftServerImpl.java:setRole(184)) - f581660d-af3d-4f5f-b57d-f4cb54f048b9@group-C25BD028928E: changes role from  FOLLOWER to CANDIDATE at term 0 for changeToCandidate
2019-10-15 16:29:33,182 [Thread-339] INFO  impl.RaftServerImpl (RaftServerImpl.java:setRole(184)) - f5624850-682f-4ec5-bb5c-f79627fc299e@group-C25BD028928E: changes role from  FOLLOWER to CANDIDATE at term 0 for changeToCandidate
2019-10-15 16:29:33,183 [Thread-341] INFO  impl.RoleInfo (RoleInfo.java:updateAndGet(143)) - f581660d-af3d-4f5f-b57d-f4cb54f048b9: start LeaderElection
2019-10-15 16:29:33,183 [Thread-339] INFO  impl.RoleInfo (RoleInfo.java:updateAndGet(143)) - f5624850-682f-4ec5-bb5c-f79627fc299e: start LeaderElection
2019-10-15 16:29:33,188 [grpc-default-executor-0] INFO  impl.RaftServerImpl (RaftServerImpl.java:setRole(184)) - f5624850-682f-4ec5-bb5c-f79627fc299e@group-C25BD028928E: changes role from CANDIDATE to FOLLOWER at term 1 for recognizeCandidate:14091fe6-d183-4b46-be93-2ba964a39c73
2019-10-15 16:29:33,189 [grpc-default-executor-2] INFO  impl.RaftServerImpl (RaftServerImpl.java:setRole(184)) - f581660d-af3d-4f5f-b57d-f4cb54f048b9@group-C25BD028928E: changes role from CANDIDATE to FOLLOWER at term 1 for recognizeCandidate:14091fe6-d183-4b46-be93-2ba964a39c73
2019-10-15 16:29:33,189 [14091fe6-d183-4b46-be93-2ba964a39c73@group-C25BD028928E-LeaderElection11] INFO  impl.LeaderElection (LeaderElection.java:logAndReturn(56)) - 14091fe6-d183-4b46-be93-2ba964a39c73@group-C25BD028928E-LeaderElection11: Election TIMEOUT; received 0 response(s) [] and 0 exception(s); 14091fe6-d183-4b46-be93-2ba964a39c73@group-C25BD028928E:t1, leader=null, voted=14091fe6-d183-4b46-be93-2ba964a39c73, raftlog=14091fe6-d183-4b46-be93-2ba964a39c73@group-C25BD028928E-SegmentedRaftLog:OPENED:c-1,f-1,i0, conf=-1: [f581660d-af3d-4f5f-b57d-f4cb54f048b9:192.168.164.239:42501, f5624850-682f-4ec5-bb5c-f79627fc299e:192.168.164.239:39499, 14091fe6-d183-4b46-be93-2ba964a39c73:192.168.164.239:34827], old=null
2019-10-15 16:29:33,189 [grpc-default-executor-0] INFO  impl.RoleInfo (RoleInfo.java:shutdownLeaderElection(134)) - f5624850-682f-4ec5-bb5c-f79627fc299e: shutdown LeaderElection
2019-10-15 16:29:33,189 [grpc-default-executor-2] INFO  impl.RoleInfo (RoleInfo.java:shutdownLeaderElection(134)) - f581660d-af3d-4f5f-b57d-f4cb54f048b9: shutdown LeaderElection
2019-10-15 16:29:33,191 [grpc-default-executor-2] INFO  impl.RoleInfo (RoleInfo.java:updateAndGet(143)) - f581660d-af3d-4f5f-b57d-f4cb54f048b9: start FollowerState
2019-10-15 16:29:33,191 [grpc-default-executor-0] INFO  impl.RoleInfo (RoleInfo.java:updateAndGet(143)) - f5624850-682f-4ec5-bb5c-f79627fc299e: start FollowerState
2019-10-15 16:29:33,214 [pool-87-thread-1] INFO  storage.RaftStorage (RaftStorage.java:format(84)) - Storage directory /workdir/hadoop-ozone/integration-test/target/test-dir/MiniOzoneClusterImpl-beab53a1-ec34-46da-8591-07ed803d9383/datanode-6/data/ratis/7a21e33d-5546-44ce-b605-af37db7271f3 has been successfully formatted.
2019-10-15 16:29:33,217 [pool-27-thread-1] INFO  storage.RaftStorage (RaftStorage.java:format(84)) - Storage directory /workdir/hadoop-ozone/integration-test/target/test-dir/MiniOzoneClusterImpl-beab53a1-ec34-46da-8591-07ed803d9383/datanode-0/data/ratis/7a21e33d-5546-44ce-b605-af37db7271f3 has been successfully formatted.
2019-10-15 16:29:33,217 [14091fe6-d183-4b46-be93-2ba964a39c73@group-C25BD028928E-LeaderElection11] INFO  impl.LeaderElection (LeaderElection.java:askForVotes(178)) - 14091fe6-d183-4b46-be93-2ba964a39c73@group-C25BD028928E-LeaderElection11: begin an election at term 2 for -1: [f581660d-af3d-4f5f-b57d-f4cb54f048b9:192.168.164.239:42501, f5624850-682f-4ec5-bb5c-f79627fc299e:192.168.164.239:39499, 14091fe6-d183-4b46-be93-2ba964a39c73:192.168.164.239:34827], old=null
2019-10-15 16:29:33,217 [pool-87-thread-1] INFO  ratis.ContainerStateMachine (ContainerStateMachine.java:loadSnapshot(231)) - group-AF37DB7271F3: The snapshot info is null. Setting the last applied indexto:(t:0, i:~)
2019-10-15 16:29:33,214 [pool-37-thread-1] INFO  storage.RaftStorage (RaftStorage.java:format(84)) - Storage directory /workdir/hadoop-ozone/integration-test/target/test-dir/MiniOzoneClusterImpl-beab53a1-ec34-46da-8591-07ed803d9383/datanode-1/data/ratis/7a21e33d-5546-44ce-b605-af37db7271f3 has been successfully formatted.
2019-10-15 16:29:33,218 [pool-87-thread-1] INFO  server.RaftServerConfigKeys (ConfUtils.java:logGet(43)) - raft.server.notification.no-leader.timeout = 120s (custom)
2019-10-15 16:29:33,217 [pool-27-thread-1] INFO  ratis.ContainerStateMachine (ContainerStateMachine.java:loadSnapshot(231)) - group-AF37DB7271F3: The snapshot info is null. Setting the last applied indexto:(t:0, i:~)
2019-10-15 16:29:33,218 [pool-37-thread-1] INFO  ratis.ContainerStateMachine (ContainerStateMachine.java:loadSnapshot(231)) - group-AF37DB7271F3: The snapshot info is null. Setting the last applied indexto:(t:0, i:~)
2019-10-15 16:29:33,218 [pool-87-thread-1] INFO  server.RaftServerConfigKeys (ConfUtils.java:logGet(43)) - raft.server.log.use.memory = false (default)
2019-10-15 16:29:33,218 [pool-37-thread-1] INFO  server.RaftServerConfigKeys (ConfUtils.java:logGet(43)) - raft.server.notification.no-leader.timeout = 120s (custom)
2019-10-15 16:29:33,218 [pool-87-thread-1] INFO  server.RaftServerConfigKeys (ConfUtils.java:logGet(43)) - raft.server.log.purge.gap = 1000000 (custom)
2019-10-15 16:29:33,218 [pool-27-thread-1] INFO  server.RaftServerConfigKeys (ConfUtils.java:logGet(43)) - raft.server.notification.no-leader.timeout = 120s (custom)
2019-10-15 16:29:33,219 [pool-87-thread-1] INFO  server.RaftServerConfigKeys (ConfUtils.java:logGet(43)) - raft.server.log.appender.buffer.byte-limit = 33554432 (custom)
2019-10-15 16:29:33,218 [pool-37-thread-1] INFO  server.RaftServerConfigKeys (ConfUtils.java:logGet(43)) - raft.server.log.use.memory = false (default)
2019-10-15 16:29:33,219 [pool-87-thread-1] INFO  server.RaftServerConfigKeys (ConfUtils.java:logGet(43)) - raft.server.log.segment.size.max = 1048576 (custom)
2019-10-15 16:29:33,219 [pool-27-thread-1] INFO  server.RaftServerConfigKeys (ConfUtils.java:logGet(43)) - raft.server.log.use.memory = false (default)
2019-10-15 16:29:33,219 [pool-87-thread-1] INFO  server.RaftServerConfigKeys (ConfUtils.java:logGet(43)) - raft.server.log.segment.cache.num.max = 2 (custom)
2019-10-15 16:29:33,219 [pool-37-thread-1] INFO  server.RaftServerConfigKeys (ConfUtils.java:logGet(43)) - raft.server.log.purge.gap = 1000000 (custom)
2019-10-15 16:29:33,219 [pool-87-thread-1] INFO  segmented.SegmentedRaftLogWorker (SegmentedRaftLogWorker.java:<init>(173)) - new 6af1a5bd-f075-405e-b6a5-6d145eedd789@group-AF37DB7271F3-SegmentedRaftLogWorker for RaftStorage:Storage Directory /workdir/hadoop-ozone/integration-test/target/test-dir/MiniOzoneClusterImpl-beab53a1-ec34-46da-8591-07ed803d9383/datanode-6/data/ratis/7a21e33d-5546-44ce-b605-af37db7271f3
2019-10-15 16:29:33,219 [pool-27-thread-1] INFO  server.RaftServerConfigKeys (ConfUtils.java:logGet(43)) - raft.server.log.purge.gap = 1000000 (custom)
2019-10-15 16:29:33,220 [pool-87-thread-1] INFO  server.RaftServerConfigKeys (ConfUtils.java:logGet(43)) - raft.server.log.queue.byte-limit = 2147483647 (custom)
2019-10-15 16:29:33,220 [pool-37-thread-1] INFO  server.RaftServerConfigKeys (ConfUtils.java:logGet(43)) - raft.server.log.appender.buffer.byte-limit = 33554432 (custom)
2019-10-15 16:29:33,220 [pool-87-thread-1] INFO  server.RaftServerConfigKeys (ConfUtils.java:logGet(43)) - raft.server.log.queue.element-limit = 1024 (custom)
2019-10-15 16:29:33,220 [pool-27-thread-1] INFO  server.RaftServerConfigKeys (ConfUtils.java:logGet(43)) - raft.server.log.appender.buffer.byte-limit = 33554432 (custom)
2019-10-15 16:29:33,222 [pool-87-thread-1] INFO  server.RaftServerConfigKeys (ConfUtils.java:logGet(43)) - raft.server.log.segment.size.max = 1048576 (custom)
2019-10-15 16:29:33,220 [pool-37-thread-1] INFO  server.RaftServerConfigKeys (ConfUtils.java:logGet(43)) - raft.server.log.segment.size.max = 1048576 (custom)
2019-10-15 16:29:33,223 [pool-87-thread-1] INFO  server.RaftServerConfigKeys (ConfUtils.java:logGet(43)) - raft.server.log.preallocated.size = 16384 (custom)
2019-10-15 16:29:33,223 [pool-27-thread-1] INFO  server.RaftServerConfigKeys (ConfUtils.java:logGet(43)) - raft.server.log.segment.size.max = 1048576 (custom)
2019-10-15 16:29:33,233 [14091fe6-d183-4b46-be93-2ba964a39c73@group-C25BD028928E-LeaderElection11] INFO  impl.LeaderElection (LeaderElection.java:logAndReturn(56)) - 14091fe6-d183-4b46-be93-2ba964a39c73@group-C25BD028928E-LeaderElection11: Election TIMEOUT; received 0 response(s) [] and 0 exception(s); 14091fe6-d183-4b46-be93-2ba964a39c73@group-C25BD028928E:t2, leader=null, voted=14091fe6-d183-4b46-be93-2ba964a39c73, raftlog=14091fe6-d183-4b46-be93-2ba964a39c73@group-C25BD028928E-SegmentedRaftLog:OPENED:c-1,f-1,i0, conf=-1: [f581660d-af3d-4f5f-b57d-f4cb54f048b9:192.168.164.239:42501, f5624850-682f-4ec5-bb5c-f79627fc299e:192.168.164.239:39499, 14091fe6-d183-4b46-be93-2ba964a39c73:192.168.164.239:34827], old=null
2019-10-15 16:29:33,224 [pool-87-thread-1] INFO  server.RaftServerConfigKeys (ConfUtils.java:logGet(43)) - raft.server.log.write.buffer.size = 33554432 (custom)
2019-10-15 16:29:33,223 [pool-37-thread-1] INFO  server.RaftServerConfigKeys (ConfUtils.java:logGet(43)) - raft.server.log.segment.cache.num.max = 2 (custom)
2019-10-15 16:29:33,233 [pool-27-thread-1] INFO  server.RaftServerConfigKeys (ConfUtils.java:logGet(43)) - raft.server.log.segment.cache.num.max = 2 (custom)
2019-10-15 16:29:33,240 [pool-87-thread-1] INFO  server.RaftServerConfigKeys (ConfUtils.java:logGet(43)) - raft.server.log.force.sync.num = 128 (default)
2019-10-15 16:29:33,242 [pool-37-thread-1] INFO  segmented.SegmentedRaftLogWorker (SegmentedRaftLogWorker.java:<init>(173)) - new 0bff853f-e43c-4347-b3e4-d8621042c42b@group-AF37DB7271F3-SegmentedRaftLogWorker for RaftStorage:Storage Directory /workdir/hadoop-ozone/integration-test/target/test-dir/MiniOzoneClusterImpl-beab53a1-ec34-46da-8591-07ed803d9383/datanode-1/data/ratis/7a21e33d-5546-44ce-b605-af37db7271f3
2019-10-15 16:29:33,244 [pool-87-thread-1] INFO  server.RaftServerConfigKeys (ConfUtils.java:logGet(43)) - raft.server.log.statemachine.data.sync = true (default)
2019-10-15 16:29:33,242 [pool-27-thread-1] INFO  segmented.SegmentedRaftLogWorker (SegmentedRaftLogWorker.java:<init>(173)) - new b3806c56-f44f-4484-a72b-f9662a6f8cba@group-AF37DB7271F3-SegmentedRaftLogWorker for RaftStorage:Storage Directory /workdir/hadoop-ozone/integration-test/target/test-dir/MiniOzoneClusterImpl-beab53a1-ec34-46da-8591-07ed803d9383/datanode-0/data/ratis/7a21e33d-5546-44ce-b605-af37db7271f3
2019-10-15 16:29:33,247 [pool-27-thread-1] INFO  server.RaftServerConfigKeys (ConfUtils.java:logGet(43)) - raft.server.log.queue.byte-limit = 2147483647 (custom)
2019-10-15 16:29:33,247 [f5624850-682f-4ec5-bb5c-f79627fc299e@group-C25BD028928E-LeaderElection13] INFO  impl.LeaderElection (LeaderElection.java:askForVotes(178)) - f5624850-682f-4ec5-bb5c-f79627fc299e@group-C25BD028928E-LeaderElection13: begin an election at term 2 for -1: [f581660d-af3d-4f5f-b57d-f4cb54f048b9:192.168.164.239:42501, f5624850-682f-4ec5-bb5c-f79627fc299e:192.168.164.239:39499, 14091fe6-d183-4b46-be93-2ba964a39c73:192.168.164.239:34827], old=null
2019-10-15 16:29:33,247 [pool-87-thread-1] INFO  server.RaftServerConfigKeys (ConfUtils.java:logGet(43)) - raft.server.log.statemachine.data.sync.timeout = 10s (default)
2019-10-15 16:29:33,245 [pool-37-thread-1] INFO  server.RaftServerConfigKeys (ConfUtils.java:logGet(43)) - raft.server.log.queue.byte-limit = 2147483647 (custom)
2019-10-15 16:29:33,247 [pool-87-thread-1] INFO  server.RaftServerConfigKeys (ConfUtils.java:logGet(43)) - raft.server.log.statemachine.data.sync.timeout.retry = -1 (default)
2019-10-15 16:29:33,247 [pool-27-thread-1] INFO  server.RaftServerConfigKeys (ConfUtils.java:logGet(43)) - raft.server.log.queue.element-limit = 1024 (custom)
2019-10-15 16:29:33,247 [f581660d-af3d-4f5f-b57d-f4cb54f048b9@group-C25BD028928E-LeaderElection12] INFO  impl.LeaderElection (LeaderElection.java:askForVotes(178)) - f581660d-af3d-4f5f-b57d-f4cb54f048b9@group-C25BD028928E-LeaderElection12: begin an election at term 2 for -1: [f581660d-af3d-4f5f-b57d-f4cb54f048b9:192.168.164.239:42501, f5624850-682f-4ec5-bb5c-f79627fc299e:192.168.164.239:39499, 14091fe6-d183-4b46-be93-2ba964a39c73:192.168.164.239:34827], old=null
2019-10-15 16:29:33,248 [f5624850-682f-4ec5-bb5c-f79627fc299e@group-C25BD028928E-LeaderElection13] INFO  impl.LeaderElection (LeaderElection.java:logAndReturn(56)) - f5624850-682f-4ec5-bb5c-f79627fc299e@group-C25BD028928E-LeaderElection13: Election REJECTED; received 0 response(s) [] and 0 exception(s); f5624850-682f-4ec5-bb5c-f79627fc299e@group-C25BD028928E:t2, leader=null, voted=f5624850-682f-4ec5-bb5c-f79627fc299e, raftlog=f5624850-682f-4ec5-bb5c-f79627fc299e@group-C25BD028928E-SegmentedRaftLog:OPENED:c-1,f-1,i0, conf=-1: [f581660d-af3d-4f5f-b57d-f4cb54f048b9:192.168.164.239:42501, f5624850-682f-4ec5-bb5c-f79627fc299e:192.168.164.239:39499, 14091fe6-d183-4b46-be93-2ba964a39c73:192.168.164.239:34827], old=null
2019-10-15 16:29:33,248 [pool-87-thread-1] INFO  server.RaftServerConfigKeys (ConfUtils.java:logGet(43)) - raft.server.log.statemachine.data.caching.enabled = true (custom)
2019-10-15 16:29:33,248 [pool-27-thread-1] INFO  server.RaftServerConfigKeys (ConfUtils.java:logGet(43)) - raft.server.log.segment.size.max = 1048576 (custom)
2019-10-15 16:29:33,247 [pool-37-thread-1] INFO  server.RaftServerConfigKeys (ConfUtils.java:logGet(43)) - raft.server.log.queue.element-limit = 1024 (custom)
2019-10-15 16:29:33,257 [pool-27-thread-1] INFO  server.RaftServerConfigKeys (ConfUtils.java:logGet(43)) - raft.server.log.preallocated.size = 16384 (custom)
2019-10-15 16:29:33,258 [pool-27-thread-1] INFO  server.RaftServerConfigKeys (ConfUtils.java:logGet(43)) - raft.server.log.write.buffer.size = 33554432 (custom)
2019-10-15 16:29:33,258 [f581660d-af3d-4f5f-b57d-f4cb54f048b9@group-C25BD028928E-LeaderElection12] INFO  impl.LeaderElection (LeaderElection.java:logAndReturn(56)) - f581660d-af3d-4f5f-b57d-f4cb54f048b9@group-C25BD028928E-LeaderElection12: Election REJECTED; received 0 response(s) [] and 0 exception(s); f581660d-af3d-4f5f-b57d-f4cb54f048b9@group-C25BD028928E:t2, leader=null, voted=f581660d-af3d-4f5f-b57d-f4cb54f048b9, raftlog=f581660d-af3d-4f5f-b57d-f4cb54f048b9@group-C25BD028928E-SegmentedRaftLog:OPENED:c-1,f-1,i0, conf=-1: [f581660d-af3d-4f5f-b57d-f4cb54f048b9:192.168.164.239:42501, f5624850-682f-4ec5-bb5c-f79627fc299e:192.168.164.239:39499, 14091fe6-d183-4b46-be93-2ba964a39c73:192.168.164.239:34827], old=null
2019-10-15 16:29:33,250 [main] INFO  rpc.RpcClient (RpcClient.java:createVolume(272)) - Creating Volume: datanodefailurehandlingtest, with jenkins1000 as owner.
2019-10-15 16:29:33,258 [pool-27-thread-1] INFO  server.RaftServerConfigKeys (ConfUtils.java:logGet(43)) - raft.server.log.force.sync.num = 128 (default)
2019-10-15 16:29:33,258 [pool-37-thread-1] INFO  server.RaftServerConfigKeys (ConfUtils.java:logGet(43)) - raft.server.log.segment.size.max = 1048576 (custom)
2019-10-15 16:29:33,258 [pool-87-thread-1] INFO  segmented.SegmentedRaftLogWorker (SegmentedRaftLogWorker.java:lambda$new$0(128)) - 6af1a5bd-f075-405e-b6a5-6d145eedd789@group-AF37DB7271F3-SegmentedRaftLogWorker: flushIndex: setUnconditionally 0 -> -1
2019-10-15 16:29:33,270 [pool-37-thread-1] INFO  server.RaftServerConfigKeys (ConfUtils.java:logGet(43)) - raft.server.log.preallocated.size = 16384 (custom)
2019-10-15 16:29:33,267 [pool-27-thread-1] INFO  server.RaftServerConfigKeys (ConfUtils.java:logGet(43)) - raft.server.log.statemachine.data.sync = true (default)
2019-10-15 16:29:33,272 [pool-87-thread-1] INFO  server.RaftServerConfigKeys (ConfUtils.java:logGet(43)) - raft.server.snapshot.auto.trigger.enabled = true (custom)
2019-10-15 16:29:33,272 [pool-37-thread-1] INFO  server.RaftServerConfigKeys (ConfUtils.java:logGet(43)) - raft.server.log.write.buffer.size = 33554432 (custom)
2019-10-15 16:29:33,272 [14091fe6-d183-4b46-be93-2ba964a39c73@group-C25BD028928E-LeaderElection11] INFO  impl.LeaderElection (LeaderElection.java:askForVotes(178)) - 14091fe6-d183-4b46-be93-2ba964a39c73@group-C25BD028928E-LeaderElection11: begin an election at term 3 for -1: [f581660d-af3d-4f5f-b57d-f4cb54f048b9:192.168.164.239:42501, f5624850-682f-4ec5-bb5c-f79627fc299e:192.168.164.239:39499, 14091fe6-d183-4b46-be93-2ba964a39c73:192.168.164.239:34827], old=null
2019-10-15 16:29:33,273 [pool-37-thread-1] INFO  server.RaftServerConfigKeys (ConfUtils.java:logGet(43)) - raft.server.log.force.sync.num = 128 (default)
2019-10-15 16:29:33,273 [pool-87-thread-1] INFO  server.RaftServerConfigKeys (ConfUtils.java:logGet(43)) - raft.server.snapshot.auto.trigger.threshold = 10000 (custom)
2019-10-15 16:29:33,272 [pool-27-thread-1] INFO  server.RaftServerConfigKeys (ConfUtils.java:logGet(43)) - raft.server.log.statemachine.data.sync.timeout = 10s (default)
2019-10-15 16:29:33,273 [pool-87-thread-1] INFO  server.RaftServerConfigKeys (ConfUtils.java:logGet(43)) - raft.server.snapshot.retention.file.num = 5 (custom)
2019-10-15 16:29:33,273 [pool-37-thread-1] INFO  server.RaftServerConfigKeys (ConfUtils.java:logGet(43)) - raft.server.log.statemachine.data.sync = true (default)
2019-10-15 16:29:33,274 [pool-87-thread-1] INFO  server.RaftServerConfigKeys (ConfUtils.java:logGet(43)) - raft.server.retrycache.expirytime = 600000ms (custom)
2019-10-15 16:29:33,273 [pool-27-thread-1] INFO  server.RaftServerConfigKeys (ConfUtils.java:logGet(43)) - raft.server.log.statemachine.data.sync.timeout.retry = -1 (default)
2019-10-15 16:29:33,274 [pool-37-thread-1] INFO  server.RaftServerConfigKeys (ConfUtils.java:logGet(43)) - raft.server.log.statemachine.data.sync.timeout = 10s (default)
2019-10-15 16:29:33,274 [pool-27-thread-1] INFO  server.RaftServerConfigKeys (ConfUtils.java:logGet(43)) - raft.server.log.statemachine.data.caching.enabled = true (custom)
2019-10-15 16:29:33,274 [pool-37-thread-1] INFO  server.RaftServerConfigKeys (ConfUtils.java:logGet(43)) - raft.server.log.statemachine.data.sync.timeout.retry = -1 (default)
2019-10-15 16:29:33,274 [pool-37-thread-1] INFO  server.RaftServerConfigKeys (ConfUtils.java:logGet(43)) - raft.server.log.statemachine.data.caching.enabled = true (custom)
2019-10-15 16:29:33,275 [pool-27-thread-1] INFO  segmented.SegmentedRaftLogWorker (SegmentedRaftLogWorker.java:lambda$new$0(128)) - b3806c56-f44f-4484-a72b-f9662a6f8cba@group-AF37DB7271F3-SegmentedRaftLogWorker: flushIndex: setUnconditionally 0 -> -1
2019-10-15 16:29:33,275 [pool-37-thread-1] INFO  segmented.SegmentedRaftLogWorker (SegmentedRaftLogWorker.java:lambda$new$0(128)) - 0bff853f-e43c-4347-b3e4-d8621042c42b@group-AF37DB7271F3-SegmentedRaftLogWorker: flushIndex: setUnconditionally 0 -> -1
2019-10-15 16:29:33,275 [pool-27-thread-1] INFO  server.RaftServerConfigKeys (ConfUtils.java:logGet(43)) - raft.server.snapshot.auto.trigger.enabled = true (custom)
2019-10-15 16:29:33,277 [pool-27-thread-1] INFO  server.RaftServerConfigKeys (ConfUtils.java:logGet(43)) - raft.server.snapshot.auto.trigger.threshold = 10000 (custom)
2019-10-15 16:29:33,277 [pool-37-thread-1] INFO  server.RaftServerConfigKeys (ConfUtils.java:logGet(43)) - raft.server.snapshot.auto.trigger.enabled = true (custom)
2019-10-15 16:29:33,277 [pool-27-thread-1] INFO  server.RaftServerConfigKeys (ConfUtils.java:logGet(43)) - raft.server.snapshot.retention.file.num = 5 (custom)
2019-10-15 16:29:33,277 [pool-37-thread-1] INFO  server.RaftServerConfigKeys (ConfUtils.java:logGet(43)) - raft.server.snapshot.auto.trigger.threshold = 10000 (custom)
2019-10-15 16:29:33,277 [pool-27-thread-1] INFO  server.RaftServerConfigKeys (ConfUtils.java:logGet(43)) - raft.server.retrycache.expirytime = 600000ms (custom)
2019-10-15 16:29:33,277 [pool-37-thread-1] INFO  server.RaftServerConfigKeys (ConfUtils.java:logGet(43)) - raft.server.snapshot.retention.file.num = 5 (custom)
2019-10-15 16:29:33,277 [pool-37-thread-1] INFO  server.RaftServerConfigKeys (ConfUtils.java:logGet(43)) - raft.server.retrycache.expirytime = 600000ms (custom)
2019-10-15 16:29:33,282 [pool-87-thread-1] INFO  impl.RaftServerImpl (RaftServerImpl.java:start(195)) - 6af1a5bd-f075-405e-b6a5-6d145eedd789@group-AF37DB7271F3: start as a follower, conf=-1: [0bff853f-e43c-4347-b3e4-d8621042c42b:192.168.164.239:34619, b3806c56-f44f-4484-a72b-f9662a6f8cba:192.168.164.239:35315, 6af1a5bd-f075-405e-b6a5-6d145eedd789:192.168.164.239:35339], old=null
2019-10-15 16:29:33,283 [pool-87-thread-1] INFO  impl.RaftServerImpl (RaftServerImpl.java:setRole(184)) - 6af1a5bd-f075-405e-b6a5-6d145eedd789@group-AF37DB7271F3: changes role from      null to FOLLOWER at term 0 for startAsFollower
2019-10-15 16:29:33,286 [pool-87-thread-1] INFO  impl.RoleInfo (RoleInfo.java:updateAndGet(143)) - 6af1a5bd-f075-405e-b6a5-6d145eedd789: start FollowerState
2019-10-15 16:29:33,287 [pool-87-thread-1] INFO  util.JmxRegister (JmxRegister.java:tryRegister(44)) - Successfully registered JMX Bean with object name Ratis:service=RaftServer,group=group-AF37DB7271F3,id=6af1a5bd-f075-405e-b6a5-6d145eedd789
2019-10-15 16:29:33,289 [grpc-default-executor-2] INFO  impl.RaftServerImpl (RaftServerImpl.java:setRole(184)) - f5624850-682f-4ec5-bb5c-f79627fc299e@group-C25BD028928E: changes role from  FOLLOWER to FOLLOWER at term 3 for recognizeCandidate:14091fe6-d183-4b46-be93-2ba964a39c73
2019-10-15 16:29:33,289 [grpc-default-executor-2] INFO  impl.RoleInfo (RoleInfo.java:shutdownFollowerState(121)) - f5624850-682f-4ec5-bb5c-f79627fc299e: shutdown FollowerState
2019-10-15 16:29:33,289 [pool-27-thread-1] INFO  impl.RaftServerImpl (RaftServerImpl.java:start(195)) - b3806c56-f44f-4484-a72b-f9662a6f8cba@group-AF37DB7271F3: start as a follower, conf=-1: [0bff853f-e43c-4347-b3e4-d8621042c42b:192.168.164.239:34619, b3806c56-f44f-4484-a72b-f9662a6f8cba:192.168.164.239:35315, 6af1a5bd-f075-405e-b6a5-6d145eedd789:192.168.164.239:35339], old=null
2019-10-15 16:29:33,289 [Thread-350] INFO  impl.FollowerState (FollowerState.java:run(117)) - f5624850-682f-4ec5-bb5c-f79627fc299e@group-C25BD028928E-FollowerState was interrupted: java.lang.InterruptedException: sleep interrupted
2019-10-15 16:29:33,289 [pool-27-thread-1] INFO  impl.RaftServerImpl (RaftServerImpl.java:setRole(184)) - b3806c56-f44f-4484-a72b-f9662a6f8cba@group-AF37DB7271F3: changes role from      null to FOLLOWER at term 0 for startAsFollower
2019-10-15 16:29:33,289 [grpc-default-executor-2] INFO  impl.RoleInfo (RoleInfo.java:updateAndGet(143)) - f5624850-682f-4ec5-bb5c-f79627fc299e: start FollowerState
2019-10-15 16:29:33,291 [pool-27-thread-1] INFO  impl.RoleInfo (RoleInfo.java:updateAndGet(143)) - b3806c56-f44f-4484-a72b-f9662a6f8cba: start FollowerState
2019-10-15 16:29:33,291 [pool-37-thread-1] INFO  impl.RaftServerImpl (RaftServerImpl.java:start(195)) - 0bff853f-e43c-4347-b3e4-d8621042c42b@group-AF37DB7271F3: start as a follower, conf=-1: [0bff853f-e43c-4347-b3e4-d8621042c42b:192.168.164.239:34619, b3806c56-f44f-4484-a72b-f9662a6f8cba:192.168.164.239:35315, 6af1a5bd-f075-405e-b6a5-6d145eedd789:192.168.164.239:35339], old=null
2019-10-15 16:29:33,290 [grpc-default-executor-3] INFO  impl.RaftServerImpl (RaftServerImpl.java:setRole(184)) - f581660d-af3d-4f5f-b57d-f4cb54f048b9@group-C25BD028928E: changes role from  FOLLOWER to FOLLOWER at term 3 for recognizeCandidate:14091fe6-d183-4b46-be93-2ba964a39c73
2019-10-15 16:29:33,291 [pool-37-thread-1] INFO  impl.RaftServerImpl (RaftServerImpl.java:setRole(184)) - 0bff853f-e43c-4347-b3e4-d8621042c42b@group-AF37DB7271F3: changes role from      null to FOLLOWER at term 0 for startAsFollower
2019-10-15 16:29:33,292 [pool-27-thread-1] INFO  util.JmxRegister (JmxRegister.java:tryRegister(44)) - Successfully registered JMX Bean with object name Ratis:service=RaftServer,group=group-AF37DB7271F3,id=b3806c56-f44f-4484-a72b-f9662a6f8cba
2019-10-15 16:29:33,291 [grpc-default-executor-3] INFO  impl.RoleInfo (RoleInfo.java:shutdownFollowerState(121)) - f581660d-af3d-4f5f-b57d-f4cb54f048b9: shutdown FollowerState
2019-10-15 16:29:33,293 [pool-37-thread-1] INFO  impl.RoleInfo (RoleInfo.java:updateAndGet(143)) - 0bff853f-e43c-4347-b3e4-d8621042c42b: start FollowerState
2019-10-15 16:29:33,294 [grpc-default-executor-3] INFO  impl.RoleInfo (RoleInfo.java:updateAndGet(143)) - f581660d-af3d-4f5f-b57d-f4cb54f048b9: start FollowerState
2019-10-15 16:29:33,294 [Thread-351] INFO  impl.FollowerState (FollowerState.java:run(117)) - f581660d-af3d-4f5f-b57d-f4cb54f048b9@group-C25BD028928E-FollowerState was interrupted: java.lang.InterruptedException: sleep interrupted
2019-10-15 16:29:33,297 [pool-37-thread-1] INFO  util.JmxRegister (JmxRegister.java:tryRegister(44)) - Successfully registered JMX Bean with object name Ratis:service=RaftServer,group=group-AF37DB7271F3,id=0bff853f-e43c-4347-b3e4-d8621042c42b
2019-10-15 16:29:33,298 [Thread-283] INFO  container.ReplicationManager (ReplicationManager.java:start(162)) - Starting Replication Monitor Thread.
2019-10-15 16:29:33,302 [ReplicationMonitor] INFO  container.ReplicationManager (ReplicationManager.java:run(225)) - Replication Monitor Thread took 0 milliseconds for processing 0 containers.
2019-10-15 16:29:33,325 [RatisPipelineUtilsThread] INFO  pipeline.PipelineStateManager (PipelineStateManager.java:addPipeline(56)) - Created pipeline Pipeline[ Id: 7a21e33d-5546-44ce-b605-af37db7271f3, Nodes: 6af1a5bd-f075-405e-b6a5-6d145eedd789{ip: 192.168.164.239, host: pr-hdds-2302-bqc8v-2513969318, networkLocation: /default-rack, certSerialId: null}0bff853f-e43c-4347-b3e4-d8621042c42b{ip: 192.168.164.239, host: pr-hdds-2302-bqc8v-2513969318, networkLocation: /default-rack, certSerialId: null}b3806c56-f44f-4484-a72b-f9662a6f8cba{ip: 192.168.164.239, host: pr-hdds-2302-bqc8v-2513969318, networkLocation: /default-rack, certSerialId: null}, Type:RATIS, Factor:THREE, State:OPEN]
2019-10-15 16:29:33,332 [Thread-368] INFO  impl.FollowerState (FollowerState.java:run(108)) - f581660d-af3d-4f5f-b57d-f4cb54f048b9@group-C25BD028928E-FollowerState: change to CANDIDATE, lastRpcTime:37ms, electionTimeout:34ms
2019-10-15 16:29:33,332 [Thread-364] INFO  impl.FollowerState (FollowerState.java:run(108)) - 6af1a5bd-f075-405e-b6a5-6d145eedd789@group-AF37DB7271F3-FollowerState: change to CANDIDATE, lastRpcTime:46ms, electionTimeout:44ms
2019-10-15 16:29:33,332 [Thread-368] INFO  impl.RoleInfo (RoleInfo.java:shutdownFollowerState(121)) - f581660d-af3d-4f5f-b57d-f4cb54f048b9: shutdown FollowerState
2019-10-15 16:29:33,334 [Thread-364] INFO  impl.RoleInfo (RoleInfo.java:shutdownFollowerState(121)) - 6af1a5bd-f075-405e-b6a5-6d145eedd789: shutdown FollowerState
2019-10-15 16:29:33,334 [Thread-368] INFO  impl.RaftServerImpl (RaftServerImpl.java:setRole(184)) - f581660d-af3d-4f5f-b57d-f4cb54f048b9@group-C25BD028928E: changes role from  FOLLOWER to CANDIDATE at term 3 for changeToCandidate
2019-10-15 16:29:33,334 [Thread-364] INFO  impl.RaftServerImpl (RaftServerImpl.java:setRole(184)) - 6af1a5bd-f075-405e-b6a5-6d145eedd789@group-AF37DB7271F3: changes role from  FOLLOWER to CANDIDATE at term 0 for changeToCandidate
2019-10-15 16:29:33,336 [Thread-368] INFO  impl.RoleInfo (RoleInfo.java:updateAndGet(143)) - f581660d-af3d-4f5f-b57d-f4cb54f048b9: start LeaderElection
2019-10-15 16:29:33,336 [Thread-364] INFO  impl.RoleInfo (RoleInfo.java:updateAndGet(143)) - 6af1a5bd-f075-405e-b6a5-6d145eedd789: start LeaderElection
2019-10-15 16:29:33,343 [14091fe6-d183-4b46-be93-2ba964a39c73@group-C25BD028928E-LeaderElection11] INFO  impl.LeaderElection (LeaderElection.java:logAndReturn(56)) - 14091fe6-d183-4b46-be93-2ba964a39c73@group-C25BD028928E-LeaderElection11: Election PASSED; received 1 response(s) [14091fe6-d183-4b46-be93-2ba964a39c73<-f581660d-af3d-4f5f-b57d-f4cb54f048b9#0:OK-t3] and 0 exception(s); 14091fe6-d183-4b46-be93-2ba964a39c73@group-C25BD028928E:t3, leader=null, voted=14091fe6-d183-4b46-be93-2ba964a39c73, raftlog=14091fe6-d183-4b46-be93-2ba964a39c73@group-C25BD028928E-SegmentedRaftLog:OPENED:c-1,f-1,i0, conf=-1: [f581660d-af3d-4f5f-b57d-f4cb54f048b9:192.168.164.239:42501, f5624850-682f-4ec5-bb5c-f79627fc299e:192.168.164.239:39499, 14091fe6-d183-4b46-be93-2ba964a39c73:192.168.164.239:34827], old=null
2019-10-15 16:29:33,343 [14091fe6-d183-4b46-be93-2ba964a39c73@group-C25BD028928E-LeaderElection11] INFO  impl.RoleInfo (RoleInfo.java:shutdownLeaderElection(134)) - 14091fe6-d183-4b46-be93-2ba964a39c73: shutdown LeaderElection
2019-10-15 16:29:33,343 [14091fe6-d183-4b46-be93-2ba964a39c73@group-C25BD028928E-LeaderElection11] INFO  impl.RaftServerImpl (RaftServerImpl.java:setRole(184)) - 14091fe6-d183-4b46-be93-2ba964a39c73@group-C25BD028928E: changes role from CANDIDATE to LEADER at term 3 for changeToLeader
2019-10-15 16:29:33,344 [14091fe6-d183-4b46-be93-2ba964a39c73@group-C25BD028928E-LeaderElection11] INFO  impl.RaftServerImpl (ServerState.java:setLeader(256)) - 14091fe6-d183-4b46-be93-2ba964a39c73@group-C25BD028928E: change Leader from null to 14091fe6-d183-4b46-be93-2ba964a39c73 at term 3 for becomeLeader, leader elected after 591ms
2019-10-15 16:29:33,344 [14091fe6-d183-4b46-be93-2ba964a39c73@group-C25BD028928E-LeaderElection11] INFO  server.RaftServerConfigKeys (ConfUtils.java:logGet(43)) - raft.server.staging.catchup.gap = 1000 (default)
2019-10-15 16:29:33,345 [14091fe6-d183-4b46-be93-2ba964a39c73@group-C25BD028928E-LeaderElection11] INFO  server.RaftServerConfigKeys (ConfUtils.java:logGet(43)) - raft.server.rpc.sleep.time = 25ms (default)
2019-10-15 16:29:33,345 [14091fe6-d183-4b46-be93-2ba964a39c73@group-C25BD028928E-LeaderElection11] INFO  server.RaftServerConfigKeys (ConfUtils.java:logGet(43)) - raft.server.write.element-limit = 4096 (default)
2019-10-15 16:29:33,345 [14091fe6-d183-4b46-be93-2ba964a39c73@group-C25BD028928E-LeaderElection11] INFO  server.RaftServerConfigKeys (ConfUtils.java:logGet(43)) - raft.server.watch.timeout = 10s (default)
2019-10-15 16:29:33,345 [14091fe6-d183-4b46-be93-2ba964a39c73@group-C25BD028928E-LeaderElection11] INFO  server.RaftServerConfigKeys (ConfUtils.java:logGet(43)) - raft.server.watch.timeout.denomination = 1s (default)
2019-10-15 16:29:33,346 [14091fe6-d183-4b46-be93-2ba964a39c73@group-C25BD028928E-LeaderElection11] INFO  server.RaftServerConfigKeys (ConfUtils.java:logGet(43)) - raft.server.watch.element-limit = 65536 (default)
2019-10-15 16:29:33,348 [grpc-default-executor-4] INFO  impl.RaftServerProxy (RaftServerProxy.java:addNew(89)) - cccd55fe-f481-4e2b-93ed-b6a86d13c378: addNew group-F2FE1ED60945:[c48d8dfa-9e66-4eac-9ff2-02281a99dfa9:192.168.164.239:41652, cccd55fe-f481-4e2b-93ed-b6a86d13c378:192.168.164.239:35771, 24ee8ff7-dd07-49e6-bbcb-bb50ff0e8e36:192.168.164.239:45096] returns group-F2FE1ED60945:java.util.concurrent.CompletableFuture@cf9b53b[Not completed]
2019-10-15 16:29:33,351 [Thread-367] INFO  impl.FollowerState (FollowerState.java:run(108)) - 0bff853f-e43c-4347-b3e4-d8621042c42b@group-AF37DB7271F3-FollowerState: change to CANDIDATE, lastRpcTime:58ms, electionTimeout:53ms
2019-10-15 16:29:33,351 [Thread-367] INFO  impl.RoleInfo (RoleInfo.java:shutdownFollowerState(121)) - 0bff853f-e43c-4347-b3e4-d8621042c42b: shutdown FollowerState
2019-10-15 16:29:33,351 [Thread-367] INFO  impl.RaftServerImpl (RaftServerImpl.java:setRole(184)) - 0bff853f-e43c-4347-b3e4-d8621042c42b@group-AF37DB7271F3: changes role from  FOLLOWER to CANDIDATE at term 0 for changeToCandidate
2019-10-15 16:29:33,351 [Thread-367] INFO  impl.RoleInfo (RoleInfo.java:updateAndGet(143)) - 0bff853f-e43c-4347-b3e4-d8621042c42b: start LeaderElection
2019-10-15 16:29:33,355 [grpc-default-executor-4] INFO  impl.RaftServerProxy (RaftServerProxy.java:addNew(89)) - 24ee8ff7-dd07-49e6-bbcb-bb50ff0e8e36: addNew group-F2FE1ED60945:[c48d8dfa-9e66-4eac-9ff2-02281a99dfa9:192.168.164.239:41652, cccd55fe-f481-4e2b-93ed-b6a86d13c378:192.168.164.239:35771, 24ee8ff7-dd07-49e6-bbcb-bb50ff0e8e36:192.168.164.239:45096] returns group-F2FE1ED60945:java.util.concurrent.CompletableFuture@8c6307c[Not completed]
2019-10-15 16:29:33,356 [pool-47-thread-1] INFO  impl.RaftServerImpl (RaftServerImpl.java:<init>(104)) - cccd55fe-f481-4e2b-93ed-b6a86d13c378: new RaftServerImpl for group-F2FE1ED60945:[c48d8dfa-9e66-4eac-9ff2-02281a99dfa9:192.168.164.239:41652, cccd55fe-f481-4e2b-93ed-b6a86d13c378:192.168.164.239:35771, 24ee8ff7-dd07-49e6-bbcb-bb50ff0e8e36:192.168.164.239:45096] with ContainerStateMachine:uninitialized
2019-10-15 16:29:33,356 [pool-47-thread-1] INFO  server.RaftServerConfigKeys (ConfUtils.java:logGet(43)) - raft.server.rpc.timeout.min = 1s (custom)
2019-10-15 16:29:33,357 [pool-47-thread-1] INFO  server.RaftServerConfigKeys (ConfUtils.java:logGet(43)) - raft.server.rpc.timeout.max = 1200ms (custom)
2019-10-15 16:29:33,357 [pool-47-thread-1] INFO  server.RaftServerConfigKeys (ConfUtils.java:logGet(43)) - raft.server.rpcslowness.timeout = 120s (custom)
2019-10-15 16:29:33,357 [pool-47-thread-1] INFO  server.RaftServerConfigKeys (ConfUtils.java:logGet(43)) - raft.server.sleep.deviation.threshold = 300 (default)
2019-10-15 16:29:33,357 [pool-47-thread-1] INFO  server.RaftServerConfigKeys (ConfUtils.java:logGet(43)) - raft.server.log.appender.install.snapshot.enabled = false (custom)
2019-10-15 16:29:33,357 [pool-47-thread-1] INFO  impl.RaftServerImpl (ServerState.java:<init>(103)) - cccd55fe-f481-4e2b-93ed-b6a86d13c378@group-F2FE1ED60945: ConfigurationManager, init=-1: [c48d8dfa-9e66-4eac-9ff2-02281a99dfa9:192.168.164.239:41652, cccd55fe-f481-4e2b-93ed-b6a86d13c378:192.168.164.239:35771, 24ee8ff7-dd07-49e6-bbcb-bb50ff0e8e36:192.168.164.239:45096], old=null, confs=<EMPTY_MAP>
2019-10-15 16:29:33,357 [grpc-default-executor-4] INFO  impl.RaftServerProxy (RaftServerProxy.java:addNew(89)) - c48d8dfa-9e66-4eac-9ff2-02281a99dfa9: addNew group-F2FE1ED60945:[c48d8dfa-9e66-4eac-9ff2-02281a99dfa9:192.168.164.239:41652, cccd55fe-f481-4e2b-93ed-b6a86d13c378:192.168.164.239:35771, 24ee8ff7-dd07-49e6-bbcb-bb50ff0e8e36:192.168.164.239:45096] returns group-F2FE1ED60945:java.util.concurrent.CompletableFuture@4dc4bf00[Not completed]
2019-10-15 16:29:33,357 [pool-47-thread-1] INFO  server.RaftServerConfigKeys (ConfUtils.java:logGet(43)) - raft.server.storage.dir = [/workdir/hadoop-ozone/integration-test/target/test-dir/MiniOzoneClusterImpl-beab53a1-ec34-46da-8591-07ed803d9383/datanode-2/data/ratis] (custom)
2019-10-15 16:29:33,357 [pool-97-thread-1] INFO  impl.RaftServerImpl (RaftServerImpl.java:<init>(104)) - 24ee8ff7-dd07-49e6-bbcb-bb50ff0e8e36: new RaftServerImpl for group-F2FE1ED60945:[c48d8dfa-9e66-4eac-9ff2-02281a99dfa9:192.168.164.239:41652, cccd55fe-f481-4e2b-93ed-b6a86d13c378:192.168.164.239:35771, 24ee8ff7-dd07-49e6-bbcb-bb50ff0e8e36:192.168.164.239:45096] with ContainerStateMachine:uninitialized
2019-10-15 16:29:33,357 [pool-47-thread-1] INFO  server.RaftServerConfigKeys (ConfUtils.java:logGet(43)) - raft.server.log.corruption.policy = EXCEPTION (default)
2019-10-15 16:29:33,357 [pool-97-thread-1] INFO  server.RaftServerConfigKeys (ConfUtils.java:logGet(43)) - raft.server.rpc.timeout.min = 1s (custom)
2019-10-15 16:29:33,358 [pool-47-thread-1] INFO  storage.RaftStorageDirectory (RaftStorageDirectory.java:analyzeStorage(246)) - The storage directory /workdir/hadoop-ozone/integration-test/target/test-dir/MiniOzoneClusterImpl-beab53a1-ec34-46da-8591-07ed803d9383/datanode-2/data/ratis/cc7a2a2f-f31d-4e37-8589-f2fe1ed60945 does not exist. Creating ...
2019-10-15 16:29:33,358 [pool-97-thread-1] INFO  server.RaftServerConfigKeys (ConfUtils.java:logGet(43)) - raft.server.rpc.timeout.max = 1200ms (custom)
2019-10-15 16:29:33,359 [pool-97-thread-1] INFO  server.RaftServerConfigKeys (ConfUtils.java:logGet(43)) - raft.server.rpcslowness.timeout = 120s (custom)
2019-10-15 16:29:33,359 [pool-97-thread-1] INFO  server.RaftServerConfigKeys (ConfUtils.java:logGet(43)) - raft.server.sleep.deviation.threshold = 300 (default)
2019-10-15 16:29:33,359 [14091fe6-d183-4b46-be93-2ba964a39c73@group-C25BD028928E-LeaderElection11] INFO  server.RaftServerConfigKeys (ConfUtils.java:logGet(43)) - raft.server.log.appender.snapshot.chunk.size.max = 16MB (=16777216) (default)
2019-10-15 16:29:33,359 [pool-57-thread-1] INFO  impl.RaftServerImpl (RaftServerImpl.java:<init>(104)) - c48d8dfa-9e66-4eac-9ff2-02281a99dfa9: new RaftServerImpl for group-F2FE1ED60945:[c48d8dfa-9e66-4eac-9ff2-02281a99dfa9:192.168.164.239:41652, cccd55fe-f481-4e2b-93ed-b6a86d13c378:192.168.164.239:35771, 24ee8ff7-dd07-49e6-bbcb-bb50ff0e8e36:192.168.164.239:45096] with ContainerStateMachine:uninitialized
2019-10-15 16:29:33,359 [pool-97-thread-1] INFO  server.RaftServerConfigKeys (ConfUtils.java:logGet(43)) - raft.server.log.appender.install.snapshot.enabled = false (custom)
2019-10-15 16:29:33,360 [pool-57-thread-1] INFO  server.RaftServerConfigKeys (ConfUtils.java:logGet(43)) - raft.server.rpc.timeout.min = 1s (custom)
2019-10-15 16:29:33,359 [14091fe6-d183-4b46-be93-2ba964a39c73@group-C25BD028928E-LeaderElection11] INFO  server.RaftServerConfigKeys (ConfUtils.java:logGet(43)) - raft.server.log.appender.buffer.byte-limit = 33554432 (custom)
2019-10-15 16:29:33,360 [pool-57-thread-1] INFO  server.RaftServerConfigKeys (ConfUtils.java:logGet(43)) - raft.server.rpc.timeout.max = 1200ms (custom)
2019-10-15 16:29:33,360 [pool-97-thread-1] INFO  impl.RaftServerImpl (ServerState.java:<init>(103)) - 24ee8ff7-dd07-49e6-bbcb-bb50ff0e8e36@group-F2FE1ED60945: ConfigurationManager, init=-1: [c48d8dfa-9e66-4eac-9ff2-02281a99dfa9:192.168.164.239:41652, cccd55fe-f481-4e2b-93ed-b6a86d13c378:192.168.164.239:35771, 24ee8ff7-dd07-49e6-bbcb-bb50ff0e8e36:192.168.164.239:45096], old=null, confs=<EMPTY_MAP>
2019-10-15 16:29:33,360 [pool-57-thread-1] INFO  server.RaftServerConfigKeys (ConfUtils.java:logGet(43)) - raft.server.rpcslowness.timeout = 120s (custom)
2019-10-15 16:29:33,360 [pool-97-thread-1] INFO  server.RaftServerConfigKeys (ConfUtils.java:logGet(43)) - raft.server.storage.dir = [/workdir/hadoop-ozone/integration-test/target/test-dir/MiniOzoneClusterImpl-beab53a1-ec34-46da-8591-07ed803d9383/datanode-7/data/ratis] (custom)
2019-10-15 16:29:33,360 [pool-57-thread-1] INFO  server.RaftServerConfigKeys (ConfUtils.java:logGet(43)) - raft.server.sleep.deviation.threshold = 300 (default)
2019-10-15 16:29:33,360 [14091fe6-d183-4b46-be93-2ba964a39c73@group-C25BD028928E-LeaderElection11] INFO  server.RaftServerConfigKeys (ConfUtils.java:logGet(43)) - raft.server.log.appender.buffer.element-limit = 1 (custom)
2019-10-15 16:29:33,361 [pool-97-thread-1] INFO  server.RaftServerConfigKeys (ConfUtils.java:logGet(43)) - raft.server.log.corruption.policy = EXCEPTION (default)
2019-10-15 16:29:33,360 [pool-57-thread-1] INFO  server.RaftServerConfigKeys (ConfUtils.java:logGet(43)) - raft.server.log.appender.install.snapshot.enabled = false (custom)
2019-10-15 16:29:33,361 [Thread-366] INFO  impl.FollowerState (FollowerState.java:run(108)) - b3806c56-f44f-4484-a72b-f9662a6f8cba@group-AF37DB7271F3-FollowerState: change to CANDIDATE, lastRpcTime:69ms, electionTimeout:69ms
2019-10-15 16:29:33,361 [pool-57-thread-1] INFO  impl.RaftServerImpl (ServerState.java:<init>(103)) - c48d8dfa-9e66-4eac-9ff2-02281a99dfa9@group-F2FE1ED60945: ConfigurationManager, init=-1: [c48d8dfa-9e66-4eac-9ff2-02281a99dfa9:192.168.164.239:41652, cccd55fe-f481-4e2b-93ed-b6a86d13c378:192.168.164.239:35771, 24ee8ff7-dd07-49e6-bbcb-bb50ff0e8e36:192.168.164.239:45096], old=null, confs=<EMPTY_MAP>
2019-10-15 16:29:33,361 [pool-97-thread-1] INFO  storage.RaftStorageDirectory (RaftStorageDirectory.java:analyzeStorage(246)) - The storage directory /workdir/hadoop-ozone/integration-test/target/test-dir/MiniOzoneClusterImpl-beab53a1-ec34-46da-8591-07ed803d9383/datanode-7/data/ratis/cc7a2a2f-f31d-4e37-8589-f2fe1ed60945 does not exist. Creating ...
2019-10-15 16:29:33,361 [pool-57-thread-1] INFO  server.RaftServerConfigKeys (ConfUtils.java:logGet(43)) - raft.server.storage.dir = [/workdir/hadoop-ozone/integration-test/target/test-dir/MiniOzoneClusterImpl-beab53a1-ec34-46da-8591-07ed803d9383/datanode-3/data/ratis] (custom)
2019-10-15 16:29:33,361 [Thread-366] INFO  impl.RoleInfo (RoleInfo.java:shutdownFollowerState(121)) - b3806c56-f44f-4484-a72b-f9662a6f8cba: shutdown FollowerState
2019-10-15 16:29:33,361 [Thread-366] INFO  impl.RaftServerImpl (RaftServerImpl.java:setRole(184)) - b3806c56-f44f-4484-a72b-f9662a6f8cba@group-AF37DB7271F3: changes role from  FOLLOWER to CANDIDATE at term 0 for changeToCandidate
2019-10-15 16:29:33,361 [pool-57-thread-1] INFO  server.RaftServerConfigKeys (ConfUtils.java:logGet(43)) - raft.server.log.corruption.policy = EXCEPTION (default)
2019-10-15 16:29:33,361 [Thread-366] INFO  impl.RoleInfo (RoleInfo.java:updateAndGet(143)) - b3806c56-f44f-4484-a72b-f9662a6f8cba: start LeaderElection
2019-10-15 16:29:33,362 [pool-57-thread-1] INFO  storage.RaftStorageDirectory (RaftStorageDirectory.java:analyzeStorage(246)) - The storage directory /workdir/hadoop-ozone/integration-test/target/test-dir/MiniOzoneClusterImpl-beab53a1-ec34-46da-8591-07ed803d9383/datanode-3/data/ratis/cc7a2a2f-f31d-4e37-8589-f2fe1ed60945 does not exist. Creating ...
2019-10-15 16:29:33,365 [6af1a5bd-f075-405e-b6a5-6d145eedd789@group-AF37DB7271F3-LeaderElection15] INFO  impl.LeaderElection (LeaderElection.java:askForVotes(178)) - 6af1a5bd-f075-405e-b6a5-6d145eedd789@group-AF37DB7271F3-LeaderElection15: begin an election at term 1 for -1: [0bff853f-e43c-4347-b3e4-d8621042c42b:192.168.164.239:34619, b3806c56-f44f-4484-a72b-f9662a6f8cba:192.168.164.239:35315, 6af1a5bd-f075-405e-b6a5-6d145eedd789:192.168.164.239:35339], old=null
2019-10-15 16:29:33,365 [f581660d-af3d-4f5f-b57d-f4cb54f048b9@group-C25BD028928E-LeaderElection14] INFO  impl.LeaderElection (LeaderElection.java:askForVotes(178)) - f581660d-af3d-4f5f-b57d-f4cb54f048b9@group-C25BD028928E-LeaderElection14: begin an election at term 4 for -1: [f581660d-af3d-4f5f-b57d-f4cb54f048b9:192.168.164.239:42501, f5624850-682f-4ec5-bb5c-f79627fc299e:192.168.164.239:39499, 14091fe6-d183-4b46-be93-2ba964a39c73:192.168.164.239:34827], old=null
2019-10-15 16:29:33,369 [14091fe6-d183-4b46-be93-2ba964a39c73@group-C25BD028928E-LeaderElection11] INFO  grpc.GrpcConfigKeys$Server (ConfUtils.java:logGet(43)) - raft.grpc.server.leader.outstanding.appends.max = 128 (default)
2019-10-15 16:29:33,371 [14091fe6-d183-4b46-be93-2ba964a39c73@group-C25BD028928E-LeaderElection11] INFO  server.RaftServerConfigKeys (ConfUtils.java:logGet(43)) - raft.server.rpc.request.timeout = 3000ms (default)
2019-10-15 16:29:33,372 [14091fe6-d183-4b46-be93-2ba964a39c73@group-C25BD028928E-LeaderElection11] INFO  server.RaftServerConfigKeys (ConfUtils.java:logGet(43)) - raft.server.log.appender.install.snapshot.enabled = false (custom)
2019-10-15 16:29:33,377 [grpc-default-executor-1] INFO  impl.RaftServerImpl (RaftServerImpl.java:setRole(184)) - f5624850-682f-4ec5-bb5c-f79627fc299e@group-C25BD028928E: changes role from  FOLLOWER to FOLLOWER at term 4 for recognizeCandidate:f581660d-af3d-4f5f-b57d-f4cb54f048b9
2019-10-15 16:29:33,377 [grpc-default-executor-1] INFO  impl.RoleInfo (RoleInfo.java:shutdownFollowerState(121)) - f5624850-682f-4ec5-bb5c-f79627fc299e: shutdown FollowerState
2019-10-15 16:29:33,377 [grpc-default-executor-1] INFO  impl.RoleInfo (RoleInfo.java:updateAndGet(143)) - f5624850-682f-4ec5-bb5c-f79627fc299e: start FollowerState
2019-10-15 16:29:33,377 [Thread-365] INFO  impl.FollowerState (FollowerState.java:run(117)) - f5624850-682f-4ec5-bb5c-f79627fc299e@group-C25BD028928E-FollowerState was interrupted: java.lang.InterruptedException: sleep interrupted
2019-10-15 16:29:33,384 [pool-47-thread-1] INFO  storage.RaftStorageDirectory (RaftStorageDirectory.java:tryLock(328)) - Lock on /workdir/hadoop-ozone/integration-test/target/test-dir/MiniOzoneClusterImpl-beab53a1-ec34-46da-8591-07ed803d9383/datanode-2/data/ratis/cc7a2a2f-f31d-4e37-8589-f2fe1ed60945/in_use.lock acquired by nodename 23904@pr-hdds-2302-bqc8v-2513969318
2019-10-15 16:29:33,385 [pool-97-thread-1] INFO  storage.RaftStorageDirectory (RaftStorageDirectory.java:tryLock(328)) - Lock on /workdir/hadoop-ozone/integration-test/target/test-dir/MiniOzoneClusterImpl-beab53a1-ec34-46da-8591-07ed803d9383/datanode-7/data/ratis/cc7a2a2f-f31d-4e37-8589-f2fe1ed60945/in_use.lock acquired by nodename 23904@pr-hdds-2302-bqc8v-2513969318
2019-10-15 16:29:33,385 [0bff853f-e43c-4347-b3e4-d8621042c42b@group-AF37DB7271F3-LeaderElection16] INFO  impl.LeaderElection (LeaderElection.java:askForVotes(178)) - 0bff853f-e43c-4347-b3e4-d8621042c42b@group-AF37DB7271F3-LeaderElection16: begin an election at term 1 for -1: [0bff853f-e43c-4347-b3e4-d8621042c42b:192.168.164.239:34619, b3806c56-f44f-4484-a72b-f9662a6f8cba:192.168.164.239:35315, 6af1a5bd-f075-405e-b6a5-6d145eedd789:192.168.164.239:35339], old=null
2019-10-15 16:29:33,385 [b3806c56-f44f-4484-a72b-f9662a6f8cba@group-AF37DB7271F3-LeaderElection17] INFO  impl.LeaderElection (LeaderElection.java:askForVotes(178)) - b3806c56-f44f-4484-a72b-f9662a6f8cba@group-AF37DB7271F3-LeaderElection17: begin an election at term 1 for -1: [0bff853f-e43c-4347-b3e4-d8621042c42b:192.168.164.239:34619, b3806c56-f44f-4484-a72b-f9662a6f8cba:192.168.164.239:35315, 6af1a5bd-f075-405e-b6a5-6d145eedd789:192.168.164.239:35339], old=null
2019-10-15 16:29:33,384 [pool-57-thread-1] INFO  storage.RaftStorageDirectory (RaftStorageDirectory.java:tryLock(328)) - Lock on /workdir/hadoop-ozone/integration-test/target/test-dir/MiniOzoneClusterImpl-beab53a1-ec34-46da-8591-07ed803d9383/datanode-3/data/ratis/cc7a2a2f-f31d-4e37-8589-f2fe1ed60945/in_use.lock acquired by nodename 23904@pr-hdds-2302-bqc8v-2513969318
2019-10-15 16:29:33,395 [14091fe6-d183-4b46-be93-2ba964a39c73@group-C25BD028928E-LeaderElection11] INFO  server.RaftServerConfigKeys (ConfUtils.java:logGet(43)) - raft.server.log.appender.snapshot.chunk.size.max = 16MB (=16777216) (default)
2019-10-15 16:29:33,396 [14091fe6-d183-4b46-be93-2ba964a39c73@group-C25BD028928E-LeaderElection11] INFO  server.RaftServerConfigKeys (ConfUtils.java:logGet(43)) - raft.server.log.appender.buffer.byte-limit = 33554432 (custom)
2019-10-15 16:29:33,396 [14091fe6-d183-4b46-be93-2ba964a39c73@group-C25BD028928E-LeaderElection11] INFO  server.RaftServerConfigKeys (ConfUtils.java:logGet(43)) - raft.server.log.appender.buffer.element-limit = 1 (custom)
2019-10-15 16:29:33,397 [14091fe6-d183-4b46-be93-2ba964a39c73@group-C25BD028928E-LeaderElection11] INFO  grpc.GrpcConfigKeys$Server (ConfUtils.java:logGet(43)) - raft.grpc.server.leader.outstanding.appends.max = 128 (default)
2019-10-15 16:29:33,398 [14091fe6-d183-4b46-be93-2ba964a39c73@group-C25BD028928E-LeaderElection11] INFO  server.RaftServerConfigKeys (ConfUtils.java:logGet(43)) - raft.server.rpc.request.timeout = 3000ms (default)
2019-10-15 16:29:33,399 [14091fe6-d183-4b46-be93-2ba964a39c73@group-C25BD028928E-LeaderElection11] INFO  server.RaftServerConfigKeys (ConfUtils.java:logGet(43)) - raft.server.log.appender.install.snapshot.enabled = false (custom)
2019-10-15 16:29:33,400 [6af1a5bd-f075-405e-b6a5-6d145eedd789@group-AF37DB7271F3-LeaderElection15] INFO  impl.LeaderElection (LeaderElection.java:logAndReturn(56)) - 6af1a5bd-f075-405e-b6a5-6d145eedd789@group-AF37DB7271F3-LeaderElection15: Election REJECTED; received 2 response(s) [6af1a5bd-f075-405e-b6a5-6d145eedd789<-0bff853f-e43c-4347-b3e4-d8621042c42b#0:FAIL-t1, 6af1a5bd-f075-405e-b6a5-6d145eedd789<-b3806c56-f44f-4484-a72b-f9662a6f8cba#0:FAIL-t1] and 0 exception(s); 6af1a5bd-f075-405e-b6a5-6d145eedd789@group-AF37DB7271F3:t1, leader=null, voted=6af1a5bd-f075-405e-b6a5-6d145eedd789, raftlog=6af1a5bd-f075-405e-b6a5-6d145eedd789@group-AF37DB7271F3-SegmentedRaftLog:OPENED:c-1,f-1,i0, conf=-1: [0bff853f-e43c-4347-b3e4-d8621042c42b:192.168.164.239:34619, b3806c56-f44f-4484-a72b-f9662a6f8cba:192.168.164.239:35315, 6af1a5bd-f075-405e-b6a5-6d145eedd789:192.168.164.239:35339], old=null
2019-10-15 16:29:33,400 [6af1a5bd-f075-405e-b6a5-6d145eedd789@group-AF37DB7271F3-LeaderElection15] INFO  impl.RaftServerImpl (RaftServerImpl.java:setRole(184)) - 6af1a5bd-f075-405e-b6a5-6d145eedd789@group-AF37DB7271F3: changes role from CANDIDATE to FOLLOWER at term 1 for DISCOVERED_A_NEW_TERM
2019-10-15 16:29:33,401 [6af1a5bd-f075-405e-b6a5-6d145eedd789@group-AF37DB7271F3-LeaderElection15] INFO  impl.RoleInfo (RoleInfo.java:shutdownLeaderElection(134)) - 6af1a5bd-f075-405e-b6a5-6d145eedd789: shutdown LeaderElection
2019-10-15 16:29:33,402 [6af1a5bd-f075-405e-b6a5-6d145eedd789@group-AF37DB7271F3-LeaderElection15] INFO  impl.RoleInfo (RoleInfo.java:updateAndGet(143)) - 6af1a5bd-f075-405e-b6a5-6d145eedd789: start FollowerState
2019-10-15 16:29:33,407 [pool-47-thread-1] INFO  storage.RaftStorage (RaftStorage.java:format(84)) - Storage directory /workdir/hadoop-ozone/integration-test/target/test-dir/MiniOzoneClusterImpl-beab53a1-ec34-46da-8591-07ed803d9383/datanode-2/data/ratis/cc7a2a2f-f31d-4e37-8589-f2fe1ed60945 has been successfully formatted.
2019-10-15 16:29:33,407 [pool-97-thread-1] INFO  storage.RaftStorage (RaftStorage.java:format(84)) - Storage directory /workdir/hadoop-ozone/integration-test/target/test-dir/MiniOzoneClusterImpl-beab53a1-ec34-46da-8591-07ed803d9383/datanode-7/data/ratis/cc7a2a2f-f31d-4e37-8589-f2fe1ed60945 has been successfully formatted.
2019-10-15 16:29:33,407 [pool-57-thread-1] INFO  storage.RaftStorage (RaftStorage.java:format(84)) - Storage directory /workdir/hadoop-ozone/integration-test/target/test-dir/MiniOzoneClusterImpl-beab53a1-ec34-46da-8591-07ed803d9383/datanode-3/data/ratis/cc7a2a2f-f31d-4e37-8589-f2fe1ed60945 has been successfully formatted.
2019-10-15 16:29:33,408 [pool-47-thread-1] INFO  ratis.ContainerStateMachine (ContainerStateMachine.java:loadSnapshot(231)) - group-F2FE1ED60945: The snapshot info is null. Setting the last applied indexto:(t:0, i:~)
2019-10-15 16:29:33,408 [pool-97-thread-1] INFO  ratis.ContainerStateMachine (ContainerStateMachine.java:loadSnapshot(231)) - group-F2FE1ED60945: The snapshot info is null. Setting the last applied indexto:(t:0, i:~)
2019-10-15 16:29:33,408 [pool-47-thread-1] INFO  server.RaftServerConfigKeys (ConfUtils.java:logGet(43)) - raft.server.notification.no-leader.timeout = 120s (custom)
2019-10-15 16:29:33,408 [pool-57-thread-1] INFO  ratis.ContainerStateMachine (ContainerStateMachine.java:loadSnapshot(231)) - group-F2FE1ED60945: The snapshot info is null. Setting the last applied indexto:(t:0, i:~)
2019-10-15 16:29:33,410 [pool-97-thread-1] INFO  server.RaftServerConfigKeys (ConfUtils.java:logGet(43)) - raft.server.notification.no-leader.timeout = 120s (custom)
2019-10-15 16:29:33,410 [pool-47-thread-1] INFO  server.RaftServerConfigKeys (ConfUtils.java:logGet(43)) - raft.server.log.use.memory = false (default)
2019-10-15 16:29:33,411 [pool-97-thread-1] INFO  server.RaftServerConfigKeys (ConfUtils.java:logGet(43)) - raft.server.log.use.memory = false (default)
2019-10-15 16:29:33,410 [pool-57-thread-1] INFO  server.RaftServerConfigKeys (ConfUtils.java:logGet(43)) - raft.server.notification.no-leader.timeout = 120s (custom)
2019-10-15 16:29:33,413 [pool-97-thread-1] INFO  server.RaftServerConfigKeys (ConfUtils.java:logGet(43)) - raft.server.log.purge.gap = 1000000 (custom)
2019-10-15 16:29:33,413 [pool-47-thread-1] INFO  server.RaftServerConfigKeys (ConfUtils.java:logGet(43)) - raft.server.log.purge.gap = 1000000 (custom)
2019-10-15 16:29:33,413 [pool-97-thread-1] INFO  server.RaftServerConfigKeys (ConfUtils.java:logGet(43)) - raft.server.log.appender.buffer.byte-limit = 33554432 (custom)
2019-10-15 16:29:33,413 [pool-57-thread-1] INFO  server.RaftServerConfigKeys (ConfUtils.java:logGet(43)) - raft.server.log.use.memory = false (default)
2019-10-15 16:29:33,413 [pool-97-thread-1] INFO  server.RaftServerConfigKeys (ConfUtils.java:logGet(43)) - raft.server.log.segment.size.max = 1048576 (custom)
2019-10-15 16:29:33,413 [pool-47-thread-1] INFO  server.RaftServerConfigKeys (ConfUtils.java:logGet(43)) - raft.server.log.appender.buffer.byte-limit = 33554432 (custom)
2019-10-15 16:29:33,415 [pool-97-thread-1] INFO  server.RaftServerConfigKeys (ConfUtils.java:logGet(43)) - raft.server.log.segment.cache.num.max = 2 (custom)
2019-10-15 16:29:33,415 [f581660d-af3d-4f5f-b57d-f4cb54f048b9@group-C25BD028928E-LeaderElection14] INFO  impl.LeaderElection (LeaderElection.java:logAndReturn(56)) - f581660d-af3d-4f5f-b57d-f4cb54f048b9@group-C25BD028928E-LeaderElection14: Election PASSED; received 1 response(s) [f581660d-af3d-4f5f-b57d-f4cb54f048b9<-f5624850-682f-4ec5-bb5c-f79627fc299e#0:OK-t4] and 0 exception(s); f581660d-af3d-4f5f-b57d-f4cb54f048b9@group-C25BD028928E:t4, leader=null, voted=f581660d-af3d-4f5f-b57d-f4cb54f048b9, raftlog=f581660d-af3d-4f5f-b57d-f4cb54f048b9@group-C25BD028928E-SegmentedRaftLog:OPENED:c-1,f-1,i0, conf=-1: [f581660d-af3d-4f5f-b57d-f4cb54f048b9:192.168.164.239:42501, f5624850-682f-4ec5-bb5c-f79627fc299e:192.168.164.239:39499, 14091fe6-d183-4b46-be93-2ba964a39c73:192.168.164.239:34827], old=null
2019-10-15 16:29:33,413 [pool-57-thread-1] INFO  server.RaftServerConfigKeys (ConfUtils.java:logGet(43)) - raft.server.log.purge.gap = 1000000 (custom)
2019-10-15 16:29:33,416 [f581660d-af3d-4f5f-b57d-f4cb54f048b9@group-C25BD028928E-LeaderElection14] INFO  impl.RoleInfo (RoleInfo.java:shutdownLeaderElection(134)) - f581660d-af3d-4f5f-b57d-f4cb54f048b9: shutdown LeaderElection
2019-10-15 16:29:33,415 [pool-97-thread-1] INFO  segmented.SegmentedRaftLogWorker (SegmentedRaftLogWorker.java:<init>(173)) - new 24ee8ff7-dd07-49e6-bbcb-bb50ff0e8e36@group-F2FE1ED60945-SegmentedRaftLogWorker for RaftStorage:Storage Directory /workdir/hadoop-ozone/integration-test/target/test-dir/MiniOzoneClusterImpl-beab53a1-ec34-46da-8591-07ed803d9383/datanode-7/data/ratis/cc7a2a2f-f31d-4e37-8589-f2fe1ed60945
2019-10-15 16:29:33,415 [pool-47-thread-1] INFO  server.RaftServerConfigKeys (ConfUtils.java:logGet(43)) - raft.server.log.segment.size.max = 1048576 (custom)
2019-10-15 16:29:33,419 [pool-97-thread-1] INFO  server.RaftServerConfigKeys (ConfUtils.java:logGet(43)) - raft.server.log.queue.byte-limit = 2147483647 (custom)
2019-10-15 16:29:33,419 [0bff853f-e43c-4347-b3e4-d8621042c42b@group-AF37DB7271F3-LeaderElection16] INFO  impl.LeaderElection (LeaderElection.java:logAndReturn(56)) - 0bff853f-e43c-4347-b3e4-d8621042c42b@group-AF37DB7271F3-LeaderElection16: Election REJECTED; received 2 response(s) [0bff853f-e43c-4347-b3e4-d8621042c42b<-b3806c56-f44f-4484-a72b-f9662a6f8cba#0:FAIL-t1, 0bff853f-e43c-4347-b3e4-d8621042c42b<-6af1a5bd-f075-405e-b6a5-6d145eedd789#0:FAIL-t1] and 0 exception(s); 0bff853f-e43c-4347-b3e4-d8621042c42b@group-AF37DB7271F3:t1, leader=null, voted=0bff853f-e43c-4347-b3e4-d8621042c42b, raftlog=0bff853f-e43c-4347-b3e4-d8621042c42b@group-AF37DB7271F3-SegmentedRaftLog:OPENED:c-1,f-1,i0, conf=-1: [0bff853f-e43c-4347-b3e4-d8621042c42b:192.168.164.239:34619, b3806c56-f44f-4484-a72b-f9662a6f8cba:192.168.164.239:35315, 6af1a5bd-f075-405e-b6a5-6d145eedd789:192.168.164.239:35339], old=null
2019-10-15 16:29:33,419 [f581660d-af3d-4f5f-b57d-f4cb54f048b9@group-C25BD028928E-LeaderElection14] INFO  impl.RaftServerImpl (RaftServerImpl.java:setRole(184)) - f581660d-af3d-4f5f-b57d-f4cb54f048b9@group-C25BD028928E: changes role from CANDIDATE to LEADER at term 4 for changeToLeader
2019-10-15 16:29:33,419 [f581660d-af3d-4f5f-b57d-f4cb54f048b9@group-C25BD028928E-LeaderElection14] INFO  impl.RaftServerImpl (ServerState.java:setLeader(256)) - f581660d-af3d-4f5f-b57d-f4cb54f048b9@group-C25BD028928E: change Leader from null to f581660d-af3d-4f5f-b57d-f4cb54f048b9 at term 4 for becomeLeader, leader elected after 666ms
2019-10-15 16:29:33,419 [14091fe6-d183-4b46-be93-2ba964a39c73@group-C25BD028928E-LeaderElection11] INFO  impl.RoleInfo (RoleInfo.java:updateAndGet(143)) - 14091fe6-d183-4b46-be93-2ba964a39c73: start LeaderState
2019-10-15 16:29:33,416 [pool-57-thread-1] INFO  server.RaftServerConfigKeys (ConfUtils.java:logGet(43)) - raft.server.log.appender.buffer.byte-limit = 33554432 (custom)
2019-10-15 16:29:33,421 [f581660d-af3d-4f5f-b57d-f4cb54f048b9@group-C25BD028928E-LeaderElection14] INFO  server.RaftServerConfigKeys (ConfUtils.java:logGet(43)) - raft.server.staging.catchup.gap = 1000 (default)
2019-10-15 16:29:33,419 [0bff853f-e43c-4347-b3e4-d8621042c42b@group-AF37DB7271F3-LeaderElection16] INFO  impl.RaftServerImpl (RaftServerImpl.java:setRole(184)) - 0bff853f-e43c-4347-b3e4-d8621042c42b@group-AF37DB7271F3: changes role from CANDIDATE to FOLLOWER at term 1 for DISCOVERED_A_NEW_TERM
2019-10-15 16:29:33,419 [pool-97-thread-1] INFO  server.RaftServerConfigKeys (ConfUtils.java:logGet(43)) - raft.server.log.queue.element-limit = 1024 (custom)
2019-10-15 16:29:33,419 [pool-47-thread-1] INFO  server.RaftServerConfigKeys (ConfUtils.java:logGet(43)) - raft.server.log.segment.cache.num.max = 2 (custom)
2019-10-15 16:29:33,425 [pool-97-thread-1] INFO  server.RaftServerConfigKeys (ConfUtils.java:logGet(43)) - raft.server.log.segment.size.max = 1048576 (custom)
2019-10-15 16:29:33,423 [0bff853f-e43c-4347-b3e4-d8621042c42b@group-AF37DB7271F3-LeaderElection16] INFO  impl.RoleInfo (RoleInfo.java:shutdownLeaderElection(134)) - 0bff853f-e43c-4347-b3e4-d8621042c42b: shutdown LeaderElection
2019-10-15 16:29:33,423 [f581660d-af3d-4f5f-b57d-f4cb54f048b9@group-C25BD028928E-LeaderElection14] INFO  server.RaftServerConfigKeys (ConfUtils.java:logGet(43)) - raft.server.rpc.sleep.time = 25ms (default)
2019-10-15 16:29:33,423 [pool-57-thread-1] INFO  server.RaftServerConfigKeys (ConfUtils.java:logGet(43)) - raft.server.log.segment.size.max = 1048576 (custom)
2019-10-15 16:29:33,423 [14091fe6-d183-4b46-be93-2ba964a39c73@group-C25BD028928E-LeaderElection11] INFO  segmented.SegmentedRaftLogWorker (SegmentedRaftLogWorker.java:startLogSegment(385)) - 14091fe6-d183-4b46-be93-2ba964a39c73@group-C25BD028928E-SegmentedRaftLogWorker: Starting segment from index:0
2019-10-15 16:29:33,425 [pool-57-thread-1] INFO  server.RaftServerConfigKeys (ConfUtils.java:logGet(43)) - raft.server.log.segment.cache.num.max = 2 (custom)
2019-10-15 16:29:33,425 [f581660d-af3d-4f5f-b57d-f4cb54f048b9@group-C25BD028928E-LeaderElection14] INFO  server.RaftServerConfigKeys (ConfUtils.java:logGet(43)) - raft.server.write.element-limit = 4096 (default)
2019-10-15 16:29:33,425 [0bff853f-e43c-4347-b3e4-d8621042c42b@group-AF37DB7271F3-LeaderElection16] INFO  impl.RoleInfo (RoleInfo.java:updateAndGet(143)) - 0bff853f-e43c-4347-b3e4-d8621042c42b: start FollowerState
2019-10-15 16:29:33,425 [b3806c56-f44f-4484-a72b-f9662a6f8cba@group-AF37DB7271F3-LeaderElection17] INFO  impl.LeaderElection (LeaderElection.java:logAndReturn(56)) - b3806c56-f44f-4484-a72b-f9662a6f8cba@group-AF37DB7271F3-LeaderElection17: Election REJECTED; received 2 response(s) [b3806c56-f44f-4484-a72b-f9662a6f8cba<-0bff853f-e43c-4347-b3e4-d8621042c42b#0:FAIL-t1, b3806c56-f44f-4484-a72b-f9662a6f8cba<-6af1a5bd-f075-405e-b6a5-6d145eedd789#0:FAIL-t1] and 0 exception(s); b3806c56-f44f-4484-a72b-f9662a6f8cba@group-AF37DB7271F3:t1, leader=null, voted=b3806c56-f44f-4484-a72b-f9662a6f8cba, raftlog=b3806c56-f44f-4484-a72b-f9662a6f8cba@group-AF37DB7271F3-SegmentedRaftLog:OPENED:c-1,f-1,i0, conf=-1: [0bff853f-e43c-4347-b3e4-d8621042c42b:192.168.164.239:34619, b3806c56-f44f-4484-a72b-f9662a6f8cba:192.168.164.239:35315, 6af1a5bd-f075-405e-b6a5-6d145eedd789:192.168.164.239:35339], old=null
2019-10-15 16:29:33,425 [pool-97-thread-1] INFO  server.RaftServerConfigKeys (ConfUtils.java:logGet(43)) - raft.server.log.preallocated.size = 16384 (custom)
2019-10-15 16:29:33,425 [pool-47-thread-1] INFO  segmented.SegmentedRaftLogWorker (SegmentedRaftLogWorker.java:<init>(173)) - new cccd55fe-f481-4e2b-93ed-b6a86d13c378@group-F2FE1ED60945-SegmentedRaftLogWorker for RaftStorage:Storage Directory /workdir/hadoop-ozone/integration-test/target/test-dir/MiniOzoneClusterImpl-beab53a1-ec34-46da-8591-07ed803d9383/datanode-2/data/ratis/cc7a2a2f-f31d-4e37-8589-f2fe1ed60945
2019-10-15 16:29:33,455 [b3806c56-f44f-4484-a72b-f9662a6f8cba@group-AF37DB7271F3-LeaderElection17] INFO  impl.RaftServerImpl (RaftServerImpl.java:setRole(184)) - b3806c56-f44f-4484-a72b-f9662a6f8cba@group-AF37DB7271F3: changes role from CANDIDATE to FOLLOWER at term 1 for DISCOVERED_A_NEW_TERM
2019-10-15 16:29:33,460 [b3806c56-f44f-4484-a72b-f9662a6f8cba@group-AF37DB7271F3-LeaderElection17] INFO  impl.RoleInfo (RoleInfo.java:shutdownLeaderElection(134)) - b3806c56-f44f-4484-a72b-f9662a6f8cba: shutdown LeaderElection
2019-10-15 16:29:33,453 [pool-97-thread-1] INFO  server.RaftServerConfigKeys (ConfUtils.java:logGet(43)) - raft.server.log.write.buffer.size = 33554432 (custom)
2019-10-15 16:29:33,453 [14091fe6-d183-4b46-be93-2ba964a39c73@group-C25BD028928E-LeaderElection11] INFO  impl.RaftServerImpl (ServerState.java:setRaftConf(357)) - 14091fe6-d183-4b46-be93-2ba964a39c73@group-C25BD028928E: set configuration 0: [f581660d-af3d-4f5f-b57d-f4cb54f048b9:192.168.164.239:42501, f5624850-682f-4ec5-bb5c-f79627fc299e:192.168.164.239:39499, 14091fe6-d183-4b46-be93-2ba964a39c73:192.168.164.239:34827], old=null at 0
2019-10-15 16:29:33,426 [f581660d-af3d-4f5f-b57d-f4cb54f048b9@group-C25BD028928E-LeaderElection14] INFO  server.RaftServerConfigKeys (ConfUtils.java:logGet(43)) - raft.server.watch.timeout = 10s (default)
2019-10-15 16:29:33,425 [pool-57-thread-1] INFO  segmented.SegmentedRaftLogWorker (SegmentedRaftLogWorker.java:<init>(173)) - new c48d8dfa-9e66-4eac-9ff2-02281a99dfa9@group-F2FE1ED60945-SegmentedRaftLogWorker for RaftStorage:Storage Directory /workdir/hadoop-ozone/integration-test/target/test-dir/MiniOzoneClusterImpl-beab53a1-ec34-46da-8591-07ed803d9383/datanode-3/data/ratis/cc7a2a2f-f31d-4e37-8589-f2fe1ed60945
2019-10-15 16:29:33,463 [f581660d-af3d-4f5f-b57d-f4cb54f048b9@group-C25BD028928E-LeaderElection14] INFO  server.RaftServerConfigKeys (ConfUtils.java:logGet(43)) - raft.server.watch.timeout.denomination = 1s (default)
2019-10-15 16:29:33,463 [grpc-default-executor-4] INFO  impl.RaftServerImpl (ServerState.java:setLeader(256)) - 14091fe6-d183-4b46-be93-2ba964a39c73@group-C25BD028928E: change Leader from 14091fe6-d183-4b46-be93-2ba964a39c73 to null at term 4 for updateCurrentTerm
2019-10-15 16:29:33,462 [pool-97-thread-1] INFO  server.RaftServerConfigKeys (ConfUtils.java:logGet(43)) - raft.server.log.force.sync.num = 128 (default)
2019-10-15 16:29:33,460 [b3806c56-f44f-4484-a72b-f9662a6f8cba@group-AF37DB7271F3-LeaderElection17] INFO  impl.RoleInfo (RoleInfo.java:updateAndGet(143)) - b3806c56-f44f-4484-a72b-f9662a6f8cba: start FollowerState
2019-10-15 16:29:33,459 [pool-47-thread-1] INFO  server.RaftServerConfigKeys (ConfUtils.java:logGet(43)) - raft.server.log.queue.byte-limit = 2147483647 (custom)
2019-10-15 16:29:33,467 [pool-97-thread-1] INFO  server.RaftServerConfigKeys (ConfUtils.java:logGet(43)) - raft.server.log.statemachine.data.sync = true (default)
2019-10-15 16:29:33,467 [grpc-default-executor-4] INFO  impl.RaftServerImpl (RaftServerImpl.java:setRole(184)) - 14091fe6-d183-4b46-be93-2ba964a39c73@group-C25BD028928E: changes role from    LEADER to FOLLOWER at term 4 for recognizeCandidate:f581660d-af3d-4f5f-b57d-f4cb54f048b9
2019-10-15 16:29:33,467 [f581660d-af3d-4f5f-b57d-f4cb54f048b9@group-C25BD028928E-LeaderElection14] INFO  server.RaftServerConfigKeys (ConfUtils.java:logGet(43)) - raft.server.watch.element-limit = 65536 (default)
2019-10-15 16:29:33,466 [pool-57-thread-1] INFO  server.RaftServerConfigKeys (ConfUtils.java:logGet(43)) - raft.server.log.queue.byte-limit = 2147483647 (custom)
2019-10-15 16:29:33,470 [grpc-default-executor-4] INFO  impl.RoleInfo (RoleInfo.java:shutdownLeaderState(104)) - 14091fe6-d183-4b46-be93-2ba964a39c73: shutdown LeaderState
2019-10-15 16:29:33,470 [pool-97-thread-1] INFO  server.RaftServerConfigKeys (ConfUtils.java:logGet(43)) - raft.server.log.statemachine.data.sync.timeout = 10s (default)
2019-10-15 16:29:33,469 [pool-47-thread-1] INFO  server.RaftServerConfigKeys (ConfUtils.java:logGet(43)) - raft.server.log.queue.element-limit = 1024 (custom)
2019-10-15 16:29:33,470 [pool-97-thread-1] INFO  server.RaftServerConfigKeys (ConfUtils.java:logGet(43)) - raft.server.log.statemachine.data.sync.timeout.retry = -1 (default)
2019-10-15 16:29:33,470 [pool-57-thread-1] INFO  server.RaftServerConfigKeys (ConfUtils.java:logGet(43)) - raft.server.log.queue.element-limit = 1024 (custom)
2019-10-15 16:29:33,474 [Thread-392] INFO  impl.FollowerState (FollowerState.java:run(108)) - b3806c56-f44f-4484-a72b-f9662a6f8cba@group-AF37DB7271F3-FollowerState: change to CANDIDATE, lastRpcTime:14ms, electionTimeout:4ms
2019-10-15 16:29:33,475 [Thread-392] INFO  impl.RoleInfo (RoleInfo.java:shutdownFollowerState(121)) - b3806c56-f44f-4484-a72b-f9662a6f8cba: shutdown FollowerState
2019-10-15 16:29:33,471 [pool-47-thread-1] INFO  server.RaftServerConfigKeys (ConfUtils.java:logGet(43)) - raft.server.log.segment.size.max = 1048576 (custom)
2019-10-15 16:29:33,475 [Thread-392] INFO  impl.RaftServerImpl (RaftServerImpl.java:setRole(184)) - b3806c56-f44f-4484-a72b-f9662a6f8cba@group-AF37DB7271F3: changes role from  FOLLOWER to CANDIDATE at term 1 for changeToCandidate
2019-10-15 16:29:33,475 [pool-57-thread-1] INFO  server.RaftServerConfigKeys (ConfUtils.java:logGet(43)) - raft.server.log.segment.size.max = 1048576 (custom)
2019-10-15 16:29:33,475 [pool-97-thread-1] INFO  server.RaftServerConfigKeys (ConfUtils.java:logGet(43)) - raft.server.log.statemachine.data.caching.enabled = true (custom)
2019-10-15 16:29:33,475 [pool-57-thread-1] INFO  server.RaftServerConfigKeys (ConfUtils.java:logGet(43)) - raft.server.log.preallocated.size = 16384 (custom)
2019-10-15 16:29:33,475 [grpc-default-executor-4] INFO  impl.PendingRequests (PendingRequests.java:sendNotLeaderResponses(202)) - 14091fe6-d183-4b46-be93-2ba964a39c73@group-C25BD028928E-PendingRequests: sendNotLeaderResponses
2019-10-15 16:29:33,476 [pool-97-thread-1] INFO  segmented.SegmentedRaftLogWorker (SegmentedRaftLogWorker.java:lambda$new$0(128)) - 24ee8ff7-dd07-49e6-bbcb-bb50ff0e8e36@group-F2FE1ED60945-SegmentedRaftLogWorker: flushIndex: setUnconditionally 0 -> -1
2019-10-15 16:29:33,475 [Thread-392] INFO  impl.RoleInfo (RoleInfo.java:updateAndGet(143)) - b3806c56-f44f-4484-a72b-f9662a6f8cba: start LeaderElection
2019-10-15 16:29:33,476 [f581660d-af3d-4f5f-b57d-f4cb54f048b9@group-C25BD028928E-LeaderElection14] INFO  server.RaftServerConfigKeys (ConfUtils.java:logGet(43)) - raft.server.log.appender.snapshot.chunk.size.max = 16MB (=16777216) (default)
2019-10-15 16:29:33,475 [pool-47-thread-1] INFO  server.RaftServerConfigKeys (ConfUtils.java:logGet(43)) - raft.server.log.preallocated.size = 16384 (custom)
2019-10-15 16:29:33,478 [f581660d-af3d-4f5f-b57d-f4cb54f048b9@group-C25BD028928E-LeaderElection14] INFO  server.RaftServerConfigKeys (ConfUtils.java:logGet(43)) - raft.server.log.appender.buffer.byte-limit = 33554432 (custom)
2019-10-15 16:29:33,476 [pool-97-thread-1] INFO  server.RaftServerConfigKeys (ConfUtils.java:logGet(43)) - raft.server.snapshot.auto.trigger.enabled = true (custom)
2019-10-15 16:29:33,476 [pool-57-thread-1] INFO  server.RaftServerConfigKeys (ConfUtils.java:logGet(43)) - raft.server.log.write.buffer.size = 33554432 (custom)
2019-10-15 16:29:33,479 [pool-97-thread-1] INFO  server.RaftServerConfigKeys (ConfUtils.java:logGet(43)) - raft.server.snapshot.auto.trigger.threshold = 10000 (custom)
2019-10-15 16:29:33,478 [f581660d-af3d-4f5f-b57d-f4cb54f048b9@group-C25BD028928E-LeaderElection14] INFO  server.RaftServerConfigKeys (ConfUtils.java:logGet(43)) - raft.server.log.appender.buffer.element-limit = 1 (custom)
2019-10-15 16:29:33,478 [pool-47-thread-1] INFO  server.RaftServerConfigKeys (ConfUtils.java:logGet(43)) - raft.server.log.write.buffer.size = 33554432 (custom)
2019-10-15 16:29:33,479 [f581660d-af3d-4f5f-b57d-f4cb54f048b9@group-C25BD028928E-LeaderElection14] INFO  grpc.GrpcConfigKeys$Server (ConfUtils.java:logGet(43)) - raft.grpc.server.leader.outstanding.appends.max = 128 (default)
2019-10-15 16:29:33,479 [grpc-default-executor-4] INFO  impl.RoleInfo (RoleInfo.java:updateAndGet(143)) - 14091fe6-d183-4b46-be93-2ba964a39c73: start FollowerState
2019-10-15 16:29:33,479 [pool-97-thread-1] INFO  server.RaftServerConfigKeys (ConfUtils.java:logGet(43)) - raft.server.snapshot.retention.file.num = 5 (custom)
2019-10-15 16:29:33,479 [pool-57-thread-1] INFO  server.RaftServerConfigKeys (ConfUtils.java:logGet(43)) - raft.server.log.force.sync.num = 128 (default)
2019-10-15 16:29:33,480 [f581660d-af3d-4f5f-b57d-f4cb54f048b9@group-C25BD028928E-LeaderElection14] INFO  server.RaftServerConfigKeys (ConfUtils.java:logGet(43)) - raft.server.rpc.request.timeout = 3000ms (default)
2019-10-15 16:29:33,479 [pool-47-thread-1] INFO  server.RaftServerConfigKeys (ConfUtils.java:logGet(43)) - raft.server.log.force.sync.num = 128 (default)
2019-10-15 16:29:33,482 [pool-97-thread-1] INFO  server.RaftServerConfigKeys (ConfUtils.java:logGet(43)) - raft.server.retrycache.expirytime = 600000ms (custom)
2019-10-15 16:29:33,480 [org.apache.ratis.server.impl.LogAppender$AppenderDaemon$$Lambda$445/240503556@3a9c2006] WARN  server.GrpcLogAppender (GrpcLogAppender.java:mayWait(149)) - 14091fe6-d183-4b46-be93-2ba964a39c73@group-C25BD028928E->f581660d-af3d-4f5f-b57d-f4cb54f048b9-GrpcLogAppender: Wait interrupted by java.lang.InterruptedException
2019-10-15 16:29:33,482 [14091fe6-d183-4b46-be93-2ba964a39c73@group-C25BD028928E-SegmentedRaftLogWorker] INFO  segmented.SegmentedRaftLogWorker (SegmentedRaftLogWorker.java:execute(576)) - 14091fe6-d183-4b46-be93-2ba964a39c73@group-C25BD028928E-SegmentedRaftLogWorker: created new log segment /workdir/hadoop-ozone/integration-test/target/test-dir/MiniOzoneClusterImpl-beab53a1-ec34-46da-8591-07ed803d9383/datanode-8/data/ratis/be87c3c4-003f-4a60-bccf-c25bd028928e/current/log_inprogress_0
2019-10-15 16:29:33,480 [f581660d-af3d-4f5f-b57d-f4cb54f048b9@group-C25BD028928E-LeaderElection14] INFO  server.RaftServerConfigKeys (ConfUtils.java:logGet(43)) - raft.server.log.appender.install.snapshot.enabled = false (custom)
2019-10-15 16:29:33,480 [org.apache.ratis.server.impl.LogAppender$AppenderDaemon$$Lambda$445/240503556@31fb9d28] WARN  server.GrpcLogAppender (GrpcLogAppender.java:mayWait(149)) - 14091fe6-d183-4b46-be93-2ba964a39c73@group-C25BD028928E->f5624850-682f-4ec5-bb5c-f79627fc299e-GrpcLogAppender: Wait interrupted by java.lang.InterruptedException
2019-10-15 16:29:33,480 [pool-57-thread-1] INFO  server.RaftServerConfigKeys (ConfUtils.java:logGet(43)) - raft.server.log.statemachine.data.sync = true (default)
2019-10-15 16:29:33,483 [pool-47-thread-1] INFO  server.RaftServerConfigKeys (ConfUtils.java:logGet(43)) - raft.server.log.statemachine.data.sync = true (default)
2019-10-15 16:29:33,486 [pool-57-thread-1] INFO  server.RaftServerConfigKeys (ConfUtils.java:logGet(43)) - raft.server.log.statemachine.data.sync.timeout = 10s (default)
2019-10-15 16:29:33,487 [pool-47-thread-1] INFO  server.RaftServerConfigKeys (ConfUtils.java:logGet(43)) - raft.server.log.statemachine.data.sync.timeout = 10s (default)
2019-10-15 16:29:33,487 [pool-57-thread-1] INFO  server.RaftServerConfigKeys (ConfUtils.java:logGet(43)) - raft.server.log.statemachine.data.sync.timeout.retry = -1 (default)
2019-10-15 16:29:33,487 [pool-47-thread-1] INFO  server.RaftServerConfigKeys (ConfUtils.java:logGet(43)) - raft.server.log.statemachine.data.sync.timeout.retry = -1 (default)
2019-10-15 16:29:33,487 [pool-57-thread-1] INFO  server.RaftServerConfigKeys (ConfUtils.java:logGet(43)) - raft.server.log.statemachine.data.caching.enabled = true (custom)
2019-10-15 16:29:33,488 [pool-47-thread-1] INFO  server.RaftServerConfigKeys (ConfUtils.java:logGet(43)) - raft.server.log.statemachine.data.caching.enabled = true (custom)
2019-10-15 16:29:33,489 [pool-97-thread-1] INFO  impl.RaftServerImpl (RaftServerImpl.java:start(195)) - 24ee8ff7-dd07-49e6-bbcb-bb50ff0e8e36@group-F2FE1ED60945: start as a follower, conf=-1: [c48d8dfa-9e66-4eac-9ff2-02281a99dfa9:192.168.164.239:41652, cccd55fe-f481-4e2b-93ed-b6a86d13c378:192.168.164.239:35771, 24ee8ff7-dd07-49e6-bbcb-bb50ff0e8e36:192.168.164.239:45096], old=null
2019-10-15 16:29:33,489 [pool-97-thread-1] INFO  impl.RaftServerImpl (RaftServerImpl.java:setRole(184)) - 24ee8ff7-dd07-49e6-bbcb-bb50ff0e8e36@group-F2FE1ED60945: changes role from      null to FOLLOWER at term 0 for startAsFollower
2019-10-15 16:29:33,489 [pool-97-thread-1] INFO  impl.RoleInfo (RoleInfo.java:updateAndGet(143)) - 24ee8ff7-dd07-49e6-bbcb-bb50ff0e8e36: start FollowerState
2019-10-15 16:29:33,489 [f581660d-af3d-4f5f-b57d-f4cb54f048b9@group-C25BD028928E-LeaderElection14] INFO  server.RaftServerConfigKeys (ConfUtils.java:logGet(43)) - raft.server.log.appender.snapshot.chunk.size.max = 16MB (=16777216) (default)
2019-10-15 16:29:33,490 [f581660d-af3d-4f5f-b57d-f4cb54f048b9@group-C25BD028928E-LeaderElection14] INFO  server.RaftServerConfigKeys (ConfUtils.java:logGet(43)) - raft.server.log.appender.buffer.byte-limit = 33554432 (custom)
2019-10-15 16:29:33,490 [pool-97-thread-1] INFO  util.JmxRegister (JmxRegister.java:tryRegister(44)) - Successfully registered JMX Bean with object name Ratis:service=RaftServer,group=group-F2FE1ED60945,id=24ee8ff7-dd07-49e6-bbcb-bb50ff0e8e36
2019-10-15 16:29:33,490 [f581660d-af3d-4f5f-b57d-f4cb54f048b9@group-C25BD028928E-LeaderElection14] INFO  server.RaftServerConfigKeys (ConfUtils.java:logGet(43)) - raft.server.log.appender.buffer.element-limit = 1 (custom)
2019-10-15 16:29:33,490 [f581660d-af3d-4f5f-b57d-f4cb54f048b9@group-C25BD028928E-LeaderElection14] INFO  grpc.GrpcConfigKeys$Server (ConfUtils.java:logGet(43)) - raft.grpc.server.leader.outstanding.appends.max = 128 (default)
2019-10-15 16:29:33,490 [f581660d-af3d-4f5f-b57d-f4cb54f048b9@group-C25BD028928E-LeaderElection14] INFO  server.RaftServerConfigKeys (ConfUtils.java:logGet(43)) - raft.server.rpc.request.timeout = 3000ms (default)
2019-10-15 16:29:33,490 [Thread-390] INFO  impl.FollowerState (FollowerState.java:run(108)) - 0bff853f-e43c-4347-b3e4-d8621042c42b@group-AF37DB7271F3-FollowerState: change to CANDIDATE, lastRpcTime:65ms, electionTimeout:33ms
2019-10-15 16:29:33,490 [f581660d-af3d-4f5f-b57d-f4cb54f048b9@group-C25BD028928E-LeaderElection14] INFO  server.RaftServerConfigKeys (ConfUtils.java:logGet(43)) - raft.server.log.appender.install.snapshot.enabled = false (custom)
2019-10-15 16:29:33,491 [Thread-390] INFO  impl.RoleInfo (RoleInfo.java:shutdownFollowerState(121)) - 0bff853f-e43c-4347-b3e4-d8621042c42b: shutdown FollowerState
2019-10-15 16:29:33,491 [Thread-390] INFO  impl.RaftServerImpl (RaftServerImpl.java:setRole(184)) - 0bff853f-e43c-4347-b3e4-d8621042c42b@group-AF37DB7271F3: changes role from  FOLLOWER to CANDIDATE at term 1 for changeToCandidate
2019-10-15 16:29:33,491 [grpc-default-executor-1] INFO  server.GrpcServerProtocolService (GrpcServerProtocolService.java:onCompleted(113)) - f581660d-af3d-4f5f-b57d-f4cb54f048b9: Completed APPEND_ENTRIES, lastRequest: null
2019-10-15 16:29:33,491 [grpc-default-executor-5] INFO  server.GrpcServerProtocolService (GrpcServerProtocolService.java:onCompleted(113)) - f5624850-682f-4ec5-bb5c-f79627fc299e: Completed APPEND_ENTRIES, lastRequest: null
2019-10-15 16:29:33,499 [Thread-390] INFO  impl.RoleInfo (RoleInfo.java:updateAndGet(143)) - 0bff853f-e43c-4347-b3e4-d8621042c42b: start LeaderElection
2019-10-15 16:29:33,499 [pool-57-thread-1] INFO  segmented.SegmentedRaftLogWorker (SegmentedRaftLogWorker.java:lambda$new$0(128)) - c48d8dfa-9e66-4eac-9ff2-02281a99dfa9@group-F2FE1ED60945-SegmentedRaftLogWorker: flushIndex: setUnconditionally 0 -> -1
2019-10-15 16:29:33,499 [pool-47-thread-1] INFO  segmented.SegmentedRaftLogWorker (SegmentedRaftLogWorker.java:lambda$new$0(128)) - cccd55fe-f481-4e2b-93ed-b6a86d13c378@group-F2FE1ED60945-SegmentedRaftLogWorker: flushIndex: setUnconditionally 0 -> -1
2019-10-15 16:29:33,501 [pool-47-thread-1] INFO  server.RaftServerConfigKeys (ConfUtils.java:logGet(43)) - raft.server.snapshot.auto.trigger.enabled = true (custom)
2019-10-15 16:29:33,520 [pool-47-thread-1] INFO  server.RaftServerConfigKeys (ConfUtils.java:logGet(43)) - raft.server.snapshot.auto.trigger.threshold = 10000 (custom)
2019-10-15 16:29:33,524 [grpc-default-executor-6] INFO  server.GrpcLogAppender (GrpcLogAppender.java:onCompleted(308)) - 14091fe6-d183-4b46-be93-2ba964a39c73@group-C25BD028928E->f5624850-682f-4ec5-bb5c-f79627fc299e-AppendLogResponseHandler: follower responses appendEntries COMPLETED
2019-10-15 16:29:33,524 [grpc-default-executor-1] INFO  server.GrpcLogAppender (GrpcLogAppender.java:onCompleted(308)) - 14091fe6-d183-4b46-be93-2ba964a39c73@group-C25BD028928E->f581660d-af3d-4f5f-b57d-f4cb54f048b9-AppendLogResponseHandler: follower responses appendEntries COMPLETED
2019-10-15 16:29:33,524 [b3806c56-f44f-4484-a72b-f9662a6f8cba@group-AF37DB7271F3-LeaderElection18] INFO  impl.LeaderElection (LeaderElection.java:askForVotes(178)) - b3806c56-f44f-4484-a72b-f9662a6f8cba@group-AF37DB7271F3-LeaderElection18: begin an election at term 2 for -1: [0bff853f-e43c-4347-b3e4-d8621042c42b:192.168.164.239:34619, b3806c56-f44f-4484-a72b-f9662a6f8cba:192.168.164.239:35315, 6af1a5bd-f075-405e-b6a5-6d145eedd789:192.168.164.239:35339], old=null
2019-10-15 16:29:33,524 [pool-57-thread-1] INFO  server.RaftServerConfigKeys (ConfUtils.java:logGet(43)) - raft.server.snapshot.auto.trigger.enabled = true (custom)
2019-10-15 16:29:33,536 [Thread-383] INFO  impl.FollowerState (FollowerState.java:run(108)) - f5624850-682f-4ec5-bb5c-f79627fc299e@group-C25BD028928E-FollowerState: change to CANDIDATE, lastRpcTime:159ms, electionTimeout:151ms
2019-10-15 16:29:33,533 [pool-47-thread-1] INFO  server.RaftServerConfigKeys (ConfUtils.java:logGet(43)) - raft.server.snapshot.retention.file.num = 5 (custom)
2019-10-15 16:29:33,537 [Thread-383] INFO  impl.RoleInfo (RoleInfo.java:shutdownFollowerState(121)) - f5624850-682f-4ec5-bb5c-f79627fc299e: shutdown FollowerState
2019-10-15 16:29:33,537 [pool-57-thread-1] INFO  server.RaftServerConfigKeys (ConfUtils.java:logGet(43)) - raft.server.snapshot.auto.trigger.threshold = 10000 (custom)
2019-10-15 16:29:33,540 [Thread-383] INFO  impl.RaftServerImpl (RaftServerImpl.java:setRole(184)) - f5624850-682f-4ec5-bb5c-f79627fc299e@group-C25BD028928E: changes role from  FOLLOWER to CANDIDATE at term 4 for changeToCandidate
2019-10-15 16:29:33,540 [pool-47-thread-1] INFO  server.RaftServerConfigKeys (ConfUtils.java:logGet(43)) - raft.server.retrycache.expirytime = 600000ms (custom)
2019-10-15 16:29:33,537 [f581660d-af3d-4f5f-b57d-f4cb54f048b9@group-C25BD028928E-LeaderElection14] INFO  impl.RoleInfo (RoleInfo.java:updateAndGet(143)) - f581660d-af3d-4f5f-b57d-f4cb54f048b9: start LeaderState
2019-10-15 16:29:33,541 [grpc-default-executor-6] INFO  impl.FollowerInfo (FollowerInfo.java:lambda$new$0(51)) - 14091fe6-d183-4b46-be93-2ba964a39c73@group-C25BD028928E->f5624850-682f-4ec5-bb5c-f79627fc299e: nextIndex: updateUnconditionally 0 -> 0
2019-10-15 16:29:33,540 [Thread-383] INFO  impl.RoleInfo (RoleInfo.java:updateAndGet(143)) - f5624850-682f-4ec5-bb5c-f79627fc299e: start LeaderElection
2019-10-15 16:29:33,540 [pool-57-thread-1] INFO  server.RaftServerConfigKeys (ConfUtils.java:logGet(43)) - raft.server.snapshot.retention.file.num = 5 (custom)
2019-10-15 16:29:33,543 [f581660d-af3d-4f5f-b57d-f4cb54f048b9@group-C25BD028928E-LeaderElection14] INFO  segmented.SegmentedRaftLogWorker (SegmentedRaftLogWorker.java:startLogSegment(385)) - f581660d-af3d-4f5f-b57d-f4cb54f048b9@group-C25BD028928E-SegmentedRaftLogWorker: Starting segment from index:0
2019-10-15 16:29:33,541 [grpc-default-executor-1] INFO  impl.FollowerInfo (FollowerInfo.java:lambda$new$0(51)) - 14091fe6-d183-4b46-be93-2ba964a39c73@group-C25BD028928E->f581660d-af3d-4f5f-b57d-f4cb54f048b9: nextIndex: updateUnconditionally 0 -> 0
2019-10-15 16:29:33,545 [pool-57-thread-1] INFO  server.RaftServerConfigKeys (ConfUtils.java:logGet(43)) - raft.server.retrycache.expirytime = 600000ms (custom)
2019-10-15 16:29:33,546 [f581660d-af3d-4f5f-b57d-f4cb54f048b9@group-C25BD028928E-LeaderElection14] INFO  impl.RaftServerImpl (ServerState.java:setRaftConf(357)) - f581660d-af3d-4f5f-b57d-f4cb54f048b9@group-C25BD028928E: set configuration 0: [f581660d-af3d-4f5f-b57d-f4cb54f048b9:192.168.164.239:42501, f5624850-682f-4ec5-bb5c-f79627fc299e:192.168.164.239:39499, 14091fe6-d183-4b46-be93-2ba964a39c73:192.168.164.239:34827], old=null at 0
2019-10-15 16:29:33,576 [f5624850-682f-4ec5-bb5c-f79627fc299e@group-C25BD028928E-LeaderElection20] INFO  impl.LeaderElection (LeaderElection.java:askForVotes(178)) - f5624850-682f-4ec5-bb5c-f79627fc299e@group-C25BD028928E-LeaderElection20: begin an election at term 5 for -1: [f581660d-af3d-4f5f-b57d-f4cb54f048b9:192.168.164.239:42501, f5624850-682f-4ec5-bb5c-f79627fc299e:192.168.164.239:39499, 14091fe6-d183-4b46-be93-2ba964a39c73:192.168.164.239:34827], old=null
2019-10-15 16:29:33,576 [0bff853f-e43c-4347-b3e4-d8621042c42b@group-AF37DB7271F3-LeaderElection19] INFO  impl.LeaderElection (LeaderElection.java:askForVotes(178)) - 0bff853f-e43c-4347-b3e4-d8621042c42b@group-AF37DB7271F3-LeaderElection19: begin an election at term 2 for -1: [0bff853f-e43c-4347-b3e4-d8621042c42b:192.168.164.239:34619, b3806c56-f44f-4484-a72b-f9662a6f8cba:192.168.164.239:35315, 6af1a5bd-f075-405e-b6a5-6d145eedd789:192.168.164.239:35339], old=null
2019-10-15 16:29:33,597 [Thread-389] INFO  impl.FollowerState (FollowerState.java:run(108)) - 6af1a5bd-f075-405e-b6a5-6d145eedd789@group-AF37DB7271F3-FollowerState: change to CANDIDATE, lastRpcTime:195ms, electionTimeout:186ms
2019-10-15 16:29:33,598 [Thread-389] INFO  impl.RoleInfo (RoleInfo.java:shutdownFollowerState(121)) - 6af1a5bd-f075-405e-b6a5-6d145eedd789: shutdown FollowerState
2019-10-15 16:29:33,598 [Thread-389] INFO  impl.RaftServerImpl (RaftServerImpl.java:setRole(184)) - 6af1a5bd-f075-405e-b6a5-6d145eedd789@group-AF37DB7271F3: changes role from  FOLLOWER to CANDIDATE at term 1 for changeToCandidate
2019-10-15 16:29:33,598 [Thread-389] INFO  impl.RoleInfo (RoleInfo.java:updateAndGet(143)) - 6af1a5bd-f075-405e-b6a5-6d145eedd789: start LeaderElection
2019-10-15 16:29:33,601 [f581660d-af3d-4f5f-b57d-f4cb54f048b9@group-C25BD028928E-SegmentedRaftLogWorker] INFO  segmented.SegmentedRaftLogWorker (SegmentedRaftLogWorker.java:execute(576)) - f581660d-af3d-4f5f-b57d-f4cb54f048b9@group-C25BD028928E-SegmentedRaftLogWorker: created new log segment /workdir/hadoop-ozone/integration-test/target/test-dir/MiniOzoneClusterImpl-beab53a1-ec34-46da-8591-07ed803d9383/datanode-5/data/ratis/be87c3c4-003f-4a60-bccf-c25bd028928e/current/log_inprogress_0
2019-10-15 16:29:33,605 [grpc-default-executor-6] INFO  impl.RaftServerImpl (RaftServerImpl.java:setRole(184)) - 14091fe6-d183-4b46-be93-2ba964a39c73@group-C25BD028928E: changes role from  FOLLOWER to FOLLOWER at term 5 for recognizeCandidate:f5624850-682f-4ec5-bb5c-f79627fc299e
2019-10-15 16:29:33,606 [grpc-default-executor-6] INFO  impl.RoleInfo (RoleInfo.java:shutdownFollowerState(121)) - 14091fe6-d183-4b46-be93-2ba964a39c73: shutdown FollowerState
2019-10-15 16:29:33,606 [grpc-default-executor-6] INFO  impl.RoleInfo (RoleInfo.java:updateAndGet(143)) - 14091fe6-d183-4b46-be93-2ba964a39c73: start FollowerState
2019-10-15 16:29:33,606 [Thread-394] INFO  impl.FollowerState (FollowerState.java:run(117)) - 14091fe6-d183-4b46-be93-2ba964a39c73@group-C25BD028928E-FollowerState was interrupted: java.lang.InterruptedException: sleep interrupted
2019-10-15 16:29:33,609 [grpc-default-executor-5] INFO  impl.RaftServerImpl (ServerState.java:setLeader(256)) - f581660d-af3d-4f5f-b57d-f4cb54f048b9@group-C25BD028928E: change Leader from f581660d-af3d-4f5f-b57d-f4cb54f048b9 to null at term 5 for updateCurrentTerm
2019-10-15 16:29:33,609 [grpc-default-executor-5] INFO  impl.RaftServerImpl (RaftServerImpl.java:setRole(184)) - f581660d-af3d-4f5f-b57d-f4cb54f048b9@group-C25BD028928E: changes role from    LEADER to FOLLOWER at term 5 for recognizeCandidate:f5624850-682f-4ec5-bb5c-f79627fc299e
2019-10-15 16:29:33,609 [grpc-default-executor-5] INFO  impl.RoleInfo (RoleInfo.java:shutdownLeaderState(104)) - f581660d-af3d-4f5f-b57d-f4cb54f048b9: shutdown LeaderState
2019-10-15 16:29:33,612 [org.apache.ratis.server.impl.LogAppender$AppenderDaemon$$Lambda$445/240503556@5ba70875] WARN  server.GrpcLogAppender (GrpcLogAppender.java:mayWait(149)) - f581660d-af3d-4f5f-b57d-f4cb54f048b9@group-C25BD028928E->14091fe6-d183-4b46-be93-2ba964a39c73-GrpcLogAppender: Wait interrupted by java.lang.InterruptedException
2019-10-15 16:29:33,612 [grpc-default-executor-5] INFO  impl.PendingRequests (PendingRequests.java:sendNotLeaderResponses(202)) - f581660d-af3d-4f5f-b57d-f4cb54f048b9@group-C25BD028928E-PendingRequests: sendNotLeaderResponses
2019-10-15 16:29:33,612 [org.apache.ratis.server.impl.LogAppender$AppenderDaemon$$Lambda$445/240503556@6a87827c] WARN  server.GrpcLogAppender (GrpcLogAppender.java:mayWait(149)) - f581660d-af3d-4f5f-b57d-f4cb54f048b9@group-C25BD028928E->f5624850-682f-4ec5-bb5c-f79627fc299e-GrpcLogAppender: Wait interrupted by java.lang.InterruptedException
2019-10-15 16:29:33,614 [grpc-default-executor-5] INFO  impl.RoleInfo (RoleInfo.java:updateAndGet(143)) - f581660d-af3d-4f5f-b57d-f4cb54f048b9: start FollowerState
2019-10-15 16:29:33,627 [6af1a5bd-f075-405e-b6a5-6d145eedd789@group-AF37DB7271F3-LeaderElection21] INFO  impl.LeaderElection (LeaderElection.java:askForVotes(178)) - 6af1a5bd-f075-405e-b6a5-6d145eedd789@group-AF37DB7271F3-LeaderElection21: begin an election at term 2 for -1: [0bff853f-e43c-4347-b3e4-d8621042c42b:192.168.164.239:34619, b3806c56-f44f-4484-a72b-f9662a6f8cba:192.168.164.239:35315, 6af1a5bd-f075-405e-b6a5-6d145eedd789:192.168.164.239:35339], old=null
2019-10-15 16:29:33,629 [b3806c56-f44f-4484-a72b-f9662a6f8cba@group-AF37DB7271F3-LeaderElection18] INFO  impl.LeaderElection (LeaderElection.java:logAndReturn(56)) - b3806c56-f44f-4484-a72b-f9662a6f8cba@group-AF37DB7271F3-LeaderElection18: Election REJECTED; received 2 response(s) [b3806c56-f44f-4484-a72b-f9662a6f8cba<-0bff853f-e43c-4347-b3e4-d8621042c42b#0:FAIL-t2, b3806c56-f44f-4484-a72b-f9662a6f8cba<-6af1a5bd-f075-405e-b6a5-6d145eedd789#0:FAIL-t2] and 0 exception(s); b3806c56-f44f-4484-a72b-f9662a6f8cba@group-AF37DB7271F3:t2, leader=null, voted=b3806c56-f44f-4484-a72b-f9662a6f8cba, raftlog=b3806c56-f44f-4484-a72b-f9662a6f8cba@group-AF37DB7271F3-SegmentedRaftLog:OPENED:c-1,f-1,i0, conf=-1: [0bff853f-e43c-4347-b3e4-d8621042c42b:192.168.164.239:34619, b3806c56-f44f-4484-a72b-f9662a6f8cba:192.168.164.239:35315, 6af1a5bd-f075-405e-b6a5-6d145eedd789:192.168.164.239:35339], old=null
2019-10-15 16:29:33,630 [0bff853f-e43c-4347-b3e4-d8621042c42b@group-AF37DB7271F3-LeaderElection19] INFO  impl.LeaderElection (LeaderElection.java:logAndReturn(56)) - 0bff853f-e43c-4347-b3e4-d8621042c42b@group-AF37DB7271F3-LeaderElection19: Election REJECTED; received 2 response(s) [0bff853f-e43c-4347-b3e4-d8621042c42b<-b3806c56-f44f-4484-a72b-f9662a6f8cba#0:FAIL-t2, 0bff853f-e43c-4347-b3e4-d8621042c42b<-6af1a5bd-f075-405e-b6a5-6d145eedd789#0:FAIL-t2] and 0 exception(s); 0bff853f-e43c-4347-b3e4-d8621042c42b@group-AF37DB7271F3:t2, leader=null, voted=0bff853f-e43c-4347-b3e4-d8621042c42b, raftlog=0bff853f-e43c-4347-b3e4-d8621042c42b@group-AF37DB7271F3-SegmentedRaftLog:OPENED:c-1,f-1,i0, conf=-1: [0bff853f-e43c-4347-b3e4-d8621042c42b:192.168.164.239:34619, b3806c56-f44f-4484-a72b-f9662a6f8cba:192.168.164.239:35315, 6af1a5bd-f075-405e-b6a5-6d145eedd789:192.168.164.239:35339], old=null
2019-10-15 16:29:33,640 [IPC Server handler 19 on 45173] INFO  volume.OMVolumeCreateRequest (OMVolumeCreateRequest.java:validateAndUpdateCache(193)) - created volume:datanodefailurehandlingtest for user:jenkins1000
2019-10-15 16:29:33,653 [b3806c56-f44f-4484-a72b-f9662a6f8cba@group-AF37DB7271F3-LeaderElection18] INFO  impl.RaftServerImpl (RaftServerImpl.java:setRole(184)) - b3806c56-f44f-4484-a72b-f9662a6f8cba@group-AF37DB7271F3: changes role from CANDIDATE to FOLLOWER at term 2 for DISCOVERED_A_NEW_TERM
2019-10-15 16:29:33,653 [0bff853f-e43c-4347-b3e4-d8621042c42b@group-AF37DB7271F3-LeaderElection19] INFO  impl.RaftServerImpl (RaftServerImpl.java:setRole(184)) - 0bff853f-e43c-4347-b3e4-d8621042c42b@group-AF37DB7271F3: changes role from CANDIDATE to FOLLOWER at term 2 for DISCOVERED_A_NEW_TERM
2019-10-15 16:29:33,632 [grpc-default-executor-3] INFO  server.GrpcServerProtocolService (GrpcServerProtocolService.java:onCompleted(113)) - f5624850-682f-4ec5-bb5c-f79627fc299e: Completed APPEND_ENTRIES, lastRequest: f581660d-af3d-4f5f-b57d-f4cb54f048b9->f5624850-682f-4ec5-bb5c-f79627fc299e#0-t4, previous=(t:0, i:0), leaderCommit=-1, initializing? false, entries: <empty>
2019-10-15 16:29:33,650 [f5624850-682f-4ec5-bb5c-f79627fc299e@group-C25BD028928E-LeaderElection20] INFO  impl.LeaderElection (LeaderElection.java:logAndReturn(56)) - f5624850-682f-4ec5-bb5c-f79627fc299e@group-C25BD028928E-LeaderElection20: Election TIMEOUT; received 1 response(s) [f5624850-682f-4ec5-bb5c-f79627fc299e<-14091fe6-d183-4b46-be93-2ba964a39c73#0:FAIL-t5] and 0 exception(s); f5624850-682f-4ec5-bb5c-f79627fc299e@group-C25BD028928E:t5, leader=null, voted=f5624850-682f-4ec5-bb5c-f79627fc299e, raftlog=f5624850-682f-4ec5-bb5c-f79627fc299e@group-C25BD028928E-SegmentedRaftLog:OPENED:c-1,f-1,i0, conf=-1: [f581660d-af3d-4f5f-b57d-f4cb54f048b9:192.168.164.239:42501, f5624850-682f-4ec5-bb5c-f79627fc299e:192.168.164.239:39499, 14091fe6-d183-4b46-be93-2ba964a39c73:192.168.164.239:34827], old=null
2019-10-15 16:29:33,661 [0bff853f-e43c-4347-b3e4-d8621042c42b@group-AF37DB7271F3-LeaderElection19] INFO  impl.RoleInfo (RoleInfo.java:shutdownLeaderElection(134)) - 0bff853f-e43c-4347-b3e4-d8621042c42b: shutdown LeaderElection
2019-10-15 16:29:33,661 [b3806c56-f44f-4484-a72b-f9662a6f8cba@group-AF37DB7271F3-LeaderElection18] INFO  impl.RoleInfo (RoleInfo.java:shutdownLeaderElection(134)) - b3806c56-f44f-4484-a72b-f9662a6f8cba: shutdown LeaderElection
2019-10-15 16:29:33,661 [grpc-default-executor-4] INFO  server.GrpcServerProtocolService (GrpcServerProtocolService.java:onCompleted(113)) - 14091fe6-d183-4b46-be93-2ba964a39c73: Completed APPEND_ENTRIES, lastRequest: f581660d-af3d-4f5f-b57d-f4cb54f048b9->14091fe6-d183-4b46-be93-2ba964a39c73#0-t4, previous=(t:0, i:0), leaderCommit=-1, initializing? false, entries: <empty>
2019-10-15 16:29:33,662 [0bff853f-e43c-4347-b3e4-d8621042c42b@group-AF37DB7271F3-LeaderElection19] INFO  impl.RoleInfo (RoleInfo.java:updateAndGet(143)) - 0bff853f-e43c-4347-b3e4-d8621042c42b: start FollowerState
2019-10-15 16:29:33,664 [grpc-default-executor-4] INFO  server.GrpcLogAppender (GrpcLogAppender.java:onCompleted(308)) - f581660d-af3d-4f5f-b57d-f4cb54f048b9@group-C25BD028928E->f5624850-682f-4ec5-bb5c-f79627fc299e-AppendLogResponseHandler: follower responses appendEntries COMPLETED
2019-10-15 16:29:33,666 [b3806c56-f44f-4484-a72b-f9662a6f8cba@group-AF37DB7271F3-LeaderElection18] INFO  impl.RoleInfo (RoleInfo.java:updateAndGet(143)) - b3806c56-f44f-4484-a72b-f9662a6f8cba: start FollowerState
2019-10-15 16:29:33,672 [grpc-default-executor-3] INFO  server.GrpcLogAppender (GrpcLogAppender.java:onCompleted(308)) - f581660d-af3d-4f5f-b57d-f4cb54f048b9@group-C25BD028928E->14091fe6-d183-4b46-be93-2ba964a39c73-AppendLogResponseHandler: follower responses appendEntries COMPLETED
2019-10-15 16:29:33,675 [grpc-default-executor-4] INFO  impl.FollowerInfo (FollowerInfo.java:lambda$new$0(51)) - f581660d-af3d-4f5f-b57d-f4cb54f048b9@group-C25BD028928E->f5624850-682f-4ec5-bb5c-f79627fc299e: nextIndex: updateUnconditionally 0 -> 0
2019-10-15 16:29:33,683 [Thread-397] INFO  impl.FollowerState (FollowerState.java:run(108)) - 24ee8ff7-dd07-49e6-bbcb-bb50ff0e8e36@group-F2FE1ED60945-FollowerState: change to CANDIDATE, lastRpcTime:193ms, electionTimeout:190ms
2019-10-15 16:29:33,683 [Thread-397] INFO  impl.RoleInfo (RoleInfo.java:shutdownFollowerState(121)) - 24ee8ff7-dd07-49e6-bbcb-bb50ff0e8e36: shutdown FollowerState
2019-10-15 16:29:33,684 [Thread-397] INFO  impl.RaftServerImpl (RaftServerImpl.java:setRole(184)) - 24ee8ff7-dd07-49e6-bbcb-bb50ff0e8e36@group-F2FE1ED60945: changes role from  FOLLOWER to CANDIDATE at term 0 for changeToCandidate
2019-10-15 16:29:33,684 [grpc-default-executor-3] INFO  impl.FollowerInfo (FollowerInfo.java:lambda$new$0(51)) - f581660d-af3d-4f5f-b57d-f4cb54f048b9@group-C25BD028928E->14091fe6-d183-4b46-be93-2ba964a39c73: nextIndex: updateUnconditionally 0 -> 0
2019-10-15 16:29:33,685 [6af1a5bd-f075-405e-b6a5-6d145eedd789@group-AF37DB7271F3-LeaderElection21] INFO  impl.LeaderElection (LeaderElection.java:logAndReturn(56)) - 6af1a5bd-f075-405e-b6a5-6d145eedd789@group-AF37DB7271F3-LeaderElection21: Election TIMEOUT; received 0 response(s) [] and 0 exception(s); 6af1a5bd-f075-405e-b6a5-6d145eedd789@group-AF37DB7271F3:t2, leader=null, voted=6af1a5bd-f075-405e-b6a5-6d145eedd789, raftlog=6af1a5bd-f075-405e-b6a5-6d145eedd789@group-AF37DB7271F3-SegmentedRaftLog:OPENED:c-1,f-1,i0, conf=-1: [0bff853f-e43c-4347-b3e4-d8621042c42b:192.168.164.239:34619, b3806c56-f44f-4484-a72b-f9662a6f8cba:192.168.164.239:35315, 6af1a5bd-f075-405e-b6a5-6d145eedd789:192.168.164.239:35339], old=null
2019-10-15 16:29:33,694 [f5624850-682f-4ec5-bb5c-f79627fc299e@group-C25BD028928E-LeaderElection20] INFO  impl.LeaderElection (LeaderElection.java:askForVotes(178)) - f5624850-682f-4ec5-bb5c-f79627fc299e@group-C25BD028928E-LeaderElection20: begin an election at term 6 for -1: [f581660d-af3d-4f5f-b57d-f4cb54f048b9:192.168.164.239:42501, f5624850-682f-4ec5-bb5c-f79627fc299e:192.168.164.239:39499, 14091fe6-d183-4b46-be93-2ba964a39c73:192.168.164.239:34827], old=null
2019-10-15 16:29:33,710 [Thread-397] INFO  impl.RoleInfo (RoleInfo.java:updateAndGet(143)) - 24ee8ff7-dd07-49e6-bbcb-bb50ff0e8e36: start LeaderElection
2019-10-15 16:29:33,754 [Thread-417] INFO  impl.FollowerState (FollowerState.java:run(108)) - 0bff853f-e43c-4347-b3e4-d8621042c42b@group-AF37DB7271F3-FollowerState: change to CANDIDATE, lastRpcTime:92ms, electionTimeout:52ms
2019-10-15 16:29:33,755 [24ee8ff7-dd07-49e6-bbcb-bb50ff0e8e36@group-F2FE1ED60945-LeaderElection22] INFO  impl.LeaderElection (LeaderElection.java:askForVotes(178)) - 24ee8ff7-dd07-49e6-bbcb-bb50ff0e8e36@group-F2FE1ED60945-LeaderElection22: begin an election at term 1 for -1: [c48d8dfa-9e66-4eac-9ff2-02281a99dfa9:192.168.164.239:41652, cccd55fe-f481-4e2b-93ed-b6a86d13c378:192.168.164.239:35771, 24ee8ff7-dd07-49e6-bbcb-bb50ff0e8e36:192.168.164.239:45096], old=null
2019-10-15 16:29:33,755 [6af1a5bd-f075-405e-b6a5-6d145eedd789@group-AF37DB7271F3-LeaderElection21] INFO  impl.LeaderElection (LeaderElection.java:askForVotes(178)) - 6af1a5bd-f075-405e-b6a5-6d145eedd789@group-AF37DB7271F3-LeaderElection21: begin an election at term 3 for -1: [0bff853f-e43c-4347-b3e4-d8621042c42b:192.168.164.239:34619, b3806c56-f44f-4484-a72b-f9662a6f8cba:192.168.164.239:35315, 6af1a5bd-f075-405e-b6a5-6d145eedd789:192.168.164.239:35339], old=null
2019-10-15 16:29:33,755 [Thread-417] INFO  impl.RoleInfo (RoleInfo.java:shutdownFollowerState(121)) - 0bff853f-e43c-4347-b3e4-d8621042c42b: shutdown FollowerState
2019-10-15 16:29:33,755 [Thread-417] INFO  impl.RaftServerImpl (RaftServerImpl.java:setRole(184)) - 0bff853f-e43c-4347-b3e4-d8621042c42b@group-AF37DB7271F3: changes role from  FOLLOWER to CANDIDATE at term 2 for changeToCandidate
2019-10-15 16:29:33,757 [f5624850-682f-4ec5-bb5c-f79627fc299e@group-C25BD028928E-LeaderElection20] INFO  impl.LeaderElection (LeaderElection.java:logAndReturn(56)) - f5624850-682f-4ec5-bb5c-f79627fc299e@group-C25BD028928E-LeaderElection20: Election TIMEOUT; received 0 response(s) [] and 0 exception(s); f5624850-682f-4ec5-bb5c-f79627fc299e@group-C25BD028928E:t6, leader=null, voted=f5624850-682f-4ec5-bb5c-f79627fc299e, raftlog=f5624850-682f-4ec5-bb5c-f79627fc299e@group-C25BD028928E-SegmentedRaftLog:OPENED:c-1,f-1,i0, conf=-1: [f581660d-af3d-4f5f-b57d-f4cb54f048b9:192.168.164.239:42501, f5624850-682f-4ec5-bb5c-f79627fc299e:192.168.164.239:39499, 14091fe6-d183-4b46-be93-2ba964a39c73:192.168.164.239:34827], old=null
2019-10-15 16:29:33,797 [Thread-417] INFO  impl.RoleInfo (RoleInfo.java:updateAndGet(143)) - 0bff853f-e43c-4347-b3e4-d8621042c42b: start LeaderElection
2019-10-15 16:29:33,802 [Thread-418] INFO  impl.FollowerState (FollowerState.java:run(108)) - b3806c56-f44f-4484-a72b-f9662a6f8cba@group-AF37DB7271F3-FollowerState: change to CANDIDATE, lastRpcTime:136ms, electionTimeout:130ms
2019-10-15 16:29:33,802 [grpc-default-executor-5] INFO  impl.RaftServerImpl (RaftServerImpl.java:setRole(184)) - 14091fe6-d183-4b46-be93-2ba964a39c73@group-C25BD028928E: changes role from  FOLLOWER to FOLLOWER at term 6 for recognizeCandidate:f5624850-682f-4ec5-bb5c-f79627fc299e
2019-10-15 16:29:33,805 [Thread-418] INFO  impl.RoleInfo (RoleInfo.java:shutdownFollowerState(121)) - b3806c56-f44f-4484-a72b-f9662a6f8cba: shutdown FollowerState
2019-10-15 16:29:33,805 [grpc-default-executor-3] INFO  impl.RaftServerImpl (RaftServerImpl.java:setRole(184)) - f581660d-af3d-4f5f-b57d-f4cb54f048b9@group-C25BD028928E: changes role from  FOLLOWER to FOLLOWER at term 6 for recognizeCandidate:f5624850-682f-4ec5-bb5c-f79627fc299e
2019-10-15 16:29:33,805 [grpc-default-executor-5] INFO  impl.RoleInfo (RoleInfo.java:shutdownFollowerState(121)) - 14091fe6-d183-4b46-be93-2ba964a39c73: shutdown FollowerState
2019-10-15 16:29:33,805 [grpc-default-executor-3] INFO  impl.RoleInfo (RoleInfo.java:shutdownFollowerState(121)) - f581660d-af3d-4f5f-b57d-f4cb54f048b9: shutdown FollowerState
2019-10-15 16:29:33,805 [Thread-418] INFO  impl.RaftServerImpl (RaftServerImpl.java:setRole(184)) - b3806c56-f44f-4484-a72b-f9662a6f8cba@group-AF37DB7271F3: changes role from  FOLLOWER to CANDIDATE at term 2 for changeToCandidate
2019-10-15 16:29:33,807 [main] INFO  rpc.RpcClient (RpcClient.java:createBucket(411)) - Creating Bucket: datanodefailurehandlingtest/datanodefailurehandlingtest, with Versioning false and Storage Type set to DISK and Encryption set to false 
2019-10-15 16:29:33,814 [6af1a5bd-f075-405e-b6a5-6d145eedd789@group-AF37DB7271F3-LeaderElection21] INFO  impl.LeaderElection (LeaderElection.java:logAndReturn(56)) - 6af1a5bd-f075-405e-b6a5-6d145eedd789@group-AF37DB7271F3-LeaderElection21: Election TIMEOUT; received 0 response(s) [] and 0 exception(s); 6af1a5bd-f075-405e-b6a5-6d145eedd789@group-AF37DB7271F3:t3, leader=null, voted=6af1a5bd-f075-405e-b6a5-6d145eedd789, raftlog=6af1a5bd-f075-405e-b6a5-6d145eedd789@group-AF37DB7271F3-SegmentedRaftLog:OPENED:c-1,f-1,i0, conf=-1: [0bff853f-e43c-4347-b3e4-d8621042c42b:192.168.164.239:34619, b3806c56-f44f-4484-a72b-f9662a6f8cba:192.168.164.239:35315, 6af1a5bd-f075-405e-b6a5-6d145eedd789:192.168.164.239:35339], old=null
2019-10-15 16:29:33,829 [Thread-418] INFO  impl.RoleInfo (RoleInfo.java:updateAndGet(143)) - b3806c56-f44f-4484-a72b-f9662a6f8cba: start LeaderElection
2019-10-15 16:29:33,829 [Thread-414] INFO  impl.FollowerState (FollowerState.java:run(117)) - f581660d-af3d-4f5f-b57d-f4cb54f048b9@group-C25BD028928E-FollowerState was interrupted: java.lang.InterruptedException: sleep interrupted
2019-10-15 16:29:33,831 [grpc-default-executor-3] INFO  impl.RoleInfo (RoleInfo.java:updateAndGet(143)) - f581660d-af3d-4f5f-b57d-f4cb54f048b9: start FollowerState
2019-10-15 16:29:33,831 [grpc-default-executor-5] INFO  impl.RoleInfo (RoleInfo.java:updateAndGet(143)) - 14091fe6-d183-4b46-be93-2ba964a39c73: start FollowerState
2019-10-15 16:29:33,829 [Thread-413] INFO  impl.FollowerState (FollowerState.java:run(117)) - 14091fe6-d183-4b46-be93-2ba964a39c73@group-C25BD028928E-FollowerState was interrupted: java.lang.InterruptedException: sleep interrupted
2019-10-15 16:29:33,832 [grpc-default-executor-2] INFO  impl.RaftServerImpl (RaftServerImpl.java:setRole(184)) - b3806c56-f44f-4484-a72b-f9662a6f8cba@group-AF37DB7271F3: changes role from CANDIDATE to FOLLOWER at term 3 for recognizeCandidate:6af1a5bd-f075-405e-b6a5-6d145eedd789
2019-10-15 16:29:33,834 [grpc-default-executor-2] INFO  impl.RoleInfo (RoleInfo.java:shutdownLeaderElection(134)) - b3806c56-f44f-4484-a72b-f9662a6f8cba: shutdown LeaderElection
2019-10-15 16:29:33,832 [f5624850-682f-4ec5-bb5c-f79627fc299e@group-C25BD028928E-LeaderElection20] INFO  impl.LeaderElection (LeaderElection.java:askForVotes(178)) - f5624850-682f-4ec5-bb5c-f79627fc299e@group-C25BD028928E-LeaderElection20: begin an election at term 7 for -1: [f581660d-af3d-4f5f-b57d-f4cb54f048b9:192.168.164.239:42501, f5624850-682f-4ec5-bb5c-f79627fc299e:192.168.164.239:39499, 14091fe6-d183-4b46-be93-2ba964a39c73:192.168.164.239:34827], old=null
2019-10-15 16:29:33,832 [0bff853f-e43c-4347-b3e4-d8621042c42b@group-AF37DB7271F3-LeaderElection23] INFO  impl.LeaderElection (LeaderElection.java:askForVotes(178)) - 0bff853f-e43c-4347-b3e4-d8621042c42b@group-AF37DB7271F3-LeaderElection23: begin an election at term 3 for -1: [0bff853f-e43c-4347-b3e4-d8621042c42b:192.168.164.239:34619, b3806c56-f44f-4484-a72b-f9662a6f8cba:192.168.164.239:35315, 6af1a5bd-f075-405e-b6a5-6d145eedd789:192.168.164.239:35339], old=null
2019-10-15 16:29:33,834 [grpc-default-executor-2] INFO  impl.RoleInfo (RoleInfo.java:updateAndGet(143)) - b3806c56-f44f-4484-a72b-f9662a6f8cba: start FollowerState
2019-10-15 16:29:33,862 [6af1a5bd-f075-405e-b6a5-6d145eedd789@group-AF37DB7271F3-LeaderElection21] INFO  impl.LeaderElection (LeaderElection.java:askForVotes(178)) - 6af1a5bd-f075-405e-b6a5-6d145eedd789@group-AF37DB7271F3-LeaderElection21: begin an election at term 4 for -1: [0bff853f-e43c-4347-b3e4-d8621042c42b:192.168.164.239:34619, b3806c56-f44f-4484-a72b-f9662a6f8cba:192.168.164.239:35315, 6af1a5bd-f075-405e-b6a5-6d145eedd789:192.168.164.239:35339], old=null
2019-10-15 16:29:33,862 [grpc-default-executor-1] INFO  impl.RaftServerImpl (RaftServerImpl.java:setRole(184)) - b3806c56-f44f-4484-a72b-f9662a6f8cba@group-AF37DB7271F3: changes role from  FOLLOWER to FOLLOWER at term 3 for recognizeCandidate:0bff853f-e43c-4347-b3e4-d8621042c42b
2019-10-15 16:29:33,863 [grpc-default-executor-1] INFO  impl.RoleInfo (RoleInfo.java:shutdownFollowerState(121)) - b3806c56-f44f-4484-a72b-f9662a6f8cba: shutdown FollowerState
2019-10-15 16:29:33,863 [Thread-430] INFO  impl.FollowerState (FollowerState.java:run(117)) - b3806c56-f44f-4484-a72b-f9662a6f8cba@group-AF37DB7271F3-FollowerState was interrupted: java.lang.InterruptedException: sleep interrupted
2019-10-15 16:29:33,863 [grpc-default-executor-1] INFO  impl.RoleInfo (RoleInfo.java:updateAndGet(143)) - b3806c56-f44f-4484-a72b-f9662a6f8cba: start FollowerState
2019-10-15 16:29:33,866 [grpc-default-executor-5] INFO  impl.RaftServerImpl (RaftServerImpl.java:setRole(184)) - 14091fe6-d183-4b46-be93-2ba964a39c73@group-C25BD028928E: changes role from  FOLLOWER to FOLLOWER at term 7 for recognizeCandidate:f5624850-682f-4ec5-bb5c-f79627fc299e
2019-10-15 16:29:33,866 [grpc-default-executor-5] INFO  impl.RoleInfo (RoleInfo.java:shutdownFollowerState(121)) - 14091fe6-d183-4b46-be93-2ba964a39c73: shutdown FollowerState
2019-10-15 16:29:33,868 [grpc-default-executor-2] INFO  impl.RaftServerImpl (RaftServerImpl.java:setRole(184)) - f581660d-af3d-4f5f-b57d-f4cb54f048b9@group-C25BD028928E: changes role from  FOLLOWER to FOLLOWER at term 7 for recognizeCandidate:f5624850-682f-4ec5-bb5c-f79627fc299e
2019-10-15 16:29:33,868 [Thread-429] INFO  impl.FollowerState (FollowerState.java:run(117)) - 14091fe6-d183-4b46-be93-2ba964a39c73@group-C25BD028928E-FollowerState was interrupted: java.lang.InterruptedException: sleep interrupted
2019-10-15 16:29:33,868 [grpc-default-executor-2] INFO  impl.RoleInfo (RoleInfo.java:shutdownFollowerState(121)) - f581660d-af3d-4f5f-b57d-f4cb54f048b9: shutdown FollowerState
2019-10-15 16:29:33,868 [grpc-default-executor-0] INFO  impl.RaftServerImpl (RaftServerImpl.java:setRole(184)) - 0bff853f-e43c-4347-b3e4-d8621042c42b@group-AF37DB7271F3: changes role from CANDIDATE to FOLLOWER at term 4 for recognizeCandidate:6af1a5bd-f075-405e-b6a5-6d145eedd789
2019-10-15 16:29:33,868 [grpc-default-executor-0] INFO  impl.RoleInfo (RoleInfo.java:shutdownLeaderElection(134)) - 0bff853f-e43c-4347-b3e4-d8621042c42b: shutdown LeaderElection
2019-10-15 16:29:33,900 [grpc-default-executor-0] INFO  impl.RoleInfo (RoleInfo.java:updateAndGet(143)) - 0bff853f-e43c-4347-b3e4-d8621042c42b: start FollowerState
2019-10-15 16:29:33,900 [Thread-428] INFO  impl.FollowerState (FollowerState.java:run(117)) - f581660d-af3d-4f5f-b57d-f4cb54f048b9@group-C25BD028928E-FollowerState was interrupted: java.lang.InterruptedException: sleep interrupted
2019-10-15 16:29:33,903 [grpc-default-executor-5] INFO  impl.RoleInfo (RoleInfo.java:updateAndGet(143)) - 14091fe6-d183-4b46-be93-2ba964a39c73: start FollowerState
2019-10-15 16:29:33,900 [0bff853f-e43c-4347-b3e4-d8621042c42b@group-AF37DB7271F3-LeaderElection23] INFO  impl.LeaderElection (LeaderElection.java:logAndReturn(56)) - 0bff853f-e43c-4347-b3e4-d8621042c42b@group-AF37DB7271F3-LeaderElection23: Election PASSED; received 1 response(s) [0bff853f-e43c-4347-b3e4-d8621042c42b<-b3806c56-f44f-4484-a72b-f9662a6f8cba#0:OK-t3] and 0 exception(s); 0bff853f-e43c-4347-b3e4-d8621042c42b@group-AF37DB7271F3:t4, leader=null, voted=null, raftlog=0bff853f-e43c-4347-b3e4-d8621042c42b@group-AF37DB7271F3-SegmentedRaftLog:OPENED:c-1,f-1,i0, conf=-1: [0bff853f-e43c-4347-b3e4-d8621042c42b:192.168.164.239:34619, b3806c56-f44f-4484-a72b-f9662a6f8cba:192.168.164.239:35315, 6af1a5bd-f075-405e-b6a5-6d145eedd789:192.168.164.239:35339], old=null
2019-10-15 16:29:33,903 [grpc-default-executor-2] INFO  impl.RoleInfo (RoleInfo.java:updateAndGet(143)) - f581660d-af3d-4f5f-b57d-f4cb54f048b9: start FollowerState
2019-10-15 16:29:33,921 [b3806c56-f44f-4484-a72b-f9662a6f8cba@group-AF37DB7271F3-LeaderElection24] INFO  impl.LeaderElection (LeaderElection.java:askForVotes(178)) - b3806c56-f44f-4484-a72b-f9662a6f8cba@group-AF37DB7271F3-LeaderElection24: begin an election at term 4 for -1: [0bff853f-e43c-4347-b3e4-d8621042c42b:192.168.164.239:34619, b3806c56-f44f-4484-a72b-f9662a6f8cba:192.168.164.239:35315, 6af1a5bd-f075-405e-b6a5-6d145eedd789:192.168.164.239:35339], old=null
2019-10-15 16:29:33,940 [6af1a5bd-f075-405e-b6a5-6d145eedd789@group-AF37DB7271F3-LeaderElection21] INFO  impl.LeaderElection (LeaderElection.java:logAndReturn(56)) - 6af1a5bd-f075-405e-b6a5-6d145eedd789@group-AF37DB7271F3-LeaderElection21: Election REJECTED; received 2 response(s) [6af1a5bd-f075-405e-b6a5-6d145eedd789<-0bff853f-e43c-4347-b3e4-d8621042c42b#0:FAIL-t4, 6af1a5bd-f075-405e-b6a5-6d145eedd789<-b3806c56-f44f-4484-a72b-f9662a6f8cba#0:FAIL-t4] and 0 exception(s); 6af1a5bd-f075-405e-b6a5-6d145eedd789@group-AF37DB7271F3:t4, leader=null, voted=6af1a5bd-f075-405e-b6a5-6d145eedd789, raftlog=6af1a5bd-f075-405e-b6a5-6d145eedd789@group-AF37DB7271F3-SegmentedRaftLog:OPENED:c-1,f-1,i0, conf=-1: [0bff853f-e43c-4347-b3e4-d8621042c42b:192.168.164.239:34619, b3806c56-f44f-4484-a72b-f9662a6f8cba:192.168.164.239:35315, 6af1a5bd-f075-405e-b6a5-6d145eedd789:192.168.164.239:35339], old=null
2019-10-15 16:29:33,943 [b3806c56-f44f-4484-a72b-f9662a6f8cba@group-AF37DB7271F3-LeaderElection24] INFO  impl.LeaderElection (LeaderElection.java:logAndReturn(56)) - b3806c56-f44f-4484-a72b-f9662a6f8cba@group-AF37DB7271F3-LeaderElection24: Election REJECTED; received 0 response(s) [] and 0 exception(s); b3806c56-f44f-4484-a72b-f9662a6f8cba@group-AF37DB7271F3:t4, leader=null, voted=b3806c56-f44f-4484-a72b-f9662a6f8cba, raftlog=b3806c56-f44f-4484-a72b-f9662a6f8cba@group-AF37DB7271F3-SegmentedRaftLog:OPENED:c-1,f-1,i0, conf=-1: [0bff853f-e43c-4347-b3e4-d8621042c42b:192.168.164.239:34619, b3806c56-f44f-4484-a72b-f9662a6f8cba:192.168.164.239:35315, 6af1a5bd-f075-405e-b6a5-6d145eedd789:192.168.164.239:35339], old=null
2019-10-15 16:29:33,943 [6af1a5bd-f075-405e-b6a5-6d145eedd789@group-AF37DB7271F3-LeaderElection21] INFO  impl.RaftServerImpl (RaftServerImpl.java:setRole(184)) - 6af1a5bd-f075-405e-b6a5-6d145eedd789@group-AF37DB7271F3: changes role from CANDIDATE to FOLLOWER at term 4 for DISCOVERED_A_NEW_TERM
2019-10-15 16:29:33,945 [6af1a5bd-f075-405e-b6a5-6d145eedd789@group-AF37DB7271F3-LeaderElection21] INFO  impl.RoleInfo (RoleInfo.java:shutdownLeaderElection(134)) - 6af1a5bd-f075-405e-b6a5-6d145eedd789: shutdown LeaderElection
2019-10-15 16:29:33,945 [f5624850-682f-4ec5-bb5c-f79627fc299e@group-C25BD028928E-LeaderElection20] INFO  impl.LeaderElection (LeaderElection.java:logAndReturn(56)) - f5624850-682f-4ec5-bb5c-f79627fc299e@group-C25BD028928E-LeaderElection20: Election REJECTED; received 2 response(s) [f5624850-682f-4ec5-bb5c-f79627fc299e<-f581660d-af3d-4f5f-b57d-f4cb54f048b9#0:FAIL-t7, f5624850-682f-4ec5-bb5c-f79627fc299e<-14091fe6-d183-4b46-be93-2ba964a39c73#0:FAIL-t7] and 0 exception(s); f5624850-682f-4ec5-bb5c-f79627fc299e@group-C25BD028928E:t7, leader=null, voted=f5624850-682f-4ec5-bb5c-f79627fc299e, raftlog=f5624850-682f-4ec5-bb5c-f79627fc299e@group-C25BD028928E-SegmentedRaftLog:OPENED:c-1,f-1,i0, conf=-1: [f581660d-af3d-4f5f-b57d-f4cb54f048b9:192.168.164.239:42501, f5624850-682f-4ec5-bb5c-f79627fc299e:192.168.164.239:39499, 14091fe6-d183-4b46-be93-2ba964a39c73:192.168.164.239:34827], old=null
2019-10-15 16:29:33,952 [f5624850-682f-4ec5-bb5c-f79627fc299e@group-C25BD028928E-LeaderElection20] INFO  impl.RaftServerImpl (RaftServerImpl.java:setRole(184)) - f5624850-682f-4ec5-bb5c-f79627fc299e@group-C25BD028928E: changes role from CANDIDATE to FOLLOWER at term 7 for DISCOVERED_A_NEW_TERM
2019-10-15 16:29:33,952 [f5624850-682f-4ec5-bb5c-f79627fc299e@group-C25BD028928E-LeaderElection20] INFO  impl.RoleInfo (RoleInfo.java:shutdownLeaderElection(134)) - f5624850-682f-4ec5-bb5c-f79627fc299e: shutdown LeaderElection
2019-10-15 16:29:33,952 [6af1a5bd-f075-405e-b6a5-6d145eedd789@group-AF37DB7271F3-LeaderElection21] INFO  impl.RoleInfo (RoleInfo.java:updateAndGet(143)) - 6af1a5bd-f075-405e-b6a5-6d145eedd789: start FollowerState
2019-10-15 16:29:33,952 [f5624850-682f-4ec5-bb5c-f79627fc299e@group-C25BD028928E-LeaderElection20] INFO  impl.RoleInfo (RoleInfo.java:updateAndGet(143)) - f5624850-682f-4ec5-bb5c-f79627fc299e: start FollowerState
2019-10-15 16:29:33,956 [grpc-default-executor-0] INFO  impl.RaftServerImpl (RaftServerImpl.java:setRole(184)) - 0bff853f-e43c-4347-b3e4-d8621042c42b@group-AF37DB7271F3: changes role from  FOLLOWER to FOLLOWER at term 4 for recognizeCandidate:b3806c56-f44f-4484-a72b-f9662a6f8cba
2019-10-15 16:29:33,956 [grpc-default-executor-0] INFO  impl.RoleInfo (RoleInfo.java:shutdownFollowerState(121)) - 0bff853f-e43c-4347-b3e4-d8621042c42b: shutdown FollowerState
2019-10-15 16:29:33,973 [Thread-437] INFO  impl.FollowerState (FollowerState.java:run(108)) - b3806c56-f44f-4484-a72b-f9662a6f8cba@group-AF37DB7271F3-FollowerState: change to CANDIDATE, lastRpcTime:109ms, electionTimeout:107ms
2019-10-15 16:29:33,973 [Thread-437] INFO  impl.RoleInfo (RoleInfo.java:shutdownFollowerState(121)) - b3806c56-f44f-4484-a72b-f9662a6f8cba: shutdown FollowerState
2019-10-15 16:29:33,973 [Thread-437] INFO  impl.RaftServerImpl (RaftServerImpl.java:setRole(184)) - b3806c56-f44f-4484-a72b-f9662a6f8cba@group-AF37DB7271F3: changes role from  FOLLOWER to CANDIDATE at term 4 for changeToCandidate
2019-10-15 16:29:33,980 [24ee8ff7-dd07-49e6-bbcb-bb50ff0e8e36@group-F2FE1ED60945-LeaderElection22] INFO  impl.LeaderElection (LeaderElection.java:logAndReturn(56)) - 24ee8ff7-dd07-49e6-bbcb-bb50ff0e8e36@group-F2FE1ED60945-LeaderElection22: Election TIMEOUT; received 0 response(s) [] and 0 exception(s); 24ee8ff7-dd07-49e6-bbcb-bb50ff0e8e36@group-F2FE1ED60945:t1, leader=null, voted=24ee8ff7-dd07-49e6-bbcb-bb50ff0e8e36, raftlog=24ee8ff7-dd07-49e6-bbcb-bb50ff0e8e36@group-F2FE1ED60945-SegmentedRaftLog:OPENED:c-1,f-1,i0, conf=-1: [c48d8dfa-9e66-4eac-9ff2-02281a99dfa9:192.168.164.239:41652, cccd55fe-f481-4e2b-93ed-b6a86d13c378:192.168.164.239:35771, 24ee8ff7-dd07-49e6-bbcb-bb50ff0e8e36:192.168.164.239:45096], old=null
2019-10-15 16:29:33,980 [grpc-default-executor-0] INFO  impl.RoleInfo (RoleInfo.java:updateAndGet(143)) - 0bff853f-e43c-4347-b3e4-d8621042c42b: start FollowerState
2019-10-15 16:29:33,980 [Thread-439] INFO  impl.FollowerState (FollowerState.java:run(117)) - 0bff853f-e43c-4347-b3e4-d8621042c42b@group-AF37DB7271F3-FollowerState was interrupted: java.lang.InterruptedException: sleep interrupted
2019-10-15 16:29:33,980 [Thread-437] INFO  impl.RoleInfo (RoleInfo.java:updateAndGet(143)) - b3806c56-f44f-4484-a72b-f9662a6f8cba: start LeaderElection
2019-10-15 16:29:33,982 [Thread-444] INFO  impl.FollowerState (FollowerState.java:run(108)) - f5624850-682f-4ec5-bb5c-f79627fc299e@group-C25BD028928E-FollowerState: change to CANDIDATE, lastRpcTime:29ms, electionTimeout:28ms
2019-10-15 16:29:33,983 [Thread-444] INFO  impl.RoleInfo (RoleInfo.java:shutdownFollowerState(121)) - f5624850-682f-4ec5-bb5c-f79627fc299e: shutdown FollowerState
2019-10-15 16:29:33,985 [Thread-444] INFO  impl.RaftServerImpl (RaftServerImpl.java:setRole(184)) - f5624850-682f-4ec5-bb5c-f79627fc299e@group-C25BD028928E: changes role from  FOLLOWER to CANDIDATE at term 7 for changeToCandidate
2019-10-15 16:29:33,986 [Thread-444] INFO  impl.RoleInfo (RoleInfo.java:updateAndGet(143)) - f5624850-682f-4ec5-bb5c-f79627fc299e: start LeaderElection
2019-10-15 16:29:34,006 [b3806c56-f44f-4484-a72b-f9662a6f8cba@group-AF37DB7271F3-LeaderElection25] INFO  impl.LeaderElection (LeaderElection.java:askForVotes(178)) - b3806c56-f44f-4484-a72b-f9662a6f8cba@group-AF37DB7271F3-LeaderElection25: begin an election at term 5 for -1: [0bff853f-e43c-4347-b3e4-d8621042c42b:192.168.164.239:34619, b3806c56-f44f-4484-a72b-f9662a6f8cba:192.168.164.239:35315, 6af1a5bd-f075-405e-b6a5-6d145eedd789:192.168.164.239:35339], old=null
2019-10-15 16:29:34,006 [f5624850-682f-4ec5-bb5c-f79627fc299e@group-C25BD028928E-LeaderElection26] INFO  impl.LeaderElection (LeaderElection.java:askForVotes(178)) - f5624850-682f-4ec5-bb5c-f79627fc299e@group-C25BD028928E-LeaderElection26: begin an election at term 8 for -1: [f581660d-af3d-4f5f-b57d-f4cb54f048b9:192.168.164.239:42501, f5624850-682f-4ec5-bb5c-f79627fc299e:192.168.164.239:39499, 14091fe6-d183-4b46-be93-2ba964a39c73:192.168.164.239:34827], old=null
2019-10-15 16:29:34,006 [24ee8ff7-dd07-49e6-bbcb-bb50ff0e8e36@group-F2FE1ED60945-LeaderElection22] INFO  impl.LeaderElection (LeaderElection.java:askForVotes(178)) - 24ee8ff7-dd07-49e6-bbcb-bb50ff0e8e36@group-F2FE1ED60945-LeaderElection22: begin an election at term 2 for -1: [c48d8dfa-9e66-4eac-9ff2-02281a99dfa9:192.168.164.239:41652, cccd55fe-f481-4e2b-93ed-b6a86d13c378:192.168.164.239:35771, 24ee8ff7-dd07-49e6-bbcb-bb50ff0e8e36:192.168.164.239:45096], old=null
2019-10-15 16:29:34,016 [grpc-default-executor-0] INFO  impl.RaftServerImpl (RaftServerImpl.java:setRole(184)) - 0bff853f-e43c-4347-b3e4-d8621042c42b@group-AF37DB7271F3: changes role from  FOLLOWER to FOLLOWER at term 5 for recognizeCandidate:b3806c56-f44f-4484-a72b-f9662a6f8cba
2019-10-15 16:29:34,016 [grpc-default-executor-0] INFO  impl.RoleInfo (RoleInfo.java:shutdownFollowerState(121)) - 0bff853f-e43c-4347-b3e4-d8621042c42b: shutdown FollowerState
2019-10-15 16:29:34,036 [Thread-446] INFO  impl.FollowerState (FollowerState.java:run(117)) - 0bff853f-e43c-4347-b3e4-d8621042c42b@group-AF37DB7271F3-FollowerState was interrupted: java.lang.InterruptedException: sleep interrupted
2019-10-15 16:29:34,036 [grpc-default-executor-0] INFO  impl.RoleInfo (RoleInfo.java:updateAndGet(143)) - 0bff853f-e43c-4347-b3e4-d8621042c42b: start FollowerState
2019-10-15 16:29:34,043 [grpc-default-executor-3] INFO  impl.RaftServerImpl (RaftServerImpl.java:setRole(184)) - f581660d-af3d-4f5f-b57d-f4cb54f048b9@group-C25BD028928E: changes role from  FOLLOWER to FOLLOWER at term 8 for recognizeCandidate:f5624850-682f-4ec5-bb5c-f79627fc299e
2019-10-15 16:29:34,043 [grpc-default-executor-3] INFO  impl.RoleInfo (RoleInfo.java:shutdownFollowerState(121)) - f581660d-af3d-4f5f-b57d-f4cb54f048b9: shutdown FollowerState
2019-10-15 16:29:34,064 [Thread-440] INFO  impl.FollowerState (FollowerState.java:run(117)) - f581660d-af3d-4f5f-b57d-f4cb54f048b9@group-C25BD028928E-FollowerState was interrupted: java.lang.InterruptedException: sleep interrupted
2019-10-15 16:29:34,064 [grpc-default-executor-3] INFO  impl.RoleInfo (RoleInfo.java:updateAndGet(143)) - f581660d-af3d-4f5f-b57d-f4cb54f048b9: start FollowerState
2019-10-15 16:29:34,069 [Thread-443] INFO  impl.FollowerState (FollowerState.java:run(108)) - 6af1a5bd-f075-405e-b6a5-6d145eedd789@group-AF37DB7271F3-FollowerState: change to CANDIDATE, lastRpcTime:116ms, electionTimeout:115ms
2019-10-15 16:29:34,069 [Thread-443] INFO  impl.RoleInfo (RoleInfo.java:shutdownFollowerState(121)) - 6af1a5bd-f075-405e-b6a5-6d145eedd789: shutdown FollowerState
2019-10-15 16:29:34,076 [Thread-443] INFO  impl.RaftServerImpl (RaftServerImpl.java:setRole(184)) - 6af1a5bd-f075-405e-b6a5-6d145eedd789@group-AF37DB7271F3: changes role from  FOLLOWER to CANDIDATE at term 4 for changeToCandidate
2019-10-15 16:29:34,077 [Thread-443] INFO  impl.RoleInfo (RoleInfo.java:updateAndGet(143)) - 6af1a5bd-f075-405e-b6a5-6d145eedd789: start LeaderElection
2019-10-15 16:29:34,081 [grpc-default-executor-7] INFO  impl.RaftServerImpl (RaftServerImpl.java:setRole(184)) - 14091fe6-d183-4b46-be93-2ba964a39c73@group-C25BD028928E: changes role from  FOLLOWER to FOLLOWER at term 8 for recognizeCandidate:f5624850-682f-4ec5-bb5c-f79627fc299e
2019-10-15 16:29:34,081 [grpc-default-executor-7] INFO  impl.RoleInfo (RoleInfo.java:shutdownFollowerState(121)) - 14091fe6-d183-4b46-be93-2ba964a39c73: shutdown FollowerState
2019-10-15 16:29:34,081 [Thread-438] INFO  impl.FollowerState (FollowerState.java:run(117)) - 14091fe6-d183-4b46-be93-2ba964a39c73@group-C25BD028928E-FollowerState was interrupted: java.lang.InterruptedException: sleep interrupted
2019-10-15 16:29:34,081 [grpc-default-executor-7] INFO  impl.RoleInfo (RoleInfo.java:updateAndGet(143)) - 14091fe6-d183-4b46-be93-2ba964a39c73: start FollowerState
2019-10-15 16:29:34,085 [Thread-454] INFO  impl.FollowerState (FollowerState.java:run(108)) - 0bff853f-e43c-4347-b3e4-d8621042c42b@group-AF37DB7271F3-FollowerState: change to CANDIDATE, lastRpcTime:49ms, electionTimeout:45ms
2019-10-15 16:29:34,085 [Thread-454] INFO  impl.RoleInfo (RoleInfo.java:shutdownFollowerState(121)) - 0bff853f-e43c-4347-b3e4-d8621042c42b: shutdown FollowerState
2019-10-15 16:29:34,086 [Thread-454] INFO  impl.RaftServerImpl (RaftServerImpl.java:setRole(184)) - 0bff853f-e43c-4347-b3e4-d8621042c42b@group-AF37DB7271F3: changes role from  FOLLOWER to CANDIDATE at term 5 for changeToCandidate
2019-10-15 16:29:34,088 [Thread-454] INFO  impl.RoleInfo (RoleInfo.java:updateAndGet(143)) - 0bff853f-e43c-4347-b3e4-d8621042c42b: start LeaderElection
2019-10-15 16:29:34,109 [b3806c56-f44f-4484-a72b-f9662a6f8cba@group-AF37DB7271F3-LeaderElection25] INFO  impl.LeaderElection (LeaderElection.java:logAndReturn(56)) - b3806c56-f44f-4484-a72b-f9662a6f8cba@group-AF37DB7271F3-LeaderElection25: Election PASSED; received 1 response(s) [b3806c56-f44f-4484-a72b-f9662a6f8cba<-0bff853f-e43c-4347-b3e4-d8621042c42b#0:OK-t5] and 0 exception(s); b3806c56-f44f-4484-a72b-f9662a6f8cba@group-AF37DB7271F3:t5, leader=null, voted=b3806c56-f44f-4484-a72b-f9662a6f8cba, raftlog=b3806c56-f44f-4484-a72b-f9662a6f8cba@group-AF37DB7271F3-SegmentedRaftLog:OPENED:c-1,f-1,i0, conf=-1: [0bff853f-e43c-4347-b3e4-d8621042c42b:192.168.164.239:34619, b3806c56-f44f-4484-a72b-f9662a6f8cba:192.168.164.239:35315, 6af1a5bd-f075-405e-b6a5-6d145eedd789:192.168.164.239:35339], old=null
2019-10-15 16:29:34,109 [b3806c56-f44f-4484-a72b-f9662a6f8cba@group-AF37DB7271F3-LeaderElection25] INFO  impl.RoleInfo (RoleInfo.java:shutdownLeaderElection(134)) - b3806c56-f44f-4484-a72b-f9662a6f8cba: shutdown LeaderElection
2019-10-15 16:29:34,109 [b3806c56-f44f-4484-a72b-f9662a6f8cba@group-AF37DB7271F3-LeaderElection25] INFO  impl.RaftServerImpl (RaftServerImpl.java:setRole(184)) - b3806c56-f44f-4484-a72b-f9662a6f8cba@group-AF37DB7271F3: changes role from CANDIDATE to LEADER at term 5 for changeToLeader
2019-10-15 16:29:34,109 [b3806c56-f44f-4484-a72b-f9662a6f8cba@group-AF37DB7271F3-LeaderElection25] INFO  impl.RaftServerImpl (ServerState.java:setLeader(256)) - b3806c56-f44f-4484-a72b-f9662a6f8cba@group-AF37DB7271F3: change Leader from null to b3806c56-f44f-4484-a72b-f9662a6f8cba at term 5 for becomeLeader, leader elected after 891ms
2019-10-15 16:29:34,109 [b3806c56-f44f-4484-a72b-f9662a6f8cba@group-AF37DB7271F3-LeaderElection25] INFO  server.RaftServerConfigKeys (ConfUtils.java:logGet(43)) - raft.server.staging.catchup.gap = 1000 (default)
2019-10-15 16:29:34,109 [b3806c56-f44f-4484-a72b-f9662a6f8cba@group-AF37DB7271F3-LeaderElection25] INFO  server.RaftServerConfigKeys (ConfUtils.java:logGet(43)) - raft.server.rpc.sleep.time = 25ms (default)
2019-10-15 16:29:34,109 [24ee8ff7-dd07-49e6-bbcb-bb50ff0e8e36@group-F2FE1ED60945-LeaderElection22] INFO  impl.LeaderElection (LeaderElection.java:logAndReturn(56)) - 24ee8ff7-dd07-49e6-bbcb-bb50ff0e8e36@group-F2FE1ED60945-LeaderElection22: Election TIMEOUT; received 0 response(s) [] and 0 exception(s); 24ee8ff7-dd07-49e6-bbcb-bb50ff0e8e36@group-F2FE1ED60945:t2, leader=null, voted=24ee8ff7-dd07-49e6-bbcb-bb50ff0e8e36, raftlog=24ee8ff7-dd07-49e6-bbcb-bb50ff0e8e36@group-F2FE1ED60945-SegmentedRaftLog:OPENED:c-1,f-1,i0, conf=-1: [c48d8dfa-9e66-4eac-9ff2-02281a99dfa9:192.168.164.239:41652, cccd55fe-f481-4e2b-93ed-b6a86d13c378:192.168.164.239:35771, 24ee8ff7-dd07-49e6-bbcb-bb50ff0e8e36:192.168.164.239:45096], old=null
2019-10-15 16:29:34,111 [b3806c56-f44f-4484-a72b-f9662a6f8cba@group-AF37DB7271F3-LeaderElection25] INFO  server.RaftServerConfigKeys (ConfUtils.java:logGet(43)) - raft.server.write.element-limit = 4096 (default)
2019-10-15 16:29:34,112 [b3806c56-f44f-4484-a72b-f9662a6f8cba@group-AF37DB7271F3-LeaderElection25] INFO  server.RaftServerConfigKeys (ConfUtils.java:logGet(43)) - raft.server.watch.timeout = 10s (default)
2019-10-15 16:29:34,112 [b3806c56-f44f-4484-a72b-f9662a6f8cba@group-AF37DB7271F3-LeaderElection25] INFO  server.RaftServerConfigKeys (ConfUtils.java:logGet(43)) - raft.server.watch.timeout.denomination = 1s (default)
2019-10-15 16:29:34,112 [b3806c56-f44f-4484-a72b-f9662a6f8cba@group-AF37DB7271F3-LeaderElection25] INFO  server.RaftServerConfigKeys (ConfUtils.java:logGet(43)) - raft.server.watch.element-limit = 65536 (default)
2019-10-15 16:29:34,114 [Timer for 'StorageContainerManager' metrics system] INFO  lib.Interns (Interns.java:removeEldestEntry(50)) - Metrics intern cache overflow at 2011 for MetricsSystem={MetricsSystem=MetricsInfoImpl{name=MetricsSystem, description=MetricsSystem}, MetricsSystem record=MetricsInfoImpl{name=MetricsSystem, description=MetricsSystem record}}
2019-10-15 16:29:34,116 [6af1a5bd-f075-405e-b6a5-6d145eedd789@group-AF37DB7271F3-LeaderElection27] INFO  impl.LeaderElection (LeaderElection.java:askForVotes(178)) - 6af1a5bd-f075-405e-b6a5-6d145eedd789@group-AF37DB7271F3-LeaderElection27: begin an election at term 5 for -1: [0bff853f-e43c-4347-b3e4-d8621042c42b:192.168.164.239:34619, b3806c56-f44f-4484-a72b-f9662a6f8cba:192.168.164.239:35315, 6af1a5bd-f075-405e-b6a5-6d145eedd789:192.168.164.239:35339], old=null
2019-10-15 16:29:34,121 [b3806c56-f44f-4484-a72b-f9662a6f8cba@group-AF37DB7271F3-LeaderElection25] INFO  server.RaftServerConfigKeys (ConfUtils.java:logGet(43)) - raft.server.log.appender.snapshot.chunk.size.max = 16MB (=16777216) (default)
2019-10-15 16:29:34,122 [b3806c56-f44f-4484-a72b-f9662a6f8cba@group-AF37DB7271F3-LeaderElection25] INFO  server.RaftServerConfigKeys (ConfUtils.java:logGet(43)) - raft.server.log.appender.buffer.byte-limit = 33554432 (custom)
2019-10-15 16:29:34,122 [pool-57-thread-1] INFO  impl.RaftServerImpl (RaftServerImpl.java:start(195)) - c48d8dfa-9e66-4eac-9ff2-02281a99dfa9@group-F2FE1ED60945: start as a follower, conf=-1: [c48d8dfa-9e66-4eac-9ff2-02281a99dfa9:192.168.164.239:41652, cccd55fe-f481-4e2b-93ed-b6a86d13c378:192.168.164.239:35771, 24ee8ff7-dd07-49e6-bbcb-bb50ff0e8e36:192.168.164.239:45096], old=null
2019-10-15 16:29:34,122 [b3806c56-f44f-4484-a72b-f9662a6f8cba@group-AF37DB7271F3-LeaderElection25] INFO  server.RaftServerConfigKeys (ConfUtils.java:logGet(43)) - raft.server.log.appender.buffer.element-limit = 1 (custom)
2019-10-15 16:29:34,122 [pool-57-thread-1] INFO  impl.RaftServerImpl (RaftServerImpl.java:setRole(184)) - c48d8dfa-9e66-4eac-9ff2-02281a99dfa9@group-F2FE1ED60945: changes role from      null to FOLLOWER at term 0 for startAsFollower
2019-10-15 16:29:34,122 [pool-47-thread-1] INFO  impl.RaftServerImpl (RaftServerImpl.java:start(195)) - cccd55fe-f481-4e2b-93ed-b6a86d13c378@group-F2FE1ED60945: start as a follower, conf=-1: [c48d8dfa-9e66-4eac-9ff2-02281a99dfa9:192.168.164.239:41652, cccd55fe-f481-4e2b-93ed-b6a86d13c378:192.168.164.239:35771, 24ee8ff7-dd07-49e6-bbcb-bb50ff0e8e36:192.168.164.239:45096], old=null
2019-10-15 16:29:34,122 [pool-57-thread-1] INFO  impl.RoleInfo (RoleInfo.java:updateAndGet(143)) - c48d8dfa-9e66-4eac-9ff2-02281a99dfa9: start FollowerState
2019-10-15 16:29:34,122 [b3806c56-f44f-4484-a72b-f9662a6f8cba@group-AF37DB7271F3-LeaderElection25] INFO  grpc.GrpcConfigKeys$Server (ConfUtils.java:logGet(43)) - raft.grpc.server.leader.outstanding.appends.max = 128 (default)
2019-10-15 16:29:34,122 [pool-47-thread-1] INFO  impl.RaftServerImpl (RaftServerImpl.java:setRole(184)) - cccd55fe-f481-4e2b-93ed-b6a86d13c378@group-F2FE1ED60945: changes role from      null to FOLLOWER at term 0 for startAsFollower
2019-10-15 16:29:34,122 [b3806c56-f44f-4484-a72b-f9662a6f8cba@group-AF37DB7271F3-LeaderElection25] INFO  server.RaftServerConfigKeys (ConfUtils.java:logGet(43)) - raft.server.rpc.request.timeout = 3000ms (default)
2019-10-15 16:29:34,123 [grpc-default-executor-2] WARN  server.GrpcServerProtocolService (LogUtils.java:warn(134)) - c48d8dfa-9e66-4eac-9ff2-02281a99dfa9: Failed requestVote 24ee8ff7-dd07-49e6-bbcb-bb50ff0e8e36->c48d8dfa-9e66-4eac-9ff2-02281a99dfa9#0: org.apache.ratis.protocol.ServerNotReadyException: c48d8dfa-9e66-4eac-9ff2-02281a99dfa9@group-F2FE1ED60945 is not in [RUNNING]: current state is STARTING
2019-10-15 16:29:34,123 [grpc-default-executor-6] WARN  server.GrpcServerProtocolService (LogUtils.java:warn(134)) - c48d8dfa-9e66-4eac-9ff2-02281a99dfa9: Failed requestVote 24ee8ff7-dd07-49e6-bbcb-bb50ff0e8e36->c48d8dfa-9e66-4eac-9ff2-02281a99dfa9#0: org.apache.ratis.protocol.ServerNotReadyException: c48d8dfa-9e66-4eac-9ff2-02281a99dfa9@group-F2FE1ED60945 is not in [RUNNING]: current state is STARTING
2019-10-15 16:29:34,123 [grpc-default-executor-4] WARN  server.GrpcServerProtocolService (LogUtils.java:warn(134)) - cccd55fe-f481-4e2b-93ed-b6a86d13c378: Failed requestVote 24ee8ff7-dd07-49e6-bbcb-bb50ff0e8e36->cccd55fe-f481-4e2b-93ed-b6a86d13c378#0: org.apache.ratis.protocol.ServerNotReadyException: cccd55fe-f481-4e2b-93ed-b6a86d13c378@group-F2FE1ED60945 is not in [RUNNING]: current state is STARTING
2019-10-15 16:29:34,123 [grpc-default-executor-5] WARN  server.GrpcServerProtocolService (LogUtils.java:warn(134)) - cccd55fe-f481-4e2b-93ed-b6a86d13c378: Failed requestVote 24ee8ff7-dd07-49e6-bbcb-bb50ff0e8e36->cccd55fe-f481-4e2b-93ed-b6a86d13c378#0: org.apache.ratis.protocol.ServerNotReadyException: cccd55fe-f481-4e2b-93ed-b6a86d13c378@group-F2FE1ED60945 is not in [RUNNING]: current state is STARTING
2019-10-15 16:29:34,123 [pool-47-thread-1] INFO  impl.RoleInfo (RoleInfo.java:updateAndGet(143)) - cccd55fe-f481-4e2b-93ed-b6a86d13c378: start FollowerState
2019-10-15 16:29:34,123 [pool-57-thread-1] INFO  util.JmxRegister (JmxRegister.java:tryRegister(44)) - Successfully registered JMX Bean with object name Ratis:service=RaftServer,group=group-F2FE1ED60945,id=c48d8dfa-9e66-4eac-9ff2-02281a99dfa9
2019-10-15 16:29:34,123 [b3806c56-f44f-4484-a72b-f9662a6f8cba@group-AF37DB7271F3-LeaderElection25] INFO  server.RaftServerConfigKeys (ConfUtils.java:logGet(43)) - raft.server.log.appender.install.snapshot.enabled = false (custom)
2019-10-15 16:29:34,124 [pool-47-thread-1] INFO  util.JmxRegister (JmxRegister.java:tryRegister(44)) - Successfully registered JMX Bean with object name Ratis:service=RaftServer,group=group-F2FE1ED60945,id=cccd55fe-f481-4e2b-93ed-b6a86d13c378
2019-10-15 16:29:34,131 [b3806c56-f44f-4484-a72b-f9662a6f8cba@group-AF37DB7271F3-LeaderElection25] INFO  server.RaftServerConfigKeys (ConfUtils.java:logGet(43)) - raft.server.log.appender.snapshot.chunk.size.max = 16MB (=16777216) (default)
2019-10-15 16:29:34,131 [b3806c56-f44f-4484-a72b-f9662a6f8cba@group-AF37DB7271F3-LeaderElection25] INFO  server.RaftServerConfigKeys (ConfUtils.java:logGet(43)) - raft.server.log.appender.buffer.byte-limit = 33554432 (custom)
2019-10-15 16:29:34,132 [b3806c56-f44f-4484-a72b-f9662a6f8cba@group-AF37DB7271F3-LeaderElection25] INFO  server.RaftServerConfigKeys (ConfUtils.java:logGet(43)) - raft.server.log.appender.buffer.element-limit = 1 (custom)
2019-10-15 16:29:34,132 [b3806c56-f44f-4484-a72b-f9662a6f8cba@group-AF37DB7271F3-LeaderElection25] INFO  grpc.GrpcConfigKeys$Server (ConfUtils.java:logGet(43)) - raft.grpc.server.leader.outstanding.appends.max = 128 (default)
2019-10-15 16:29:34,134 [b3806c56-f44f-4484-a72b-f9662a6f8cba@group-AF37DB7271F3-LeaderElection25] INFO  server.RaftServerConfigKeys (ConfUtils.java:logGet(43)) - raft.server.rpc.request.timeout = 3000ms (default)
2019-10-15 16:29:34,134 [b3806c56-f44f-4484-a72b-f9662a6f8cba@group-AF37DB7271F3-LeaderElection25] INFO  server.RaftServerConfigKeys (ConfUtils.java:logGet(43)) - raft.server.log.appender.install.snapshot.enabled = false (custom)
2019-10-15 16:29:34,134 [24ee8ff7-dd07-49e6-bbcb-bb50ff0e8e36@group-F2FE1ED60945-LeaderElection22] INFO  impl.LeaderElection (LeaderElection.java:askForVotes(178)) - 24ee8ff7-dd07-49e6-bbcb-bb50ff0e8e36@group-F2FE1ED60945-LeaderElection22: begin an election at term 3 for -1: [c48d8dfa-9e66-4eac-9ff2-02281a99dfa9:192.168.164.239:41652, cccd55fe-f481-4e2b-93ed-b6a86d13c378:192.168.164.239:35771, 24ee8ff7-dd07-49e6-bbcb-bb50ff0e8e36:192.168.164.239:45096], old=null
2019-10-15 16:29:34,134 [0bff853f-e43c-4347-b3e4-d8621042c42b@group-AF37DB7271F3-LeaderElection28] INFO  impl.LeaderElection (LeaderElection.java:askForVotes(178)) - 0bff853f-e43c-4347-b3e4-d8621042c42b@group-AF37DB7271F3-LeaderElection28: begin an election at term 6 for -1: [0bff853f-e43c-4347-b3e4-d8621042c42b:192.168.164.239:34619, b3806c56-f44f-4484-a72b-f9662a6f8cba:192.168.164.239:35315, 6af1a5bd-f075-405e-b6a5-6d145eedd789:192.168.164.239:35339], old=null
2019-10-15 16:29:34,139 [6af1a5bd-f075-405e-b6a5-6d145eedd789@group-AF37DB7271F3-LeaderElection27] INFO  impl.LeaderElection (LeaderElection.java:logAndReturn(56)) - 6af1a5bd-f075-405e-b6a5-6d145eedd789@group-AF37DB7271F3-LeaderElection27: Election DISCOVERED_A_NEW_TERM; received 1 response(s) [6af1a5bd-f075-405e-b6a5-6d145eedd789<-0bff853f-e43c-4347-b3e4-d8621042c42b#0:FAIL-t6] and 0 exception(s); 6af1a5bd-f075-405e-b6a5-6d145eedd789@group-AF37DB7271F3:t5, leader=null, voted=6af1a5bd-f075-405e-b6a5-6d145eedd789, raftlog=6af1a5bd-f075-405e-b6a5-6d145eedd789@group-AF37DB7271F3-SegmentedRaftLog:OPENED:c-1,f-1,i0, conf=-1: [0bff853f-e43c-4347-b3e4-d8621042c42b:192.168.164.239:34619, b3806c56-f44f-4484-a72b-f9662a6f8cba:192.168.164.239:35315, 6af1a5bd-f075-405e-b6a5-6d145eedd789:192.168.164.239:35339], old=null
2019-10-15 16:29:34,139 [6af1a5bd-f075-405e-b6a5-6d145eedd789@group-AF37DB7271F3-LeaderElection27] INFO  impl.RaftServerImpl (RaftServerImpl.java:setRole(184)) - 6af1a5bd-f075-405e-b6a5-6d145eedd789@group-AF37DB7271F3: changes role from CANDIDATE to FOLLOWER at term 6 for DISCOVERED_A_NEW_TERM
2019-10-15 16:29:34,139 [6af1a5bd-f075-405e-b6a5-6d145eedd789@group-AF37DB7271F3-LeaderElection27] INFO  impl.RoleInfo (RoleInfo.java:shutdownLeaderElection(134)) - 6af1a5bd-f075-405e-b6a5-6d145eedd789: shutdown LeaderElection
2019-10-15 16:29:34,139 [6af1a5bd-f075-405e-b6a5-6d145eedd789@group-AF37DB7271F3-LeaderElection27] INFO  impl.RoleInfo (RoleInfo.java:updateAndGet(143)) - 6af1a5bd-f075-405e-b6a5-6d145eedd789: start FollowerState
2019-10-15 16:29:34,140 [b3806c56-f44f-4484-a72b-f9662a6f8cba@group-AF37DB7271F3-LeaderElection25] INFO  impl.RoleInfo (RoleInfo.java:updateAndGet(143)) - b3806c56-f44f-4484-a72b-f9662a6f8cba: start LeaderState
2019-10-15 16:29:34,141 [b3806c56-f44f-4484-a72b-f9662a6f8cba@group-AF37DB7271F3-LeaderElection25] INFO  segmented.SegmentedRaftLogWorker (SegmentedRaftLogWorker.java:startLogSegment(385)) - b3806c56-f44f-4484-a72b-f9662a6f8cba@group-AF37DB7271F3-SegmentedRaftLogWorker: Starting segment from index:0
2019-10-15 16:29:34,143 [grpc-default-executor-7] INFO  impl.RaftServerImpl (RaftServerImpl.java:setRole(184)) - c48d8dfa-9e66-4eac-9ff2-02281a99dfa9@group-F2FE1ED60945: changes role from  FOLLOWER to FOLLOWER at term 3 for recognizeCandidate:24ee8ff7-dd07-49e6-bbcb-bb50ff0e8e36
2019-10-15 16:29:34,144 [grpc-default-executor-7] INFO  impl.RoleInfo (RoleInfo.java:shutdownFollowerState(121)) - c48d8dfa-9e66-4eac-9ff2-02281a99dfa9: shutdown FollowerState
2019-10-15 16:29:34,145 [grpc-default-executor-3] INFO  impl.RaftServerImpl (RaftServerImpl.java:setRole(184)) - cccd55fe-f481-4e2b-93ed-b6a86d13c378@group-F2FE1ED60945: changes role from  FOLLOWER to FOLLOWER at term 3 for recognizeCandidate:24ee8ff7-dd07-49e6-bbcb-bb50ff0e8e36
2019-10-15 16:29:34,145 [grpc-default-executor-3] INFO  impl.RoleInfo (RoleInfo.java:shutdownFollowerState(121)) - cccd55fe-f481-4e2b-93ed-b6a86d13c378: shutdown FollowerState
2019-10-15 16:29:34,145 [b3806c56-f44f-4484-a72b-f9662a6f8cba@group-AF37DB7271F3-LeaderElection25] INFO  impl.RaftServerImpl (ServerState.java:setRaftConf(357)) - b3806c56-f44f-4484-a72b-f9662a6f8cba@group-AF37DB7271F3: set configuration 0: [0bff853f-e43c-4347-b3e4-d8621042c42b:192.168.164.239:34619, b3806c56-f44f-4484-a72b-f9662a6f8cba:192.168.164.239:35315, 6af1a5bd-f075-405e-b6a5-6d145eedd789:192.168.164.239:35339], old=null at 0
2019-10-15 16:29:34,146 [RatisPipelineUtilsThread] INFO  pipeline.PipelineStateManager (PipelineStateManager.java:addPipeline(56)) - Created pipeline Pipeline[ Id: cc7a2a2f-f31d-4e37-8589-f2fe1ed60945, Nodes: cccd55fe-f481-4e2b-93ed-b6a86d13c378{ip: 192.168.164.239, host: pr-hdds-2302-bqc8v-2513969318, networkLocation: /default-rack, certSerialId: null}c48d8dfa-9e66-4eac-9ff2-02281a99dfa9{ip: 192.168.164.239, host: pr-hdds-2302-bqc8v-2513969318, networkLocation: /default-rack, certSerialId: null}24ee8ff7-dd07-49e6-bbcb-bb50ff0e8e36{ip: 192.168.164.239, host: pr-hdds-2302-bqc8v-2513969318, networkLocation: /default-rack, certSerialId: null}, Type:RATIS, Factor:THREE, State:OPEN]
2019-10-15 16:29:34,146 [grpc-default-executor-7] INFO  impl.RoleInfo (RoleInfo.java:updateAndGet(143)) - c48d8dfa-9e66-4eac-9ff2-02281a99dfa9: start FollowerState
2019-10-15 16:29:34,146 [grpc-default-executor-3] INFO  impl.RoleInfo (RoleInfo.java:updateAndGet(143)) - cccd55fe-f481-4e2b-93ed-b6a86d13c378: start FollowerState
2019-10-15 16:29:34,145 [Thread-464] INFO  impl.FollowerState (FollowerState.java:run(117)) - cccd55fe-f481-4e2b-93ed-b6a86d13c378@group-F2FE1ED60945-FollowerState was interrupted: java.lang.InterruptedException: sleep interrupted
2019-10-15 16:29:34,145 [Thread-463] INFO  impl.FollowerState (FollowerState.java:run(117)) - c48d8dfa-9e66-4eac-9ff2-02281a99dfa9@group-F2FE1ED60945-FollowerState was interrupted: java.lang.InterruptedException: sleep interrupted
2019-10-15 16:29:34,146 [f5624850-682f-4ec5-bb5c-f79627fc299e@group-C25BD028928E-LeaderElection26] INFO  impl.LeaderElection (LeaderElection.java:logAndReturn(56)) - f5624850-682f-4ec5-bb5c-f79627fc299e@group-C25BD028928E-LeaderElection26: Election REJECTED; received 2 response(s) [f5624850-682f-4ec5-bb5c-f79627fc299e<-f581660d-af3d-4f5f-b57d-f4cb54f048b9#0:FAIL-t8, f5624850-682f-4ec5-bb5c-f79627fc299e<-14091fe6-d183-4b46-be93-2ba964a39c73#0:FAIL-t8] and 0 exception(s); f5624850-682f-4ec5-bb5c-f79627fc299e@group-C25BD028928E:t8, leader=null, voted=f5624850-682f-4ec5-bb5c-f79627fc299e, raftlog=f5624850-682f-4ec5-bb5c-f79627fc299e@group-C25BD028928E-SegmentedRaftLog:OPENED:c-1,f-1,i0, conf=-1: [f581660d-af3d-4f5f-b57d-f4cb54f048b9:192.168.164.239:42501, f5624850-682f-4ec5-bb5c-f79627fc299e:192.168.164.239:39499, 14091fe6-d183-4b46-be93-2ba964a39c73:192.168.164.239:34827], old=null
2019-10-15 16:29:34,146 [grpc-default-executor-0] INFO  impl.RaftServerImpl (ServerState.java:setLeader(256)) - b3806c56-f44f-4484-a72b-f9662a6f8cba@group-AF37DB7271F3: change Leader from b3806c56-f44f-4484-a72b-f9662a6f8cba to null at term 6 for updateCurrentTerm
2019-10-15 16:29:34,180 [f5624850-682f-4ec5-bb5c-f79627fc299e@group-C25BD028928E-LeaderElection26] INFO  impl.RaftServerImpl (RaftServerImpl.java:setRole(184)) - f5624850-682f-4ec5-bb5c-f79627fc299e@group-C25BD028928E: changes role from CANDIDATE to FOLLOWER at term 8 for DISCOVERED_A_NEW_TERM
2019-10-15 16:29:34,182 [f5624850-682f-4ec5-bb5c-f79627fc299e@group-C25BD028928E-LeaderElection26] INFO  impl.RoleInfo (RoleInfo.java:shutdownLeaderElection(134)) - f5624850-682f-4ec5-bb5c-f79627fc299e: shutdown LeaderElection
2019-10-15 16:29:34,182 [f5624850-682f-4ec5-bb5c-f79627fc299e@group-C25BD028928E-LeaderElection26] INFO  impl.RoleInfo (RoleInfo.java:updateAndGet(143)) - f5624850-682f-4ec5-bb5c-f79627fc299e: start FollowerState
2019-10-15 16:29:34,182 [grpc-default-executor-0] INFO  impl.RaftServerImpl (RaftServerImpl.java:setRole(184)) - b3806c56-f44f-4484-a72b-f9662a6f8cba@group-AF37DB7271F3: changes role from    LEADER to FOLLOWER at term 6 for recognizeCandidate:0bff853f-e43c-4347-b3e4-d8621042c42b
2019-10-15 16:29:34,183 [grpc-default-executor-0] INFO  impl.RoleInfo (RoleInfo.java:shutdownLeaderState(104)) - b3806c56-f44f-4484-a72b-f9662a6f8cba: shutdown LeaderState
2019-10-15 16:29:34,186 [org.apache.ratis.server.impl.LogAppender$AppenderDaemon$$Lambda$445/240503556@58897a63] WARN  server.GrpcLogAppender (GrpcLogAppender.java:mayWait(149)) - b3806c56-f44f-4484-a72b-f9662a6f8cba@group-AF37DB7271F3->6af1a5bd-f075-405e-b6a5-6d145eedd789-GrpcLogAppender: Wait interrupted by java.lang.InterruptedException
2019-10-15 16:29:34,186 [org.apache.ratis.server.impl.LogAppender$AppenderDaemon$$Lambda$445/240503556@692ad68b] WARN  server.GrpcLogAppender (GrpcLogAppender.java:mayWait(149)) - b3806c56-f44f-4484-a72b-f9662a6f8cba@group-AF37DB7271F3->0bff853f-e43c-4347-b3e4-d8621042c42b-GrpcLogAppender: Wait interrupted by java.lang.InterruptedException
2019-10-15 16:29:34,186 [grpc-default-executor-0] INFO  impl.PendingRequests (PendingRequests.java:sendNotLeaderResponses(202)) - b3806c56-f44f-4484-a72b-f9662a6f8cba@group-AF37DB7271F3-PendingRequests: sendNotLeaderResponses
2019-10-15 16:29:34,189 [0bff853f-e43c-4347-b3e4-d8621042c42b@group-AF37DB7271F3-LeaderElection28] INFO  impl.LeaderElection (LeaderElection.java:logAndReturn(56)) - 0bff853f-e43c-4347-b3e4-d8621042c42b@group-AF37DB7271F3-LeaderElection28: Election TIMEOUT; received 0 response(s) [] and 0 exception(s); 0bff853f-e43c-4347-b3e4-d8621042c42b@group-AF37DB7271F3:t6, leader=null, voted=0bff853f-e43c-4347-b3e4-d8621042c42b, raftlog=0bff853f-e43c-4347-b3e4-d8621042c42b@group-AF37DB7271F3-SegmentedRaftLog:OPENED:c-1,f-1,i0, conf=-1: [0bff853f-e43c-4347-b3e4-d8621042c42b:192.168.164.239:34619, b3806c56-f44f-4484-a72b-f9662a6f8cba:192.168.164.239:35315, 6af1a5bd-f075-405e-b6a5-6d145eedd789:192.168.164.239:35339], old=null
2019-10-15 16:29:34,189 [grpc-default-executor-0] INFO  impl.RoleInfo (RoleInfo.java:updateAndGet(143)) - b3806c56-f44f-4484-a72b-f9662a6f8cba: start FollowerState
2019-10-15 16:29:34,191 [grpc-default-executor-11] INFO  impl.RaftServerImpl (RaftServerImpl.java:setRole(184)) - 6af1a5bd-f075-405e-b6a5-6d145eedd789@group-AF37DB7271F3: changes role from  FOLLOWER to FOLLOWER at term 6 for recognizeCandidate:0bff853f-e43c-4347-b3e4-d8621042c42b
2019-10-15 16:29:34,194 [grpc-default-executor-11] INFO  impl.RoleInfo (RoleInfo.java:shutdownFollowerState(121)) - 6af1a5bd-f075-405e-b6a5-6d145eedd789: shutdown FollowerState
2019-10-15 16:29:34,194 [Thread-472] INFO  impl.FollowerState (FollowerState.java:run(117)) - 6af1a5bd-f075-405e-b6a5-6d145eedd789@group-AF37DB7271F3-FollowerState was interrupted: java.lang.InterruptedException: sleep interrupted
2019-10-15 16:29:34,194 [grpc-default-executor-11] INFO  impl.RoleInfo (RoleInfo.java:updateAndGet(143)) - 6af1a5bd-f075-405e-b6a5-6d145eedd789: start FollowerState
2019-10-15 16:29:34,205 [24ee8ff7-dd07-49e6-bbcb-bb50ff0e8e36@group-F2FE1ED60945-LeaderElection22] INFO  impl.LeaderElection (LeaderElection.java:logAndReturn(56)) - 24ee8ff7-dd07-49e6-bbcb-bb50ff0e8e36@group-F2FE1ED60945-LeaderElection22: Election TIMEOUT; received 0 response(s) [] and 0 exception(s); 24ee8ff7-dd07-49e6-bbcb-bb50ff0e8e36@group-F2FE1ED60945:t3, leader=null, voted=24ee8ff7-dd07-49e6-bbcb-bb50ff0e8e36, raftlog=24ee8ff7-dd07-49e6-bbcb-bb50ff0e8e36@group-F2FE1ED60945-SegmentedRaftLog:OPENED:c-1,f-1,i0, conf=-1: [c48d8dfa-9e66-4eac-9ff2-02281a99dfa9:192.168.164.239:41652, cccd55fe-f481-4e2b-93ed-b6a86d13c378:192.168.164.239:35771, 24ee8ff7-dd07-49e6-bbcb-bb50ff0e8e36:192.168.164.239:45096], old=null
2019-10-15 16:29:34,208 [b3806c56-f44f-4484-a72b-f9662a6f8cba@group-AF37DB7271F3-SegmentedRaftLogWorker] INFO  segmented.SegmentedRaftLogWorker (SegmentedRaftLogWorker.java:execute(576)) - b3806c56-f44f-4484-a72b-f9662a6f8cba@group-AF37DB7271F3-SegmentedRaftLogWorker: created new log segment /workdir/hadoop-ozone/integration-test/target/test-dir/MiniOzoneClusterImpl-beab53a1-ec34-46da-8591-07ed803d9383/datanode-0/data/ratis/7a21e33d-5546-44ce-b605-af37db7271f3/current/log_inprogress_0
2019-10-15 16:29:34,208 [Thread-474] INFO  impl.FollowerState (FollowerState.java:run(108)) - cccd55fe-f481-4e2b-93ed-b6a86d13c378@group-F2FE1ED60945-FollowerState: change to CANDIDATE, lastRpcTime:62ms, electionTimeout:16ms
2019-10-15 16:29:34,210 [Thread-474] INFO  impl.RoleInfo (RoleInfo.java:shutdownFollowerState(121)) - cccd55fe-f481-4e2b-93ed-b6a86d13c378: shutdown FollowerState
2019-10-15 16:29:34,210 [Thread-474] INFO  impl.RaftServerImpl (RaftServerImpl.java:setRole(184)) - cccd55fe-f481-4e2b-93ed-b6a86d13c378@group-F2FE1ED60945: changes role from  FOLLOWER to CANDIDATE at term 3 for changeToCandidate
2019-10-15 16:29:34,210 [Thread-474] INFO  impl.RoleInfo (RoleInfo.java:updateAndGet(143)) - cccd55fe-f481-4e2b-93ed-b6a86d13c378: start LeaderElection
2019-10-15 16:29:34,234 [24ee8ff7-dd07-49e6-bbcb-bb50ff0e8e36@group-F2FE1ED60945-LeaderElection22] INFO  impl.LeaderElection (LeaderElection.java:askForVotes(178)) - 24ee8ff7-dd07-49e6-bbcb-bb50ff0e8e36@group-F2FE1ED60945-LeaderElection22: begin an election at term 4 for -1: [c48d8dfa-9e66-4eac-9ff2-02281a99dfa9:192.168.164.239:41652, cccd55fe-f481-4e2b-93ed-b6a86d13c378:192.168.164.239:35771, 24ee8ff7-dd07-49e6-bbcb-bb50ff0e8e36:192.168.164.239:45096], old=null
2019-10-15 16:29:34,234 [0bff853f-e43c-4347-b3e4-d8621042c42b@group-AF37DB7271F3-LeaderElection28] INFO  impl.LeaderElection (LeaderElection.java:askForVotes(178)) - 0bff853f-e43c-4347-b3e4-d8621042c42b@group-AF37DB7271F3-LeaderElection28: begin an election at term 7 for -1: [0bff853f-e43c-4347-b3e4-d8621042c42b:192.168.164.239:34619, b3806c56-f44f-4484-a72b-f9662a6f8cba:192.168.164.239:35315, 6af1a5bd-f075-405e-b6a5-6d145eedd789:192.168.164.239:35339], old=null
2019-10-15 16:29:34,240 [grpc-default-executor-9] INFO  server.GrpcServerProtocolService (GrpcServerProtocolService.java:onCompleted(113)) - 6af1a5bd-f075-405e-b6a5-6d145eedd789: Completed APPEND_ENTRIES, lastRequest: b3806c56-f44f-4484-a72b-f9662a6f8cba->6af1a5bd-f075-405e-b6a5-6d145eedd789#0-t5, previous=(t:0, i:0), leaderCommit=-1, initializing? false, entries: <empty>
2019-10-15 16:29:34,241 [grpc-default-executor-10] INFO  server.GrpcServerProtocolService (GrpcServerProtocolService.java:onCompleted(113)) - 0bff853f-e43c-4347-b3e4-d8621042c42b: Completed APPEND_ENTRIES, lastRequest: b3806c56-f44f-4484-a72b-f9662a6f8cba->0bff853f-e43c-4347-b3e4-d8621042c42b#0-t5, previous=(t:0, i:0), leaderCommit=-1, initializing? false, entries: <empty>
2019-10-15 16:29:34,243 [grpc-default-executor-10] INFO  impl.RaftServerImpl (RaftServerImpl.java:setRole(184)) - c48d8dfa-9e66-4eac-9ff2-02281a99dfa9@group-F2FE1ED60945: changes role from  FOLLOWER to FOLLOWER at term 4 for recognizeCandidate:24ee8ff7-dd07-49e6-bbcb-bb50ff0e8e36
2019-10-15 16:29:34,244 [grpc-default-executor-10] INFO  impl.RoleInfo (RoleInfo.java:shutdownFollowerState(121)) - c48d8dfa-9e66-4eac-9ff2-02281a99dfa9: shutdown FollowerState
2019-10-15 16:29:34,244 [cccd55fe-f481-4e2b-93ed-b6a86d13c378@group-F2FE1ED60945-LeaderElection29] INFO  impl.LeaderElection (LeaderElection.java:askForVotes(178)) - cccd55fe-f481-4e2b-93ed-b6a86d13c378@group-F2FE1ED60945-LeaderElection29: begin an election at term 4 for -1: [c48d8dfa-9e66-4eac-9ff2-02281a99dfa9:192.168.164.239:41652, cccd55fe-f481-4e2b-93ed-b6a86d13c378:192.168.164.239:35771, 24ee8ff7-dd07-49e6-bbcb-bb50ff0e8e36:192.168.164.239:45096], old=null
2019-10-15 16:29:34,244 [grpc-default-executor-10] INFO  impl.RoleInfo (RoleInfo.java:updateAndGet(143)) - c48d8dfa-9e66-4eac-9ff2-02281a99dfa9: start FollowerState
2019-10-15 16:29:34,244 [grpc-default-executor-9] INFO  impl.RaftServerImpl (RaftServerImpl.java:setRole(184)) - b3806c56-f44f-4484-a72b-f9662a6f8cba@group-AF37DB7271F3: changes role from  FOLLOWER to FOLLOWER at term 7 for recognizeCandidate:0bff853f-e43c-4347-b3e4-d8621042c42b
2019-10-15 16:29:34,244 [grpc-default-executor-1] INFO  server.GrpcLogAppender (GrpcLogAppender.java:onCompleted(308)) - b3806c56-f44f-4484-a72b-f9662a6f8cba@group-AF37DB7271F3->6af1a5bd-f075-405e-b6a5-6d145eedd789-AppendLogResponseHandler: follower responses appendEntries COMPLETED
2019-10-15 16:29:34,244 [grpc-default-executor-11] INFO  impl.RaftServerImpl (RaftServerImpl.java:setRole(184)) - 6af1a5bd-f075-405e-b6a5-6d145eedd789@group-AF37DB7271F3: changes role from  FOLLOWER to FOLLOWER at term 7 for recognizeCandidate:0bff853f-e43c-4347-b3e4-d8621042c42b
2019-10-15 16:29:34,244 [Thread-473] INFO  impl.FollowerState (FollowerState.java:run(117)) - c48d8dfa-9e66-4eac-9ff2-02281a99dfa9@group-F2FE1ED60945-FollowerState was interrupted: java.lang.InterruptedException: sleep interrupted
2019-10-15 16:29:34,246 [grpc-default-executor-11] INFO  impl.RoleInfo (RoleInfo.java:shutdownFollowerState(121)) - 6af1a5bd-f075-405e-b6a5-6d145eedd789: shutdown FollowerState
2019-10-15 16:29:34,244 [grpc-default-executor-9] INFO  impl.RoleInfo (RoleInfo.java:shutdownFollowerState(121)) - b3806c56-f44f-4484-a72b-f9662a6f8cba: shutdown FollowerState
2019-10-15 16:29:34,248 [Thread-479] INFO  impl.FollowerState (FollowerState.java:run(117)) - 6af1a5bd-f075-405e-b6a5-6d145eedd789@group-AF37DB7271F3-FollowerState was interrupted: java.lang.InterruptedException: sleep interrupted
2019-10-15 16:29:34,248 [Thread-478] INFO  impl.FollowerState (FollowerState.java:run(117)) - b3806c56-f44f-4484-a72b-f9662a6f8cba@group-AF37DB7271F3-FollowerState was interrupted: java.lang.InterruptedException: sleep interrupted
2019-10-15 16:29:34,248 [grpc-default-executor-9] INFO  impl.RoleInfo (RoleInfo.java:updateAndGet(143)) - b3806c56-f44f-4484-a72b-f9662a6f8cba: start FollowerState
2019-10-15 16:29:34,249 [grpc-default-executor-11] INFO  impl.RoleInfo (RoleInfo.java:updateAndGet(143)) - 6af1a5bd-f075-405e-b6a5-6d145eedd789: start FollowerState
2019-10-15 16:29:34,250 [grpc-default-executor-1] INFO  impl.FollowerInfo (FollowerInfo.java:lambda$new$0(51)) - b3806c56-f44f-4484-a72b-f9662a6f8cba@group-AF37DB7271F3->6af1a5bd-f075-405e-b6a5-6d145eedd789: nextIndex: updateUnconditionally 0 -> 0
2019-10-15 16:29:34,277 [Thread-485] INFO  impl.FollowerState (FollowerState.java:run(108)) - c48d8dfa-9e66-4eac-9ff2-02281a99dfa9@group-F2FE1ED60945-FollowerState: change to CANDIDATE, lastRpcTime:33ms, electionTimeout:12ms
2019-10-15 16:29:34,277 [grpc-default-executor-0] INFO  server.GrpcLogAppender (GrpcLogAppender.java:onCompleted(308)) - b3806c56-f44f-4484-a72b-f9662a6f8cba@group-AF37DB7271F3->0bff853f-e43c-4347-b3e4-d8621042c42b-AppendLogResponseHandler: follower responses appendEntries COMPLETED
2019-10-15 16:29:34,277 [Thread-485] INFO  impl.RoleInfo (RoleInfo.java:shutdownFollowerState(121)) - c48d8dfa-9e66-4eac-9ff2-02281a99dfa9: shutdown FollowerState
2019-10-15 16:29:34,280 [Thread-485] INFO  impl.RaftServerImpl (RaftServerImpl.java:setRole(184)) - c48d8dfa-9e66-4eac-9ff2-02281a99dfa9@group-F2FE1ED60945: changes role from  FOLLOWER to CANDIDATE at term 4 for changeToCandidate
2019-10-15 16:29:34,280 [Thread-485] INFO  impl.RoleInfo (RoleInfo.java:updateAndGet(143)) - c48d8dfa-9e66-4eac-9ff2-02281a99dfa9: start LeaderElection
2019-10-15 16:29:34,281 [grpc-default-executor-0] INFO  impl.FollowerInfo (FollowerInfo.java:lambda$new$0(51)) - b3806c56-f44f-4484-a72b-f9662a6f8cba@group-AF37DB7271F3->0bff853f-e43c-4347-b3e4-d8621042c42b: nextIndex: updateUnconditionally 0 -> 0
2019-10-15 16:29:34,281 [0bff853f-e43c-4347-b3e4-d8621042c42b@group-AF37DB7271F3-LeaderElection28] INFO  impl.LeaderElection (LeaderElection.java:logAndReturn(56)) - 0bff853f-e43c-4347-b3e4-d8621042c42b@group-AF37DB7271F3-LeaderElection28: Election PASSED; received 1 response(s) [0bff853f-e43c-4347-b3e4-d8621042c42b<-6af1a5bd-f075-405e-b6a5-6d145eedd789#0:OK-t7] and 0 exception(s); 0bff853f-e43c-4347-b3e4-d8621042c42b@group-AF37DB7271F3:t7, leader=null, voted=0bff853f-e43c-4347-b3e4-d8621042c42b, raftlog=0bff853f-e43c-4347-b3e4-d8621042c42b@group-AF37DB7271F3-SegmentedRaftLog:OPENED:c-1,f-1,i0, conf=-1: [0bff853f-e43c-4347-b3e4-d8621042c42b:192.168.164.239:34619, b3806c56-f44f-4484-a72b-f9662a6f8cba:192.168.164.239:35315, 6af1a5bd-f075-405e-b6a5-6d145eedd789:192.168.164.239:35339], old=null
2019-10-15 16:29:34,281 [0bff853f-e43c-4347-b3e4-d8621042c42b@group-AF37DB7271F3-LeaderElection28] INFO  impl.RoleInfo (RoleInfo.java:shutdownLeaderElection(134)) - 0bff853f-e43c-4347-b3e4-d8621042c42b: shutdown LeaderElection
2019-10-15 16:29:34,281 [0bff853f-e43c-4347-b3e4-d8621042c42b@group-AF37DB7271F3-LeaderElection28] INFO  impl.RaftServerImpl (RaftServerImpl.java:setRole(184)) - 0bff853f-e43c-4347-b3e4-d8621042c42b@group-AF37DB7271F3: changes role from CANDIDATE to LEADER at term 7 for changeToLeader
2019-10-15 16:29:34,281 [24ee8ff7-dd07-49e6-bbcb-bb50ff0e8e36@group-F2FE1ED60945-LeaderElection22] INFO  impl.LeaderElection (LeaderElection.java:logAndReturn(56)) - 24ee8ff7-dd07-49e6-bbcb-bb50ff0e8e36@group-F2FE1ED60945-LeaderElection22: Election PASSED; received 2 response(s) [24ee8ff7-dd07-49e6-bbcb-bb50ff0e8e36<-c48d8dfa-9e66-4eac-9ff2-02281a99dfa9#0:OK-t4, 24ee8ff7-dd07-49e6-bbcb-bb50ff0e8e36<-cccd55fe-f481-4e2b-93ed-b6a86d13c378#0:FAIL-t4] and 0 exception(s); 24ee8ff7-dd07-49e6-bbcb-bb50ff0e8e36@group-F2FE1ED60945:t4, leader=null, voted=24ee8ff7-dd07-49e6-bbcb-bb50ff0e8e36, raftlog=24ee8ff7-dd07-49e6-bbcb-bb50ff0e8e36@group-F2FE1ED60945-SegmentedRaftLog:OPENED:c-1,f-1,i0, conf=-1: [c48d8dfa-9e66-4eac-9ff2-02281a99dfa9:192.168.164.239:41652, cccd55fe-f481-4e2b-93ed-b6a86d13c378:192.168.164.239:35771, 24ee8ff7-dd07-49e6-bbcb-bb50ff0e8e36:192.168.164.239:45096], old=null
2019-10-15 16:29:34,282 [0bff853f-e43c-4347-b3e4-d8621042c42b@group-AF37DB7271F3-LeaderElection28] INFO  impl.RaftServerImpl (ServerState.java:setLeader(256)) - 0bff853f-e43c-4347-b3e4-d8621042c42b@group-AF37DB7271F3: change Leader from null to 0bff853f-e43c-4347-b3e4-d8621042c42b at term 7 for becomeLeader, leader elected after 1063ms
2019-10-15 16:29:34,283 [24ee8ff7-dd07-49e6-bbcb-bb50ff0e8e36@group-F2FE1ED60945-LeaderElection22] INFO  impl.RoleInfo (RoleInfo.java:shutdownLeaderElection(134)) - 24ee8ff7-dd07-49e6-bbcb-bb50ff0e8e36: shutdown LeaderElection
2019-10-15 16:29:34,283 [0bff853f-e43c-4347-b3e4-d8621042c42b@group-AF37DB7271F3-LeaderElection28] INFO  server.RaftServerConfigKeys (ConfUtils.java:logGet(43)) - raft.server.staging.catchup.gap = 1000 (default)
2019-10-15 16:29:34,285 [24ee8ff7-dd07-49e6-bbcb-bb50ff0e8e36@group-F2FE1ED60945-LeaderElection22] INFO  impl.RaftServerImpl (RaftServerImpl.java:setRole(184)) - 24ee8ff7-dd07-49e6-bbcb-bb50ff0e8e36@group-F2FE1ED60945: changes role from CANDIDATE to LEADER at term 4 for changeToLeader
2019-10-15 16:29:34,285 [cccd55fe-f481-4e2b-93ed-b6a86d13c378@group-F2FE1ED60945-LeaderElection29] INFO  impl.LeaderElection (LeaderElection.java:logAndReturn(56)) - cccd55fe-f481-4e2b-93ed-b6a86d13c378@group-F2FE1ED60945-LeaderElection29: Election REJECTED; received 2 response(s) [cccd55fe-f481-4e2b-93ed-b6a86d13c378<-c48d8dfa-9e66-4eac-9ff2-02281a99dfa9#0:FAIL-t4, cccd55fe-f481-4e2b-93ed-b6a86d13c378<-24ee8ff7-dd07-49e6-bbcb-bb50ff0e8e36#0:FAIL-t4] and 0 exception(s); cccd55fe-f481-4e2b-93ed-b6a86d13c378@group-F2FE1ED60945:t4, leader=null, voted=cccd55fe-f481-4e2b-93ed-b6a86d13c378, raftlog=cccd55fe-f481-4e2b-93ed-b6a86d13c378@group-F2FE1ED60945-SegmentedRaftLog:OPENED:c-1,f-1,i0, conf=-1: [c48d8dfa-9e66-4eac-9ff2-02281a99dfa9:192.168.164.239:41652, cccd55fe-f481-4e2b-93ed-b6a86d13c378:192.168.164.239:35771, 24ee8ff7-dd07-49e6-bbcb-bb50ff0e8e36:192.168.164.239:45096], old=null
2019-10-15 16:29:34,285 [0bff853f-e43c-4347-b3e4-d8621042c42b@group-AF37DB7271F3-LeaderElection28] INFO  server.RaftServerConfigKeys (ConfUtils.java:logGet(43)) - raft.server.rpc.sleep.time = 25ms (default)
2019-10-15 16:29:34,285 [cccd55fe-f481-4e2b-93ed-b6a86d13c378@group-F2FE1ED60945-LeaderElection29] INFO  impl.RaftServerImpl (RaftServerImpl.java:setRole(184)) - cccd55fe-f481-4e2b-93ed-b6a86d13c378@group-F2FE1ED60945: changes role from CANDIDATE to FOLLOWER at term 4 for DISCOVERED_A_NEW_TERM
2019-10-15 16:29:34,285 [24ee8ff7-dd07-49e6-bbcb-bb50ff0e8e36@group-F2FE1ED60945-LeaderElection22] INFO  impl.RaftServerImpl (ServerState.java:setLeader(256)) - 24ee8ff7-dd07-49e6-bbcb-bb50ff0e8e36@group-F2FE1ED60945: change Leader from null to 24ee8ff7-dd07-49e6-bbcb-bb50ff0e8e36 at term 4 for becomeLeader, leader elected after 876ms
2019-10-15 16:29:34,286 [cccd55fe-f481-4e2b-93ed-b6a86d13c378@group-F2FE1ED60945-LeaderElection29] INFO  impl.RoleInfo (RoleInfo.java:shutdownLeaderElection(134)) - cccd55fe-f481-4e2b-93ed-b6a86d13c378: shutdown LeaderElection
2019-10-15 16:29:34,286 [0bff853f-e43c-4347-b3e4-d8621042c42b@group-AF37DB7271F3-LeaderElection28] INFO  server.RaftServerConfigKeys (ConfUtils.java:logGet(43)) - raft.server.write.element-limit = 4096 (default)
2019-10-15 16:29:34,287 [cccd55fe-f481-4e2b-93ed-b6a86d13c378@group-F2FE1ED60945-LeaderElection29] INFO  impl.RoleInfo (RoleInfo.java:updateAndGet(143)) - cccd55fe-f481-4e2b-93ed-b6a86d13c378: start FollowerState
2019-10-15 16:29:34,286 [24ee8ff7-dd07-49e6-bbcb-bb50ff0e8e36@group-F2FE1ED60945-LeaderElection22] INFO  server.RaftServerConfigKeys (ConfUtils.java:logGet(43)) - raft.server.staging.catchup.gap = 1000 (default)
2019-10-15 16:29:34,287 [0bff853f-e43c-4347-b3e4-d8621042c42b@group-AF37DB7271F3-LeaderElection28] INFO  server.RaftServerConfigKeys (ConfUtils.java:logGet(43)) - raft.server.watch.timeout = 10s (default)
2019-10-15 16:29:34,287 [24ee8ff7-dd07-49e6-bbcb-bb50ff0e8e36@group-F2FE1ED60945-LeaderElection22] INFO  server.RaftServerConfigKeys (ConfUtils.java:logGet(43)) - raft.server.rpc.sleep.time = 25ms (default)
2019-10-15 16:29:34,287 [0bff853f-e43c-4347-b3e4-d8621042c42b@group-AF37DB7271F3-LeaderElection28] INFO  server.RaftServerConfigKeys (ConfUtils.java:logGet(43)) - raft.server.watch.timeout.denomination = 1s (default)
2019-10-15 16:29:34,287 [24ee8ff7-dd07-49e6-bbcb-bb50ff0e8e36@group-F2FE1ED60945-LeaderElection22] INFO  server.RaftServerConfigKeys (ConfUtils.java:logGet(43)) - raft.server.write.element-limit = 4096 (default)
2019-10-15 16:29:34,287 [0bff853f-e43c-4347-b3e4-d8621042c42b@group-AF37DB7271F3-LeaderElection28] INFO  server.RaftServerConfigKeys (ConfUtils.java:logGet(43)) - raft.server.watch.element-limit = 65536 (default)
2019-10-15 16:29:34,287 [24ee8ff7-dd07-49e6-bbcb-bb50ff0e8e36@group-F2FE1ED60945-LeaderElection22] INFO  server.RaftServerConfigKeys (ConfUtils.java:logGet(43)) - raft.server.watch.timeout = 10s (default)
2019-10-15 16:29:34,287 [24ee8ff7-dd07-49e6-bbcb-bb50ff0e8e36@group-F2FE1ED60945-LeaderElection22] INFO  server.RaftServerConfigKeys (ConfUtils.java:logGet(43)) - raft.server.watch.timeout.denomination = 1s (default)
2019-10-15 16:29:34,287 [24ee8ff7-dd07-49e6-bbcb-bb50ff0e8e36@group-F2FE1ED60945-LeaderElection22] INFO  server.RaftServerConfigKeys (ConfUtils.java:logGet(43)) - raft.server.watch.element-limit = 65536 (default)
2019-10-15 16:29:34,290 [0bff853f-e43c-4347-b3e4-d8621042c42b@group-AF37DB7271F3-LeaderElection28] INFO  server.RaftServerConfigKeys (ConfUtils.java:logGet(43)) - raft.server.log.appender.snapshot.chunk.size.max = 16MB (=16777216) (default)
2019-10-15 16:29:34,290 [24ee8ff7-dd07-49e6-bbcb-bb50ff0e8e36@group-F2FE1ED60945-LeaderElection22] INFO  server.RaftServerConfigKeys (ConfUtils.java:logGet(43)) - raft.server.log.appender.snapshot.chunk.size.max = 16MB (=16777216) (default)
2019-10-15 16:29:34,290 [0bff853f-e43c-4347-b3e4-d8621042c42b@group-AF37DB7271F3-LeaderElection28] INFO  server.RaftServerConfigKeys (ConfUtils.java:logGet(43)) - raft.server.log.appender.buffer.byte-limit = 33554432 (custom)
2019-10-15 16:29:34,290 [24ee8ff7-dd07-49e6-bbcb-bb50ff0e8e36@group-F2FE1ED60945-LeaderElection22] INFO  server.RaftServerConfigKeys (ConfUtils.java:logGet(43)) - raft.server.log.appender.buffer.byte-limit = 33554432 (custom)
2019-10-15 16:29:34,290 [0bff853f-e43c-4347-b3e4-d8621042c42b@group-AF37DB7271F3-LeaderElection28] INFO  server.RaftServerConfigKeys (ConfUtils.java:logGet(43)) - raft.server.log.appender.buffer.element-limit = 1 (custom)
2019-10-15 16:29:34,290 [24ee8ff7-dd07-49e6-bbcb-bb50ff0e8e36@group-F2FE1ED60945-LeaderElection22] INFO  server.RaftServerConfigKeys (ConfUtils.java:logGet(43)) - raft.server.log.appender.buffer.element-limit = 1 (custom)
2019-10-15 16:29:34,290 [0bff853f-e43c-4347-b3e4-d8621042c42b@group-AF37DB7271F3-LeaderElection28] INFO  grpc.GrpcConfigKeys$Server (ConfUtils.java:logGet(43)) - raft.grpc.server.leader.outstanding.appends.max = 128 (default)
2019-10-15 16:29:34,290 [24ee8ff7-dd07-49e6-bbcb-bb50ff0e8e36@group-F2FE1ED60945-LeaderElection22] INFO  grpc.GrpcConfigKeys$Server (ConfUtils.java:logGet(43)) - raft.grpc.server.leader.outstanding.appends.max = 128 (default)
2019-10-15 16:29:34,291 [0bff853f-e43c-4347-b3e4-d8621042c42b@group-AF37DB7271F3-LeaderElection28] INFO  server.RaftServerConfigKeys (ConfUtils.java:logGet(43)) - raft.server.rpc.request.timeout = 3000ms (default)
2019-10-15 16:29:34,291 [24ee8ff7-dd07-49e6-bbcb-bb50ff0e8e36@group-F2FE1ED60945-LeaderElection22] INFO  server.RaftServerConfigKeys (ConfUtils.java:logGet(43)) - raft.server.rpc.request.timeout = 3000ms (default)
2019-10-15 16:29:34,291 [0bff853f-e43c-4347-b3e4-d8621042c42b@group-AF37DB7271F3-LeaderElection28] INFO  server.RaftServerConfigKeys (ConfUtils.java:logGet(43)) - raft.server.log.appender.install.snapshot.enabled = false (custom)
2019-10-15 16:29:34,291 [24ee8ff7-dd07-49e6-bbcb-bb50ff0e8e36@group-F2FE1ED60945-LeaderElection22] INFO  server.RaftServerConfigKeys (ConfUtils.java:logGet(43)) - raft.server.log.appender.install.snapshot.enabled = false (custom)
2019-10-15 16:29:34,293 [0bff853f-e43c-4347-b3e4-d8621042c42b@group-AF37DB7271F3-LeaderElection28] INFO  server.RaftServerConfigKeys (ConfUtils.java:logGet(43)) - raft.server.log.appender.snapshot.chunk.size.max = 16MB (=16777216) (default)
2019-10-15 16:29:34,293 [0bff853f-e43c-4347-b3e4-d8621042c42b@group-AF37DB7271F3-LeaderElection28] INFO  server.RaftServerConfigKeys (ConfUtils.java:logGet(43)) - raft.server.log.appender.buffer.byte-limit = 33554432 (custom)
2019-10-15 16:29:34,293 [0bff853f-e43c-4347-b3e4-d8621042c42b@group-AF37DB7271F3-LeaderElection28] INFO  server.RaftServerConfigKeys (ConfUtils.java:logGet(43)) - raft.server.log.appender.buffer.element-limit = 1 (custom)
2019-10-15 16:29:34,293 [24ee8ff7-dd07-49e6-bbcb-bb50ff0e8e36@group-F2FE1ED60945-LeaderElection22] INFO  server.RaftServerConfigKeys (ConfUtils.java:logGet(43)) - raft.server.log.appender.snapshot.chunk.size.max = 16MB (=16777216) (default)
2019-10-15 16:29:34,293 [0bff853f-e43c-4347-b3e4-d8621042c42b@group-AF37DB7271F3-LeaderElection28] INFO  grpc.GrpcConfigKeys$Server (ConfUtils.java:logGet(43)) - raft.grpc.server.leader.outstanding.appends.max = 128 (default)
2019-10-15 16:29:34,293 [24ee8ff7-dd07-49e6-bbcb-bb50ff0e8e36@group-F2FE1ED60945-LeaderElection22] INFO  server.RaftServerConfigKeys (ConfUtils.java:logGet(43)) - raft.server.log.appender.buffer.byte-limit = 33554432 (custom)
2019-10-15 16:29:34,293 [0bff853f-e43c-4347-b3e4-d8621042c42b@group-AF37DB7271F3-LeaderElection28] INFO  server.RaftServerConfigKeys (ConfUtils.java:logGet(43)) - raft.server.rpc.request.timeout = 3000ms (default)
2019-10-15 16:29:34,293 [24ee8ff7-dd07-49e6-bbcb-bb50ff0e8e36@group-F2FE1ED60945-LeaderElection22] INFO  server.RaftServerConfigKeys (ConfUtils.java:logGet(43)) - raft.server.log.appender.buffer.element-limit = 1 (custom)
2019-10-15 16:29:34,294 [0bff853f-e43c-4347-b3e4-d8621042c42b@group-AF37DB7271F3-LeaderElection28] INFO  server.RaftServerConfigKeys (ConfUtils.java:logGet(43)) - raft.server.log.appender.install.snapshot.enabled = false (custom)
2019-10-15 16:29:34,294 [24ee8ff7-dd07-49e6-bbcb-bb50ff0e8e36@group-F2FE1ED60945-LeaderElection22] INFO  grpc.GrpcConfigKeys$Server (ConfUtils.java:logGet(43)) - raft.grpc.server.leader.outstanding.appends.max = 128 (default)
2019-10-15 16:29:34,294 [24ee8ff7-dd07-49e6-bbcb-bb50ff0e8e36@group-F2FE1ED60945-LeaderElection22] INFO  server.RaftServerConfigKeys (ConfUtils.java:logGet(43)) - raft.server.rpc.request.timeout = 3000ms (default)
2019-10-15 16:29:34,294 [24ee8ff7-dd07-49e6-bbcb-bb50ff0e8e36@group-F2FE1ED60945-LeaderElection22] INFO  server.RaftServerConfigKeys (ConfUtils.java:logGet(43)) - raft.server.log.appender.install.snapshot.enabled = false (custom)
2019-10-15 16:29:34,296 [0bff853f-e43c-4347-b3e4-d8621042c42b@group-AF37DB7271F3-LeaderElection28] INFO  impl.RoleInfo (RoleInfo.java:updateAndGet(143)) - 0bff853f-e43c-4347-b3e4-d8621042c42b: start LeaderState
2019-10-15 16:29:34,296 [24ee8ff7-dd07-49e6-bbcb-bb50ff0e8e36@group-F2FE1ED60945-LeaderElection22] INFO  impl.RoleInfo (RoleInfo.java:updateAndGet(143)) - 24ee8ff7-dd07-49e6-bbcb-bb50ff0e8e36: start LeaderState
2019-10-15 16:29:34,296 [0bff853f-e43c-4347-b3e4-d8621042c42b@group-AF37DB7271F3-LeaderElection28] INFO  segmented.SegmentedRaftLogWorker (SegmentedRaftLogWorker.java:startLogSegment(385)) - 0bff853f-e43c-4347-b3e4-d8621042c42b@group-AF37DB7271F3-SegmentedRaftLogWorker: Starting segment from index:0
2019-10-15 16:29:34,296 [24ee8ff7-dd07-49e6-bbcb-bb50ff0e8e36@group-F2FE1ED60945-LeaderElection22] INFO  segmented.SegmentedRaftLogWorker (SegmentedRaftLogWorker.java:startLogSegment(385)) - 24ee8ff7-dd07-49e6-bbcb-bb50ff0e8e36@group-F2FE1ED60945-SegmentedRaftLogWorker: Starting segment from index:0
2019-10-15 16:29:34,297 [0bff853f-e43c-4347-b3e4-d8621042c42b@group-AF37DB7271F3-LeaderElection28] INFO  impl.RaftServerImpl (ServerState.java:setRaftConf(357)) - 0bff853f-e43c-4347-b3e4-d8621042c42b@group-AF37DB7271F3: set configuration 0: [0bff853f-e43c-4347-b3e4-d8621042c42b:192.168.164.239:34619, b3806c56-f44f-4484-a72b-f9662a6f8cba:192.168.164.239:35315, 6af1a5bd-f075-405e-b6a5-6d145eedd789:192.168.164.239:35339], old=null at 0
2019-10-15 16:29:34,297 [24ee8ff7-dd07-49e6-bbcb-bb50ff0e8e36@group-F2FE1ED60945-LeaderElection22] INFO  impl.RaftServerImpl (ServerState.java:setRaftConf(357)) - 24ee8ff7-dd07-49e6-bbcb-bb50ff0e8e36@group-F2FE1ED60945: set configuration 0: [c48d8dfa-9e66-4eac-9ff2-02281a99dfa9:192.168.164.239:41652, cccd55fe-f481-4e2b-93ed-b6a86d13c378:192.168.164.239:35771, 24ee8ff7-dd07-49e6-bbcb-bb50ff0e8e36:192.168.164.239:45096], old=null at 0
2019-10-15 16:29:34,299 [grpc-default-executor-4] INFO  impl.RaftServerImpl (ServerState.java:setLeader(256)) - b3806c56-f44f-4484-a72b-f9662a6f8cba@group-AF37DB7271F3: change Leader from null to 0bff853f-e43c-4347-b3e4-d8621042c42b at term 7 for appendEntries, leader elected after 153ms
2019-10-15 16:29:34,300 [grpc-default-executor-10] INFO  impl.RaftServerImpl (ServerState.java:setLeader(256)) - 6af1a5bd-f075-405e-b6a5-6d145eedd789@group-AF37DB7271F3: change Leader from null to 0bff853f-e43c-4347-b3e4-d8621042c42b at term 7 for appendEntries, leader elected after 1082ms
2019-10-15 16:29:34,299 [grpc-default-executor-9] INFO  impl.RaftServerImpl (ServerState.java:setLeader(256)) - cccd55fe-f481-4e2b-93ed-b6a86d13c378@group-F2FE1ED60945: change Leader from null to 24ee8ff7-dd07-49e6-bbcb-bb50ff0e8e36 at term 4 for appendEntries, leader elected after 890ms
2019-10-15 16:29:34,334 [c48d8dfa-9e66-4eac-9ff2-02281a99dfa9@group-F2FE1ED60945-LeaderElection30] INFO  impl.LeaderElection (LeaderElection.java:askForVotes(178)) - c48d8dfa-9e66-4eac-9ff2-02281a99dfa9@group-F2FE1ED60945-LeaderElection30: begin an election at term 5 for -1: [c48d8dfa-9e66-4eac-9ff2-02281a99dfa9:192.168.164.239:41652, cccd55fe-f481-4e2b-93ed-b6a86d13c378:192.168.164.239:35771, 24ee8ff7-dd07-49e6-bbcb-bb50ff0e8e36:192.168.164.239:45096], old=null
2019-10-15 16:29:34,345 [Thread-493] INFO  impl.RaftServerImpl (ServerState.java:setLeader(256)) - 24ee8ff7-dd07-49e6-bbcb-bb50ff0e8e36@group-F2FE1ED60945: change Leader from 24ee8ff7-dd07-49e6-bbcb-bb50ff0e8e36 to null at term 5 for updateCurrentTerm
2019-10-15 16:29:34,345 [Thread-493] INFO  impl.RaftServerImpl (RaftServerImpl.java:setRole(184)) - 24ee8ff7-dd07-49e6-bbcb-bb50ff0e8e36@group-F2FE1ED60945: changes role from    LEADER to FOLLOWER at term 5 for stepDown
2019-10-15 16:29:34,345 [Thread-493] INFO  impl.RoleInfo (RoleInfo.java:shutdownLeaderState(104)) - 24ee8ff7-dd07-49e6-bbcb-bb50ff0e8e36: shutdown LeaderState
2019-10-15 16:29:34,348 [org.apache.ratis.server.impl.LogAppender$AppenderDaemon$$Lambda$445/240503556@714cb54e] WARN  server.GrpcLogAppender (GrpcLogAppender.java:mayWait(149)) - 24ee8ff7-dd07-49e6-bbcb-bb50ff0e8e36@group-F2FE1ED60945->cccd55fe-f481-4e2b-93ed-b6a86d13c378-GrpcLogAppender: Wait interrupted by java.lang.InterruptedException
2019-10-15 16:29:34,348 [Thread-493] INFO  impl.PendingRequests (PendingRequests.java:sendNotLeaderResponses(202)) - 24ee8ff7-dd07-49e6-bbcb-bb50ff0e8e36@group-F2FE1ED60945-PendingRequests: sendNotLeaderResponses
2019-10-15 16:29:34,348 [org.apache.ratis.server.impl.LogAppender$AppenderDaemon$$Lambda$445/240503556@55b2d5cb] WARN  server.GrpcLogAppender (GrpcLogAppender.java:mayWait(149)) - 24ee8ff7-dd07-49e6-bbcb-bb50ff0e8e36@group-F2FE1ED60945->c48d8dfa-9e66-4eac-9ff2-02281a99dfa9-GrpcLogAppender: Wait interrupted by java.lang.InterruptedException
2019-10-15 16:29:34,349 [Thread-493] INFO  impl.RoleInfo (RoleInfo.java:updateAndGet(143)) - 24ee8ff7-dd07-49e6-bbcb-bb50ff0e8e36: start FollowerState
2019-10-15 16:29:34,350 [grpc-default-executor-10] INFO  server.GrpcServerProtocolService (GrpcServerProtocolService.java:onCompleted(113)) - cccd55fe-f481-4e2b-93ed-b6a86d13c378: Completed APPEND_ENTRIES, lastRequest: 24ee8ff7-dd07-49e6-bbcb-bb50ff0e8e36->cccd55fe-f481-4e2b-93ed-b6a86d13c378#0-t4, previous=(t:0, i:0), leaderCommit=-1, initializing? false, entries: <empty>
2019-10-15 16:29:34,350 [grpc-default-executor-4] INFO  server.GrpcServerProtocolService (GrpcServerProtocolService.java:onCompleted(113)) - c48d8dfa-9e66-4eac-9ff2-02281a99dfa9: Completed APPEND_ENTRIES, lastRequest: 24ee8ff7-dd07-49e6-bbcb-bb50ff0e8e36->c48d8dfa-9e66-4eac-9ff2-02281a99dfa9#0-t4, previous=(t:0, i:0), leaderCommit=-1, initializing? false, entries: <empty>
2019-10-15 16:29:34,351 [grpc-default-executor-4] INFO  server.GrpcLogAppender (GrpcLogAppender.java:onCompleted(308)) - 24ee8ff7-dd07-49e6-bbcb-bb50ff0e8e36@group-F2FE1ED60945->c48d8dfa-9e66-4eac-9ff2-02281a99dfa9-AppendLogResponseHandler: follower responses appendEntries COMPLETED
2019-10-15 16:29:34,355 [Thread-476] INFO  impl.FollowerState (FollowerState.java:run(108)) - f5624850-682f-4ec5-bb5c-f79627fc299e@group-C25BD028928E-FollowerState: change to CANDIDATE, lastRpcTime:172ms, electionTimeout:170ms
2019-10-15 16:29:34,355 [Thread-476] INFO  impl.RoleInfo (RoleInfo.java:shutdownFollowerState(121)) - f5624850-682f-4ec5-bb5c-f79627fc299e: shutdown FollowerState
2019-10-15 16:29:34,355 [grpc-default-executor-0] INFO  server.GrpcLogAppender (GrpcLogAppender.java:onCompleted(308)) - 24ee8ff7-dd07-49e6-bbcb-bb50ff0e8e36@group-F2FE1ED60945->cccd55fe-f481-4e2b-93ed-b6a86d13c378-AppendLogResponseHandler: follower responses appendEntries COMPLETED
2019-10-15 16:29:34,355 [Thread-476] INFO  impl.RaftServerImpl (RaftServerImpl.java:setRole(184)) - f5624850-682f-4ec5-bb5c-f79627fc299e@group-C25BD028928E: changes role from  FOLLOWER to CANDIDATE at term 8 for changeToCandidate
2019-10-15 16:29:34,355 [grpc-default-executor-4] INFO  impl.FollowerInfo (FollowerInfo.java:lambda$new$0(51)) - 24ee8ff7-dd07-49e6-bbcb-bb50ff0e8e36@group-F2FE1ED60945->c48d8dfa-9e66-4eac-9ff2-02281a99dfa9: nextIndex: updateUnconditionally 0 -> 0
2019-10-15 16:29:34,355 [Thread-476] INFO  impl.RoleInfo (RoleInfo.java:updateAndGet(143)) - f5624850-682f-4ec5-bb5c-f79627fc299e: start LeaderElection
2019-10-15 16:29:34,357 [grpc-default-executor-1] INFO  impl.RaftServerImpl (ServerState.java:setLeader(256)) - cccd55fe-f481-4e2b-93ed-b6a86d13c378@group-F2FE1ED60945: change Leader from 24ee8ff7-dd07-49e6-bbcb-bb50ff0e8e36 to null at term 5 for updateCurrentTerm
2019-10-15 16:29:34,357 [grpc-default-executor-0] INFO  impl.FollowerInfo (FollowerInfo.java:lambda$new$0(51)) - 24ee8ff7-dd07-49e6-bbcb-bb50ff0e8e36@group-F2FE1ED60945->cccd55fe-f481-4e2b-93ed-b6a86d13c378: nextIndex: updateUnconditionally 0 -> 0
2019-10-15 16:29:34,357 [grpc-default-executor-1] INFO  impl.RaftServerImpl (RaftServerImpl.java:setRole(184)) - cccd55fe-f481-4e2b-93ed-b6a86d13c378@group-F2FE1ED60945: changes role from  FOLLOWER to FOLLOWER at term 5 for recognizeCandidate:c48d8dfa-9e66-4eac-9ff2-02281a99dfa9
2019-10-15 16:29:34,358 [grpc-default-executor-1] INFO  impl.RoleInfo (RoleInfo.java:shutdownFollowerState(121)) - cccd55fe-f481-4e2b-93ed-b6a86d13c378: shutdown FollowerState
2019-10-15 16:29:34,358 [grpc-default-executor-1] INFO  impl.RoleInfo (RoleInfo.java:updateAndGet(143)) - cccd55fe-f481-4e2b-93ed-b6a86d13c378: start FollowerState
2019-10-15 16:29:34,358 [Thread-492] INFO  impl.FollowerState (FollowerState.java:run(117)) - cccd55fe-f481-4e2b-93ed-b6a86d13c378@group-F2FE1ED60945-FollowerState was interrupted: java.lang.InterruptedException: sleep interrupted
2019-10-15 16:29:34,361 [0bff853f-e43c-4347-b3e4-d8621042c42b@group-AF37DB7271F3-SegmentedRaftLogWorker] INFO  segmented.SegmentedRaftLogWorker (SegmentedRaftLogWorker.java:execute(576)) - 0bff853f-e43c-4347-b3e4-d8621042c42b@group-AF37DB7271F3-SegmentedRaftLogWorker: created new log segment /workdir/hadoop-ozone/integration-test/target/test-dir/MiniOzoneClusterImpl-beab53a1-ec34-46da-8591-07ed803d9383/datanode-1/data/ratis/7a21e33d-5546-44ce-b605-af37db7271f3/current/log_inprogress_0
2019-10-15 16:29:34,361 [24ee8ff7-dd07-49e6-bbcb-bb50ff0e8e36@group-F2FE1ED60945-SegmentedRaftLogWorker] INFO  segmented.SegmentedRaftLogWorker (SegmentedRaftLogWorker.java:execute(576)) - 24ee8ff7-dd07-49e6-bbcb-bb50ff0e8e36@group-F2FE1ED60945-SegmentedRaftLogWorker: created new log segment /workdir/hadoop-ozone/integration-test/target/test-dir/MiniOzoneClusterImpl-beab53a1-ec34-46da-8591-07ed803d9383/datanode-7/data/ratis/cc7a2a2f-f31d-4e37-8589-f2fe1ed60945/current/log_inprogress_0
2019-10-15 16:29:34,363 [grpc-default-executor-0] INFO  impl.RaftServerImpl (ServerState.java:setRaftConf(357)) - b3806c56-f44f-4484-a72b-f9662a6f8cba@group-AF37DB7271F3: set configuration 0: [0bff853f-e43c-4347-b3e4-d8621042c42b:192.168.164.239:34619, b3806c56-f44f-4484-a72b-f9662a6f8cba:192.168.164.239:35315, 6af1a5bd-f075-405e-b6a5-6d145eedd789:192.168.164.239:35339], old=null at 0
2019-10-15 16:29:34,363 [grpc-default-executor-4] INFO  impl.RaftServerImpl (ServerState.java:setRaftConf(357)) - 6af1a5bd-f075-405e-b6a5-6d145eedd789@group-AF37DB7271F3: set configuration 0: [0bff853f-e43c-4347-b3e4-d8621042c42b:192.168.164.239:34619, b3806c56-f44f-4484-a72b-f9662a6f8cba:192.168.164.239:35315, 6af1a5bd-f075-405e-b6a5-6d145eedd789:192.168.164.239:35339], old=null at 0
2019-10-15 16:29:34,364 [grpc-default-executor-4] INFO  segmented.SegmentedRaftLogWorker (SegmentedRaftLogWorker.java:startLogSegment(385)) - 6af1a5bd-f075-405e-b6a5-6d145eedd789@group-AF37DB7271F3-SegmentedRaftLogWorker: Starting segment from index:0
2019-10-15 16:29:34,366 [grpc-default-executor-0] INFO  segmented.SegmentedRaftLogWorker (SegmentedRaftLogWorker.java:truncate(401)) - b3806c56-f44f-4484-a72b-f9662a6f8cba@group-AF37DB7271F3-SegmentedRaftLogWorker: Truncating segments toTruncate: null
  toDelete: [(0, 0) isOpen? true, length=0, newEndIndex=-1], start index 0
2019-10-15 16:29:34,366 [grpc-default-executor-0] INFO  segmented.SegmentedRaftLogWorker (SegmentedRaftLogWorker.java:startLogSegment(385)) - b3806c56-f44f-4484-a72b-f9662a6f8cba@group-AF37DB7271F3-SegmentedRaftLogWorker: Starting segment from index:0
2019-10-15 16:29:34,371 [b3806c56-f44f-4484-a72b-f9662a6f8cba@group-AF37DB7271F3-SegmentedRaftLogWorker] INFO  segmented.SegmentedRaftLogWorker (SegmentedRaftLogWorker.java:execute(640)) - b3806c56-f44f-4484-a72b-f9662a6f8cba@group-AF37DB7271F3-SegmentedRaftLogWorker: Deleted log file /workdir/hadoop-ozone/integration-test/target/test-dir/MiniOzoneClusterImpl-beab53a1-ec34-46da-8591-07ed803d9383/datanode-0/data/ratis/7a21e33d-5546-44ce-b605-af37db7271f3/current/log_inprogress_0
2019-10-15 16:29:34,372 [b3806c56-f44f-4484-a72b-f9662a6f8cba@group-AF37DB7271F3-SegmentedRaftLogWorker] INFO  segmented.SegmentedRaftLogWorker (SegmentedRaftLogWorker.java:lambda$new$0(128)) - b3806c56-f44f-4484-a72b-f9662a6f8cba@group-AF37DB7271F3-SegmentedRaftLogWorker: flushIndex: setUnconditionally 0 -> -1
2019-10-15 16:29:34,378 [f5624850-682f-4ec5-bb5c-f79627fc299e@group-C25BD028928E-LeaderElection31] INFO  impl.LeaderElection (LeaderElection.java:askForVotes(178)) - f5624850-682f-4ec5-bb5c-f79627fc299e@group-C25BD028928E-LeaderElection31: begin an election at term 9 for -1: [f581660d-af3d-4f5f-b57d-f4cb54f048b9:192.168.164.239:42501, f5624850-682f-4ec5-bb5c-f79627fc299e:192.168.164.239:39499, 14091fe6-d183-4b46-be93-2ba964a39c73:192.168.164.239:34827], old=null
2019-10-15 16:29:34,404 [grpc-default-executor-10] INFO  impl.RaftServerImpl (RaftServerImpl.java:setRole(184)) - 24ee8ff7-dd07-49e6-bbcb-bb50ff0e8e36@group-F2FE1ED60945: changes role from  FOLLOWER to FOLLOWER at term 5 for recognizeCandidate:c48d8dfa-9e66-4eac-9ff2-02281a99dfa9
2019-10-15 16:29:34,404 [grpc-default-executor-10] INFO  impl.RoleInfo (RoleInfo.java:shutdownFollowerState(121)) - 24ee8ff7-dd07-49e6-bbcb-bb50ff0e8e36: shutdown FollowerState
2019-10-15 16:29:34,404 [grpc-default-executor-10] INFO  impl.RoleInfo (RoleInfo.java:updateAndGet(143)) - 24ee8ff7-dd07-49e6-bbcb-bb50ff0e8e36: start FollowerState
2019-10-15 16:29:34,404 [Thread-507] INFO  impl.FollowerState (FollowerState.java:run(117)) - 24ee8ff7-dd07-49e6-bbcb-bb50ff0e8e36@group-F2FE1ED60945-FollowerState was interrupted: java.lang.InterruptedException: sleep interrupted
2019-10-15 16:29:34,407 [c48d8dfa-9e66-4eac-9ff2-02281a99dfa9@group-F2FE1ED60945-LeaderElection30] INFO  impl.LeaderElection (LeaderElection.java:logAndReturn(56)) - c48d8dfa-9e66-4eac-9ff2-02281a99dfa9@group-F2FE1ED60945-LeaderElection30: Election PASSED; received 1 response(s) [c48d8dfa-9e66-4eac-9ff2-02281a99dfa9<-cccd55fe-f481-4e2b-93ed-b6a86d13c378#0:OK-t5] and 0 exception(s); c48d8dfa-9e66-4eac-9ff2-02281a99dfa9@group-F2FE1ED60945:t5, leader=null, voted=c48d8dfa-9e66-4eac-9ff2-02281a99dfa9, raftlog=c48d8dfa-9e66-4eac-9ff2-02281a99dfa9@group-F2FE1ED60945-SegmentedRaftLog:OPENED:c-1,f-1,i0, conf=-1: [c48d8dfa-9e66-4eac-9ff2-02281a99dfa9:192.168.164.239:41652, cccd55fe-f481-4e2b-93ed-b6a86d13c378:192.168.164.239:35771, 24ee8ff7-dd07-49e6-bbcb-bb50ff0e8e36:192.168.164.239:45096], old=null
2019-10-15 16:29:34,407 [c48d8dfa-9e66-4eac-9ff2-02281a99dfa9@group-F2FE1ED60945-LeaderElection30] INFO  impl.RoleInfo (RoleInfo.java:shutdownLeaderElection(134)) - c48d8dfa-9e66-4eac-9ff2-02281a99dfa9: shutdown LeaderElection
2019-10-15 16:29:34,407 [c48d8dfa-9e66-4eac-9ff2-02281a99dfa9@group-F2FE1ED60945-LeaderElection30] INFO  impl.RaftServerImpl (RaftServerImpl.java:setRole(184)) - c48d8dfa-9e66-4eac-9ff2-02281a99dfa9@group-F2FE1ED60945: changes role from CANDIDATE to LEADER at term 5 for changeToLeader
2019-10-15 16:29:34,407 [c48d8dfa-9e66-4eac-9ff2-02281a99dfa9@group-F2FE1ED60945-LeaderElection30] INFO  impl.RaftServerImpl (ServerState.java:setLeader(256)) - c48d8dfa-9e66-4eac-9ff2-02281a99dfa9@group-F2FE1ED60945: change Leader from null to c48d8dfa-9e66-4eac-9ff2-02281a99dfa9 at term 5 for becomeLeader, leader elected after 997ms
2019-10-15 16:29:34,408 [c48d8dfa-9e66-4eac-9ff2-02281a99dfa9@group-F2FE1ED60945-LeaderElection30] INFO  server.RaftServerConfigKeys (ConfUtils.java:logGet(43)) - raft.server.staging.catchup.gap = 1000 (default)
2019-10-15 16:29:34,408 [c48d8dfa-9e66-4eac-9ff2-02281a99dfa9@group-F2FE1ED60945-LeaderElection30] INFO  server.RaftServerConfigKeys (ConfUtils.java:logGet(43)) - raft.server.rpc.sleep.time = 25ms (default)
2019-10-15 16:29:34,408 [c48d8dfa-9e66-4eac-9ff2-02281a99dfa9@group-F2FE1ED60945-LeaderElection30] INFO  server.RaftServerConfigKeys (ConfUtils.java:logGet(43)) - raft.server.write.element-limit = 4096 (default)
2019-10-15 16:29:34,408 [c48d8dfa-9e66-4eac-9ff2-02281a99dfa9@group-F2FE1ED60945-LeaderElection30] INFO  server.RaftServerConfigKeys (ConfUtils.java:logGet(43)) - raft.server.watch.timeout = 10s (default)
2019-10-15 16:29:34,409 [c48d8dfa-9e66-4eac-9ff2-02281a99dfa9@group-F2FE1ED60945-LeaderElection30] INFO  server.RaftServerConfigKeys (ConfUtils.java:logGet(43)) - raft.server.watch.timeout.denomination = 1s (default)
2019-10-15 16:29:34,409 [c48d8dfa-9e66-4eac-9ff2-02281a99dfa9@group-F2FE1ED60945-LeaderElection30] INFO  server.RaftServerConfigKeys (ConfUtils.java:logGet(43)) - raft.server.watch.element-limit = 65536 (default)
2019-10-15 16:29:34,410 [grpc-default-executor-10] INFO  impl.RaftServerImpl (RaftServerImpl.java:setRole(184)) - 14091fe6-d183-4b46-be93-2ba964a39c73@group-C25BD028928E: changes role from  FOLLOWER to FOLLOWER at term 9 for recognizeCandidate:f5624850-682f-4ec5-bb5c-f79627fc299e
2019-10-15 16:29:34,411 [grpc-default-executor-10] INFO  impl.RoleInfo (RoleInfo.java:shutdownFollowerState(121)) - 14091fe6-d183-4b46-be93-2ba964a39c73: shutdown FollowerState
2019-10-15 16:29:34,411 [grpc-default-executor-10] INFO  impl.RoleInfo (RoleInfo.java:updateAndGet(143)) - 14091fe6-d183-4b46-be93-2ba964a39c73: start FollowerState
2019-10-15 16:29:34,411 [Thread-457] INFO  impl.FollowerState (FollowerState.java:run(117)) - 14091fe6-d183-4b46-be93-2ba964a39c73@group-C25BD028928E-FollowerState was interrupted: java.lang.InterruptedException: sleep interrupted
2019-10-15 16:29:34,412 [grpc-default-executor-1] INFO  impl.RaftServerImpl (RaftServerImpl.java:setRole(184)) - f581660d-af3d-4f5f-b57d-f4cb54f048b9@group-C25BD028928E: changes role from  FOLLOWER to FOLLOWER at term 9 for recognizeCandidate:f5624850-682f-4ec5-bb5c-f79627fc299e
2019-10-15 16:29:34,412 [grpc-default-executor-1] INFO  impl.RoleInfo (RoleInfo.java:shutdownFollowerState(121)) - f581660d-af3d-4f5f-b57d-f4cb54f048b9: shutdown FollowerState
2019-10-15 16:29:34,412 [Thread-455] INFO  impl.FollowerState (FollowerState.java:run(117)) - f581660d-af3d-4f5f-b57d-f4cb54f048b9@group-C25BD028928E-FollowerState was interrupted: java.lang.InterruptedException: sleep interrupted
2019-10-15 16:29:34,412 [grpc-default-executor-1] INFO  impl.RoleInfo (RoleInfo.java:updateAndGet(143)) - f581660d-af3d-4f5f-b57d-f4cb54f048b9: start FollowerState
2019-10-15 16:29:34,413 [c48d8dfa-9e66-4eac-9ff2-02281a99dfa9@group-F2FE1ED60945-LeaderElection30] INFO  server.RaftServerConfigKeys (ConfUtils.java:logGet(43)) - raft.server.log.appender.snapshot.chunk.size.max = 16MB (=16777216) (default)
2019-10-15 16:29:34,413 [c48d8dfa-9e66-4eac-9ff2-02281a99dfa9@group-F2FE1ED60945-LeaderElection30] INFO  server.RaftServerConfigKeys (ConfUtils.java:logGet(43)) - raft.server.log.appender.buffer.byte-limit = 33554432 (custom)
2019-10-15 16:29:34,414 [c48d8dfa-9e66-4eac-9ff2-02281a99dfa9@group-F2FE1ED60945-LeaderElection30] INFO  server.RaftServerConfigKeys (ConfUtils.java:logGet(43)) - raft.server.log.appender.buffer.element-limit = 1 (custom)
2019-10-15 16:29:34,414 [c48d8dfa-9e66-4eac-9ff2-02281a99dfa9@group-F2FE1ED60945-LeaderElection30] INFO  grpc.GrpcConfigKeys$Server (ConfUtils.java:logGet(43)) - raft.grpc.server.leader.outstanding.appends.max = 128 (default)
2019-10-15 16:29:34,414 [c48d8dfa-9e66-4eac-9ff2-02281a99dfa9@group-F2FE1ED60945-LeaderElection30] INFO  server.RaftServerConfigKeys (ConfUtils.java:logGet(43)) - raft.server.rpc.request.timeout = 3000ms (default)
2019-10-15 16:29:34,414 [c48d8dfa-9e66-4eac-9ff2-02281a99dfa9@group-F2FE1ED60945-LeaderElection30] INFO  server.RaftServerConfigKeys (ConfUtils.java:logGet(43)) - raft.server.log.appender.install.snapshot.enabled = false (custom)
2019-10-15 16:29:34,416 [c48d8dfa-9e66-4eac-9ff2-02281a99dfa9@group-F2FE1ED60945-LeaderElection30] INFO  server.RaftServerConfigKeys (ConfUtils.java:logGet(43)) - raft.server.log.appender.snapshot.chunk.size.max = 16MB (=16777216) (default)
2019-10-15 16:29:34,416 [c48d8dfa-9e66-4eac-9ff2-02281a99dfa9@group-F2FE1ED60945-LeaderElection30] INFO  server.RaftServerConfigKeys (ConfUtils.java:logGet(43)) - raft.server.log.appender.buffer.byte-limit = 33554432 (custom)
2019-10-15 16:29:34,416 [c48d8dfa-9e66-4eac-9ff2-02281a99dfa9@group-F2FE1ED60945-LeaderElection30] INFO  server.RaftServerConfigKeys (ConfUtils.java:logGet(43)) - raft.server.log.appender.buffer.element-limit = 1 (custom)
2019-10-15 16:29:34,416 [c48d8dfa-9e66-4eac-9ff2-02281a99dfa9@group-F2FE1ED60945-LeaderElection30] INFO  grpc.GrpcConfigKeys$Server (ConfUtils.java:logGet(43)) - raft.grpc.server.leader.outstanding.appends.max = 128 (default)
2019-10-15 16:29:34,416 [c48d8dfa-9e66-4eac-9ff2-02281a99dfa9@group-F2FE1ED60945-LeaderElection30] INFO  server.RaftServerConfigKeys (ConfUtils.java:logGet(43)) - raft.server.rpc.request.timeout = 3000ms (default)
2019-10-15 16:29:34,416 [c48d8dfa-9e66-4eac-9ff2-02281a99dfa9@group-F2FE1ED60945-LeaderElection30] INFO  server.RaftServerConfigKeys (ConfUtils.java:logGet(43)) - raft.server.log.appender.install.snapshot.enabled = false (custom)
2019-10-15 16:29:34,418 [c48d8dfa-9e66-4eac-9ff2-02281a99dfa9@group-F2FE1ED60945-LeaderElection30] INFO  impl.RoleInfo (RoleInfo.java:updateAndGet(143)) - c48d8dfa-9e66-4eac-9ff2-02281a99dfa9: start LeaderState
2019-10-15 16:29:34,418 [c48d8dfa-9e66-4eac-9ff2-02281a99dfa9@group-F2FE1ED60945-LeaderElection30] INFO  segmented.SegmentedRaftLogWorker (SegmentedRaftLogWorker.java:startLogSegment(385)) - c48d8dfa-9e66-4eac-9ff2-02281a99dfa9@group-F2FE1ED60945-SegmentedRaftLogWorker: Starting segment from index:0
2019-10-15 16:29:34,419 [c48d8dfa-9e66-4eac-9ff2-02281a99dfa9@group-F2FE1ED60945-LeaderElection30] INFO  impl.RaftServerImpl (ServerState.java:setRaftConf(357)) - c48d8dfa-9e66-4eac-9ff2-02281a99dfa9@group-F2FE1ED60945: set configuration 0: [c48d8dfa-9e66-4eac-9ff2-02281a99dfa9:192.168.164.239:41652, cccd55fe-f481-4e2b-93ed-b6a86d13c378:192.168.164.239:35771, 24ee8ff7-dd07-49e6-bbcb-bb50ff0e8e36:192.168.164.239:45096], old=null at 0
2019-10-15 16:29:34,421 [grpc-default-executor-0] INFO  impl.RaftServerImpl (ServerState.java:setLeader(256)) - cccd55fe-f481-4e2b-93ed-b6a86d13c378@group-F2FE1ED60945: change Leader from null to c48d8dfa-9e66-4eac-9ff2-02281a99dfa9 at term 5 for appendEntries, leader elected after 64ms
2019-10-15 16:29:34,421 [grpc-default-executor-4] INFO  impl.RaftServerImpl (ServerState.java:setLeader(256)) - 24ee8ff7-dd07-49e6-bbcb-bb50ff0e8e36@group-F2FE1ED60945: change Leader from null to c48d8dfa-9e66-4eac-9ff2-02281a99dfa9 at term 5 for appendEntries, leader elected after 76ms
2019-10-15 16:29:34,424 [grpc-default-executor-0] INFO  impl.RaftServerImpl (ServerState.java:setRaftConf(357)) - 24ee8ff7-dd07-49e6-bbcb-bb50ff0e8e36@group-F2FE1ED60945: set configuration 0: [c48d8dfa-9e66-4eac-9ff2-02281a99dfa9:192.168.164.239:41652, cccd55fe-f481-4e2b-93ed-b6a86d13c378:192.168.164.239:35771, 24ee8ff7-dd07-49e6-bbcb-bb50ff0e8e36:192.168.164.239:45096], old=null at 0
2019-10-15 16:29:34,425 [grpc-default-executor-4] INFO  impl.RaftServerImpl (ServerState.java:setRaftConf(357)) - cccd55fe-f481-4e2b-93ed-b6a86d13c378@group-F2FE1ED60945: set configuration 0: [c48d8dfa-9e66-4eac-9ff2-02281a99dfa9:192.168.164.239:41652, cccd55fe-f481-4e2b-93ed-b6a86d13c378:192.168.164.239:35771, 24ee8ff7-dd07-49e6-bbcb-bb50ff0e8e36:192.168.164.239:45096], old=null at 0
2019-10-15 16:29:34,425 [grpc-default-executor-0] INFO  segmented.SegmentedRaftLogWorker (SegmentedRaftLogWorker.java:truncate(401)) - 24ee8ff7-dd07-49e6-bbcb-bb50ff0e8e36@group-F2FE1ED60945-SegmentedRaftLogWorker: Truncating segments toTruncate: null
  toDelete: [(0, 0) isOpen? true, length=0, newEndIndex=-1], start index 0
2019-10-15 16:29:34,425 [grpc-default-executor-4] INFO  segmented.SegmentedRaftLogWorker (SegmentedRaftLogWorker.java:startLogSegment(385)) - cccd55fe-f481-4e2b-93ed-b6a86d13c378@group-F2FE1ED60945-SegmentedRaftLogWorker: Starting segment from index:0
2019-10-15 16:29:34,425 [grpc-default-executor-0] INFO  segmented.SegmentedRaftLogWorker (SegmentedRaftLogWorker.java:startLogSegment(385)) - 24ee8ff7-dd07-49e6-bbcb-bb50ff0e8e36@group-F2FE1ED60945-SegmentedRaftLogWorker: Starting segment from index:0
2019-10-15 16:29:34,425 [24ee8ff7-dd07-49e6-bbcb-bb50ff0e8e36@group-F2FE1ED60945-SegmentedRaftLogWorker] INFO  segmented.SegmentedRaftLogWorker (SegmentedRaftLogWorker.java:execute(640)) - 24ee8ff7-dd07-49e6-bbcb-bb50ff0e8e36@group-F2FE1ED60945-SegmentedRaftLogWorker: Deleted log file /workdir/hadoop-ozone/integration-test/target/test-dir/MiniOzoneClusterImpl-beab53a1-ec34-46da-8591-07ed803d9383/datanode-7/data/ratis/cc7a2a2f-f31d-4e37-8589-f2fe1ed60945/current/log_inprogress_0
2019-10-15 16:29:34,425 [24ee8ff7-dd07-49e6-bbcb-bb50ff0e8e36@group-F2FE1ED60945-SegmentedRaftLogWorker] INFO  segmented.SegmentedRaftLogWorker (SegmentedRaftLogWorker.java:lambda$new$0(128)) - 24ee8ff7-dd07-49e6-bbcb-bb50ff0e8e36@group-F2FE1ED60945-SegmentedRaftLogWorker: flushIndex: setUnconditionally 0 -> -1
2019-10-15 16:29:34,429 [b3806c56-f44f-4484-a72b-f9662a6f8cba@group-AF37DB7271F3-SegmentedRaftLogWorker] INFO  segmented.SegmentedRaftLogWorker (SegmentedRaftLogWorker.java:execute(576)) - b3806c56-f44f-4484-a72b-f9662a6f8cba@group-AF37DB7271F3-SegmentedRaftLogWorker: created new log segment /workdir/hadoop-ozone/integration-test/target/test-dir/MiniOzoneClusterImpl-beab53a1-ec34-46da-8591-07ed803d9383/datanode-0/data/ratis/7a21e33d-5546-44ce-b605-af37db7271f3/current/log_inprogress_0
2019-10-15 16:29:34,429 [6af1a5bd-f075-405e-b6a5-6d145eedd789@group-AF37DB7271F3-SegmentedRaftLogWorker] INFO  segmented.SegmentedRaftLogWorker (SegmentedRaftLogWorker.java:execute(576)) - 6af1a5bd-f075-405e-b6a5-6d145eedd789@group-AF37DB7271F3-SegmentedRaftLogWorker: created new log segment /workdir/hadoop-ozone/integration-test/target/test-dir/MiniOzoneClusterImpl-beab53a1-ec34-46da-8591-07ed803d9383/datanode-6/data/ratis/7a21e33d-5546-44ce-b605-af37db7271f3/current/log_inprogress_0
2019-10-15 16:29:34,431 [f5624850-682f-4ec5-bb5c-f79627fc299e@group-C25BD028928E-LeaderElection31] INFO  impl.LeaderElection (LeaderElection.java:logAndReturn(56)) - f5624850-682f-4ec5-bb5c-f79627fc299e@group-C25BD028928E-LeaderElection31: Election REJECTED; received 2 response(s) [f5624850-682f-4ec5-bb5c-f79627fc299e<-f581660d-af3d-4f5f-b57d-f4cb54f048b9#0:FAIL-t9, f5624850-682f-4ec5-bb5c-f79627fc299e<-14091fe6-d183-4b46-be93-2ba964a39c73#0:FAIL-t9] and 0 exception(s); f5624850-682f-4ec5-bb5c-f79627fc299e@group-C25BD028928E:t9, leader=null, voted=f5624850-682f-4ec5-bb5c-f79627fc299e, raftlog=f5624850-682f-4ec5-bb5c-f79627fc299e@group-C25BD028928E-SegmentedRaftLog:OPENED:c-1,f-1,i0, conf=-1: [f581660d-af3d-4f5f-b57d-f4cb54f048b9:192.168.164.239:42501, f5624850-682f-4ec5-bb5c-f79627fc299e:192.168.164.239:39499, 14091fe6-d183-4b46-be93-2ba964a39c73:192.168.164.239:34827], old=null
2019-10-15 16:29:34,431 [f5624850-682f-4ec5-bb5c-f79627fc299e@group-C25BD028928E-LeaderElection31] INFO  impl.RaftServerImpl (RaftServerImpl.java:setRole(184)) - f5624850-682f-4ec5-bb5c-f79627fc299e@group-C25BD028928E: changes role from CANDIDATE to FOLLOWER at term 9 for DISCOVERED_A_NEW_TERM
2019-10-15 16:29:34,431 [f5624850-682f-4ec5-bb5c-f79627fc299e@group-C25BD028928E-LeaderElection31] INFO  impl.RoleInfo (RoleInfo.java:shutdownLeaderElection(134)) - f5624850-682f-4ec5-bb5c-f79627fc299e: shutdown LeaderElection
2019-10-15 16:29:34,431 [f5624850-682f-4ec5-bb5c-f79627fc299e@group-C25BD028928E-LeaderElection31] INFO  impl.RoleInfo (RoleInfo.java:updateAndGet(143)) - f5624850-682f-4ec5-bb5c-f79627fc299e: start FollowerState
2019-10-15 16:29:34,455 [Thread-522] INFO  impl.FollowerState (FollowerState.java:run(108)) - f5624850-682f-4ec5-bb5c-f79627fc299e@group-C25BD028928E-FollowerState: change to CANDIDATE, lastRpcTime:23ms, electionTimeout:23ms
2019-10-15 16:29:34,458 [Thread-522] INFO  impl.RoleInfo (RoleInfo.java:shutdownFollowerState(121)) - f5624850-682f-4ec5-bb5c-f79627fc299e: shutdown FollowerState
2019-10-15 16:29:34,458 [Thread-522] INFO  impl.RaftServerImpl (RaftServerImpl.java:setRole(184)) - f5624850-682f-4ec5-bb5c-f79627fc299e@group-C25BD028928E: changes role from  FOLLOWER to CANDIDATE at term 9 for changeToCandidate
2019-10-15 16:29:34,458 [Thread-522] INFO  impl.RoleInfo (RoleInfo.java:updateAndGet(143)) - f5624850-682f-4ec5-bb5c-f79627fc299e: start LeaderElection
2019-10-15 16:29:34,471 [cccd55fe-f481-4e2b-93ed-b6a86d13c378@group-F2FE1ED60945-SegmentedRaftLogWorker] INFO  segmented.SegmentedRaftLogWorker (SegmentedRaftLogWorker.java:execute(576)) - cccd55fe-f481-4e2b-93ed-b6a86d13c378@group-F2FE1ED60945-SegmentedRaftLogWorker: created new log segment /workdir/hadoop-ozone/integration-test/target/test-dir/MiniOzoneClusterImpl-beab53a1-ec34-46da-8591-07ed803d9383/datanode-2/data/ratis/cc7a2a2f-f31d-4e37-8589-f2fe1ed60945/current/log_inprogress_0
2019-10-15 16:29:34,471 [c48d8dfa-9e66-4eac-9ff2-02281a99dfa9@group-F2FE1ED60945-SegmentedRaftLogWorker] INFO  segmented.SegmentedRaftLogWorker (SegmentedRaftLogWorker.java:execute(576)) - c48d8dfa-9e66-4eac-9ff2-02281a99dfa9@group-F2FE1ED60945-SegmentedRaftLogWorker: created new log segment /workdir/hadoop-ozone/integration-test/target/test-dir/MiniOzoneClusterImpl-beab53a1-ec34-46da-8591-07ed803d9383/datanode-3/data/ratis/cc7a2a2f-f31d-4e37-8589-f2fe1ed60945/current/log_inprogress_0
2019-10-15 16:29:34,471 [24ee8ff7-dd07-49e6-bbcb-bb50ff0e8e36@group-F2FE1ED60945-SegmentedRaftLogWorker] INFO  segmented.SegmentedRaftLogWorker (SegmentedRaftLogWorker.java:execute(576)) - 24ee8ff7-dd07-49e6-bbcb-bb50ff0e8e36@group-F2FE1ED60945-SegmentedRaftLogWorker: created new log segment /workdir/hadoop-ozone/integration-test/target/test-dir/MiniOzoneClusterImpl-beab53a1-ec34-46da-8591-07ed803d9383/datanode-7/data/ratis/cc7a2a2f-f31d-4e37-8589-f2fe1ed60945/current/log_inprogress_0
2019-10-15 16:29:34,488 [f5624850-682f-4ec5-bb5c-f79627fc299e@group-C25BD028928E-LeaderElection32] INFO  impl.LeaderElection (LeaderElection.java:askForVotes(178)) - f5624850-682f-4ec5-bb5c-f79627fc299e@group-C25BD028928E-LeaderElection32: begin an election at term 10 for -1: [f581660d-af3d-4f5f-b57d-f4cb54f048b9:192.168.164.239:42501, f5624850-682f-4ec5-bb5c-f79627fc299e:192.168.164.239:39499, 14091fe6-d183-4b46-be93-2ba964a39c73:192.168.164.239:34827], old=null
2019-10-15 16:29:34,491 [grpc-default-executor-10] INFO  impl.RaftServerImpl (RaftServerImpl.java:setRole(184)) - 14091fe6-d183-4b46-be93-2ba964a39c73@group-C25BD028928E: changes role from  FOLLOWER to FOLLOWER at term 10 for recognizeCandidate:f5624850-682f-4ec5-bb5c-f79627fc299e
2019-10-15 16:29:34,491 [grpc-default-executor-1] INFO  impl.RaftServerImpl (RaftServerImpl.java:setRole(184)) - f581660d-af3d-4f5f-b57d-f4cb54f048b9@group-C25BD028928E: changes role from  FOLLOWER to FOLLOWER at term 10 for recognizeCandidate:f5624850-682f-4ec5-bb5c-f79627fc299e
2019-10-15 16:29:34,491 [grpc-default-executor-10] INFO  impl.RoleInfo (RoleInfo.java:shutdownFollowerState(121)) - 14091fe6-d183-4b46-be93-2ba964a39c73: shutdown FollowerState
2019-10-15 16:29:34,492 [grpc-default-executor-1] INFO  impl.RoleInfo (RoleInfo.java:shutdownFollowerState(121)) - f581660d-af3d-4f5f-b57d-f4cb54f048b9: shutdown FollowerState
2019-10-15 16:29:34,492 [grpc-default-executor-10] INFO  impl.RoleInfo (RoleInfo.java:updateAndGet(143)) - 14091fe6-d183-4b46-be93-2ba964a39c73: start FollowerState
2019-10-15 16:29:34,492 [Thread-515] INFO  impl.FollowerState (FollowerState.java:run(117)) - f581660d-af3d-4f5f-b57d-f4cb54f048b9@group-C25BD028928E-FollowerState was interrupted: java.lang.InterruptedException: sleep interrupted
2019-10-15 16:29:34,492 [grpc-default-executor-1] INFO  impl.RoleInfo (RoleInfo.java:updateAndGet(143)) - f581660d-af3d-4f5f-b57d-f4cb54f048b9: start FollowerState
2019-10-15 16:29:34,492 [Thread-514] INFO  impl.FollowerState (FollowerState.java:run(117)) - 14091fe6-d183-4b46-be93-2ba964a39c73@group-C25BD028928E-FollowerState was interrupted: java.lang.InterruptedException: sleep interrupted
2019-10-15 16:29:34,515 [f5624850-682f-4ec5-bb5c-f79627fc299e@group-C25BD028928E-LeaderElection32] INFO  impl.LeaderElection (LeaderElection.java:logAndReturn(56)) - f5624850-682f-4ec5-bb5c-f79627fc299e@group-C25BD028928E-LeaderElection32: Election REJECTED; received 2 response(s) [f5624850-682f-4ec5-bb5c-f79627fc299e<-f581660d-af3d-4f5f-b57d-f4cb54f048b9#0:FAIL-t10, f5624850-682f-4ec5-bb5c-f79627fc299e<-14091fe6-d183-4b46-be93-2ba964a39c73#0:FAIL-t10] and 0 exception(s); f5624850-682f-4ec5-bb5c-f79627fc299e@group-C25BD028928E:t10, leader=null, voted=f5624850-682f-4ec5-bb5c-f79627fc299e, raftlog=f5624850-682f-4ec5-bb5c-f79627fc299e@group-C25BD028928E-SegmentedRaftLog:OPENED:c-1,f-1,i0, conf=-1: [f581660d-af3d-4f5f-b57d-f4cb54f048b9:192.168.164.239:42501, f5624850-682f-4ec5-bb5c-f79627fc299e:192.168.164.239:39499, 14091fe6-d183-4b46-be93-2ba964a39c73:192.168.164.239:34827], old=null
2019-10-15 16:29:34,515 [f5624850-682f-4ec5-bb5c-f79627fc299e@group-C25BD028928E-LeaderElection32] INFO  impl.RaftServerImpl (RaftServerImpl.java:setRole(184)) - f5624850-682f-4ec5-bb5c-f79627fc299e@group-C25BD028928E: changes role from CANDIDATE to FOLLOWER at term 10 for DISCOVERED_A_NEW_TERM
2019-10-15 16:29:34,516 [f5624850-682f-4ec5-bb5c-f79627fc299e@group-C25BD028928E-LeaderElection32] INFO  impl.RoleInfo (RoleInfo.java:shutdownLeaderElection(134)) - f5624850-682f-4ec5-bb5c-f79627fc299e: shutdown LeaderElection
2019-10-15 16:29:34,516 [f5624850-682f-4ec5-bb5c-f79627fc299e@group-C25BD028928E-LeaderElection32] INFO  impl.RoleInfo (RoleInfo.java:updateAndGet(143)) - f5624850-682f-4ec5-bb5c-f79627fc299e: start FollowerState
2019-10-15 16:29:34,529 [main] INFO  impl.MetricsSystemImpl (MetricsSystemImpl.java:init(158)) - XceiverClientMetrics metrics system started (again)
2019-10-15 16:29:34,693 [Thread-532] INFO  impl.FollowerState (FollowerState.java:run(108)) - f5624850-682f-4ec5-bb5c-f79627fc299e@group-C25BD028928E-FollowerState: change to CANDIDATE, lastRpcTime:177ms, electionTimeout:177ms
2019-10-15 16:29:34,694 [Thread-532] INFO  impl.RoleInfo (RoleInfo.java:shutdownFollowerState(121)) - f5624850-682f-4ec5-bb5c-f79627fc299e: shutdown FollowerState
2019-10-15 16:29:34,694 [Thread-532] INFO  impl.RaftServerImpl (RaftServerImpl.java:setRole(184)) - f5624850-682f-4ec5-bb5c-f79627fc299e@group-C25BD028928E: changes role from  FOLLOWER to CANDIDATE at term 10 for changeToCandidate
2019-10-15 16:29:34,694 [Thread-532] INFO  impl.RoleInfo (RoleInfo.java:updateAndGet(143)) - f5624850-682f-4ec5-bb5c-f79627fc299e: start LeaderElection
2019-10-15 16:29:34,722 [f5624850-682f-4ec5-bb5c-f79627fc299e@group-C25BD028928E-LeaderElection33] INFO  impl.LeaderElection (LeaderElection.java:askForVotes(178)) - f5624850-682f-4ec5-bb5c-f79627fc299e@group-C25BD028928E-LeaderElection33: begin an election at term 11 for -1: [f581660d-af3d-4f5f-b57d-f4cb54f048b9:192.168.164.239:42501, f5624850-682f-4ec5-bb5c-f79627fc299e:192.168.164.239:39499, 14091fe6-d183-4b46-be93-2ba964a39c73:192.168.164.239:34827], old=null
2019-10-15 16:29:34,726 [grpc-default-executor-1] INFO  impl.RaftServerImpl (RaftServerImpl.java:setRole(184)) - 14091fe6-d183-4b46-be93-2ba964a39c73@group-C25BD028928E: changes role from  FOLLOWER to FOLLOWER at term 11 for recognizeCandidate:f5624850-682f-4ec5-bb5c-f79627fc299e
2019-10-15 16:29:34,726 [grpc-default-executor-1] INFO  impl.RoleInfo (RoleInfo.java:shutdownFollowerState(121)) - 14091fe6-d183-4b46-be93-2ba964a39c73: shutdown FollowerState
2019-10-15 16:29:34,726 [grpc-default-executor-10] INFO  impl.RaftServerImpl (RaftServerImpl.java:setRole(184)) - f581660d-af3d-4f5f-b57d-f4cb54f048b9@group-C25BD028928E: changes role from  FOLLOWER to FOLLOWER at term 11 for recognizeCandidate:f5624850-682f-4ec5-bb5c-f79627fc299e
2019-10-15 16:29:34,726 [Thread-530] INFO  impl.FollowerState (FollowerState.java:run(117)) - 14091fe6-d183-4b46-be93-2ba964a39c73@group-C25BD028928E-FollowerState was interrupted: java.lang.InterruptedException: sleep interrupted
2019-10-15 16:29:34,726 [grpc-default-executor-1] INFO  impl.RoleInfo (RoleInfo.java:updateAndGet(143)) - 14091fe6-d183-4b46-be93-2ba964a39c73: start FollowerState
2019-10-15 16:29:34,726 [grpc-default-executor-10] INFO  impl.RoleInfo (RoleInfo.java:shutdownFollowerState(121)) - f581660d-af3d-4f5f-b57d-f4cb54f048b9: shutdown FollowerState
2019-10-15 16:29:34,727 [grpc-default-executor-10] INFO  impl.RoleInfo (RoleInfo.java:updateAndGet(143)) - f581660d-af3d-4f5f-b57d-f4cb54f048b9: start FollowerState
2019-10-15 16:29:34,727 [Thread-531] INFO  impl.FollowerState (FollowerState.java:run(117)) - f581660d-af3d-4f5f-b57d-f4cb54f048b9@group-C25BD028928E-FollowerState was interrupted: java.lang.InterruptedException: sleep interrupted
2019-10-15 16:29:34,758 [f5624850-682f-4ec5-bb5c-f79627fc299e@group-C25BD028928E-LeaderElection33] INFO  impl.LeaderElection (LeaderElection.java:logAndReturn(56)) - f5624850-682f-4ec5-bb5c-f79627fc299e@group-C25BD028928E-LeaderElection33: Election REJECTED; received 2 response(s) [f5624850-682f-4ec5-bb5c-f79627fc299e<-f581660d-af3d-4f5f-b57d-f4cb54f048b9#0:FAIL-t11, f5624850-682f-4ec5-bb5c-f79627fc299e<-14091fe6-d183-4b46-be93-2ba964a39c73#0:FAIL-t11] and 0 exception(s); f5624850-682f-4ec5-bb5c-f79627fc299e@group-C25BD028928E:t11, leader=null, voted=f5624850-682f-4ec5-bb5c-f79627fc299e, raftlog=f5624850-682f-4ec5-bb5c-f79627fc299e@group-C25BD028928E-SegmentedRaftLog:OPENED:c-1,f-1,i0, conf=-1: [f581660d-af3d-4f5f-b57d-f4cb54f048b9:192.168.164.239:42501, f5624850-682f-4ec5-bb5c-f79627fc299e:192.168.164.239:39499, 14091fe6-d183-4b46-be93-2ba964a39c73:192.168.164.239:34827], old=null
2019-10-15 16:29:34,758 [f5624850-682f-4ec5-bb5c-f79627fc299e@group-C25BD028928E-LeaderElection33] INFO  impl.RaftServerImpl (RaftServerImpl.java:setRole(184)) - f5624850-682f-4ec5-bb5c-f79627fc299e@group-C25BD028928E: changes role from CANDIDATE to FOLLOWER at term 11 for DISCOVERED_A_NEW_TERM
2019-10-15 16:29:34,758 [f5624850-682f-4ec5-bb5c-f79627fc299e@group-C25BD028928E-LeaderElection33] INFO  impl.RoleInfo (RoleInfo.java:shutdownLeaderElection(134)) - f5624850-682f-4ec5-bb5c-f79627fc299e: shutdown LeaderElection
2019-10-15 16:29:34,758 [f5624850-682f-4ec5-bb5c-f79627fc299e@group-C25BD028928E-LeaderElection33] INFO  impl.RoleInfo (RoleInfo.java:updateAndGet(143)) - f5624850-682f-4ec5-bb5c-f79627fc299e: start FollowerState
2019-10-15 16:29:34,826 [Thread-541] INFO  impl.FollowerState (FollowerState.java:run(108)) - f5624850-682f-4ec5-bb5c-f79627fc299e@group-C25BD028928E-FollowerState: change to CANDIDATE, lastRpcTime:67ms, electionTimeout:67ms
2019-10-15 16:29:34,828 [Thread-541] INFO  impl.RoleInfo (RoleInfo.java:shutdownFollowerState(121)) - f5624850-682f-4ec5-bb5c-f79627fc299e: shutdown FollowerState
2019-10-15 16:29:34,828 [Thread-541] INFO  impl.RaftServerImpl (RaftServerImpl.java:setRole(184)) - f5624850-682f-4ec5-bb5c-f79627fc299e@group-C25BD028928E: changes role from  FOLLOWER to CANDIDATE at term 11 for changeToCandidate
2019-10-15 16:29:34,828 [Thread-541] INFO  impl.RoleInfo (RoleInfo.java:updateAndGet(143)) - f5624850-682f-4ec5-bb5c-f79627fc299e: start LeaderElection
2019-10-15 16:29:34,856 [f5624850-682f-4ec5-bb5c-f79627fc299e@group-C25BD028928E-LeaderElection34] INFO  impl.LeaderElection (LeaderElection.java:askForVotes(178)) - f5624850-682f-4ec5-bb5c-f79627fc299e@group-C25BD028928E-LeaderElection34: begin an election at term 12 for -1: [f581660d-af3d-4f5f-b57d-f4cb54f048b9:192.168.164.239:42501, f5624850-682f-4ec5-bb5c-f79627fc299e:192.168.164.239:39499, 14091fe6-d183-4b46-be93-2ba964a39c73:192.168.164.239:34827], old=null
2019-10-15 16:29:34,862 [grpc-default-executor-1] INFO  impl.RaftServerImpl (RaftServerImpl.java:setRole(184)) - 14091fe6-d183-4b46-be93-2ba964a39c73@group-C25BD028928E: changes role from  FOLLOWER to FOLLOWER at term 12 for recognizeCandidate:f5624850-682f-4ec5-bb5c-f79627fc299e
2019-10-15 16:29:34,862 [grpc-default-executor-10] INFO  impl.RaftServerImpl (RaftServerImpl.java:setRole(184)) - f581660d-af3d-4f5f-b57d-f4cb54f048b9@group-C25BD028928E: changes role from  FOLLOWER to FOLLOWER at term 12 for recognizeCandidate:f5624850-682f-4ec5-bb5c-f79627fc299e
2019-10-15 16:29:34,862 [grpc-default-executor-1] INFO  impl.RoleInfo (RoleInfo.java:shutdownFollowerState(121)) - 14091fe6-d183-4b46-be93-2ba964a39c73: shutdown FollowerState
2019-10-15 16:29:34,862 [grpc-default-executor-10] INFO  impl.RoleInfo (RoleInfo.java:shutdownFollowerState(121)) - f581660d-af3d-4f5f-b57d-f4cb54f048b9: shutdown FollowerState
2019-10-15 16:29:34,862 [Thread-539] INFO  impl.FollowerState (FollowerState.java:run(117)) - 14091fe6-d183-4b46-be93-2ba964a39c73@group-C25BD028928E-FollowerState was interrupted: java.lang.InterruptedException: sleep interrupted
2019-10-15 16:29:34,862 [grpc-default-executor-1] INFO  impl.RoleInfo (RoleInfo.java:updateAndGet(143)) - 14091fe6-d183-4b46-be93-2ba964a39c73: start FollowerState
2019-10-15 16:29:34,863 [grpc-default-executor-10] INFO  impl.RoleInfo (RoleInfo.java:updateAndGet(143)) - f581660d-af3d-4f5f-b57d-f4cb54f048b9: start FollowerState
2019-10-15 16:29:34,863 [Thread-540] INFO  impl.FollowerState (FollowerState.java:run(117)) - f581660d-af3d-4f5f-b57d-f4cb54f048b9@group-C25BD028928E-FollowerState was interrupted: java.lang.InterruptedException: sleep interrupted
2019-10-15 16:29:34,892 [f5624850-682f-4ec5-bb5c-f79627fc299e@group-C25BD028928E-LeaderElection34] INFO  impl.LeaderElection (LeaderElection.java:logAndReturn(56)) - f5624850-682f-4ec5-bb5c-f79627fc299e@group-C25BD028928E-LeaderElection34: Election REJECTED; received 2 response(s) [f5624850-682f-4ec5-bb5c-f79627fc299e<-f581660d-af3d-4f5f-b57d-f4cb54f048b9#0:FAIL-t12, f5624850-682f-4ec5-bb5c-f79627fc299e<-14091fe6-d183-4b46-be93-2ba964a39c73#0:FAIL-t12] and 0 exception(s); f5624850-682f-4ec5-bb5c-f79627fc299e@group-C25BD028928E:t12, leader=null, voted=f5624850-682f-4ec5-bb5c-f79627fc299e, raftlog=f5624850-682f-4ec5-bb5c-f79627fc299e@group-C25BD028928E-SegmentedRaftLog:OPENED:c-1,f-1,i0, conf=-1: [f581660d-af3d-4f5f-b57d-f4cb54f048b9:192.168.164.239:42501, f5624850-682f-4ec5-bb5c-f79627fc299e:192.168.164.239:39499, 14091fe6-d183-4b46-be93-2ba964a39c73:192.168.164.239:34827], old=null
2019-10-15 16:29:34,892 [f5624850-682f-4ec5-bb5c-f79627fc299e@group-C25BD028928E-LeaderElection34] INFO  impl.RaftServerImpl (RaftServerImpl.java:setRole(184)) - f5624850-682f-4ec5-bb5c-f79627fc299e@group-C25BD028928E: changes role from CANDIDATE to FOLLOWER at term 12 for DISCOVERED_A_NEW_TERM
2019-10-15 16:29:34,892 [f5624850-682f-4ec5-bb5c-f79627fc299e@group-C25BD028928E-LeaderElection34] INFO  impl.RoleInfo (RoleInfo.java:shutdownLeaderElection(134)) - f5624850-682f-4ec5-bb5c-f79627fc299e: shutdown LeaderElection
2019-10-15 16:29:34,893 [f5624850-682f-4ec5-bb5c-f79627fc299e@group-C25BD028928E-LeaderElection34] INFO  impl.RoleInfo (RoleInfo.java:updateAndGet(143)) - f5624850-682f-4ec5-bb5c-f79627fc299e: start FollowerState
2019-10-15 16:29:35,061 [Thread-547] INFO  impl.FollowerState (FollowerState.java:run(108)) - f5624850-682f-4ec5-bb5c-f79627fc299e@group-C25BD028928E-FollowerState: change to CANDIDATE, lastRpcTime:168ms, electionTimeout:168ms
2019-10-15 16:29:35,065 [Thread-547] INFO  impl.RoleInfo (RoleInfo.java:shutdownFollowerState(121)) - f5624850-682f-4ec5-bb5c-f79627fc299e: shutdown FollowerState
2019-10-15 16:29:35,065 [Thread-547] INFO  impl.RaftServerImpl (RaftServerImpl.java:setRole(184)) - f5624850-682f-4ec5-bb5c-f79627fc299e@group-C25BD028928E: changes role from  FOLLOWER to CANDIDATE at term 12 for changeToCandidate
2019-10-15 16:29:35,065 [Thread-547] INFO  impl.RoleInfo (RoleInfo.java:updateAndGet(143)) - f5624850-682f-4ec5-bb5c-f79627fc299e: start LeaderElection
2019-10-15 16:29:35,099 [f5624850-682f-4ec5-bb5c-f79627fc299e@group-C25BD028928E-LeaderElection35] INFO  impl.LeaderElection (LeaderElection.java:askForVotes(178)) - f5624850-682f-4ec5-bb5c-f79627fc299e@group-C25BD028928E-LeaderElection35: begin an election at term 13 for -1: [f581660d-af3d-4f5f-b57d-f4cb54f048b9:192.168.164.239:42501, f5624850-682f-4ec5-bb5c-f79627fc299e:192.168.164.239:39499, 14091fe6-d183-4b46-be93-2ba964a39c73:192.168.164.239:34827], old=null
2019-10-15 16:29:35,102 [grpc-default-executor-10] INFO  impl.RaftServerImpl (RaftServerImpl.java:setRole(184)) - 14091fe6-d183-4b46-be93-2ba964a39c73@group-C25BD028928E: changes role from  FOLLOWER to FOLLOWER at term 13 for recognizeCandidate:f5624850-682f-4ec5-bb5c-f79627fc299e
2019-10-15 16:29:35,103 [grpc-default-executor-1] INFO  impl.RaftServerImpl (RaftServerImpl.java:setRole(184)) - f581660d-af3d-4f5f-b57d-f4cb54f048b9@group-C25BD028928E: changes role from  FOLLOWER to FOLLOWER at term 13 for recognizeCandidate:f5624850-682f-4ec5-bb5c-f79627fc299e
2019-10-15 16:29:35,103 [grpc-default-executor-10] INFO  impl.RoleInfo (RoleInfo.java:shutdownFollowerState(121)) - 14091fe6-d183-4b46-be93-2ba964a39c73: shutdown FollowerState
2019-10-15 16:29:35,103 [grpc-default-executor-1] INFO  impl.RoleInfo (RoleInfo.java:shutdownFollowerState(121)) - f581660d-af3d-4f5f-b57d-f4cb54f048b9: shutdown FollowerState
2019-10-15 16:29:35,103 [grpc-default-executor-10] INFO  impl.RoleInfo (RoleInfo.java:updateAndGet(143)) - 14091fe6-d183-4b46-be93-2ba964a39c73: start FollowerState
2019-10-15 16:29:35,103 [Thread-546] INFO  impl.FollowerState (FollowerState.java:run(117)) - f581660d-af3d-4f5f-b57d-f4cb54f048b9@group-C25BD028928E-FollowerState was interrupted: java.lang.InterruptedException: sleep interrupted
2019-10-15 16:29:35,103 [grpc-default-executor-1] INFO  impl.RoleInfo (RoleInfo.java:updateAndGet(143)) - f581660d-af3d-4f5f-b57d-f4cb54f048b9: start FollowerState
2019-10-15 16:29:35,103 [Thread-545] INFO  impl.FollowerState (FollowerState.java:run(117)) - 14091fe6-d183-4b46-be93-2ba964a39c73@group-C25BD028928E-FollowerState was interrupted: java.lang.InterruptedException: sleep interrupted
2019-10-15 16:29:35,134 [f5624850-682f-4ec5-bb5c-f79627fc299e@group-C25BD028928E-LeaderElection35] INFO  impl.LeaderElection (LeaderElection.java:logAndReturn(56)) - f5624850-682f-4ec5-bb5c-f79627fc299e@group-C25BD028928E-LeaderElection35: Election REJECTED; received 2 response(s) [f5624850-682f-4ec5-bb5c-f79627fc299e<-f581660d-af3d-4f5f-b57d-f4cb54f048b9#0:FAIL-t13, f5624850-682f-4ec5-bb5c-f79627fc299e<-14091fe6-d183-4b46-be93-2ba964a39c73#0:FAIL-t13] and 0 exception(s); f5624850-682f-4ec5-bb5c-f79627fc299e@group-C25BD028928E:t13, leader=null, voted=f5624850-682f-4ec5-bb5c-f79627fc299e, raftlog=f5624850-682f-4ec5-bb5c-f79627fc299e@group-C25BD028928E-SegmentedRaftLog:OPENED:c-1,f-1,i0, conf=-1: [f581660d-af3d-4f5f-b57d-f4cb54f048b9:192.168.164.239:42501, f5624850-682f-4ec5-bb5c-f79627fc299e:192.168.164.239:39499, 14091fe6-d183-4b46-be93-2ba964a39c73:192.168.164.239:34827], old=null
2019-10-15 16:29:35,135 [f5624850-682f-4ec5-bb5c-f79627fc299e@group-C25BD028928E-LeaderElection35] INFO  impl.RaftServerImpl (RaftServerImpl.java:setRole(184)) - f5624850-682f-4ec5-bb5c-f79627fc299e@group-C25BD028928E: changes role from CANDIDATE to FOLLOWER at term 13 for DISCOVERED_A_NEW_TERM
2019-10-15 16:29:35,135 [f5624850-682f-4ec5-bb5c-f79627fc299e@group-C25BD028928E-LeaderElection35] INFO  impl.RoleInfo (RoleInfo.java:shutdownLeaderElection(134)) - f5624850-682f-4ec5-bb5c-f79627fc299e: shutdown LeaderElection
2019-10-15 16:29:35,135 [f5624850-682f-4ec5-bb5c-f79627fc299e@group-C25BD028928E-LeaderElection35] INFO  impl.RoleInfo (RoleInfo.java:updateAndGet(143)) - f5624850-682f-4ec5-bb5c-f79627fc299e: start FollowerState
2019-10-15 16:29:35,155 [Thread-557] INFO  impl.FollowerState (FollowerState.java:run(108)) - f5624850-682f-4ec5-bb5c-f79627fc299e@group-C25BD028928E-FollowerState: change to CANDIDATE, lastRpcTime:20ms, electionTimeout:20ms
2019-10-15 16:29:35,158 [Thread-557] INFO  impl.RoleInfo (RoleInfo.java:shutdownFollowerState(121)) - f5624850-682f-4ec5-bb5c-f79627fc299e: shutdown FollowerState
2019-10-15 16:29:35,158 [Thread-557] INFO  impl.RaftServerImpl (RaftServerImpl.java:setRole(184)) - f5624850-682f-4ec5-bb5c-f79627fc299e@group-C25BD028928E: changes role from  FOLLOWER to CANDIDATE at term 13 for changeToCandidate
2019-10-15 16:29:35,159 [Thread-557] INFO  impl.RoleInfo (RoleInfo.java:updateAndGet(143)) - f5624850-682f-4ec5-bb5c-f79627fc299e: start LeaderElection
2019-10-15 16:29:35,183 [f5624850-682f-4ec5-bb5c-f79627fc299e@group-C25BD028928E-LeaderElection36] INFO  impl.LeaderElection (LeaderElection.java:askForVotes(178)) - f5624850-682f-4ec5-bb5c-f79627fc299e@group-C25BD028928E-LeaderElection36: begin an election at term 14 for -1: [f581660d-af3d-4f5f-b57d-f4cb54f048b9:192.168.164.239:42501, f5624850-682f-4ec5-bb5c-f79627fc299e:192.168.164.239:39499, 14091fe6-d183-4b46-be93-2ba964a39c73:192.168.164.239:34827], old=null
2019-10-15 16:29:35,187 [grpc-default-executor-10] INFO  impl.RaftServerImpl (RaftServerImpl.java:setRole(184)) - 14091fe6-d183-4b46-be93-2ba964a39c73@group-C25BD028928E: changes role from  FOLLOWER to FOLLOWER at term 14 for recognizeCandidate:f5624850-682f-4ec5-bb5c-f79627fc299e
2019-10-15 16:29:35,187 [grpc-default-executor-1] INFO  impl.RaftServerImpl (RaftServerImpl.java:setRole(184)) - f581660d-af3d-4f5f-b57d-f4cb54f048b9@group-C25BD028928E: changes role from  FOLLOWER to FOLLOWER at term 14 for recognizeCandidate:f5624850-682f-4ec5-bb5c-f79627fc299e
2019-10-15 16:29:35,187 [grpc-default-executor-10] INFO  impl.RoleInfo (RoleInfo.java:shutdownFollowerState(121)) - 14091fe6-d183-4b46-be93-2ba964a39c73: shutdown FollowerState
2019-10-15 16:29:35,187 [grpc-default-executor-1] INFO  impl.RoleInfo (RoleInfo.java:shutdownFollowerState(121)) - f581660d-af3d-4f5f-b57d-f4cb54f048b9: shutdown FollowerState
2019-10-15 16:29:35,187 [grpc-default-executor-10] INFO  impl.RoleInfo (RoleInfo.java:updateAndGet(143)) - 14091fe6-d183-4b46-be93-2ba964a39c73: start FollowerState
2019-10-15 16:29:35,187 [Thread-555] INFO  impl.FollowerState (FollowerState.java:run(117)) - 14091fe6-d183-4b46-be93-2ba964a39c73@group-C25BD028928E-FollowerState was interrupted: java.lang.InterruptedException: sleep interrupted
2019-10-15 16:29:35,187 [Thread-556] INFO  impl.FollowerState (FollowerState.java:run(117)) - f581660d-af3d-4f5f-b57d-f4cb54f048b9@group-C25BD028928E-FollowerState was interrupted: java.lang.InterruptedException: sleep interrupted
2019-10-15 16:29:35,187 [grpc-default-executor-1] INFO  impl.RoleInfo (RoleInfo.java:updateAndGet(143)) - f581660d-af3d-4f5f-b57d-f4cb54f048b9: start FollowerState
2019-10-15 16:29:35,217 [f5624850-682f-4ec5-bb5c-f79627fc299e@group-C25BD028928E-LeaderElection36] INFO  impl.LeaderElection (LeaderElection.java:logAndReturn(56)) - f5624850-682f-4ec5-bb5c-f79627fc299e@group-C25BD028928E-LeaderElection36: Election TIMEOUT; received 0 response(s) [] and 0 exception(s); f5624850-682f-4ec5-bb5c-f79627fc299e@group-C25BD028928E:t14, leader=null, voted=f5624850-682f-4ec5-bb5c-f79627fc299e, raftlog=f5624850-682f-4ec5-bb5c-f79627fc299e@group-C25BD028928E-SegmentedRaftLog:OPENED:c-1,f-1,i0, conf=-1: [f581660d-af3d-4f5f-b57d-f4cb54f048b9:192.168.164.239:42501, f5624850-682f-4ec5-bb5c-f79627fc299e:192.168.164.239:39499, 14091fe6-d183-4b46-be93-2ba964a39c73:192.168.164.239:34827], old=null
2019-10-15 16:29:35,242 [f5624850-682f-4ec5-bb5c-f79627fc299e@group-C25BD028928E-LeaderElection36] INFO  impl.LeaderElection (LeaderElection.java:askForVotes(178)) - f5624850-682f-4ec5-bb5c-f79627fc299e@group-C25BD028928E-LeaderElection36: begin an election at term 15 for -1: [f581660d-af3d-4f5f-b57d-f4cb54f048b9:192.168.164.239:42501, f5624850-682f-4ec5-bb5c-f79627fc299e:192.168.164.239:39499, 14091fe6-d183-4b46-be93-2ba964a39c73:192.168.164.239:34827], old=null
2019-10-15 16:29:35,245 [grpc-default-executor-1] INFO  impl.RaftServerImpl (RaftServerImpl.java:setRole(184)) - 14091fe6-d183-4b46-be93-2ba964a39c73@group-C25BD028928E: changes role from  FOLLOWER to FOLLOWER at term 15 for recognizeCandidate:f5624850-682f-4ec5-bb5c-f79627fc299e
2019-10-15 16:29:35,245 [grpc-default-executor-10] INFO  impl.RaftServerImpl (RaftServerImpl.java:setRole(184)) - f581660d-af3d-4f5f-b57d-f4cb54f048b9@group-C25BD028928E: changes role from  FOLLOWER to FOLLOWER at term 15 for recognizeCandidate:f5624850-682f-4ec5-bb5c-f79627fc299e
2019-10-15 16:29:35,248 [grpc-default-executor-1] INFO  impl.RoleInfo (RoleInfo.java:shutdownFollowerState(121)) - 14091fe6-d183-4b46-be93-2ba964a39c73: shutdown FollowerState
2019-10-15 16:29:35,248 [grpc-default-executor-10] INFO  impl.RoleInfo (RoleInfo.java:shutdownFollowerState(121)) - f581660d-af3d-4f5f-b57d-f4cb54f048b9: shutdown FollowerState
2019-10-15 16:29:35,249 [grpc-default-executor-1] INFO  impl.RoleInfo (RoleInfo.java:updateAndGet(143)) - 14091fe6-d183-4b46-be93-2ba964a39c73: start FollowerState
2019-10-15 16:29:35,249 [Thread-561] INFO  impl.FollowerState (FollowerState.java:run(117)) - 14091fe6-d183-4b46-be93-2ba964a39c73@group-C25BD028928E-FollowerState was interrupted: java.lang.InterruptedException: sleep interrupted
2019-10-15 16:29:35,249 [grpc-default-executor-10] INFO  impl.RoleInfo (RoleInfo.java:updateAndGet(143)) - f581660d-af3d-4f5f-b57d-f4cb54f048b9: start FollowerState
2019-10-15 16:29:35,249 [Thread-562] INFO  impl.FollowerState (FollowerState.java:run(117)) - f581660d-af3d-4f5f-b57d-f4cb54f048b9@group-C25BD028928E-FollowerState was interrupted: java.lang.InterruptedException: sleep interrupted
2019-10-15 16:29:35,277 [f5624850-682f-4ec5-bb5c-f79627fc299e@group-C25BD028928E-LeaderElection36] INFO  impl.LeaderElection (LeaderElection.java:logAndReturn(56)) - f5624850-682f-4ec5-bb5c-f79627fc299e@group-C25BD028928E-LeaderElection36: Election REJECTED; received 2 response(s) [f5624850-682f-4ec5-bb5c-f79627fc299e<-f581660d-af3d-4f5f-b57d-f4cb54f048b9#0:FAIL-t15, f5624850-682f-4ec5-bb5c-f79627fc299e<-14091fe6-d183-4b46-be93-2ba964a39c73#0:FAIL-t15] and 0 exception(s); f5624850-682f-4ec5-bb5c-f79627fc299e@group-C25BD028928E:t15, leader=null, voted=f5624850-682f-4ec5-bb5c-f79627fc299e, raftlog=f5624850-682f-4ec5-bb5c-f79627fc299e@group-C25BD028928E-SegmentedRaftLog:OPENED:c-1,f-1,i0, conf=-1: [f581660d-af3d-4f5f-b57d-f4cb54f048b9:192.168.164.239:42501, f5624850-682f-4ec5-bb5c-f79627fc299e:192.168.164.239:39499, 14091fe6-d183-4b46-be93-2ba964a39c73:192.168.164.239:34827], old=null
2019-10-15 16:29:35,277 [f5624850-682f-4ec5-bb5c-f79627fc299e@group-C25BD028928E-LeaderElection36] INFO  impl.RaftServerImpl (RaftServerImpl.java:setRole(184)) - f5624850-682f-4ec5-bb5c-f79627fc299e@group-C25BD028928E: changes role from CANDIDATE to FOLLOWER at term 15 for DISCOVERED_A_NEW_TERM
2019-10-15 16:29:35,277 [f5624850-682f-4ec5-bb5c-f79627fc299e@group-C25BD028928E-LeaderElection36] INFO  impl.RoleInfo (RoleInfo.java:shutdownLeaderElection(134)) - f5624850-682f-4ec5-bb5c-f79627fc299e: shutdown LeaderElection
2019-10-15 16:29:35,278 [f5624850-682f-4ec5-bb5c-f79627fc299e@group-C25BD028928E-LeaderElection36] INFO  impl.RoleInfo (RoleInfo.java:updateAndGet(143)) - f5624850-682f-4ec5-bb5c-f79627fc299e: start FollowerState
2019-10-15 16:29:35,405 [Thread-567] INFO  impl.FollowerState (FollowerState.java:run(108)) - f5624850-682f-4ec5-bb5c-f79627fc299e@group-C25BD028928E-FollowerState: change to CANDIDATE, lastRpcTime:127ms, electionTimeout:127ms
2019-10-15 16:29:35,413 [Thread-567] INFO  impl.RoleInfo (RoleInfo.java:shutdownFollowerState(121)) - f5624850-682f-4ec5-bb5c-f79627fc299e: shutdown FollowerState
2019-10-15 16:29:35,413 [Thread-567] INFO  impl.RaftServerImpl (RaftServerImpl.java:setRole(184)) - f5624850-682f-4ec5-bb5c-f79627fc299e@group-C25BD028928E: changes role from  FOLLOWER to CANDIDATE at term 15 for changeToCandidate
2019-10-15 16:29:35,414 [Thread-567] INFO  impl.RoleInfo (RoleInfo.java:updateAndGet(143)) - f5624850-682f-4ec5-bb5c-f79627fc299e: start LeaderElection
2019-10-15 16:29:35,443 [f5624850-682f-4ec5-bb5c-f79627fc299e@group-C25BD028928E-LeaderElection37] INFO  impl.LeaderElection (LeaderElection.java:askForVotes(178)) - f5624850-682f-4ec5-bb5c-f79627fc299e@group-C25BD028928E-LeaderElection37: begin an election at term 16 for -1: [f581660d-af3d-4f5f-b57d-f4cb54f048b9:192.168.164.239:42501, f5624850-682f-4ec5-bb5c-f79627fc299e:192.168.164.239:39499, 14091fe6-d183-4b46-be93-2ba964a39c73:192.168.164.239:34827], old=null
2019-10-15 16:29:35,447 [grpc-default-executor-1] INFO  impl.RaftServerImpl (RaftServerImpl.java:setRole(184)) - 14091fe6-d183-4b46-be93-2ba964a39c73@group-C25BD028928E: changes role from  FOLLOWER to FOLLOWER at term 16 for recognizeCandidate:f5624850-682f-4ec5-bb5c-f79627fc299e
2019-10-15 16:29:35,447 [grpc-default-executor-10] INFO  impl.RaftServerImpl (RaftServerImpl.java:setRole(184)) - f581660d-af3d-4f5f-b57d-f4cb54f048b9@group-C25BD028928E: changes role from  FOLLOWER to FOLLOWER at term 16 for recognizeCandidate:f5624850-682f-4ec5-bb5c-f79627fc299e
2019-10-15 16:29:35,447 [grpc-default-executor-1] INFO  impl.RoleInfo (RoleInfo.java:shutdownFollowerState(121)) - 14091fe6-d183-4b46-be93-2ba964a39c73: shutdown FollowerState
2019-10-15 16:29:35,447 [grpc-default-executor-10] INFO  impl.RoleInfo (RoleInfo.java:shutdownFollowerState(121)) - f581660d-af3d-4f5f-b57d-f4cb54f048b9: shutdown FollowerState
2019-10-15 16:29:35,447 [Thread-565] INFO  impl.FollowerState (FollowerState.java:run(117)) - 14091fe6-d183-4b46-be93-2ba964a39c73@group-C25BD028928E-FollowerState was interrupted: java.lang.InterruptedException: sleep interrupted
2019-10-15 16:29:35,447 [grpc-default-executor-1] INFO  impl.RoleInfo (RoleInfo.java:updateAndGet(143)) - 14091fe6-d183-4b46-be93-2ba964a39c73: start FollowerState
2019-10-15 16:29:35,447 [grpc-default-executor-10] INFO  impl.RoleInfo (RoleInfo.java:updateAndGet(143)) - f581660d-af3d-4f5f-b57d-f4cb54f048b9: start FollowerState
2019-10-15 16:29:35,447 [Thread-566] INFO  impl.FollowerState (FollowerState.java:run(117)) - f581660d-af3d-4f5f-b57d-f4cb54f048b9@group-C25BD028928E-FollowerState was interrupted: java.lang.InterruptedException: sleep interrupted
2019-10-15 16:29:35,478 [f5624850-682f-4ec5-bb5c-f79627fc299e@group-C25BD028928E-LeaderElection37] INFO  impl.LeaderElection (LeaderElection.java:logAndReturn(56)) - f5624850-682f-4ec5-bb5c-f79627fc299e@group-C25BD028928E-LeaderElection37: Election REJECTED; received 2 response(s) [f5624850-682f-4ec5-bb5c-f79627fc299e<-f581660d-af3d-4f5f-b57d-f4cb54f048b9#0:FAIL-t16, f5624850-682f-4ec5-bb5c-f79627fc299e<-14091fe6-d183-4b46-be93-2ba964a39c73#0:FAIL-t16] and 0 exception(s); f5624850-682f-4ec5-bb5c-f79627fc299e@group-C25BD028928E:t16, leader=null, voted=f5624850-682f-4ec5-bb5c-f79627fc299e, raftlog=f5624850-682f-4ec5-bb5c-f79627fc299e@group-C25BD028928E-SegmentedRaftLog:OPENED:c-1,f-1,i0, conf=-1: [f581660d-af3d-4f5f-b57d-f4cb54f048b9:192.168.164.239:42501, f5624850-682f-4ec5-bb5c-f79627fc299e:192.168.164.239:39499, 14091fe6-d183-4b46-be93-2ba964a39c73:192.168.164.239:34827], old=null
2019-10-15 16:29:35,478 [f5624850-682f-4ec5-bb5c-f79627fc299e@group-C25BD028928E-LeaderElection37] INFO  impl.RaftServerImpl (RaftServerImpl.java:setRole(184)) - f5624850-682f-4ec5-bb5c-f79627fc299e@group-C25BD028928E: changes role from CANDIDATE to FOLLOWER at term 16 for DISCOVERED_A_NEW_TERM
2019-10-15 16:29:35,478 [f5624850-682f-4ec5-bb5c-f79627fc299e@group-C25BD028928E-LeaderElection37] INFO  impl.RoleInfo (RoleInfo.java:shutdownLeaderElection(134)) - f5624850-682f-4ec5-bb5c-f79627fc299e: shutdown LeaderElection
2019-10-15 16:29:35,479 [f5624850-682f-4ec5-bb5c-f79627fc299e@group-C25BD028928E-LeaderElection37] INFO  impl.RoleInfo (RoleInfo.java:updateAndGet(143)) - f5624850-682f-4ec5-bb5c-f79627fc299e: start FollowerState
2019-10-15 16:29:35,525 [Thread-575] INFO  impl.FollowerState (FollowerState.java:run(108)) - f5624850-682f-4ec5-bb5c-f79627fc299e@group-C25BD028928E-FollowerState: change to CANDIDATE, lastRpcTime:46ms, electionTimeout:46ms
2019-10-15 16:29:35,525 [Thread-575] INFO  impl.RoleInfo (RoleInfo.java:shutdownFollowerState(121)) - f5624850-682f-4ec5-bb5c-f79627fc299e: shutdown FollowerState
2019-10-15 16:29:35,525 [Thread-575] INFO  impl.RaftServerImpl (RaftServerImpl.java:setRole(184)) - f5624850-682f-4ec5-bb5c-f79627fc299e@group-C25BD028928E: changes role from  FOLLOWER to CANDIDATE at term 16 for changeToCandidate
2019-10-15 16:29:35,525 [Thread-575] INFO  impl.RoleInfo (RoleInfo.java:updateAndGet(143)) - f5624850-682f-4ec5-bb5c-f79627fc299e: start LeaderElection
2019-10-15 16:29:35,552 [f5624850-682f-4ec5-bb5c-f79627fc299e@group-C25BD028928E-LeaderElection38] INFO  impl.LeaderElection (LeaderElection.java:askForVotes(178)) - f5624850-682f-4ec5-bb5c-f79627fc299e@group-C25BD028928E-LeaderElection38: begin an election at term 17 for -1: [f581660d-af3d-4f5f-b57d-f4cb54f048b9:192.168.164.239:42501, f5624850-682f-4ec5-bb5c-f79627fc299e:192.168.164.239:39499, 14091fe6-d183-4b46-be93-2ba964a39c73:192.168.164.239:34827], old=null
2019-10-15 16:29:35,556 [grpc-default-executor-10] INFO  impl.RaftServerImpl (RaftServerImpl.java:setRole(184)) - 14091fe6-d183-4b46-be93-2ba964a39c73@group-C25BD028928E: changes role from  FOLLOWER to FOLLOWER at term 17 for recognizeCandidate:f5624850-682f-4ec5-bb5c-f79627fc299e
2019-10-15 16:29:35,556 [grpc-default-executor-10] INFO  impl.RoleInfo (RoleInfo.java:shutdownFollowerState(121)) - 14091fe6-d183-4b46-be93-2ba964a39c73: shutdown FollowerState
2019-10-15 16:29:35,556 [grpc-default-executor-10] INFO  impl.RoleInfo (RoleInfo.java:updateAndGet(143)) - 14091fe6-d183-4b46-be93-2ba964a39c73: start FollowerState
2019-10-15 16:29:35,556 [Thread-571] INFO  impl.FollowerState (FollowerState.java:run(117)) - 14091fe6-d183-4b46-be93-2ba964a39c73@group-C25BD028928E-FollowerState was interrupted: java.lang.InterruptedException: sleep interrupted
2019-10-15 16:29:35,557 [grpc-default-executor-1] INFO  impl.RaftServerImpl (RaftServerImpl.java:setRole(184)) - f581660d-af3d-4f5f-b57d-f4cb54f048b9@group-C25BD028928E: changes role from  FOLLOWER to FOLLOWER at term 17 for recognizeCandidate:f5624850-682f-4ec5-bb5c-f79627fc299e
2019-10-15 16:29:35,557 [grpc-default-executor-1] INFO  impl.RoleInfo (RoleInfo.java:shutdownFollowerState(121)) - f581660d-af3d-4f5f-b57d-f4cb54f048b9: shutdown FollowerState
2019-10-15 16:29:35,557 [f5624850-682f-4ec5-bb5c-f79627fc299e@group-C25BD028928E-LeaderElection38] INFO  impl.LeaderElection (LeaderElection.java:logAndReturn(56)) - f5624850-682f-4ec5-bb5c-f79627fc299e@group-C25BD028928E-LeaderElection38: Election TIMEOUT; received 0 response(s) [] and 0 exception(s); f5624850-682f-4ec5-bb5c-f79627fc299e@group-C25BD028928E:t17, leader=null, voted=f5624850-682f-4ec5-bb5c-f79627fc299e, raftlog=f5624850-682f-4ec5-bb5c-f79627fc299e@group-C25BD028928E-SegmentedRaftLog:OPENED:c-1,f-1,i0, conf=-1: [f581660d-af3d-4f5f-b57d-f4cb54f048b9:192.168.164.239:42501, f5624850-682f-4ec5-bb5c-f79627fc299e:192.168.164.239:39499, 14091fe6-d183-4b46-be93-2ba964a39c73:192.168.164.239:34827], old=null
2019-10-15 16:29:35,557 [Thread-572] INFO  impl.FollowerState (FollowerState.java:run(117)) - f581660d-af3d-4f5f-b57d-f4cb54f048b9@group-C25BD028928E-FollowerState was interrupted: java.lang.InterruptedException: sleep interrupted
2019-10-15 16:29:35,557 [grpc-default-executor-1] INFO  impl.RoleInfo (RoleInfo.java:updateAndGet(143)) - f581660d-af3d-4f5f-b57d-f4cb54f048b9: start FollowerState
2019-10-15 16:29:35,587 [f5624850-682f-4ec5-bb5c-f79627fc299e@group-C25BD028928E-LeaderElection38] INFO  impl.LeaderElection (LeaderElection.java:askForVotes(178)) - f5624850-682f-4ec5-bb5c-f79627fc299e@group-C25BD028928E-LeaderElection38: begin an election at term 18 for -1: [f581660d-af3d-4f5f-b57d-f4cb54f048b9:192.168.164.239:42501, f5624850-682f-4ec5-bb5c-f79627fc299e:192.168.164.239:39499, 14091fe6-d183-4b46-be93-2ba964a39c73:192.168.164.239:34827], old=null
2019-10-15 16:29:35,590 [grpc-default-executor-10] INFO  impl.RaftServerImpl (RaftServerImpl.java:setRole(184)) - f581660d-af3d-4f5f-b57d-f4cb54f048b9@group-C25BD028928E: changes role from  FOLLOWER to FOLLOWER at term 18 for recognizeCandidate:f5624850-682f-4ec5-bb5c-f79627fc299e
2019-10-15 16:29:35,590 [grpc-default-executor-1] INFO  impl.RaftServerImpl (RaftServerImpl.java:setRole(184)) - 14091fe6-d183-4b46-be93-2ba964a39c73@group-C25BD028928E: changes role from  FOLLOWER to FOLLOWER at term 18 for recognizeCandidate:f5624850-682f-4ec5-bb5c-f79627fc299e
2019-10-15 16:29:35,590 [grpc-default-executor-10] INFO  impl.RoleInfo (RoleInfo.java:shutdownFollowerState(121)) - f581660d-af3d-4f5f-b57d-f4cb54f048b9: shutdown FollowerState
2019-10-15 16:29:35,590 [grpc-default-executor-1] INFO  impl.RoleInfo (RoleInfo.java:shutdownFollowerState(121)) - 14091fe6-d183-4b46-be93-2ba964a39c73: shutdown FollowerState
2019-10-15 16:29:35,591 [Thread-582] INFO  impl.FollowerState (FollowerState.java:run(117)) - f581660d-af3d-4f5f-b57d-f4cb54f048b9@group-C25BD028928E-FollowerState was interrupted: java.lang.InterruptedException: sleep interrupted
2019-10-15 16:29:35,591 [grpc-default-executor-10] INFO  impl.RoleInfo (RoleInfo.java:updateAndGet(143)) - f581660d-af3d-4f5f-b57d-f4cb54f048b9: start FollowerState
2019-10-15 16:29:35,591 [Thread-581] INFO  impl.FollowerState (FollowerState.java:run(117)) - 14091fe6-d183-4b46-be93-2ba964a39c73@group-C25BD028928E-FollowerState was interrupted: java.lang.InterruptedException: sleep interrupted
2019-10-15 16:29:35,591 [grpc-default-executor-1] INFO  impl.RoleInfo (RoleInfo.java:updateAndGet(143)) - 14091fe6-d183-4b46-be93-2ba964a39c73: start FollowerState
2019-10-15 16:29:35,622 [f5624850-682f-4ec5-bb5c-f79627fc299e@group-C25BD028928E-LeaderElection38] INFO  impl.LeaderElection (LeaderElection.java:logAndReturn(56)) - f5624850-682f-4ec5-bb5c-f79627fc299e@group-C25BD028928E-LeaderElection38: Election REJECTED; received 2 response(s) [f5624850-682f-4ec5-bb5c-f79627fc299e<-f581660d-af3d-4f5f-b57d-f4cb54f048b9#0:FAIL-t18, f5624850-682f-4ec5-bb5c-f79627fc299e<-14091fe6-d183-4b46-be93-2ba964a39c73#0:FAIL-t18] and 0 exception(s); f5624850-682f-4ec5-bb5c-f79627fc299e@group-C25BD028928E:t18, leader=null, voted=f5624850-682f-4ec5-bb5c-f79627fc299e, raftlog=f5624850-682f-4ec5-bb5c-f79627fc299e@group-C25BD028928E-SegmentedRaftLog:OPENED:c-1,f-1,i0, conf=-1: [f581660d-af3d-4f5f-b57d-f4cb54f048b9:192.168.164.239:42501, f5624850-682f-4ec5-bb5c-f79627fc299e:192.168.164.239:39499, 14091fe6-d183-4b46-be93-2ba964a39c73:192.168.164.239:34827], old=null
2019-10-15 16:29:35,622 [f5624850-682f-4ec5-bb5c-f79627fc299e@group-C25BD028928E-LeaderElection38] INFO  impl.RaftServerImpl (RaftServerImpl.java:setRole(184)) - f5624850-682f-4ec5-bb5c-f79627fc299e@group-C25BD028928E: changes role from CANDIDATE to FOLLOWER at term 18 for DISCOVERED_A_NEW_TERM
2019-10-15 16:29:35,623 [f5624850-682f-4ec5-bb5c-f79627fc299e@group-C25BD028928E-LeaderElection38] INFO  impl.RoleInfo (RoleInfo.java:shutdownLeaderElection(134)) - f5624850-682f-4ec5-bb5c-f79627fc299e: shutdown LeaderElection
2019-10-15 16:29:35,623 [f5624850-682f-4ec5-bb5c-f79627fc299e@group-C25BD028928E-LeaderElection38] INFO  impl.RoleInfo (RoleInfo.java:updateAndGet(143)) - f5624850-682f-4ec5-bb5c-f79627fc299e: start FollowerState
2019-10-15 16:29:35,698 [Thread-587] INFO  impl.FollowerState (FollowerState.java:run(108)) - f5624850-682f-4ec5-bb5c-f79627fc299e@group-C25BD028928E-FollowerState: change to CANDIDATE, lastRpcTime:74ms, electionTimeout:73ms
2019-10-15 16:29:35,700 [Thread-587] INFO  impl.RoleInfo (RoleInfo.java:shutdownFollowerState(121)) - f5624850-682f-4ec5-bb5c-f79627fc299e: shutdown FollowerState
2019-10-15 16:29:35,700 [Thread-587] INFO  impl.RaftServerImpl (RaftServerImpl.java:setRole(184)) - f5624850-682f-4ec5-bb5c-f79627fc299e@group-C25BD028928E: changes role from  FOLLOWER to CANDIDATE at term 18 for changeToCandidate
2019-10-15 16:29:35,702 [Thread-587] INFO  impl.RoleInfo (RoleInfo.java:updateAndGet(143)) - f5624850-682f-4ec5-bb5c-f79627fc299e: start LeaderElection
2019-10-15 16:29:35,729 [f5624850-682f-4ec5-bb5c-f79627fc299e@group-C25BD028928E-LeaderElection39] INFO  impl.LeaderElection (LeaderElection.java:askForVotes(178)) - f5624850-682f-4ec5-bb5c-f79627fc299e@group-C25BD028928E-LeaderElection39: begin an election at term 19 for -1: [f581660d-af3d-4f5f-b57d-f4cb54f048b9:192.168.164.239:42501, f5624850-682f-4ec5-bb5c-f79627fc299e:192.168.164.239:39499, 14091fe6-d183-4b46-be93-2ba964a39c73:192.168.164.239:34827], old=null
2019-10-15 16:29:35,732 [grpc-default-executor-10] INFO  impl.RaftServerImpl (RaftServerImpl.java:setRole(184)) - 14091fe6-d183-4b46-be93-2ba964a39c73@group-C25BD028928E: changes role from  FOLLOWER to FOLLOWER at term 19 for recognizeCandidate:f5624850-682f-4ec5-bb5c-f79627fc299e
2019-10-15 16:29:35,732 [grpc-default-executor-1] INFO  impl.RaftServerImpl (RaftServerImpl.java:setRole(184)) - f581660d-af3d-4f5f-b57d-f4cb54f048b9@group-C25BD028928E: changes role from  FOLLOWER to FOLLOWER at term 19 for recognizeCandidate:f5624850-682f-4ec5-bb5c-f79627fc299e
2019-10-15 16:29:35,732 [grpc-default-executor-10] INFO  impl.RoleInfo (RoleInfo.java:shutdownFollowerState(121)) - 14091fe6-d183-4b46-be93-2ba964a39c73: shutdown FollowerState
2019-10-15 16:29:35,732 [grpc-default-executor-1] INFO  impl.RoleInfo (RoleInfo.java:shutdownFollowerState(121)) - f581660d-af3d-4f5f-b57d-f4cb54f048b9: shutdown FollowerState
2019-10-15 16:29:35,733 [Thread-586] INFO  impl.FollowerState (FollowerState.java:run(117)) - 14091fe6-d183-4b46-be93-2ba964a39c73@group-C25BD028928E-FollowerState was interrupted: java.lang.InterruptedException: sleep interrupted
2019-10-15 16:29:35,733 [Thread-585] INFO  impl.FollowerState (FollowerState.java:run(117)) - f581660d-af3d-4f5f-b57d-f4cb54f048b9@group-C25BD028928E-FollowerState was interrupted: java.lang.InterruptedException: sleep interrupted
2019-10-15 16:29:35,733 [grpc-default-executor-10] INFO  impl.RoleInfo (RoleInfo.java:updateAndGet(143)) - 14091fe6-d183-4b46-be93-2ba964a39c73: start FollowerState
2019-10-15 16:29:35,733 [grpc-default-executor-1] INFO  impl.RoleInfo (RoleInfo.java:updateAndGet(143)) - f581660d-af3d-4f5f-b57d-f4cb54f048b9: start FollowerState
2019-10-15 16:29:35,756 [f5624850-682f-4ec5-bb5c-f79627fc299e@group-C25BD028928E-LeaderElection39] INFO  impl.LeaderElection (LeaderElection.java:logAndReturn(56)) - f5624850-682f-4ec5-bb5c-f79627fc299e@group-C25BD028928E-LeaderElection39: Election REJECTED; received 2 response(s) [f5624850-682f-4ec5-bb5c-f79627fc299e<-f581660d-af3d-4f5f-b57d-f4cb54f048b9#0:FAIL-t19, f5624850-682f-4ec5-bb5c-f79627fc299e<-14091fe6-d183-4b46-be93-2ba964a39c73#0:FAIL-t19] and 0 exception(s); f5624850-682f-4ec5-bb5c-f79627fc299e@group-C25BD028928E:t19, leader=null, voted=f5624850-682f-4ec5-bb5c-f79627fc299e, raftlog=f5624850-682f-4ec5-bb5c-f79627fc299e@group-C25BD028928E-SegmentedRaftLog:OPENED:c-1,f-1,i0, conf=-1: [f581660d-af3d-4f5f-b57d-f4cb54f048b9:192.168.164.239:42501, f5624850-682f-4ec5-bb5c-f79627fc299e:192.168.164.239:39499, 14091fe6-d183-4b46-be93-2ba964a39c73:192.168.164.239:34827], old=null
2019-10-15 16:29:35,756 [f5624850-682f-4ec5-bb5c-f79627fc299e@group-C25BD028928E-LeaderElection39] INFO  impl.RaftServerImpl (RaftServerImpl.java:setRole(184)) - f5624850-682f-4ec5-bb5c-f79627fc299e@group-C25BD028928E: changes role from CANDIDATE to FOLLOWER at term 19 for DISCOVERED_A_NEW_TERM
2019-10-15 16:29:35,757 [f5624850-682f-4ec5-bb5c-f79627fc299e@group-C25BD028928E-LeaderElection39] INFO  impl.RoleInfo (RoleInfo.java:shutdownLeaderElection(134)) - f5624850-682f-4ec5-bb5c-f79627fc299e: shutdown LeaderElection
2019-10-15 16:29:35,757 [f5624850-682f-4ec5-bb5c-f79627fc299e@group-C25BD028928E-LeaderElection39] INFO  impl.RoleInfo (RoleInfo.java:updateAndGet(143)) - f5624850-682f-4ec5-bb5c-f79627fc299e: start FollowerState
2019-10-15 16:29:35,848 [Thread-595] INFO  impl.FollowerState (FollowerState.java:run(108)) - f5624850-682f-4ec5-bb5c-f79627fc299e@group-C25BD028928E-FollowerState: change to CANDIDATE, lastRpcTime:91ms, electionTimeout:91ms
2019-10-15 16:29:35,848 [Thread-595] INFO  impl.RoleInfo (RoleInfo.java:shutdownFollowerState(121)) - f5624850-682f-4ec5-bb5c-f79627fc299e: shutdown FollowerState
2019-10-15 16:29:35,849 [Thread-595] INFO  impl.RaftServerImpl (RaftServerImpl.java:setRole(184)) - f5624850-682f-4ec5-bb5c-f79627fc299e@group-C25BD028928E: changes role from  FOLLOWER to CANDIDATE at term 19 for changeToCandidate
2019-10-15 16:29:35,849 [Thread-595] INFO  impl.RoleInfo (RoleInfo.java:updateAndGet(143)) - f5624850-682f-4ec5-bb5c-f79627fc299e: start LeaderElection
2019-10-15 16:29:35,871 [f5624850-682f-4ec5-bb5c-f79627fc299e@group-C25BD028928E-LeaderElection40] INFO  impl.LeaderElection (LeaderElection.java:askForVotes(178)) - f5624850-682f-4ec5-bb5c-f79627fc299e@group-C25BD028928E-LeaderElection40: begin an election at term 20 for -1: [f581660d-af3d-4f5f-b57d-f4cb54f048b9:192.168.164.239:42501, f5624850-682f-4ec5-bb5c-f79627fc299e:192.168.164.239:39499, 14091fe6-d183-4b46-be93-2ba964a39c73:192.168.164.239:34827], old=null
2019-10-15 16:29:35,875 [grpc-default-executor-1] INFO  impl.RaftServerImpl (RaftServerImpl.java:setRole(184)) - f581660d-af3d-4f5f-b57d-f4cb54f048b9@group-C25BD028928E: changes role from  FOLLOWER to FOLLOWER at term 20 for recognizeCandidate:f5624850-682f-4ec5-bb5c-f79627fc299e
2019-10-15 16:29:35,875 [grpc-default-executor-10] INFO  impl.RaftServerImpl (RaftServerImpl.java:setRole(184)) - 14091fe6-d183-4b46-be93-2ba964a39c73@group-C25BD028928E: changes role from  FOLLOWER to FOLLOWER at term 20 for recognizeCandidate:f5624850-682f-4ec5-bb5c-f79627fc299e
2019-10-15 16:29:35,875 [grpc-default-executor-1] INFO  impl.RoleInfo (RoleInfo.java:shutdownFollowerState(121)) - f581660d-af3d-4f5f-b57d-f4cb54f048b9: shutdown FollowerState
2019-10-15 16:29:35,875 [grpc-default-executor-10] INFO  impl.RoleInfo (RoleInfo.java:shutdownFollowerState(121)) - 14091fe6-d183-4b46-be93-2ba964a39c73: shutdown FollowerState
2019-10-15 16:29:35,876 [Thread-594] INFO  impl.FollowerState (FollowerState.java:run(117)) - f581660d-af3d-4f5f-b57d-f4cb54f048b9@group-C25BD028928E-FollowerState was interrupted: java.lang.InterruptedException: sleep interrupted
2019-10-15 16:29:35,876 [Thread-593] INFO  impl.FollowerState (FollowerState.java:run(117)) - 14091fe6-d183-4b46-be93-2ba964a39c73@group-C25BD028928E-FollowerState was interrupted: java.lang.InterruptedException: sleep interrupted
2019-10-15 16:29:35,876 [grpc-default-executor-1] INFO  impl.RoleInfo (RoleInfo.java:updateAndGet(143)) - f581660d-af3d-4f5f-b57d-f4cb54f048b9: start FollowerState
2019-10-15 16:29:35,876 [grpc-default-executor-10] INFO  impl.RoleInfo (RoleInfo.java:updateAndGet(143)) - 14091fe6-d183-4b46-be93-2ba964a39c73: start FollowerState
2019-10-15 16:29:35,907 [f5624850-682f-4ec5-bb5c-f79627fc299e@group-C25BD028928E-LeaderElection40] INFO  impl.LeaderElection (LeaderElection.java:logAndReturn(56)) - f5624850-682f-4ec5-bb5c-f79627fc299e@group-C25BD028928E-LeaderElection40: Election REJECTED; received 2 response(s) [f5624850-682f-4ec5-bb5c-f79627fc299e<-f581660d-af3d-4f5f-b57d-f4cb54f048b9#0:FAIL-t20, f5624850-682f-4ec5-bb5c-f79627fc299e<-14091fe6-d183-4b46-be93-2ba964a39c73#0:FAIL-t20] and 0 exception(s); f5624850-682f-4ec5-bb5c-f79627fc299e@group-C25BD028928E:t20, leader=null, voted=f5624850-682f-4ec5-bb5c-f79627fc299e, raftlog=f5624850-682f-4ec5-bb5c-f79627fc299e@group-C25BD028928E-SegmentedRaftLog:OPENED:c-1,f-1,i0, conf=-1: [f581660d-af3d-4f5f-b57d-f4cb54f048b9:192.168.164.239:42501, f5624850-682f-4ec5-bb5c-f79627fc299e:192.168.164.239:39499, 14091fe6-d183-4b46-be93-2ba964a39c73:192.168.164.239:34827], old=null
2019-10-15 16:29:35,907 [f5624850-682f-4ec5-bb5c-f79627fc299e@group-C25BD028928E-LeaderElection40] INFO  impl.RaftServerImpl (RaftServerImpl.java:setRole(184)) - f5624850-682f-4ec5-bb5c-f79627fc299e@group-C25BD028928E: changes role from CANDIDATE to FOLLOWER at term 20 for DISCOVERED_A_NEW_TERM
2019-10-15 16:29:35,907 [f5624850-682f-4ec5-bb5c-f79627fc299e@group-C25BD028928E-LeaderElection40] INFO  impl.RoleInfo (RoleInfo.java:shutdownLeaderElection(134)) - f5624850-682f-4ec5-bb5c-f79627fc299e: shutdown LeaderElection
2019-10-15 16:29:35,907 [f5624850-682f-4ec5-bb5c-f79627fc299e@group-C25BD028928E-LeaderElection40] INFO  impl.RoleInfo (RoleInfo.java:updateAndGet(143)) - f5624850-682f-4ec5-bb5c-f79627fc299e: start FollowerState
2019-10-15 16:29:35,921 [Thread-601] INFO  impl.FollowerState (FollowerState.java:run(108)) - f5624850-682f-4ec5-bb5c-f79627fc299e@group-C25BD028928E-FollowerState: change to CANDIDATE, lastRpcTime:13ms, electionTimeout:13ms
2019-10-15 16:29:35,921 [Thread-601] INFO  impl.RoleInfo (RoleInfo.java:shutdownFollowerState(121)) - f5624850-682f-4ec5-bb5c-f79627fc299e: shutdown FollowerState
2019-10-15 16:29:35,921 [Thread-601] INFO  impl.RaftServerImpl (RaftServerImpl.java:setRole(184)) - f5624850-682f-4ec5-bb5c-f79627fc299e@group-C25BD028928E: changes role from  FOLLOWER to CANDIDATE at term 20 for changeToCandidate
2019-10-15 16:29:35,921 [Thread-601] INFO  impl.RoleInfo (RoleInfo.java:updateAndGet(143)) - f5624850-682f-4ec5-bb5c-f79627fc299e: start LeaderElection
2019-10-15 16:29:35,947 [f5624850-682f-4ec5-bb5c-f79627fc299e@group-C25BD028928E-LeaderElection41] INFO  impl.LeaderElection (LeaderElection.java:askForVotes(178)) - f5624850-682f-4ec5-bb5c-f79627fc299e@group-C25BD028928E-LeaderElection41: begin an election at term 21 for -1: [f581660d-af3d-4f5f-b57d-f4cb54f048b9:192.168.164.239:42501, f5624850-682f-4ec5-bb5c-f79627fc299e:192.168.164.239:39499, 14091fe6-d183-4b46-be93-2ba964a39c73:192.168.164.239:34827], old=null
2019-10-15 16:29:35,950 [grpc-default-executor-1] INFO  impl.RaftServerImpl (RaftServerImpl.java:setRole(184)) - 14091fe6-d183-4b46-be93-2ba964a39c73@group-C25BD028928E: changes role from  FOLLOWER to FOLLOWER at term 21 for recognizeCandidate:f5624850-682f-4ec5-bb5c-f79627fc299e
2019-10-15 16:29:35,950 [grpc-default-executor-10] INFO  impl.RaftServerImpl (RaftServerImpl.java:setRole(184)) - f581660d-af3d-4f5f-b57d-f4cb54f048b9@group-C25BD028928E: changes role from  FOLLOWER to FOLLOWER at term 21 for recognizeCandidate:f5624850-682f-4ec5-bb5c-f79627fc299e
2019-10-15 16:29:35,950 [grpc-default-executor-1] INFO  impl.RoleInfo (RoleInfo.java:shutdownFollowerState(121)) - 14091fe6-d183-4b46-be93-2ba964a39c73: shutdown FollowerState
2019-10-15 16:29:35,951 [grpc-default-executor-10] INFO  impl.RoleInfo (RoleInfo.java:shutdownFollowerState(121)) - f581660d-af3d-4f5f-b57d-f4cb54f048b9: shutdown FollowerState
2019-10-15 16:29:35,951 [Thread-600] INFO  impl.FollowerState (FollowerState.java:run(117)) - 14091fe6-d183-4b46-be93-2ba964a39c73@group-C25BD028928E-FollowerState was interrupted: java.lang.InterruptedException: sleep interrupted
2019-10-15 16:29:35,951 [Thread-599] INFO  impl.FollowerState (FollowerState.java:run(117)) - f581660d-af3d-4f5f-b57d-f4cb54f048b9@group-C25BD028928E-FollowerState was interrupted: java.lang.InterruptedException: sleep interrupted
2019-10-15 16:29:35,951 [grpc-default-executor-1] INFO  impl.RoleInfo (RoleInfo.java:updateAndGet(143)) - 14091fe6-d183-4b46-be93-2ba964a39c73: start FollowerState
2019-10-15 16:29:35,951 [grpc-default-executor-10] INFO  impl.RoleInfo (RoleInfo.java:updateAndGet(143)) - f581660d-af3d-4f5f-b57d-f4cb54f048b9: start FollowerState
2019-10-15 16:29:35,983 [f5624850-682f-4ec5-bb5c-f79627fc299e@group-C25BD028928E-LeaderElection41] INFO  impl.LeaderElection (LeaderElection.java:logAndReturn(56)) - f5624850-682f-4ec5-bb5c-f79627fc299e@group-C25BD028928E-LeaderElection41: Election REJECTED; received 2 response(s) [f5624850-682f-4ec5-bb5c-f79627fc299e<-f581660d-af3d-4f5f-b57d-f4cb54f048b9#0:FAIL-t21, f5624850-682f-4ec5-bb5c-f79627fc299e<-14091fe6-d183-4b46-be93-2ba964a39c73#0:FAIL-t21] and 0 exception(s); f5624850-682f-4ec5-bb5c-f79627fc299e@group-C25BD028928E:t21, leader=null, voted=f5624850-682f-4ec5-bb5c-f79627fc299e, raftlog=f5624850-682f-4ec5-bb5c-f79627fc299e@group-C25BD028928E-SegmentedRaftLog:OPENED:c-1,f-1,i0, conf=-1: [f581660d-af3d-4f5f-b57d-f4cb54f048b9:192.168.164.239:42501, f5624850-682f-4ec5-bb5c-f79627fc299e:192.168.164.239:39499, 14091fe6-d183-4b46-be93-2ba964a39c73:192.168.164.239:34827], old=null
2019-10-15 16:29:35,983 [f5624850-682f-4ec5-bb5c-f79627fc299e@group-C25BD028928E-LeaderElection41] INFO  impl.RaftServerImpl (RaftServerImpl.java:setRole(184)) - f5624850-682f-4ec5-bb5c-f79627fc299e@group-C25BD028928E: changes role from CANDIDATE to FOLLOWER at term 21 for DISCOVERED_A_NEW_TERM
2019-10-15 16:29:35,983 [f5624850-682f-4ec5-bb5c-f79627fc299e@group-C25BD028928E-LeaderElection41] INFO  impl.RoleInfo (RoleInfo.java:shutdownLeaderElection(134)) - f5624850-682f-4ec5-bb5c-f79627fc299e: shutdown LeaderElection
2019-10-15 16:29:35,983 [f5624850-682f-4ec5-bb5c-f79627fc299e@group-C25BD028928E-LeaderElection41] INFO  impl.RoleInfo (RoleInfo.java:updateAndGet(143)) - f5624850-682f-4ec5-bb5c-f79627fc299e: start FollowerState
2019-10-15 16:29:35,996 [Thread-609] INFO  impl.FollowerState (FollowerState.java:run(108)) - f5624850-682f-4ec5-bb5c-f79627fc299e@group-C25BD028928E-FollowerState: change to CANDIDATE, lastRpcTime:12ms, electionTimeout:12ms
2019-10-15 16:29:35,996 [Thread-609] INFO  impl.RoleInfo (RoleInfo.java:shutdownFollowerState(121)) - f5624850-682f-4ec5-bb5c-f79627fc299e: shutdown FollowerState
2019-10-15 16:29:35,996 [Thread-609] INFO  impl.RaftServerImpl (RaftServerImpl.java:setRole(184)) - f5624850-682f-4ec5-bb5c-f79627fc299e@group-C25BD028928E: changes role from  FOLLOWER to CANDIDATE at term 21 for changeToCandidate
2019-10-15 16:29:35,996 [Thread-609] INFO  impl.RoleInfo (RoleInfo.java:updateAndGet(143)) - f5624850-682f-4ec5-bb5c-f79627fc299e: start LeaderElection
2019-10-15 16:29:36,023 [f5624850-682f-4ec5-bb5c-f79627fc299e@group-C25BD028928E-LeaderElection42] INFO  impl.LeaderElection (LeaderElection.java:askForVotes(178)) - f5624850-682f-4ec5-bb5c-f79627fc299e@group-C25BD028928E-LeaderElection42: begin an election at term 22 for -1: [f581660d-af3d-4f5f-b57d-f4cb54f048b9:192.168.164.239:42501, f5624850-682f-4ec5-bb5c-f79627fc299e:192.168.164.239:39499, 14091fe6-d183-4b46-be93-2ba964a39c73:192.168.164.239:34827], old=null
2019-10-15 16:29:36,027 [grpc-default-executor-1] INFO  impl.RaftServerImpl (RaftServerImpl.java:setRole(184)) - f581660d-af3d-4f5f-b57d-f4cb54f048b9@group-C25BD028928E: changes role from  FOLLOWER to FOLLOWER at term 22 for recognizeCandidate:f5624850-682f-4ec5-bb5c-f79627fc299e
2019-10-15 16:29:36,027 [grpc-default-executor-10] INFO  impl.RaftServerImpl (RaftServerImpl.java:setRole(184)) - 14091fe6-d183-4b46-be93-2ba964a39c73@group-C25BD028928E: changes role from  FOLLOWER to FOLLOWER at term 22 for recognizeCandidate:f5624850-682f-4ec5-bb5c-f79627fc299e
2019-10-15 16:29:36,027 [grpc-default-executor-1] INFO  impl.RoleInfo (RoleInfo.java:shutdownFollowerState(121)) - f581660d-af3d-4f5f-b57d-f4cb54f048b9: shutdown FollowerState
2019-10-15 16:29:36,027 [grpc-default-executor-10] INFO  impl.RoleInfo (RoleInfo.java:shutdownFollowerState(121)) - 14091fe6-d183-4b46-be93-2ba964a39c73: shutdown FollowerState
2019-10-15 16:29:36,027 [Thread-606] INFO  impl.FollowerState (FollowerState.java:run(117)) - f581660d-af3d-4f5f-b57d-f4cb54f048b9@group-C25BD028928E-FollowerState was interrupted: java.lang.InterruptedException: sleep interrupted
2019-10-15 16:29:36,027 [grpc-default-executor-1] INFO  impl.RoleInfo (RoleInfo.java:updateAndGet(143)) - f581660d-af3d-4f5f-b57d-f4cb54f048b9: start FollowerState
2019-10-15 16:29:36,027 [Thread-605] INFO  impl.FollowerState (FollowerState.java:run(117)) - 14091fe6-d183-4b46-be93-2ba964a39c73@group-C25BD028928E-FollowerState was interrupted: java.lang.InterruptedException: sleep interrupted
2019-10-15 16:29:36,027 [grpc-default-executor-10] INFO  impl.RoleInfo (RoleInfo.java:updateAndGet(143)) - 14091fe6-d183-4b46-be93-2ba964a39c73: start FollowerState
2019-10-15 16:29:36,058 [f5624850-682f-4ec5-bb5c-f79627fc299e@group-C25BD028928E-LeaderElection42] INFO  impl.LeaderElection (LeaderElection.java:logAndReturn(56)) - f5624850-682f-4ec5-bb5c-f79627fc299e@group-C25BD028928E-LeaderElection42: Election REJECTED; received 2 response(s) [f5624850-682f-4ec5-bb5c-f79627fc299e<-f581660d-af3d-4f5f-b57d-f4cb54f048b9#0:FAIL-t22, f5624850-682f-4ec5-bb5c-f79627fc299e<-14091fe6-d183-4b46-be93-2ba964a39c73#0:FAIL-t22] and 0 exception(s); f5624850-682f-4ec5-bb5c-f79627fc299e@group-C25BD028928E:t22, leader=null, voted=f5624850-682f-4ec5-bb5c-f79627fc299e, raftlog=f5624850-682f-4ec5-bb5c-f79627fc299e@group-C25BD028928E-SegmentedRaftLog:OPENED:c-1,f-1,i0, conf=-1: [f581660d-af3d-4f5f-b57d-f4cb54f048b9:192.168.164.239:42501, f5624850-682f-4ec5-bb5c-f79627fc299e:192.168.164.239:39499, 14091fe6-d183-4b46-be93-2ba964a39c73:192.168.164.239:34827], old=null
2019-10-15 16:29:36,058 [f5624850-682f-4ec5-bb5c-f79627fc299e@group-C25BD028928E-LeaderElection42] INFO  impl.RaftServerImpl (RaftServerImpl.java:setRole(184)) - f5624850-682f-4ec5-bb5c-f79627fc299e@group-C25BD028928E: changes role from CANDIDATE to FOLLOWER at term 22 for DISCOVERED_A_NEW_TERM
2019-10-15 16:29:36,059 [f5624850-682f-4ec5-bb5c-f79627fc299e@group-C25BD028928E-LeaderElection42] INFO  impl.RoleInfo (RoleInfo.java:shutdownLeaderElection(134)) - f5624850-682f-4ec5-bb5c-f79627fc299e: shutdown LeaderElection
2019-10-15 16:29:36,059 [f5624850-682f-4ec5-bb5c-f79627fc299e@group-C25BD028928E-LeaderElection42] INFO  impl.RoleInfo (RoleInfo.java:updateAndGet(143)) - f5624850-682f-4ec5-bb5c-f79627fc299e: start FollowerState
2019-10-15 16:29:36,081 [Thread-617] INFO  impl.FollowerState (FollowerState.java:run(108)) - f5624850-682f-4ec5-bb5c-f79627fc299e@group-C25BD028928E-FollowerState: change to CANDIDATE, lastRpcTime:22ms, electionTimeout:22ms
2019-10-15 16:29:36,081 [Thread-617] INFO  impl.RoleInfo (RoleInfo.java:shutdownFollowerState(121)) - f5624850-682f-4ec5-bb5c-f79627fc299e: shutdown FollowerState
2019-10-15 16:29:36,081 [Thread-617] INFO  impl.RaftServerImpl (RaftServerImpl.java:setRole(184)) - f5624850-682f-4ec5-bb5c-f79627fc299e@group-C25BD028928E: changes role from  FOLLOWER to CANDIDATE at term 22 for changeToCandidate
2019-10-15 16:29:36,082 [Thread-617] INFO  impl.RoleInfo (RoleInfo.java:updateAndGet(143)) - f5624850-682f-4ec5-bb5c-f79627fc299e: start LeaderElection
2019-10-15 16:29:36,107 [f5624850-682f-4ec5-bb5c-f79627fc299e@group-C25BD028928E-LeaderElection43] INFO  impl.LeaderElection (LeaderElection.java:askForVotes(178)) - f5624850-682f-4ec5-bb5c-f79627fc299e@group-C25BD028928E-LeaderElection43: begin an election at term 23 for -1: [f581660d-af3d-4f5f-b57d-f4cb54f048b9:192.168.164.239:42501, f5624850-682f-4ec5-bb5c-f79627fc299e:192.168.164.239:39499, 14091fe6-d183-4b46-be93-2ba964a39c73:192.168.164.239:34827], old=null
2019-10-15 16:29:36,110 [grpc-default-executor-1] INFO  impl.RaftServerImpl (RaftServerImpl.java:setRole(184)) - 14091fe6-d183-4b46-be93-2ba964a39c73@group-C25BD028928E: changes role from  FOLLOWER to FOLLOWER at term 23 for recognizeCandidate:f5624850-682f-4ec5-bb5c-f79627fc299e
2019-10-15 16:29:36,110 [grpc-default-executor-10] INFO  impl.RaftServerImpl (RaftServerImpl.java:setRole(184)) - f581660d-af3d-4f5f-b57d-f4cb54f048b9@group-C25BD028928E: changes role from  FOLLOWER to FOLLOWER at term 23 for recognizeCandidate:f5624850-682f-4ec5-bb5c-f79627fc299e
2019-10-15 16:29:36,111 [grpc-default-executor-1] INFO  impl.RoleInfo (RoleInfo.java:shutdownFollowerState(121)) - 14091fe6-d183-4b46-be93-2ba964a39c73: shutdown FollowerState
2019-10-15 16:29:36,111 [grpc-default-executor-10] INFO  impl.RoleInfo (RoleInfo.java:shutdownFollowerState(121)) - f581660d-af3d-4f5f-b57d-f4cb54f048b9: shutdown FollowerState
2019-10-15 16:29:36,111 [Thread-616] INFO  impl.FollowerState (FollowerState.java:run(117)) - 14091fe6-d183-4b46-be93-2ba964a39c73@group-C25BD028928E-FollowerState was interrupted: java.lang.InterruptedException: sleep interrupted
2019-10-15 16:29:36,111 [grpc-default-executor-10] INFO  impl.RoleInfo (RoleInfo.java:updateAndGet(143)) - f581660d-af3d-4f5f-b57d-f4cb54f048b9: start FollowerState
2019-10-15 16:29:36,111 [Thread-615] INFO  impl.FollowerState (FollowerState.java:run(117)) - f581660d-af3d-4f5f-b57d-f4cb54f048b9@group-C25BD028928E-FollowerState was interrupted: java.lang.InterruptedException: sleep interrupted
2019-10-15 16:29:36,111 [grpc-default-executor-1] INFO  impl.RoleInfo (RoleInfo.java:updateAndGet(143)) - 14091fe6-d183-4b46-be93-2ba964a39c73: start FollowerState
2019-10-15 16:29:36,134 [f5624850-682f-4ec5-bb5c-f79627fc299e@group-C25BD028928E-LeaderElection43] INFO  impl.LeaderElection (LeaderElection.java:logAndReturn(56)) - f5624850-682f-4ec5-bb5c-f79627fc299e@group-C25BD028928E-LeaderElection43: Election REJECTED; received 2 response(s) [f5624850-682f-4ec5-bb5c-f79627fc299e<-f581660d-af3d-4f5f-b57d-f4cb54f048b9#0:FAIL-t23, f5624850-682f-4ec5-bb5c-f79627fc299e<-14091fe6-d183-4b46-be93-2ba964a39c73#0:FAIL-t23] and 0 exception(s); f5624850-682f-4ec5-bb5c-f79627fc299e@group-C25BD028928E:t23, leader=null, voted=f5624850-682f-4ec5-bb5c-f79627fc299e, raftlog=f5624850-682f-4ec5-bb5c-f79627fc299e@group-C25BD028928E-SegmentedRaftLog:OPENED:c-1,f-1,i0, conf=-1: [f581660d-af3d-4f5f-b57d-f4cb54f048b9:192.168.164.239:42501, f5624850-682f-4ec5-bb5c-f79627fc299e:192.168.164.239:39499, 14091fe6-d183-4b46-be93-2ba964a39c73:192.168.164.239:34827], old=null
2019-10-15 16:29:36,135 [f5624850-682f-4ec5-bb5c-f79627fc299e@group-C25BD028928E-LeaderElection43] INFO  impl.RaftServerImpl (RaftServerImpl.java:setRole(184)) - f5624850-682f-4ec5-bb5c-f79627fc299e@group-C25BD028928E: changes role from CANDIDATE to FOLLOWER at term 23 for DISCOVERED_A_NEW_TERM
2019-10-15 16:29:36,135 [f5624850-682f-4ec5-bb5c-f79627fc299e@group-C25BD028928E-LeaderElection43] INFO  impl.RoleInfo (RoleInfo.java:shutdownLeaderElection(134)) - f5624850-682f-4ec5-bb5c-f79627fc299e: shutdown LeaderElection
2019-10-15 16:29:36,135 [f5624850-682f-4ec5-bb5c-f79627fc299e@group-C25BD028928E-LeaderElection43] INFO  impl.RoleInfo (RoleInfo.java:updateAndGet(143)) - f5624850-682f-4ec5-bb5c-f79627fc299e: start FollowerState
2019-10-15 16:29:36,146 [Thread-623] INFO  impl.FollowerState (FollowerState.java:run(108)) - f5624850-682f-4ec5-bb5c-f79627fc299e@group-C25BD028928E-FollowerState: change to CANDIDATE, lastRpcTime:11ms, electionTimeout:11ms
2019-10-15 16:29:36,147 [Thread-623] INFO  impl.RoleInfo (RoleInfo.java:shutdownFollowerState(121)) - f5624850-682f-4ec5-bb5c-f79627fc299e: shutdown FollowerState
2019-10-15 16:29:36,147 [Thread-623] INFO  impl.RaftServerImpl (RaftServerImpl.java:setRole(184)) - f5624850-682f-4ec5-bb5c-f79627fc299e@group-C25BD028928E: changes role from  FOLLOWER to CANDIDATE at term 23 for changeToCandidate
2019-10-15 16:29:36,147 [Thread-623] INFO  impl.RoleInfo (RoleInfo.java:updateAndGet(143)) - f5624850-682f-4ec5-bb5c-f79627fc299e: start LeaderElection
2019-10-15 16:29:36,175 [f5624850-682f-4ec5-bb5c-f79627fc299e@group-C25BD028928E-LeaderElection44] INFO  impl.LeaderElection (LeaderElection.java:askForVotes(178)) - f5624850-682f-4ec5-bb5c-f79627fc299e@group-C25BD028928E-LeaderElection44: begin an election at term 24 for -1: [f581660d-af3d-4f5f-b57d-f4cb54f048b9:192.168.164.239:42501, f5624850-682f-4ec5-bb5c-f79627fc299e:192.168.164.239:39499, 14091fe6-d183-4b46-be93-2ba964a39c73:192.168.164.239:34827], old=null
2019-10-15 16:29:36,177 [grpc-default-executor-1] INFO  impl.RaftServerImpl (RaftServerImpl.java:setRole(184)) - f581660d-af3d-4f5f-b57d-f4cb54f048b9@group-C25BD028928E: changes role from  FOLLOWER to FOLLOWER at term 24 for recognizeCandidate:f5624850-682f-4ec5-bb5c-f79627fc299e
2019-10-15 16:29:36,177 [grpc-default-executor-10] INFO  impl.RaftServerImpl (RaftServerImpl.java:setRole(184)) - 14091fe6-d183-4b46-be93-2ba964a39c73@group-C25BD028928E: changes role from  FOLLOWER to FOLLOWER at term 24 for recognizeCandidate:f5624850-682f-4ec5-bb5c-f79627fc299e
2019-10-15 16:29:36,178 [grpc-default-executor-1] INFO  impl.RoleInfo (RoleInfo.java:shutdownFollowerState(121)) - f581660d-af3d-4f5f-b57d-f4cb54f048b9: shutdown FollowerState
2019-10-15 16:29:36,178 [grpc-default-executor-10] INFO  impl.RoleInfo (RoleInfo.java:shutdownFollowerState(121)) - 14091fe6-d183-4b46-be93-2ba964a39c73: shutdown FollowerState
2019-10-15 16:29:36,178 [Thread-622] INFO  impl.FollowerState (FollowerState.java:run(117)) - f581660d-af3d-4f5f-b57d-f4cb54f048b9@group-C25BD028928E-FollowerState was interrupted: java.lang.InterruptedException: sleep interrupted
2019-10-15 16:29:36,178 [grpc-default-executor-10] INFO  impl.RoleInfo (RoleInfo.java:updateAndGet(143)) - 14091fe6-d183-4b46-be93-2ba964a39c73: start FollowerState
2019-10-15 16:29:36,178 [grpc-default-executor-1] INFO  impl.RoleInfo (RoleInfo.java:updateAndGet(143)) - f581660d-af3d-4f5f-b57d-f4cb54f048b9: start FollowerState
2019-10-15 16:29:36,178 [Thread-621] INFO  impl.FollowerState (FollowerState.java:run(117)) - 14091fe6-d183-4b46-be93-2ba964a39c73@group-C25BD028928E-FollowerState was interrupted: java.lang.InterruptedException: sleep interrupted
2019-10-15 16:29:36,201 [f5624850-682f-4ec5-bb5c-f79627fc299e@group-C25BD028928E-LeaderElection44] INFO  impl.LeaderElection (LeaderElection.java:logAndReturn(56)) - f5624850-682f-4ec5-bb5c-f79627fc299e@group-C25BD028928E-LeaderElection44: Election REJECTED; received 2 response(s) [f5624850-682f-4ec5-bb5c-f79627fc299e<-f581660d-af3d-4f5f-b57d-f4cb54f048b9#0:FAIL-t24, f5624850-682f-4ec5-bb5c-f79627fc299e<-14091fe6-d183-4b46-be93-2ba964a39c73#0:FAIL-t24] and 0 exception(s); f5624850-682f-4ec5-bb5c-f79627fc299e@group-C25BD028928E:t24, leader=null, voted=f5624850-682f-4ec5-bb5c-f79627fc299e, raftlog=f5624850-682f-4ec5-bb5c-f79627fc299e@group-C25BD028928E-SegmentedRaftLog:OPENED:c-1,f-1,i0, conf=-1: [f581660d-af3d-4f5f-b57d-f4cb54f048b9:192.168.164.239:42501, f5624850-682f-4ec5-bb5c-f79627fc299e:192.168.164.239:39499, 14091fe6-d183-4b46-be93-2ba964a39c73:192.168.164.239:34827], old=null
2019-10-15 16:29:36,202 [f5624850-682f-4ec5-bb5c-f79627fc299e@group-C25BD028928E-LeaderElection44] INFO  impl.RaftServerImpl (RaftServerImpl.java:setRole(184)) - f5624850-682f-4ec5-bb5c-f79627fc299e@group-C25BD028928E: changes role from CANDIDATE to FOLLOWER at term 24 for DISCOVERED_A_NEW_TERM
2019-10-15 16:29:36,202 [f5624850-682f-4ec5-bb5c-f79627fc299e@group-C25BD028928E-LeaderElection44] INFO  impl.RoleInfo (RoleInfo.java:shutdownLeaderElection(134)) - f5624850-682f-4ec5-bb5c-f79627fc299e: shutdown LeaderElection
2019-10-15 16:29:36,202 [f5624850-682f-4ec5-bb5c-f79627fc299e@group-C25BD028928E-LeaderElection44] INFO  impl.RoleInfo (RoleInfo.java:updateAndGet(143)) - f5624850-682f-4ec5-bb5c-f79627fc299e: start FollowerState
2019-10-15 16:29:36,272 [Thread-629] INFO  impl.FollowerState (FollowerState.java:run(108)) - f5624850-682f-4ec5-bb5c-f79627fc299e@group-C25BD028928E-FollowerState: change to CANDIDATE, lastRpcTime:70ms, electionTimeout:70ms
2019-10-15 16:29:36,272 [Thread-629] INFO  impl.RoleInfo (RoleInfo.java:shutdownFollowerState(121)) - f5624850-682f-4ec5-bb5c-f79627fc299e: shutdown FollowerState
2019-10-15 16:29:36,273 [Thread-629] INFO  impl.RaftServerImpl (RaftServerImpl.java:setRole(184)) - f5624850-682f-4ec5-bb5c-f79627fc299e@group-C25BD028928E: changes role from  FOLLOWER to CANDIDATE at term 24 for changeToCandidate
2019-10-15 16:29:36,273 [Thread-629] INFO  impl.RoleInfo (RoleInfo.java:updateAndGet(143)) - f5624850-682f-4ec5-bb5c-f79627fc299e: start LeaderElection
2019-10-15 16:29:36,300 [f5624850-682f-4ec5-bb5c-f79627fc299e@group-C25BD028928E-LeaderElection45] INFO  impl.LeaderElection (LeaderElection.java:askForVotes(178)) - f5624850-682f-4ec5-bb5c-f79627fc299e@group-C25BD028928E-LeaderElection45: begin an election at term 25 for -1: [f581660d-af3d-4f5f-b57d-f4cb54f048b9:192.168.164.239:42501, f5624850-682f-4ec5-bb5c-f79627fc299e:192.168.164.239:39499, 14091fe6-d183-4b46-be93-2ba964a39c73:192.168.164.239:34827], old=null
2019-10-15 16:29:36,303 [grpc-default-executor-1] INFO  impl.RaftServerImpl (RaftServerImpl.java:setRole(184)) - f581660d-af3d-4f5f-b57d-f4cb54f048b9@group-C25BD028928E: changes role from  FOLLOWER to FOLLOWER at term 25 for recognizeCandidate:f5624850-682f-4ec5-bb5c-f79627fc299e
2019-10-15 16:29:36,303 [grpc-default-executor-10] INFO  impl.RaftServerImpl (RaftServerImpl.java:setRole(184)) - 14091fe6-d183-4b46-be93-2ba964a39c73@group-C25BD028928E: changes role from  FOLLOWER to FOLLOWER at term 25 for recognizeCandidate:f5624850-682f-4ec5-bb5c-f79627fc299e
2019-10-15 16:29:36,303 [grpc-default-executor-1] INFO  impl.RoleInfo (RoleInfo.java:shutdownFollowerState(121)) - f581660d-af3d-4f5f-b57d-f4cb54f048b9: shutdown FollowerState
2019-10-15 16:29:36,303 [grpc-default-executor-10] INFO  impl.RoleInfo (RoleInfo.java:shutdownFollowerState(121)) - 14091fe6-d183-4b46-be93-2ba964a39c73: shutdown FollowerState
2019-10-15 16:29:36,303 [grpc-default-executor-1] INFO  impl.RoleInfo (RoleInfo.java:updateAndGet(143)) - f581660d-af3d-4f5f-b57d-f4cb54f048b9: start FollowerState
2019-10-15 16:29:36,303 [Thread-627] INFO  impl.FollowerState (FollowerState.java:run(117)) - f581660d-af3d-4f5f-b57d-f4cb54f048b9@group-C25BD028928E-FollowerState was interrupted: java.lang.InterruptedException: sleep interrupted
2019-10-15 16:29:36,304 [Thread-628] INFO  impl.FollowerState (FollowerState.java:run(117)) - 14091fe6-d183-4b46-be93-2ba964a39c73@group-C25BD028928E-FollowerState was interrupted: java.lang.InterruptedException: sleep interrupted
2019-10-15 16:29:36,304 [grpc-default-executor-10] INFO  impl.RoleInfo (RoleInfo.java:updateAndGet(143)) - 14091fe6-d183-4b46-be93-2ba964a39c73: start FollowerState
2019-10-15 16:29:36,327 [f5624850-682f-4ec5-bb5c-f79627fc299e@group-C25BD028928E-LeaderElection45] INFO  impl.LeaderElection (LeaderElection.java:logAndReturn(56)) - f5624850-682f-4ec5-bb5c-f79627fc299e@group-C25BD028928E-LeaderElection45: Election REJECTED; received 2 response(s) [f5624850-682f-4ec5-bb5c-f79627fc299e<-f581660d-af3d-4f5f-b57d-f4cb54f048b9#0:FAIL-t25, f5624850-682f-4ec5-bb5c-f79627fc299e<-14091fe6-d183-4b46-be93-2ba964a39c73#0:FAIL-t25] and 0 exception(s); f5624850-682f-4ec5-bb5c-f79627fc299e@group-C25BD028928E:t25, leader=null, voted=f5624850-682f-4ec5-bb5c-f79627fc299e, raftlog=f5624850-682f-4ec5-bb5c-f79627fc299e@group-C25BD028928E-SegmentedRaftLog:OPENED:c-1,f-1,i0, conf=-1: [f581660d-af3d-4f5f-b57d-f4cb54f048b9:192.168.164.239:42501, f5624850-682f-4ec5-bb5c-f79627fc299e:192.168.164.239:39499, 14091fe6-d183-4b46-be93-2ba964a39c73:192.168.164.239:34827], old=null
2019-10-15 16:29:36,327 [f5624850-682f-4ec5-bb5c-f79627fc299e@group-C25BD028928E-LeaderElection45] INFO  impl.RaftServerImpl (RaftServerImpl.java:setRole(184)) - f5624850-682f-4ec5-bb5c-f79627fc299e@group-C25BD028928E: changes role from CANDIDATE to FOLLOWER at term 25 for DISCOVERED_A_NEW_TERM
2019-10-15 16:29:36,327 [f5624850-682f-4ec5-bb5c-f79627fc299e@group-C25BD028928E-LeaderElection45] INFO  impl.RoleInfo (RoleInfo.java:shutdownLeaderElection(134)) - f5624850-682f-4ec5-bb5c-f79627fc299e: shutdown LeaderElection
2019-10-15 16:29:36,328 [f5624850-682f-4ec5-bb5c-f79627fc299e@group-C25BD028928E-LeaderElection45] INFO  impl.RoleInfo (RoleInfo.java:updateAndGet(143)) - f5624850-682f-4ec5-bb5c-f79627fc299e: start FollowerState
2019-10-15 16:29:36,353 [Thread-635] INFO  impl.FollowerState (FollowerState.java:run(108)) - f5624850-682f-4ec5-bb5c-f79627fc299e@group-C25BD028928E-FollowerState: change to CANDIDATE, lastRpcTime:25ms, electionTimeout:25ms
2019-10-15 16:29:36,353 [Thread-635] INFO  impl.RoleInfo (RoleInfo.java:shutdownFollowerState(121)) - f5624850-682f-4ec5-bb5c-f79627fc299e: shutdown FollowerState
2019-10-15 16:29:36,353 [Thread-635] INFO  impl.RaftServerImpl (RaftServerImpl.java:setRole(184)) - f5624850-682f-4ec5-bb5c-f79627fc299e@group-C25BD028928E: changes role from  FOLLOWER to CANDIDATE at term 25 for changeToCandidate
2019-10-15 16:29:36,353 [Thread-635] INFO  impl.RoleInfo (RoleInfo.java:updateAndGet(143)) - f5624850-682f-4ec5-bb5c-f79627fc299e: start LeaderElection
2019-10-15 16:29:36,376 [f5624850-682f-4ec5-bb5c-f79627fc299e@group-C25BD028928E-LeaderElection46] INFO  impl.LeaderElection (LeaderElection.java:askForVotes(178)) - f5624850-682f-4ec5-bb5c-f79627fc299e@group-C25BD028928E-LeaderElection46: begin an election at term 26 for -1: [f581660d-af3d-4f5f-b57d-f4cb54f048b9:192.168.164.239:42501, f5624850-682f-4ec5-bb5c-f79627fc299e:192.168.164.239:39499, 14091fe6-d183-4b46-be93-2ba964a39c73:192.168.164.239:34827], old=null
2019-10-15 16:29:36,379 [grpc-default-executor-10] INFO  impl.RaftServerImpl (RaftServerImpl.java:setRole(184)) - 14091fe6-d183-4b46-be93-2ba964a39c73@group-C25BD028928E: changes role from  FOLLOWER to FOLLOWER at term 26 for recognizeCandidate:f5624850-682f-4ec5-bb5c-f79627fc299e
2019-10-15 16:29:36,379 [grpc-default-executor-1] INFO  impl.RaftServerImpl (RaftServerImpl.java:setRole(184)) - f581660d-af3d-4f5f-b57d-f4cb54f048b9@group-C25BD028928E: changes role from  FOLLOWER to FOLLOWER at term 26 for recognizeCandidate:f5624850-682f-4ec5-bb5c-f79627fc299e
2019-10-15 16:29:36,379 [grpc-default-executor-10] INFO  impl.RoleInfo (RoleInfo.java:shutdownFollowerState(121)) - 14091fe6-d183-4b46-be93-2ba964a39c73: shutdown FollowerState
2019-10-15 16:29:36,379 [grpc-default-executor-1] INFO  impl.RoleInfo (RoleInfo.java:shutdownFollowerState(121)) - f581660d-af3d-4f5f-b57d-f4cb54f048b9: shutdown FollowerState
2019-10-15 16:29:36,380 [grpc-default-executor-10] INFO  impl.RoleInfo (RoleInfo.java:updateAndGet(143)) - 14091fe6-d183-4b46-be93-2ba964a39c73: start FollowerState
2019-10-15 16:29:36,380 [Thread-634] INFO  impl.FollowerState (FollowerState.java:run(117)) - 14091fe6-d183-4b46-be93-2ba964a39c73@group-C25BD028928E-FollowerState was interrupted: java.lang.InterruptedException: sleep interrupted
2019-10-15 16:29:36,380 [Thread-633] INFO  impl.FollowerState (FollowerState.java:run(117)) - f581660d-af3d-4f5f-b57d-f4cb54f048b9@group-C25BD028928E-FollowerState was interrupted: java.lang.InterruptedException: sleep interrupted
2019-10-15 16:29:36,380 [grpc-default-executor-1] INFO  impl.RoleInfo (RoleInfo.java:updateAndGet(143)) - f581660d-af3d-4f5f-b57d-f4cb54f048b9: start FollowerState
2019-10-15 16:29:36,403 [f5624850-682f-4ec5-bb5c-f79627fc299e@group-C25BD028928E-LeaderElection46] INFO  impl.LeaderElection (LeaderElection.java:logAndReturn(56)) - f5624850-682f-4ec5-bb5c-f79627fc299e@group-C25BD028928E-LeaderElection46: Election REJECTED; received 2 response(s) [f5624850-682f-4ec5-bb5c-f79627fc299e<-f581660d-af3d-4f5f-b57d-f4cb54f048b9#0:FAIL-t26, f5624850-682f-4ec5-bb5c-f79627fc299e<-14091fe6-d183-4b46-be93-2ba964a39c73#0:FAIL-t26] and 0 exception(s); f5624850-682f-4ec5-bb5c-f79627fc299e@group-C25BD028928E:t26, leader=null, voted=f5624850-682f-4ec5-bb5c-f79627fc299e, raftlog=f5624850-682f-4ec5-bb5c-f79627fc299e@group-C25BD028928E-SegmentedRaftLog:OPENED:c-1,f-1,i0, conf=-1: [f581660d-af3d-4f5f-b57d-f4cb54f048b9:192.168.164.239:42501, f5624850-682f-4ec5-bb5c-f79627fc299e:192.168.164.239:39499, 14091fe6-d183-4b46-be93-2ba964a39c73:192.168.164.239:34827], old=null
2019-10-15 16:29:36,403 [f5624850-682f-4ec5-bb5c-f79627fc299e@group-C25BD028928E-LeaderElection46] INFO  impl.RaftServerImpl (RaftServerImpl.java:setRole(184)) - f5624850-682f-4ec5-bb5c-f79627fc299e@group-C25BD028928E: changes role from CANDIDATE to FOLLOWER at term 26 for DISCOVERED_A_NEW_TERM
2019-10-15 16:29:36,403 [f5624850-682f-4ec5-bb5c-f79627fc299e@group-C25BD028928E-LeaderElection46] INFO  impl.RoleInfo (RoleInfo.java:shutdownLeaderElection(134)) - f5624850-682f-4ec5-bb5c-f79627fc299e: shutdown LeaderElection
2019-10-15 16:29:36,403 [f5624850-682f-4ec5-bb5c-f79627fc299e@group-C25BD028928E-LeaderElection46] INFO  impl.RoleInfo (RoleInfo.java:updateAndGet(143)) - f5624850-682f-4ec5-bb5c-f79627fc299e: start FollowerState
2019-10-15 16:29:36,527 [Thread-641] INFO  impl.FollowerState (FollowerState.java:run(108)) - f5624850-682f-4ec5-bb5c-f79627fc299e@group-C25BD028928E-FollowerState: change to CANDIDATE, lastRpcTime:124ms, electionTimeout:124ms
2019-10-15 16:29:36,528 [Thread-641] INFO  impl.RoleInfo (RoleInfo.java:shutdownFollowerState(121)) - f5624850-682f-4ec5-bb5c-f79627fc299e: shutdown FollowerState
2019-10-15 16:29:36,528 [Thread-641] INFO  impl.RaftServerImpl (RaftServerImpl.java:setRole(184)) - f5624850-682f-4ec5-bb5c-f79627fc299e@group-C25BD028928E: changes role from  FOLLOWER to CANDIDATE at term 26 for changeToCandidate
2019-10-15 16:29:36,528 [Thread-641] INFO  impl.RoleInfo (RoleInfo.java:updateAndGet(143)) - f5624850-682f-4ec5-bb5c-f79627fc299e: start LeaderElection
2019-10-15 16:29:36,552 [f5624850-682f-4ec5-bb5c-f79627fc299e@group-C25BD028928E-LeaderElection47] INFO  impl.LeaderElection (LeaderElection.java:askForVotes(178)) - f5624850-682f-4ec5-bb5c-f79627fc299e@group-C25BD028928E-LeaderElection47: begin an election at term 27 for -1: [f581660d-af3d-4f5f-b57d-f4cb54f048b9:192.168.164.239:42501, f5624850-682f-4ec5-bb5c-f79627fc299e:192.168.164.239:39499, 14091fe6-d183-4b46-be93-2ba964a39c73:192.168.164.239:34827], old=null
2019-10-15 16:29:36,554 [grpc-default-executor-1] INFO  impl.RaftServerImpl (RaftServerImpl.java:setRole(184)) - f581660d-af3d-4f5f-b57d-f4cb54f048b9@group-C25BD028928E: changes role from  FOLLOWER to FOLLOWER at term 27 for recognizeCandidate:f5624850-682f-4ec5-bb5c-f79627fc299e
2019-10-15 16:29:36,554 [grpc-default-executor-10] INFO  impl.RaftServerImpl (RaftServerImpl.java:setRole(184)) - 14091fe6-d183-4b46-be93-2ba964a39c73@group-C25BD028928E: changes role from  FOLLOWER to FOLLOWER at term 27 for recognizeCandidate:f5624850-682f-4ec5-bb5c-f79627fc299e
2019-10-15 16:29:36,555 [grpc-default-executor-1] INFO  impl.RoleInfo (RoleInfo.java:shutdownFollowerState(121)) - f581660d-af3d-4f5f-b57d-f4cb54f048b9: shutdown FollowerState
2019-10-15 16:29:36,555 [grpc-default-executor-10] INFO  impl.RoleInfo (RoleInfo.java:shutdownFollowerState(121)) - 14091fe6-d183-4b46-be93-2ba964a39c73: shutdown FollowerState
2019-10-15 16:29:36,555 [Thread-640] INFO  impl.FollowerState (FollowerState.java:run(117)) - f581660d-af3d-4f5f-b57d-f4cb54f048b9@group-C25BD028928E-FollowerState was interrupted: java.lang.InterruptedException: sleep interrupted
2019-10-15 16:29:36,555 [grpc-default-executor-1] INFO  impl.RoleInfo (RoleInfo.java:updateAndGet(143)) - f581660d-af3d-4f5f-b57d-f4cb54f048b9: start FollowerState
2019-10-15 16:29:36,555 [grpc-default-executor-10] INFO  impl.RoleInfo (RoleInfo.java:updateAndGet(143)) - 14091fe6-d183-4b46-be93-2ba964a39c73: start FollowerState
2019-10-15 16:29:36,555 [Thread-639] INFO  impl.FollowerState (FollowerState.java:run(117)) - 14091fe6-d183-4b46-be93-2ba964a39c73@group-C25BD028928E-FollowerState was interrupted: java.lang.InterruptedException: sleep interrupted
2019-10-15 16:29:36,579 [f5624850-682f-4ec5-bb5c-f79627fc299e@group-C25BD028928E-LeaderElection47] INFO  impl.LeaderElection (LeaderElection.java:logAndReturn(56)) - f5624850-682f-4ec5-bb5c-f79627fc299e@group-C25BD028928E-LeaderElection47: Election REJECTED; received 2 response(s) [f5624850-682f-4ec5-bb5c-f79627fc299e<-f581660d-af3d-4f5f-b57d-f4cb54f048b9#0:FAIL-t27, f5624850-682f-4ec5-bb5c-f79627fc299e<-14091fe6-d183-4b46-be93-2ba964a39c73#0:FAIL-t27] and 0 exception(s); f5624850-682f-4ec5-bb5c-f79627fc299e@group-C25BD028928E:t27, leader=null, voted=f5624850-682f-4ec5-bb5c-f79627fc299e, raftlog=f5624850-682f-4ec5-bb5c-f79627fc299e@group-C25BD028928E-SegmentedRaftLog:OPENED:c-1,f-1,i0, conf=-1: [f581660d-af3d-4f5f-b57d-f4cb54f048b9:192.168.164.239:42501, f5624850-682f-4ec5-bb5c-f79627fc299e:192.168.164.239:39499, 14091fe6-d183-4b46-be93-2ba964a39c73:192.168.164.239:34827], old=null
2019-10-15 16:29:36,579 [f5624850-682f-4ec5-bb5c-f79627fc299e@group-C25BD028928E-LeaderElection47] INFO  impl.RaftServerImpl (RaftServerImpl.java:setRole(184)) - f5624850-682f-4ec5-bb5c-f79627fc299e@group-C25BD028928E: changes role from CANDIDATE to FOLLOWER at term 27 for DISCOVERED_A_NEW_TERM
2019-10-15 16:29:36,579 [f5624850-682f-4ec5-bb5c-f79627fc299e@group-C25BD028928E-LeaderElection47] INFO  impl.RoleInfo (RoleInfo.java:shutdownLeaderElection(134)) - f5624850-682f-4ec5-bb5c-f79627fc299e: shutdown LeaderElection
2019-10-15 16:29:36,579 [f5624850-682f-4ec5-bb5c-f79627fc299e@group-C25BD028928E-LeaderElection47] INFO  impl.RoleInfo (RoleInfo.java:updateAndGet(143)) - f5624850-682f-4ec5-bb5c-f79627fc299e: start FollowerState
2019-10-15 16:29:36,703 [Thread-651] INFO  impl.FollowerState (FollowerState.java:run(108)) - f5624850-682f-4ec5-bb5c-f79627fc299e@group-C25BD028928E-FollowerState: change to CANDIDATE, lastRpcTime:124ms, electionTimeout:124ms
2019-10-15 16:29:36,704 [Thread-651] INFO  impl.RoleInfo (RoleInfo.java:shutdownFollowerState(121)) - f5624850-682f-4ec5-bb5c-f79627fc299e: shutdown FollowerState
2019-10-15 16:29:36,704 [Thread-651] INFO  impl.RaftServerImpl (RaftServerImpl.java:setRole(184)) - f5624850-682f-4ec5-bb5c-f79627fc299e@group-C25BD028928E: changes role from  FOLLOWER to CANDIDATE at term 27 for changeToCandidate
2019-10-15 16:29:36,704 [Thread-651] INFO  impl.RoleInfo (RoleInfo.java:updateAndGet(143)) - f5624850-682f-4ec5-bb5c-f79627fc299e: start LeaderElection
2019-10-15 16:29:36,737 [f5624850-682f-4ec5-bb5c-f79627fc299e@group-C25BD028928E-LeaderElection48] INFO  impl.LeaderElection (LeaderElection.java:askForVotes(178)) - f5624850-682f-4ec5-bb5c-f79627fc299e@group-C25BD028928E-LeaderElection48: begin an election at term 28 for -1: [f581660d-af3d-4f5f-b57d-f4cb54f048b9:192.168.164.239:42501, f5624850-682f-4ec5-bb5c-f79627fc299e:192.168.164.239:39499, 14091fe6-d183-4b46-be93-2ba964a39c73:192.168.164.239:34827], old=null
2019-10-15 16:29:36,744 [grpc-default-executor-1] INFO  impl.RaftServerImpl (RaftServerImpl.java:setRole(184)) - f581660d-af3d-4f5f-b57d-f4cb54f048b9@group-C25BD028928E: changes role from  FOLLOWER to FOLLOWER at term 28 for recognizeCandidate:f5624850-682f-4ec5-bb5c-f79627fc299e
2019-10-15 16:29:36,744 [grpc-default-executor-10] INFO  impl.RaftServerImpl (RaftServerImpl.java:setRole(184)) - 14091fe6-d183-4b46-be93-2ba964a39c73@group-C25BD028928E: changes role from  FOLLOWER to FOLLOWER at term 28 for recognizeCandidate:f5624850-682f-4ec5-bb5c-f79627fc299e
2019-10-15 16:29:36,744 [grpc-default-executor-1] INFO  impl.RoleInfo (RoleInfo.java:shutdownFollowerState(121)) - f581660d-af3d-4f5f-b57d-f4cb54f048b9: shutdown FollowerState
2019-10-15 16:29:36,744 [grpc-default-executor-10] INFO  impl.RoleInfo (RoleInfo.java:shutdownFollowerState(121)) - 14091fe6-d183-4b46-be93-2ba964a39c73: shutdown FollowerState
2019-10-15 16:29:36,744 [Thread-649] INFO  impl.FollowerState (FollowerState.java:run(117)) - f581660d-af3d-4f5f-b57d-f4cb54f048b9@group-C25BD028928E-FollowerState was interrupted: java.lang.InterruptedException: sleep interrupted
2019-10-15 16:29:36,744 [Thread-650] INFO  impl.FollowerState (FollowerState.java:run(117)) - 14091fe6-d183-4b46-be93-2ba964a39c73@group-C25BD028928E-FollowerState was interrupted: java.lang.InterruptedException: sleep interrupted
2019-10-15 16:29:36,744 [grpc-default-executor-1] INFO  impl.RoleInfo (RoleInfo.java:updateAndGet(143)) - f581660d-af3d-4f5f-b57d-f4cb54f048b9: start FollowerState
2019-10-15 16:29:36,744 [grpc-default-executor-10] INFO  impl.RoleInfo (RoleInfo.java:updateAndGet(143)) - 14091fe6-d183-4b46-be93-2ba964a39c73: start FollowerState
2019-10-15 16:29:36,771 [f5624850-682f-4ec5-bb5c-f79627fc299e@group-C25BD028928E-LeaderElection48] INFO  impl.LeaderElection (LeaderElection.java:logAndReturn(56)) - f5624850-682f-4ec5-bb5c-f79627fc299e@group-C25BD028928E-LeaderElection48: Election REJECTED; received 2 response(s) [f5624850-682f-4ec5-bb5c-f79627fc299e<-f581660d-af3d-4f5f-b57d-f4cb54f048b9#0:FAIL-t28, f5624850-682f-4ec5-bb5c-f79627fc299e<-14091fe6-d183-4b46-be93-2ba964a39c73#0:FAIL-t28] and 0 exception(s); f5624850-682f-4ec5-bb5c-f79627fc299e@group-C25BD028928E:t28, leader=null, voted=f5624850-682f-4ec5-bb5c-f79627fc299e, raftlog=f5624850-682f-4ec5-bb5c-f79627fc299e@group-C25BD028928E-SegmentedRaftLog:OPENED:c-1,f-1,i0, conf=-1: [f581660d-af3d-4f5f-b57d-f4cb54f048b9:192.168.164.239:42501, f5624850-682f-4ec5-bb5c-f79627fc299e:192.168.164.239:39499, 14091fe6-d183-4b46-be93-2ba964a39c73:192.168.164.239:34827], old=null
2019-10-15 16:29:36,771 [f5624850-682f-4ec5-bb5c-f79627fc299e@group-C25BD028928E-LeaderElection48] INFO  impl.RaftServerImpl (RaftServerImpl.java:setRole(184)) - f5624850-682f-4ec5-bb5c-f79627fc299e@group-C25BD028928E: changes role from CANDIDATE to FOLLOWER at term 28 for DISCOVERED_A_NEW_TERM
2019-10-15 16:29:36,771 [f5624850-682f-4ec5-bb5c-f79627fc299e@group-C25BD028928E-LeaderElection48] INFO  impl.RoleInfo (RoleInfo.java:shutdownLeaderElection(134)) - f5624850-682f-4ec5-bb5c-f79627fc299e: shutdown LeaderElection
2019-10-15 16:29:36,772 [f5624850-682f-4ec5-bb5c-f79627fc299e@group-C25BD028928E-LeaderElection48] INFO  impl.RoleInfo (RoleInfo.java:updateAndGet(143)) - f5624850-682f-4ec5-bb5c-f79627fc299e: start FollowerState
2019-10-15 16:29:36,810 [Thread-659] INFO  impl.FollowerState (FollowerState.java:run(108)) - f5624850-682f-4ec5-bb5c-f79627fc299e@group-C25BD028928E-FollowerState: change to CANDIDATE, lastRpcTime:38ms, electionTimeout:38ms
2019-10-15 16:29:36,810 [Thread-659] INFO  impl.RoleInfo (RoleInfo.java:shutdownFollowerState(121)) - f5624850-682f-4ec5-bb5c-f79627fc299e: shutdown FollowerState
2019-10-15 16:29:36,810 [Thread-659] INFO  impl.RaftServerImpl (RaftServerImpl.java:setRole(184)) - f5624850-682f-4ec5-bb5c-f79627fc299e@group-C25BD028928E: changes role from  FOLLOWER to CANDIDATE at term 28 for changeToCandidate
2019-10-15 16:29:36,811 [Thread-659] INFO  impl.RoleInfo (RoleInfo.java:updateAndGet(143)) - f5624850-682f-4ec5-bb5c-f79627fc299e: start LeaderElection
2019-10-15 16:29:36,838 [f5624850-682f-4ec5-bb5c-f79627fc299e@group-C25BD028928E-LeaderElection49] INFO  impl.LeaderElection (LeaderElection.java:askForVotes(178)) - f5624850-682f-4ec5-bb5c-f79627fc299e@group-C25BD028928E-LeaderElection49: begin an election at term 29 for -1: [f581660d-af3d-4f5f-b57d-f4cb54f048b9:192.168.164.239:42501, f5624850-682f-4ec5-bb5c-f79627fc299e:192.168.164.239:39499, 14091fe6-d183-4b46-be93-2ba964a39c73:192.168.164.239:34827], old=null
2019-10-15 16:29:36,840 [grpc-default-executor-10] INFO  impl.RaftServerImpl (RaftServerImpl.java:setRole(184)) - f581660d-af3d-4f5f-b57d-f4cb54f048b9@group-C25BD028928E: changes role from  FOLLOWER to FOLLOWER at term 29 for recognizeCandidate:f5624850-682f-4ec5-bb5c-f79627fc299e
2019-10-15 16:29:36,840 [grpc-default-executor-1] INFO  impl.RaftServerImpl (RaftServerImpl.java:setRole(184)) - 14091fe6-d183-4b46-be93-2ba964a39c73@group-C25BD028928E: changes role from  FOLLOWER to FOLLOWER at term 29 for recognizeCandidate:f5624850-682f-4ec5-bb5c-f79627fc299e
2019-10-15 16:29:36,840 [grpc-default-executor-10] INFO  impl.RoleInfo (RoleInfo.java:shutdownFollowerState(121)) - f581660d-af3d-4f5f-b57d-f4cb54f048b9: shutdown FollowerState
2019-10-15 16:29:36,840 [grpc-default-executor-1] INFO  impl.RoleInfo (RoleInfo.java:shutdownFollowerState(121)) - 14091fe6-d183-4b46-be93-2ba964a39c73: shutdown FollowerState
2019-10-15 16:29:36,841 [Thread-657] INFO  impl.FollowerState (FollowerState.java:run(117)) - f581660d-af3d-4f5f-b57d-f4cb54f048b9@group-C25BD028928E-FollowerState was interrupted: java.lang.InterruptedException: sleep interrupted
2019-10-15 16:29:36,841 [Thread-658] INFO  impl.FollowerState (FollowerState.java:run(117)) - 14091fe6-d183-4b46-be93-2ba964a39c73@group-C25BD028928E-FollowerState was interrupted: java.lang.InterruptedException: sleep interrupted
2019-10-15 16:29:36,841 [grpc-default-executor-1] INFO  impl.RoleInfo (RoleInfo.java:updateAndGet(143)) - 14091fe6-d183-4b46-be93-2ba964a39c73: start FollowerState
2019-10-15 16:29:36,841 [grpc-default-executor-10] INFO  impl.RoleInfo (RoleInfo.java:updateAndGet(143)) - f581660d-af3d-4f5f-b57d-f4cb54f048b9: start FollowerState
2019-10-15 16:29:36,864 [f5624850-682f-4ec5-bb5c-f79627fc299e@group-C25BD028928E-LeaderElection49] INFO  impl.LeaderElection (LeaderElection.java:logAndReturn(56)) - f5624850-682f-4ec5-bb5c-f79627fc299e@group-C25BD028928E-LeaderElection49: Election REJECTED; received 2 response(s) [f5624850-682f-4ec5-bb5c-f79627fc299e<-f581660d-af3d-4f5f-b57d-f4cb54f048b9#0:FAIL-t29, f5624850-682f-4ec5-bb5c-f79627fc299e<-14091fe6-d183-4b46-be93-2ba964a39c73#0:FAIL-t29] and 0 exception(s); f5624850-682f-4ec5-bb5c-f79627fc299e@group-C25BD028928E:t29, leader=null, voted=f5624850-682f-4ec5-bb5c-f79627fc299e, raftlog=f5624850-682f-4ec5-bb5c-f79627fc299e@group-C25BD028928E-SegmentedRaftLog:OPENED:c-1,f-1,i0, conf=-1: [f581660d-af3d-4f5f-b57d-f4cb54f048b9:192.168.164.239:42501, f5624850-682f-4ec5-bb5c-f79627fc299e:192.168.164.239:39499, 14091fe6-d183-4b46-be93-2ba964a39c73:192.168.164.239:34827], old=null
2019-10-15 16:29:36,865 [f5624850-682f-4ec5-bb5c-f79627fc299e@group-C25BD028928E-LeaderElection49] INFO  impl.RaftServerImpl (RaftServerImpl.java:setRole(184)) - f5624850-682f-4ec5-bb5c-f79627fc299e@group-C25BD028928E: changes role from CANDIDATE to FOLLOWER at term 29 for DISCOVERED_A_NEW_TERM
2019-10-15 16:29:36,865 [f5624850-682f-4ec5-bb5c-f79627fc299e@group-C25BD028928E-LeaderElection49] INFO  impl.RoleInfo (RoleInfo.java:shutdownLeaderElection(134)) - f5624850-682f-4ec5-bb5c-f79627fc299e: shutdown LeaderElection
2019-10-15 16:29:36,865 [f5624850-682f-4ec5-bb5c-f79627fc299e@group-C25BD028928E-LeaderElection49] INFO  impl.RoleInfo (RoleInfo.java:updateAndGet(143)) - f5624850-682f-4ec5-bb5c-f79627fc299e: start FollowerState
2019-10-15 16:29:37,045 [Thread-665] INFO  impl.FollowerState (FollowerState.java:run(108)) - f5624850-682f-4ec5-bb5c-f79627fc299e@group-C25BD028928E-FollowerState: change to CANDIDATE, lastRpcTime:180ms, electionTimeout:180ms
2019-10-15 16:29:37,046 [Thread-665] INFO  impl.RoleInfo (RoleInfo.java:shutdownFollowerState(121)) - f5624850-682f-4ec5-bb5c-f79627fc299e: shutdown FollowerState
2019-10-15 16:29:37,046 [Thread-665] INFO  impl.RaftServerImpl (RaftServerImpl.java:setRole(184)) - f5624850-682f-4ec5-bb5c-f79627fc299e@group-C25BD028928E: changes role from  FOLLOWER to CANDIDATE at term 29 for changeToCandidate
2019-10-15 16:29:37,046 [Thread-665] INFO  impl.RoleInfo (RoleInfo.java:updateAndGet(143)) - f5624850-682f-4ec5-bb5c-f79627fc299e: start LeaderElection
2019-10-15 16:29:37,072 [f5624850-682f-4ec5-bb5c-f79627fc299e@group-C25BD028928E-LeaderElection50] INFO  impl.LeaderElection (LeaderElection.java:askForVotes(178)) - f5624850-682f-4ec5-bb5c-f79627fc299e@group-C25BD028928E-LeaderElection50: begin an election at term 30 for -1: [f581660d-af3d-4f5f-b57d-f4cb54f048b9:192.168.164.239:42501, f5624850-682f-4ec5-bb5c-f79627fc299e:192.168.164.239:39499, 14091fe6-d183-4b46-be93-2ba964a39c73:192.168.164.239:34827], old=null
2019-10-15 16:29:37,075 [grpc-default-executor-1] INFO  impl.RaftServerImpl (RaftServerImpl.java:setRole(184)) - 14091fe6-d183-4b46-be93-2ba964a39c73@group-C25BD028928E: changes role from  FOLLOWER to FOLLOWER at term 30 for recognizeCandidate:f5624850-682f-4ec5-bb5c-f79627fc299e
2019-10-15 16:29:37,075 [grpc-default-executor-10] INFO  impl.RaftServerImpl (RaftServerImpl.java:setRole(184)) - f581660d-af3d-4f5f-b57d-f4cb54f048b9@group-C25BD028928E: changes role from  FOLLOWER to FOLLOWER at term 30 for recognizeCandidate:f5624850-682f-4ec5-bb5c-f79627fc299e
2019-10-15 16:29:37,075 [grpc-default-executor-1] INFO  impl.RoleInfo (RoleInfo.java:shutdownFollowerState(121)) - 14091fe6-d183-4b46-be93-2ba964a39c73: shutdown FollowerState
2019-10-15 16:29:37,076 [grpc-default-executor-10] INFO  impl.RoleInfo (RoleInfo.java:shutdownFollowerState(121)) - f581660d-af3d-4f5f-b57d-f4cb54f048b9: shutdown FollowerState
2019-10-15 16:29:37,076 [Thread-664] INFO  impl.FollowerState (FollowerState.java:run(117)) - 14091fe6-d183-4b46-be93-2ba964a39c73@group-C25BD028928E-FollowerState was interrupted: java.lang.InterruptedException: sleep interrupted
2019-10-15 16:29:37,076 [grpc-default-executor-1] INFO  impl.RoleInfo (RoleInfo.java:updateAndGet(143)) - 14091fe6-d183-4b46-be93-2ba964a39c73: start FollowerState
2019-10-15 16:29:37,076 [grpc-default-executor-10] INFO  impl.RoleInfo (RoleInfo.java:updateAndGet(143)) - f581660d-af3d-4f5f-b57d-f4cb54f048b9: start FollowerState
2019-10-15 16:29:37,076 [Thread-663] INFO  impl.FollowerState (FollowerState.java:run(117)) - f581660d-af3d-4f5f-b57d-f4cb54f048b9@group-C25BD028928E-FollowerState was interrupted: java.lang.InterruptedException: sleep interrupted
2019-10-15 16:29:37,107 [f5624850-682f-4ec5-bb5c-f79627fc299e@group-C25BD028928E-LeaderElection50] INFO  impl.LeaderElection (LeaderElection.java:logAndReturn(56)) - f5624850-682f-4ec5-bb5c-f79627fc299e@group-C25BD028928E-LeaderElection50: Election REJECTED; received 2 response(s) [f5624850-682f-4ec5-bb5c-f79627fc299e<-f581660d-af3d-4f5f-b57d-f4cb54f048b9#0:FAIL-t30, f5624850-682f-4ec5-bb5c-f79627fc299e<-14091fe6-d183-4b46-be93-2ba964a39c73#0:FAIL-t30] and 0 exception(s); f5624850-682f-4ec5-bb5c-f79627fc299e@group-C25BD028928E:t30, leader=null, voted=f5624850-682f-4ec5-bb5c-f79627fc299e, raftlog=f5624850-682f-4ec5-bb5c-f79627fc299e@group-C25BD028928E-SegmentedRaftLog:OPENED:c-1,f-1,i0, conf=-1: [f581660d-af3d-4f5f-b57d-f4cb54f048b9:192.168.164.239:42501, f5624850-682f-4ec5-bb5c-f79627fc299e:192.168.164.239:39499, 14091fe6-d183-4b46-be93-2ba964a39c73:192.168.164.239:34827], old=null
2019-10-15 16:29:37,107 [f5624850-682f-4ec5-bb5c-f79627fc299e@group-C25BD028928E-LeaderElection50] INFO  impl.RaftServerImpl (RaftServerImpl.java:setRole(184)) - f5624850-682f-4ec5-bb5c-f79627fc299e@group-C25BD028928E: changes role from CANDIDATE to FOLLOWER at term 30 for DISCOVERED_A_NEW_TERM
2019-10-15 16:29:37,107 [f5624850-682f-4ec5-bb5c-f79627fc299e@group-C25BD028928E-LeaderElection50] INFO  impl.RoleInfo (RoleInfo.java:shutdownLeaderElection(134)) - f5624850-682f-4ec5-bb5c-f79627fc299e: shutdown LeaderElection
2019-10-15 16:29:37,108 [f5624850-682f-4ec5-bb5c-f79627fc299e@group-C25BD028928E-LeaderElection50] INFO  impl.RoleInfo (RoleInfo.java:updateAndGet(143)) - f5624850-682f-4ec5-bb5c-f79627fc299e: start FollowerState
2019-10-15 16:29:37,244 [Thread-675] INFO  impl.FollowerState (FollowerState.java:run(108)) - f5624850-682f-4ec5-bb5c-f79627fc299e@group-C25BD028928E-FollowerState: change to CANDIDATE, lastRpcTime:136ms, electionTimeout:136ms
2019-10-15 16:29:37,244 [Thread-675] INFO  impl.RoleInfo (RoleInfo.java:shutdownFollowerState(121)) - f5624850-682f-4ec5-bb5c-f79627fc299e: shutdown FollowerState
2019-10-15 16:29:37,244 [Thread-675] INFO  impl.RaftServerImpl (RaftServerImpl.java:setRole(184)) - f5624850-682f-4ec5-bb5c-f79627fc299e@group-C25BD028928E: changes role from  FOLLOWER to CANDIDATE at term 30 for changeToCandidate
2019-10-15 16:29:37,245 [Thread-675] INFO  impl.RoleInfo (RoleInfo.java:updateAndGet(143)) - f5624850-682f-4ec5-bb5c-f79627fc299e: start LeaderElection
2019-10-15 16:29:37,272 [f5624850-682f-4ec5-bb5c-f79627fc299e@group-C25BD028928E-LeaderElection51] INFO  impl.LeaderElection (LeaderElection.java:askForVotes(178)) - f5624850-682f-4ec5-bb5c-f79627fc299e@group-C25BD028928E-LeaderElection51: begin an election at term 31 for -1: [f581660d-af3d-4f5f-b57d-f4cb54f048b9:192.168.164.239:42501, f5624850-682f-4ec5-bb5c-f79627fc299e:192.168.164.239:39499, 14091fe6-d183-4b46-be93-2ba964a39c73:192.168.164.239:34827], old=null
2019-10-15 16:29:37,275 [grpc-default-executor-10] INFO  impl.RaftServerImpl (RaftServerImpl.java:setRole(184)) - 14091fe6-d183-4b46-be93-2ba964a39c73@group-C25BD028928E: changes role from  FOLLOWER to FOLLOWER at term 31 for recognizeCandidate:f5624850-682f-4ec5-bb5c-f79627fc299e
2019-10-15 16:29:37,275 [grpc-default-executor-1] INFO  impl.RaftServerImpl (RaftServerImpl.java:setRole(184)) - f581660d-af3d-4f5f-b57d-f4cb54f048b9@group-C25BD028928E: changes role from  FOLLOWER to FOLLOWER at term 31 for recognizeCandidate:f5624850-682f-4ec5-bb5c-f79627fc299e
2019-10-15 16:29:37,276 [grpc-default-executor-10] INFO  impl.RoleInfo (RoleInfo.java:shutdownFollowerState(121)) - 14091fe6-d183-4b46-be93-2ba964a39c73: shutdown FollowerState
2019-10-15 16:29:37,276 [grpc-default-executor-1] INFO  impl.RoleInfo (RoleInfo.java:shutdownFollowerState(121)) - f581660d-af3d-4f5f-b57d-f4cb54f048b9: shutdown FollowerState
2019-10-15 16:29:37,276 [grpc-default-executor-10] INFO  impl.RoleInfo (RoleInfo.java:updateAndGet(143)) - 14091fe6-d183-4b46-be93-2ba964a39c73: start FollowerState
2019-10-15 16:29:37,276 [Thread-673] INFO  impl.FollowerState (FollowerState.java:run(117)) - 14091fe6-d183-4b46-be93-2ba964a39c73@group-C25BD028928E-FollowerState was interrupted: java.lang.InterruptedException: sleep interrupted
2019-10-15 16:29:37,276 [Thread-674] INFO  impl.FollowerState (FollowerState.java:run(117)) - f581660d-af3d-4f5f-b57d-f4cb54f048b9@group-C25BD028928E-FollowerState was interrupted: java.lang.InterruptedException: sleep interrupted
2019-10-15 16:29:37,276 [grpc-default-executor-1] INFO  impl.RoleInfo (RoleInfo.java:updateAndGet(143)) - f581660d-af3d-4f5f-b57d-f4cb54f048b9: start FollowerState
2019-10-15 16:29:37,303 [f5624850-682f-4ec5-bb5c-f79627fc299e@group-C25BD028928E-LeaderElection51] INFO  impl.LeaderElection (LeaderElection.java:logAndReturn(56)) - f5624850-682f-4ec5-bb5c-f79627fc299e@group-C25BD028928E-LeaderElection51: Election REJECTED; received 2 response(s) [f5624850-682f-4ec5-bb5c-f79627fc299e<-f581660d-af3d-4f5f-b57d-f4cb54f048b9#0:FAIL-t31, f5624850-682f-4ec5-bb5c-f79627fc299e<-14091fe6-d183-4b46-be93-2ba964a39c73#0:FAIL-t31] and 0 exception(s); f5624850-682f-4ec5-bb5c-f79627fc299e@group-C25BD028928E:t31, leader=null, voted=f5624850-682f-4ec5-bb5c-f79627fc299e, raftlog=f5624850-682f-4ec5-bb5c-f79627fc299e@group-C25BD028928E-SegmentedRaftLog:OPENED:c-1,f-1,i0, conf=-1: [f581660d-af3d-4f5f-b57d-f4cb54f048b9:192.168.164.239:42501, f5624850-682f-4ec5-bb5c-f79627fc299e:192.168.164.239:39499, 14091fe6-d183-4b46-be93-2ba964a39c73:192.168.164.239:34827], old=null
2019-10-15 16:29:37,304 [f5624850-682f-4ec5-bb5c-f79627fc299e@group-C25BD028928E-LeaderElection51] INFO  impl.RaftServerImpl (RaftServerImpl.java:setRole(184)) - f5624850-682f-4ec5-bb5c-f79627fc299e@group-C25BD028928E: changes role from CANDIDATE to FOLLOWER at term 31 for DISCOVERED_A_NEW_TERM
2019-10-15 16:29:37,304 [f5624850-682f-4ec5-bb5c-f79627fc299e@group-C25BD028928E-LeaderElection51] INFO  impl.RoleInfo (RoleInfo.java:shutdownLeaderElection(134)) - f5624850-682f-4ec5-bb5c-f79627fc299e: shutdown LeaderElection
2019-10-15 16:29:37,304 [f5624850-682f-4ec5-bb5c-f79627fc299e@group-C25BD028928E-LeaderElection51] INFO  impl.RoleInfo (RoleInfo.java:updateAndGet(143)) - f5624850-682f-4ec5-bb5c-f79627fc299e: start FollowerState
2019-10-15 16:29:37,381 [Thread-681] INFO  impl.FollowerState (FollowerState.java:run(108)) - f5624850-682f-4ec5-bb5c-f79627fc299e@group-C25BD028928E-FollowerState: change to CANDIDATE, lastRpcTime:77ms, electionTimeout:77ms
2019-10-15 16:29:37,381 [Thread-681] INFO  impl.RoleInfo (RoleInfo.java:shutdownFollowerState(121)) - f5624850-682f-4ec5-bb5c-f79627fc299e: shutdown FollowerState
2019-10-15 16:29:37,382 [Thread-681] INFO  impl.RaftServerImpl (RaftServerImpl.java:setRole(184)) - f5624850-682f-4ec5-bb5c-f79627fc299e@group-C25BD028928E: changes role from  FOLLOWER to CANDIDATE at term 31 for changeToCandidate
2019-10-15 16:29:37,382 [Thread-681] INFO  impl.RoleInfo (RoleInfo.java:updateAndGet(143)) - f5624850-682f-4ec5-bb5c-f79627fc299e: start LeaderElection
2019-10-15 16:29:37,407 [f5624850-682f-4ec5-bb5c-f79627fc299e@group-C25BD028928E-LeaderElection52] INFO  impl.LeaderElection (LeaderElection.java:askForVotes(178)) - f5624850-682f-4ec5-bb5c-f79627fc299e@group-C25BD028928E-LeaderElection52: begin an election at term 32 for -1: [f581660d-af3d-4f5f-b57d-f4cb54f048b9:192.168.164.239:42501, f5624850-682f-4ec5-bb5c-f79627fc299e:192.168.164.239:39499, 14091fe6-d183-4b46-be93-2ba964a39c73:192.168.164.239:34827], old=null
2019-10-15 16:29:37,409 [grpc-default-executor-1] INFO  impl.RaftServerImpl (RaftServerImpl.java:setRole(184)) - f581660d-af3d-4f5f-b57d-f4cb54f048b9@group-C25BD028928E: changes role from  FOLLOWER to FOLLOWER at term 32 for recognizeCandidate:f5624850-682f-4ec5-bb5c-f79627fc299e
2019-10-15 16:29:37,409 [grpc-default-executor-10] INFO  impl.RaftServerImpl (RaftServerImpl.java:setRole(184)) - 14091fe6-d183-4b46-be93-2ba964a39c73@group-C25BD028928E: changes role from  FOLLOWER to FOLLOWER at term 32 for recognizeCandidate:f5624850-682f-4ec5-bb5c-f79627fc299e
2019-10-15 16:29:37,410 [grpc-default-executor-1] INFO  impl.RoleInfo (RoleInfo.java:shutdownFollowerState(121)) - f581660d-af3d-4f5f-b57d-f4cb54f048b9: shutdown FollowerState
2019-10-15 16:29:37,410 [grpc-default-executor-10] INFO  impl.RoleInfo (RoleInfo.java:shutdownFollowerState(121)) - 14091fe6-d183-4b46-be93-2ba964a39c73: shutdown FollowerState
2019-10-15 16:29:37,410 [Thread-680] INFO  impl.FollowerState (FollowerState.java:run(117)) - f581660d-af3d-4f5f-b57d-f4cb54f048b9@group-C25BD028928E-FollowerState was interrupted: java.lang.InterruptedException: sleep interrupted
2019-10-15 16:29:37,410 [grpc-default-executor-1] INFO  impl.RoleInfo (RoleInfo.java:updateAndGet(143)) - f581660d-af3d-4f5f-b57d-f4cb54f048b9: start FollowerState
2019-10-15 16:29:37,410 [Thread-679] INFO  impl.FollowerState (FollowerState.java:run(117)) - 14091fe6-d183-4b46-be93-2ba964a39c73@group-C25BD028928E-FollowerState was interrupted: java.lang.InterruptedException: sleep interrupted
2019-10-15 16:29:37,410 [grpc-default-executor-10] INFO  impl.RoleInfo (RoleInfo.java:updateAndGet(143)) - 14091fe6-d183-4b46-be93-2ba964a39c73: start FollowerState
2019-10-15 16:29:37,434 [f5624850-682f-4ec5-bb5c-f79627fc299e@group-C25BD028928E-LeaderElection52] INFO  impl.LeaderElection (LeaderElection.java:logAndReturn(56)) - f5624850-682f-4ec5-bb5c-f79627fc299e@group-C25BD028928E-LeaderElection52: Election REJECTED; received 2 response(s) [f5624850-682f-4ec5-bb5c-f79627fc299e<-f581660d-af3d-4f5f-b57d-f4cb54f048b9#0:FAIL-t32, f5624850-682f-4ec5-bb5c-f79627fc299e<-14091fe6-d183-4b46-be93-2ba964a39c73#0:FAIL-t32] and 0 exception(s); f5624850-682f-4ec5-bb5c-f79627fc299e@group-C25BD028928E:t32, leader=null, voted=f5624850-682f-4ec5-bb5c-f79627fc299e, raftlog=f5624850-682f-4ec5-bb5c-f79627fc299e@group-C25BD028928E-SegmentedRaftLog:OPENED:c-1,f-1,i0, conf=-1: [f581660d-af3d-4f5f-b57d-f4cb54f048b9:192.168.164.239:42501, f5624850-682f-4ec5-bb5c-f79627fc299e:192.168.164.239:39499, 14091fe6-d183-4b46-be93-2ba964a39c73:192.168.164.239:34827], old=null
2019-10-15 16:29:37,435 [f5624850-682f-4ec5-bb5c-f79627fc299e@group-C25BD028928E-LeaderElection52] INFO  impl.RaftServerImpl (RaftServerImpl.java:setRole(184)) - f5624850-682f-4ec5-bb5c-f79627fc299e@group-C25BD028928E: changes role from CANDIDATE to FOLLOWER at term 32 for DISCOVERED_A_NEW_TERM
2019-10-15 16:29:37,435 [f5624850-682f-4ec5-bb5c-f79627fc299e@group-C25BD028928E-LeaderElection52] INFO  impl.RoleInfo (RoleInfo.java:shutdownLeaderElection(134)) - f5624850-682f-4ec5-bb5c-f79627fc299e: shutdown LeaderElection
2019-10-15 16:29:37,436 [f5624850-682f-4ec5-bb5c-f79627fc299e@group-C25BD028928E-LeaderElection52] INFO  impl.RoleInfo (RoleInfo.java:updateAndGet(143)) - f5624850-682f-4ec5-bb5c-f79627fc299e: start FollowerState
2019-10-15 16:29:37,484 [Thread-687] INFO  impl.FollowerState (FollowerState.java:run(108)) - f5624850-682f-4ec5-bb5c-f79627fc299e@group-C25BD028928E-FollowerState: change to CANDIDATE, lastRpcTime:48ms, electionTimeout:48ms
2019-10-15 16:29:37,485 [Thread-687] INFO  impl.RoleInfo (RoleInfo.java:shutdownFollowerState(121)) - f5624850-682f-4ec5-bb5c-f79627fc299e: shutdown FollowerState
2019-10-15 16:29:37,485 [Thread-687] INFO  impl.RaftServerImpl (RaftServerImpl.java:setRole(184)) - f5624850-682f-4ec5-bb5c-f79627fc299e@group-C25BD028928E: changes role from  FOLLOWER to CANDIDATE at term 32 for changeToCandidate
2019-10-15 16:29:37,485 [Thread-687] INFO  impl.RoleInfo (RoleInfo.java:updateAndGet(143)) - f5624850-682f-4ec5-bb5c-f79627fc299e: start LeaderElection
2019-10-15 16:29:37,507 [f5624850-682f-4ec5-bb5c-f79627fc299e@group-C25BD028928E-LeaderElection53] INFO  impl.LeaderElection (LeaderElection.java:askForVotes(178)) - f5624850-682f-4ec5-bb5c-f79627fc299e@group-C25BD028928E-LeaderElection53: begin an election at term 33 for -1: [f581660d-af3d-4f5f-b57d-f4cb54f048b9:192.168.164.239:42501, f5624850-682f-4ec5-bb5c-f79627fc299e:192.168.164.239:39499, 14091fe6-d183-4b46-be93-2ba964a39c73:192.168.164.239:34827], old=null
2019-10-15 16:29:37,511 [grpc-default-executor-1] INFO  impl.RaftServerImpl (RaftServerImpl.java:setRole(184)) - 14091fe6-d183-4b46-be93-2ba964a39c73@group-C25BD028928E: changes role from  FOLLOWER to FOLLOWER at term 33 for recognizeCandidate:f5624850-682f-4ec5-bb5c-f79627fc299e
2019-10-15 16:29:37,511 [grpc-default-executor-10] INFO  impl.RaftServerImpl (RaftServerImpl.java:setRole(184)) - f581660d-af3d-4f5f-b57d-f4cb54f048b9@group-C25BD028928E: changes role from  FOLLOWER to FOLLOWER at term 33 for recognizeCandidate:f5624850-682f-4ec5-bb5c-f79627fc299e
2019-10-15 16:29:37,511 [grpc-default-executor-1] INFO  impl.RoleInfo (RoleInfo.java:shutdownFollowerState(121)) - 14091fe6-d183-4b46-be93-2ba964a39c73: shutdown FollowerState
2019-10-15 16:29:37,512 [grpc-default-executor-10] INFO  impl.RoleInfo (RoleInfo.java:shutdownFollowerState(121)) - f581660d-af3d-4f5f-b57d-f4cb54f048b9: shutdown FollowerState
2019-10-15 16:29:37,512 [Thread-686] INFO  impl.FollowerState (FollowerState.java:run(117)) - 14091fe6-d183-4b46-be93-2ba964a39c73@group-C25BD028928E-FollowerState was interrupted: java.lang.InterruptedException: sleep interrupted
2019-10-15 16:29:37,512 [grpc-default-executor-1] INFO  impl.RoleInfo (RoleInfo.java:updateAndGet(143)) - 14091fe6-d183-4b46-be93-2ba964a39c73: start FollowerState
2019-10-15 16:29:37,512 [Thread-685] INFO  impl.FollowerState (FollowerState.java:run(117)) - f581660d-af3d-4f5f-b57d-f4cb54f048b9@group-C25BD028928E-FollowerState was interrupted: java.lang.InterruptedException: sleep interrupted
2019-10-15 16:29:37,512 [grpc-default-executor-10] INFO  impl.RoleInfo (RoleInfo.java:updateAndGet(143)) - f581660d-af3d-4f5f-b57d-f4cb54f048b9: start FollowerState
2019-10-15 16:29:37,543 [f5624850-682f-4ec5-bb5c-f79627fc299e@group-C25BD028928E-LeaderElection53] INFO  impl.LeaderElection (LeaderElection.java:logAndReturn(56)) - f5624850-682f-4ec5-bb5c-f79627fc299e@group-C25BD028928E-LeaderElection53: Election REJECTED; received 2 response(s) [f5624850-682f-4ec5-bb5c-f79627fc299e<-f581660d-af3d-4f5f-b57d-f4cb54f048b9#0:FAIL-t33, f5624850-682f-4ec5-bb5c-f79627fc299e<-14091fe6-d183-4b46-be93-2ba964a39c73#0:FAIL-t33] and 0 exception(s); f5624850-682f-4ec5-bb5c-f79627fc299e@group-C25BD028928E:t33, leader=null, voted=f5624850-682f-4ec5-bb5c-f79627fc299e, raftlog=f5624850-682f-4ec5-bb5c-f79627fc299e@group-C25BD028928E-SegmentedRaftLog:OPENED:c-1,f-1,i0, conf=-1: [f581660d-af3d-4f5f-b57d-f4cb54f048b9:192.168.164.239:42501, f5624850-682f-4ec5-bb5c-f79627fc299e:192.168.164.239:39499, 14091fe6-d183-4b46-be93-2ba964a39c73:192.168.164.239:34827], old=null
2019-10-15 16:29:37,543 [f5624850-682f-4ec5-bb5c-f79627fc299e@group-C25BD028928E-LeaderElection53] INFO  impl.RaftServerImpl (RaftServerImpl.java:setRole(184)) - f5624850-682f-4ec5-bb5c-f79627fc299e@group-C25BD028928E: changes role from CANDIDATE to FOLLOWER at term 33 for DISCOVERED_A_NEW_TERM
2019-10-15 16:29:37,543 [f5624850-682f-4ec5-bb5c-f79627fc299e@group-C25BD028928E-LeaderElection53] INFO  impl.RoleInfo (RoleInfo.java:shutdownLeaderElection(134)) - f5624850-682f-4ec5-bb5c-f79627fc299e: shutdown LeaderElection
2019-10-15 16:29:37,544 [f5624850-682f-4ec5-bb5c-f79627fc299e@group-C25BD028928E-LeaderElection53] INFO  impl.RoleInfo (RoleInfo.java:updateAndGet(143)) - f5624850-682f-4ec5-bb5c-f79627fc299e: start FollowerState
2019-10-15 16:29:37,623 [Thread-697] INFO  impl.FollowerState (FollowerState.java:run(108)) - f5624850-682f-4ec5-bb5c-f79627fc299e@group-C25BD028928E-FollowerState: change to CANDIDATE, lastRpcTime:79ms, electionTimeout:79ms
2019-10-15 16:29:37,623 [Thread-697] INFO  impl.RoleInfo (RoleInfo.java:shutdownFollowerState(121)) - f5624850-682f-4ec5-bb5c-f79627fc299e: shutdown FollowerState
2019-10-15 16:29:37,623 [Thread-697] INFO  impl.RaftServerImpl (RaftServerImpl.java:setRole(184)) - f5624850-682f-4ec5-bb5c-f79627fc299e@group-C25BD028928E: changes role from  FOLLOWER to CANDIDATE at term 33 for changeToCandidate
2019-10-15 16:29:37,624 [Thread-697] INFO  impl.RoleInfo (RoleInfo.java:updateAndGet(143)) - f5624850-682f-4ec5-bb5c-f79627fc299e: start LeaderElection
2019-10-15 16:29:37,650 [f5624850-682f-4ec5-bb5c-f79627fc299e@group-C25BD028928E-LeaderElection54] INFO  impl.LeaderElection (LeaderElection.java:askForVotes(178)) - f5624850-682f-4ec5-bb5c-f79627fc299e@group-C25BD028928E-LeaderElection54: begin an election at term 34 for -1: [f581660d-af3d-4f5f-b57d-f4cb54f048b9:192.168.164.239:42501, f5624850-682f-4ec5-bb5c-f79627fc299e:192.168.164.239:39499, 14091fe6-d183-4b46-be93-2ba964a39c73:192.168.164.239:34827], old=null
2019-10-15 16:29:37,653 [grpc-default-executor-10] INFO  impl.RaftServerImpl (RaftServerImpl.java:setRole(184)) - f581660d-af3d-4f5f-b57d-f4cb54f048b9@group-C25BD028928E: changes role from  FOLLOWER to FOLLOWER at term 34 for recognizeCandidate:f5624850-682f-4ec5-bb5c-f79627fc299e
2019-10-15 16:29:37,653 [grpc-default-executor-1] INFO  impl.RaftServerImpl (RaftServerImpl.java:setRole(184)) - 14091fe6-d183-4b46-be93-2ba964a39c73@group-C25BD028928E: changes role from  FOLLOWER to FOLLOWER at term 34 for recognizeCandidate:f5624850-682f-4ec5-bb5c-f79627fc299e
2019-10-15 16:29:37,654 [grpc-default-executor-10] INFO  impl.RoleInfo (RoleInfo.java:shutdownFollowerState(121)) - f581660d-af3d-4f5f-b57d-f4cb54f048b9: shutdown FollowerState
2019-10-15 16:29:37,654 [grpc-default-executor-1] INFO  impl.RoleInfo (RoleInfo.java:shutdownFollowerState(121)) - 14091fe6-d183-4b46-be93-2ba964a39c73: shutdown FollowerState
2019-10-15 16:29:37,654 [Thread-696] INFO  impl.FollowerState (FollowerState.java:run(117)) - f581660d-af3d-4f5f-b57d-f4cb54f048b9@group-C25BD028928E-FollowerState was interrupted: java.lang.InterruptedException: sleep interrupted
2019-10-15 16:29:37,654 [grpc-default-executor-10] INFO  impl.RoleInfo (RoleInfo.java:updateAndGet(143)) - f581660d-af3d-4f5f-b57d-f4cb54f048b9: start FollowerState
2019-10-15 16:29:37,654 [Thread-695] INFO  impl.FollowerState (FollowerState.java:run(117)) - 14091fe6-d183-4b46-be93-2ba964a39c73@group-C25BD028928E-FollowerState was interrupted: java.lang.InterruptedException: sleep interrupted
2019-10-15 16:29:37,654 [grpc-default-executor-1] INFO  impl.RoleInfo (RoleInfo.java:updateAndGet(143)) - 14091fe6-d183-4b46-be93-2ba964a39c73: start FollowerState
2019-10-15 16:29:37,685 [f5624850-682f-4ec5-bb5c-f79627fc299e@group-C25BD028928E-LeaderElection54] INFO  impl.LeaderElection (LeaderElection.java:logAndReturn(56)) - f5624850-682f-4ec5-bb5c-f79627fc299e@group-C25BD028928E-LeaderElection54: Election REJECTED; received 2 response(s) [f5624850-682f-4ec5-bb5c-f79627fc299e<-f581660d-af3d-4f5f-b57d-f4cb54f048b9#0:FAIL-t34, f5624850-682f-4ec5-bb5c-f79627fc299e<-14091fe6-d183-4b46-be93-2ba964a39c73#0:FAIL-t34] and 0 exception(s); f5624850-682f-4ec5-bb5c-f79627fc299e@group-C25BD028928E:t34, leader=null, voted=f5624850-682f-4ec5-bb5c-f79627fc299e, raftlog=f5624850-682f-4ec5-bb5c-f79627fc299e@group-C25BD028928E-SegmentedRaftLog:OPENED:c-1,f-1,i0, conf=-1: [f581660d-af3d-4f5f-b57d-f4cb54f048b9:192.168.164.239:42501, f5624850-682f-4ec5-bb5c-f79627fc299e:192.168.164.239:39499, 14091fe6-d183-4b46-be93-2ba964a39c73:192.168.164.239:34827], old=null
2019-10-15 16:29:37,685 [f5624850-682f-4ec5-bb5c-f79627fc299e@group-C25BD028928E-LeaderElection54] INFO  impl.RaftServerImpl (RaftServerImpl.java:setRole(184)) - f5624850-682f-4ec5-bb5c-f79627fc299e@group-C25BD028928E: changes role from CANDIDATE to FOLLOWER at term 34 for DISCOVERED_A_NEW_TERM
2019-10-15 16:29:37,685 [f5624850-682f-4ec5-bb5c-f79627fc299e@group-C25BD028928E-LeaderElection54] INFO  impl.RoleInfo (RoleInfo.java:shutdownLeaderElection(134)) - f5624850-682f-4ec5-bb5c-f79627fc299e: shutdown LeaderElection
2019-10-15 16:29:37,685 [f5624850-682f-4ec5-bb5c-f79627fc299e@group-C25BD028928E-LeaderElection54] INFO  impl.RoleInfo (RoleInfo.java:updateAndGet(143)) - f5624850-682f-4ec5-bb5c-f79627fc299e: start FollowerState
2019-10-15 16:29:37,752 [Thread-703] INFO  impl.FollowerState (FollowerState.java:run(108)) - f5624850-682f-4ec5-bb5c-f79627fc299e@group-C25BD028928E-FollowerState: change to CANDIDATE, lastRpcTime:66ms, electionTimeout:66ms
2019-10-15 16:29:37,752 [Thread-703] INFO  impl.RoleInfo (RoleInfo.java:shutdownFollowerState(121)) - f5624850-682f-4ec5-bb5c-f79627fc299e: shutdown FollowerState
2019-10-15 16:29:37,752 [Thread-703] INFO  impl.RaftServerImpl (RaftServerImpl.java:setRole(184)) - f5624850-682f-4ec5-bb5c-f79627fc299e@group-C25BD028928E: changes role from  FOLLOWER to CANDIDATE at term 34 for changeToCandidate
2019-10-15 16:29:37,753 [Thread-703] INFO  impl.RoleInfo (RoleInfo.java:updateAndGet(143)) - f5624850-682f-4ec5-bb5c-f79627fc299e: start LeaderElection
2019-10-15 16:29:37,776 [f5624850-682f-4ec5-bb5c-f79627fc299e@group-C25BD028928E-LeaderElection55] INFO  impl.LeaderElection (LeaderElection.java:askForVotes(178)) - f5624850-682f-4ec5-bb5c-f79627fc299e@group-C25BD028928E-LeaderElection55: begin an election at term 35 for -1: [f581660d-af3d-4f5f-b57d-f4cb54f048b9:192.168.164.239:42501, f5624850-682f-4ec5-bb5c-f79627fc299e:192.168.164.239:39499, 14091fe6-d183-4b46-be93-2ba964a39c73:192.168.164.239:34827], old=null
2019-10-15 16:29:37,779 [grpc-default-executor-10] INFO  impl.RaftServerImpl (RaftServerImpl.java:setRole(184)) - 14091fe6-d183-4b46-be93-2ba964a39c73@group-C25BD028928E: changes role from  FOLLOWER to FOLLOWER at term 35 for recognizeCandidate:f5624850-682f-4ec5-bb5c-f79627fc299e
2019-10-15 16:29:37,779 [grpc-default-executor-1] INFO  impl.RaftServerImpl (RaftServerImpl.java:setRole(184)) - f581660d-af3d-4f5f-b57d-f4cb54f048b9@group-C25BD028928E: changes role from  FOLLOWER to FOLLOWER at term 35 for recognizeCandidate:f5624850-682f-4ec5-bb5c-f79627fc299e
2019-10-15 16:29:37,779 [grpc-default-executor-1] INFO  impl.RoleInfo (RoleInfo.java:shutdownFollowerState(121)) - f581660d-af3d-4f5f-b57d-f4cb54f048b9: shutdown FollowerState
2019-10-15 16:29:37,779 [grpc-default-executor-10] INFO  impl.RoleInfo (RoleInfo.java:shutdownFollowerState(121)) - 14091fe6-d183-4b46-be93-2ba964a39c73: shutdown FollowerState
2019-10-15 16:29:37,779 [Thread-701] INFO  impl.FollowerState (FollowerState.java:run(117)) - f581660d-af3d-4f5f-b57d-f4cb54f048b9@group-C25BD028928E-FollowerState was interrupted: java.lang.InterruptedException: sleep interrupted
2019-10-15 16:29:37,779 [grpc-default-executor-1] INFO  impl.RoleInfo (RoleInfo.java:updateAndGet(143)) - f581660d-af3d-4f5f-b57d-f4cb54f048b9: start FollowerState
2019-10-15 16:29:37,779 [grpc-default-executor-10] INFO  impl.RoleInfo (RoleInfo.java:updateAndGet(143)) - 14091fe6-d183-4b46-be93-2ba964a39c73: start FollowerState
2019-10-15 16:29:37,779 [Thread-702] INFO  impl.FollowerState (FollowerState.java:run(117)) - 14091fe6-d183-4b46-be93-2ba964a39c73@group-C25BD028928E-FollowerState was interrupted: java.lang.InterruptedException: sleep interrupted
2019-10-15 16:29:37,789 [f5624850-682f-4ec5-bb5c-f79627fc299e@group-C25BD028928E-LeaderElection55] INFO  impl.LeaderElection (LeaderElection.java:logAndReturn(56)) - f5624850-682f-4ec5-bb5c-f79627fc299e@group-C25BD028928E-LeaderElection55: Election TIMEOUT; received 0 response(s) [] and 0 exception(s); f5624850-682f-4ec5-bb5c-f79627fc299e@group-C25BD028928E:t35, leader=null, voted=f5624850-682f-4ec5-bb5c-f79627fc299e, raftlog=f5624850-682f-4ec5-bb5c-f79627fc299e@group-C25BD028928E-SegmentedRaftLog:OPENED:c-1,f-1,i0, conf=-1: [f581660d-af3d-4f5f-b57d-f4cb54f048b9:192.168.164.239:42501, f5624850-682f-4ec5-bb5c-f79627fc299e:192.168.164.239:39499, 14091fe6-d183-4b46-be93-2ba964a39c73:192.168.164.239:34827], old=null
2019-10-15 16:29:37,801 [f5624850-682f-4ec5-bb5c-f79627fc299e@group-C25BD028928E-LeaderElection55] INFO  impl.LeaderElection (LeaderElection.java:askForVotes(178)) - f5624850-682f-4ec5-bb5c-f79627fc299e@group-C25BD028928E-LeaderElection55: begin an election at term 36 for -1: [f581660d-af3d-4f5f-b57d-f4cb54f048b9:192.168.164.239:42501, f5624850-682f-4ec5-bb5c-f79627fc299e:192.168.164.239:39499, 14091fe6-d183-4b46-be93-2ba964a39c73:192.168.164.239:34827], old=null
2019-10-15 16:29:37,803 [grpc-default-executor-10] INFO  impl.RaftServerImpl (RaftServerImpl.java:setRole(184)) - f581660d-af3d-4f5f-b57d-f4cb54f048b9@group-C25BD028928E: changes role from  FOLLOWER to FOLLOWER at term 36 for recognizeCandidate:f5624850-682f-4ec5-bb5c-f79627fc299e
2019-10-15 16:29:37,803 [grpc-default-executor-10] INFO  impl.RoleInfo (RoleInfo.java:shutdownFollowerState(121)) - f581660d-af3d-4f5f-b57d-f4cb54f048b9: shutdown FollowerState
2019-10-15 16:29:37,803 [grpc-default-executor-10] INFO  impl.RoleInfo (RoleInfo.java:updateAndGet(143)) - f581660d-af3d-4f5f-b57d-f4cb54f048b9: start FollowerState
2019-10-15 16:29:37,803 [grpc-default-executor-1] INFO  impl.RaftServerImpl (RaftServerImpl.java:setRole(184)) - 14091fe6-d183-4b46-be93-2ba964a39c73@group-C25BD028928E: changes role from  FOLLOWER to FOLLOWER at term 36 for recognizeCandidate:f5624850-682f-4ec5-bb5c-f79627fc299e
2019-10-15 16:29:37,803 [Thread-709] INFO  impl.FollowerState (FollowerState.java:run(117)) - f581660d-af3d-4f5f-b57d-f4cb54f048b9@group-C25BD028928E-FollowerState was interrupted: java.lang.InterruptedException: sleep interrupted
2019-10-15 16:29:37,804 [grpc-default-executor-1] INFO  impl.RoleInfo (RoleInfo.java:shutdownFollowerState(121)) - 14091fe6-d183-4b46-be93-2ba964a39c73: shutdown FollowerState
2019-10-15 16:29:37,804 [grpc-default-executor-1] INFO  impl.RoleInfo (RoleInfo.java:updateAndGet(143)) - 14091fe6-d183-4b46-be93-2ba964a39c73: start FollowerState
2019-10-15 16:29:37,804 [Thread-710] INFO  impl.FollowerState (FollowerState.java:run(117)) - 14091fe6-d183-4b46-be93-2ba964a39c73@group-C25BD028928E-FollowerState was interrupted: java.lang.InterruptedException: sleep interrupted
2019-10-15 16:29:37,828 [f5624850-682f-4ec5-bb5c-f79627fc299e@group-C25BD028928E-LeaderElection55] INFO  impl.LeaderElection (LeaderElection.java:logAndReturn(56)) - f5624850-682f-4ec5-bb5c-f79627fc299e@group-C25BD028928E-LeaderElection55: Election REJECTED; received 2 response(s) [f5624850-682f-4ec5-bb5c-f79627fc299e<-f581660d-af3d-4f5f-b57d-f4cb54f048b9#0:FAIL-t36, f5624850-682f-4ec5-bb5c-f79627fc299e<-14091fe6-d183-4b46-be93-2ba964a39c73#0:FAIL-t36] and 0 exception(s); f5624850-682f-4ec5-bb5c-f79627fc299e@group-C25BD028928E:t36, leader=null, voted=f5624850-682f-4ec5-bb5c-f79627fc299e, raftlog=f5624850-682f-4ec5-bb5c-f79627fc299e@group-C25BD028928E-SegmentedRaftLog:OPENED:c-1,f-1,i0, conf=-1: [f581660d-af3d-4f5f-b57d-f4cb54f048b9:192.168.164.239:42501, f5624850-682f-4ec5-bb5c-f79627fc299e:192.168.164.239:39499, 14091fe6-d183-4b46-be93-2ba964a39c73:192.168.164.239:34827], old=null
2019-10-15 16:29:37,828 [f5624850-682f-4ec5-bb5c-f79627fc299e@group-C25BD028928E-LeaderElection55] INFO  impl.RaftServerImpl (RaftServerImpl.java:setRole(184)) - f5624850-682f-4ec5-bb5c-f79627fc299e@group-C25BD028928E: changes role from CANDIDATE to FOLLOWER at term 36 for DISCOVERED_A_NEW_TERM
2019-10-15 16:29:37,828 [f5624850-682f-4ec5-bb5c-f79627fc299e@group-C25BD028928E-LeaderElection55] INFO  impl.RoleInfo (RoleInfo.java:shutdownLeaderElection(134)) - f5624850-682f-4ec5-bb5c-f79627fc299e: shutdown LeaderElection
2019-10-15 16:29:37,828 [f5624850-682f-4ec5-bb5c-f79627fc299e@group-C25BD028928E-LeaderElection55] INFO  impl.RoleInfo (RoleInfo.java:updateAndGet(143)) - f5624850-682f-4ec5-bb5c-f79627fc299e: start FollowerState
2019-10-15 16:29:37,834 [Thread-715] INFO  impl.FollowerState (FollowerState.java:run(108)) - f5624850-682f-4ec5-bb5c-f79627fc299e@group-C25BD028928E-FollowerState: change to CANDIDATE, lastRpcTime:5ms, electionTimeout:5ms
2019-10-15 16:29:37,834 [Thread-715] INFO  impl.RoleInfo (RoleInfo.java:shutdownFollowerState(121)) - f5624850-682f-4ec5-bb5c-f79627fc299e: shutdown FollowerState
2019-10-15 16:29:37,834 [Thread-715] INFO  impl.RaftServerImpl (RaftServerImpl.java:setRole(184)) - f5624850-682f-4ec5-bb5c-f79627fc299e@group-C25BD028928E: changes role from  FOLLOWER to CANDIDATE at term 36 for changeToCandidate
2019-10-15 16:29:37,834 [Thread-715] INFO  impl.RoleInfo (RoleInfo.java:updateAndGet(143)) - f5624850-682f-4ec5-bb5c-f79627fc299e: start LeaderElection
2019-10-15 16:29:37,860 [f5624850-682f-4ec5-bb5c-f79627fc299e@group-C25BD028928E-LeaderElection56] INFO  impl.LeaderElection (LeaderElection.java:askForVotes(178)) - f5624850-682f-4ec5-bb5c-f79627fc299e@group-C25BD028928E-LeaderElection56: begin an election at term 37 for -1: [f581660d-af3d-4f5f-b57d-f4cb54f048b9:192.168.164.239:42501, f5624850-682f-4ec5-bb5c-f79627fc299e:192.168.164.239:39499, 14091fe6-d183-4b46-be93-2ba964a39c73:192.168.164.239:34827], old=null
2019-10-15 16:29:37,863 [grpc-default-executor-10] INFO  impl.RaftServerImpl (RaftServerImpl.java:setRole(184)) - 14091fe6-d183-4b46-be93-2ba964a39c73@group-C25BD028928E: changes role from  FOLLOWER to FOLLOWER at term 37 for recognizeCandidate:f5624850-682f-4ec5-bb5c-f79627fc299e
2019-10-15 16:29:37,863 [grpc-default-executor-1] INFO  impl.RaftServerImpl (RaftServerImpl.java:setRole(184)) - f581660d-af3d-4f5f-b57d-f4cb54f048b9@group-C25BD028928E: changes role from  FOLLOWER to FOLLOWER at term 37 for recognizeCandidate:f5624850-682f-4ec5-bb5c-f79627fc299e
2019-10-15 16:29:37,863 [grpc-default-executor-10] INFO  impl.RoleInfo (RoleInfo.java:shutdownFollowerState(121)) - 14091fe6-d183-4b46-be93-2ba964a39c73: shutdown FollowerState
2019-10-15 16:29:37,863 [grpc-default-executor-1] INFO  impl.RoleInfo (RoleInfo.java:shutdownFollowerState(121)) - f581660d-af3d-4f5f-b57d-f4cb54f048b9: shutdown FollowerState
2019-10-15 16:29:37,863 [Thread-714] INFO  impl.FollowerState (FollowerState.java:run(117)) - 14091fe6-d183-4b46-be93-2ba964a39c73@group-C25BD028928E-FollowerState was interrupted: java.lang.InterruptedException: sleep interrupted
2019-10-15 16:29:37,863 [grpc-default-executor-10] INFO  impl.RoleInfo (RoleInfo.java:updateAndGet(143)) - 14091fe6-d183-4b46-be93-2ba964a39c73: start FollowerState
2019-10-15 16:29:37,863 [Thread-713] INFO  impl.FollowerState (FollowerState.java:run(117)) - f581660d-af3d-4f5f-b57d-f4cb54f048b9@group-C25BD028928E-FollowerState was interrupted: java.lang.InterruptedException: sleep interrupted
2019-10-15 16:29:37,863 [grpc-default-executor-1] INFO  impl.RoleInfo (RoleInfo.java:updateAndGet(143)) - f581660d-af3d-4f5f-b57d-f4cb54f048b9: start FollowerState
2019-10-15 16:29:37,887 [f5624850-682f-4ec5-bb5c-f79627fc299e@group-C25BD028928E-LeaderElection56] INFO  impl.LeaderElection (LeaderElection.java:logAndReturn(56)) - f5624850-682f-4ec5-bb5c-f79627fc299e@group-C25BD028928E-LeaderElection56: Election REJECTED; received 2 response(s) [f5624850-682f-4ec5-bb5c-f79627fc299e<-f581660d-af3d-4f5f-b57d-f4cb54f048b9#0:FAIL-t37, f5624850-682f-4ec5-bb5c-f79627fc299e<-14091fe6-d183-4b46-be93-2ba964a39c73#0:FAIL-t37] and 0 exception(s); f5624850-682f-4ec5-bb5c-f79627fc299e@group-C25BD028928E:t37, leader=null, voted=f5624850-682f-4ec5-bb5c-f79627fc299e, raftlog=f5624850-682f-4ec5-bb5c-f79627fc299e@group-C25BD028928E-SegmentedRaftLog:OPENED:c-1,f-1,i0, conf=-1: [f581660d-af3d-4f5f-b57d-f4cb54f048b9:192.168.164.239:42501, f5624850-682f-4ec5-bb5c-f79627fc299e:192.168.164.239:39499, 14091fe6-d183-4b46-be93-2ba964a39c73:192.168.164.239:34827], old=null
2019-10-15 16:29:37,887 [f5624850-682f-4ec5-bb5c-f79627fc299e@group-C25BD028928E-LeaderElection56] INFO  impl.RaftServerImpl (RaftServerImpl.java:setRole(184)) - f5624850-682f-4ec5-bb5c-f79627fc299e@group-C25BD028928E: changes role from CANDIDATE to FOLLOWER at term 37 for DISCOVERED_A_NEW_TERM
2019-10-15 16:29:37,887 [f5624850-682f-4ec5-bb5c-f79627fc299e@group-C25BD028928E-LeaderElection56] INFO  impl.RoleInfo (RoleInfo.java:shutdownLeaderElection(134)) - f5624850-682f-4ec5-bb5c-f79627fc299e: shutdown LeaderElection
2019-10-15 16:29:37,887 [f5624850-682f-4ec5-bb5c-f79627fc299e@group-C25BD028928E-LeaderElection56] INFO  impl.RoleInfo (RoleInfo.java:updateAndGet(143)) - f5624850-682f-4ec5-bb5c-f79627fc299e: start FollowerState
2019-10-15 16:29:37,908 [Thread-721] INFO  impl.FollowerState (FollowerState.java:run(108)) - f5624850-682f-4ec5-bb5c-f79627fc299e@group-C25BD028928E-FollowerState: change to CANDIDATE, lastRpcTime:20ms, electionTimeout:20ms
2019-10-15 16:29:37,908 [Thread-721] INFO  impl.RoleInfo (RoleInfo.java:shutdownFollowerState(121)) - f5624850-682f-4ec5-bb5c-f79627fc299e: shutdown FollowerState
2019-10-15 16:29:37,908 [Thread-721] INFO  impl.RaftServerImpl (RaftServerImpl.java:setRole(184)) - f5624850-682f-4ec5-bb5c-f79627fc299e@group-C25BD028928E: changes role from  FOLLOWER to CANDIDATE at term 37 for changeToCandidate
2019-10-15 16:29:37,908 [Thread-721] INFO  impl.RoleInfo (RoleInfo.java:updateAndGet(143)) - f5624850-682f-4ec5-bb5c-f79627fc299e: start LeaderElection
2019-10-15 16:29:37,936 [f5624850-682f-4ec5-bb5c-f79627fc299e@group-C25BD028928E-LeaderElection57] INFO  impl.LeaderElection (LeaderElection.java:askForVotes(178)) - f5624850-682f-4ec5-bb5c-f79627fc299e@group-C25BD028928E-LeaderElection57: begin an election at term 38 for -1: [f581660d-af3d-4f5f-b57d-f4cb54f048b9:192.168.164.239:42501, f5624850-682f-4ec5-bb5c-f79627fc299e:192.168.164.239:39499, 14091fe6-d183-4b46-be93-2ba964a39c73:192.168.164.239:34827], old=null
2019-10-15 16:29:37,939 [grpc-default-executor-10] INFO  impl.RaftServerImpl (RaftServerImpl.java:setRole(184)) - 14091fe6-d183-4b46-be93-2ba964a39c73@group-C25BD028928E: changes role from  FOLLOWER to FOLLOWER at term 38 for recognizeCandidate:f5624850-682f-4ec5-bb5c-f79627fc299e
2019-10-15 16:29:37,939 [grpc-default-executor-1] INFO  impl.RaftServerImpl (RaftServerImpl.java:setRole(184)) - f581660d-af3d-4f5f-b57d-f4cb54f048b9@group-C25BD028928E: changes role from  FOLLOWER to FOLLOWER at term 38 for recognizeCandidate:f5624850-682f-4ec5-bb5c-f79627fc299e
2019-10-15 16:29:37,939 [grpc-default-executor-10] INFO  impl.RoleInfo (RoleInfo.java:shutdownFollowerState(121)) - 14091fe6-d183-4b46-be93-2ba964a39c73: shutdown FollowerState
2019-10-15 16:29:37,939 [grpc-default-executor-1] INFO  impl.RoleInfo (RoleInfo.java:shutdownFollowerState(121)) - f581660d-af3d-4f5f-b57d-f4cb54f048b9: shutdown FollowerState
2019-10-15 16:29:37,939 [grpc-default-executor-10] INFO  impl.RoleInfo (RoleInfo.java:updateAndGet(143)) - 14091fe6-d183-4b46-be93-2ba964a39c73: start FollowerState
2019-10-15 16:29:37,939 [Thread-719] INFO  impl.FollowerState (FollowerState.java:run(117)) - 14091fe6-d183-4b46-be93-2ba964a39c73@group-C25BD028928E-FollowerState was interrupted: java.lang.InterruptedException: sleep interrupted
2019-10-15 16:29:37,940 [grpc-default-executor-1] INFO  impl.RoleInfo (RoleInfo.java:updateAndGet(143)) - f581660d-af3d-4f5f-b57d-f4cb54f048b9: start FollowerState
2019-10-15 16:29:37,940 [Thread-720] INFO  impl.FollowerState (FollowerState.java:run(117)) - f581660d-af3d-4f5f-b57d-f4cb54f048b9@group-C25BD028928E-FollowerState was interrupted: java.lang.InterruptedException: sleep interrupted
2019-10-15 16:29:37,963 [f5624850-682f-4ec5-bb5c-f79627fc299e@group-C25BD028928E-LeaderElection57] INFO  impl.LeaderElection (LeaderElection.java:logAndReturn(56)) - f5624850-682f-4ec5-bb5c-f79627fc299e@group-C25BD028928E-LeaderElection57: Election REJECTED; received 2 response(s) [f5624850-682f-4ec5-bb5c-f79627fc299e<-f581660d-af3d-4f5f-b57d-f4cb54f048b9#0:FAIL-t38, f5624850-682f-4ec5-bb5c-f79627fc299e<-14091fe6-d183-4b46-be93-2ba964a39c73#0:FAIL-t38] and 0 exception(s); f5624850-682f-4ec5-bb5c-f79627fc299e@group-C25BD028928E:t38, leader=null, voted=f5624850-682f-4ec5-bb5c-f79627fc299e, raftlog=f5624850-682f-4ec5-bb5c-f79627fc299e@group-C25BD028928E-SegmentedRaftLog:OPENED:c-1,f-1,i0, conf=-1: [f581660d-af3d-4f5f-b57d-f4cb54f048b9:192.168.164.239:42501, f5624850-682f-4ec5-bb5c-f79627fc299e:192.168.164.239:39499, 14091fe6-d183-4b46-be93-2ba964a39c73:192.168.164.239:34827], old=null
2019-10-15 16:29:37,964 [f5624850-682f-4ec5-bb5c-f79627fc299e@group-C25BD028928E-LeaderElection57] INFO  impl.RaftServerImpl (RaftServerImpl.java:setRole(184)) - f5624850-682f-4ec5-bb5c-f79627fc299e@group-C25BD028928E: changes role from CANDIDATE to FOLLOWER at term 38 for DISCOVERED_A_NEW_TERM
2019-10-15 16:29:37,964 [f5624850-682f-4ec5-bb5c-f79627fc299e@group-C25BD028928E-LeaderElection57] INFO  impl.RoleInfo (RoleInfo.java:shutdownLeaderElection(134)) - f5624850-682f-4ec5-bb5c-f79627fc299e: shutdown LeaderElection
2019-10-15 16:29:37,964 [f5624850-682f-4ec5-bb5c-f79627fc299e@group-C25BD028928E-LeaderElection57] INFO  impl.RoleInfo (RoleInfo.java:updateAndGet(143)) - f5624850-682f-4ec5-bb5c-f79627fc299e: start FollowerState
2019-10-15 16:29:37,972 [Thread-727] INFO  impl.FollowerState (FollowerState.java:run(108)) - f5624850-682f-4ec5-bb5c-f79627fc299e@group-C25BD028928E-FollowerState: change to CANDIDATE, lastRpcTime:7ms, electionTimeout:7ms
2019-10-15 16:29:37,972 [Thread-727] INFO  impl.RoleInfo (RoleInfo.java:shutdownFollowerState(121)) - f5624850-682f-4ec5-bb5c-f79627fc299e: shutdown FollowerState
2019-10-15 16:29:37,972 [Thread-727] INFO  impl.RaftServerImpl (RaftServerImpl.java:setRole(184)) - f5624850-682f-4ec5-bb5c-f79627fc299e@group-C25BD028928E: changes role from  FOLLOWER to CANDIDATE at term 38 for changeToCandidate
2019-10-15 16:29:37,972 [Thread-727] INFO  impl.RoleInfo (RoleInfo.java:updateAndGet(143)) - f5624850-682f-4ec5-bb5c-f79627fc299e: start LeaderElection
2019-10-15 16:29:37,995 [f5624850-682f-4ec5-bb5c-f79627fc299e@group-C25BD028928E-LeaderElection58] INFO  impl.LeaderElection (LeaderElection.java:askForVotes(178)) - f5624850-682f-4ec5-bb5c-f79627fc299e@group-C25BD028928E-LeaderElection58: begin an election at term 39 for -1: [f581660d-af3d-4f5f-b57d-f4cb54f048b9:192.168.164.239:42501, f5624850-682f-4ec5-bb5c-f79627fc299e:192.168.164.239:39499, 14091fe6-d183-4b46-be93-2ba964a39c73:192.168.164.239:34827], old=null
2019-10-15 16:29:37,997 [grpc-default-executor-1] INFO  impl.RaftServerImpl (RaftServerImpl.java:setRole(184)) - 14091fe6-d183-4b46-be93-2ba964a39c73@group-C25BD028928E: changes role from  FOLLOWER to FOLLOWER at term 39 for recognizeCandidate:f5624850-682f-4ec5-bb5c-f79627fc299e
2019-10-15 16:29:37,997 [grpc-default-executor-10] INFO  impl.RaftServerImpl (RaftServerImpl.java:setRole(184)) - f581660d-af3d-4f5f-b57d-f4cb54f048b9@group-C25BD028928E: changes role from  FOLLOWER to FOLLOWER at term 39 for recognizeCandidate:f5624850-682f-4ec5-bb5c-f79627fc299e
2019-10-15 16:29:37,997 [grpc-default-executor-1] INFO  impl.RoleInfo (RoleInfo.java:shutdownFollowerState(121)) - 14091fe6-d183-4b46-be93-2ba964a39c73: shutdown FollowerState
2019-10-15 16:29:37,997 [grpc-default-executor-10] INFO  impl.RoleInfo (RoleInfo.java:shutdownFollowerState(121)) - f581660d-af3d-4f5f-b57d-f4cb54f048b9: shutdown FollowerState
2019-10-15 16:29:37,998 [Thread-725] INFO  impl.FollowerState (FollowerState.java:run(117)) - 14091fe6-d183-4b46-be93-2ba964a39c73@group-C25BD028928E-FollowerState was interrupted: java.lang.InterruptedException: sleep interrupted
2019-10-15 16:29:37,998 [Thread-726] INFO  impl.FollowerState (FollowerState.java:run(117)) - f581660d-af3d-4f5f-b57d-f4cb54f048b9@group-C25BD028928E-FollowerState was interrupted: java.lang.InterruptedException: sleep interrupted
2019-10-15 16:29:37,997 [grpc-default-executor-1] INFO  impl.RoleInfo (RoleInfo.java:updateAndGet(143)) - 14091fe6-d183-4b46-be93-2ba964a39c73: start FollowerState
2019-10-15 16:29:37,998 [grpc-default-executor-10] INFO  impl.RoleInfo (RoleInfo.java:updateAndGet(143)) - f581660d-af3d-4f5f-b57d-f4cb54f048b9: start FollowerState
2019-10-15 16:29:38,022 [f5624850-682f-4ec5-bb5c-f79627fc299e@group-C25BD028928E-LeaderElection58] INFO  impl.LeaderElection (LeaderElection.java:logAndReturn(56)) - f5624850-682f-4ec5-bb5c-f79627fc299e@group-C25BD028928E-LeaderElection58: Election REJECTED; received 2 response(s) [f5624850-682f-4ec5-bb5c-f79627fc299e<-f581660d-af3d-4f5f-b57d-f4cb54f048b9#0:FAIL-t39, f5624850-682f-4ec5-bb5c-f79627fc299e<-14091fe6-d183-4b46-be93-2ba964a39c73#0:FAIL-t39] and 0 exception(s); f5624850-682f-4ec5-bb5c-f79627fc299e@group-C25BD028928E:t39, leader=null, voted=f5624850-682f-4ec5-bb5c-f79627fc299e, raftlog=f5624850-682f-4ec5-bb5c-f79627fc299e@group-C25BD028928E-SegmentedRaftLog:OPENED:c-1,f-1,i0, conf=-1: [f581660d-af3d-4f5f-b57d-f4cb54f048b9:192.168.164.239:42501, f5624850-682f-4ec5-bb5c-f79627fc299e:192.168.164.239:39499, 14091fe6-d183-4b46-be93-2ba964a39c73:192.168.164.239:34827], old=null
2019-10-15 16:29:38,022 [f5624850-682f-4ec5-bb5c-f79627fc299e@group-C25BD028928E-LeaderElection58] INFO  impl.RaftServerImpl (RaftServerImpl.java:setRole(184)) - f5624850-682f-4ec5-bb5c-f79627fc299e@group-C25BD028928E: changes role from CANDIDATE to FOLLOWER at term 39 for DISCOVERED_A_NEW_TERM
2019-10-15 16:29:38,022 [f5624850-682f-4ec5-bb5c-f79627fc299e@group-C25BD028928E-LeaderElection58] INFO  impl.RoleInfo (RoleInfo.java:shutdownLeaderElection(134)) - f5624850-682f-4ec5-bb5c-f79627fc299e: shutdown LeaderElection
2019-10-15 16:29:38,022 [f5624850-682f-4ec5-bb5c-f79627fc299e@group-C25BD028928E-LeaderElection58] INFO  impl.RoleInfo (RoleInfo.java:updateAndGet(143)) - f5624850-682f-4ec5-bb5c-f79627fc299e: start FollowerState
2019-10-15 16:29:38,032 [Thread-737] INFO  impl.FollowerState (FollowerState.java:run(108)) - f5624850-682f-4ec5-bb5c-f79627fc299e@group-C25BD028928E-FollowerState: change to CANDIDATE, lastRpcTime:10ms, electionTimeout:10ms
2019-10-15 16:29:38,033 [Thread-737] INFO  impl.RoleInfo (RoleInfo.java:shutdownFollowerState(121)) - f5624850-682f-4ec5-bb5c-f79627fc299e: shutdown FollowerState
2019-10-15 16:29:38,033 [Thread-737] INFO  impl.RaftServerImpl (RaftServerImpl.java:setRole(184)) - f5624850-682f-4ec5-bb5c-f79627fc299e@group-C25BD028928E: changes role from  FOLLOWER to CANDIDATE at term 39 for changeToCandidate
2019-10-15 16:29:38,033 [Thread-737] INFO  impl.RoleInfo (RoleInfo.java:updateAndGet(143)) - f5624850-682f-4ec5-bb5c-f79627fc299e: start LeaderElection
2019-10-15 16:29:38,062 [f5624850-682f-4ec5-bb5c-f79627fc299e@group-C25BD028928E-LeaderElection59] INFO  impl.LeaderElection (LeaderElection.java:askForVotes(178)) - f5624850-682f-4ec5-bb5c-f79627fc299e@group-C25BD028928E-LeaderElection59: begin an election at term 40 for -1: [f581660d-af3d-4f5f-b57d-f4cb54f048b9:192.168.164.239:42501, f5624850-682f-4ec5-bb5c-f79627fc299e:192.168.164.239:39499, 14091fe6-d183-4b46-be93-2ba964a39c73:192.168.164.239:34827], old=null
2019-10-15 16:29:38,065 [grpc-default-executor-10] INFO  impl.RaftServerImpl (RaftServerImpl.java:setRole(184)) - 14091fe6-d183-4b46-be93-2ba964a39c73@group-C25BD028928E: changes role from  FOLLOWER to FOLLOWER at term 40 for recognizeCandidate:f5624850-682f-4ec5-bb5c-f79627fc299e
2019-10-15 16:29:38,065 [grpc-default-executor-1] INFO  impl.RaftServerImpl (RaftServerImpl.java:setRole(184)) - f581660d-af3d-4f5f-b57d-f4cb54f048b9@group-C25BD028928E: changes role from  FOLLOWER to FOLLOWER at term 40 for recognizeCandidate:f5624850-682f-4ec5-bb5c-f79627fc299e
2019-10-15 16:29:38,065 [grpc-default-executor-10] INFO  impl.RoleInfo (RoleInfo.java:shutdownFollowerState(121)) - 14091fe6-d183-4b46-be93-2ba964a39c73: shutdown FollowerState
2019-10-15 16:29:38,065 [grpc-default-executor-1] INFO  impl.RoleInfo (RoleInfo.java:shutdownFollowerState(121)) - f581660d-af3d-4f5f-b57d-f4cb54f048b9: shutdown FollowerState
2019-10-15 16:29:38,065 [Thread-735] INFO  impl.FollowerState (FollowerState.java:run(117)) - 14091fe6-d183-4b46-be93-2ba964a39c73@group-C25BD028928E-FollowerState was interrupted: java.lang.InterruptedException: sleep interrupted
2019-10-15 16:29:38,065 [grpc-default-executor-10] INFO  impl.RoleInfo (RoleInfo.java:updateAndGet(143)) - 14091fe6-d183-4b46-be93-2ba964a39c73: start FollowerState
2019-10-15 16:29:38,065 [Thread-736] INFO  impl.FollowerState (FollowerState.java:run(117)) - f581660d-af3d-4f5f-b57d-f4cb54f048b9@group-C25BD028928E-FollowerState was interrupted: java.lang.InterruptedException: sleep interrupted
2019-10-15 16:29:38,065 [grpc-default-executor-1] INFO  impl.RoleInfo (RoleInfo.java:updateAndGet(143)) - f581660d-af3d-4f5f-b57d-f4cb54f048b9: start FollowerState
2019-10-15 16:29:38,089 [f5624850-682f-4ec5-bb5c-f79627fc299e@group-C25BD028928E-LeaderElection59] INFO  impl.LeaderElection (LeaderElection.java:logAndReturn(56)) - f5624850-682f-4ec5-bb5c-f79627fc299e@group-C25BD028928E-LeaderElection59: Election REJECTED; received 2 response(s) [f5624850-682f-4ec5-bb5c-f79627fc299e<-f581660d-af3d-4f5f-b57d-f4cb54f048b9#0:FAIL-t40, f5624850-682f-4ec5-bb5c-f79627fc299e<-14091fe6-d183-4b46-be93-2ba964a39c73#0:FAIL-t40] and 0 exception(s); f5624850-682f-4ec5-bb5c-f79627fc299e@group-C25BD028928E:t40, leader=null, voted=f5624850-682f-4ec5-bb5c-f79627fc299e, raftlog=f5624850-682f-4ec5-bb5c-f79627fc299e@group-C25BD028928E-SegmentedRaftLog:OPENED:c-1,f-1,i0, conf=-1: [f581660d-af3d-4f5f-b57d-f4cb54f048b9:192.168.164.239:42501, f5624850-682f-4ec5-bb5c-f79627fc299e:192.168.164.239:39499, 14091fe6-d183-4b46-be93-2ba964a39c73:192.168.164.239:34827], old=null
2019-10-15 16:29:38,089 [f5624850-682f-4ec5-bb5c-f79627fc299e@group-C25BD028928E-LeaderElection59] INFO  impl.RaftServerImpl (RaftServerImpl.java:setRole(184)) - f5624850-682f-4ec5-bb5c-f79627fc299e@group-C25BD028928E: changes role from CANDIDATE to FOLLOWER at term 40 for DISCOVERED_A_NEW_TERM
2019-10-15 16:29:38,089 [f5624850-682f-4ec5-bb5c-f79627fc299e@group-C25BD028928E-LeaderElection59] INFO  impl.RoleInfo (RoleInfo.java:shutdownLeaderElection(134)) - f5624850-682f-4ec5-bb5c-f79627fc299e: shutdown LeaderElection
2019-10-15 16:29:38,089 [f5624850-682f-4ec5-bb5c-f79627fc299e@group-C25BD028928E-LeaderElection59] INFO  impl.RoleInfo (RoleInfo.java:updateAndGet(143)) - f5624850-682f-4ec5-bb5c-f79627fc299e: start FollowerState
2019-10-15 16:29:38,124 [Thread-743] INFO  impl.FollowerState (FollowerState.java:run(108)) - f5624850-682f-4ec5-bb5c-f79627fc299e@group-C25BD028928E-FollowerState: change to CANDIDATE, lastRpcTime:35ms, electionTimeout:35ms
2019-10-15 16:29:38,125 [Thread-743] INFO  impl.RoleInfo (RoleInfo.java:shutdownFollowerState(121)) - f5624850-682f-4ec5-bb5c-f79627fc299e: shutdown FollowerState
2019-10-15 16:29:38,125 [Thread-743] INFO  impl.RaftServerImpl (RaftServerImpl.java:setRole(184)) - f5624850-682f-4ec5-bb5c-f79627fc299e@group-C25BD028928E: changes role from  FOLLOWER to CANDIDATE at term 40 for changeToCandidate
2019-10-15 16:29:38,125 [Thread-743] INFO  impl.RoleInfo (RoleInfo.java:updateAndGet(143)) - f5624850-682f-4ec5-bb5c-f79627fc299e: start LeaderElection
2019-10-15 16:29:38,156 [f5624850-682f-4ec5-bb5c-f79627fc299e@group-C25BD028928E-LeaderElection60] INFO  impl.LeaderElection (LeaderElection.java:askForVotes(178)) - f5624850-682f-4ec5-bb5c-f79627fc299e@group-C25BD028928E-LeaderElection60: begin an election at term 41 for -1: [f581660d-af3d-4f5f-b57d-f4cb54f048b9:192.168.164.239:42501, f5624850-682f-4ec5-bb5c-f79627fc299e:192.168.164.239:39499, 14091fe6-d183-4b46-be93-2ba964a39c73:192.168.164.239:34827], old=null
2019-10-15 16:29:38,158 [grpc-default-executor-1] INFO  impl.RaftServerImpl (RaftServerImpl.java:setRole(184)) - 14091fe6-d183-4b46-be93-2ba964a39c73@group-C25BD028928E: changes role from  FOLLOWER to FOLLOWER at term 41 for recognizeCandidate:f5624850-682f-4ec5-bb5c-f79627fc299e
2019-10-15 16:29:38,158 [grpc-default-executor-10] INFO  impl.RaftServerImpl (RaftServerImpl.java:setRole(184)) - f581660d-af3d-4f5f-b57d-f4cb54f048b9@group-C25BD028928E: changes role from  FOLLOWER to FOLLOWER at term 41 for recognizeCandidate:f5624850-682f-4ec5-bb5c-f79627fc299e
2019-10-15 16:29:38,158 [grpc-default-executor-1] INFO  impl.RoleInfo (RoleInfo.java:shutdownFollowerState(121)) - 14091fe6-d183-4b46-be93-2ba964a39c73: shutdown FollowerState
2019-10-15 16:29:38,159 [grpc-default-executor-10] INFO  impl.RoleInfo (RoleInfo.java:shutdownFollowerState(121)) - f581660d-af3d-4f5f-b57d-f4cb54f048b9: shutdown FollowerState
2019-10-15 16:29:38,159 [Thread-741] INFO  impl.FollowerState (FollowerState.java:run(117)) - 14091fe6-d183-4b46-be93-2ba964a39c73@group-C25BD028928E-FollowerState was interrupted: java.lang.InterruptedException: sleep interrupted
2019-10-15 16:29:38,159 [grpc-default-executor-10] INFO  impl.RoleInfo (RoleInfo.java:updateAndGet(143)) - f581660d-af3d-4f5f-b57d-f4cb54f048b9: start FollowerState
2019-10-15 16:29:38,159 [grpc-default-executor-1] INFO  impl.RoleInfo (RoleInfo.java:updateAndGet(143)) - 14091fe6-d183-4b46-be93-2ba964a39c73: start FollowerState
2019-10-15 16:29:38,159 [Thread-742] INFO  impl.FollowerState (FollowerState.java:run(117)) - f581660d-af3d-4f5f-b57d-f4cb54f048b9@group-C25BD028928E-FollowerState was interrupted: java.lang.InterruptedException: sleep interrupted
2019-10-15 16:29:38,191 [f5624850-682f-4ec5-bb5c-f79627fc299e@group-C25BD028928E-LeaderElection60] INFO  impl.LeaderElection (LeaderElection.java:logAndReturn(56)) - f5624850-682f-4ec5-bb5c-f79627fc299e@group-C25BD028928E-LeaderElection60: Election REJECTED; received 2 response(s) [f5624850-682f-4ec5-bb5c-f79627fc299e<-f581660d-af3d-4f5f-b57d-f4cb54f048b9#0:FAIL-t41, f5624850-682f-4ec5-bb5c-f79627fc299e<-14091fe6-d183-4b46-be93-2ba964a39c73#0:FAIL-t41] and 0 exception(s); f5624850-682f-4ec5-bb5c-f79627fc299e@group-C25BD028928E:t41, leader=null, voted=f5624850-682f-4ec5-bb5c-f79627fc299e, raftlog=f5624850-682f-4ec5-bb5c-f79627fc299e@group-C25BD028928E-SegmentedRaftLog:OPENED:c-1,f-1,i0, conf=-1: [f581660d-af3d-4f5f-b57d-f4cb54f048b9:192.168.164.239:42501, f5624850-682f-4ec5-bb5c-f79627fc299e:192.168.164.239:39499, 14091fe6-d183-4b46-be93-2ba964a39c73:192.168.164.239:34827], old=null
2019-10-15 16:29:38,192 [f5624850-682f-4ec5-bb5c-f79627fc299e@group-C25BD028928E-LeaderElection60] INFO  impl.RaftServerImpl (RaftServerImpl.java:setRole(184)) - f5624850-682f-4ec5-bb5c-f79627fc299e@group-C25BD028928E: changes role from CANDIDATE to FOLLOWER at term 41 for DISCOVERED_A_NEW_TERM
2019-10-15 16:29:38,192 [f5624850-682f-4ec5-bb5c-f79627fc299e@group-C25BD028928E-LeaderElection60] INFO  impl.RoleInfo (RoleInfo.java:shutdownLeaderElection(134)) - f5624850-682f-4ec5-bb5c-f79627fc299e: shutdown LeaderElection
2019-10-15 16:29:38,192 [f5624850-682f-4ec5-bb5c-f79627fc299e@group-C25BD028928E-LeaderElection60] INFO  impl.RoleInfo (RoleInfo.java:updateAndGet(143)) - f5624850-682f-4ec5-bb5c-f79627fc299e: start FollowerState
2019-10-15 16:29:38,220 [Thread-749] INFO  impl.FollowerState (FollowerState.java:run(108)) - f5624850-682f-4ec5-bb5c-f79627fc299e@group-C25BD028928E-FollowerState: change to CANDIDATE, lastRpcTime:28ms, electionTimeout:28ms
2019-10-15 16:29:38,221 [Thread-749] INFO  impl.RoleInfo (RoleInfo.java:shutdownFollowerState(121)) - f5624850-682f-4ec5-bb5c-f79627fc299e: shutdown FollowerState
2019-10-15 16:29:38,221 [Thread-749] INFO  impl.RaftServerImpl (RaftServerImpl.java:setRole(184)) - f5624850-682f-4ec5-bb5c-f79627fc299e@group-C25BD028928E: changes role from  FOLLOWER to CANDIDATE at term 41 for changeToCandidate
2019-10-15 16:29:38,221 [Thread-749] INFO  impl.RoleInfo (RoleInfo.java:updateAndGet(143)) - f5624850-682f-4ec5-bb5c-f79627fc299e: start LeaderElection
2019-10-15 16:29:38,248 [f5624850-682f-4ec5-bb5c-f79627fc299e@group-C25BD028928E-LeaderElection61] INFO  impl.LeaderElection (LeaderElection.java:askForVotes(178)) - f5624850-682f-4ec5-bb5c-f79627fc299e@group-C25BD028928E-LeaderElection61: begin an election at term 42 for -1: [f581660d-af3d-4f5f-b57d-f4cb54f048b9:192.168.164.239:42501, f5624850-682f-4ec5-bb5c-f79627fc299e:192.168.164.239:39499, 14091fe6-d183-4b46-be93-2ba964a39c73:192.168.164.239:34827], old=null
2019-10-15 16:29:38,250 [grpc-default-executor-10] INFO  impl.RaftServerImpl (RaftServerImpl.java:setRole(184)) - f581660d-af3d-4f5f-b57d-f4cb54f048b9@group-C25BD028928E: changes role from  FOLLOWER to FOLLOWER at term 42 for recognizeCandidate:f5624850-682f-4ec5-bb5c-f79627fc299e
2019-10-15 16:29:38,251 [grpc-default-executor-1] INFO  impl.RaftServerImpl (RaftServerImpl.java:setRole(184)) - 14091fe6-d183-4b46-be93-2ba964a39c73@group-C25BD028928E: changes role from  FOLLOWER to FOLLOWER at term 42 for recognizeCandidate:f5624850-682f-4ec5-bb5c-f79627fc299e
2019-10-15 16:29:38,251 [grpc-default-executor-10] INFO  impl.RoleInfo (RoleInfo.java:shutdownFollowerState(121)) - f581660d-af3d-4f5f-b57d-f4cb54f048b9: shutdown FollowerState
2019-10-15 16:29:38,251 [grpc-default-executor-1] INFO  impl.RoleInfo (RoleInfo.java:shutdownFollowerState(121)) - 14091fe6-d183-4b46-be93-2ba964a39c73: shutdown FollowerState
2019-10-15 16:29:38,251 [Thread-748] INFO  impl.FollowerState (FollowerState.java:run(117)) - f581660d-af3d-4f5f-b57d-f4cb54f048b9@group-C25BD028928E-FollowerState was interrupted: java.lang.InterruptedException: sleep interrupted
2019-10-15 16:29:38,251 [grpc-default-executor-10] INFO  impl.RoleInfo (RoleInfo.java:updateAndGet(143)) - f581660d-af3d-4f5f-b57d-f4cb54f048b9: start FollowerState
2019-10-15 16:29:38,251 [Thread-747] INFO  impl.FollowerState (FollowerState.java:run(117)) - 14091fe6-d183-4b46-be93-2ba964a39c73@group-C25BD028928E-FollowerState was interrupted: java.lang.InterruptedException: sleep interrupted
2019-10-15 16:29:38,251 [grpc-default-executor-1] INFO  impl.RoleInfo (RoleInfo.java:updateAndGet(143)) - 14091fe6-d183-4b46-be93-2ba964a39c73: start FollowerState
2019-10-15 16:29:38,275 [f5624850-682f-4ec5-bb5c-f79627fc299e@group-C25BD028928E-LeaderElection61] INFO  impl.LeaderElection (LeaderElection.java:logAndReturn(56)) - f5624850-682f-4ec5-bb5c-f79627fc299e@group-C25BD028928E-LeaderElection61: Election REJECTED; received 2 response(s) [f5624850-682f-4ec5-bb5c-f79627fc299e<-f581660d-af3d-4f5f-b57d-f4cb54f048b9#0:FAIL-t42, f5624850-682f-4ec5-bb5c-f79627fc299e<-14091fe6-d183-4b46-be93-2ba964a39c73#0:FAIL-t42] and 0 exception(s); f5624850-682f-4ec5-bb5c-f79627fc299e@group-C25BD028928E:t42, leader=null, voted=f5624850-682f-4ec5-bb5c-f79627fc299e, raftlog=f5624850-682f-4ec5-bb5c-f79627fc299e@group-C25BD028928E-SegmentedRaftLog:OPENED:c-1,f-1,i0, conf=-1: [f581660d-af3d-4f5f-b57d-f4cb54f048b9:192.168.164.239:42501, f5624850-682f-4ec5-bb5c-f79627fc299e:192.168.164.239:39499, 14091fe6-d183-4b46-be93-2ba964a39c73:192.168.164.239:34827], old=null
2019-10-15 16:29:38,275 [f5624850-682f-4ec5-bb5c-f79627fc299e@group-C25BD028928E-LeaderElection61] INFO  impl.RaftServerImpl (RaftServerImpl.java:setRole(184)) - f5624850-682f-4ec5-bb5c-f79627fc299e@group-C25BD028928E: changes role from CANDIDATE to FOLLOWER at term 42 for DISCOVERED_A_NEW_TERM
2019-10-15 16:29:38,275 [f5624850-682f-4ec5-bb5c-f79627fc299e@group-C25BD028928E-LeaderElection61] INFO  impl.RoleInfo (RoleInfo.java:shutdownLeaderElection(134)) - f5624850-682f-4ec5-bb5c-f79627fc299e: shutdown LeaderElection
2019-10-15 16:29:38,275 [f5624850-682f-4ec5-bb5c-f79627fc299e@group-C25BD028928E-LeaderElection61] INFO  impl.RoleInfo (RoleInfo.java:updateAndGet(143)) - f5624850-682f-4ec5-bb5c-f79627fc299e: start FollowerState
2019-10-15 16:29:38,349 [Thread-755] INFO  impl.FollowerState (FollowerState.java:run(108)) - f5624850-682f-4ec5-bb5c-f79627fc299e@group-C25BD028928E-FollowerState: change to CANDIDATE, lastRpcTime:74ms, electionTimeout:74ms
2019-10-15 16:29:38,350 [Thread-755] INFO  impl.RoleInfo (RoleInfo.java:shutdownFollowerState(121)) - f5624850-682f-4ec5-bb5c-f79627fc299e: shutdown FollowerState
2019-10-15 16:29:38,350 [Thread-755] INFO  impl.RaftServerImpl (RaftServerImpl.java:setRole(184)) - f5624850-682f-4ec5-bb5c-f79627fc299e@group-C25BD028928E: changes role from  FOLLOWER to CANDIDATE at term 42 for changeToCandidate
2019-10-15 16:29:38,350 [Thread-755] INFO  impl.RoleInfo (RoleInfo.java:updateAndGet(143)) - f5624850-682f-4ec5-bb5c-f79627fc299e: start LeaderElection
2019-10-15 16:29:38,374 [f5624850-682f-4ec5-bb5c-f79627fc299e@group-C25BD028928E-LeaderElection62] INFO  impl.LeaderElection (LeaderElection.java:askForVotes(178)) - f5624850-682f-4ec5-bb5c-f79627fc299e@group-C25BD028928E-LeaderElection62: begin an election at term 43 for -1: [f581660d-af3d-4f5f-b57d-f4cb54f048b9:192.168.164.239:42501, f5624850-682f-4ec5-bb5c-f79627fc299e:192.168.164.239:39499, 14091fe6-d183-4b46-be93-2ba964a39c73:192.168.164.239:34827], old=null
2019-10-15 16:29:38,377 [grpc-default-executor-10] INFO  impl.RaftServerImpl (RaftServerImpl.java:setRole(184)) - 14091fe6-d183-4b46-be93-2ba964a39c73@group-C25BD028928E: changes role from  FOLLOWER to FOLLOWER at term 43 for recognizeCandidate:f5624850-682f-4ec5-bb5c-f79627fc299e
2019-10-15 16:29:38,377 [grpc-default-executor-10] INFO  impl.RoleInfo (RoleInfo.java:shutdownFollowerState(121)) - 14091fe6-d183-4b46-be93-2ba964a39c73: shutdown FollowerState
2019-10-15 16:29:38,377 [grpc-default-executor-1] INFO  impl.RaftServerImpl (RaftServerImpl.java:setRole(184)) - f581660d-af3d-4f5f-b57d-f4cb54f048b9@group-C25BD028928E: changes role from  FOLLOWER to FOLLOWER at term 43 for recognizeCandidate:f5624850-682f-4ec5-bb5c-f79627fc299e
2019-10-15 16:29:38,377 [Thread-754] INFO  impl.FollowerState (FollowerState.java:run(117)) - 14091fe6-d183-4b46-be93-2ba964a39c73@group-C25BD028928E-FollowerState was interrupted: java.lang.InterruptedException: sleep interrupted
2019-10-15 16:29:38,377 [grpc-default-executor-10] INFO  impl.RoleInfo (RoleInfo.java:updateAndGet(143)) - 14091fe6-d183-4b46-be93-2ba964a39c73: start FollowerState
2019-10-15 16:29:38,377 [grpc-default-executor-1] INFO  impl.RoleInfo (RoleInfo.java:shutdownFollowerState(121)) - f581660d-af3d-4f5f-b57d-f4cb54f048b9: shutdown FollowerState
2019-10-15 16:29:38,377 [Thread-753] INFO  impl.FollowerState (FollowerState.java:run(117)) - f581660d-af3d-4f5f-b57d-f4cb54f048b9@group-C25BD028928E-FollowerState was interrupted: java.lang.InterruptedException: sleep interrupted
2019-10-15 16:29:38,377 [grpc-default-executor-1] INFO  impl.RoleInfo (RoleInfo.java:updateAndGet(143)) - f581660d-af3d-4f5f-b57d-f4cb54f048b9: start FollowerState
2019-10-15 16:29:38,400 [f5624850-682f-4ec5-bb5c-f79627fc299e@group-C25BD028928E-LeaderElection62] INFO  impl.LeaderElection (LeaderElection.java:logAndReturn(56)) - f5624850-682f-4ec5-bb5c-f79627fc299e@group-C25BD028928E-LeaderElection62: Election REJECTED; received 2 response(s) [f5624850-682f-4ec5-bb5c-f79627fc299e<-f581660d-af3d-4f5f-b57d-f4cb54f048b9#0:FAIL-t43, f5624850-682f-4ec5-bb5c-f79627fc299e<-14091fe6-d183-4b46-be93-2ba964a39c73#0:FAIL-t43] and 0 exception(s); f5624850-682f-4ec5-bb5c-f79627fc299e@group-C25BD028928E:t43, leader=null, voted=f5624850-682f-4ec5-bb5c-f79627fc299e, raftlog=f5624850-682f-4ec5-bb5c-f79627fc299e@group-C25BD028928E-SegmentedRaftLog:OPENED:c-1,f-1,i0, conf=-1: [f581660d-af3d-4f5f-b57d-f4cb54f048b9:192.168.164.239:42501, f5624850-682f-4ec5-bb5c-f79627fc299e:192.168.164.239:39499, 14091fe6-d183-4b46-be93-2ba964a39c73:192.168.164.239:34827], old=null
2019-10-15 16:29:38,401 [f5624850-682f-4ec5-bb5c-f79627fc299e@group-C25BD028928E-LeaderElection62] INFO  impl.RaftServerImpl (RaftServerImpl.java:setRole(184)) - f5624850-682f-4ec5-bb5c-f79627fc299e@group-C25BD028928E: changes role from CANDIDATE to FOLLOWER at term 43 for DISCOVERED_A_NEW_TERM
2019-10-15 16:29:38,401 [f5624850-682f-4ec5-bb5c-f79627fc299e@group-C25BD028928E-LeaderElection62] INFO  impl.RoleInfo (RoleInfo.java:shutdownLeaderElection(134)) - f5624850-682f-4ec5-bb5c-f79627fc299e: shutdown LeaderElection
2019-10-15 16:29:38,401 [f5624850-682f-4ec5-bb5c-f79627fc299e@group-C25BD028928E-LeaderElection62] INFO  impl.RoleInfo (RoleInfo.java:updateAndGet(143)) - f5624850-682f-4ec5-bb5c-f79627fc299e: start FollowerState
2019-10-15 16:29:38,408 [Thread-761] INFO  impl.FollowerState (FollowerState.java:run(108)) - f5624850-682f-4ec5-bb5c-f79627fc299e@group-C25BD028928E-FollowerState: change to CANDIDATE, lastRpcTime:7ms, electionTimeout:7ms
2019-10-15 16:29:38,408 [Thread-761] INFO  impl.RoleInfo (RoleInfo.java:shutdownFollowerState(121)) - f5624850-682f-4ec5-bb5c-f79627fc299e: shutdown FollowerState
2019-10-15 16:29:38,409 [Thread-761] INFO  impl.RaftServerImpl (RaftServerImpl.java:setRole(184)) - f5624850-682f-4ec5-bb5c-f79627fc299e@group-C25BD028928E: changes role from  FOLLOWER to CANDIDATE at term 43 for changeToCandidate
2019-10-15 16:29:38,409 [Thread-761] INFO  impl.RoleInfo (RoleInfo.java:updateAndGet(143)) - f5624850-682f-4ec5-bb5c-f79627fc299e: start LeaderElection
2019-10-15 16:29:38,433 [f5624850-682f-4ec5-bb5c-f79627fc299e@group-C25BD028928E-LeaderElection63] INFO  impl.LeaderElection (LeaderElection.java:askForVotes(178)) - f5624850-682f-4ec5-bb5c-f79627fc299e@group-C25BD028928E-LeaderElection63: begin an election at term 44 for -1: [f581660d-af3d-4f5f-b57d-f4cb54f048b9:192.168.164.239:42501, f5624850-682f-4ec5-bb5c-f79627fc299e:192.168.164.239:39499, 14091fe6-d183-4b46-be93-2ba964a39c73:192.168.164.239:34827], old=null
2019-10-15 16:29:38,435 [grpc-default-executor-10] INFO  impl.RaftServerImpl (RaftServerImpl.java:setRole(184)) - 14091fe6-d183-4b46-be93-2ba964a39c73@group-C25BD028928E: changes role from  FOLLOWER to FOLLOWER at term 44 for recognizeCandidate:f5624850-682f-4ec5-bb5c-f79627fc299e
2019-10-15 16:29:38,435 [grpc-default-executor-10] INFO  impl.RoleInfo (RoleInfo.java:shutdownFollowerState(121)) - 14091fe6-d183-4b46-be93-2ba964a39c73: shutdown FollowerState
2019-10-15 16:29:38,435 [grpc-default-executor-1] INFO  impl.RaftServerImpl (RaftServerImpl.java:setRole(184)) - f581660d-af3d-4f5f-b57d-f4cb54f048b9@group-C25BD028928E: changes role from  FOLLOWER to FOLLOWER at term 44 for recognizeCandidate:f5624850-682f-4ec5-bb5c-f79627fc299e
2019-10-15 16:29:38,435 [Thread-759] INFO  impl.FollowerState (FollowerState.java:run(117)) - 14091fe6-d183-4b46-be93-2ba964a39c73@group-C25BD028928E-FollowerState was interrupted: java.lang.InterruptedException: sleep interrupted
2019-10-15 16:29:38,435 [grpc-default-executor-10] INFO  impl.RoleInfo (RoleInfo.java:updateAndGet(143)) - 14091fe6-d183-4b46-be93-2ba964a39c73: start FollowerState
2019-10-15 16:29:38,436 [grpc-default-executor-1] INFO  impl.RoleInfo (RoleInfo.java:shutdownFollowerState(121)) - f581660d-af3d-4f5f-b57d-f4cb54f048b9: shutdown FollowerState
2019-10-15 16:29:38,436 [grpc-default-executor-1] INFO  impl.RoleInfo (RoleInfo.java:updateAndGet(143)) - f581660d-af3d-4f5f-b57d-f4cb54f048b9: start FollowerState
2019-10-15 16:29:38,436 [Thread-760] INFO  impl.FollowerState (FollowerState.java:run(117)) - f581660d-af3d-4f5f-b57d-f4cb54f048b9@group-C25BD028928E-FollowerState was interrupted: java.lang.InterruptedException: sleep interrupted
2019-10-15 16:29:38,459 [f5624850-682f-4ec5-bb5c-f79627fc299e@group-C25BD028928E-LeaderElection63] INFO  impl.LeaderElection (LeaderElection.java:logAndReturn(56)) - f5624850-682f-4ec5-bb5c-f79627fc299e@group-C25BD028928E-LeaderElection63: Election REJECTED; received 2 response(s) [f5624850-682f-4ec5-bb5c-f79627fc299e<-f581660d-af3d-4f5f-b57d-f4cb54f048b9#0:FAIL-t44, f5624850-682f-4ec5-bb5c-f79627fc299e<-14091fe6-d183-4b46-be93-2ba964a39c73#0:FAIL-t44] and 0 exception(s); f5624850-682f-4ec5-bb5c-f79627fc299e@group-C25BD028928E:t44, leader=null, voted=f5624850-682f-4ec5-bb5c-f79627fc299e, raftlog=f5624850-682f-4ec5-bb5c-f79627fc299e@group-C25BD028928E-SegmentedRaftLog:OPENED:c-1,f-1,i0, conf=-1: [f581660d-af3d-4f5f-b57d-f4cb54f048b9:192.168.164.239:42501, f5624850-682f-4ec5-bb5c-f79627fc299e:192.168.164.239:39499, 14091fe6-d183-4b46-be93-2ba964a39c73:192.168.164.239:34827], old=null
2019-10-15 16:29:38,460 [f5624850-682f-4ec5-bb5c-f79627fc299e@group-C25BD028928E-LeaderElection63] INFO  impl.RaftServerImpl (RaftServerImpl.java:setRole(184)) - f5624850-682f-4ec5-bb5c-f79627fc299e@group-C25BD028928E: changes role from CANDIDATE to FOLLOWER at term 44 for DISCOVERED_A_NEW_TERM
2019-10-15 16:29:38,460 [f5624850-682f-4ec5-bb5c-f79627fc299e@group-C25BD028928E-LeaderElection63] INFO  impl.RoleInfo (RoleInfo.java:shutdownLeaderElection(134)) - f5624850-682f-4ec5-bb5c-f79627fc299e: shutdown LeaderElection
2019-10-15 16:29:38,460 [f5624850-682f-4ec5-bb5c-f79627fc299e@group-C25BD028928E-LeaderElection63] INFO  impl.RoleInfo (RoleInfo.java:updateAndGet(143)) - f5624850-682f-4ec5-bb5c-f79627fc299e: start FollowerState
2019-10-15 16:29:38,653 [Thread-767] INFO  impl.FollowerState (FollowerState.java:run(108)) - f5624850-682f-4ec5-bb5c-f79627fc299e@group-C25BD028928E-FollowerState: change to CANDIDATE, lastRpcTime:193ms, electionTimeout:193ms
2019-10-15 16:29:38,654 [Thread-767] INFO  impl.RoleInfo (RoleInfo.java:shutdownFollowerState(121)) - f5624850-682f-4ec5-bb5c-f79627fc299e: shutdown FollowerState
2019-10-15 16:29:38,654 [Thread-767] INFO  impl.RaftServerImpl (RaftServerImpl.java:setRole(184)) - f5624850-682f-4ec5-bb5c-f79627fc299e@group-C25BD028928E: changes role from  FOLLOWER to CANDIDATE at term 44 for changeToCandidate
2019-10-15 16:29:38,654 [Thread-767] INFO  impl.RoleInfo (RoleInfo.java:updateAndGet(143)) - f5624850-682f-4ec5-bb5c-f79627fc299e: start LeaderElection
2019-10-15 16:29:38,684 [f5624850-682f-4ec5-bb5c-f79627fc299e@group-C25BD028928E-LeaderElection64] INFO  impl.LeaderElection (LeaderElection.java:askForVotes(178)) - f5624850-682f-4ec5-bb5c-f79627fc299e@group-C25BD028928E-LeaderElection64: begin an election at term 45 for -1: [f581660d-af3d-4f5f-b57d-f4cb54f048b9:192.168.164.239:42501, f5624850-682f-4ec5-bb5c-f79627fc299e:192.168.164.239:39499, 14091fe6-d183-4b46-be93-2ba964a39c73:192.168.164.239:34827], old=null
2019-10-15 16:29:38,687 [grpc-default-executor-1] INFO  impl.RaftServerImpl (RaftServerImpl.java:setRole(184)) - f581660d-af3d-4f5f-b57d-f4cb54f048b9@group-C25BD028928E: changes role from  FOLLOWER to FOLLOWER at term 45 for recognizeCandidate:f5624850-682f-4ec5-bb5c-f79627fc299e
2019-10-15 16:29:38,687 [grpc-default-executor-10] INFO  impl.RaftServerImpl (RaftServerImpl.java:setRole(184)) - 14091fe6-d183-4b46-be93-2ba964a39c73@group-C25BD028928E: changes role from  FOLLOWER to FOLLOWER at term 45 for recognizeCandidate:f5624850-682f-4ec5-bb5c-f79627fc299e
2019-10-15 16:29:38,688 [grpc-default-executor-1] INFO  impl.RoleInfo (RoleInfo.java:shutdownFollowerState(121)) - f581660d-af3d-4f5f-b57d-f4cb54f048b9: shutdown FollowerState
2019-10-15 16:29:38,688 [grpc-default-executor-10] INFO  impl.RoleInfo (RoleInfo.java:shutdownFollowerState(121)) - 14091fe6-d183-4b46-be93-2ba964a39c73: shutdown FollowerState
2019-10-15 16:29:38,688 [grpc-default-executor-1] INFO  impl.RoleInfo (RoleInfo.java:updateAndGet(143)) - f581660d-af3d-4f5f-b57d-f4cb54f048b9: start FollowerState
2019-10-15 16:29:38,688 [Thread-766] INFO  impl.FollowerState (FollowerState.java:run(117)) - f581660d-af3d-4f5f-b57d-f4cb54f048b9@group-C25BD028928E-FollowerState was interrupted: java.lang.InterruptedException: sleep interrupted
2019-10-15 16:29:38,689 [Thread-765] INFO  impl.FollowerState (FollowerState.java:run(117)) - 14091fe6-d183-4b46-be93-2ba964a39c73@group-C25BD028928E-FollowerState was interrupted: java.lang.InterruptedException: sleep interrupted
2019-10-15 16:29:38,689 [grpc-default-executor-10] INFO  impl.RoleInfo (RoleInfo.java:updateAndGet(143)) - 14091fe6-d183-4b46-be93-2ba964a39c73: start FollowerState
2019-10-15 16:29:38,719 [f5624850-682f-4ec5-bb5c-f79627fc299e@group-C25BD028928E-LeaderElection64] INFO  impl.LeaderElection (LeaderElection.java:logAndReturn(56)) - f5624850-682f-4ec5-bb5c-f79627fc299e@group-C25BD028928E-LeaderElection64: Election REJECTED; received 2 response(s) [f5624850-682f-4ec5-bb5c-f79627fc299e<-f581660d-af3d-4f5f-b57d-f4cb54f048b9#0:FAIL-t45, f5624850-682f-4ec5-bb5c-f79627fc299e<-14091fe6-d183-4b46-be93-2ba964a39c73#0:FAIL-t45] and 0 exception(s); f5624850-682f-4ec5-bb5c-f79627fc299e@group-C25BD028928E:t45, leader=null, voted=f5624850-682f-4ec5-bb5c-f79627fc299e, raftlog=f5624850-682f-4ec5-bb5c-f79627fc299e@group-C25BD028928E-SegmentedRaftLog:OPENED:c-1,f-1,i0, conf=-1: [f581660d-af3d-4f5f-b57d-f4cb54f048b9:192.168.164.239:42501, f5624850-682f-4ec5-bb5c-f79627fc299e:192.168.164.239:39499, 14091fe6-d183-4b46-be93-2ba964a39c73:192.168.164.239:34827], old=null
2019-10-15 16:29:38,719 [f5624850-682f-4ec5-bb5c-f79627fc299e@group-C25BD028928E-LeaderElection64] INFO  impl.RaftServerImpl (RaftServerImpl.java:setRole(184)) - f5624850-682f-4ec5-bb5c-f79627fc299e@group-C25BD028928E: changes role from CANDIDATE to FOLLOWER at term 45 for DISCOVERED_A_NEW_TERM
2019-10-15 16:29:38,719 [f5624850-682f-4ec5-bb5c-f79627fc299e@group-C25BD028928E-LeaderElection64] INFO  impl.RoleInfo (RoleInfo.java:shutdownLeaderElection(134)) - f5624850-682f-4ec5-bb5c-f79627fc299e: shutdown LeaderElection
2019-10-15 16:29:38,719 [f5624850-682f-4ec5-bb5c-f79627fc299e@group-C25BD028928E-LeaderElection64] INFO  impl.RoleInfo (RoleInfo.java:updateAndGet(143)) - f5624850-682f-4ec5-bb5c-f79627fc299e: start FollowerState
2019-10-15 16:29:38,816 [Thread-777] INFO  impl.FollowerState (FollowerState.java:run(108)) - f5624850-682f-4ec5-bb5c-f79627fc299e@group-C25BD028928E-FollowerState: change to CANDIDATE, lastRpcTime:96ms, electionTimeout:96ms
2019-10-15 16:29:38,818 [Thread-777] INFO  impl.RoleInfo (RoleInfo.java:shutdownFollowerState(121)) - f5624850-682f-4ec5-bb5c-f79627fc299e: shutdown FollowerState
2019-10-15 16:29:38,818 [Thread-777] INFO  impl.RaftServerImpl (RaftServerImpl.java:setRole(184)) - f5624850-682f-4ec5-bb5c-f79627fc299e@group-C25BD028928E: changes role from  FOLLOWER to CANDIDATE at term 45 for changeToCandidate
2019-10-15 16:29:38,818 [Thread-777] INFO  impl.RoleInfo (RoleInfo.java:updateAndGet(143)) - f5624850-682f-4ec5-bb5c-f79627fc299e: start LeaderElection
2019-10-15 16:29:38,851 [f5624850-682f-4ec5-bb5c-f79627fc299e@group-C25BD028928E-LeaderElection65] INFO  impl.LeaderElection (LeaderElection.java:askForVotes(178)) - f5624850-682f-4ec5-bb5c-f79627fc299e@group-C25BD028928E-LeaderElection65: begin an election at term 46 for -1: [f581660d-af3d-4f5f-b57d-f4cb54f048b9:192.168.164.239:42501, f5624850-682f-4ec5-bb5c-f79627fc299e:192.168.164.239:39499, 14091fe6-d183-4b46-be93-2ba964a39c73:192.168.164.239:34827], old=null
2019-10-15 16:29:38,854 [grpc-default-executor-1] INFO  impl.RaftServerImpl (RaftServerImpl.java:setRole(184)) - 14091fe6-d183-4b46-be93-2ba964a39c73@group-C25BD028928E: changes role from  FOLLOWER to FOLLOWER at term 46 for recognizeCandidate:f5624850-682f-4ec5-bb5c-f79627fc299e
2019-10-15 16:29:38,854 [grpc-default-executor-0] INFO  impl.RaftServerImpl (RaftServerImpl.java:setRole(184)) - f581660d-af3d-4f5f-b57d-f4cb54f048b9@group-C25BD028928E: changes role from  FOLLOWER to FOLLOWER at term 46 for recognizeCandidate:f5624850-682f-4ec5-bb5c-f79627fc299e
2019-10-15 16:29:38,854 [grpc-default-executor-1] INFO  impl.RoleInfo (RoleInfo.java:shutdownFollowerState(121)) - 14091fe6-d183-4b46-be93-2ba964a39c73: shutdown FollowerState
2019-10-15 16:29:38,854 [grpc-default-executor-0] INFO  impl.RoleInfo (RoleInfo.java:shutdownFollowerState(121)) - f581660d-af3d-4f5f-b57d-f4cb54f048b9: shutdown FollowerState
2019-10-15 16:29:38,855 [Thread-776] INFO  impl.FollowerState (FollowerState.java:run(117)) - 14091fe6-d183-4b46-be93-2ba964a39c73@group-C25BD028928E-FollowerState was interrupted: java.lang.InterruptedException: sleep interrupted
2019-10-15 16:29:38,855 [grpc-default-executor-1] INFO  impl.RoleInfo (RoleInfo.java:updateAndGet(143)) - 14091fe6-d183-4b46-be93-2ba964a39c73: start FollowerState
2019-10-15 16:29:38,855 [Thread-775] INFO  impl.FollowerState (FollowerState.java:run(117)) - f581660d-af3d-4f5f-b57d-f4cb54f048b9@group-C25BD028928E-FollowerState was interrupted: java.lang.InterruptedException: sleep interrupted
2019-10-15 16:29:38,855 [grpc-default-executor-0] INFO  impl.RoleInfo (RoleInfo.java:updateAndGet(143)) - f581660d-af3d-4f5f-b57d-f4cb54f048b9: start FollowerState
2019-10-15 16:29:38,878 [f5624850-682f-4ec5-bb5c-f79627fc299e@group-C25BD028928E-LeaderElection65] INFO  impl.LeaderElection (LeaderElection.java:logAndReturn(56)) - f5624850-682f-4ec5-bb5c-f79627fc299e@group-C25BD028928E-LeaderElection65: Election REJECTED; received 2 response(s) [f5624850-682f-4ec5-bb5c-f79627fc299e<-f581660d-af3d-4f5f-b57d-f4cb54f048b9#0:FAIL-t46, f5624850-682f-4ec5-bb5c-f79627fc299e<-14091fe6-d183-4b46-be93-2ba964a39c73#0:FAIL-t46] and 0 exception(s); f5624850-682f-4ec5-bb5c-f79627fc299e@group-C25BD028928E:t46, leader=null, voted=f5624850-682f-4ec5-bb5c-f79627fc299e, raftlog=f5624850-682f-4ec5-bb5c-f79627fc299e@group-C25BD028928E-SegmentedRaftLog:OPENED:c-1,f-1,i0, conf=-1: [f581660d-af3d-4f5f-b57d-f4cb54f048b9:192.168.164.239:42501, f5624850-682f-4ec5-bb5c-f79627fc299e:192.168.164.239:39499, 14091fe6-d183-4b46-be93-2ba964a39c73:192.168.164.239:34827], old=null
2019-10-15 16:29:38,878 [f5624850-682f-4ec5-bb5c-f79627fc299e@group-C25BD028928E-LeaderElection65] INFO  impl.RaftServerImpl (RaftServerImpl.java:setRole(184)) - f5624850-682f-4ec5-bb5c-f79627fc299e@group-C25BD028928E: changes role from CANDIDATE to FOLLOWER at term 46 for DISCOVERED_A_NEW_TERM
2019-10-15 16:29:38,878 [f5624850-682f-4ec5-bb5c-f79627fc299e@group-C25BD028928E-LeaderElection65] INFO  impl.RoleInfo (RoleInfo.java:shutdownLeaderElection(134)) - f5624850-682f-4ec5-bb5c-f79627fc299e: shutdown LeaderElection
2019-10-15 16:29:38,878 [f5624850-682f-4ec5-bb5c-f79627fc299e@group-C25BD028928E-LeaderElection65] INFO  impl.RoleInfo (RoleInfo.java:updateAndGet(143)) - f5624850-682f-4ec5-bb5c-f79627fc299e: start FollowerState
2019-10-15 16:29:38,960 [Thread-785] INFO  impl.FollowerState (FollowerState.java:run(108)) - f5624850-682f-4ec5-bb5c-f79627fc299e@group-C25BD028928E-FollowerState: change to CANDIDATE, lastRpcTime:81ms, electionTimeout:81ms
2019-10-15 16:29:38,960 [Thread-785] INFO  impl.RoleInfo (RoleInfo.java:shutdownFollowerState(121)) - f5624850-682f-4ec5-bb5c-f79627fc299e: shutdown FollowerState
2019-10-15 16:29:38,960 [Thread-785] INFO  impl.RaftServerImpl (RaftServerImpl.java:setRole(184)) - f5624850-682f-4ec5-bb5c-f79627fc299e@group-C25BD028928E: changes role from  FOLLOWER to CANDIDATE at term 46 for changeToCandidate
2019-10-15 16:29:38,960 [Thread-785] INFO  impl.RoleInfo (RoleInfo.java:updateAndGet(143)) - f5624850-682f-4ec5-bb5c-f79627fc299e: start LeaderElection
2019-10-15 16:29:38,985 [f5624850-682f-4ec5-bb5c-f79627fc299e@group-C25BD028928E-LeaderElection66] INFO  impl.LeaderElection (LeaderElection.java:askForVotes(178)) - f5624850-682f-4ec5-bb5c-f79627fc299e@group-C25BD028928E-LeaderElection66: begin an election at term 47 for -1: [f581660d-af3d-4f5f-b57d-f4cb54f048b9:192.168.164.239:42501, f5624850-682f-4ec5-bb5c-f79627fc299e:192.168.164.239:39499, 14091fe6-d183-4b46-be93-2ba964a39c73:192.168.164.239:34827], old=null
2019-10-15 16:29:38,988 [grpc-default-executor-1] INFO  impl.RaftServerImpl (RaftServerImpl.java:setRole(184)) - 14091fe6-d183-4b46-be93-2ba964a39c73@group-C25BD028928E: changes role from  FOLLOWER to FOLLOWER at term 47 for recognizeCandidate:f5624850-682f-4ec5-bb5c-f79627fc299e
2019-10-15 16:29:38,988 [grpc-default-executor-10] INFO  impl.RaftServerImpl (RaftServerImpl.java:setRole(184)) - f581660d-af3d-4f5f-b57d-f4cb54f048b9@group-C25BD028928E: changes role from  FOLLOWER to FOLLOWER at term 47 for recognizeCandidate:f5624850-682f-4ec5-bb5c-f79627fc299e
2019-10-15 16:29:38,988 [grpc-default-executor-1] INFO  impl.RoleInfo (RoleInfo.java:shutdownFollowerState(121)) - 14091fe6-d183-4b46-be93-2ba964a39c73: shutdown FollowerState
2019-10-15 16:29:38,989 [grpc-default-executor-10] INFO  impl.RoleInfo (RoleInfo.java:shutdownFollowerState(121)) - f581660d-af3d-4f5f-b57d-f4cb54f048b9: shutdown FollowerState
2019-10-15 16:29:38,989 [Thread-783] INFO  impl.FollowerState (FollowerState.java:run(117)) - 14091fe6-d183-4b46-be93-2ba964a39c73@group-C25BD028928E-FollowerState was interrupted: java.lang.InterruptedException: sleep interrupted
2019-10-15 16:29:38,989 [Thread-784] INFO  impl.FollowerState (FollowerState.java:run(117)) - f581660d-af3d-4f5f-b57d-f4cb54f048b9@group-C25BD028928E-FollowerState was interrupted: java.lang.InterruptedException: sleep interrupted
2019-10-15 16:29:38,989 [grpc-default-executor-1] INFO  impl.RoleInfo (RoleInfo.java:updateAndGet(143)) - 14091fe6-d183-4b46-be93-2ba964a39c73: start FollowerState
2019-10-15 16:29:38,989 [grpc-default-executor-10] INFO  impl.RoleInfo (RoleInfo.java:updateAndGet(143)) - f581660d-af3d-4f5f-b57d-f4cb54f048b9: start FollowerState
2019-10-15 16:29:39,021 [f5624850-682f-4ec5-bb5c-f79627fc299e@group-C25BD028928E-LeaderElection66] INFO  impl.LeaderElection (LeaderElection.java:logAndReturn(56)) - f5624850-682f-4ec5-bb5c-f79627fc299e@group-C25BD028928E-LeaderElection66: Election REJECTED; received 2 response(s) [f5624850-682f-4ec5-bb5c-f79627fc299e<-f581660d-af3d-4f5f-b57d-f4cb54f048b9#0:FAIL-t47, f5624850-682f-4ec5-bb5c-f79627fc299e<-14091fe6-d183-4b46-be93-2ba964a39c73#0:FAIL-t47] and 0 exception(s); f5624850-682f-4ec5-bb5c-f79627fc299e@group-C25BD028928E:t47, leader=null, voted=f5624850-682f-4ec5-bb5c-f79627fc299e, raftlog=f5624850-682f-4ec5-bb5c-f79627fc299e@group-C25BD028928E-SegmentedRaftLog:OPENED:c-1,f-1,i0, conf=-1: [f581660d-af3d-4f5f-b57d-f4cb54f048b9:192.168.164.239:42501, f5624850-682f-4ec5-bb5c-f79627fc299e:192.168.164.239:39499, 14091fe6-d183-4b46-be93-2ba964a39c73:192.168.164.239:34827], old=null
2019-10-15 16:29:39,021 [f5624850-682f-4ec5-bb5c-f79627fc299e@group-C25BD028928E-LeaderElection66] INFO  impl.RaftServerImpl (RaftServerImpl.java:setRole(184)) - f5624850-682f-4ec5-bb5c-f79627fc299e@group-C25BD028928E: changes role from CANDIDATE to FOLLOWER at term 47 for DISCOVERED_A_NEW_TERM
2019-10-15 16:29:39,021 [f5624850-682f-4ec5-bb5c-f79627fc299e@group-C25BD028928E-LeaderElection66] INFO  impl.RoleInfo (RoleInfo.java:shutdownLeaderElection(134)) - f5624850-682f-4ec5-bb5c-f79627fc299e: shutdown LeaderElection
2019-10-15 16:29:39,022 [f5624850-682f-4ec5-bb5c-f79627fc299e@group-C25BD028928E-LeaderElection66] INFO  impl.RoleInfo (RoleInfo.java:updateAndGet(143)) - f5624850-682f-4ec5-bb5c-f79627fc299e: start FollowerState
2019-10-15 16:29:39,062 [Thread-795] INFO  impl.FollowerState (FollowerState.java:run(108)) - f5624850-682f-4ec5-bb5c-f79627fc299e@group-C25BD028928E-FollowerState: change to CANDIDATE, lastRpcTime:40ms, electionTimeout:40ms
2019-10-15 16:29:39,062 [Thread-795] INFO  impl.RoleInfo (RoleInfo.java:shutdownFollowerState(121)) - f5624850-682f-4ec5-bb5c-f79627fc299e: shutdown FollowerState
2019-10-15 16:29:39,062 [Thread-795] INFO  impl.RaftServerImpl (RaftServerImpl.java:setRole(184)) - f5624850-682f-4ec5-bb5c-f79627fc299e@group-C25BD028928E: changes role from  FOLLOWER to CANDIDATE at term 47 for changeToCandidate
2019-10-15 16:29:39,062 [Thread-795] INFO  impl.RoleInfo (RoleInfo.java:updateAndGet(143)) - f5624850-682f-4ec5-bb5c-f79627fc299e: start LeaderElection
2019-10-15 16:29:39,086 [f5624850-682f-4ec5-bb5c-f79627fc299e@group-C25BD028928E-LeaderElection67] INFO  impl.LeaderElection (LeaderElection.java:askForVotes(178)) - f5624850-682f-4ec5-bb5c-f79627fc299e@group-C25BD028928E-LeaderElection67: begin an election at term 48 for -1: [f581660d-af3d-4f5f-b57d-f4cb54f048b9:192.168.164.239:42501, f5624850-682f-4ec5-bb5c-f79627fc299e:192.168.164.239:39499, 14091fe6-d183-4b46-be93-2ba964a39c73:192.168.164.239:34827], old=null
2019-10-15 16:29:39,089 [grpc-default-executor-1] INFO  impl.RaftServerImpl (RaftServerImpl.java:setRole(184)) - f581660d-af3d-4f5f-b57d-f4cb54f048b9@group-C25BD028928E: changes role from  FOLLOWER to FOLLOWER at term 48 for recognizeCandidate:f5624850-682f-4ec5-bb5c-f79627fc299e
2019-10-15 16:29:39,089 [grpc-default-executor-1] INFO  impl.RoleInfo (RoleInfo.java:shutdownFollowerState(121)) - f581660d-af3d-4f5f-b57d-f4cb54f048b9: shutdown FollowerState
2019-10-15 16:29:39,089 [grpc-default-executor-10] INFO  impl.RaftServerImpl (RaftServerImpl.java:setRole(184)) - 14091fe6-d183-4b46-be93-2ba964a39c73@group-C25BD028928E: changes role from  FOLLOWER to FOLLOWER at term 48 for recognizeCandidate:f5624850-682f-4ec5-bb5c-f79627fc299e
2019-10-15 16:29:39,089 [Thread-792] INFO  impl.FollowerState (FollowerState.java:run(117)) - f581660d-af3d-4f5f-b57d-f4cb54f048b9@group-C25BD028928E-FollowerState was interrupted: java.lang.InterruptedException: sleep interrupted
2019-10-15 16:29:39,089 [grpc-default-executor-1] INFO  impl.RoleInfo (RoleInfo.java:updateAndGet(143)) - f581660d-af3d-4f5f-b57d-f4cb54f048b9: start FollowerState
2019-10-15 16:29:39,089 [grpc-default-executor-10] INFO  impl.RoleInfo (RoleInfo.java:shutdownFollowerState(121)) - 14091fe6-d183-4b46-be93-2ba964a39c73: shutdown FollowerState
2019-10-15 16:29:39,090 [grpc-default-executor-10] INFO  impl.RoleInfo (RoleInfo.java:updateAndGet(143)) - 14091fe6-d183-4b46-be93-2ba964a39c73: start FollowerState
2019-10-15 16:29:39,090 [Thread-791] INFO  impl.FollowerState (FollowerState.java:run(117)) - 14091fe6-d183-4b46-be93-2ba964a39c73@group-C25BD028928E-FollowerState was interrupted: java.lang.InterruptedException: sleep interrupted
2019-10-15 16:29:39,113 [f5624850-682f-4ec5-bb5c-f79627fc299e@group-C25BD028928E-LeaderElection67] INFO  impl.LeaderElection (LeaderElection.java:logAndReturn(56)) - f5624850-682f-4ec5-bb5c-f79627fc299e@group-C25BD028928E-LeaderElection67: Election REJECTED; received 2 response(s) [f5624850-682f-4ec5-bb5c-f79627fc299e<-f581660d-af3d-4f5f-b57d-f4cb54f048b9#0:FAIL-t48, f5624850-682f-4ec5-bb5c-f79627fc299e<-14091fe6-d183-4b46-be93-2ba964a39c73#0:FAIL-t48] and 0 exception(s); f5624850-682f-4ec5-bb5c-f79627fc299e@group-C25BD028928E:t48, leader=null, voted=f5624850-682f-4ec5-bb5c-f79627fc299e, raftlog=f5624850-682f-4ec5-bb5c-f79627fc299e@group-C25BD028928E-SegmentedRaftLog:OPENED:c-1,f-1,i0, conf=-1: [f581660d-af3d-4f5f-b57d-f4cb54f048b9:192.168.164.239:42501, f5624850-682f-4ec5-bb5c-f79627fc299e:192.168.164.239:39499, 14091fe6-d183-4b46-be93-2ba964a39c73:192.168.164.239:34827], old=null
2019-10-15 16:29:39,113 [f5624850-682f-4ec5-bb5c-f79627fc299e@group-C25BD028928E-LeaderElection67] INFO  impl.RaftServerImpl (RaftServerImpl.java:setRole(184)) - f5624850-682f-4ec5-bb5c-f79627fc299e@group-C25BD028928E: changes role from CANDIDATE to FOLLOWER at term 48 for DISCOVERED_A_NEW_TERM
2019-10-15 16:29:39,113 [f5624850-682f-4ec5-bb5c-f79627fc299e@group-C25BD028928E-LeaderElection67] INFO  impl.RoleInfo (RoleInfo.java:shutdownLeaderElection(134)) - f5624850-682f-4ec5-bb5c-f79627fc299e: shutdown LeaderElection
2019-10-15 16:29:39,113 [f5624850-682f-4ec5-bb5c-f79627fc299e@group-C25BD028928E-LeaderElection67] INFO  impl.RoleInfo (RoleInfo.java:updateAndGet(143)) - f5624850-682f-4ec5-bb5c-f79627fc299e: start FollowerState
2019-10-15 16:29:39,190 [Thread-801] INFO  impl.FollowerState (FollowerState.java:run(108)) - f5624850-682f-4ec5-bb5c-f79627fc299e@group-C25BD028928E-FollowerState: change to CANDIDATE, lastRpcTime:77ms, electionTimeout:77ms
2019-10-15 16:29:39,191 [Thread-801] INFO  impl.RoleInfo (RoleInfo.java:shutdownFollowerState(121)) - f5624850-682f-4ec5-bb5c-f79627fc299e: shutdown FollowerState
2019-10-15 16:29:39,191 [Thread-801] INFO  impl.RaftServerImpl (RaftServerImpl.java:setRole(184)) - f5624850-682f-4ec5-bb5c-f79627fc299e@group-C25BD028928E: changes role from  FOLLOWER to CANDIDATE at term 48 for changeToCandidate
2019-10-15 16:29:39,191 [Thread-801] INFO  impl.RoleInfo (RoleInfo.java:updateAndGet(143)) - f5624850-682f-4ec5-bb5c-f79627fc299e: start LeaderElection
2019-10-15 16:29:39,220 [f5624850-682f-4ec5-bb5c-f79627fc299e@group-C25BD028928E-LeaderElection68] INFO  impl.LeaderElection (LeaderElection.java:askForVotes(178)) - f5624850-682f-4ec5-bb5c-f79627fc299e@group-C25BD028928E-LeaderElection68: begin an election at term 49 for -1: [f581660d-af3d-4f5f-b57d-f4cb54f048b9:192.168.164.239:42501, f5624850-682f-4ec5-bb5c-f79627fc299e:192.168.164.239:39499, 14091fe6-d183-4b46-be93-2ba964a39c73:192.168.164.239:34827], old=null
2019-10-15 16:29:39,222 [grpc-default-executor-1] INFO  impl.RaftServerImpl (RaftServerImpl.java:setRole(184)) - f581660d-af3d-4f5f-b57d-f4cb54f048b9@group-C25BD028928E: changes role from  FOLLOWER to FOLLOWER at term 49 for recognizeCandidate:f5624850-682f-4ec5-bb5c-f79627fc299e
2019-10-15 16:29:39,222 [grpc-default-executor-10] INFO  impl.RaftServerImpl (RaftServerImpl.java:setRole(184)) - 14091fe6-d183-4b46-be93-2ba964a39c73@group-C25BD028928E: changes role from  FOLLOWER to FOLLOWER at term 49 for recognizeCandidate:f5624850-682f-4ec5-bb5c-f79627fc299e
2019-10-15 16:29:39,222 [grpc-default-executor-10] INFO  impl.RoleInfo (RoleInfo.java:shutdownFollowerState(121)) - 14091fe6-d183-4b46-be93-2ba964a39c73: shutdown FollowerState
2019-10-15 16:29:39,222 [grpc-default-executor-1] INFO  impl.RoleInfo (RoleInfo.java:shutdownFollowerState(121)) - f581660d-af3d-4f5f-b57d-f4cb54f048b9: shutdown FollowerState
2019-10-15 16:29:39,222 [Thread-800] INFO  impl.FollowerState (FollowerState.java:run(117)) - 14091fe6-d183-4b46-be93-2ba964a39c73@group-C25BD028928E-FollowerState was interrupted: java.lang.InterruptedException: sleep interrupted
2019-10-15 16:29:39,222 [grpc-default-executor-10] INFO  impl.RoleInfo (RoleInfo.java:updateAndGet(143)) - 14091fe6-d183-4b46-be93-2ba964a39c73: start FollowerState
2019-10-15 16:29:39,223 [Thread-799] INFO  impl.FollowerState (FollowerState.java:run(117)) - f581660d-af3d-4f5f-b57d-f4cb54f048b9@group-C25BD028928E-FollowerState was interrupted: java.lang.InterruptedException: sleep interrupted
2019-10-15 16:29:39,223 [grpc-default-executor-1] INFO  impl.RoleInfo (RoleInfo.java:updateAndGet(143)) - f581660d-af3d-4f5f-b57d-f4cb54f048b9: start FollowerState
2019-10-15 16:29:39,246 [f5624850-682f-4ec5-bb5c-f79627fc299e@group-C25BD028928E-LeaderElection68] INFO  impl.LeaderElection (LeaderElection.java:logAndReturn(56)) - f5624850-682f-4ec5-bb5c-f79627fc299e@group-C25BD028928E-LeaderElection68: Election REJECTED; received 2 response(s) [f5624850-682f-4ec5-bb5c-f79627fc299e<-f581660d-af3d-4f5f-b57d-f4cb54f048b9#0:FAIL-t49, f5624850-682f-4ec5-bb5c-f79627fc299e<-14091fe6-d183-4b46-be93-2ba964a39c73#0:FAIL-t49] and 0 exception(s); f5624850-682f-4ec5-bb5c-f79627fc299e@group-C25BD028928E:t49, leader=null, voted=f5624850-682f-4ec5-bb5c-f79627fc299e, raftlog=f5624850-682f-4ec5-bb5c-f79627fc299e@group-C25BD028928E-SegmentedRaftLog:OPENED:c-1,f-1,i0, conf=-1: [f581660d-af3d-4f5f-b57d-f4cb54f048b9:192.168.164.239:42501, f5624850-682f-4ec5-bb5c-f79627fc299e:192.168.164.239:39499, 14091fe6-d183-4b46-be93-2ba964a39c73:192.168.164.239:34827], old=null
2019-10-15 16:29:39,247 [f5624850-682f-4ec5-bb5c-f79627fc299e@group-C25BD028928E-LeaderElection68] INFO  impl.RaftServerImpl (RaftServerImpl.java:setRole(184)) - f5624850-682f-4ec5-bb5c-f79627fc299e@group-C25BD028928E: changes role from CANDIDATE to FOLLOWER at term 49 for DISCOVERED_A_NEW_TERM
2019-10-15 16:29:39,247 [f5624850-682f-4ec5-bb5c-f79627fc299e@group-C25BD028928E-LeaderElection68] INFO  impl.RoleInfo (RoleInfo.java:shutdownLeaderElection(134)) - f5624850-682f-4ec5-bb5c-f79627fc299e: shutdown LeaderElection
2019-10-15 16:29:39,247 [f5624850-682f-4ec5-bb5c-f79627fc299e@group-C25BD028928E-LeaderElection68] INFO  impl.RoleInfo (RoleInfo.java:updateAndGet(143)) - f5624850-682f-4ec5-bb5c-f79627fc299e: start FollowerState
2019-10-15 16:29:39,430 [Thread-807] INFO  impl.FollowerState (FollowerState.java:run(108)) - f5624850-682f-4ec5-bb5c-f79627fc299e@group-C25BD028928E-FollowerState: change to CANDIDATE, lastRpcTime:183ms, electionTimeout:183ms
2019-10-15 16:29:39,430 [Thread-807] INFO  impl.RoleInfo (RoleInfo.java:shutdownFollowerState(121)) - f5624850-682f-4ec5-bb5c-f79627fc299e: shutdown FollowerState
2019-10-15 16:29:39,430 [Thread-807] INFO  impl.RaftServerImpl (RaftServerImpl.java:setRole(184)) - f5624850-682f-4ec5-bb5c-f79627fc299e@group-C25BD028928E: changes role from  FOLLOWER to CANDIDATE at term 49 for changeToCandidate
2019-10-15 16:29:39,431 [Thread-807] INFO  impl.RoleInfo (RoleInfo.java:updateAndGet(143)) - f5624850-682f-4ec5-bb5c-f79627fc299e: start LeaderElection
2019-10-15 16:29:39,448 [f5624850-682f-4ec5-bb5c-f79627fc299e@group-C25BD028928E-LeaderElection69] INFO  impl.LeaderElection (LeaderElection.java:askForVotes(178)) - f5624850-682f-4ec5-bb5c-f79627fc299e@group-C25BD028928E-LeaderElection69: begin an election at term 50 for -1: [f581660d-af3d-4f5f-b57d-f4cb54f048b9:192.168.164.239:42501, f5624850-682f-4ec5-bb5c-f79627fc299e:192.168.164.239:39499, 14091fe6-d183-4b46-be93-2ba964a39c73:192.168.164.239:34827], old=null
2019-10-15 16:29:39,451 [grpc-default-executor-1] INFO  impl.RaftServerImpl (RaftServerImpl.java:setRole(184)) - 14091fe6-d183-4b46-be93-2ba964a39c73@group-C25BD028928E: changes role from  FOLLOWER to FOLLOWER at term 50 for recognizeCandidate:f5624850-682f-4ec5-bb5c-f79627fc299e
2019-10-15 16:29:39,451 [grpc-default-executor-10] INFO  impl.RaftServerImpl (RaftServerImpl.java:setRole(184)) - f581660d-af3d-4f5f-b57d-f4cb54f048b9@group-C25BD028928E: changes role from  FOLLOWER to FOLLOWER at term 50 for recognizeCandidate:f5624850-682f-4ec5-bb5c-f79627fc299e
2019-10-15 16:29:39,451 [grpc-default-executor-1] INFO  impl.RoleInfo (RoleInfo.java:shutdownFollowerState(121)) - 14091fe6-d183-4b46-be93-2ba964a39c73: shutdown FollowerState
2019-10-15 16:29:39,451 [grpc-default-executor-10] INFO  impl.RoleInfo (RoleInfo.java:shutdownFollowerState(121)) - f581660d-af3d-4f5f-b57d-f4cb54f048b9: shutdown FollowerState
2019-10-15 16:29:39,451 [Thread-805] INFO  impl.FollowerState (FollowerState.java:run(117)) - 14091fe6-d183-4b46-be93-2ba964a39c73@group-C25BD028928E-FollowerState was interrupted: java.lang.InterruptedException: sleep interrupted
2019-10-15 16:29:39,451 [grpc-default-executor-1] INFO  impl.RoleInfo (RoleInfo.java:updateAndGet(143)) - 14091fe6-d183-4b46-be93-2ba964a39c73: start FollowerState
2019-10-15 16:29:39,451 [grpc-default-executor-10] INFO  impl.RoleInfo (RoleInfo.java:updateAndGet(143)) - f581660d-af3d-4f5f-b57d-f4cb54f048b9: start FollowerState
2019-10-15 16:29:39,451 [Thread-806] INFO  impl.FollowerState (FollowerState.java:run(117)) - f581660d-af3d-4f5f-b57d-f4cb54f048b9@group-C25BD028928E-FollowerState was interrupted: java.lang.InterruptedException: sleep interrupted
2019-10-15 16:29:39,476 [f5624850-682f-4ec5-bb5c-f79627fc299e@group-C25BD028928E-LeaderElection69] INFO  impl.LeaderElection (LeaderElection.java:logAndReturn(56)) - f5624850-682f-4ec5-bb5c-f79627fc299e@group-C25BD028928E-LeaderElection69: Election REJECTED; received 2 response(s) [f5624850-682f-4ec5-bb5c-f79627fc299e<-f581660d-af3d-4f5f-b57d-f4cb54f048b9#0:FAIL-t50, f5624850-682f-4ec5-bb5c-f79627fc299e<-14091fe6-d183-4b46-be93-2ba964a39c73#0:FAIL-t50] and 0 exception(s); f5624850-682f-4ec5-bb5c-f79627fc299e@group-C25BD028928E:t50, leader=null, voted=f5624850-682f-4ec5-bb5c-f79627fc299e, raftlog=f5624850-682f-4ec5-bb5c-f79627fc299e@group-C25BD028928E-SegmentedRaftLog:OPENED:c-1,f-1,i0, conf=-1: [f581660d-af3d-4f5f-b57d-f4cb54f048b9:192.168.164.239:42501, f5624850-682f-4ec5-bb5c-f79627fc299e:192.168.164.239:39499, 14091fe6-d183-4b46-be93-2ba964a39c73:192.168.164.239:34827], old=null
2019-10-15 16:29:39,476 [f5624850-682f-4ec5-bb5c-f79627fc299e@group-C25BD028928E-LeaderElection69] INFO  impl.RaftServerImpl (RaftServerImpl.java:setRole(184)) - f5624850-682f-4ec5-bb5c-f79627fc299e@group-C25BD028928E: changes role from CANDIDATE to FOLLOWER at term 50 for DISCOVERED_A_NEW_TERM
2019-10-15 16:29:39,476 [f5624850-682f-4ec5-bb5c-f79627fc299e@group-C25BD028928E-LeaderElection69] INFO  impl.RoleInfo (RoleInfo.java:shutdownLeaderElection(134)) - f5624850-682f-4ec5-bb5c-f79627fc299e: shutdown LeaderElection
2019-10-15 16:29:39,476 [f5624850-682f-4ec5-bb5c-f79627fc299e@group-C25BD028928E-LeaderElection69] INFO  impl.RoleInfo (RoleInfo.java:updateAndGet(143)) - f5624850-682f-4ec5-bb5c-f79627fc299e: start FollowerState
2019-10-15 16:29:39,526 [Thread-813] INFO  impl.FollowerState (FollowerState.java:run(108)) - f5624850-682f-4ec5-bb5c-f79627fc299e@group-C25BD028928E-FollowerState: change to CANDIDATE, lastRpcTime:49ms, electionTimeout:49ms
2019-10-15 16:29:39,526 [Thread-813] INFO  impl.RoleInfo (RoleInfo.java:shutdownFollowerState(121)) - f5624850-682f-4ec5-bb5c-f79627fc299e: shutdown FollowerState
2019-10-15 16:29:39,526 [Thread-813] INFO  impl.RaftServerImpl (RaftServerImpl.java:setRole(184)) - f5624850-682f-4ec5-bb5c-f79627fc299e@group-C25BD028928E: changes role from  FOLLOWER to CANDIDATE at term 50 for changeToCandidate
2019-10-15 16:29:39,526 [Thread-813] INFO  impl.RoleInfo (RoleInfo.java:updateAndGet(143)) - f5624850-682f-4ec5-bb5c-f79627fc299e: start LeaderElection
2019-10-15 16:29:39,550 [f5624850-682f-4ec5-bb5c-f79627fc299e@group-C25BD028928E-LeaderElection70] INFO  impl.LeaderElection (LeaderElection.java:askForVotes(178)) - f5624850-682f-4ec5-bb5c-f79627fc299e@group-C25BD028928E-LeaderElection70: begin an election at term 51 for -1: [f581660d-af3d-4f5f-b57d-f4cb54f048b9:192.168.164.239:42501, f5624850-682f-4ec5-bb5c-f79627fc299e:192.168.164.239:39499, 14091fe6-d183-4b46-be93-2ba964a39c73:192.168.164.239:34827], old=null
2019-10-15 16:29:39,552 [grpc-default-executor-1] INFO  impl.RaftServerImpl (RaftServerImpl.java:setRole(184)) - 14091fe6-d183-4b46-be93-2ba964a39c73@group-C25BD028928E: changes role from  FOLLOWER to FOLLOWER at term 51 for recognizeCandidate:f5624850-682f-4ec5-bb5c-f79627fc299e
2019-10-15 16:29:39,553 [grpc-default-executor-10] INFO  impl.RaftServerImpl (RaftServerImpl.java:setRole(184)) - f581660d-af3d-4f5f-b57d-f4cb54f048b9@group-C25BD028928E: changes role from  FOLLOWER to FOLLOWER at term 51 for recognizeCandidate:f5624850-682f-4ec5-bb5c-f79627fc299e
2019-10-15 16:29:39,553 [grpc-default-executor-10] INFO  impl.RoleInfo (RoleInfo.java:shutdownFollowerState(121)) - f581660d-af3d-4f5f-b57d-f4cb54f048b9: shutdown FollowerState
2019-10-15 16:29:39,553 [grpc-default-executor-1] INFO  impl.RoleInfo (RoleInfo.java:shutdownFollowerState(121)) - 14091fe6-d183-4b46-be93-2ba964a39c73: shutdown FollowerState
2019-10-15 16:29:39,553 [Thread-812] INFO  impl.FollowerState (FollowerState.java:run(117)) - f581660d-af3d-4f5f-b57d-f4cb54f048b9@group-C25BD028928E-FollowerState was interrupted: java.lang.InterruptedException: sleep interrupted
2019-10-15 16:29:39,553 [Thread-811] INFO  impl.FollowerState (FollowerState.java:run(117)) - 14091fe6-d183-4b46-be93-2ba964a39c73@group-C25BD028928E-FollowerState was interrupted: java.lang.InterruptedException: sleep interrupted
2019-10-15 16:29:39,553 [grpc-default-executor-10] INFO  impl.RoleInfo (RoleInfo.java:updateAndGet(143)) - f581660d-af3d-4f5f-b57d-f4cb54f048b9: start FollowerState
2019-10-15 16:29:39,553 [grpc-default-executor-1] INFO  impl.RoleInfo (RoleInfo.java:updateAndGet(143)) - 14091fe6-d183-4b46-be93-2ba964a39c73: start FollowerState
2019-10-15 16:29:39,577 [f5624850-682f-4ec5-bb5c-f79627fc299e@group-C25BD028928E-LeaderElection70] INFO  impl.LeaderElection (LeaderElection.java:logAndReturn(56)) - f5624850-682f-4ec5-bb5c-f79627fc299e@group-C25BD028928E-LeaderElection70: Election REJECTED; received 2 response(s) [f5624850-682f-4ec5-bb5c-f79627fc299e<-f581660d-af3d-4f5f-b57d-f4cb54f048b9#0:FAIL-t51, f5624850-682f-4ec5-bb5c-f79627fc299e<-14091fe6-d183-4b46-be93-2ba964a39c73#0:FAIL-t51] and 0 exception(s); f5624850-682f-4ec5-bb5c-f79627fc299e@group-C25BD028928E:t51, leader=null, voted=f5624850-682f-4ec5-bb5c-f79627fc299e, raftlog=f5624850-682f-4ec5-bb5c-f79627fc299e@group-C25BD028928E-SegmentedRaftLog:OPENED:c-1,f-1,i0, conf=-1: [f581660d-af3d-4f5f-b57d-f4cb54f048b9:192.168.164.239:42501, f5624850-682f-4ec5-bb5c-f79627fc299e:192.168.164.239:39499, 14091fe6-d183-4b46-be93-2ba964a39c73:192.168.164.239:34827], old=null
2019-10-15 16:29:39,577 [f5624850-682f-4ec5-bb5c-f79627fc299e@group-C25BD028928E-LeaderElection70] INFO  impl.RaftServerImpl (RaftServerImpl.java:setRole(184)) - f5624850-682f-4ec5-bb5c-f79627fc299e@group-C25BD028928E: changes role from CANDIDATE to FOLLOWER at term 51 for DISCOVERED_A_NEW_TERM
2019-10-15 16:29:39,578 [f5624850-682f-4ec5-bb5c-f79627fc299e@group-C25BD028928E-LeaderElection70] INFO  impl.RoleInfo (RoleInfo.java:shutdownLeaderElection(134)) - f5624850-682f-4ec5-bb5c-f79627fc299e: shutdown LeaderElection
2019-10-15 16:29:39,578 [f5624850-682f-4ec5-bb5c-f79627fc299e@group-C25BD028928E-LeaderElection70] INFO  impl.RoleInfo (RoleInfo.java:updateAndGet(143)) - f5624850-682f-4ec5-bb5c-f79627fc299e: start FollowerState
2019-10-15 16:29:39,681 [Thread-823] INFO  impl.FollowerState (FollowerState.java:run(108)) - f5624850-682f-4ec5-bb5c-f79627fc299e@group-C25BD028928E-FollowerState: change to CANDIDATE, lastRpcTime:103ms, electionTimeout:103ms
2019-10-15 16:29:39,681 [Thread-823] INFO  impl.RoleInfo (RoleInfo.java:shutdownFollowerState(121)) - f5624850-682f-4ec5-bb5c-f79627fc299e: shutdown FollowerState
2019-10-15 16:29:39,682 [Thread-823] INFO  impl.RaftServerImpl (RaftServerImpl.java:setRole(184)) - f5624850-682f-4ec5-bb5c-f79627fc299e@group-C25BD028928E: changes role from  FOLLOWER to CANDIDATE at term 51 for changeToCandidate
2019-10-15 16:29:39,682 [Thread-823] INFO  impl.RoleInfo (RoleInfo.java:updateAndGet(143)) - f5624850-682f-4ec5-bb5c-f79627fc299e: start LeaderElection
2019-10-15 16:29:39,711 [f5624850-682f-4ec5-bb5c-f79627fc299e@group-C25BD028928E-LeaderElection71] INFO  impl.LeaderElection (LeaderElection.java:askForVotes(178)) - f5624850-682f-4ec5-bb5c-f79627fc299e@group-C25BD028928E-LeaderElection71: begin an election at term 52 for -1: [f581660d-af3d-4f5f-b57d-f4cb54f048b9:192.168.164.239:42501, f5624850-682f-4ec5-bb5c-f79627fc299e:192.168.164.239:39499, 14091fe6-d183-4b46-be93-2ba964a39c73:192.168.164.239:34827], old=null
2019-10-15 16:29:39,714 [grpc-default-executor-10] INFO  impl.RaftServerImpl (RaftServerImpl.java:setRole(184)) - 14091fe6-d183-4b46-be93-2ba964a39c73@group-C25BD028928E: changes role from  FOLLOWER to FOLLOWER at term 52 for recognizeCandidate:f5624850-682f-4ec5-bb5c-f79627fc299e
2019-10-15 16:29:39,714 [grpc-default-executor-1] INFO  impl.RaftServerImpl (RaftServerImpl.java:setRole(184)) - f581660d-af3d-4f5f-b57d-f4cb54f048b9@group-C25BD028928E: changes role from  FOLLOWER to FOLLOWER at term 52 for recognizeCandidate:f5624850-682f-4ec5-bb5c-f79627fc299e
2019-10-15 16:29:39,714 [grpc-default-executor-10] INFO  impl.RoleInfo (RoleInfo.java:shutdownFollowerState(121)) - 14091fe6-d183-4b46-be93-2ba964a39c73: shutdown FollowerState
2019-10-15 16:29:39,714 [grpc-default-executor-1] INFO  impl.RoleInfo (RoleInfo.java:shutdownFollowerState(121)) - f581660d-af3d-4f5f-b57d-f4cb54f048b9: shutdown FollowerState
2019-10-15 16:29:39,714 [Thread-822] INFO  impl.FollowerState (FollowerState.java:run(117)) - 14091fe6-d183-4b46-be93-2ba964a39c73@group-C25BD028928E-FollowerState was interrupted: java.lang.InterruptedException: sleep interrupted
2019-10-15 16:29:39,714 [grpc-default-executor-10] INFO  impl.RoleInfo (RoleInfo.java:updateAndGet(143)) - 14091fe6-d183-4b46-be93-2ba964a39c73: start FollowerState
2019-10-15 16:29:39,714 [Thread-821] INFO  impl.FollowerState (FollowerState.java:run(117)) - f581660d-af3d-4f5f-b57d-f4cb54f048b9@group-C25BD028928E-FollowerState was interrupted: java.lang.InterruptedException: sleep interrupted
2019-10-15 16:29:39,714 [grpc-default-executor-1] INFO  impl.RoleInfo (RoleInfo.java:updateAndGet(143)) - f581660d-af3d-4f5f-b57d-f4cb54f048b9: start FollowerState
2019-10-15 16:29:39,729 [f5624850-682f-4ec5-bb5c-f79627fc299e@group-C25BD028928E-LeaderElection71] INFO  impl.LeaderElection (LeaderElection.java:logAndReturn(56)) - f5624850-682f-4ec5-bb5c-f79627fc299e@group-C25BD028928E-LeaderElection71: Election REJECTED; received 2 response(s) [f5624850-682f-4ec5-bb5c-f79627fc299e<-f581660d-af3d-4f5f-b57d-f4cb54f048b9#0:FAIL-t52, f5624850-682f-4ec5-bb5c-f79627fc299e<-14091fe6-d183-4b46-be93-2ba964a39c73#0:FAIL-t52] and 0 exception(s); f5624850-682f-4ec5-bb5c-f79627fc299e@group-C25BD028928E:t52, leader=null, voted=f5624850-682f-4ec5-bb5c-f79627fc299e, raftlog=f5624850-682f-4ec5-bb5c-f79627fc299e@group-C25BD028928E-SegmentedRaftLog:OPENED:c-1,f-1,i0, conf=-1: [f581660d-af3d-4f5f-b57d-f4cb54f048b9:192.168.164.239:42501, f5624850-682f-4ec5-bb5c-f79627fc299e:192.168.164.239:39499, 14091fe6-d183-4b46-be93-2ba964a39c73:192.168.164.239:34827], old=null
2019-10-15 16:29:39,730 [f5624850-682f-4ec5-bb5c-f79627fc299e@group-C25BD028928E-LeaderElection71] INFO  impl.RaftServerImpl (RaftServerImpl.java:setRole(184)) - f5624850-682f-4ec5-bb5c-f79627fc299e@group-C25BD028928E: changes role from CANDIDATE to FOLLOWER at term 52 for DISCOVERED_A_NEW_TERM
2019-10-15 16:29:39,730 [f5624850-682f-4ec5-bb5c-f79627fc299e@group-C25BD028928E-LeaderElection71] INFO  impl.RoleInfo (RoleInfo.java:shutdownLeaderElection(134)) - f5624850-682f-4ec5-bb5c-f79627fc299e: shutdown LeaderElection
2019-10-15 16:29:39,730 [f5624850-682f-4ec5-bb5c-f79627fc299e@group-C25BD028928E-LeaderElection71] INFO  impl.RoleInfo (RoleInfo.java:updateAndGet(143)) - f5624850-682f-4ec5-bb5c-f79627fc299e: start FollowerState
2019-10-15 16:29:39,792 [Thread-829] INFO  impl.FollowerState (FollowerState.java:run(108)) - f5624850-682f-4ec5-bb5c-f79627fc299e@group-C25BD028928E-FollowerState: change to CANDIDATE, lastRpcTime:62ms, electionTimeout:62ms
2019-10-15 16:29:39,793 [Thread-829] INFO  impl.RoleInfo (RoleInfo.java:shutdownFollowerState(121)) - f5624850-682f-4ec5-bb5c-f79627fc299e: shutdown FollowerState
2019-10-15 16:29:39,793 [Thread-829] INFO  impl.RaftServerImpl (RaftServerImpl.java:setRole(184)) - f5624850-682f-4ec5-bb5c-f79627fc299e@group-C25BD028928E: changes role from  FOLLOWER to CANDIDATE at term 52 for changeToCandidate
2019-10-15 16:29:39,793 [Thread-829] INFO  impl.RoleInfo (RoleInfo.java:updateAndGet(143)) - f5624850-682f-4ec5-bb5c-f79627fc299e: start LeaderElection
2019-10-15 16:29:39,820 [f5624850-682f-4ec5-bb5c-f79627fc299e@group-C25BD028928E-LeaderElection72] INFO  impl.LeaderElection (LeaderElection.java:askForVotes(178)) - f5624850-682f-4ec5-bb5c-f79627fc299e@group-C25BD028928E-LeaderElection72: begin an election at term 53 for -1: [f581660d-af3d-4f5f-b57d-f4cb54f048b9:192.168.164.239:42501, f5624850-682f-4ec5-bb5c-f79627fc299e:192.168.164.239:39499, 14091fe6-d183-4b46-be93-2ba964a39c73:192.168.164.239:34827], old=null
2019-10-15 16:29:39,823 [grpc-default-executor-1] INFO  impl.RaftServerImpl (RaftServerImpl.java:setRole(184)) - 14091fe6-d183-4b46-be93-2ba964a39c73@group-C25BD028928E: changes role from  FOLLOWER to FOLLOWER at term 53 for recognizeCandidate:f5624850-682f-4ec5-bb5c-f79627fc299e
2019-10-15 16:29:39,823 [grpc-default-executor-1] INFO  impl.RoleInfo (RoleInfo.java:shutdownFollowerState(121)) - 14091fe6-d183-4b46-be93-2ba964a39c73: shutdown FollowerState
2019-10-15 16:29:39,823 [grpc-default-executor-10] INFO  impl.RaftServerImpl (RaftServerImpl.java:setRole(184)) - f581660d-af3d-4f5f-b57d-f4cb54f048b9@group-C25BD028928E: changes role from  FOLLOWER to FOLLOWER at term 53 for recognizeCandidate:f5624850-682f-4ec5-bb5c-f79627fc299e
2019-10-15 16:29:39,823 [Thread-827] INFO  impl.FollowerState (FollowerState.java:run(117)) - 14091fe6-d183-4b46-be93-2ba964a39c73@group-C25BD028928E-FollowerState was interrupted: java.lang.InterruptedException: sleep interrupted
2019-10-15 16:29:39,823 [grpc-default-executor-1] INFO  impl.RoleInfo (RoleInfo.java:updateAndGet(143)) - 14091fe6-d183-4b46-be93-2ba964a39c73: start FollowerState
2019-10-15 16:29:39,823 [grpc-default-executor-10] INFO  impl.RoleInfo (RoleInfo.java:shutdownFollowerState(121)) - f581660d-af3d-4f5f-b57d-f4cb54f048b9: shutdown FollowerState
2019-10-15 16:29:39,824 [grpc-default-executor-10] INFO  impl.RoleInfo (RoleInfo.java:updateAndGet(143)) - f581660d-af3d-4f5f-b57d-f4cb54f048b9: start FollowerState
2019-10-15 16:29:39,824 [Thread-828] INFO  impl.FollowerState (FollowerState.java:run(117)) - f581660d-af3d-4f5f-b57d-f4cb54f048b9@group-C25BD028928E-FollowerState was interrupted: java.lang.InterruptedException: sleep interrupted
2019-10-15 16:29:39,847 [f5624850-682f-4ec5-bb5c-f79627fc299e@group-C25BD028928E-LeaderElection72] INFO  impl.LeaderElection (LeaderElection.java:logAndReturn(56)) - f5624850-682f-4ec5-bb5c-f79627fc299e@group-C25BD028928E-LeaderElection72: Election REJECTED; received 2 response(s) [f5624850-682f-4ec5-bb5c-f79627fc299e<-f581660d-af3d-4f5f-b57d-f4cb54f048b9#0:FAIL-t53, f5624850-682f-4ec5-bb5c-f79627fc299e<-14091fe6-d183-4b46-be93-2ba964a39c73#0:FAIL-t53] and 0 exception(s); f5624850-682f-4ec5-bb5c-f79627fc299e@group-C25BD028928E:t53, leader=null, voted=f5624850-682f-4ec5-bb5c-f79627fc299e, raftlog=f5624850-682f-4ec5-bb5c-f79627fc299e@group-C25BD028928E-SegmentedRaftLog:OPENED:c-1,f-1,i0, conf=-1: [f581660d-af3d-4f5f-b57d-f4cb54f048b9:192.168.164.239:42501, f5624850-682f-4ec5-bb5c-f79627fc299e:192.168.164.239:39499, 14091fe6-d183-4b46-be93-2ba964a39c73:192.168.164.239:34827], old=null
2019-10-15 16:29:39,847 [f5624850-682f-4ec5-bb5c-f79627fc299e@group-C25BD028928E-LeaderElection72] INFO  impl.RaftServerImpl (RaftServerImpl.java:setRole(184)) - f5624850-682f-4ec5-bb5c-f79627fc299e@group-C25BD028928E: changes role from CANDIDATE to FOLLOWER at term 53 for DISCOVERED_A_NEW_TERM
2019-10-15 16:29:39,849 [f5624850-682f-4ec5-bb5c-f79627fc299e@group-C25BD028928E-LeaderElection72] INFO  impl.RoleInfo (RoleInfo.java:shutdownLeaderElection(134)) - f5624850-682f-4ec5-bb5c-f79627fc299e: shutdown LeaderElection
2019-10-15 16:29:39,850 [f5624850-682f-4ec5-bb5c-f79627fc299e@group-C25BD028928E-LeaderElection72] INFO  impl.RoleInfo (RoleInfo.java:updateAndGet(143)) - f5624850-682f-4ec5-bb5c-f79627fc299e: start FollowerState
2019-10-15 16:29:39,886 [Thread-837] INFO  impl.FollowerState (FollowerState.java:run(108)) - f5624850-682f-4ec5-bb5c-f79627fc299e@group-C25BD028928E-FollowerState: change to CANDIDATE, lastRpcTime:36ms, electionTimeout:36ms
2019-10-15 16:29:39,886 [Thread-837] INFO  impl.RoleInfo (RoleInfo.java:shutdownFollowerState(121)) - f5624850-682f-4ec5-bb5c-f79627fc299e: shutdown FollowerState
2019-10-15 16:29:39,886 [Thread-837] INFO  impl.RaftServerImpl (RaftServerImpl.java:setRole(184)) - f5624850-682f-4ec5-bb5c-f79627fc299e@group-C25BD028928E: changes role from  FOLLOWER to CANDIDATE at term 53 for changeToCandidate
2019-10-15 16:29:39,887 [Thread-837] INFO  impl.RoleInfo (RoleInfo.java:updateAndGet(143)) - f5624850-682f-4ec5-bb5c-f79627fc299e: start LeaderElection
2019-10-15 16:29:39,913 [f5624850-682f-4ec5-bb5c-f79627fc299e@group-C25BD028928E-LeaderElection73] INFO  impl.LeaderElection (LeaderElection.java:askForVotes(178)) - f5624850-682f-4ec5-bb5c-f79627fc299e@group-C25BD028928E-LeaderElection73: begin an election at term 54 for -1: [f581660d-af3d-4f5f-b57d-f4cb54f048b9:192.168.164.239:42501, f5624850-682f-4ec5-bb5c-f79627fc299e:192.168.164.239:39499, 14091fe6-d183-4b46-be93-2ba964a39c73:192.168.164.239:34827], old=null
2019-10-15 16:29:39,915 [grpc-default-executor-10] INFO  impl.RaftServerImpl (RaftServerImpl.java:setRole(184)) - 14091fe6-d183-4b46-be93-2ba964a39c73@group-C25BD028928E: changes role from  FOLLOWER to FOLLOWER at term 54 for recognizeCandidate:f5624850-682f-4ec5-bb5c-f79627fc299e
2019-10-15 16:29:39,916 [grpc-default-executor-4] INFO  impl.RaftServerImpl (RaftServerImpl.java:setRole(184)) - f581660d-af3d-4f5f-b57d-f4cb54f048b9@group-C25BD028928E: changes role from  FOLLOWER to FOLLOWER at term 54 for recognizeCandidate:f5624850-682f-4ec5-bb5c-f79627fc299e
2019-10-15 16:29:39,916 [grpc-default-executor-10] INFO  impl.RoleInfo (RoleInfo.java:shutdownFollowerState(121)) - 14091fe6-d183-4b46-be93-2ba964a39c73: shutdown FollowerState
2019-10-15 16:29:39,916 [grpc-default-executor-4] INFO  impl.RoleInfo (RoleInfo.java:shutdownFollowerState(121)) - f581660d-af3d-4f5f-b57d-f4cb54f048b9: shutdown FollowerState
2019-10-15 16:29:39,916 [Thread-833] INFO  impl.FollowerState (FollowerState.java:run(117)) - 14091fe6-d183-4b46-be93-2ba964a39c73@group-C25BD028928E-FollowerState was interrupted: java.lang.InterruptedException: sleep interrupted
2019-10-15 16:29:39,916 [grpc-default-executor-10] INFO  impl.RoleInfo (RoleInfo.java:updateAndGet(143)) - 14091fe6-d183-4b46-be93-2ba964a39c73: start FollowerState
2019-10-15 16:29:39,916 [Thread-834] INFO  impl.FollowerState (FollowerState.java:run(117)) - f581660d-af3d-4f5f-b57d-f4cb54f048b9@group-C25BD028928E-FollowerState was interrupted: java.lang.InterruptedException: sleep interrupted
2019-10-15 16:29:39,916 [grpc-default-executor-4] INFO  impl.RoleInfo (RoleInfo.java:updateAndGet(143)) - f581660d-af3d-4f5f-b57d-f4cb54f048b9: start FollowerState
2019-10-15 16:29:39,940 [f5624850-682f-4ec5-bb5c-f79627fc299e@group-C25BD028928E-LeaderElection73] INFO  impl.LeaderElection (LeaderElection.java:logAndReturn(56)) - f5624850-682f-4ec5-bb5c-f79627fc299e@group-C25BD028928E-LeaderElection73: Election REJECTED; received 2 response(s) [f5624850-682f-4ec5-bb5c-f79627fc299e<-f581660d-af3d-4f5f-b57d-f4cb54f048b9#0:FAIL-t54, f5624850-682f-4ec5-bb5c-f79627fc299e<-14091fe6-d183-4b46-be93-2ba964a39c73#0:FAIL-t54] and 0 exception(s); f5624850-682f-4ec5-bb5c-f79627fc299e@group-C25BD028928E:t54, leader=null, voted=f5624850-682f-4ec5-bb5c-f79627fc299e, raftlog=f5624850-682f-4ec5-bb5c-f79627fc299e@group-C25BD028928E-SegmentedRaftLog:OPENED:c-1,f-1,i0, conf=-1: [f581660d-af3d-4f5f-b57d-f4cb54f048b9:192.168.164.239:42501, f5624850-682f-4ec5-bb5c-f79627fc299e:192.168.164.239:39499, 14091fe6-d183-4b46-be93-2ba964a39c73:192.168.164.239:34827], old=null
2019-10-15 16:29:39,940 [f5624850-682f-4ec5-bb5c-f79627fc299e@group-C25BD028928E-LeaderElection73] INFO  impl.RaftServerImpl (RaftServerImpl.java:setRole(184)) - f5624850-682f-4ec5-bb5c-f79627fc299e@group-C25BD028928E: changes role from CANDIDATE to FOLLOWER at term 54 for DISCOVERED_A_NEW_TERM
2019-10-15 16:29:39,940 [f5624850-682f-4ec5-bb5c-f79627fc299e@group-C25BD028928E-LeaderElection73] INFO  impl.RoleInfo (RoleInfo.java:shutdownLeaderElection(134)) - f5624850-682f-4ec5-bb5c-f79627fc299e: shutdown LeaderElection
2019-10-15 16:29:39,940 [f5624850-682f-4ec5-bb5c-f79627fc299e@group-C25BD028928E-LeaderElection73] INFO  impl.RoleInfo (RoleInfo.java:updateAndGet(143)) - f5624850-682f-4ec5-bb5c-f79627fc299e: start FollowerState
2019-10-15 16:29:39,950 [Thread-843] INFO  impl.FollowerState (FollowerState.java:run(108)) - f5624850-682f-4ec5-bb5c-f79627fc299e@group-C25BD028928E-FollowerState: change to CANDIDATE, lastRpcTime:10ms, electionTimeout:10ms
2019-10-15 16:29:39,951 [Thread-843] INFO  impl.RoleInfo (RoleInfo.java:shutdownFollowerState(121)) - f5624850-682f-4ec5-bb5c-f79627fc299e: shutdown FollowerState
2019-10-15 16:29:39,951 [Thread-843] INFO  impl.RaftServerImpl (RaftServerImpl.java:setRole(184)) - f5624850-682f-4ec5-bb5c-f79627fc299e@group-C25BD028928E: changes role from  FOLLOWER to CANDIDATE at term 54 for changeToCandidate
2019-10-15 16:29:39,951 [Thread-843] INFO  impl.RoleInfo (RoleInfo.java:updateAndGet(143)) - f5624850-682f-4ec5-bb5c-f79627fc299e: start LeaderElection
2019-10-15 16:29:39,980 [f5624850-682f-4ec5-bb5c-f79627fc299e@group-C25BD028928E-LeaderElection74] INFO  impl.LeaderElection (LeaderElection.java:askForVotes(178)) - f5624850-682f-4ec5-bb5c-f79627fc299e@group-C25BD028928E-LeaderElection74: begin an election at term 55 for -1: [f581660d-af3d-4f5f-b57d-f4cb54f048b9:192.168.164.239:42501, f5624850-682f-4ec5-bb5c-f79627fc299e:192.168.164.239:39499, 14091fe6-d183-4b46-be93-2ba964a39c73:192.168.164.239:34827], old=null
2019-10-15 16:29:39,985 [grpc-default-executor-4] INFO  impl.RaftServerImpl (RaftServerImpl.java:setRole(184)) - f581660d-af3d-4f5f-b57d-f4cb54f048b9@group-C25BD028928E: changes role from  FOLLOWER to FOLLOWER at term 55 for recognizeCandidate:f5624850-682f-4ec5-bb5c-f79627fc299e
2019-10-15 16:29:39,985 [grpc-default-executor-4] INFO  impl.RoleInfo (RoleInfo.java:shutdownFollowerState(121)) - f581660d-af3d-4f5f-b57d-f4cb54f048b9: shutdown FollowerState
2019-10-15 16:29:39,985 [grpc-default-executor-10] INFO  impl.RaftServerImpl (RaftServerImpl.java:setRole(184)) - 14091fe6-d183-4b46-be93-2ba964a39c73@group-C25BD028928E: changes role from  FOLLOWER to FOLLOWER at term 55 for recognizeCandidate:f5624850-682f-4ec5-bb5c-f79627fc299e
2019-10-15 16:29:39,985 [Thread-842] INFO  impl.FollowerState (FollowerState.java:run(117)) - f581660d-af3d-4f5f-b57d-f4cb54f048b9@group-C25BD028928E-FollowerState was interrupted: java.lang.InterruptedException: sleep interrupted
2019-10-15 16:29:39,985 [grpc-default-executor-4] INFO  impl.RoleInfo (RoleInfo.java:updateAndGet(143)) - f581660d-af3d-4f5f-b57d-f4cb54f048b9: start FollowerState
2019-10-15 16:29:39,985 [grpc-default-executor-10] INFO  impl.RoleInfo (RoleInfo.java:shutdownFollowerState(121)) - 14091fe6-d183-4b46-be93-2ba964a39c73: shutdown FollowerState
2019-10-15 16:29:39,986 [grpc-default-executor-10] INFO  impl.RoleInfo (RoleInfo.java:updateAndGet(143)) - 14091fe6-d183-4b46-be93-2ba964a39c73: start FollowerState
2019-10-15 16:29:39,986 [Thread-841] INFO  impl.FollowerState (FollowerState.java:run(117)) - 14091fe6-d183-4b46-be93-2ba964a39c73@group-C25BD028928E-FollowerState was interrupted: java.lang.InterruptedException: sleep interrupted
2019-10-15 16:29:40,015 [f5624850-682f-4ec5-bb5c-f79627fc299e@group-C25BD028928E-LeaderElection74] INFO  impl.LeaderElection (LeaderElection.java:logAndReturn(56)) - f5624850-682f-4ec5-bb5c-f79627fc299e@group-C25BD028928E-LeaderElection74: Election REJECTED; received 2 response(s) [f5624850-682f-4ec5-bb5c-f79627fc299e<-f581660d-af3d-4f5f-b57d-f4cb54f048b9#0:FAIL-t55, f5624850-682f-4ec5-bb5c-f79627fc299e<-14091fe6-d183-4b46-be93-2ba964a39c73#0:FAIL-t55] and 0 exception(s); f5624850-682f-4ec5-bb5c-f79627fc299e@group-C25BD028928E:t55, leader=null, voted=f5624850-682f-4ec5-bb5c-f79627fc299e, raftlog=f5624850-682f-4ec5-bb5c-f79627fc299e@group-C25BD028928E-SegmentedRaftLog:OPENED:c-1,f-1,i0, conf=-1: [f581660d-af3d-4f5f-b57d-f4cb54f048b9:192.168.164.239:42501, f5624850-682f-4ec5-bb5c-f79627fc299e:192.168.164.239:39499, 14091fe6-d183-4b46-be93-2ba964a39c73:192.168.164.239:34827], old=null
2019-10-15 16:29:40,016 [f5624850-682f-4ec5-bb5c-f79627fc299e@group-C25BD028928E-LeaderElection74] INFO  impl.RaftServerImpl (RaftServerImpl.java:setRole(184)) - f5624850-682f-4ec5-bb5c-f79627fc299e@group-C25BD028928E: changes role from CANDIDATE to FOLLOWER at term 55 for DISCOVERED_A_NEW_TERM
2019-10-15 16:29:40,016 [f5624850-682f-4ec5-bb5c-f79627fc299e@group-C25BD028928E-LeaderElection74] INFO  impl.RoleInfo (RoleInfo.java:shutdownLeaderElection(134)) - f5624850-682f-4ec5-bb5c-f79627fc299e: shutdown LeaderElection
2019-10-15 16:29:40,016 [f5624850-682f-4ec5-bb5c-f79627fc299e@group-C25BD028928E-LeaderElection74] INFO  impl.RoleInfo (RoleInfo.java:updateAndGet(143)) - f5624850-682f-4ec5-bb5c-f79627fc299e: start FollowerState
2019-10-15 16:29:40,186 [Thread-853] INFO  impl.FollowerState (FollowerState.java:run(108)) - f5624850-682f-4ec5-bb5c-f79627fc299e@group-C25BD028928E-FollowerState: change to CANDIDATE, lastRpcTime:170ms, electionTimeout:170ms
2019-10-15 16:29:40,187 [Thread-853] INFO  impl.RoleInfo (RoleInfo.java:shutdownFollowerState(121)) - f5624850-682f-4ec5-bb5c-f79627fc299e: shutdown FollowerState
2019-10-15 16:29:40,187 [Thread-853] INFO  impl.RaftServerImpl (RaftServerImpl.java:setRole(184)) - f5624850-682f-4ec5-bb5c-f79627fc299e@group-C25BD028928E: changes role from  FOLLOWER to CANDIDATE at term 55 for changeToCandidate
2019-10-15 16:29:40,187 [Thread-853] INFO  impl.RoleInfo (RoleInfo.java:updateAndGet(143)) - f5624850-682f-4ec5-bb5c-f79627fc299e: start LeaderElection
2019-10-15 16:29:40,214 [f5624850-682f-4ec5-bb5c-f79627fc299e@group-C25BD028928E-LeaderElection75] INFO  impl.LeaderElection (LeaderElection.java:askForVotes(178)) - f5624850-682f-4ec5-bb5c-f79627fc299e@group-C25BD028928E-LeaderElection75: begin an election at term 56 for -1: [f581660d-af3d-4f5f-b57d-f4cb54f048b9:192.168.164.239:42501, f5624850-682f-4ec5-bb5c-f79627fc299e:192.168.164.239:39499, 14091fe6-d183-4b46-be93-2ba964a39c73:192.168.164.239:34827], old=null
2019-10-15 16:29:40,217 [grpc-default-executor-10] INFO  impl.RaftServerImpl (RaftServerImpl.java:setRole(184)) - 14091fe6-d183-4b46-be93-2ba964a39c73@group-C25BD028928E: changes role from  FOLLOWER to FOLLOWER at term 56 for recognizeCandidate:f5624850-682f-4ec5-bb5c-f79627fc299e
2019-10-15 16:29:40,217 [grpc-default-executor-4] INFO  impl.RaftServerImpl (RaftServerImpl.java:setRole(184)) - f581660d-af3d-4f5f-b57d-f4cb54f048b9@group-C25BD028928E: changes role from  FOLLOWER to FOLLOWER at term 56 for recognizeCandidate:f5624850-682f-4ec5-bb5c-f79627fc299e
2019-10-15 16:29:40,218 [grpc-default-executor-10] INFO  impl.RoleInfo (RoleInfo.java:shutdownFollowerState(121)) - 14091fe6-d183-4b46-be93-2ba964a39c73: shutdown FollowerState
2019-10-15 16:29:40,218 [grpc-default-executor-4] INFO  impl.RoleInfo (RoleInfo.java:shutdownFollowerState(121)) - f581660d-af3d-4f5f-b57d-f4cb54f048b9: shutdown FollowerState
2019-10-15 16:29:40,218 [Thread-848] INFO  impl.FollowerState (FollowerState.java:run(117)) - 14091fe6-d183-4b46-be93-2ba964a39c73@group-C25BD028928E-FollowerState was interrupted: java.lang.InterruptedException: sleep interrupted
2019-10-15 16:29:40,218 [grpc-default-executor-10] INFO  impl.RoleInfo (RoleInfo.java:updateAndGet(143)) - 14091fe6-d183-4b46-be93-2ba964a39c73: start FollowerState
2019-10-15 16:29:40,218 [Thread-847] INFO  impl.FollowerState (FollowerState.java:run(117)) - f581660d-af3d-4f5f-b57d-f4cb54f048b9@group-C25BD028928E-FollowerState was interrupted: java.lang.InterruptedException: sleep interrupted
2019-10-15 16:29:40,218 [grpc-default-executor-4] INFO  impl.RoleInfo (RoleInfo.java:updateAndGet(143)) - f581660d-af3d-4f5f-b57d-f4cb54f048b9: start FollowerState
2019-10-15 16:29:40,249 [f5624850-682f-4ec5-bb5c-f79627fc299e@group-C25BD028928E-LeaderElection75] INFO  impl.LeaderElection (LeaderElection.java:logAndReturn(56)) - f5624850-682f-4ec5-bb5c-f79627fc299e@group-C25BD028928E-LeaderElection75: Election REJECTED; received 2 response(s) [f5624850-682f-4ec5-bb5c-f79627fc299e<-f581660d-af3d-4f5f-b57d-f4cb54f048b9#0:FAIL-t56, f5624850-682f-4ec5-bb5c-f79627fc299e<-14091fe6-d183-4b46-be93-2ba964a39c73#0:FAIL-t56] and 0 exception(s); f5624850-682f-4ec5-bb5c-f79627fc299e@group-C25BD028928E:t56, leader=null, voted=f5624850-682f-4ec5-bb5c-f79627fc299e, raftlog=f5624850-682f-4ec5-bb5c-f79627fc299e@group-C25BD028928E-SegmentedRaftLog:OPENED:c-1,f-1,i0, conf=-1: [f581660d-af3d-4f5f-b57d-f4cb54f048b9:192.168.164.239:42501, f5624850-682f-4ec5-bb5c-f79627fc299e:192.168.164.239:39499, 14091fe6-d183-4b46-be93-2ba964a39c73:192.168.164.239:34827], old=null
2019-10-15 16:29:40,250 [f5624850-682f-4ec5-bb5c-f79627fc299e@group-C25BD028928E-LeaderElection75] INFO  impl.RaftServerImpl (RaftServerImpl.java:setRole(184)) - f5624850-682f-4ec5-bb5c-f79627fc299e@group-C25BD028928E: changes role from CANDIDATE to FOLLOWER at term 56 for DISCOVERED_A_NEW_TERM
2019-10-15 16:29:40,250 [f5624850-682f-4ec5-bb5c-f79627fc299e@group-C25BD028928E-LeaderElection75] INFO  impl.RoleInfo (RoleInfo.java:shutdownLeaderElection(134)) - f5624850-682f-4ec5-bb5c-f79627fc299e: shutdown LeaderElection
2019-10-15 16:29:40,250 [f5624850-682f-4ec5-bb5c-f79627fc299e@group-C25BD028928E-LeaderElection75] INFO  impl.RoleInfo (RoleInfo.java:updateAndGet(143)) - f5624850-682f-4ec5-bb5c-f79627fc299e: start FollowerState
2019-10-15 16:29:40,308 [Thread-859] INFO  impl.FollowerState (FollowerState.java:run(108)) - f5624850-682f-4ec5-bb5c-f79627fc299e@group-C25BD028928E-FollowerState: change to CANDIDATE, lastRpcTime:58ms, electionTimeout:58ms
2019-10-15 16:29:40,309 [Thread-859] INFO  impl.RoleInfo (RoleInfo.java:shutdownFollowerState(121)) - f5624850-682f-4ec5-bb5c-f79627fc299e: shutdown FollowerState
2019-10-15 16:29:40,309 [Thread-859] INFO  impl.RaftServerImpl (RaftServerImpl.java:setRole(184)) - f5624850-682f-4ec5-bb5c-f79627fc299e@group-C25BD028928E: changes role from  FOLLOWER to CANDIDATE at term 56 for changeToCandidate
2019-10-15 16:29:40,309 [Thread-859] INFO  impl.RoleInfo (RoleInfo.java:updateAndGet(143)) - f5624850-682f-4ec5-bb5c-f79627fc299e: start LeaderElection
2019-10-15 16:29:40,333 [f5624850-682f-4ec5-bb5c-f79627fc299e@group-C25BD028928E-LeaderElection76] INFO  impl.LeaderElection (LeaderElection.java:askForVotes(178)) - f5624850-682f-4ec5-bb5c-f79627fc299e@group-C25BD028928E-LeaderElection76: begin an election at term 57 for -1: [f581660d-af3d-4f5f-b57d-f4cb54f048b9:192.168.164.239:42501, f5624850-682f-4ec5-bb5c-f79627fc299e:192.168.164.239:39499, 14091fe6-d183-4b46-be93-2ba964a39c73:192.168.164.239:34827], old=null
2019-10-15 16:29:40,336 [grpc-default-executor-10] INFO  impl.RaftServerImpl (RaftServerImpl.java:setRole(184)) - f581660d-af3d-4f5f-b57d-f4cb54f048b9@group-C25BD028928E: changes role from  FOLLOWER to FOLLOWER at term 57 for recognizeCandidate:f5624850-682f-4ec5-bb5c-f79627fc299e
2019-10-15 16:29:40,336 [grpc-default-executor-4] INFO  impl.RaftServerImpl (RaftServerImpl.java:setRole(184)) - 14091fe6-d183-4b46-be93-2ba964a39c73@group-C25BD028928E: changes role from  FOLLOWER to FOLLOWER at term 57 for recognizeCandidate:f5624850-682f-4ec5-bb5c-f79627fc299e
2019-10-15 16:29:40,336 [grpc-default-executor-10] INFO  impl.RoleInfo (RoleInfo.java:shutdownFollowerState(121)) - f581660d-af3d-4f5f-b57d-f4cb54f048b9: shutdown FollowerState
2019-10-15 16:29:40,336 [grpc-default-executor-4] INFO  impl.RoleInfo (RoleInfo.java:shutdownFollowerState(121)) - 14091fe6-d183-4b46-be93-2ba964a39c73: shutdown FollowerState
2019-10-15 16:29:40,336 [Thread-858] INFO  impl.FollowerState (FollowerState.java:run(117)) - f581660d-af3d-4f5f-b57d-f4cb54f048b9@group-C25BD028928E-FollowerState was interrupted: java.lang.InterruptedException: sleep interrupted
2019-10-15 16:29:40,336 [grpc-default-executor-10] INFO  impl.RoleInfo (RoleInfo.java:updateAndGet(143)) - f581660d-af3d-4f5f-b57d-f4cb54f048b9: start FollowerState
2019-10-15 16:29:40,336 [Thread-857] INFO  impl.FollowerState (FollowerState.java:run(117)) - 14091fe6-d183-4b46-be93-2ba964a39c73@group-C25BD028928E-FollowerState was interrupted: java.lang.InterruptedException: sleep interrupted
2019-10-15 16:29:40,336 [grpc-default-executor-4] INFO  impl.RoleInfo (RoleInfo.java:updateAndGet(143)) - 14091fe6-d183-4b46-be93-2ba964a39c73: start FollowerState
2019-10-15 16:29:40,352 [f5624850-682f-4ec5-bb5c-f79627fc299e@group-C25BD028928E-LeaderElection76] INFO  impl.LeaderElection (LeaderElection.java:logAndReturn(56)) - f5624850-682f-4ec5-bb5c-f79627fc299e@group-C25BD028928E-LeaderElection76: Election REJECTED; received 2 response(s) [f5624850-682f-4ec5-bb5c-f79627fc299e<-f581660d-af3d-4f5f-b57d-f4cb54f048b9#0:FAIL-t57, f5624850-682f-4ec5-bb5c-f79627fc299e<-14091fe6-d183-4b46-be93-2ba964a39c73#0:FAIL-t57] and 0 exception(s); f5624850-682f-4ec5-bb5c-f79627fc299e@group-C25BD028928E:t57, leader=null, voted=f5624850-682f-4ec5-bb5c-f79627fc299e, raftlog=f5624850-682f-4ec5-bb5c-f79627fc299e@group-C25BD028928E-SegmentedRaftLog:OPENED:c-1,f-1,i0, conf=-1: [f581660d-af3d-4f5f-b57d-f4cb54f048b9:192.168.164.239:42501, f5624850-682f-4ec5-bb5c-f79627fc299e:192.168.164.239:39499, 14091fe6-d183-4b46-be93-2ba964a39c73:192.168.164.239:34827], old=null
2019-10-15 16:29:40,352 [f5624850-682f-4ec5-bb5c-f79627fc299e@group-C25BD028928E-LeaderElection76] INFO  impl.RaftServerImpl (RaftServerImpl.java:setRole(184)) - f5624850-682f-4ec5-bb5c-f79627fc299e@group-C25BD028928E: changes role from CANDIDATE to FOLLOWER at term 57 for DISCOVERED_A_NEW_TERM
2019-10-15 16:29:40,352 [f5624850-682f-4ec5-bb5c-f79627fc299e@group-C25BD028928E-LeaderElection76] INFO  impl.RoleInfo (RoleInfo.java:shutdownLeaderElection(134)) - f5624850-682f-4ec5-bb5c-f79627fc299e: shutdown LeaderElection
2019-10-15 16:29:40,353 [f5624850-682f-4ec5-bb5c-f79627fc299e@group-C25BD028928E-LeaderElection76] INFO  impl.RoleInfo (RoleInfo.java:updateAndGet(143)) - f5624850-682f-4ec5-bb5c-f79627fc299e: start FollowerState
2019-10-15 16:29:40,520 [Thread-865] INFO  impl.FollowerState (FollowerState.java:run(108)) - f5624850-682f-4ec5-bb5c-f79627fc299e@group-C25BD028928E-FollowerState: change to CANDIDATE, lastRpcTime:167ms, electionTimeout:167ms
2019-10-15 16:29:40,520 [Thread-865] INFO  impl.RoleInfo (RoleInfo.java:shutdownFollowerState(121)) - f5624850-682f-4ec5-bb5c-f79627fc299e: shutdown FollowerState
2019-10-15 16:29:40,520 [Thread-865] INFO  impl.RaftServerImpl (RaftServerImpl.java:setRole(184)) - f5624850-682f-4ec5-bb5c-f79627fc299e@group-C25BD028928E: changes role from  FOLLOWER to CANDIDATE at term 57 for changeToCandidate
2019-10-15 16:29:40,521 [Thread-865] INFO  impl.RoleInfo (RoleInfo.java:updateAndGet(143)) - f5624850-682f-4ec5-bb5c-f79627fc299e: start LeaderElection
2019-10-15 16:29:40,540 [f5624850-682f-4ec5-bb5c-f79627fc299e@group-C25BD028928E-LeaderElection77] INFO  impl.LeaderElection (LeaderElection.java:askForVotes(178)) - f5624850-682f-4ec5-bb5c-f79627fc299e@group-C25BD028928E-LeaderElection77: begin an election at term 58 for -1: [f581660d-af3d-4f5f-b57d-f4cb54f048b9:192.168.164.239:42501, f5624850-682f-4ec5-bb5c-f79627fc299e:192.168.164.239:39499, 14091fe6-d183-4b46-be93-2ba964a39c73:192.168.164.239:34827], old=null
2019-10-15 16:29:40,543 [grpc-default-executor-4] INFO  impl.RaftServerImpl (RaftServerImpl.java:setRole(184)) - 14091fe6-d183-4b46-be93-2ba964a39c73@group-C25BD028928E: changes role from  FOLLOWER to FOLLOWER at term 58 for recognizeCandidate:f5624850-682f-4ec5-bb5c-f79627fc299e
2019-10-15 16:29:40,543 [grpc-default-executor-0] INFO  impl.RaftServerImpl (RaftServerImpl.java:setRole(184)) - f581660d-af3d-4f5f-b57d-f4cb54f048b9@group-C25BD028928E: changes role from  FOLLOWER to FOLLOWER at term 58 for recognizeCandidate:f5624850-682f-4ec5-bb5c-f79627fc299e
2019-10-15 16:29:40,543 [grpc-default-executor-4] INFO  impl.RoleInfo (RoleInfo.java:shutdownFollowerState(121)) - 14091fe6-d183-4b46-be93-2ba964a39c73: shutdown FollowerState
2019-10-15 16:29:40,543 [grpc-default-executor-0] INFO  impl.RoleInfo (RoleInfo.java:shutdownFollowerState(121)) - f581660d-af3d-4f5f-b57d-f4cb54f048b9: shutdown FollowerState
2019-10-15 16:29:40,543 [Thread-864] INFO  impl.FollowerState (FollowerState.java:run(117)) - 14091fe6-d183-4b46-be93-2ba964a39c73@group-C25BD028928E-FollowerState was interrupted: java.lang.InterruptedException: sleep interrupted
2019-10-15 16:29:40,543 [Thread-863] INFO  impl.FollowerState (FollowerState.java:run(117)) - f581660d-af3d-4f5f-b57d-f4cb54f048b9@group-C25BD028928E-FollowerState was interrupted: java.lang.InterruptedException: sleep interrupted
2019-10-15 16:29:40,543 [grpc-default-executor-4] INFO  impl.RoleInfo (RoleInfo.java:updateAndGet(143)) - 14091fe6-d183-4b46-be93-2ba964a39c73: start FollowerState
2019-10-15 16:29:40,543 [grpc-default-executor-0] INFO  impl.RoleInfo (RoleInfo.java:updateAndGet(143)) - f581660d-af3d-4f5f-b57d-f4cb54f048b9: start FollowerState
2019-10-15 16:29:40,571 [f5624850-682f-4ec5-bb5c-f79627fc299e@group-C25BD028928E-LeaderElection77] INFO  impl.LeaderElection (LeaderElection.java:logAndReturn(56)) - f5624850-682f-4ec5-bb5c-f79627fc299e@group-C25BD028928E-LeaderElection77: Election REJECTED; received 2 response(s) [f5624850-682f-4ec5-bb5c-f79627fc299e<-f581660d-af3d-4f5f-b57d-f4cb54f048b9#0:FAIL-t58, f5624850-682f-4ec5-bb5c-f79627fc299e<-14091fe6-d183-4b46-be93-2ba964a39c73#0:FAIL-t58] and 0 exception(s); f5624850-682f-4ec5-bb5c-f79627fc299e@group-C25BD028928E:t58, leader=null, voted=f5624850-682f-4ec5-bb5c-f79627fc299e, raftlog=f5624850-682f-4ec5-bb5c-f79627fc299e@group-C25BD028928E-SegmentedRaftLog:OPENED:c-1,f-1,i0, conf=-1: [f581660d-af3d-4f5f-b57d-f4cb54f048b9:192.168.164.239:42501, f5624850-682f-4ec5-bb5c-f79627fc299e:192.168.164.239:39499, 14091fe6-d183-4b46-be93-2ba964a39c73:192.168.164.239:34827], old=null
2019-10-15 16:29:40,571 [f5624850-682f-4ec5-bb5c-f79627fc299e@group-C25BD028928E-LeaderElection77] INFO  impl.RaftServerImpl (RaftServerImpl.java:setRole(184)) - f5624850-682f-4ec5-bb5c-f79627fc299e@group-C25BD028928E: changes role from CANDIDATE to FOLLOWER at term 58 for DISCOVERED_A_NEW_TERM
2019-10-15 16:29:40,571 [f5624850-682f-4ec5-bb5c-f79627fc299e@group-C25BD028928E-LeaderElection77] INFO  impl.RoleInfo (RoleInfo.java:shutdownLeaderElection(134)) - f5624850-682f-4ec5-bb5c-f79627fc299e: shutdown LeaderElection
2019-10-15 16:29:40,571 [f5624850-682f-4ec5-bb5c-f79627fc299e@group-C25BD028928E-LeaderElection77] INFO  impl.RoleInfo (RoleInfo.java:updateAndGet(143)) - f5624850-682f-4ec5-bb5c-f79627fc299e: start FollowerState
2019-10-15 16:29:40,666 [Thread-875] INFO  impl.FollowerState (FollowerState.java:run(108)) - f5624850-682f-4ec5-bb5c-f79627fc299e@group-C25BD028928E-FollowerState: change to CANDIDATE, lastRpcTime:94ms, electionTimeout:94ms
2019-10-15 16:29:40,666 [Thread-875] INFO  impl.RoleInfo (RoleInfo.java:shutdownFollowerState(121)) - f5624850-682f-4ec5-bb5c-f79627fc299e: shutdown FollowerState
2019-10-15 16:29:40,666 [Thread-875] INFO  impl.RaftServerImpl (RaftServerImpl.java:setRole(184)) - f5624850-682f-4ec5-bb5c-f79627fc299e@group-C25BD028928E: changes role from  FOLLOWER to CANDIDATE at term 58 for changeToCandidate
2019-10-15 16:29:40,666 [Thread-875] INFO  impl.RoleInfo (RoleInfo.java:updateAndGet(143)) - f5624850-682f-4ec5-bb5c-f79627fc299e: start LeaderElection
2019-10-15 16:29:40,692 [f5624850-682f-4ec5-bb5c-f79627fc299e@group-C25BD028928E-LeaderElection78] INFO  impl.LeaderElection (LeaderElection.java:askForVotes(178)) - f5624850-682f-4ec5-bb5c-f79627fc299e@group-C25BD028928E-LeaderElection78: begin an election at term 59 for -1: [f581660d-af3d-4f5f-b57d-f4cb54f048b9:192.168.164.239:42501, f5624850-682f-4ec5-bb5c-f79627fc299e:192.168.164.239:39499, 14091fe6-d183-4b46-be93-2ba964a39c73:192.168.164.239:34827], old=null
2019-10-15 16:29:40,694 [grpc-default-executor-0] INFO  impl.RaftServerImpl (RaftServerImpl.java:setRole(184)) - 14091fe6-d183-4b46-be93-2ba964a39c73@group-C25BD028928E: changes role from  FOLLOWER to FOLLOWER at term 59 for recognizeCandidate:f5624850-682f-4ec5-bb5c-f79627fc299e
2019-10-15 16:29:40,694 [grpc-default-executor-0] INFO  impl.RoleInfo (RoleInfo.java:shutdownFollowerState(121)) - 14091fe6-d183-4b46-be93-2ba964a39c73: shutdown FollowerState
2019-10-15 16:29:40,694 [grpc-default-executor-4] INFO  impl.RaftServerImpl (RaftServerImpl.java:setRole(184)) - f581660d-af3d-4f5f-b57d-f4cb54f048b9@group-C25BD028928E: changes role from  FOLLOWER to FOLLOWER at term 59 for recognizeCandidate:f5624850-682f-4ec5-bb5c-f79627fc299e
2019-10-15 16:29:40,694 [Thread-873] INFO  impl.FollowerState (FollowerState.java:run(117)) - 14091fe6-d183-4b46-be93-2ba964a39c73@group-C25BD028928E-FollowerState was interrupted: java.lang.InterruptedException: sleep interrupted
2019-10-15 16:29:40,694 [grpc-default-executor-0] INFO  impl.RoleInfo (RoleInfo.java:updateAndGet(143)) - 14091fe6-d183-4b46-be93-2ba964a39c73: start FollowerState
2019-10-15 16:29:40,695 [grpc-default-executor-4] INFO  impl.RoleInfo (RoleInfo.java:shutdownFollowerState(121)) - f581660d-af3d-4f5f-b57d-f4cb54f048b9: shutdown FollowerState
2019-10-15 16:29:40,695 [grpc-default-executor-4] INFO  impl.RoleInfo (RoleInfo.java:updateAndGet(143)) - f581660d-af3d-4f5f-b57d-f4cb54f048b9: start FollowerState
2019-10-15 16:29:40,695 [Thread-874] INFO  impl.FollowerState (FollowerState.java:run(117)) - f581660d-af3d-4f5f-b57d-f4cb54f048b9@group-C25BD028928E-FollowerState was interrupted: java.lang.InterruptedException: sleep interrupted
2019-10-15 16:29:40,713 [f5624850-682f-4ec5-bb5c-f79627fc299e@group-C25BD028928E-LeaderElection78] INFO  impl.LeaderElection (LeaderElection.java:logAndReturn(56)) - f5624850-682f-4ec5-bb5c-f79627fc299e@group-C25BD028928E-LeaderElection78: Election REJECTED; received 2 response(s) [f5624850-682f-4ec5-bb5c-f79627fc299e<-f581660d-af3d-4f5f-b57d-f4cb54f048b9#0:FAIL-t59, f5624850-682f-4ec5-bb5c-f79627fc299e<-14091fe6-d183-4b46-be93-2ba964a39c73#0:FAIL-t59] and 0 exception(s); f5624850-682f-4ec5-bb5c-f79627fc299e@group-C25BD028928E:t59, leader=null, voted=f5624850-682f-4ec5-bb5c-f79627fc299e, raftlog=f5624850-682f-4ec5-bb5c-f79627fc299e@group-C25BD028928E-SegmentedRaftLog:OPENED:c-1,f-1,i0, conf=-1: [f581660d-af3d-4f5f-b57d-f4cb54f048b9:192.168.164.239:42501, f5624850-682f-4ec5-bb5c-f79627fc299e:192.168.164.239:39499, 14091fe6-d183-4b46-be93-2ba964a39c73:192.168.164.239:34827], old=null
2019-10-15 16:29:40,713 [f5624850-682f-4ec5-bb5c-f79627fc299e@group-C25BD028928E-LeaderElection78] INFO  impl.RaftServerImpl (RaftServerImpl.java:setRole(184)) - f5624850-682f-4ec5-bb5c-f79627fc299e@group-C25BD028928E: changes role from CANDIDATE to FOLLOWER at term 59 for DISCOVERED_A_NEW_TERM
2019-10-15 16:29:40,713 [f5624850-682f-4ec5-bb5c-f79627fc299e@group-C25BD028928E-LeaderElection78] INFO  impl.RoleInfo (RoleInfo.java:shutdownLeaderElection(134)) - f5624850-682f-4ec5-bb5c-f79627fc299e: shutdown LeaderElection
2019-10-15 16:29:40,714 [f5624850-682f-4ec5-bb5c-f79627fc299e@group-C25BD028928E-LeaderElection78] INFO  impl.RoleInfo (RoleInfo.java:updateAndGet(143)) - f5624850-682f-4ec5-bb5c-f79627fc299e: start FollowerState
2019-10-15 16:29:40,795 [Thread-881] INFO  impl.FollowerState (FollowerState.java:run(108)) - f5624850-682f-4ec5-bb5c-f79627fc299e@group-C25BD028928E-FollowerState: change to CANDIDATE, lastRpcTime:81ms, electionTimeout:81ms
2019-10-15 16:29:40,795 [Thread-881] INFO  impl.RoleInfo (RoleInfo.java:shutdownFollowerState(121)) - f5624850-682f-4ec5-bb5c-f79627fc299e: shutdown FollowerState
2019-10-15 16:29:40,795 [Thread-881] INFO  impl.RaftServerImpl (RaftServerImpl.java:setRole(184)) - f5624850-682f-4ec5-bb5c-f79627fc299e@group-C25BD028928E: changes role from  FOLLOWER to CANDIDATE at term 59 for changeToCandidate
2019-10-15 16:29:40,795 [Thread-881] INFO  impl.RoleInfo (RoleInfo.java:updateAndGet(143)) - f5624850-682f-4ec5-bb5c-f79627fc299e: start LeaderElection
2019-10-15 16:29:40,816 [f5624850-682f-4ec5-bb5c-f79627fc299e@group-C25BD028928E-LeaderElection79] INFO  impl.LeaderElection (LeaderElection.java:askForVotes(178)) - f5624850-682f-4ec5-bb5c-f79627fc299e@group-C25BD028928E-LeaderElection79: begin an election at term 60 for -1: [f581660d-af3d-4f5f-b57d-f4cb54f048b9:192.168.164.239:42501, f5624850-682f-4ec5-bb5c-f79627fc299e:192.168.164.239:39499, 14091fe6-d183-4b46-be93-2ba964a39c73:192.168.164.239:34827], old=null
2019-10-15 16:29:40,818 [grpc-default-executor-0] INFO  impl.RaftServerImpl (RaftServerImpl.java:setRole(184)) - 14091fe6-d183-4b46-be93-2ba964a39c73@group-C25BD028928E: changes role from  FOLLOWER to FOLLOWER at term 60 for recognizeCandidate:f5624850-682f-4ec5-bb5c-f79627fc299e
2019-10-15 16:29:40,818 [grpc-default-executor-0] INFO  impl.RoleInfo (RoleInfo.java:shutdownFollowerState(121)) - 14091fe6-d183-4b46-be93-2ba964a39c73: shutdown FollowerState
2019-10-15 16:29:40,818 [grpc-default-executor-0] INFO  impl.RoleInfo (RoleInfo.java:updateAndGet(143)) - 14091fe6-d183-4b46-be93-2ba964a39c73: start FollowerState
2019-10-15 16:29:40,818 [Thread-879] INFO  impl.FollowerState (FollowerState.java:run(117)) - 14091fe6-d183-4b46-be93-2ba964a39c73@group-C25BD028928E-FollowerState was interrupted: java.lang.InterruptedException: sleep interrupted
2019-10-15 16:29:40,818 [grpc-default-executor-4] INFO  impl.RaftServerImpl (RaftServerImpl.java:setRole(184)) - f581660d-af3d-4f5f-b57d-f4cb54f048b9@group-C25BD028928E: changes role from  FOLLOWER to FOLLOWER at term 60 for recognizeCandidate:f5624850-682f-4ec5-bb5c-f79627fc299e
2019-10-15 16:29:40,819 [grpc-default-executor-4] INFO  impl.RoleInfo (RoleInfo.java:shutdownFollowerState(121)) - f581660d-af3d-4f5f-b57d-f4cb54f048b9: shutdown FollowerState
2019-10-15 16:29:40,819 [grpc-default-executor-4] INFO  impl.RoleInfo (RoleInfo.java:updateAndGet(143)) - f581660d-af3d-4f5f-b57d-f4cb54f048b9: start FollowerState
2019-10-15 16:29:40,819 [Thread-880] INFO  impl.FollowerState (FollowerState.java:run(117)) - f581660d-af3d-4f5f-b57d-f4cb54f048b9@group-C25BD028928E-FollowerState was interrupted: java.lang.InterruptedException: sleep interrupted
2019-10-15 16:29:40,845 [f5624850-682f-4ec5-bb5c-f79627fc299e@group-C25BD028928E-LeaderElection79] INFO  impl.LeaderElection (LeaderElection.java:logAndReturn(56)) - f5624850-682f-4ec5-bb5c-f79627fc299e@group-C25BD028928E-LeaderElection79: Election REJECTED; received 2 response(s) [f5624850-682f-4ec5-bb5c-f79627fc299e<-f581660d-af3d-4f5f-b57d-f4cb54f048b9#0:FAIL-t60, f5624850-682f-4ec5-bb5c-f79627fc299e<-14091fe6-d183-4b46-be93-2ba964a39c73#0:FAIL-t60] and 0 exception(s); f5624850-682f-4ec5-bb5c-f79627fc299e@group-C25BD028928E:t60, leader=null, voted=f5624850-682f-4ec5-bb5c-f79627fc299e, raftlog=f5624850-682f-4ec5-bb5c-f79627fc299e@group-C25BD028928E-SegmentedRaftLog:OPENED:c-1,f-1,i0, conf=-1: [f581660d-af3d-4f5f-b57d-f4cb54f048b9:192.168.164.239:42501, f5624850-682f-4ec5-bb5c-f79627fc299e:192.168.164.239:39499, 14091fe6-d183-4b46-be93-2ba964a39c73:192.168.164.239:34827], old=null
2019-10-15 16:29:40,845 [f5624850-682f-4ec5-bb5c-f79627fc299e@group-C25BD028928E-LeaderElection79] INFO  impl.RaftServerImpl (RaftServerImpl.java:setRole(184)) - f5624850-682f-4ec5-bb5c-f79627fc299e@group-C25BD028928E: changes role from CANDIDATE to FOLLOWER at term 60 for DISCOVERED_A_NEW_TERM
2019-10-15 16:29:40,845 [f5624850-682f-4ec5-bb5c-f79627fc299e@group-C25BD028928E-LeaderElection79] INFO  impl.RoleInfo (RoleInfo.java:shutdownLeaderElection(134)) - f5624850-682f-4ec5-bb5c-f79627fc299e: shutdown LeaderElection
2019-10-15 16:29:40,845 [f5624850-682f-4ec5-bb5c-f79627fc299e@group-C25BD028928E-LeaderElection79] INFO  impl.RoleInfo (RoleInfo.java:updateAndGet(143)) - f5624850-682f-4ec5-bb5c-f79627fc299e: start FollowerState
2019-10-15 16:29:40,886 [Thread-887] INFO  impl.FollowerState (FollowerState.java:run(108)) - f5624850-682f-4ec5-bb5c-f79627fc299e@group-C25BD028928E-FollowerState: change to CANDIDATE, lastRpcTime:40ms, electionTimeout:40ms
2019-10-15 16:29:40,886 [Thread-887] INFO  impl.RoleInfo (RoleInfo.java:shutdownFollowerState(121)) - f5624850-682f-4ec5-bb5c-f79627fc299e: shutdown FollowerState
2019-10-15 16:29:40,886 [Thread-887] INFO  impl.RaftServerImpl (RaftServerImpl.java:setRole(184)) - f5624850-682f-4ec5-bb5c-f79627fc299e@group-C25BD028928E: changes role from  FOLLOWER to CANDIDATE at term 60 for changeToCandidate
2019-10-15 16:29:40,886 [Thread-887] INFO  impl.RoleInfo (RoleInfo.java:updateAndGet(143)) - f5624850-682f-4ec5-bb5c-f79627fc299e: start LeaderElection
2019-10-15 16:29:40,911 [f5624850-682f-4ec5-bb5c-f79627fc299e@group-C25BD028928E-LeaderElection80] INFO  impl.LeaderElection (LeaderElection.java:askForVotes(178)) - f5624850-682f-4ec5-bb5c-f79627fc299e@group-C25BD028928E-LeaderElection80: begin an election at term 61 for -1: [f581660d-af3d-4f5f-b57d-f4cb54f048b9:192.168.164.239:42501, f5624850-682f-4ec5-bb5c-f79627fc299e:192.168.164.239:39499, 14091fe6-d183-4b46-be93-2ba964a39c73:192.168.164.239:34827], old=null
2019-10-15 16:29:40,913 [grpc-default-executor-4] INFO  impl.RaftServerImpl (RaftServerImpl.java:setRole(184)) - 14091fe6-d183-4b46-be93-2ba964a39c73@group-C25BD028928E: changes role from  FOLLOWER to FOLLOWER at term 61 for recognizeCandidate:f5624850-682f-4ec5-bb5c-f79627fc299e
2019-10-15 16:29:40,913 [grpc-default-executor-4] INFO  impl.RoleInfo (RoleInfo.java:shutdownFollowerState(121)) - 14091fe6-d183-4b46-be93-2ba964a39c73: shutdown FollowerState
2019-10-15 16:29:40,913 [grpc-default-executor-4] INFO  impl.RoleInfo (RoleInfo.java:updateAndGet(143)) - 14091fe6-d183-4b46-be93-2ba964a39c73: start FollowerState
2019-10-15 16:29:40,913 [Thread-885] INFO  impl.FollowerState (FollowerState.java:run(117)) - 14091fe6-d183-4b46-be93-2ba964a39c73@group-C25BD028928E-FollowerState was interrupted: java.lang.InterruptedException: sleep interrupted
2019-10-15 16:29:40,913 [grpc-default-executor-0] INFO  impl.RaftServerImpl (RaftServerImpl.java:setRole(184)) - f581660d-af3d-4f5f-b57d-f4cb54f048b9@group-C25BD028928E: changes role from  FOLLOWER to FOLLOWER at term 61 for recognizeCandidate:f5624850-682f-4ec5-bb5c-f79627fc299e
2019-10-15 16:29:40,914 [grpc-default-executor-0] INFO  impl.RoleInfo (RoleInfo.java:shutdownFollowerState(121)) - f581660d-af3d-4f5f-b57d-f4cb54f048b9: shutdown FollowerState
2019-10-15 16:29:40,914 [Thread-886] INFO  impl.FollowerState (FollowerState.java:run(117)) - f581660d-af3d-4f5f-b57d-f4cb54f048b9@group-C25BD028928E-FollowerState was interrupted: java.lang.InterruptedException: sleep interrupted
2019-10-15 16:29:40,914 [grpc-default-executor-0] INFO  impl.RoleInfo (RoleInfo.java:updateAndGet(143)) - f581660d-af3d-4f5f-b57d-f4cb54f048b9: start FollowerState
2019-10-15 16:29:40,938 [f5624850-682f-4ec5-bb5c-f79627fc299e@group-C25BD028928E-LeaderElection80] INFO  impl.LeaderElection (LeaderElection.java:logAndReturn(56)) - f5624850-682f-4ec5-bb5c-f79627fc299e@group-C25BD028928E-LeaderElection80: Election REJECTED; received 2 response(s) [f5624850-682f-4ec5-bb5c-f79627fc299e<-f581660d-af3d-4f5f-b57d-f4cb54f048b9#0:FAIL-t61, f5624850-682f-4ec5-bb5c-f79627fc299e<-14091fe6-d183-4b46-be93-2ba964a39c73#0:FAIL-t61] and 0 exception(s); f5624850-682f-4ec5-bb5c-f79627fc299e@group-C25BD028928E:t61, leader=null, voted=f5624850-682f-4ec5-bb5c-f79627fc299e, raftlog=f5624850-682f-4ec5-bb5c-f79627fc299e@group-C25BD028928E-SegmentedRaftLog:OPENED:c-1,f-1,i0, conf=-1: [f581660d-af3d-4f5f-b57d-f4cb54f048b9:192.168.164.239:42501, f5624850-682f-4ec5-bb5c-f79627fc299e:192.168.164.239:39499, 14091fe6-d183-4b46-be93-2ba964a39c73:192.168.164.239:34827], old=null
2019-10-15 16:29:40,938 [f5624850-682f-4ec5-bb5c-f79627fc299e@group-C25BD028928E-LeaderElection80] INFO  impl.RaftServerImpl (RaftServerImpl.java:setRole(184)) - f5624850-682f-4ec5-bb5c-f79627fc299e@group-C25BD028928E: changes role from CANDIDATE to FOLLOWER at term 61 for DISCOVERED_A_NEW_TERM
2019-10-15 16:29:40,938 [f5624850-682f-4ec5-bb5c-f79627fc299e@group-C25BD028928E-LeaderElection80] INFO  impl.RoleInfo (RoleInfo.java:shutdownLeaderElection(134)) - f5624850-682f-4ec5-bb5c-f79627fc299e: shutdown LeaderElection
2019-10-15 16:29:40,938 [f5624850-682f-4ec5-bb5c-f79627fc299e@group-C25BD028928E-LeaderElection80] INFO  impl.RoleInfo (RoleInfo.java:updateAndGet(143)) - f5624850-682f-4ec5-bb5c-f79627fc299e: start FollowerState
2019-10-15 16:29:41,024 [Thread-895] INFO  impl.FollowerState (FollowerState.java:run(108)) - f5624850-682f-4ec5-bb5c-f79627fc299e@group-C25BD028928E-FollowerState: change to CANDIDATE, lastRpcTime:86ms, electionTimeout:86ms
2019-10-15 16:29:41,025 [Thread-895] INFO  impl.RoleInfo (RoleInfo.java:shutdownFollowerState(121)) - f5624850-682f-4ec5-bb5c-f79627fc299e: shutdown FollowerState
2019-10-15 16:29:41,025 [Thread-895] INFO  impl.RaftServerImpl (RaftServerImpl.java:setRole(184)) - f5624850-682f-4ec5-bb5c-f79627fc299e@group-C25BD028928E: changes role from  FOLLOWER to CANDIDATE at term 61 for changeToCandidate
2019-10-15 16:29:41,025 [Thread-895] INFO  impl.RoleInfo (RoleInfo.java:updateAndGet(143)) - f5624850-682f-4ec5-bb5c-f79627fc299e: start LeaderElection
2019-10-15 16:29:41,054 [f5624850-682f-4ec5-bb5c-f79627fc299e@group-C25BD028928E-LeaderElection81] INFO  impl.LeaderElection (LeaderElection.java:askForVotes(178)) - f5624850-682f-4ec5-bb5c-f79627fc299e@group-C25BD028928E-LeaderElection81: begin an election at term 62 for -1: [f581660d-af3d-4f5f-b57d-f4cb54f048b9:192.168.164.239:42501, f5624850-682f-4ec5-bb5c-f79627fc299e:192.168.164.239:39499, 14091fe6-d183-4b46-be93-2ba964a39c73:192.168.164.239:34827], old=null
2019-10-15 16:29:41,057 [grpc-default-executor-1] INFO  impl.RaftServerImpl (RaftServerImpl.java:setRole(184)) - f581660d-af3d-4f5f-b57d-f4cb54f048b9@group-C25BD028928E: changes role from  FOLLOWER to FOLLOWER at term 62 for recognizeCandidate:f5624850-682f-4ec5-bb5c-f79627fc299e
2019-10-15 16:29:41,057 [grpc-default-executor-1] INFO  impl.RoleInfo (RoleInfo.java:shutdownFollowerState(121)) - f581660d-af3d-4f5f-b57d-f4cb54f048b9: shutdown FollowerState
2019-10-15 16:29:41,057 [grpc-default-executor-10] INFO  impl.RaftServerImpl (RaftServerImpl.java:setRole(184)) - 14091fe6-d183-4b46-be93-2ba964a39c73@group-C25BD028928E: changes role from  FOLLOWER to FOLLOWER at term 62 for recognizeCandidate:f5624850-682f-4ec5-bb5c-f79627fc299e
2019-10-15 16:29:41,058 [Thread-894] INFO  impl.FollowerState (FollowerState.java:run(117)) - f581660d-af3d-4f5f-b57d-f4cb54f048b9@group-C25BD028928E-FollowerState was interrupted: java.lang.InterruptedException: sleep interrupted
2019-10-15 16:29:41,058 [grpc-default-executor-1] INFO  impl.RoleInfo (RoleInfo.java:updateAndGet(143)) - f581660d-af3d-4f5f-b57d-f4cb54f048b9: start FollowerState
2019-10-15 16:29:41,058 [grpc-default-executor-10] INFO  impl.RoleInfo (RoleInfo.java:shutdownFollowerState(121)) - 14091fe6-d183-4b46-be93-2ba964a39c73: shutdown FollowerState
2019-10-15 16:29:41,058 [grpc-default-executor-10] INFO  impl.RoleInfo (RoleInfo.java:updateAndGet(143)) - 14091fe6-d183-4b46-be93-2ba964a39c73: start FollowerState
2019-10-15 16:29:41,058 [Thread-893] INFO  impl.FollowerState (FollowerState.java:run(117)) - 14091fe6-d183-4b46-be93-2ba964a39c73@group-C25BD028928E-FollowerState was interrupted: java.lang.InterruptedException: sleep interrupted
2019-10-15 16:29:41,081 [f5624850-682f-4ec5-bb5c-f79627fc299e@group-C25BD028928E-LeaderElection81] INFO  impl.LeaderElection (LeaderElection.java:logAndReturn(56)) - f5624850-682f-4ec5-bb5c-f79627fc299e@group-C25BD028928E-LeaderElection81: Election REJECTED; received 2 response(s) [f5624850-682f-4ec5-bb5c-f79627fc299e<-f581660d-af3d-4f5f-b57d-f4cb54f048b9#0:FAIL-t62, f5624850-682f-4ec5-bb5c-f79627fc299e<-14091fe6-d183-4b46-be93-2ba964a39c73#0:FAIL-t62] and 0 exception(s); f5624850-682f-4ec5-bb5c-f79627fc299e@group-C25BD028928E:t62, leader=null, voted=f5624850-682f-4ec5-bb5c-f79627fc299e, raftlog=f5624850-682f-4ec5-bb5c-f79627fc299e@group-C25BD028928E-SegmentedRaftLog:OPENED:c-1,f-1,i0, conf=-1: [f581660d-af3d-4f5f-b57d-f4cb54f048b9:192.168.164.239:42501, f5624850-682f-4ec5-bb5c-f79627fc299e:192.168.164.239:39499, 14091fe6-d183-4b46-be93-2ba964a39c73:192.168.164.239:34827], old=null
2019-10-15 16:29:41,081 [f5624850-682f-4ec5-bb5c-f79627fc299e@group-C25BD028928E-LeaderElection81] INFO  impl.RaftServerImpl (RaftServerImpl.java:setRole(184)) - f5624850-682f-4ec5-bb5c-f79627fc299e@group-C25BD028928E: changes role from CANDIDATE to FOLLOWER at term 62 for DISCOVERED_A_NEW_TERM
2019-10-15 16:29:41,081 [f5624850-682f-4ec5-bb5c-f79627fc299e@group-C25BD028928E-LeaderElection81] INFO  impl.RoleInfo (RoleInfo.java:shutdownLeaderElection(134)) - f5624850-682f-4ec5-bb5c-f79627fc299e: shutdown LeaderElection
2019-10-15 16:29:41,082 [f5624850-682f-4ec5-bb5c-f79627fc299e@group-C25BD028928E-LeaderElection81] INFO  impl.RoleInfo (RoleInfo.java:updateAndGet(143)) - f5624850-682f-4ec5-bb5c-f79627fc299e: start FollowerState
2019-10-15 16:29:41,215 [Thread-905] INFO  impl.FollowerState (FollowerState.java:run(108)) - f5624850-682f-4ec5-bb5c-f79627fc299e@group-C25BD028928E-FollowerState: change to CANDIDATE, lastRpcTime:133ms, electionTimeout:133ms
2019-10-15 16:29:41,215 [Thread-905] INFO  impl.RoleInfo (RoleInfo.java:shutdownFollowerState(121)) - f5624850-682f-4ec5-bb5c-f79627fc299e: shutdown FollowerState
2019-10-15 16:29:41,215 [Thread-905] INFO  impl.RaftServerImpl (RaftServerImpl.java:setRole(184)) - f5624850-682f-4ec5-bb5c-f79627fc299e@group-C25BD028928E: changes role from  FOLLOWER to CANDIDATE at term 62 for changeToCandidate
2019-10-15 16:29:41,215 [Thread-905] INFO  impl.RoleInfo (RoleInfo.java:updateAndGet(143)) - f5624850-682f-4ec5-bb5c-f79627fc299e: start LeaderElection
2019-10-15 16:29:41,248 [f5624850-682f-4ec5-bb5c-f79627fc299e@group-C25BD028928E-LeaderElection82] INFO  impl.LeaderElection (LeaderElection.java:askForVotes(178)) - f5624850-682f-4ec5-bb5c-f79627fc299e@group-C25BD028928E-LeaderElection82: begin an election at term 63 for -1: [f581660d-af3d-4f5f-b57d-f4cb54f048b9:192.168.164.239:42501, f5624850-682f-4ec5-bb5c-f79627fc299e:192.168.164.239:39499, 14091fe6-d183-4b46-be93-2ba964a39c73:192.168.164.239:34827], old=null
2019-10-15 16:29:41,250 [grpc-default-executor-1] INFO  impl.RaftServerImpl (RaftServerImpl.java:setRole(184)) - f581660d-af3d-4f5f-b57d-f4cb54f048b9@group-C25BD028928E: changes role from  FOLLOWER to FOLLOWER at term 63 for recognizeCandidate:f5624850-682f-4ec5-bb5c-f79627fc299e
2019-10-15 16:29:41,250 [grpc-default-executor-10] INFO  impl.RaftServerImpl (RaftServerImpl.java:setRole(184)) - 14091fe6-d183-4b46-be93-2ba964a39c73@group-C25BD028928E: changes role from  FOLLOWER to FOLLOWER at term 63 for recognizeCandidate:f5624850-682f-4ec5-bb5c-f79627fc299e
2019-10-15 16:29:41,250 [grpc-default-executor-10] INFO  impl.RoleInfo (RoleInfo.java:shutdownFollowerState(121)) - 14091fe6-d183-4b46-be93-2ba964a39c73: shutdown FollowerState
2019-10-15 16:29:41,250 [grpc-default-executor-1] INFO  impl.RoleInfo (RoleInfo.java:shutdownFollowerState(121)) - f581660d-af3d-4f5f-b57d-f4cb54f048b9: shutdown FollowerState
2019-10-15 16:29:41,251 [grpc-default-executor-1] INFO  impl.RoleInfo (RoleInfo.java:updateAndGet(143)) - f581660d-af3d-4f5f-b57d-f4cb54f048b9: start FollowerState
2019-10-15 16:29:41,251 [Thread-904] INFO  impl.FollowerState (FollowerState.java:run(117)) - 14091fe6-d183-4b46-be93-2ba964a39c73@group-C25BD028928E-FollowerState was interrupted: java.lang.InterruptedException: sleep interrupted
2019-10-15 16:29:41,251 [grpc-default-executor-10] INFO  impl.RoleInfo (RoleInfo.java:updateAndGet(143)) - 14091fe6-d183-4b46-be93-2ba964a39c73: start FollowerState
2019-10-15 16:29:41,251 [Thread-903] INFO  impl.FollowerState (FollowerState.java:run(117)) - f581660d-af3d-4f5f-b57d-f4cb54f048b9@group-C25BD028928E-FollowerState was interrupted: java.lang.InterruptedException: sleep interrupted
2019-10-15 16:29:41,274 [f5624850-682f-4ec5-bb5c-f79627fc299e@group-C25BD028928E-LeaderElection82] INFO  impl.LeaderElection (LeaderElection.java:logAndReturn(56)) - f5624850-682f-4ec5-bb5c-f79627fc299e@group-C25BD028928E-LeaderElection82: Election REJECTED; received 2 response(s) [f5624850-682f-4ec5-bb5c-f79627fc299e<-f581660d-af3d-4f5f-b57d-f4cb54f048b9#0:FAIL-t63, f5624850-682f-4ec5-bb5c-f79627fc299e<-14091fe6-d183-4b46-be93-2ba964a39c73#0:FAIL-t63] and 0 exception(s); f5624850-682f-4ec5-bb5c-f79627fc299e@group-C25BD028928E:t63, leader=null, voted=f5624850-682f-4ec5-bb5c-f79627fc299e, raftlog=f5624850-682f-4ec5-bb5c-f79627fc299e@group-C25BD028928E-SegmentedRaftLog:OPENED:c-1,f-1,i0, conf=-1: [f581660d-af3d-4f5f-b57d-f4cb54f048b9:192.168.164.239:42501, f5624850-682f-4ec5-bb5c-f79627fc299e:192.168.164.239:39499, 14091fe6-d183-4b46-be93-2ba964a39c73:192.168.164.239:34827], old=null
2019-10-15 16:29:41,275 [f5624850-682f-4ec5-bb5c-f79627fc299e@group-C25BD028928E-LeaderElection82] INFO  impl.RaftServerImpl (RaftServerImpl.java:setRole(184)) - f5624850-682f-4ec5-bb5c-f79627fc299e@group-C25BD028928E: changes role from CANDIDATE to FOLLOWER at term 63 for DISCOVERED_A_NEW_TERM
2019-10-15 16:29:41,275 [f5624850-682f-4ec5-bb5c-f79627fc299e@group-C25BD028928E-LeaderElection82] INFO  impl.RoleInfo (RoleInfo.java:shutdownLeaderElection(134)) - f5624850-682f-4ec5-bb5c-f79627fc299e: shutdown LeaderElection
2019-10-15 16:29:41,275 [f5624850-682f-4ec5-bb5c-f79627fc299e@group-C25BD028928E-LeaderElection82] INFO  impl.RoleInfo (RoleInfo.java:updateAndGet(143)) - f5624850-682f-4ec5-bb5c-f79627fc299e: start FollowerState
2019-10-15 16:29:41,449 [Thread-911] INFO  impl.FollowerState (FollowerState.java:run(108)) - f5624850-682f-4ec5-bb5c-f79627fc299e@group-C25BD028928E-FollowerState: change to CANDIDATE, lastRpcTime:174ms, electionTimeout:174ms
2019-10-15 16:29:41,450 [Thread-911] INFO  impl.RoleInfo (RoleInfo.java:shutdownFollowerState(121)) - f5624850-682f-4ec5-bb5c-f79627fc299e: shutdown FollowerState
2019-10-15 16:29:41,450 [Thread-911] INFO  impl.RaftServerImpl (RaftServerImpl.java:setRole(184)) - f5624850-682f-4ec5-bb5c-f79627fc299e@group-C25BD028928E: changes role from  FOLLOWER to CANDIDATE at term 63 for changeToCandidate
2019-10-15 16:29:41,450 [Thread-911] INFO  impl.RoleInfo (RoleInfo.java:updateAndGet(143)) - f5624850-682f-4ec5-bb5c-f79627fc299e: start LeaderElection
2019-10-15 16:29:41,483 [f5624850-682f-4ec5-bb5c-f79627fc299e@group-C25BD028928E-LeaderElection83] INFO  impl.LeaderElection (LeaderElection.java:askForVotes(178)) - f5624850-682f-4ec5-bb5c-f79627fc299e@group-C25BD028928E-LeaderElection83: begin an election at term 64 for -1: [f581660d-af3d-4f5f-b57d-f4cb54f048b9:192.168.164.239:42501, f5624850-682f-4ec5-bb5c-f79627fc299e:192.168.164.239:39499, 14091fe6-d183-4b46-be93-2ba964a39c73:192.168.164.239:34827], old=null
2019-10-15 16:29:41,486 [grpc-default-executor-10] INFO  impl.RaftServerImpl (RaftServerImpl.java:setRole(184)) - 14091fe6-d183-4b46-be93-2ba964a39c73@group-C25BD028928E: changes role from  FOLLOWER to FOLLOWER at term 64 for recognizeCandidate:f5624850-682f-4ec5-bb5c-f79627fc299e
2019-10-15 16:29:41,486 [grpc-default-executor-1] INFO  impl.RaftServerImpl (RaftServerImpl.java:setRole(184)) - f581660d-af3d-4f5f-b57d-f4cb54f048b9@group-C25BD028928E: changes role from  FOLLOWER to FOLLOWER at term 64 for recognizeCandidate:f5624850-682f-4ec5-bb5c-f79627fc299e
2019-10-15 16:29:41,486 [grpc-default-executor-10] INFO  impl.RoleInfo (RoleInfo.java:shutdownFollowerState(121)) - 14091fe6-d183-4b46-be93-2ba964a39c73: shutdown FollowerState
2019-10-15 16:29:41,486 [grpc-default-executor-1] INFO  impl.RoleInfo (RoleInfo.java:shutdownFollowerState(121)) - f581660d-af3d-4f5f-b57d-f4cb54f048b9: shutdown FollowerState
2019-10-15 16:29:41,487 [Thread-909] INFO  impl.FollowerState (FollowerState.java:run(117)) - 14091fe6-d183-4b46-be93-2ba964a39c73@group-C25BD028928E-FollowerState was interrupted: java.lang.InterruptedException: sleep interrupted
2019-10-15 16:29:41,486 [grpc-default-executor-10] INFO  impl.RoleInfo (RoleInfo.java:updateAndGet(143)) - 14091fe6-d183-4b46-be93-2ba964a39c73: start FollowerState
2019-10-15 16:29:41,487 [Thread-910] INFO  impl.FollowerState (FollowerState.java:run(117)) - f581660d-af3d-4f5f-b57d-f4cb54f048b9@group-C25BD028928E-FollowerState was interrupted: java.lang.InterruptedException: sleep interrupted
2019-10-15 16:29:41,487 [grpc-default-executor-1] INFO  impl.RoleInfo (RoleInfo.java:updateAndGet(143)) - f581660d-af3d-4f5f-b57d-f4cb54f048b9: start FollowerState
2019-10-15 16:29:41,510 [f5624850-682f-4ec5-bb5c-f79627fc299e@group-C25BD028928E-LeaderElection83] INFO  impl.LeaderElection (LeaderElection.java:logAndReturn(56)) - f5624850-682f-4ec5-bb5c-f79627fc299e@group-C25BD028928E-LeaderElection83: Election REJECTED; received 2 response(s) [f5624850-682f-4ec5-bb5c-f79627fc299e<-f581660d-af3d-4f5f-b57d-f4cb54f048b9#0:FAIL-t64, f5624850-682f-4ec5-bb5c-f79627fc299e<-14091fe6-d183-4b46-be93-2ba964a39c73#0:FAIL-t64] and 0 exception(s); f5624850-682f-4ec5-bb5c-f79627fc299e@group-C25BD028928E:t64, leader=null, voted=f5624850-682f-4ec5-bb5c-f79627fc299e, raftlog=f5624850-682f-4ec5-bb5c-f79627fc299e@group-C25BD028928E-SegmentedRaftLog:OPENED:c-1,f-1,i0, conf=-1: [f581660d-af3d-4f5f-b57d-f4cb54f048b9:192.168.164.239:42501, f5624850-682f-4ec5-bb5c-f79627fc299e:192.168.164.239:39499, 14091fe6-d183-4b46-be93-2ba964a39c73:192.168.164.239:34827], old=null
2019-10-15 16:29:41,510 [f5624850-682f-4ec5-bb5c-f79627fc299e@group-C25BD028928E-LeaderElection83] INFO  impl.RaftServerImpl (RaftServerImpl.java:setRole(184)) - f5624850-682f-4ec5-bb5c-f79627fc299e@group-C25BD028928E: changes role from CANDIDATE to FOLLOWER at term 64 for DISCOVERED_A_NEW_TERM
2019-10-15 16:29:41,510 [f5624850-682f-4ec5-bb5c-f79627fc299e@group-C25BD028928E-LeaderElection83] INFO  impl.RoleInfo (RoleInfo.java:shutdownLeaderElection(134)) - f5624850-682f-4ec5-bb5c-f79627fc299e: shutdown LeaderElection
2019-10-15 16:29:41,511 [f5624850-682f-4ec5-bb5c-f79627fc299e@group-C25BD028928E-LeaderElection83] INFO  impl.RoleInfo (RoleInfo.java:updateAndGet(143)) - f5624850-682f-4ec5-bb5c-f79627fc299e: start FollowerState
2019-10-15 16:29:41,549 [Thread-917] INFO  impl.FollowerState (FollowerState.java:run(108)) - f5624850-682f-4ec5-bb5c-f79627fc299e@group-C25BD028928E-FollowerState: change to CANDIDATE, lastRpcTime:38ms, electionTimeout:38ms
2019-10-15 16:29:41,549 [Thread-917] INFO  impl.RoleInfo (RoleInfo.java:shutdownFollowerState(121)) - f5624850-682f-4ec5-bb5c-f79627fc299e: shutdown FollowerState
2019-10-15 16:29:41,549 [Thread-917] INFO  impl.RaftServerImpl (RaftServerImpl.java:setRole(184)) - f5624850-682f-4ec5-bb5c-f79627fc299e@group-C25BD028928E: changes role from  FOLLOWER to CANDIDATE at term 64 for changeToCandidate
2019-10-15 16:29:41,550 [Thread-917] INFO  impl.RoleInfo (RoleInfo.java:updateAndGet(143)) - f5624850-682f-4ec5-bb5c-f79627fc299e: start LeaderElection
2019-10-15 16:29:41,570 [f5624850-682f-4ec5-bb5c-f79627fc299e@group-C25BD028928E-LeaderElection84] INFO  impl.LeaderElection (LeaderElection.java:askForVotes(178)) - f5624850-682f-4ec5-bb5c-f79627fc299e@group-C25BD028928E-LeaderElection84: begin an election at term 65 for -1: [f581660d-af3d-4f5f-b57d-f4cb54f048b9:192.168.164.239:42501, f5624850-682f-4ec5-bb5c-f79627fc299e:192.168.164.239:39499, 14091fe6-d183-4b46-be93-2ba964a39c73:192.168.164.239:34827], old=null
2019-10-15 16:29:41,572 [grpc-default-executor-1] INFO  impl.RaftServerImpl (RaftServerImpl.java:setRole(184)) - 14091fe6-d183-4b46-be93-2ba964a39c73@group-C25BD028928E: changes role from  FOLLOWER to FOLLOWER at term 65 for recognizeCandidate:f5624850-682f-4ec5-bb5c-f79627fc299e
2019-10-15 16:29:41,572 [grpc-default-executor-0] INFO  impl.RaftServerImpl (RaftServerImpl.java:setRole(184)) - f581660d-af3d-4f5f-b57d-f4cb54f048b9@group-C25BD028928E: changes role from  FOLLOWER to FOLLOWER at term 65 for recognizeCandidate:f5624850-682f-4ec5-bb5c-f79627fc299e
2019-10-15 16:29:41,572 [grpc-default-executor-1] INFO  impl.RoleInfo (RoleInfo.java:shutdownFollowerState(121)) - 14091fe6-d183-4b46-be93-2ba964a39c73: shutdown FollowerState
2019-10-15 16:29:41,572 [grpc-default-executor-0] INFO  impl.RoleInfo (RoleInfo.java:shutdownFollowerState(121)) - f581660d-af3d-4f5f-b57d-f4cb54f048b9: shutdown FollowerState
2019-10-15 16:29:41,573 [Thread-915] INFO  impl.FollowerState (FollowerState.java:run(117)) - 14091fe6-d183-4b46-be93-2ba964a39c73@group-C25BD028928E-FollowerState was interrupted: java.lang.InterruptedException: sleep interrupted
2019-10-15 16:29:41,573 [grpc-default-executor-1] INFO  impl.RoleInfo (RoleInfo.java:updateAndGet(143)) - 14091fe6-d183-4b46-be93-2ba964a39c73: start FollowerState
2019-10-15 16:29:41,573 [Thread-916] INFO  impl.FollowerState (FollowerState.java:run(117)) - f581660d-af3d-4f5f-b57d-f4cb54f048b9@group-C25BD028928E-FollowerState was interrupted: java.lang.InterruptedException: sleep interrupted
2019-10-15 16:29:41,573 [grpc-default-executor-0] INFO  impl.RoleInfo (RoleInfo.java:updateAndGet(143)) - f581660d-af3d-4f5f-b57d-f4cb54f048b9: start FollowerState
2019-10-15 16:29:41,605 [f5624850-682f-4ec5-bb5c-f79627fc299e@group-C25BD028928E-LeaderElection84] INFO  impl.LeaderElection (LeaderElection.java:logAndReturn(56)) - f5624850-682f-4ec5-bb5c-f79627fc299e@group-C25BD028928E-LeaderElection84: Election REJECTED; received 2 response(s) [f5624850-682f-4ec5-bb5c-f79627fc299e<-f581660d-af3d-4f5f-b57d-f4cb54f048b9#0:FAIL-t65, f5624850-682f-4ec5-bb5c-f79627fc299e<-14091fe6-d183-4b46-be93-2ba964a39c73#0:FAIL-t65] and 0 exception(s); f5624850-682f-4ec5-bb5c-f79627fc299e@group-C25BD028928E:t65, leader=null, voted=f5624850-682f-4ec5-bb5c-f79627fc299e, raftlog=f5624850-682f-4ec5-bb5c-f79627fc299e@group-C25BD028928E-SegmentedRaftLog:OPENED:c-1,f-1,i0, conf=-1: [f581660d-af3d-4f5f-b57d-f4cb54f048b9:192.168.164.239:42501, f5624850-682f-4ec5-bb5c-f79627fc299e:192.168.164.239:39499, 14091fe6-d183-4b46-be93-2ba964a39c73:192.168.164.239:34827], old=null
2019-10-15 16:29:41,605 [f5624850-682f-4ec5-bb5c-f79627fc299e@group-C25BD028928E-LeaderElection84] INFO  impl.RaftServerImpl (RaftServerImpl.java:setRole(184)) - f5624850-682f-4ec5-bb5c-f79627fc299e@group-C25BD028928E: changes role from CANDIDATE to FOLLOWER at term 65 for DISCOVERED_A_NEW_TERM
2019-10-15 16:29:41,605 [f5624850-682f-4ec5-bb5c-f79627fc299e@group-C25BD028928E-LeaderElection84] INFO  impl.RoleInfo (RoleInfo.java:shutdownLeaderElection(134)) - f5624850-682f-4ec5-bb5c-f79627fc299e: shutdown LeaderElection
2019-10-15 16:29:41,605 [f5624850-682f-4ec5-bb5c-f79627fc299e@group-C25BD028928E-LeaderElection84] INFO  impl.RoleInfo (RoleInfo.java:updateAndGet(143)) - f5624850-682f-4ec5-bb5c-f79627fc299e: start FollowerState
2019-10-15 16:29:41,783 [Thread-927] INFO  impl.FollowerState (FollowerState.java:run(108)) - f5624850-682f-4ec5-bb5c-f79627fc299e@group-C25BD028928E-FollowerState: change to CANDIDATE, lastRpcTime:178ms, electionTimeout:178ms
2019-10-15 16:29:41,784 [Thread-927] INFO  impl.RoleInfo (RoleInfo.java:shutdownFollowerState(121)) - f5624850-682f-4ec5-bb5c-f79627fc299e: shutdown FollowerState
2019-10-15 16:29:41,784 [Thread-927] INFO  impl.RaftServerImpl (RaftServerImpl.java:setRole(184)) - f5624850-682f-4ec5-bb5c-f79627fc299e@group-C25BD028928E: changes role from  FOLLOWER to CANDIDATE at term 65 for changeToCandidate
2019-10-15 16:29:41,784 [Thread-927] INFO  impl.RoleInfo (RoleInfo.java:updateAndGet(143)) - f5624850-682f-4ec5-bb5c-f79627fc299e: start LeaderElection
2019-10-15 16:29:41,814 [f5624850-682f-4ec5-bb5c-f79627fc299e@group-C25BD028928E-LeaderElection85] INFO  impl.LeaderElection (LeaderElection.java:askForVotes(178)) - f5624850-682f-4ec5-bb5c-f79627fc299e@group-C25BD028928E-LeaderElection85: begin an election at term 66 for -1: [f581660d-af3d-4f5f-b57d-f4cb54f048b9:192.168.164.239:42501, f5624850-682f-4ec5-bb5c-f79627fc299e:192.168.164.239:39499, 14091fe6-d183-4b46-be93-2ba964a39c73:192.168.164.239:34827], old=null
2019-10-15 16:29:41,816 [grpc-default-executor-0] INFO  impl.RaftServerImpl (RaftServerImpl.java:setRole(184)) - 14091fe6-d183-4b46-be93-2ba964a39c73@group-C25BD028928E: changes role from  FOLLOWER to FOLLOWER at term 66 for recognizeCandidate:f5624850-682f-4ec5-bb5c-f79627fc299e
2019-10-15 16:29:41,816 [grpc-default-executor-1] INFO  impl.RaftServerImpl (RaftServerImpl.java:setRole(184)) - f581660d-af3d-4f5f-b57d-f4cb54f048b9@group-C25BD028928E: changes role from  FOLLOWER to FOLLOWER at term 66 for recognizeCandidate:f5624850-682f-4ec5-bb5c-f79627fc299e
2019-10-15 16:29:41,817 [grpc-default-executor-0] INFO  impl.RoleInfo (RoleInfo.java:shutdownFollowerState(121)) - 14091fe6-d183-4b46-be93-2ba964a39c73: shutdown FollowerState
2019-10-15 16:29:41,817 [grpc-default-executor-1] INFO  impl.RoleInfo (RoleInfo.java:shutdownFollowerState(121)) - f581660d-af3d-4f5f-b57d-f4cb54f048b9: shutdown FollowerState
2019-10-15 16:29:41,817 [Thread-925] INFO  impl.FollowerState (FollowerState.java:run(117)) - 14091fe6-d183-4b46-be93-2ba964a39c73@group-C25BD028928E-FollowerState was interrupted: java.lang.InterruptedException: sleep interrupted
2019-10-15 16:29:41,817 [grpc-default-executor-0] INFO  impl.RoleInfo (RoleInfo.java:updateAndGet(143)) - 14091fe6-d183-4b46-be93-2ba964a39c73: start FollowerState
2019-10-15 16:29:41,817 [Thread-926] INFO  impl.FollowerState (FollowerState.java:run(117)) - f581660d-af3d-4f5f-b57d-f4cb54f048b9@group-C25BD028928E-FollowerState was interrupted: java.lang.InterruptedException: sleep interrupted
2019-10-15 16:29:41,817 [grpc-default-executor-1] INFO  impl.RoleInfo (RoleInfo.java:updateAndGet(143)) - f581660d-af3d-4f5f-b57d-f4cb54f048b9: start FollowerState
2019-10-15 16:29:41,849 [f5624850-682f-4ec5-bb5c-f79627fc299e@group-C25BD028928E-LeaderElection85] INFO  impl.LeaderElection (LeaderElection.java:logAndReturn(56)) - f5624850-682f-4ec5-bb5c-f79627fc299e@group-C25BD028928E-LeaderElection85: Election REJECTED; received 2 response(s) [f5624850-682f-4ec5-bb5c-f79627fc299e<-f581660d-af3d-4f5f-b57d-f4cb54f048b9#0:FAIL-t66, f5624850-682f-4ec5-bb5c-f79627fc299e<-14091fe6-d183-4b46-be93-2ba964a39c73#0:FAIL-t66] and 0 exception(s); f5624850-682f-4ec5-bb5c-f79627fc299e@group-C25BD028928E:t66, leader=null, voted=f5624850-682f-4ec5-bb5c-f79627fc299e, raftlog=f5624850-682f-4ec5-bb5c-f79627fc299e@group-C25BD028928E-SegmentedRaftLog:OPENED:c-1,f-1,i0, conf=-1: [f581660d-af3d-4f5f-b57d-f4cb54f048b9:192.168.164.239:42501, f5624850-682f-4ec5-bb5c-f79627fc299e:192.168.164.239:39499, 14091fe6-d183-4b46-be93-2ba964a39c73:192.168.164.239:34827], old=null
2019-10-15 16:29:41,849 [f5624850-682f-4ec5-bb5c-f79627fc299e@group-C25BD028928E-LeaderElection85] INFO  impl.RaftServerImpl (RaftServerImpl.java:setRole(184)) - f5624850-682f-4ec5-bb5c-f79627fc299e@group-C25BD028928E: changes role from CANDIDATE to FOLLOWER at term 66 for DISCOVERED_A_NEW_TERM
2019-10-15 16:29:41,849 [f5624850-682f-4ec5-bb5c-f79627fc299e@group-C25BD028928E-LeaderElection85] INFO  impl.RoleInfo (RoleInfo.java:shutdownLeaderElection(134)) - f5624850-682f-4ec5-bb5c-f79627fc299e: shutdown LeaderElection
2019-10-15 16:29:41,849 [f5624850-682f-4ec5-bb5c-f79627fc299e@group-C25BD028928E-LeaderElection85] INFO  impl.RoleInfo (RoleInfo.java:updateAndGet(143)) - f5624850-682f-4ec5-bb5c-f79627fc299e: start FollowerState
2019-10-15 16:29:41,929 [Thread-933] INFO  impl.FollowerState (FollowerState.java:run(108)) - f5624850-682f-4ec5-bb5c-f79627fc299e@group-C25BD028928E-FollowerState: change to CANDIDATE, lastRpcTime:79ms, electionTimeout:79ms
2019-10-15 16:29:41,929 [Thread-933] INFO  impl.RoleInfo (RoleInfo.java:shutdownFollowerState(121)) - f5624850-682f-4ec5-bb5c-f79627fc299e: shutdown FollowerState
2019-10-15 16:29:41,929 [Thread-933] INFO  impl.RaftServerImpl (RaftServerImpl.java:setRole(184)) - f5624850-682f-4ec5-bb5c-f79627fc299e@group-C25BD028928E: changes role from  FOLLOWER to CANDIDATE at term 66 for changeToCandidate
2019-10-15 16:29:41,930 [Thread-933] INFO  impl.RoleInfo (RoleInfo.java:updateAndGet(143)) - f5624850-682f-4ec5-bb5c-f79627fc299e: start LeaderElection
2019-10-15 16:29:41,957 [f5624850-682f-4ec5-bb5c-f79627fc299e@group-C25BD028928E-LeaderElection86] INFO  impl.LeaderElection (LeaderElection.java:askForVotes(178)) - f5624850-682f-4ec5-bb5c-f79627fc299e@group-C25BD028928E-LeaderElection86: begin an election at term 67 for -1: [f581660d-af3d-4f5f-b57d-f4cb54f048b9:192.168.164.239:42501, f5624850-682f-4ec5-bb5c-f79627fc299e:192.168.164.239:39499, 14091fe6-d183-4b46-be93-2ba964a39c73:192.168.164.239:34827], old=null
2019-10-15 16:29:41,960 [grpc-default-executor-1] INFO  impl.RaftServerImpl (RaftServerImpl.java:setRole(184)) - 14091fe6-d183-4b46-be93-2ba964a39c73@group-C25BD028928E: changes role from  FOLLOWER to FOLLOWER at term 67 for recognizeCandidate:f5624850-682f-4ec5-bb5c-f79627fc299e
2019-10-15 16:29:41,960 [grpc-default-executor-0] INFO  impl.RaftServerImpl (RaftServerImpl.java:setRole(184)) - f581660d-af3d-4f5f-b57d-f4cb54f048b9@group-C25BD028928E: changes role from  FOLLOWER to FOLLOWER at term 67 for recognizeCandidate:f5624850-682f-4ec5-bb5c-f79627fc299e
2019-10-15 16:29:41,960 [grpc-default-executor-1] INFO  impl.RoleInfo (RoleInfo.java:shutdownFollowerState(121)) - 14091fe6-d183-4b46-be93-2ba964a39c73: shutdown FollowerState
2019-10-15 16:29:41,961 [grpc-default-executor-0] INFO  impl.RoleInfo (RoleInfo.java:shutdownFollowerState(121)) - f581660d-af3d-4f5f-b57d-f4cb54f048b9: shutdown FollowerState
2019-10-15 16:29:41,961 [grpc-default-executor-1] INFO  impl.RoleInfo (RoleInfo.java:updateAndGet(143)) - 14091fe6-d183-4b46-be93-2ba964a39c73: start FollowerState
2019-10-15 16:29:41,961 [Thread-931] INFO  impl.FollowerState (FollowerState.java:run(117)) - 14091fe6-d183-4b46-be93-2ba964a39c73@group-C25BD028928E-FollowerState was interrupted: java.lang.InterruptedException: sleep interrupted
2019-10-15 16:29:41,961 [Thread-932] INFO  impl.FollowerState (FollowerState.java:run(117)) - f581660d-af3d-4f5f-b57d-f4cb54f048b9@group-C25BD028928E-FollowerState was interrupted: java.lang.InterruptedException: sleep interrupted
2019-10-15 16:29:41,961 [grpc-default-executor-0] INFO  impl.RoleInfo (RoleInfo.java:updateAndGet(143)) - f581660d-af3d-4f5f-b57d-f4cb54f048b9: start FollowerState
2019-10-15 16:29:41,976 [f5624850-682f-4ec5-bb5c-f79627fc299e@group-C25BD028928E-LeaderElection86] INFO  impl.LeaderElection (LeaderElection.java:logAndReturn(56)) - f5624850-682f-4ec5-bb5c-f79627fc299e@group-C25BD028928E-LeaderElection86: Election REJECTED; received 2 response(s) [f5624850-682f-4ec5-bb5c-f79627fc299e<-f581660d-af3d-4f5f-b57d-f4cb54f048b9#0:FAIL-t67, f5624850-682f-4ec5-bb5c-f79627fc299e<-14091fe6-d183-4b46-be93-2ba964a39c73#0:FAIL-t67] and 0 exception(s); f5624850-682f-4ec5-bb5c-f79627fc299e@group-C25BD028928E:t67, leader=null, voted=f5624850-682f-4ec5-bb5c-f79627fc299e, raftlog=f5624850-682f-4ec5-bb5c-f79627fc299e@group-C25BD028928E-SegmentedRaftLog:OPENED:c-1,f-1,i0, conf=-1: [f581660d-af3d-4f5f-b57d-f4cb54f048b9:192.168.164.239:42501, f5624850-682f-4ec5-bb5c-f79627fc299e:192.168.164.239:39499, 14091fe6-d183-4b46-be93-2ba964a39c73:192.168.164.239:34827], old=null
2019-10-15 16:29:41,976 [f5624850-682f-4ec5-bb5c-f79627fc299e@group-C25BD028928E-LeaderElection86] INFO  impl.RaftServerImpl (RaftServerImpl.java:setRole(184)) - f5624850-682f-4ec5-bb5c-f79627fc299e@group-C25BD028928E: changes role from CANDIDATE to FOLLOWER at term 67 for DISCOVERED_A_NEW_TERM
2019-10-15 16:29:41,977 [f5624850-682f-4ec5-bb5c-f79627fc299e@group-C25BD028928E-LeaderElection86] INFO  impl.RoleInfo (RoleInfo.java:shutdownLeaderElection(134)) - f5624850-682f-4ec5-bb5c-f79627fc299e: shutdown LeaderElection
2019-10-15 16:29:41,977 [f5624850-682f-4ec5-bb5c-f79627fc299e@group-C25BD028928E-LeaderElection86] INFO  impl.RoleInfo (RoleInfo.java:updateAndGet(143)) - f5624850-682f-4ec5-bb5c-f79627fc299e: start FollowerState
2019-10-15 16:29:42,105 [Thread-941] INFO  impl.FollowerState (FollowerState.java:run(108)) - f5624850-682f-4ec5-bb5c-f79627fc299e@group-C25BD028928E-FollowerState: change to CANDIDATE, lastRpcTime:128ms, electionTimeout:128ms
2019-10-15 16:29:42,106 [Thread-941] INFO  impl.RoleInfo (RoleInfo.java:shutdownFollowerState(121)) - f5624850-682f-4ec5-bb5c-f79627fc299e: shutdown FollowerState
2019-10-15 16:29:42,106 [Thread-941] INFO  impl.RaftServerImpl (RaftServerImpl.java:setRole(184)) - f5624850-682f-4ec5-bb5c-f79627fc299e@group-C25BD028928E: changes role from  FOLLOWER to CANDIDATE at term 67 for changeToCandidate
2019-10-15 16:29:42,106 [Thread-941] INFO  impl.RoleInfo (RoleInfo.java:updateAndGet(143)) - f5624850-682f-4ec5-bb5c-f79627fc299e: start LeaderElection
2019-10-15 16:29:42,151 [f5624850-682f-4ec5-bb5c-f79627fc299e@group-C25BD028928E-LeaderElection87] INFO  impl.LeaderElection (LeaderElection.java:askForVotes(178)) - f5624850-682f-4ec5-bb5c-f79627fc299e@group-C25BD028928E-LeaderElection87: begin an election at term 68 for -1: [f581660d-af3d-4f5f-b57d-f4cb54f048b9:192.168.164.239:42501, f5624850-682f-4ec5-bb5c-f79627fc299e:192.168.164.239:39499, 14091fe6-d183-4b46-be93-2ba964a39c73:192.168.164.239:34827], old=null
2019-10-15 16:29:42,154 [grpc-default-executor-4] INFO  impl.RaftServerImpl (RaftServerImpl.java:setRole(184)) - f581660d-af3d-4f5f-b57d-f4cb54f048b9@group-C25BD028928E: changes role from  FOLLOWER to FOLLOWER at term 68 for recognizeCandidate:f5624850-682f-4ec5-bb5c-f79627fc299e
2019-10-15 16:29:42,154 [grpc-default-executor-4] INFO  impl.RoleInfo (RoleInfo.java:shutdownFollowerState(121)) - f581660d-af3d-4f5f-b57d-f4cb54f048b9: shutdown FollowerState
2019-10-15 16:29:42,154 [grpc-default-executor-10] INFO  impl.RaftServerImpl (RaftServerImpl.java:setRole(184)) - 14091fe6-d183-4b46-be93-2ba964a39c73@group-C25BD028928E: changes role from  FOLLOWER to FOLLOWER at term 68 for recognizeCandidate:f5624850-682f-4ec5-bb5c-f79627fc299e
2019-10-15 16:29:42,155 [Thread-940] INFO  impl.FollowerState (FollowerState.java:run(117)) - f581660d-af3d-4f5f-b57d-f4cb54f048b9@group-C25BD028928E-FollowerState was interrupted: java.lang.InterruptedException: sleep interrupted
2019-10-15 16:29:42,155 [grpc-default-executor-4] INFO  impl.RoleInfo (RoleInfo.java:updateAndGet(143)) - f581660d-af3d-4f5f-b57d-f4cb54f048b9: start FollowerState
2019-10-15 16:29:42,155 [grpc-default-executor-10] INFO  impl.RoleInfo (RoleInfo.java:shutdownFollowerState(121)) - 14091fe6-d183-4b46-be93-2ba964a39c73: shutdown FollowerState
2019-10-15 16:29:42,155 [grpc-default-executor-10] INFO  impl.RoleInfo (RoleInfo.java:updateAndGet(143)) - 14091fe6-d183-4b46-be93-2ba964a39c73: start FollowerState
2019-10-15 16:29:42,155 [Thread-939] INFO  impl.FollowerState (FollowerState.java:run(117)) - 14091fe6-d183-4b46-be93-2ba964a39c73@group-C25BD028928E-FollowerState was interrupted: java.lang.InterruptedException: sleep interrupted
2019-10-15 16:29:42,177 [f5624850-682f-4ec5-bb5c-f79627fc299e@group-C25BD028928E-LeaderElection87] INFO  impl.LeaderElection (LeaderElection.java:logAndReturn(56)) - f5624850-682f-4ec5-bb5c-f79627fc299e@group-C25BD028928E-LeaderElection87: Election REJECTED; received 2 response(s) [f5624850-682f-4ec5-bb5c-f79627fc299e<-f581660d-af3d-4f5f-b57d-f4cb54f048b9#0:FAIL-t68, f5624850-682f-4ec5-bb5c-f79627fc299e<-14091fe6-d183-4b46-be93-2ba964a39c73#0:FAIL-t68] and 0 exception(s); f5624850-682f-4ec5-bb5c-f79627fc299e@group-C25BD028928E:t68, leader=null, voted=f5624850-682f-4ec5-bb5c-f79627fc299e, raftlog=f5624850-682f-4ec5-bb5c-f79627fc299e@group-C25BD028928E-SegmentedRaftLog:OPENED:c-1,f-1,i0, conf=-1: [f581660d-af3d-4f5f-b57d-f4cb54f048b9:192.168.164.239:42501, f5624850-682f-4ec5-bb5c-f79627fc299e:192.168.164.239:39499, 14091fe6-d183-4b46-be93-2ba964a39c73:192.168.164.239:34827], old=null
2019-10-15 16:29:42,178 [f5624850-682f-4ec5-bb5c-f79627fc299e@group-C25BD028928E-LeaderElection87] INFO  impl.RaftServerImpl (RaftServerImpl.java:setRole(184)) - f5624850-682f-4ec5-bb5c-f79627fc299e@group-C25BD028928E: changes role from CANDIDATE to FOLLOWER at term 68 for DISCOVERED_A_NEW_TERM
2019-10-15 16:29:42,178 [f5624850-682f-4ec5-bb5c-f79627fc299e@group-C25BD028928E-LeaderElection87] INFO  impl.RoleInfo (RoleInfo.java:shutdownLeaderElection(134)) - f5624850-682f-4ec5-bb5c-f79627fc299e: shutdown LeaderElection
2019-10-15 16:29:42,178 [f5624850-682f-4ec5-bb5c-f79627fc299e@group-C25BD028928E-LeaderElection87] INFO  impl.RoleInfo (RoleInfo.java:updateAndGet(143)) - f5624850-682f-4ec5-bb5c-f79627fc299e: start FollowerState
2019-10-15 16:29:42,296 [Thread-951] INFO  impl.FollowerState (FollowerState.java:run(108)) - f5624850-682f-4ec5-bb5c-f79627fc299e@group-C25BD028928E-FollowerState: change to CANDIDATE, lastRpcTime:118ms, electionTimeout:118ms
2019-10-15 16:29:42,296 [Thread-951] INFO  impl.RoleInfo (RoleInfo.java:shutdownFollowerState(121)) - f5624850-682f-4ec5-bb5c-f79627fc299e: shutdown FollowerState
2019-10-15 16:29:42,297 [Thread-951] INFO  impl.RaftServerImpl (RaftServerImpl.java:setRole(184)) - f5624850-682f-4ec5-bb5c-f79627fc299e@group-C25BD028928E: changes role from  FOLLOWER to CANDIDATE at term 68 for changeToCandidate
2019-10-15 16:29:42,297 [Thread-951] INFO  impl.RoleInfo (RoleInfo.java:updateAndGet(143)) - f5624850-682f-4ec5-bb5c-f79627fc299e: start LeaderElection
2019-10-15 16:29:42,377 [f5624850-682f-4ec5-bb5c-f79627fc299e@group-C25BD028928E-LeaderElection88] INFO  impl.LeaderElection (LeaderElection.java:askForVotes(178)) - f5624850-682f-4ec5-bb5c-f79627fc299e@group-C25BD028928E-LeaderElection88: begin an election at term 69 for -1: [f581660d-af3d-4f5f-b57d-f4cb54f048b9:192.168.164.239:42501, f5624850-682f-4ec5-bb5c-f79627fc299e:192.168.164.239:39499, 14091fe6-d183-4b46-be93-2ba964a39c73:192.168.164.239:34827], old=null
2019-10-15 16:29:42,380 [grpc-default-executor-10] INFO  impl.RaftServerImpl (RaftServerImpl.java:setRole(184)) - f581660d-af3d-4f5f-b57d-f4cb54f048b9@group-C25BD028928E: changes role from  FOLLOWER to FOLLOWER at term 69 for recognizeCandidate:f5624850-682f-4ec5-bb5c-f79627fc299e
2019-10-15 16:29:42,380 [grpc-default-executor-10] INFO  impl.RoleInfo (RoleInfo.java:shutdownFollowerState(121)) - f581660d-af3d-4f5f-b57d-f4cb54f048b9: shutdown FollowerState
2019-10-15 16:29:42,380 [grpc-default-executor-4] INFO  impl.RaftServerImpl (RaftServerImpl.java:setRole(184)) - 14091fe6-d183-4b46-be93-2ba964a39c73@group-C25BD028928E: changes role from  FOLLOWER to FOLLOWER at term 69 for recognizeCandidate:f5624850-682f-4ec5-bb5c-f79627fc299e
2019-10-15 16:29:42,380 [Thread-949] INFO  impl.FollowerState (FollowerState.java:run(117)) - f581660d-af3d-4f5f-b57d-f4cb54f048b9@group-C25BD028928E-FollowerState was interrupted: java.lang.InterruptedException: sleep interrupted
2019-10-15 16:29:42,380 [grpc-default-executor-10] INFO  impl.RoleInfo (RoleInfo.java:updateAndGet(143)) - f581660d-af3d-4f5f-b57d-f4cb54f048b9: start FollowerState
2019-10-15 16:29:42,380 [grpc-default-executor-4] INFO  impl.RoleInfo (RoleInfo.java:shutdownFollowerState(121)) - 14091fe6-d183-4b46-be93-2ba964a39c73: shutdown FollowerState
2019-10-15 16:29:42,381 [grpc-default-executor-4] INFO  impl.RoleInfo (RoleInfo.java:updateAndGet(143)) - 14091fe6-d183-4b46-be93-2ba964a39c73: start FollowerState
2019-10-15 16:29:42,381 [Thread-950] INFO  impl.FollowerState (FollowerState.java:run(117)) - 14091fe6-d183-4b46-be93-2ba964a39c73@group-C25BD028928E-FollowerState was interrupted: java.lang.InterruptedException: sleep interrupted
2019-10-15 16:29:42,421 [f5624850-682f-4ec5-bb5c-f79627fc299e@group-C25BD028928E-LeaderElection88] INFO  impl.LeaderElection (LeaderElection.java:logAndReturn(56)) - f5624850-682f-4ec5-bb5c-f79627fc299e@group-C25BD028928E-LeaderElection88: Election REJECTED; received 2 response(s) [f5624850-682f-4ec5-bb5c-f79627fc299e<-f581660d-af3d-4f5f-b57d-f4cb54f048b9#0:FAIL-t69, f5624850-682f-4ec5-bb5c-f79627fc299e<-14091fe6-d183-4b46-be93-2ba964a39c73#0:FAIL-t69] and 0 exception(s); f5624850-682f-4ec5-bb5c-f79627fc299e@group-C25BD028928E:t69, leader=null, voted=f5624850-682f-4ec5-bb5c-f79627fc299e, raftlog=f5624850-682f-4ec5-bb5c-f79627fc299e@group-C25BD028928E-SegmentedRaftLog:OPENED:c-1,f-1,i0, conf=-1: [f581660d-af3d-4f5f-b57d-f4cb54f048b9:192.168.164.239:42501, f5624850-682f-4ec5-bb5c-f79627fc299e:192.168.164.239:39499, 14091fe6-d183-4b46-be93-2ba964a39c73:192.168.164.239:34827], old=null
2019-10-15 16:29:42,421 [f5624850-682f-4ec5-bb5c-f79627fc299e@group-C25BD028928E-LeaderElection88] INFO  impl.RaftServerImpl (RaftServerImpl.java:setRole(184)) - f5624850-682f-4ec5-bb5c-f79627fc299e@group-C25BD028928E: changes role from CANDIDATE to FOLLOWER at term 69 for DISCOVERED_A_NEW_TERM
2019-10-15 16:29:42,421 [f5624850-682f-4ec5-bb5c-f79627fc299e@group-C25BD028928E-LeaderElection88] INFO  impl.RoleInfo (RoleInfo.java:shutdownLeaderElection(134)) - f5624850-682f-4ec5-bb5c-f79627fc299e: shutdown LeaderElection
2019-10-15 16:29:42,421 [f5624850-682f-4ec5-bb5c-f79627fc299e@group-C25BD028928E-LeaderElection88] INFO  impl.RoleInfo (RoleInfo.java:updateAndGet(143)) - f5624850-682f-4ec5-bb5c-f79627fc299e: start FollowerState
2019-10-15 16:29:42,481 [Thread-957] INFO  impl.FollowerState (FollowerState.java:run(108)) - f5624850-682f-4ec5-bb5c-f79627fc299e@group-C25BD028928E-FollowerState: change to CANDIDATE, lastRpcTime:59ms, electionTimeout:59ms
2019-10-15 16:29:42,481 [Thread-957] INFO  impl.RoleInfo (RoleInfo.java:shutdownFollowerState(121)) - f5624850-682f-4ec5-bb5c-f79627fc299e: shutdown FollowerState
2019-10-15 16:29:42,481 [Thread-957] INFO  impl.RaftServerImpl (RaftServerImpl.java:setRole(184)) - f5624850-682f-4ec5-bb5c-f79627fc299e@group-C25BD028928E: changes role from  FOLLOWER to CANDIDATE at term 69 for changeToCandidate
2019-10-15 16:29:42,481 [Thread-957] INFO  impl.RoleInfo (RoleInfo.java:updateAndGet(143)) - f5624850-682f-4ec5-bb5c-f79627fc299e: start LeaderElection
2019-10-15 16:29:42,512 [f5624850-682f-4ec5-bb5c-f79627fc299e@group-C25BD028928E-LeaderElection89] INFO  impl.LeaderElection (LeaderElection.java:askForVotes(178)) - f5624850-682f-4ec5-bb5c-f79627fc299e@group-C25BD028928E-LeaderElection89: begin an election at term 70 for -1: [f581660d-af3d-4f5f-b57d-f4cb54f048b9:192.168.164.239:42501, f5624850-682f-4ec5-bb5c-f79627fc299e:192.168.164.239:39499, 14091fe6-d183-4b46-be93-2ba964a39c73:192.168.164.239:34827], old=null
2019-10-15 16:29:42,515 [grpc-default-executor-4] INFO  impl.RaftServerImpl (RaftServerImpl.java:setRole(184)) - f581660d-af3d-4f5f-b57d-f4cb54f048b9@group-C25BD028928E: changes role from  FOLLOWER to FOLLOWER at term 70 for recognizeCandidate:f5624850-682f-4ec5-bb5c-f79627fc299e
2019-10-15 16:29:42,515 [grpc-default-executor-4] INFO  impl.RoleInfo (RoleInfo.java:shutdownFollowerState(121)) - f581660d-af3d-4f5f-b57d-f4cb54f048b9: shutdown FollowerState
2019-10-15 16:29:42,515 [grpc-default-executor-10] INFO  impl.RaftServerImpl (RaftServerImpl.java:setRole(184)) - 14091fe6-d183-4b46-be93-2ba964a39c73@group-C25BD028928E: changes role from  FOLLOWER to FOLLOWER at term 70 for recognizeCandidate:f5624850-682f-4ec5-bb5c-f79627fc299e
2019-10-15 16:29:42,515 [Thread-955] INFO  impl.FollowerState (FollowerState.java:run(117)) - f581660d-af3d-4f5f-b57d-f4cb54f048b9@group-C25BD028928E-FollowerState was interrupted: java.lang.InterruptedException: sleep interrupted
2019-10-15 16:29:42,515 [grpc-default-executor-4] INFO  impl.RoleInfo (RoleInfo.java:updateAndGet(143)) - f581660d-af3d-4f5f-b57d-f4cb54f048b9: start FollowerState
2019-10-15 16:29:42,515 [grpc-default-executor-10] INFO  impl.RoleInfo (RoleInfo.java:shutdownFollowerState(121)) - 14091fe6-d183-4b46-be93-2ba964a39c73: shutdown FollowerState
2019-10-15 16:29:42,516 [Thread-956] INFO  impl.FollowerState (FollowerState.java:run(117)) - 14091fe6-d183-4b46-be93-2ba964a39c73@group-C25BD028928E-FollowerState was interrupted: java.lang.InterruptedException: sleep interrupted
2019-10-15 16:29:42,516 [grpc-default-executor-10] INFO  impl.RoleInfo (RoleInfo.java:updateAndGet(143)) - 14091fe6-d183-4b46-be93-2ba964a39c73: start FollowerState
2019-10-15 16:29:42,525 [f5624850-682f-4ec5-bb5c-f79627fc299e@group-C25BD028928E-LeaderElection89] INFO  impl.LeaderElection (LeaderElection.java:logAndReturn(56)) - f5624850-682f-4ec5-bb5c-f79627fc299e@group-C25BD028928E-LeaderElection89: Election TIMEOUT; received 0 response(s) [] and 0 exception(s); f5624850-682f-4ec5-bb5c-f79627fc299e@group-C25BD028928E:t70, leader=null, voted=f5624850-682f-4ec5-bb5c-f79627fc299e, raftlog=f5624850-682f-4ec5-bb5c-f79627fc299e@group-C25BD028928E-SegmentedRaftLog:OPENED:c-1,f-1,i0, conf=-1: [f581660d-af3d-4f5f-b57d-f4cb54f048b9:192.168.164.239:42501, f5624850-682f-4ec5-bb5c-f79627fc299e:192.168.164.239:39499, 14091fe6-d183-4b46-be93-2ba964a39c73:192.168.164.239:34827], old=null
2019-10-15 16:29:42,537 [f5624850-682f-4ec5-bb5c-f79627fc299e@group-C25BD028928E-LeaderElection89] INFO  impl.LeaderElection (LeaderElection.java:askForVotes(178)) - f5624850-682f-4ec5-bb5c-f79627fc299e@group-C25BD028928E-LeaderElection89: begin an election at term 71 for -1: [f581660d-af3d-4f5f-b57d-f4cb54f048b9:192.168.164.239:42501, f5624850-682f-4ec5-bb5c-f79627fc299e:192.168.164.239:39499, 14091fe6-d183-4b46-be93-2ba964a39c73:192.168.164.239:34827], old=null
2019-10-15 16:29:42,539 [grpc-default-executor-4] INFO  impl.RaftServerImpl (RaftServerImpl.java:setRole(184)) - f581660d-af3d-4f5f-b57d-f4cb54f048b9@group-C25BD028928E: changes role from  FOLLOWER to FOLLOWER at term 71 for recognizeCandidate:f5624850-682f-4ec5-bb5c-f79627fc299e
2019-10-15 16:29:42,539 [grpc-default-executor-4] INFO  impl.RoleInfo (RoleInfo.java:shutdownFollowerState(121)) - f581660d-af3d-4f5f-b57d-f4cb54f048b9: shutdown FollowerState
2019-10-15 16:29:42,540 [grpc-default-executor-10] INFO  impl.RaftServerImpl (RaftServerImpl.java:setRole(184)) - 14091fe6-d183-4b46-be93-2ba964a39c73@group-C25BD028928E: changes role from  FOLLOWER to FOLLOWER at term 71 for recognizeCandidate:f5624850-682f-4ec5-bb5c-f79627fc299e
2019-10-15 16:29:42,540 [Thread-961] INFO  impl.FollowerState (FollowerState.java:run(117)) - f581660d-af3d-4f5f-b57d-f4cb54f048b9@group-C25BD028928E-FollowerState was interrupted: java.lang.InterruptedException: sleep interrupted
2019-10-15 16:29:42,540 [grpc-default-executor-4] INFO  impl.RoleInfo (RoleInfo.java:updateAndGet(143)) - f581660d-af3d-4f5f-b57d-f4cb54f048b9: start FollowerState
2019-10-15 16:29:42,540 [grpc-default-executor-10] INFO  impl.RoleInfo (RoleInfo.java:shutdownFollowerState(121)) - 14091fe6-d183-4b46-be93-2ba964a39c73: shutdown FollowerState
2019-10-15 16:29:42,540 [grpc-default-executor-10] INFO  impl.RoleInfo (RoleInfo.java:updateAndGet(143)) - 14091fe6-d183-4b46-be93-2ba964a39c73: start FollowerState
2019-10-15 16:29:42,540 [Thread-962] INFO  impl.FollowerState (FollowerState.java:run(117)) - 14091fe6-d183-4b46-be93-2ba964a39c73@group-C25BD028928E-FollowerState was interrupted: java.lang.InterruptedException: sleep interrupted
2019-10-15 16:29:42,564 [f5624850-682f-4ec5-bb5c-f79627fc299e@group-C25BD028928E-LeaderElection89] INFO  impl.LeaderElection (LeaderElection.java:logAndReturn(56)) - f5624850-682f-4ec5-bb5c-f79627fc299e@group-C25BD028928E-LeaderElection89: Election REJECTED; received 2 response(s) [f5624850-682f-4ec5-bb5c-f79627fc299e<-f581660d-af3d-4f5f-b57d-f4cb54f048b9#0:FAIL-t71, f5624850-682f-4ec5-bb5c-f79627fc299e<-14091fe6-d183-4b46-be93-2ba964a39c73#0:FAIL-t71] and 0 exception(s); f5624850-682f-4ec5-bb5c-f79627fc299e@group-C25BD028928E:t71, leader=null, voted=f5624850-682f-4ec5-bb5c-f79627fc299e, raftlog=f5624850-682f-4ec5-bb5c-f79627fc299e@group-C25BD028928E-SegmentedRaftLog:OPENED:c-1,f-1,i0, conf=-1: [f581660d-af3d-4f5f-b57d-f4cb54f048b9:192.168.164.239:42501, f5624850-682f-4ec5-bb5c-f79627fc299e:192.168.164.239:39499, 14091fe6-d183-4b46-be93-2ba964a39c73:192.168.164.239:34827], old=null
2019-10-15 16:29:42,564 [f5624850-682f-4ec5-bb5c-f79627fc299e@group-C25BD028928E-LeaderElection89] INFO  impl.RaftServerImpl (RaftServerImpl.java:setRole(184)) - f5624850-682f-4ec5-bb5c-f79627fc299e@group-C25BD028928E: changes role from CANDIDATE to FOLLOWER at term 71 for DISCOVERED_A_NEW_TERM
2019-10-15 16:29:42,564 [f5624850-682f-4ec5-bb5c-f79627fc299e@group-C25BD028928E-LeaderElection89] INFO  impl.RoleInfo (RoleInfo.java:shutdownLeaderElection(134)) - f5624850-682f-4ec5-bb5c-f79627fc299e: shutdown LeaderElection
2019-10-15 16:29:42,564 [f5624850-682f-4ec5-bb5c-f79627fc299e@group-C25BD028928E-LeaderElection89] INFO  impl.RoleInfo (RoleInfo.java:updateAndGet(143)) - f5624850-682f-4ec5-bb5c-f79627fc299e: start FollowerState
2019-10-15 16:29:42,647 [Thread-971] INFO  impl.FollowerState (FollowerState.java:run(108)) - f5624850-682f-4ec5-bb5c-f79627fc299e@group-C25BD028928E-FollowerState: change to CANDIDATE, lastRpcTime:82ms, electionTimeout:82ms
2019-10-15 16:29:42,647 [Thread-971] INFO  impl.RoleInfo (RoleInfo.java:shutdownFollowerState(121)) - f5624850-682f-4ec5-bb5c-f79627fc299e: shutdown FollowerState
2019-10-15 16:29:42,647 [Thread-971] INFO  impl.RaftServerImpl (RaftServerImpl.java:setRole(184)) - f5624850-682f-4ec5-bb5c-f79627fc299e@group-C25BD028928E: changes role from  FOLLOWER to CANDIDATE at term 71 for changeToCandidate
2019-10-15 16:29:42,647 [Thread-971] INFO  impl.RoleInfo (RoleInfo.java:updateAndGet(143)) - f5624850-682f-4ec5-bb5c-f79627fc299e: start LeaderElection
2019-10-15 16:29:42,698 [f5624850-682f-4ec5-bb5c-f79627fc299e@group-C25BD028928E-LeaderElection90] INFO  impl.LeaderElection (LeaderElection.java:askForVotes(178)) - f5624850-682f-4ec5-bb5c-f79627fc299e@group-C25BD028928E-LeaderElection90: begin an election at term 72 for -1: [f581660d-af3d-4f5f-b57d-f4cb54f048b9:192.168.164.239:42501, f5624850-682f-4ec5-bb5c-f79627fc299e:192.168.164.239:39499, 14091fe6-d183-4b46-be93-2ba964a39c73:192.168.164.239:34827], old=null
2019-10-15 16:29:42,701 [grpc-default-executor-4] INFO  impl.RaftServerImpl (RaftServerImpl.java:setRole(184)) - 14091fe6-d183-4b46-be93-2ba964a39c73@group-C25BD028928E: changes role from  FOLLOWER to FOLLOWER at term 72 for recognizeCandidate:f5624850-682f-4ec5-bb5c-f79627fc299e
2019-10-15 16:29:42,701 [grpc-default-executor-10] INFO  impl.RaftServerImpl (RaftServerImpl.java:setRole(184)) - f581660d-af3d-4f5f-b57d-f4cb54f048b9@group-C25BD028928E: changes role from  FOLLOWER to FOLLOWER at term 72 for recognizeCandidate:f5624850-682f-4ec5-bb5c-f79627fc299e
2019-10-15 16:29:42,701 [grpc-default-executor-4] INFO  impl.RoleInfo (RoleInfo.java:shutdownFollowerState(121)) - 14091fe6-d183-4b46-be93-2ba964a39c73: shutdown FollowerState
2019-10-15 16:29:42,701 [grpc-default-executor-10] INFO  impl.RoleInfo (RoleInfo.java:shutdownFollowerState(121)) - f581660d-af3d-4f5f-b57d-f4cb54f048b9: shutdown FollowerState
2019-10-15 16:29:42,702 [grpc-default-executor-4] INFO  impl.RoleInfo (RoleInfo.java:updateAndGet(143)) - 14091fe6-d183-4b46-be93-2ba964a39c73: start FollowerState
2019-10-15 16:29:42,702 [Thread-970] INFO  impl.FollowerState (FollowerState.java:run(117)) - 14091fe6-d183-4b46-be93-2ba964a39c73@group-C25BD028928E-FollowerState was interrupted: java.lang.InterruptedException: sleep interrupted
2019-10-15 16:29:42,702 [grpc-default-executor-10] INFO  impl.RoleInfo (RoleInfo.java:updateAndGet(143)) - f581660d-af3d-4f5f-b57d-f4cb54f048b9: start FollowerState
2019-10-15 16:29:42,702 [Thread-969] INFO  impl.FollowerState (FollowerState.java:run(117)) - f581660d-af3d-4f5f-b57d-f4cb54f048b9@group-C25BD028928E-FollowerState was interrupted: java.lang.InterruptedException: sleep interrupted
2019-10-15 16:29:42,731 [f5624850-682f-4ec5-bb5c-f79627fc299e@group-C25BD028928E-LeaderElection90] INFO  impl.LeaderElection (LeaderElection.java:logAndReturn(56)) - f5624850-682f-4ec5-bb5c-f79627fc299e@group-C25BD028928E-LeaderElection90: Election REJECTED; received 2 response(s) [f5624850-682f-4ec5-bb5c-f79627fc299e<-f581660d-af3d-4f5f-b57d-f4cb54f048b9#0:FAIL-t72, f5624850-682f-4ec5-bb5c-f79627fc299e<-14091fe6-d183-4b46-be93-2ba964a39c73#0:FAIL-t72] and 0 exception(s); f5624850-682f-4ec5-bb5c-f79627fc299e@group-C25BD028928E:t72, leader=null, voted=f5624850-682f-4ec5-bb5c-f79627fc299e, raftlog=f5624850-682f-4ec5-bb5c-f79627fc299e@group-C25BD028928E-SegmentedRaftLog:OPENED:c-1,f-1,i0, conf=-1: [f581660d-af3d-4f5f-b57d-f4cb54f048b9:192.168.164.239:42501, f5624850-682f-4ec5-bb5c-f79627fc299e:192.168.164.239:39499, 14091fe6-d183-4b46-be93-2ba964a39c73:192.168.164.239:34827], old=null
2019-10-15 16:29:42,732 [f5624850-682f-4ec5-bb5c-f79627fc299e@group-C25BD028928E-LeaderElection90] INFO  impl.RaftServerImpl (RaftServerImpl.java:setRole(184)) - f5624850-682f-4ec5-bb5c-f79627fc299e@group-C25BD028928E: changes role from CANDIDATE to FOLLOWER at term 72 for DISCOVERED_A_NEW_TERM
2019-10-15 16:29:42,732 [f5624850-682f-4ec5-bb5c-f79627fc299e@group-C25BD028928E-LeaderElection90] INFO  impl.RoleInfo (RoleInfo.java:shutdownLeaderElection(134)) - f5624850-682f-4ec5-bb5c-f79627fc299e: shutdown LeaderElection
2019-10-15 16:29:42,732 [f5624850-682f-4ec5-bb5c-f79627fc299e@group-C25BD028928E-LeaderElection90] INFO  impl.RoleInfo (RoleInfo.java:updateAndGet(143)) - f5624850-682f-4ec5-bb5c-f79627fc299e: start FollowerState
2019-10-15 16:29:42,850 [Thread-977] INFO  impl.FollowerState (FollowerState.java:run(108)) - f5624850-682f-4ec5-bb5c-f79627fc299e@group-C25BD028928E-FollowerState: change to CANDIDATE, lastRpcTime:118ms, electionTimeout:118ms
2019-10-15 16:29:42,851 [Thread-977] INFO  impl.RoleInfo (RoleInfo.java:shutdownFollowerState(121)) - f5624850-682f-4ec5-bb5c-f79627fc299e: shutdown FollowerState
2019-10-15 16:29:42,851 [Thread-977] INFO  impl.RaftServerImpl (RaftServerImpl.java:setRole(184)) - f5624850-682f-4ec5-bb5c-f79627fc299e@group-C25BD028928E: changes role from  FOLLOWER to CANDIDATE at term 72 for changeToCandidate
2019-10-15 16:29:42,851 [Thread-977] INFO  impl.RoleInfo (RoleInfo.java:updateAndGet(143)) - f5624850-682f-4ec5-bb5c-f79627fc299e: start LeaderElection
2019-10-15 16:29:42,880 [f5624850-682f-4ec5-bb5c-f79627fc299e@group-C25BD028928E-LeaderElection91] INFO  impl.LeaderElection (LeaderElection.java:askForVotes(178)) - f5624850-682f-4ec5-bb5c-f79627fc299e@group-C25BD028928E-LeaderElection91: begin an election at term 73 for -1: [f581660d-af3d-4f5f-b57d-f4cb54f048b9:192.168.164.239:42501, f5624850-682f-4ec5-bb5c-f79627fc299e:192.168.164.239:39499, 14091fe6-d183-4b46-be93-2ba964a39c73:192.168.164.239:34827], old=null
2019-10-15 16:29:42,883 [grpc-default-executor-10] INFO  impl.RaftServerImpl (RaftServerImpl.java:setRole(184)) - f581660d-af3d-4f5f-b57d-f4cb54f048b9@group-C25BD028928E: changes role from  FOLLOWER to FOLLOWER at term 73 for recognizeCandidate:f5624850-682f-4ec5-bb5c-f79627fc299e
2019-10-15 16:29:42,883 [grpc-default-executor-4] INFO  impl.RaftServerImpl (RaftServerImpl.java:setRole(184)) - 14091fe6-d183-4b46-be93-2ba964a39c73@group-C25BD028928E: changes role from  FOLLOWER to FOLLOWER at term 73 for recognizeCandidate:f5624850-682f-4ec5-bb5c-f79627fc299e
2019-10-15 16:29:42,883 [grpc-default-executor-10] INFO  impl.RoleInfo (RoleInfo.java:shutdownFollowerState(121)) - f581660d-af3d-4f5f-b57d-f4cb54f048b9: shutdown FollowerState
2019-10-15 16:29:42,884 [grpc-default-executor-4] INFO  impl.RoleInfo (RoleInfo.java:shutdownFollowerState(121)) - 14091fe6-d183-4b46-be93-2ba964a39c73: shutdown FollowerState
2019-10-15 16:29:42,884 [Thread-976] INFO  impl.FollowerState (FollowerState.java:run(117)) - f581660d-af3d-4f5f-b57d-f4cb54f048b9@group-C25BD028928E-FollowerState was interrupted: java.lang.InterruptedException: sleep interrupted
2019-10-15 16:29:42,884 [grpc-default-executor-10] INFO  impl.RoleInfo (RoleInfo.java:updateAndGet(143)) - f581660d-af3d-4f5f-b57d-f4cb54f048b9: start FollowerState
2019-10-15 16:29:42,884 [Thread-975] INFO  impl.FollowerState (FollowerState.java:run(117)) - 14091fe6-d183-4b46-be93-2ba964a39c73@group-C25BD028928E-FollowerState was interrupted: java.lang.InterruptedException: sleep interrupted
2019-10-15 16:29:42,884 [grpc-default-executor-4] INFO  impl.RoleInfo (RoleInfo.java:updateAndGet(143)) - 14091fe6-d183-4b46-be93-2ba964a39c73: start FollowerState
2019-10-15 16:29:42,909 [f5624850-682f-4ec5-bb5c-f79627fc299e@group-C25BD028928E-LeaderElection91] INFO  impl.LeaderElection (LeaderElection.java:logAndReturn(56)) - f5624850-682f-4ec5-bb5c-f79627fc299e@group-C25BD028928E-LeaderElection91: Election REJECTED; received 2 response(s) [f5624850-682f-4ec5-bb5c-f79627fc299e<-f581660d-af3d-4f5f-b57d-f4cb54f048b9#0:FAIL-t73, f5624850-682f-4ec5-bb5c-f79627fc299e<-14091fe6-d183-4b46-be93-2ba964a39c73#0:FAIL-t73] and 0 exception(s); f5624850-682f-4ec5-bb5c-f79627fc299e@group-C25BD028928E:t73, leader=null, voted=f5624850-682f-4ec5-bb5c-f79627fc299e, raftlog=f5624850-682f-4ec5-bb5c-f79627fc299e@group-C25BD028928E-SegmentedRaftLog:OPENED:c-1,f-1,i0, conf=-1: [f581660d-af3d-4f5f-b57d-f4cb54f048b9:192.168.164.239:42501, f5624850-682f-4ec5-bb5c-f79627fc299e:192.168.164.239:39499, 14091fe6-d183-4b46-be93-2ba964a39c73:192.168.164.239:34827], old=null
2019-10-15 16:29:42,916 [f5624850-682f-4ec5-bb5c-f79627fc299e@group-C25BD028928E-LeaderElection91] INFO  impl.RaftServerImpl (RaftServerImpl.java:setRole(184)) - f5624850-682f-4ec5-bb5c-f79627fc299e@group-C25BD028928E: changes role from CANDIDATE to FOLLOWER at term 73 for DISCOVERED_A_NEW_TERM
2019-10-15 16:29:42,918 [f5624850-682f-4ec5-bb5c-f79627fc299e@group-C25BD028928E-LeaderElection91] INFO  impl.RoleInfo (RoleInfo.java:shutdownLeaderElection(134)) - f5624850-682f-4ec5-bb5c-f79627fc299e: shutdown LeaderElection
2019-10-15 16:29:42,918 [f5624850-682f-4ec5-bb5c-f79627fc299e@group-C25BD028928E-LeaderElection91] INFO  impl.RoleInfo (RoleInfo.java:updateAndGet(143)) - f5624850-682f-4ec5-bb5c-f79627fc299e: start FollowerState
2019-10-15 16:29:43,116 [Thread-985] INFO  impl.FollowerState (FollowerState.java:run(108)) - f5624850-682f-4ec5-bb5c-f79627fc299e@group-C25BD028928E-FollowerState: change to CANDIDATE, lastRpcTime:197ms, electionTimeout:197ms
2019-10-15 16:29:43,116 [Thread-985] INFO  impl.RoleInfo (RoleInfo.java:shutdownFollowerState(121)) - f5624850-682f-4ec5-bb5c-f79627fc299e: shutdown FollowerState
2019-10-15 16:29:43,116 [Thread-985] INFO  impl.RaftServerImpl (RaftServerImpl.java:setRole(184)) - f5624850-682f-4ec5-bb5c-f79627fc299e@group-C25BD028928E: changes role from  FOLLOWER to CANDIDATE at term 73 for changeToCandidate
2019-10-15 16:29:43,116 [Thread-985] INFO  impl.RoleInfo (RoleInfo.java:updateAndGet(143)) - f5624850-682f-4ec5-bb5c-f79627fc299e: start LeaderElection
2019-10-15 16:29:43,140 [f5624850-682f-4ec5-bb5c-f79627fc299e@group-C25BD028928E-LeaderElection92] INFO  impl.LeaderElection (LeaderElection.java:askForVotes(178)) - f5624850-682f-4ec5-bb5c-f79627fc299e@group-C25BD028928E-LeaderElection92: begin an election at term 74 for -1: [f581660d-af3d-4f5f-b57d-f4cb54f048b9:192.168.164.239:42501, f5624850-682f-4ec5-bb5c-f79627fc299e:192.168.164.239:39499, 14091fe6-d183-4b46-be93-2ba964a39c73:192.168.164.239:34827], old=null
2019-10-15 16:29:43,142 [grpc-default-executor-10] INFO  impl.RaftServerImpl (RaftServerImpl.java:setRole(184)) - 14091fe6-d183-4b46-be93-2ba964a39c73@group-C25BD028928E: changes role from  FOLLOWER to FOLLOWER at term 74 for recognizeCandidate:f5624850-682f-4ec5-bb5c-f79627fc299e
2019-10-15 16:29:43,143 [grpc-default-executor-10] INFO  impl.RoleInfo (RoleInfo.java:shutdownFollowerState(121)) - 14091fe6-d183-4b46-be93-2ba964a39c73: shutdown FollowerState
2019-10-15 16:29:43,142 [grpc-default-executor-11] INFO  impl.RaftServerImpl (RaftServerImpl.java:setRole(184)) - f581660d-af3d-4f5f-b57d-f4cb54f048b9@group-C25BD028928E: changes role from  FOLLOWER to FOLLOWER at term 74 for recognizeCandidate:f5624850-682f-4ec5-bb5c-f79627fc299e
2019-10-15 16:29:43,143 [Thread-982] INFO  impl.FollowerState (FollowerState.java:run(117)) - 14091fe6-d183-4b46-be93-2ba964a39c73@group-C25BD028928E-FollowerState was interrupted: java.lang.InterruptedException: sleep interrupted
2019-10-15 16:29:43,143 [grpc-default-executor-10] INFO  impl.RoleInfo (RoleInfo.java:updateAndGet(143)) - 14091fe6-d183-4b46-be93-2ba964a39c73: start FollowerState
2019-10-15 16:29:43,143 [grpc-default-executor-11] INFO  impl.RoleInfo (RoleInfo.java:shutdownFollowerState(121)) - f581660d-af3d-4f5f-b57d-f4cb54f048b9: shutdown FollowerState
2019-10-15 16:29:43,144 [grpc-default-executor-11] INFO  impl.RoleInfo (RoleInfo.java:updateAndGet(143)) - f581660d-af3d-4f5f-b57d-f4cb54f048b9: start FollowerState
2019-10-15 16:29:43,144 [Thread-981] INFO  impl.FollowerState (FollowerState.java:run(117)) - f581660d-af3d-4f5f-b57d-f4cb54f048b9@group-C25BD028928E-FollowerState was interrupted: java.lang.InterruptedException: sleep interrupted
2019-10-15 16:29:43,166 [f5624850-682f-4ec5-bb5c-f79627fc299e@group-C25BD028928E-LeaderElection92] INFO  impl.LeaderElection (LeaderElection.java:logAndReturn(56)) - f5624850-682f-4ec5-bb5c-f79627fc299e@group-C25BD028928E-LeaderElection92: Election REJECTED; received 2 response(s) [f5624850-682f-4ec5-bb5c-f79627fc299e<-f581660d-af3d-4f5f-b57d-f4cb54f048b9#0:FAIL-t74, f5624850-682f-4ec5-bb5c-f79627fc299e<-14091fe6-d183-4b46-be93-2ba964a39c73#0:FAIL-t74] and 0 exception(s); f5624850-682f-4ec5-bb5c-f79627fc299e@group-C25BD028928E:t74, leader=null, voted=f5624850-682f-4ec5-bb5c-f79627fc299e, raftlog=f5624850-682f-4ec5-bb5c-f79627fc299e@group-C25BD028928E-SegmentedRaftLog:OPENED:c-1,f-1,i0, conf=-1: [f581660d-af3d-4f5f-b57d-f4cb54f048b9:192.168.164.239:42501, f5624850-682f-4ec5-bb5c-f79627fc299e:192.168.164.239:39499, 14091fe6-d183-4b46-be93-2ba964a39c73:192.168.164.239:34827], old=null
2019-10-15 16:29:43,166 [f5624850-682f-4ec5-bb5c-f79627fc299e@group-C25BD028928E-LeaderElection92] INFO  impl.RaftServerImpl (RaftServerImpl.java:setRole(184)) - f5624850-682f-4ec5-bb5c-f79627fc299e@group-C25BD028928E: changes role from CANDIDATE to FOLLOWER at term 74 for DISCOVERED_A_NEW_TERM
2019-10-15 16:29:43,166 [f5624850-682f-4ec5-bb5c-f79627fc299e@group-C25BD028928E-LeaderElection92] INFO  impl.RoleInfo (RoleInfo.java:shutdownLeaderElection(134)) - f5624850-682f-4ec5-bb5c-f79627fc299e: shutdown LeaderElection
2019-10-15 16:29:43,166 [f5624850-682f-4ec5-bb5c-f79627fc299e@group-C25BD028928E-LeaderElection92] INFO  impl.RoleInfo (RoleInfo.java:updateAndGet(143)) - f5624850-682f-4ec5-bb5c-f79627fc299e: start FollowerState
2019-10-15 16:29:43,302 [Thread-995] INFO  impl.FollowerState (FollowerState.java:run(108)) - f5624850-682f-4ec5-bb5c-f79627fc299e@group-C25BD028928E-FollowerState: change to CANDIDATE, lastRpcTime:135ms, electionTimeout:135ms
2019-10-15 16:29:43,302 [Thread-995] INFO  impl.RoleInfo (RoleInfo.java:shutdownFollowerState(121)) - f5624850-682f-4ec5-bb5c-f79627fc299e: shutdown FollowerState
2019-10-15 16:29:43,302 [Thread-995] INFO  impl.RaftServerImpl (RaftServerImpl.java:setRole(184)) - f5624850-682f-4ec5-bb5c-f79627fc299e@group-C25BD028928E: changes role from  FOLLOWER to CANDIDATE at term 74 for changeToCandidate
2019-10-15 16:29:43,303 [Thread-995] INFO  impl.RoleInfo (RoleInfo.java:updateAndGet(143)) - f5624850-682f-4ec5-bb5c-f79627fc299e: start LeaderElection
2019-10-15 16:29:43,332 [f5624850-682f-4ec5-bb5c-f79627fc299e@group-C25BD028928E-LeaderElection93] INFO  impl.LeaderElection (LeaderElection.java:askForVotes(178)) - f5624850-682f-4ec5-bb5c-f79627fc299e@group-C25BD028928E-LeaderElection93: begin an election at term 75 for -1: [f581660d-af3d-4f5f-b57d-f4cb54f048b9:192.168.164.239:42501, f5624850-682f-4ec5-bb5c-f79627fc299e:192.168.164.239:39499, 14091fe6-d183-4b46-be93-2ba964a39c73:192.168.164.239:34827], old=null
2019-10-15 16:29:43,335 [grpc-default-executor-10] INFO  impl.RaftServerImpl (RaftServerImpl.java:setRole(184)) - 14091fe6-d183-4b46-be93-2ba964a39c73@group-C25BD028928E: changes role from  FOLLOWER to FOLLOWER at term 75 for recognizeCandidate:f5624850-682f-4ec5-bb5c-f79627fc299e
2019-10-15 16:29:43,335 [grpc-default-executor-11] INFO  impl.RaftServerImpl (RaftServerImpl.java:setRole(184)) - f581660d-af3d-4f5f-b57d-f4cb54f048b9@group-C25BD028928E: changes role from  FOLLOWER to FOLLOWER at term 75 for recognizeCandidate:f5624850-682f-4ec5-bb5c-f79627fc299e
2019-10-15 16:29:43,335 [grpc-default-executor-10] INFO  impl.RoleInfo (RoleInfo.java:shutdownFollowerState(121)) - 14091fe6-d183-4b46-be93-2ba964a39c73: shutdown FollowerState
2019-10-15 16:29:43,335 [grpc-default-executor-11] INFO  impl.RoleInfo (RoleInfo.java:shutdownFollowerState(121)) - f581660d-af3d-4f5f-b57d-f4cb54f048b9: shutdown FollowerState
2019-10-15 16:29:43,336 [Thread-993] INFO  impl.FollowerState (FollowerState.java:run(117)) - 14091fe6-d183-4b46-be93-2ba964a39c73@group-C25BD028928E-FollowerState was interrupted: java.lang.InterruptedException: sleep interrupted
2019-10-15 16:29:43,336 [grpc-default-executor-10] INFO  impl.RoleInfo (RoleInfo.java:updateAndGet(143)) - 14091fe6-d183-4b46-be93-2ba964a39c73: start FollowerState
2019-10-15 16:29:43,336 [grpc-default-executor-11] INFO  impl.RoleInfo (RoleInfo.java:updateAndGet(143)) - f581660d-af3d-4f5f-b57d-f4cb54f048b9: start FollowerState
2019-10-15 16:29:43,336 [Thread-994] INFO  impl.FollowerState (FollowerState.java:run(117)) - f581660d-af3d-4f5f-b57d-f4cb54f048b9@group-C25BD028928E-FollowerState was interrupted: java.lang.InterruptedException: sleep interrupted
2019-10-15 16:29:43,359 [f5624850-682f-4ec5-bb5c-f79627fc299e@group-C25BD028928E-LeaderElection93] INFO  impl.LeaderElection (LeaderElection.java:logAndReturn(56)) - f5624850-682f-4ec5-bb5c-f79627fc299e@group-C25BD028928E-LeaderElection93: Election REJECTED; received 2 response(s) [f5624850-682f-4ec5-bb5c-f79627fc299e<-f581660d-af3d-4f5f-b57d-f4cb54f048b9#0:FAIL-t75, f5624850-682f-4ec5-bb5c-f79627fc299e<-14091fe6-d183-4b46-be93-2ba964a39c73#0:FAIL-t75] and 0 exception(s); f5624850-682f-4ec5-bb5c-f79627fc299e@group-C25BD028928E:t75, leader=null, voted=f5624850-682f-4ec5-bb5c-f79627fc299e, raftlog=f5624850-682f-4ec5-bb5c-f79627fc299e@group-C25BD028928E-SegmentedRaftLog:OPENED:c-1,f-1,i0, conf=-1: [f581660d-af3d-4f5f-b57d-f4cb54f048b9:192.168.164.239:42501, f5624850-682f-4ec5-bb5c-f79627fc299e:192.168.164.239:39499, 14091fe6-d183-4b46-be93-2ba964a39c73:192.168.164.239:34827], old=null
2019-10-15 16:29:43,359 [f5624850-682f-4ec5-bb5c-f79627fc299e@group-C25BD028928E-LeaderElection93] INFO  impl.RaftServerImpl (RaftServerImpl.java:setRole(184)) - f5624850-682f-4ec5-bb5c-f79627fc299e@group-C25BD028928E: changes role from CANDIDATE to FOLLOWER at term 75 for DISCOVERED_A_NEW_TERM
2019-10-15 16:29:43,359 [f5624850-682f-4ec5-bb5c-f79627fc299e@group-C25BD028928E-LeaderElection93] INFO  impl.RoleInfo (RoleInfo.java:shutdownLeaderElection(134)) - f5624850-682f-4ec5-bb5c-f79627fc299e: shutdown LeaderElection
2019-10-15 16:29:43,359 [f5624850-682f-4ec5-bb5c-f79627fc299e@group-C25BD028928E-LeaderElection93] INFO  impl.RoleInfo (RoleInfo.java:updateAndGet(143)) - f5624850-682f-4ec5-bb5c-f79627fc299e: start FollowerState
2019-10-15 16:29:43,473 [Thread-1001] INFO  impl.FollowerState (FollowerState.java:run(108)) - f5624850-682f-4ec5-bb5c-f79627fc299e@group-C25BD028928E-FollowerState: change to CANDIDATE, lastRpcTime:114ms, electionTimeout:114ms
2019-10-15 16:29:43,473 [Thread-1001] INFO  impl.RoleInfo (RoleInfo.java:shutdownFollowerState(121)) - f5624850-682f-4ec5-bb5c-f79627fc299e: shutdown FollowerState
2019-10-15 16:29:43,474 [Thread-1001] INFO  impl.RaftServerImpl (RaftServerImpl.java:setRole(184)) - f5624850-682f-4ec5-bb5c-f79627fc299e@group-C25BD028928E: changes role from  FOLLOWER to CANDIDATE at term 75 for changeToCandidate
2019-10-15 16:29:43,474 [Thread-1001] INFO  impl.RoleInfo (RoleInfo.java:updateAndGet(143)) - f5624850-682f-4ec5-bb5c-f79627fc299e: start LeaderElection
2019-10-15 16:29:43,511 [f5624850-682f-4ec5-bb5c-f79627fc299e@group-C25BD028928E-LeaderElection94] INFO  impl.LeaderElection (LeaderElection.java:askForVotes(178)) - f5624850-682f-4ec5-bb5c-f79627fc299e@group-C25BD028928E-LeaderElection94: begin an election at term 76 for -1: [f581660d-af3d-4f5f-b57d-f4cb54f048b9:192.168.164.239:42501, f5624850-682f-4ec5-bb5c-f79627fc299e:192.168.164.239:39499, 14091fe6-d183-4b46-be93-2ba964a39c73:192.168.164.239:34827], old=null
2019-10-15 16:29:43,513 [grpc-default-executor-11] INFO  impl.RaftServerImpl (RaftServerImpl.java:setRole(184)) - 14091fe6-d183-4b46-be93-2ba964a39c73@group-C25BD028928E: changes role from  FOLLOWER to FOLLOWER at term 76 for recognizeCandidate:f5624850-682f-4ec5-bb5c-f79627fc299e
2019-10-15 16:29:43,514 [grpc-default-executor-10] INFO  impl.RaftServerImpl (RaftServerImpl.java:setRole(184)) - f581660d-af3d-4f5f-b57d-f4cb54f048b9@group-C25BD028928E: changes role from  FOLLOWER to FOLLOWER at term 76 for recognizeCandidate:f5624850-682f-4ec5-bb5c-f79627fc299e
2019-10-15 16:29:43,514 [grpc-default-executor-11] INFO  impl.RoleInfo (RoleInfo.java:shutdownFollowerState(121)) - 14091fe6-d183-4b46-be93-2ba964a39c73: shutdown FollowerState
2019-10-15 16:29:43,514 [grpc-default-executor-10] INFO  impl.RoleInfo (RoleInfo.java:shutdownFollowerState(121)) - f581660d-af3d-4f5f-b57d-f4cb54f048b9: shutdown FollowerState
2019-10-15 16:29:43,514 [Thread-999] INFO  impl.FollowerState (FollowerState.java:run(117)) - 14091fe6-d183-4b46-be93-2ba964a39c73@group-C25BD028928E-FollowerState was interrupted: java.lang.InterruptedException: sleep interrupted
2019-10-15 16:29:43,514 [grpc-default-executor-11] INFO  impl.RoleInfo (RoleInfo.java:updateAndGet(143)) - 14091fe6-d183-4b46-be93-2ba964a39c73: start FollowerState
2019-10-15 16:29:43,514 [Thread-1000] INFO  impl.FollowerState (FollowerState.java:run(117)) - f581660d-af3d-4f5f-b57d-f4cb54f048b9@group-C25BD028928E-FollowerState was interrupted: java.lang.InterruptedException: sleep interrupted
2019-10-15 16:29:43,514 [grpc-default-executor-10] INFO  impl.RoleInfo (RoleInfo.java:updateAndGet(143)) - f581660d-af3d-4f5f-b57d-f4cb54f048b9: start FollowerState
2019-10-15 16:29:43,542 [f5624850-682f-4ec5-bb5c-f79627fc299e@group-C25BD028928E-LeaderElection94] INFO  impl.LeaderElection (LeaderElection.java:logAndReturn(56)) - f5624850-682f-4ec5-bb5c-f79627fc299e@group-C25BD028928E-LeaderElection94: Election REJECTED; received 2 response(s) [f5624850-682f-4ec5-bb5c-f79627fc299e<-f581660d-af3d-4f5f-b57d-f4cb54f048b9#0:FAIL-t76, f5624850-682f-4ec5-bb5c-f79627fc299e<-14091fe6-d183-4b46-be93-2ba964a39c73#0:FAIL-t76] and 0 exception(s); f5624850-682f-4ec5-bb5c-f79627fc299e@group-C25BD028928E:t76, leader=null, voted=f5624850-682f-4ec5-bb5c-f79627fc299e, raftlog=f5624850-682f-4ec5-bb5c-f79627fc299e@group-C25BD028928E-SegmentedRaftLog:OPENED:c-1,f-1,i0, conf=-1: [f581660d-af3d-4f5f-b57d-f4cb54f048b9:192.168.164.239:42501, f5624850-682f-4ec5-bb5c-f79627fc299e:192.168.164.239:39499, 14091fe6-d183-4b46-be93-2ba964a39c73:192.168.164.239:34827], old=null
2019-10-15 16:29:43,543 [f5624850-682f-4ec5-bb5c-f79627fc299e@group-C25BD028928E-LeaderElection94] INFO  impl.RaftServerImpl (RaftServerImpl.java:setRole(184)) - f5624850-682f-4ec5-bb5c-f79627fc299e@group-C25BD028928E: changes role from CANDIDATE to FOLLOWER at term 76 for DISCOVERED_A_NEW_TERM
2019-10-15 16:29:43,543 [f5624850-682f-4ec5-bb5c-f79627fc299e@group-C25BD028928E-LeaderElection94] INFO  impl.RoleInfo (RoleInfo.java:shutdownLeaderElection(134)) - f5624850-682f-4ec5-bb5c-f79627fc299e: shutdown LeaderElection
2019-10-15 16:29:43,543 [f5624850-682f-4ec5-bb5c-f79627fc299e@group-C25BD028928E-LeaderElection94] INFO  impl.RoleInfo (RoleInfo.java:updateAndGet(143)) - f5624850-682f-4ec5-bb5c-f79627fc299e: start FollowerState
2019-10-15 16:29:43,646 [Thread-1011] INFO  impl.FollowerState (FollowerState.java:run(108)) - f5624850-682f-4ec5-bb5c-f79627fc299e@group-C25BD028928E-FollowerState: change to CANDIDATE, lastRpcTime:103ms, electionTimeout:103ms
2019-10-15 16:29:43,646 [Thread-1011] INFO  impl.RoleInfo (RoleInfo.java:shutdownFollowerState(121)) - f5624850-682f-4ec5-bb5c-f79627fc299e: shutdown FollowerState
2019-10-15 16:29:43,647 [Thread-1011] INFO  impl.RaftServerImpl (RaftServerImpl.java:setRole(184)) - f5624850-682f-4ec5-bb5c-f79627fc299e@group-C25BD028928E: changes role from  FOLLOWER to CANDIDATE at term 76 for changeToCandidate
2019-10-15 16:29:43,647 [Thread-1011] INFO  impl.RoleInfo (RoleInfo.java:updateAndGet(143)) - f5624850-682f-4ec5-bb5c-f79627fc299e: start LeaderElection
2019-10-15 16:29:43,675 [f5624850-682f-4ec5-bb5c-f79627fc299e@group-C25BD028928E-LeaderElection95] INFO  impl.LeaderElection (LeaderElection.java:askForVotes(178)) - f5624850-682f-4ec5-bb5c-f79627fc299e@group-C25BD028928E-LeaderElection95: begin an election at term 77 for -1: [f581660d-af3d-4f5f-b57d-f4cb54f048b9:192.168.164.239:42501, f5624850-682f-4ec5-bb5c-f79627fc299e:192.168.164.239:39499, 14091fe6-d183-4b46-be93-2ba964a39c73:192.168.164.239:34827], old=null
2019-10-15 16:29:43,694 [grpc-default-executor-0] INFO  impl.RaftServerImpl (RaftServerImpl.java:setRole(184)) - f581660d-af3d-4f5f-b57d-f4cb54f048b9@group-C25BD028928E: changes role from  FOLLOWER to FOLLOWER at term 77 for recognizeCandidate:f5624850-682f-4ec5-bb5c-f79627fc299e
2019-10-15 16:29:43,694 [grpc-default-executor-11] INFO  impl.RaftServerImpl (RaftServerImpl.java:setRole(184)) - 14091fe6-d183-4b46-be93-2ba964a39c73@group-C25BD028928E: changes role from  FOLLOWER to FOLLOWER at term 77 for recognizeCandidate:f5624850-682f-4ec5-bb5c-f79627fc299e
2019-10-15 16:29:43,694 [grpc-default-executor-0] INFO  impl.RoleInfo (RoleInfo.java:shutdownFollowerState(121)) - f581660d-af3d-4f5f-b57d-f4cb54f048b9: shutdown FollowerState
2019-10-15 16:29:43,695 [grpc-default-executor-11] INFO  impl.RoleInfo (RoleInfo.java:shutdownFollowerState(121)) - 14091fe6-d183-4b46-be93-2ba964a39c73: shutdown FollowerState
2019-10-15 16:29:43,722 [Thread-1006] INFO  impl.FollowerState (FollowerState.java:run(117)) - f581660d-af3d-4f5f-b57d-f4cb54f048b9@group-C25BD028928E-FollowerState was interrupted: java.lang.InterruptedException: sleep interrupted
2019-10-15 16:29:43,722 [grpc-default-executor-0] INFO  impl.RoleInfo (RoleInfo.java:updateAndGet(143)) - f581660d-af3d-4f5f-b57d-f4cb54f048b9: start FollowerState
2019-10-15 16:29:43,722 [grpc-default-executor-11] INFO  impl.RoleInfo (RoleInfo.java:updateAndGet(143)) - 14091fe6-d183-4b46-be93-2ba964a39c73: start FollowerState
2019-10-15 16:29:43,722 [Thread-1005] INFO  impl.FollowerState (FollowerState.java:run(117)) - 14091fe6-d183-4b46-be93-2ba964a39c73@group-C25BD028928E-FollowerState was interrupted: java.lang.InterruptedException: sleep interrupted
2019-10-15 16:29:43,752 [f5624850-682f-4ec5-bb5c-f79627fc299e@group-C25BD028928E-LeaderElection95] INFO  impl.LeaderElection (LeaderElection.java:logAndReturn(56)) - f5624850-682f-4ec5-bb5c-f79627fc299e@group-C25BD028928E-LeaderElection95: Election REJECTED; received 2 response(s) [f5624850-682f-4ec5-bb5c-f79627fc299e<-f581660d-af3d-4f5f-b57d-f4cb54f048b9#0:FAIL-t77, f5624850-682f-4ec5-bb5c-f79627fc299e<-14091fe6-d183-4b46-be93-2ba964a39c73#0:FAIL-t77] and 0 exception(s); f5624850-682f-4ec5-bb5c-f79627fc299e@group-C25BD028928E:t77, leader=null, voted=f5624850-682f-4ec5-bb5c-f79627fc299e, raftlog=f5624850-682f-4ec5-bb5c-f79627fc299e@group-C25BD028928E-SegmentedRaftLog:OPENED:c-1,f-1,i0, conf=-1: [f581660d-af3d-4f5f-b57d-f4cb54f048b9:192.168.164.239:42501, f5624850-682f-4ec5-bb5c-f79627fc299e:192.168.164.239:39499, 14091fe6-d183-4b46-be93-2ba964a39c73:192.168.164.239:34827], old=null
2019-10-15 16:29:43,752 [f5624850-682f-4ec5-bb5c-f79627fc299e@group-C25BD028928E-LeaderElection95] INFO  impl.RaftServerImpl (RaftServerImpl.java:setRole(184)) - f5624850-682f-4ec5-bb5c-f79627fc299e@group-C25BD028928E: changes role from CANDIDATE to FOLLOWER at term 77 for DISCOVERED_A_NEW_TERM
2019-10-15 16:29:43,753 [f5624850-682f-4ec5-bb5c-f79627fc299e@group-C25BD028928E-LeaderElection95] INFO  impl.RoleInfo (RoleInfo.java:shutdownLeaderElection(134)) - f5624850-682f-4ec5-bb5c-f79627fc299e: shutdown LeaderElection
2019-10-15 16:29:43,753 [f5624850-682f-4ec5-bb5c-f79627fc299e@group-C25BD028928E-LeaderElection95] INFO  impl.RoleInfo (RoleInfo.java:updateAndGet(143)) - f5624850-682f-4ec5-bb5c-f79627fc299e: start FollowerState
2019-10-15 16:29:43,872 [Thread-1017] INFO  impl.FollowerState (FollowerState.java:run(108)) - f5624850-682f-4ec5-bb5c-f79627fc299e@group-C25BD028928E-FollowerState: change to CANDIDATE, lastRpcTime:119ms, electionTimeout:111ms
2019-10-15 16:29:43,875 [Thread-1017] INFO  impl.RoleInfo (RoleInfo.java:shutdownFollowerState(121)) - f5624850-682f-4ec5-bb5c-f79627fc299e: shutdown FollowerState
2019-10-15 16:29:43,875 [Thread-1017] INFO  impl.RaftServerImpl (RaftServerImpl.java:setRole(184)) - f5624850-682f-4ec5-bb5c-f79627fc299e@group-C25BD028928E: changes role from  FOLLOWER to CANDIDATE at term 77 for changeToCandidate
2019-10-15 16:29:43,875 [Thread-1017] INFO  impl.RoleInfo (RoleInfo.java:updateAndGet(143)) - f5624850-682f-4ec5-bb5c-f79627fc299e: start LeaderElection
2019-10-15 16:29:43,901 [f5624850-682f-4ec5-bb5c-f79627fc299e@group-C25BD028928E-LeaderElection96] INFO  impl.LeaderElection (LeaderElection.java:askForVotes(178)) - f5624850-682f-4ec5-bb5c-f79627fc299e@group-C25BD028928E-LeaderElection96: begin an election at term 78 for -1: [f581660d-af3d-4f5f-b57d-f4cb54f048b9:192.168.164.239:42501, f5624850-682f-4ec5-bb5c-f79627fc299e:192.168.164.239:39499, 14091fe6-d183-4b46-be93-2ba964a39c73:192.168.164.239:34827], old=null
2019-10-15 16:29:43,904 [grpc-default-executor-11] INFO  impl.RaftServerImpl (RaftServerImpl.java:setRole(184)) - f581660d-af3d-4f5f-b57d-f4cb54f048b9@group-C25BD028928E: changes role from  FOLLOWER to FOLLOWER at term 78 for recognizeCandidate:f5624850-682f-4ec5-bb5c-f79627fc299e
2019-10-15 16:29:43,904 [grpc-default-executor-0] INFO  impl.RaftServerImpl (RaftServerImpl.java:setRole(184)) - 14091fe6-d183-4b46-be93-2ba964a39c73@group-C25BD028928E: changes role from  FOLLOWER to FOLLOWER at term 78 for recognizeCandidate:f5624850-682f-4ec5-bb5c-f79627fc299e
2019-10-15 16:29:43,904 [grpc-default-executor-11] INFO  impl.RoleInfo (RoleInfo.java:shutdownFollowerState(121)) - f581660d-af3d-4f5f-b57d-f4cb54f048b9: shutdown FollowerState
2019-10-15 16:29:43,904 [grpc-default-executor-0] INFO  impl.RoleInfo (RoleInfo.java:shutdownFollowerState(121)) - 14091fe6-d183-4b46-be93-2ba964a39c73: shutdown FollowerState
2019-10-15 16:29:43,905 [Thread-1016] INFO  impl.FollowerState (FollowerState.java:run(117)) - f581660d-af3d-4f5f-b57d-f4cb54f048b9@group-C25BD028928E-FollowerState was interrupted: java.lang.InterruptedException: sleep interrupted
2019-10-15 16:29:43,905 [grpc-default-executor-11] INFO  impl.RoleInfo (RoleInfo.java:updateAndGet(143)) - f581660d-af3d-4f5f-b57d-f4cb54f048b9: start FollowerState
2019-10-15 16:29:43,905 [Thread-1015] INFO  impl.FollowerState (FollowerState.java:run(117)) - 14091fe6-d183-4b46-be93-2ba964a39c73@group-C25BD028928E-FollowerState was interrupted: java.lang.InterruptedException: sleep interrupted
2019-10-15 16:29:43,905 [grpc-default-executor-0] INFO  impl.RoleInfo (RoleInfo.java:updateAndGet(143)) - 14091fe6-d183-4b46-be93-2ba964a39c73: start FollowerState
2019-10-15 16:29:43,936 [f5624850-682f-4ec5-bb5c-f79627fc299e@group-C25BD028928E-LeaderElection96] INFO  impl.LeaderElection (LeaderElection.java:logAndReturn(56)) - f5624850-682f-4ec5-bb5c-f79627fc299e@group-C25BD028928E-LeaderElection96: Election REJECTED; received 2 response(s) [f5624850-682f-4ec5-bb5c-f79627fc299e<-f581660d-af3d-4f5f-b57d-f4cb54f048b9#0:FAIL-t78, f5624850-682f-4ec5-bb5c-f79627fc299e<-14091fe6-d183-4b46-be93-2ba964a39c73#0:FAIL-t78] and 0 exception(s); f5624850-682f-4ec5-bb5c-f79627fc299e@group-C25BD028928E:t78, leader=null, voted=f5624850-682f-4ec5-bb5c-f79627fc299e, raftlog=f5624850-682f-4ec5-bb5c-f79627fc299e@group-C25BD028928E-SegmentedRaftLog:OPENED:c-1,f-1,i0, conf=-1: [f581660d-af3d-4f5f-b57d-f4cb54f048b9:192.168.164.239:42501, f5624850-682f-4ec5-bb5c-f79627fc299e:192.168.164.239:39499, 14091fe6-d183-4b46-be93-2ba964a39c73:192.168.164.239:34827], old=null
2019-10-15 16:29:43,936 [f5624850-682f-4ec5-bb5c-f79627fc299e@group-C25BD028928E-LeaderElection96] INFO  impl.RaftServerImpl (RaftServerImpl.java:setRole(184)) - f5624850-682f-4ec5-bb5c-f79627fc299e@group-C25BD028928E: changes role from CANDIDATE to FOLLOWER at term 78 for DISCOVERED_A_NEW_TERM
2019-10-15 16:29:43,936 [f5624850-682f-4ec5-bb5c-f79627fc299e@group-C25BD028928E-LeaderElection96] INFO  impl.RoleInfo (RoleInfo.java:shutdownLeaderElection(134)) - f5624850-682f-4ec5-bb5c-f79627fc299e: shutdown LeaderElection
2019-10-15 16:29:43,937 [f5624850-682f-4ec5-bb5c-f79627fc299e@group-C25BD028928E-LeaderElection96] INFO  impl.RoleInfo (RoleInfo.java:updateAndGet(143)) - f5624850-682f-4ec5-bb5c-f79627fc299e: start FollowerState
2019-10-15 16:29:44,056 [main] WARN  io.KeyOutputStream (KeyOutputStream.java:handleException(274)) - Encountered exception java.io.IOException: Unexpected Storage Container Exception: java.util.concurrent.CompletionException: java.util.concurrent.CompletionException: org.apache.ratis.protocol.RaftRetryFailureException: Failed RaftClientRequest:client-6F7921D506FF->14091fe6-d183-4b46-be93-2ba964a39c73@group-C25BD028928E, cid=19, seq=1*, RW, cmdType: WriteChunk
traceID: "870383fe19d9f016:870383fe19d9f016:0:0"
containerID: 1
datanodeUuid: "f5624850-682f-4ec5-bb5c-f79627fc299e"
writeChunk {
  blockID {
    containerID: 1
    localID: 102967343462219776
    blockCommitSequenceId: 0
  }
  chunkData {
    chunkName: "102967343462219776_chunk_1"
    offset: 0
    len: 1048576
    checksumData {
      type: CRC32
      bytesPerChecksum: 1048576
      checksums: "\361\003\002\247"
    }
  }
}
, data.size=1048576 for 10 attempts with RetryLimited(maxAttempts=10, sleepTime=1000ms) on the pipeline Pipeline[ Id: be87c3c4-003f-4a60-bccf-c25bd028928e, Nodes: f5624850-682f-4ec5-bb5c-f79627fc299e{ip: 192.168.164.239, host: pr-hdds-2302-bqc8v-2513969318, networkLocation: /default-rack, certSerialId: null}14091fe6-d183-4b46-be93-2ba964a39c73{ip: 192.168.164.239, host: pr-hdds-2302-bqc8v-2513969318, networkLocation: /default-rack, certSerialId: null}f581660d-af3d-4f5f-b57d-f4cb54f048b9{ip: 192.168.164.239, host: pr-hdds-2302-bqc8v-2513969318, networkLocation: /default-rack, certSerialId: null}, Type:RATIS, Factor:THREE, State:OPEN]. The last committed block length is 0, uncommitted data length is 2097152 retry count 0
2019-10-15 16:29:44,108 [Thread-1024] INFO  impl.FollowerState (FollowerState.java:run(108)) - f5624850-682f-4ec5-bb5c-f79627fc299e@group-C25BD028928E-FollowerState: change to CANDIDATE, lastRpcTime:171ms, electionTimeout:171ms
2019-10-15 16:29:44,108 [Thread-1024] INFO  impl.RoleInfo (RoleInfo.java:shutdownFollowerState(121)) - f5624850-682f-4ec5-bb5c-f79627fc299e: shutdown FollowerState
2019-10-15 16:29:44,109 [Thread-1024] INFO  impl.RaftServerImpl (RaftServerImpl.java:setRole(184)) - f5624850-682f-4ec5-bb5c-f79627fc299e@group-C25BD028928E: changes role from  FOLLOWER to CANDIDATE at term 78 for changeToCandidate
2019-10-15 16:29:44,109 [Thread-1024] INFO  impl.RoleInfo (RoleInfo.java:updateAndGet(143)) - f5624850-682f-4ec5-bb5c-f79627fc299e: start LeaderElection
2019-10-15 16:29:44,135 [f5624850-682f-4ec5-bb5c-f79627fc299e@group-C25BD028928E-LeaderElection97] INFO  impl.LeaderElection (LeaderElection.java:askForVotes(178)) - f5624850-682f-4ec5-bb5c-f79627fc299e@group-C25BD028928E-LeaderElection97: begin an election at term 79 for -1: [f581660d-af3d-4f5f-b57d-f4cb54f048b9:192.168.164.239:42501, f5624850-682f-4ec5-bb5c-f79627fc299e:192.168.164.239:39499, 14091fe6-d183-4b46-be93-2ba964a39c73:192.168.164.239:34827], old=null
2019-10-15 16:29:44,139 [grpc-default-executor-11] INFO  impl.RaftServerImpl (RaftServerImpl.java:setRole(184)) - f581660d-af3d-4f5f-b57d-f4cb54f048b9@group-C25BD028928E: changes role from  FOLLOWER to FOLLOWER at term 79 for recognizeCandidate:f5624850-682f-4ec5-bb5c-f79627fc299e
2019-10-15 16:29:44,139 [grpc-default-executor-0] INFO  impl.RaftServerImpl (RaftServerImpl.java:setRole(184)) - 14091fe6-d183-4b46-be93-2ba964a39c73@group-C25BD028928E: changes role from  FOLLOWER to FOLLOWER at term 79 for recognizeCandidate:f5624850-682f-4ec5-bb5c-f79627fc299e
2019-10-15 16:29:44,139 [grpc-default-executor-11] INFO  impl.RoleInfo (RoleInfo.java:shutdownFollowerState(121)) - f581660d-af3d-4f5f-b57d-f4cb54f048b9: shutdown FollowerState
2019-10-15 16:29:44,139 [grpc-default-executor-0] INFO  impl.RoleInfo (RoleInfo.java:shutdownFollowerState(121)) - 14091fe6-d183-4b46-be93-2ba964a39c73: shutdown FollowerState
2019-10-15 16:29:44,139 [grpc-default-executor-11] INFO  impl.RoleInfo (RoleInfo.java:updateAndGet(143)) - f581660d-af3d-4f5f-b57d-f4cb54f048b9: start FollowerState
2019-10-15 16:29:44,139 [Thread-1022] INFO  impl.FollowerState (FollowerState.java:run(117)) - 14091fe6-d183-4b46-be93-2ba964a39c73@group-C25BD028928E-FollowerState was interrupted: java.lang.InterruptedException: sleep interrupted
2019-10-15 16:29:44,139 [grpc-default-executor-0] INFO  impl.RoleInfo (RoleInfo.java:updateAndGet(143)) - 14091fe6-d183-4b46-be93-2ba964a39c73: start FollowerState
2019-10-15 16:29:44,139 [Thread-1021] INFO  impl.FollowerState (FollowerState.java:run(117)) - f581660d-af3d-4f5f-b57d-f4cb54f048b9@group-C25BD028928E-FollowerState was interrupted: java.lang.InterruptedException: sleep interrupted
2019-10-15 16:29:44,162 [f5624850-682f-4ec5-bb5c-f79627fc299e@group-C25BD028928E-LeaderElection97] INFO  impl.LeaderElection (LeaderElection.java:logAndReturn(56)) - f5624850-682f-4ec5-bb5c-f79627fc299e@group-C25BD028928E-LeaderElection97: Election REJECTED; received 2 response(s) [f5624850-682f-4ec5-bb5c-f79627fc299e<-f581660d-af3d-4f5f-b57d-f4cb54f048b9#0:FAIL-t79, f5624850-682f-4ec5-bb5c-f79627fc299e<-14091fe6-d183-4b46-be93-2ba964a39c73#0:FAIL-t79] and 0 exception(s); f5624850-682f-4ec5-bb5c-f79627fc299e@group-C25BD028928E:t79, leader=null, voted=f5624850-682f-4ec5-bb5c-f79627fc299e, raftlog=f5624850-682f-4ec5-bb5c-f79627fc299e@group-C25BD028928E-SegmentedRaftLog:OPENED:c-1,f-1,i0, conf=-1: [f581660d-af3d-4f5f-b57d-f4cb54f048b9:192.168.164.239:42501, f5624850-682f-4ec5-bb5c-f79627fc299e:192.168.164.239:39499, 14091fe6-d183-4b46-be93-2ba964a39c73:192.168.164.239:34827], old=null
2019-10-15 16:29:44,162 [f5624850-682f-4ec5-bb5c-f79627fc299e@group-C25BD028928E-LeaderElection97] INFO  impl.RaftServerImpl (RaftServerImpl.java:setRole(184)) - f5624850-682f-4ec5-bb5c-f79627fc299e@group-C25BD028928E: changes role from CANDIDATE to FOLLOWER at term 79 for DISCOVERED_A_NEW_TERM
2019-10-15 16:29:44,162 [f5624850-682f-4ec5-bb5c-f79627fc299e@group-C25BD028928E-LeaderElection97] INFO  impl.RoleInfo (RoleInfo.java:shutdownLeaderElection(134)) - f5624850-682f-4ec5-bb5c-f79627fc299e: shutdown LeaderElection
2019-10-15 16:29:44,162 [f5624850-682f-4ec5-bb5c-f79627fc299e@group-C25BD028928E-LeaderElection97] INFO  impl.RoleInfo (RoleInfo.java:updateAndGet(143)) - f5624850-682f-4ec5-bb5c-f79627fc299e: start FollowerState
2019-10-15 16:29:44,288 [Thread-1039] INFO  impl.FollowerState (FollowerState.java:run(108)) - f5624850-682f-4ec5-bb5c-f79627fc299e@group-C25BD028928E-FollowerState: change to CANDIDATE, lastRpcTime:125ms, electionTimeout:125ms
2019-10-15 16:29:44,288 [Thread-1039] INFO  impl.RoleInfo (RoleInfo.java:shutdownFollowerState(121)) - f5624850-682f-4ec5-bb5c-f79627fc299e: shutdown FollowerState
2019-10-15 16:29:44,288 [Thread-1039] INFO  impl.RaftServerImpl (RaftServerImpl.java:setRole(184)) - f5624850-682f-4ec5-bb5c-f79627fc299e@group-C25BD028928E: changes role from  FOLLOWER to CANDIDATE at term 79 for changeToCandidate
2019-10-15 16:29:44,288 [Thread-1039] INFO  impl.RoleInfo (RoleInfo.java:updateAndGet(143)) - f5624850-682f-4ec5-bb5c-f79627fc299e: start LeaderElection
2019-10-15 16:29:44,306 [f5624850-682f-4ec5-bb5c-f79627fc299e@group-C25BD028928E-LeaderElection98] INFO  impl.LeaderElection (LeaderElection.java:askForVotes(178)) - f5624850-682f-4ec5-bb5c-f79627fc299e@group-C25BD028928E-LeaderElection98: begin an election at term 80 for -1: [f581660d-af3d-4f5f-b57d-f4cb54f048b9:192.168.164.239:42501, f5624850-682f-4ec5-bb5c-f79627fc299e:192.168.164.239:39499, 14091fe6-d183-4b46-be93-2ba964a39c73:192.168.164.239:34827], old=null
2019-10-15 16:29:44,309 [grpc-default-executor-0] INFO  impl.RaftServerImpl (RaftServerImpl.java:setRole(184)) - 14091fe6-d183-4b46-be93-2ba964a39c73@group-C25BD028928E: changes role from  FOLLOWER to FOLLOWER at term 80 for recognizeCandidate:f5624850-682f-4ec5-bb5c-f79627fc299e
2019-10-15 16:29:44,309 [grpc-default-executor-11] INFO  impl.RaftServerImpl (RaftServerImpl.java:setRole(184)) - f581660d-af3d-4f5f-b57d-f4cb54f048b9@group-C25BD028928E: changes role from  FOLLOWER to FOLLOWER at term 80 for recognizeCandidate:f5624850-682f-4ec5-bb5c-f79627fc299e
2019-10-15 16:29:44,309 [grpc-default-executor-0] INFO  impl.RoleInfo (RoleInfo.java:shutdownFollowerState(121)) - 14091fe6-d183-4b46-be93-2ba964a39c73: shutdown FollowerState
2019-10-15 16:29:44,309 [grpc-default-executor-11] INFO  impl.RoleInfo (RoleInfo.java:shutdownFollowerState(121)) - f581660d-af3d-4f5f-b57d-f4cb54f048b9: shutdown FollowerState
2019-10-15 16:29:44,310 [Thread-1038] INFO  impl.FollowerState (FollowerState.java:run(117)) - 14091fe6-d183-4b46-be93-2ba964a39c73@group-C25BD028928E-FollowerState was interrupted: java.lang.InterruptedException: sleep interrupted
2019-10-15 16:29:44,310 [grpc-default-executor-0] INFO  impl.RoleInfo (RoleInfo.java:updateAndGet(143)) - 14091fe6-d183-4b46-be93-2ba964a39c73: start FollowerState
2019-10-15 16:29:44,310 [Thread-1037] INFO  impl.FollowerState (FollowerState.java:run(117)) - f581660d-af3d-4f5f-b57d-f4cb54f048b9@group-C25BD028928E-FollowerState was interrupted: java.lang.InterruptedException: sleep interrupted
2019-10-15 16:29:44,310 [grpc-default-executor-11] INFO  impl.RoleInfo (RoleInfo.java:updateAndGet(143)) - f581660d-af3d-4f5f-b57d-f4cb54f048b9: start FollowerState
2019-10-15 16:29:44,341 [f5624850-682f-4ec5-bb5c-f79627fc299e@group-C25BD028928E-LeaderElection98] INFO  impl.LeaderElection (LeaderElection.java:logAndReturn(56)) - f5624850-682f-4ec5-bb5c-f79627fc299e@group-C25BD028928E-LeaderElection98: Election REJECTED; received 2 response(s) [f5624850-682f-4ec5-bb5c-f79627fc299e<-f581660d-af3d-4f5f-b57d-f4cb54f048b9#0:FAIL-t80, f5624850-682f-4ec5-bb5c-f79627fc299e<-14091fe6-d183-4b46-be93-2ba964a39c73#0:FAIL-t80] and 0 exception(s); f5624850-682f-4ec5-bb5c-f79627fc299e@group-C25BD028928E:t80, leader=null, voted=f5624850-682f-4ec5-bb5c-f79627fc299e, raftlog=f5624850-682f-4ec5-bb5c-f79627fc299e@group-C25BD028928E-SegmentedRaftLog:OPENED:c-1,f-1,i0, conf=-1: [f581660d-af3d-4f5f-b57d-f4cb54f048b9:192.168.164.239:42501, f5624850-682f-4ec5-bb5c-f79627fc299e:192.168.164.239:39499, 14091fe6-d183-4b46-be93-2ba964a39c73:192.168.164.239:34827], old=null
2019-10-15 16:29:44,342 [f5624850-682f-4ec5-bb5c-f79627fc299e@group-C25BD028928E-LeaderElection98] INFO  impl.RaftServerImpl (RaftServerImpl.java:setRole(184)) - f5624850-682f-4ec5-bb5c-f79627fc299e@group-C25BD028928E: changes role from CANDIDATE to FOLLOWER at term 80 for DISCOVERED_A_NEW_TERM
2019-10-15 16:29:44,342 [f5624850-682f-4ec5-bb5c-f79627fc299e@group-C25BD028928E-LeaderElection98] INFO  impl.RoleInfo (RoleInfo.java:shutdownLeaderElection(134)) - f5624850-682f-4ec5-bb5c-f79627fc299e: shutdown LeaderElection
2019-10-15 16:29:44,342 [f5624850-682f-4ec5-bb5c-f79627fc299e@group-C25BD028928E-LeaderElection98] INFO  impl.RoleInfo (RoleInfo.java:updateAndGet(143)) - f5624850-682f-4ec5-bb5c-f79627fc299e: start FollowerState
2019-10-15 16:29:44,449 [Thread-1045] INFO  impl.FollowerState (FollowerState.java:run(108)) - f5624850-682f-4ec5-bb5c-f79627fc299e@group-C25BD028928E-FollowerState: change to CANDIDATE, lastRpcTime:107ms, electionTimeout:107ms
2019-10-15 16:29:44,449 [Thread-1045] INFO  impl.RoleInfo (RoleInfo.java:shutdownFollowerState(121)) - f5624850-682f-4ec5-bb5c-f79627fc299e: shutdown FollowerState
2019-10-15 16:29:44,450 [Thread-1045] INFO  impl.RaftServerImpl (RaftServerImpl.java:setRole(184)) - f5624850-682f-4ec5-bb5c-f79627fc299e@group-C25BD028928E: changes role from  FOLLOWER to CANDIDATE at term 80 for changeToCandidate
2019-10-15 16:29:44,450 [Thread-1045] INFO  impl.RoleInfo (RoleInfo.java:updateAndGet(143)) - f5624850-682f-4ec5-bb5c-f79627fc299e: start LeaderElection
2019-10-15 16:29:44,471 [f5624850-682f-4ec5-bb5c-f79627fc299e@group-C25BD028928E-LeaderElection99] INFO  impl.LeaderElection (LeaderElection.java:askForVotes(178)) - f5624850-682f-4ec5-bb5c-f79627fc299e@group-C25BD028928E-LeaderElection99: begin an election at term 81 for -1: [f581660d-af3d-4f5f-b57d-f4cb54f048b9:192.168.164.239:42501, f5624850-682f-4ec5-bb5c-f79627fc299e:192.168.164.239:39499, 14091fe6-d183-4b46-be93-2ba964a39c73:192.168.164.239:34827], old=null
2019-10-15 16:29:44,473 [grpc-default-executor-10] INFO  impl.RaftServerImpl (RaftServerImpl.java:setRole(184)) - f581660d-af3d-4f5f-b57d-f4cb54f048b9@group-C25BD028928E: changes role from  FOLLOWER to FOLLOWER at term 81 for recognizeCandidate:f5624850-682f-4ec5-bb5c-f79627fc299e
2019-10-15 16:29:44,473 [grpc-default-executor-0] INFO  impl.RaftServerImpl (RaftServerImpl.java:setRole(184)) - 14091fe6-d183-4b46-be93-2ba964a39c73@group-C25BD028928E: changes role from  FOLLOWER to FOLLOWER at term 81 for recognizeCandidate:f5624850-682f-4ec5-bb5c-f79627fc299e
2019-10-15 16:29:44,473 [grpc-default-executor-10] INFO  impl.RoleInfo (RoleInfo.java:shutdownFollowerState(121)) - f581660d-af3d-4f5f-b57d-f4cb54f048b9: shutdown FollowerState
2019-10-15 16:29:44,473 [grpc-default-executor-0] INFO  impl.RoleInfo (RoleInfo.java:shutdownFollowerState(121)) - 14091fe6-d183-4b46-be93-2ba964a39c73: shutdown FollowerState
2019-10-15 16:29:44,473 [Thread-1044] INFO  impl.FollowerState (FollowerState.java:run(117)) - f581660d-af3d-4f5f-b57d-f4cb54f048b9@group-C25BD028928E-FollowerState was interrupted: java.lang.InterruptedException: sleep interrupted
2019-10-15 16:29:44,473 [Thread-1043] INFO  impl.FollowerState (FollowerState.java:run(117)) - 14091fe6-d183-4b46-be93-2ba964a39c73@group-C25BD028928E-FollowerState was interrupted: java.lang.InterruptedException: sleep interrupted
2019-10-15 16:29:44,473 [grpc-default-executor-10] INFO  impl.RoleInfo (RoleInfo.java:updateAndGet(143)) - f581660d-af3d-4f5f-b57d-f4cb54f048b9: start FollowerState
2019-10-15 16:29:44,473 [grpc-default-executor-0] INFO  impl.RoleInfo (RoleInfo.java:updateAndGet(143)) - 14091fe6-d183-4b46-be93-2ba964a39c73: start FollowerState
2019-10-15 16:29:44,507 [f5624850-682f-4ec5-bb5c-f79627fc299e@group-C25BD028928E-LeaderElection99] INFO  impl.LeaderElection (LeaderElection.java:logAndReturn(56)) - f5624850-682f-4ec5-bb5c-f79627fc299e@group-C25BD028928E-LeaderElection99: Election REJECTED; received 2 response(s) [f5624850-682f-4ec5-bb5c-f79627fc299e<-f581660d-af3d-4f5f-b57d-f4cb54f048b9#0:FAIL-t81, f5624850-682f-4ec5-bb5c-f79627fc299e<-14091fe6-d183-4b46-be93-2ba964a39c73#0:FAIL-t81] and 0 exception(s); f5624850-682f-4ec5-bb5c-f79627fc299e@group-C25BD028928E:t81, leader=null, voted=f5624850-682f-4ec5-bb5c-f79627fc299e, raftlog=f5624850-682f-4ec5-bb5c-f79627fc299e@group-C25BD028928E-SegmentedRaftLog:OPENED:c-1,f-1,i0, conf=-1: [f581660d-af3d-4f5f-b57d-f4cb54f048b9:192.168.164.239:42501, f5624850-682f-4ec5-bb5c-f79627fc299e:192.168.164.239:39499, 14091fe6-d183-4b46-be93-2ba964a39c73:192.168.164.239:34827], old=null
2019-10-15 16:29:44,507 [f5624850-682f-4ec5-bb5c-f79627fc299e@group-C25BD028928E-LeaderElection99] INFO  impl.RaftServerImpl (RaftServerImpl.java:setRole(184)) - f5624850-682f-4ec5-bb5c-f79627fc299e@group-C25BD028928E: changes role from CANDIDATE to FOLLOWER at term 81 for DISCOVERED_A_NEW_TERM
2019-10-15 16:29:44,507 [f5624850-682f-4ec5-bb5c-f79627fc299e@group-C25BD028928E-LeaderElection99] INFO  impl.RoleInfo (RoleInfo.java:shutdownLeaderElection(134)) - f5624850-682f-4ec5-bb5c-f79627fc299e: shutdown LeaderElection
2019-10-15 16:29:44,507 [f5624850-682f-4ec5-bb5c-f79627fc299e@group-C25BD028928E-LeaderElection99] INFO  impl.RoleInfo (RoleInfo.java:updateAndGet(143)) - f5624850-682f-4ec5-bb5c-f79627fc299e: start FollowerState
2019-10-15 16:29:44,666 [Thread-1068] INFO  impl.FollowerState (FollowerState.java:run(108)) - f5624850-682f-4ec5-bb5c-f79627fc299e@group-C25BD028928E-FollowerState: change to CANDIDATE, lastRpcTime:158ms, electionTimeout:158ms
2019-10-15 16:29:44,666 [Thread-1068] INFO  impl.RoleInfo (RoleInfo.java:shutdownFollowerState(121)) - f5624850-682f-4ec5-bb5c-f79627fc299e: shutdown FollowerState
2019-10-15 16:29:44,666 [Thread-1068] INFO  impl.RaftServerImpl (RaftServerImpl.java:setRole(184)) - f5624850-682f-4ec5-bb5c-f79627fc299e@group-C25BD028928E: changes role from  FOLLOWER to CANDIDATE at term 81 for changeToCandidate
2019-10-15 16:29:44,666 [Thread-1068] INFO  impl.RoleInfo (RoleInfo.java:updateAndGet(143)) - f5624850-682f-4ec5-bb5c-f79627fc299e: start LeaderElection
2019-10-15 16:29:44,689 [f5624850-682f-4ec5-bb5c-f79627fc299e@group-C25BD028928E-LeaderElection100] INFO  impl.LeaderElection (LeaderElection.java:askForVotes(178)) - f5624850-682f-4ec5-bb5c-f79627fc299e@group-C25BD028928E-LeaderElection100: begin an election at term 82 for -1: [f581660d-af3d-4f5f-b57d-f4cb54f048b9:192.168.164.239:42501, f5624850-682f-4ec5-bb5c-f79627fc299e:192.168.164.239:39499, 14091fe6-d183-4b46-be93-2ba964a39c73:192.168.164.239:34827], old=null
2019-10-15 16:29:44,691 [grpc-default-executor-0] INFO  impl.RaftServerImpl (RaftServerImpl.java:setRole(184)) - 14091fe6-d183-4b46-be93-2ba964a39c73@group-C25BD028928E: changes role from  FOLLOWER to FOLLOWER at term 82 for recognizeCandidate:f5624850-682f-4ec5-bb5c-f79627fc299e
2019-10-15 16:29:44,691 [grpc-default-executor-10] INFO  impl.RaftServerImpl (RaftServerImpl.java:setRole(184)) - f581660d-af3d-4f5f-b57d-f4cb54f048b9@group-C25BD028928E: changes role from  FOLLOWER to FOLLOWER at term 82 for recognizeCandidate:f5624850-682f-4ec5-bb5c-f79627fc299e
2019-10-15 16:29:44,692 [grpc-default-executor-10] INFO  impl.RoleInfo (RoleInfo.java:shutdownFollowerState(121)) - f581660d-af3d-4f5f-b57d-f4cb54f048b9: shutdown FollowerState
2019-10-15 16:29:44,691 [grpc-default-executor-0] INFO  impl.RoleInfo (RoleInfo.java:shutdownFollowerState(121)) - 14091fe6-d183-4b46-be93-2ba964a39c73: shutdown FollowerState
2019-10-15 16:29:44,692 [grpc-default-executor-10] INFO  impl.RoleInfo (RoleInfo.java:updateAndGet(143)) - f581660d-af3d-4f5f-b57d-f4cb54f048b9: start FollowerState
2019-10-15 16:29:44,692 [Thread-1060] INFO  impl.FollowerState (FollowerState.java:run(117)) - f581660d-af3d-4f5f-b57d-f4cb54f048b9@group-C25BD028928E-FollowerState was interrupted: java.lang.InterruptedException: sleep interrupted
2019-10-15 16:29:44,692 [grpc-default-executor-0] INFO  impl.RoleInfo (RoleInfo.java:updateAndGet(143)) - 14091fe6-d183-4b46-be93-2ba964a39c73: start FollowerState
2019-10-15 16:29:44,692 [Thread-1061] INFO  impl.FollowerState (FollowerState.java:run(117)) - 14091fe6-d183-4b46-be93-2ba964a39c73@group-C25BD028928E-FollowerState was interrupted: java.lang.InterruptedException: sleep interrupted
2019-10-15 16:29:44,716 [f5624850-682f-4ec5-bb5c-f79627fc299e@group-C25BD028928E-LeaderElection100] INFO  impl.LeaderElection (LeaderElection.java:logAndReturn(56)) - f5624850-682f-4ec5-bb5c-f79627fc299e@group-C25BD028928E-LeaderElection100: Election REJECTED; received 2 response(s) [f5624850-682f-4ec5-bb5c-f79627fc299e<-f581660d-af3d-4f5f-b57d-f4cb54f048b9#0:FAIL-t82, f5624850-682f-4ec5-bb5c-f79627fc299e<-14091fe6-d183-4b46-be93-2ba964a39c73#0:FAIL-t82] and 0 exception(s); f5624850-682f-4ec5-bb5c-f79627fc299e@group-C25BD028928E:t82, leader=null, voted=f5624850-682f-4ec5-bb5c-f79627fc299e, raftlog=f5624850-682f-4ec5-bb5c-f79627fc299e@group-C25BD028928E-SegmentedRaftLog:OPENED:c-1,f-1,i0, conf=-1: [f581660d-af3d-4f5f-b57d-f4cb54f048b9:192.168.164.239:42501, f5624850-682f-4ec5-bb5c-f79627fc299e:192.168.164.239:39499, 14091fe6-d183-4b46-be93-2ba964a39c73:192.168.164.239:34827], old=null
2019-10-15 16:29:44,716 [f5624850-682f-4ec5-bb5c-f79627fc299e@group-C25BD028928E-LeaderElection100] INFO  impl.RaftServerImpl (RaftServerImpl.java:setRole(184)) - f5624850-682f-4ec5-bb5c-f79627fc299e@group-C25BD028928E: changes role from CANDIDATE to FOLLOWER at term 82 for DISCOVERED_A_NEW_TERM
2019-10-15 16:29:44,716 [f5624850-682f-4ec5-bb5c-f79627fc299e@group-C25BD028928E-LeaderElection100] INFO  impl.RoleInfo (RoleInfo.java:shutdownLeaderElection(134)) - f5624850-682f-4ec5-bb5c-f79627fc299e: shutdown LeaderElection
2019-10-15 16:29:44,716 [f5624850-682f-4ec5-bb5c-f79627fc299e@group-C25BD028928E-LeaderElection100] INFO  impl.RoleInfo (RoleInfo.java:updateAndGet(143)) - f5624850-682f-4ec5-bb5c-f79627fc299e: start FollowerState
2019-10-15 16:29:44,771 [Thread-1083] INFO  impl.FollowerState (FollowerState.java:run(108)) - f5624850-682f-4ec5-bb5c-f79627fc299e@group-C25BD028928E-FollowerState: change to CANDIDATE, lastRpcTime:54ms, electionTimeout:54ms
2019-10-15 16:29:44,771 [Thread-1083] INFO  impl.RoleInfo (RoleInfo.java:shutdownFollowerState(121)) - f5624850-682f-4ec5-bb5c-f79627fc299e: shutdown FollowerState
2019-10-15 16:29:44,771 [Thread-1083] INFO  impl.RaftServerImpl (RaftServerImpl.java:setRole(184)) - f5624850-682f-4ec5-bb5c-f79627fc299e@group-C25BD028928E: changes role from  FOLLOWER to CANDIDATE at term 82 for changeToCandidate
2019-10-15 16:29:44,771 [Thread-1083] INFO  impl.RoleInfo (RoleInfo.java:updateAndGet(143)) - f5624850-682f-4ec5-bb5c-f79627fc299e: start LeaderElection
2019-10-15 16:29:44,792 [f5624850-682f-4ec5-bb5c-f79627fc299e@group-C25BD028928E-LeaderElection101] INFO  impl.LeaderElection (LeaderElection.java:askForVotes(178)) - f5624850-682f-4ec5-bb5c-f79627fc299e@group-C25BD028928E-LeaderElection101: begin an election at term 83 for -1: [f581660d-af3d-4f5f-b57d-f4cb54f048b9:192.168.164.239:42501, f5624850-682f-4ec5-bb5c-f79627fc299e:192.168.164.239:39499, 14091fe6-d183-4b46-be93-2ba964a39c73:192.168.164.239:34827], old=null
2019-10-15 16:29:44,794 [grpc-default-executor-0] INFO  impl.RaftServerImpl (RaftServerImpl.java:setRole(184)) - 14091fe6-d183-4b46-be93-2ba964a39c73@group-C25BD028928E: changes role from  FOLLOWER to FOLLOWER at term 83 for recognizeCandidate:f5624850-682f-4ec5-bb5c-f79627fc299e
2019-10-15 16:29:44,794 [grpc-default-executor-10] INFO  impl.RaftServerImpl (RaftServerImpl.java:setRole(184)) - f581660d-af3d-4f5f-b57d-f4cb54f048b9@group-C25BD028928E: changes role from  FOLLOWER to FOLLOWER at term 83 for recognizeCandidate:f5624850-682f-4ec5-bb5c-f79627fc299e
2019-10-15 16:29:44,794 [grpc-default-executor-0] INFO  impl.RoleInfo (RoleInfo.java:shutdownFollowerState(121)) - 14091fe6-d183-4b46-be93-2ba964a39c73: shutdown FollowerState
2019-10-15 16:29:44,794 [grpc-default-executor-10] INFO  impl.RoleInfo (RoleInfo.java:shutdownFollowerState(121)) - f581660d-af3d-4f5f-b57d-f4cb54f048b9: shutdown FollowerState
2019-10-15 16:29:44,794 [Thread-1081] INFO  impl.FollowerState (FollowerState.java:run(117)) - 14091fe6-d183-4b46-be93-2ba964a39c73@group-C25BD028928E-FollowerState was interrupted: java.lang.InterruptedException: sleep interrupted
2019-10-15 16:29:44,794 [grpc-default-executor-0] INFO  impl.RoleInfo (RoleInfo.java:updateAndGet(143)) - 14091fe6-d183-4b46-be93-2ba964a39c73: start FollowerState
2019-10-15 16:29:44,794 [Thread-1080] INFO  impl.FollowerState (FollowerState.java:run(117)) - f581660d-af3d-4f5f-b57d-f4cb54f048b9@group-C25BD028928E-FollowerState was interrupted: java.lang.InterruptedException: sleep interrupted
2019-10-15 16:29:44,794 [grpc-default-executor-10] INFO  impl.RoleInfo (RoleInfo.java:updateAndGet(143)) - f581660d-af3d-4f5f-b57d-f4cb54f048b9: start FollowerState
2019-10-15 16:29:44,805 [main] INFO  ozone.MiniOzoneClusterImpl (MiniOzoneClusterImpl.java:shutdown(314)) - Shutting down the Mini Ozone Cluster
2019-10-15 16:29:44,805 [main] INFO  ozone.MiniOzoneClusterImpl (MiniOzoneClusterImpl.java:stop(330)) - Stopping the Mini Ozone Cluster
2019-10-15 16:29:44,806 [main] INFO  ozone.MiniOzoneClusterImpl (MiniOzoneClusterImpl.java:stopOM(400)) - Stopping the OzoneManager
2019-10-15 16:29:44,806 [main] INFO  ipc.Server (Server.java:stop(3082)) - Stopping server on 45173
2019-10-15 16:29:44,810 [IPC Server listener on 45173] INFO  ipc.Server (Server.java:run(1185)) - Stopping IPC Server listener on 45173
2019-10-15 16:29:44,812 [main] INFO  ratis.OzoneManagerDoubleBuffer (OzoneManagerDoubleBuffer.java:stop(250)) - Stopping OMDoubleBuffer flush thread
2019-10-15 16:29:44,813 [IPC Server Responder] INFO  ipc.Server (Server.java:run(1319)) - Stopping IPC Server Responder
2019-10-15 16:29:44,819 [OMDoubleBufferFlushThread] INFO  ratis.OzoneManagerDoubleBuffer (OzoneManagerDoubleBuffer.java:flushTransactions(193)) - OMDoubleBuffer flush thread OMDoubleBufferFlushThread is interrupted and will exit. OMDoubleBufferFlushThread
2019-10-15 16:29:44,828 [main] INFO  utils.BackgroundService (BackgroundService.java:shutdown(151)) - Shutting down service KeyDeletingService
2019-10-15 16:29:44,836 [f5624850-682f-4ec5-bb5c-f79627fc299e@group-C25BD028928E-LeaderElection101] INFO  impl.LeaderElection (LeaderElection.java:logAndReturn(56)) - f5624850-682f-4ec5-bb5c-f79627fc299e@group-C25BD028928E-LeaderElection101: Election REJECTED; received 2 response(s) [f5624850-682f-4ec5-bb5c-f79627fc299e<-f581660d-af3d-4f5f-b57d-f4cb54f048b9#0:FAIL-t83, f5624850-682f-4ec5-bb5c-f79627fc299e<-14091fe6-d183-4b46-be93-2ba964a39c73#0:FAIL-t83] and 0 exception(s); f5624850-682f-4ec5-bb5c-f79627fc299e@group-C25BD028928E:t83, leader=null, voted=f5624850-682f-4ec5-bb5c-f79627fc299e, raftlog=f5624850-682f-4ec5-bb5c-f79627fc299e@group-C25BD028928E-SegmentedRaftLog:OPENED:c-1,f-1,i0, conf=-1: [f581660d-af3d-4f5f-b57d-f4cb54f048b9:192.168.164.239:42501, f5624850-682f-4ec5-bb5c-f79627fc299e:192.168.164.239:39499, 14091fe6-d183-4b46-be93-2ba964a39c73:192.168.164.239:34827], old=null
2019-10-15 16:29:44,836 [f5624850-682f-4ec5-bb5c-f79627fc299e@group-C25BD028928E-LeaderElection101] INFO  impl.RaftServerImpl (RaftServerImpl.java:setRole(184)) - f5624850-682f-4ec5-bb5c-f79627fc299e@group-C25BD028928E: changes role from CANDIDATE to FOLLOWER at term 83 for DISCOVERED_A_NEW_TERM
2019-10-15 16:29:44,837 [f5624850-682f-4ec5-bb5c-f79627fc299e@group-C25BD028928E-LeaderElection101] INFO  impl.RoleInfo (RoleInfo.java:shutdownLeaderElection(134)) - f5624850-682f-4ec5-bb5c-f79627fc299e: shutdown LeaderElection
2019-10-15 16:29:44,837 [f5624850-682f-4ec5-bb5c-f79627fc299e@group-C25BD028928E-LeaderElection101] INFO  impl.RoleInfo (RoleInfo.java:updateAndGet(143)) - f5624850-682f-4ec5-bb5c-f79627fc299e: start FollowerState
2019-10-15 16:29:44,839 [main] INFO  handler.ContextHandler (ContextHandler.java:doStop(910)) - Stopped o.e.j.w.WebAppContext@12db3386{/,null,UNAVAILABLE}{/ozoneManager}
2019-10-15 16:29:44,844 [main] INFO  server.AbstractConnector (AbstractConnector.java:doStop(318)) - Stopped ServerConnector@4078695f{HTTP/1.1,[http/1.1]}{0.0.0.0:0}
2019-10-15 16:29:44,844 [main] INFO  handler.ContextHandler (ContextHandler.java:doStop(910)) - Stopped o.e.j.s.ServletContextHandler@30b2b76f{/static,file:///workdir/hadoop-ozone/integration-test/target/test-classes/webapps/static,UNAVAILABLE}
2019-10-15 16:29:44,844 [main] INFO  handler.ContextHandler (ContextHandler.java:doStop(910)) - Stopped o.e.j.s.ServletContextHandler@6b63d445{/logs,file:///workdir/hadoop-ozone/integration-test/target/log,UNAVAILABLE}
2019-10-15 16:29:44,854 [main] INFO  ozone.MiniOzoneClusterImpl (MiniOzoneClusterImpl.java:stopDatanodes(377)) - Stopping the HddsDatanodes
2019-10-15 16:29:45,005 [Thread-1114] INFO  impl.FollowerState (FollowerState.java:run(108)) - f5624850-682f-4ec5-bb5c-f79627fc299e@group-C25BD028928E-FollowerState: change to CANDIDATE, lastRpcTime:168ms, electionTimeout:168ms
2019-10-15 16:29:45,005 [Thread-1114] INFO  impl.RoleInfo (RoleInfo.java:shutdownFollowerState(121)) - f5624850-682f-4ec5-bb5c-f79627fc299e: shutdown FollowerState
2019-10-15 16:29:45,006 [Thread-1114] INFO  impl.RaftServerImpl (RaftServerImpl.java:setRole(184)) - f5624850-682f-4ec5-bb5c-f79627fc299e@group-C25BD028928E: changes role from  FOLLOWER to CANDIDATE at term 83 for changeToCandidate
2019-10-15 16:29:45,006 [Thread-1114] INFO  impl.RoleInfo (RoleInfo.java:updateAndGet(143)) - f5624850-682f-4ec5-bb5c-f79627fc299e: start LeaderElection
2019-10-15 16:29:45,035 [f5624850-682f-4ec5-bb5c-f79627fc299e@group-C25BD028928E-LeaderElection102] INFO  impl.LeaderElection (LeaderElection.java:askForVotes(178)) - f5624850-682f-4ec5-bb5c-f79627fc299e@group-C25BD028928E-LeaderElection102: begin an election at term 84 for -1: [f581660d-af3d-4f5f-b57d-f4cb54f048b9:192.168.164.239:42501, f5624850-682f-4ec5-bb5c-f79627fc299e:192.168.164.239:39499, 14091fe6-d183-4b46-be93-2ba964a39c73:192.168.164.239:34827], old=null
2019-10-15 16:29:45,037 [grpc-default-executor-0] INFO  impl.RaftServerImpl (RaftServerImpl.java:setRole(184)) - 14091fe6-d183-4b46-be93-2ba964a39c73@group-C25BD028928E: changes role from  FOLLOWER to FOLLOWER at term 84 for recognizeCandidate:f5624850-682f-4ec5-bb5c-f79627fc299e
2019-10-15 16:29:45,037 [grpc-default-executor-0] INFO  impl.RoleInfo (RoleInfo.java:shutdownFollowerState(121)) - 14091fe6-d183-4b46-be93-2ba964a39c73: shutdown FollowerState
2019-10-15 16:29:45,038 [grpc-default-executor-10] INFO  impl.RaftServerImpl (RaftServerImpl.java:setRole(184)) - f581660d-af3d-4f5f-b57d-f4cb54f048b9@group-C25BD028928E: changes role from  FOLLOWER to FOLLOWER at term 84 for recognizeCandidate:f5624850-682f-4ec5-bb5c-f79627fc299e
2019-10-15 16:29:45,038 [Thread-1109] INFO  impl.FollowerState (FollowerState.java:run(117)) - 14091fe6-d183-4b46-be93-2ba964a39c73@group-C25BD028928E-FollowerState was interrupted: java.lang.InterruptedException: sleep interrupted
2019-10-15 16:29:45,038 [grpc-default-executor-0] INFO  impl.RoleInfo (RoleInfo.java:updateAndGet(143)) - 14091fe6-d183-4b46-be93-2ba964a39c73: start FollowerState
2019-10-15 16:29:45,038 [grpc-default-executor-10] INFO  impl.RoleInfo (RoleInfo.java:shutdownFollowerState(121)) - f581660d-af3d-4f5f-b57d-f4cb54f048b9: shutdown FollowerState
2019-10-15 16:29:45,038 [grpc-default-executor-10] INFO  impl.RoleInfo (RoleInfo.java:updateAndGet(143)) - f581660d-af3d-4f5f-b57d-f4cb54f048b9: start FollowerState
2019-10-15 16:29:45,038 [Thread-1110] INFO  impl.FollowerState (FollowerState.java:run(117)) - f581660d-af3d-4f5f-b57d-f4cb54f048b9@group-C25BD028928E-FollowerState was interrupted: java.lang.InterruptedException: sleep interrupted
2019-10-15 16:29:45,062 [f5624850-682f-4ec5-bb5c-f79627fc299e@group-C25BD028928E-LeaderElection102] INFO  impl.LeaderElection (LeaderElection.java:logAndReturn(56)) - f5624850-682f-4ec5-bb5c-f79627fc299e@group-C25BD028928E-LeaderElection102: Election REJECTED; received 2 response(s) [f5624850-682f-4ec5-bb5c-f79627fc299e<-f581660d-af3d-4f5f-b57d-f4cb54f048b9#0:FAIL-t84, f5624850-682f-4ec5-bb5c-f79627fc299e<-14091fe6-d183-4b46-be93-2ba964a39c73#0:FAIL-t84] and 0 exception(s); f5624850-682f-4ec5-bb5c-f79627fc299e@group-C25BD028928E:t84, leader=null, voted=f5624850-682f-4ec5-bb5c-f79627fc299e, raftlog=f5624850-682f-4ec5-bb5c-f79627fc299e@group-C25BD028928E-SegmentedRaftLog:OPENED:c-1,f-1,i0, conf=-1: [f581660d-af3d-4f5f-b57d-f4cb54f048b9:192.168.164.239:42501, f5624850-682f-4ec5-bb5c-f79627fc299e:192.168.164.239:39499, 14091fe6-d183-4b46-be93-2ba964a39c73:192.168.164.239:34827], old=null
2019-10-15 16:29:45,062 [f5624850-682f-4ec5-bb5c-f79627fc299e@group-C25BD028928E-LeaderElection102] INFO  impl.RaftServerImpl (RaftServerImpl.java:setRole(184)) - f5624850-682f-4ec5-bb5c-f79627fc299e@group-C25BD028928E: changes role from CANDIDATE to FOLLOWER at term 84 for DISCOVERED_A_NEW_TERM
2019-10-15 16:29:45,062 [f5624850-682f-4ec5-bb5c-f79627fc299e@group-C25BD028928E-LeaderElection102] INFO  impl.RoleInfo (RoleInfo.java:shutdownLeaderElection(134)) - f5624850-682f-4ec5-bb5c-f79627fc299e: shutdown LeaderElection
2019-10-15 16:29:45,062 [f5624850-682f-4ec5-bb5c-f79627fc299e@group-C25BD028928E-LeaderElection102] INFO  impl.RoleInfo (RoleInfo.java:updateAndGet(143)) - f5624850-682f-4ec5-bb5c-f79627fc299e: start FollowerState
2019-10-15 16:29:45,143 [Thread-1127] INFO  impl.FollowerState (FollowerState.java:run(108)) - f5624850-682f-4ec5-bb5c-f79627fc299e@group-C25BD028928E-FollowerState: change to CANDIDATE, lastRpcTime:81ms, electionTimeout:81ms
2019-10-15 16:29:45,144 [Thread-1127] INFO  impl.RoleInfo (RoleInfo.java:shutdownFollowerState(121)) - f5624850-682f-4ec5-bb5c-f79627fc299e: shutdown FollowerState
2019-10-15 16:29:45,144 [Thread-1127] INFO  impl.RaftServerImpl (RaftServerImpl.java:setRole(184)) - f5624850-682f-4ec5-bb5c-f79627fc299e@group-C25BD028928E: changes role from  FOLLOWER to CANDIDATE at term 84 for changeToCandidate
2019-10-15 16:29:45,144 [Thread-1127] INFO  impl.RoleInfo (RoleInfo.java:updateAndGet(143)) - f5624850-682f-4ec5-bb5c-f79627fc299e: start LeaderElection
2019-10-15 16:29:45,165 [f5624850-682f-4ec5-bb5c-f79627fc299e@group-C25BD028928E-LeaderElection103] INFO  impl.LeaderElection (LeaderElection.java:askForVotes(178)) - f5624850-682f-4ec5-bb5c-f79627fc299e@group-C25BD028928E-LeaderElection103: begin an election at term 85 for -1: [f581660d-af3d-4f5f-b57d-f4cb54f048b9:192.168.164.239:42501, f5624850-682f-4ec5-bb5c-f79627fc299e:192.168.164.239:39499, 14091fe6-d183-4b46-be93-2ba964a39c73:192.168.164.239:34827], old=null
2019-10-15 16:29:45,167 [grpc-default-executor-0] INFO  impl.RaftServerImpl (RaftServerImpl.java:setRole(184)) - 14091fe6-d183-4b46-be93-2ba964a39c73@group-C25BD028928E: changes role from  FOLLOWER to FOLLOWER at term 85 for recognizeCandidate:f5624850-682f-4ec5-bb5c-f79627fc299e
2019-10-15 16:29:45,168 [grpc-default-executor-0] INFO  impl.RoleInfo (RoleInfo.java:shutdownFollowerState(121)) - 14091fe6-d183-4b46-be93-2ba964a39c73: shutdown FollowerState
2019-10-15 16:29:45,168 [grpc-default-executor-11] INFO  impl.RaftServerImpl (RaftServerImpl.java:setRole(184)) - f581660d-af3d-4f5f-b57d-f4cb54f048b9@group-C25BD028928E: changes role from  FOLLOWER to FOLLOWER at term 85 for recognizeCandidate:f5624850-682f-4ec5-bb5c-f79627fc299e
2019-10-15 16:29:45,168 [Thread-1118] INFO  impl.FollowerState (FollowerState.java:run(117)) - 14091fe6-d183-4b46-be93-2ba964a39c73@group-C25BD028928E-FollowerState was interrupted: java.lang.InterruptedException: sleep interrupted
2019-10-15 16:29:45,168 [grpc-default-executor-0] INFO  impl.RoleInfo (RoleInfo.java:updateAndGet(143)) - 14091fe6-d183-4b46-be93-2ba964a39c73: start FollowerState
2019-10-15 16:29:45,168 [grpc-default-executor-11] INFO  impl.RoleInfo (RoleInfo.java:shutdownFollowerState(121)) - f581660d-af3d-4f5f-b57d-f4cb54f048b9: shutdown FollowerState
2019-10-15 16:29:45,168 [grpc-default-executor-11] INFO  impl.RoleInfo (RoleInfo.java:updateAndGet(143)) - f581660d-af3d-4f5f-b57d-f4cb54f048b9: start FollowerState
2019-10-15 16:29:45,168 [Thread-1119] INFO  impl.FollowerState (FollowerState.java:run(117)) - f581660d-af3d-4f5f-b57d-f4cb54f048b9@group-C25BD028928E-FollowerState was interrupted: java.lang.InterruptedException: sleep interrupted
2019-10-15 16:29:45,184 [f5624850-682f-4ec5-bb5c-f79627fc299e@group-C25BD028928E-LeaderElection103] INFO  impl.LeaderElection (LeaderElection.java:logAndReturn(56)) - f5624850-682f-4ec5-bb5c-f79627fc299e@group-C25BD028928E-LeaderElection103: Election REJECTED; received 2 response(s) [f5624850-682f-4ec5-bb5c-f79627fc299e<-f581660d-af3d-4f5f-b57d-f4cb54f048b9#0:FAIL-t85, f5624850-682f-4ec5-bb5c-f79627fc299e<-14091fe6-d183-4b46-be93-2ba964a39c73#0:FAIL-t85] and 0 exception(s); f5624850-682f-4ec5-bb5c-f79627fc299e@group-C25BD028928E:t85, leader=null, voted=f5624850-682f-4ec5-bb5c-f79627fc299e, raftlog=f5624850-682f-4ec5-bb5c-f79627fc299e@group-C25BD028928E-SegmentedRaftLog:OPENED:c-1,f-1,i0, conf=-1: [f581660d-af3d-4f5f-b57d-f4cb54f048b9:192.168.164.239:42501, f5624850-682f-4ec5-bb5c-f79627fc299e:192.168.164.239:39499, 14091fe6-d183-4b46-be93-2ba964a39c73:192.168.164.239:34827], old=null
2019-10-15 16:29:45,184 [f5624850-682f-4ec5-bb5c-f79627fc299e@group-C25BD028928E-LeaderElection103] INFO  impl.RaftServerImpl (RaftServerImpl.java:setRole(184)) - f5624850-682f-4ec5-bb5c-f79627fc299e@group-C25BD028928E: changes role from CANDIDATE to FOLLOWER at term 85 for DISCOVERED_A_NEW_TERM
2019-10-15 16:29:45,184 [f5624850-682f-4ec5-bb5c-f79627fc299e@group-C25BD028928E-LeaderElection103] INFO  impl.RoleInfo (RoleInfo.java:shutdownLeaderElection(134)) - f5624850-682f-4ec5-bb5c-f79627fc299e: shutdown LeaderElection
2019-10-15 16:29:45,184 [f5624850-682f-4ec5-bb5c-f79627fc299e@group-C25BD028928E-LeaderElection103] INFO  impl.RoleInfo (RoleInfo.java:updateAndGet(143)) - f5624850-682f-4ec5-bb5c-f79627fc299e: start FollowerState
2019-10-15 16:29:45,255 [Thread-1139] INFO  impl.FollowerState (FollowerState.java:run(108)) - f5624850-682f-4ec5-bb5c-f79627fc299e@group-C25BD028928E-FollowerState: change to CANDIDATE, lastRpcTime:70ms, electionTimeout:70ms
2019-10-15 16:29:45,255 [Thread-1139] INFO  impl.RoleInfo (RoleInfo.java:shutdownFollowerState(121)) - f5624850-682f-4ec5-bb5c-f79627fc299e: shutdown FollowerState
2019-10-15 16:29:45,255 [Thread-1139] INFO  impl.RaftServerImpl (RaftServerImpl.java:setRole(184)) - f5624850-682f-4ec5-bb5c-f79627fc299e@group-C25BD028928E: changes role from  FOLLOWER to CANDIDATE at term 85 for changeToCandidate
2019-10-15 16:29:45,255 [Thread-1139] INFO  impl.RoleInfo (RoleInfo.java:updateAndGet(143)) - f5624850-682f-4ec5-bb5c-f79627fc299e: start LeaderElection
2019-10-15 16:29:45,278 [f5624850-682f-4ec5-bb5c-f79627fc299e@group-C25BD028928E-LeaderElection104] INFO  impl.LeaderElection (LeaderElection.java:askForVotes(178)) - f5624850-682f-4ec5-bb5c-f79627fc299e@group-C25BD028928E-LeaderElection104: begin an election at term 86 for -1: [f581660d-af3d-4f5f-b57d-f4cb54f048b9:192.168.164.239:42501, f5624850-682f-4ec5-bb5c-f79627fc299e:192.168.164.239:39499, 14091fe6-d183-4b46-be93-2ba964a39c73:192.168.164.239:34827], old=null
2019-10-15 16:29:45,280 [grpc-default-executor-0] INFO  impl.RaftServerImpl (RaftServerImpl.java:setRole(184)) - 14091fe6-d183-4b46-be93-2ba964a39c73@group-C25BD028928E: changes role from  FOLLOWER to FOLLOWER at term 86 for recognizeCandidate:f5624850-682f-4ec5-bb5c-f79627fc299e
2019-10-15 16:29:45,280 [grpc-default-executor-0] INFO  impl.RoleInfo (RoleInfo.java:shutdownFollowerState(121)) - 14091fe6-d183-4b46-be93-2ba964a39c73: shutdown FollowerState
2019-10-15 16:29:45,280 [grpc-default-executor-11] INFO  impl.RaftServerImpl (RaftServerImpl.java:setRole(184)) - f581660d-af3d-4f5f-b57d-f4cb54f048b9@group-C25BD028928E: changes role from  FOLLOWER to FOLLOWER at term 86 for recognizeCandidate:f5624850-682f-4ec5-bb5c-f79627fc299e
2019-10-15 16:29:45,280 [Thread-1137] INFO  impl.FollowerState (FollowerState.java:run(117)) - 14091fe6-d183-4b46-be93-2ba964a39c73@group-C25BD028928E-FollowerState was interrupted: java.lang.InterruptedException: sleep interrupted
2019-10-15 16:29:45,280 [grpc-default-executor-0] INFO  impl.RoleInfo (RoleInfo.java:updateAndGet(143)) - 14091fe6-d183-4b46-be93-2ba964a39c73: start FollowerState
2019-10-15 16:29:45,280 [grpc-default-executor-11] INFO  impl.RoleInfo (RoleInfo.java:shutdownFollowerState(121)) - f581660d-af3d-4f5f-b57d-f4cb54f048b9: shutdown FollowerState
2019-10-15 16:29:45,281 [grpc-default-executor-11] INFO  impl.RoleInfo (RoleInfo.java:updateAndGet(143)) - f581660d-af3d-4f5f-b57d-f4cb54f048b9: start FollowerState
2019-10-15 16:29:45,281 [Thread-1138] INFO  impl.FollowerState (FollowerState.java:run(117)) - f581660d-af3d-4f5f-b57d-f4cb54f048b9@group-C25BD028928E-FollowerState was interrupted: java.lang.InterruptedException: sleep interrupted
2019-10-15 16:29:45,314 [f5624850-682f-4ec5-bb5c-f79627fc299e@group-C25BD028928E-LeaderElection104] INFO  impl.LeaderElection (LeaderElection.java:logAndReturn(56)) - f5624850-682f-4ec5-bb5c-f79627fc299e@group-C25BD028928E-LeaderElection104: Election REJECTED; received 2 response(s) [f5624850-682f-4ec5-bb5c-f79627fc299e<-f581660d-af3d-4f5f-b57d-f4cb54f048b9#0:FAIL-t86, f5624850-682f-4ec5-bb5c-f79627fc299e<-14091fe6-d183-4b46-be93-2ba964a39c73#0:FAIL-t86] and 0 exception(s); f5624850-682f-4ec5-bb5c-f79627fc299e@group-C25BD028928E:t86, leader=null, voted=f5624850-682f-4ec5-bb5c-f79627fc299e, raftlog=f5624850-682f-4ec5-bb5c-f79627fc299e@group-C25BD028928E-SegmentedRaftLog:OPENED:c-1,f-1,i0, conf=-1: [f581660d-af3d-4f5f-b57d-f4cb54f048b9:192.168.164.239:42501, f5624850-682f-4ec5-bb5c-f79627fc299e:192.168.164.239:39499, 14091fe6-d183-4b46-be93-2ba964a39c73:192.168.164.239:34827], old=null
2019-10-15 16:29:45,314 [f5624850-682f-4ec5-bb5c-f79627fc299e@group-C25BD028928E-LeaderElection104] INFO  impl.RaftServerImpl (RaftServerImpl.java:setRole(184)) - f5624850-682f-4ec5-bb5c-f79627fc299e@group-C25BD028928E: changes role from CANDIDATE to FOLLOWER at term 86 for DISCOVERED_A_NEW_TERM
2019-10-15 16:29:45,314 [f5624850-682f-4ec5-bb5c-f79627fc299e@group-C25BD028928E-LeaderElection104] INFO  impl.RoleInfo (RoleInfo.java:shutdownLeaderElection(134)) - f5624850-682f-4ec5-bb5c-f79627fc299e: shutdown LeaderElection
2019-10-15 16:29:45,314 [f5624850-682f-4ec5-bb5c-f79627fc299e@group-C25BD028928E-LeaderElection104] INFO  impl.RoleInfo (RoleInfo.java:updateAndGet(143)) - f5624850-682f-4ec5-bb5c-f79627fc299e: start FollowerState
2019-10-15 16:29:45,408 [Datanode State Machine Thread - 0] INFO  statemachine.DatanodeStateMachine (DatanodeStateMachine.java:lambda$startDaemon$0(350)) - Ozone container server started.
2019-10-15 16:29:45,410 [Thread-1145] INFO  impl.FollowerState (FollowerState.java:run(108)) - f5624850-682f-4ec5-bb5c-f79627fc299e@group-C25BD028928E-FollowerState: change to CANDIDATE, lastRpcTime:96ms, electionTimeout:96ms
2019-10-15 16:29:45,411 [Thread-1145] INFO  impl.RoleInfo (RoleInfo.java:shutdownFollowerState(121)) - f5624850-682f-4ec5-bb5c-f79627fc299e: shutdown FollowerState
2019-10-15 16:29:45,411 [Thread-1145] INFO  impl.RaftServerImpl (RaftServerImpl.java:setRole(184)) - f5624850-682f-4ec5-bb5c-f79627fc299e@group-C25BD028928E: changes role from  FOLLOWER to CANDIDATE at term 86 for changeToCandidate
2019-10-15 16:29:45,411 [Thread-1145] INFO  impl.RoleInfo (RoleInfo.java:updateAndGet(143)) - f5624850-682f-4ec5-bb5c-f79627fc299e: start LeaderElection
2019-10-15 16:29:45,433 [f5624850-682f-4ec5-bb5c-f79627fc299e@group-C25BD028928E-LeaderElection105] INFO  impl.LeaderElection (LeaderElection.java:askForVotes(178)) - f5624850-682f-4ec5-bb5c-f79627fc299e@group-C25BD028928E-LeaderElection105: begin an election at term 87 for -1: [f581660d-af3d-4f5f-b57d-f4cb54f048b9:192.168.164.239:42501, f5624850-682f-4ec5-bb5c-f79627fc299e:192.168.164.239:39499, 14091fe6-d183-4b46-be93-2ba964a39c73:192.168.164.239:34827], old=null
2019-10-15 16:29:45,435 [grpc-default-executor-0] INFO  impl.RaftServerImpl (RaftServerImpl.java:setRole(184)) - f581660d-af3d-4f5f-b57d-f4cb54f048b9@group-C25BD028928E: changes role from  FOLLOWER to FOLLOWER at term 87 for recognizeCandidate:f5624850-682f-4ec5-bb5c-f79627fc299e
2019-10-15 16:29:45,435 [grpc-default-executor-0] INFO  impl.RoleInfo (RoleInfo.java:shutdownFollowerState(121)) - f581660d-af3d-4f5f-b57d-f4cb54f048b9: shutdown FollowerState
2019-10-15 16:29:45,435 [grpc-default-executor-11] INFO  impl.RaftServerImpl (RaftServerImpl.java:setRole(184)) - 14091fe6-d183-4b46-be93-2ba964a39c73@group-C25BD028928E: changes role from  FOLLOWER to FOLLOWER at term 87 for recognizeCandidate:f5624850-682f-4ec5-bb5c-f79627fc299e
2019-10-15 16:29:45,435 [Thread-1144] INFO  impl.FollowerState (FollowerState.java:run(117)) - f581660d-af3d-4f5f-b57d-f4cb54f048b9@group-C25BD028928E-FollowerState was interrupted: java.lang.InterruptedException: sleep interrupted
2019-10-15 16:29:45,435 [grpc-default-executor-0] INFO  impl.RoleInfo (RoleInfo.java:updateAndGet(143)) - f581660d-af3d-4f5f-b57d-f4cb54f048b9: start FollowerState
2019-10-15 16:29:45,436 [grpc-default-executor-11] INFO  impl.RoleInfo (RoleInfo.java:shutdownFollowerState(121)) - 14091fe6-d183-4b46-be93-2ba964a39c73: shutdown FollowerState
2019-10-15 16:29:45,436 [grpc-default-executor-11] INFO  impl.RoleInfo (RoleInfo.java:updateAndGet(143)) - 14091fe6-d183-4b46-be93-2ba964a39c73: start FollowerState
2019-10-15 16:29:45,436 [Thread-1143] INFO  impl.FollowerState (FollowerState.java:run(117)) - 14091fe6-d183-4b46-be93-2ba964a39c73@group-C25BD028928E-FollowerState was interrupted: java.lang.InterruptedException: sleep interrupted
2019-10-15 16:29:45,460 [f5624850-682f-4ec5-bb5c-f79627fc299e@group-C25BD028928E-LeaderElection105] INFO  impl.LeaderElection (LeaderElection.java:logAndReturn(56)) - f5624850-682f-4ec5-bb5c-f79627fc299e@group-C25BD028928E-LeaderElection105: Election REJECTED; received 2 response(s) [f5624850-682f-4ec5-bb5c-f79627fc299e<-f581660d-af3d-4f5f-b57d-f4cb54f048b9#0:FAIL-t87, f5624850-682f-4ec5-bb5c-f79627fc299e<-14091fe6-d183-4b46-be93-2ba964a39c73#0:FAIL-t87] and 0 exception(s); f5624850-682f-4ec5-bb5c-f79627fc299e@group-C25BD028928E:t87, leader=null, voted=f5624850-682f-4ec5-bb5c-f79627fc299e, raftlog=f5624850-682f-4ec5-bb5c-f79627fc299e@group-C25BD028928E-SegmentedRaftLog:OPENED:c-1,f-1,i0, conf=-1: [f581660d-af3d-4f5f-b57d-f4cb54f048b9:192.168.164.239:42501, f5624850-682f-4ec5-bb5c-f79627fc299e:192.168.164.239:39499, 14091fe6-d183-4b46-be93-2ba964a39c73:192.168.164.239:34827], old=null
2019-10-15 16:29:45,460 [f5624850-682f-4ec5-bb5c-f79627fc299e@group-C25BD028928E-LeaderElection105] INFO  impl.RaftServerImpl (RaftServerImpl.java:setRole(184)) - f5624850-682f-4ec5-bb5c-f79627fc299e@group-C25BD028928E: changes role from CANDIDATE to FOLLOWER at term 87 for DISCOVERED_A_NEW_TERM
2019-10-15 16:29:45,460 [f5624850-682f-4ec5-bb5c-f79627fc299e@group-C25BD028928E-LeaderElection105] INFO  impl.RoleInfo (RoleInfo.java:shutdownLeaderElection(134)) - f5624850-682f-4ec5-bb5c-f79627fc299e: shutdown LeaderElection
2019-10-15 16:29:45,460 [f5624850-682f-4ec5-bb5c-f79627fc299e@group-C25BD028928E-LeaderElection105] INFO  impl.RoleInfo (RoleInfo.java:updateAndGet(143)) - f5624850-682f-4ec5-bb5c-f79627fc299e: start FollowerState
2019-10-15 16:29:45,528 [Thread-1151] INFO  impl.FollowerState (FollowerState.java:run(108)) - f5624850-682f-4ec5-bb5c-f79627fc299e@group-C25BD028928E-FollowerState: change to CANDIDATE, lastRpcTime:67ms, electionTimeout:67ms
2019-10-15 16:29:45,528 [Thread-1151] INFO  impl.RoleInfo (RoleInfo.java:shutdownFollowerState(121)) - f5624850-682f-4ec5-bb5c-f79627fc299e: shutdown FollowerState
2019-10-15 16:29:45,528 [Thread-1151] INFO  impl.RaftServerImpl (RaftServerImpl.java:setRole(184)) - f5624850-682f-4ec5-bb5c-f79627fc299e@group-C25BD028928E: changes role from  FOLLOWER to CANDIDATE at term 87 for changeToCandidate
2019-10-15 16:29:45,528 [Thread-1151] INFO  impl.RoleInfo (RoleInfo.java:updateAndGet(143)) - f5624850-682f-4ec5-bb5c-f79627fc299e: start LeaderElection
2019-10-15 16:29:45,587 [Datanode State Machine Thread - 0] INFO  statemachine.DatanodeStateMachine (DatanodeStateMachine.java:lambda$startDaemon$0(350)) - Ozone container server started.
2019-10-15 16:29:45,662 [f5624850-682f-4ec5-bb5c-f79627fc299e@group-C25BD028928E-LeaderElection106] INFO  impl.LeaderElection (LeaderElection.java:askForVotes(178)) - f5624850-682f-4ec5-bb5c-f79627fc299e@group-C25BD028928E-LeaderElection106: begin an election at term 88 for -1: [f581660d-af3d-4f5f-b57d-f4cb54f048b9:192.168.164.239:42501, f5624850-682f-4ec5-bb5c-f79627fc299e:192.168.164.239:39499, 14091fe6-d183-4b46-be93-2ba964a39c73:192.168.164.239:34827], old=null
2019-10-15 16:29:45,664 [grpc-default-executor-0] INFO  impl.RaftServerImpl (RaftServerImpl.java:setRole(184)) - 14091fe6-d183-4b46-be93-2ba964a39c73@group-C25BD028928E: changes role from  FOLLOWER to FOLLOWER at term 88 for recognizeCandidate:f5624850-682f-4ec5-bb5c-f79627fc299e
2019-10-15 16:29:45,664 [grpc-default-executor-11] INFO  impl.RaftServerImpl (RaftServerImpl.java:setRole(184)) - f581660d-af3d-4f5f-b57d-f4cb54f048b9@group-C25BD028928E: changes role from  FOLLOWER to FOLLOWER at term 88 for recognizeCandidate:f5624850-682f-4ec5-bb5c-f79627fc299e
2019-10-15 16:29:45,664 [grpc-default-executor-0] INFO  impl.RoleInfo (RoleInfo.java:shutdownFollowerState(121)) - 14091fe6-d183-4b46-be93-2ba964a39c73: shutdown FollowerState
2019-10-15 16:29:45,665 [grpc-default-executor-11] INFO  impl.RoleInfo (RoleInfo.java:shutdownFollowerState(121)) - f581660d-af3d-4f5f-b57d-f4cb54f048b9: shutdown FollowerState
2019-10-15 16:29:45,665 [grpc-default-executor-0] INFO  impl.RoleInfo (RoleInfo.java:updateAndGet(143)) - 14091fe6-d183-4b46-be93-2ba964a39c73: start FollowerState
2019-10-15 16:29:45,665 [Thread-1149] INFO  impl.FollowerState (FollowerState.java:run(117)) - f581660d-af3d-4f5f-b57d-f4cb54f048b9@group-C25BD028928E-FollowerState was interrupted: java.lang.InterruptedException: sleep interrupted
2019-10-15 16:29:45,665 [grpc-default-executor-11] INFO  impl.RoleInfo (RoleInfo.java:updateAndGet(143)) - f581660d-af3d-4f5f-b57d-f4cb54f048b9: start FollowerState
2019-10-15 16:29:45,665 [Thread-1150] INFO  impl.FollowerState (FollowerState.java:run(117)) - 14091fe6-d183-4b46-be93-2ba964a39c73@group-C25BD028928E-FollowerState was interrupted: java.lang.InterruptedException: sleep interrupted
2019-10-15 16:29:45,702 [f5624850-682f-4ec5-bb5c-f79627fc299e@group-C25BD028928E-LeaderElection106] INFO  impl.LeaderElection (LeaderElection.java:logAndReturn(56)) - f5624850-682f-4ec5-bb5c-f79627fc299e@group-C25BD028928E-LeaderElection106: Election TIMEOUT; received 0 response(s) [] and 0 exception(s); f5624850-682f-4ec5-bb5c-f79627fc299e@group-C25BD028928E:t88, leader=null, voted=f5624850-682f-4ec5-bb5c-f79627fc299e, raftlog=f5624850-682f-4ec5-bb5c-f79627fc299e@group-C25BD028928E-SegmentedRaftLog:OPENED:c-1,f-1,i0, conf=-1: [f581660d-af3d-4f5f-b57d-f4cb54f048b9:192.168.164.239:42501, f5624850-682f-4ec5-bb5c-f79627fc299e:192.168.164.239:39499, 14091fe6-d183-4b46-be93-2ba964a39c73:192.168.164.239:34827], old=null
2019-10-15 16:29:45,855 [f5624850-682f-4ec5-bb5c-f79627fc299e@group-C25BD028928E-LeaderElection106] INFO  impl.LeaderElection (LeaderElection.java:askForVotes(178)) - f5624850-682f-4ec5-bb5c-f79627fc299e@group-C25BD028928E-LeaderElection106: begin an election at term 89 for -1: [f581660d-af3d-4f5f-b57d-f4cb54f048b9:192.168.164.239:42501, f5624850-682f-4ec5-bb5c-f79627fc299e:192.168.164.239:39499, 14091fe6-d183-4b46-be93-2ba964a39c73:192.168.164.239:34827], old=null
2019-10-15 16:29:45,858 [grpc-default-executor-0] INFO  impl.RaftServerImpl (RaftServerImpl.java:setRole(184)) - f581660d-af3d-4f5f-b57d-f4cb54f048b9@group-C25BD028928E: changes role from  FOLLOWER to FOLLOWER at term 89 for recognizeCandidate:f5624850-682f-4ec5-bb5c-f79627fc299e
2019-10-15 16:29:45,858 [grpc-default-executor-0] INFO  impl.RoleInfo (RoleInfo.java:shutdownFollowerState(121)) - f581660d-af3d-4f5f-b57d-f4cb54f048b9: shutdown FollowerState
2019-10-15 16:29:45,858 [grpc-default-executor-11] INFO  impl.RaftServerImpl (RaftServerImpl.java:setRole(184)) - 14091fe6-d183-4b46-be93-2ba964a39c73@group-C25BD028928E: changes role from  FOLLOWER to FOLLOWER at term 89 for recognizeCandidate:f5624850-682f-4ec5-bb5c-f79627fc299e
2019-10-15 16:29:45,858 [Thread-1160] INFO  impl.FollowerState (FollowerState.java:run(117)) - f581660d-af3d-4f5f-b57d-f4cb54f048b9@group-C25BD028928E-FollowerState was interrupted: java.lang.InterruptedException: sleep interrupted
2019-10-15 16:29:45,858 [grpc-default-executor-0] INFO  impl.RoleInfo (RoleInfo.java:updateAndGet(143)) - f581660d-af3d-4f5f-b57d-f4cb54f048b9: start FollowerState
2019-10-15 16:29:45,858 [grpc-default-executor-11] INFO  impl.RoleInfo (RoleInfo.java:shutdownFollowerState(121)) - 14091fe6-d183-4b46-be93-2ba964a39c73: shutdown FollowerState
2019-10-15 16:29:45,859 [Thread-1159] INFO  impl.FollowerState (FollowerState.java:run(117)) - 14091fe6-d183-4b46-be93-2ba964a39c73@group-C25BD028928E-FollowerState was interrupted: java.lang.InterruptedException: sleep interrupted
2019-10-15 16:29:45,859 [grpc-default-executor-11] INFO  impl.RoleInfo (RoleInfo.java:updateAndGet(143)) - 14091fe6-d183-4b46-be93-2ba964a39c73: start FollowerState
2019-10-15 16:29:45,874 [f5624850-682f-4ec5-bb5c-f79627fc299e@group-C25BD028928E-LeaderElection106] INFO  impl.LeaderElection (LeaderElection.java:logAndReturn(56)) - f5624850-682f-4ec5-bb5c-f79627fc299e@group-C25BD028928E-LeaderElection106: Election REJECTED; received 2 response(s) [f5624850-682f-4ec5-bb5c-f79627fc299e<-f581660d-af3d-4f5f-b57d-f4cb54f048b9#0:FAIL-t89, f5624850-682f-4ec5-bb5c-f79627fc299e<-14091fe6-d183-4b46-be93-2ba964a39c73#0:FAIL-t89] and 0 exception(s); f5624850-682f-4ec5-bb5c-f79627fc299e@group-C25BD028928E:t89, leader=null, voted=f5624850-682f-4ec5-bb5c-f79627fc299e, raftlog=f5624850-682f-4ec5-bb5c-f79627fc299e@group-C25BD028928E-SegmentedRaftLog:OPENED:c-1,f-1,i0, conf=-1: [f581660d-af3d-4f5f-b57d-f4cb54f048b9:192.168.164.239:42501, f5624850-682f-4ec5-bb5c-f79627fc299e:192.168.164.239:39499, 14091fe6-d183-4b46-be93-2ba964a39c73:192.168.164.239:34827], old=null
2019-10-15 16:29:45,874 [f5624850-682f-4ec5-bb5c-f79627fc299e@group-C25BD028928E-LeaderElection106] INFO  impl.RaftServerImpl (RaftServerImpl.java:setRole(184)) - f5624850-682f-4ec5-bb5c-f79627fc299e@group-C25BD028928E: changes role from CANDIDATE to FOLLOWER at term 89 for DISCOVERED_A_NEW_TERM
2019-10-15 16:29:45,874 [f5624850-682f-4ec5-bb5c-f79627fc299e@group-C25BD028928E-LeaderElection106] INFO  impl.RoleInfo (RoleInfo.java:shutdownLeaderElection(134)) - f5624850-682f-4ec5-bb5c-f79627fc299e: shutdown LeaderElection
2019-10-15 16:29:45,874 [f5624850-682f-4ec5-bb5c-f79627fc299e@group-C25BD028928E-LeaderElection106] INFO  impl.RoleInfo (RoleInfo.java:updateAndGet(143)) - f5624850-682f-4ec5-bb5c-f79627fc299e: start FollowerState
2019-10-15 16:29:46,018 [Thread-1165] INFO  impl.FollowerState (FollowerState.java:run(108)) - f5624850-682f-4ec5-bb5c-f79627fc299e@group-C25BD028928E-FollowerState: change to CANDIDATE, lastRpcTime:143ms, electionTimeout:143ms
2019-10-15 16:29:46,018 [Thread-1165] INFO  impl.RoleInfo (RoleInfo.java:shutdownFollowerState(121)) - f5624850-682f-4ec5-bb5c-f79627fc299e: shutdown FollowerState
2019-10-15 16:29:46,018 [Thread-1165] INFO  impl.RaftServerImpl (RaftServerImpl.java:setRole(184)) - f5624850-682f-4ec5-bb5c-f79627fc299e@group-C25BD028928E: changes role from  FOLLOWER to CANDIDATE at term 89 for changeToCandidate
2019-10-15 16:29:46,019 [Thread-1165] INFO  impl.RoleInfo (RoleInfo.java:updateAndGet(143)) - f5624850-682f-4ec5-bb5c-f79627fc299e: start LeaderElection
2019-10-15 16:29:46,043 [f5624850-682f-4ec5-bb5c-f79627fc299e@group-C25BD028928E-LeaderElection107] INFO  impl.LeaderElection (LeaderElection.java:askForVotes(178)) - f5624850-682f-4ec5-bb5c-f79627fc299e@group-C25BD028928E-LeaderElection107: begin an election at term 90 for -1: [f581660d-af3d-4f5f-b57d-f4cb54f048b9:192.168.164.239:42501, f5624850-682f-4ec5-bb5c-f79627fc299e:192.168.164.239:39499, 14091fe6-d183-4b46-be93-2ba964a39c73:192.168.164.239:34827], old=null
2019-10-15 16:29:46,047 [grpc-default-executor-0] INFO  impl.RaftServerImpl (RaftServerImpl.java:setRole(184)) - 14091fe6-d183-4b46-be93-2ba964a39c73@group-C25BD028928E: changes role from  FOLLOWER to FOLLOWER at term 90 for recognizeCandidate:f5624850-682f-4ec5-bb5c-f79627fc299e
2019-10-15 16:29:46,047 [grpc-default-executor-11] INFO  impl.RaftServerImpl (RaftServerImpl.java:setRole(184)) - f581660d-af3d-4f5f-b57d-f4cb54f048b9@group-C25BD028928E: changes role from  FOLLOWER to FOLLOWER at term 90 for recognizeCandidate:f5624850-682f-4ec5-bb5c-f79627fc299e
2019-10-15 16:29:46,047 [grpc-default-executor-11] INFO  impl.RoleInfo (RoleInfo.java:shutdownFollowerState(121)) - f581660d-af3d-4f5f-b57d-f4cb54f048b9: shutdown FollowerState
2019-10-15 16:29:46,047 [grpc-default-executor-0] INFO  impl.RoleInfo (RoleInfo.java:shutdownFollowerState(121)) - 14091fe6-d183-4b46-be93-2ba964a39c73: shutdown FollowerState
2019-10-15 16:29:46,048 [Thread-1163] INFO  impl.FollowerState (FollowerState.java:run(117)) - f581660d-af3d-4f5f-b57d-f4cb54f048b9@group-C25BD028928E-FollowerState was interrupted: java.lang.InterruptedException: sleep interrupted
2019-10-15 16:29:46,048 [grpc-default-executor-11] INFO  impl.RoleInfo (RoleInfo.java:updateAndGet(143)) - f581660d-af3d-4f5f-b57d-f4cb54f048b9: start FollowerState
2019-10-15 16:29:46,048 [Thread-1164] INFO  impl.FollowerState (FollowerState.java:run(117)) - 14091fe6-d183-4b46-be93-2ba964a39c73@group-C25BD028928E-FollowerState was interrupted: java.lang.InterruptedException: sleep interrupted
2019-10-15 16:29:46,048 [grpc-default-executor-0] INFO  impl.RoleInfo (RoleInfo.java:updateAndGet(143)) - 14091fe6-d183-4b46-be93-2ba964a39c73: start FollowerState
2019-10-15 16:29:46,082 [f5624850-682f-4ec5-bb5c-f79627fc299e@group-C25BD028928E-LeaderElection107] INFO  impl.LeaderElection (LeaderElection.java:logAndReturn(56)) - f5624850-682f-4ec5-bb5c-f79627fc299e@group-C25BD028928E-LeaderElection107: Election REJECTED; received 2 response(s) [f5624850-682f-4ec5-bb5c-f79627fc299e<-f581660d-af3d-4f5f-b57d-f4cb54f048b9#0:FAIL-t90, f5624850-682f-4ec5-bb5c-f79627fc299e<-14091fe6-d183-4b46-be93-2ba964a39c73#0:FAIL-t90] and 0 exception(s); f5624850-682f-4ec5-bb5c-f79627fc299e@group-C25BD028928E:t90, leader=null, voted=f5624850-682f-4ec5-bb5c-f79627fc299e, raftlog=f5624850-682f-4ec5-bb5c-f79627fc299e@group-C25BD028928E-SegmentedRaftLog:OPENED:c-1,f-1,i0, conf=-1: [f581660d-af3d-4f5f-b57d-f4cb54f048b9:192.168.164.239:42501, f5624850-682f-4ec5-bb5c-f79627fc299e:192.168.164.239:39499, 14091fe6-d183-4b46-be93-2ba964a39c73:192.168.164.239:34827], old=null
2019-10-15 16:29:46,082 [f5624850-682f-4ec5-bb5c-f79627fc299e@group-C25BD028928E-LeaderElection107] INFO  impl.RaftServerImpl (RaftServerImpl.java:setRole(184)) - f5624850-682f-4ec5-bb5c-f79627fc299e@group-C25BD028928E: changes role from CANDIDATE to FOLLOWER at term 90 for DISCOVERED_A_NEW_TERM
2019-10-15 16:29:46,082 [f5624850-682f-4ec5-bb5c-f79627fc299e@group-C25BD028928E-LeaderElection107] INFO  impl.RoleInfo (RoleInfo.java:shutdownLeaderElection(134)) - f5624850-682f-4ec5-bb5c-f79627fc299e: shutdown LeaderElection
2019-10-15 16:29:46,082 [f5624850-682f-4ec5-bb5c-f79627fc299e@group-C25BD028928E-LeaderElection107] INFO  impl.RoleInfo (RoleInfo.java:updateAndGet(143)) - f5624850-682f-4ec5-bb5c-f79627fc299e: start FollowerState
2019-10-15 16:29:46,194 [Thread-1175] INFO  impl.FollowerState (FollowerState.java:run(108)) - f5624850-682f-4ec5-bb5c-f79627fc299e@group-C25BD028928E-FollowerState: change to CANDIDATE, lastRpcTime:111ms, electionTimeout:111ms
2019-10-15 16:29:46,194 [Thread-1175] INFO  impl.RoleInfo (RoleInfo.java:shutdownFollowerState(121)) - f5624850-682f-4ec5-bb5c-f79627fc299e: shutdown FollowerState
2019-10-15 16:29:46,194 [Thread-1175] INFO  impl.RaftServerImpl (RaftServerImpl.java:setRole(184)) - f5624850-682f-4ec5-bb5c-f79627fc299e@group-C25BD028928E: changes role from  FOLLOWER to CANDIDATE at term 90 for changeToCandidate
2019-10-15 16:29:46,195 [Thread-1175] INFO  impl.RoleInfo (RoleInfo.java:updateAndGet(143)) - f5624850-682f-4ec5-bb5c-f79627fc299e: start LeaderElection
2019-10-15 16:29:46,225 [f5624850-682f-4ec5-bb5c-f79627fc299e@group-C25BD028928E-LeaderElection108] INFO  impl.LeaderElection (LeaderElection.java:askForVotes(178)) - f5624850-682f-4ec5-bb5c-f79627fc299e@group-C25BD028928E-LeaderElection108: begin an election at term 91 for -1: [f581660d-af3d-4f5f-b57d-f4cb54f048b9:192.168.164.239:42501, f5624850-682f-4ec5-bb5c-f79627fc299e:192.168.164.239:39499, 14091fe6-d183-4b46-be93-2ba964a39c73:192.168.164.239:34827], old=null
2019-10-15 16:29:46,227 [grpc-default-executor-0] INFO  impl.RaftServerImpl (RaftServerImpl.java:setRole(184)) - 14091fe6-d183-4b46-be93-2ba964a39c73@group-C25BD028928E: changes role from  FOLLOWER to FOLLOWER at term 91 for recognizeCandidate:f5624850-682f-4ec5-bb5c-f79627fc299e
2019-10-15 16:29:46,227 [grpc-default-executor-11] INFO  impl.RaftServerImpl (RaftServerImpl.java:setRole(184)) - f581660d-af3d-4f5f-b57d-f4cb54f048b9@group-C25BD028928E: changes role from  FOLLOWER to FOLLOWER at term 91 for recognizeCandidate:f5624850-682f-4ec5-bb5c-f79627fc299e
2019-10-15 16:29:46,227 [grpc-default-executor-0] INFO  impl.RoleInfo (RoleInfo.java:shutdownFollowerState(121)) - 14091fe6-d183-4b46-be93-2ba964a39c73: shutdown FollowerState
2019-10-15 16:29:46,228 [grpc-default-executor-11] INFO  impl.RoleInfo (RoleInfo.java:shutdownFollowerState(121)) - f581660d-af3d-4f5f-b57d-f4cb54f048b9: shutdown FollowerState
2019-10-15 16:29:46,228 [Thread-1170] INFO  impl.FollowerState (FollowerState.java:run(117)) - 14091fe6-d183-4b46-be93-2ba964a39c73@group-C25BD028928E-FollowerState was interrupted: java.lang.InterruptedException: sleep interrupted
2019-10-15 16:29:46,228 [grpc-default-executor-0] INFO  impl.RoleInfo (RoleInfo.java:updateAndGet(143)) - 14091fe6-d183-4b46-be93-2ba964a39c73: start FollowerState
2019-10-15 16:29:46,228 [Thread-1169] INFO  impl.FollowerState (FollowerState.java:run(117)) - f581660d-af3d-4f5f-b57d-f4cb54f048b9@group-C25BD028928E-FollowerState was interrupted: java.lang.InterruptedException: sleep interrupted
2019-10-15 16:29:46,228 [grpc-default-executor-11] INFO  impl.RoleInfo (RoleInfo.java:updateAndGet(143)) - f581660d-af3d-4f5f-b57d-f4cb54f048b9: start FollowerState
2019-10-15 16:29:46,259 [f5624850-682f-4ec5-bb5c-f79627fc299e@group-C25BD028928E-LeaderElection108] INFO  impl.LeaderElection (LeaderElection.java:logAndReturn(56)) - f5624850-682f-4ec5-bb5c-f79627fc299e@group-C25BD028928E-LeaderElection108: Election REJECTED; received 2 response(s) [f5624850-682f-4ec5-bb5c-f79627fc299e<-f581660d-af3d-4f5f-b57d-f4cb54f048b9#0:FAIL-t91, f5624850-682f-4ec5-bb5c-f79627fc299e<-14091fe6-d183-4b46-be93-2ba964a39c73#0:FAIL-t91] and 0 exception(s); f5624850-682f-4ec5-bb5c-f79627fc299e@group-C25BD028928E:t91, leader=null, voted=f5624850-682f-4ec5-bb5c-f79627fc299e, raftlog=f5624850-682f-4ec5-bb5c-f79627fc299e@group-C25BD028928E-SegmentedRaftLog:OPENED:c-1,f-1,i0, conf=-1: [f581660d-af3d-4f5f-b57d-f4cb54f048b9:192.168.164.239:42501, f5624850-682f-4ec5-bb5c-f79627fc299e:192.168.164.239:39499, 14091fe6-d183-4b46-be93-2ba964a39c73:192.168.164.239:34827], old=null
2019-10-15 16:29:46,259 [f5624850-682f-4ec5-bb5c-f79627fc299e@group-C25BD028928E-LeaderElection108] INFO  impl.RaftServerImpl (RaftServerImpl.java:setRole(184)) - f5624850-682f-4ec5-bb5c-f79627fc299e@group-C25BD028928E: changes role from CANDIDATE to FOLLOWER at term 91 for DISCOVERED_A_NEW_TERM
2019-10-15 16:29:46,260 [f5624850-682f-4ec5-bb5c-f79627fc299e@group-C25BD028928E-LeaderElection108] INFO  impl.RoleInfo (RoleInfo.java:shutdownLeaderElection(134)) - f5624850-682f-4ec5-bb5c-f79627fc299e: shutdown LeaderElection
2019-10-15 16:29:46,260 [f5624850-682f-4ec5-bb5c-f79627fc299e@group-C25BD028928E-LeaderElection108] INFO  impl.RoleInfo (RoleInfo.java:updateAndGet(143)) - f5624850-682f-4ec5-bb5c-f79627fc299e: start FollowerState
2019-10-15 16:29:46,483 [Thread-1181] INFO  impl.FollowerState (FollowerState.java:run(108)) - f5624850-682f-4ec5-bb5c-f79627fc299e@group-C25BD028928E-FollowerState: change to CANDIDATE, lastRpcTime:223ms, electionTimeout:106ms
2019-10-15 16:29:46,483 [Thread-1181] INFO  impl.RoleInfo (RoleInfo.java:shutdownFollowerState(121)) - f5624850-682f-4ec5-bb5c-f79627fc299e: shutdown FollowerState
2019-10-15 16:29:46,484 [Thread-1181] INFO  impl.RaftServerImpl (RaftServerImpl.java:setRole(184)) - f5624850-682f-4ec5-bb5c-f79627fc299e@group-C25BD028928E: changes role from  FOLLOWER to CANDIDATE at term 91 for changeToCandidate
2019-10-15 16:29:46,484 [Thread-1181] INFO  impl.RoleInfo (RoleInfo.java:updateAndGet(143)) - f5624850-682f-4ec5-bb5c-f79627fc299e: start LeaderElection
2019-10-15 16:29:46,509 [f5624850-682f-4ec5-bb5c-f79627fc299e@group-C25BD028928E-LeaderElection109] INFO  impl.LeaderElection (LeaderElection.java:askForVotes(178)) - f5624850-682f-4ec5-bb5c-f79627fc299e@group-C25BD028928E-LeaderElection109: begin an election at term 92 for -1: [f581660d-af3d-4f5f-b57d-f4cb54f048b9:192.168.164.239:42501, f5624850-682f-4ec5-bb5c-f79627fc299e:192.168.164.239:39499, 14091fe6-d183-4b46-be93-2ba964a39c73:192.168.164.239:34827], old=null
2019-10-15 16:29:46,512 [grpc-default-executor-11] INFO  impl.RaftServerImpl (RaftServerImpl.java:setRole(184)) - 14091fe6-d183-4b46-be93-2ba964a39c73@group-C25BD028928E: changes role from  FOLLOWER to FOLLOWER at term 92 for recognizeCandidate:f5624850-682f-4ec5-bb5c-f79627fc299e
2019-10-15 16:29:46,512 [grpc-default-executor-0] INFO  impl.RaftServerImpl (RaftServerImpl.java:setRole(184)) - f581660d-af3d-4f5f-b57d-f4cb54f048b9@group-C25BD028928E: changes role from  FOLLOWER to FOLLOWER at term 92 for recognizeCandidate:f5624850-682f-4ec5-bb5c-f79627fc299e
2019-10-15 16:29:46,512 [grpc-default-executor-11] INFO  impl.RoleInfo (RoleInfo.java:shutdownFollowerState(121)) - 14091fe6-d183-4b46-be93-2ba964a39c73: shutdown FollowerState
2019-10-15 16:29:46,512 [grpc-default-executor-0] INFO  impl.RoleInfo (RoleInfo.java:shutdownFollowerState(121)) - f581660d-af3d-4f5f-b57d-f4cb54f048b9: shutdown FollowerState
2019-10-15 16:29:46,512 [Thread-1179] INFO  impl.FollowerState (FollowerState.java:run(117)) - 14091fe6-d183-4b46-be93-2ba964a39c73@group-C25BD028928E-FollowerState was interrupted: java.lang.InterruptedException: sleep interrupted
2019-10-15 16:29:46,512 [grpc-default-executor-11] INFO  impl.RoleInfo (RoleInfo.java:updateAndGet(143)) - 14091fe6-d183-4b46-be93-2ba964a39c73: start FollowerState
2019-10-15 16:29:46,513 [Thread-1180] INFO  impl.FollowerState (FollowerState.java:run(117)) - f581660d-af3d-4f5f-b57d-f4cb54f048b9@group-C25BD028928E-FollowerState was interrupted: java.lang.InterruptedException: sleep interrupted
2019-10-15 16:29:46,512 [grpc-default-executor-0] INFO  impl.RoleInfo (RoleInfo.java:updateAndGet(143)) - f581660d-af3d-4f5f-b57d-f4cb54f048b9: start FollowerState
2019-10-15 16:29:46,535 [f5624850-682f-4ec5-bb5c-f79627fc299e@group-C25BD028928E-LeaderElection109] INFO  impl.LeaderElection (LeaderElection.java:logAndReturn(56)) - f5624850-682f-4ec5-bb5c-f79627fc299e@group-C25BD028928E-LeaderElection109: Election REJECTED; received 2 response(s) [f5624850-682f-4ec5-bb5c-f79627fc299e<-f581660d-af3d-4f5f-b57d-f4cb54f048b9#0:FAIL-t92, f5624850-682f-4ec5-bb5c-f79627fc299e<-14091fe6-d183-4b46-be93-2ba964a39c73#0:FAIL-t92] and 0 exception(s); f5624850-682f-4ec5-bb5c-f79627fc299e@group-C25BD028928E:t92, leader=null, voted=f5624850-682f-4ec5-bb5c-f79627fc299e, raftlog=f5624850-682f-4ec5-bb5c-f79627fc299e@group-C25BD028928E-SegmentedRaftLog:OPENED:c-1,f-1,i0, conf=-1: [f581660d-af3d-4f5f-b57d-f4cb54f048b9:192.168.164.239:42501, f5624850-682f-4ec5-bb5c-f79627fc299e:192.168.164.239:39499, 14091fe6-d183-4b46-be93-2ba964a39c73:192.168.164.239:34827], old=null
2019-10-15 16:29:46,536 [f5624850-682f-4ec5-bb5c-f79627fc299e@group-C25BD028928E-LeaderElection109] INFO  impl.RaftServerImpl (RaftServerImpl.java:setRole(184)) - f5624850-682f-4ec5-bb5c-f79627fc299e@group-C25BD028928E: changes role from CANDIDATE to FOLLOWER at term 92 for DISCOVERED_A_NEW_TERM
2019-10-15 16:29:46,536 [f5624850-682f-4ec5-bb5c-f79627fc299e@group-C25BD028928E-LeaderElection109] INFO  impl.RoleInfo (RoleInfo.java:shutdownLeaderElection(134)) - f5624850-682f-4ec5-bb5c-f79627fc299e: shutdown LeaderElection
2019-10-15 16:29:46,536 [f5624850-682f-4ec5-bb5c-f79627fc299e@group-C25BD028928E-LeaderElection109] INFO  impl.RoleInfo (RoleInfo.java:updateAndGet(143)) - f5624850-682f-4ec5-bb5c-f79627fc299e: start FollowerState
2019-10-15 16:29:46,688 [Thread-1187] INFO  impl.FollowerState (FollowerState.java:run(108)) - f5624850-682f-4ec5-bb5c-f79627fc299e@group-C25BD028928E-FollowerState: change to CANDIDATE, lastRpcTime:151ms, electionTimeout:151ms
2019-10-15 16:29:46,688 [Thread-1187] INFO  impl.RoleInfo (RoleInfo.java:shutdownFollowerState(121)) - f5624850-682f-4ec5-bb5c-f79627fc299e: shutdown FollowerState
2019-10-15 16:29:46,688 [Thread-1187] INFO  impl.RaftServerImpl (RaftServerImpl.java:setRole(184)) - f5624850-682f-4ec5-bb5c-f79627fc299e@group-C25BD028928E: changes role from  FOLLOWER to CANDIDATE at term 92 for changeToCandidate
2019-10-15 16:29:46,688 [Thread-1187] INFO  impl.RoleInfo (RoleInfo.java:updateAndGet(143)) - f5624850-682f-4ec5-bb5c-f79627fc299e: start LeaderElection
2019-10-15 16:29:46,718 [f5624850-682f-4ec5-bb5c-f79627fc299e@group-C25BD028928E-LeaderElection110] INFO  impl.LeaderElection (LeaderElection.java:askForVotes(178)) - f5624850-682f-4ec5-bb5c-f79627fc299e@group-C25BD028928E-LeaderElection110: begin an election at term 93 for -1: [f581660d-af3d-4f5f-b57d-f4cb54f048b9:192.168.164.239:42501, f5624850-682f-4ec5-bb5c-f79627fc299e:192.168.164.239:39499, 14091fe6-d183-4b46-be93-2ba964a39c73:192.168.164.239:34827], old=null
2019-10-15 16:29:46,720 [grpc-default-executor-11] INFO  impl.RaftServerImpl (RaftServerImpl.java:setRole(184)) - f581660d-af3d-4f5f-b57d-f4cb54f048b9@group-C25BD028928E: changes role from  FOLLOWER to FOLLOWER at term 93 for recognizeCandidate:f5624850-682f-4ec5-bb5c-f79627fc299e
2019-10-15 16:29:46,721 [grpc-default-executor-11] INFO  impl.RoleInfo (RoleInfo.java:shutdownFollowerState(121)) - f581660d-af3d-4f5f-b57d-f4cb54f048b9: shutdown FollowerState
2019-10-15 16:29:46,721 [grpc-default-executor-0] INFO  impl.RaftServerImpl (RaftServerImpl.java:setRole(184)) - 14091fe6-d183-4b46-be93-2ba964a39c73@group-C25BD028928E: changes role from  FOLLOWER to FOLLOWER at term 93 for recognizeCandidate:f5624850-682f-4ec5-bb5c-f79627fc299e
2019-10-15 16:29:46,721 [grpc-default-executor-11] INFO  impl.RoleInfo (RoleInfo.java:updateAndGet(143)) - f581660d-af3d-4f5f-b57d-f4cb54f048b9: start FollowerState
2019-10-15 16:29:46,721 [Thread-1186] INFO  impl.FollowerState (FollowerState.java:run(117)) - f581660d-af3d-4f5f-b57d-f4cb54f048b9@group-C25BD028928E-FollowerState was interrupted: java.lang.InterruptedException: sleep interrupted
2019-10-15 16:29:46,721 [grpc-default-executor-0] INFO  impl.RoleInfo (RoleInfo.java:shutdownFollowerState(121)) - 14091fe6-d183-4b46-be93-2ba964a39c73: shutdown FollowerState
2019-10-15 16:29:46,722 [grpc-default-executor-0] INFO  impl.RoleInfo (RoleInfo.java:updateAndGet(143)) - 14091fe6-d183-4b46-be93-2ba964a39c73: start FollowerState
2019-10-15 16:29:46,722 [Thread-1185] INFO  impl.FollowerState (FollowerState.java:run(117)) - 14091fe6-d183-4b46-be93-2ba964a39c73@group-C25BD028928E-FollowerState was interrupted: java.lang.InterruptedException: sleep interrupted
2019-10-15 16:29:46,744 [f5624850-682f-4ec5-bb5c-f79627fc299e@group-C25BD028928E-LeaderElection110] INFO  impl.LeaderElection (LeaderElection.java:logAndReturn(56)) - f5624850-682f-4ec5-bb5c-f79627fc299e@group-C25BD028928E-LeaderElection110: Election TIMEOUT; received 0 response(s) [] and 0 exception(s); f5624850-682f-4ec5-bb5c-f79627fc299e@group-C25BD028928E:t93, leader=null, voted=f5624850-682f-4ec5-bb5c-f79627fc299e, raftlog=f5624850-682f-4ec5-bb5c-f79627fc299e@group-C25BD028928E-SegmentedRaftLog:OPENED:c-1,f-1,i0, conf=-1: [f581660d-af3d-4f5f-b57d-f4cb54f048b9:192.168.164.239:42501, f5624850-682f-4ec5-bb5c-f79627fc299e:192.168.164.239:39499, 14091fe6-d183-4b46-be93-2ba964a39c73:192.168.164.239:34827], old=null
2019-10-15 16:29:46,769 [f5624850-682f-4ec5-bb5c-f79627fc299e@group-C25BD028928E-LeaderElection110] INFO  impl.LeaderElection (LeaderElection.java:askForVotes(178)) - f5624850-682f-4ec5-bb5c-f79627fc299e@group-C25BD028928E-LeaderElection110: begin an election at term 94 for -1: [f581660d-af3d-4f5f-b57d-f4cb54f048b9:192.168.164.239:42501, f5624850-682f-4ec5-bb5c-f79627fc299e:192.168.164.239:39499, 14091fe6-d183-4b46-be93-2ba964a39c73:192.168.164.239:34827], old=null
2019-10-15 16:29:46,771 [grpc-default-executor-11] INFO  impl.RaftServerImpl (RaftServerImpl.java:setRole(184)) - f581660d-af3d-4f5f-b57d-f4cb54f048b9@group-C25BD028928E: changes role from  FOLLOWER to FOLLOWER at term 94 for recognizeCandidate:f5624850-682f-4ec5-bb5c-f79627fc299e
2019-10-15 16:29:46,771 [grpc-default-executor-11] INFO  impl.RoleInfo (RoleInfo.java:shutdownFollowerState(121)) - f581660d-af3d-4f5f-b57d-f4cb54f048b9: shutdown FollowerState
2019-10-15 16:29:46,771 [grpc-default-executor-11] INFO  impl.RoleInfo (RoleInfo.java:updateAndGet(143)) - f581660d-af3d-4f5f-b57d-f4cb54f048b9: start FollowerState
2019-10-15 16:29:46,771 [grpc-default-executor-0] INFO  impl.RaftServerImpl (RaftServerImpl.java:setRole(184)) - 14091fe6-d183-4b46-be93-2ba964a39c73@group-C25BD028928E: changes role from  FOLLOWER to FOLLOWER at term 94 for recognizeCandidate:f5624850-682f-4ec5-bb5c-f79627fc299e
2019-10-15 16:29:46,771 [Thread-1195] INFO  impl.FollowerState (FollowerState.java:run(117)) - f581660d-af3d-4f5f-b57d-f4cb54f048b9@group-C25BD028928E-FollowerState was interrupted: java.lang.InterruptedException: sleep interrupted
2019-10-15 16:29:46,771 [grpc-default-executor-0] INFO  impl.RoleInfo (RoleInfo.java:shutdownFollowerState(121)) - 14091fe6-d183-4b46-be93-2ba964a39c73: shutdown FollowerState
2019-10-15 16:29:46,772 [grpc-default-executor-0] INFO  impl.RoleInfo (RoleInfo.java:updateAndGet(143)) - 14091fe6-d183-4b46-be93-2ba964a39c73: start FollowerState
2019-10-15 16:29:46,772 [Thread-1196] INFO  impl.FollowerState (FollowerState.java:run(117)) - 14091fe6-d183-4b46-be93-2ba964a39c73@group-C25BD028928E-FollowerState was interrupted: java.lang.InterruptedException: sleep interrupted
2019-10-15 16:29:46,795 [f5624850-682f-4ec5-bb5c-f79627fc299e@group-C25BD028928E-LeaderElection110] INFO  impl.LeaderElection (LeaderElection.java:logAndReturn(56)) - f5624850-682f-4ec5-bb5c-f79627fc299e@group-C25BD028928E-LeaderElection110: Election REJECTED; received 2 response(s) [f5624850-682f-4ec5-bb5c-f79627fc299e<-f581660d-af3d-4f5f-b57d-f4cb54f048b9#0:FAIL-t94, f5624850-682f-4ec5-bb5c-f79627fc299e<-14091fe6-d183-4b46-be93-2ba964a39c73#0:FAIL-t94] and 0 exception(s); f5624850-682f-4ec5-bb5c-f79627fc299e@group-C25BD028928E:t94, leader=null, voted=f5624850-682f-4ec5-bb5c-f79627fc299e, raftlog=f5624850-682f-4ec5-bb5c-f79627fc299e@group-C25BD028928E-SegmentedRaftLog:OPENED:c-1,f-1,i0, conf=-1: [f581660d-af3d-4f5f-b57d-f4cb54f048b9:192.168.164.239:42501, f5624850-682f-4ec5-bb5c-f79627fc299e:192.168.164.239:39499, 14091fe6-d183-4b46-be93-2ba964a39c73:192.168.164.239:34827], old=null
2019-10-15 16:29:46,795 [f5624850-682f-4ec5-bb5c-f79627fc299e@group-C25BD028928E-LeaderElection110] INFO  impl.RaftServerImpl (RaftServerImpl.java:setRole(184)) - f5624850-682f-4ec5-bb5c-f79627fc299e@group-C25BD028928E: changes role from CANDIDATE to FOLLOWER at term 94 for DISCOVERED_A_NEW_TERM
2019-10-15 16:29:46,795 [f5624850-682f-4ec5-bb5c-f79627fc299e@group-C25BD028928E-LeaderElection110] INFO  impl.RoleInfo (RoleInfo.java:shutdownLeaderElection(134)) - f5624850-682f-4ec5-bb5c-f79627fc299e: shutdown LeaderElection
2019-10-15 16:29:46,795 [f5624850-682f-4ec5-bb5c-f79627fc299e@group-C25BD028928E-LeaderElection110] INFO  impl.RoleInfo (RoleInfo.java:updateAndGet(143)) - f5624850-682f-4ec5-bb5c-f79627fc299e: start FollowerState
2019-10-15 16:29:46,922 [Thread-1201] INFO  impl.FollowerState (FollowerState.java:run(108)) - f5624850-682f-4ec5-bb5c-f79627fc299e@group-C25BD028928E-FollowerState: change to CANDIDATE, lastRpcTime:126ms, electionTimeout:126ms
2019-10-15 16:29:46,922 [Thread-1201] INFO  impl.RoleInfo (RoleInfo.java:shutdownFollowerState(121)) - f5624850-682f-4ec5-bb5c-f79627fc299e: shutdown FollowerState
2019-10-15 16:29:46,922 [Thread-1201] INFO  impl.RaftServerImpl (RaftServerImpl.java:setRole(184)) - f5624850-682f-4ec5-bb5c-f79627fc299e@group-C25BD028928E: changes role from  FOLLOWER to CANDIDATE at term 94 for changeToCandidate
2019-10-15 16:29:46,922 [Thread-1201] INFO  impl.RoleInfo (RoleInfo.java:updateAndGet(143)) - f5624850-682f-4ec5-bb5c-f79627fc299e: start LeaderElection
2019-10-15 16:29:46,953 [f5624850-682f-4ec5-bb5c-f79627fc299e@group-C25BD028928E-LeaderElection111] INFO  impl.LeaderElection (LeaderElection.java:askForVotes(178)) - f5624850-682f-4ec5-bb5c-f79627fc299e@group-C25BD028928E-LeaderElection111: begin an election at term 95 for -1: [f581660d-af3d-4f5f-b57d-f4cb54f048b9:192.168.164.239:42501, f5624850-682f-4ec5-bb5c-f79627fc299e:192.168.164.239:39499, 14091fe6-d183-4b46-be93-2ba964a39c73:192.168.164.239:34827], old=null
2019-10-15 16:29:46,955 [grpc-default-executor-0] INFO  impl.RaftServerImpl (RaftServerImpl.java:setRole(184)) - f581660d-af3d-4f5f-b57d-f4cb54f048b9@group-C25BD028928E: changes role from  FOLLOWER to FOLLOWER at term 95 for recognizeCandidate:f5624850-682f-4ec5-bb5c-f79627fc299e
2019-10-15 16:29:46,955 [grpc-default-executor-0] INFO  impl.RoleInfo (RoleInfo.java:shutdownFollowerState(121)) - f581660d-af3d-4f5f-b57d-f4cb54f048b9: shutdown FollowerState
2019-10-15 16:29:46,955 [grpc-default-executor-11] INFO  impl.RaftServerImpl (RaftServerImpl.java:setRole(184)) - 14091fe6-d183-4b46-be93-2ba964a39c73@group-C25BD028928E: changes role from  FOLLOWER to FOLLOWER at term 95 for recognizeCandidate:f5624850-682f-4ec5-bb5c-f79627fc299e
2019-10-15 16:29:46,955 [grpc-default-executor-11] INFO  impl.RoleInfo (RoleInfo.java:shutdownFollowerState(121)) - 14091fe6-d183-4b46-be93-2ba964a39c73: shutdown FollowerState
2019-10-15 16:29:46,955 [Thread-1199] INFO  impl.FollowerState (FollowerState.java:run(117)) - f581660d-af3d-4f5f-b57d-f4cb54f048b9@group-C25BD028928E-FollowerState was interrupted: java.lang.InterruptedException: sleep interrupted
2019-10-15 16:29:46,955 [grpc-default-executor-0] INFO  impl.RoleInfo (RoleInfo.java:updateAndGet(143)) - f581660d-af3d-4f5f-b57d-f4cb54f048b9: start FollowerState
2019-10-15 16:29:46,955 [Thread-1200] INFO  impl.FollowerState (FollowerState.java:run(117)) - 14091fe6-d183-4b46-be93-2ba964a39c73@group-C25BD028928E-FollowerState was interrupted: java.lang.InterruptedException: sleep interrupted
2019-10-15 16:29:46,955 [grpc-default-executor-11] INFO  impl.RoleInfo (RoleInfo.java:updateAndGet(143)) - 14091fe6-d183-4b46-be93-2ba964a39c73: start FollowerState
2019-10-15 16:29:46,979 [f5624850-682f-4ec5-bb5c-f79627fc299e@group-C25BD028928E-LeaderElection111] INFO  impl.LeaderElection (LeaderElection.java:logAndReturn(56)) - f5624850-682f-4ec5-bb5c-f79627fc299e@group-C25BD028928E-LeaderElection111: Election REJECTED; received 2 response(s) [f5624850-682f-4ec5-bb5c-f79627fc299e<-f581660d-af3d-4f5f-b57d-f4cb54f048b9#0:FAIL-t95, f5624850-682f-4ec5-bb5c-f79627fc299e<-14091fe6-d183-4b46-be93-2ba964a39c73#0:FAIL-t95] and 0 exception(s); f5624850-682f-4ec5-bb5c-f79627fc299e@group-C25BD028928E:t95, leader=null, voted=f5624850-682f-4ec5-bb5c-f79627fc299e, raftlog=f5624850-682f-4ec5-bb5c-f79627fc299e@group-C25BD028928E-SegmentedRaftLog:OPENED:c-1,f-1,i0, conf=-1: [f581660d-af3d-4f5f-b57d-f4cb54f048b9:192.168.164.239:42501, f5624850-682f-4ec5-bb5c-f79627fc299e:192.168.164.239:39499, 14091fe6-d183-4b46-be93-2ba964a39c73:192.168.164.239:34827], old=null
2019-10-15 16:29:46,979 [f5624850-682f-4ec5-bb5c-f79627fc299e@group-C25BD028928E-LeaderElection111] INFO  impl.RaftServerImpl (RaftServerImpl.java:setRole(184)) - f5624850-682f-4ec5-bb5c-f79627fc299e@group-C25BD028928E: changes role from CANDIDATE to FOLLOWER at term 95 for DISCOVERED_A_NEW_TERM
2019-10-15 16:29:46,979 [f5624850-682f-4ec5-bb5c-f79627fc299e@group-C25BD028928E-LeaderElection111] INFO  impl.RoleInfo (RoleInfo.java:shutdownLeaderElection(134)) - f5624850-682f-4ec5-bb5c-f79627fc299e: shutdown LeaderElection
2019-10-15 16:29:46,980 [f5624850-682f-4ec5-bb5c-f79627fc299e@group-C25BD028928E-LeaderElection111] INFO  impl.RoleInfo (RoleInfo.java:updateAndGet(143)) - f5624850-682f-4ec5-bb5c-f79627fc299e: start FollowerState
2019-10-15 16:29:47,146 [Thread-1207] INFO  impl.FollowerState (FollowerState.java:run(108)) - f5624850-682f-4ec5-bb5c-f79627fc299e@group-C25BD028928E-FollowerState: change to CANDIDATE, lastRpcTime:166ms, electionTimeout:166ms
2019-10-15 16:29:47,146 [Thread-1207] INFO  impl.RoleInfo (RoleInfo.java:shutdownFollowerState(121)) - f5624850-682f-4ec5-bb5c-f79627fc299e: shutdown FollowerState
2019-10-15 16:29:47,146 [Thread-1207] INFO  impl.RaftServerImpl (RaftServerImpl.java:setRole(184)) - f5624850-682f-4ec5-bb5c-f79627fc299e@group-C25BD028928E: changes role from  FOLLOWER to CANDIDATE at term 95 for changeToCandidate
2019-10-15 16:29:47,147 [Thread-1207] INFO  impl.RoleInfo (RoleInfo.java:updateAndGet(143)) - f5624850-682f-4ec5-bb5c-f79627fc299e: start LeaderElection
2019-10-15 16:29:47,170 [f5624850-682f-4ec5-bb5c-f79627fc299e@group-C25BD028928E-LeaderElection112] INFO  impl.LeaderElection (LeaderElection.java:askForVotes(178)) - f5624850-682f-4ec5-bb5c-f79627fc299e@group-C25BD028928E-LeaderElection112: begin an election at term 96 for -1: [f581660d-af3d-4f5f-b57d-f4cb54f048b9:192.168.164.239:42501, f5624850-682f-4ec5-bb5c-f79627fc299e:192.168.164.239:39499, 14091fe6-d183-4b46-be93-2ba964a39c73:192.168.164.239:34827], old=null
2019-10-15 16:29:47,173 [grpc-default-executor-11] INFO  impl.RaftServerImpl (RaftServerImpl.java:setRole(184)) - 14091fe6-d183-4b46-be93-2ba964a39c73@group-C25BD028928E: changes role from  FOLLOWER to FOLLOWER at term 96 for recognizeCandidate:f5624850-682f-4ec5-bb5c-f79627fc299e
2019-10-15 16:29:47,173 [grpc-default-executor-0] INFO  impl.RaftServerImpl (RaftServerImpl.java:setRole(184)) - f581660d-af3d-4f5f-b57d-f4cb54f048b9@group-C25BD028928E: changes role from  FOLLOWER to FOLLOWER at term 96 for recognizeCandidate:f5624850-682f-4ec5-bb5c-f79627fc299e
2019-10-15 16:29:47,173 [grpc-default-executor-11] INFO  impl.RoleInfo (RoleInfo.java:shutdownFollowerState(121)) - 14091fe6-d183-4b46-be93-2ba964a39c73: shutdown FollowerState
2019-10-15 16:29:47,173 [grpc-default-executor-0] INFO  impl.RoleInfo (RoleInfo.java:shutdownFollowerState(121)) - f581660d-af3d-4f5f-b57d-f4cb54f048b9: shutdown FollowerState
2019-10-15 16:29:47,173 [Thread-1206] INFO  impl.FollowerState (FollowerState.java:run(117)) - 14091fe6-d183-4b46-be93-2ba964a39c73@group-C25BD028928E-FollowerState was interrupted: java.lang.InterruptedException: sleep interrupted
2019-10-15 16:29:47,173 [grpc-default-executor-11] INFO  impl.RoleInfo (RoleInfo.java:updateAndGet(143)) - 14091fe6-d183-4b46-be93-2ba964a39c73: start FollowerState
2019-10-15 16:29:47,173 [Thread-1205] INFO  impl.FollowerState (FollowerState.java:run(117)) - f581660d-af3d-4f5f-b57d-f4cb54f048b9@group-C25BD028928E-FollowerState was interrupted: java.lang.InterruptedException: sleep interrupted
2019-10-15 16:29:47,173 [grpc-default-executor-0] INFO  impl.RoleInfo (RoleInfo.java:updateAndGet(143)) - f581660d-af3d-4f5f-b57d-f4cb54f048b9: start FollowerState
2019-10-15 16:29:47,197 [f5624850-682f-4ec5-bb5c-f79627fc299e@group-C25BD028928E-LeaderElection112] INFO  impl.LeaderElection (LeaderElection.java:logAndReturn(56)) - f5624850-682f-4ec5-bb5c-f79627fc299e@group-C25BD028928E-LeaderElection112: Election REJECTED; received 2 response(s) [f5624850-682f-4ec5-bb5c-f79627fc299e<-f581660d-af3d-4f5f-b57d-f4cb54f048b9#0:FAIL-t96, f5624850-682f-4ec5-bb5c-f79627fc299e<-14091fe6-d183-4b46-be93-2ba964a39c73#0:FAIL-t96] and 0 exception(s); f5624850-682f-4ec5-bb5c-f79627fc299e@group-C25BD028928E:t96, leader=null, voted=f5624850-682f-4ec5-bb5c-f79627fc299e, raftlog=f5624850-682f-4ec5-bb5c-f79627fc299e@group-C25BD028928E-SegmentedRaftLog:OPENED:c-1,f-1,i0, conf=-1: [f581660d-af3d-4f5f-b57d-f4cb54f048b9:192.168.164.239:42501, f5624850-682f-4ec5-bb5c-f79627fc299e:192.168.164.239:39499, 14091fe6-d183-4b46-be93-2ba964a39c73:192.168.164.239:34827], old=null
2019-10-15 16:29:47,197 [f5624850-682f-4ec5-bb5c-f79627fc299e@group-C25BD028928E-LeaderElection112] INFO  impl.RaftServerImpl (RaftServerImpl.java:setRole(184)) - f5624850-682f-4ec5-bb5c-f79627fc299e@group-C25BD028928E: changes role from CANDIDATE to FOLLOWER at term 96 for DISCOVERED_A_NEW_TERM
2019-10-15 16:29:47,197 [f5624850-682f-4ec5-bb5c-f79627fc299e@group-C25BD028928E-LeaderElection112] INFO  impl.RoleInfo (RoleInfo.java:shutdownLeaderElection(134)) - f5624850-682f-4ec5-bb5c-f79627fc299e: shutdown LeaderElection
2019-10-15 16:29:47,197 [f5624850-682f-4ec5-bb5c-f79627fc299e@group-C25BD028928E-LeaderElection112] INFO  impl.RoleInfo (RoleInfo.java:updateAndGet(143)) - f5624850-682f-4ec5-bb5c-f79627fc299e: start FollowerState
2019-10-15 16:29:47,237 [Thread-1217] INFO  impl.FollowerState (FollowerState.java:run(108)) - f5624850-682f-4ec5-bb5c-f79627fc299e@group-C25BD028928E-FollowerState: change to CANDIDATE, lastRpcTime:40ms, electionTimeout:40ms
2019-10-15 16:29:47,237 [Thread-1217] INFO  impl.RoleInfo (RoleInfo.java:shutdownFollowerState(121)) - f5624850-682f-4ec5-bb5c-f79627fc299e: shutdown FollowerState
2019-10-15 16:29:47,238 [Thread-1217] INFO  impl.RaftServerImpl (RaftServerImpl.java:setRole(184)) - f5624850-682f-4ec5-bb5c-f79627fc299e@group-C25BD028928E: changes role from  FOLLOWER to CANDIDATE at term 96 for changeToCandidate
2019-10-15 16:29:47,238 [Thread-1217] INFO  impl.RoleInfo (RoleInfo.java:updateAndGet(143)) - f5624850-682f-4ec5-bb5c-f79627fc299e: start LeaderElection
2019-10-15 16:29:47,263 [f5624850-682f-4ec5-bb5c-f79627fc299e@group-C25BD028928E-LeaderElection113] INFO  impl.LeaderElection (LeaderElection.java:askForVotes(178)) - f5624850-682f-4ec5-bb5c-f79627fc299e@group-C25BD028928E-LeaderElection113: begin an election at term 97 for -1: [f581660d-af3d-4f5f-b57d-f4cb54f048b9:192.168.164.239:42501, f5624850-682f-4ec5-bb5c-f79627fc299e:192.168.164.239:39499, 14091fe6-d183-4b46-be93-2ba964a39c73:192.168.164.239:34827], old=null
2019-10-15 16:29:47,265 [grpc-default-executor-0] INFO  impl.RaftServerImpl (RaftServerImpl.java:setRole(184)) - f581660d-af3d-4f5f-b57d-f4cb54f048b9@group-C25BD028928E: changes role from  FOLLOWER to FOLLOWER at term 97 for recognizeCandidate:f5624850-682f-4ec5-bb5c-f79627fc299e
2019-10-15 16:29:47,265 [grpc-default-executor-11] INFO  impl.RaftServerImpl (RaftServerImpl.java:setRole(184)) - 14091fe6-d183-4b46-be93-2ba964a39c73@group-C25BD028928E: changes role from  FOLLOWER to FOLLOWER at term 97 for recognizeCandidate:f5624850-682f-4ec5-bb5c-f79627fc299e
2019-10-15 16:29:47,265 [grpc-default-executor-0] INFO  impl.RoleInfo (RoleInfo.java:shutdownFollowerState(121)) - f581660d-af3d-4f5f-b57d-f4cb54f048b9: shutdown FollowerState
2019-10-15 16:29:47,265 [grpc-default-executor-11] INFO  impl.RoleInfo (RoleInfo.java:shutdownFollowerState(121)) - 14091fe6-d183-4b46-be93-2ba964a39c73: shutdown FollowerState
2019-10-15 16:29:47,266 [Thread-1216] INFO  impl.FollowerState (FollowerState.java:run(117)) - f581660d-af3d-4f5f-b57d-f4cb54f048b9@group-C25BD028928E-FollowerState was interrupted: java.lang.InterruptedException: sleep interrupted
2019-10-15 16:29:47,266 [Thread-1215] INFO  impl.FollowerState (FollowerState.java:run(117)) - 14091fe6-d183-4b46-be93-2ba964a39c73@group-C25BD028928E-FollowerState was interrupted: java.lang.InterruptedException: sleep interrupted
2019-10-15 16:29:47,266 [grpc-default-executor-0] INFO  impl.RoleInfo (RoleInfo.java:updateAndGet(143)) - f581660d-af3d-4f5f-b57d-f4cb54f048b9: start FollowerState
2019-10-15 16:29:47,266 [grpc-default-executor-11] INFO  impl.RoleInfo (RoleInfo.java:updateAndGet(143)) - 14091fe6-d183-4b46-be93-2ba964a39c73: start FollowerState
2019-10-15 16:29:47,286 [f5624850-682f-4ec5-bb5c-f79627fc299e@group-C25BD028928E-LeaderElection113] INFO  impl.LeaderElection (LeaderElection.java:logAndReturn(56)) - f5624850-682f-4ec5-bb5c-f79627fc299e@group-C25BD028928E-LeaderElection113: Election TIMEOUT; received 0 response(s) [] and 0 exception(s); f5624850-682f-4ec5-bb5c-f79627fc299e@group-C25BD028928E:t97, leader=null, voted=f5624850-682f-4ec5-bb5c-f79627fc299e, raftlog=f5624850-682f-4ec5-bb5c-f79627fc299e@group-C25BD028928E-SegmentedRaftLog:OPENED:c-1,f-1,i0, conf=-1: [f581660d-af3d-4f5f-b57d-f4cb54f048b9:192.168.164.239:42501, f5624850-682f-4ec5-bb5c-f79627fc299e:192.168.164.239:39499, 14091fe6-d183-4b46-be93-2ba964a39c73:192.168.164.239:34827], old=null
2019-10-15 16:29:47,313 [f5624850-682f-4ec5-bb5c-f79627fc299e@group-C25BD028928E-LeaderElection113] INFO  impl.LeaderElection (LeaderElection.java:askForVotes(178)) - f5624850-682f-4ec5-bb5c-f79627fc299e@group-C25BD028928E-LeaderElection113: begin an election at term 98 for -1: [f581660d-af3d-4f5f-b57d-f4cb54f048b9:192.168.164.239:42501, f5624850-682f-4ec5-bb5c-f79627fc299e:192.168.164.239:39499, 14091fe6-d183-4b46-be93-2ba964a39c73:192.168.164.239:34827], old=null
2019-10-15 16:29:47,315 [grpc-default-executor-0] INFO  impl.RaftServerImpl (RaftServerImpl.java:setRole(184)) - f581660d-af3d-4f5f-b57d-f4cb54f048b9@group-C25BD028928E: changes role from  FOLLOWER to FOLLOWER at term 98 for recognizeCandidate:f5624850-682f-4ec5-bb5c-f79627fc299e
2019-10-15 16:29:47,316 [grpc-default-executor-0] INFO  impl.RoleInfo (RoleInfo.java:shutdownFollowerState(121)) - f581660d-af3d-4f5f-b57d-f4cb54f048b9: shutdown FollowerState
2019-10-15 16:29:47,315 [grpc-default-executor-11] INFO  impl.RaftServerImpl (RaftServerImpl.java:setRole(184)) - 14091fe6-d183-4b46-be93-2ba964a39c73@group-C25BD028928E: changes role from  FOLLOWER to FOLLOWER at term 98 for recognizeCandidate:f5624850-682f-4ec5-bb5c-f79627fc299e
2019-10-15 16:29:47,316 [Thread-1221] INFO  impl.FollowerState (FollowerState.java:run(117)) - f581660d-af3d-4f5f-b57d-f4cb54f048b9@group-C25BD028928E-FollowerState was interrupted: java.lang.InterruptedException: sleep interrupted
2019-10-15 16:29:47,316 [grpc-default-executor-0] INFO  impl.RoleInfo (RoleInfo.java:updateAndGet(143)) - f581660d-af3d-4f5f-b57d-f4cb54f048b9: start FollowerState
2019-10-15 16:29:47,316 [grpc-default-executor-11] INFO  impl.RoleInfo (RoleInfo.java:shutdownFollowerState(121)) - 14091fe6-d183-4b46-be93-2ba964a39c73: shutdown FollowerState
2019-10-15 16:29:47,316 [grpc-default-executor-11] INFO  impl.RoleInfo (RoleInfo.java:updateAndGet(143)) - 14091fe6-d183-4b46-be93-2ba964a39c73: start FollowerState
2019-10-15 16:29:47,316 [Thread-1222] INFO  impl.FollowerState (FollowerState.java:run(117)) - 14091fe6-d183-4b46-be93-2ba964a39c73@group-C25BD028928E-FollowerState was interrupted: java.lang.InterruptedException: sleep interrupted
2019-10-15 16:29:47,340 [f5624850-682f-4ec5-bb5c-f79627fc299e@group-C25BD028928E-LeaderElection113] INFO  impl.LeaderElection (LeaderElection.java:logAndReturn(56)) - f5624850-682f-4ec5-bb5c-f79627fc299e@group-C25BD028928E-LeaderElection113: Election REJECTED; received 2 response(s) [f5624850-682f-4ec5-bb5c-f79627fc299e<-f581660d-af3d-4f5f-b57d-f4cb54f048b9#0:FAIL-t98, f5624850-682f-4ec5-bb5c-f79627fc299e<-14091fe6-d183-4b46-be93-2ba964a39c73#0:FAIL-t98] and 0 exception(s); f5624850-682f-4ec5-bb5c-f79627fc299e@group-C25BD028928E:t98, leader=null, voted=f5624850-682f-4ec5-bb5c-f79627fc299e, raftlog=f5624850-682f-4ec5-bb5c-f79627fc299e@group-C25BD028928E-SegmentedRaftLog:OPENED:c-1,f-1,i0, conf=-1: [f581660d-af3d-4f5f-b57d-f4cb54f048b9:192.168.164.239:42501, f5624850-682f-4ec5-bb5c-f79627fc299e:192.168.164.239:39499, 14091fe6-d183-4b46-be93-2ba964a39c73:192.168.164.239:34827], old=null
2019-10-15 16:29:47,340 [f5624850-682f-4ec5-bb5c-f79627fc299e@group-C25BD028928E-LeaderElection113] INFO  impl.RaftServerImpl (RaftServerImpl.java:setRole(184)) - f5624850-682f-4ec5-bb5c-f79627fc299e@group-C25BD028928E: changes role from CANDIDATE to FOLLOWER at term 98 for DISCOVERED_A_NEW_TERM
2019-10-15 16:29:47,340 [f5624850-682f-4ec5-bb5c-f79627fc299e@group-C25BD028928E-LeaderElection113] INFO  impl.RoleInfo (RoleInfo.java:shutdownLeaderElection(134)) - f5624850-682f-4ec5-bb5c-f79627fc299e: shutdown LeaderElection
2019-10-15 16:29:47,340 [f5624850-682f-4ec5-bb5c-f79627fc299e@group-C25BD028928E-LeaderElection113] INFO  impl.RoleInfo (RoleInfo.java:updateAndGet(143)) - f5624850-682f-4ec5-bb5c-f79627fc299e: start FollowerState
2019-10-15 16:29:47,508 [Thread-1227] INFO  impl.FollowerState (FollowerState.java:run(108)) - f5624850-682f-4ec5-bb5c-f79627fc299e@group-C25BD028928E-FollowerState: change to CANDIDATE, lastRpcTime:168ms, electionTimeout:168ms
2019-10-15 16:29:47,509 [Thread-1227] INFO  impl.RoleInfo (RoleInfo.java:shutdownFollowerState(121)) - f5624850-682f-4ec5-bb5c-f79627fc299e: shutdown FollowerState
2019-10-15 16:29:47,509 [Thread-1227] INFO  impl.RaftServerImpl (RaftServerImpl.java:setRole(184)) - f5624850-682f-4ec5-bb5c-f79627fc299e@group-C25BD028928E: changes role from  FOLLOWER to CANDIDATE at term 98 for changeToCandidate
2019-10-15 16:29:47,509 [Thread-1227] INFO  impl.RoleInfo (RoleInfo.java:updateAndGet(143)) - f5624850-682f-4ec5-bb5c-f79627fc299e: start LeaderElection
2019-10-15 16:29:47,539 [f5624850-682f-4ec5-bb5c-f79627fc299e@group-C25BD028928E-LeaderElection114] INFO  impl.LeaderElection (LeaderElection.java:askForVotes(178)) - f5624850-682f-4ec5-bb5c-f79627fc299e@group-C25BD028928E-LeaderElection114: begin an election at term 99 for -1: [f581660d-af3d-4f5f-b57d-f4cb54f048b9:192.168.164.239:42501, f5624850-682f-4ec5-bb5c-f79627fc299e:192.168.164.239:39499, 14091fe6-d183-4b46-be93-2ba964a39c73:192.168.164.239:34827], old=null
2019-10-15 16:29:47,542 [grpc-default-executor-11] INFO  impl.RaftServerImpl (RaftServerImpl.java:setRole(184)) - f581660d-af3d-4f5f-b57d-f4cb54f048b9@group-C25BD028928E: changes role from  FOLLOWER to FOLLOWER at term 99 for recognizeCandidate:f5624850-682f-4ec5-bb5c-f79627fc299e
2019-10-15 16:29:47,542 [grpc-default-executor-11] INFO  impl.RoleInfo (RoleInfo.java:shutdownFollowerState(121)) - f581660d-af3d-4f5f-b57d-f4cb54f048b9: shutdown FollowerState
2019-10-15 16:29:47,542 [grpc-default-executor-0] INFO  impl.RaftServerImpl (RaftServerImpl.java:setRole(184)) - 14091fe6-d183-4b46-be93-2ba964a39c73@group-C25BD028928E: changes role from  FOLLOWER to FOLLOWER at term 99 for recognizeCandidate:f5624850-682f-4ec5-bb5c-f79627fc299e
2019-10-15 16:29:47,542 [grpc-default-executor-0] INFO  impl.RoleInfo (RoleInfo.java:shutdownFollowerState(121)) - 14091fe6-d183-4b46-be93-2ba964a39c73: shutdown FollowerState
2019-10-15 16:29:47,542 [Thread-1225] INFO  impl.FollowerState (FollowerState.java:run(117)) - f581660d-af3d-4f5f-b57d-f4cb54f048b9@group-C25BD028928E-FollowerState was interrupted: java.lang.InterruptedException: sleep interrupted
2019-10-15 16:29:47,542 [grpc-default-executor-11] INFO  impl.RoleInfo (RoleInfo.java:updateAndGet(143)) - f581660d-af3d-4f5f-b57d-f4cb54f048b9: start FollowerState
2019-10-15 16:29:47,542 [Thread-1226] INFO  impl.FollowerState (FollowerState.java:run(117)) - 14091fe6-d183-4b46-be93-2ba964a39c73@group-C25BD028928E-FollowerState was interrupted: java.lang.InterruptedException: sleep interrupted
2019-10-15 16:29:47,542 [grpc-default-executor-0] INFO  impl.RoleInfo (RoleInfo.java:updateAndGet(143)) - 14091fe6-d183-4b46-be93-2ba964a39c73: start FollowerState
2019-10-15 16:29:47,565 [f5624850-682f-4ec5-bb5c-f79627fc299e@group-C25BD028928E-LeaderElection114] INFO  impl.LeaderElection (LeaderElection.java:logAndReturn(56)) - f5624850-682f-4ec5-bb5c-f79627fc299e@group-C25BD028928E-LeaderElection114: Election REJECTED; received 2 response(s) [f5624850-682f-4ec5-bb5c-f79627fc299e<-f581660d-af3d-4f5f-b57d-f4cb54f048b9#0:FAIL-t99, f5624850-682f-4ec5-bb5c-f79627fc299e<-14091fe6-d183-4b46-be93-2ba964a39c73#0:FAIL-t99] and 0 exception(s); f5624850-682f-4ec5-bb5c-f79627fc299e@group-C25BD028928E:t99, leader=null, voted=f5624850-682f-4ec5-bb5c-f79627fc299e, raftlog=f5624850-682f-4ec5-bb5c-f79627fc299e@group-C25BD028928E-SegmentedRaftLog:OPENED:c-1,f-1,i0, conf=-1: [f581660d-af3d-4f5f-b57d-f4cb54f048b9:192.168.164.239:42501, f5624850-682f-4ec5-bb5c-f79627fc299e:192.168.164.239:39499, 14091fe6-d183-4b46-be93-2ba964a39c73:192.168.164.239:34827], old=null
2019-10-15 16:29:47,566 [f5624850-682f-4ec5-bb5c-f79627fc299e@group-C25BD028928E-LeaderElection114] INFO  impl.RaftServerImpl (RaftServerImpl.java:setRole(184)) - f5624850-682f-4ec5-bb5c-f79627fc299e@group-C25BD028928E: changes role from CANDIDATE to FOLLOWER at term 99 for DISCOVERED_A_NEW_TERM
2019-10-15 16:29:47,566 [f5624850-682f-4ec5-bb5c-f79627fc299e@group-C25BD028928E-LeaderElection114] INFO  impl.RoleInfo (RoleInfo.java:shutdownLeaderElection(134)) - f5624850-682f-4ec5-bb5c-f79627fc299e: shutdown LeaderElection
2019-10-15 16:29:47,566 [f5624850-682f-4ec5-bb5c-f79627fc299e@group-C25BD028928E-LeaderElection114] INFO  impl.RoleInfo (RoleInfo.java:updateAndGet(143)) - f5624850-682f-4ec5-bb5c-f79627fc299e: start FollowerState
2019-10-15 16:29:47,705 [Thread-1235] INFO  impl.FollowerState (FollowerState.java:run(108)) - f5624850-682f-4ec5-bb5c-f79627fc299e@group-C25BD028928E-FollowerState: change to CANDIDATE, lastRpcTime:139ms, electionTimeout:139ms
2019-10-15 16:29:47,705 [Thread-1235] INFO  impl.RoleInfo (RoleInfo.java:shutdownFollowerState(121)) - f5624850-682f-4ec5-bb5c-f79627fc299e: shutdown FollowerState
2019-10-15 16:29:47,706 [Thread-1235] INFO  impl.RaftServerImpl (RaftServerImpl.java:setRole(184)) - f5624850-682f-4ec5-bb5c-f79627fc299e@group-C25BD028928E: changes role from  FOLLOWER to CANDIDATE at term 99 for changeToCandidate
2019-10-15 16:29:47,706 [Thread-1235] INFO  impl.RoleInfo (RoleInfo.java:updateAndGet(143)) - f5624850-682f-4ec5-bb5c-f79627fc299e: start LeaderElection
2019-10-15 16:29:47,732 [f5624850-682f-4ec5-bb5c-f79627fc299e@group-C25BD028928E-LeaderElection115] INFO  impl.LeaderElection (LeaderElection.java:askForVotes(178)) - f5624850-682f-4ec5-bb5c-f79627fc299e@group-C25BD028928E-LeaderElection115: begin an election at term 100 for -1: [f581660d-af3d-4f5f-b57d-f4cb54f048b9:192.168.164.239:42501, f5624850-682f-4ec5-bb5c-f79627fc299e:192.168.164.239:39499, 14091fe6-d183-4b46-be93-2ba964a39c73:192.168.164.239:34827], old=null
2019-10-15 16:29:47,734 [grpc-default-executor-11] INFO  impl.RaftServerImpl (RaftServerImpl.java:setRole(184)) - 14091fe6-d183-4b46-be93-2ba964a39c73@group-C25BD028928E: changes role from  FOLLOWER to FOLLOWER at term 100 for recognizeCandidate:f5624850-682f-4ec5-bb5c-f79627fc299e
2019-10-15 16:29:47,734 [grpc-default-executor-0] INFO  impl.RaftServerImpl (RaftServerImpl.java:setRole(184)) - f581660d-af3d-4f5f-b57d-f4cb54f048b9@group-C25BD028928E: changes role from  FOLLOWER to FOLLOWER at term 100 for recognizeCandidate:f5624850-682f-4ec5-bb5c-f79627fc299e
2019-10-15 16:29:47,734 [grpc-default-executor-11] INFO  impl.RoleInfo (RoleInfo.java:shutdownFollowerState(121)) - 14091fe6-d183-4b46-be93-2ba964a39c73: shutdown FollowerState
2019-10-15 16:29:47,735 [grpc-default-executor-0] INFO  impl.RoleInfo (RoleInfo.java:shutdownFollowerState(121)) - f581660d-af3d-4f5f-b57d-f4cb54f048b9: shutdown FollowerState
2019-10-15 16:29:47,735 [Thread-1232] INFO  impl.FollowerState (FollowerState.java:run(117)) - 14091fe6-d183-4b46-be93-2ba964a39c73@group-C25BD028928E-FollowerState was interrupted: java.lang.InterruptedException: sleep interrupted
2019-10-15 16:29:47,735 [Thread-1231] INFO  impl.FollowerState (FollowerState.java:run(117)) - f581660d-af3d-4f5f-b57d-f4cb54f048b9@group-C25BD028928E-FollowerState was interrupted: java.lang.InterruptedException: sleep interrupted
2019-10-15 16:29:47,735 [grpc-default-executor-11] INFO  impl.RoleInfo (RoleInfo.java:updateAndGet(143)) - 14091fe6-d183-4b46-be93-2ba964a39c73: start FollowerState
2019-10-15 16:29:47,735 [grpc-default-executor-0] INFO  impl.RoleInfo (RoleInfo.java:updateAndGet(143)) - f581660d-af3d-4f5f-b57d-f4cb54f048b9: start FollowerState
2019-10-15 16:29:47,758 [f5624850-682f-4ec5-bb5c-f79627fc299e@group-C25BD028928E-LeaderElection115] INFO  impl.LeaderElection (LeaderElection.java:logAndReturn(56)) - f5624850-682f-4ec5-bb5c-f79627fc299e@group-C25BD028928E-LeaderElection115: Election REJECTED; received 2 response(s) [f5624850-682f-4ec5-bb5c-f79627fc299e<-f581660d-af3d-4f5f-b57d-f4cb54f048b9#0:FAIL-t100, f5624850-682f-4ec5-bb5c-f79627fc299e<-14091fe6-d183-4b46-be93-2ba964a39c73#0:FAIL-t100] and 0 exception(s); f5624850-682f-4ec5-bb5c-f79627fc299e@group-C25BD028928E:t100, leader=null, voted=f5624850-682f-4ec5-bb5c-f79627fc299e, raftlog=f5624850-682f-4ec5-bb5c-f79627fc299e@group-C25BD028928E-SegmentedRaftLog:OPENED:c-1,f-1,i0, conf=-1: [f581660d-af3d-4f5f-b57d-f4cb54f048b9:192.168.164.239:42501, f5624850-682f-4ec5-bb5c-f79627fc299e:192.168.164.239:39499, 14091fe6-d183-4b46-be93-2ba964a39c73:192.168.164.239:34827], old=null
2019-10-15 16:29:47,758 [f5624850-682f-4ec5-bb5c-f79627fc299e@group-C25BD028928E-LeaderElection115] INFO  impl.RaftServerImpl (RaftServerImpl.java:setRole(184)) - f5624850-682f-4ec5-bb5c-f79627fc299e@group-C25BD028928E: changes role from CANDIDATE to FOLLOWER at term 100 for DISCOVERED_A_NEW_TERM
2019-10-15 16:29:47,758 [f5624850-682f-4ec5-bb5c-f79627fc299e@group-C25BD028928E-LeaderElection115] INFO  impl.RoleInfo (RoleInfo.java:shutdownLeaderElection(134)) - f5624850-682f-4ec5-bb5c-f79627fc299e: shutdown LeaderElection
2019-10-15 16:29:47,759 [f5624850-682f-4ec5-bb5c-f79627fc299e@group-C25BD028928E-LeaderElection115] INFO  impl.RoleInfo (RoleInfo.java:updateAndGet(143)) - f5624850-682f-4ec5-bb5c-f79627fc299e: start FollowerState
2019-10-15 16:29:47,780 [Thread-1243] INFO  impl.FollowerState (FollowerState.java:run(108)) - f5624850-682f-4ec5-bb5c-f79627fc299e@group-C25BD028928E-FollowerState: change to CANDIDATE, lastRpcTime:21ms, electionTimeout:21ms
2019-10-15 16:29:47,780 [Thread-1243] INFO  impl.RoleInfo (RoleInfo.java:shutdownFollowerState(121)) - f5624850-682f-4ec5-bb5c-f79627fc299e: shutdown FollowerState
2019-10-15 16:29:47,780 [Thread-1243] INFO  impl.RaftServerImpl (RaftServerImpl.java:setRole(184)) - f5624850-682f-4ec5-bb5c-f79627fc299e@group-C25BD028928E: changes role from  FOLLOWER to CANDIDATE at term 100 for changeToCandidate
2019-10-15 16:29:47,780 [Thread-1243] INFO  impl.RoleInfo (RoleInfo.java:updateAndGet(143)) - f5624850-682f-4ec5-bb5c-f79627fc299e: start LeaderElection
2019-10-15 16:29:47,807 [f5624850-682f-4ec5-bb5c-f79627fc299e@group-C25BD028928E-LeaderElection116] INFO  impl.LeaderElection (LeaderElection.java:askForVotes(178)) - f5624850-682f-4ec5-bb5c-f79627fc299e@group-C25BD028928E-LeaderElection116: begin an election at term 101 for -1: [f581660d-af3d-4f5f-b57d-f4cb54f048b9:192.168.164.239:42501, f5624850-682f-4ec5-bb5c-f79627fc299e:192.168.164.239:39499, 14091fe6-d183-4b46-be93-2ba964a39c73:192.168.164.239:34827], old=null
2019-10-15 16:29:47,810 [grpc-default-executor-11] INFO  impl.RaftServerImpl (RaftServerImpl.java:setRole(184)) - 14091fe6-d183-4b46-be93-2ba964a39c73@group-C25BD028928E: changes role from  FOLLOWER to FOLLOWER at term 101 for recognizeCandidate:f5624850-682f-4ec5-bb5c-f79627fc299e
2019-10-15 16:29:47,810 [grpc-default-executor-0] INFO  impl.RaftServerImpl (RaftServerImpl.java:setRole(184)) - f581660d-af3d-4f5f-b57d-f4cb54f048b9@group-C25BD028928E: changes role from  FOLLOWER to FOLLOWER at term 101 for recognizeCandidate:f5624850-682f-4ec5-bb5c-f79627fc299e
2019-10-15 16:29:47,810 [grpc-default-executor-11] INFO  impl.RoleInfo (RoleInfo.java:shutdownFollowerState(121)) - 14091fe6-d183-4b46-be93-2ba964a39c73: shutdown FollowerState
2019-10-15 16:29:47,810 [grpc-default-executor-0] INFO  impl.RoleInfo (RoleInfo.java:shutdownFollowerState(121)) - f581660d-af3d-4f5f-b57d-f4cb54f048b9: shutdown FollowerState
2019-10-15 16:29:47,811 [grpc-default-executor-11] INFO  impl.RoleInfo (RoleInfo.java:updateAndGet(143)) - 14091fe6-d183-4b46-be93-2ba964a39c73: start FollowerState
2019-10-15 16:29:47,811 [Thread-1242] INFO  impl.FollowerState (FollowerState.java:run(117)) - f581660d-af3d-4f5f-b57d-f4cb54f048b9@group-C25BD028928E-FollowerState was interrupted: java.lang.InterruptedException: sleep interrupted
2019-10-15 16:29:47,811 [grpc-default-executor-0] INFO  impl.RoleInfo (RoleInfo.java:updateAndGet(143)) - f581660d-af3d-4f5f-b57d-f4cb54f048b9: start FollowerState
2019-10-15 16:29:47,811 [Thread-1241] INFO  impl.FollowerState (FollowerState.java:run(117)) - 14091fe6-d183-4b46-be93-2ba964a39c73@group-C25BD028928E-FollowerState was interrupted: java.lang.InterruptedException: sleep interrupted
2019-10-15 16:29:47,835 [f5624850-682f-4ec5-bb5c-f79627fc299e@group-C25BD028928E-LeaderElection116] INFO  impl.LeaderElection (LeaderElection.java:logAndReturn(56)) - f5624850-682f-4ec5-bb5c-f79627fc299e@group-C25BD028928E-LeaderElection116: Election REJECTED; received 2 response(s) [f5624850-682f-4ec5-bb5c-f79627fc299e<-f581660d-af3d-4f5f-b57d-f4cb54f048b9#0:FAIL-t101, f5624850-682f-4ec5-bb5c-f79627fc299e<-14091fe6-d183-4b46-be93-2ba964a39c73#0:FAIL-t101] and 0 exception(s); f5624850-682f-4ec5-bb5c-f79627fc299e@group-C25BD028928E:t101, leader=null, voted=f5624850-682f-4ec5-bb5c-f79627fc299e, raftlog=f5624850-682f-4ec5-bb5c-f79627fc299e@group-C25BD028928E-SegmentedRaftLog:OPENED:c-1,f-1,i0, conf=-1: [f581660d-af3d-4f5f-b57d-f4cb54f048b9:192.168.164.239:42501, f5624850-682f-4ec5-bb5c-f79627fc299e:192.168.164.239:39499, 14091fe6-d183-4b46-be93-2ba964a39c73:192.168.164.239:34827], old=null
2019-10-15 16:29:47,835 [f5624850-682f-4ec5-bb5c-f79627fc299e@group-C25BD028928E-LeaderElection116] INFO  impl.RaftServerImpl (RaftServerImpl.java:setRole(184)) - f5624850-682f-4ec5-bb5c-f79627fc299e@group-C25BD028928E: changes role from CANDIDATE to FOLLOWER at term 101 for DISCOVERED_A_NEW_TERM
2019-10-15 16:29:47,835 [f5624850-682f-4ec5-bb5c-f79627fc299e@group-C25BD028928E-LeaderElection116] INFO  impl.RoleInfo (RoleInfo.java:shutdownLeaderElection(134)) - f5624850-682f-4ec5-bb5c-f79627fc299e: shutdown LeaderElection
2019-10-15 16:29:47,835 [f5624850-682f-4ec5-bb5c-f79627fc299e@group-C25BD028928E-LeaderElection116] INFO  impl.RoleInfo (RoleInfo.java:updateAndGet(143)) - f5624850-682f-4ec5-bb5c-f79627fc299e: start FollowerState
2019-10-15 16:29:47,921 [Thread-1249] INFO  impl.FollowerState (FollowerState.java:run(108)) - f5624850-682f-4ec5-bb5c-f79627fc299e@group-C25BD028928E-FollowerState: change to CANDIDATE, lastRpcTime:85ms, electionTimeout:85ms
2019-10-15 16:29:47,921 [Thread-1249] INFO  impl.RoleInfo (RoleInfo.java:shutdownFollowerState(121)) - f5624850-682f-4ec5-bb5c-f79627fc299e: shutdown FollowerState
2019-10-15 16:29:47,921 [Thread-1249] INFO  impl.RaftServerImpl (RaftServerImpl.java:setRole(184)) - f5624850-682f-4ec5-bb5c-f79627fc299e@group-C25BD028928E: changes role from  FOLLOWER to CANDIDATE at term 101 for changeToCandidate
2019-10-15 16:29:47,921 [Thread-1249] INFO  impl.RoleInfo (RoleInfo.java:updateAndGet(143)) - f5624850-682f-4ec5-bb5c-f79627fc299e: start LeaderElection
2019-10-15 16:29:47,951 [f5624850-682f-4ec5-bb5c-f79627fc299e@group-C25BD028928E-LeaderElection117] INFO  impl.LeaderElection (LeaderElection.java:askForVotes(178)) - f5624850-682f-4ec5-bb5c-f79627fc299e@group-C25BD028928E-LeaderElection117: begin an election at term 102 for -1: [f581660d-af3d-4f5f-b57d-f4cb54f048b9:192.168.164.239:42501, f5624850-682f-4ec5-bb5c-f79627fc299e:192.168.164.239:39499, 14091fe6-d183-4b46-be93-2ba964a39c73:192.168.164.239:34827], old=null
2019-10-15 16:29:47,954 [grpc-default-executor-11] INFO  impl.RaftServerImpl (RaftServerImpl.java:setRole(184)) - 14091fe6-d183-4b46-be93-2ba964a39c73@group-C25BD028928E: changes role from  FOLLOWER to FOLLOWER at term 102 for recognizeCandidate:f5624850-682f-4ec5-bb5c-f79627fc299e
2019-10-15 16:29:47,954 [grpc-default-executor-0] INFO  impl.RaftServerImpl (RaftServerImpl.java:setRole(184)) - f581660d-af3d-4f5f-b57d-f4cb54f048b9@group-C25BD028928E: changes role from  FOLLOWER to FOLLOWER at term 102 for recognizeCandidate:f5624850-682f-4ec5-bb5c-f79627fc299e
2019-10-15 16:29:47,954 [grpc-default-executor-11] INFO  impl.RoleInfo (RoleInfo.java:shutdownFollowerState(121)) - 14091fe6-d183-4b46-be93-2ba964a39c73: shutdown FollowerState
2019-10-15 16:29:47,954 [grpc-default-executor-0] INFO  impl.RoleInfo (RoleInfo.java:shutdownFollowerState(121)) - f581660d-af3d-4f5f-b57d-f4cb54f048b9: shutdown FollowerState
2019-10-15 16:29:47,955 [Thread-1247] INFO  impl.FollowerState (FollowerState.java:run(117)) - 14091fe6-d183-4b46-be93-2ba964a39c73@group-C25BD028928E-FollowerState was interrupted: java.lang.InterruptedException: sleep interrupted
2019-10-15 16:29:47,955 [grpc-default-executor-11] INFO  impl.RoleInfo (RoleInfo.java:updateAndGet(143)) - 14091fe6-d183-4b46-be93-2ba964a39c73: start FollowerState
2019-10-15 16:29:47,955 [Thread-1248] INFO  impl.FollowerState (FollowerState.java:run(117)) - f581660d-af3d-4f5f-b57d-f4cb54f048b9@group-C25BD028928E-FollowerState was interrupted: java.lang.InterruptedException: sleep interrupted
2019-10-15 16:29:47,955 [grpc-default-executor-0] INFO  impl.RoleInfo (RoleInfo.java:updateAndGet(143)) - f581660d-af3d-4f5f-b57d-f4cb54f048b9: start FollowerState
2019-10-15 16:29:47,986 [f5624850-682f-4ec5-bb5c-f79627fc299e@group-C25BD028928E-LeaderElection117] INFO  impl.LeaderElection (LeaderElection.java:logAndReturn(56)) - f5624850-682f-4ec5-bb5c-f79627fc299e@group-C25BD028928E-LeaderElection117: Election REJECTED; received 2 response(s) [f5624850-682f-4ec5-bb5c-f79627fc299e<-f581660d-af3d-4f5f-b57d-f4cb54f048b9#0:FAIL-t102, f5624850-682f-4ec5-bb5c-f79627fc299e<-14091fe6-d183-4b46-be93-2ba964a39c73#0:FAIL-t102] and 0 exception(s); f5624850-682f-4ec5-bb5c-f79627fc299e@group-C25BD028928E:t102, leader=null, voted=f5624850-682f-4ec5-bb5c-f79627fc299e, raftlog=f5624850-682f-4ec5-bb5c-f79627fc299e@group-C25BD028928E-SegmentedRaftLog:OPENED:c-1,f-1,i0, conf=-1: [f581660d-af3d-4f5f-b57d-f4cb54f048b9:192.168.164.239:42501, f5624850-682f-4ec5-bb5c-f79627fc299e:192.168.164.239:39499, 14091fe6-d183-4b46-be93-2ba964a39c73:192.168.164.239:34827], old=null
2019-10-15 16:29:47,986 [f5624850-682f-4ec5-bb5c-f79627fc299e@group-C25BD028928E-LeaderElection117] INFO  impl.RaftServerImpl (RaftServerImpl.java:setRole(184)) - f5624850-682f-4ec5-bb5c-f79627fc299e@group-C25BD028928E: changes role from CANDIDATE to FOLLOWER at term 102 for DISCOVERED_A_NEW_TERM
2019-10-15 16:29:47,986 [f5624850-682f-4ec5-bb5c-f79627fc299e@group-C25BD028928E-LeaderElection117] INFO  impl.RoleInfo (RoleInfo.java:shutdownLeaderElection(134)) - f5624850-682f-4ec5-bb5c-f79627fc299e: shutdown LeaderElection
2019-10-15 16:29:47,987 [f5624850-682f-4ec5-bb5c-f79627fc299e@group-C25BD028928E-LeaderElection117] INFO  impl.RoleInfo (RoleInfo.java:updateAndGet(143)) - f5624850-682f-4ec5-bb5c-f79627fc299e: start FollowerState
2019-10-15 16:29:48,007 [Thread-1255] INFO  impl.FollowerState (FollowerState.java:run(108)) - f5624850-682f-4ec5-bb5c-f79627fc299e@group-C25BD028928E-FollowerState: change to CANDIDATE, lastRpcTime:20ms, electionTimeout:20ms
2019-10-15 16:29:48,007 [Thread-1255] INFO  impl.RoleInfo (RoleInfo.java:shutdownFollowerState(121)) - f5624850-682f-4ec5-bb5c-f79627fc299e: shutdown FollowerState
2019-10-15 16:29:48,007 [Thread-1255] INFO  impl.RaftServerImpl (RaftServerImpl.java:setRole(184)) - f5624850-682f-4ec5-bb5c-f79627fc299e@group-C25BD028928E: changes role from  FOLLOWER to CANDIDATE at term 102 for changeToCandidate
2019-10-15 16:29:48,008 [Thread-1255] INFO  impl.RoleInfo (RoleInfo.java:updateAndGet(143)) - f5624850-682f-4ec5-bb5c-f79627fc299e: start LeaderElection
2019-10-15 16:29:48,035 [f5624850-682f-4ec5-bb5c-f79627fc299e@group-C25BD028928E-LeaderElection118] INFO  impl.LeaderElection (LeaderElection.java:askForVotes(178)) - f5624850-682f-4ec5-bb5c-f79627fc299e@group-C25BD028928E-LeaderElection118: begin an election at term 103 for -1: [f581660d-af3d-4f5f-b57d-f4cb54f048b9:192.168.164.239:42501, f5624850-682f-4ec5-bb5c-f79627fc299e:192.168.164.239:39499, 14091fe6-d183-4b46-be93-2ba964a39c73:192.168.164.239:34827], old=null
2019-10-15 16:29:48,036 [f5624850-682f-4ec5-bb5c-f79627fc299e@group-C25BD028928E-LeaderElection118] INFO  impl.LeaderElection (LeaderElection.java:logAndReturn(56)) - f5624850-682f-4ec5-bb5c-f79627fc299e@group-C25BD028928E-LeaderElection118: Election TIMEOUT; received 0 response(s) [] and 0 exception(s); f5624850-682f-4ec5-bb5c-f79627fc299e@group-C25BD028928E:t103, leader=null, voted=f5624850-682f-4ec5-bb5c-f79627fc299e, raftlog=f5624850-682f-4ec5-bb5c-f79627fc299e@group-C25BD028928E-SegmentedRaftLog:OPENED:c-1,f-1,i0, conf=-1: [f581660d-af3d-4f5f-b57d-f4cb54f048b9:192.168.164.239:42501, f5624850-682f-4ec5-bb5c-f79627fc299e:192.168.164.239:39499, 14091fe6-d183-4b46-be93-2ba964a39c73:192.168.164.239:34827], old=null
2019-10-15 16:29:48,038 [grpc-default-executor-0] INFO  impl.RaftServerImpl (RaftServerImpl.java:setRole(184)) - f581660d-af3d-4f5f-b57d-f4cb54f048b9@group-C25BD028928E: changes role from  FOLLOWER to FOLLOWER at term 103 for recognizeCandidate:f5624850-682f-4ec5-bb5c-f79627fc299e
2019-10-15 16:29:48,038 [grpc-default-executor-0] INFO  impl.RoleInfo (RoleInfo.java:shutdownFollowerState(121)) - f581660d-af3d-4f5f-b57d-f4cb54f048b9: shutdown FollowerState
2019-10-15 16:29:48,039 [grpc-default-executor-0] INFO  impl.RoleInfo (RoleInfo.java:updateAndGet(143)) - f581660d-af3d-4f5f-b57d-f4cb54f048b9: start FollowerState
2019-10-15 16:29:48,039 [Thread-1254] INFO  impl.FollowerState (FollowerState.java:run(117)) - f581660d-af3d-4f5f-b57d-f4cb54f048b9@group-C25BD028928E-FollowerState was interrupted: java.lang.InterruptedException: sleep interrupted
2019-10-15 16:29:48,039 [grpc-default-executor-11] INFO  impl.RaftServerImpl (RaftServerImpl.java:setRole(184)) - 14091fe6-d183-4b46-be93-2ba964a39c73@group-C25BD028928E: changes role from  FOLLOWER to FOLLOWER at term 103 for recognizeCandidate:f5624850-682f-4ec5-bb5c-f79627fc299e
2019-10-15 16:29:48,039 [grpc-default-executor-11] INFO  impl.RoleInfo (RoleInfo.java:shutdownFollowerState(121)) - 14091fe6-d183-4b46-be93-2ba964a39c73: shutdown FollowerState
2019-10-15 16:29:48,039 [grpc-default-executor-11] INFO  impl.RoleInfo (RoleInfo.java:updateAndGet(143)) - 14091fe6-d183-4b46-be93-2ba964a39c73: start FollowerState
2019-10-15 16:29:48,039 [Thread-1253] INFO  impl.FollowerState (FollowerState.java:run(117)) - 14091fe6-d183-4b46-be93-2ba964a39c73@group-C25BD028928E-FollowerState was interrupted: java.lang.InterruptedException: sleep interrupted
2019-10-15 16:29:48,061 [f5624850-682f-4ec5-bb5c-f79627fc299e@group-C25BD028928E-LeaderElection118] INFO  impl.LeaderElection (LeaderElection.java:askForVotes(178)) - f5624850-682f-4ec5-bb5c-f79627fc299e@group-C25BD028928E-LeaderElection118: begin an election at term 104 for -1: [f581660d-af3d-4f5f-b57d-f4cb54f048b9:192.168.164.239:42501, f5624850-682f-4ec5-bb5c-f79627fc299e:192.168.164.239:39499, 14091fe6-d183-4b46-be93-2ba964a39c73:192.168.164.239:34827], old=null
2019-10-15 16:29:48,063 [grpc-default-executor-11] INFO  impl.RaftServerImpl (RaftServerImpl.java:setRole(184)) - 14091fe6-d183-4b46-be93-2ba964a39c73@group-C25BD028928E: changes role from  FOLLOWER to FOLLOWER at term 104 for recognizeCandidate:f5624850-682f-4ec5-bb5c-f79627fc299e
2019-10-15 16:29:48,063 [grpc-default-executor-10] INFO  impl.RaftServerImpl (RaftServerImpl.java:setRole(184)) - f581660d-af3d-4f5f-b57d-f4cb54f048b9@group-C25BD028928E: changes role from  FOLLOWER to FOLLOWER at term 104 for recognizeCandidate:f5624850-682f-4ec5-bb5c-f79627fc299e
2019-10-15 16:29:48,063 [grpc-default-executor-11] INFO  impl.RoleInfo (RoleInfo.java:shutdownFollowerState(121)) - 14091fe6-d183-4b46-be93-2ba964a39c73: shutdown FollowerState
2019-10-15 16:29:48,063 [grpc-default-executor-10] INFO  impl.RoleInfo (RoleInfo.java:shutdownFollowerState(121)) - f581660d-af3d-4f5f-b57d-f4cb54f048b9: shutdown FollowerState
2019-10-15 16:29:48,064 [Thread-1260] INFO  impl.FollowerState (FollowerState.java:run(117)) - 14091fe6-d183-4b46-be93-2ba964a39c73@group-C25BD028928E-FollowerState was interrupted: java.lang.InterruptedException: sleep interrupted
2019-10-15 16:29:48,064 [Thread-1259] INFO  impl.FollowerState (FollowerState.java:run(117)) - f581660d-af3d-4f5f-b57d-f4cb54f048b9@group-C25BD028928E-FollowerState was interrupted: java.lang.InterruptedException: sleep interrupted
2019-10-15 16:29:48,064 [grpc-default-executor-11] INFO  impl.RoleInfo (RoleInfo.java:updateAndGet(143)) - 14091fe6-d183-4b46-be93-2ba964a39c73: start FollowerState
2019-10-15 16:29:48,064 [grpc-default-executor-10] INFO  impl.RoleInfo (RoleInfo.java:updateAndGet(143)) - f581660d-af3d-4f5f-b57d-f4cb54f048b9: start FollowerState
2019-10-15 16:29:48,087 [f5624850-682f-4ec5-bb5c-f79627fc299e@group-C25BD028928E-LeaderElection118] INFO  impl.LeaderElection (LeaderElection.java:logAndReturn(56)) - f5624850-682f-4ec5-bb5c-f79627fc299e@group-C25BD028928E-LeaderElection118: Election REJECTED; received 2 response(s) [f5624850-682f-4ec5-bb5c-f79627fc299e<-f581660d-af3d-4f5f-b57d-f4cb54f048b9#0:FAIL-t104, f5624850-682f-4ec5-bb5c-f79627fc299e<-14091fe6-d183-4b46-be93-2ba964a39c73#0:FAIL-t104] and 0 exception(s); f5624850-682f-4ec5-bb5c-f79627fc299e@group-C25BD028928E:t104, leader=null, voted=f5624850-682f-4ec5-bb5c-f79627fc299e, raftlog=f5624850-682f-4ec5-bb5c-f79627fc299e@group-C25BD028928E-SegmentedRaftLog:OPENED:c-1,f-1,i0, conf=-1: [f581660d-af3d-4f5f-b57d-f4cb54f048b9:192.168.164.239:42501, f5624850-682f-4ec5-bb5c-f79627fc299e:192.168.164.239:39499, 14091fe6-d183-4b46-be93-2ba964a39c73:192.168.164.239:34827], old=null
2019-10-15 16:29:48,087 [f5624850-682f-4ec5-bb5c-f79627fc299e@group-C25BD028928E-LeaderElection118] INFO  impl.RaftServerImpl (RaftServerImpl.java:setRole(184)) - f5624850-682f-4ec5-bb5c-f79627fc299e@group-C25BD028928E: changes role from CANDIDATE to FOLLOWER at term 104 for DISCOVERED_A_NEW_TERM
2019-10-15 16:29:48,087 [f5624850-682f-4ec5-bb5c-f79627fc299e@group-C25BD028928E-LeaderElection118] INFO  impl.RoleInfo (RoleInfo.java:shutdownLeaderElection(134)) - f5624850-682f-4ec5-bb5c-f79627fc299e: shutdown LeaderElection
2019-10-15 16:29:48,087 [f5624850-682f-4ec5-bb5c-f79627fc299e@group-C25BD028928E-LeaderElection118] INFO  impl.RoleInfo (RoleInfo.java:updateAndGet(143)) - f5624850-682f-4ec5-bb5c-f79627fc299e: start FollowerState
2019-10-15 16:29:48,244 [Thread-1267] INFO  impl.FollowerState (FollowerState.java:run(108)) - f5624850-682f-4ec5-bb5c-f79627fc299e@group-C25BD028928E-FollowerState: change to CANDIDATE, lastRpcTime:156ms, electionTimeout:156ms
2019-10-15 16:29:48,244 [Thread-1267] INFO  impl.RoleInfo (RoleInfo.java:shutdownFollowerState(121)) - f5624850-682f-4ec5-bb5c-f79627fc299e: shutdown FollowerState
2019-10-15 16:29:48,244 [Thread-1267] INFO  impl.RaftServerImpl (RaftServerImpl.java:setRole(184)) - f5624850-682f-4ec5-bb5c-f79627fc299e@group-C25BD028928E: changes role from  FOLLOWER to CANDIDATE at term 104 for changeToCandidate
2019-10-15 16:29:48,244 [Thread-1267] INFO  impl.RoleInfo (RoleInfo.java:updateAndGet(143)) - f5624850-682f-4ec5-bb5c-f79627fc299e: start LeaderElection
2019-10-15 16:29:48,270 [f5624850-682f-4ec5-bb5c-f79627fc299e@group-C25BD028928E-LeaderElection119] INFO  impl.LeaderElection (LeaderElection.java:askForVotes(178)) - f5624850-682f-4ec5-bb5c-f79627fc299e@group-C25BD028928E-LeaderElection119: begin an election at term 105 for -1: [f581660d-af3d-4f5f-b57d-f4cb54f048b9:192.168.164.239:42501, f5624850-682f-4ec5-bb5c-f79627fc299e:192.168.164.239:39499, 14091fe6-d183-4b46-be93-2ba964a39c73:192.168.164.239:34827], old=null
2019-10-15 16:29:48,272 [grpc-default-executor-10] INFO  impl.RaftServerImpl (RaftServerImpl.java:setRole(184)) - 14091fe6-d183-4b46-be93-2ba964a39c73@group-C25BD028928E: changes role from  FOLLOWER to FOLLOWER at term 105 for recognizeCandidate:f5624850-682f-4ec5-bb5c-f79627fc299e
2019-10-15 16:29:48,272 [grpc-default-executor-11] INFO  impl.RaftServerImpl (RaftServerImpl.java:setRole(184)) - f581660d-af3d-4f5f-b57d-f4cb54f048b9@group-C25BD028928E: changes role from  FOLLOWER to FOLLOWER at term 105 for recognizeCandidate:f5624850-682f-4ec5-bb5c-f79627fc299e
2019-10-15 16:29:48,272 [grpc-default-executor-10] INFO  impl.RoleInfo (RoleInfo.java:shutdownFollowerState(121)) - 14091fe6-d183-4b46-be93-2ba964a39c73: shutdown FollowerState
2019-10-15 16:29:48,272 [grpc-default-executor-11] INFO  impl.RoleInfo (RoleInfo.java:shutdownFollowerState(121)) - f581660d-af3d-4f5f-b57d-f4cb54f048b9: shutdown FollowerState
2019-10-15 16:29:48,272 [grpc-default-executor-10] INFO  impl.RoleInfo (RoleInfo.java:updateAndGet(143)) - 14091fe6-d183-4b46-be93-2ba964a39c73: start FollowerState
2019-10-15 16:29:48,272 [grpc-default-executor-11] INFO  impl.RoleInfo (RoleInfo.java:updateAndGet(143)) - f581660d-af3d-4f5f-b57d-f4cb54f048b9: start FollowerState
2019-10-15 16:29:48,272 [Thread-1265] INFO  impl.FollowerState (FollowerState.java:run(117)) - 14091fe6-d183-4b46-be93-2ba964a39c73@group-C25BD028928E-FollowerState was interrupted: java.lang.InterruptedException: sleep interrupted
2019-10-15 16:29:48,272 [Thread-1266] INFO  impl.FollowerState (FollowerState.java:run(117)) - f581660d-af3d-4f5f-b57d-f4cb54f048b9@group-C25BD028928E-FollowerState was interrupted: java.lang.InterruptedException: sleep interrupted
2019-10-15 16:29:48,296 [f5624850-682f-4ec5-bb5c-f79627fc299e@group-C25BD028928E-LeaderElection119] INFO  impl.LeaderElection (LeaderElection.java:logAndReturn(56)) - f5624850-682f-4ec5-bb5c-f79627fc299e@group-C25BD028928E-LeaderElection119: Election REJECTED; received 2 response(s) [f5624850-682f-4ec5-bb5c-f79627fc299e<-f581660d-af3d-4f5f-b57d-f4cb54f048b9#0:FAIL-t105, f5624850-682f-4ec5-bb5c-f79627fc299e<-14091fe6-d183-4b46-be93-2ba964a39c73#0:FAIL-t105] and 0 exception(s); f5624850-682f-4ec5-bb5c-f79627fc299e@group-C25BD028928E:t105, leader=null, voted=f5624850-682f-4ec5-bb5c-f79627fc299e, raftlog=f5624850-682f-4ec5-bb5c-f79627fc299e@group-C25BD028928E-SegmentedRaftLog:OPENED:c-1,f-1,i0, conf=-1: [f581660d-af3d-4f5f-b57d-f4cb54f048b9:192.168.164.239:42501, f5624850-682f-4ec5-bb5c-f79627fc299e:192.168.164.239:39499, 14091fe6-d183-4b46-be93-2ba964a39c73:192.168.164.239:34827], old=null
2019-10-15 16:29:48,296 [f5624850-682f-4ec5-bb5c-f79627fc299e@group-C25BD028928E-LeaderElection119] INFO  impl.RaftServerImpl (RaftServerImpl.java:setRole(184)) - f5624850-682f-4ec5-bb5c-f79627fc299e@group-C25BD028928E: changes role from CANDIDATE to FOLLOWER at term 105 for DISCOVERED_A_NEW_TERM
2019-10-15 16:29:48,296 [f5624850-682f-4ec5-bb5c-f79627fc299e@group-C25BD028928E-LeaderElection119] INFO  impl.RoleInfo (RoleInfo.java:shutdownLeaderElection(134)) - f5624850-682f-4ec5-bb5c-f79627fc299e: shutdown LeaderElection
2019-10-15 16:29:48,296 [f5624850-682f-4ec5-bb5c-f79627fc299e@group-C25BD028928E-LeaderElection119] INFO  impl.RoleInfo (RoleInfo.java:updateAndGet(143)) - f5624850-682f-4ec5-bb5c-f79627fc299e: start FollowerState
2019-10-15 16:29:48,463 [Thread-1275] INFO  impl.FollowerState (FollowerState.java:run(108)) - f5624850-682f-4ec5-bb5c-f79627fc299e@group-C25BD028928E-FollowerState: change to CANDIDATE, lastRpcTime:166ms, electionTimeout:166ms
2019-10-15 16:29:48,463 [Thread-1275] INFO  impl.RoleInfo (RoleInfo.java:shutdownFollowerState(121)) - f5624850-682f-4ec5-bb5c-f79627fc299e: shutdown FollowerState
2019-10-15 16:29:48,463 [Thread-1275] INFO  impl.RaftServerImpl (RaftServerImpl.java:setRole(184)) - f5624850-682f-4ec5-bb5c-f79627fc299e@group-C25BD028928E: changes role from  FOLLOWER to CANDIDATE at term 105 for changeToCandidate
2019-10-15 16:29:48,463 [Thread-1275] INFO  impl.RoleInfo (RoleInfo.java:updateAndGet(143)) - f5624850-682f-4ec5-bb5c-f79627fc299e: start LeaderElection
2019-10-15 16:29:48,487 [f5624850-682f-4ec5-bb5c-f79627fc299e@group-C25BD028928E-LeaderElection120] INFO  impl.LeaderElection (LeaderElection.java:askForVotes(178)) - f5624850-682f-4ec5-bb5c-f79627fc299e@group-C25BD028928E-LeaderElection120: begin an election at term 106 for -1: [f581660d-af3d-4f5f-b57d-f4cb54f048b9:192.168.164.239:42501, f5624850-682f-4ec5-bb5c-f79627fc299e:192.168.164.239:39499, 14091fe6-d183-4b46-be93-2ba964a39c73:192.168.164.239:34827], old=null
2019-10-15 16:29:48,489 [grpc-default-executor-11] INFO  impl.RaftServerImpl (RaftServerImpl.java:setRole(184)) - 14091fe6-d183-4b46-be93-2ba964a39c73@group-C25BD028928E: changes role from  FOLLOWER to FOLLOWER at term 106 for recognizeCandidate:f5624850-682f-4ec5-bb5c-f79627fc299e
2019-10-15 16:29:48,489 [grpc-default-executor-10] INFO  impl.RaftServerImpl (RaftServerImpl.java:setRole(184)) - f581660d-af3d-4f5f-b57d-f4cb54f048b9@group-C25BD028928E: changes role from  FOLLOWER to FOLLOWER at term 106 for recognizeCandidate:f5624850-682f-4ec5-bb5c-f79627fc299e
2019-10-15 16:29:48,490 [grpc-default-executor-11] INFO  impl.RoleInfo (RoleInfo.java:shutdownFollowerState(121)) - 14091fe6-d183-4b46-be93-2ba964a39c73: shutdown FollowerState
2019-10-15 16:29:48,490 [grpc-default-executor-10] INFO  impl.RoleInfo (RoleInfo.java:shutdownFollowerState(121)) - f581660d-af3d-4f5f-b57d-f4cb54f048b9: shutdown FollowerState
2019-10-15 16:29:48,490 [grpc-default-executor-11] INFO  impl.RoleInfo (RoleInfo.java:updateAndGet(143)) - 14091fe6-d183-4b46-be93-2ba964a39c73: start FollowerState
2019-10-15 16:29:48,490 [Thread-1274] INFO  impl.FollowerState (FollowerState.java:run(117)) - f581660d-af3d-4f5f-b57d-f4cb54f048b9@group-C25BD028928E-FollowerState was interrupted: java.lang.InterruptedException: sleep interrupted
2019-10-15 16:29:48,490 [grpc-default-executor-10] INFO  impl.RoleInfo (RoleInfo.java:updateAndGet(143)) - f581660d-af3d-4f5f-b57d-f4cb54f048b9: start FollowerState
2019-10-15 16:29:48,490 [Thread-1273] INFO  impl.FollowerState (FollowerState.java:run(117)) - 14091fe6-d183-4b46-be93-2ba964a39c73@group-C25BD028928E-FollowerState was interrupted: java.lang.InterruptedException: sleep interrupted
2019-10-15 16:29:48,513 [f5624850-682f-4ec5-bb5c-f79627fc299e@group-C25BD028928E-LeaderElection120] INFO  impl.LeaderElection (LeaderElection.java:logAndReturn(56)) - f5624850-682f-4ec5-bb5c-f79627fc299e@group-C25BD028928E-LeaderElection120: Election REJECTED; received 2 response(s) [f5624850-682f-4ec5-bb5c-f79627fc299e<-f581660d-af3d-4f5f-b57d-f4cb54f048b9#0:FAIL-t106, f5624850-682f-4ec5-bb5c-f79627fc299e<-14091fe6-d183-4b46-be93-2ba964a39c73#0:FAIL-t106] and 0 exception(s); f5624850-682f-4ec5-bb5c-f79627fc299e@group-C25BD028928E:t106, leader=null, voted=f5624850-682f-4ec5-bb5c-f79627fc299e, raftlog=f5624850-682f-4ec5-bb5c-f79627fc299e@group-C25BD028928E-SegmentedRaftLog:OPENED:c-1,f-1,i0, conf=-1: [f581660d-af3d-4f5f-b57d-f4cb54f048b9:192.168.164.239:42501, f5624850-682f-4ec5-bb5c-f79627fc299e:192.168.164.239:39499, 14091fe6-d183-4b46-be93-2ba964a39c73:192.168.164.239:34827], old=null
2019-10-15 16:29:48,514 [f5624850-682f-4ec5-bb5c-f79627fc299e@group-C25BD028928E-LeaderElection120] INFO  impl.RaftServerImpl (RaftServerImpl.java:setRole(184)) - f5624850-682f-4ec5-bb5c-f79627fc299e@group-C25BD028928E: changes role from CANDIDATE to FOLLOWER at term 106 for DISCOVERED_A_NEW_TERM
2019-10-15 16:29:48,514 [f5624850-682f-4ec5-bb5c-f79627fc299e@group-C25BD028928E-LeaderElection120] INFO  impl.RoleInfo (RoleInfo.java:shutdownLeaderElection(134)) - f5624850-682f-4ec5-bb5c-f79627fc299e: shutdown LeaderElection
2019-10-15 16:29:48,514 [f5624850-682f-4ec5-bb5c-f79627fc299e@group-C25BD028928E-LeaderElection120] INFO  impl.RoleInfo (RoleInfo.java:updateAndGet(143)) - f5624850-682f-4ec5-bb5c-f79627fc299e: start FollowerState
2019-10-15 16:29:48,585 [Thread-1281] INFO  impl.FollowerState (FollowerState.java:run(108)) - f5624850-682f-4ec5-bb5c-f79627fc299e@group-C25BD028928E-FollowerState: change to CANDIDATE, lastRpcTime:71ms, electionTimeout:71ms
2019-10-15 16:29:48,585 [Thread-1281] INFO  impl.RoleInfo (RoleInfo.java:shutdownFollowerState(121)) - f5624850-682f-4ec5-bb5c-f79627fc299e: shutdown FollowerState
2019-10-15 16:29:48,585 [Thread-1281] INFO  impl.RaftServerImpl (RaftServerImpl.java:setRole(184)) - f5624850-682f-4ec5-bb5c-f79627fc299e@group-C25BD028928E: changes role from  FOLLOWER to CANDIDATE at term 106 for changeToCandidate
2019-10-15 16:29:48,586 [Thread-1281] INFO  impl.RoleInfo (RoleInfo.java:updateAndGet(143)) - f5624850-682f-4ec5-bb5c-f79627fc299e: start LeaderElection
2019-10-15 16:29:48,613 [f5624850-682f-4ec5-bb5c-f79627fc299e@group-C25BD028928E-LeaderElection121] INFO  impl.LeaderElection (LeaderElection.java:askForVotes(178)) - f5624850-682f-4ec5-bb5c-f79627fc299e@group-C25BD028928E-LeaderElection121: begin an election at term 107 for -1: [f581660d-af3d-4f5f-b57d-f4cb54f048b9:192.168.164.239:42501, f5624850-682f-4ec5-bb5c-f79627fc299e:192.168.164.239:39499, 14091fe6-d183-4b46-be93-2ba964a39c73:192.168.164.239:34827], old=null
2019-10-15 16:29:48,616 [grpc-default-executor-11] INFO  impl.RaftServerImpl (RaftServerImpl.java:setRole(184)) - 14091fe6-d183-4b46-be93-2ba964a39c73@group-C25BD028928E: changes role from  FOLLOWER to FOLLOWER at term 107 for recognizeCandidate:f5624850-682f-4ec5-bb5c-f79627fc299e
2019-10-15 16:29:48,616 [grpc-default-executor-11] INFO  impl.RoleInfo (RoleInfo.java:shutdownFollowerState(121)) - 14091fe6-d183-4b46-be93-2ba964a39c73: shutdown FollowerState
2019-10-15 16:29:48,616 [grpc-default-executor-10] INFO  impl.RaftServerImpl (RaftServerImpl.java:setRole(184)) - f581660d-af3d-4f5f-b57d-f4cb54f048b9@group-C25BD028928E: changes role from  FOLLOWER to FOLLOWER at term 107 for recognizeCandidate:f5624850-682f-4ec5-bb5c-f79627fc299e
2019-10-15 16:29:48,616 [Thread-1279] INFO  impl.FollowerState (FollowerState.java:run(117)) - 14091fe6-d183-4b46-be93-2ba964a39c73@group-C25BD028928E-FollowerState was interrupted: java.lang.InterruptedException: sleep interrupted
2019-10-15 16:29:48,616 [grpc-default-executor-10] INFO  impl.RoleInfo (RoleInfo.java:shutdownFollowerState(121)) - f581660d-af3d-4f5f-b57d-f4cb54f048b9: shutdown FollowerState
2019-10-15 16:29:48,616 [grpc-default-executor-11] INFO  impl.RoleInfo (RoleInfo.java:updateAndGet(143)) - 14091fe6-d183-4b46-be93-2ba964a39c73: start FollowerState
2019-10-15 16:29:48,616 [Thread-1280] INFO  impl.FollowerState (FollowerState.java:run(117)) - f581660d-af3d-4f5f-b57d-f4cb54f048b9@group-C25BD028928E-FollowerState was interrupted: java.lang.InterruptedException: sleep interrupted
2019-10-15 16:29:48,616 [grpc-default-executor-10] INFO  impl.RoleInfo (RoleInfo.java:updateAndGet(143)) - f581660d-af3d-4f5f-b57d-f4cb54f048b9: start FollowerState
2019-10-15 16:29:48,639 [f5624850-682f-4ec5-bb5c-f79627fc299e@group-C25BD028928E-LeaderElection121] INFO  impl.LeaderElection (LeaderElection.java:logAndReturn(56)) - f5624850-682f-4ec5-bb5c-f79627fc299e@group-C25BD028928E-LeaderElection121: Election REJECTED; received 2 response(s) [f5624850-682f-4ec5-bb5c-f79627fc299e<-f581660d-af3d-4f5f-b57d-f4cb54f048b9#0:FAIL-t107, f5624850-682f-4ec5-bb5c-f79627fc299e<-14091fe6-d183-4b46-be93-2ba964a39c73#0:FAIL-t107] and 0 exception(s); f5624850-682f-4ec5-bb5c-f79627fc299e@group-C25BD028928E:t107, leader=null, voted=f5624850-682f-4ec5-bb5c-f79627fc299e, raftlog=f5624850-682f-4ec5-bb5c-f79627fc299e@group-C25BD028928E-SegmentedRaftLog:OPENED:c-1,f-1,i0, conf=-1: [f581660d-af3d-4f5f-b57d-f4cb54f048b9:192.168.164.239:42501, f5624850-682f-4ec5-bb5c-f79627fc299e:192.168.164.239:39499, 14091fe6-d183-4b46-be93-2ba964a39c73:192.168.164.239:34827], old=null
2019-10-15 16:29:48,639 [f5624850-682f-4ec5-bb5c-f79627fc299e@group-C25BD028928E-LeaderElection121] INFO  impl.RaftServerImpl (RaftServerImpl.java:setRole(184)) - f5624850-682f-4ec5-bb5c-f79627fc299e@group-C25BD028928E: changes role from CANDIDATE to FOLLOWER at term 107 for DISCOVERED_A_NEW_TERM
2019-10-15 16:29:48,640 [f5624850-682f-4ec5-bb5c-f79627fc299e@group-C25BD028928E-LeaderElection121] INFO  impl.RoleInfo (RoleInfo.java:shutdownLeaderElection(134)) - f5624850-682f-4ec5-bb5c-f79627fc299e: shutdown LeaderElection
2019-10-15 16:29:48,640 [f5624850-682f-4ec5-bb5c-f79627fc299e@group-C25BD028928E-LeaderElection121] INFO  impl.RoleInfo (RoleInfo.java:updateAndGet(143)) - f5624850-682f-4ec5-bb5c-f79627fc299e: start FollowerState
2019-10-15 16:29:48,669 [Thread-1291] INFO  impl.FollowerState (FollowerState.java:run(108)) - f5624850-682f-4ec5-bb5c-f79627fc299e@group-C25BD028928E-FollowerState: change to CANDIDATE, lastRpcTime:29ms, electionTimeout:29ms
2019-10-15 16:29:48,669 [Thread-1291] INFO  impl.RoleInfo (RoleInfo.java:shutdownFollowerState(121)) - f5624850-682f-4ec5-bb5c-f79627fc299e: shutdown FollowerState
2019-10-15 16:29:48,669 [Thread-1291] INFO  impl.RaftServerImpl (RaftServerImpl.java:setRole(184)) - f5624850-682f-4ec5-bb5c-f79627fc299e@group-C25BD028928E: changes role from  FOLLOWER to CANDIDATE at term 107 for changeToCandidate
2019-10-15 16:29:48,669 [Thread-1291] INFO  impl.RoleInfo (RoleInfo.java:updateAndGet(143)) - f5624850-682f-4ec5-bb5c-f79627fc299e: start LeaderElection
2019-10-15 16:29:48,697 [f5624850-682f-4ec5-bb5c-f79627fc299e@group-C25BD028928E-LeaderElection122] INFO  impl.LeaderElection (LeaderElection.java:askForVotes(178)) - f5624850-682f-4ec5-bb5c-f79627fc299e@group-C25BD028928E-LeaderElection122: begin an election at term 108 for -1: [f581660d-af3d-4f5f-b57d-f4cb54f048b9:192.168.164.239:42501, f5624850-682f-4ec5-bb5c-f79627fc299e:192.168.164.239:39499, 14091fe6-d183-4b46-be93-2ba964a39c73:192.168.164.239:34827], old=null
2019-10-15 16:29:48,699 [grpc-default-executor-10] INFO  impl.RaftServerImpl (RaftServerImpl.java:setRole(184)) - f581660d-af3d-4f5f-b57d-f4cb54f048b9@group-C25BD028928E: changes role from  FOLLOWER to FOLLOWER at term 108 for recognizeCandidate:f5624850-682f-4ec5-bb5c-f79627fc299e
2019-10-15 16:29:48,699 [grpc-default-executor-10] INFO  impl.RoleInfo (RoleInfo.java:shutdownFollowerState(121)) - f581660d-af3d-4f5f-b57d-f4cb54f048b9: shutdown FollowerState
2019-10-15 16:29:48,700 [grpc-default-executor-10] INFO  impl.RoleInfo (RoleInfo.java:updateAndGet(143)) - f581660d-af3d-4f5f-b57d-f4cb54f048b9: start FollowerState
2019-10-15 16:29:48,700 [grpc-default-executor-11] INFO  impl.RaftServerImpl (RaftServerImpl.java:setRole(184)) - 14091fe6-d183-4b46-be93-2ba964a39c73@group-C25BD028928E: changes role from  FOLLOWER to FOLLOWER at term 108 for recognizeCandidate:f5624850-682f-4ec5-bb5c-f79627fc299e
2019-10-15 16:29:48,700 [grpc-default-executor-11] INFO  impl.RoleInfo (RoleInfo.java:shutdownFollowerState(121)) - 14091fe6-d183-4b46-be93-2ba964a39c73: shutdown FollowerState
2019-10-15 16:29:48,700 [Thread-1290] INFO  impl.FollowerState (FollowerState.java:run(117)) - f581660d-af3d-4f5f-b57d-f4cb54f048b9@group-C25BD028928E-FollowerState was interrupted: java.lang.InterruptedException: sleep interrupted
2019-10-15 16:29:48,700 [Thread-1289] INFO  impl.FollowerState (FollowerState.java:run(117)) - 14091fe6-d183-4b46-be93-2ba964a39c73@group-C25BD028928E-FollowerState was interrupted: java.lang.InterruptedException: sleep interrupted
2019-10-15 16:29:48,700 [grpc-default-executor-11] INFO  impl.RoleInfo (RoleInfo.java:updateAndGet(143)) - 14091fe6-d183-4b46-be93-2ba964a39c73: start FollowerState
2019-10-15 16:29:48,724 [f5624850-682f-4ec5-bb5c-f79627fc299e@group-C25BD028928E-LeaderElection122] INFO  impl.LeaderElection (LeaderElection.java:logAndReturn(56)) - f5624850-682f-4ec5-bb5c-f79627fc299e@group-C25BD028928E-LeaderElection122: Election REJECTED; received 2 response(s) [f5624850-682f-4ec5-bb5c-f79627fc299e<-f581660d-af3d-4f5f-b57d-f4cb54f048b9#0:FAIL-t108, f5624850-682f-4ec5-bb5c-f79627fc299e<-14091fe6-d183-4b46-be93-2ba964a39c73#0:FAIL-t108] and 0 exception(s); f5624850-682f-4ec5-bb5c-f79627fc299e@group-C25BD028928E:t108, leader=null, voted=f5624850-682f-4ec5-bb5c-f79627fc299e, raftlog=f5624850-682f-4ec5-bb5c-f79627fc299e@group-C25BD028928E-SegmentedRaftLog:OPENED:c-1,f-1,i0, conf=-1: [f581660d-af3d-4f5f-b57d-f4cb54f048b9:192.168.164.239:42501, f5624850-682f-4ec5-bb5c-f79627fc299e:192.168.164.239:39499, 14091fe6-d183-4b46-be93-2ba964a39c73:192.168.164.239:34827], old=null
2019-10-15 16:29:48,724 [f5624850-682f-4ec5-bb5c-f79627fc299e@group-C25BD028928E-LeaderElection122] INFO  impl.RaftServerImpl (RaftServerImpl.java:setRole(184)) - f5624850-682f-4ec5-bb5c-f79627fc299e@group-C25BD028928E: changes role from CANDIDATE to FOLLOWER at term 108 for DISCOVERED_A_NEW_TERM
2019-10-15 16:29:48,724 [f5624850-682f-4ec5-bb5c-f79627fc299e@group-C25BD028928E-LeaderElection122] INFO  impl.RoleInfo (RoleInfo.java:shutdownLeaderElection(134)) - f5624850-682f-4ec5-bb5c-f79627fc299e: shutdown LeaderElection
2019-10-15 16:29:48,724 [f5624850-682f-4ec5-bb5c-f79627fc299e@group-C25BD028928E-LeaderElection122] INFO  impl.RoleInfo (RoleInfo.java:updateAndGet(143)) - f5624850-682f-4ec5-bb5c-f79627fc299e: start FollowerState
2019-10-15 16:29:48,828 [Thread-1297] INFO  impl.FollowerState (FollowerState.java:run(108)) - f5624850-682f-4ec5-bb5c-f79627fc299e@group-C25BD028928E-FollowerState: change to CANDIDATE, lastRpcTime:104ms, electionTimeout:104ms
2019-10-15 16:29:48,829 [Thread-1297] INFO  impl.RoleInfo (RoleInfo.java:shutdownFollowerState(121)) - f5624850-682f-4ec5-bb5c-f79627fc299e: shutdown FollowerState
2019-10-15 16:29:48,829 [Thread-1297] INFO  impl.RaftServerImpl (RaftServerImpl.java:setRole(184)) - f5624850-682f-4ec5-bb5c-f79627fc299e@group-C25BD028928E: changes role from  FOLLOWER to CANDIDATE at term 108 for changeToCandidate
2019-10-15 16:29:48,829 [Thread-1297] INFO  impl.RoleInfo (RoleInfo.java:updateAndGet(143)) - f5624850-682f-4ec5-bb5c-f79627fc299e: start LeaderElection
2019-10-15 16:29:48,873 [f5624850-682f-4ec5-bb5c-f79627fc299e@group-C25BD028928E-LeaderElection123] INFO  impl.LeaderElection (LeaderElection.java:askForVotes(178)) - f5624850-682f-4ec5-bb5c-f79627fc299e@group-C25BD028928E-LeaderElection123: begin an election at term 109 for -1: [f581660d-af3d-4f5f-b57d-f4cb54f048b9:192.168.164.239:42501, f5624850-682f-4ec5-bb5c-f79627fc299e:192.168.164.239:39499, 14091fe6-d183-4b46-be93-2ba964a39c73:192.168.164.239:34827], old=null
2019-10-15 16:29:48,875 [grpc-default-executor-10] INFO  impl.RaftServerImpl (RaftServerImpl.java:setRole(184)) - 14091fe6-d183-4b46-be93-2ba964a39c73@group-C25BD028928E: changes role from  FOLLOWER to FOLLOWER at term 109 for recognizeCandidate:f5624850-682f-4ec5-bb5c-f79627fc299e
2019-10-15 16:29:48,875 [grpc-default-executor-11] INFO  impl.RaftServerImpl (RaftServerImpl.java:setRole(184)) - f581660d-af3d-4f5f-b57d-f4cb54f048b9@group-C25BD028928E: changes role from  FOLLOWER to FOLLOWER at term 109 for recognizeCandidate:f5624850-682f-4ec5-bb5c-f79627fc299e
2019-10-15 16:29:48,875 [grpc-default-executor-10] INFO  impl.RoleInfo (RoleInfo.java:shutdownFollowerState(121)) - 14091fe6-d183-4b46-be93-2ba964a39c73: shutdown FollowerState
2019-10-15 16:29:48,876 [grpc-default-executor-11] INFO  impl.RoleInfo (RoleInfo.java:shutdownFollowerState(121)) - f581660d-af3d-4f5f-b57d-f4cb54f048b9: shutdown FollowerState
2019-10-15 16:29:48,876 [grpc-default-executor-11] INFO  impl.RoleInfo (RoleInfo.java:updateAndGet(143)) - f581660d-af3d-4f5f-b57d-f4cb54f048b9: start FollowerState
2019-10-15 16:29:48,876 [Thread-1296] INFO  impl.FollowerState (FollowerState.java:run(117)) - 14091fe6-d183-4b46-be93-2ba964a39c73@group-C25BD028928E-FollowerState was interrupted: java.lang.InterruptedException: sleep interrupted
2019-10-15 16:29:48,876 [grpc-default-executor-10] INFO  impl.RoleInfo (RoleInfo.java:updateAndGet(143)) - 14091fe6-d183-4b46-be93-2ba964a39c73: start FollowerState
2019-10-15 16:29:48,876 [Thread-1295] INFO  impl.FollowerState (FollowerState.java:run(117)) - f581660d-af3d-4f5f-b57d-f4cb54f048b9@group-C25BD028928E-FollowerState was interrupted: java.lang.InterruptedException: sleep interrupted
2019-10-15 16:29:48,899 [f5624850-682f-4ec5-bb5c-f79627fc299e@group-C25BD028928E-LeaderElection123] INFO  impl.LeaderElection (LeaderElection.java:logAndReturn(56)) - f5624850-682f-4ec5-bb5c-f79627fc299e@group-C25BD028928E-LeaderElection123: Election REJECTED; received 2 response(s) [f5624850-682f-4ec5-bb5c-f79627fc299e<-f581660d-af3d-4f5f-b57d-f4cb54f048b9#0:FAIL-t109, f5624850-682f-4ec5-bb5c-f79627fc299e<-14091fe6-d183-4b46-be93-2ba964a39c73#0:FAIL-t109] and 0 exception(s); f5624850-682f-4ec5-bb5c-f79627fc299e@group-C25BD028928E:t109, leader=null, voted=f5624850-682f-4ec5-bb5c-f79627fc299e, raftlog=f5624850-682f-4ec5-bb5c-f79627fc299e@group-C25BD028928E-SegmentedRaftLog:OPENED:c-1,f-1,i0, conf=-1: [f581660d-af3d-4f5f-b57d-f4cb54f048b9:192.168.164.239:42501, f5624850-682f-4ec5-bb5c-f79627fc299e:192.168.164.239:39499, 14091fe6-d183-4b46-be93-2ba964a39c73:192.168.164.239:34827], old=null
2019-10-15 16:29:48,899 [f5624850-682f-4ec5-bb5c-f79627fc299e@group-C25BD028928E-LeaderElection123] INFO  impl.RaftServerImpl (RaftServerImpl.java:setRole(184)) - f5624850-682f-4ec5-bb5c-f79627fc299e@group-C25BD028928E: changes role from CANDIDATE to FOLLOWER at term 109 for DISCOVERED_A_NEW_TERM
2019-10-15 16:29:48,899 [f5624850-682f-4ec5-bb5c-f79627fc299e@group-C25BD028928E-LeaderElection123] INFO  impl.RoleInfo (RoleInfo.java:shutdownLeaderElection(134)) - f5624850-682f-4ec5-bb5c-f79627fc299e: shutdown LeaderElection
2019-10-15 16:29:48,899 [f5624850-682f-4ec5-bb5c-f79627fc299e@group-C25BD028928E-LeaderElection123] INFO  impl.RoleInfo (RoleInfo.java:updateAndGet(143)) - f5624850-682f-4ec5-bb5c-f79627fc299e: start FollowerState
2019-10-15 16:29:49,002 [Thread-1303] INFO  impl.FollowerState (FollowerState.java:run(108)) - f5624850-682f-4ec5-bb5c-f79627fc299e@group-C25BD028928E-FollowerState: change to CANDIDATE, lastRpcTime:102ms, electionTimeout:102ms
2019-10-15 16:29:49,002 [Thread-1303] INFO  impl.RoleInfo (RoleInfo.java:shutdownFollowerState(121)) - f5624850-682f-4ec5-bb5c-f79627fc299e: shutdown FollowerState
2019-10-15 16:29:49,002 [Thread-1303] INFO  impl.RaftServerImpl (RaftServerImpl.java:setRole(184)) - f5624850-682f-4ec5-bb5c-f79627fc299e@group-C25BD028928E: changes role from  FOLLOWER to CANDIDATE at term 109 for changeToCandidate
2019-10-15 16:29:49,002 [Thread-1303] INFO  impl.RoleInfo (RoleInfo.java:updateAndGet(143)) - f5624850-682f-4ec5-bb5c-f79627fc299e: start LeaderElection
2019-10-15 16:29:49,032 [f5624850-682f-4ec5-bb5c-f79627fc299e@group-C25BD028928E-LeaderElection124] INFO  impl.LeaderElection (LeaderElection.java:askForVotes(178)) - f5624850-682f-4ec5-bb5c-f79627fc299e@group-C25BD028928E-LeaderElection124: begin an election at term 110 for -1: [f581660d-af3d-4f5f-b57d-f4cb54f048b9:192.168.164.239:42501, f5624850-682f-4ec5-bb5c-f79627fc299e:192.168.164.239:39499, 14091fe6-d183-4b46-be93-2ba964a39c73:192.168.164.239:34827], old=null
2019-10-15 16:29:49,034 [grpc-default-executor-10] INFO  impl.RaftServerImpl (RaftServerImpl.java:setRole(184)) - f581660d-af3d-4f5f-b57d-f4cb54f048b9@group-C25BD028928E: changes role from  FOLLOWER to FOLLOWER at term 110 for recognizeCandidate:f5624850-682f-4ec5-bb5c-f79627fc299e
2019-10-15 16:29:49,034 [grpc-default-executor-10] INFO  impl.RoleInfo (RoleInfo.java:shutdownFollowerState(121)) - f581660d-af3d-4f5f-b57d-f4cb54f048b9: shutdown FollowerState
2019-10-15 16:29:49,034 [grpc-default-executor-11] INFO  impl.RaftServerImpl (RaftServerImpl.java:setRole(184)) - 14091fe6-d183-4b46-be93-2ba964a39c73@group-C25BD028928E: changes role from  FOLLOWER to FOLLOWER at term 110 for recognizeCandidate:f5624850-682f-4ec5-bb5c-f79627fc299e
2019-10-15 16:29:49,035 [Thread-1302] INFO  impl.FollowerState (FollowerState.java:run(117)) - f581660d-af3d-4f5f-b57d-f4cb54f048b9@group-C25BD028928E-FollowerState was interrupted: java.lang.InterruptedException: sleep interrupted
2019-10-15 16:29:49,034 [grpc-default-executor-10] INFO  impl.RoleInfo (RoleInfo.java:updateAndGet(143)) - f581660d-af3d-4f5f-b57d-f4cb54f048b9: start FollowerState
2019-10-15 16:29:49,035 [grpc-default-executor-11] INFO  impl.RoleInfo (RoleInfo.java:shutdownFollowerState(121)) - 14091fe6-d183-4b46-be93-2ba964a39c73: shutdown FollowerState
2019-10-15 16:29:49,035 [grpc-default-executor-11] INFO  impl.RoleInfo (RoleInfo.java:updateAndGet(143)) - 14091fe6-d183-4b46-be93-2ba964a39c73: start FollowerState
2019-10-15 16:29:49,035 [Thread-1301] INFO  impl.FollowerState (FollowerState.java:run(117)) - 14091fe6-d183-4b46-be93-2ba964a39c73@group-C25BD028928E-FollowerState was interrupted: java.lang.InterruptedException: sleep interrupted
2019-10-15 16:29:49,058 [f5624850-682f-4ec5-bb5c-f79627fc299e@group-C25BD028928E-LeaderElection124] INFO  impl.LeaderElection (LeaderElection.java:logAndReturn(56)) - f5624850-682f-4ec5-bb5c-f79627fc299e@group-C25BD028928E-LeaderElection124: Election REJECTED; received 2 response(s) [f5624850-682f-4ec5-bb5c-f79627fc299e<-f581660d-af3d-4f5f-b57d-f4cb54f048b9#0:FAIL-t110, f5624850-682f-4ec5-bb5c-f79627fc299e<-14091fe6-d183-4b46-be93-2ba964a39c73#0:FAIL-t110] and 0 exception(s); f5624850-682f-4ec5-bb5c-f79627fc299e@group-C25BD028928E:t110, leader=null, voted=f5624850-682f-4ec5-bb5c-f79627fc299e, raftlog=f5624850-682f-4ec5-bb5c-f79627fc299e@group-C25BD028928E-SegmentedRaftLog:OPENED:c-1,f-1,i0, conf=-1: [f581660d-af3d-4f5f-b57d-f4cb54f048b9:192.168.164.239:42501, f5624850-682f-4ec5-bb5c-f79627fc299e:192.168.164.239:39499, 14091fe6-d183-4b46-be93-2ba964a39c73:192.168.164.239:34827], old=null
2019-10-15 16:29:49,059 [f5624850-682f-4ec5-bb5c-f79627fc299e@group-C25BD028928E-LeaderElection124] INFO  impl.RaftServerImpl (RaftServerImpl.java:setRole(184)) - f5624850-682f-4ec5-bb5c-f79627fc299e@group-C25BD028928E: changes role from CANDIDATE to FOLLOWER at term 110 for DISCOVERED_A_NEW_TERM
2019-10-15 16:29:49,059 [f5624850-682f-4ec5-bb5c-f79627fc299e@group-C25BD028928E-LeaderElection124] INFO  impl.RoleInfo (RoleInfo.java:shutdownLeaderElection(134)) - f5624850-682f-4ec5-bb5c-f79627fc299e: shutdown LeaderElection
2019-10-15 16:29:49,059 [f5624850-682f-4ec5-bb5c-f79627fc299e@group-C25BD028928E-LeaderElection124] INFO  impl.RoleInfo (RoleInfo.java:updateAndGet(143)) - f5624850-682f-4ec5-bb5c-f79627fc299e: start FollowerState
2019-10-15 16:29:49,239 [Thread-1309] INFO  impl.FollowerState (FollowerState.java:run(108)) - f5624850-682f-4ec5-bb5c-f79627fc299e@group-C25BD028928E-FollowerState: change to CANDIDATE, lastRpcTime:180ms, electionTimeout:180ms
2019-10-15 16:29:49,239 [Thread-1309] INFO  impl.RoleInfo (RoleInfo.java:shutdownFollowerState(121)) - f5624850-682f-4ec5-bb5c-f79627fc299e: shutdown FollowerState
2019-10-15 16:29:49,240 [Thread-1309] INFO  impl.RaftServerImpl (RaftServerImpl.java:setRole(184)) - f5624850-682f-4ec5-bb5c-f79627fc299e@group-C25BD028928E: changes role from  FOLLOWER to CANDIDATE at term 110 for changeToCandidate
2019-10-15 16:29:49,240 [Thread-1309] INFO  impl.RoleInfo (RoleInfo.java:updateAndGet(143)) - f5624850-682f-4ec5-bb5c-f79627fc299e: start LeaderElection
2019-10-15 16:29:49,266 [f5624850-682f-4ec5-bb5c-f79627fc299e@group-C25BD028928E-LeaderElection125] INFO  impl.LeaderElection (LeaderElection.java:askForVotes(178)) - f5624850-682f-4ec5-bb5c-f79627fc299e@group-C25BD028928E-LeaderElection125: begin an election at term 111 for -1: [f581660d-af3d-4f5f-b57d-f4cb54f048b9:192.168.164.239:42501, f5624850-682f-4ec5-bb5c-f79627fc299e:192.168.164.239:39499, 14091fe6-d183-4b46-be93-2ba964a39c73:192.168.164.239:34827], old=null
2019-10-15 16:29:49,269 [grpc-default-executor-11] INFO  impl.RaftServerImpl (RaftServerImpl.java:setRole(184)) - f581660d-af3d-4f5f-b57d-f4cb54f048b9@group-C25BD028928E: changes role from  FOLLOWER to FOLLOWER at term 111 for recognizeCandidate:f5624850-682f-4ec5-bb5c-f79627fc299e
2019-10-15 16:29:49,269 [grpc-default-executor-10] INFO  impl.RaftServerImpl (RaftServerImpl.java:setRole(184)) - 14091fe6-d183-4b46-be93-2ba964a39c73@group-C25BD028928E: changes role from  FOLLOWER to FOLLOWER at term 111 for recognizeCandidate:f5624850-682f-4ec5-bb5c-f79627fc299e
2019-10-15 16:29:49,269 [grpc-default-executor-11] INFO  impl.RoleInfo (RoleInfo.java:shutdownFollowerState(121)) - f581660d-af3d-4f5f-b57d-f4cb54f048b9: shutdown FollowerState
2019-10-15 16:29:49,270 [grpc-default-executor-10] INFO  impl.RoleInfo (RoleInfo.java:shutdownFollowerState(121)) - 14091fe6-d183-4b46-be93-2ba964a39c73: shutdown FollowerState
2019-10-15 16:29:49,270 [Thread-1307] INFO  impl.FollowerState (FollowerState.java:run(117)) - f581660d-af3d-4f5f-b57d-f4cb54f048b9@group-C25BD028928E-FollowerState was interrupted: java.lang.InterruptedException: sleep interrupted
2019-10-15 16:29:49,270 [grpc-default-executor-11] INFO  impl.RoleInfo (RoleInfo.java:updateAndGet(143)) - f581660d-af3d-4f5f-b57d-f4cb54f048b9: start FollowerState
2019-10-15 16:29:49,270 [grpc-default-executor-10] INFO  impl.RoleInfo (RoleInfo.java:updateAndGet(143)) - 14091fe6-d183-4b46-be93-2ba964a39c73: start FollowerState
2019-10-15 16:29:49,270 [Thread-1308] INFO  impl.FollowerState (FollowerState.java:run(117)) - 14091fe6-d183-4b46-be93-2ba964a39c73@group-C25BD028928E-FollowerState was interrupted: java.lang.InterruptedException: sleep interrupted
2019-10-15 16:29:49,271 [f5624850-682f-4ec5-bb5c-f79627fc299e@group-C25BD028928E-LeaderElection125] INFO  impl.LeaderElection (LeaderElection.java:logAndReturn(56)) - f5624850-682f-4ec5-bb5c-f79627fc299e@group-C25BD028928E-LeaderElection125: Election TIMEOUT; received 0 response(s) [] and 0 exception(s); f5624850-682f-4ec5-bb5c-f79627fc299e@group-C25BD028928E:t111, leader=null, voted=f5624850-682f-4ec5-bb5c-f79627fc299e, raftlog=f5624850-682f-4ec5-bb5c-f79627fc299e@group-C25BD028928E-SegmentedRaftLog:OPENED:c-1,f-1,i0, conf=-1: [f581660d-af3d-4f5f-b57d-f4cb54f048b9:192.168.164.239:42501, f5624850-682f-4ec5-bb5c-f79627fc299e:192.168.164.239:39499, 14091fe6-d183-4b46-be93-2ba964a39c73:192.168.164.239:34827], old=null
2019-10-15 16:29:49,300 [f5624850-682f-4ec5-bb5c-f79627fc299e@group-C25BD028928E-LeaderElection125] INFO  impl.LeaderElection (LeaderElection.java:askForVotes(178)) - f5624850-682f-4ec5-bb5c-f79627fc299e@group-C25BD028928E-LeaderElection125: begin an election at term 112 for -1: [f581660d-af3d-4f5f-b57d-f4cb54f048b9:192.168.164.239:42501, f5624850-682f-4ec5-bb5c-f79627fc299e:192.168.164.239:39499, 14091fe6-d183-4b46-be93-2ba964a39c73:192.168.164.239:34827], old=null
2019-10-15 16:29:49,301 [grpc-default-executor-10] INFO  impl.RaftServerImpl (RaftServerImpl.java:setRole(184)) - f581660d-af3d-4f5f-b57d-f4cb54f048b9@group-C25BD028928E: changes role from  FOLLOWER to FOLLOWER at term 112 for recognizeCandidate:f5624850-682f-4ec5-bb5c-f79627fc299e
2019-10-15 16:29:49,301 [grpc-default-executor-10] INFO  impl.RoleInfo (RoleInfo.java:shutdownFollowerState(121)) - f581660d-af3d-4f5f-b57d-f4cb54f048b9: shutdown FollowerState
2019-10-15 16:29:49,301 [grpc-default-executor-10] INFO  impl.RoleInfo (RoleInfo.java:updateAndGet(143)) - f581660d-af3d-4f5f-b57d-f4cb54f048b9: start FollowerState
2019-10-15 16:29:49,301 [Thread-1317] INFO  impl.FollowerState (FollowerState.java:run(117)) - f581660d-af3d-4f5f-b57d-f4cb54f048b9@group-C25BD028928E-FollowerState was interrupted: java.lang.InterruptedException: sleep interrupted
2019-10-15 16:29:49,302 [grpc-default-executor-11] INFO  impl.RaftServerImpl (RaftServerImpl.java:setRole(184)) - 14091fe6-d183-4b46-be93-2ba964a39c73@group-C25BD028928E: changes role from  FOLLOWER to FOLLOWER at term 112 for recognizeCandidate:f5624850-682f-4ec5-bb5c-f79627fc299e
2019-10-15 16:29:49,302 [grpc-default-executor-11] INFO  impl.RoleInfo (RoleInfo.java:shutdownFollowerState(121)) - 14091fe6-d183-4b46-be93-2ba964a39c73: shutdown FollowerState
2019-10-15 16:29:49,302 [grpc-default-executor-11] INFO  impl.RoleInfo (RoleInfo.java:updateAndGet(143)) - 14091fe6-d183-4b46-be93-2ba964a39c73: start FollowerState
2019-10-15 16:29:49,302 [Thread-1318] INFO  impl.FollowerState (FollowerState.java:run(117)) - 14091fe6-d183-4b46-be93-2ba964a39c73@group-C25BD028928E-FollowerState was interrupted: java.lang.InterruptedException: sleep interrupted
2019-10-15 16:29:49,326 [f5624850-682f-4ec5-bb5c-f79627fc299e@group-C25BD028928E-LeaderElection125] INFO  impl.LeaderElection (LeaderElection.java:logAndReturn(56)) - f5624850-682f-4ec5-bb5c-f79627fc299e@group-C25BD028928E-LeaderElection125: Election REJECTED; received 2 response(s) [f5624850-682f-4ec5-bb5c-f79627fc299e<-f581660d-af3d-4f5f-b57d-f4cb54f048b9#0:FAIL-t112, f5624850-682f-4ec5-bb5c-f79627fc299e<-14091fe6-d183-4b46-be93-2ba964a39c73#0:FAIL-t112] and 0 exception(s); f5624850-682f-4ec5-bb5c-f79627fc299e@group-C25BD028928E:t112, leader=null, voted=f5624850-682f-4ec5-bb5c-f79627fc299e, raftlog=f5624850-682f-4ec5-bb5c-f79627fc299e@group-C25BD028928E-SegmentedRaftLog:OPENED:c-1,f-1,i0, conf=-1: [f581660d-af3d-4f5f-b57d-f4cb54f048b9:192.168.164.239:42501, f5624850-682f-4ec5-bb5c-f79627fc299e:192.168.164.239:39499, 14091fe6-d183-4b46-be93-2ba964a39c73:192.168.164.239:34827], old=null
2019-10-15 16:29:49,326 [f5624850-682f-4ec5-bb5c-f79627fc299e@group-C25BD028928E-LeaderElection125] INFO  impl.RaftServerImpl (RaftServerImpl.java:setRole(184)) - f5624850-682f-4ec5-bb5c-f79627fc299e@group-C25BD028928E: changes role from CANDIDATE to FOLLOWER at term 112 for DISCOVERED_A_NEW_TERM
2019-10-15 16:29:49,326 [f5624850-682f-4ec5-bb5c-f79627fc299e@group-C25BD028928E-LeaderElection125] INFO  impl.RoleInfo (RoleInfo.java:shutdownLeaderElection(134)) - f5624850-682f-4ec5-bb5c-f79627fc299e: shutdown LeaderElection
2019-10-15 16:29:49,326 [f5624850-682f-4ec5-bb5c-f79627fc299e@group-C25BD028928E-LeaderElection125] INFO  impl.RoleInfo (RoleInfo.java:updateAndGet(143)) - f5624850-682f-4ec5-bb5c-f79627fc299e: start FollowerState
2019-10-15 16:29:49,437 [Thread-1323] INFO  impl.FollowerState (FollowerState.java:run(108)) - f5624850-682f-4ec5-bb5c-f79627fc299e@group-C25BD028928E-FollowerState: change to CANDIDATE, lastRpcTime:110ms, electionTimeout:110ms
2019-10-15 16:29:49,437 [Thread-1323] INFO  impl.RoleInfo (RoleInfo.java:shutdownFollowerState(121)) - f5624850-682f-4ec5-bb5c-f79627fc299e: shutdown FollowerState
2019-10-15 16:29:49,437 [Thread-1323] INFO  impl.RaftServerImpl (RaftServerImpl.java:setRole(184)) - f5624850-682f-4ec5-bb5c-f79627fc299e@group-C25BD028928E: changes role from  FOLLOWER to CANDIDATE at term 112 for changeToCandidate
2019-10-15 16:29:49,438 [Thread-1323] INFO  impl.RoleInfo (RoleInfo.java:updateAndGet(143)) - f5624850-682f-4ec5-bb5c-f79627fc299e: start LeaderElection
2019-10-15 16:29:49,468 [f5624850-682f-4ec5-bb5c-f79627fc299e@group-C25BD028928E-LeaderElection126] INFO  impl.LeaderElection (LeaderElection.java:askForVotes(178)) - f5624850-682f-4ec5-bb5c-f79627fc299e@group-C25BD028928E-LeaderElection126: begin an election at term 113 for -1: [f581660d-af3d-4f5f-b57d-f4cb54f048b9:192.168.164.239:42501, f5624850-682f-4ec5-bb5c-f79627fc299e:192.168.164.239:39499, 14091fe6-d183-4b46-be93-2ba964a39c73:192.168.164.239:34827], old=null
2019-10-15 16:29:49,471 [grpc-default-executor-11] INFO  impl.RaftServerImpl (RaftServerImpl.java:setRole(184)) - 14091fe6-d183-4b46-be93-2ba964a39c73@group-C25BD028928E: changes role from  FOLLOWER to FOLLOWER at term 113 for recognizeCandidate:f5624850-682f-4ec5-bb5c-f79627fc299e
2019-10-15 16:29:49,471 [grpc-default-executor-10] INFO  impl.RaftServerImpl (RaftServerImpl.java:setRole(184)) - f581660d-af3d-4f5f-b57d-f4cb54f048b9@group-C25BD028928E: changes role from  FOLLOWER to FOLLOWER at term 113 for recognizeCandidate:f5624850-682f-4ec5-bb5c-f79627fc299e
2019-10-15 16:29:49,472 [grpc-default-executor-11] INFO  impl.RoleInfo (RoleInfo.java:shutdownFollowerState(121)) - 14091fe6-d183-4b46-be93-2ba964a39c73: shutdown FollowerState
2019-10-15 16:29:49,472 [grpc-default-executor-10] INFO  impl.RoleInfo (RoleInfo.java:shutdownFollowerState(121)) - f581660d-af3d-4f5f-b57d-f4cb54f048b9: shutdown FollowerState
2019-10-15 16:29:49,472 [Thread-1322] INFO  impl.FollowerState (FollowerState.java:run(117)) - 14091fe6-d183-4b46-be93-2ba964a39c73@group-C25BD028928E-FollowerState was interrupted: java.lang.InterruptedException: sleep interrupted
2019-10-15 16:29:49,472 [Thread-1321] INFO  impl.FollowerState (FollowerState.java:run(117)) - f581660d-af3d-4f5f-b57d-f4cb54f048b9@group-C25BD028928E-FollowerState was interrupted: java.lang.InterruptedException: sleep interrupted
2019-10-15 16:29:49,472 [grpc-default-executor-11] INFO  impl.RoleInfo (RoleInfo.java:updateAndGet(143)) - 14091fe6-d183-4b46-be93-2ba964a39c73: start FollowerState
2019-10-15 16:29:49,472 [grpc-default-executor-10] INFO  impl.RoleInfo (RoleInfo.java:updateAndGet(143)) - f581660d-af3d-4f5f-b57d-f4cb54f048b9: start FollowerState
2019-10-15 16:29:49,503 [f5624850-682f-4ec5-bb5c-f79627fc299e@group-C25BD028928E-LeaderElection126] INFO  impl.LeaderElection (LeaderElection.java:logAndReturn(56)) - f5624850-682f-4ec5-bb5c-f79627fc299e@group-C25BD028928E-LeaderElection126: Election REJECTED; received 2 response(s) [f5624850-682f-4ec5-bb5c-f79627fc299e<-f581660d-af3d-4f5f-b57d-f4cb54f048b9#0:FAIL-t113, f5624850-682f-4ec5-bb5c-f79627fc299e<-14091fe6-d183-4b46-be93-2ba964a39c73#0:FAIL-t113] and 0 exception(s); f5624850-682f-4ec5-bb5c-f79627fc299e@group-C25BD028928E:t113, leader=null, voted=f5624850-682f-4ec5-bb5c-f79627fc299e, raftlog=f5624850-682f-4ec5-bb5c-f79627fc299e@group-C25BD028928E-SegmentedRaftLog:OPENED:c-1,f-1,i0, conf=-1: [f581660d-af3d-4f5f-b57d-f4cb54f048b9:192.168.164.239:42501, f5624850-682f-4ec5-bb5c-f79627fc299e:192.168.164.239:39499, 14091fe6-d183-4b46-be93-2ba964a39c73:192.168.164.239:34827], old=null
2019-10-15 16:29:49,503 [f5624850-682f-4ec5-bb5c-f79627fc299e@group-C25BD028928E-LeaderElection126] INFO  impl.RaftServerImpl (RaftServerImpl.java:setRole(184)) - f5624850-682f-4ec5-bb5c-f79627fc299e@group-C25BD028928E: changes role from CANDIDATE to FOLLOWER at term 113 for DISCOVERED_A_NEW_TERM
2019-10-15 16:29:49,503 [f5624850-682f-4ec5-bb5c-f79627fc299e@group-C25BD028928E-LeaderElection126] INFO  impl.RoleInfo (RoleInfo.java:shutdownLeaderElection(134)) - f5624850-682f-4ec5-bb5c-f79627fc299e: shutdown LeaderElection
2019-10-15 16:29:49,503 [f5624850-682f-4ec5-bb5c-f79627fc299e@group-C25BD028928E-LeaderElection126] INFO  impl.RoleInfo (RoleInfo.java:updateAndGet(143)) - f5624850-682f-4ec5-bb5c-f79627fc299e: start FollowerState
2019-10-15 16:29:49,664 [Thread-1329] INFO  impl.FollowerState (FollowerState.java:run(108)) - f5624850-682f-4ec5-bb5c-f79627fc299e@group-C25BD028928E-FollowerState: change to CANDIDATE, lastRpcTime:160ms, electionTimeout:160ms
2019-10-15 16:29:49,664 [Thread-1329] INFO  impl.RoleInfo (RoleInfo.java:shutdownFollowerState(121)) - f5624850-682f-4ec5-bb5c-f79627fc299e: shutdown FollowerState
2019-10-15 16:29:49,664 [Thread-1329] INFO  impl.RaftServerImpl (RaftServerImpl.java:setRole(184)) - f5624850-682f-4ec5-bb5c-f79627fc299e@group-C25BD028928E: changes role from  FOLLOWER to CANDIDATE at term 113 for changeToCandidate
2019-10-15 16:29:49,664 [Thread-1329] INFO  impl.RoleInfo (RoleInfo.java:updateAndGet(143)) - f5624850-682f-4ec5-bb5c-f79627fc299e: start LeaderElection
2019-10-15 16:29:49,694 [f5624850-682f-4ec5-bb5c-f79627fc299e@group-C25BD028928E-LeaderElection127] INFO  impl.LeaderElection (LeaderElection.java:askForVotes(178)) - f5624850-682f-4ec5-bb5c-f79627fc299e@group-C25BD028928E-LeaderElection127: begin an election at term 114 for -1: [f581660d-af3d-4f5f-b57d-f4cb54f048b9:192.168.164.239:42501, f5624850-682f-4ec5-bb5c-f79627fc299e:192.168.164.239:39499, 14091fe6-d183-4b46-be93-2ba964a39c73:192.168.164.239:34827], old=null
2019-10-15 16:29:49,697 [grpc-default-executor-11] INFO  impl.RaftServerImpl (RaftServerImpl.java:setRole(184)) - f581660d-af3d-4f5f-b57d-f4cb54f048b9@group-C25BD028928E: changes role from  FOLLOWER to FOLLOWER at term 114 for recognizeCandidate:f5624850-682f-4ec5-bb5c-f79627fc299e
2019-10-15 16:29:49,697 [grpc-default-executor-10] INFO  impl.RaftServerImpl (RaftServerImpl.java:setRole(184)) - 14091fe6-d183-4b46-be93-2ba964a39c73@group-C25BD028928E: changes role from  FOLLOWER to FOLLOWER at term 114 for recognizeCandidate:f5624850-682f-4ec5-bb5c-f79627fc299e
2019-10-15 16:29:49,698 [grpc-default-executor-11] INFO  impl.RoleInfo (RoleInfo.java:shutdownFollowerState(121)) - f581660d-af3d-4f5f-b57d-f4cb54f048b9: shutdown FollowerState
2019-10-15 16:29:49,698 [grpc-default-executor-10] INFO  impl.RoleInfo (RoleInfo.java:shutdownFollowerState(121)) - 14091fe6-d183-4b46-be93-2ba964a39c73: shutdown FollowerState
2019-10-15 16:29:49,698 [Thread-1328] INFO  impl.FollowerState (FollowerState.java:run(117)) - f581660d-af3d-4f5f-b57d-f4cb54f048b9@group-C25BD028928E-FollowerState was interrupted: java.lang.InterruptedException: sleep interrupted
2019-10-15 16:29:49,698 [grpc-default-executor-11] INFO  impl.RoleInfo (RoleInfo.java:updateAndGet(143)) - f581660d-af3d-4f5f-b57d-f4cb54f048b9: start FollowerState
2019-10-15 16:29:49,698 [Thread-1327] INFO  impl.FollowerState (FollowerState.java:run(117)) - 14091fe6-d183-4b46-be93-2ba964a39c73@group-C25BD028928E-FollowerState was interrupted: java.lang.InterruptedException: sleep interrupted
2019-10-15 16:29:49,698 [grpc-default-executor-10] INFO  impl.RoleInfo (RoleInfo.java:updateAndGet(143)) - 14091fe6-d183-4b46-be93-2ba964a39c73: start FollowerState
2019-10-15 16:29:49,720 [f5624850-682f-4ec5-bb5c-f79627fc299e@group-C25BD028928E-LeaderElection127] INFO  impl.LeaderElection (LeaderElection.java:logAndReturn(56)) - f5624850-682f-4ec5-bb5c-f79627fc299e@group-C25BD028928E-LeaderElection127: Election REJECTED; received 2 response(s) [f5624850-682f-4ec5-bb5c-f79627fc299e<-f581660d-af3d-4f5f-b57d-f4cb54f048b9#0:FAIL-t114, f5624850-682f-4ec5-bb5c-f79627fc299e<-14091fe6-d183-4b46-be93-2ba964a39c73#0:FAIL-t114] and 0 exception(s); f5624850-682f-4ec5-bb5c-f79627fc299e@group-C25BD028928E:t114, leader=null, voted=f5624850-682f-4ec5-bb5c-f79627fc299e, raftlog=f5624850-682f-4ec5-bb5c-f79627fc299e@group-C25BD028928E-SegmentedRaftLog:OPENED:c-1,f-1,i0, conf=-1: [f581660d-af3d-4f5f-b57d-f4cb54f048b9:192.168.164.239:42501, f5624850-682f-4ec5-bb5c-f79627fc299e:192.168.164.239:39499, 14091fe6-d183-4b46-be93-2ba964a39c73:192.168.164.239:34827], old=null
2019-10-15 16:29:49,721 [f5624850-682f-4ec5-bb5c-f79627fc299e@group-C25BD028928E-LeaderElection127] INFO  impl.RaftServerImpl (RaftServerImpl.java:setRole(184)) - f5624850-682f-4ec5-bb5c-f79627fc299e@group-C25BD028928E: changes role from CANDIDATE to FOLLOWER at term 114 for DISCOVERED_A_NEW_TERM
2019-10-15 16:29:49,721 [f5624850-682f-4ec5-bb5c-f79627fc299e@group-C25BD028928E-LeaderElection127] INFO  impl.RoleInfo (RoleInfo.java:shutdownLeaderElection(134)) - f5624850-682f-4ec5-bb5c-f79627fc299e: shutdown LeaderElection
2019-10-15 16:29:49,721 [f5624850-682f-4ec5-bb5c-f79627fc299e@group-C25BD028928E-LeaderElection127] INFO  impl.RoleInfo (RoleInfo.java:updateAndGet(143)) - f5624850-682f-4ec5-bb5c-f79627fc299e: start FollowerState
2019-10-15 16:29:49,737 [Thread-1339] INFO  impl.FollowerState (FollowerState.java:run(108)) - f5624850-682f-4ec5-bb5c-f79627fc299e@group-C25BD028928E-FollowerState: change to CANDIDATE, lastRpcTime:16ms, electionTimeout:16ms
2019-10-15 16:29:49,737 [Thread-1339] INFO  impl.RoleInfo (RoleInfo.java:shutdownFollowerState(121)) - f5624850-682f-4ec5-bb5c-f79627fc299e: shutdown FollowerState
2019-10-15 16:29:49,737 [Thread-1339] INFO  impl.RaftServerImpl (RaftServerImpl.java:setRole(184)) - f5624850-682f-4ec5-bb5c-f79627fc299e@group-C25BD028928E: changes role from  FOLLOWER to CANDIDATE at term 114 for changeToCandidate
2019-10-15 16:29:49,738 [Thread-1339] INFO  impl.RoleInfo (RoleInfo.java:updateAndGet(143)) - f5624850-682f-4ec5-bb5c-f79627fc299e: start LeaderElection
2019-10-15 16:29:49,762 [f5624850-682f-4ec5-bb5c-f79627fc299e@group-C25BD028928E-LeaderElection128] INFO  impl.LeaderElection (LeaderElection.java:askForVotes(178)) - f5624850-682f-4ec5-bb5c-f79627fc299e@group-C25BD028928E-LeaderElection128: begin an election at term 115 for -1: [f581660d-af3d-4f5f-b57d-f4cb54f048b9:192.168.164.239:42501, f5624850-682f-4ec5-bb5c-f79627fc299e:192.168.164.239:39499, 14091fe6-d183-4b46-be93-2ba964a39c73:192.168.164.239:34827], old=null
2019-10-15 16:29:49,764 [grpc-default-executor-10] INFO  impl.RaftServerImpl (RaftServerImpl.java:setRole(184)) - f581660d-af3d-4f5f-b57d-f4cb54f048b9@group-C25BD028928E: changes role from  FOLLOWER to FOLLOWER at term 115 for recognizeCandidate:f5624850-682f-4ec5-bb5c-f79627fc299e
2019-10-15 16:29:49,764 [grpc-default-executor-10] INFO  impl.RoleInfo (RoleInfo.java:shutdownFollowerState(121)) - f581660d-af3d-4f5f-b57d-f4cb54f048b9: shutdown FollowerState
2019-10-15 16:29:49,764 [grpc-default-executor-11] INFO  impl.RaftServerImpl (RaftServerImpl.java:setRole(184)) - 14091fe6-d183-4b46-be93-2ba964a39c73@group-C25BD028928E: changes role from  FOLLOWER to FOLLOWER at term 115 for recognizeCandidate:f5624850-682f-4ec5-bb5c-f79627fc299e
2019-10-15 16:29:49,764 [Thread-1337] INFO  impl.FollowerState (FollowerState.java:run(117)) - f581660d-af3d-4f5f-b57d-f4cb54f048b9@group-C25BD028928E-FollowerState was interrupted: java.lang.InterruptedException: sleep interrupted
2019-10-15 16:29:49,764 [grpc-default-executor-10] INFO  impl.RoleInfo (RoleInfo.java:updateAndGet(143)) - f581660d-af3d-4f5f-b57d-f4cb54f048b9: start FollowerState
2019-10-15 16:29:49,764 [grpc-default-executor-11] INFO  impl.RoleInfo (RoleInfo.java:shutdownFollowerState(121)) - 14091fe6-d183-4b46-be93-2ba964a39c73: shutdown FollowerState
2019-10-15 16:29:49,765 [grpc-default-executor-11] INFO  impl.RoleInfo (RoleInfo.java:updateAndGet(143)) - 14091fe6-d183-4b46-be93-2ba964a39c73: start FollowerState
2019-10-15 16:29:49,765 [Thread-1338] INFO  impl.FollowerState (FollowerState.java:run(117)) - 14091fe6-d183-4b46-be93-2ba964a39c73@group-C25BD028928E-FollowerState was interrupted: java.lang.InterruptedException: sleep interrupted
2019-10-15 16:29:49,788 [f5624850-682f-4ec5-bb5c-f79627fc299e@group-C25BD028928E-LeaderElection128] INFO  impl.LeaderElection (LeaderElection.java:logAndReturn(56)) - f5624850-682f-4ec5-bb5c-f79627fc299e@group-C25BD028928E-LeaderElection128: Election REJECTED; received 2 response(s) [f5624850-682f-4ec5-bb5c-f79627fc299e<-f581660d-af3d-4f5f-b57d-f4cb54f048b9#0:FAIL-t115, f5624850-682f-4ec5-bb5c-f79627fc299e<-14091fe6-d183-4b46-be93-2ba964a39c73#0:FAIL-t115] and 0 exception(s); f5624850-682f-4ec5-bb5c-f79627fc299e@group-C25BD028928E:t115, leader=null, voted=f5624850-682f-4ec5-bb5c-f79627fc299e, raftlog=f5624850-682f-4ec5-bb5c-f79627fc299e@group-C25BD028928E-SegmentedRaftLog:OPENED:c-1,f-1,i0, conf=-1: [f581660d-af3d-4f5f-b57d-f4cb54f048b9:192.168.164.239:42501, f5624850-682f-4ec5-bb5c-f79627fc299e:192.168.164.239:39499, 14091fe6-d183-4b46-be93-2ba964a39c73:192.168.164.239:34827], old=null
2019-10-15 16:29:49,789 [f5624850-682f-4ec5-bb5c-f79627fc299e@group-C25BD028928E-LeaderElection128] INFO  impl.RaftServerImpl (RaftServerImpl.java:setRole(184)) - f5624850-682f-4ec5-bb5c-f79627fc299e@group-C25BD028928E: changes role from CANDIDATE to FOLLOWER at term 115 for DISCOVERED_A_NEW_TERM
2019-10-15 16:29:49,789 [f5624850-682f-4ec5-bb5c-f79627fc299e@group-C25BD028928E-LeaderElection128] INFO  impl.RoleInfo (RoleInfo.java:shutdownLeaderElection(134)) - f5624850-682f-4ec5-bb5c-f79627fc299e: shutdown LeaderElection
2019-10-15 16:29:49,789 [f5624850-682f-4ec5-bb5c-f79627fc299e@group-C25BD028928E-LeaderElection128] INFO  impl.RoleInfo (RoleInfo.java:updateAndGet(143)) - f5624850-682f-4ec5-bb5c-f79627fc299e: start FollowerState
2019-10-15 16:29:49,857 [main] INFO  ozoneimpl.OzoneContainer (OzoneContainer.java:stop(227)) - Attempting to stop container services.
2019-10-15 16:29:49,857 [ForkJoinPool.commonPool-worker-0] INFO  ozoneimpl.OzoneContainer (OzoneContainer.java:stop(227)) - Attempting to stop container services.
2019-10-15 16:29:49,858 [main] INFO  impl.RaftServerProxy (RaftServerProxy.java:lambda$close$4(314)) - f581660d-af3d-4f5f-b57d-f4cb54f048b9: close
2019-10-15 16:29:49,858 [ForkJoinPool.commonPool-worker-0] INFO  impl.RaftServerProxy (RaftServerProxy.java:lambda$close$4(314)) - cccd55fe-f481-4e2b-93ed-b6a86d13c378: close
2019-10-15 16:29:49,859 [main] INFO  impl.RaftServerImpl (RaftServerImpl.java:lambda$shutdown$3(261)) - f581660d-af3d-4f5f-b57d-f4cb54f048b9@group-5B112CC0E5E9: shutdown
2019-10-15 16:29:49,859 [ForkJoinPool.commonPool-worker-0] INFO  impl.RaftServerImpl (RaftServerImpl.java:lambda$shutdown$3(261)) - cccd55fe-f481-4e2b-93ed-b6a86d13c378@group-DABAD0E5FC92: shutdown
2019-10-15 16:29:49,859 [main] INFO  util.JmxRegister (JmxRegister.java:unregister(73)) - Successfully un-registered JMX Bean with object name Ratis:service=RaftServer,group=group-5B112CC0E5E9,id=f581660d-af3d-4f5f-b57d-f4cb54f048b9
2019-10-15 16:29:49,859 [ForkJoinPool.commonPool-worker-0] INFO  util.JmxRegister (JmxRegister.java:unregister(73)) - Successfully un-registered JMX Bean with object name Ratis:service=RaftServer,group=group-DABAD0E5FC92,id=cccd55fe-f481-4e2b-93ed-b6a86d13c378
2019-10-15 16:29:49,860 [main] INFO  impl.RoleInfo (RoleInfo.java:shutdownLeaderState(104)) - f581660d-af3d-4f5f-b57d-f4cb54f048b9: shutdown LeaderState
2019-10-15 16:29:49,860 [ForkJoinPool.commonPool-worker-0] INFO  impl.RoleInfo (RoleInfo.java:shutdownLeaderState(104)) - cccd55fe-f481-4e2b-93ed-b6a86d13c378: shutdown LeaderState
2019-10-15 16:29:49,860 [main] INFO  impl.PendingRequests (PendingRequests.java:sendNotLeaderResponses(202)) - f581660d-af3d-4f5f-b57d-f4cb54f048b9@group-5B112CC0E5E9-PendingRequests: sendNotLeaderResponses
2019-10-15 16:29:49,860 [ForkJoinPool.commonPool-worker-0] INFO  impl.PendingRequests (PendingRequests.java:sendNotLeaderResponses(202)) - cccd55fe-f481-4e2b-93ed-b6a86d13c378@group-DABAD0E5FC92-PendingRequests: sendNotLeaderResponses
2019-10-15 16:29:49,861 [main] INFO  impl.StateMachineUpdater (StateMachineUpdater.java:stopAndJoin(136)) - f581660d-af3d-4f5f-b57d-f4cb54f048b9@group-5B112CC0E5E9-StateMachineUpdater: set stopIndex = 0
2019-10-15 16:29:49,861 [ForkJoinPool.commonPool-worker-0] INFO  impl.StateMachineUpdater (StateMachineUpdater.java:stopAndJoin(136)) - cccd55fe-f481-4e2b-93ed-b6a86d13c378@group-DABAD0E5FC92-StateMachineUpdater: set stopIndex = 0
2019-10-15 16:29:49,864 [main] INFO  impl.RaftServerImpl (ServerState.java:close(388)) - f581660d-af3d-4f5f-b57d-f4cb54f048b9@group-5B112CC0E5E9: closes. applyIndex: 0
2019-10-15 16:29:49,864 [ForkJoinPool.commonPool-worker-0] INFO  impl.RaftServerImpl (ServerState.java:close(388)) - cccd55fe-f481-4e2b-93ed-b6a86d13c378@group-DABAD0E5FC92: closes. applyIndex: 0
2019-10-15 16:29:49,865 [f581660d-af3d-4f5f-b57d-f4cb54f048b9@group-5B112CC0E5E9-SegmentedRaftLogWorker] INFO  segmented.SegmentedRaftLogWorker (SegmentedRaftLogWorker.java:run(316)) - f581660d-af3d-4f5f-b57d-f4cb54f048b9@group-5B112CC0E5E9-SegmentedRaftLogWorker was interrupted, exiting. There are 0 tasks remaining in the queue.
2019-10-15 16:29:49,865 [cccd55fe-f481-4e2b-93ed-b6a86d13c378@group-DABAD0E5FC92-SegmentedRaftLogWorker] INFO  segmented.SegmentedRaftLogWorker (SegmentedRaftLogWorker.java:run(316)) - cccd55fe-f481-4e2b-93ed-b6a86d13c378@group-DABAD0E5FC92-SegmentedRaftLogWorker was interrupted, exiting. There are 0 tasks remaining in the queue.
2019-10-15 16:29:49,868 [main] INFO  segmented.SegmentedRaftLogWorker (SegmentedRaftLogWorker.java:close(224)) - f581660d-af3d-4f5f-b57d-f4cb54f048b9@group-5B112CC0E5E9-SegmentedRaftLogWorker close()
2019-10-15 16:29:49,868 [ForkJoinPool.commonPool-worker-0] INFO  segmented.SegmentedRaftLogWorker (SegmentedRaftLogWorker.java:close(224)) - cccd55fe-f481-4e2b-93ed-b6a86d13c378@group-DABAD0E5FC92-SegmentedRaftLogWorker close()
2019-10-15 16:29:49,873 [main] INFO  impl.RaftServerImpl (RaftServerImpl.java:lambda$shutdown$3(261)) - f581660d-af3d-4f5f-b57d-f4cb54f048b9@group-C25BD028928E: shutdown
2019-10-15 16:29:49,875 [ForkJoinPool.commonPool-worker-0] INFO  impl.RaftServerImpl (RaftServerImpl.java:lambda$shutdown$3(261)) - cccd55fe-f481-4e2b-93ed-b6a86d13c378@group-F2FE1ED60945: shutdown
2019-10-15 16:29:49,875 [main] INFO  util.JmxRegister (JmxRegister.java:unregister(73)) - Successfully un-registered JMX Bean with object name Ratis:service=RaftServer,group=group-C25BD028928E,id=f581660d-af3d-4f5f-b57d-f4cb54f048b9
2019-10-15 16:29:49,875 [ForkJoinPool.commonPool-worker-0] INFO  util.JmxRegister (JmxRegister.java:unregister(73)) - Successfully un-registered JMX Bean with object name Ratis:service=RaftServer,group=group-F2FE1ED60945,id=cccd55fe-f481-4e2b-93ed-b6a86d13c378
2019-10-15 16:29:49,876 [main] INFO  impl.RoleInfo (RoleInfo.java:shutdownFollowerState(121)) - f581660d-af3d-4f5f-b57d-f4cb54f048b9: shutdown FollowerState
2019-10-15 16:29:49,876 [ForkJoinPool.commonPool-worker-0] INFO  impl.RoleInfo (RoleInfo.java:shutdownFollowerState(121)) - cccd55fe-f481-4e2b-93ed-b6a86d13c378: shutdown FollowerState
2019-10-15 16:29:49,876 [Thread-1343] INFO  impl.FollowerState (FollowerState.java:run(117)) - f581660d-af3d-4f5f-b57d-f4cb54f048b9@group-C25BD028928E-FollowerState was interrupted: java.lang.InterruptedException: sleep interrupted
2019-10-15 16:29:49,876 [main] INFO  impl.StateMachineUpdater (StateMachineUpdater.java:stopAndJoin(136)) - f581660d-af3d-4f5f-b57d-f4cb54f048b9@group-C25BD028928E-StateMachineUpdater: set stopIndex = -1
2019-10-15 16:29:49,876 [Thread-509] INFO  impl.FollowerState (FollowerState.java:run(117)) - cccd55fe-f481-4e2b-93ed-b6a86d13c378@group-F2FE1ED60945-FollowerState was interrupted: java.lang.InterruptedException: sleep interrupted
2019-10-15 16:29:49,876 [ForkJoinPool.commonPool-worker-0] INFO  impl.StateMachineUpdater (StateMachineUpdater.java:stopAndJoin(136)) - cccd55fe-f481-4e2b-93ed-b6a86d13c378@group-F2FE1ED60945-StateMachineUpdater: set stopIndex = 0
2019-10-15 16:29:49,877 [ForkJoinPool.commonPool-worker-0] INFO  impl.RaftServerImpl (ServerState.java:close(388)) - cccd55fe-f481-4e2b-93ed-b6a86d13c378@group-F2FE1ED60945: closes. applyIndex: 0
2019-10-15 16:29:49,877 [main] INFO  impl.RaftServerImpl (ServerState.java:close(388)) - f581660d-af3d-4f5f-b57d-f4cb54f048b9@group-C25BD028928E: closes. applyIndex: -1
2019-10-15 16:29:49,877 [cccd55fe-f481-4e2b-93ed-b6a86d13c378@group-F2FE1ED60945-SegmentedRaftLogWorker] INFO  segmented.SegmentedRaftLogWorker (SegmentedRaftLogWorker.java:run(316)) - cccd55fe-f481-4e2b-93ed-b6a86d13c378@group-F2FE1ED60945-SegmentedRaftLogWorker was interrupted, exiting. There are 0 tasks remaining in the queue.
2019-10-15 16:29:49,877 [f581660d-af3d-4f5f-b57d-f4cb54f048b9@group-C25BD028928E-SegmentedRaftLogWorker] INFO  segmented.SegmentedRaftLogWorker (SegmentedRaftLogWorker.java:run(316)) - f581660d-af3d-4f5f-b57d-f4cb54f048b9@group-C25BD028928E-SegmentedRaftLogWorker was interrupted, exiting. There are 0 tasks remaining in the queue.
2019-10-15 16:29:49,879 [ForkJoinPool.commonPool-worker-0] INFO  segmented.SegmentedRaftLogWorker (SegmentedRaftLogWorker.java:close(224)) - cccd55fe-f481-4e2b-93ed-b6a86d13c378@group-F2FE1ED60945-SegmentedRaftLogWorker close()
2019-10-15 16:29:49,881 [main] INFO  segmented.SegmentedRaftLogWorker (SegmentedRaftLogWorker.java:close(224)) - f581660d-af3d-4f5f-b57d-f4cb54f048b9@group-C25BD028928E-SegmentedRaftLogWorker close()
2019-10-15 16:29:49,888 [ForkJoinPool.commonPool-worker-0] INFO  server.GrpcService (GrpcService.java:closeImpl(164)) - cccd55fe-f481-4e2b-93ed-b6a86d13c378: shutdown server with port 35771 now
2019-10-15 16:29:49,888 [main] INFO  server.GrpcService (GrpcService.java:closeImpl(164)) - f581660d-af3d-4f5f-b57d-f4cb54f048b9: shutdown server with port 42501 now
2019-10-15 16:29:49,901 [main] INFO  server.GrpcService (GrpcService.java:closeImpl(172)) - f581660d-af3d-4f5f-b57d-f4cb54f048b9: shutdown server with port 42501 successfully
2019-10-15 16:29:49,902 [Thread-1345] INFO  impl.FollowerState (FollowerState.java:run(108)) - f5624850-682f-4ec5-bb5c-f79627fc299e@group-C25BD028928E-FollowerState: change to CANDIDATE, lastRpcTime:113ms, electionTimeout:113ms
2019-10-15 16:29:49,902 [Thread-1345] INFO  impl.RoleInfo (RoleInfo.java:shutdownFollowerState(121)) - f5624850-682f-4ec5-bb5c-f79627fc299e: shutdown FollowerState
2019-10-15 16:29:49,903 [refreshUsed-/workdir/hadoop-ozone/integration-test/target/test-dir/MiniOzoneClusterImpl-beab53a1-ec34-46da-8591-07ed803d9383/datanode-5/data/containers] WARN  fs.CachingGetSpaceUsed (CachingGetSpaceUsed.java:run(183)) - Thread Interrupted waiting to refresh disk information: sleep interrupted
2019-10-15 16:29:49,903 [Thread-1345] INFO  impl.RaftServerImpl (RaftServerImpl.java:setRole(184)) - f5624850-682f-4ec5-bb5c-f79627fc299e@group-C25BD028928E: changes role from  FOLLOWER to CANDIDATE at term 115 for changeToCandidate
2019-10-15 16:29:49,903 [Thread-1345] INFO  impl.RoleInfo (RoleInfo.java:updateAndGet(143)) - f5624850-682f-4ec5-bb5c-f79627fc299e: start LeaderElection
2019-10-15 16:29:49,904 [grpc-default-executor-11] WARN  server.GrpcServerProtocolService (LogUtils.java:warn(134)) - cccd55fe-f481-4e2b-93ed-b6a86d13c378: installSnapshot onError, lastRequest: c48d8dfa-9e66-4eac-9ff2-02281a99dfa9->cccd55fe-f481-4e2b-93ed-b6a86d13c378#31-t5, previous=(t:5, i:0), leaderCommit=0, initializing? false, entries: <empty>: org.apache.ratis.thirdparty.io.grpc.StatusRuntimeException: CANCELLED: cancelled before receiving half close
2019-10-15 16:29:49,904 [ForkJoinPool.commonPool-worker-0] INFO  server.GrpcService (GrpcService.java:closeImpl(172)) - cccd55fe-f481-4e2b-93ed-b6a86d13c378: shutdown server with port 35771 successfully
2019-10-15 16:29:49,910 [refreshUsed-/workdir/hadoop-ozone/integration-test/target/test-dir/MiniOzoneClusterImpl-beab53a1-ec34-46da-8591-07ed803d9383/datanode-2/data/containers] WARN  fs.CachingGetSpaceUsed (CachingGetSpaceUsed.java:run(183)) - Thread Interrupted waiting to refresh disk information: sleep interrupted
2019-10-15 16:29:49,913 [grpc-default-executor-10] WARN  server.GrpcLogAppender (LogUtils.java:warn(134)) - c48d8dfa-9e66-4eac-9ff2-02281a99dfa9@group-F2FE1ED60945->cccd55fe-f481-4e2b-93ed-b6a86d13c378-AppendLogResponseHandler: Failed appendEntries: org.apache.ratis.thirdparty.io.grpc.StatusRuntimeException: CANCELLED: HTTP/2 error code: CANCEL
Received Rst Stream
2019-10-15 16:29:49,933 [main] INFO  utils.BackgroundService (BackgroundService.java:shutdown(151)) - Shutting down service BlockDeletingService
2019-10-15 16:29:49,938 [f5624850-682f-4ec5-bb5c-f79627fc299e@group-C25BD028928E-LeaderElection129] INFO  impl.LeaderElection (LeaderElection.java:askForVotes(178)) - f5624850-682f-4ec5-bb5c-f79627fc299e@group-C25BD028928E-LeaderElection129: begin an election at term 116 for -1: [f581660d-af3d-4f5f-b57d-f4cb54f048b9:192.168.164.239:42501, f5624850-682f-4ec5-bb5c-f79627fc299e:192.168.164.239:39499, 14091fe6-d183-4b46-be93-2ba964a39c73:192.168.164.239:34827], old=null
2019-10-15 16:29:49,943 [main] INFO  statemachine.DatanodeStateMachine (DatanodeStateMachine.java:stopDaemon(395)) - Ozone container server stopped.
2019-10-15 16:29:49,945 [grpc-default-executor-10] INFO  impl.RaftServerImpl (RaftServerImpl.java:setRole(184)) - 14091fe6-d183-4b46-be93-2ba964a39c73@group-C25BD028928E: changes role from  FOLLOWER to FOLLOWER at term 116 for recognizeCandidate:f5624850-682f-4ec5-bb5c-f79627fc299e
2019-10-15 16:29:49,945 [grpc-default-executor-10] INFO  impl.RoleInfo (RoleInfo.java:shutdownFollowerState(121)) - 14091fe6-d183-4b46-be93-2ba964a39c73: shutdown FollowerState
2019-10-15 16:29:49,945 [main] INFO  handler.ContextHandler (ContextHandler.java:doStop(910)) - Stopped o.e.j.w.WebAppContext@715b886f{/,null,UNAVAILABLE}{/hddsDatanode}
2019-10-15 16:29:49,945 [Thread-1344] INFO  impl.FollowerState (FollowerState.java:run(117)) - 14091fe6-d183-4b46-be93-2ba964a39c73@group-C25BD028928E-FollowerState was interrupted: java.lang.InterruptedException: sleep interrupted
2019-10-15 16:29:49,945 [grpc-default-executor-10] INFO  impl.RoleInfo (RoleInfo.java:updateAndGet(143)) - 14091fe6-d183-4b46-be93-2ba964a39c73: start FollowerState
2019-10-15 16:29:49,946 [main] INFO  server.AbstractConnector (AbstractConnector.java:doStop(318)) - Stopped ServerConnector@7fb29ca9{HTTP/1.1,[http/1.1]}{0.0.0.0:0}
2019-10-15 16:29:49,946 [main] INFO  handler.ContextHandler (ContextHandler.java:doStop(910)) - Stopped o.e.j.s.ServletContextHandler@4c1bdcc2{/static,jar:file:/home/user/.m2/repository/org/apache/hadoop/hadoop-hdds-container-service/0.5.0-SNAPSHOT/hadoop-hdds-container-service-0.5.0-SNAPSHOT.jar!/webapps/static,UNAVAILABLE}
2019-10-15 16:29:49,946 [main] INFO  handler.ContextHandler (ContextHandler.java:doStop(910)) - Stopped o.e.j.s.ServletContextHandler@1305c126{/logs,file:///workdir/hadoop-ozone/integration-test/target/log,UNAVAILABLE}
2019-10-15 16:29:49,951 [ForkJoinPool.commonPool-worker-0] INFO  utils.BackgroundService (BackgroundService.java:shutdown(151)) - Shutting down service BlockDeletingService
2019-10-15 16:29:49,955 [ForkJoinPool.commonPool-worker-0] INFO  statemachine.DatanodeStateMachine (DatanodeStateMachine.java:stopDaemon(395)) - Ozone container server stopped.
2019-10-15 16:29:49,959 [ForkJoinPool.commonPool-worker-0] INFO  handler.ContextHandler (ContextHandler.java:doStop(910)) - Stopped o.e.j.w.WebAppContext@6edcad64{/,null,UNAVAILABLE}{/hddsDatanode}
2019-10-15 16:29:49,960 [ForkJoinPool.commonPool-worker-0] INFO  server.AbstractConnector (AbstractConnector.java:doStop(318)) - Stopped ServerConnector@4c6007fb{HTTP/1.1,[http/1.1]}{0.0.0.0:0}
2019-10-15 16:29:49,962 [ForkJoinPool.commonPool-worker-0] INFO  handler.ContextHandler (ContextHandler.java:doStop(910)) - Stopped o.e.j.s.ServletContextHandler@3968bc60{/static,jar:file:/home/user/.m2/repository/org/apache/hadoop/hadoop-hdds-container-service/0.5.0-SNAPSHOT/hadoop-hdds-container-service-0.5.0-SNAPSHOT.jar!/webapps/static,UNAVAILABLE}
2019-10-15 16:29:49,963 [ForkJoinPool.commonPool-worker-0] INFO  handler.ContextHandler (ContextHandler.java:doStop(910)) - Stopped o.e.j.s.ServletContextHandler@767a014e{/logs,file:///workdir/hadoop-ozone/integration-test/target/log,UNAVAILABLE}
2019-10-15 16:29:49,965 [f5624850-682f-4ec5-bb5c-f79627fc299e@group-C25BD028928E-LeaderElection129] INFO  impl.LeaderElection (LogUtils.java:infoOrTrace(149)) - f5624850-682f-4ec5-bb5c-f79627fc299e@group-C25BD028928E-LeaderElection129 got exception when requesting votes: {}
java.util.concurrent.ExecutionException: org.apache.ratis.thirdparty.io.grpc.StatusRuntimeException: UNAVAILABLE: io exception
	at java.util.concurrent.FutureTask.report(FutureTask.java:122)
	at java.util.concurrent.FutureTask.get(FutureTask.java:192)
	at org.apache.ratis.server.impl.LeaderElection.waitForResults(LeaderElection.java:259)
	at org.apache.ratis.server.impl.LeaderElection.askForVotes(LeaderElection.java:197)
	at org.apache.ratis.server.impl.LeaderElection.run(LeaderElection.java:133)
	at java.lang.Thread.run(Thread.java:748)
Caused by: org.apache.ratis.thirdparty.io.grpc.StatusRuntimeException: UNAVAILABLE: io exception
	at org.apache.ratis.thirdparty.io.grpc.stub.ClientCalls.toStatusRuntimeException(ClientCalls.java:233)
	at org.apache.ratis.thirdparty.io.grpc.stub.ClientCalls.getUnchecked(ClientCalls.java:214)
	at org.apache.ratis.thirdparty.io.grpc.stub.ClientCalls.blockingUnaryCall(ClientCalls.java:139)
	at org.apache.ratis.proto.grpc.RaftServerProtocolServiceGrpc$RaftServerProtocolServiceBlockingStub.requestVote(RaftServerProtocolServiceGrpc.java:265)
	at org.apache.ratis.grpc.server.GrpcServerProtocolClient.requestVote(GrpcServerProtocolClient.java:99)
	at org.apache.ratis.grpc.server.GrpcService.requestVote(GrpcService.java:204)
	at org.apache.ratis.server.impl.LeaderElection.lambda$submitRequests$1(LeaderElection.java:234)
	at java.util.concurrent.FutureTask.run(FutureTask.java:266)
	at java.util.concurrent.Executors$RunnableAdapter.call(Executors.java:511)
	at java.util.concurrent.FutureTask.run(FutureTask.java:266)
	at java.util.concurrent.ThreadPoolExecutor.runWorker(ThreadPoolExecutor.java:1149)
	at java.util.concurrent.ThreadPoolExecutor$Worker.run(ThreadPoolExecutor.java:624)
	... 1 more
Caused by: org.apache.ratis.thirdparty.io.netty.channel.AbstractChannel$AnnotatedConnectException: Connection refused: /192.168.164.239:42501
	at sun.nio.ch.SocketChannelImpl.checkConnect(Native Method)
	at sun.nio.ch.SocketChannelImpl.finishConnect(SocketChannelImpl.java:717)
	at org.apache.ratis.thirdparty.io.netty.channel.socket.nio.NioSocketChannel.doFinishConnect(NioSocketChannel.java:327)
	at org.apache.ratis.thirdparty.io.netty.channel.nio.AbstractNioChannel$AbstractNioUnsafe.finishConnect(AbstractNioChannel.java:340)
	at org.apache.ratis.thirdparty.io.netty.channel.nio.NioEventLoop.processSelectedKey(NioEventLoop.java:632)
	at org.apache.ratis.thirdparty.io.netty.channel.nio.NioEventLoop.processSelectedKeysOptimized(NioEventLoop.java:579)
	at org.apache.ratis.thirdparty.io.netty.channel.nio.NioEventLoop.processSelectedKeys(NioEventLoop.java:496)
	at org.apache.ratis.thirdparty.io.netty.channel.nio.NioEventLoop.run(NioEventLoop.java:458)
	at org.apache.ratis.thirdparty.io.netty.util.concurrent.SingleThreadEventExecutor$5.run(SingleThreadEventExecutor.java:897)
	at org.apache.ratis.thirdparty.io.netty.util.concurrent.FastThreadLocalRunnable.run(FastThreadLocalRunnable.java:30)
	... 1 more
Caused by: java.net.ConnectException: Connection refused
	... 11 more
2019-10-15 16:29:49,972 [f5624850-682f-4ec5-bb5c-f79627fc299e@group-C25BD028928E-LeaderElection129] INFO  impl.LeaderElection (LeaderElection.java:logAndReturn(56)) - f5624850-682f-4ec5-bb5c-f79627fc299e@group-C25BD028928E-LeaderElection129: Election REJECTED; received 1 response(s) [f5624850-682f-4ec5-bb5c-f79627fc299e<-14091fe6-d183-4b46-be93-2ba964a39c73#0:FAIL-t116] and 1 exception(s); f5624850-682f-4ec5-bb5c-f79627fc299e@group-C25BD028928E:t116, leader=null, voted=f5624850-682f-4ec5-bb5c-f79627fc299e, raftlog=f5624850-682f-4ec5-bb5c-f79627fc299e@group-C25BD028928E-SegmentedRaftLog:OPENED:c-1,f-1,i0, conf=-1: [f581660d-af3d-4f5f-b57d-f4cb54f048b9:192.168.164.239:42501, f5624850-682f-4ec5-bb5c-f79627fc299e:192.168.164.239:39499, 14091fe6-d183-4b46-be93-2ba964a39c73:192.168.164.239:34827], old=null
2019-10-15 16:29:49,973 [f5624850-682f-4ec5-bb5c-f79627fc299e@group-C25BD028928E-LeaderElection129] INFO  impl.LeaderElection (LogUtils.java:infoOrTrace(149)) -   Exception 0: {}
java.util.concurrent.ExecutionException: org.apache.ratis.thirdparty.io.grpc.StatusRuntimeException: UNAVAILABLE: io exception
	at java.util.concurrent.FutureTask.report(FutureTask.java:122)
	at java.util.concurrent.FutureTask.get(FutureTask.java:192)
	at org.apache.ratis.server.impl.LeaderElection.waitForResults(LeaderElection.java:259)
	at org.apache.ratis.server.impl.LeaderElection.askForVotes(LeaderElection.java:197)
	at org.apache.ratis.server.impl.LeaderElection.run(LeaderElection.java:133)
	at java.lang.Thread.run(Thread.java:748)
Caused by: org.apache.ratis.thirdparty.io.grpc.StatusRuntimeException: UNAVAILABLE: io exception
	at org.apache.ratis.thirdparty.io.grpc.stub.ClientCalls.toStatusRuntimeException(ClientCalls.java:233)
	at org.apache.ratis.thirdparty.io.grpc.stub.ClientCalls.getUnchecked(ClientCalls.java:214)
	at org.apache.ratis.thirdparty.io.grpc.stub.ClientCalls.blockingUnaryCall(ClientCalls.java:139)
	at org.apache.ratis.proto.grpc.RaftServerProtocolServiceGrpc$RaftServerProtocolServiceBlockingStub.requestVote(RaftServerProtocolServiceGrpc.java:265)
	at org.apache.ratis.grpc.server.GrpcServerProtocolClient.requestVote(GrpcServerProtocolClient.java:99)
	at org.apache.ratis.grpc.server.GrpcService.requestVote(GrpcService.java:204)
	at org.apache.ratis.server.impl.LeaderElection.lambda$submitRequests$1(LeaderElection.java:234)
	at java.util.concurrent.FutureTask.run(FutureTask.java:266)
	at java.util.concurrent.Executors$RunnableAdapter.call(Executors.java:511)
	at java.util.concurrent.FutureTask.run(FutureTask.java:266)
	at java.util.concurrent.ThreadPoolExecutor.runWorker(ThreadPoolExecutor.java:1149)
	at java.util.concurrent.ThreadPoolExecutor$Worker.run(ThreadPoolExecutor.java:624)
	... 1 more
Caused by: org.apache.ratis.thirdparty.io.netty.channel.AbstractChannel$AnnotatedConnectException: Connection refused: /192.168.164.239:42501
	at sun.nio.ch.SocketChannelImpl.checkConnect(Native Method)
	at sun.nio.ch.SocketChannelImpl.finishConnect(SocketChannelImpl.java:717)
	at org.apache.ratis.thirdparty.io.netty.channel.socket.nio.NioSocketChannel.doFinishConnect(NioSocketChannel.java:327)
	at org.apache.ratis.thirdparty.io.netty.channel.nio.AbstractNioChannel$AbstractNioUnsafe.finishConnect(AbstractNioChannel.java:340)
	at org.apache.ratis.thirdparty.io.netty.channel.nio.NioEventLoop.processSelectedKey(NioEventLoop.java:632)
	at org.apache.ratis.thirdparty.io.netty.channel.nio.NioEventLoop.processSelectedKeysOptimized(NioEventLoop.java:579)
	at org.apache.ratis.thirdparty.io.netty.channel.nio.NioEventLoop.processSelectedKeys(NioEventLoop.java:496)
	at org.apache.ratis.thirdparty.io.netty.channel.nio.NioEventLoop.run(NioEventLoop.java:458)
	at org.apache.ratis.thirdparty.io.netty.util.concurrent.SingleThreadEventExecutor$5.run(SingleThreadEventExecutor.java:897)
	at org.apache.ratis.thirdparty.io.netty.util.concurrent.FastThreadLocalRunnable.run(FastThreadLocalRunnable.java:30)
	... 1 more
Caused by: java.net.ConnectException: Connection refused
	... 11 more
2019-10-15 16:29:49,974 [f5624850-682f-4ec5-bb5c-f79627fc299e@group-C25BD028928E-LeaderElection129] INFO  impl.RaftServerImpl (RaftServerImpl.java:setRole(184)) - f5624850-682f-4ec5-bb5c-f79627fc299e@group-C25BD028928E: changes role from CANDIDATE to FOLLOWER at term 116 for DISCOVERED_A_NEW_TERM
2019-10-15 16:29:49,974 [f5624850-682f-4ec5-bb5c-f79627fc299e@group-C25BD028928E-LeaderElection129] INFO  impl.RoleInfo (RoleInfo.java:shutdownLeaderElection(134)) - f5624850-682f-4ec5-bb5c-f79627fc299e: shutdown LeaderElection
2019-10-15 16:29:49,974 [f5624850-682f-4ec5-bb5c-f79627fc299e@group-C25BD028928E-LeaderElection129] INFO  impl.RoleInfo (RoleInfo.java:updateAndGet(143)) - f5624850-682f-4ec5-bb5c-f79627fc299e: start FollowerState
2019-10-15 16:29:50,035 [Datanode State Machine Thread - 0] INFO  statemachine.DatanodeStateMachine (DatanodeStateMachine.java:lambda$startDaemon$0(350)) - Ozone container server started.
2019-10-15 16:29:50,175 [Thread-1350] INFO  impl.FollowerState (FollowerState.java:run(108)) - f5624850-682f-4ec5-bb5c-f79627fc299e@group-C25BD028928E-FollowerState: change to CANDIDATE, lastRpcTime:200ms, electionTimeout:200ms
2019-10-15 16:29:50,175 [Thread-1350] INFO  impl.RoleInfo (RoleInfo.java:shutdownFollowerState(121)) - f5624850-682f-4ec5-bb5c-f79627fc299e: shutdown FollowerState
2019-10-15 16:29:50,175 [Thread-1350] INFO  impl.RaftServerImpl (RaftServerImpl.java:setRole(184)) - f5624850-682f-4ec5-bb5c-f79627fc299e@group-C25BD028928E: changes role from  FOLLOWER to CANDIDATE at term 116 for changeToCandidate
2019-10-15 16:29:50,175 [Thread-1350] INFO  impl.RoleInfo (RoleInfo.java:updateAndGet(143)) - f5624850-682f-4ec5-bb5c-f79627fc299e: start LeaderElection
2019-10-15 16:29:50,199 [f5624850-682f-4ec5-bb5c-f79627fc299e@group-C25BD028928E-LeaderElection130] INFO  impl.LeaderElection (LeaderElection.java:askForVotes(178)) - f5624850-682f-4ec5-bb5c-f79627fc299e@group-C25BD028928E-LeaderElection130: begin an election at term 117 for -1: [f581660d-af3d-4f5f-b57d-f4cb54f048b9:192.168.164.239:42501, f5624850-682f-4ec5-bb5c-f79627fc299e:192.168.164.239:39499, 14091fe6-d183-4b46-be93-2ba964a39c73:192.168.164.239:34827], old=null
2019-10-15 16:29:50,200 [f5624850-682f-4ec5-bb5c-f79627fc299e@group-C25BD028928E-LeaderElection130] INFO  impl.LeaderElection (LogUtils.java:infoOrTrace(149)) - f5624850-682f-4ec5-bb5c-f79627fc299e@group-C25BD028928E-LeaderElection130 got exception when requesting votes: {}
java.util.concurrent.ExecutionException: org.apache.ratis.thirdparty.io.grpc.StatusRuntimeException: UNAVAILABLE: io exception
	at java.util.concurrent.FutureTask.report(FutureTask.java:122)
	at java.util.concurrent.FutureTask.get(FutureTask.java:192)
	at org.apache.ratis.server.impl.LeaderElection.waitForResults(LeaderElection.java:259)
	at org.apache.ratis.server.impl.LeaderElection.askForVotes(LeaderElection.java:197)
	at org.apache.ratis.server.impl.LeaderElection.run(LeaderElection.java:133)
	at java.lang.Thread.run(Thread.java:748)
Caused by: org.apache.ratis.thirdparty.io.grpc.StatusRuntimeException: UNAVAILABLE: io exception
	at org.apache.ratis.thirdparty.io.grpc.stub.ClientCalls.toStatusRuntimeException(ClientCalls.java:233)
	at org.apache.ratis.thirdparty.io.grpc.stub.ClientCalls.getUnchecked(ClientCalls.java:214)
	at org.apache.ratis.thirdparty.io.grpc.stub.ClientCalls.blockingUnaryCall(ClientCalls.java:139)
	at org.apache.ratis.proto.grpc.RaftServerProtocolServiceGrpc$RaftServerProtocolServiceBlockingStub.requestVote(RaftServerProtocolServiceGrpc.java:265)
	at org.apache.ratis.grpc.server.GrpcServerProtocolClient.requestVote(GrpcServerProtocolClient.java:99)
	at org.apache.ratis.grpc.server.GrpcService.requestVote(GrpcService.java:204)
	at org.apache.ratis.server.impl.LeaderElection.lambda$submitRequests$1(LeaderElection.java:234)
	at java.util.concurrent.FutureTask.run(FutureTask.java:266)
	at java.util.concurrent.Executors$RunnableAdapter.call(Executors.java:511)
	at java.util.concurrent.FutureTask.run(FutureTask.java:266)
	at java.util.concurrent.ThreadPoolExecutor.runWorker(ThreadPoolExecutor.java:1149)
	at java.util.concurrent.ThreadPoolExecutor$Worker.run(ThreadPoolExecutor.java:624)
	... 1 more
Caused by: org.apache.ratis.thirdparty.io.netty.channel.AbstractChannel$AnnotatedConnectException: Connection refused: /192.168.164.239:42501
	at sun.nio.ch.SocketChannelImpl.checkConnect(Native Method)
	at sun.nio.ch.SocketChannelImpl.finishConnect(SocketChannelImpl.java:717)
	at org.apache.ratis.thirdparty.io.netty.channel.socket.nio.NioSocketChannel.doFinishConnect(NioSocketChannel.java:327)
	at org.apache.ratis.thirdparty.io.netty.channel.nio.AbstractNioChannel$AbstractNioUnsafe.finishConnect(AbstractNioChannel.java:340)
	at org.apache.ratis.thirdparty.io.netty.channel.nio.NioEventLoop.processSelectedKey(NioEventLoop.java:632)
	at org.apache.ratis.thirdparty.io.netty.channel.nio.NioEventLoop.processSelectedKeysOptimized(NioEventLoop.java:579)
	at org.apache.ratis.thirdparty.io.netty.channel.nio.NioEventLoop.processSelectedKeys(NioEventLoop.java:496)
	at org.apache.ratis.thirdparty.io.netty.channel.nio.NioEventLoop.run(NioEventLoop.java:458)
	at org.apache.ratis.thirdparty.io.netty.util.concurrent.SingleThreadEventExecutor$5.run(SingleThreadEventExecutor.java:897)
	at org.apache.ratis.thirdparty.io.netty.util.concurrent.FastThreadLocalRunnable.run(FastThreadLocalRunnable.java:30)
	... 1 more
Caused by: java.net.ConnectException: Connection refused
	... 11 more
2019-10-15 16:29:50,204 [grpc-default-executor-11] INFO  impl.RaftServerImpl (RaftServerImpl.java:setRole(184)) - 14091fe6-d183-4b46-be93-2ba964a39c73@group-C25BD028928E: changes role from  FOLLOWER to FOLLOWER at term 117 for recognizeCandidate:f5624850-682f-4ec5-bb5c-f79627fc299e
2019-10-15 16:29:50,204 [grpc-default-executor-11] INFO  impl.RoleInfo (RoleInfo.java:shutdownFollowerState(121)) - 14091fe6-d183-4b46-be93-2ba964a39c73: shutdown FollowerState
2019-10-15 16:29:50,204 [grpc-default-executor-11] INFO  impl.RoleInfo (RoleInfo.java:updateAndGet(143)) - 14091fe6-d183-4b46-be93-2ba964a39c73: start FollowerState
2019-10-15 16:29:50,204 [Thread-1349] INFO  impl.FollowerState (FollowerState.java:run(117)) - 14091fe6-d183-4b46-be93-2ba964a39c73@group-C25BD028928E-FollowerState was interrupted: java.lang.InterruptedException: sleep interrupted
2019-10-15 16:29:50,228 [f5624850-682f-4ec5-bb5c-f79627fc299e@group-C25BD028928E-LeaderElection130] INFO  impl.LeaderElection (LeaderElection.java:logAndReturn(56)) - f5624850-682f-4ec5-bb5c-f79627fc299e@group-C25BD028928E-LeaderElection130: Election REJECTED; received 1 response(s) [f5624850-682f-4ec5-bb5c-f79627fc299e<-14091fe6-d183-4b46-be93-2ba964a39c73#0:FAIL-t117] and 1 exception(s); f5624850-682f-4ec5-bb5c-f79627fc299e@group-C25BD028928E:t117, leader=null, voted=f5624850-682f-4ec5-bb5c-f79627fc299e, raftlog=f5624850-682f-4ec5-bb5c-f79627fc299e@group-C25BD028928E-SegmentedRaftLog:OPENED:c-1,f-1,i0, conf=-1: [f581660d-af3d-4f5f-b57d-f4cb54f048b9:192.168.164.239:42501, f5624850-682f-4ec5-bb5c-f79627fc299e:192.168.164.239:39499, 14091fe6-d183-4b46-be93-2ba964a39c73:192.168.164.239:34827], old=null
2019-10-15 16:29:50,228 [f5624850-682f-4ec5-bb5c-f79627fc299e@group-C25BD028928E-LeaderElection130] INFO  impl.LeaderElection (LogUtils.java:infoOrTrace(149)) -   Exception 0: {}
java.util.concurrent.ExecutionException: org.apache.ratis.thirdparty.io.grpc.StatusRuntimeException: UNAVAILABLE: io exception
	at java.util.concurrent.FutureTask.report(FutureTask.java:122)
	at java.util.concurrent.FutureTask.get(FutureTask.java:192)
	at org.apache.ratis.server.impl.LeaderElection.waitForResults(LeaderElection.java:259)
	at org.apache.ratis.server.impl.LeaderElection.askForVotes(LeaderElection.java:197)
	at org.apache.ratis.server.impl.LeaderElection.run(LeaderElection.java:133)
	at java.lang.Thread.run(Thread.java:748)
Caused by: org.apache.ratis.thirdparty.io.grpc.StatusRuntimeException: UNAVAILABLE: io exception
	at org.apache.ratis.thirdparty.io.grpc.stub.ClientCalls.toStatusRuntimeException(ClientCalls.java:233)
	at org.apache.ratis.thirdparty.io.grpc.stub.ClientCalls.getUnchecked(ClientCalls.java:214)
	at org.apache.ratis.thirdparty.io.grpc.stub.ClientCalls.blockingUnaryCall(ClientCalls.java:139)
	at org.apache.ratis.proto.grpc.RaftServerProtocolServiceGrpc$RaftServerProtocolServiceBlockingStub.requestVote(RaftServerProtocolServiceGrpc.java:265)
	at org.apache.ratis.grpc.server.GrpcServerProtocolClient.requestVote(GrpcServerProtocolClient.java:99)
	at org.apache.ratis.grpc.server.GrpcService.requestVote(GrpcService.java:204)
	at org.apache.ratis.server.impl.LeaderElection.lambda$submitRequests$1(LeaderElection.java:234)
	at java.util.concurrent.FutureTask.run(FutureTask.java:266)
	at java.util.concurrent.Executors$RunnableAdapter.call(Executors.java:511)
	at java.util.concurrent.FutureTask.run(FutureTask.java:266)
	at java.util.concurrent.ThreadPoolExecutor.runWorker(ThreadPoolExecutor.java:1149)
	at java.util.concurrent.ThreadPoolExecutor$Worker.run(ThreadPoolExecutor.java:624)
	... 1 more
Caused by: org.apache.ratis.thirdparty.io.netty.channel.AbstractChannel$AnnotatedConnectException: Connection refused: /192.168.164.239:42501
	at sun.nio.ch.SocketChannelImpl.checkConnect(Native Method)
	at sun.nio.ch.SocketChannelImpl.finishConnect(SocketChannelImpl.java:717)
	at org.apache.ratis.thirdparty.io.netty.channel.socket.nio.NioSocketChannel.doFinishConnect(NioSocketChannel.java:327)
	at org.apache.ratis.thirdparty.io.netty.channel.nio.AbstractNioChannel$AbstractNioUnsafe.finishConnect(AbstractNioChannel.java:340)
	at org.apache.ratis.thirdparty.io.netty.channel.nio.NioEventLoop.processSelectedKey(NioEventLoop.java:632)
	at org.apache.ratis.thirdparty.io.netty.channel.nio.NioEventLoop.processSelectedKeysOptimized(NioEventLoop.java:579)
	at org.apache.ratis.thirdparty.io.netty.channel.nio.NioEventLoop.processSelectedKeys(NioEventLoop.java:496)
	at org.apache.ratis.thirdparty.io.netty.channel.nio.NioEventLoop.run(NioEventLoop.java:458)
	at org.apache.ratis.thirdparty.io.netty.util.concurrent.SingleThreadEventExecutor$5.run(SingleThreadEventExecutor.java:897)
	at org.apache.ratis.thirdparty.io.netty.util.concurrent.FastThreadLocalRunnable.run(FastThreadLocalRunnable.java:30)
	... 1 more
Caused by: java.net.ConnectException: Connection refused
	... 11 more
2019-10-15 16:29:50,228 [f5624850-682f-4ec5-bb5c-f79627fc299e@group-C25BD028928E-LeaderElection130] INFO  impl.RaftServerImpl (RaftServerImpl.java:setRole(184)) - f5624850-682f-4ec5-bb5c-f79627fc299e@group-C25BD028928E: changes role from CANDIDATE to FOLLOWER at term 117 for DISCOVERED_A_NEW_TERM
2019-10-15 16:29:50,228 [f5624850-682f-4ec5-bb5c-f79627fc299e@group-C25BD028928E-LeaderElection130] INFO  impl.RoleInfo (RoleInfo.java:shutdownLeaderElection(134)) - f5624850-682f-4ec5-bb5c-f79627fc299e: shutdown LeaderElection
2019-10-15 16:29:50,228 [f5624850-682f-4ec5-bb5c-f79627fc299e@group-C25BD028928E-LeaderElection130] INFO  impl.RoleInfo (RoleInfo.java:updateAndGet(143)) - f5624850-682f-4ec5-bb5c-f79627fc299e: start FollowerState
2019-10-15 16:29:50,262 [Thread-1358] INFO  impl.FollowerState (FollowerState.java:run(108)) - f5624850-682f-4ec5-bb5c-f79627fc299e@group-C25BD028928E-FollowerState: change to CANDIDATE, lastRpcTime:33ms, electionTimeout:33ms
2019-10-15 16:29:50,262 [Thread-1358] INFO  impl.RoleInfo (RoleInfo.java:shutdownFollowerState(121)) - f5624850-682f-4ec5-bb5c-f79627fc299e: shutdown FollowerState
2019-10-15 16:29:50,262 [Thread-1358] INFO  impl.RaftServerImpl (RaftServerImpl.java:setRole(184)) - f5624850-682f-4ec5-bb5c-f79627fc299e@group-C25BD028928E: changes role from  FOLLOWER to CANDIDATE at term 117 for changeToCandidate
2019-10-15 16:29:50,262 [Thread-1358] INFO  impl.RoleInfo (RoleInfo.java:updateAndGet(143)) - f5624850-682f-4ec5-bb5c-f79627fc299e: start LeaderElection
2019-10-15 16:29:50,285 [f5624850-682f-4ec5-bb5c-f79627fc299e@group-C25BD028928E-LeaderElection131] INFO  impl.LeaderElection (LeaderElection.java:askForVotes(178)) - f5624850-682f-4ec5-bb5c-f79627fc299e@group-C25BD028928E-LeaderElection131: begin an election at term 118 for -1: [f581660d-af3d-4f5f-b57d-f4cb54f048b9:192.168.164.239:42501, f5624850-682f-4ec5-bb5c-f79627fc299e:192.168.164.239:39499, 14091fe6-d183-4b46-be93-2ba964a39c73:192.168.164.239:34827], old=null
2019-10-15 16:29:50,286 [f5624850-682f-4ec5-bb5c-f79627fc299e@group-C25BD028928E-LeaderElection131] INFO  impl.LeaderElection (LogUtils.java:infoOrTrace(149)) - f5624850-682f-4ec5-bb5c-f79627fc299e@group-C25BD028928E-LeaderElection131 got exception when requesting votes: {}
java.util.concurrent.ExecutionException: org.apache.ratis.thirdparty.io.grpc.StatusRuntimeException: UNAVAILABLE: io exception
	at java.util.concurrent.FutureTask.report(FutureTask.java:122)
	at java.util.concurrent.FutureTask.get(FutureTask.java:192)
	at org.apache.ratis.server.impl.LeaderElection.waitForResults(LeaderElection.java:259)
	at org.apache.ratis.server.impl.LeaderElection.askForVotes(LeaderElection.java:197)
	at org.apache.ratis.server.impl.LeaderElection.run(LeaderElection.java:133)
	at java.lang.Thread.run(Thread.java:748)
Caused by: org.apache.ratis.thirdparty.io.grpc.StatusRuntimeException: UNAVAILABLE: io exception
	at org.apache.ratis.thirdparty.io.grpc.stub.ClientCalls.toStatusRuntimeException(ClientCalls.java:233)
	at org.apache.ratis.thirdparty.io.grpc.stub.ClientCalls.getUnchecked(ClientCalls.java:214)
	at org.apache.ratis.thirdparty.io.grpc.stub.ClientCalls.blockingUnaryCall(ClientCalls.java:139)
	at org.apache.ratis.proto.grpc.RaftServerProtocolServiceGrpc$RaftServerProtocolServiceBlockingStub.requestVote(RaftServerProtocolServiceGrpc.java:265)
	at org.apache.ratis.grpc.server.GrpcServerProtocolClient.requestVote(GrpcServerProtocolClient.java:99)
	at org.apache.ratis.grpc.server.GrpcService.requestVote(GrpcService.java:204)
	at org.apache.ratis.server.impl.LeaderElection.lambda$submitRequests$1(LeaderElection.java:234)
	at java.util.concurrent.FutureTask.run(FutureTask.java:266)
	at java.util.concurrent.Executors$RunnableAdapter.call(Executors.java:511)
	at java.util.concurrent.FutureTask.run(FutureTask.java:266)
	at java.util.concurrent.ThreadPoolExecutor.runWorker(ThreadPoolExecutor.java:1149)
	at java.util.concurrent.ThreadPoolExecutor$Worker.run(ThreadPoolExecutor.java:624)
	... 1 more
Caused by: org.apache.ratis.thirdparty.io.netty.channel.AbstractChannel$AnnotatedConnectException: Connection refused: /192.168.164.239:42501
	at sun.nio.ch.SocketChannelImpl.checkConnect(Native Method)
	at sun.nio.ch.SocketChannelImpl.finishConnect(SocketChannelImpl.java:717)
	at org.apache.ratis.thirdparty.io.netty.channel.socket.nio.NioSocketChannel.doFinishConnect(NioSocketChannel.java:327)
	at org.apache.ratis.thirdparty.io.netty.channel.nio.AbstractNioChannel$AbstractNioUnsafe.finishConnect(AbstractNioChannel.java:340)
	at org.apache.ratis.thirdparty.io.netty.channel.nio.NioEventLoop.processSelectedKey(NioEventLoop.java:632)
	at org.apache.ratis.thirdparty.io.netty.channel.nio.NioEventLoop.processSelectedKeysOptimized(NioEventLoop.java:579)
	at org.apache.ratis.thirdparty.io.netty.channel.nio.NioEventLoop.processSelectedKeys(NioEventLoop.java:496)
	at org.apache.ratis.thirdparty.io.netty.channel.nio.NioEventLoop.run(NioEventLoop.java:458)
	at org.apache.ratis.thirdparty.io.netty.util.concurrent.SingleThreadEventExecutor$5.run(SingleThreadEventExecutor.java:897)
	at org.apache.ratis.thirdparty.io.netty.util.concurrent.FastThreadLocalRunnable.run(FastThreadLocalRunnable.java:30)
	... 1 more
Caused by: java.net.ConnectException: Connection refused
	... 11 more
2019-10-15 16:29:50,290 [grpc-default-executor-11] INFO  impl.RaftServerImpl (RaftServerImpl.java:setRole(184)) - 14091fe6-d183-4b46-be93-2ba964a39c73@group-C25BD028928E: changes role from  FOLLOWER to FOLLOWER at term 118 for recognizeCandidate:f5624850-682f-4ec5-bb5c-f79627fc299e
2019-10-15 16:29:50,290 [grpc-default-executor-11] INFO  impl.RoleInfo (RoleInfo.java:shutdownFollowerState(121)) - 14091fe6-d183-4b46-be93-2ba964a39c73: shutdown FollowerState
2019-10-15 16:29:50,290 [grpc-default-executor-11] INFO  impl.RoleInfo (RoleInfo.java:updateAndGet(143)) - 14091fe6-d183-4b46-be93-2ba964a39c73: start FollowerState
2019-10-15 16:29:50,290 [Thread-1357] INFO  impl.FollowerState (FollowerState.java:run(117)) - 14091fe6-d183-4b46-be93-2ba964a39c73@group-C25BD028928E-FollowerState was interrupted: java.lang.InterruptedException: sleep interrupted
2019-10-15 16:29:50,315 [f5624850-682f-4ec5-bb5c-f79627fc299e@group-C25BD028928E-LeaderElection131] INFO  impl.LeaderElection (LeaderElection.java:logAndReturn(56)) - f5624850-682f-4ec5-bb5c-f79627fc299e@group-C25BD028928E-LeaderElection131: Election REJECTED; received 1 response(s) [f5624850-682f-4ec5-bb5c-f79627fc299e<-14091fe6-d183-4b46-be93-2ba964a39c73#0:FAIL-t118] and 1 exception(s); f5624850-682f-4ec5-bb5c-f79627fc299e@group-C25BD028928E:t118, leader=null, voted=f5624850-682f-4ec5-bb5c-f79627fc299e, raftlog=f5624850-682f-4ec5-bb5c-f79627fc299e@group-C25BD028928E-SegmentedRaftLog:OPENED:c-1,f-1,i0, conf=-1: [f581660d-af3d-4f5f-b57d-f4cb54f048b9:192.168.164.239:42501, f5624850-682f-4ec5-bb5c-f79627fc299e:192.168.164.239:39499, 14091fe6-d183-4b46-be93-2ba964a39c73:192.168.164.239:34827], old=null
2019-10-15 16:29:50,315 [f5624850-682f-4ec5-bb5c-f79627fc299e@group-C25BD028928E-LeaderElection131] INFO  impl.LeaderElection (LogUtils.java:infoOrTrace(149)) -   Exception 0: {}
java.util.concurrent.ExecutionException: org.apache.ratis.thirdparty.io.grpc.StatusRuntimeException: UNAVAILABLE: io exception
	at java.util.concurrent.FutureTask.report(FutureTask.java:122)
	at java.util.concurrent.FutureTask.get(FutureTask.java:192)
	at org.apache.ratis.server.impl.LeaderElection.waitForResults(LeaderElection.java:259)
	at org.apache.ratis.server.impl.LeaderElection.askForVotes(LeaderElection.java:197)
	at org.apache.ratis.server.impl.LeaderElection.run(LeaderElection.java:133)
	at java.lang.Thread.run(Thread.java:748)
Caused by: org.apache.ratis.thirdparty.io.grpc.StatusRuntimeException: UNAVAILABLE: io exception
	at org.apache.ratis.thirdparty.io.grpc.stub.ClientCalls.toStatusRuntimeException(ClientCalls.java:233)
	at org.apache.ratis.thirdparty.io.grpc.stub.ClientCalls.getUnchecked(ClientCalls.java:214)
	at org.apache.ratis.thirdparty.io.grpc.stub.ClientCalls.blockingUnaryCall(ClientCalls.java:139)
	at org.apache.ratis.proto.grpc.RaftServerProtocolServiceGrpc$RaftServerProtocolServiceBlockingStub.requestVote(RaftServerProtocolServiceGrpc.java:265)
	at org.apache.ratis.grpc.server.GrpcServerProtocolClient.requestVote(GrpcServerProtocolClient.java:99)
	at org.apache.ratis.grpc.server.GrpcService.requestVote(GrpcService.java:204)
	at org.apache.ratis.server.impl.LeaderElection.lambda$submitRequests$1(LeaderElection.java:234)
	at java.util.concurrent.FutureTask.run(FutureTask.java:266)
	at java.util.concurrent.Executors$RunnableAdapter.call(Executors.java:511)
	at java.util.concurrent.FutureTask.run(FutureTask.java:266)
	at java.util.concurrent.ThreadPoolExecutor.runWorker(ThreadPoolExecutor.java:1149)
	at java.util.concurrent.ThreadPoolExecutor$Worker.run(ThreadPoolExecutor.java:624)
	... 1 more
Caused by: org.apache.ratis.thirdparty.io.netty.channel.AbstractChannel$AnnotatedConnectException: Connection refused: /192.168.164.239:42501
	at sun.nio.ch.SocketChannelImpl.checkConnect(Native Method)
	at sun.nio.ch.SocketChannelImpl.finishConnect(SocketChannelImpl.java:717)
	at org.apache.ratis.thirdparty.io.netty.channel.socket.nio.NioSocketChannel.doFinishConnect(NioSocketChannel.java:327)
	at org.apache.ratis.thirdparty.io.netty.channel.nio.AbstractNioChannel$AbstractNioUnsafe.finishConnect(AbstractNioChannel.java:340)
	at org.apache.ratis.thirdparty.io.netty.channel.nio.NioEventLoop.processSelectedKey(NioEventLoop.java:632)
	at org.apache.ratis.thirdparty.io.netty.channel.nio.NioEventLoop.processSelectedKeysOptimized(NioEventLoop.java:579)
	at org.apache.ratis.thirdparty.io.netty.channel.nio.NioEventLoop.processSelectedKeys(NioEventLoop.java:496)
	at org.apache.ratis.thirdparty.io.netty.channel.nio.NioEventLoop.run(NioEventLoop.java:458)
	at org.apache.ratis.thirdparty.io.netty.util.concurrent.SingleThreadEventExecutor$5.run(SingleThreadEventExecutor.java:897)
	at org.apache.ratis.thirdparty.io.netty.util.concurrent.FastThreadLocalRunnable.run(FastThreadLocalRunnable.java:30)
	... 1 more
Caused by: java.net.ConnectException: Connection refused
	... 11 more
2019-10-15 16:29:50,316 [f5624850-682f-4ec5-bb5c-f79627fc299e@group-C25BD028928E-LeaderElection131] INFO  impl.RaftServerImpl (RaftServerImpl.java:setRole(184)) - f5624850-682f-4ec5-bb5c-f79627fc299e@group-C25BD028928E: changes role from CANDIDATE to FOLLOWER at term 118 for DISCOVERED_A_NEW_TERM
2019-10-15 16:29:50,316 [f5624850-682f-4ec5-bb5c-f79627fc299e@group-C25BD028928E-LeaderElection131] INFO  impl.RoleInfo (RoleInfo.java:shutdownLeaderElection(134)) - f5624850-682f-4ec5-bb5c-f79627fc299e: shutdown LeaderElection
2019-10-15 16:29:50,316 [f5624850-682f-4ec5-bb5c-f79627fc299e@group-C25BD028928E-LeaderElection131] INFO  impl.RoleInfo (RoleInfo.java:updateAndGet(143)) - f5624850-682f-4ec5-bb5c-f79627fc299e: start FollowerState
2019-10-15 16:29:50,395 [Thread-1363] INFO  impl.FollowerState (FollowerState.java:run(108)) - f5624850-682f-4ec5-bb5c-f79627fc299e@group-C25BD028928E-FollowerState: change to CANDIDATE, lastRpcTime:78ms, electionTimeout:78ms
2019-10-15 16:29:50,395 [Thread-1363] INFO  impl.RoleInfo (RoleInfo.java:shutdownFollowerState(121)) - f5624850-682f-4ec5-bb5c-f79627fc299e: shutdown FollowerState
2019-10-15 16:29:50,395 [Thread-1363] INFO  impl.RaftServerImpl (RaftServerImpl.java:setRole(184)) - f5624850-682f-4ec5-bb5c-f79627fc299e@group-C25BD028928E: changes role from  FOLLOWER to CANDIDATE at term 118 for changeToCandidate
2019-10-15 16:29:50,395 [Thread-1363] INFO  impl.RoleInfo (RoleInfo.java:updateAndGet(143)) - f5624850-682f-4ec5-bb5c-f79627fc299e: start LeaderElection
2019-10-15 16:29:50,421 [f5624850-682f-4ec5-bb5c-f79627fc299e@group-C25BD028928E-LeaderElection132] INFO  impl.LeaderElection (LeaderElection.java:askForVotes(178)) - f5624850-682f-4ec5-bb5c-f79627fc299e@group-C25BD028928E-LeaderElection132: begin an election at term 119 for -1: [f581660d-af3d-4f5f-b57d-f4cb54f048b9:192.168.164.239:42501, f5624850-682f-4ec5-bb5c-f79627fc299e:192.168.164.239:39499, 14091fe6-d183-4b46-be93-2ba964a39c73:192.168.164.239:34827], old=null
2019-10-15 16:29:50,422 [f5624850-682f-4ec5-bb5c-f79627fc299e@group-C25BD028928E-LeaderElection132] INFO  impl.LeaderElection (LogUtils.java:infoOrTrace(149)) - f5624850-682f-4ec5-bb5c-f79627fc299e@group-C25BD028928E-LeaderElection132 got exception when requesting votes: {}
java.util.concurrent.ExecutionException: org.apache.ratis.thirdparty.io.grpc.StatusRuntimeException: UNAVAILABLE: io exception
	at java.util.concurrent.FutureTask.report(FutureTask.java:122)
	at java.util.concurrent.FutureTask.get(FutureTask.java:192)
	at org.apache.ratis.server.impl.LeaderElection.waitForResults(LeaderElection.java:259)
	at org.apache.ratis.server.impl.LeaderElection.askForVotes(LeaderElection.java:197)
	at org.apache.ratis.server.impl.LeaderElection.run(LeaderElection.java:133)
	at java.lang.Thread.run(Thread.java:748)
Caused by: org.apache.ratis.thirdparty.io.grpc.StatusRuntimeException: UNAVAILABLE: io exception
	at org.apache.ratis.thirdparty.io.grpc.stub.ClientCalls.toStatusRuntimeException(ClientCalls.java:233)
	at org.apache.ratis.thirdparty.io.grpc.stub.ClientCalls.getUnchecked(ClientCalls.java:214)
	at org.apache.ratis.thirdparty.io.grpc.stub.ClientCalls.blockingUnaryCall(ClientCalls.java:139)
	at org.apache.ratis.proto.grpc.RaftServerProtocolServiceGrpc$RaftServerProtocolServiceBlockingStub.requestVote(RaftServerProtocolServiceGrpc.java:265)
	at org.apache.ratis.grpc.server.GrpcServerProtocolClient.requestVote(GrpcServerProtocolClient.java:99)
	at org.apache.ratis.grpc.server.GrpcService.requestVote(GrpcService.java:204)
	at org.apache.ratis.server.impl.LeaderElection.lambda$submitRequests$1(LeaderElection.java:234)
	at java.util.concurrent.FutureTask.run(FutureTask.java:266)
	at java.util.concurrent.Executors$RunnableAdapter.call(Executors.java:511)
	at java.util.concurrent.FutureTask.run(FutureTask.java:266)
	at java.util.concurrent.ThreadPoolExecutor.runWorker(ThreadPoolExecutor.java:1149)
	at java.util.concurrent.ThreadPoolExecutor$Worker.run(ThreadPoolExecutor.java:624)
	... 1 more
Caused by: org.apache.ratis.thirdparty.io.netty.channel.AbstractChannel$AnnotatedConnectException: Connection refused: /192.168.164.239:42501
	at sun.nio.ch.SocketChannelImpl.checkConnect(Native Method)
	at sun.nio.ch.SocketChannelImpl.finishConnect(SocketChannelImpl.java:717)
	at org.apache.ratis.thirdparty.io.netty.channel.socket.nio.NioSocketChannel.doFinishConnect(NioSocketChannel.java:327)
	at org.apache.ratis.thirdparty.io.netty.channel.nio.AbstractNioChannel$AbstractNioUnsafe.finishConnect(AbstractNioChannel.java:340)
	at org.apache.ratis.thirdparty.io.netty.channel.nio.NioEventLoop.processSelectedKey(NioEventLoop.java:632)
	at org.apache.ratis.thirdparty.io.netty.channel.nio.NioEventLoop.processSelectedKeysOptimized(NioEventLoop.java:579)
	at org.apache.ratis.thirdparty.io.netty.channel.nio.NioEventLoop.processSelectedKeys(NioEventLoop.java:496)
	at org.apache.ratis.thirdparty.io.netty.channel.nio.NioEventLoop.run(NioEventLoop.java:458)
	at org.apache.ratis.thirdparty.io.netty.util.concurrent.SingleThreadEventExecutor$5.run(SingleThreadEventExecutor.java:897)
	at org.apache.ratis.thirdparty.io.netty.util.concurrent.FastThreadLocalRunnable.run(FastThreadLocalRunnable.java:30)
	... 1 more
Caused by: java.net.ConnectException: Connection refused
	... 11 more
2019-10-15 16:29:50,425 [grpc-default-executor-11] INFO  impl.RaftServerImpl (RaftServerImpl.java:setRole(184)) - 14091fe6-d183-4b46-be93-2ba964a39c73@group-C25BD028928E: changes role from  FOLLOWER to FOLLOWER at term 119 for recognizeCandidate:f5624850-682f-4ec5-bb5c-f79627fc299e
2019-10-15 16:29:50,426 [grpc-default-executor-11] INFO  impl.RoleInfo (RoleInfo.java:shutdownFollowerState(121)) - 14091fe6-d183-4b46-be93-2ba964a39c73: shutdown FollowerState
2019-10-15 16:29:50,426 [grpc-default-executor-11] INFO  impl.RoleInfo (RoleInfo.java:updateAndGet(143)) - 14091fe6-d183-4b46-be93-2ba964a39c73: start FollowerState
2019-10-15 16:29:50,426 [Thread-1362] INFO  impl.FollowerState (FollowerState.java:run(117)) - 14091fe6-d183-4b46-be93-2ba964a39c73@group-C25BD028928E-FollowerState was interrupted: java.lang.InterruptedException: sleep interrupted
2019-10-15 16:29:50,428 [f5624850-682f-4ec5-bb5c-f79627fc299e@group-C25BD028928E-LeaderElection132] INFO  impl.LeaderElection (LeaderElection.java:logAndReturn(56)) - f5624850-682f-4ec5-bb5c-f79627fc299e@group-C25BD028928E-LeaderElection132: Election TIMEOUT; received 0 response(s) [] and 1 exception(s); f5624850-682f-4ec5-bb5c-f79627fc299e@group-C25BD028928E:t119, leader=null, voted=f5624850-682f-4ec5-bb5c-f79627fc299e, raftlog=f5624850-682f-4ec5-bb5c-f79627fc299e@group-C25BD028928E-SegmentedRaftLog:OPENED:c-1,f-1,i0, conf=-1: [f581660d-af3d-4f5f-b57d-f4cb54f048b9:192.168.164.239:42501, f5624850-682f-4ec5-bb5c-f79627fc299e:192.168.164.239:39499, 14091fe6-d183-4b46-be93-2ba964a39c73:192.168.164.239:34827], old=null
2019-10-15 16:29:50,428 [f5624850-682f-4ec5-bb5c-f79627fc299e@group-C25BD028928E-LeaderElection132] INFO  impl.LeaderElection (LogUtils.java:infoOrTrace(149)) -   Exception 0: {}
java.util.concurrent.ExecutionException: org.apache.ratis.thirdparty.io.grpc.StatusRuntimeException: UNAVAILABLE: io exception
	at java.util.concurrent.FutureTask.report(FutureTask.java:122)
	at java.util.concurrent.FutureTask.get(FutureTask.java:192)
	at org.apache.ratis.server.impl.LeaderElection.waitForResults(LeaderElection.java:259)
	at org.apache.ratis.server.impl.LeaderElection.askForVotes(LeaderElection.java:197)
	at org.apache.ratis.server.impl.LeaderElection.run(LeaderElection.java:133)
	at java.lang.Thread.run(Thread.java:748)
Caused by: org.apache.ratis.thirdparty.io.grpc.StatusRuntimeException: UNAVAILABLE: io exception
	at org.apache.ratis.thirdparty.io.grpc.stub.ClientCalls.toStatusRuntimeException(ClientCalls.java:233)
	at org.apache.ratis.thirdparty.io.grpc.stub.ClientCalls.getUnchecked(ClientCalls.java:214)
	at org.apache.ratis.thirdparty.io.grpc.stub.ClientCalls.blockingUnaryCall(ClientCalls.java:139)
	at org.apache.ratis.proto.grpc.RaftServerProtocolServiceGrpc$RaftServerProtocolServiceBlockingStub.requestVote(RaftServerProtocolServiceGrpc.java:265)
	at org.apache.ratis.grpc.server.GrpcServerProtocolClient.requestVote(GrpcServerProtocolClient.java:99)
	at org.apache.ratis.grpc.server.GrpcService.requestVote(GrpcService.java:204)
	at org.apache.ratis.server.impl.LeaderElection.lambda$submitRequests$1(LeaderElection.java:234)
	at java.util.concurrent.FutureTask.run(FutureTask.java:266)
	at java.util.concurrent.Executors$RunnableAdapter.call(Executors.java:511)
	at java.util.concurrent.FutureTask.run(FutureTask.java:266)
	at java.util.concurrent.ThreadPoolExecutor.runWorker(ThreadPoolExecutor.java:1149)
	at java.util.concurrent.ThreadPoolExecutor$Worker.run(ThreadPoolExecutor.java:624)
	... 1 more
Caused by: org.apache.ratis.thirdparty.io.netty.channel.AbstractChannel$AnnotatedConnectException: Connection refused: /192.168.164.239:42501
	at sun.nio.ch.SocketChannelImpl.checkConnect(Native Method)
	at sun.nio.ch.SocketChannelImpl.finishConnect(SocketChannelImpl.java:717)
	at org.apache.ratis.thirdparty.io.netty.channel.socket.nio.NioSocketChannel.doFinishConnect(NioSocketChannel.java:327)
	at org.apache.ratis.thirdparty.io.netty.channel.nio.AbstractNioChannel$AbstractNioUnsafe.finishConnect(AbstractNioChannel.java:340)
	at org.apache.ratis.thirdparty.io.netty.channel.nio.NioEventLoop.processSelectedKey(NioEventLoop.java:632)
	at org.apache.ratis.thirdparty.io.netty.channel.nio.NioEventLoop.processSelectedKeysOptimized(NioEventLoop.java:579)
	at org.apache.ratis.thirdparty.io.netty.channel.nio.NioEventLoop.processSelectedKeys(NioEventLoop.java:496)
	at org.apache.ratis.thirdparty.io.netty.channel.nio.NioEventLoop.run(NioEventLoop.java:458)
	at org.apache.ratis.thirdparty.io.netty.util.concurrent.SingleThreadEventExecutor$5.run(SingleThreadEventExecutor.java:897)
	at org.apache.ratis.thirdparty.io.netty.util.concurrent.FastThreadLocalRunnable.run(FastThreadLocalRunnable.java:30)
	... 1 more
Caused by: java.net.ConnectException: Connection refused
	... 11 more
2019-10-15 16:29:50,451 [f5624850-682f-4ec5-bb5c-f79627fc299e@group-C25BD028928E-LeaderElection132] INFO  impl.LeaderElection (LeaderElection.java:askForVotes(178)) - f5624850-682f-4ec5-bb5c-f79627fc299e@group-C25BD028928E-LeaderElection132: begin an election at term 120 for -1: [f581660d-af3d-4f5f-b57d-f4cb54f048b9:192.168.164.239:42501, f5624850-682f-4ec5-bb5c-f79627fc299e:192.168.164.239:39499, 14091fe6-d183-4b46-be93-2ba964a39c73:192.168.164.239:34827], old=null
2019-10-15 16:29:50,452 [f5624850-682f-4ec5-bb5c-f79627fc299e@group-C25BD028928E-LeaderElection132] INFO  impl.LeaderElection (LogUtils.java:infoOrTrace(149)) - f5624850-682f-4ec5-bb5c-f79627fc299e@group-C25BD028928E-LeaderElection132 got exception when requesting votes: {}
java.util.concurrent.ExecutionException: org.apache.ratis.thirdparty.io.grpc.StatusRuntimeException: UNAVAILABLE: io exception
	at java.util.concurrent.FutureTask.report(FutureTask.java:122)
	at java.util.concurrent.FutureTask.get(FutureTask.java:192)
	at org.apache.ratis.server.impl.LeaderElection.waitForResults(LeaderElection.java:259)
	at org.apache.ratis.server.impl.LeaderElection.askForVotes(LeaderElection.java:197)
	at org.apache.ratis.server.impl.LeaderElection.run(LeaderElection.java:133)
	at java.lang.Thread.run(Thread.java:748)
Caused by: org.apache.ratis.thirdparty.io.grpc.StatusRuntimeException: UNAVAILABLE: io exception
	at org.apache.ratis.thirdparty.io.grpc.stub.ClientCalls.toStatusRuntimeException(ClientCalls.java:233)
	at org.apache.ratis.thirdparty.io.grpc.stub.ClientCalls.getUnchecked(ClientCalls.java:214)
	at org.apache.ratis.thirdparty.io.grpc.stub.ClientCalls.blockingUnaryCall(ClientCalls.java:139)
	at org.apache.ratis.proto.grpc.RaftServerProtocolServiceGrpc$RaftServerProtocolServiceBlockingStub.requestVote(RaftServerProtocolServiceGrpc.java:265)
	at org.apache.ratis.grpc.server.GrpcServerProtocolClient.requestVote(GrpcServerProtocolClient.java:99)
	at org.apache.ratis.grpc.server.GrpcService.requestVote(GrpcService.java:204)
	at org.apache.ratis.server.impl.LeaderElection.lambda$submitRequests$1(LeaderElection.java:234)
	at java.util.concurrent.FutureTask.run(FutureTask.java:266)
	at java.util.concurrent.Executors$RunnableAdapter.call(Executors.java:511)
	at java.util.concurrent.FutureTask.run(FutureTask.java:266)
	at java.util.concurrent.ThreadPoolExecutor.runWorker(ThreadPoolExecutor.java:1149)
	at java.util.concurrent.ThreadPoolExecutor$Worker.run(ThreadPoolExecutor.java:624)
	... 1 more
Caused by: org.apache.ratis.thirdparty.io.netty.channel.AbstractChannel$AnnotatedConnectException: Connection refused: /192.168.164.239:42501
	at sun.nio.ch.SocketChannelImpl.checkConnect(Native Method)
	at sun.nio.ch.SocketChannelImpl.finishConnect(SocketChannelImpl.java:717)
	at org.apache.ratis.thirdparty.io.netty.channel.socket.nio.NioSocketChannel.doFinishConnect(NioSocketChannel.java:327)
	at org.apache.ratis.thirdparty.io.netty.channel.nio.AbstractNioChannel$AbstractNioUnsafe.finishConnect(AbstractNioChannel.java:340)
	at org.apache.ratis.thirdparty.io.netty.channel.nio.NioEventLoop.processSelectedKey(NioEventLoop.java:632)
	at org.apache.ratis.thirdparty.io.netty.channel.nio.NioEventLoop.processSelectedKeysOptimized(NioEventLoop.java:579)
	at org.apache.ratis.thirdparty.io.netty.channel.nio.NioEventLoop.processSelectedKeys(NioEventLoop.java:496)
	at org.apache.ratis.thirdparty.io.netty.channel.nio.NioEventLoop.run(NioEventLoop.java:458)
	at org.apache.ratis.thirdparty.io.netty.util.concurrent.SingleThreadEventExecutor$5.run(SingleThreadEventExecutor.java:897)
	at org.apache.ratis.thirdparty.io.netty.util.concurrent.FastThreadLocalRunnable.run(FastThreadLocalRunnable.java:30)
	... 1 more
Caused by: java.net.ConnectException: Connection refused
	... 11 more
2019-10-15 16:29:50,455 [grpc-default-executor-11] INFO  impl.RaftServerImpl (RaftServerImpl.java:setRole(184)) - 14091fe6-d183-4b46-be93-2ba964a39c73@group-C25BD028928E: changes role from  FOLLOWER to FOLLOWER at term 120 for recognizeCandidate:f5624850-682f-4ec5-bb5c-f79627fc299e
2019-10-15 16:29:50,456 [grpc-default-executor-11] INFO  impl.RoleInfo (RoleInfo.java:shutdownFollowerState(121)) - 14091fe6-d183-4b46-be93-2ba964a39c73: shutdown FollowerState
2019-10-15 16:29:50,456 [grpc-default-executor-11] INFO  impl.RoleInfo (RoleInfo.java:updateAndGet(143)) - 14091fe6-d183-4b46-be93-2ba964a39c73: start FollowerState
2019-10-15 16:29:50,456 [Thread-1367] INFO  impl.FollowerState (FollowerState.java:run(117)) - 14091fe6-d183-4b46-be93-2ba964a39c73@group-C25BD028928E-FollowerState was interrupted: java.lang.InterruptedException: sleep interrupted
2019-10-15 16:29:50,460 [Datanode State Machine Thread - 0] INFO  statemachine.DatanodeStateMachine (DatanodeStateMachine.java:lambda$startDaemon$0(350)) - Ozone container server started.
2019-10-15 16:29:50,488 [f5624850-682f-4ec5-bb5c-f79627fc299e@group-C25BD028928E-LeaderElection132] INFO  impl.LeaderElection (LeaderElection.java:logAndReturn(56)) - f5624850-682f-4ec5-bb5c-f79627fc299e@group-C25BD028928E-LeaderElection132: Election REJECTED; received 1 response(s) [f5624850-682f-4ec5-bb5c-f79627fc299e<-14091fe6-d183-4b46-be93-2ba964a39c73#0:FAIL-t120] and 1 exception(s); f5624850-682f-4ec5-bb5c-f79627fc299e@group-C25BD028928E:t120, leader=null, voted=f5624850-682f-4ec5-bb5c-f79627fc299e, raftlog=f5624850-682f-4ec5-bb5c-f79627fc299e@group-C25BD028928E-SegmentedRaftLog:OPENED:c-1,f-1,i0, conf=-1: [f581660d-af3d-4f5f-b57d-f4cb54f048b9:192.168.164.239:42501, f5624850-682f-4ec5-bb5c-f79627fc299e:192.168.164.239:39499, 14091fe6-d183-4b46-be93-2ba964a39c73:192.168.164.239:34827], old=null
2019-10-15 16:29:50,488 [f5624850-682f-4ec5-bb5c-f79627fc299e@group-C25BD028928E-LeaderElection132] INFO  impl.LeaderElection (LogUtils.java:infoOrTrace(149)) -   Exception 0: {}
java.util.concurrent.ExecutionException: org.apache.ratis.thirdparty.io.grpc.StatusRuntimeException: UNAVAILABLE: io exception
	at java.util.concurrent.FutureTask.report(FutureTask.java:122)
	at java.util.concurrent.FutureTask.get(FutureTask.java:192)
	at org.apache.ratis.server.impl.LeaderElection.waitForResults(LeaderElection.java:259)
	at org.apache.ratis.server.impl.LeaderElection.askForVotes(LeaderElection.java:197)
	at org.apache.ratis.server.impl.LeaderElection.run(LeaderElection.java:133)
	at java.lang.Thread.run(Thread.java:748)
Caused by: org.apache.ratis.thirdparty.io.grpc.StatusRuntimeException: UNAVAILABLE: io exception
	at org.apache.ratis.thirdparty.io.grpc.stub.ClientCalls.toStatusRuntimeException(ClientCalls.java:233)
	at org.apache.ratis.thirdparty.io.grpc.stub.ClientCalls.getUnchecked(ClientCalls.java:214)
	at org.apache.ratis.thirdparty.io.grpc.stub.ClientCalls.blockingUnaryCall(ClientCalls.java:139)
	at org.apache.ratis.proto.grpc.RaftServerProtocolServiceGrpc$RaftServerProtocolServiceBlockingStub.requestVote(RaftServerProtocolServiceGrpc.java:265)
	at org.apache.ratis.grpc.server.GrpcServerProtocolClient.requestVote(GrpcServerProtocolClient.java:99)
	at org.apache.ratis.grpc.server.GrpcService.requestVote(GrpcService.java:204)
	at org.apache.ratis.server.impl.LeaderElection.lambda$submitRequests$1(LeaderElection.java:234)
	at java.util.concurrent.FutureTask.run(FutureTask.java:266)
	at java.util.concurrent.Executors$RunnableAdapter.call(Executors.java:511)
	at java.util.concurrent.FutureTask.run(FutureTask.java:266)
	at java.util.concurrent.ThreadPoolExecutor.runWorker(ThreadPoolExecutor.java:1149)
	at java.util.concurrent.ThreadPoolExecutor$Worker.run(ThreadPoolExecutor.java:624)
	... 1 more
Caused by: org.apache.ratis.thirdparty.io.netty.channel.AbstractChannel$AnnotatedConnectException: Connection refused: /192.168.164.239:42501
	at sun.nio.ch.SocketChannelImpl.checkConnect(Native Method)
	at sun.nio.ch.SocketChannelImpl.finishConnect(SocketChannelImpl.java:717)
	at org.apache.ratis.thirdparty.io.netty.channel.socket.nio.NioSocketChannel.doFinishConnect(NioSocketChannel.java:327)
	at org.apache.ratis.thirdparty.io.netty.channel.nio.AbstractNioChannel$AbstractNioUnsafe.finishConnect(AbstractNioChannel.java:340)
	at org.apache.ratis.thirdparty.io.netty.channel.nio.NioEventLoop.processSelectedKey(NioEventLoop.java:632)
	at org.apache.ratis.thirdparty.io.netty.channel.nio.NioEventLoop.processSelectedKeysOptimized(NioEventLoop.java:579)
	at org.apache.ratis.thirdparty.io.netty.channel.nio.NioEventLoop.processSelectedKeys(NioEventLoop.java:496)
	at org.apache.ratis.thirdparty.io.netty.channel.nio.NioEventLoop.run(NioEventLoop.java:458)
	at org.apache.ratis.thirdparty.io.netty.util.concurrent.SingleThreadEventExecutor$5.run(SingleThreadEventExecutor.java:897)
	at org.apache.ratis.thirdparty.io.netty.util.concurrent.FastThreadLocalRunnable.run(FastThreadLocalRunnable.java:30)
	... 1 more
Caused by: java.net.ConnectException: Connection refused
	... 11 more
2019-10-15 16:29:50,491 [f5624850-682f-4ec5-bb5c-f79627fc299e@group-C25BD028928E-LeaderElection132] INFO  impl.RaftServerImpl (RaftServerImpl.java:setRole(184)) - f5624850-682f-4ec5-bb5c-f79627fc299e@group-C25BD028928E: changes role from CANDIDATE to FOLLOWER at term 120 for DISCOVERED_A_NEW_TERM
2019-10-15 16:29:50,491 [f5624850-682f-4ec5-bb5c-f79627fc299e@group-C25BD028928E-LeaderElection132] INFO  impl.RoleInfo (RoleInfo.java:shutdownLeaderElection(134)) - f5624850-682f-4ec5-bb5c-f79627fc299e: shutdown LeaderElection
2019-10-15 16:29:50,491 [f5624850-682f-4ec5-bb5c-f79627fc299e@group-C25BD028928E-LeaderElection132] INFO  impl.RoleInfo (RoleInfo.java:updateAndGet(143)) - f5624850-682f-4ec5-bb5c-f79627fc299e: start FollowerState
2019-10-15 16:29:50,539 [Thread-1371] INFO  impl.FollowerState (FollowerState.java:run(108)) - f5624850-682f-4ec5-bb5c-f79627fc299e@group-C25BD028928E-FollowerState: change to CANDIDATE, lastRpcTime:47ms, electionTimeout:47ms
2019-10-15 16:29:50,539 [Thread-1371] INFO  impl.RoleInfo (RoleInfo.java:shutdownFollowerState(121)) - f5624850-682f-4ec5-bb5c-f79627fc299e: shutdown FollowerState
2019-10-15 16:29:50,539 [Thread-1371] INFO  impl.RaftServerImpl (RaftServerImpl.java:setRole(184)) - f5624850-682f-4ec5-bb5c-f79627fc299e@group-C25BD028928E: changes role from  FOLLOWER to CANDIDATE at term 120 for changeToCandidate
2019-10-15 16:29:50,539 [Thread-1371] INFO  impl.RoleInfo (RoleInfo.java:updateAndGet(143)) - f5624850-682f-4ec5-bb5c-f79627fc299e: start LeaderElection
2019-10-15 16:29:50,574 [f5624850-682f-4ec5-bb5c-f79627fc299e@group-C25BD028928E-LeaderElection133] INFO  impl.LeaderElection (LeaderElection.java:askForVotes(178)) - f5624850-682f-4ec5-bb5c-f79627fc299e@group-C25BD028928E-LeaderElection133: begin an election at term 121 for -1: [f581660d-af3d-4f5f-b57d-f4cb54f048b9:192.168.164.239:42501, f5624850-682f-4ec5-bb5c-f79627fc299e:192.168.164.239:39499, 14091fe6-d183-4b46-be93-2ba964a39c73:192.168.164.239:34827], old=null
2019-10-15 16:29:50,575 [f5624850-682f-4ec5-bb5c-f79627fc299e@group-C25BD028928E-LeaderElection133] INFO  impl.LeaderElection (LogUtils.java:infoOrTrace(149)) - f5624850-682f-4ec5-bb5c-f79627fc299e@group-C25BD028928E-LeaderElection133 got exception when requesting votes: {}
java.util.concurrent.ExecutionException: org.apache.ratis.thirdparty.io.grpc.StatusRuntimeException: UNAVAILABLE: io exception
	at java.util.concurrent.FutureTask.report(FutureTask.java:122)
	at java.util.concurrent.FutureTask.get(FutureTask.java:192)
	at org.apache.ratis.server.impl.LeaderElection.waitForResults(LeaderElection.java:259)
	at org.apache.ratis.server.impl.LeaderElection.askForVotes(LeaderElection.java:197)
	at org.apache.ratis.server.impl.LeaderElection.run(LeaderElection.java:133)
	at java.lang.Thread.run(Thread.java:748)
Caused by: org.apache.ratis.thirdparty.io.grpc.StatusRuntimeException: UNAVAILABLE: io exception
	at org.apache.ratis.thirdparty.io.grpc.stub.ClientCalls.toStatusRuntimeException(ClientCalls.java:233)
	at org.apache.ratis.thirdparty.io.grpc.stub.ClientCalls.getUnchecked(ClientCalls.java:214)
	at org.apache.ratis.thirdparty.io.grpc.stub.ClientCalls.blockingUnaryCall(ClientCalls.java:139)
	at org.apache.ratis.proto.grpc.RaftServerProtocolServiceGrpc$RaftServerProtocolServiceBlockingStub.requestVote(RaftServerProtocolServiceGrpc.java:265)
	at org.apache.ratis.grpc.server.GrpcServerProtocolClient.requestVote(GrpcServerProtocolClient.java:99)
	at org.apache.ratis.grpc.server.GrpcService.requestVote(GrpcService.java:204)
	at org.apache.ratis.server.impl.LeaderElection.lambda$submitRequests$1(LeaderElection.java:234)
	at java.util.concurrent.FutureTask.run(FutureTask.java:266)
	at java.util.concurrent.Executors$RunnableAdapter.call(Executors.java:511)
	at java.util.concurrent.FutureTask.run(FutureTask.java:266)
	at java.util.concurrent.ThreadPoolExecutor.runWorker(ThreadPoolExecutor.java:1149)
	at java.util.concurrent.ThreadPoolExecutor$Worker.run(ThreadPoolExecutor.java:624)
	... 1 more
Caused by: org.apache.ratis.thirdparty.io.netty.channel.AbstractChannel$AnnotatedConnectException: Connection refused: /192.168.164.239:42501
	at sun.nio.ch.SocketChannelImpl.checkConnect(Native Method)
	at sun.nio.ch.SocketChannelImpl.finishConnect(SocketChannelImpl.java:717)
	at org.apache.ratis.thirdparty.io.netty.channel.socket.nio.NioSocketChannel.doFinishConnect(NioSocketChannel.java:327)
	at org.apache.ratis.thirdparty.io.netty.channel.nio.AbstractNioChannel$AbstractNioUnsafe.finishConnect(AbstractNioChannel.java:340)
	at org.apache.ratis.thirdparty.io.netty.channel.nio.NioEventLoop.processSelectedKey(NioEventLoop.java:632)
	at org.apache.ratis.thirdparty.io.netty.channel.nio.NioEventLoop.processSelectedKeysOptimized(NioEventLoop.java:579)
	at org.apache.ratis.thirdparty.io.netty.channel.nio.NioEventLoop.processSelectedKeys(NioEventLoop.java:496)
	at org.apache.ratis.thirdparty.io.netty.channel.nio.NioEventLoop.run(NioEventLoop.java:458)
	at org.apache.ratis.thirdparty.io.netty.util.concurrent.SingleThreadEventExecutor$5.run(SingleThreadEventExecutor.java:897)
	at org.apache.ratis.thirdparty.io.netty.util.concurrent.FastThreadLocalRunnable.run(FastThreadLocalRunnable.java:30)
	... 1 more
Caused by: java.net.ConnectException: Connection refused
	... 11 more
2019-10-15 16:29:50,580 [grpc-default-executor-11] INFO  impl.RaftServerImpl (RaftServerImpl.java:setRole(184)) - 14091fe6-d183-4b46-be93-2ba964a39c73@group-C25BD028928E: changes role from  FOLLOWER to FOLLOWER at term 121 for recognizeCandidate:f5624850-682f-4ec5-bb5c-f79627fc299e
2019-10-15 16:29:50,580 [grpc-default-executor-11] INFO  impl.RoleInfo (RoleInfo.java:shutdownFollowerState(121)) - 14091fe6-d183-4b46-be93-2ba964a39c73: shutdown FollowerState
2019-10-15 16:29:50,580 [grpc-default-executor-11] INFO  impl.RoleInfo (RoleInfo.java:updateAndGet(143)) - 14091fe6-d183-4b46-be93-2ba964a39c73: start FollowerState
2019-10-15 16:29:50,580 [Thread-1370] INFO  impl.FollowerState (FollowerState.java:run(117)) - 14091fe6-d183-4b46-be93-2ba964a39c73@group-C25BD028928E-FollowerState was interrupted: java.lang.InterruptedException: sleep interrupted
2019-10-15 16:29:50,609 [f5624850-682f-4ec5-bb5c-f79627fc299e@group-C25BD028928E-LeaderElection133] INFO  impl.LeaderElection (LeaderElection.java:logAndReturn(56)) - f5624850-682f-4ec5-bb5c-f79627fc299e@group-C25BD028928E-LeaderElection133: Election REJECTED; received 1 response(s) [f5624850-682f-4ec5-bb5c-f79627fc299e<-14091fe6-d183-4b46-be93-2ba964a39c73#0:FAIL-t121] and 1 exception(s); f5624850-682f-4ec5-bb5c-f79627fc299e@group-C25BD028928E:t121, leader=null, voted=f5624850-682f-4ec5-bb5c-f79627fc299e, raftlog=f5624850-682f-4ec5-bb5c-f79627fc299e@group-C25BD028928E-SegmentedRaftLog:OPENED:c-1,f-1,i0, conf=-1: [f581660d-af3d-4f5f-b57d-f4cb54f048b9:192.168.164.239:42501, f5624850-682f-4ec5-bb5c-f79627fc299e:192.168.164.239:39499, 14091fe6-d183-4b46-be93-2ba964a39c73:192.168.164.239:34827], old=null
2019-10-15 16:29:50,609 [f5624850-682f-4ec5-bb5c-f79627fc299e@group-C25BD028928E-LeaderElection133] INFO  impl.LeaderElection (LogUtils.java:infoOrTrace(149)) -   Exception 0: {}
java.util.concurrent.ExecutionException: org.apache.ratis.thirdparty.io.grpc.StatusRuntimeException: UNAVAILABLE: io exception
	at java.util.concurrent.FutureTask.report(FutureTask.java:122)
	at java.util.concurrent.FutureTask.get(FutureTask.java:192)
	at org.apache.ratis.server.impl.LeaderElection.waitForResults(LeaderElection.java:259)
	at org.apache.ratis.server.impl.LeaderElection.askForVotes(LeaderElection.java:197)
	at org.apache.ratis.server.impl.LeaderElection.run(LeaderElection.java:133)
	at java.lang.Thread.run(Thread.java:748)
Caused by: org.apache.ratis.thirdparty.io.grpc.StatusRuntimeException: UNAVAILABLE: io exception
	at org.apache.ratis.thirdparty.io.grpc.stub.ClientCalls.toStatusRuntimeException(ClientCalls.java:233)
	at org.apache.ratis.thirdparty.io.grpc.stub.ClientCalls.getUnchecked(ClientCalls.java:214)
	at org.apache.ratis.thirdparty.io.grpc.stub.ClientCalls.blockingUnaryCall(ClientCalls.java:139)
	at org.apache.ratis.proto.grpc.RaftServerProtocolServiceGrpc$RaftServerProtocolServiceBlockingStub.requestVote(RaftServerProtocolServiceGrpc.java:265)
	at org.apache.ratis.grpc.server.GrpcServerProtocolClient.requestVote(GrpcServerProtocolClient.java:99)
	at org.apache.ratis.grpc.server.GrpcService.requestVote(GrpcService.java:204)
	at org.apache.ratis.server.impl.LeaderElection.lambda$submitRequests$1(LeaderElection.java:234)
	at java.util.concurrent.FutureTask.run(FutureTask.java:266)
	at java.util.concurrent.Executors$RunnableAdapter.call(Executors.java:511)
	at java.util.concurrent.FutureTask.run(FutureTask.java:266)
	at java.util.concurrent.ThreadPoolExecutor.runWorker(ThreadPoolExecutor.java:1149)
	at java.util.concurrent.ThreadPoolExecutor$Worker.run(ThreadPoolExecutor.java:624)
	... 1 more
Caused by: org.apache.ratis.thirdparty.io.netty.channel.AbstractChannel$AnnotatedConnectException: Connection refused: /192.168.164.239:42501
	at sun.nio.ch.SocketChannelImpl.checkConnect(Native Method)
	at sun.nio.ch.SocketChannelImpl.finishConnect(SocketChannelImpl.java:717)
	at org.apache.ratis.thirdparty.io.netty.channel.socket.nio.NioSocketChannel.doFinishConnect(NioSocketChannel.java:327)
	at org.apache.ratis.thirdparty.io.netty.channel.nio.AbstractNioChannel$AbstractNioUnsafe.finishConnect(AbstractNioChannel.java:340)
	at org.apache.ratis.thirdparty.io.netty.channel.nio.NioEventLoop.processSelectedKey(NioEventLoop.java:632)
	at org.apache.ratis.thirdparty.io.netty.channel.nio.NioEventLoop.processSelectedKeysOptimized(NioEventLoop.java:579)
	at org.apache.ratis.thirdparty.io.netty.channel.nio.NioEventLoop.processSelectedKeys(NioEventLoop.java:496)
	at org.apache.ratis.thirdparty.io.netty.channel.nio.NioEventLoop.run(NioEventLoop.java:458)
	at org.apache.ratis.thirdparty.io.netty.util.concurrent.SingleThreadEventExecutor$5.run(SingleThreadEventExecutor.java:897)
	at org.apache.ratis.thirdparty.io.netty.util.concurrent.FastThreadLocalRunnable.run(FastThreadLocalRunnable.java:30)
	... 1 more
Caused by: java.net.ConnectException: Connection refused
	... 11 more
2019-10-15 16:29:50,610 [f5624850-682f-4ec5-bb5c-f79627fc299e@group-C25BD028928E-LeaderElection133] INFO  impl.RaftServerImpl (RaftServerImpl.java:setRole(184)) - f5624850-682f-4ec5-bb5c-f79627fc299e@group-C25BD028928E: changes role from CANDIDATE to FOLLOWER at term 121 for DISCOVERED_A_NEW_TERM
2019-10-15 16:29:50,610 [f5624850-682f-4ec5-bb5c-f79627fc299e@group-C25BD028928E-LeaderElection133] INFO  impl.RoleInfo (RoleInfo.java:shutdownLeaderElection(134)) - f5624850-682f-4ec5-bb5c-f79627fc299e: shutdown LeaderElection
2019-10-15 16:29:50,610 [f5624850-682f-4ec5-bb5c-f79627fc299e@group-C25BD028928E-LeaderElection133] INFO  impl.RoleInfo (RoleInfo.java:updateAndGet(143)) - f5624850-682f-4ec5-bb5c-f79627fc299e: start FollowerState
2019-10-15 16:29:50,614 [Thread-1379] INFO  impl.FollowerState (FollowerState.java:run(108)) - f5624850-682f-4ec5-bb5c-f79627fc299e@group-C25BD028928E-FollowerState: change to CANDIDATE, lastRpcTime:3ms, electionTimeout:3ms
2019-10-15 16:29:50,614 [Thread-1379] INFO  impl.RoleInfo (RoleInfo.java:shutdownFollowerState(121)) - f5624850-682f-4ec5-bb5c-f79627fc299e: shutdown FollowerState
2019-10-15 16:29:50,614 [Thread-1379] INFO  impl.RaftServerImpl (RaftServerImpl.java:setRole(184)) - f5624850-682f-4ec5-bb5c-f79627fc299e@group-C25BD028928E: changes role from  FOLLOWER to CANDIDATE at term 121 for changeToCandidate
2019-10-15 16:29:50,614 [Thread-1379] INFO  impl.RoleInfo (RoleInfo.java:updateAndGet(143)) - f5624850-682f-4ec5-bb5c-f79627fc299e: start LeaderElection
2019-10-15 16:29:50,641 [f5624850-682f-4ec5-bb5c-f79627fc299e@group-C25BD028928E-LeaderElection134] INFO  impl.LeaderElection (LeaderElection.java:askForVotes(178)) - f5624850-682f-4ec5-bb5c-f79627fc299e@group-C25BD028928E-LeaderElection134: begin an election at term 122 for -1: [f581660d-af3d-4f5f-b57d-f4cb54f048b9:192.168.164.239:42501, f5624850-682f-4ec5-bb5c-f79627fc299e:192.168.164.239:39499, 14091fe6-d183-4b46-be93-2ba964a39c73:192.168.164.239:34827], old=null
2019-10-15 16:29:50,642 [f5624850-682f-4ec5-bb5c-f79627fc299e@group-C25BD028928E-LeaderElection134] INFO  impl.LeaderElection (LogUtils.java:infoOrTrace(149)) - f5624850-682f-4ec5-bb5c-f79627fc299e@group-C25BD028928E-LeaderElection134 got exception when requesting votes: {}
java.util.concurrent.ExecutionException: org.apache.ratis.thirdparty.io.grpc.StatusRuntimeException: UNAVAILABLE: io exception
	at java.util.concurrent.FutureTask.report(FutureTask.java:122)
	at java.util.concurrent.FutureTask.get(FutureTask.java:192)
	at org.apache.ratis.server.impl.LeaderElection.waitForResults(LeaderElection.java:259)
	at org.apache.ratis.server.impl.LeaderElection.askForVotes(LeaderElection.java:197)
	at org.apache.ratis.server.impl.LeaderElection.run(LeaderElection.java:133)
	at java.lang.Thread.run(Thread.java:748)
Caused by: org.apache.ratis.thirdparty.io.grpc.StatusRuntimeException: UNAVAILABLE: io exception
	at org.apache.ratis.thirdparty.io.grpc.stub.ClientCalls.toStatusRuntimeException(ClientCalls.java:233)
	at org.apache.ratis.thirdparty.io.grpc.stub.ClientCalls.getUnchecked(ClientCalls.java:214)
	at org.apache.ratis.thirdparty.io.grpc.stub.ClientCalls.blockingUnaryCall(ClientCalls.java:139)
	at org.apache.ratis.proto.grpc.RaftServerProtocolServiceGrpc$RaftServerProtocolServiceBlockingStub.requestVote(RaftServerProtocolServiceGrpc.java:265)
	at org.apache.ratis.grpc.server.GrpcServerProtocolClient.requestVote(GrpcServerProtocolClient.java:99)
	at org.apache.ratis.grpc.server.GrpcService.requestVote(GrpcService.java:204)
	at org.apache.ratis.server.impl.LeaderElection.lambda$submitRequests$1(LeaderElection.java:234)
	at java.util.concurrent.FutureTask.run(FutureTask.java:266)
	at java.util.concurrent.Executors$RunnableAdapter.call(Executors.java:511)
	at java.util.concurrent.FutureTask.run(FutureTask.java:266)
	at java.util.concurrent.ThreadPoolExecutor.runWorker(ThreadPoolExecutor.java:1149)
	at java.util.concurrent.ThreadPoolExecutor$Worker.run(ThreadPoolExecutor.java:624)
	... 1 more
Caused by: org.apache.ratis.thirdparty.io.netty.channel.AbstractChannel$AnnotatedConnectException: Connection refused: /192.168.164.239:42501
	at sun.nio.ch.SocketChannelImpl.checkConnect(Native Method)
	at sun.nio.ch.SocketChannelImpl.finishConnect(SocketChannelImpl.java:717)
	at org.apache.ratis.thirdparty.io.netty.channel.socket.nio.NioSocketChannel.doFinishConnect(NioSocketChannel.java:327)
	at org.apache.ratis.thirdparty.io.netty.channel.nio.AbstractNioChannel$AbstractNioUnsafe.finishConnect(AbstractNioChannel.java:340)
	at org.apache.ratis.thirdparty.io.netty.channel.nio.NioEventLoop.processSelectedKey(NioEventLoop.java:632)
	at org.apache.ratis.thirdparty.io.netty.channel.nio.NioEventLoop.processSelectedKeysOptimized(NioEventLoop.java:579)
	at org.apache.ratis.thirdparty.io.netty.channel.nio.NioEventLoop.processSelectedKeys(NioEventLoop.java:496)
	at org.apache.ratis.thirdparty.io.netty.channel.nio.NioEventLoop.run(NioEventLoop.java:458)
	at org.apache.ratis.thirdparty.io.netty.util.concurrent.SingleThreadEventExecutor$5.run(SingleThreadEventExecutor.java:897)
	at org.apache.ratis.thirdparty.io.netty.util.concurrent.FastThreadLocalRunnable.run(FastThreadLocalRunnable.java:30)
	... 1 more
Caused by: java.net.ConnectException: Connection refused
	... 11 more
2019-10-15 16:29:50,646 [grpc-default-executor-11] INFO  impl.RaftServerImpl (RaftServerImpl.java:setRole(184)) - 14091fe6-d183-4b46-be93-2ba964a39c73@group-C25BD028928E: changes role from  FOLLOWER to FOLLOWER at term 122 for recognizeCandidate:f5624850-682f-4ec5-bb5c-f79627fc299e
2019-10-15 16:29:50,647 [grpc-default-executor-11] INFO  impl.RoleInfo (RoleInfo.java:shutdownFollowerState(121)) - 14091fe6-d183-4b46-be93-2ba964a39c73: shutdown FollowerState
2019-10-15 16:29:50,647 [grpc-default-executor-11] INFO  impl.RoleInfo (RoleInfo.java:updateAndGet(143)) - 14091fe6-d183-4b46-be93-2ba964a39c73: start FollowerState
2019-10-15 16:29:50,647 [Thread-1376] INFO  impl.FollowerState (FollowerState.java:run(117)) - 14091fe6-d183-4b46-be93-2ba964a39c73@group-C25BD028928E-FollowerState was interrupted: java.lang.InterruptedException: sleep interrupted
2019-10-15 16:29:50,676 [f5624850-682f-4ec5-bb5c-f79627fc299e@group-C25BD028928E-LeaderElection134] INFO  impl.LeaderElection (LeaderElection.java:logAndReturn(56)) - f5624850-682f-4ec5-bb5c-f79627fc299e@group-C25BD028928E-LeaderElection134: Election REJECTED; received 1 response(s) [f5624850-682f-4ec5-bb5c-f79627fc299e<-14091fe6-d183-4b46-be93-2ba964a39c73#0:FAIL-t122] and 1 exception(s); f5624850-682f-4ec5-bb5c-f79627fc299e@group-C25BD028928E:t122, leader=null, voted=f5624850-682f-4ec5-bb5c-f79627fc299e, raftlog=f5624850-682f-4ec5-bb5c-f79627fc299e@group-C25BD028928E-SegmentedRaftLog:OPENED:c-1,f-1,i0, conf=-1: [f581660d-af3d-4f5f-b57d-f4cb54f048b9:192.168.164.239:42501, f5624850-682f-4ec5-bb5c-f79627fc299e:192.168.164.239:39499, 14091fe6-d183-4b46-be93-2ba964a39c73:192.168.164.239:34827], old=null
2019-10-15 16:29:50,676 [f5624850-682f-4ec5-bb5c-f79627fc299e@group-C25BD028928E-LeaderElection134] INFO  impl.LeaderElection (LogUtils.java:infoOrTrace(149)) -   Exception 0: {}
java.util.concurrent.ExecutionException: org.apache.ratis.thirdparty.io.grpc.StatusRuntimeException: UNAVAILABLE: io exception
	at java.util.concurrent.FutureTask.report(FutureTask.java:122)
	at java.util.concurrent.FutureTask.get(FutureTask.java:192)
	at org.apache.ratis.server.impl.LeaderElection.waitForResults(LeaderElection.java:259)
	at org.apache.ratis.server.impl.LeaderElection.askForVotes(LeaderElection.java:197)
	at org.apache.ratis.server.impl.LeaderElection.run(LeaderElection.java:133)
	at java.lang.Thread.run(Thread.java:748)
Caused by: org.apache.ratis.thirdparty.io.grpc.StatusRuntimeException: UNAVAILABLE: io exception
	at org.apache.ratis.thirdparty.io.grpc.stub.ClientCalls.toStatusRuntimeException(ClientCalls.java:233)
	at org.apache.ratis.thirdparty.io.grpc.stub.ClientCalls.getUnchecked(ClientCalls.java:214)
	at org.apache.ratis.thirdparty.io.grpc.stub.ClientCalls.blockingUnaryCall(ClientCalls.java:139)
	at org.apache.ratis.proto.grpc.RaftServerProtocolServiceGrpc$RaftServerProtocolServiceBlockingStub.requestVote(RaftServerProtocolServiceGrpc.java:265)
	at org.apache.ratis.grpc.server.GrpcServerProtocolClient.requestVote(GrpcServerProtocolClient.java:99)
	at org.apache.ratis.grpc.server.GrpcService.requestVote(GrpcService.java:204)
	at org.apache.ratis.server.impl.LeaderElection.lambda$submitRequests$1(LeaderElection.java:234)
	at java.util.concurrent.FutureTask.run(FutureTask.java:266)
	at java.util.concurrent.Executors$RunnableAdapter.call(Executors.java:511)
	at java.util.concurrent.FutureTask.run(FutureTask.java:266)
	at java.util.concurrent.ThreadPoolExecutor.runWorker(ThreadPoolExecutor.java:1149)
	at java.util.concurrent.ThreadPoolExecutor$Worker.run(ThreadPoolExecutor.java:624)
	... 1 more
Caused by: org.apache.ratis.thirdparty.io.netty.channel.AbstractChannel$AnnotatedConnectException: Connection refused: /192.168.164.239:42501
	at sun.nio.ch.SocketChannelImpl.checkConnect(Native Method)
	at sun.nio.ch.SocketChannelImpl.finishConnect(SocketChannelImpl.java:717)
	at org.apache.ratis.thirdparty.io.netty.channel.socket.nio.NioSocketChannel.doFinishConnect(NioSocketChannel.java:327)
	at org.apache.ratis.thirdparty.io.netty.channel.nio.AbstractNioChannel$AbstractNioUnsafe.finishConnect(AbstractNioChannel.java:340)
	at org.apache.ratis.thirdparty.io.netty.channel.nio.NioEventLoop.processSelectedKey(NioEventLoop.java:632)
	at org.apache.ratis.thirdparty.io.netty.channel.nio.NioEventLoop.processSelectedKeysOptimized(NioEventLoop.java:579)
	at org.apache.ratis.thirdparty.io.netty.channel.nio.NioEventLoop.processSelectedKeys(NioEventLoop.java:496)
	at org.apache.ratis.thirdparty.io.netty.channel.nio.NioEventLoop.run(NioEventLoop.java:458)
	at org.apache.ratis.thirdparty.io.netty.util.concurrent.SingleThreadEventExecutor$5.run(SingleThreadEventExecutor.java:897)
	at org.apache.ratis.thirdparty.io.netty.util.concurrent.FastThreadLocalRunnable.run(FastThreadLocalRunnable.java:30)
	... 1 more
Caused by: java.net.ConnectException: Connection refused
	... 11 more
2019-10-15 16:29:50,677 [f5624850-682f-4ec5-bb5c-f79627fc299e@group-C25BD028928E-LeaderElection134] INFO  impl.RaftServerImpl (RaftServerImpl.java:setRole(184)) - f5624850-682f-4ec5-bb5c-f79627fc299e@group-C25BD028928E: changes role from CANDIDATE to FOLLOWER at term 122 for DISCOVERED_A_NEW_TERM
2019-10-15 16:29:50,677 [f5624850-682f-4ec5-bb5c-f79627fc299e@group-C25BD028928E-LeaderElection134] INFO  impl.RoleInfo (RoleInfo.java:shutdownLeaderElection(134)) - f5624850-682f-4ec5-bb5c-f79627fc299e: shutdown LeaderElection
2019-10-15 16:29:50,677 [f5624850-682f-4ec5-bb5c-f79627fc299e@group-C25BD028928E-LeaderElection134] INFO  impl.RoleInfo (RoleInfo.java:updateAndGet(143)) - f5624850-682f-4ec5-bb5c-f79627fc299e: start FollowerState
2019-10-15 16:29:50,726 [Thread-1384] INFO  impl.FollowerState (FollowerState.java:run(108)) - f5624850-682f-4ec5-bb5c-f79627fc299e@group-C25BD028928E-FollowerState: change to CANDIDATE, lastRpcTime:48ms, electionTimeout:48ms
2019-10-15 16:29:50,726 [Thread-1384] INFO  impl.RoleInfo (RoleInfo.java:shutdownFollowerState(121)) - f5624850-682f-4ec5-bb5c-f79627fc299e: shutdown FollowerState
2019-10-15 16:29:50,726 [Thread-1384] INFO  impl.RaftServerImpl (RaftServerImpl.java:setRole(184)) - f5624850-682f-4ec5-bb5c-f79627fc299e@group-C25BD028928E: changes role from  FOLLOWER to CANDIDATE at term 122 for changeToCandidate
2019-10-15 16:29:50,726 [Thread-1384] INFO  impl.RoleInfo (RoleInfo.java:updateAndGet(143)) - f5624850-682f-4ec5-bb5c-f79627fc299e: start LeaderElection
2019-10-15 16:29:50,750 [f5624850-682f-4ec5-bb5c-f79627fc299e@group-C25BD028928E-LeaderElection135] INFO  impl.LeaderElection (LeaderElection.java:askForVotes(178)) - f5624850-682f-4ec5-bb5c-f79627fc299e@group-C25BD028928E-LeaderElection135: begin an election at term 123 for -1: [f581660d-af3d-4f5f-b57d-f4cb54f048b9:192.168.164.239:42501, f5624850-682f-4ec5-bb5c-f79627fc299e:192.168.164.239:39499, 14091fe6-d183-4b46-be93-2ba964a39c73:192.168.164.239:34827], old=null
2019-10-15 16:29:50,751 [f5624850-682f-4ec5-bb5c-f79627fc299e@group-C25BD028928E-LeaderElection135] INFO  impl.LeaderElection (LogUtils.java:infoOrTrace(149)) - f5624850-682f-4ec5-bb5c-f79627fc299e@group-C25BD028928E-LeaderElection135 got exception when requesting votes: {}
java.util.concurrent.ExecutionException: org.apache.ratis.thirdparty.io.grpc.StatusRuntimeException: UNAVAILABLE: io exception
	at java.util.concurrent.FutureTask.report(FutureTask.java:122)
	at java.util.concurrent.FutureTask.get(FutureTask.java:192)
	at org.apache.ratis.server.impl.LeaderElection.waitForResults(LeaderElection.java:259)
	at org.apache.ratis.server.impl.LeaderElection.askForVotes(LeaderElection.java:197)
	at org.apache.ratis.server.impl.LeaderElection.run(LeaderElection.java:133)
	at java.lang.Thread.run(Thread.java:748)
Caused by: org.apache.ratis.thirdparty.io.grpc.StatusRuntimeException: UNAVAILABLE: io exception
	at org.apache.ratis.thirdparty.io.grpc.stub.ClientCalls.toStatusRuntimeException(ClientCalls.java:233)
	at org.apache.ratis.thirdparty.io.grpc.stub.ClientCalls.getUnchecked(ClientCalls.java:214)
	at org.apache.ratis.thirdparty.io.grpc.stub.ClientCalls.blockingUnaryCall(ClientCalls.java:139)
	at org.apache.ratis.proto.grpc.RaftServerProtocolServiceGrpc$RaftServerProtocolServiceBlockingStub.requestVote(RaftServerProtocolServiceGrpc.java:265)
	at org.apache.ratis.grpc.server.GrpcServerProtocolClient.requestVote(GrpcServerProtocolClient.java:99)
	at org.apache.ratis.grpc.server.GrpcService.requestVote(GrpcService.java:204)
	at org.apache.ratis.server.impl.LeaderElection.lambda$submitRequests$1(LeaderElection.java:234)
	at java.util.concurrent.FutureTask.run(FutureTask.java:266)
	at java.util.concurrent.Executors$RunnableAdapter.call(Executors.java:511)
	at java.util.concurrent.FutureTask.run(FutureTask.java:266)
	at java.util.concurrent.ThreadPoolExecutor.runWorker(ThreadPoolExecutor.java:1149)
	at java.util.concurrent.ThreadPoolExecutor$Worker.run(ThreadPoolExecutor.java:624)
	... 1 more
Caused by: org.apache.ratis.thirdparty.io.netty.channel.AbstractChannel$AnnotatedConnectException: Connection refused: /192.168.164.239:42501
	at sun.nio.ch.SocketChannelImpl.checkConnect(Native Method)
	at sun.nio.ch.SocketChannelImpl.finishConnect(SocketChannelImpl.java:717)
	at org.apache.ratis.thirdparty.io.netty.channel.socket.nio.NioSocketChannel.doFinishConnect(NioSocketChannel.java:327)
	at org.apache.ratis.thirdparty.io.netty.channel.nio.AbstractNioChannel$AbstractNioUnsafe.finishConnect(AbstractNioChannel.java:340)
	at org.apache.ratis.thirdparty.io.netty.channel.nio.NioEventLoop.processSelectedKey(NioEventLoop.java:632)
	at org.apache.ratis.thirdparty.io.netty.channel.nio.NioEventLoop.processSelectedKeysOptimized(NioEventLoop.java:579)
	at org.apache.ratis.thirdparty.io.netty.channel.nio.NioEventLoop.processSelectedKeys(NioEventLoop.java:496)
	at org.apache.ratis.thirdparty.io.netty.channel.nio.NioEventLoop.run(NioEventLoop.java:458)
	at org.apache.ratis.thirdparty.io.netty.util.concurrent.SingleThreadEventExecutor$5.run(SingleThreadEventExecutor.java:897)
	at org.apache.ratis.thirdparty.io.netty.util.concurrent.FastThreadLocalRunnable.run(FastThreadLocalRunnable.java:30)
	... 1 more
Caused by: java.net.ConnectException: Connection refused
	... 11 more
2019-10-15 16:29:50,755 [grpc-default-executor-11] INFO  impl.RaftServerImpl (RaftServerImpl.java:setRole(184)) - 14091fe6-d183-4b46-be93-2ba964a39c73@group-C25BD028928E: changes role from  FOLLOWER to FOLLOWER at term 123 for recognizeCandidate:f5624850-682f-4ec5-bb5c-f79627fc299e
2019-10-15 16:29:50,755 [grpc-default-executor-11] INFO  impl.RoleInfo (RoleInfo.java:shutdownFollowerState(121)) - 14091fe6-d183-4b46-be93-2ba964a39c73: shutdown FollowerState
2019-10-15 16:29:50,755 [grpc-default-executor-11] INFO  impl.RoleInfo (RoleInfo.java:updateAndGet(143)) - 14091fe6-d183-4b46-be93-2ba964a39c73: start FollowerState
2019-10-15 16:29:50,755 [Thread-1383] INFO  impl.FollowerState (FollowerState.java:run(117)) - 14091fe6-d183-4b46-be93-2ba964a39c73@group-C25BD028928E-FollowerState was interrupted: java.lang.InterruptedException: sleep interrupted
2019-10-15 16:29:50,785 [f5624850-682f-4ec5-bb5c-f79627fc299e@group-C25BD028928E-LeaderElection135] INFO  impl.LeaderElection (LeaderElection.java:logAndReturn(56)) - f5624850-682f-4ec5-bb5c-f79627fc299e@group-C25BD028928E-LeaderElection135: Election REJECTED; received 1 response(s) [f5624850-682f-4ec5-bb5c-f79627fc299e<-14091fe6-d183-4b46-be93-2ba964a39c73#0:FAIL-t123] and 1 exception(s); f5624850-682f-4ec5-bb5c-f79627fc299e@group-C25BD028928E:t123, leader=null, voted=f5624850-682f-4ec5-bb5c-f79627fc299e, raftlog=f5624850-682f-4ec5-bb5c-f79627fc299e@group-C25BD028928E-SegmentedRaftLog:OPENED:c-1,f-1,i0, conf=-1: [f581660d-af3d-4f5f-b57d-f4cb54f048b9:192.168.164.239:42501, f5624850-682f-4ec5-bb5c-f79627fc299e:192.168.164.239:39499, 14091fe6-d183-4b46-be93-2ba964a39c73:192.168.164.239:34827], old=null
2019-10-15 16:29:50,785 [f5624850-682f-4ec5-bb5c-f79627fc299e@group-C25BD028928E-LeaderElection135] INFO  impl.LeaderElection (LogUtils.java:infoOrTrace(149)) -   Exception 0: {}
java.util.concurrent.ExecutionException: org.apache.ratis.thirdparty.io.grpc.StatusRuntimeException: UNAVAILABLE: io exception
	at java.util.concurrent.FutureTask.report(FutureTask.java:122)
	at java.util.concurrent.FutureTask.get(FutureTask.java:192)
	at org.apache.ratis.server.impl.LeaderElection.waitForResults(LeaderElection.java:259)
	at org.apache.ratis.server.impl.LeaderElection.askForVotes(LeaderElection.java:197)
	at org.apache.ratis.server.impl.LeaderElection.run(LeaderElection.java:133)
	at java.lang.Thread.run(Thread.java:748)
Caused by: org.apache.ratis.thirdparty.io.grpc.StatusRuntimeException: UNAVAILABLE: io exception
	at org.apache.ratis.thirdparty.io.grpc.stub.ClientCalls.toStatusRuntimeException(ClientCalls.java:233)
	at org.apache.ratis.thirdparty.io.grpc.stub.ClientCalls.getUnchecked(ClientCalls.java:214)
	at org.apache.ratis.thirdparty.io.grpc.stub.ClientCalls.blockingUnaryCall(ClientCalls.java:139)
	at org.apache.ratis.proto.grpc.RaftServerProtocolServiceGrpc$RaftServerProtocolServiceBlockingStub.requestVote(RaftServerProtocolServiceGrpc.java:265)
	at org.apache.ratis.grpc.server.GrpcServerProtocolClient.requestVote(GrpcServerProtocolClient.java:99)
	at org.apache.ratis.grpc.server.GrpcService.requestVote(GrpcService.java:204)
	at org.apache.ratis.server.impl.LeaderElection.lambda$submitRequests$1(LeaderElection.java:234)
	at java.util.concurrent.FutureTask.run(FutureTask.java:266)
	at java.util.concurrent.Executors$RunnableAdapter.call(Executors.java:511)
	at java.util.concurrent.FutureTask.run(FutureTask.java:266)
	at java.util.concurrent.ThreadPoolExecutor.runWorker(ThreadPoolExecutor.java:1149)
	at java.util.concurrent.ThreadPoolExecutor$Worker.run(ThreadPoolExecutor.java:624)
	... 1 more
Caused by: org.apache.ratis.thirdparty.io.netty.channel.AbstractChannel$AnnotatedConnectException: Connection refused: /192.168.164.239:42501
	at sun.nio.ch.SocketChannelImpl.checkConnect(Native Method)
	at sun.nio.ch.SocketChannelImpl.finishConnect(SocketChannelImpl.java:717)
	at org.apache.ratis.thirdparty.io.netty.channel.socket.nio.NioSocketChannel.doFinishConnect(NioSocketChannel.java:327)
	at org.apache.ratis.thirdparty.io.netty.channel.nio.AbstractNioChannel$AbstractNioUnsafe.finishConnect(AbstractNioChannel.java:340)
	at org.apache.ratis.thirdparty.io.netty.channel.nio.NioEventLoop.processSelectedKey(NioEventLoop.java:632)
	at org.apache.ratis.thirdparty.io.netty.channel.nio.NioEventLoop.processSelectedKeysOptimized(NioEventLoop.java:579)
	at org.apache.ratis.thirdparty.io.netty.channel.nio.NioEventLoop.processSelectedKeys(NioEventLoop.java:496)
	at org.apache.ratis.thirdparty.io.netty.channel.nio.NioEventLoop.run(NioEventLoop.java:458)
	at org.apache.ratis.thirdparty.io.netty.util.concurrent.SingleThreadEventExecutor$5.run(SingleThreadEventExecutor.java:897)
	at org.apache.ratis.thirdparty.io.netty.util.concurrent.FastThreadLocalRunnable.run(FastThreadLocalRunnable.java:30)
	... 1 more
Caused by: java.net.ConnectException: Connection refused
	... 11 more
2019-10-15 16:29:50,786 [f5624850-682f-4ec5-bb5c-f79627fc299e@group-C25BD028928E-LeaderElection135] INFO  impl.RaftServerImpl (RaftServerImpl.java:setRole(184)) - f5624850-682f-4ec5-bb5c-f79627fc299e@group-C25BD028928E: changes role from CANDIDATE to FOLLOWER at term 123 for DISCOVERED_A_NEW_TERM
2019-10-15 16:29:50,786 [f5624850-682f-4ec5-bb5c-f79627fc299e@group-C25BD028928E-LeaderElection135] INFO  impl.RoleInfo (RoleInfo.java:shutdownLeaderElection(134)) - f5624850-682f-4ec5-bb5c-f79627fc299e: shutdown LeaderElection
2019-10-15 16:29:50,787 [f5624850-682f-4ec5-bb5c-f79627fc299e@group-C25BD028928E-LeaderElection135] INFO  impl.RoleInfo (RoleInfo.java:updateAndGet(143)) - f5624850-682f-4ec5-bb5c-f79627fc299e: start FollowerState
2019-10-15 16:29:50,915 [Thread-1389] INFO  impl.FollowerState (FollowerState.java:run(108)) - f5624850-682f-4ec5-bb5c-f79627fc299e@group-C25BD028928E-FollowerState: change to CANDIDATE, lastRpcTime:128ms, electionTimeout:128ms
2019-10-15 16:29:50,915 [Thread-1389] INFO  impl.RoleInfo (RoleInfo.java:shutdownFollowerState(121)) - f5624850-682f-4ec5-bb5c-f79627fc299e: shutdown FollowerState
2019-10-15 16:29:50,916 [Thread-1389] INFO  impl.RaftServerImpl (RaftServerImpl.java:setRole(184)) - f5624850-682f-4ec5-bb5c-f79627fc299e@group-C25BD028928E: changes role from  FOLLOWER to CANDIDATE at term 123 for changeToCandidate
2019-10-15 16:29:50,916 [Thread-1389] INFO  impl.RoleInfo (RoleInfo.java:updateAndGet(143)) - f5624850-682f-4ec5-bb5c-f79627fc299e: start LeaderElection
2019-10-15 16:29:50,943 [f5624850-682f-4ec5-bb5c-f79627fc299e@group-C25BD028928E-LeaderElection136] INFO  impl.LeaderElection (LeaderElection.java:askForVotes(178)) - f5624850-682f-4ec5-bb5c-f79627fc299e@group-C25BD028928E-LeaderElection136: begin an election at term 124 for -1: [f581660d-af3d-4f5f-b57d-f4cb54f048b9:192.168.164.239:42501, f5624850-682f-4ec5-bb5c-f79627fc299e:192.168.164.239:39499, 14091fe6-d183-4b46-be93-2ba964a39c73:192.168.164.239:34827], old=null
2019-10-15 16:29:50,944 [f5624850-682f-4ec5-bb5c-f79627fc299e@group-C25BD028928E-LeaderElection136] INFO  impl.LeaderElection (LogUtils.java:infoOrTrace(149)) - f5624850-682f-4ec5-bb5c-f79627fc299e@group-C25BD028928E-LeaderElection136 got exception when requesting votes: {}
java.util.concurrent.ExecutionException: org.apache.ratis.thirdparty.io.grpc.StatusRuntimeException: UNAVAILABLE: io exception
	at java.util.concurrent.FutureTask.report(FutureTask.java:122)
	at java.util.concurrent.FutureTask.get(FutureTask.java:192)
	at org.apache.ratis.server.impl.LeaderElection.waitForResults(LeaderElection.java:259)
	at org.apache.ratis.server.impl.LeaderElection.askForVotes(LeaderElection.java:197)
	at org.apache.ratis.server.impl.LeaderElection.run(LeaderElection.java:133)
	at java.lang.Thread.run(Thread.java:748)
Caused by: org.apache.ratis.thirdparty.io.grpc.StatusRuntimeException: UNAVAILABLE: io exception
	at org.apache.ratis.thirdparty.io.grpc.stub.ClientCalls.toStatusRuntimeException(ClientCalls.java:233)
	at org.apache.ratis.thirdparty.io.grpc.stub.ClientCalls.getUnchecked(ClientCalls.java:214)
	at org.apache.ratis.thirdparty.io.grpc.stub.ClientCalls.blockingUnaryCall(ClientCalls.java:139)
	at org.apache.ratis.proto.grpc.RaftServerProtocolServiceGrpc$RaftServerProtocolServiceBlockingStub.requestVote(RaftServerProtocolServiceGrpc.java:265)
	at org.apache.ratis.grpc.server.GrpcServerProtocolClient.requestVote(GrpcServerProtocolClient.java:99)
	at org.apache.ratis.grpc.server.GrpcService.requestVote(GrpcService.java:204)
	at org.apache.ratis.server.impl.LeaderElection.lambda$submitRequests$1(LeaderElection.java:234)
	at java.util.concurrent.FutureTask.run(FutureTask.java:266)
	at java.util.concurrent.Executors$RunnableAdapter.call(Executors.java:511)
	at java.util.concurrent.FutureTask.run(FutureTask.java:266)
	at java.util.concurrent.ThreadPoolExecutor.runWorker(ThreadPoolExecutor.java:1149)
	at java.util.concurrent.ThreadPoolExecutor$Worker.run(ThreadPoolExecutor.java:624)
	... 1 more
Caused by: org.apache.ratis.thirdparty.io.netty.channel.AbstractChannel$AnnotatedConnectException: Connection refused: /192.168.164.239:42501
	at sun.nio.ch.SocketChannelImpl.checkConnect(Native Method)
	at sun.nio.ch.SocketChannelImpl.finishConnect(SocketChannelImpl.java:717)
	at org.apache.ratis.thirdparty.io.netty.channel.socket.nio.NioSocketChannel.doFinishConnect(NioSocketChannel.java:327)
	at org.apache.ratis.thirdparty.io.netty.channel.nio.AbstractNioChannel$AbstractNioUnsafe.finishConnect(AbstractNioChannel.java:340)
	at org.apache.ratis.thirdparty.io.netty.channel.nio.NioEventLoop.processSelectedKey(NioEventLoop.java:632)
	at org.apache.ratis.thirdparty.io.netty.channel.nio.NioEventLoop.processSelectedKeysOptimized(NioEventLoop.java:579)
	at org.apache.ratis.thirdparty.io.netty.channel.nio.NioEventLoop.processSelectedKeys(NioEventLoop.java:496)
	at org.apache.ratis.thirdparty.io.netty.channel.nio.NioEventLoop.run(NioEventLoop.java:458)
	at org.apache.ratis.thirdparty.io.netty.util.concurrent.SingleThreadEventExecutor$5.run(SingleThreadEventExecutor.java:897)
	at org.apache.ratis.thirdparty.io.netty.util.concurrent.FastThreadLocalRunnable.run(FastThreadLocalRunnable.java:30)
	... 1 more
Caused by: java.net.ConnectException: Connection refused
	... 11 more
2019-10-15 16:29:50,948 [grpc-default-executor-11] INFO  impl.RaftServerImpl (RaftServerImpl.java:setRole(184)) - 14091fe6-d183-4b46-be93-2ba964a39c73@group-C25BD028928E: changes role from  FOLLOWER to FOLLOWER at term 124 for recognizeCandidate:f5624850-682f-4ec5-bb5c-f79627fc299e
2019-10-15 16:29:50,948 [grpc-default-executor-11] INFO  impl.RoleInfo (RoleInfo.java:shutdownFollowerState(121)) - 14091fe6-d183-4b46-be93-2ba964a39c73: shutdown FollowerState
2019-10-15 16:29:50,948 [grpc-default-executor-11] INFO  impl.RoleInfo (RoleInfo.java:updateAndGet(143)) - 14091fe6-d183-4b46-be93-2ba964a39c73: start FollowerState
2019-10-15 16:29:50,948 [Thread-1388] INFO  impl.FollowerState (FollowerState.java:run(117)) - 14091fe6-d183-4b46-be93-2ba964a39c73@group-C25BD028928E-FollowerState was interrupted: java.lang.InterruptedException: sleep interrupted
2019-10-15 16:29:50,977 [f5624850-682f-4ec5-bb5c-f79627fc299e@group-C25BD028928E-LeaderElection136] INFO  impl.LeaderElection (LeaderElection.java:logAndReturn(56)) - f5624850-682f-4ec5-bb5c-f79627fc299e@group-C25BD028928E-LeaderElection136: Election REJECTED; received 1 response(s) [f5624850-682f-4ec5-bb5c-f79627fc299e<-14091fe6-d183-4b46-be93-2ba964a39c73#0:FAIL-t124] and 1 exception(s); f5624850-682f-4ec5-bb5c-f79627fc299e@group-C25BD028928E:t124, leader=null, voted=f5624850-682f-4ec5-bb5c-f79627fc299e, raftlog=f5624850-682f-4ec5-bb5c-f79627fc299e@group-C25BD028928E-SegmentedRaftLog:OPENED:c-1,f-1,i0, conf=-1: [f581660d-af3d-4f5f-b57d-f4cb54f048b9:192.168.164.239:42501, f5624850-682f-4ec5-bb5c-f79627fc299e:192.168.164.239:39499, 14091fe6-d183-4b46-be93-2ba964a39c73:192.168.164.239:34827], old=null
2019-10-15 16:29:50,978 [f5624850-682f-4ec5-bb5c-f79627fc299e@group-C25BD028928E-LeaderElection136] INFO  impl.LeaderElection (LogUtils.java:infoOrTrace(149)) -   Exception 0: {}
java.util.concurrent.ExecutionException: org.apache.ratis.thirdparty.io.grpc.StatusRuntimeException: UNAVAILABLE: io exception
	at java.util.concurrent.FutureTask.report(FutureTask.java:122)
	at java.util.concurrent.FutureTask.get(FutureTask.java:192)
	at org.apache.ratis.server.impl.LeaderElection.waitForResults(LeaderElection.java:259)
	at org.apache.ratis.server.impl.LeaderElection.askForVotes(LeaderElection.java:197)
	at org.apache.ratis.server.impl.LeaderElection.run(LeaderElection.java:133)
	at java.lang.Thread.run(Thread.java:748)
Caused by: org.apache.ratis.thirdparty.io.grpc.StatusRuntimeException: UNAVAILABLE: io exception
	at org.apache.ratis.thirdparty.io.grpc.stub.ClientCalls.toStatusRuntimeException(ClientCalls.java:233)
	at org.apache.ratis.thirdparty.io.grpc.stub.ClientCalls.getUnchecked(ClientCalls.java:214)
	at org.apache.ratis.thirdparty.io.grpc.stub.ClientCalls.blockingUnaryCall(ClientCalls.java:139)
	at org.apache.ratis.proto.grpc.RaftServerProtocolServiceGrpc$RaftServerProtocolServiceBlockingStub.requestVote(RaftServerProtocolServiceGrpc.java:265)
	at org.apache.ratis.grpc.server.GrpcServerProtocolClient.requestVote(GrpcServerProtocolClient.java:99)
	at org.apache.ratis.grpc.server.GrpcService.requestVote(GrpcService.java:204)
	at org.apache.ratis.server.impl.LeaderElection.lambda$submitRequests$1(LeaderElection.java:234)
	at java.util.concurrent.FutureTask.run(FutureTask.java:266)
	at java.util.concurrent.Executors$RunnableAdapter.call(Executors.java:511)
	at java.util.concurrent.FutureTask.run(FutureTask.java:266)
	at java.util.concurrent.ThreadPoolExecutor.runWorker(ThreadPoolExecutor.java:1149)
	at java.util.concurrent.ThreadPoolExecutor$Worker.run(ThreadPoolExecutor.java:624)
	... 1 more
Caused by: org.apache.ratis.thirdparty.io.netty.channel.AbstractChannel$AnnotatedConnectException: Connection refused: /192.168.164.239:42501
	at sun.nio.ch.SocketChannelImpl.checkConnect(Native Method)
	at sun.nio.ch.SocketChannelImpl.finishConnect(SocketChannelImpl.java:717)
	at org.apache.ratis.thirdparty.io.netty.channel.socket.nio.NioSocketChannel.doFinishConnect(NioSocketChannel.java:327)
	at org.apache.ratis.thirdparty.io.netty.channel.nio.AbstractNioChannel$AbstractNioUnsafe.finishConnect(AbstractNioChannel.java:340)
	at org.apache.ratis.thirdparty.io.netty.channel.nio.NioEventLoop.processSelectedKey(NioEventLoop.java:632)
	at org.apache.ratis.thirdparty.io.netty.channel.nio.NioEventLoop.processSelectedKeysOptimized(NioEventLoop.java:579)
	at org.apache.ratis.thirdparty.io.netty.channel.nio.NioEventLoop.processSelectedKeys(NioEventLoop.java:496)
	at org.apache.ratis.thirdparty.io.netty.channel.nio.NioEventLoop.run(NioEventLoop.java:458)
	at org.apache.ratis.thirdparty.io.netty.util.concurrent.SingleThreadEventExecutor$5.run(SingleThreadEventExecutor.java:897)
	at org.apache.ratis.thirdparty.io.netty.util.concurrent.FastThreadLocalRunnable.run(FastThreadLocalRunnable.java:30)
	... 1 more
Caused by: java.net.ConnectException: Connection refused
	... 11 more
2019-10-15 16:29:50,978 [f5624850-682f-4ec5-bb5c-f79627fc299e@group-C25BD028928E-LeaderElection136] INFO  impl.RaftServerImpl (RaftServerImpl.java:setRole(184)) - f5624850-682f-4ec5-bb5c-f79627fc299e@group-C25BD028928E: changes role from CANDIDATE to FOLLOWER at term 124 for DISCOVERED_A_NEW_TERM
2019-10-15 16:29:50,979 [f5624850-682f-4ec5-bb5c-f79627fc299e@group-C25BD028928E-LeaderElection136] INFO  impl.RoleInfo (RoleInfo.java:shutdownLeaderElection(134)) - f5624850-682f-4ec5-bb5c-f79627fc299e: shutdown LeaderElection
2019-10-15 16:29:50,979 [f5624850-682f-4ec5-bb5c-f79627fc299e@group-C25BD028928E-LeaderElection136] INFO  impl.RoleInfo (RoleInfo.java:updateAndGet(143)) - f5624850-682f-4ec5-bb5c-f79627fc299e: start FollowerState
2019-10-15 16:29:51,147 [Thread-1394] INFO  impl.FollowerState (FollowerState.java:run(108)) - f5624850-682f-4ec5-bb5c-f79627fc299e@group-C25BD028928E-FollowerState: change to CANDIDATE, lastRpcTime:168ms, electionTimeout:168ms
2019-10-15 16:29:51,147 [Thread-1394] INFO  impl.RoleInfo (RoleInfo.java:shutdownFollowerState(121)) - f5624850-682f-4ec5-bb5c-f79627fc299e: shutdown FollowerState
2019-10-15 16:29:51,148 [Thread-1394] INFO  impl.RaftServerImpl (RaftServerImpl.java:setRole(184)) - f5624850-682f-4ec5-bb5c-f79627fc299e@group-C25BD028928E: changes role from  FOLLOWER to CANDIDATE at term 124 for changeToCandidate
2019-10-15 16:29:51,148 [Thread-1394] INFO  impl.RoleInfo (RoleInfo.java:updateAndGet(143)) - f5624850-682f-4ec5-bb5c-f79627fc299e: start LeaderElection
2019-10-15 16:29:51,178 [f5624850-682f-4ec5-bb5c-f79627fc299e@group-C25BD028928E-LeaderElection137] INFO  impl.LeaderElection (LeaderElection.java:askForVotes(178)) - f5624850-682f-4ec5-bb5c-f79627fc299e@group-C25BD028928E-LeaderElection137: begin an election at term 125 for -1: [f581660d-af3d-4f5f-b57d-f4cb54f048b9:192.168.164.239:42501, f5624850-682f-4ec5-bb5c-f79627fc299e:192.168.164.239:39499, 14091fe6-d183-4b46-be93-2ba964a39c73:192.168.164.239:34827], old=null
2019-10-15 16:29:51,179 [f5624850-682f-4ec5-bb5c-f79627fc299e@group-C25BD028928E-LeaderElection137] INFO  impl.LeaderElection (LogUtils.java:infoOrTrace(149)) - f5624850-682f-4ec5-bb5c-f79627fc299e@group-C25BD028928E-LeaderElection137 got exception when requesting votes: {}
java.util.concurrent.ExecutionException: org.apache.ratis.thirdparty.io.grpc.StatusRuntimeException: UNAVAILABLE: io exception
	at java.util.concurrent.FutureTask.report(FutureTask.java:122)
	at java.util.concurrent.FutureTask.get(FutureTask.java:192)
	at org.apache.ratis.server.impl.LeaderElection.waitForResults(LeaderElection.java:259)
	at org.apache.ratis.server.impl.LeaderElection.askForVotes(LeaderElection.java:197)
	at org.apache.ratis.server.impl.LeaderElection.run(LeaderElection.java:133)
	at java.lang.Thread.run(Thread.java:748)
Caused by: org.apache.ratis.thirdparty.io.grpc.StatusRuntimeException: UNAVAILABLE: io exception
	at org.apache.ratis.thirdparty.io.grpc.stub.ClientCalls.toStatusRuntimeException(ClientCalls.java:233)
	at org.apache.ratis.thirdparty.io.grpc.stub.ClientCalls.getUnchecked(ClientCalls.java:214)
	at org.apache.ratis.thirdparty.io.grpc.stub.ClientCalls.blockingUnaryCall(ClientCalls.java:139)
	at org.apache.ratis.proto.grpc.RaftServerProtocolServiceGrpc$RaftServerProtocolServiceBlockingStub.requestVote(RaftServerProtocolServiceGrpc.java:265)
	at org.apache.ratis.grpc.server.GrpcServerProtocolClient.requestVote(GrpcServerProtocolClient.java:99)
	at org.apache.ratis.grpc.server.GrpcService.requestVote(GrpcService.java:204)
	at org.apache.ratis.server.impl.LeaderElection.lambda$submitRequests$1(LeaderElection.java:234)
	at java.util.concurrent.FutureTask.run(FutureTask.java:266)
	at java.util.concurrent.Executors$RunnableAdapter.call(Executors.java:511)
	at java.util.concurrent.FutureTask.run(FutureTask.java:266)
	at java.util.concurrent.ThreadPoolExecutor.runWorker(ThreadPoolExecutor.java:1149)
	at java.util.concurrent.ThreadPoolExecutor$Worker.run(ThreadPoolExecutor.java:624)
	... 1 more
Caused by: org.apache.ratis.thirdparty.io.netty.channel.AbstractChannel$AnnotatedConnectException: Connection refused: /192.168.164.239:42501
	at sun.nio.ch.SocketChannelImpl.checkConnect(Native Method)
	at sun.nio.ch.SocketChannelImpl.finishConnect(SocketChannelImpl.java:717)
	at org.apache.ratis.thirdparty.io.netty.channel.socket.nio.NioSocketChannel.doFinishConnect(NioSocketChannel.java:327)
	at org.apache.ratis.thirdparty.io.netty.channel.nio.AbstractNioChannel$AbstractNioUnsafe.finishConnect(AbstractNioChannel.java:340)
	at org.apache.ratis.thirdparty.io.netty.channel.nio.NioEventLoop.processSelectedKey(NioEventLoop.java:632)
	at org.apache.ratis.thirdparty.io.netty.channel.nio.NioEventLoop.processSelectedKeysOptimized(NioEventLoop.java:579)
	at org.apache.ratis.thirdparty.io.netty.channel.nio.NioEventLoop.processSelectedKeys(NioEventLoop.java:496)
	at org.apache.ratis.thirdparty.io.netty.channel.nio.NioEventLoop.run(NioEventLoop.java:458)
	at org.apache.ratis.thirdparty.io.netty.util.concurrent.SingleThreadEventExecutor$5.run(SingleThreadEventExecutor.java:897)
	at org.apache.ratis.thirdparty.io.netty.util.concurrent.FastThreadLocalRunnable.run(FastThreadLocalRunnable.java:30)
	... 1 more
Caused by: java.net.ConnectException: Connection refused
	... 11 more
2019-10-15 16:29:51,184 [grpc-default-executor-11] INFO  impl.RaftServerImpl (RaftServerImpl.java:setRole(184)) - 14091fe6-d183-4b46-be93-2ba964a39c73@group-C25BD028928E: changes role from  FOLLOWER to FOLLOWER at term 125 for recognizeCandidate:f5624850-682f-4ec5-bb5c-f79627fc299e
2019-10-15 16:29:51,184 [grpc-default-executor-11] INFO  impl.RoleInfo (RoleInfo.java:shutdownFollowerState(121)) - 14091fe6-d183-4b46-be93-2ba964a39c73: shutdown FollowerState
2019-10-15 16:29:51,184 [grpc-default-executor-11] INFO  impl.RoleInfo (RoleInfo.java:updateAndGet(143)) - 14091fe6-d183-4b46-be93-2ba964a39c73: start FollowerState
2019-10-15 16:29:51,184 [Thread-1393] INFO  impl.FollowerState (FollowerState.java:run(117)) - 14091fe6-d183-4b46-be93-2ba964a39c73@group-C25BD028928E-FollowerState was interrupted: java.lang.InterruptedException: sleep interrupted
2019-10-15 16:29:51,212 [f5624850-682f-4ec5-bb5c-f79627fc299e@group-C25BD028928E-LeaderElection137] INFO  impl.LeaderElection (LeaderElection.java:logAndReturn(56)) - f5624850-682f-4ec5-bb5c-f79627fc299e@group-C25BD028928E-LeaderElection137: Election REJECTED; received 1 response(s) [f5624850-682f-4ec5-bb5c-f79627fc299e<-14091fe6-d183-4b46-be93-2ba964a39c73#0:FAIL-t125] and 1 exception(s); f5624850-682f-4ec5-bb5c-f79627fc299e@group-C25BD028928E:t125, leader=null, voted=f5624850-682f-4ec5-bb5c-f79627fc299e, raftlog=f5624850-682f-4ec5-bb5c-f79627fc299e@group-C25BD028928E-SegmentedRaftLog:OPENED:c-1,f-1,i0, conf=-1: [f581660d-af3d-4f5f-b57d-f4cb54f048b9:192.168.164.239:42501, f5624850-682f-4ec5-bb5c-f79627fc299e:192.168.164.239:39499, 14091fe6-d183-4b46-be93-2ba964a39c73:192.168.164.239:34827], old=null
2019-10-15 16:29:51,213 [f5624850-682f-4ec5-bb5c-f79627fc299e@group-C25BD028928E-LeaderElection137] INFO  impl.LeaderElection (LogUtils.java:infoOrTrace(149)) -   Exception 0: {}
java.util.concurrent.ExecutionException: org.apache.ratis.thirdparty.io.grpc.StatusRuntimeException: UNAVAILABLE: io exception
	at java.util.concurrent.FutureTask.report(FutureTask.java:122)
	at java.util.concurrent.FutureTask.get(FutureTask.java:192)
	at org.apache.ratis.server.impl.LeaderElection.waitForResults(LeaderElection.java:259)
	at org.apache.ratis.server.impl.LeaderElection.askForVotes(LeaderElection.java:197)
	at org.apache.ratis.server.impl.LeaderElection.run(LeaderElection.java:133)
	at java.lang.Thread.run(Thread.java:748)
Caused by: org.apache.ratis.thirdparty.io.grpc.StatusRuntimeException: UNAVAILABLE: io exception
	at org.apache.ratis.thirdparty.io.grpc.stub.ClientCalls.toStatusRuntimeException(ClientCalls.java:233)
	at org.apache.ratis.thirdparty.io.grpc.stub.ClientCalls.getUnchecked(ClientCalls.java:214)
	at org.apache.ratis.thirdparty.io.grpc.stub.ClientCalls.blockingUnaryCall(ClientCalls.java:139)
	at org.apache.ratis.proto.grpc.RaftServerProtocolServiceGrpc$RaftServerProtocolServiceBlockingStub.requestVote(RaftServerProtocolServiceGrpc.java:265)
	at org.apache.ratis.grpc.server.GrpcServerProtocolClient.requestVote(GrpcServerProtocolClient.java:99)
	at org.apache.ratis.grpc.server.GrpcService.requestVote(GrpcService.java:204)
	at org.apache.ratis.server.impl.LeaderElection.lambda$submitRequests$1(LeaderElection.java:234)
	at java.util.concurrent.FutureTask.run(FutureTask.java:266)
	at java.util.concurrent.Executors$RunnableAdapter.call(Executors.java:511)
	at java.util.concurrent.FutureTask.run(FutureTask.java:266)
	at java.util.concurrent.ThreadPoolExecutor.runWorker(ThreadPoolExecutor.java:1149)
	at java.util.concurrent.ThreadPoolExecutor$Worker.run(ThreadPoolExecutor.java:624)
	... 1 more
Caused by: org.apache.ratis.thirdparty.io.netty.channel.AbstractChannel$AnnotatedConnectException: Connection refused: /192.168.164.239:42501
	at sun.nio.ch.SocketChannelImpl.checkConnect(Native Method)
	at sun.nio.ch.SocketChannelImpl.finishConnect(SocketChannelImpl.java:717)
	at org.apache.ratis.thirdparty.io.netty.channel.socket.nio.NioSocketChannel.doFinishConnect(NioSocketChannel.java:327)
	at org.apache.ratis.thirdparty.io.netty.channel.nio.AbstractNioChannel$AbstractNioUnsafe.finishConnect(AbstractNioChannel.java:340)
	at org.apache.ratis.thirdparty.io.netty.channel.nio.NioEventLoop.processSelectedKey(NioEventLoop.java:632)
	at org.apache.ratis.thirdparty.io.netty.channel.nio.NioEventLoop.processSelectedKeysOptimized(NioEventLoop.java:579)
	at org.apache.ratis.thirdparty.io.netty.channel.nio.NioEventLoop.processSelectedKeys(NioEventLoop.java:496)
	at org.apache.ratis.thirdparty.io.netty.channel.nio.NioEventLoop.run(NioEventLoop.java:458)
	at org.apache.ratis.thirdparty.io.netty.util.concurrent.SingleThreadEventExecutor$5.run(SingleThreadEventExecutor.java:897)
	at org.apache.ratis.thirdparty.io.netty.util.concurrent.FastThreadLocalRunnable.run(FastThreadLocalRunnable.java:30)
	... 1 more
Caused by: java.net.ConnectException: Connection refused
	... 11 more
2019-10-15 16:29:51,214 [f5624850-682f-4ec5-bb5c-f79627fc299e@group-C25BD028928E-LeaderElection137] INFO  impl.RaftServerImpl (RaftServerImpl.java:setRole(184)) - f5624850-682f-4ec5-bb5c-f79627fc299e@group-C25BD028928E: changes role from CANDIDATE to FOLLOWER at term 125 for DISCOVERED_A_NEW_TERM
2019-10-15 16:29:51,214 [f5624850-682f-4ec5-bb5c-f79627fc299e@group-C25BD028928E-LeaderElection137] INFO  impl.RoleInfo (RoleInfo.java:shutdownLeaderElection(134)) - f5624850-682f-4ec5-bb5c-f79627fc299e: shutdown LeaderElection
2019-10-15 16:29:51,214 [f5624850-682f-4ec5-bb5c-f79627fc299e@group-C25BD028928E-LeaderElection137] INFO  impl.RoleInfo (RoleInfo.java:updateAndGet(143)) - f5624850-682f-4ec5-bb5c-f79627fc299e: start FollowerState
2019-10-15 16:29:51,240 [Thread-1402] INFO  impl.FollowerState (FollowerState.java:run(108)) - f5624850-682f-4ec5-bb5c-f79627fc299e@group-C25BD028928E-FollowerState: change to CANDIDATE, lastRpcTime:26ms, electionTimeout:26ms
2019-10-15 16:29:51,241 [Thread-1402] INFO  impl.RoleInfo (RoleInfo.java:shutdownFollowerState(121)) - f5624850-682f-4ec5-bb5c-f79627fc299e: shutdown FollowerState
2019-10-15 16:29:51,241 [Thread-1402] INFO  impl.RaftServerImpl (RaftServerImpl.java:setRole(184)) - f5624850-682f-4ec5-bb5c-f79627fc299e@group-C25BD028928E: changes role from  FOLLOWER to CANDIDATE at term 125 for changeToCandidate
2019-10-15 16:29:51,241 [Thread-1402] INFO  impl.RoleInfo (RoleInfo.java:updateAndGet(143)) - f5624850-682f-4ec5-bb5c-f79627fc299e: start LeaderElection
2019-10-15 16:29:51,270 [f5624850-682f-4ec5-bb5c-f79627fc299e@group-C25BD028928E-LeaderElection138] INFO  impl.LeaderElection (LeaderElection.java:askForVotes(178)) - f5624850-682f-4ec5-bb5c-f79627fc299e@group-C25BD028928E-LeaderElection138: begin an election at term 126 for -1: [f581660d-af3d-4f5f-b57d-f4cb54f048b9:192.168.164.239:42501, f5624850-682f-4ec5-bb5c-f79627fc299e:192.168.164.239:39499, 14091fe6-d183-4b46-be93-2ba964a39c73:192.168.164.239:34827], old=null
2019-10-15 16:29:51,271 [f5624850-682f-4ec5-bb5c-f79627fc299e@group-C25BD028928E-LeaderElection138] INFO  impl.LeaderElection (LogUtils.java:infoOrTrace(149)) - f5624850-682f-4ec5-bb5c-f79627fc299e@group-C25BD028928E-LeaderElection138 got exception when requesting votes: {}
java.util.concurrent.ExecutionException: org.apache.ratis.thirdparty.io.grpc.StatusRuntimeException: UNAVAILABLE: io exception
	at java.util.concurrent.FutureTask.report(FutureTask.java:122)
	at java.util.concurrent.FutureTask.get(FutureTask.java:192)
	at org.apache.ratis.server.impl.LeaderElection.waitForResults(LeaderElection.java:259)
	at org.apache.ratis.server.impl.LeaderElection.askForVotes(LeaderElection.java:197)
	at org.apache.ratis.server.impl.LeaderElection.run(LeaderElection.java:133)
	at java.lang.Thread.run(Thread.java:748)
Caused by: org.apache.ratis.thirdparty.io.grpc.StatusRuntimeException: UNAVAILABLE: io exception
	at org.apache.ratis.thirdparty.io.grpc.stub.ClientCalls.toStatusRuntimeException(ClientCalls.java:233)
	at org.apache.ratis.thirdparty.io.grpc.stub.ClientCalls.getUnchecked(ClientCalls.java:214)
	at org.apache.ratis.thirdparty.io.grpc.stub.ClientCalls.blockingUnaryCall(ClientCalls.java:139)
	at org.apache.ratis.proto.grpc.RaftServerProtocolServiceGrpc$RaftServerProtocolServiceBlockingStub.requestVote(RaftServerProtocolServiceGrpc.java:265)
	at org.apache.ratis.grpc.server.GrpcServerProtocolClient.requestVote(GrpcServerProtocolClient.java:99)
	at org.apache.ratis.grpc.server.GrpcService.requestVote(GrpcService.java:204)
	at org.apache.ratis.server.impl.LeaderElection.lambda$submitRequests$1(LeaderElection.java:234)
	at java.util.concurrent.FutureTask.run(FutureTask.java:266)
	at java.util.concurrent.Executors$RunnableAdapter.call(Executors.java:511)
	at java.util.concurrent.FutureTask.run(FutureTask.java:266)
	at java.util.concurrent.ThreadPoolExecutor.runWorker(ThreadPoolExecutor.java:1149)
	at java.util.concurrent.ThreadPoolExecutor$Worker.run(ThreadPoolExecutor.java:624)
	... 1 more
Caused by: org.apache.ratis.thirdparty.io.netty.channel.AbstractChannel$AnnotatedConnectException: Connection refused: /192.168.164.239:42501
	at sun.nio.ch.SocketChannelImpl.checkConnect(Native Method)
	at sun.nio.ch.SocketChannelImpl.finishConnect(SocketChannelImpl.java:717)
	at org.apache.ratis.thirdparty.io.netty.channel.socket.nio.NioSocketChannel.doFinishConnect(NioSocketChannel.java:327)
	at org.apache.ratis.thirdparty.io.netty.channel.nio.AbstractNioChannel$AbstractNioUnsafe.finishConnect(AbstractNioChannel.java:340)
	at org.apache.ratis.thirdparty.io.netty.channel.nio.NioEventLoop.processSelectedKey(NioEventLoop.java:632)
	at org.apache.ratis.thirdparty.io.netty.channel.nio.NioEventLoop.processSelectedKeysOptimized(NioEventLoop.java:579)
	at org.apache.ratis.thirdparty.io.netty.channel.nio.NioEventLoop.processSelectedKeys(NioEventLoop.java:496)
	at org.apache.ratis.thirdparty.io.netty.channel.nio.NioEventLoop.run(NioEventLoop.java:458)
	at org.apache.ratis.thirdparty.io.netty.util.concurrent.SingleThreadEventExecutor$5.run(SingleThreadEventExecutor.java:897)
	at org.apache.ratis.thirdparty.io.netty.util.concurrent.FastThreadLocalRunnable.run(FastThreadLocalRunnable.java:30)
	... 1 more
Caused by: java.net.ConnectException: Connection refused
	... 11 more
2019-10-15 16:29:51,274 [grpc-default-executor-11] INFO  impl.RaftServerImpl (RaftServerImpl.java:setRole(184)) - 14091fe6-d183-4b46-be93-2ba964a39c73@group-C25BD028928E: changes role from  FOLLOWER to FOLLOWER at term 126 for recognizeCandidate:f5624850-682f-4ec5-bb5c-f79627fc299e
2019-10-15 16:29:51,274 [grpc-default-executor-11] INFO  impl.RoleInfo (RoleInfo.java:shutdownFollowerState(121)) - 14091fe6-d183-4b46-be93-2ba964a39c73: shutdown FollowerState
2019-10-15 16:29:51,275 [grpc-default-executor-11] INFO  impl.RoleInfo (RoleInfo.java:updateAndGet(143)) - 14091fe6-d183-4b46-be93-2ba964a39c73: start FollowerState
2019-10-15 16:29:51,275 [Thread-1401] INFO  impl.FollowerState (FollowerState.java:run(117)) - 14091fe6-d183-4b46-be93-2ba964a39c73@group-C25BD028928E-FollowerState was interrupted: java.lang.InterruptedException: sleep interrupted
2019-10-15 16:29:51,305 [f5624850-682f-4ec5-bb5c-f79627fc299e@group-C25BD028928E-LeaderElection138] INFO  impl.LeaderElection (LeaderElection.java:logAndReturn(56)) - f5624850-682f-4ec5-bb5c-f79627fc299e@group-C25BD028928E-LeaderElection138: Election REJECTED; received 1 response(s) [f5624850-682f-4ec5-bb5c-f79627fc299e<-14091fe6-d183-4b46-be93-2ba964a39c73#0:FAIL-t126] and 1 exception(s); f5624850-682f-4ec5-bb5c-f79627fc299e@group-C25BD028928E:t126, leader=null, voted=f5624850-682f-4ec5-bb5c-f79627fc299e, raftlog=f5624850-682f-4ec5-bb5c-f79627fc299e@group-C25BD028928E-SegmentedRaftLog:OPENED:c-1,f-1,i0, conf=-1: [f581660d-af3d-4f5f-b57d-f4cb54f048b9:192.168.164.239:42501, f5624850-682f-4ec5-bb5c-f79627fc299e:192.168.164.239:39499, 14091fe6-d183-4b46-be93-2ba964a39c73:192.168.164.239:34827], old=null
2019-10-15 16:29:51,305 [f5624850-682f-4ec5-bb5c-f79627fc299e@group-C25BD028928E-LeaderElection138] INFO  impl.LeaderElection (LogUtils.java:infoOrTrace(149)) -   Exception 0: {}
java.util.concurrent.ExecutionException: org.apache.ratis.thirdparty.io.grpc.StatusRuntimeException: UNAVAILABLE: io exception
	at java.util.concurrent.FutureTask.report(FutureTask.java:122)
	at java.util.concurrent.FutureTask.get(FutureTask.java:192)
	at org.apache.ratis.server.impl.LeaderElection.waitForResults(LeaderElection.java:259)
	at org.apache.ratis.server.impl.LeaderElection.askForVotes(LeaderElection.java:197)
	at org.apache.ratis.server.impl.LeaderElection.run(LeaderElection.java:133)
	at java.lang.Thread.run(Thread.java:748)
Caused by: org.apache.ratis.thirdparty.io.grpc.StatusRuntimeException: UNAVAILABLE: io exception
	at org.apache.ratis.thirdparty.io.grpc.stub.ClientCalls.toStatusRuntimeException(ClientCalls.java:233)
	at org.apache.ratis.thirdparty.io.grpc.stub.ClientCalls.getUnchecked(ClientCalls.java:214)
	at org.apache.ratis.thirdparty.io.grpc.stub.ClientCalls.blockingUnaryCall(ClientCalls.java:139)
	at org.apache.ratis.proto.grpc.RaftServerProtocolServiceGrpc$RaftServerProtocolServiceBlockingStub.requestVote(RaftServerProtocolServiceGrpc.java:265)
	at org.apache.ratis.grpc.server.GrpcServerProtocolClient.requestVote(GrpcServerProtocolClient.java:99)
	at org.apache.ratis.grpc.server.GrpcService.requestVote(GrpcService.java:204)
	at org.apache.ratis.server.impl.LeaderElection.lambda$submitRequests$1(LeaderElection.java:234)
	at java.util.concurrent.FutureTask.run(FutureTask.java:266)
	at java.util.concurrent.Executors$RunnableAdapter.call(Executors.java:511)
	at java.util.concurrent.FutureTask.run(FutureTask.java:266)
	at java.util.concurrent.ThreadPoolExecutor.runWorker(ThreadPoolExecutor.java:1149)
	at java.util.concurrent.ThreadPoolExecutor$Worker.run(ThreadPoolExecutor.java:624)
	... 1 more
Caused by: org.apache.ratis.thirdparty.io.netty.channel.AbstractChannel$AnnotatedConnectException: Connection refused: /192.168.164.239:42501
	at sun.nio.ch.SocketChannelImpl.checkConnect(Native Method)
	at sun.nio.ch.SocketChannelImpl.finishConnect(SocketChannelImpl.java:717)
	at org.apache.ratis.thirdparty.io.netty.channel.socket.nio.NioSocketChannel.doFinishConnect(NioSocketChannel.java:327)
	at org.apache.ratis.thirdparty.io.netty.channel.nio.AbstractNioChannel$AbstractNioUnsafe.finishConnect(AbstractNioChannel.java:340)
	at org.apache.ratis.thirdparty.io.netty.channel.nio.NioEventLoop.processSelectedKey(NioEventLoop.java:632)
	at org.apache.ratis.thirdparty.io.netty.channel.nio.NioEventLoop.processSelectedKeysOptimized(NioEventLoop.java:579)
	at org.apache.ratis.thirdparty.io.netty.channel.nio.NioEventLoop.processSelectedKeys(NioEventLoop.java:496)
	at org.apache.ratis.thirdparty.io.netty.channel.nio.NioEventLoop.run(NioEventLoop.java:458)
	at org.apache.ratis.thirdparty.io.netty.util.concurrent.SingleThreadEventExecutor$5.run(SingleThreadEventExecutor.java:897)
	at org.apache.ratis.thirdparty.io.netty.util.concurrent.FastThreadLocalRunnable.run(FastThreadLocalRunnable.java:30)
	... 1 more
Caused by: java.net.ConnectException: Connection refused
	... 11 more
2019-10-15 16:29:51,305 [f5624850-682f-4ec5-bb5c-f79627fc299e@group-C25BD028928E-LeaderElection138] INFO  impl.RaftServerImpl (RaftServerImpl.java:setRole(184)) - f5624850-682f-4ec5-bb5c-f79627fc299e@group-C25BD028928E: changes role from CANDIDATE to FOLLOWER at term 126 for DISCOVERED_A_NEW_TERM
2019-10-15 16:29:51,305 [f5624850-682f-4ec5-bb5c-f79627fc299e@group-C25BD028928E-LeaderElection138] INFO  impl.RoleInfo (RoleInfo.java:shutdownLeaderElection(134)) - f5624850-682f-4ec5-bb5c-f79627fc299e: shutdown LeaderElection
2019-10-15 16:29:51,305 [f5624850-682f-4ec5-bb5c-f79627fc299e@group-C25BD028928E-LeaderElection138] INFO  impl.RoleInfo (RoleInfo.java:updateAndGet(143)) - f5624850-682f-4ec5-bb5c-f79627fc299e: start FollowerState
2019-10-15 16:29:51,355 [Thread-1407] INFO  impl.FollowerState (FollowerState.java:run(108)) - f5624850-682f-4ec5-bb5c-f79627fc299e@group-C25BD028928E-FollowerState: change to CANDIDATE, lastRpcTime:50ms, electionTimeout:50ms
2019-10-15 16:29:51,356 [Thread-1407] INFO  impl.RoleInfo (RoleInfo.java:shutdownFollowerState(121)) - f5624850-682f-4ec5-bb5c-f79627fc299e: shutdown FollowerState
2019-10-15 16:29:51,356 [Thread-1407] INFO  impl.RaftServerImpl (RaftServerImpl.java:setRole(184)) - f5624850-682f-4ec5-bb5c-f79627fc299e@group-C25BD028928E: changes role from  FOLLOWER to CANDIDATE at term 126 for changeToCandidate
2019-10-15 16:29:51,356 [Thread-1407] INFO  impl.RoleInfo (RoleInfo.java:updateAndGet(143)) - f5624850-682f-4ec5-bb5c-f79627fc299e: start LeaderElection
2019-10-15 16:29:51,379 [f5624850-682f-4ec5-bb5c-f79627fc299e@group-C25BD028928E-LeaderElection139] INFO  impl.LeaderElection (LeaderElection.java:askForVotes(178)) - f5624850-682f-4ec5-bb5c-f79627fc299e@group-C25BD028928E-LeaderElection139: begin an election at term 127 for -1: [f581660d-af3d-4f5f-b57d-f4cb54f048b9:192.168.164.239:42501, f5624850-682f-4ec5-bb5c-f79627fc299e:192.168.164.239:39499, 14091fe6-d183-4b46-be93-2ba964a39c73:192.168.164.239:34827], old=null
2019-10-15 16:29:51,380 [f5624850-682f-4ec5-bb5c-f79627fc299e@group-C25BD028928E-LeaderElection139] INFO  impl.LeaderElection (LogUtils.java:infoOrTrace(149)) - f5624850-682f-4ec5-bb5c-f79627fc299e@group-C25BD028928E-LeaderElection139 got exception when requesting votes: {}
java.util.concurrent.ExecutionException: org.apache.ratis.thirdparty.io.grpc.StatusRuntimeException: UNAVAILABLE: io exception
	at java.util.concurrent.FutureTask.report(FutureTask.java:122)
	at java.util.concurrent.FutureTask.get(FutureTask.java:192)
	at org.apache.ratis.server.impl.LeaderElection.waitForResults(LeaderElection.java:259)
	at org.apache.ratis.server.impl.LeaderElection.askForVotes(LeaderElection.java:197)
	at org.apache.ratis.server.impl.LeaderElection.run(LeaderElection.java:133)
	at java.lang.Thread.run(Thread.java:748)
Caused by: org.apache.ratis.thirdparty.io.grpc.StatusRuntimeException: UNAVAILABLE: io exception
	at org.apache.ratis.thirdparty.io.grpc.stub.ClientCalls.toStatusRuntimeException(ClientCalls.java:233)
	at org.apache.ratis.thirdparty.io.grpc.stub.ClientCalls.getUnchecked(ClientCalls.java:214)
	at org.apache.ratis.thirdparty.io.grpc.stub.ClientCalls.blockingUnaryCall(ClientCalls.java:139)
	at org.apache.ratis.proto.grpc.RaftServerProtocolServiceGrpc$RaftServerProtocolServiceBlockingStub.requestVote(RaftServerProtocolServiceGrpc.java:265)
	at org.apache.ratis.grpc.server.GrpcServerProtocolClient.requestVote(GrpcServerProtocolClient.java:99)
	at org.apache.ratis.grpc.server.GrpcService.requestVote(GrpcService.java:204)
	at org.apache.ratis.server.impl.LeaderElection.lambda$submitRequests$1(LeaderElection.java:234)
	at java.util.concurrent.FutureTask.run(FutureTask.java:266)
	at java.util.concurrent.Executors$RunnableAdapter.call(Executors.java:511)
	at java.util.concurrent.FutureTask.run(FutureTask.java:266)
	at java.util.concurrent.ThreadPoolExecutor.runWorker(ThreadPoolExecutor.java:1149)
	at java.util.concurrent.ThreadPoolExecutor$Worker.run(ThreadPoolExecutor.java:624)
	... 1 more
Caused by: org.apache.ratis.thirdparty.io.netty.channel.AbstractChannel$AnnotatedConnectException: Connection refused: /192.168.164.239:42501
	at sun.nio.ch.SocketChannelImpl.checkConnect(Native Method)
	at sun.nio.ch.SocketChannelImpl.finishConnect(SocketChannelImpl.java:717)
	at org.apache.ratis.thirdparty.io.netty.channel.socket.nio.NioSocketChannel.doFinishConnect(NioSocketChannel.java:327)
	at org.apache.ratis.thirdparty.io.netty.channel.nio.AbstractNioChannel$AbstractNioUnsafe.finishConnect(AbstractNioChannel.java:340)
	at org.apache.ratis.thirdparty.io.netty.channel.nio.NioEventLoop.processSelectedKey(NioEventLoop.java:632)
	at org.apache.ratis.thirdparty.io.netty.channel.nio.NioEventLoop.processSelectedKeysOptimized(NioEventLoop.java:579)
	at org.apache.ratis.thirdparty.io.netty.channel.nio.NioEventLoop.processSelectedKeys(NioEventLoop.java:496)
	at org.apache.ratis.thirdparty.io.netty.channel.nio.NioEventLoop.run(NioEventLoop.java:458)
	at org.apache.ratis.thirdparty.io.netty.util.concurrent.SingleThreadEventExecutor$5.run(SingleThreadEventExecutor.java:897)
	at org.apache.ratis.thirdparty.io.netty.util.concurrent.FastThreadLocalRunnable.run(FastThreadLocalRunnable.java:30)
	... 1 more
Caused by: java.net.ConnectException: Connection refused
	... 11 more
2019-10-15 16:29:51,384 [grpc-default-executor-11] INFO  impl.RaftServerImpl (RaftServerImpl.java:setRole(184)) - 14091fe6-d183-4b46-be93-2ba964a39c73@group-C25BD028928E: changes role from  FOLLOWER to FOLLOWER at term 127 for recognizeCandidate:f5624850-682f-4ec5-bb5c-f79627fc299e
2019-10-15 16:29:51,384 [grpc-default-executor-11] INFO  impl.RoleInfo (RoleInfo.java:shutdownFollowerState(121)) - 14091fe6-d183-4b46-be93-2ba964a39c73: shutdown FollowerState
2019-10-15 16:29:51,384 [grpc-default-executor-11] INFO  impl.RoleInfo (RoleInfo.java:updateAndGet(143)) - 14091fe6-d183-4b46-be93-2ba964a39c73: start FollowerState
2019-10-15 16:29:51,384 [Thread-1406] INFO  impl.FollowerState (FollowerState.java:run(117)) - 14091fe6-d183-4b46-be93-2ba964a39c73@group-C25BD028928E-FollowerState was interrupted: java.lang.InterruptedException: sleep interrupted
2019-10-15 16:29:51,414 [f5624850-682f-4ec5-bb5c-f79627fc299e@group-C25BD028928E-LeaderElection139] INFO  impl.LeaderElection (LeaderElection.java:logAndReturn(56)) - f5624850-682f-4ec5-bb5c-f79627fc299e@group-C25BD028928E-LeaderElection139: Election REJECTED; received 1 response(s) [f5624850-682f-4ec5-bb5c-f79627fc299e<-14091fe6-d183-4b46-be93-2ba964a39c73#0:FAIL-t127] and 1 exception(s); f5624850-682f-4ec5-bb5c-f79627fc299e@group-C25BD028928E:t127, leader=null, voted=f5624850-682f-4ec5-bb5c-f79627fc299e, raftlog=f5624850-682f-4ec5-bb5c-f79627fc299e@group-C25BD028928E-SegmentedRaftLog:OPENED:c-1,f-1,i0, conf=-1: [f581660d-af3d-4f5f-b57d-f4cb54f048b9:192.168.164.239:42501, f5624850-682f-4ec5-bb5c-f79627fc299e:192.168.164.239:39499, 14091fe6-d183-4b46-be93-2ba964a39c73:192.168.164.239:34827], old=null
2019-10-15 16:29:51,414 [f5624850-682f-4ec5-bb5c-f79627fc299e@group-C25BD028928E-LeaderElection139] INFO  impl.LeaderElection (LogUtils.java:infoOrTrace(149)) -   Exception 0: {}
java.util.concurrent.ExecutionException: org.apache.ratis.thirdparty.io.grpc.StatusRuntimeException: UNAVAILABLE: io exception
	at java.util.concurrent.FutureTask.report(FutureTask.java:122)
	at java.util.concurrent.FutureTask.get(FutureTask.java:192)
	at org.apache.ratis.server.impl.LeaderElection.waitForResults(LeaderElection.java:259)
	at org.apache.ratis.server.impl.LeaderElection.askForVotes(LeaderElection.java:197)
	at org.apache.ratis.server.impl.LeaderElection.run(LeaderElection.java:133)
	at java.lang.Thread.run(Thread.java:748)
Caused by: org.apache.ratis.thirdparty.io.grpc.StatusRuntimeException: UNAVAILABLE: io exception
	at org.apache.ratis.thirdparty.io.grpc.stub.ClientCalls.toStatusRuntimeException(ClientCalls.java:233)
	at org.apache.ratis.thirdparty.io.grpc.stub.ClientCalls.getUnchecked(ClientCalls.java:214)
	at org.apache.ratis.thirdparty.io.grpc.stub.ClientCalls.blockingUnaryCall(ClientCalls.java:139)
	at org.apache.ratis.proto.grpc.RaftServerProtocolServiceGrpc$RaftServerProtocolServiceBlockingStub.requestVote(RaftServerProtocolServiceGrpc.java:265)
	at org.apache.ratis.grpc.server.GrpcServerProtocolClient.requestVote(GrpcServerProtocolClient.java:99)
	at org.apache.ratis.grpc.server.GrpcService.requestVote(GrpcService.java:204)
	at org.apache.ratis.server.impl.LeaderElection.lambda$submitRequests$1(LeaderElection.java:234)
	at java.util.concurrent.FutureTask.run(FutureTask.java:266)
	at java.util.concurrent.Executors$RunnableAdapter.call(Executors.java:511)
	at java.util.concurrent.FutureTask.run(FutureTask.java:266)
	at java.util.concurrent.ThreadPoolExecutor.runWorker(ThreadPoolExecutor.java:1149)
	at java.util.concurrent.ThreadPoolExecutor$Worker.run(ThreadPoolExecutor.java:624)
	... 1 more
Caused by: org.apache.ratis.thirdparty.io.netty.channel.AbstractChannel$AnnotatedConnectException: Connection refused: /192.168.164.239:42501
	at sun.nio.ch.SocketChannelImpl.checkConnect(Native Method)
	at sun.nio.ch.SocketChannelImpl.finishConnect(SocketChannelImpl.java:717)
	at org.apache.ratis.thirdparty.io.netty.channel.socket.nio.NioSocketChannel.doFinishConnect(NioSocketChannel.java:327)
	at org.apache.ratis.thirdparty.io.netty.channel.nio.AbstractNioChannel$AbstractNioUnsafe.finishConnect(AbstractNioChannel.java:340)
	at org.apache.ratis.thirdparty.io.netty.channel.nio.NioEventLoop.processSelectedKey(NioEventLoop.java:632)
	at org.apache.ratis.thirdparty.io.netty.channel.nio.NioEventLoop.processSelectedKeysOptimized(NioEventLoop.java:579)
	at org.apache.ratis.thirdparty.io.netty.channel.nio.NioEventLoop.processSelectedKeys(NioEventLoop.java:496)
	at org.apache.ratis.thirdparty.io.netty.channel.nio.NioEventLoop.run(NioEventLoop.java:458)
	at org.apache.ratis.thirdparty.io.netty.util.concurrent.SingleThreadEventExecutor$5.run(SingleThreadEventExecutor.java:897)
	at org.apache.ratis.thirdparty.io.netty.util.concurrent.FastThreadLocalRunnable.run(FastThreadLocalRunnable.java:30)
	... 1 more
Caused by: java.net.ConnectException: Connection refused
	... 11 more
2019-10-15 16:29:51,414 [f5624850-682f-4ec5-bb5c-f79627fc299e@group-C25BD028928E-LeaderElection139] INFO  impl.RaftServerImpl (RaftServerImpl.java:setRole(184)) - f5624850-682f-4ec5-bb5c-f79627fc299e@group-C25BD028928E: changes role from CANDIDATE to FOLLOWER at term 127 for DISCOVERED_A_NEW_TERM
2019-10-15 16:29:51,414 [f5624850-682f-4ec5-bb5c-f79627fc299e@group-C25BD028928E-LeaderElection139] INFO  impl.RoleInfo (RoleInfo.java:shutdownLeaderElection(134)) - f5624850-682f-4ec5-bb5c-f79627fc299e: shutdown LeaderElection
2019-10-15 16:29:51,414 [f5624850-682f-4ec5-bb5c-f79627fc299e@group-C25BD028928E-LeaderElection139] INFO  impl.RoleInfo (RoleInfo.java:updateAndGet(143)) - f5624850-682f-4ec5-bb5c-f79627fc299e: start FollowerState
2019-10-15 16:29:51,474 [Thread-1412] INFO  impl.FollowerState (FollowerState.java:run(108)) - f5624850-682f-4ec5-bb5c-f79627fc299e@group-C25BD028928E-FollowerState: change to CANDIDATE, lastRpcTime:59ms, electionTimeout:59ms
2019-10-15 16:29:51,474 [Thread-1412] INFO  impl.RoleInfo (RoleInfo.java:shutdownFollowerState(121)) - f5624850-682f-4ec5-bb5c-f79627fc299e: shutdown FollowerState
2019-10-15 16:29:51,474 [Thread-1412] INFO  impl.RaftServerImpl (RaftServerImpl.java:setRole(184)) - f5624850-682f-4ec5-bb5c-f79627fc299e@group-C25BD028928E: changes role from  FOLLOWER to CANDIDATE at term 127 for changeToCandidate
2019-10-15 16:29:51,474 [Thread-1412] INFO  impl.RoleInfo (RoleInfo.java:updateAndGet(143)) - f5624850-682f-4ec5-bb5c-f79627fc299e: start LeaderElection
2019-10-15 16:29:51,497 [f5624850-682f-4ec5-bb5c-f79627fc299e@group-C25BD028928E-LeaderElection140] INFO  impl.LeaderElection (LeaderElection.java:askForVotes(178)) - f5624850-682f-4ec5-bb5c-f79627fc299e@group-C25BD028928E-LeaderElection140: begin an election at term 128 for -1: [f581660d-af3d-4f5f-b57d-f4cb54f048b9:192.168.164.239:42501, f5624850-682f-4ec5-bb5c-f79627fc299e:192.168.164.239:39499, 14091fe6-d183-4b46-be93-2ba964a39c73:192.168.164.239:34827], old=null
2019-10-15 16:29:51,498 [f5624850-682f-4ec5-bb5c-f79627fc299e@group-C25BD028928E-LeaderElection140] INFO  impl.LeaderElection (LogUtils.java:infoOrTrace(149)) - f5624850-682f-4ec5-bb5c-f79627fc299e@group-C25BD028928E-LeaderElection140 got exception when requesting votes: {}
java.util.concurrent.ExecutionException: org.apache.ratis.thirdparty.io.grpc.StatusRuntimeException: UNAVAILABLE: io exception
	at java.util.concurrent.FutureTask.report(FutureTask.java:122)
	at java.util.concurrent.FutureTask.get(FutureTask.java:192)
	at org.apache.ratis.server.impl.LeaderElection.waitForResults(LeaderElection.java:259)
	at org.apache.ratis.server.impl.LeaderElection.askForVotes(LeaderElection.java:197)
	at org.apache.ratis.server.impl.LeaderElection.run(LeaderElection.java:133)
	at java.lang.Thread.run(Thread.java:748)
Caused by: org.apache.ratis.thirdparty.io.grpc.StatusRuntimeException: UNAVAILABLE: io exception
	at org.apache.ratis.thirdparty.io.grpc.stub.ClientCalls.toStatusRuntimeException(ClientCalls.java:233)
	at org.apache.ratis.thirdparty.io.grpc.stub.ClientCalls.getUnchecked(ClientCalls.java:214)
	at org.apache.ratis.thirdparty.io.grpc.stub.ClientCalls.blockingUnaryCall(ClientCalls.java:139)
	at org.apache.ratis.proto.grpc.RaftServerProtocolServiceGrpc$RaftServerProtocolServiceBlockingStub.requestVote(RaftServerProtocolServiceGrpc.java:265)
	at org.apache.ratis.grpc.server.GrpcServerProtocolClient.requestVote(GrpcServerProtocolClient.java:99)
	at org.apache.ratis.grpc.server.GrpcService.requestVote(GrpcService.java:204)
	at org.apache.ratis.server.impl.LeaderElection.lambda$submitRequests$1(LeaderElection.java:234)
	at java.util.concurrent.FutureTask.run(FutureTask.java:266)
	at java.util.concurrent.Executors$RunnableAdapter.call(Executors.java:511)
	at java.util.concurrent.FutureTask.run(FutureTask.java:266)
	at java.util.concurrent.ThreadPoolExecutor.runWorker(ThreadPoolExecutor.java:1149)
	at java.util.concurrent.ThreadPoolExecutor$Worker.run(ThreadPoolExecutor.java:624)
	... 1 more
Caused by: org.apache.ratis.thirdparty.io.netty.channel.AbstractChannel$AnnotatedConnectException: Connection refused: /192.168.164.239:42501
	at sun.nio.ch.SocketChannelImpl.checkConnect(Native Method)
	at sun.nio.ch.SocketChannelImpl.finishConnect(SocketChannelImpl.java:717)
	at org.apache.ratis.thirdparty.io.netty.channel.socket.nio.NioSocketChannel.doFinishConnect(NioSocketChannel.java:327)
	at org.apache.ratis.thirdparty.io.netty.channel.nio.AbstractNioChannel$AbstractNioUnsafe.finishConnect(AbstractNioChannel.java:340)
	at org.apache.ratis.thirdparty.io.netty.channel.nio.NioEventLoop.processSelectedKey(NioEventLoop.java:632)
	at org.apache.ratis.thirdparty.io.netty.channel.nio.NioEventLoop.processSelectedKeysOptimized(NioEventLoop.java:579)
	at org.apache.ratis.thirdparty.io.netty.channel.nio.NioEventLoop.processSelectedKeys(NioEventLoop.java:496)
	at org.apache.ratis.thirdparty.io.netty.channel.nio.NioEventLoop.run(NioEventLoop.java:458)
	at org.apache.ratis.thirdparty.io.netty.util.concurrent.SingleThreadEventExecutor$5.run(SingleThreadEventExecutor.java:897)
	at org.apache.ratis.thirdparty.io.netty.util.concurrent.FastThreadLocalRunnable.run(FastThreadLocalRunnable.java:30)
	... 1 more
Caused by: java.net.ConnectException: Connection refused
	... 11 more
2019-10-15 16:29:51,501 [grpc-default-executor-11] INFO  impl.RaftServerImpl (RaftServerImpl.java:setRole(184)) - 14091fe6-d183-4b46-be93-2ba964a39c73@group-C25BD028928E: changes role from  FOLLOWER to FOLLOWER at term 128 for recognizeCandidate:f5624850-682f-4ec5-bb5c-f79627fc299e
2019-10-15 16:29:51,501 [grpc-default-executor-11] INFO  impl.RoleInfo (RoleInfo.java:shutdownFollowerState(121)) - 14091fe6-d183-4b46-be93-2ba964a39c73: shutdown FollowerState
2019-10-15 16:29:51,501 [grpc-default-executor-11] INFO  impl.RoleInfo (RoleInfo.java:updateAndGet(143)) - 14091fe6-d183-4b46-be93-2ba964a39c73: start FollowerState
2019-10-15 16:29:51,501 [Thread-1411] INFO  impl.FollowerState (FollowerState.java:run(117)) - 14091fe6-d183-4b46-be93-2ba964a39c73@group-C25BD028928E-FollowerState was interrupted: java.lang.InterruptedException: sleep interrupted
2019-10-15 16:29:51,523 [f5624850-682f-4ec5-bb5c-f79627fc299e@group-C25BD028928E-LeaderElection140] INFO  impl.LeaderElection (LeaderElection.java:logAndReturn(56)) - f5624850-682f-4ec5-bb5c-f79627fc299e@group-C25BD028928E-LeaderElection140: Election REJECTED; received 1 response(s) [f5624850-682f-4ec5-bb5c-f79627fc299e<-14091fe6-d183-4b46-be93-2ba964a39c73#0:FAIL-t128] and 1 exception(s); f5624850-682f-4ec5-bb5c-f79627fc299e@group-C25BD028928E:t128, leader=null, voted=f5624850-682f-4ec5-bb5c-f79627fc299e, raftlog=f5624850-682f-4ec5-bb5c-f79627fc299e@group-C25BD028928E-SegmentedRaftLog:OPENED:c-1,f-1,i0, conf=-1: [f581660d-af3d-4f5f-b57d-f4cb54f048b9:192.168.164.239:42501, f5624850-682f-4ec5-bb5c-f79627fc299e:192.168.164.239:39499, 14091fe6-d183-4b46-be93-2ba964a39c73:192.168.164.239:34827], old=null
2019-10-15 16:29:51,523 [f5624850-682f-4ec5-bb5c-f79627fc299e@group-C25BD028928E-LeaderElection140] INFO  impl.LeaderElection (LogUtils.java:infoOrTrace(149)) -   Exception 0: {}
java.util.concurrent.ExecutionException: org.apache.ratis.thirdparty.io.grpc.StatusRuntimeException: UNAVAILABLE: io exception
	at java.util.concurrent.FutureTask.report(FutureTask.java:122)
	at java.util.concurrent.FutureTask.get(FutureTask.java:192)
	at org.apache.ratis.server.impl.LeaderElection.waitForResults(LeaderElection.java:259)
	at org.apache.ratis.server.impl.LeaderElection.askForVotes(LeaderElection.java:197)
	at org.apache.ratis.server.impl.LeaderElection.run(LeaderElection.java:133)
	at java.lang.Thread.run(Thread.java:748)
Caused by: org.apache.ratis.thirdparty.io.grpc.StatusRuntimeException: UNAVAILABLE: io exception
	at org.apache.ratis.thirdparty.io.grpc.stub.ClientCalls.toStatusRuntimeException(ClientCalls.java:233)
	at org.apache.ratis.thirdparty.io.grpc.stub.ClientCalls.getUnchecked(ClientCalls.java:214)
	at org.apache.ratis.thirdparty.io.grpc.stub.ClientCalls.blockingUnaryCall(ClientCalls.java:139)
	at org.apache.ratis.proto.grpc.RaftServerProtocolServiceGrpc$RaftServerProtocolServiceBlockingStub.requestVote(RaftServerProtocolServiceGrpc.java:265)
	at org.apache.ratis.grpc.server.GrpcServerProtocolClient.requestVote(GrpcServerProtocolClient.java:99)
	at org.apache.ratis.grpc.server.GrpcService.requestVote(GrpcService.java:204)
	at org.apache.ratis.server.impl.LeaderElection.lambda$submitRequests$1(LeaderElection.java:234)
	at java.util.concurrent.FutureTask.run(FutureTask.java:266)
	at java.util.concurrent.Executors$RunnableAdapter.call(Executors.java:511)
	at java.util.concurrent.FutureTask.run(FutureTask.java:266)
	at java.util.concurrent.ThreadPoolExecutor.runWorker(ThreadPoolExecutor.java:1149)
	at java.util.concurrent.ThreadPoolExecutor$Worker.run(ThreadPoolExecutor.java:624)
	... 1 more
Caused by: org.apache.ratis.thirdparty.io.netty.channel.AbstractChannel$AnnotatedConnectException: Connection refused: /192.168.164.239:42501
	at sun.nio.ch.SocketChannelImpl.checkConnect(Native Method)
	at sun.nio.ch.SocketChannelImpl.finishConnect(SocketChannelImpl.java:717)
	at org.apache.ratis.thirdparty.io.netty.channel.socket.nio.NioSocketChannel.doFinishConnect(NioSocketChannel.java:327)
	at org.apache.ratis.thirdparty.io.netty.channel.nio.AbstractNioChannel$AbstractNioUnsafe.finishConnect(AbstractNioChannel.java:340)
	at org.apache.ratis.thirdparty.io.netty.channel.nio.NioEventLoop.processSelectedKey(NioEventLoop.java:632)
	at org.apache.ratis.thirdparty.io.netty.channel.nio.NioEventLoop.processSelectedKeysOptimized(NioEventLoop.java:579)
	at org.apache.ratis.thirdparty.io.netty.channel.nio.NioEventLoop.processSelectedKeys(NioEventLoop.java:496)
	at org.apache.ratis.thirdparty.io.netty.channel.nio.NioEventLoop.run(NioEventLoop.java:458)
	at org.apache.ratis.thirdparty.io.netty.util.concurrent.SingleThreadEventExecutor$5.run(SingleThreadEventExecutor.java:897)
	at org.apache.ratis.thirdparty.io.netty.util.concurrent.FastThreadLocalRunnable.run(FastThreadLocalRunnable.java:30)
	... 1 more
Caused by: java.net.ConnectException: Connection refused
	... 11 more
2019-10-15 16:29:51,523 [f5624850-682f-4ec5-bb5c-f79627fc299e@group-C25BD028928E-LeaderElection140] INFO  impl.RaftServerImpl (RaftServerImpl.java:setRole(184)) - f5624850-682f-4ec5-bb5c-f79627fc299e@group-C25BD028928E: changes role from CANDIDATE to FOLLOWER at term 128 for DISCOVERED_A_NEW_TERM
2019-10-15 16:29:51,524 [f5624850-682f-4ec5-bb5c-f79627fc299e@group-C25BD028928E-LeaderElection140] INFO  impl.RoleInfo (RoleInfo.java:shutdownLeaderElection(134)) - f5624850-682f-4ec5-bb5c-f79627fc299e: shutdown LeaderElection
2019-10-15 16:29:51,524 [f5624850-682f-4ec5-bb5c-f79627fc299e@group-C25BD028928E-LeaderElection140] INFO  impl.RoleInfo (RoleInfo.java:updateAndGet(143)) - f5624850-682f-4ec5-bb5c-f79627fc299e: start FollowerState
2019-10-15 16:29:51,607 [Thread-1417] INFO  impl.FollowerState (FollowerState.java:run(108)) - f5624850-682f-4ec5-bb5c-f79627fc299e@group-C25BD028928E-FollowerState: change to CANDIDATE, lastRpcTime:83ms, electionTimeout:83ms
2019-10-15 16:29:51,607 [Thread-1417] INFO  impl.RoleInfo (RoleInfo.java:shutdownFollowerState(121)) - f5624850-682f-4ec5-bb5c-f79627fc299e: shutdown FollowerState
2019-10-15 16:29:51,607 [Thread-1417] INFO  impl.RaftServerImpl (RaftServerImpl.java:setRole(184)) - f5624850-682f-4ec5-bb5c-f79627fc299e@group-C25BD028928E: changes role from  FOLLOWER to CANDIDATE at term 128 for changeToCandidate
2019-10-15 16:29:51,607 [Thread-1417] INFO  impl.RoleInfo (RoleInfo.java:updateAndGet(143)) - f5624850-682f-4ec5-bb5c-f79627fc299e: start LeaderElection
2019-10-15 16:29:51,656 [f5624850-682f-4ec5-bb5c-f79627fc299e@group-C25BD028928E-LeaderElection141] INFO  impl.LeaderElection (LeaderElection.java:askForVotes(178)) - f5624850-682f-4ec5-bb5c-f79627fc299e@group-C25BD028928E-LeaderElection141: begin an election at term 129 for -1: [f581660d-af3d-4f5f-b57d-f4cb54f048b9:192.168.164.239:42501, f5624850-682f-4ec5-bb5c-f79627fc299e:192.168.164.239:39499, 14091fe6-d183-4b46-be93-2ba964a39c73:192.168.164.239:34827], old=null
2019-10-15 16:29:51,656 [f5624850-682f-4ec5-bb5c-f79627fc299e@group-C25BD028928E-LeaderElection141] INFO  impl.LeaderElection (LogUtils.java:infoOrTrace(149)) - f5624850-682f-4ec5-bb5c-f79627fc299e@group-C25BD028928E-LeaderElection141 got exception when requesting votes: {}
java.util.concurrent.ExecutionException: org.apache.ratis.thirdparty.io.grpc.StatusRuntimeException: UNAVAILABLE: io exception
	at java.util.concurrent.FutureTask.report(FutureTask.java:122)
	at java.util.concurrent.FutureTask.get(FutureTask.java:192)
	at org.apache.ratis.server.impl.LeaderElection.waitForResults(LeaderElection.java:259)
	at org.apache.ratis.server.impl.LeaderElection.askForVotes(LeaderElection.java:197)
	at org.apache.ratis.server.impl.LeaderElection.run(LeaderElection.java:133)
	at java.lang.Thread.run(Thread.java:748)
Caused by: org.apache.ratis.thirdparty.io.grpc.StatusRuntimeException: UNAVAILABLE: io exception
	at org.apache.ratis.thirdparty.io.grpc.stub.ClientCalls.toStatusRuntimeException(ClientCalls.java:233)
	at org.apache.ratis.thirdparty.io.grpc.stub.ClientCalls.getUnchecked(ClientCalls.java:214)
	at org.apache.ratis.thirdparty.io.grpc.stub.ClientCalls.blockingUnaryCall(ClientCalls.java:139)
	at org.apache.ratis.proto.grpc.RaftServerProtocolServiceGrpc$RaftServerProtocolServiceBlockingStub.requestVote(RaftServerProtocolServiceGrpc.java:265)
	at org.apache.ratis.grpc.server.GrpcServerProtocolClient.requestVote(GrpcServerProtocolClient.java:99)
	at org.apache.ratis.grpc.server.GrpcService.requestVote(GrpcService.java:204)
	at org.apache.ratis.server.impl.LeaderElection.lambda$submitRequests$1(LeaderElection.java:234)
	at java.util.concurrent.FutureTask.run(FutureTask.java:266)
	at java.util.concurrent.Executors$RunnableAdapter.call(Executors.java:511)
	at java.util.concurrent.FutureTask.run(FutureTask.java:266)
	at java.util.concurrent.ThreadPoolExecutor.runWorker(ThreadPoolExecutor.java:1149)
	at java.util.concurrent.ThreadPoolExecutor$Worker.run(ThreadPoolExecutor.java:624)
	... 1 more
Caused by: org.apache.ratis.thirdparty.io.netty.channel.AbstractChannel$AnnotatedConnectException: Connection refused: /192.168.164.239:42501
	at sun.nio.ch.SocketChannelImpl.checkConnect(Native Method)
	at sun.nio.ch.SocketChannelImpl.finishConnect(SocketChannelImpl.java:717)
	at org.apache.ratis.thirdparty.io.netty.channel.socket.nio.NioSocketChannel.doFinishConnect(NioSocketChannel.java:327)
	at org.apache.ratis.thirdparty.io.netty.channel.nio.AbstractNioChannel$AbstractNioUnsafe.finishConnect(AbstractNioChannel.java:340)
	at org.apache.ratis.thirdparty.io.netty.channel.nio.NioEventLoop.processSelectedKey(NioEventLoop.java:632)
	at org.apache.ratis.thirdparty.io.netty.channel.nio.NioEventLoop.processSelectedKeysOptimized(NioEventLoop.java:579)
	at org.apache.ratis.thirdparty.io.netty.channel.nio.NioEventLoop.processSelectedKeys(NioEventLoop.java:496)
	at org.apache.ratis.thirdparty.io.netty.channel.nio.NioEventLoop.run(NioEventLoop.java:458)
	at org.apache.ratis.thirdparty.io.netty.util.concurrent.SingleThreadEventExecutor$5.run(SingleThreadEventExecutor.java:897)
	at org.apache.ratis.thirdparty.io.netty.util.concurrent.FastThreadLocalRunnable.run(FastThreadLocalRunnable.java:30)
	... 1 more
Caused by: java.net.ConnectException: Connection refused
	... 11 more
2019-10-15 16:29:51,661 [grpc-default-executor-4] INFO  impl.RaftServerImpl (RaftServerImpl.java:setRole(184)) - 14091fe6-d183-4b46-be93-2ba964a39c73@group-C25BD028928E: changes role from  FOLLOWER to FOLLOWER at term 129 for recognizeCandidate:f5624850-682f-4ec5-bb5c-f79627fc299e
2019-10-15 16:29:51,661 [grpc-default-executor-4] INFO  impl.RoleInfo (RoleInfo.java:shutdownFollowerState(121)) - 14091fe6-d183-4b46-be93-2ba964a39c73: shutdown FollowerState
2019-10-15 16:29:51,661 [grpc-default-executor-4] INFO  impl.RoleInfo (RoleInfo.java:updateAndGet(143)) - 14091fe6-d183-4b46-be93-2ba964a39c73: start FollowerState
2019-10-15 16:29:51,661 [Thread-1416] INFO  impl.FollowerState (FollowerState.java:run(117)) - 14091fe6-d183-4b46-be93-2ba964a39c73@group-C25BD028928E-FollowerState was interrupted: java.lang.InterruptedException: sleep interrupted
2019-10-15 16:29:51,690 [f5624850-682f-4ec5-bb5c-f79627fc299e@group-C25BD028928E-LeaderElection141] INFO  impl.LeaderElection (LeaderElection.java:logAndReturn(56)) - f5624850-682f-4ec5-bb5c-f79627fc299e@group-C25BD028928E-LeaderElection141: Election REJECTED; received 1 response(s) [f5624850-682f-4ec5-bb5c-f79627fc299e<-14091fe6-d183-4b46-be93-2ba964a39c73#0:FAIL-t129] and 1 exception(s); f5624850-682f-4ec5-bb5c-f79627fc299e@group-C25BD028928E:t129, leader=null, voted=f5624850-682f-4ec5-bb5c-f79627fc299e, raftlog=f5624850-682f-4ec5-bb5c-f79627fc299e@group-C25BD028928E-SegmentedRaftLog:OPENED:c-1,f-1,i0, conf=-1: [f581660d-af3d-4f5f-b57d-f4cb54f048b9:192.168.164.239:42501, f5624850-682f-4ec5-bb5c-f79627fc299e:192.168.164.239:39499, 14091fe6-d183-4b46-be93-2ba964a39c73:192.168.164.239:34827], old=null
2019-10-15 16:29:51,690 [f5624850-682f-4ec5-bb5c-f79627fc299e@group-C25BD028928E-LeaderElection141] INFO  impl.LeaderElection (LogUtils.java:infoOrTrace(149)) -   Exception 0: {}
java.util.concurrent.ExecutionException: org.apache.ratis.thirdparty.io.grpc.StatusRuntimeException: UNAVAILABLE: io exception
	at java.util.concurrent.FutureTask.report(FutureTask.java:122)
	at java.util.concurrent.FutureTask.get(FutureTask.java:192)
	at org.apache.ratis.server.impl.LeaderElection.waitForResults(LeaderElection.java:259)
	at org.apache.ratis.server.impl.LeaderElection.askForVotes(LeaderElection.java:197)
	at org.apache.ratis.server.impl.LeaderElection.run(LeaderElection.java:133)
	at java.lang.Thread.run(Thread.java:748)
Caused by: org.apache.ratis.thirdparty.io.grpc.StatusRuntimeException: UNAVAILABLE: io exception
	at org.apache.ratis.thirdparty.io.grpc.stub.ClientCalls.toStatusRuntimeException(ClientCalls.java:233)
	at org.apache.ratis.thirdparty.io.grpc.stub.ClientCalls.getUnchecked(ClientCalls.java:214)
	at org.apache.ratis.thirdparty.io.grpc.stub.ClientCalls.blockingUnaryCall(ClientCalls.java:139)
	at org.apache.ratis.proto.grpc.RaftServerProtocolServiceGrpc$RaftServerProtocolServiceBlockingStub.requestVote(RaftServerProtocolServiceGrpc.java:265)
	at org.apache.ratis.grpc.server.GrpcServerProtocolClient.requestVote(GrpcServerProtocolClient.java:99)
	at org.apache.ratis.grpc.server.GrpcService.requestVote(GrpcService.java:204)
	at org.apache.ratis.server.impl.LeaderElection.lambda$submitRequests$1(LeaderElection.java:234)
	at java.util.concurrent.FutureTask.run(FutureTask.java:266)
	at java.util.concurrent.Executors$RunnableAdapter.call(Executors.java:511)
	at java.util.concurrent.FutureTask.run(FutureTask.java:266)
	at java.util.concurrent.ThreadPoolExecutor.runWorker(ThreadPoolExecutor.java:1149)
	at java.util.concurrent.ThreadPoolExecutor$Worker.run(ThreadPoolExecutor.java:624)
	... 1 more
Caused by: org.apache.ratis.thirdparty.io.netty.channel.AbstractChannel$AnnotatedConnectException: Connection refused: /192.168.164.239:42501
	at sun.nio.ch.SocketChannelImpl.checkConnect(Native Method)
	at sun.nio.ch.SocketChannelImpl.finishConnect(SocketChannelImpl.java:717)
	at org.apache.ratis.thirdparty.io.netty.channel.socket.nio.NioSocketChannel.doFinishConnect(NioSocketChannel.java:327)
	at org.apache.ratis.thirdparty.io.netty.channel.nio.AbstractNioChannel$AbstractNioUnsafe.finishConnect(AbstractNioChannel.java:340)
	at org.apache.ratis.thirdparty.io.netty.channel.nio.NioEventLoop.processSelectedKey(NioEventLoop.java:632)
	at org.apache.ratis.thirdparty.io.netty.channel.nio.NioEventLoop.processSelectedKeysOptimized(NioEventLoop.java:579)
	at org.apache.ratis.thirdparty.io.netty.channel.nio.NioEventLoop.processSelectedKeys(NioEventLoop.java:496)
	at org.apache.ratis.thirdparty.io.netty.channel.nio.NioEventLoop.run(NioEventLoop.java:458)
	at org.apache.ratis.thirdparty.io.netty.util.concurrent.SingleThreadEventExecutor$5.run(SingleThreadEventExecutor.java:897)
	at org.apache.ratis.thirdparty.io.netty.util.concurrent.FastThreadLocalRunnable.run(FastThreadLocalRunnable.java:30)
	... 1 more
Caused by: java.net.ConnectException: Connection refused
	... 11 more
2019-10-15 16:29:51,691 [f5624850-682f-4ec5-bb5c-f79627fc299e@group-C25BD028928E-LeaderElection141] INFO  impl.RaftServerImpl (RaftServerImpl.java:setRole(184)) - f5624850-682f-4ec5-bb5c-f79627fc299e@group-C25BD028928E: changes role from CANDIDATE to FOLLOWER at term 129 for DISCOVERED_A_NEW_TERM
2019-10-15 16:29:51,691 [f5624850-682f-4ec5-bb5c-f79627fc299e@group-C25BD028928E-LeaderElection141] INFO  impl.RoleInfo (RoleInfo.java:shutdownLeaderElection(134)) - f5624850-682f-4ec5-bb5c-f79627fc299e: shutdown LeaderElection
2019-10-15 16:29:51,691 [f5624850-682f-4ec5-bb5c-f79627fc299e@group-C25BD028928E-LeaderElection141] INFO  impl.RoleInfo (RoleInfo.java:updateAndGet(143)) - f5624850-682f-4ec5-bb5c-f79627fc299e: start FollowerState
2019-10-15 16:29:51,843 [Thread-1425] INFO  impl.FollowerState (FollowerState.java:run(108)) - f5624850-682f-4ec5-bb5c-f79627fc299e@group-C25BD028928E-FollowerState: change to CANDIDATE, lastRpcTime:152ms, electionTimeout:152ms
2019-10-15 16:29:51,844 [Thread-1425] INFO  impl.RoleInfo (RoleInfo.java:shutdownFollowerState(121)) - f5624850-682f-4ec5-bb5c-f79627fc299e: shutdown FollowerState
2019-10-15 16:29:51,844 [Thread-1425] INFO  impl.RaftServerImpl (RaftServerImpl.java:setRole(184)) - f5624850-682f-4ec5-bb5c-f79627fc299e@group-C25BD028928E: changes role from  FOLLOWER to CANDIDATE at term 129 for changeToCandidate
2019-10-15 16:29:51,844 [Thread-1425] INFO  impl.RoleInfo (RoleInfo.java:updateAndGet(143)) - f5624850-682f-4ec5-bb5c-f79627fc299e: start LeaderElection
2019-10-15 16:29:51,873 [f5624850-682f-4ec5-bb5c-f79627fc299e@group-C25BD028928E-LeaderElection142] INFO  impl.LeaderElection (LeaderElection.java:askForVotes(178)) - f5624850-682f-4ec5-bb5c-f79627fc299e@group-C25BD028928E-LeaderElection142: begin an election at term 130 for -1: [f581660d-af3d-4f5f-b57d-f4cb54f048b9:192.168.164.239:42501, f5624850-682f-4ec5-bb5c-f79627fc299e:192.168.164.239:39499, 14091fe6-d183-4b46-be93-2ba964a39c73:192.168.164.239:34827], old=null
2019-10-15 16:29:51,874 [f5624850-682f-4ec5-bb5c-f79627fc299e@group-C25BD028928E-LeaderElection142] INFO  impl.LeaderElection (LogUtils.java:infoOrTrace(149)) - f5624850-682f-4ec5-bb5c-f79627fc299e@group-C25BD028928E-LeaderElection142 got exception when requesting votes: {}
java.util.concurrent.ExecutionException: org.apache.ratis.thirdparty.io.grpc.StatusRuntimeException: UNAVAILABLE: io exception
	at java.util.concurrent.FutureTask.report(FutureTask.java:122)
	at java.util.concurrent.FutureTask.get(FutureTask.java:192)
	at org.apache.ratis.server.impl.LeaderElection.waitForResults(LeaderElection.java:259)
	at org.apache.ratis.server.impl.LeaderElection.askForVotes(LeaderElection.java:197)
	at org.apache.ratis.server.impl.LeaderElection.run(LeaderElection.java:133)
	at java.lang.Thread.run(Thread.java:748)
Caused by: org.apache.ratis.thirdparty.io.grpc.StatusRuntimeException: UNAVAILABLE: io exception
	at org.apache.ratis.thirdparty.io.grpc.stub.ClientCalls.toStatusRuntimeException(ClientCalls.java:233)
	at org.apache.ratis.thirdparty.io.grpc.stub.ClientCalls.getUnchecked(ClientCalls.java:214)
	at org.apache.ratis.thirdparty.io.grpc.stub.ClientCalls.blockingUnaryCall(ClientCalls.java:139)
	at org.apache.ratis.proto.grpc.RaftServerProtocolServiceGrpc$RaftServerProtocolServiceBlockingStub.requestVote(RaftServerProtocolServiceGrpc.java:265)
	at org.apache.ratis.grpc.server.GrpcServerProtocolClient.requestVote(GrpcServerProtocolClient.java:99)
	at org.apache.ratis.grpc.server.GrpcService.requestVote(GrpcService.java:204)
	at org.apache.ratis.server.impl.LeaderElection.lambda$submitRequests$1(LeaderElection.java:234)
	at java.util.concurrent.FutureTask.run(FutureTask.java:266)
	at java.util.concurrent.Executors$RunnableAdapter.call(Executors.java:511)
	at java.util.concurrent.FutureTask.run(FutureTask.java:266)
	at java.util.concurrent.ThreadPoolExecutor.runWorker(ThreadPoolExecutor.java:1149)
	at java.util.concurrent.ThreadPoolExecutor$Worker.run(ThreadPoolExecutor.java:624)
	... 1 more
Caused by: org.apache.ratis.thirdparty.io.netty.channel.AbstractChannel$AnnotatedConnectException: Connection refused: /192.168.164.239:42501
	at sun.nio.ch.SocketChannelImpl.checkConnect(Native Method)
	at sun.nio.ch.SocketChannelImpl.finishConnect(SocketChannelImpl.java:717)
	at org.apache.ratis.thirdparty.io.netty.channel.socket.nio.NioSocketChannel.doFinishConnect(NioSocketChannel.java:327)
	at org.apache.ratis.thirdparty.io.netty.channel.nio.AbstractNioChannel$AbstractNioUnsafe.finishConnect(AbstractNioChannel.java:340)
	at org.apache.ratis.thirdparty.io.netty.channel.nio.NioEventLoop.processSelectedKey(NioEventLoop.java:632)
	at org.apache.ratis.thirdparty.io.netty.channel.nio.NioEventLoop.processSelectedKeysOptimized(NioEventLoop.java:579)
	at org.apache.ratis.thirdparty.io.netty.channel.nio.NioEventLoop.processSelectedKeys(NioEventLoop.java:496)
	at org.apache.ratis.thirdparty.io.netty.channel.nio.NioEventLoop.run(NioEventLoop.java:458)
	at org.apache.ratis.thirdparty.io.netty.util.concurrent.SingleThreadEventExecutor$5.run(SingleThreadEventExecutor.java:897)
	at org.apache.ratis.thirdparty.io.netty.util.concurrent.FastThreadLocalRunnable.run(FastThreadLocalRunnable.java:30)
	... 1 more
Caused by: java.net.ConnectException: Connection refused
	... 11 more
2019-10-15 16:29:51,878 [grpc-default-executor-4] INFO  impl.RaftServerImpl (RaftServerImpl.java:setRole(184)) - 14091fe6-d183-4b46-be93-2ba964a39c73@group-C25BD028928E: changes role from  FOLLOWER to FOLLOWER at term 130 for recognizeCandidate:f5624850-682f-4ec5-bb5c-f79627fc299e
2019-10-15 16:29:51,879 [grpc-default-executor-4] INFO  impl.RoleInfo (RoleInfo.java:shutdownFollowerState(121)) - 14091fe6-d183-4b46-be93-2ba964a39c73: shutdown FollowerState
2019-10-15 16:29:51,879 [grpc-default-executor-4] INFO  impl.RoleInfo (RoleInfo.java:updateAndGet(143)) - 14091fe6-d183-4b46-be93-2ba964a39c73: start FollowerState
2019-10-15 16:29:51,879 [Thread-1424] INFO  impl.FollowerState (FollowerState.java:run(117)) - 14091fe6-d183-4b46-be93-2ba964a39c73@group-C25BD028928E-FollowerState was interrupted: java.lang.InterruptedException: sleep interrupted
2019-10-15 16:29:51,908 [f5624850-682f-4ec5-bb5c-f79627fc299e@group-C25BD028928E-LeaderElection142] INFO  impl.LeaderElection (LeaderElection.java:logAndReturn(56)) - f5624850-682f-4ec5-bb5c-f79627fc299e@group-C25BD028928E-LeaderElection142: Election REJECTED; received 1 response(s) [f5624850-682f-4ec5-bb5c-f79627fc299e<-14091fe6-d183-4b46-be93-2ba964a39c73#0:FAIL-t130] and 1 exception(s); f5624850-682f-4ec5-bb5c-f79627fc299e@group-C25BD028928E:t130, leader=null, voted=f5624850-682f-4ec5-bb5c-f79627fc299e, raftlog=f5624850-682f-4ec5-bb5c-f79627fc299e@group-C25BD028928E-SegmentedRaftLog:OPENED:c-1,f-1,i0, conf=-1: [f581660d-af3d-4f5f-b57d-f4cb54f048b9:192.168.164.239:42501, f5624850-682f-4ec5-bb5c-f79627fc299e:192.168.164.239:39499, 14091fe6-d183-4b46-be93-2ba964a39c73:192.168.164.239:34827], old=null
2019-10-15 16:29:51,908 [f5624850-682f-4ec5-bb5c-f79627fc299e@group-C25BD028928E-LeaderElection142] INFO  impl.LeaderElection (LogUtils.java:infoOrTrace(149)) -   Exception 0: {}
java.util.concurrent.ExecutionException: org.apache.ratis.thirdparty.io.grpc.StatusRuntimeException: UNAVAILABLE: io exception
	at java.util.concurrent.FutureTask.report(FutureTask.java:122)
	at java.util.concurrent.FutureTask.get(FutureTask.java:192)
	at org.apache.ratis.server.impl.LeaderElection.waitForResults(LeaderElection.java:259)
	at org.apache.ratis.server.impl.LeaderElection.askForVotes(LeaderElection.java:197)
	at org.apache.ratis.server.impl.LeaderElection.run(LeaderElection.java:133)
	at java.lang.Thread.run(Thread.java:748)
Caused by: org.apache.ratis.thirdparty.io.grpc.StatusRuntimeException: UNAVAILABLE: io exception
	at org.apache.ratis.thirdparty.io.grpc.stub.ClientCalls.toStatusRuntimeException(ClientCalls.java:233)
	at org.apache.ratis.thirdparty.io.grpc.stub.ClientCalls.getUnchecked(ClientCalls.java:214)
	at org.apache.ratis.thirdparty.io.grpc.stub.ClientCalls.blockingUnaryCall(ClientCalls.java:139)
	at org.apache.ratis.proto.grpc.RaftServerProtocolServiceGrpc$RaftServerProtocolServiceBlockingStub.requestVote(RaftServerProtocolServiceGrpc.java:265)
	at org.apache.ratis.grpc.server.GrpcServerProtocolClient.requestVote(GrpcServerProtocolClient.java:99)
	at org.apache.ratis.grpc.server.GrpcService.requestVote(GrpcService.java:204)
	at org.apache.ratis.server.impl.LeaderElection.lambda$submitRequests$1(LeaderElection.java:234)
	at java.util.concurrent.FutureTask.run(FutureTask.java:266)
	at java.util.concurrent.Executors$RunnableAdapter.call(Executors.java:511)
	at java.util.concurrent.FutureTask.run(FutureTask.java:266)
	at java.util.concurrent.ThreadPoolExecutor.runWorker(ThreadPoolExecutor.java:1149)
	at java.util.concurrent.ThreadPoolExecutor$Worker.run(ThreadPoolExecutor.java:624)
	... 1 more
Caused by: org.apache.ratis.thirdparty.io.netty.channel.AbstractChannel$AnnotatedConnectException: Connection refused: /192.168.164.239:42501
	at sun.nio.ch.SocketChannelImpl.checkConnect(Native Method)
	at sun.nio.ch.SocketChannelImpl.finishConnect(SocketChannelImpl.java:717)
	at org.apache.ratis.thirdparty.io.netty.channel.socket.nio.NioSocketChannel.doFinishConnect(NioSocketChannel.java:327)
	at org.apache.ratis.thirdparty.io.netty.channel.nio.AbstractNioChannel$AbstractNioUnsafe.finishConnect(AbstractNioChannel.java:340)
	at org.apache.ratis.thirdparty.io.netty.channel.nio.NioEventLoop.processSelectedKey(NioEventLoop.java:632)
	at org.apache.ratis.thirdparty.io.netty.channel.nio.NioEventLoop.processSelectedKeysOptimized(NioEventLoop.java:579)
	at org.apache.ratis.thirdparty.io.netty.channel.nio.NioEventLoop.processSelectedKeys(NioEventLoop.java:496)
	at org.apache.ratis.thirdparty.io.netty.channel.nio.NioEventLoop.run(NioEventLoop.java:458)
	at org.apache.ratis.thirdparty.io.netty.util.concurrent.SingleThreadEventExecutor$5.run(SingleThreadEventExecutor.java:897)
	at org.apache.ratis.thirdparty.io.netty.util.concurrent.FastThreadLocalRunnable.run(FastThreadLocalRunnable.java:30)
	... 1 more
Caused by: java.net.ConnectException: Connection refused
	... 11 more
2019-10-15 16:29:51,909 [f5624850-682f-4ec5-bb5c-f79627fc299e@group-C25BD028928E-LeaderElection142] INFO  impl.RaftServerImpl (RaftServerImpl.java:setRole(184)) - f5624850-682f-4ec5-bb5c-f79627fc299e@group-C25BD028928E: changes role from CANDIDATE to FOLLOWER at term 130 for DISCOVERED_A_NEW_TERM
2019-10-15 16:29:51,909 [f5624850-682f-4ec5-bb5c-f79627fc299e@group-C25BD028928E-LeaderElection142] INFO  impl.RoleInfo (RoleInfo.java:shutdownLeaderElection(134)) - f5624850-682f-4ec5-bb5c-f79627fc299e: shutdown LeaderElection
2019-10-15 16:29:51,909 [f5624850-682f-4ec5-bb5c-f79627fc299e@group-C25BD028928E-LeaderElection142] INFO  impl.RoleInfo (RoleInfo.java:updateAndGet(143)) - f5624850-682f-4ec5-bb5c-f79627fc299e: start FollowerState
2019-10-15 16:29:51,968 [Thread-1430] INFO  impl.FollowerState (FollowerState.java:run(108)) - f5624850-682f-4ec5-bb5c-f79627fc299e@group-C25BD028928E-FollowerState: change to CANDIDATE, lastRpcTime:58ms, electionTimeout:58ms
2019-10-15 16:29:51,968 [Thread-1430] INFO  impl.RoleInfo (RoleInfo.java:shutdownFollowerState(121)) - f5624850-682f-4ec5-bb5c-f79627fc299e: shutdown FollowerState
2019-10-15 16:29:51,969 [Thread-1430] INFO  impl.RaftServerImpl (RaftServerImpl.java:setRole(184)) - f5624850-682f-4ec5-bb5c-f79627fc299e@group-C25BD028928E: changes role from  FOLLOWER to CANDIDATE at term 130 for changeToCandidate
2019-10-15 16:29:51,969 [Thread-1430] INFO  impl.RoleInfo (RoleInfo.java:updateAndGet(143)) - f5624850-682f-4ec5-bb5c-f79627fc299e: start LeaderElection
2019-10-15 16:29:51,999 [f5624850-682f-4ec5-bb5c-f79627fc299e@group-C25BD028928E-LeaderElection143] INFO  impl.LeaderElection (LeaderElection.java:askForVotes(178)) - f5624850-682f-4ec5-bb5c-f79627fc299e@group-C25BD028928E-LeaderElection143: begin an election at term 131 for -1: [f581660d-af3d-4f5f-b57d-f4cb54f048b9:192.168.164.239:42501, f5624850-682f-4ec5-bb5c-f79627fc299e:192.168.164.239:39499, 14091fe6-d183-4b46-be93-2ba964a39c73:192.168.164.239:34827], old=null
2019-10-15 16:29:52,000 [f5624850-682f-4ec5-bb5c-f79627fc299e@group-C25BD028928E-LeaderElection143] INFO  impl.LeaderElection (LogUtils.java:infoOrTrace(149)) - f5624850-682f-4ec5-bb5c-f79627fc299e@group-C25BD028928E-LeaderElection143 got exception when requesting votes: {}
java.util.concurrent.ExecutionException: org.apache.ratis.thirdparty.io.grpc.StatusRuntimeException: UNAVAILABLE: io exception
	at java.util.concurrent.FutureTask.report(FutureTask.java:122)
	at java.util.concurrent.FutureTask.get(FutureTask.java:192)
	at org.apache.ratis.server.impl.LeaderElection.waitForResults(LeaderElection.java:259)
	at org.apache.ratis.server.impl.LeaderElection.askForVotes(LeaderElection.java:197)
	at org.apache.ratis.server.impl.LeaderElection.run(LeaderElection.java:133)
	at java.lang.Thread.run(Thread.java:748)
Caused by: org.apache.ratis.thirdparty.io.grpc.StatusRuntimeException: UNAVAILABLE: io exception
	at org.apache.ratis.thirdparty.io.grpc.stub.ClientCalls.toStatusRuntimeException(ClientCalls.java:233)
	at org.apache.ratis.thirdparty.io.grpc.stub.ClientCalls.getUnchecked(ClientCalls.java:214)
	at org.apache.ratis.thirdparty.io.grpc.stub.ClientCalls.blockingUnaryCall(ClientCalls.java:139)
	at org.apache.ratis.proto.grpc.RaftServerProtocolServiceGrpc$RaftServerProtocolServiceBlockingStub.requestVote(RaftServerProtocolServiceGrpc.java:265)
	at org.apache.ratis.grpc.server.GrpcServerProtocolClient.requestVote(GrpcServerProtocolClient.java:99)
	at org.apache.ratis.grpc.server.GrpcService.requestVote(GrpcService.java:204)
	at org.apache.ratis.server.impl.LeaderElection.lambda$submitRequests$1(LeaderElection.java:234)
	at java.util.concurrent.FutureTask.run(FutureTask.java:266)
	at java.util.concurrent.Executors$RunnableAdapter.call(Executors.java:511)
	at java.util.concurrent.FutureTask.run(FutureTask.java:266)
	at java.util.concurrent.ThreadPoolExecutor.runWorker(ThreadPoolExecutor.java:1149)
	at java.util.concurrent.ThreadPoolExecutor$Worker.run(ThreadPoolExecutor.java:624)
	... 1 more
Caused by: org.apache.ratis.thirdparty.io.netty.channel.AbstractChannel$AnnotatedConnectException: Connection refused: /192.168.164.239:42501
	at sun.nio.ch.SocketChannelImpl.checkConnect(Native Method)
	at sun.nio.ch.SocketChannelImpl.finishConnect(SocketChannelImpl.java:717)
	at org.apache.ratis.thirdparty.io.netty.channel.socket.nio.NioSocketChannel.doFinishConnect(NioSocketChannel.java:327)
	at org.apache.ratis.thirdparty.io.netty.channel.nio.AbstractNioChannel$AbstractNioUnsafe.finishConnect(AbstractNioChannel.java:340)
	at org.apache.ratis.thirdparty.io.netty.channel.nio.NioEventLoop.processSelectedKey(NioEventLoop.java:632)
	at org.apache.ratis.thirdparty.io.netty.channel.nio.NioEventLoop.processSelectedKeysOptimized(NioEventLoop.java:579)
	at org.apache.ratis.thirdparty.io.netty.channel.nio.NioEventLoop.processSelectedKeys(NioEventLoop.java:496)
	at org.apache.ratis.thirdparty.io.netty.channel.nio.NioEventLoop.run(NioEventLoop.java:458)
	at org.apache.ratis.thirdparty.io.netty.util.concurrent.SingleThreadEventExecutor$5.run(SingleThreadEventExecutor.java:897)
	at org.apache.ratis.thirdparty.io.netty.util.concurrent.FastThreadLocalRunnable.run(FastThreadLocalRunnable.java:30)
	... 1 more
Caused by: java.net.ConnectException: Connection refused
	... 11 more
2019-10-15 16:29:52,007 [grpc-default-executor-4] INFO  impl.RaftServerImpl (RaftServerImpl.java:setRole(184)) - 14091fe6-d183-4b46-be93-2ba964a39c73@group-C25BD028928E: changes role from  FOLLOWER to FOLLOWER at term 131 for recognizeCandidate:f5624850-682f-4ec5-bb5c-f79627fc299e
2019-10-15 16:29:52,007 [grpc-default-executor-4] INFO  impl.RoleInfo (RoleInfo.java:shutdownFollowerState(121)) - 14091fe6-d183-4b46-be93-2ba964a39c73: shutdown FollowerState
2019-10-15 16:29:52,007 [grpc-default-executor-4] INFO  impl.RoleInfo (RoleInfo.java:updateAndGet(143)) - 14091fe6-d183-4b46-be93-2ba964a39c73: start FollowerState
2019-10-15 16:29:52,007 [Thread-1429] INFO  impl.FollowerState (FollowerState.java:run(117)) - 14091fe6-d183-4b46-be93-2ba964a39c73@group-C25BD028928E-FollowerState was interrupted: java.lang.InterruptedException: sleep interrupted
2019-10-15 16:29:52,033 [f5624850-682f-4ec5-bb5c-f79627fc299e@group-C25BD028928E-LeaderElection143] INFO  impl.LeaderElection (LeaderElection.java:logAndReturn(56)) - f5624850-682f-4ec5-bb5c-f79627fc299e@group-C25BD028928E-LeaderElection143: Election REJECTED; received 1 response(s) [f5624850-682f-4ec5-bb5c-f79627fc299e<-14091fe6-d183-4b46-be93-2ba964a39c73#0:FAIL-t131] and 1 exception(s); f5624850-682f-4ec5-bb5c-f79627fc299e@group-C25BD028928E:t131, leader=null, voted=f5624850-682f-4ec5-bb5c-f79627fc299e, raftlog=f5624850-682f-4ec5-bb5c-f79627fc299e@group-C25BD028928E-SegmentedRaftLog:OPENED:c-1,f-1,i0, conf=-1: [f581660d-af3d-4f5f-b57d-f4cb54f048b9:192.168.164.239:42501, f5624850-682f-4ec5-bb5c-f79627fc299e:192.168.164.239:39499, 14091fe6-d183-4b46-be93-2ba964a39c73:192.168.164.239:34827], old=null
2019-10-15 16:29:52,033 [f5624850-682f-4ec5-bb5c-f79627fc299e@group-C25BD028928E-LeaderElection143] INFO  impl.LeaderElection (LogUtils.java:infoOrTrace(149)) -   Exception 0: {}
java.util.concurrent.ExecutionException: org.apache.ratis.thirdparty.io.grpc.StatusRuntimeException: UNAVAILABLE: io exception
	at java.util.concurrent.FutureTask.report(FutureTask.java:122)
	at java.util.concurrent.FutureTask.get(FutureTask.java:192)
	at org.apache.ratis.server.impl.LeaderElection.waitForResults(LeaderElection.java:259)
	at org.apache.ratis.server.impl.LeaderElection.askForVotes(LeaderElection.java:197)
	at org.apache.ratis.server.impl.LeaderElection.run(LeaderElection.java:133)
	at java.lang.Thread.run(Thread.java:748)
Caused by: org.apache.ratis.thirdparty.io.grpc.StatusRuntimeException: UNAVAILABLE: io exception
	at org.apache.ratis.thirdparty.io.grpc.stub.ClientCalls.toStatusRuntimeException(ClientCalls.java:233)
	at org.apache.ratis.thirdparty.io.grpc.stub.ClientCalls.getUnchecked(ClientCalls.java:214)
	at org.apache.ratis.thirdparty.io.grpc.stub.ClientCalls.blockingUnaryCall(ClientCalls.java:139)
	at org.apache.ratis.proto.grpc.RaftServerProtocolServiceGrpc$RaftServerProtocolServiceBlockingStub.requestVote(RaftServerProtocolServiceGrpc.java:265)
	at org.apache.ratis.grpc.server.GrpcServerProtocolClient.requestVote(GrpcServerProtocolClient.java:99)
	at org.apache.ratis.grpc.server.GrpcService.requestVote(GrpcService.java:204)
	at org.apache.ratis.server.impl.LeaderElection.lambda$submitRequests$1(LeaderElection.java:234)
	at java.util.concurrent.FutureTask.run(FutureTask.java:266)
	at java.util.concurrent.Executors$RunnableAdapter.call(Executors.java:511)
	at java.util.concurrent.FutureTask.run(FutureTask.java:266)
	at java.util.concurrent.ThreadPoolExecutor.runWorker(ThreadPoolExecutor.java:1149)
	at java.util.concurrent.ThreadPoolExecutor$Worker.run(ThreadPoolExecutor.java:624)
	... 1 more
Caused by: org.apache.ratis.thirdparty.io.netty.channel.AbstractChannel$AnnotatedConnectException: Connection refused: /192.168.164.239:42501
	at sun.nio.ch.SocketChannelImpl.checkConnect(Native Method)
	at sun.nio.ch.SocketChannelImpl.finishConnect(SocketChannelImpl.java:717)
	at org.apache.ratis.thirdparty.io.netty.channel.socket.nio.NioSocketChannel.doFinishConnect(NioSocketChannel.java:327)
	at org.apache.ratis.thirdparty.io.netty.channel.nio.AbstractNioChannel$AbstractNioUnsafe.finishConnect(AbstractNioChannel.java:340)
	at org.apache.ratis.thirdparty.io.netty.channel.nio.NioEventLoop.processSelectedKey(NioEventLoop.java:632)
	at org.apache.ratis.thirdparty.io.netty.channel.nio.NioEventLoop.processSelectedKeysOptimized(NioEventLoop.java:579)
	at org.apache.ratis.thirdparty.io.netty.channel.nio.NioEventLoop.processSelectedKeys(NioEventLoop.java:496)
	at org.apache.ratis.thirdparty.io.netty.channel.nio.NioEventLoop.run(NioEventLoop.java:458)
	at org.apache.ratis.thirdparty.io.netty.util.concurrent.SingleThreadEventExecutor$5.run(SingleThreadEventExecutor.java:897)
	at org.apache.ratis.thirdparty.io.netty.util.concurrent.FastThreadLocalRunnable.run(FastThreadLocalRunnable.java:30)
	... 1 more
Caused by: java.net.ConnectException: Connection refused
	... 11 more
2019-10-15 16:29:52,034 [f5624850-682f-4ec5-bb5c-f79627fc299e@group-C25BD028928E-LeaderElection143] INFO  impl.RaftServerImpl (RaftServerImpl.java:setRole(184)) - f5624850-682f-4ec5-bb5c-f79627fc299e@group-C25BD028928E: changes role from CANDIDATE to FOLLOWER at term 131 for DISCOVERED_A_NEW_TERM
2019-10-15 16:29:52,034 [f5624850-682f-4ec5-bb5c-f79627fc299e@group-C25BD028928E-LeaderElection143] INFO  impl.RoleInfo (RoleInfo.java:shutdownLeaderElection(134)) - f5624850-682f-4ec5-bb5c-f79627fc299e: shutdown LeaderElection
2019-10-15 16:29:52,034 [f5624850-682f-4ec5-bb5c-f79627fc299e@group-C25BD028928E-LeaderElection143] INFO  impl.RoleInfo (RoleInfo.java:updateAndGet(143)) - f5624850-682f-4ec5-bb5c-f79627fc299e: start FollowerState
2019-10-15 16:29:52,067 [Thread-1435] INFO  impl.FollowerState (FollowerState.java:run(108)) - f5624850-682f-4ec5-bb5c-f79627fc299e@group-C25BD028928E-FollowerState: change to CANDIDATE, lastRpcTime:32ms, electionTimeout:32ms
2019-10-15 16:29:52,067 [Thread-1435] INFO  impl.RoleInfo (RoleInfo.java:shutdownFollowerState(121)) - f5624850-682f-4ec5-bb5c-f79627fc299e: shutdown FollowerState
2019-10-15 16:29:52,067 [Thread-1435] INFO  impl.RaftServerImpl (RaftServerImpl.java:setRole(184)) - f5624850-682f-4ec5-bb5c-f79627fc299e@group-C25BD028928E: changes role from  FOLLOWER to CANDIDATE at term 131 for changeToCandidate
2019-10-15 16:29:52,067 [Thread-1435] INFO  impl.RoleInfo (RoleInfo.java:updateAndGet(143)) - f5624850-682f-4ec5-bb5c-f79627fc299e: start LeaderElection
2019-10-15 16:29:52,091 [f5624850-682f-4ec5-bb5c-f79627fc299e@group-C25BD028928E-LeaderElection144] INFO  impl.LeaderElection (LeaderElection.java:askForVotes(178)) - f5624850-682f-4ec5-bb5c-f79627fc299e@group-C25BD028928E-LeaderElection144: begin an election at term 132 for -1: [f581660d-af3d-4f5f-b57d-f4cb54f048b9:192.168.164.239:42501, f5624850-682f-4ec5-bb5c-f79627fc299e:192.168.164.239:39499, 14091fe6-d183-4b46-be93-2ba964a39c73:192.168.164.239:34827], old=null
2019-10-15 16:29:52,092 [f5624850-682f-4ec5-bb5c-f79627fc299e@group-C25BD028928E-LeaderElection144] INFO  impl.LeaderElection (LogUtils.java:infoOrTrace(149)) - f5624850-682f-4ec5-bb5c-f79627fc299e@group-C25BD028928E-LeaderElection144 got exception when requesting votes: {}
java.util.concurrent.ExecutionException: org.apache.ratis.thirdparty.io.grpc.StatusRuntimeException: UNAVAILABLE: io exception
	at java.util.concurrent.FutureTask.report(FutureTask.java:122)
	at java.util.concurrent.FutureTask.get(FutureTask.java:192)
	at org.apache.ratis.server.impl.LeaderElection.waitForResults(LeaderElection.java:259)
	at org.apache.ratis.server.impl.LeaderElection.askForVotes(LeaderElection.java:197)
	at org.apache.ratis.server.impl.LeaderElection.run(LeaderElection.java:133)
	at java.lang.Thread.run(Thread.java:748)
Caused by: org.apache.ratis.thirdparty.io.grpc.StatusRuntimeException: UNAVAILABLE: io exception
	at org.apache.ratis.thirdparty.io.grpc.stub.ClientCalls.toStatusRuntimeException(ClientCalls.java:233)
	at org.apache.ratis.thirdparty.io.grpc.stub.ClientCalls.getUnchecked(ClientCalls.java:214)
	at org.apache.ratis.thirdparty.io.grpc.stub.ClientCalls.blockingUnaryCall(ClientCalls.java:139)
	at org.apache.ratis.proto.grpc.RaftServerProtocolServiceGrpc$RaftServerProtocolServiceBlockingStub.requestVote(RaftServerProtocolServiceGrpc.java:265)
	at org.apache.ratis.grpc.server.GrpcServerProtocolClient.requestVote(GrpcServerProtocolClient.java:99)
	at org.apache.ratis.grpc.server.GrpcService.requestVote(GrpcService.java:204)
	at org.apache.ratis.server.impl.LeaderElection.lambda$submitRequests$1(LeaderElection.java:234)
	at java.util.concurrent.FutureTask.run(FutureTask.java:266)
	at java.util.concurrent.Executors$RunnableAdapter.call(Executors.java:511)
	at java.util.concurrent.FutureTask.run(FutureTask.java:266)
	at java.util.concurrent.ThreadPoolExecutor.runWorker(ThreadPoolExecutor.java:1149)
	at java.util.concurrent.ThreadPoolExecutor$Worker.run(ThreadPoolExecutor.java:624)
	... 1 more
Caused by: org.apache.ratis.thirdparty.io.netty.channel.AbstractChannel$AnnotatedConnectException: Connection refused: /192.168.164.239:42501
	at sun.nio.ch.SocketChannelImpl.checkConnect(Native Method)
	at sun.nio.ch.SocketChannelImpl.finishConnect(SocketChannelImpl.java:717)
	at org.apache.ratis.thirdparty.io.netty.channel.socket.nio.NioSocketChannel.doFinishConnect(NioSocketChannel.java:327)
	at org.apache.ratis.thirdparty.io.netty.channel.nio.AbstractNioChannel$AbstractNioUnsafe.finishConnect(AbstractNioChannel.java:340)
	at org.apache.ratis.thirdparty.io.netty.channel.nio.NioEventLoop.processSelectedKey(NioEventLoop.java:632)
	at org.apache.ratis.thirdparty.io.netty.channel.nio.NioEventLoop.processSelectedKeysOptimized(NioEventLoop.java:579)
	at org.apache.ratis.thirdparty.io.netty.channel.nio.NioEventLoop.processSelectedKeys(NioEventLoop.java:496)
	at org.apache.ratis.thirdparty.io.netty.channel.nio.NioEventLoop.run(NioEventLoop.java:458)
	at org.apache.ratis.thirdparty.io.netty.util.concurrent.SingleThreadEventExecutor$5.run(SingleThreadEventExecutor.java:897)
	at org.apache.ratis.thirdparty.io.netty.util.concurrent.FastThreadLocalRunnable.run(FastThreadLocalRunnable.java:30)
	... 1 more
Caused by: java.net.ConnectException: Connection refused
	... 11 more
2019-10-15 16:29:52,096 [grpc-default-executor-11] INFO  impl.RaftServerImpl (RaftServerImpl.java:setRole(184)) - 14091fe6-d183-4b46-be93-2ba964a39c73@group-C25BD028928E: changes role from  FOLLOWER to FOLLOWER at term 132 for recognizeCandidate:f5624850-682f-4ec5-bb5c-f79627fc299e
2019-10-15 16:29:52,097 [grpc-default-executor-11] INFO  impl.RoleInfo (RoleInfo.java:shutdownFollowerState(121)) - 14091fe6-d183-4b46-be93-2ba964a39c73: shutdown FollowerState
2019-10-15 16:29:52,097 [grpc-default-executor-11] INFO  impl.RoleInfo (RoleInfo.java:updateAndGet(143)) - 14091fe6-d183-4b46-be93-2ba964a39c73: start FollowerState
2019-10-15 16:29:52,097 [Thread-1434] INFO  impl.FollowerState (FollowerState.java:run(117)) - 14091fe6-d183-4b46-be93-2ba964a39c73@group-C25BD028928E-FollowerState was interrupted: java.lang.InterruptedException: sleep interrupted
2019-10-15 16:29:52,126 [f5624850-682f-4ec5-bb5c-f79627fc299e@group-C25BD028928E-LeaderElection144] INFO  impl.LeaderElection (LeaderElection.java:logAndReturn(56)) - f5624850-682f-4ec5-bb5c-f79627fc299e@group-C25BD028928E-LeaderElection144: Election REJECTED; received 1 response(s) [f5624850-682f-4ec5-bb5c-f79627fc299e<-14091fe6-d183-4b46-be93-2ba964a39c73#0:FAIL-t132] and 1 exception(s); f5624850-682f-4ec5-bb5c-f79627fc299e@group-C25BD028928E:t132, leader=null, voted=f5624850-682f-4ec5-bb5c-f79627fc299e, raftlog=f5624850-682f-4ec5-bb5c-f79627fc299e@group-C25BD028928E-SegmentedRaftLog:OPENED:c-1,f-1,i0, conf=-1: [f581660d-af3d-4f5f-b57d-f4cb54f048b9:192.168.164.239:42501, f5624850-682f-4ec5-bb5c-f79627fc299e:192.168.164.239:39499, 14091fe6-d183-4b46-be93-2ba964a39c73:192.168.164.239:34827], old=null
2019-10-15 16:29:52,126 [f5624850-682f-4ec5-bb5c-f79627fc299e@group-C25BD028928E-LeaderElection144] INFO  impl.LeaderElection (LogUtils.java:infoOrTrace(149)) -   Exception 0: {}
java.util.concurrent.ExecutionException: org.apache.ratis.thirdparty.io.grpc.StatusRuntimeException: UNAVAILABLE: io exception
	at java.util.concurrent.FutureTask.report(FutureTask.java:122)
	at java.util.concurrent.FutureTask.get(FutureTask.java:192)
	at org.apache.ratis.server.impl.LeaderElection.waitForResults(LeaderElection.java:259)
	at org.apache.ratis.server.impl.LeaderElection.askForVotes(LeaderElection.java:197)
	at org.apache.ratis.server.impl.LeaderElection.run(LeaderElection.java:133)
	at java.lang.Thread.run(Thread.java:748)
Caused by: org.apache.ratis.thirdparty.io.grpc.StatusRuntimeException: UNAVAILABLE: io exception
	at org.apache.ratis.thirdparty.io.grpc.stub.ClientCalls.toStatusRuntimeException(ClientCalls.java:233)
	at org.apache.ratis.thirdparty.io.grpc.stub.ClientCalls.getUnchecked(ClientCalls.java:214)
	at org.apache.ratis.thirdparty.io.grpc.stub.ClientCalls.blockingUnaryCall(ClientCalls.java:139)
	at org.apache.ratis.proto.grpc.RaftServerProtocolServiceGrpc$RaftServerProtocolServiceBlockingStub.requestVote(RaftServerProtocolServiceGrpc.java:265)
	at org.apache.ratis.grpc.server.GrpcServerProtocolClient.requestVote(GrpcServerProtocolClient.java:99)
	at org.apache.ratis.grpc.server.GrpcService.requestVote(GrpcService.java:204)
	at org.apache.ratis.server.impl.LeaderElection.lambda$submitRequests$1(LeaderElection.java:234)
	at java.util.concurrent.FutureTask.run(FutureTask.java:266)
	at java.util.concurrent.Executors$RunnableAdapter.call(Executors.java:511)
	at java.util.concurrent.FutureTask.run(FutureTask.java:266)
	at java.util.concurrent.ThreadPoolExecutor.runWorker(ThreadPoolExecutor.java:1149)
	at java.util.concurrent.ThreadPoolExecutor$Worker.run(ThreadPoolExecutor.java:624)
	... 1 more
Caused by: org.apache.ratis.thirdparty.io.netty.channel.AbstractChannel$AnnotatedConnectException: Connection refused: /192.168.164.239:42501
	at sun.nio.ch.SocketChannelImpl.checkConnect(Native Method)
	at sun.nio.ch.SocketChannelImpl.finishConnect(SocketChannelImpl.java:717)
	at org.apache.ratis.thirdparty.io.netty.channel.socket.nio.NioSocketChannel.doFinishConnect(NioSocketChannel.java:327)
	at org.apache.ratis.thirdparty.io.netty.channel.nio.AbstractNioChannel$AbstractNioUnsafe.finishConnect(AbstractNioChannel.java:340)
	at org.apache.ratis.thirdparty.io.netty.channel.nio.NioEventLoop.processSelectedKey(NioEventLoop.java:632)
	at org.apache.ratis.thirdparty.io.netty.channel.nio.NioEventLoop.processSelectedKeysOptimized(NioEventLoop.java:579)
	at org.apache.ratis.thirdparty.io.netty.channel.nio.NioEventLoop.processSelectedKeys(NioEventLoop.java:496)
	at org.apache.ratis.thirdparty.io.netty.channel.nio.NioEventLoop.run(NioEventLoop.java:458)
	at org.apache.ratis.thirdparty.io.netty.util.concurrent.SingleThreadEventExecutor$5.run(SingleThreadEventExecutor.java:897)
	at org.apache.ratis.thirdparty.io.netty.util.concurrent.FastThreadLocalRunnable.run(FastThreadLocalRunnable.java:30)
	... 1 more
Caused by: java.net.ConnectException: Connection refused
	... 11 more
2019-10-15 16:29:52,127 [f5624850-682f-4ec5-bb5c-f79627fc299e@group-C25BD028928E-LeaderElection144] INFO  impl.RaftServerImpl (RaftServerImpl.java:setRole(184)) - f5624850-682f-4ec5-bb5c-f79627fc299e@group-C25BD028928E: changes role from CANDIDATE to FOLLOWER at term 132 for DISCOVERED_A_NEW_TERM
2019-10-15 16:29:52,127 [f5624850-682f-4ec5-bb5c-f79627fc299e@group-C25BD028928E-LeaderElection144] INFO  impl.RoleInfo (RoleInfo.java:shutdownLeaderElection(134)) - f5624850-682f-4ec5-bb5c-f79627fc299e: shutdown LeaderElection
2019-10-15 16:29:52,127 [f5624850-682f-4ec5-bb5c-f79627fc299e@group-C25BD028928E-LeaderElection144] INFO  impl.RoleInfo (RoleInfo.java:updateAndGet(143)) - f5624850-682f-4ec5-bb5c-f79627fc299e: start FollowerState
2019-10-15 16:29:52,255 [Thread-1443] INFO  impl.FollowerState (FollowerState.java:run(108)) - f5624850-682f-4ec5-bb5c-f79627fc299e@group-C25BD028928E-FollowerState: change to CANDIDATE, lastRpcTime:127ms, electionTimeout:127ms
2019-10-15 16:29:52,255 [Thread-1443] INFO  impl.RoleInfo (RoleInfo.java:shutdownFollowerState(121)) - f5624850-682f-4ec5-bb5c-f79627fc299e: shutdown FollowerState
2019-10-15 16:29:52,255 [Thread-1443] INFO  impl.RaftServerImpl (RaftServerImpl.java:setRole(184)) - f5624850-682f-4ec5-bb5c-f79627fc299e@group-C25BD028928E: changes role from  FOLLOWER to CANDIDATE at term 132 for changeToCandidate
2019-10-15 16:29:52,255 [Thread-1443] INFO  impl.RoleInfo (RoleInfo.java:updateAndGet(143)) - f5624850-682f-4ec5-bb5c-f79627fc299e: start LeaderElection
2019-10-15 16:29:52,283 [f5624850-682f-4ec5-bb5c-f79627fc299e@group-C25BD028928E-LeaderElection145] INFO  impl.LeaderElection (LeaderElection.java:askForVotes(178)) - f5624850-682f-4ec5-bb5c-f79627fc299e@group-C25BD028928E-LeaderElection145: begin an election at term 133 for -1: [f581660d-af3d-4f5f-b57d-f4cb54f048b9:192.168.164.239:42501, f5624850-682f-4ec5-bb5c-f79627fc299e:192.168.164.239:39499, 14091fe6-d183-4b46-be93-2ba964a39c73:192.168.164.239:34827], old=null
2019-10-15 16:29:52,285 [f5624850-682f-4ec5-bb5c-f79627fc299e@group-C25BD028928E-LeaderElection145] INFO  impl.LeaderElection (LogUtils.java:infoOrTrace(149)) - f5624850-682f-4ec5-bb5c-f79627fc299e@group-C25BD028928E-LeaderElection145 got exception when requesting votes: {}
java.util.concurrent.ExecutionException: org.apache.ratis.thirdparty.io.grpc.StatusRuntimeException: UNAVAILABLE: io exception
	at java.util.concurrent.FutureTask.report(FutureTask.java:122)
	at java.util.concurrent.FutureTask.get(FutureTask.java:192)
	at org.apache.ratis.server.impl.LeaderElection.waitForResults(LeaderElection.java:259)
	at org.apache.ratis.server.impl.LeaderElection.askForVotes(LeaderElection.java:197)
	at org.apache.ratis.server.impl.LeaderElection.run(LeaderElection.java:133)
	at java.lang.Thread.run(Thread.java:748)
Caused by: org.apache.ratis.thirdparty.io.grpc.StatusRuntimeException: UNAVAILABLE: io exception
	at org.apache.ratis.thirdparty.io.grpc.stub.ClientCalls.toStatusRuntimeException(ClientCalls.java:233)
	at org.apache.ratis.thirdparty.io.grpc.stub.ClientCalls.getUnchecked(ClientCalls.java:214)
	at org.apache.ratis.thirdparty.io.grpc.stub.ClientCalls.blockingUnaryCall(ClientCalls.java:139)
	at org.apache.ratis.proto.grpc.RaftServerProtocolServiceGrpc$RaftServerProtocolServiceBlockingStub.requestVote(RaftServerProtocolServiceGrpc.java:265)
	at org.apache.ratis.grpc.server.GrpcServerProtocolClient.requestVote(GrpcServerProtocolClient.java:99)
	at org.apache.ratis.grpc.server.GrpcService.requestVote(GrpcService.java:204)
	at org.apache.ratis.server.impl.LeaderElection.lambda$submitRequests$1(LeaderElection.java:234)
	at java.util.concurrent.FutureTask.run(FutureTask.java:266)
	at java.util.concurrent.Executors$RunnableAdapter.call(Executors.java:511)
	at java.util.concurrent.FutureTask.run(FutureTask.java:266)
	at java.util.concurrent.ThreadPoolExecutor.runWorker(ThreadPoolExecutor.java:1149)
	at java.util.concurrent.ThreadPoolExecutor$Worker.run(ThreadPoolExecutor.java:624)
	... 1 more
Caused by: org.apache.ratis.thirdparty.io.netty.channel.AbstractChannel$AnnotatedConnectException: Connection refused: /192.168.164.239:42501
	at sun.nio.ch.SocketChannelImpl.checkConnect(Native Method)
	at sun.nio.ch.SocketChannelImpl.finishConnect(SocketChannelImpl.java:717)
	at org.apache.ratis.thirdparty.io.netty.channel.socket.nio.NioSocketChannel.doFinishConnect(NioSocketChannel.java:327)
	at org.apache.ratis.thirdparty.io.netty.channel.nio.AbstractNioChannel$AbstractNioUnsafe.finishConnect(AbstractNioChannel.java:340)
	at org.apache.ratis.thirdparty.io.netty.channel.nio.NioEventLoop.processSelectedKey(NioEventLoop.java:632)
	at org.apache.ratis.thirdparty.io.netty.channel.nio.NioEventLoop.processSelectedKeysOptimized(NioEventLoop.java:579)
	at org.apache.ratis.thirdparty.io.netty.channel.nio.NioEventLoop.processSelectedKeys(NioEventLoop.java:496)
	at org.apache.ratis.thirdparty.io.netty.channel.nio.NioEventLoop.run(NioEventLoop.java:458)
	at org.apache.ratis.thirdparty.io.netty.util.concurrent.SingleThreadEventExecutor$5.run(SingleThreadEventExecutor.java:897)
	at org.apache.ratis.thirdparty.io.netty.util.concurrent.FastThreadLocalRunnable.run(FastThreadLocalRunnable.java:30)
	... 1 more
Caused by: java.net.ConnectException: Connection refused
	... 11 more
2019-10-15 16:29:52,292 [grpc-default-executor-11] INFO  impl.RaftServerImpl (RaftServerImpl.java:setRole(184)) - 14091fe6-d183-4b46-be93-2ba964a39c73@group-C25BD028928E: changes role from  FOLLOWER to FOLLOWER at term 133 for recognizeCandidate:f5624850-682f-4ec5-bb5c-f79627fc299e
2019-10-15 16:29:52,292 [grpc-default-executor-11] INFO  impl.RoleInfo (RoleInfo.java:shutdownFollowerState(121)) - 14091fe6-d183-4b46-be93-2ba964a39c73: shutdown FollowerState
2019-10-15 16:29:52,292 [grpc-default-executor-11] INFO  impl.RoleInfo (RoleInfo.java:updateAndGet(143)) - 14091fe6-d183-4b46-be93-2ba964a39c73: start FollowerState
2019-10-15 16:29:52,292 [Thread-1440] INFO  impl.FollowerState (FollowerState.java:run(117)) - 14091fe6-d183-4b46-be93-2ba964a39c73@group-C25BD028928E-FollowerState was interrupted: java.lang.InterruptedException: sleep interrupted
2019-10-15 16:29:52,318 [f5624850-682f-4ec5-bb5c-f79627fc299e@group-C25BD028928E-LeaderElection145] INFO  impl.LeaderElection (LeaderElection.java:logAndReturn(56)) - f5624850-682f-4ec5-bb5c-f79627fc299e@group-C25BD028928E-LeaderElection145: Election REJECTED; received 1 response(s) [f5624850-682f-4ec5-bb5c-f79627fc299e<-14091fe6-d183-4b46-be93-2ba964a39c73#0:FAIL-t133] and 1 exception(s); f5624850-682f-4ec5-bb5c-f79627fc299e@group-C25BD028928E:t133, leader=null, voted=f5624850-682f-4ec5-bb5c-f79627fc299e, raftlog=f5624850-682f-4ec5-bb5c-f79627fc299e@group-C25BD028928E-SegmentedRaftLog:OPENED:c-1,f-1,i0, conf=-1: [f581660d-af3d-4f5f-b57d-f4cb54f048b9:192.168.164.239:42501, f5624850-682f-4ec5-bb5c-f79627fc299e:192.168.164.239:39499, 14091fe6-d183-4b46-be93-2ba964a39c73:192.168.164.239:34827], old=null
2019-10-15 16:29:52,318 [f5624850-682f-4ec5-bb5c-f79627fc299e@group-C25BD028928E-LeaderElection145] INFO  impl.LeaderElection (LogUtils.java:infoOrTrace(149)) -   Exception 0: {}
java.util.concurrent.ExecutionException: org.apache.ratis.thirdparty.io.grpc.StatusRuntimeException: UNAVAILABLE: io exception
	at java.util.concurrent.FutureTask.report(FutureTask.java:122)
	at java.util.concurrent.FutureTask.get(FutureTask.java:192)
	at org.apache.ratis.server.impl.LeaderElection.waitForResults(LeaderElection.java:259)
	at org.apache.ratis.server.impl.LeaderElection.askForVotes(LeaderElection.java:197)
	at org.apache.ratis.server.impl.LeaderElection.run(LeaderElection.java:133)
	at java.lang.Thread.run(Thread.java:748)
Caused by: org.apache.ratis.thirdparty.io.grpc.StatusRuntimeException: UNAVAILABLE: io exception
	at org.apache.ratis.thirdparty.io.grpc.stub.ClientCalls.toStatusRuntimeException(ClientCalls.java:233)
	at org.apache.ratis.thirdparty.io.grpc.stub.ClientCalls.getUnchecked(ClientCalls.java:214)
	at org.apache.ratis.thirdparty.io.grpc.stub.ClientCalls.blockingUnaryCall(ClientCalls.java:139)
	at org.apache.ratis.proto.grpc.RaftServerProtocolServiceGrpc$RaftServerProtocolServiceBlockingStub.requestVote(RaftServerProtocolServiceGrpc.java:265)
	at org.apache.ratis.grpc.server.GrpcServerProtocolClient.requestVote(GrpcServerProtocolClient.java:99)
	at org.apache.ratis.grpc.server.GrpcService.requestVote(GrpcService.java:204)
	at org.apache.ratis.server.impl.LeaderElection.lambda$submitRequests$1(LeaderElection.java:234)
	at java.util.concurrent.FutureTask.run(FutureTask.java:266)
	at java.util.concurrent.Executors$RunnableAdapter.call(Executors.java:511)
	at java.util.concurrent.FutureTask.run(FutureTask.java:266)
	at java.util.concurrent.ThreadPoolExecutor.runWorker(ThreadPoolExecutor.java:1149)
	at java.util.concurrent.ThreadPoolExecutor$Worker.run(ThreadPoolExecutor.java:624)
	... 1 more
Caused by: org.apache.ratis.thirdparty.io.netty.channel.AbstractChannel$AnnotatedConnectException: Connection refused: /192.168.164.239:42501
	at sun.nio.ch.SocketChannelImpl.checkConnect(Native Method)
	at sun.nio.ch.SocketChannelImpl.finishConnect(SocketChannelImpl.java:717)
	at org.apache.ratis.thirdparty.io.netty.channel.socket.nio.NioSocketChannel.doFinishConnect(NioSocketChannel.java:327)
	at org.apache.ratis.thirdparty.io.netty.channel.nio.AbstractNioChannel$AbstractNioUnsafe.finishConnect(AbstractNioChannel.java:340)
	at org.apache.ratis.thirdparty.io.netty.channel.nio.NioEventLoop.processSelectedKey(NioEventLoop.java:632)
	at org.apache.ratis.thirdparty.io.netty.channel.nio.NioEventLoop.processSelectedKeysOptimized(NioEventLoop.java:579)
	at org.apache.ratis.thirdparty.io.netty.channel.nio.NioEventLoop.processSelectedKeys(NioEventLoop.java:496)
	at org.apache.ratis.thirdparty.io.netty.channel.nio.NioEventLoop.run(NioEventLoop.java:458)
	at org.apache.ratis.thirdparty.io.netty.util.concurrent.SingleThreadEventExecutor$5.run(SingleThreadEventExecutor.java:897)
	at org.apache.ratis.thirdparty.io.netty.util.concurrent.FastThreadLocalRunnable.run(FastThreadLocalRunnable.java:30)
	... 1 more
Caused by: java.net.ConnectException: Connection refused
	... 11 more
2019-10-15 16:29:52,319 [f5624850-682f-4ec5-bb5c-f79627fc299e@group-C25BD028928E-LeaderElection145] INFO  impl.RaftServerImpl (RaftServerImpl.java:setRole(184)) - f5624850-682f-4ec5-bb5c-f79627fc299e@group-C25BD028928E: changes role from CANDIDATE to FOLLOWER at term 133 for DISCOVERED_A_NEW_TERM
2019-10-15 16:29:52,319 [f5624850-682f-4ec5-bb5c-f79627fc299e@group-C25BD028928E-LeaderElection145] INFO  impl.RoleInfo (RoleInfo.java:shutdownLeaderElection(134)) - f5624850-682f-4ec5-bb5c-f79627fc299e: shutdown LeaderElection
2019-10-15 16:29:52,319 [f5624850-682f-4ec5-bb5c-f79627fc299e@group-C25BD028928E-LeaderElection145] INFO  impl.RoleInfo (RoleInfo.java:updateAndGet(143)) - f5624850-682f-4ec5-bb5c-f79627fc299e: start FollowerState
2019-10-15 16:29:52,369 [Thread-1448] INFO  impl.FollowerState (FollowerState.java:run(108)) - f5624850-682f-4ec5-bb5c-f79627fc299e@group-C25BD028928E-FollowerState: change to CANDIDATE, lastRpcTime:49ms, electionTimeout:49ms
2019-10-15 16:29:52,369 [Thread-1448] INFO  impl.RoleInfo (RoleInfo.java:shutdownFollowerState(121)) - f5624850-682f-4ec5-bb5c-f79627fc299e: shutdown FollowerState
2019-10-15 16:29:52,369 [Thread-1448] INFO  impl.RaftServerImpl (RaftServerImpl.java:setRole(184)) - f5624850-682f-4ec5-bb5c-f79627fc299e@group-C25BD028928E: changes role from  FOLLOWER to CANDIDATE at term 133 for changeToCandidate
2019-10-15 16:29:52,369 [Thread-1448] INFO  impl.RoleInfo (RoleInfo.java:updateAndGet(143)) - f5624850-682f-4ec5-bb5c-f79627fc299e: start LeaderElection
2019-10-15 16:29:52,392 [f5624850-682f-4ec5-bb5c-f79627fc299e@group-C25BD028928E-LeaderElection146] INFO  impl.LeaderElection (LeaderElection.java:askForVotes(178)) - f5624850-682f-4ec5-bb5c-f79627fc299e@group-C25BD028928E-LeaderElection146: begin an election at term 134 for -1: [f581660d-af3d-4f5f-b57d-f4cb54f048b9:192.168.164.239:42501, f5624850-682f-4ec5-bb5c-f79627fc299e:192.168.164.239:39499, 14091fe6-d183-4b46-be93-2ba964a39c73:192.168.164.239:34827], old=null
2019-10-15 16:29:52,394 [f5624850-682f-4ec5-bb5c-f79627fc299e@group-C25BD028928E-LeaderElection146] INFO  impl.LeaderElection (LogUtils.java:infoOrTrace(149)) - f5624850-682f-4ec5-bb5c-f79627fc299e@group-C25BD028928E-LeaderElection146 got exception when requesting votes: {}
java.util.concurrent.ExecutionException: org.apache.ratis.thirdparty.io.grpc.StatusRuntimeException: UNAVAILABLE: io exception
	at java.util.concurrent.FutureTask.report(FutureTask.java:122)
	at java.util.concurrent.FutureTask.get(FutureTask.java:192)
	at org.apache.ratis.server.impl.LeaderElection.waitForResults(LeaderElection.java:259)
	at org.apache.ratis.server.impl.LeaderElection.askForVotes(LeaderElection.java:197)
	at org.apache.ratis.server.impl.LeaderElection.run(LeaderElection.java:133)
	at java.lang.Thread.run(Thread.java:748)
Caused by: org.apache.ratis.thirdparty.io.grpc.StatusRuntimeException: UNAVAILABLE: io exception
	at org.apache.ratis.thirdparty.io.grpc.stub.ClientCalls.toStatusRuntimeException(ClientCalls.java:233)
	at org.apache.ratis.thirdparty.io.grpc.stub.ClientCalls.getUnchecked(ClientCalls.java:214)
	at org.apache.ratis.thirdparty.io.grpc.stub.ClientCalls.blockingUnaryCall(ClientCalls.java:139)
	at org.apache.ratis.proto.grpc.RaftServerProtocolServiceGrpc$RaftServerProtocolServiceBlockingStub.requestVote(RaftServerProtocolServiceGrpc.java:265)
	at org.apache.ratis.grpc.server.GrpcServerProtocolClient.requestVote(GrpcServerProtocolClient.java:99)
	at org.apache.ratis.grpc.server.GrpcService.requestVote(GrpcService.java:204)
	at org.apache.ratis.server.impl.LeaderElection.lambda$submitRequests$1(LeaderElection.java:234)
	at java.util.concurrent.FutureTask.run(FutureTask.java:266)
	at java.util.concurrent.Executors$RunnableAdapter.call(Executors.java:511)
	at java.util.concurrent.FutureTask.run(FutureTask.java:266)
	at java.util.concurrent.ThreadPoolExecutor.runWorker(ThreadPoolExecutor.java:1149)
	at java.util.concurrent.ThreadPoolExecutor$Worker.run(ThreadPoolExecutor.java:624)
	... 1 more
Caused by: org.apache.ratis.thirdparty.io.netty.channel.AbstractChannel$AnnotatedConnectException: Connection refused: /192.168.164.239:42501
	at sun.nio.ch.SocketChannelImpl.checkConnect(Native Method)
	at sun.nio.ch.SocketChannelImpl.finishConnect(SocketChannelImpl.java:717)
	at org.apache.ratis.thirdparty.io.netty.channel.socket.nio.NioSocketChannel.doFinishConnect(NioSocketChannel.java:327)
	at org.apache.ratis.thirdparty.io.netty.channel.nio.AbstractNioChannel$AbstractNioUnsafe.finishConnect(AbstractNioChannel.java:340)
	at org.apache.ratis.thirdparty.io.netty.channel.nio.NioEventLoop.processSelectedKey(NioEventLoop.java:632)
	at org.apache.ratis.thirdparty.io.netty.channel.nio.NioEventLoop.processSelectedKeysOptimized(NioEventLoop.java:579)
	at org.apache.ratis.thirdparty.io.netty.channel.nio.NioEventLoop.processSelectedKeys(NioEventLoop.java:496)
	at org.apache.ratis.thirdparty.io.netty.channel.nio.NioEventLoop.run(NioEventLoop.java:458)
	at org.apache.ratis.thirdparty.io.netty.util.concurrent.SingleThreadEventExecutor$5.run(SingleThreadEventExecutor.java:897)
	at org.apache.ratis.thirdparty.io.netty.util.concurrent.FastThreadLocalRunnable.run(FastThreadLocalRunnable.java:30)
	... 1 more
Caused by: java.net.ConnectException: Connection refused
	... 11 more
2019-10-15 16:29:52,405 [grpc-default-executor-11] INFO  impl.RaftServerImpl (RaftServerImpl.java:setRole(184)) - 14091fe6-d183-4b46-be93-2ba964a39c73@group-C25BD028928E: changes role from  FOLLOWER to FOLLOWER at term 134 for recognizeCandidate:f5624850-682f-4ec5-bb5c-f79627fc299e
2019-10-15 16:29:52,405 [grpc-default-executor-11] INFO  impl.RoleInfo (RoleInfo.java:shutdownFollowerState(121)) - 14091fe6-d183-4b46-be93-2ba964a39c73: shutdown FollowerState
2019-10-15 16:29:52,406 [grpc-default-executor-11] INFO  impl.RoleInfo (RoleInfo.java:updateAndGet(143)) - 14091fe6-d183-4b46-be93-2ba964a39c73: start FollowerState
2019-10-15 16:29:52,406 [Thread-1447] INFO  impl.FollowerState (FollowerState.java:run(117)) - 14091fe6-d183-4b46-be93-2ba964a39c73@group-C25BD028928E-FollowerState was interrupted: java.lang.InterruptedException: sleep interrupted
2019-10-15 16:29:52,435 [f5624850-682f-4ec5-bb5c-f79627fc299e@group-C25BD028928E-LeaderElection146] INFO  impl.LeaderElection (LeaderElection.java:logAndReturn(56)) - f5624850-682f-4ec5-bb5c-f79627fc299e@group-C25BD028928E-LeaderElection146: Election REJECTED; received 1 response(s) [f5624850-682f-4ec5-bb5c-f79627fc299e<-14091fe6-d183-4b46-be93-2ba964a39c73#0:FAIL-t134] and 1 exception(s); f5624850-682f-4ec5-bb5c-f79627fc299e@group-C25BD028928E:t134, leader=null, voted=f5624850-682f-4ec5-bb5c-f79627fc299e, raftlog=f5624850-682f-4ec5-bb5c-f79627fc299e@group-C25BD028928E-SegmentedRaftLog:OPENED:c-1,f-1,i0, conf=-1: [f581660d-af3d-4f5f-b57d-f4cb54f048b9:192.168.164.239:42501, f5624850-682f-4ec5-bb5c-f79627fc299e:192.168.164.239:39499, 14091fe6-d183-4b46-be93-2ba964a39c73:192.168.164.239:34827], old=null
2019-10-15 16:29:52,436 [f5624850-682f-4ec5-bb5c-f79627fc299e@group-C25BD028928E-LeaderElection146] INFO  impl.LeaderElection (LogUtils.java:infoOrTrace(149)) -   Exception 0: {}
java.util.concurrent.ExecutionException: org.apache.ratis.thirdparty.io.grpc.StatusRuntimeException: UNAVAILABLE: io exception
	at java.util.concurrent.FutureTask.report(FutureTask.java:122)
	at java.util.concurrent.FutureTask.get(FutureTask.java:192)
	at org.apache.ratis.server.impl.LeaderElection.waitForResults(LeaderElection.java:259)
	at org.apache.ratis.server.impl.LeaderElection.askForVotes(LeaderElection.java:197)
	at org.apache.ratis.server.impl.LeaderElection.run(LeaderElection.java:133)
	at java.lang.Thread.run(Thread.java:748)
Caused by: org.apache.ratis.thirdparty.io.grpc.StatusRuntimeException: UNAVAILABLE: io exception
	at org.apache.ratis.thirdparty.io.grpc.stub.ClientCalls.toStatusRuntimeException(ClientCalls.java:233)
	at org.apache.ratis.thirdparty.io.grpc.stub.ClientCalls.getUnchecked(ClientCalls.java:214)
	at org.apache.ratis.thirdparty.io.grpc.stub.ClientCalls.blockingUnaryCall(ClientCalls.java:139)
	at org.apache.ratis.proto.grpc.RaftServerProtocolServiceGrpc$RaftServerProtocolServiceBlockingStub.requestVote(RaftServerProtocolServiceGrpc.java:265)
	at org.apache.ratis.grpc.server.GrpcServerProtocolClient.requestVote(GrpcServerProtocolClient.java:99)
	at org.apache.ratis.grpc.server.GrpcService.requestVote(GrpcService.java:204)
	at org.apache.ratis.server.impl.LeaderElection.lambda$submitRequests$1(LeaderElection.java:234)
	at java.util.concurrent.FutureTask.run(FutureTask.java:266)
	at java.util.concurrent.Executors$RunnableAdapter.call(Executors.java:511)
	at java.util.concurrent.FutureTask.run(FutureTask.java:266)
	at java.util.concurrent.ThreadPoolExecutor.runWorker(ThreadPoolExecutor.java:1149)
	at java.util.concurrent.ThreadPoolExecutor$Worker.run(ThreadPoolExecutor.java:624)
	... 1 more
Caused by: org.apache.ratis.thirdparty.io.netty.channel.AbstractChannel$AnnotatedConnectException: Connection refused: /192.168.164.239:42501
	at sun.nio.ch.SocketChannelImpl.checkConnect(Native Method)
	at sun.nio.ch.SocketChannelImpl.finishConnect(SocketChannelImpl.java:717)
	at org.apache.ratis.thirdparty.io.netty.channel.socket.nio.NioSocketChannel.doFinishConnect(NioSocketChannel.java:327)
	at org.apache.ratis.thirdparty.io.netty.channel.nio.AbstractNioChannel$AbstractNioUnsafe.finishConnect(AbstractNioChannel.java:340)
	at org.apache.ratis.thirdparty.io.netty.channel.nio.NioEventLoop.processSelectedKey(NioEventLoop.java:632)
	at org.apache.ratis.thirdparty.io.netty.channel.nio.NioEventLoop.processSelectedKeysOptimized(NioEventLoop.java:579)
	at org.apache.ratis.thirdparty.io.netty.channel.nio.NioEventLoop.processSelectedKeys(NioEventLoop.java:496)
	at org.apache.ratis.thirdparty.io.netty.channel.nio.NioEventLoop.run(NioEventLoop.java:458)
	at org.apache.ratis.thirdparty.io.netty.util.concurrent.SingleThreadEventExecutor$5.run(SingleThreadEventExecutor.java:897)
	at org.apache.ratis.thirdparty.io.netty.util.concurrent.FastThreadLocalRunnable.run(FastThreadLocalRunnable.java:30)
	... 1 more
Caused by: java.net.ConnectException: Connection refused
	... 11 more
2019-10-15 16:29:52,436 [f5624850-682f-4ec5-bb5c-f79627fc299e@group-C25BD028928E-LeaderElection146] INFO  impl.RaftServerImpl (RaftServerImpl.java:setRole(184)) - f5624850-682f-4ec5-bb5c-f79627fc299e@group-C25BD028928E: changes role from CANDIDATE to FOLLOWER at term 134 for DISCOVERED_A_NEW_TERM
2019-10-15 16:29:52,437 [f5624850-682f-4ec5-bb5c-f79627fc299e@group-C25BD028928E-LeaderElection146] INFO  impl.RoleInfo (RoleInfo.java:shutdownLeaderElection(134)) - f5624850-682f-4ec5-bb5c-f79627fc299e: shutdown LeaderElection
2019-10-15 16:29:52,437 [f5624850-682f-4ec5-bb5c-f79627fc299e@group-C25BD028928E-LeaderElection146] INFO  impl.RoleInfo (RoleInfo.java:updateAndGet(143)) - f5624850-682f-4ec5-bb5c-f79627fc299e: start FollowerState
2019-10-15 16:29:52,570 [Thread-1453] INFO  impl.FollowerState (FollowerState.java:run(108)) - f5624850-682f-4ec5-bb5c-f79627fc299e@group-C25BD028928E-FollowerState: change to CANDIDATE, lastRpcTime:133ms, electionTimeout:133ms
2019-10-15 16:29:52,572 [Thread-1453] INFO  impl.RoleInfo (RoleInfo.java:shutdownFollowerState(121)) - f5624850-682f-4ec5-bb5c-f79627fc299e: shutdown FollowerState
2019-10-15 16:29:52,572 [Thread-1453] INFO  impl.RaftServerImpl (RaftServerImpl.java:setRole(184)) - f5624850-682f-4ec5-bb5c-f79627fc299e@group-C25BD028928E: changes role from  FOLLOWER to CANDIDATE at term 134 for changeToCandidate
2019-10-15 16:29:52,573 [Thread-1453] INFO  impl.RoleInfo (RoleInfo.java:updateAndGet(143)) - f5624850-682f-4ec5-bb5c-f79627fc299e: start LeaderElection
2019-10-15 16:29:52,601 [f5624850-682f-4ec5-bb5c-f79627fc299e@group-C25BD028928E-LeaderElection147] INFO  impl.LeaderElection (LeaderElection.java:askForVotes(178)) - f5624850-682f-4ec5-bb5c-f79627fc299e@group-C25BD028928E-LeaderElection147: begin an election at term 135 for -1: [f581660d-af3d-4f5f-b57d-f4cb54f048b9:192.168.164.239:42501, f5624850-682f-4ec5-bb5c-f79627fc299e:192.168.164.239:39499, 14091fe6-d183-4b46-be93-2ba964a39c73:192.168.164.239:34827], old=null
2019-10-15 16:29:52,604 [f5624850-682f-4ec5-bb5c-f79627fc299e@group-C25BD028928E-LeaderElection147] INFO  impl.LeaderElection (LogUtils.java:infoOrTrace(149)) - f5624850-682f-4ec5-bb5c-f79627fc299e@group-C25BD028928E-LeaderElection147 got exception when requesting votes: {}
java.util.concurrent.ExecutionException: org.apache.ratis.thirdparty.io.grpc.StatusRuntimeException: UNAVAILABLE: io exception
	at java.util.concurrent.FutureTask.report(FutureTask.java:122)
	at java.util.concurrent.FutureTask.get(FutureTask.java:192)
	at org.apache.ratis.server.impl.LeaderElection.waitForResults(LeaderElection.java:259)
	at org.apache.ratis.server.impl.LeaderElection.askForVotes(LeaderElection.java:197)
	at org.apache.ratis.server.impl.LeaderElection.run(LeaderElection.java:133)
	at java.lang.Thread.run(Thread.java:748)
Caused by: org.apache.ratis.thirdparty.io.grpc.StatusRuntimeException: UNAVAILABLE: io exception
	at org.apache.ratis.thirdparty.io.grpc.stub.ClientCalls.toStatusRuntimeException(ClientCalls.java:233)
	at org.apache.ratis.thirdparty.io.grpc.stub.ClientCalls.getUnchecked(ClientCalls.java:214)
	at org.apache.ratis.thirdparty.io.grpc.stub.ClientCalls.blockingUnaryCall(ClientCalls.java:139)
	at org.apache.ratis.proto.grpc.RaftServerProtocolServiceGrpc$RaftServerProtocolServiceBlockingStub.requestVote(RaftServerProtocolServiceGrpc.java:265)
	at org.apache.ratis.grpc.server.GrpcServerProtocolClient.requestVote(GrpcServerProtocolClient.java:99)
	at org.apache.ratis.grpc.server.GrpcService.requestVote(GrpcService.java:204)
	at org.apache.ratis.server.impl.LeaderElection.lambda$submitRequests$1(LeaderElection.java:234)
	at java.util.concurrent.FutureTask.run(FutureTask.java:266)
	at java.util.concurrent.Executors$RunnableAdapter.call(Executors.java:511)
	at java.util.concurrent.FutureTask.run(FutureTask.java:266)
	at java.util.concurrent.ThreadPoolExecutor.runWorker(ThreadPoolExecutor.java:1149)
	at java.util.concurrent.ThreadPoolExecutor$Worker.run(ThreadPoolExecutor.java:624)
	... 1 more
Caused by: org.apache.ratis.thirdparty.io.netty.channel.AbstractChannel$AnnotatedConnectException: Connection refused: /192.168.164.239:42501
	at sun.nio.ch.SocketChannelImpl.checkConnect(Native Method)
	at sun.nio.ch.SocketChannelImpl.finishConnect(SocketChannelImpl.java:717)
	at org.apache.ratis.thirdparty.io.netty.channel.socket.nio.NioSocketChannel.doFinishConnect(NioSocketChannel.java:327)
	at org.apache.ratis.thirdparty.io.netty.channel.nio.AbstractNioChannel$AbstractNioUnsafe.finishConnect(AbstractNioChannel.java:340)
	at org.apache.ratis.thirdparty.io.netty.channel.nio.NioEventLoop.processSelectedKey(NioEventLoop.java:632)
	at org.apache.ratis.thirdparty.io.netty.channel.nio.NioEventLoop.processSelectedKeysOptimized(NioEventLoop.java:579)
	at org.apache.ratis.thirdparty.io.netty.channel.nio.NioEventLoop.processSelectedKeys(NioEventLoop.java:496)
	at org.apache.ratis.thirdparty.io.netty.channel.nio.NioEventLoop.run(NioEventLoop.java:458)
	at org.apache.ratis.thirdparty.io.netty.util.concurrent.SingleThreadEventExecutor$5.run(SingleThreadEventExecutor.java:897)
	at org.apache.ratis.thirdparty.io.netty.util.concurrent.FastThreadLocalRunnable.run(FastThreadLocalRunnable.java:30)
	... 1 more
Caused by: java.net.ConnectException: Connection refused
	... 11 more
2019-10-15 16:29:52,621 [grpc-default-executor-4] INFO  impl.RaftServerImpl (RaftServerImpl.java:setRole(184)) - 14091fe6-d183-4b46-be93-2ba964a39c73@group-C25BD028928E: changes role from  FOLLOWER to FOLLOWER at term 135 for recognizeCandidate:f5624850-682f-4ec5-bb5c-f79627fc299e
2019-10-15 16:29:52,622 [grpc-default-executor-4] INFO  impl.RoleInfo (RoleInfo.java:shutdownFollowerState(121)) - 14091fe6-d183-4b46-be93-2ba964a39c73: shutdown FollowerState
2019-10-15 16:29:52,622 [grpc-default-executor-4] INFO  impl.RoleInfo (RoleInfo.java:updateAndGet(143)) - 14091fe6-d183-4b46-be93-2ba964a39c73: start FollowerState
2019-10-15 16:29:52,622 [Thread-1452] INFO  impl.FollowerState (FollowerState.java:run(117)) - 14091fe6-d183-4b46-be93-2ba964a39c73@group-C25BD028928E-FollowerState was interrupted: java.lang.InterruptedException: sleep interrupted
2019-10-15 16:29:52,653 [f5624850-682f-4ec5-bb5c-f79627fc299e@group-C25BD028928E-LeaderElection147] INFO  impl.LeaderElection (LeaderElection.java:logAndReturn(56)) - f5624850-682f-4ec5-bb5c-f79627fc299e@group-C25BD028928E-LeaderElection147: Election REJECTED; received 1 response(s) [f5624850-682f-4ec5-bb5c-f79627fc299e<-14091fe6-d183-4b46-be93-2ba964a39c73#0:FAIL-t135] and 1 exception(s); f5624850-682f-4ec5-bb5c-f79627fc299e@group-C25BD028928E:t135, leader=null, voted=f5624850-682f-4ec5-bb5c-f79627fc299e, raftlog=f5624850-682f-4ec5-bb5c-f79627fc299e@group-C25BD028928E-SegmentedRaftLog:OPENED:c-1,f-1,i0, conf=-1: [f581660d-af3d-4f5f-b57d-f4cb54f048b9:192.168.164.239:42501, f5624850-682f-4ec5-bb5c-f79627fc299e:192.168.164.239:39499, 14091fe6-d183-4b46-be93-2ba964a39c73:192.168.164.239:34827], old=null
2019-10-15 16:29:52,653 [f5624850-682f-4ec5-bb5c-f79627fc299e@group-C25BD028928E-LeaderElection147] INFO  impl.LeaderElection (LogUtils.java:infoOrTrace(149)) -   Exception 0: {}
java.util.concurrent.ExecutionException: org.apache.ratis.thirdparty.io.grpc.StatusRuntimeException: UNAVAILABLE: io exception
	at java.util.concurrent.FutureTask.report(FutureTask.java:122)
	at java.util.concurrent.FutureTask.get(FutureTask.java:192)
	at org.apache.ratis.server.impl.LeaderElection.waitForResults(LeaderElection.java:259)
	at org.apache.ratis.server.impl.LeaderElection.askForVotes(LeaderElection.java:197)
	at org.apache.ratis.server.impl.LeaderElection.run(LeaderElection.java:133)
	at java.lang.Thread.run(Thread.java:748)
Caused by: org.apache.ratis.thirdparty.io.grpc.StatusRuntimeException: UNAVAILABLE: io exception
	at org.apache.ratis.thirdparty.io.grpc.stub.ClientCalls.toStatusRuntimeException(ClientCalls.java:233)
	at org.apache.ratis.thirdparty.io.grpc.stub.ClientCalls.getUnchecked(ClientCalls.java:214)
	at org.apache.ratis.thirdparty.io.grpc.stub.ClientCalls.blockingUnaryCall(ClientCalls.java:139)
	at org.apache.ratis.proto.grpc.RaftServerProtocolServiceGrpc$RaftServerProtocolServiceBlockingStub.requestVote(RaftServerProtocolServiceGrpc.java:265)
	at org.apache.ratis.grpc.server.GrpcServerProtocolClient.requestVote(GrpcServerProtocolClient.java:99)
	at org.apache.ratis.grpc.server.GrpcService.requestVote(GrpcService.java:204)
	at org.apache.ratis.server.impl.LeaderElection.lambda$submitRequests$1(LeaderElection.java:234)
	at java.util.concurrent.FutureTask.run(FutureTask.java:266)
	at java.util.concurrent.Executors$RunnableAdapter.call(Executors.java:511)
	at java.util.concurrent.FutureTask.run(FutureTask.java:266)
	at java.util.concurrent.ThreadPoolExecutor.runWorker(ThreadPoolExecutor.java:1149)
	at java.util.concurrent.ThreadPoolExecutor$Worker.run(ThreadPoolExecutor.java:624)
	... 1 more
Caused by: org.apache.ratis.thirdparty.io.netty.channel.AbstractChannel$AnnotatedConnectException: Connection refused: /192.168.164.239:42501
	at sun.nio.ch.SocketChannelImpl.checkConnect(Native Method)
	at sun.nio.ch.SocketChannelImpl.finishConnect(SocketChannelImpl.java:717)
	at org.apache.ratis.thirdparty.io.netty.channel.socket.nio.NioSocketChannel.doFinishConnect(NioSocketChannel.java:327)
	at org.apache.ratis.thirdparty.io.netty.channel.nio.AbstractNioChannel$AbstractNioUnsafe.finishConnect(AbstractNioChannel.java:340)
	at org.apache.ratis.thirdparty.io.netty.channel.nio.NioEventLoop.processSelectedKey(NioEventLoop.java:632)
	at org.apache.ratis.thirdparty.io.netty.channel.nio.NioEventLoop.processSelectedKeysOptimized(NioEventLoop.java:579)
	at org.apache.ratis.thirdparty.io.netty.channel.nio.NioEventLoop.processSelectedKeys(NioEventLoop.java:496)
	at org.apache.ratis.thirdparty.io.netty.channel.nio.NioEventLoop.run(NioEventLoop.java:458)
	at org.apache.ratis.thirdparty.io.netty.util.concurrent.SingleThreadEventExecutor$5.run(SingleThreadEventExecutor.java:897)
	at org.apache.ratis.thirdparty.io.netty.util.concurrent.FastThreadLocalRunnable.run(FastThreadLocalRunnable.java:30)
	... 1 more
Caused by: java.net.ConnectException: Connection refused
	... 11 more
2019-10-15 16:29:52,654 [f5624850-682f-4ec5-bb5c-f79627fc299e@group-C25BD028928E-LeaderElection147] INFO  impl.RaftServerImpl (RaftServerImpl.java:setRole(184)) - f5624850-682f-4ec5-bb5c-f79627fc299e@group-C25BD028928E: changes role from CANDIDATE to FOLLOWER at term 135 for DISCOVERED_A_NEW_TERM
2019-10-15 16:29:52,654 [f5624850-682f-4ec5-bb5c-f79627fc299e@group-C25BD028928E-LeaderElection147] INFO  impl.RoleInfo (RoleInfo.java:shutdownLeaderElection(134)) - f5624850-682f-4ec5-bb5c-f79627fc299e: shutdown LeaderElection
2019-10-15 16:29:52,654 [f5624850-682f-4ec5-bb5c-f79627fc299e@group-C25BD028928E-LeaderElection147] INFO  impl.RoleInfo (RoleInfo.java:updateAndGet(143)) - f5624850-682f-4ec5-bb5c-f79627fc299e: start FollowerState
2019-10-15 16:29:52,675 [Thread-1461] INFO  impl.FollowerState (FollowerState.java:run(108)) - f5624850-682f-4ec5-bb5c-f79627fc299e@group-C25BD028928E-FollowerState: change to CANDIDATE, lastRpcTime:21ms, electionTimeout:21ms
2019-10-15 16:29:52,676 [Thread-1461] INFO  impl.RoleInfo (RoleInfo.java:shutdownFollowerState(121)) - f5624850-682f-4ec5-bb5c-f79627fc299e: shutdown FollowerState
2019-10-15 16:29:52,676 [Thread-1461] INFO  impl.RaftServerImpl (RaftServerImpl.java:setRole(184)) - f5624850-682f-4ec5-bb5c-f79627fc299e@group-C25BD028928E: changes role from  FOLLOWER to CANDIDATE at term 135 for changeToCandidate
2019-10-15 16:29:52,676 [Thread-1461] INFO  impl.RoleInfo (RoleInfo.java:updateAndGet(143)) - f5624850-682f-4ec5-bb5c-f79627fc299e: start LeaderElection
2019-10-15 16:29:52,702 [f5624850-682f-4ec5-bb5c-f79627fc299e@group-C25BD028928E-LeaderElection148] INFO  impl.LeaderElection (LeaderElection.java:askForVotes(178)) - f5624850-682f-4ec5-bb5c-f79627fc299e@group-C25BD028928E-LeaderElection148: begin an election at term 136 for -1: [f581660d-af3d-4f5f-b57d-f4cb54f048b9:192.168.164.239:42501, f5624850-682f-4ec5-bb5c-f79627fc299e:192.168.164.239:39499, 14091fe6-d183-4b46-be93-2ba964a39c73:192.168.164.239:34827], old=null
2019-10-15 16:29:52,703 [f5624850-682f-4ec5-bb5c-f79627fc299e@group-C25BD028928E-LeaderElection148] INFO  impl.LeaderElection (LogUtils.java:infoOrTrace(149)) - f5624850-682f-4ec5-bb5c-f79627fc299e@group-C25BD028928E-LeaderElection148 got exception when requesting votes: {}
java.util.concurrent.ExecutionException: org.apache.ratis.thirdparty.io.grpc.StatusRuntimeException: UNAVAILABLE: io exception
	at java.util.concurrent.FutureTask.report(FutureTask.java:122)
	at java.util.concurrent.FutureTask.get(FutureTask.java:192)
	at org.apache.ratis.server.impl.LeaderElection.waitForResults(LeaderElection.java:259)
	at org.apache.ratis.server.impl.LeaderElection.askForVotes(LeaderElection.java:197)
	at org.apache.ratis.server.impl.LeaderElection.run(LeaderElection.java:133)
	at java.lang.Thread.run(Thread.java:748)
Caused by: org.apache.ratis.thirdparty.io.grpc.StatusRuntimeException: UNAVAILABLE: io exception
	at org.apache.ratis.thirdparty.io.grpc.stub.ClientCalls.toStatusRuntimeException(ClientCalls.java:233)
	at org.apache.ratis.thirdparty.io.grpc.stub.ClientCalls.getUnchecked(ClientCalls.java:214)
	at org.apache.ratis.thirdparty.io.grpc.stub.ClientCalls.blockingUnaryCall(ClientCalls.java:139)
	at org.apache.ratis.proto.grpc.RaftServerProtocolServiceGrpc$RaftServerProtocolServiceBlockingStub.requestVote(RaftServerProtocolServiceGrpc.java:265)
	at org.apache.ratis.grpc.server.GrpcServerProtocolClient.requestVote(GrpcServerProtocolClient.java:99)
	at org.apache.ratis.grpc.server.GrpcService.requestVote(GrpcService.java:204)
	at org.apache.ratis.server.impl.LeaderElection.lambda$submitRequests$1(LeaderElection.java:234)
	at java.util.concurrent.FutureTask.run(FutureTask.java:266)
	at java.util.concurrent.Executors$RunnableAdapter.call(Executors.java:511)
	at java.util.concurrent.FutureTask.run(FutureTask.java:266)
	at java.util.concurrent.ThreadPoolExecutor.runWorker(ThreadPoolExecutor.java:1149)
	at java.util.concurrent.ThreadPoolExecutor$Worker.run(ThreadPoolExecutor.java:624)
	... 1 more
Caused by: org.apache.ratis.thirdparty.io.netty.channel.AbstractChannel$AnnotatedConnectException: Connection refused: /192.168.164.239:42501
	at sun.nio.ch.SocketChannelImpl.checkConnect(Native Method)
	at sun.nio.ch.SocketChannelImpl.finishConnect(SocketChannelImpl.java:717)
	at org.apache.ratis.thirdparty.io.netty.channel.socket.nio.NioSocketChannel.doFinishConnect(NioSocketChannel.java:327)
	at org.apache.ratis.thirdparty.io.netty.channel.nio.AbstractNioChannel$AbstractNioUnsafe.finishConnect(AbstractNioChannel.java:340)
	at org.apache.ratis.thirdparty.io.netty.channel.nio.NioEventLoop.processSelectedKey(NioEventLoop.java:632)
	at org.apache.ratis.thirdparty.io.netty.channel.nio.NioEventLoop.processSelectedKeysOptimized(NioEventLoop.java:579)
	at org.apache.ratis.thirdparty.io.netty.channel.nio.NioEventLoop.processSelectedKeys(NioEventLoop.java:496)
	at org.apache.ratis.thirdparty.io.netty.channel.nio.NioEventLoop.run(NioEventLoop.java:458)
	at org.apache.ratis.thirdparty.io.netty.util.concurrent.SingleThreadEventExecutor$5.run(SingleThreadEventExecutor.java:897)
	at org.apache.ratis.thirdparty.io.netty.util.concurrent.FastThreadLocalRunnable.run(FastThreadLocalRunnable.java:30)
	... 1 more
Caused by: java.net.ConnectException: Connection refused
	... 11 more
2019-10-15 16:29:52,707 [grpc-default-executor-4] INFO  impl.RaftServerImpl (RaftServerImpl.java:setRole(184)) - 14091fe6-d183-4b46-be93-2ba964a39c73@group-C25BD028928E: changes role from  FOLLOWER to FOLLOWER at term 136 for recognizeCandidate:f5624850-682f-4ec5-bb5c-f79627fc299e
2019-10-15 16:29:52,707 [grpc-default-executor-4] INFO  impl.RoleInfo (RoleInfo.java:shutdownFollowerState(121)) - 14091fe6-d183-4b46-be93-2ba964a39c73: shutdown FollowerState
2019-10-15 16:29:52,708 [grpc-default-executor-4] INFO  impl.RoleInfo (RoleInfo.java:updateAndGet(143)) - 14091fe6-d183-4b46-be93-2ba964a39c73: start FollowerState
2019-10-15 16:29:52,708 [Thread-1460] INFO  impl.FollowerState (FollowerState.java:run(117)) - 14091fe6-d183-4b46-be93-2ba964a39c73@group-C25BD028928E-FollowerState was interrupted: java.lang.InterruptedException: sleep interrupted
2019-10-15 16:29:52,737 [f5624850-682f-4ec5-bb5c-f79627fc299e@group-C25BD028928E-LeaderElection148] INFO  impl.LeaderElection (LeaderElection.java:logAndReturn(56)) - f5624850-682f-4ec5-bb5c-f79627fc299e@group-C25BD028928E-LeaderElection148: Election REJECTED; received 1 response(s) [f5624850-682f-4ec5-bb5c-f79627fc299e<-14091fe6-d183-4b46-be93-2ba964a39c73#0:FAIL-t136] and 1 exception(s); f5624850-682f-4ec5-bb5c-f79627fc299e@group-C25BD028928E:t136, leader=null, voted=f5624850-682f-4ec5-bb5c-f79627fc299e, raftlog=f5624850-682f-4ec5-bb5c-f79627fc299e@group-C25BD028928E-SegmentedRaftLog:OPENED:c-1,f-1,i0, conf=-1: [f581660d-af3d-4f5f-b57d-f4cb54f048b9:192.168.164.239:42501, f5624850-682f-4ec5-bb5c-f79627fc299e:192.168.164.239:39499, 14091fe6-d183-4b46-be93-2ba964a39c73:192.168.164.239:34827], old=null
2019-10-15 16:29:52,737 [f5624850-682f-4ec5-bb5c-f79627fc299e@group-C25BD028928E-LeaderElection148] INFO  impl.LeaderElection (LogUtils.java:infoOrTrace(149)) -   Exception 0: {}
java.util.concurrent.ExecutionException: org.apache.ratis.thirdparty.io.grpc.StatusRuntimeException: UNAVAILABLE: io exception
	at java.util.concurrent.FutureTask.report(FutureTask.java:122)
	at java.util.concurrent.FutureTask.get(FutureTask.java:192)
	at org.apache.ratis.server.impl.LeaderElection.waitForResults(LeaderElection.java:259)
	at org.apache.ratis.server.impl.LeaderElection.askForVotes(LeaderElection.java:197)
	at org.apache.ratis.server.impl.LeaderElection.run(LeaderElection.java:133)
	at java.lang.Thread.run(Thread.java:748)
Caused by: org.apache.ratis.thirdparty.io.grpc.StatusRuntimeException: UNAVAILABLE: io exception
	at org.apache.ratis.thirdparty.io.grpc.stub.ClientCalls.toStatusRuntimeException(ClientCalls.java:233)
	at org.apache.ratis.thirdparty.io.grpc.stub.ClientCalls.getUnchecked(ClientCalls.java:214)
	at org.apache.ratis.thirdparty.io.grpc.stub.ClientCalls.blockingUnaryCall(ClientCalls.java:139)
	at org.apache.ratis.proto.grpc.RaftServerProtocolServiceGrpc$RaftServerProtocolServiceBlockingStub.requestVote(RaftServerProtocolServiceGrpc.java:265)
	at org.apache.ratis.grpc.server.GrpcServerProtocolClient.requestVote(GrpcServerProtocolClient.java:99)
	at org.apache.ratis.grpc.server.GrpcService.requestVote(GrpcService.java:204)
	at org.apache.ratis.server.impl.LeaderElection.lambda$submitRequests$1(LeaderElection.java:234)
	at java.util.concurrent.FutureTask.run(FutureTask.java:266)
	at java.util.concurrent.Executors$RunnableAdapter.call(Executors.java:511)
	at java.util.concurrent.FutureTask.run(FutureTask.java:266)
	at java.util.concurrent.ThreadPoolExecutor.runWorker(ThreadPoolExecutor.java:1149)
	at java.util.concurrent.ThreadPoolExecutor$Worker.run(ThreadPoolExecutor.java:624)
	... 1 more
Caused by: org.apache.ratis.thirdparty.io.netty.channel.AbstractChannel$AnnotatedConnectException: Connection refused: /192.168.164.239:42501
	at sun.nio.ch.SocketChannelImpl.checkConnect(Native Method)
	at sun.nio.ch.SocketChannelImpl.finishConnect(SocketChannelImpl.java:717)
	at org.apache.ratis.thirdparty.io.netty.channel.socket.nio.NioSocketChannel.doFinishConnect(NioSocketChannel.java:327)
	at org.apache.ratis.thirdparty.io.netty.channel.nio.AbstractNioChannel$AbstractNioUnsafe.finishConnect(AbstractNioChannel.java:340)
	at org.apache.ratis.thirdparty.io.netty.channel.nio.NioEventLoop.processSelectedKey(NioEventLoop.java:632)
	at org.apache.ratis.thirdparty.io.netty.channel.nio.NioEventLoop.processSelectedKeysOptimized(NioEventLoop.java:579)
	at org.apache.ratis.thirdparty.io.netty.channel.nio.NioEventLoop.processSelectedKeys(NioEventLoop.java:496)
	at org.apache.ratis.thirdparty.io.netty.channel.nio.NioEventLoop.run(NioEventLoop.java:458)
	at org.apache.ratis.thirdparty.io.netty.util.concurrent.SingleThreadEventExecutor$5.run(SingleThreadEventExecutor.java:897)
	at org.apache.ratis.thirdparty.io.netty.util.concurrent.FastThreadLocalRunnable.run(FastThreadLocalRunnable.java:30)
	... 1 more
Caused by: java.net.ConnectException: Connection refused
	... 11 more
2019-10-15 16:29:52,737 [f5624850-682f-4ec5-bb5c-f79627fc299e@group-C25BD028928E-LeaderElection148] INFO  impl.RaftServerImpl (RaftServerImpl.java:setRole(184)) - f5624850-682f-4ec5-bb5c-f79627fc299e@group-C25BD028928E: changes role from CANDIDATE to FOLLOWER at term 136 for DISCOVERED_A_NEW_TERM
2019-10-15 16:29:52,737 [f5624850-682f-4ec5-bb5c-f79627fc299e@group-C25BD028928E-LeaderElection148] INFO  impl.RoleInfo (RoleInfo.java:shutdownLeaderElection(134)) - f5624850-682f-4ec5-bb5c-f79627fc299e: shutdown LeaderElection
2019-10-15 16:29:52,738 [f5624850-682f-4ec5-bb5c-f79627fc299e@group-C25BD028928E-LeaderElection148] INFO  impl.RoleInfo (RoleInfo.java:updateAndGet(143)) - f5624850-682f-4ec5-bb5c-f79627fc299e: start FollowerState
2019-10-15 16:29:52,788 [Thread-1466] INFO  impl.FollowerState (FollowerState.java:run(108)) - f5624850-682f-4ec5-bb5c-f79627fc299e@group-C25BD028928E-FollowerState: change to CANDIDATE, lastRpcTime:50ms, electionTimeout:50ms
2019-10-15 16:29:52,789 [Thread-1466] INFO  impl.RoleInfo (RoleInfo.java:shutdownFollowerState(121)) - f5624850-682f-4ec5-bb5c-f79627fc299e: shutdown FollowerState
2019-10-15 16:29:52,789 [Thread-1466] INFO  impl.RaftServerImpl (RaftServerImpl.java:setRole(184)) - f5624850-682f-4ec5-bb5c-f79627fc299e@group-C25BD028928E: changes role from  FOLLOWER to CANDIDATE at term 136 for changeToCandidate
2019-10-15 16:29:52,790 [Thread-1466] INFO  impl.RoleInfo (RoleInfo.java:updateAndGet(143)) - f5624850-682f-4ec5-bb5c-f79627fc299e: start LeaderElection
2019-10-15 16:29:52,819 [f5624850-682f-4ec5-bb5c-f79627fc299e@group-C25BD028928E-LeaderElection149] INFO  impl.LeaderElection (LeaderElection.java:askForVotes(178)) - f5624850-682f-4ec5-bb5c-f79627fc299e@group-C25BD028928E-LeaderElection149: begin an election at term 137 for -1: [f581660d-af3d-4f5f-b57d-f4cb54f048b9:192.168.164.239:42501, f5624850-682f-4ec5-bb5c-f79627fc299e:192.168.164.239:39499, 14091fe6-d183-4b46-be93-2ba964a39c73:192.168.164.239:34827], old=null
2019-10-15 16:29:52,821 [f5624850-682f-4ec5-bb5c-f79627fc299e@group-C25BD028928E-LeaderElection149] INFO  impl.LeaderElection (LogUtils.java:infoOrTrace(149)) - f5624850-682f-4ec5-bb5c-f79627fc299e@group-C25BD028928E-LeaderElection149 got exception when requesting votes: {}
java.util.concurrent.ExecutionException: org.apache.ratis.thirdparty.io.grpc.StatusRuntimeException: UNAVAILABLE: io exception
	at java.util.concurrent.FutureTask.report(FutureTask.java:122)
	at java.util.concurrent.FutureTask.get(FutureTask.java:192)
	at org.apache.ratis.server.impl.LeaderElection.waitForResults(LeaderElection.java:259)
	at org.apache.ratis.server.impl.LeaderElection.askForVotes(LeaderElection.java:197)
	at org.apache.ratis.server.impl.LeaderElection.run(LeaderElection.java:133)
	at java.lang.Thread.run(Thread.java:748)
Caused by: org.apache.ratis.thirdparty.io.grpc.StatusRuntimeException: UNAVAILABLE: io exception
	at org.apache.ratis.thirdparty.io.grpc.stub.ClientCalls.toStatusRuntimeException(ClientCalls.java:233)
	at org.apache.ratis.thirdparty.io.grpc.stub.ClientCalls.getUnchecked(ClientCalls.java:214)
	at org.apache.ratis.thirdparty.io.grpc.stub.ClientCalls.blockingUnaryCall(ClientCalls.java:139)
	at org.apache.ratis.proto.grpc.RaftServerProtocolServiceGrpc$RaftServerProtocolServiceBlockingStub.requestVote(RaftServerProtocolServiceGrpc.java:265)
	at org.apache.ratis.grpc.server.GrpcServerProtocolClient.requestVote(GrpcServerProtocolClient.java:99)
	at org.apache.ratis.grpc.server.GrpcService.requestVote(GrpcService.java:204)
	at org.apache.ratis.server.impl.LeaderElection.lambda$submitRequests$1(LeaderElection.java:234)
	at java.util.concurrent.FutureTask.run(FutureTask.java:266)
	at java.util.concurrent.Executors$RunnableAdapter.call(Executors.java:511)
	at java.util.concurrent.FutureTask.run(FutureTask.java:266)
	at java.util.concurrent.ThreadPoolExecutor.runWorker(ThreadPoolExecutor.java:1149)
	at java.util.concurrent.ThreadPoolExecutor$Worker.run(ThreadPoolExecutor.java:624)
	... 1 more
Caused by: org.apache.ratis.thirdparty.io.netty.channel.AbstractChannel$AnnotatedConnectException: Connection refused: /192.168.164.239:42501
	at sun.nio.ch.SocketChannelImpl.checkConnect(Native Method)
	at sun.nio.ch.SocketChannelImpl.finishConnect(SocketChannelImpl.java:717)
	at org.apache.ratis.thirdparty.io.netty.channel.socket.nio.NioSocketChannel.doFinishConnect(NioSocketChannel.java:327)
	at org.apache.ratis.thirdparty.io.netty.channel.nio.AbstractNioChannel$AbstractNioUnsafe.finishConnect(AbstractNioChannel.java:340)
	at org.apache.ratis.thirdparty.io.netty.channel.nio.NioEventLoop.processSelectedKey(NioEventLoop.java:632)
	at org.apache.ratis.thirdparty.io.netty.channel.nio.NioEventLoop.processSelectedKeysOptimized(NioEventLoop.java:579)
	at org.apache.ratis.thirdparty.io.netty.channel.nio.NioEventLoop.processSelectedKeys(NioEventLoop.java:496)
	at org.apache.ratis.thirdparty.io.netty.channel.nio.NioEventLoop.run(NioEventLoop.java:458)
	at org.apache.ratis.thirdparty.io.netty.util.concurrent.SingleThreadEventExecutor$5.run(SingleThreadEventExecutor.java:897)
	at org.apache.ratis.thirdparty.io.netty.util.concurrent.FastThreadLocalRunnable.run(FastThreadLocalRunnable.java:30)
	... 1 more
Caused by: java.net.ConnectException: Connection refused
	... 11 more
2019-10-15 16:29:52,826 [grpc-default-executor-4] INFO  impl.RaftServerImpl (RaftServerImpl.java:setRole(184)) - 14091fe6-d183-4b46-be93-2ba964a39c73@group-C25BD028928E: changes role from  FOLLOWER to FOLLOWER at term 137 for recognizeCandidate:f5624850-682f-4ec5-bb5c-f79627fc299e
2019-10-15 16:29:52,826 [grpc-default-executor-4] INFO  impl.RoleInfo (RoleInfo.java:shutdownFollowerState(121)) - 14091fe6-d183-4b46-be93-2ba964a39c73: shutdown FollowerState
2019-10-15 16:29:52,826 [grpc-default-executor-4] INFO  impl.RoleInfo (RoleInfo.java:updateAndGet(143)) - 14091fe6-d183-4b46-be93-2ba964a39c73: start FollowerState
2019-10-15 16:29:52,826 [Thread-1465] INFO  impl.FollowerState (FollowerState.java:run(117)) - 14091fe6-d183-4b46-be93-2ba964a39c73@group-C25BD028928E-FollowerState was interrupted: java.lang.InterruptedException: sleep interrupted
2019-10-15 16:29:52,855 [f5624850-682f-4ec5-bb5c-f79627fc299e@group-C25BD028928E-LeaderElection149] INFO  impl.LeaderElection (LeaderElection.java:logAndReturn(56)) - f5624850-682f-4ec5-bb5c-f79627fc299e@group-C25BD028928E-LeaderElection149: Election REJECTED; received 1 response(s) [f5624850-682f-4ec5-bb5c-f79627fc299e<-14091fe6-d183-4b46-be93-2ba964a39c73#0:FAIL-t137] and 1 exception(s); f5624850-682f-4ec5-bb5c-f79627fc299e@group-C25BD028928E:t137, leader=null, voted=f5624850-682f-4ec5-bb5c-f79627fc299e, raftlog=f5624850-682f-4ec5-bb5c-f79627fc299e@group-C25BD028928E-SegmentedRaftLog:OPENED:c-1,f-1,i0, conf=-1: [f581660d-af3d-4f5f-b57d-f4cb54f048b9:192.168.164.239:42501, f5624850-682f-4ec5-bb5c-f79627fc299e:192.168.164.239:39499, 14091fe6-d183-4b46-be93-2ba964a39c73:192.168.164.239:34827], old=null
2019-10-15 16:29:52,855 [f5624850-682f-4ec5-bb5c-f79627fc299e@group-C25BD028928E-LeaderElection149] INFO  impl.LeaderElection (LogUtils.java:infoOrTrace(149)) -   Exception 0: {}
java.util.concurrent.ExecutionException: org.apache.ratis.thirdparty.io.grpc.StatusRuntimeException: UNAVAILABLE: io exception
	at java.util.concurrent.FutureTask.report(FutureTask.java:122)
	at java.util.concurrent.FutureTask.get(FutureTask.java:192)
	at org.apache.ratis.server.impl.LeaderElection.waitForResults(LeaderElection.java:259)
	at org.apache.ratis.server.impl.LeaderElection.askForVotes(LeaderElection.java:197)
	at org.apache.ratis.server.impl.LeaderElection.run(LeaderElection.java:133)
	at java.lang.Thread.run(Thread.java:748)
Caused by: org.apache.ratis.thirdparty.io.grpc.StatusRuntimeException: UNAVAILABLE: io exception
	at org.apache.ratis.thirdparty.io.grpc.stub.ClientCalls.toStatusRuntimeException(ClientCalls.java:233)
	at org.apache.ratis.thirdparty.io.grpc.stub.ClientCalls.getUnchecked(ClientCalls.java:214)
	at org.apache.ratis.thirdparty.io.grpc.stub.ClientCalls.blockingUnaryCall(ClientCalls.java:139)
	at org.apache.ratis.proto.grpc.RaftServerProtocolServiceGrpc$RaftServerProtocolServiceBlockingStub.requestVote(RaftServerProtocolServiceGrpc.java:265)
	at org.apache.ratis.grpc.server.GrpcServerProtocolClient.requestVote(GrpcServerProtocolClient.java:99)
	at org.apache.ratis.grpc.server.GrpcService.requestVote(GrpcService.java:204)
	at org.apache.ratis.server.impl.LeaderElection.lambda$submitRequests$1(LeaderElection.java:234)
	at java.util.concurrent.FutureTask.run(FutureTask.java:266)
	at java.util.concurrent.Executors$RunnableAdapter.call(Executors.java:511)
	at java.util.concurrent.FutureTask.run(FutureTask.java:266)
	at java.util.concurrent.ThreadPoolExecutor.runWorker(ThreadPoolExecutor.java:1149)
	at java.util.concurrent.ThreadPoolExecutor$Worker.run(ThreadPoolExecutor.java:624)
	... 1 more
Caused by: org.apache.ratis.thirdparty.io.netty.channel.AbstractChannel$AnnotatedConnectException: Connection refused: /192.168.164.239:42501
	at sun.nio.ch.SocketChannelImpl.checkConnect(Native Method)
	at sun.nio.ch.SocketChannelImpl.finishConnect(SocketChannelImpl.java:717)
	at org.apache.ratis.thirdparty.io.netty.channel.socket.nio.NioSocketChannel.doFinishConnect(NioSocketChannel.java:327)
	at org.apache.ratis.thirdparty.io.netty.channel.nio.AbstractNioChannel$AbstractNioUnsafe.finishConnect(AbstractNioChannel.java:340)
	at org.apache.ratis.thirdparty.io.netty.channel.nio.NioEventLoop.processSelectedKey(NioEventLoop.java:632)
	at org.apache.ratis.thirdparty.io.netty.channel.nio.NioEventLoop.processSelectedKeysOptimized(NioEventLoop.java:579)
	at org.apache.ratis.thirdparty.io.netty.channel.nio.NioEventLoop.processSelectedKeys(NioEventLoop.java:496)
	at org.apache.ratis.thirdparty.io.netty.channel.nio.NioEventLoop.run(NioEventLoop.java:458)
	at org.apache.ratis.thirdparty.io.netty.util.concurrent.SingleThreadEventExecutor$5.run(SingleThreadEventExecutor.java:897)
	at org.apache.ratis.thirdparty.io.netty.util.concurrent.FastThreadLocalRunnable.run(FastThreadLocalRunnable.java:30)
	... 1 more
Caused by: java.net.ConnectException: Connection refused
	... 11 more
2019-10-15 16:29:52,856 [f5624850-682f-4ec5-bb5c-f79627fc299e@group-C25BD028928E-LeaderElection149] INFO  impl.RaftServerImpl (RaftServerImpl.java:setRole(184)) - f5624850-682f-4ec5-bb5c-f79627fc299e@group-C25BD028928E: changes role from CANDIDATE to FOLLOWER at term 137 for DISCOVERED_A_NEW_TERM
2019-10-15 16:29:52,856 [f5624850-682f-4ec5-bb5c-f79627fc299e@group-C25BD028928E-LeaderElection149] INFO  impl.RoleInfo (RoleInfo.java:shutdownLeaderElection(134)) - f5624850-682f-4ec5-bb5c-f79627fc299e: shutdown LeaderElection
2019-10-15 16:29:52,856 [f5624850-682f-4ec5-bb5c-f79627fc299e@group-C25BD028928E-LeaderElection149] INFO  impl.RoleInfo (RoleInfo.java:updateAndGet(143)) - f5624850-682f-4ec5-bb5c-f79627fc299e: start FollowerState
2019-10-15 16:29:52,914 [Thread-1471] INFO  impl.FollowerState (FollowerState.java:run(108)) - f5624850-682f-4ec5-bb5c-f79627fc299e@group-C25BD028928E-FollowerState: change to CANDIDATE, lastRpcTime:58ms, electionTimeout:58ms
2019-10-15 16:29:52,914 [Thread-1471] INFO  impl.RoleInfo (RoleInfo.java:shutdownFollowerState(121)) - f5624850-682f-4ec5-bb5c-f79627fc299e: shutdown FollowerState
2019-10-15 16:29:52,915 [Thread-1471] INFO  impl.RaftServerImpl (RaftServerImpl.java:setRole(184)) - f5624850-682f-4ec5-bb5c-f79627fc299e@group-C25BD028928E: changes role from  FOLLOWER to CANDIDATE at term 137 for changeToCandidate
2019-10-15 16:29:52,915 [Thread-1471] INFO  impl.RoleInfo (RoleInfo.java:updateAndGet(143)) - f5624850-682f-4ec5-bb5c-f79627fc299e: start LeaderElection
2019-10-15 16:29:52,938 [f5624850-682f-4ec5-bb5c-f79627fc299e@group-C25BD028928E-LeaderElection150] INFO  impl.LeaderElection (LeaderElection.java:askForVotes(178)) - f5624850-682f-4ec5-bb5c-f79627fc299e@group-C25BD028928E-LeaderElection150: begin an election at term 138 for -1: [f581660d-af3d-4f5f-b57d-f4cb54f048b9:192.168.164.239:42501, f5624850-682f-4ec5-bb5c-f79627fc299e:192.168.164.239:39499, 14091fe6-d183-4b46-be93-2ba964a39c73:192.168.164.239:34827], old=null
2019-10-15 16:29:52,939 [f5624850-682f-4ec5-bb5c-f79627fc299e@group-C25BD028928E-LeaderElection150] INFO  impl.LeaderElection (LogUtils.java:infoOrTrace(149)) - f5624850-682f-4ec5-bb5c-f79627fc299e@group-C25BD028928E-LeaderElection150 got exception when requesting votes: {}
java.util.concurrent.ExecutionException: org.apache.ratis.thirdparty.io.grpc.StatusRuntimeException: UNAVAILABLE: io exception
	at java.util.concurrent.FutureTask.report(FutureTask.java:122)
	at java.util.concurrent.FutureTask.get(FutureTask.java:192)
	at org.apache.ratis.server.impl.LeaderElection.waitForResults(LeaderElection.java:259)
	at org.apache.ratis.server.impl.LeaderElection.askForVotes(LeaderElection.java:197)
	at org.apache.ratis.server.impl.LeaderElection.run(LeaderElection.java:133)
	at java.lang.Thread.run(Thread.java:748)
Caused by: org.apache.ratis.thirdparty.io.grpc.StatusRuntimeException: UNAVAILABLE: io exception
	at org.apache.ratis.thirdparty.io.grpc.stub.ClientCalls.toStatusRuntimeException(ClientCalls.java:233)
	at org.apache.ratis.thirdparty.io.grpc.stub.ClientCalls.getUnchecked(ClientCalls.java:214)
	at org.apache.ratis.thirdparty.io.grpc.stub.ClientCalls.blockingUnaryCall(ClientCalls.java:139)
	at org.apache.ratis.proto.grpc.RaftServerProtocolServiceGrpc$RaftServerProtocolServiceBlockingStub.requestVote(RaftServerProtocolServiceGrpc.java:265)
	at org.apache.ratis.grpc.server.GrpcServerProtocolClient.requestVote(GrpcServerProtocolClient.java:99)
	at org.apache.ratis.grpc.server.GrpcService.requestVote(GrpcService.java:204)
	at org.apache.ratis.server.impl.LeaderElection.lambda$submitRequests$1(LeaderElection.java:234)
	at java.util.concurrent.FutureTask.run(FutureTask.java:266)
	at java.util.concurrent.Executors$RunnableAdapter.call(Executors.java:511)
	at java.util.concurrent.FutureTask.run(FutureTask.java:266)
	at java.util.concurrent.ThreadPoolExecutor.runWorker(ThreadPoolExecutor.java:1149)
	at java.util.concurrent.ThreadPoolExecutor$Worker.run(ThreadPoolExecutor.java:624)
	... 1 more
Caused by: org.apache.ratis.thirdparty.io.netty.channel.AbstractChannel$AnnotatedConnectException: Connection refused: /192.168.164.239:42501
	at sun.nio.ch.SocketChannelImpl.checkConnect(Native Method)
	at sun.nio.ch.SocketChannelImpl.finishConnect(SocketChannelImpl.java:717)
	at org.apache.ratis.thirdparty.io.netty.channel.socket.nio.NioSocketChannel.doFinishConnect(NioSocketChannel.java:327)
	at org.apache.ratis.thirdparty.io.netty.channel.nio.AbstractNioChannel$AbstractNioUnsafe.finishConnect(AbstractNioChannel.java:340)
	at org.apache.ratis.thirdparty.io.netty.channel.nio.NioEventLoop.processSelectedKey(NioEventLoop.java:632)
	at org.apache.ratis.thirdparty.io.netty.channel.nio.NioEventLoop.processSelectedKeysOptimized(NioEventLoop.java:579)
	at org.apache.ratis.thirdparty.io.netty.channel.nio.NioEventLoop.processSelectedKeys(NioEventLoop.java:496)
	at org.apache.ratis.thirdparty.io.netty.channel.nio.NioEventLoop.run(NioEventLoop.java:458)
	at org.apache.ratis.thirdparty.io.netty.util.concurrent.SingleThreadEventExecutor$5.run(SingleThreadEventExecutor.java:897)
	at org.apache.ratis.thirdparty.io.netty.util.concurrent.FastThreadLocalRunnable.run(FastThreadLocalRunnable.java:30)
	... 1 more
Caused by: java.net.ConnectException: Connection refused
	... 11 more
2019-10-15 16:29:52,941 [grpc-default-executor-4] INFO  impl.RaftServerImpl (RaftServerImpl.java:setRole(184)) - 14091fe6-d183-4b46-be93-2ba964a39c73@group-C25BD028928E: changes role from  FOLLOWER to FOLLOWER at term 138 for recognizeCandidate:f5624850-682f-4ec5-bb5c-f79627fc299e
2019-10-15 16:29:52,942 [grpc-default-executor-4] INFO  impl.RoleInfo (RoleInfo.java:shutdownFollowerState(121)) - 14091fe6-d183-4b46-be93-2ba964a39c73: shutdown FollowerState
2019-10-15 16:29:52,942 [grpc-default-executor-4] INFO  impl.RoleInfo (RoleInfo.java:updateAndGet(143)) - 14091fe6-d183-4b46-be93-2ba964a39c73: start FollowerState
2019-10-15 16:29:52,942 [Thread-1470] INFO  impl.FollowerState (FollowerState.java:run(117)) - 14091fe6-d183-4b46-be93-2ba964a39c73@group-C25BD028928E-FollowerState was interrupted: java.lang.InterruptedException: sleep interrupted
2019-10-15 16:29:52,964 [f5624850-682f-4ec5-bb5c-f79627fc299e@group-C25BD028928E-LeaderElection150] INFO  impl.LeaderElection (LeaderElection.java:logAndReturn(56)) - f5624850-682f-4ec5-bb5c-f79627fc299e@group-C25BD028928E-LeaderElection150: Election REJECTED; received 1 response(s) [f5624850-682f-4ec5-bb5c-f79627fc299e<-14091fe6-d183-4b46-be93-2ba964a39c73#0:FAIL-t138] and 1 exception(s); f5624850-682f-4ec5-bb5c-f79627fc299e@group-C25BD028928E:t138, leader=null, voted=f5624850-682f-4ec5-bb5c-f79627fc299e, raftlog=f5624850-682f-4ec5-bb5c-f79627fc299e@group-C25BD028928E-SegmentedRaftLog:OPENED:c-1,f-1,i0, conf=-1: [f581660d-af3d-4f5f-b57d-f4cb54f048b9:192.168.164.239:42501, f5624850-682f-4ec5-bb5c-f79627fc299e:192.168.164.239:39499, 14091fe6-d183-4b46-be93-2ba964a39c73:192.168.164.239:34827], old=null
2019-10-15 16:29:52,964 [f5624850-682f-4ec5-bb5c-f79627fc299e@group-C25BD028928E-LeaderElection150] INFO  impl.LeaderElection (LogUtils.java:infoOrTrace(149)) -   Exception 0: {}
java.util.concurrent.ExecutionException: org.apache.ratis.thirdparty.io.grpc.StatusRuntimeException: UNAVAILABLE: io exception
	at java.util.concurrent.FutureTask.report(FutureTask.java:122)
	at java.util.concurrent.FutureTask.get(FutureTask.java:192)
	at org.apache.ratis.server.impl.LeaderElection.waitForResults(LeaderElection.java:259)
	at org.apache.ratis.server.impl.LeaderElection.askForVotes(LeaderElection.java:197)
	at org.apache.ratis.server.impl.LeaderElection.run(LeaderElection.java:133)
	at java.lang.Thread.run(Thread.java:748)
Caused by: org.apache.ratis.thirdparty.io.grpc.StatusRuntimeException: UNAVAILABLE: io exception
	at org.apache.ratis.thirdparty.io.grpc.stub.ClientCalls.toStatusRuntimeException(ClientCalls.java:233)
	at org.apache.ratis.thirdparty.io.grpc.stub.ClientCalls.getUnchecked(ClientCalls.java:214)
	at org.apache.ratis.thirdparty.io.grpc.stub.ClientCalls.blockingUnaryCall(ClientCalls.java:139)
	at org.apache.ratis.proto.grpc.RaftServerProtocolServiceGrpc$RaftServerProtocolServiceBlockingStub.requestVote(RaftServerProtocolServiceGrpc.java:265)
	at org.apache.ratis.grpc.server.GrpcServerProtocolClient.requestVote(GrpcServerProtocolClient.java:99)
	at org.apache.ratis.grpc.server.GrpcService.requestVote(GrpcService.java:204)
	at org.apache.ratis.server.impl.LeaderElection.lambda$submitRequests$1(LeaderElection.java:234)
	at java.util.concurrent.FutureTask.run(FutureTask.java:266)
	at java.util.concurrent.Executors$RunnableAdapter.call(Executors.java:511)
	at java.util.concurrent.FutureTask.run(FutureTask.java:266)
	at java.util.concurrent.ThreadPoolExecutor.runWorker(ThreadPoolExecutor.java:1149)
	at java.util.concurrent.ThreadPoolExecutor$Worker.run(ThreadPoolExecutor.java:624)
	... 1 more
Caused by: org.apache.ratis.thirdparty.io.netty.channel.AbstractChannel$AnnotatedConnectException: Connection refused: /192.168.164.239:42501
	at sun.nio.ch.SocketChannelImpl.checkConnect(Native Method)
	at sun.nio.ch.SocketChannelImpl.finishConnect(SocketChannelImpl.java:717)
	at org.apache.ratis.thirdparty.io.netty.channel.socket.nio.NioSocketChannel.doFinishConnect(NioSocketChannel.java:327)
	at org.apache.ratis.thirdparty.io.netty.channel.nio.AbstractNioChannel$AbstractNioUnsafe.finishConnect(AbstractNioChannel.java:340)
	at org.apache.ratis.thirdparty.io.netty.channel.nio.NioEventLoop.processSelectedKey(NioEventLoop.java:632)
	at org.apache.ratis.thirdparty.io.netty.channel.nio.NioEventLoop.processSelectedKeysOptimized(NioEventLoop.java:579)
	at org.apache.ratis.thirdparty.io.netty.channel.nio.NioEventLoop.processSelectedKeys(NioEventLoop.java:496)
	at org.apache.ratis.thirdparty.io.netty.channel.nio.NioEventLoop.run(NioEventLoop.java:458)
	at org.apache.ratis.thirdparty.io.netty.util.concurrent.SingleThreadEventExecutor$5.run(SingleThreadEventExecutor.java:897)
	at org.apache.ratis.thirdparty.io.netty.util.concurrent.FastThreadLocalRunnable.run(FastThreadLocalRunnable.java:30)
	... 1 more
Caused by: java.net.ConnectException: Connection refused
	... 11 more
2019-10-15 16:29:52,964 [f5624850-682f-4ec5-bb5c-f79627fc299e@group-C25BD028928E-LeaderElection150] INFO  impl.RaftServerImpl (RaftServerImpl.java:setRole(184)) - f5624850-682f-4ec5-bb5c-f79627fc299e@group-C25BD028928E: changes role from CANDIDATE to FOLLOWER at term 138 for DISCOVERED_A_NEW_TERM
2019-10-15 16:29:52,965 [f5624850-682f-4ec5-bb5c-f79627fc299e@group-C25BD028928E-LeaderElection150] INFO  impl.RoleInfo (RoleInfo.java:shutdownLeaderElection(134)) - f5624850-682f-4ec5-bb5c-f79627fc299e: shutdown LeaderElection
2019-10-15 16:29:52,965 [f5624850-682f-4ec5-bb5c-f79627fc299e@group-C25BD028928E-LeaderElection150] INFO  impl.RoleInfo (RoleInfo.java:updateAndGet(143)) - f5624850-682f-4ec5-bb5c-f79627fc299e: start FollowerState
2019-10-15 16:29:52,980 [Thread-1476] INFO  impl.FollowerState (FollowerState.java:run(108)) - f5624850-682f-4ec5-bb5c-f79627fc299e@group-C25BD028928E-FollowerState: change to CANDIDATE, lastRpcTime:15ms, electionTimeout:15ms
2019-10-15 16:29:52,980 [Thread-1476] INFO  impl.RoleInfo (RoleInfo.java:shutdownFollowerState(121)) - f5624850-682f-4ec5-bb5c-f79627fc299e: shutdown FollowerState
2019-10-15 16:29:52,981 [Thread-1476] INFO  impl.RaftServerImpl (RaftServerImpl.java:setRole(184)) - f5624850-682f-4ec5-bb5c-f79627fc299e@group-C25BD028928E: changes role from  FOLLOWER to CANDIDATE at term 138 for changeToCandidate
2019-10-15 16:29:52,981 [Thread-1476] INFO  impl.RoleInfo (RoleInfo.java:updateAndGet(143)) - f5624850-682f-4ec5-bb5c-f79627fc299e: start LeaderElection
2019-10-15 16:29:53,005 [f5624850-682f-4ec5-bb5c-f79627fc299e@group-C25BD028928E-LeaderElection151] INFO  impl.LeaderElection (LeaderElection.java:askForVotes(178)) - f5624850-682f-4ec5-bb5c-f79627fc299e@group-C25BD028928E-LeaderElection151: begin an election at term 139 for -1: [f581660d-af3d-4f5f-b57d-f4cb54f048b9:192.168.164.239:42501, f5624850-682f-4ec5-bb5c-f79627fc299e:192.168.164.239:39499, 14091fe6-d183-4b46-be93-2ba964a39c73:192.168.164.239:34827], old=null
2019-10-15 16:29:53,006 [f5624850-682f-4ec5-bb5c-f79627fc299e@group-C25BD028928E-LeaderElection151] INFO  impl.LeaderElection (LogUtils.java:infoOrTrace(149)) - f5624850-682f-4ec5-bb5c-f79627fc299e@group-C25BD028928E-LeaderElection151 got exception when requesting votes: {}
java.util.concurrent.ExecutionException: org.apache.ratis.thirdparty.io.grpc.StatusRuntimeException: UNAVAILABLE: io exception
	at java.util.concurrent.FutureTask.report(FutureTask.java:122)
	at java.util.concurrent.FutureTask.get(FutureTask.java:192)
	at org.apache.ratis.server.impl.LeaderElection.waitForResults(LeaderElection.java:259)
	at org.apache.ratis.server.impl.LeaderElection.askForVotes(LeaderElection.java:197)
	at org.apache.ratis.server.impl.LeaderElection.run(LeaderElection.java:133)
	at java.lang.Thread.run(Thread.java:748)
Caused by: org.apache.ratis.thirdparty.io.grpc.StatusRuntimeException: UNAVAILABLE: io exception
	at org.apache.ratis.thirdparty.io.grpc.stub.ClientCalls.toStatusRuntimeException(ClientCalls.java:233)
	at org.apache.ratis.thirdparty.io.grpc.stub.ClientCalls.getUnchecked(ClientCalls.java:214)
	at org.apache.ratis.thirdparty.io.grpc.stub.ClientCalls.blockingUnaryCall(ClientCalls.java:139)
	at org.apache.ratis.proto.grpc.RaftServerProtocolServiceGrpc$RaftServerProtocolServiceBlockingStub.requestVote(RaftServerProtocolServiceGrpc.java:265)
	at org.apache.ratis.grpc.server.GrpcServerProtocolClient.requestVote(GrpcServerProtocolClient.java:99)
	at org.apache.ratis.grpc.server.GrpcService.requestVote(GrpcService.java:204)
	at org.apache.ratis.server.impl.LeaderElection.lambda$submitRequests$1(LeaderElection.java:234)
	at java.util.concurrent.FutureTask.run(FutureTask.java:266)
	at java.util.concurrent.Executors$RunnableAdapter.call(Executors.java:511)
	at java.util.concurrent.FutureTask.run(FutureTask.java:266)
	at java.util.concurrent.ThreadPoolExecutor.runWorker(ThreadPoolExecutor.java:1149)
	at java.util.concurrent.ThreadPoolExecutor$Worker.run(ThreadPoolExecutor.java:624)
	... 1 more
Caused by: org.apache.ratis.thirdparty.io.netty.channel.AbstractChannel$AnnotatedConnectException: Connection refused: /192.168.164.239:42501
	at sun.nio.ch.SocketChannelImpl.checkConnect(Native Method)
	at sun.nio.ch.SocketChannelImpl.finishConnect(SocketChannelImpl.java:717)
	at org.apache.ratis.thirdparty.io.netty.channel.socket.nio.NioSocketChannel.doFinishConnect(NioSocketChannel.java:327)
	at org.apache.ratis.thirdparty.io.netty.channel.nio.AbstractNioChannel$AbstractNioUnsafe.finishConnect(AbstractNioChannel.java:340)
	at org.apache.ratis.thirdparty.io.netty.channel.nio.NioEventLoop.processSelectedKey(NioEventLoop.java:632)
	at org.apache.ratis.thirdparty.io.netty.channel.nio.NioEventLoop.processSelectedKeysOptimized(NioEventLoop.java:579)
	at org.apache.ratis.thirdparty.io.netty.channel.nio.NioEventLoop.processSelectedKeys(NioEventLoop.java:496)
	at org.apache.ratis.thirdparty.io.netty.channel.nio.NioEventLoop.run(NioEventLoop.java:458)
	at org.apache.ratis.thirdparty.io.netty.util.concurrent.SingleThreadEventExecutor$5.run(SingleThreadEventExecutor.java:897)
	at org.apache.ratis.thirdparty.io.netty.util.concurrent.FastThreadLocalRunnable.run(FastThreadLocalRunnable.java:30)
	... 1 more
Caused by: java.net.ConnectException: Connection refused
	... 11 more
2019-10-15 16:29:53,008 [grpc-default-executor-4] INFO  impl.RaftServerImpl (RaftServerImpl.java:setRole(184)) - 14091fe6-d183-4b46-be93-2ba964a39c73@group-C25BD028928E: changes role from  FOLLOWER to FOLLOWER at term 139 for recognizeCandidate:f5624850-682f-4ec5-bb5c-f79627fc299e
2019-10-15 16:29:53,009 [grpc-default-executor-4] INFO  impl.RoleInfo (RoleInfo.java:shutdownFollowerState(121)) - 14091fe6-d183-4b46-be93-2ba964a39c73: shutdown FollowerState
2019-10-15 16:29:53,009 [grpc-default-executor-4] INFO  impl.RoleInfo (RoleInfo.java:updateAndGet(143)) - 14091fe6-d183-4b46-be93-2ba964a39c73: start FollowerState
2019-10-15 16:29:53,009 [Thread-1475] INFO  impl.FollowerState (FollowerState.java:run(117)) - 14091fe6-d183-4b46-be93-2ba964a39c73@group-C25BD028928E-FollowerState was interrupted: java.lang.InterruptedException: sleep interrupted
2019-10-15 16:29:53,031 [f5624850-682f-4ec5-bb5c-f79627fc299e@group-C25BD028928E-LeaderElection151] INFO  impl.LeaderElection (LeaderElection.java:logAndReturn(56)) - f5624850-682f-4ec5-bb5c-f79627fc299e@group-C25BD028928E-LeaderElection151: Election REJECTED; received 1 response(s) [f5624850-682f-4ec5-bb5c-f79627fc299e<-14091fe6-d183-4b46-be93-2ba964a39c73#0:FAIL-t139] and 1 exception(s); f5624850-682f-4ec5-bb5c-f79627fc299e@group-C25BD028928E:t139, leader=null, voted=f5624850-682f-4ec5-bb5c-f79627fc299e, raftlog=f5624850-682f-4ec5-bb5c-f79627fc299e@group-C25BD028928E-SegmentedRaftLog:OPENED:c-1,f-1,i0, conf=-1: [f581660d-af3d-4f5f-b57d-f4cb54f048b9:192.168.164.239:42501, f5624850-682f-4ec5-bb5c-f79627fc299e:192.168.164.239:39499, 14091fe6-d183-4b46-be93-2ba964a39c73:192.168.164.239:34827], old=null
2019-10-15 16:29:53,031 [f5624850-682f-4ec5-bb5c-f79627fc299e@group-C25BD028928E-LeaderElection151] INFO  impl.LeaderElection (LogUtils.java:infoOrTrace(149)) -   Exception 0: {}
java.util.concurrent.ExecutionException: org.apache.ratis.thirdparty.io.grpc.StatusRuntimeException: UNAVAILABLE: io exception
	at java.util.concurrent.FutureTask.report(FutureTask.java:122)
	at java.util.concurrent.FutureTask.get(FutureTask.java:192)
	at org.apache.ratis.server.impl.LeaderElection.waitForResults(LeaderElection.java:259)
	at org.apache.ratis.server.impl.LeaderElection.askForVotes(LeaderElection.java:197)
	at org.apache.ratis.server.impl.LeaderElection.run(LeaderElection.java:133)
	at java.lang.Thread.run(Thread.java:748)
Caused by: org.apache.ratis.thirdparty.io.grpc.StatusRuntimeException: UNAVAILABLE: io exception
	at org.apache.ratis.thirdparty.io.grpc.stub.ClientCalls.toStatusRuntimeException(ClientCalls.java:233)
	at org.apache.ratis.thirdparty.io.grpc.stub.ClientCalls.getUnchecked(ClientCalls.java:214)
	at org.apache.ratis.thirdparty.io.grpc.stub.ClientCalls.blockingUnaryCall(ClientCalls.java:139)
	at org.apache.ratis.proto.grpc.RaftServerProtocolServiceGrpc$RaftServerProtocolServiceBlockingStub.requestVote(RaftServerProtocolServiceGrpc.java:265)
	at org.apache.ratis.grpc.server.GrpcServerProtocolClient.requestVote(GrpcServerProtocolClient.java:99)
	at org.apache.ratis.grpc.server.GrpcService.requestVote(GrpcService.java:204)
	at org.apache.ratis.server.impl.LeaderElection.lambda$submitRequests$1(LeaderElection.java:234)
	at java.util.concurrent.FutureTask.run(FutureTask.java:266)
	at java.util.concurrent.Executors$RunnableAdapter.call(Executors.java:511)
	at java.util.concurrent.FutureTask.run(FutureTask.java:266)
	at java.util.concurrent.ThreadPoolExecutor.runWorker(ThreadPoolExecutor.java:1149)
	at java.util.concurrent.ThreadPoolExecutor$Worker.run(ThreadPoolExecutor.java:624)
	... 1 more
Caused by: org.apache.ratis.thirdparty.io.netty.channel.AbstractChannel$AnnotatedConnectException: Connection refused: /192.168.164.239:42501
	at sun.nio.ch.SocketChannelImpl.checkConnect(Native Method)
	at sun.nio.ch.SocketChannelImpl.finishConnect(SocketChannelImpl.java:717)
	at org.apache.ratis.thirdparty.io.netty.channel.socket.nio.NioSocketChannel.doFinishConnect(NioSocketChannel.java:327)
	at org.apache.ratis.thirdparty.io.netty.channel.nio.AbstractNioChannel$AbstractNioUnsafe.finishConnect(AbstractNioChannel.java:340)
	at org.apache.ratis.thirdparty.io.netty.channel.nio.NioEventLoop.processSelectedKey(NioEventLoop.java:632)
	at org.apache.ratis.thirdparty.io.netty.channel.nio.NioEventLoop.processSelectedKeysOptimized(NioEventLoop.java:579)
	at org.apache.ratis.thirdparty.io.netty.channel.nio.NioEventLoop.processSelectedKeys(NioEventLoop.java:496)
	at org.apache.ratis.thirdparty.io.netty.channel.nio.NioEventLoop.run(NioEventLoop.java:458)
	at org.apache.ratis.thirdparty.io.netty.util.concurrent.SingleThreadEventExecutor$5.run(SingleThreadEventExecutor.java:897)
	at org.apache.ratis.thirdparty.io.netty.util.concurrent.FastThreadLocalRunnable.run(FastThreadLocalRunnable.java:30)
	... 1 more
Caused by: java.net.ConnectException: Connection refused
	... 11 more
2019-10-15 16:29:53,032 [f5624850-682f-4ec5-bb5c-f79627fc299e@group-C25BD028928E-LeaderElection151] INFO  impl.RaftServerImpl (RaftServerImpl.java:setRole(184)) - f5624850-682f-4ec5-bb5c-f79627fc299e@group-C25BD028928E: changes role from CANDIDATE to FOLLOWER at term 139 for DISCOVERED_A_NEW_TERM
2019-10-15 16:29:53,032 [f5624850-682f-4ec5-bb5c-f79627fc299e@group-C25BD028928E-LeaderElection151] INFO  impl.RoleInfo (RoleInfo.java:shutdownLeaderElection(134)) - f5624850-682f-4ec5-bb5c-f79627fc299e: shutdown LeaderElection
2019-10-15 16:29:53,032 [f5624850-682f-4ec5-bb5c-f79627fc299e@group-C25BD028928E-LeaderElection151] INFO  impl.RoleInfo (RoleInfo.java:updateAndGet(143)) - f5624850-682f-4ec5-bb5c-f79627fc299e: start FollowerState
2019-10-15 16:29:53,073 [java.util.concurrent.ThreadPoolExecutor$Worker@56768177[State = -1, empty queue]] WARN  server.GrpcLogAppender (GrpcLogAppender.java:timeoutAppendRequest(209)) - c48d8dfa-9e66-4eac-9ff2-02281a99dfa9@group-F2FE1ED60945->cccd55fe-f481-4e2b-93ed-b6a86d13c378-GrpcLogAppender: appendEntries Timeout, request=c48d8dfa-9e66-4eac-9ff2-02281a99dfa9->cccd55fe-f481-4e2b-93ed-b6a86d13c378#32-t5, previous=(t:5, i:0), leaderCommit=0, initializing? false, entries: <empty>
2019-10-15 16:29:53,085 [Thread-1481] INFO  impl.FollowerState (FollowerState.java:run(108)) - f5624850-682f-4ec5-bb5c-f79627fc299e@group-C25BD028928E-FollowerState: change to CANDIDATE, lastRpcTime:53ms, electionTimeout:53ms
2019-10-15 16:29:53,086 [Thread-1481] INFO  impl.RoleInfo (RoleInfo.java:shutdownFollowerState(121)) - f5624850-682f-4ec5-bb5c-f79627fc299e: shutdown FollowerState
2019-10-15 16:29:53,086 [Thread-1481] INFO  impl.RaftServerImpl (RaftServerImpl.java:setRole(184)) - f5624850-682f-4ec5-bb5c-f79627fc299e@group-C25BD028928E: changes role from  FOLLOWER to CANDIDATE at term 139 for changeToCandidate
2019-10-15 16:29:53,086 [Thread-1481] INFO  impl.RoleInfo (RoleInfo.java:updateAndGet(143)) - f5624850-682f-4ec5-bb5c-f79627fc299e: start LeaderElection
2019-10-15 16:29:53,122 [f5624850-682f-4ec5-bb5c-f79627fc299e@group-C25BD028928E-LeaderElection152] INFO  impl.LeaderElection (LeaderElection.java:askForVotes(178)) - f5624850-682f-4ec5-bb5c-f79627fc299e@group-C25BD028928E-LeaderElection152: begin an election at term 140 for -1: [f581660d-af3d-4f5f-b57d-f4cb54f048b9:192.168.164.239:42501, f5624850-682f-4ec5-bb5c-f79627fc299e:192.168.164.239:39499, 14091fe6-d183-4b46-be93-2ba964a39c73:192.168.164.239:34827], old=null
2019-10-15 16:29:53,123 [f5624850-682f-4ec5-bb5c-f79627fc299e@group-C25BD028928E-LeaderElection152] INFO  impl.LeaderElection (LogUtils.java:infoOrTrace(149)) - f5624850-682f-4ec5-bb5c-f79627fc299e@group-C25BD028928E-LeaderElection152 got exception when requesting votes: {}
java.util.concurrent.ExecutionException: org.apache.ratis.thirdparty.io.grpc.StatusRuntimeException: UNAVAILABLE: io exception
	at java.util.concurrent.FutureTask.report(FutureTask.java:122)
	at java.util.concurrent.FutureTask.get(FutureTask.java:192)
	at org.apache.ratis.server.impl.LeaderElection.waitForResults(LeaderElection.java:259)
	at org.apache.ratis.server.impl.LeaderElection.askForVotes(LeaderElection.java:197)
	at org.apache.ratis.server.impl.LeaderElection.run(LeaderElection.java:133)
	at java.lang.Thread.run(Thread.java:748)
Caused by: org.apache.ratis.thirdparty.io.grpc.StatusRuntimeException: UNAVAILABLE: io exception
	at org.apache.ratis.thirdparty.io.grpc.stub.ClientCalls.toStatusRuntimeException(ClientCalls.java:233)
	at org.apache.ratis.thirdparty.io.grpc.stub.ClientCalls.getUnchecked(ClientCalls.java:214)
	at org.apache.ratis.thirdparty.io.grpc.stub.ClientCalls.blockingUnaryCall(ClientCalls.java:139)
	at org.apache.ratis.proto.grpc.RaftServerProtocolServiceGrpc$RaftServerProtocolServiceBlockingStub.requestVote(RaftServerProtocolServiceGrpc.java:265)
	at org.apache.ratis.grpc.server.GrpcServerProtocolClient.requestVote(GrpcServerProtocolClient.java:99)
	at org.apache.ratis.grpc.server.GrpcService.requestVote(GrpcService.java:204)
	at org.apache.ratis.server.impl.LeaderElection.lambda$submitRequests$1(LeaderElection.java:234)
	at java.util.concurrent.FutureTask.run(FutureTask.java:266)
	at java.util.concurrent.Executors$RunnableAdapter.call(Executors.java:511)
	at java.util.concurrent.FutureTask.run(FutureTask.java:266)
	at java.util.concurrent.ThreadPoolExecutor.runWorker(ThreadPoolExecutor.java:1149)
	at java.util.concurrent.ThreadPoolExecutor$Worker.run(ThreadPoolExecutor.java:624)
	... 1 more
Caused by: org.apache.ratis.thirdparty.io.netty.channel.AbstractChannel$AnnotatedConnectException: Connection refused: /192.168.164.239:42501
	at sun.nio.ch.SocketChannelImpl.checkConnect(Native Method)
	at sun.nio.ch.SocketChannelImpl.finishConnect(SocketChannelImpl.java:717)
	at org.apache.ratis.thirdparty.io.netty.channel.socket.nio.NioSocketChannel.doFinishConnect(NioSocketChannel.java:327)
	at org.apache.ratis.thirdparty.io.netty.channel.nio.AbstractNioChannel$AbstractNioUnsafe.finishConnect(AbstractNioChannel.java:340)
	at org.apache.ratis.thirdparty.io.netty.channel.nio.NioEventLoop.processSelectedKey(NioEventLoop.java:632)
	at org.apache.ratis.thirdparty.io.netty.channel.nio.NioEventLoop.processSelectedKeysOptimized(NioEventLoop.java:579)
	at org.apache.ratis.thirdparty.io.netty.channel.nio.NioEventLoop.processSelectedKeys(NioEventLoop.java:496)
	at org.apache.ratis.thirdparty.io.netty.channel.nio.NioEventLoop.run(NioEventLoop.java:458)
	at org.apache.ratis.thirdparty.io.netty.util.concurrent.SingleThreadEventExecutor$5.run(SingleThreadEventExecutor.java:897)
	at org.apache.ratis.thirdparty.io.netty.util.concurrent.FastThreadLocalRunnable.run(FastThreadLocalRunnable.java:30)
	... 1 more
Caused by: java.net.ConnectException: Connection refused
	... 11 more
2019-10-15 16:29:53,127 [grpc-default-executor-4] INFO  impl.RaftServerImpl (RaftServerImpl.java:setRole(184)) - 14091fe6-d183-4b46-be93-2ba964a39c73@group-C25BD028928E: changes role from  FOLLOWER to FOLLOWER at term 140 for recognizeCandidate:f5624850-682f-4ec5-bb5c-f79627fc299e
2019-10-15 16:29:53,127 [grpc-default-executor-4] INFO  impl.RoleInfo (RoleInfo.java:shutdownFollowerState(121)) - 14091fe6-d183-4b46-be93-2ba964a39c73: shutdown FollowerState
2019-10-15 16:29:53,127 [grpc-default-executor-4] INFO  impl.RoleInfo (RoleInfo.java:updateAndGet(143)) - 14091fe6-d183-4b46-be93-2ba964a39c73: start FollowerState
2019-10-15 16:29:53,127 [Thread-1480] INFO  impl.FollowerState (FollowerState.java:run(117)) - 14091fe6-d183-4b46-be93-2ba964a39c73@group-C25BD028928E-FollowerState was interrupted: java.lang.InterruptedException: sleep interrupted
2019-10-15 16:29:53,157 [f5624850-682f-4ec5-bb5c-f79627fc299e@group-C25BD028928E-LeaderElection152] INFO  impl.LeaderElection (LeaderElection.java:logAndReturn(56)) - f5624850-682f-4ec5-bb5c-f79627fc299e@group-C25BD028928E-LeaderElection152: Election REJECTED; received 1 response(s) [f5624850-682f-4ec5-bb5c-f79627fc299e<-14091fe6-d183-4b46-be93-2ba964a39c73#0:FAIL-t140] and 1 exception(s); f5624850-682f-4ec5-bb5c-f79627fc299e@group-C25BD028928E:t140, leader=null, voted=f5624850-682f-4ec5-bb5c-f79627fc299e, raftlog=f5624850-682f-4ec5-bb5c-f79627fc299e@group-C25BD028928E-SegmentedRaftLog:OPENED:c-1,f-1,i0, conf=-1: [f581660d-af3d-4f5f-b57d-f4cb54f048b9:192.168.164.239:42501, f5624850-682f-4ec5-bb5c-f79627fc299e:192.168.164.239:39499, 14091fe6-d183-4b46-be93-2ba964a39c73:192.168.164.239:34827], old=null
2019-10-15 16:29:53,157 [f5624850-682f-4ec5-bb5c-f79627fc299e@group-C25BD028928E-LeaderElection152] INFO  impl.LeaderElection (LogUtils.java:infoOrTrace(149)) -   Exception 0: {}
java.util.concurrent.ExecutionException: org.apache.ratis.thirdparty.io.grpc.StatusRuntimeException: UNAVAILABLE: io exception
	at java.util.concurrent.FutureTask.report(FutureTask.java:122)
	at java.util.concurrent.FutureTask.get(FutureTask.java:192)
	at org.apache.ratis.server.impl.LeaderElection.waitForResults(LeaderElection.java:259)
	at org.apache.ratis.server.impl.LeaderElection.askForVotes(LeaderElection.java:197)
	at org.apache.ratis.server.impl.LeaderElection.run(LeaderElection.java:133)
	at java.lang.Thread.run(Thread.java:748)
Caused by: org.apache.ratis.thirdparty.io.grpc.StatusRuntimeException: UNAVAILABLE: io exception
	at org.apache.ratis.thirdparty.io.grpc.stub.ClientCalls.toStatusRuntimeException(ClientCalls.java:233)
	at org.apache.ratis.thirdparty.io.grpc.stub.ClientCalls.getUnchecked(ClientCalls.java:214)
	at org.apache.ratis.thirdparty.io.grpc.stub.ClientCalls.blockingUnaryCall(ClientCalls.java:139)
	at org.apache.ratis.proto.grpc.RaftServerProtocolServiceGrpc$RaftServerProtocolServiceBlockingStub.requestVote(RaftServerProtocolServiceGrpc.java:265)
	at org.apache.ratis.grpc.server.GrpcServerProtocolClient.requestVote(GrpcServerProtocolClient.java:99)
	at org.apache.ratis.grpc.server.GrpcService.requestVote(GrpcService.java:204)
	at org.apache.ratis.server.impl.LeaderElection.lambda$submitRequests$1(LeaderElection.java:234)
	at java.util.concurrent.FutureTask.run(FutureTask.java:266)
	at java.util.concurrent.Executors$RunnableAdapter.call(Executors.java:511)
	at java.util.concurrent.FutureTask.run(FutureTask.java:266)
	at java.util.concurrent.ThreadPoolExecutor.runWorker(ThreadPoolExecutor.java:1149)
	at java.util.concurrent.ThreadPoolExecutor$Worker.run(ThreadPoolExecutor.java:624)
	... 1 more
Caused by: org.apache.ratis.thirdparty.io.netty.channel.AbstractChannel$AnnotatedConnectException: Connection refused: /192.168.164.239:42501
	at sun.nio.ch.SocketChannelImpl.checkConnect(Native Method)
	at sun.nio.ch.SocketChannelImpl.finishConnect(SocketChannelImpl.java:717)
	at org.apache.ratis.thirdparty.io.netty.channel.socket.nio.NioSocketChannel.doFinishConnect(NioSocketChannel.java:327)
	at org.apache.ratis.thirdparty.io.netty.channel.nio.AbstractNioChannel$AbstractNioUnsafe.finishConnect(AbstractNioChannel.java:340)
	at org.apache.ratis.thirdparty.io.netty.channel.nio.NioEventLoop.processSelectedKey(NioEventLoop.java:632)
	at org.apache.ratis.thirdparty.io.netty.channel.nio.NioEventLoop.processSelectedKeysOptimized(NioEventLoop.java:579)
	at org.apache.ratis.thirdparty.io.netty.channel.nio.NioEventLoop.processSelectedKeys(NioEventLoop.java:496)
	at org.apache.ratis.thirdparty.io.netty.channel.nio.NioEventLoop.run(NioEventLoop.java:458)
	at org.apache.ratis.thirdparty.io.netty.util.concurrent.SingleThreadEventExecutor$5.run(SingleThreadEventExecutor.java:897)
	at org.apache.ratis.thirdparty.io.netty.util.concurrent.FastThreadLocalRunnable.run(FastThreadLocalRunnable.java:30)
	... 1 more
Caused by: java.net.ConnectException: Connection refused
	... 11 more
2019-10-15 16:29:53,157 [f5624850-682f-4ec5-bb5c-f79627fc299e@group-C25BD028928E-LeaderElection152] INFO  impl.RaftServerImpl (RaftServerImpl.java:setRole(184)) - f5624850-682f-4ec5-bb5c-f79627fc299e@group-C25BD028928E: changes role from CANDIDATE to FOLLOWER at term 140 for DISCOVERED_A_NEW_TERM
2019-10-15 16:29:53,157 [f5624850-682f-4ec5-bb5c-f79627fc299e@group-C25BD028928E-LeaderElection152] INFO  impl.RoleInfo (RoleInfo.java:shutdownLeaderElection(134)) - f5624850-682f-4ec5-bb5c-f79627fc299e: shutdown LeaderElection
2019-10-15 16:29:53,157 [f5624850-682f-4ec5-bb5c-f79627fc299e@group-C25BD028928E-LeaderElection152] INFO  impl.RoleInfo (RoleInfo.java:updateAndGet(143)) - f5624850-682f-4ec5-bb5c-f79627fc299e: start FollowerState
2019-10-15 16:29:53,261 [Thread-1489] INFO  impl.FollowerState (FollowerState.java:run(108)) - f5624850-682f-4ec5-bb5c-f79627fc299e@group-C25BD028928E-FollowerState: change to CANDIDATE, lastRpcTime:103ms, electionTimeout:103ms
2019-10-15 16:29:53,261 [Thread-1489] INFO  impl.RoleInfo (RoleInfo.java:shutdownFollowerState(121)) - f5624850-682f-4ec5-bb5c-f79627fc299e: shutdown FollowerState
2019-10-15 16:29:53,261 [Thread-1489] INFO  impl.RaftServerImpl (RaftServerImpl.java:setRole(184)) - f5624850-682f-4ec5-bb5c-f79627fc299e@group-C25BD028928E: changes role from  FOLLOWER to CANDIDATE at term 140 for changeToCandidate
2019-10-15 16:29:53,262 [Thread-1489] INFO  impl.RoleInfo (RoleInfo.java:updateAndGet(143)) - f5624850-682f-4ec5-bb5c-f79627fc299e: start LeaderElection
2019-10-15 16:29:53,290 [f5624850-682f-4ec5-bb5c-f79627fc299e@group-C25BD028928E-LeaderElection153] INFO  impl.LeaderElection (LeaderElection.java:askForVotes(178)) - f5624850-682f-4ec5-bb5c-f79627fc299e@group-C25BD028928E-LeaderElection153: begin an election at term 141 for -1: [f581660d-af3d-4f5f-b57d-f4cb54f048b9:192.168.164.239:42501, f5624850-682f-4ec5-bb5c-f79627fc299e:192.168.164.239:39499, 14091fe6-d183-4b46-be93-2ba964a39c73:192.168.164.239:34827], old=null
2019-10-15 16:29:53,291 [f5624850-682f-4ec5-bb5c-f79627fc299e@group-C25BD028928E-LeaderElection153] INFO  impl.LeaderElection (LogUtils.java:infoOrTrace(149)) - f5624850-682f-4ec5-bb5c-f79627fc299e@group-C25BD028928E-LeaderElection153 got exception when requesting votes: {}
java.util.concurrent.ExecutionException: org.apache.ratis.thirdparty.io.grpc.StatusRuntimeException: UNAVAILABLE: io exception
	at java.util.concurrent.FutureTask.report(FutureTask.java:122)
	at java.util.concurrent.FutureTask.get(FutureTask.java:192)
	at org.apache.ratis.server.impl.LeaderElection.waitForResults(LeaderElection.java:259)
	at org.apache.ratis.server.impl.LeaderElection.askForVotes(LeaderElection.java:197)
	at org.apache.ratis.server.impl.LeaderElection.run(LeaderElection.java:133)
	at java.lang.Thread.run(Thread.java:748)
Caused by: org.apache.ratis.thirdparty.io.grpc.StatusRuntimeException: UNAVAILABLE: io exception
	at org.apache.ratis.thirdparty.io.grpc.stub.ClientCalls.toStatusRuntimeException(ClientCalls.java:233)
	at org.apache.ratis.thirdparty.io.grpc.stub.ClientCalls.getUnchecked(ClientCalls.java:214)
	at org.apache.ratis.thirdparty.io.grpc.stub.ClientCalls.blockingUnaryCall(ClientCalls.java:139)
	at org.apache.ratis.proto.grpc.RaftServerProtocolServiceGrpc$RaftServerProtocolServiceBlockingStub.requestVote(RaftServerProtocolServiceGrpc.java:265)
	at org.apache.ratis.grpc.server.GrpcServerProtocolClient.requestVote(GrpcServerProtocolClient.java:99)
	at org.apache.ratis.grpc.server.GrpcService.requestVote(GrpcService.java:204)
	at org.apache.ratis.server.impl.LeaderElection.lambda$submitRequests$1(LeaderElection.java:234)
	at java.util.concurrent.FutureTask.run(FutureTask.java:266)
	at java.util.concurrent.Executors$RunnableAdapter.call(Executors.java:511)
	at java.util.concurrent.FutureTask.run(FutureTask.java:266)
	at java.util.concurrent.ThreadPoolExecutor.runWorker(ThreadPoolExecutor.java:1149)
	at java.util.concurrent.ThreadPoolExecutor$Worker.run(ThreadPoolExecutor.java:624)
	... 1 more
Caused by: org.apache.ratis.thirdparty.io.netty.channel.AbstractChannel$AnnotatedConnectException: Connection refused: /192.168.164.239:42501
	at sun.nio.ch.SocketChannelImpl.checkConnect(Native Method)
	at sun.nio.ch.SocketChannelImpl.finishConnect(SocketChannelImpl.java:717)
	at org.apache.ratis.thirdparty.io.netty.channel.socket.nio.NioSocketChannel.doFinishConnect(NioSocketChannel.java:327)
	at org.apache.ratis.thirdparty.io.netty.channel.nio.AbstractNioChannel$AbstractNioUnsafe.finishConnect(AbstractNioChannel.java:340)
	at org.apache.ratis.thirdparty.io.netty.channel.nio.NioEventLoop.processSelectedKey(NioEventLoop.java:632)
	at org.apache.ratis.thirdparty.io.netty.channel.nio.NioEventLoop.processSelectedKeysOptimized(NioEventLoop.java:579)
	at org.apache.ratis.thirdparty.io.netty.channel.nio.NioEventLoop.processSelectedKeys(NioEventLoop.java:496)
	at org.apache.ratis.thirdparty.io.netty.channel.nio.NioEventLoop.run(NioEventLoop.java:458)
	at org.apache.ratis.thirdparty.io.netty.util.concurrent.SingleThreadEventExecutor$5.run(SingleThreadEventExecutor.java:897)
	at org.apache.ratis.thirdparty.io.netty.util.concurrent.FastThreadLocalRunnable.run(FastThreadLocalRunnable.java:30)
	... 1 more
Caused by: java.net.ConnectException: Connection refused
	... 11 more
2019-10-15 16:29:53,294 [grpc-default-executor-4] INFO  impl.RaftServerImpl (RaftServerImpl.java:setRole(184)) - 14091fe6-d183-4b46-be93-2ba964a39c73@group-C25BD028928E: changes role from  FOLLOWER to FOLLOWER at term 141 for recognizeCandidate:f5624850-682f-4ec5-bb5c-f79627fc299e
2019-10-15 16:29:53,294 [grpc-default-executor-4] INFO  impl.RoleInfo (RoleInfo.java:shutdownFollowerState(121)) - 14091fe6-d183-4b46-be93-2ba964a39c73: shutdown FollowerState
2019-10-15 16:29:53,295 [grpc-default-executor-4] INFO  impl.RoleInfo (RoleInfo.java:updateAndGet(143)) - 14091fe6-d183-4b46-be93-2ba964a39c73: start FollowerState
2019-10-15 16:29:53,295 [Thread-1488] INFO  impl.FollowerState (FollowerState.java:run(117)) - 14091fe6-d183-4b46-be93-2ba964a39c73@group-C25BD028928E-FollowerState was interrupted: java.lang.InterruptedException: sleep interrupted
2019-10-15 16:29:53,297 [f5624850-682f-4ec5-bb5c-f79627fc299e@group-C25BD028928E-LeaderElection153] INFO  impl.LeaderElection (LeaderElection.java:logAndReturn(56)) - f5624850-682f-4ec5-bb5c-f79627fc299e@group-C25BD028928E-LeaderElection153: Election TIMEOUT; received 0 response(s) [] and 1 exception(s); f5624850-682f-4ec5-bb5c-f79627fc299e@group-C25BD028928E:t141, leader=null, voted=f5624850-682f-4ec5-bb5c-f79627fc299e, raftlog=f5624850-682f-4ec5-bb5c-f79627fc299e@group-C25BD028928E-SegmentedRaftLog:OPENED:c-1,f-1,i0, conf=-1: [f581660d-af3d-4f5f-b57d-f4cb54f048b9:192.168.164.239:42501, f5624850-682f-4ec5-bb5c-f79627fc299e:192.168.164.239:39499, 14091fe6-d183-4b46-be93-2ba964a39c73:192.168.164.239:34827], old=null
2019-10-15 16:29:53,298 [f5624850-682f-4ec5-bb5c-f79627fc299e@group-C25BD028928E-LeaderElection153] INFO  impl.LeaderElection (LogUtils.java:infoOrTrace(149)) -   Exception 0: {}
java.util.concurrent.ExecutionException: org.apache.ratis.thirdparty.io.grpc.StatusRuntimeException: UNAVAILABLE: io exception
	at java.util.concurrent.FutureTask.report(FutureTask.java:122)
	at java.util.concurrent.FutureTask.get(FutureTask.java:192)
	at org.apache.ratis.server.impl.LeaderElection.waitForResults(LeaderElection.java:259)
	at org.apache.ratis.server.impl.LeaderElection.askForVotes(LeaderElection.java:197)
	at org.apache.ratis.server.impl.LeaderElection.run(LeaderElection.java:133)
	at java.lang.Thread.run(Thread.java:748)
Caused by: org.apache.ratis.thirdparty.io.grpc.StatusRuntimeException: UNAVAILABLE: io exception
	at org.apache.ratis.thirdparty.io.grpc.stub.ClientCalls.toStatusRuntimeException(ClientCalls.java:233)
	at org.apache.ratis.thirdparty.io.grpc.stub.ClientCalls.getUnchecked(ClientCalls.java:214)
	at org.apache.ratis.thirdparty.io.grpc.stub.ClientCalls.blockingUnaryCall(ClientCalls.java:139)
	at org.apache.ratis.proto.grpc.RaftServerProtocolServiceGrpc$RaftServerProtocolServiceBlockingStub.requestVote(RaftServerProtocolServiceGrpc.java:265)
	at org.apache.ratis.grpc.server.GrpcServerProtocolClient.requestVote(GrpcServerProtocolClient.java:99)
	at org.apache.ratis.grpc.server.GrpcService.requestVote(GrpcService.java:204)
	at org.apache.ratis.server.impl.LeaderElection.lambda$submitRequests$1(LeaderElection.java:234)
	at java.util.concurrent.FutureTask.run(FutureTask.java:266)
	at java.util.concurrent.Executors$RunnableAdapter.call(Executors.java:511)
	at java.util.concurrent.FutureTask.run(FutureTask.java:266)
	at java.util.concurrent.ThreadPoolExecutor.runWorker(ThreadPoolExecutor.java:1149)
	at java.util.concurrent.ThreadPoolExecutor$Worker.run(ThreadPoolExecutor.java:624)
	... 1 more
Caused by: org.apache.ratis.thirdparty.io.netty.channel.AbstractChannel$AnnotatedConnectException: Connection refused: /192.168.164.239:42501
	at sun.nio.ch.SocketChannelImpl.checkConnect(Native Method)
	at sun.nio.ch.SocketChannelImpl.finishConnect(SocketChannelImpl.java:717)
	at org.apache.ratis.thirdparty.io.netty.channel.socket.nio.NioSocketChannel.doFinishConnect(NioSocketChannel.java:327)
	at org.apache.ratis.thirdparty.io.netty.channel.nio.AbstractNioChannel$AbstractNioUnsafe.finishConnect(AbstractNioChannel.java:340)
	at org.apache.ratis.thirdparty.io.netty.channel.nio.NioEventLoop.processSelectedKey(NioEventLoop.java:632)
	at org.apache.ratis.thirdparty.io.netty.channel.nio.NioEventLoop.processSelectedKeysOptimized(NioEventLoop.java:579)
	at org.apache.ratis.thirdparty.io.netty.channel.nio.NioEventLoop.processSelectedKeys(NioEventLoop.java:496)
	at org.apache.ratis.thirdparty.io.netty.channel.nio.NioEventLoop.run(NioEventLoop.java:458)
	at org.apache.ratis.thirdparty.io.netty.util.concurrent.SingleThreadEventExecutor$5.run(SingleThreadEventExecutor.java:897)
	at org.apache.ratis.thirdparty.io.netty.util.concurrent.FastThreadLocalRunnable.run(FastThreadLocalRunnable.java:30)
	... 1 more
Caused by: java.net.ConnectException: Connection refused
	... 11 more
2019-10-15 16:29:53,323 [f5624850-682f-4ec5-bb5c-f79627fc299e@group-C25BD028928E-LeaderElection153] INFO  impl.LeaderElection (LeaderElection.java:askForVotes(178)) - f5624850-682f-4ec5-bb5c-f79627fc299e@group-C25BD028928E-LeaderElection153: begin an election at term 142 for -1: [f581660d-af3d-4f5f-b57d-f4cb54f048b9:192.168.164.239:42501, f5624850-682f-4ec5-bb5c-f79627fc299e:192.168.164.239:39499, 14091fe6-d183-4b46-be93-2ba964a39c73:192.168.164.239:34827], old=null
2019-10-15 16:29:53,324 [f5624850-682f-4ec5-bb5c-f79627fc299e@group-C25BD028928E-LeaderElection153] INFO  impl.LeaderElection (LogUtils.java:infoOrTrace(149)) - f5624850-682f-4ec5-bb5c-f79627fc299e@group-C25BD028928E-LeaderElection153 got exception when requesting votes: {}
java.util.concurrent.ExecutionException: org.apache.ratis.thirdparty.io.grpc.StatusRuntimeException: UNAVAILABLE: io exception
	at java.util.concurrent.FutureTask.report(FutureTask.java:122)
	at java.util.concurrent.FutureTask.get(FutureTask.java:192)
	at org.apache.ratis.server.impl.LeaderElection.waitForResults(LeaderElection.java:259)
	at org.apache.ratis.server.impl.LeaderElection.askForVotes(LeaderElection.java:197)
	at org.apache.ratis.server.impl.LeaderElection.run(LeaderElection.java:133)
	at java.lang.Thread.run(Thread.java:748)
Caused by: org.apache.ratis.thirdparty.io.grpc.StatusRuntimeException: UNAVAILABLE: io exception
	at org.apache.ratis.thirdparty.io.grpc.stub.ClientCalls.toStatusRuntimeException(ClientCalls.java:233)
	at org.apache.ratis.thirdparty.io.grpc.stub.ClientCalls.getUnchecked(ClientCalls.java:214)
	at org.apache.ratis.thirdparty.io.grpc.stub.ClientCalls.blockingUnaryCall(ClientCalls.java:139)
	at org.apache.ratis.proto.grpc.RaftServerProtocolServiceGrpc$RaftServerProtocolServiceBlockingStub.requestVote(RaftServerProtocolServiceGrpc.java:265)
	at org.apache.ratis.grpc.server.GrpcServerProtocolClient.requestVote(GrpcServerProtocolClient.java:99)
	at org.apache.ratis.grpc.server.GrpcService.requestVote(GrpcService.java:204)
	at org.apache.ratis.server.impl.LeaderElection.lambda$submitRequests$1(LeaderElection.java:234)
	at java.util.concurrent.FutureTask.run(FutureTask.java:266)
	at java.util.concurrent.Executors$RunnableAdapter.call(Executors.java:511)
	at java.util.concurrent.FutureTask.run(FutureTask.java:266)
	at java.util.concurrent.ThreadPoolExecutor.runWorker(ThreadPoolExecutor.java:1149)
	at java.util.concurrent.ThreadPoolExecutor$Worker.run(ThreadPoolExecutor.java:624)
	... 1 more
Caused by: org.apache.ratis.thirdparty.io.netty.channel.AbstractChannel$AnnotatedConnectException: Connection refused: /192.168.164.239:42501
	at sun.nio.ch.SocketChannelImpl.checkConnect(Native Method)
	at sun.nio.ch.SocketChannelImpl.finishConnect(SocketChannelImpl.java:717)
	at org.apache.ratis.thirdparty.io.netty.channel.socket.nio.NioSocketChannel.doFinishConnect(NioSocketChannel.java:327)
	at org.apache.ratis.thirdparty.io.netty.channel.nio.AbstractNioChannel$AbstractNioUnsafe.finishConnect(AbstractNioChannel.java:340)
	at org.apache.ratis.thirdparty.io.netty.channel.nio.NioEventLoop.processSelectedKey(NioEventLoop.java:632)
	at org.apache.ratis.thirdparty.io.netty.channel.nio.NioEventLoop.processSelectedKeysOptimized(NioEventLoop.java:579)
	at org.apache.ratis.thirdparty.io.netty.channel.nio.NioEventLoop.processSelectedKeys(NioEventLoop.java:496)
	at org.apache.ratis.thirdparty.io.netty.channel.nio.NioEventLoop.run(NioEventLoop.java:458)
	at org.apache.ratis.thirdparty.io.netty.util.concurrent.SingleThreadEventExecutor$5.run(SingleThreadEventExecutor.java:897)
	at org.apache.ratis.thirdparty.io.netty.util.concurrent.FastThreadLocalRunnable.run(FastThreadLocalRunnable.java:30)
	... 1 more
Caused by: java.net.ConnectException: Connection refused
	... 11 more
2019-10-15 16:29:53,327 [grpc-default-executor-4] INFO  impl.RaftServerImpl (RaftServerImpl.java:setRole(184)) - 14091fe6-d183-4b46-be93-2ba964a39c73@group-C25BD028928E: changes role from  FOLLOWER to FOLLOWER at term 142 for recognizeCandidate:f5624850-682f-4ec5-bb5c-f79627fc299e
2019-10-15 16:29:53,327 [grpc-default-executor-4] INFO  impl.RoleInfo (RoleInfo.java:shutdownFollowerState(121)) - 14091fe6-d183-4b46-be93-2ba964a39c73: shutdown FollowerState
2019-10-15 16:29:53,327 [grpc-default-executor-4] INFO  impl.RoleInfo (RoleInfo.java:updateAndGet(143)) - 14091fe6-d183-4b46-be93-2ba964a39c73: start FollowerState
2019-10-15 16:29:53,327 [Thread-1493] INFO  impl.FollowerState (FollowerState.java:run(117)) - 14091fe6-d183-4b46-be93-2ba964a39c73@group-C25BD028928E-FollowerState was interrupted: java.lang.InterruptedException: sleep interrupted
2019-10-15 16:29:53,349 [f5624850-682f-4ec5-bb5c-f79627fc299e@group-C25BD028928E-LeaderElection153] INFO  impl.LeaderElection (LeaderElection.java:logAndReturn(56)) - f5624850-682f-4ec5-bb5c-f79627fc299e@group-C25BD028928E-LeaderElection153: Election REJECTED; received 1 response(s) [f5624850-682f-4ec5-bb5c-f79627fc299e<-14091fe6-d183-4b46-be93-2ba964a39c73#0:FAIL-t142] and 1 exception(s); f5624850-682f-4ec5-bb5c-f79627fc299e@group-C25BD028928E:t142, leader=null, voted=f5624850-682f-4ec5-bb5c-f79627fc299e, raftlog=f5624850-682f-4ec5-bb5c-f79627fc299e@group-C25BD028928E-SegmentedRaftLog:OPENED:c-1,f-1,i0, conf=-1: [f581660d-af3d-4f5f-b57d-f4cb54f048b9:192.168.164.239:42501, f5624850-682f-4ec5-bb5c-f79627fc299e:192.168.164.239:39499, 14091fe6-d183-4b46-be93-2ba964a39c73:192.168.164.239:34827], old=null
2019-10-15 16:29:53,350 [f5624850-682f-4ec5-bb5c-f79627fc299e@group-C25BD028928E-LeaderElection153] INFO  impl.LeaderElection (LogUtils.java:infoOrTrace(149)) -   Exception 0: {}
java.util.concurrent.ExecutionException: org.apache.ratis.thirdparty.io.grpc.StatusRuntimeException: UNAVAILABLE: io exception
	at java.util.concurrent.FutureTask.report(FutureTask.java:122)
	at java.util.concurrent.FutureTask.get(FutureTask.java:192)
	at org.apache.ratis.server.impl.LeaderElection.waitForResults(LeaderElection.java:259)
	at org.apache.ratis.server.impl.LeaderElection.askForVotes(LeaderElection.java:197)
	at org.apache.ratis.server.impl.LeaderElection.run(LeaderElection.java:133)
	at java.lang.Thread.run(Thread.java:748)
Caused by: org.apache.ratis.thirdparty.io.grpc.StatusRuntimeException: UNAVAILABLE: io exception
	at org.apache.ratis.thirdparty.io.grpc.stub.ClientCalls.toStatusRuntimeException(ClientCalls.java:233)
	at org.apache.ratis.thirdparty.io.grpc.stub.ClientCalls.getUnchecked(ClientCalls.java:214)
	at org.apache.ratis.thirdparty.io.grpc.stub.ClientCalls.blockingUnaryCall(ClientCalls.java:139)
	at org.apache.ratis.proto.grpc.RaftServerProtocolServiceGrpc$RaftServerProtocolServiceBlockingStub.requestVote(RaftServerProtocolServiceGrpc.java:265)
	at org.apache.ratis.grpc.server.GrpcServerProtocolClient.requestVote(GrpcServerProtocolClient.java:99)
	at org.apache.ratis.grpc.server.GrpcService.requestVote(GrpcService.java:204)
	at org.apache.ratis.server.impl.LeaderElection.lambda$submitRequests$1(LeaderElection.java:234)
	at java.util.concurrent.FutureTask.run(FutureTask.java:266)
	at java.util.concurrent.Executors$RunnableAdapter.call(Executors.java:511)
	at java.util.concurrent.FutureTask.run(FutureTask.java:266)
	at java.util.concurrent.ThreadPoolExecutor.runWorker(ThreadPoolExecutor.java:1149)
	at java.util.concurrent.ThreadPoolExecutor$Worker.run(ThreadPoolExecutor.java:624)
	... 1 more
Caused by: org.apache.ratis.thirdparty.io.netty.channel.AbstractChannel$AnnotatedConnectException: Connection refused: /192.168.164.239:42501
	at sun.nio.ch.SocketChannelImpl.checkConnect(Native Method)
	at sun.nio.ch.SocketChannelImpl.finishConnect(SocketChannelImpl.java:717)
	at org.apache.ratis.thirdparty.io.netty.channel.socket.nio.NioSocketChannel.doFinishConnect(NioSocketChannel.java:327)
	at org.apache.ratis.thirdparty.io.netty.channel.nio.AbstractNioChannel$AbstractNioUnsafe.finishConnect(AbstractNioChannel.java:340)
	at org.apache.ratis.thirdparty.io.netty.channel.nio.NioEventLoop.processSelectedKey(NioEventLoop.java:632)
	at org.apache.ratis.thirdparty.io.netty.channel.nio.NioEventLoop.processSelectedKeysOptimized(NioEventLoop.java:579)
	at org.apache.ratis.thirdparty.io.netty.channel.nio.NioEventLoop.processSelectedKeys(NioEventLoop.java:496)
	at org.apache.ratis.thirdparty.io.netty.channel.nio.NioEventLoop.run(NioEventLoop.java:458)
	at org.apache.ratis.thirdparty.io.netty.util.concurrent.SingleThreadEventExecutor$5.run(SingleThreadEventExecutor.java:897)
	at org.apache.ratis.thirdparty.io.netty.util.concurrent.FastThreadLocalRunnable.run(FastThreadLocalRunnable.java:30)
	... 1 more
Caused by: java.net.ConnectException: Connection refused
	... 11 more
2019-10-15 16:29:53,350 [f5624850-682f-4ec5-bb5c-f79627fc299e@group-C25BD028928E-LeaderElection153] INFO  impl.RaftServerImpl (RaftServerImpl.java:setRole(184)) - f5624850-682f-4ec5-bb5c-f79627fc299e@group-C25BD028928E: changes role from CANDIDATE to FOLLOWER at term 142 for DISCOVERED_A_NEW_TERM
2019-10-15 16:29:53,350 [f5624850-682f-4ec5-bb5c-f79627fc299e@group-C25BD028928E-LeaderElection153] INFO  impl.RoleInfo (RoleInfo.java:shutdownLeaderElection(134)) - f5624850-682f-4ec5-bb5c-f79627fc299e: shutdown LeaderElection
2019-10-15 16:29:53,350 [f5624850-682f-4ec5-bb5c-f79627fc299e@group-C25BD028928E-LeaderElection153] INFO  impl.RoleInfo (RoleInfo.java:updateAndGet(143)) - f5624850-682f-4ec5-bb5c-f79627fc299e: start FollowerState
2019-10-15 16:29:53,393 [Thread-1497] INFO  impl.FollowerState (FollowerState.java:run(108)) - f5624850-682f-4ec5-bb5c-f79627fc299e@group-C25BD028928E-FollowerState: change to CANDIDATE, lastRpcTime:42ms, electionTimeout:42ms
2019-10-15 16:29:53,393 [Thread-1497] INFO  impl.RoleInfo (RoleInfo.java:shutdownFollowerState(121)) - f5624850-682f-4ec5-bb5c-f79627fc299e: shutdown FollowerState
2019-10-15 16:29:53,393 [Thread-1497] INFO  impl.RaftServerImpl (RaftServerImpl.java:setRole(184)) - f5624850-682f-4ec5-bb5c-f79627fc299e@group-C25BD028928E: changes role from  FOLLOWER to CANDIDATE at term 142 for changeToCandidate
2019-10-15 16:29:53,393 [Thread-1497] INFO  impl.RoleInfo (RoleInfo.java:updateAndGet(143)) - f5624850-682f-4ec5-bb5c-f79627fc299e: start LeaderElection
2019-10-15 16:29:53,416 [f5624850-682f-4ec5-bb5c-f79627fc299e@group-C25BD028928E-LeaderElection154] INFO  impl.LeaderElection (LeaderElection.java:askForVotes(178)) - f5624850-682f-4ec5-bb5c-f79627fc299e@group-C25BD028928E-LeaderElection154: begin an election at term 143 for -1: [f581660d-af3d-4f5f-b57d-f4cb54f048b9:192.168.164.239:42501, f5624850-682f-4ec5-bb5c-f79627fc299e:192.168.164.239:39499, 14091fe6-d183-4b46-be93-2ba964a39c73:192.168.164.239:34827], old=null
2019-10-15 16:29:53,416 [f5624850-682f-4ec5-bb5c-f79627fc299e@group-C25BD028928E-LeaderElection154] INFO  impl.LeaderElection (LogUtils.java:infoOrTrace(149)) - f5624850-682f-4ec5-bb5c-f79627fc299e@group-C25BD028928E-LeaderElection154 got exception when requesting votes: {}
java.util.concurrent.ExecutionException: org.apache.ratis.thirdparty.io.grpc.StatusRuntimeException: UNAVAILABLE: io exception
	at java.util.concurrent.FutureTask.report(FutureTask.java:122)
	at java.util.concurrent.FutureTask.get(FutureTask.java:192)
	at org.apache.ratis.server.impl.LeaderElection.waitForResults(LeaderElection.java:259)
	at org.apache.ratis.server.impl.LeaderElection.askForVotes(LeaderElection.java:197)
	at org.apache.ratis.server.impl.LeaderElection.run(LeaderElection.java:133)
	at java.lang.Thread.run(Thread.java:748)
Caused by: org.apache.ratis.thirdparty.io.grpc.StatusRuntimeException: UNAVAILABLE: io exception
	at org.apache.ratis.thirdparty.io.grpc.stub.ClientCalls.toStatusRuntimeException(ClientCalls.java:233)
	at org.apache.ratis.thirdparty.io.grpc.stub.ClientCalls.getUnchecked(ClientCalls.java:214)
	at org.apache.ratis.thirdparty.io.grpc.stub.ClientCalls.blockingUnaryCall(ClientCalls.java:139)
	at org.apache.ratis.proto.grpc.RaftServerProtocolServiceGrpc$RaftServerProtocolServiceBlockingStub.requestVote(RaftServerProtocolServiceGrpc.java:265)
	at org.apache.ratis.grpc.server.GrpcServerProtocolClient.requestVote(GrpcServerProtocolClient.java:99)
	at org.apache.ratis.grpc.server.GrpcService.requestVote(GrpcService.java:204)
	at org.apache.ratis.server.impl.LeaderElection.lambda$submitRequests$1(LeaderElection.java:234)
	at java.util.concurrent.FutureTask.run(FutureTask.java:266)
	at java.util.concurrent.Executors$RunnableAdapter.call(Executors.java:511)
	at java.util.concurrent.FutureTask.run(FutureTask.java:266)
	at java.util.concurrent.ThreadPoolExecutor.runWorker(ThreadPoolExecutor.java:1149)
	at java.util.concurrent.ThreadPoolExecutor$Worker.run(ThreadPoolExecutor.java:624)
	... 1 more
Caused by: org.apache.ratis.thirdparty.io.netty.channel.AbstractChannel$AnnotatedConnectException: Connection refused: /192.168.164.239:42501
	at sun.nio.ch.SocketChannelImpl.checkConnect(Native Method)
	at sun.nio.ch.SocketChannelImpl.finishConnect(SocketChannelImpl.java:717)
	at org.apache.ratis.thirdparty.io.netty.channel.socket.nio.NioSocketChannel.doFinishConnect(NioSocketChannel.java:327)
	at org.apache.ratis.thirdparty.io.netty.channel.nio.AbstractNioChannel$AbstractNioUnsafe.finishConnect(AbstractNioChannel.java:340)
	at org.apache.ratis.thirdparty.io.netty.channel.nio.NioEventLoop.processSelectedKey(NioEventLoop.java:632)
	at org.apache.ratis.thirdparty.io.netty.channel.nio.NioEventLoop.processSelectedKeysOptimized(NioEventLoop.java:579)
	at org.apache.ratis.thirdparty.io.netty.channel.nio.NioEventLoop.processSelectedKeys(NioEventLoop.java:496)
	at org.apache.ratis.thirdparty.io.netty.channel.nio.NioEventLoop.run(NioEventLoop.java:458)
	at org.apache.ratis.thirdparty.io.netty.util.concurrent.SingleThreadEventExecutor$5.run(SingleThreadEventExecutor.java:897)
	at org.apache.ratis.thirdparty.io.netty.util.concurrent.FastThreadLocalRunnable.run(FastThreadLocalRunnable.java:30)
	... 1 more
Caused by: java.net.ConnectException: Connection refused
	... 11 more
2019-10-15 16:29:53,419 [grpc-default-executor-4] INFO  impl.RaftServerImpl (RaftServerImpl.java:setRole(184)) - 14091fe6-d183-4b46-be93-2ba964a39c73@group-C25BD028928E: changes role from  FOLLOWER to FOLLOWER at term 143 for recognizeCandidate:f5624850-682f-4ec5-bb5c-f79627fc299e
2019-10-15 16:29:53,420 [grpc-default-executor-4] INFO  impl.RoleInfo (RoleInfo.java:shutdownFollowerState(121)) - 14091fe6-d183-4b46-be93-2ba964a39c73: shutdown FollowerState
2019-10-15 16:29:53,420 [grpc-default-executor-4] INFO  impl.RoleInfo (RoleInfo.java:updateAndGet(143)) - 14091fe6-d183-4b46-be93-2ba964a39c73: start FollowerState
2019-10-15 16:29:53,420 [Thread-1496] INFO  impl.FollowerState (FollowerState.java:run(117)) - 14091fe6-d183-4b46-be93-2ba964a39c73@group-C25BD028928E-FollowerState was interrupted: java.lang.InterruptedException: sleep interrupted
2019-10-15 16:29:53,442 [f5624850-682f-4ec5-bb5c-f79627fc299e@group-C25BD028928E-LeaderElection154] INFO  impl.LeaderElection (LeaderElection.java:logAndReturn(56)) - f5624850-682f-4ec5-bb5c-f79627fc299e@group-C25BD028928E-LeaderElection154: Election REJECTED; received 1 response(s) [f5624850-682f-4ec5-bb5c-f79627fc299e<-14091fe6-d183-4b46-be93-2ba964a39c73#0:FAIL-t143] and 1 exception(s); f5624850-682f-4ec5-bb5c-f79627fc299e@group-C25BD028928E:t143, leader=null, voted=f5624850-682f-4ec5-bb5c-f79627fc299e, raftlog=f5624850-682f-4ec5-bb5c-f79627fc299e@group-C25BD028928E-SegmentedRaftLog:OPENED:c-1,f-1,i0, conf=-1: [f581660d-af3d-4f5f-b57d-f4cb54f048b9:192.168.164.239:42501, f5624850-682f-4ec5-bb5c-f79627fc299e:192.168.164.239:39499, 14091fe6-d183-4b46-be93-2ba964a39c73:192.168.164.239:34827], old=null
2019-10-15 16:29:53,442 [f5624850-682f-4ec5-bb5c-f79627fc299e@group-C25BD028928E-LeaderElection154] INFO  impl.LeaderElection (LogUtils.java:infoOrTrace(149)) -   Exception 0: {}
java.util.concurrent.ExecutionException: org.apache.ratis.thirdparty.io.grpc.StatusRuntimeException: UNAVAILABLE: io exception
	at java.util.concurrent.FutureTask.report(FutureTask.java:122)
	at java.util.concurrent.FutureTask.get(FutureTask.java:192)
	at org.apache.ratis.server.impl.LeaderElection.waitForResults(LeaderElection.java:259)
	at org.apache.ratis.server.impl.LeaderElection.askForVotes(LeaderElection.java:197)
	at org.apache.ratis.server.impl.LeaderElection.run(LeaderElection.java:133)
	at java.lang.Thread.run(Thread.java:748)
Caused by: org.apache.ratis.thirdparty.io.grpc.StatusRuntimeException: UNAVAILABLE: io exception
	at org.apache.ratis.thirdparty.io.grpc.stub.ClientCalls.toStatusRuntimeException(ClientCalls.java:233)
	at org.apache.ratis.thirdparty.io.grpc.stub.ClientCalls.getUnchecked(ClientCalls.java:214)
	at org.apache.ratis.thirdparty.io.grpc.stub.ClientCalls.blockingUnaryCall(ClientCalls.java:139)
	at org.apache.ratis.proto.grpc.RaftServerProtocolServiceGrpc$RaftServerProtocolServiceBlockingStub.requestVote(RaftServerProtocolServiceGrpc.java:265)
	at org.apache.ratis.grpc.server.GrpcServerProtocolClient.requestVote(GrpcServerProtocolClient.java:99)
	at org.apache.ratis.grpc.server.GrpcService.requestVote(GrpcService.java:204)
	at org.apache.ratis.server.impl.LeaderElection.lambda$submitRequests$1(LeaderElection.java:234)
	at java.util.concurrent.FutureTask.run(FutureTask.java:266)
	at java.util.concurrent.Executors$RunnableAdapter.call(Executors.java:511)
	at java.util.concurrent.FutureTask.run(FutureTask.java:266)
	at java.util.concurrent.ThreadPoolExecutor.runWorker(ThreadPoolExecutor.java:1149)
	at java.util.concurrent.ThreadPoolExecutor$Worker.run(ThreadPoolExecutor.java:624)
	... 1 more
Caused by: org.apache.ratis.thirdparty.io.netty.channel.AbstractChannel$AnnotatedConnectException: Connection refused: /192.168.164.239:42501
	at sun.nio.ch.SocketChannelImpl.checkConnect(Native Method)
	at sun.nio.ch.SocketChannelImpl.finishConnect(SocketChannelImpl.java:717)
	at org.apache.ratis.thirdparty.io.netty.channel.socket.nio.NioSocketChannel.doFinishConnect(NioSocketChannel.java:327)
	at org.apache.ratis.thirdparty.io.netty.channel.nio.AbstractNioChannel$AbstractNioUnsafe.finishConnect(AbstractNioChannel.java:340)
	at org.apache.ratis.thirdparty.io.netty.channel.nio.NioEventLoop.processSelectedKey(NioEventLoop.java:632)
	at org.apache.ratis.thirdparty.io.netty.channel.nio.NioEventLoop.processSelectedKeysOptimized(NioEventLoop.java:579)
	at org.apache.ratis.thirdparty.io.netty.channel.nio.NioEventLoop.processSelectedKeys(NioEventLoop.java:496)
	at org.apache.ratis.thirdparty.io.netty.channel.nio.NioEventLoop.run(NioEventLoop.java:458)
	at org.apache.ratis.thirdparty.io.netty.util.concurrent.SingleThreadEventExecutor$5.run(SingleThreadEventExecutor.java:897)
	at org.apache.ratis.thirdparty.io.netty.util.concurrent.FastThreadLocalRunnable.run(FastThreadLocalRunnable.java:30)
	... 1 more
Caused by: java.net.ConnectException: Connection refused
	... 11 more
2019-10-15 16:29:53,442 [f5624850-682f-4ec5-bb5c-f79627fc299e@group-C25BD028928E-LeaderElection154] INFO  impl.RaftServerImpl (RaftServerImpl.java:setRole(184)) - f5624850-682f-4ec5-bb5c-f79627fc299e@group-C25BD028928E: changes role from CANDIDATE to FOLLOWER at term 143 for DISCOVERED_A_NEW_TERM
2019-10-15 16:29:53,442 [f5624850-682f-4ec5-bb5c-f79627fc299e@group-C25BD028928E-LeaderElection154] INFO  impl.RoleInfo (RoleInfo.java:shutdownLeaderElection(134)) - f5624850-682f-4ec5-bb5c-f79627fc299e: shutdown LeaderElection
2019-10-15 16:29:53,443 [f5624850-682f-4ec5-bb5c-f79627fc299e@group-C25BD028928E-LeaderElection154] INFO  impl.RoleInfo (RoleInfo.java:updateAndGet(143)) - f5624850-682f-4ec5-bb5c-f79627fc299e: start FollowerState
2019-10-15 16:29:53,573 [java.util.concurrent.ThreadPoolExecutor$Worker@56768177[State = -1, empty queue]] WARN  server.GrpcLogAppender (GrpcLogAppender.java:timeoutAppendRequest(209)) - c48d8dfa-9e66-4eac-9ff2-02281a99dfa9@group-F2FE1ED60945->cccd55fe-f481-4e2b-93ed-b6a86d13c378-GrpcLogAppender: appendEntries Timeout, request=c48d8dfa-9e66-4eac-9ff2-02281a99dfa9->cccd55fe-f481-4e2b-93ed-b6a86d13c378#33-t5, previous=(t:5, i:0), leaderCommit=0, initializing? false, entries: <empty>
2019-10-15 16:29:53,584 [Thread-1502] INFO  impl.FollowerState (FollowerState.java:run(108)) - f5624850-682f-4ec5-bb5c-f79627fc299e@group-C25BD028928E-FollowerState: change to CANDIDATE, lastRpcTime:141ms, electionTimeout:141ms
2019-10-15 16:29:53,584 [Thread-1502] INFO  impl.RoleInfo (RoleInfo.java:shutdownFollowerState(121)) - f5624850-682f-4ec5-bb5c-f79627fc299e: shutdown FollowerState
2019-10-15 16:29:53,584 [Thread-1502] INFO  impl.RaftServerImpl (RaftServerImpl.java:setRole(184)) - f5624850-682f-4ec5-bb5c-f79627fc299e@group-C25BD028928E: changes role from  FOLLOWER to CANDIDATE at term 143 for changeToCandidate
2019-10-15 16:29:53,593 [Thread-1502] INFO  impl.RoleInfo (RoleInfo.java:updateAndGet(143)) - f5624850-682f-4ec5-bb5c-f79627fc299e: start LeaderElection
2019-10-15 16:29:53,616 [f5624850-682f-4ec5-bb5c-f79627fc299e@group-C25BD028928E-LeaderElection155] INFO  impl.LeaderElection (LeaderElection.java:askForVotes(178)) - f5624850-682f-4ec5-bb5c-f79627fc299e@group-C25BD028928E-LeaderElection155: begin an election at term 144 for -1: [f581660d-af3d-4f5f-b57d-f4cb54f048b9:192.168.164.239:42501, f5624850-682f-4ec5-bb5c-f79627fc299e:192.168.164.239:39499, 14091fe6-d183-4b46-be93-2ba964a39c73:192.168.164.239:34827], old=null
2019-10-15 16:29:53,618 [f5624850-682f-4ec5-bb5c-f79627fc299e@group-C25BD028928E-LeaderElection155] INFO  impl.LeaderElection (LogUtils.java:infoOrTrace(149)) - f5624850-682f-4ec5-bb5c-f79627fc299e@group-C25BD028928E-LeaderElection155 got exception when requesting votes: {}
java.util.concurrent.ExecutionException: org.apache.ratis.thirdparty.io.grpc.StatusRuntimeException: UNAVAILABLE: io exception
	at java.util.concurrent.FutureTask.report(FutureTask.java:122)
	at java.util.concurrent.FutureTask.get(FutureTask.java:192)
	at org.apache.ratis.server.impl.LeaderElection.waitForResults(LeaderElection.java:259)
	at org.apache.ratis.server.impl.LeaderElection.askForVotes(LeaderElection.java:197)
	at org.apache.ratis.server.impl.LeaderElection.run(LeaderElection.java:133)
	at java.lang.Thread.run(Thread.java:748)
Caused by: org.apache.ratis.thirdparty.io.grpc.StatusRuntimeException: UNAVAILABLE: io exception
	at org.apache.ratis.thirdparty.io.grpc.stub.ClientCalls.toStatusRuntimeException(ClientCalls.java:233)
	at org.apache.ratis.thirdparty.io.grpc.stub.ClientCalls.getUnchecked(ClientCalls.java:214)
	at org.apache.ratis.thirdparty.io.grpc.stub.ClientCalls.blockingUnaryCall(ClientCalls.java:139)
	at org.apache.ratis.proto.grpc.RaftServerProtocolServiceGrpc$RaftServerProtocolServiceBlockingStub.requestVote(RaftServerProtocolServiceGrpc.java:265)
	at org.apache.ratis.grpc.server.GrpcServerProtocolClient.requestVote(GrpcServerProtocolClient.java:99)
	at org.apache.ratis.grpc.server.GrpcService.requestVote(GrpcService.java:204)
	at org.apache.ratis.server.impl.LeaderElection.lambda$submitRequests$1(LeaderElection.java:234)
	at java.util.concurrent.FutureTask.run(FutureTask.java:266)
	at java.util.concurrent.Executors$RunnableAdapter.call(Executors.java:511)
	at java.util.concurrent.FutureTask.run(FutureTask.java:266)
	at java.util.concurrent.ThreadPoolExecutor.runWorker(ThreadPoolExecutor.java:1149)
	at java.util.concurrent.ThreadPoolExecutor$Worker.run(ThreadPoolExecutor.java:624)
	... 1 more
Caused by: org.apache.ratis.thirdparty.io.netty.channel.AbstractChannel$AnnotatedConnectException: Connection refused: /192.168.164.239:42501
	at sun.nio.ch.SocketChannelImpl.checkConnect(Native Method)
	at sun.nio.ch.SocketChannelImpl.finishConnect(SocketChannelImpl.java:717)
	at org.apache.ratis.thirdparty.io.netty.channel.socket.nio.NioSocketChannel.doFinishConnect(NioSocketChannel.java:327)
	at org.apache.ratis.thirdparty.io.netty.channel.nio.AbstractNioChannel$AbstractNioUnsafe.finishConnect(AbstractNioChannel.java:340)
	at org.apache.ratis.thirdparty.io.netty.channel.nio.NioEventLoop.processSelectedKey(NioEventLoop.java:632)
	at org.apache.ratis.thirdparty.io.netty.channel.nio.NioEventLoop.processSelectedKeysOptimized(NioEventLoop.java:579)
	at org.apache.ratis.thirdparty.io.netty.channel.nio.NioEventLoop.processSelectedKeys(NioEventLoop.java:496)
	at org.apache.ratis.thirdparty.io.netty.channel.nio.NioEventLoop.run(NioEventLoop.java:458)
	at org.apache.ratis.thirdparty.io.netty.util.concurrent.SingleThreadEventExecutor$5.run(SingleThreadEventExecutor.java:897)
	at org.apache.ratis.thirdparty.io.netty.util.concurrent.FastThreadLocalRunnable.run(FastThreadLocalRunnable.java:30)
	... 1 more
Caused by: java.net.ConnectException: Connection refused
	... 11 more
2019-10-15 16:29:53,621 [grpc-default-executor-4] INFO  impl.RaftServerImpl (RaftServerImpl.java:setRole(184)) - 14091fe6-d183-4b46-be93-2ba964a39c73@group-C25BD028928E: changes role from  FOLLOWER to FOLLOWER at term 144 for recognizeCandidate:f5624850-682f-4ec5-bb5c-f79627fc299e
2019-10-15 16:29:53,621 [grpc-default-executor-4] INFO  impl.RoleInfo (RoleInfo.java:shutdownFollowerState(121)) - 14091fe6-d183-4b46-be93-2ba964a39c73: shutdown FollowerState
2019-10-15 16:29:53,621 [grpc-default-executor-4] INFO  impl.RoleInfo (RoleInfo.java:updateAndGet(143)) - 14091fe6-d183-4b46-be93-2ba964a39c73: start FollowerState
2019-10-15 16:29:53,621 [Thread-1501] INFO  impl.FollowerState (FollowerState.java:run(117)) - 14091fe6-d183-4b46-be93-2ba964a39c73@group-C25BD028928E-FollowerState was interrupted: java.lang.InterruptedException: sleep interrupted
2019-10-15 16:29:53,641 [f5624850-682f-4ec5-bb5c-f79627fc299e@group-C25BD028928E-LeaderElection155] INFO  impl.LeaderElection (LeaderElection.java:logAndReturn(56)) - f5624850-682f-4ec5-bb5c-f79627fc299e@group-C25BD028928E-LeaderElection155: Election TIMEOUT; received 0 response(s) [] and 1 exception(s); f5624850-682f-4ec5-bb5c-f79627fc299e@group-C25BD028928E:t144, leader=null, voted=f5624850-682f-4ec5-bb5c-f79627fc299e, raftlog=f5624850-682f-4ec5-bb5c-f79627fc299e@group-C25BD028928E-SegmentedRaftLog:OPENED:c-1,f-1,i0, conf=-1: [f581660d-af3d-4f5f-b57d-f4cb54f048b9:192.168.164.239:42501, f5624850-682f-4ec5-bb5c-f79627fc299e:192.168.164.239:39499, 14091fe6-d183-4b46-be93-2ba964a39c73:192.168.164.239:34827], old=null
2019-10-15 16:29:53,641 [f5624850-682f-4ec5-bb5c-f79627fc299e@group-C25BD028928E-LeaderElection155] INFO  impl.LeaderElection (LogUtils.java:infoOrTrace(149)) -   Exception 0: {}
java.util.concurrent.ExecutionException: org.apache.ratis.thirdparty.io.grpc.StatusRuntimeException: UNAVAILABLE: io exception
	at java.util.concurrent.FutureTask.report(FutureTask.java:122)
	at java.util.concurrent.FutureTask.get(FutureTask.java:192)
	at org.apache.ratis.server.impl.LeaderElection.waitForResults(LeaderElection.java:259)
	at org.apache.ratis.server.impl.LeaderElection.askForVotes(LeaderElection.java:197)
	at org.apache.ratis.server.impl.LeaderElection.run(LeaderElection.java:133)
	at java.lang.Thread.run(Thread.java:748)
Caused by: org.apache.ratis.thirdparty.io.grpc.StatusRuntimeException: UNAVAILABLE: io exception
	at org.apache.ratis.thirdparty.io.grpc.stub.ClientCalls.toStatusRuntimeException(ClientCalls.java:233)
	at org.apache.ratis.thirdparty.io.grpc.stub.ClientCalls.getUnchecked(ClientCalls.java:214)
	at org.apache.ratis.thirdparty.io.grpc.stub.ClientCalls.blockingUnaryCall(ClientCalls.java:139)
	at org.apache.ratis.proto.grpc.RaftServerProtocolServiceGrpc$RaftServerProtocolServiceBlockingStub.requestVote(RaftServerProtocolServiceGrpc.java:265)
	at org.apache.ratis.grpc.server.GrpcServerProtocolClient.requestVote(GrpcServerProtocolClient.java:99)
	at org.apache.ratis.grpc.server.GrpcService.requestVote(GrpcService.java:204)
	at org.apache.ratis.server.impl.LeaderElection.lambda$submitRequests$1(LeaderElection.java:234)
	at java.util.concurrent.FutureTask.run(FutureTask.java:266)
	at java.util.concurrent.Executors$RunnableAdapter.call(Executors.java:511)
	at java.util.concurrent.FutureTask.run(FutureTask.java:266)
	at java.util.concurrent.ThreadPoolExecutor.runWorker(ThreadPoolExecutor.java:1149)
	at java.util.concurrent.ThreadPoolExecutor$Worker.run(ThreadPoolExecutor.java:624)
	... 1 more
Caused by: org.apache.ratis.thirdparty.io.netty.channel.AbstractChannel$AnnotatedConnectException: Connection refused: /192.168.164.239:42501
	at sun.nio.ch.SocketChannelImpl.checkConnect(Native Method)
	at sun.nio.ch.SocketChannelImpl.finishConnect(SocketChannelImpl.java:717)
	at org.apache.ratis.thirdparty.io.netty.channel.socket.nio.NioSocketChannel.doFinishConnect(NioSocketChannel.java:327)
	at org.apache.ratis.thirdparty.io.netty.channel.nio.AbstractNioChannel$AbstractNioUnsafe.finishConnect(AbstractNioChannel.java:340)
	at org.apache.ratis.thirdparty.io.netty.channel.nio.NioEventLoop.processSelectedKey(NioEventLoop.java:632)
	at org.apache.ratis.thirdparty.io.netty.channel.nio.NioEventLoop.processSelectedKeysOptimized(NioEventLoop.java:579)
	at org.apache.ratis.thirdparty.io.netty.channel.nio.NioEventLoop.processSelectedKeys(NioEventLoop.java:496)
	at org.apache.ratis.thirdparty.io.netty.channel.nio.NioEventLoop.run(NioEventLoop.java:458)
	at org.apache.ratis.thirdparty.io.netty.util.concurrent.SingleThreadEventExecutor$5.run(SingleThreadEventExecutor.java:897)
	at org.apache.ratis.thirdparty.io.netty.util.concurrent.FastThreadLocalRunnable.run(FastThreadLocalRunnable.java:30)
	... 1 more
Caused by: java.net.ConnectException: Connection refused
	... 11 more
2019-10-15 16:29:53,667 [f5624850-682f-4ec5-bb5c-f79627fc299e@group-C25BD028928E-LeaderElection155] INFO  impl.LeaderElection (LeaderElection.java:askForVotes(178)) - f5624850-682f-4ec5-bb5c-f79627fc299e@group-C25BD028928E-LeaderElection155: begin an election at term 145 for -1: [f581660d-af3d-4f5f-b57d-f4cb54f048b9:192.168.164.239:42501, f5624850-682f-4ec5-bb5c-f79627fc299e:192.168.164.239:39499, 14091fe6-d183-4b46-be93-2ba964a39c73:192.168.164.239:34827], old=null
2019-10-15 16:29:53,676 [f5624850-682f-4ec5-bb5c-f79627fc299e@group-C25BD028928E-LeaderElection155] INFO  impl.LeaderElection (LogUtils.java:infoOrTrace(149)) - f5624850-682f-4ec5-bb5c-f79627fc299e@group-C25BD028928E-LeaderElection155 got exception when requesting votes: {}
java.util.concurrent.ExecutionException: org.apache.ratis.thirdparty.io.grpc.StatusRuntimeException: UNAVAILABLE: io exception
	at java.util.concurrent.FutureTask.report(FutureTask.java:122)
	at java.util.concurrent.FutureTask.get(FutureTask.java:192)
	at org.apache.ratis.server.impl.LeaderElection.waitForResults(LeaderElection.java:259)
	at org.apache.ratis.server.impl.LeaderElection.askForVotes(LeaderElection.java:197)
	at org.apache.ratis.server.impl.LeaderElection.run(LeaderElection.java:133)
	at java.lang.Thread.run(Thread.java:748)
Caused by: org.apache.ratis.thirdparty.io.grpc.StatusRuntimeException: UNAVAILABLE: io exception
	at org.apache.ratis.thirdparty.io.grpc.stub.ClientCalls.toStatusRuntimeException(ClientCalls.java:233)
	at org.apache.ratis.thirdparty.io.grpc.stub.ClientCalls.getUnchecked(ClientCalls.java:214)
	at org.apache.ratis.thirdparty.io.grpc.stub.ClientCalls.blockingUnaryCall(ClientCalls.java:139)
	at org.apache.ratis.proto.grpc.RaftServerProtocolServiceGrpc$RaftServerProtocolServiceBlockingStub.requestVote(RaftServerProtocolServiceGrpc.java:265)
	at org.apache.ratis.grpc.server.GrpcServerProtocolClient.requestVote(GrpcServerProtocolClient.java:99)
	at org.apache.ratis.grpc.server.GrpcService.requestVote(GrpcService.java:204)
	at org.apache.ratis.server.impl.LeaderElection.lambda$submitRequests$1(LeaderElection.java:234)
	at java.util.concurrent.FutureTask.run(FutureTask.java:266)
	at java.util.concurrent.Executors$RunnableAdapter.call(Executors.java:511)
	at java.util.concurrent.FutureTask.run(FutureTask.java:266)
	at java.util.concurrent.ThreadPoolExecutor.runWorker(ThreadPoolExecutor.java:1149)
	at java.util.concurrent.ThreadPoolExecutor$Worker.run(ThreadPoolExecutor.java:624)
	... 1 more
Caused by: org.apache.ratis.thirdparty.io.netty.channel.AbstractChannel$AnnotatedConnectException: Connection refused: /192.168.164.239:42501
	at sun.nio.ch.SocketChannelImpl.checkConnect(Native Method)
	at sun.nio.ch.SocketChannelImpl.finishConnect(SocketChannelImpl.java:717)
	at org.apache.ratis.thirdparty.io.netty.channel.socket.nio.NioSocketChannel.doFinishConnect(NioSocketChannel.java:327)
	at org.apache.ratis.thirdparty.io.netty.channel.nio.AbstractNioChannel$AbstractNioUnsafe.finishConnect(AbstractNioChannel.java:340)
	at org.apache.ratis.thirdparty.io.netty.channel.nio.NioEventLoop.processSelectedKey(NioEventLoop.java:632)
	at org.apache.ratis.thirdparty.io.netty.channel.nio.NioEventLoop.processSelectedKeysOptimized(NioEventLoop.java:579)
	at org.apache.ratis.thirdparty.io.netty.channel.nio.NioEventLoop.processSelectedKeys(NioEventLoop.java:496)
	at org.apache.ratis.thirdparty.io.netty.channel.nio.NioEventLoop.run(NioEventLoop.java:458)
	at org.apache.ratis.thirdparty.io.netty.util.concurrent.SingleThreadEventExecutor$5.run(SingleThreadEventExecutor.java:897)
	at org.apache.ratis.thirdparty.io.netty.util.concurrent.FastThreadLocalRunnable.run(FastThreadLocalRunnable.java:30)
	... 1 more
Caused by: java.net.ConnectException: Connection refused
	... 11 more
2019-10-15 16:29:53,679 [grpc-default-executor-4] INFO  impl.RaftServerImpl (RaftServerImpl.java:setRole(184)) - 14091fe6-d183-4b46-be93-2ba964a39c73@group-C25BD028928E: changes role from  FOLLOWER to FOLLOWER at term 145 for recognizeCandidate:f5624850-682f-4ec5-bb5c-f79627fc299e
2019-10-15 16:29:53,679 [grpc-default-executor-4] INFO  impl.RoleInfo (RoleInfo.java:shutdownFollowerState(121)) - 14091fe6-d183-4b46-be93-2ba964a39c73: shutdown FollowerState
2019-10-15 16:29:53,679 [grpc-default-executor-4] INFO  impl.RoleInfo (RoleInfo.java:updateAndGet(143)) - 14091fe6-d183-4b46-be93-2ba964a39c73: start FollowerState
2019-10-15 16:29:53,679 [Thread-1507] INFO  impl.FollowerState (FollowerState.java:run(117)) - 14091fe6-d183-4b46-be93-2ba964a39c73@group-C25BD028928E-FollowerState was interrupted: java.lang.InterruptedException: sleep interrupted
2019-10-15 16:29:53,701 [f5624850-682f-4ec5-bb5c-f79627fc299e@group-C25BD028928E-LeaderElection155] INFO  impl.LeaderElection (LeaderElection.java:logAndReturn(56)) - f5624850-682f-4ec5-bb5c-f79627fc299e@group-C25BD028928E-LeaderElection155: Election REJECTED; received 1 response(s) [f5624850-682f-4ec5-bb5c-f79627fc299e<-14091fe6-d183-4b46-be93-2ba964a39c73#0:FAIL-t145] and 1 exception(s); f5624850-682f-4ec5-bb5c-f79627fc299e@group-C25BD028928E:t145, leader=null, voted=f5624850-682f-4ec5-bb5c-f79627fc299e, raftlog=f5624850-682f-4ec5-bb5c-f79627fc299e@group-C25BD028928E-SegmentedRaftLog:OPENED:c-1,f-1,i0, conf=-1: [f581660d-af3d-4f5f-b57d-f4cb54f048b9:192.168.164.239:42501, f5624850-682f-4ec5-bb5c-f79627fc299e:192.168.164.239:39499, 14091fe6-d183-4b46-be93-2ba964a39c73:192.168.164.239:34827], old=null
2019-10-15 16:29:53,701 [f5624850-682f-4ec5-bb5c-f79627fc299e@group-C25BD028928E-LeaderElection155] INFO  impl.LeaderElection (LogUtils.java:infoOrTrace(149)) -   Exception 0: {}
java.util.concurrent.ExecutionException: org.apache.ratis.thirdparty.io.grpc.StatusRuntimeException: UNAVAILABLE: io exception
	at java.util.concurrent.FutureTask.report(FutureTask.java:122)
	at java.util.concurrent.FutureTask.get(FutureTask.java:192)
	at org.apache.ratis.server.impl.LeaderElection.waitForResults(LeaderElection.java:259)
	at org.apache.ratis.server.impl.LeaderElection.askForVotes(LeaderElection.java:197)
	at org.apache.ratis.server.impl.LeaderElection.run(LeaderElection.java:133)
	at java.lang.Thread.run(Thread.java:748)
Caused by: org.apache.ratis.thirdparty.io.grpc.StatusRuntimeException: UNAVAILABLE: io exception
	at org.apache.ratis.thirdparty.io.grpc.stub.ClientCalls.toStatusRuntimeException(ClientCalls.java:233)
	at org.apache.ratis.thirdparty.io.grpc.stub.ClientCalls.getUnchecked(ClientCalls.java:214)
	at org.apache.ratis.thirdparty.io.grpc.stub.ClientCalls.blockingUnaryCall(ClientCalls.java:139)
	at org.apache.ratis.proto.grpc.RaftServerProtocolServiceGrpc$RaftServerProtocolServiceBlockingStub.requestVote(RaftServerProtocolServiceGrpc.java:265)
	at org.apache.ratis.grpc.server.GrpcServerProtocolClient.requestVote(GrpcServerProtocolClient.java:99)
	at org.apache.ratis.grpc.server.GrpcService.requestVote(GrpcService.java:204)
	at org.apache.ratis.server.impl.LeaderElection.lambda$submitRequests$1(LeaderElection.java:234)
	at java.util.concurrent.FutureTask.run(FutureTask.java:266)
	at java.util.concurrent.Executors$RunnableAdapter.call(Executors.java:511)
	at java.util.concurrent.FutureTask.run(FutureTask.java:266)
	at java.util.concurrent.ThreadPoolExecutor.runWorker(ThreadPoolExecutor.java:1149)
	at java.util.concurrent.ThreadPoolExecutor$Worker.run(ThreadPoolExecutor.java:624)
	... 1 more
Caused by: org.apache.ratis.thirdparty.io.netty.channel.AbstractChannel$AnnotatedConnectException: Connection refused: /192.168.164.239:42501
	at sun.nio.ch.SocketChannelImpl.checkConnect(Native Method)
	at sun.nio.ch.SocketChannelImpl.finishConnect(SocketChannelImpl.java:717)
	at org.apache.ratis.thirdparty.io.netty.channel.socket.nio.NioSocketChannel.doFinishConnect(NioSocketChannel.java:327)
	at org.apache.ratis.thirdparty.io.netty.channel.nio.AbstractNioChannel$AbstractNioUnsafe.finishConnect(AbstractNioChannel.java:340)
	at org.apache.ratis.thirdparty.io.netty.channel.nio.NioEventLoop.processSelectedKey(NioEventLoop.java:632)
	at org.apache.ratis.thirdparty.io.netty.channel.nio.NioEventLoop.processSelectedKeysOptimized(NioEventLoop.java:579)
	at org.apache.ratis.thirdparty.io.netty.channel.nio.NioEventLoop.processSelectedKeys(NioEventLoop.java:496)
	at org.apache.ratis.thirdparty.io.netty.channel.nio.NioEventLoop.run(NioEventLoop.java:458)
	at org.apache.ratis.thirdparty.io.netty.util.concurrent.SingleThreadEventExecutor$5.run(SingleThreadEventExecutor.java:897)
	at org.apache.ratis.thirdparty.io.netty.util.concurrent.FastThreadLocalRunnable.run(FastThreadLocalRunnable.java:30)
	... 1 more
Caused by: java.net.ConnectException: Connection refused
	... 11 more
2019-10-15 16:29:53,701 [f5624850-682f-4ec5-bb5c-f79627fc299e@group-C25BD028928E-LeaderElection155] INFO  impl.RaftServerImpl (RaftServerImpl.java:setRole(184)) - f5624850-682f-4ec5-bb5c-f79627fc299e@group-C25BD028928E: changes role from CANDIDATE to FOLLOWER at term 145 for DISCOVERED_A_NEW_TERM
2019-10-15 16:29:53,702 [f5624850-682f-4ec5-bb5c-f79627fc299e@group-C25BD028928E-LeaderElection155] INFO  impl.RoleInfo (RoleInfo.java:shutdownLeaderElection(134)) - f5624850-682f-4ec5-bb5c-f79627fc299e: shutdown LeaderElection
2019-10-15 16:29:53,702 [f5624850-682f-4ec5-bb5c-f79627fc299e@group-C25BD028928E-LeaderElection155] INFO  impl.RoleInfo (RoleInfo.java:updateAndGet(143)) - f5624850-682f-4ec5-bb5c-f79627fc299e: start FollowerState
2019-10-15 16:29:53,779 [Thread-1513] INFO  impl.FollowerState (FollowerState.java:run(108)) - f5624850-682f-4ec5-bb5c-f79627fc299e@group-C25BD028928E-FollowerState: change to CANDIDATE, lastRpcTime:77ms, electionTimeout:77ms
2019-10-15 16:29:53,779 [Thread-1513] INFO  impl.RoleInfo (RoleInfo.java:shutdownFollowerState(121)) - f5624850-682f-4ec5-bb5c-f79627fc299e: shutdown FollowerState
2019-10-15 16:29:53,780 [Thread-1513] INFO  impl.RaftServerImpl (RaftServerImpl.java:setRole(184)) - f5624850-682f-4ec5-bb5c-f79627fc299e@group-C25BD028928E: changes role from  FOLLOWER to CANDIDATE at term 145 for changeToCandidate
2019-10-15 16:29:53,780 [Thread-1513] INFO  impl.RoleInfo (RoleInfo.java:updateAndGet(143)) - f5624850-682f-4ec5-bb5c-f79627fc299e: start LeaderElection
2019-10-15 16:29:53,809 [f5624850-682f-4ec5-bb5c-f79627fc299e@group-C25BD028928E-LeaderElection156] INFO  impl.LeaderElection (LeaderElection.java:askForVotes(178)) - f5624850-682f-4ec5-bb5c-f79627fc299e@group-C25BD028928E-LeaderElection156: begin an election at term 146 for -1: [f581660d-af3d-4f5f-b57d-f4cb54f048b9:192.168.164.239:42501, f5624850-682f-4ec5-bb5c-f79627fc299e:192.168.164.239:39499, 14091fe6-d183-4b46-be93-2ba964a39c73:192.168.164.239:34827], old=null
2019-10-15 16:29:53,810 [f5624850-682f-4ec5-bb5c-f79627fc299e@group-C25BD028928E-LeaderElection156] INFO  impl.LeaderElection (LogUtils.java:infoOrTrace(149)) - f5624850-682f-4ec5-bb5c-f79627fc299e@group-C25BD028928E-LeaderElection156 got exception when requesting votes: {}
java.util.concurrent.ExecutionException: org.apache.ratis.thirdparty.io.grpc.StatusRuntimeException: UNAVAILABLE: io exception
	at java.util.concurrent.FutureTask.report(FutureTask.java:122)
	at java.util.concurrent.FutureTask.get(FutureTask.java:192)
	at org.apache.ratis.server.impl.LeaderElection.waitForResults(LeaderElection.java:259)
	at org.apache.ratis.server.impl.LeaderElection.askForVotes(LeaderElection.java:197)
	at org.apache.ratis.server.impl.LeaderElection.run(LeaderElection.java:133)
	at java.lang.Thread.run(Thread.java:748)
Caused by: org.apache.ratis.thirdparty.io.grpc.StatusRuntimeException: UNAVAILABLE: io exception
	at org.apache.ratis.thirdparty.io.grpc.stub.ClientCalls.toStatusRuntimeException(ClientCalls.java:233)
	at org.apache.ratis.thirdparty.io.grpc.stub.ClientCalls.getUnchecked(ClientCalls.java:214)
	at org.apache.ratis.thirdparty.io.grpc.stub.ClientCalls.blockingUnaryCall(ClientCalls.java:139)
	at org.apache.ratis.proto.grpc.RaftServerProtocolServiceGrpc$RaftServerProtocolServiceBlockingStub.requestVote(RaftServerProtocolServiceGrpc.java:265)
	at org.apache.ratis.grpc.server.GrpcServerProtocolClient.requestVote(GrpcServerProtocolClient.java:99)
	at org.apache.ratis.grpc.server.GrpcService.requestVote(GrpcService.java:204)
	at org.apache.ratis.server.impl.LeaderElection.lambda$submitRequests$1(LeaderElection.java:234)
	at java.util.concurrent.FutureTask.run(FutureTask.java:266)
	at java.util.concurrent.Executors$RunnableAdapter.call(Executors.java:511)
	at java.util.concurrent.FutureTask.run(FutureTask.java:266)
	at java.util.concurrent.ThreadPoolExecutor.runWorker(ThreadPoolExecutor.java:1149)
	at java.util.concurrent.ThreadPoolExecutor$Worker.run(ThreadPoolExecutor.java:624)
	... 1 more
Caused by: org.apache.ratis.thirdparty.io.netty.channel.AbstractChannel$AnnotatedConnectException: Connection refused: /192.168.164.239:42501
	at sun.nio.ch.SocketChannelImpl.checkConnect(Native Method)
	at sun.nio.ch.SocketChannelImpl.finishConnect(SocketChannelImpl.java:717)
	at org.apache.ratis.thirdparty.io.netty.channel.socket.nio.NioSocketChannel.doFinishConnect(NioSocketChannel.java:327)
	at org.apache.ratis.thirdparty.io.netty.channel.nio.AbstractNioChannel$AbstractNioUnsafe.finishConnect(AbstractNioChannel.java:340)
	at org.apache.ratis.thirdparty.io.netty.channel.nio.NioEventLoop.processSelectedKey(NioEventLoop.java:632)
	at org.apache.ratis.thirdparty.io.netty.channel.nio.NioEventLoop.processSelectedKeysOptimized(NioEventLoop.java:579)
	at org.apache.ratis.thirdparty.io.netty.channel.nio.NioEventLoop.processSelectedKeys(NioEventLoop.java:496)
	at org.apache.ratis.thirdparty.io.netty.channel.nio.NioEventLoop.run(NioEventLoop.java:458)
	at org.apache.ratis.thirdparty.io.netty.util.concurrent.SingleThreadEventExecutor$5.run(SingleThreadEventExecutor.java:897)
	at org.apache.ratis.thirdparty.io.netty.util.concurrent.FastThreadLocalRunnable.run(FastThreadLocalRunnable.java:30)
	... 1 more
Caused by: java.net.ConnectException: Connection refused
	... 11 more
2019-10-15 16:29:53,814 [grpc-default-executor-4] INFO  impl.RaftServerImpl (RaftServerImpl.java:setRole(184)) - 14091fe6-d183-4b46-be93-2ba964a39c73@group-C25BD028928E: changes role from  FOLLOWER to FOLLOWER at term 146 for recognizeCandidate:f5624850-682f-4ec5-bb5c-f79627fc299e
2019-10-15 16:29:53,814 [grpc-default-executor-4] INFO  impl.RoleInfo (RoleInfo.java:shutdownFollowerState(121)) - 14091fe6-d183-4b46-be93-2ba964a39c73: shutdown FollowerState
2019-10-15 16:29:53,814 [grpc-default-executor-4] INFO  impl.RoleInfo (RoleInfo.java:updateAndGet(143)) - 14091fe6-d183-4b46-be93-2ba964a39c73: start FollowerState
2019-10-15 16:29:53,814 [Thread-1512] INFO  impl.FollowerState (FollowerState.java:run(117)) - 14091fe6-d183-4b46-be93-2ba964a39c73@group-C25BD028928E-FollowerState was interrupted: java.lang.InterruptedException: sleep interrupted
2019-10-15 16:29:53,844 [f5624850-682f-4ec5-bb5c-f79627fc299e@group-C25BD028928E-LeaderElection156] INFO  impl.LeaderElection (LeaderElection.java:logAndReturn(56)) - f5624850-682f-4ec5-bb5c-f79627fc299e@group-C25BD028928E-LeaderElection156: Election REJECTED; received 1 response(s) [f5624850-682f-4ec5-bb5c-f79627fc299e<-14091fe6-d183-4b46-be93-2ba964a39c73#0:FAIL-t146] and 1 exception(s); f5624850-682f-4ec5-bb5c-f79627fc299e@group-C25BD028928E:t146, leader=null, voted=f5624850-682f-4ec5-bb5c-f79627fc299e, raftlog=f5624850-682f-4ec5-bb5c-f79627fc299e@group-C25BD028928E-SegmentedRaftLog:OPENED:c-1,f-1,i0, conf=-1: [f581660d-af3d-4f5f-b57d-f4cb54f048b9:192.168.164.239:42501, f5624850-682f-4ec5-bb5c-f79627fc299e:192.168.164.239:39499, 14091fe6-d183-4b46-be93-2ba964a39c73:192.168.164.239:34827], old=null
2019-10-15 16:29:53,844 [f5624850-682f-4ec5-bb5c-f79627fc299e@group-C25BD028928E-LeaderElection156] INFO  impl.LeaderElection (LogUtils.java:infoOrTrace(149)) -   Exception 0: {}
java.util.concurrent.ExecutionException: org.apache.ratis.thirdparty.io.grpc.StatusRuntimeException: UNAVAILABLE: io exception
	at java.util.concurrent.FutureTask.report(FutureTask.java:122)
	at java.util.concurrent.FutureTask.get(FutureTask.java:192)
	at org.apache.ratis.server.impl.LeaderElection.waitForResults(LeaderElection.java:259)
	at org.apache.ratis.server.impl.LeaderElection.askForVotes(LeaderElection.java:197)
	at org.apache.ratis.server.impl.LeaderElection.run(LeaderElection.java:133)
	at java.lang.Thread.run(Thread.java:748)
Caused by: org.apache.ratis.thirdparty.io.grpc.StatusRuntimeException: UNAVAILABLE: io exception
	at org.apache.ratis.thirdparty.io.grpc.stub.ClientCalls.toStatusRuntimeException(ClientCalls.java:233)
	at org.apache.ratis.thirdparty.io.grpc.stub.ClientCalls.getUnchecked(ClientCalls.java:214)
	at org.apache.ratis.thirdparty.io.grpc.stub.ClientCalls.blockingUnaryCall(ClientCalls.java:139)
	at org.apache.ratis.proto.grpc.RaftServerProtocolServiceGrpc$RaftServerProtocolServiceBlockingStub.requestVote(RaftServerProtocolServiceGrpc.java:265)
	at org.apache.ratis.grpc.server.GrpcServerProtocolClient.requestVote(GrpcServerProtocolClient.java:99)
	at org.apache.ratis.grpc.server.GrpcService.requestVote(GrpcService.java:204)
	at org.apache.ratis.server.impl.LeaderElection.lambda$submitRequests$1(LeaderElection.java:234)
	at java.util.concurrent.FutureTask.run(FutureTask.java:266)
	at java.util.concurrent.Executors$RunnableAdapter.call(Executors.java:511)
	at java.util.concurrent.FutureTask.run(FutureTask.java:266)
	at java.util.concurrent.ThreadPoolExecutor.runWorker(ThreadPoolExecutor.java:1149)
	at java.util.concurrent.ThreadPoolExecutor$Worker.run(ThreadPoolExecutor.java:624)
	... 1 more
Caused by: org.apache.ratis.thirdparty.io.netty.channel.AbstractChannel$AnnotatedConnectException: Connection refused: /192.168.164.239:42501
	at sun.nio.ch.SocketChannelImpl.checkConnect(Native Method)
	at sun.nio.ch.SocketChannelImpl.finishConnect(SocketChannelImpl.java:717)
	at org.apache.ratis.thirdparty.io.netty.channel.socket.nio.NioSocketChannel.doFinishConnect(NioSocketChannel.java:327)
	at org.apache.ratis.thirdparty.io.netty.channel.nio.AbstractNioChannel$AbstractNioUnsafe.finishConnect(AbstractNioChannel.java:340)
	at org.apache.ratis.thirdparty.io.netty.channel.nio.NioEventLoop.processSelectedKey(NioEventLoop.java:632)
	at org.apache.ratis.thirdparty.io.netty.channel.nio.NioEventLoop.processSelectedKeysOptimized(NioEventLoop.java:579)
	at org.apache.ratis.thirdparty.io.netty.channel.nio.NioEventLoop.processSelectedKeys(NioEventLoop.java:496)
	at org.apache.ratis.thirdparty.io.netty.channel.nio.NioEventLoop.run(NioEventLoop.java:458)
	at org.apache.ratis.thirdparty.io.netty.util.concurrent.SingleThreadEventExecutor$5.run(SingleThreadEventExecutor.java:897)
	at org.apache.ratis.thirdparty.io.netty.util.concurrent.FastThreadLocalRunnable.run(FastThreadLocalRunnable.java:30)
	... 1 more
Caused by: java.net.ConnectException: Connection refused
	... 11 more
2019-10-15 16:29:53,844 [f5624850-682f-4ec5-bb5c-f79627fc299e@group-C25BD028928E-LeaderElection156] INFO  impl.RaftServerImpl (RaftServerImpl.java:setRole(184)) - f5624850-682f-4ec5-bb5c-f79627fc299e@group-C25BD028928E: changes role from CANDIDATE to FOLLOWER at term 146 for DISCOVERED_A_NEW_TERM
2019-10-15 16:29:53,853 [f5624850-682f-4ec5-bb5c-f79627fc299e@group-C25BD028928E-LeaderElection156] INFO  impl.RoleInfo (RoleInfo.java:shutdownLeaderElection(134)) - f5624850-682f-4ec5-bb5c-f79627fc299e: shutdown LeaderElection
2019-10-15 16:29:53,853 [f5624850-682f-4ec5-bb5c-f79627fc299e@group-C25BD028928E-LeaderElection156] INFO  impl.RoleInfo (RoleInfo.java:updateAndGet(143)) - f5624850-682f-4ec5-bb5c-f79627fc299e: start FollowerState
2019-10-15 16:29:53,925 [Thread-1518] INFO  impl.FollowerState (FollowerState.java:run(108)) - f5624850-682f-4ec5-bb5c-f79627fc299e@group-C25BD028928E-FollowerState: change to CANDIDATE, lastRpcTime:72ms, electionTimeout:72ms
2019-10-15 16:29:53,926 [Thread-1518] INFO  impl.RoleInfo (RoleInfo.java:shutdownFollowerState(121)) - f5624850-682f-4ec5-bb5c-f79627fc299e: shutdown FollowerState
2019-10-15 16:29:53,926 [Thread-1518] INFO  impl.RaftServerImpl (RaftServerImpl.java:setRole(184)) - f5624850-682f-4ec5-bb5c-f79627fc299e@group-C25BD028928E: changes role from  FOLLOWER to CANDIDATE at term 146 for changeToCandidate
2019-10-15 16:29:53,926 [Thread-1518] INFO  impl.RoleInfo (RoleInfo.java:updateAndGet(143)) - f5624850-682f-4ec5-bb5c-f79627fc299e: start LeaderElection
2019-10-15 16:29:53,950 [f5624850-682f-4ec5-bb5c-f79627fc299e@group-C25BD028928E-LeaderElection157] INFO  impl.LeaderElection (LeaderElection.java:askForVotes(178)) - f5624850-682f-4ec5-bb5c-f79627fc299e@group-C25BD028928E-LeaderElection157: begin an election at term 147 for -1: [f581660d-af3d-4f5f-b57d-f4cb54f048b9:192.168.164.239:42501, f5624850-682f-4ec5-bb5c-f79627fc299e:192.168.164.239:39499, 14091fe6-d183-4b46-be93-2ba964a39c73:192.168.164.239:34827], old=null
2019-10-15 16:29:53,951 [f5624850-682f-4ec5-bb5c-f79627fc299e@group-C25BD028928E-LeaderElection157] INFO  impl.LeaderElection (LogUtils.java:infoOrTrace(149)) - f5624850-682f-4ec5-bb5c-f79627fc299e@group-C25BD028928E-LeaderElection157 got exception when requesting votes: {}
java.util.concurrent.ExecutionException: org.apache.ratis.thirdparty.io.grpc.StatusRuntimeException: UNAVAILABLE: io exception
	at java.util.concurrent.FutureTask.report(FutureTask.java:122)
	at java.util.concurrent.FutureTask.get(FutureTask.java:192)
	at org.apache.ratis.server.impl.LeaderElection.waitForResults(LeaderElection.java:259)
	at org.apache.ratis.server.impl.LeaderElection.askForVotes(LeaderElection.java:197)
	at org.apache.ratis.server.impl.LeaderElection.run(LeaderElection.java:133)
	at java.lang.Thread.run(Thread.java:748)
Caused by: org.apache.ratis.thirdparty.io.grpc.StatusRuntimeException: UNAVAILABLE: io exception
	at org.apache.ratis.thirdparty.io.grpc.stub.ClientCalls.toStatusRuntimeException(ClientCalls.java:233)
	at org.apache.ratis.thirdparty.io.grpc.stub.ClientCalls.getUnchecked(ClientCalls.java:214)
	at org.apache.ratis.thirdparty.io.grpc.stub.ClientCalls.blockingUnaryCall(ClientCalls.java:139)
	at org.apache.ratis.proto.grpc.RaftServerProtocolServiceGrpc$RaftServerProtocolServiceBlockingStub.requestVote(RaftServerProtocolServiceGrpc.java:265)
	at org.apache.ratis.grpc.server.GrpcServerProtocolClient.requestVote(GrpcServerProtocolClient.java:99)
	at org.apache.ratis.grpc.server.GrpcService.requestVote(GrpcService.java:204)
	at org.apache.ratis.server.impl.LeaderElection.lambda$submitRequests$1(LeaderElection.java:234)
	at java.util.concurrent.FutureTask.run(FutureTask.java:266)
	at java.util.concurrent.Executors$RunnableAdapter.call(Executors.java:511)
	at java.util.concurrent.FutureTask.run(FutureTask.java:266)
	at java.util.concurrent.ThreadPoolExecutor.runWorker(ThreadPoolExecutor.java:1149)
	at java.util.concurrent.ThreadPoolExecutor$Worker.run(ThreadPoolExecutor.java:624)
	... 1 more
Caused by: org.apache.ratis.thirdparty.io.netty.channel.AbstractChannel$AnnotatedConnectException: Connection refused: /192.168.164.239:42501
	at sun.nio.ch.SocketChannelImpl.checkConnect(Native Method)
	at sun.nio.ch.SocketChannelImpl.finishConnect(SocketChannelImpl.java:717)
	at org.apache.ratis.thirdparty.io.netty.channel.socket.nio.NioSocketChannel.doFinishConnect(NioSocketChannel.java:327)
	at org.apache.ratis.thirdparty.io.netty.channel.nio.AbstractNioChannel$AbstractNioUnsafe.finishConnect(AbstractNioChannel.java:340)
	at org.apache.ratis.thirdparty.io.netty.channel.nio.NioEventLoop.processSelectedKey(NioEventLoop.java:632)
	at org.apache.ratis.thirdparty.io.netty.channel.nio.NioEventLoop.processSelectedKeysOptimized(NioEventLoop.java:579)
	at org.apache.ratis.thirdparty.io.netty.channel.nio.NioEventLoop.processSelectedKeys(NioEventLoop.java:496)
	at org.apache.ratis.thirdparty.io.netty.channel.nio.NioEventLoop.run(NioEventLoop.java:458)
	at org.apache.ratis.thirdparty.io.netty.util.concurrent.SingleThreadEventExecutor$5.run(SingleThreadEventExecutor.java:897)
	at org.apache.ratis.thirdparty.io.netty.util.concurrent.FastThreadLocalRunnable.run(FastThreadLocalRunnable.java:30)
	... 1 more
Caused by: java.net.ConnectException: Connection refused
	... 11 more
2019-10-15 16:29:53,954 [grpc-default-executor-4] INFO  impl.RaftServerImpl (RaftServerImpl.java:setRole(184)) - 14091fe6-d183-4b46-be93-2ba964a39c73@group-C25BD028928E: changes role from  FOLLOWER to FOLLOWER at term 147 for recognizeCandidate:f5624850-682f-4ec5-bb5c-f79627fc299e
2019-10-15 16:29:53,954 [grpc-default-executor-4] INFO  impl.RoleInfo (RoleInfo.java:shutdownFollowerState(121)) - 14091fe6-d183-4b46-be93-2ba964a39c73: shutdown FollowerState
2019-10-15 16:29:53,955 [grpc-default-executor-4] INFO  impl.RoleInfo (RoleInfo.java:updateAndGet(143)) - 14091fe6-d183-4b46-be93-2ba964a39c73: start FollowerState
2019-10-15 16:29:53,955 [Thread-1517] INFO  impl.FollowerState (FollowerState.java:run(117)) - 14091fe6-d183-4b46-be93-2ba964a39c73@group-C25BD028928E-FollowerState was interrupted: java.lang.InterruptedException: sleep interrupted
2019-10-15 16:29:53,979 [f5624850-682f-4ec5-bb5c-f79627fc299e@group-C25BD028928E-LeaderElection157] INFO  impl.LeaderElection (LeaderElection.java:logAndReturn(56)) - f5624850-682f-4ec5-bb5c-f79627fc299e@group-C25BD028928E-LeaderElection157: Election REJECTED; received 1 response(s) [f5624850-682f-4ec5-bb5c-f79627fc299e<-14091fe6-d183-4b46-be93-2ba964a39c73#0:FAIL-t147] and 1 exception(s); f5624850-682f-4ec5-bb5c-f79627fc299e@group-C25BD028928E:t147, leader=null, voted=f5624850-682f-4ec5-bb5c-f79627fc299e, raftlog=f5624850-682f-4ec5-bb5c-f79627fc299e@group-C25BD028928E-SegmentedRaftLog:OPENED:c-1,f-1,i0, conf=-1: [f581660d-af3d-4f5f-b57d-f4cb54f048b9:192.168.164.239:42501, f5624850-682f-4ec5-bb5c-f79627fc299e:192.168.164.239:39499, 14091fe6-d183-4b46-be93-2ba964a39c73:192.168.164.239:34827], old=null
2019-10-15 16:29:53,979 [f5624850-682f-4ec5-bb5c-f79627fc299e@group-C25BD028928E-LeaderElection157] INFO  impl.LeaderElection (LogUtils.java:infoOrTrace(149)) -   Exception 0: {}
java.util.concurrent.ExecutionException: org.apache.ratis.thirdparty.io.grpc.StatusRuntimeException: UNAVAILABLE: io exception
	at java.util.concurrent.FutureTask.report(FutureTask.java:122)
	at java.util.concurrent.FutureTask.get(FutureTask.java:192)
	at org.apache.ratis.server.impl.LeaderElection.waitForResults(LeaderElection.java:259)
	at org.apache.ratis.server.impl.LeaderElection.askForVotes(LeaderElection.java:197)
	at org.apache.ratis.server.impl.LeaderElection.run(LeaderElection.java:133)
	at java.lang.Thread.run(Thread.java:748)
Caused by: org.apache.ratis.thirdparty.io.grpc.StatusRuntimeException: UNAVAILABLE: io exception
	at org.apache.ratis.thirdparty.io.grpc.stub.ClientCalls.toStatusRuntimeException(ClientCalls.java:233)
	at org.apache.ratis.thirdparty.io.grpc.stub.ClientCalls.getUnchecked(ClientCalls.java:214)
	at org.apache.ratis.thirdparty.io.grpc.stub.ClientCalls.blockingUnaryCall(ClientCalls.java:139)
	at org.apache.ratis.proto.grpc.RaftServerProtocolServiceGrpc$RaftServerProtocolServiceBlockingStub.requestVote(RaftServerProtocolServiceGrpc.java:265)
	at org.apache.ratis.grpc.server.GrpcServerProtocolClient.requestVote(GrpcServerProtocolClient.java:99)
	at org.apache.ratis.grpc.server.GrpcService.requestVote(GrpcService.java:204)
	at org.apache.ratis.server.impl.LeaderElection.lambda$submitRequests$1(LeaderElection.java:234)
	at java.util.concurrent.FutureTask.run(FutureTask.java:266)
	at java.util.concurrent.Executors$RunnableAdapter.call(Executors.java:511)
	at java.util.concurrent.FutureTask.run(FutureTask.java:266)
	at java.util.concurrent.ThreadPoolExecutor.runWorker(ThreadPoolExecutor.java:1149)
	at java.util.concurrent.ThreadPoolExecutor$Worker.run(ThreadPoolExecutor.java:624)
	... 1 more
Caused by: org.apache.ratis.thirdparty.io.netty.channel.AbstractChannel$AnnotatedConnectException: Connection refused: /192.168.164.239:42501
	at sun.nio.ch.SocketChannelImpl.checkConnect(Native Method)
	at sun.nio.ch.SocketChannelImpl.finishConnect(SocketChannelImpl.java:717)
	at org.apache.ratis.thirdparty.io.netty.channel.socket.nio.NioSocketChannel.doFinishConnect(NioSocketChannel.java:327)
	at org.apache.ratis.thirdparty.io.netty.channel.nio.AbstractNioChannel$AbstractNioUnsafe.finishConnect(AbstractNioChannel.java:340)
	at org.apache.ratis.thirdparty.io.netty.channel.nio.NioEventLoop.processSelectedKey(NioEventLoop.java:632)
	at org.apache.ratis.thirdparty.io.netty.channel.nio.NioEventLoop.processSelectedKeysOptimized(NioEventLoop.java:579)
	at org.apache.ratis.thirdparty.io.netty.channel.nio.NioEventLoop.processSelectedKeys(NioEventLoop.java:496)
	at org.apache.ratis.thirdparty.io.netty.channel.nio.NioEventLoop.run(NioEventLoop.java:458)
	at org.apache.ratis.thirdparty.io.netty.util.concurrent.SingleThreadEventExecutor$5.run(SingleThreadEventExecutor.java:897)
	at org.apache.ratis.thirdparty.io.netty.util.concurrent.FastThreadLocalRunnable.run(FastThreadLocalRunnable.java:30)
	... 1 more
Caused by: java.net.ConnectException: Connection refused
	... 11 more
2019-10-15 16:29:53,980 [f5624850-682f-4ec5-bb5c-f79627fc299e@group-C25BD028928E-LeaderElection157] INFO  impl.RaftServerImpl (RaftServerImpl.java:setRole(184)) - f5624850-682f-4ec5-bb5c-f79627fc299e@group-C25BD028928E: changes role from CANDIDATE to FOLLOWER at term 147 for DISCOVERED_A_NEW_TERM
2019-10-15 16:29:53,980 [f5624850-682f-4ec5-bb5c-f79627fc299e@group-C25BD028928E-LeaderElection157] INFO  impl.RoleInfo (RoleInfo.java:shutdownLeaderElection(134)) - f5624850-682f-4ec5-bb5c-f79627fc299e: shutdown LeaderElection
2019-10-15 16:29:53,980 [f5624850-682f-4ec5-bb5c-f79627fc299e@group-C25BD028928E-LeaderElection157] INFO  impl.RoleInfo (RoleInfo.java:updateAndGet(143)) - f5624850-682f-4ec5-bb5c-f79627fc299e: start FollowerState
2019-10-15 16:29:54,074 [java.util.concurrent.ThreadPoolExecutor$Worker@56768177[State = -1, empty queue]] WARN  server.GrpcLogAppender (GrpcLogAppender.java:timeoutAppendRequest(209)) - c48d8dfa-9e66-4eac-9ff2-02281a99dfa9@group-F2FE1ED60945->cccd55fe-f481-4e2b-93ed-b6a86d13c378-GrpcLogAppender: appendEntries Timeout, request=c48d8dfa-9e66-4eac-9ff2-02281a99dfa9->cccd55fe-f481-4e2b-93ed-b6a86d13c378#34-t5, previous=(t:5, i:0), leaderCommit=0, initializing? false, entries: <empty>
2019-10-15 16:29:54,118 [Thread-1523] INFO  impl.FollowerState (FollowerState.java:run(108)) - f5624850-682f-4ec5-bb5c-f79627fc299e@group-C25BD028928E-FollowerState: change to CANDIDATE, lastRpcTime:138ms, electionTimeout:138ms
2019-10-15 16:29:54,119 [Thread-1523] INFO  impl.RoleInfo (RoleInfo.java:shutdownFollowerState(121)) - f5624850-682f-4ec5-bb5c-f79627fc299e: shutdown FollowerState
2019-10-15 16:29:54,119 [Thread-1523] INFO  impl.RaftServerImpl (RaftServerImpl.java:setRole(184)) - f5624850-682f-4ec5-bb5c-f79627fc299e@group-C25BD028928E: changes role from  FOLLOWER to CANDIDATE at term 147 for changeToCandidate
2019-10-15 16:29:54,119 [Thread-1523] INFO  impl.RoleInfo (RoleInfo.java:updateAndGet(143)) - f5624850-682f-4ec5-bb5c-f79627fc299e: start LeaderElection
2019-10-15 16:29:54,142 [f5624850-682f-4ec5-bb5c-f79627fc299e@group-C25BD028928E-LeaderElection158] INFO  impl.LeaderElection (LeaderElection.java:askForVotes(178)) - f5624850-682f-4ec5-bb5c-f79627fc299e@group-C25BD028928E-LeaderElection158: begin an election at term 148 for -1: [f581660d-af3d-4f5f-b57d-f4cb54f048b9:192.168.164.239:42501, f5624850-682f-4ec5-bb5c-f79627fc299e:192.168.164.239:39499, 14091fe6-d183-4b46-be93-2ba964a39c73:192.168.164.239:34827], old=null
2019-10-15 16:29:54,144 [f5624850-682f-4ec5-bb5c-f79627fc299e@group-C25BD028928E-LeaderElection158] INFO  impl.LeaderElection (LogUtils.java:infoOrTrace(149)) - f5624850-682f-4ec5-bb5c-f79627fc299e@group-C25BD028928E-LeaderElection158 got exception when requesting votes: {}
java.util.concurrent.ExecutionException: org.apache.ratis.thirdparty.io.grpc.StatusRuntimeException: UNAVAILABLE: io exception
	at java.util.concurrent.FutureTask.report(FutureTask.java:122)
	at java.util.concurrent.FutureTask.get(FutureTask.java:192)
	at org.apache.ratis.server.impl.LeaderElection.waitForResults(LeaderElection.java:259)
	at org.apache.ratis.server.impl.LeaderElection.askForVotes(LeaderElection.java:197)
	at org.apache.ratis.server.impl.LeaderElection.run(LeaderElection.java:133)
	at java.lang.Thread.run(Thread.java:748)
Caused by: org.apache.ratis.thirdparty.io.grpc.StatusRuntimeException: UNAVAILABLE: io exception
	at org.apache.ratis.thirdparty.io.grpc.stub.ClientCalls.toStatusRuntimeException(ClientCalls.java:233)
	at org.apache.ratis.thirdparty.io.grpc.stub.ClientCalls.getUnchecked(ClientCalls.java:214)
	at org.apache.ratis.thirdparty.io.grpc.stub.ClientCalls.blockingUnaryCall(ClientCalls.java:139)
	at org.apache.ratis.proto.grpc.RaftServerProtocolServiceGrpc$RaftServerProtocolServiceBlockingStub.requestVote(RaftServerProtocolServiceGrpc.java:265)
	at org.apache.ratis.grpc.server.GrpcServerProtocolClient.requestVote(GrpcServerProtocolClient.java:99)
	at org.apache.ratis.grpc.server.GrpcService.requestVote(GrpcService.java:204)
	at org.apache.ratis.server.impl.LeaderElection.lambda$submitRequests$1(LeaderElection.java:234)
	at java.util.concurrent.FutureTask.run(FutureTask.java:266)
	at java.util.concurrent.Executors$RunnableAdapter.call(Executors.java:511)
	at java.util.concurrent.FutureTask.run(FutureTask.java:266)
	at java.util.concurrent.ThreadPoolExecutor.runWorker(ThreadPoolExecutor.java:1149)
	at java.util.concurrent.ThreadPoolExecutor$Worker.run(ThreadPoolExecutor.java:624)
	... 1 more
Caused by: org.apache.ratis.thirdparty.io.netty.channel.AbstractChannel$AnnotatedConnectException: Connection refused: /192.168.164.239:42501
	at sun.nio.ch.SocketChannelImpl.checkConnect(Native Method)
	at sun.nio.ch.SocketChannelImpl.finishConnect(SocketChannelImpl.java:717)
	at org.apache.ratis.thirdparty.io.netty.channel.socket.nio.NioSocketChannel.doFinishConnect(NioSocketChannel.java:327)
	at org.apache.ratis.thirdparty.io.netty.channel.nio.AbstractNioChannel$AbstractNioUnsafe.finishConnect(AbstractNioChannel.java:340)
	at org.apache.ratis.thirdparty.io.netty.channel.nio.NioEventLoop.processSelectedKey(NioEventLoop.java:632)
	at org.apache.ratis.thirdparty.io.netty.channel.nio.NioEventLoop.processSelectedKeysOptimized(NioEventLoop.java:579)
	at org.apache.ratis.thirdparty.io.netty.channel.nio.NioEventLoop.processSelectedKeys(NioEventLoop.java:496)
	at org.apache.ratis.thirdparty.io.netty.channel.nio.NioEventLoop.run(NioEventLoop.java:458)
	at org.apache.ratis.thirdparty.io.netty.util.concurrent.SingleThreadEventExecutor$5.run(SingleThreadEventExecutor.java:897)
	at org.apache.ratis.thirdparty.io.netty.util.concurrent.FastThreadLocalRunnable.run(FastThreadLocalRunnable.java:30)
	... 1 more
Caused by: java.net.ConnectException: Connection refused
	... 11 more
2019-10-15 16:29:54,146 [grpc-default-executor-11] INFO  impl.RaftServerImpl (RaftServerImpl.java:setRole(184)) - 14091fe6-d183-4b46-be93-2ba964a39c73@group-C25BD028928E: changes role from  FOLLOWER to FOLLOWER at term 148 for recognizeCandidate:f5624850-682f-4ec5-bb5c-f79627fc299e
2019-10-15 16:29:54,147 [grpc-default-executor-11] INFO  impl.RoleInfo (RoleInfo.java:shutdownFollowerState(121)) - 14091fe6-d183-4b46-be93-2ba964a39c73: shutdown FollowerState
2019-10-15 16:29:54,147 [grpc-default-executor-11] INFO  impl.RoleInfo (RoleInfo.java:updateAndGet(143)) - 14091fe6-d183-4b46-be93-2ba964a39c73: start FollowerState
2019-10-15 16:29:54,147 [Thread-1522] INFO  impl.FollowerState (FollowerState.java:run(117)) - 14091fe6-d183-4b46-be93-2ba964a39c73@group-C25BD028928E-FollowerState was interrupted: java.lang.InterruptedException: sleep interrupted
2019-10-15 16:29:54,171 [f5624850-682f-4ec5-bb5c-f79627fc299e@group-C25BD028928E-LeaderElection158] INFO  impl.LeaderElection (LeaderElection.java:logAndReturn(56)) - f5624850-682f-4ec5-bb5c-f79627fc299e@group-C25BD028928E-LeaderElection158: Election REJECTED; received 1 response(s) [f5624850-682f-4ec5-bb5c-f79627fc299e<-14091fe6-d183-4b46-be93-2ba964a39c73#0:FAIL-t148] and 1 exception(s); f5624850-682f-4ec5-bb5c-f79627fc299e@group-C25BD028928E:t148, leader=null, voted=f5624850-682f-4ec5-bb5c-f79627fc299e, raftlog=f5624850-682f-4ec5-bb5c-f79627fc299e@group-C25BD028928E-SegmentedRaftLog:OPENED:c-1,f-1,i0, conf=-1: [f581660d-af3d-4f5f-b57d-f4cb54f048b9:192.168.164.239:42501, f5624850-682f-4ec5-bb5c-f79627fc299e:192.168.164.239:39499, 14091fe6-d183-4b46-be93-2ba964a39c73:192.168.164.239:34827], old=null
2019-10-15 16:29:54,171 [f5624850-682f-4ec5-bb5c-f79627fc299e@group-C25BD028928E-LeaderElection158] INFO  impl.LeaderElection (LogUtils.java:infoOrTrace(149)) -   Exception 0: {}
java.util.concurrent.ExecutionException: org.apache.ratis.thirdparty.io.grpc.StatusRuntimeException: UNAVAILABLE: io exception
	at java.util.concurrent.FutureTask.report(FutureTask.java:122)
	at java.util.concurrent.FutureTask.get(FutureTask.java:192)
	at org.apache.ratis.server.impl.LeaderElection.waitForResults(LeaderElection.java:259)
	at org.apache.ratis.server.impl.LeaderElection.askForVotes(LeaderElection.java:197)
	at org.apache.ratis.server.impl.LeaderElection.run(LeaderElection.java:133)
	at java.lang.Thread.run(Thread.java:748)
Caused by: org.apache.ratis.thirdparty.io.grpc.StatusRuntimeException: UNAVAILABLE: io exception
	at org.apache.ratis.thirdparty.io.grpc.stub.ClientCalls.toStatusRuntimeException(ClientCalls.java:233)
	at org.apache.ratis.thirdparty.io.grpc.stub.ClientCalls.getUnchecked(ClientCalls.java:214)
	at org.apache.ratis.thirdparty.io.grpc.stub.ClientCalls.blockingUnaryCall(ClientCalls.java:139)
	at org.apache.ratis.proto.grpc.RaftServerProtocolServiceGrpc$RaftServerProtocolServiceBlockingStub.requestVote(RaftServerProtocolServiceGrpc.java:265)
	at org.apache.ratis.grpc.server.GrpcServerProtocolClient.requestVote(GrpcServerProtocolClient.java:99)
	at org.apache.ratis.grpc.server.GrpcService.requestVote(GrpcService.java:204)
	at org.apache.ratis.server.impl.LeaderElection.lambda$submitRequests$1(LeaderElection.java:234)
	at java.util.concurrent.FutureTask.run(FutureTask.java:266)
	at java.util.concurrent.Executors$RunnableAdapter.call(Executors.java:511)
	at java.util.concurrent.FutureTask.run(FutureTask.java:266)
	at java.util.concurrent.ThreadPoolExecutor.runWorker(ThreadPoolExecutor.java:1149)
	at java.util.concurrent.ThreadPoolExecutor$Worker.run(ThreadPoolExecutor.java:624)
	... 1 more
Caused by: org.apache.ratis.thirdparty.io.netty.channel.AbstractChannel$AnnotatedConnectException: Connection refused: /192.168.164.239:42501
	at sun.nio.ch.SocketChannelImpl.checkConnect(Native Method)
	at sun.nio.ch.SocketChannelImpl.finishConnect(SocketChannelImpl.java:717)
	at org.apache.ratis.thirdparty.io.netty.channel.socket.nio.NioSocketChannel.doFinishConnect(NioSocketChannel.java:327)
	at org.apache.ratis.thirdparty.io.netty.channel.nio.AbstractNioChannel$AbstractNioUnsafe.finishConnect(AbstractNioChannel.java:340)
	at org.apache.ratis.thirdparty.io.netty.channel.nio.NioEventLoop.processSelectedKey(NioEventLoop.java:632)
	at org.apache.ratis.thirdparty.io.netty.channel.nio.NioEventLoop.processSelectedKeysOptimized(NioEventLoop.java:579)
	at org.apache.ratis.thirdparty.io.netty.channel.nio.NioEventLoop.processSelectedKeys(NioEventLoop.java:496)
	at org.apache.ratis.thirdparty.io.netty.channel.nio.NioEventLoop.run(NioEventLoop.java:458)
	at org.apache.ratis.thirdparty.io.netty.util.concurrent.SingleThreadEventExecutor$5.run(SingleThreadEventExecutor.java:897)
	at org.apache.ratis.thirdparty.io.netty.util.concurrent.FastThreadLocalRunnable.run(FastThreadLocalRunnable.java:30)
	... 1 more
Caused by: java.net.ConnectException: Connection refused
	... 11 more
2019-10-15 16:29:54,172 [f5624850-682f-4ec5-bb5c-f79627fc299e@group-C25BD028928E-LeaderElection158] INFO  impl.RaftServerImpl (RaftServerImpl.java:setRole(184)) - f5624850-682f-4ec5-bb5c-f79627fc299e@group-C25BD028928E: changes role from CANDIDATE to FOLLOWER at term 148 for DISCOVERED_A_NEW_TERM
2019-10-15 16:29:54,172 [f5624850-682f-4ec5-bb5c-f79627fc299e@group-C25BD028928E-LeaderElection158] INFO  impl.RoleInfo (RoleInfo.java:shutdownLeaderElection(134)) - f5624850-682f-4ec5-bb5c-f79627fc299e: shutdown LeaderElection
2019-10-15 16:29:54,172 [f5624850-682f-4ec5-bb5c-f79627fc299e@group-C25BD028928E-LeaderElection158] INFO  impl.RoleInfo (RoleInfo.java:updateAndGet(143)) - f5624850-682f-4ec5-bb5c-f79627fc299e: start FollowerState
2019-10-15 16:29:54,264 [Thread-1531] INFO  impl.FollowerState (FollowerState.java:run(108)) - f5624850-682f-4ec5-bb5c-f79627fc299e@group-C25BD028928E-FollowerState: change to CANDIDATE, lastRpcTime:92ms, electionTimeout:92ms
2019-10-15 16:29:54,265 [Thread-1531] INFO  impl.RoleInfo (RoleInfo.java:shutdownFollowerState(121)) - f5624850-682f-4ec5-bb5c-f79627fc299e: shutdown FollowerState
2019-10-15 16:29:54,265 [Thread-1531] INFO  impl.RaftServerImpl (RaftServerImpl.java:setRole(184)) - f5624850-682f-4ec5-bb5c-f79627fc299e@group-C25BD028928E: changes role from  FOLLOWER to CANDIDATE at term 148 for changeToCandidate
2019-10-15 16:29:54,265 [Thread-1531] INFO  impl.RoleInfo (RoleInfo.java:updateAndGet(143)) - f5624850-682f-4ec5-bb5c-f79627fc299e: start LeaderElection
2019-10-15 16:29:54,288 [f5624850-682f-4ec5-bb5c-f79627fc299e@group-C25BD028928E-LeaderElection159] INFO  impl.LeaderElection (LeaderElection.java:askForVotes(178)) - f5624850-682f-4ec5-bb5c-f79627fc299e@group-C25BD028928E-LeaderElection159: begin an election at term 149 for -1: [f581660d-af3d-4f5f-b57d-f4cb54f048b9:192.168.164.239:42501, f5624850-682f-4ec5-bb5c-f79627fc299e:192.168.164.239:39499, 14091fe6-d183-4b46-be93-2ba964a39c73:192.168.164.239:34827], old=null
2019-10-15 16:29:54,289 [f5624850-682f-4ec5-bb5c-f79627fc299e@group-C25BD028928E-LeaderElection159] INFO  impl.LeaderElection (LogUtils.java:infoOrTrace(149)) - f5624850-682f-4ec5-bb5c-f79627fc299e@group-C25BD028928E-LeaderElection159 got exception when requesting votes: {}
java.util.concurrent.ExecutionException: org.apache.ratis.thirdparty.io.grpc.StatusRuntimeException: UNAVAILABLE: io exception
	at java.util.concurrent.FutureTask.report(FutureTask.java:122)
	at java.util.concurrent.FutureTask.get(FutureTask.java:192)
	at org.apache.ratis.server.impl.LeaderElection.waitForResults(LeaderElection.java:259)
	at org.apache.ratis.server.impl.LeaderElection.askForVotes(LeaderElection.java:197)
	at org.apache.ratis.server.impl.LeaderElection.run(LeaderElection.java:133)
	at java.lang.Thread.run(Thread.java:748)
Caused by: org.apache.ratis.thirdparty.io.grpc.StatusRuntimeException: UNAVAILABLE: io exception
	at org.apache.ratis.thirdparty.io.grpc.stub.ClientCalls.toStatusRuntimeException(ClientCalls.java:233)
	at org.apache.ratis.thirdparty.io.grpc.stub.ClientCalls.getUnchecked(ClientCalls.java:214)
	at org.apache.ratis.thirdparty.io.grpc.stub.ClientCalls.blockingUnaryCall(ClientCalls.java:139)
	at org.apache.ratis.proto.grpc.RaftServerProtocolServiceGrpc$RaftServerProtocolServiceBlockingStub.requestVote(RaftServerProtocolServiceGrpc.java:265)
	at org.apache.ratis.grpc.server.GrpcServerProtocolClient.requestVote(GrpcServerProtocolClient.java:99)
	at org.apache.ratis.grpc.server.GrpcService.requestVote(GrpcService.java:204)
	at org.apache.ratis.server.impl.LeaderElection.lambda$submitRequests$1(LeaderElection.java:234)
	at java.util.concurrent.FutureTask.run(FutureTask.java:266)
	at java.util.concurrent.Executors$RunnableAdapter.call(Executors.java:511)
	at java.util.concurrent.FutureTask.run(FutureTask.java:266)
	at java.util.concurrent.ThreadPoolExecutor.runWorker(ThreadPoolExecutor.java:1149)
	at java.util.concurrent.ThreadPoolExecutor$Worker.run(ThreadPoolExecutor.java:624)
	... 1 more
Caused by: org.apache.ratis.thirdparty.io.netty.channel.AbstractChannel$AnnotatedConnectException: Connection refused: /192.168.164.239:42501
	at sun.nio.ch.SocketChannelImpl.checkConnect(Native Method)
	at sun.nio.ch.SocketChannelImpl.finishConnect(SocketChannelImpl.java:717)
	at org.apache.ratis.thirdparty.io.netty.channel.socket.nio.NioSocketChannel.doFinishConnect(NioSocketChannel.java:327)
	at org.apache.ratis.thirdparty.io.netty.channel.nio.AbstractNioChannel$AbstractNioUnsafe.finishConnect(AbstractNioChannel.java:340)
	at org.apache.ratis.thirdparty.io.netty.channel.nio.NioEventLoop.processSelectedKey(NioEventLoop.java:632)
	at org.apache.ratis.thirdparty.io.netty.channel.nio.NioEventLoop.processSelectedKeysOptimized(NioEventLoop.java:579)
	at org.apache.ratis.thirdparty.io.netty.channel.nio.NioEventLoop.processSelectedKeys(NioEventLoop.java:496)
	at org.apache.ratis.thirdparty.io.netty.channel.nio.NioEventLoop.run(NioEventLoop.java:458)
	at org.apache.ratis.thirdparty.io.netty.util.concurrent.SingleThreadEventExecutor$5.run(SingleThreadEventExecutor.java:897)
	at org.apache.ratis.thirdparty.io.netty.util.concurrent.FastThreadLocalRunnable.run(FastThreadLocalRunnable.java:30)
	... 1 more
Caused by: java.net.ConnectException: Connection refused
	... 11 more
2019-10-15 16:29:54,292 [grpc-default-executor-11] INFO  impl.RaftServerImpl (RaftServerImpl.java:setRole(184)) - 14091fe6-d183-4b46-be93-2ba964a39c73@group-C25BD028928E: changes role from  FOLLOWER to FOLLOWER at term 149 for recognizeCandidate:f5624850-682f-4ec5-bb5c-f79627fc299e
2019-10-15 16:29:54,292 [grpc-default-executor-11] INFO  impl.RoleInfo (RoleInfo.java:shutdownFollowerState(121)) - 14091fe6-d183-4b46-be93-2ba964a39c73: shutdown FollowerState
2019-10-15 16:29:54,292 [grpc-default-executor-11] INFO  impl.RoleInfo (RoleInfo.java:updateAndGet(143)) - 14091fe6-d183-4b46-be93-2ba964a39c73: start FollowerState
2019-10-15 16:29:54,292 [Thread-1530] INFO  impl.FollowerState (FollowerState.java:run(117)) - 14091fe6-d183-4b46-be93-2ba964a39c73@group-C25BD028928E-FollowerState was interrupted: java.lang.InterruptedException: sleep interrupted
2019-10-15 16:29:54,315 [f5624850-682f-4ec5-bb5c-f79627fc299e@group-C25BD028928E-LeaderElection159] INFO  impl.LeaderElection (LeaderElection.java:logAndReturn(56)) - f5624850-682f-4ec5-bb5c-f79627fc299e@group-C25BD028928E-LeaderElection159: Election REJECTED; received 1 response(s) [f5624850-682f-4ec5-bb5c-f79627fc299e<-14091fe6-d183-4b46-be93-2ba964a39c73#0:FAIL-t149] and 1 exception(s); f5624850-682f-4ec5-bb5c-f79627fc299e@group-C25BD028928E:t149, leader=null, voted=f5624850-682f-4ec5-bb5c-f79627fc299e, raftlog=f5624850-682f-4ec5-bb5c-f79627fc299e@group-C25BD028928E-SegmentedRaftLog:OPENED:c-1,f-1,i0, conf=-1: [f581660d-af3d-4f5f-b57d-f4cb54f048b9:192.168.164.239:42501, f5624850-682f-4ec5-bb5c-f79627fc299e:192.168.164.239:39499, 14091fe6-d183-4b46-be93-2ba964a39c73:192.168.164.239:34827], old=null
2019-10-15 16:29:54,316 [f5624850-682f-4ec5-bb5c-f79627fc299e@group-C25BD028928E-LeaderElection159] INFO  impl.LeaderElection (LogUtils.java:infoOrTrace(149)) -   Exception 0: {}
java.util.concurrent.ExecutionException: org.apache.ratis.thirdparty.io.grpc.StatusRuntimeException: UNAVAILABLE: io exception
	at java.util.concurrent.FutureTask.report(FutureTask.java:122)
	at java.util.concurrent.FutureTask.get(FutureTask.java:192)
	at org.apache.ratis.server.impl.LeaderElection.waitForResults(LeaderElection.java:259)
	at org.apache.ratis.server.impl.LeaderElection.askForVotes(LeaderElection.java:197)
	at org.apache.ratis.server.impl.LeaderElection.run(LeaderElection.java:133)
	at java.lang.Thread.run(Thread.java:748)
Caused by: org.apache.ratis.thirdparty.io.grpc.StatusRuntimeException: UNAVAILABLE: io exception
	at org.apache.ratis.thirdparty.io.grpc.stub.ClientCalls.toStatusRuntimeException(ClientCalls.java:233)
	at org.apache.ratis.thirdparty.io.grpc.stub.ClientCalls.getUnchecked(ClientCalls.java:214)
	at org.apache.ratis.thirdparty.io.grpc.stub.ClientCalls.blockingUnaryCall(ClientCalls.java:139)
	at org.apache.ratis.proto.grpc.RaftServerProtocolServiceGrpc$RaftServerProtocolServiceBlockingStub.requestVote(RaftServerProtocolServiceGrpc.java:265)
	at org.apache.ratis.grpc.server.GrpcServerProtocolClient.requestVote(GrpcServerProtocolClient.java:99)
	at org.apache.ratis.grpc.server.GrpcService.requestVote(GrpcService.java:204)
	at org.apache.ratis.server.impl.LeaderElection.lambda$submitRequests$1(LeaderElection.java:234)
	at java.util.concurrent.FutureTask.run(FutureTask.java:266)
	at java.util.concurrent.Executors$RunnableAdapter.call(Executors.java:511)
	at java.util.concurrent.FutureTask.run(FutureTask.java:266)
	at java.util.concurrent.ThreadPoolExecutor.runWorker(ThreadPoolExecutor.java:1149)
	at java.util.concurrent.ThreadPoolExecutor$Worker.run(ThreadPoolExecutor.java:624)
	... 1 more
Caused by: org.apache.ratis.thirdparty.io.netty.channel.AbstractChannel$AnnotatedConnectException: Connection refused: /192.168.164.239:42501
	at sun.nio.ch.SocketChannelImpl.checkConnect(Native Method)
	at sun.nio.ch.SocketChannelImpl.finishConnect(SocketChannelImpl.java:717)
	at org.apache.ratis.thirdparty.io.netty.channel.socket.nio.NioSocketChannel.doFinishConnect(NioSocketChannel.java:327)
	at org.apache.ratis.thirdparty.io.netty.channel.nio.AbstractNioChannel$AbstractNioUnsafe.finishConnect(AbstractNioChannel.java:340)
	at org.apache.ratis.thirdparty.io.netty.channel.nio.NioEventLoop.processSelectedKey(NioEventLoop.java:632)
	at org.apache.ratis.thirdparty.io.netty.channel.nio.NioEventLoop.processSelectedKeysOptimized(NioEventLoop.java:579)
	at org.apache.ratis.thirdparty.io.netty.channel.nio.NioEventLoop.processSelectedKeys(NioEventLoop.java:496)
	at org.apache.ratis.thirdparty.io.netty.channel.nio.NioEventLoop.run(NioEventLoop.java:458)
	at org.apache.ratis.thirdparty.io.netty.util.concurrent.SingleThreadEventExecutor$5.run(SingleThreadEventExecutor.java:897)
	at org.apache.ratis.thirdparty.io.netty.util.concurrent.FastThreadLocalRunnable.run(FastThreadLocalRunnable.java:30)
	... 1 more
Caused by: java.net.ConnectException: Connection refused
	... 11 more
2019-10-15 16:29:54,316 [f5624850-682f-4ec5-bb5c-f79627fc299e@group-C25BD028928E-LeaderElection159] INFO  impl.RaftServerImpl (RaftServerImpl.java:setRole(184)) - f5624850-682f-4ec5-bb5c-f79627fc299e@group-C25BD028928E: changes role from CANDIDATE to FOLLOWER at term 149 for DISCOVERED_A_NEW_TERM
2019-10-15 16:29:54,316 [f5624850-682f-4ec5-bb5c-f79627fc299e@group-C25BD028928E-LeaderElection159] INFO  impl.RoleInfo (RoleInfo.java:shutdownLeaderElection(134)) - f5624850-682f-4ec5-bb5c-f79627fc299e: shutdown LeaderElection
2019-10-15 16:29:54,316 [f5624850-682f-4ec5-bb5c-f79627fc299e@group-C25BD028928E-LeaderElection159] INFO  impl.RoleInfo (RoleInfo.java:updateAndGet(143)) - f5624850-682f-4ec5-bb5c-f79627fc299e: start FollowerState
2019-10-15 16:29:54,390 [Thread-1536] INFO  impl.FollowerState (FollowerState.java:run(108)) - f5624850-682f-4ec5-bb5c-f79627fc299e@group-C25BD028928E-FollowerState: change to CANDIDATE, lastRpcTime:73ms, electionTimeout:73ms
2019-10-15 16:29:54,390 [Thread-1536] INFO  impl.RoleInfo (RoleInfo.java:shutdownFollowerState(121)) - f5624850-682f-4ec5-bb5c-f79627fc299e: shutdown FollowerState
2019-10-15 16:29:54,390 [Thread-1536] INFO  impl.RaftServerImpl (RaftServerImpl.java:setRole(184)) - f5624850-682f-4ec5-bb5c-f79627fc299e@group-C25BD028928E: changes role from  FOLLOWER to CANDIDATE at term 149 for changeToCandidate
2019-10-15 16:29:54,390 [Thread-1536] INFO  impl.RoleInfo (RoleInfo.java:updateAndGet(143)) - f5624850-682f-4ec5-bb5c-f79627fc299e: start LeaderElection
2019-10-15 16:29:54,414 [f5624850-682f-4ec5-bb5c-f79627fc299e@group-C25BD028928E-LeaderElection160] INFO  impl.LeaderElection (LeaderElection.java:askForVotes(178)) - f5624850-682f-4ec5-bb5c-f79627fc299e@group-C25BD028928E-LeaderElection160: begin an election at term 150 for -1: [f581660d-af3d-4f5f-b57d-f4cb54f048b9:192.168.164.239:42501, f5624850-682f-4ec5-bb5c-f79627fc299e:192.168.164.239:39499, 14091fe6-d183-4b46-be93-2ba964a39c73:192.168.164.239:34827], old=null
2019-10-15 16:29:54,415 [f5624850-682f-4ec5-bb5c-f79627fc299e@group-C25BD028928E-LeaderElection160] INFO  impl.LeaderElection (LogUtils.java:infoOrTrace(149)) - f5624850-682f-4ec5-bb5c-f79627fc299e@group-C25BD028928E-LeaderElection160 got exception when requesting votes: {}
java.util.concurrent.ExecutionException: org.apache.ratis.thirdparty.io.grpc.StatusRuntimeException: UNAVAILABLE: io exception
	at java.util.concurrent.FutureTask.report(FutureTask.java:122)
	at java.util.concurrent.FutureTask.get(FutureTask.java:192)
	at org.apache.ratis.server.impl.LeaderElection.waitForResults(LeaderElection.java:259)
	at org.apache.ratis.server.impl.LeaderElection.askForVotes(LeaderElection.java:197)
	at org.apache.ratis.server.impl.LeaderElection.run(LeaderElection.java:133)
	at java.lang.Thread.run(Thread.java:748)
Caused by: org.apache.ratis.thirdparty.io.grpc.StatusRuntimeException: UNAVAILABLE: io exception
	at org.apache.ratis.thirdparty.io.grpc.stub.ClientCalls.toStatusRuntimeException(ClientCalls.java:233)
	at org.apache.ratis.thirdparty.io.grpc.stub.ClientCalls.getUnchecked(ClientCalls.java:214)
	at org.apache.ratis.thirdparty.io.grpc.stub.ClientCalls.blockingUnaryCall(ClientCalls.java:139)
	at org.apache.ratis.proto.grpc.RaftServerProtocolServiceGrpc$RaftServerProtocolServiceBlockingStub.requestVote(RaftServerProtocolServiceGrpc.java:265)
	at org.apache.ratis.grpc.server.GrpcServerProtocolClient.requestVote(GrpcServerProtocolClient.java:99)
	at org.apache.ratis.grpc.server.GrpcService.requestVote(GrpcService.java:204)
	at org.apache.ratis.server.impl.LeaderElection.lambda$submitRequests$1(LeaderElection.java:234)
	at java.util.concurrent.FutureTask.run(FutureTask.java:266)
	at java.util.concurrent.Executors$RunnableAdapter.call(Executors.java:511)
	at java.util.concurrent.FutureTask.run(FutureTask.java:266)
	at java.util.concurrent.ThreadPoolExecutor.runWorker(ThreadPoolExecutor.java:1149)
	at java.util.concurrent.ThreadPoolExecutor$Worker.run(ThreadPoolExecutor.java:624)
	... 1 more
Caused by: org.apache.ratis.thirdparty.io.netty.channel.AbstractChannel$AnnotatedConnectException: Connection refused: /192.168.164.239:42501
	at sun.nio.ch.SocketChannelImpl.checkConnect(Native Method)
	at sun.nio.ch.SocketChannelImpl.finishConnect(SocketChannelImpl.java:717)
	at org.apache.ratis.thirdparty.io.netty.channel.socket.nio.NioSocketChannel.doFinishConnect(NioSocketChannel.java:327)
	at org.apache.ratis.thirdparty.io.netty.channel.nio.AbstractNioChannel$AbstractNioUnsafe.finishConnect(AbstractNioChannel.java:340)
	at org.apache.ratis.thirdparty.io.netty.channel.nio.NioEventLoop.processSelectedKey(NioEventLoop.java:632)
	at org.apache.ratis.thirdparty.io.netty.channel.nio.NioEventLoop.processSelectedKeysOptimized(NioEventLoop.java:579)
	at org.apache.ratis.thirdparty.io.netty.channel.nio.NioEventLoop.processSelectedKeys(NioEventLoop.java:496)
	at org.apache.ratis.thirdparty.io.netty.channel.nio.NioEventLoop.run(NioEventLoop.java:458)
	at org.apache.ratis.thirdparty.io.netty.util.concurrent.SingleThreadEventExecutor$5.run(SingleThreadEventExecutor.java:897)
	at org.apache.ratis.thirdparty.io.netty.util.concurrent.FastThreadLocalRunnable.run(FastThreadLocalRunnable.java:30)
	... 1 more
Caused by: java.net.ConnectException: Connection refused
	... 11 more
2019-10-15 16:29:54,418 [grpc-default-executor-11] INFO  impl.RaftServerImpl (RaftServerImpl.java:setRole(184)) - 14091fe6-d183-4b46-be93-2ba964a39c73@group-C25BD028928E: changes role from  FOLLOWER to FOLLOWER at term 150 for recognizeCandidate:f5624850-682f-4ec5-bb5c-f79627fc299e
2019-10-15 16:29:54,418 [grpc-default-executor-11] INFO  impl.RoleInfo (RoleInfo.java:shutdownFollowerState(121)) - 14091fe6-d183-4b46-be93-2ba964a39c73: shutdown FollowerState
2019-10-15 16:29:54,418 [grpc-default-executor-11] INFO  impl.RoleInfo (RoleInfo.java:updateAndGet(143)) - 14091fe6-d183-4b46-be93-2ba964a39c73: start FollowerState
2019-10-15 16:29:54,418 [Thread-1535] INFO  impl.FollowerState (FollowerState.java:run(117)) - 14091fe6-d183-4b46-be93-2ba964a39c73@group-C25BD028928E-FollowerState was interrupted: java.lang.InterruptedException: sleep interrupted
2019-10-15 16:29:54,455 [f5624850-682f-4ec5-bb5c-f79627fc299e@group-C25BD028928E-LeaderElection160] INFO  impl.LeaderElection (LeaderElection.java:logAndReturn(56)) - f5624850-682f-4ec5-bb5c-f79627fc299e@group-C25BD028928E-LeaderElection160: Election REJECTED; received 1 response(s) [f5624850-682f-4ec5-bb5c-f79627fc299e<-14091fe6-d183-4b46-be93-2ba964a39c73#0:FAIL-t150] and 1 exception(s); f5624850-682f-4ec5-bb5c-f79627fc299e@group-C25BD028928E:t150, leader=null, voted=f5624850-682f-4ec5-bb5c-f79627fc299e, raftlog=f5624850-682f-4ec5-bb5c-f79627fc299e@group-C25BD028928E-SegmentedRaftLog:OPENED:c-1,f-1,i0, conf=-1: [f581660d-af3d-4f5f-b57d-f4cb54f048b9:192.168.164.239:42501, f5624850-682f-4ec5-bb5c-f79627fc299e:192.168.164.239:39499, 14091fe6-d183-4b46-be93-2ba964a39c73:192.168.164.239:34827], old=null
2019-10-15 16:29:54,455 [f5624850-682f-4ec5-bb5c-f79627fc299e@group-C25BD028928E-LeaderElection160] INFO  impl.LeaderElection (LogUtils.java:infoOrTrace(149)) -   Exception 0: {}
java.util.concurrent.ExecutionException: org.apache.ratis.thirdparty.io.grpc.StatusRuntimeException: UNAVAILABLE: io exception
	at java.util.concurrent.FutureTask.report(FutureTask.java:122)
	at java.util.concurrent.FutureTask.get(FutureTask.java:192)
	at org.apache.ratis.server.impl.LeaderElection.waitForResults(LeaderElection.java:259)
	at org.apache.ratis.server.impl.LeaderElection.askForVotes(LeaderElection.java:197)
	at org.apache.ratis.server.impl.LeaderElection.run(LeaderElection.java:133)
	at java.lang.Thread.run(Thread.java:748)
Caused by: org.apache.ratis.thirdparty.io.grpc.StatusRuntimeException: UNAVAILABLE: io exception
	at org.apache.ratis.thirdparty.io.grpc.stub.ClientCalls.toStatusRuntimeException(ClientCalls.java:233)
	at org.apache.ratis.thirdparty.io.grpc.stub.ClientCalls.getUnchecked(ClientCalls.java:214)
	at org.apache.ratis.thirdparty.io.grpc.stub.ClientCalls.blockingUnaryCall(ClientCalls.java:139)
	at org.apache.ratis.proto.grpc.RaftServerProtocolServiceGrpc$RaftServerProtocolServiceBlockingStub.requestVote(RaftServerProtocolServiceGrpc.java:265)
	at org.apache.ratis.grpc.server.GrpcServerProtocolClient.requestVote(GrpcServerProtocolClient.java:99)
	at org.apache.ratis.grpc.server.GrpcService.requestVote(GrpcService.java:204)
	at org.apache.ratis.server.impl.LeaderElection.lambda$submitRequests$1(LeaderElection.java:234)
	at java.util.concurrent.FutureTask.run(FutureTask.java:266)
	at java.util.concurrent.Executors$RunnableAdapter.call(Executors.java:511)
	at java.util.concurrent.FutureTask.run(FutureTask.java:266)
	at java.util.concurrent.ThreadPoolExecutor.runWorker(ThreadPoolExecutor.java:1149)
	at java.util.concurrent.ThreadPoolExecutor$Worker.run(ThreadPoolExecutor.java:624)
	... 1 more
Caused by: org.apache.ratis.thirdparty.io.netty.channel.AbstractChannel$AnnotatedConnectException: Connection refused: /192.168.164.239:42501
	at sun.nio.ch.SocketChannelImpl.checkConnect(Native Method)
	at sun.nio.ch.SocketChannelImpl.finishConnect(SocketChannelImpl.java:717)
	at org.apache.ratis.thirdparty.io.netty.channel.socket.nio.NioSocketChannel.doFinishConnect(NioSocketChannel.java:327)
	at org.apache.ratis.thirdparty.io.netty.channel.nio.AbstractNioChannel$AbstractNioUnsafe.finishConnect(AbstractNioChannel.java:340)
	at org.apache.ratis.thirdparty.io.netty.channel.nio.NioEventLoop.processSelectedKey(NioEventLoop.java:632)
	at org.apache.ratis.thirdparty.io.netty.channel.nio.NioEventLoop.processSelectedKeysOptimized(NioEventLoop.java:579)
	at org.apache.ratis.thirdparty.io.netty.channel.nio.NioEventLoop.processSelectedKeys(NioEventLoop.java:496)
	at org.apache.ratis.thirdparty.io.netty.channel.nio.NioEventLoop.run(NioEventLoop.java:458)
	at org.apache.ratis.thirdparty.io.netty.util.concurrent.SingleThreadEventExecutor$5.run(SingleThreadEventExecutor.java:897)
	at org.apache.ratis.thirdparty.io.netty.util.concurrent.FastThreadLocalRunnable.run(FastThreadLocalRunnable.java:30)
	... 1 more
Caused by: java.net.ConnectException: Connection refused
	... 11 more
2019-10-15 16:29:54,455 [f5624850-682f-4ec5-bb5c-f79627fc299e@group-C25BD028928E-LeaderElection160] INFO  impl.RaftServerImpl (RaftServerImpl.java:setRole(184)) - f5624850-682f-4ec5-bb5c-f79627fc299e@group-C25BD028928E: changes role from CANDIDATE to FOLLOWER at term 150 for DISCOVERED_A_NEW_TERM
2019-10-15 16:29:54,456 [f5624850-682f-4ec5-bb5c-f79627fc299e@group-C25BD028928E-LeaderElection160] INFO  impl.RoleInfo (RoleInfo.java:shutdownLeaderElection(134)) - f5624850-682f-4ec5-bb5c-f79627fc299e: shutdown LeaderElection
2019-10-15 16:29:54,456 [f5624850-682f-4ec5-bb5c-f79627fc299e@group-C25BD028928E-LeaderElection160] INFO  impl.RoleInfo (RoleInfo.java:updateAndGet(143)) - f5624850-682f-4ec5-bb5c-f79627fc299e: start FollowerState
2019-10-15 16:29:54,538 [Thread-1541] INFO  impl.FollowerState (FollowerState.java:run(108)) - f5624850-682f-4ec5-bb5c-f79627fc299e@group-C25BD028928E-FollowerState: change to CANDIDATE, lastRpcTime:82ms, electionTimeout:82ms
2019-10-15 16:29:54,539 [Thread-1541] INFO  impl.RoleInfo (RoleInfo.java:shutdownFollowerState(121)) - f5624850-682f-4ec5-bb5c-f79627fc299e: shutdown FollowerState
2019-10-15 16:29:54,539 [Thread-1541] INFO  impl.RaftServerImpl (RaftServerImpl.java:setRole(184)) - f5624850-682f-4ec5-bb5c-f79627fc299e@group-C25BD028928E: changes role from  FOLLOWER to CANDIDATE at term 150 for changeToCandidate
2019-10-15 16:29:54,539 [Thread-1541] INFO  impl.RoleInfo (RoleInfo.java:updateAndGet(143)) - f5624850-682f-4ec5-bb5c-f79627fc299e: start LeaderElection
2019-10-15 16:29:54,563 [f5624850-682f-4ec5-bb5c-f79627fc299e@group-C25BD028928E-LeaderElection161] INFO  impl.LeaderElection (LeaderElection.java:askForVotes(178)) - f5624850-682f-4ec5-bb5c-f79627fc299e@group-C25BD028928E-LeaderElection161: begin an election at term 151 for -1: [f581660d-af3d-4f5f-b57d-f4cb54f048b9:192.168.164.239:42501, f5624850-682f-4ec5-bb5c-f79627fc299e:192.168.164.239:39499, 14091fe6-d183-4b46-be93-2ba964a39c73:192.168.164.239:34827], old=null
2019-10-15 16:29:54,564 [f5624850-682f-4ec5-bb5c-f79627fc299e@group-C25BD028928E-LeaderElection161] INFO  impl.LeaderElection (LogUtils.java:infoOrTrace(149)) - f5624850-682f-4ec5-bb5c-f79627fc299e@group-C25BD028928E-LeaderElection161 got exception when requesting votes: {}
java.util.concurrent.ExecutionException: org.apache.ratis.thirdparty.io.grpc.StatusRuntimeException: UNAVAILABLE: io exception
	at java.util.concurrent.FutureTask.report(FutureTask.java:122)
	at java.util.concurrent.FutureTask.get(FutureTask.java:192)
	at org.apache.ratis.server.impl.LeaderElection.waitForResults(LeaderElection.java:259)
	at org.apache.ratis.server.impl.LeaderElection.askForVotes(LeaderElection.java:197)
	at org.apache.ratis.server.impl.LeaderElection.run(LeaderElection.java:133)
	at java.lang.Thread.run(Thread.java:748)
Caused by: org.apache.ratis.thirdparty.io.grpc.StatusRuntimeException: UNAVAILABLE: io exception
	at org.apache.ratis.thirdparty.io.grpc.stub.ClientCalls.toStatusRuntimeException(ClientCalls.java:233)
	at org.apache.ratis.thirdparty.io.grpc.stub.ClientCalls.getUnchecked(ClientCalls.java:214)
	at org.apache.ratis.thirdparty.io.grpc.stub.ClientCalls.blockingUnaryCall(ClientCalls.java:139)
	at org.apache.ratis.proto.grpc.RaftServerProtocolServiceGrpc$RaftServerProtocolServiceBlockingStub.requestVote(RaftServerProtocolServiceGrpc.java:265)
	at org.apache.ratis.grpc.server.GrpcServerProtocolClient.requestVote(GrpcServerProtocolClient.java:99)
	at org.apache.ratis.grpc.server.GrpcService.requestVote(GrpcService.java:204)
	at org.apache.ratis.server.impl.LeaderElection.lambda$submitRequests$1(LeaderElection.java:234)
	at java.util.concurrent.FutureTask.run(FutureTask.java:266)
	at java.util.concurrent.Executors$RunnableAdapter.call(Executors.java:511)
	at java.util.concurrent.FutureTask.run(FutureTask.java:266)
	at java.util.concurrent.ThreadPoolExecutor.runWorker(ThreadPoolExecutor.java:1149)
	at java.util.concurrent.ThreadPoolExecutor$Worker.run(ThreadPoolExecutor.java:624)
	... 1 more
Caused by: org.apache.ratis.thirdparty.io.netty.channel.AbstractChannel$AnnotatedConnectException: Connection refused: /192.168.164.239:42501
	at sun.nio.ch.SocketChannelImpl.checkConnect(Native Method)
	at sun.nio.ch.SocketChannelImpl.finishConnect(SocketChannelImpl.java:717)
	at org.apache.ratis.thirdparty.io.netty.channel.socket.nio.NioSocketChannel.doFinishConnect(NioSocketChannel.java:327)
	at org.apache.ratis.thirdparty.io.netty.channel.nio.AbstractNioChannel$AbstractNioUnsafe.finishConnect(AbstractNioChannel.java:340)
	at org.apache.ratis.thirdparty.io.netty.channel.nio.NioEventLoop.processSelectedKey(NioEventLoop.java:632)
	at org.apache.ratis.thirdparty.io.netty.channel.nio.NioEventLoop.processSelectedKeysOptimized(NioEventLoop.java:579)
	at org.apache.ratis.thirdparty.io.netty.channel.nio.NioEventLoop.processSelectedKeys(NioEventLoop.java:496)
	at org.apache.ratis.thirdparty.io.netty.channel.nio.NioEventLoop.run(NioEventLoop.java:458)
	at org.apache.ratis.thirdparty.io.netty.util.concurrent.SingleThreadEventExecutor$5.run(SingleThreadEventExecutor.java:897)
	at org.apache.ratis.thirdparty.io.netty.util.concurrent.FastThreadLocalRunnable.run(FastThreadLocalRunnable.java:30)
	... 1 more
Caused by: java.net.ConnectException: Connection refused
	... 11 more
2019-10-15 16:29:54,567 [grpc-default-executor-11] INFO  impl.RaftServerImpl (RaftServerImpl.java:setRole(184)) - 14091fe6-d183-4b46-be93-2ba964a39c73@group-C25BD028928E: changes role from  FOLLOWER to FOLLOWER at term 151 for recognizeCandidate:f5624850-682f-4ec5-bb5c-f79627fc299e
2019-10-15 16:29:54,568 [grpc-default-executor-11] INFO  impl.RoleInfo (RoleInfo.java:shutdownFollowerState(121)) - 14091fe6-d183-4b46-be93-2ba964a39c73: shutdown FollowerState
2019-10-15 16:29:54,568 [grpc-default-executor-11] INFO  impl.RoleInfo (RoleInfo.java:updateAndGet(143)) - 14091fe6-d183-4b46-be93-2ba964a39c73: start FollowerState
2019-10-15 16:29:54,568 [Thread-1540] INFO  impl.FollowerState (FollowerState.java:run(117)) - 14091fe6-d183-4b46-be93-2ba964a39c73@group-C25BD028928E-FollowerState was interrupted: java.lang.InterruptedException: sleep interrupted
2019-10-15 16:29:54,574 [java.util.concurrent.ThreadPoolExecutor$Worker@56768177[State = -1, empty queue]] WARN  server.GrpcLogAppender (GrpcLogAppender.java:timeoutAppendRequest(209)) - c48d8dfa-9e66-4eac-9ff2-02281a99dfa9@group-F2FE1ED60945->cccd55fe-f481-4e2b-93ed-b6a86d13c378-GrpcLogAppender: appendEntries Timeout, request=c48d8dfa-9e66-4eac-9ff2-02281a99dfa9->cccd55fe-f481-4e2b-93ed-b6a86d13c378#35-t5, previous=(t:5, i:0), leaderCommit=0, initializing? false, entries: <empty>
2019-10-15 16:29:54,602 [f5624850-682f-4ec5-bb5c-f79627fc299e@group-C25BD028928E-LeaderElection161] INFO  impl.LeaderElection (LeaderElection.java:logAndReturn(56)) - f5624850-682f-4ec5-bb5c-f79627fc299e@group-C25BD028928E-LeaderElection161: Election REJECTED; received 1 response(s) [f5624850-682f-4ec5-bb5c-f79627fc299e<-14091fe6-d183-4b46-be93-2ba964a39c73#0:FAIL-t151] and 1 exception(s); f5624850-682f-4ec5-bb5c-f79627fc299e@group-C25BD028928E:t151, leader=null, voted=f5624850-682f-4ec5-bb5c-f79627fc299e, raftlog=f5624850-682f-4ec5-bb5c-f79627fc299e@group-C25BD028928E-SegmentedRaftLog:OPENED:c-1,f-1,i0, conf=-1: [f581660d-af3d-4f5f-b57d-f4cb54f048b9:192.168.164.239:42501, f5624850-682f-4ec5-bb5c-f79627fc299e:192.168.164.239:39499, 14091fe6-d183-4b46-be93-2ba964a39c73:192.168.164.239:34827], old=null
2019-10-15 16:29:54,602 [f5624850-682f-4ec5-bb5c-f79627fc299e@group-C25BD028928E-LeaderElection161] INFO  impl.LeaderElection (LogUtils.java:infoOrTrace(149)) -   Exception 0: {}
java.util.concurrent.ExecutionException: org.apache.ratis.thirdparty.io.grpc.StatusRuntimeException: UNAVAILABLE: io exception
	at java.util.concurrent.FutureTask.report(FutureTask.java:122)
	at java.util.concurrent.FutureTask.get(FutureTask.java:192)
	at org.apache.ratis.server.impl.LeaderElection.waitForResults(LeaderElection.java:259)
	at org.apache.ratis.server.impl.LeaderElection.askForVotes(LeaderElection.java:197)
	at org.apache.ratis.server.impl.LeaderElection.run(LeaderElection.java:133)
	at java.lang.Thread.run(Thread.java:748)
Caused by: org.apache.ratis.thirdparty.io.grpc.StatusRuntimeException: UNAVAILABLE: io exception
	at org.apache.ratis.thirdparty.io.grpc.stub.ClientCalls.toStatusRuntimeException(ClientCalls.java:233)
	at org.apache.ratis.thirdparty.io.grpc.stub.ClientCalls.getUnchecked(ClientCalls.java:214)
	at org.apache.ratis.thirdparty.io.grpc.stub.ClientCalls.blockingUnaryCall(ClientCalls.java:139)
	at org.apache.ratis.proto.grpc.RaftServerProtocolServiceGrpc$RaftServerProtocolServiceBlockingStub.requestVote(RaftServerProtocolServiceGrpc.java:265)
	at org.apache.ratis.grpc.server.GrpcServerProtocolClient.requestVote(GrpcServerProtocolClient.java:99)
	at org.apache.ratis.grpc.server.GrpcService.requestVote(GrpcService.java:204)
	at org.apache.ratis.server.impl.LeaderElection.lambda$submitRequests$1(LeaderElection.java:234)
	at java.util.concurrent.FutureTask.run(FutureTask.java:266)
	at java.util.concurrent.Executors$RunnableAdapter.call(Executors.java:511)
	at java.util.concurrent.FutureTask.run(FutureTask.java:266)
	at java.util.concurrent.ThreadPoolExecutor.runWorker(ThreadPoolExecutor.java:1149)
	at java.util.concurrent.ThreadPoolExecutor$Worker.run(ThreadPoolExecutor.java:624)
	... 1 more
Caused by: org.apache.ratis.thirdparty.io.netty.channel.AbstractChannel$AnnotatedConnectException: Connection refused: /192.168.164.239:42501
	at sun.nio.ch.SocketChannelImpl.checkConnect(Native Method)
	at sun.nio.ch.SocketChannelImpl.finishConnect(SocketChannelImpl.java:717)
	at org.apache.ratis.thirdparty.io.netty.channel.socket.nio.NioSocketChannel.doFinishConnect(NioSocketChannel.java:327)
	at org.apache.ratis.thirdparty.io.netty.channel.nio.AbstractNioChannel$AbstractNioUnsafe.finishConnect(AbstractNioChannel.java:340)
	at org.apache.ratis.thirdparty.io.netty.channel.nio.NioEventLoop.processSelectedKey(NioEventLoop.java:632)
	at org.apache.ratis.thirdparty.io.netty.channel.nio.NioEventLoop.processSelectedKeysOptimized(NioEventLoop.java:579)
	at org.apache.ratis.thirdparty.io.netty.channel.nio.NioEventLoop.processSelectedKeys(NioEventLoop.java:496)
	at org.apache.ratis.thirdparty.io.netty.channel.nio.NioEventLoop.run(NioEventLoop.java:458)
	at org.apache.ratis.thirdparty.io.netty.util.concurrent.SingleThreadEventExecutor$5.run(SingleThreadEventExecutor.java:897)
	at org.apache.ratis.thirdparty.io.netty.util.concurrent.FastThreadLocalRunnable.run(FastThreadLocalRunnable.java:30)
	... 1 more
Caused by: java.net.ConnectException: Connection refused
	... 11 more
2019-10-15 16:29:54,602 [f5624850-682f-4ec5-bb5c-f79627fc299e@group-C25BD028928E-LeaderElection161] INFO  impl.RaftServerImpl (RaftServerImpl.java:setRole(184)) - f5624850-682f-4ec5-bb5c-f79627fc299e@group-C25BD028928E: changes role from CANDIDATE to FOLLOWER at term 151 for DISCOVERED_A_NEW_TERM
2019-10-15 16:29:54,603 [f5624850-682f-4ec5-bb5c-f79627fc299e@group-C25BD028928E-LeaderElection161] INFO  impl.RoleInfo (RoleInfo.java:shutdownLeaderElection(134)) - f5624850-682f-4ec5-bb5c-f79627fc299e: shutdown LeaderElection
2019-10-15 16:29:54,603 [f5624850-682f-4ec5-bb5c-f79627fc299e@group-C25BD028928E-LeaderElection161] INFO  impl.RoleInfo (RoleInfo.java:updateAndGet(143)) - f5624850-682f-4ec5-bb5c-f79627fc299e: start FollowerState
2019-10-15 16:29:54,782 [Thread-1546] INFO  impl.FollowerState (FollowerState.java:run(108)) - f5624850-682f-4ec5-bb5c-f79627fc299e@group-C25BD028928E-FollowerState: change to CANDIDATE, lastRpcTime:179ms, electionTimeout:179ms
2019-10-15 16:29:54,782 [Thread-1546] INFO  impl.RoleInfo (RoleInfo.java:shutdownFollowerState(121)) - f5624850-682f-4ec5-bb5c-f79627fc299e: shutdown FollowerState
2019-10-15 16:29:54,783 [Thread-1546] INFO  impl.RaftServerImpl (RaftServerImpl.java:setRole(184)) - f5624850-682f-4ec5-bb5c-f79627fc299e@group-C25BD028928E: changes role from  FOLLOWER to CANDIDATE at term 151 for changeToCandidate
2019-10-15 16:29:54,783 [Thread-1546] INFO  impl.RoleInfo (RoleInfo.java:updateAndGet(143)) - f5624850-682f-4ec5-bb5c-f79627fc299e: start LeaderElection
2019-10-15 16:29:54,816 [f5624850-682f-4ec5-bb5c-f79627fc299e@group-C25BD028928E-LeaderElection162] INFO  impl.LeaderElection (LeaderElection.java:askForVotes(178)) - f5624850-682f-4ec5-bb5c-f79627fc299e@group-C25BD028928E-LeaderElection162: begin an election at term 152 for -1: [f581660d-af3d-4f5f-b57d-f4cb54f048b9:192.168.164.239:42501, f5624850-682f-4ec5-bb5c-f79627fc299e:192.168.164.239:39499, 14091fe6-d183-4b46-be93-2ba964a39c73:192.168.164.239:34827], old=null
2019-10-15 16:29:54,817 [f5624850-682f-4ec5-bb5c-f79627fc299e@group-C25BD028928E-LeaderElection162] INFO  impl.LeaderElection (LogUtils.java:infoOrTrace(149)) - f5624850-682f-4ec5-bb5c-f79627fc299e@group-C25BD028928E-LeaderElection162 got exception when requesting votes: {}
java.util.concurrent.ExecutionException: org.apache.ratis.thirdparty.io.grpc.StatusRuntimeException: UNAVAILABLE: io exception
	at java.util.concurrent.FutureTask.report(FutureTask.java:122)
	at java.util.concurrent.FutureTask.get(FutureTask.java:192)
	at org.apache.ratis.server.impl.LeaderElection.waitForResults(LeaderElection.java:259)
	at org.apache.ratis.server.impl.LeaderElection.askForVotes(LeaderElection.java:197)
	at org.apache.ratis.server.impl.LeaderElection.run(LeaderElection.java:133)
	at java.lang.Thread.run(Thread.java:748)
Caused by: org.apache.ratis.thirdparty.io.grpc.StatusRuntimeException: UNAVAILABLE: io exception
	at org.apache.ratis.thirdparty.io.grpc.stub.ClientCalls.toStatusRuntimeException(ClientCalls.java:233)
	at org.apache.ratis.thirdparty.io.grpc.stub.ClientCalls.getUnchecked(ClientCalls.java:214)
	at org.apache.ratis.thirdparty.io.grpc.stub.ClientCalls.blockingUnaryCall(ClientCalls.java:139)
	at org.apache.ratis.proto.grpc.RaftServerProtocolServiceGrpc$RaftServerProtocolServiceBlockingStub.requestVote(RaftServerProtocolServiceGrpc.java:265)
	at org.apache.ratis.grpc.server.GrpcServerProtocolClient.requestVote(GrpcServerProtocolClient.java:99)
	at org.apache.ratis.grpc.server.GrpcService.requestVote(GrpcService.java:204)
	at org.apache.ratis.server.impl.LeaderElection.lambda$submitRequests$1(LeaderElection.java:234)
	at java.util.concurrent.FutureTask.run(FutureTask.java:266)
	at java.util.concurrent.Executors$RunnableAdapter.call(Executors.java:511)
	at java.util.concurrent.FutureTask.run(FutureTask.java:266)
	at java.util.concurrent.ThreadPoolExecutor.runWorker(ThreadPoolExecutor.java:1149)
	at java.util.concurrent.ThreadPoolExecutor$Worker.run(ThreadPoolExecutor.java:624)
	... 1 more
Caused by: org.apache.ratis.thirdparty.io.netty.channel.AbstractChannel$AnnotatedConnectException: Connection refused: /192.168.164.239:42501
	at sun.nio.ch.SocketChannelImpl.checkConnect(Native Method)
	at sun.nio.ch.SocketChannelImpl.finishConnect(SocketChannelImpl.java:717)
	at org.apache.ratis.thirdparty.io.netty.channel.socket.nio.NioSocketChannel.doFinishConnect(NioSocketChannel.java:327)
	at org.apache.ratis.thirdparty.io.netty.channel.nio.AbstractNioChannel$AbstractNioUnsafe.finishConnect(AbstractNioChannel.java:340)
	at org.apache.ratis.thirdparty.io.netty.channel.nio.NioEventLoop.processSelectedKey(NioEventLoop.java:632)
	at org.apache.ratis.thirdparty.io.netty.channel.nio.NioEventLoop.processSelectedKeysOptimized(NioEventLoop.java:579)
	at org.apache.ratis.thirdparty.io.netty.channel.nio.NioEventLoop.processSelectedKeys(NioEventLoop.java:496)
	at org.apache.ratis.thirdparty.io.netty.channel.nio.NioEventLoop.run(NioEventLoop.java:458)
	at org.apache.ratis.thirdparty.io.netty.util.concurrent.SingleThreadEventExecutor$5.run(SingleThreadEventExecutor.java:897)
	at org.apache.ratis.thirdparty.io.netty.util.concurrent.FastThreadLocalRunnable.run(FastThreadLocalRunnable.java:30)
	... 1 more
Caused by: java.net.ConnectException: Connection refused
	... 11 more
2019-10-15 16:29:54,820 [grpc-default-executor-4] INFO  impl.RaftServerImpl (RaftServerImpl.java:setRole(184)) - 14091fe6-d183-4b46-be93-2ba964a39c73@group-C25BD028928E: changes role from  FOLLOWER to FOLLOWER at term 152 for recognizeCandidate:f5624850-682f-4ec5-bb5c-f79627fc299e
2019-10-15 16:29:54,820 [grpc-default-executor-4] INFO  impl.RoleInfo (RoleInfo.java:shutdownFollowerState(121)) - 14091fe6-d183-4b46-be93-2ba964a39c73: shutdown FollowerState
2019-10-15 16:29:54,820 [grpc-default-executor-4] INFO  impl.RoleInfo (RoleInfo.java:updateAndGet(143)) - 14091fe6-d183-4b46-be93-2ba964a39c73: start FollowerState
2019-10-15 16:29:54,820 [Thread-1545] INFO  impl.FollowerState (FollowerState.java:run(117)) - 14091fe6-d183-4b46-be93-2ba964a39c73@group-C25BD028928E-FollowerState was interrupted: java.lang.InterruptedException: sleep interrupted
2019-10-15 16:29:54,842 [f5624850-682f-4ec5-bb5c-f79627fc299e@group-C25BD028928E-LeaderElection162] INFO  impl.LeaderElection (LeaderElection.java:logAndReturn(56)) - f5624850-682f-4ec5-bb5c-f79627fc299e@group-C25BD028928E-LeaderElection162: Election REJECTED; received 1 response(s) [f5624850-682f-4ec5-bb5c-f79627fc299e<-14091fe6-d183-4b46-be93-2ba964a39c73#0:FAIL-t152] and 1 exception(s); f5624850-682f-4ec5-bb5c-f79627fc299e@group-C25BD028928E:t152, leader=null, voted=f5624850-682f-4ec5-bb5c-f79627fc299e, raftlog=f5624850-682f-4ec5-bb5c-f79627fc299e@group-C25BD028928E-SegmentedRaftLog:OPENED:c-1,f-1,i0, conf=-1: [f581660d-af3d-4f5f-b57d-f4cb54f048b9:192.168.164.239:42501, f5624850-682f-4ec5-bb5c-f79627fc299e:192.168.164.239:39499, 14091fe6-d183-4b46-be93-2ba964a39c73:192.168.164.239:34827], old=null
2019-10-15 16:29:54,842 [f5624850-682f-4ec5-bb5c-f79627fc299e@group-C25BD028928E-LeaderElection162] INFO  impl.LeaderElection (LogUtils.java:infoOrTrace(149)) -   Exception 0: {}
java.util.concurrent.ExecutionException: org.apache.ratis.thirdparty.io.grpc.StatusRuntimeException: UNAVAILABLE: io exception
	at java.util.concurrent.FutureTask.report(FutureTask.java:122)
	at java.util.concurrent.FutureTask.get(FutureTask.java:192)
	at org.apache.ratis.server.impl.LeaderElection.waitForResults(LeaderElection.java:259)
	at org.apache.ratis.server.impl.LeaderElection.askForVotes(LeaderElection.java:197)
	at org.apache.ratis.server.impl.LeaderElection.run(LeaderElection.java:133)
	at java.lang.Thread.run(Thread.java:748)
Caused by: org.apache.ratis.thirdparty.io.grpc.StatusRuntimeException: UNAVAILABLE: io exception
	at org.apache.ratis.thirdparty.io.grpc.stub.ClientCalls.toStatusRuntimeException(ClientCalls.java:233)
	at org.apache.ratis.thirdparty.io.grpc.stub.ClientCalls.getUnchecked(ClientCalls.java:214)
	at org.apache.ratis.thirdparty.io.grpc.stub.ClientCalls.blockingUnaryCall(ClientCalls.java:139)
	at org.apache.ratis.proto.grpc.RaftServerProtocolServiceGrpc$RaftServerProtocolServiceBlockingStub.requestVote(RaftServerProtocolServiceGrpc.java:265)
	at org.apache.ratis.grpc.server.GrpcServerProtocolClient.requestVote(GrpcServerProtocolClient.java:99)
	at org.apache.ratis.grpc.server.GrpcService.requestVote(GrpcService.java:204)
	at org.apache.ratis.server.impl.LeaderElection.lambda$submitRequests$1(LeaderElection.java:234)
	at java.util.concurrent.FutureTask.run(FutureTask.java:266)
	at java.util.concurrent.Executors$RunnableAdapter.call(Executors.java:511)
	at java.util.concurrent.FutureTask.run(FutureTask.java:266)
	at java.util.concurrent.ThreadPoolExecutor.runWorker(ThreadPoolExecutor.java:1149)
	at java.util.concurrent.ThreadPoolExecutor$Worker.run(ThreadPoolExecutor.java:624)
	... 1 more
Caused by: org.apache.ratis.thirdparty.io.netty.channel.AbstractChannel$AnnotatedConnectException: Connection refused: /192.168.164.239:42501
	at sun.nio.ch.SocketChannelImpl.checkConnect(Native Method)
	at sun.nio.ch.SocketChannelImpl.finishConnect(SocketChannelImpl.java:717)
	at org.apache.ratis.thirdparty.io.netty.channel.socket.nio.NioSocketChannel.doFinishConnect(NioSocketChannel.java:327)
	at org.apache.ratis.thirdparty.io.netty.channel.nio.AbstractNioChannel$AbstractNioUnsafe.finishConnect(AbstractNioChannel.java:340)
	at org.apache.ratis.thirdparty.io.netty.channel.nio.NioEventLoop.processSelectedKey(NioEventLoop.java:632)
	at org.apache.ratis.thirdparty.io.netty.channel.nio.NioEventLoop.processSelectedKeysOptimized(NioEventLoop.java:579)
	at org.apache.ratis.thirdparty.io.netty.channel.nio.NioEventLoop.processSelectedKeys(NioEventLoop.java:496)
	at org.apache.ratis.thirdparty.io.netty.channel.nio.NioEventLoop.run(NioEventLoop.java:458)
	at org.apache.ratis.thirdparty.io.netty.util.concurrent.SingleThreadEventExecutor$5.run(SingleThreadEventExecutor.java:897)
	at org.apache.ratis.thirdparty.io.netty.util.concurrent.FastThreadLocalRunnable.run(FastThreadLocalRunnable.java:30)
	... 1 more
Caused by: java.net.ConnectException: Connection refused
	... 11 more
2019-10-15 16:29:54,843 [f5624850-682f-4ec5-bb5c-f79627fc299e@group-C25BD028928E-LeaderElection162] INFO  impl.RaftServerImpl (RaftServerImpl.java:setRole(184)) - f5624850-682f-4ec5-bb5c-f79627fc299e@group-C25BD028928E: changes role from CANDIDATE to FOLLOWER at term 152 for DISCOVERED_A_NEW_TERM
2019-10-15 16:29:54,843 [f5624850-682f-4ec5-bb5c-f79627fc299e@group-C25BD028928E-LeaderElection162] INFO  impl.RoleInfo (RoleInfo.java:shutdownLeaderElection(134)) - f5624850-682f-4ec5-bb5c-f79627fc299e: shutdown LeaderElection
2019-10-15 16:29:54,843 [f5624850-682f-4ec5-bb5c-f79627fc299e@group-C25BD028928E-LeaderElection162] INFO  impl.RoleInfo (RoleInfo.java:updateAndGet(143)) - f5624850-682f-4ec5-bb5c-f79627fc299e: start FollowerState
2019-10-15 16:29:54,857 [Thread-1554] INFO  impl.FollowerState (FollowerState.java:run(108)) - f5624850-682f-4ec5-bb5c-f79627fc299e@group-C25BD028928E-FollowerState: change to CANDIDATE, lastRpcTime:14ms, electionTimeout:14ms
2019-10-15 16:29:54,858 [Thread-1554] INFO  impl.RoleInfo (RoleInfo.java:shutdownFollowerState(121)) - f5624850-682f-4ec5-bb5c-f79627fc299e: shutdown FollowerState
2019-10-15 16:29:54,858 [Thread-1554] INFO  impl.RaftServerImpl (RaftServerImpl.java:setRole(184)) - f5624850-682f-4ec5-bb5c-f79627fc299e@group-C25BD028928E: changes role from  FOLLOWER to CANDIDATE at term 152 for changeToCandidate
2019-10-15 16:29:54,858 [Thread-1554] INFO  impl.RoleInfo (RoleInfo.java:updateAndGet(143)) - f5624850-682f-4ec5-bb5c-f79627fc299e: start LeaderElection
2019-10-15 16:29:54,884 [f5624850-682f-4ec5-bb5c-f79627fc299e@group-C25BD028928E-LeaderElection163] INFO  impl.LeaderElection (LeaderElection.java:askForVotes(178)) - f5624850-682f-4ec5-bb5c-f79627fc299e@group-C25BD028928E-LeaderElection163: begin an election at term 153 for -1: [f581660d-af3d-4f5f-b57d-f4cb54f048b9:192.168.164.239:42501, f5624850-682f-4ec5-bb5c-f79627fc299e:192.168.164.239:39499, 14091fe6-d183-4b46-be93-2ba964a39c73:192.168.164.239:34827], old=null
2019-10-15 16:29:54,885 [f5624850-682f-4ec5-bb5c-f79627fc299e@group-C25BD028928E-LeaderElection163] INFO  impl.LeaderElection (LogUtils.java:infoOrTrace(149)) - f5624850-682f-4ec5-bb5c-f79627fc299e@group-C25BD028928E-LeaderElection163 got exception when requesting votes: {}
java.util.concurrent.ExecutionException: org.apache.ratis.thirdparty.io.grpc.StatusRuntimeException: UNAVAILABLE: io exception
	at java.util.concurrent.FutureTask.report(FutureTask.java:122)
	at java.util.concurrent.FutureTask.get(FutureTask.java:192)
	at org.apache.ratis.server.impl.LeaderElection.waitForResults(LeaderElection.java:259)
	at org.apache.ratis.server.impl.LeaderElection.askForVotes(LeaderElection.java:197)
	at org.apache.ratis.server.impl.LeaderElection.run(LeaderElection.java:133)
	at java.lang.Thread.run(Thread.java:748)
Caused by: org.apache.ratis.thirdparty.io.grpc.StatusRuntimeException: UNAVAILABLE: io exception
	at org.apache.ratis.thirdparty.io.grpc.stub.ClientCalls.toStatusRuntimeException(ClientCalls.java:233)
	at org.apache.ratis.thirdparty.io.grpc.stub.ClientCalls.getUnchecked(ClientCalls.java:214)
	at org.apache.ratis.thirdparty.io.grpc.stub.ClientCalls.blockingUnaryCall(ClientCalls.java:139)
	at org.apache.ratis.proto.grpc.RaftServerProtocolServiceGrpc$RaftServerProtocolServiceBlockingStub.requestVote(RaftServerProtocolServiceGrpc.java:265)
	at org.apache.ratis.grpc.server.GrpcServerProtocolClient.requestVote(GrpcServerProtocolClient.java:99)
	at org.apache.ratis.grpc.server.GrpcService.requestVote(GrpcService.java:204)
	at org.apache.ratis.server.impl.LeaderElection.lambda$submitRequests$1(LeaderElection.java:234)
	at java.util.concurrent.FutureTask.run(FutureTask.java:266)
	at java.util.concurrent.Executors$RunnableAdapter.call(Executors.java:511)
	at java.util.concurrent.FutureTask.run(FutureTask.java:266)
	at java.util.concurrent.ThreadPoolExecutor.runWorker(ThreadPoolExecutor.java:1149)
	at java.util.concurrent.ThreadPoolExecutor$Worker.run(ThreadPoolExecutor.java:624)
	... 1 more
Caused by: org.apache.ratis.thirdparty.io.netty.channel.AbstractChannel$AnnotatedConnectException: Connection refused: /192.168.164.239:42501
	at sun.nio.ch.SocketChannelImpl.checkConnect(Native Method)
	at sun.nio.ch.SocketChannelImpl.finishConnect(SocketChannelImpl.java:717)
	at org.apache.ratis.thirdparty.io.netty.channel.socket.nio.NioSocketChannel.doFinishConnect(NioSocketChannel.java:327)
	at org.apache.ratis.thirdparty.io.netty.channel.nio.AbstractNioChannel$AbstractNioUnsafe.finishConnect(AbstractNioChannel.java:340)
	at org.apache.ratis.thirdparty.io.netty.channel.nio.NioEventLoop.processSelectedKey(NioEventLoop.java:632)
	at org.apache.ratis.thirdparty.io.netty.channel.nio.NioEventLoop.processSelectedKeysOptimized(NioEventLoop.java:579)
	at org.apache.ratis.thirdparty.io.netty.channel.nio.NioEventLoop.processSelectedKeys(NioEventLoop.java:496)
	at org.apache.ratis.thirdparty.io.netty.channel.nio.NioEventLoop.run(NioEventLoop.java:458)
	at org.apache.ratis.thirdparty.io.netty.util.concurrent.SingleThreadEventExecutor$5.run(SingleThreadEventExecutor.java:897)
	at org.apache.ratis.thirdparty.io.netty.util.concurrent.FastThreadLocalRunnable.run(FastThreadLocalRunnable.java:30)
	... 1 more
Caused by: java.net.ConnectException: Connection refused
	... 11 more
2019-10-15 16:29:54,888 [grpc-default-executor-4] INFO  impl.RaftServerImpl (RaftServerImpl.java:setRole(184)) - 14091fe6-d183-4b46-be93-2ba964a39c73@group-C25BD028928E: changes role from  FOLLOWER to FOLLOWER at term 153 for recognizeCandidate:f5624850-682f-4ec5-bb5c-f79627fc299e
2019-10-15 16:29:54,888 [grpc-default-executor-4] INFO  impl.RoleInfo (RoleInfo.java:shutdownFollowerState(121)) - 14091fe6-d183-4b46-be93-2ba964a39c73: shutdown FollowerState
2019-10-15 16:29:54,888 [grpc-default-executor-4] INFO  impl.RoleInfo (RoleInfo.java:updateAndGet(143)) - 14091fe6-d183-4b46-be93-2ba964a39c73: start FollowerState
2019-10-15 16:29:54,888 [Thread-1553] INFO  impl.FollowerState (FollowerState.java:run(117)) - 14091fe6-d183-4b46-be93-2ba964a39c73@group-C25BD028928E-FollowerState was interrupted: java.lang.InterruptedException: sleep interrupted
2019-10-15 16:29:54,928 [f5624850-682f-4ec5-bb5c-f79627fc299e@group-C25BD028928E-LeaderElection163] INFO  impl.LeaderElection (LeaderElection.java:logAndReturn(56)) - f5624850-682f-4ec5-bb5c-f79627fc299e@group-C25BD028928E-LeaderElection163: Election REJECTED; received 1 response(s) [f5624850-682f-4ec5-bb5c-f79627fc299e<-14091fe6-d183-4b46-be93-2ba964a39c73#0:FAIL-t153] and 1 exception(s); f5624850-682f-4ec5-bb5c-f79627fc299e@group-C25BD028928E:t153, leader=null, voted=f5624850-682f-4ec5-bb5c-f79627fc299e, raftlog=f5624850-682f-4ec5-bb5c-f79627fc299e@group-C25BD028928E-SegmentedRaftLog:OPENED:c-1,f-1,i0, conf=-1: [f581660d-af3d-4f5f-b57d-f4cb54f048b9:192.168.164.239:42501, f5624850-682f-4ec5-bb5c-f79627fc299e:192.168.164.239:39499, 14091fe6-d183-4b46-be93-2ba964a39c73:192.168.164.239:34827], old=null
2019-10-15 16:29:54,928 [f5624850-682f-4ec5-bb5c-f79627fc299e@group-C25BD028928E-LeaderElection163] INFO  impl.LeaderElection (LogUtils.java:infoOrTrace(149)) -   Exception 0: {}
java.util.concurrent.ExecutionException: org.apache.ratis.thirdparty.io.grpc.StatusRuntimeException: UNAVAILABLE: io exception
	at java.util.concurrent.FutureTask.report(FutureTask.java:122)
	at java.util.concurrent.FutureTask.get(FutureTask.java:192)
	at org.apache.ratis.server.impl.LeaderElection.waitForResults(LeaderElection.java:259)
	at org.apache.ratis.server.impl.LeaderElection.askForVotes(LeaderElection.java:197)
	at org.apache.ratis.server.impl.LeaderElection.run(LeaderElection.java:133)
	at java.lang.Thread.run(Thread.java:748)
Caused by: org.apache.ratis.thirdparty.io.grpc.StatusRuntimeException: UNAVAILABLE: io exception
	at org.apache.ratis.thirdparty.io.grpc.stub.ClientCalls.toStatusRuntimeException(ClientCalls.java:233)
	at org.apache.ratis.thirdparty.io.grpc.stub.ClientCalls.getUnchecked(ClientCalls.java:214)
	at org.apache.ratis.thirdparty.io.grpc.stub.ClientCalls.blockingUnaryCall(ClientCalls.java:139)
	at org.apache.ratis.proto.grpc.RaftServerProtocolServiceGrpc$RaftServerProtocolServiceBlockingStub.requestVote(RaftServerProtocolServiceGrpc.java:265)
	at org.apache.ratis.grpc.server.GrpcServerProtocolClient.requestVote(GrpcServerProtocolClient.java:99)
	at org.apache.ratis.grpc.server.GrpcService.requestVote(GrpcService.java:204)
	at org.apache.ratis.server.impl.LeaderElection.lambda$submitRequests$1(LeaderElection.java:234)
	at java.util.concurrent.FutureTask.run(FutureTask.java:266)
	at java.util.concurrent.Executors$RunnableAdapter.call(Executors.java:511)
	at java.util.concurrent.FutureTask.run(FutureTask.java:266)
	at java.util.concurrent.ThreadPoolExecutor.runWorker(ThreadPoolExecutor.java:1149)
	at java.util.concurrent.ThreadPoolExecutor$Worker.run(ThreadPoolExecutor.java:624)
	... 1 more
Caused by: org.apache.ratis.thirdparty.io.netty.channel.AbstractChannel$AnnotatedConnectException: Connection refused: /192.168.164.239:42501
	at sun.nio.ch.SocketChannelImpl.checkConnect(Native Method)
	at sun.nio.ch.SocketChannelImpl.finishConnect(SocketChannelImpl.java:717)
	at org.apache.ratis.thirdparty.io.netty.channel.socket.nio.NioSocketChannel.doFinishConnect(NioSocketChannel.java:327)
	at org.apache.ratis.thirdparty.io.netty.channel.nio.AbstractNioChannel$AbstractNioUnsafe.finishConnect(AbstractNioChannel.java:340)
	at org.apache.ratis.thirdparty.io.netty.channel.nio.NioEventLoop.processSelectedKey(NioEventLoop.java:632)
	at org.apache.ratis.thirdparty.io.netty.channel.nio.NioEventLoop.processSelectedKeysOptimized(NioEventLoop.java:579)
	at org.apache.ratis.thirdparty.io.netty.channel.nio.NioEventLoop.processSelectedKeys(NioEventLoop.java:496)
	at org.apache.ratis.thirdparty.io.netty.channel.nio.NioEventLoop.run(NioEventLoop.java:458)
	at org.apache.ratis.thirdparty.io.netty.util.concurrent.SingleThreadEventExecutor$5.run(SingleThreadEventExecutor.java:897)
	at org.apache.ratis.thirdparty.io.netty.util.concurrent.FastThreadLocalRunnable.run(FastThreadLocalRunnable.java:30)
	... 1 more
Caused by: java.net.ConnectException: Connection refused
	... 11 more
2019-10-15 16:29:54,928 [f5624850-682f-4ec5-bb5c-f79627fc299e@group-C25BD028928E-LeaderElection163] INFO  impl.RaftServerImpl (RaftServerImpl.java:setRole(184)) - f5624850-682f-4ec5-bb5c-f79627fc299e@group-C25BD028928E: changes role from CANDIDATE to FOLLOWER at term 153 for DISCOVERED_A_NEW_TERM
2019-10-15 16:29:54,929 [f5624850-682f-4ec5-bb5c-f79627fc299e@group-C25BD028928E-LeaderElection163] INFO  impl.RoleInfo (RoleInfo.java:shutdownLeaderElection(134)) - f5624850-682f-4ec5-bb5c-f79627fc299e: shutdown LeaderElection
2019-10-15 16:29:54,929 [f5624850-682f-4ec5-bb5c-f79627fc299e@group-C25BD028928E-LeaderElection163] INFO  impl.RoleInfo (RoleInfo.java:updateAndGet(143)) - f5624850-682f-4ec5-bb5c-f79627fc299e: start FollowerState
2019-10-15 16:29:54,948 [main] INFO  ozoneimpl.OzoneContainer (OzoneContainer.java:stop(227)) - Attempting to stop container services.
2019-10-15 16:29:54,949 [main] INFO  impl.RaftServerProxy (RaftServerProxy.java:lambda$close$4(314)) - 6af1a5bd-f075-405e-b6a5-6d145eedd789: close
2019-10-15 16:29:54,949 [main] INFO  impl.RaftServerImpl (RaftServerImpl.java:lambda$shutdown$3(261)) - 6af1a5bd-f075-405e-b6a5-6d145eedd789@group-EDBC1B544FF3: shutdown
2019-10-15 16:29:54,949 [main] INFO  util.JmxRegister (JmxRegister.java:unregister(73)) - Successfully un-registered JMX Bean with object name Ratis:service=RaftServer,group=group-EDBC1B544FF3,id=6af1a5bd-f075-405e-b6a5-6d145eedd789
2019-10-15 16:29:54,949 [main] INFO  impl.RoleInfo (RoleInfo.java:shutdownLeaderState(104)) - 6af1a5bd-f075-405e-b6a5-6d145eedd789: shutdown LeaderState
2019-10-15 16:29:54,950 [main] INFO  impl.PendingRequests (PendingRequests.java:sendNotLeaderResponses(202)) - 6af1a5bd-f075-405e-b6a5-6d145eedd789@group-EDBC1B544FF3-PendingRequests: sendNotLeaderResponses
2019-10-15 16:29:54,950 [main] INFO  impl.StateMachineUpdater (StateMachineUpdater.java:stopAndJoin(136)) - 6af1a5bd-f075-405e-b6a5-6d145eedd789@group-EDBC1B544FF3-StateMachineUpdater: set stopIndex = 0
2019-10-15 16:29:54,950 [main] INFO  impl.RaftServerImpl (ServerState.java:close(388)) - 6af1a5bd-f075-405e-b6a5-6d145eedd789@group-EDBC1B544FF3: closes. applyIndex: 0
2019-10-15 16:29:54,951 [6af1a5bd-f075-405e-b6a5-6d145eedd789@group-EDBC1B544FF3-SegmentedRaftLogWorker] INFO  segmented.SegmentedRaftLogWorker (SegmentedRaftLogWorker.java:run(316)) - 6af1a5bd-f075-405e-b6a5-6d145eedd789@group-EDBC1B544FF3-SegmentedRaftLogWorker was interrupted, exiting. There are 0 tasks remaining in the queue.
2019-10-15 16:29:54,952 [main] INFO  segmented.SegmentedRaftLogWorker (SegmentedRaftLogWorker.java:close(224)) - 6af1a5bd-f075-405e-b6a5-6d145eedd789@group-EDBC1B544FF3-SegmentedRaftLogWorker close()
2019-10-15 16:29:54,955 [main] INFO  impl.RaftServerImpl (RaftServerImpl.java:lambda$shutdown$3(261)) - 6af1a5bd-f075-405e-b6a5-6d145eedd789@group-AF37DB7271F3: shutdown
2019-10-15 16:29:54,955 [main] INFO  util.JmxRegister (JmxRegister.java:unregister(73)) - Successfully un-registered JMX Bean with object name Ratis:service=RaftServer,group=group-AF37DB7271F3,id=6af1a5bd-f075-405e-b6a5-6d145eedd789
2019-10-15 16:29:54,955 [main] INFO  impl.RoleInfo (RoleInfo.java:shutdownFollowerState(121)) - 6af1a5bd-f075-405e-b6a5-6d145eedd789: shutdown FollowerState
2019-10-15 16:29:54,955 [main] INFO  impl.StateMachineUpdater (StateMachineUpdater.java:stopAndJoin(136)) - 6af1a5bd-f075-405e-b6a5-6d145eedd789@group-AF37DB7271F3-StateMachineUpdater: set stopIndex = 19
2019-10-15 16:29:54,955 [Thread-488] INFO  impl.FollowerState (FollowerState.java:run(117)) - 6af1a5bd-f075-405e-b6a5-6d145eedd789@group-AF37DB7271F3-FollowerState was interrupted: java.lang.InterruptedException: sleep interrupted
2019-10-15 16:29:54,956 [6af1a5bd-f075-405e-b6a5-6d145eedd789@group-AF37DB7271F3-StateMachineUpdater] INFO  ratis.ContainerStateMachine (ContainerStateMachine.java:takeSnapshot(294)) - group-AF37DB7271F3: Taking a snapshot at:(t:7, i:18) file /workdir/hadoop-ozone/integration-test/target/test-dir/MiniOzoneClusterImpl-beab53a1-ec34-46da-8591-07ed803d9383/datanode-6/data/ratis/7a21e33d-5546-44ce-b605-af37db7271f3/sm/snapshot.7_18
2019-10-15 16:29:54,965 [ForkJoinPool.commonPool-worker-0] INFO  ozoneimpl.OzoneContainer (OzoneContainer.java:stop(227)) - Attempting to stop container services.
2019-10-15 16:29:54,965 [ForkJoinPool.commonPool-worker-0] INFO  impl.RaftServerProxy (RaftServerProxy.java:lambda$close$4(314)) - c48d8dfa-9e66-4eac-9ff2-02281a99dfa9: close
2019-10-15 16:29:54,966 [ForkJoinPool.commonPool-worker-0] INFO  impl.RaftServerImpl (RaftServerImpl.java:lambda$shutdown$3(261)) - c48d8dfa-9e66-4eac-9ff2-02281a99dfa9@group-F2FE1ED60945: shutdown
2019-10-15 16:29:54,966 [ForkJoinPool.commonPool-worker-0] INFO  util.JmxRegister (JmxRegister.java:unregister(73)) - Successfully un-registered JMX Bean with object name Ratis:service=RaftServer,group=group-F2FE1ED60945,id=c48d8dfa-9e66-4eac-9ff2-02281a99dfa9
2019-10-15 16:29:54,966 [ForkJoinPool.commonPool-worker-0] INFO  impl.RoleInfo (RoleInfo.java:shutdownLeaderState(104)) - c48d8dfa-9e66-4eac-9ff2-02281a99dfa9: shutdown LeaderState
2019-10-15 16:29:54,968 [ForkJoinPool.commonPool-worker-0] INFO  impl.PendingRequests (PendingRequests.java:sendNotLeaderResponses(202)) - c48d8dfa-9e66-4eac-9ff2-02281a99dfa9@group-F2FE1ED60945-PendingRequests: sendNotLeaderResponses
2019-10-15 16:29:54,968 [org.apache.ratis.server.impl.LogAppender$AppenderDaemon$$Lambda$445/240503556@3ed3d5c7] WARN  server.GrpcLogAppender (GrpcLogAppender.java:mayWait(149)) - c48d8dfa-9e66-4eac-9ff2-02281a99dfa9@group-F2FE1ED60945->24ee8ff7-dd07-49e6-bbcb-bb50ff0e8e36-GrpcLogAppender: Wait interrupted by java.lang.InterruptedException
2019-10-15 16:29:54,968 [ForkJoinPool.commonPool-worker-0] INFO  impl.StateMachineUpdater (StateMachineUpdater.java:stopAndJoin(136)) - c48d8dfa-9e66-4eac-9ff2-02281a99dfa9@group-F2FE1ED60945-StateMachineUpdater: set stopIndex = 0
2019-10-15 16:29:54,968 [org.apache.ratis.server.impl.LogAppender$AppenderDaemon$$Lambda$445/240503556@f163bea] WARN  server.GrpcLogAppender (GrpcLogAppender.java:mayWait(149)) - c48d8dfa-9e66-4eac-9ff2-02281a99dfa9@group-F2FE1ED60945->cccd55fe-f481-4e2b-93ed-b6a86d13c378-GrpcLogAppender: Wait interrupted by java.lang.InterruptedException
2019-10-15 16:29:54,969 [ForkJoinPool.commonPool-worker-0] INFO  impl.RaftServerImpl (ServerState.java:close(388)) - c48d8dfa-9e66-4eac-9ff2-02281a99dfa9@group-F2FE1ED60945: closes. applyIndex: 0
2019-10-15 16:29:54,969 [grpc-default-executor-4] INFO  server.GrpcServerProtocolService (GrpcServerProtocolService.java:onCompleted(113)) - 24ee8ff7-dd07-49e6-bbcb-bb50ff0e8e36: Completed APPEND_ENTRIES, lastRequest: c48d8dfa-9e66-4eac-9ff2-02281a99dfa9->24ee8ff7-dd07-49e6-bbcb-bb50ff0e8e36#41-t5, previous=(t:5, i:0), leaderCommit=0, initializing? false, entries: <empty>
2019-10-15 16:29:54,969 [c48d8dfa-9e66-4eac-9ff2-02281a99dfa9@group-F2FE1ED60945-SegmentedRaftLogWorker] INFO  segmented.SegmentedRaftLogWorker (SegmentedRaftLogWorker.java:run(316)) - c48d8dfa-9e66-4eac-9ff2-02281a99dfa9@group-F2FE1ED60945-SegmentedRaftLogWorker was interrupted, exiting. There are 0 tasks remaining in the queue.
2019-10-15 16:29:54,970 [grpc-default-executor-4] INFO  server.GrpcLogAppender (GrpcLogAppender.java:onCompleted(308)) - c48d8dfa-9e66-4eac-9ff2-02281a99dfa9@group-F2FE1ED60945->24ee8ff7-dd07-49e6-bbcb-bb50ff0e8e36-AppendLogResponseHandler: follower responses appendEntries COMPLETED
2019-10-15 16:29:54,971 [ForkJoinPool.commonPool-worker-0] INFO  segmented.SegmentedRaftLogWorker (SegmentedRaftLogWorker.java:close(224)) - c48d8dfa-9e66-4eac-9ff2-02281a99dfa9@group-F2FE1ED60945-SegmentedRaftLogWorker close()
2019-10-15 16:29:54,973 [ForkJoinPool.commonPool-worker-0] INFO  impl.RaftServerImpl (RaftServerImpl.java:lambda$shutdown$3(261)) - c48d8dfa-9e66-4eac-9ff2-02281a99dfa9@group-5CA75C8C59DA: shutdown
2019-10-15 16:29:54,973 [ForkJoinPool.commonPool-worker-0] INFO  util.JmxRegister (JmxRegister.java:unregister(73)) - Successfully un-registered JMX Bean with object name Ratis:service=RaftServer,group=group-5CA75C8C59DA,id=c48d8dfa-9e66-4eac-9ff2-02281a99dfa9
2019-10-15 16:29:54,973 [ForkJoinPool.commonPool-worker-0] INFO  impl.RoleInfo (RoleInfo.java:shutdownLeaderState(104)) - c48d8dfa-9e66-4eac-9ff2-02281a99dfa9: shutdown LeaderState
2019-10-15 16:29:54,973 [grpc-default-executor-4] INFO  impl.FollowerInfo (FollowerInfo.java:lambda$new$0(51)) - c48d8dfa-9e66-4eac-9ff2-02281a99dfa9@group-F2FE1ED60945->24ee8ff7-dd07-49e6-bbcb-bb50ff0e8e36: nextIndex: updateUnconditionally 1 -> 0
2019-10-15 16:29:54,973 [ForkJoinPool.commonPool-worker-0] INFO  impl.PendingRequests (PendingRequests.java:sendNotLeaderResponses(202)) - c48d8dfa-9e66-4eac-9ff2-02281a99dfa9@group-5CA75C8C59DA-PendingRequests: sendNotLeaderResponses
2019-10-15 16:29:54,974 [ForkJoinPool.commonPool-worker-0] INFO  impl.StateMachineUpdater (StateMachineUpdater.java:stopAndJoin(136)) - c48d8dfa-9e66-4eac-9ff2-02281a99dfa9@group-5CA75C8C59DA-StateMachineUpdater: set stopIndex = 0
2019-10-15 16:29:54,974 [ForkJoinPool.commonPool-worker-0] INFO  impl.RaftServerImpl (ServerState.java:close(388)) - c48d8dfa-9e66-4eac-9ff2-02281a99dfa9@group-5CA75C8C59DA: closes. applyIndex: 0
2019-10-15 16:29:54,974 [c48d8dfa-9e66-4eac-9ff2-02281a99dfa9@group-5CA75C8C59DA-SegmentedRaftLogWorker] INFO  segmented.SegmentedRaftLogWorker (SegmentedRaftLogWorker.java:run(316)) - c48d8dfa-9e66-4eac-9ff2-02281a99dfa9@group-5CA75C8C59DA-SegmentedRaftLogWorker was interrupted, exiting. There are 0 tasks remaining in the queue.
2019-10-15 16:29:54,975 [ForkJoinPool.commonPool-worker-0] INFO  segmented.SegmentedRaftLogWorker (SegmentedRaftLogWorker.java:close(224)) - c48d8dfa-9e66-4eac-9ff2-02281a99dfa9@group-5CA75C8C59DA-SegmentedRaftLogWorker close()
2019-10-15 16:29:54,978 [ForkJoinPool.commonPool-worker-0] INFO  server.GrpcService (GrpcService.java:closeImpl(164)) - c48d8dfa-9e66-4eac-9ff2-02281a99dfa9: shutdown server with port 41652 now
2019-10-15 16:29:54,978 [ForkJoinPool.commonPool-worker-0] INFO  server.GrpcService (GrpcService.java:closeImpl(172)) - c48d8dfa-9e66-4eac-9ff2-02281a99dfa9: shutdown server with port 41652 successfully
2019-10-15 16:29:54,980 [refreshUsed-/workdir/hadoop-ozone/integration-test/target/test-dir/MiniOzoneClusterImpl-beab53a1-ec34-46da-8591-07ed803d9383/datanode-3/data/containers] WARN  fs.CachingGetSpaceUsed (CachingGetSpaceUsed.java:run(183)) - Thread Interrupted waiting to refresh disk information: sleep interrupted
2019-10-15 16:29:54,996 [ForkJoinPool.commonPool-worker-0] INFO  utils.BackgroundService (BackgroundService.java:shutdown(151)) - Shutting down service BlockDeletingService
2019-10-15 16:29:54,999 [ForkJoinPool.commonPool-worker-0] INFO  statemachine.DatanodeStateMachine (DatanodeStateMachine.java:stopDaemon(395)) - Ozone container server stopped.
2019-10-15 16:29:55,003 [ForkJoinPool.commonPool-worker-0] INFO  handler.ContextHandler (ContextHandler.java:doStop(910)) - Stopped o.e.j.w.WebAppContext@4da6d664{/,null,UNAVAILABLE}{/hddsDatanode}
2019-10-15 16:29:55,004 [ForkJoinPool.commonPool-worker-0] INFO  server.AbstractConnector (AbstractConnector.java:doStop(318)) - Stopped ServerConnector@5e5af8e1{HTTP/1.1,[http/1.1]}{0.0.0.0:0}
2019-10-15 16:29:55,005 [ForkJoinPool.commonPool-worker-0] INFO  handler.ContextHandler (ContextHandler.java:doStop(910)) - Stopped o.e.j.s.ServletContextHandler@68d7a2df{/static,jar:file:/home/user/.m2/repository/org/apache/hadoop/hadoop-hdds-container-service/0.5.0-SNAPSHOT/hadoop-hdds-container-service-0.5.0-SNAPSHOT.jar!/webapps/static,UNAVAILABLE}
2019-10-15 16:29:55,006 [ForkJoinPool.commonPool-worker-0] INFO  handler.ContextHandler (ContextHandler.java:doStop(910)) - Stopped o.e.j.s.ServletContextHandler@4b200971{/logs,file:///workdir/hadoop-ozone/integration-test/target/log,UNAVAILABLE}
2019-10-15 16:29:55,020 [6af1a5bd-f075-405e-b6a5-6d145eedd789@group-AF37DB7271F3-StateMachineUpdater] INFO  ratis.ContainerStateMachine (ContainerStateMachine.java:takeSnapshot(305)) - group-AF37DB7271F3: Finished taking a snapshot at:(t:7, i:18) file:/workdir/hadoop-ozone/integration-test/target/test-dir/MiniOzoneClusterImpl-beab53a1-ec34-46da-8591-07ed803d9383/datanode-6/data/ratis/7a21e33d-5546-44ce-b605-af37db7271f3/sm/snapshot.7_18 time:65
2019-10-15 16:29:55,022 [6af1a5bd-f075-405e-b6a5-6d145eedd789@group-AF37DB7271F3-StateMachineUpdater] INFO  impl.StateMachineUpdater (StateMachineUpdater.java:takeSnapshot(269)) - 6af1a5bd-f075-405e-b6a5-6d145eedd789@group-AF37DB7271F3-StateMachineUpdater: Took a snapshot at index 18
2019-10-15 16:29:55,022 [6af1a5bd-f075-405e-b6a5-6d145eedd789@group-AF37DB7271F3-StateMachineUpdater] INFO  impl.StateMachineUpdater (StateMachineUpdater.java:lambda$new$0(84)) - 6af1a5bd-f075-405e-b6a5-6d145eedd789@group-AF37DB7271F3-StateMachineUpdater: snapshotIndex: updateIncreasingly -1 -> 18
2019-10-15 16:29:55,027 [6af1a5bd-f075-405e-b6a5-6d145eedd789@group-AF37DB7271F3-StateMachineUpdater] INFO  ratis.ContainerStateMachine (ContainerStateMachine.java:takeSnapshot(294)) - group-AF37DB7271F3: Taking a snapshot at:(t:7, i:18) file /workdir/hadoop-ozone/integration-test/target/test-dir/MiniOzoneClusterImpl-beab53a1-ec34-46da-8591-07ed803d9383/datanode-6/data/ratis/7a21e33d-5546-44ce-b605-af37db7271f3/sm/snapshot.7_18
2019-10-15 16:29:55,045 [Thread-1559] INFO  impl.FollowerState (FollowerState.java:run(108)) - f5624850-682f-4ec5-bb5c-f79627fc299e@group-C25BD028928E-FollowerState: change to CANDIDATE, lastRpcTime:116ms, electionTimeout:116ms
2019-10-15 16:29:55,045 [Thread-1559] INFO  impl.RoleInfo (RoleInfo.java:shutdownFollowerState(121)) - f5624850-682f-4ec5-bb5c-f79627fc299e: shutdown FollowerState
2019-10-15 16:29:55,045 [Thread-1559] INFO  impl.RaftServerImpl (RaftServerImpl.java:setRole(184)) - f5624850-682f-4ec5-bb5c-f79627fc299e@group-C25BD028928E: changes role from  FOLLOWER to CANDIDATE at term 153 for changeToCandidate
2019-10-15 16:29:55,046 [Thread-1559] INFO  impl.RoleInfo (RoleInfo.java:updateAndGet(143)) - f5624850-682f-4ec5-bb5c-f79627fc299e: start LeaderElection
2019-10-15 16:29:55,046 [6af1a5bd-f075-405e-b6a5-6d145eedd789@group-AF37DB7271F3-StateMachineUpdater] INFO  ratis.ContainerStateMachine (ContainerStateMachine.java:takeSnapshot(305)) - group-AF37DB7271F3: Finished taking a snapshot at:(t:7, i:18) file:/workdir/hadoop-ozone/integration-test/target/test-dir/MiniOzoneClusterImpl-beab53a1-ec34-46da-8591-07ed803d9383/datanode-6/data/ratis/7a21e33d-5546-44ce-b605-af37db7271f3/sm/snapshot.7_18 time:20
2019-10-15 16:29:55,047 [6af1a5bd-f075-405e-b6a5-6d145eedd789@group-AF37DB7271F3-StateMachineUpdater] INFO  impl.StateMachineUpdater (StateMachineUpdater.java:takeSnapshot(269)) - 6af1a5bd-f075-405e-b6a5-6d145eedd789@group-AF37DB7271F3-StateMachineUpdater: Took a snapshot at index 18
2019-10-15 16:29:55,047 [6af1a5bd-f075-405e-b6a5-6d145eedd789@group-AF37DB7271F3-StateMachineUpdater] INFO  impl.StateMachineUpdater (StateMachineUpdater.java:lambda$new$0(84)) - 6af1a5bd-f075-405e-b6a5-6d145eedd789@group-AF37DB7271F3-StateMachineUpdater: snapshotIndex: updateIncreasingly 18 -> 18
2019-10-15 16:29:55,047 [main] INFO  impl.RaftServerImpl (ServerState.java:close(388)) - 6af1a5bd-f075-405e-b6a5-6d145eedd789@group-AF37DB7271F3: closes. applyIndex: 19
2019-10-15 16:29:55,048 [6af1a5bd-f075-405e-b6a5-6d145eedd789@group-AF37DB7271F3-SegmentedRaftLogWorker] INFO  segmented.SegmentedRaftLogWorker (SegmentedRaftLogWorker.java:run(316)) - 6af1a5bd-f075-405e-b6a5-6d145eedd789@group-AF37DB7271F3-SegmentedRaftLogWorker was interrupted, exiting. There are 0 tasks remaining in the queue.
2019-10-15 16:29:55,049 [main] INFO  segmented.SegmentedRaftLogWorker (SegmentedRaftLogWorker.java:close(224)) - 6af1a5bd-f075-405e-b6a5-6d145eedd789@group-AF37DB7271F3-SegmentedRaftLogWorker close()
2019-10-15 16:29:55,051 [main] INFO  server.GrpcService (GrpcService.java:closeImpl(164)) - 6af1a5bd-f075-405e-b6a5-6d145eedd789: shutdown server with port 35339 now
2019-10-15 16:29:55,052 [grpc-default-executor-11] WARN  server.GrpcServerProtocolService (LogUtils.java:warn(134)) - 6af1a5bd-f075-405e-b6a5-6d145eedd789: installSnapshot onError, lastRequest: 0bff853f-e43c-4347-b3e4-d8621042c42b->6af1a5bd-f075-405e-b6a5-6d145eedd789#58-t7, previous=(t:7, i:19), leaderCommit=19, initializing? false, entries: <empty>: org.apache.ratis.thirdparty.io.grpc.StatusRuntimeException: CANCELLED: cancelled before receiving half close
2019-10-15 16:29:55,057 [main] INFO  server.GrpcService (GrpcService.java:closeImpl(172)) - 6af1a5bd-f075-405e-b6a5-6d145eedd789: shutdown server with port 35339 successfully
2019-10-15 16:29:55,057 [grpc-default-executor-10] WARN  server.GrpcLogAppender (LogUtils.java:warn(134)) - 0bff853f-e43c-4347-b3e4-d8621042c42b@group-AF37DB7271F3->6af1a5bd-f075-405e-b6a5-6d145eedd789-AppendLogResponseHandler: Failed appendEntries: org.apache.ratis.thirdparty.io.grpc.StatusRuntimeException: CANCELLED: HTTP/2 error code: CANCEL
Received Rst Stream
2019-10-15 16:29:55,062 [refreshUsed-/workdir/hadoop-ozone/integration-test/target/test-dir/MiniOzoneClusterImpl-beab53a1-ec34-46da-8591-07ed803d9383/datanode-6/data/containers] WARN  fs.CachingGetSpaceUsed (CachingGetSpaceUsed.java:run(183)) - Thread Interrupted waiting to refresh disk information: sleep interrupted
2019-10-15 16:29:55,065 [f5624850-682f-4ec5-bb5c-f79627fc299e@group-C25BD028928E-LeaderElection164] INFO  impl.LeaderElection (LeaderElection.java:askForVotes(178)) - f5624850-682f-4ec5-bb5c-f79627fc299e@group-C25BD028928E-LeaderElection164: begin an election at term 154 for -1: [f581660d-af3d-4f5f-b57d-f4cb54f048b9:192.168.164.239:42501, f5624850-682f-4ec5-bb5c-f79627fc299e:192.168.164.239:39499, 14091fe6-d183-4b46-be93-2ba964a39c73:192.168.164.239:34827], old=null
2019-10-15 16:29:55,066 [f5624850-682f-4ec5-bb5c-f79627fc299e@group-C25BD028928E-LeaderElection164] INFO  impl.LeaderElection (LogUtils.java:infoOrTrace(149)) - f5624850-682f-4ec5-bb5c-f79627fc299e@group-C25BD028928E-LeaderElection164 got exception when requesting votes: {}
java.util.concurrent.ExecutionException: org.apache.ratis.thirdparty.io.grpc.StatusRuntimeException: UNAVAILABLE: io exception
	at java.util.concurrent.FutureTask.report(FutureTask.java:122)
	at java.util.concurrent.FutureTask.get(FutureTask.java:192)
	at org.apache.ratis.server.impl.LeaderElection.waitForResults(LeaderElection.java:259)
	at org.apache.ratis.server.impl.LeaderElection.askForVotes(LeaderElection.java:197)
	at org.apache.ratis.server.impl.LeaderElection.run(LeaderElection.java:133)
	at java.lang.Thread.run(Thread.java:748)
Caused by: org.apache.ratis.thirdparty.io.grpc.StatusRuntimeException: UNAVAILABLE: io exception
	at org.apache.ratis.thirdparty.io.grpc.stub.ClientCalls.toStatusRuntimeException(ClientCalls.java:233)
	at org.apache.ratis.thirdparty.io.grpc.stub.ClientCalls.getUnchecked(ClientCalls.java:214)
	at org.apache.ratis.thirdparty.io.grpc.stub.ClientCalls.blockingUnaryCall(ClientCalls.java:139)
	at org.apache.ratis.proto.grpc.RaftServerProtocolServiceGrpc$RaftServerProtocolServiceBlockingStub.requestVote(RaftServerProtocolServiceGrpc.java:265)
	at org.apache.ratis.grpc.server.GrpcServerProtocolClient.requestVote(GrpcServerProtocolClient.java:99)
	at org.apache.ratis.grpc.server.GrpcService.requestVote(GrpcService.java:204)
	at org.apache.ratis.server.impl.LeaderElection.lambda$submitRequests$1(LeaderElection.java:234)
	at java.util.concurrent.FutureTask.run(FutureTask.java:266)
	at java.util.concurrent.Executors$RunnableAdapter.call(Executors.java:511)
	at java.util.concurrent.FutureTask.run(FutureTask.java:266)
	at java.util.concurrent.ThreadPoolExecutor.runWorker(ThreadPoolExecutor.java:1149)
	at java.util.concurrent.ThreadPoolExecutor$Worker.run(ThreadPoolExecutor.java:624)
	... 1 more
Caused by: org.apache.ratis.thirdparty.io.netty.channel.AbstractChannel$AnnotatedConnectException: Connection refused: /192.168.164.239:42501
	at sun.nio.ch.SocketChannelImpl.checkConnect(Native Method)
	at sun.nio.ch.SocketChannelImpl.finishConnect(SocketChannelImpl.java:717)
	at org.apache.ratis.thirdparty.io.netty.channel.socket.nio.NioSocketChannel.doFinishConnect(NioSocketChannel.java:327)
	at org.apache.ratis.thirdparty.io.netty.channel.nio.AbstractNioChannel$AbstractNioUnsafe.finishConnect(AbstractNioChannel.java:340)
	at org.apache.ratis.thirdparty.io.netty.channel.nio.NioEventLoop.processSelectedKey(NioEventLoop.java:632)
	at org.apache.ratis.thirdparty.io.netty.channel.nio.NioEventLoop.processSelectedKeysOptimized(NioEventLoop.java:579)
	at org.apache.ratis.thirdparty.io.netty.channel.nio.NioEventLoop.processSelectedKeys(NioEventLoop.java:496)
	at org.apache.ratis.thirdparty.io.netty.channel.nio.NioEventLoop.run(NioEventLoop.java:458)
	at org.apache.ratis.thirdparty.io.netty.util.concurrent.SingleThreadEventExecutor$5.run(SingleThreadEventExecutor.java:897)
	at org.apache.ratis.thirdparty.io.netty.util.concurrent.FastThreadLocalRunnable.run(FastThreadLocalRunnable.java:30)
	... 1 more
Caused by: java.net.ConnectException: Connection refused
	... 11 more
2019-10-15 16:29:55,067 [grpc-default-executor-10] INFO  impl.RaftServerImpl (RaftServerImpl.java:setRole(184)) - 14091fe6-d183-4b46-be93-2ba964a39c73@group-C25BD028928E: changes role from  FOLLOWER to FOLLOWER at term 154 for recognizeCandidate:f5624850-682f-4ec5-bb5c-f79627fc299e
2019-10-15 16:29:55,067 [grpc-default-executor-10] INFO  impl.RoleInfo (RoleInfo.java:shutdownFollowerState(121)) - 14091fe6-d183-4b46-be93-2ba964a39c73: shutdown FollowerState
2019-10-15 16:29:55,067 [Thread-1558] INFO  impl.FollowerState (FollowerState.java:run(117)) - 14091fe6-d183-4b46-be93-2ba964a39c73@group-C25BD028928E-FollowerState was interrupted: java.lang.InterruptedException: sleep interrupted
2019-10-15 16:29:55,067 [grpc-default-executor-10] INFO  impl.RoleInfo (RoleInfo.java:updateAndGet(143)) - 14091fe6-d183-4b46-be93-2ba964a39c73: start FollowerState
2019-10-15 16:29:55,075 [main] INFO  utils.BackgroundService (BackgroundService.java:shutdown(151)) - Shutting down service BlockDeletingService
2019-10-15 16:29:55,075 [java.util.concurrent.ThreadPoolExecutor$Worker@56768177[State = -1, empty queue]] WARN  server.GrpcLogAppender (GrpcLogAppender.java:timeoutAppendRequest(209)) - c48d8dfa-9e66-4eac-9ff2-02281a99dfa9@group-F2FE1ED60945->cccd55fe-f481-4e2b-93ed-b6a86d13c378-GrpcLogAppender: appendEntries Timeout, request=c48d8dfa-9e66-4eac-9ff2-02281a99dfa9->cccd55fe-f481-4e2b-93ed-b6a86d13c378#36-t5, previous=(t:5, i:0), leaderCommit=0, initializing? false, entries: <empty>
2019-10-15 16:29:55,078 [main] INFO  statemachine.DatanodeStateMachine (DatanodeStateMachine.java:stopDaemon(395)) - Ozone container server stopped.
2019-10-15 16:29:55,079 [main] INFO  handler.ContextHandler (ContextHandler.java:doStop(910)) - Stopped o.e.j.w.WebAppContext@934b52f{/,null,UNAVAILABLE}{/hddsDatanode}
2019-10-15 16:29:55,080 [main] INFO  server.AbstractConnector (AbstractConnector.java:doStop(318)) - Stopped ServerConnector@2630dbc4{HTTP/1.1,[http/1.1]}{0.0.0.0:0}
2019-10-15 16:29:55,080 [main] INFO  handler.ContextHandler (ContextHandler.java:doStop(910)) - Stopped o.e.j.s.ServletContextHandler@4228bf58{/static,jar:file:/home/user/.m2/repository/org/apache/hadoop/hadoop-hdds-container-service/0.5.0-SNAPSHOT/hadoop-hdds-container-service-0.5.0-SNAPSHOT.jar!/webapps/static,UNAVAILABLE}
2019-10-15 16:29:55,080 [main] INFO  handler.ContextHandler (ContextHandler.java:doStop(910)) - Stopped o.e.j.s.ServletContextHandler@6f94fb9d{/logs,file:///workdir/hadoop-ozone/integration-test/target/log,UNAVAILABLE}
2019-10-15 16:29:55,092 [f5624850-682f-4ec5-bb5c-f79627fc299e@group-C25BD028928E-LeaderElection164] INFO  impl.LeaderElection (LeaderElection.java:logAndReturn(56)) - f5624850-682f-4ec5-bb5c-f79627fc299e@group-C25BD028928E-LeaderElection164: Election REJECTED; received 1 response(s) [f5624850-682f-4ec5-bb5c-f79627fc299e<-14091fe6-d183-4b46-be93-2ba964a39c73#0:FAIL-t154] and 1 exception(s); f5624850-682f-4ec5-bb5c-f79627fc299e@group-C25BD028928E:t154, leader=null, voted=f5624850-682f-4ec5-bb5c-f79627fc299e, raftlog=f5624850-682f-4ec5-bb5c-f79627fc299e@group-C25BD028928E-SegmentedRaftLog:OPENED:c-1,f-1,i0, conf=-1: [f581660d-af3d-4f5f-b57d-f4cb54f048b9:192.168.164.239:42501, f5624850-682f-4ec5-bb5c-f79627fc299e:192.168.164.239:39499, 14091fe6-d183-4b46-be93-2ba964a39c73:192.168.164.239:34827], old=null
2019-10-15 16:29:55,092 [f5624850-682f-4ec5-bb5c-f79627fc299e@group-C25BD028928E-LeaderElection164] INFO  impl.LeaderElection (LogUtils.java:infoOrTrace(149)) -   Exception 0: {}
java.util.concurrent.ExecutionException: org.apache.ratis.thirdparty.io.grpc.StatusRuntimeException: UNAVAILABLE: io exception
	at java.util.concurrent.FutureTask.report(FutureTask.java:122)
	at java.util.concurrent.FutureTask.get(FutureTask.java:192)
	at org.apache.ratis.server.impl.LeaderElection.waitForResults(LeaderElection.java:259)
	at org.apache.ratis.server.impl.LeaderElection.askForVotes(LeaderElection.java:197)
	at org.apache.ratis.server.impl.LeaderElection.run(LeaderElection.java:133)
	at java.lang.Thread.run(Thread.java:748)
Caused by: org.apache.ratis.thirdparty.io.grpc.StatusRuntimeException: UNAVAILABLE: io exception
	at org.apache.ratis.thirdparty.io.grpc.stub.ClientCalls.toStatusRuntimeException(ClientCalls.java:233)
	at org.apache.ratis.thirdparty.io.grpc.stub.ClientCalls.getUnchecked(ClientCalls.java:214)
	at org.apache.ratis.thirdparty.io.grpc.stub.ClientCalls.blockingUnaryCall(ClientCalls.java:139)
	at org.apache.ratis.proto.grpc.RaftServerProtocolServiceGrpc$RaftServerProtocolServiceBlockingStub.requestVote(RaftServerProtocolServiceGrpc.java:265)
	at org.apache.ratis.grpc.server.GrpcServerProtocolClient.requestVote(GrpcServerProtocolClient.java:99)
	at org.apache.ratis.grpc.server.GrpcService.requestVote(GrpcService.java:204)
	at org.apache.ratis.server.impl.LeaderElection.lambda$submitRequests$1(LeaderElection.java:234)
	at java.util.concurrent.FutureTask.run(FutureTask.java:266)
	at java.util.concurrent.Executors$RunnableAdapter.call(Executors.java:511)
	at java.util.concurrent.FutureTask.run(FutureTask.java:266)
	at java.util.concurrent.ThreadPoolExecutor.runWorker(ThreadPoolExecutor.java:1149)
	at java.util.concurrent.ThreadPoolExecutor$Worker.run(ThreadPoolExecutor.java:624)
	... 1 more
Caused by: org.apache.ratis.thirdparty.io.netty.channel.AbstractChannel$AnnotatedConnectException: Connection refused: /192.168.164.239:42501
	at sun.nio.ch.SocketChannelImpl.checkConnect(Native Method)
	at sun.nio.ch.SocketChannelImpl.finishConnect(SocketChannelImpl.java:717)
	at org.apache.ratis.thirdparty.io.netty.channel.socket.nio.NioSocketChannel.doFinishConnect(NioSocketChannel.java:327)
	at org.apache.ratis.thirdparty.io.netty.channel.nio.AbstractNioChannel$AbstractNioUnsafe.finishConnect(AbstractNioChannel.java:340)
	at org.apache.ratis.thirdparty.io.netty.channel.nio.NioEventLoop.processSelectedKey(NioEventLoop.java:632)
	at org.apache.ratis.thirdparty.io.netty.channel.nio.NioEventLoop.processSelectedKeysOptimized(NioEventLoop.java:579)
	at org.apache.ratis.thirdparty.io.netty.channel.nio.NioEventLoop.processSelectedKeys(NioEventLoop.java:496)
	at org.apache.ratis.thirdparty.io.netty.channel.nio.NioEventLoop.run(NioEventLoop.java:458)
	at org.apache.ratis.thirdparty.io.netty.util.concurrent.SingleThreadEventExecutor$5.run(SingleThreadEventExecutor.java:897)
	at org.apache.ratis.thirdparty.io.netty.util.concurrent.FastThreadLocalRunnable.run(FastThreadLocalRunnable.java:30)
	... 1 more
Caused by: java.net.ConnectException: Connection refused
	... 11 more
2019-10-15 16:29:55,092 [f5624850-682f-4ec5-bb5c-f79627fc299e@group-C25BD028928E-LeaderElection164] INFO  impl.RaftServerImpl (RaftServerImpl.java:setRole(184)) - f5624850-682f-4ec5-bb5c-f79627fc299e@group-C25BD028928E: changes role from CANDIDATE to FOLLOWER at term 154 for DISCOVERED_A_NEW_TERM
2019-10-15 16:29:55,093 [f5624850-682f-4ec5-bb5c-f79627fc299e@group-C25BD028928E-LeaderElection164] INFO  impl.RoleInfo (RoleInfo.java:shutdownLeaderElection(134)) - f5624850-682f-4ec5-bb5c-f79627fc299e: shutdown LeaderElection
2019-10-15 16:29:55,093 [f5624850-682f-4ec5-bb5c-f79627fc299e@group-C25BD028928E-LeaderElection164] INFO  impl.RoleInfo (RoleInfo.java:updateAndGet(143)) - f5624850-682f-4ec5-bb5c-f79627fc299e: start FollowerState
2019-10-15 16:29:55,220 [Thread-1564] INFO  impl.FollowerState (FollowerState.java:run(108)) - f5624850-682f-4ec5-bb5c-f79627fc299e@group-C25BD028928E-FollowerState: change to CANDIDATE, lastRpcTime:127ms, electionTimeout:127ms
2019-10-15 16:29:55,220 [Thread-1564] INFO  impl.RoleInfo (RoleInfo.java:shutdownFollowerState(121)) - f5624850-682f-4ec5-bb5c-f79627fc299e: shutdown FollowerState
2019-10-15 16:29:55,221 [Thread-1564] INFO  impl.RaftServerImpl (RaftServerImpl.java:setRole(184)) - f5624850-682f-4ec5-bb5c-f79627fc299e@group-C25BD028928E: changes role from  FOLLOWER to CANDIDATE at term 154 for changeToCandidate
2019-10-15 16:29:55,221 [Thread-1564] INFO  impl.RoleInfo (RoleInfo.java:updateAndGet(143)) - f5624850-682f-4ec5-bb5c-f79627fc299e: start LeaderElection
2019-10-15 16:29:55,243 [f5624850-682f-4ec5-bb5c-f79627fc299e@group-C25BD028928E-LeaderElection165] INFO  impl.LeaderElection (LeaderElection.java:askForVotes(178)) - f5624850-682f-4ec5-bb5c-f79627fc299e@group-C25BD028928E-LeaderElection165: begin an election at term 155 for -1: [f581660d-af3d-4f5f-b57d-f4cb54f048b9:192.168.164.239:42501, f5624850-682f-4ec5-bb5c-f79627fc299e:192.168.164.239:39499, 14091fe6-d183-4b46-be93-2ba964a39c73:192.168.164.239:34827], old=null
2019-10-15 16:29:55,243 [f5624850-682f-4ec5-bb5c-f79627fc299e@group-C25BD028928E-LeaderElection165] INFO  impl.LeaderElection (LogUtils.java:infoOrTrace(149)) - f5624850-682f-4ec5-bb5c-f79627fc299e@group-C25BD028928E-LeaderElection165 got exception when requesting votes: {}
java.util.concurrent.ExecutionException: org.apache.ratis.thirdparty.io.grpc.StatusRuntimeException: UNAVAILABLE: io exception
	at java.util.concurrent.FutureTask.report(FutureTask.java:122)
	at java.util.concurrent.FutureTask.get(FutureTask.java:192)
	at org.apache.ratis.server.impl.LeaderElection.waitForResults(LeaderElection.java:259)
	at org.apache.ratis.server.impl.LeaderElection.askForVotes(LeaderElection.java:197)
	at org.apache.ratis.server.impl.LeaderElection.run(LeaderElection.java:133)
	at java.lang.Thread.run(Thread.java:748)
Caused by: org.apache.ratis.thirdparty.io.grpc.StatusRuntimeException: UNAVAILABLE: io exception
	at org.apache.ratis.thirdparty.io.grpc.stub.ClientCalls.toStatusRuntimeException(ClientCalls.java:233)
	at org.apache.ratis.thirdparty.io.grpc.stub.ClientCalls.getUnchecked(ClientCalls.java:214)
	at org.apache.ratis.thirdparty.io.grpc.stub.ClientCalls.blockingUnaryCall(ClientCalls.java:139)
	at org.apache.ratis.proto.grpc.RaftServerProtocolServiceGrpc$RaftServerProtocolServiceBlockingStub.requestVote(RaftServerProtocolServiceGrpc.java:265)
	at org.apache.ratis.grpc.server.GrpcServerProtocolClient.requestVote(GrpcServerProtocolClient.java:99)
	at org.apache.ratis.grpc.server.GrpcService.requestVote(GrpcService.java:204)
	at org.apache.ratis.server.impl.LeaderElection.lambda$submitRequests$1(LeaderElection.java:234)
	at java.util.concurrent.FutureTask.run(FutureTask.java:266)
	at java.util.concurrent.Executors$RunnableAdapter.call(Executors.java:511)
	at java.util.concurrent.FutureTask.run(FutureTask.java:266)
	at java.util.concurrent.ThreadPoolExecutor.runWorker(ThreadPoolExecutor.java:1149)
	at java.util.concurrent.ThreadPoolExecutor$Worker.run(ThreadPoolExecutor.java:624)
	... 1 more
Caused by: org.apache.ratis.thirdparty.io.netty.channel.AbstractChannel$AnnotatedConnectException: Connection refused: /192.168.164.239:42501
	at sun.nio.ch.SocketChannelImpl.checkConnect(Native Method)
	at sun.nio.ch.SocketChannelImpl.finishConnect(SocketChannelImpl.java:717)
	at org.apache.ratis.thirdparty.io.netty.channel.socket.nio.NioSocketChannel.doFinishConnect(NioSocketChannel.java:327)
	at org.apache.ratis.thirdparty.io.netty.channel.nio.AbstractNioChannel$AbstractNioUnsafe.finishConnect(AbstractNioChannel.java:340)
	at org.apache.ratis.thirdparty.io.netty.channel.nio.NioEventLoop.processSelectedKey(NioEventLoop.java:632)
	at org.apache.ratis.thirdparty.io.netty.channel.nio.NioEventLoop.processSelectedKeysOptimized(NioEventLoop.java:579)
	at org.apache.ratis.thirdparty.io.netty.channel.nio.NioEventLoop.processSelectedKeys(NioEventLoop.java:496)
	at org.apache.ratis.thirdparty.io.netty.channel.nio.NioEventLoop.run(NioEventLoop.java:458)
	at org.apache.ratis.thirdparty.io.netty.util.concurrent.SingleThreadEventExecutor$5.run(SingleThreadEventExecutor.java:897)
	at org.apache.ratis.thirdparty.io.netty.util.concurrent.FastThreadLocalRunnable.run(FastThreadLocalRunnable.java:30)
	... 1 more
Caused by: java.net.ConnectException: Connection refused
	... 11 more
2019-10-15 16:29:55,250 [grpc-default-executor-10] INFO  impl.RaftServerImpl (RaftServerImpl.java:setRole(184)) - 14091fe6-d183-4b46-be93-2ba964a39c73@group-C25BD028928E: changes role from  FOLLOWER to FOLLOWER at term 155 for recognizeCandidate:f5624850-682f-4ec5-bb5c-f79627fc299e
2019-10-15 16:29:55,250 [grpc-default-executor-10] INFO  impl.RoleInfo (RoleInfo.java:shutdownFollowerState(121)) - 14091fe6-d183-4b46-be93-2ba964a39c73: shutdown FollowerState
2019-10-15 16:29:55,250 [grpc-default-executor-10] INFO  impl.RoleInfo (RoleInfo.java:updateAndGet(143)) - 14091fe6-d183-4b46-be93-2ba964a39c73: start FollowerState
2019-10-15 16:29:55,250 [Thread-1563] INFO  impl.FollowerState (FollowerState.java:run(117)) - 14091fe6-d183-4b46-be93-2ba964a39c73@group-C25BD028928E-FollowerState was interrupted: java.lang.InterruptedException: sleep interrupted
2019-10-15 16:29:55,278 [f5624850-682f-4ec5-bb5c-f79627fc299e@group-C25BD028928E-LeaderElection165] INFO  impl.LeaderElection (LeaderElection.java:logAndReturn(56)) - f5624850-682f-4ec5-bb5c-f79627fc299e@group-C25BD028928E-LeaderElection165: Election REJECTED; received 1 response(s) [f5624850-682f-4ec5-bb5c-f79627fc299e<-14091fe6-d183-4b46-be93-2ba964a39c73#0:FAIL-t155] and 1 exception(s); f5624850-682f-4ec5-bb5c-f79627fc299e@group-C25BD028928E:t155, leader=null, voted=f5624850-682f-4ec5-bb5c-f79627fc299e, raftlog=f5624850-682f-4ec5-bb5c-f79627fc299e@group-C25BD028928E-SegmentedRaftLog:OPENED:c-1,f-1,i0, conf=-1: [f581660d-af3d-4f5f-b57d-f4cb54f048b9:192.168.164.239:42501, f5624850-682f-4ec5-bb5c-f79627fc299e:192.168.164.239:39499, 14091fe6-d183-4b46-be93-2ba964a39c73:192.168.164.239:34827], old=null
2019-10-15 16:29:55,278 [f5624850-682f-4ec5-bb5c-f79627fc299e@group-C25BD028928E-LeaderElection165] INFO  impl.LeaderElection (LogUtils.java:infoOrTrace(149)) -   Exception 0: {}
java.util.concurrent.ExecutionException: org.apache.ratis.thirdparty.io.grpc.StatusRuntimeException: UNAVAILABLE: io exception
	at java.util.concurrent.FutureTask.report(FutureTask.java:122)
	at java.util.concurrent.FutureTask.get(FutureTask.java:192)
	at org.apache.ratis.server.impl.LeaderElection.waitForResults(LeaderElection.java:259)
	at org.apache.ratis.server.impl.LeaderElection.askForVotes(LeaderElection.java:197)
	at org.apache.ratis.server.impl.LeaderElection.run(LeaderElection.java:133)
	at java.lang.Thread.run(Thread.java:748)
Caused by: org.apache.ratis.thirdparty.io.grpc.StatusRuntimeException: UNAVAILABLE: io exception
	at org.apache.ratis.thirdparty.io.grpc.stub.ClientCalls.toStatusRuntimeException(ClientCalls.java:233)
	at org.apache.ratis.thirdparty.io.grpc.stub.ClientCalls.getUnchecked(ClientCalls.java:214)
	at org.apache.ratis.thirdparty.io.grpc.stub.ClientCalls.blockingUnaryCall(ClientCalls.java:139)
	at org.apache.ratis.proto.grpc.RaftServerProtocolServiceGrpc$RaftServerProtocolServiceBlockingStub.requestVote(RaftServerProtocolServiceGrpc.java:265)
	at org.apache.ratis.grpc.server.GrpcServerProtocolClient.requestVote(GrpcServerProtocolClient.java:99)
	at org.apache.ratis.grpc.server.GrpcService.requestVote(GrpcService.java:204)
	at org.apache.ratis.server.impl.LeaderElection.lambda$submitRequests$1(LeaderElection.java:234)
	at java.util.concurrent.FutureTask.run(FutureTask.java:266)
	at java.util.concurrent.Executors$RunnableAdapter.call(Executors.java:511)
	at java.util.concurrent.FutureTask.run(FutureTask.java:266)
	at java.util.concurrent.ThreadPoolExecutor.runWorker(ThreadPoolExecutor.java:1149)
	at java.util.concurrent.ThreadPoolExecutor$Worker.run(ThreadPoolExecutor.java:624)
	... 1 more
Caused by: org.apache.ratis.thirdparty.io.netty.channel.AbstractChannel$AnnotatedConnectException: Connection refused: /192.168.164.239:42501
	at sun.nio.ch.SocketChannelImpl.checkConnect(Native Method)
	at sun.nio.ch.SocketChannelImpl.finishConnect(SocketChannelImpl.java:717)
	at org.apache.ratis.thirdparty.io.netty.channel.socket.nio.NioSocketChannel.doFinishConnect(NioSocketChannel.java:327)
	at org.apache.ratis.thirdparty.io.netty.channel.nio.AbstractNioChannel$AbstractNioUnsafe.finishConnect(AbstractNioChannel.java:340)
	at org.apache.ratis.thirdparty.io.netty.channel.nio.NioEventLoop.processSelectedKey(NioEventLoop.java:632)
	at org.apache.ratis.thirdparty.io.netty.channel.nio.NioEventLoop.processSelectedKeysOptimized(NioEventLoop.java:579)
	at org.apache.ratis.thirdparty.io.netty.channel.nio.NioEventLoop.processSelectedKeys(NioEventLoop.java:496)
	at org.apache.ratis.thirdparty.io.netty.channel.nio.NioEventLoop.run(NioEventLoop.java:458)
	at org.apache.ratis.thirdparty.io.netty.util.concurrent.SingleThreadEventExecutor$5.run(SingleThreadEventExecutor.java:897)
	at org.apache.ratis.thirdparty.io.netty.util.concurrent.FastThreadLocalRunnable.run(FastThreadLocalRunnable.java:30)
	... 1 more
Caused by: java.net.ConnectException: Connection refused
	... 11 more
2019-10-15 16:29:55,278 [f5624850-682f-4ec5-bb5c-f79627fc299e@group-C25BD028928E-LeaderElection165] INFO  impl.RaftServerImpl (RaftServerImpl.java:setRole(184)) - f5624850-682f-4ec5-bb5c-f79627fc299e@group-C25BD028928E: changes role from CANDIDATE to FOLLOWER at term 155 for DISCOVERED_A_NEW_TERM
2019-10-15 16:29:55,278 [f5624850-682f-4ec5-bb5c-f79627fc299e@group-C25BD028928E-LeaderElection165] INFO  impl.RoleInfo (RoleInfo.java:shutdownLeaderElection(134)) - f5624850-682f-4ec5-bb5c-f79627fc299e: shutdown LeaderElection
2019-10-15 16:29:55,278 [f5624850-682f-4ec5-bb5c-f79627fc299e@group-C25BD028928E-LeaderElection165] INFO  impl.RoleInfo (RoleInfo.java:updateAndGet(143)) - f5624850-682f-4ec5-bb5c-f79627fc299e: start FollowerState
2019-10-15 16:29:55,415 [Thread-1570] INFO  impl.FollowerState (FollowerState.java:run(108)) - f5624850-682f-4ec5-bb5c-f79627fc299e@group-C25BD028928E-FollowerState: change to CANDIDATE, lastRpcTime:136ms, electionTimeout:136ms
2019-10-15 16:29:55,415 [Thread-1570] INFO  impl.RoleInfo (RoleInfo.java:shutdownFollowerState(121)) - f5624850-682f-4ec5-bb5c-f79627fc299e: shutdown FollowerState
2019-10-15 16:29:55,415 [Thread-1570] INFO  impl.RaftServerImpl (RaftServerImpl.java:setRole(184)) - f5624850-682f-4ec5-bb5c-f79627fc299e@group-C25BD028928E: changes role from  FOLLOWER to CANDIDATE at term 155 for changeToCandidate
2019-10-15 16:29:55,415 [Thread-1570] INFO  impl.RoleInfo (RoleInfo.java:updateAndGet(143)) - f5624850-682f-4ec5-bb5c-f79627fc299e: start LeaderElection
2019-10-15 16:29:55,429 [f5624850-682f-4ec5-bb5c-f79627fc299e@group-C25BD028928E-LeaderElection166] INFO  impl.LeaderElection (LeaderElection.java:askForVotes(178)) - f5624850-682f-4ec5-bb5c-f79627fc299e@group-C25BD028928E-LeaderElection166: begin an election at term 156 for -1: [f581660d-af3d-4f5f-b57d-f4cb54f048b9:192.168.164.239:42501, f5624850-682f-4ec5-bb5c-f79627fc299e:192.168.164.239:39499, 14091fe6-d183-4b46-be93-2ba964a39c73:192.168.164.239:34827], old=null
2019-10-15 16:29:55,431 [f5624850-682f-4ec5-bb5c-f79627fc299e@group-C25BD028928E-LeaderElection166] INFO  impl.LeaderElection (LogUtils.java:infoOrTrace(149)) - f5624850-682f-4ec5-bb5c-f79627fc299e@group-C25BD028928E-LeaderElection166 got exception when requesting votes: {}
java.util.concurrent.ExecutionException: org.apache.ratis.thirdparty.io.grpc.StatusRuntimeException: UNAVAILABLE: io exception
	at java.util.concurrent.FutureTask.report(FutureTask.java:122)
	at java.util.concurrent.FutureTask.get(FutureTask.java:192)
	at org.apache.ratis.server.impl.LeaderElection.waitForResults(LeaderElection.java:259)
	at org.apache.ratis.server.impl.LeaderElection.askForVotes(LeaderElection.java:197)
	at org.apache.ratis.server.impl.LeaderElection.run(LeaderElection.java:133)
	at java.lang.Thread.run(Thread.java:748)
Caused by: org.apache.ratis.thirdparty.io.grpc.StatusRuntimeException: UNAVAILABLE: io exception
	at org.apache.ratis.thirdparty.io.grpc.stub.ClientCalls.toStatusRuntimeException(ClientCalls.java:233)
	at org.apache.ratis.thirdparty.io.grpc.stub.ClientCalls.getUnchecked(ClientCalls.java:214)
	at org.apache.ratis.thirdparty.io.grpc.stub.ClientCalls.blockingUnaryCall(ClientCalls.java:139)
	at org.apache.ratis.proto.grpc.RaftServerProtocolServiceGrpc$RaftServerProtocolServiceBlockingStub.requestVote(RaftServerProtocolServiceGrpc.java:265)
	at org.apache.ratis.grpc.server.GrpcServerProtocolClient.requestVote(GrpcServerProtocolClient.java:99)
	at org.apache.ratis.grpc.server.GrpcService.requestVote(GrpcService.java:204)
	at org.apache.ratis.server.impl.LeaderElection.lambda$submitRequests$1(LeaderElection.java:234)
	at java.util.concurrent.FutureTask.run(FutureTask.java:266)
	at java.util.concurrent.Executors$RunnableAdapter.call(Executors.java:511)
	at java.util.concurrent.FutureTask.run(FutureTask.java:266)
	at java.util.concurrent.ThreadPoolExecutor.runWorker(ThreadPoolExecutor.java:1149)
	at java.util.concurrent.ThreadPoolExecutor$Worker.run(ThreadPoolExecutor.java:624)
	... 1 more
Caused by: org.apache.ratis.thirdparty.io.netty.channel.AbstractChannel$AnnotatedConnectException: Connection refused: /192.168.164.239:42501
	at sun.nio.ch.SocketChannelImpl.checkConnect(Native Method)
	at sun.nio.ch.SocketChannelImpl.finishConnect(SocketChannelImpl.java:717)
	at org.apache.ratis.thirdparty.io.netty.channel.socket.nio.NioSocketChannel.doFinishConnect(NioSocketChannel.java:327)
	at org.apache.ratis.thirdparty.io.netty.channel.nio.AbstractNioChannel$AbstractNioUnsafe.finishConnect(AbstractNioChannel.java:340)
	at org.apache.ratis.thirdparty.io.netty.channel.nio.NioEventLoop.processSelectedKey(NioEventLoop.java:632)
	at org.apache.ratis.thirdparty.io.netty.channel.nio.NioEventLoop.processSelectedKeysOptimized(NioEventLoop.java:579)
	at org.apache.ratis.thirdparty.io.netty.channel.nio.NioEventLoop.processSelectedKeys(NioEventLoop.java:496)
	at org.apache.ratis.thirdparty.io.netty.channel.nio.NioEventLoop.run(NioEventLoop.java:458)
	at org.apache.ratis.thirdparty.io.netty.util.concurrent.SingleThreadEventExecutor$5.run(SingleThreadEventExecutor.java:897)
	at org.apache.ratis.thirdparty.io.netty.util.concurrent.FastThreadLocalRunnable.run(FastThreadLocalRunnable.java:30)
	... 1 more
Caused by: java.net.ConnectException: Connection refused
	... 11 more
2019-10-15 16:29:55,433 [grpc-default-executor-10] INFO  impl.RaftServerImpl (RaftServerImpl.java:setRole(184)) - 14091fe6-d183-4b46-be93-2ba964a39c73@group-C25BD028928E: changes role from  FOLLOWER to FOLLOWER at term 156 for recognizeCandidate:f5624850-682f-4ec5-bb5c-f79627fc299e
2019-10-15 16:29:55,433 [grpc-default-executor-10] INFO  impl.RoleInfo (RoleInfo.java:shutdownFollowerState(121)) - 14091fe6-d183-4b46-be93-2ba964a39c73: shutdown FollowerState
2019-10-15 16:29:55,433 [grpc-default-executor-10] INFO  impl.RoleInfo (RoleInfo.java:updateAndGet(143)) - 14091fe6-d183-4b46-be93-2ba964a39c73: start FollowerState
2019-10-15 16:29:55,433 [Thread-1569] INFO  impl.FollowerState (FollowerState.java:run(117)) - 14091fe6-d183-4b46-be93-2ba964a39c73@group-C25BD028928E-FollowerState was interrupted: java.lang.InterruptedException: sleep interrupted
2019-10-15 16:29:55,447 [f5624850-682f-4ec5-bb5c-f79627fc299e@group-C25BD028928E-LeaderElection166] INFO  impl.LeaderElection (LeaderElection.java:logAndReturn(56)) - f5624850-682f-4ec5-bb5c-f79627fc299e@group-C25BD028928E-LeaderElection166: Election REJECTED; received 1 response(s) [f5624850-682f-4ec5-bb5c-f79627fc299e<-14091fe6-d183-4b46-be93-2ba964a39c73#0:FAIL-t156] and 1 exception(s); f5624850-682f-4ec5-bb5c-f79627fc299e@group-C25BD028928E:t156, leader=null, voted=f5624850-682f-4ec5-bb5c-f79627fc299e, raftlog=f5624850-682f-4ec5-bb5c-f79627fc299e@group-C25BD028928E-SegmentedRaftLog:OPENED:c-1,f-1,i0, conf=-1: [f581660d-af3d-4f5f-b57d-f4cb54f048b9:192.168.164.239:42501, f5624850-682f-4ec5-bb5c-f79627fc299e:192.168.164.239:39499, 14091fe6-d183-4b46-be93-2ba964a39c73:192.168.164.239:34827], old=null
2019-10-15 16:29:55,448 [f5624850-682f-4ec5-bb5c-f79627fc299e@group-C25BD028928E-LeaderElection166] INFO  impl.LeaderElection (LogUtils.java:infoOrTrace(149)) -   Exception 0: {}
java.util.concurrent.ExecutionException: org.apache.ratis.thirdparty.io.grpc.StatusRuntimeException: UNAVAILABLE: io exception
	at java.util.concurrent.FutureTask.report(FutureTask.java:122)
	at java.util.concurrent.FutureTask.get(FutureTask.java:192)
	at org.apache.ratis.server.impl.LeaderElection.waitForResults(LeaderElection.java:259)
	at org.apache.ratis.server.impl.LeaderElection.askForVotes(LeaderElection.java:197)
	at org.apache.ratis.server.impl.LeaderElection.run(LeaderElection.java:133)
	at java.lang.Thread.run(Thread.java:748)
Caused by: org.apache.ratis.thirdparty.io.grpc.StatusRuntimeException: UNAVAILABLE: io exception
	at org.apache.ratis.thirdparty.io.grpc.stub.ClientCalls.toStatusRuntimeException(ClientCalls.java:233)
	at org.apache.ratis.thirdparty.io.grpc.stub.ClientCalls.getUnchecked(ClientCalls.java:214)
	at org.apache.ratis.thirdparty.io.grpc.stub.ClientCalls.blockingUnaryCall(ClientCalls.java:139)
	at org.apache.ratis.proto.grpc.RaftServerProtocolServiceGrpc$RaftServerProtocolServiceBlockingStub.requestVote(RaftServerProtocolServiceGrpc.java:265)
	at org.apache.ratis.grpc.server.GrpcServerProtocolClient.requestVote(GrpcServerProtocolClient.java:99)
	at org.apache.ratis.grpc.server.GrpcService.requestVote(GrpcService.java:204)
	at org.apache.ratis.server.impl.LeaderElection.lambda$submitRequests$1(LeaderElection.java:234)
	at java.util.concurrent.FutureTask.run(FutureTask.java:266)
	at java.util.concurrent.Executors$RunnableAdapter.call(Executors.java:511)
	at java.util.concurrent.FutureTask.run(FutureTask.java:266)
	at java.util.concurrent.ThreadPoolExecutor.runWorker(ThreadPoolExecutor.java:1149)
	at java.util.concurrent.ThreadPoolExecutor$Worker.run(ThreadPoolExecutor.java:624)
	... 1 more
Caused by: org.apache.ratis.thirdparty.io.netty.channel.AbstractChannel$AnnotatedConnectException: Connection refused: /192.168.164.239:42501
	at sun.nio.ch.SocketChannelImpl.checkConnect(Native Method)
	at sun.nio.ch.SocketChannelImpl.finishConnect(SocketChannelImpl.java:717)
	at org.apache.ratis.thirdparty.io.netty.channel.socket.nio.NioSocketChannel.doFinishConnect(NioSocketChannel.java:327)
	at org.apache.ratis.thirdparty.io.netty.channel.nio.AbstractNioChannel$AbstractNioUnsafe.finishConnect(AbstractNioChannel.java:340)
	at org.apache.ratis.thirdparty.io.netty.channel.nio.NioEventLoop.processSelectedKey(NioEventLoop.java:632)
	at org.apache.ratis.thirdparty.io.netty.channel.nio.NioEventLoop.processSelectedKeysOptimized(NioEventLoop.java:579)
	at org.apache.ratis.thirdparty.io.netty.channel.nio.NioEventLoop.processSelectedKeys(NioEventLoop.java:496)
	at org.apache.ratis.thirdparty.io.netty.channel.nio.NioEventLoop.run(NioEventLoop.java:458)
	at org.apache.ratis.thirdparty.io.netty.util.concurrent.SingleThreadEventExecutor$5.run(SingleThreadEventExecutor.java:897)
	at org.apache.ratis.thirdparty.io.netty.util.concurrent.FastThreadLocalRunnable.run(FastThreadLocalRunnable.java:30)
	... 1 more
Caused by: java.net.ConnectException: Connection refused
	... 11 more
2019-10-15 16:29:55,448 [f5624850-682f-4ec5-bb5c-f79627fc299e@group-C25BD028928E-LeaderElection166] INFO  impl.RaftServerImpl (RaftServerImpl.java:setRole(184)) - f5624850-682f-4ec5-bb5c-f79627fc299e@group-C25BD028928E: changes role from CANDIDATE to FOLLOWER at term 156 for DISCOVERED_A_NEW_TERM
2019-10-15 16:29:55,449 [f5624850-682f-4ec5-bb5c-f79627fc299e@group-C25BD028928E-LeaderElection166] INFO  impl.RoleInfo (RoleInfo.java:shutdownLeaderElection(134)) - f5624850-682f-4ec5-bb5c-f79627fc299e: shutdown LeaderElection
2019-10-15 16:29:55,449 [f5624850-682f-4ec5-bb5c-f79627fc299e@group-C25BD028928E-LeaderElection166] INFO  impl.RoleInfo (RoleInfo.java:updateAndGet(143)) - f5624850-682f-4ec5-bb5c-f79627fc299e: start FollowerState
2019-10-15 16:29:55,526 [Datanode State Machine Thread - 0] INFO  statemachine.DatanodeStateMachine (DatanodeStateMachine.java:lambda$startDaemon$0(350)) - Ozone container server started.
2019-10-15 16:29:55,551 [Thread-1575] INFO  impl.FollowerState (FollowerState.java:run(108)) - f5624850-682f-4ec5-bb5c-f79627fc299e@group-C25BD028928E-FollowerState: change to CANDIDATE, lastRpcTime:102ms, electionTimeout:102ms
2019-10-15 16:29:55,551 [Thread-1575] INFO  impl.RoleInfo (RoleInfo.java:shutdownFollowerState(121)) - f5624850-682f-4ec5-bb5c-f79627fc299e: shutdown FollowerState
2019-10-15 16:29:55,552 [Thread-1575] INFO  impl.RaftServerImpl (RaftServerImpl.java:setRole(184)) - f5624850-682f-4ec5-bb5c-f79627fc299e@group-C25BD028928E: changes role from  FOLLOWER to CANDIDATE at term 156 for changeToCandidate
2019-10-15 16:29:55,552 [Thread-1575] INFO  impl.RoleInfo (RoleInfo.java:updateAndGet(143)) - f5624850-682f-4ec5-bb5c-f79627fc299e: start LeaderElection
2019-10-15 16:29:55,575 [f5624850-682f-4ec5-bb5c-f79627fc299e@group-C25BD028928E-LeaderElection167] INFO  impl.LeaderElection (LeaderElection.java:askForVotes(178)) - f5624850-682f-4ec5-bb5c-f79627fc299e@group-C25BD028928E-LeaderElection167: begin an election at term 157 for -1: [f581660d-af3d-4f5f-b57d-f4cb54f048b9:192.168.164.239:42501, f5624850-682f-4ec5-bb5c-f79627fc299e:192.168.164.239:39499, 14091fe6-d183-4b46-be93-2ba964a39c73:192.168.164.239:34827], old=null
2019-10-15 16:29:55,576 [f5624850-682f-4ec5-bb5c-f79627fc299e@group-C25BD028928E-LeaderElection167] INFO  impl.LeaderElection (LogUtils.java:infoOrTrace(149)) - f5624850-682f-4ec5-bb5c-f79627fc299e@group-C25BD028928E-LeaderElection167 got exception when requesting votes: {}
java.util.concurrent.ExecutionException: org.apache.ratis.thirdparty.io.grpc.StatusRuntimeException: UNAVAILABLE: io exception
	at java.util.concurrent.FutureTask.report(FutureTask.java:122)
	at java.util.concurrent.FutureTask.get(FutureTask.java:192)
	at org.apache.ratis.server.impl.LeaderElection.waitForResults(LeaderElection.java:259)
	at org.apache.ratis.server.impl.LeaderElection.askForVotes(LeaderElection.java:197)
	at org.apache.ratis.server.impl.LeaderElection.run(LeaderElection.java:133)
	at java.lang.Thread.run(Thread.java:748)
Caused by: org.apache.ratis.thirdparty.io.grpc.StatusRuntimeException: UNAVAILABLE: io exception
	at org.apache.ratis.thirdparty.io.grpc.stub.ClientCalls.toStatusRuntimeException(ClientCalls.java:233)
	at org.apache.ratis.thirdparty.io.grpc.stub.ClientCalls.getUnchecked(ClientCalls.java:214)
	at org.apache.ratis.thirdparty.io.grpc.stub.ClientCalls.blockingUnaryCall(ClientCalls.java:139)
	at org.apache.ratis.proto.grpc.RaftServerProtocolServiceGrpc$RaftServerProtocolServiceBlockingStub.requestVote(RaftServerProtocolServiceGrpc.java:265)
	at org.apache.ratis.grpc.server.GrpcServerProtocolClient.requestVote(GrpcServerProtocolClient.java:99)
	at org.apache.ratis.grpc.server.GrpcService.requestVote(GrpcService.java:204)
	at org.apache.ratis.server.impl.LeaderElection.lambda$submitRequests$1(LeaderElection.java:234)
	at java.util.concurrent.FutureTask.run(FutureTask.java:266)
	at java.util.concurrent.Executors$RunnableAdapter.call(Executors.java:511)
	at java.util.concurrent.FutureTask.run(FutureTask.java:266)
	at java.util.concurrent.ThreadPoolExecutor.runWorker(ThreadPoolExecutor.java:1149)
	at java.util.concurrent.ThreadPoolExecutor$Worker.run(ThreadPoolExecutor.java:624)
	... 1 more
Caused by: org.apache.ratis.thirdparty.io.netty.channel.AbstractChannel$AnnotatedConnectException: Connection refused: /192.168.164.239:42501
	at sun.nio.ch.SocketChannelImpl.checkConnect(Native Method)
	at sun.nio.ch.SocketChannelImpl.finishConnect(SocketChannelImpl.java:717)
	at org.apache.ratis.thirdparty.io.netty.channel.socket.nio.NioSocketChannel.doFinishConnect(NioSocketChannel.java:327)
	at org.apache.ratis.thirdparty.io.netty.channel.nio.AbstractNioChannel$AbstractNioUnsafe.finishConnect(AbstractNioChannel.java:340)
	at org.apache.ratis.thirdparty.io.netty.channel.nio.NioEventLoop.processSelectedKey(NioEventLoop.java:632)
	at org.apache.ratis.thirdparty.io.netty.channel.nio.NioEventLoop.processSelectedKeysOptimized(NioEventLoop.java:579)
	at org.apache.ratis.thirdparty.io.netty.channel.nio.NioEventLoop.processSelectedKeys(NioEventLoop.java:496)
	at org.apache.ratis.thirdparty.io.netty.channel.nio.NioEventLoop.run(NioEventLoop.java:458)
	at org.apache.ratis.thirdparty.io.netty.util.concurrent.SingleThreadEventExecutor$5.run(SingleThreadEventExecutor.java:897)
	at org.apache.ratis.thirdparty.io.netty.util.concurrent.FastThreadLocalRunnable.run(FastThreadLocalRunnable.java:30)
	... 1 more
Caused by: java.net.ConnectException: Connection refused
	... 11 more
2019-10-15 16:29:55,576 [java.util.concurrent.ThreadPoolExecutor$Worker@56768177[State = -1, empty queue]] WARN  server.GrpcLogAppender (GrpcLogAppender.java:timeoutAppendRequest(209)) - c48d8dfa-9e66-4eac-9ff2-02281a99dfa9@group-F2FE1ED60945->cccd55fe-f481-4e2b-93ed-b6a86d13c378-GrpcLogAppender: appendEntries Timeout, request=c48d8dfa-9e66-4eac-9ff2-02281a99dfa9->cccd55fe-f481-4e2b-93ed-b6a86d13c378#37-t5, previous=(t:5, i:0), leaderCommit=0, initializing? false, entries: <empty>
2019-10-15 16:29:55,578 [grpc-default-executor-10] INFO  impl.RaftServerImpl (RaftServerImpl.java:setRole(184)) - 14091fe6-d183-4b46-be93-2ba964a39c73@group-C25BD028928E: changes role from  FOLLOWER to FOLLOWER at term 157 for recognizeCandidate:f5624850-682f-4ec5-bb5c-f79627fc299e
2019-10-15 16:29:55,578 [grpc-default-executor-10] INFO  impl.RoleInfo (RoleInfo.java:shutdownFollowerState(121)) - 14091fe6-d183-4b46-be93-2ba964a39c73: shutdown FollowerState
2019-10-15 16:29:55,578 [grpc-default-executor-10] INFO  impl.RoleInfo (RoleInfo.java:updateAndGet(143)) - 14091fe6-d183-4b46-be93-2ba964a39c73: start FollowerState
2019-10-15 16:29:55,578 [Thread-1574] INFO  impl.FollowerState (FollowerState.java:run(117)) - 14091fe6-d183-4b46-be93-2ba964a39c73@group-C25BD028928E-FollowerState was interrupted: java.lang.InterruptedException: sleep interrupted
2019-10-15 16:29:55,601 [f5624850-682f-4ec5-bb5c-f79627fc299e@group-C25BD028928E-LeaderElection167] INFO  impl.LeaderElection (LeaderElection.java:logAndReturn(56)) - f5624850-682f-4ec5-bb5c-f79627fc299e@group-C25BD028928E-LeaderElection167: Election REJECTED; received 1 response(s) [f5624850-682f-4ec5-bb5c-f79627fc299e<-14091fe6-d183-4b46-be93-2ba964a39c73#0:FAIL-t157] and 1 exception(s); f5624850-682f-4ec5-bb5c-f79627fc299e@group-C25BD028928E:t157, leader=null, voted=f5624850-682f-4ec5-bb5c-f79627fc299e, raftlog=f5624850-682f-4ec5-bb5c-f79627fc299e@group-C25BD028928E-SegmentedRaftLog:OPENED:c-1,f-1,i0, conf=-1: [f581660d-af3d-4f5f-b57d-f4cb54f048b9:192.168.164.239:42501, f5624850-682f-4ec5-bb5c-f79627fc299e:192.168.164.239:39499, 14091fe6-d183-4b46-be93-2ba964a39c73:192.168.164.239:34827], old=null
2019-10-15 16:29:55,602 [f5624850-682f-4ec5-bb5c-f79627fc299e@group-C25BD028928E-LeaderElection167] INFO  impl.LeaderElection (LogUtils.java:infoOrTrace(149)) -   Exception 0: {}
java.util.concurrent.ExecutionException: org.apache.ratis.thirdparty.io.grpc.StatusRuntimeException: UNAVAILABLE: io exception
	at java.util.concurrent.FutureTask.report(FutureTask.java:122)
	at java.util.concurrent.FutureTask.get(FutureTask.java:192)
	at org.apache.ratis.server.impl.LeaderElection.waitForResults(LeaderElection.java:259)
	at org.apache.ratis.server.impl.LeaderElection.askForVotes(LeaderElection.java:197)
	at org.apache.ratis.server.impl.LeaderElection.run(LeaderElection.java:133)
	at java.lang.Thread.run(Thread.java:748)
Caused by: org.apache.ratis.thirdparty.io.grpc.StatusRuntimeException: UNAVAILABLE: io exception
	at org.apache.ratis.thirdparty.io.grpc.stub.ClientCalls.toStatusRuntimeException(ClientCalls.java:233)
	at org.apache.ratis.thirdparty.io.grpc.stub.ClientCalls.getUnchecked(ClientCalls.java:214)
	at org.apache.ratis.thirdparty.io.grpc.stub.ClientCalls.blockingUnaryCall(ClientCalls.java:139)
	at org.apache.ratis.proto.grpc.RaftServerProtocolServiceGrpc$RaftServerProtocolServiceBlockingStub.requestVote(RaftServerProtocolServiceGrpc.java:265)
	at org.apache.ratis.grpc.server.GrpcServerProtocolClient.requestVote(GrpcServerProtocolClient.java:99)
	at org.apache.ratis.grpc.server.GrpcService.requestVote(GrpcService.java:204)
	at org.apache.ratis.server.impl.LeaderElection.lambda$submitRequests$1(LeaderElection.java:234)
	at java.util.concurrent.FutureTask.run(FutureTask.java:266)
	at java.util.concurrent.Executors$RunnableAdapter.call(Executors.java:511)
	at java.util.concurrent.FutureTask.run(FutureTask.java:266)
	at java.util.concurrent.ThreadPoolExecutor.runWorker(ThreadPoolExecutor.java:1149)
	at java.util.concurrent.ThreadPoolExecutor$Worker.run(ThreadPoolExecutor.java:624)
	... 1 more
Caused by: org.apache.ratis.thirdparty.io.netty.channel.AbstractChannel$AnnotatedConnectException: Connection refused: /192.168.164.239:42501
	at sun.nio.ch.SocketChannelImpl.checkConnect(Native Method)
	at sun.nio.ch.SocketChannelImpl.finishConnect(SocketChannelImpl.java:717)
	at org.apache.ratis.thirdparty.io.netty.channel.socket.nio.NioSocketChannel.doFinishConnect(NioSocketChannel.java:327)
	at org.apache.ratis.thirdparty.io.netty.channel.nio.AbstractNioChannel$AbstractNioUnsafe.finishConnect(AbstractNioChannel.java:340)
	at org.apache.ratis.thirdparty.io.netty.channel.nio.NioEventLoop.processSelectedKey(NioEventLoop.java:632)
	at org.apache.ratis.thirdparty.io.netty.channel.nio.NioEventLoop.processSelectedKeysOptimized(NioEventLoop.java:579)
	at org.apache.ratis.thirdparty.io.netty.channel.nio.NioEventLoop.processSelectedKeys(NioEventLoop.java:496)
	at org.apache.ratis.thirdparty.io.netty.channel.nio.NioEventLoop.run(NioEventLoop.java:458)
	at org.apache.ratis.thirdparty.io.netty.util.concurrent.SingleThreadEventExecutor$5.run(SingleThreadEventExecutor.java:897)
	at org.apache.ratis.thirdparty.io.netty.util.concurrent.FastThreadLocalRunnable.run(FastThreadLocalRunnable.java:30)
	... 1 more
Caused by: java.net.ConnectException: Connection refused
	... 11 more
2019-10-15 16:29:55,602 [f5624850-682f-4ec5-bb5c-f79627fc299e@group-C25BD028928E-LeaderElection167] INFO  impl.RaftServerImpl (RaftServerImpl.java:setRole(184)) - f5624850-682f-4ec5-bb5c-f79627fc299e@group-C25BD028928E: changes role from CANDIDATE to FOLLOWER at term 157 for DISCOVERED_A_NEW_TERM
2019-10-15 16:29:55,602 [f5624850-682f-4ec5-bb5c-f79627fc299e@group-C25BD028928E-LeaderElection167] INFO  impl.RoleInfo (RoleInfo.java:shutdownLeaderElection(134)) - f5624850-682f-4ec5-bb5c-f79627fc299e: shutdown LeaderElection
2019-10-15 16:29:55,603 [f5624850-682f-4ec5-bb5c-f79627fc299e@group-C25BD028928E-LeaderElection167] INFO  impl.RoleInfo (RoleInfo.java:updateAndGet(143)) - f5624850-682f-4ec5-bb5c-f79627fc299e: start FollowerState
2019-10-15 16:29:55,705 [Thread-1580] INFO  impl.FollowerState (FollowerState.java:run(108)) - f5624850-682f-4ec5-bb5c-f79627fc299e@group-C25BD028928E-FollowerState: change to CANDIDATE, lastRpcTime:102ms, electionTimeout:102ms
2019-10-15 16:29:55,705 [Thread-1580] INFO  impl.RoleInfo (RoleInfo.java:shutdownFollowerState(121)) - f5624850-682f-4ec5-bb5c-f79627fc299e: shutdown FollowerState
2019-10-15 16:29:55,705 [Thread-1580] INFO  impl.RaftServerImpl (RaftServerImpl.java:setRole(184)) - f5624850-682f-4ec5-bb5c-f79627fc299e@group-C25BD028928E: changes role from  FOLLOWER to CANDIDATE at term 157 for changeToCandidate
2019-10-15 16:29:55,706 [Thread-1580] INFO  impl.RoleInfo (RoleInfo.java:updateAndGet(143)) - f5624850-682f-4ec5-bb5c-f79627fc299e: start LeaderElection
2019-10-15 16:29:55,736 [f5624850-682f-4ec5-bb5c-f79627fc299e@group-C25BD028928E-LeaderElection168] INFO  impl.LeaderElection (LeaderElection.java:askForVotes(178)) - f5624850-682f-4ec5-bb5c-f79627fc299e@group-C25BD028928E-LeaderElection168: begin an election at term 158 for -1: [f581660d-af3d-4f5f-b57d-f4cb54f048b9:192.168.164.239:42501, f5624850-682f-4ec5-bb5c-f79627fc299e:192.168.164.239:39499, 14091fe6-d183-4b46-be93-2ba964a39c73:192.168.164.239:34827], old=null
2019-10-15 16:29:55,736 [f5624850-682f-4ec5-bb5c-f79627fc299e@group-C25BD028928E-LeaderElection168] INFO  impl.LeaderElection (LogUtils.java:infoOrTrace(149)) - f5624850-682f-4ec5-bb5c-f79627fc299e@group-C25BD028928E-LeaderElection168 got exception when requesting votes: {}
java.util.concurrent.ExecutionException: org.apache.ratis.thirdparty.io.grpc.StatusRuntimeException: UNAVAILABLE: io exception
	at java.util.concurrent.FutureTask.report(FutureTask.java:122)
	at java.util.concurrent.FutureTask.get(FutureTask.java:192)
	at org.apache.ratis.server.impl.LeaderElection.waitForResults(LeaderElection.java:259)
	at org.apache.ratis.server.impl.LeaderElection.askForVotes(LeaderElection.java:197)
	at org.apache.ratis.server.impl.LeaderElection.run(LeaderElection.java:133)
	at java.lang.Thread.run(Thread.java:748)
Caused by: org.apache.ratis.thirdparty.io.grpc.StatusRuntimeException: UNAVAILABLE: io exception
	at org.apache.ratis.thirdparty.io.grpc.stub.ClientCalls.toStatusRuntimeException(ClientCalls.java:233)
	at org.apache.ratis.thirdparty.io.grpc.stub.ClientCalls.getUnchecked(ClientCalls.java:214)
	at org.apache.ratis.thirdparty.io.grpc.stub.ClientCalls.blockingUnaryCall(ClientCalls.java:139)
	at org.apache.ratis.proto.grpc.RaftServerProtocolServiceGrpc$RaftServerProtocolServiceBlockingStub.requestVote(RaftServerProtocolServiceGrpc.java:265)
	at org.apache.ratis.grpc.server.GrpcServerProtocolClient.requestVote(GrpcServerProtocolClient.java:99)
	at org.apache.ratis.grpc.server.GrpcService.requestVote(GrpcService.java:204)
	at org.apache.ratis.server.impl.LeaderElection.lambda$submitRequests$1(LeaderElection.java:234)
	at java.util.concurrent.FutureTask.run(FutureTask.java:266)
	at java.util.concurrent.Executors$RunnableAdapter.call(Executors.java:511)
	at java.util.concurrent.FutureTask.run(FutureTask.java:266)
	at java.util.concurrent.ThreadPoolExecutor.runWorker(ThreadPoolExecutor.java:1149)
	at java.util.concurrent.ThreadPoolExecutor$Worker.run(ThreadPoolExecutor.java:624)
	... 1 more
Caused by: org.apache.ratis.thirdparty.io.netty.channel.AbstractChannel$AnnotatedConnectException: Connection refused: /192.168.164.239:42501
	at sun.nio.ch.SocketChannelImpl.checkConnect(Native Method)
	at sun.nio.ch.SocketChannelImpl.finishConnect(SocketChannelImpl.java:717)
	at org.apache.ratis.thirdparty.io.netty.channel.socket.nio.NioSocketChannel.doFinishConnect(NioSocketChannel.java:327)
	at org.apache.ratis.thirdparty.io.netty.channel.nio.AbstractNioChannel$AbstractNioUnsafe.finishConnect(AbstractNioChannel.java:340)
	at org.apache.ratis.thirdparty.io.netty.channel.nio.NioEventLoop.processSelectedKey(NioEventLoop.java:632)
	at org.apache.ratis.thirdparty.io.netty.channel.nio.NioEventLoop.processSelectedKeysOptimized(NioEventLoop.java:579)
	at org.apache.ratis.thirdparty.io.netty.channel.nio.NioEventLoop.processSelectedKeys(NioEventLoop.java:496)
	at org.apache.ratis.thirdparty.io.netty.channel.nio.NioEventLoop.run(NioEventLoop.java:458)
	at org.apache.ratis.thirdparty.io.netty.util.concurrent.SingleThreadEventExecutor$5.run(SingleThreadEventExecutor.java:897)
	at org.apache.ratis.thirdparty.io.netty.util.concurrent.FastThreadLocalRunnable.run(FastThreadLocalRunnable.java:30)
	... 1 more
Caused by: java.net.ConnectException: Connection refused
	... 11 more
2019-10-15 16:29:55,738 [grpc-default-executor-10] INFO  impl.RaftServerImpl (RaftServerImpl.java:setRole(184)) - 14091fe6-d183-4b46-be93-2ba964a39c73@group-C25BD028928E: changes role from  FOLLOWER to FOLLOWER at term 158 for recognizeCandidate:f5624850-682f-4ec5-bb5c-f79627fc299e
2019-10-15 16:29:55,739 [grpc-default-executor-10] INFO  impl.RoleInfo (RoleInfo.java:shutdownFollowerState(121)) - 14091fe6-d183-4b46-be93-2ba964a39c73: shutdown FollowerState
2019-10-15 16:29:55,739 [grpc-default-executor-10] INFO  impl.RoleInfo (RoleInfo.java:updateAndGet(143)) - 14091fe6-d183-4b46-be93-2ba964a39c73: start FollowerState
2019-10-15 16:29:55,739 [Thread-1579] INFO  impl.FollowerState (FollowerState.java:run(117)) - 14091fe6-d183-4b46-be93-2ba964a39c73@group-C25BD028928E-FollowerState was interrupted: java.lang.InterruptedException: sleep interrupted
2019-10-15 16:29:55,762 [f5624850-682f-4ec5-bb5c-f79627fc299e@group-C25BD028928E-LeaderElection168] INFO  impl.LeaderElection (LeaderElection.java:logAndReturn(56)) - f5624850-682f-4ec5-bb5c-f79627fc299e@group-C25BD028928E-LeaderElection168: Election REJECTED; received 1 response(s) [f5624850-682f-4ec5-bb5c-f79627fc299e<-14091fe6-d183-4b46-be93-2ba964a39c73#0:FAIL-t158] and 1 exception(s); f5624850-682f-4ec5-bb5c-f79627fc299e@group-C25BD028928E:t158, leader=null, voted=f5624850-682f-4ec5-bb5c-f79627fc299e, raftlog=f5624850-682f-4ec5-bb5c-f79627fc299e@group-C25BD028928E-SegmentedRaftLog:OPENED:c-1,f-1,i0, conf=-1: [f581660d-af3d-4f5f-b57d-f4cb54f048b9:192.168.164.239:42501, f5624850-682f-4ec5-bb5c-f79627fc299e:192.168.164.239:39499, 14091fe6-d183-4b46-be93-2ba964a39c73:192.168.164.239:34827], old=null
2019-10-15 16:29:55,762 [f5624850-682f-4ec5-bb5c-f79627fc299e@group-C25BD028928E-LeaderElection168] INFO  impl.LeaderElection (LogUtils.java:infoOrTrace(149)) -   Exception 0: {}
java.util.concurrent.ExecutionException: org.apache.ratis.thirdparty.io.grpc.StatusRuntimeException: UNAVAILABLE: io exception
	at java.util.concurrent.FutureTask.report(FutureTask.java:122)
	at java.util.concurrent.FutureTask.get(FutureTask.java:192)
	at org.apache.ratis.server.impl.LeaderElection.waitForResults(LeaderElection.java:259)
	at org.apache.ratis.server.impl.LeaderElection.askForVotes(LeaderElection.java:197)
	at org.apache.ratis.server.impl.LeaderElection.run(LeaderElection.java:133)
	at java.lang.Thread.run(Thread.java:748)
Caused by: org.apache.ratis.thirdparty.io.grpc.StatusRuntimeException: UNAVAILABLE: io exception
	at org.apache.ratis.thirdparty.io.grpc.stub.ClientCalls.toStatusRuntimeException(ClientCalls.java:233)
	at org.apache.ratis.thirdparty.io.grpc.stub.ClientCalls.getUnchecked(ClientCalls.java:214)
	at org.apache.ratis.thirdparty.io.grpc.stub.ClientCalls.blockingUnaryCall(ClientCalls.java:139)
	at org.apache.ratis.proto.grpc.RaftServerProtocolServiceGrpc$RaftServerProtocolServiceBlockingStub.requestVote(RaftServerProtocolServiceGrpc.java:265)
	at org.apache.ratis.grpc.server.GrpcServerProtocolClient.requestVote(GrpcServerProtocolClient.java:99)
	at org.apache.ratis.grpc.server.GrpcService.requestVote(GrpcService.java:204)
	at org.apache.ratis.server.impl.LeaderElection.lambda$submitRequests$1(LeaderElection.java:234)
	at java.util.concurrent.FutureTask.run(FutureTask.java:266)
	at java.util.concurrent.Executors$RunnableAdapter.call(Executors.java:511)
	at java.util.concurrent.FutureTask.run(FutureTask.java:266)
	at java.util.concurrent.ThreadPoolExecutor.runWorker(ThreadPoolExecutor.java:1149)
	at java.util.concurrent.ThreadPoolExecutor$Worker.run(ThreadPoolExecutor.java:624)
	... 1 more
Caused by: org.apache.ratis.thirdparty.io.netty.channel.AbstractChannel$AnnotatedConnectException: Connection refused: /192.168.164.239:42501
	at sun.nio.ch.SocketChannelImpl.checkConnect(Native Method)
	at sun.nio.ch.SocketChannelImpl.finishConnect(SocketChannelImpl.java:717)
	at org.apache.ratis.thirdparty.io.netty.channel.socket.nio.NioSocketChannel.doFinishConnect(NioSocketChannel.java:327)
	at org.apache.ratis.thirdparty.io.netty.channel.nio.AbstractNioChannel$AbstractNioUnsafe.finishConnect(AbstractNioChannel.java:340)
	at org.apache.ratis.thirdparty.io.netty.channel.nio.NioEventLoop.processSelectedKey(NioEventLoop.java:632)
	at org.apache.ratis.thirdparty.io.netty.channel.nio.NioEventLoop.processSelectedKeysOptimized(NioEventLoop.java:579)
	at org.apache.ratis.thirdparty.io.netty.channel.nio.NioEventLoop.processSelectedKeys(NioEventLoop.java:496)
	at org.apache.ratis.thirdparty.io.netty.channel.nio.NioEventLoop.run(NioEventLoop.java:458)
	at org.apache.ratis.thirdparty.io.netty.util.concurrent.SingleThreadEventExecutor$5.run(SingleThreadEventExecutor.java:897)
	at org.apache.ratis.thirdparty.io.netty.util.concurrent.FastThreadLocalRunnable.run(FastThreadLocalRunnable.java:30)
	... 1 more
Caused by: java.net.ConnectException: Connection refused
	... 11 more
2019-10-15 16:29:55,763 [f5624850-682f-4ec5-bb5c-f79627fc299e@group-C25BD028928E-LeaderElection168] INFO  impl.RaftServerImpl (RaftServerImpl.java:setRole(184)) - f5624850-682f-4ec5-bb5c-f79627fc299e@group-C25BD028928E: changes role from CANDIDATE to FOLLOWER at term 158 for DISCOVERED_A_NEW_TERM
2019-10-15 16:29:55,763 [f5624850-682f-4ec5-bb5c-f79627fc299e@group-C25BD028928E-LeaderElection168] INFO  impl.RoleInfo (RoleInfo.java:shutdownLeaderElection(134)) - f5624850-682f-4ec5-bb5c-f79627fc299e: shutdown LeaderElection
2019-10-15 16:29:55,763 [f5624850-682f-4ec5-bb5c-f79627fc299e@group-C25BD028928E-LeaderElection168] INFO  impl.RoleInfo (RoleInfo.java:updateAndGet(143)) - f5624850-682f-4ec5-bb5c-f79627fc299e: start FollowerState
2019-10-15 16:29:55,804 [Datanode State Machine Thread - 0] INFO  statemachine.DatanodeStateMachine (DatanodeStateMachine.java:lambda$startDaemon$0(350)) - Ozone container server started.
2019-10-15 16:29:55,811 [Thread-1586] INFO  impl.FollowerState (FollowerState.java:run(108)) - f5624850-682f-4ec5-bb5c-f79627fc299e@group-C25BD028928E-FollowerState: change to CANDIDATE, lastRpcTime:47ms, electionTimeout:47ms
2019-10-15 16:29:55,811 [Thread-1586] INFO  impl.RoleInfo (RoleInfo.java:shutdownFollowerState(121)) - f5624850-682f-4ec5-bb5c-f79627fc299e: shutdown FollowerState
2019-10-15 16:29:55,811 [Thread-1586] INFO  impl.RaftServerImpl (RaftServerImpl.java:setRole(184)) - f5624850-682f-4ec5-bb5c-f79627fc299e@group-C25BD028928E: changes role from  FOLLOWER to CANDIDATE at term 158 for changeToCandidate
2019-10-15 16:29:55,811 [Thread-1586] INFO  impl.RoleInfo (RoleInfo.java:updateAndGet(143)) - f5624850-682f-4ec5-bb5c-f79627fc299e: start LeaderElection
2019-10-15 16:29:55,838 [f5624850-682f-4ec5-bb5c-f79627fc299e@group-C25BD028928E-LeaderElection169] INFO  impl.LeaderElection (LeaderElection.java:askForVotes(178)) - f5624850-682f-4ec5-bb5c-f79627fc299e@group-C25BD028928E-LeaderElection169: begin an election at term 159 for -1: [f581660d-af3d-4f5f-b57d-f4cb54f048b9:192.168.164.239:42501, f5624850-682f-4ec5-bb5c-f79627fc299e:192.168.164.239:39499, 14091fe6-d183-4b46-be93-2ba964a39c73:192.168.164.239:34827], old=null
2019-10-15 16:29:55,839 [f5624850-682f-4ec5-bb5c-f79627fc299e@group-C25BD028928E-LeaderElection169] INFO  impl.LeaderElection (LogUtils.java:infoOrTrace(149)) - f5624850-682f-4ec5-bb5c-f79627fc299e@group-C25BD028928E-LeaderElection169 got exception when requesting votes: {}
java.util.concurrent.ExecutionException: org.apache.ratis.thirdparty.io.grpc.StatusRuntimeException: UNAVAILABLE: io exception
	at java.util.concurrent.FutureTask.report(FutureTask.java:122)
	at java.util.concurrent.FutureTask.get(FutureTask.java:192)
	at org.apache.ratis.server.impl.LeaderElection.waitForResults(LeaderElection.java:259)
	at org.apache.ratis.server.impl.LeaderElection.askForVotes(LeaderElection.java:197)
	at org.apache.ratis.server.impl.LeaderElection.run(LeaderElection.java:133)
	at java.lang.Thread.run(Thread.java:748)
Caused by: org.apache.ratis.thirdparty.io.grpc.StatusRuntimeException: UNAVAILABLE: io exception
	at org.apache.ratis.thirdparty.io.grpc.stub.ClientCalls.toStatusRuntimeException(ClientCalls.java:233)
	at org.apache.ratis.thirdparty.io.grpc.stub.ClientCalls.getUnchecked(ClientCalls.java:214)
	at org.apache.ratis.thirdparty.io.grpc.stub.ClientCalls.blockingUnaryCall(ClientCalls.java:139)
	at org.apache.ratis.proto.grpc.RaftServerProtocolServiceGrpc$RaftServerProtocolServiceBlockingStub.requestVote(RaftServerProtocolServiceGrpc.java:265)
	at org.apache.ratis.grpc.server.GrpcServerProtocolClient.requestVote(GrpcServerProtocolClient.java:99)
	at org.apache.ratis.grpc.server.GrpcService.requestVote(GrpcService.java:204)
	at org.apache.ratis.server.impl.LeaderElection.lambda$submitRequests$1(LeaderElection.java:234)
	at java.util.concurrent.FutureTask.run(FutureTask.java:266)
	at java.util.concurrent.Executors$RunnableAdapter.call(Executors.java:511)
	at java.util.concurrent.FutureTask.run(FutureTask.java:266)
	at java.util.concurrent.ThreadPoolExecutor.runWorker(ThreadPoolExecutor.java:1149)
	at java.util.concurrent.ThreadPoolExecutor$Worker.run(ThreadPoolExecutor.java:624)
	... 1 more
Caused by: org.apache.ratis.thirdparty.io.netty.channel.AbstractChannel$AnnotatedConnectException: Connection refused: /192.168.164.239:42501
	at sun.nio.ch.SocketChannelImpl.checkConnect(Native Method)
	at sun.nio.ch.SocketChannelImpl.finishConnect(SocketChannelImpl.java:717)
	at org.apache.ratis.thirdparty.io.netty.channel.socket.nio.NioSocketChannel.doFinishConnect(NioSocketChannel.java:327)
	at org.apache.ratis.thirdparty.io.netty.channel.nio.AbstractNioChannel$AbstractNioUnsafe.finishConnect(AbstractNioChannel.java:340)
	at org.apache.ratis.thirdparty.io.netty.channel.nio.NioEventLoop.processSelectedKey(NioEventLoop.java:632)
	at org.apache.ratis.thirdparty.io.netty.channel.nio.NioEventLoop.processSelectedKeysOptimized(NioEventLoop.java:579)
	at org.apache.ratis.thirdparty.io.netty.channel.nio.NioEventLoop.processSelectedKeys(NioEventLoop.java:496)
	at org.apache.ratis.thirdparty.io.netty.channel.nio.NioEventLoop.run(NioEventLoop.java:458)
	at org.apache.ratis.thirdparty.io.netty.util.concurrent.SingleThreadEventExecutor$5.run(SingleThreadEventExecutor.java:897)
	at org.apache.ratis.thirdparty.io.netty.util.concurrent.FastThreadLocalRunnable.run(FastThreadLocalRunnable.java:30)
	... 1 more
Caused by: java.net.ConnectException: Connection refused
	... 11 more
2019-10-15 16:29:55,840 [grpc-default-executor-10] INFO  impl.RaftServerImpl (RaftServerImpl.java:setRole(184)) - 14091fe6-d183-4b46-be93-2ba964a39c73@group-C25BD028928E: changes role from  FOLLOWER to FOLLOWER at term 159 for recognizeCandidate:f5624850-682f-4ec5-bb5c-f79627fc299e
2019-10-15 16:29:55,840 [grpc-default-executor-10] INFO  impl.RoleInfo (RoleInfo.java:shutdownFollowerState(121)) - 14091fe6-d183-4b46-be93-2ba964a39c73: shutdown FollowerState
2019-10-15 16:29:55,840 [grpc-default-executor-10] INFO  impl.RoleInfo (RoleInfo.java:updateAndGet(143)) - 14091fe6-d183-4b46-be93-2ba964a39c73: start FollowerState
2019-10-15 16:29:55,840 [Thread-1585] INFO  impl.FollowerState (FollowerState.java:run(117)) - 14091fe6-d183-4b46-be93-2ba964a39c73@group-C25BD028928E-FollowerState was interrupted: java.lang.InterruptedException: sleep interrupted
2019-10-15 16:29:55,864 [f5624850-682f-4ec5-bb5c-f79627fc299e@group-C25BD028928E-LeaderElection169] INFO  impl.LeaderElection (LeaderElection.java:logAndReturn(56)) - f5624850-682f-4ec5-bb5c-f79627fc299e@group-C25BD028928E-LeaderElection169: Election REJECTED; received 1 response(s) [f5624850-682f-4ec5-bb5c-f79627fc299e<-14091fe6-d183-4b46-be93-2ba964a39c73#0:FAIL-t159] and 1 exception(s); f5624850-682f-4ec5-bb5c-f79627fc299e@group-C25BD028928E:t159, leader=null, voted=f5624850-682f-4ec5-bb5c-f79627fc299e, raftlog=f5624850-682f-4ec5-bb5c-f79627fc299e@group-C25BD028928E-SegmentedRaftLog:OPENED:c-1,f-1,i0, conf=-1: [f581660d-af3d-4f5f-b57d-f4cb54f048b9:192.168.164.239:42501, f5624850-682f-4ec5-bb5c-f79627fc299e:192.168.164.239:39499, 14091fe6-d183-4b46-be93-2ba964a39c73:192.168.164.239:34827], old=null
2019-10-15 16:29:55,865 [f5624850-682f-4ec5-bb5c-f79627fc299e@group-C25BD028928E-LeaderElection169] INFO  impl.LeaderElection (LogUtils.java:infoOrTrace(149)) -   Exception 0: {}
java.util.concurrent.ExecutionException: org.apache.ratis.thirdparty.io.grpc.StatusRuntimeException: UNAVAILABLE: io exception
	at java.util.concurrent.FutureTask.report(FutureTask.java:122)
	at java.util.concurrent.FutureTask.get(FutureTask.java:192)
	at org.apache.ratis.server.impl.LeaderElection.waitForResults(LeaderElection.java:259)
	at org.apache.ratis.server.impl.LeaderElection.askForVotes(LeaderElection.java:197)
	at org.apache.ratis.server.impl.LeaderElection.run(LeaderElection.java:133)
	at java.lang.Thread.run(Thread.java:748)
Caused by: org.apache.ratis.thirdparty.io.grpc.StatusRuntimeException: UNAVAILABLE: io exception
	at org.apache.ratis.thirdparty.io.grpc.stub.ClientCalls.toStatusRuntimeException(ClientCalls.java:233)
	at org.apache.ratis.thirdparty.io.grpc.stub.ClientCalls.getUnchecked(ClientCalls.java:214)
	at org.apache.ratis.thirdparty.io.grpc.stub.ClientCalls.blockingUnaryCall(ClientCalls.java:139)
	at org.apache.ratis.proto.grpc.RaftServerProtocolServiceGrpc$RaftServerProtocolServiceBlockingStub.requestVote(RaftServerProtocolServiceGrpc.java:265)
	at org.apache.ratis.grpc.server.GrpcServerProtocolClient.requestVote(GrpcServerProtocolClient.java:99)
	at org.apache.ratis.grpc.server.GrpcService.requestVote(GrpcService.java:204)
	at org.apache.ratis.server.impl.LeaderElection.lambda$submitRequests$1(LeaderElection.java:234)
	at java.util.concurrent.FutureTask.run(FutureTask.java:266)
	at java.util.concurrent.Executors$RunnableAdapter.call(Executors.java:511)
	at java.util.concurrent.FutureTask.run(FutureTask.java:266)
	at java.util.concurrent.ThreadPoolExecutor.runWorker(ThreadPoolExecutor.java:1149)
	at java.util.concurrent.ThreadPoolExecutor$Worker.run(ThreadPoolExecutor.java:624)
	... 1 more
Caused by: org.apache.ratis.thirdparty.io.netty.channel.AbstractChannel$AnnotatedConnectException: Connection refused: /192.168.164.239:42501
	at sun.nio.ch.SocketChannelImpl.checkConnect(Native Method)
	at sun.nio.ch.SocketChannelImpl.finishConnect(SocketChannelImpl.java:717)
	at org.apache.ratis.thirdparty.io.netty.channel.socket.nio.NioSocketChannel.doFinishConnect(NioSocketChannel.java:327)
	at org.apache.ratis.thirdparty.io.netty.channel.nio.AbstractNioChannel$AbstractNioUnsafe.finishConnect(AbstractNioChannel.java:340)
	at org.apache.ratis.thirdparty.io.netty.channel.nio.NioEventLoop.processSelectedKey(NioEventLoop.java:632)
	at org.apache.ratis.thirdparty.io.netty.channel.nio.NioEventLoop.processSelectedKeysOptimized(NioEventLoop.java:579)
	at org.apache.ratis.thirdparty.io.netty.channel.nio.NioEventLoop.processSelectedKeys(NioEventLoop.java:496)
	at org.apache.ratis.thirdparty.io.netty.channel.nio.NioEventLoop.run(NioEventLoop.java:458)
	at org.apache.ratis.thirdparty.io.netty.util.concurrent.SingleThreadEventExecutor$5.run(SingleThreadEventExecutor.java:897)
	at org.apache.ratis.thirdparty.io.netty.util.concurrent.FastThreadLocalRunnable.run(FastThreadLocalRunnable.java:30)
	... 1 more
Caused by: java.net.ConnectException: Connection refused
	... 11 more
2019-10-15 16:29:55,865 [f5624850-682f-4ec5-bb5c-f79627fc299e@group-C25BD028928E-LeaderElection169] INFO  impl.RaftServerImpl (RaftServerImpl.java:setRole(184)) - f5624850-682f-4ec5-bb5c-f79627fc299e@group-C25BD028928E: changes role from CANDIDATE to FOLLOWER at term 159 for DISCOVERED_A_NEW_TERM
2019-10-15 16:29:55,865 [f5624850-682f-4ec5-bb5c-f79627fc299e@group-C25BD028928E-LeaderElection169] INFO  impl.RoleInfo (RoleInfo.java:shutdownLeaderElection(134)) - f5624850-682f-4ec5-bb5c-f79627fc299e: shutdown LeaderElection
2019-10-15 16:29:55,866 [f5624850-682f-4ec5-bb5c-f79627fc299e@group-C25BD028928E-LeaderElection169] INFO  impl.RoleInfo (RoleInfo.java:updateAndGet(143)) - f5624850-682f-4ec5-bb5c-f79627fc299e: start FollowerState
2019-10-15 16:29:56,000 [Thread-1591] INFO  impl.FollowerState (FollowerState.java:run(108)) - f5624850-682f-4ec5-bb5c-f79627fc299e@group-C25BD028928E-FollowerState: change to CANDIDATE, lastRpcTime:134ms, electionTimeout:134ms
2019-10-15 16:29:56,000 [Thread-1591] INFO  impl.RoleInfo (RoleInfo.java:shutdownFollowerState(121)) - f5624850-682f-4ec5-bb5c-f79627fc299e: shutdown FollowerState
2019-10-15 16:29:56,001 [Thread-1591] INFO  impl.RaftServerImpl (RaftServerImpl.java:setRole(184)) - f5624850-682f-4ec5-bb5c-f79627fc299e@group-C25BD028928E: changes role from  FOLLOWER to CANDIDATE at term 159 for changeToCandidate
2019-10-15 16:29:56,001 [Thread-1591] INFO  impl.RoleInfo (RoleInfo.java:updateAndGet(143)) - f5624850-682f-4ec5-bb5c-f79627fc299e: start LeaderElection
2019-10-15 16:29:56,030 [f5624850-682f-4ec5-bb5c-f79627fc299e@group-C25BD028928E-LeaderElection170] INFO  impl.LeaderElection (LeaderElection.java:askForVotes(178)) - f5624850-682f-4ec5-bb5c-f79627fc299e@group-C25BD028928E-LeaderElection170: begin an election at term 160 for -1: [f581660d-af3d-4f5f-b57d-f4cb54f048b9:192.168.164.239:42501, f5624850-682f-4ec5-bb5c-f79627fc299e:192.168.164.239:39499, 14091fe6-d183-4b46-be93-2ba964a39c73:192.168.164.239:34827], old=null
2019-10-15 16:29:56,032 [f5624850-682f-4ec5-bb5c-f79627fc299e@group-C25BD028928E-LeaderElection170] INFO  impl.LeaderElection (LogUtils.java:infoOrTrace(149)) - f5624850-682f-4ec5-bb5c-f79627fc299e@group-C25BD028928E-LeaderElection170 got exception when requesting votes: {}
java.util.concurrent.ExecutionException: org.apache.ratis.thirdparty.io.grpc.StatusRuntimeException: UNAVAILABLE: io exception
	at java.util.concurrent.FutureTask.report(FutureTask.java:122)
	at java.util.concurrent.FutureTask.get(FutureTask.java:192)
	at org.apache.ratis.server.impl.LeaderElection.waitForResults(LeaderElection.java:259)
	at org.apache.ratis.server.impl.LeaderElection.askForVotes(LeaderElection.java:197)
	at org.apache.ratis.server.impl.LeaderElection.run(LeaderElection.java:133)
	at java.lang.Thread.run(Thread.java:748)
Caused by: org.apache.ratis.thirdparty.io.grpc.StatusRuntimeException: UNAVAILABLE: io exception
	at org.apache.ratis.thirdparty.io.grpc.stub.ClientCalls.toStatusRuntimeException(ClientCalls.java:233)
	at org.apache.ratis.thirdparty.io.grpc.stub.ClientCalls.getUnchecked(ClientCalls.java:214)
	at org.apache.ratis.thirdparty.io.grpc.stub.ClientCalls.blockingUnaryCall(ClientCalls.java:139)
	at org.apache.ratis.proto.grpc.RaftServerProtocolServiceGrpc$RaftServerProtocolServiceBlockingStub.requestVote(RaftServerProtocolServiceGrpc.java:265)
	at org.apache.ratis.grpc.server.GrpcServerProtocolClient.requestVote(GrpcServerProtocolClient.java:99)
	at org.apache.ratis.grpc.server.GrpcService.requestVote(GrpcService.java:204)
	at org.apache.ratis.server.impl.LeaderElection.lambda$submitRequests$1(LeaderElection.java:234)
	at java.util.concurrent.FutureTask.run(FutureTask.java:266)
	at java.util.concurrent.Executors$RunnableAdapter.call(Executors.java:511)
	at java.util.concurrent.FutureTask.run(FutureTask.java:266)
	at java.util.concurrent.ThreadPoolExecutor.runWorker(ThreadPoolExecutor.java:1149)
	at java.util.concurrent.ThreadPoolExecutor$Worker.run(ThreadPoolExecutor.java:624)
	... 1 more
Caused by: org.apache.ratis.thirdparty.io.netty.channel.AbstractChannel$AnnotatedConnectException: Connection refused: /192.168.164.239:42501
	at sun.nio.ch.SocketChannelImpl.checkConnect(Native Method)
	at sun.nio.ch.SocketChannelImpl.finishConnect(SocketChannelImpl.java:717)
	at org.apache.ratis.thirdparty.io.netty.channel.socket.nio.NioSocketChannel.doFinishConnect(NioSocketChannel.java:327)
	at org.apache.ratis.thirdparty.io.netty.channel.nio.AbstractNioChannel$AbstractNioUnsafe.finishConnect(AbstractNioChannel.java:340)
	at org.apache.ratis.thirdparty.io.netty.channel.nio.NioEventLoop.processSelectedKey(NioEventLoop.java:632)
	at org.apache.ratis.thirdparty.io.netty.channel.nio.NioEventLoop.processSelectedKeysOptimized(NioEventLoop.java:579)
	at org.apache.ratis.thirdparty.io.netty.channel.nio.NioEventLoop.processSelectedKeys(NioEventLoop.java:496)
	at org.apache.ratis.thirdparty.io.netty.channel.nio.NioEventLoop.run(NioEventLoop.java:458)
	at org.apache.ratis.thirdparty.io.netty.util.concurrent.SingleThreadEventExecutor$5.run(SingleThreadEventExecutor.java:897)
	at org.apache.ratis.thirdparty.io.netty.util.concurrent.FastThreadLocalRunnable.run(FastThreadLocalRunnable.java:30)
	... 1 more
Caused by: java.net.ConnectException: Connection refused
	... 11 more
2019-10-15 16:29:56,033 [grpc-default-executor-10] INFO  impl.RaftServerImpl (RaftServerImpl.java:setRole(184)) - 14091fe6-d183-4b46-be93-2ba964a39c73@group-C25BD028928E: changes role from  FOLLOWER to FOLLOWER at term 160 for recognizeCandidate:f5624850-682f-4ec5-bb5c-f79627fc299e
2019-10-15 16:29:56,033 [grpc-default-executor-10] INFO  impl.RoleInfo (RoleInfo.java:shutdownFollowerState(121)) - 14091fe6-d183-4b46-be93-2ba964a39c73: shutdown FollowerState
2019-10-15 16:29:56,033 [grpc-default-executor-10] INFO  impl.RoleInfo (RoleInfo.java:updateAndGet(143)) - 14091fe6-d183-4b46-be93-2ba964a39c73: start FollowerState
2019-10-15 16:29:56,033 [Thread-1590] INFO  impl.FollowerState (FollowerState.java:run(117)) - 14091fe6-d183-4b46-be93-2ba964a39c73@group-C25BD028928E-FollowerState was interrupted: java.lang.InterruptedException: sleep interrupted
2019-10-15 16:29:56,057 [f5624850-682f-4ec5-bb5c-f79627fc299e@group-C25BD028928E-LeaderElection170] INFO  impl.LeaderElection (LeaderElection.java:logAndReturn(56)) - f5624850-682f-4ec5-bb5c-f79627fc299e@group-C25BD028928E-LeaderElection170: Election REJECTED; received 1 response(s) [f5624850-682f-4ec5-bb5c-f79627fc299e<-14091fe6-d183-4b46-be93-2ba964a39c73#0:FAIL-t160] and 1 exception(s); f5624850-682f-4ec5-bb5c-f79627fc299e@group-C25BD028928E:t160, leader=null, voted=f5624850-682f-4ec5-bb5c-f79627fc299e, raftlog=f5624850-682f-4ec5-bb5c-f79627fc299e@group-C25BD028928E-SegmentedRaftLog:OPENED:c-1,f-1,i0, conf=-1: [f581660d-af3d-4f5f-b57d-f4cb54f048b9:192.168.164.239:42501, f5624850-682f-4ec5-bb5c-f79627fc299e:192.168.164.239:39499, 14091fe6-d183-4b46-be93-2ba964a39c73:192.168.164.239:34827], old=null
2019-10-15 16:29:56,057 [f5624850-682f-4ec5-bb5c-f79627fc299e@group-C25BD028928E-LeaderElection170] INFO  impl.LeaderElection (LogUtils.java:infoOrTrace(149)) -   Exception 0: {}
java.util.concurrent.ExecutionException: org.apache.ratis.thirdparty.io.grpc.StatusRuntimeException: UNAVAILABLE: io exception
	at java.util.concurrent.FutureTask.report(FutureTask.java:122)
	at java.util.concurrent.FutureTask.get(FutureTask.java:192)
	at org.apache.ratis.server.impl.LeaderElection.waitForResults(LeaderElection.java:259)
	at org.apache.ratis.server.impl.LeaderElection.askForVotes(LeaderElection.java:197)
	at org.apache.ratis.server.impl.LeaderElection.run(LeaderElection.java:133)
	at java.lang.Thread.run(Thread.java:748)
Caused by: org.apache.ratis.thirdparty.io.grpc.StatusRuntimeException: UNAVAILABLE: io exception
	at org.apache.ratis.thirdparty.io.grpc.stub.ClientCalls.toStatusRuntimeException(ClientCalls.java:233)
	at org.apache.ratis.thirdparty.io.grpc.stub.ClientCalls.getUnchecked(ClientCalls.java:214)
	at org.apache.ratis.thirdparty.io.grpc.stub.ClientCalls.blockingUnaryCall(ClientCalls.java:139)
	at org.apache.ratis.proto.grpc.RaftServerProtocolServiceGrpc$RaftServerProtocolServiceBlockingStub.requestVote(RaftServerProtocolServiceGrpc.java:265)
	at org.apache.ratis.grpc.server.GrpcServerProtocolClient.requestVote(GrpcServerProtocolClient.java:99)
	at org.apache.ratis.grpc.server.GrpcService.requestVote(GrpcService.java:204)
	at org.apache.ratis.server.impl.LeaderElection.lambda$submitRequests$1(LeaderElection.java:234)
	at java.util.concurrent.FutureTask.run(FutureTask.java:266)
	at java.util.concurrent.Executors$RunnableAdapter.call(Executors.java:511)
	at java.util.concurrent.FutureTask.run(FutureTask.java:266)
	at java.util.concurrent.ThreadPoolExecutor.runWorker(ThreadPoolExecutor.java:1149)
	at java.util.concurrent.ThreadPoolExecutor$Worker.run(ThreadPoolExecutor.java:624)
	... 1 more
Caused by: org.apache.ratis.thirdparty.io.netty.channel.AbstractChannel$AnnotatedConnectException: Connection refused: /192.168.164.239:42501
	at sun.nio.ch.SocketChannelImpl.checkConnect(Native Method)
	at sun.nio.ch.SocketChannelImpl.finishConnect(SocketChannelImpl.java:717)
	at org.apache.ratis.thirdparty.io.netty.channel.socket.nio.NioSocketChannel.doFinishConnect(NioSocketChannel.java:327)
	at org.apache.ratis.thirdparty.io.netty.channel.nio.AbstractNioChannel$AbstractNioUnsafe.finishConnect(AbstractNioChannel.java:340)
	at org.apache.ratis.thirdparty.io.netty.channel.nio.NioEventLoop.processSelectedKey(NioEventLoop.java:632)
	at org.apache.ratis.thirdparty.io.netty.channel.nio.NioEventLoop.processSelectedKeysOptimized(NioEventLoop.java:579)
	at org.apache.ratis.thirdparty.io.netty.channel.nio.NioEventLoop.processSelectedKeys(NioEventLoop.java:496)
	at org.apache.ratis.thirdparty.io.netty.channel.nio.NioEventLoop.run(NioEventLoop.java:458)
	at org.apache.ratis.thirdparty.io.netty.util.concurrent.SingleThreadEventExecutor$5.run(SingleThreadEventExecutor.java:897)
	at org.apache.ratis.thirdparty.io.netty.util.concurrent.FastThreadLocalRunnable.run(FastThreadLocalRunnable.java:30)
	... 1 more
Caused by: java.net.ConnectException: Connection refused
	... 11 more
2019-10-15 16:29:56,058 [f5624850-682f-4ec5-bb5c-f79627fc299e@group-C25BD028928E-LeaderElection170] INFO  impl.RaftServerImpl (RaftServerImpl.java:setRole(184)) - f5624850-682f-4ec5-bb5c-f79627fc299e@group-C25BD028928E: changes role from CANDIDATE to FOLLOWER at term 160 for DISCOVERED_A_NEW_TERM
2019-10-15 16:29:56,058 [f5624850-682f-4ec5-bb5c-f79627fc299e@group-C25BD028928E-LeaderElection170] INFO  impl.RoleInfo (RoleInfo.java:shutdownLeaderElection(134)) - f5624850-682f-4ec5-bb5c-f79627fc299e: shutdown LeaderElection
2019-10-15 16:29:56,058 [f5624850-682f-4ec5-bb5c-f79627fc299e@group-C25BD028928E-LeaderElection170] INFO  impl.RoleInfo (RoleInfo.java:updateAndGet(143)) - f5624850-682f-4ec5-bb5c-f79627fc299e: start FollowerState
2019-10-15 16:29:56,077 [java.util.concurrent.ThreadPoolExecutor$Worker@56768177[State = -1, empty queue]] WARN  server.GrpcLogAppender (GrpcLogAppender.java:timeoutAppendRequest(209)) - c48d8dfa-9e66-4eac-9ff2-02281a99dfa9@group-F2FE1ED60945->cccd55fe-f481-4e2b-93ed-b6a86d13c378-GrpcLogAppender: appendEntries Timeout, request=c48d8dfa-9e66-4eac-9ff2-02281a99dfa9->cccd55fe-f481-4e2b-93ed-b6a86d13c378#38-t5, previous=(t:5, i:0), leaderCommit=0, initializing? false, entries: <empty>
2019-10-15 16:29:56,210 [Thread-1596] INFO  impl.FollowerState (FollowerState.java:run(108)) - f5624850-682f-4ec5-bb5c-f79627fc299e@group-C25BD028928E-FollowerState: change to CANDIDATE, lastRpcTime:151ms, electionTimeout:151ms
2019-10-15 16:29:56,210 [Thread-1596] INFO  impl.RoleInfo (RoleInfo.java:shutdownFollowerState(121)) - f5624850-682f-4ec5-bb5c-f79627fc299e: shutdown FollowerState
2019-10-15 16:29:56,210 [Thread-1596] INFO  impl.RaftServerImpl (RaftServerImpl.java:setRole(184)) - f5624850-682f-4ec5-bb5c-f79627fc299e@group-C25BD028928E: changes role from  FOLLOWER to CANDIDATE at term 160 for changeToCandidate
2019-10-15 16:29:56,211 [Thread-1596] INFO  impl.RoleInfo (RoleInfo.java:updateAndGet(143)) - f5624850-682f-4ec5-bb5c-f79627fc299e: start LeaderElection
2019-10-15 16:29:56,239 [f5624850-682f-4ec5-bb5c-f79627fc299e@group-C25BD028928E-LeaderElection171] INFO  impl.LeaderElection (LeaderElection.java:askForVotes(178)) - f5624850-682f-4ec5-bb5c-f79627fc299e@group-C25BD028928E-LeaderElection171: begin an election at term 161 for -1: [f581660d-af3d-4f5f-b57d-f4cb54f048b9:192.168.164.239:42501, f5624850-682f-4ec5-bb5c-f79627fc299e:192.168.164.239:39499, 14091fe6-d183-4b46-be93-2ba964a39c73:192.168.164.239:34827], old=null
2019-10-15 16:29:56,240 [f5624850-682f-4ec5-bb5c-f79627fc299e@group-C25BD028928E-LeaderElection171] INFO  impl.LeaderElection (LogUtils.java:infoOrTrace(149)) - f5624850-682f-4ec5-bb5c-f79627fc299e@group-C25BD028928E-LeaderElection171 got exception when requesting votes: {}
java.util.concurrent.ExecutionException: org.apache.ratis.thirdparty.io.grpc.StatusRuntimeException: UNAVAILABLE: io exception
	at java.util.concurrent.FutureTask.report(FutureTask.java:122)
	at java.util.concurrent.FutureTask.get(FutureTask.java:192)
	at org.apache.ratis.server.impl.LeaderElection.waitForResults(LeaderElection.java:259)
	at org.apache.ratis.server.impl.LeaderElection.askForVotes(LeaderElection.java:197)
	at org.apache.ratis.server.impl.LeaderElection.run(LeaderElection.java:133)
	at java.lang.Thread.run(Thread.java:748)
Caused by: org.apache.ratis.thirdparty.io.grpc.StatusRuntimeException: UNAVAILABLE: io exception
	at org.apache.ratis.thirdparty.io.grpc.stub.ClientCalls.toStatusRuntimeException(ClientCalls.java:233)
	at org.apache.ratis.thirdparty.io.grpc.stub.ClientCalls.getUnchecked(ClientCalls.java:214)
	at org.apache.ratis.thirdparty.io.grpc.stub.ClientCalls.blockingUnaryCall(ClientCalls.java:139)
	at org.apache.ratis.proto.grpc.RaftServerProtocolServiceGrpc$RaftServerProtocolServiceBlockingStub.requestVote(RaftServerProtocolServiceGrpc.java:265)
	at org.apache.ratis.grpc.server.GrpcServerProtocolClient.requestVote(GrpcServerProtocolClient.java:99)
	at org.apache.ratis.grpc.server.GrpcService.requestVote(GrpcService.java:204)
	at org.apache.ratis.server.impl.LeaderElection.lambda$submitRequests$1(LeaderElection.java:234)
	at java.util.concurrent.FutureTask.run(FutureTask.java:266)
	at java.util.concurrent.Executors$RunnableAdapter.call(Executors.java:511)
	at java.util.concurrent.FutureTask.run(FutureTask.java:266)
	at java.util.concurrent.ThreadPoolExecutor.runWorker(ThreadPoolExecutor.java:1149)
	at java.util.concurrent.ThreadPoolExecutor$Worker.run(ThreadPoolExecutor.java:624)
	... 1 more
Caused by: org.apache.ratis.thirdparty.io.netty.channel.AbstractChannel$AnnotatedConnectException: Connection refused: /192.168.164.239:42501
	at sun.nio.ch.SocketChannelImpl.checkConnect(Native Method)
	at sun.nio.ch.SocketChannelImpl.finishConnect(SocketChannelImpl.java:717)
	at org.apache.ratis.thirdparty.io.netty.channel.socket.nio.NioSocketChannel.doFinishConnect(NioSocketChannel.java:327)
	at org.apache.ratis.thirdparty.io.netty.channel.nio.AbstractNioChannel$AbstractNioUnsafe.finishConnect(AbstractNioChannel.java:340)
	at org.apache.ratis.thirdparty.io.netty.channel.nio.NioEventLoop.processSelectedKey(NioEventLoop.java:632)
	at org.apache.ratis.thirdparty.io.netty.channel.nio.NioEventLoop.processSelectedKeysOptimized(NioEventLoop.java:579)
	at org.apache.ratis.thirdparty.io.netty.channel.nio.NioEventLoop.processSelectedKeys(NioEventLoop.java:496)
	at org.apache.ratis.thirdparty.io.netty.channel.nio.NioEventLoop.run(NioEventLoop.java:458)
	at org.apache.ratis.thirdparty.io.netty.util.concurrent.SingleThreadEventExecutor$5.run(SingleThreadEventExecutor.java:897)
	at org.apache.ratis.thirdparty.io.netty.util.concurrent.FastThreadLocalRunnable.run(FastThreadLocalRunnable.java:30)
	... 1 more
Caused by: java.net.ConnectException: Connection refused
	... 11 more
2019-10-15 16:29:56,242 [grpc-default-executor-10] INFO  impl.RaftServerImpl (RaftServerImpl.java:setRole(184)) - 14091fe6-d183-4b46-be93-2ba964a39c73@group-C25BD028928E: changes role from  FOLLOWER to FOLLOWER at term 161 for recognizeCandidate:f5624850-682f-4ec5-bb5c-f79627fc299e
2019-10-15 16:29:56,242 [grpc-default-executor-10] INFO  impl.RoleInfo (RoleInfo.java:shutdownFollowerState(121)) - 14091fe6-d183-4b46-be93-2ba964a39c73: shutdown FollowerState
2019-10-15 16:29:56,242 [grpc-default-executor-10] INFO  impl.RoleInfo (RoleInfo.java:updateAndGet(143)) - 14091fe6-d183-4b46-be93-2ba964a39c73: start FollowerState
2019-10-15 16:29:56,242 [Thread-1595] INFO  impl.FollowerState (FollowerState.java:run(117)) - 14091fe6-d183-4b46-be93-2ba964a39c73@group-C25BD028928E-FollowerState was interrupted: java.lang.InterruptedException: sleep interrupted
2019-10-15 16:29:56,265 [f5624850-682f-4ec5-bb5c-f79627fc299e@group-C25BD028928E-LeaderElection171] INFO  impl.LeaderElection (LeaderElection.java:logAndReturn(56)) - f5624850-682f-4ec5-bb5c-f79627fc299e@group-C25BD028928E-LeaderElection171: Election REJECTED; received 1 response(s) [f5624850-682f-4ec5-bb5c-f79627fc299e<-14091fe6-d183-4b46-be93-2ba964a39c73#0:FAIL-t161] and 1 exception(s); f5624850-682f-4ec5-bb5c-f79627fc299e@group-C25BD028928E:t161, leader=null, voted=f5624850-682f-4ec5-bb5c-f79627fc299e, raftlog=f5624850-682f-4ec5-bb5c-f79627fc299e@group-C25BD028928E-SegmentedRaftLog:OPENED:c-1,f-1,i0, conf=-1: [f581660d-af3d-4f5f-b57d-f4cb54f048b9:192.168.164.239:42501, f5624850-682f-4ec5-bb5c-f79627fc299e:192.168.164.239:39499, 14091fe6-d183-4b46-be93-2ba964a39c73:192.168.164.239:34827], old=null
2019-10-15 16:29:56,266 [f5624850-682f-4ec5-bb5c-f79627fc299e@group-C25BD028928E-LeaderElection171] INFO  impl.LeaderElection (LogUtils.java:infoOrTrace(149)) -   Exception 0: {}
java.util.concurrent.ExecutionException: org.apache.ratis.thirdparty.io.grpc.StatusRuntimeException: UNAVAILABLE: io exception
	at java.util.concurrent.FutureTask.report(FutureTask.java:122)
	at java.util.concurrent.FutureTask.get(FutureTask.java:192)
	at org.apache.ratis.server.impl.LeaderElection.waitForResults(LeaderElection.java:259)
	at org.apache.ratis.server.impl.LeaderElection.askForVotes(LeaderElection.java:197)
	at org.apache.ratis.server.impl.LeaderElection.run(LeaderElection.java:133)
	at java.lang.Thread.run(Thread.java:748)
Caused by: org.apache.ratis.thirdparty.io.grpc.StatusRuntimeException: UNAVAILABLE: io exception
	at org.apache.ratis.thirdparty.io.grpc.stub.ClientCalls.toStatusRuntimeException(ClientCalls.java:233)
	at org.apache.ratis.thirdparty.io.grpc.stub.ClientCalls.getUnchecked(ClientCalls.java:214)
	at org.apache.ratis.thirdparty.io.grpc.stub.ClientCalls.blockingUnaryCall(ClientCalls.java:139)
	at org.apache.ratis.proto.grpc.RaftServerProtocolServiceGrpc$RaftServerProtocolServiceBlockingStub.requestVote(RaftServerProtocolServiceGrpc.java:265)
	at org.apache.ratis.grpc.server.GrpcServerProtocolClient.requestVote(GrpcServerProtocolClient.java:99)
	at org.apache.ratis.grpc.server.GrpcService.requestVote(GrpcService.java:204)
	at org.apache.ratis.server.impl.LeaderElection.lambda$submitRequests$1(LeaderElection.java:234)
	at java.util.concurrent.FutureTask.run(FutureTask.java:266)
	at java.util.concurrent.Executors$RunnableAdapter.call(Executors.java:511)
	at java.util.concurrent.FutureTask.run(FutureTask.java:266)
	at java.util.concurrent.ThreadPoolExecutor.runWorker(ThreadPoolExecutor.java:1149)
	at java.util.concurrent.ThreadPoolExecutor$Worker.run(ThreadPoolExecutor.java:624)
	... 1 more
Caused by: org.apache.ratis.thirdparty.io.netty.channel.AbstractChannel$AnnotatedConnectException: Connection refused: /192.168.164.239:42501
	at sun.nio.ch.SocketChannelImpl.checkConnect(Native Method)
	at sun.nio.ch.SocketChannelImpl.finishConnect(SocketChannelImpl.java:717)
	at org.apache.ratis.thirdparty.io.netty.channel.socket.nio.NioSocketChannel.doFinishConnect(NioSocketChannel.java:327)
	at org.apache.ratis.thirdparty.io.netty.channel.nio.AbstractNioChannel$AbstractNioUnsafe.finishConnect(AbstractNioChannel.java:340)
	at org.apache.ratis.thirdparty.io.netty.channel.nio.NioEventLoop.processSelectedKey(NioEventLoop.java:632)
	at org.apache.ratis.thirdparty.io.netty.channel.nio.NioEventLoop.processSelectedKeysOptimized(NioEventLoop.java:579)
	at org.apache.ratis.thirdparty.io.netty.channel.nio.NioEventLoop.processSelectedKeys(NioEventLoop.java:496)
	at org.apache.ratis.thirdparty.io.netty.channel.nio.NioEventLoop.run(NioEventLoop.java:458)
	at org.apache.ratis.thirdparty.io.netty.util.concurrent.SingleThreadEventExecutor$5.run(SingleThreadEventExecutor.java:897)
	at org.apache.ratis.thirdparty.io.netty.util.concurrent.FastThreadLocalRunnable.run(FastThreadLocalRunnable.java:30)
	... 1 more
Caused by: java.net.ConnectException: Connection refused
	... 11 more
2019-10-15 16:29:56,266 [f5624850-682f-4ec5-bb5c-f79627fc299e@group-C25BD028928E-LeaderElection171] INFO  impl.RaftServerImpl (RaftServerImpl.java:setRole(184)) - f5624850-682f-4ec5-bb5c-f79627fc299e@group-C25BD028928E: changes role from CANDIDATE to FOLLOWER at term 161 for DISCOVERED_A_NEW_TERM
2019-10-15 16:29:56,266 [f5624850-682f-4ec5-bb5c-f79627fc299e@group-C25BD028928E-LeaderElection171] INFO  impl.RoleInfo (RoleInfo.java:shutdownLeaderElection(134)) - f5624850-682f-4ec5-bb5c-f79627fc299e: shutdown LeaderElection
2019-10-15 16:29:56,266 [f5624850-682f-4ec5-bb5c-f79627fc299e@group-C25BD028928E-LeaderElection171] INFO  impl.RoleInfo (RoleInfo.java:updateAndGet(143)) - f5624850-682f-4ec5-bb5c-f79627fc299e: start FollowerState
2019-10-15 16:29:56,394 [Thread-511] INFO  impl.FollowerState (FollowerState.java:run(108)) - 24ee8ff7-dd07-49e6-bbcb-bb50ff0e8e36@group-F2FE1ED60945-FollowerState: change to CANDIDATE, lastRpcTime:1768ms, electionTimeout:1082ms
2019-10-15 16:29:56,394 [Thread-511] INFO  impl.RoleInfo (RoleInfo.java:shutdownFollowerState(121)) - 24ee8ff7-dd07-49e6-bbcb-bb50ff0e8e36: shutdown FollowerState
2019-10-15 16:29:56,394 [Thread-511] INFO  impl.RaftServerImpl (RaftServerImpl.java:setRole(184)) - 24ee8ff7-dd07-49e6-bbcb-bb50ff0e8e36@group-F2FE1ED60945: changes role from  FOLLOWER to CANDIDATE at term 5 for changeToCandidate
2019-10-15 16:29:56,394 [Thread-511] INFO  impl.RoleInfo (RoleInfo.java:updateAndGet(143)) - 24ee8ff7-dd07-49e6-bbcb-bb50ff0e8e36: start LeaderElection
2019-10-15 16:29:56,394 [24ee8ff7-dd07-49e6-bbcb-bb50ff0e8e36@group-F2FE1ED60945-LeaderElection172] INFO  impl.RaftServerImpl (ServerState.java:setLeader(256)) - 24ee8ff7-dd07-49e6-bbcb-bb50ff0e8e36@group-F2FE1ED60945: change Leader from c48d8dfa-9e66-4eac-9ff2-02281a99dfa9 to null at term 5 for initElection
2019-10-15 16:29:56,423 [24ee8ff7-dd07-49e6-bbcb-bb50ff0e8e36@group-F2FE1ED60945-LeaderElection172] INFO  impl.LeaderElection (LeaderElection.java:askForVotes(178)) - 24ee8ff7-dd07-49e6-bbcb-bb50ff0e8e36@group-F2FE1ED60945-LeaderElection172: begin an election at term 6 for 0: [c48d8dfa-9e66-4eac-9ff2-02281a99dfa9:192.168.164.239:41652, cccd55fe-f481-4e2b-93ed-b6a86d13c378:192.168.164.239:35771, 24ee8ff7-dd07-49e6-bbcb-bb50ff0e8e36:192.168.164.239:45096], old=null
2019-10-15 16:29:56,427 [24ee8ff7-dd07-49e6-bbcb-bb50ff0e8e36@group-F2FE1ED60945-LeaderElection172] INFO  impl.LeaderElection (LogUtils.java:infoOrTrace(149)) - 24ee8ff7-dd07-49e6-bbcb-bb50ff0e8e36@group-F2FE1ED60945-LeaderElection172 got exception when requesting votes: {}
java.util.concurrent.ExecutionException: org.apache.ratis.thirdparty.io.grpc.StatusRuntimeException: UNAVAILABLE: io exception
	at java.util.concurrent.FutureTask.report(FutureTask.java:122)
	at java.util.concurrent.FutureTask.get(FutureTask.java:192)
	at org.apache.ratis.server.impl.LeaderElection.waitForResults(LeaderElection.java:259)
	at org.apache.ratis.server.impl.LeaderElection.askForVotes(LeaderElection.java:197)
	at org.apache.ratis.server.impl.LeaderElection.run(LeaderElection.java:133)
	at java.lang.Thread.run(Thread.java:748)
Caused by: org.apache.ratis.thirdparty.io.grpc.StatusRuntimeException: UNAVAILABLE: io exception
	at org.apache.ratis.thirdparty.io.grpc.stub.ClientCalls.toStatusRuntimeException(ClientCalls.java:233)
	at org.apache.ratis.thirdparty.io.grpc.stub.ClientCalls.getUnchecked(ClientCalls.java:214)
	at org.apache.ratis.thirdparty.io.grpc.stub.ClientCalls.blockingUnaryCall(ClientCalls.java:139)
	at org.apache.ratis.proto.grpc.RaftServerProtocolServiceGrpc$RaftServerProtocolServiceBlockingStub.requestVote(RaftServerProtocolServiceGrpc.java:265)
	at org.apache.ratis.grpc.server.GrpcServerProtocolClient.requestVote(GrpcServerProtocolClient.java:99)
	at org.apache.ratis.grpc.server.GrpcService.requestVote(GrpcService.java:204)
	at org.apache.ratis.server.impl.LeaderElection.lambda$submitRequests$1(LeaderElection.java:234)
	at java.util.concurrent.FutureTask.run(FutureTask.java:266)
	at java.util.concurrent.Executors$RunnableAdapter.call(Executors.java:511)
	at java.util.concurrent.FutureTask.run(FutureTask.java:266)
	at java.util.concurrent.ThreadPoolExecutor.runWorker(ThreadPoolExecutor.java:1149)
	at java.util.concurrent.ThreadPoolExecutor$Worker.run(ThreadPoolExecutor.java:624)
	... 1 more
Caused by: org.apache.ratis.thirdparty.io.netty.channel.AbstractChannel$AnnotatedConnectException: Connection refused: /192.168.164.239:35771
	at sun.nio.ch.SocketChannelImpl.checkConnect(Native Method)
	at sun.nio.ch.SocketChannelImpl.finishConnect(SocketChannelImpl.java:717)
	at org.apache.ratis.thirdparty.io.netty.channel.socket.nio.NioSocketChannel.doFinishConnect(NioSocketChannel.java:327)
	at org.apache.ratis.thirdparty.io.netty.channel.nio.AbstractNioChannel$AbstractNioUnsafe.finishConnect(AbstractNioChannel.java:340)
	at org.apache.ratis.thirdparty.io.netty.channel.nio.NioEventLoop.processSelectedKey(NioEventLoop.java:632)
	at org.apache.ratis.thirdparty.io.netty.channel.nio.NioEventLoop.processSelectedKeysOptimized(NioEventLoop.java:579)
	at org.apache.ratis.thirdparty.io.netty.channel.nio.NioEventLoop.processSelectedKeys(NioEventLoop.java:496)
	at org.apache.ratis.thirdparty.io.netty.channel.nio.NioEventLoop.run(NioEventLoop.java:458)
	at org.apache.ratis.thirdparty.io.netty.util.concurrent.SingleThreadEventExecutor$5.run(SingleThreadEventExecutor.java:897)
	at org.apache.ratis.thirdparty.io.netty.util.concurrent.FastThreadLocalRunnable.run(FastThreadLocalRunnable.java:30)
	... 1 more
Caused by: java.net.ConnectException: Connection refused
	... 11 more
2019-10-15 16:29:56,428 [Thread-1602] INFO  impl.FollowerState (FollowerState.java:run(108)) - f5624850-682f-4ec5-bb5c-f79627fc299e@group-C25BD028928E-FollowerState: change to CANDIDATE, lastRpcTime:161ms, electionTimeout:161ms
2019-10-15 16:29:56,428 [24ee8ff7-dd07-49e6-bbcb-bb50ff0e8e36@group-F2FE1ED60945-LeaderElection172] INFO  impl.LeaderElection (LogUtils.java:infoOrTrace(149)) - 24ee8ff7-dd07-49e6-bbcb-bb50ff0e8e36@group-F2FE1ED60945-LeaderElection172 got exception when requesting votes: {}
java.util.concurrent.ExecutionException: org.apache.ratis.thirdparty.io.grpc.StatusRuntimeException: UNAVAILABLE: io exception
	at java.util.concurrent.FutureTask.report(FutureTask.java:122)
	at java.util.concurrent.FutureTask.get(FutureTask.java:192)
	at org.apache.ratis.server.impl.LeaderElection.waitForResults(LeaderElection.java:259)
	at org.apache.ratis.server.impl.LeaderElection.askForVotes(LeaderElection.java:197)
	at org.apache.ratis.server.impl.LeaderElection.run(LeaderElection.java:133)
	at java.lang.Thread.run(Thread.java:748)
Caused by: org.apache.ratis.thirdparty.io.grpc.StatusRuntimeException: UNAVAILABLE: io exception
	at org.apache.ratis.thirdparty.io.grpc.stub.ClientCalls.toStatusRuntimeException(ClientCalls.java:233)
	at org.apache.ratis.thirdparty.io.grpc.stub.ClientCalls.getUnchecked(ClientCalls.java:214)
	at org.apache.ratis.thirdparty.io.grpc.stub.ClientCalls.blockingUnaryCall(ClientCalls.java:139)
	at org.apache.ratis.proto.grpc.RaftServerProtocolServiceGrpc$RaftServerProtocolServiceBlockingStub.requestVote(RaftServerProtocolServiceGrpc.java:265)
	at org.apache.ratis.grpc.server.GrpcServerProtocolClient.requestVote(GrpcServerProtocolClient.java:99)
	at org.apache.ratis.grpc.server.GrpcService.requestVote(GrpcService.java:204)
	at org.apache.ratis.server.impl.LeaderElection.lambda$submitRequests$1(LeaderElection.java:234)
	at java.util.concurrent.FutureTask.run(FutureTask.java:266)
	at java.util.concurrent.Executors$RunnableAdapter.call(Executors.java:511)
	at java.util.concurrent.FutureTask.run(FutureTask.java:266)
	at java.util.concurrent.ThreadPoolExecutor.runWorker(ThreadPoolExecutor.java:1149)
	at java.util.concurrent.ThreadPoolExecutor$Worker.run(ThreadPoolExecutor.java:624)
	... 1 more
Caused by: org.apache.ratis.thirdparty.io.netty.channel.AbstractChannel$AnnotatedConnectException: Connection refused: /192.168.164.239:41652
	at sun.nio.ch.SocketChannelImpl.checkConnect(Native Method)
	at sun.nio.ch.SocketChannelImpl.finishConnect(SocketChannelImpl.java:717)
	at org.apache.ratis.thirdparty.io.netty.channel.socket.nio.NioSocketChannel.doFinishConnect(NioSocketChannel.java:327)
	at org.apache.ratis.thirdparty.io.netty.channel.nio.AbstractNioChannel$AbstractNioUnsafe.finishConnect(AbstractNioChannel.java:340)
	at org.apache.ratis.thirdparty.io.netty.channel.nio.NioEventLoop.processSelectedKey(NioEventLoop.java:632)
	at org.apache.ratis.thirdparty.io.netty.channel.nio.NioEventLoop.processSelectedKeysOptimized(NioEventLoop.java:579)
	at org.apache.ratis.thirdparty.io.netty.channel.nio.NioEventLoop.processSelectedKeys(NioEventLoop.java:496)
	at org.apache.ratis.thirdparty.io.netty.channel.nio.NioEventLoop.run(NioEventLoop.java:458)
	at org.apache.ratis.thirdparty.io.netty.util.concurrent.SingleThreadEventExecutor$5.run(SingleThreadEventExecutor.java:897)
	at org.apache.ratis.thirdparty.io.netty.util.concurrent.FastThreadLocalRunnable.run(FastThreadLocalRunnable.java:30)
	... 1 more
Caused by: java.net.ConnectException: Connection refused
	... 11 more
2019-10-15 16:29:56,428 [Thread-1602] INFO  impl.RoleInfo (RoleInfo.java:shutdownFollowerState(121)) - f5624850-682f-4ec5-bb5c-f79627fc299e: shutdown FollowerState
2019-10-15 16:29:56,429 [24ee8ff7-dd07-49e6-bbcb-bb50ff0e8e36@group-F2FE1ED60945-LeaderElection172] INFO  impl.LeaderElection (LeaderElection.java:logAndReturn(56)) - 24ee8ff7-dd07-49e6-bbcb-bb50ff0e8e36@group-F2FE1ED60945-LeaderElection172: Election REJECTED; received 0 response(s) [] and 2 exception(s); 24ee8ff7-dd07-49e6-bbcb-bb50ff0e8e36@group-F2FE1ED60945:t6, leader=null, voted=24ee8ff7-dd07-49e6-bbcb-bb50ff0e8e36, raftlog=24ee8ff7-dd07-49e6-bbcb-bb50ff0e8e36@group-F2FE1ED60945-SegmentedRaftLog:OPENED:c0,f0,i0, conf=0: [c48d8dfa-9e66-4eac-9ff2-02281a99dfa9:192.168.164.239:41652, cccd55fe-f481-4e2b-93ed-b6a86d13c378:192.168.164.239:35771, 24ee8ff7-dd07-49e6-bbcb-bb50ff0e8e36:192.168.164.239:45096], old=null
2019-10-15 16:29:56,429 [Thread-1602] INFO  impl.RaftServerImpl (RaftServerImpl.java:setRole(184)) - f5624850-682f-4ec5-bb5c-f79627fc299e@group-C25BD028928E: changes role from  FOLLOWER to CANDIDATE at term 161 for changeToCandidate
2019-10-15 16:29:56,429 [24ee8ff7-dd07-49e6-bbcb-bb50ff0e8e36@group-F2FE1ED60945-LeaderElection172] INFO  impl.LeaderElection (LogUtils.java:infoOrTrace(149)) -   Exception 0: {}
java.util.concurrent.ExecutionException: org.apache.ratis.thirdparty.io.grpc.StatusRuntimeException: UNAVAILABLE: io exception
	at java.util.concurrent.FutureTask.report(FutureTask.java:122)
	at java.util.concurrent.FutureTask.get(FutureTask.java:192)
	at org.apache.ratis.server.impl.LeaderElection.waitForResults(LeaderElection.java:259)
	at org.apache.ratis.server.impl.LeaderElection.askForVotes(LeaderElection.java:197)
	at org.apache.ratis.server.impl.LeaderElection.run(LeaderElection.java:133)
	at java.lang.Thread.run(Thread.java:748)
Caused by: org.apache.ratis.thirdparty.io.grpc.StatusRuntimeException: UNAVAILABLE: io exception
	at org.apache.ratis.thirdparty.io.grpc.stub.ClientCalls.toStatusRuntimeException(ClientCalls.java:233)
	at org.apache.ratis.thirdparty.io.grpc.stub.ClientCalls.getUnchecked(ClientCalls.java:214)
	at org.apache.ratis.thirdparty.io.grpc.stub.ClientCalls.blockingUnaryCall(ClientCalls.java:139)
	at org.apache.ratis.proto.grpc.RaftServerProtocolServiceGrpc$RaftServerProtocolServiceBlockingStub.requestVote(RaftServerProtocolServiceGrpc.java:265)
	at org.apache.ratis.grpc.server.GrpcServerProtocolClient.requestVote(GrpcServerProtocolClient.java:99)
	at org.apache.ratis.grpc.server.GrpcService.requestVote(GrpcService.java:204)
	at org.apache.ratis.server.impl.LeaderElection.lambda$submitRequests$1(LeaderElection.java:234)
	at java.util.concurrent.FutureTask.run(FutureTask.java:266)
	at java.util.concurrent.Executors$RunnableAdapter.call(Executors.java:511)
	at java.util.concurrent.FutureTask.run(FutureTask.java:266)
	at java.util.concurrent.ThreadPoolExecutor.runWorker(ThreadPoolExecutor.java:1149)
	at java.util.concurrent.ThreadPoolExecutor$Worker.run(ThreadPoolExecutor.java:624)
	... 1 more
Caused by: org.apache.ratis.thirdparty.io.netty.channel.AbstractChannel$AnnotatedConnectException: Connection refused: /192.168.164.239:35771
	at sun.nio.ch.SocketChannelImpl.checkConnect(Native Method)
	at sun.nio.ch.SocketChannelImpl.finishConnect(SocketChannelImpl.java:717)
	at org.apache.ratis.thirdparty.io.netty.channel.socket.nio.NioSocketChannel.doFinishConnect(NioSocketChannel.java:327)
	at org.apache.ratis.thirdparty.io.netty.channel.nio.AbstractNioChannel$AbstractNioUnsafe.finishConnect(AbstractNioChannel.java:340)
	at org.apache.ratis.thirdparty.io.netty.channel.nio.NioEventLoop.processSelectedKey(NioEventLoop.java:632)
	at org.apache.ratis.thirdparty.io.netty.channel.nio.NioEventLoop.processSelectedKeysOptimized(NioEventLoop.java:579)
	at org.apache.ratis.thirdparty.io.netty.channel.nio.NioEventLoop.processSelectedKeys(NioEventLoop.java:496)
	at org.apache.ratis.thirdparty.io.netty.channel.nio.NioEventLoop.run(NioEventLoop.java:458)
	at org.apache.ratis.thirdparty.io.netty.util.concurrent.SingleThreadEventExecutor$5.run(SingleThreadEventExecutor.java:897)
	at org.apache.ratis.thirdparty.io.netty.util.concurrent.FastThreadLocalRunnable.run(FastThreadLocalRunnable.java:30)
	... 1 more
Caused by: java.net.ConnectException: Connection refused
	... 11 more
2019-10-15 16:29:56,429 [Thread-1602] INFO  impl.RoleInfo (RoleInfo.java:updateAndGet(143)) - f5624850-682f-4ec5-bb5c-f79627fc299e: start LeaderElection
2019-10-15 16:29:56,430 [24ee8ff7-dd07-49e6-bbcb-bb50ff0e8e36@group-F2FE1ED60945-LeaderElection172] INFO  impl.LeaderElection (LogUtils.java:infoOrTrace(149)) -   Exception 1: {}
java.util.concurrent.ExecutionException: org.apache.ratis.thirdparty.io.grpc.StatusRuntimeException: UNAVAILABLE: io exception
	at java.util.concurrent.FutureTask.report(FutureTask.java:122)
	at java.util.concurrent.FutureTask.get(FutureTask.java:192)
	at org.apache.ratis.server.impl.LeaderElection.waitForResults(LeaderElection.java:259)
	at org.apache.ratis.server.impl.LeaderElection.askForVotes(LeaderElection.java:197)
	at org.apache.ratis.server.impl.LeaderElection.run(LeaderElection.java:133)
	at java.lang.Thread.run(Thread.java:748)
Caused by: org.apache.ratis.thirdparty.io.grpc.StatusRuntimeException: UNAVAILABLE: io exception
	at org.apache.ratis.thirdparty.io.grpc.stub.ClientCalls.toStatusRuntimeException(ClientCalls.java:233)
	at org.apache.ratis.thirdparty.io.grpc.stub.ClientCalls.getUnchecked(ClientCalls.java:214)
	at org.apache.ratis.thirdparty.io.grpc.stub.ClientCalls.blockingUnaryCall(ClientCalls.java:139)
	at org.apache.ratis.proto.grpc.RaftServerProtocolServiceGrpc$RaftServerProtocolServiceBlockingStub.requestVote(RaftServerProtocolServiceGrpc.java:265)
	at org.apache.ratis.grpc.server.GrpcServerProtocolClient.requestVote(GrpcServerProtocolClient.java:99)
	at org.apache.ratis.grpc.server.GrpcService.requestVote(GrpcService.java:204)
	at org.apache.ratis.server.impl.LeaderElection.lambda$submitRequests$1(LeaderElection.java:234)
	at java.util.concurrent.FutureTask.run(FutureTask.java:266)
	at java.util.concurrent.Executors$RunnableAdapter.call(Executors.java:511)
	at java.util.concurrent.FutureTask.run(FutureTask.java:266)
	at java.util.concurrent.ThreadPoolExecutor.runWorker(ThreadPoolExecutor.java:1149)
	at java.util.concurrent.ThreadPoolExecutor$Worker.run(ThreadPoolExecutor.java:624)
	... 1 more
Caused by: org.apache.ratis.thirdparty.io.netty.channel.AbstractChannel$AnnotatedConnectException: Connection refused: /192.168.164.239:41652
	at sun.nio.ch.SocketChannelImpl.checkConnect(Native Method)
	at sun.nio.ch.SocketChannelImpl.finishConnect(SocketChannelImpl.java:717)
	at org.apache.ratis.thirdparty.io.netty.channel.socket.nio.NioSocketChannel.doFinishConnect(NioSocketChannel.java:327)
	at org.apache.ratis.thirdparty.io.netty.channel.nio.AbstractNioChannel$AbstractNioUnsafe.finishConnect(AbstractNioChannel.java:340)
	at org.apache.ratis.thirdparty.io.netty.channel.nio.NioEventLoop.processSelectedKey(NioEventLoop.java:632)
	at org.apache.ratis.thirdparty.io.netty.channel.nio.NioEventLoop.processSelectedKeysOptimized(NioEventLoop.java:579)
	at org.apache.ratis.thirdparty.io.netty.channel.nio.NioEventLoop.processSelectedKeys(NioEventLoop.java:496)
	at org.apache.ratis.thirdparty.io.netty.channel.nio.NioEventLoop.run(NioEventLoop.java:458)
	at org.apache.ratis.thirdparty.io.netty.util.concurrent.SingleThreadEventExecutor$5.run(SingleThreadEventExecutor.java:897)
	at org.apache.ratis.thirdparty.io.netty.util.concurrent.FastThreadLocalRunnable.run(FastThreadLocalRunnable.java:30)
	... 1 more
Caused by: java.net.ConnectException: Connection refused
	... 11 more
2019-10-15 16:29:56,431 [24ee8ff7-dd07-49e6-bbcb-bb50ff0e8e36@group-F2FE1ED60945-LeaderElection172] INFO  impl.RaftServerImpl (RaftServerImpl.java:setRole(184)) - 24ee8ff7-dd07-49e6-bbcb-bb50ff0e8e36@group-F2FE1ED60945: changes role from CANDIDATE to FOLLOWER at term 6 for DISCOVERED_A_NEW_TERM
2019-10-15 16:29:56,431 [24ee8ff7-dd07-49e6-bbcb-bb50ff0e8e36@group-F2FE1ED60945-LeaderElection172] INFO  impl.RoleInfo (RoleInfo.java:shutdownLeaderElection(134)) - 24ee8ff7-dd07-49e6-bbcb-bb50ff0e8e36: shutdown LeaderElection
2019-10-15 16:29:56,431 [24ee8ff7-dd07-49e6-bbcb-bb50ff0e8e36@group-F2FE1ED60945-LeaderElection172] INFO  impl.RoleInfo (RoleInfo.java:updateAndGet(143)) - 24ee8ff7-dd07-49e6-bbcb-bb50ff0e8e36: start FollowerState
2019-10-15 16:29:56,457 [f5624850-682f-4ec5-bb5c-f79627fc299e@group-C25BD028928E-LeaderElection173] INFO  impl.LeaderElection (LeaderElection.java:askForVotes(178)) - f5624850-682f-4ec5-bb5c-f79627fc299e@group-C25BD028928E-LeaderElection173: begin an election at term 162 for -1: [f581660d-af3d-4f5f-b57d-f4cb54f048b9:192.168.164.239:42501, f5624850-682f-4ec5-bb5c-f79627fc299e:192.168.164.239:39499, 14091fe6-d183-4b46-be93-2ba964a39c73:192.168.164.239:34827], old=null
2019-10-15 16:29:56,458 [f5624850-682f-4ec5-bb5c-f79627fc299e@group-C25BD028928E-LeaderElection173] INFO  impl.LeaderElection (LogUtils.java:infoOrTrace(149)) - f5624850-682f-4ec5-bb5c-f79627fc299e@group-C25BD028928E-LeaderElection173 got exception when requesting votes: {}
java.util.concurrent.ExecutionException: org.apache.ratis.thirdparty.io.grpc.StatusRuntimeException: UNAVAILABLE: io exception
	at java.util.concurrent.FutureTask.report(FutureTask.java:122)
	at java.util.concurrent.FutureTask.get(FutureTask.java:192)
	at org.apache.ratis.server.impl.LeaderElection.waitForResults(LeaderElection.java:259)
	at org.apache.ratis.server.impl.LeaderElection.askForVotes(LeaderElection.java:197)
	at org.apache.ratis.server.impl.LeaderElection.run(LeaderElection.java:133)
	at java.lang.Thread.run(Thread.java:748)
Caused by: org.apache.ratis.thirdparty.io.grpc.StatusRuntimeException: UNAVAILABLE: io exception
	at org.apache.ratis.thirdparty.io.grpc.stub.ClientCalls.toStatusRuntimeException(ClientCalls.java:233)
	at org.apache.ratis.thirdparty.io.grpc.stub.ClientCalls.getUnchecked(ClientCalls.java:214)
	at org.apache.ratis.thirdparty.io.grpc.stub.ClientCalls.blockingUnaryCall(ClientCalls.java:139)
	at org.apache.ratis.proto.grpc.RaftServerProtocolServiceGrpc$RaftServerProtocolServiceBlockingStub.requestVote(RaftServerProtocolServiceGrpc.java:265)
	at org.apache.ratis.grpc.server.GrpcServerProtocolClient.requestVote(GrpcServerProtocolClient.java:99)
	at org.apache.ratis.grpc.server.GrpcService.requestVote(GrpcService.java:204)
	at org.apache.ratis.server.impl.LeaderElection.lambda$submitRequests$1(LeaderElection.java:234)
	at java.util.concurrent.FutureTask.run(FutureTask.java:266)
	at java.util.concurrent.Executors$RunnableAdapter.call(Executors.java:511)
	at java.util.concurrent.FutureTask.run(FutureTask.java:266)
	at java.util.concurrent.ThreadPoolExecutor.runWorker(ThreadPoolExecutor.java:1149)
	at java.util.concurrent.ThreadPoolExecutor$Worker.run(ThreadPoolExecutor.java:624)
	... 1 more
Caused by: org.apache.ratis.thirdparty.io.netty.channel.AbstractChannel$AnnotatedConnectException: Connection refused: /192.168.164.239:42501
	at sun.nio.ch.SocketChannelImpl.checkConnect(Native Method)
	at sun.nio.ch.SocketChannelImpl.finishConnect(SocketChannelImpl.java:717)
	at org.apache.ratis.thirdparty.io.netty.channel.socket.nio.NioSocketChannel.doFinishConnect(NioSocketChannel.java:327)
	at org.apache.ratis.thirdparty.io.netty.channel.nio.AbstractNioChannel$AbstractNioUnsafe.finishConnect(AbstractNioChannel.java:340)
	at org.apache.ratis.thirdparty.io.netty.channel.nio.NioEventLoop.processSelectedKey(NioEventLoop.java:632)
	at org.apache.ratis.thirdparty.io.netty.channel.nio.NioEventLoop.processSelectedKeysOptimized(NioEventLoop.java:579)
	at org.apache.ratis.thirdparty.io.netty.channel.nio.NioEventLoop.processSelectedKeys(NioEventLoop.java:496)
	at org.apache.ratis.thirdparty.io.netty.channel.nio.NioEventLoop.run(NioEventLoop.java:458)
	at org.apache.ratis.thirdparty.io.netty.util.concurrent.SingleThreadEventExecutor$5.run(SingleThreadEventExecutor.java:897)
	at org.apache.ratis.thirdparty.io.netty.util.concurrent.FastThreadLocalRunnable.run(FastThreadLocalRunnable.java:30)
	... 1 more
Caused by: java.net.ConnectException: Connection refused
	... 11 more
2019-10-15 16:29:56,459 [grpc-default-executor-10] INFO  impl.RaftServerImpl (RaftServerImpl.java:setRole(184)) - 14091fe6-d183-4b46-be93-2ba964a39c73@group-C25BD028928E: changes role from  FOLLOWER to FOLLOWER at term 162 for recognizeCandidate:f5624850-682f-4ec5-bb5c-f79627fc299e
2019-10-15 16:29:56,459 [grpc-default-executor-10] INFO  impl.RoleInfo (RoleInfo.java:shutdownFollowerState(121)) - 14091fe6-d183-4b46-be93-2ba964a39c73: shutdown FollowerState
2019-10-15 16:29:56,460 [grpc-default-executor-10] INFO  impl.RoleInfo (RoleInfo.java:updateAndGet(143)) - 14091fe6-d183-4b46-be93-2ba964a39c73: start FollowerState
2019-10-15 16:29:56,460 [Thread-1601] INFO  impl.FollowerState (FollowerState.java:run(117)) - 14091fe6-d183-4b46-be93-2ba964a39c73@group-C25BD028928E-FollowerState was interrupted: java.lang.InterruptedException: sleep interrupted
2019-10-15 16:29:56,484 [f5624850-682f-4ec5-bb5c-f79627fc299e@group-C25BD028928E-LeaderElection173] INFO  impl.LeaderElection (LeaderElection.java:logAndReturn(56)) - f5624850-682f-4ec5-bb5c-f79627fc299e@group-C25BD028928E-LeaderElection173: Election REJECTED; received 1 response(s) [f5624850-682f-4ec5-bb5c-f79627fc299e<-14091fe6-d183-4b46-be93-2ba964a39c73#0:FAIL-t162] and 1 exception(s); f5624850-682f-4ec5-bb5c-f79627fc299e@group-C25BD028928E:t162, leader=null, voted=f5624850-682f-4ec5-bb5c-f79627fc299e, raftlog=f5624850-682f-4ec5-bb5c-f79627fc299e@group-C25BD028928E-SegmentedRaftLog:OPENED:c-1,f-1,i0, conf=-1: [f581660d-af3d-4f5f-b57d-f4cb54f048b9:192.168.164.239:42501, f5624850-682f-4ec5-bb5c-f79627fc299e:192.168.164.239:39499, 14091fe6-d183-4b46-be93-2ba964a39c73:192.168.164.239:34827], old=null
2019-10-15 16:29:56,484 [f5624850-682f-4ec5-bb5c-f79627fc299e@group-C25BD028928E-LeaderElection173] INFO  impl.LeaderElection (LogUtils.java:infoOrTrace(149)) -   Exception 0: {}
java.util.concurrent.ExecutionException: org.apache.ratis.thirdparty.io.grpc.StatusRuntimeException: UNAVAILABLE: io exception
	at java.util.concurrent.FutureTask.report(FutureTask.java:122)
	at java.util.concurrent.FutureTask.get(FutureTask.java:192)
	at org.apache.ratis.server.impl.LeaderElection.waitForResults(LeaderElection.java:259)
	at org.apache.ratis.server.impl.LeaderElection.askForVotes(LeaderElection.java:197)
	at org.apache.ratis.server.impl.LeaderElection.run(LeaderElection.java:133)
	at java.lang.Thread.run(Thread.java:748)
Caused by: org.apache.ratis.thirdparty.io.grpc.StatusRuntimeException: UNAVAILABLE: io exception
	at org.apache.ratis.thirdparty.io.grpc.stub.ClientCalls.toStatusRuntimeException(ClientCalls.java:233)
	at org.apache.ratis.thirdparty.io.grpc.stub.ClientCalls.getUnchecked(ClientCalls.java:214)
	at org.apache.ratis.thirdparty.io.grpc.stub.ClientCalls.blockingUnaryCall(ClientCalls.java:139)
	at org.apache.ratis.proto.grpc.RaftServerProtocolServiceGrpc$RaftServerProtocolServiceBlockingStub.requestVote(RaftServerProtocolServiceGrpc.java:265)
	at org.apache.ratis.grpc.server.GrpcServerProtocolClient.requestVote(GrpcServerProtocolClient.java:99)
	at org.apache.ratis.grpc.server.GrpcService.requestVote(GrpcService.java:204)
	at org.apache.ratis.server.impl.LeaderElection.lambda$submitRequests$1(LeaderElection.java:234)
	at java.util.concurrent.FutureTask.run(FutureTask.java:266)
	at java.util.concurrent.Executors$RunnableAdapter.call(Executors.java:511)
	at java.util.concurrent.FutureTask.run(FutureTask.java:266)
	at java.util.concurrent.ThreadPoolExecutor.runWorker(ThreadPoolExecutor.java:1149)
	at java.util.concurrent.ThreadPoolExecutor$Worker.run(ThreadPoolExecutor.java:624)
	... 1 more
Caused by: org.apache.ratis.thirdparty.io.netty.channel.AbstractChannel$AnnotatedConnectException: Connection refused: /192.168.164.239:42501
	at sun.nio.ch.SocketChannelImpl.checkConnect(Native Method)
	at sun.nio.ch.SocketChannelImpl.finishConnect(SocketChannelImpl.java:717)
	at org.apache.ratis.thirdparty.io.netty.channel.socket.nio.NioSocketChannel.doFinishConnect(NioSocketChannel.java:327)
	at org.apache.ratis.thirdparty.io.netty.channel.nio.AbstractNioChannel$AbstractNioUnsafe.finishConnect(AbstractNioChannel.java:340)
	at org.apache.ratis.thirdparty.io.netty.channel.nio.NioEventLoop.processSelectedKey(NioEventLoop.java:632)
	at org.apache.ratis.thirdparty.io.netty.channel.nio.NioEventLoop.processSelectedKeysOptimized(NioEventLoop.java:579)
	at org.apache.ratis.thirdparty.io.netty.channel.nio.NioEventLoop.processSelectedKeys(NioEventLoop.java:496)
	at org.apache.ratis.thirdparty.io.netty.channel.nio.NioEventLoop.run(NioEventLoop.java:458)
	at org.apache.ratis.thirdparty.io.netty.util.concurrent.SingleThreadEventExecutor$5.run(SingleThreadEventExecutor.java:897)
	at org.apache.ratis.thirdparty.io.netty.util.concurrent.FastThreadLocalRunnable.run(FastThreadLocalRunnable.java:30)
	... 1 more
Caused by: java.net.ConnectException: Connection refused
	... 11 more
2019-10-15 16:29:56,485 [f5624850-682f-4ec5-bb5c-f79627fc299e@group-C25BD028928E-LeaderElection173] INFO  impl.RaftServerImpl (RaftServerImpl.java:setRole(184)) - f5624850-682f-4ec5-bb5c-f79627fc299e@group-C25BD028928E: changes role from CANDIDATE to FOLLOWER at term 162 for DISCOVERED_A_NEW_TERM
2019-10-15 16:29:56,485 [f5624850-682f-4ec5-bb5c-f79627fc299e@group-C25BD028928E-LeaderElection173] INFO  impl.RoleInfo (RoleInfo.java:shutdownLeaderElection(134)) - f5624850-682f-4ec5-bb5c-f79627fc299e: shutdown LeaderElection
2019-10-15 16:29:56,485 [f5624850-682f-4ec5-bb5c-f79627fc299e@group-C25BD028928E-LeaderElection173] INFO  impl.RoleInfo (RoleInfo.java:updateAndGet(143)) - f5624850-682f-4ec5-bb5c-f79627fc299e: start FollowerState
2019-10-15 16:29:56,577 [java.util.concurrent.ThreadPoolExecutor$Worker@56768177[State = -1, empty queue]] WARN  server.GrpcLogAppender (GrpcLogAppender.java:timeoutAppendRequest(209)) - c48d8dfa-9e66-4eac-9ff2-02281a99dfa9@group-F2FE1ED60945->cccd55fe-f481-4e2b-93ed-b6a86d13c378-GrpcLogAppender: appendEntries Timeout, request=c48d8dfa-9e66-4eac-9ff2-02281a99dfa9->cccd55fe-f481-4e2b-93ed-b6a86d13c378#39-t5, previous=(t:5, i:0), leaderCommit=0, initializing? false, entries: <empty>
2019-10-15 16:29:56,667 [Thread-1611] INFO  impl.FollowerState (FollowerState.java:run(108)) - f5624850-682f-4ec5-bb5c-f79627fc299e@group-C25BD028928E-FollowerState: change to CANDIDATE, lastRpcTime:182ms, electionTimeout:182ms
2019-10-15 16:29:56,667 [Thread-1611] INFO  impl.RoleInfo (RoleInfo.java:shutdownFollowerState(121)) - f5624850-682f-4ec5-bb5c-f79627fc299e: shutdown FollowerState
2019-10-15 16:29:56,668 [Thread-1611] INFO  impl.RaftServerImpl (RaftServerImpl.java:setRole(184)) - f5624850-682f-4ec5-bb5c-f79627fc299e@group-C25BD028928E: changes role from  FOLLOWER to CANDIDATE at term 162 for changeToCandidate
2019-10-15 16:29:56,668 [Thread-1611] INFO  impl.RoleInfo (RoleInfo.java:updateAndGet(143)) - f5624850-682f-4ec5-bb5c-f79627fc299e: start LeaderElection
2019-10-15 16:29:56,701 [f5624850-682f-4ec5-bb5c-f79627fc299e@group-C25BD028928E-LeaderElection174] INFO  impl.LeaderElection (LeaderElection.java:askForVotes(178)) - f5624850-682f-4ec5-bb5c-f79627fc299e@group-C25BD028928E-LeaderElection174: begin an election at term 163 for -1: [f581660d-af3d-4f5f-b57d-f4cb54f048b9:192.168.164.239:42501, f5624850-682f-4ec5-bb5c-f79627fc299e:192.168.164.239:39499, 14091fe6-d183-4b46-be93-2ba964a39c73:192.168.164.239:34827], old=null
2019-10-15 16:29:56,702 [f5624850-682f-4ec5-bb5c-f79627fc299e@group-C25BD028928E-LeaderElection174] INFO  impl.LeaderElection (LogUtils.java:infoOrTrace(149)) - f5624850-682f-4ec5-bb5c-f79627fc299e@group-C25BD028928E-LeaderElection174 got exception when requesting votes: {}
java.util.concurrent.ExecutionException: org.apache.ratis.thirdparty.io.grpc.StatusRuntimeException: UNAVAILABLE: io exception
	at java.util.concurrent.FutureTask.report(FutureTask.java:122)
	at java.util.concurrent.FutureTask.get(FutureTask.java:192)
	at org.apache.ratis.server.impl.LeaderElection.waitForResults(LeaderElection.java:259)
	at org.apache.ratis.server.impl.LeaderElection.askForVotes(LeaderElection.java:197)
	at org.apache.ratis.server.impl.LeaderElection.run(LeaderElection.java:133)
	at java.lang.Thread.run(Thread.java:748)
Caused by: org.apache.ratis.thirdparty.io.grpc.StatusRuntimeException: UNAVAILABLE: io exception
	at org.apache.ratis.thirdparty.io.grpc.stub.ClientCalls.toStatusRuntimeException(ClientCalls.java:233)
	at org.apache.ratis.thirdparty.io.grpc.stub.ClientCalls.getUnchecked(ClientCalls.java:214)
	at org.apache.ratis.thirdparty.io.grpc.stub.ClientCalls.blockingUnaryCall(ClientCalls.java:139)
	at org.apache.ratis.proto.grpc.RaftServerProtocolServiceGrpc$RaftServerProtocolServiceBlockingStub.requestVote(RaftServerProtocolServiceGrpc.java:265)
	at org.apache.ratis.grpc.server.GrpcServerProtocolClient.requestVote(GrpcServerProtocolClient.java:99)
	at org.apache.ratis.grpc.server.GrpcService.requestVote(GrpcService.java:204)
	at org.apache.ratis.server.impl.LeaderElection.lambda$submitRequests$1(LeaderElection.java:234)
	at java.util.concurrent.FutureTask.run(FutureTask.java:266)
	at java.util.concurrent.Executors$RunnableAdapter.call(Executors.java:511)
	at java.util.concurrent.FutureTask.run(FutureTask.java:266)
	at java.util.concurrent.ThreadPoolExecutor.runWorker(ThreadPoolExecutor.java:1149)
	at java.util.concurrent.ThreadPoolExecutor$Worker.run(ThreadPoolExecutor.java:624)
	... 1 more
Caused by: org.apache.ratis.thirdparty.io.netty.channel.AbstractChannel$AnnotatedConnectException: Connection refused: /192.168.164.239:42501
	at sun.nio.ch.SocketChannelImpl.checkConnect(Native Method)
	at sun.nio.ch.SocketChannelImpl.finishConnect(SocketChannelImpl.java:717)
	at org.apache.ratis.thirdparty.io.netty.channel.socket.nio.NioSocketChannel.doFinishConnect(NioSocketChannel.java:327)
	at org.apache.ratis.thirdparty.io.netty.channel.nio.AbstractNioChannel$AbstractNioUnsafe.finishConnect(AbstractNioChannel.java:340)
	at org.apache.ratis.thirdparty.io.netty.channel.nio.NioEventLoop.processSelectedKey(NioEventLoop.java:632)
	at org.apache.ratis.thirdparty.io.netty.channel.nio.NioEventLoop.processSelectedKeysOptimized(NioEventLoop.java:579)
	at org.apache.ratis.thirdparty.io.netty.channel.nio.NioEventLoop.processSelectedKeys(NioEventLoop.java:496)
	at org.apache.ratis.thirdparty.io.netty.channel.nio.NioEventLoop.run(NioEventLoop.java:458)
	at org.apache.ratis.thirdparty.io.netty.util.concurrent.SingleThreadEventExecutor$5.run(SingleThreadEventExecutor.java:897)
	at org.apache.ratis.thirdparty.io.netty.util.concurrent.FastThreadLocalRunnable.run(FastThreadLocalRunnable.java:30)
	... 1 more
Caused by: java.net.ConnectException: Connection refused
	... 11 more
2019-10-15 16:29:56,703 [grpc-default-executor-10] INFO  impl.RaftServerImpl (RaftServerImpl.java:setRole(184)) - 14091fe6-d183-4b46-be93-2ba964a39c73@group-C25BD028928E: changes role from  FOLLOWER to FOLLOWER at term 163 for recognizeCandidate:f5624850-682f-4ec5-bb5c-f79627fc299e
2019-10-15 16:29:56,704 [grpc-default-executor-10] INFO  impl.RoleInfo (RoleInfo.java:shutdownFollowerState(121)) - 14091fe6-d183-4b46-be93-2ba964a39c73: shutdown FollowerState
2019-10-15 16:29:56,704 [grpc-default-executor-10] INFO  impl.RoleInfo (RoleInfo.java:updateAndGet(143)) - 14091fe6-d183-4b46-be93-2ba964a39c73: start FollowerState
2019-10-15 16:29:56,704 [Thread-1610] INFO  impl.FollowerState (FollowerState.java:run(117)) - 14091fe6-d183-4b46-be93-2ba964a39c73@group-C25BD028928E-FollowerState was interrupted: java.lang.InterruptedException: sleep interrupted
2019-10-15 16:29:56,719 [f5624850-682f-4ec5-bb5c-f79627fc299e@group-C25BD028928E-LeaderElection174] INFO  impl.LeaderElection (LeaderElection.java:logAndReturn(56)) - f5624850-682f-4ec5-bb5c-f79627fc299e@group-C25BD028928E-LeaderElection174: Election REJECTED; received 1 response(s) [f5624850-682f-4ec5-bb5c-f79627fc299e<-14091fe6-d183-4b46-be93-2ba964a39c73#0:FAIL-t163] and 1 exception(s); f5624850-682f-4ec5-bb5c-f79627fc299e@group-C25BD028928E:t163, leader=null, voted=f5624850-682f-4ec5-bb5c-f79627fc299e, raftlog=f5624850-682f-4ec5-bb5c-f79627fc299e@group-C25BD028928E-SegmentedRaftLog:OPENED:c-1,f-1,i0, conf=-1: [f581660d-af3d-4f5f-b57d-f4cb54f048b9:192.168.164.239:42501, f5624850-682f-4ec5-bb5c-f79627fc299e:192.168.164.239:39499, 14091fe6-d183-4b46-be93-2ba964a39c73:192.168.164.239:34827], old=null
2019-10-15 16:29:56,719 [f5624850-682f-4ec5-bb5c-f79627fc299e@group-C25BD028928E-LeaderElection174] INFO  impl.LeaderElection (LogUtils.java:infoOrTrace(149)) -   Exception 0: {}
java.util.concurrent.ExecutionException: org.apache.ratis.thirdparty.io.grpc.StatusRuntimeException: UNAVAILABLE: io exception
	at java.util.concurrent.FutureTask.report(FutureTask.java:122)
	at java.util.concurrent.FutureTask.get(FutureTask.java:192)
	at org.apache.ratis.server.impl.LeaderElection.waitForResults(LeaderElection.java:259)
	at org.apache.ratis.server.impl.LeaderElection.askForVotes(LeaderElection.java:197)
	at org.apache.ratis.server.impl.LeaderElection.run(LeaderElection.java:133)
	at java.lang.Thread.run(Thread.java:748)
Caused by: org.apache.ratis.thirdparty.io.grpc.StatusRuntimeException: UNAVAILABLE: io exception
	at org.apache.ratis.thirdparty.io.grpc.stub.ClientCalls.toStatusRuntimeException(ClientCalls.java:233)
	at org.apache.ratis.thirdparty.io.grpc.stub.ClientCalls.getUnchecked(ClientCalls.java:214)
	at org.apache.ratis.thirdparty.io.grpc.stub.ClientCalls.blockingUnaryCall(ClientCalls.java:139)
	at org.apache.ratis.proto.grpc.RaftServerProtocolServiceGrpc$RaftServerProtocolServiceBlockingStub.requestVote(RaftServerProtocolServiceGrpc.java:265)
	at org.apache.ratis.grpc.server.GrpcServerProtocolClient.requestVote(GrpcServerProtocolClient.java:99)
	at org.apache.ratis.grpc.server.GrpcService.requestVote(GrpcService.java:204)
	at org.apache.ratis.server.impl.LeaderElection.lambda$submitRequests$1(LeaderElection.java:234)
	at java.util.concurrent.FutureTask.run(FutureTask.java:266)
	at java.util.concurrent.Executors$RunnableAdapter.call(Executors.java:511)
	at java.util.concurrent.FutureTask.run(FutureTask.java:266)
	at java.util.concurrent.ThreadPoolExecutor.runWorker(ThreadPoolExecutor.java:1149)
	at java.util.concurrent.ThreadPoolExecutor$Worker.run(ThreadPoolExecutor.java:624)
	... 1 more
Caused by: org.apache.ratis.thirdparty.io.netty.channel.AbstractChannel$AnnotatedConnectException: Connection refused: /192.168.164.239:42501
	at sun.nio.ch.SocketChannelImpl.checkConnect(Native Method)
	at sun.nio.ch.SocketChannelImpl.finishConnect(SocketChannelImpl.java:717)
	at org.apache.ratis.thirdparty.io.netty.channel.socket.nio.NioSocketChannel.doFinishConnect(NioSocketChannel.java:327)
	at org.apache.ratis.thirdparty.io.netty.channel.nio.AbstractNioChannel$AbstractNioUnsafe.finishConnect(AbstractNioChannel.java:340)
	at org.apache.ratis.thirdparty.io.netty.channel.nio.NioEventLoop.processSelectedKey(NioEventLoop.java:632)
	at org.apache.ratis.thirdparty.io.netty.channel.nio.NioEventLoop.processSelectedKeysOptimized(NioEventLoop.java:579)
	at org.apache.ratis.thirdparty.io.netty.channel.nio.NioEventLoop.processSelectedKeys(NioEventLoop.java:496)
	at org.apache.ratis.thirdparty.io.netty.channel.nio.NioEventLoop.run(NioEventLoop.java:458)
	at org.apache.ratis.thirdparty.io.netty.util.concurrent.SingleThreadEventExecutor$5.run(SingleThreadEventExecutor.java:897)
	at org.apache.ratis.thirdparty.io.netty.util.concurrent.FastThreadLocalRunnable.run(FastThreadLocalRunnable.java:30)
	... 1 more
Caused by: java.net.ConnectException: Connection refused
	... 11 more
2019-10-15 16:29:56,720 [f5624850-682f-4ec5-bb5c-f79627fc299e@group-C25BD028928E-LeaderElection174] INFO  impl.RaftServerImpl (RaftServerImpl.java:setRole(184)) - f5624850-682f-4ec5-bb5c-f79627fc299e@group-C25BD028928E: changes role from CANDIDATE to FOLLOWER at term 163 for DISCOVERED_A_NEW_TERM
2019-10-15 16:29:56,720 [f5624850-682f-4ec5-bb5c-f79627fc299e@group-C25BD028928E-LeaderElection174] INFO  impl.RoleInfo (RoleInfo.java:shutdownLeaderElection(134)) - f5624850-682f-4ec5-bb5c-f79627fc299e: shutdown LeaderElection
2019-10-15 16:29:56,720 [f5624850-682f-4ec5-bb5c-f79627fc299e@group-C25BD028928E-LeaderElection174] INFO  impl.RoleInfo (RoleInfo.java:updateAndGet(143)) - f5624850-682f-4ec5-bb5c-f79627fc299e: start FollowerState
2019-10-15 16:29:56,858 [Thread-1617] INFO  impl.FollowerState (FollowerState.java:run(108)) - f5624850-682f-4ec5-bb5c-f79627fc299e@group-C25BD028928E-FollowerState: change to CANDIDATE, lastRpcTime:138ms, electionTimeout:138ms
2019-10-15 16:29:56,858 [Thread-1617] INFO  impl.RoleInfo (RoleInfo.java:shutdownFollowerState(121)) - f5624850-682f-4ec5-bb5c-f79627fc299e: shutdown FollowerState
2019-10-15 16:29:56,859 [Thread-1617] INFO  impl.RaftServerImpl (RaftServerImpl.java:setRole(184)) - f5624850-682f-4ec5-bb5c-f79627fc299e@group-C25BD028928E: changes role from  FOLLOWER to CANDIDATE at term 163 for changeToCandidate
2019-10-15 16:29:56,859 [Thread-1617] INFO  impl.RoleInfo (RoleInfo.java:updateAndGet(143)) - f5624850-682f-4ec5-bb5c-f79627fc299e: start LeaderElection
2019-10-15 16:29:56,888 [f5624850-682f-4ec5-bb5c-f79627fc299e@group-C25BD028928E-LeaderElection175] INFO  impl.LeaderElection (LeaderElection.java:askForVotes(178)) - f5624850-682f-4ec5-bb5c-f79627fc299e@group-C25BD028928E-LeaderElection175: begin an election at term 164 for -1: [f581660d-af3d-4f5f-b57d-f4cb54f048b9:192.168.164.239:42501, f5624850-682f-4ec5-bb5c-f79627fc299e:192.168.164.239:39499, 14091fe6-d183-4b46-be93-2ba964a39c73:192.168.164.239:34827], old=null
2019-10-15 16:29:56,888 [f5624850-682f-4ec5-bb5c-f79627fc299e@group-C25BD028928E-LeaderElection175] INFO  impl.LeaderElection (LogUtils.java:infoOrTrace(149)) - f5624850-682f-4ec5-bb5c-f79627fc299e@group-C25BD028928E-LeaderElection175 got exception when requesting votes: {}
java.util.concurrent.ExecutionException: org.apache.ratis.thirdparty.io.grpc.StatusRuntimeException: UNAVAILABLE: io exception
	at java.util.concurrent.FutureTask.report(FutureTask.java:122)
	at java.util.concurrent.FutureTask.get(FutureTask.java:192)
	at org.apache.ratis.server.impl.LeaderElection.waitForResults(LeaderElection.java:259)
	at org.apache.ratis.server.impl.LeaderElection.askForVotes(LeaderElection.java:197)
	at org.apache.ratis.server.impl.LeaderElection.run(LeaderElection.java:133)
	at java.lang.Thread.run(Thread.java:748)
Caused by: org.apache.ratis.thirdparty.io.grpc.StatusRuntimeException: UNAVAILABLE: io exception
	at org.apache.ratis.thirdparty.io.grpc.stub.ClientCalls.toStatusRuntimeException(ClientCalls.java:233)
	at org.apache.ratis.thirdparty.io.grpc.stub.ClientCalls.getUnchecked(ClientCalls.java:214)
	at org.apache.ratis.thirdparty.io.grpc.stub.ClientCalls.blockingUnaryCall(ClientCalls.java:139)
	at org.apache.ratis.proto.grpc.RaftServerProtocolServiceGrpc$RaftServerProtocolServiceBlockingStub.requestVote(RaftServerProtocolServiceGrpc.java:265)
	at org.apache.ratis.grpc.server.GrpcServerProtocolClient.requestVote(GrpcServerProtocolClient.java:99)
	at org.apache.ratis.grpc.server.GrpcService.requestVote(GrpcService.java:204)
	at org.apache.ratis.server.impl.LeaderElection.lambda$submitRequests$1(LeaderElection.java:234)
	at java.util.concurrent.FutureTask.run(FutureTask.java:266)
	at java.util.concurrent.Executors$RunnableAdapter.call(Executors.java:511)
	at java.util.concurrent.FutureTask.run(FutureTask.java:266)
	at java.util.concurrent.ThreadPoolExecutor.runWorker(ThreadPoolExecutor.java:1149)
	at java.util.concurrent.ThreadPoolExecutor$Worker.run(ThreadPoolExecutor.java:624)
	... 1 more
Caused by: org.apache.ratis.thirdparty.io.netty.channel.AbstractChannel$AnnotatedConnectException: Connection refused: /192.168.164.239:42501
	at sun.nio.ch.SocketChannelImpl.checkConnect(Native Method)
	at sun.nio.ch.SocketChannelImpl.finishConnect(SocketChannelImpl.java:717)
	at org.apache.ratis.thirdparty.io.netty.channel.socket.nio.NioSocketChannel.doFinishConnect(NioSocketChannel.java:327)
	at org.apache.ratis.thirdparty.io.netty.channel.nio.AbstractNioChannel$AbstractNioUnsafe.finishConnect(AbstractNioChannel.java:340)
	at org.apache.ratis.thirdparty.io.netty.channel.nio.NioEventLoop.processSelectedKey(NioEventLoop.java:632)
	at org.apache.ratis.thirdparty.io.netty.channel.nio.NioEventLoop.processSelectedKeysOptimized(NioEventLoop.java:579)
	at org.apache.ratis.thirdparty.io.netty.channel.nio.NioEventLoop.processSelectedKeys(NioEventLoop.java:496)
	at org.apache.ratis.thirdparty.io.netty.channel.nio.NioEventLoop.run(NioEventLoop.java:458)
	at org.apache.ratis.thirdparty.io.netty.util.concurrent.SingleThreadEventExecutor$5.run(SingleThreadEventExecutor.java:897)
	at org.apache.ratis.thirdparty.io.netty.util.concurrent.FastThreadLocalRunnable.run(FastThreadLocalRunnable.java:30)
	... 1 more
Caused by: java.net.ConnectException: Connection refused
	... 11 more
2019-10-15 16:29:56,890 [grpc-default-executor-10] INFO  impl.RaftServerImpl (RaftServerImpl.java:setRole(184)) - 14091fe6-d183-4b46-be93-2ba964a39c73@group-C25BD028928E: changes role from  FOLLOWER to FOLLOWER at term 164 for recognizeCandidate:f5624850-682f-4ec5-bb5c-f79627fc299e
2019-10-15 16:29:56,891 [grpc-default-executor-10] INFO  impl.RoleInfo (RoleInfo.java:shutdownFollowerState(121)) - 14091fe6-d183-4b46-be93-2ba964a39c73: shutdown FollowerState
2019-10-15 16:29:56,891 [grpc-default-executor-10] INFO  impl.RoleInfo (RoleInfo.java:updateAndGet(143)) - 14091fe6-d183-4b46-be93-2ba964a39c73: start FollowerState
2019-10-15 16:29:56,891 [Thread-1616] INFO  impl.FollowerState (FollowerState.java:run(117)) - 14091fe6-d183-4b46-be93-2ba964a39c73@group-C25BD028928E-FollowerState was interrupted: java.lang.InterruptedException: sleep interrupted
2019-10-15 16:29:56,906 [f5624850-682f-4ec5-bb5c-f79627fc299e@group-C25BD028928E-LeaderElection175] INFO  impl.LeaderElection (LeaderElection.java:logAndReturn(56)) - f5624850-682f-4ec5-bb5c-f79627fc299e@group-C25BD028928E-LeaderElection175: Election REJECTED; received 1 response(s) [f5624850-682f-4ec5-bb5c-f79627fc299e<-14091fe6-d183-4b46-be93-2ba964a39c73#0:FAIL-t164] and 1 exception(s); f5624850-682f-4ec5-bb5c-f79627fc299e@group-C25BD028928E:t164, leader=null, voted=f5624850-682f-4ec5-bb5c-f79627fc299e, raftlog=f5624850-682f-4ec5-bb5c-f79627fc299e@group-C25BD028928E-SegmentedRaftLog:OPENED:c-1,f-1,i0, conf=-1: [f581660d-af3d-4f5f-b57d-f4cb54f048b9:192.168.164.239:42501, f5624850-682f-4ec5-bb5c-f79627fc299e:192.168.164.239:39499, 14091fe6-d183-4b46-be93-2ba964a39c73:192.168.164.239:34827], old=null
2019-10-15 16:29:56,906 [f5624850-682f-4ec5-bb5c-f79627fc299e@group-C25BD028928E-LeaderElection175] INFO  impl.LeaderElection (LogUtils.java:infoOrTrace(149)) -   Exception 0: {}
java.util.concurrent.ExecutionException: org.apache.ratis.thirdparty.io.grpc.StatusRuntimeException: UNAVAILABLE: io exception
	at java.util.concurrent.FutureTask.report(FutureTask.java:122)
	at java.util.concurrent.FutureTask.get(FutureTask.java:192)
	at org.apache.ratis.server.impl.LeaderElection.waitForResults(LeaderElection.java:259)
	at org.apache.ratis.server.impl.LeaderElection.askForVotes(LeaderElection.java:197)
	at org.apache.ratis.server.impl.LeaderElection.run(LeaderElection.java:133)
	at java.lang.Thread.run(Thread.java:748)
Caused by: org.apache.ratis.thirdparty.io.grpc.StatusRuntimeException: UNAVAILABLE: io exception
	at org.apache.ratis.thirdparty.io.grpc.stub.ClientCalls.toStatusRuntimeException(ClientCalls.java:233)
	at org.apache.ratis.thirdparty.io.grpc.stub.ClientCalls.getUnchecked(ClientCalls.java:214)
	at org.apache.ratis.thirdparty.io.grpc.stub.ClientCalls.blockingUnaryCall(ClientCalls.java:139)
	at org.apache.ratis.proto.grpc.RaftServerProtocolServiceGrpc$RaftServerProtocolServiceBlockingStub.requestVote(RaftServerProtocolServiceGrpc.java:265)
	at org.apache.ratis.grpc.server.GrpcServerProtocolClient.requestVote(GrpcServerProtocolClient.java:99)
	at org.apache.ratis.grpc.server.GrpcService.requestVote(GrpcService.java:204)
	at org.apache.ratis.server.impl.LeaderElection.lambda$submitRequests$1(LeaderElection.java:234)
	at java.util.concurrent.FutureTask.run(FutureTask.java:266)
	at java.util.concurrent.Executors$RunnableAdapter.call(Executors.java:511)
	at java.util.concurrent.FutureTask.run(FutureTask.java:266)
	at java.util.concurrent.ThreadPoolExecutor.runWorker(ThreadPoolExecutor.java:1149)
	at java.util.concurrent.ThreadPoolExecutor$Worker.run(ThreadPoolExecutor.java:624)
	... 1 more
Caused by: org.apache.ratis.thirdparty.io.netty.channel.AbstractChannel$AnnotatedConnectException: Connection refused: /192.168.164.239:42501
	at sun.nio.ch.SocketChannelImpl.checkConnect(Native Method)
	at sun.nio.ch.SocketChannelImpl.finishConnect(SocketChannelImpl.java:717)
	at org.apache.ratis.thirdparty.io.netty.channel.socket.nio.NioSocketChannel.doFinishConnect(NioSocketChannel.java:327)
	at org.apache.ratis.thirdparty.io.netty.channel.nio.AbstractNioChannel$AbstractNioUnsafe.finishConnect(AbstractNioChannel.java:340)
	at org.apache.ratis.thirdparty.io.netty.channel.nio.NioEventLoop.processSelectedKey(NioEventLoop.java:632)
	at org.apache.ratis.thirdparty.io.netty.channel.nio.NioEventLoop.processSelectedKeysOptimized(NioEventLoop.java:579)
	at org.apache.ratis.thirdparty.io.netty.channel.nio.NioEventLoop.processSelectedKeys(NioEventLoop.java:496)
	at org.apache.ratis.thirdparty.io.netty.channel.nio.NioEventLoop.run(NioEventLoop.java:458)
	at org.apache.ratis.thirdparty.io.netty.util.concurrent.SingleThreadEventExecutor$5.run(SingleThreadEventExecutor.java:897)
	at org.apache.ratis.thirdparty.io.netty.util.concurrent.FastThreadLocalRunnable.run(FastThreadLocalRunnable.java:30)
	... 1 more
Caused by: java.net.ConnectException: Connection refused
	... 11 more
2019-10-15 16:29:56,907 [f5624850-682f-4ec5-bb5c-f79627fc299e@group-C25BD028928E-LeaderElection175] INFO  impl.RaftServerImpl (RaftServerImpl.java:setRole(184)) - f5624850-682f-4ec5-bb5c-f79627fc299e@group-C25BD028928E: changes role from CANDIDATE to FOLLOWER at term 164 for DISCOVERED_A_NEW_TERM
2019-10-15 16:29:56,907 [f5624850-682f-4ec5-bb5c-f79627fc299e@group-C25BD028928E-LeaderElection175] INFO  impl.RoleInfo (RoleInfo.java:shutdownLeaderElection(134)) - f5624850-682f-4ec5-bb5c-f79627fc299e: shutdown LeaderElection
2019-10-15 16:29:56,907 [f5624850-682f-4ec5-bb5c-f79627fc299e@group-C25BD028928E-LeaderElection175] INFO  impl.RoleInfo (RoleInfo.java:updateAndGet(143)) - f5624850-682f-4ec5-bb5c-f79627fc299e: start FollowerState
2019-10-15 16:29:56,950 [Thread-1622] INFO  impl.FollowerState (FollowerState.java:run(108)) - f5624850-682f-4ec5-bb5c-f79627fc299e@group-C25BD028928E-FollowerState: change to CANDIDATE, lastRpcTime:43ms, electionTimeout:43ms
2019-10-15 16:29:56,950 [Thread-1622] INFO  impl.RoleInfo (RoleInfo.java:shutdownFollowerState(121)) - f5624850-682f-4ec5-bb5c-f79627fc299e: shutdown FollowerState
2019-10-15 16:29:56,950 [Thread-1622] INFO  impl.RaftServerImpl (RaftServerImpl.java:setRole(184)) - f5624850-682f-4ec5-bb5c-f79627fc299e@group-C25BD028928E: changes role from  FOLLOWER to CANDIDATE at term 164 for changeToCandidate
2019-10-15 16:29:56,950 [Thread-1622] INFO  impl.RoleInfo (RoleInfo.java:updateAndGet(143)) - f5624850-682f-4ec5-bb5c-f79627fc299e: start LeaderElection
2019-10-15 16:29:56,973 [f5624850-682f-4ec5-bb5c-f79627fc299e@group-C25BD028928E-LeaderElection176] INFO  impl.LeaderElection (LeaderElection.java:askForVotes(178)) - f5624850-682f-4ec5-bb5c-f79627fc299e@group-C25BD028928E-LeaderElection176: begin an election at term 165 for -1: [f581660d-af3d-4f5f-b57d-f4cb54f048b9:192.168.164.239:42501, f5624850-682f-4ec5-bb5c-f79627fc299e:192.168.164.239:39499, 14091fe6-d183-4b46-be93-2ba964a39c73:192.168.164.239:34827], old=null
2019-10-15 16:29:56,973 [f5624850-682f-4ec5-bb5c-f79627fc299e@group-C25BD028928E-LeaderElection176] INFO  impl.LeaderElection (LogUtils.java:infoOrTrace(149)) - f5624850-682f-4ec5-bb5c-f79627fc299e@group-C25BD028928E-LeaderElection176 got exception when requesting votes: {}
java.util.concurrent.ExecutionException: org.apache.ratis.thirdparty.io.grpc.StatusRuntimeException: UNAVAILABLE: io exception
	at java.util.concurrent.FutureTask.report(FutureTask.java:122)
	at java.util.concurrent.FutureTask.get(FutureTask.java:192)
	at org.apache.ratis.server.impl.LeaderElection.waitForResults(LeaderElection.java:259)
	at org.apache.ratis.server.impl.LeaderElection.askForVotes(LeaderElection.java:197)
	at org.apache.ratis.server.impl.LeaderElection.run(LeaderElection.java:133)
	at java.lang.Thread.run(Thread.java:748)
Caused by: org.apache.ratis.thirdparty.io.grpc.StatusRuntimeException: UNAVAILABLE: io exception
	at org.apache.ratis.thirdparty.io.grpc.stub.ClientCalls.toStatusRuntimeException(ClientCalls.java:233)
	at org.apache.ratis.thirdparty.io.grpc.stub.ClientCalls.getUnchecked(ClientCalls.java:214)
	at org.apache.ratis.thirdparty.io.grpc.stub.ClientCalls.blockingUnaryCall(ClientCalls.java:139)
	at org.apache.ratis.proto.grpc.RaftServerProtocolServiceGrpc$RaftServerProtocolServiceBlockingStub.requestVote(RaftServerProtocolServiceGrpc.java:265)
	at org.apache.ratis.grpc.server.GrpcServerProtocolClient.requestVote(GrpcServerProtocolClient.java:99)
	at org.apache.ratis.grpc.server.GrpcService.requestVote(GrpcService.java:204)
	at org.apache.ratis.server.impl.LeaderElection.lambda$submitRequests$1(LeaderElection.java:234)
	at java.util.concurrent.FutureTask.run(FutureTask.java:266)
	at java.util.concurrent.Executors$RunnableAdapter.call(Executors.java:511)
	at java.util.concurrent.FutureTask.run(FutureTask.java:266)
	at java.util.concurrent.ThreadPoolExecutor.runWorker(ThreadPoolExecutor.java:1149)
	at java.util.concurrent.ThreadPoolExecutor$Worker.run(ThreadPoolExecutor.java:624)
	... 1 more
Caused by: org.apache.ratis.thirdparty.io.netty.channel.AbstractChannel$AnnotatedConnectException: Connection refused: /192.168.164.239:42501
	at sun.nio.ch.SocketChannelImpl.checkConnect(Native Method)
	at sun.nio.ch.SocketChannelImpl.finishConnect(SocketChannelImpl.java:717)
	at org.apache.ratis.thirdparty.io.netty.channel.socket.nio.NioSocketChannel.doFinishConnect(NioSocketChannel.java:327)
	at org.apache.ratis.thirdparty.io.netty.channel.nio.AbstractNioChannel$AbstractNioUnsafe.finishConnect(AbstractNioChannel.java:340)
	at org.apache.ratis.thirdparty.io.netty.channel.nio.NioEventLoop.processSelectedKey(NioEventLoop.java:632)
	at org.apache.ratis.thirdparty.io.netty.channel.nio.NioEventLoop.processSelectedKeysOptimized(NioEventLoop.java:579)
	at org.apache.ratis.thirdparty.io.netty.channel.nio.NioEventLoop.processSelectedKeys(NioEventLoop.java:496)
	at org.apache.ratis.thirdparty.io.netty.channel.nio.NioEventLoop.run(NioEventLoop.java:458)
	at org.apache.ratis.thirdparty.io.netty.util.concurrent.SingleThreadEventExecutor$5.run(SingleThreadEventExecutor.java:897)
	at org.apache.ratis.thirdparty.io.netty.util.concurrent.FastThreadLocalRunnable.run(FastThreadLocalRunnable.java:30)
	... 1 more
Caused by: java.net.ConnectException: Connection refused
	... 11 more
2019-10-15 16:29:56,975 [grpc-default-executor-10] INFO  impl.RaftServerImpl (RaftServerImpl.java:setRole(184)) - 14091fe6-d183-4b46-be93-2ba964a39c73@group-C25BD028928E: changes role from  FOLLOWER to FOLLOWER at term 165 for recognizeCandidate:f5624850-682f-4ec5-bb5c-f79627fc299e
2019-10-15 16:29:56,975 [grpc-default-executor-10] INFO  impl.RoleInfo (RoleInfo.java:shutdownFollowerState(121)) - 14091fe6-d183-4b46-be93-2ba964a39c73: shutdown FollowerState
2019-10-15 16:29:56,976 [grpc-default-executor-10] INFO  impl.RoleInfo (RoleInfo.java:updateAndGet(143)) - 14091fe6-d183-4b46-be93-2ba964a39c73: start FollowerState
2019-10-15 16:29:56,976 [Thread-1621] INFO  impl.FollowerState (FollowerState.java:run(117)) - 14091fe6-d183-4b46-be93-2ba964a39c73@group-C25BD028928E-FollowerState was interrupted: java.lang.InterruptedException: sleep interrupted
2019-10-15 16:29:56,999 [f5624850-682f-4ec5-bb5c-f79627fc299e@group-C25BD028928E-LeaderElection176] INFO  impl.LeaderElection (LeaderElection.java:logAndReturn(56)) - f5624850-682f-4ec5-bb5c-f79627fc299e@group-C25BD028928E-LeaderElection176: Election REJECTED; received 1 response(s) [f5624850-682f-4ec5-bb5c-f79627fc299e<-14091fe6-d183-4b46-be93-2ba964a39c73#0:FAIL-t165] and 1 exception(s); f5624850-682f-4ec5-bb5c-f79627fc299e@group-C25BD028928E:t165, leader=null, voted=f5624850-682f-4ec5-bb5c-f79627fc299e, raftlog=f5624850-682f-4ec5-bb5c-f79627fc299e@group-C25BD028928E-SegmentedRaftLog:OPENED:c-1,f-1,i0, conf=-1: [f581660d-af3d-4f5f-b57d-f4cb54f048b9:192.168.164.239:42501, f5624850-682f-4ec5-bb5c-f79627fc299e:192.168.164.239:39499, 14091fe6-d183-4b46-be93-2ba964a39c73:192.168.164.239:34827], old=null
2019-10-15 16:29:56,999 [f5624850-682f-4ec5-bb5c-f79627fc299e@group-C25BD028928E-LeaderElection176] INFO  impl.LeaderElection (LogUtils.java:infoOrTrace(149)) -   Exception 0: {}
java.util.concurrent.ExecutionException: org.apache.ratis.thirdparty.io.grpc.StatusRuntimeException: UNAVAILABLE: io exception
	at java.util.concurrent.FutureTask.report(FutureTask.java:122)
	at java.util.concurrent.FutureTask.get(FutureTask.java:192)
	at org.apache.ratis.server.impl.LeaderElection.waitForResults(LeaderElection.java:259)
	at org.apache.ratis.server.impl.LeaderElection.askForVotes(LeaderElection.java:197)
	at org.apache.ratis.server.impl.LeaderElection.run(LeaderElection.java:133)
	at java.lang.Thread.run(Thread.java:748)
Caused by: org.apache.ratis.thirdparty.io.grpc.StatusRuntimeException: UNAVAILABLE: io exception
	at org.apache.ratis.thirdparty.io.grpc.stub.ClientCalls.toStatusRuntimeException(ClientCalls.java:233)
	at org.apache.ratis.thirdparty.io.grpc.stub.ClientCalls.getUnchecked(ClientCalls.java:214)
	at org.apache.ratis.thirdparty.io.grpc.stub.ClientCalls.blockingUnaryCall(ClientCalls.java:139)
	at org.apache.ratis.proto.grpc.RaftServerProtocolServiceGrpc$RaftServerProtocolServiceBlockingStub.requestVote(RaftServerProtocolServiceGrpc.java:265)
	at org.apache.ratis.grpc.server.GrpcServerProtocolClient.requestVote(GrpcServerProtocolClient.java:99)
	at org.apache.ratis.grpc.server.GrpcService.requestVote(GrpcService.java:204)
	at org.apache.ratis.server.impl.LeaderElection.lambda$submitRequests$1(LeaderElection.java:234)
	at java.util.concurrent.FutureTask.run(FutureTask.java:266)
	at java.util.concurrent.Executors$RunnableAdapter.call(Executors.java:511)
	at java.util.concurrent.FutureTask.run(FutureTask.java:266)
	at java.util.concurrent.ThreadPoolExecutor.runWorker(ThreadPoolExecutor.java:1149)
	at java.util.concurrent.ThreadPoolExecutor$Worker.run(ThreadPoolExecutor.java:624)
	... 1 more
Caused by: org.apache.ratis.thirdparty.io.netty.channel.AbstractChannel$AnnotatedConnectException: Connection refused: /192.168.164.239:42501
	at sun.nio.ch.SocketChannelImpl.checkConnect(Native Method)
	at sun.nio.ch.SocketChannelImpl.finishConnect(SocketChannelImpl.java:717)
	at org.apache.ratis.thirdparty.io.netty.channel.socket.nio.NioSocketChannel.doFinishConnect(NioSocketChannel.java:327)
	at org.apache.ratis.thirdparty.io.netty.channel.nio.AbstractNioChannel$AbstractNioUnsafe.finishConnect(AbstractNioChannel.java:340)
	at org.apache.ratis.thirdparty.io.netty.channel.nio.NioEventLoop.processSelectedKey(NioEventLoop.java:632)
	at org.apache.ratis.thirdparty.io.netty.channel.nio.NioEventLoop.processSelectedKeysOptimized(NioEventLoop.java:579)
	at org.apache.ratis.thirdparty.io.netty.channel.nio.NioEventLoop.processSelectedKeys(NioEventLoop.java:496)
	at org.apache.ratis.thirdparty.io.netty.channel.nio.NioEventLoop.run(NioEventLoop.java:458)
	at org.apache.ratis.thirdparty.io.netty.util.concurrent.SingleThreadEventExecutor$5.run(SingleThreadEventExecutor.java:897)
	at org.apache.ratis.thirdparty.io.netty.util.concurrent.FastThreadLocalRunnable.run(FastThreadLocalRunnable.java:30)
	... 1 more
Caused by: java.net.ConnectException: Connection refused
	... 11 more
2019-10-15 16:29:56,999 [f5624850-682f-4ec5-bb5c-f79627fc299e@group-C25BD028928E-LeaderElection176] INFO  impl.RaftServerImpl (RaftServerImpl.java:setRole(184)) - f5624850-682f-4ec5-bb5c-f79627fc299e@group-C25BD028928E: changes role from CANDIDATE to FOLLOWER at term 165 for DISCOVERED_A_NEW_TERM
2019-10-15 16:29:56,999 [f5624850-682f-4ec5-bb5c-f79627fc299e@group-C25BD028928E-LeaderElection176] INFO  impl.RoleInfo (RoleInfo.java:shutdownLeaderElection(134)) - f5624850-682f-4ec5-bb5c-f79627fc299e: shutdown LeaderElection
2019-10-15 16:29:57,000 [f5624850-682f-4ec5-bb5c-f79627fc299e@group-C25BD028928E-LeaderElection176] INFO  impl.RoleInfo (RoleInfo.java:updateAndGet(143)) - f5624850-682f-4ec5-bb5c-f79627fc299e: start FollowerState
2019-10-15 16:29:57,078 [java.util.concurrent.ThreadPoolExecutor$Worker@56768177[State = -1, empty queue]] WARN  server.GrpcLogAppender (GrpcLogAppender.java:timeoutAppendRequest(209)) - c48d8dfa-9e66-4eac-9ff2-02281a99dfa9@group-F2FE1ED60945->cccd55fe-f481-4e2b-93ed-b6a86d13c378-GrpcLogAppender: appendEntries Timeout, request=c48d8dfa-9e66-4eac-9ff2-02281a99dfa9->cccd55fe-f481-4e2b-93ed-b6a86d13c378#40-t5, previous=(t:5, i:0), leaderCommit=0, initializing? false, entries: <empty>
2019-10-15 16:29:57,100 [Thread-1627] INFO  impl.FollowerState (FollowerState.java:run(108)) - f5624850-682f-4ec5-bb5c-f79627fc299e@group-C25BD028928E-FollowerState: change to CANDIDATE, lastRpcTime:100ms, electionTimeout:100ms
2019-10-15 16:29:57,100 [Thread-1627] INFO  impl.RoleInfo (RoleInfo.java:shutdownFollowerState(121)) - f5624850-682f-4ec5-bb5c-f79627fc299e: shutdown FollowerState
2019-10-15 16:29:57,100 [Thread-1627] INFO  impl.RaftServerImpl (RaftServerImpl.java:setRole(184)) - f5624850-682f-4ec5-bb5c-f79627fc299e@group-C25BD028928E: changes role from  FOLLOWER to CANDIDATE at term 165 for changeToCandidate
2019-10-15 16:29:57,101 [Thread-1627] INFO  impl.RoleInfo (RoleInfo.java:updateAndGet(143)) - f5624850-682f-4ec5-bb5c-f79627fc299e: start LeaderElection
2019-10-15 16:29:57,124 [f5624850-682f-4ec5-bb5c-f79627fc299e@group-C25BD028928E-LeaderElection177] INFO  impl.LeaderElection (LeaderElection.java:askForVotes(178)) - f5624850-682f-4ec5-bb5c-f79627fc299e@group-C25BD028928E-LeaderElection177: begin an election at term 166 for -1: [f581660d-af3d-4f5f-b57d-f4cb54f048b9:192.168.164.239:42501, f5624850-682f-4ec5-bb5c-f79627fc299e:192.168.164.239:39499, 14091fe6-d183-4b46-be93-2ba964a39c73:192.168.164.239:34827], old=null
2019-10-15 16:29:57,125 [f5624850-682f-4ec5-bb5c-f79627fc299e@group-C25BD028928E-LeaderElection177] INFO  impl.LeaderElection (LogUtils.java:infoOrTrace(149)) - f5624850-682f-4ec5-bb5c-f79627fc299e@group-C25BD028928E-LeaderElection177 got exception when requesting votes: {}
java.util.concurrent.ExecutionException: org.apache.ratis.thirdparty.io.grpc.StatusRuntimeException: UNAVAILABLE: io exception
	at java.util.concurrent.FutureTask.report(FutureTask.java:122)
	at java.util.concurrent.FutureTask.get(FutureTask.java:192)
	at org.apache.ratis.server.impl.LeaderElection.waitForResults(LeaderElection.java:259)
	at org.apache.ratis.server.impl.LeaderElection.askForVotes(LeaderElection.java:197)
	at org.apache.ratis.server.impl.LeaderElection.run(LeaderElection.java:133)
	at java.lang.Thread.run(Thread.java:748)
Caused by: org.apache.ratis.thirdparty.io.grpc.StatusRuntimeException: UNAVAILABLE: io exception
	at org.apache.ratis.thirdparty.io.grpc.stub.ClientCalls.toStatusRuntimeException(ClientCalls.java:233)
	at org.apache.ratis.thirdparty.io.grpc.stub.ClientCalls.getUnchecked(ClientCalls.java:214)
	at org.apache.ratis.thirdparty.io.grpc.stub.ClientCalls.blockingUnaryCall(ClientCalls.java:139)
	at org.apache.ratis.proto.grpc.RaftServerProtocolServiceGrpc$RaftServerProtocolServiceBlockingStub.requestVote(RaftServerProtocolServiceGrpc.java:265)
	at org.apache.ratis.grpc.server.GrpcServerProtocolClient.requestVote(GrpcServerProtocolClient.java:99)
	at org.apache.ratis.grpc.server.GrpcService.requestVote(GrpcService.java:204)
	at org.apache.ratis.server.impl.LeaderElection.lambda$submitRequests$1(LeaderElection.java:234)
	at java.util.concurrent.FutureTask.run(FutureTask.java:266)
	at java.util.concurrent.Executors$RunnableAdapter.call(Executors.java:511)
	at java.util.concurrent.FutureTask.run(FutureTask.java:266)
	at java.util.concurrent.ThreadPoolExecutor.runWorker(ThreadPoolExecutor.java:1149)
	at java.util.concurrent.ThreadPoolExecutor$Worker.run(ThreadPoolExecutor.java:624)
	... 1 more
Caused by: org.apache.ratis.thirdparty.io.netty.channel.AbstractChannel$AnnotatedConnectException: Connection refused: /192.168.164.239:42501
	at sun.nio.ch.SocketChannelImpl.checkConnect(Native Method)
	at sun.nio.ch.SocketChannelImpl.finishConnect(SocketChannelImpl.java:717)
	at org.apache.ratis.thirdparty.io.netty.channel.socket.nio.NioSocketChannel.doFinishConnect(NioSocketChannel.java:327)
	at org.apache.ratis.thirdparty.io.netty.channel.nio.AbstractNioChannel$AbstractNioUnsafe.finishConnect(AbstractNioChannel.java:340)
	at org.apache.ratis.thirdparty.io.netty.channel.nio.NioEventLoop.processSelectedKey(NioEventLoop.java:632)
	at org.apache.ratis.thirdparty.io.netty.channel.nio.NioEventLoop.processSelectedKeysOptimized(NioEventLoop.java:579)
	at org.apache.ratis.thirdparty.io.netty.channel.nio.NioEventLoop.processSelectedKeys(NioEventLoop.java:496)
	at org.apache.ratis.thirdparty.io.netty.channel.nio.NioEventLoop.run(NioEventLoop.java:458)
	at org.apache.ratis.thirdparty.io.netty.util.concurrent.SingleThreadEventExecutor$5.run(SingleThreadEventExecutor.java:897)
	at org.apache.ratis.thirdparty.io.netty.util.concurrent.FastThreadLocalRunnable.run(FastThreadLocalRunnable.java:30)
	... 1 more
Caused by: java.net.ConnectException: Connection refused
	... 11 more
2019-10-15 16:29:57,127 [grpc-default-executor-10] INFO  impl.RaftServerImpl (RaftServerImpl.java:setRole(184)) - 14091fe6-d183-4b46-be93-2ba964a39c73@group-C25BD028928E: changes role from  FOLLOWER to FOLLOWER at term 166 for recognizeCandidate:f5624850-682f-4ec5-bb5c-f79627fc299e
2019-10-15 16:29:57,127 [grpc-default-executor-10] INFO  impl.RoleInfo (RoleInfo.java:shutdownFollowerState(121)) - 14091fe6-d183-4b46-be93-2ba964a39c73: shutdown FollowerState
2019-10-15 16:29:57,127 [grpc-default-executor-10] INFO  impl.RoleInfo (RoleInfo.java:updateAndGet(143)) - 14091fe6-d183-4b46-be93-2ba964a39c73: start FollowerState
2019-10-15 16:29:57,127 [Thread-1626] INFO  impl.FollowerState (FollowerState.java:run(117)) - 14091fe6-d183-4b46-be93-2ba964a39c73@group-C25BD028928E-FollowerState was interrupted: java.lang.InterruptedException: sleep interrupted
2019-10-15 16:29:57,169 [f5624850-682f-4ec5-bb5c-f79627fc299e@group-C25BD028928E-LeaderElection177] INFO  impl.LeaderElection (LeaderElection.java:logAndReturn(56)) - f5624850-682f-4ec5-bb5c-f79627fc299e@group-C25BD028928E-LeaderElection177: Election REJECTED; received 1 response(s) [f5624850-682f-4ec5-bb5c-f79627fc299e<-14091fe6-d183-4b46-be93-2ba964a39c73#0:FAIL-t166] and 1 exception(s); f5624850-682f-4ec5-bb5c-f79627fc299e@group-C25BD028928E:t166, leader=null, voted=f5624850-682f-4ec5-bb5c-f79627fc299e, raftlog=f5624850-682f-4ec5-bb5c-f79627fc299e@group-C25BD028928E-SegmentedRaftLog:OPENED:c-1,f-1,i0, conf=-1: [f581660d-af3d-4f5f-b57d-f4cb54f048b9:192.168.164.239:42501, f5624850-682f-4ec5-bb5c-f79627fc299e:192.168.164.239:39499, 14091fe6-d183-4b46-be93-2ba964a39c73:192.168.164.239:34827], old=null
2019-10-15 16:29:57,169 [f5624850-682f-4ec5-bb5c-f79627fc299e@group-C25BD028928E-LeaderElection177] INFO  impl.LeaderElection (LogUtils.java:infoOrTrace(149)) -   Exception 0: {}
java.util.concurrent.ExecutionException: org.apache.ratis.thirdparty.io.grpc.StatusRuntimeException: UNAVAILABLE: io exception
	at java.util.concurrent.FutureTask.report(FutureTask.java:122)
	at java.util.concurrent.FutureTask.get(FutureTask.java:192)
	at org.apache.ratis.server.impl.LeaderElection.waitForResults(LeaderElection.java:259)
	at org.apache.ratis.server.impl.LeaderElection.askForVotes(LeaderElection.java:197)
	at org.apache.ratis.server.impl.LeaderElection.run(LeaderElection.java:133)
	at java.lang.Thread.run(Thread.java:748)
Caused by: org.apache.ratis.thirdparty.io.grpc.StatusRuntimeException: UNAVAILABLE: io exception
	at org.apache.ratis.thirdparty.io.grpc.stub.ClientCalls.toStatusRuntimeException(ClientCalls.java:233)
	at org.apache.ratis.thirdparty.io.grpc.stub.ClientCalls.getUnchecked(ClientCalls.java:214)
	at org.apache.ratis.thirdparty.io.grpc.stub.ClientCalls.blockingUnaryCall(ClientCalls.java:139)
	at org.apache.ratis.proto.grpc.RaftServerProtocolServiceGrpc$RaftServerProtocolServiceBlockingStub.requestVote(RaftServerProtocolServiceGrpc.java:265)
	at org.apache.ratis.grpc.server.GrpcServerProtocolClient.requestVote(GrpcServerProtocolClient.java:99)
	at org.apache.ratis.grpc.server.GrpcService.requestVote(GrpcService.java:204)
	at org.apache.ratis.server.impl.LeaderElection.lambda$submitRequests$1(LeaderElection.java:234)
	at java.util.concurrent.FutureTask.run(FutureTask.java:266)
	at java.util.concurrent.Executors$RunnableAdapter.call(Executors.java:511)
	at java.util.concurrent.FutureTask.run(FutureTask.java:266)
	at java.util.concurrent.ThreadPoolExecutor.runWorker(ThreadPoolExecutor.java:1149)
	at java.util.concurrent.ThreadPoolExecutor$Worker.run(ThreadPoolExecutor.java:624)
	... 1 more
Caused by: org.apache.ratis.thirdparty.io.netty.channel.AbstractChannel$AnnotatedConnectException: Connection refused: /192.168.164.239:42501
	at sun.nio.ch.SocketChannelImpl.checkConnect(Native Method)
	at sun.nio.ch.SocketChannelImpl.finishConnect(SocketChannelImpl.java:717)
	at org.apache.ratis.thirdparty.io.netty.channel.socket.nio.NioSocketChannel.doFinishConnect(NioSocketChannel.java:327)
	at org.apache.ratis.thirdparty.io.netty.channel.nio.AbstractNioChannel$AbstractNioUnsafe.finishConnect(AbstractNioChannel.java:340)
	at org.apache.ratis.thirdparty.io.netty.channel.nio.NioEventLoop.processSelectedKey(NioEventLoop.java:632)
	at org.apache.ratis.thirdparty.io.netty.channel.nio.NioEventLoop.processSelectedKeysOptimized(NioEventLoop.java:579)
	at org.apache.ratis.thirdparty.io.netty.channel.nio.NioEventLoop.processSelectedKeys(NioEventLoop.java:496)
	at org.apache.ratis.thirdparty.io.netty.channel.nio.NioEventLoop.run(NioEventLoop.java:458)
	at org.apache.ratis.thirdparty.io.netty.util.concurrent.SingleThreadEventExecutor$5.run(SingleThreadEventExecutor.java:897)
	at org.apache.ratis.thirdparty.io.netty.util.concurrent.FastThreadLocalRunnable.run(FastThreadLocalRunnable.java:30)
	... 1 more
Caused by: java.net.ConnectException: Connection refused
	... 11 more
2019-10-15 16:29:57,169 [f5624850-682f-4ec5-bb5c-f79627fc299e@group-C25BD028928E-LeaderElection177] INFO  impl.RaftServerImpl (RaftServerImpl.java:setRole(184)) - f5624850-682f-4ec5-bb5c-f79627fc299e@group-C25BD028928E: changes role from CANDIDATE to FOLLOWER at term 166 for DISCOVERED_A_NEW_TERM
2019-10-15 16:29:57,169 [f5624850-682f-4ec5-bb5c-f79627fc299e@group-C25BD028928E-LeaderElection177] INFO  impl.RoleInfo (RoleInfo.java:shutdownLeaderElection(134)) - f5624850-682f-4ec5-bb5c-f79627fc299e: shutdown LeaderElection
2019-10-15 16:29:57,170 [f5624850-682f-4ec5-bb5c-f79627fc299e@group-C25BD028928E-LeaderElection177] INFO  impl.RoleInfo (RoleInfo.java:updateAndGet(143)) - f5624850-682f-4ec5-bb5c-f79627fc299e: start FollowerState
2019-10-15 16:29:57,241 [Thread-1633] INFO  impl.FollowerState (FollowerState.java:run(108)) - f5624850-682f-4ec5-bb5c-f79627fc299e@group-C25BD028928E-FollowerState: change to CANDIDATE, lastRpcTime:71ms, electionTimeout:71ms
2019-10-15 16:29:57,241 [Thread-1633] INFO  impl.RoleInfo (RoleInfo.java:shutdownFollowerState(121)) - f5624850-682f-4ec5-bb5c-f79627fc299e: shutdown FollowerState
2019-10-15 16:29:57,241 [Thread-1633] INFO  impl.RaftServerImpl (RaftServerImpl.java:setRole(184)) - f5624850-682f-4ec5-bb5c-f79627fc299e@group-C25BD028928E: changes role from  FOLLOWER to CANDIDATE at term 166 for changeToCandidate
2019-10-15 16:29:57,241 [Thread-1633] INFO  impl.RoleInfo (RoleInfo.java:updateAndGet(143)) - f5624850-682f-4ec5-bb5c-f79627fc299e: start LeaderElection
2019-10-15 16:29:57,260 [f5624850-682f-4ec5-bb5c-f79627fc299e@group-C25BD028928E-LeaderElection178] INFO  impl.LeaderElection (LeaderElection.java:askForVotes(178)) - f5624850-682f-4ec5-bb5c-f79627fc299e@group-C25BD028928E-LeaderElection178: begin an election at term 167 for -1: [f581660d-af3d-4f5f-b57d-f4cb54f048b9:192.168.164.239:42501, f5624850-682f-4ec5-bb5c-f79627fc299e:192.168.164.239:39499, 14091fe6-d183-4b46-be93-2ba964a39c73:192.168.164.239:34827], old=null
2019-10-15 16:29:57,261 [f5624850-682f-4ec5-bb5c-f79627fc299e@group-C25BD028928E-LeaderElection178] INFO  impl.LeaderElection (LogUtils.java:infoOrTrace(149)) - f5624850-682f-4ec5-bb5c-f79627fc299e@group-C25BD028928E-LeaderElection178 got exception when requesting votes: {}
java.util.concurrent.ExecutionException: org.apache.ratis.thirdparty.io.grpc.StatusRuntimeException: UNAVAILABLE: io exception
	at java.util.concurrent.FutureTask.report(FutureTask.java:122)
	at java.util.concurrent.FutureTask.get(FutureTask.java:192)
	at org.apache.ratis.server.impl.LeaderElection.waitForResults(LeaderElection.java:259)
	at org.apache.ratis.server.impl.LeaderElection.askForVotes(LeaderElection.java:197)
	at org.apache.ratis.server.impl.LeaderElection.run(LeaderElection.java:133)
	at java.lang.Thread.run(Thread.java:748)
Caused by: org.apache.ratis.thirdparty.io.grpc.StatusRuntimeException: UNAVAILABLE: io exception
	at org.apache.ratis.thirdparty.io.grpc.stub.ClientCalls.toStatusRuntimeException(ClientCalls.java:233)
	at org.apache.ratis.thirdparty.io.grpc.stub.ClientCalls.getUnchecked(ClientCalls.java:214)
	at org.apache.ratis.thirdparty.io.grpc.stub.ClientCalls.blockingUnaryCall(ClientCalls.java:139)
	at org.apache.ratis.proto.grpc.RaftServerProtocolServiceGrpc$RaftServerProtocolServiceBlockingStub.requestVote(RaftServerProtocolServiceGrpc.java:265)
	at org.apache.ratis.grpc.server.GrpcServerProtocolClient.requestVote(GrpcServerProtocolClient.java:99)
	at org.apache.ratis.grpc.server.GrpcService.requestVote(GrpcService.java:204)
	at org.apache.ratis.server.impl.LeaderElection.lambda$submitRequests$1(LeaderElection.java:234)
	at java.util.concurrent.FutureTask.run(FutureTask.java:266)
	at java.util.concurrent.Executors$RunnableAdapter.call(Executors.java:511)
	at java.util.concurrent.FutureTask.run(FutureTask.java:266)
	at java.util.concurrent.ThreadPoolExecutor.runWorker(ThreadPoolExecutor.java:1149)
	at java.util.concurrent.ThreadPoolExecutor$Worker.run(ThreadPoolExecutor.java:624)
	... 1 more
Caused by: org.apache.ratis.thirdparty.io.netty.channel.AbstractChannel$AnnotatedConnectException: Connection refused: /192.168.164.239:42501
	at sun.nio.ch.SocketChannelImpl.checkConnect(Native Method)
	at sun.nio.ch.SocketChannelImpl.finishConnect(SocketChannelImpl.java:717)
	at org.apache.ratis.thirdparty.io.netty.channel.socket.nio.NioSocketChannel.doFinishConnect(NioSocketChannel.java:327)
	at org.apache.ratis.thirdparty.io.netty.channel.nio.AbstractNioChannel$AbstractNioUnsafe.finishConnect(AbstractNioChannel.java:340)
	at org.apache.ratis.thirdparty.io.netty.channel.nio.NioEventLoop.processSelectedKey(NioEventLoop.java:632)
	at org.apache.ratis.thirdparty.io.netty.channel.nio.NioEventLoop.processSelectedKeysOptimized(NioEventLoop.java:579)
	at org.apache.ratis.thirdparty.io.netty.channel.nio.NioEventLoop.processSelectedKeys(NioEventLoop.java:496)
	at org.apache.ratis.thirdparty.io.netty.channel.nio.NioEventLoop.run(NioEventLoop.java:458)
	at org.apache.ratis.thirdparty.io.netty.util.concurrent.SingleThreadEventExecutor$5.run(SingleThreadEventExecutor.java:897)
	at org.apache.ratis.thirdparty.io.netty.util.concurrent.FastThreadLocalRunnable.run(FastThreadLocalRunnable.java:30)
	... 1 more
Caused by: java.net.ConnectException: Connection refused
	... 11 more
2019-10-15 16:29:57,262 [grpc-default-executor-10] INFO  impl.RaftServerImpl (RaftServerImpl.java:setRole(184)) - 14091fe6-d183-4b46-be93-2ba964a39c73@group-C25BD028928E: changes role from  FOLLOWER to FOLLOWER at term 167 for recognizeCandidate:f5624850-682f-4ec5-bb5c-f79627fc299e
2019-10-15 16:29:57,262 [grpc-default-executor-10] INFO  impl.RoleInfo (RoleInfo.java:shutdownFollowerState(121)) - 14091fe6-d183-4b46-be93-2ba964a39c73: shutdown FollowerState
2019-10-15 16:29:57,262 [grpc-default-executor-10] INFO  impl.RoleInfo (RoleInfo.java:updateAndGet(143)) - 14091fe6-d183-4b46-be93-2ba964a39c73: start FollowerState
2019-10-15 16:29:57,262 [Thread-1631] INFO  impl.FollowerState (FollowerState.java:run(117)) - 14091fe6-d183-4b46-be93-2ba964a39c73@group-C25BD028928E-FollowerState was interrupted: java.lang.InterruptedException: sleep interrupted
2019-10-15 16:29:57,285 [f5624850-682f-4ec5-bb5c-f79627fc299e@group-C25BD028928E-LeaderElection178] INFO  impl.LeaderElection (LeaderElection.java:logAndReturn(56)) - f5624850-682f-4ec5-bb5c-f79627fc299e@group-C25BD028928E-LeaderElection178: Election REJECTED; received 1 response(s) [f5624850-682f-4ec5-bb5c-f79627fc299e<-14091fe6-d183-4b46-be93-2ba964a39c73#0:FAIL-t167] and 1 exception(s); f5624850-682f-4ec5-bb5c-f79627fc299e@group-C25BD028928E:t167, leader=null, voted=f5624850-682f-4ec5-bb5c-f79627fc299e, raftlog=f5624850-682f-4ec5-bb5c-f79627fc299e@group-C25BD028928E-SegmentedRaftLog:OPENED:c-1,f-1,i0, conf=-1: [f581660d-af3d-4f5f-b57d-f4cb54f048b9:192.168.164.239:42501, f5624850-682f-4ec5-bb5c-f79627fc299e:192.168.164.239:39499, 14091fe6-d183-4b46-be93-2ba964a39c73:192.168.164.239:34827], old=null
2019-10-15 16:29:57,285 [f5624850-682f-4ec5-bb5c-f79627fc299e@group-C25BD028928E-LeaderElection178] INFO  impl.LeaderElection (LogUtils.java:infoOrTrace(149)) -   Exception 0: {}
java.util.concurrent.ExecutionException: org.apache.ratis.thirdparty.io.grpc.StatusRuntimeException: UNAVAILABLE: io exception
	at java.util.concurrent.FutureTask.report(FutureTask.java:122)
	at java.util.concurrent.FutureTask.get(FutureTask.java:192)
	at org.apache.ratis.server.impl.LeaderElection.waitForResults(LeaderElection.java:259)
	at org.apache.ratis.server.impl.LeaderElection.askForVotes(LeaderElection.java:197)
	at org.apache.ratis.server.impl.LeaderElection.run(LeaderElection.java:133)
	at java.lang.Thread.run(Thread.java:748)
Caused by: org.apache.ratis.thirdparty.io.grpc.StatusRuntimeException: UNAVAILABLE: io exception
	at org.apache.ratis.thirdparty.io.grpc.stub.ClientCalls.toStatusRuntimeException(ClientCalls.java:233)
	at org.apache.ratis.thirdparty.io.grpc.stub.ClientCalls.getUnchecked(ClientCalls.java:214)
	at org.apache.ratis.thirdparty.io.grpc.stub.ClientCalls.blockingUnaryCall(ClientCalls.java:139)
	at org.apache.ratis.proto.grpc.RaftServerProtocolServiceGrpc$RaftServerProtocolServiceBlockingStub.requestVote(RaftServerProtocolServiceGrpc.java:265)
	at org.apache.ratis.grpc.server.GrpcServerProtocolClient.requestVote(GrpcServerProtocolClient.java:99)
	at org.apache.ratis.grpc.server.GrpcService.requestVote(GrpcService.java:204)
	at org.apache.ratis.server.impl.LeaderElection.lambda$submitRequests$1(LeaderElection.java:234)
	at java.util.concurrent.FutureTask.run(FutureTask.java:266)
	at java.util.concurrent.Executors$RunnableAdapter.call(Executors.java:511)
	at java.util.concurrent.FutureTask.run(FutureTask.java:266)
	at java.util.concurrent.ThreadPoolExecutor.runWorker(ThreadPoolExecutor.java:1149)
	at java.util.concurrent.ThreadPoolExecutor$Worker.run(ThreadPoolExecutor.java:624)
	... 1 more
Caused by: org.apache.ratis.thirdparty.io.netty.channel.AbstractChannel$AnnotatedConnectException: Connection refused: /192.168.164.239:42501
	at sun.nio.ch.SocketChannelImpl.checkConnect(Native Method)
	at sun.nio.ch.SocketChannelImpl.finishConnect(SocketChannelImpl.java:717)
	at org.apache.ratis.thirdparty.io.netty.channel.socket.nio.NioSocketChannel.doFinishConnect(NioSocketChannel.java:327)
	at org.apache.ratis.thirdparty.io.netty.channel.nio.AbstractNioChannel$AbstractNioUnsafe.finishConnect(AbstractNioChannel.java:340)
	at org.apache.ratis.thirdparty.io.netty.channel.nio.NioEventLoop.processSelectedKey(NioEventLoop.java:632)
	at org.apache.ratis.thirdparty.io.netty.channel.nio.NioEventLoop.processSelectedKeysOptimized(NioEventLoop.java:579)
	at org.apache.ratis.thirdparty.io.netty.channel.nio.NioEventLoop.processSelectedKeys(NioEventLoop.java:496)
	at org.apache.ratis.thirdparty.io.netty.channel.nio.NioEventLoop.run(NioEventLoop.java:458)
	at org.apache.ratis.thirdparty.io.netty.util.concurrent.SingleThreadEventExecutor$5.run(SingleThreadEventExecutor.java:897)
	at org.apache.ratis.thirdparty.io.netty.util.concurrent.FastThreadLocalRunnable.run(FastThreadLocalRunnable.java:30)
	... 1 more
Caused by: java.net.ConnectException: Connection refused
	... 11 more
2019-10-15 16:29:57,285 [f5624850-682f-4ec5-bb5c-f79627fc299e@group-C25BD028928E-LeaderElection178] INFO  impl.RaftServerImpl (RaftServerImpl.java:setRole(184)) - f5624850-682f-4ec5-bb5c-f79627fc299e@group-C25BD028928E: changes role from CANDIDATE to FOLLOWER at term 167 for DISCOVERED_A_NEW_TERM
2019-10-15 16:29:57,285 [f5624850-682f-4ec5-bb5c-f79627fc299e@group-C25BD028928E-LeaderElection178] INFO  impl.RoleInfo (RoleInfo.java:shutdownLeaderElection(134)) - f5624850-682f-4ec5-bb5c-f79627fc299e: shutdown LeaderElection
2019-10-15 16:29:57,286 [f5624850-682f-4ec5-bb5c-f79627fc299e@group-C25BD028928E-LeaderElection178] INFO  impl.RoleInfo (RoleInfo.java:updateAndGet(143)) - f5624850-682f-4ec5-bb5c-f79627fc299e: start FollowerState
2019-10-15 16:29:57,305 [Thread-1638] INFO  impl.FollowerState (FollowerState.java:run(108)) - f5624850-682f-4ec5-bb5c-f79627fc299e@group-C25BD028928E-FollowerState: change to CANDIDATE, lastRpcTime:19ms, electionTimeout:19ms
2019-10-15 16:29:57,305 [Thread-1638] INFO  impl.RoleInfo (RoleInfo.java:shutdownFollowerState(121)) - f5624850-682f-4ec5-bb5c-f79627fc299e: shutdown FollowerState
2019-10-15 16:29:57,305 [Thread-1638] INFO  impl.RaftServerImpl (RaftServerImpl.java:setRole(184)) - f5624850-682f-4ec5-bb5c-f79627fc299e@group-C25BD028928E: changes role from  FOLLOWER to CANDIDATE at term 167 for changeToCandidate
2019-10-15 16:29:57,305 [Thread-1638] INFO  impl.RoleInfo (RoleInfo.java:updateAndGet(143)) - f5624850-682f-4ec5-bb5c-f79627fc299e: start LeaderElection
2019-10-15 16:29:57,328 [f5624850-682f-4ec5-bb5c-f79627fc299e@group-C25BD028928E-LeaderElection179] INFO  impl.LeaderElection (LeaderElection.java:askForVotes(178)) - f5624850-682f-4ec5-bb5c-f79627fc299e@group-C25BD028928E-LeaderElection179: begin an election at term 168 for -1: [f581660d-af3d-4f5f-b57d-f4cb54f048b9:192.168.164.239:42501, f5624850-682f-4ec5-bb5c-f79627fc299e:192.168.164.239:39499, 14091fe6-d183-4b46-be93-2ba964a39c73:192.168.164.239:34827], old=null
2019-10-15 16:29:57,329 [f5624850-682f-4ec5-bb5c-f79627fc299e@group-C25BD028928E-LeaderElection179] INFO  impl.LeaderElection (LogUtils.java:infoOrTrace(149)) - f5624850-682f-4ec5-bb5c-f79627fc299e@group-C25BD028928E-LeaderElection179 got exception when requesting votes: {}
java.util.concurrent.ExecutionException: org.apache.ratis.thirdparty.io.grpc.StatusRuntimeException: UNAVAILABLE: io exception
	at java.util.concurrent.FutureTask.report(FutureTask.java:122)
	at java.util.concurrent.FutureTask.get(FutureTask.java:192)
	at org.apache.ratis.server.impl.LeaderElection.waitForResults(LeaderElection.java:259)
	at org.apache.ratis.server.impl.LeaderElection.askForVotes(LeaderElection.java:197)
	at org.apache.ratis.server.impl.LeaderElection.run(LeaderElection.java:133)
	at java.lang.Thread.run(Thread.java:748)
Caused by: org.apache.ratis.thirdparty.io.grpc.StatusRuntimeException: UNAVAILABLE: io exception
	at org.apache.ratis.thirdparty.io.grpc.stub.ClientCalls.toStatusRuntimeException(ClientCalls.java:233)
	at org.apache.ratis.thirdparty.io.grpc.stub.ClientCalls.getUnchecked(ClientCalls.java:214)
	at org.apache.ratis.thirdparty.io.grpc.stub.ClientCalls.blockingUnaryCall(ClientCalls.java:139)
	at org.apache.ratis.proto.grpc.RaftServerProtocolServiceGrpc$RaftServerProtocolServiceBlockingStub.requestVote(RaftServerProtocolServiceGrpc.java:265)
	at org.apache.ratis.grpc.server.GrpcServerProtocolClient.requestVote(GrpcServerProtocolClient.java:99)
	at org.apache.ratis.grpc.server.GrpcService.requestVote(GrpcService.java:204)
	at org.apache.ratis.server.impl.LeaderElection.lambda$submitRequests$1(LeaderElection.java:234)
	at java.util.concurrent.FutureTask.run(FutureTask.java:266)
	at java.util.concurrent.Executors$RunnableAdapter.call(Executors.java:511)
	at java.util.concurrent.FutureTask.run(FutureTask.java:266)
	at java.util.concurrent.ThreadPoolExecutor.runWorker(ThreadPoolExecutor.java:1149)
	at java.util.concurrent.ThreadPoolExecutor$Worker.run(ThreadPoolExecutor.java:624)
	... 1 more
Caused by: org.apache.ratis.thirdparty.io.netty.channel.AbstractChannel$AnnotatedConnectException: Connection refused: /192.168.164.239:42501
	at sun.nio.ch.SocketChannelImpl.checkConnect(Native Method)
	at sun.nio.ch.SocketChannelImpl.finishConnect(SocketChannelImpl.java:717)
	at org.apache.ratis.thirdparty.io.netty.channel.socket.nio.NioSocketChannel.doFinishConnect(NioSocketChannel.java:327)
	at org.apache.ratis.thirdparty.io.netty.channel.nio.AbstractNioChannel$AbstractNioUnsafe.finishConnect(AbstractNioChannel.java:340)
	at org.apache.ratis.thirdparty.io.netty.channel.nio.NioEventLoop.processSelectedKey(NioEventLoop.java:632)
	at org.apache.ratis.thirdparty.io.netty.channel.nio.NioEventLoop.processSelectedKeysOptimized(NioEventLoop.java:579)
	at org.apache.ratis.thirdparty.io.netty.channel.nio.NioEventLoop.processSelectedKeys(NioEventLoop.java:496)
	at org.apache.ratis.thirdparty.io.netty.channel.nio.NioEventLoop.run(NioEventLoop.java:458)
	at org.apache.ratis.thirdparty.io.netty.util.concurrent.SingleThreadEventExecutor$5.run(SingleThreadEventExecutor.java:897)
	at org.apache.ratis.thirdparty.io.netty.util.concurrent.FastThreadLocalRunnable.run(FastThreadLocalRunnable.java:30)
	... 1 more
Caused by: java.net.ConnectException: Connection refused
	... 11 more
2019-10-15 16:29:57,330 [grpc-default-executor-10] INFO  impl.RaftServerImpl (RaftServerImpl.java:setRole(184)) - 14091fe6-d183-4b46-be93-2ba964a39c73@group-C25BD028928E: changes role from  FOLLOWER to FOLLOWER at term 168 for recognizeCandidate:f5624850-682f-4ec5-bb5c-f79627fc299e
2019-10-15 16:29:57,330 [grpc-default-executor-10] INFO  impl.RoleInfo (RoleInfo.java:shutdownFollowerState(121)) - 14091fe6-d183-4b46-be93-2ba964a39c73: shutdown FollowerState
2019-10-15 16:29:57,330 [grpc-default-executor-10] INFO  impl.RoleInfo (RoleInfo.java:updateAndGet(143)) - 14091fe6-d183-4b46-be93-2ba964a39c73: start FollowerState
2019-10-15 16:29:57,330 [Thread-1637] INFO  impl.FollowerState (FollowerState.java:run(117)) - 14091fe6-d183-4b46-be93-2ba964a39c73@group-C25BD028928E-FollowerState was interrupted: java.lang.InterruptedException: sleep interrupted
2019-10-15 16:29:57,352 [f5624850-682f-4ec5-bb5c-f79627fc299e@group-C25BD028928E-LeaderElection179] INFO  impl.LeaderElection (LeaderElection.java:logAndReturn(56)) - f5624850-682f-4ec5-bb5c-f79627fc299e@group-C25BD028928E-LeaderElection179: Election REJECTED; received 1 response(s) [f5624850-682f-4ec5-bb5c-f79627fc299e<-14091fe6-d183-4b46-be93-2ba964a39c73#0:FAIL-t168] and 1 exception(s); f5624850-682f-4ec5-bb5c-f79627fc299e@group-C25BD028928E:t168, leader=null, voted=f5624850-682f-4ec5-bb5c-f79627fc299e, raftlog=f5624850-682f-4ec5-bb5c-f79627fc299e@group-C25BD028928E-SegmentedRaftLog:OPENED:c-1,f-1,i0, conf=-1: [f581660d-af3d-4f5f-b57d-f4cb54f048b9:192.168.164.239:42501, f5624850-682f-4ec5-bb5c-f79627fc299e:192.168.164.239:39499, 14091fe6-d183-4b46-be93-2ba964a39c73:192.168.164.239:34827], old=null
2019-10-15 16:29:57,352 [f5624850-682f-4ec5-bb5c-f79627fc299e@group-C25BD028928E-LeaderElection179] INFO  impl.LeaderElection (LogUtils.java:infoOrTrace(149)) -   Exception 0: {}
java.util.concurrent.ExecutionException: org.apache.ratis.thirdparty.io.grpc.StatusRuntimeException: UNAVAILABLE: io exception
	at java.util.concurrent.FutureTask.report(FutureTask.java:122)
	at java.util.concurrent.FutureTask.get(FutureTask.java:192)
	at org.apache.ratis.server.impl.LeaderElection.waitForResults(LeaderElection.java:259)
	at org.apache.ratis.server.impl.LeaderElection.askForVotes(LeaderElection.java:197)
	at org.apache.ratis.server.impl.LeaderElection.run(LeaderElection.java:133)
	at java.lang.Thread.run(Thread.java:748)
Caused by: org.apache.ratis.thirdparty.io.grpc.StatusRuntimeException: UNAVAILABLE: io exception
	at org.apache.ratis.thirdparty.io.grpc.stub.ClientCalls.toStatusRuntimeException(ClientCalls.java:233)
	at org.apache.ratis.thirdparty.io.grpc.stub.ClientCalls.getUnchecked(ClientCalls.java:214)
	at org.apache.ratis.thirdparty.io.grpc.stub.ClientCalls.blockingUnaryCall(ClientCalls.java:139)
	at org.apache.ratis.proto.grpc.RaftServerProtocolServiceGrpc$RaftServerProtocolServiceBlockingStub.requestVote(RaftServerProtocolServiceGrpc.java:265)
	at org.apache.ratis.grpc.server.GrpcServerProtocolClient.requestVote(GrpcServerProtocolClient.java:99)
	at org.apache.ratis.grpc.server.GrpcService.requestVote(GrpcService.java:204)
	at org.apache.ratis.server.impl.LeaderElection.lambda$submitRequests$1(LeaderElection.java:234)
	at java.util.concurrent.FutureTask.run(FutureTask.java:266)
	at java.util.concurrent.Executors$RunnableAdapter.call(Executors.java:511)
	at java.util.concurrent.FutureTask.run(FutureTask.java:266)
	at java.util.concurrent.ThreadPoolExecutor.runWorker(ThreadPoolExecutor.java:1149)
	at java.util.concurrent.ThreadPoolExecutor$Worker.run(ThreadPoolExecutor.java:624)
	... 1 more
Caused by: org.apache.ratis.thirdparty.io.netty.channel.AbstractChannel$AnnotatedConnectException: Connection refused: /192.168.164.239:42501
	at sun.nio.ch.SocketChannelImpl.checkConnect(Native Method)
	at sun.nio.ch.SocketChannelImpl.finishConnect(SocketChannelImpl.java:717)
	at org.apache.ratis.thirdparty.io.netty.channel.socket.nio.NioSocketChannel.doFinishConnect(NioSocketChannel.java:327)
	at org.apache.ratis.thirdparty.io.netty.channel.nio.AbstractNioChannel$AbstractNioUnsafe.finishConnect(AbstractNioChannel.java:340)
	at org.apache.ratis.thirdparty.io.netty.channel.nio.NioEventLoop.processSelectedKey(NioEventLoop.java:632)
	at org.apache.ratis.thirdparty.io.netty.channel.nio.NioEventLoop.processSelectedKeysOptimized(NioEventLoop.java:579)
	at org.apache.ratis.thirdparty.io.netty.channel.nio.NioEventLoop.processSelectedKeys(NioEventLoop.java:496)
	at org.apache.ratis.thirdparty.io.netty.channel.nio.NioEventLoop.run(NioEventLoop.java:458)
	at org.apache.ratis.thirdparty.io.netty.util.concurrent.SingleThreadEventExecutor$5.run(SingleThreadEventExecutor.java:897)
	at org.apache.ratis.thirdparty.io.netty.util.concurrent.FastThreadLocalRunnable.run(FastThreadLocalRunnable.java:30)
	... 1 more
Caused by: java.net.ConnectException: Connection refused
	... 11 more
2019-10-15 16:29:57,352 [f5624850-682f-4ec5-bb5c-f79627fc299e@group-C25BD028928E-LeaderElection179] INFO  impl.RaftServerImpl (RaftServerImpl.java:setRole(184)) - f5624850-682f-4ec5-bb5c-f79627fc299e@group-C25BD028928E: changes role from CANDIDATE to FOLLOWER at term 168 for DISCOVERED_A_NEW_TERM
2019-10-15 16:29:57,352 [f5624850-682f-4ec5-bb5c-f79627fc299e@group-C25BD028928E-LeaderElection179] INFO  impl.RoleInfo (RoleInfo.java:shutdownLeaderElection(134)) - f5624850-682f-4ec5-bb5c-f79627fc299e: shutdown LeaderElection
2019-10-15 16:29:57,352 [f5624850-682f-4ec5-bb5c-f79627fc299e@group-C25BD028928E-LeaderElection179] INFO  impl.RoleInfo (RoleInfo.java:updateAndGet(143)) - f5624850-682f-4ec5-bb5c-f79627fc299e: start FollowerState
2019-10-15 16:29:57,407 [Thread-1643] INFO  impl.FollowerState (FollowerState.java:run(108)) - f5624850-682f-4ec5-bb5c-f79627fc299e@group-C25BD028928E-FollowerState: change to CANDIDATE, lastRpcTime:54ms, electionTimeout:54ms
2019-10-15 16:29:57,407 [Thread-1643] INFO  impl.RoleInfo (RoleInfo.java:shutdownFollowerState(121)) - f5624850-682f-4ec5-bb5c-f79627fc299e: shutdown FollowerState
2019-10-15 16:29:57,407 [Thread-1643] INFO  impl.RaftServerImpl (RaftServerImpl.java:setRole(184)) - f5624850-682f-4ec5-bb5c-f79627fc299e@group-C25BD028928E: changes role from  FOLLOWER to CANDIDATE at term 168 for changeToCandidate
2019-10-15 16:29:57,407 [Thread-1643] INFO  impl.RoleInfo (RoleInfo.java:updateAndGet(143)) - f5624850-682f-4ec5-bb5c-f79627fc299e: start LeaderElection
2019-10-15 16:29:57,450 [f5624850-682f-4ec5-bb5c-f79627fc299e@group-C25BD028928E-LeaderElection180] INFO  impl.LeaderElection (LeaderElection.java:askForVotes(178)) - f5624850-682f-4ec5-bb5c-f79627fc299e@group-C25BD028928E-LeaderElection180: begin an election at term 169 for -1: [f581660d-af3d-4f5f-b57d-f4cb54f048b9:192.168.164.239:42501, f5624850-682f-4ec5-bb5c-f79627fc299e:192.168.164.239:39499, 14091fe6-d183-4b46-be93-2ba964a39c73:192.168.164.239:34827], old=null
2019-10-15 16:29:57,451 [f5624850-682f-4ec5-bb5c-f79627fc299e@group-C25BD028928E-LeaderElection180] INFO  impl.LeaderElection (LogUtils.java:infoOrTrace(149)) - f5624850-682f-4ec5-bb5c-f79627fc299e@group-C25BD028928E-LeaderElection180 got exception when requesting votes: {}
java.util.concurrent.ExecutionException: org.apache.ratis.thirdparty.io.grpc.StatusRuntimeException: UNAVAILABLE: io exception
	at java.util.concurrent.FutureTask.report(FutureTask.java:122)
	at java.util.concurrent.FutureTask.get(FutureTask.java:192)
	at org.apache.ratis.server.impl.LeaderElection.waitForResults(LeaderElection.java:259)
	at org.apache.ratis.server.impl.LeaderElection.askForVotes(LeaderElection.java:197)
	at org.apache.ratis.server.impl.LeaderElection.run(LeaderElection.java:133)
	at java.lang.Thread.run(Thread.java:748)
Caused by: org.apache.ratis.thirdparty.io.grpc.StatusRuntimeException: UNAVAILABLE: io exception
	at org.apache.ratis.thirdparty.io.grpc.stub.ClientCalls.toStatusRuntimeException(ClientCalls.java:233)
	at org.apache.ratis.thirdparty.io.grpc.stub.ClientCalls.getUnchecked(ClientCalls.java:214)
	at org.apache.ratis.thirdparty.io.grpc.stub.ClientCalls.blockingUnaryCall(ClientCalls.java:139)
	at org.apache.ratis.proto.grpc.RaftServerProtocolServiceGrpc$RaftServerProtocolServiceBlockingStub.requestVote(RaftServerProtocolServiceGrpc.java:265)
	at org.apache.ratis.grpc.server.GrpcServerProtocolClient.requestVote(GrpcServerProtocolClient.java:99)
	at org.apache.ratis.grpc.server.GrpcService.requestVote(GrpcService.java:204)
	at org.apache.ratis.server.impl.LeaderElection.lambda$submitRequests$1(LeaderElection.java:234)
	at java.util.concurrent.FutureTask.run(FutureTask.java:266)
	at java.util.concurrent.Executors$RunnableAdapter.call(Executors.java:511)
	at java.util.concurrent.FutureTask.run(FutureTask.java:266)
	at java.util.concurrent.ThreadPoolExecutor.runWorker(ThreadPoolExecutor.java:1149)
	at java.util.concurrent.ThreadPoolExecutor$Worker.run(ThreadPoolExecutor.java:624)
	... 1 more
Caused by: org.apache.ratis.thirdparty.io.netty.channel.AbstractChannel$AnnotatedConnectException: Connection refused: /192.168.164.239:42501
	at sun.nio.ch.SocketChannelImpl.checkConnect(Native Method)
	at sun.nio.ch.SocketChannelImpl.finishConnect(SocketChannelImpl.java:717)
	at org.apache.ratis.thirdparty.io.netty.channel.socket.nio.NioSocketChannel.doFinishConnect(NioSocketChannel.java:327)
	at org.apache.ratis.thirdparty.io.netty.channel.nio.AbstractNioChannel$AbstractNioUnsafe.finishConnect(AbstractNioChannel.java:340)
	at org.apache.ratis.thirdparty.io.netty.channel.nio.NioEventLoop.processSelectedKey(NioEventLoop.java:632)
	at org.apache.ratis.thirdparty.io.netty.channel.nio.NioEventLoop.processSelectedKeysOptimized(NioEventLoop.java:579)
	at org.apache.ratis.thirdparty.io.netty.channel.nio.NioEventLoop.processSelectedKeys(NioEventLoop.java:496)
	at org.apache.ratis.thirdparty.io.netty.channel.nio.NioEventLoop.run(NioEventLoop.java:458)
	at org.apache.ratis.thirdparty.io.netty.util.concurrent.SingleThreadEventExecutor$5.run(SingleThreadEventExecutor.java:897)
	at org.apache.ratis.thirdparty.io.netty.util.concurrent.FastThreadLocalRunnable.run(FastThreadLocalRunnable.java:30)
	... 1 more
Caused by: java.net.ConnectException: Connection refused
	... 11 more
2019-10-15 16:29:57,453 [grpc-default-executor-10] INFO  impl.RaftServerImpl (RaftServerImpl.java:setRole(184)) - 14091fe6-d183-4b46-be93-2ba964a39c73@group-C25BD028928E: changes role from  FOLLOWER to FOLLOWER at term 169 for recognizeCandidate:f5624850-682f-4ec5-bb5c-f79627fc299e
2019-10-15 16:29:57,453 [grpc-default-executor-10] INFO  impl.RoleInfo (RoleInfo.java:shutdownFollowerState(121)) - 14091fe6-d183-4b46-be93-2ba964a39c73: shutdown FollowerState
2019-10-15 16:29:57,453 [grpc-default-executor-10] INFO  impl.RoleInfo (RoleInfo.java:updateAndGet(143)) - 14091fe6-d183-4b46-be93-2ba964a39c73: start FollowerState
2019-10-15 16:29:57,453 [Thread-1642] INFO  impl.FollowerState (FollowerState.java:run(117)) - 14091fe6-d183-4b46-be93-2ba964a39c73@group-C25BD028928E-FollowerState was interrupted: java.lang.InterruptedException: sleep interrupted
2019-10-15 16:29:57,476 [f5624850-682f-4ec5-bb5c-f79627fc299e@group-C25BD028928E-LeaderElection180] INFO  impl.LeaderElection (LeaderElection.java:logAndReturn(56)) - f5624850-682f-4ec5-bb5c-f79627fc299e@group-C25BD028928E-LeaderElection180: Election REJECTED; received 1 response(s) [f5624850-682f-4ec5-bb5c-f79627fc299e<-14091fe6-d183-4b46-be93-2ba964a39c73#0:FAIL-t169] and 1 exception(s); f5624850-682f-4ec5-bb5c-f79627fc299e@group-C25BD028928E:t169, leader=null, voted=f5624850-682f-4ec5-bb5c-f79627fc299e, raftlog=f5624850-682f-4ec5-bb5c-f79627fc299e@group-C25BD028928E-SegmentedRaftLog:OPENED:c-1,f-1,i0, conf=-1: [f581660d-af3d-4f5f-b57d-f4cb54f048b9:192.168.164.239:42501, f5624850-682f-4ec5-bb5c-f79627fc299e:192.168.164.239:39499, 14091fe6-d183-4b46-be93-2ba964a39c73:192.168.164.239:34827], old=null
2019-10-15 16:29:57,476 [f5624850-682f-4ec5-bb5c-f79627fc299e@group-C25BD028928E-LeaderElection180] INFO  impl.LeaderElection (LogUtils.java:infoOrTrace(149)) -   Exception 0: {}
java.util.concurrent.ExecutionException: org.apache.ratis.thirdparty.io.grpc.StatusRuntimeException: UNAVAILABLE: io exception
	at java.util.concurrent.FutureTask.report(FutureTask.java:122)
	at java.util.concurrent.FutureTask.get(FutureTask.java:192)
	at org.apache.ratis.server.impl.LeaderElection.waitForResults(LeaderElection.java:259)
	at org.apache.ratis.server.impl.LeaderElection.askForVotes(LeaderElection.java:197)
	at org.apache.ratis.server.impl.LeaderElection.run(LeaderElection.java:133)
	at java.lang.Thread.run(Thread.java:748)
Caused by: org.apache.ratis.thirdparty.io.grpc.StatusRuntimeException: UNAVAILABLE: io exception
	at org.apache.ratis.thirdparty.io.grpc.stub.ClientCalls.toStatusRuntimeException(ClientCalls.java:233)
	at org.apache.ratis.thirdparty.io.grpc.stub.ClientCalls.getUnchecked(ClientCalls.java:214)
	at org.apache.ratis.thirdparty.io.grpc.stub.ClientCalls.blockingUnaryCall(ClientCalls.java:139)
	at org.apache.ratis.proto.grpc.RaftServerProtocolServiceGrpc$RaftServerProtocolServiceBlockingStub.requestVote(RaftServerProtocolServiceGrpc.java:265)
	at org.apache.ratis.grpc.server.GrpcServerProtocolClient.requestVote(GrpcServerProtocolClient.java:99)
	at org.apache.ratis.grpc.server.GrpcService.requestVote(GrpcService.java:204)
	at org.apache.ratis.server.impl.LeaderElection.lambda$submitRequests$1(LeaderElection.java:234)
	at java.util.concurrent.FutureTask.run(FutureTask.java:266)
	at java.util.concurrent.Executors$RunnableAdapter.call(Executors.java:511)
	at java.util.concurrent.FutureTask.run(FutureTask.java:266)
	at java.util.concurrent.ThreadPoolExecutor.runWorker(ThreadPoolExecutor.java:1149)
	at java.util.concurrent.ThreadPoolExecutor$Worker.run(ThreadPoolExecutor.java:624)
	... 1 more
Caused by: org.apache.ratis.thirdparty.io.netty.channel.AbstractChannel$AnnotatedConnectException: Connection refused: /192.168.164.239:42501
	at sun.nio.ch.SocketChannelImpl.checkConnect(Native Method)
	at sun.nio.ch.SocketChannelImpl.finishConnect(SocketChannelImpl.java:717)
	at org.apache.ratis.thirdparty.io.netty.channel.socket.nio.NioSocketChannel.doFinishConnect(NioSocketChannel.java:327)
	at org.apache.ratis.thirdparty.io.netty.channel.nio.AbstractNioChannel$AbstractNioUnsafe.finishConnect(AbstractNioChannel.java:340)
	at org.apache.ratis.thirdparty.io.netty.channel.nio.NioEventLoop.processSelectedKey(NioEventLoop.java:632)
	at org.apache.ratis.thirdparty.io.netty.channel.nio.NioEventLoop.processSelectedKeysOptimized(NioEventLoop.java:579)
	at org.apache.ratis.thirdparty.io.netty.channel.nio.NioEventLoop.processSelectedKeys(NioEventLoop.java:496)
	at org.apache.ratis.thirdparty.io.netty.channel.nio.NioEventLoop.run(NioEventLoop.java:458)
	at org.apache.ratis.thirdparty.io.netty.util.concurrent.SingleThreadEventExecutor$5.run(SingleThreadEventExecutor.java:897)
	at org.apache.ratis.thirdparty.io.netty.util.concurrent.FastThreadLocalRunnable.run(FastThreadLocalRunnable.java:30)
	... 1 more
Caused by: java.net.ConnectException: Connection refused
	... 11 more
2019-10-15 16:29:57,477 [f5624850-682f-4ec5-bb5c-f79627fc299e@group-C25BD028928E-LeaderElection180] INFO  impl.RaftServerImpl (RaftServerImpl.java:setRole(184)) - f5624850-682f-4ec5-bb5c-f79627fc299e@group-C25BD028928E: changes role from CANDIDATE to FOLLOWER at term 169 for DISCOVERED_A_NEW_TERM
2019-10-15 16:29:57,477 [f5624850-682f-4ec5-bb5c-f79627fc299e@group-C25BD028928E-LeaderElection180] INFO  impl.RoleInfo (RoleInfo.java:shutdownLeaderElection(134)) - f5624850-682f-4ec5-bb5c-f79627fc299e: shutdown LeaderElection
2019-10-15 16:29:57,477 [f5624850-682f-4ec5-bb5c-f79627fc299e@group-C25BD028928E-LeaderElection180] INFO  impl.RoleInfo (RoleInfo.java:updateAndGet(143)) - f5624850-682f-4ec5-bb5c-f79627fc299e: start FollowerState
2019-10-15 16:29:57,489 [Thread-1648] INFO  impl.FollowerState (FollowerState.java:run(108)) - f5624850-682f-4ec5-bb5c-f79627fc299e@group-C25BD028928E-FollowerState: change to CANDIDATE, lastRpcTime:12ms, electionTimeout:12ms
2019-10-15 16:29:57,489 [Thread-1648] INFO  impl.RoleInfo (RoleInfo.java:shutdownFollowerState(121)) - f5624850-682f-4ec5-bb5c-f79627fc299e: shutdown FollowerState
2019-10-15 16:29:57,489 [Thread-1648] INFO  impl.RaftServerImpl (RaftServerImpl.java:setRole(184)) - f5624850-682f-4ec5-bb5c-f79627fc299e@group-C25BD028928E: changes role from  FOLLOWER to CANDIDATE at term 169 for changeToCandidate
2019-10-15 16:29:57,489 [Thread-1648] INFO  impl.RoleInfo (RoleInfo.java:updateAndGet(143)) - f5624850-682f-4ec5-bb5c-f79627fc299e: start LeaderElection
2019-10-15 16:29:57,494 [Thread-1607] INFO  impl.FollowerState (FollowerState.java:run(108)) - 24ee8ff7-dd07-49e6-bbcb-bb50ff0e8e36@group-F2FE1ED60945-FollowerState: change to CANDIDATE, lastRpcTime:1063ms, electionTimeout:1063ms
2019-10-15 16:29:57,495 [Thread-1607] INFO  impl.RoleInfo (RoleInfo.java:shutdownFollowerState(121)) - 24ee8ff7-dd07-49e6-bbcb-bb50ff0e8e36: shutdown FollowerState
2019-10-15 16:29:57,495 [Thread-1607] INFO  impl.RaftServerImpl (RaftServerImpl.java:setRole(184)) - 24ee8ff7-dd07-49e6-bbcb-bb50ff0e8e36@group-F2FE1ED60945: changes role from  FOLLOWER to CANDIDATE at term 6 for changeToCandidate
2019-10-15 16:29:57,495 [Thread-1607] INFO  impl.RoleInfo (RoleInfo.java:updateAndGet(143)) - 24ee8ff7-dd07-49e6-bbcb-bb50ff0e8e36: start LeaderElection
2019-10-15 16:29:57,511 [24ee8ff7-dd07-49e6-bbcb-bb50ff0e8e36@group-F2FE1ED60945-LeaderElection182] INFO  impl.LeaderElection (LeaderElection.java:askForVotes(178)) - 24ee8ff7-dd07-49e6-bbcb-bb50ff0e8e36@group-F2FE1ED60945-LeaderElection182: begin an election at term 7 for 0: [c48d8dfa-9e66-4eac-9ff2-02281a99dfa9:192.168.164.239:41652, cccd55fe-f481-4e2b-93ed-b6a86d13c378:192.168.164.239:35771, 24ee8ff7-dd07-49e6-bbcb-bb50ff0e8e36:192.168.164.239:45096], old=null
2019-10-15 16:29:57,511 [f5624850-682f-4ec5-bb5c-f79627fc299e@group-C25BD028928E-LeaderElection181] INFO  impl.LeaderElection (LeaderElection.java:askForVotes(178)) - f5624850-682f-4ec5-bb5c-f79627fc299e@group-C25BD028928E-LeaderElection181: begin an election at term 170 for -1: [f581660d-af3d-4f5f-b57d-f4cb54f048b9:192.168.164.239:42501, f5624850-682f-4ec5-bb5c-f79627fc299e:192.168.164.239:39499, 14091fe6-d183-4b46-be93-2ba964a39c73:192.168.164.239:34827], old=null
2019-10-15 16:29:57,512 [24ee8ff7-dd07-49e6-bbcb-bb50ff0e8e36@group-F2FE1ED60945-LeaderElection182] INFO  impl.LeaderElection (LogUtils.java:infoOrTrace(149)) - 24ee8ff7-dd07-49e6-bbcb-bb50ff0e8e36@group-F2FE1ED60945-LeaderElection182 got exception when requesting votes: {}
java.util.concurrent.ExecutionException: org.apache.ratis.thirdparty.io.grpc.StatusRuntimeException: UNAVAILABLE: io exception
	at java.util.concurrent.FutureTask.report(FutureTask.java:122)
	at java.util.concurrent.FutureTask.get(FutureTask.java:192)
	at org.apache.ratis.server.impl.LeaderElection.waitForResults(LeaderElection.java:259)
	at org.apache.ratis.server.impl.LeaderElection.askForVotes(LeaderElection.java:197)
	at org.apache.ratis.server.impl.LeaderElection.run(LeaderElection.java:133)
	at java.lang.Thread.run(Thread.java:748)
Caused by: org.apache.ratis.thirdparty.io.grpc.StatusRuntimeException: UNAVAILABLE: io exception
	at org.apache.ratis.thirdparty.io.grpc.stub.ClientCalls.toStatusRuntimeException(ClientCalls.java:233)
	at org.apache.ratis.thirdparty.io.grpc.stub.ClientCalls.getUnchecked(ClientCalls.java:214)
	at org.apache.ratis.thirdparty.io.grpc.stub.ClientCalls.blockingUnaryCall(ClientCalls.java:139)
	at org.apache.ratis.proto.grpc.RaftServerProtocolServiceGrpc$RaftServerProtocolServiceBlockingStub.requestVote(RaftServerProtocolServiceGrpc.java:265)
	at org.apache.ratis.grpc.server.GrpcServerProtocolClient.requestVote(GrpcServerProtocolClient.java:99)
	at org.apache.ratis.grpc.server.GrpcService.requestVote(GrpcService.java:204)
	at org.apache.ratis.server.impl.LeaderElection.lambda$submitRequests$1(LeaderElection.java:234)
	at java.util.concurrent.FutureTask.run(FutureTask.java:266)
	at java.util.concurrent.Executors$RunnableAdapter.call(Executors.java:511)
	at java.util.concurrent.FutureTask.run(FutureTask.java:266)
	at java.util.concurrent.ThreadPoolExecutor.runWorker(ThreadPoolExecutor.java:1149)
	at java.util.concurrent.ThreadPoolExecutor$Worker.run(ThreadPoolExecutor.java:624)
	... 1 more
Caused by: org.apache.ratis.thirdparty.io.netty.channel.AbstractChannel$AnnotatedConnectException: Connection refused: /192.168.164.239:41652
	at sun.nio.ch.SocketChannelImpl.checkConnect(Native Method)
	at sun.nio.ch.SocketChannelImpl.finishConnect(SocketChannelImpl.java:717)
	at org.apache.ratis.thirdparty.io.netty.channel.socket.nio.NioSocketChannel.doFinishConnect(NioSocketChannel.java:327)
	at org.apache.ratis.thirdparty.io.netty.channel.nio.AbstractNioChannel$AbstractNioUnsafe.finishConnect(AbstractNioChannel.java:340)
	at org.apache.ratis.thirdparty.io.netty.channel.nio.NioEventLoop.processSelectedKey(NioEventLoop.java:632)
	at org.apache.ratis.thirdparty.io.netty.channel.nio.NioEventLoop.processSelectedKeysOptimized(NioEventLoop.java:579)
	at org.apache.ratis.thirdparty.io.netty.channel.nio.NioEventLoop.processSelectedKeys(NioEventLoop.java:496)
	at org.apache.ratis.thirdparty.io.netty.channel.nio.NioEventLoop.run(NioEventLoop.java:458)
	at org.apache.ratis.thirdparty.io.netty.util.concurrent.SingleThreadEventExecutor$5.run(SingleThreadEventExecutor.java:897)
	at org.apache.ratis.thirdparty.io.netty.util.concurrent.FastThreadLocalRunnable.run(FastThreadLocalRunnable.java:30)
	... 1 more
Caused by: java.net.ConnectException: Connection refused
	... 11 more
2019-10-15 16:29:57,512 [f5624850-682f-4ec5-bb5c-f79627fc299e@group-C25BD028928E-LeaderElection181] INFO  impl.LeaderElection (LogUtils.java:infoOrTrace(149)) - f5624850-682f-4ec5-bb5c-f79627fc299e@group-C25BD028928E-LeaderElection181 got exception when requesting votes: {}
java.util.concurrent.ExecutionException: org.apache.ratis.thirdparty.io.grpc.StatusRuntimeException: UNAVAILABLE: io exception
	at java.util.concurrent.FutureTask.report(FutureTask.java:122)
	at java.util.concurrent.FutureTask.get(FutureTask.java:192)
	at org.apache.ratis.server.impl.LeaderElection.waitForResults(LeaderElection.java:259)
	at org.apache.ratis.server.impl.LeaderElection.askForVotes(LeaderElection.java:197)
	at org.apache.ratis.server.impl.LeaderElection.run(LeaderElection.java:133)
	at java.lang.Thread.run(Thread.java:748)
Caused by: org.apache.ratis.thirdparty.io.grpc.StatusRuntimeException: UNAVAILABLE: io exception
	at org.apache.ratis.thirdparty.io.grpc.stub.ClientCalls.toStatusRuntimeException(ClientCalls.java:233)
	at org.apache.ratis.thirdparty.io.grpc.stub.ClientCalls.getUnchecked(ClientCalls.java:214)
	at org.apache.ratis.thirdparty.io.grpc.stub.ClientCalls.blockingUnaryCall(ClientCalls.java:139)
	at org.apache.ratis.proto.grpc.RaftServerProtocolServiceGrpc$RaftServerProtocolServiceBlockingStub.requestVote(RaftServerProtocolServiceGrpc.java:265)
	at org.apache.ratis.grpc.server.GrpcServerProtocolClient.requestVote(GrpcServerProtocolClient.java:99)
	at org.apache.ratis.grpc.server.GrpcService.requestVote(GrpcService.java:204)
	at org.apache.ratis.server.impl.LeaderElection.lambda$submitRequests$1(LeaderElection.java:234)
	at java.util.concurrent.FutureTask.run(FutureTask.java:266)
	at java.util.concurrent.Executors$RunnableAdapter.call(Executors.java:511)
	at java.util.concurrent.FutureTask.run(FutureTask.java:266)
	at java.util.concurrent.ThreadPoolExecutor.runWorker(ThreadPoolExecutor.java:1149)
	at java.util.concurrent.ThreadPoolExecutor$Worker.run(ThreadPoolExecutor.java:624)
	... 1 more
Caused by: org.apache.ratis.thirdparty.io.netty.channel.AbstractChannel$AnnotatedConnectException: Connection refused: /192.168.164.239:42501
	at sun.nio.ch.SocketChannelImpl.checkConnect(Native Method)
	at sun.nio.ch.SocketChannelImpl.finishConnect(SocketChannelImpl.java:717)
	at org.apache.ratis.thirdparty.io.netty.channel.socket.nio.NioSocketChannel.doFinishConnect(NioSocketChannel.java:327)
	at org.apache.ratis.thirdparty.io.netty.channel.nio.AbstractNioChannel$AbstractNioUnsafe.finishConnect(AbstractNioChannel.java:340)
	at org.apache.ratis.thirdparty.io.netty.channel.nio.NioEventLoop.processSelectedKey(NioEventLoop.java:632)
	at org.apache.ratis.thirdparty.io.netty.channel.nio.NioEventLoop.processSelectedKeysOptimized(NioEventLoop.java:579)
	at org.apache.ratis.thirdparty.io.netty.channel.nio.NioEventLoop.processSelectedKeys(NioEventLoop.java:496)
	at org.apache.ratis.thirdparty.io.netty.channel.nio.NioEventLoop.run(NioEventLoop.java:458)
	at org.apache.ratis.thirdparty.io.netty.util.concurrent.SingleThreadEventExecutor$5.run(SingleThreadEventExecutor.java:897)
	at org.apache.ratis.thirdparty.io.netty.util.concurrent.FastThreadLocalRunnable.run(FastThreadLocalRunnable.java:30)
	... 1 more
Caused by: java.net.ConnectException: Connection refused
	... 11 more
2019-10-15 16:29:57,512 [24ee8ff7-dd07-49e6-bbcb-bb50ff0e8e36@group-F2FE1ED60945-LeaderElection182] INFO  impl.LeaderElection (LogUtils.java:infoOrTrace(149)) - 24ee8ff7-dd07-49e6-bbcb-bb50ff0e8e36@group-F2FE1ED60945-LeaderElection182 got exception when requesting votes: {}
java.util.concurrent.ExecutionException: org.apache.ratis.thirdparty.io.grpc.StatusRuntimeException: UNAVAILABLE: io exception
	at java.util.concurrent.FutureTask.report(FutureTask.java:122)
	at java.util.concurrent.FutureTask.get(FutureTask.java:192)
	at org.apache.ratis.server.impl.LeaderElection.waitForResults(LeaderElection.java:259)
	at org.apache.ratis.server.impl.LeaderElection.askForVotes(LeaderElection.java:197)
	at org.apache.ratis.server.impl.LeaderElection.run(LeaderElection.java:133)
	at java.lang.Thread.run(Thread.java:748)
Caused by: org.apache.ratis.thirdparty.io.grpc.StatusRuntimeException: UNAVAILABLE: io exception
	at org.apache.ratis.thirdparty.io.grpc.stub.ClientCalls.toStatusRuntimeException(ClientCalls.java:233)
	at org.apache.ratis.thirdparty.io.grpc.stub.ClientCalls.getUnchecked(ClientCalls.java:214)
	at org.apache.ratis.thirdparty.io.grpc.stub.ClientCalls.blockingUnaryCall(ClientCalls.java:139)
	at org.apache.ratis.proto.grpc.RaftServerProtocolServiceGrpc$RaftServerProtocolServiceBlockingStub.requestVote(RaftServerProtocolServiceGrpc.java:265)
	at org.apache.ratis.grpc.server.GrpcServerProtocolClient.requestVote(GrpcServerProtocolClient.java:99)
	at org.apache.ratis.grpc.server.GrpcService.requestVote(GrpcService.java:204)
	at org.apache.ratis.server.impl.LeaderElection.lambda$submitRequests$1(LeaderElection.java:234)
	at java.util.concurrent.FutureTask.run(FutureTask.java:266)
	at java.util.concurrent.Executors$RunnableAdapter.call(Executors.java:511)
	at java.util.concurrent.FutureTask.run(FutureTask.java:266)
	at java.util.concurrent.ThreadPoolExecutor.runWorker(ThreadPoolExecutor.java:1149)
	at java.util.concurrent.ThreadPoolExecutor$Worker.run(ThreadPoolExecutor.java:624)
	... 1 more
Caused by: org.apache.ratis.thirdparty.io.netty.channel.AbstractChannel$AnnotatedConnectException: Connection refused: /192.168.164.239:35771
	at sun.nio.ch.SocketChannelImpl.checkConnect(Native Method)
	at sun.nio.ch.SocketChannelImpl.finishConnect(SocketChannelImpl.java:717)
	at org.apache.ratis.thirdparty.io.netty.channel.socket.nio.NioSocketChannel.doFinishConnect(NioSocketChannel.java:327)
	at org.apache.ratis.thirdparty.io.netty.channel.nio.AbstractNioChannel$AbstractNioUnsafe.finishConnect(AbstractNioChannel.java:340)
	at org.apache.ratis.thirdparty.io.netty.channel.nio.NioEventLoop.processSelectedKey(NioEventLoop.java:632)
	at org.apache.ratis.thirdparty.io.netty.channel.nio.NioEventLoop.processSelectedKeysOptimized(NioEventLoop.java:579)
	at org.apache.ratis.thirdparty.io.netty.channel.nio.NioEventLoop.processSelectedKeys(NioEventLoop.java:496)
	at org.apache.ratis.thirdparty.io.netty.channel.nio.NioEventLoop.run(NioEventLoop.java:458)
	at org.apache.ratis.thirdparty.io.netty.util.concurrent.SingleThreadEventExecutor$5.run(SingleThreadEventExecutor.java:897)
	at org.apache.ratis.thirdparty.io.netty.util.concurrent.FastThreadLocalRunnable.run(FastThreadLocalRunnable.java:30)
	... 1 more
Caused by: java.net.ConnectException: Connection refused
	... 11 more
2019-10-15 16:29:57,514 [24ee8ff7-dd07-49e6-bbcb-bb50ff0e8e36@group-F2FE1ED60945-LeaderElection182] INFO  impl.LeaderElection (LeaderElection.java:logAndReturn(56)) - 24ee8ff7-dd07-49e6-bbcb-bb50ff0e8e36@group-F2FE1ED60945-LeaderElection182: Election REJECTED; received 0 response(s) [] and 2 exception(s); 24ee8ff7-dd07-49e6-bbcb-bb50ff0e8e36@group-F2FE1ED60945:t7, leader=null, voted=24ee8ff7-dd07-49e6-bbcb-bb50ff0e8e36, raftlog=24ee8ff7-dd07-49e6-bbcb-bb50ff0e8e36@group-F2FE1ED60945-SegmentedRaftLog:OPENED:c0,f0,i0, conf=0: [c48d8dfa-9e66-4eac-9ff2-02281a99dfa9:192.168.164.239:41652, cccd55fe-f481-4e2b-93ed-b6a86d13c378:192.168.164.239:35771, 24ee8ff7-dd07-49e6-bbcb-bb50ff0e8e36:192.168.164.239:45096], old=null
2019-10-15 16:29:57,514 [24ee8ff7-dd07-49e6-bbcb-bb50ff0e8e36@group-F2FE1ED60945-LeaderElection182] INFO  impl.LeaderElection (LogUtils.java:infoOrTrace(149)) -   Exception 0: {}
java.util.concurrent.ExecutionException: org.apache.ratis.thirdparty.io.grpc.StatusRuntimeException: UNAVAILABLE: io exception
	at java.util.concurrent.FutureTask.report(FutureTask.java:122)
	at java.util.concurrent.FutureTask.get(FutureTask.java:192)
	at org.apache.ratis.server.impl.LeaderElection.waitForResults(LeaderElection.java:259)
	at org.apache.ratis.server.impl.LeaderElection.askForVotes(LeaderElection.java:197)
	at org.apache.ratis.server.impl.LeaderElection.run(LeaderElection.java:133)
	at java.lang.Thread.run(Thread.java:748)
Caused by: org.apache.ratis.thirdparty.io.grpc.StatusRuntimeException: UNAVAILABLE: io exception
	at org.apache.ratis.thirdparty.io.grpc.stub.ClientCalls.toStatusRuntimeException(ClientCalls.java:233)
	at org.apache.ratis.thirdparty.io.grpc.stub.ClientCalls.getUnchecked(ClientCalls.java:214)
	at org.apache.ratis.thirdparty.io.grpc.stub.ClientCalls.blockingUnaryCall(ClientCalls.java:139)
	at org.apache.ratis.proto.grpc.RaftServerProtocolServiceGrpc$RaftServerProtocolServiceBlockingStub.requestVote(RaftServerProtocolServiceGrpc.java:265)
	at org.apache.ratis.grpc.server.GrpcServerProtocolClient.requestVote(GrpcServerProtocolClient.java:99)
	at org.apache.ratis.grpc.server.GrpcService.requestVote(GrpcService.java:204)
	at org.apache.ratis.server.impl.LeaderElection.lambda$submitRequests$1(LeaderElection.java:234)
	at java.util.concurrent.FutureTask.run(FutureTask.java:266)
	at java.util.concurrent.Executors$RunnableAdapter.call(Executors.java:511)
	at java.util.concurrent.FutureTask.run(FutureTask.java:266)
	at java.util.concurrent.ThreadPoolExecutor.runWorker(ThreadPoolExecutor.java:1149)
	at java.util.concurrent.ThreadPoolExecutor$Worker.run(ThreadPoolExecutor.java:624)
	... 1 more
Caused by: org.apache.ratis.thirdparty.io.netty.channel.AbstractChannel$AnnotatedConnectException: Connection refused: /192.168.164.239:41652
	at sun.nio.ch.SocketChannelImpl.checkConnect(Native Method)
	at sun.nio.ch.SocketChannelImpl.finishConnect(SocketChannelImpl.java:717)
	at org.apache.ratis.thirdparty.io.netty.channel.socket.nio.NioSocketChannel.doFinishConnect(NioSocketChannel.java:327)
	at org.apache.ratis.thirdparty.io.netty.channel.nio.AbstractNioChannel$AbstractNioUnsafe.finishConnect(AbstractNioChannel.java:340)
	at org.apache.ratis.thirdparty.io.netty.channel.nio.NioEventLoop.processSelectedKey(NioEventLoop.java:632)
	at org.apache.ratis.thirdparty.io.netty.channel.nio.NioEventLoop.processSelectedKeysOptimized(NioEventLoop.java:579)
	at org.apache.ratis.thirdparty.io.netty.channel.nio.NioEventLoop.processSelectedKeys(NioEventLoop.java:496)
	at org.apache.ratis.thirdparty.io.netty.channel.nio.NioEventLoop.run(NioEventLoop.java:458)
	at org.apache.ratis.thirdparty.io.netty.util.concurrent.SingleThreadEventExecutor$5.run(SingleThreadEventExecutor.java:897)
	at org.apache.ratis.thirdparty.io.netty.util.concurrent.FastThreadLocalRunnable.run(FastThreadLocalRunnable.java:30)
	... 1 more
Caused by: java.net.ConnectException: Connection refused
	... 11 more
2019-10-15 16:29:57,514 [24ee8ff7-dd07-49e6-bbcb-bb50ff0e8e36@group-F2FE1ED60945-LeaderElection182] INFO  impl.LeaderElection (LogUtils.java:infoOrTrace(149)) -   Exception 1: {}
java.util.concurrent.ExecutionException: org.apache.ratis.thirdparty.io.grpc.StatusRuntimeException: UNAVAILABLE: io exception
	at java.util.concurrent.FutureTask.report(FutureTask.java:122)
	at java.util.concurrent.FutureTask.get(FutureTask.java:192)
	at org.apache.ratis.server.impl.LeaderElection.waitForResults(LeaderElection.java:259)
	at org.apache.ratis.server.impl.LeaderElection.askForVotes(LeaderElection.java:197)
	at org.apache.ratis.server.impl.LeaderElection.run(LeaderElection.java:133)
	at java.lang.Thread.run(Thread.java:748)
Caused by: org.apache.ratis.thirdparty.io.grpc.StatusRuntimeException: UNAVAILABLE: io exception
	at org.apache.ratis.thirdparty.io.grpc.stub.ClientCalls.toStatusRuntimeException(ClientCalls.java:233)
	at org.apache.ratis.thirdparty.io.grpc.stub.ClientCalls.getUnchecked(ClientCalls.java:214)
	at org.apache.ratis.thirdparty.io.grpc.stub.ClientCalls.blockingUnaryCall(ClientCalls.java:139)
	at org.apache.ratis.proto.grpc.RaftServerProtocolServiceGrpc$RaftServerProtocolServiceBlockingStub.requestVote(RaftServerProtocolServiceGrpc.java:265)
	at org.apache.ratis.grpc.server.GrpcServerProtocolClient.requestVote(GrpcServerProtocolClient.java:99)
	at org.apache.ratis.grpc.server.GrpcService.requestVote(GrpcService.java:204)
	at org.apache.ratis.server.impl.LeaderElection.lambda$submitRequests$1(LeaderElection.java:234)
	at java.util.concurrent.FutureTask.run(FutureTask.java:266)
	at java.util.concurrent.Executors$RunnableAdapter.call(Executors.java:511)
	at java.util.concurrent.FutureTask.run(FutureTask.java:266)
	at java.util.concurrent.ThreadPoolExecutor.runWorker(ThreadPoolExecutor.java:1149)
	at java.util.concurrent.ThreadPoolExecutor$Worker.run(ThreadPoolExecutor.java:624)
	... 1 more
Caused by: org.apache.ratis.thirdparty.io.netty.channel.AbstractChannel$AnnotatedConnectException: Connection refused: /192.168.164.239:35771
	at sun.nio.ch.SocketChannelImpl.checkConnect(Native Method)
	at sun.nio.ch.SocketChannelImpl.finishConnect(SocketChannelImpl.java:717)
	at org.apache.ratis.thirdparty.io.netty.channel.socket.nio.NioSocketChannel.doFinishConnect(NioSocketChannel.java:327)
	at org.apache.ratis.thirdparty.io.netty.channel.nio.AbstractNioChannel$AbstractNioUnsafe.finishConnect(AbstractNioChannel.java:340)
	at org.apache.ratis.thirdparty.io.netty.channel.nio.NioEventLoop.processSelectedKey(NioEventLoop.java:632)
	at org.apache.ratis.thirdparty.io.netty.channel.nio.NioEventLoop.processSelectedKeysOptimized(NioEventLoop.java:579)
	at org.apache.ratis.thirdparty.io.netty.channel.nio.NioEventLoop.processSelectedKeys(NioEventLoop.java:496)
	at org.apache.ratis.thirdparty.io.netty.channel.nio.NioEventLoop.run(NioEventLoop.java:458)
	at org.apache.ratis.thirdparty.io.netty.util.concurrent.SingleThreadEventExecutor$5.run(SingleThreadEventExecutor.java:897)
	at org.apache.ratis.thirdparty.io.netty.util.concurrent.FastThreadLocalRunnable.run(FastThreadLocalRunnable.java:30)
	... 1 more
Caused by: java.net.ConnectException: Connection refused
	... 11 more
2019-10-15 16:29:57,514 [grpc-default-executor-10] INFO  impl.RaftServerImpl (RaftServerImpl.java:setRole(184)) - 14091fe6-d183-4b46-be93-2ba964a39c73@group-C25BD028928E: changes role from  FOLLOWER to FOLLOWER at term 170 for recognizeCandidate:f5624850-682f-4ec5-bb5c-f79627fc299e
2019-10-15 16:29:57,514 [24ee8ff7-dd07-49e6-bbcb-bb50ff0e8e36@group-F2FE1ED60945-LeaderElection182] INFO  impl.RaftServerImpl (RaftServerImpl.java:setRole(184)) - 24ee8ff7-dd07-49e6-bbcb-bb50ff0e8e36@group-F2FE1ED60945: changes role from CANDIDATE to FOLLOWER at term 7 for DISCOVERED_A_NEW_TERM
2019-10-15 16:29:57,514 [grpc-default-executor-10] INFO  impl.RoleInfo (RoleInfo.java:shutdownFollowerState(121)) - 14091fe6-d183-4b46-be93-2ba964a39c73: shutdown FollowerState
2019-10-15 16:29:57,514 [24ee8ff7-dd07-49e6-bbcb-bb50ff0e8e36@group-F2FE1ED60945-LeaderElection182] INFO  impl.RoleInfo (RoleInfo.java:shutdownLeaderElection(134)) - 24ee8ff7-dd07-49e6-bbcb-bb50ff0e8e36: shutdown LeaderElection
2019-10-15 16:29:57,515 [Thread-1647] INFO  impl.FollowerState (FollowerState.java:run(117)) - 14091fe6-d183-4b46-be93-2ba964a39c73@group-C25BD028928E-FollowerState was interrupted: java.lang.InterruptedException: sleep interrupted
2019-10-15 16:29:57,514 [grpc-default-executor-10] INFO  impl.RoleInfo (RoleInfo.java:updateAndGet(143)) - 14091fe6-d183-4b46-be93-2ba964a39c73: start FollowerState
2019-10-15 16:29:57,515 [24ee8ff7-dd07-49e6-bbcb-bb50ff0e8e36@group-F2FE1ED60945-LeaderElection182] INFO  impl.RoleInfo (RoleInfo.java:updateAndGet(143)) - 24ee8ff7-dd07-49e6-bbcb-bb50ff0e8e36: start FollowerState
2019-10-15 16:29:57,529 [f5624850-682f-4ec5-bb5c-f79627fc299e@group-C25BD028928E-LeaderElection181] INFO  impl.LeaderElection (LeaderElection.java:logAndReturn(56)) - f5624850-682f-4ec5-bb5c-f79627fc299e@group-C25BD028928E-LeaderElection181: Election REJECTED; received 1 response(s) [f5624850-682f-4ec5-bb5c-f79627fc299e<-14091fe6-d183-4b46-be93-2ba964a39c73#0:FAIL-t170] and 1 exception(s); f5624850-682f-4ec5-bb5c-f79627fc299e@group-C25BD028928E:t170, leader=null, voted=f5624850-682f-4ec5-bb5c-f79627fc299e, raftlog=f5624850-682f-4ec5-bb5c-f79627fc299e@group-C25BD028928E-SegmentedRaftLog:OPENED:c-1,f-1,i0, conf=-1: [f581660d-af3d-4f5f-b57d-f4cb54f048b9:192.168.164.239:42501, f5624850-682f-4ec5-bb5c-f79627fc299e:192.168.164.239:39499, 14091fe6-d183-4b46-be93-2ba964a39c73:192.168.164.239:34827], old=null
2019-10-15 16:29:57,529 [f5624850-682f-4ec5-bb5c-f79627fc299e@group-C25BD028928E-LeaderElection181] INFO  impl.LeaderElection (LogUtils.java:infoOrTrace(149)) -   Exception 0: {}
java.util.concurrent.ExecutionException: org.apache.ratis.thirdparty.io.grpc.StatusRuntimeException: UNAVAILABLE: io exception
	at java.util.concurrent.FutureTask.report(FutureTask.java:122)
	at java.util.concurrent.FutureTask.get(FutureTask.java:192)
	at org.apache.ratis.server.impl.LeaderElection.waitForResults(LeaderElection.java:259)
	at org.apache.ratis.server.impl.LeaderElection.askForVotes(LeaderElection.java:197)
	at org.apache.ratis.server.impl.LeaderElection.run(LeaderElection.java:133)
	at java.lang.Thread.run(Thread.java:748)
Caused by: org.apache.ratis.thirdparty.io.grpc.StatusRuntimeException: UNAVAILABLE: io exception
	at org.apache.ratis.thirdparty.io.grpc.stub.ClientCalls.toStatusRuntimeException(ClientCalls.java:233)
	at org.apache.ratis.thirdparty.io.grpc.stub.ClientCalls.getUnchecked(ClientCalls.java:214)
	at org.apache.ratis.thirdparty.io.grpc.stub.ClientCalls.blockingUnaryCall(ClientCalls.java:139)
	at org.apache.ratis.proto.grpc.RaftServerProtocolServiceGrpc$RaftServerProtocolServiceBlockingStub.requestVote(RaftServerProtocolServiceGrpc.java:265)
	at org.apache.ratis.grpc.server.GrpcServerProtocolClient.requestVote(GrpcServerProtocolClient.java:99)
	at org.apache.ratis.grpc.server.GrpcService.requestVote(GrpcService.java:204)
	at org.apache.ratis.server.impl.LeaderElection.lambda$submitRequests$1(LeaderElection.java:234)
	at java.util.concurrent.FutureTask.run(FutureTask.java:266)
	at java.util.concurrent.Executors$RunnableAdapter.call(Executors.java:511)
	at java.util.concurrent.FutureTask.run(FutureTask.java:266)
	at java.util.concurrent.ThreadPoolExecutor.runWorker(ThreadPoolExecutor.java:1149)
	at java.util.concurrent.ThreadPoolExecutor$Worker.run(ThreadPoolExecutor.java:624)
	... 1 more
Caused by: org.apache.ratis.thirdparty.io.netty.channel.AbstractChannel$AnnotatedConnectException: Connection refused: /192.168.164.239:42501
	at sun.nio.ch.SocketChannelImpl.checkConnect(Native Method)
	at sun.nio.ch.SocketChannelImpl.finishConnect(SocketChannelImpl.java:717)
	at org.apache.ratis.thirdparty.io.netty.channel.socket.nio.NioSocketChannel.doFinishConnect(NioSocketChannel.java:327)
	at org.apache.ratis.thirdparty.io.netty.channel.nio.AbstractNioChannel$AbstractNioUnsafe.finishConnect(AbstractNioChannel.java:340)
	at org.apache.ratis.thirdparty.io.netty.channel.nio.NioEventLoop.processSelectedKey(NioEventLoop.java:632)
	at org.apache.ratis.thirdparty.io.netty.channel.nio.NioEventLoop.processSelectedKeysOptimized(NioEventLoop.java:579)
	at org.apache.ratis.thirdparty.io.netty.channel.nio.NioEventLoop.processSelectedKeys(NioEventLoop.java:496)
	at org.apache.ratis.thirdparty.io.netty.channel.nio.NioEventLoop.run(NioEventLoop.java:458)
	at org.apache.ratis.thirdparty.io.netty.util.concurrent.SingleThreadEventExecutor$5.run(SingleThreadEventExecutor.java:897)
	at org.apache.ratis.thirdparty.io.netty.util.concurrent.FastThreadLocalRunnable.run(FastThreadLocalRunnable.java:30)
	... 1 more
Caused by: java.net.ConnectException: Connection refused
	... 11 more
2019-10-15 16:29:57,530 [f5624850-682f-4ec5-bb5c-f79627fc299e@group-C25BD028928E-LeaderElection181] INFO  impl.RaftServerImpl (RaftServerImpl.java:setRole(184)) - f5624850-682f-4ec5-bb5c-f79627fc299e@group-C25BD028928E: changes role from CANDIDATE to FOLLOWER at term 170 for DISCOVERED_A_NEW_TERM
2019-10-15 16:29:57,530 [f5624850-682f-4ec5-bb5c-f79627fc299e@group-C25BD028928E-LeaderElection181] INFO  impl.RoleInfo (RoleInfo.java:shutdownLeaderElection(134)) - f5624850-682f-4ec5-bb5c-f79627fc299e: shutdown LeaderElection
2019-10-15 16:29:57,530 [f5624850-682f-4ec5-bb5c-f79627fc299e@group-C25BD028928E-LeaderElection181] INFO  impl.RoleInfo (RoleInfo.java:updateAndGet(143)) - f5624850-682f-4ec5-bb5c-f79627fc299e: start FollowerState
2019-10-15 16:29:57,578 [java.util.concurrent.ThreadPoolExecutor$Worker@56768177[State = -1, empty queue]] WARN  server.GrpcLogAppender (GrpcLogAppender.java:timeoutAppendRequest(209)) - c48d8dfa-9e66-4eac-9ff2-02281a99dfa9@group-F2FE1ED60945->cccd55fe-f481-4e2b-93ed-b6a86d13c378-GrpcLogAppender: appendEntries Timeout, request=c48d8dfa-9e66-4eac-9ff2-02281a99dfa9->cccd55fe-f481-4e2b-93ed-b6a86d13c378#41-t5, previous=(t:5, i:0), leaderCommit=0, initializing? false, entries: <empty>
2019-10-15 16:29:57,588 [Thread-1657] INFO  impl.FollowerState (FollowerState.java:run(108)) - f5624850-682f-4ec5-bb5c-f79627fc299e@group-C25BD028928E-FollowerState: change to CANDIDATE, lastRpcTime:57ms, electionTimeout:57ms
2019-10-15 16:29:57,588 [Thread-1657] INFO  impl.RoleInfo (RoleInfo.java:shutdownFollowerState(121)) - f5624850-682f-4ec5-bb5c-f79627fc299e: shutdown FollowerState
2019-10-15 16:29:57,588 [Thread-1657] INFO  impl.RaftServerImpl (RaftServerImpl.java:setRole(184)) - f5624850-682f-4ec5-bb5c-f79627fc299e@group-C25BD028928E: changes role from  FOLLOWER to CANDIDATE at term 170 for changeToCandidate
2019-10-15 16:29:57,588 [Thread-1657] INFO  impl.RoleInfo (RoleInfo.java:updateAndGet(143)) - f5624850-682f-4ec5-bb5c-f79627fc299e: start LeaderElection
2019-10-15 16:29:57,604 [f5624850-682f-4ec5-bb5c-f79627fc299e@group-C25BD028928E-LeaderElection183] INFO  impl.LeaderElection (LeaderElection.java:askForVotes(178)) - f5624850-682f-4ec5-bb5c-f79627fc299e@group-C25BD028928E-LeaderElection183: begin an election at term 171 for -1: [f581660d-af3d-4f5f-b57d-f4cb54f048b9:192.168.164.239:42501, f5624850-682f-4ec5-bb5c-f79627fc299e:192.168.164.239:39499, 14091fe6-d183-4b46-be93-2ba964a39c73:192.168.164.239:34827], old=null
2019-10-15 16:29:57,605 [f5624850-682f-4ec5-bb5c-f79627fc299e@group-C25BD028928E-LeaderElection183] INFO  impl.LeaderElection (LogUtils.java:infoOrTrace(149)) - f5624850-682f-4ec5-bb5c-f79627fc299e@group-C25BD028928E-LeaderElection183 got exception when requesting votes: {}
java.util.concurrent.ExecutionException: org.apache.ratis.thirdparty.io.grpc.StatusRuntimeException: UNAVAILABLE: io exception
	at java.util.concurrent.FutureTask.report(FutureTask.java:122)
	at java.util.concurrent.FutureTask.get(FutureTask.java:192)
	at org.apache.ratis.server.impl.LeaderElection.waitForResults(LeaderElection.java:259)
	at org.apache.ratis.server.impl.LeaderElection.askForVotes(LeaderElection.java:197)
	at org.apache.ratis.server.impl.LeaderElection.run(LeaderElection.java:133)
	at java.lang.Thread.run(Thread.java:748)
Caused by: org.apache.ratis.thirdparty.io.grpc.StatusRuntimeException: UNAVAILABLE: io exception
	at org.apache.ratis.thirdparty.io.grpc.stub.ClientCalls.toStatusRuntimeException(ClientCalls.java:233)
	at org.apache.ratis.thirdparty.io.grpc.stub.ClientCalls.getUnchecked(ClientCalls.java:214)
	at org.apache.ratis.thirdparty.io.grpc.stub.ClientCalls.blockingUnaryCall(ClientCalls.java:139)
	at org.apache.ratis.proto.grpc.RaftServerProtocolServiceGrpc$RaftServerProtocolServiceBlockingStub.requestVote(RaftServerProtocolServiceGrpc.java:265)
	at org.apache.ratis.grpc.server.GrpcServerProtocolClient.requestVote(GrpcServerProtocolClient.java:99)
	at org.apache.ratis.grpc.server.GrpcService.requestVote(GrpcService.java:204)
	at org.apache.ratis.server.impl.LeaderElection.lambda$submitRequests$1(LeaderElection.java:234)
	at java.util.concurrent.FutureTask.run(FutureTask.java:266)
	at java.util.concurrent.Executors$RunnableAdapter.call(Executors.java:511)
	at java.util.concurrent.FutureTask.run(FutureTask.java:266)
	at java.util.concurrent.ThreadPoolExecutor.runWorker(ThreadPoolExecutor.java:1149)
	at java.util.concurrent.ThreadPoolExecutor$Worker.run(ThreadPoolExecutor.java:624)
	... 1 more
Caused by: org.apache.ratis.thirdparty.io.netty.channel.AbstractChannel$AnnotatedConnectException: Connection refused: /192.168.164.239:42501
	at sun.nio.ch.SocketChannelImpl.checkConnect(Native Method)
	at sun.nio.ch.SocketChannelImpl.finishConnect(SocketChannelImpl.java:717)
	at org.apache.ratis.thirdparty.io.netty.channel.socket.nio.NioSocketChannel.doFinishConnect(NioSocketChannel.java:327)
	at org.apache.ratis.thirdparty.io.netty.channel.nio.AbstractNioChannel$AbstractNioUnsafe.finishConnect(AbstractNioChannel.java:340)
	at org.apache.ratis.thirdparty.io.netty.channel.nio.NioEventLoop.processSelectedKey(NioEventLoop.java:632)
	at org.apache.ratis.thirdparty.io.netty.channel.nio.NioEventLoop.processSelectedKeysOptimized(NioEventLoop.java:579)
	at org.apache.ratis.thirdparty.io.netty.channel.nio.NioEventLoop.processSelectedKeys(NioEventLoop.java:496)
	at org.apache.ratis.thirdparty.io.netty.channel.nio.NioEventLoop.run(NioEventLoop.java:458)
	at org.apache.ratis.thirdparty.io.netty.util.concurrent.SingleThreadEventExecutor$5.run(SingleThreadEventExecutor.java:897)
	at org.apache.ratis.thirdparty.io.netty.util.concurrent.FastThreadLocalRunnable.run(FastThreadLocalRunnable.java:30)
	... 1 more
Caused by: java.net.ConnectException: Connection refused
	... 11 more
2019-10-15 16:29:57,606 [grpc-default-executor-10] INFO  impl.RaftServerImpl (RaftServerImpl.java:setRole(184)) - 14091fe6-d183-4b46-be93-2ba964a39c73@group-C25BD028928E: changes role from  FOLLOWER to FOLLOWER at term 171 for recognizeCandidate:f5624850-682f-4ec5-bb5c-f79627fc299e
2019-10-15 16:29:57,607 [grpc-default-executor-10] INFO  impl.RoleInfo (RoleInfo.java:shutdownFollowerState(121)) - 14091fe6-d183-4b46-be93-2ba964a39c73: shutdown FollowerState
2019-10-15 16:29:57,607 [grpc-default-executor-10] INFO  impl.RoleInfo (RoleInfo.java:updateAndGet(143)) - 14091fe6-d183-4b46-be93-2ba964a39c73: start FollowerState
2019-10-15 16:29:57,607 [Thread-1655] INFO  impl.FollowerState (FollowerState.java:run(117)) - 14091fe6-d183-4b46-be93-2ba964a39c73@group-C25BD028928E-FollowerState was interrupted: java.lang.InterruptedException: sleep interrupted
2019-10-15 16:29:57,630 [f5624850-682f-4ec5-bb5c-f79627fc299e@group-C25BD028928E-LeaderElection183] INFO  impl.LeaderElection (LeaderElection.java:logAndReturn(56)) - f5624850-682f-4ec5-bb5c-f79627fc299e@group-C25BD028928E-LeaderElection183: Election REJECTED; received 1 response(s) [f5624850-682f-4ec5-bb5c-f79627fc299e<-14091fe6-d183-4b46-be93-2ba964a39c73#0:FAIL-t171] and 1 exception(s); f5624850-682f-4ec5-bb5c-f79627fc299e@group-C25BD028928E:t171, leader=null, voted=f5624850-682f-4ec5-bb5c-f79627fc299e, raftlog=f5624850-682f-4ec5-bb5c-f79627fc299e@group-C25BD028928E-SegmentedRaftLog:OPENED:c-1,f-1,i0, conf=-1: [f581660d-af3d-4f5f-b57d-f4cb54f048b9:192.168.164.239:42501, f5624850-682f-4ec5-bb5c-f79627fc299e:192.168.164.239:39499, 14091fe6-d183-4b46-be93-2ba964a39c73:192.168.164.239:34827], old=null
2019-10-15 16:29:57,631 [f5624850-682f-4ec5-bb5c-f79627fc299e@group-C25BD028928E-LeaderElection183] INFO  impl.LeaderElection (LogUtils.java:infoOrTrace(149)) -   Exception 0: {}
java.util.concurrent.ExecutionException: org.apache.ratis.thirdparty.io.grpc.StatusRuntimeException: UNAVAILABLE: io exception
	at java.util.concurrent.FutureTask.report(FutureTask.java:122)
	at java.util.concurrent.FutureTask.get(FutureTask.java:192)
	at org.apache.ratis.server.impl.LeaderElection.waitForResults(LeaderElection.java:259)
	at org.apache.ratis.server.impl.LeaderElection.askForVotes(LeaderElection.java:197)
	at org.apache.ratis.server.impl.LeaderElection.run(LeaderElection.java:133)
	at java.lang.Thread.run(Thread.java:748)
Caused by: org.apache.ratis.thirdparty.io.grpc.StatusRuntimeException: UNAVAILABLE: io exception
	at org.apache.ratis.thirdparty.io.grpc.stub.ClientCalls.toStatusRuntimeException(ClientCalls.java:233)
	at org.apache.ratis.thirdparty.io.grpc.stub.ClientCalls.getUnchecked(ClientCalls.java:214)
	at org.apache.ratis.thirdparty.io.grpc.stub.ClientCalls.blockingUnaryCall(ClientCalls.java:139)
	at org.apache.ratis.proto.grpc.RaftServerProtocolServiceGrpc$RaftServerProtocolServiceBlockingStub.requestVote(RaftServerProtocolServiceGrpc.java:265)
	at org.apache.ratis.grpc.server.GrpcServerProtocolClient.requestVote(GrpcServerProtocolClient.java:99)
	at org.apache.ratis.grpc.server.GrpcService.requestVote(GrpcService.java:204)
	at org.apache.ratis.server.impl.LeaderElection.lambda$submitRequests$1(LeaderElection.java:234)
	at java.util.concurrent.FutureTask.run(FutureTask.java:266)
	at java.util.concurrent.Executors$RunnableAdapter.call(Executors.java:511)
	at java.util.concurrent.FutureTask.run(FutureTask.java:266)
	at java.util.concurrent.ThreadPoolExecutor.runWorker(ThreadPoolExecutor.java:1149)
	at java.util.concurrent.ThreadPoolExecutor$Worker.run(ThreadPoolExecutor.java:624)
	... 1 more
Caused by: org.apache.ratis.thirdparty.io.netty.channel.AbstractChannel$AnnotatedConnectException: Connection refused: /192.168.164.239:42501
	at sun.nio.ch.SocketChannelImpl.checkConnect(Native Method)
	at sun.nio.ch.SocketChannelImpl.finishConnect(SocketChannelImpl.java:717)
	at org.apache.ratis.thirdparty.io.netty.channel.socket.nio.NioSocketChannel.doFinishConnect(NioSocketChannel.java:327)
	at org.apache.ratis.thirdparty.io.netty.channel.nio.AbstractNioChannel$AbstractNioUnsafe.finishConnect(AbstractNioChannel.java:340)
	at org.apache.ratis.thirdparty.io.netty.channel.nio.NioEventLoop.processSelectedKey(NioEventLoop.java:632)
	at org.apache.ratis.thirdparty.io.netty.channel.nio.NioEventLoop.processSelectedKeysOptimized(NioEventLoop.java:579)
	at org.apache.ratis.thirdparty.io.netty.channel.nio.NioEventLoop.processSelectedKeys(NioEventLoop.java:496)
	at org.apache.ratis.thirdparty.io.netty.channel.nio.NioEventLoop.run(NioEventLoop.java:458)
	at org.apache.ratis.thirdparty.io.netty.util.concurrent.SingleThreadEventExecutor$5.run(SingleThreadEventExecutor.java:897)
	at org.apache.ratis.thirdparty.io.netty.util.concurrent.FastThreadLocalRunnable.run(FastThreadLocalRunnable.java:30)
	... 1 more
Caused by: java.net.ConnectException: Connection refused
	... 11 more
2019-10-15 16:29:57,631 [f5624850-682f-4ec5-bb5c-f79627fc299e@group-C25BD028928E-LeaderElection183] INFO  impl.RaftServerImpl (RaftServerImpl.java:setRole(184)) - f5624850-682f-4ec5-bb5c-f79627fc299e@group-C25BD028928E: changes role from CANDIDATE to FOLLOWER at term 171 for DISCOVERED_A_NEW_TERM
2019-10-15 16:29:57,631 [f5624850-682f-4ec5-bb5c-f79627fc299e@group-C25BD028928E-LeaderElection183] INFO  impl.RoleInfo (RoleInfo.java:shutdownLeaderElection(134)) - f5624850-682f-4ec5-bb5c-f79627fc299e: shutdown LeaderElection
2019-10-15 16:29:57,631 [f5624850-682f-4ec5-bb5c-f79627fc299e@group-C25BD028928E-LeaderElection183] INFO  impl.RoleInfo (RoleInfo.java:updateAndGet(143)) - f5624850-682f-4ec5-bb5c-f79627fc299e: start FollowerState
2019-10-15 16:29:57,678 [Thread-1662] INFO  impl.FollowerState (FollowerState.java:run(108)) - f5624850-682f-4ec5-bb5c-f79627fc299e@group-C25BD028928E-FollowerState: change to CANDIDATE, lastRpcTime:47ms, electionTimeout:47ms
2019-10-15 16:29:57,678 [Thread-1662] INFO  impl.RoleInfo (RoleInfo.java:shutdownFollowerState(121)) - f5624850-682f-4ec5-bb5c-f79627fc299e: shutdown FollowerState
2019-10-15 16:29:57,678 [Thread-1662] INFO  impl.RaftServerImpl (RaftServerImpl.java:setRole(184)) - f5624850-682f-4ec5-bb5c-f79627fc299e@group-C25BD028928E: changes role from  FOLLOWER to CANDIDATE at term 171 for changeToCandidate
2019-10-15 16:29:57,679 [Thread-1662] INFO  impl.RoleInfo (RoleInfo.java:updateAndGet(143)) - f5624850-682f-4ec5-bb5c-f79627fc299e: start LeaderElection
2019-10-15 16:29:57,706 [f5624850-682f-4ec5-bb5c-f79627fc299e@group-C25BD028928E-LeaderElection184] INFO  impl.LeaderElection (LeaderElection.java:askForVotes(178)) - f5624850-682f-4ec5-bb5c-f79627fc299e@group-C25BD028928E-LeaderElection184: begin an election at term 172 for -1: [f581660d-af3d-4f5f-b57d-f4cb54f048b9:192.168.164.239:42501, f5624850-682f-4ec5-bb5c-f79627fc299e:192.168.164.239:39499, 14091fe6-d183-4b46-be93-2ba964a39c73:192.168.164.239:34827], old=null
2019-10-15 16:29:57,707 [f5624850-682f-4ec5-bb5c-f79627fc299e@group-C25BD028928E-LeaderElection184] INFO  impl.LeaderElection (LogUtils.java:infoOrTrace(149)) - f5624850-682f-4ec5-bb5c-f79627fc299e@group-C25BD028928E-LeaderElection184 got exception when requesting votes: {}
java.util.concurrent.ExecutionException: org.apache.ratis.thirdparty.io.grpc.StatusRuntimeException: UNAVAILABLE: io exception
	at java.util.concurrent.FutureTask.report(FutureTask.java:122)
	at java.util.concurrent.FutureTask.get(FutureTask.java:192)
	at org.apache.ratis.server.impl.LeaderElection.waitForResults(LeaderElection.java:259)
	at org.apache.ratis.server.impl.LeaderElection.askForVotes(LeaderElection.java:197)
	at org.apache.ratis.server.impl.LeaderElection.run(LeaderElection.java:133)
	at java.lang.Thread.run(Thread.java:748)
Caused by: org.apache.ratis.thirdparty.io.grpc.StatusRuntimeException: UNAVAILABLE: io exception
	at org.apache.ratis.thirdparty.io.grpc.stub.ClientCalls.toStatusRuntimeException(ClientCalls.java:233)
	at org.apache.ratis.thirdparty.io.grpc.stub.ClientCalls.getUnchecked(ClientCalls.java:214)
	at org.apache.ratis.thirdparty.io.grpc.stub.ClientCalls.blockingUnaryCall(ClientCalls.java:139)
	at org.apache.ratis.proto.grpc.RaftServerProtocolServiceGrpc$RaftServerProtocolServiceBlockingStub.requestVote(RaftServerProtocolServiceGrpc.java:265)
	at org.apache.ratis.grpc.server.GrpcServerProtocolClient.requestVote(GrpcServerProtocolClient.java:99)
	at org.apache.ratis.grpc.server.GrpcService.requestVote(GrpcService.java:204)
	at org.apache.ratis.server.impl.LeaderElection.lambda$submitRequests$1(LeaderElection.java:234)
	at java.util.concurrent.FutureTask.run(FutureTask.java:266)
	at java.util.concurrent.Executors$RunnableAdapter.call(Executors.java:511)
	at java.util.concurrent.FutureTask.run(FutureTask.java:266)
	at java.util.concurrent.ThreadPoolExecutor.runWorker(ThreadPoolExecutor.java:1149)
	at java.util.concurrent.ThreadPoolExecutor$Worker.run(ThreadPoolExecutor.java:624)
	... 1 more
Caused by: org.apache.ratis.thirdparty.io.netty.channel.AbstractChannel$AnnotatedConnectException: Connection refused: /192.168.164.239:42501
	at sun.nio.ch.SocketChannelImpl.checkConnect(Native Method)
	at sun.nio.ch.SocketChannelImpl.finishConnect(SocketChannelImpl.java:717)
	at org.apache.ratis.thirdparty.io.netty.channel.socket.nio.NioSocketChannel.doFinishConnect(NioSocketChannel.java:327)
	at org.apache.ratis.thirdparty.io.netty.channel.nio.AbstractNioChannel$AbstractNioUnsafe.finishConnect(AbstractNioChannel.java:340)
	at org.apache.ratis.thirdparty.io.netty.channel.nio.NioEventLoop.processSelectedKey(NioEventLoop.java:632)
	at org.apache.ratis.thirdparty.io.netty.channel.nio.NioEventLoop.processSelectedKeysOptimized(NioEventLoop.java:579)
	at org.apache.ratis.thirdparty.io.netty.channel.nio.NioEventLoop.processSelectedKeys(NioEventLoop.java:496)
	at org.apache.ratis.thirdparty.io.netty.channel.nio.NioEventLoop.run(NioEventLoop.java:458)
	at org.apache.ratis.thirdparty.io.netty.util.concurrent.SingleThreadEventExecutor$5.run(SingleThreadEventExecutor.java:897)
	at org.apache.ratis.thirdparty.io.netty.util.concurrent.FastThreadLocalRunnable.run(FastThreadLocalRunnable.java:30)
	... 1 more
Caused by: java.net.ConnectException: Connection refused
	... 11 more
2019-10-15 16:29:57,708 [grpc-default-executor-10] INFO  impl.RaftServerImpl (RaftServerImpl.java:setRole(184)) - 14091fe6-d183-4b46-be93-2ba964a39c73@group-C25BD028928E: changes role from  FOLLOWER to FOLLOWER at term 172 for recognizeCandidate:f5624850-682f-4ec5-bb5c-f79627fc299e
2019-10-15 16:29:57,709 [grpc-default-executor-10] INFO  impl.RoleInfo (RoleInfo.java:shutdownFollowerState(121)) - 14091fe6-d183-4b46-be93-2ba964a39c73: shutdown FollowerState
2019-10-15 16:29:57,709 [grpc-default-executor-10] INFO  impl.RoleInfo (RoleInfo.java:updateAndGet(143)) - 14091fe6-d183-4b46-be93-2ba964a39c73: start FollowerState
2019-10-15 16:29:57,709 [Thread-1661] INFO  impl.FollowerState (FollowerState.java:run(117)) - 14091fe6-d183-4b46-be93-2ba964a39c73@group-C25BD028928E-FollowerState was interrupted: java.lang.InterruptedException: sleep interrupted
2019-10-15 16:29:57,733 [f5624850-682f-4ec5-bb5c-f79627fc299e@group-C25BD028928E-LeaderElection184] INFO  impl.LeaderElection (LeaderElection.java:logAndReturn(56)) - f5624850-682f-4ec5-bb5c-f79627fc299e@group-C25BD028928E-LeaderElection184: Election REJECTED; received 1 response(s) [f5624850-682f-4ec5-bb5c-f79627fc299e<-14091fe6-d183-4b46-be93-2ba964a39c73#0:FAIL-t172] and 1 exception(s); f5624850-682f-4ec5-bb5c-f79627fc299e@group-C25BD028928E:t172, leader=null, voted=f5624850-682f-4ec5-bb5c-f79627fc299e, raftlog=f5624850-682f-4ec5-bb5c-f79627fc299e@group-C25BD028928E-SegmentedRaftLog:OPENED:c-1,f-1,i0, conf=-1: [f581660d-af3d-4f5f-b57d-f4cb54f048b9:192.168.164.239:42501, f5624850-682f-4ec5-bb5c-f79627fc299e:192.168.164.239:39499, 14091fe6-d183-4b46-be93-2ba964a39c73:192.168.164.239:34827], old=null
2019-10-15 16:29:57,733 [f5624850-682f-4ec5-bb5c-f79627fc299e@group-C25BD028928E-LeaderElection184] INFO  impl.LeaderElection (LogUtils.java:infoOrTrace(149)) -   Exception 0: {}
java.util.concurrent.ExecutionException: org.apache.ratis.thirdparty.io.grpc.StatusRuntimeException: UNAVAILABLE: io exception
	at java.util.concurrent.FutureTask.report(FutureTask.java:122)
	at java.util.concurrent.FutureTask.get(FutureTask.java:192)
	at org.apache.ratis.server.impl.LeaderElection.waitForResults(LeaderElection.java:259)
	at org.apache.ratis.server.impl.LeaderElection.askForVotes(LeaderElection.java:197)
	at org.apache.ratis.server.impl.LeaderElection.run(LeaderElection.java:133)
	at java.lang.Thread.run(Thread.java:748)
Caused by: org.apache.ratis.thirdparty.io.grpc.StatusRuntimeException: UNAVAILABLE: io exception
	at org.apache.ratis.thirdparty.io.grpc.stub.ClientCalls.toStatusRuntimeException(ClientCalls.java:233)
	at org.apache.ratis.thirdparty.io.grpc.stub.ClientCalls.getUnchecked(ClientCalls.java:214)
	at org.apache.ratis.thirdparty.io.grpc.stub.ClientCalls.blockingUnaryCall(ClientCalls.java:139)
	at org.apache.ratis.proto.grpc.RaftServerProtocolServiceGrpc$RaftServerProtocolServiceBlockingStub.requestVote(RaftServerProtocolServiceGrpc.java:265)
	at org.apache.ratis.grpc.server.GrpcServerProtocolClient.requestVote(GrpcServerProtocolClient.java:99)
	at org.apache.ratis.grpc.server.GrpcService.requestVote(GrpcService.java:204)
	at org.apache.ratis.server.impl.LeaderElection.lambda$submitRequests$1(LeaderElection.java:234)
	at java.util.concurrent.FutureTask.run(FutureTask.java:266)
	at java.util.concurrent.Executors$RunnableAdapter.call(Executors.java:511)
	at java.util.concurrent.FutureTask.run(FutureTask.java:266)
	at java.util.concurrent.ThreadPoolExecutor.runWorker(ThreadPoolExecutor.java:1149)
	at java.util.concurrent.ThreadPoolExecutor$Worker.run(ThreadPoolExecutor.java:624)
	... 1 more
Caused by: org.apache.ratis.thirdparty.io.netty.channel.AbstractChannel$AnnotatedConnectException: Connection refused: /192.168.164.239:42501
	at sun.nio.ch.SocketChannelImpl.checkConnect(Native Method)
	at sun.nio.ch.SocketChannelImpl.finishConnect(SocketChannelImpl.java:717)
	at org.apache.ratis.thirdparty.io.netty.channel.socket.nio.NioSocketChannel.doFinishConnect(NioSocketChannel.java:327)
	at org.apache.ratis.thirdparty.io.netty.channel.nio.AbstractNioChannel$AbstractNioUnsafe.finishConnect(AbstractNioChannel.java:340)
	at org.apache.ratis.thirdparty.io.netty.channel.nio.NioEventLoop.processSelectedKey(NioEventLoop.java:632)
	at org.apache.ratis.thirdparty.io.netty.channel.nio.NioEventLoop.processSelectedKeysOptimized(NioEventLoop.java:579)
	at org.apache.ratis.thirdparty.io.netty.channel.nio.NioEventLoop.processSelectedKeys(NioEventLoop.java:496)
	at org.apache.ratis.thirdparty.io.netty.channel.nio.NioEventLoop.run(NioEventLoop.java:458)
	at org.apache.ratis.thirdparty.io.netty.util.concurrent.SingleThreadEventExecutor$5.run(SingleThreadEventExecutor.java:897)
	at org.apache.ratis.thirdparty.io.netty.util.concurrent.FastThreadLocalRunnable.run(FastThreadLocalRunnable.java:30)
	... 1 more
Caused by: java.net.ConnectException: Connection refused
	... 11 more
2019-10-15 16:29:57,733 [f5624850-682f-4ec5-bb5c-f79627fc299e@group-C25BD028928E-LeaderElection184] INFO  impl.RaftServerImpl (RaftServerImpl.java:setRole(184)) - f5624850-682f-4ec5-bb5c-f79627fc299e@group-C25BD028928E: changes role from CANDIDATE to FOLLOWER at term 172 for DISCOVERED_A_NEW_TERM
2019-10-15 16:29:57,733 [f5624850-682f-4ec5-bb5c-f79627fc299e@group-C25BD028928E-LeaderElection184] INFO  impl.RoleInfo (RoleInfo.java:shutdownLeaderElection(134)) - f5624850-682f-4ec5-bb5c-f79627fc299e: shutdown LeaderElection
2019-10-15 16:29:57,734 [f5624850-682f-4ec5-bb5c-f79627fc299e@group-C25BD028928E-LeaderElection184] INFO  impl.RoleInfo (RoleInfo.java:updateAndGet(143)) - f5624850-682f-4ec5-bb5c-f79627fc299e: start FollowerState
2019-10-15 16:29:57,821 [Thread-1668] INFO  impl.FollowerState (FollowerState.java:run(108)) - f5624850-682f-4ec5-bb5c-f79627fc299e@group-C25BD028928E-FollowerState: change to CANDIDATE, lastRpcTime:87ms, electionTimeout:87ms
2019-10-15 16:29:57,821 [Thread-1668] INFO  impl.RoleInfo (RoleInfo.java:shutdownFollowerState(121)) - f5624850-682f-4ec5-bb5c-f79627fc299e: shutdown FollowerState
2019-10-15 16:29:57,822 [Thread-1668] INFO  impl.RaftServerImpl (RaftServerImpl.java:setRole(184)) - f5624850-682f-4ec5-bb5c-f79627fc299e@group-C25BD028928E: changes role from  FOLLOWER to CANDIDATE at term 172 for changeToCandidate
2019-10-15 16:29:57,822 [Thread-1668] INFO  impl.RoleInfo (RoleInfo.java:updateAndGet(143)) - f5624850-682f-4ec5-bb5c-f79627fc299e: start LeaderElection
2019-10-15 16:29:57,850 [f5624850-682f-4ec5-bb5c-f79627fc299e@group-C25BD028928E-LeaderElection185] INFO  impl.LeaderElection (LeaderElection.java:askForVotes(178)) - f5624850-682f-4ec5-bb5c-f79627fc299e@group-C25BD028928E-LeaderElection185: begin an election at term 173 for -1: [f581660d-af3d-4f5f-b57d-f4cb54f048b9:192.168.164.239:42501, f5624850-682f-4ec5-bb5c-f79627fc299e:192.168.164.239:39499, 14091fe6-d183-4b46-be93-2ba964a39c73:192.168.164.239:34827], old=null
2019-10-15 16:29:57,851 [f5624850-682f-4ec5-bb5c-f79627fc299e@group-C25BD028928E-LeaderElection185] INFO  impl.LeaderElection (LogUtils.java:infoOrTrace(149)) - f5624850-682f-4ec5-bb5c-f79627fc299e@group-C25BD028928E-LeaderElection185 got exception when requesting votes: {}
java.util.concurrent.ExecutionException: org.apache.ratis.thirdparty.io.grpc.StatusRuntimeException: UNAVAILABLE: io exception
	at java.util.concurrent.FutureTask.report(FutureTask.java:122)
	at java.util.concurrent.FutureTask.get(FutureTask.java:192)
	at org.apache.ratis.server.impl.LeaderElection.waitForResults(LeaderElection.java:259)
	at org.apache.ratis.server.impl.LeaderElection.askForVotes(LeaderElection.java:197)
	at org.apache.ratis.server.impl.LeaderElection.run(LeaderElection.java:133)
	at java.lang.Thread.run(Thread.java:748)
Caused by: org.apache.ratis.thirdparty.io.grpc.StatusRuntimeException: UNAVAILABLE: io exception
	at org.apache.ratis.thirdparty.io.grpc.stub.ClientCalls.toStatusRuntimeException(ClientCalls.java:233)
	at org.apache.ratis.thirdparty.io.grpc.stub.ClientCalls.getUnchecked(ClientCalls.java:214)
	at org.apache.ratis.thirdparty.io.grpc.stub.ClientCalls.blockingUnaryCall(ClientCalls.java:139)
	at org.apache.ratis.proto.grpc.RaftServerProtocolServiceGrpc$RaftServerProtocolServiceBlockingStub.requestVote(RaftServerProtocolServiceGrpc.java:265)
	at org.apache.ratis.grpc.server.GrpcServerProtocolClient.requestVote(GrpcServerProtocolClient.java:99)
	at org.apache.ratis.grpc.server.GrpcService.requestVote(GrpcService.java:204)
	at org.apache.ratis.server.impl.LeaderElection.lambda$submitRequests$1(LeaderElection.java:234)
	at java.util.concurrent.FutureTask.run(FutureTask.java:266)
	at java.util.concurrent.Executors$RunnableAdapter.call(Executors.java:511)
	at java.util.concurrent.FutureTask.run(FutureTask.java:266)
	at java.util.concurrent.ThreadPoolExecutor.runWorker(ThreadPoolExecutor.java:1149)
	at java.util.concurrent.ThreadPoolExecutor$Worker.run(ThreadPoolExecutor.java:624)
	... 1 more
Caused by: org.apache.ratis.thirdparty.io.netty.channel.AbstractChannel$AnnotatedConnectException: Connection refused: /192.168.164.239:42501
	at sun.nio.ch.SocketChannelImpl.checkConnect(Native Method)
	at sun.nio.ch.SocketChannelImpl.finishConnect(SocketChannelImpl.java:717)
	at org.apache.ratis.thirdparty.io.netty.channel.socket.nio.NioSocketChannel.doFinishConnect(NioSocketChannel.java:327)
	at org.apache.ratis.thirdparty.io.netty.channel.nio.AbstractNioChannel$AbstractNioUnsafe.finishConnect(AbstractNioChannel.java:340)
	at org.apache.ratis.thirdparty.io.netty.channel.nio.NioEventLoop.processSelectedKey(NioEventLoop.java:632)
	at org.apache.ratis.thirdparty.io.netty.channel.nio.NioEventLoop.processSelectedKeysOptimized(NioEventLoop.java:579)
	at org.apache.ratis.thirdparty.io.netty.channel.nio.NioEventLoop.processSelectedKeys(NioEventLoop.java:496)
	at org.apache.ratis.thirdparty.io.netty.channel.nio.NioEventLoop.run(NioEventLoop.java:458)
	at org.apache.ratis.thirdparty.io.netty.util.concurrent.SingleThreadEventExecutor$5.run(SingleThreadEventExecutor.java:897)
	at org.apache.ratis.thirdparty.io.netty.util.concurrent.FastThreadLocalRunnable.run(FastThreadLocalRunnable.java:30)
	... 1 more
Caused by: java.net.ConnectException: Connection refused
	... 11 more
2019-10-15 16:29:57,853 [grpc-default-executor-10] INFO  impl.RaftServerImpl (RaftServerImpl.java:setRole(184)) - 14091fe6-d183-4b46-be93-2ba964a39c73@group-C25BD028928E: changes role from  FOLLOWER to FOLLOWER at term 173 for recognizeCandidate:f5624850-682f-4ec5-bb5c-f79627fc299e
2019-10-15 16:29:57,853 [grpc-default-executor-10] INFO  impl.RoleInfo (RoleInfo.java:shutdownFollowerState(121)) - 14091fe6-d183-4b46-be93-2ba964a39c73: shutdown FollowerState
2019-10-15 16:29:57,853 [grpc-default-executor-10] INFO  impl.RoleInfo (RoleInfo.java:updateAndGet(143)) - 14091fe6-d183-4b46-be93-2ba964a39c73: start FollowerState
2019-10-15 16:29:57,853 [Thread-1667] INFO  impl.FollowerState (FollowerState.java:run(117)) - 14091fe6-d183-4b46-be93-2ba964a39c73@group-C25BD028928E-FollowerState was interrupted: java.lang.InterruptedException: sleep interrupted
2019-10-15 16:29:57,876 [f5624850-682f-4ec5-bb5c-f79627fc299e@group-C25BD028928E-LeaderElection185] INFO  impl.LeaderElection (LeaderElection.java:logAndReturn(56)) - f5624850-682f-4ec5-bb5c-f79627fc299e@group-C25BD028928E-LeaderElection185: Election REJECTED; received 1 response(s) [f5624850-682f-4ec5-bb5c-f79627fc299e<-14091fe6-d183-4b46-be93-2ba964a39c73#0:FAIL-t173] and 1 exception(s); f5624850-682f-4ec5-bb5c-f79627fc299e@group-C25BD028928E:t173, leader=null, voted=f5624850-682f-4ec5-bb5c-f79627fc299e, raftlog=f5624850-682f-4ec5-bb5c-f79627fc299e@group-C25BD028928E-SegmentedRaftLog:OPENED:c-1,f-1,i0, conf=-1: [f581660d-af3d-4f5f-b57d-f4cb54f048b9:192.168.164.239:42501, f5624850-682f-4ec5-bb5c-f79627fc299e:192.168.164.239:39499, 14091fe6-d183-4b46-be93-2ba964a39c73:192.168.164.239:34827], old=null
2019-10-15 16:29:57,877 [f5624850-682f-4ec5-bb5c-f79627fc299e@group-C25BD028928E-LeaderElection185] INFO  impl.LeaderElection (LogUtils.java:infoOrTrace(149)) -   Exception 0: {}
java.util.concurrent.ExecutionException: org.apache.ratis.thirdparty.io.grpc.StatusRuntimeException: UNAVAILABLE: io exception
	at java.util.concurrent.FutureTask.report(FutureTask.java:122)
	at java.util.concurrent.FutureTask.get(FutureTask.java:192)
	at org.apache.ratis.server.impl.LeaderElection.waitForResults(LeaderElection.java:259)
	at org.apache.ratis.server.impl.LeaderElection.askForVotes(LeaderElection.java:197)
	at org.apache.ratis.server.impl.LeaderElection.run(LeaderElection.java:133)
	at java.lang.Thread.run(Thread.java:748)
Caused by: org.apache.ratis.thirdparty.io.grpc.StatusRuntimeException: UNAVAILABLE: io exception
	at org.apache.ratis.thirdparty.io.grpc.stub.ClientCalls.toStatusRuntimeException(ClientCalls.java:233)
	at org.apache.ratis.thirdparty.io.grpc.stub.ClientCalls.getUnchecked(ClientCalls.java:214)
	at org.apache.ratis.thirdparty.io.grpc.stub.ClientCalls.blockingUnaryCall(ClientCalls.java:139)
	at org.apache.ratis.proto.grpc.RaftServerProtocolServiceGrpc$RaftServerProtocolServiceBlockingStub.requestVote(RaftServerProtocolServiceGrpc.java:265)
	at org.apache.ratis.grpc.server.GrpcServerProtocolClient.requestVote(GrpcServerProtocolClient.java:99)
	at org.apache.ratis.grpc.server.GrpcService.requestVote(GrpcService.java:204)
	at org.apache.ratis.server.impl.LeaderElection.lambda$submitRequests$1(LeaderElection.java:234)
	at java.util.concurrent.FutureTask.run(FutureTask.java:266)
	at java.util.concurrent.Executors$RunnableAdapter.call(Executors.java:511)
	at java.util.concurrent.FutureTask.run(FutureTask.java:266)
	at java.util.concurrent.ThreadPoolExecutor.runWorker(ThreadPoolExecutor.java:1149)
	at java.util.concurrent.ThreadPoolExecutor$Worker.run(ThreadPoolExecutor.java:624)
	... 1 more
Caused by: org.apache.ratis.thirdparty.io.netty.channel.AbstractChannel$AnnotatedConnectException: Connection refused: /192.168.164.239:42501
	at sun.nio.ch.SocketChannelImpl.checkConnect(Native Method)
	at sun.nio.ch.SocketChannelImpl.finishConnect(SocketChannelImpl.java:717)
	at org.apache.ratis.thirdparty.io.netty.channel.socket.nio.NioSocketChannel.doFinishConnect(NioSocketChannel.java:327)
	at org.apache.ratis.thirdparty.io.netty.channel.nio.AbstractNioChannel$AbstractNioUnsafe.finishConnect(AbstractNioChannel.java:340)
	at org.apache.ratis.thirdparty.io.netty.channel.nio.NioEventLoop.processSelectedKey(NioEventLoop.java:632)
	at org.apache.ratis.thirdparty.io.netty.channel.nio.NioEventLoop.processSelectedKeysOptimized(NioEventLoop.java:579)
	at org.apache.ratis.thirdparty.io.netty.channel.nio.NioEventLoop.processSelectedKeys(NioEventLoop.java:496)
	at org.apache.ratis.thirdparty.io.netty.channel.nio.NioEventLoop.run(NioEventLoop.java:458)
	at org.apache.ratis.thirdparty.io.netty.util.concurrent.SingleThreadEventExecutor$5.run(SingleThreadEventExecutor.java:897)
	at org.apache.ratis.thirdparty.io.netty.util.concurrent.FastThreadLocalRunnable.run(FastThreadLocalRunnable.java:30)
	... 1 more
Caused by: java.net.ConnectException: Connection refused
	... 11 more
2019-10-15 16:29:57,877 [f5624850-682f-4ec5-bb5c-f79627fc299e@group-C25BD028928E-LeaderElection185] INFO  impl.RaftServerImpl (RaftServerImpl.java:setRole(184)) - f5624850-682f-4ec5-bb5c-f79627fc299e@group-C25BD028928E: changes role from CANDIDATE to FOLLOWER at term 173 for DISCOVERED_A_NEW_TERM
2019-10-15 16:29:57,877 [f5624850-682f-4ec5-bb5c-f79627fc299e@group-C25BD028928E-LeaderElection185] INFO  impl.RoleInfo (RoleInfo.java:shutdownLeaderElection(134)) - f5624850-682f-4ec5-bb5c-f79627fc299e: shutdown LeaderElection
2019-10-15 16:29:57,877 [f5624850-682f-4ec5-bb5c-f79627fc299e@group-C25BD028928E-LeaderElection185] INFO  impl.RoleInfo (RoleInfo.java:updateAndGet(143)) - f5624850-682f-4ec5-bb5c-f79627fc299e: start FollowerState
2019-10-15 16:29:57,944 [Thread-1673] INFO  impl.FollowerState (FollowerState.java:run(108)) - f5624850-682f-4ec5-bb5c-f79627fc299e@group-C25BD028928E-FollowerState: change to CANDIDATE, lastRpcTime:67ms, electionTimeout:67ms
2019-10-15 16:29:57,945 [Thread-1673] INFO  impl.RoleInfo (RoleInfo.java:shutdownFollowerState(121)) - f5624850-682f-4ec5-bb5c-f79627fc299e: shutdown FollowerState
2019-10-15 16:29:57,945 [Thread-1673] INFO  impl.RaftServerImpl (RaftServerImpl.java:setRole(184)) - f5624850-682f-4ec5-bb5c-f79627fc299e@group-C25BD028928E: changes role from  FOLLOWER to CANDIDATE at term 173 for changeToCandidate
2019-10-15 16:29:57,945 [Thread-1673] INFO  impl.RoleInfo (RoleInfo.java:updateAndGet(143)) - f5624850-682f-4ec5-bb5c-f79627fc299e: start LeaderElection
2019-10-15 16:29:57,976 [f5624850-682f-4ec5-bb5c-f79627fc299e@group-C25BD028928E-LeaderElection186] INFO  impl.LeaderElection (LeaderElection.java:askForVotes(178)) - f5624850-682f-4ec5-bb5c-f79627fc299e@group-C25BD028928E-LeaderElection186: begin an election at term 174 for -1: [f581660d-af3d-4f5f-b57d-f4cb54f048b9:192.168.164.239:42501, f5624850-682f-4ec5-bb5c-f79627fc299e:192.168.164.239:39499, 14091fe6-d183-4b46-be93-2ba964a39c73:192.168.164.239:34827], old=null
2019-10-15 16:29:57,977 [f5624850-682f-4ec5-bb5c-f79627fc299e@group-C25BD028928E-LeaderElection186] INFO  impl.LeaderElection (LogUtils.java:infoOrTrace(149)) - f5624850-682f-4ec5-bb5c-f79627fc299e@group-C25BD028928E-LeaderElection186 got exception when requesting votes: {}
java.util.concurrent.ExecutionException: org.apache.ratis.thirdparty.io.grpc.StatusRuntimeException: UNAVAILABLE: io exception
	at java.util.concurrent.FutureTask.report(FutureTask.java:122)
	at java.util.concurrent.FutureTask.get(FutureTask.java:192)
	at org.apache.ratis.server.impl.LeaderElection.waitForResults(LeaderElection.java:259)
	at org.apache.ratis.server.impl.LeaderElection.askForVotes(LeaderElection.java:197)
	at org.apache.ratis.server.impl.LeaderElection.run(LeaderElection.java:133)
	at java.lang.Thread.run(Thread.java:748)
Caused by: org.apache.ratis.thirdparty.io.grpc.StatusRuntimeException: UNAVAILABLE: io exception
	at org.apache.ratis.thirdparty.io.grpc.stub.ClientCalls.toStatusRuntimeException(ClientCalls.java:233)
	at org.apache.ratis.thirdparty.io.grpc.stub.ClientCalls.getUnchecked(ClientCalls.java:214)
	at org.apache.ratis.thirdparty.io.grpc.stub.ClientCalls.blockingUnaryCall(ClientCalls.java:139)
	at org.apache.ratis.proto.grpc.RaftServerProtocolServiceGrpc$RaftServerProtocolServiceBlockingStub.requestVote(RaftServerProtocolServiceGrpc.java:265)
	at org.apache.ratis.grpc.server.GrpcServerProtocolClient.requestVote(GrpcServerProtocolClient.java:99)
	at org.apache.ratis.grpc.server.GrpcService.requestVote(GrpcService.java:204)
	at org.apache.ratis.server.impl.LeaderElection.lambda$submitRequests$1(LeaderElection.java:234)
	at java.util.concurrent.FutureTask.run(FutureTask.java:266)
	at java.util.concurrent.Executors$RunnableAdapter.call(Executors.java:511)
	at java.util.concurrent.FutureTask.run(FutureTask.java:266)
	at java.util.concurrent.ThreadPoolExecutor.runWorker(ThreadPoolExecutor.java:1149)
	at java.util.concurrent.ThreadPoolExecutor$Worker.run(ThreadPoolExecutor.java:624)
	... 1 more
Caused by: org.apache.ratis.thirdparty.io.netty.channel.AbstractChannel$AnnotatedConnectException: Connection refused: /192.168.164.239:42501
	at sun.nio.ch.SocketChannelImpl.checkConnect(Native Method)
	at sun.nio.ch.SocketChannelImpl.finishConnect(SocketChannelImpl.java:717)
	at org.apache.ratis.thirdparty.io.netty.channel.socket.nio.NioSocketChannel.doFinishConnect(NioSocketChannel.java:327)
	at org.apache.ratis.thirdparty.io.netty.channel.nio.AbstractNioChannel$AbstractNioUnsafe.finishConnect(AbstractNioChannel.java:340)
	at org.apache.ratis.thirdparty.io.netty.channel.nio.NioEventLoop.processSelectedKey(NioEventLoop.java:632)
	at org.apache.ratis.thirdparty.io.netty.channel.nio.NioEventLoop.processSelectedKeysOptimized(NioEventLoop.java:579)
	at org.apache.ratis.thirdparty.io.netty.channel.nio.NioEventLoop.processSelectedKeys(NioEventLoop.java:496)
	at org.apache.ratis.thirdparty.io.netty.channel.nio.NioEventLoop.run(NioEventLoop.java:458)
	at org.apache.ratis.thirdparty.io.netty.util.concurrent.SingleThreadEventExecutor$5.run(SingleThreadEventExecutor.java:897)
	at org.apache.ratis.thirdparty.io.netty.util.concurrent.FastThreadLocalRunnable.run(FastThreadLocalRunnable.java:30)
	... 1 more
Caused by: java.net.ConnectException: Connection refused
	... 11 more
2019-10-15 16:29:57,979 [grpc-default-executor-10] INFO  impl.RaftServerImpl (RaftServerImpl.java:setRole(184)) - 14091fe6-d183-4b46-be93-2ba964a39c73@group-C25BD028928E: changes role from  FOLLOWER to FOLLOWER at term 174 for recognizeCandidate:f5624850-682f-4ec5-bb5c-f79627fc299e
2019-10-15 16:29:57,979 [grpc-default-executor-10] INFO  impl.RoleInfo (RoleInfo.java:shutdownFollowerState(121)) - 14091fe6-d183-4b46-be93-2ba964a39c73: shutdown FollowerState
2019-10-15 16:29:57,979 [grpc-default-executor-10] INFO  impl.RoleInfo (RoleInfo.java:updateAndGet(143)) - 14091fe6-d183-4b46-be93-2ba964a39c73: start FollowerState
2019-10-15 16:29:57,979 [Thread-1672] INFO  impl.FollowerState (FollowerState.java:run(117)) - 14091fe6-d183-4b46-be93-2ba964a39c73@group-C25BD028928E-FollowerState was interrupted: java.lang.InterruptedException: sleep interrupted
2019-10-15 16:29:58,002 [f5624850-682f-4ec5-bb5c-f79627fc299e@group-C25BD028928E-LeaderElection186] INFO  impl.LeaderElection (LeaderElection.java:logAndReturn(56)) - f5624850-682f-4ec5-bb5c-f79627fc299e@group-C25BD028928E-LeaderElection186: Election REJECTED; received 1 response(s) [f5624850-682f-4ec5-bb5c-f79627fc299e<-14091fe6-d183-4b46-be93-2ba964a39c73#0:FAIL-t174] and 1 exception(s); f5624850-682f-4ec5-bb5c-f79627fc299e@group-C25BD028928E:t174, leader=null, voted=f5624850-682f-4ec5-bb5c-f79627fc299e, raftlog=f5624850-682f-4ec5-bb5c-f79627fc299e@group-C25BD028928E-SegmentedRaftLog:OPENED:c-1,f-1,i0, conf=-1: [f581660d-af3d-4f5f-b57d-f4cb54f048b9:192.168.164.239:42501, f5624850-682f-4ec5-bb5c-f79627fc299e:192.168.164.239:39499, 14091fe6-d183-4b46-be93-2ba964a39c73:192.168.164.239:34827], old=null
2019-10-15 16:29:58,002 [f5624850-682f-4ec5-bb5c-f79627fc299e@group-C25BD028928E-LeaderElection186] INFO  impl.LeaderElection (LogUtils.java:infoOrTrace(149)) -   Exception 0: {}
java.util.concurrent.ExecutionException: org.apache.ratis.thirdparty.io.grpc.StatusRuntimeException: UNAVAILABLE: io exception
	at java.util.concurrent.FutureTask.report(FutureTask.java:122)
	at java.util.concurrent.FutureTask.get(FutureTask.java:192)
	at org.apache.ratis.server.impl.LeaderElection.waitForResults(LeaderElection.java:259)
	at org.apache.ratis.server.impl.LeaderElection.askForVotes(LeaderElection.java:197)
	at org.apache.ratis.server.impl.LeaderElection.run(LeaderElection.java:133)
	at java.lang.Thread.run(Thread.java:748)
Caused by: org.apache.ratis.thirdparty.io.grpc.StatusRuntimeException: UNAVAILABLE: io exception
	at org.apache.ratis.thirdparty.io.grpc.stub.ClientCalls.toStatusRuntimeException(ClientCalls.java:233)
	at org.apache.ratis.thirdparty.io.grpc.stub.ClientCalls.getUnchecked(ClientCalls.java:214)
	at org.apache.ratis.thirdparty.io.grpc.stub.ClientCalls.blockingUnaryCall(ClientCalls.java:139)
	at org.apache.ratis.proto.grpc.RaftServerProtocolServiceGrpc$RaftServerProtocolServiceBlockingStub.requestVote(RaftServerProtocolServiceGrpc.java:265)
	at org.apache.ratis.grpc.server.GrpcServerProtocolClient.requestVote(GrpcServerProtocolClient.java:99)
	at org.apache.ratis.grpc.server.GrpcService.requestVote(GrpcService.java:204)
	at org.apache.ratis.server.impl.LeaderElection.lambda$submitRequests$1(LeaderElection.java:234)
	at java.util.concurrent.FutureTask.run(FutureTask.java:266)
	at java.util.concurrent.Executors$RunnableAdapter.call(Executors.java:511)
	at java.util.concurrent.FutureTask.run(FutureTask.java:266)
	at java.util.concurrent.ThreadPoolExecutor.runWorker(ThreadPoolExecutor.java:1149)
	at java.util.concurrent.ThreadPoolExecutor$Worker.run(ThreadPoolExecutor.java:624)
	... 1 more
Caused by: org.apache.ratis.thirdparty.io.netty.channel.AbstractChannel$AnnotatedConnectException: Connection refused: /192.168.164.239:42501
	at sun.nio.ch.SocketChannelImpl.checkConnect(Native Method)
	at sun.nio.ch.SocketChannelImpl.finishConnect(SocketChannelImpl.java:717)
	at org.apache.ratis.thirdparty.io.netty.channel.socket.nio.NioSocketChannel.doFinishConnect(NioSocketChannel.java:327)
	at org.apache.ratis.thirdparty.io.netty.channel.nio.AbstractNioChannel$AbstractNioUnsafe.finishConnect(AbstractNioChannel.java:340)
	at org.apache.ratis.thirdparty.io.netty.channel.nio.NioEventLoop.processSelectedKey(NioEventLoop.java:632)
	at org.apache.ratis.thirdparty.io.netty.channel.nio.NioEventLoop.processSelectedKeysOptimized(NioEventLoop.java:579)
	at org.apache.ratis.thirdparty.io.netty.channel.nio.NioEventLoop.processSelectedKeys(NioEventLoop.java:496)
	at org.apache.ratis.thirdparty.io.netty.channel.nio.NioEventLoop.run(NioEventLoop.java:458)
	at org.apache.ratis.thirdparty.io.netty.util.concurrent.SingleThreadEventExecutor$5.run(SingleThreadEventExecutor.java:897)
	at org.apache.ratis.thirdparty.io.netty.util.concurrent.FastThreadLocalRunnable.run(FastThreadLocalRunnable.java:30)
	... 1 more
Caused by: java.net.ConnectException: Connection refused
	... 11 more
2019-10-15 16:29:58,003 [f5624850-682f-4ec5-bb5c-f79627fc299e@group-C25BD028928E-LeaderElection186] INFO  impl.RaftServerImpl (RaftServerImpl.java:setRole(184)) - f5624850-682f-4ec5-bb5c-f79627fc299e@group-C25BD028928E: changes role from CANDIDATE to FOLLOWER at term 174 for DISCOVERED_A_NEW_TERM
2019-10-15 16:29:58,003 [f5624850-682f-4ec5-bb5c-f79627fc299e@group-C25BD028928E-LeaderElection186] INFO  impl.RoleInfo (RoleInfo.java:shutdownLeaderElection(134)) - f5624850-682f-4ec5-bb5c-f79627fc299e: shutdown LeaderElection
2019-10-15 16:29:58,003 [f5624850-682f-4ec5-bb5c-f79627fc299e@group-C25BD028928E-LeaderElection186] INFO  impl.RoleInfo (RoleInfo.java:updateAndGet(143)) - f5624850-682f-4ec5-bb5c-f79627fc299e: start FollowerState
2019-10-15 16:29:58,147 [java.util.concurrent.ThreadPoolExecutor$Worker@6e96881a[State = -1, empty queue]] WARN  server.GrpcLogAppender (GrpcLogAppender.java:timeoutAppendRequest(209)) - 0bff853f-e43c-4347-b3e4-d8621042c42b@group-AF37DB7271F3->6af1a5bd-f075-405e-b6a5-6d145eedd789-GrpcLogAppender: appendEntries Timeout, request=0bff853f-e43c-4347-b3e4-d8621042c42b->6af1a5bd-f075-405e-b6a5-6d145eedd789#59-t7, previous=(t:7, i:19), leaderCommit=19, initializing? false, entries: <empty>
2019-10-15 16:29:58,163 [Thread-1678] INFO  impl.FollowerState (FollowerState.java:run(108)) - f5624850-682f-4ec5-bb5c-f79627fc299e@group-C25BD028928E-FollowerState: change to CANDIDATE, lastRpcTime:159ms, electionTimeout:159ms
2019-10-15 16:29:58,163 [Thread-1678] INFO  impl.RoleInfo (RoleInfo.java:shutdownFollowerState(121)) - f5624850-682f-4ec5-bb5c-f79627fc299e: shutdown FollowerState
2019-10-15 16:29:58,163 [Thread-1678] INFO  impl.RaftServerImpl (RaftServerImpl.java:setRole(184)) - f5624850-682f-4ec5-bb5c-f79627fc299e@group-C25BD028928E: changes role from  FOLLOWER to CANDIDATE at term 174 for changeToCandidate
2019-10-15 16:29:58,163 [Thread-1678] INFO  impl.RoleInfo (RoleInfo.java:updateAndGet(143)) - f5624850-682f-4ec5-bb5c-f79627fc299e: start LeaderElection
2019-10-15 16:29:58,193 [f5624850-682f-4ec5-bb5c-f79627fc299e@group-C25BD028928E-LeaderElection187] INFO  impl.LeaderElection (LeaderElection.java:askForVotes(178)) - f5624850-682f-4ec5-bb5c-f79627fc299e@group-C25BD028928E-LeaderElection187: begin an election at term 175 for -1: [f581660d-af3d-4f5f-b57d-f4cb54f048b9:192.168.164.239:42501, f5624850-682f-4ec5-bb5c-f79627fc299e:192.168.164.239:39499, 14091fe6-d183-4b46-be93-2ba964a39c73:192.168.164.239:34827], old=null
2019-10-15 16:29:58,194 [f5624850-682f-4ec5-bb5c-f79627fc299e@group-C25BD028928E-LeaderElection187] INFO  impl.LeaderElection (LogUtils.java:infoOrTrace(149)) - f5624850-682f-4ec5-bb5c-f79627fc299e@group-C25BD028928E-LeaderElection187 got exception when requesting votes: {}
java.util.concurrent.ExecutionException: org.apache.ratis.thirdparty.io.grpc.StatusRuntimeException: UNAVAILABLE: io exception
	at java.util.concurrent.FutureTask.report(FutureTask.java:122)
	at java.util.concurrent.FutureTask.get(FutureTask.java:192)
	at org.apache.ratis.server.impl.LeaderElection.waitForResults(LeaderElection.java:259)
	at org.apache.ratis.server.impl.LeaderElection.askForVotes(LeaderElection.java:197)
	at org.apache.ratis.server.impl.LeaderElection.run(LeaderElection.java:133)
	at java.lang.Thread.run(Thread.java:748)
Caused by: org.apache.ratis.thirdparty.io.grpc.StatusRuntimeException: UNAVAILABLE: io exception
	at org.apache.ratis.thirdparty.io.grpc.stub.ClientCalls.toStatusRuntimeException(ClientCalls.java:233)
	at org.apache.ratis.thirdparty.io.grpc.stub.ClientCalls.getUnchecked(ClientCalls.java:214)
	at org.apache.ratis.thirdparty.io.grpc.stub.ClientCalls.blockingUnaryCall(ClientCalls.java:139)
	at org.apache.ratis.proto.grpc.RaftServerProtocolServiceGrpc$RaftServerProtocolServiceBlockingStub.requestVote(RaftServerProtocolServiceGrpc.java:265)
	at org.apache.ratis.grpc.server.GrpcServerProtocolClient.requestVote(GrpcServerProtocolClient.java:99)
	at org.apache.ratis.grpc.server.GrpcService.requestVote(GrpcService.java:204)
	at org.apache.ratis.server.impl.LeaderElection.lambda$submitRequests$1(LeaderElection.java:234)
	at java.util.concurrent.FutureTask.run(FutureTask.java:266)
	at java.util.concurrent.Executors$RunnableAdapter.call(Executors.java:511)
	at java.util.concurrent.FutureTask.run(FutureTask.java:266)
	at java.util.concurrent.ThreadPoolExecutor.runWorker(ThreadPoolExecutor.java:1149)
	at java.util.concurrent.ThreadPoolExecutor$Worker.run(ThreadPoolExecutor.java:624)
	... 1 more
Caused by: org.apache.ratis.thirdparty.io.netty.channel.AbstractChannel$AnnotatedConnectException: Connection refused: /192.168.164.239:42501
	at sun.nio.ch.SocketChannelImpl.checkConnect(Native Method)
	at sun.nio.ch.SocketChannelImpl.finishConnect(SocketChannelImpl.java:717)
	at org.apache.ratis.thirdparty.io.netty.channel.socket.nio.NioSocketChannel.doFinishConnect(NioSocketChannel.java:327)
	at org.apache.ratis.thirdparty.io.netty.channel.nio.AbstractNioChannel$AbstractNioUnsafe.finishConnect(AbstractNioChannel.java:340)
	at org.apache.ratis.thirdparty.io.netty.channel.nio.NioEventLoop.processSelectedKey(NioEventLoop.java:632)
	at org.apache.ratis.thirdparty.io.netty.channel.nio.NioEventLoop.processSelectedKeysOptimized(NioEventLoop.java:579)
	at org.apache.ratis.thirdparty.io.netty.channel.nio.NioEventLoop.processSelectedKeys(NioEventLoop.java:496)
	at org.apache.ratis.thirdparty.io.netty.channel.nio.NioEventLoop.run(NioEventLoop.java:458)
	at org.apache.ratis.thirdparty.io.netty.util.concurrent.SingleThreadEventExecutor$5.run(SingleThreadEventExecutor.java:897)
	at org.apache.ratis.thirdparty.io.netty.util.concurrent.FastThreadLocalRunnable.run(FastThreadLocalRunnable.java:30)
	... 1 more
Caused by: java.net.ConnectException: Connection refused
	... 11 more
2019-10-15 16:29:58,196 [grpc-default-executor-10] INFO  impl.RaftServerImpl (RaftServerImpl.java:setRole(184)) - 14091fe6-d183-4b46-be93-2ba964a39c73@group-C25BD028928E: changes role from  FOLLOWER to FOLLOWER at term 175 for recognizeCandidate:f5624850-682f-4ec5-bb5c-f79627fc299e
2019-10-15 16:29:58,196 [grpc-default-executor-10] INFO  impl.RoleInfo (RoleInfo.java:shutdownFollowerState(121)) - 14091fe6-d183-4b46-be93-2ba964a39c73: shutdown FollowerState
2019-10-15 16:29:58,196 [grpc-default-executor-10] INFO  impl.RoleInfo (RoleInfo.java:updateAndGet(143)) - 14091fe6-d183-4b46-be93-2ba964a39c73: start FollowerState
2019-10-15 16:29:58,196 [Thread-1677] INFO  impl.FollowerState (FollowerState.java:run(117)) - 14091fe6-d183-4b46-be93-2ba964a39c73@group-C25BD028928E-FollowerState was interrupted: java.lang.InterruptedException: sleep interrupted
2019-10-15 16:29:58,219 [f5624850-682f-4ec5-bb5c-f79627fc299e@group-C25BD028928E-LeaderElection187] INFO  impl.LeaderElection (LeaderElection.java:logAndReturn(56)) - f5624850-682f-4ec5-bb5c-f79627fc299e@group-C25BD028928E-LeaderElection187: Election REJECTED; received 1 response(s) [f5624850-682f-4ec5-bb5c-f79627fc299e<-14091fe6-d183-4b46-be93-2ba964a39c73#0:FAIL-t175] and 1 exception(s); f5624850-682f-4ec5-bb5c-f79627fc299e@group-C25BD028928E:t175, leader=null, voted=f5624850-682f-4ec5-bb5c-f79627fc299e, raftlog=f5624850-682f-4ec5-bb5c-f79627fc299e@group-C25BD028928E-SegmentedRaftLog:OPENED:c-1,f-1,i0, conf=-1: [f581660d-af3d-4f5f-b57d-f4cb54f048b9:192.168.164.239:42501, f5624850-682f-4ec5-bb5c-f79627fc299e:192.168.164.239:39499, 14091fe6-d183-4b46-be93-2ba964a39c73:192.168.164.239:34827], old=null
2019-10-15 16:29:58,219 [f5624850-682f-4ec5-bb5c-f79627fc299e@group-C25BD028928E-LeaderElection187] INFO  impl.LeaderElection (LogUtils.java:infoOrTrace(149)) -   Exception 0: {}
java.util.concurrent.ExecutionException: org.apache.ratis.thirdparty.io.grpc.StatusRuntimeException: UNAVAILABLE: io exception
	at java.util.concurrent.FutureTask.report(FutureTask.java:122)
	at java.util.concurrent.FutureTask.get(FutureTask.java:192)
	at org.apache.ratis.server.impl.LeaderElection.waitForResults(LeaderElection.java:259)
	at org.apache.ratis.server.impl.LeaderElection.askForVotes(LeaderElection.java:197)
	at org.apache.ratis.server.impl.LeaderElection.run(LeaderElection.java:133)
	at java.lang.Thread.run(Thread.java:748)
Caused by: org.apache.ratis.thirdparty.io.grpc.StatusRuntimeException: UNAVAILABLE: io exception
	at org.apache.ratis.thirdparty.io.grpc.stub.ClientCalls.toStatusRuntimeException(ClientCalls.java:233)
	at org.apache.ratis.thirdparty.io.grpc.stub.ClientCalls.getUnchecked(ClientCalls.java:214)
	at org.apache.ratis.thirdparty.io.grpc.stub.ClientCalls.blockingUnaryCall(ClientCalls.java:139)
	at org.apache.ratis.proto.grpc.RaftServerProtocolServiceGrpc$RaftServerProtocolServiceBlockingStub.requestVote(RaftServerProtocolServiceGrpc.java:265)
	at org.apache.ratis.grpc.server.GrpcServerProtocolClient.requestVote(GrpcServerProtocolClient.java:99)
	at org.apache.ratis.grpc.server.GrpcService.requestVote(GrpcService.java:204)
	at org.apache.ratis.server.impl.LeaderElection.lambda$submitRequests$1(LeaderElection.java:234)
	at java.util.concurrent.FutureTask.run(FutureTask.java:266)
	at java.util.concurrent.Executors$RunnableAdapter.call(Executors.java:511)
	at java.util.concurrent.FutureTask.run(FutureTask.java:266)
	at java.util.concurrent.ThreadPoolExecutor.runWorker(ThreadPoolExecutor.java:1149)
	at java.util.concurrent.ThreadPoolExecutor$Worker.run(ThreadPoolExecutor.java:624)
	... 1 more
Caused by: org.apache.ratis.thirdparty.io.netty.channel.AbstractChannel$AnnotatedConnectException: Connection refused: /192.168.164.239:42501
	at sun.nio.ch.SocketChannelImpl.checkConnect(Native Method)
	at sun.nio.ch.SocketChannelImpl.finishConnect(SocketChannelImpl.java:717)
	at org.apache.ratis.thirdparty.io.netty.channel.socket.nio.NioSocketChannel.doFinishConnect(NioSocketChannel.java:327)
	at org.apache.ratis.thirdparty.io.netty.channel.nio.AbstractNioChannel$AbstractNioUnsafe.finishConnect(AbstractNioChannel.java:340)
	at org.apache.ratis.thirdparty.io.netty.channel.nio.NioEventLoop.processSelectedKey(NioEventLoop.java:632)
	at org.apache.ratis.thirdparty.io.netty.channel.nio.NioEventLoop.processSelectedKeysOptimized(NioEventLoop.java:579)
	at org.apache.ratis.thirdparty.io.netty.channel.nio.NioEventLoop.processSelectedKeys(NioEventLoop.java:496)
	at org.apache.ratis.thirdparty.io.netty.channel.nio.NioEventLoop.run(NioEventLoop.java:458)
	at org.apache.ratis.thirdparty.io.netty.util.concurrent.SingleThreadEventExecutor$5.run(SingleThreadEventExecutor.java:897)
	at org.apache.ratis.thirdparty.io.netty.util.concurrent.FastThreadLocalRunnable.run(FastThreadLocalRunnable.java:30)
	... 1 more
Caused by: java.net.ConnectException: Connection refused
	... 11 more
2019-10-15 16:29:58,220 [f5624850-682f-4ec5-bb5c-f79627fc299e@group-C25BD028928E-LeaderElection187] INFO  impl.RaftServerImpl (RaftServerImpl.java:setRole(184)) - f5624850-682f-4ec5-bb5c-f79627fc299e@group-C25BD028928E: changes role from CANDIDATE to FOLLOWER at term 175 for DISCOVERED_A_NEW_TERM
2019-10-15 16:29:58,220 [f5624850-682f-4ec5-bb5c-f79627fc299e@group-C25BD028928E-LeaderElection187] INFO  impl.RoleInfo (RoleInfo.java:shutdownLeaderElection(134)) - f5624850-682f-4ec5-bb5c-f79627fc299e: shutdown LeaderElection
2019-10-15 16:29:58,220 [f5624850-682f-4ec5-bb5c-f79627fc299e@group-C25BD028928E-LeaderElection187] INFO  impl.RoleInfo (RoleInfo.java:updateAndGet(143)) - f5624850-682f-4ec5-bb5c-f79627fc299e: start FollowerState
2019-10-15 16:29:58,400 [Thread-1684] INFO  impl.FollowerState (FollowerState.java:run(108)) - f5624850-682f-4ec5-bb5c-f79627fc299e@group-C25BD028928E-FollowerState: change to CANDIDATE, lastRpcTime:179ms, electionTimeout:179ms
2019-10-15 16:29:58,400 [Thread-1684] INFO  impl.RoleInfo (RoleInfo.java:shutdownFollowerState(121)) - f5624850-682f-4ec5-bb5c-f79627fc299e: shutdown FollowerState
2019-10-15 16:29:58,400 [Thread-1684] INFO  impl.RaftServerImpl (RaftServerImpl.java:setRole(184)) - f5624850-682f-4ec5-bb5c-f79627fc299e@group-C25BD028928E: changes role from  FOLLOWER to CANDIDATE at term 175 for changeToCandidate
2019-10-15 16:29:58,400 [Thread-1684] INFO  impl.RoleInfo (RoleInfo.java:updateAndGet(143)) - f5624850-682f-4ec5-bb5c-f79627fc299e: start LeaderElection
2019-10-15 16:29:58,420 [f5624850-682f-4ec5-bb5c-f79627fc299e@group-C25BD028928E-LeaderElection188] INFO  impl.LeaderElection (LeaderElection.java:askForVotes(178)) - f5624850-682f-4ec5-bb5c-f79627fc299e@group-C25BD028928E-LeaderElection188: begin an election at term 176 for -1: [f581660d-af3d-4f5f-b57d-f4cb54f048b9:192.168.164.239:42501, f5624850-682f-4ec5-bb5c-f79627fc299e:192.168.164.239:39499, 14091fe6-d183-4b46-be93-2ba964a39c73:192.168.164.239:34827], old=null
2019-10-15 16:29:58,421 [f5624850-682f-4ec5-bb5c-f79627fc299e@group-C25BD028928E-LeaderElection188] INFO  impl.LeaderElection (LogUtils.java:infoOrTrace(149)) - f5624850-682f-4ec5-bb5c-f79627fc299e@group-C25BD028928E-LeaderElection188 got exception when requesting votes: {}
java.util.concurrent.ExecutionException: org.apache.ratis.thirdparty.io.grpc.StatusRuntimeException: UNAVAILABLE: io exception
	at java.util.concurrent.FutureTask.report(FutureTask.java:122)
	at java.util.concurrent.FutureTask.get(FutureTask.java:192)
	at org.apache.ratis.server.impl.LeaderElection.waitForResults(LeaderElection.java:259)
	at org.apache.ratis.server.impl.LeaderElection.askForVotes(LeaderElection.java:197)
	at org.apache.ratis.server.impl.LeaderElection.run(LeaderElection.java:133)
	at java.lang.Thread.run(Thread.java:748)
Caused by: org.apache.ratis.thirdparty.io.grpc.StatusRuntimeException: UNAVAILABLE: io exception
	at org.apache.ratis.thirdparty.io.grpc.stub.ClientCalls.toStatusRuntimeException(ClientCalls.java:233)
	at org.apache.ratis.thirdparty.io.grpc.stub.ClientCalls.getUnchecked(ClientCalls.java:214)
	at org.apache.ratis.thirdparty.io.grpc.stub.ClientCalls.blockingUnaryCall(ClientCalls.java:139)
	at org.apache.ratis.proto.grpc.RaftServerProtocolServiceGrpc$RaftServerProtocolServiceBlockingStub.requestVote(RaftServerProtocolServiceGrpc.java:265)
	at org.apache.ratis.grpc.server.GrpcServerProtocolClient.requestVote(GrpcServerProtocolClient.java:99)
	at org.apache.ratis.grpc.server.GrpcService.requestVote(GrpcService.java:204)
	at org.apache.ratis.server.impl.LeaderElection.lambda$submitRequests$1(LeaderElection.java:234)
	at java.util.concurrent.FutureTask.run(FutureTask.java:266)
	at java.util.concurrent.Executors$RunnableAdapter.call(Executors.java:511)
	at java.util.concurrent.FutureTask.run(FutureTask.java:266)
	at java.util.concurrent.ThreadPoolExecutor.runWorker(ThreadPoolExecutor.java:1149)
	at java.util.concurrent.ThreadPoolExecutor$Worker.run(ThreadPoolExecutor.java:624)
	... 1 more
Caused by: org.apache.ratis.thirdparty.io.netty.channel.AbstractChannel$AnnotatedConnectException: Connection refused: /192.168.164.239:42501
	at sun.nio.ch.SocketChannelImpl.checkConnect(Native Method)
	at sun.nio.ch.SocketChannelImpl.finishConnect(SocketChannelImpl.java:717)
	at org.apache.ratis.thirdparty.io.netty.channel.socket.nio.NioSocketChannel.doFinishConnect(NioSocketChannel.java:327)
	at org.apache.ratis.thirdparty.io.netty.channel.nio.AbstractNioChannel$AbstractNioUnsafe.finishConnect(AbstractNioChannel.java:340)
	at org.apache.ratis.thirdparty.io.netty.channel.nio.NioEventLoop.processSelectedKey(NioEventLoop.java:632)
	at org.apache.ratis.thirdparty.io.netty.channel.nio.NioEventLoop.processSelectedKeysOptimized(NioEventLoop.java:579)
	at org.apache.ratis.thirdparty.io.netty.channel.nio.NioEventLoop.processSelectedKeys(NioEventLoop.java:496)
	at org.apache.ratis.thirdparty.io.netty.channel.nio.NioEventLoop.run(NioEventLoop.java:458)
	at org.apache.ratis.thirdparty.io.netty.util.concurrent.SingleThreadEventExecutor$5.run(SingleThreadEventExecutor.java:897)
	at org.apache.ratis.thirdparty.io.netty.util.concurrent.FastThreadLocalRunnable.run(FastThreadLocalRunnable.java:30)
	... 1 more
Caused by: java.net.ConnectException: Connection refused
	... 11 more
2019-10-15 16:29:58,423 [grpc-default-executor-10] INFO  impl.RaftServerImpl (RaftServerImpl.java:setRole(184)) - 14091fe6-d183-4b46-be93-2ba964a39c73@group-C25BD028928E: changes role from  FOLLOWER to FOLLOWER at term 176 for recognizeCandidate:f5624850-682f-4ec5-bb5c-f79627fc299e
2019-10-15 16:29:58,423 [grpc-default-executor-10] INFO  impl.RoleInfo (RoleInfo.java:shutdownFollowerState(121)) - 14091fe6-d183-4b46-be93-2ba964a39c73: shutdown FollowerState
2019-10-15 16:29:58,423 [grpc-default-executor-10] INFO  impl.RoleInfo (RoleInfo.java:updateAndGet(143)) - 14091fe6-d183-4b46-be93-2ba964a39c73: start FollowerState
2019-10-15 16:29:58,423 [Thread-1683] INFO  impl.FollowerState (FollowerState.java:run(117)) - 14091fe6-d183-4b46-be93-2ba964a39c73@group-C25BD028928E-FollowerState was interrupted: java.lang.InterruptedException: sleep interrupted
2019-10-15 16:29:58,446 [f5624850-682f-4ec5-bb5c-f79627fc299e@group-C25BD028928E-LeaderElection188] INFO  impl.LeaderElection (LeaderElection.java:logAndReturn(56)) - f5624850-682f-4ec5-bb5c-f79627fc299e@group-C25BD028928E-LeaderElection188: Election REJECTED; received 1 response(s) [f5624850-682f-4ec5-bb5c-f79627fc299e<-14091fe6-d183-4b46-be93-2ba964a39c73#0:FAIL-t176] and 1 exception(s); f5624850-682f-4ec5-bb5c-f79627fc299e@group-C25BD028928E:t176, leader=null, voted=f5624850-682f-4ec5-bb5c-f79627fc299e, raftlog=f5624850-682f-4ec5-bb5c-f79627fc299e@group-C25BD028928E-SegmentedRaftLog:OPENED:c-1,f-1,i0, conf=-1: [f581660d-af3d-4f5f-b57d-f4cb54f048b9:192.168.164.239:42501, f5624850-682f-4ec5-bb5c-f79627fc299e:192.168.164.239:39499, 14091fe6-d183-4b46-be93-2ba964a39c73:192.168.164.239:34827], old=null
2019-10-15 16:29:58,446 [f5624850-682f-4ec5-bb5c-f79627fc299e@group-C25BD028928E-LeaderElection188] INFO  impl.LeaderElection (LogUtils.java:infoOrTrace(149)) -   Exception 0: {}
java.util.concurrent.ExecutionException: org.apache.ratis.thirdparty.io.grpc.StatusRuntimeException: UNAVAILABLE: io exception
	at java.util.concurrent.FutureTask.report(FutureTask.java:122)
	at java.util.concurrent.FutureTask.get(FutureTask.java:192)
	at org.apache.ratis.server.impl.LeaderElection.waitForResults(LeaderElection.java:259)
	at org.apache.ratis.server.impl.LeaderElection.askForVotes(LeaderElection.java:197)
	at org.apache.ratis.server.impl.LeaderElection.run(LeaderElection.java:133)
	at java.lang.Thread.run(Thread.java:748)
Caused by: org.apache.ratis.thirdparty.io.grpc.StatusRuntimeException: UNAVAILABLE: io exception
	at org.apache.ratis.thirdparty.io.grpc.stub.ClientCalls.toStatusRuntimeException(ClientCalls.java:233)
	at org.apache.ratis.thirdparty.io.grpc.stub.ClientCalls.getUnchecked(ClientCalls.java:214)
	at org.apache.ratis.thirdparty.io.grpc.stub.ClientCalls.blockingUnaryCall(ClientCalls.java:139)
	at org.apache.ratis.proto.grpc.RaftServerProtocolServiceGrpc$RaftServerProtocolServiceBlockingStub.requestVote(RaftServerProtocolServiceGrpc.java:265)
	at org.apache.ratis.grpc.server.GrpcServerProtocolClient.requestVote(GrpcServerProtocolClient.java:99)
	at org.apache.ratis.grpc.server.GrpcService.requestVote(GrpcService.java:204)
	at org.apache.ratis.server.impl.LeaderElection.lambda$submitRequests$1(LeaderElection.java:234)
	at java.util.concurrent.FutureTask.run(FutureTask.java:266)
	at java.util.concurrent.Executors$RunnableAdapter.call(Executors.java:511)
	at java.util.concurrent.FutureTask.run(FutureTask.java:266)
	at java.util.concurrent.ThreadPoolExecutor.runWorker(ThreadPoolExecutor.java:1149)
	at java.util.concurrent.ThreadPoolExecutor$Worker.run(ThreadPoolExecutor.java:624)
	... 1 more
Caused by: org.apache.ratis.thirdparty.io.netty.channel.AbstractChannel$AnnotatedConnectException: Connection refused: /192.168.164.239:42501
	at sun.nio.ch.SocketChannelImpl.checkConnect(Native Method)
	at sun.nio.ch.SocketChannelImpl.finishConnect(SocketChannelImpl.java:717)
	at org.apache.ratis.thirdparty.io.netty.channel.socket.nio.NioSocketChannel.doFinishConnect(NioSocketChannel.java:327)
	at org.apache.ratis.thirdparty.io.netty.channel.nio.AbstractNioChannel$AbstractNioUnsafe.finishConnect(AbstractNioChannel.java:340)
	at org.apache.ratis.thirdparty.io.netty.channel.nio.NioEventLoop.processSelectedKey(NioEventLoop.java:632)
	at org.apache.ratis.thirdparty.io.netty.channel.nio.NioEventLoop.processSelectedKeysOptimized(NioEventLoop.java:579)
	at org.apache.ratis.thirdparty.io.netty.channel.nio.NioEventLoop.processSelectedKeys(NioEventLoop.java:496)
	at org.apache.ratis.thirdparty.io.netty.channel.nio.NioEventLoop.run(NioEventLoop.java:458)
	at org.apache.ratis.thirdparty.io.netty.util.concurrent.SingleThreadEventExecutor$5.run(SingleThreadEventExecutor.java:897)
	at org.apache.ratis.thirdparty.io.netty.util.concurrent.FastThreadLocalRunnable.run(FastThreadLocalRunnable.java:30)
	... 1 more
Caused by: java.net.ConnectException: Connection refused
	... 11 more
2019-10-15 16:29:58,447 [f5624850-682f-4ec5-bb5c-f79627fc299e@group-C25BD028928E-LeaderElection188] INFO  impl.RaftServerImpl (RaftServerImpl.java:setRole(184)) - f5624850-682f-4ec5-bb5c-f79627fc299e@group-C25BD028928E: changes role from CANDIDATE to FOLLOWER at term 176 for DISCOVERED_A_NEW_TERM
2019-10-15 16:29:58,447 [f5624850-682f-4ec5-bb5c-f79627fc299e@group-C25BD028928E-LeaderElection188] INFO  impl.RoleInfo (RoleInfo.java:shutdownLeaderElection(134)) - f5624850-682f-4ec5-bb5c-f79627fc299e: shutdown LeaderElection
2019-10-15 16:29:58,447 [f5624850-682f-4ec5-bb5c-f79627fc299e@group-C25BD028928E-LeaderElection188] INFO  impl.RoleInfo (RoleInfo.java:updateAndGet(143)) - f5624850-682f-4ec5-bb5c-f79627fc299e: start FollowerState
2019-10-15 16:29:58,537 [Thread-1656] INFO  impl.FollowerState (FollowerState.java:run(108)) - 24ee8ff7-dd07-49e6-bbcb-bb50ff0e8e36@group-F2FE1ED60945-FollowerState: change to CANDIDATE, lastRpcTime:1022ms, electionTimeout:1022ms
2019-10-15 16:29:58,537 [Thread-1656] INFO  impl.RoleInfo (RoleInfo.java:shutdownFollowerState(121)) - 24ee8ff7-dd07-49e6-bbcb-bb50ff0e8e36: shutdown FollowerState
2019-10-15 16:29:58,537 [Thread-1656] INFO  impl.RaftServerImpl (RaftServerImpl.java:setRole(184)) - 24ee8ff7-dd07-49e6-bbcb-bb50ff0e8e36@group-F2FE1ED60945: changes role from  FOLLOWER to CANDIDATE at term 7 for changeToCandidate
2019-10-15 16:29:58,538 [Thread-1656] INFO  impl.RoleInfo (RoleInfo.java:updateAndGet(143)) - 24ee8ff7-dd07-49e6-bbcb-bb50ff0e8e36: start LeaderElection
2019-10-15 16:29:58,554 [24ee8ff7-dd07-49e6-bbcb-bb50ff0e8e36@group-F2FE1ED60945-LeaderElection189] INFO  impl.LeaderElection (LeaderElection.java:askForVotes(178)) - 24ee8ff7-dd07-49e6-bbcb-bb50ff0e8e36@group-F2FE1ED60945-LeaderElection189: begin an election at term 8 for 0: [c48d8dfa-9e66-4eac-9ff2-02281a99dfa9:192.168.164.239:41652, cccd55fe-f481-4e2b-93ed-b6a86d13c378:192.168.164.239:35771, 24ee8ff7-dd07-49e6-bbcb-bb50ff0e8e36:192.168.164.239:45096], old=null
2019-10-15 16:29:58,555 [24ee8ff7-dd07-49e6-bbcb-bb50ff0e8e36@group-F2FE1ED60945-LeaderElection189] INFO  impl.LeaderElection (LogUtils.java:infoOrTrace(149)) - 24ee8ff7-dd07-49e6-bbcb-bb50ff0e8e36@group-F2FE1ED60945-LeaderElection189 got exception when requesting votes: {}
java.util.concurrent.ExecutionException: org.apache.ratis.thirdparty.io.grpc.StatusRuntimeException: UNAVAILABLE: io exception
	at java.util.concurrent.FutureTask.report(FutureTask.java:122)
	at java.util.concurrent.FutureTask.get(FutureTask.java:192)
	at org.apache.ratis.server.impl.LeaderElection.waitForResults(LeaderElection.java:259)
	at org.apache.ratis.server.impl.LeaderElection.askForVotes(LeaderElection.java:197)
	at org.apache.ratis.server.impl.LeaderElection.run(LeaderElection.java:133)
	at java.lang.Thread.run(Thread.java:748)
Caused by: org.apache.ratis.thirdparty.io.grpc.StatusRuntimeException: UNAVAILABLE: io exception
	at org.apache.ratis.thirdparty.io.grpc.stub.ClientCalls.toStatusRuntimeException(ClientCalls.java:233)
	at org.apache.ratis.thirdparty.io.grpc.stub.ClientCalls.getUnchecked(ClientCalls.java:214)
	at org.apache.ratis.thirdparty.io.grpc.stub.ClientCalls.blockingUnaryCall(ClientCalls.java:139)
	at org.apache.ratis.proto.grpc.RaftServerProtocolServiceGrpc$RaftServerProtocolServiceBlockingStub.requestVote(RaftServerProtocolServiceGrpc.java:265)
	at org.apache.ratis.grpc.server.GrpcServerProtocolClient.requestVote(GrpcServerProtocolClient.java:99)
	at org.apache.ratis.grpc.server.GrpcService.requestVote(GrpcService.java:204)
	at org.apache.ratis.server.impl.LeaderElection.lambda$submitRequests$1(LeaderElection.java:234)
	at java.util.concurrent.FutureTask.run(FutureTask.java:266)
	at java.util.concurrent.Executors$RunnableAdapter.call(Executors.java:511)
	at java.util.concurrent.FutureTask.run(FutureTask.java:266)
	at java.util.concurrent.ThreadPoolExecutor.runWorker(ThreadPoolExecutor.java:1149)
	at java.util.concurrent.ThreadPoolExecutor$Worker.run(ThreadPoolExecutor.java:624)
	... 1 more
Caused by: org.apache.ratis.thirdparty.io.netty.channel.AbstractChannel$AnnotatedConnectException: Connection refused: /192.168.164.239:41652
	at sun.nio.ch.SocketChannelImpl.checkConnect(Native Method)
	at sun.nio.ch.SocketChannelImpl.finishConnect(SocketChannelImpl.java:717)
	at org.apache.ratis.thirdparty.io.netty.channel.socket.nio.NioSocketChannel.doFinishConnect(NioSocketChannel.java:327)
	at org.apache.ratis.thirdparty.io.netty.channel.nio.AbstractNioChannel$AbstractNioUnsafe.finishConnect(AbstractNioChannel.java:340)
	at org.apache.ratis.thirdparty.io.netty.channel.nio.NioEventLoop.processSelectedKey(NioEventLoop.java:632)
	at org.apache.ratis.thirdparty.io.netty.channel.nio.NioEventLoop.processSelectedKeysOptimized(NioEventLoop.java:579)
	at org.apache.ratis.thirdparty.io.netty.channel.nio.NioEventLoop.processSelectedKeys(NioEventLoop.java:496)
	at org.apache.ratis.thirdparty.io.netty.channel.nio.NioEventLoop.run(NioEventLoop.java:458)
	at org.apache.ratis.thirdparty.io.netty.util.concurrent.SingleThreadEventExecutor$5.run(SingleThreadEventExecutor.java:897)
	at org.apache.ratis.thirdparty.io.netty.util.concurrent.FastThreadLocalRunnable.run(FastThreadLocalRunnable.java:30)
	... 1 more
Caused by: java.net.ConnectException: Connection refused
	... 11 more
2019-10-15 16:29:58,556 [24ee8ff7-dd07-49e6-bbcb-bb50ff0e8e36@group-F2FE1ED60945-LeaderElection189] INFO  impl.LeaderElection (LogUtils.java:infoOrTrace(149)) - 24ee8ff7-dd07-49e6-bbcb-bb50ff0e8e36@group-F2FE1ED60945-LeaderElection189 got exception when requesting votes: {}
java.util.concurrent.ExecutionException: org.apache.ratis.thirdparty.io.grpc.StatusRuntimeException: UNAVAILABLE: io exception
	at java.util.concurrent.FutureTask.report(FutureTask.java:122)
	at java.util.concurrent.FutureTask.get(FutureTask.java:192)
	at org.apache.ratis.server.impl.LeaderElection.waitForResults(LeaderElection.java:259)
	at org.apache.ratis.server.impl.LeaderElection.askForVotes(LeaderElection.java:197)
	at org.apache.ratis.server.impl.LeaderElection.run(LeaderElection.java:133)
	at java.lang.Thread.run(Thread.java:748)
Caused by: org.apache.ratis.thirdparty.io.grpc.StatusRuntimeException: UNAVAILABLE: io exception
	at org.apache.ratis.thirdparty.io.grpc.stub.ClientCalls.toStatusRuntimeException(ClientCalls.java:233)
	at org.apache.ratis.thirdparty.io.grpc.stub.ClientCalls.getUnchecked(ClientCalls.java:214)
	at org.apache.ratis.thirdparty.io.grpc.stub.ClientCalls.blockingUnaryCall(ClientCalls.java:139)
	at org.apache.ratis.proto.grpc.RaftServerProtocolServiceGrpc$RaftServerProtocolServiceBlockingStub.requestVote(RaftServerProtocolServiceGrpc.java:265)
	at org.apache.ratis.grpc.server.GrpcServerProtocolClient.requestVote(GrpcServerProtocolClient.java:99)
	at org.apache.ratis.grpc.server.GrpcService.requestVote(GrpcService.java:204)
	at org.apache.ratis.server.impl.LeaderElection.lambda$submitRequests$1(LeaderElection.java:234)
	at java.util.concurrent.FutureTask.run(FutureTask.java:266)
	at java.util.concurrent.Executors$RunnableAdapter.call(Executors.java:511)
	at java.util.concurrent.FutureTask.run(FutureTask.java:266)
	at java.util.concurrent.ThreadPoolExecutor.runWorker(ThreadPoolExecutor.java:1149)
	at java.util.concurrent.ThreadPoolExecutor$Worker.run(ThreadPoolExecutor.java:624)
	... 1 more
Caused by: org.apache.ratis.thirdparty.io.netty.channel.AbstractChannel$AnnotatedConnectException: Connection refused: /192.168.164.239:35771
	at sun.nio.ch.SocketChannelImpl.checkConnect(Native Method)
	at sun.nio.ch.SocketChannelImpl.finishConnect(SocketChannelImpl.java:717)
	at org.apache.ratis.thirdparty.io.netty.channel.socket.nio.NioSocketChannel.doFinishConnect(NioSocketChannel.java:327)
	at org.apache.ratis.thirdparty.io.netty.channel.nio.AbstractNioChannel$AbstractNioUnsafe.finishConnect(AbstractNioChannel.java:340)
	at org.apache.ratis.thirdparty.io.netty.channel.nio.NioEventLoop.processSelectedKey(NioEventLoop.java:632)
	at org.apache.ratis.thirdparty.io.netty.channel.nio.NioEventLoop.processSelectedKeysOptimized(NioEventLoop.java:579)
	at org.apache.ratis.thirdparty.io.netty.channel.nio.NioEventLoop.processSelectedKeys(NioEventLoop.java:496)
	at org.apache.ratis.thirdparty.io.netty.channel.nio.NioEventLoop.run(NioEventLoop.java:458)
	at org.apache.ratis.thirdparty.io.netty.util.concurrent.SingleThreadEventExecutor$5.run(SingleThreadEventExecutor.java:897)
	at org.apache.ratis.thirdparty.io.netty.util.concurrent.FastThreadLocalRunnable.run(FastThreadLocalRunnable.java:30)
	... 1 more
Caused by: java.net.ConnectException: Connection refused
	... 11 more
2019-10-15 16:29:58,556 [24ee8ff7-dd07-49e6-bbcb-bb50ff0e8e36@group-F2FE1ED60945-LeaderElection189] INFO  impl.LeaderElection (LeaderElection.java:logAndReturn(56)) - 24ee8ff7-dd07-49e6-bbcb-bb50ff0e8e36@group-F2FE1ED60945-LeaderElection189: Election REJECTED; received 0 response(s) [] and 2 exception(s); 24ee8ff7-dd07-49e6-bbcb-bb50ff0e8e36@group-F2FE1ED60945:t8, leader=null, voted=24ee8ff7-dd07-49e6-bbcb-bb50ff0e8e36, raftlog=24ee8ff7-dd07-49e6-bbcb-bb50ff0e8e36@group-F2FE1ED60945-SegmentedRaftLog:OPENED:c0,f0,i0, conf=0: [c48d8dfa-9e66-4eac-9ff2-02281a99dfa9:192.168.164.239:41652, cccd55fe-f481-4e2b-93ed-b6a86d13c378:192.168.164.239:35771, 24ee8ff7-dd07-49e6-bbcb-bb50ff0e8e36:192.168.164.239:45096], old=null
2019-10-15 16:29:58,556 [24ee8ff7-dd07-49e6-bbcb-bb50ff0e8e36@group-F2FE1ED60945-LeaderElection189] INFO  impl.LeaderElection (LogUtils.java:infoOrTrace(149)) -   Exception 0: {}
java.util.concurrent.ExecutionException: org.apache.ratis.thirdparty.io.grpc.StatusRuntimeException: UNAVAILABLE: io exception
	at java.util.concurrent.FutureTask.report(FutureTask.java:122)
	at java.util.concurrent.FutureTask.get(FutureTask.java:192)
	at org.apache.ratis.server.impl.LeaderElection.waitForResults(LeaderElection.java:259)
	at org.apache.ratis.server.impl.LeaderElection.askForVotes(LeaderElection.java:197)
	at org.apache.ratis.server.impl.LeaderElection.run(LeaderElection.java:133)
	at java.lang.Thread.run(Thread.java:748)
Caused by: org.apache.ratis.thirdparty.io.grpc.StatusRuntimeException: UNAVAILABLE: io exception
	at org.apache.ratis.thirdparty.io.grpc.stub.ClientCalls.toStatusRuntimeException(ClientCalls.java:233)
	at org.apache.ratis.thirdparty.io.grpc.stub.ClientCalls.getUnchecked(ClientCalls.java:214)
	at org.apache.ratis.thirdparty.io.grpc.stub.ClientCalls.blockingUnaryCall(ClientCalls.java:139)
	at org.apache.ratis.proto.grpc.RaftServerProtocolServiceGrpc$RaftServerProtocolServiceBlockingStub.requestVote(RaftServerProtocolServiceGrpc.java:265)
	at org.apache.ratis.grpc.server.GrpcServerProtocolClient.requestVote(GrpcServerProtocolClient.java:99)
	at org.apache.ratis.grpc.server.GrpcService.requestVote(GrpcService.java:204)
	at org.apache.ratis.server.impl.LeaderElection.lambda$submitRequests$1(LeaderElection.java:234)
	at java.util.concurrent.FutureTask.run(FutureTask.java:266)
	at java.util.concurrent.Executors$RunnableAdapter.call(Executors.java:511)
	at java.util.concurrent.FutureTask.run(FutureTask.java:266)
	at java.util.concurrent.ThreadPoolExecutor.runWorker(ThreadPoolExecutor.java:1149)
	at java.util.concurrent.ThreadPoolExecutor$Worker.run(ThreadPoolExecutor.java:624)
	... 1 more
Caused by: org.apache.ratis.thirdparty.io.netty.channel.AbstractChannel$AnnotatedConnectException: Connection refused: /192.168.164.239:41652
	at sun.nio.ch.SocketChannelImpl.checkConnect(Native Method)
	at sun.nio.ch.SocketChannelImpl.finishConnect(SocketChannelImpl.java:717)
	at org.apache.ratis.thirdparty.io.netty.channel.socket.nio.NioSocketChannel.doFinishConnect(NioSocketChannel.java:327)
	at org.apache.ratis.thirdparty.io.netty.channel.nio.AbstractNioChannel$AbstractNioUnsafe.finishConnect(AbstractNioChannel.java:340)
	at org.apache.ratis.thirdparty.io.netty.channel.nio.NioEventLoop.processSelectedKey(NioEventLoop.java:632)
	at org.apache.ratis.thirdparty.io.netty.channel.nio.NioEventLoop.processSelectedKeysOptimized(NioEventLoop.java:579)
	at org.apache.ratis.thirdparty.io.netty.channel.nio.NioEventLoop.processSelectedKeys(NioEventLoop.java:496)
	at org.apache.ratis.thirdparty.io.netty.channel.nio.NioEventLoop.run(NioEventLoop.java:458)
	at org.apache.ratis.thirdparty.io.netty.util.concurrent.SingleThreadEventExecutor$5.run(SingleThreadEventExecutor.java:897)
	at org.apache.ratis.thirdparty.io.netty.util.concurrent.FastThreadLocalRunnable.run(FastThreadLocalRunnable.java:30)
	... 1 more
Caused by: java.net.ConnectException: Connection refused
	... 11 more
2019-10-15 16:29:58,556 [24ee8ff7-dd07-49e6-bbcb-bb50ff0e8e36@group-F2FE1ED60945-LeaderElection189] INFO  impl.LeaderElection (LogUtils.java:infoOrTrace(149)) -   Exception 1: {}
java.util.concurrent.ExecutionException: org.apache.ratis.thirdparty.io.grpc.StatusRuntimeException: UNAVAILABLE: io exception
	at java.util.concurrent.FutureTask.report(FutureTask.java:122)
	at java.util.concurrent.FutureTask.get(FutureTask.java:192)
	at org.apache.ratis.server.impl.LeaderElection.waitForResults(LeaderElection.java:259)
	at org.apache.ratis.server.impl.LeaderElection.askForVotes(LeaderElection.java:197)
	at org.apache.ratis.server.impl.LeaderElection.run(LeaderElection.java:133)
	at java.lang.Thread.run(Thread.java:748)
Caused by: org.apache.ratis.thirdparty.io.grpc.StatusRuntimeException: UNAVAILABLE: io exception
	at org.apache.ratis.thirdparty.io.grpc.stub.ClientCalls.toStatusRuntimeException(ClientCalls.java:233)
	at org.apache.ratis.thirdparty.io.grpc.stub.ClientCalls.getUnchecked(ClientCalls.java:214)
	at org.apache.ratis.thirdparty.io.grpc.stub.ClientCalls.blockingUnaryCall(ClientCalls.java:139)
	at org.apache.ratis.proto.grpc.RaftServerProtocolServiceGrpc$RaftServerProtocolServiceBlockingStub.requestVote(RaftServerProtocolServiceGrpc.java:265)
	at org.apache.ratis.grpc.server.GrpcServerProtocolClient.requestVote(GrpcServerProtocolClient.java:99)
	at org.apache.ratis.grpc.server.GrpcService.requestVote(GrpcService.java:204)
	at org.apache.ratis.server.impl.LeaderElection.lambda$submitRequests$1(LeaderElection.java:234)
	at java.util.concurrent.FutureTask.run(FutureTask.java:266)
	at java.util.concurrent.Executors$RunnableAdapter.call(Executors.java:511)
	at java.util.concurrent.FutureTask.run(FutureTask.java:266)
	at java.util.concurrent.ThreadPoolExecutor.runWorker(ThreadPoolExecutor.java:1149)
	at java.util.concurrent.ThreadPoolExecutor$Worker.run(ThreadPoolExecutor.java:624)
	... 1 more
Caused by: org.apache.ratis.thirdparty.io.netty.channel.AbstractChannel$AnnotatedConnectException: Connection refused: /192.168.164.239:35771
	at sun.nio.ch.SocketChannelImpl.checkConnect(Native Method)
	at sun.nio.ch.SocketChannelImpl.finishConnect(SocketChannelImpl.java:717)
	at org.apache.ratis.thirdparty.io.netty.channel.socket.nio.NioSocketChannel.doFinishConnect(NioSocketChannel.java:327)
	at org.apache.ratis.thirdparty.io.netty.channel.nio.AbstractNioChannel$AbstractNioUnsafe.finishConnect(AbstractNioChannel.java:340)
	at org.apache.ratis.thirdparty.io.netty.channel.nio.NioEventLoop.processSelectedKey(NioEventLoop.java:632)
	at org.apache.ratis.thirdparty.io.netty.channel.nio.NioEventLoop.processSelectedKeysOptimized(NioEventLoop.java:579)
	at org.apache.ratis.thirdparty.io.netty.channel.nio.NioEventLoop.processSelectedKeys(NioEventLoop.java:496)
	at org.apache.ratis.thirdparty.io.netty.channel.nio.NioEventLoop.run(NioEventLoop.java:458)
	at org.apache.ratis.thirdparty.io.netty.util.concurrent.SingleThreadEventExecutor$5.run(SingleThreadEventExecutor.java:897)
	at org.apache.ratis.thirdparty.io.netty.util.concurrent.FastThreadLocalRunnable.run(FastThreadLocalRunnable.java:30)
	... 1 more
Caused by: java.net.ConnectException: Connection refused
	... 11 more
2019-10-15 16:29:58,556 [24ee8ff7-dd07-49e6-bbcb-bb50ff0e8e36@group-F2FE1ED60945-LeaderElection189] INFO  impl.RaftServerImpl (RaftServerImpl.java:setRole(184)) - 24ee8ff7-dd07-49e6-bbcb-bb50ff0e8e36@group-F2FE1ED60945: changes role from CANDIDATE to FOLLOWER at term 8 for DISCOVERED_A_NEW_TERM
2019-10-15 16:29:58,556 [24ee8ff7-dd07-49e6-bbcb-bb50ff0e8e36@group-F2FE1ED60945-LeaderElection189] INFO  impl.RoleInfo (RoleInfo.java:shutdownLeaderElection(134)) - 24ee8ff7-dd07-49e6-bbcb-bb50ff0e8e36: shutdown LeaderElection
2019-10-15 16:29:58,556 [24ee8ff7-dd07-49e6-bbcb-bb50ff0e8e36@group-F2FE1ED60945-LeaderElection189] INFO  impl.RoleInfo (RoleInfo.java:updateAndGet(143)) - 24ee8ff7-dd07-49e6-bbcb-bb50ff0e8e36: start FollowerState
2019-10-15 16:29:58,623 [Thread-1689] INFO  impl.FollowerState (FollowerState.java:run(108)) - f5624850-682f-4ec5-bb5c-f79627fc299e@group-C25BD028928E-FollowerState: change to CANDIDATE, lastRpcTime:175ms, electionTimeout:175ms
2019-10-15 16:29:58,623 [Thread-1689] INFO  impl.RoleInfo (RoleInfo.java:shutdownFollowerState(121)) - f5624850-682f-4ec5-bb5c-f79627fc299e: shutdown FollowerState
2019-10-15 16:29:58,623 [Thread-1689] INFO  impl.RaftServerImpl (RaftServerImpl.java:setRole(184)) - f5624850-682f-4ec5-bb5c-f79627fc299e@group-C25BD028928E: changes role from  FOLLOWER to CANDIDATE at term 176 for changeToCandidate
2019-10-15 16:29:58,623 [Thread-1689] INFO  impl.RoleInfo (RoleInfo.java:updateAndGet(143)) - f5624850-682f-4ec5-bb5c-f79627fc299e: start LeaderElection
2019-10-15 16:29:58,648 [java.util.concurrent.ThreadPoolExecutor$Worker@6e96881a[State = -1, empty queue]] WARN  server.GrpcLogAppender (GrpcLogAppender.java:timeoutAppendRequest(209)) - 0bff853f-e43c-4347-b3e4-d8621042c42b@group-AF37DB7271F3->6af1a5bd-f075-405e-b6a5-6d145eedd789-GrpcLogAppender: appendEntries Timeout, request=0bff853f-e43c-4347-b3e4-d8621042c42b->6af1a5bd-f075-405e-b6a5-6d145eedd789#60-t7, previous=(t:7, i:19), leaderCommit=19, initializing? false, entries: <empty>
2019-10-15 16:29:58,648 [f5624850-682f-4ec5-bb5c-f79627fc299e@group-C25BD028928E-LeaderElection190] INFO  impl.LeaderElection (LeaderElection.java:askForVotes(178)) - f5624850-682f-4ec5-bb5c-f79627fc299e@group-C25BD028928E-LeaderElection190: begin an election at term 177 for -1: [f581660d-af3d-4f5f-b57d-f4cb54f048b9:192.168.164.239:42501, f5624850-682f-4ec5-bb5c-f79627fc299e:192.168.164.239:39499, 14091fe6-d183-4b46-be93-2ba964a39c73:192.168.164.239:34827], old=null
2019-10-15 16:29:58,649 [f5624850-682f-4ec5-bb5c-f79627fc299e@group-C25BD028928E-LeaderElection190] INFO  impl.LeaderElection (LogUtils.java:infoOrTrace(149)) - f5624850-682f-4ec5-bb5c-f79627fc299e@group-C25BD028928E-LeaderElection190 got exception when requesting votes: {}
java.util.concurrent.ExecutionException: org.apache.ratis.thirdparty.io.grpc.StatusRuntimeException: UNAVAILABLE: io exception
	at java.util.concurrent.FutureTask.report(FutureTask.java:122)
	at java.util.concurrent.FutureTask.get(FutureTask.java:192)
	at org.apache.ratis.server.impl.LeaderElection.waitForResults(LeaderElection.java:259)
	at org.apache.ratis.server.impl.LeaderElection.askForVotes(LeaderElection.java:197)
	at org.apache.ratis.server.impl.LeaderElection.run(LeaderElection.java:133)
	at java.lang.Thread.run(Thread.java:748)
Caused by: org.apache.ratis.thirdparty.io.grpc.StatusRuntimeException: UNAVAILABLE: io exception
	at org.apache.ratis.thirdparty.io.grpc.stub.ClientCalls.toStatusRuntimeException(ClientCalls.java:233)
	at org.apache.ratis.thirdparty.io.grpc.stub.ClientCalls.getUnchecked(ClientCalls.java:214)
	at org.apache.ratis.thirdparty.io.grpc.stub.ClientCalls.blockingUnaryCall(ClientCalls.java:139)
	at org.apache.ratis.proto.grpc.RaftServerProtocolServiceGrpc$RaftServerProtocolServiceBlockingStub.requestVote(RaftServerProtocolServiceGrpc.java:265)
	at org.apache.ratis.grpc.server.GrpcServerProtocolClient.requestVote(GrpcServerProtocolClient.java:99)
	at org.apache.ratis.grpc.server.GrpcService.requestVote(GrpcService.java:204)
	at org.apache.ratis.server.impl.LeaderElection.lambda$submitRequests$1(LeaderElection.java:234)
	at java.util.concurrent.FutureTask.run(FutureTask.java:266)
	at java.util.concurrent.Executors$RunnableAdapter.call(Executors.java:511)
	at java.util.concurrent.FutureTask.run(FutureTask.java:266)
	at java.util.concurrent.ThreadPoolExecutor.runWorker(ThreadPoolExecutor.java:1149)
	at java.util.concurrent.ThreadPoolExecutor$Worker.run(ThreadPoolExecutor.java:624)
	... 1 more
Caused by: org.apache.ratis.thirdparty.io.netty.channel.AbstractChannel$AnnotatedConnectException: Connection refused: /192.168.164.239:42501
	at sun.nio.ch.SocketChannelImpl.checkConnect(Native Method)
	at sun.nio.ch.SocketChannelImpl.finishConnect(SocketChannelImpl.java:717)
	at org.apache.ratis.thirdparty.io.netty.channel.socket.nio.NioSocketChannel.doFinishConnect(NioSocketChannel.java:327)
	at org.apache.ratis.thirdparty.io.netty.channel.nio.AbstractNioChannel$AbstractNioUnsafe.finishConnect(AbstractNioChannel.java:340)
	at org.apache.ratis.thirdparty.io.netty.channel.nio.NioEventLoop.processSelectedKey(NioEventLoop.java:632)
	at org.apache.ratis.thirdparty.io.netty.channel.nio.NioEventLoop.processSelectedKeysOptimized(NioEventLoop.java:579)
	at org.apache.ratis.thirdparty.io.netty.channel.nio.NioEventLoop.processSelectedKeys(NioEventLoop.java:496)
	at org.apache.ratis.thirdparty.io.netty.channel.nio.NioEventLoop.run(NioEventLoop.java:458)
	at org.apache.ratis.thirdparty.io.netty.util.concurrent.SingleThreadEventExecutor$5.run(SingleThreadEventExecutor.java:897)
	at org.apache.ratis.thirdparty.io.netty.util.concurrent.FastThreadLocalRunnable.run(FastThreadLocalRunnable.java:30)
	... 1 more
Caused by: java.net.ConnectException: Connection refused
	... 11 more
2019-10-15 16:29:58,650 [grpc-default-executor-10] INFO  impl.RaftServerImpl (RaftServerImpl.java:setRole(184)) - 14091fe6-d183-4b46-be93-2ba964a39c73@group-C25BD028928E: changes role from  FOLLOWER to FOLLOWER at term 177 for recognizeCandidate:f5624850-682f-4ec5-bb5c-f79627fc299e
2019-10-15 16:29:58,650 [grpc-default-executor-10] INFO  impl.RoleInfo (RoleInfo.java:shutdownFollowerState(121)) - 14091fe6-d183-4b46-be93-2ba964a39c73: shutdown FollowerState
2019-10-15 16:29:58,650 [grpc-default-executor-10] INFO  impl.RoleInfo (RoleInfo.java:updateAndGet(143)) - 14091fe6-d183-4b46-be93-2ba964a39c73: start FollowerState
2019-10-15 16:29:58,650 [Thread-1688] INFO  impl.FollowerState (FollowerState.java:run(117)) - 14091fe6-d183-4b46-be93-2ba964a39c73@group-C25BD028928E-FollowerState was interrupted: java.lang.InterruptedException: sleep interrupted
2019-10-15 16:29:58,666 [f5624850-682f-4ec5-bb5c-f79627fc299e@group-C25BD028928E-LeaderElection190] INFO  impl.LeaderElection (LeaderElection.java:logAndReturn(56)) - f5624850-682f-4ec5-bb5c-f79627fc299e@group-C25BD028928E-LeaderElection190: Election REJECTED; received 1 response(s) [f5624850-682f-4ec5-bb5c-f79627fc299e<-14091fe6-d183-4b46-be93-2ba964a39c73#0:FAIL-t177] and 1 exception(s); f5624850-682f-4ec5-bb5c-f79627fc299e@group-C25BD028928E:t177, leader=null, voted=f5624850-682f-4ec5-bb5c-f79627fc299e, raftlog=f5624850-682f-4ec5-bb5c-f79627fc299e@group-C25BD028928E-SegmentedRaftLog:OPENED:c-1,f-1,i0, conf=-1: [f581660d-af3d-4f5f-b57d-f4cb54f048b9:192.168.164.239:42501, f5624850-682f-4ec5-bb5c-f79627fc299e:192.168.164.239:39499, 14091fe6-d183-4b46-be93-2ba964a39c73:192.168.164.239:34827], old=null
2019-10-15 16:29:58,666 [f5624850-682f-4ec5-bb5c-f79627fc299e@group-C25BD028928E-LeaderElection190] INFO  impl.LeaderElection (LogUtils.java:infoOrTrace(149)) -   Exception 0: {}
java.util.concurrent.ExecutionException: org.apache.ratis.thirdparty.io.grpc.StatusRuntimeException: UNAVAILABLE: io exception
	at java.util.concurrent.FutureTask.report(FutureTask.java:122)
	at java.util.concurrent.FutureTask.get(FutureTask.java:192)
	at org.apache.ratis.server.impl.LeaderElection.waitForResults(LeaderElection.java:259)
	at org.apache.ratis.server.impl.LeaderElection.askForVotes(LeaderElection.java:197)
	at org.apache.ratis.server.impl.LeaderElection.run(LeaderElection.java:133)
	at java.lang.Thread.run(Thread.java:748)
Caused by: org.apache.ratis.thirdparty.io.grpc.StatusRuntimeException: UNAVAILABLE: io exception
	at org.apache.ratis.thirdparty.io.grpc.stub.ClientCalls.toStatusRuntimeException(ClientCalls.java:233)
	at org.apache.ratis.thirdparty.io.grpc.stub.ClientCalls.getUnchecked(ClientCalls.java:214)
	at org.apache.ratis.thirdparty.io.grpc.stub.ClientCalls.blockingUnaryCall(ClientCalls.java:139)
	at org.apache.ratis.proto.grpc.RaftServerProtocolServiceGrpc$RaftServerProtocolServiceBlockingStub.requestVote(RaftServerProtocolServiceGrpc.java:265)
	at org.apache.ratis.grpc.server.GrpcServerProtocolClient.requestVote(GrpcServerProtocolClient.java:99)
	at org.apache.ratis.grpc.server.GrpcService.requestVote(GrpcService.java:204)
	at org.apache.ratis.server.impl.LeaderElection.lambda$submitRequests$1(LeaderElection.java:234)
	at java.util.concurrent.FutureTask.run(FutureTask.java:266)
	at java.util.concurrent.Executors$RunnableAdapter.call(Executors.java:511)
	at java.util.concurrent.FutureTask.run(FutureTask.java:266)
	at java.util.concurrent.ThreadPoolExecutor.runWorker(ThreadPoolExecutor.java:1149)
	at java.util.concurrent.ThreadPoolExecutor$Worker.run(ThreadPoolExecutor.java:624)
	... 1 more
Caused by: org.apache.ratis.thirdparty.io.netty.channel.AbstractChannel$AnnotatedConnectException: Connection refused: /192.168.164.239:42501
	at sun.nio.ch.SocketChannelImpl.checkConnect(Native Method)
	at sun.nio.ch.SocketChannelImpl.finishConnect(SocketChannelImpl.java:717)
	at org.apache.ratis.thirdparty.io.netty.channel.socket.nio.NioSocketChannel.doFinishConnect(NioSocketChannel.java:327)
	at org.apache.ratis.thirdparty.io.netty.channel.nio.AbstractNioChannel$AbstractNioUnsafe.finishConnect(AbstractNioChannel.java:340)
	at org.apache.ratis.thirdparty.io.netty.channel.nio.NioEventLoop.processSelectedKey(NioEventLoop.java:632)
	at org.apache.ratis.thirdparty.io.netty.channel.nio.NioEventLoop.processSelectedKeysOptimized(NioEventLoop.java:579)
	at org.apache.ratis.thirdparty.io.netty.channel.nio.NioEventLoop.processSelectedKeys(NioEventLoop.java:496)
	at org.apache.ratis.thirdparty.io.netty.channel.nio.NioEventLoop.run(NioEventLoop.java:458)
	at org.apache.ratis.thirdparty.io.netty.util.concurrent.SingleThreadEventExecutor$5.run(SingleThreadEventExecutor.java:897)
	at org.apache.ratis.thirdparty.io.netty.util.concurrent.FastThreadLocalRunnable.run(FastThreadLocalRunnable.java:30)
	... 1 more
Caused by: java.net.ConnectException: Connection refused
	... 11 more
2019-10-15 16:29:58,667 [f5624850-682f-4ec5-bb5c-f79627fc299e@group-C25BD028928E-LeaderElection190] INFO  impl.RaftServerImpl (RaftServerImpl.java:setRole(184)) - f5624850-682f-4ec5-bb5c-f79627fc299e@group-C25BD028928E: changes role from CANDIDATE to FOLLOWER at term 177 for DISCOVERED_A_NEW_TERM
2019-10-15 16:29:58,667 [f5624850-682f-4ec5-bb5c-f79627fc299e@group-C25BD028928E-LeaderElection190] INFO  impl.RoleInfo (RoleInfo.java:shutdownLeaderElection(134)) - f5624850-682f-4ec5-bb5c-f79627fc299e: shutdown LeaderElection
2019-10-15 16:29:58,667 [f5624850-682f-4ec5-bb5c-f79627fc299e@group-C25BD028928E-LeaderElection190] INFO  impl.RoleInfo (RoleInfo.java:updateAndGet(143)) - f5624850-682f-4ec5-bb5c-f79627fc299e: start FollowerState
2019-10-15 16:29:58,853 [Thread-1699] INFO  impl.FollowerState (FollowerState.java:run(108)) - f5624850-682f-4ec5-bb5c-f79627fc299e@group-C25BD028928E-FollowerState: change to CANDIDATE, lastRpcTime:186ms, electionTimeout:186ms
2019-10-15 16:29:58,853 [Thread-1699] INFO  impl.RoleInfo (RoleInfo.java:shutdownFollowerState(121)) - f5624850-682f-4ec5-bb5c-f79627fc299e: shutdown FollowerState
2019-10-15 16:29:58,853 [Thread-1699] INFO  impl.RaftServerImpl (RaftServerImpl.java:setRole(184)) - f5624850-682f-4ec5-bb5c-f79627fc299e@group-C25BD028928E: changes role from  FOLLOWER to CANDIDATE at term 177 for changeToCandidate
2019-10-15 16:29:58,854 [Thread-1699] INFO  impl.RoleInfo (RoleInfo.java:updateAndGet(143)) - f5624850-682f-4ec5-bb5c-f79627fc299e: start LeaderElection
2019-10-15 16:29:58,888 [f5624850-682f-4ec5-bb5c-f79627fc299e@group-C25BD028928E-LeaderElection191] INFO  impl.LeaderElection (LeaderElection.java:askForVotes(178)) - f5624850-682f-4ec5-bb5c-f79627fc299e@group-C25BD028928E-LeaderElection191: begin an election at term 178 for -1: [f581660d-af3d-4f5f-b57d-f4cb54f048b9:192.168.164.239:42501, f5624850-682f-4ec5-bb5c-f79627fc299e:192.168.164.239:39499, 14091fe6-d183-4b46-be93-2ba964a39c73:192.168.164.239:34827], old=null
2019-10-15 16:29:58,889 [f5624850-682f-4ec5-bb5c-f79627fc299e@group-C25BD028928E-LeaderElection191] INFO  impl.LeaderElection (LogUtils.java:infoOrTrace(149)) - f5624850-682f-4ec5-bb5c-f79627fc299e@group-C25BD028928E-LeaderElection191 got exception when requesting votes: {}
java.util.concurrent.ExecutionException: org.apache.ratis.thirdparty.io.grpc.StatusRuntimeException: UNAVAILABLE: io exception
	at java.util.concurrent.FutureTask.report(FutureTask.java:122)
	at java.util.concurrent.FutureTask.get(FutureTask.java:192)
	at org.apache.ratis.server.impl.LeaderElection.waitForResults(LeaderElection.java:259)
	at org.apache.ratis.server.impl.LeaderElection.askForVotes(LeaderElection.java:197)
	at org.apache.ratis.server.impl.LeaderElection.run(LeaderElection.java:133)
	at java.lang.Thread.run(Thread.java:748)
Caused by: org.apache.ratis.thirdparty.io.grpc.StatusRuntimeException: UNAVAILABLE: io exception
	at org.apache.ratis.thirdparty.io.grpc.stub.ClientCalls.toStatusRuntimeException(ClientCalls.java:233)
	at org.apache.ratis.thirdparty.io.grpc.stub.ClientCalls.getUnchecked(ClientCalls.java:214)
	at org.apache.ratis.thirdparty.io.grpc.stub.ClientCalls.blockingUnaryCall(ClientCalls.java:139)
	at org.apache.ratis.proto.grpc.RaftServerProtocolServiceGrpc$RaftServerProtocolServiceBlockingStub.requestVote(RaftServerProtocolServiceGrpc.java:265)
	at org.apache.ratis.grpc.server.GrpcServerProtocolClient.requestVote(GrpcServerProtocolClient.java:99)
	at org.apache.ratis.grpc.server.GrpcService.requestVote(GrpcService.java:204)
	at org.apache.ratis.server.impl.LeaderElection.lambda$submitRequests$1(LeaderElection.java:234)
	at java.util.concurrent.FutureTask.run(FutureTask.java:266)
	at java.util.concurrent.Executors$RunnableAdapter.call(Executors.java:511)
	at java.util.concurrent.FutureTask.run(FutureTask.java:266)
	at java.util.concurrent.ThreadPoolExecutor.runWorker(ThreadPoolExecutor.java:1149)
	at java.util.concurrent.ThreadPoolExecutor$Worker.run(ThreadPoolExecutor.java:624)
	... 1 more
Caused by: org.apache.ratis.thirdparty.io.netty.channel.AbstractChannel$AnnotatedConnectException: Connection refused: /192.168.164.239:42501
	at sun.nio.ch.SocketChannelImpl.checkConnect(Native Method)
	at sun.nio.ch.SocketChannelImpl.finishConnect(SocketChannelImpl.java:717)
	at org.apache.ratis.thirdparty.io.netty.channel.socket.nio.NioSocketChannel.doFinishConnect(NioSocketChannel.java:327)
	at org.apache.ratis.thirdparty.io.netty.channel.nio.AbstractNioChannel$AbstractNioUnsafe.finishConnect(AbstractNioChannel.java:340)
	at org.apache.ratis.thirdparty.io.netty.channel.nio.NioEventLoop.processSelectedKey(NioEventLoop.java:632)
	at org.apache.ratis.thirdparty.io.netty.channel.nio.NioEventLoop.processSelectedKeysOptimized(NioEventLoop.java:579)
	at org.apache.ratis.thirdparty.io.netty.channel.nio.NioEventLoop.processSelectedKeys(NioEventLoop.java:496)
	at org.apache.ratis.thirdparty.io.netty.channel.nio.NioEventLoop.run(NioEventLoop.java:458)
	at org.apache.ratis.thirdparty.io.netty.util.concurrent.SingleThreadEventExecutor$5.run(SingleThreadEventExecutor.java:897)
	at org.apache.ratis.thirdparty.io.netty.util.concurrent.FastThreadLocalRunnable.run(FastThreadLocalRunnable.java:30)
	... 1 more
Caused by: java.net.ConnectException: Connection refused
	... 11 more
2019-10-15 16:29:58,891 [grpc-default-executor-10] INFO  impl.RaftServerImpl (RaftServerImpl.java:setRole(184)) - 14091fe6-d183-4b46-be93-2ba964a39c73@group-C25BD028928E: changes role from  FOLLOWER to FOLLOWER at term 178 for recognizeCandidate:f5624850-682f-4ec5-bb5c-f79627fc299e
2019-10-15 16:29:58,891 [grpc-default-executor-10] INFO  impl.RoleInfo (RoleInfo.java:shutdownFollowerState(121)) - 14091fe6-d183-4b46-be93-2ba964a39c73: shutdown FollowerState
2019-10-15 16:29:58,891 [grpc-default-executor-10] INFO  impl.RoleInfo (RoleInfo.java:updateAndGet(143)) - 14091fe6-d183-4b46-be93-2ba964a39c73: start FollowerState
2019-10-15 16:29:58,891 [Thread-1697] INFO  impl.FollowerState (FollowerState.java:run(117)) - 14091fe6-d183-4b46-be93-2ba964a39c73@group-C25BD028928E-FollowerState was interrupted: java.lang.InterruptedException: sleep interrupted
2019-10-15 16:29:58,906 [f5624850-682f-4ec5-bb5c-f79627fc299e@group-C25BD028928E-LeaderElection191] INFO  impl.LeaderElection (LeaderElection.java:logAndReturn(56)) - f5624850-682f-4ec5-bb5c-f79627fc299e@group-C25BD028928E-LeaderElection191: Election REJECTED; received 1 response(s) [f5624850-682f-4ec5-bb5c-f79627fc299e<-14091fe6-d183-4b46-be93-2ba964a39c73#0:FAIL-t178] and 1 exception(s); f5624850-682f-4ec5-bb5c-f79627fc299e@group-C25BD028928E:t178, leader=null, voted=f5624850-682f-4ec5-bb5c-f79627fc299e, raftlog=f5624850-682f-4ec5-bb5c-f79627fc299e@group-C25BD028928E-SegmentedRaftLog:OPENED:c-1,f-1,i0, conf=-1: [f581660d-af3d-4f5f-b57d-f4cb54f048b9:192.168.164.239:42501, f5624850-682f-4ec5-bb5c-f79627fc299e:192.168.164.239:39499, 14091fe6-d183-4b46-be93-2ba964a39c73:192.168.164.239:34827], old=null
2019-10-15 16:29:58,906 [f5624850-682f-4ec5-bb5c-f79627fc299e@group-C25BD028928E-LeaderElection191] INFO  impl.LeaderElection (LogUtils.java:infoOrTrace(149)) -   Exception 0: {}
java.util.concurrent.ExecutionException: org.apache.ratis.thirdparty.io.grpc.StatusRuntimeException: UNAVAILABLE: io exception
	at java.util.concurrent.FutureTask.report(FutureTask.java:122)
	at java.util.concurrent.FutureTask.get(FutureTask.java:192)
	at org.apache.ratis.server.impl.LeaderElection.waitForResults(LeaderElection.java:259)
	at org.apache.ratis.server.impl.LeaderElection.askForVotes(LeaderElection.java:197)
	at org.apache.ratis.server.impl.LeaderElection.run(LeaderElection.java:133)
	at java.lang.Thread.run(Thread.java:748)
Caused by: org.apache.ratis.thirdparty.io.grpc.StatusRuntimeException: UNAVAILABLE: io exception
	at org.apache.ratis.thirdparty.io.grpc.stub.ClientCalls.toStatusRuntimeException(ClientCalls.java:233)
	at org.apache.ratis.thirdparty.io.grpc.stub.ClientCalls.getUnchecked(ClientCalls.java:214)
	at org.apache.ratis.thirdparty.io.grpc.stub.ClientCalls.blockingUnaryCall(ClientCalls.java:139)
	at org.apache.ratis.proto.grpc.RaftServerProtocolServiceGrpc$RaftServerProtocolServiceBlockingStub.requestVote(RaftServerProtocolServiceGrpc.java:265)
	at org.apache.ratis.grpc.server.GrpcServerProtocolClient.requestVote(GrpcServerProtocolClient.java:99)
	at org.apache.ratis.grpc.server.GrpcService.requestVote(GrpcService.java:204)
	at org.apache.ratis.server.impl.LeaderElection.lambda$submitRequests$1(LeaderElection.java:234)
	at java.util.concurrent.FutureTask.run(FutureTask.java:266)
	at java.util.concurrent.Executors$RunnableAdapter.call(Executors.java:511)
	at java.util.concurrent.FutureTask.run(FutureTask.java:266)
	at java.util.concurrent.ThreadPoolExecutor.runWorker(ThreadPoolExecutor.java:1149)
	at java.util.concurrent.ThreadPoolExecutor$Worker.run(ThreadPoolExecutor.java:624)
	... 1 more
Caused by: org.apache.ratis.thirdparty.io.netty.channel.AbstractChannel$AnnotatedConnectException: Connection refused: /192.168.164.239:42501
	at sun.nio.ch.SocketChannelImpl.checkConnect(Native Method)
	at sun.nio.ch.SocketChannelImpl.finishConnect(SocketChannelImpl.java:717)
	at org.apache.ratis.thirdparty.io.netty.channel.socket.nio.NioSocketChannel.doFinishConnect(NioSocketChannel.java:327)
	at org.apache.ratis.thirdparty.io.netty.channel.nio.AbstractNioChannel$AbstractNioUnsafe.finishConnect(AbstractNioChannel.java:340)
	at org.apache.ratis.thirdparty.io.netty.channel.nio.NioEventLoop.processSelectedKey(NioEventLoop.java:632)
	at org.apache.ratis.thirdparty.io.netty.channel.nio.NioEventLoop.processSelectedKeysOptimized(NioEventLoop.java:579)
	at org.apache.ratis.thirdparty.io.netty.channel.nio.NioEventLoop.processSelectedKeys(NioEventLoop.java:496)
	at org.apache.ratis.thirdparty.io.netty.channel.nio.NioEventLoop.run(NioEventLoop.java:458)
	at org.apache.ratis.thirdparty.io.netty.util.concurrent.SingleThreadEventExecutor$5.run(SingleThreadEventExecutor.java:897)
	at org.apache.ratis.thirdparty.io.netty.util.concurrent.FastThreadLocalRunnable.run(FastThreadLocalRunnable.java:30)
	... 1 more
Caused by: java.net.ConnectException: Connection refused
	... 11 more
2019-10-15 16:29:58,906 [f5624850-682f-4ec5-bb5c-f79627fc299e@group-C25BD028928E-LeaderElection191] INFO  impl.RaftServerImpl (RaftServerImpl.java:setRole(184)) - f5624850-682f-4ec5-bb5c-f79627fc299e@group-C25BD028928E: changes role from CANDIDATE to FOLLOWER at term 178 for DISCOVERED_A_NEW_TERM
2019-10-15 16:29:58,906 [f5624850-682f-4ec5-bb5c-f79627fc299e@group-C25BD028928E-LeaderElection191] INFO  impl.RoleInfo (RoleInfo.java:shutdownLeaderElection(134)) - f5624850-682f-4ec5-bb5c-f79627fc299e: shutdown LeaderElection
2019-10-15 16:29:58,906 [f5624850-682f-4ec5-bb5c-f79627fc299e@group-C25BD028928E-LeaderElection191] INFO  impl.RoleInfo (RoleInfo.java:updateAndGet(143)) - f5624850-682f-4ec5-bb5c-f79627fc299e: start FollowerState
2019-10-15 16:29:59,093 [Thread-1704] INFO  impl.FollowerState (FollowerState.java:run(108)) - f5624850-682f-4ec5-bb5c-f79627fc299e@group-C25BD028928E-FollowerState: change to CANDIDATE, lastRpcTime:187ms, electionTimeout:187ms
2019-10-15 16:29:59,094 [Thread-1704] INFO  impl.RoleInfo (RoleInfo.java:shutdownFollowerState(121)) - f5624850-682f-4ec5-bb5c-f79627fc299e: shutdown FollowerState
2019-10-15 16:29:59,094 [Thread-1704] INFO  impl.RaftServerImpl (RaftServerImpl.java:setRole(184)) - f5624850-682f-4ec5-bb5c-f79627fc299e@group-C25BD028928E: changes role from  FOLLOWER to CANDIDATE at term 178 for changeToCandidate
2019-10-15 16:29:59,094 [Thread-1704] INFO  impl.RoleInfo (RoleInfo.java:updateAndGet(143)) - f5624850-682f-4ec5-bb5c-f79627fc299e: start LeaderElection
2019-10-15 16:29:59,133 [f5624850-682f-4ec5-bb5c-f79627fc299e@group-C25BD028928E-LeaderElection192] INFO  impl.LeaderElection (LeaderElection.java:askForVotes(178)) - f5624850-682f-4ec5-bb5c-f79627fc299e@group-C25BD028928E-LeaderElection192: begin an election at term 179 for -1: [f581660d-af3d-4f5f-b57d-f4cb54f048b9:192.168.164.239:42501, f5624850-682f-4ec5-bb5c-f79627fc299e:192.168.164.239:39499, 14091fe6-d183-4b46-be93-2ba964a39c73:192.168.164.239:34827], old=null
2019-10-15 16:29:59,134 [f5624850-682f-4ec5-bb5c-f79627fc299e@group-C25BD028928E-LeaderElection192] INFO  impl.LeaderElection (LogUtils.java:infoOrTrace(149)) - f5624850-682f-4ec5-bb5c-f79627fc299e@group-C25BD028928E-LeaderElection192 got exception when requesting votes: {}
java.util.concurrent.ExecutionException: org.apache.ratis.thirdparty.io.grpc.StatusRuntimeException: UNAVAILABLE: io exception
	at java.util.concurrent.FutureTask.report(FutureTask.java:122)
	at java.util.concurrent.FutureTask.get(FutureTask.java:192)
	at org.apache.ratis.server.impl.LeaderElection.waitForResults(LeaderElection.java:259)
	at org.apache.ratis.server.impl.LeaderElection.askForVotes(LeaderElection.java:197)
	at org.apache.ratis.server.impl.LeaderElection.run(LeaderElection.java:133)
	at java.lang.Thread.run(Thread.java:748)
Caused by: org.apache.ratis.thirdparty.io.grpc.StatusRuntimeException: UNAVAILABLE: io exception
	at org.apache.ratis.thirdparty.io.grpc.stub.ClientCalls.toStatusRuntimeException(ClientCalls.java:233)
	at org.apache.ratis.thirdparty.io.grpc.stub.ClientCalls.getUnchecked(ClientCalls.java:214)
	at org.apache.ratis.thirdparty.io.grpc.stub.ClientCalls.blockingUnaryCall(ClientCalls.java:139)
	at org.apache.ratis.proto.grpc.RaftServerProtocolServiceGrpc$RaftServerProtocolServiceBlockingStub.requestVote(RaftServerProtocolServiceGrpc.java:265)
	at org.apache.ratis.grpc.server.GrpcServerProtocolClient.requestVote(GrpcServerProtocolClient.java:99)
	at org.apache.ratis.grpc.server.GrpcService.requestVote(GrpcService.java:204)
	at org.apache.ratis.server.impl.LeaderElection.lambda$submitRequests$1(LeaderElection.java:234)
	at java.util.concurrent.FutureTask.run(FutureTask.java:266)
	at java.util.concurrent.Executors$RunnableAdapter.call(Executors.java:511)
	at java.util.concurrent.FutureTask.run(FutureTask.java:266)
	at java.util.concurrent.ThreadPoolExecutor.runWorker(ThreadPoolExecutor.java:1149)
	at java.util.concurrent.ThreadPoolExecutor$Worker.run(ThreadPoolExecutor.java:624)
	... 1 more
Caused by: org.apache.ratis.thirdparty.io.netty.channel.AbstractChannel$AnnotatedConnectException: Connection refused: /192.168.164.239:42501
	at sun.nio.ch.SocketChannelImpl.checkConnect(Native Method)
	at sun.nio.ch.SocketChannelImpl.finishConnect(SocketChannelImpl.java:717)
	at org.apache.ratis.thirdparty.io.netty.channel.socket.nio.NioSocketChannel.doFinishConnect(NioSocketChannel.java:327)
	at org.apache.ratis.thirdparty.io.netty.channel.nio.AbstractNioChannel$AbstractNioUnsafe.finishConnect(AbstractNioChannel.java:340)
	at org.apache.ratis.thirdparty.io.netty.channel.nio.NioEventLoop.processSelectedKey(NioEventLoop.java:632)
	at org.apache.ratis.thirdparty.io.netty.channel.nio.NioEventLoop.processSelectedKeysOptimized(NioEventLoop.java:579)
	at org.apache.ratis.thirdparty.io.netty.channel.nio.NioEventLoop.processSelectedKeys(NioEventLoop.java:496)
	at org.apache.ratis.thirdparty.io.netty.channel.nio.NioEventLoop.run(NioEventLoop.java:458)
	at org.apache.ratis.thirdparty.io.netty.util.concurrent.SingleThreadEventExecutor$5.run(SingleThreadEventExecutor.java:897)
	at org.apache.ratis.thirdparty.io.netty.util.concurrent.FastThreadLocalRunnable.run(FastThreadLocalRunnable.java:30)
	... 1 more
Caused by: java.net.ConnectException: Connection refused
	... 11 more
2019-10-15 16:29:59,136 [grpc-default-executor-10] INFO  impl.RaftServerImpl (RaftServerImpl.java:setRole(184)) - 14091fe6-d183-4b46-be93-2ba964a39c73@group-C25BD028928E: changes role from  FOLLOWER to FOLLOWER at term 179 for recognizeCandidate:f5624850-682f-4ec5-bb5c-f79627fc299e
2019-10-15 16:29:59,137 [grpc-default-executor-10] INFO  impl.RoleInfo (RoleInfo.java:shutdownFollowerState(121)) - 14091fe6-d183-4b46-be93-2ba964a39c73: shutdown FollowerState
2019-10-15 16:29:59,137 [grpc-default-executor-10] INFO  impl.RoleInfo (RoleInfo.java:updateAndGet(143)) - 14091fe6-d183-4b46-be93-2ba964a39c73: start FollowerState
2019-10-15 16:29:59,137 [Thread-1703] INFO  impl.FollowerState (FollowerState.java:run(117)) - 14091fe6-d183-4b46-be93-2ba964a39c73@group-C25BD028928E-FollowerState was interrupted: java.lang.InterruptedException: sleep interrupted
2019-10-15 16:29:59,148 [java.util.concurrent.ThreadPoolExecutor$Worker@6e96881a[State = -1, empty queue]] WARN  server.GrpcLogAppender (GrpcLogAppender.java:timeoutAppendRequest(209)) - 0bff853f-e43c-4347-b3e4-d8621042c42b@group-AF37DB7271F3->6af1a5bd-f075-405e-b6a5-6d145eedd789-GrpcLogAppender: appendEntries Timeout, request=0bff853f-e43c-4347-b3e4-d8621042c42b->6af1a5bd-f075-405e-b6a5-6d145eedd789#61-t7, previous=(t:7, i:19), leaderCommit=19, initializing? false, entries: <empty>
2019-10-15 16:29:59,168 [f5624850-682f-4ec5-bb5c-f79627fc299e@group-C25BD028928E-LeaderElection192] INFO  impl.LeaderElection (LeaderElection.java:logAndReturn(56)) - f5624850-682f-4ec5-bb5c-f79627fc299e@group-C25BD028928E-LeaderElection192: Election REJECTED; received 1 response(s) [f5624850-682f-4ec5-bb5c-f79627fc299e<-14091fe6-d183-4b46-be93-2ba964a39c73#0:FAIL-t179] and 1 exception(s); f5624850-682f-4ec5-bb5c-f79627fc299e@group-C25BD028928E:t179, leader=null, voted=f5624850-682f-4ec5-bb5c-f79627fc299e, raftlog=f5624850-682f-4ec5-bb5c-f79627fc299e@group-C25BD028928E-SegmentedRaftLog:OPENED:c-1,f-1,i0, conf=-1: [f581660d-af3d-4f5f-b57d-f4cb54f048b9:192.168.164.239:42501, f5624850-682f-4ec5-bb5c-f79627fc299e:192.168.164.239:39499, 14091fe6-d183-4b46-be93-2ba964a39c73:192.168.164.239:34827], old=null
2019-10-15 16:29:59,168 [f5624850-682f-4ec5-bb5c-f79627fc299e@group-C25BD028928E-LeaderElection192] INFO  impl.LeaderElection (LogUtils.java:infoOrTrace(149)) -   Exception 0: {}
java.util.concurrent.ExecutionException: org.apache.ratis.thirdparty.io.grpc.StatusRuntimeException: UNAVAILABLE: io exception
	at java.util.concurrent.FutureTask.report(FutureTask.java:122)
	at java.util.concurrent.FutureTask.get(FutureTask.java:192)
	at org.apache.ratis.server.impl.LeaderElection.waitForResults(LeaderElection.java:259)
	at org.apache.ratis.server.impl.LeaderElection.askForVotes(LeaderElection.java:197)
	at org.apache.ratis.server.impl.LeaderElection.run(LeaderElection.java:133)
	at java.lang.Thread.run(Thread.java:748)
Caused by: org.apache.ratis.thirdparty.io.grpc.StatusRuntimeException: UNAVAILABLE: io exception
	at org.apache.ratis.thirdparty.io.grpc.stub.ClientCalls.toStatusRuntimeException(ClientCalls.java:233)
	at org.apache.ratis.thirdparty.io.grpc.stub.ClientCalls.getUnchecked(ClientCalls.java:214)
	at org.apache.ratis.thirdparty.io.grpc.stub.ClientCalls.blockingUnaryCall(ClientCalls.java:139)
	at org.apache.ratis.proto.grpc.RaftServerProtocolServiceGrpc$RaftServerProtocolServiceBlockingStub.requestVote(RaftServerProtocolServiceGrpc.java:265)
	at org.apache.ratis.grpc.server.GrpcServerProtocolClient.requestVote(GrpcServerProtocolClient.java:99)
	at org.apache.ratis.grpc.server.GrpcService.requestVote(GrpcService.java:204)
	at org.apache.ratis.server.impl.LeaderElection.lambda$submitRequests$1(LeaderElection.java:234)
	at java.util.concurrent.FutureTask.run(FutureTask.java:266)
	at java.util.concurrent.Executors$RunnableAdapter.call(Executors.java:511)
	at java.util.concurrent.FutureTask.run(FutureTask.java:266)
	at java.util.concurrent.ThreadPoolExecutor.runWorker(ThreadPoolExecutor.java:1149)
	at java.util.concurrent.ThreadPoolExecutor$Worker.run(ThreadPoolExecutor.java:624)
	... 1 more
Caused by: org.apache.ratis.thirdparty.io.netty.channel.AbstractChannel$AnnotatedConnectException: Connection refused: /192.168.164.239:42501
	at sun.nio.ch.SocketChannelImpl.checkConnect(Native Method)
	at sun.nio.ch.SocketChannelImpl.finishConnect(SocketChannelImpl.java:717)
	at org.apache.ratis.thirdparty.io.netty.channel.socket.nio.NioSocketChannel.doFinishConnect(NioSocketChannel.java:327)
	at org.apache.ratis.thirdparty.io.netty.channel.nio.AbstractNioChannel$AbstractNioUnsafe.finishConnect(AbstractNioChannel.java:340)
	at org.apache.ratis.thirdparty.io.netty.channel.nio.NioEventLoop.processSelectedKey(NioEventLoop.java:632)
	at org.apache.ratis.thirdparty.io.netty.channel.nio.NioEventLoop.processSelectedKeysOptimized(NioEventLoop.java:579)
	at org.apache.ratis.thirdparty.io.netty.channel.nio.NioEventLoop.processSelectedKeys(NioEventLoop.java:496)
	at org.apache.ratis.thirdparty.io.netty.channel.nio.NioEventLoop.run(NioEventLoop.java:458)
	at org.apache.ratis.thirdparty.io.netty.util.concurrent.SingleThreadEventExecutor$5.run(SingleThreadEventExecutor.java:897)
	at org.apache.ratis.thirdparty.io.netty.util.concurrent.FastThreadLocalRunnable.run(FastThreadLocalRunnable.java:30)
	... 1 more
Caused by: java.net.ConnectException: Connection refused
	... 11 more
2019-10-15 16:29:59,169 [f5624850-682f-4ec5-bb5c-f79627fc299e@group-C25BD028928E-LeaderElection192] INFO  impl.RaftServerImpl (RaftServerImpl.java:setRole(184)) - f5624850-682f-4ec5-bb5c-f79627fc299e@group-C25BD028928E: changes role from CANDIDATE to FOLLOWER at term 179 for DISCOVERED_A_NEW_TERM
2019-10-15 16:29:59,169 [f5624850-682f-4ec5-bb5c-f79627fc299e@group-C25BD028928E-LeaderElection192] INFO  impl.RoleInfo (RoleInfo.java:shutdownLeaderElection(134)) - f5624850-682f-4ec5-bb5c-f79627fc299e: shutdown LeaderElection
2019-10-15 16:29:59,169 [f5624850-682f-4ec5-bb5c-f79627fc299e@group-C25BD028928E-LeaderElection192] INFO  impl.RoleInfo (RoleInfo.java:updateAndGet(143)) - f5624850-682f-4ec5-bb5c-f79627fc299e: start FollowerState
2019-10-15 16:29:59,313 [Thread-1710] INFO  impl.FollowerState (FollowerState.java:run(108)) - f5624850-682f-4ec5-bb5c-f79627fc299e@group-C25BD028928E-FollowerState: change to CANDIDATE, lastRpcTime:144ms, electionTimeout:144ms
2019-10-15 16:29:59,314 [Thread-1710] INFO  impl.RoleInfo (RoleInfo.java:shutdownFollowerState(121)) - f5624850-682f-4ec5-bb5c-f79627fc299e: shutdown FollowerState
2019-10-15 16:29:59,314 [Thread-1710] INFO  impl.RaftServerImpl (RaftServerImpl.java:setRole(184)) - f5624850-682f-4ec5-bb5c-f79627fc299e@group-C25BD028928E: changes role from  FOLLOWER to CANDIDATE at term 179 for changeToCandidate
2019-10-15 16:29:59,314 [Thread-1710] INFO  impl.RoleInfo (RoleInfo.java:updateAndGet(143)) - f5624850-682f-4ec5-bb5c-f79627fc299e: start LeaderElection
2019-10-15 16:29:59,344 [f5624850-682f-4ec5-bb5c-f79627fc299e@group-C25BD028928E-LeaderElection193] INFO  impl.LeaderElection (LeaderElection.java:askForVotes(178)) - f5624850-682f-4ec5-bb5c-f79627fc299e@group-C25BD028928E-LeaderElection193: begin an election at term 180 for -1: [f581660d-af3d-4f5f-b57d-f4cb54f048b9:192.168.164.239:42501, f5624850-682f-4ec5-bb5c-f79627fc299e:192.168.164.239:39499, 14091fe6-d183-4b46-be93-2ba964a39c73:192.168.164.239:34827], old=null
2019-10-15 16:29:59,346 [f5624850-682f-4ec5-bb5c-f79627fc299e@group-C25BD028928E-LeaderElection193] INFO  impl.LeaderElection (LogUtils.java:infoOrTrace(149)) - f5624850-682f-4ec5-bb5c-f79627fc299e@group-C25BD028928E-LeaderElection193 got exception when requesting votes: {}
java.util.concurrent.ExecutionException: org.apache.ratis.thirdparty.io.grpc.StatusRuntimeException: UNAVAILABLE: io exception
	at java.util.concurrent.FutureTask.report(FutureTask.java:122)
	at java.util.concurrent.FutureTask.get(FutureTask.java:192)
	at org.apache.ratis.server.impl.LeaderElection.waitForResults(LeaderElection.java:259)
	at org.apache.ratis.server.impl.LeaderElection.askForVotes(LeaderElection.java:197)
	at org.apache.ratis.server.impl.LeaderElection.run(LeaderElection.java:133)
	at java.lang.Thread.run(Thread.java:748)
Caused by: org.apache.ratis.thirdparty.io.grpc.StatusRuntimeException: UNAVAILABLE: io exception
	at org.apache.ratis.thirdparty.io.grpc.stub.ClientCalls.toStatusRuntimeException(ClientCalls.java:233)
	at org.apache.ratis.thirdparty.io.grpc.stub.ClientCalls.getUnchecked(ClientCalls.java:214)
	at org.apache.ratis.thirdparty.io.grpc.stub.ClientCalls.blockingUnaryCall(ClientCalls.java:139)
	at org.apache.ratis.proto.grpc.RaftServerProtocolServiceGrpc$RaftServerProtocolServiceBlockingStub.requestVote(RaftServerProtocolServiceGrpc.java:265)
	at org.apache.ratis.grpc.server.GrpcServerProtocolClient.requestVote(GrpcServerProtocolClient.java:99)
	at org.apache.ratis.grpc.server.GrpcService.requestVote(GrpcService.java:204)
	at org.apache.ratis.server.impl.LeaderElection.lambda$submitRequests$1(LeaderElection.java:234)
	at java.util.concurrent.FutureTask.run(FutureTask.java:266)
	at java.util.concurrent.Executors$RunnableAdapter.call(Executors.java:511)
	at java.util.concurrent.FutureTask.run(FutureTask.java:266)
	at java.util.concurrent.ThreadPoolExecutor.runWorker(ThreadPoolExecutor.java:1149)
	at java.util.concurrent.ThreadPoolExecutor$Worker.run(ThreadPoolExecutor.java:624)
	... 1 more
Caused by: org.apache.ratis.thirdparty.io.netty.channel.AbstractChannel$AnnotatedConnectException: Connection refused: /192.168.164.239:42501
	at sun.nio.ch.SocketChannelImpl.checkConnect(Native Method)
	at sun.nio.ch.SocketChannelImpl.finishConnect(SocketChannelImpl.java:717)
	at org.apache.ratis.thirdparty.io.netty.channel.socket.nio.NioSocketChannel.doFinishConnect(NioSocketChannel.java:327)
	at org.apache.ratis.thirdparty.io.netty.channel.nio.AbstractNioChannel$AbstractNioUnsafe.finishConnect(AbstractNioChannel.java:340)
	at org.apache.ratis.thirdparty.io.netty.channel.nio.NioEventLoop.processSelectedKey(NioEventLoop.java:632)
	at org.apache.ratis.thirdparty.io.netty.channel.nio.NioEventLoop.processSelectedKeysOptimized(NioEventLoop.java:579)
	at org.apache.ratis.thirdparty.io.netty.channel.nio.NioEventLoop.processSelectedKeys(NioEventLoop.java:496)
	at org.apache.ratis.thirdparty.io.netty.channel.nio.NioEventLoop.run(NioEventLoop.java:458)
	at org.apache.ratis.thirdparty.io.netty.util.concurrent.SingleThreadEventExecutor$5.run(SingleThreadEventExecutor.java:897)
	at org.apache.ratis.thirdparty.io.netty.util.concurrent.FastThreadLocalRunnable.run(FastThreadLocalRunnable.java:30)
	... 1 more
Caused by: java.net.ConnectException: Connection refused
	... 11 more
2019-10-15 16:29:59,347 [grpc-default-executor-10] INFO  impl.RaftServerImpl (RaftServerImpl.java:setRole(184)) - 14091fe6-d183-4b46-be93-2ba964a39c73@group-C25BD028928E: changes role from  FOLLOWER to FOLLOWER at term 180 for recognizeCandidate:f5624850-682f-4ec5-bb5c-f79627fc299e
2019-10-15 16:29:59,347 [grpc-default-executor-10] INFO  impl.RoleInfo (RoleInfo.java:shutdownFollowerState(121)) - 14091fe6-d183-4b46-be93-2ba964a39c73: shutdown FollowerState
2019-10-15 16:29:59,347 [grpc-default-executor-10] INFO  impl.RoleInfo (RoleInfo.java:updateAndGet(143)) - 14091fe6-d183-4b46-be93-2ba964a39c73: start FollowerState
2019-10-15 16:29:59,347 [Thread-1708] INFO  impl.FollowerState (FollowerState.java:run(117)) - 14091fe6-d183-4b46-be93-2ba964a39c73@group-C25BD028928E-FollowerState was interrupted: java.lang.InterruptedException: sleep interrupted
2019-10-15 16:29:59,379 [f5624850-682f-4ec5-bb5c-f79627fc299e@group-C25BD028928E-LeaderElection193] INFO  impl.LeaderElection (LeaderElection.java:logAndReturn(56)) - f5624850-682f-4ec5-bb5c-f79627fc299e@group-C25BD028928E-LeaderElection193: Election REJECTED; received 1 response(s) [f5624850-682f-4ec5-bb5c-f79627fc299e<-14091fe6-d183-4b46-be93-2ba964a39c73#0:FAIL-t180] and 1 exception(s); f5624850-682f-4ec5-bb5c-f79627fc299e@group-C25BD028928E:t180, leader=null, voted=f5624850-682f-4ec5-bb5c-f79627fc299e, raftlog=f5624850-682f-4ec5-bb5c-f79627fc299e@group-C25BD028928E-SegmentedRaftLog:OPENED:c-1,f-1,i0, conf=-1: [f581660d-af3d-4f5f-b57d-f4cb54f048b9:192.168.164.239:42501, f5624850-682f-4ec5-bb5c-f79627fc299e:192.168.164.239:39499, 14091fe6-d183-4b46-be93-2ba964a39c73:192.168.164.239:34827], old=null
2019-10-15 16:29:59,380 [f5624850-682f-4ec5-bb5c-f79627fc299e@group-C25BD028928E-LeaderElection193] INFO  impl.LeaderElection (LogUtils.java:infoOrTrace(149)) -   Exception 0: {}
java.util.concurrent.ExecutionException: org.apache.ratis.thirdparty.io.grpc.StatusRuntimeException: UNAVAILABLE: io exception
	at java.util.concurrent.FutureTask.report(FutureTask.java:122)
	at java.util.concurrent.FutureTask.get(FutureTask.java:192)
	at org.apache.ratis.server.impl.LeaderElection.waitForResults(LeaderElection.java:259)
	at org.apache.ratis.server.impl.LeaderElection.askForVotes(LeaderElection.java:197)
	at org.apache.ratis.server.impl.LeaderElection.run(LeaderElection.java:133)
	at java.lang.Thread.run(Thread.java:748)
Caused by: org.apache.ratis.thirdparty.io.grpc.StatusRuntimeException: UNAVAILABLE: io exception
	at org.apache.ratis.thirdparty.io.grpc.stub.ClientCalls.toStatusRuntimeException(ClientCalls.java:233)
	at org.apache.ratis.thirdparty.io.grpc.stub.ClientCalls.getUnchecked(ClientCalls.java:214)
	at org.apache.ratis.thirdparty.io.grpc.stub.ClientCalls.blockingUnaryCall(ClientCalls.java:139)
	at org.apache.ratis.proto.grpc.RaftServerProtocolServiceGrpc$RaftServerProtocolServiceBlockingStub.requestVote(RaftServerProtocolServiceGrpc.java:265)
	at org.apache.ratis.grpc.server.GrpcServerProtocolClient.requestVote(GrpcServerProtocolClient.java:99)
	at org.apache.ratis.grpc.server.GrpcService.requestVote(GrpcService.java:204)
	at org.apache.ratis.server.impl.LeaderElection.lambda$submitRequests$1(LeaderElection.java:234)
	at java.util.concurrent.FutureTask.run(FutureTask.java:266)
	at java.util.concurrent.Executors$RunnableAdapter.call(Executors.java:511)
	at java.util.concurrent.FutureTask.run(FutureTask.java:266)
	at java.util.concurrent.ThreadPoolExecutor.runWorker(ThreadPoolExecutor.java:1149)
	at java.util.concurrent.ThreadPoolExecutor$Worker.run(ThreadPoolExecutor.java:624)
	... 1 more
Caused by: org.apache.ratis.thirdparty.io.netty.channel.AbstractChannel$AnnotatedConnectException: Connection refused: /192.168.164.239:42501
	at sun.nio.ch.SocketChannelImpl.checkConnect(Native Method)
	at sun.nio.ch.SocketChannelImpl.finishConnect(SocketChannelImpl.java:717)
	at org.apache.ratis.thirdparty.io.netty.channel.socket.nio.NioSocketChannel.doFinishConnect(NioSocketChannel.java:327)
	at org.apache.ratis.thirdparty.io.netty.channel.nio.AbstractNioChannel$AbstractNioUnsafe.finishConnect(AbstractNioChannel.java:340)
	at org.apache.ratis.thirdparty.io.netty.channel.nio.NioEventLoop.processSelectedKey(NioEventLoop.java:632)
	at org.apache.ratis.thirdparty.io.netty.channel.nio.NioEventLoop.processSelectedKeysOptimized(NioEventLoop.java:579)
	at org.apache.ratis.thirdparty.io.netty.channel.nio.NioEventLoop.processSelectedKeys(NioEventLoop.java:496)
	at org.apache.ratis.thirdparty.io.netty.channel.nio.NioEventLoop.run(NioEventLoop.java:458)
	at org.apache.ratis.thirdparty.io.netty.util.concurrent.SingleThreadEventExecutor$5.run(SingleThreadEventExecutor.java:897)
	at org.apache.ratis.thirdparty.io.netty.util.concurrent.FastThreadLocalRunnable.run(FastThreadLocalRunnable.java:30)
	... 1 more
Caused by: java.net.ConnectException: Connection refused
	... 11 more
2019-10-15 16:29:59,380 [f5624850-682f-4ec5-bb5c-f79627fc299e@group-C25BD028928E-LeaderElection193] INFO  impl.RaftServerImpl (RaftServerImpl.java:setRole(184)) - f5624850-682f-4ec5-bb5c-f79627fc299e@group-C25BD028928E: changes role from CANDIDATE to FOLLOWER at term 180 for DISCOVERED_A_NEW_TERM
2019-10-15 16:29:59,380 [f5624850-682f-4ec5-bb5c-f79627fc299e@group-C25BD028928E-LeaderElection193] INFO  impl.RoleInfo (RoleInfo.java:shutdownLeaderElection(134)) - f5624850-682f-4ec5-bb5c-f79627fc299e: shutdown LeaderElection
2019-10-15 16:29:59,380 [f5624850-682f-4ec5-bb5c-f79627fc299e@group-C25BD028928E-LeaderElection193] INFO  impl.RoleInfo (RoleInfo.java:updateAndGet(143)) - f5624850-682f-4ec5-bb5c-f79627fc299e: start FollowerState
2019-10-15 16:29:59,381 [Thread-1715] INFO  impl.FollowerState (FollowerState.java:run(108)) - f5624850-682f-4ec5-bb5c-f79627fc299e@group-C25BD028928E-FollowerState: change to CANDIDATE, lastRpcTime:0ms, electionTimeout:0ms
2019-10-15 16:29:59,381 [Thread-1715] INFO  impl.RoleInfo (RoleInfo.java:shutdownFollowerState(121)) - f5624850-682f-4ec5-bb5c-f79627fc299e: shutdown FollowerState
2019-10-15 16:29:59,381 [Thread-1715] INFO  impl.RaftServerImpl (RaftServerImpl.java:setRole(184)) - f5624850-682f-4ec5-bb5c-f79627fc299e@group-C25BD028928E: changes role from  FOLLOWER to CANDIDATE at term 180 for changeToCandidate
2019-10-15 16:29:59,381 [Thread-1715] INFO  impl.RoleInfo (RoleInfo.java:updateAndGet(143)) - f5624850-682f-4ec5-bb5c-f79627fc299e: start LeaderElection
2019-10-15 16:29:59,405 [f5624850-682f-4ec5-bb5c-f79627fc299e@group-C25BD028928E-LeaderElection194] INFO  impl.LeaderElection (LeaderElection.java:askForVotes(178)) - f5624850-682f-4ec5-bb5c-f79627fc299e@group-C25BD028928E-LeaderElection194: begin an election at term 181 for -1: [f581660d-af3d-4f5f-b57d-f4cb54f048b9:192.168.164.239:42501, f5624850-682f-4ec5-bb5c-f79627fc299e:192.168.164.239:39499, 14091fe6-d183-4b46-be93-2ba964a39c73:192.168.164.239:34827], old=null
2019-10-15 16:29:59,405 [f5624850-682f-4ec5-bb5c-f79627fc299e@group-C25BD028928E-LeaderElection194] INFO  impl.LeaderElection (LogUtils.java:infoOrTrace(149)) - f5624850-682f-4ec5-bb5c-f79627fc299e@group-C25BD028928E-LeaderElection194 got exception when requesting votes: {}
java.util.concurrent.ExecutionException: org.apache.ratis.thirdparty.io.grpc.StatusRuntimeException: UNAVAILABLE: io exception
	at java.util.concurrent.FutureTask.report(FutureTask.java:122)
	at java.util.concurrent.FutureTask.get(FutureTask.java:192)
	at org.apache.ratis.server.impl.LeaderElection.waitForResults(LeaderElection.java:259)
	at org.apache.ratis.server.impl.LeaderElection.askForVotes(LeaderElection.java:197)
	at org.apache.ratis.server.impl.LeaderElection.run(LeaderElection.java:133)
	at java.lang.Thread.run(Thread.java:748)
Caused by: org.apache.ratis.thirdparty.io.grpc.StatusRuntimeException: UNAVAILABLE: io exception
	at org.apache.ratis.thirdparty.io.grpc.stub.ClientCalls.toStatusRuntimeException(ClientCalls.java:233)
	at org.apache.ratis.thirdparty.io.grpc.stub.ClientCalls.getUnchecked(ClientCalls.java:214)
	at org.apache.ratis.thirdparty.io.grpc.stub.ClientCalls.blockingUnaryCall(ClientCalls.java:139)
	at org.apache.ratis.proto.grpc.RaftServerProtocolServiceGrpc$RaftServerProtocolServiceBlockingStub.requestVote(RaftServerProtocolServiceGrpc.java:265)
	at org.apache.ratis.grpc.server.GrpcServerProtocolClient.requestVote(GrpcServerProtocolClient.java:99)
	at org.apache.ratis.grpc.server.GrpcService.requestVote(GrpcService.java:204)
	at org.apache.ratis.server.impl.LeaderElection.lambda$submitRequests$1(LeaderElection.java:234)
	at java.util.concurrent.FutureTask.run(FutureTask.java:266)
	at java.util.concurrent.Executors$RunnableAdapter.call(Executors.java:511)
	at java.util.concurrent.FutureTask.run(FutureTask.java:266)
	at java.util.concurrent.ThreadPoolExecutor.runWorker(ThreadPoolExecutor.java:1149)
	at java.util.concurrent.ThreadPoolExecutor$Worker.run(ThreadPoolExecutor.java:624)
	... 1 more
Caused by: org.apache.ratis.thirdparty.io.netty.channel.AbstractChannel$AnnotatedConnectException: Connection refused: /192.168.164.239:42501
	at sun.nio.ch.SocketChannelImpl.checkConnect(Native Method)
	at sun.nio.ch.SocketChannelImpl.finishConnect(SocketChannelImpl.java:717)
	at org.apache.ratis.thirdparty.io.netty.channel.socket.nio.NioSocketChannel.doFinishConnect(NioSocketChannel.java:327)
	at org.apache.ratis.thirdparty.io.netty.channel.nio.AbstractNioChannel$AbstractNioUnsafe.finishConnect(AbstractNioChannel.java:340)
	at org.apache.ratis.thirdparty.io.netty.channel.nio.NioEventLoop.processSelectedKey(NioEventLoop.java:632)
	at org.apache.ratis.thirdparty.io.netty.channel.nio.NioEventLoop.processSelectedKeysOptimized(NioEventLoop.java:579)
	at org.apache.ratis.thirdparty.io.netty.channel.nio.NioEventLoop.processSelectedKeys(NioEventLoop.java:496)
	at org.apache.ratis.thirdparty.io.netty.channel.nio.NioEventLoop.run(NioEventLoop.java:458)
	at org.apache.ratis.thirdparty.io.netty.util.concurrent.SingleThreadEventExecutor$5.run(SingleThreadEventExecutor.java:897)
	at org.apache.ratis.thirdparty.io.netty.util.concurrent.FastThreadLocalRunnable.run(FastThreadLocalRunnable.java:30)
	... 1 more
Caused by: java.net.ConnectException: Connection refused
	... 11 more
2019-10-15 16:29:59,407 [grpc-default-executor-10] INFO  impl.RaftServerImpl (RaftServerImpl.java:setRole(184)) - 14091fe6-d183-4b46-be93-2ba964a39c73@group-C25BD028928E: changes role from  FOLLOWER to FOLLOWER at term 181 for recognizeCandidate:f5624850-682f-4ec5-bb5c-f79627fc299e
2019-10-15 16:29:59,408 [grpc-default-executor-10] INFO  impl.RoleInfo (RoleInfo.java:shutdownFollowerState(121)) - 14091fe6-d183-4b46-be93-2ba964a39c73: shutdown FollowerState
2019-10-15 16:29:59,408 [grpc-default-executor-10] INFO  impl.RoleInfo (RoleInfo.java:updateAndGet(143)) - 14091fe6-d183-4b46-be93-2ba964a39c73: start FollowerState
2019-10-15 16:29:59,408 [Thread-1714] INFO  impl.FollowerState (FollowerState.java:run(117)) - 14091fe6-d183-4b46-be93-2ba964a39c73@group-C25BD028928E-FollowerState was interrupted: java.lang.InterruptedException: sleep interrupted
2019-10-15 16:29:59,449 [f5624850-682f-4ec5-bb5c-f79627fc299e@group-C25BD028928E-LeaderElection194] INFO  impl.LeaderElection (LeaderElection.java:logAndReturn(56)) - f5624850-682f-4ec5-bb5c-f79627fc299e@group-C25BD028928E-LeaderElection194: Election REJECTED; received 1 response(s) [f5624850-682f-4ec5-bb5c-f79627fc299e<-14091fe6-d183-4b46-be93-2ba964a39c73#0:FAIL-t181] and 1 exception(s); f5624850-682f-4ec5-bb5c-f79627fc299e@group-C25BD028928E:t181, leader=null, voted=f5624850-682f-4ec5-bb5c-f79627fc299e, raftlog=f5624850-682f-4ec5-bb5c-f79627fc299e@group-C25BD028928E-SegmentedRaftLog:OPENED:c-1,f-1,i0, conf=-1: [f581660d-af3d-4f5f-b57d-f4cb54f048b9:192.168.164.239:42501, f5624850-682f-4ec5-bb5c-f79627fc299e:192.168.164.239:39499, 14091fe6-d183-4b46-be93-2ba964a39c73:192.168.164.239:34827], old=null
2019-10-15 16:29:59,449 [f5624850-682f-4ec5-bb5c-f79627fc299e@group-C25BD028928E-LeaderElection194] INFO  impl.LeaderElection (LogUtils.java:infoOrTrace(149)) -   Exception 0: {}
java.util.concurrent.ExecutionException: org.apache.ratis.thirdparty.io.grpc.StatusRuntimeException: UNAVAILABLE: io exception
	at java.util.concurrent.FutureTask.report(FutureTask.java:122)
	at java.util.concurrent.FutureTask.get(FutureTask.java:192)
	at org.apache.ratis.server.impl.LeaderElection.waitForResults(LeaderElection.java:259)
	at org.apache.ratis.server.impl.LeaderElection.askForVotes(LeaderElection.java:197)
	at org.apache.ratis.server.impl.LeaderElection.run(LeaderElection.java:133)
	at java.lang.Thread.run(Thread.java:748)
Caused by: org.apache.ratis.thirdparty.io.grpc.StatusRuntimeException: UNAVAILABLE: io exception
	at org.apache.ratis.thirdparty.io.grpc.stub.ClientCalls.toStatusRuntimeException(ClientCalls.java:233)
	at org.apache.ratis.thirdparty.io.grpc.stub.ClientCalls.getUnchecked(ClientCalls.java:214)
	at org.apache.ratis.thirdparty.io.grpc.stub.ClientCalls.blockingUnaryCall(ClientCalls.java:139)
	at org.apache.ratis.proto.grpc.RaftServerProtocolServiceGrpc$RaftServerProtocolServiceBlockingStub.requestVote(RaftServerProtocolServiceGrpc.java:265)
	at org.apache.ratis.grpc.server.GrpcServerProtocolClient.requestVote(GrpcServerProtocolClient.java:99)
	at org.apache.ratis.grpc.server.GrpcService.requestVote(GrpcService.java:204)
	at org.apache.ratis.server.impl.LeaderElection.lambda$submitRequests$1(LeaderElection.java:234)
	at java.util.concurrent.FutureTask.run(FutureTask.java:266)
	at java.util.concurrent.Executors$RunnableAdapter.call(Executors.java:511)
	at java.util.concurrent.FutureTask.run(FutureTask.java:266)
	at java.util.concurrent.ThreadPoolExecutor.runWorker(ThreadPoolExecutor.java:1149)
	at java.util.concurrent.ThreadPoolExecutor$Worker.run(ThreadPoolExecutor.java:624)
	... 1 more
Caused by: org.apache.ratis.thirdparty.io.netty.channel.AbstractChannel$AnnotatedConnectException: Connection refused: /192.168.164.239:42501
	at sun.nio.ch.SocketChannelImpl.checkConnect(Native Method)
	at sun.nio.ch.SocketChannelImpl.finishConnect(SocketChannelImpl.java:717)
	at org.apache.ratis.thirdparty.io.netty.channel.socket.nio.NioSocketChannel.doFinishConnect(NioSocketChannel.java:327)
	at org.apache.ratis.thirdparty.io.netty.channel.nio.AbstractNioChannel$AbstractNioUnsafe.finishConnect(AbstractNioChannel.java:340)
	at org.apache.ratis.thirdparty.io.netty.channel.nio.NioEventLoop.processSelectedKey(NioEventLoop.java:632)
	at org.apache.ratis.thirdparty.io.netty.channel.nio.NioEventLoop.processSelectedKeysOptimized(NioEventLoop.java:579)
	at org.apache.ratis.thirdparty.io.netty.channel.nio.NioEventLoop.processSelectedKeys(NioEventLoop.java:496)
	at org.apache.ratis.thirdparty.io.netty.channel.nio.NioEventLoop.run(NioEventLoop.java:458)
	at org.apache.ratis.thirdparty.io.netty.util.concurrent.SingleThreadEventExecutor$5.run(SingleThreadEventExecutor.java:897)
	at org.apache.ratis.thirdparty.io.netty.util.concurrent.FastThreadLocalRunnable.run(FastThreadLocalRunnable.java:30)
	... 1 more
Caused by: java.net.ConnectException: Connection refused
	... 11 more
2019-10-15 16:29:59,450 [f5624850-682f-4ec5-bb5c-f79627fc299e@group-C25BD028928E-LeaderElection194] INFO  impl.RaftServerImpl (RaftServerImpl.java:setRole(184)) - f5624850-682f-4ec5-bb5c-f79627fc299e@group-C25BD028928E: changes role from CANDIDATE to FOLLOWER at term 181 for DISCOVERED_A_NEW_TERM
2019-10-15 16:29:59,450 [f5624850-682f-4ec5-bb5c-f79627fc299e@group-C25BD028928E-LeaderElection194] INFO  impl.RoleInfo (RoleInfo.java:shutdownLeaderElection(134)) - f5624850-682f-4ec5-bb5c-f79627fc299e: shutdown LeaderElection
2019-10-15 16:29:59,450 [f5624850-682f-4ec5-bb5c-f79627fc299e@group-C25BD028928E-LeaderElection194] INFO  impl.RoleInfo (RoleInfo.java:updateAndGet(143)) - f5624850-682f-4ec5-bb5c-f79627fc299e: start FollowerState
2019-10-15 16:29:59,619 [Thread-1720] INFO  impl.FollowerState (FollowerState.java:run(108)) - f5624850-682f-4ec5-bb5c-f79627fc299e@group-C25BD028928E-FollowerState: change to CANDIDATE, lastRpcTime:168ms, electionTimeout:168ms
2019-10-15 16:29:59,619 [Thread-1720] INFO  impl.RoleInfo (RoleInfo.java:shutdownFollowerState(121)) - f5624850-682f-4ec5-bb5c-f79627fc299e: shutdown FollowerState
2019-10-15 16:29:59,619 [Thread-1720] INFO  impl.RaftServerImpl (RaftServerImpl.java:setRole(184)) - f5624850-682f-4ec5-bb5c-f79627fc299e@group-C25BD028928E: changes role from  FOLLOWER to CANDIDATE at term 181 for changeToCandidate
2019-10-15 16:29:59,619 [Thread-1720] INFO  impl.RoleInfo (RoleInfo.java:updateAndGet(143)) - f5624850-682f-4ec5-bb5c-f79627fc299e: start LeaderElection
2019-10-15 16:29:59,643 [f5624850-682f-4ec5-bb5c-f79627fc299e@group-C25BD028928E-LeaderElection195] INFO  impl.LeaderElection (LeaderElection.java:askForVotes(178)) - f5624850-682f-4ec5-bb5c-f79627fc299e@group-C25BD028928E-LeaderElection195: begin an election at term 182 for -1: [f581660d-af3d-4f5f-b57d-f4cb54f048b9:192.168.164.239:42501, f5624850-682f-4ec5-bb5c-f79627fc299e:192.168.164.239:39499, 14091fe6-d183-4b46-be93-2ba964a39c73:192.168.164.239:34827], old=null
2019-10-15 16:29:59,644 [f5624850-682f-4ec5-bb5c-f79627fc299e@group-C25BD028928E-LeaderElection195] INFO  impl.LeaderElection (LogUtils.java:infoOrTrace(149)) - f5624850-682f-4ec5-bb5c-f79627fc299e@group-C25BD028928E-LeaderElection195 got exception when requesting votes: {}
java.util.concurrent.ExecutionException: org.apache.ratis.thirdparty.io.grpc.StatusRuntimeException: UNAVAILABLE: io exception
	at java.util.concurrent.FutureTask.report(FutureTask.java:122)
	at java.util.concurrent.FutureTask.get(FutureTask.java:192)
	at org.apache.ratis.server.impl.LeaderElection.waitForResults(LeaderElection.java:259)
	at org.apache.ratis.server.impl.LeaderElection.askForVotes(LeaderElection.java:197)
	at org.apache.ratis.server.impl.LeaderElection.run(LeaderElection.java:133)
	at java.lang.Thread.run(Thread.java:748)
Caused by: org.apache.ratis.thirdparty.io.grpc.StatusRuntimeException: UNAVAILABLE: io exception
	at org.apache.ratis.thirdparty.io.grpc.stub.ClientCalls.toStatusRuntimeException(ClientCalls.java:233)
	at org.apache.ratis.thirdparty.io.grpc.stub.ClientCalls.getUnchecked(ClientCalls.java:214)
	at org.apache.ratis.thirdparty.io.grpc.stub.ClientCalls.blockingUnaryCall(ClientCalls.java:139)
	at org.apache.ratis.proto.grpc.RaftServerProtocolServiceGrpc$RaftServerProtocolServiceBlockingStub.requestVote(RaftServerProtocolServiceGrpc.java:265)
	at org.apache.ratis.grpc.server.GrpcServerProtocolClient.requestVote(GrpcServerProtocolClient.java:99)
	at org.apache.ratis.grpc.server.GrpcService.requestVote(GrpcService.java:204)
	at org.apache.ratis.server.impl.LeaderElection.lambda$submitRequests$1(LeaderElection.java:234)
	at java.util.concurrent.FutureTask.run(FutureTask.java:266)
	at java.util.concurrent.Executors$RunnableAdapter.call(Executors.java:511)
	at java.util.concurrent.FutureTask.run(FutureTask.java:266)
	at java.util.concurrent.ThreadPoolExecutor.runWorker(ThreadPoolExecutor.java:1149)
	at java.util.concurrent.ThreadPoolExecutor$Worker.run(ThreadPoolExecutor.java:624)
	... 1 more
Caused by: org.apache.ratis.thirdparty.io.netty.channel.AbstractChannel$AnnotatedConnectException: Connection refused: /192.168.164.239:42501
	at sun.nio.ch.SocketChannelImpl.checkConnect(Native Method)
	at sun.nio.ch.SocketChannelImpl.finishConnect(SocketChannelImpl.java:717)
	at org.apache.ratis.thirdparty.io.netty.channel.socket.nio.NioSocketChannel.doFinishConnect(NioSocketChannel.java:327)
	at org.apache.ratis.thirdparty.io.netty.channel.nio.AbstractNioChannel$AbstractNioUnsafe.finishConnect(AbstractNioChannel.java:340)
	at org.apache.ratis.thirdparty.io.netty.channel.nio.NioEventLoop.processSelectedKey(NioEventLoop.java:632)
	at org.apache.ratis.thirdparty.io.netty.channel.nio.NioEventLoop.processSelectedKeysOptimized(NioEventLoop.java:579)
	at org.apache.ratis.thirdparty.io.netty.channel.nio.NioEventLoop.processSelectedKeys(NioEventLoop.java:496)
	at org.apache.ratis.thirdparty.io.netty.channel.nio.NioEventLoop.run(NioEventLoop.java:458)
	at org.apache.ratis.thirdparty.io.netty.util.concurrent.SingleThreadEventExecutor$5.run(SingleThreadEventExecutor.java:897)
	at org.apache.ratis.thirdparty.io.netty.util.concurrent.FastThreadLocalRunnable.run(FastThreadLocalRunnable.java:30)
	... 1 more
Caused by: java.net.ConnectException: Connection refused
	... 11 more
2019-10-15 16:29:59,646 [grpc-default-executor-10] INFO  impl.RaftServerImpl (RaftServerImpl.java:setRole(184)) - 14091fe6-d183-4b46-be93-2ba964a39c73@group-C25BD028928E: changes role from  FOLLOWER to FOLLOWER at term 182 for recognizeCandidate:f5624850-682f-4ec5-bb5c-f79627fc299e
2019-10-15 16:29:59,646 [grpc-default-executor-10] INFO  impl.RoleInfo (RoleInfo.java:shutdownFollowerState(121)) - 14091fe6-d183-4b46-be93-2ba964a39c73: shutdown FollowerState
2019-10-15 16:29:59,646 [grpc-default-executor-10] INFO  impl.RoleInfo (RoleInfo.java:updateAndGet(143)) - 14091fe6-d183-4b46-be93-2ba964a39c73: start FollowerState
2019-10-15 16:29:59,646 [Thread-1719] INFO  impl.FollowerState (FollowerState.java:run(117)) - 14091fe6-d183-4b46-be93-2ba964a39c73@group-C25BD028928E-FollowerState was interrupted: java.lang.InterruptedException: sleep interrupted
2019-10-15 16:29:59,649 [java.util.concurrent.ThreadPoolExecutor$Worker@6e96881a[State = -1, empty queue]] WARN  server.GrpcLogAppender (GrpcLogAppender.java:timeoutAppendRequest(209)) - 0bff853f-e43c-4347-b3e4-d8621042c42b@group-AF37DB7271F3->6af1a5bd-f075-405e-b6a5-6d145eedd789-GrpcLogAppender: appendEntries Timeout, request=0bff853f-e43c-4347-b3e4-d8621042c42b->6af1a5bd-f075-405e-b6a5-6d145eedd789#62-t7, previous=(t:7, i:19), leaderCommit=19, initializing? false, entries: <empty>
2019-10-15 16:29:59,668 [Thread-1693] INFO  impl.FollowerState (FollowerState.java:run(108)) - 24ee8ff7-dd07-49e6-bbcb-bb50ff0e8e36@group-F2FE1ED60945-FollowerState: change to CANDIDATE, lastRpcTime:1111ms, electionTimeout:1111ms
2019-10-15 16:29:59,668 [Thread-1693] INFO  impl.RoleInfo (RoleInfo.java:shutdownFollowerState(121)) - 24ee8ff7-dd07-49e6-bbcb-bb50ff0e8e36: shutdown FollowerState
2019-10-15 16:29:59,668 [Thread-1693] INFO  impl.RaftServerImpl (RaftServerImpl.java:setRole(184)) - 24ee8ff7-dd07-49e6-bbcb-bb50ff0e8e36@group-F2FE1ED60945: changes role from  FOLLOWER to CANDIDATE at term 8 for changeToCandidate
2019-10-15 16:29:59,668 [Thread-1693] INFO  impl.RoleInfo (RoleInfo.java:updateAndGet(143)) - 24ee8ff7-dd07-49e6-bbcb-bb50ff0e8e36: start LeaderElection
2019-10-15 16:29:59,672 [f5624850-682f-4ec5-bb5c-f79627fc299e@group-C25BD028928E-LeaderElection195] INFO  impl.LeaderElection (LeaderElection.java:logAndReturn(56)) - f5624850-682f-4ec5-bb5c-f79627fc299e@group-C25BD028928E-LeaderElection195: Election REJECTED; received 1 response(s) [f5624850-682f-4ec5-bb5c-f79627fc299e<-14091fe6-d183-4b46-be93-2ba964a39c73#0:FAIL-t182] and 1 exception(s); f5624850-682f-4ec5-bb5c-f79627fc299e@group-C25BD028928E:t182, leader=null, voted=f5624850-682f-4ec5-bb5c-f79627fc299e, raftlog=f5624850-682f-4ec5-bb5c-f79627fc299e@group-C25BD028928E-SegmentedRaftLog:OPENED:c-1,f-1,i0, conf=-1: [f581660d-af3d-4f5f-b57d-f4cb54f048b9:192.168.164.239:42501, f5624850-682f-4ec5-bb5c-f79627fc299e:192.168.164.239:39499, 14091fe6-d183-4b46-be93-2ba964a39c73:192.168.164.239:34827], old=null
2019-10-15 16:29:59,672 [f5624850-682f-4ec5-bb5c-f79627fc299e@group-C25BD028928E-LeaderElection195] INFO  impl.LeaderElection (LogUtils.java:infoOrTrace(149)) -   Exception 0: {}
java.util.concurrent.ExecutionException: org.apache.ratis.thirdparty.io.grpc.StatusRuntimeException: UNAVAILABLE: io exception
	at java.util.concurrent.FutureTask.report(FutureTask.java:122)
	at java.util.concurrent.FutureTask.get(FutureTask.java:192)
	at org.apache.ratis.server.impl.LeaderElection.waitForResults(LeaderElection.java:259)
	at org.apache.ratis.server.impl.LeaderElection.askForVotes(LeaderElection.java:197)
	at org.apache.ratis.server.impl.LeaderElection.run(LeaderElection.java:133)
	at java.lang.Thread.run(Thread.java:748)
Caused by: org.apache.ratis.thirdparty.io.grpc.StatusRuntimeException: UNAVAILABLE: io exception
	at org.apache.ratis.thirdparty.io.grpc.stub.ClientCalls.toStatusRuntimeException(ClientCalls.java:233)
	at org.apache.ratis.thirdparty.io.grpc.stub.ClientCalls.getUnchecked(ClientCalls.java:214)
	at org.apache.ratis.thirdparty.io.grpc.stub.ClientCalls.blockingUnaryCall(ClientCalls.java:139)
	at org.apache.ratis.proto.grpc.RaftServerProtocolServiceGrpc$RaftServerProtocolServiceBlockingStub.requestVote(RaftServerProtocolServiceGrpc.java:265)
	at org.apache.ratis.grpc.server.GrpcServerProtocolClient.requestVote(GrpcServerProtocolClient.java:99)
	at org.apache.ratis.grpc.server.GrpcService.requestVote(GrpcService.java:204)
	at org.apache.ratis.server.impl.LeaderElection.lambda$submitRequests$1(LeaderElection.java:234)
	at java.util.concurrent.FutureTask.run(FutureTask.java:266)
	at java.util.concurrent.Executors$RunnableAdapter.call(Executors.java:511)
	at java.util.concurrent.FutureTask.run(FutureTask.java:266)
	at java.util.concurrent.ThreadPoolExecutor.runWorker(ThreadPoolExecutor.java:1149)
	at java.util.concurrent.ThreadPoolExecutor$Worker.run(ThreadPoolExecutor.java:624)
	... 1 more
Caused by: org.apache.ratis.thirdparty.io.netty.channel.AbstractChannel$AnnotatedConnectException: Connection refused: /192.168.164.239:42501
	at sun.nio.ch.SocketChannelImpl.checkConnect(Native Method)
	at sun.nio.ch.SocketChannelImpl.finishConnect(SocketChannelImpl.java:717)
	at org.apache.ratis.thirdparty.io.netty.channel.socket.nio.NioSocketChannel.doFinishConnect(NioSocketChannel.java:327)
	at org.apache.ratis.thirdparty.io.netty.channel.nio.AbstractNioChannel$AbstractNioUnsafe.finishConnect(AbstractNioChannel.java:340)
	at org.apache.ratis.thirdparty.io.netty.channel.nio.NioEventLoop.processSelectedKey(NioEventLoop.java:632)
	at org.apache.ratis.thirdparty.io.netty.channel.nio.NioEventLoop.processSelectedKeysOptimized(NioEventLoop.java:579)
	at org.apache.ratis.thirdparty.io.netty.channel.nio.NioEventLoop.processSelectedKeys(NioEventLoop.java:496)
	at org.apache.ratis.thirdparty.io.netty.channel.nio.NioEventLoop.run(NioEventLoop.java:458)
	at org.apache.ratis.thirdparty.io.netty.util.concurrent.SingleThreadEventExecutor$5.run(SingleThreadEventExecutor.java:897)
	at org.apache.ratis.thirdparty.io.netty.util.concurrent.FastThreadLocalRunnable.run(FastThreadLocalRunnable.java:30)
	... 1 more
Caused by: java.net.ConnectException: Connection refused
	... 11 more
2019-10-15 16:29:59,673 [f5624850-682f-4ec5-bb5c-f79627fc299e@group-C25BD028928E-LeaderElection195] INFO  impl.RaftServerImpl (RaftServerImpl.java:setRole(184)) - f5624850-682f-4ec5-bb5c-f79627fc299e@group-C25BD028928E: changes role from CANDIDATE to FOLLOWER at term 182 for DISCOVERED_A_NEW_TERM
2019-10-15 16:29:59,673 [f5624850-682f-4ec5-bb5c-f79627fc299e@group-C25BD028928E-LeaderElection195] INFO  impl.RoleInfo (RoleInfo.java:shutdownLeaderElection(134)) - f5624850-682f-4ec5-bb5c-f79627fc299e: shutdown LeaderElection
2019-10-15 16:29:59,673 [f5624850-682f-4ec5-bb5c-f79627fc299e@group-C25BD028928E-LeaderElection195] INFO  impl.RoleInfo (RoleInfo.java:updateAndGet(143)) - f5624850-682f-4ec5-bb5c-f79627fc299e: start FollowerState
2019-10-15 16:29:59,690 [Thread-1727] INFO  impl.FollowerState (FollowerState.java:run(108)) - f5624850-682f-4ec5-bb5c-f79627fc299e@group-C25BD028928E-FollowerState: change to CANDIDATE, lastRpcTime:17ms, electionTimeout:17ms
2019-10-15 16:29:59,690 [Thread-1727] INFO  impl.RoleInfo (RoleInfo.java:shutdownFollowerState(121)) - f5624850-682f-4ec5-bb5c-f79627fc299e: shutdown FollowerState
2019-10-15 16:29:59,690 [Thread-1727] INFO  impl.RaftServerImpl (RaftServerImpl.java:setRole(184)) - f5624850-682f-4ec5-bb5c-f79627fc299e@group-C25BD028928E: changes role from  FOLLOWER to CANDIDATE at term 182 for changeToCandidate
2019-10-15 16:29:59,691 [Thread-1727] INFO  impl.RoleInfo (RoleInfo.java:updateAndGet(143)) - f5624850-682f-4ec5-bb5c-f79627fc299e: start LeaderElection
2019-10-15 16:29:59,691 [24ee8ff7-dd07-49e6-bbcb-bb50ff0e8e36@group-F2FE1ED60945-LeaderElection196] INFO  impl.LeaderElection (LeaderElection.java:askForVotes(178)) - 24ee8ff7-dd07-49e6-bbcb-bb50ff0e8e36@group-F2FE1ED60945-LeaderElection196: begin an election at term 9 for 0: [c48d8dfa-9e66-4eac-9ff2-02281a99dfa9:192.168.164.239:41652, cccd55fe-f481-4e2b-93ed-b6a86d13c378:192.168.164.239:35771, 24ee8ff7-dd07-49e6-bbcb-bb50ff0e8e36:192.168.164.239:45096], old=null
2019-10-15 16:29:59,692 [24ee8ff7-dd07-49e6-bbcb-bb50ff0e8e36@group-F2FE1ED60945-LeaderElection196] INFO  impl.LeaderElection (LogUtils.java:infoOrTrace(149)) - 24ee8ff7-dd07-49e6-bbcb-bb50ff0e8e36@group-F2FE1ED60945-LeaderElection196 got exception when requesting votes: {}
java.util.concurrent.ExecutionException: org.apache.ratis.thirdparty.io.grpc.StatusRuntimeException: UNAVAILABLE: io exception
	at java.util.concurrent.FutureTask.report(FutureTask.java:122)
	at java.util.concurrent.FutureTask.get(FutureTask.java:192)
	at org.apache.ratis.server.impl.LeaderElection.waitForResults(LeaderElection.java:259)
	at org.apache.ratis.server.impl.LeaderElection.askForVotes(LeaderElection.java:197)
	at org.apache.ratis.server.impl.LeaderElection.run(LeaderElection.java:133)
	at java.lang.Thread.run(Thread.java:748)
Caused by: org.apache.ratis.thirdparty.io.grpc.StatusRuntimeException: UNAVAILABLE: io exception
	at org.apache.ratis.thirdparty.io.grpc.stub.ClientCalls.toStatusRuntimeException(ClientCalls.java:233)
	at org.apache.ratis.thirdparty.io.grpc.stub.ClientCalls.getUnchecked(ClientCalls.java:214)
	at org.apache.ratis.thirdparty.io.grpc.stub.ClientCalls.blockingUnaryCall(ClientCalls.java:139)
	at org.apache.ratis.proto.grpc.RaftServerProtocolServiceGrpc$RaftServerProtocolServiceBlockingStub.requestVote(RaftServerProtocolServiceGrpc.java:265)
	at org.apache.ratis.grpc.server.GrpcServerProtocolClient.requestVote(GrpcServerProtocolClient.java:99)
	at org.apache.ratis.grpc.server.GrpcService.requestVote(GrpcService.java:204)
	at org.apache.ratis.server.impl.LeaderElection.lambda$submitRequests$1(LeaderElection.java:234)
	at java.util.concurrent.FutureTask.run(FutureTask.java:266)
	at java.util.concurrent.Executors$RunnableAdapter.call(Executors.java:511)
	at java.util.concurrent.FutureTask.run(FutureTask.java:266)
	at java.util.concurrent.ThreadPoolExecutor.runWorker(ThreadPoolExecutor.java:1149)
	at java.util.concurrent.ThreadPoolExecutor$Worker.run(ThreadPoolExecutor.java:624)
	... 1 more
Caused by: org.apache.ratis.thirdparty.io.netty.channel.AbstractChannel$AnnotatedConnectException: Connection refused: /192.168.164.239:41652
	at sun.nio.ch.SocketChannelImpl.checkConnect(Native Method)
	at sun.nio.ch.SocketChannelImpl.finishConnect(SocketChannelImpl.java:717)
	at org.apache.ratis.thirdparty.io.netty.channel.socket.nio.NioSocketChannel.doFinishConnect(NioSocketChannel.java:327)
	at org.apache.ratis.thirdparty.io.netty.channel.nio.AbstractNioChannel$AbstractNioUnsafe.finishConnect(AbstractNioChannel.java:340)
	at org.apache.ratis.thirdparty.io.netty.channel.nio.NioEventLoop.processSelectedKey(NioEventLoop.java:632)
	at org.apache.ratis.thirdparty.io.netty.channel.nio.NioEventLoop.processSelectedKeysOptimized(NioEventLoop.java:579)
	at org.apache.ratis.thirdparty.io.netty.channel.nio.NioEventLoop.processSelectedKeys(NioEventLoop.java:496)
	at org.apache.ratis.thirdparty.io.netty.channel.nio.NioEventLoop.run(NioEventLoop.java:458)
	at org.apache.ratis.thirdparty.io.netty.util.concurrent.SingleThreadEventExecutor$5.run(SingleThreadEventExecutor.java:897)
	at org.apache.ratis.thirdparty.io.netty.util.concurrent.FastThreadLocalRunnable.run(FastThreadLocalRunnable.java:30)
	... 1 more
Caused by: java.net.ConnectException: Connection refused
	... 11 more
2019-10-15 16:29:59,692 [24ee8ff7-dd07-49e6-bbcb-bb50ff0e8e36@group-F2FE1ED60945-LeaderElection196] INFO  impl.LeaderElection (LogUtils.java:infoOrTrace(149)) - 24ee8ff7-dd07-49e6-bbcb-bb50ff0e8e36@group-F2FE1ED60945-LeaderElection196 got exception when requesting votes: {}
java.util.concurrent.ExecutionException: org.apache.ratis.thirdparty.io.grpc.StatusRuntimeException: UNAVAILABLE: io exception
	at java.util.concurrent.FutureTask.report(FutureTask.java:122)
	at java.util.concurrent.FutureTask.get(FutureTask.java:192)
	at org.apache.ratis.server.impl.LeaderElection.waitForResults(LeaderElection.java:259)
	at org.apache.ratis.server.impl.LeaderElection.askForVotes(LeaderElection.java:197)
	at org.apache.ratis.server.impl.LeaderElection.run(LeaderElection.java:133)
	at java.lang.Thread.run(Thread.java:748)
Caused by: org.apache.ratis.thirdparty.io.grpc.StatusRuntimeException: UNAVAILABLE: io exception
	at org.apache.ratis.thirdparty.io.grpc.stub.ClientCalls.toStatusRuntimeException(ClientCalls.java:233)
	at org.apache.ratis.thirdparty.io.grpc.stub.ClientCalls.getUnchecked(ClientCalls.java:214)
	at org.apache.ratis.thirdparty.io.grpc.stub.ClientCalls.blockingUnaryCall(ClientCalls.java:139)
	at org.apache.ratis.proto.grpc.RaftServerProtocolServiceGrpc$RaftServerProtocolServiceBlockingStub.requestVote(RaftServerProtocolServiceGrpc.java:265)
	at org.apache.ratis.grpc.server.GrpcServerProtocolClient.requestVote(GrpcServerProtocolClient.java:99)
	at org.apache.ratis.grpc.server.GrpcService.requestVote(GrpcService.java:204)
	at org.apache.ratis.server.impl.LeaderElection.lambda$submitRequests$1(LeaderElection.java:234)
	at java.util.concurrent.FutureTask.run(FutureTask.java:266)
	at java.util.concurrent.Executors$RunnableAdapter.call(Executors.java:511)
	at java.util.concurrent.FutureTask.run(FutureTask.java:266)
	at java.util.concurrent.ThreadPoolExecutor.runWorker(ThreadPoolExecutor.java:1149)
	at java.util.concurrent.ThreadPoolExecutor$Worker.run(ThreadPoolExecutor.java:624)
	... 1 more
Caused by: org.apache.ratis.thirdparty.io.netty.channel.AbstractChannel$AnnotatedConnectException: Connection refused: /192.168.164.239:35771
	at sun.nio.ch.SocketChannelImpl.checkConnect(Native Method)
	at sun.nio.ch.SocketChannelImpl.finishConnect(SocketChannelImpl.java:717)
	at org.apache.ratis.thirdparty.io.netty.channel.socket.nio.NioSocketChannel.doFinishConnect(NioSocketChannel.java:327)
	at org.apache.ratis.thirdparty.io.netty.channel.nio.AbstractNioChannel$AbstractNioUnsafe.finishConnect(AbstractNioChannel.java:340)
	at org.apache.ratis.thirdparty.io.netty.channel.nio.NioEventLoop.processSelectedKey(NioEventLoop.java:632)
	at org.apache.ratis.thirdparty.io.netty.channel.nio.NioEventLoop.processSelectedKeysOptimized(NioEventLoop.java:579)
	at org.apache.ratis.thirdparty.io.netty.channel.nio.NioEventLoop.processSelectedKeys(NioEventLoop.java:496)
	at org.apache.ratis.thirdparty.io.netty.channel.nio.NioEventLoop.run(NioEventLoop.java:458)
	at org.apache.ratis.thirdparty.io.netty.util.concurrent.SingleThreadEventExecutor$5.run(SingleThreadEventExecutor.java:897)
	at org.apache.ratis.thirdparty.io.netty.util.concurrent.FastThreadLocalRunnable.run(FastThreadLocalRunnable.java:30)
	... 1 more
Caused by: java.net.ConnectException: Connection refused
	... 11 more
2019-10-15 16:29:59,693 [24ee8ff7-dd07-49e6-bbcb-bb50ff0e8e36@group-F2FE1ED60945-LeaderElection196] INFO  impl.LeaderElection (LeaderElection.java:logAndReturn(56)) - 24ee8ff7-dd07-49e6-bbcb-bb50ff0e8e36@group-F2FE1ED60945-LeaderElection196: Election REJECTED; received 0 response(s) [] and 2 exception(s); 24ee8ff7-dd07-49e6-bbcb-bb50ff0e8e36@group-F2FE1ED60945:t9, leader=null, voted=24ee8ff7-dd07-49e6-bbcb-bb50ff0e8e36, raftlog=24ee8ff7-dd07-49e6-bbcb-bb50ff0e8e36@group-F2FE1ED60945-SegmentedRaftLog:OPENED:c0,f0,i0, conf=0: [c48d8dfa-9e66-4eac-9ff2-02281a99dfa9:192.168.164.239:41652, cccd55fe-f481-4e2b-93ed-b6a86d13c378:192.168.164.239:35771, 24ee8ff7-dd07-49e6-bbcb-bb50ff0e8e36:192.168.164.239:45096], old=null
2019-10-15 16:29:59,693 [24ee8ff7-dd07-49e6-bbcb-bb50ff0e8e36@group-F2FE1ED60945-LeaderElection196] INFO  impl.LeaderElection (LogUtils.java:infoOrTrace(149)) -   Exception 0: {}
java.util.concurrent.ExecutionException: org.apache.ratis.thirdparty.io.grpc.StatusRuntimeException: UNAVAILABLE: io exception
	at java.util.concurrent.FutureTask.report(FutureTask.java:122)
	at java.util.concurrent.FutureTask.get(FutureTask.java:192)
	at org.apache.ratis.server.impl.LeaderElection.waitForResults(LeaderElection.java:259)
	at org.apache.ratis.server.impl.LeaderElection.askForVotes(LeaderElection.java:197)
	at org.apache.ratis.server.impl.LeaderElection.run(LeaderElection.java:133)
	at java.lang.Thread.run(Thread.java:748)
Caused by: org.apache.ratis.thirdparty.io.grpc.StatusRuntimeException: UNAVAILABLE: io exception
	at org.apache.ratis.thirdparty.io.grpc.stub.ClientCalls.toStatusRuntimeException(ClientCalls.java:233)
	at org.apache.ratis.thirdparty.io.grpc.stub.ClientCalls.getUnchecked(ClientCalls.java:214)
	at org.apache.ratis.thirdparty.io.grpc.stub.ClientCalls.blockingUnaryCall(ClientCalls.java:139)
	at org.apache.ratis.proto.grpc.RaftServerProtocolServiceGrpc$RaftServerProtocolServiceBlockingStub.requestVote(RaftServerProtocolServiceGrpc.java:265)
	at org.apache.ratis.grpc.server.GrpcServerProtocolClient.requestVote(GrpcServerProtocolClient.java:99)
	at org.apache.ratis.grpc.server.GrpcService.requestVote(GrpcService.java:204)
	at org.apache.ratis.server.impl.LeaderElection.lambda$submitRequests$1(LeaderElection.java:234)
	at java.util.concurrent.FutureTask.run(FutureTask.java:266)
	at java.util.concurrent.Executors$RunnableAdapter.call(Executors.java:511)
	at java.util.concurrent.FutureTask.run(FutureTask.java:266)
	at java.util.concurrent.ThreadPoolExecutor.runWorker(ThreadPoolExecutor.java:1149)
	at java.util.concurrent.ThreadPoolExecutor$Worker.run(ThreadPoolExecutor.java:624)
	... 1 more
Caused by: org.apache.ratis.thirdparty.io.netty.channel.AbstractChannel$AnnotatedConnectException: Connection refused: /192.168.164.239:41652
	at sun.nio.ch.SocketChannelImpl.checkConnect(Native Method)
	at sun.nio.ch.SocketChannelImpl.finishConnect(SocketChannelImpl.java:717)
	at org.apache.ratis.thirdparty.io.netty.channel.socket.nio.NioSocketChannel.doFinishConnect(NioSocketChannel.java:327)
	at org.apache.ratis.thirdparty.io.netty.channel.nio.AbstractNioChannel$AbstractNioUnsafe.finishConnect(AbstractNioChannel.java:340)
	at org.apache.ratis.thirdparty.io.netty.channel.nio.NioEventLoop.processSelectedKey(NioEventLoop.java:632)
	at org.apache.ratis.thirdparty.io.netty.channel.nio.NioEventLoop.processSelectedKeysOptimized(NioEventLoop.java:579)
	at org.apache.ratis.thirdparty.io.netty.channel.nio.NioEventLoop.processSelectedKeys(NioEventLoop.java:496)
	at org.apache.ratis.thirdparty.io.netty.channel.nio.NioEventLoop.run(NioEventLoop.java:458)
	at org.apache.ratis.thirdparty.io.netty.util.concurrent.SingleThreadEventExecutor$5.run(SingleThreadEventExecutor.java:897)
	at org.apache.ratis.thirdparty.io.netty.util.concurrent.FastThreadLocalRunnable.run(FastThreadLocalRunnable.java:30)
	... 1 more
Caused by: java.net.ConnectException: Connection refused
	... 11 more
2019-10-15 16:29:59,693 [24ee8ff7-dd07-49e6-bbcb-bb50ff0e8e36@group-F2FE1ED60945-LeaderElection196] INFO  impl.LeaderElection (LogUtils.java:infoOrTrace(149)) -   Exception 1: {}
java.util.concurrent.ExecutionException: org.apache.ratis.thirdparty.io.grpc.StatusRuntimeException: UNAVAILABLE: io exception
	at java.util.concurrent.FutureTask.report(FutureTask.java:122)
	at java.util.concurrent.FutureTask.get(FutureTask.java:192)
	at org.apache.ratis.server.impl.LeaderElection.waitForResults(LeaderElection.java:259)
	at org.apache.ratis.server.impl.LeaderElection.askForVotes(LeaderElection.java:197)
	at org.apache.ratis.server.impl.LeaderElection.run(LeaderElection.java:133)
	at java.lang.Thread.run(Thread.java:748)
Caused by: org.apache.ratis.thirdparty.io.grpc.StatusRuntimeException: UNAVAILABLE: io exception
	at org.apache.ratis.thirdparty.io.grpc.stub.ClientCalls.toStatusRuntimeException(ClientCalls.java:233)
	at org.apache.ratis.thirdparty.io.grpc.stub.ClientCalls.getUnchecked(ClientCalls.java:214)
	at org.apache.ratis.thirdparty.io.grpc.stub.ClientCalls.blockingUnaryCall(ClientCalls.java:139)
	at org.apache.ratis.proto.grpc.RaftServerProtocolServiceGrpc$RaftServerProtocolServiceBlockingStub.requestVote(RaftServerProtocolServiceGrpc.java:265)
	at org.apache.ratis.grpc.server.GrpcServerProtocolClient.requestVote(GrpcServerProtocolClient.java:99)
	at org.apache.ratis.grpc.server.GrpcService.requestVote(GrpcService.java:204)
	at org.apache.ratis.server.impl.LeaderElection.lambda$submitRequests$1(LeaderElection.java:234)
	at java.util.concurrent.FutureTask.run(FutureTask.java:266)
	at java.util.concurrent.Executors$RunnableAdapter.call(Executors.java:511)
	at java.util.concurrent.FutureTask.run(FutureTask.java:266)
	at java.util.concurrent.ThreadPoolExecutor.runWorker(ThreadPoolExecutor.java:1149)
	at java.util.concurrent.ThreadPoolExecutor$Worker.run(ThreadPoolExecutor.java:624)
	... 1 more
Caused by: org.apache.ratis.thirdparty.io.netty.channel.AbstractChannel$AnnotatedConnectException: Connection refused: /192.168.164.239:35771
	at sun.nio.ch.SocketChannelImpl.checkConnect(Native Method)
	at sun.nio.ch.SocketChannelImpl.finishConnect(SocketChannelImpl.java:717)
	at org.apache.ratis.thirdparty.io.netty.channel.socket.nio.NioSocketChannel.doFinishConnect(NioSocketChannel.java:327)
	at org.apache.ratis.thirdparty.io.netty.channel.nio.AbstractNioChannel$AbstractNioUnsafe.finishConnect(AbstractNioChannel.java:340)
	at org.apache.ratis.thirdparty.io.netty.channel.nio.NioEventLoop.processSelectedKey(NioEventLoop.java:632)
	at org.apache.ratis.thirdparty.io.netty.channel.nio.NioEventLoop.processSelectedKeysOptimized(NioEventLoop.java:579)
	at org.apache.ratis.thirdparty.io.netty.channel.nio.NioEventLoop.processSelectedKeys(NioEventLoop.java:496)
	at org.apache.ratis.thirdparty.io.netty.channel.nio.NioEventLoop.run(NioEventLoop.java:458)
	at org.apache.ratis.thirdparty.io.netty.util.concurrent.SingleThreadEventExecutor$5.run(SingleThreadEventExecutor.java:897)
	at org.apache.ratis.thirdparty.io.netty.util.concurrent.FastThreadLocalRunnable.run(FastThreadLocalRunnable.java:30)
	... 1 more
Caused by: java.net.ConnectException: Connection refused
	... 11 more
2019-10-15 16:29:59,694 [24ee8ff7-dd07-49e6-bbcb-bb50ff0e8e36@group-F2FE1ED60945-LeaderElection196] INFO  impl.RaftServerImpl (RaftServerImpl.java:setRole(184)) - 24ee8ff7-dd07-49e6-bbcb-bb50ff0e8e36@group-F2FE1ED60945: changes role from CANDIDATE to FOLLOWER at term 9 for DISCOVERED_A_NEW_TERM
2019-10-15 16:29:59,694 [24ee8ff7-dd07-49e6-bbcb-bb50ff0e8e36@group-F2FE1ED60945-LeaderElection196] INFO  impl.RoleInfo (RoleInfo.java:shutdownLeaderElection(134)) - 24ee8ff7-dd07-49e6-bbcb-bb50ff0e8e36: shutdown LeaderElection
2019-10-15 16:29:59,694 [24ee8ff7-dd07-49e6-bbcb-bb50ff0e8e36@group-F2FE1ED60945-LeaderElection196] INFO  impl.RoleInfo (RoleInfo.java:updateAndGet(143)) - 24ee8ff7-dd07-49e6-bbcb-bb50ff0e8e36: start FollowerState
2019-10-15 16:29:59,714 [f5624850-682f-4ec5-bb5c-f79627fc299e@group-C25BD028928E-LeaderElection197] INFO  impl.LeaderElection (LeaderElection.java:askForVotes(178)) - f5624850-682f-4ec5-bb5c-f79627fc299e@group-C25BD028928E-LeaderElection197: begin an election at term 183 for -1: [f581660d-af3d-4f5f-b57d-f4cb54f048b9:192.168.164.239:42501, f5624850-682f-4ec5-bb5c-f79627fc299e:192.168.164.239:39499, 14091fe6-d183-4b46-be93-2ba964a39c73:192.168.164.239:34827], old=null
2019-10-15 16:29:59,715 [f5624850-682f-4ec5-bb5c-f79627fc299e@group-C25BD028928E-LeaderElection197] INFO  impl.LeaderElection (LogUtils.java:infoOrTrace(149)) - f5624850-682f-4ec5-bb5c-f79627fc299e@group-C25BD028928E-LeaderElection197 got exception when requesting votes: {}
java.util.concurrent.ExecutionException: org.apache.ratis.thirdparty.io.grpc.StatusRuntimeException: UNAVAILABLE: io exception
	at java.util.concurrent.FutureTask.report(FutureTask.java:122)
	at java.util.concurrent.FutureTask.get(FutureTask.java:192)
	at org.apache.ratis.server.impl.LeaderElection.waitForResults(LeaderElection.java:259)
	at org.apache.ratis.server.impl.LeaderElection.askForVotes(LeaderElection.java:197)
	at org.apache.ratis.server.impl.LeaderElection.run(LeaderElection.java:133)
	at java.lang.Thread.run(Thread.java:748)
Caused by: org.apache.ratis.thirdparty.io.grpc.StatusRuntimeException: UNAVAILABLE: io exception
	at org.apache.ratis.thirdparty.io.grpc.stub.ClientCalls.toStatusRuntimeException(ClientCalls.java:233)
	at org.apache.ratis.thirdparty.io.grpc.stub.ClientCalls.getUnchecked(ClientCalls.java:214)
	at org.apache.ratis.thirdparty.io.grpc.stub.ClientCalls.blockingUnaryCall(ClientCalls.java:139)
	at org.apache.ratis.proto.grpc.RaftServerProtocolServiceGrpc$RaftServerProtocolServiceBlockingStub.requestVote(RaftServerProtocolServiceGrpc.java:265)
	at org.apache.ratis.grpc.server.GrpcServerProtocolClient.requestVote(GrpcServerProtocolClient.java:99)
	at org.apache.ratis.grpc.server.GrpcService.requestVote(GrpcService.java:204)
	at org.apache.ratis.server.impl.LeaderElection.lambda$submitRequests$1(LeaderElection.java:234)
	at java.util.concurrent.FutureTask.run(FutureTask.java:266)
	at java.util.concurrent.Executors$RunnableAdapter.call(Executors.java:511)
	at java.util.concurrent.FutureTask.run(FutureTask.java:266)
	at java.util.concurrent.ThreadPoolExecutor.runWorker(ThreadPoolExecutor.java:1149)
	at java.util.concurrent.ThreadPoolExecutor$Worker.run(ThreadPoolExecutor.java:624)
	... 1 more
Caused by: org.apache.ratis.thirdparty.io.netty.channel.AbstractChannel$AnnotatedConnectException: Connection refused: /192.168.164.239:42501
	at sun.nio.ch.SocketChannelImpl.checkConnect(Native Method)
	at sun.nio.ch.SocketChannelImpl.finishConnect(SocketChannelImpl.java:717)
	at org.apache.ratis.thirdparty.io.netty.channel.socket.nio.NioSocketChannel.doFinishConnect(NioSocketChannel.java:327)
	at org.apache.ratis.thirdparty.io.netty.channel.nio.AbstractNioChannel$AbstractNioUnsafe.finishConnect(AbstractNioChannel.java:340)
	at org.apache.ratis.thirdparty.io.netty.channel.nio.NioEventLoop.processSelectedKey(NioEventLoop.java:632)
	at org.apache.ratis.thirdparty.io.netty.channel.nio.NioEventLoop.processSelectedKeysOptimized(NioEventLoop.java:579)
	at org.apache.ratis.thirdparty.io.netty.channel.nio.NioEventLoop.processSelectedKeys(NioEventLoop.java:496)
	at org.apache.ratis.thirdparty.io.netty.channel.nio.NioEventLoop.run(NioEventLoop.java:458)
	at org.apache.ratis.thirdparty.io.netty.util.concurrent.SingleThreadEventExecutor$5.run(SingleThreadEventExecutor.java:897)
	at org.apache.ratis.thirdparty.io.netty.util.concurrent.FastThreadLocalRunnable.run(FastThreadLocalRunnable.java:30)
	... 1 more
Caused by: java.net.ConnectException: Connection refused
	... 11 more
2019-10-15 16:29:59,717 [grpc-default-executor-11] INFO  impl.RaftServerImpl (RaftServerImpl.java:setRole(184)) - 14091fe6-d183-4b46-be93-2ba964a39c73@group-C25BD028928E: changes role from  FOLLOWER to FOLLOWER at term 183 for recognizeCandidate:f5624850-682f-4ec5-bb5c-f79627fc299e
2019-10-15 16:29:59,717 [grpc-default-executor-11] INFO  impl.RoleInfo (RoleInfo.java:shutdownFollowerState(121)) - 14091fe6-d183-4b46-be93-2ba964a39c73: shutdown FollowerState
2019-10-15 16:29:59,717 [grpc-default-executor-11] INFO  impl.RoleInfo (RoleInfo.java:updateAndGet(143)) - 14091fe6-d183-4b46-be93-2ba964a39c73: start FollowerState
2019-10-15 16:29:59,717 [Thread-1724] INFO  impl.FollowerState (FollowerState.java:run(117)) - 14091fe6-d183-4b46-be93-2ba964a39c73@group-C25BD028928E-FollowerState was interrupted: java.lang.InterruptedException: sleep interrupted
2019-10-15 16:29:59,735 [f5624850-682f-4ec5-bb5c-f79627fc299e@group-C25BD028928E-LeaderElection197] INFO  impl.LeaderElection (LeaderElection.java:logAndReturn(56)) - f5624850-682f-4ec5-bb5c-f79627fc299e@group-C25BD028928E-LeaderElection197: Election REJECTED; received 1 response(s) [f5624850-682f-4ec5-bb5c-f79627fc299e<-14091fe6-d183-4b46-be93-2ba964a39c73#0:FAIL-t183] and 1 exception(s); f5624850-682f-4ec5-bb5c-f79627fc299e@group-C25BD028928E:t183, leader=null, voted=f5624850-682f-4ec5-bb5c-f79627fc299e, raftlog=f5624850-682f-4ec5-bb5c-f79627fc299e@group-C25BD028928E-SegmentedRaftLog:OPENED:c-1,f-1,i0, conf=-1: [f581660d-af3d-4f5f-b57d-f4cb54f048b9:192.168.164.239:42501, f5624850-682f-4ec5-bb5c-f79627fc299e:192.168.164.239:39499, 14091fe6-d183-4b46-be93-2ba964a39c73:192.168.164.239:34827], old=null
2019-10-15 16:29:59,735 [f5624850-682f-4ec5-bb5c-f79627fc299e@group-C25BD028928E-LeaderElection197] INFO  impl.LeaderElection (LogUtils.java:infoOrTrace(149)) -   Exception 0: {}
java.util.concurrent.ExecutionException: org.apache.ratis.thirdparty.io.grpc.StatusRuntimeException: UNAVAILABLE: io exception
	at java.util.concurrent.FutureTask.report(FutureTask.java:122)
	at java.util.concurrent.FutureTask.get(FutureTask.java:192)
	at org.apache.ratis.server.impl.LeaderElection.waitForResults(LeaderElection.java:259)
	at org.apache.ratis.server.impl.LeaderElection.askForVotes(LeaderElection.java:197)
	at org.apache.ratis.server.impl.LeaderElection.run(LeaderElection.java:133)
	at java.lang.Thread.run(Thread.java:748)
Caused by: org.apache.ratis.thirdparty.io.grpc.StatusRuntimeException: UNAVAILABLE: io exception
	at org.apache.ratis.thirdparty.io.grpc.stub.ClientCalls.toStatusRuntimeException(ClientCalls.java:233)
	at org.apache.ratis.thirdparty.io.grpc.stub.ClientCalls.getUnchecked(ClientCalls.java:214)
	at org.apache.ratis.thirdparty.io.grpc.stub.ClientCalls.blockingUnaryCall(ClientCalls.java:139)
	at org.apache.ratis.proto.grpc.RaftServerProtocolServiceGrpc$RaftServerProtocolServiceBlockingStub.requestVote(RaftServerProtocolServiceGrpc.java:265)
	at org.apache.ratis.grpc.server.GrpcServerProtocolClient.requestVote(GrpcServerProtocolClient.java:99)
	at org.apache.ratis.grpc.server.GrpcService.requestVote(GrpcService.java:204)
	at org.apache.ratis.server.impl.LeaderElection.lambda$submitRequests$1(LeaderElection.java:234)
	at java.util.concurrent.FutureTask.run(FutureTask.java:266)
	at java.util.concurrent.Executors$RunnableAdapter.call(Executors.java:511)
	at java.util.concurrent.FutureTask.run(FutureTask.java:266)
	at java.util.concurrent.ThreadPoolExecutor.runWorker(ThreadPoolExecutor.java:1149)
	at java.util.concurrent.ThreadPoolExecutor$Worker.run(ThreadPoolExecutor.java:624)
	... 1 more
Caused by: org.apache.ratis.thirdparty.io.netty.channel.AbstractChannel$AnnotatedConnectException: Connection refused: /192.168.164.239:42501
	at sun.nio.ch.SocketChannelImpl.checkConnect(Native Method)
	at sun.nio.ch.SocketChannelImpl.finishConnect(SocketChannelImpl.java:717)
	at org.apache.ratis.thirdparty.io.netty.channel.socket.nio.NioSocketChannel.doFinishConnect(NioSocketChannel.java:327)
	at org.apache.ratis.thirdparty.io.netty.channel.nio.AbstractNioChannel$AbstractNioUnsafe.finishConnect(AbstractNioChannel.java:340)
	at org.apache.ratis.thirdparty.io.netty.channel.nio.NioEventLoop.processSelectedKey(NioEventLoop.java:632)
	at org.apache.ratis.thirdparty.io.netty.channel.nio.NioEventLoop.processSelectedKeysOptimized(NioEventLoop.java:579)
	at org.apache.ratis.thirdparty.io.netty.channel.nio.NioEventLoop.processSelectedKeys(NioEventLoop.java:496)
	at org.apache.ratis.thirdparty.io.netty.channel.nio.NioEventLoop.run(NioEventLoop.java:458)
	at org.apache.ratis.thirdparty.io.netty.util.concurrent.SingleThreadEventExecutor$5.run(SingleThreadEventExecutor.java:897)
	at org.apache.ratis.thirdparty.io.netty.util.concurrent.FastThreadLocalRunnable.run(FastThreadLocalRunnable.java:30)
	... 1 more
Caused by: java.net.ConnectException: Connection refused
	... 11 more
2019-10-15 16:29:59,736 [f5624850-682f-4ec5-bb5c-f79627fc299e@group-C25BD028928E-LeaderElection197] INFO  impl.RaftServerImpl (RaftServerImpl.java:setRole(184)) - f5624850-682f-4ec5-bb5c-f79627fc299e@group-C25BD028928E: changes role from CANDIDATE to FOLLOWER at term 183 for DISCOVERED_A_NEW_TERM
2019-10-15 16:29:59,736 [f5624850-682f-4ec5-bb5c-f79627fc299e@group-C25BD028928E-LeaderElection197] INFO  impl.RoleInfo (RoleInfo.java:shutdownLeaderElection(134)) - f5624850-682f-4ec5-bb5c-f79627fc299e: shutdown LeaderElection
2019-10-15 16:29:59,736 [f5624850-682f-4ec5-bb5c-f79627fc299e@group-C25BD028928E-LeaderElection197] INFO  impl.RoleInfo (RoleInfo.java:updateAndGet(143)) - f5624850-682f-4ec5-bb5c-f79627fc299e: start FollowerState
2019-10-15 16:29:59,862 [Thread-1735] INFO  impl.FollowerState (FollowerState.java:run(108)) - f5624850-682f-4ec5-bb5c-f79627fc299e@group-C25BD028928E-FollowerState: change to CANDIDATE, lastRpcTime:126ms, electionTimeout:124ms
2019-10-15 16:29:59,863 [Thread-1735] INFO  impl.RoleInfo (RoleInfo.java:shutdownFollowerState(121)) - f5624850-682f-4ec5-bb5c-f79627fc299e: shutdown FollowerState
2019-10-15 16:29:59,863 [Thread-1735] INFO  impl.RaftServerImpl (RaftServerImpl.java:setRole(184)) - f5624850-682f-4ec5-bb5c-f79627fc299e@group-C25BD028928E: changes role from  FOLLOWER to CANDIDATE at term 183 for changeToCandidate
2019-10-15 16:29:59,863 [Thread-1735] INFO  impl.RoleInfo (RoleInfo.java:updateAndGet(143)) - f5624850-682f-4ec5-bb5c-f79627fc299e: start LeaderElection
2019-10-15 16:29:59,888 [f5624850-682f-4ec5-bb5c-f79627fc299e@group-C25BD028928E-LeaderElection198] INFO  impl.LeaderElection (LeaderElection.java:askForVotes(178)) - f5624850-682f-4ec5-bb5c-f79627fc299e@group-C25BD028928E-LeaderElection198: begin an election at term 184 for -1: [f581660d-af3d-4f5f-b57d-f4cb54f048b9:192.168.164.239:42501, f5624850-682f-4ec5-bb5c-f79627fc299e:192.168.164.239:39499, 14091fe6-d183-4b46-be93-2ba964a39c73:192.168.164.239:34827], old=null
2019-10-15 16:29:59,890 [f5624850-682f-4ec5-bb5c-f79627fc299e@group-C25BD028928E-LeaderElection198] INFO  impl.LeaderElection (LogUtils.java:infoOrTrace(149)) - f5624850-682f-4ec5-bb5c-f79627fc299e@group-C25BD028928E-LeaderElection198 got exception when requesting votes: {}
java.util.concurrent.ExecutionException: org.apache.ratis.thirdparty.io.grpc.StatusRuntimeException: UNAVAILABLE: io exception
	at java.util.concurrent.FutureTask.report(FutureTask.java:122)
	at java.util.concurrent.FutureTask.get(FutureTask.java:192)
	at org.apache.ratis.server.impl.LeaderElection.waitForResults(LeaderElection.java:259)
	at org.apache.ratis.server.impl.LeaderElection.askForVotes(LeaderElection.java:197)
	at org.apache.ratis.server.impl.LeaderElection.run(LeaderElection.java:133)
	at java.lang.Thread.run(Thread.java:748)
Caused by: org.apache.ratis.thirdparty.io.grpc.StatusRuntimeException: UNAVAILABLE: io exception
	at org.apache.ratis.thirdparty.io.grpc.stub.ClientCalls.toStatusRuntimeException(ClientCalls.java:233)
	at org.apache.ratis.thirdparty.io.grpc.stub.ClientCalls.getUnchecked(ClientCalls.java:214)
	at org.apache.ratis.thirdparty.io.grpc.stub.ClientCalls.blockingUnaryCall(ClientCalls.java:139)
	at org.apache.ratis.proto.grpc.RaftServerProtocolServiceGrpc$RaftServerProtocolServiceBlockingStub.requestVote(RaftServerProtocolServiceGrpc.java:265)
	at org.apache.ratis.grpc.server.GrpcServerProtocolClient.requestVote(GrpcServerProtocolClient.java:99)
	at org.apache.ratis.grpc.server.GrpcService.requestVote(GrpcService.java:204)
	at org.apache.ratis.server.impl.LeaderElection.lambda$submitRequests$1(LeaderElection.java:234)
	at java.util.concurrent.FutureTask.run(FutureTask.java:266)
	at java.util.concurrent.Executors$RunnableAdapter.call(Executors.java:511)
	at java.util.concurrent.FutureTask.run(FutureTask.java:266)
	at java.util.concurrent.ThreadPoolExecutor.runWorker(ThreadPoolExecutor.java:1149)
	at java.util.concurrent.ThreadPoolExecutor$Worker.run(ThreadPoolExecutor.java:624)
	... 1 more
Caused by: org.apache.ratis.thirdparty.io.netty.channel.AbstractChannel$AnnotatedConnectException: Connection refused: /192.168.164.239:42501
	at sun.nio.ch.SocketChannelImpl.checkConnect(Native Method)
	at sun.nio.ch.SocketChannelImpl.finishConnect(SocketChannelImpl.java:717)
	at org.apache.ratis.thirdparty.io.netty.channel.socket.nio.NioSocketChannel.doFinishConnect(NioSocketChannel.java:327)
	at org.apache.ratis.thirdparty.io.netty.channel.nio.AbstractNioChannel$AbstractNioUnsafe.finishConnect(AbstractNioChannel.java:340)
	at org.apache.ratis.thirdparty.io.netty.channel.nio.NioEventLoop.processSelectedKey(NioEventLoop.java:632)
	at org.apache.ratis.thirdparty.io.netty.channel.nio.NioEventLoop.processSelectedKeysOptimized(NioEventLoop.java:579)
	at org.apache.ratis.thirdparty.io.netty.channel.nio.NioEventLoop.processSelectedKeys(NioEventLoop.java:496)
	at org.apache.ratis.thirdparty.io.netty.channel.nio.NioEventLoop.run(NioEventLoop.java:458)
	at org.apache.ratis.thirdparty.io.netty.util.concurrent.SingleThreadEventExecutor$5.run(SingleThreadEventExecutor.java:897)
	at org.apache.ratis.thirdparty.io.netty.util.concurrent.FastThreadLocalRunnable.run(FastThreadLocalRunnable.java:30)
	... 1 more
Caused by: java.net.ConnectException: Connection refused
	... 11 more
2019-10-15 16:29:59,893 [grpc-default-executor-11] INFO  impl.RaftServerImpl (RaftServerImpl.java:setRole(184)) - 14091fe6-d183-4b46-be93-2ba964a39c73@group-C25BD028928E: changes role from  FOLLOWER to FOLLOWER at term 184 for recognizeCandidate:f5624850-682f-4ec5-bb5c-f79627fc299e
2019-10-15 16:29:59,893 [grpc-default-executor-11] INFO  impl.RoleInfo (RoleInfo.java:shutdownFollowerState(121)) - 14091fe6-d183-4b46-be93-2ba964a39c73: shutdown FollowerState
2019-10-15 16:29:59,893 [Thread-1734] INFO  impl.FollowerState (FollowerState.java:run(117)) - 14091fe6-d183-4b46-be93-2ba964a39c73@group-C25BD028928E-FollowerState was interrupted: java.lang.InterruptedException: sleep interrupted
2019-10-15 16:29:59,893 [grpc-default-executor-11] INFO  impl.RoleInfo (RoleInfo.java:updateAndGet(143)) - 14091fe6-d183-4b46-be93-2ba964a39c73: start FollowerState
2019-10-15 16:29:59,920 [f5624850-682f-4ec5-bb5c-f79627fc299e@group-C25BD028928E-LeaderElection198] INFO  impl.LeaderElection (LeaderElection.java:logAndReturn(56)) - f5624850-682f-4ec5-bb5c-f79627fc299e@group-C25BD028928E-LeaderElection198: Election REJECTED; received 1 response(s) [f5624850-682f-4ec5-bb5c-f79627fc299e<-14091fe6-d183-4b46-be93-2ba964a39c73#0:FAIL-t184] and 1 exception(s); f5624850-682f-4ec5-bb5c-f79627fc299e@group-C25BD028928E:t184, leader=null, voted=f5624850-682f-4ec5-bb5c-f79627fc299e, raftlog=f5624850-682f-4ec5-bb5c-f79627fc299e@group-C25BD028928E-SegmentedRaftLog:OPENED:c-1,f-1,i0, conf=-1: [f581660d-af3d-4f5f-b57d-f4cb54f048b9:192.168.164.239:42501, f5624850-682f-4ec5-bb5c-f79627fc299e:192.168.164.239:39499, 14091fe6-d183-4b46-be93-2ba964a39c73:192.168.164.239:34827], old=null
2019-10-15 16:29:59,920 [f5624850-682f-4ec5-bb5c-f79627fc299e@group-C25BD028928E-LeaderElection198] INFO  impl.LeaderElection (LogUtils.java:infoOrTrace(149)) -   Exception 0: {}
java.util.concurrent.ExecutionException: org.apache.ratis.thirdparty.io.grpc.StatusRuntimeException: UNAVAILABLE: io exception
	at java.util.concurrent.FutureTask.report(FutureTask.java:122)
	at java.util.concurrent.FutureTask.get(FutureTask.java:192)
	at org.apache.ratis.server.impl.LeaderElection.waitForResults(LeaderElection.java:259)
	at org.apache.ratis.server.impl.LeaderElection.askForVotes(LeaderElection.java:197)
	at org.apache.ratis.server.impl.LeaderElection.run(LeaderElection.java:133)
	at java.lang.Thread.run(Thread.java:748)
Caused by: org.apache.ratis.thirdparty.io.grpc.StatusRuntimeException: UNAVAILABLE: io exception
	at org.apache.ratis.thirdparty.io.grpc.stub.ClientCalls.toStatusRuntimeException(ClientCalls.java:233)
	at org.apache.ratis.thirdparty.io.grpc.stub.ClientCalls.getUnchecked(ClientCalls.java:214)
	at org.apache.ratis.thirdparty.io.grpc.stub.ClientCalls.blockingUnaryCall(ClientCalls.java:139)
	at org.apache.ratis.proto.grpc.RaftServerProtocolServiceGrpc$RaftServerProtocolServiceBlockingStub.requestVote(RaftServerProtocolServiceGrpc.java:265)
	at org.apache.ratis.grpc.server.GrpcServerProtocolClient.requestVote(GrpcServerProtocolClient.java:99)
	at org.apache.ratis.grpc.server.GrpcService.requestVote(GrpcService.java:204)
	at org.apache.ratis.server.impl.LeaderElection.lambda$submitRequests$1(LeaderElection.java:234)
	at java.util.concurrent.FutureTask.run(FutureTask.java:266)
	at java.util.concurrent.Executors$RunnableAdapter.call(Executors.java:511)
	at java.util.concurrent.FutureTask.run(FutureTask.java:266)
	at java.util.concurrent.ThreadPoolExecutor.runWorker(ThreadPoolExecutor.java:1149)
	at java.util.concurrent.ThreadPoolExecutor$Worker.run(ThreadPoolExecutor.java:624)
	... 1 more
Caused by: org.apache.ratis.thirdparty.io.netty.channel.AbstractChannel$AnnotatedConnectException: Connection refused: /192.168.164.239:42501
	at sun.nio.ch.SocketChannelImpl.checkConnect(Native Method)
	at sun.nio.ch.SocketChannelImpl.finishConnect(SocketChannelImpl.java:717)
	at org.apache.ratis.thirdparty.io.netty.channel.socket.nio.NioSocketChannel.doFinishConnect(NioSocketChannel.java:327)
	at org.apache.ratis.thirdparty.io.netty.channel.nio.AbstractNioChannel$AbstractNioUnsafe.finishConnect(AbstractNioChannel.java:340)
	at org.apache.ratis.thirdparty.io.netty.channel.nio.NioEventLoop.processSelectedKey(NioEventLoop.java:632)
	at org.apache.ratis.thirdparty.io.netty.channel.nio.NioEventLoop.processSelectedKeysOptimized(NioEventLoop.java:579)
	at org.apache.ratis.thirdparty.io.netty.channel.nio.NioEventLoop.processSelectedKeys(NioEventLoop.java:496)
	at org.apache.ratis.thirdparty.io.netty.channel.nio.NioEventLoop.run(NioEventLoop.java:458)
	at org.apache.ratis.thirdparty.io.netty.util.concurrent.SingleThreadEventExecutor$5.run(SingleThreadEventExecutor.java:897)
	at org.apache.ratis.thirdparty.io.netty.util.concurrent.FastThreadLocalRunnable.run(FastThreadLocalRunnable.java:30)
	... 1 more
Caused by: java.net.ConnectException: Connection refused
	... 11 more
2019-10-15 16:29:59,921 [f5624850-682f-4ec5-bb5c-f79627fc299e@group-C25BD028928E-LeaderElection198] INFO  impl.RaftServerImpl (RaftServerImpl.java:setRole(184)) - f5624850-682f-4ec5-bb5c-f79627fc299e@group-C25BD028928E: changes role from CANDIDATE to FOLLOWER at term 184 for DISCOVERED_A_NEW_TERM
2019-10-15 16:29:59,921 [f5624850-682f-4ec5-bb5c-f79627fc299e@group-C25BD028928E-LeaderElection198] INFO  impl.RoleInfo (RoleInfo.java:shutdownLeaderElection(134)) - f5624850-682f-4ec5-bb5c-f79627fc299e: shutdown LeaderElection
2019-10-15 16:29:59,922 [f5624850-682f-4ec5-bb5c-f79627fc299e@group-C25BD028928E-LeaderElection198] INFO  impl.RoleInfo (RoleInfo.java:updateAndGet(143)) - f5624850-682f-4ec5-bb5c-f79627fc299e: start FollowerState
2019-10-15 16:29:59,925 [Thread-1740] INFO  impl.FollowerState (FollowerState.java:run(108)) - f5624850-682f-4ec5-bb5c-f79627fc299e@group-C25BD028928E-FollowerState: change to CANDIDATE, lastRpcTime:3ms, electionTimeout:3ms
2019-10-15 16:29:59,925 [Thread-1740] INFO  impl.RoleInfo (RoleInfo.java:shutdownFollowerState(121)) - f5624850-682f-4ec5-bb5c-f79627fc299e: shutdown FollowerState
2019-10-15 16:29:59,925 [Thread-1740] INFO  impl.RaftServerImpl (RaftServerImpl.java:setRole(184)) - f5624850-682f-4ec5-bb5c-f79627fc299e@group-C25BD028928E: changes role from  FOLLOWER to CANDIDATE at term 184 for changeToCandidate
2019-10-15 16:29:59,926 [Thread-1740] INFO  impl.RoleInfo (RoleInfo.java:updateAndGet(143)) - f5624850-682f-4ec5-bb5c-f79627fc299e: start LeaderElection
2019-10-15 16:29:59,963 [f5624850-682f-4ec5-bb5c-f79627fc299e@group-C25BD028928E-LeaderElection199] INFO  impl.LeaderElection (LeaderElection.java:askForVotes(178)) - f5624850-682f-4ec5-bb5c-f79627fc299e@group-C25BD028928E-LeaderElection199: begin an election at term 185 for -1: [f581660d-af3d-4f5f-b57d-f4cb54f048b9:192.168.164.239:42501, f5624850-682f-4ec5-bb5c-f79627fc299e:192.168.164.239:39499, 14091fe6-d183-4b46-be93-2ba964a39c73:192.168.164.239:34827], old=null
2019-10-15 16:29:59,964 [f5624850-682f-4ec5-bb5c-f79627fc299e@group-C25BD028928E-LeaderElection199] INFO  impl.LeaderElection (LogUtils.java:infoOrTrace(149)) - f5624850-682f-4ec5-bb5c-f79627fc299e@group-C25BD028928E-LeaderElection199 got exception when requesting votes: {}
java.util.concurrent.ExecutionException: org.apache.ratis.thirdparty.io.grpc.StatusRuntimeException: UNAVAILABLE: io exception
	at java.util.concurrent.FutureTask.report(FutureTask.java:122)
	at java.util.concurrent.FutureTask.get(FutureTask.java:192)
	at org.apache.ratis.server.impl.LeaderElection.waitForResults(LeaderElection.java:259)
	at org.apache.ratis.server.impl.LeaderElection.askForVotes(LeaderElection.java:197)
	at org.apache.ratis.server.impl.LeaderElection.run(LeaderElection.java:133)
	at java.lang.Thread.run(Thread.java:748)
Caused by: org.apache.ratis.thirdparty.io.grpc.StatusRuntimeException: UNAVAILABLE: io exception
	at org.apache.ratis.thirdparty.io.grpc.stub.ClientCalls.toStatusRuntimeException(ClientCalls.java:233)
	at org.apache.ratis.thirdparty.io.grpc.stub.ClientCalls.getUnchecked(ClientCalls.java:214)
	at org.apache.ratis.thirdparty.io.grpc.stub.ClientCalls.blockingUnaryCall(ClientCalls.java:139)
	at org.apache.ratis.proto.grpc.RaftServerProtocolServiceGrpc$RaftServerProtocolServiceBlockingStub.requestVote(RaftServerProtocolServiceGrpc.java:265)
	at org.apache.ratis.grpc.server.GrpcServerProtocolClient.requestVote(GrpcServerProtocolClient.java:99)
	at org.apache.ratis.grpc.server.GrpcService.requestVote(GrpcService.java:204)
	at org.apache.ratis.server.impl.LeaderElection.lambda$submitRequests$1(LeaderElection.java:234)
	at java.util.concurrent.FutureTask.run(FutureTask.java:266)
	at java.util.concurrent.Executors$RunnableAdapter.call(Executors.java:511)
	at java.util.concurrent.FutureTask.run(FutureTask.java:266)
	at java.util.concurrent.ThreadPoolExecutor.runWorker(ThreadPoolExecutor.java:1149)
	at java.util.concurrent.ThreadPoolExecutor$Worker.run(ThreadPoolExecutor.java:624)
	... 1 more
Caused by: org.apache.ratis.thirdparty.io.netty.channel.AbstractChannel$AnnotatedConnectException: Connection refused: /192.168.164.239:42501
	at sun.nio.ch.SocketChannelImpl.checkConnect(Native Method)
	at sun.nio.ch.SocketChannelImpl.finishConnect(SocketChannelImpl.java:717)
	at org.apache.ratis.thirdparty.io.netty.channel.socket.nio.NioSocketChannel.doFinishConnect(NioSocketChannel.java:327)
	at org.apache.ratis.thirdparty.io.netty.channel.nio.AbstractNioChannel$AbstractNioUnsafe.finishConnect(AbstractNioChannel.java:340)
	at org.apache.ratis.thirdparty.io.netty.channel.nio.NioEventLoop.processSelectedKey(NioEventLoop.java:632)
	at org.apache.ratis.thirdparty.io.netty.channel.nio.NioEventLoop.processSelectedKeysOptimized(NioEventLoop.java:579)
	at org.apache.ratis.thirdparty.io.netty.channel.nio.NioEventLoop.processSelectedKeys(NioEventLoop.java:496)
	at org.apache.ratis.thirdparty.io.netty.channel.nio.NioEventLoop.run(NioEventLoop.java:458)
	at org.apache.ratis.thirdparty.io.netty.util.concurrent.SingleThreadEventExecutor$5.run(SingleThreadEventExecutor.java:897)
	at org.apache.ratis.thirdparty.io.netty.util.concurrent.FastThreadLocalRunnable.run(FastThreadLocalRunnable.java:30)
	... 1 more
Caused by: java.net.ConnectException: Connection refused
	... 11 more
2019-10-15 16:29:59,965 [grpc-default-executor-11] INFO  impl.RaftServerImpl (RaftServerImpl.java:setRole(184)) - 14091fe6-d183-4b46-be93-2ba964a39c73@group-C25BD028928E: changes role from  FOLLOWER to FOLLOWER at term 185 for recognizeCandidate:f5624850-682f-4ec5-bb5c-f79627fc299e
2019-10-15 16:29:59,965 [grpc-default-executor-11] INFO  impl.RoleInfo (RoleInfo.java:shutdownFollowerState(121)) - 14091fe6-d183-4b46-be93-2ba964a39c73: shutdown FollowerState
2019-10-15 16:29:59,966 [grpc-default-executor-11] INFO  impl.RoleInfo (RoleInfo.java:updateAndGet(143)) - 14091fe6-d183-4b46-be93-2ba964a39c73: start FollowerState
2019-10-15 16:29:59,966 [Thread-1739] INFO  impl.FollowerState (FollowerState.java:run(117)) - 14091fe6-d183-4b46-be93-2ba964a39c73@group-C25BD028928E-FollowerState was interrupted: java.lang.InterruptedException: sleep interrupted
2019-10-15 16:29:59,989 [f5624850-682f-4ec5-bb5c-f79627fc299e@group-C25BD028928E-LeaderElection199] INFO  impl.LeaderElection (LeaderElection.java:logAndReturn(56)) - f5624850-682f-4ec5-bb5c-f79627fc299e@group-C25BD028928E-LeaderElection199: Election REJECTED; received 1 response(s) [f5624850-682f-4ec5-bb5c-f79627fc299e<-14091fe6-d183-4b46-be93-2ba964a39c73#0:FAIL-t185] and 1 exception(s); f5624850-682f-4ec5-bb5c-f79627fc299e@group-C25BD028928E:t185, leader=null, voted=f5624850-682f-4ec5-bb5c-f79627fc299e, raftlog=f5624850-682f-4ec5-bb5c-f79627fc299e@group-C25BD028928E-SegmentedRaftLog:OPENED:c-1,f-1,i0, conf=-1: [f581660d-af3d-4f5f-b57d-f4cb54f048b9:192.168.164.239:42501, f5624850-682f-4ec5-bb5c-f79627fc299e:192.168.164.239:39499, 14091fe6-d183-4b46-be93-2ba964a39c73:192.168.164.239:34827], old=null
2019-10-15 16:29:59,990 [f5624850-682f-4ec5-bb5c-f79627fc299e@group-C25BD028928E-LeaderElection199] INFO  impl.LeaderElection (LogUtils.java:infoOrTrace(149)) -   Exception 0: {}
java.util.concurrent.ExecutionException: org.apache.ratis.thirdparty.io.grpc.StatusRuntimeException: UNAVAILABLE: io exception
	at java.util.concurrent.FutureTask.report(FutureTask.java:122)
	at java.util.concurrent.FutureTask.get(FutureTask.java:192)
	at org.apache.ratis.server.impl.LeaderElection.waitForResults(LeaderElection.java:259)
	at org.apache.ratis.server.impl.LeaderElection.askForVotes(LeaderElection.java:197)
	at org.apache.ratis.server.impl.LeaderElection.run(LeaderElection.java:133)
	at java.lang.Thread.run(Thread.java:748)
Caused by: org.apache.ratis.thirdparty.io.grpc.StatusRuntimeException: UNAVAILABLE: io exception
	at org.apache.ratis.thirdparty.io.grpc.stub.ClientCalls.toStatusRuntimeException(ClientCalls.java:233)
	at org.apache.ratis.thirdparty.io.grpc.stub.ClientCalls.getUnchecked(ClientCalls.java:214)
	at org.apache.ratis.thirdparty.io.grpc.stub.ClientCalls.blockingUnaryCall(ClientCalls.java:139)
	at org.apache.ratis.proto.grpc.RaftServerProtocolServiceGrpc$RaftServerProtocolServiceBlockingStub.requestVote(RaftServerProtocolServiceGrpc.java:265)
	at org.apache.ratis.grpc.server.GrpcServerProtocolClient.requestVote(GrpcServerProtocolClient.java:99)
	at org.apache.ratis.grpc.server.GrpcService.requestVote(GrpcService.java:204)
	at org.apache.ratis.server.impl.LeaderElection.lambda$submitRequests$1(LeaderElection.java:234)
	at java.util.concurrent.FutureTask.run(FutureTask.java:266)
	at java.util.concurrent.Executors$RunnableAdapter.call(Executors.java:511)
	at java.util.concurrent.FutureTask.run(FutureTask.java:266)
	at java.util.concurrent.ThreadPoolExecutor.runWorker(ThreadPoolExecutor.java:1149)
	at java.util.concurrent.ThreadPoolExecutor$Worker.run(ThreadPoolExecutor.java:624)
	... 1 more
Caused by: org.apache.ratis.thirdparty.io.netty.channel.AbstractChannel$AnnotatedConnectException: Connection refused: /192.168.164.239:42501
	at sun.nio.ch.SocketChannelImpl.checkConnect(Native Method)
	at sun.nio.ch.SocketChannelImpl.finishConnect(SocketChannelImpl.java:717)
	at org.apache.ratis.thirdparty.io.netty.channel.socket.nio.NioSocketChannel.doFinishConnect(NioSocketChannel.java:327)
	at org.apache.ratis.thirdparty.io.netty.channel.nio.AbstractNioChannel$AbstractNioUnsafe.finishConnect(AbstractNioChannel.java:340)
	at org.apache.ratis.thirdparty.io.netty.channel.nio.NioEventLoop.processSelectedKey(NioEventLoop.java:632)
	at org.apache.ratis.thirdparty.io.netty.channel.nio.NioEventLoop.processSelectedKeysOptimized(NioEventLoop.java:579)
	at org.apache.ratis.thirdparty.io.netty.channel.nio.NioEventLoop.processSelectedKeys(NioEventLoop.java:496)
	at org.apache.ratis.thirdparty.io.netty.channel.nio.NioEventLoop.run(NioEventLoop.java:458)
	at org.apache.ratis.thirdparty.io.netty.util.concurrent.SingleThreadEventExecutor$5.run(SingleThreadEventExecutor.java:897)
	at org.apache.ratis.thirdparty.io.netty.util.concurrent.FastThreadLocalRunnable.run(FastThreadLocalRunnable.java:30)
	... 1 more
Caused by: java.net.ConnectException: Connection refused
	... 11 more
2019-10-15 16:29:59,990 [f5624850-682f-4ec5-bb5c-f79627fc299e@group-C25BD028928E-LeaderElection199] INFO  impl.RaftServerImpl (RaftServerImpl.java:setRole(184)) - f5624850-682f-4ec5-bb5c-f79627fc299e@group-C25BD028928E: changes role from CANDIDATE to FOLLOWER at term 185 for DISCOVERED_A_NEW_TERM
2019-10-15 16:29:59,990 [f5624850-682f-4ec5-bb5c-f79627fc299e@group-C25BD028928E-LeaderElection199] INFO  impl.RoleInfo (RoleInfo.java:shutdownLeaderElection(134)) - f5624850-682f-4ec5-bb5c-f79627fc299e: shutdown LeaderElection
2019-10-15 16:29:59,990 [f5624850-682f-4ec5-bb5c-f79627fc299e@group-C25BD028928E-LeaderElection199] INFO  impl.RoleInfo (RoleInfo.java:updateAndGet(143)) - f5624850-682f-4ec5-bb5c-f79627fc299e: start FollowerState
2019-10-15 16:30:00,007 [ForkJoinPool.commonPool-worker-0] INFO  ozoneimpl.OzoneContainer (OzoneContainer.java:stop(227)) - Attempting to stop container services.
2019-10-15 16:30:00,008 [ForkJoinPool.commonPool-worker-0] INFO  impl.RaftServerProxy (RaftServerProxy.java:lambda$close$4(314)) - f5624850-682f-4ec5-bb5c-f79627fc299e: close
2019-10-15 16:30:00,008 [ForkJoinPool.commonPool-worker-0] INFO  impl.RaftServerImpl (RaftServerImpl.java:lambda$shutdown$3(261)) - f5624850-682f-4ec5-bb5c-f79627fc299e@group-6A0C83F0A8B5: shutdown
2019-10-15 16:30:00,008 [ForkJoinPool.commonPool-worker-0] INFO  util.JmxRegister (JmxRegister.java:unregister(73)) - Successfully un-registered JMX Bean with object name Ratis:service=RaftServer,group=group-6A0C83F0A8B5,id=f5624850-682f-4ec5-bb5c-f79627fc299e
2019-10-15 16:30:00,009 [ForkJoinPool.commonPool-worker-0] INFO  impl.RoleInfo (RoleInfo.java:shutdownLeaderState(104)) - f5624850-682f-4ec5-bb5c-f79627fc299e: shutdown LeaderState
2019-10-15 16:30:00,009 [ForkJoinPool.commonPool-worker-0] INFO  impl.PendingRequests (PendingRequests.java:sendNotLeaderResponses(202)) - f5624850-682f-4ec5-bb5c-f79627fc299e@group-6A0C83F0A8B5-PendingRequests: sendNotLeaderResponses
2019-10-15 16:30:00,009 [ForkJoinPool.commonPool-worker-0] INFO  impl.StateMachineUpdater (StateMachineUpdater.java:stopAndJoin(136)) - f5624850-682f-4ec5-bb5c-f79627fc299e@group-6A0C83F0A8B5-StateMachineUpdater: set stopIndex = 0
2019-10-15 16:30:00,009 [ForkJoinPool.commonPool-worker-0] INFO  impl.RaftServerImpl (ServerState.java:close(388)) - f5624850-682f-4ec5-bb5c-f79627fc299e@group-6A0C83F0A8B5: closes. applyIndex: 0
2019-10-15 16:30:00,010 [f5624850-682f-4ec5-bb5c-f79627fc299e@group-6A0C83F0A8B5-SegmentedRaftLogWorker] INFO  segmented.SegmentedRaftLogWorker (SegmentedRaftLogWorker.java:run(316)) - f5624850-682f-4ec5-bb5c-f79627fc299e@group-6A0C83F0A8B5-SegmentedRaftLogWorker was interrupted, exiting. There are 0 tasks remaining in the queue.
2019-10-15 16:30:00,012 [ForkJoinPool.commonPool-worker-0] INFO  segmented.SegmentedRaftLogWorker (SegmentedRaftLogWorker.java:close(224)) - f5624850-682f-4ec5-bb5c-f79627fc299e@group-6A0C83F0A8B5-SegmentedRaftLogWorker close()
2019-10-15 16:30:00,015 [ForkJoinPool.commonPool-worker-0] INFO  impl.RaftServerImpl (RaftServerImpl.java:lambda$shutdown$3(261)) - f5624850-682f-4ec5-bb5c-f79627fc299e@group-C25BD028928E: shutdown
2019-10-15 16:30:00,016 [ForkJoinPool.commonPool-worker-0] INFO  util.JmxRegister (JmxRegister.java:unregister(73)) - Successfully un-registered JMX Bean with object name Ratis:service=RaftServer,group=group-C25BD028928E,id=f5624850-682f-4ec5-bb5c-f79627fc299e
2019-10-15 16:30:00,016 [ForkJoinPool.commonPool-worker-0] INFO  impl.RoleInfo (RoleInfo.java:shutdownFollowerState(121)) - f5624850-682f-4ec5-bb5c-f79627fc299e: shutdown FollowerState
2019-10-15 16:30:00,016 [ForkJoinPool.commonPool-worker-0] INFO  impl.StateMachineUpdater (StateMachineUpdater.java:stopAndJoin(136)) - f5624850-682f-4ec5-bb5c-f79627fc299e@group-C25BD028928E-StateMachineUpdater: set stopIndex = -1
2019-10-15 16:30:00,016 [Thread-1745] INFO  impl.FollowerState (FollowerState.java:run(117)) - f5624850-682f-4ec5-bb5c-f79627fc299e@group-C25BD028928E-FollowerState was interrupted: java.lang.InterruptedException: sleep interrupted
2019-10-15 16:30:00,016 [ForkJoinPool.commonPool-worker-0] INFO  impl.RaftServerImpl (ServerState.java:close(388)) - f5624850-682f-4ec5-bb5c-f79627fc299e@group-C25BD028928E: closes. applyIndex: -1
2019-10-15 16:30:00,016 [f5624850-682f-4ec5-bb5c-f79627fc299e@group-C25BD028928E-SegmentedRaftLogWorker] INFO  segmented.SegmentedRaftLogWorker (SegmentedRaftLogWorker.java:run(316)) - f5624850-682f-4ec5-bb5c-f79627fc299e@group-C25BD028928E-SegmentedRaftLogWorker was interrupted, exiting. There are 0 tasks remaining in the queue.
2019-10-15 16:30:00,017 [ForkJoinPool.commonPool-worker-0] INFO  segmented.SegmentedRaftLogWorker (SegmentedRaftLogWorker.java:close(224)) - f5624850-682f-4ec5-bb5c-f79627fc299e@group-C25BD028928E-SegmentedRaftLogWorker close()
2019-10-15 16:30:00,019 [ForkJoinPool.commonPool-worker-0] INFO  server.GrpcService (GrpcService.java:closeImpl(164)) - f5624850-682f-4ec5-bb5c-f79627fc299e: shutdown server with port 39499 now
2019-10-15 16:30:00,020 [ForkJoinPool.commonPool-worker-0] INFO  server.GrpcService (GrpcService.java:closeImpl(172)) - f5624850-682f-4ec5-bb5c-f79627fc299e: shutdown server with port 39499 successfully
2019-10-15 16:30:00,022 [refreshUsed-/workdir/hadoop-ozone/integration-test/target/test-dir/MiniOzoneClusterImpl-beab53a1-ec34-46da-8591-07ed803d9383/datanode-4/data/containers] WARN  fs.CachingGetSpaceUsed (CachingGetSpaceUsed.java:run(183)) - Thread Interrupted waiting to refresh disk information: sleep interrupted
2019-10-15 16:30:00,034 [ForkJoinPool.commonPool-worker-0] INFO  utils.BackgroundService (BackgroundService.java:shutdown(151)) - Shutting down service BlockDeletingService
2019-10-15 16:30:00,039 [ForkJoinPool.commonPool-worker-0] INFO  statemachine.DatanodeStateMachine (DatanodeStateMachine.java:stopDaemon(395)) - Ozone container server stopped.
2019-10-15 16:30:00,043 [ForkJoinPool.commonPool-worker-0] INFO  handler.ContextHandler (ContextHandler.java:doStop(910)) - Stopped o.e.j.w.WebAppContext@5a6fa56e{/,null,UNAVAILABLE}{/hddsDatanode}
2019-10-15 16:30:00,044 [ForkJoinPool.commonPool-worker-0] INFO  server.AbstractConnector (AbstractConnector.java:doStop(318)) - Stopped ServerConnector@1981d861{HTTP/1.1,[http/1.1]}{0.0.0.0:0}
2019-10-15 16:30:00,045 [ForkJoinPool.commonPool-worker-0] INFO  handler.ContextHandler (ContextHandler.java:doStop(910)) - Stopped o.e.j.s.ServletContextHandler@15639440{/static,jar:file:/home/user/.m2/repository/org/apache/hadoop/hadoop-hdds-container-service/0.5.0-SNAPSHOT/hadoop-hdds-container-service-0.5.0-SNAPSHOT.jar!/webapps/static,UNAVAILABLE}
2019-10-15 16:30:00,047 [ForkJoinPool.commonPool-worker-0] INFO  handler.ContextHandler (ContextHandler.java:doStop(910)) - Stopped o.e.j.s.ServletContextHandler@712cfb63{/logs,file:///workdir/hadoop-ozone/integration-test/target/log,UNAVAILABLE}
2019-10-15 16:30:00,082 [main] INFO  ozoneimpl.OzoneContainer (OzoneContainer.java:stop(227)) - Attempting to stop container services.
2019-10-15 16:30:00,082 [main] INFO  impl.RaftServerProxy (RaftServerProxy.java:lambda$close$4(314)) - 14091fe6-d183-4b46-be93-2ba964a39c73: close
2019-10-15 16:30:00,083 [main] INFO  impl.RaftServerImpl (RaftServerImpl.java:lambda$shutdown$3(261)) - 14091fe6-d183-4b46-be93-2ba964a39c73@group-85D3505A373E: shutdown
2019-10-15 16:30:00,083 [main] INFO  util.JmxRegister (JmxRegister.java:unregister(73)) - Successfully un-registered JMX Bean with object name Ratis:service=RaftServer,group=group-85D3505A373E,id=14091fe6-d183-4b46-be93-2ba964a39c73
2019-10-15 16:30:00,083 [main] INFO  impl.RoleInfo (RoleInfo.java:shutdownLeaderState(104)) - 14091fe6-d183-4b46-be93-2ba964a39c73: shutdown LeaderState
2019-10-15 16:30:00,083 [main] INFO  impl.PendingRequests (PendingRequests.java:sendNotLeaderResponses(202)) - 14091fe6-d183-4b46-be93-2ba964a39c73@group-85D3505A373E-PendingRequests: sendNotLeaderResponses
2019-10-15 16:30:00,084 [main] INFO  impl.StateMachineUpdater (StateMachineUpdater.java:stopAndJoin(136)) - 14091fe6-d183-4b46-be93-2ba964a39c73@group-85D3505A373E-StateMachineUpdater: set stopIndex = 0
2019-10-15 16:30:00,084 [main] INFO  impl.RaftServerImpl (ServerState.java:close(388)) - 14091fe6-d183-4b46-be93-2ba964a39c73@group-85D3505A373E: closes. applyIndex: 0
2019-10-15 16:30:00,085 [14091fe6-d183-4b46-be93-2ba964a39c73@group-85D3505A373E-SegmentedRaftLogWorker] INFO  segmented.SegmentedRaftLogWorker (SegmentedRaftLogWorker.java:run(316)) - 14091fe6-d183-4b46-be93-2ba964a39c73@group-85D3505A373E-SegmentedRaftLogWorker was interrupted, exiting. There are 0 tasks remaining in the queue.
2019-10-15 16:30:00,095 [main] INFO  segmented.SegmentedRaftLogWorker (SegmentedRaftLogWorker.java:close(224)) - 14091fe6-d183-4b46-be93-2ba964a39c73@group-85D3505A373E-SegmentedRaftLogWorker close()
2019-10-15 16:30:00,097 [main] INFO  impl.RaftServerImpl (RaftServerImpl.java:lambda$shutdown$3(261)) - 14091fe6-d183-4b46-be93-2ba964a39c73@group-C25BD028928E: shutdown
2019-10-15 16:30:00,097 [main] INFO  util.JmxRegister (JmxRegister.java:unregister(73)) - Successfully un-registered JMX Bean with object name Ratis:service=RaftServer,group=group-C25BD028928E,id=14091fe6-d183-4b46-be93-2ba964a39c73
2019-10-15 16:30:00,097 [main] INFO  impl.RoleInfo (RoleInfo.java:shutdownFollowerState(121)) - 14091fe6-d183-4b46-be93-2ba964a39c73: shutdown FollowerState
2019-10-15 16:30:00,098 [main] INFO  impl.StateMachineUpdater (StateMachineUpdater.java:stopAndJoin(136)) - 14091fe6-d183-4b46-be93-2ba964a39c73@group-C25BD028928E-StateMachineUpdater: set stopIndex = -1
2019-10-15 16:30:00,098 [Thread-1744] INFO  impl.FollowerState (FollowerState.java:run(117)) - 14091fe6-d183-4b46-be93-2ba964a39c73@group-C25BD028928E-FollowerState was interrupted: java.lang.InterruptedException: sleep interrupted
2019-10-15 16:30:00,098 [main] INFO  impl.RaftServerImpl (ServerState.java:close(388)) - 14091fe6-d183-4b46-be93-2ba964a39c73@group-C25BD028928E: closes. applyIndex: -1
2019-10-15 16:30:00,098 [14091fe6-d183-4b46-be93-2ba964a39c73@group-C25BD028928E-SegmentedRaftLogWorker] INFO  segmented.SegmentedRaftLogWorker (SegmentedRaftLogWorker.java:run(316)) - 14091fe6-d183-4b46-be93-2ba964a39c73@group-C25BD028928E-SegmentedRaftLogWorker was interrupted, exiting. There are 0 tasks remaining in the queue.
2019-10-15 16:30:00,099 [main] INFO  segmented.SegmentedRaftLogWorker (SegmentedRaftLogWorker.java:close(224)) - 14091fe6-d183-4b46-be93-2ba964a39c73@group-C25BD028928E-SegmentedRaftLogWorker close()
2019-10-15 16:30:00,100 [main] INFO  server.GrpcService (GrpcService.java:closeImpl(164)) - 14091fe6-d183-4b46-be93-2ba964a39c73: shutdown server with port 34827 now
2019-10-15 16:30:00,100 [main] INFO  server.GrpcService (GrpcService.java:closeImpl(172)) - 14091fe6-d183-4b46-be93-2ba964a39c73: shutdown server with port 34827 successfully
2019-10-15 16:30:00,102 [refreshUsed-/workdir/hadoop-ozone/integration-test/target/test-dir/MiniOzoneClusterImpl-beab53a1-ec34-46da-8591-07ed803d9383/datanode-8/data/containers] WARN  fs.CachingGetSpaceUsed (CachingGetSpaceUsed.java:run(183)) - Thread Interrupted waiting to refresh disk information: sleep interrupted
2019-10-15 16:30:00,117 [main] INFO  utils.BackgroundService (BackgroundService.java:shutdown(151)) - Shutting down service BlockDeletingService
2019-10-15 16:30:00,121 [main] INFO  statemachine.DatanodeStateMachine (DatanodeStateMachine.java:stopDaemon(395)) - Ozone container server stopped.
2019-10-15 16:30:00,122 [main] INFO  handler.ContextHandler (ContextHandler.java:doStop(910)) - Stopped o.e.j.w.WebAppContext@59696551{/,null,UNAVAILABLE}{/hddsDatanode}
2019-10-15 16:30:00,123 [main] INFO  server.AbstractConnector (AbstractConnector.java:doStop(318)) - Stopped ServerConnector@648d0e6d{HTTP/1.1,[http/1.1]}{0.0.0.0:0}
2019-10-15 16:30:00,123 [main] INFO  handler.ContextHandler (ContextHandler.java:doStop(910)) - Stopped o.e.j.s.ServletContextHandler@53311681{/static,jar:file:/home/user/.m2/repository/org/apache/hadoop/hadoop-hdds-container-service/0.5.0-SNAPSHOT/hadoop-hdds-container-service-0.5.0-SNAPSHOT.jar!/webapps/static,UNAVAILABLE}
2019-10-15 16:30:00,123 [main] INFO  handler.ContextHandler (ContextHandler.java:doStop(910)) - Stopped o.e.j.s.ServletContextHandler@79a04e5f{/logs,file:///workdir/hadoop-ozone/integration-test/target/log,UNAVAILABLE}
2019-10-15 16:30:00,149 [java.util.concurrent.ThreadPoolExecutor$Worker@6e96881a[State = -1, empty queue]] WARN  server.GrpcLogAppender (GrpcLogAppender.java:timeoutAppendRequest(209)) - 0bff853f-e43c-4347-b3e4-d8621042c42b@group-AF37DB7271F3->6af1a5bd-f075-405e-b6a5-6d145eedd789-GrpcLogAppender: appendEntries Timeout, request=0bff853f-e43c-4347-b3e4-d8621042c42b->6af1a5bd-f075-405e-b6a5-6d145eedd789#63-t7, previous=(t:7, i:19), leaderCommit=19, initializing? false, entries: <empty>
2019-10-15 16:30:00,649 [java.util.concurrent.ThreadPoolExecutor$Worker@6e96881a[State = -1, empty queue]] WARN  server.GrpcLogAppender (GrpcLogAppender.java:timeoutAppendRequest(209)) - 0bff853f-e43c-4347-b3e4-d8621042c42b@group-AF37DB7271F3->6af1a5bd-f075-405e-b6a5-6d145eedd789-GrpcLogAppender: appendEntries Timeout, request=0bff853f-e43c-4347-b3e4-d8621042c42b->6af1a5bd-f075-405e-b6a5-6d145eedd789#64-t7, previous=(t:7, i:19), leaderCommit=19, initializing? false, entries: <empty>
2019-10-15 16:30:00,859 [Datanode State Machine Thread - 0] INFO  statemachine.DatanodeStateMachine (DatanodeStateMachine.java:lambda$startDaemon$0(350)) - Ozone container server started.
2019-10-15 16:30:00,883 [Thread-1731] INFO  impl.FollowerState (FollowerState.java:run(108)) - 24ee8ff7-dd07-49e6-bbcb-bb50ff0e8e36@group-F2FE1ED60945-FollowerState: change to CANDIDATE, lastRpcTime:1189ms, electionTimeout:1189ms
2019-10-15 16:30:00,884 [Thread-1731] INFO  impl.RoleInfo (RoleInfo.java:shutdownFollowerState(121)) - 24ee8ff7-dd07-49e6-bbcb-bb50ff0e8e36: shutdown FollowerState
2019-10-15 16:30:00,884 [Thread-1731] INFO  impl.RaftServerImpl (RaftServerImpl.java:setRole(184)) - 24ee8ff7-dd07-49e6-bbcb-bb50ff0e8e36@group-F2FE1ED60945: changes role from  FOLLOWER to CANDIDATE at term 9 for changeToCandidate
2019-10-15 16:30:00,884 [Thread-1731] INFO  impl.RoleInfo (RoleInfo.java:updateAndGet(143)) - 24ee8ff7-dd07-49e6-bbcb-bb50ff0e8e36: start LeaderElection
2019-10-15 16:30:00,933 [24ee8ff7-dd07-49e6-bbcb-bb50ff0e8e36@group-F2FE1ED60945-LeaderElection200] INFO  impl.LeaderElection (LeaderElection.java:askForVotes(178)) - 24ee8ff7-dd07-49e6-bbcb-bb50ff0e8e36@group-F2FE1ED60945-LeaderElection200: begin an election at term 10 for 0: [c48d8dfa-9e66-4eac-9ff2-02281a99dfa9:192.168.164.239:41652, cccd55fe-f481-4e2b-93ed-b6a86d13c378:192.168.164.239:35771, 24ee8ff7-dd07-49e6-bbcb-bb50ff0e8e36:192.168.164.239:45096], old=null
2019-10-15 16:30:00,934 [24ee8ff7-dd07-49e6-bbcb-bb50ff0e8e36@group-F2FE1ED60945-LeaderElection200] INFO  impl.LeaderElection (LogUtils.java:infoOrTrace(149)) - 24ee8ff7-dd07-49e6-bbcb-bb50ff0e8e36@group-F2FE1ED60945-LeaderElection200 got exception when requesting votes: {}
java.util.concurrent.ExecutionException: org.apache.ratis.thirdparty.io.grpc.StatusRuntimeException: UNAVAILABLE: io exception
	at java.util.concurrent.FutureTask.report(FutureTask.java:122)
	at java.util.concurrent.FutureTask.get(FutureTask.java:192)
	at org.apache.ratis.server.impl.LeaderElection.waitForResults(LeaderElection.java:259)
	at org.apache.ratis.server.impl.LeaderElection.askForVotes(LeaderElection.java:197)
	at org.apache.ratis.server.impl.LeaderElection.run(LeaderElection.java:133)
	at java.lang.Thread.run(Thread.java:748)
Caused by: org.apache.ratis.thirdparty.io.grpc.StatusRuntimeException: UNAVAILABLE: io exception
	at org.apache.ratis.thirdparty.io.grpc.stub.ClientCalls.toStatusRuntimeException(ClientCalls.java:233)
	at org.apache.ratis.thirdparty.io.grpc.stub.ClientCalls.getUnchecked(ClientCalls.java:214)
	at org.apache.ratis.thirdparty.io.grpc.stub.ClientCalls.blockingUnaryCall(ClientCalls.java:139)
	at org.apache.ratis.proto.grpc.RaftServerProtocolServiceGrpc$RaftServerProtocolServiceBlockingStub.requestVote(RaftServerProtocolServiceGrpc.java:265)
	at org.apache.ratis.grpc.server.GrpcServerProtocolClient.requestVote(GrpcServerProtocolClient.java:99)
	at org.apache.ratis.grpc.server.GrpcService.requestVote(GrpcService.java:204)
	at org.apache.ratis.server.impl.LeaderElection.lambda$submitRequests$1(LeaderElection.java:234)
	at java.util.concurrent.FutureTask.run(FutureTask.java:266)
	at java.util.concurrent.Executors$RunnableAdapter.call(Executors.java:511)
	at java.util.concurrent.FutureTask.run(FutureTask.java:266)
	at java.util.concurrent.ThreadPoolExecutor.runWorker(ThreadPoolExecutor.java:1149)
	at java.util.concurrent.ThreadPoolExecutor$Worker.run(ThreadPoolExecutor.java:624)
	... 1 more
Caused by: org.apache.ratis.thirdparty.io.netty.channel.AbstractChannel$AnnotatedConnectException: Connection refused: /192.168.164.239:41652
	at sun.nio.ch.SocketChannelImpl.checkConnect(Native Method)
	at sun.nio.ch.SocketChannelImpl.finishConnect(SocketChannelImpl.java:717)
	at org.apache.ratis.thirdparty.io.netty.channel.socket.nio.NioSocketChannel.doFinishConnect(NioSocketChannel.java:327)
	at org.apache.ratis.thirdparty.io.netty.channel.nio.AbstractNioChannel$AbstractNioUnsafe.finishConnect(AbstractNioChannel.java:340)
	at org.apache.ratis.thirdparty.io.netty.channel.nio.NioEventLoop.processSelectedKey(NioEventLoop.java:632)
	at org.apache.ratis.thirdparty.io.netty.channel.nio.NioEventLoop.processSelectedKeysOptimized(NioEventLoop.java:579)
	at org.apache.ratis.thirdparty.io.netty.channel.nio.NioEventLoop.processSelectedKeys(NioEventLoop.java:496)
	at org.apache.ratis.thirdparty.io.netty.channel.nio.NioEventLoop.run(NioEventLoop.java:458)
	at org.apache.ratis.thirdparty.io.netty.util.concurrent.SingleThreadEventExecutor$5.run(SingleThreadEventExecutor.java:897)
	at org.apache.ratis.thirdparty.io.netty.util.concurrent.FastThreadLocalRunnable.run(FastThreadLocalRunnable.java:30)
	... 1 more
Caused by: java.net.ConnectException: Connection refused
	... 11 more
2019-10-15 16:30:00,934 [24ee8ff7-dd07-49e6-bbcb-bb50ff0e8e36@group-F2FE1ED60945-LeaderElection200] INFO  impl.LeaderElection (LogUtils.java:infoOrTrace(149)) - 24ee8ff7-dd07-49e6-bbcb-bb50ff0e8e36@group-F2FE1ED60945-LeaderElection200 got exception when requesting votes: {}
java.util.concurrent.ExecutionException: org.apache.ratis.thirdparty.io.grpc.StatusRuntimeException: UNAVAILABLE: io exception
	at java.util.concurrent.FutureTask.report(FutureTask.java:122)
	at java.util.concurrent.FutureTask.get(FutureTask.java:192)
	at org.apache.ratis.server.impl.LeaderElection.waitForResults(LeaderElection.java:259)
	at org.apache.ratis.server.impl.LeaderElection.askForVotes(LeaderElection.java:197)
	at org.apache.ratis.server.impl.LeaderElection.run(LeaderElection.java:133)
	at java.lang.Thread.run(Thread.java:748)
Caused by: org.apache.ratis.thirdparty.io.grpc.StatusRuntimeException: UNAVAILABLE: io exception
	at org.apache.ratis.thirdparty.io.grpc.stub.ClientCalls.toStatusRuntimeException(ClientCalls.java:233)
	at org.apache.ratis.thirdparty.io.grpc.stub.ClientCalls.getUnchecked(ClientCalls.java:214)
	at org.apache.ratis.thirdparty.io.grpc.stub.ClientCalls.blockingUnaryCall(ClientCalls.java:139)
	at org.apache.ratis.proto.grpc.RaftServerProtocolServiceGrpc$RaftServerProtocolServiceBlockingStub.requestVote(RaftServerProtocolServiceGrpc.java:265)
	at org.apache.ratis.grpc.server.GrpcServerProtocolClient.requestVote(GrpcServerProtocolClient.java:99)
	at org.apache.ratis.grpc.server.GrpcService.requestVote(GrpcService.java:204)
	at org.apache.ratis.server.impl.LeaderElection.lambda$submitRequests$1(LeaderElection.java:234)
	at java.util.concurrent.FutureTask.run(FutureTask.java:266)
	at java.util.concurrent.Executors$RunnableAdapter.call(Executors.java:511)
	at java.util.concurrent.FutureTask.run(FutureTask.java:266)
	at java.util.concurrent.ThreadPoolExecutor.runWorker(ThreadPoolExecutor.java:1149)
	at java.util.concurrent.ThreadPoolExecutor$Worker.run(ThreadPoolExecutor.java:624)
	... 1 more
Caused by: org.apache.ratis.thirdparty.io.netty.channel.AbstractChannel$AnnotatedConnectException: Connection refused: /192.168.164.239:35771
	at sun.nio.ch.SocketChannelImpl.checkConnect(Native Method)
	at sun.nio.ch.SocketChannelImpl.finishConnect(SocketChannelImpl.java:717)
	at org.apache.ratis.thirdparty.io.netty.channel.socket.nio.NioSocketChannel.doFinishConnect(NioSocketChannel.java:327)
	at org.apache.ratis.thirdparty.io.netty.channel.nio.AbstractNioChannel$AbstractNioUnsafe.finishConnect(AbstractNioChannel.java:340)
	at org.apache.ratis.thirdparty.io.netty.channel.nio.NioEventLoop.processSelectedKey(NioEventLoop.java:632)
	at org.apache.ratis.thirdparty.io.netty.channel.nio.NioEventLoop.processSelectedKeysOptimized(NioEventLoop.java:579)
	at org.apache.ratis.thirdparty.io.netty.channel.nio.NioEventLoop.processSelectedKeys(NioEventLoop.java:496)
	at org.apache.ratis.thirdparty.io.netty.channel.nio.NioEventLoop.run(NioEventLoop.java:458)
	at org.apache.ratis.thirdparty.io.netty.util.concurrent.SingleThreadEventExecutor$5.run(SingleThreadEventExecutor.java:897)
	at org.apache.ratis.thirdparty.io.netty.util.concurrent.FastThreadLocalRunnable.run(FastThreadLocalRunnable.java:30)
	... 1 more
Caused by: java.net.ConnectException: Connection refused
	... 11 more
2019-10-15 16:30:00,935 [24ee8ff7-dd07-49e6-bbcb-bb50ff0e8e36@group-F2FE1ED60945-LeaderElection200] INFO  impl.LeaderElection (LeaderElection.java:logAndReturn(56)) - 24ee8ff7-dd07-49e6-bbcb-bb50ff0e8e36@group-F2FE1ED60945-LeaderElection200: Election REJECTED; received 0 response(s) [] and 2 exception(s); 24ee8ff7-dd07-49e6-bbcb-bb50ff0e8e36@group-F2FE1ED60945:t10, leader=null, voted=24ee8ff7-dd07-49e6-bbcb-bb50ff0e8e36, raftlog=24ee8ff7-dd07-49e6-bbcb-bb50ff0e8e36@group-F2FE1ED60945-SegmentedRaftLog:OPENED:c0,f0,i0, conf=0: [c48d8dfa-9e66-4eac-9ff2-02281a99dfa9:192.168.164.239:41652, cccd55fe-f481-4e2b-93ed-b6a86d13c378:192.168.164.239:35771, 24ee8ff7-dd07-49e6-bbcb-bb50ff0e8e36:192.168.164.239:45096], old=null
2019-10-15 16:30:00,935 [24ee8ff7-dd07-49e6-bbcb-bb50ff0e8e36@group-F2FE1ED60945-LeaderElection200] INFO  impl.LeaderElection (LogUtils.java:infoOrTrace(149)) -   Exception 0: {}
java.util.concurrent.ExecutionException: org.apache.ratis.thirdparty.io.grpc.StatusRuntimeException: UNAVAILABLE: io exception
	at java.util.concurrent.FutureTask.report(FutureTask.java:122)
	at java.util.concurrent.FutureTask.get(FutureTask.java:192)
	at org.apache.ratis.server.impl.LeaderElection.waitForResults(LeaderElection.java:259)
	at org.apache.ratis.server.impl.LeaderElection.askForVotes(LeaderElection.java:197)
	at org.apache.ratis.server.impl.LeaderElection.run(LeaderElection.java:133)
	at java.lang.Thread.run(Thread.java:748)
Caused by: org.apache.ratis.thirdparty.io.grpc.StatusRuntimeException: UNAVAILABLE: io exception
	at org.apache.ratis.thirdparty.io.grpc.stub.ClientCalls.toStatusRuntimeException(ClientCalls.java:233)
	at org.apache.ratis.thirdparty.io.grpc.stub.ClientCalls.getUnchecked(ClientCalls.java:214)
	at org.apache.ratis.thirdparty.io.grpc.stub.ClientCalls.blockingUnaryCall(ClientCalls.java:139)
	at org.apache.ratis.proto.grpc.RaftServerProtocolServiceGrpc$RaftServerProtocolServiceBlockingStub.requestVote(RaftServerProtocolServiceGrpc.java:265)
	at org.apache.ratis.grpc.server.GrpcServerProtocolClient.requestVote(GrpcServerProtocolClient.java:99)
	at org.apache.ratis.grpc.server.GrpcService.requestVote(GrpcService.java:204)
	at org.apache.ratis.server.impl.LeaderElection.lambda$submitRequests$1(LeaderElection.java:234)
	at java.util.concurrent.FutureTask.run(FutureTask.java:266)
	at java.util.concurrent.Executors$RunnableAdapter.call(Executors.java:511)
	at java.util.concurrent.FutureTask.run(FutureTask.java:266)
	at java.util.concurrent.ThreadPoolExecutor.runWorker(ThreadPoolExecutor.java:1149)
	at java.util.concurrent.ThreadPoolExecutor$Worker.run(ThreadPoolExecutor.java:624)
	... 1 more
Caused by: org.apache.ratis.thirdparty.io.netty.channel.AbstractChannel$AnnotatedConnectException: Connection refused: /192.168.164.239:41652
	at sun.nio.ch.SocketChannelImpl.checkConnect(Native Method)
	at sun.nio.ch.SocketChannelImpl.finishConnect(SocketChannelImpl.java:717)
	at org.apache.ratis.thirdparty.io.netty.channel.socket.nio.NioSocketChannel.doFinishConnect(NioSocketChannel.java:327)
	at org.apache.ratis.thirdparty.io.netty.channel.nio.AbstractNioChannel$AbstractNioUnsafe.finishConnect(AbstractNioChannel.java:340)
	at org.apache.ratis.thirdparty.io.netty.channel.nio.NioEventLoop.processSelectedKey(NioEventLoop.java:632)
	at org.apache.ratis.thirdparty.io.netty.channel.nio.NioEventLoop.processSelectedKeysOptimized(NioEventLoop.java:579)
	at org.apache.ratis.thirdparty.io.netty.channel.nio.NioEventLoop.processSelectedKeys(NioEventLoop.java:496)
	at org.apache.ratis.thirdparty.io.netty.channel.nio.NioEventLoop.run(NioEventLoop.java:458)
	at org.apache.ratis.thirdparty.io.netty.util.concurrent.SingleThreadEventExecutor$5.run(SingleThreadEventExecutor.java:897)
	at org.apache.ratis.thirdparty.io.netty.util.concurrent.FastThreadLocalRunnable.run(FastThreadLocalRunnable.java:30)
	... 1 more
Caused by: java.net.ConnectException: Connection refused
	... 11 more
2019-10-15 16:30:00,935 [24ee8ff7-dd07-49e6-bbcb-bb50ff0e8e36@group-F2FE1ED60945-LeaderElection200] INFO  impl.LeaderElection (LogUtils.java:infoOrTrace(149)) -   Exception 1: {}
java.util.concurrent.ExecutionException: org.apache.ratis.thirdparty.io.grpc.StatusRuntimeException: UNAVAILABLE: io exception
	at java.util.concurrent.FutureTask.report(FutureTask.java:122)
	at java.util.concurrent.FutureTask.get(FutureTask.java:192)
	at org.apache.ratis.server.impl.LeaderElection.waitForResults(LeaderElection.java:259)
	at org.apache.ratis.server.impl.LeaderElection.askForVotes(LeaderElection.java:197)
	at org.apache.ratis.server.impl.LeaderElection.run(LeaderElection.java:133)
	at java.lang.Thread.run(Thread.java:748)
Caused by: org.apache.ratis.thirdparty.io.grpc.StatusRuntimeException: UNAVAILABLE: io exception
	at org.apache.ratis.thirdparty.io.grpc.stub.ClientCalls.toStatusRuntimeException(ClientCalls.java:233)
	at org.apache.ratis.thirdparty.io.grpc.stub.ClientCalls.getUnchecked(ClientCalls.java:214)
	at org.apache.ratis.thirdparty.io.grpc.stub.ClientCalls.blockingUnaryCall(ClientCalls.java:139)
	at org.apache.ratis.proto.grpc.RaftServerProtocolServiceGrpc$RaftServerProtocolServiceBlockingStub.requestVote(RaftServerProtocolServiceGrpc.java:265)
	at org.apache.ratis.grpc.server.GrpcServerProtocolClient.requestVote(GrpcServerProtocolClient.java:99)
	at org.apache.ratis.grpc.server.GrpcService.requestVote(GrpcService.java:204)
	at org.apache.ratis.server.impl.LeaderElection.lambda$submitRequests$1(LeaderElection.java:234)
	at java.util.concurrent.FutureTask.run(FutureTask.java:266)
	at java.util.concurrent.Executors$RunnableAdapter.call(Executors.java:511)
	at java.util.concurrent.FutureTask.run(FutureTask.java:266)
	at java.util.concurrent.ThreadPoolExecutor.runWorker(ThreadPoolExecutor.java:1149)
	at java.util.concurrent.ThreadPoolExecutor$Worker.run(ThreadPoolExecutor.java:624)
	... 1 more
Caused by: org.apache.ratis.thirdparty.io.netty.channel.AbstractChannel$AnnotatedConnectException: Connection refused: /192.168.164.239:35771
	at sun.nio.ch.SocketChannelImpl.checkConnect(Native Method)
	at sun.nio.ch.SocketChannelImpl.finishConnect(SocketChannelImpl.java:717)
	at org.apache.ratis.thirdparty.io.netty.channel.socket.nio.NioSocketChannel.doFinishConnect(NioSocketChannel.java:327)
	at org.apache.ratis.thirdparty.io.netty.channel.nio.AbstractNioChannel$AbstractNioUnsafe.finishConnect(AbstractNioChannel.java:340)
	at org.apache.ratis.thirdparty.io.netty.channel.nio.NioEventLoop.processSelectedKey(NioEventLoop.java:632)
	at org.apache.ratis.thirdparty.io.netty.channel.nio.NioEventLoop.processSelectedKeysOptimized(NioEventLoop.java:579)
	at org.apache.ratis.thirdparty.io.netty.channel.nio.NioEventLoop.processSelectedKeys(NioEventLoop.java:496)
	at org.apache.ratis.thirdparty.io.netty.channel.nio.NioEventLoop.run(NioEventLoop.java:458)
	at org.apache.ratis.thirdparty.io.netty.util.concurrent.SingleThreadEventExecutor$5.run(SingleThreadEventExecutor.java:897)
	at org.apache.ratis.thirdparty.io.netty.util.concurrent.FastThreadLocalRunnable.run(FastThreadLocalRunnable.java:30)
	... 1 more
Caused by: java.net.ConnectException: Connection refused
	... 11 more
2019-10-15 16:30:00,936 [24ee8ff7-dd07-49e6-bbcb-bb50ff0e8e36@group-F2FE1ED60945-LeaderElection200] INFO  impl.RaftServerImpl (RaftServerImpl.java:setRole(184)) - 24ee8ff7-dd07-49e6-bbcb-bb50ff0e8e36@group-F2FE1ED60945: changes role from CANDIDATE to FOLLOWER at term 10 for DISCOVERED_A_NEW_TERM
2019-10-15 16:30:00,936 [24ee8ff7-dd07-49e6-bbcb-bb50ff0e8e36@group-F2FE1ED60945-LeaderElection200] INFO  impl.RoleInfo (RoleInfo.java:shutdownLeaderElection(134)) - 24ee8ff7-dd07-49e6-bbcb-bb50ff0e8e36: shutdown LeaderElection
2019-10-15 16:30:00,936 [24ee8ff7-dd07-49e6-bbcb-bb50ff0e8e36@group-F2FE1ED60945-LeaderElection200] INFO  impl.RoleInfo (RoleInfo.java:updateAndGet(143)) - 24ee8ff7-dd07-49e6-bbcb-bb50ff0e8e36: start FollowerState
2019-10-15 16:30:01,150 [java.util.concurrent.ThreadPoolExecutor$Worker@6e96881a[State = -1, empty queue]] WARN  server.GrpcLogAppender (GrpcLogAppender.java:timeoutAppendRequest(209)) - 0bff853f-e43c-4347-b3e4-d8621042c42b@group-AF37DB7271F3->6af1a5bd-f075-405e-b6a5-6d145eedd789-GrpcLogAppender: appendEntries Timeout, request=0bff853f-e43c-4347-b3e4-d8621042c42b->6af1a5bd-f075-405e-b6a5-6d145eedd789#65-t7, previous=(t:7, i:19), leaderCommit=19, initializing? false, entries: <empty>
2019-10-15 16:30:01,651 [java.util.concurrent.ThreadPoolExecutor$Worker@6e96881a[State = -1, empty queue]] WARN  server.GrpcLogAppender (GrpcLogAppender.java:timeoutAppendRequest(209)) - 0bff853f-e43c-4347-b3e4-d8621042c42b@group-AF37DB7271F3->6af1a5bd-f075-405e-b6a5-6d145eedd789-GrpcLogAppender: appendEntries Timeout, request=0bff853f-e43c-4347-b3e4-d8621042c42b->6af1a5bd-f075-405e-b6a5-6d145eedd789#66-t7, previous=(t:7, i:19), leaderCommit=19, initializing? false, entries: <empty>
2019-10-15 16:30:02,033 [Thread-1751] INFO  impl.FollowerState (FollowerState.java:run(108)) - 24ee8ff7-dd07-49e6-bbcb-bb50ff0e8e36@group-F2FE1ED60945-FollowerState: change to CANDIDATE, lastRpcTime:1097ms, electionTimeout:1097ms
2019-10-15 16:30:02,034 [Thread-1751] INFO  impl.RoleInfo (RoleInfo.java:shutdownFollowerState(121)) - 24ee8ff7-dd07-49e6-bbcb-bb50ff0e8e36: shutdown FollowerState
2019-10-15 16:30:02,034 [Thread-1751] INFO  impl.RaftServerImpl (RaftServerImpl.java:setRole(184)) - 24ee8ff7-dd07-49e6-bbcb-bb50ff0e8e36@group-F2FE1ED60945: changes role from  FOLLOWER to CANDIDATE at term 10 for changeToCandidate
2019-10-15 16:30:02,034 [Thread-1751] INFO  impl.RoleInfo (RoleInfo.java:updateAndGet(143)) - 24ee8ff7-dd07-49e6-bbcb-bb50ff0e8e36: start LeaderElection
2019-10-15 16:30:02,061 [24ee8ff7-dd07-49e6-bbcb-bb50ff0e8e36@group-F2FE1ED60945-LeaderElection201] INFO  impl.LeaderElection (LeaderElection.java:askForVotes(178)) - 24ee8ff7-dd07-49e6-bbcb-bb50ff0e8e36@group-F2FE1ED60945-LeaderElection201: begin an election at term 11 for 0: [c48d8dfa-9e66-4eac-9ff2-02281a99dfa9:192.168.164.239:41652, cccd55fe-f481-4e2b-93ed-b6a86d13c378:192.168.164.239:35771, 24ee8ff7-dd07-49e6-bbcb-bb50ff0e8e36:192.168.164.239:45096], old=null
2019-10-15 16:30:02,062 [24ee8ff7-dd07-49e6-bbcb-bb50ff0e8e36@group-F2FE1ED60945-LeaderElection201] INFO  impl.LeaderElection (LogUtils.java:infoOrTrace(149)) - 24ee8ff7-dd07-49e6-bbcb-bb50ff0e8e36@group-F2FE1ED60945-LeaderElection201 got exception when requesting votes: {}
java.util.concurrent.ExecutionException: org.apache.ratis.thirdparty.io.grpc.StatusRuntimeException: UNAVAILABLE: io exception
	at java.util.concurrent.FutureTask.report(FutureTask.java:122)
	at java.util.concurrent.FutureTask.get(FutureTask.java:192)
	at org.apache.ratis.server.impl.LeaderElection.waitForResults(LeaderElection.java:259)
	at org.apache.ratis.server.impl.LeaderElection.askForVotes(LeaderElection.java:197)
	at org.apache.ratis.server.impl.LeaderElection.run(LeaderElection.java:133)
	at java.lang.Thread.run(Thread.java:748)
Caused by: org.apache.ratis.thirdparty.io.grpc.StatusRuntimeException: UNAVAILABLE: io exception
	at org.apache.ratis.thirdparty.io.grpc.stub.ClientCalls.toStatusRuntimeException(ClientCalls.java:233)
	at org.apache.ratis.thirdparty.io.grpc.stub.ClientCalls.getUnchecked(ClientCalls.java:214)
	at org.apache.ratis.thirdparty.io.grpc.stub.ClientCalls.blockingUnaryCall(ClientCalls.java:139)
	at org.apache.ratis.proto.grpc.RaftServerProtocolServiceGrpc$RaftServerProtocolServiceBlockingStub.requestVote(RaftServerProtocolServiceGrpc.java:265)
	at org.apache.ratis.grpc.server.GrpcServerProtocolClient.requestVote(GrpcServerProtocolClient.java:99)
	at org.apache.ratis.grpc.server.GrpcService.requestVote(GrpcService.java:204)
	at org.apache.ratis.server.impl.LeaderElection.lambda$submitRequests$1(LeaderElection.java:234)
	at java.util.concurrent.FutureTask.run(FutureTask.java:266)
	at java.util.concurrent.Executors$RunnableAdapter.call(Executors.java:511)
	at java.util.concurrent.FutureTask.run(FutureTask.java:266)
	at java.util.concurrent.ThreadPoolExecutor.runWorker(ThreadPoolExecutor.java:1149)
	at java.util.concurrent.ThreadPoolExecutor$Worker.run(ThreadPoolExecutor.java:624)
	... 1 more
Caused by: org.apache.ratis.thirdparty.io.netty.channel.AbstractChannel$AnnotatedConnectException: Connection refused: /192.168.164.239:41652
	at sun.nio.ch.SocketChannelImpl.checkConnect(Native Method)
	at sun.nio.ch.SocketChannelImpl.finishConnect(SocketChannelImpl.java:717)
	at org.apache.ratis.thirdparty.io.netty.channel.socket.nio.NioSocketChannel.doFinishConnect(NioSocketChannel.java:327)
	at org.apache.ratis.thirdparty.io.netty.channel.nio.AbstractNioChannel$AbstractNioUnsafe.finishConnect(AbstractNioChannel.java:340)
	at org.apache.ratis.thirdparty.io.netty.channel.nio.NioEventLoop.processSelectedKey(NioEventLoop.java:632)
	at org.apache.ratis.thirdparty.io.netty.channel.nio.NioEventLoop.processSelectedKeysOptimized(NioEventLoop.java:579)
	at org.apache.ratis.thirdparty.io.netty.channel.nio.NioEventLoop.processSelectedKeys(NioEventLoop.java:496)
	at org.apache.ratis.thirdparty.io.netty.channel.nio.NioEventLoop.run(NioEventLoop.java:458)
	at org.apache.ratis.thirdparty.io.netty.util.concurrent.SingleThreadEventExecutor$5.run(SingleThreadEventExecutor.java:897)
	at org.apache.ratis.thirdparty.io.netty.util.concurrent.FastThreadLocalRunnable.run(FastThreadLocalRunnable.java:30)
	... 1 more
Caused by: java.net.ConnectException: Connection refused
	... 11 more
2019-10-15 16:30:02,062 [24ee8ff7-dd07-49e6-bbcb-bb50ff0e8e36@group-F2FE1ED60945-LeaderElection201] INFO  impl.LeaderElection (LogUtils.java:infoOrTrace(149)) - 24ee8ff7-dd07-49e6-bbcb-bb50ff0e8e36@group-F2FE1ED60945-LeaderElection201 got exception when requesting votes: {}
java.util.concurrent.ExecutionException: org.apache.ratis.thirdparty.io.grpc.StatusRuntimeException: UNAVAILABLE: io exception
	at java.util.concurrent.FutureTask.report(FutureTask.java:122)
	at java.util.concurrent.FutureTask.get(FutureTask.java:192)
	at org.apache.ratis.server.impl.LeaderElection.waitForResults(LeaderElection.java:259)
	at org.apache.ratis.server.impl.LeaderElection.askForVotes(LeaderElection.java:197)
	at org.apache.ratis.server.impl.LeaderElection.run(LeaderElection.java:133)
	at java.lang.Thread.run(Thread.java:748)
Caused by: org.apache.ratis.thirdparty.io.grpc.StatusRuntimeException: UNAVAILABLE: io exception
	at org.apache.ratis.thirdparty.io.grpc.stub.ClientCalls.toStatusRuntimeException(ClientCalls.java:233)
	at org.apache.ratis.thirdparty.io.grpc.stub.ClientCalls.getUnchecked(ClientCalls.java:214)
	at org.apache.ratis.thirdparty.io.grpc.stub.ClientCalls.blockingUnaryCall(ClientCalls.java:139)
	at org.apache.ratis.proto.grpc.RaftServerProtocolServiceGrpc$RaftServerProtocolServiceBlockingStub.requestVote(RaftServerProtocolServiceGrpc.java:265)
	at org.apache.ratis.grpc.server.GrpcServerProtocolClient.requestVote(GrpcServerProtocolClient.java:99)
	at org.apache.ratis.grpc.server.GrpcService.requestVote(GrpcService.java:204)
	at org.apache.ratis.server.impl.LeaderElection.lambda$submitRequests$1(LeaderElection.java:234)
	at java.util.concurrent.FutureTask.run(FutureTask.java:266)
	at java.util.concurrent.Executors$RunnableAdapter.call(Executors.java:511)
	at java.util.concurrent.FutureTask.run(FutureTask.java:266)
	at java.util.concurrent.ThreadPoolExecutor.runWorker(ThreadPoolExecutor.java:1149)
	at java.util.concurrent.ThreadPoolExecutor$Worker.run(ThreadPoolExecutor.java:624)
	... 1 more
Caused by: org.apache.ratis.thirdparty.io.netty.channel.AbstractChannel$AnnotatedConnectException: Connection refused: /192.168.164.239:35771
	at sun.nio.ch.SocketChannelImpl.checkConnect(Native Method)
	at sun.nio.ch.SocketChannelImpl.finishConnect(SocketChannelImpl.java:717)
	at org.apache.ratis.thirdparty.io.netty.channel.socket.nio.NioSocketChannel.doFinishConnect(NioSocketChannel.java:327)
	at org.apache.ratis.thirdparty.io.netty.channel.nio.AbstractNioChannel$AbstractNioUnsafe.finishConnect(AbstractNioChannel.java:340)
	at org.apache.ratis.thirdparty.io.netty.channel.nio.NioEventLoop.processSelectedKey(NioEventLoop.java:632)
	at org.apache.ratis.thirdparty.io.netty.channel.nio.NioEventLoop.processSelectedKeysOptimized(NioEventLoop.java:579)
	at org.apache.ratis.thirdparty.io.netty.channel.nio.NioEventLoop.processSelectedKeys(NioEventLoop.java:496)
	at org.apache.ratis.thirdparty.io.netty.channel.nio.NioEventLoop.run(NioEventLoop.java:458)
	at org.apache.ratis.thirdparty.io.netty.util.concurrent.SingleThreadEventExecutor$5.run(SingleThreadEventExecutor.java:897)
	at org.apache.ratis.thirdparty.io.netty.util.concurrent.FastThreadLocalRunnable.run(FastThreadLocalRunnable.java:30)
	... 1 more
Caused by: java.net.ConnectException: Connection refused
	... 11 more
2019-10-15 16:30:02,063 [24ee8ff7-dd07-49e6-bbcb-bb50ff0e8e36@group-F2FE1ED60945-LeaderElection201] INFO  impl.LeaderElection (LeaderElection.java:logAndReturn(56)) - 24ee8ff7-dd07-49e6-bbcb-bb50ff0e8e36@group-F2FE1ED60945-LeaderElection201: Election REJECTED; received 0 response(s) [] and 2 exception(s); 24ee8ff7-dd07-49e6-bbcb-bb50ff0e8e36@group-F2FE1ED60945:t11, leader=null, voted=24ee8ff7-dd07-49e6-bbcb-bb50ff0e8e36, raftlog=24ee8ff7-dd07-49e6-bbcb-bb50ff0e8e36@group-F2FE1ED60945-SegmentedRaftLog:OPENED:c0,f0,i0, conf=0: [c48d8dfa-9e66-4eac-9ff2-02281a99dfa9:192.168.164.239:41652, cccd55fe-f481-4e2b-93ed-b6a86d13c378:192.168.164.239:35771, 24ee8ff7-dd07-49e6-bbcb-bb50ff0e8e36:192.168.164.239:45096], old=null
2019-10-15 16:30:02,063 [24ee8ff7-dd07-49e6-bbcb-bb50ff0e8e36@group-F2FE1ED60945-LeaderElection201] INFO  impl.LeaderElection (LogUtils.java:infoOrTrace(149)) -   Exception 0: {}
java.util.concurrent.ExecutionException: org.apache.ratis.thirdparty.io.grpc.StatusRuntimeException: UNAVAILABLE: io exception
	at java.util.concurrent.FutureTask.report(FutureTask.java:122)
	at java.util.concurrent.FutureTask.get(FutureTask.java:192)
	at org.apache.ratis.server.impl.LeaderElection.waitForResults(LeaderElection.java:259)
	at org.apache.ratis.server.impl.LeaderElection.askForVotes(LeaderElection.java:197)
	at org.apache.ratis.server.impl.LeaderElection.run(LeaderElection.java:133)
	at java.lang.Thread.run(Thread.java:748)
Caused by: org.apache.ratis.thirdparty.io.grpc.StatusRuntimeException: UNAVAILABLE: io exception
	at org.apache.ratis.thirdparty.io.grpc.stub.ClientCalls.toStatusRuntimeException(ClientCalls.java:233)
	at org.apache.ratis.thirdparty.io.grpc.stub.ClientCalls.getUnchecked(ClientCalls.java:214)
	at org.apache.ratis.thirdparty.io.grpc.stub.ClientCalls.blockingUnaryCall(ClientCalls.java:139)
	at org.apache.ratis.proto.grpc.RaftServerProtocolServiceGrpc$RaftServerProtocolServiceBlockingStub.requestVote(RaftServerProtocolServiceGrpc.java:265)
	at org.apache.ratis.grpc.server.GrpcServerProtocolClient.requestVote(GrpcServerProtocolClient.java:99)
	at org.apache.ratis.grpc.server.GrpcService.requestVote(GrpcService.java:204)
	at org.apache.ratis.server.impl.LeaderElection.lambda$submitRequests$1(LeaderElection.java:234)
	at java.util.concurrent.FutureTask.run(FutureTask.java:266)
	at java.util.concurrent.Executors$RunnableAdapter.call(Executors.java:511)
	at java.util.concurrent.FutureTask.run(FutureTask.java:266)
	at java.util.concurrent.ThreadPoolExecutor.runWorker(ThreadPoolExecutor.java:1149)
	at java.util.concurrent.ThreadPoolExecutor$Worker.run(ThreadPoolExecutor.java:624)
	... 1 more
Caused by: org.apache.ratis.thirdparty.io.netty.channel.AbstractChannel$AnnotatedConnectException: Connection refused: /192.168.164.239:41652
	at sun.nio.ch.SocketChannelImpl.checkConnect(Native Method)
	at sun.nio.ch.SocketChannelImpl.finishConnect(SocketChannelImpl.java:717)
	at org.apache.ratis.thirdparty.io.netty.channel.socket.nio.NioSocketChannel.doFinishConnect(NioSocketChannel.java:327)
	at org.apache.ratis.thirdparty.io.netty.channel.nio.AbstractNioChannel$AbstractNioUnsafe.finishConnect(AbstractNioChannel.java:340)
	at org.apache.ratis.thirdparty.io.netty.channel.nio.NioEventLoop.processSelectedKey(NioEventLoop.java:632)
	at org.apache.ratis.thirdparty.io.netty.channel.nio.NioEventLoop.processSelectedKeysOptimized(NioEventLoop.java:579)
	at org.apache.ratis.thirdparty.io.netty.channel.nio.NioEventLoop.processSelectedKeys(NioEventLoop.java:496)
	at org.apache.ratis.thirdparty.io.netty.channel.nio.NioEventLoop.run(NioEventLoop.java:458)
	at org.apache.ratis.thirdparty.io.netty.util.concurrent.SingleThreadEventExecutor$5.run(SingleThreadEventExecutor.java:897)
	at org.apache.ratis.thirdparty.io.netty.util.concurrent.FastThreadLocalRunnable.run(FastThreadLocalRunnable.java:30)
	... 1 more
Caused by: java.net.ConnectException: Connection refused
	... 11 more
2019-10-15 16:30:02,064 [24ee8ff7-dd07-49e6-bbcb-bb50ff0e8e36@group-F2FE1ED60945-LeaderElection201] INFO  impl.LeaderElection (LogUtils.java:infoOrTrace(149)) -   Exception 1: {}
java.util.concurrent.ExecutionException: org.apache.ratis.thirdparty.io.grpc.StatusRuntimeException: UNAVAILABLE: io exception
	at java.util.concurrent.FutureTask.report(FutureTask.java:122)
	at java.util.concurrent.FutureTask.get(FutureTask.java:192)
	at org.apache.ratis.server.impl.LeaderElection.waitForResults(LeaderElection.java:259)
	at org.apache.ratis.server.impl.LeaderElection.askForVotes(LeaderElection.java:197)
	at org.apache.ratis.server.impl.LeaderElection.run(LeaderElection.java:133)
	at java.lang.Thread.run(Thread.java:748)
Caused by: org.apache.ratis.thirdparty.io.grpc.StatusRuntimeException: UNAVAILABLE: io exception
	at org.apache.ratis.thirdparty.io.grpc.stub.ClientCalls.toStatusRuntimeException(ClientCalls.java:233)
	at org.apache.ratis.thirdparty.io.grpc.stub.ClientCalls.getUnchecked(ClientCalls.java:214)
	at org.apache.ratis.thirdparty.io.grpc.stub.ClientCalls.blockingUnaryCall(ClientCalls.java:139)
	at org.apache.ratis.proto.grpc.RaftServerProtocolServiceGrpc$RaftServerProtocolServiceBlockingStub.requestVote(RaftServerProtocolServiceGrpc.java:265)
	at org.apache.ratis.grpc.server.GrpcServerProtocolClient.requestVote(GrpcServerProtocolClient.java:99)
	at org.apache.ratis.grpc.server.GrpcService.requestVote(GrpcService.java:204)
	at org.apache.ratis.server.impl.LeaderElection.lambda$submitRequests$1(LeaderElection.java:234)
	at java.util.concurrent.FutureTask.run(FutureTask.java:266)
	at java.util.concurrent.Executors$RunnableAdapter.call(Executors.java:511)
	at java.util.concurrent.FutureTask.run(FutureTask.java:266)
	at java.util.concurrent.ThreadPoolExecutor.runWorker(ThreadPoolExecutor.java:1149)
	at java.util.concurrent.ThreadPoolExecutor$Worker.run(ThreadPoolExecutor.java:624)
	... 1 more
Caused by: org.apache.ratis.thirdparty.io.netty.channel.AbstractChannel$AnnotatedConnectException: Connection refused: /192.168.164.239:35771
	at sun.nio.ch.SocketChannelImpl.checkConnect(Native Method)
	at sun.nio.ch.SocketChannelImpl.finishConnect(SocketChannelImpl.java:717)
	at org.apache.ratis.thirdparty.io.netty.channel.socket.nio.NioSocketChannel.doFinishConnect(NioSocketChannel.java:327)
	at org.apache.ratis.thirdparty.io.netty.channel.nio.AbstractNioChannel$AbstractNioUnsafe.finishConnect(AbstractNioChannel.java:340)
	at org.apache.ratis.thirdparty.io.netty.channel.nio.NioEventLoop.processSelectedKey(NioEventLoop.java:632)
	at org.apache.ratis.thirdparty.io.netty.channel.nio.NioEventLoop.processSelectedKeysOptimized(NioEventLoop.java:579)
	at org.apache.ratis.thirdparty.io.netty.channel.nio.NioEventLoop.processSelectedKeys(NioEventLoop.java:496)
	at org.apache.ratis.thirdparty.io.netty.channel.nio.NioEventLoop.run(NioEventLoop.java:458)
	at org.apache.ratis.thirdparty.io.netty.util.concurrent.SingleThreadEventExecutor$5.run(SingleThreadEventExecutor.java:897)
	at org.apache.ratis.thirdparty.io.netty.util.concurrent.FastThreadLocalRunnable.run(FastThreadLocalRunnable.java:30)
	... 1 more
Caused by: java.net.ConnectException: Connection refused
	... 11 more
2019-10-15 16:30:02,064 [24ee8ff7-dd07-49e6-bbcb-bb50ff0e8e36@group-F2FE1ED60945-LeaderElection201] INFO  impl.RaftServerImpl (RaftServerImpl.java:setRole(184)) - 24ee8ff7-dd07-49e6-bbcb-bb50ff0e8e36@group-F2FE1ED60945: changes role from CANDIDATE to FOLLOWER at term 11 for DISCOVERED_A_NEW_TERM
2019-10-15 16:30:02,065 [24ee8ff7-dd07-49e6-bbcb-bb50ff0e8e36@group-F2FE1ED60945-LeaderElection201] INFO  impl.RoleInfo (RoleInfo.java:shutdownLeaderElection(134)) - 24ee8ff7-dd07-49e6-bbcb-bb50ff0e8e36: shutdown LeaderElection
2019-10-15 16:30:02,065 [24ee8ff7-dd07-49e6-bbcb-bb50ff0e8e36@group-F2FE1ED60945-LeaderElection201] INFO  impl.RoleInfo (RoleInfo.java:updateAndGet(143)) - 24ee8ff7-dd07-49e6-bbcb-bb50ff0e8e36: start FollowerState
2019-10-15 16:30:02,151 [java.util.concurrent.ThreadPoolExecutor$Worker@6e96881a[State = -1, empty queue]] WARN  server.GrpcLogAppender (GrpcLogAppender.java:timeoutAppendRequest(209)) - 0bff853f-e43c-4347-b3e4-d8621042c42b@group-AF37DB7271F3->6af1a5bd-f075-405e-b6a5-6d145eedd789-GrpcLogAppender: appendEntries Timeout, request=0bff853f-e43c-4347-b3e4-d8621042c42b->6af1a5bd-f075-405e-b6a5-6d145eedd789#67-t7, previous=(t:7, i:19), leaderCommit=19, initializing? false, entries: <empty>
2019-10-15 16:30:02,652 [java.util.concurrent.ThreadPoolExecutor$Worker@6e96881a[State = -1, empty queue]] WARN  server.GrpcLogAppender (GrpcLogAppender.java:timeoutAppendRequest(209)) - 0bff853f-e43c-4347-b3e4-d8621042c42b@group-AF37DB7271F3->6af1a5bd-f075-405e-b6a5-6d145eedd789-GrpcLogAppender: appendEntries Timeout, request=0bff853f-e43c-4347-b3e4-d8621042c42b->6af1a5bd-f075-405e-b6a5-6d145eedd789#68-t7, previous=(t:7, i:19), leaderCommit=19, initializing? false, entries: <empty>
2019-10-15 16:30:03,153 [java.util.concurrent.ThreadPoolExecutor$Worker@6e96881a[State = -1, empty queue]] WARN  server.GrpcLogAppender (GrpcLogAppender.java:timeoutAppendRequest(209)) - 0bff853f-e43c-4347-b3e4-d8621042c42b@group-AF37DB7271F3->6af1a5bd-f075-405e-b6a5-6d145eedd789-GrpcLogAppender: appendEntries Timeout, request=0bff853f-e43c-4347-b3e4-d8621042c42b->6af1a5bd-f075-405e-b6a5-6d145eedd789#69-t7, previous=(t:7, i:19), leaderCommit=19, initializing? false, entries: <empty>
2019-10-15 16:30:03,245 [Thread-1757] INFO  impl.FollowerState (FollowerState.java:run(108)) - 24ee8ff7-dd07-49e6-bbcb-bb50ff0e8e36@group-F2FE1ED60945-FollowerState: change to CANDIDATE, lastRpcTime:1180ms, electionTimeout:1180ms
2019-10-15 16:30:03,246 [Thread-1757] INFO  impl.RoleInfo (RoleInfo.java:shutdownFollowerState(121)) - 24ee8ff7-dd07-49e6-bbcb-bb50ff0e8e36: shutdown FollowerState
2019-10-15 16:30:03,246 [Thread-1757] INFO  impl.RaftServerImpl (RaftServerImpl.java:setRole(184)) - 24ee8ff7-dd07-49e6-bbcb-bb50ff0e8e36@group-F2FE1ED60945: changes role from  FOLLOWER to CANDIDATE at term 11 for changeToCandidate
2019-10-15 16:30:03,246 [Thread-1757] INFO  impl.RoleInfo (RoleInfo.java:updateAndGet(143)) - 24ee8ff7-dd07-49e6-bbcb-bb50ff0e8e36: start LeaderElection
2019-10-15 16:30:03,272 [24ee8ff7-dd07-49e6-bbcb-bb50ff0e8e36@group-F2FE1ED60945-LeaderElection202] INFO  impl.LeaderElection (LeaderElection.java:askForVotes(178)) - 24ee8ff7-dd07-49e6-bbcb-bb50ff0e8e36@group-F2FE1ED60945-LeaderElection202: begin an election at term 12 for 0: [c48d8dfa-9e66-4eac-9ff2-02281a99dfa9:192.168.164.239:41652, cccd55fe-f481-4e2b-93ed-b6a86d13c378:192.168.164.239:35771, 24ee8ff7-dd07-49e6-bbcb-bb50ff0e8e36:192.168.164.239:45096], old=null
2019-10-15 16:30:03,274 [24ee8ff7-dd07-49e6-bbcb-bb50ff0e8e36@group-F2FE1ED60945-LeaderElection202] INFO  impl.LeaderElection (LogUtils.java:infoOrTrace(149)) - 24ee8ff7-dd07-49e6-bbcb-bb50ff0e8e36@group-F2FE1ED60945-LeaderElection202 got exception when requesting votes: {}
java.util.concurrent.ExecutionException: org.apache.ratis.thirdparty.io.grpc.StatusRuntimeException: UNAVAILABLE: io exception
	at java.util.concurrent.FutureTask.report(FutureTask.java:122)
	at java.util.concurrent.FutureTask.get(FutureTask.java:192)
	at org.apache.ratis.server.impl.LeaderElection.waitForResults(LeaderElection.java:259)
	at org.apache.ratis.server.impl.LeaderElection.askForVotes(LeaderElection.java:197)
	at org.apache.ratis.server.impl.LeaderElection.run(LeaderElection.java:133)
	at java.lang.Thread.run(Thread.java:748)
Caused by: org.apache.ratis.thirdparty.io.grpc.StatusRuntimeException: UNAVAILABLE: io exception
	at org.apache.ratis.thirdparty.io.grpc.stub.ClientCalls.toStatusRuntimeException(ClientCalls.java:233)
	at org.apache.ratis.thirdparty.io.grpc.stub.ClientCalls.getUnchecked(ClientCalls.java:214)
	at org.apache.ratis.thirdparty.io.grpc.stub.ClientCalls.blockingUnaryCall(ClientCalls.java:139)
	at org.apache.ratis.proto.grpc.RaftServerProtocolServiceGrpc$RaftServerProtocolServiceBlockingStub.requestVote(RaftServerProtocolServiceGrpc.java:265)
	at org.apache.ratis.grpc.server.GrpcServerProtocolClient.requestVote(GrpcServerProtocolClient.java:99)
	at org.apache.ratis.grpc.server.GrpcService.requestVote(GrpcService.java:204)
	at org.apache.ratis.server.impl.LeaderElection.lambda$submitRequests$1(LeaderElection.java:234)
	at java.util.concurrent.FutureTask.run(FutureTask.java:266)
	at java.util.concurrent.Executors$RunnableAdapter.call(Executors.java:511)
	at java.util.concurrent.FutureTask.run(FutureTask.java:266)
	at java.util.concurrent.ThreadPoolExecutor.runWorker(ThreadPoolExecutor.java:1149)
	at java.util.concurrent.ThreadPoolExecutor$Worker.run(ThreadPoolExecutor.java:624)
	... 1 more
Caused by: org.apache.ratis.thirdparty.io.netty.channel.AbstractChannel$AnnotatedConnectException: Connection refused: /192.168.164.239:41652
	at sun.nio.ch.SocketChannelImpl.checkConnect(Native Method)
	at sun.nio.ch.SocketChannelImpl.finishConnect(SocketChannelImpl.java:717)
	at org.apache.ratis.thirdparty.io.netty.channel.socket.nio.NioSocketChannel.doFinishConnect(NioSocketChannel.java:327)
	at org.apache.ratis.thirdparty.io.netty.channel.nio.AbstractNioChannel$AbstractNioUnsafe.finishConnect(AbstractNioChannel.java:340)
	at org.apache.ratis.thirdparty.io.netty.channel.nio.NioEventLoop.processSelectedKey(NioEventLoop.java:632)
	at org.apache.ratis.thirdparty.io.netty.channel.nio.NioEventLoop.processSelectedKeysOptimized(NioEventLoop.java:579)
	at org.apache.ratis.thirdparty.io.netty.channel.nio.NioEventLoop.processSelectedKeys(NioEventLoop.java:496)
	at org.apache.ratis.thirdparty.io.netty.channel.nio.NioEventLoop.run(NioEventLoop.java:458)
	at org.apache.ratis.thirdparty.io.netty.util.concurrent.SingleThreadEventExecutor$5.run(SingleThreadEventExecutor.java:897)
	at org.apache.ratis.thirdparty.io.netty.util.concurrent.FastThreadLocalRunnable.run(FastThreadLocalRunnable.java:30)
	... 1 more
Caused by: java.net.ConnectException: Connection refused
	... 11 more
2019-10-15 16:30:03,276 [24ee8ff7-dd07-49e6-bbcb-bb50ff0e8e36@group-F2FE1ED60945-LeaderElection202] INFO  impl.LeaderElection (LogUtils.java:infoOrTrace(149)) - 24ee8ff7-dd07-49e6-bbcb-bb50ff0e8e36@group-F2FE1ED60945-LeaderElection202 got exception when requesting votes: {}
java.util.concurrent.ExecutionException: org.apache.ratis.thirdparty.io.grpc.StatusRuntimeException: UNAVAILABLE: io exception
	at java.util.concurrent.FutureTask.report(FutureTask.java:122)
	at java.util.concurrent.FutureTask.get(FutureTask.java:192)
	at org.apache.ratis.server.impl.LeaderElection.waitForResults(LeaderElection.java:259)
	at org.apache.ratis.server.impl.LeaderElection.askForVotes(LeaderElection.java:197)
	at org.apache.ratis.server.impl.LeaderElection.run(LeaderElection.java:133)
	at java.lang.Thread.run(Thread.java:748)
Caused by: org.apache.ratis.thirdparty.io.grpc.StatusRuntimeException: UNAVAILABLE: io exception
	at org.apache.ratis.thirdparty.io.grpc.stub.ClientCalls.toStatusRuntimeException(ClientCalls.java:233)
	at org.apache.ratis.thirdparty.io.grpc.stub.ClientCalls.getUnchecked(ClientCalls.java:214)
	at org.apache.ratis.thirdparty.io.grpc.stub.ClientCalls.blockingUnaryCall(ClientCalls.java:139)
	at org.apache.ratis.proto.grpc.RaftServerProtocolServiceGrpc$RaftServerProtocolServiceBlockingStub.requestVote(RaftServerProtocolServiceGrpc.java:265)
	at org.apache.ratis.grpc.server.GrpcServerProtocolClient.requestVote(GrpcServerProtocolClient.java:99)
	at org.apache.ratis.grpc.server.GrpcService.requestVote(GrpcService.java:204)
	at org.apache.ratis.server.impl.LeaderElection.lambda$submitRequests$1(LeaderElection.java:234)
	at java.util.concurrent.FutureTask.run(FutureTask.java:266)
	at java.util.concurrent.Executors$RunnableAdapter.call(Executors.java:511)
	at java.util.concurrent.FutureTask.run(FutureTask.java:266)
	at java.util.concurrent.ThreadPoolExecutor.runWorker(ThreadPoolExecutor.java:1149)
	at java.util.concurrent.ThreadPoolExecutor$Worker.run(ThreadPoolExecutor.java:624)
	... 1 more
Caused by: org.apache.ratis.thirdparty.io.netty.channel.AbstractChannel$AnnotatedConnectException: Connection refused: /192.168.164.239:35771
	at sun.nio.ch.SocketChannelImpl.checkConnect(Native Method)
	at sun.nio.ch.SocketChannelImpl.finishConnect(SocketChannelImpl.java:717)
	at org.apache.ratis.thirdparty.io.netty.channel.socket.nio.NioSocketChannel.doFinishConnect(NioSocketChannel.java:327)
	at org.apache.ratis.thirdparty.io.netty.channel.nio.AbstractNioChannel$AbstractNioUnsafe.finishConnect(AbstractNioChannel.java:340)
	at org.apache.ratis.thirdparty.io.netty.channel.nio.NioEventLoop.processSelectedKey(NioEventLoop.java:632)
	at org.apache.ratis.thirdparty.io.netty.channel.nio.NioEventLoop.processSelectedKeysOptimized(NioEventLoop.java:579)
	at org.apache.ratis.thirdparty.io.netty.channel.nio.NioEventLoop.processSelectedKeys(NioEventLoop.java:496)
	at org.apache.ratis.thirdparty.io.netty.channel.nio.NioEventLoop.run(NioEventLoop.java:458)
	at org.apache.ratis.thirdparty.io.netty.util.concurrent.SingleThreadEventExecutor$5.run(SingleThreadEventExecutor.java:897)
	at org.apache.ratis.thirdparty.io.netty.util.concurrent.FastThreadLocalRunnable.run(FastThreadLocalRunnable.java:30)
	... 1 more
Caused by: java.net.ConnectException: Connection refused
	... 11 more
2019-10-15 16:30:03,276 [24ee8ff7-dd07-49e6-bbcb-bb50ff0e8e36@group-F2FE1ED60945-LeaderElection202] INFO  impl.LeaderElection (LeaderElection.java:logAndReturn(56)) - 24ee8ff7-dd07-49e6-bbcb-bb50ff0e8e36@group-F2FE1ED60945-LeaderElection202: Election REJECTED; received 0 response(s) [] and 2 exception(s); 24ee8ff7-dd07-49e6-bbcb-bb50ff0e8e36@group-F2FE1ED60945:t12, leader=null, voted=24ee8ff7-dd07-49e6-bbcb-bb50ff0e8e36, raftlog=24ee8ff7-dd07-49e6-bbcb-bb50ff0e8e36@group-F2FE1ED60945-SegmentedRaftLog:OPENED:c0,f0,i0, conf=0: [c48d8dfa-9e66-4eac-9ff2-02281a99dfa9:192.168.164.239:41652, cccd55fe-f481-4e2b-93ed-b6a86d13c378:192.168.164.239:35771, 24ee8ff7-dd07-49e6-bbcb-bb50ff0e8e36:192.168.164.239:45096], old=null
2019-10-15 16:30:03,277 [24ee8ff7-dd07-49e6-bbcb-bb50ff0e8e36@group-F2FE1ED60945-LeaderElection202] INFO  impl.LeaderElection (LogUtils.java:infoOrTrace(149)) -   Exception 0: {}
java.util.concurrent.ExecutionException: org.apache.ratis.thirdparty.io.grpc.StatusRuntimeException: UNAVAILABLE: io exception
	at java.util.concurrent.FutureTask.report(FutureTask.java:122)
	at java.util.concurrent.FutureTask.get(FutureTask.java:192)
	at org.apache.ratis.server.impl.LeaderElection.waitForResults(LeaderElection.java:259)
	at org.apache.ratis.server.impl.LeaderElection.askForVotes(LeaderElection.java:197)
	at org.apache.ratis.server.impl.LeaderElection.run(LeaderElection.java:133)
	at java.lang.Thread.run(Thread.java:748)
Caused by: org.apache.ratis.thirdparty.io.grpc.StatusRuntimeException: UNAVAILABLE: io exception
	at org.apache.ratis.thirdparty.io.grpc.stub.ClientCalls.toStatusRuntimeException(ClientCalls.java:233)
	at org.apache.ratis.thirdparty.io.grpc.stub.ClientCalls.getUnchecked(ClientCalls.java:214)
	at org.apache.ratis.thirdparty.io.grpc.stub.ClientCalls.blockingUnaryCall(ClientCalls.java:139)
	at org.apache.ratis.proto.grpc.RaftServerProtocolServiceGrpc$RaftServerProtocolServiceBlockingStub.requestVote(RaftServerProtocolServiceGrpc.java:265)
	at org.apache.ratis.grpc.server.GrpcServerProtocolClient.requestVote(GrpcServerProtocolClient.java:99)
	at org.apache.ratis.grpc.server.GrpcService.requestVote(GrpcService.java:204)
	at org.apache.ratis.server.impl.LeaderElection.lambda$submitRequests$1(LeaderElection.java:234)
	at java.util.concurrent.FutureTask.run(FutureTask.java:266)
	at java.util.concurrent.Executors$RunnableAdapter.call(Executors.java:511)
	at java.util.concurrent.FutureTask.run(FutureTask.java:266)
	at java.util.concurrent.ThreadPoolExecutor.runWorker(ThreadPoolExecutor.java:1149)
	at java.util.concurrent.ThreadPoolExecutor$Worker.run(ThreadPoolExecutor.java:624)
	... 1 more
Caused by: org.apache.ratis.thirdparty.io.netty.channel.AbstractChannel$AnnotatedConnectException: Connection refused: /192.168.164.239:41652
	at sun.nio.ch.SocketChannelImpl.checkConnect(Native Method)
	at sun.nio.ch.SocketChannelImpl.finishConnect(SocketChannelImpl.java:717)
	at org.apache.ratis.thirdparty.io.netty.channel.socket.nio.NioSocketChannel.doFinishConnect(NioSocketChannel.java:327)
	at org.apache.ratis.thirdparty.io.netty.channel.nio.AbstractNioChannel$AbstractNioUnsafe.finishConnect(AbstractNioChannel.java:340)
	at org.apache.ratis.thirdparty.io.netty.channel.nio.NioEventLoop.processSelectedKey(NioEventLoop.java:632)
	at org.apache.ratis.thirdparty.io.netty.channel.nio.NioEventLoop.processSelectedKeysOptimized(NioEventLoop.java:579)
	at org.apache.ratis.thirdparty.io.netty.channel.nio.NioEventLoop.processSelectedKeys(NioEventLoop.java:496)
	at org.apache.ratis.thirdparty.io.netty.channel.nio.NioEventLoop.run(NioEventLoop.java:458)
	at org.apache.ratis.thirdparty.io.netty.util.concurrent.SingleThreadEventExecutor$5.run(SingleThreadEventExecutor.java:897)
	at org.apache.ratis.thirdparty.io.netty.util.concurrent.FastThreadLocalRunnable.run(FastThreadLocalRunnable.java:30)
	... 1 more
Caused by: java.net.ConnectException: Connection refused
	... 11 more
2019-10-15 16:30:03,277 [24ee8ff7-dd07-49e6-bbcb-bb50ff0e8e36@group-F2FE1ED60945-LeaderElection202] INFO  impl.LeaderElection (LogUtils.java:infoOrTrace(149)) -   Exception 1: {}
java.util.concurrent.ExecutionException: org.apache.ratis.thirdparty.io.grpc.StatusRuntimeException: UNAVAILABLE: io exception
	at java.util.concurrent.FutureTask.report(FutureTask.java:122)
	at java.util.concurrent.FutureTask.get(FutureTask.java:192)
	at org.apache.ratis.server.impl.LeaderElection.waitForResults(LeaderElection.java:259)
	at org.apache.ratis.server.impl.LeaderElection.askForVotes(LeaderElection.java:197)
	at org.apache.ratis.server.impl.LeaderElection.run(LeaderElection.java:133)
	at java.lang.Thread.run(Thread.java:748)
Caused by: org.apache.ratis.thirdparty.io.grpc.StatusRuntimeException: UNAVAILABLE: io exception
	at org.apache.ratis.thirdparty.io.grpc.stub.ClientCalls.toStatusRuntimeException(ClientCalls.java:233)
	at org.apache.ratis.thirdparty.io.grpc.stub.ClientCalls.getUnchecked(ClientCalls.java:214)
	at org.apache.ratis.thirdparty.io.grpc.stub.ClientCalls.blockingUnaryCall(ClientCalls.java:139)
	at org.apache.ratis.proto.grpc.RaftServerProtocolServiceGrpc$RaftServerProtocolServiceBlockingStub.requestVote(RaftServerProtocolServiceGrpc.java:265)
	at org.apache.ratis.grpc.server.GrpcServerProtocolClient.requestVote(GrpcServerProtocolClient.java:99)
	at org.apache.ratis.grpc.server.GrpcService.requestVote(GrpcService.java:204)
	at org.apache.ratis.server.impl.LeaderElection.lambda$submitRequests$1(LeaderElection.java:234)
	at java.util.concurrent.FutureTask.run(FutureTask.java:266)
	at java.util.concurrent.Executors$RunnableAdapter.call(Executors.java:511)
	at java.util.concurrent.FutureTask.run(FutureTask.java:266)
	at java.util.concurrent.ThreadPoolExecutor.runWorker(ThreadPoolExecutor.java:1149)
	at java.util.concurrent.ThreadPoolExecutor$Worker.run(ThreadPoolExecutor.java:624)
	... 1 more
Caused by: org.apache.ratis.thirdparty.io.netty.channel.AbstractChannel$AnnotatedConnectException: Connection refused: /192.168.164.239:35771
	at sun.nio.ch.SocketChannelImpl.checkConnect(Native Method)
	at sun.nio.ch.SocketChannelImpl.finishConnect(SocketChannelImpl.java:717)
	at org.apache.ratis.thirdparty.io.netty.channel.socket.nio.NioSocketChannel.doFinishConnect(NioSocketChannel.java:327)
	at org.apache.ratis.thirdparty.io.netty.channel.nio.AbstractNioChannel$AbstractNioUnsafe.finishConnect(AbstractNioChannel.java:340)
	at org.apache.ratis.thirdparty.io.netty.channel.nio.NioEventLoop.processSelectedKey(NioEventLoop.java:632)
	at org.apache.ratis.thirdparty.io.netty.channel.nio.NioEventLoop.processSelectedKeysOptimized(NioEventLoop.java:579)
	at org.apache.ratis.thirdparty.io.netty.channel.nio.NioEventLoop.processSelectedKeys(NioEventLoop.java:496)
	at org.apache.ratis.thirdparty.io.netty.channel.nio.NioEventLoop.run(NioEventLoop.java:458)
	at org.apache.ratis.thirdparty.io.netty.util.concurrent.SingleThreadEventExecutor$5.run(SingleThreadEventExecutor.java:897)
	at org.apache.ratis.thirdparty.io.netty.util.concurrent.FastThreadLocalRunnable.run(FastThreadLocalRunnable.java:30)
	... 1 more
Caused by: java.net.ConnectException: Connection refused
	... 11 more
2019-10-15 16:30:03,278 [24ee8ff7-dd07-49e6-bbcb-bb50ff0e8e36@group-F2FE1ED60945-LeaderElection202] INFO  impl.RaftServerImpl (RaftServerImpl.java:setRole(184)) - 24ee8ff7-dd07-49e6-bbcb-bb50ff0e8e36@group-F2FE1ED60945: changes role from CANDIDATE to FOLLOWER at term 12 for DISCOVERED_A_NEW_TERM
2019-10-15 16:30:03,278 [24ee8ff7-dd07-49e6-bbcb-bb50ff0e8e36@group-F2FE1ED60945-LeaderElection202] INFO  impl.RoleInfo (RoleInfo.java:shutdownLeaderElection(134)) - 24ee8ff7-dd07-49e6-bbcb-bb50ff0e8e36: shutdown LeaderElection
2019-10-15 16:30:03,278 [24ee8ff7-dd07-49e6-bbcb-bb50ff0e8e36@group-F2FE1ED60945-LeaderElection202] INFO  impl.RoleInfo (RoleInfo.java:updateAndGet(143)) - 24ee8ff7-dd07-49e6-bbcb-bb50ff0e8e36: start FollowerState
2019-10-15 16:30:03,653 [java.util.concurrent.ThreadPoolExecutor$Worker@6e96881a[State = -1, empty queue]] WARN  server.GrpcLogAppender (GrpcLogAppender.java:timeoutAppendRequest(209)) - 0bff853f-e43c-4347-b3e4-d8621042c42b@group-AF37DB7271F3->6af1a5bd-f075-405e-b6a5-6d145eedd789-GrpcLogAppender: appendEntries Timeout, request=0bff853f-e43c-4347-b3e4-d8621042c42b->6af1a5bd-f075-405e-b6a5-6d145eedd789#70-t7, previous=(t:7, i:19), leaderCommit=19, initializing? false, entries: <empty>
2019-10-15 16:30:04,154 [java.util.concurrent.ThreadPoolExecutor$Worker@6e96881a[State = -1, empty queue]] WARN  server.GrpcLogAppender (GrpcLogAppender.java:timeoutAppendRequest(209)) - 0bff853f-e43c-4347-b3e4-d8621042c42b@group-AF37DB7271F3->6af1a5bd-f075-405e-b6a5-6d145eedd789-GrpcLogAppender: appendEntries Timeout, request=0bff853f-e43c-4347-b3e4-d8621042c42b->6af1a5bd-f075-405e-b6a5-6d145eedd789#71-t7, previous=(t:7, i:19), leaderCommit=19, initializing? false, entries: <empty>
2019-10-15 16:30:04,396 [Thread-1764] INFO  impl.FollowerState (FollowerState.java:run(108)) - 24ee8ff7-dd07-49e6-bbcb-bb50ff0e8e36@group-F2FE1ED60945-FollowerState: change to CANDIDATE, lastRpcTime:1117ms, electionTimeout:1117ms
2019-10-15 16:30:04,396 [Thread-1764] INFO  impl.RoleInfo (RoleInfo.java:shutdownFollowerState(121)) - 24ee8ff7-dd07-49e6-bbcb-bb50ff0e8e36: shutdown FollowerState
2019-10-15 16:30:04,396 [Thread-1764] INFO  impl.RaftServerImpl (RaftServerImpl.java:setRole(184)) - 24ee8ff7-dd07-49e6-bbcb-bb50ff0e8e36@group-F2FE1ED60945: changes role from  FOLLOWER to CANDIDATE at term 12 for changeToCandidate
2019-10-15 16:30:04,396 [Thread-1764] INFO  impl.RoleInfo (RoleInfo.java:updateAndGet(143)) - 24ee8ff7-dd07-49e6-bbcb-bb50ff0e8e36: start LeaderElection
2019-10-15 16:30:04,420 [24ee8ff7-dd07-49e6-bbcb-bb50ff0e8e36@group-F2FE1ED60945-LeaderElection203] INFO  impl.LeaderElection (LeaderElection.java:askForVotes(178)) - 24ee8ff7-dd07-49e6-bbcb-bb50ff0e8e36@group-F2FE1ED60945-LeaderElection203: begin an election at term 13 for 0: [c48d8dfa-9e66-4eac-9ff2-02281a99dfa9:192.168.164.239:41652, cccd55fe-f481-4e2b-93ed-b6a86d13c378:192.168.164.239:35771, 24ee8ff7-dd07-49e6-bbcb-bb50ff0e8e36:192.168.164.239:45096], old=null
2019-10-15 16:30:04,421 [24ee8ff7-dd07-49e6-bbcb-bb50ff0e8e36@group-F2FE1ED60945-LeaderElection203] INFO  impl.LeaderElection (LogUtils.java:infoOrTrace(149)) - 24ee8ff7-dd07-49e6-bbcb-bb50ff0e8e36@group-F2FE1ED60945-LeaderElection203 got exception when requesting votes: {}
java.util.concurrent.ExecutionException: org.apache.ratis.thirdparty.io.grpc.StatusRuntimeException: UNAVAILABLE: io exception
	at java.util.concurrent.FutureTask.report(FutureTask.java:122)
	at java.util.concurrent.FutureTask.get(FutureTask.java:192)
	at org.apache.ratis.server.impl.LeaderElection.waitForResults(LeaderElection.java:259)
	at org.apache.ratis.server.impl.LeaderElection.askForVotes(LeaderElection.java:197)
	at org.apache.ratis.server.impl.LeaderElection.run(LeaderElection.java:133)
	at java.lang.Thread.run(Thread.java:748)
Caused by: org.apache.ratis.thirdparty.io.grpc.StatusRuntimeException: UNAVAILABLE: io exception
	at org.apache.ratis.thirdparty.io.grpc.stub.ClientCalls.toStatusRuntimeException(ClientCalls.java:233)
	at org.apache.ratis.thirdparty.io.grpc.stub.ClientCalls.getUnchecked(ClientCalls.java:214)
	at org.apache.ratis.thirdparty.io.grpc.stub.ClientCalls.blockingUnaryCall(ClientCalls.java:139)
	at org.apache.ratis.proto.grpc.RaftServerProtocolServiceGrpc$RaftServerProtocolServiceBlockingStub.requestVote(RaftServerProtocolServiceGrpc.java:265)
	at org.apache.ratis.grpc.server.GrpcServerProtocolClient.requestVote(GrpcServerProtocolClient.java:99)
	at org.apache.ratis.grpc.server.GrpcService.requestVote(GrpcService.java:204)
	at org.apache.ratis.server.impl.LeaderElection.lambda$submitRequests$1(LeaderElection.java:234)
	at java.util.concurrent.FutureTask.run(FutureTask.java:266)
	at java.util.concurrent.Executors$RunnableAdapter.call(Executors.java:511)
	at java.util.concurrent.FutureTask.run(FutureTask.java:266)
	at java.util.concurrent.ThreadPoolExecutor.runWorker(ThreadPoolExecutor.java:1149)
	at java.util.concurrent.ThreadPoolExecutor$Worker.run(ThreadPoolExecutor.java:624)
	... 1 more
Caused by: org.apache.ratis.thirdparty.io.netty.channel.AbstractChannel$AnnotatedConnectException: Connection refused: /192.168.164.239:41652
	at sun.nio.ch.SocketChannelImpl.checkConnect(Native Method)
	at sun.nio.ch.SocketChannelImpl.finishConnect(SocketChannelImpl.java:717)
	at org.apache.ratis.thirdparty.io.netty.channel.socket.nio.NioSocketChannel.doFinishConnect(NioSocketChannel.java:327)
	at org.apache.ratis.thirdparty.io.netty.channel.nio.AbstractNioChannel$AbstractNioUnsafe.finishConnect(AbstractNioChannel.java:340)
	at org.apache.ratis.thirdparty.io.netty.channel.nio.NioEventLoop.processSelectedKey(NioEventLoop.java:632)
	at org.apache.ratis.thirdparty.io.netty.channel.nio.NioEventLoop.processSelectedKeysOptimized(NioEventLoop.java:579)
	at org.apache.ratis.thirdparty.io.netty.channel.nio.NioEventLoop.processSelectedKeys(NioEventLoop.java:496)
	at org.apache.ratis.thirdparty.io.netty.channel.nio.NioEventLoop.run(NioEventLoop.java:458)
	at org.apache.ratis.thirdparty.io.netty.util.concurrent.SingleThreadEventExecutor$5.run(SingleThreadEventExecutor.java:897)
	at org.apache.ratis.thirdparty.io.netty.util.concurrent.FastThreadLocalRunnable.run(FastThreadLocalRunnable.java:30)
	... 1 more
Caused by: java.net.ConnectException: Connection refused
	... 11 more
2019-10-15 16:30:04,421 [24ee8ff7-dd07-49e6-bbcb-bb50ff0e8e36@group-F2FE1ED60945-LeaderElection203] INFO  impl.LeaderElection (LogUtils.java:infoOrTrace(149)) - 24ee8ff7-dd07-49e6-bbcb-bb50ff0e8e36@group-F2FE1ED60945-LeaderElection203 got exception when requesting votes: {}
java.util.concurrent.ExecutionException: org.apache.ratis.thirdparty.io.grpc.StatusRuntimeException: UNAVAILABLE: io exception
	at java.util.concurrent.FutureTask.report(FutureTask.java:122)
	at java.util.concurrent.FutureTask.get(FutureTask.java:192)
	at org.apache.ratis.server.impl.LeaderElection.waitForResults(LeaderElection.java:259)
	at org.apache.ratis.server.impl.LeaderElection.askForVotes(LeaderElection.java:197)
	at org.apache.ratis.server.impl.LeaderElection.run(LeaderElection.java:133)
	at java.lang.Thread.run(Thread.java:748)
Caused by: org.apache.ratis.thirdparty.io.grpc.StatusRuntimeException: UNAVAILABLE: io exception
	at org.apache.ratis.thirdparty.io.grpc.stub.ClientCalls.toStatusRuntimeException(ClientCalls.java:233)
	at org.apache.ratis.thirdparty.io.grpc.stub.ClientCalls.getUnchecked(ClientCalls.java:214)
	at org.apache.ratis.thirdparty.io.grpc.stub.ClientCalls.blockingUnaryCall(ClientCalls.java:139)
	at org.apache.ratis.proto.grpc.RaftServerProtocolServiceGrpc$RaftServerProtocolServiceBlockingStub.requestVote(RaftServerProtocolServiceGrpc.java:265)
	at org.apache.ratis.grpc.server.GrpcServerProtocolClient.requestVote(GrpcServerProtocolClient.java:99)
	at org.apache.ratis.grpc.server.GrpcService.requestVote(GrpcService.java:204)
	at org.apache.ratis.server.impl.LeaderElection.lambda$submitRequests$1(LeaderElection.java:234)
	at java.util.concurrent.FutureTask.run(FutureTask.java:266)
	at java.util.concurrent.Executors$RunnableAdapter.call(Executors.java:511)
	at java.util.concurrent.FutureTask.run(FutureTask.java:266)
	at java.util.concurrent.ThreadPoolExecutor.runWorker(ThreadPoolExecutor.java:1149)
	at java.util.concurrent.ThreadPoolExecutor$Worker.run(ThreadPoolExecutor.java:624)
	... 1 more
Caused by: org.apache.ratis.thirdparty.io.netty.channel.AbstractChannel$AnnotatedConnectException: Connection refused: /192.168.164.239:35771
	at sun.nio.ch.SocketChannelImpl.checkConnect(Native Method)
	at sun.nio.ch.SocketChannelImpl.finishConnect(SocketChannelImpl.java:717)
	at org.apache.ratis.thirdparty.io.netty.channel.socket.nio.NioSocketChannel.doFinishConnect(NioSocketChannel.java:327)
	at org.apache.ratis.thirdparty.io.netty.channel.nio.AbstractNioChannel$AbstractNioUnsafe.finishConnect(AbstractNioChannel.java:340)
	at org.apache.ratis.thirdparty.io.netty.channel.nio.NioEventLoop.processSelectedKey(NioEventLoop.java:632)
	at org.apache.ratis.thirdparty.io.netty.channel.nio.NioEventLoop.processSelectedKeysOptimized(NioEventLoop.java:579)
	at org.apache.ratis.thirdparty.io.netty.channel.nio.NioEventLoop.processSelectedKeys(NioEventLoop.java:496)
	at org.apache.ratis.thirdparty.io.netty.channel.nio.NioEventLoop.run(NioEventLoop.java:458)
	at org.apache.ratis.thirdparty.io.netty.util.concurrent.SingleThreadEventExecutor$5.run(SingleThreadEventExecutor.java:897)
	at org.apache.ratis.thirdparty.io.netty.util.concurrent.FastThreadLocalRunnable.run(FastThreadLocalRunnable.java:30)
	... 1 more
Caused by: java.net.ConnectException: Connection refused
	... 11 more
2019-10-15 16:30:04,422 [24ee8ff7-dd07-49e6-bbcb-bb50ff0e8e36@group-F2FE1ED60945-LeaderElection203] INFO  impl.LeaderElection (LeaderElection.java:logAndReturn(56)) - 24ee8ff7-dd07-49e6-bbcb-bb50ff0e8e36@group-F2FE1ED60945-LeaderElection203: Election REJECTED; received 0 response(s) [] and 2 exception(s); 24ee8ff7-dd07-49e6-bbcb-bb50ff0e8e36@group-F2FE1ED60945:t13, leader=null, voted=24ee8ff7-dd07-49e6-bbcb-bb50ff0e8e36, raftlog=24ee8ff7-dd07-49e6-bbcb-bb50ff0e8e36@group-F2FE1ED60945-SegmentedRaftLog:OPENED:c0,f0,i0, conf=0: [c48d8dfa-9e66-4eac-9ff2-02281a99dfa9:192.168.164.239:41652, cccd55fe-f481-4e2b-93ed-b6a86d13c378:192.168.164.239:35771, 24ee8ff7-dd07-49e6-bbcb-bb50ff0e8e36:192.168.164.239:45096], old=null
2019-10-15 16:30:04,422 [24ee8ff7-dd07-49e6-bbcb-bb50ff0e8e36@group-F2FE1ED60945-LeaderElection203] INFO  impl.LeaderElection (LogUtils.java:infoOrTrace(149)) -   Exception 0: {}
java.util.concurrent.ExecutionException: org.apache.ratis.thirdparty.io.grpc.StatusRuntimeException: UNAVAILABLE: io exception
	at java.util.concurrent.FutureTask.report(FutureTask.java:122)
	at java.util.concurrent.FutureTask.get(FutureTask.java:192)
	at org.apache.ratis.server.impl.LeaderElection.waitForResults(LeaderElection.java:259)
	at org.apache.ratis.server.impl.LeaderElection.askForVotes(LeaderElection.java:197)
	at org.apache.ratis.server.impl.LeaderElection.run(LeaderElection.java:133)
	at java.lang.Thread.run(Thread.java:748)
Caused by: org.apache.ratis.thirdparty.io.grpc.StatusRuntimeException: UNAVAILABLE: io exception
	at org.apache.ratis.thirdparty.io.grpc.stub.ClientCalls.toStatusRuntimeException(ClientCalls.java:233)
	at org.apache.ratis.thirdparty.io.grpc.stub.ClientCalls.getUnchecked(ClientCalls.java:214)
	at org.apache.ratis.thirdparty.io.grpc.stub.ClientCalls.blockingUnaryCall(ClientCalls.java:139)
	at org.apache.ratis.proto.grpc.RaftServerProtocolServiceGrpc$RaftServerProtocolServiceBlockingStub.requestVote(RaftServerProtocolServiceGrpc.java:265)
	at org.apache.ratis.grpc.server.GrpcServerProtocolClient.requestVote(GrpcServerProtocolClient.java:99)
	at org.apache.ratis.grpc.server.GrpcService.requestVote(GrpcService.java:204)
	at org.apache.ratis.server.impl.LeaderElection.lambda$submitRequests$1(LeaderElection.java:234)
	at java.util.concurrent.FutureTask.run(FutureTask.java:266)
	at java.util.concurrent.Executors$RunnableAdapter.call(Executors.java:511)
	at java.util.concurrent.FutureTask.run(FutureTask.java:266)
	at java.util.concurrent.ThreadPoolExecutor.runWorker(ThreadPoolExecutor.java:1149)
	at java.util.concurrent.ThreadPoolExecutor$Worker.run(ThreadPoolExecutor.java:624)
	... 1 more
Caused by: org.apache.ratis.thirdparty.io.netty.channel.AbstractChannel$AnnotatedConnectException: Connection refused: /192.168.164.239:41652
	at sun.nio.ch.SocketChannelImpl.checkConnect(Native Method)
	at sun.nio.ch.SocketChannelImpl.finishConnect(SocketChannelImpl.java:717)
	at org.apache.ratis.thirdparty.io.netty.channel.socket.nio.NioSocketChannel.doFinishConnect(NioSocketChannel.java:327)
	at org.apache.ratis.thirdparty.io.netty.channel.nio.AbstractNioChannel$AbstractNioUnsafe.finishConnect(AbstractNioChannel.java:340)
	at org.apache.ratis.thirdparty.io.netty.channel.nio.NioEventLoop.processSelectedKey(NioEventLoop.java:632)
	at org.apache.ratis.thirdparty.io.netty.channel.nio.NioEventLoop.processSelectedKeysOptimized(NioEventLoop.java:579)
	at org.apache.ratis.thirdparty.io.netty.channel.nio.NioEventLoop.processSelectedKeys(NioEventLoop.java:496)
	at org.apache.ratis.thirdparty.io.netty.channel.nio.NioEventLoop.run(NioEventLoop.java:458)
	at org.apache.ratis.thirdparty.io.netty.util.concurrent.SingleThreadEventExecutor$5.run(SingleThreadEventExecutor.java:897)
	at org.apache.ratis.thirdparty.io.netty.util.concurrent.FastThreadLocalRunnable.run(FastThreadLocalRunnable.java:30)
	... 1 more
Caused by: java.net.ConnectException: Connection refused
	... 11 more
2019-10-15 16:30:04,422 [24ee8ff7-dd07-49e6-bbcb-bb50ff0e8e36@group-F2FE1ED60945-LeaderElection203] INFO  impl.LeaderElection (LogUtils.java:infoOrTrace(149)) -   Exception 1: {}
java.util.concurrent.ExecutionException: org.apache.ratis.thirdparty.io.grpc.StatusRuntimeException: UNAVAILABLE: io exception
	at java.util.concurrent.FutureTask.report(FutureTask.java:122)
	at java.util.concurrent.FutureTask.get(FutureTask.java:192)
	at org.apache.ratis.server.impl.LeaderElection.waitForResults(LeaderElection.java:259)
	at org.apache.ratis.server.impl.LeaderElection.askForVotes(LeaderElection.java:197)
	at org.apache.ratis.server.impl.LeaderElection.run(LeaderElection.java:133)
	at java.lang.Thread.run(Thread.java:748)
Caused by: org.apache.ratis.thirdparty.io.grpc.StatusRuntimeException: UNAVAILABLE: io exception
	at org.apache.ratis.thirdparty.io.grpc.stub.ClientCalls.toStatusRuntimeException(ClientCalls.java:233)
	at org.apache.ratis.thirdparty.io.grpc.stub.ClientCalls.getUnchecked(ClientCalls.java:214)
	at org.apache.ratis.thirdparty.io.grpc.stub.ClientCalls.blockingUnaryCall(ClientCalls.java:139)
	at org.apache.ratis.proto.grpc.RaftServerProtocolServiceGrpc$RaftServerProtocolServiceBlockingStub.requestVote(RaftServerProtocolServiceGrpc.java:265)
	at org.apache.ratis.grpc.server.GrpcServerProtocolClient.requestVote(GrpcServerProtocolClient.java:99)
	at org.apache.ratis.grpc.server.GrpcService.requestVote(GrpcService.java:204)
	at org.apache.ratis.server.impl.LeaderElection.lambda$submitRequests$1(LeaderElection.java:234)
	at java.util.concurrent.FutureTask.run(FutureTask.java:266)
	at java.util.concurrent.Executors$RunnableAdapter.call(Executors.java:511)
	at java.util.concurrent.FutureTask.run(FutureTask.java:266)
	at java.util.concurrent.ThreadPoolExecutor.runWorker(ThreadPoolExecutor.java:1149)
	at java.util.concurrent.ThreadPoolExecutor$Worker.run(ThreadPoolExecutor.java:624)
	... 1 more
Caused by: org.apache.ratis.thirdparty.io.netty.channel.AbstractChannel$AnnotatedConnectException: Connection refused: /192.168.164.239:35771
	at sun.nio.ch.SocketChannelImpl.checkConnect(Native Method)
	at sun.nio.ch.SocketChannelImpl.finishConnect(SocketChannelImpl.java:717)
	at org.apache.ratis.thirdparty.io.netty.channel.socket.nio.NioSocketChannel.doFinishConnect(NioSocketChannel.java:327)
	at org.apache.ratis.thirdparty.io.netty.channel.nio.AbstractNioChannel$AbstractNioUnsafe.finishConnect(AbstractNioChannel.java:340)
	at org.apache.ratis.thirdparty.io.netty.channel.nio.NioEventLoop.processSelectedKey(NioEventLoop.java:632)
	at org.apache.ratis.thirdparty.io.netty.channel.nio.NioEventLoop.processSelectedKeysOptimized(NioEventLoop.java:579)
	at org.apache.ratis.thirdparty.io.netty.channel.nio.NioEventLoop.processSelectedKeys(NioEventLoop.java:496)
	at org.apache.ratis.thirdparty.io.netty.channel.nio.NioEventLoop.run(NioEventLoop.java:458)
	at org.apache.ratis.thirdparty.io.netty.util.concurrent.SingleThreadEventExecutor$5.run(SingleThreadEventExecutor.java:897)
	at org.apache.ratis.thirdparty.io.netty.util.concurrent.FastThreadLocalRunnable.run(FastThreadLocalRunnable.java:30)
	... 1 more
Caused by: java.net.ConnectException: Connection refused
	... 11 more
2019-10-15 16:30:04,422 [24ee8ff7-dd07-49e6-bbcb-bb50ff0e8e36@group-F2FE1ED60945-LeaderElection203] INFO  impl.RaftServerImpl (RaftServerImpl.java:setRole(184)) - 24ee8ff7-dd07-49e6-bbcb-bb50ff0e8e36@group-F2FE1ED60945: changes role from CANDIDATE to FOLLOWER at term 13 for DISCOVERED_A_NEW_TERM
2019-10-15 16:30:04,422 [24ee8ff7-dd07-49e6-bbcb-bb50ff0e8e36@group-F2FE1ED60945-LeaderElection203] INFO  impl.RoleInfo (RoleInfo.java:shutdownLeaderElection(134)) - 24ee8ff7-dd07-49e6-bbcb-bb50ff0e8e36: shutdown LeaderElection
2019-10-15 16:30:04,422 [24ee8ff7-dd07-49e6-bbcb-bb50ff0e8e36@group-F2FE1ED60945-LeaderElection203] INFO  impl.RoleInfo (RoleInfo.java:updateAndGet(143)) - 24ee8ff7-dd07-49e6-bbcb-bb50ff0e8e36: start FollowerState
2019-10-15 16:30:04,654 [java.util.concurrent.ThreadPoolExecutor$Worker@6e96881a[State = -1, empty queue]] WARN  server.GrpcLogAppender (GrpcLogAppender.java:timeoutAppendRequest(209)) - 0bff853f-e43c-4347-b3e4-d8621042c42b@group-AF37DB7271F3->6af1a5bd-f075-405e-b6a5-6d145eedd789-GrpcLogAppender: appendEntries Timeout, request=0bff853f-e43c-4347-b3e4-d8621042c42b->6af1a5bd-f075-405e-b6a5-6d145eedd789#72-t7, previous=(t:7, i:19), leaderCommit=19, initializing? false, entries: <empty>
2019-10-15 16:30:05,048 [Datanode State Machine Thread - 0] INFO  statemachine.DatanodeStateMachine (DatanodeStateMachine.java:lambda$startDaemon$0(350)) - Ozone container server started.
2019-10-15 16:30:05,049 [ForkJoinPool.commonPool-worker-0] INFO  ozoneimpl.OzoneContainer (OzoneContainer.java:stop(227)) - Attempting to stop container services.
2019-10-15 16:30:05,050 [ForkJoinPool.commonPool-worker-0] INFO  impl.RaftServerProxy (RaftServerProxy.java:lambda$close$4(314)) - b3806c56-f44f-4484-a72b-f9662a6f8cba: close
2019-10-15 16:30:05,050 [ForkJoinPool.commonPool-worker-0] INFO  impl.RaftServerImpl (RaftServerImpl.java:lambda$shutdown$3(261)) - b3806c56-f44f-4484-a72b-f9662a6f8cba@group-E618601C8FD3: shutdown
2019-10-15 16:30:05,050 [ForkJoinPool.commonPool-worker-0] INFO  util.JmxRegister (JmxRegister.java:unregister(73)) - Successfully un-registered JMX Bean with object name Ratis:service=RaftServer,group=group-E618601C8FD3,id=b3806c56-f44f-4484-a72b-f9662a6f8cba
2019-10-15 16:30:05,051 [ForkJoinPool.commonPool-worker-0] INFO  impl.RoleInfo (RoleInfo.java:shutdownLeaderState(104)) - b3806c56-f44f-4484-a72b-f9662a6f8cba: shutdown LeaderState
2019-10-15 16:30:05,051 [ForkJoinPool.commonPool-worker-0] INFO  impl.PendingRequests (PendingRequests.java:sendNotLeaderResponses(202)) - b3806c56-f44f-4484-a72b-f9662a6f8cba@group-E618601C8FD3-PendingRequests: sendNotLeaderResponses
2019-10-15 16:30:05,052 [ForkJoinPool.commonPool-worker-0] INFO  impl.StateMachineUpdater (StateMachineUpdater.java:stopAndJoin(136)) - b3806c56-f44f-4484-a72b-f9662a6f8cba@group-E618601C8FD3-StateMachineUpdater: set stopIndex = 0
2019-10-15 16:30:05,052 [ForkJoinPool.commonPool-worker-0] INFO  impl.RaftServerImpl (ServerState.java:close(388)) - b3806c56-f44f-4484-a72b-f9662a6f8cba@group-E618601C8FD3: closes. applyIndex: 0
2019-10-15 16:30:05,052 [b3806c56-f44f-4484-a72b-f9662a6f8cba@group-E618601C8FD3-SegmentedRaftLogWorker] INFO  segmented.SegmentedRaftLogWorker (SegmentedRaftLogWorker.java:run(316)) - b3806c56-f44f-4484-a72b-f9662a6f8cba@group-E618601C8FD3-SegmentedRaftLogWorker was interrupted, exiting. There are 0 tasks remaining in the queue.
2019-10-15 16:30:05,053 [ForkJoinPool.commonPool-worker-0] INFO  segmented.SegmentedRaftLogWorker (SegmentedRaftLogWorker.java:close(224)) - b3806c56-f44f-4484-a72b-f9662a6f8cba@group-E618601C8FD3-SegmentedRaftLogWorker close()
2019-10-15 16:30:05,054 [ForkJoinPool.commonPool-worker-0] INFO  impl.RaftServerImpl (RaftServerImpl.java:lambda$shutdown$3(261)) - b3806c56-f44f-4484-a72b-f9662a6f8cba@group-AF37DB7271F3: shutdown
2019-10-15 16:30:05,055 [ForkJoinPool.commonPool-worker-0] INFO  util.JmxRegister (JmxRegister.java:unregister(73)) - Successfully un-registered JMX Bean with object name Ratis:service=RaftServer,group=group-AF37DB7271F3,id=b3806c56-f44f-4484-a72b-f9662a6f8cba
2019-10-15 16:30:05,055 [ForkJoinPool.commonPool-worker-0] INFO  impl.RoleInfo (RoleInfo.java:shutdownFollowerState(121)) - b3806c56-f44f-4484-a72b-f9662a6f8cba: shutdown FollowerState
2019-10-15 16:30:05,055 [ForkJoinPool.commonPool-worker-0] INFO  impl.StateMachineUpdater (StateMachineUpdater.java:stopAndJoin(136)) - b3806c56-f44f-4484-a72b-f9662a6f8cba@group-AF37DB7271F3-StateMachineUpdater: set stopIndex = 19
2019-10-15 16:30:05,055 [Thread-489] INFO  impl.FollowerState (FollowerState.java:run(117)) - b3806c56-f44f-4484-a72b-f9662a6f8cba@group-AF37DB7271F3-FollowerState was interrupted: java.lang.InterruptedException: sleep interrupted
2019-10-15 16:30:05,056 [b3806c56-f44f-4484-a72b-f9662a6f8cba@group-AF37DB7271F3-StateMachineUpdater] INFO  ratis.ContainerStateMachine (ContainerStateMachine.java:takeSnapshot(294)) - group-AF37DB7271F3: Taking a snapshot at:(t:7, i:18) file /workdir/hadoop-ozone/integration-test/target/test-dir/MiniOzoneClusterImpl-beab53a1-ec34-46da-8591-07ed803d9383/datanode-0/data/ratis/7a21e33d-5546-44ce-b605-af37db7271f3/sm/snapshot.7_18
2019-10-15 16:30:05,089 [b3806c56-f44f-4484-a72b-f9662a6f8cba@group-AF37DB7271F3-StateMachineUpdater] INFO  ratis.ContainerStateMachine (ContainerStateMachine.java:takeSnapshot(305)) - group-AF37DB7271F3: Finished taking a snapshot at:(t:7, i:18) file:/workdir/hadoop-ozone/integration-test/target/test-dir/MiniOzoneClusterImpl-beab53a1-ec34-46da-8591-07ed803d9383/datanode-0/data/ratis/7a21e33d-5546-44ce-b605-af37db7271f3/sm/snapshot.7_18 time:33
2019-10-15 16:30:05,090 [b3806c56-f44f-4484-a72b-f9662a6f8cba@group-AF37DB7271F3-StateMachineUpdater] INFO  impl.StateMachineUpdater (StateMachineUpdater.java:takeSnapshot(269)) - b3806c56-f44f-4484-a72b-f9662a6f8cba@group-AF37DB7271F3-StateMachineUpdater: Took a snapshot at index 18
2019-10-15 16:30:05,090 [b3806c56-f44f-4484-a72b-f9662a6f8cba@group-AF37DB7271F3-StateMachineUpdater] INFO  impl.StateMachineUpdater (StateMachineUpdater.java:lambda$new$0(84)) - b3806c56-f44f-4484-a72b-f9662a6f8cba@group-AF37DB7271F3-StateMachineUpdater: snapshotIndex: updateIncreasingly -1 -> 18
2019-10-15 16:30:05,090 [b3806c56-f44f-4484-a72b-f9662a6f8cba@group-AF37DB7271F3-StateMachineUpdater] INFO  ratis.ContainerStateMachine (ContainerStateMachine.java:takeSnapshot(294)) - group-AF37DB7271F3: Taking a snapshot at:(t:7, i:18) file /workdir/hadoop-ozone/integration-test/target/test-dir/MiniOzoneClusterImpl-beab53a1-ec34-46da-8591-07ed803d9383/datanode-0/data/ratis/7a21e33d-5546-44ce-b605-af37db7271f3/sm/snapshot.7_18
2019-10-15 16:30:05,104 [b3806c56-f44f-4484-a72b-f9662a6f8cba@group-AF37DB7271F3-StateMachineUpdater] INFO  ratis.ContainerStateMachine (ContainerStateMachine.java:takeSnapshot(305)) - group-AF37DB7271F3: Finished taking a snapshot at:(t:7, i:18) file:/workdir/hadoop-ozone/integration-test/target/test-dir/MiniOzoneClusterImpl-beab53a1-ec34-46da-8591-07ed803d9383/datanode-0/data/ratis/7a21e33d-5546-44ce-b605-af37db7271f3/sm/snapshot.7_18 time:14
2019-10-15 16:30:05,104 [b3806c56-f44f-4484-a72b-f9662a6f8cba@group-AF37DB7271F3-StateMachineUpdater] INFO  impl.StateMachineUpdater (StateMachineUpdater.java:takeSnapshot(269)) - b3806c56-f44f-4484-a72b-f9662a6f8cba@group-AF37DB7271F3-StateMachineUpdater: Took a snapshot at index 18
2019-10-15 16:30:05,104 [b3806c56-f44f-4484-a72b-f9662a6f8cba@group-AF37DB7271F3-StateMachineUpdater] INFO  impl.StateMachineUpdater (StateMachineUpdater.java:lambda$new$0(84)) - b3806c56-f44f-4484-a72b-f9662a6f8cba@group-AF37DB7271F3-StateMachineUpdater: snapshotIndex: updateIncreasingly 18 -> 18
2019-10-15 16:30:05,104 [ForkJoinPool.commonPool-worker-0] INFO  impl.RaftServerImpl (ServerState.java:close(388)) - b3806c56-f44f-4484-a72b-f9662a6f8cba@group-AF37DB7271F3: closes. applyIndex: 19
2019-10-15 16:30:05,105 [b3806c56-f44f-4484-a72b-f9662a6f8cba@group-AF37DB7271F3-SegmentedRaftLogWorker] INFO  segmented.SegmentedRaftLogWorker (SegmentedRaftLogWorker.java:run(316)) - b3806c56-f44f-4484-a72b-f9662a6f8cba@group-AF37DB7271F3-SegmentedRaftLogWorker was interrupted, exiting. There are 0 tasks remaining in the queue.
2019-10-15 16:30:05,106 [ForkJoinPool.commonPool-worker-0] INFO  segmented.SegmentedRaftLogWorker (SegmentedRaftLogWorker.java:close(224)) - b3806c56-f44f-4484-a72b-f9662a6f8cba@group-AF37DB7271F3-SegmentedRaftLogWorker close()
2019-10-15 16:30:05,107 [ForkJoinPool.commonPool-worker-0] INFO  server.GrpcService (GrpcService.java:closeImpl(164)) - b3806c56-f44f-4484-a72b-f9662a6f8cba: shutdown server with port 35315 now
2019-10-15 16:30:05,109 [grpc-default-executor-10] WARN  server.GrpcServerProtocolService (LogUtils.java:warn(134)) - b3806c56-f44f-4484-a72b-f9662a6f8cba: installSnapshot onError, lastRequest: 0bff853f-e43c-4347-b3e4-d8621042c42b->b3806c56-f44f-4484-a72b-f9662a6f8cba#78-t7, previous=(t:7, i:19), leaderCommit=19, initializing? false, entries: <empty>: org.apache.ratis.thirdparty.io.grpc.StatusRuntimeException: CANCELLED: cancelled before receiving half close
2019-10-15 16:30:05,109 [ForkJoinPool.commonPool-worker-0] INFO  server.GrpcService (GrpcService.java:closeImpl(172)) - b3806c56-f44f-4484-a72b-f9662a6f8cba: shutdown server with port 35315 successfully
2019-10-15 16:30:05,109 [grpc-default-executor-11] WARN  server.GrpcLogAppender (LogUtils.java:warn(134)) - 0bff853f-e43c-4347-b3e4-d8621042c42b@group-AF37DB7271F3->b3806c56-f44f-4484-a72b-f9662a6f8cba-AppendLogResponseHandler: Failed appendEntries: org.apache.ratis.thirdparty.io.grpc.StatusRuntimeException: CANCELLED: HTTP/2 error code: CANCEL
Received Rst Stream
2019-10-15 16:30:05,111 [refreshUsed-/workdir/hadoop-ozone/integration-test/target/test-dir/MiniOzoneClusterImpl-beab53a1-ec34-46da-8591-07ed803d9383/datanode-0/data/containers] WARN  fs.CachingGetSpaceUsed (CachingGetSpaceUsed.java:run(183)) - Thread Interrupted waiting to refresh disk information: sleep interrupted
2019-10-15 16:30:05,125 [main] INFO  ozoneimpl.OzoneContainer (OzoneContainer.java:stop(227)) - Attempting to stop container services.
2019-10-15 16:30:05,126 [main] INFO  impl.RaftServerProxy (RaftServerProxy.java:lambda$close$4(314)) - ad489b75-c750-46bb-a6b1-c18f7705b7c2: close
2019-10-15 16:30:05,126 [main] INFO  impl.RaftServerImpl (RaftServerImpl.java:lambda$shutdown$3(261)) - ad489b75-c750-46bb-a6b1-c18f7705b7c2@group-FAE2CD9ED63A: shutdown
2019-10-15 16:30:05,126 [main] INFO  util.JmxRegister (JmxRegister.java:unregister(73)) - Successfully un-registered JMX Bean with object name Ratis:service=RaftServer,group=group-FAE2CD9ED63A,id=ad489b75-c750-46bb-a6b1-c18f7705b7c2
2019-10-15 16:30:05,127 [main] INFO  impl.RoleInfo (RoleInfo.java:shutdownLeaderState(104)) - ad489b75-c750-46bb-a6b1-c18f7705b7c2: shutdown LeaderState
2019-10-15 16:30:05,127 [main] INFO  impl.PendingRequests (PendingRequests.java:sendNotLeaderResponses(202)) - ad489b75-c750-46bb-a6b1-c18f7705b7c2@group-FAE2CD9ED63A-PendingRequests: sendNotLeaderResponses
2019-10-15 16:30:05,127 [main] INFO  impl.StateMachineUpdater (StateMachineUpdater.java:stopAndJoin(136)) - ad489b75-c750-46bb-a6b1-c18f7705b7c2@group-FAE2CD9ED63A-StateMachineUpdater: set stopIndex = 0
2019-10-15 16:30:05,128 [main] INFO  impl.RaftServerImpl (ServerState.java:close(388)) - ad489b75-c750-46bb-a6b1-c18f7705b7c2@group-FAE2CD9ED63A: closes. applyIndex: 0
2019-10-15 16:30:05,129 [ad489b75-c750-46bb-a6b1-c18f7705b7c2@group-FAE2CD9ED63A-SegmentedRaftLogWorker] INFO  segmented.SegmentedRaftLogWorker (SegmentedRaftLogWorker.java:run(316)) - ad489b75-c750-46bb-a6b1-c18f7705b7c2@group-FAE2CD9ED63A-SegmentedRaftLogWorker was interrupted, exiting. There are 0 tasks remaining in the queue.
2019-10-15 16:30:05,129 [main] INFO  segmented.SegmentedRaftLogWorker (SegmentedRaftLogWorker.java:close(224)) - ad489b75-c750-46bb-a6b1-c18f7705b7c2@group-FAE2CD9ED63A-SegmentedRaftLogWorker close()
2019-10-15 16:30:05,130 [main] INFO  server.GrpcService (GrpcService.java:closeImpl(164)) - ad489b75-c750-46bb-a6b1-c18f7705b7c2: shutdown server with port 37012 now
2019-10-15 16:30:05,132 [main] INFO  server.GrpcService (GrpcService.java:closeImpl(172)) - ad489b75-c750-46bb-a6b1-c18f7705b7c2: shutdown server with port 37012 successfully
2019-10-15 16:30:05,134 [refreshUsed-/workdir/hadoop-ozone/integration-test/target/test-dir/MiniOzoneClusterImpl-beab53a1-ec34-46da-8591-07ed803d9383/datanode-9/data/containers] WARN  fs.CachingGetSpaceUsed (CachingGetSpaceUsed.java:run(183)) - Thread Interrupted waiting to refresh disk information: sleep interrupted
2019-10-15 16:30:05,136 [ForkJoinPool.commonPool-worker-0] INFO  utils.BackgroundService (BackgroundService.java:shutdown(151)) - Shutting down service BlockDeletingService
2019-10-15 16:30:05,140 [ForkJoinPool.commonPool-worker-0] INFO  statemachine.DatanodeStateMachine (DatanodeStateMachine.java:stopDaemon(395)) - Ozone container server stopped.
2019-10-15 16:30:05,147 [ForkJoinPool.commonPool-worker-0] INFO  handler.ContextHandler (ContextHandler.java:doStop(910)) - Stopped o.e.j.w.WebAppContext@61cd1c71{/,null,UNAVAILABLE}{/hddsDatanode}
2019-10-15 16:30:05,147 [ForkJoinPool.commonPool-worker-0] INFO  server.AbstractConnector (AbstractConnector.java:doStop(318)) - Stopped ServerConnector@6724cdec{HTTP/1.1,[http/1.1]}{0.0.0.0:0}
2019-10-15 16:30:05,149 [ForkJoinPool.commonPool-worker-0] INFO  handler.ContextHandler (ContextHandler.java:doStop(910)) - Stopped o.e.j.s.ServletContextHandler@13d9261f{/static,jar:file:/home/user/.m2/repository/org/apache/hadoop/hadoop-hdds-container-service/0.5.0-SNAPSHOT/hadoop-hdds-container-service-0.5.0-SNAPSHOT.jar!/webapps/static,UNAVAILABLE}
2019-10-15 16:30:05,150 [ForkJoinPool.commonPool-worker-0] INFO  handler.ContextHandler (ContextHandler.java:doStop(910)) - Stopped o.e.j.s.ServletContextHandler@644ded04{/logs,file:///workdir/hadoop-ozone/integration-test/target/log,UNAVAILABLE}
2019-10-15 16:30:05,155 [java.util.concurrent.ThreadPoolExecutor$Worker@6e96881a[State = -1, empty queue]] WARN  server.GrpcLogAppender (GrpcLogAppender.java:timeoutAppendRequest(209)) - 0bff853f-e43c-4347-b3e4-d8621042c42b@group-AF37DB7271F3->6af1a5bd-f075-405e-b6a5-6d145eedd789-GrpcLogAppender: appendEntries Timeout, request=0bff853f-e43c-4347-b3e4-d8621042c42b->6af1a5bd-f075-405e-b6a5-6d145eedd789#73-t7, previous=(t:7, i:19), leaderCommit=19, initializing? false, entries: <empty>
2019-10-15 16:30:05,157 [main] INFO  utils.BackgroundService (BackgroundService.java:shutdown(151)) - Shutting down service BlockDeletingService
2019-10-15 16:30:05,160 [main] INFO  statemachine.DatanodeStateMachine (DatanodeStateMachine.java:stopDaemon(395)) - Ozone container server stopped.
2019-10-15 16:30:05,160 [main] INFO  handler.ContextHandler (ContextHandler.java:doStop(910)) - Stopped o.e.j.w.WebAppContext@10c72a6f{/,null,UNAVAILABLE}{/hddsDatanode}
2019-10-15 16:30:05,161 [main] INFO  server.AbstractConnector (AbstractConnector.java:doStop(318)) - Stopped ServerConnector@70e94ecb{HTTP/1.1,[http/1.1]}{0.0.0.0:0}
2019-10-15 16:30:05,161 [main] INFO  handler.ContextHandler (ContextHandler.java:doStop(910)) - Stopped o.e.j.s.ServletContextHandler@19a64eae{/static,jar:file:/home/user/.m2/repository/org/apache/hadoop/hadoop-hdds-container-service/0.5.0-SNAPSHOT/hadoop-hdds-container-service-0.5.0-SNAPSHOT.jar!/webapps/static,UNAVAILABLE}
2019-10-15 16:30:05,162 [main] INFO  handler.ContextHandler (ContextHandler.java:doStop(910)) - Stopped o.e.j.s.ServletContextHandler@6cbd0674{/logs,file:///workdir/hadoop-ozone/integration-test/target/log,UNAVAILABLE}
2019-10-15 16:30:05,604 [Thread-1770] INFO  impl.FollowerState (FollowerState.java:run(108)) - 24ee8ff7-dd07-49e6-bbcb-bb50ff0e8e36@group-F2FE1ED60945-FollowerState: change to CANDIDATE, lastRpcTime:1181ms, electionTimeout:1181ms
2019-10-15 16:30:05,604 [Thread-1770] INFO  impl.RoleInfo (RoleInfo.java:shutdownFollowerState(121)) - 24ee8ff7-dd07-49e6-bbcb-bb50ff0e8e36: shutdown FollowerState
2019-10-15 16:30:05,604 [Thread-1770] INFO  impl.RaftServerImpl (RaftServerImpl.java:setRole(184)) - 24ee8ff7-dd07-49e6-bbcb-bb50ff0e8e36@group-F2FE1ED60945: changes role from  FOLLOWER to CANDIDATE at term 13 for changeToCandidate
2019-10-15 16:30:05,605 [Thread-1770] INFO  impl.RoleInfo (RoleInfo.java:updateAndGet(143)) - 24ee8ff7-dd07-49e6-bbcb-bb50ff0e8e36: start LeaderElection
2019-10-15 16:30:05,629 [24ee8ff7-dd07-49e6-bbcb-bb50ff0e8e36@group-F2FE1ED60945-LeaderElection204] INFO  impl.LeaderElection (LeaderElection.java:askForVotes(178)) - 24ee8ff7-dd07-49e6-bbcb-bb50ff0e8e36@group-F2FE1ED60945-LeaderElection204: begin an election at term 14 for 0: [c48d8dfa-9e66-4eac-9ff2-02281a99dfa9:192.168.164.239:41652, cccd55fe-f481-4e2b-93ed-b6a86d13c378:192.168.164.239:35771, 24ee8ff7-dd07-49e6-bbcb-bb50ff0e8e36:192.168.164.239:45096], old=null
2019-10-15 16:30:05,630 [24ee8ff7-dd07-49e6-bbcb-bb50ff0e8e36@group-F2FE1ED60945-LeaderElection204] INFO  impl.LeaderElection (LogUtils.java:infoOrTrace(149)) - 24ee8ff7-dd07-49e6-bbcb-bb50ff0e8e36@group-F2FE1ED60945-LeaderElection204 got exception when requesting votes: {}
java.util.concurrent.ExecutionException: org.apache.ratis.thirdparty.io.grpc.StatusRuntimeException: UNAVAILABLE: io exception
	at java.util.concurrent.FutureTask.report(FutureTask.java:122)
	at java.util.concurrent.FutureTask.get(FutureTask.java:192)
	at org.apache.ratis.server.impl.LeaderElection.waitForResults(LeaderElection.java:259)
	at org.apache.ratis.server.impl.LeaderElection.askForVotes(LeaderElection.java:197)
	at org.apache.ratis.server.impl.LeaderElection.run(LeaderElection.java:133)
	at java.lang.Thread.run(Thread.java:748)
Caused by: org.apache.ratis.thirdparty.io.grpc.StatusRuntimeException: UNAVAILABLE: io exception
	at org.apache.ratis.thirdparty.io.grpc.stub.ClientCalls.toStatusRuntimeException(ClientCalls.java:233)
	at org.apache.ratis.thirdparty.io.grpc.stub.ClientCalls.getUnchecked(ClientCalls.java:214)
	at org.apache.ratis.thirdparty.io.grpc.stub.ClientCalls.blockingUnaryCall(ClientCalls.java:139)
	at org.apache.ratis.proto.grpc.RaftServerProtocolServiceGrpc$RaftServerProtocolServiceBlockingStub.requestVote(RaftServerProtocolServiceGrpc.java:265)
	at org.apache.ratis.grpc.server.GrpcServerProtocolClient.requestVote(GrpcServerProtocolClient.java:99)
	at org.apache.ratis.grpc.server.GrpcService.requestVote(GrpcService.java:204)
	at org.apache.ratis.server.impl.LeaderElection.lambda$submitRequests$1(LeaderElection.java:234)
	at java.util.concurrent.FutureTask.run(FutureTask.java:266)
	at java.util.concurrent.Executors$RunnableAdapter.call(Executors.java:511)
	at java.util.concurrent.FutureTask.run(FutureTask.java:266)
	at java.util.concurrent.ThreadPoolExecutor.runWorker(ThreadPoolExecutor.java:1149)
	at java.util.concurrent.ThreadPoolExecutor$Worker.run(ThreadPoolExecutor.java:624)
	... 1 more
Caused by: org.apache.ratis.thirdparty.io.netty.channel.AbstractChannel$AnnotatedConnectException: Connection refused: /192.168.164.239:41652
	at sun.nio.ch.SocketChannelImpl.checkConnect(Native Method)
	at sun.nio.ch.SocketChannelImpl.finishConnect(SocketChannelImpl.java:717)
	at org.apache.ratis.thirdparty.io.netty.channel.socket.nio.NioSocketChannel.doFinishConnect(NioSocketChannel.java:327)
	at org.apache.ratis.thirdparty.io.netty.channel.nio.AbstractNioChannel$AbstractNioUnsafe.finishConnect(AbstractNioChannel.java:340)
	at org.apache.ratis.thirdparty.io.netty.channel.nio.NioEventLoop.processSelectedKey(NioEventLoop.java:632)
	at org.apache.ratis.thirdparty.io.netty.channel.nio.NioEventLoop.processSelectedKeysOptimized(NioEventLoop.java:579)
	at org.apache.ratis.thirdparty.io.netty.channel.nio.NioEventLoop.processSelectedKeys(NioEventLoop.java:496)
	at org.apache.ratis.thirdparty.io.netty.channel.nio.NioEventLoop.run(NioEventLoop.java:458)
	at org.apache.ratis.thirdparty.io.netty.util.concurrent.SingleThreadEventExecutor$5.run(SingleThreadEventExecutor.java:897)
	at org.apache.ratis.thirdparty.io.netty.util.concurrent.FastThreadLocalRunnable.run(FastThreadLocalRunnable.java:30)
	... 1 more
Caused by: java.net.ConnectException: Connection refused
	... 11 more
2019-10-15 16:30:05,630 [24ee8ff7-dd07-49e6-bbcb-bb50ff0e8e36@group-F2FE1ED60945-LeaderElection204] INFO  impl.LeaderElection (LogUtils.java:infoOrTrace(149)) - 24ee8ff7-dd07-49e6-bbcb-bb50ff0e8e36@group-F2FE1ED60945-LeaderElection204 got exception when requesting votes: {}
java.util.concurrent.ExecutionException: org.apache.ratis.thirdparty.io.grpc.StatusRuntimeException: UNAVAILABLE: io exception
	at java.util.concurrent.FutureTask.report(FutureTask.java:122)
	at java.util.concurrent.FutureTask.get(FutureTask.java:192)
	at org.apache.ratis.server.impl.LeaderElection.waitForResults(LeaderElection.java:259)
	at org.apache.ratis.server.impl.LeaderElection.askForVotes(LeaderElection.java:197)
	at org.apache.ratis.server.impl.LeaderElection.run(LeaderElection.java:133)
	at java.lang.Thread.run(Thread.java:748)
Caused by: org.apache.ratis.thirdparty.io.grpc.StatusRuntimeException: UNAVAILABLE: io exception
	at org.apache.ratis.thirdparty.io.grpc.stub.ClientCalls.toStatusRuntimeException(ClientCalls.java:233)
	at org.apache.ratis.thirdparty.io.grpc.stub.ClientCalls.getUnchecked(ClientCalls.java:214)
	at org.apache.ratis.thirdparty.io.grpc.stub.ClientCalls.blockingUnaryCall(ClientCalls.java:139)
	at org.apache.ratis.proto.grpc.RaftServerProtocolServiceGrpc$RaftServerProtocolServiceBlockingStub.requestVote(RaftServerProtocolServiceGrpc.java:265)
	at org.apache.ratis.grpc.server.GrpcServerProtocolClient.requestVote(GrpcServerProtocolClient.java:99)
	at org.apache.ratis.grpc.server.GrpcService.requestVote(GrpcService.java:204)
	at org.apache.ratis.server.impl.LeaderElection.lambda$submitRequests$1(LeaderElection.java:234)
	at java.util.concurrent.FutureTask.run(FutureTask.java:266)
	at java.util.concurrent.Executors$RunnableAdapter.call(Executors.java:511)
	at java.util.concurrent.FutureTask.run(FutureTask.java:266)
	at java.util.concurrent.ThreadPoolExecutor.runWorker(ThreadPoolExecutor.java:1149)
	at java.util.concurrent.ThreadPoolExecutor$Worker.run(ThreadPoolExecutor.java:624)
	... 1 more
Caused by: org.apache.ratis.thirdparty.io.netty.channel.AbstractChannel$AnnotatedConnectException: Connection refused: /192.168.164.239:35771
	at sun.nio.ch.SocketChannelImpl.checkConnect(Native Method)
	at sun.nio.ch.SocketChannelImpl.finishConnect(SocketChannelImpl.java:717)
	at org.apache.ratis.thirdparty.io.netty.channel.socket.nio.NioSocketChannel.doFinishConnect(NioSocketChannel.java:327)
	at org.apache.ratis.thirdparty.io.netty.channel.nio.AbstractNioChannel$AbstractNioUnsafe.finishConnect(AbstractNioChannel.java:340)
	at org.apache.ratis.thirdparty.io.netty.channel.nio.NioEventLoop.processSelectedKey(NioEventLoop.java:632)
	at org.apache.ratis.thirdparty.io.netty.channel.nio.NioEventLoop.processSelectedKeysOptimized(NioEventLoop.java:579)
	at org.apache.ratis.thirdparty.io.netty.channel.nio.NioEventLoop.processSelectedKeys(NioEventLoop.java:496)
	at org.apache.ratis.thirdparty.io.netty.channel.nio.NioEventLoop.run(NioEventLoop.java:458)
	at org.apache.ratis.thirdparty.io.netty.util.concurrent.SingleThreadEventExecutor$5.run(SingleThreadEventExecutor.java:897)
	at org.apache.ratis.thirdparty.io.netty.util.concurrent.FastThreadLocalRunnable.run(FastThreadLocalRunnable.java:30)
	... 1 more
Caused by: java.net.ConnectException: Connection refused
	... 11 more
2019-10-15 16:30:05,631 [24ee8ff7-dd07-49e6-bbcb-bb50ff0e8e36@group-F2FE1ED60945-LeaderElection204] INFO  impl.LeaderElection (LeaderElection.java:logAndReturn(56)) - 24ee8ff7-dd07-49e6-bbcb-bb50ff0e8e36@group-F2FE1ED60945-LeaderElection204: Election REJECTED; received 0 response(s) [] and 2 exception(s); 24ee8ff7-dd07-49e6-bbcb-bb50ff0e8e36@group-F2FE1ED60945:t14, leader=null, voted=24ee8ff7-dd07-49e6-bbcb-bb50ff0e8e36, raftlog=24ee8ff7-dd07-49e6-bbcb-bb50ff0e8e36@group-F2FE1ED60945-SegmentedRaftLog:OPENED:c0,f0,i0, conf=0: [c48d8dfa-9e66-4eac-9ff2-02281a99dfa9:192.168.164.239:41652, cccd55fe-f481-4e2b-93ed-b6a86d13c378:192.168.164.239:35771, 24ee8ff7-dd07-49e6-bbcb-bb50ff0e8e36:192.168.164.239:45096], old=null
2019-10-15 16:30:05,631 [24ee8ff7-dd07-49e6-bbcb-bb50ff0e8e36@group-F2FE1ED60945-LeaderElection204] INFO  impl.LeaderElection (LogUtils.java:infoOrTrace(149)) -   Exception 0: {}
java.util.concurrent.ExecutionException: org.apache.ratis.thirdparty.io.grpc.StatusRuntimeException: UNAVAILABLE: io exception
	at java.util.concurrent.FutureTask.report(FutureTask.java:122)
	at java.util.concurrent.FutureTask.get(FutureTask.java:192)
	at org.apache.ratis.server.impl.LeaderElection.waitForResults(LeaderElection.java:259)
	at org.apache.ratis.server.impl.LeaderElection.askForVotes(LeaderElection.java:197)
	at org.apache.ratis.server.impl.LeaderElection.run(LeaderElection.java:133)
	at java.lang.Thread.run(Thread.java:748)
Caused by: org.apache.ratis.thirdparty.io.grpc.StatusRuntimeException: UNAVAILABLE: io exception
	at org.apache.ratis.thirdparty.io.grpc.stub.ClientCalls.toStatusRuntimeException(ClientCalls.java:233)
	at org.apache.ratis.thirdparty.io.grpc.stub.ClientCalls.getUnchecked(ClientCalls.java:214)
	at org.apache.ratis.thirdparty.io.grpc.stub.ClientCalls.blockingUnaryCall(ClientCalls.java:139)
	at org.apache.ratis.proto.grpc.RaftServerProtocolServiceGrpc$RaftServerProtocolServiceBlockingStub.requestVote(RaftServerProtocolServiceGrpc.java:265)
	at org.apache.ratis.grpc.server.GrpcServerProtocolClient.requestVote(GrpcServerProtocolClient.java:99)
	at org.apache.ratis.grpc.server.GrpcService.requestVote(GrpcService.java:204)
	at org.apache.ratis.server.impl.LeaderElection.lambda$submitRequests$1(LeaderElection.java:234)
	at java.util.concurrent.FutureTask.run(FutureTask.java:266)
	at java.util.concurrent.Executors$RunnableAdapter.call(Executors.java:511)
	at java.util.concurrent.FutureTask.run(FutureTask.java:266)
	at java.util.concurrent.ThreadPoolExecutor.runWorker(ThreadPoolExecutor.java:1149)
	at java.util.concurrent.ThreadPoolExecutor$Worker.run(ThreadPoolExecutor.java:624)
	... 1 more
Caused by: org.apache.ratis.thirdparty.io.netty.channel.AbstractChannel$AnnotatedConnectException: Connection refused: /192.168.164.239:41652
	at sun.nio.ch.SocketChannelImpl.checkConnect(Native Method)
	at sun.nio.ch.SocketChannelImpl.finishConnect(SocketChannelImpl.java:717)
	at org.apache.ratis.thirdparty.io.netty.channel.socket.nio.NioSocketChannel.doFinishConnect(NioSocketChannel.java:327)
	at org.apache.ratis.thirdparty.io.netty.channel.nio.AbstractNioChannel$AbstractNioUnsafe.finishConnect(AbstractNioChannel.java:340)
	at org.apache.ratis.thirdparty.io.netty.channel.nio.NioEventLoop.processSelectedKey(NioEventLoop.java:632)
	at org.apache.ratis.thirdparty.io.netty.channel.nio.NioEventLoop.processSelectedKeysOptimized(NioEventLoop.java:579)
	at org.apache.ratis.thirdparty.io.netty.channel.nio.NioEventLoop.processSelectedKeys(NioEventLoop.java:496)
	at org.apache.ratis.thirdparty.io.netty.channel.nio.NioEventLoop.run(NioEventLoop.java:458)
	at org.apache.ratis.thirdparty.io.netty.util.concurrent.SingleThreadEventExecutor$5.run(SingleThreadEventExecutor.java:897)
	at org.apache.ratis.thirdparty.io.netty.util.concurrent.FastThreadLocalRunnable.run(FastThreadLocalRunnable.java:30)
	... 1 more
Caused by: java.net.ConnectException: Connection refused
	... 11 more
2019-10-15 16:30:05,631 [24ee8ff7-dd07-49e6-bbcb-bb50ff0e8e36@group-F2FE1ED60945-LeaderElection204] INFO  impl.LeaderElection (LogUtils.java:infoOrTrace(149)) -   Exception 1: {}
java.util.concurrent.ExecutionException: org.apache.ratis.thirdparty.io.grpc.StatusRuntimeException: UNAVAILABLE: io exception
	at java.util.concurrent.FutureTask.report(FutureTask.java:122)
	at java.util.concurrent.FutureTask.get(FutureTask.java:192)
	at org.apache.ratis.server.impl.LeaderElection.waitForResults(LeaderElection.java:259)
	at org.apache.ratis.server.impl.LeaderElection.askForVotes(LeaderElection.java:197)
	at org.apache.ratis.server.impl.LeaderElection.run(LeaderElection.java:133)
	at java.lang.Thread.run(Thread.java:748)
Caused by: org.apache.ratis.thirdparty.io.grpc.StatusRuntimeException: UNAVAILABLE: io exception
	at org.apache.ratis.thirdparty.io.grpc.stub.ClientCalls.toStatusRuntimeException(ClientCalls.java:233)
	at org.apache.ratis.thirdparty.io.grpc.stub.ClientCalls.getUnchecked(ClientCalls.java:214)
	at org.apache.ratis.thirdparty.io.grpc.stub.ClientCalls.blockingUnaryCall(ClientCalls.java:139)
	at org.apache.ratis.proto.grpc.RaftServerProtocolServiceGrpc$RaftServerProtocolServiceBlockingStub.requestVote(RaftServerProtocolServiceGrpc.java:265)
	at org.apache.ratis.grpc.server.GrpcServerProtocolClient.requestVote(GrpcServerProtocolClient.java:99)
	at org.apache.ratis.grpc.server.GrpcService.requestVote(GrpcService.java:204)
	at org.apache.ratis.server.impl.LeaderElection.lambda$submitRequests$1(LeaderElection.java:234)
	at java.util.concurrent.FutureTask.run(FutureTask.java:266)
	at java.util.concurrent.Executors$RunnableAdapter.call(Executors.java:511)
	at java.util.concurrent.FutureTask.run(FutureTask.java:266)
	at java.util.concurrent.ThreadPoolExecutor.runWorker(ThreadPoolExecutor.java:1149)
	at java.util.concurrent.ThreadPoolExecutor$Worker.run(ThreadPoolExecutor.java:624)
	... 1 more
Caused by: org.apache.ratis.thirdparty.io.netty.channel.AbstractChannel$AnnotatedConnectException: Connection refused: /192.168.164.239:35771
	at sun.nio.ch.SocketChannelImpl.checkConnect(Native Method)
	at sun.nio.ch.SocketChannelImpl.finishConnect(SocketChannelImpl.java:717)
	at org.apache.ratis.thirdparty.io.netty.channel.socket.nio.NioSocketChannel.doFinishConnect(NioSocketChannel.java:327)
	at org.apache.ratis.thirdparty.io.netty.channel.nio.AbstractNioChannel$AbstractNioUnsafe.finishConnect(AbstractNioChannel.java:340)
	at org.apache.ratis.thirdparty.io.netty.channel.nio.NioEventLoop.processSelectedKey(NioEventLoop.java:632)
	at org.apache.ratis.thirdparty.io.netty.channel.nio.NioEventLoop.processSelectedKeysOptimized(NioEventLoop.java:579)
	at org.apache.ratis.thirdparty.io.netty.channel.nio.NioEventLoop.processSelectedKeys(NioEventLoop.java:496)
	at org.apache.ratis.thirdparty.io.netty.channel.nio.NioEventLoop.run(NioEventLoop.java:458)
	at org.apache.ratis.thirdparty.io.netty.util.concurrent.SingleThreadEventExecutor$5.run(SingleThreadEventExecutor.java:897)
	at org.apache.ratis.thirdparty.io.netty.util.concurrent.FastThreadLocalRunnable.run(FastThreadLocalRunnable.java:30)
	... 1 more
Caused by: java.net.ConnectException: Connection refused
	... 11 more
2019-10-15 16:30:05,631 [24ee8ff7-dd07-49e6-bbcb-bb50ff0e8e36@group-F2FE1ED60945-LeaderElection204] INFO  impl.RaftServerImpl (RaftServerImpl.java:setRole(184)) - 24ee8ff7-dd07-49e6-bbcb-bb50ff0e8e36@group-F2FE1ED60945: changes role from CANDIDATE to FOLLOWER at term 14 for DISCOVERED_A_NEW_TERM
2019-10-15 16:30:05,632 [24ee8ff7-dd07-49e6-bbcb-bb50ff0e8e36@group-F2FE1ED60945-LeaderElection204] INFO  impl.RoleInfo (RoleInfo.java:shutdownLeaderElection(134)) - 24ee8ff7-dd07-49e6-bbcb-bb50ff0e8e36: shutdown LeaderElection
2019-10-15 16:30:05,632 [24ee8ff7-dd07-49e6-bbcb-bb50ff0e8e36@group-F2FE1ED60945-LeaderElection204] INFO  impl.RoleInfo (RoleInfo.java:updateAndGet(143)) - 24ee8ff7-dd07-49e6-bbcb-bb50ff0e8e36: start FollowerState
2019-10-15 16:30:05,655 [java.util.concurrent.ThreadPoolExecutor$Worker@6e96881a[State = -1, empty queue]] WARN  server.GrpcLogAppender (GrpcLogAppender.java:timeoutAppendRequest(209)) - 0bff853f-e43c-4347-b3e4-d8621042c42b@group-AF37DB7271F3->6af1a5bd-f075-405e-b6a5-6d145eedd789-GrpcLogAppender: appendEntries Timeout, request=0bff853f-e43c-4347-b3e4-d8621042c42b->6af1a5bd-f075-405e-b6a5-6d145eedd789#74-t7, previous=(t:7, i:19), leaderCommit=19, initializing? false, entries: <empty>
2019-10-15 16:30:05,747 [Datanode State Machine Thread - 0] INFO  statemachine.DatanodeStateMachine (DatanodeStateMachine.java:lambda$startDaemon$0(350)) - Ozone container server started.
2019-10-15 16:30:06,045 [Datanode State Machine Thread - 0] INFO  statemachine.DatanodeStateMachine (DatanodeStateMachine.java:lambda$startDaemon$0(350)) - Ozone container server started.
2019-10-15 16:30:06,157 [java.util.concurrent.ThreadPoolExecutor$Worker@6e96881a[State = -1, empty queue]] WARN  server.GrpcLogAppender (GrpcLogAppender.java:timeoutAppendRequest(209)) - 0bff853f-e43c-4347-b3e4-d8621042c42b@group-AF37DB7271F3->6af1a5bd-f075-405e-b6a5-6d145eedd789-GrpcLogAppender: appendEntries Timeout, request=0bff853f-e43c-4347-b3e4-d8621042c42b->6af1a5bd-f075-405e-b6a5-6d145eedd789#75-t7, previous=(t:7, i:19), leaderCommit=19, initializing? false, entries: <empty>
2019-10-15 16:30:06,657 [java.util.concurrent.ThreadPoolExecutor$Worker@6e96881a[State = -1, empty queue]] WARN  server.GrpcLogAppender (GrpcLogAppender.java:timeoutAppendRequest(209)) - 0bff853f-e43c-4347-b3e4-d8621042c42b@group-AF37DB7271F3->6af1a5bd-f075-405e-b6a5-6d145eedd789-GrpcLogAppender: appendEntries Timeout, request=0bff853f-e43c-4347-b3e4-d8621042c42b->6af1a5bd-f075-405e-b6a5-6d145eedd789#76-t7, previous=(t:7, i:19), leaderCommit=19, initializing? false, entries: <empty>
2019-10-15 16:30:06,680 [Thread-1775] INFO  impl.FollowerState (FollowerState.java:run(108)) - 24ee8ff7-dd07-49e6-bbcb-bb50ff0e8e36@group-F2FE1ED60945-FollowerState: change to CANDIDATE, lastRpcTime:1048ms, electionTimeout:1048ms
2019-10-15 16:30:06,680 [Thread-1775] INFO  impl.RoleInfo (RoleInfo.java:shutdownFollowerState(121)) - 24ee8ff7-dd07-49e6-bbcb-bb50ff0e8e36: shutdown FollowerState
2019-10-15 16:30:06,681 [Thread-1775] INFO  impl.RaftServerImpl (RaftServerImpl.java:setRole(184)) - 24ee8ff7-dd07-49e6-bbcb-bb50ff0e8e36@group-F2FE1ED60945: changes role from  FOLLOWER to CANDIDATE at term 14 for changeToCandidate
2019-10-15 16:30:06,681 [Thread-1775] INFO  impl.RoleInfo (RoleInfo.java:updateAndGet(143)) - 24ee8ff7-dd07-49e6-bbcb-bb50ff0e8e36: start LeaderElection
2019-10-15 16:30:06,718 [24ee8ff7-dd07-49e6-bbcb-bb50ff0e8e36@group-F2FE1ED60945-LeaderElection205] INFO  impl.LeaderElection (LeaderElection.java:askForVotes(178)) - 24ee8ff7-dd07-49e6-bbcb-bb50ff0e8e36@group-F2FE1ED60945-LeaderElection205: begin an election at term 15 for 0: [c48d8dfa-9e66-4eac-9ff2-02281a99dfa9:192.168.164.239:41652, cccd55fe-f481-4e2b-93ed-b6a86d13c378:192.168.164.239:35771, 24ee8ff7-dd07-49e6-bbcb-bb50ff0e8e36:192.168.164.239:45096], old=null
2019-10-15 16:30:06,719 [24ee8ff7-dd07-49e6-bbcb-bb50ff0e8e36@group-F2FE1ED60945-LeaderElection205] INFO  impl.LeaderElection (LogUtils.java:infoOrTrace(149)) - 24ee8ff7-dd07-49e6-bbcb-bb50ff0e8e36@group-F2FE1ED60945-LeaderElection205 got exception when requesting votes: {}
java.util.concurrent.ExecutionException: org.apache.ratis.thirdparty.io.grpc.StatusRuntimeException: UNAVAILABLE: io exception
	at java.util.concurrent.FutureTask.report(FutureTask.java:122)
	at java.util.concurrent.FutureTask.get(FutureTask.java:192)
	at org.apache.ratis.server.impl.LeaderElection.waitForResults(LeaderElection.java:259)
	at org.apache.ratis.server.impl.LeaderElection.askForVotes(LeaderElection.java:197)
	at org.apache.ratis.server.impl.LeaderElection.run(LeaderElection.java:133)
	at java.lang.Thread.run(Thread.java:748)
Caused by: org.apache.ratis.thirdparty.io.grpc.StatusRuntimeException: UNAVAILABLE: io exception
	at org.apache.ratis.thirdparty.io.grpc.stub.ClientCalls.toStatusRuntimeException(ClientCalls.java:233)
	at org.apache.ratis.thirdparty.io.grpc.stub.ClientCalls.getUnchecked(ClientCalls.java:214)
	at org.apache.ratis.thirdparty.io.grpc.stub.ClientCalls.blockingUnaryCall(ClientCalls.java:139)
	at org.apache.ratis.proto.grpc.RaftServerProtocolServiceGrpc$RaftServerProtocolServiceBlockingStub.requestVote(RaftServerProtocolServiceGrpc.java:265)
	at org.apache.ratis.grpc.server.GrpcServerProtocolClient.requestVote(GrpcServerProtocolClient.java:99)
	at org.apache.ratis.grpc.server.GrpcService.requestVote(GrpcService.java:204)
	at org.apache.ratis.server.impl.LeaderElection.lambda$submitRequests$1(LeaderElection.java:234)
	at java.util.concurrent.FutureTask.run(FutureTask.java:266)
	at java.util.concurrent.Executors$RunnableAdapter.call(Executors.java:511)
	at java.util.concurrent.FutureTask.run(FutureTask.java:266)
	at java.util.concurrent.ThreadPoolExecutor.runWorker(ThreadPoolExecutor.java:1149)
	at java.util.concurrent.ThreadPoolExecutor$Worker.run(ThreadPoolExecutor.java:624)
	... 1 more
Caused by: org.apache.ratis.thirdparty.io.netty.channel.AbstractChannel$AnnotatedConnectException: Connection refused: /192.168.164.239:41652
	at sun.nio.ch.SocketChannelImpl.checkConnect(Native Method)
	at sun.nio.ch.SocketChannelImpl.finishConnect(SocketChannelImpl.java:717)
	at org.apache.ratis.thirdparty.io.netty.channel.socket.nio.NioSocketChannel.doFinishConnect(NioSocketChannel.java:327)
	at org.apache.ratis.thirdparty.io.netty.channel.nio.AbstractNioChannel$AbstractNioUnsafe.finishConnect(AbstractNioChannel.java:340)
	at org.apache.ratis.thirdparty.io.netty.channel.nio.NioEventLoop.processSelectedKey(NioEventLoop.java:632)
	at org.apache.ratis.thirdparty.io.netty.channel.nio.NioEventLoop.processSelectedKeysOptimized(NioEventLoop.java:579)
	at org.apache.ratis.thirdparty.io.netty.channel.nio.NioEventLoop.processSelectedKeys(NioEventLoop.java:496)
	at org.apache.ratis.thirdparty.io.netty.channel.nio.NioEventLoop.run(NioEventLoop.java:458)
	at org.apache.ratis.thirdparty.io.netty.util.concurrent.SingleThreadEventExecutor$5.run(SingleThreadEventExecutor.java:897)
	at org.apache.ratis.thirdparty.io.netty.util.concurrent.FastThreadLocalRunnable.run(FastThreadLocalRunnable.java:30)
	... 1 more
Caused by: java.net.ConnectException: Connection refused
	... 11 more
2019-10-15 16:30:06,720 [24ee8ff7-dd07-49e6-bbcb-bb50ff0e8e36@group-F2FE1ED60945-LeaderElection205] INFO  impl.LeaderElection (LogUtils.java:infoOrTrace(149)) - 24ee8ff7-dd07-49e6-bbcb-bb50ff0e8e36@group-F2FE1ED60945-LeaderElection205 got exception when requesting votes: {}
java.util.concurrent.ExecutionException: org.apache.ratis.thirdparty.io.grpc.StatusRuntimeException: UNAVAILABLE: io exception
	at java.util.concurrent.FutureTask.report(FutureTask.java:122)
	at java.util.concurrent.FutureTask.get(FutureTask.java:192)
	at org.apache.ratis.server.impl.LeaderElection.waitForResults(LeaderElection.java:259)
	at org.apache.ratis.server.impl.LeaderElection.askForVotes(LeaderElection.java:197)
	at org.apache.ratis.server.impl.LeaderElection.run(LeaderElection.java:133)
	at java.lang.Thread.run(Thread.java:748)
Caused by: org.apache.ratis.thirdparty.io.grpc.StatusRuntimeException: UNAVAILABLE: io exception
	at org.apache.ratis.thirdparty.io.grpc.stub.ClientCalls.toStatusRuntimeException(ClientCalls.java:233)
	at org.apache.ratis.thirdparty.io.grpc.stub.ClientCalls.getUnchecked(ClientCalls.java:214)
	at org.apache.ratis.thirdparty.io.grpc.stub.ClientCalls.blockingUnaryCall(ClientCalls.java:139)
	at org.apache.ratis.proto.grpc.RaftServerProtocolServiceGrpc$RaftServerProtocolServiceBlockingStub.requestVote(RaftServerProtocolServiceGrpc.java:265)
	at org.apache.ratis.grpc.server.GrpcServerProtocolClient.requestVote(GrpcServerProtocolClient.java:99)
	at org.apache.ratis.grpc.server.GrpcService.requestVote(GrpcService.java:204)
	at org.apache.ratis.server.impl.LeaderElection.lambda$submitRequests$1(LeaderElection.java:234)
	at java.util.concurrent.FutureTask.run(FutureTask.java:266)
	at java.util.concurrent.Executors$RunnableAdapter.call(Executors.java:511)
	at java.util.concurrent.FutureTask.run(FutureTask.java:266)
	at java.util.concurrent.ThreadPoolExecutor.runWorker(ThreadPoolExecutor.java:1149)
	at java.util.concurrent.ThreadPoolExecutor$Worker.run(ThreadPoolExecutor.java:624)
	... 1 more
Caused by: org.apache.ratis.thirdparty.io.netty.channel.AbstractChannel$AnnotatedConnectException: Connection refused: /192.168.164.239:35771
	at sun.nio.ch.SocketChannelImpl.checkConnect(Native Method)
	at sun.nio.ch.SocketChannelImpl.finishConnect(SocketChannelImpl.java:717)
	at org.apache.ratis.thirdparty.io.netty.channel.socket.nio.NioSocketChannel.doFinishConnect(NioSocketChannel.java:327)
	at org.apache.ratis.thirdparty.io.netty.channel.nio.AbstractNioChannel$AbstractNioUnsafe.finishConnect(AbstractNioChannel.java:340)
	at org.apache.ratis.thirdparty.io.netty.channel.nio.NioEventLoop.processSelectedKey(NioEventLoop.java:632)
	at org.apache.ratis.thirdparty.io.netty.channel.nio.NioEventLoop.processSelectedKeysOptimized(NioEventLoop.java:579)
	at org.apache.ratis.thirdparty.io.netty.channel.nio.NioEventLoop.processSelectedKeys(NioEventLoop.java:496)
	at org.apache.ratis.thirdparty.io.netty.channel.nio.NioEventLoop.run(NioEventLoop.java:458)
	at org.apache.ratis.thirdparty.io.netty.util.concurrent.SingleThreadEventExecutor$5.run(SingleThreadEventExecutor.java:897)
	at org.apache.ratis.thirdparty.io.netty.util.concurrent.FastThreadLocalRunnable.run(FastThreadLocalRunnable.java:30)
	... 1 more
Caused by: java.net.ConnectException: Connection refused
	... 11 more
2019-10-15 16:30:06,720 [24ee8ff7-dd07-49e6-bbcb-bb50ff0e8e36@group-F2FE1ED60945-LeaderElection205] INFO  impl.LeaderElection (LeaderElection.java:logAndReturn(56)) - 24ee8ff7-dd07-49e6-bbcb-bb50ff0e8e36@group-F2FE1ED60945-LeaderElection205: Election REJECTED; received 0 response(s) [] and 2 exception(s); 24ee8ff7-dd07-49e6-bbcb-bb50ff0e8e36@group-F2FE1ED60945:t15, leader=null, voted=24ee8ff7-dd07-49e6-bbcb-bb50ff0e8e36, raftlog=24ee8ff7-dd07-49e6-bbcb-bb50ff0e8e36@group-F2FE1ED60945-SegmentedRaftLog:OPENED:c0,f0,i0, conf=0: [c48d8dfa-9e66-4eac-9ff2-02281a99dfa9:192.168.164.239:41652, cccd55fe-f481-4e2b-93ed-b6a86d13c378:192.168.164.239:35771, 24ee8ff7-dd07-49e6-bbcb-bb50ff0e8e36:192.168.164.239:45096], old=null
2019-10-15 16:30:06,721 [24ee8ff7-dd07-49e6-bbcb-bb50ff0e8e36@group-F2FE1ED60945-LeaderElection205] INFO  impl.LeaderElection (LogUtils.java:infoOrTrace(149)) -   Exception 0: {}
java.util.concurrent.ExecutionException: org.apache.ratis.thirdparty.io.grpc.StatusRuntimeException: UNAVAILABLE: io exception
	at java.util.concurrent.FutureTask.report(FutureTask.java:122)
	at java.util.concurrent.FutureTask.get(FutureTask.java:192)
	at org.apache.ratis.server.impl.LeaderElection.waitForResults(LeaderElection.java:259)
	at org.apache.ratis.server.impl.LeaderElection.askForVotes(LeaderElection.java:197)
	at org.apache.ratis.server.impl.LeaderElection.run(LeaderElection.java:133)
	at java.lang.Thread.run(Thread.java:748)
Caused by: org.apache.ratis.thirdparty.io.grpc.StatusRuntimeException: UNAVAILABLE: io exception
	at org.apache.ratis.thirdparty.io.grpc.stub.ClientCalls.toStatusRuntimeException(ClientCalls.java:233)
	at org.apache.ratis.thirdparty.io.grpc.stub.ClientCalls.getUnchecked(ClientCalls.java:214)
	at org.apache.ratis.thirdparty.io.grpc.stub.ClientCalls.blockingUnaryCall(ClientCalls.java:139)
	at org.apache.ratis.proto.grpc.RaftServerProtocolServiceGrpc$RaftServerProtocolServiceBlockingStub.requestVote(RaftServerProtocolServiceGrpc.java:265)
	at org.apache.ratis.grpc.server.GrpcServerProtocolClient.requestVote(GrpcServerProtocolClient.java:99)
	at org.apache.ratis.grpc.server.GrpcService.requestVote(GrpcService.java:204)
	at org.apache.ratis.server.impl.LeaderElection.lambda$submitRequests$1(LeaderElection.java:234)
	at java.util.concurrent.FutureTask.run(FutureTask.java:266)
	at java.util.concurrent.Executors$RunnableAdapter.call(Executors.java:511)
	at java.util.concurrent.FutureTask.run(FutureTask.java:266)
	at java.util.concurrent.ThreadPoolExecutor.runWorker(ThreadPoolExecutor.java:1149)
	at java.util.concurrent.ThreadPoolExecutor$Worker.run(ThreadPoolExecutor.java:624)
	... 1 more
Caused by: org.apache.ratis.thirdparty.io.netty.channel.AbstractChannel$AnnotatedConnectException: Connection refused: /192.168.164.239:41652
	at sun.nio.ch.SocketChannelImpl.checkConnect(Native Method)
	at sun.nio.ch.SocketChannelImpl.finishConnect(SocketChannelImpl.java:717)
	at org.apache.ratis.thirdparty.io.netty.channel.socket.nio.NioSocketChannel.doFinishConnect(NioSocketChannel.java:327)
	at org.apache.ratis.thirdparty.io.netty.channel.nio.AbstractNioChannel$AbstractNioUnsafe.finishConnect(AbstractNioChannel.java:340)
	at org.apache.ratis.thirdparty.io.netty.channel.nio.NioEventLoop.processSelectedKey(NioEventLoop.java:632)
	at org.apache.ratis.thirdparty.io.netty.channel.nio.NioEventLoop.processSelectedKeysOptimized(NioEventLoop.java:579)
	at org.apache.ratis.thirdparty.io.netty.channel.nio.NioEventLoop.processSelectedKeys(NioEventLoop.java:496)
	at org.apache.ratis.thirdparty.io.netty.channel.nio.NioEventLoop.run(NioEventLoop.java:458)
	at org.apache.ratis.thirdparty.io.netty.util.concurrent.SingleThreadEventExecutor$5.run(SingleThreadEventExecutor.java:897)
	at org.apache.ratis.thirdparty.io.netty.util.concurrent.FastThreadLocalRunnable.run(FastThreadLocalRunnable.java:30)
	... 1 more
Caused by: java.net.ConnectException: Connection refused
	... 11 more
2019-10-15 16:30:06,721 [24ee8ff7-dd07-49e6-bbcb-bb50ff0e8e36@group-F2FE1ED60945-LeaderElection205] INFO  impl.LeaderElection (LogUtils.java:infoOrTrace(149)) -   Exception 1: {}
java.util.concurrent.ExecutionException: org.apache.ratis.thirdparty.io.grpc.StatusRuntimeException: UNAVAILABLE: io exception
	at java.util.concurrent.FutureTask.report(FutureTask.java:122)
	at java.util.concurrent.FutureTask.get(FutureTask.java:192)
	at org.apache.ratis.server.impl.LeaderElection.waitForResults(LeaderElection.java:259)
	at org.apache.ratis.server.impl.LeaderElection.askForVotes(LeaderElection.java:197)
	at org.apache.ratis.server.impl.LeaderElection.run(LeaderElection.java:133)
	at java.lang.Thread.run(Thread.java:748)
Caused by: org.apache.ratis.thirdparty.io.grpc.StatusRuntimeException: UNAVAILABLE: io exception
	at org.apache.ratis.thirdparty.io.grpc.stub.ClientCalls.toStatusRuntimeException(ClientCalls.java:233)
	at org.apache.ratis.thirdparty.io.grpc.stub.ClientCalls.getUnchecked(ClientCalls.java:214)
	at org.apache.ratis.thirdparty.io.grpc.stub.ClientCalls.blockingUnaryCall(ClientCalls.java:139)
	at org.apache.ratis.proto.grpc.RaftServerProtocolServiceGrpc$RaftServerProtocolServiceBlockingStub.requestVote(RaftServerProtocolServiceGrpc.java:265)
	at org.apache.ratis.grpc.server.GrpcServerProtocolClient.requestVote(GrpcServerProtocolClient.java:99)
	at org.apache.ratis.grpc.server.GrpcService.requestVote(GrpcService.java:204)
	at org.apache.ratis.server.impl.LeaderElection.lambda$submitRequests$1(LeaderElection.java:234)
	at java.util.concurrent.FutureTask.run(FutureTask.java:266)
	at java.util.concurrent.Executors$RunnableAdapter.call(Executors.java:511)
	at java.util.concurrent.FutureTask.run(FutureTask.java:266)
	at java.util.concurrent.ThreadPoolExecutor.runWorker(ThreadPoolExecutor.java:1149)
	at java.util.concurrent.ThreadPoolExecutor$Worker.run(ThreadPoolExecutor.java:624)
	... 1 more
Caused by: org.apache.ratis.thirdparty.io.netty.channel.AbstractChannel$AnnotatedConnectException: Connection refused: /192.168.164.239:35771
	at sun.nio.ch.SocketChannelImpl.checkConnect(Native Method)
	at sun.nio.ch.SocketChannelImpl.finishConnect(SocketChannelImpl.java:717)
	at org.apache.ratis.thirdparty.io.netty.channel.socket.nio.NioSocketChannel.doFinishConnect(NioSocketChannel.java:327)
	at org.apache.ratis.thirdparty.io.netty.channel.nio.AbstractNioChannel$AbstractNioUnsafe.finishConnect(AbstractNioChannel.java:340)
	at org.apache.ratis.thirdparty.io.netty.channel.nio.NioEventLoop.processSelectedKey(NioEventLoop.java:632)
	at org.apache.ratis.thirdparty.io.netty.channel.nio.NioEventLoop.processSelectedKeysOptimized(NioEventLoop.java:579)
	at org.apache.ratis.thirdparty.io.netty.channel.nio.NioEventLoop.processSelectedKeys(NioEventLoop.java:496)
	at org.apache.ratis.thirdparty.io.netty.channel.nio.NioEventLoop.run(NioEventLoop.java:458)
	at org.apache.ratis.thirdparty.io.netty.util.concurrent.SingleThreadEventExecutor$5.run(SingleThreadEventExecutor.java:897)
	at org.apache.ratis.thirdparty.io.netty.util.concurrent.FastThreadLocalRunnable.run(FastThreadLocalRunnable.java:30)
	... 1 more
Caused by: java.net.ConnectException: Connection refused
	... 11 more
2019-10-15 16:30:06,721 [24ee8ff7-dd07-49e6-bbcb-bb50ff0e8e36@group-F2FE1ED60945-LeaderElection205] INFO  impl.RaftServerImpl (RaftServerImpl.java:setRole(184)) - 24ee8ff7-dd07-49e6-bbcb-bb50ff0e8e36@group-F2FE1ED60945: changes role from CANDIDATE to FOLLOWER at term 15 for DISCOVERED_A_NEW_TERM
2019-10-15 16:30:06,721 [24ee8ff7-dd07-49e6-bbcb-bb50ff0e8e36@group-F2FE1ED60945-LeaderElection205] INFO  impl.RoleInfo (RoleInfo.java:shutdownLeaderElection(134)) - 24ee8ff7-dd07-49e6-bbcb-bb50ff0e8e36: shutdown LeaderElection
2019-10-15 16:30:06,722 [24ee8ff7-dd07-49e6-bbcb-bb50ff0e8e36@group-F2FE1ED60945-LeaderElection205] INFO  impl.RoleInfo (RoleInfo.java:updateAndGet(143)) - 24ee8ff7-dd07-49e6-bbcb-bb50ff0e8e36: start FollowerState
2019-10-15 16:30:07,157 [java.util.concurrent.ThreadPoolExecutor$Worker@6e96881a[State = -1, empty queue]] WARN  server.GrpcLogAppender (GrpcLogAppender.java:timeoutAppendRequest(209)) - 0bff853f-e43c-4347-b3e4-d8621042c42b@group-AF37DB7271F3->6af1a5bd-f075-405e-b6a5-6d145eedd789-GrpcLogAppender: appendEntries Timeout, request=0bff853f-e43c-4347-b3e4-d8621042c42b->6af1a5bd-f075-405e-b6a5-6d145eedd789#77-t7, previous=(t:7, i:19), leaderCommit=19, initializing? false, entries: <empty>
2019-10-15 16:30:07,658 [java.util.concurrent.ThreadPoolExecutor$Worker@6e96881a[State = -1, empty queue]] WARN  server.GrpcLogAppender (GrpcLogAppender.java:timeoutAppendRequest(209)) - 0bff853f-e43c-4347-b3e4-d8621042c42b@group-AF37DB7271F3->6af1a5bd-f075-405e-b6a5-6d145eedd789-GrpcLogAppender: appendEntries Timeout, request=0bff853f-e43c-4347-b3e4-d8621042c42b->6af1a5bd-f075-405e-b6a5-6d145eedd789#78-t7, previous=(t:7, i:19), leaderCommit=19, initializing? false, entries: <empty>
2019-10-15 16:30:07,750 [Thread-1779] INFO  impl.FollowerState (FollowerState.java:run(108)) - 24ee8ff7-dd07-49e6-bbcb-bb50ff0e8e36@group-F2FE1ED60945-FollowerState: change to CANDIDATE, lastRpcTime:1028ms, electionTimeout:1028ms
2019-10-15 16:30:07,750 [Thread-1779] INFO  impl.RoleInfo (RoleInfo.java:shutdownFollowerState(121)) - 24ee8ff7-dd07-49e6-bbcb-bb50ff0e8e36: shutdown FollowerState
2019-10-15 16:30:07,751 [Thread-1779] INFO  impl.RaftServerImpl (RaftServerImpl.java:setRole(184)) - 24ee8ff7-dd07-49e6-bbcb-bb50ff0e8e36@group-F2FE1ED60945: changes role from  FOLLOWER to CANDIDATE at term 15 for changeToCandidate
2019-10-15 16:30:07,751 [Thread-1779] INFO  impl.RoleInfo (RoleInfo.java:updateAndGet(143)) - 24ee8ff7-dd07-49e6-bbcb-bb50ff0e8e36: start LeaderElection
2019-10-15 16:30:07,777 [24ee8ff7-dd07-49e6-bbcb-bb50ff0e8e36@group-F2FE1ED60945-LeaderElection206] INFO  impl.LeaderElection (LeaderElection.java:askForVotes(178)) - 24ee8ff7-dd07-49e6-bbcb-bb50ff0e8e36@group-F2FE1ED60945-LeaderElection206: begin an election at term 16 for 0: [c48d8dfa-9e66-4eac-9ff2-02281a99dfa9:192.168.164.239:41652, cccd55fe-f481-4e2b-93ed-b6a86d13c378:192.168.164.239:35771, 24ee8ff7-dd07-49e6-bbcb-bb50ff0e8e36:192.168.164.239:45096], old=null
2019-10-15 16:30:07,779 [24ee8ff7-dd07-49e6-bbcb-bb50ff0e8e36@group-F2FE1ED60945-LeaderElection206] INFO  impl.LeaderElection (LogUtils.java:infoOrTrace(149)) - 24ee8ff7-dd07-49e6-bbcb-bb50ff0e8e36@group-F2FE1ED60945-LeaderElection206 got exception when requesting votes: {}
java.util.concurrent.ExecutionException: org.apache.ratis.thirdparty.io.grpc.StatusRuntimeException: UNAVAILABLE: io exception
	at java.util.concurrent.FutureTask.report(FutureTask.java:122)
	at java.util.concurrent.FutureTask.get(FutureTask.java:192)
	at org.apache.ratis.server.impl.LeaderElection.waitForResults(LeaderElection.java:259)
	at org.apache.ratis.server.impl.LeaderElection.askForVotes(LeaderElection.java:197)
	at org.apache.ratis.server.impl.LeaderElection.run(LeaderElection.java:133)
	at java.lang.Thread.run(Thread.java:748)
Caused by: org.apache.ratis.thirdparty.io.grpc.StatusRuntimeException: UNAVAILABLE: io exception
	at org.apache.ratis.thirdparty.io.grpc.stub.ClientCalls.toStatusRuntimeException(ClientCalls.java:233)
	at org.apache.ratis.thirdparty.io.grpc.stub.ClientCalls.getUnchecked(ClientCalls.java:214)
	at org.apache.ratis.thirdparty.io.grpc.stub.ClientCalls.blockingUnaryCall(ClientCalls.java:139)
	at org.apache.ratis.proto.grpc.RaftServerProtocolServiceGrpc$RaftServerProtocolServiceBlockingStub.requestVote(RaftServerProtocolServiceGrpc.java:265)
	at org.apache.ratis.grpc.server.GrpcServerProtocolClient.requestVote(GrpcServerProtocolClient.java:99)
	at org.apache.ratis.grpc.server.GrpcService.requestVote(GrpcService.java:204)
	at org.apache.ratis.server.impl.LeaderElection.lambda$submitRequests$1(LeaderElection.java:234)
	at java.util.concurrent.FutureTask.run(FutureTask.java:266)
	at java.util.concurrent.Executors$RunnableAdapter.call(Executors.java:511)
	at java.util.concurrent.FutureTask.run(FutureTask.java:266)
	at java.util.concurrent.ThreadPoolExecutor.runWorker(ThreadPoolExecutor.java:1149)
	at java.util.concurrent.ThreadPoolExecutor$Worker.run(ThreadPoolExecutor.java:624)
	... 1 more
Caused by: org.apache.ratis.thirdparty.io.netty.channel.AbstractChannel$AnnotatedConnectException: Connection refused: /192.168.164.239:41652
	at sun.nio.ch.SocketChannelImpl.checkConnect(Native Method)
	at sun.nio.ch.SocketChannelImpl.finishConnect(SocketChannelImpl.java:717)
	at org.apache.ratis.thirdparty.io.netty.channel.socket.nio.NioSocketChannel.doFinishConnect(NioSocketChannel.java:327)
	at org.apache.ratis.thirdparty.io.netty.channel.nio.AbstractNioChannel$AbstractNioUnsafe.finishConnect(AbstractNioChannel.java:340)
	at org.apache.ratis.thirdparty.io.netty.channel.nio.NioEventLoop.processSelectedKey(NioEventLoop.java:632)
	at org.apache.ratis.thirdparty.io.netty.channel.nio.NioEventLoop.processSelectedKeysOptimized(NioEventLoop.java:579)
	at org.apache.ratis.thirdparty.io.netty.channel.nio.NioEventLoop.processSelectedKeys(NioEventLoop.java:496)
	at org.apache.ratis.thirdparty.io.netty.channel.nio.NioEventLoop.run(NioEventLoop.java:458)
	at org.apache.ratis.thirdparty.io.netty.util.concurrent.SingleThreadEventExecutor$5.run(SingleThreadEventExecutor.java:897)
	at org.apache.ratis.thirdparty.io.netty.util.concurrent.FastThreadLocalRunnable.run(FastThreadLocalRunnable.java:30)
	... 1 more
Caused by: java.net.ConnectException: Connection refused
	... 11 more
2019-10-15 16:30:07,779 [24ee8ff7-dd07-49e6-bbcb-bb50ff0e8e36@group-F2FE1ED60945-LeaderElection206] INFO  impl.LeaderElection (LogUtils.java:infoOrTrace(149)) - 24ee8ff7-dd07-49e6-bbcb-bb50ff0e8e36@group-F2FE1ED60945-LeaderElection206 got exception when requesting votes: {}
java.util.concurrent.ExecutionException: org.apache.ratis.thirdparty.io.grpc.StatusRuntimeException: UNAVAILABLE: io exception
	at java.util.concurrent.FutureTask.report(FutureTask.java:122)
	at java.util.concurrent.FutureTask.get(FutureTask.java:192)
	at org.apache.ratis.server.impl.LeaderElection.waitForResults(LeaderElection.java:259)
	at org.apache.ratis.server.impl.LeaderElection.askForVotes(LeaderElection.java:197)
	at org.apache.ratis.server.impl.LeaderElection.run(LeaderElection.java:133)
	at java.lang.Thread.run(Thread.java:748)
Caused by: org.apache.ratis.thirdparty.io.grpc.StatusRuntimeException: UNAVAILABLE: io exception
	at org.apache.ratis.thirdparty.io.grpc.stub.ClientCalls.toStatusRuntimeException(ClientCalls.java:233)
	at org.apache.ratis.thirdparty.io.grpc.stub.ClientCalls.getUnchecked(ClientCalls.java:214)
	at org.apache.ratis.thirdparty.io.grpc.stub.ClientCalls.blockingUnaryCall(ClientCalls.java:139)
	at org.apache.ratis.proto.grpc.RaftServerProtocolServiceGrpc$RaftServerProtocolServiceBlockingStub.requestVote(RaftServerProtocolServiceGrpc.java:265)
	at org.apache.ratis.grpc.server.GrpcServerProtocolClient.requestVote(GrpcServerProtocolClient.java:99)
	at org.apache.ratis.grpc.server.GrpcService.requestVote(GrpcService.java:204)
	at org.apache.ratis.server.impl.LeaderElection.lambda$submitRequests$1(LeaderElection.java:234)
	at java.util.concurrent.FutureTask.run(FutureTask.java:266)
	at java.util.concurrent.Executors$RunnableAdapter.call(Executors.java:511)
	at java.util.concurrent.FutureTask.run(FutureTask.java:266)
	at java.util.concurrent.ThreadPoolExecutor.runWorker(ThreadPoolExecutor.java:1149)
	at java.util.concurrent.ThreadPoolExecutor$Worker.run(ThreadPoolExecutor.java:624)
	... 1 more
Caused by: org.apache.ratis.thirdparty.io.netty.channel.AbstractChannel$AnnotatedConnectException: Connection refused: /192.168.164.239:35771
	at sun.nio.ch.SocketChannelImpl.checkConnect(Native Method)
	at sun.nio.ch.SocketChannelImpl.finishConnect(SocketChannelImpl.java:717)
	at org.apache.ratis.thirdparty.io.netty.channel.socket.nio.NioSocketChannel.doFinishConnect(NioSocketChannel.java:327)
	at org.apache.ratis.thirdparty.io.netty.channel.nio.AbstractNioChannel$AbstractNioUnsafe.finishConnect(AbstractNioChannel.java:340)
	at org.apache.ratis.thirdparty.io.netty.channel.nio.NioEventLoop.processSelectedKey(NioEventLoop.java:632)
	at org.apache.ratis.thirdparty.io.netty.channel.nio.NioEventLoop.processSelectedKeysOptimized(NioEventLoop.java:579)
	at org.apache.ratis.thirdparty.io.netty.channel.nio.NioEventLoop.processSelectedKeys(NioEventLoop.java:496)
	at org.apache.ratis.thirdparty.io.netty.channel.nio.NioEventLoop.run(NioEventLoop.java:458)
	at org.apache.ratis.thirdparty.io.netty.util.concurrent.SingleThreadEventExecutor$5.run(SingleThreadEventExecutor.java:897)
	at org.apache.ratis.thirdparty.io.netty.util.concurrent.FastThreadLocalRunnable.run(FastThreadLocalRunnable.java:30)
	... 1 more
Caused by: java.net.ConnectException: Connection refused
	... 11 more
2019-10-15 16:30:07,780 [24ee8ff7-dd07-49e6-bbcb-bb50ff0e8e36@group-F2FE1ED60945-LeaderElection206] INFO  impl.LeaderElection (LeaderElection.java:logAndReturn(56)) - 24ee8ff7-dd07-49e6-bbcb-bb50ff0e8e36@group-F2FE1ED60945-LeaderElection206: Election REJECTED; received 0 response(s) [] and 2 exception(s); 24ee8ff7-dd07-49e6-bbcb-bb50ff0e8e36@group-F2FE1ED60945:t16, leader=null, voted=24ee8ff7-dd07-49e6-bbcb-bb50ff0e8e36, raftlog=24ee8ff7-dd07-49e6-bbcb-bb50ff0e8e36@group-F2FE1ED60945-SegmentedRaftLog:OPENED:c0,f0,i0, conf=0: [c48d8dfa-9e66-4eac-9ff2-02281a99dfa9:192.168.164.239:41652, cccd55fe-f481-4e2b-93ed-b6a86d13c378:192.168.164.239:35771, 24ee8ff7-dd07-49e6-bbcb-bb50ff0e8e36:192.168.164.239:45096], old=null
2019-10-15 16:30:07,780 [24ee8ff7-dd07-49e6-bbcb-bb50ff0e8e36@group-F2FE1ED60945-LeaderElection206] INFO  impl.LeaderElection (LogUtils.java:infoOrTrace(149)) -   Exception 0: {}
java.util.concurrent.ExecutionException: org.apache.ratis.thirdparty.io.grpc.StatusRuntimeException: UNAVAILABLE: io exception
	at java.util.concurrent.FutureTask.report(FutureTask.java:122)
	at java.util.concurrent.FutureTask.get(FutureTask.java:192)
	at org.apache.ratis.server.impl.LeaderElection.waitForResults(LeaderElection.java:259)
	at org.apache.ratis.server.impl.LeaderElection.askForVotes(LeaderElection.java:197)
	at org.apache.ratis.server.impl.LeaderElection.run(LeaderElection.java:133)
	at java.lang.Thread.run(Thread.java:748)
Caused by: org.apache.ratis.thirdparty.io.grpc.StatusRuntimeException: UNAVAILABLE: io exception
	at org.apache.ratis.thirdparty.io.grpc.stub.ClientCalls.toStatusRuntimeException(ClientCalls.java:233)
	at org.apache.ratis.thirdparty.io.grpc.stub.ClientCalls.getUnchecked(ClientCalls.java:214)
	at org.apache.ratis.thirdparty.io.grpc.stub.ClientCalls.blockingUnaryCall(ClientCalls.java:139)
	at org.apache.ratis.proto.grpc.RaftServerProtocolServiceGrpc$RaftServerProtocolServiceBlockingStub.requestVote(RaftServerProtocolServiceGrpc.java:265)
	at org.apache.ratis.grpc.server.GrpcServerProtocolClient.requestVote(GrpcServerProtocolClient.java:99)
	at org.apache.ratis.grpc.server.GrpcService.requestVote(GrpcService.java:204)
	at org.apache.ratis.server.impl.LeaderElection.lambda$submitRequests$1(LeaderElection.java:234)
	at java.util.concurrent.FutureTask.run(FutureTask.java:266)
	at java.util.concurrent.Executors$RunnableAdapter.call(Executors.java:511)
	at java.util.concurrent.FutureTask.run(FutureTask.java:266)
	at java.util.concurrent.ThreadPoolExecutor.runWorker(ThreadPoolExecutor.java:1149)
	at java.util.concurrent.ThreadPoolExecutor$Worker.run(ThreadPoolExecutor.java:624)
	... 1 more
Caused by: org.apache.ratis.thirdparty.io.netty.channel.AbstractChannel$AnnotatedConnectException: Connection refused: /192.168.164.239:41652
	at sun.nio.ch.SocketChannelImpl.checkConnect(Native Method)
	at sun.nio.ch.SocketChannelImpl.finishConnect(SocketChannelImpl.java:717)
	at org.apache.ratis.thirdparty.io.netty.channel.socket.nio.NioSocketChannel.doFinishConnect(NioSocketChannel.java:327)
	at org.apache.ratis.thirdparty.io.netty.channel.nio.AbstractNioChannel$AbstractNioUnsafe.finishConnect(AbstractNioChannel.java:340)
	at org.apache.ratis.thirdparty.io.netty.channel.nio.NioEventLoop.processSelectedKey(NioEventLoop.java:632)
	at org.apache.ratis.thirdparty.io.netty.channel.nio.NioEventLoop.processSelectedKeysOptimized(NioEventLoop.java:579)
	at org.apache.ratis.thirdparty.io.netty.channel.nio.NioEventLoop.processSelectedKeys(NioEventLoop.java:496)
	at org.apache.ratis.thirdparty.io.netty.channel.nio.NioEventLoop.run(NioEventLoop.java:458)
	at org.apache.ratis.thirdparty.io.netty.util.concurrent.SingleThreadEventExecutor$5.run(SingleThreadEventExecutor.java:897)
	at org.apache.ratis.thirdparty.io.netty.util.concurrent.FastThreadLocalRunnable.run(FastThreadLocalRunnable.java:30)
	... 1 more
Caused by: java.net.ConnectException: Connection refused
	... 11 more
2019-10-15 16:30:07,780 [24ee8ff7-dd07-49e6-bbcb-bb50ff0e8e36@group-F2FE1ED60945-LeaderElection206] INFO  impl.LeaderElection (LogUtils.java:infoOrTrace(149)) -   Exception 1: {}
java.util.concurrent.ExecutionException: org.apache.ratis.thirdparty.io.grpc.StatusRuntimeException: UNAVAILABLE: io exception
	at java.util.concurrent.FutureTask.report(FutureTask.java:122)
	at java.util.concurrent.FutureTask.get(FutureTask.java:192)
	at org.apache.ratis.server.impl.LeaderElection.waitForResults(LeaderElection.java:259)
	at org.apache.ratis.server.impl.LeaderElection.askForVotes(LeaderElection.java:197)
	at org.apache.ratis.server.impl.LeaderElection.run(LeaderElection.java:133)
	at java.lang.Thread.run(Thread.java:748)
Caused by: org.apache.ratis.thirdparty.io.grpc.StatusRuntimeException: UNAVAILABLE: io exception
	at org.apache.ratis.thirdparty.io.grpc.stub.ClientCalls.toStatusRuntimeException(ClientCalls.java:233)
	at org.apache.ratis.thirdparty.io.grpc.stub.ClientCalls.getUnchecked(ClientCalls.java:214)
	at org.apache.ratis.thirdparty.io.grpc.stub.ClientCalls.blockingUnaryCall(ClientCalls.java:139)
	at org.apache.ratis.proto.grpc.RaftServerProtocolServiceGrpc$RaftServerProtocolServiceBlockingStub.requestVote(RaftServerProtocolServiceGrpc.java:265)
	at org.apache.ratis.grpc.server.GrpcServerProtocolClient.requestVote(GrpcServerProtocolClient.java:99)
	at org.apache.ratis.grpc.server.GrpcService.requestVote(GrpcService.java:204)
	at org.apache.ratis.server.impl.LeaderElection.lambda$submitRequests$1(LeaderElection.java:234)
	at java.util.concurrent.FutureTask.run(FutureTask.java:266)
	at java.util.concurrent.Executors$RunnableAdapter.call(Executors.java:511)
	at java.util.concurrent.FutureTask.run(FutureTask.java:266)
	at java.util.concurrent.ThreadPoolExecutor.runWorker(ThreadPoolExecutor.java:1149)
	at java.util.concurrent.ThreadPoolExecutor$Worker.run(ThreadPoolExecutor.java:624)
	... 1 more
Caused by: org.apache.ratis.thirdparty.io.netty.channel.AbstractChannel$AnnotatedConnectException: Connection refused: /192.168.164.239:35771
	at sun.nio.ch.SocketChannelImpl.checkConnect(Native Method)
	at sun.nio.ch.SocketChannelImpl.finishConnect(SocketChannelImpl.java:717)
	at org.apache.ratis.thirdparty.io.netty.channel.socket.nio.NioSocketChannel.doFinishConnect(NioSocketChannel.java:327)
	at org.apache.ratis.thirdparty.io.netty.channel.nio.AbstractNioChannel$AbstractNioUnsafe.finishConnect(AbstractNioChannel.java:340)
	at org.apache.ratis.thirdparty.io.netty.channel.nio.NioEventLoop.processSelectedKey(NioEventLoop.java:632)
	at org.apache.ratis.thirdparty.io.netty.channel.nio.NioEventLoop.processSelectedKeysOptimized(NioEventLoop.java:579)
	at org.apache.ratis.thirdparty.io.netty.channel.nio.NioEventLoop.processSelectedKeys(NioEventLoop.java:496)
	at org.apache.ratis.thirdparty.io.netty.channel.nio.NioEventLoop.run(NioEventLoop.java:458)
	at org.apache.ratis.thirdparty.io.netty.util.concurrent.SingleThreadEventExecutor$5.run(SingleThreadEventExecutor.java:897)
	at org.apache.ratis.thirdparty.io.netty.util.concurrent.FastThreadLocalRunnable.run(FastThreadLocalRunnable.java:30)
	... 1 more
Caused by: java.net.ConnectException: Connection refused
	... 11 more
2019-10-15 16:30:07,780 [24ee8ff7-dd07-49e6-bbcb-bb50ff0e8e36@group-F2FE1ED60945-LeaderElection206] INFO  impl.RaftServerImpl (RaftServerImpl.java:setRole(184)) - 24ee8ff7-dd07-49e6-bbcb-bb50ff0e8e36@group-F2FE1ED60945: changes role from CANDIDATE to FOLLOWER at term 16 for DISCOVERED_A_NEW_TERM
2019-10-15 16:30:07,781 [24ee8ff7-dd07-49e6-bbcb-bb50ff0e8e36@group-F2FE1ED60945-LeaderElection206] INFO  impl.RoleInfo (RoleInfo.java:shutdownLeaderElection(134)) - 24ee8ff7-dd07-49e6-bbcb-bb50ff0e8e36: shutdown LeaderElection
2019-10-15 16:30:07,781 [24ee8ff7-dd07-49e6-bbcb-bb50ff0e8e36@group-F2FE1ED60945-LeaderElection206] INFO  impl.RoleInfo (RoleInfo.java:updateAndGet(143)) - 24ee8ff7-dd07-49e6-bbcb-bb50ff0e8e36: start FollowerState
2019-10-15 16:30:08,160 [java.util.concurrent.ThreadPoolExecutor$Worker@6e96881a[State = -1, empty queue]] WARN  server.GrpcLogAppender (GrpcLogAppender.java:timeoutAppendRequest(209)) - 0bff853f-e43c-4347-b3e4-d8621042c42b@group-AF37DB7271F3->6af1a5bd-f075-405e-b6a5-6d145eedd789-GrpcLogAppender: appendEntries Timeout, request=0bff853f-e43c-4347-b3e4-d8621042c42b->6af1a5bd-f075-405e-b6a5-6d145eedd789#79-t7, previous=(t:7, i:19), leaderCommit=19, initializing? false, entries: <empty>
2019-10-15 16:30:08,209 [java.util.concurrent.ThreadPoolExecutor$Worker@506b2520[State = -1, empty queue]] WARN  server.GrpcLogAppender (GrpcLogAppender.java:timeoutAppendRequest(209)) - 0bff853f-e43c-4347-b3e4-d8621042c42b@group-AF37DB7271F3->b3806c56-f44f-4484-a72b-f9662a6f8cba-GrpcLogAppender: appendEntries Timeout, request=0bff853f-e43c-4347-b3e4-d8621042c42b->b3806c56-f44f-4484-a72b-f9662a6f8cba#79-t7, previous=(t:7, i:19), leaderCommit=19, initializing? false, entries: <empty>
2019-10-15 16:30:08,661 [java.util.concurrent.ThreadPoolExecutor$Worker@6e96881a[State = -1, empty queue]] WARN  server.GrpcLogAppender (GrpcLogAppender.java:timeoutAppendRequest(209)) - 0bff853f-e43c-4347-b3e4-d8621042c42b@group-AF37DB7271F3->6af1a5bd-f075-405e-b6a5-6d145eedd789-GrpcLogAppender: appendEntries Timeout, request=0bff853f-e43c-4347-b3e4-d8621042c42b->6af1a5bd-f075-405e-b6a5-6d145eedd789#80-t7, previous=(t:7, i:19), leaderCommit=19, initializing? false, entries: <empty>
2019-10-15 16:30:08,709 [java.util.concurrent.ThreadPoolExecutor$Worker@506b2520[State = -1, empty queue]] WARN  server.GrpcLogAppender (GrpcLogAppender.java:timeoutAppendRequest(209)) - 0bff853f-e43c-4347-b3e4-d8621042c42b@group-AF37DB7271F3->b3806c56-f44f-4484-a72b-f9662a6f8cba-GrpcLogAppender: appendEntries Timeout, request=0bff853f-e43c-4347-b3e4-d8621042c42b->b3806c56-f44f-4484-a72b-f9662a6f8cba#80-t7, previous=(t:7, i:19), leaderCommit=19, initializing? false, entries: <empty>
2019-10-15 16:30:08,873 [Thread-1783] INFO  impl.FollowerState (FollowerState.java:run(108)) - 24ee8ff7-dd07-49e6-bbcb-bb50ff0e8e36@group-F2FE1ED60945-FollowerState: change to CANDIDATE, lastRpcTime:1092ms, electionTimeout:1092ms
2019-10-15 16:30:08,873 [Thread-1783] INFO  impl.RoleInfo (RoleInfo.java:shutdownFollowerState(121)) - 24ee8ff7-dd07-49e6-bbcb-bb50ff0e8e36: shutdown FollowerState
2019-10-15 16:30:08,874 [Thread-1783] INFO  impl.RaftServerImpl (RaftServerImpl.java:setRole(184)) - 24ee8ff7-dd07-49e6-bbcb-bb50ff0e8e36@group-F2FE1ED60945: changes role from  FOLLOWER to CANDIDATE at term 16 for changeToCandidate
2019-10-15 16:30:08,874 [Thread-1783] INFO  impl.RoleInfo (RoleInfo.java:updateAndGet(143)) - 24ee8ff7-dd07-49e6-bbcb-bb50ff0e8e36: start LeaderElection
2019-10-15 16:30:08,898 [24ee8ff7-dd07-49e6-bbcb-bb50ff0e8e36@group-F2FE1ED60945-LeaderElection207] INFO  impl.LeaderElection (LeaderElection.java:askForVotes(178)) - 24ee8ff7-dd07-49e6-bbcb-bb50ff0e8e36@group-F2FE1ED60945-LeaderElection207: begin an election at term 17 for 0: [c48d8dfa-9e66-4eac-9ff2-02281a99dfa9:192.168.164.239:41652, cccd55fe-f481-4e2b-93ed-b6a86d13c378:192.168.164.239:35771, 24ee8ff7-dd07-49e6-bbcb-bb50ff0e8e36:192.168.164.239:45096], old=null
2019-10-15 16:30:08,900 [24ee8ff7-dd07-49e6-bbcb-bb50ff0e8e36@group-F2FE1ED60945-LeaderElection207] INFO  impl.LeaderElection (LogUtils.java:infoOrTrace(149)) - 24ee8ff7-dd07-49e6-bbcb-bb50ff0e8e36@group-F2FE1ED60945-LeaderElection207 got exception when requesting votes: {}
java.util.concurrent.ExecutionException: org.apache.ratis.thirdparty.io.grpc.StatusRuntimeException: UNAVAILABLE: io exception
	at java.util.concurrent.FutureTask.report(FutureTask.java:122)
	at java.util.concurrent.FutureTask.get(FutureTask.java:192)
	at org.apache.ratis.server.impl.LeaderElection.waitForResults(LeaderElection.java:259)
	at org.apache.ratis.server.impl.LeaderElection.askForVotes(LeaderElection.java:197)
	at org.apache.ratis.server.impl.LeaderElection.run(LeaderElection.java:133)
	at java.lang.Thread.run(Thread.java:748)
Caused by: org.apache.ratis.thirdparty.io.grpc.StatusRuntimeException: UNAVAILABLE: io exception
	at org.apache.ratis.thirdparty.io.grpc.stub.ClientCalls.toStatusRuntimeException(ClientCalls.java:233)
	at org.apache.ratis.thirdparty.io.grpc.stub.ClientCalls.getUnchecked(ClientCalls.java:214)
	at org.apache.ratis.thirdparty.io.grpc.stub.ClientCalls.blockingUnaryCall(ClientCalls.java:139)
	at org.apache.ratis.proto.grpc.RaftServerProtocolServiceGrpc$RaftServerProtocolServiceBlockingStub.requestVote(RaftServerProtocolServiceGrpc.java:265)
	at org.apache.ratis.grpc.server.GrpcServerProtocolClient.requestVote(GrpcServerProtocolClient.java:99)
	at org.apache.ratis.grpc.server.GrpcService.requestVote(GrpcService.java:204)
	at org.apache.ratis.server.impl.LeaderElection.lambda$submitRequests$1(LeaderElection.java:234)
	at java.util.concurrent.FutureTask.run(FutureTask.java:266)
	at java.util.concurrent.Executors$RunnableAdapter.call(Executors.java:511)
	at java.util.concurrent.FutureTask.run(FutureTask.java:266)
	at java.util.concurrent.ThreadPoolExecutor.runWorker(ThreadPoolExecutor.java:1149)
	at java.util.concurrent.ThreadPoolExecutor$Worker.run(ThreadPoolExecutor.java:624)
	... 1 more
Caused by: org.apache.ratis.thirdparty.io.netty.channel.AbstractChannel$AnnotatedConnectException: Connection refused: /192.168.164.239:35771
	at sun.nio.ch.SocketChannelImpl.checkConnect(Native Method)
	at sun.nio.ch.SocketChannelImpl.finishConnect(SocketChannelImpl.java:717)
	at org.apache.ratis.thirdparty.io.netty.channel.socket.nio.NioSocketChannel.doFinishConnect(NioSocketChannel.java:327)
	at org.apache.ratis.thirdparty.io.netty.channel.nio.AbstractNioChannel$AbstractNioUnsafe.finishConnect(AbstractNioChannel.java:340)
	at org.apache.ratis.thirdparty.io.netty.channel.nio.NioEventLoop.processSelectedKey(NioEventLoop.java:632)
	at org.apache.ratis.thirdparty.io.netty.channel.nio.NioEventLoop.processSelectedKeysOptimized(NioEventLoop.java:579)
	at org.apache.ratis.thirdparty.io.netty.channel.nio.NioEventLoop.processSelectedKeys(NioEventLoop.java:496)
	at org.apache.ratis.thirdparty.io.netty.channel.nio.NioEventLoop.run(NioEventLoop.java:458)
	at org.apache.ratis.thirdparty.io.netty.util.concurrent.SingleThreadEventExecutor$5.run(SingleThreadEventExecutor.java:897)
	at org.apache.ratis.thirdparty.io.netty.util.concurrent.FastThreadLocalRunnable.run(FastThreadLocalRunnable.java:30)
	... 1 more
Caused by: java.net.ConnectException: Connection refused
	... 11 more
2019-10-15 16:30:08,900 [24ee8ff7-dd07-49e6-bbcb-bb50ff0e8e36@group-F2FE1ED60945-LeaderElection207] INFO  impl.LeaderElection (LogUtils.java:infoOrTrace(149)) - 24ee8ff7-dd07-49e6-bbcb-bb50ff0e8e36@group-F2FE1ED60945-LeaderElection207 got exception when requesting votes: {}
java.util.concurrent.ExecutionException: org.apache.ratis.thirdparty.io.grpc.StatusRuntimeException: UNAVAILABLE: io exception
	at java.util.concurrent.FutureTask.report(FutureTask.java:122)
	at java.util.concurrent.FutureTask.get(FutureTask.java:192)
	at org.apache.ratis.server.impl.LeaderElection.waitForResults(LeaderElection.java:259)
	at org.apache.ratis.server.impl.LeaderElection.askForVotes(LeaderElection.java:197)
	at org.apache.ratis.server.impl.LeaderElection.run(LeaderElection.java:133)
	at java.lang.Thread.run(Thread.java:748)
Caused by: org.apache.ratis.thirdparty.io.grpc.StatusRuntimeException: UNAVAILABLE: io exception
	at org.apache.ratis.thirdparty.io.grpc.stub.ClientCalls.toStatusRuntimeException(ClientCalls.java:233)
	at org.apache.ratis.thirdparty.io.grpc.stub.ClientCalls.getUnchecked(ClientCalls.java:214)
	at org.apache.ratis.thirdparty.io.grpc.stub.ClientCalls.blockingUnaryCall(ClientCalls.java:139)
	at org.apache.ratis.proto.grpc.RaftServerProtocolServiceGrpc$RaftServerProtocolServiceBlockingStub.requestVote(RaftServerProtocolServiceGrpc.java:265)
	at org.apache.ratis.grpc.server.GrpcServerProtocolClient.requestVote(GrpcServerProtocolClient.java:99)
	at org.apache.ratis.grpc.server.GrpcService.requestVote(GrpcService.java:204)
	at org.apache.ratis.server.impl.LeaderElection.lambda$submitRequests$1(LeaderElection.java:234)
	at java.util.concurrent.FutureTask.run(FutureTask.java:266)
	at java.util.concurrent.Executors$RunnableAdapter.call(Executors.java:511)
	at java.util.concurrent.FutureTask.run(FutureTask.java:266)
	at java.util.concurrent.ThreadPoolExecutor.runWorker(ThreadPoolExecutor.java:1149)
	at java.util.concurrent.ThreadPoolExecutor$Worker.run(ThreadPoolExecutor.java:624)
	... 1 more
Caused by: org.apache.ratis.thirdparty.io.netty.channel.AbstractChannel$AnnotatedConnectException: Connection refused: /192.168.164.239:41652
	at sun.nio.ch.SocketChannelImpl.checkConnect(Native Method)
	at sun.nio.ch.SocketChannelImpl.finishConnect(SocketChannelImpl.java:717)
	at org.apache.ratis.thirdparty.io.netty.channel.socket.nio.NioSocketChannel.doFinishConnect(NioSocketChannel.java:327)
	at org.apache.ratis.thirdparty.io.netty.channel.nio.AbstractNioChannel$AbstractNioUnsafe.finishConnect(AbstractNioChannel.java:340)
	at org.apache.ratis.thirdparty.io.netty.channel.nio.NioEventLoop.processSelectedKey(NioEventLoop.java:632)
	at org.apache.ratis.thirdparty.io.netty.channel.nio.NioEventLoop.processSelectedKeysOptimized(NioEventLoop.java:579)
	at org.apache.ratis.thirdparty.io.netty.channel.nio.NioEventLoop.processSelectedKeys(NioEventLoop.java:496)
	at org.apache.ratis.thirdparty.io.netty.channel.nio.NioEventLoop.run(NioEventLoop.java:458)
	at org.apache.ratis.thirdparty.io.netty.util.concurrent.SingleThreadEventExecutor$5.run(SingleThreadEventExecutor.java:897)
	at org.apache.ratis.thirdparty.io.netty.util.concurrent.FastThreadLocalRunnable.run(FastThreadLocalRunnable.java:30)
	... 1 more
Caused by: java.net.ConnectException: Connection refused
	... 11 more
2019-10-15 16:30:08,901 [24ee8ff7-dd07-49e6-bbcb-bb50ff0e8e36@group-F2FE1ED60945-LeaderElection207] INFO  impl.LeaderElection (LeaderElection.java:logAndReturn(56)) - 24ee8ff7-dd07-49e6-bbcb-bb50ff0e8e36@group-F2FE1ED60945-LeaderElection207: Election REJECTED; received 0 response(s) [] and 2 exception(s); 24ee8ff7-dd07-49e6-bbcb-bb50ff0e8e36@group-F2FE1ED60945:t17, leader=null, voted=24ee8ff7-dd07-49e6-bbcb-bb50ff0e8e36, raftlog=24ee8ff7-dd07-49e6-bbcb-bb50ff0e8e36@group-F2FE1ED60945-SegmentedRaftLog:OPENED:c0,f0,i0, conf=0: [c48d8dfa-9e66-4eac-9ff2-02281a99dfa9:192.168.164.239:41652, cccd55fe-f481-4e2b-93ed-b6a86d13c378:192.168.164.239:35771, 24ee8ff7-dd07-49e6-bbcb-bb50ff0e8e36:192.168.164.239:45096], old=null
2019-10-15 16:30:08,901 [24ee8ff7-dd07-49e6-bbcb-bb50ff0e8e36@group-F2FE1ED60945-LeaderElection207] INFO  impl.LeaderElection (LogUtils.java:infoOrTrace(149)) -   Exception 0: {}
java.util.concurrent.ExecutionException: org.apache.ratis.thirdparty.io.grpc.StatusRuntimeException: UNAVAILABLE: io exception
	at java.util.concurrent.FutureTask.report(FutureTask.java:122)
	at java.util.concurrent.FutureTask.get(FutureTask.java:192)
	at org.apache.ratis.server.impl.LeaderElection.waitForResults(LeaderElection.java:259)
	at org.apache.ratis.server.impl.LeaderElection.askForVotes(LeaderElection.java:197)
	at org.apache.ratis.server.impl.LeaderElection.run(LeaderElection.java:133)
	at java.lang.Thread.run(Thread.java:748)
Caused by: org.apache.ratis.thirdparty.io.grpc.StatusRuntimeException: UNAVAILABLE: io exception
	at org.apache.ratis.thirdparty.io.grpc.stub.ClientCalls.toStatusRuntimeException(ClientCalls.java:233)
	at org.apache.ratis.thirdparty.io.grpc.stub.ClientCalls.getUnchecked(ClientCalls.java:214)
	at org.apache.ratis.thirdparty.io.grpc.stub.ClientCalls.blockingUnaryCall(ClientCalls.java:139)
	at org.apache.ratis.proto.grpc.RaftServerProtocolServiceGrpc$RaftServerProtocolServiceBlockingStub.requestVote(RaftServerProtocolServiceGrpc.java:265)
	at org.apache.ratis.grpc.server.GrpcServerProtocolClient.requestVote(GrpcServerProtocolClient.java:99)
	at org.apache.ratis.grpc.server.GrpcService.requestVote(GrpcService.java:204)
	at org.apache.ratis.server.impl.LeaderElection.lambda$submitRequests$1(LeaderElection.java:234)
	at java.util.concurrent.FutureTask.run(FutureTask.java:266)
	at java.util.concurrent.Executors$RunnableAdapter.call(Executors.java:511)
	at java.util.concurrent.FutureTask.run(FutureTask.java:266)
	at java.util.concurrent.ThreadPoolExecutor.runWorker(ThreadPoolExecutor.java:1149)
	at java.util.concurrent.ThreadPoolExecutor$Worker.run(ThreadPoolExecutor.java:624)
	... 1 more
Caused by: org.apache.ratis.thirdparty.io.netty.channel.AbstractChannel$AnnotatedConnectException: Connection refused: /192.168.164.239:35771
	at sun.nio.ch.SocketChannelImpl.checkConnect(Native Method)
	at sun.nio.ch.SocketChannelImpl.finishConnect(SocketChannelImpl.java:717)
	at org.apache.ratis.thirdparty.io.netty.channel.socket.nio.NioSocketChannel.doFinishConnect(NioSocketChannel.java:327)
	at org.apache.ratis.thirdparty.io.netty.channel.nio.AbstractNioChannel$AbstractNioUnsafe.finishConnect(AbstractNioChannel.java:340)
	at org.apache.ratis.thirdparty.io.netty.channel.nio.NioEventLoop.processSelectedKey(NioEventLoop.java:632)
	at org.apache.ratis.thirdparty.io.netty.channel.nio.NioEventLoop.processSelectedKeysOptimized(NioEventLoop.java:579)
	at org.apache.ratis.thirdparty.io.netty.channel.nio.NioEventLoop.processSelectedKeys(NioEventLoop.java:496)
	at org.apache.ratis.thirdparty.io.netty.channel.nio.NioEventLoop.run(NioEventLoop.java:458)
	at org.apache.ratis.thirdparty.io.netty.util.concurrent.SingleThreadEventExecutor$5.run(SingleThreadEventExecutor.java:897)
	at org.apache.ratis.thirdparty.io.netty.util.concurrent.FastThreadLocalRunnable.run(FastThreadLocalRunnable.java:30)
	... 1 more
Caused by: java.net.ConnectException: Connection refused
	... 11 more
2019-10-15 16:30:08,901 [24ee8ff7-dd07-49e6-bbcb-bb50ff0e8e36@group-F2FE1ED60945-LeaderElection207] INFO  impl.LeaderElection (LogUtils.java:infoOrTrace(149)) -   Exception 1: {}
java.util.concurrent.ExecutionException: org.apache.ratis.thirdparty.io.grpc.StatusRuntimeException: UNAVAILABLE: io exception
	at java.util.concurrent.FutureTask.report(FutureTask.java:122)
	at java.util.concurrent.FutureTask.get(FutureTask.java:192)
	at org.apache.ratis.server.impl.LeaderElection.waitForResults(LeaderElection.java:259)
	at org.apache.ratis.server.impl.LeaderElection.askForVotes(LeaderElection.java:197)
	at org.apache.ratis.server.impl.LeaderElection.run(LeaderElection.java:133)
	at java.lang.Thread.run(Thread.java:748)
Caused by: org.apache.ratis.thirdparty.io.grpc.StatusRuntimeException: UNAVAILABLE: io exception
	at org.apache.ratis.thirdparty.io.grpc.stub.ClientCalls.toStatusRuntimeException(ClientCalls.java:233)
	at org.apache.ratis.thirdparty.io.grpc.stub.ClientCalls.getUnchecked(ClientCalls.java:214)
	at org.apache.ratis.thirdparty.io.grpc.stub.ClientCalls.blockingUnaryCall(ClientCalls.java:139)
	at org.apache.ratis.proto.grpc.RaftServerProtocolServiceGrpc$RaftServerProtocolServiceBlockingStub.requestVote(RaftServerProtocolServiceGrpc.java:265)
	at org.apache.ratis.grpc.server.GrpcServerProtocolClient.requestVote(GrpcServerProtocolClient.java:99)
	at org.apache.ratis.grpc.server.GrpcService.requestVote(GrpcService.java:204)
	at org.apache.ratis.server.impl.LeaderElection.lambda$submitRequests$1(LeaderElection.java:234)
	at java.util.concurrent.FutureTask.run(FutureTask.java:266)
	at java.util.concurrent.Executors$RunnableAdapter.call(Executors.java:511)
	at java.util.concurrent.FutureTask.run(FutureTask.java:266)
	at java.util.concurrent.ThreadPoolExecutor.runWorker(ThreadPoolExecutor.java:1149)
	at java.util.concurrent.ThreadPoolExecutor$Worker.run(ThreadPoolExecutor.java:624)
	... 1 more
Caused by: org.apache.ratis.thirdparty.io.netty.channel.AbstractChannel$AnnotatedConnectException: Connection refused: /192.168.164.239:41652
	at sun.nio.ch.SocketChannelImpl.checkConnect(Native Method)
	at sun.nio.ch.SocketChannelImpl.finishConnect(SocketChannelImpl.java:717)
	at org.apache.ratis.thirdparty.io.netty.channel.socket.nio.NioSocketChannel.doFinishConnect(NioSocketChannel.java:327)
	at org.apache.ratis.thirdparty.io.netty.channel.nio.AbstractNioChannel$AbstractNioUnsafe.finishConnect(AbstractNioChannel.java:340)
	at org.apache.ratis.thirdparty.io.netty.channel.nio.NioEventLoop.processSelectedKey(NioEventLoop.java:632)
	at org.apache.ratis.thirdparty.io.netty.channel.nio.NioEventLoop.processSelectedKeysOptimized(NioEventLoop.java:579)
	at org.apache.ratis.thirdparty.io.netty.channel.nio.NioEventLoop.processSelectedKeys(NioEventLoop.java:496)
	at org.apache.ratis.thirdparty.io.netty.channel.nio.NioEventLoop.run(NioEventLoop.java:458)
	at org.apache.ratis.thirdparty.io.netty.util.concurrent.SingleThreadEventExecutor$5.run(SingleThreadEventExecutor.java:897)
	at org.apache.ratis.thirdparty.io.netty.util.concurrent.FastThreadLocalRunnable.run(FastThreadLocalRunnable.java:30)
	... 1 more
Caused by: java.net.ConnectException: Connection refused
	... 11 more
2019-10-15 16:30:08,901 [24ee8ff7-dd07-49e6-bbcb-bb50ff0e8e36@group-F2FE1ED60945-LeaderElection207] INFO  impl.RaftServerImpl (RaftServerImpl.java:setRole(184)) - 24ee8ff7-dd07-49e6-bbcb-bb50ff0e8e36@group-F2FE1ED60945: changes role from CANDIDATE to FOLLOWER at term 17 for DISCOVERED_A_NEW_TERM
2019-10-15 16:30:08,901 [24ee8ff7-dd07-49e6-bbcb-bb50ff0e8e36@group-F2FE1ED60945-LeaderElection207] INFO  impl.RoleInfo (RoleInfo.java:shutdownLeaderElection(134)) - 24ee8ff7-dd07-49e6-bbcb-bb50ff0e8e36: shutdown LeaderElection
2019-10-15 16:30:08,901 [24ee8ff7-dd07-49e6-bbcb-bb50ff0e8e36@group-F2FE1ED60945-LeaderElection207] INFO  impl.RoleInfo (RoleInfo.java:updateAndGet(143)) - 24ee8ff7-dd07-49e6-bbcb-bb50ff0e8e36: start FollowerState
2019-10-15 16:30:09,161 [java.util.concurrent.ThreadPoolExecutor$Worker@6e96881a[State = -1, empty queue]] WARN  server.GrpcLogAppender (GrpcLogAppender.java:timeoutAppendRequest(209)) - 0bff853f-e43c-4347-b3e4-d8621042c42b@group-AF37DB7271F3->6af1a5bd-f075-405e-b6a5-6d145eedd789-GrpcLogAppender: appendEntries Timeout, request=0bff853f-e43c-4347-b3e4-d8621042c42b->6af1a5bd-f075-405e-b6a5-6d145eedd789#81-t7, previous=(t:7, i:19), leaderCommit=19, initializing? false, entries: <empty>
2019-10-15 16:30:09,209 [java.util.concurrent.ThreadPoolExecutor$Worker@506b2520[State = -1, empty queue]] WARN  server.GrpcLogAppender (GrpcLogAppender.java:timeoutAppendRequest(209)) - 0bff853f-e43c-4347-b3e4-d8621042c42b@group-AF37DB7271F3->b3806c56-f44f-4484-a72b-f9662a6f8cba-GrpcLogAppender: appendEntries Timeout, request=0bff853f-e43c-4347-b3e4-d8621042c42b->b3806c56-f44f-4484-a72b-f9662a6f8cba#81-t7, previous=(t:7, i:19), leaderCommit=19, initializing? false, entries: <empty>
2019-10-15 16:30:09,662 [java.util.concurrent.ThreadPoolExecutor$Worker@6e96881a[State = -1, empty queue]] WARN  server.GrpcLogAppender (GrpcLogAppender.java:timeoutAppendRequest(209)) - 0bff853f-e43c-4347-b3e4-d8621042c42b@group-AF37DB7271F3->6af1a5bd-f075-405e-b6a5-6d145eedd789-GrpcLogAppender: appendEntries Timeout, request=0bff853f-e43c-4347-b3e4-d8621042c42b->6af1a5bd-f075-405e-b6a5-6d145eedd789#82-t7, previous=(t:7, i:19), leaderCommit=19, initializing? false, entries: <empty>
2019-10-15 16:30:09,710 [java.util.concurrent.ThreadPoolExecutor$Worker@506b2520[State = -1, empty queue]] WARN  server.GrpcLogAppender (GrpcLogAppender.java:timeoutAppendRequest(209)) - 0bff853f-e43c-4347-b3e4-d8621042c42b@group-AF37DB7271F3->b3806c56-f44f-4484-a72b-f9662a6f8cba-GrpcLogAppender: appendEntries Timeout, request=0bff853f-e43c-4347-b3e4-d8621042c42b->b3806c56-f44f-4484-a72b-f9662a6f8cba#82-t7, previous=(t:7, i:19), leaderCommit=19, initializing? false, entries: <empty>
2019-10-15 16:30:09,993 [Thread-1787] INFO  impl.FollowerState (FollowerState.java:run(108)) - 24ee8ff7-dd07-49e6-bbcb-bb50ff0e8e36@group-F2FE1ED60945-FollowerState: change to CANDIDATE, lastRpcTime:1091ms, electionTimeout:1091ms
2019-10-15 16:30:09,993 [Thread-1787] INFO  impl.RoleInfo (RoleInfo.java:shutdownFollowerState(121)) - 24ee8ff7-dd07-49e6-bbcb-bb50ff0e8e36: shutdown FollowerState
2019-10-15 16:30:09,994 [Thread-1787] INFO  impl.RaftServerImpl (RaftServerImpl.java:setRole(184)) - 24ee8ff7-dd07-49e6-bbcb-bb50ff0e8e36@group-F2FE1ED60945: changes role from  FOLLOWER to CANDIDATE at term 17 for changeToCandidate
2019-10-15 16:30:09,994 [Thread-1787] INFO  impl.RoleInfo (RoleInfo.java:updateAndGet(143)) - 24ee8ff7-dd07-49e6-bbcb-bb50ff0e8e36: start LeaderElection
2019-10-15 16:30:10,027 [24ee8ff7-dd07-49e6-bbcb-bb50ff0e8e36@group-F2FE1ED60945-LeaderElection208] INFO  impl.LeaderElection (LeaderElection.java:askForVotes(178)) - 24ee8ff7-dd07-49e6-bbcb-bb50ff0e8e36@group-F2FE1ED60945-LeaderElection208: begin an election at term 18 for 0: [c48d8dfa-9e66-4eac-9ff2-02281a99dfa9:192.168.164.239:41652, cccd55fe-f481-4e2b-93ed-b6a86d13c378:192.168.164.239:35771, 24ee8ff7-dd07-49e6-bbcb-bb50ff0e8e36:192.168.164.239:45096], old=null
2019-10-15 16:30:10,030 [24ee8ff7-dd07-49e6-bbcb-bb50ff0e8e36@group-F2FE1ED60945-LeaderElection208] INFO  impl.LeaderElection (LogUtils.java:infoOrTrace(149)) - 24ee8ff7-dd07-49e6-bbcb-bb50ff0e8e36@group-F2FE1ED60945-LeaderElection208 got exception when requesting votes: {}
java.util.concurrent.ExecutionException: org.apache.ratis.thirdparty.io.grpc.StatusRuntimeException: UNAVAILABLE: io exception
	at java.util.concurrent.FutureTask.report(FutureTask.java:122)
	at java.util.concurrent.FutureTask.get(FutureTask.java:192)
	at org.apache.ratis.server.impl.LeaderElection.waitForResults(LeaderElection.java:259)
	at org.apache.ratis.server.impl.LeaderElection.askForVotes(LeaderElection.java:197)
	at org.apache.ratis.server.impl.LeaderElection.run(LeaderElection.java:133)
	at java.lang.Thread.run(Thread.java:748)
Caused by: org.apache.ratis.thirdparty.io.grpc.StatusRuntimeException: UNAVAILABLE: io exception
	at org.apache.ratis.thirdparty.io.grpc.stub.ClientCalls.toStatusRuntimeException(ClientCalls.java:233)
	at org.apache.ratis.thirdparty.io.grpc.stub.ClientCalls.getUnchecked(ClientCalls.java:214)
	at org.apache.ratis.thirdparty.io.grpc.stub.ClientCalls.blockingUnaryCall(ClientCalls.java:139)
	at org.apache.ratis.proto.grpc.RaftServerProtocolServiceGrpc$RaftServerProtocolServiceBlockingStub.requestVote(RaftServerProtocolServiceGrpc.java:265)
	at org.apache.ratis.grpc.server.GrpcServerProtocolClient.requestVote(GrpcServerProtocolClient.java:99)
	at org.apache.ratis.grpc.server.GrpcService.requestVote(GrpcService.java:204)
	at org.apache.ratis.server.impl.LeaderElection.lambda$submitRequests$1(LeaderElection.java:234)
	at java.util.concurrent.FutureTask.run(FutureTask.java:266)
	at java.util.concurrent.Executors$RunnableAdapter.call(Executors.java:511)
	at java.util.concurrent.FutureTask.run(FutureTask.java:266)
	at java.util.concurrent.ThreadPoolExecutor.runWorker(ThreadPoolExecutor.java:1149)
	at java.util.concurrent.ThreadPoolExecutor$Worker.run(ThreadPoolExecutor.java:624)
	... 1 more
Caused by: org.apache.ratis.thirdparty.io.netty.channel.AbstractChannel$AnnotatedConnectException: Connection refused: /192.168.164.239:41652
	at sun.nio.ch.SocketChannelImpl.checkConnect(Native Method)
	at sun.nio.ch.SocketChannelImpl.finishConnect(SocketChannelImpl.java:717)
	at org.apache.ratis.thirdparty.io.netty.channel.socket.nio.NioSocketChannel.doFinishConnect(NioSocketChannel.java:327)
	at org.apache.ratis.thirdparty.io.netty.channel.nio.AbstractNioChannel$AbstractNioUnsafe.finishConnect(AbstractNioChannel.java:340)
	at org.apache.ratis.thirdparty.io.netty.channel.nio.NioEventLoop.processSelectedKey(NioEventLoop.java:632)
	at org.apache.ratis.thirdparty.io.netty.channel.nio.NioEventLoop.processSelectedKeysOptimized(NioEventLoop.java:579)
	at org.apache.ratis.thirdparty.io.netty.channel.nio.NioEventLoop.processSelectedKeys(NioEventLoop.java:496)
	at org.apache.ratis.thirdparty.io.netty.channel.nio.NioEventLoop.run(NioEventLoop.java:458)
	at org.apache.ratis.thirdparty.io.netty.util.concurrent.SingleThreadEventExecutor$5.run(SingleThreadEventExecutor.java:897)
	at org.apache.ratis.thirdparty.io.netty.util.concurrent.FastThreadLocalRunnable.run(FastThreadLocalRunnable.java:30)
	... 1 more
Caused by: java.net.ConnectException: Connection refused
	... 11 more
2019-10-15 16:30:10,031 [24ee8ff7-dd07-49e6-bbcb-bb50ff0e8e36@group-F2FE1ED60945-LeaderElection208] INFO  impl.LeaderElection (LogUtils.java:infoOrTrace(149)) - 24ee8ff7-dd07-49e6-bbcb-bb50ff0e8e36@group-F2FE1ED60945-LeaderElection208 got exception when requesting votes: {}
java.util.concurrent.ExecutionException: org.apache.ratis.thirdparty.io.grpc.StatusRuntimeException: UNAVAILABLE: io exception
	at java.util.concurrent.FutureTask.report(FutureTask.java:122)
	at java.util.concurrent.FutureTask.get(FutureTask.java:192)
	at org.apache.ratis.server.impl.LeaderElection.waitForResults(LeaderElection.java:259)
	at org.apache.ratis.server.impl.LeaderElection.askForVotes(LeaderElection.java:197)
	at org.apache.ratis.server.impl.LeaderElection.run(LeaderElection.java:133)
	at java.lang.Thread.run(Thread.java:748)
Caused by: org.apache.ratis.thirdparty.io.grpc.StatusRuntimeException: UNAVAILABLE: io exception
	at org.apache.ratis.thirdparty.io.grpc.stub.ClientCalls.toStatusRuntimeException(ClientCalls.java:233)
	at org.apache.ratis.thirdparty.io.grpc.stub.ClientCalls.getUnchecked(ClientCalls.java:214)
	at org.apache.ratis.thirdparty.io.grpc.stub.ClientCalls.blockingUnaryCall(ClientCalls.java:139)
	at org.apache.ratis.proto.grpc.RaftServerProtocolServiceGrpc$RaftServerProtocolServiceBlockingStub.requestVote(RaftServerProtocolServiceGrpc.java:265)
	at org.apache.ratis.grpc.server.GrpcServerProtocolClient.requestVote(GrpcServerProtocolClient.java:99)
	at org.apache.ratis.grpc.server.GrpcService.requestVote(GrpcService.java:204)
	at org.apache.ratis.server.impl.LeaderElection.lambda$submitRequests$1(LeaderElection.java:234)
	at java.util.concurrent.FutureTask.run(FutureTask.java:266)
	at java.util.concurrent.Executors$RunnableAdapter.call(Executors.java:511)
	at java.util.concurrent.FutureTask.run(FutureTask.java:266)
	at java.util.concurrent.ThreadPoolExecutor.runWorker(ThreadPoolExecutor.java:1149)
	at java.util.concurrent.ThreadPoolExecutor$Worker.run(ThreadPoolExecutor.java:624)
	... 1 more
Caused by: org.apache.ratis.thirdparty.io.netty.channel.AbstractChannel$AnnotatedConnectException: Connection refused: /192.168.164.239:35771
	at sun.nio.ch.SocketChannelImpl.checkConnect(Native Method)
	at sun.nio.ch.SocketChannelImpl.finishConnect(SocketChannelImpl.java:717)
	at org.apache.ratis.thirdparty.io.netty.channel.socket.nio.NioSocketChannel.doFinishConnect(NioSocketChannel.java:327)
	at org.apache.ratis.thirdparty.io.netty.channel.nio.AbstractNioChannel$AbstractNioUnsafe.finishConnect(AbstractNioChannel.java:340)
	at org.apache.ratis.thirdparty.io.netty.channel.nio.NioEventLoop.processSelectedKey(NioEventLoop.java:632)
	at org.apache.ratis.thirdparty.io.netty.channel.nio.NioEventLoop.processSelectedKeysOptimized(NioEventLoop.java:579)
	at org.apache.ratis.thirdparty.io.netty.channel.nio.NioEventLoop.processSelectedKeys(NioEventLoop.java:496)
	at org.apache.ratis.thirdparty.io.netty.channel.nio.NioEventLoop.run(NioEventLoop.java:458)
	at org.apache.ratis.thirdparty.io.netty.util.concurrent.SingleThreadEventExecutor$5.run(SingleThreadEventExecutor.java:897)
	at org.apache.ratis.thirdparty.io.netty.util.concurrent.FastThreadLocalRunnable.run(FastThreadLocalRunnable.java:30)
	... 1 more
Caused by: java.net.ConnectException: Connection refused
	... 11 more
2019-10-15 16:30:10,032 [24ee8ff7-dd07-49e6-bbcb-bb50ff0e8e36@group-F2FE1ED60945-LeaderElection208] INFO  impl.LeaderElection (LeaderElection.java:logAndReturn(56)) - 24ee8ff7-dd07-49e6-bbcb-bb50ff0e8e36@group-F2FE1ED60945-LeaderElection208: Election REJECTED; received 0 response(s) [] and 2 exception(s); 24ee8ff7-dd07-49e6-bbcb-bb50ff0e8e36@group-F2FE1ED60945:t18, leader=null, voted=24ee8ff7-dd07-49e6-bbcb-bb50ff0e8e36, raftlog=24ee8ff7-dd07-49e6-bbcb-bb50ff0e8e36@group-F2FE1ED60945-SegmentedRaftLog:OPENED:c0,f0,i0, conf=0: [c48d8dfa-9e66-4eac-9ff2-02281a99dfa9:192.168.164.239:41652, cccd55fe-f481-4e2b-93ed-b6a86d13c378:192.168.164.239:35771, 24ee8ff7-dd07-49e6-bbcb-bb50ff0e8e36:192.168.164.239:45096], old=null
2019-10-15 16:30:10,033 [24ee8ff7-dd07-49e6-bbcb-bb50ff0e8e36@group-F2FE1ED60945-LeaderElection208] INFO  impl.LeaderElection (LogUtils.java:infoOrTrace(149)) -   Exception 0: {}
java.util.concurrent.ExecutionException: org.apache.ratis.thirdparty.io.grpc.StatusRuntimeException: UNAVAILABLE: io exception
	at java.util.concurrent.FutureTask.report(FutureTask.java:122)
	at java.util.concurrent.FutureTask.get(FutureTask.java:192)
	at org.apache.ratis.server.impl.LeaderElection.waitForResults(LeaderElection.java:259)
	at org.apache.ratis.server.impl.LeaderElection.askForVotes(LeaderElection.java:197)
	at org.apache.ratis.server.impl.LeaderElection.run(LeaderElection.java:133)
	at java.lang.Thread.run(Thread.java:748)
Caused by: org.apache.ratis.thirdparty.io.grpc.StatusRuntimeException: UNAVAILABLE: io exception
	at org.apache.ratis.thirdparty.io.grpc.stub.ClientCalls.toStatusRuntimeException(ClientCalls.java:233)
	at org.apache.ratis.thirdparty.io.grpc.stub.ClientCalls.getUnchecked(ClientCalls.java:214)
	at org.apache.ratis.thirdparty.io.grpc.stub.ClientCalls.blockingUnaryCall(ClientCalls.java:139)
	at org.apache.ratis.proto.grpc.RaftServerProtocolServiceGrpc$RaftServerProtocolServiceBlockingStub.requestVote(RaftServerProtocolServiceGrpc.java:265)
	at org.apache.ratis.grpc.server.GrpcServerProtocolClient.requestVote(GrpcServerProtocolClient.java:99)
	at org.apache.ratis.grpc.server.GrpcService.requestVote(GrpcService.java:204)
	at org.apache.ratis.server.impl.LeaderElection.lambda$submitRequests$1(LeaderElection.java:234)
	at java.util.concurrent.FutureTask.run(FutureTask.java:266)
	at java.util.concurrent.Executors$RunnableAdapter.call(Executors.java:511)
	at java.util.concurrent.FutureTask.run(FutureTask.java:266)
	at java.util.concurrent.ThreadPoolExecutor.runWorker(ThreadPoolExecutor.java:1149)
	at java.util.concurrent.ThreadPoolExecutor$Worker.run(ThreadPoolExecutor.java:624)
	... 1 more
Caused by: org.apache.ratis.thirdparty.io.netty.channel.AbstractChannel$AnnotatedConnectException: Connection refused: /192.168.164.239:41652
	at sun.nio.ch.SocketChannelImpl.checkConnect(Native Method)
	at sun.nio.ch.SocketChannelImpl.finishConnect(SocketChannelImpl.java:717)
	at org.apache.ratis.thirdparty.io.netty.channel.socket.nio.NioSocketChannel.doFinishConnect(NioSocketChannel.java:327)
	at org.apache.ratis.thirdparty.io.netty.channel.nio.AbstractNioChannel$AbstractNioUnsafe.finishConnect(AbstractNioChannel.java:340)
	at org.apache.ratis.thirdparty.io.netty.channel.nio.NioEventLoop.processSelectedKey(NioEventLoop.java:632)
	at org.apache.ratis.thirdparty.io.netty.channel.nio.NioEventLoop.processSelectedKeysOptimized(NioEventLoop.java:579)
	at org.apache.ratis.thirdparty.io.netty.channel.nio.NioEventLoop.processSelectedKeys(NioEventLoop.java:496)
	at org.apache.ratis.thirdparty.io.netty.channel.nio.NioEventLoop.run(NioEventLoop.java:458)
	at org.apache.ratis.thirdparty.io.netty.util.concurrent.SingleThreadEventExecutor$5.run(SingleThreadEventExecutor.java:897)
	at org.apache.ratis.thirdparty.io.netty.util.concurrent.FastThreadLocalRunnable.run(FastThreadLocalRunnable.java:30)
	... 1 more
Caused by: java.net.ConnectException: Connection refused
	... 11 more
2019-10-15 16:30:10,033 [24ee8ff7-dd07-49e6-bbcb-bb50ff0e8e36@group-F2FE1ED60945-LeaderElection208] INFO  impl.LeaderElection (LogUtils.java:infoOrTrace(149)) -   Exception 1: {}
java.util.concurrent.ExecutionException: org.apache.ratis.thirdparty.io.grpc.StatusRuntimeException: UNAVAILABLE: io exception
	at java.util.concurrent.FutureTask.report(FutureTask.java:122)
	at java.util.concurrent.FutureTask.get(FutureTask.java:192)
	at org.apache.ratis.server.impl.LeaderElection.waitForResults(LeaderElection.java:259)
	at org.apache.ratis.server.impl.LeaderElection.askForVotes(LeaderElection.java:197)
	at org.apache.ratis.server.impl.LeaderElection.run(LeaderElection.java:133)
	at java.lang.Thread.run(Thread.java:748)
Caused by: org.apache.ratis.thirdparty.io.grpc.StatusRuntimeException: UNAVAILABLE: io exception
	at org.apache.ratis.thirdparty.io.grpc.stub.ClientCalls.toStatusRuntimeException(ClientCalls.java:233)
	at org.apache.ratis.thirdparty.io.grpc.stub.ClientCalls.getUnchecked(ClientCalls.java:214)
	at org.apache.ratis.thirdparty.io.grpc.stub.ClientCalls.blockingUnaryCall(ClientCalls.java:139)
	at org.apache.ratis.proto.grpc.RaftServerProtocolServiceGrpc$RaftServerProtocolServiceBlockingStub.requestVote(RaftServerProtocolServiceGrpc.java:265)
	at org.apache.ratis.grpc.server.GrpcServerProtocolClient.requestVote(GrpcServerProtocolClient.java:99)
	at org.apache.ratis.grpc.server.GrpcService.requestVote(GrpcService.java:204)
	at org.apache.ratis.server.impl.LeaderElection.lambda$submitRequests$1(LeaderElection.java:234)
	at java.util.concurrent.FutureTask.run(FutureTask.java:266)
	at java.util.concurrent.Executors$RunnableAdapter.call(Executors.java:511)
	at java.util.concurrent.FutureTask.run(FutureTask.java:266)
	at java.util.concurrent.ThreadPoolExecutor.runWorker(ThreadPoolExecutor.java:1149)
	at java.util.concurrent.ThreadPoolExecutor$Worker.run(ThreadPoolExecutor.java:624)
	... 1 more
Caused by: org.apache.ratis.thirdparty.io.netty.channel.AbstractChannel$AnnotatedConnectException: Connection refused: /192.168.164.239:35771
	at sun.nio.ch.SocketChannelImpl.checkConnect(Native Method)
	at sun.nio.ch.SocketChannelImpl.finishConnect(SocketChannelImpl.java:717)
	at org.apache.ratis.thirdparty.io.netty.channel.socket.nio.NioSocketChannel.doFinishConnect(NioSocketChannel.java:327)
	at org.apache.ratis.thirdparty.io.netty.channel.nio.AbstractNioChannel$AbstractNioUnsafe.finishConnect(AbstractNioChannel.java:340)
	at org.apache.ratis.thirdparty.io.netty.channel.nio.NioEventLoop.processSelectedKey(NioEventLoop.java:632)
	at org.apache.ratis.thirdparty.io.netty.channel.nio.NioEventLoop.processSelectedKeysOptimized(NioEventLoop.java:579)
	at org.apache.ratis.thirdparty.io.netty.channel.nio.NioEventLoop.processSelectedKeys(NioEventLoop.java:496)
	at org.apache.ratis.thirdparty.io.netty.channel.nio.NioEventLoop.run(NioEventLoop.java:458)
	at org.apache.ratis.thirdparty.io.netty.util.concurrent.SingleThreadEventExecutor$5.run(SingleThreadEventExecutor.java:897)
	at org.apache.ratis.thirdparty.io.netty.util.concurrent.FastThreadLocalRunnable.run(FastThreadLocalRunnable.java:30)
	... 1 more
Caused by: java.net.ConnectException: Connection refused
	... 11 more
2019-10-15 16:30:10,034 [24ee8ff7-dd07-49e6-bbcb-bb50ff0e8e36@group-F2FE1ED60945-LeaderElection208] INFO  impl.RaftServerImpl (RaftServerImpl.java:setRole(184)) - 24ee8ff7-dd07-49e6-bbcb-bb50ff0e8e36@group-F2FE1ED60945: changes role from CANDIDATE to FOLLOWER at term 18 for DISCOVERED_A_NEW_TERM
2019-10-15 16:30:10,034 [24ee8ff7-dd07-49e6-bbcb-bb50ff0e8e36@group-F2FE1ED60945-LeaderElection208] INFO  impl.RoleInfo (RoleInfo.java:shutdownLeaderElection(134)) - 24ee8ff7-dd07-49e6-bbcb-bb50ff0e8e36: shutdown LeaderElection
2019-10-15 16:30:10,034 [24ee8ff7-dd07-49e6-bbcb-bb50ff0e8e36@group-F2FE1ED60945-LeaderElection208] INFO  impl.RoleInfo (RoleInfo.java:updateAndGet(143)) - 24ee8ff7-dd07-49e6-bbcb-bb50ff0e8e36: start FollowerState
2019-10-15 16:30:10,153 [ForkJoinPool.commonPool-worker-0] INFO  ozoneimpl.OzoneContainer (OzoneContainer.java:stop(227)) - Attempting to stop container services.
2019-10-15 16:30:10,154 [ForkJoinPool.commonPool-worker-0] INFO  impl.RaftServerProxy (RaftServerProxy.java:lambda$close$4(314)) - 0bff853f-e43c-4347-b3e4-d8621042c42b: close
2019-10-15 16:30:10,155 [ForkJoinPool.commonPool-worker-0] INFO  impl.RaftServerImpl (RaftServerImpl.java:lambda$shutdown$3(261)) - 0bff853f-e43c-4347-b3e4-d8621042c42b@group-AF37DB7271F3: shutdown
2019-10-15 16:30:10,156 [ForkJoinPool.commonPool-worker-0] INFO  util.JmxRegister (JmxRegister.java:unregister(73)) - Successfully un-registered JMX Bean with object name Ratis:service=RaftServer,group=group-AF37DB7271F3,id=0bff853f-e43c-4347-b3e4-d8621042c42b
2019-10-15 16:30:10,156 [ForkJoinPool.commonPool-worker-0] INFO  impl.RoleInfo (RoleInfo.java:shutdownLeaderState(104)) - 0bff853f-e43c-4347-b3e4-d8621042c42b: shutdown LeaderState
2019-10-15 16:30:10,161 [org.apache.ratis.server.impl.LogAppender$AppenderDaemon$$Lambda$445/240503556@4d803cb6] WARN  server.GrpcLogAppender (GrpcLogAppender.java:mayWait(149)) - 0bff853f-e43c-4347-b3e4-d8621042c42b@group-AF37DB7271F3->6af1a5bd-f075-405e-b6a5-6d145eedd789-GrpcLogAppender: Wait interrupted by java.lang.InterruptedException
2019-10-15 16:30:10,162 [ForkJoinPool.commonPool-worker-0] INFO  impl.PendingRequests (PendingRequests.java:sendNotLeaderResponses(202)) - 0bff853f-e43c-4347-b3e4-d8621042c42b@group-AF37DB7271F3-PendingRequests: sendNotLeaderResponses
2019-10-15 16:30:10,161 [org.apache.ratis.server.impl.LogAppender$AppenderDaemon$$Lambda$445/240503556@1c48ae89] WARN  server.GrpcLogAppender (GrpcLogAppender.java:mayWait(149)) - 0bff853f-e43c-4347-b3e4-d8621042c42b@group-AF37DB7271F3->b3806c56-f44f-4484-a72b-f9662a6f8cba-GrpcLogAppender: Wait interrupted by java.lang.InterruptedException
2019-10-15 16:30:10,162 [java.util.concurrent.ThreadPoolExecutor$Worker@6e96881a[State = -1, empty queue]] WARN  server.GrpcLogAppender (GrpcLogAppender.java:timeoutAppendRequest(209)) - 0bff853f-e43c-4347-b3e4-d8621042c42b@group-AF37DB7271F3->6af1a5bd-f075-405e-b6a5-6d145eedd789-GrpcLogAppender: appendEntries Timeout, request=0bff853f-e43c-4347-b3e4-d8621042c42b->6af1a5bd-f075-405e-b6a5-6d145eedd789#83-t7, previous=(t:7, i:19), leaderCommit=19, initializing? false, entries: <empty>
2019-10-15 16:30:10,166 [main] INFO  ozoneimpl.OzoneContainer (OzoneContainer.java:stop(227)) - Attempting to stop container services.
2019-10-15 16:30:10,167 [ForkJoinPool.commonPool-worker-0] INFO  impl.StateMachineUpdater (StateMachineUpdater.java:stopAndJoin(136)) - 0bff853f-e43c-4347-b3e4-d8621042c42b@group-AF37DB7271F3-StateMachineUpdater: set stopIndex = 19
2019-10-15 16:30:10,167 [main] INFO  impl.RaftServerProxy (RaftServerProxy.java:lambda$close$4(314)) - 24ee8ff7-dd07-49e6-bbcb-bb50ff0e8e36: close
2019-10-15 16:30:10,167 [0bff853f-e43c-4347-b3e4-d8621042c42b@group-AF37DB7271F3-StateMachineUpdater] INFO  ratis.ContainerStateMachine (ContainerStateMachine.java:takeSnapshot(294)) - group-AF37DB7271F3: Taking a snapshot at:(t:7, i:19) file /workdir/hadoop-ozone/integration-test/target/test-dir/MiniOzoneClusterImpl-beab53a1-ec34-46da-8591-07ed803d9383/datanode-1/data/ratis/7a21e33d-5546-44ce-b605-af37db7271f3/sm/snapshot.7_19
2019-10-15 16:30:10,168 [main] INFO  impl.RaftServerImpl (RaftServerImpl.java:lambda$shutdown$3(261)) - 24ee8ff7-dd07-49e6-bbcb-bb50ff0e8e36@group-C3651DFFF6A6: shutdown
2019-10-15 16:30:10,169 [main] INFO  util.JmxRegister (JmxRegister.java:unregister(73)) - Successfully un-registered JMX Bean with object name Ratis:service=RaftServer,group=group-C3651DFFF6A6,id=24ee8ff7-dd07-49e6-bbcb-bb50ff0e8e36
2019-10-15 16:30:10,169 [main] INFO  impl.RoleInfo (RoleInfo.java:shutdownLeaderState(104)) - 24ee8ff7-dd07-49e6-bbcb-bb50ff0e8e36: shutdown LeaderState
2019-10-15 16:30:10,170 [main] INFO  impl.PendingRequests (PendingRequests.java:sendNotLeaderResponses(202)) - 24ee8ff7-dd07-49e6-bbcb-bb50ff0e8e36@group-C3651DFFF6A6-PendingRequests: sendNotLeaderResponses
2019-10-15 16:30:10,171 [main] INFO  impl.StateMachineUpdater (StateMachineUpdater.java:stopAndJoin(136)) - 24ee8ff7-dd07-49e6-bbcb-bb50ff0e8e36@group-C3651DFFF6A6-StateMachineUpdater: set stopIndex = 0
2019-10-15 16:30:10,172 [main] INFO  impl.RaftServerImpl (ServerState.java:close(388)) - 24ee8ff7-dd07-49e6-bbcb-bb50ff0e8e36@group-C3651DFFF6A6: closes. applyIndex: 0
2019-10-15 16:30:10,173 [24ee8ff7-dd07-49e6-bbcb-bb50ff0e8e36@group-C3651DFFF6A6-SegmentedRaftLogWorker] INFO  segmented.SegmentedRaftLogWorker (SegmentedRaftLogWorker.java:run(316)) - 24ee8ff7-dd07-49e6-bbcb-bb50ff0e8e36@group-C3651DFFF6A6-SegmentedRaftLogWorker was interrupted, exiting. There are 0 tasks remaining in the queue.
2019-10-15 16:30:10,173 [main] INFO  segmented.SegmentedRaftLogWorker (SegmentedRaftLogWorker.java:close(224)) - 24ee8ff7-dd07-49e6-bbcb-bb50ff0e8e36@group-C3651DFFF6A6-SegmentedRaftLogWorker close()
2019-10-15 16:30:10,177 [main] INFO  impl.RaftServerImpl (RaftServerImpl.java:lambda$shutdown$3(261)) - 24ee8ff7-dd07-49e6-bbcb-bb50ff0e8e36@group-F2FE1ED60945: shutdown
2019-10-15 16:30:10,177 [main] INFO  util.JmxRegister (JmxRegister.java:unregister(73)) - Successfully un-registered JMX Bean with object name Ratis:service=RaftServer,group=group-F2FE1ED60945,id=24ee8ff7-dd07-49e6-bbcb-bb50ff0e8e36
2019-10-15 16:30:10,178 [main] INFO  impl.RoleInfo (RoleInfo.java:shutdownFollowerState(121)) - 24ee8ff7-dd07-49e6-bbcb-bb50ff0e8e36: shutdown FollowerState
2019-10-15 16:30:10,178 [main] INFO  impl.StateMachineUpdater (StateMachineUpdater.java:stopAndJoin(136)) - 24ee8ff7-dd07-49e6-bbcb-bb50ff0e8e36@group-F2FE1ED60945-StateMachineUpdater: set stopIndex = 0
2019-10-15 16:30:10,178 [Thread-1791] INFO  impl.FollowerState (FollowerState.java:run(117)) - 24ee8ff7-dd07-49e6-bbcb-bb50ff0e8e36@group-F2FE1ED60945-FollowerState was interrupted: java.lang.InterruptedException: sleep interrupted
2019-10-15 16:30:10,179 [main] INFO  impl.RaftServerImpl (ServerState.java:close(388)) - 24ee8ff7-dd07-49e6-bbcb-bb50ff0e8e36@group-F2FE1ED60945: closes. applyIndex: 0
2019-10-15 16:30:10,179 [24ee8ff7-dd07-49e6-bbcb-bb50ff0e8e36@group-F2FE1ED60945-SegmentedRaftLogWorker] INFO  segmented.SegmentedRaftLogWorker (SegmentedRaftLogWorker.java:run(316)) - 24ee8ff7-dd07-49e6-bbcb-bb50ff0e8e36@group-F2FE1ED60945-SegmentedRaftLogWorker was interrupted, exiting. There are 0 tasks remaining in the queue.
2019-10-15 16:30:10,185 [main] INFO  segmented.SegmentedRaftLogWorker (SegmentedRaftLogWorker.java:close(224)) - 24ee8ff7-dd07-49e6-bbcb-bb50ff0e8e36@group-F2FE1ED60945-SegmentedRaftLogWorker close()
2019-10-15 16:30:10,186 [main] INFO  server.GrpcService (GrpcService.java:closeImpl(164)) - 24ee8ff7-dd07-49e6-bbcb-bb50ff0e8e36: shutdown server with port 45096 now
2019-10-15 16:30:10,189 [main] INFO  server.GrpcService (GrpcService.java:closeImpl(172)) - 24ee8ff7-dd07-49e6-bbcb-bb50ff0e8e36: shutdown server with port 45096 successfully
2019-10-15 16:30:10,190 [refreshUsed-/workdir/hadoop-ozone/integration-test/target/test-dir/MiniOzoneClusterImpl-beab53a1-ec34-46da-8591-07ed803d9383/datanode-7/data/containers] WARN  fs.CachingGetSpaceUsed (CachingGetSpaceUsed.java:run(183)) - Thread Interrupted waiting to refresh disk information: sleep interrupted
2019-10-15 16:30:10,193 [0bff853f-e43c-4347-b3e4-d8621042c42b@group-AF37DB7271F3-StateMachineUpdater] INFO  ratis.ContainerStateMachine (ContainerStateMachine.java:takeSnapshot(305)) - group-AF37DB7271F3: Finished taking a snapshot at:(t:7, i:19) file:/workdir/hadoop-ozone/integration-test/target/test-dir/MiniOzoneClusterImpl-beab53a1-ec34-46da-8591-07ed803d9383/datanode-1/data/ratis/7a21e33d-5546-44ce-b605-af37db7271f3/sm/snapshot.7_19 time:26
2019-10-15 16:30:10,194 [0bff853f-e43c-4347-b3e4-d8621042c42b@group-AF37DB7271F3-StateMachineUpdater] INFO  impl.StateMachineUpdater (StateMachineUpdater.java:takeSnapshot(269)) - 0bff853f-e43c-4347-b3e4-d8621042c42b@group-AF37DB7271F3-StateMachineUpdater: Took a snapshot at index 19
2019-10-15 16:30:10,194 [0bff853f-e43c-4347-b3e4-d8621042c42b@group-AF37DB7271F3-StateMachineUpdater] INFO  impl.StateMachineUpdater (StateMachineUpdater.java:lambda$new$0(84)) - 0bff853f-e43c-4347-b3e4-d8621042c42b@group-AF37DB7271F3-StateMachineUpdater: snapshotIndex: updateIncreasingly -1 -> 19
2019-10-15 16:30:10,196 [ForkJoinPool.commonPool-worker-0] INFO  impl.RaftServerImpl (ServerState.java:close(388)) - 0bff853f-e43c-4347-b3e4-d8621042c42b@group-AF37DB7271F3: closes. applyIndex: 19
2019-10-15 16:30:10,197 [0bff853f-e43c-4347-b3e4-d8621042c42b@group-AF37DB7271F3-SegmentedRaftLogWorker] INFO  segmented.SegmentedRaftLogWorker (SegmentedRaftLogWorker.java:run(316)) - 0bff853f-e43c-4347-b3e4-d8621042c42b@group-AF37DB7271F3-SegmentedRaftLogWorker was interrupted, exiting. There are 0 tasks remaining in the queue.
2019-10-15 16:30:10,197 [ForkJoinPool.commonPool-worker-0] INFO  segmented.SegmentedRaftLogWorker (SegmentedRaftLogWorker.java:close(224)) - 0bff853f-e43c-4347-b3e4-d8621042c42b@group-AF37DB7271F3-SegmentedRaftLogWorker close()
2019-10-15 16:30:10,198 [ForkJoinPool.commonPool-worker-0] INFO  impl.RaftServerImpl (RaftServerImpl.java:lambda$shutdown$3(261)) - 0bff853f-e43c-4347-b3e4-d8621042c42b@group-14241B0D5E3D: shutdown
2019-10-15 16:30:10,198 [ForkJoinPool.commonPool-worker-0] INFO  util.JmxRegister (JmxRegister.java:unregister(73)) - Successfully un-registered JMX Bean with object name Ratis:service=RaftServer,group=group-14241B0D5E3D,id=0bff853f-e43c-4347-b3e4-d8621042c42b
2019-10-15 16:30:10,198 [ForkJoinPool.commonPool-worker-0] INFO  impl.RoleInfo (RoleInfo.java:shutdownLeaderState(104)) - 0bff853f-e43c-4347-b3e4-d8621042c42b: shutdown LeaderState
2019-10-15 16:30:10,199 [ForkJoinPool.commonPool-worker-0] INFO  impl.PendingRequests (PendingRequests.java:sendNotLeaderResponses(202)) - 0bff853f-e43c-4347-b3e4-d8621042c42b@group-14241B0D5E3D-PendingRequests: sendNotLeaderResponses
2019-10-15 16:30:10,199 [ForkJoinPool.commonPool-worker-0] INFO  impl.StateMachineUpdater (StateMachineUpdater.java:stopAndJoin(136)) - 0bff853f-e43c-4347-b3e4-d8621042c42b@group-14241B0D5E3D-StateMachineUpdater: set stopIndex = 0
2019-10-15 16:30:10,199 [ForkJoinPool.commonPool-worker-0] INFO  impl.RaftServerImpl (ServerState.java:close(388)) - 0bff853f-e43c-4347-b3e4-d8621042c42b@group-14241B0D5E3D: closes. applyIndex: 0
2019-10-15 16:30:10,200 [0bff853f-e43c-4347-b3e4-d8621042c42b@group-14241B0D5E3D-SegmentedRaftLogWorker] INFO  segmented.SegmentedRaftLogWorker (SegmentedRaftLogWorker.java:run(316)) - 0bff853f-e43c-4347-b3e4-d8621042c42b@group-14241B0D5E3D-SegmentedRaftLogWorker was interrupted, exiting. There are 0 tasks remaining in the queue.
2019-10-15 16:30:10,200 [ForkJoinPool.commonPool-worker-0] INFO  segmented.SegmentedRaftLogWorker (SegmentedRaftLogWorker.java:close(224)) - 0bff853f-e43c-4347-b3e4-d8621042c42b@group-14241B0D5E3D-SegmentedRaftLogWorker close()
2019-10-15 16:30:10,201 [ForkJoinPool.commonPool-worker-0] INFO  server.GrpcService (GrpcService.java:closeImpl(164)) - 0bff853f-e43c-4347-b3e4-d8621042c42b: shutdown server with port 34619 now
2019-10-15 16:30:10,202 [ForkJoinPool.commonPool-worker-0] INFO  server.GrpcService (GrpcService.java:closeImpl(172)) - 0bff853f-e43c-4347-b3e4-d8621042c42b: shutdown server with port 34619 successfully
2019-10-15 16:30:10,204 [refreshUsed-/workdir/hadoop-ozone/integration-test/target/test-dir/MiniOzoneClusterImpl-beab53a1-ec34-46da-8591-07ed803d9383/datanode-1/data/containers] WARN  fs.CachingGetSpaceUsed (CachingGetSpaceUsed.java:run(183)) - Thread Interrupted waiting to refresh disk information: sleep interrupted
2019-10-15 16:30:10,204 [grpc-default-executor-10] WARN  client.GrpcClientProtocolService (LogUtils.java:warn(134)) - 1-UnorderedRequestStreamObserver1: onError: org.apache.ratis.thirdparty.io.grpc.StatusRuntimeException: CANCELLED: cancelled before receiving half close
2019-10-15 16:30:10,213 [java.util.concurrent.ThreadPoolExecutor$Worker@506b2520[State = -1, empty queue]] WARN  server.GrpcLogAppender (GrpcLogAppender.java:timeoutAppendRequest(209)) - 0bff853f-e43c-4347-b3e4-d8621042c42b@group-AF37DB7271F3->b3806c56-f44f-4484-a72b-f9662a6f8cba-GrpcLogAppender: appendEntries Timeout, request=0bff853f-e43c-4347-b3e4-d8621042c42b->b3806c56-f44f-4484-a72b-f9662a6f8cba#83-t7, previous=(t:7, i:19), leaderCommit=19, initializing? false, entries: <empty>
2019-10-15 16:30:10,219 [main] INFO  utils.BackgroundService (BackgroundService.java:shutdown(151)) - Shutting down service BlockDeletingService
2019-10-15 16:30:10,221 [main] INFO  statemachine.DatanodeStateMachine (DatanodeStateMachine.java:stopDaemon(395)) - Ozone container server stopped.
2019-10-15 16:30:10,222 [main] INFO  handler.ContextHandler (ContextHandler.java:doStop(910)) - Stopped o.e.j.w.WebAppContext@10f7918f{/,null,UNAVAILABLE}{/hddsDatanode}
2019-10-15 16:30:10,223 [main] INFO  server.AbstractConnector (AbstractConnector.java:doStop(318)) - Stopped ServerConnector@64d4f7c7{HTTP/1.1,[http/1.1]}{0.0.0.0:0}
2019-10-15 16:30:10,224 [main] INFO  handler.ContextHandler (ContextHandler.java:doStop(910)) - Stopped o.e.j.s.ServletContextHandler@1352434e{/static,jar:file:/home/user/.m2/repository/org/apache/hadoop/hadoop-hdds-container-service/0.5.0-SNAPSHOT/hadoop-hdds-container-service-0.5.0-SNAPSHOT.jar!/webapps/static,UNAVAILABLE}
2019-10-15 16:30:10,224 [main] INFO  handler.ContextHandler (ContextHandler.java:doStop(910)) - Stopped o.e.j.s.ServletContextHandler@12eedfee{/logs,file:///workdir/hadoop-ozone/integration-test/target/log,UNAVAILABLE}
2019-10-15 16:30:10,226 [ForkJoinPool.commonPool-worker-0] INFO  utils.BackgroundService (BackgroundService.java:shutdown(151)) - Shutting down service BlockDeletingService
2019-10-15 16:30:10,228 [ForkJoinPool.commonPool-worker-0] INFO  statemachine.DatanodeStateMachine (DatanodeStateMachine.java:stopDaemon(395)) - Ozone container server stopped.
2019-10-15 16:30:10,230 [ForkJoinPool.commonPool-worker-0] INFO  handler.ContextHandler (ContextHandler.java:doStop(910)) - Stopped o.e.j.w.WebAppContext@17f2dd85{/,null,UNAVAILABLE}{/hddsDatanode}
2019-10-15 16:30:10,231 [ForkJoinPool.commonPool-worker-0] INFO  server.AbstractConnector (AbstractConnector.java:doStop(318)) - Stopped ServerConnector@1e58512c{HTTP/1.1,[http/1.1]}{0.0.0.0:0}
2019-10-15 16:30:10,231 [ForkJoinPool.commonPool-worker-0] INFO  handler.ContextHandler (ContextHandler.java:doStop(910)) - Stopped o.e.j.s.ServletContextHandler@65bdd558{/static,jar:file:/home/user/.m2/repository/org/apache/hadoop/hadoop-hdds-container-service/0.5.0-SNAPSHOT/hadoop-hdds-container-service-0.5.0-SNAPSHOT.jar!/webapps/static,UNAVAILABLE}
2019-10-15 16:30:10,232 [ForkJoinPool.commonPool-worker-0] INFO  handler.ContextHandler (ContextHandler.java:doStop(910)) - Stopped o.e.j.s.ServletContextHandler@fab35b1{/logs,file:///workdir/hadoop-ozone/integration-test/target/log,UNAVAILABLE}
2019-10-15 16:30:10,233 [main] INFO  ozone.MiniOzoneClusterImpl (MiniOzoneClusterImpl.java:stopSCM(392)) - Stopping the StorageContainerManager
2019-10-15 16:30:10,233 [main] INFO  server.StorageContainerManager (StorageContainerManager.java:stop(810)) - Stopping Replication Manager Service.
2019-10-15 16:30:10,233 [main] INFO  container.ReplicationManager (ReplicationManager.java:stop(203)) - Stopping Replication Monitor Thread.
2019-10-15 16:30:10,233 [main] INFO  server.StorageContainerManager (StorageContainerManager.java:stop(817)) - Stopping Lease Manager of the command watchers
2019-10-15 16:30:10,234 [main] INFO  server.StorageContainerManager (StorageContainerManager.java:stop(824)) - Stopping datanode service RPC server
2019-10-15 16:30:10,234 [main] INFO  server.SCMDatanodeProtocolServer (SCMDatanodeProtocolServer.java:stop(346)) - Stopping the RPC server for DataNodes
2019-10-15 16:30:10,234 [main] INFO  ipc.Server (Server.java:stop(3082)) - Stopping server on 43719
2019-10-15 16:30:10,235 [IPC Server listener on 43719] INFO  ipc.Server (Server.java:run(1185)) - Stopping IPC Server listener on 43719
2019-10-15 16:30:10,236 [IPC Server Responder] INFO  ipc.Server (Server.java:run(1319)) - Stopping IPC Server Responder
2019-10-15 16:30:10,330 [SCM Heartbeat Processing Thread - 0] WARN  node.NodeStateManager (NodeStateManager.java:scheduleNextHealthCheck(646)) - Current Thread is interrupted, shutting down HB processing thread for Node Manager.
2019-10-15 16:30:10,331 [main] INFO  server.StorageContainerManager (StorageContainerManager.java:stop(832)) - Stopping block service RPC server
2019-10-15 16:30:10,331 [main] INFO  server.SCMBlockProtocolServer (SCMBlockProtocolServer.java:stop(155)) - Stopping the RPC server for Block Protocol
2019-10-15 16:30:10,331 [main] INFO  ipc.Server (Server.java:stop(3082)) - Stopping server on 41954
2019-10-15 16:30:10,332 [IPC Server listener on 41954] INFO  ipc.Server (Server.java:run(1185)) - Stopping IPC Server listener on 41954
2019-10-15 16:30:10,332 [main] INFO  server.StorageContainerManager (StorageContainerManager.java:stop(839)) - Stopping the StorageContainerLocationProtocol RPC server
2019-10-15 16:30:10,333 [IPC Server Responder] INFO  ipc.Server (Server.java:run(1319)) - Stopping IPC Server Responder
2019-10-15 16:30:10,333 [main] INFO  server.SCMClientProtocolServer (SCMClientProtocolServer.java:stop(168)) - Stopping the RPC server for Client Protocol
2019-10-15 16:30:10,334 [main] INFO  ipc.Server (Server.java:stop(3082)) - Stopping server on 45308
2019-10-15 16:30:10,335 [IPC Server listener on 45308] INFO  ipc.Server (Server.java:run(1185)) - Stopping IPC Server listener on 45308
2019-10-15 16:30:10,335 [main] INFO  server.StorageContainerManager (StorageContainerManager.java:stop(846)) - Stopping Storage Container Manager HTTP server.
2019-10-15 16:30:10,336 [IPC Server Responder] INFO  ipc.Server (Server.java:run(1319)) - Stopping IPC Server Responder
2019-10-15 16:30:10,337 [main] INFO  handler.ContextHandler (ContextHandler.java:doStop(910)) - Stopped o.e.j.w.WebAppContext@3b366632{/,null,UNAVAILABLE}{/scm}
2019-10-15 16:30:10,337 [main] INFO  server.AbstractConnector (AbstractConnector.java:doStop(318)) - Stopped ServerConnector@6815c5f2{HTTP/1.1,[http/1.1]}{0.0.0.0:0}
2019-10-15 16:30:10,338 [main] INFO  handler.ContextHandler (ContextHandler.java:doStop(910)) - Stopped o.e.j.s.ServletContextHandler@37052337{/static,file:///workdir/hadoop-ozone/integration-test/target/test-classes/webapps/static,UNAVAILABLE}
2019-10-15 16:30:10,338 [main] INFO  handler.ContextHandler (ContextHandler.java:doStop(910)) - Stopped o.e.j.s.ServletContextHandler@340da44c{/logs,file:///workdir/hadoop-ozone/integration-test/target/log,UNAVAILABLE}
2019-10-15 16:30:10,339 [main] INFO  server.StorageContainerManager (StorageContainerManager.java:stop(857)) - Stopping Block Manager Service.
2019-10-15 16:30:10,340 [main] INFO  utils.BackgroundService (BackgroundService.java:shutdown(151)) - Shutting down service SCMBlockDeletingService
2019-10-15 16:30:10,340 [main] INFO  utils.BackgroundService (BackgroundService.java:shutdown(151)) - Shutting down service SCMBlockDeletingService
2019-10-15 16:30:10,341 [main] INFO  server.StorageContainerManager (StorageContainerManager.java:stop(879)) - Stopping SCM Event Queue.
2019-10-15 16:30:10,350 [main] INFO  impl.MetricsSystemImpl (MetricsSystemImpl.java:stop(210)) - Stopping XceiverClientMetrics metrics system...
2019-10-15 16:30:10,367 [prometheus] INFO  impl.MetricsSinkAdapter (MetricsSinkAdapter.java:publishMetricsFromQueue(141)) - prometheus thread interrupted.
2019-10-15 16:30:10,367 [main] INFO  impl.MetricsSystemImpl (MetricsSystemImpl.java:stop(216)) - XceiverClientMetrics metrics system stopped.
]]></system-out>
    <system-err><![CDATA[ERROR StatusLogger No Log4j 2 configuration file found. Using default configuration (logging only errors to the console), or user programmatically provided configurations. Set system property 'log4j2.debug' to show Log4j 2 internal initialization logging. See https://logging.apache.org/log4j/2.x/manual/configuration.html for instructions on how to configure Log4j 2
Oct 15, 2019 4:29:49 PM org.apache.ratis.thirdparty.io.grpc.internal.SerializingExecutor run
SEVERE: Exception while executing runnable org.apache.ratis.thirdparty.io.grpc.internal.ServerImpl$JumpToApplicationThreadServerStreamListener$1Closed@74530ac
org.apache.ratis.thirdparty.io.grpc.StatusRuntimeException: CANCELLED: call already cancelled
	at org.apache.ratis.thirdparty.io.grpc.Status.asRuntimeException(Status.java:517)
	at org.apache.ratis.thirdparty.io.grpc.stub.ServerCalls$ServerCallStreamObserverImpl.onCompleted(ServerCalls.java:356)
	at org.apache.ratis.grpc.server.GrpcServerProtocolService$ServerRequestStreamObserver.onError(GrpcServerProtocolService.java:121)
	at org.apache.ratis.thirdparty.io.grpc.stub.ServerCalls$StreamingServerCallHandler$StreamingServerCallListener.onCancel(ServerCalls.java:269)
	at org.apache.ratis.thirdparty.io.grpc.internal.ServerCallImpl$ServerStreamListenerImpl.closed(ServerCallImpl.java:293)
	at org.apache.ratis.thirdparty.io.grpc.internal.ServerImpl$JumpToApplicationThreadServerStreamListener$1Closed.runInContext(ServerImpl.java:741)
	at org.apache.ratis.thirdparty.io.grpc.internal.ContextRunnable.run(ContextRunnable.java:37)
	at org.apache.ratis.thirdparty.io.grpc.internal.SerializingExecutor.run(SerializingExecutor.java:123)
	at java.util.concurrent.ThreadPoolExecutor.runWorker(ThreadPoolExecutor.java:1149)
	at java.util.concurrent.ThreadPoolExecutor$Worker.run(ThreadPoolExecutor.java:624)
	at java.lang.Thread.run(Thread.java:748)

Oct 15, 2019 4:29:49 PM org.apache.ratis.thirdparty.io.grpc.internal.SerializingExecutor run
SEVERE: Exception while executing runnable org.apache.ratis.thirdparty.io.grpc.internal.ClientCallImpl$ClientStreamListenerImpl$1StreamClosed@4e26a835
java.lang.NullPointerException
	at org.apache.ratis.grpc.server.GrpcLogAppender$AppendLogResponseHandler.onError(GrpcLogAppender.java:303)
	at org.apache.ratis.thirdparty.io.grpc.stub.ClientCalls$StreamObserverToCallListenerAdapter.onClose(ClientCalls.java:434)
	at org.apache.ratis.thirdparty.io.grpc.PartialForwardingClientCallListener.onClose(PartialForwardingClientCallListener.java:39)
	at org.apache.ratis.thirdparty.io.grpc.ForwardingClientCallListener.onClose(ForwardingClientCallListener.java:23)
	at org.apache.ratis.thirdparty.io.grpc.ForwardingClientCallListener$SimpleForwardingClientCallListener.onClose(ForwardingClientCallListener.java:40)
	at org.apache.ratis.thirdparty.io.grpc.internal.CensusStatsModule$StatsClientInterceptor$1$1.onClose(CensusStatsModule.java:678)
	at org.apache.ratis.thirdparty.io.grpc.PartialForwardingClientCallListener.onClose(PartialForwardingClientCallListener.java:39)
	at org.apache.ratis.thirdparty.io.grpc.ForwardingClientCallListener.onClose(ForwardingClientCallListener.java:23)
	at org.apache.ratis.thirdparty.io.grpc.ForwardingClientCallListener$SimpleForwardingClientCallListener.onClose(ForwardingClientCallListener.java:40)
	at org.apache.ratis.thirdparty.io.grpc.internal.CensusTracingModule$TracingClientInterceptor$1$1.onClose(CensusTracingModule.java:397)
	at org.apache.ratis.thirdparty.io.grpc.internal.ClientCallImpl.closeObserver(ClientCallImpl.java:459)
	at org.apache.ratis.thirdparty.io.grpc.internal.ClientCallImpl.access$300(ClientCallImpl.java:63)
	at org.apache.ratis.thirdparty.io.grpc.internal.ClientCallImpl$ClientStreamListenerImpl.close(ClientCallImpl.java:546)
	at org.apache.ratis.thirdparty.io.grpc.internal.ClientCallImpl$ClientStreamListenerImpl.access$600(ClientCallImpl.java:467)
	at org.apache.ratis.thirdparty.io.grpc.internal.ClientCallImpl$ClientStreamListenerImpl$1StreamClosed.runInContext(ClientCallImpl.java:584)
	at org.apache.ratis.thirdparty.io.grpc.internal.ContextRunnable.run(ContextRunnable.java:37)
	at org.apache.ratis.thirdparty.io.grpc.internal.SerializingExecutor.run(SerializingExecutor.java:123)
	at java.util.concurrent.ThreadPoolExecutor.runWorker(ThreadPoolExecutor.java:1149)
	at java.util.concurrent.ThreadPoolExecutor$Worker.run(ThreadPoolExecutor.java:624)
	at java.lang.Thread.run(Thread.java:748)

Oct 15, 2019 4:29:55 PM org.apache.ratis.thirdparty.io.grpc.internal.SerializingExecutor run
SEVERE: Exception while executing runnable org.apache.ratis.thirdparty.io.grpc.internal.ServerImpl$JumpToApplicationThreadServerStreamListener$1Closed@48b89eb
org.apache.ratis.thirdparty.io.grpc.StatusRuntimeException: CANCELLED: call already cancelled
	at org.apache.ratis.thirdparty.io.grpc.Status.asRuntimeException(Status.java:517)
	at org.apache.ratis.thirdparty.io.grpc.stub.ServerCalls$ServerCallStreamObserverImpl.onCompleted(ServerCalls.java:356)
	at org.apache.ratis.grpc.server.GrpcServerProtocolService$ServerRequestStreamObserver.onError(GrpcServerProtocolService.java:121)
	at org.apache.ratis.thirdparty.io.grpc.stub.ServerCalls$StreamingServerCallHandler$StreamingServerCallListener.onCancel(ServerCalls.java:269)
	at org.apache.ratis.thirdparty.io.grpc.internal.ServerCallImpl$ServerStreamListenerImpl.closed(ServerCallImpl.java:293)
	at org.apache.ratis.thirdparty.io.grpc.internal.ServerImpl$JumpToApplicationThreadServerStreamListener$1Closed.runInContext(ServerImpl.java:741)
	at org.apache.ratis.thirdparty.io.grpc.internal.ContextRunnable.run(ContextRunnable.java:37)
	at org.apache.ratis.thirdparty.io.grpc.internal.SerializingExecutor.run(SerializingExecutor.java:123)
	at java.util.concurrent.ThreadPoolExecutor.runWorker(ThreadPoolExecutor.java:1149)
	at java.util.concurrent.ThreadPoolExecutor$Worker.run(ThreadPoolExecutor.java:624)
	at java.lang.Thread.run(Thread.java:748)

Oct 15, 2019 4:29:55 PM org.apache.ratis.thirdparty.io.grpc.internal.SerializingExecutor run
SEVERE: Exception while executing runnable org.apache.ratis.thirdparty.io.grpc.internal.ClientCallImpl$ClientStreamListenerImpl$1StreamClosed@70ef3045
java.lang.NullPointerException
	at org.apache.ratis.grpc.server.GrpcLogAppender$AppendLogResponseHandler.onError(GrpcLogAppender.java:303)
	at org.apache.ratis.thirdparty.io.grpc.stub.ClientCalls$StreamObserverToCallListenerAdapter.onClose(ClientCalls.java:434)
	at org.apache.ratis.thirdparty.io.grpc.PartialForwardingClientCallListener.onClose(PartialForwardingClientCallListener.java:39)
	at org.apache.ratis.thirdparty.io.grpc.ForwardingClientCallListener.onClose(ForwardingClientCallListener.java:23)
	at org.apache.ratis.thirdparty.io.grpc.ForwardingClientCallListener$SimpleForwardingClientCallListener.onClose(ForwardingClientCallListener.java:40)
	at org.apache.ratis.thirdparty.io.grpc.internal.CensusStatsModule$StatsClientInterceptor$1$1.onClose(CensusStatsModule.java:678)
	at org.apache.ratis.thirdparty.io.grpc.PartialForwardingClientCallListener.onClose(PartialForwardingClientCallListener.java:39)
	at org.apache.ratis.thirdparty.io.grpc.ForwardingClientCallListener.onClose(ForwardingClientCallListener.java:23)
	at org.apache.ratis.thirdparty.io.grpc.ForwardingClientCallListener$SimpleForwardingClientCallListener.onClose(ForwardingClientCallListener.java:40)
	at org.apache.ratis.thirdparty.io.grpc.internal.CensusTracingModule$TracingClientInterceptor$1$1.onClose(CensusTracingModule.java:397)
	at org.apache.ratis.thirdparty.io.grpc.internal.ClientCallImpl.closeObserver(ClientCallImpl.java:459)
	at org.apache.ratis.thirdparty.io.grpc.internal.ClientCallImpl.access$300(ClientCallImpl.java:63)
	at org.apache.ratis.thirdparty.io.grpc.internal.ClientCallImpl$ClientStreamListenerImpl.close(ClientCallImpl.java:546)
	at org.apache.ratis.thirdparty.io.grpc.internal.ClientCallImpl$ClientStreamListenerImpl.access$600(ClientCallImpl.java:467)
	at org.apache.ratis.thirdparty.io.grpc.internal.ClientCallImpl$ClientStreamListenerImpl$1StreamClosed.runInContext(ClientCallImpl.java:584)
	at org.apache.ratis.thirdparty.io.grpc.internal.ContextRunnable.run(ContextRunnable.java:37)
	at org.apache.ratis.thirdparty.io.grpc.internal.SerializingExecutor.run(SerializingExecutor.java:123)
	at java.util.concurrent.ThreadPoolExecutor.runWorker(ThreadPoolExecutor.java:1149)
	at java.util.concurrent.ThreadPoolExecutor$Worker.run(ThreadPoolExecutor.java:624)
	at java.lang.Thread.run(Thread.java:748)

Oct 15, 2019 4:30:05 PM org.apache.ratis.thirdparty.io.grpc.internal.SerializingExecutor run
SEVERE: Exception while executing runnable org.apache.ratis.thirdparty.io.grpc.internal.ServerImpl$JumpToApplicationThreadServerStreamListener$1Closed@7bfc4b88
org.apache.ratis.thirdparty.io.grpc.StatusRuntimeException: CANCELLED: call already cancelled
	at org.apache.ratis.thirdparty.io.grpc.Status.asRuntimeException(Status.java:517)
	at org.apache.ratis.thirdparty.io.grpc.stub.ServerCalls$ServerCallStreamObserverImpl.onCompleted(ServerCalls.java:356)
	at org.apache.ratis.grpc.server.GrpcServerProtocolService$ServerRequestStreamObserver.onError(GrpcServerProtocolService.java:121)
	at org.apache.ratis.thirdparty.io.grpc.stub.ServerCalls$StreamingServerCallHandler$StreamingServerCallListener.onCancel(ServerCalls.java:269)
	at org.apache.ratis.thirdparty.io.grpc.internal.ServerCallImpl$ServerStreamListenerImpl.closed(ServerCallImpl.java:293)
	at org.apache.ratis.thirdparty.io.grpc.internal.ServerImpl$JumpToApplicationThreadServerStreamListener$1Closed.runInContext(ServerImpl.java:741)
	at org.apache.ratis.thirdparty.io.grpc.internal.ContextRunnable.run(ContextRunnable.java:37)
	at org.apache.ratis.thirdparty.io.grpc.internal.SerializingExecutor.run(SerializingExecutor.java:123)
	at java.util.concurrent.ThreadPoolExecutor.runWorker(ThreadPoolExecutor.java:1149)
	at java.util.concurrent.ThreadPoolExecutor$Worker.run(ThreadPoolExecutor.java:624)
	at java.lang.Thread.run(Thread.java:748)

Oct 15, 2019 4:30:05 PM org.apache.ratis.thirdparty.io.grpc.internal.SerializingExecutor run
SEVERE: Exception while executing runnable org.apache.ratis.thirdparty.io.grpc.internal.ClientCallImpl$ClientStreamListenerImpl$1StreamClosed@1fcdf64c
java.lang.NullPointerException
	at org.apache.ratis.grpc.server.GrpcLogAppender$AppendLogResponseHandler.onError(GrpcLogAppender.java:303)
	at org.apache.ratis.thirdparty.io.grpc.stub.ClientCalls$StreamObserverToCallListenerAdapter.onClose(ClientCalls.java:434)
	at org.apache.ratis.thirdparty.io.grpc.PartialForwardingClientCallListener.onClose(PartialForwardingClientCallListener.java:39)
	at org.apache.ratis.thirdparty.io.grpc.ForwardingClientCallListener.onClose(ForwardingClientCallListener.java:23)
	at org.apache.ratis.thirdparty.io.grpc.ForwardingClientCallListener$SimpleForwardingClientCallListener.onClose(ForwardingClientCallListener.java:40)
	at org.apache.ratis.thirdparty.io.grpc.internal.CensusStatsModule$StatsClientInterceptor$1$1.onClose(CensusStatsModule.java:678)
	at org.apache.ratis.thirdparty.io.grpc.PartialForwardingClientCallListener.onClose(PartialForwardingClientCallListener.java:39)
	at org.apache.ratis.thirdparty.io.grpc.ForwardingClientCallListener.onClose(ForwardingClientCallListener.java:23)
	at org.apache.ratis.thirdparty.io.grpc.ForwardingClientCallListener$SimpleForwardingClientCallListener.onClose(ForwardingClientCallListener.java:40)
	at org.apache.ratis.thirdparty.io.grpc.internal.CensusTracingModule$TracingClientInterceptor$1$1.onClose(CensusTracingModule.java:397)
	at org.apache.ratis.thirdparty.io.grpc.internal.ClientCallImpl.closeObserver(ClientCallImpl.java:459)
	at org.apache.ratis.thirdparty.io.grpc.internal.ClientCallImpl.access$300(ClientCallImpl.java:63)
	at org.apache.ratis.thirdparty.io.grpc.internal.ClientCallImpl$ClientStreamListenerImpl.close(ClientCallImpl.java:546)
	at org.apache.ratis.thirdparty.io.grpc.internal.ClientCallImpl$ClientStreamListenerImpl.access$600(ClientCallImpl.java:467)
	at org.apache.ratis.thirdparty.io.grpc.internal.ClientCallImpl$ClientStreamListenerImpl$1StreamClosed.runInContext(ClientCallImpl.java:584)
	at org.apache.ratis.thirdparty.io.grpc.internal.ContextRunnable.run(ContextRunnable.java:37)
	at org.apache.ratis.thirdparty.io.grpc.internal.SerializingExecutor.run(SerializingExecutor.java:123)
	at java.util.concurrent.ThreadPoolExecutor.runWorker(ThreadPoolExecutor.java:1149)
	at java.util.concurrent.ThreadPoolExecutor$Worker.run(ThreadPoolExecutor.java:624)
	at java.lang.Thread.run(Thread.java:748)

]]></system-err>
  </testcase>
  <testcase name="testMultiBlockWritesWithDnFailures" classname="org.apache.hadoop.ozone.client.rpc.TestMultiBlockWritesWithDnFailures" time="30.247"/>
</testsuite>