<?xml version="1.0" encoding="UTF-8"?>
<testsuite xmlns:xsi="http://www.w3.org/2001/XMLSchema-instance" xsi:noNamespaceSchemaLocation="https://maven.apache.org/surefire/maven-surefire-plugin/xsd/surefire-test-report.xsd" name="org.apache.hadoop.ozone.scm.TestSCMContainerPlacementPolicyMetrics" time="82.558" tests="1" errors="1" skipped="0" failures="0">
  <properties>
    <property name="awt.toolkit" value="sun.awt.X11.XToolkit"/>
    <property name="file.encoding.pkg" value="sun.io"/>
    <property name="java.specification.version" value="1.8"/>
    <property name="sun.cpu.isalist" value=""/>
    <property name="sun.jnu.encoding" value="ANSI_X3.4-1968"/>
    <property name="java.class.path" value="/workdir/hadoop-ozone/integration-test/target/test-classes:/workdir/hadoop-ozone/integration-test/target/classes:/home/user/.m2/repository/org/apache/hadoop/hadoop-ozone-common/0.5.0-SNAPSHOT/hadoop-ozone-common-0.5.0-SNAPSHOT.jar:/home/user/.m2/repository/org/apache/commons/commons-compress/1.4.1/commons-compress-1.4.1.jar:/home/user/.m2/repository/org/tukaani/xz/1.0/xz-1.0.jar:/home/user/.m2/repository/org/apache/hadoop/hadoop-common/3.2.0/hadoop-common-3.2.0.jar:/home/user/.m2/repository/org/apache/hadoop/hadoop-hdfs/3.2.0/hadoop-hdfs-3.2.0.jar:/home/user/.m2/repository/org/apache/hadoop/hadoop-hdfs-client/3.2.0/hadoop-hdfs-client-3.2.0.jar:/home/user/.m2/repository/com/fasterxml/jackson/core/jackson-annotations/2.9.9/jackson-annotations-2.9.9.jar:/home/user/.m2/repository/org/apache/hadoop/hadoop-hdds-common/0.5.0-SNAPSHOT/hadoop-hdds-common-0.5.0-SNAPSHOT.jar:/home/user/.m2/repository/javax/annotation/javax.annotation-api/1.2/javax.annotation-api-1.2.jar:/home/user/.m2/repository/org/apache/ratis/ratis-server/0.5.0-3f446aa-SNAPSHOT/ratis-server-0.5.0-3f446aa-SNAPSHOT.jar:/home/user/.m2/repository/org/apache/ratis/ratis-thirdparty-misc/0.2.0/ratis-thirdparty-misc-0.2.0.jar:/home/user/.m2/repository/org/apache/ratis/ratis-proto/0.5.0-3f446aa-SNAPSHOT/ratis-proto-0.5.0-3f446aa-SNAPSHOT.jar:/home/user/.m2/repository/org/apache/ratis/ratis-common/0.5.0-3f446aa-SNAPSHOT/ratis-common-0.5.0-3f446aa-SNAPSHOT.jar:/home/user/.m2/repository/org/apache/ratis/ratis-client/0.5.0-3f446aa-SNAPSHOT/ratis-client-0.5.0-3f446aa-SNAPSHOT.jar:/home/user/.m2/repository/org/apache/ratis/ratis-metrics/0.5.0-3f446aa-SNAPSHOT/ratis-metrics-0.5.0-3f446aa-SNAPSHOT.jar:/home/user/.m2/repository/com/github/joshelser/dropwizard-metrics-hadoop-metrics2-reporter/0.1.2/dropwizard-metrics-hadoop-metrics2-reporter-0.1.2.jar:/home/user/.m2/repository/io/dropwizard/metrics/metrics-jvm/3.2.5/metrics-jvm-3.2.5.jar:/home/user/.m2/repository/io/dropwizard/metrics/metrics-ganglia/3.2.5/metrics-ganglia-3.2.5.jar:/home/user/.m2/repository/info/ganglia/gmetric4j/gmetric4j/1.0.7/gmetric4j-1.0.7.jar:/home/user/.m2/repository/org/apache/ratis/ratis-netty/0.5.0-3f446aa-SNAPSHOT/ratis-netty-0.5.0-3f446aa-SNAPSHOT.jar:/home/user/.m2/repository/org/apache/ratis/ratis-grpc/0.5.0-3f446aa-SNAPSHOT/ratis-grpc-0.5.0-3f446aa-SNAPSHOT.jar:/home/user/.m2/repository/org/rocksdb/rocksdbjni/6.0.1/rocksdbjni-6.0.1.jar:/home/user/.m2/repository/org/apache/logging/log4j/log4j-api/2.11.0/log4j-api-2.11.0.jar:/home/user/.m2/repository/org/apache/logging/log4j/log4j-core/2.11.0/log4j-core-2.11.0.jar:/home/user/.m2/repository/com/lmax/disruptor/3.4.2/disruptor-3.4.2.jar:/home/user/.m2/repository/org/apache/commons/commons-pool2/2.6.0/commons-pool2-2.6.0.jar:/home/user/.m2/repository/org/bouncycastle/bcpkix-jdk15on/1.60/bcpkix-jdk15on-1.60.jar:/home/user/.m2/repository/commons-validator/commons-validator/1.6/commons-validator-1.6.jar:/home/user/.m2/repository/commons-digester/commons-digester/1.8.1/commons-digester-1.8.1.jar:/home/user/.m2/repository/io/jaegertracing/jaeger-client/0.34.0/jaeger-client-0.34.0.jar:/home/user/.m2/repository/io/jaegertracing/jaeger-thrift/0.34.0/jaeger-thrift-0.34.0.jar:/home/user/.m2/repository/org/apache/thrift/libthrift/0.12.0/libthrift-0.12.0.jar:/home/user/.m2/repository/com/squareup/okhttp3/okhttp/3.9.0/okhttp-3.9.0.jar:/home/user/.m2/repository/com/squareup/okio/okio/1.13.0/okio-1.13.0.jar:/home/user/.m2/repository/io/jaegertracing/jaeger-core/0.34.0/jaeger-core-0.34.0.jar:/home/user/.m2/repository/io/jaegertracing/jaeger-tracerresolver/0.34.0/jaeger-tracerresolver-0.34.0.jar:/home/user/.m2/repository/io/opentracing/contrib/opentracing-tracerresolver/0.1.5/opentracing-tracerresolver-0.1.5.jar:/home/user/.m2/repository/io/opentracing/opentracing-util/0.31.0/opentracing-util-0.31.0.jar:/home/user/.m2/repository/io/opentracing/opentracing-api/0.31.0/opentracing-api-0.31.0.jar:/home/user/.m2/repository/io/opentracing/opentracing-noop/0.31.0/opentracing-noop-0.31.0.jar:/home/user/.m2/repository/org/apache/hadoop/hadoop-hdds-server-framework/0.5.0-SNAPSHOT/hadoop-hdds-server-framework-0.5.0-SNAPSHOT.jar:/home/user/.m2/repository/org/apache/hadoop/hadoop-hdds-container-service/0.5.0-SNAPSHOT/hadoop-hdds-container-service-0.5.0-SNAPSHOT.jar:/home/user/.m2/repository/org/apache/hadoop/hadoop-hdds-client/0.5.0-SNAPSHOT/hadoop-hdds-client-0.5.0-SNAPSHOT.jar:/home/user/.m2/repository/org/apache/hadoop/hadoop-hdds-tools/0.5.0-SNAPSHOT/hadoop-hdds-tools-0.5.0-SNAPSHOT.jar:/home/user/.m2/repository/org/apache/hadoop/hadoop-hdds-server-scm/0.5.0-SNAPSHOT/hadoop-hdds-server-scm-0.5.0-SNAPSHOT.jar:/home/user/.m2/repository/org/apache/hadoop/hadoop-hdds-docs/0.5.0-SNAPSHOT/hadoop-hdds-docs-0.5.0-SNAPSHOT.jar:/home/user/.m2/repository/io/dropwizard/metrics/metrics-core/3.2.4/metrics-core-3.2.4.jar:/home/user/.m2/repository/org/hamcrest/hamcrest-all/1.3/hamcrest-all-1.3.jar:/home/user/.m2/repository/org/bouncycastle/bcprov-jdk15on/1.60/bcprov-jdk15on-1.60.jar:/home/user/.m2/repository/info/picocli/picocli/3.9.6/picocli-3.9.6.jar:/home/user/.m2/repository/com/google/protobuf/protobuf-java/2.5.0/protobuf-java-2.5.0.jar:/home/user/.m2/repository/com/google/guava/guava/11.0.2/guava-11.0.2.jar:/home/user/.m2/repository/org/apache/hadoop/hadoop-ozone-ozone-manager/0.5.0-SNAPSHOT/hadoop-ozone-ozone-manager-0.5.0-SNAPSHOT.jar:/home/user/.m2/repository/org/apache/hadoop/hadoop-minikdc/3.2.0/hadoop-minikdc-3.2.0.jar:/home/user/.m2/repository/commons-io/commons-io/2.5/commons-io-2.5.jar:/home/user/.m2/repository/org/apache/kerby/kerb-simplekdc/1.0.1/kerb-simplekdc-1.0.1.jar:/home/user/.m2/repository/org/apache/kerby/kerb-client/1.0.1/kerb-client-1.0.1.jar:/home/user/.m2/repository/org/apache/kerby/kerby-config/1.0.1/kerby-config-1.0.1.jar:/home/user/.m2/repository/org/apache/kerby/kerb-core/1.0.1/kerb-core-1.0.1.jar:/home/user/.m2/repository/org/apache/kerby/kerby-pkix/1.0.1/kerby-pkix-1.0.1.jar:/home/user/.m2/repository/org/apache/kerby/kerby-asn1/1.0.1/kerby-asn1-1.0.1.jar:/home/user/.m2/repository/org/apache/kerby/kerby-util/1.0.1/kerby-util-1.0.1.jar:/home/user/.m2/repository/org/apache/kerby/kerb-common/1.0.1/kerb-common-1.0.1.jar:/home/user/.m2/repository/org/apache/kerby/kerb-crypto/1.0.1/kerb-crypto-1.0.1.jar:/home/user/.m2/repository/org/apache/kerby/kerb-util/1.0.1/kerb-util-1.0.1.jar:/home/user/.m2/repository/org/apache/kerby/token-provider/1.0.1/token-provider-1.0.1.jar:/home/user/.m2/repository/org/apache/kerby/kerb-admin/1.0.1/kerb-admin-1.0.1.jar:/home/user/.m2/repository/org/apache/kerby/kerb-server/1.0.1/kerb-server-1.0.1.jar:/home/user/.m2/repository/org/apache/kerby/kerb-identity/1.0.1/kerb-identity-1.0.1.jar:/home/user/.m2/repository/org/apache/kerby/kerby-xdr/1.0.1/kerby-xdr-1.0.1.jar:/home/user/.m2/repository/org/slf4j/slf4j-log4j12/1.7.25/slf4j-log4j12-1.7.25.jar:/home/user/.m2/repository/org/apache/hadoop/hadoop-ozone-s3gateway/0.5.0-SNAPSHOT/hadoop-ozone-s3gateway-0.5.0-SNAPSHOT.jar:/home/user/.m2/repository/org/jboss/weld/servlet/weld-servlet/2.4.7.Final/weld-servlet-2.4.7.Final.jar:/home/user/.m2/repository/org/glassfish/jersey/containers/jersey-container-servlet-core/2.27/jersey-container-servlet-core-2.27.jar:/home/user/.m2/repository/org/glassfish/hk2/external/javax.inject/2.5.0-b42/javax.inject-2.5.0-b42.jar:/home/user/.m2/repository/org/glassfish/jersey/core/jersey-common/2.27/jersey-common-2.27.jar:/home/user/.m2/repository/org/glassfish/hk2/osgi-resource-locator/1.0.1/osgi-resource-locator-1.0.1.jar:/home/user/.m2/repository/javax/ws/rs/javax.ws.rs-api/2.1/javax.ws.rs-api-2.1.jar:/home/user/.m2/repository/org/glassfish/jersey/ext/cdi/jersey-cdi1x/2.27/jersey-cdi1x-2.27.jar:/home/user/.m2/repository/org/glassfish/jersey/inject/jersey-hk2/2.27/jersey-hk2-2.27.jar:/home/user/.m2/repository/org/glassfish/hk2/hk2-locator/2.5.0-b42/hk2-locator-2.5.0-b42.jar:/home/user/.m2/repository/org/javassist/javassist/3.22.0-CR2/javassist-3.22.0-CR2.jar:/home/user/.m2/repository/org/glassfish/hk2/hk2-api/2.5.0/hk2-api-2.5.0.jar:/home/user/.m2/repository/org/glassfish/hk2/external/jakarta.inject/2.5.0/jakarta.inject-2.5.0.jar:/home/user/.m2/repository/org/glassfish/hk2/hk2-utils/2.5.0/hk2-utils-2.5.0.jar:/home/user/.m2/repository/jakarta/annotation/jakarta.annotation-api/1.3.4/jakarta.annotation-api-1.3.4.jar:/home/user/.m2/repository/org/glassfish/hk2/external/aopalliance-repackaged/2.5.0/aopalliance-repackaged-2.5.0.jar:/home/user/.m2/repository/com/fasterxml/jackson/dataformat/jackson-dataformat-xml/2.9.0/jackson-dataformat-xml-2.9.0.jar:/home/user/.m2/repository/com/fasterxml/jackson/core/jackson-core/2.9.9/jackson-core-2.9.9.jar:/home/user/.m2/repository/com/fasterxml/jackson/module/jackson-module-jaxb-annotations/2.9.9/jackson-module-jaxb-annotations-2.9.9.jar:/home/user/.m2/repository/javax/enterprise/cdi-api/1.2/cdi-api-1.2.jar:/home/user/.m2/repository/javax/el/javax.el-api/3.0.0/javax.el-api-3.0.0.jar:/home/user/.m2/repository/javax/interceptor/javax.interceptor-api/1.2/javax.interceptor-api-1.2.jar:/home/user/.m2/repository/javax/inject/javax.inject/1/javax.inject-1.jar:/home/user/.m2/repository/com/sun/xml/bind/jaxb-impl/2.3.0.1/jaxb-impl-2.3.0.1.jar:/home/user/.m2/repository/com/sun/xml/bind/jaxb-core/2.3.0.1/jaxb-core-2.3.0.1.jar:/home/user/.m2/repository/javax/xml/bind/jaxb-api/2.3.0/jaxb-api-2.3.0.jar:/home/user/.m2/repository/javax/activation/activation/1.1.1/activation-1.1.1.jar:/home/user/.m2/repository/org/apache/hadoop/hadoop-ozone-csi/0.5.0-SNAPSHOT/hadoop-ozone-csi-0.5.0-SNAPSHOT.jar:/home/user/.m2/repository/com/google/protobuf/protobuf-java-util/3.5.1/protobuf-java-util-3.5.1.jar:/home/user/.m2/repository/org/apache/hadoop/hadoop-hdds-config/0.5.0-SNAPSHOT/hadoop-hdds-config-0.5.0-SNAPSHOT.jar:/home/user/.m2/repository/io/grpc/grpc-netty/1.17.1/grpc-netty-1.17.1.jar:/home/user/.m2/repository/io/grpc/grpc-core/1.17.1/grpc-core-1.17.1.jar:/home/user/.m2/repository/io/grpc/grpc-context/1.17.1/grpc-context-1.17.1.jar:/home/user/.m2/repository/com/google/errorprone/error_prone_annotations/2.2.0/error_prone_annotations-2.2.0.jar:/home/user/.m2/repository/org/codehaus/mojo/animal-sniffer-annotations/1.17/animal-sniffer-annotations-1.17.jar:/home/user/.m2/repository/io/opencensus/opencensus-api/0.17.0/opencensus-api-0.17.0.jar:/home/user/.m2/repository/io/opencensus/opencensus-contrib-grpc-metrics/0.17.0/opencensus-contrib-grpc-metrics-0.17.0.jar:/home/user/.m2/repository/io/netty/netty-codec-http2/4.1.30.Final/netty-codec-http2-4.1.30.Final.jar:/home/user/.m2/repository/io/netty/netty-codec-http/4.1.30.Final/netty-codec-http-4.1.30.Final.jar:/home/user/.m2/repository/io/netty/netty-codec/4.1.30.Final/netty-codec-4.1.30.Final.jar:/home/user/.m2/repository/io/netty/netty-handler/4.1.30.Final/netty-handler-4.1.30.Final.jar:/home/user/.m2/repository/io/netty/netty-handler-proxy/4.1.30.Final/netty-handler-proxy-4.1.30.Final.jar:/home/user/.m2/repository/io/netty/netty-codec-socks/4.1.30.Final/netty-codec-socks-4.1.30.Final.jar:/home/user/.m2/repository/io/netty/netty-transport-native-epoll/4.1.30.Final/netty-transport-native-epoll-4.1.30.Final.jar:/home/user/.m2/repository/io/netty/netty-common/4.1.30.Final/netty-common-4.1.30.Final.jar:/home/user/.m2/repository/io/netty/netty-buffer/4.1.30.Final/netty-buffer-4.1.30.Final.jar:/home/user/.m2/repository/io/netty/netty-transport/4.1.30.Final/netty-transport-4.1.30.Final.jar:/home/user/.m2/repository/io/netty/netty-resolver/4.1.30.Final/netty-resolver-4.1.30.Final.jar:/home/user/.m2/repository/io/netty/netty-transport-native-unix-common/4.1.30.Final/netty-transport-native-unix-common-4.1.30.Final.jar:/home/user/.m2/repository/io/grpc/grpc-protobuf/1.17.1/grpc-protobuf-1.17.1.jar:/home/user/.m2/repository/com/google/api/grpc/proto-google-common-protos/1.0.0/proto-google-common-protos-1.0.0.jar:/home/user/.m2/repository/io/grpc/grpc-protobuf-lite/1.17.1/grpc-protobuf-lite-1.17.1.jar:/home/user/.m2/repository/io/grpc/grpc-stub/1.17.1/grpc-stub-1.17.1.jar:/home/user/.m2/repository/org/apache/hadoop/hadoop-ozone-recon/0.5.0-SNAPSHOT/hadoop-ozone-recon-0.5.0-SNAPSHOT.jar:/home/user/.m2/repository/org/apache/hadoop/hadoop-ozone-reconcodegen/0.5.0-SNAPSHOT/hadoop-ozone-reconcodegen-0.5.0-SNAPSHOT.jar:/home/user/.m2/repository/com/google/inject/extensions/guice-multibindings/4.0/guice-multibindings-4.0.jar:/home/user/.m2/repository/com/google/inject/guice/4.0/guice-4.0.jar:/home/user/.m2/repository/aopalliance/aopalliance/1.0/aopalliance-1.0.jar:/home/user/.m2/repository/com/google/inject/extensions/guice-servlet/4.0/guice-servlet-4.0.jar:/home/user/.m2/repository/org/glassfish/jersey/containers/jersey-container-servlet/2.27/jersey-container-servlet-2.27.jar:/home/user/.m2/repository/org/glassfish/hk2/guice-bridge/2.5.0/guice-bridge-2.5.0.jar:/home/user/.m2/repository/org/glassfish/jersey/core/jersey-server/2.27/jersey-server-2.27.jar:/home/user/.m2/repository/org/glassfish/jersey/core/jersey-client/2.27/jersey-client-2.27.jar:/home/user/.m2/repository/org/glassfish/jersey/media/jersey-media-jaxb/2.27/jersey-media-jaxb-2.27.jar:/home/user/.m2/repository/javax/validation/validation-api/1.1.0.Final/validation-api-1.1.0.Final.jar:/home/user/.m2/repository/org/glassfish/jersey/media/jersey-media-json-jackson/2.27/jersey-media-json-jackson-2.27.jar:/home/user/.m2/repository/org/glassfish/jersey/ext/jersey-entity-filtering/2.27/jersey-entity-filtering-2.27.jar:/home/user/.m2/repository/com/google/inject/extensions/guice-assistedinject/4.0/guice-assistedinject-4.0.jar:/home/user/.m2/repository/org/jooq/jooq/3.11.10/jooq-3.11.10.jar:/home/user/.m2/repository/org/jooq/jooq-meta/3.11.10/jooq-meta-3.11.10.jar:/home/user/.m2/repository/org/jooq/jooq-codegen/3.11.10/jooq-codegen-3.11.10.jar:/home/user/.m2/repository/com/jolbox/bonecp/0.8.0.RELEASE/bonecp-0.8.0.RELEASE.jar:/home/user/.m2/repository/org/xerial/sqlite-jdbc/3.25.2/sqlite-jdbc-3.25.2.jar:/home/user/.m2/repository/org/springframework/spring-jdbc/5.1.3.RELEASE/spring-jdbc-5.1.3.RELEASE.jar:/home/user/.m2/repository/org/springframework/spring-beans/5.1.3.RELEASE/spring-beans-5.1.3.RELEASE.jar:/home/user/.m2/repository/org/springframework/spring-core/5.1.3.RELEASE/spring-core-5.1.3.RELEASE.jar:/home/user/.m2/repository/org/springframework/spring-jcl/5.1.3.RELEASE/spring-jcl-5.1.3.RELEASE.jar:/home/user/.m2/repository/org/springframework/spring-tx/5.1.3.RELEASE/spring-tx-5.1.3.RELEASE.jar:/home/user/.m2/repository/org/apache/hadoop/hadoop-ozone-client/0.5.0-SNAPSHOT/hadoop-ozone-client-0.5.0-SNAPSHOT.jar:/home/user/.m2/repository/commons-lang/commons-lang/2.6/commons-lang-2.6.jar:/home/user/.m2/repository/org/apache/hadoop/hadoop-ozone-ozone-manager/0.5.0-SNAPSHOT/hadoop-ozone-ozone-manager-0.5.0-SNAPSHOT-tests.jar:/home/user/.m2/repository/junit/junit/4.11/junit-4.11.jar:/home/user/.m2/repository/org/hamcrest/hamcrest-core/1.3/hamcrest-core-1.3.jar:/home/user/.m2/repository/org/openjdk/jmh/jmh-core/1.19/jmh-core-1.19.jar:/home/user/.m2/repository/net/sf/jopt-simple/jopt-simple/4.6/jopt-simple-4.6.jar:/home/user/.m2/repository/org/apache/commons/commons-math3/3.1.1/commons-math3-3.1.1.jar:/home/user/.m2/repository/org/openjdk/jmh/jmh-generator-annprocess/1.19/jmh-generator-annprocess-1.19.jar:/home/user/.m2/repository/org/mockito/mockito-all/1.8.5/mockito-all-1.8.5.jar:/home/user/.m2/repository/org/apache/hadoop/hadoop-kms/3.2.0/hadoop-kms-3.2.0.jar:/home/user/.m2/repository/org/apache/hadoop/hadoop-auth/3.2.0/hadoop-auth-3.2.0.jar:/home/user/.m2/repository/com/nimbusds/nimbus-jose-jwt/4.41.1/nimbus-jose-jwt-4.41.1.jar:/home/user/.m2/repository/com/github/stephenc/jcip/jcip-annotations/1.0-1/jcip-annotations-1.0-1.jar:/home/user/.m2/repository/net/minidev/json-smart/2.3/json-smart-2.3.jar:/home/user/.m2/repository/net/minidev/accessors-smart/1.2/accessors-smart-1.2.jar:/home/user/.m2/repository/org/ow2/asm/asm/5.0.4/asm-5.0.4.jar:/home/user/.m2/repository/org/apache/curator/curator-framework/2.12.0/curator-framework-2.12.0.jar:/home/user/.m2/repository/com/sun/jersey/jersey-core/1.19/jersey-core-1.19.jar:/home/user/.m2/repository/javax/ws/rs/jsr311-api/1.1.1/jsr311-api-1.1.1.jar:/home/user/.m2/repository/com/sun/jersey/jersey-server/1.19/jersey-server-1.19.jar:/home/user/.m2/repository/javax/servlet/javax.servlet-api/3.1.0/javax.servlet-api-3.1.0.jar:/home/user/.m2/repository/org/eclipse/jetty/jetty-server/9.3.25.v20180904/jetty-server-9.3.25.v20180904.jar:/home/user/.m2/repository/org/eclipse/jetty/jetty-http/9.3.25.v20180904/jetty-http-9.3.25.v20180904.jar:/home/user/.m2/repository/org/eclipse/jetty/jetty-io/9.3.25.v20180904/jetty-io-9.3.25.v20180904.jar:/home/user/.m2/repository/org/eclipse/jetty/jetty-webapp/9.3.25.v20180904/jetty-webapp-9.3.25.v20180904.jar:/home/user/.m2/repository/org/eclipse/jetty/jetty-xml/9.3.25.v20180904/jetty-xml-9.3.25.v20180904.jar:/home/user/.m2/repository/log4j/log4j/1.2.17/log4j-1.2.17.jar:/home/user/.m2/repository/org/slf4j/slf4j-api/1.7.25/slf4j-api-1.7.25.jar:/home/user/.m2/repository/org/slf4j/jul-to-slf4j/1.7.25/jul-to-slf4j-1.7.25.jar:/home/user/.m2/repository/org/eclipse/jetty/jetty-util/9.3.25.v20180904/jetty-util-9.3.25.v20180904.jar:/home/user/.m2/repository/com/fasterxml/jackson/core/jackson-databind/2.9.9/jackson-databind-2.9.9.jar:/home/user/.m2/repository/org/apache/hadoop/hadoop-kms/3.2.0/hadoop-kms-3.2.0-tests.jar:/home/user/.m2/repository/org/apache/hadoop/hadoop-hdds-server-scm/0.5.0-SNAPSHOT/hadoop-hdds-server-scm-0.5.0-SNAPSHOT-tests.jar:/home/user/.m2/repository/org/apache/hadoop/hadoop-hdds-container-service/0.5.0-SNAPSHOT/hadoop-hdds-container-service-0.5.0-SNAPSHOT-tests.jar:/home/user/.m2/repository/org/yaml/snakeyaml/1.16/snakeyaml-1.16.jar:/home/user/.m2/repository/org/apache/hadoop/hadoop-common/3.2.0/hadoop-common-3.2.0-tests.jar:/home/user/.m2/repository/org/apache/hadoop/hadoop-annotations/3.2.0/hadoop-annotations-3.2.0.jar:/usr/lib/jvm/java-1.8.0-openjdk-1.8.0.222.b10-1.el7_7.x86_64/jre/../lib/tools.jar:/home/user/.m2/repository/commons-cli/commons-cli/1.2/commons-cli-1.2.jar:/home/user/.m2/repository/org/apache/httpcomponents/httpclient/4.5.2/httpclient-4.5.2.jar:/home/user/.m2/repository/org/apache/httpcomponents/httpcore/4.4.4/httpcore-4.4.4.jar:/home/user/.m2/repository/commons-codec/commons-codec/1.11/commons-codec-1.11.jar:/home/user/.m2/repository/commons-net/commons-net/3.6/commons-net-3.6.jar:/home/user/.m2/repository/commons-collections/commons-collections/3.2.2/commons-collections-3.2.2.jar:/home/user/.m2/repository/org/eclipse/jetty/jetty-servlet/9.3.25.v20180904/jetty-servlet-9.3.25.v20180904.jar:/home/user/.m2/repository/org/eclipse/jetty/jetty-security/9.3.25.v20180904/jetty-security-9.3.25.v20180904.jar:/home/user/.m2/repository/javax/servlet/jsp/jsp-api/2.1/jsp-api-2.1.jar:/home/user/.m2/repository/com/sun/jersey/jersey-servlet/1.19/jersey-servlet-1.19.jar:/home/user/.m2/repository/com/sun/jersey/jersey-json/1.19/jersey-json-1.19.jar:/home/user/.m2/repository/org/codehaus/jettison/jettison/1.1/jettison-1.1.jar:/home/user/.m2/repository/org/codehaus/jackson/jackson-core-asl/1.9.13/jackson-core-asl-1.9.13.jar:/home/user/.m2/repository/org/codehaus/jackson/jackson-mapper-asl/1.9.13/jackson-mapper-asl-1.9.13.jar:/home/user/.m2/repository/org/codehaus/jackson/jackson-jaxrs/1.9.13/jackson-jaxrs-1.9.13.jar:/home/user/.m2/repository/org/codehaus/jackson/jackson-xc/1.9.13/jackson-xc-1.9.13.jar:/home/user/.m2/repository/commons-logging/commons-logging/1.1.3/commons-logging-1.1.3.jar:/home/user/.m2/repository/commons-beanutils/commons-beanutils/1.9.4/commons-beanutils-1.9.4.jar:/home/user/.m2/repository/org/apache/commons/commons-configuration2/2.1.1/commons-configuration2-2.1.1.jar:/home/user/.m2/repository/org/apache/commons/commons-lang3/3.7/commons-lang3-3.7.jar:/home/user/.m2/repository/org/apache/commons/commons-text/1.4/commons-text-1.4.jar:/home/user/.m2/repository/org/apache/avro/avro/1.7.7/avro-1.7.7.jar:/home/user/.m2/repository/com/thoughtworks/paranamer/paranamer/2.3/paranamer-2.3.jar:/home/user/.m2/repository/org/xerial/snappy/snappy-java/1.0.5/snappy-java-1.0.5.jar:/home/user/.m2/repository/com/google/re2j/re2j/1.1/re2j-1.1.jar:/home/user/.m2/repository/com/google/code/gson/gson/2.2.4/gson-2.2.4.jar:/home/user/.m2/repository/com/jcraft/jsch/0.1.54/jsch-0.1.54.jar:/home/user/.m2/repository/org/apache/curator/curator-client/2.12.0/curator-client-2.12.0.jar:/home/user/.m2/repository/org/apache/curator/curator-recipes/2.12.0/curator-recipes-2.12.0.jar:/home/user/.m2/repository/com/google/code/findbugs/jsr305/3.0.0/jsr305-3.0.0.jar:/home/user/.m2/repository/org/apache/htrace/htrace-core4/4.1.0-incubating/htrace-core4-4.1.0-incubating.jar:/home/user/.m2/repository/org/apache/zookeeper/zookeeper/3.4.13/zookeeper-3.4.13.jar:/home/user/.m2/repository/jline/jline/0.9.94/jline-0.9.94.jar:/home/user/.m2/repository/org/apache/yetus/audience-annotations/0.5.0/audience-annotations-0.5.0.jar:/home/user/.m2/repository/org/codehaus/woodstox/stax2-api/3.1.4/stax2-api-3.1.4.jar:/home/user/.m2/repository/com/fasterxml/woodstox/woodstox-core/5.0.3/woodstox-core-5.0.3.jar:/home/user/.m2/repository/dnsjava/dnsjava/2.1.7/dnsjava-2.1.7.jar:/home/user/.m2/repository/org/apache/hadoop/hadoop-hdfs/3.2.0/hadoop-hdfs-3.2.0-tests.jar:/home/user/.m2/repository/org/eclipse/jetty/jetty-util-ajax/9.3.25.v20180904/jetty-util-ajax-9.3.25.v20180904.jar:/home/user/.m2/repository/commons-daemon/commons-daemon/1.0.13/commons-daemon-1.0.13.jar:/home/user/.m2/repository/io/netty/netty/3.10.5.Final/netty-3.10.5.Final.jar:/home/user/.m2/repository/io/netty/netty-all/4.0.52.Final/netty-all-4.0.52.Final.jar:/home/user/.m2/repository/org/fusesource/leveldbjni/leveldbjni-all/1.8/leveldbjni-all-1.8.jar:"/>
    <property name="java.vm.vendor" value="Oracle Corporation"/>
    <property name="sun.arch.data.model" value="64"/>
    <property name="test.build.dir" value="/workdir/hadoop-ozone/integration-test/target/test-dir"/>
    <property name="test.cache.data" value=""/>
    <property name="java.vendor.url" value="http://java.oracle.com/"/>
    <property name="user.timezone" value=""/>
    <property name="java.vm.specification.version" value="1.8"/>
    <property name="os.name" value="Linux"/>
    <property name="test.build.data" value="/workdir/hadoop-ozone/integration-test/target/test-dir"/>
    <property name="user.country" value="US"/>
    <property name="sun.java.launcher" value="SUN_STANDARD"/>
    <property name="sun.boot.library.path" value="/usr/lib/jvm/java-1.8.0-openjdk-1.8.0.222.b10-1.el7_7.x86_64/jre/lib/amd64"/>
    <property name="sun.java.command" value="/workdir/hadoop-ozone/integration-test/target/surefire/surefirebooter1487879862623772534.jar /workdir/hadoop-ozone/integration-test/target/surefire 2019-10-15T15-35-06_980-jvmRun1 surefire613180955667303707tmp surefire_603064480901718139054tmp"/>
    <property name="surefire.test.class.path" value="/workdir/hadoop-ozone/integration-test/target/test-classes:/workdir/hadoop-ozone/integration-test/target/classes:/home/user/.m2/repository/org/apache/hadoop/hadoop-ozone-common/0.5.0-SNAPSHOT/hadoop-ozone-common-0.5.0-SNAPSHOT.jar:/home/user/.m2/repository/org/apache/commons/commons-compress/1.4.1/commons-compress-1.4.1.jar:/home/user/.m2/repository/org/tukaani/xz/1.0/xz-1.0.jar:/home/user/.m2/repository/org/apache/hadoop/hadoop-common/3.2.0/hadoop-common-3.2.0.jar:/home/user/.m2/repository/org/apache/hadoop/hadoop-hdfs/3.2.0/hadoop-hdfs-3.2.0.jar:/home/user/.m2/repository/org/apache/hadoop/hadoop-hdfs-client/3.2.0/hadoop-hdfs-client-3.2.0.jar:/home/user/.m2/repository/com/fasterxml/jackson/core/jackson-annotations/2.9.9/jackson-annotations-2.9.9.jar:/home/user/.m2/repository/org/apache/hadoop/hadoop-hdds-common/0.5.0-SNAPSHOT/hadoop-hdds-common-0.5.0-SNAPSHOT.jar:/home/user/.m2/repository/javax/annotation/javax.annotation-api/1.2/javax.annotation-api-1.2.jar:/home/user/.m2/repository/org/apache/ratis/ratis-server/0.5.0-3f446aa-SNAPSHOT/ratis-server-0.5.0-3f446aa-SNAPSHOT.jar:/home/user/.m2/repository/org/apache/ratis/ratis-thirdparty-misc/0.2.0/ratis-thirdparty-misc-0.2.0.jar:/home/user/.m2/repository/org/apache/ratis/ratis-proto/0.5.0-3f446aa-SNAPSHOT/ratis-proto-0.5.0-3f446aa-SNAPSHOT.jar:/home/user/.m2/repository/org/apache/ratis/ratis-common/0.5.0-3f446aa-SNAPSHOT/ratis-common-0.5.0-3f446aa-SNAPSHOT.jar:/home/user/.m2/repository/org/apache/ratis/ratis-client/0.5.0-3f446aa-SNAPSHOT/ratis-client-0.5.0-3f446aa-SNAPSHOT.jar:/home/user/.m2/repository/org/apache/ratis/ratis-metrics/0.5.0-3f446aa-SNAPSHOT/ratis-metrics-0.5.0-3f446aa-SNAPSHOT.jar:/home/user/.m2/repository/com/github/joshelser/dropwizard-metrics-hadoop-metrics2-reporter/0.1.2/dropwizard-metrics-hadoop-metrics2-reporter-0.1.2.jar:/home/user/.m2/repository/io/dropwizard/metrics/metrics-jvm/3.2.5/metrics-jvm-3.2.5.jar:/home/user/.m2/repository/io/dropwizard/metrics/metrics-ganglia/3.2.5/metrics-ganglia-3.2.5.jar:/home/user/.m2/repository/info/ganglia/gmetric4j/gmetric4j/1.0.7/gmetric4j-1.0.7.jar:/home/user/.m2/repository/org/apache/ratis/ratis-netty/0.5.0-3f446aa-SNAPSHOT/ratis-netty-0.5.0-3f446aa-SNAPSHOT.jar:/home/user/.m2/repository/org/apache/ratis/ratis-grpc/0.5.0-3f446aa-SNAPSHOT/ratis-grpc-0.5.0-3f446aa-SNAPSHOT.jar:/home/user/.m2/repository/org/rocksdb/rocksdbjni/6.0.1/rocksdbjni-6.0.1.jar:/home/user/.m2/repository/org/apache/logging/log4j/log4j-api/2.11.0/log4j-api-2.11.0.jar:/home/user/.m2/repository/org/apache/logging/log4j/log4j-core/2.11.0/log4j-core-2.11.0.jar:/home/user/.m2/repository/com/lmax/disruptor/3.4.2/disruptor-3.4.2.jar:/home/user/.m2/repository/org/apache/commons/commons-pool2/2.6.0/commons-pool2-2.6.0.jar:/home/user/.m2/repository/org/bouncycastle/bcpkix-jdk15on/1.60/bcpkix-jdk15on-1.60.jar:/home/user/.m2/repository/commons-validator/commons-validator/1.6/commons-validator-1.6.jar:/home/user/.m2/repository/commons-digester/commons-digester/1.8.1/commons-digester-1.8.1.jar:/home/user/.m2/repository/io/jaegertracing/jaeger-client/0.34.0/jaeger-client-0.34.0.jar:/home/user/.m2/repository/io/jaegertracing/jaeger-thrift/0.34.0/jaeger-thrift-0.34.0.jar:/home/user/.m2/repository/org/apache/thrift/libthrift/0.12.0/libthrift-0.12.0.jar:/home/user/.m2/repository/com/squareup/okhttp3/okhttp/3.9.0/okhttp-3.9.0.jar:/home/user/.m2/repository/com/squareup/okio/okio/1.13.0/okio-1.13.0.jar:/home/user/.m2/repository/io/jaegertracing/jaeger-core/0.34.0/jaeger-core-0.34.0.jar:/home/user/.m2/repository/io/jaegertracing/jaeger-tracerresolver/0.34.0/jaeger-tracerresolver-0.34.0.jar:/home/user/.m2/repository/io/opentracing/contrib/opentracing-tracerresolver/0.1.5/opentracing-tracerresolver-0.1.5.jar:/home/user/.m2/repository/io/opentracing/opentracing-util/0.31.0/opentracing-util-0.31.0.jar:/home/user/.m2/repository/io/opentracing/opentracing-api/0.31.0/opentracing-api-0.31.0.jar:/home/user/.m2/repository/io/opentracing/opentracing-noop/0.31.0/opentracing-noop-0.31.0.jar:/home/user/.m2/repository/org/apache/hadoop/hadoop-hdds-server-framework/0.5.0-SNAPSHOT/hadoop-hdds-server-framework-0.5.0-SNAPSHOT.jar:/home/user/.m2/repository/org/apache/hadoop/hadoop-hdds-container-service/0.5.0-SNAPSHOT/hadoop-hdds-container-service-0.5.0-SNAPSHOT.jar:/home/user/.m2/repository/org/apache/hadoop/hadoop-hdds-client/0.5.0-SNAPSHOT/hadoop-hdds-client-0.5.0-SNAPSHOT.jar:/home/user/.m2/repository/org/apache/hadoop/hadoop-hdds-tools/0.5.0-SNAPSHOT/hadoop-hdds-tools-0.5.0-SNAPSHOT.jar:/home/user/.m2/repository/org/apache/hadoop/hadoop-hdds-server-scm/0.5.0-SNAPSHOT/hadoop-hdds-server-scm-0.5.0-SNAPSHOT.jar:/home/user/.m2/repository/org/apache/hadoop/hadoop-hdds-docs/0.5.0-SNAPSHOT/hadoop-hdds-docs-0.5.0-SNAPSHOT.jar:/home/user/.m2/repository/io/dropwizard/metrics/metrics-core/3.2.4/metrics-core-3.2.4.jar:/home/user/.m2/repository/org/hamcrest/hamcrest-all/1.3/hamcrest-all-1.3.jar:/home/user/.m2/repository/org/bouncycastle/bcprov-jdk15on/1.60/bcprov-jdk15on-1.60.jar:/home/user/.m2/repository/info/picocli/picocli/3.9.6/picocli-3.9.6.jar:/home/user/.m2/repository/com/google/protobuf/protobuf-java/2.5.0/protobuf-java-2.5.0.jar:/home/user/.m2/repository/com/google/guava/guava/11.0.2/guava-11.0.2.jar:/home/user/.m2/repository/org/apache/hadoop/hadoop-ozone-ozone-manager/0.5.0-SNAPSHOT/hadoop-ozone-ozone-manager-0.5.0-SNAPSHOT.jar:/home/user/.m2/repository/org/apache/hadoop/hadoop-minikdc/3.2.0/hadoop-minikdc-3.2.0.jar:/home/user/.m2/repository/commons-io/commons-io/2.5/commons-io-2.5.jar:/home/user/.m2/repository/org/apache/kerby/kerb-simplekdc/1.0.1/kerb-simplekdc-1.0.1.jar:/home/user/.m2/repository/org/apache/kerby/kerb-client/1.0.1/kerb-client-1.0.1.jar:/home/user/.m2/repository/org/apache/kerby/kerby-config/1.0.1/kerby-config-1.0.1.jar:/home/user/.m2/repository/org/apache/kerby/kerb-core/1.0.1/kerb-core-1.0.1.jar:/home/user/.m2/repository/org/apache/kerby/kerby-pkix/1.0.1/kerby-pkix-1.0.1.jar:/home/user/.m2/repository/org/apache/kerby/kerby-asn1/1.0.1/kerby-asn1-1.0.1.jar:/home/user/.m2/repository/org/apache/kerby/kerby-util/1.0.1/kerby-util-1.0.1.jar:/home/user/.m2/repository/org/apache/kerby/kerb-common/1.0.1/kerb-common-1.0.1.jar:/home/user/.m2/repository/org/apache/kerby/kerb-crypto/1.0.1/kerb-crypto-1.0.1.jar:/home/user/.m2/repository/org/apache/kerby/kerb-util/1.0.1/kerb-util-1.0.1.jar:/home/user/.m2/repository/org/apache/kerby/token-provider/1.0.1/token-provider-1.0.1.jar:/home/user/.m2/repository/org/apache/kerby/kerb-admin/1.0.1/kerb-admin-1.0.1.jar:/home/user/.m2/repository/org/apache/kerby/kerb-server/1.0.1/kerb-server-1.0.1.jar:/home/user/.m2/repository/org/apache/kerby/kerb-identity/1.0.1/kerb-identity-1.0.1.jar:/home/user/.m2/repository/org/apache/kerby/kerby-xdr/1.0.1/kerby-xdr-1.0.1.jar:/home/user/.m2/repository/org/slf4j/slf4j-log4j12/1.7.25/slf4j-log4j12-1.7.25.jar:/home/user/.m2/repository/org/apache/hadoop/hadoop-ozone-s3gateway/0.5.0-SNAPSHOT/hadoop-ozone-s3gateway-0.5.0-SNAPSHOT.jar:/home/user/.m2/repository/org/jboss/weld/servlet/weld-servlet/2.4.7.Final/weld-servlet-2.4.7.Final.jar:/home/user/.m2/repository/org/glassfish/jersey/containers/jersey-container-servlet-core/2.27/jersey-container-servlet-core-2.27.jar:/home/user/.m2/repository/org/glassfish/hk2/external/javax.inject/2.5.0-b42/javax.inject-2.5.0-b42.jar:/home/user/.m2/repository/org/glassfish/jersey/core/jersey-common/2.27/jersey-common-2.27.jar:/home/user/.m2/repository/org/glassfish/hk2/osgi-resource-locator/1.0.1/osgi-resource-locator-1.0.1.jar:/home/user/.m2/repository/javax/ws/rs/javax.ws.rs-api/2.1/javax.ws.rs-api-2.1.jar:/home/user/.m2/repository/org/glassfish/jersey/ext/cdi/jersey-cdi1x/2.27/jersey-cdi1x-2.27.jar:/home/user/.m2/repository/org/glassfish/jersey/inject/jersey-hk2/2.27/jersey-hk2-2.27.jar:/home/user/.m2/repository/org/glassfish/hk2/hk2-locator/2.5.0-b42/hk2-locator-2.5.0-b42.jar:/home/user/.m2/repository/org/javassist/javassist/3.22.0-CR2/javassist-3.22.0-CR2.jar:/home/user/.m2/repository/org/glassfish/hk2/hk2-api/2.5.0/hk2-api-2.5.0.jar:/home/user/.m2/repository/org/glassfish/hk2/external/jakarta.inject/2.5.0/jakarta.inject-2.5.0.jar:/home/user/.m2/repository/org/glassfish/hk2/hk2-utils/2.5.0/hk2-utils-2.5.0.jar:/home/user/.m2/repository/jakarta/annotation/jakarta.annotation-api/1.3.4/jakarta.annotation-api-1.3.4.jar:/home/user/.m2/repository/org/glassfish/hk2/external/aopalliance-repackaged/2.5.0/aopalliance-repackaged-2.5.0.jar:/home/user/.m2/repository/com/fasterxml/jackson/dataformat/jackson-dataformat-xml/2.9.0/jackson-dataformat-xml-2.9.0.jar:/home/user/.m2/repository/com/fasterxml/jackson/core/jackson-core/2.9.9/jackson-core-2.9.9.jar:/home/user/.m2/repository/com/fasterxml/jackson/module/jackson-module-jaxb-annotations/2.9.9/jackson-module-jaxb-annotations-2.9.9.jar:/home/user/.m2/repository/javax/enterprise/cdi-api/1.2/cdi-api-1.2.jar:/home/user/.m2/repository/javax/el/javax.el-api/3.0.0/javax.el-api-3.0.0.jar:/home/user/.m2/repository/javax/interceptor/javax.interceptor-api/1.2/javax.interceptor-api-1.2.jar:/home/user/.m2/repository/javax/inject/javax.inject/1/javax.inject-1.jar:/home/user/.m2/repository/com/sun/xml/bind/jaxb-impl/2.3.0.1/jaxb-impl-2.3.0.1.jar:/home/user/.m2/repository/com/sun/xml/bind/jaxb-core/2.3.0.1/jaxb-core-2.3.0.1.jar:/home/user/.m2/repository/javax/xml/bind/jaxb-api/2.3.0/jaxb-api-2.3.0.jar:/home/user/.m2/repository/javax/activation/activation/1.1.1/activation-1.1.1.jar:/home/user/.m2/repository/org/apache/hadoop/hadoop-ozone-csi/0.5.0-SNAPSHOT/hadoop-ozone-csi-0.5.0-SNAPSHOT.jar:/home/user/.m2/repository/com/google/protobuf/protobuf-java-util/3.5.1/protobuf-java-util-3.5.1.jar:/home/user/.m2/repository/org/apache/hadoop/hadoop-hdds-config/0.5.0-SNAPSHOT/hadoop-hdds-config-0.5.0-SNAPSHOT.jar:/home/user/.m2/repository/io/grpc/grpc-netty/1.17.1/grpc-netty-1.17.1.jar:/home/user/.m2/repository/io/grpc/grpc-core/1.17.1/grpc-core-1.17.1.jar:/home/user/.m2/repository/io/grpc/grpc-context/1.17.1/grpc-context-1.17.1.jar:/home/user/.m2/repository/com/google/errorprone/error_prone_annotations/2.2.0/error_prone_annotations-2.2.0.jar:/home/user/.m2/repository/org/codehaus/mojo/animal-sniffer-annotations/1.17/animal-sniffer-annotations-1.17.jar:/home/user/.m2/repository/io/opencensus/opencensus-api/0.17.0/opencensus-api-0.17.0.jar:/home/user/.m2/repository/io/opencensus/opencensus-contrib-grpc-metrics/0.17.0/opencensus-contrib-grpc-metrics-0.17.0.jar:/home/user/.m2/repository/io/netty/netty-codec-http2/4.1.30.Final/netty-codec-http2-4.1.30.Final.jar:/home/user/.m2/repository/io/netty/netty-codec-http/4.1.30.Final/netty-codec-http-4.1.30.Final.jar:/home/user/.m2/repository/io/netty/netty-codec/4.1.30.Final/netty-codec-4.1.30.Final.jar:/home/user/.m2/repository/io/netty/netty-handler/4.1.30.Final/netty-handler-4.1.30.Final.jar:/home/user/.m2/repository/io/netty/netty-handler-proxy/4.1.30.Final/netty-handler-proxy-4.1.30.Final.jar:/home/user/.m2/repository/io/netty/netty-codec-socks/4.1.30.Final/netty-codec-socks-4.1.30.Final.jar:/home/user/.m2/repository/io/netty/netty-transport-native-epoll/4.1.30.Final/netty-transport-native-epoll-4.1.30.Final.jar:/home/user/.m2/repository/io/netty/netty-common/4.1.30.Final/netty-common-4.1.30.Final.jar:/home/user/.m2/repository/io/netty/netty-buffer/4.1.30.Final/netty-buffer-4.1.30.Final.jar:/home/user/.m2/repository/io/netty/netty-transport/4.1.30.Final/netty-transport-4.1.30.Final.jar:/home/user/.m2/repository/io/netty/netty-resolver/4.1.30.Final/netty-resolver-4.1.30.Final.jar:/home/user/.m2/repository/io/netty/netty-transport-native-unix-common/4.1.30.Final/netty-transport-native-unix-common-4.1.30.Final.jar:/home/user/.m2/repository/io/grpc/grpc-protobuf/1.17.1/grpc-protobuf-1.17.1.jar:/home/user/.m2/repository/com/google/api/grpc/proto-google-common-protos/1.0.0/proto-google-common-protos-1.0.0.jar:/home/user/.m2/repository/io/grpc/grpc-protobuf-lite/1.17.1/grpc-protobuf-lite-1.17.1.jar:/home/user/.m2/repository/io/grpc/grpc-stub/1.17.1/grpc-stub-1.17.1.jar:/home/user/.m2/repository/org/apache/hadoop/hadoop-ozone-recon/0.5.0-SNAPSHOT/hadoop-ozone-recon-0.5.0-SNAPSHOT.jar:/home/user/.m2/repository/org/apache/hadoop/hadoop-ozone-reconcodegen/0.5.0-SNAPSHOT/hadoop-ozone-reconcodegen-0.5.0-SNAPSHOT.jar:/home/user/.m2/repository/com/google/inject/extensions/guice-multibindings/4.0/guice-multibindings-4.0.jar:/home/user/.m2/repository/com/google/inject/guice/4.0/guice-4.0.jar:/home/user/.m2/repository/aopalliance/aopalliance/1.0/aopalliance-1.0.jar:/home/user/.m2/repository/com/google/inject/extensions/guice-servlet/4.0/guice-servlet-4.0.jar:/home/user/.m2/repository/org/glassfish/jersey/containers/jersey-container-servlet/2.27/jersey-container-servlet-2.27.jar:/home/user/.m2/repository/org/glassfish/hk2/guice-bridge/2.5.0/guice-bridge-2.5.0.jar:/home/user/.m2/repository/org/glassfish/jersey/core/jersey-server/2.27/jersey-server-2.27.jar:/home/user/.m2/repository/org/glassfish/jersey/core/jersey-client/2.27/jersey-client-2.27.jar:/home/user/.m2/repository/org/glassfish/jersey/media/jersey-media-jaxb/2.27/jersey-media-jaxb-2.27.jar:/home/user/.m2/repository/javax/validation/validation-api/1.1.0.Final/validation-api-1.1.0.Final.jar:/home/user/.m2/repository/org/glassfish/jersey/media/jersey-media-json-jackson/2.27/jersey-media-json-jackson-2.27.jar:/home/user/.m2/repository/org/glassfish/jersey/ext/jersey-entity-filtering/2.27/jersey-entity-filtering-2.27.jar:/home/user/.m2/repository/com/google/inject/extensions/guice-assistedinject/4.0/guice-assistedinject-4.0.jar:/home/user/.m2/repository/org/jooq/jooq/3.11.10/jooq-3.11.10.jar:/home/user/.m2/repository/org/jooq/jooq-meta/3.11.10/jooq-meta-3.11.10.jar:/home/user/.m2/repository/org/jooq/jooq-codegen/3.11.10/jooq-codegen-3.11.10.jar:/home/user/.m2/repository/com/jolbox/bonecp/0.8.0.RELEASE/bonecp-0.8.0.RELEASE.jar:/home/user/.m2/repository/org/xerial/sqlite-jdbc/3.25.2/sqlite-jdbc-3.25.2.jar:/home/user/.m2/repository/org/springframework/spring-jdbc/5.1.3.RELEASE/spring-jdbc-5.1.3.RELEASE.jar:/home/user/.m2/repository/org/springframework/spring-beans/5.1.3.RELEASE/spring-beans-5.1.3.RELEASE.jar:/home/user/.m2/repository/org/springframework/spring-core/5.1.3.RELEASE/spring-core-5.1.3.RELEASE.jar:/home/user/.m2/repository/org/springframework/spring-jcl/5.1.3.RELEASE/spring-jcl-5.1.3.RELEASE.jar:/home/user/.m2/repository/org/springframework/spring-tx/5.1.3.RELEASE/spring-tx-5.1.3.RELEASE.jar:/home/user/.m2/repository/org/apache/hadoop/hadoop-ozone-client/0.5.0-SNAPSHOT/hadoop-ozone-client-0.5.0-SNAPSHOT.jar:/home/user/.m2/repository/commons-lang/commons-lang/2.6/commons-lang-2.6.jar:/home/user/.m2/repository/org/apache/hadoop/hadoop-ozone-ozone-manager/0.5.0-SNAPSHOT/hadoop-ozone-ozone-manager-0.5.0-SNAPSHOT-tests.jar:/home/user/.m2/repository/junit/junit/4.11/junit-4.11.jar:/home/user/.m2/repository/org/hamcrest/hamcrest-core/1.3/hamcrest-core-1.3.jar:/home/user/.m2/repository/org/openjdk/jmh/jmh-core/1.19/jmh-core-1.19.jar:/home/user/.m2/repository/net/sf/jopt-simple/jopt-simple/4.6/jopt-simple-4.6.jar:/home/user/.m2/repository/org/apache/commons/commons-math3/3.1.1/commons-math3-3.1.1.jar:/home/user/.m2/repository/org/openjdk/jmh/jmh-generator-annprocess/1.19/jmh-generator-annprocess-1.19.jar:/home/user/.m2/repository/org/mockito/mockito-all/1.8.5/mockito-all-1.8.5.jar:/home/user/.m2/repository/org/apache/hadoop/hadoop-kms/3.2.0/hadoop-kms-3.2.0.jar:/home/user/.m2/repository/org/apache/hadoop/hadoop-auth/3.2.0/hadoop-auth-3.2.0.jar:/home/user/.m2/repository/com/nimbusds/nimbus-jose-jwt/4.41.1/nimbus-jose-jwt-4.41.1.jar:/home/user/.m2/repository/com/github/stephenc/jcip/jcip-annotations/1.0-1/jcip-annotations-1.0-1.jar:/home/user/.m2/repository/net/minidev/json-smart/2.3/json-smart-2.3.jar:/home/user/.m2/repository/net/minidev/accessors-smart/1.2/accessors-smart-1.2.jar:/home/user/.m2/repository/org/ow2/asm/asm/5.0.4/asm-5.0.4.jar:/home/user/.m2/repository/org/apache/curator/curator-framework/2.12.0/curator-framework-2.12.0.jar:/home/user/.m2/repository/com/sun/jersey/jersey-core/1.19/jersey-core-1.19.jar:/home/user/.m2/repository/javax/ws/rs/jsr311-api/1.1.1/jsr311-api-1.1.1.jar:/home/user/.m2/repository/com/sun/jersey/jersey-server/1.19/jersey-server-1.19.jar:/home/user/.m2/repository/javax/servlet/javax.servlet-api/3.1.0/javax.servlet-api-3.1.0.jar:/home/user/.m2/repository/org/eclipse/jetty/jetty-server/9.3.25.v20180904/jetty-server-9.3.25.v20180904.jar:/home/user/.m2/repository/org/eclipse/jetty/jetty-http/9.3.25.v20180904/jetty-http-9.3.25.v20180904.jar:/home/user/.m2/repository/org/eclipse/jetty/jetty-io/9.3.25.v20180904/jetty-io-9.3.25.v20180904.jar:/home/user/.m2/repository/org/eclipse/jetty/jetty-webapp/9.3.25.v20180904/jetty-webapp-9.3.25.v20180904.jar:/home/user/.m2/repository/org/eclipse/jetty/jetty-xml/9.3.25.v20180904/jetty-xml-9.3.25.v20180904.jar:/home/user/.m2/repository/log4j/log4j/1.2.17/log4j-1.2.17.jar:/home/user/.m2/repository/org/slf4j/slf4j-api/1.7.25/slf4j-api-1.7.25.jar:/home/user/.m2/repository/org/slf4j/jul-to-slf4j/1.7.25/jul-to-slf4j-1.7.25.jar:/home/user/.m2/repository/org/eclipse/jetty/jetty-util/9.3.25.v20180904/jetty-util-9.3.25.v20180904.jar:/home/user/.m2/repository/com/fasterxml/jackson/core/jackson-databind/2.9.9/jackson-databind-2.9.9.jar:/home/user/.m2/repository/org/apache/hadoop/hadoop-kms/3.2.0/hadoop-kms-3.2.0-tests.jar:/home/user/.m2/repository/org/apache/hadoop/hadoop-hdds-server-scm/0.5.0-SNAPSHOT/hadoop-hdds-server-scm-0.5.0-SNAPSHOT-tests.jar:/home/user/.m2/repository/org/apache/hadoop/hadoop-hdds-container-service/0.5.0-SNAPSHOT/hadoop-hdds-container-service-0.5.0-SNAPSHOT-tests.jar:/home/user/.m2/repository/org/yaml/snakeyaml/1.16/snakeyaml-1.16.jar:/home/user/.m2/repository/org/apache/hadoop/hadoop-common/3.2.0/hadoop-common-3.2.0-tests.jar:/home/user/.m2/repository/org/apache/hadoop/hadoop-annotations/3.2.0/hadoop-annotations-3.2.0.jar:/usr/lib/jvm/java-1.8.0-openjdk-1.8.0.222.b10-1.el7_7.x86_64/jre/../lib/tools.jar:/home/user/.m2/repository/commons-cli/commons-cli/1.2/commons-cli-1.2.jar:/home/user/.m2/repository/org/apache/httpcomponents/httpclient/4.5.2/httpclient-4.5.2.jar:/home/user/.m2/repository/org/apache/httpcomponents/httpcore/4.4.4/httpcore-4.4.4.jar:/home/user/.m2/repository/commons-codec/commons-codec/1.11/commons-codec-1.11.jar:/home/user/.m2/repository/commons-net/commons-net/3.6/commons-net-3.6.jar:/home/user/.m2/repository/commons-collections/commons-collections/3.2.2/commons-collections-3.2.2.jar:/home/user/.m2/repository/org/eclipse/jetty/jetty-servlet/9.3.25.v20180904/jetty-servlet-9.3.25.v20180904.jar:/home/user/.m2/repository/org/eclipse/jetty/jetty-security/9.3.25.v20180904/jetty-security-9.3.25.v20180904.jar:/home/user/.m2/repository/javax/servlet/jsp/jsp-api/2.1/jsp-api-2.1.jar:/home/user/.m2/repository/com/sun/jersey/jersey-servlet/1.19/jersey-servlet-1.19.jar:/home/user/.m2/repository/com/sun/jersey/jersey-json/1.19/jersey-json-1.19.jar:/home/user/.m2/repository/org/codehaus/jettison/jettison/1.1/jettison-1.1.jar:/home/user/.m2/repository/org/codehaus/jackson/jackson-core-asl/1.9.13/jackson-core-asl-1.9.13.jar:/home/user/.m2/repository/org/codehaus/jackson/jackson-mapper-asl/1.9.13/jackson-mapper-asl-1.9.13.jar:/home/user/.m2/repository/org/codehaus/jackson/jackson-jaxrs/1.9.13/jackson-jaxrs-1.9.13.jar:/home/user/.m2/repository/org/codehaus/jackson/jackson-xc/1.9.13/jackson-xc-1.9.13.jar:/home/user/.m2/repository/commons-logging/commons-logging/1.1.3/commons-logging-1.1.3.jar:/home/user/.m2/repository/commons-beanutils/commons-beanutils/1.9.4/commons-beanutils-1.9.4.jar:/home/user/.m2/repository/org/apache/commons/commons-configuration2/2.1.1/commons-configuration2-2.1.1.jar:/home/user/.m2/repository/org/apache/commons/commons-lang3/3.7/commons-lang3-3.7.jar:/home/user/.m2/repository/org/apache/commons/commons-text/1.4/commons-text-1.4.jar:/home/user/.m2/repository/org/apache/avro/avro/1.7.7/avro-1.7.7.jar:/home/user/.m2/repository/com/thoughtworks/paranamer/paranamer/2.3/paranamer-2.3.jar:/home/user/.m2/repository/org/xerial/snappy/snappy-java/1.0.5/snappy-java-1.0.5.jar:/home/user/.m2/repository/com/google/re2j/re2j/1.1/re2j-1.1.jar:/home/user/.m2/repository/com/google/code/gson/gson/2.2.4/gson-2.2.4.jar:/home/user/.m2/repository/com/jcraft/jsch/0.1.54/jsch-0.1.54.jar:/home/user/.m2/repository/org/apache/curator/curator-client/2.12.0/curator-client-2.12.0.jar:/home/user/.m2/repository/org/apache/curator/curator-recipes/2.12.0/curator-recipes-2.12.0.jar:/home/user/.m2/repository/com/google/code/findbugs/jsr305/3.0.0/jsr305-3.0.0.jar:/home/user/.m2/repository/org/apache/htrace/htrace-core4/4.1.0-incubating/htrace-core4-4.1.0-incubating.jar:/home/user/.m2/repository/org/apache/zookeeper/zookeeper/3.4.13/zookeeper-3.4.13.jar:/home/user/.m2/repository/jline/jline/0.9.94/jline-0.9.94.jar:/home/user/.m2/repository/org/apache/yetus/audience-annotations/0.5.0/audience-annotations-0.5.0.jar:/home/user/.m2/repository/org/codehaus/woodstox/stax2-api/3.1.4/stax2-api-3.1.4.jar:/home/user/.m2/repository/com/fasterxml/woodstox/woodstox-core/5.0.3/woodstox-core-5.0.3.jar:/home/user/.m2/repository/dnsjava/dnsjava/2.1.7/dnsjava-2.1.7.jar:/home/user/.m2/repository/org/apache/hadoop/hadoop-hdfs/3.2.0/hadoop-hdfs-3.2.0-tests.jar:/home/user/.m2/repository/org/eclipse/jetty/jetty-util-ajax/9.3.25.v20180904/jetty-util-ajax-9.3.25.v20180904.jar:/home/user/.m2/repository/commons-daemon/commons-daemon/1.0.13/commons-daemon-1.0.13.jar:/home/user/.m2/repository/io/netty/netty/3.10.5.Final/netty-3.10.5.Final.jar:/home/user/.m2/repository/io/netty/netty-all/4.0.52.Final/netty-all-4.0.52.Final.jar:/home/user/.m2/repository/org/fusesource/leveldbjni/leveldbjni-all/1.8/leveldbjni-all-1.8.jar:"/>
    <property name="sun.cpu.endian" value="little"/>
    <property name="user.home" value="/home/user"/>
    <property name="user.language" value="en"/>
    <property name="java.specification.vendor" value="Oracle Corporation"/>
    <property name="java.home" value="/usr/lib/jvm/java-1.8.0-openjdk-1.8.0.222.b10-1.el7_7.x86_64/jre"/>
    <property name="surefire.excludesFile" value="/tools/ozone-bad-unit-tests"/>
    <property name="java.security.krb5.conf" value="/workdir/hadoop-ozone/integration-test/target/test-classes/krb5.conf"/>
    <property name="basedir" value="/workdir/hadoop-ozone/integration-test"/>
    <property name="file.separator" value="/"/>
    <property name="line.separator" value="&#10;"/>
    <property name="java.vm.specification.vendor" value="Oracle Corporation"/>
    <property name="java.specification.name" value="Java Platform API Specification"/>
    <property name="java.awt.graphicsenv" value="sun.awt.X11GraphicsEnvironment"/>
    <property name="surefire.real.class.path" value="/workdir/hadoop-ozone/integration-test/target/surefire/surefirebooter1487879862623772534.jar"/>
    <property name="hadoop.log.dir" value="/workdir/hadoop-ozone/integration-test/target/log"/>
    <property name="sun.boot.class.path" value="/usr/lib/jvm/java-1.8.0-openjdk-1.8.0.222.b10-1.el7_7.x86_64/jre/lib/resources.jar:/usr/lib/jvm/java-1.8.0-openjdk-1.8.0.222.b10-1.el7_7.x86_64/jre/lib/rt.jar:/usr/lib/jvm/java-1.8.0-openjdk-1.8.0.222.b10-1.el7_7.x86_64/jre/lib/sunrsasign.jar:/usr/lib/jvm/java-1.8.0-openjdk-1.8.0.222.b10-1.el7_7.x86_64/jre/lib/jsse.jar:/usr/lib/jvm/java-1.8.0-openjdk-1.8.0.222.b10-1.el7_7.x86_64/jre/lib/jce.jar:/usr/lib/jvm/java-1.8.0-openjdk-1.8.0.222.b10-1.el7_7.x86_64/jre/lib/charsets.jar:/usr/lib/jvm/java-1.8.0-openjdk-1.8.0.222.b10-1.el7_7.x86_64/jre/lib/jfr.jar:/usr/lib/jvm/java-1.8.0-openjdk-1.8.0.222.b10-1.el7_7.x86_64/jre/classes"/>
    <property name="sun.management.compiler" value="HotSpot 64-Bit Tiered Compilers"/>
    <property name="java.runtime.version" value="1.8.0_222-b10"/>
    <property name="java.net.preferIPv4Stack" value="true"/>
    <property name="user.name" value="jenkins1000"/>
    <property name="path.separator" value=":"/>
    <property name="java.security.egd" value="file:///dev/urandom"/>
    <property name="os.version" value="3.10.0-957.12.2.el7.x86_64"/>
    <property name="java.endorsed.dirs" value="/usr/lib/jvm/java-1.8.0-openjdk-1.8.0.222.b10-1.el7_7.x86_64/jre/lib/endorsed"/>
    <property name="java.runtime.name" value="OpenJDK Runtime Environment"/>
    <property name="file.encoding" value="ANSI_X3.4-1968"/>
    <property name="java.vm.name" value="OpenJDK 64-Bit Server VM"/>
    <property name="test.build.webapps" value=""/>
    <property name="localRepository" value="/home/user/.m2/repository"/>
    <property name="java.vendor.url.bug" value="http://bugreport.sun.com/bugreport/"/>
    <property name="java.io.tmpdir" value="/tmp"/>
    <property name="require.test.libhadoop" value=""/>
    <property name="java.version" value="1.8.0_222"/>
    <property name="user.dir" value="/workdir/hadoop-ozone/integration-test"/>
    <property name="os.arch" value="amd64"/>
    <property name="java.vm.specification.name" value="Java Virtual Machine Specification"/>
    <property name="test.build.classes" value="/workdir/hadoop-ozone/integration-test/target/test-classes"/>
    <property name="java.awt.printerjob" value="sun.print.PSPrinterJob"/>
    <property name="sun.os.patch.level" value="unknown"/>
    <property name="hadoop.tmp.dir" value="/workdir/hadoop-ozone/integration-test/target/tmp"/>
    <property name="java.library.path" value="/usr/lib:/workdir/hadoop-ozone/integration-test/target/native/target/usr/local/lib:/workdir/hadoop-ozone/integration-test/../../hadoop-common-project/hadoop-common/target/native/target/usr/local/lib:/usr/java/packages/lib/amd64:/usr/lib64:/lib64:/lib:/usr/lib"/>
    <property name="java.vm.info" value="mixed mode"/>
    <property name="java.vendor" value="Oracle Corporation"/>
    <property name="java.vm.version" value="25.222-b10"/>
    <property name="java.ext.dirs" value="/usr/lib/jvm/java-1.8.0-openjdk-1.8.0.222.b10-1.el7_7.x86_64/jre/lib/ext:/usr/java/packages/lib/ext"/>
    <property name="sun.io.unicode.encoding" value="UnicodeLittle"/>
    <property name="java.class.version" value="52.0"/>
  </properties>
  <testcase name="test" classname="org.apache.hadoop.ozone.scm.TestSCMContainerPlacementPolicyMetrics" time="82.496">
    <error message="test timed out after 60000 milliseconds" type="java.lang.Exception">java.lang.Exception: test timed out after 60000 milliseconds
	at sun.misc.Unsafe.park(Native Method)
	at java.util.concurrent.locks.LockSupport.park(LockSupport.java:175)
	at java.util.concurrent.CompletableFuture$Signaller.block(CompletableFuture.java:1693)
	at java.util.concurrent.ForkJoinPool.managedBlock(ForkJoinPool.java:3323)
	at java.util.concurrent.CompletableFuture.waitingGet(CompletableFuture.java:1729)
	at java.util.concurrent.CompletableFuture.get(CompletableFuture.java:1895)
	at org.apache.hadoop.hdds.scm.storage.BlockOutputStream.waitOnFlushFutures(BlockOutputStream.java:518)
	at org.apache.hadoop.hdds.scm.storage.BlockOutputStream.handleFlush(BlockOutputStream.java:481)
	at org.apache.hadoop.hdds.scm.storage.BlockOutputStream.close(BlockOutputStream.java:496)
	at org.apache.hadoop.ozone.client.io.BlockOutputStreamEntry.close(BlockOutputStreamEntry.java:143)
	at org.apache.hadoop.ozone.client.io.KeyOutputStream.handleFlushOrClose(KeyOutputStream.java:435)
	at org.apache.hadoop.ozone.client.io.KeyOutputStream.close(KeyOutputStream.java:473)
	at org.apache.hadoop.ozone.client.io.OzoneOutputStream.close(OzoneOutputStream.java:60)
	at org.apache.hadoop.ozone.scm.TestSCMContainerPlacementPolicyMetrics.test(TestSCMContainerPlacementPolicyMetrics.java:112)
	at sun.reflect.NativeMethodAccessorImpl.invoke0(Native Method)
	at sun.reflect.NativeMethodAccessorImpl.invoke(NativeMethodAccessorImpl.java:62)
	at sun.reflect.DelegatingMethodAccessorImpl.invoke(DelegatingMethodAccessorImpl.java:43)
	at java.lang.reflect.Method.invoke(Method.java:498)
	at org.junit.runners.model.FrameworkMethod$1.runReflectiveCall(FrameworkMethod.java:47)
	at org.junit.internal.runners.model.ReflectiveCallable.run(ReflectiveCallable.java:12)
	at org.junit.runners.model.FrameworkMethod.invokeExplosively(FrameworkMethod.java:44)
	at org.junit.internal.runners.statements.InvokeMethod.evaluate(InvokeMethod.java:17)
	at org.junit.internal.runners.statements.FailOnTimeout$StatementThread.run(FailOnTimeout.java:74)
</error>
    <system-out><![CDATA[2019-10-15 17:17:22,988 [main] WARN  server.ServerUtils (ServerUtils.java:getScmDbDir(145)) - ozone.scm.db.dirs is not configured. We recommend adding this setting. Falling back to ozone.metadata.dirs instead.
2019-10-15 17:17:23,092 [main] WARN  server.ServerUtils (ServerUtils.java:getScmDbDir(145)) - ozone.scm.db.dirs is not configured. We recommend adding this setting. Falling back to ozone.metadata.dirs instead.
2019-10-15 17:17:23,095 [main] WARN  server.ServerUtils (ServerUtils.java:getScmDbDir(145)) - ozone.scm.db.dirs is not configured. We recommend adding this setting. Falling back to ozone.metadata.dirs instead.
2019-10-15 17:17:23,122 [main] INFO  util.log (Log.java:initialized(192)) - Logging initialized @807ms
2019-10-15 17:17:23,228 [main] INFO  db.DBStoreBuilder (DBStoreBuilder.java:addTable(117)) - using custom profile for table: deletedBlocks
2019-10-15 17:17:23,229 [main] INFO  db.DBStoreBuilder (DBStoreBuilder.java:processTables(168)) - Using default column profile:DBProfile.DISK for Table:deletedBlocks
2019-10-15 17:17:23,229 [main] INFO  db.DBStoreBuilder (DBStoreBuilder.java:addTable(117)) - using custom profile for table: validCerts
2019-10-15 17:17:23,229 [main] INFO  db.DBStoreBuilder (DBStoreBuilder.java:processTables(168)) - Using default column profile:DBProfile.DISK for Table:validCerts
2019-10-15 17:17:23,230 [main] INFO  db.DBStoreBuilder (DBStoreBuilder.java:addTable(117)) - using custom profile for table: revokedCerts
2019-10-15 17:17:23,230 [main] INFO  db.DBStoreBuilder (DBStoreBuilder.java:processTables(168)) - Using default column profile:DBProfile.DISK for Table:revokedCerts
2019-10-15 17:17:23,242 [main] INFO  db.DBStoreBuilder (DBStoreBuilder.java:addTable(117)) - using custom profile for table: default
2019-10-15 17:17:23,242 [main] INFO  db.DBStoreBuilder (DBStoreBuilder.java:processTables(174)) - Using default column profile:DBProfile.DISK for Table:default
2019-10-15 17:17:23,243 [main] INFO  db.DBStoreBuilder (DBStoreBuilder.java:getDbProfile(205)) - Using default options. DBProfile.DISK
2019-10-15 17:17:23,714 [main] INFO  net.NodeSchemaLoader (NodeSchemaLoader.java:loadSchemaFromFile(125)) - Loading file from sun.misc.CompoundEnumeration@75d4a5c2
2019-10-15 17:17:23,716 [main] INFO  net.NodeSchemaLoader (NodeSchemaLoader.java:loadSchema(171)) - Loading network topology layer schema file
2019-10-15 17:17:23,778 [main] WARN  server.ServerUtils (ServerUtils.java:sanitizeUserArgs(70)) - ozone.scm.stale.node.interval value = 300000 is larger than max = 100000 based on the key value of ozone.scm.heartbeat.thread.interval, reset to the max value 100000.
2019-10-15 17:17:23,781 [main] WARN  server.ServerUtils (ServerUtils.java:sanitizeUserArgs(70)) - ozone.scm.stale.node.interval value = 300000 is larger than max = 100000 based on the key value of ozone.scm.heartbeat.thread.interval, reset to the max value 100000.
2019-10-15 17:17:23,783 [main] INFO  node.SCMNodeManager (SCMNodeManager.java:<init>(116)) - Entering startup safe mode.
2019-10-15 17:17:23,843 [main] INFO  Configuration.deprecation (Configuration.java:logDeprecation(1394)) - hadoop.configured.node.mapping is deprecated. Instead, use net.topology.configured.node.mapping
2019-10-15 17:17:23,848 [main] INFO  algorithms.ContainerPlacementPolicyFactory (ContainerPlacementPolicyFactory.java:getPolicy(57)) - Create container placement policy of type org.apache.hadoop.hdds.scm.container.placement.algorithms.SCMContainerPlacementRackAware
2019-10-15 17:17:23,862 [main] WARN  server.ServerUtils (ServerUtils.java:getScmDbDir(145)) - ozone.scm.db.dirs is not configured. We recommend adding this setting. Falling back to ozone.metadata.dirs instead.
2019-10-15 17:17:23,991 [main] INFO  pipeline.SCMPipelineManager (SCMPipelineManager.java:initializePipelineState(132)) - No pipeline exists in current db
2019-10-15 17:17:23,994 [main] WARN  server.ServerUtils (ServerUtils.java:getScmDbDir(145)) - ozone.scm.db.dirs is not configured. We recommend adding this setting. Falling back to ozone.metadata.dirs instead.
2019-10-15 17:17:24,323 [main] WARN  events.EventQueue (EventQueue.java:fireEvent(183)) - No event handler registered for event TypedEvent{payloadType=SafeModeStatus, name='SafeModeStatus'}
2019-10-15 17:17:24,665 [main] INFO  ipc.CallQueueManager (CallQueueManager.java:<init>(84)) - Using callQueue: class java.util.concurrent.LinkedBlockingQueue, queueCapacity: 2000, scheduler: class org.apache.hadoop.ipc.DefaultRpcScheduler, ipcBackoff: false.
2019-10-15 17:17:24,689 [Socket Reader #1 for port 44409] INFO  ipc.Server (Server.java:run(1074)) - Starting Socket Reader #1 for port 44409
2019-10-15 17:17:24,804 [main] INFO  ipc.CallQueueManager (CallQueueManager.java:<init>(84)) - Using callQueue: class java.util.concurrent.LinkedBlockingQueue, queueCapacity: 2000, scheduler: class org.apache.hadoop.ipc.DefaultRpcScheduler, ipcBackoff: false.
2019-10-15 17:17:24,805 [Socket Reader #1 for port 41697] INFO  ipc.Server (Server.java:run(1074)) - Starting Socket Reader #1 for port 41697
2019-10-15 17:17:24,815 [main] INFO  ipc.CallQueueManager (CallQueueManager.java:<init>(84)) - Using callQueue: class java.util.concurrent.LinkedBlockingQueue, queueCapacity: 2000, scheduler: class org.apache.hadoop.ipc.DefaultRpcScheduler, ipcBackoff: false.
2019-10-15 17:17:24,816 [Socket Reader #1 for port 37424] INFO  ipc.Server (Server.java:run(1074)) - Starting Socket Reader #1 for port 37424
2019-10-15 17:17:24,841 [main] INFO  hdfs.DFSUtil (DFSUtil.java:httpServerTemplateForNNAndJN(1641)) - Starting Web-server for scm at: http://0.0.0.0:0
2019-10-15 17:17:24,999 [main] INFO  server.AuthenticationFilter (AuthenticationFilter.java:constructSecretProvider(240)) - Unable to initialize FileSignerSecretProvider, falling back to use random secrets.
2019-10-15 17:17:25,016 [main] WARN  http.HttpRequestLog (HttpRequestLog.java:getRequestLog(97)) - Jetty request log can only be enabled using Log4j
2019-10-15 17:17:25,028 [main] INFO  http.HttpServer2 (HttpServer2.java:addGlobalFilter(975)) - Added global filter 'safety' (class=org.apache.hadoop.http.HttpServer2$QuotingInputFilter)
2019-10-15 17:17:25,032 [main] INFO  http.HttpServer2 (HttpServer2.java:addFilter(948)) - Added filter static_user_filter (class=org.apache.hadoop.http.lib.StaticUserWebFilter$StaticUserFilter) to context scm
2019-10-15 17:17:25,032 [main] INFO  http.HttpServer2 (HttpServer2.java:addFilter(958)) - Added filter static_user_filter (class=org.apache.hadoop.http.lib.StaticUserWebFilter$StaticUserFilter) to context logs
2019-10-15 17:17:25,032 [main] INFO  http.HttpServer2 (HttpServer2.java:addFilter(958)) - Added filter static_user_filter (class=org.apache.hadoop.http.lib.StaticUserWebFilter$StaticUserFilter) to context static
2019-10-15 17:17:25,074 [main] INFO  server.StorageContainerManager (StorageContainerManager.java:start(772)) - StorageContainerLocationProtocol RPC server is listening at /0.0.0.0:37424
2019-10-15 17:17:25,142 [main] WARN  impl.MetricsConfig (MetricsConfig.java:loadFirst(134)) - Cannot locate configuration: tried hadoop-metrics2-storagecontainermanager.properties,hadoop-metrics2.properties
2019-10-15 17:17:25,155 [main] INFO  impl.MetricsSystemImpl (MetricsSystemImpl.java:startTimer(374)) - Scheduled Metric snapshot period at 10 second(s).
2019-10-15 17:17:25,155 [main] INFO  impl.MetricsSystemImpl (MetricsSystemImpl.java:start(191)) - StorageContainerManager metrics system started
2019-10-15 17:17:25,386 [main] INFO  server.SCMClientProtocolServer (SCMClientProtocolServer.java:start(159)) - RPC server for Client  is listening at /0.0.0.0:37424
2019-10-15 17:17:25,386 [IPC Server Responder] INFO  ipc.Server (Server.java:run(1314)) - IPC Server Responder: starting
2019-10-15 17:17:25,387 [IPC Server listener on 37424] INFO  ipc.Server (Server.java:run(1153)) - IPC Server listener on 37424: starting
2019-10-15 17:17:25,390 [main] INFO  server.StorageContainerManager (StorageContainerManager.java:start(782)) - ScmBlockLocationProtocol RPC server is listening at /0.0.0.0:41697
2019-10-15 17:17:25,390 [main] INFO  server.SCMBlockProtocolServer (SCMBlockProtocolServer.java:start(146)) - RPC server for Block Protocol is listening at /0.0.0.0:41697
2019-10-15 17:17:25,391 [IPC Server Responder] INFO  ipc.Server (Server.java:run(1314)) - IPC Server Responder: starting
2019-10-15 17:17:25,391 [IPC Server listener on 41697] INFO  ipc.Server (Server.java:run(1153)) - IPC Server listener on 41697: starting
2019-10-15 17:17:25,393 [main] INFO  server.StorageContainerManager (StorageContainerManager.java:start(786)) - ScmDatanodeProtocl RPC server is listening at /0.0.0.0:44409
2019-10-15 17:17:25,394 [main] INFO  server.SCMDatanodeProtocolServer (SCMDatanodeProtocolServer.java:start(169)) - RPC server for DataNodes is listening at /0.0.0.0:44409
2019-10-15 17:17:25,395 [IPC Server Responder] INFO  ipc.Server (Server.java:run(1314)) - IPC Server Responder: starting
2019-10-15 17:17:25,395 [IPC Server listener on 44409] INFO  ipc.Server (Server.java:run(1153)) - IPC Server listener on 44409: starting
2019-10-15 17:17:25,398 [main] INFO  http.HttpServer2 (HttpServer2.java:bindListener(1191)) - Jetty bound to port 43964
2019-10-15 17:17:25,400 [main] INFO  server.Server (Server.java:doStart(351)) - jetty-9.3.25.v20180904, build timestamp: 2018-09-04T21:11:46Z, git hash: 3ce520221d0240229c862b122d2b06c12a625732
2019-10-15 17:17:25,439 [main] INFO  handler.ContextHandler (ContextHandler.java:doStart(781)) - Started o.e.j.s.ServletContextHandler@a43ce46{/logs,file:///workdir/hadoop-ozone/integration-test/target/log,AVAILABLE}
2019-10-15 17:17:25,439 [main] INFO  handler.ContextHandler (ContextHandler.java:doStart(781)) - Started o.e.j.s.ServletContextHandler@424ebba3{/static,file:///workdir/hadoop-ozone/integration-test/target/test-classes/webapps/static,AVAILABLE}
2019-10-15 17:17:25,470 [main] INFO  handler.ContextHandler (ContextHandler.java:doStart(781)) - Started o.e.j.w.WebAppContext@7fb9f71f{/,file:///workdir/hadoop-ozone/integration-test/target/test-classes/webapps/scm/,AVAILABLE}{/scm}
2019-10-15 17:17:25,475 [main] INFO  server.AbstractConnector (AbstractConnector.java:doStart(278)) - Started ServerConnector@407cf41{HTTP/1.1,[http/1.1]}{0.0.0.0:43964}
2019-10-15 17:17:25,475 [main] INFO  server.Server (Server.java:doStart(419)) - Started @3160ms
2019-10-15 17:17:25,477 [main] INFO  impl.MetricsSinkAdapter (MetricsSinkAdapter.java:start(204)) - Sink prometheus started
2019-10-15 17:17:25,478 [main] INFO  impl.MetricsSystemImpl (MetricsSystemImpl.java:registerSink(301)) - Registered sink prometheus
2019-10-15 17:17:25,479 [main] INFO  server.BaseHttpServer (BaseHttpServer.java:updateConnectorAddress(215)) - HTTP server of SCM is listening at http://0.0.0.0:43964
2019-10-15 17:17:25,484 [org.apache.hadoop.util.JvmPauseMonitor$Monitor@5922ae77] INFO  util.JvmPauseMonitor (JvmPauseMonitor.java:run(188)) - Starting JVM pause monitor
2019-10-15 17:17:25,486 [main] WARN  server.ServerUtils (ServerUtils.java:getDBPath(222)) - ozone.om.db.dirs is not configured. We recommend adding this setting. Falling back to ozone.metadata.dirs instead.
2019-10-15 17:17:25,594 [main] INFO  ha.OMHANodeDetails (OMHANodeDetails.java:loadOMHAConfig(190)) - Configuration either no ozone.om.address set. Falling back to the default OM address /127.0.0.1:0
2019-10-15 17:17:25,594 [main] INFO  ha.OMHANodeDetails (OMHANodeDetails.java:getOMNodeDetails(220)) - OM Service ID is not set. Setting it to the default ID: omServiceIdDefault
2019-10-15 17:17:25,596 [main] WARN  server.ServerUtils (ServerUtils.java:getDBPath(222)) - ozone.om.db.dirs is not configured. We recommend adding this setting. Falling back to ozone.metadata.dirs instead.
2019-10-15 17:17:25,611 [main] WARN  server.ServerUtils (ServerUtils.java:getDBPath(222)) - ozone.om.db.dirs is not configured. We recommend adding this setting. Falling back to ozone.metadata.dirs instead.
2019-10-15 17:17:26,270 [main] WARN  server.ServerUtils (ServerUtils.java:getDBPath(222)) - ozone.om.db.dirs is not configured. We recommend adding this setting. Falling back to ozone.metadata.dirs instead.
2019-10-15 17:17:26,278 [main] INFO  db.DBStoreBuilder (DBStoreBuilder.java:addTable(117)) - using custom profile for table: userTable
2019-10-15 17:17:26,278 [main] INFO  db.DBStoreBuilder (DBStoreBuilder.java:processTables(168)) - Using default column profile:DBProfile.DISK for Table:userTable
2019-10-15 17:17:26,279 [main] INFO  db.DBStoreBuilder (DBStoreBuilder.java:addTable(117)) - using custom profile for table: volumeTable
2019-10-15 17:17:26,279 [main] INFO  db.DBStoreBuilder (DBStoreBuilder.java:processTables(168)) - Using default column profile:DBProfile.DISK for Table:volumeTable
2019-10-15 17:17:26,280 [main] INFO  db.DBStoreBuilder (DBStoreBuilder.java:addTable(117)) - using custom profile for table: bucketTable
2019-10-15 17:17:26,280 [main] INFO  db.DBStoreBuilder (DBStoreBuilder.java:processTables(168)) - Using default column profile:DBProfile.DISK for Table:bucketTable
2019-10-15 17:17:26,281 [main] INFO  db.DBStoreBuilder (DBStoreBuilder.java:addTable(117)) - using custom profile for table: keyTable
2019-10-15 17:17:26,281 [main] INFO  db.DBStoreBuilder (DBStoreBuilder.java:processTables(168)) - Using default column profile:DBProfile.DISK for Table:keyTable
2019-10-15 17:17:26,282 [main] INFO  db.DBStoreBuilder (DBStoreBuilder.java:addTable(117)) - using custom profile for table: deletedTable
2019-10-15 17:17:26,282 [main] INFO  db.DBStoreBuilder (DBStoreBuilder.java:processTables(168)) - Using default column profile:DBProfile.DISK for Table:deletedTable
2019-10-15 17:17:26,283 [main] INFO  db.DBStoreBuilder (DBStoreBuilder.java:addTable(117)) - using custom profile for table: openKeyTable
2019-10-15 17:17:26,283 [main] INFO  db.DBStoreBuilder (DBStoreBuilder.java:processTables(168)) - Using default column profile:DBProfile.DISK for Table:openKeyTable
2019-10-15 17:17:26,284 [main] INFO  db.DBStoreBuilder (DBStoreBuilder.java:addTable(117)) - using custom profile for table: s3Table
2019-10-15 17:17:26,284 [main] INFO  db.DBStoreBuilder (DBStoreBuilder.java:processTables(168)) - Using default column profile:DBProfile.DISK for Table:s3Table
2019-10-15 17:17:26,285 [main] INFO  db.DBStoreBuilder (DBStoreBuilder.java:addTable(117)) - using custom profile for table: multipartInfoTable
2019-10-15 17:17:26,285 [main] INFO  db.DBStoreBuilder (DBStoreBuilder.java:processTables(168)) - Using default column profile:DBProfile.DISK for Table:multipartInfoTable
2019-10-15 17:17:26,286 [main] INFO  db.DBStoreBuilder (DBStoreBuilder.java:addTable(117)) - using custom profile for table: dTokenTable
2019-10-15 17:17:26,286 [main] INFO  db.DBStoreBuilder (DBStoreBuilder.java:processTables(168)) - Using default column profile:DBProfile.DISK for Table:dTokenTable
2019-10-15 17:17:26,286 [main] INFO  db.DBStoreBuilder (DBStoreBuilder.java:addTable(117)) - using custom profile for table: s3SecretTable
2019-10-15 17:17:26,287 [main] INFO  db.DBStoreBuilder (DBStoreBuilder.java:processTables(168)) - Using default column profile:DBProfile.DISK for Table:s3SecretTable
2019-10-15 17:17:26,287 [main] INFO  db.DBStoreBuilder (DBStoreBuilder.java:addTable(117)) - using custom profile for table: prefixTable
2019-10-15 17:17:26,288 [main] INFO  db.DBStoreBuilder (DBStoreBuilder.java:processTables(168)) - Using default column profile:DBProfile.DISK for Table:prefixTable
2019-10-15 17:17:26,288 [main] INFO  db.DBStoreBuilder (DBStoreBuilder.java:addTable(117)) - using custom profile for table: default
2019-10-15 17:17:26,288 [main] INFO  db.DBStoreBuilder (DBStoreBuilder.java:processTables(174)) - Using default column profile:DBProfile.DISK for Table:default
2019-10-15 17:17:26,289 [main] INFO  db.DBStoreBuilder (DBStoreBuilder.java:getDbProfile(205)) - Using default options. DBProfile.DISK
2019-10-15 17:17:27,200 [main] WARN  scm.HddsServerUtil (HddsServerUtil.java:getDefaultRatisDirectory(354)) - Storage directory for Ratis is not configured. It is a good idea to map this to an SSD disk. Falling back to ozone.metadata.dirs
2019-10-15 17:17:27,223 [main] INFO  ratis.OzoneManagerRatisServer (OzoneManagerRatisServer.java:<init>(243)) - Instantiating OM Ratis server with GroupID: omServiceIdDefault and Raft Peers: localhost:9872
2019-10-15 17:17:27,248 [main] INFO  impl.RaftServerProxy (ConfUtils.java:logGet(43)) - raft.rpc.type = GRPC (default)
2019-10-15 17:17:27,456 [main] INFO  grpc.GrpcFactory (GrpcFactory.java:checkPooledByteBufAllocatorUseCacheForAllThreads(45)) - PERFORMANCE WARNING: useCacheForAllThreads is true that may cause Netty to create a lot garbage objects and, as a result, trigger GC.
	It is recommended to disable useCacheForAllThreads by setting -Dorg.apache.ratis.thirdparty.io.netty.allocator.useCacheForAllThreads=false in command line.
2019-10-15 17:17:27,463 [main] INFO  grpc.GrpcConfigKeys$Server (ConfUtils.java:logGet(43)) - raft.grpc.server.port = 9872 (custom)
2019-10-15 17:17:27,464 [main] INFO  server.GrpcService (ConfUtils.java:logGet(43)) - raft.grpc.message.size.max = 33554432 (custom)
2019-10-15 17:17:27,466 [main] INFO  server.RaftServerConfigKeys (ConfUtils.java:logGet(43)) - raft.server.log.appender.buffer.byte-limit = 33554432 (custom)
2019-10-15 17:17:27,467 [main] INFO  server.GrpcService (ConfUtils.java:logGet(43)) - raft.grpc.flow.control.window = 1MB (=1048576) (default)
2019-10-15 17:17:27,468 [main] INFO  server.RaftServerConfigKeys (ConfUtils.java:logGet(43)) - raft.server.rpc.request.timeout = 3000ms (default)
2019-10-15 17:17:27,621 [main] INFO  server.RaftServerConfigKeys (ConfUtils.java:logGet(43)) - raft.server.storage.dir = [/workdir/hadoop-ozone/integration-test/target/test-dir/MiniOzoneClusterImpl-4fa34157-8494-46a2-a506-7f2258cc6eab/ozone-meta/ratis] (custom)
2019-10-15 17:17:27,628 [main] INFO  impl.RaftServerProxy (RaftServerProxy.java:addNew(89)) - a907139f-6f37-4673-8cb7-faf86e0ae502: addNew group-C5BA1605619E:[a907139f-6f37-4673-8cb7-faf86e0ae502:localhost:9872] returns group-C5BA1605619E:java.util.concurrent.CompletableFuture@69fa8e76[Not completed]
2019-10-15 17:17:27,629 [main] INFO  om.OzoneManager (OzoneManager.java:initializeRatisServer(1217)) - OzoneManager Ratis server initialized at port 9872
2019-10-15 17:17:27,632 [main] WARN  scm.HddsServerUtil (HddsServerUtil.java:getDefaultRatisDirectory(354)) - Storage directory for Ratis is not configured. It is a good idea to map this to an SSD disk. Falling back to ozone.metadata.dirs
2019-10-15 17:17:27,638 [main] WARN  scm.HddsServerUtil (HddsServerUtil.java:getDefaultRatisDirectory(354)) - Storage directory for Ratis is not configured. It is a good idea to map this to an SSD disk. Falling back to ozone.metadata.dirs
2019-10-15 17:17:27,640 [pool-22-thread-1] INFO  impl.RaftServerImpl (RaftServerImpl.java:<init>(104)) - a907139f-6f37-4673-8cb7-faf86e0ae502: new RaftServerImpl for group-C5BA1605619E:[a907139f-6f37-4673-8cb7-faf86e0ae502:localhost:9872] with OzoneManagerStateMachine:uninitialized
2019-10-15 17:17:27,642 [pool-22-thread-1] INFO  server.RaftServerConfigKeys (ConfUtils.java:logGet(43)) - raft.server.rpc.timeout.min = 1s (custom)
2019-10-15 17:17:27,642 [pool-22-thread-1] INFO  server.RaftServerConfigKeys (ConfUtils.java:logGet(43)) - raft.server.rpc.timeout.max = 1200ms (custom)
2019-10-15 17:17:27,643 [pool-22-thread-1] INFO  server.RaftServerConfigKeys (ConfUtils.java:logGet(43)) - raft.server.rpcslowness.timeout = 120s (custom)
2019-10-15 17:17:27,643 [pool-22-thread-1] INFO  server.RaftServerConfigKeys (ConfUtils.java:logGet(43)) - raft.server.sleep.deviation.threshold = 300 (default)
2019-10-15 17:17:27,644 [pool-22-thread-1] INFO  server.RaftServerConfigKeys (ConfUtils.java:logGet(43)) - raft.server.log.appender.install.snapshot.enabled = false (custom)
2019-10-15 17:17:27,653 [pool-22-thread-1] INFO  impl.RaftServerImpl (ServerState.java:<init>(103)) - a907139f-6f37-4673-8cb7-faf86e0ae502@group-C5BA1605619E: ConfigurationManager, init=-1: [a907139f-6f37-4673-8cb7-faf86e0ae502:localhost:9872], old=null, confs=<EMPTY_MAP>
2019-10-15 17:17:27,653 [main] INFO  ipc.CallQueueManager (CallQueueManager.java:<init>(84)) - Using callQueue: class java.util.concurrent.LinkedBlockingQueue, queueCapacity: 2000, scheduler: class org.apache.hadoop.ipc.DefaultRpcScheduler, ipcBackoff: false.
2019-10-15 17:17:27,653 [pool-22-thread-1] INFO  server.RaftServerConfigKeys (ConfUtils.java:logGet(43)) - raft.server.storage.dir = [/workdir/hadoop-ozone/integration-test/target/test-dir/MiniOzoneClusterImpl-4fa34157-8494-46a2-a506-7f2258cc6eab/ozone-meta/ratis] (custom)
2019-10-15 17:17:27,654 [Socket Reader #1 for port 42604] INFO  ipc.Server (Server.java:run(1074)) - Starting Socket Reader #1 for port 42604
2019-10-15 17:17:27,663 [pool-22-thread-1] INFO  server.RaftServerConfigKeys (ConfUtils.java:logGet(43)) - raft.server.log.corruption.policy = EXCEPTION (default)
2019-10-15 17:17:27,665 [pool-22-thread-1] INFO  storage.RaftStorageDirectory (RaftStorageDirectory.java:analyzeStorage(246)) - The storage directory /workdir/hadoop-ozone/integration-test/target/test-dir/MiniOzoneClusterImpl-4fa34157-8494-46a2-a506-7f2258cc6eab/ozone-meta/ratis/bf265839-605b-3f16-9796-c5ba1605619e does not exist. Creating ...
2019-10-15 17:17:27,677 [main] INFO  om.OzoneManager (OzoneManager.java:start(1071)) - OzoneManager RPC server is listening at localhost/127.0.0.1:42604
2019-10-15 17:17:27,678 [main] INFO  impl.MetricsSystemImpl (MetricsSystemImpl.java:init(158)) - OzoneManager metrics system started (again)
2019-10-15 17:17:27,678 [main] INFO  ratis.OzoneManagerRatisServer (OzoneManagerRatisServer.java:start(333)) - Starting OzoneManagerRatisServer a907139f-6f37-4673-8cb7-faf86e0ae502 at port 9872
2019-10-15 17:17:27,697 [pool-22-thread-1] INFO  storage.RaftStorageDirectory (RaftStorageDirectory.java:tryLock(328)) - Lock on /workdir/hadoop-ozone/integration-test/target/test-dir/MiniOzoneClusterImpl-4fa34157-8494-46a2-a506-7f2258cc6eab/ozone-meta/ratis/bf265839-605b-3f16-9796-c5ba1605619e/in_use.lock acquired by nodename 12003@pr-hdds-2302-bqc8v-2513969318
2019-10-15 17:17:27,715 [pool-22-thread-1] INFO  storage.RaftStorage (RaftStorage.java:format(84)) - Storage directory /workdir/hadoop-ozone/integration-test/target/test-dir/MiniOzoneClusterImpl-4fa34157-8494-46a2-a506-7f2258cc6eab/ozone-meta/ratis/bf265839-605b-3f16-9796-c5ba1605619e has been successfully formatted.
2019-10-15 17:17:27,719 [pool-22-thread-1] INFO  server.RaftServerConfigKeys (ConfUtils.java:logGet(43)) - raft.server.notification.no-leader.timeout = 120s (custom)
2019-10-15 17:17:27,723 [pool-22-thread-1] INFO  server.RaftServerConfigKeys (ConfUtils.java:logGet(43)) - raft.server.log.use.memory = false (default)
2019-10-15 17:17:27,734 [pool-22-thread-1] INFO  server.RaftServerConfigKeys (ConfUtils.java:logGet(43)) - raft.server.log.purge.gap = 1000000 (custom)
2019-10-15 17:17:27,735 [pool-22-thread-1] INFO  server.RaftServerConfigKeys (ConfUtils.java:logGet(43)) - raft.server.log.appender.buffer.byte-limit = 33554432 (custom)
2019-10-15 17:17:27,737 [pool-22-thread-1] INFO  server.RaftServerConfigKeys (ConfUtils.java:logGet(43)) - raft.server.log.segment.size.max = 16384 (custom)
2019-10-15 17:17:27,738 [pool-22-thread-1] INFO  impl.MetricsSystemImpl (MetricsSystemImpl.java:init(158)) - ratis metrics system started (again)
2019-10-15 17:17:27,742 [pool-22-thread-1] INFO  metrics.MetricRegistries (MetricRegistriesLoader.java:load(64)) - Loaded MetricRegistries class org.apache.ratis.metrics.impl.MetricRegistriesImpl
2019-10-15 17:17:27,775 [pool-22-thread-1] INFO  server.RaftServerConfigKeys (ConfUtils.java:logGet(43)) - raft.server.log.segment.cache.num.max = 2 (custom)
2019-10-15 17:17:27,780 [pool-22-thread-1] INFO  segmented.SegmentedRaftLogWorker (SegmentedRaftLogWorker.java:<init>(173)) - new a907139f-6f37-4673-8cb7-faf86e0ae502@group-C5BA1605619E-SegmentedRaftLogWorker for RaftStorage:Storage Directory /workdir/hadoop-ozone/integration-test/target/test-dir/MiniOzoneClusterImpl-4fa34157-8494-46a2-a506-7f2258cc6eab/ozone-meta/ratis/bf265839-605b-3f16-9796-c5ba1605619e
2019-10-15 17:17:27,780 [pool-22-thread-1] INFO  server.RaftServerConfigKeys (ConfUtils.java:logGet(43)) - raft.server.log.queue.byte-limit = 64MB (=67108864) (default)
2019-10-15 17:17:27,781 [pool-22-thread-1] INFO  server.RaftServerConfigKeys (ConfUtils.java:logGet(43)) - raft.server.log.queue.element-limit = 4096 (default)
2019-10-15 17:17:27,782 [pool-22-thread-1] INFO  server.RaftServerConfigKeys (ConfUtils.java:logGet(43)) - raft.server.log.segment.size.max = 16384 (custom)
2019-10-15 17:17:27,782 [pool-22-thread-1] INFO  server.RaftServerConfigKeys (ConfUtils.java:logGet(43)) - raft.server.log.preallocated.size = 16384 (custom)
2019-10-15 17:17:27,783 [pool-22-thread-1] INFO  server.RaftServerConfigKeys (ConfUtils.java:logGet(43)) - raft.server.log.write.buffer.size = 64KB (=65536) (default)
2019-10-15 17:17:27,783 [pool-22-thread-1] INFO  server.RaftServerConfigKeys (ConfUtils.java:logGet(43)) - raft.server.log.force.sync.num = 128 (default)
2019-10-15 17:17:27,785 [pool-22-thread-1] INFO  server.RaftServerConfigKeys (ConfUtils.java:logGet(43)) - raft.server.log.statemachine.data.sync = true (default)
2019-10-15 17:17:27,785 [pool-22-thread-1] INFO  server.RaftServerConfigKeys (ConfUtils.java:logGet(43)) - raft.server.log.statemachine.data.sync.timeout = 10s (default)
2019-10-15 17:17:27,786 [pool-22-thread-1] INFO  server.RaftServerConfigKeys (ConfUtils.java:logGet(43)) - raft.server.log.statemachine.data.sync.timeout.retry = -1 (default)
2019-10-15 17:17:27,797 [pool-22-thread-1] INFO  server.RaftServerConfigKeys (ConfUtils.java:logGet(43)) - raft.server.log.statemachine.data.caching.enabled = false (default)
2019-10-15 17:17:27,802 [pool-22-thread-1] INFO  segmented.SegmentedRaftLogWorker (SegmentedRaftLogWorker.java:lambda$new$0(128)) - a907139f-6f37-4673-8cb7-faf86e0ae502@group-C5BA1605619E-SegmentedRaftLogWorker: flushIndex: setUnconditionally 0 -> -1
2019-10-15 17:17:27,807 [pool-22-thread-1] INFO  server.RaftServerConfigKeys (ConfUtils.java:logGet(43)) - raft.server.snapshot.auto.trigger.enabled = true (custom)
2019-10-15 17:17:27,808 [pool-22-thread-1] INFO  server.RaftServerConfigKeys (ConfUtils.java:logGet(43)) - raft.server.snapshot.auto.trigger.threshold = 400000 (default)
2019-10-15 17:17:27,808 [pool-22-thread-1] INFO  server.RaftServerConfigKeys (ConfUtils.java:logGet(43)) - raft.server.snapshot.retention.file.num = -1 (default)
2019-10-15 17:17:27,809 [pool-22-thread-1] INFO  server.RaftServerConfigKeys (ConfUtils.java:logGet(43)) - raft.server.retrycache.expirytime = 600000ms (custom)
2019-10-15 17:17:27,837 [main] INFO  impl.RaftServerImpl (RaftServerImpl.java:start(195)) - a907139f-6f37-4673-8cb7-faf86e0ae502@group-C5BA1605619E: start as a follower, conf=-1: [a907139f-6f37-4673-8cb7-faf86e0ae502:localhost:9872], old=null
2019-10-15 17:17:27,839 [main] INFO  impl.RaftServerImpl (RaftServerImpl.java:setRole(184)) - a907139f-6f37-4673-8cb7-faf86e0ae502@group-C5BA1605619E: changes role from      null to FOLLOWER at term 0 for startAsFollower
2019-10-15 17:17:27,840 [main] INFO  impl.RoleInfo (RoleInfo.java:updateAndGet(143)) - a907139f-6f37-4673-8cb7-faf86e0ae502: start FollowerState
2019-10-15 17:17:27,842 [main] INFO  util.JmxRegister (JmxRegister.java:tryRegister(44)) - Successfully registered JMX Bean with object name Ratis:service=RaftServer,group=group-C5BA1605619E,id=a907139f-6f37-4673-8cb7-faf86e0ae502
2019-10-15 17:17:27,867 [main] INFO  impl.RaftServerProxy (RaftServerProxy.java:lambda$start$3(299)) - a907139f-6f37-4673-8cb7-faf86e0ae502: start RPC server
2019-10-15 17:17:27,960 [main] INFO  server.GrpcService (GrpcService.java:startImpl(158)) - a907139f-6f37-4673-8cb7-faf86e0ae502: GrpcService started, listening on 0.0.0.0/0.0.0.0:9872
2019-10-15 17:17:27,972 [IPC Server Responder] INFO  ipc.Server (Server.java:run(1314)) - IPC Server Responder: starting
2019-10-15 17:17:27,972 [IPC Server listener on 42604] INFO  ipc.Server (Server.java:run(1153)) - IPC Server listener on 42604: starting
2019-10-15 17:17:27,979 [main] INFO  hdfs.DFSUtil (DFSUtil.java:httpServerTemplateForNNAndJN(1641)) - Starting Web-server for ozoneManager at: http://0.0.0.0:0
2019-10-15 17:17:27,983 [main] INFO  server.AuthenticationFilter (AuthenticationFilter.java:constructSecretProvider(240)) - Unable to initialize FileSignerSecretProvider, falling back to use random secrets.
2019-10-15 17:17:27,984 [main] WARN  http.HttpRequestLog (HttpRequestLog.java:getRequestLog(97)) - Jetty request log can only be enabled using Log4j
2019-10-15 17:17:27,987 [main] INFO  http.HttpServer2 (HttpServer2.java:addGlobalFilter(975)) - Added global filter 'safety' (class=org.apache.hadoop.http.HttpServer2$QuotingInputFilter)
2019-10-15 17:17:27,988 [main] INFO  http.HttpServer2 (HttpServer2.java:addFilter(948)) - Added filter static_user_filter (class=org.apache.hadoop.http.lib.StaticUserWebFilter$StaticUserFilter) to context ozoneManager
2019-10-15 17:17:27,988 [main] INFO  http.HttpServer2 (HttpServer2.java:addFilter(958)) - Added filter static_user_filter (class=org.apache.hadoop.http.lib.StaticUserWebFilter$StaticUserFilter) to context static
2019-10-15 17:17:27,988 [main] INFO  http.HttpServer2 (HttpServer2.java:addFilter(958)) - Added filter static_user_filter (class=org.apache.hadoop.http.lib.StaticUserWebFilter$StaticUserFilter) to context logs
2019-10-15 17:17:27,992 [main] INFO  http.HttpServer2 (HttpServer2.java:bindListener(1191)) - Jetty bound to port 39155
2019-10-15 17:17:27,992 [main] INFO  server.Server (Server.java:doStart(351)) - jetty-9.3.25.v20180904, build timestamp: 2018-09-04T21:11:46Z, git hash: 3ce520221d0240229c862b122d2b06c12a625732
2019-10-15 17:17:27,995 [main] INFO  handler.ContextHandler (ContextHandler.java:doStart(781)) - Started o.e.j.s.ServletContextHandler@59e43e8c{/logs,file:///workdir/hadoop-ozone/integration-test/target/log,AVAILABLE}
2019-10-15 17:17:27,995 [main] INFO  handler.ContextHandler (ContextHandler.java:doStart(781)) - Started o.e.j.s.ServletContextHandler@5e671e20{/static,file:///workdir/hadoop-ozone/integration-test/target/test-classes/webapps/static,AVAILABLE}
2019-10-15 17:17:28,001 [main] INFO  handler.ContextHandler (ContextHandler.java:doStart(781)) - Started o.e.j.w.WebAppContext@5d5160e6{/,file:///workdir/hadoop-ozone/integration-test/target/test-classes/webapps/ozoneManager/,AVAILABLE}{/ozoneManager}
2019-10-15 17:17:28,004 [main] INFO  server.AbstractConnector (AbstractConnector.java:doStart(278)) - Started ServerConnector@2eadc9f6{HTTP/1.1,[http/1.1]}{0.0.0.0:39155}
2019-10-15 17:17:28,005 [main] INFO  server.Server (Server.java:doStart(419)) - Started @5690ms
2019-10-15 17:17:28,005 [main] WARN  impl.MetricsSystemImpl (MetricsSystemImpl.java:register(276)) - Sink prometheus already exists!
2019-10-15 17:17:28,010 [main] INFO  server.BaseHttpServer (BaseHttpServer.java:updateConnectorAddress(215)) - HTTP server of OZONEMANAGER is listening at http://0.0.0.0:39155
2019-10-15 17:17:28,028 [Thread-93] INFO  impl.FollowerState (FollowerState.java:run(108)) - a907139f-6f37-4673-8cb7-faf86e0ae502@group-C5BA1605619E-FollowerState: change to CANDIDATE, lastRpcTime:188ms, electionTimeout:187ms
2019-10-15 17:17:28,030 [Thread-93] INFO  impl.RoleInfo (RoleInfo.java:shutdownFollowerState(121)) - a907139f-6f37-4673-8cb7-faf86e0ae502: shutdown FollowerState
2019-10-15 17:17:28,030 [Thread-93] INFO  impl.RaftServerImpl (RaftServerImpl.java:setRole(184)) - a907139f-6f37-4673-8cb7-faf86e0ae502@group-C5BA1605619E: changes role from  FOLLOWER to CANDIDATE at term 0 for changeToCandidate
2019-10-15 17:17:28,033 [Thread-93] INFO  impl.RoleInfo (RoleInfo.java:updateAndGet(143)) - a907139f-6f37-4673-8cb7-faf86e0ae502: start LeaderElection
2019-10-15 17:17:28,053 [a907139f-6f37-4673-8cb7-faf86e0ae502@group-C5BA1605619E-LeaderElection1] INFO  impl.LeaderElection (LeaderElection.java:askForVotes(178)) - a907139f-6f37-4673-8cb7-faf86e0ae502@group-C5BA1605619E-LeaderElection1: begin an election at term 1 for -1: [a907139f-6f37-4673-8cb7-faf86e0ae502:localhost:9872], old=null
2019-10-15 17:17:28,055 [a907139f-6f37-4673-8cb7-faf86e0ae502@group-C5BA1605619E-LeaderElection1] INFO  impl.RoleInfo (RoleInfo.java:shutdownLeaderElection(134)) - a907139f-6f37-4673-8cb7-faf86e0ae502: shutdown LeaderElection
2019-10-15 17:17:28,056 [a907139f-6f37-4673-8cb7-faf86e0ae502@group-C5BA1605619E-LeaderElection1] INFO  impl.RaftServerImpl (RaftServerImpl.java:setRole(184)) - a907139f-6f37-4673-8cb7-faf86e0ae502@group-C5BA1605619E: changes role from CANDIDATE to LEADER at term 1 for changeToLeader
2019-10-15 17:17:28,056 [a907139f-6f37-4673-8cb7-faf86e0ae502@group-C5BA1605619E-LeaderElection1] INFO  impl.RaftServerImpl (ServerState.java:setLeader(256)) - a907139f-6f37-4673-8cb7-faf86e0ae502@group-C5BA1605619E: change Leader from null to a907139f-6f37-4673-8cb7-faf86e0ae502 at term 1 for becomeLeader, leader elected after 336ms
2019-10-15 17:17:28,060 [a907139f-6f37-4673-8cb7-faf86e0ae502@group-C5BA1605619E-LeaderElection1] INFO  server.RaftServerConfigKeys (ConfUtils.java:logGet(43)) - raft.server.staging.catchup.gap = 1000 (default)
2019-10-15 17:17:28,061 [a907139f-6f37-4673-8cb7-faf86e0ae502@group-C5BA1605619E-LeaderElection1] INFO  server.RaftServerConfigKeys (ConfUtils.java:logGet(43)) - raft.server.rpc.sleep.time = 25ms (default)
2019-10-15 17:17:28,065 [a907139f-6f37-4673-8cb7-faf86e0ae502@group-C5BA1605619E-LeaderElection1] INFO  server.RaftServerConfigKeys (ConfUtils.java:logGet(43)) - raft.server.write.element-limit = 4096 (default)
2019-10-15 17:17:28,069 [a907139f-6f37-4673-8cb7-faf86e0ae502@group-C5BA1605619E-LeaderElection1] INFO  server.RaftServerConfigKeys (ConfUtils.java:logGet(43)) - raft.server.watch.timeout = 10s (default)
2019-10-15 17:17:28,069 [a907139f-6f37-4673-8cb7-faf86e0ae502@group-C5BA1605619E-LeaderElection1] INFO  server.RaftServerConfigKeys (ConfUtils.java:logGet(43)) - raft.server.watch.timeout.denomination = 1s (default)
2019-10-15 17:17:28,070 [a907139f-6f37-4673-8cb7-faf86e0ae502@group-C5BA1605619E-LeaderElection1] INFO  server.RaftServerConfigKeys (ConfUtils.java:logGet(43)) - raft.server.watch.element-limit = 65536 (default)
2019-10-15 17:17:28,089 [a907139f-6f37-4673-8cb7-faf86e0ae502@group-C5BA1605619E-LeaderElection1] INFO  impl.RoleInfo (RoleInfo.java:updateAndGet(143)) - a907139f-6f37-4673-8cb7-faf86e0ae502: start LeaderState
2019-10-15 17:17:28,110 [a907139f-6f37-4673-8cb7-faf86e0ae502@group-C5BA1605619E-LeaderElection1] INFO  segmented.SegmentedRaftLogWorker (SegmentedRaftLogWorker.java:startLogSegment(385)) - a907139f-6f37-4673-8cb7-faf86e0ae502@group-C5BA1605619E-SegmentedRaftLogWorker: Starting segment from index:0
2019-10-15 17:17:28,168 [main] INFO  impl.MetricsSystemImpl (MetricsSystemImpl.java:init(158)) - HddsDatanode metrics system started (again)
2019-10-15 17:17:28,177 [a907139f-6f37-4673-8cb7-faf86e0ae502@group-C5BA1605619E-LeaderElection1] INFO  impl.RaftServerImpl (ServerState.java:setRaftConf(357)) - a907139f-6f37-4673-8cb7-faf86e0ae502@group-C5BA1605619E: set configuration 0: [a907139f-6f37-4673-8cb7-faf86e0ae502:localhost:9872], old=null at 0
2019-10-15 17:17:28,220 [main] INFO  ozone.HddsDatanodeService (HddsDatanodeService.java:start(184)) - HddsDatanodeService host:pr-hdds-2302-bqc8v-2513969318 ip:192.168.164.239
2019-10-15 17:17:28,250 [main] INFO  volume.HddsVolume (HddsVolume.java:<init>(176)) - Creating Volume: /workdir/hadoop-ozone/integration-test/target/test-dir/MiniOzoneClusterImpl-4fa34157-8494-46a2-a506-7f2258cc6eab/datanode-0/data/containers/hdds of  storage type : DISK and capacity : 1482555576320
2019-10-15 17:17:28,252 [main] INFO  volume.VolumeSet (VolumeSet.java:initializeVolumeSet(170)) - Added Volume : /workdir/hadoop-ozone/integration-test/target/test-dir/MiniOzoneClusterImpl-4fa34157-8494-46a2-a506-7f2258cc6eab/datanode-0/data/containers/hdds to VolumeSet
2019-10-15 17:17:28,255 [main] INFO  volume.ThrottledAsyncChecker (ThrottledAsyncChecker.java:schedule(141)) - Scheduling a check for /workdir/hadoop-ozone/integration-test/target/test-dir/MiniOzoneClusterImpl-4fa34157-8494-46a2-a506-7f2258cc6eab/datanode-0/data/containers/hdds
2019-10-15 17:17:28,270 [main] INFO  volume.HddsVolumeChecker (HddsVolumeChecker.java:checkAllVolumes(204)) - Scheduled health check for volume /workdir/hadoop-ozone/integration-test/target/test-dir/MiniOzoneClusterImpl-4fa34157-8494-46a2-a506-7f2258cc6eab/datanode-0/data/containers/hdds
2019-10-15 17:17:28,274 [a907139f-6f37-4673-8cb7-faf86e0ae502@group-C5BA1605619E-SegmentedRaftLogWorker] INFO  segmented.SegmentedRaftLogWorker (SegmentedRaftLogWorker.java:execute(576)) - a907139f-6f37-4673-8cb7-faf86e0ae502@group-C5BA1605619E-SegmentedRaftLogWorker: created new log segment /workdir/hadoop-ozone/integration-test/target/test-dir/MiniOzoneClusterImpl-4fa34157-8494-46a2-a506-7f2258cc6eab/ozone-meta/ratis/bf265839-605b-3f16-9796-c5ba1605619e/current/log_inprogress_0
2019-10-15 17:17:28,318 [main] INFO  impl.RaftServerProxy (ConfUtils.java:logGet(43)) - raft.rpc.type = GRPC (default)
2019-10-15 17:17:28,318 [main] INFO  grpc.GrpcFactory (GrpcFactory.java:checkPooledByteBufAllocatorUseCacheForAllThreads(45)) - PERFORMANCE WARNING: useCacheForAllThreads is true that may cause Netty to create a lot garbage objects and, as a result, trigger GC.
	It is recommended to disable useCacheForAllThreads by setting -Dorg.apache.ratis.thirdparty.io.netty.allocator.useCacheForAllThreads=false in command line.
2019-10-15 17:17:28,318 [main] INFO  grpc.GrpcConfigKeys$Server (ConfUtils.java:logGet(43)) - raft.grpc.server.port = 0 (default)
2019-10-15 17:17:28,319 [main] INFO  server.GrpcService (ConfUtils.java:logGet(43)) - raft.grpc.message.size.max = 33570816 (custom)
2019-10-15 17:17:28,319 [main] INFO  server.RaftServerConfigKeys (ConfUtils.java:logGet(43)) - raft.server.log.appender.buffer.byte-limit = 33554432 (custom)
2019-10-15 17:17:28,319 [main] INFO  server.GrpcService (ConfUtils.java:logGet(43)) - raft.grpc.flow.control.window = 1MB (=1048576) (default)
2019-10-15 17:17:28,319 [main] INFO  server.RaftServerConfigKeys (ConfUtils.java:logGet(43)) - raft.server.rpc.request.timeout = 3000ms (default)
2019-10-15 17:17:28,321 [main] INFO  server.RaftServerConfigKeys (ConfUtils.java:logGet(43)) - raft.server.storage.dir = [/workdir/hadoop-ozone/integration-test/target/test-dir/MiniOzoneClusterImpl-4fa34157-8494-46a2-a506-7f2258cc6eab/datanode-0/data/ratis] (custom)
2019-10-15 17:17:28,367 [main] INFO  hdfs.DFSUtil (DFSUtil.java:httpServerTemplateForNNAndJN(1641)) - Starting Web-server for hddsDatanode at: http://0.0.0.0:0
2019-10-15 17:17:28,369 [main] INFO  server.AuthenticationFilter (AuthenticationFilter.java:constructSecretProvider(240)) - Unable to initialize FileSignerSecretProvider, falling back to use random secrets.
2019-10-15 17:17:28,370 [main] WARN  http.HttpRequestLog (HttpRequestLog.java:getRequestLog(97)) - Jetty request log can only be enabled using Log4j
2019-10-15 17:17:28,371 [main] INFO  http.HttpServer2 (HttpServer2.java:addGlobalFilter(975)) - Added global filter 'safety' (class=org.apache.hadoop.http.HttpServer2$QuotingInputFilter)
2019-10-15 17:17:28,372 [main] INFO  http.HttpServer2 (HttpServer2.java:addFilter(948)) - Added filter static_user_filter (class=org.apache.hadoop.http.lib.StaticUserWebFilter$StaticUserFilter) to context hddsDatanode
2019-10-15 17:17:28,372 [main] INFO  http.HttpServer2 (HttpServer2.java:addFilter(958)) - Added filter static_user_filter (class=org.apache.hadoop.http.lib.StaticUserWebFilter$StaticUserFilter) to context logs
2019-10-15 17:17:28,373 [main] INFO  http.HttpServer2 (HttpServer2.java:addFilter(958)) - Added filter static_user_filter (class=org.apache.hadoop.http.lib.StaticUserWebFilter$StaticUserFilter) to context static
2019-10-15 17:17:28,374 [main] INFO  http.HttpServer2 (HttpServer2.java:bindListener(1191)) - Jetty bound to port 41682
2019-10-15 17:17:28,374 [main] INFO  server.Server (Server.java:doStart(351)) - jetty-9.3.25.v20180904, build timestamp: 2018-09-04T21:11:46Z, git hash: 3ce520221d0240229c862b122d2b06c12a625732
2019-10-15 17:17:28,376 [main] INFO  handler.ContextHandler (ContextHandler.java:doStart(781)) - Started o.e.j.s.ServletContextHandler@1ab5f08a{/logs,file:///workdir/hadoop-ozone/integration-test/target/log,AVAILABLE}
2019-10-15 17:17:28,376 [main] INFO  handler.ContextHandler (ContextHandler.java:doStart(781)) - Started o.e.j.s.ServletContextHandler@79a04e5f{/static,jar:file:/home/user/.m2/repository/org/apache/hadoop/hadoop-hdds-container-service/0.5.0-SNAPSHOT/hadoop-hdds-container-service-0.5.0-SNAPSHOT.jar!/webapps/static,AVAILABLE}
2019-10-15 17:17:28,413 [main] INFO  handler.ContextHandler (ContextHandler.java:doStart(781)) - Started o.e.j.w.WebAppContext@59696551{/,file:///tmp/jetty-0.0.0.0-41682-hddsDatanode-_-any-7038565033813807673.dir/webapp/,AVAILABLE}{/hddsDatanode}
2019-10-15 17:17:28,414 [main] INFO  server.AbstractConnector (AbstractConnector.java:doStart(278)) - Started ServerConnector@648d0e6d{HTTP/1.1,[http/1.1]}{0.0.0.0:41682}
2019-10-15 17:17:28,414 [main] INFO  server.Server (Server.java:doStart(419)) - Started @6099ms
2019-10-15 17:17:28,415 [main] WARN  impl.MetricsSystemImpl (MetricsSystemImpl.java:register(276)) - Sink prometheus already exists!
2019-10-15 17:17:28,416 [main] INFO  server.BaseHttpServer (BaseHttpServer.java:updateConnectorAddress(215)) - HTTP server of HDDSDATANODE is listening at http://0.0.0.0:41682
2019-10-15 17:17:28,416 [main] INFO  impl.MetricsSystemImpl (MetricsSystemImpl.java:init(158)) - HddsDatanode metrics system started (again)
2019-10-15 17:17:28,419 [main] INFO  ozone.HddsDatanodeService (HddsDatanodeService.java:start(184)) - HddsDatanodeService host:pr-hdds-2302-bqc8v-2513969318 ip:192.168.164.239
2019-10-15 17:17:28,421 [org.apache.hadoop.util.JvmPauseMonitor$Monitor@4efed4d9] INFO  util.JvmPauseMonitor (JvmPauseMonitor.java:run(188)) - Starting JVM pause monitor
2019-10-15 17:17:28,426 [main] INFO  volume.HddsVolume (HddsVolume.java:<init>(176)) - Creating Volume: /workdir/hadoop-ozone/integration-test/target/test-dir/MiniOzoneClusterImpl-4fa34157-8494-46a2-a506-7f2258cc6eab/datanode-1/data/containers/hdds of  storage type : DISK and capacity : 1482555576320
2019-10-15 17:17:28,426 [main] INFO  volume.VolumeSet (VolumeSet.java:initializeVolumeSet(170)) - Added Volume : /workdir/hadoop-ozone/integration-test/target/test-dir/MiniOzoneClusterImpl-4fa34157-8494-46a2-a506-7f2258cc6eab/datanode-1/data/containers/hdds to VolumeSet
2019-10-15 17:17:28,427 [main] INFO  volume.ThrottledAsyncChecker (ThrottledAsyncChecker.java:schedule(141)) - Scheduling a check for /workdir/hadoop-ozone/integration-test/target/test-dir/MiniOzoneClusterImpl-4fa34157-8494-46a2-a506-7f2258cc6eab/datanode-1/data/containers/hdds
2019-10-15 17:17:28,427 [main] INFO  volume.HddsVolumeChecker (HddsVolumeChecker.java:checkAllVolumes(204)) - Scheduled health check for volume /workdir/hadoop-ozone/integration-test/target/test-dir/MiniOzoneClusterImpl-4fa34157-8494-46a2-a506-7f2258cc6eab/datanode-1/data/containers/hdds
2019-10-15 17:17:28,447 [main] INFO  impl.RaftServerProxy (ConfUtils.java:logGet(43)) - raft.rpc.type = GRPC (default)
2019-10-15 17:17:28,447 [main] INFO  grpc.GrpcFactory (GrpcFactory.java:checkPooledByteBufAllocatorUseCacheForAllThreads(45)) - PERFORMANCE WARNING: useCacheForAllThreads is true that may cause Netty to create a lot garbage objects and, as a result, trigger GC.
	It is recommended to disable useCacheForAllThreads by setting -Dorg.apache.ratis.thirdparty.io.netty.allocator.useCacheForAllThreads=false in command line.
2019-10-15 17:17:28,448 [main] INFO  grpc.GrpcConfigKeys$Server (ConfUtils.java:logGet(43)) - raft.grpc.server.port = 0 (default)
2019-10-15 17:17:28,448 [main] INFO  server.GrpcService (ConfUtils.java:logGet(43)) - raft.grpc.message.size.max = 33570816 (custom)
2019-10-15 17:17:28,448 [main] INFO  server.RaftServerConfigKeys (ConfUtils.java:logGet(43)) - raft.server.log.appender.buffer.byte-limit = 33554432 (custom)
2019-10-15 17:17:28,449 [main] INFO  server.GrpcService (ConfUtils.java:logGet(43)) - raft.grpc.flow.control.window = 1MB (=1048576) (default)
2019-10-15 17:17:28,449 [main] INFO  server.RaftServerConfigKeys (ConfUtils.java:logGet(43)) - raft.server.rpc.request.timeout = 3000ms (default)
2019-10-15 17:17:28,450 [main] INFO  server.RaftServerConfigKeys (ConfUtils.java:logGet(43)) - raft.server.storage.dir = [/workdir/hadoop-ozone/integration-test/target/test-dir/MiniOzoneClusterImpl-4fa34157-8494-46a2-a506-7f2258cc6eab/datanode-1/data/ratis] (custom)
2019-10-15 17:17:28,452 [main] INFO  hdfs.DFSUtil (DFSUtil.java:httpServerTemplateForNNAndJN(1641)) - Starting Web-server for hddsDatanode at: http://0.0.0.0:0
2019-10-15 17:17:28,454 [main] INFO  server.AuthenticationFilter (AuthenticationFilter.java:constructSecretProvider(240)) - Unable to initialize FileSignerSecretProvider, falling back to use random secrets.
2019-10-15 17:17:28,455 [main] WARN  http.HttpRequestLog (HttpRequestLog.java:getRequestLog(97)) - Jetty request log can only be enabled using Log4j
2019-10-15 17:17:28,457 [main] INFO  http.HttpServer2 (HttpServer2.java:addGlobalFilter(975)) - Added global filter 'safety' (class=org.apache.hadoop.http.HttpServer2$QuotingInputFilter)
2019-10-15 17:17:28,458 [main] INFO  http.HttpServer2 (HttpServer2.java:addFilter(948)) - Added filter static_user_filter (class=org.apache.hadoop.http.lib.StaticUserWebFilter$StaticUserFilter) to context hddsDatanode
2019-10-15 17:17:28,458 [main] INFO  http.HttpServer2 (HttpServer2.java:addFilter(958)) - Added filter static_user_filter (class=org.apache.hadoop.http.lib.StaticUserWebFilter$StaticUserFilter) to context logs
2019-10-15 17:17:28,458 [main] INFO  http.HttpServer2 (HttpServer2.java:addFilter(958)) - Added filter static_user_filter (class=org.apache.hadoop.http.lib.StaticUserWebFilter$StaticUserFilter) to context static
2019-10-15 17:17:28,460 [main] INFO  http.HttpServer2 (HttpServer2.java:bindListener(1191)) - Jetty bound to port 35860
2019-10-15 17:17:28,460 [main] INFO  server.Server (Server.java:doStart(351)) - jetty-9.3.25.v20180904, build timestamp: 2018-09-04T21:11:46Z, git hash: 3ce520221d0240229c862b122d2b06c12a625732
2019-10-15 17:17:28,463 [main] INFO  handler.ContextHandler (ContextHandler.java:doStart(781)) - Started o.e.j.s.ServletContextHandler@544e8149{/logs,file:///workdir/hadoop-ozone/integration-test/target/log,AVAILABLE}
2019-10-15 17:17:28,463 [main] INFO  handler.ContextHandler (ContextHandler.java:doStart(781)) - Started o.e.j.s.ServletContextHandler@1a96d94c{/static,jar:file:/home/user/.m2/repository/org/apache/hadoop/hadoop-hdds-container-service/0.5.0-SNAPSHOT/hadoop-hdds-container-service-0.5.0-SNAPSHOT.jar!/webapps/static,AVAILABLE}
2019-10-15 17:17:28,496 [main] INFO  handler.ContextHandler (ContextHandler.java:doStart(781)) - Started o.e.j.w.WebAppContext@6d5c2745{/,file:///tmp/jetty-0.0.0.0-35860-hddsDatanode-_-any-2150635108119927564.dir/webapp/,AVAILABLE}{/hddsDatanode}
2019-10-15 17:17:28,497 [main] INFO  server.AbstractConnector (AbstractConnector.java:doStart(278)) - Started ServerConnector@44b29496{HTTP/1.1,[http/1.1]}{0.0.0.0:35860}
2019-10-15 17:17:28,497 [main] INFO  server.Server (Server.java:doStart(419)) - Started @6182ms
2019-10-15 17:17:28,497 [main] WARN  impl.MetricsSystemImpl (MetricsSystemImpl.java:register(276)) - Sink prometheus already exists!
2019-10-15 17:17:28,498 [main] INFO  server.BaseHttpServer (BaseHttpServer.java:updateConnectorAddress(215)) - HTTP server of HDDSDATANODE is listening at http://0.0.0.0:35860
2019-10-15 17:17:28,499 [main] INFO  impl.MetricsSystemImpl (MetricsSystemImpl.java:init(158)) - HddsDatanode metrics system started (again)
2019-10-15 17:17:28,501 [org.apache.hadoop.util.JvmPauseMonitor$Monitor@373956ef] INFO  util.JvmPauseMonitor (JvmPauseMonitor.java:run(188)) - Starting JVM pause monitor
2019-10-15 17:17:28,502 [main] INFO  ozone.HddsDatanodeService (HddsDatanodeService.java:start(184)) - HddsDatanodeService host:pr-hdds-2302-bqc8v-2513969318 ip:192.168.164.239
2019-10-15 17:17:28,508 [main] INFO  volume.HddsVolume (HddsVolume.java:<init>(176)) - Creating Volume: /workdir/hadoop-ozone/integration-test/target/test-dir/MiniOzoneClusterImpl-4fa34157-8494-46a2-a506-7f2258cc6eab/datanode-2/data/containers/hdds of  storage type : DISK and capacity : 1482555576320
2019-10-15 17:17:28,508 [main] INFO  volume.VolumeSet (VolumeSet.java:initializeVolumeSet(170)) - Added Volume : /workdir/hadoop-ozone/integration-test/target/test-dir/MiniOzoneClusterImpl-4fa34157-8494-46a2-a506-7f2258cc6eab/datanode-2/data/containers/hdds to VolumeSet
2019-10-15 17:17:28,508 [main] INFO  volume.ThrottledAsyncChecker (ThrottledAsyncChecker.java:schedule(141)) - Scheduling a check for /workdir/hadoop-ozone/integration-test/target/test-dir/MiniOzoneClusterImpl-4fa34157-8494-46a2-a506-7f2258cc6eab/datanode-2/data/containers/hdds
2019-10-15 17:17:28,509 [main] INFO  volume.HddsVolumeChecker (HddsVolumeChecker.java:checkAllVolumes(204)) - Scheduled health check for volume /workdir/hadoop-ozone/integration-test/target/test-dir/MiniOzoneClusterImpl-4fa34157-8494-46a2-a506-7f2258cc6eab/datanode-2/data/containers/hdds
2019-10-15 17:17:28,523 [main] INFO  impl.RaftServerProxy (ConfUtils.java:logGet(43)) - raft.rpc.type = GRPC (default)
2019-10-15 17:17:28,523 [main] INFO  grpc.GrpcFactory (GrpcFactory.java:checkPooledByteBufAllocatorUseCacheForAllThreads(45)) - PERFORMANCE WARNING: useCacheForAllThreads is true that may cause Netty to create a lot garbage objects and, as a result, trigger GC.
	It is recommended to disable useCacheForAllThreads by setting -Dorg.apache.ratis.thirdparty.io.netty.allocator.useCacheForAllThreads=false in command line.
2019-10-15 17:17:28,524 [main] INFO  grpc.GrpcConfigKeys$Server (ConfUtils.java:logGet(43)) - raft.grpc.server.port = 0 (default)
2019-10-15 17:17:28,524 [main] INFO  server.GrpcService (ConfUtils.java:logGet(43)) - raft.grpc.message.size.max = 33570816 (custom)
2019-10-15 17:17:28,524 [main] INFO  server.RaftServerConfigKeys (ConfUtils.java:logGet(43)) - raft.server.log.appender.buffer.byte-limit = 33554432 (custom)
2019-10-15 17:17:28,524 [main] INFO  server.GrpcService (ConfUtils.java:logGet(43)) - raft.grpc.flow.control.window = 1MB (=1048576) (default)
2019-10-15 17:17:28,524 [main] INFO  server.RaftServerConfigKeys (ConfUtils.java:logGet(43)) - raft.server.rpc.request.timeout = 3000ms (default)
2019-10-15 17:17:28,525 [main] INFO  server.RaftServerConfigKeys (ConfUtils.java:logGet(43)) - raft.server.storage.dir = [/workdir/hadoop-ozone/integration-test/target/test-dir/MiniOzoneClusterImpl-4fa34157-8494-46a2-a506-7f2258cc6eab/datanode-2/data/ratis] (custom)
2019-10-15 17:17:28,527 [main] INFO  hdfs.DFSUtil (DFSUtil.java:httpServerTemplateForNNAndJN(1641)) - Starting Web-server for hddsDatanode at: http://0.0.0.0:0
2019-10-15 17:17:28,528 [main] INFO  server.AuthenticationFilter (AuthenticationFilter.java:constructSecretProvider(240)) - Unable to initialize FileSignerSecretProvider, falling back to use random secrets.
2019-10-15 17:17:28,529 [main] WARN  http.HttpRequestLog (HttpRequestLog.java:getRequestLog(97)) - Jetty request log can only be enabled using Log4j
2019-10-15 17:17:28,530 [main] INFO  http.HttpServer2 (HttpServer2.java:addGlobalFilter(975)) - Added global filter 'safety' (class=org.apache.hadoop.http.HttpServer2$QuotingInputFilter)
2019-10-15 17:17:28,531 [main] INFO  http.HttpServer2 (HttpServer2.java:addFilter(948)) - Added filter static_user_filter (class=org.apache.hadoop.http.lib.StaticUserWebFilter$StaticUserFilter) to context hddsDatanode
2019-10-15 17:17:28,531 [main] INFO  http.HttpServer2 (HttpServer2.java:addFilter(958)) - Added filter static_user_filter (class=org.apache.hadoop.http.lib.StaticUserWebFilter$StaticUserFilter) to context logs
2019-10-15 17:17:28,531 [main] INFO  http.HttpServer2 (HttpServer2.java:addFilter(958)) - Added filter static_user_filter (class=org.apache.hadoop.http.lib.StaticUserWebFilter$StaticUserFilter) to context static
2019-10-15 17:17:28,532 [main] INFO  http.HttpServer2 (HttpServer2.java:bindListener(1191)) - Jetty bound to port 37264
2019-10-15 17:17:28,532 [main] INFO  server.Server (Server.java:doStart(351)) - jetty-9.3.25.v20180904, build timestamp: 2018-09-04T21:11:46Z, git hash: 3ce520221d0240229c862b122d2b06c12a625732
2019-10-15 17:17:28,533 [Datanode State Machine Thread - 0] INFO  datanode.InitDatanodeState (InitDatanodeState.java:persistContainerDatanodeDetails(140)) - DatanodeDetails is persisted to /workdir/hadoop-ozone/integration-test/target/test-dir/MiniOzoneClusterImpl-4fa34157-8494-46a2-a506-7f2258cc6eab/datanode-0/meta/datanode.id
2019-10-15 17:17:28,536 [main] INFO  handler.ContextHandler (ContextHandler.java:doStart(781)) - Started o.e.j.s.ServletContextHandler@1f53481b{/logs,file:///workdir/hadoop-ozone/integration-test/target/log,AVAILABLE}
2019-10-15 17:17:28,537 [main] INFO  handler.ContextHandler (ContextHandler.java:doStart(781)) - Started o.e.j.s.ServletContextHandler@27e7c77f{/static,jar:file:/home/user/.m2/repository/org/apache/hadoop/hadoop-hdds-container-service/0.5.0-SNAPSHOT/hadoop-hdds-container-service-0.5.0-SNAPSHOT.jar!/webapps/static,AVAILABLE}
2019-10-15 17:17:28,538 [Datanode State Machine Thread - 0] INFO  datanode.InitDatanodeState (InitDatanodeState.java:persistContainerDatanodeDetails(140)) - DatanodeDetails is persisted to /workdir/hadoop-ozone/integration-test/target/test-dir/MiniOzoneClusterImpl-4fa34157-8494-46a2-a506-7f2258cc6eab/datanode-1/meta/datanode.id
2019-10-15 17:17:28,568 [main] INFO  handler.ContextHandler (ContextHandler.java:doStart(781)) - Started o.e.j.w.WebAppContext@765ffb14{/,file:///tmp/jetty-0.0.0.0-37264-hddsDatanode-_-any-927641695290300832.dir/webapp/,AVAILABLE}{/hddsDatanode}
2019-10-15 17:17:28,568 [main] INFO  server.AbstractConnector (AbstractConnector.java:doStart(278)) - Started ServerConnector@57562473{HTTP/1.1,[http/1.1]}{0.0.0.0:37264}
2019-10-15 17:17:28,569 [main] INFO  server.Server (Server.java:doStart(419)) - Started @6253ms
2019-10-15 17:17:28,569 [main] WARN  impl.MetricsSystemImpl (MetricsSystemImpl.java:register(276)) - Sink prometheus already exists!
2019-10-15 17:17:28,570 [main] INFO  server.BaseHttpServer (BaseHttpServer.java:updateConnectorAddress(215)) - HTTP server of HDDSDATANODE is listening at http://0.0.0.0:37264
2019-10-15 17:17:28,571 [main] INFO  impl.MetricsSystemImpl (MetricsSystemImpl.java:init(158)) - HddsDatanode metrics system started (again)
2019-10-15 17:17:28,573 [main] INFO  ozone.HddsDatanodeService (HddsDatanodeService.java:start(184)) - HddsDatanodeService host:pr-hdds-2302-bqc8v-2513969318 ip:192.168.164.239
2019-10-15 17:17:28,574 [org.apache.hadoop.util.JvmPauseMonitor$Monitor@40c6aecb] INFO  util.JvmPauseMonitor (JvmPauseMonitor.java:run(188)) - Starting JVM pause monitor
2019-10-15 17:17:28,577 [Datanode State Machine Thread - 0] INFO  datanode.InitDatanodeState (InitDatanodeState.java:persistContainerDatanodeDetails(140)) - DatanodeDetails is persisted to /workdir/hadoop-ozone/integration-test/target/test-dir/MiniOzoneClusterImpl-4fa34157-8494-46a2-a506-7f2258cc6eab/datanode-2/meta/datanode.id
2019-10-15 17:17:28,582 [main] INFO  volume.HddsVolume (HddsVolume.java:<init>(176)) - Creating Volume: /workdir/hadoop-ozone/integration-test/target/test-dir/MiniOzoneClusterImpl-4fa34157-8494-46a2-a506-7f2258cc6eab/datanode-3/data/containers/hdds of  storage type : DISK and capacity : 1482555576320
2019-10-15 17:17:28,583 [main] INFO  volume.VolumeSet (VolumeSet.java:initializeVolumeSet(170)) - Added Volume : /workdir/hadoop-ozone/integration-test/target/test-dir/MiniOzoneClusterImpl-4fa34157-8494-46a2-a506-7f2258cc6eab/datanode-3/data/containers/hdds to VolumeSet
2019-10-15 17:17:28,583 [main] INFO  volume.ThrottledAsyncChecker (ThrottledAsyncChecker.java:schedule(141)) - Scheduling a check for /workdir/hadoop-ozone/integration-test/target/test-dir/MiniOzoneClusterImpl-4fa34157-8494-46a2-a506-7f2258cc6eab/datanode-3/data/containers/hdds
2019-10-15 17:17:28,583 [main] INFO  volume.HddsVolumeChecker (HddsVolumeChecker.java:checkAllVolumes(204)) - Scheduled health check for volume /workdir/hadoop-ozone/integration-test/target/test-dir/MiniOzoneClusterImpl-4fa34157-8494-46a2-a506-7f2258cc6eab/datanode-3/data/containers/hdds
2019-10-15 17:17:28,598 [main] INFO  impl.RaftServerProxy (ConfUtils.java:logGet(43)) - raft.rpc.type = GRPC (default)
2019-10-15 17:17:28,599 [main] INFO  grpc.GrpcFactory (GrpcFactory.java:checkPooledByteBufAllocatorUseCacheForAllThreads(45)) - PERFORMANCE WARNING: useCacheForAllThreads is true that may cause Netty to create a lot garbage objects and, as a result, trigger GC.
	It is recommended to disable useCacheForAllThreads by setting -Dorg.apache.ratis.thirdparty.io.netty.allocator.useCacheForAllThreads=false in command line.
2019-10-15 17:17:28,599 [main] INFO  grpc.GrpcConfigKeys$Server (ConfUtils.java:logGet(43)) - raft.grpc.server.port = 0 (default)
2019-10-15 17:17:28,599 [main] INFO  server.GrpcService (ConfUtils.java:logGet(43)) - raft.grpc.message.size.max = 33570816 (custom)
2019-10-15 17:17:28,599 [main] INFO  server.RaftServerConfigKeys (ConfUtils.java:logGet(43)) - raft.server.log.appender.buffer.byte-limit = 33554432 (custom)
2019-10-15 17:17:28,599 [main] INFO  server.GrpcService (ConfUtils.java:logGet(43)) - raft.grpc.flow.control.window = 1MB (=1048576) (default)
2019-10-15 17:17:28,600 [main] INFO  server.RaftServerConfigKeys (ConfUtils.java:logGet(43)) - raft.server.rpc.request.timeout = 3000ms (default)
2019-10-15 17:17:28,600 [main] INFO  server.RaftServerConfigKeys (ConfUtils.java:logGet(43)) - raft.server.storage.dir = [/workdir/hadoop-ozone/integration-test/target/test-dir/MiniOzoneClusterImpl-4fa34157-8494-46a2-a506-7f2258cc6eab/datanode-3/data/ratis] (custom)
2019-10-15 17:17:28,602 [main] INFO  hdfs.DFSUtil (DFSUtil.java:httpServerTemplateForNNAndJN(1641)) - Starting Web-server for hddsDatanode at: http://0.0.0.0:0
2019-10-15 17:17:28,603 [main] INFO  server.AuthenticationFilter (AuthenticationFilter.java:constructSecretProvider(240)) - Unable to initialize FileSignerSecretProvider, falling back to use random secrets.
2019-10-15 17:17:28,604 [main] WARN  http.HttpRequestLog (HttpRequestLog.java:getRequestLog(97)) - Jetty request log can only be enabled using Log4j
2019-10-15 17:17:28,606 [main] INFO  http.HttpServer2 (HttpServer2.java:addGlobalFilter(975)) - Added global filter 'safety' (class=org.apache.hadoop.http.HttpServer2$QuotingInputFilter)
2019-10-15 17:17:28,607 [main] INFO  http.HttpServer2 (HttpServer2.java:addFilter(948)) - Added filter static_user_filter (class=org.apache.hadoop.http.lib.StaticUserWebFilter$StaticUserFilter) to context hddsDatanode
2019-10-15 17:17:28,607 [main] INFO  http.HttpServer2 (HttpServer2.java:addFilter(958)) - Added filter static_user_filter (class=org.apache.hadoop.http.lib.StaticUserWebFilter$StaticUserFilter) to context static
2019-10-15 17:17:28,607 [main] INFO  http.HttpServer2 (HttpServer2.java:addFilter(958)) - Added filter static_user_filter (class=org.apache.hadoop.http.lib.StaticUserWebFilter$StaticUserFilter) to context logs
2019-10-15 17:17:28,608 [main] INFO  http.HttpServer2 (HttpServer2.java:bindListener(1191)) - Jetty bound to port 40991
2019-10-15 17:17:28,608 [main] INFO  server.Server (Server.java:doStart(351)) - jetty-9.3.25.v20180904, build timestamp: 2018-09-04T21:11:46Z, git hash: 3ce520221d0240229c862b122d2b06c12a625732
2019-10-15 17:17:28,612 [main] INFO  handler.ContextHandler (ContextHandler.java:doStart(781)) - Started o.e.j.s.ServletContextHandler@f88bfbe{/logs,file:///workdir/hadoop-ozone/integration-test/target/log,AVAILABLE}
2019-10-15 17:17:28,612 [main] INFO  handler.ContextHandler (ContextHandler.java:doStart(781)) - Started o.e.j.s.ServletContextHandler@5d8ab698{/static,jar:file:/home/user/.m2/repository/org/apache/hadoop/hadoop-hdds-container-service/0.5.0-SNAPSHOT/hadoop-hdds-container-service-0.5.0-SNAPSHOT.jar!/webapps/static,AVAILABLE}
2019-10-15 17:17:28,643 [main] INFO  handler.ContextHandler (ContextHandler.java:doStart(781)) - Started o.e.j.w.WebAppContext@1e0a864d{/,file:///tmp/jetty-0.0.0.0-40991-hddsDatanode-_-any-268598752189287765.dir/webapp/,AVAILABLE}{/hddsDatanode}
2019-10-15 17:17:28,644 [main] INFO  server.AbstractConnector (AbstractConnector.java:doStart(278)) - Started ServerConnector@440e3ce6{HTTP/1.1,[http/1.1]}{0.0.0.0:40991}
2019-10-15 17:17:28,645 [main] INFO  server.Server (Server.java:doStart(419)) - Started @6330ms
2019-10-15 17:17:28,646 [main] WARN  impl.MetricsSystemImpl (MetricsSystemImpl.java:register(276)) - Sink prometheus already exists!
2019-10-15 17:17:28,646 [main] INFO  server.BaseHttpServer (BaseHttpServer.java:updateConnectorAddress(215)) - HTTP server of HDDSDATANODE is listening at http://0.0.0.0:40991
2019-10-15 17:17:28,648 [main] INFO  ozone.MiniOzoneClusterImpl (MiniOzoneClusterImpl.java:lambda$waitForClusterToBeReady$0(147)) - Waiting for cluster to be ready. Got 0 of 4 DN Heartbeats.
2019-10-15 17:17:28,649 [org.apache.hadoop.util.JvmPauseMonitor$Monitor@14a4c2b8] INFO  util.JvmPauseMonitor (JvmPauseMonitor.java:run(188)) - Starting JVM pause monitor
2019-10-15 17:17:28,653 [Datanode State Machine Thread - 0] INFO  datanode.InitDatanodeState (InitDatanodeState.java:persistContainerDatanodeDetails(140)) - DatanodeDetails is persisted to /workdir/hadoop-ozone/integration-test/target/test-dir/MiniOzoneClusterImpl-4fa34157-8494-46a2-a506-7f2258cc6eab/datanode-3/meta/datanode.id
2019-10-15 17:17:29,648 [main] INFO  ozone.MiniOzoneClusterImpl (MiniOzoneClusterImpl.java:lambda$waitForClusterToBeReady$0(147)) - Waiting for cluster to be ready. Got 0 of 4 DN Heartbeats.
2019-10-15 17:17:30,522 [Datanode State Machine Thread - 0] INFO  ozoneimpl.OzoneContainer (OzoneContainer.java:start(213)) - Attempting to start container services.
2019-10-15 17:17:30,522 [Datanode State Machine Thread - 0] INFO  ozoneimpl.OzoneContainer (OzoneContainer.java:start(213)) - Attempting to start container services.
2019-10-15 17:17:30,525 [Datanode State Machine Thread - 0] INFO  ozoneimpl.OzoneContainer (OzoneContainer.java:startContainerScrub(177)) - Background container scanner has been disabled.
2019-10-15 17:17:30,525 [Datanode State Machine Thread - 0] INFO  ozoneimpl.OzoneContainer (OzoneContainer.java:startContainerScrub(177)) - Background container scanner has been disabled.
2019-10-15 17:17:30,526 [Datanode State Machine Thread - 0] INFO  ratis.XceiverServerRatis (XceiverServerRatis.java:start(418)) - Starting XceiverServerRatis ebd8d1f9-8297-450f-abe7-393807ba0c7e at port 0
2019-10-15 17:17:30,526 [Datanode State Machine Thread - 0] INFO  ratis.XceiverServerRatis (XceiverServerRatis.java:start(418)) - Starting XceiverServerRatis 79abbc2e-0a90-4a41-a17c-6388bb873359 at port 0
2019-10-15 17:17:30,546 [Datanode State Machine Thread - 0] INFO  impl.RaftServerProxy (RaftServerProxy.java:lambda$start$3(299)) - ebd8d1f9-8297-450f-abe7-393807ba0c7e: start RPC server
2019-10-15 17:17:30,547 [Datanode State Machine Thread - 0] INFO  impl.RaftServerProxy (RaftServerProxy.java:lambda$start$3(299)) - 79abbc2e-0a90-4a41-a17c-6388bb873359: start RPC server
2019-10-15 17:17:30,552 [Datanode State Machine Thread - 0] INFO  server.GrpcService (GrpcService.java:startImpl(158)) - ebd8d1f9-8297-450f-abe7-393807ba0c7e: GrpcService started, listening on 0.0.0.0/0.0.0.0:36510
2019-10-15 17:17:30,552 [Datanode State Machine Thread - 0] INFO  server.GrpcService (GrpcService.java:startImpl(158)) - 79abbc2e-0a90-4a41-a17c-6388bb873359: GrpcService started, listening on 0.0.0.0/0.0.0.0:37857
2019-10-15 17:17:30,553 [Datanode State Machine Thread - 0] INFO  ratis.XceiverServerRatis (XceiverServerRatis.java:start(428)) - XceiverServerRatis ebd8d1f9-8297-450f-abe7-393807ba0c7e is started using port 36510
2019-10-15 17:17:30,553 [Datanode State Machine Thread - 0] INFO  ratis.XceiverServerRatis (XceiverServerRatis.java:start(428)) - XceiverServerRatis 79abbc2e-0a90-4a41-a17c-6388bb873359 is started using port 37857
2019-10-15 17:17:30,556 [Datanode State Machine Thread - 0] INFO  server.XceiverServerGrpc (XceiverServerGrpc.java:start(149)) - XceiverServerGrpc ebd8d1f9-8297-450f-abe7-393807ba0c7e is started using port 41409
2019-10-15 17:17:30,556 [Datanode State Machine Thread - 0] INFO  server.XceiverServerGrpc (XceiverServerGrpc.java:start(149)) - XceiverServerGrpc 79abbc2e-0a90-4a41-a17c-6388bb873359 is started using port 42920
2019-10-15 17:17:30,596 [Datanode State Machine Thread - 0] INFO  ozoneimpl.OzoneContainer (OzoneContainer.java:start(213)) - Attempting to start container services.
2019-10-15 17:17:30,597 [Datanode State Machine Thread - 0] INFO  ozoneimpl.OzoneContainer (OzoneContainer.java:startContainerScrub(177)) - Background container scanner has been disabled.
2019-10-15 17:17:30,598 [Datanode State Machine Thread - 0] INFO  ratis.XceiverServerRatis (XceiverServerRatis.java:start(418)) - Starting XceiverServerRatis e0635a91-29e0-4e97-b998-fafeaa1ac257 at port 0
2019-10-15 17:17:30,606 [Datanode State Machine Thread - 0] INFO  impl.RaftServerProxy (RaftServerProxy.java:lambda$start$3(299)) - e0635a91-29e0-4e97-b998-fafeaa1ac257: start RPC server
2019-10-15 17:17:30,608 [Datanode State Machine Thread - 0] INFO  server.GrpcService (GrpcService.java:startImpl(158)) - e0635a91-29e0-4e97-b998-fafeaa1ac257: GrpcService started, listening on 0.0.0.0/0.0.0.0:44850
2019-10-15 17:17:30,608 [Datanode State Machine Thread - 0] INFO  ratis.XceiverServerRatis (XceiverServerRatis.java:start(428)) - XceiverServerRatis e0635a91-29e0-4e97-b998-fafeaa1ac257 is started using port 44850
2019-10-15 17:17:30,610 [Datanode State Machine Thread - 0] INFO  server.XceiverServerGrpc (XceiverServerGrpc.java:start(149)) - XceiverServerGrpc e0635a91-29e0-4e97-b998-fafeaa1ac257 is started using port 34382
2019-10-15 17:17:30,649 [main] INFO  ozone.MiniOzoneClusterImpl (MiniOzoneClusterImpl.java:lambda$waitForClusterToBeReady$0(147)) - Waiting for cluster to be ready. Got 0 of 4 DN Heartbeats.
2019-10-15 17:17:30,676 [Datanode State Machine Thread - 0] INFO  ozoneimpl.OzoneContainer (OzoneContainer.java:start(213)) - Attempting to start container services.
2019-10-15 17:17:30,678 [Datanode State Machine Thread - 0] INFO  ozoneimpl.OzoneContainer (OzoneContainer.java:startContainerScrub(177)) - Background container scanner has been disabled.
2019-10-15 17:17:30,678 [Datanode State Machine Thread - 0] INFO  ratis.XceiverServerRatis (XceiverServerRatis.java:start(418)) - Starting XceiverServerRatis dbc121b5-e1e8-4c61-9d50-542b699a3d90 at port 0
2019-10-15 17:17:30,689 [Datanode State Machine Thread - 0] INFO  impl.RaftServerProxy (RaftServerProxy.java:lambda$start$3(299)) - dbc121b5-e1e8-4c61-9d50-542b699a3d90: start RPC server
2019-10-15 17:17:30,691 [Datanode State Machine Thread - 0] INFO  server.GrpcService (GrpcService.java:startImpl(158)) - dbc121b5-e1e8-4c61-9d50-542b699a3d90: GrpcService started, listening on 0.0.0.0/0.0.0.0:43140
2019-10-15 17:17:30,692 [Datanode State Machine Thread - 0] INFO  ratis.XceiverServerRatis (XceiverServerRatis.java:start(428)) - XceiverServerRatis dbc121b5-e1e8-4c61-9d50-542b699a3d90 is started using port 43140
2019-10-15 17:17:30,694 [Datanode State Machine Thread - 0] INFO  server.XceiverServerGrpc (XceiverServerGrpc.java:start(149)) - XceiverServerGrpc dbc121b5-e1e8-4c61-9d50-542b699a3d90 is started using port 36201
2019-10-15 17:17:31,650 [main] INFO  ozone.MiniOzoneClusterImpl (MiniOzoneClusterImpl.java:lambda$waitForClusterToBeReady$0(147)) - Waiting for cluster to be ready. Got 0 of 4 DN Heartbeats.
2019-10-15 17:17:32,462 [IPC Server handler 0 on 44409] INFO  net.NetworkTopology (NetworkTopologyImpl.java:add(111)) - Added a new node: /rack1/ebd8d1f9-8297-450f-abe7-393807ba0c7e
2019-10-15 17:17:32,462 [IPC Server handler 0 on 44409] INFO  node.SCMNodeManager (SCMNodeManager.java:register(268)) - Registered Data node : ebd8d1f9-8297-450f-abe7-393807ba0c7e{ip: 192.168.164.239, host: pr-hdds-2302-bqc8v-2513969318, networkLocation: /rack1, certSerialId: null}
2019-10-15 17:17:32,466 [EventQueue-NodeRegistrationContainerReportForDataNodeSafeModeRule] INFO  safemode.SCMSafeModeManager (DataNodeSafeModeRule.java:process(71)) - SCM in safe mode. 1 DataNodes registered, 1 required.
2019-10-15 17:17:32,467 [EventQueue-NodeRegistrationContainerReportForDataNodeSafeModeRule] INFO  safemode.SCMSafeModeManager (SCMSafeModeManager.java:validateSafeModeExitRules(177)) - ScmSafeModeManager, all rules are successfully validated
2019-10-15 17:17:32,467 [EventQueue-NodeRegistrationContainerReportForDataNodeSafeModeRule] INFO  safemode.SCMSafeModeManager (SCMSafeModeManager.java:exitSafeMode(193)) - SCM exiting safe mode.
2019-10-15 17:17:32,504 [IPC Server handler 1 on 44409] INFO  net.NetworkTopology (NetworkTopologyImpl.java:add(111)) - Added a new node: /rack1/79abbc2e-0a90-4a41-a17c-6388bb873359
2019-10-15 17:17:32,504 [IPC Server handler 1 on 44409] INFO  node.SCMNodeManager (SCMNodeManager.java:register(268)) - Registered Data node : 79abbc2e-0a90-4a41-a17c-6388bb873359{ip: 192.168.164.239, host: pr-hdds-2302-bqc8v-2513969318, networkLocation: /rack1, certSerialId: null}
2019-10-15 17:17:32,577 [IPC Server handler 2 on 44409] INFO  net.NetworkTopology (NetworkTopologyImpl.java:add(111)) - Added a new node: /rack1/e0635a91-29e0-4e97-b998-fafeaa1ac257
2019-10-15 17:17:32,577 [IPC Server handler 2 on 44409] INFO  node.SCMNodeManager (SCMNodeManager.java:register(268)) - Registered Data node : e0635a91-29e0-4e97-b998-fafeaa1ac257{ip: 192.168.164.239, host: pr-hdds-2302-bqc8v-2513969318, networkLocation: /rack1, certSerialId: null}
2019-10-15 17:17:32,650 [main] INFO  ozone.MiniOzoneClusterImpl (MiniOzoneClusterImpl.java:lambda$waitForClusterToBeReady$0(147)) - Waiting for cluster to be ready. Got 3 of 4 DN Heartbeats.
2019-10-15 17:17:32,654 [IPC Server handler 4 on 44409] INFO  net.NetworkTopology (NetworkTopologyImpl.java:add(111)) - Added a new node: /rack1/dbc121b5-e1e8-4c61-9d50-542b699a3d90
2019-10-15 17:17:32,654 [IPC Server handler 4 on 44409] INFO  node.SCMNodeManager (SCMNodeManager.java:register(268)) - Registered Data node : dbc121b5-e1e8-4c61-9d50-542b699a3d90{ip: 192.168.164.239, host: pr-hdds-2302-bqc8v-2513969318, networkLocation: /rack1, certSerialId: null}
2019-10-15 17:17:32,948 [grpc-default-executor-0] INFO  impl.RaftServerProxy (RaftServerProxy.java:addNew(89)) - ebd8d1f9-8297-450f-abe7-393807ba0c7e: addNew group-AB9BD0214365:[ebd8d1f9-8297-450f-abe7-393807ba0c7e:192.168.164.239:36510] returns group-AB9BD0214365:java.util.concurrent.CompletableFuture@28c934da[Not completed]
2019-10-15 17:17:32,961 [pool-32-thread-1] INFO  impl.RaftServerImpl (RaftServerImpl.java:<init>(104)) - ebd8d1f9-8297-450f-abe7-393807ba0c7e: new RaftServerImpl for group-AB9BD0214365:[ebd8d1f9-8297-450f-abe7-393807ba0c7e:192.168.164.239:36510] with ContainerStateMachine:uninitialized
2019-10-15 17:17:32,962 [pool-32-thread-1] INFO  server.RaftServerConfigKeys (ConfUtils.java:logGet(43)) - raft.server.rpc.timeout.min = 5s (custom)
2019-10-15 17:17:32,962 [pool-32-thread-1] INFO  server.RaftServerConfigKeys (ConfUtils.java:logGet(43)) - raft.server.rpc.timeout.max = 5200ms (custom)
2019-10-15 17:17:32,962 [pool-32-thread-1] INFO  server.RaftServerConfigKeys (ConfUtils.java:logGet(43)) - raft.server.rpcslowness.timeout = 120s (custom)
2019-10-15 17:17:32,962 [pool-32-thread-1] INFO  server.RaftServerConfigKeys (ConfUtils.java:logGet(43)) - raft.server.sleep.deviation.threshold = 300 (default)
2019-10-15 17:17:32,963 [pool-32-thread-1] INFO  server.RaftServerConfigKeys (ConfUtils.java:logGet(43)) - raft.server.log.appender.install.snapshot.enabled = false (custom)
2019-10-15 17:17:32,963 [pool-32-thread-1] INFO  impl.RaftServerImpl (ServerState.java:<init>(103)) - ebd8d1f9-8297-450f-abe7-393807ba0c7e@group-AB9BD0214365: ConfigurationManager, init=-1: [ebd8d1f9-8297-450f-abe7-393807ba0c7e:192.168.164.239:36510], old=null, confs=<EMPTY_MAP>
2019-10-15 17:17:32,963 [pool-32-thread-1] INFO  server.RaftServerConfigKeys (ConfUtils.java:logGet(43)) - raft.server.storage.dir = [/workdir/hadoop-ozone/integration-test/target/test-dir/MiniOzoneClusterImpl-4fa34157-8494-46a2-a506-7f2258cc6eab/datanode-0/data/ratis] (custom)
2019-10-15 17:17:32,964 [pool-32-thread-1] INFO  server.RaftServerConfigKeys (ConfUtils.java:logGet(43)) - raft.server.log.corruption.policy = EXCEPTION (default)
2019-10-15 17:17:32,964 [pool-32-thread-1] INFO  storage.RaftStorageDirectory (RaftStorageDirectory.java:analyzeStorage(246)) - The storage directory /workdir/hadoop-ozone/integration-test/target/test-dir/MiniOzoneClusterImpl-4fa34157-8494-46a2-a506-7f2258cc6eab/datanode-0/data/ratis/eb3e3d5f-7643-4e94-a180-ab9bd0214365 does not exist. Creating ...
2019-10-15 17:17:32,989 [pool-32-thread-1] INFO  storage.RaftStorageDirectory (RaftStorageDirectory.java:tryLock(328)) - Lock on /workdir/hadoop-ozone/integration-test/target/test-dir/MiniOzoneClusterImpl-4fa34157-8494-46a2-a506-7f2258cc6eab/datanode-0/data/ratis/eb3e3d5f-7643-4e94-a180-ab9bd0214365/in_use.lock acquired by nodename 12003@pr-hdds-2302-bqc8v-2513969318
2019-10-15 17:17:33,012 [pool-32-thread-1] INFO  storage.RaftStorage (RaftStorage.java:format(84)) - Storage directory /workdir/hadoop-ozone/integration-test/target/test-dir/MiniOzoneClusterImpl-4fa34157-8494-46a2-a506-7f2258cc6eab/datanode-0/data/ratis/eb3e3d5f-7643-4e94-a180-ab9bd0214365 has been successfully formatted.
2019-10-15 17:17:33,014 [pool-32-thread-1] INFO  ratis.ContainerStateMachine (ContainerStateMachine.java:loadSnapshot(231)) - group-AB9BD0214365: The snapshot info is null. Setting the last applied indexto:(t:0, i:~)
2019-10-15 17:17:33,014 [pool-32-thread-1] INFO  server.RaftServerConfigKeys (ConfUtils.java:logGet(43)) - raft.server.notification.no-leader.timeout = 120s (custom)
2019-10-15 17:17:33,014 [pool-32-thread-1] INFO  server.RaftServerConfigKeys (ConfUtils.java:logGet(43)) - raft.server.log.use.memory = false (default)
2019-10-15 17:17:33,015 [pool-32-thread-1] INFO  server.RaftServerConfigKeys (ConfUtils.java:logGet(43)) - raft.server.log.purge.gap = 1000000 (custom)
2019-10-15 17:17:33,015 [pool-32-thread-1] INFO  server.RaftServerConfigKeys (ConfUtils.java:logGet(43)) - raft.server.log.appender.buffer.byte-limit = 33554432 (custom)
2019-10-15 17:17:33,015 [pool-32-thread-1] INFO  server.RaftServerConfigKeys (ConfUtils.java:logGet(43)) - raft.server.log.segment.size.max = 1048576 (custom)
2019-10-15 17:17:33,023 [pool-32-thread-1] INFO  server.RaftServerConfigKeys (ConfUtils.java:logGet(43)) - raft.server.log.segment.cache.num.max = 2 (custom)
2019-10-15 17:17:33,023 [pool-32-thread-1] INFO  segmented.SegmentedRaftLogWorker (SegmentedRaftLogWorker.java:<init>(173)) - new ebd8d1f9-8297-450f-abe7-393807ba0c7e@group-AB9BD0214365-SegmentedRaftLogWorker for RaftStorage:Storage Directory /workdir/hadoop-ozone/integration-test/target/test-dir/MiniOzoneClusterImpl-4fa34157-8494-46a2-a506-7f2258cc6eab/datanode-0/data/ratis/eb3e3d5f-7643-4e94-a180-ab9bd0214365
2019-10-15 17:17:33,023 [pool-32-thread-1] INFO  server.RaftServerConfigKeys (ConfUtils.java:logGet(43)) - raft.server.log.queue.byte-limit = 2147483647 (custom)
2019-10-15 17:17:33,024 [pool-32-thread-1] INFO  server.RaftServerConfigKeys (ConfUtils.java:logGet(43)) - raft.server.log.queue.element-limit = 1024 (custom)
2019-10-15 17:17:33,024 [pool-32-thread-1] INFO  server.RaftServerConfigKeys (ConfUtils.java:logGet(43)) - raft.server.log.segment.size.max = 1048576 (custom)
2019-10-15 17:17:33,024 [pool-32-thread-1] INFO  server.RaftServerConfigKeys (ConfUtils.java:logGet(43)) - raft.server.log.preallocated.size = 16384 (custom)
2019-10-15 17:17:33,024 [pool-32-thread-1] INFO  server.RaftServerConfigKeys (ConfUtils.java:logGet(43)) - raft.server.log.write.buffer.size = 33554432 (custom)
2019-10-15 17:17:33,024 [pool-32-thread-1] INFO  server.RaftServerConfigKeys (ConfUtils.java:logGet(43)) - raft.server.log.force.sync.num = 128 (default)
2019-10-15 17:17:33,025 [pool-32-thread-1] INFO  server.RaftServerConfigKeys (ConfUtils.java:logGet(43)) - raft.server.log.statemachine.data.sync = true (default)
2019-10-15 17:17:33,025 [pool-32-thread-1] INFO  server.RaftServerConfigKeys (ConfUtils.java:logGet(43)) - raft.server.log.statemachine.data.sync.timeout = 10s (default)
2019-10-15 17:17:33,025 [pool-32-thread-1] INFO  server.RaftServerConfigKeys (ConfUtils.java:logGet(43)) - raft.server.log.statemachine.data.sync.timeout.retry = -1 (default)
2019-10-15 17:17:33,026 [pool-32-thread-1] INFO  server.RaftServerConfigKeys (ConfUtils.java:logGet(43)) - raft.server.log.statemachine.data.caching.enabled = true (custom)
2019-10-15 17:17:33,027 [pool-32-thread-1] INFO  segmented.SegmentedRaftLogWorker (SegmentedRaftLogWorker.java:lambda$new$0(128)) - ebd8d1f9-8297-450f-abe7-393807ba0c7e@group-AB9BD0214365-SegmentedRaftLogWorker: flushIndex: setUnconditionally 0 -> -1
2019-10-15 17:17:33,027 [pool-32-thread-1] INFO  server.RaftServerConfigKeys (ConfUtils.java:logGet(43)) - raft.server.snapshot.auto.trigger.enabled = true (custom)
2019-10-15 17:17:33,028 [pool-32-thread-1] INFO  server.RaftServerConfigKeys (ConfUtils.java:logGet(43)) - raft.server.snapshot.auto.trigger.threshold = 10000 (custom)
2019-10-15 17:17:33,028 [pool-32-thread-1] INFO  server.RaftServerConfigKeys (ConfUtils.java:logGet(43)) - raft.server.snapshot.retention.file.num = 5 (custom)
2019-10-15 17:17:33,028 [pool-32-thread-1] INFO  server.RaftServerConfigKeys (ConfUtils.java:logGet(43)) - raft.server.retrycache.expirytime = 600000ms (custom)
2019-10-15 17:17:33,041 [pool-32-thread-1] INFO  impl.RaftServerImpl (RaftServerImpl.java:start(195)) - ebd8d1f9-8297-450f-abe7-393807ba0c7e@group-AB9BD0214365: start as a follower, conf=-1: [ebd8d1f9-8297-450f-abe7-393807ba0c7e:192.168.164.239:36510], old=null
2019-10-15 17:17:33,041 [pool-32-thread-1] INFO  impl.RaftServerImpl (RaftServerImpl.java:setRole(184)) - ebd8d1f9-8297-450f-abe7-393807ba0c7e@group-AB9BD0214365: changes role from      null to FOLLOWER at term 0 for startAsFollower
2019-10-15 17:17:33,041 [pool-32-thread-1] INFO  impl.RoleInfo (RoleInfo.java:updateAndGet(143)) - ebd8d1f9-8297-450f-abe7-393807ba0c7e: start FollowerState
2019-10-15 17:17:33,042 [pool-32-thread-1] INFO  util.JmxRegister (JmxRegister.java:tryRegister(44)) - Successfully registered JMX Bean with object name Ratis:service=RaftServer,group=group-AB9BD0214365,id=ebd8d1f9-8297-450f-abe7-393807ba0c7e
2019-10-15 17:17:33,111 [RatisPipelineUtilsThread] INFO  pipeline.PipelineStateManager (PipelineStateManager.java:addPipeline(56)) - Created pipeline Pipeline[ Id: eb3e3d5f-7643-4e94-a180-ab9bd0214365, Nodes: ebd8d1f9-8297-450f-abe7-393807ba0c7e{ip: 192.168.164.239, host: pr-hdds-2302-bqc8v-2513969318, networkLocation: /rack1, certSerialId: null}, Type:RATIS, Factor:ONE, State:OPEN]
2019-10-15 17:17:33,119 [Thread-201] INFO  impl.FollowerState (FollowerState.java:run(108)) - ebd8d1f9-8297-450f-abe7-393807ba0c7e@group-AB9BD0214365-FollowerState: change to CANDIDATE, lastRpcTime:77ms, electionTimeout:77ms
2019-10-15 17:17:33,120 [Thread-201] INFO  impl.RoleInfo (RoleInfo.java:shutdownFollowerState(121)) - ebd8d1f9-8297-450f-abe7-393807ba0c7e: shutdown FollowerState
2019-10-15 17:17:33,121 [Thread-201] INFO  impl.RaftServerImpl (RaftServerImpl.java:setRole(184)) - ebd8d1f9-8297-450f-abe7-393807ba0c7e@group-AB9BD0214365: changes role from  FOLLOWER to CANDIDATE at term 0 for changeToCandidate
2019-10-15 17:17:33,121 [Thread-201] INFO  impl.RoleInfo (RoleInfo.java:updateAndGet(143)) - ebd8d1f9-8297-450f-abe7-393807ba0c7e: start LeaderElection
2019-10-15 17:17:33,137 [grpc-default-executor-0] INFO  impl.RaftServerProxy (RaftServerProxy.java:addNew(89)) - dbc121b5-e1e8-4c61-9d50-542b699a3d90: addNew group-6495590E20EC:[dbc121b5-e1e8-4c61-9d50-542b699a3d90:192.168.164.239:43140] returns group-6495590E20EC:java.util.concurrent.CompletableFuture@3e82368e[Not completed]
2019-10-15 17:17:33,149 [ebd8d1f9-8297-450f-abe7-393807ba0c7e@group-AB9BD0214365-LeaderElection2] INFO  impl.LeaderElection (LeaderElection.java:askForVotes(178)) - ebd8d1f9-8297-450f-abe7-393807ba0c7e@group-AB9BD0214365-LeaderElection2: begin an election at term 1 for -1: [ebd8d1f9-8297-450f-abe7-393807ba0c7e:192.168.164.239:36510], old=null
2019-10-15 17:17:33,150 [ebd8d1f9-8297-450f-abe7-393807ba0c7e@group-AB9BD0214365-LeaderElection2] INFO  impl.RoleInfo (RoleInfo.java:shutdownLeaderElection(134)) - ebd8d1f9-8297-450f-abe7-393807ba0c7e: shutdown LeaderElection
2019-10-15 17:17:33,150 [ebd8d1f9-8297-450f-abe7-393807ba0c7e@group-AB9BD0214365-LeaderElection2] INFO  impl.RaftServerImpl (RaftServerImpl.java:setRole(184)) - ebd8d1f9-8297-450f-abe7-393807ba0c7e@group-AB9BD0214365: changes role from CANDIDATE to LEADER at term 1 for changeToLeader
2019-10-15 17:17:33,150 [ebd8d1f9-8297-450f-abe7-393807ba0c7e@group-AB9BD0214365-LeaderElection2] INFO  impl.RaftServerImpl (ServerState.java:setLeader(256)) - ebd8d1f9-8297-450f-abe7-393807ba0c7e@group-AB9BD0214365: change Leader from null to ebd8d1f9-8297-450f-abe7-393807ba0c7e at term 1 for becomeLeader, leader elected after 136ms
2019-10-15 17:17:33,151 [ebd8d1f9-8297-450f-abe7-393807ba0c7e@group-AB9BD0214365-LeaderElection2] INFO  server.RaftServerConfigKeys (ConfUtils.java:logGet(43)) - raft.server.staging.catchup.gap = 1000 (default)
2019-10-15 17:17:33,151 [ebd8d1f9-8297-450f-abe7-393807ba0c7e@group-AB9BD0214365-LeaderElection2] INFO  server.RaftServerConfigKeys (ConfUtils.java:logGet(43)) - raft.server.rpc.sleep.time = 25ms (default)
2019-10-15 17:17:33,151 [ebd8d1f9-8297-450f-abe7-393807ba0c7e@group-AB9BD0214365-LeaderElection2] INFO  server.RaftServerConfigKeys (ConfUtils.java:logGet(43)) - raft.server.write.element-limit = 4096 (default)
2019-10-15 17:17:33,151 [pool-62-thread-1] INFO  impl.RaftServerImpl (RaftServerImpl.java:<init>(104)) - dbc121b5-e1e8-4c61-9d50-542b699a3d90: new RaftServerImpl for group-6495590E20EC:[dbc121b5-e1e8-4c61-9d50-542b699a3d90:192.168.164.239:43140] with ContainerStateMachine:uninitialized
2019-10-15 17:17:33,151 [ebd8d1f9-8297-450f-abe7-393807ba0c7e@group-AB9BD0214365-LeaderElection2] INFO  server.RaftServerConfigKeys (ConfUtils.java:logGet(43)) - raft.server.watch.timeout = 10s (default)
2019-10-15 17:17:33,155 [pool-62-thread-1] INFO  server.RaftServerConfigKeys (ConfUtils.java:logGet(43)) - raft.server.rpc.timeout.min = 5s (custom)
2019-10-15 17:17:33,155 [ebd8d1f9-8297-450f-abe7-393807ba0c7e@group-AB9BD0214365-LeaderElection2] INFO  server.RaftServerConfigKeys (ConfUtils.java:logGet(43)) - raft.server.watch.timeout.denomination = 1s (default)
2019-10-15 17:17:33,155 [pool-62-thread-1] INFO  server.RaftServerConfigKeys (ConfUtils.java:logGet(43)) - raft.server.rpc.timeout.max = 5200ms (custom)
2019-10-15 17:17:33,155 [ebd8d1f9-8297-450f-abe7-393807ba0c7e@group-AB9BD0214365-LeaderElection2] INFO  server.RaftServerConfigKeys (ConfUtils.java:logGet(43)) - raft.server.watch.element-limit = 65536 (default)
2019-10-15 17:17:33,155 [pool-62-thread-1] INFO  server.RaftServerConfigKeys (ConfUtils.java:logGet(43)) - raft.server.rpcslowness.timeout = 120s (custom)
2019-10-15 17:17:33,156 [pool-62-thread-1] INFO  server.RaftServerConfigKeys (ConfUtils.java:logGet(43)) - raft.server.sleep.deviation.threshold = 300 (default)
2019-10-15 17:17:33,156 [pool-62-thread-1] INFO  server.RaftServerConfigKeys (ConfUtils.java:logGet(43)) - raft.server.log.appender.install.snapshot.enabled = false (custom)
2019-10-15 17:17:33,156 [pool-62-thread-1] INFO  impl.RaftServerImpl (ServerState.java:<init>(103)) - dbc121b5-e1e8-4c61-9d50-542b699a3d90@group-6495590E20EC: ConfigurationManager, init=-1: [dbc121b5-e1e8-4c61-9d50-542b699a3d90:192.168.164.239:43140], old=null, confs=<EMPTY_MAP>
2019-10-15 17:17:33,156 [pool-62-thread-1] INFO  server.RaftServerConfigKeys (ConfUtils.java:logGet(43)) - raft.server.storage.dir = [/workdir/hadoop-ozone/integration-test/target/test-dir/MiniOzoneClusterImpl-4fa34157-8494-46a2-a506-7f2258cc6eab/datanode-3/data/ratis] (custom)
2019-10-15 17:17:33,157 [pool-62-thread-1] INFO  server.RaftServerConfigKeys (ConfUtils.java:logGet(43)) - raft.server.log.corruption.policy = EXCEPTION (default)
2019-10-15 17:17:33,157 [pool-62-thread-1] INFO  storage.RaftStorageDirectory (RaftStorageDirectory.java:analyzeStorage(246)) - The storage directory /workdir/hadoop-ozone/integration-test/target/test-dir/MiniOzoneClusterImpl-4fa34157-8494-46a2-a506-7f2258cc6eab/datanode-3/data/ratis/ecef8faa-440b-4592-9258-6495590e20ec does not exist. Creating ...
2019-10-15 17:17:33,160 [ebd8d1f9-8297-450f-abe7-393807ba0c7e@group-AB9BD0214365-LeaderElection2] INFO  impl.RoleInfo (RoleInfo.java:updateAndGet(143)) - ebd8d1f9-8297-450f-abe7-393807ba0c7e: start LeaderState
2019-10-15 17:17:33,160 [ebd8d1f9-8297-450f-abe7-393807ba0c7e@group-AB9BD0214365-LeaderElection2] INFO  segmented.SegmentedRaftLogWorker (SegmentedRaftLogWorker.java:startLogSegment(385)) - ebd8d1f9-8297-450f-abe7-393807ba0c7e@group-AB9BD0214365-SegmentedRaftLogWorker: Starting segment from index:0
2019-10-15 17:17:33,161 [ebd8d1f9-8297-450f-abe7-393807ba0c7e@group-AB9BD0214365-LeaderElection2] INFO  impl.RaftServerImpl (ServerState.java:setRaftConf(357)) - ebd8d1f9-8297-450f-abe7-393807ba0c7e@group-AB9BD0214365: set configuration 0: [ebd8d1f9-8297-450f-abe7-393807ba0c7e:192.168.164.239:36510], old=null at 0
2019-10-15 17:17:33,193 [pool-62-thread-1] INFO  storage.RaftStorageDirectory (RaftStorageDirectory.java:tryLock(328)) - Lock on /workdir/hadoop-ozone/integration-test/target/test-dir/MiniOzoneClusterImpl-4fa34157-8494-46a2-a506-7f2258cc6eab/datanode-3/data/ratis/ecef8faa-440b-4592-9258-6495590e20ec/in_use.lock acquired by nodename 12003@pr-hdds-2302-bqc8v-2513969318
2019-10-15 17:17:33,223 [ebd8d1f9-8297-450f-abe7-393807ba0c7e@group-AB9BD0214365-SegmentedRaftLogWorker] INFO  segmented.SegmentedRaftLogWorker (SegmentedRaftLogWorker.java:execute(576)) - ebd8d1f9-8297-450f-abe7-393807ba0c7e@group-AB9BD0214365-SegmentedRaftLogWorker: created new log segment /workdir/hadoop-ozone/integration-test/target/test-dir/MiniOzoneClusterImpl-4fa34157-8494-46a2-a506-7f2258cc6eab/datanode-0/data/ratis/eb3e3d5f-7643-4e94-a180-ab9bd0214365/current/log_inprogress_0
2019-10-15 17:17:33,223 [pool-62-thread-1] INFO  storage.RaftStorage (RaftStorage.java:format(84)) - Storage directory /workdir/hadoop-ozone/integration-test/target/test-dir/MiniOzoneClusterImpl-4fa34157-8494-46a2-a506-7f2258cc6eab/datanode-3/data/ratis/ecef8faa-440b-4592-9258-6495590e20ec has been successfully formatted.
2019-10-15 17:17:33,224 [pool-62-thread-1] INFO  ratis.ContainerStateMachine (ContainerStateMachine.java:loadSnapshot(231)) - group-6495590E20EC: The snapshot info is null. Setting the last applied indexto:(t:0, i:~)
2019-10-15 17:17:33,225 [pool-62-thread-1] INFO  server.RaftServerConfigKeys (ConfUtils.java:logGet(43)) - raft.server.notification.no-leader.timeout = 120s (custom)
2019-10-15 17:17:33,225 [pool-62-thread-1] INFO  server.RaftServerConfigKeys (ConfUtils.java:logGet(43)) - raft.server.log.use.memory = false (default)
2019-10-15 17:17:33,226 [pool-62-thread-1] INFO  server.RaftServerConfigKeys (ConfUtils.java:logGet(43)) - raft.server.log.purge.gap = 1000000 (custom)
2019-10-15 17:17:33,226 [pool-62-thread-1] INFO  server.RaftServerConfigKeys (ConfUtils.java:logGet(43)) - raft.server.log.appender.buffer.byte-limit = 33554432 (custom)
2019-10-15 17:17:33,226 [pool-62-thread-1] INFO  server.RaftServerConfigKeys (ConfUtils.java:logGet(43)) - raft.server.log.segment.size.max = 1048576 (custom)
2019-10-15 17:17:33,231 [pool-62-thread-1] INFO  server.RaftServerConfigKeys (ConfUtils.java:logGet(43)) - raft.server.log.segment.cache.num.max = 2 (custom)
2019-10-15 17:17:33,231 [pool-62-thread-1] INFO  segmented.SegmentedRaftLogWorker (SegmentedRaftLogWorker.java:<init>(173)) - new dbc121b5-e1e8-4c61-9d50-542b699a3d90@group-6495590E20EC-SegmentedRaftLogWorker for RaftStorage:Storage Directory /workdir/hadoop-ozone/integration-test/target/test-dir/MiniOzoneClusterImpl-4fa34157-8494-46a2-a506-7f2258cc6eab/datanode-3/data/ratis/ecef8faa-440b-4592-9258-6495590e20ec
2019-10-15 17:17:33,231 [pool-62-thread-1] INFO  server.RaftServerConfigKeys (ConfUtils.java:logGet(43)) - raft.server.log.queue.byte-limit = 2147483647 (custom)
2019-10-15 17:17:33,231 [pool-62-thread-1] INFO  server.RaftServerConfigKeys (ConfUtils.java:logGet(43)) - raft.server.log.queue.element-limit = 1024 (custom)
2019-10-15 17:17:33,232 [pool-62-thread-1] INFO  server.RaftServerConfigKeys (ConfUtils.java:logGet(43)) - raft.server.log.segment.size.max = 1048576 (custom)
2019-10-15 17:17:33,232 [pool-62-thread-1] INFO  server.RaftServerConfigKeys (ConfUtils.java:logGet(43)) - raft.server.log.preallocated.size = 16384 (custom)
2019-10-15 17:17:33,232 [pool-62-thread-1] INFO  server.RaftServerConfigKeys (ConfUtils.java:logGet(43)) - raft.server.log.write.buffer.size = 33554432 (custom)
2019-10-15 17:17:33,232 [pool-62-thread-1] INFO  server.RaftServerConfigKeys (ConfUtils.java:logGet(43)) - raft.server.log.force.sync.num = 128 (default)
2019-10-15 17:17:33,233 [pool-62-thread-1] INFO  server.RaftServerConfigKeys (ConfUtils.java:logGet(43)) - raft.server.log.statemachine.data.sync = true (default)
2019-10-15 17:17:33,233 [pool-62-thread-1] INFO  server.RaftServerConfigKeys (ConfUtils.java:logGet(43)) - raft.server.log.statemachine.data.sync.timeout = 10s (default)
2019-10-15 17:17:33,233 [pool-62-thread-1] INFO  server.RaftServerConfigKeys (ConfUtils.java:logGet(43)) - raft.server.log.statemachine.data.sync.timeout.retry = -1 (default)
2019-10-15 17:17:33,234 [pool-62-thread-1] INFO  server.RaftServerConfigKeys (ConfUtils.java:logGet(43)) - raft.server.log.statemachine.data.caching.enabled = true (custom)
2019-10-15 17:17:33,234 [pool-62-thread-1] INFO  segmented.SegmentedRaftLogWorker (SegmentedRaftLogWorker.java:lambda$new$0(128)) - dbc121b5-e1e8-4c61-9d50-542b699a3d90@group-6495590E20EC-SegmentedRaftLogWorker: flushIndex: setUnconditionally 0 -> -1
2019-10-15 17:17:33,235 [pool-62-thread-1] INFO  server.RaftServerConfigKeys (ConfUtils.java:logGet(43)) - raft.server.snapshot.auto.trigger.enabled = true (custom)
2019-10-15 17:17:33,235 [pool-62-thread-1] INFO  server.RaftServerConfigKeys (ConfUtils.java:logGet(43)) - raft.server.snapshot.auto.trigger.threshold = 10000 (custom)
2019-10-15 17:17:33,235 [pool-62-thread-1] INFO  server.RaftServerConfigKeys (ConfUtils.java:logGet(43)) - raft.server.snapshot.retention.file.num = 5 (custom)
2019-10-15 17:17:33,236 [pool-62-thread-1] INFO  server.RaftServerConfigKeys (ConfUtils.java:logGet(43)) - raft.server.retrycache.expirytime = 600000ms (custom)
2019-10-15 17:17:33,243 [pool-62-thread-1] INFO  impl.RaftServerImpl (RaftServerImpl.java:start(195)) - dbc121b5-e1e8-4c61-9d50-542b699a3d90@group-6495590E20EC: start as a follower, conf=-1: [dbc121b5-e1e8-4c61-9d50-542b699a3d90:192.168.164.239:43140], old=null
2019-10-15 17:17:33,244 [pool-62-thread-1] INFO  impl.RaftServerImpl (RaftServerImpl.java:setRole(184)) - dbc121b5-e1e8-4c61-9d50-542b699a3d90@group-6495590E20EC: changes role from      null to FOLLOWER at term 0 for startAsFollower
2019-10-15 17:17:33,244 [pool-62-thread-1] INFO  impl.RoleInfo (RoleInfo.java:updateAndGet(143)) - dbc121b5-e1e8-4c61-9d50-542b699a3d90: start FollowerState
2019-10-15 17:17:33,245 [pool-62-thread-1] INFO  util.JmxRegister (JmxRegister.java:tryRegister(44)) - Successfully registered JMX Bean with object name Ratis:service=RaftServer,group=group-6495590E20EC,id=dbc121b5-e1e8-4c61-9d50-542b699a3d90
2019-10-15 17:17:33,261 [RatisPipelineUtilsThread] INFO  pipeline.PipelineStateManager (PipelineStateManager.java:addPipeline(56)) - Created pipeline Pipeline[ Id: ecef8faa-440b-4592-9258-6495590e20ec, Nodes: dbc121b5-e1e8-4c61-9d50-542b699a3d90{ip: 192.168.164.239, host: pr-hdds-2302-bqc8v-2513969318, networkLocation: /rack1, certSerialId: null}, Type:RATIS, Factor:ONE, State:OPEN]
2019-10-15 17:17:33,284 [grpc-default-executor-0] INFO  impl.RaftServerProxy (RaftServerProxy.java:addNew(89)) - 79abbc2e-0a90-4a41-a17c-6388bb873359: addNew group-896C59C76A40:[79abbc2e-0a90-4a41-a17c-6388bb873359:192.168.164.239:37857] returns group-896C59C76A40:java.util.concurrent.CompletableFuture@38e64ffb[Not completed]
2019-10-15 17:17:33,286 [pool-42-thread-1] INFO  impl.RaftServerImpl (RaftServerImpl.java:<init>(104)) - 79abbc2e-0a90-4a41-a17c-6388bb873359: new RaftServerImpl for group-896C59C76A40:[79abbc2e-0a90-4a41-a17c-6388bb873359:192.168.164.239:37857] with ContainerStateMachine:uninitialized
2019-10-15 17:17:33,287 [pool-42-thread-1] INFO  server.RaftServerConfigKeys (ConfUtils.java:logGet(43)) - raft.server.rpc.timeout.min = 5s (custom)
2019-10-15 17:17:33,287 [pool-42-thread-1] INFO  server.RaftServerConfigKeys (ConfUtils.java:logGet(43)) - raft.server.rpc.timeout.max = 5200ms (custom)
2019-10-15 17:17:33,287 [pool-42-thread-1] INFO  server.RaftServerConfigKeys (ConfUtils.java:logGet(43)) - raft.server.rpcslowness.timeout = 120s (custom)
2019-10-15 17:17:33,287 [pool-42-thread-1] INFO  server.RaftServerConfigKeys (ConfUtils.java:logGet(43)) - raft.server.sleep.deviation.threshold = 300 (default)
2019-10-15 17:17:33,287 [pool-42-thread-1] INFO  server.RaftServerConfigKeys (ConfUtils.java:logGet(43)) - raft.server.log.appender.install.snapshot.enabled = false (custom)
2019-10-15 17:17:33,288 [pool-42-thread-1] INFO  impl.RaftServerImpl (ServerState.java:<init>(103)) - 79abbc2e-0a90-4a41-a17c-6388bb873359@group-896C59C76A40: ConfigurationManager, init=-1: [79abbc2e-0a90-4a41-a17c-6388bb873359:192.168.164.239:37857], old=null, confs=<EMPTY_MAP>
2019-10-15 17:17:33,288 [pool-42-thread-1] INFO  server.RaftServerConfigKeys (ConfUtils.java:logGet(43)) - raft.server.storage.dir = [/workdir/hadoop-ozone/integration-test/target/test-dir/MiniOzoneClusterImpl-4fa34157-8494-46a2-a506-7f2258cc6eab/datanode-1/data/ratis] (custom)
2019-10-15 17:17:33,289 [pool-42-thread-1] INFO  server.RaftServerConfigKeys (ConfUtils.java:logGet(43)) - raft.server.log.corruption.policy = EXCEPTION (default)
2019-10-15 17:17:33,289 [pool-42-thread-1] INFO  storage.RaftStorageDirectory (RaftStorageDirectory.java:analyzeStorage(246)) - The storage directory /workdir/hadoop-ozone/integration-test/target/test-dir/MiniOzoneClusterImpl-4fa34157-8494-46a2-a506-7f2258cc6eab/datanode-1/data/ratis/f829f8e1-b804-41d0-97d4-896c59c76a40 does not exist. Creating ...
2019-10-15 17:17:33,314 [Thread-206] INFO  impl.FollowerState (FollowerState.java:run(108)) - dbc121b5-e1e8-4c61-9d50-542b699a3d90@group-6495590E20EC-FollowerState: change to CANDIDATE, lastRpcTime:69ms, electionTimeout:69ms
2019-10-15 17:17:33,314 [Thread-206] INFO  impl.RoleInfo (RoleInfo.java:shutdownFollowerState(121)) - dbc121b5-e1e8-4c61-9d50-542b699a3d90: shutdown FollowerState
2019-10-15 17:17:33,314 [Thread-206] INFO  impl.RaftServerImpl (RaftServerImpl.java:setRole(184)) - dbc121b5-e1e8-4c61-9d50-542b699a3d90@group-6495590E20EC: changes role from  FOLLOWER to CANDIDATE at term 0 for changeToCandidate
2019-10-15 17:17:33,315 [Thread-206] INFO  impl.RoleInfo (RoleInfo.java:updateAndGet(143)) - dbc121b5-e1e8-4c61-9d50-542b699a3d90: start LeaderElection
2019-10-15 17:17:33,340 [pool-42-thread-1] INFO  storage.RaftStorageDirectory (RaftStorageDirectory.java:tryLock(328)) - Lock on /workdir/hadoop-ozone/integration-test/target/test-dir/MiniOzoneClusterImpl-4fa34157-8494-46a2-a506-7f2258cc6eab/datanode-1/data/ratis/f829f8e1-b804-41d0-97d4-896c59c76a40/in_use.lock acquired by nodename 12003@pr-hdds-2302-bqc8v-2513969318
2019-10-15 17:17:33,357 [pool-42-thread-1] INFO  storage.RaftStorage (RaftStorage.java:format(84)) - Storage directory /workdir/hadoop-ozone/integration-test/target/test-dir/MiniOzoneClusterImpl-4fa34157-8494-46a2-a506-7f2258cc6eab/datanode-1/data/ratis/f829f8e1-b804-41d0-97d4-896c59c76a40 has been successfully formatted.
2019-10-15 17:17:33,357 [dbc121b5-e1e8-4c61-9d50-542b699a3d90@group-6495590E20EC-LeaderElection3] INFO  impl.LeaderElection (LeaderElection.java:askForVotes(178)) - dbc121b5-e1e8-4c61-9d50-542b699a3d90@group-6495590E20EC-LeaderElection3: begin an election at term 1 for -1: [dbc121b5-e1e8-4c61-9d50-542b699a3d90:192.168.164.239:43140], old=null
2019-10-15 17:17:33,358 [pool-42-thread-1] INFO  ratis.ContainerStateMachine (ContainerStateMachine.java:loadSnapshot(231)) - group-896C59C76A40: The snapshot info is null. Setting the last applied indexto:(t:0, i:~)
2019-10-15 17:17:33,358 [dbc121b5-e1e8-4c61-9d50-542b699a3d90@group-6495590E20EC-LeaderElection3] INFO  impl.RoleInfo (RoleInfo.java:shutdownLeaderElection(134)) - dbc121b5-e1e8-4c61-9d50-542b699a3d90: shutdown LeaderElection
2019-10-15 17:17:33,358 [pool-42-thread-1] INFO  server.RaftServerConfigKeys (ConfUtils.java:logGet(43)) - raft.server.notification.no-leader.timeout = 120s (custom)
2019-10-15 17:17:33,358 [dbc121b5-e1e8-4c61-9d50-542b699a3d90@group-6495590E20EC-LeaderElection3] INFO  impl.RaftServerImpl (RaftServerImpl.java:setRole(184)) - dbc121b5-e1e8-4c61-9d50-542b699a3d90@group-6495590E20EC: changes role from CANDIDATE to LEADER at term 1 for changeToLeader
2019-10-15 17:17:33,358 [pool-42-thread-1] INFO  server.RaftServerConfigKeys (ConfUtils.java:logGet(43)) - raft.server.log.use.memory = false (default)
2019-10-15 17:17:33,358 [dbc121b5-e1e8-4c61-9d50-542b699a3d90@group-6495590E20EC-LeaderElection3] INFO  impl.RaftServerImpl (ServerState.java:setLeader(256)) - dbc121b5-e1e8-4c61-9d50-542b699a3d90@group-6495590E20EC: change Leader from null to dbc121b5-e1e8-4c61-9d50-542b699a3d90 at term 1 for becomeLeader, leader elected after 133ms
2019-10-15 17:17:33,358 [pool-42-thread-1] INFO  server.RaftServerConfigKeys (ConfUtils.java:logGet(43)) - raft.server.log.purge.gap = 1000000 (custom)
2019-10-15 17:17:33,359 [dbc121b5-e1e8-4c61-9d50-542b699a3d90@group-6495590E20EC-LeaderElection3] INFO  server.RaftServerConfigKeys (ConfUtils.java:logGet(43)) - raft.server.staging.catchup.gap = 1000 (default)
2019-10-15 17:17:33,359 [pool-42-thread-1] INFO  server.RaftServerConfigKeys (ConfUtils.java:logGet(43)) - raft.server.log.appender.buffer.byte-limit = 33554432 (custom)
2019-10-15 17:17:33,360 [dbc121b5-e1e8-4c61-9d50-542b699a3d90@group-6495590E20EC-LeaderElection3] INFO  server.RaftServerConfigKeys (ConfUtils.java:logGet(43)) - raft.server.rpc.sleep.time = 25ms (default)
2019-10-15 17:17:33,360 [pool-42-thread-1] INFO  server.RaftServerConfigKeys (ConfUtils.java:logGet(43)) - raft.server.log.segment.size.max = 1048576 (custom)
2019-10-15 17:17:33,360 [dbc121b5-e1e8-4c61-9d50-542b699a3d90@group-6495590E20EC-LeaderElection3] INFO  server.RaftServerConfigKeys (ConfUtils.java:logGet(43)) - raft.server.write.element-limit = 4096 (default)
2019-10-15 17:17:33,360 [dbc121b5-e1e8-4c61-9d50-542b699a3d90@group-6495590E20EC-LeaderElection3] INFO  server.RaftServerConfigKeys (ConfUtils.java:logGet(43)) - raft.server.watch.timeout = 10s (default)
2019-10-15 17:17:33,361 [dbc121b5-e1e8-4c61-9d50-542b699a3d90@group-6495590E20EC-LeaderElection3] INFO  server.RaftServerConfigKeys (ConfUtils.java:logGet(43)) - raft.server.watch.timeout.denomination = 1s (default)
2019-10-15 17:17:33,361 [dbc121b5-e1e8-4c61-9d50-542b699a3d90@group-6495590E20EC-LeaderElection3] INFO  server.RaftServerConfigKeys (ConfUtils.java:logGet(43)) - raft.server.watch.element-limit = 65536 (default)
2019-10-15 17:17:33,364 [pool-42-thread-1] INFO  server.RaftServerConfigKeys (ConfUtils.java:logGet(43)) - raft.server.log.segment.cache.num.max = 2 (custom)
2019-10-15 17:17:33,364 [pool-42-thread-1] INFO  segmented.SegmentedRaftLogWorker (SegmentedRaftLogWorker.java:<init>(173)) - new 79abbc2e-0a90-4a41-a17c-6388bb873359@group-896C59C76A40-SegmentedRaftLogWorker for RaftStorage:Storage Directory /workdir/hadoop-ozone/integration-test/target/test-dir/MiniOzoneClusterImpl-4fa34157-8494-46a2-a506-7f2258cc6eab/datanode-1/data/ratis/f829f8e1-b804-41d0-97d4-896c59c76a40
2019-10-15 17:17:33,364 [pool-42-thread-1] INFO  server.RaftServerConfigKeys (ConfUtils.java:logGet(43)) - raft.server.log.queue.byte-limit = 2147483647 (custom)
2019-10-15 17:17:33,364 [pool-42-thread-1] INFO  server.RaftServerConfigKeys (ConfUtils.java:logGet(43)) - raft.server.log.queue.element-limit = 1024 (custom)
2019-10-15 17:17:33,365 [pool-42-thread-1] INFO  server.RaftServerConfigKeys (ConfUtils.java:logGet(43)) - raft.server.log.segment.size.max = 1048576 (custom)
2019-10-15 17:17:33,365 [dbc121b5-e1e8-4c61-9d50-542b699a3d90@group-6495590E20EC-LeaderElection3] INFO  impl.RoleInfo (RoleInfo.java:updateAndGet(143)) - dbc121b5-e1e8-4c61-9d50-542b699a3d90: start LeaderState
2019-10-15 17:17:33,365 [pool-42-thread-1] INFO  server.RaftServerConfigKeys (ConfUtils.java:logGet(43)) - raft.server.log.preallocated.size = 16384 (custom)
2019-10-15 17:17:33,365 [pool-42-thread-1] INFO  server.RaftServerConfigKeys (ConfUtils.java:logGet(43)) - raft.server.log.write.buffer.size = 33554432 (custom)
2019-10-15 17:17:33,365 [dbc121b5-e1e8-4c61-9d50-542b699a3d90@group-6495590E20EC-LeaderElection3] INFO  segmented.SegmentedRaftLogWorker (SegmentedRaftLogWorker.java:startLogSegment(385)) - dbc121b5-e1e8-4c61-9d50-542b699a3d90@group-6495590E20EC-SegmentedRaftLogWorker: Starting segment from index:0
2019-10-15 17:17:33,365 [pool-42-thread-1] INFO  server.RaftServerConfigKeys (ConfUtils.java:logGet(43)) - raft.server.log.force.sync.num = 128 (default)
2019-10-15 17:17:33,366 [pool-42-thread-1] INFO  server.RaftServerConfigKeys (ConfUtils.java:logGet(43)) - raft.server.log.statemachine.data.sync = true (default)
2019-10-15 17:17:33,366 [pool-42-thread-1] INFO  server.RaftServerConfigKeys (ConfUtils.java:logGet(43)) - raft.server.log.statemachine.data.sync.timeout = 10s (default)
2019-10-15 17:17:33,366 [pool-42-thread-1] INFO  server.RaftServerConfigKeys (ConfUtils.java:logGet(43)) - raft.server.log.statemachine.data.sync.timeout.retry = -1 (default)
2019-10-15 17:17:33,366 [dbc121b5-e1e8-4c61-9d50-542b699a3d90@group-6495590E20EC-LeaderElection3] INFO  impl.RaftServerImpl (ServerState.java:setRaftConf(357)) - dbc121b5-e1e8-4c61-9d50-542b699a3d90@group-6495590E20EC: set configuration 0: [dbc121b5-e1e8-4c61-9d50-542b699a3d90:192.168.164.239:43140], old=null at 0
2019-10-15 17:17:33,393 [pool-42-thread-1] INFO  server.RaftServerConfigKeys (ConfUtils.java:logGet(43)) - raft.server.log.statemachine.data.caching.enabled = true (custom)
2019-10-15 17:17:33,394 [pool-42-thread-1] INFO  segmented.SegmentedRaftLogWorker (SegmentedRaftLogWorker.java:lambda$new$0(128)) - 79abbc2e-0a90-4a41-a17c-6388bb873359@group-896C59C76A40-SegmentedRaftLogWorker: flushIndex: setUnconditionally 0 -> -1
2019-10-15 17:17:33,395 [pool-42-thread-1] INFO  server.RaftServerConfigKeys (ConfUtils.java:logGet(43)) - raft.server.snapshot.auto.trigger.enabled = true (custom)
2019-10-15 17:17:33,395 [pool-42-thread-1] INFO  server.RaftServerConfigKeys (ConfUtils.java:logGet(43)) - raft.server.snapshot.auto.trigger.threshold = 10000 (custom)
2019-10-15 17:17:33,395 [pool-42-thread-1] INFO  server.RaftServerConfigKeys (ConfUtils.java:logGet(43)) - raft.server.snapshot.retention.file.num = 5 (custom)
2019-10-15 17:17:33,396 [pool-42-thread-1] INFO  server.RaftServerConfigKeys (ConfUtils.java:logGet(43)) - raft.server.retrycache.expirytime = 600000ms (custom)
2019-10-15 17:17:33,403 [pool-42-thread-1] INFO  impl.RaftServerImpl (RaftServerImpl.java:start(195)) - 79abbc2e-0a90-4a41-a17c-6388bb873359@group-896C59C76A40: start as a follower, conf=-1: [79abbc2e-0a90-4a41-a17c-6388bb873359:192.168.164.239:37857], old=null
2019-10-15 17:17:33,403 [pool-42-thread-1] INFO  impl.RaftServerImpl (RaftServerImpl.java:setRole(184)) - 79abbc2e-0a90-4a41-a17c-6388bb873359@group-896C59C76A40: changes role from      null to FOLLOWER at term 0 for startAsFollower
2019-10-15 17:17:33,403 [pool-42-thread-1] INFO  impl.RoleInfo (RoleInfo.java:updateAndGet(143)) - 79abbc2e-0a90-4a41-a17c-6388bb873359: start FollowerState
2019-10-15 17:17:33,404 [pool-42-thread-1] INFO  util.JmxRegister (JmxRegister.java:tryRegister(44)) - Successfully registered JMX Bean with object name Ratis:service=RaftServer,group=group-896C59C76A40,id=79abbc2e-0a90-4a41-a17c-6388bb873359
2019-10-15 17:17:33,416 [dbc121b5-e1e8-4c61-9d50-542b699a3d90@group-6495590E20EC-SegmentedRaftLogWorker] INFO  segmented.SegmentedRaftLogWorker (SegmentedRaftLogWorker.java:execute(576)) - dbc121b5-e1e8-4c61-9d50-542b699a3d90@group-6495590E20EC-SegmentedRaftLogWorker: created new log segment /workdir/hadoop-ozone/integration-test/target/test-dir/MiniOzoneClusterImpl-4fa34157-8494-46a2-a506-7f2258cc6eab/datanode-3/data/ratis/ecef8faa-440b-4592-9258-6495590e20ec/current/log_inprogress_0
2019-10-15 17:17:33,418 [RatisPipelineUtilsThread] INFO  pipeline.PipelineStateManager (PipelineStateManager.java:addPipeline(56)) - Created pipeline Pipeline[ Id: f829f8e1-b804-41d0-97d4-896c59c76a40, Nodes: 79abbc2e-0a90-4a41-a17c-6388bb873359{ip: 192.168.164.239, host: pr-hdds-2302-bqc8v-2513969318, networkLocation: /rack1, certSerialId: null}, Type:RATIS, Factor:ONE, State:OPEN]
2019-10-15 17:17:33,434 [grpc-default-executor-0] INFO  impl.RaftServerProxy (RaftServerProxy.java:addNew(89)) - e0635a91-29e0-4e97-b998-fafeaa1ac257: addNew group-D0DE759C5A3D:[e0635a91-29e0-4e97-b998-fafeaa1ac257:192.168.164.239:44850] returns group-D0DE759C5A3D:java.util.concurrent.CompletableFuture@1eb0be2b[Not completed]
2019-10-15 17:17:33,435 [pool-52-thread-1] INFO  impl.RaftServerImpl (RaftServerImpl.java:<init>(104)) - e0635a91-29e0-4e97-b998-fafeaa1ac257: new RaftServerImpl for group-D0DE759C5A3D:[e0635a91-29e0-4e97-b998-fafeaa1ac257:192.168.164.239:44850] with ContainerStateMachine:uninitialized
2019-10-15 17:17:33,436 [pool-52-thread-1] INFO  server.RaftServerConfigKeys (ConfUtils.java:logGet(43)) - raft.server.rpc.timeout.min = 5s (custom)
2019-10-15 17:17:33,436 [pool-52-thread-1] INFO  server.RaftServerConfigKeys (ConfUtils.java:logGet(43)) - raft.server.rpc.timeout.max = 5200ms (custom)
2019-10-15 17:17:33,436 [pool-52-thread-1] INFO  server.RaftServerConfigKeys (ConfUtils.java:logGet(43)) - raft.server.rpcslowness.timeout = 120s (custom)
2019-10-15 17:17:33,436 [pool-52-thread-1] INFO  server.RaftServerConfigKeys (ConfUtils.java:logGet(43)) - raft.server.sleep.deviation.threshold = 300 (default)
2019-10-15 17:17:33,436 [pool-52-thread-1] INFO  server.RaftServerConfigKeys (ConfUtils.java:logGet(43)) - raft.server.log.appender.install.snapshot.enabled = false (custom)
2019-10-15 17:17:33,436 [pool-52-thread-1] INFO  impl.RaftServerImpl (ServerState.java:<init>(103)) - e0635a91-29e0-4e97-b998-fafeaa1ac257@group-D0DE759C5A3D: ConfigurationManager, init=-1: [e0635a91-29e0-4e97-b998-fafeaa1ac257:192.168.164.239:44850], old=null, confs=<EMPTY_MAP>
2019-10-15 17:17:33,436 [pool-52-thread-1] INFO  server.RaftServerConfigKeys (ConfUtils.java:logGet(43)) - raft.server.storage.dir = [/workdir/hadoop-ozone/integration-test/target/test-dir/MiniOzoneClusterImpl-4fa34157-8494-46a2-a506-7f2258cc6eab/datanode-2/data/ratis] (custom)
2019-10-15 17:17:33,437 [pool-52-thread-1] INFO  server.RaftServerConfigKeys (ConfUtils.java:logGet(43)) - raft.server.log.corruption.policy = EXCEPTION (default)
2019-10-15 17:17:33,437 [pool-52-thread-1] INFO  storage.RaftStorageDirectory (RaftStorageDirectory.java:analyzeStorage(246)) - The storage directory /workdir/hadoop-ozone/integration-test/target/test-dir/MiniOzoneClusterImpl-4fa34157-8494-46a2-a506-7f2258cc6eab/datanode-2/data/ratis/e1d03890-4f41-427b-bb3e-d0de759c5a3d does not exist. Creating ...
2019-10-15 17:17:33,466 [pool-52-thread-1] INFO  storage.RaftStorageDirectory (RaftStorageDirectory.java:tryLock(328)) - Lock on /workdir/hadoop-ozone/integration-test/target/test-dir/MiniOzoneClusterImpl-4fa34157-8494-46a2-a506-7f2258cc6eab/datanode-2/data/ratis/e1d03890-4f41-427b-bb3e-d0de759c5a3d/in_use.lock acquired by nodename 12003@pr-hdds-2302-bqc8v-2513969318
2019-10-15 17:17:33,491 [pool-52-thread-1] INFO  storage.RaftStorage (RaftStorage.java:format(84)) - Storage directory /workdir/hadoop-ozone/integration-test/target/test-dir/MiniOzoneClusterImpl-4fa34157-8494-46a2-a506-7f2258cc6eab/datanode-2/data/ratis/e1d03890-4f41-427b-bb3e-d0de759c5a3d has been successfully formatted.
2019-10-15 17:17:33,492 [pool-52-thread-1] INFO  ratis.ContainerStateMachine (ContainerStateMachine.java:loadSnapshot(231)) - group-D0DE759C5A3D: The snapshot info is null. Setting the last applied indexto:(t:0, i:~)
2019-10-15 17:17:33,492 [pool-52-thread-1] INFO  server.RaftServerConfigKeys (ConfUtils.java:logGet(43)) - raft.server.notification.no-leader.timeout = 120s (custom)
2019-10-15 17:17:33,492 [pool-52-thread-1] INFO  server.RaftServerConfigKeys (ConfUtils.java:logGet(43)) - raft.server.log.use.memory = false (default)
2019-10-15 17:17:33,492 [pool-52-thread-1] INFO  server.RaftServerConfigKeys (ConfUtils.java:logGet(43)) - raft.server.log.purge.gap = 1000000 (custom)
2019-10-15 17:17:33,492 [pool-52-thread-1] INFO  server.RaftServerConfigKeys (ConfUtils.java:logGet(43)) - raft.server.log.appender.buffer.byte-limit = 33554432 (custom)
2019-10-15 17:17:33,492 [pool-52-thread-1] INFO  server.RaftServerConfigKeys (ConfUtils.java:logGet(43)) - raft.server.log.segment.size.max = 1048576 (custom)
2019-10-15 17:17:33,495 [pool-52-thread-1] INFO  server.RaftServerConfigKeys (ConfUtils.java:logGet(43)) - raft.server.log.segment.cache.num.max = 2 (custom)
2019-10-15 17:17:33,495 [pool-52-thread-1] INFO  segmented.SegmentedRaftLogWorker (SegmentedRaftLogWorker.java:<init>(173)) - new e0635a91-29e0-4e97-b998-fafeaa1ac257@group-D0DE759C5A3D-SegmentedRaftLogWorker for RaftStorage:Storage Directory /workdir/hadoop-ozone/integration-test/target/test-dir/MiniOzoneClusterImpl-4fa34157-8494-46a2-a506-7f2258cc6eab/datanode-2/data/ratis/e1d03890-4f41-427b-bb3e-d0de759c5a3d
2019-10-15 17:17:33,495 [pool-52-thread-1] INFO  server.RaftServerConfigKeys (ConfUtils.java:logGet(43)) - raft.server.log.queue.byte-limit = 2147483647 (custom)
2019-10-15 17:17:33,495 [pool-52-thread-1] INFO  server.RaftServerConfigKeys (ConfUtils.java:logGet(43)) - raft.server.log.queue.element-limit = 1024 (custom)
2019-10-15 17:17:33,495 [pool-52-thread-1] INFO  server.RaftServerConfigKeys (ConfUtils.java:logGet(43)) - raft.server.log.segment.size.max = 1048576 (custom)
2019-10-15 17:17:33,496 [pool-52-thread-1] INFO  server.RaftServerConfigKeys (ConfUtils.java:logGet(43)) - raft.server.log.preallocated.size = 16384 (custom)
2019-10-15 17:17:33,496 [pool-52-thread-1] INFO  server.RaftServerConfigKeys (ConfUtils.java:logGet(43)) - raft.server.log.write.buffer.size = 33554432 (custom)
2019-10-15 17:17:33,496 [pool-52-thread-1] INFO  server.RaftServerConfigKeys (ConfUtils.java:logGet(43)) - raft.server.log.force.sync.num = 128 (default)
2019-10-15 17:17:33,496 [pool-52-thread-1] INFO  server.RaftServerConfigKeys (ConfUtils.java:logGet(43)) - raft.server.log.statemachine.data.sync = true (default)
2019-10-15 17:17:33,496 [pool-52-thread-1] INFO  server.RaftServerConfigKeys (ConfUtils.java:logGet(43)) - raft.server.log.statemachine.data.sync.timeout = 10s (default)
2019-10-15 17:17:33,496 [pool-52-thread-1] INFO  server.RaftServerConfigKeys (ConfUtils.java:logGet(43)) - raft.server.log.statemachine.data.sync.timeout.retry = -1 (default)
2019-10-15 17:17:33,497 [pool-52-thread-1] INFO  server.RaftServerConfigKeys (ConfUtils.java:logGet(43)) - raft.server.log.statemachine.data.caching.enabled = true (custom)
2019-10-15 17:17:33,497 [pool-52-thread-1] INFO  segmented.SegmentedRaftLogWorker (SegmentedRaftLogWorker.java:lambda$new$0(128)) - e0635a91-29e0-4e97-b998-fafeaa1ac257@group-D0DE759C5A3D-SegmentedRaftLogWorker: flushIndex: setUnconditionally 0 -> -1
2019-10-15 17:17:33,498 [pool-52-thread-1] INFO  server.RaftServerConfigKeys (ConfUtils.java:logGet(43)) - raft.server.snapshot.auto.trigger.enabled = true (custom)
2019-10-15 17:17:33,498 [pool-52-thread-1] INFO  server.RaftServerConfigKeys (ConfUtils.java:logGet(43)) - raft.server.snapshot.auto.trigger.threshold = 10000 (custom)
2019-10-15 17:17:33,498 [pool-52-thread-1] INFO  server.RaftServerConfigKeys (ConfUtils.java:logGet(43)) - raft.server.snapshot.retention.file.num = 5 (custom)
2019-10-15 17:17:33,498 [pool-52-thread-1] INFO  server.RaftServerConfigKeys (ConfUtils.java:logGet(43)) - raft.server.retrycache.expirytime = 600000ms (custom)
2019-10-15 17:17:33,503 [pool-52-thread-1] INFO  impl.RaftServerImpl (RaftServerImpl.java:start(195)) - e0635a91-29e0-4e97-b998-fafeaa1ac257@group-D0DE759C5A3D: start as a follower, conf=-1: [e0635a91-29e0-4e97-b998-fafeaa1ac257:192.168.164.239:44850], old=null
2019-10-15 17:17:33,503 [pool-52-thread-1] INFO  impl.RaftServerImpl (RaftServerImpl.java:setRole(184)) - e0635a91-29e0-4e97-b998-fafeaa1ac257@group-D0DE759C5A3D: changes role from      null to FOLLOWER at term 0 for startAsFollower
2019-10-15 17:17:33,503 [pool-52-thread-1] INFO  impl.RoleInfo (RoleInfo.java:updateAndGet(143)) - e0635a91-29e0-4e97-b998-fafeaa1ac257: start FollowerState
2019-10-15 17:17:33,503 [Thread-211] INFO  impl.FollowerState (FollowerState.java:run(108)) - 79abbc2e-0a90-4a41-a17c-6388bb873359@group-896C59C76A40-FollowerState: change to CANDIDATE, lastRpcTime:99ms, electionTimeout:99ms
2019-10-15 17:17:33,503 [Thread-211] INFO  impl.RoleInfo (RoleInfo.java:shutdownFollowerState(121)) - 79abbc2e-0a90-4a41-a17c-6388bb873359: shutdown FollowerState
2019-10-15 17:17:33,503 [pool-52-thread-1] INFO  util.JmxRegister (JmxRegister.java:tryRegister(44)) - Successfully registered JMX Bean with object name Ratis:service=RaftServer,group=group-D0DE759C5A3D,id=e0635a91-29e0-4e97-b998-fafeaa1ac257
2019-10-15 17:17:33,504 [Thread-211] INFO  impl.RaftServerImpl (RaftServerImpl.java:setRole(184)) - 79abbc2e-0a90-4a41-a17c-6388bb873359@group-896C59C76A40: changes role from  FOLLOWER to CANDIDATE at term 0 for changeToCandidate
2019-10-15 17:17:33,504 [Thread-211] INFO  impl.RoleInfo (RoleInfo.java:updateAndGet(143)) - 79abbc2e-0a90-4a41-a17c-6388bb873359: start LeaderElection
2019-10-15 17:17:33,519 [RatisPipelineUtilsThread] INFO  pipeline.PipelineStateManager (PipelineStateManager.java:addPipeline(56)) - Created pipeline Pipeline[ Id: e1d03890-4f41-427b-bb3e-d0de759c5a3d, Nodes: e0635a91-29e0-4e97-b998-fafeaa1ac257{ip: 192.168.164.239, host: pr-hdds-2302-bqc8v-2513969318, networkLocation: /rack1, certSerialId: null}, Type:RATIS, Factor:ONE, State:OPEN]
2019-10-15 17:17:33,535 [79abbc2e-0a90-4a41-a17c-6388bb873359@group-896C59C76A40-LeaderElection4] INFO  impl.LeaderElection (LeaderElection.java:askForVotes(178)) - 79abbc2e-0a90-4a41-a17c-6388bb873359@group-896C59C76A40-LeaderElection4: begin an election at term 1 for -1: [79abbc2e-0a90-4a41-a17c-6388bb873359:192.168.164.239:37857], old=null
2019-10-15 17:17:33,540 [79abbc2e-0a90-4a41-a17c-6388bb873359@group-896C59C76A40-LeaderElection4] INFO  impl.RoleInfo (RoleInfo.java:shutdownLeaderElection(134)) - 79abbc2e-0a90-4a41-a17c-6388bb873359: shutdown LeaderElection
2019-10-15 17:17:33,541 [79abbc2e-0a90-4a41-a17c-6388bb873359@group-896C59C76A40-LeaderElection4] INFO  impl.RaftServerImpl (RaftServerImpl.java:setRole(184)) - 79abbc2e-0a90-4a41-a17c-6388bb873359@group-896C59C76A40: changes role from CANDIDATE to LEADER at term 1 for changeToLeader
2019-10-15 17:17:33,543 [79abbc2e-0a90-4a41-a17c-6388bb873359@group-896C59C76A40-LeaderElection4] INFO  impl.RaftServerImpl (ServerState.java:setLeader(256)) - 79abbc2e-0a90-4a41-a17c-6388bb873359@group-896C59C76A40: change Leader from null to 79abbc2e-0a90-4a41-a17c-6388bb873359 at term 1 for becomeLeader, leader elected after 185ms
2019-10-15 17:17:33,545 [79abbc2e-0a90-4a41-a17c-6388bb873359@group-896C59C76A40-LeaderElection4] INFO  server.RaftServerConfigKeys (ConfUtils.java:logGet(43)) - raft.server.staging.catchup.gap = 1000 (default)
2019-10-15 17:17:33,545 [79abbc2e-0a90-4a41-a17c-6388bb873359@group-896C59C76A40-LeaderElection4] INFO  server.RaftServerConfigKeys (ConfUtils.java:logGet(43)) - raft.server.rpc.sleep.time = 25ms (default)
2019-10-15 17:17:33,547 [79abbc2e-0a90-4a41-a17c-6388bb873359@group-896C59C76A40-LeaderElection4] INFO  server.RaftServerConfigKeys (ConfUtils.java:logGet(43)) - raft.server.write.element-limit = 4096 (default)
2019-10-15 17:17:33,550 [79abbc2e-0a90-4a41-a17c-6388bb873359@group-896C59C76A40-LeaderElection4] INFO  server.RaftServerConfigKeys (ConfUtils.java:logGet(43)) - raft.server.watch.timeout = 10s (default)
2019-10-15 17:17:33,550 [79abbc2e-0a90-4a41-a17c-6388bb873359@group-896C59C76A40-LeaderElection4] INFO  server.RaftServerConfigKeys (ConfUtils.java:logGet(43)) - raft.server.watch.timeout.denomination = 1s (default)
2019-10-15 17:17:33,550 [79abbc2e-0a90-4a41-a17c-6388bb873359@group-896C59C76A40-LeaderElection4] INFO  server.RaftServerConfigKeys (ConfUtils.java:logGet(43)) - raft.server.watch.element-limit = 65536 (default)
2019-10-15 17:17:33,561 [grpc-default-executor-2] INFO  impl.RaftServerProxy (RaftServerProxy.java:addNew(89)) - dbc121b5-e1e8-4c61-9d50-542b699a3d90: addNew group-B673650064C9:[ebd8d1f9-8297-450f-abe7-393807ba0c7e:192.168.164.239:36510, dbc121b5-e1e8-4c61-9d50-542b699a3d90:192.168.164.239:43140, 79abbc2e-0a90-4a41-a17c-6388bb873359:192.168.164.239:37857] returns group-B673650064C9:java.util.concurrent.CompletableFuture@4bf63023[Not completed]
2019-10-15 17:17:33,561 [79abbc2e-0a90-4a41-a17c-6388bb873359@group-896C59C76A40-LeaderElection4] INFO  impl.RoleInfo (RoleInfo.java:updateAndGet(143)) - 79abbc2e-0a90-4a41-a17c-6388bb873359: start LeaderState
2019-10-15 17:17:33,566 [grpc-default-executor-1] INFO  impl.RaftServerProxy (RaftServerProxy.java:addNew(89)) - ebd8d1f9-8297-450f-abe7-393807ba0c7e: addNew group-B673650064C9:[ebd8d1f9-8297-450f-abe7-393807ba0c7e:192.168.164.239:36510, dbc121b5-e1e8-4c61-9d50-542b699a3d90:192.168.164.239:43140, 79abbc2e-0a90-4a41-a17c-6388bb873359:192.168.164.239:37857] returns group-B673650064C9:java.util.concurrent.CompletableFuture@61c63b18[Not completed]
2019-10-15 17:17:33,566 [79abbc2e-0a90-4a41-a17c-6388bb873359@group-896C59C76A40-LeaderElection4] INFO  segmented.SegmentedRaftLogWorker (SegmentedRaftLogWorker.java:startLogSegment(385)) - 79abbc2e-0a90-4a41-a17c-6388bb873359@group-896C59C76A40-SegmentedRaftLogWorker: Starting segment from index:0
2019-10-15 17:17:33,568 [79abbc2e-0a90-4a41-a17c-6388bb873359@group-896C59C76A40-LeaderElection4] INFO  impl.RaftServerImpl (ServerState.java:setRaftConf(357)) - 79abbc2e-0a90-4a41-a17c-6388bb873359@group-896C59C76A40: set configuration 0: [79abbc2e-0a90-4a41-a17c-6388bb873359:192.168.164.239:37857], old=null at 0
2019-10-15 17:17:33,609 [pool-62-thread-1] INFO  impl.RaftServerImpl (RaftServerImpl.java:<init>(104)) - dbc121b5-e1e8-4c61-9d50-542b699a3d90: new RaftServerImpl for group-B673650064C9:[ebd8d1f9-8297-450f-abe7-393807ba0c7e:192.168.164.239:36510, dbc121b5-e1e8-4c61-9d50-542b699a3d90:192.168.164.239:43140, 79abbc2e-0a90-4a41-a17c-6388bb873359:192.168.164.239:37857] with ContainerStateMachine:uninitialized
2019-10-15 17:17:33,609 [grpc-default-executor-1] INFO  impl.RaftServerProxy (RaftServerProxy.java:addNew(89)) - 79abbc2e-0a90-4a41-a17c-6388bb873359: addNew group-B673650064C9:[ebd8d1f9-8297-450f-abe7-393807ba0c7e:192.168.164.239:36510, dbc121b5-e1e8-4c61-9d50-542b699a3d90:192.168.164.239:43140, 79abbc2e-0a90-4a41-a17c-6388bb873359:192.168.164.239:37857] returns group-B673650064C9:java.util.concurrent.CompletableFuture@24c4a944[Not completed]
2019-10-15 17:17:33,610 [pool-62-thread-1] INFO  server.RaftServerConfigKeys (ConfUtils.java:logGet(43)) - raft.server.rpc.timeout.min = 5s (custom)
2019-10-15 17:17:33,610 [pool-62-thread-1] INFO  server.RaftServerConfigKeys (ConfUtils.java:logGet(43)) - raft.server.rpc.timeout.max = 5200ms (custom)
2019-10-15 17:17:33,610 [pool-62-thread-1] INFO  server.RaftServerConfigKeys (ConfUtils.java:logGet(43)) - raft.server.rpcslowness.timeout = 120s (custom)
2019-10-15 17:17:33,610 [pool-62-thread-1] INFO  server.RaftServerConfigKeys (ConfUtils.java:logGet(43)) - raft.server.sleep.deviation.threshold = 300 (default)
2019-10-15 17:17:33,611 [pool-62-thread-1] INFO  server.RaftServerConfigKeys (ConfUtils.java:logGet(43)) - raft.server.log.appender.install.snapshot.enabled = false (custom)
2019-10-15 17:17:33,611 [pool-32-thread-1] INFO  impl.RaftServerImpl (RaftServerImpl.java:<init>(104)) - ebd8d1f9-8297-450f-abe7-393807ba0c7e: new RaftServerImpl for group-B673650064C9:[ebd8d1f9-8297-450f-abe7-393807ba0c7e:192.168.164.239:36510, dbc121b5-e1e8-4c61-9d50-542b699a3d90:192.168.164.239:43140, 79abbc2e-0a90-4a41-a17c-6388bb873359:192.168.164.239:37857] with ContainerStateMachine:uninitialized
2019-10-15 17:17:33,611 [pool-62-thread-1] INFO  impl.RaftServerImpl (ServerState.java:<init>(103)) - dbc121b5-e1e8-4c61-9d50-542b699a3d90@group-B673650064C9: ConfigurationManager, init=-1: [ebd8d1f9-8297-450f-abe7-393807ba0c7e:192.168.164.239:36510, dbc121b5-e1e8-4c61-9d50-542b699a3d90:192.168.164.239:43140, 79abbc2e-0a90-4a41-a17c-6388bb873359:192.168.164.239:37857], old=null, confs=<EMPTY_MAP>
2019-10-15 17:17:33,611 [pool-32-thread-1] INFO  server.RaftServerConfigKeys (ConfUtils.java:logGet(43)) - raft.server.rpc.timeout.min = 5s (custom)
2019-10-15 17:17:33,611 [pool-32-thread-1] INFO  server.RaftServerConfigKeys (ConfUtils.java:logGet(43)) - raft.server.rpc.timeout.max = 5200ms (custom)
2019-10-15 17:17:33,611 [pool-62-thread-1] INFO  server.RaftServerConfigKeys (ConfUtils.java:logGet(43)) - raft.server.storage.dir = [/workdir/hadoop-ozone/integration-test/target/test-dir/MiniOzoneClusterImpl-4fa34157-8494-46a2-a506-7f2258cc6eab/datanode-3/data/ratis] (custom)
2019-10-15 17:17:33,611 [pool-32-thread-1] INFO  server.RaftServerConfigKeys (ConfUtils.java:logGet(43)) - raft.server.rpcslowness.timeout = 120s (custom)
2019-10-15 17:17:33,612 [pool-32-thread-1] INFO  server.RaftServerConfigKeys (ConfUtils.java:logGet(43)) - raft.server.sleep.deviation.threshold = 300 (default)
2019-10-15 17:17:33,612 [pool-32-thread-1] INFO  server.RaftServerConfigKeys (ConfUtils.java:logGet(43)) - raft.server.log.appender.install.snapshot.enabled = false (custom)
2019-10-15 17:17:33,612 [pool-62-thread-1] INFO  server.RaftServerConfigKeys (ConfUtils.java:logGet(43)) - raft.server.log.corruption.policy = EXCEPTION (default)
2019-10-15 17:17:33,612 [pool-32-thread-1] INFO  impl.RaftServerImpl (ServerState.java:<init>(103)) - ebd8d1f9-8297-450f-abe7-393807ba0c7e@group-B673650064C9: ConfigurationManager, init=-1: [ebd8d1f9-8297-450f-abe7-393807ba0c7e:192.168.164.239:36510, dbc121b5-e1e8-4c61-9d50-542b699a3d90:192.168.164.239:43140, 79abbc2e-0a90-4a41-a17c-6388bb873359:192.168.164.239:37857], old=null, confs=<EMPTY_MAP>
2019-10-15 17:17:33,612 [pool-42-thread-1] INFO  impl.RaftServerImpl (RaftServerImpl.java:<init>(104)) - 79abbc2e-0a90-4a41-a17c-6388bb873359: new RaftServerImpl for group-B673650064C9:[ebd8d1f9-8297-450f-abe7-393807ba0c7e:192.168.164.239:36510, dbc121b5-e1e8-4c61-9d50-542b699a3d90:192.168.164.239:43140, 79abbc2e-0a90-4a41-a17c-6388bb873359:192.168.164.239:37857] with ContainerStateMachine:uninitialized
2019-10-15 17:17:33,612 [pool-32-thread-1] INFO  server.RaftServerConfigKeys (ConfUtils.java:logGet(43)) - raft.server.storage.dir = [/workdir/hadoop-ozone/integration-test/target/test-dir/MiniOzoneClusterImpl-4fa34157-8494-46a2-a506-7f2258cc6eab/datanode-0/data/ratis] (custom)
2019-10-15 17:17:33,612 [pool-62-thread-1] INFO  storage.RaftStorageDirectory (RaftStorageDirectory.java:analyzeStorage(246)) - The storage directory /workdir/hadoop-ozone/integration-test/target/test-dir/MiniOzoneClusterImpl-4fa34157-8494-46a2-a506-7f2258cc6eab/datanode-3/data/ratis/ad9e22f8-2576-4b9b-abb4-b673650064c9 does not exist. Creating ...
2019-10-15 17:17:33,612 [pool-42-thread-1] INFO  server.RaftServerConfigKeys (ConfUtils.java:logGet(43)) - raft.server.rpc.timeout.min = 5s (custom)
2019-10-15 17:17:33,613 [pool-32-thread-1] INFO  server.RaftServerConfigKeys (ConfUtils.java:logGet(43)) - raft.server.log.corruption.policy = EXCEPTION (default)
2019-10-15 17:17:33,613 [pool-42-thread-1] INFO  server.RaftServerConfigKeys (ConfUtils.java:logGet(43)) - raft.server.rpc.timeout.max = 5200ms (custom)
2019-10-15 17:17:33,613 [pool-32-thread-1] INFO  storage.RaftStorageDirectory (RaftStorageDirectory.java:analyzeStorage(246)) - The storage directory /workdir/hadoop-ozone/integration-test/target/test-dir/MiniOzoneClusterImpl-4fa34157-8494-46a2-a506-7f2258cc6eab/datanode-0/data/ratis/ad9e22f8-2576-4b9b-abb4-b673650064c9 does not exist. Creating ...
2019-10-15 17:17:33,613 [pool-42-thread-1] INFO  server.RaftServerConfigKeys (ConfUtils.java:logGet(43)) - raft.server.rpcslowness.timeout = 120s (custom)
2019-10-15 17:17:33,613 [pool-42-thread-1] INFO  server.RaftServerConfigKeys (ConfUtils.java:logGet(43)) - raft.server.sleep.deviation.threshold = 300 (default)
2019-10-15 17:17:33,614 [pool-42-thread-1] INFO  server.RaftServerConfigKeys (ConfUtils.java:logGet(43)) - raft.server.log.appender.install.snapshot.enabled = false (custom)
2019-10-15 17:17:33,614 [pool-42-thread-1] INFO  impl.RaftServerImpl (ServerState.java:<init>(103)) - 79abbc2e-0a90-4a41-a17c-6388bb873359@group-B673650064C9: ConfigurationManager, init=-1: [ebd8d1f9-8297-450f-abe7-393807ba0c7e:192.168.164.239:36510, dbc121b5-e1e8-4c61-9d50-542b699a3d90:192.168.164.239:43140, 79abbc2e-0a90-4a41-a17c-6388bb873359:192.168.164.239:37857], old=null, confs=<EMPTY_MAP>
2019-10-15 17:17:33,614 [pool-42-thread-1] INFO  server.RaftServerConfigKeys (ConfUtils.java:logGet(43)) - raft.server.storage.dir = [/workdir/hadoop-ozone/integration-test/target/test-dir/MiniOzoneClusterImpl-4fa34157-8494-46a2-a506-7f2258cc6eab/datanode-1/data/ratis] (custom)
2019-10-15 17:17:33,615 [pool-42-thread-1] INFO  server.RaftServerConfigKeys (ConfUtils.java:logGet(43)) - raft.server.log.corruption.policy = EXCEPTION (default)
2019-10-15 17:17:33,615 [pool-42-thread-1] INFO  storage.RaftStorageDirectory (RaftStorageDirectory.java:analyzeStorage(246)) - The storage directory /workdir/hadoop-ozone/integration-test/target/test-dir/MiniOzoneClusterImpl-4fa34157-8494-46a2-a506-7f2258cc6eab/datanode-1/data/ratis/ad9e22f8-2576-4b9b-abb4-b673650064c9 does not exist. Creating ...
2019-10-15 17:17:33,634 [pool-62-thread-1] INFO  storage.RaftStorageDirectory (RaftStorageDirectory.java:tryLock(328)) - Lock on /workdir/hadoop-ozone/integration-test/target/test-dir/MiniOzoneClusterImpl-4fa34157-8494-46a2-a506-7f2258cc6eab/datanode-3/data/ratis/ad9e22f8-2576-4b9b-abb4-b673650064c9/in_use.lock acquired by nodename 12003@pr-hdds-2302-bqc8v-2513969318
2019-10-15 17:17:33,634 [79abbc2e-0a90-4a41-a17c-6388bb873359@group-896C59C76A40-SegmentedRaftLogWorker] INFO  segmented.SegmentedRaftLogWorker (SegmentedRaftLogWorker.java:execute(576)) - 79abbc2e-0a90-4a41-a17c-6388bb873359@group-896C59C76A40-SegmentedRaftLogWorker: created new log segment /workdir/hadoop-ozone/integration-test/target/test-dir/MiniOzoneClusterImpl-4fa34157-8494-46a2-a506-7f2258cc6eab/datanode-1/data/ratis/f829f8e1-b804-41d0-97d4-896c59c76a40/current/log_inprogress_0
2019-10-15 17:17:33,634 [pool-32-thread-1] INFO  storage.RaftStorageDirectory (RaftStorageDirectory.java:tryLock(328)) - Lock on /workdir/hadoop-ozone/integration-test/target/test-dir/MiniOzoneClusterImpl-4fa34157-8494-46a2-a506-7f2258cc6eab/datanode-0/data/ratis/ad9e22f8-2576-4b9b-abb4-b673650064c9/in_use.lock acquired by nodename 12003@pr-hdds-2302-bqc8v-2513969318
2019-10-15 17:17:33,634 [pool-42-thread-1] INFO  storage.RaftStorageDirectory (RaftStorageDirectory.java:tryLock(328)) - Lock on /workdir/hadoop-ozone/integration-test/target/test-dir/MiniOzoneClusterImpl-4fa34157-8494-46a2-a506-7f2258cc6eab/datanode-1/data/ratis/ad9e22f8-2576-4b9b-abb4-b673650064c9/in_use.lock acquired by nodename 12003@pr-hdds-2302-bqc8v-2513969318
2019-10-15 17:17:33,651 [main] INFO  ozone.MiniOzoneClusterImpl (MiniOzoneClusterImpl.java:lambda$waitForClusterToBeReady$0(147)) - Cluster is ready. Got 4 of 4 DN Heartbeats.
2019-10-15 17:17:33,660 [pool-62-thread-1] INFO  storage.RaftStorage (RaftStorage.java:format(84)) - Storage directory /workdir/hadoop-ozone/integration-test/target/test-dir/MiniOzoneClusterImpl-4fa34157-8494-46a2-a506-7f2258cc6eab/datanode-3/data/ratis/ad9e22f8-2576-4b9b-abb4-b673650064c9 has been successfully formatted.
2019-10-15 17:17:33,660 [pool-42-thread-1] INFO  storage.RaftStorage (RaftStorage.java:format(84)) - Storage directory /workdir/hadoop-ozone/integration-test/target/test-dir/MiniOzoneClusterImpl-4fa34157-8494-46a2-a506-7f2258cc6eab/datanode-1/data/ratis/ad9e22f8-2576-4b9b-abb4-b673650064c9 has been successfully formatted.
2019-10-15 17:17:33,660 [pool-32-thread-1] INFO  storage.RaftStorage (RaftStorage.java:format(84)) - Storage directory /workdir/hadoop-ozone/integration-test/target/test-dir/MiniOzoneClusterImpl-4fa34157-8494-46a2-a506-7f2258cc6eab/datanode-0/data/ratis/ad9e22f8-2576-4b9b-abb4-b673650064c9 has been successfully formatted.
2019-10-15 17:17:33,660 [pool-62-thread-1] INFO  ratis.ContainerStateMachine (ContainerStateMachine.java:loadSnapshot(231)) - group-B673650064C9: The snapshot info is null. Setting the last applied indexto:(t:0, i:~)
2019-10-15 17:17:33,660 [pool-42-thread-1] INFO  ratis.ContainerStateMachine (ContainerStateMachine.java:loadSnapshot(231)) - group-B673650064C9: The snapshot info is null. Setting the last applied indexto:(t:0, i:~)
2019-10-15 17:17:33,660 [pool-62-thread-1] INFO  server.RaftServerConfigKeys (ConfUtils.java:logGet(43)) - raft.server.notification.no-leader.timeout = 120s (custom)
2019-10-15 17:17:33,660 [pool-32-thread-1] INFO  ratis.ContainerStateMachine (ContainerStateMachine.java:loadSnapshot(231)) - group-B673650064C9: The snapshot info is null. Setting the last applied indexto:(t:0, i:~)
2019-10-15 17:17:33,661 [pool-62-thread-1] INFO  server.RaftServerConfigKeys (ConfUtils.java:logGet(43)) - raft.server.log.use.memory = false (default)
2019-10-15 17:17:33,661 [pool-42-thread-1] INFO  server.RaftServerConfigKeys (ConfUtils.java:logGet(43)) - raft.server.notification.no-leader.timeout = 120s (custom)
2019-10-15 17:17:33,661 [pool-62-thread-1] INFO  server.RaftServerConfigKeys (ConfUtils.java:logGet(43)) - raft.server.log.purge.gap = 1000000 (custom)
2019-10-15 17:17:33,661 [pool-32-thread-1] INFO  server.RaftServerConfigKeys (ConfUtils.java:logGet(43)) - raft.server.notification.no-leader.timeout = 120s (custom)
2019-10-15 17:17:33,661 [pool-62-thread-1] INFO  server.RaftServerConfigKeys (ConfUtils.java:logGet(43)) - raft.server.log.appender.buffer.byte-limit = 33554432 (custom)
2019-10-15 17:17:33,661 [pool-42-thread-1] INFO  server.RaftServerConfigKeys (ConfUtils.java:logGet(43)) - raft.server.log.use.memory = false (default)
2019-10-15 17:17:33,662 [pool-62-thread-1] INFO  server.RaftServerConfigKeys (ConfUtils.java:logGet(43)) - raft.server.log.segment.size.max = 1048576 (custom)
2019-10-15 17:17:33,662 [pool-32-thread-1] INFO  server.RaftServerConfigKeys (ConfUtils.java:logGet(43)) - raft.server.log.use.memory = false (default)
2019-10-15 17:17:33,662 [pool-62-thread-1] INFO  server.RaftServerConfigKeys (ConfUtils.java:logGet(43)) - raft.server.log.segment.cache.num.max = 2 (custom)
2019-10-15 17:17:33,662 [pool-42-thread-1] INFO  server.RaftServerConfigKeys (ConfUtils.java:logGet(43)) - raft.server.log.purge.gap = 1000000 (custom)
2019-10-15 17:17:33,663 [pool-62-thread-1] INFO  segmented.SegmentedRaftLogWorker (SegmentedRaftLogWorker.java:<init>(173)) - new dbc121b5-e1e8-4c61-9d50-542b699a3d90@group-B673650064C9-SegmentedRaftLogWorker for RaftStorage:Storage Directory /workdir/hadoop-ozone/integration-test/target/test-dir/MiniOzoneClusterImpl-4fa34157-8494-46a2-a506-7f2258cc6eab/datanode-3/data/ratis/ad9e22f8-2576-4b9b-abb4-b673650064c9
2019-10-15 17:17:33,662 [pool-32-thread-1] INFO  server.RaftServerConfigKeys (ConfUtils.java:logGet(43)) - raft.server.log.purge.gap = 1000000 (custom)
2019-10-15 17:17:33,663 [pool-62-thread-1] INFO  server.RaftServerConfigKeys (ConfUtils.java:logGet(43)) - raft.server.log.queue.byte-limit = 2147483647 (custom)
2019-10-15 17:17:33,663 [pool-42-thread-1] INFO  server.RaftServerConfigKeys (ConfUtils.java:logGet(43)) - raft.server.log.appender.buffer.byte-limit = 33554432 (custom)
2019-10-15 17:17:33,663 [pool-62-thread-1] INFO  server.RaftServerConfigKeys (ConfUtils.java:logGet(43)) - raft.server.log.queue.element-limit = 1024 (custom)
2019-10-15 17:17:33,663 [pool-32-thread-1] INFO  server.RaftServerConfigKeys (ConfUtils.java:logGet(43)) - raft.server.log.appender.buffer.byte-limit = 33554432 (custom)
2019-10-15 17:17:33,664 [pool-62-thread-1] INFO  server.RaftServerConfigKeys (ConfUtils.java:logGet(43)) - raft.server.log.segment.size.max = 1048576 (custom)
2019-10-15 17:17:33,664 [pool-42-thread-1] INFO  server.RaftServerConfigKeys (ConfUtils.java:logGet(43)) - raft.server.log.segment.size.max = 1048576 (custom)
2019-10-15 17:17:33,664 [pool-62-thread-1] INFO  server.RaftServerConfigKeys (ConfUtils.java:logGet(43)) - raft.server.log.preallocated.size = 16384 (custom)
2019-10-15 17:17:33,664 [pool-32-thread-1] INFO  server.RaftServerConfigKeys (ConfUtils.java:logGet(43)) - raft.server.log.segment.size.max = 1048576 (custom)
2019-10-15 17:17:33,665 [pool-62-thread-1] INFO  server.RaftServerConfigKeys (ConfUtils.java:logGet(43)) - raft.server.log.write.buffer.size = 33554432 (custom)
2019-10-15 17:17:33,665 [pool-42-thread-1] INFO  server.RaftServerConfigKeys (ConfUtils.java:logGet(43)) - raft.server.log.segment.cache.num.max = 2 (custom)
2019-10-15 17:17:33,665 [pool-62-thread-1] INFO  server.RaftServerConfigKeys (ConfUtils.java:logGet(43)) - raft.server.log.force.sync.num = 128 (default)
2019-10-15 17:17:33,665 [pool-32-thread-1] INFO  server.RaftServerConfigKeys (ConfUtils.java:logGet(43)) - raft.server.log.segment.cache.num.max = 2 (custom)
2019-10-15 17:17:33,666 [pool-62-thread-1] INFO  server.RaftServerConfigKeys (ConfUtils.java:logGet(43)) - raft.server.log.statemachine.data.sync = true (default)
2019-10-15 17:17:33,666 [pool-42-thread-1] INFO  segmented.SegmentedRaftLogWorker (SegmentedRaftLogWorker.java:<init>(173)) - new 79abbc2e-0a90-4a41-a17c-6388bb873359@group-B673650064C9-SegmentedRaftLogWorker for RaftStorage:Storage Directory /workdir/hadoop-ozone/integration-test/target/test-dir/MiniOzoneClusterImpl-4fa34157-8494-46a2-a506-7f2258cc6eab/datanode-1/data/ratis/ad9e22f8-2576-4b9b-abb4-b673650064c9
2019-10-15 17:17:33,666 [pool-62-thread-1] INFO  server.RaftServerConfigKeys (ConfUtils.java:logGet(43)) - raft.server.log.statemachine.data.sync.timeout = 10s (default)
2019-10-15 17:17:33,666 [pool-32-thread-1] INFO  segmented.SegmentedRaftLogWorker (SegmentedRaftLogWorker.java:<init>(173)) - new ebd8d1f9-8297-450f-abe7-393807ba0c7e@group-B673650064C9-SegmentedRaftLogWorker for RaftStorage:Storage Directory /workdir/hadoop-ozone/integration-test/target/test-dir/MiniOzoneClusterImpl-4fa34157-8494-46a2-a506-7f2258cc6eab/datanode-0/data/ratis/ad9e22f8-2576-4b9b-abb4-b673650064c9
2019-10-15 17:17:33,667 [pool-62-thread-1] INFO  server.RaftServerConfigKeys (ConfUtils.java:logGet(43)) - raft.server.log.statemachine.data.sync.timeout.retry = -1 (default)
2019-10-15 17:17:33,666 [pool-42-thread-1] INFO  server.RaftServerConfigKeys (ConfUtils.java:logGet(43)) - raft.server.log.queue.byte-limit = 2147483647 (custom)
2019-10-15 17:17:33,667 [pool-32-thread-1] INFO  server.RaftServerConfigKeys (ConfUtils.java:logGet(43)) - raft.server.log.queue.byte-limit = 2147483647 (custom)
2019-10-15 17:17:33,667 [pool-42-thread-1] INFO  server.RaftServerConfigKeys (ConfUtils.java:logGet(43)) - raft.server.log.queue.element-limit = 1024 (custom)
2019-10-15 17:17:33,667 [pool-62-thread-1] INFO  server.RaftServerConfigKeys (ConfUtils.java:logGet(43)) - raft.server.log.statemachine.data.caching.enabled = true (custom)
2019-10-15 17:17:33,668 [pool-42-thread-1] INFO  server.RaftServerConfigKeys (ConfUtils.java:logGet(43)) - raft.server.log.segment.size.max = 1048576 (custom)
2019-10-15 17:17:33,667 [pool-32-thread-1] INFO  server.RaftServerConfigKeys (ConfUtils.java:logGet(43)) - raft.server.log.queue.element-limit = 1024 (custom)
2019-10-15 17:17:33,668 [pool-62-thread-1] INFO  segmented.SegmentedRaftLogWorker (SegmentedRaftLogWorker.java:lambda$new$0(128)) - dbc121b5-e1e8-4c61-9d50-542b699a3d90@group-B673650064C9-SegmentedRaftLogWorker: flushIndex: setUnconditionally 0 -> -1
2019-10-15 17:17:33,668 [pool-42-thread-1] INFO  server.RaftServerConfigKeys (ConfUtils.java:logGet(43)) - raft.server.log.preallocated.size = 16384 (custom)
2019-10-15 17:17:33,668 [pool-32-thread-1] INFO  server.RaftServerConfigKeys (ConfUtils.java:logGet(43)) - raft.server.log.segment.size.max = 1048576 (custom)
2019-10-15 17:17:33,669 [pool-62-thread-1] INFO  server.RaftServerConfigKeys (ConfUtils.java:logGet(43)) - raft.server.snapshot.auto.trigger.enabled = true (custom)
2019-10-15 17:17:33,668 [pool-42-thread-1] INFO  server.RaftServerConfigKeys (ConfUtils.java:logGet(43)) - raft.server.log.write.buffer.size = 33554432 (custom)
2019-10-15 17:17:33,669 [pool-62-thread-1] INFO  server.RaftServerConfigKeys (ConfUtils.java:logGet(43)) - raft.server.snapshot.auto.trigger.threshold = 10000 (custom)
2019-10-15 17:17:33,669 [pool-32-thread-1] INFO  server.RaftServerConfigKeys (ConfUtils.java:logGet(43)) - raft.server.log.preallocated.size = 16384 (custom)
2019-10-15 17:17:33,669 [pool-62-thread-1] INFO  server.RaftServerConfigKeys (ConfUtils.java:logGet(43)) - raft.server.snapshot.retention.file.num = 5 (custom)
2019-10-15 17:17:33,669 [pool-42-thread-1] INFO  server.RaftServerConfigKeys (ConfUtils.java:logGet(43)) - raft.server.log.force.sync.num = 128 (default)
2019-10-15 17:17:33,670 [pool-62-thread-1] INFO  server.RaftServerConfigKeys (ConfUtils.java:logGet(43)) - raft.server.retrycache.expirytime = 600000ms (custom)
2019-10-15 17:17:33,669 [pool-32-thread-1] INFO  server.RaftServerConfigKeys (ConfUtils.java:logGet(43)) - raft.server.log.write.buffer.size = 33554432 (custom)
2019-10-15 17:17:33,670 [pool-42-thread-1] INFO  server.RaftServerConfigKeys (ConfUtils.java:logGet(43)) - raft.server.log.statemachine.data.sync = true (default)
2019-10-15 17:17:33,670 [pool-32-thread-1] INFO  server.RaftServerConfigKeys (ConfUtils.java:logGet(43)) - raft.server.log.force.sync.num = 128 (default)
2019-10-15 17:17:33,671 [pool-42-thread-1] INFO  server.RaftServerConfigKeys (ConfUtils.java:logGet(43)) - raft.server.log.statemachine.data.sync.timeout = 10s (default)
2019-10-15 17:17:33,671 [pool-32-thread-1] INFO  server.RaftServerConfigKeys (ConfUtils.java:logGet(43)) - raft.server.log.statemachine.data.sync = true (default)
2019-10-15 17:17:33,671 [pool-42-thread-1] INFO  server.RaftServerConfigKeys (ConfUtils.java:logGet(43)) - raft.server.log.statemachine.data.sync.timeout.retry = -1 (default)
2019-10-15 17:17:33,671 [pool-32-thread-1] INFO  server.RaftServerConfigKeys (ConfUtils.java:logGet(43)) - raft.server.log.statemachine.data.sync.timeout = 10s (default)
2019-10-15 17:17:33,671 [pool-32-thread-1] INFO  server.RaftServerConfigKeys (ConfUtils.java:logGet(43)) - raft.server.log.statemachine.data.sync.timeout.retry = -1 (default)
2019-10-15 17:17:33,672 [pool-42-thread-1] INFO  server.RaftServerConfigKeys (ConfUtils.java:logGet(43)) - raft.server.log.statemachine.data.caching.enabled = true (custom)
2019-10-15 17:17:33,672 [pool-32-thread-1] INFO  server.RaftServerConfigKeys (ConfUtils.java:logGet(43)) - raft.server.log.statemachine.data.caching.enabled = true (custom)
2019-10-15 17:17:33,672 [pool-42-thread-1] INFO  segmented.SegmentedRaftLogWorker (SegmentedRaftLogWorker.java:lambda$new$0(128)) - 79abbc2e-0a90-4a41-a17c-6388bb873359@group-B673650064C9-SegmentedRaftLogWorker: flushIndex: setUnconditionally 0 -> -1
2019-10-15 17:17:33,672 [pool-32-thread-1] INFO  segmented.SegmentedRaftLogWorker (SegmentedRaftLogWorker.java:lambda$new$0(128)) - ebd8d1f9-8297-450f-abe7-393807ba0c7e@group-B673650064C9-SegmentedRaftLogWorker: flushIndex: setUnconditionally 0 -> -1
2019-10-15 17:17:33,673 [pool-42-thread-1] INFO  server.RaftServerConfigKeys (ConfUtils.java:logGet(43)) - raft.server.snapshot.auto.trigger.enabled = true (custom)
2019-10-15 17:17:33,673 [pool-42-thread-1] INFO  server.RaftServerConfigKeys (ConfUtils.java:logGet(43)) - raft.server.snapshot.auto.trigger.threshold = 10000 (custom)
2019-10-15 17:17:33,673 [pool-32-thread-1] INFO  server.RaftServerConfigKeys (ConfUtils.java:logGet(43)) - raft.server.snapshot.auto.trigger.enabled = true (custom)
2019-10-15 17:17:33,673 [pool-42-thread-1] INFO  server.RaftServerConfigKeys (ConfUtils.java:logGet(43)) - raft.server.snapshot.retention.file.num = 5 (custom)
2019-10-15 17:17:33,674 [pool-32-thread-1] INFO  server.RaftServerConfigKeys (ConfUtils.java:logGet(43)) - raft.server.snapshot.auto.trigger.threshold = 10000 (custom)
2019-10-15 17:17:33,674 [pool-42-thread-1] INFO  server.RaftServerConfigKeys (ConfUtils.java:logGet(43)) - raft.server.retrycache.expirytime = 600000ms (custom)
2019-10-15 17:17:33,674 [pool-32-thread-1] INFO  server.RaftServerConfigKeys (ConfUtils.java:logGet(43)) - raft.server.snapshot.retention.file.num = 5 (custom)
2019-10-15 17:17:33,674 [pool-62-thread-1] INFO  impl.RaftServerImpl (RaftServerImpl.java:start(195)) - dbc121b5-e1e8-4c61-9d50-542b699a3d90@group-B673650064C9: start as a follower, conf=-1: [ebd8d1f9-8297-450f-abe7-393807ba0c7e:192.168.164.239:36510, dbc121b5-e1e8-4c61-9d50-542b699a3d90:192.168.164.239:43140, 79abbc2e-0a90-4a41-a17c-6388bb873359:192.168.164.239:37857], old=null
2019-10-15 17:17:33,674 [pool-32-thread-1] INFO  server.RaftServerConfigKeys (ConfUtils.java:logGet(43)) - raft.server.retrycache.expirytime = 600000ms (custom)
2019-10-15 17:17:33,674 [pool-62-thread-1] INFO  impl.RaftServerImpl (RaftServerImpl.java:setRole(184)) - dbc121b5-e1e8-4c61-9d50-542b699a3d90@group-B673650064C9: changes role from      null to FOLLOWER at term 0 for startAsFollower
2019-10-15 17:17:33,675 [pool-62-thread-1] INFO  impl.RoleInfo (RoleInfo.java:updateAndGet(143)) - dbc121b5-e1e8-4c61-9d50-542b699a3d90: start FollowerState
2019-10-15 17:17:33,676 [pool-62-thread-1] INFO  util.JmxRegister (JmxRegister.java:tryRegister(44)) - Successfully registered JMX Bean with object name Ratis:service=RaftServer,group=group-B673650064C9,id=dbc121b5-e1e8-4c61-9d50-542b699a3d90
2019-10-15 17:17:33,682 [pool-42-thread-1] INFO  impl.RaftServerImpl (RaftServerImpl.java:start(195)) - 79abbc2e-0a90-4a41-a17c-6388bb873359@group-B673650064C9: start as a follower, conf=-1: [ebd8d1f9-8297-450f-abe7-393807ba0c7e:192.168.164.239:36510, dbc121b5-e1e8-4c61-9d50-542b699a3d90:192.168.164.239:43140, 79abbc2e-0a90-4a41-a17c-6388bb873359:192.168.164.239:37857], old=null
2019-10-15 17:17:33,682 [pool-42-thread-1] INFO  impl.RaftServerImpl (RaftServerImpl.java:setRole(184)) - 79abbc2e-0a90-4a41-a17c-6388bb873359@group-B673650064C9: changes role from      null to FOLLOWER at term 0 for startAsFollower
2019-10-15 17:17:33,683 [pool-42-thread-1] INFO  impl.RoleInfo (RoleInfo.java:updateAndGet(143)) - 79abbc2e-0a90-4a41-a17c-6388bb873359: start FollowerState
2019-10-15 17:17:33,683 [pool-32-thread-1] INFO  impl.RaftServerImpl (RaftServerImpl.java:start(195)) - ebd8d1f9-8297-450f-abe7-393807ba0c7e@group-B673650064C9: start as a follower, conf=-1: [ebd8d1f9-8297-450f-abe7-393807ba0c7e:192.168.164.239:36510, dbc121b5-e1e8-4c61-9d50-542b699a3d90:192.168.164.239:43140, 79abbc2e-0a90-4a41-a17c-6388bb873359:192.168.164.239:37857], old=null
2019-10-15 17:17:33,683 [pool-32-thread-1] INFO  impl.RaftServerImpl (RaftServerImpl.java:setRole(184)) - ebd8d1f9-8297-450f-abe7-393807ba0c7e@group-B673650064C9: changes role from      null to FOLLOWER at term 0 for startAsFollower
2019-10-15 17:17:33,683 [pool-32-thread-1] INFO  impl.RoleInfo (RoleInfo.java:updateAndGet(143)) - ebd8d1f9-8297-450f-abe7-393807ba0c7e: start FollowerState
2019-10-15 17:17:33,683 [pool-42-thread-1] INFO  util.JmxRegister (JmxRegister.java:tryRegister(44)) - Successfully registered JMX Bean with object name Ratis:service=RaftServer,group=group-B673650064C9,id=79abbc2e-0a90-4a41-a17c-6388bb873359
2019-10-15 17:17:33,684 [pool-32-thread-1] INFO  util.JmxRegister (JmxRegister.java:tryRegister(44)) - Successfully registered JMX Bean with object name Ratis:service=RaftServer,group=group-B673650064C9,id=ebd8d1f9-8297-450f-abe7-393807ba0c7e
2019-10-15 17:17:33,704 [Thread-214] INFO  impl.FollowerState (FollowerState.java:run(108)) - e0635a91-29e0-4e97-b998-fafeaa1ac257@group-D0DE759C5A3D-FollowerState: change to CANDIDATE, lastRpcTime:201ms, electionTimeout:200ms
2019-10-15 17:17:33,705 [Thread-214] INFO  impl.RoleInfo (RoleInfo.java:shutdownFollowerState(121)) - e0635a91-29e0-4e97-b998-fafeaa1ac257: shutdown FollowerState
2019-10-15 17:17:33,705 [Thread-214] INFO  impl.RaftServerImpl (RaftServerImpl.java:setRole(184)) - e0635a91-29e0-4e97-b998-fafeaa1ac257@group-D0DE759C5A3D: changes role from  FOLLOWER to CANDIDATE at term 0 for changeToCandidate
2019-10-15 17:17:33,705 [Thread-214] INFO  impl.RoleInfo (RoleInfo.java:updateAndGet(143)) - e0635a91-29e0-4e97-b998-fafeaa1ac257: start LeaderElection
2019-10-15 17:17:33,717 [RatisPipelineUtilsThread] INFO  pipeline.PipelineStateManager (PipelineStateManager.java:addPipeline(56)) - Created pipeline Pipeline[ Id: ad9e22f8-2576-4b9b-abb4-b673650064c9, Nodes: ebd8d1f9-8297-450f-abe7-393807ba0c7e{ip: 192.168.164.239, host: pr-hdds-2302-bqc8v-2513969318, networkLocation: /rack1, certSerialId: null}dbc121b5-e1e8-4c61-9d50-542b699a3d90{ip: 192.168.164.239, host: pr-hdds-2302-bqc8v-2513969318, networkLocation: /rack1, certSerialId: null}79abbc2e-0a90-4a41-a17c-6388bb873359{ip: 192.168.164.239, host: pr-hdds-2302-bqc8v-2513969318, networkLocation: /rack1, certSerialId: null}, Type:RATIS, Factor:THREE, State:OPEN]
2019-10-15 17:17:33,740 [Thread-223] INFO  impl.FollowerState (FollowerState.java:run(108)) - ebd8d1f9-8297-450f-abe7-393807ba0c7e@group-B673650064C9-FollowerState: change to CANDIDATE, lastRpcTime:56ms, electionTimeout:56ms
2019-10-15 17:17:33,740 [Thread-223] INFO  impl.RoleInfo (RoleInfo.java:shutdownFollowerState(121)) - ebd8d1f9-8297-450f-abe7-393807ba0c7e: shutdown FollowerState
2019-10-15 17:17:33,741 [Thread-223] INFO  impl.RaftServerImpl (RaftServerImpl.java:setRole(184)) - ebd8d1f9-8297-450f-abe7-393807ba0c7e@group-B673650064C9: changes role from  FOLLOWER to CANDIDATE at term 0 for changeToCandidate
2019-10-15 17:17:33,742 [Thread-223] INFO  impl.RoleInfo (RoleInfo.java:updateAndGet(143)) - ebd8d1f9-8297-450f-abe7-393807ba0c7e: start LeaderElection
2019-10-15 17:17:33,744 [e0635a91-29e0-4e97-b998-fafeaa1ac257@group-D0DE759C5A3D-LeaderElection5] INFO  impl.LeaderElection (LeaderElection.java:askForVotes(178)) - e0635a91-29e0-4e97-b998-fafeaa1ac257@group-D0DE759C5A3D-LeaderElection5: begin an election at term 1 for -1: [e0635a91-29e0-4e97-b998-fafeaa1ac257:192.168.164.239:44850], old=null
2019-10-15 17:17:33,745 [e0635a91-29e0-4e97-b998-fafeaa1ac257@group-D0DE759C5A3D-LeaderElection5] INFO  impl.RoleInfo (RoleInfo.java:shutdownLeaderElection(134)) - e0635a91-29e0-4e97-b998-fafeaa1ac257: shutdown LeaderElection
2019-10-15 17:17:33,746 [e0635a91-29e0-4e97-b998-fafeaa1ac257@group-D0DE759C5A3D-LeaderElection5] INFO  impl.RaftServerImpl (RaftServerImpl.java:setRole(184)) - e0635a91-29e0-4e97-b998-fafeaa1ac257@group-D0DE759C5A3D: changes role from CANDIDATE to LEADER at term 1 for changeToLeader
2019-10-15 17:17:33,747 [e0635a91-29e0-4e97-b998-fafeaa1ac257@group-D0DE759C5A3D-LeaderElection5] INFO  impl.RaftServerImpl (ServerState.java:setLeader(256)) - e0635a91-29e0-4e97-b998-fafeaa1ac257@group-D0DE759C5A3D: change Leader from null to e0635a91-29e0-4e97-b998-fafeaa1ac257 at term 1 for becomeLeader, leader elected after 254ms
2019-10-15 17:17:33,747 [e0635a91-29e0-4e97-b998-fafeaa1ac257@group-D0DE759C5A3D-LeaderElection5] INFO  server.RaftServerConfigKeys (ConfUtils.java:logGet(43)) - raft.server.staging.catchup.gap = 1000 (default)
2019-10-15 17:17:33,748 [e0635a91-29e0-4e97-b998-fafeaa1ac257@group-D0DE759C5A3D-LeaderElection5] INFO  server.RaftServerConfigKeys (ConfUtils.java:logGet(43)) - raft.server.rpc.sleep.time = 25ms (default)
2019-10-15 17:17:33,748 [e0635a91-29e0-4e97-b998-fafeaa1ac257@group-D0DE759C5A3D-LeaderElection5] INFO  server.RaftServerConfigKeys (ConfUtils.java:logGet(43)) - raft.server.write.element-limit = 4096 (default)
2019-10-15 17:17:33,748 [e0635a91-29e0-4e97-b998-fafeaa1ac257@group-D0DE759C5A3D-LeaderElection5] INFO  server.RaftServerConfigKeys (ConfUtils.java:logGet(43)) - raft.server.watch.timeout = 10s (default)
2019-10-15 17:17:33,748 [e0635a91-29e0-4e97-b998-fafeaa1ac257@group-D0DE759C5A3D-LeaderElection5] INFO  server.RaftServerConfigKeys (ConfUtils.java:logGet(43)) - raft.server.watch.timeout.denomination = 1s (default)
2019-10-15 17:17:33,748 [e0635a91-29e0-4e97-b998-fafeaa1ac257@group-D0DE759C5A3D-LeaderElection5] INFO  server.RaftServerConfigKeys (ConfUtils.java:logGet(43)) - raft.server.watch.element-limit = 65536 (default)
2019-10-15 17:17:33,751 [e0635a91-29e0-4e97-b998-fafeaa1ac257@group-D0DE759C5A3D-LeaderElection5] INFO  impl.RoleInfo (RoleInfo.java:updateAndGet(143)) - e0635a91-29e0-4e97-b998-fafeaa1ac257: start LeaderState
2019-10-15 17:17:33,751 [e0635a91-29e0-4e97-b998-fafeaa1ac257@group-D0DE759C5A3D-LeaderElection5] INFO  segmented.SegmentedRaftLogWorker (SegmentedRaftLogWorker.java:startLogSegment(385)) - e0635a91-29e0-4e97-b998-fafeaa1ac257@group-D0DE759C5A3D-SegmentedRaftLogWorker: Starting segment from index:0
2019-10-15 17:17:33,751 [e0635a91-29e0-4e97-b998-fafeaa1ac257@group-D0DE759C5A3D-LeaderElection5] INFO  impl.RaftServerImpl (ServerState.java:setRaftConf(357)) - e0635a91-29e0-4e97-b998-fafeaa1ac257@group-D0DE759C5A3D: set configuration 0: [e0635a91-29e0-4e97-b998-fafeaa1ac257:192.168.164.239:44850], old=null at 0
2019-10-15 17:17:33,762 [ebd8d1f9-8297-450f-abe7-393807ba0c7e@group-B673650064C9-LeaderElection6] INFO  impl.LeaderElection (LeaderElection.java:askForVotes(178)) - ebd8d1f9-8297-450f-abe7-393807ba0c7e@group-B673650064C9-LeaderElection6: begin an election at term 1 for -1: [ebd8d1f9-8297-450f-abe7-393807ba0c7e:192.168.164.239:36510, dbc121b5-e1e8-4c61-9d50-542b699a3d90:192.168.164.239:43140, 79abbc2e-0a90-4a41-a17c-6388bb873359:192.168.164.239:37857], old=null
2019-10-15 17:17:33,767 [Thread-221] INFO  impl.FollowerState (FollowerState.java:run(108)) - dbc121b5-e1e8-4c61-9d50-542b699a3d90@group-B673650064C9-FollowerState: change to CANDIDATE, lastRpcTime:91ms, electionTimeout:91ms
2019-10-15 17:17:33,767 [Thread-221] INFO  impl.RoleInfo (RoleInfo.java:shutdownFollowerState(121)) - dbc121b5-e1e8-4c61-9d50-542b699a3d90: shutdown FollowerState
2019-10-15 17:17:33,767 [Thread-221] INFO  impl.RaftServerImpl (RaftServerImpl.java:setRole(184)) - dbc121b5-e1e8-4c61-9d50-542b699a3d90@group-B673650064C9: changes role from  FOLLOWER to CANDIDATE at term 0 for changeToCandidate
2019-10-15 17:17:33,767 [Thread-221] INFO  impl.RoleInfo (RoleInfo.java:updateAndGet(143)) - dbc121b5-e1e8-4c61-9d50-542b699a3d90: start LeaderElection
2019-10-15 17:17:33,809 [grpc-default-executor-1] INFO  impl.RaftServerImpl (RaftServerImpl.java:setRole(184)) - 79abbc2e-0a90-4a41-a17c-6388bb873359@group-B673650064C9: changes role from  FOLLOWER to FOLLOWER at term 1 for recognizeCandidate:ebd8d1f9-8297-450f-abe7-393807ba0c7e
2019-10-15 17:17:33,810 [grpc-default-executor-1] INFO  impl.RoleInfo (RoleInfo.java:shutdownFollowerState(121)) - 79abbc2e-0a90-4a41-a17c-6388bb873359: shutdown FollowerState
2019-10-15 17:17:33,810 [grpc-default-executor-1] INFO  impl.RoleInfo (RoleInfo.java:updateAndGet(143)) - 79abbc2e-0a90-4a41-a17c-6388bb873359: start FollowerState
2019-10-15 17:17:33,810 [Thread-222] INFO  impl.FollowerState (FollowerState.java:run(117)) - 79abbc2e-0a90-4a41-a17c-6388bb873359@group-B673650064C9-FollowerState was interrupted: java.lang.InterruptedException: sleep interrupted
2019-10-15 17:17:33,812 [e0635a91-29e0-4e97-b998-fafeaa1ac257@group-D0DE759C5A3D-SegmentedRaftLogWorker] INFO  segmented.SegmentedRaftLogWorker (SegmentedRaftLogWorker.java:execute(576)) - e0635a91-29e0-4e97-b998-fafeaa1ac257@group-D0DE759C5A3D-SegmentedRaftLogWorker: created new log segment /workdir/hadoop-ozone/integration-test/target/test-dir/MiniOzoneClusterImpl-4fa34157-8494-46a2-a506-7f2258cc6eab/datanode-2/data/ratis/e1d03890-4f41-427b-bb3e-d0de759c5a3d/current/log_inprogress_0
2019-10-15 17:17:33,812 [dbc121b5-e1e8-4c61-9d50-542b699a3d90@group-B673650064C9-LeaderElection7] INFO  impl.LeaderElection (LeaderElection.java:askForVotes(178)) - dbc121b5-e1e8-4c61-9d50-542b699a3d90@group-B673650064C9-LeaderElection7: begin an election at term 1 for -1: [ebd8d1f9-8297-450f-abe7-393807ba0c7e:192.168.164.239:36510, dbc121b5-e1e8-4c61-9d50-542b699a3d90:192.168.164.239:43140, 79abbc2e-0a90-4a41-a17c-6388bb873359:192.168.164.239:37857], old=null
2019-10-15 17:17:33,842 [dbc121b5-e1e8-4c61-9d50-542b699a3d90@group-B673650064C9-LeaderElection7] INFO  impl.LeaderElection (LeaderElection.java:logAndReturn(56)) - dbc121b5-e1e8-4c61-9d50-542b699a3d90@group-B673650064C9-LeaderElection7: Election TIMEOUT; received 0 response(s) [] and 0 exception(s); dbc121b5-e1e8-4c61-9d50-542b699a3d90@group-B673650064C9:t1, leader=null, voted=dbc121b5-e1e8-4c61-9d50-542b699a3d90, raftlog=dbc121b5-e1e8-4c61-9d50-542b699a3d90@group-B673650064C9-SegmentedRaftLog:OPENED:c-1,f-1,i0, conf=-1: [ebd8d1f9-8297-450f-abe7-393807ba0c7e:192.168.164.239:36510, dbc121b5-e1e8-4c61-9d50-542b699a3d90:192.168.164.239:43140, 79abbc2e-0a90-4a41-a17c-6388bb873359:192.168.164.239:37857], old=null
2019-10-15 17:17:33,844 [ebd8d1f9-8297-450f-abe7-393807ba0c7e@group-B673650064C9-LeaderElection6] INFO  impl.LeaderElection (LeaderElection.java:logAndReturn(56)) - ebd8d1f9-8297-450f-abe7-393807ba0c7e@group-B673650064C9-LeaderElection6: Election PASSED; received 2 response(s) [ebd8d1f9-8297-450f-abe7-393807ba0c7e<-dbc121b5-e1e8-4c61-9d50-542b699a3d90#0:FAIL-t1, ebd8d1f9-8297-450f-abe7-393807ba0c7e<-79abbc2e-0a90-4a41-a17c-6388bb873359#0:OK-t1] and 0 exception(s); ebd8d1f9-8297-450f-abe7-393807ba0c7e@group-B673650064C9:t1, leader=null, voted=ebd8d1f9-8297-450f-abe7-393807ba0c7e, raftlog=ebd8d1f9-8297-450f-abe7-393807ba0c7e@group-B673650064C9-SegmentedRaftLog:OPENED:c-1,f-1,i0, conf=-1: [ebd8d1f9-8297-450f-abe7-393807ba0c7e:192.168.164.239:36510, dbc121b5-e1e8-4c61-9d50-542b699a3d90:192.168.164.239:43140, 79abbc2e-0a90-4a41-a17c-6388bb873359:192.168.164.239:37857], old=null
2019-10-15 17:17:33,845 [ebd8d1f9-8297-450f-abe7-393807ba0c7e@group-B673650064C9-LeaderElection6] INFO  impl.RoleInfo (RoleInfo.java:shutdownLeaderElection(134)) - ebd8d1f9-8297-450f-abe7-393807ba0c7e: shutdown LeaderElection
2019-10-15 17:17:33,847 [ebd8d1f9-8297-450f-abe7-393807ba0c7e@group-B673650064C9-LeaderElection6] INFO  impl.RaftServerImpl (RaftServerImpl.java:setRole(184)) - ebd8d1f9-8297-450f-abe7-393807ba0c7e@group-B673650064C9: changes role from CANDIDATE to LEADER at term 1 for changeToLeader
2019-10-15 17:17:33,847 [ebd8d1f9-8297-450f-abe7-393807ba0c7e@group-B673650064C9-LeaderElection6] INFO  impl.RaftServerImpl (ServerState.java:setLeader(256)) - ebd8d1f9-8297-450f-abe7-393807ba0c7e@group-B673650064C9: change Leader from null to ebd8d1f9-8297-450f-abe7-393807ba0c7e at term 1 for becomeLeader, leader elected after 186ms
2019-10-15 17:17:33,847 [ebd8d1f9-8297-450f-abe7-393807ba0c7e@group-B673650064C9-LeaderElection6] INFO  server.RaftServerConfigKeys (ConfUtils.java:logGet(43)) - raft.server.staging.catchup.gap = 1000 (default)
2019-10-15 17:17:33,848 [ebd8d1f9-8297-450f-abe7-393807ba0c7e@group-B673650064C9-LeaderElection6] INFO  server.RaftServerConfigKeys (ConfUtils.java:logGet(43)) - raft.server.rpc.sleep.time = 25ms (default)
2019-10-15 17:17:33,849 [ebd8d1f9-8297-450f-abe7-393807ba0c7e@group-B673650064C9-LeaderElection6] INFO  server.RaftServerConfigKeys (ConfUtils.java:logGet(43)) - raft.server.write.element-limit = 4096 (default)
2019-10-15 17:17:33,849 [ebd8d1f9-8297-450f-abe7-393807ba0c7e@group-B673650064C9-LeaderElection6] INFO  server.RaftServerConfigKeys (ConfUtils.java:logGet(43)) - raft.server.watch.timeout = 10s (default)
2019-10-15 17:17:33,849 [ebd8d1f9-8297-450f-abe7-393807ba0c7e@group-B673650064C9-LeaderElection6] INFO  server.RaftServerConfigKeys (ConfUtils.java:logGet(43)) - raft.server.watch.timeout.denomination = 1s (default)
2019-10-15 17:17:33,849 [ebd8d1f9-8297-450f-abe7-393807ba0c7e@group-B673650064C9-LeaderElection6] INFO  server.RaftServerConfigKeys (ConfUtils.java:logGet(43)) - raft.server.watch.element-limit = 65536 (default)
2019-10-15 17:17:33,854 [ebd8d1f9-8297-450f-abe7-393807ba0c7e@group-B673650064C9-LeaderElection6] INFO  server.RaftServerConfigKeys (ConfUtils.java:logGet(43)) - raft.server.log.appender.snapshot.chunk.size.max = 16MB (=16777216) (default)
2019-10-15 17:17:33,854 [ebd8d1f9-8297-450f-abe7-393807ba0c7e@group-B673650064C9-LeaderElection6] INFO  server.RaftServerConfigKeys (ConfUtils.java:logGet(43)) - raft.server.log.appender.buffer.byte-limit = 33554432 (custom)
2019-10-15 17:17:33,855 [ebd8d1f9-8297-450f-abe7-393807ba0c7e@group-B673650064C9-LeaderElection6] INFO  server.RaftServerConfigKeys (ConfUtils.java:logGet(43)) - raft.server.log.appender.buffer.element-limit = 1 (custom)
2019-10-15 17:17:33,857 [ebd8d1f9-8297-450f-abe7-393807ba0c7e@group-B673650064C9-LeaderElection6] INFO  grpc.GrpcConfigKeys$Server (ConfUtils.java:logGet(43)) - raft.grpc.server.leader.outstanding.appends.max = 128 (default)
2019-10-15 17:17:33,858 [ebd8d1f9-8297-450f-abe7-393807ba0c7e@group-B673650064C9-LeaderElection6] INFO  server.RaftServerConfigKeys (ConfUtils.java:logGet(43)) - raft.server.rpc.request.timeout = 3000ms (default)
2019-10-15 17:17:33,858 [ebd8d1f9-8297-450f-abe7-393807ba0c7e@group-B673650064C9-LeaderElection6] INFO  server.RaftServerConfigKeys (ConfUtils.java:logGet(43)) - raft.server.log.appender.install.snapshot.enabled = false (custom)
2019-10-15 17:17:33,863 [ebd8d1f9-8297-450f-abe7-393807ba0c7e@group-B673650064C9-LeaderElection6] INFO  server.RaftServerConfigKeys (ConfUtils.java:logGet(43)) - raft.server.log.appender.snapshot.chunk.size.max = 16MB (=16777216) (default)
2019-10-15 17:17:33,863 [ebd8d1f9-8297-450f-abe7-393807ba0c7e@group-B673650064C9-LeaderElection6] INFO  server.RaftServerConfigKeys (ConfUtils.java:logGet(43)) - raft.server.log.appender.buffer.byte-limit = 33554432 (custom)
2019-10-15 17:17:33,863 [ebd8d1f9-8297-450f-abe7-393807ba0c7e@group-B673650064C9-LeaderElection6] INFO  server.RaftServerConfigKeys (ConfUtils.java:logGet(43)) - raft.server.log.appender.buffer.element-limit = 1 (custom)
2019-10-15 17:17:33,864 [ebd8d1f9-8297-450f-abe7-393807ba0c7e@group-B673650064C9-LeaderElection6] INFO  grpc.GrpcConfigKeys$Server (ConfUtils.java:logGet(43)) - raft.grpc.server.leader.outstanding.appends.max = 128 (default)
2019-10-15 17:17:33,864 [ebd8d1f9-8297-450f-abe7-393807ba0c7e@group-B673650064C9-LeaderElection6] INFO  server.RaftServerConfigKeys (ConfUtils.java:logGet(43)) - raft.server.rpc.request.timeout = 3000ms (default)
2019-10-15 17:17:33,864 [ebd8d1f9-8297-450f-abe7-393807ba0c7e@group-B673650064C9-LeaderElection6] INFO  server.RaftServerConfigKeys (ConfUtils.java:logGet(43)) - raft.server.log.appender.install.snapshot.enabled = false (custom)
2019-10-15 17:17:33,868 [ebd8d1f9-8297-450f-abe7-393807ba0c7e@group-B673650064C9-LeaderElection6] INFO  impl.RoleInfo (RoleInfo.java:updateAndGet(143)) - ebd8d1f9-8297-450f-abe7-393807ba0c7e: start LeaderState
2019-10-15 17:17:33,869 [ebd8d1f9-8297-450f-abe7-393807ba0c7e@group-B673650064C9-LeaderElection6] INFO  segmented.SegmentedRaftLogWorker (SegmentedRaftLogWorker.java:startLogSegment(385)) - ebd8d1f9-8297-450f-abe7-393807ba0c7e@group-B673650064C9-SegmentedRaftLogWorker: Starting segment from index:0
2019-10-15 17:17:33,869 [ebd8d1f9-8297-450f-abe7-393807ba0c7e@group-B673650064C9-LeaderElection6] INFO  impl.RaftServerImpl (ServerState.java:setRaftConf(357)) - ebd8d1f9-8297-450f-abe7-393807ba0c7e@group-B673650064C9: set configuration 0: [ebd8d1f9-8297-450f-abe7-393807ba0c7e:192.168.164.239:36510, dbc121b5-e1e8-4c61-9d50-542b699a3d90:192.168.164.239:43140, 79abbc2e-0a90-4a41-a17c-6388bb873359:192.168.164.239:37857], old=null at 0
2019-10-15 17:17:33,914 [dbc121b5-e1e8-4c61-9d50-542b699a3d90@group-B673650064C9-LeaderElection7] INFO  impl.LeaderElection (LeaderElection.java:askForVotes(178)) - dbc121b5-e1e8-4c61-9d50-542b699a3d90@group-B673650064C9-LeaderElection7: begin an election at term 2 for -1: [ebd8d1f9-8297-450f-abe7-393807ba0c7e:192.168.164.239:36510, dbc121b5-e1e8-4c61-9d50-542b699a3d90:192.168.164.239:43140, 79abbc2e-0a90-4a41-a17c-6388bb873359:192.168.164.239:37857], old=null
2019-10-15 17:17:33,924 [grpc-default-executor-0] INFO  impl.RaftServerImpl (ServerState.java:setLeader(256)) - ebd8d1f9-8297-450f-abe7-393807ba0c7e@group-B673650064C9: change Leader from ebd8d1f9-8297-450f-abe7-393807ba0c7e to null at term 2 for updateCurrentTerm
2019-10-15 17:17:33,925 [grpc-default-executor-0] INFO  impl.RaftServerImpl (RaftServerImpl.java:setRole(184)) - ebd8d1f9-8297-450f-abe7-393807ba0c7e@group-B673650064C9: changes role from    LEADER to FOLLOWER at term 2 for recognizeCandidate:dbc121b5-e1e8-4c61-9d50-542b699a3d90
2019-10-15 17:17:33,926 [grpc-default-executor-0] INFO  impl.RoleInfo (RoleInfo.java:shutdownLeaderState(104)) - ebd8d1f9-8297-450f-abe7-393807ba0c7e: shutdown LeaderState
2019-10-15 17:17:33,926 [grpc-default-executor-1] INFO  impl.RaftServerImpl (RaftServerImpl.java:setRole(184)) - 79abbc2e-0a90-4a41-a17c-6388bb873359@group-B673650064C9: changes role from  FOLLOWER to FOLLOWER at term 2 for recognizeCandidate:dbc121b5-e1e8-4c61-9d50-542b699a3d90
2019-10-15 17:17:33,926 [grpc-default-executor-1] INFO  impl.RoleInfo (RoleInfo.java:shutdownFollowerState(121)) - 79abbc2e-0a90-4a41-a17c-6388bb873359: shutdown FollowerState
2019-10-15 17:17:33,926 [Thread-233] INFO  impl.FollowerState (FollowerState.java:run(117)) - 79abbc2e-0a90-4a41-a17c-6388bb873359@group-B673650064C9-FollowerState was interrupted: java.lang.InterruptedException: sleep interrupted
2019-10-15 17:17:33,928 [grpc-default-executor-1] INFO  impl.RoleInfo (RoleInfo.java:updateAndGet(143)) - 79abbc2e-0a90-4a41-a17c-6388bb873359: start FollowerState
2019-10-15 17:17:33,929 [ebd8d1f9-8297-450f-abe7-393807ba0c7e@group-B673650064C9-SegmentedRaftLogWorker] INFO  segmented.SegmentedRaftLogWorker (SegmentedRaftLogWorker.java:execute(576)) - ebd8d1f9-8297-450f-abe7-393807ba0c7e@group-B673650064C9-SegmentedRaftLogWorker: created new log segment /workdir/hadoop-ozone/integration-test/target/test-dir/MiniOzoneClusterImpl-4fa34157-8494-46a2-a506-7f2258cc6eab/datanode-0/data/ratis/ad9e22f8-2576-4b9b-abb4-b673650064c9/current/log_inprogress_0
2019-10-15 17:17:33,930 [grpc-default-executor-0] INFO  impl.PendingRequests (PendingRequests.java:sendNotLeaderResponses(202)) - ebd8d1f9-8297-450f-abe7-393807ba0c7e@group-B673650064C9-PendingRequests: sendNotLeaderResponses
2019-10-15 17:17:33,932 [grpc-default-executor-0] INFO  impl.RoleInfo (RoleInfo.java:updateAndGet(143)) - ebd8d1f9-8297-450f-abe7-393807ba0c7e: start FollowerState
2019-10-15 17:17:33,935 [org.apache.ratis.server.impl.LogAppender$AppenderDaemon$$Lambda$394/1561301726@1cd51114] WARN  server.GrpcLogAppender (GrpcLogAppender.java:mayWait(149)) - ebd8d1f9-8297-450f-abe7-393807ba0c7e@group-B673650064C9->79abbc2e-0a90-4a41-a17c-6388bb873359-GrpcLogAppender: Wait interrupted by java.lang.InterruptedException
2019-10-15 17:17:33,935 [org.apache.ratis.server.impl.LogAppender$AppenderDaemon$$Lambda$394/1561301726@4dd5dac1] WARN  server.GrpcLogAppender (GrpcLogAppender.java:mayWait(149)) - ebd8d1f9-8297-450f-abe7-393807ba0c7e@group-B673650064C9->dbc121b5-e1e8-4c61-9d50-542b699a3d90-GrpcLogAppender: Wait interrupted by java.lang.InterruptedException
2019-10-15 17:17:33,943 [grpc-default-executor-2] INFO  server.GrpcServerProtocolService (GrpcServerProtocolService.java:onCompleted(113)) - 79abbc2e-0a90-4a41-a17c-6388bb873359: Completed APPEND_ENTRIES, lastRequest: null
2019-10-15 17:17:33,943 [grpc-default-executor-3] INFO  server.GrpcServerProtocolService (GrpcServerProtocolService.java:onCompleted(113)) - dbc121b5-e1e8-4c61-9d50-542b699a3d90: Completed APPEND_ENTRIES, lastRequest: null
2019-10-15 17:17:33,950 [grpc-default-executor-2] INFO  server.GrpcLogAppender (GrpcLogAppender.java:onCompleted(308)) - ebd8d1f9-8297-450f-abe7-393807ba0c7e@group-B673650064C9->dbc121b5-e1e8-4c61-9d50-542b699a3d90-AppendLogResponseHandler: follower responses appendEntries COMPLETED
2019-10-15 17:17:33,950 [grpc-default-executor-3] INFO  server.GrpcLogAppender (GrpcLogAppender.java:onCompleted(308)) - ebd8d1f9-8297-450f-abe7-393807ba0c7e@group-B673650064C9->79abbc2e-0a90-4a41-a17c-6388bb873359-AppendLogResponseHandler: follower responses appendEntries COMPLETED
2019-10-15 17:17:33,956 [grpc-default-executor-2] INFO  impl.FollowerInfo (FollowerInfo.java:lambda$new$0(51)) - ebd8d1f9-8297-450f-abe7-393807ba0c7e@group-B673650064C9->dbc121b5-e1e8-4c61-9d50-542b699a3d90: nextIndex: updateUnconditionally 0 -> 0
2019-10-15 17:17:33,956 [grpc-default-executor-3] INFO  impl.FollowerInfo (FollowerInfo.java:lambda$new$0(51)) - ebd8d1f9-8297-450f-abe7-393807ba0c7e@group-B673650064C9->79abbc2e-0a90-4a41-a17c-6388bb873359: nextIndex: updateUnconditionally 0 -> 0
2019-10-15 17:17:33,959 [dbc121b5-e1e8-4c61-9d50-542b699a3d90@group-B673650064C9-LeaderElection7] INFO  impl.LeaderElection (LeaderElection.java:logAndReturn(56)) - dbc121b5-e1e8-4c61-9d50-542b699a3d90@group-B673650064C9-LeaderElection7: Election PASSED; received 1 response(s) [dbc121b5-e1e8-4c61-9d50-542b699a3d90<-79abbc2e-0a90-4a41-a17c-6388bb873359#0:OK-t2] and 0 exception(s); dbc121b5-e1e8-4c61-9d50-542b699a3d90@group-B673650064C9:t2, leader=null, voted=dbc121b5-e1e8-4c61-9d50-542b699a3d90, raftlog=dbc121b5-e1e8-4c61-9d50-542b699a3d90@group-B673650064C9-SegmentedRaftLog:OPENED:c-1,f-1,i0, conf=-1: [ebd8d1f9-8297-450f-abe7-393807ba0c7e:192.168.164.239:36510, dbc121b5-e1e8-4c61-9d50-542b699a3d90:192.168.164.239:43140, 79abbc2e-0a90-4a41-a17c-6388bb873359:192.168.164.239:37857], old=null
2019-10-15 17:17:33,960 [dbc121b5-e1e8-4c61-9d50-542b699a3d90@group-B673650064C9-LeaderElection7] INFO  impl.RoleInfo (RoleInfo.java:shutdownLeaderElection(134)) - dbc121b5-e1e8-4c61-9d50-542b699a3d90: shutdown LeaderElection
2019-10-15 17:17:33,963 [dbc121b5-e1e8-4c61-9d50-542b699a3d90@group-B673650064C9-LeaderElection7] INFO  impl.RaftServerImpl (RaftServerImpl.java:setRole(184)) - dbc121b5-e1e8-4c61-9d50-542b699a3d90@group-B673650064C9: changes role from CANDIDATE to LEADER at term 2 for changeToLeader
2019-10-15 17:17:33,963 [dbc121b5-e1e8-4c61-9d50-542b699a3d90@group-B673650064C9-LeaderElection7] INFO  impl.RaftServerImpl (ServerState.java:setLeader(256)) - dbc121b5-e1e8-4c61-9d50-542b699a3d90@group-B673650064C9: change Leader from null to dbc121b5-e1e8-4c61-9d50-542b699a3d90 at term 2 for becomeLeader, leader elected after 302ms
2019-10-15 17:17:33,963 [dbc121b5-e1e8-4c61-9d50-542b699a3d90@group-B673650064C9-LeaderElection7] INFO  server.RaftServerConfigKeys (ConfUtils.java:logGet(43)) - raft.server.staging.catchup.gap = 1000 (default)
2019-10-15 17:17:33,963 [dbc121b5-e1e8-4c61-9d50-542b699a3d90@group-B673650064C9-LeaderElection7] INFO  server.RaftServerConfigKeys (ConfUtils.java:logGet(43)) - raft.server.rpc.sleep.time = 25ms (default)
2019-10-15 17:17:33,964 [dbc121b5-e1e8-4c61-9d50-542b699a3d90@group-B673650064C9-LeaderElection7] INFO  server.RaftServerConfigKeys (ConfUtils.java:logGet(43)) - raft.server.write.element-limit = 4096 (default)
2019-10-15 17:17:33,964 [dbc121b5-e1e8-4c61-9d50-542b699a3d90@group-B673650064C9-LeaderElection7] INFO  server.RaftServerConfigKeys (ConfUtils.java:logGet(43)) - raft.server.watch.timeout = 10s (default)
2019-10-15 17:17:33,964 [dbc121b5-e1e8-4c61-9d50-542b699a3d90@group-B673650064C9-LeaderElection7] INFO  server.RaftServerConfigKeys (ConfUtils.java:logGet(43)) - raft.server.watch.timeout.denomination = 1s (default)
2019-10-15 17:17:33,964 [dbc121b5-e1e8-4c61-9d50-542b699a3d90@group-B673650064C9-LeaderElection7] INFO  server.RaftServerConfigKeys (ConfUtils.java:logGet(43)) - raft.server.watch.element-limit = 65536 (default)
2019-10-15 17:17:33,967 [dbc121b5-e1e8-4c61-9d50-542b699a3d90@group-B673650064C9-LeaderElection7] INFO  server.RaftServerConfigKeys (ConfUtils.java:logGet(43)) - raft.server.log.appender.snapshot.chunk.size.max = 16MB (=16777216) (default)
2019-10-15 17:17:33,967 [dbc121b5-e1e8-4c61-9d50-542b699a3d90@group-B673650064C9-LeaderElection7] INFO  server.RaftServerConfigKeys (ConfUtils.java:logGet(43)) - raft.server.log.appender.buffer.byte-limit = 33554432 (custom)
2019-10-15 17:17:33,968 [dbc121b5-e1e8-4c61-9d50-542b699a3d90@group-B673650064C9-LeaderElection7] INFO  server.RaftServerConfigKeys (ConfUtils.java:logGet(43)) - raft.server.log.appender.buffer.element-limit = 1 (custom)
2019-10-15 17:17:33,968 [dbc121b5-e1e8-4c61-9d50-542b699a3d90@group-B673650064C9-LeaderElection7] INFO  grpc.GrpcConfigKeys$Server (ConfUtils.java:logGet(43)) - raft.grpc.server.leader.outstanding.appends.max = 128 (default)
2019-10-15 17:17:33,968 [dbc121b5-e1e8-4c61-9d50-542b699a3d90@group-B673650064C9-LeaderElection7] INFO  server.RaftServerConfigKeys (ConfUtils.java:logGet(43)) - raft.server.rpc.request.timeout = 3000ms (default)
2019-10-15 17:17:33,968 [dbc121b5-e1e8-4c61-9d50-542b699a3d90@group-B673650064C9-LeaderElection7] INFO  server.RaftServerConfigKeys (ConfUtils.java:logGet(43)) - raft.server.log.appender.install.snapshot.enabled = false (custom)
2019-10-15 17:17:33,971 [dbc121b5-e1e8-4c61-9d50-542b699a3d90@group-B673650064C9-LeaderElection7] INFO  server.RaftServerConfigKeys (ConfUtils.java:logGet(43)) - raft.server.log.appender.snapshot.chunk.size.max = 16MB (=16777216) (default)
2019-10-15 17:17:33,971 [dbc121b5-e1e8-4c61-9d50-542b699a3d90@group-B673650064C9-LeaderElection7] INFO  server.RaftServerConfigKeys (ConfUtils.java:logGet(43)) - raft.server.log.appender.buffer.byte-limit = 33554432 (custom)
2019-10-15 17:17:33,971 [dbc121b5-e1e8-4c61-9d50-542b699a3d90@group-B673650064C9-LeaderElection7] INFO  server.RaftServerConfigKeys (ConfUtils.java:logGet(43)) - raft.server.log.appender.buffer.element-limit = 1 (custom)
2019-10-15 17:17:33,971 [dbc121b5-e1e8-4c61-9d50-542b699a3d90@group-B673650064C9-LeaderElection7] INFO  grpc.GrpcConfigKeys$Server (ConfUtils.java:logGet(43)) - raft.grpc.server.leader.outstanding.appends.max = 128 (default)
2019-10-15 17:17:33,972 [dbc121b5-e1e8-4c61-9d50-542b699a3d90@group-B673650064C9-LeaderElection7] INFO  server.RaftServerConfigKeys (ConfUtils.java:logGet(43)) - raft.server.rpc.request.timeout = 3000ms (default)
2019-10-15 17:17:33,972 [dbc121b5-e1e8-4c61-9d50-542b699a3d90@group-B673650064C9-LeaderElection7] INFO  server.RaftServerConfigKeys (ConfUtils.java:logGet(43)) - raft.server.log.appender.install.snapshot.enabled = false (custom)
2019-10-15 17:17:33,974 [Thread-241] INFO  impl.FollowerState (FollowerState.java:run(108)) - 79abbc2e-0a90-4a41-a17c-6388bb873359@group-B673650064C9-FollowerState: change to CANDIDATE, lastRpcTime:46ms, electionTimeout:44ms
2019-10-15 17:17:33,975 [Thread-241] INFO  impl.RoleInfo (RoleInfo.java:shutdownFollowerState(121)) - 79abbc2e-0a90-4a41-a17c-6388bb873359: shutdown FollowerState
2019-10-15 17:17:33,975 [Thread-241] INFO  impl.RaftServerImpl (RaftServerImpl.java:setRole(184)) - 79abbc2e-0a90-4a41-a17c-6388bb873359@group-B673650064C9: changes role from  FOLLOWER to CANDIDATE at term 2 for changeToCandidate
2019-10-15 17:17:33,975 [Thread-241] INFO  impl.RoleInfo (RoleInfo.java:updateAndGet(143)) - 79abbc2e-0a90-4a41-a17c-6388bb873359: start LeaderElection
2019-10-15 17:17:33,977 [dbc121b5-e1e8-4c61-9d50-542b699a3d90@group-B673650064C9-LeaderElection7] INFO  impl.RoleInfo (RoleInfo.java:updateAndGet(143)) - dbc121b5-e1e8-4c61-9d50-542b699a3d90: start LeaderState
2019-10-15 17:17:33,977 [dbc121b5-e1e8-4c61-9d50-542b699a3d90@group-B673650064C9-LeaderElection7] INFO  segmented.SegmentedRaftLogWorker (SegmentedRaftLogWorker.java:startLogSegment(385)) - dbc121b5-e1e8-4c61-9d50-542b699a3d90@group-B673650064C9-SegmentedRaftLogWorker: Starting segment from index:0
2019-10-15 17:17:33,978 [dbc121b5-e1e8-4c61-9d50-542b699a3d90@group-B673650064C9-LeaderElection7] INFO  impl.RaftServerImpl (ServerState.java:setRaftConf(357)) - dbc121b5-e1e8-4c61-9d50-542b699a3d90@group-B673650064C9: set configuration 0: [ebd8d1f9-8297-450f-abe7-393807ba0c7e:192.168.164.239:36510, dbc121b5-e1e8-4c61-9d50-542b699a3d90:192.168.164.239:43140, 79abbc2e-0a90-4a41-a17c-6388bb873359:192.168.164.239:37857], old=null at 0
2019-10-15 17:17:34,018 [79abbc2e-0a90-4a41-a17c-6388bb873359@group-B673650064C9-LeaderElection8] INFO  impl.LeaderElection (LeaderElection.java:askForVotes(178)) - 79abbc2e-0a90-4a41-a17c-6388bb873359@group-B673650064C9-LeaderElection8: begin an election at term 3 for -1: [ebd8d1f9-8297-450f-abe7-393807ba0c7e:192.168.164.239:36510, dbc121b5-e1e8-4c61-9d50-542b699a3d90:192.168.164.239:43140, 79abbc2e-0a90-4a41-a17c-6388bb873359:192.168.164.239:37857], old=null
2019-10-15 17:17:34,034 [grpc-default-executor-0] INFO  impl.RaftServerImpl (RaftServerImpl.java:setRole(184)) - ebd8d1f9-8297-450f-abe7-393807ba0c7e@group-B673650064C9: changes role from  FOLLOWER to FOLLOWER at term 3 for recognizeCandidate:79abbc2e-0a90-4a41-a17c-6388bb873359
2019-10-15 17:17:34,034 [grpc-default-executor-0] INFO  impl.RoleInfo (RoleInfo.java:shutdownFollowerState(121)) - ebd8d1f9-8297-450f-abe7-393807ba0c7e: shutdown FollowerState
2019-10-15 17:17:34,034 [Thread-242] INFO  impl.FollowerState (FollowerState.java:run(117)) - ebd8d1f9-8297-450f-abe7-393807ba0c7e@group-B673650064C9-FollowerState was interrupted: java.lang.InterruptedException: sleep interrupted
2019-10-15 17:17:34,034 [grpc-default-executor-0] INFO  impl.RoleInfo (RoleInfo.java:updateAndGet(143)) - ebd8d1f9-8297-450f-abe7-393807ba0c7e: start FollowerState
2019-10-15 17:17:34,038 [grpc-default-executor-1] INFO  impl.RaftServerImpl (ServerState.java:setLeader(256)) - dbc121b5-e1e8-4c61-9d50-542b699a3d90@group-B673650064C9: change Leader from dbc121b5-e1e8-4c61-9d50-542b699a3d90 to null at term 3 for updateCurrentTerm
2019-10-15 17:17:34,038 [grpc-default-executor-1] INFO  impl.RaftServerImpl (RaftServerImpl.java:setRole(184)) - dbc121b5-e1e8-4c61-9d50-542b699a3d90@group-B673650064C9: changes role from    LEADER to FOLLOWER at term 3 for recognizeCandidate:79abbc2e-0a90-4a41-a17c-6388bb873359
2019-10-15 17:17:34,038 [grpc-default-executor-1] INFO  impl.RoleInfo (RoleInfo.java:shutdownLeaderState(104)) - dbc121b5-e1e8-4c61-9d50-542b699a3d90: shutdown LeaderState
2019-10-15 17:17:34,040 [org.apache.ratis.server.impl.LogAppender$AppenderDaemon$$Lambda$394/1561301726@19c1aee5] WARN  server.GrpcLogAppender (GrpcLogAppender.java:mayWait(149)) - dbc121b5-e1e8-4c61-9d50-542b699a3d90@group-B673650064C9->79abbc2e-0a90-4a41-a17c-6388bb873359-GrpcLogAppender: Wait interrupted by java.lang.InterruptedException
2019-10-15 17:17:34,040 [dbc121b5-e1e8-4c61-9d50-542b699a3d90@group-B673650064C9-SegmentedRaftLogWorker] INFO  segmented.SegmentedRaftLogWorker (SegmentedRaftLogWorker.java:execute(576)) - dbc121b5-e1e8-4c61-9d50-542b699a3d90@group-B673650064C9-SegmentedRaftLogWorker: created new log segment /workdir/hadoop-ozone/integration-test/target/test-dir/MiniOzoneClusterImpl-4fa34157-8494-46a2-a506-7f2258cc6eab/datanode-3/data/ratis/ad9e22f8-2576-4b9b-abb4-b673650064c9/current/log_inprogress_0
2019-10-15 17:17:34,040 [grpc-default-executor-1] INFO  impl.PendingRequests (PendingRequests.java:sendNotLeaderResponses(202)) - dbc121b5-e1e8-4c61-9d50-542b699a3d90@group-B673650064C9-PendingRequests: sendNotLeaderResponses
2019-10-15 17:17:34,040 [org.apache.ratis.server.impl.LogAppender$AppenderDaemon$$Lambda$394/1561301726@4582ef6f] WARN  server.GrpcLogAppender (GrpcLogAppender.java:mayWait(149)) - dbc121b5-e1e8-4c61-9d50-542b699a3d90@group-B673650064C9->ebd8d1f9-8297-450f-abe7-393807ba0c7e-GrpcLogAppender: Wait interrupted by java.lang.InterruptedException
2019-10-15 17:17:34,041 [grpc-default-executor-1] INFO  impl.RoleInfo (RoleInfo.java:updateAndGet(143)) - dbc121b5-e1e8-4c61-9d50-542b699a3d90: start FollowerState
2019-10-15 17:17:34,047 [grpc-default-executor-2] INFO  server.GrpcServerProtocolService (GrpcServerProtocolService.java:onCompleted(113)) - 79abbc2e-0a90-4a41-a17c-6388bb873359: Completed APPEND_ENTRIES, lastRequest: dbc121b5-e1e8-4c61-9d50-542b699a3d90->79abbc2e-0a90-4a41-a17c-6388bb873359#0-t2, previous=(t:0, i:0), leaderCommit=-1, initializing? false, entries: <empty>
2019-10-15 17:17:34,056 [grpc-default-executor-2] INFO  server.GrpcLogAppender (GrpcLogAppender.java:onCompleted(308)) - dbc121b5-e1e8-4c61-9d50-542b699a3d90@group-B673650064C9->79abbc2e-0a90-4a41-a17c-6388bb873359-AppendLogResponseHandler: follower responses appendEntries COMPLETED
2019-10-15 17:17:34,058 [grpc-default-executor-3] INFO  server.GrpcServerProtocolService (GrpcServerProtocolService.java:onCompleted(113)) - ebd8d1f9-8297-450f-abe7-393807ba0c7e: Completed APPEND_ENTRIES, lastRequest: dbc121b5-e1e8-4c61-9d50-542b699a3d90->ebd8d1f9-8297-450f-abe7-393807ba0c7e#0-t2, previous=(t:0, i:0), leaderCommit=-1, initializing? false, entries: <empty>
2019-10-15 17:17:34,062 [grpc-default-executor-3] INFO  server.GrpcLogAppender (GrpcLogAppender.java:onCompleted(308)) - dbc121b5-e1e8-4c61-9d50-542b699a3d90@group-B673650064C9->ebd8d1f9-8297-450f-abe7-393807ba0c7e-AppendLogResponseHandler: follower responses appendEntries COMPLETED
2019-10-15 17:17:34,065 [grpc-default-executor-2] INFO  impl.FollowerInfo (FollowerInfo.java:lambda$new$0(51)) - dbc121b5-e1e8-4c61-9d50-542b699a3d90@group-B673650064C9->79abbc2e-0a90-4a41-a17c-6388bb873359: nextIndex: updateUnconditionally 0 -> 0
2019-10-15 17:17:34,071 [79abbc2e-0a90-4a41-a17c-6388bb873359@group-B673650064C9-LeaderElection8] INFO  impl.LeaderElection (LeaderElection.java:logAndReturn(56)) - 79abbc2e-0a90-4a41-a17c-6388bb873359@group-B673650064C9-LeaderElection8: Election REJECTED; received 2 response(s) [79abbc2e-0a90-4a41-a17c-6388bb873359<-ebd8d1f9-8297-450f-abe7-393807ba0c7e#0:FAIL-t3, 79abbc2e-0a90-4a41-a17c-6388bb873359<-dbc121b5-e1e8-4c61-9d50-542b699a3d90#0:FAIL-t3] and 0 exception(s); 79abbc2e-0a90-4a41-a17c-6388bb873359@group-B673650064C9:t3, leader=null, voted=79abbc2e-0a90-4a41-a17c-6388bb873359, raftlog=79abbc2e-0a90-4a41-a17c-6388bb873359@group-B673650064C9-SegmentedRaftLog:OPENED:c-1,f-1,i0, conf=-1: [ebd8d1f9-8297-450f-abe7-393807ba0c7e:192.168.164.239:36510, dbc121b5-e1e8-4c61-9d50-542b699a3d90:192.168.164.239:43140, 79abbc2e-0a90-4a41-a17c-6388bb873359:192.168.164.239:37857], old=null
2019-10-15 17:17:34,072 [79abbc2e-0a90-4a41-a17c-6388bb873359@group-B673650064C9-LeaderElection8] INFO  impl.RaftServerImpl (RaftServerImpl.java:setRole(184)) - 79abbc2e-0a90-4a41-a17c-6388bb873359@group-B673650064C9: changes role from CANDIDATE to FOLLOWER at term 3 for DISCOVERED_A_NEW_TERM
2019-10-15 17:17:34,075 [79abbc2e-0a90-4a41-a17c-6388bb873359@group-B673650064C9-LeaderElection8] INFO  impl.RoleInfo (RoleInfo.java:shutdownLeaderElection(134)) - 79abbc2e-0a90-4a41-a17c-6388bb873359: shutdown LeaderElection
2019-10-15 17:17:34,076 [79abbc2e-0a90-4a41-a17c-6388bb873359@group-B673650064C9-LeaderElection8] INFO  impl.RoleInfo (RoleInfo.java:updateAndGet(143)) - 79abbc2e-0a90-4a41-a17c-6388bb873359: start FollowerState
2019-10-15 17:17:34,076 [grpc-default-executor-3] INFO  impl.FollowerInfo (FollowerInfo.java:lambda$new$0(51)) - dbc121b5-e1e8-4c61-9d50-542b699a3d90@group-B673650064C9->ebd8d1f9-8297-450f-abe7-393807ba0c7e: nextIndex: updateUnconditionally 0 -> 0
2019-10-15 17:17:34,255 [Thread-253] INFO  impl.FollowerState (FollowerState.java:run(108)) - 79abbc2e-0a90-4a41-a17c-6388bb873359@group-B673650064C9-FollowerState: change to CANDIDATE, lastRpcTime:178ms, electionTimeout:177ms
2019-10-15 17:17:34,257 [Thread-253] INFO  impl.RoleInfo (RoleInfo.java:shutdownFollowerState(121)) - 79abbc2e-0a90-4a41-a17c-6388bb873359: shutdown FollowerState
2019-10-15 17:17:34,257 [Thread-253] INFO  impl.RaftServerImpl (RaftServerImpl.java:setRole(184)) - 79abbc2e-0a90-4a41-a17c-6388bb873359@group-B673650064C9: changes role from  FOLLOWER to CANDIDATE at term 3 for changeToCandidate
2019-10-15 17:17:34,258 [Thread-253] INFO  impl.RoleInfo (RoleInfo.java:updateAndGet(143)) - 79abbc2e-0a90-4a41-a17c-6388bb873359: start LeaderElection
2019-10-15 17:17:34,281 [79abbc2e-0a90-4a41-a17c-6388bb873359@group-B673650064C9-LeaderElection9] INFO  impl.LeaderElection (LeaderElection.java:askForVotes(178)) - 79abbc2e-0a90-4a41-a17c-6388bb873359@group-B673650064C9-LeaderElection9: begin an election at term 4 for -1: [ebd8d1f9-8297-450f-abe7-393807ba0c7e:192.168.164.239:36510, dbc121b5-e1e8-4c61-9d50-542b699a3d90:192.168.164.239:43140, 79abbc2e-0a90-4a41-a17c-6388bb873359:192.168.164.239:37857], old=null
2019-10-15 17:17:34,293 [grpc-default-executor-2] INFO  impl.RaftServerImpl (RaftServerImpl.java:setRole(184)) - dbc121b5-e1e8-4c61-9d50-542b699a3d90@group-B673650064C9: changes role from  FOLLOWER to FOLLOWER at term 4 for recognizeCandidate:79abbc2e-0a90-4a41-a17c-6388bb873359
2019-10-15 17:17:34,293 [grpc-default-executor-3] INFO  impl.RaftServerImpl (RaftServerImpl.java:setRole(184)) - ebd8d1f9-8297-450f-abe7-393807ba0c7e@group-B673650064C9: changes role from  FOLLOWER to FOLLOWER at term 4 for recognizeCandidate:79abbc2e-0a90-4a41-a17c-6388bb873359
2019-10-15 17:17:34,293 [grpc-default-executor-2] INFO  impl.RoleInfo (RoleInfo.java:shutdownFollowerState(121)) - dbc121b5-e1e8-4c61-9d50-542b699a3d90: shutdown FollowerState
2019-10-15 17:17:34,293 [grpc-default-executor-3] INFO  impl.RoleInfo (RoleInfo.java:shutdownFollowerState(121)) - ebd8d1f9-8297-450f-abe7-393807ba0c7e: shutdown FollowerState
2019-10-15 17:17:34,293 [Thread-252] INFO  impl.FollowerState (FollowerState.java:run(117)) - dbc121b5-e1e8-4c61-9d50-542b699a3d90@group-B673650064C9-FollowerState was interrupted: java.lang.InterruptedException: sleep interrupted
2019-10-15 17:17:34,294 [grpc-default-executor-3] INFO  impl.RoleInfo (RoleInfo.java:updateAndGet(143)) - ebd8d1f9-8297-450f-abe7-393807ba0c7e: start FollowerState
2019-10-15 17:17:34,293 [grpc-default-executor-2] INFO  impl.RoleInfo (RoleInfo.java:updateAndGet(143)) - dbc121b5-e1e8-4c61-9d50-542b699a3d90: start FollowerState
2019-10-15 17:17:34,294 [Thread-251] INFO  impl.FollowerState (FollowerState.java:run(117)) - ebd8d1f9-8297-450f-abe7-393807ba0c7e@group-B673650064C9-FollowerState was interrupted: java.lang.InterruptedException: sleep interrupted
2019-10-15 17:17:34,339 [79abbc2e-0a90-4a41-a17c-6388bb873359@group-B673650064C9-LeaderElection9] INFO  impl.LeaderElection (LeaderElection.java:logAndReturn(56)) - 79abbc2e-0a90-4a41-a17c-6388bb873359@group-B673650064C9-LeaderElection9: Election TIMEOUT; received 0 response(s) [] and 0 exception(s); 79abbc2e-0a90-4a41-a17c-6388bb873359@group-B673650064C9:t4, leader=null, voted=79abbc2e-0a90-4a41-a17c-6388bb873359, raftlog=79abbc2e-0a90-4a41-a17c-6388bb873359@group-B673650064C9-SegmentedRaftLog:OPENED:c-1,f-1,i0, conf=-1: [ebd8d1f9-8297-450f-abe7-393807ba0c7e:192.168.164.239:36510, dbc121b5-e1e8-4c61-9d50-542b699a3d90:192.168.164.239:43140, 79abbc2e-0a90-4a41-a17c-6388bb873359:192.168.164.239:37857], old=null
2019-10-15 17:17:34,647 [79abbc2e-0a90-4a41-a17c-6388bb873359@group-B673650064C9-LeaderElection9] INFO  impl.LeaderElection (LeaderElection.java:askForVotes(178)) - 79abbc2e-0a90-4a41-a17c-6388bb873359@group-B673650064C9-LeaderElection9: begin an election at term 5 for -1: [ebd8d1f9-8297-450f-abe7-393807ba0c7e:192.168.164.239:36510, dbc121b5-e1e8-4c61-9d50-542b699a3d90:192.168.164.239:43140, 79abbc2e-0a90-4a41-a17c-6388bb873359:192.168.164.239:37857], old=null
2019-10-15 17:17:34,691 [grpc-default-executor-3] INFO  impl.RaftServerImpl (RaftServerImpl.java:setRole(184)) - dbc121b5-e1e8-4c61-9d50-542b699a3d90@group-B673650064C9: changes role from  FOLLOWER to FOLLOWER at term 5 for recognizeCandidate:79abbc2e-0a90-4a41-a17c-6388bb873359
2019-10-15 17:17:34,691 [grpc-default-executor-2] INFO  impl.RaftServerImpl (RaftServerImpl.java:setRole(184)) - ebd8d1f9-8297-450f-abe7-393807ba0c7e@group-B673650064C9: changes role from  FOLLOWER to FOLLOWER at term 5 for recognizeCandidate:79abbc2e-0a90-4a41-a17c-6388bb873359
2019-10-15 17:17:34,693 [grpc-default-executor-3] INFO  impl.RoleInfo (RoleInfo.java:shutdownFollowerState(121)) - dbc121b5-e1e8-4c61-9d50-542b699a3d90: shutdown FollowerState
2019-10-15 17:17:34,693 [grpc-default-executor-2] INFO  impl.RoleInfo (RoleInfo.java:shutdownFollowerState(121)) - ebd8d1f9-8297-450f-abe7-393807ba0c7e: shutdown FollowerState
2019-10-15 17:17:34,694 [grpc-default-executor-3] INFO  impl.RoleInfo (RoleInfo.java:updateAndGet(143)) - dbc121b5-e1e8-4c61-9d50-542b699a3d90: start FollowerState
2019-10-15 17:17:34,694 [Thread-259] INFO  impl.FollowerState (FollowerState.java:run(117)) - dbc121b5-e1e8-4c61-9d50-542b699a3d90@group-B673650064C9-FollowerState was interrupted: java.lang.InterruptedException: sleep interrupted
2019-10-15 17:17:34,694 [grpc-default-executor-2] INFO  impl.RoleInfo (RoleInfo.java:updateAndGet(143)) - ebd8d1f9-8297-450f-abe7-393807ba0c7e: start FollowerState
2019-10-15 17:17:34,694 [Thread-260] INFO  impl.FollowerState (FollowerState.java:run(117)) - ebd8d1f9-8297-450f-abe7-393807ba0c7e@group-B673650064C9-FollowerState was interrupted: java.lang.InterruptedException: sleep interrupted
2019-10-15 17:17:34,727 [79abbc2e-0a90-4a41-a17c-6388bb873359@group-B673650064C9-LeaderElection9] INFO  impl.LeaderElection (LeaderElection.java:logAndReturn(56)) - 79abbc2e-0a90-4a41-a17c-6388bb873359@group-B673650064C9-LeaderElection9: Election TIMEOUT; received 0 response(s) [] and 0 exception(s); 79abbc2e-0a90-4a41-a17c-6388bb873359@group-B673650064C9:t5, leader=null, voted=79abbc2e-0a90-4a41-a17c-6388bb873359, raftlog=79abbc2e-0a90-4a41-a17c-6388bb873359@group-B673650064C9-SegmentedRaftLog:OPENED:c-1,f-1,i0, conf=-1: [ebd8d1f9-8297-450f-abe7-393807ba0c7e:192.168.164.239:36510, dbc121b5-e1e8-4c61-9d50-542b699a3d90:192.168.164.239:43140, 79abbc2e-0a90-4a41-a17c-6388bb873359:192.168.164.239:37857], old=null
2019-10-15 17:17:34,750 [79abbc2e-0a90-4a41-a17c-6388bb873359@group-B673650064C9-LeaderElection9] INFO  impl.LeaderElection (LeaderElection.java:askForVotes(178)) - 79abbc2e-0a90-4a41-a17c-6388bb873359@group-B673650064C9-LeaderElection9: begin an election at term 6 for -1: [ebd8d1f9-8297-450f-abe7-393807ba0c7e:192.168.164.239:36510, dbc121b5-e1e8-4c61-9d50-542b699a3d90:192.168.164.239:43140, 79abbc2e-0a90-4a41-a17c-6388bb873359:192.168.164.239:37857], old=null
2019-10-15 17:17:34,754 [grpc-default-executor-2] INFO  impl.RaftServerImpl (RaftServerImpl.java:setRole(184)) - ebd8d1f9-8297-450f-abe7-393807ba0c7e@group-B673650064C9: changes role from  FOLLOWER to FOLLOWER at term 6 for recognizeCandidate:79abbc2e-0a90-4a41-a17c-6388bb873359
2019-10-15 17:17:34,754 [grpc-default-executor-3] INFO  impl.RaftServerImpl (RaftServerImpl.java:setRole(184)) - dbc121b5-e1e8-4c61-9d50-542b699a3d90@group-B673650064C9: changes role from  FOLLOWER to FOLLOWER at term 6 for recognizeCandidate:79abbc2e-0a90-4a41-a17c-6388bb873359
2019-10-15 17:17:34,755 [grpc-default-executor-2] INFO  impl.RoleInfo (RoleInfo.java:shutdownFollowerState(121)) - ebd8d1f9-8297-450f-abe7-393807ba0c7e: shutdown FollowerState
2019-10-15 17:17:34,755 [grpc-default-executor-3] INFO  impl.RoleInfo (RoleInfo.java:shutdownFollowerState(121)) - dbc121b5-e1e8-4c61-9d50-542b699a3d90: shutdown FollowerState
2019-10-15 17:17:34,755 [Thread-264] INFO  impl.FollowerState (FollowerState.java:run(117)) - ebd8d1f9-8297-450f-abe7-393807ba0c7e@group-B673650064C9-FollowerState was interrupted: java.lang.InterruptedException: sleep interrupted
2019-10-15 17:17:34,755 [grpc-default-executor-2] INFO  impl.RoleInfo (RoleInfo.java:updateAndGet(143)) - ebd8d1f9-8297-450f-abe7-393807ba0c7e: start FollowerState
2019-10-15 17:17:34,755 [Thread-263] INFO  impl.FollowerState (FollowerState.java:run(117)) - dbc121b5-e1e8-4c61-9d50-542b699a3d90@group-B673650064C9-FollowerState was interrupted: java.lang.InterruptedException: sleep interrupted
2019-10-15 17:17:34,755 [grpc-default-executor-3] INFO  impl.RoleInfo (RoleInfo.java:updateAndGet(143)) - dbc121b5-e1e8-4c61-9d50-542b699a3d90: start FollowerState
2019-10-15 17:17:34,772 [79abbc2e-0a90-4a41-a17c-6388bb873359@group-B673650064C9-LeaderElection9] INFO  impl.LeaderElection (LeaderElection.java:logAndReturn(56)) - 79abbc2e-0a90-4a41-a17c-6388bb873359@group-B673650064C9-LeaderElection9: Election TIMEOUT; received 0 response(s) [] and 0 exception(s); 79abbc2e-0a90-4a41-a17c-6388bb873359@group-B673650064C9:t6, leader=null, voted=79abbc2e-0a90-4a41-a17c-6388bb873359, raftlog=79abbc2e-0a90-4a41-a17c-6388bb873359@group-B673650064C9-SegmentedRaftLog:OPENED:c-1,f-1,i0, conf=-1: [ebd8d1f9-8297-450f-abe7-393807ba0c7e:192.168.164.239:36510, dbc121b5-e1e8-4c61-9d50-542b699a3d90:192.168.164.239:43140, 79abbc2e-0a90-4a41-a17c-6388bb873359:192.168.164.239:37857], old=null
2019-10-15 17:17:34,802 [79abbc2e-0a90-4a41-a17c-6388bb873359@group-B673650064C9-LeaderElection9] INFO  impl.LeaderElection (LeaderElection.java:askForVotes(178)) - 79abbc2e-0a90-4a41-a17c-6388bb873359@group-B673650064C9-LeaderElection9: begin an election at term 7 for -1: [ebd8d1f9-8297-450f-abe7-393807ba0c7e:192.168.164.239:36510, dbc121b5-e1e8-4c61-9d50-542b699a3d90:192.168.164.239:43140, 79abbc2e-0a90-4a41-a17c-6388bb873359:192.168.164.239:37857], old=null
2019-10-15 17:17:34,808 [grpc-default-executor-0] INFO  impl.RaftServerImpl (RaftServerImpl.java:setRole(184)) - dbc121b5-e1e8-4c61-9d50-542b699a3d90@group-B673650064C9: changes role from  FOLLOWER to FOLLOWER at term 7 for recognizeCandidate:79abbc2e-0a90-4a41-a17c-6388bb873359
2019-10-15 17:17:34,809 [grpc-default-executor-0] INFO  impl.RoleInfo (RoleInfo.java:shutdownFollowerState(121)) - dbc121b5-e1e8-4c61-9d50-542b699a3d90: shutdown FollowerState
2019-10-15 17:17:34,809 [grpc-default-executor-2] INFO  impl.RaftServerImpl (RaftServerImpl.java:setRole(184)) - ebd8d1f9-8297-450f-abe7-393807ba0c7e@group-B673650064C9: changes role from  FOLLOWER to FOLLOWER at term 7 for recognizeCandidate:79abbc2e-0a90-4a41-a17c-6388bb873359
2019-10-15 17:17:34,809 [grpc-default-executor-0] INFO  impl.RoleInfo (RoleInfo.java:updateAndGet(143)) - dbc121b5-e1e8-4c61-9d50-542b699a3d90: start FollowerState
2019-10-15 17:17:34,809 [grpc-default-executor-2] INFO  impl.RoleInfo (RoleInfo.java:shutdownFollowerState(121)) - ebd8d1f9-8297-450f-abe7-393807ba0c7e: shutdown FollowerState
2019-10-15 17:17:34,809 [Thread-269] INFO  impl.FollowerState (FollowerState.java:run(117)) - dbc121b5-e1e8-4c61-9d50-542b699a3d90@group-B673650064C9-FollowerState was interrupted: java.lang.InterruptedException: sleep interrupted
2019-10-15 17:17:34,810 [grpc-default-executor-2] INFO  impl.RoleInfo (RoleInfo.java:updateAndGet(143)) - ebd8d1f9-8297-450f-abe7-393807ba0c7e: start FollowerState
2019-10-15 17:17:34,810 [Thread-268] INFO  impl.FollowerState (FollowerState.java:run(117)) - ebd8d1f9-8297-450f-abe7-393807ba0c7e@group-B673650064C9-FollowerState was interrupted: java.lang.InterruptedException: sleep interrupted
2019-10-15 17:17:34,837 [79abbc2e-0a90-4a41-a17c-6388bb873359@group-B673650064C9-LeaderElection9] INFO  impl.LeaderElection (LeaderElection.java:logAndReturn(56)) - 79abbc2e-0a90-4a41-a17c-6388bb873359@group-B673650064C9-LeaderElection9: Election REJECTED; received 2 response(s) [79abbc2e-0a90-4a41-a17c-6388bb873359<-ebd8d1f9-8297-450f-abe7-393807ba0c7e#0:FAIL-t7, 79abbc2e-0a90-4a41-a17c-6388bb873359<-dbc121b5-e1e8-4c61-9d50-542b699a3d90#0:FAIL-t7] and 0 exception(s); 79abbc2e-0a90-4a41-a17c-6388bb873359@group-B673650064C9:t7, leader=null, voted=79abbc2e-0a90-4a41-a17c-6388bb873359, raftlog=79abbc2e-0a90-4a41-a17c-6388bb873359@group-B673650064C9-SegmentedRaftLog:OPENED:c-1,f-1,i0, conf=-1: [ebd8d1f9-8297-450f-abe7-393807ba0c7e:192.168.164.239:36510, dbc121b5-e1e8-4c61-9d50-542b699a3d90:192.168.164.239:43140, 79abbc2e-0a90-4a41-a17c-6388bb873359:192.168.164.239:37857], old=null
2019-10-15 17:17:34,837 [79abbc2e-0a90-4a41-a17c-6388bb873359@group-B673650064C9-LeaderElection9] INFO  impl.RaftServerImpl (RaftServerImpl.java:setRole(184)) - 79abbc2e-0a90-4a41-a17c-6388bb873359@group-B673650064C9: changes role from CANDIDATE to FOLLOWER at term 7 for DISCOVERED_A_NEW_TERM
2019-10-15 17:17:34,838 [79abbc2e-0a90-4a41-a17c-6388bb873359@group-B673650064C9-LeaderElection9] INFO  impl.RoleInfo (RoleInfo.java:shutdownLeaderElection(134)) - 79abbc2e-0a90-4a41-a17c-6388bb873359: shutdown LeaderElection
2019-10-15 17:17:34,838 [79abbc2e-0a90-4a41-a17c-6388bb873359@group-B673650064C9-LeaderElection9] INFO  impl.RoleInfo (RoleInfo.java:updateAndGet(143)) - 79abbc2e-0a90-4a41-a17c-6388bb873359: start FollowerState
2019-10-15 17:17:34,848 [Thread-274] INFO  impl.FollowerState (FollowerState.java:run(108)) - 79abbc2e-0a90-4a41-a17c-6388bb873359@group-B673650064C9-FollowerState: change to CANDIDATE, lastRpcTime:9ms, electionTimeout:8ms
2019-10-15 17:17:34,849 [Thread-274] INFO  impl.RoleInfo (RoleInfo.java:shutdownFollowerState(121)) - 79abbc2e-0a90-4a41-a17c-6388bb873359: shutdown FollowerState
2019-10-15 17:17:34,849 [Thread-274] INFO  impl.RaftServerImpl (RaftServerImpl.java:setRole(184)) - 79abbc2e-0a90-4a41-a17c-6388bb873359@group-B673650064C9: changes role from  FOLLOWER to CANDIDATE at term 7 for changeToCandidate
2019-10-15 17:17:34,849 [Thread-274] INFO  impl.RoleInfo (RoleInfo.java:updateAndGet(143)) - 79abbc2e-0a90-4a41-a17c-6388bb873359: start LeaderElection
2019-10-15 17:17:34,872 [Thread-275] INFO  rpc.RpcClient (RpcClient.java:createVolume(272)) - Creating Volume: 0c19609a-1814-487c-b912-ab0fea55e7e1, with jenkins1000 as owner.
2019-10-15 17:17:34,885 [79abbc2e-0a90-4a41-a17c-6388bb873359@group-B673650064C9-LeaderElection10] INFO  impl.LeaderElection (LeaderElection.java:askForVotes(178)) - 79abbc2e-0a90-4a41-a17c-6388bb873359@group-B673650064C9-LeaderElection10: begin an election at term 8 for -1: [ebd8d1f9-8297-450f-abe7-393807ba0c7e:192.168.164.239:36510, dbc121b5-e1e8-4c61-9d50-542b699a3d90:192.168.164.239:43140, 79abbc2e-0a90-4a41-a17c-6388bb873359:192.168.164.239:37857], old=null
2019-10-15 17:17:34,891 [grpc-default-executor-0] INFO  impl.RaftServerImpl (RaftServerImpl.java:setRole(184)) - ebd8d1f9-8297-450f-abe7-393807ba0c7e@group-B673650064C9: changes role from  FOLLOWER to FOLLOWER at term 8 for recognizeCandidate:79abbc2e-0a90-4a41-a17c-6388bb873359
2019-10-15 17:17:34,891 [grpc-default-executor-2] INFO  impl.RaftServerImpl (RaftServerImpl.java:setRole(184)) - dbc121b5-e1e8-4c61-9d50-542b699a3d90@group-B673650064C9: changes role from  FOLLOWER to FOLLOWER at term 8 for recognizeCandidate:79abbc2e-0a90-4a41-a17c-6388bb873359
2019-10-15 17:17:34,891 [grpc-default-executor-0] INFO  impl.RoleInfo (RoleInfo.java:shutdownFollowerState(121)) - ebd8d1f9-8297-450f-abe7-393807ba0c7e: shutdown FollowerState
2019-10-15 17:17:34,891 [grpc-default-executor-2] INFO  impl.RoleInfo (RoleInfo.java:shutdownFollowerState(121)) - dbc121b5-e1e8-4c61-9d50-542b699a3d90: shutdown FollowerState
2019-10-15 17:17:34,891 [grpc-default-executor-0] INFO  impl.RoleInfo (RoleInfo.java:updateAndGet(143)) - ebd8d1f9-8297-450f-abe7-393807ba0c7e: start FollowerState
2019-10-15 17:17:34,891 [Thread-272] INFO  impl.FollowerState (FollowerState.java:run(117)) - dbc121b5-e1e8-4c61-9d50-542b699a3d90@group-B673650064C9-FollowerState was interrupted: java.lang.InterruptedException: sleep interrupted
2019-10-15 17:17:34,891 [Thread-273] INFO  impl.FollowerState (FollowerState.java:run(117)) - ebd8d1f9-8297-450f-abe7-393807ba0c7e@group-B673650064C9-FollowerState was interrupted: java.lang.InterruptedException: sleep interrupted
2019-10-15 17:17:34,891 [grpc-default-executor-2] INFO  impl.RoleInfo (RoleInfo.java:updateAndGet(143)) - dbc121b5-e1e8-4c61-9d50-542b699a3d90: start FollowerState
2019-10-15 17:17:34,921 [79abbc2e-0a90-4a41-a17c-6388bb873359@group-B673650064C9-LeaderElection10] INFO  impl.LeaderElection (LeaderElection.java:logAndReturn(56)) - 79abbc2e-0a90-4a41-a17c-6388bb873359@group-B673650064C9-LeaderElection10: Election REJECTED; received 2 response(s) [79abbc2e-0a90-4a41-a17c-6388bb873359<-ebd8d1f9-8297-450f-abe7-393807ba0c7e#0:FAIL-t8, 79abbc2e-0a90-4a41-a17c-6388bb873359<-dbc121b5-e1e8-4c61-9d50-542b699a3d90#0:FAIL-t8] and 0 exception(s); 79abbc2e-0a90-4a41-a17c-6388bb873359@group-B673650064C9:t8, leader=null, voted=79abbc2e-0a90-4a41-a17c-6388bb873359, raftlog=79abbc2e-0a90-4a41-a17c-6388bb873359@group-B673650064C9-SegmentedRaftLog:OPENED:c-1,f-1,i0, conf=-1: [ebd8d1f9-8297-450f-abe7-393807ba0c7e:192.168.164.239:36510, dbc121b5-e1e8-4c61-9d50-542b699a3d90:192.168.164.239:43140, 79abbc2e-0a90-4a41-a17c-6388bb873359:192.168.164.239:37857], old=null
2019-10-15 17:17:34,922 [79abbc2e-0a90-4a41-a17c-6388bb873359@group-B673650064C9-LeaderElection10] INFO  impl.RaftServerImpl (RaftServerImpl.java:setRole(184)) - 79abbc2e-0a90-4a41-a17c-6388bb873359@group-B673650064C9: changes role from CANDIDATE to FOLLOWER at term 8 for DISCOVERED_A_NEW_TERM
2019-10-15 17:17:34,922 [79abbc2e-0a90-4a41-a17c-6388bb873359@group-B673650064C9-LeaderElection10] INFO  impl.RoleInfo (RoleInfo.java:shutdownLeaderElection(134)) - 79abbc2e-0a90-4a41-a17c-6388bb873359: shutdown LeaderElection
2019-10-15 17:17:34,923 [79abbc2e-0a90-4a41-a17c-6388bb873359@group-B673650064C9-LeaderElection10] INFO  impl.RoleInfo (RoleInfo.java:updateAndGet(143)) - 79abbc2e-0a90-4a41-a17c-6388bb873359: start FollowerState
2019-10-15 17:17:34,960 [Thread-282] INFO  impl.FollowerState (FollowerState.java:run(108)) - 79abbc2e-0a90-4a41-a17c-6388bb873359@group-B673650064C9-FollowerState: change to CANDIDATE, lastRpcTime:36ms, electionTimeout:35ms
2019-10-15 17:17:34,961 [Thread-282] INFO  impl.RoleInfo (RoleInfo.java:shutdownFollowerState(121)) - 79abbc2e-0a90-4a41-a17c-6388bb873359: shutdown FollowerState
2019-10-15 17:17:34,961 [Thread-282] INFO  impl.RaftServerImpl (RaftServerImpl.java:setRole(184)) - 79abbc2e-0a90-4a41-a17c-6388bb873359@group-B673650064C9: changes role from  FOLLOWER to CANDIDATE at term 8 for changeToCandidate
2019-10-15 17:17:34,961 [Thread-282] INFO  impl.RoleInfo (RoleInfo.java:updateAndGet(143)) - 79abbc2e-0a90-4a41-a17c-6388bb873359: start LeaderElection
2019-10-15 17:17:34,985 [79abbc2e-0a90-4a41-a17c-6388bb873359@group-B673650064C9-LeaderElection11] INFO  impl.LeaderElection (LeaderElection.java:askForVotes(178)) - 79abbc2e-0a90-4a41-a17c-6388bb873359@group-B673650064C9-LeaderElection11: begin an election at term 9 for -1: [ebd8d1f9-8297-450f-abe7-393807ba0c7e:192.168.164.239:36510, dbc121b5-e1e8-4c61-9d50-542b699a3d90:192.168.164.239:43140, 79abbc2e-0a90-4a41-a17c-6388bb873359:192.168.164.239:37857], old=null
2019-10-15 17:17:34,993 [grpc-default-executor-2] INFO  impl.RaftServerImpl (RaftServerImpl.java:setRole(184)) - dbc121b5-e1e8-4c61-9d50-542b699a3d90@group-B673650064C9: changes role from  FOLLOWER to FOLLOWER at term 9 for recognizeCandidate:79abbc2e-0a90-4a41-a17c-6388bb873359
2019-10-15 17:17:34,993 [grpc-default-executor-2] INFO  impl.RoleInfo (RoleInfo.java:shutdownFollowerState(121)) - dbc121b5-e1e8-4c61-9d50-542b699a3d90: shutdown FollowerState
2019-10-15 17:17:34,993 [grpc-default-executor-0] INFO  impl.RaftServerImpl (RaftServerImpl.java:setRole(184)) - ebd8d1f9-8297-450f-abe7-393807ba0c7e@group-B673650064C9: changes role from  FOLLOWER to FOLLOWER at term 9 for recognizeCandidate:79abbc2e-0a90-4a41-a17c-6388bb873359
2019-10-15 17:17:34,993 [Thread-281] INFO  impl.FollowerState (FollowerState.java:run(117)) - dbc121b5-e1e8-4c61-9d50-542b699a3d90@group-B673650064C9-FollowerState was interrupted: java.lang.InterruptedException: sleep interrupted
2019-10-15 17:17:34,993 [grpc-default-executor-0] INFO  impl.RoleInfo (RoleInfo.java:shutdownFollowerState(121)) - ebd8d1f9-8297-450f-abe7-393807ba0c7e: shutdown FollowerState
2019-10-15 17:17:34,993 [grpc-default-executor-2] INFO  impl.RoleInfo (RoleInfo.java:updateAndGet(143)) - dbc121b5-e1e8-4c61-9d50-542b699a3d90: start FollowerState
2019-10-15 17:17:34,994 [Thread-280] INFO  impl.FollowerState (FollowerState.java:run(117)) - ebd8d1f9-8297-450f-abe7-393807ba0c7e@group-B673650064C9-FollowerState was interrupted: java.lang.InterruptedException: sleep interrupted
2019-10-15 17:17:34,994 [grpc-default-executor-0] INFO  impl.RoleInfo (RoleInfo.java:updateAndGet(143)) - ebd8d1f9-8297-450f-abe7-393807ba0c7e: start FollowerState
2019-10-15 17:17:34,998 [OM StateMachine ApplyTransaction Thread - 0] INFO  volume.OMVolumeCreateRequest (OMVolumeCreateRequest.java:validateAndUpdateCache(193)) - created volume:0c19609a-1814-487c-b912-ab0fea55e7e1 for user:jenkins1000
2019-10-15 17:17:35,016 [Thread-275] INFO  rpc.RpcClient (RpcClient.java:createBucket(411)) - Creating Bucket: 0c19609a-1814-487c-b912-ab0fea55e7e1/c83ba4be-f71f-4783-b172-a670dfa877e2, with Versioning false and Storage Type set to DISK and Encryption set to false 
2019-10-15 17:17:35,022 [79abbc2e-0a90-4a41-a17c-6388bb873359@group-B673650064C9-LeaderElection11] INFO  impl.LeaderElection (LeaderElection.java:logAndReturn(56)) - 79abbc2e-0a90-4a41-a17c-6388bb873359@group-B673650064C9-LeaderElection11: Election REJECTED; received 2 response(s) [79abbc2e-0a90-4a41-a17c-6388bb873359<-ebd8d1f9-8297-450f-abe7-393807ba0c7e#0:FAIL-t9, 79abbc2e-0a90-4a41-a17c-6388bb873359<-dbc121b5-e1e8-4c61-9d50-542b699a3d90#0:FAIL-t9] and 0 exception(s); 79abbc2e-0a90-4a41-a17c-6388bb873359@group-B673650064C9:t9, leader=null, voted=79abbc2e-0a90-4a41-a17c-6388bb873359, raftlog=79abbc2e-0a90-4a41-a17c-6388bb873359@group-B673650064C9-SegmentedRaftLog:OPENED:c-1,f-1,i0, conf=-1: [ebd8d1f9-8297-450f-abe7-393807ba0c7e:192.168.164.239:36510, dbc121b5-e1e8-4c61-9d50-542b699a3d90:192.168.164.239:43140, 79abbc2e-0a90-4a41-a17c-6388bb873359:192.168.164.239:37857], old=null
2019-10-15 17:17:35,022 [79abbc2e-0a90-4a41-a17c-6388bb873359@group-B673650064C9-LeaderElection11] INFO  impl.RaftServerImpl (RaftServerImpl.java:setRole(184)) - 79abbc2e-0a90-4a41-a17c-6388bb873359@group-B673650064C9: changes role from CANDIDATE to FOLLOWER at term 9 for DISCOVERED_A_NEW_TERM
2019-10-15 17:17:35,022 [79abbc2e-0a90-4a41-a17c-6388bb873359@group-B673650064C9-LeaderElection11] INFO  impl.RoleInfo (RoleInfo.java:shutdownLeaderElection(134)) - 79abbc2e-0a90-4a41-a17c-6388bb873359: shutdown LeaderElection
2019-10-15 17:17:35,024 [79abbc2e-0a90-4a41-a17c-6388bb873359@group-B673650064C9-LeaderElection11] INFO  impl.RoleInfo (RoleInfo.java:updateAndGet(143)) - 79abbc2e-0a90-4a41-a17c-6388bb873359: start FollowerState
2019-10-15 17:17:35,056 [Thread-288] INFO  impl.FollowerState (FollowerState.java:run(108)) - 79abbc2e-0a90-4a41-a17c-6388bb873359@group-B673650064C9-FollowerState: change to CANDIDATE, lastRpcTime:31ms, electionTimeout:30ms
2019-10-15 17:17:35,058 [Thread-288] INFO  impl.RoleInfo (RoleInfo.java:shutdownFollowerState(121)) - 79abbc2e-0a90-4a41-a17c-6388bb873359: shutdown FollowerState
2019-10-15 17:17:35,058 [Thread-288] INFO  impl.RaftServerImpl (RaftServerImpl.java:setRole(184)) - 79abbc2e-0a90-4a41-a17c-6388bb873359@group-B673650064C9: changes role from  FOLLOWER to CANDIDATE at term 9 for changeToCandidate
2019-10-15 17:17:35,058 [Thread-288] INFO  impl.RoleInfo (RoleInfo.java:updateAndGet(143)) - 79abbc2e-0a90-4a41-a17c-6388bb873359: start LeaderElection
2019-10-15 17:17:35,087 [79abbc2e-0a90-4a41-a17c-6388bb873359@group-B673650064C9-LeaderElection12] INFO  impl.LeaderElection (LeaderElection.java:askForVotes(178)) - 79abbc2e-0a90-4a41-a17c-6388bb873359@group-B673650064C9-LeaderElection12: begin an election at term 10 for -1: [ebd8d1f9-8297-450f-abe7-393807ba0c7e:192.168.164.239:36510, dbc121b5-e1e8-4c61-9d50-542b699a3d90:192.168.164.239:43140, 79abbc2e-0a90-4a41-a17c-6388bb873359:192.168.164.239:37857], old=null
2019-10-15 17:17:35,094 [grpc-default-executor-2] INFO  impl.RaftServerImpl (RaftServerImpl.java:setRole(184)) - dbc121b5-e1e8-4c61-9d50-542b699a3d90@group-B673650064C9: changes role from  FOLLOWER to FOLLOWER at term 10 for recognizeCandidate:79abbc2e-0a90-4a41-a17c-6388bb873359
2019-10-15 17:17:35,094 [grpc-default-executor-0] INFO  impl.RaftServerImpl (RaftServerImpl.java:setRole(184)) - ebd8d1f9-8297-450f-abe7-393807ba0c7e@group-B673650064C9: changes role from  FOLLOWER to FOLLOWER at term 10 for recognizeCandidate:79abbc2e-0a90-4a41-a17c-6388bb873359
2019-10-15 17:17:35,094 [grpc-default-executor-2] INFO  impl.RoleInfo (RoleInfo.java:shutdownFollowerState(121)) - dbc121b5-e1e8-4c61-9d50-542b699a3d90: shutdown FollowerState
2019-10-15 17:17:35,094 [grpc-default-executor-0] INFO  impl.RoleInfo (RoleInfo.java:shutdownFollowerState(121)) - ebd8d1f9-8297-450f-abe7-393807ba0c7e: shutdown FollowerState
2019-10-15 17:17:35,094 [grpc-default-executor-2] INFO  impl.RoleInfo (RoleInfo.java:updateAndGet(143)) - dbc121b5-e1e8-4c61-9d50-542b699a3d90: start FollowerState
2019-10-15 17:17:35,094 [Thread-286] INFO  impl.FollowerState (FollowerState.java:run(117)) - dbc121b5-e1e8-4c61-9d50-542b699a3d90@group-B673650064C9-FollowerState was interrupted: java.lang.InterruptedException: sleep interrupted
2019-10-15 17:17:35,095 [grpc-default-executor-0] INFO  impl.RoleInfo (RoleInfo.java:updateAndGet(143)) - ebd8d1f9-8297-450f-abe7-393807ba0c7e: start FollowerState
2019-10-15 17:17:35,095 [Thread-287] INFO  impl.FollowerState (FollowerState.java:run(117)) - ebd8d1f9-8297-450f-abe7-393807ba0c7e@group-B673650064C9-FollowerState was interrupted: java.lang.InterruptedException: sleep interrupted
2019-10-15 17:17:35,123 [79abbc2e-0a90-4a41-a17c-6388bb873359@group-B673650064C9-LeaderElection12] INFO  impl.LeaderElection (LeaderElection.java:logAndReturn(56)) - 79abbc2e-0a90-4a41-a17c-6388bb873359@group-B673650064C9-LeaderElection12: Election REJECTED; received 2 response(s) [79abbc2e-0a90-4a41-a17c-6388bb873359<-ebd8d1f9-8297-450f-abe7-393807ba0c7e#0:FAIL-t10, 79abbc2e-0a90-4a41-a17c-6388bb873359<-dbc121b5-e1e8-4c61-9d50-542b699a3d90#0:FAIL-t10] and 0 exception(s); 79abbc2e-0a90-4a41-a17c-6388bb873359@group-B673650064C9:t10, leader=null, voted=79abbc2e-0a90-4a41-a17c-6388bb873359, raftlog=79abbc2e-0a90-4a41-a17c-6388bb873359@group-B673650064C9-SegmentedRaftLog:OPENED:c-1,f-1,i0, conf=-1: [ebd8d1f9-8297-450f-abe7-393807ba0c7e:192.168.164.239:36510, dbc121b5-e1e8-4c61-9d50-542b699a3d90:192.168.164.239:43140, 79abbc2e-0a90-4a41-a17c-6388bb873359:192.168.164.239:37857], old=null
2019-10-15 17:17:35,123 [79abbc2e-0a90-4a41-a17c-6388bb873359@group-B673650064C9-LeaderElection12] INFO  impl.RaftServerImpl (RaftServerImpl.java:setRole(184)) - 79abbc2e-0a90-4a41-a17c-6388bb873359@group-B673650064C9: changes role from CANDIDATE to FOLLOWER at term 10 for DISCOVERED_A_NEW_TERM
2019-10-15 17:17:35,125 [79abbc2e-0a90-4a41-a17c-6388bb873359@group-B673650064C9-LeaderElection12] INFO  impl.RoleInfo (RoleInfo.java:shutdownLeaderElection(134)) - 79abbc2e-0a90-4a41-a17c-6388bb873359: shutdown LeaderElection
2019-10-15 17:17:35,125 [79abbc2e-0a90-4a41-a17c-6388bb873359@group-B673650064C9-LeaderElection12] INFO  impl.RoleInfo (RoleInfo.java:updateAndGet(143)) - 79abbc2e-0a90-4a41-a17c-6388bb873359: start FollowerState
2019-10-15 17:17:35,277 [Thread-275] INFO  impl.MetricsSystemImpl (MetricsSystemImpl.java:init(158)) - XceiverClientMetrics metrics system started (again)
2019-10-15 17:17:35,298 [Thread-294] INFO  impl.FollowerState (FollowerState.java:run(108)) - 79abbc2e-0a90-4a41-a17c-6388bb873359@group-B673650064C9-FollowerState: change to CANDIDATE, lastRpcTime:173ms, electionTimeout:173ms
2019-10-15 17:17:35,299 [Thread-294] INFO  impl.RoleInfo (RoleInfo.java:shutdownFollowerState(121)) - 79abbc2e-0a90-4a41-a17c-6388bb873359: shutdown FollowerState
2019-10-15 17:17:35,299 [Thread-294] INFO  impl.RaftServerImpl (RaftServerImpl.java:setRole(184)) - 79abbc2e-0a90-4a41-a17c-6388bb873359@group-B673650064C9: changes role from  FOLLOWER to CANDIDATE at term 10 for changeToCandidate
2019-10-15 17:17:35,299 [Thread-294] INFO  impl.RoleInfo (RoleInfo.java:updateAndGet(143)) - 79abbc2e-0a90-4a41-a17c-6388bb873359: start LeaderElection
2019-10-15 17:17:35,330 [79abbc2e-0a90-4a41-a17c-6388bb873359@group-B673650064C9-LeaderElection13] INFO  impl.LeaderElection (LeaderElection.java:askForVotes(178)) - 79abbc2e-0a90-4a41-a17c-6388bb873359@group-B673650064C9-LeaderElection13: begin an election at term 11 for -1: [ebd8d1f9-8297-450f-abe7-393807ba0c7e:192.168.164.239:36510, dbc121b5-e1e8-4c61-9d50-542b699a3d90:192.168.164.239:43140, 79abbc2e-0a90-4a41-a17c-6388bb873359:192.168.164.239:37857], old=null
2019-10-15 17:17:35,336 [grpc-default-executor-2] INFO  impl.RaftServerImpl (RaftServerImpl.java:setRole(184)) - ebd8d1f9-8297-450f-abe7-393807ba0c7e@group-B673650064C9: changes role from  FOLLOWER to FOLLOWER at term 11 for recognizeCandidate:79abbc2e-0a90-4a41-a17c-6388bb873359
2019-10-15 17:17:35,336 [grpc-default-executor-2] INFO  impl.RoleInfo (RoleInfo.java:shutdownFollowerState(121)) - ebd8d1f9-8297-450f-abe7-393807ba0c7e: shutdown FollowerState
2019-10-15 17:17:35,336 [grpc-default-executor-0] INFO  impl.RaftServerImpl (RaftServerImpl.java:setRole(184)) - dbc121b5-e1e8-4c61-9d50-542b699a3d90@group-B673650064C9: changes role from  FOLLOWER to FOLLOWER at term 11 for recognizeCandidate:79abbc2e-0a90-4a41-a17c-6388bb873359
2019-10-15 17:17:35,336 [Thread-293] INFO  impl.FollowerState (FollowerState.java:run(117)) - ebd8d1f9-8297-450f-abe7-393807ba0c7e@group-B673650064C9-FollowerState was interrupted: java.lang.InterruptedException: sleep interrupted
2019-10-15 17:17:35,336 [grpc-default-executor-2] INFO  impl.RoleInfo (RoleInfo.java:updateAndGet(143)) - ebd8d1f9-8297-450f-abe7-393807ba0c7e: start FollowerState
2019-10-15 17:17:35,336 [grpc-default-executor-0] INFO  impl.RoleInfo (RoleInfo.java:shutdownFollowerState(121)) - dbc121b5-e1e8-4c61-9d50-542b699a3d90: shutdown FollowerState
2019-10-15 17:17:35,338 [Thread-292] INFO  impl.FollowerState (FollowerState.java:run(117)) - dbc121b5-e1e8-4c61-9d50-542b699a3d90@group-B673650064C9-FollowerState was interrupted: java.lang.InterruptedException: sleep interrupted
2019-10-15 17:17:35,338 [grpc-default-executor-0] INFO  impl.RoleInfo (RoleInfo.java:updateAndGet(143)) - dbc121b5-e1e8-4c61-9d50-542b699a3d90: start FollowerState
2019-10-15 17:17:35,342 [79abbc2e-0a90-4a41-a17c-6388bb873359@group-B673650064C9-LeaderElection13] INFO  impl.LeaderElection (LeaderElection.java:logAndReturn(56)) - 79abbc2e-0a90-4a41-a17c-6388bb873359@group-B673650064C9-LeaderElection13: Election TIMEOUT; received 0 response(s) [] and 0 exception(s); 79abbc2e-0a90-4a41-a17c-6388bb873359@group-B673650064C9:t11, leader=null, voted=79abbc2e-0a90-4a41-a17c-6388bb873359, raftlog=79abbc2e-0a90-4a41-a17c-6388bb873359@group-B673650064C9-SegmentedRaftLog:OPENED:c-1,f-1,i0, conf=-1: [ebd8d1f9-8297-450f-abe7-393807ba0c7e:192.168.164.239:36510, dbc121b5-e1e8-4c61-9d50-542b699a3d90:192.168.164.239:43140, 79abbc2e-0a90-4a41-a17c-6388bb873359:192.168.164.239:37857], old=null
2019-10-15 17:17:35,364 [79abbc2e-0a90-4a41-a17c-6388bb873359@group-B673650064C9-LeaderElection13] INFO  impl.LeaderElection (LeaderElection.java:askForVotes(178)) - 79abbc2e-0a90-4a41-a17c-6388bb873359@group-B673650064C9-LeaderElection13: begin an election at term 12 for -1: [ebd8d1f9-8297-450f-abe7-393807ba0c7e:192.168.164.239:36510, dbc121b5-e1e8-4c61-9d50-542b699a3d90:192.168.164.239:43140, 79abbc2e-0a90-4a41-a17c-6388bb873359:192.168.164.239:37857], old=null
2019-10-15 17:17:35,375 [grpc-default-executor-1] INFO  impl.RaftServerImpl (RaftServerImpl.java:setRole(184)) - ebd8d1f9-8297-450f-abe7-393807ba0c7e@group-B673650064C9: changes role from  FOLLOWER to FOLLOWER at term 12 for recognizeCandidate:79abbc2e-0a90-4a41-a17c-6388bb873359
2019-10-15 17:17:35,376 [grpc-default-executor-1] INFO  impl.RoleInfo (RoleInfo.java:shutdownFollowerState(121)) - ebd8d1f9-8297-450f-abe7-393807ba0c7e: shutdown FollowerState
2019-10-15 17:17:35,376 [grpc-default-executor-1] INFO  impl.RoleInfo (RoleInfo.java:updateAndGet(143)) - ebd8d1f9-8297-450f-abe7-393807ba0c7e: start FollowerState
2019-10-15 17:17:35,376 [Thread-298] INFO  impl.FollowerState (FollowerState.java:run(117)) - ebd8d1f9-8297-450f-abe7-393807ba0c7e@group-B673650064C9-FollowerState was interrupted: java.lang.InterruptedException: sleep interrupted
2019-10-15 17:17:35,379 [grpc-default-executor-0] INFO  impl.RaftServerImpl (RaftServerImpl.java:setRole(184)) - dbc121b5-e1e8-4c61-9d50-542b699a3d90@group-B673650064C9: changes role from  FOLLOWER to FOLLOWER at term 12 for recognizeCandidate:79abbc2e-0a90-4a41-a17c-6388bb873359
2019-10-15 17:17:35,379 [grpc-default-executor-0] INFO  impl.RoleInfo (RoleInfo.java:shutdownFollowerState(121)) - dbc121b5-e1e8-4c61-9d50-542b699a3d90: shutdown FollowerState
2019-10-15 17:17:35,379 [Thread-299] INFO  impl.FollowerState (FollowerState.java:run(117)) - dbc121b5-e1e8-4c61-9d50-542b699a3d90@group-B673650064C9-FollowerState was interrupted: java.lang.InterruptedException: sleep interrupted
2019-10-15 17:17:35,379 [grpc-default-executor-0] INFO  impl.RoleInfo (RoleInfo.java:updateAndGet(143)) - dbc121b5-e1e8-4c61-9d50-542b699a3d90: start FollowerState
2019-10-15 17:17:35,408 [79abbc2e-0a90-4a41-a17c-6388bb873359@group-B673650064C9-LeaderElection13] INFO  impl.LeaderElection (LeaderElection.java:logAndReturn(56)) - 79abbc2e-0a90-4a41-a17c-6388bb873359@group-B673650064C9-LeaderElection13: Election REJECTED; received 2 response(s) [79abbc2e-0a90-4a41-a17c-6388bb873359<-ebd8d1f9-8297-450f-abe7-393807ba0c7e#0:FAIL-t12, 79abbc2e-0a90-4a41-a17c-6388bb873359<-dbc121b5-e1e8-4c61-9d50-542b699a3d90#0:FAIL-t12] and 0 exception(s); 79abbc2e-0a90-4a41-a17c-6388bb873359@group-B673650064C9:t12, leader=null, voted=79abbc2e-0a90-4a41-a17c-6388bb873359, raftlog=79abbc2e-0a90-4a41-a17c-6388bb873359@group-B673650064C9-SegmentedRaftLog:OPENED:c-1,f-1,i0, conf=-1: [ebd8d1f9-8297-450f-abe7-393807ba0c7e:192.168.164.239:36510, dbc121b5-e1e8-4c61-9d50-542b699a3d90:192.168.164.239:43140, 79abbc2e-0a90-4a41-a17c-6388bb873359:192.168.164.239:37857], old=null
2019-10-15 17:17:35,408 [79abbc2e-0a90-4a41-a17c-6388bb873359@group-B673650064C9-LeaderElection13] INFO  impl.RaftServerImpl (RaftServerImpl.java:setRole(184)) - 79abbc2e-0a90-4a41-a17c-6388bb873359@group-B673650064C9: changes role from CANDIDATE to FOLLOWER at term 12 for DISCOVERED_A_NEW_TERM
2019-10-15 17:17:35,408 [79abbc2e-0a90-4a41-a17c-6388bb873359@group-B673650064C9-LeaderElection13] INFO  impl.RoleInfo (RoleInfo.java:shutdownLeaderElection(134)) - 79abbc2e-0a90-4a41-a17c-6388bb873359: shutdown LeaderElection
2019-10-15 17:17:35,408 [79abbc2e-0a90-4a41-a17c-6388bb873359@group-B673650064C9-LeaderElection13] INFO  impl.RoleInfo (RoleInfo.java:updateAndGet(143)) - 79abbc2e-0a90-4a41-a17c-6388bb873359: start FollowerState
2019-10-15 17:17:35,473 [Thread-199] INFO  container.ReplicationManager (ReplicationManager.java:start(162)) - Starting Replication Monitor Thread.
2019-10-15 17:17:35,478 [ReplicationMonitor] INFO  container.ReplicationManager (ReplicationManager.java:run(225)) - Replication Monitor Thread took 3 milliseconds for processing 1 containers.
2019-10-15 17:17:35,582 [Thread-307] INFO  impl.FollowerState (FollowerState.java:run(108)) - 79abbc2e-0a90-4a41-a17c-6388bb873359@group-B673650064C9-FollowerState: change to CANDIDATE, lastRpcTime:173ms, electionTimeout:173ms
2019-10-15 17:17:35,582 [Thread-307] INFO  impl.RoleInfo (RoleInfo.java:shutdownFollowerState(121)) - 79abbc2e-0a90-4a41-a17c-6388bb873359: shutdown FollowerState
2019-10-15 17:17:35,582 [Thread-307] INFO  impl.RaftServerImpl (RaftServerImpl.java:setRole(184)) - 79abbc2e-0a90-4a41-a17c-6388bb873359@group-B673650064C9: changes role from  FOLLOWER to CANDIDATE at term 12 for changeToCandidate
2019-10-15 17:17:35,583 [Thread-307] INFO  impl.RoleInfo (RoleInfo.java:updateAndGet(143)) - 79abbc2e-0a90-4a41-a17c-6388bb873359: start LeaderElection
2019-10-15 17:17:35,607 [79abbc2e-0a90-4a41-a17c-6388bb873359@group-B673650064C9-LeaderElection14] INFO  impl.LeaderElection (LeaderElection.java:askForVotes(178)) - 79abbc2e-0a90-4a41-a17c-6388bb873359@group-B673650064C9-LeaderElection14: begin an election at term 13 for -1: [ebd8d1f9-8297-450f-abe7-393807ba0c7e:192.168.164.239:36510, dbc121b5-e1e8-4c61-9d50-542b699a3d90:192.168.164.239:43140, 79abbc2e-0a90-4a41-a17c-6388bb873359:192.168.164.239:37857], old=null
2019-10-15 17:17:35,614 [grpc-default-executor-0] INFO  impl.RaftServerImpl (RaftServerImpl.java:setRole(184)) - ebd8d1f9-8297-450f-abe7-393807ba0c7e@group-B673650064C9: changes role from  FOLLOWER to FOLLOWER at term 13 for recognizeCandidate:79abbc2e-0a90-4a41-a17c-6388bb873359
2019-10-15 17:17:35,615 [grpc-default-executor-1] INFO  impl.RaftServerImpl (RaftServerImpl.java:setRole(184)) - dbc121b5-e1e8-4c61-9d50-542b699a3d90@group-B673650064C9: changes role from  FOLLOWER to FOLLOWER at term 13 for recognizeCandidate:79abbc2e-0a90-4a41-a17c-6388bb873359
2019-10-15 17:17:35,615 [grpc-default-executor-0] INFO  impl.RoleInfo (RoleInfo.java:shutdownFollowerState(121)) - ebd8d1f9-8297-450f-abe7-393807ba0c7e: shutdown FollowerState
2019-10-15 17:17:35,615 [grpc-default-executor-1] INFO  impl.RoleInfo (RoleInfo.java:shutdownFollowerState(121)) - dbc121b5-e1e8-4c61-9d50-542b699a3d90: shutdown FollowerState
2019-10-15 17:17:35,615 [grpc-default-executor-0] INFO  impl.RoleInfo (RoleInfo.java:updateAndGet(143)) - ebd8d1f9-8297-450f-abe7-393807ba0c7e: start FollowerState
2019-10-15 17:17:35,615 [Thread-304] INFO  impl.FollowerState (FollowerState.java:run(117)) - ebd8d1f9-8297-450f-abe7-393807ba0c7e@group-B673650064C9-FollowerState was interrupted: java.lang.InterruptedException: sleep interrupted
2019-10-15 17:17:35,615 [grpc-default-executor-1] INFO  impl.RoleInfo (RoleInfo.java:updateAndGet(143)) - dbc121b5-e1e8-4c61-9d50-542b699a3d90: start FollowerState
2019-10-15 17:17:35,615 [Thread-305] INFO  impl.FollowerState (FollowerState.java:run(117)) - dbc121b5-e1e8-4c61-9d50-542b699a3d90@group-B673650064C9-FollowerState was interrupted: java.lang.InterruptedException: sleep interrupted
2019-10-15 17:17:35,643 [79abbc2e-0a90-4a41-a17c-6388bb873359@group-B673650064C9-LeaderElection14] INFO  impl.LeaderElection (LeaderElection.java:logAndReturn(56)) - 79abbc2e-0a90-4a41-a17c-6388bb873359@group-B673650064C9-LeaderElection14: Election REJECTED; received 2 response(s) [79abbc2e-0a90-4a41-a17c-6388bb873359<-ebd8d1f9-8297-450f-abe7-393807ba0c7e#0:FAIL-t13, 79abbc2e-0a90-4a41-a17c-6388bb873359<-dbc121b5-e1e8-4c61-9d50-542b699a3d90#0:FAIL-t13] and 0 exception(s); 79abbc2e-0a90-4a41-a17c-6388bb873359@group-B673650064C9:t13, leader=null, voted=79abbc2e-0a90-4a41-a17c-6388bb873359, raftlog=79abbc2e-0a90-4a41-a17c-6388bb873359@group-B673650064C9-SegmentedRaftLog:OPENED:c-1,f-1,i0, conf=-1: [ebd8d1f9-8297-450f-abe7-393807ba0c7e:192.168.164.239:36510, dbc121b5-e1e8-4c61-9d50-542b699a3d90:192.168.164.239:43140, 79abbc2e-0a90-4a41-a17c-6388bb873359:192.168.164.239:37857], old=null
2019-10-15 17:17:35,644 [79abbc2e-0a90-4a41-a17c-6388bb873359@group-B673650064C9-LeaderElection14] INFO  impl.RaftServerImpl (RaftServerImpl.java:setRole(184)) - 79abbc2e-0a90-4a41-a17c-6388bb873359@group-B673650064C9: changes role from CANDIDATE to FOLLOWER at term 13 for DISCOVERED_A_NEW_TERM
2019-10-15 17:17:35,644 [79abbc2e-0a90-4a41-a17c-6388bb873359@group-B673650064C9-LeaderElection14] INFO  impl.RoleInfo (RoleInfo.java:shutdownLeaderElection(134)) - 79abbc2e-0a90-4a41-a17c-6388bb873359: shutdown LeaderElection
2019-10-15 17:17:35,644 [79abbc2e-0a90-4a41-a17c-6388bb873359@group-B673650064C9-LeaderElection14] INFO  impl.RoleInfo (RoleInfo.java:updateAndGet(143)) - 79abbc2e-0a90-4a41-a17c-6388bb873359: start FollowerState
2019-10-15 17:17:35,791 [Thread-314] INFO  impl.FollowerState (FollowerState.java:run(108)) - 79abbc2e-0a90-4a41-a17c-6388bb873359@group-B673650064C9-FollowerState: change to CANDIDATE, lastRpcTime:146ms, electionTimeout:146ms
2019-10-15 17:17:35,792 [Thread-314] INFO  impl.RoleInfo (RoleInfo.java:shutdownFollowerState(121)) - 79abbc2e-0a90-4a41-a17c-6388bb873359: shutdown FollowerState
2019-10-15 17:17:35,792 [Thread-314] INFO  impl.RaftServerImpl (RaftServerImpl.java:setRole(184)) - 79abbc2e-0a90-4a41-a17c-6388bb873359@group-B673650064C9: changes role from  FOLLOWER to CANDIDATE at term 13 for changeToCandidate
2019-10-15 17:17:35,792 [Thread-314] INFO  impl.RoleInfo (RoleInfo.java:updateAndGet(143)) - 79abbc2e-0a90-4a41-a17c-6388bb873359: start LeaderElection
2019-10-15 17:17:35,824 [79abbc2e-0a90-4a41-a17c-6388bb873359@group-B673650064C9-LeaderElection15] INFO  impl.LeaderElection (LeaderElection.java:askForVotes(178)) - 79abbc2e-0a90-4a41-a17c-6388bb873359@group-B673650064C9-LeaderElection15: begin an election at term 14 for -1: [ebd8d1f9-8297-450f-abe7-393807ba0c7e:192.168.164.239:36510, dbc121b5-e1e8-4c61-9d50-542b699a3d90:192.168.164.239:43140, 79abbc2e-0a90-4a41-a17c-6388bb873359:192.168.164.239:37857], old=null
2019-10-15 17:17:35,829 [grpc-default-executor-0] INFO  impl.RaftServerImpl (RaftServerImpl.java:setRole(184)) - ebd8d1f9-8297-450f-abe7-393807ba0c7e@group-B673650064C9: changes role from  FOLLOWER to FOLLOWER at term 14 for recognizeCandidate:79abbc2e-0a90-4a41-a17c-6388bb873359
2019-10-15 17:17:35,829 [grpc-default-executor-1] INFO  impl.RaftServerImpl (RaftServerImpl.java:setRole(184)) - dbc121b5-e1e8-4c61-9d50-542b699a3d90@group-B673650064C9: changes role from  FOLLOWER to FOLLOWER at term 14 for recognizeCandidate:79abbc2e-0a90-4a41-a17c-6388bb873359
2019-10-15 17:17:35,829 [grpc-default-executor-0] INFO  impl.RoleInfo (RoleInfo.java:shutdownFollowerState(121)) - ebd8d1f9-8297-450f-abe7-393807ba0c7e: shutdown FollowerState
2019-10-15 17:17:35,830 [grpc-default-executor-1] INFO  impl.RoleInfo (RoleInfo.java:shutdownFollowerState(121)) - dbc121b5-e1e8-4c61-9d50-542b699a3d90: shutdown FollowerState
2019-10-15 17:17:35,830 [Thread-312] INFO  impl.FollowerState (FollowerState.java:run(117)) - ebd8d1f9-8297-450f-abe7-393807ba0c7e@group-B673650064C9-FollowerState was interrupted: java.lang.InterruptedException: sleep interrupted
2019-10-15 17:17:35,830 [Thread-313] INFO  impl.FollowerState (FollowerState.java:run(117)) - dbc121b5-e1e8-4c61-9d50-542b699a3d90@group-B673650064C9-FollowerState was interrupted: java.lang.InterruptedException: sleep interrupted
2019-10-15 17:17:35,830 [grpc-default-executor-0] INFO  impl.RoleInfo (RoleInfo.java:updateAndGet(143)) - ebd8d1f9-8297-450f-abe7-393807ba0c7e: start FollowerState
2019-10-15 17:17:35,830 [grpc-default-executor-1] INFO  impl.RoleInfo (RoleInfo.java:updateAndGet(143)) - dbc121b5-e1e8-4c61-9d50-542b699a3d90: start FollowerState
2019-10-15 17:17:35,861 [79abbc2e-0a90-4a41-a17c-6388bb873359@group-B673650064C9-LeaderElection15] INFO  impl.LeaderElection (LeaderElection.java:logAndReturn(56)) - 79abbc2e-0a90-4a41-a17c-6388bb873359@group-B673650064C9-LeaderElection15: Election REJECTED; received 2 response(s) [79abbc2e-0a90-4a41-a17c-6388bb873359<-ebd8d1f9-8297-450f-abe7-393807ba0c7e#0:FAIL-t14, 79abbc2e-0a90-4a41-a17c-6388bb873359<-dbc121b5-e1e8-4c61-9d50-542b699a3d90#0:FAIL-t14] and 0 exception(s); 79abbc2e-0a90-4a41-a17c-6388bb873359@group-B673650064C9:t14, leader=null, voted=79abbc2e-0a90-4a41-a17c-6388bb873359, raftlog=79abbc2e-0a90-4a41-a17c-6388bb873359@group-B673650064C9-SegmentedRaftLog:OPENED:c-1,f-1,i0, conf=-1: [ebd8d1f9-8297-450f-abe7-393807ba0c7e:192.168.164.239:36510, dbc121b5-e1e8-4c61-9d50-542b699a3d90:192.168.164.239:43140, 79abbc2e-0a90-4a41-a17c-6388bb873359:192.168.164.239:37857], old=null
2019-10-15 17:17:35,861 [79abbc2e-0a90-4a41-a17c-6388bb873359@group-B673650064C9-LeaderElection15] INFO  impl.RaftServerImpl (RaftServerImpl.java:setRole(184)) - 79abbc2e-0a90-4a41-a17c-6388bb873359@group-B673650064C9: changes role from CANDIDATE to FOLLOWER at term 14 for DISCOVERED_A_NEW_TERM
2019-10-15 17:17:35,861 [79abbc2e-0a90-4a41-a17c-6388bb873359@group-B673650064C9-LeaderElection15] INFO  impl.RoleInfo (RoleInfo.java:shutdownLeaderElection(134)) - 79abbc2e-0a90-4a41-a17c-6388bb873359: shutdown LeaderElection
2019-10-15 17:17:35,861 [79abbc2e-0a90-4a41-a17c-6388bb873359@group-B673650064C9-LeaderElection15] INFO  impl.RoleInfo (RoleInfo.java:updateAndGet(143)) - 79abbc2e-0a90-4a41-a17c-6388bb873359: start FollowerState
2019-10-15 17:17:36,023 [Thread-320] INFO  impl.FollowerState (FollowerState.java:run(108)) - 79abbc2e-0a90-4a41-a17c-6388bb873359@group-B673650064C9-FollowerState: change to CANDIDATE, lastRpcTime:161ms, electionTimeout:161ms
2019-10-15 17:17:36,025 [Thread-320] INFO  impl.RoleInfo (RoleInfo.java:shutdownFollowerState(121)) - 79abbc2e-0a90-4a41-a17c-6388bb873359: shutdown FollowerState
2019-10-15 17:17:36,025 [Thread-320] INFO  impl.RaftServerImpl (RaftServerImpl.java:setRole(184)) - 79abbc2e-0a90-4a41-a17c-6388bb873359@group-B673650064C9: changes role from  FOLLOWER to CANDIDATE at term 14 for changeToCandidate
2019-10-15 17:17:36,025 [Thread-320] INFO  impl.RoleInfo (RoleInfo.java:updateAndGet(143)) - 79abbc2e-0a90-4a41-a17c-6388bb873359: start LeaderElection
2019-10-15 17:17:36,050 [79abbc2e-0a90-4a41-a17c-6388bb873359@group-B673650064C9-LeaderElection16] INFO  impl.LeaderElection (LeaderElection.java:askForVotes(178)) - 79abbc2e-0a90-4a41-a17c-6388bb873359@group-B673650064C9-LeaderElection16: begin an election at term 15 for -1: [ebd8d1f9-8297-450f-abe7-393807ba0c7e:192.168.164.239:36510, dbc121b5-e1e8-4c61-9d50-542b699a3d90:192.168.164.239:43140, 79abbc2e-0a90-4a41-a17c-6388bb873359:192.168.164.239:37857], old=null
2019-10-15 17:17:36,054 [grpc-default-executor-0] INFO  impl.RaftServerImpl (RaftServerImpl.java:setRole(184)) - ebd8d1f9-8297-450f-abe7-393807ba0c7e@group-B673650064C9: changes role from  FOLLOWER to FOLLOWER at term 15 for recognizeCandidate:79abbc2e-0a90-4a41-a17c-6388bb873359
2019-10-15 17:17:36,054 [grpc-default-executor-0] INFO  impl.RoleInfo (RoleInfo.java:shutdownFollowerState(121)) - ebd8d1f9-8297-450f-abe7-393807ba0c7e: shutdown FollowerState
2019-10-15 17:17:36,055 [grpc-default-executor-1] INFO  impl.RaftServerImpl (RaftServerImpl.java:setRole(184)) - dbc121b5-e1e8-4c61-9d50-542b699a3d90@group-B673650064C9: changes role from  FOLLOWER to FOLLOWER at term 15 for recognizeCandidate:79abbc2e-0a90-4a41-a17c-6388bb873359
2019-10-15 17:17:36,055 [Thread-318] INFO  impl.FollowerState (FollowerState.java:run(117)) - ebd8d1f9-8297-450f-abe7-393807ba0c7e@group-B673650064C9-FollowerState was interrupted: java.lang.InterruptedException: sleep interrupted
2019-10-15 17:17:36,055 [grpc-default-executor-1] INFO  impl.RoleInfo (RoleInfo.java:shutdownFollowerState(121)) - dbc121b5-e1e8-4c61-9d50-542b699a3d90: shutdown FollowerState
2019-10-15 17:17:36,055 [grpc-default-executor-0] INFO  impl.RoleInfo (RoleInfo.java:updateAndGet(143)) - ebd8d1f9-8297-450f-abe7-393807ba0c7e: start FollowerState
2019-10-15 17:17:36,060 [Thread-319] INFO  impl.FollowerState (FollowerState.java:run(117)) - dbc121b5-e1e8-4c61-9d50-542b699a3d90@group-B673650064C9-FollowerState was interrupted: java.lang.InterruptedException: sleep interrupted
2019-10-15 17:17:36,060 [grpc-default-executor-1] INFO  impl.RoleInfo (RoleInfo.java:updateAndGet(143)) - dbc121b5-e1e8-4c61-9d50-542b699a3d90: start FollowerState
2019-10-15 17:17:36,079 [79abbc2e-0a90-4a41-a17c-6388bb873359@group-B673650064C9-LeaderElection16] INFO  impl.LeaderElection (LeaderElection.java:logAndReturn(56)) - 79abbc2e-0a90-4a41-a17c-6388bb873359@group-B673650064C9-LeaderElection16: Election TIMEOUT; received 0 response(s) [] and 0 exception(s); 79abbc2e-0a90-4a41-a17c-6388bb873359@group-B673650064C9:t15, leader=null, voted=79abbc2e-0a90-4a41-a17c-6388bb873359, raftlog=79abbc2e-0a90-4a41-a17c-6388bb873359@group-B673650064C9-SegmentedRaftLog:OPENED:c-1,f-1,i0, conf=-1: [ebd8d1f9-8297-450f-abe7-393807ba0c7e:192.168.164.239:36510, dbc121b5-e1e8-4c61-9d50-542b699a3d90:192.168.164.239:43140, 79abbc2e-0a90-4a41-a17c-6388bb873359:192.168.164.239:37857], old=null
2019-10-15 17:17:36,134 [79abbc2e-0a90-4a41-a17c-6388bb873359@group-B673650064C9-LeaderElection16] INFO  impl.LeaderElection (LeaderElection.java:askForVotes(178)) - 79abbc2e-0a90-4a41-a17c-6388bb873359@group-B673650064C9-LeaderElection16: begin an election at term 16 for -1: [ebd8d1f9-8297-450f-abe7-393807ba0c7e:192.168.164.239:36510, dbc121b5-e1e8-4c61-9d50-542b699a3d90:192.168.164.239:43140, 79abbc2e-0a90-4a41-a17c-6388bb873359:192.168.164.239:37857], old=null
2019-10-15 17:17:36,138 [grpc-default-executor-0] INFO  impl.RaftServerImpl (RaftServerImpl.java:setRole(184)) - ebd8d1f9-8297-450f-abe7-393807ba0c7e@group-B673650064C9: changes role from  FOLLOWER to FOLLOWER at term 16 for recognizeCandidate:79abbc2e-0a90-4a41-a17c-6388bb873359
2019-10-15 17:17:36,140 [grpc-default-executor-1] INFO  impl.RaftServerImpl (RaftServerImpl.java:setRole(184)) - dbc121b5-e1e8-4c61-9d50-542b699a3d90@group-B673650064C9: changes role from  FOLLOWER to FOLLOWER at term 16 for recognizeCandidate:79abbc2e-0a90-4a41-a17c-6388bb873359
2019-10-15 17:17:36,140 [grpc-default-executor-0] INFO  impl.RoleInfo (RoleInfo.java:shutdownFollowerState(121)) - ebd8d1f9-8297-450f-abe7-393807ba0c7e: shutdown FollowerState
2019-10-15 17:17:36,140 [grpc-default-executor-1] INFO  impl.RoleInfo (RoleInfo.java:shutdownFollowerState(121)) - dbc121b5-e1e8-4c61-9d50-542b699a3d90: shutdown FollowerState
2019-10-15 17:17:36,140 [grpc-default-executor-0] INFO  impl.RoleInfo (RoleInfo.java:updateAndGet(143)) - ebd8d1f9-8297-450f-abe7-393807ba0c7e: start FollowerState
2019-10-15 17:17:36,140 [Thread-324] INFO  impl.FollowerState (FollowerState.java:run(117)) - ebd8d1f9-8297-450f-abe7-393807ba0c7e@group-B673650064C9-FollowerState was interrupted: java.lang.InterruptedException: sleep interrupted
2019-10-15 17:17:36,140 [grpc-default-executor-1] INFO  impl.RoleInfo (RoleInfo.java:updateAndGet(143)) - dbc121b5-e1e8-4c61-9d50-542b699a3d90: start FollowerState
2019-10-15 17:17:36,140 [Thread-325] INFO  impl.FollowerState (FollowerState.java:run(117)) - dbc121b5-e1e8-4c61-9d50-542b699a3d90@group-B673650064C9-FollowerState was interrupted: java.lang.InterruptedException: sleep interrupted
2019-10-15 17:17:36,170 [79abbc2e-0a90-4a41-a17c-6388bb873359@group-B673650064C9-LeaderElection16] INFO  impl.LeaderElection (LeaderElection.java:logAndReturn(56)) - 79abbc2e-0a90-4a41-a17c-6388bb873359@group-B673650064C9-LeaderElection16: Election REJECTED; received 2 response(s) [79abbc2e-0a90-4a41-a17c-6388bb873359<-ebd8d1f9-8297-450f-abe7-393807ba0c7e#0:FAIL-t16, 79abbc2e-0a90-4a41-a17c-6388bb873359<-dbc121b5-e1e8-4c61-9d50-542b699a3d90#0:FAIL-t16] and 0 exception(s); 79abbc2e-0a90-4a41-a17c-6388bb873359@group-B673650064C9:t16, leader=null, voted=79abbc2e-0a90-4a41-a17c-6388bb873359, raftlog=79abbc2e-0a90-4a41-a17c-6388bb873359@group-B673650064C9-SegmentedRaftLog:OPENED:c-1,f-1,i0, conf=-1: [ebd8d1f9-8297-450f-abe7-393807ba0c7e:192.168.164.239:36510, dbc121b5-e1e8-4c61-9d50-542b699a3d90:192.168.164.239:43140, 79abbc2e-0a90-4a41-a17c-6388bb873359:192.168.164.239:37857], old=null
2019-10-15 17:17:36,170 [79abbc2e-0a90-4a41-a17c-6388bb873359@group-B673650064C9-LeaderElection16] INFO  impl.RaftServerImpl (RaftServerImpl.java:setRole(184)) - 79abbc2e-0a90-4a41-a17c-6388bb873359@group-B673650064C9: changes role from CANDIDATE to FOLLOWER at term 16 for DISCOVERED_A_NEW_TERM
2019-10-15 17:17:36,170 [79abbc2e-0a90-4a41-a17c-6388bb873359@group-B673650064C9-LeaderElection16] INFO  impl.RoleInfo (RoleInfo.java:shutdownLeaderElection(134)) - 79abbc2e-0a90-4a41-a17c-6388bb873359: shutdown LeaderElection
2019-10-15 17:17:36,171 [79abbc2e-0a90-4a41-a17c-6388bb873359@group-B673650064C9-LeaderElection16] INFO  impl.RoleInfo (RoleInfo.java:updateAndGet(143)) - 79abbc2e-0a90-4a41-a17c-6388bb873359: start FollowerState
2019-10-15 17:17:36,259 [Thread-330] INFO  impl.FollowerState (FollowerState.java:run(108)) - 79abbc2e-0a90-4a41-a17c-6388bb873359@group-B673650064C9-FollowerState: change to CANDIDATE, lastRpcTime:88ms, electionTimeout:88ms
2019-10-15 17:17:36,261 [Thread-330] INFO  impl.RoleInfo (RoleInfo.java:shutdownFollowerState(121)) - 79abbc2e-0a90-4a41-a17c-6388bb873359: shutdown FollowerState
2019-10-15 17:17:36,261 [Thread-330] INFO  impl.RaftServerImpl (RaftServerImpl.java:setRole(184)) - 79abbc2e-0a90-4a41-a17c-6388bb873359@group-B673650064C9: changes role from  FOLLOWER to CANDIDATE at term 16 for changeToCandidate
2019-10-15 17:17:36,261 [Thread-330] INFO  impl.RoleInfo (RoleInfo.java:updateAndGet(143)) - 79abbc2e-0a90-4a41-a17c-6388bb873359: start LeaderElection
2019-10-15 17:17:36,285 [79abbc2e-0a90-4a41-a17c-6388bb873359@group-B673650064C9-LeaderElection17] INFO  impl.LeaderElection (LeaderElection.java:askForVotes(178)) - 79abbc2e-0a90-4a41-a17c-6388bb873359@group-B673650064C9-LeaderElection17: begin an election at term 17 for -1: [ebd8d1f9-8297-450f-abe7-393807ba0c7e:192.168.164.239:36510, dbc121b5-e1e8-4c61-9d50-542b699a3d90:192.168.164.239:43140, 79abbc2e-0a90-4a41-a17c-6388bb873359:192.168.164.239:37857], old=null
2019-10-15 17:17:36,288 [grpc-default-executor-1] INFO  impl.RaftServerImpl (RaftServerImpl.java:setRole(184)) - ebd8d1f9-8297-450f-abe7-393807ba0c7e@group-B673650064C9: changes role from  FOLLOWER to FOLLOWER at term 17 for recognizeCandidate:79abbc2e-0a90-4a41-a17c-6388bb873359
2019-10-15 17:17:36,288 [grpc-default-executor-1] INFO  impl.RoleInfo (RoleInfo.java:shutdownFollowerState(121)) - ebd8d1f9-8297-450f-abe7-393807ba0c7e: shutdown FollowerState
2019-10-15 17:17:36,288 [Thread-328] INFO  impl.FollowerState (FollowerState.java:run(117)) - ebd8d1f9-8297-450f-abe7-393807ba0c7e@group-B673650064C9-FollowerState was interrupted: java.lang.InterruptedException: sleep interrupted
2019-10-15 17:17:36,288 [grpc-default-executor-1] INFO  impl.RoleInfo (RoleInfo.java:updateAndGet(143)) - ebd8d1f9-8297-450f-abe7-393807ba0c7e: start FollowerState
2019-10-15 17:17:36,288 [grpc-default-executor-0] INFO  impl.RaftServerImpl (RaftServerImpl.java:setRole(184)) - dbc121b5-e1e8-4c61-9d50-542b699a3d90@group-B673650064C9: changes role from  FOLLOWER to FOLLOWER at term 17 for recognizeCandidate:79abbc2e-0a90-4a41-a17c-6388bb873359
2019-10-15 17:17:36,289 [grpc-default-executor-0] INFO  impl.RoleInfo (RoleInfo.java:shutdownFollowerState(121)) - dbc121b5-e1e8-4c61-9d50-542b699a3d90: shutdown FollowerState
2019-10-15 17:17:36,289 [grpc-default-executor-0] INFO  impl.RoleInfo (RoleInfo.java:updateAndGet(143)) - dbc121b5-e1e8-4c61-9d50-542b699a3d90: start FollowerState
2019-10-15 17:17:36,289 [Thread-329] INFO  impl.FollowerState (FollowerState.java:run(117)) - dbc121b5-e1e8-4c61-9d50-542b699a3d90@group-B673650064C9-FollowerState was interrupted: java.lang.InterruptedException: sleep interrupted
2019-10-15 17:17:36,313 [79abbc2e-0a90-4a41-a17c-6388bb873359@group-B673650064C9-LeaderElection17] INFO  impl.LeaderElection (LeaderElection.java:logAndReturn(56)) - 79abbc2e-0a90-4a41-a17c-6388bb873359@group-B673650064C9-LeaderElection17: Election REJECTED; received 2 response(s) [79abbc2e-0a90-4a41-a17c-6388bb873359<-ebd8d1f9-8297-450f-abe7-393807ba0c7e#0:FAIL-t17, 79abbc2e-0a90-4a41-a17c-6388bb873359<-dbc121b5-e1e8-4c61-9d50-542b699a3d90#0:FAIL-t17] and 0 exception(s); 79abbc2e-0a90-4a41-a17c-6388bb873359@group-B673650064C9:t17, leader=null, voted=79abbc2e-0a90-4a41-a17c-6388bb873359, raftlog=79abbc2e-0a90-4a41-a17c-6388bb873359@group-B673650064C9-SegmentedRaftLog:OPENED:c-1,f-1,i0, conf=-1: [ebd8d1f9-8297-450f-abe7-393807ba0c7e:192.168.164.239:36510, dbc121b5-e1e8-4c61-9d50-542b699a3d90:192.168.164.239:43140, 79abbc2e-0a90-4a41-a17c-6388bb873359:192.168.164.239:37857], old=null
2019-10-15 17:17:36,313 [79abbc2e-0a90-4a41-a17c-6388bb873359@group-B673650064C9-LeaderElection17] INFO  impl.RaftServerImpl (RaftServerImpl.java:setRole(184)) - 79abbc2e-0a90-4a41-a17c-6388bb873359@group-B673650064C9: changes role from CANDIDATE to FOLLOWER at term 17 for DISCOVERED_A_NEW_TERM
2019-10-15 17:17:36,313 [79abbc2e-0a90-4a41-a17c-6388bb873359@group-B673650064C9-LeaderElection17] INFO  impl.RoleInfo (RoleInfo.java:shutdownLeaderElection(134)) - 79abbc2e-0a90-4a41-a17c-6388bb873359: shutdown LeaderElection
2019-10-15 17:17:36,313 [79abbc2e-0a90-4a41-a17c-6388bb873359@group-B673650064C9-LeaderElection17] INFO  impl.RoleInfo (RoleInfo.java:updateAndGet(143)) - 79abbc2e-0a90-4a41-a17c-6388bb873359: start FollowerState
2019-10-15 17:17:36,347 [Thread-336] INFO  impl.FollowerState (FollowerState.java:run(108)) - 79abbc2e-0a90-4a41-a17c-6388bb873359@group-B673650064C9-FollowerState: change to CANDIDATE, lastRpcTime:34ms, electionTimeout:34ms
2019-10-15 17:17:36,348 [Thread-336] INFO  impl.RoleInfo (RoleInfo.java:shutdownFollowerState(121)) - 79abbc2e-0a90-4a41-a17c-6388bb873359: shutdown FollowerState
2019-10-15 17:17:36,348 [Thread-336] INFO  impl.RaftServerImpl (RaftServerImpl.java:setRole(184)) - 79abbc2e-0a90-4a41-a17c-6388bb873359@group-B673650064C9: changes role from  FOLLOWER to CANDIDATE at term 17 for changeToCandidate
2019-10-15 17:17:36,348 [Thread-336] INFO  impl.RoleInfo (RoleInfo.java:updateAndGet(143)) - 79abbc2e-0a90-4a41-a17c-6388bb873359: start LeaderElection
2019-10-15 17:17:36,377 [79abbc2e-0a90-4a41-a17c-6388bb873359@group-B673650064C9-LeaderElection18] INFO  impl.LeaderElection (LeaderElection.java:askForVotes(178)) - 79abbc2e-0a90-4a41-a17c-6388bb873359@group-B673650064C9-LeaderElection18: begin an election at term 18 for -1: [ebd8d1f9-8297-450f-abe7-393807ba0c7e:192.168.164.239:36510, dbc121b5-e1e8-4c61-9d50-542b699a3d90:192.168.164.239:43140, 79abbc2e-0a90-4a41-a17c-6388bb873359:192.168.164.239:37857], old=null
2019-10-15 17:17:36,381 [grpc-default-executor-0] INFO  impl.RaftServerImpl (RaftServerImpl.java:setRole(184)) - ebd8d1f9-8297-450f-abe7-393807ba0c7e@group-B673650064C9: changes role from  FOLLOWER to FOLLOWER at term 18 for recognizeCandidate:79abbc2e-0a90-4a41-a17c-6388bb873359
2019-10-15 17:17:36,382 [grpc-default-executor-1] INFO  impl.RaftServerImpl (RaftServerImpl.java:setRole(184)) - dbc121b5-e1e8-4c61-9d50-542b699a3d90@group-B673650064C9: changes role from  FOLLOWER to FOLLOWER at term 18 for recognizeCandidate:79abbc2e-0a90-4a41-a17c-6388bb873359
2019-10-15 17:17:36,382 [grpc-default-executor-0] INFO  impl.RoleInfo (RoleInfo.java:shutdownFollowerState(121)) - ebd8d1f9-8297-450f-abe7-393807ba0c7e: shutdown FollowerState
2019-10-15 17:17:36,382 [grpc-default-executor-1] INFO  impl.RoleInfo (RoleInfo.java:shutdownFollowerState(121)) - dbc121b5-e1e8-4c61-9d50-542b699a3d90: shutdown FollowerState
2019-10-15 17:17:36,383 [grpc-default-executor-0] INFO  impl.RoleInfo (RoleInfo.java:updateAndGet(143)) - ebd8d1f9-8297-450f-abe7-393807ba0c7e: start FollowerState
2019-10-15 17:17:36,383 [grpc-default-executor-1] INFO  impl.RoleInfo (RoleInfo.java:updateAndGet(143)) - dbc121b5-e1e8-4c61-9d50-542b699a3d90: start FollowerState
2019-10-15 17:17:36,383 [Thread-334] INFO  impl.FollowerState (FollowerState.java:run(117)) - ebd8d1f9-8297-450f-abe7-393807ba0c7e@group-B673650064C9-FollowerState was interrupted: java.lang.InterruptedException: sleep interrupted
2019-10-15 17:17:36,383 [Thread-335] INFO  impl.FollowerState (FollowerState.java:run(117)) - dbc121b5-e1e8-4c61-9d50-542b699a3d90@group-B673650064C9-FollowerState was interrupted: java.lang.InterruptedException: sleep interrupted
2019-10-15 17:17:36,412 [79abbc2e-0a90-4a41-a17c-6388bb873359@group-B673650064C9-LeaderElection18] INFO  impl.LeaderElection (LeaderElection.java:logAndReturn(56)) - 79abbc2e-0a90-4a41-a17c-6388bb873359@group-B673650064C9-LeaderElection18: Election REJECTED; received 2 response(s) [79abbc2e-0a90-4a41-a17c-6388bb873359<-ebd8d1f9-8297-450f-abe7-393807ba0c7e#0:FAIL-t18, 79abbc2e-0a90-4a41-a17c-6388bb873359<-dbc121b5-e1e8-4c61-9d50-542b699a3d90#0:FAIL-t18] and 0 exception(s); 79abbc2e-0a90-4a41-a17c-6388bb873359@group-B673650064C9:t18, leader=null, voted=79abbc2e-0a90-4a41-a17c-6388bb873359, raftlog=79abbc2e-0a90-4a41-a17c-6388bb873359@group-B673650064C9-SegmentedRaftLog:OPENED:c-1,f-1,i0, conf=-1: [ebd8d1f9-8297-450f-abe7-393807ba0c7e:192.168.164.239:36510, dbc121b5-e1e8-4c61-9d50-542b699a3d90:192.168.164.239:43140, 79abbc2e-0a90-4a41-a17c-6388bb873359:192.168.164.239:37857], old=null
2019-10-15 17:17:36,413 [79abbc2e-0a90-4a41-a17c-6388bb873359@group-B673650064C9-LeaderElection18] INFO  impl.RaftServerImpl (RaftServerImpl.java:setRole(184)) - 79abbc2e-0a90-4a41-a17c-6388bb873359@group-B673650064C9: changes role from CANDIDATE to FOLLOWER at term 18 for DISCOVERED_A_NEW_TERM
2019-10-15 17:17:36,413 [79abbc2e-0a90-4a41-a17c-6388bb873359@group-B673650064C9-LeaderElection18] INFO  impl.RoleInfo (RoleInfo.java:shutdownLeaderElection(134)) - 79abbc2e-0a90-4a41-a17c-6388bb873359: shutdown LeaderElection
2019-10-15 17:17:36,413 [79abbc2e-0a90-4a41-a17c-6388bb873359@group-B673650064C9-LeaderElection18] INFO  impl.RoleInfo (RoleInfo.java:updateAndGet(143)) - 79abbc2e-0a90-4a41-a17c-6388bb873359: start FollowerState
2019-10-15 17:17:36,472 [Thread-344] INFO  impl.FollowerState (FollowerState.java:run(108)) - 79abbc2e-0a90-4a41-a17c-6388bb873359@group-B673650064C9-FollowerState: change to CANDIDATE, lastRpcTime:59ms, electionTimeout:59ms
2019-10-15 17:17:36,474 [Thread-344] INFO  impl.RoleInfo (RoleInfo.java:shutdownFollowerState(121)) - 79abbc2e-0a90-4a41-a17c-6388bb873359: shutdown FollowerState
2019-10-15 17:17:36,474 [Thread-344] INFO  impl.RaftServerImpl (RaftServerImpl.java:setRole(184)) - 79abbc2e-0a90-4a41-a17c-6388bb873359@group-B673650064C9: changes role from  FOLLOWER to CANDIDATE at term 18 for changeToCandidate
2019-10-15 17:17:36,475 [Thread-344] INFO  impl.RoleInfo (RoleInfo.java:updateAndGet(143)) - 79abbc2e-0a90-4a41-a17c-6388bb873359: start LeaderElection
2019-10-15 17:17:36,503 [79abbc2e-0a90-4a41-a17c-6388bb873359@group-B673650064C9-LeaderElection19] INFO  impl.LeaderElection (LeaderElection.java:askForVotes(178)) - 79abbc2e-0a90-4a41-a17c-6388bb873359@group-B673650064C9-LeaderElection19: begin an election at term 19 for -1: [ebd8d1f9-8297-450f-abe7-393807ba0c7e:192.168.164.239:36510, dbc121b5-e1e8-4c61-9d50-542b699a3d90:192.168.164.239:43140, 79abbc2e-0a90-4a41-a17c-6388bb873359:192.168.164.239:37857], old=null
2019-10-15 17:17:36,508 [grpc-default-executor-1] INFO  impl.RaftServerImpl (RaftServerImpl.java:setRole(184)) - ebd8d1f9-8297-450f-abe7-393807ba0c7e@group-B673650064C9: changes role from  FOLLOWER to FOLLOWER at term 19 for recognizeCandidate:79abbc2e-0a90-4a41-a17c-6388bb873359
2019-10-15 17:17:36,508 [grpc-default-executor-0] INFO  impl.RaftServerImpl (RaftServerImpl.java:setRole(184)) - dbc121b5-e1e8-4c61-9d50-542b699a3d90@group-B673650064C9: changes role from  FOLLOWER to FOLLOWER at term 19 for recognizeCandidate:79abbc2e-0a90-4a41-a17c-6388bb873359
2019-10-15 17:17:36,508 [grpc-default-executor-1] INFO  impl.RoleInfo (RoleInfo.java:shutdownFollowerState(121)) - ebd8d1f9-8297-450f-abe7-393807ba0c7e: shutdown FollowerState
2019-10-15 17:17:36,508 [grpc-default-executor-0] INFO  impl.RoleInfo (RoleInfo.java:shutdownFollowerState(121)) - dbc121b5-e1e8-4c61-9d50-542b699a3d90: shutdown FollowerState
2019-10-15 17:17:36,509 [grpc-default-executor-1] INFO  impl.RoleInfo (RoleInfo.java:updateAndGet(143)) - ebd8d1f9-8297-450f-abe7-393807ba0c7e: start FollowerState
2019-10-15 17:17:36,509 [Thread-341] INFO  impl.FollowerState (FollowerState.java:run(117)) - dbc121b5-e1e8-4c61-9d50-542b699a3d90@group-B673650064C9-FollowerState was interrupted: java.lang.InterruptedException: sleep interrupted
2019-10-15 17:17:36,509 [grpc-default-executor-0] INFO  impl.RoleInfo (RoleInfo.java:updateAndGet(143)) - dbc121b5-e1e8-4c61-9d50-542b699a3d90: start FollowerState
2019-10-15 17:17:36,509 [Thread-340] INFO  impl.FollowerState (FollowerState.java:run(117)) - ebd8d1f9-8297-450f-abe7-393807ba0c7e@group-B673650064C9-FollowerState was interrupted: java.lang.InterruptedException: sleep interrupted
2019-10-15 17:17:36,521 [79abbc2e-0a90-4a41-a17c-6388bb873359@group-B673650064C9-LeaderElection19] INFO  impl.LeaderElection (LeaderElection.java:logAndReturn(56)) - 79abbc2e-0a90-4a41-a17c-6388bb873359@group-B673650064C9-LeaderElection19: Election TIMEOUT; received 0 response(s) [] and 0 exception(s); 79abbc2e-0a90-4a41-a17c-6388bb873359@group-B673650064C9:t19, leader=null, voted=79abbc2e-0a90-4a41-a17c-6388bb873359, raftlog=79abbc2e-0a90-4a41-a17c-6388bb873359@group-B673650064C9-SegmentedRaftLog:OPENED:c-1,f-1,i0, conf=-1: [ebd8d1f9-8297-450f-abe7-393807ba0c7e:192.168.164.239:36510, dbc121b5-e1e8-4c61-9d50-542b699a3d90:192.168.164.239:43140, 79abbc2e-0a90-4a41-a17c-6388bb873359:192.168.164.239:37857], old=null
2019-10-15 17:17:36,554 [79abbc2e-0a90-4a41-a17c-6388bb873359@group-B673650064C9-LeaderElection19] INFO  impl.LeaderElection (LeaderElection.java:askForVotes(178)) - 79abbc2e-0a90-4a41-a17c-6388bb873359@group-B673650064C9-LeaderElection19: begin an election at term 20 for -1: [ebd8d1f9-8297-450f-abe7-393807ba0c7e:192.168.164.239:36510, dbc121b5-e1e8-4c61-9d50-542b699a3d90:192.168.164.239:43140, 79abbc2e-0a90-4a41-a17c-6388bb873359:192.168.164.239:37857], old=null
2019-10-15 17:17:36,558 [grpc-default-executor-1] INFO  impl.RaftServerImpl (RaftServerImpl.java:setRole(184)) - ebd8d1f9-8297-450f-abe7-393807ba0c7e@group-B673650064C9: changes role from  FOLLOWER to FOLLOWER at term 20 for recognizeCandidate:79abbc2e-0a90-4a41-a17c-6388bb873359
2019-10-15 17:17:36,558 [grpc-default-executor-0] INFO  impl.RaftServerImpl (RaftServerImpl.java:setRole(184)) - dbc121b5-e1e8-4c61-9d50-542b699a3d90@group-B673650064C9: changes role from  FOLLOWER to FOLLOWER at term 20 for recognizeCandidate:79abbc2e-0a90-4a41-a17c-6388bb873359
2019-10-15 17:17:36,562 [grpc-default-executor-1] INFO  impl.RoleInfo (RoleInfo.java:shutdownFollowerState(121)) - ebd8d1f9-8297-450f-abe7-393807ba0c7e: shutdown FollowerState
2019-10-15 17:17:36,564 [grpc-default-executor-0] INFO  impl.RoleInfo (RoleInfo.java:shutdownFollowerState(121)) - dbc121b5-e1e8-4c61-9d50-542b699a3d90: shutdown FollowerState
2019-10-15 17:17:36,564 [grpc-default-executor-1] INFO  impl.RoleInfo (RoleInfo.java:updateAndGet(143)) - ebd8d1f9-8297-450f-abe7-393807ba0c7e: start FollowerState
2019-10-15 17:17:36,564 [Thread-348] INFO  impl.FollowerState (FollowerState.java:run(117)) - ebd8d1f9-8297-450f-abe7-393807ba0c7e@group-B673650064C9-FollowerState was interrupted: java.lang.InterruptedException: sleep interrupted
2019-10-15 17:17:36,564 [grpc-default-executor-0] INFO  impl.RoleInfo (RoleInfo.java:updateAndGet(143)) - dbc121b5-e1e8-4c61-9d50-542b699a3d90: start FollowerState
2019-10-15 17:17:36,564 [Thread-349] INFO  impl.FollowerState (FollowerState.java:run(117)) - dbc121b5-e1e8-4c61-9d50-542b699a3d90@group-B673650064C9-FollowerState was interrupted: java.lang.InterruptedException: sleep interrupted
2019-10-15 17:17:36,591 [79abbc2e-0a90-4a41-a17c-6388bb873359@group-B673650064C9-LeaderElection19] INFO  impl.LeaderElection (LeaderElection.java:logAndReturn(56)) - 79abbc2e-0a90-4a41-a17c-6388bb873359@group-B673650064C9-LeaderElection19: Election REJECTED; received 2 response(s) [79abbc2e-0a90-4a41-a17c-6388bb873359<-ebd8d1f9-8297-450f-abe7-393807ba0c7e#0:FAIL-t20, 79abbc2e-0a90-4a41-a17c-6388bb873359<-dbc121b5-e1e8-4c61-9d50-542b699a3d90#0:FAIL-t20] and 0 exception(s); 79abbc2e-0a90-4a41-a17c-6388bb873359@group-B673650064C9:t20, leader=null, voted=79abbc2e-0a90-4a41-a17c-6388bb873359, raftlog=79abbc2e-0a90-4a41-a17c-6388bb873359@group-B673650064C9-SegmentedRaftLog:OPENED:c-1,f-1,i0, conf=-1: [ebd8d1f9-8297-450f-abe7-393807ba0c7e:192.168.164.239:36510, dbc121b5-e1e8-4c61-9d50-542b699a3d90:192.168.164.239:43140, 79abbc2e-0a90-4a41-a17c-6388bb873359:192.168.164.239:37857], old=null
2019-10-15 17:17:36,591 [79abbc2e-0a90-4a41-a17c-6388bb873359@group-B673650064C9-LeaderElection19] INFO  impl.RaftServerImpl (RaftServerImpl.java:setRole(184)) - 79abbc2e-0a90-4a41-a17c-6388bb873359@group-B673650064C9: changes role from CANDIDATE to FOLLOWER at term 20 for DISCOVERED_A_NEW_TERM
2019-10-15 17:17:36,591 [79abbc2e-0a90-4a41-a17c-6388bb873359@group-B673650064C9-LeaderElection19] INFO  impl.RoleInfo (RoleInfo.java:shutdownLeaderElection(134)) - 79abbc2e-0a90-4a41-a17c-6388bb873359: shutdown LeaderElection
2019-10-15 17:17:36,591 [79abbc2e-0a90-4a41-a17c-6388bb873359@group-B673650064C9-LeaderElection19] INFO  impl.RoleInfo (RoleInfo.java:updateAndGet(143)) - 79abbc2e-0a90-4a41-a17c-6388bb873359: start FollowerState
2019-10-15 17:17:36,763 [Thread-354] INFO  impl.FollowerState (FollowerState.java:run(108)) - 79abbc2e-0a90-4a41-a17c-6388bb873359@group-B673650064C9-FollowerState: change to CANDIDATE, lastRpcTime:171ms, electionTimeout:171ms
2019-10-15 17:17:36,765 [Thread-354] INFO  impl.RoleInfo (RoleInfo.java:shutdownFollowerState(121)) - 79abbc2e-0a90-4a41-a17c-6388bb873359: shutdown FollowerState
2019-10-15 17:17:36,765 [Thread-354] INFO  impl.RaftServerImpl (RaftServerImpl.java:setRole(184)) - 79abbc2e-0a90-4a41-a17c-6388bb873359@group-B673650064C9: changes role from  FOLLOWER to CANDIDATE at term 20 for changeToCandidate
2019-10-15 17:17:36,766 [Thread-354] INFO  impl.RoleInfo (RoleInfo.java:updateAndGet(143)) - 79abbc2e-0a90-4a41-a17c-6388bb873359: start LeaderElection
2019-10-15 17:17:36,791 [79abbc2e-0a90-4a41-a17c-6388bb873359@group-B673650064C9-LeaderElection20] INFO  impl.LeaderElection (LeaderElection.java:askForVotes(178)) - 79abbc2e-0a90-4a41-a17c-6388bb873359@group-B673650064C9-LeaderElection20: begin an election at term 21 for -1: [ebd8d1f9-8297-450f-abe7-393807ba0c7e:192.168.164.239:36510, dbc121b5-e1e8-4c61-9d50-542b699a3d90:192.168.164.239:43140, 79abbc2e-0a90-4a41-a17c-6388bb873359:192.168.164.239:37857], old=null
2019-10-15 17:17:36,796 [grpc-default-executor-0] INFO  impl.RaftServerImpl (RaftServerImpl.java:setRole(184)) - ebd8d1f9-8297-450f-abe7-393807ba0c7e@group-B673650064C9: changes role from  FOLLOWER to FOLLOWER at term 21 for recognizeCandidate:79abbc2e-0a90-4a41-a17c-6388bb873359
2019-10-15 17:17:36,796 [grpc-default-executor-1] INFO  impl.RaftServerImpl (RaftServerImpl.java:setRole(184)) - dbc121b5-e1e8-4c61-9d50-542b699a3d90@group-B673650064C9: changes role from  FOLLOWER to FOLLOWER at term 21 for recognizeCandidate:79abbc2e-0a90-4a41-a17c-6388bb873359
2019-10-15 17:17:36,796 [grpc-default-executor-0] INFO  impl.RoleInfo (RoleInfo.java:shutdownFollowerState(121)) - ebd8d1f9-8297-450f-abe7-393807ba0c7e: shutdown FollowerState
2019-10-15 17:17:36,796 [grpc-default-executor-1] INFO  impl.RoleInfo (RoleInfo.java:shutdownFollowerState(121)) - dbc121b5-e1e8-4c61-9d50-542b699a3d90: shutdown FollowerState
2019-10-15 17:17:36,796 [grpc-default-executor-0] INFO  impl.RoleInfo (RoleInfo.java:updateAndGet(143)) - ebd8d1f9-8297-450f-abe7-393807ba0c7e: start FollowerState
2019-10-15 17:17:36,796 [Thread-352] INFO  impl.FollowerState (FollowerState.java:run(117)) - ebd8d1f9-8297-450f-abe7-393807ba0c7e@group-B673650064C9-FollowerState was interrupted: java.lang.InterruptedException: sleep interrupted
2019-10-15 17:17:36,797 [grpc-default-executor-1] INFO  impl.RoleInfo (RoleInfo.java:updateAndGet(143)) - dbc121b5-e1e8-4c61-9d50-542b699a3d90: start FollowerState
2019-10-15 17:17:36,797 [Thread-353] INFO  impl.FollowerState (FollowerState.java:run(117)) - dbc121b5-e1e8-4c61-9d50-542b699a3d90@group-B673650064C9-FollowerState was interrupted: java.lang.InterruptedException: sleep interrupted
2019-10-15 17:17:36,829 [79abbc2e-0a90-4a41-a17c-6388bb873359@group-B673650064C9-LeaderElection20] INFO  impl.LeaderElection (LeaderElection.java:logAndReturn(56)) - 79abbc2e-0a90-4a41-a17c-6388bb873359@group-B673650064C9-LeaderElection20: Election REJECTED; received 2 response(s) [79abbc2e-0a90-4a41-a17c-6388bb873359<-ebd8d1f9-8297-450f-abe7-393807ba0c7e#0:FAIL-t21, 79abbc2e-0a90-4a41-a17c-6388bb873359<-dbc121b5-e1e8-4c61-9d50-542b699a3d90#0:FAIL-t21] and 0 exception(s); 79abbc2e-0a90-4a41-a17c-6388bb873359@group-B673650064C9:t21, leader=null, voted=79abbc2e-0a90-4a41-a17c-6388bb873359, raftlog=79abbc2e-0a90-4a41-a17c-6388bb873359@group-B673650064C9-SegmentedRaftLog:OPENED:c-1,f-1,i0, conf=-1: [ebd8d1f9-8297-450f-abe7-393807ba0c7e:192.168.164.239:36510, dbc121b5-e1e8-4c61-9d50-542b699a3d90:192.168.164.239:43140, 79abbc2e-0a90-4a41-a17c-6388bb873359:192.168.164.239:37857], old=null
2019-10-15 17:17:36,829 [79abbc2e-0a90-4a41-a17c-6388bb873359@group-B673650064C9-LeaderElection20] INFO  impl.RaftServerImpl (RaftServerImpl.java:setRole(184)) - 79abbc2e-0a90-4a41-a17c-6388bb873359@group-B673650064C9: changes role from CANDIDATE to FOLLOWER at term 21 for DISCOVERED_A_NEW_TERM
2019-10-15 17:17:36,829 [79abbc2e-0a90-4a41-a17c-6388bb873359@group-B673650064C9-LeaderElection20] INFO  impl.RoleInfo (RoleInfo.java:shutdownLeaderElection(134)) - 79abbc2e-0a90-4a41-a17c-6388bb873359: shutdown LeaderElection
2019-10-15 17:17:36,830 [79abbc2e-0a90-4a41-a17c-6388bb873359@group-B673650064C9-LeaderElection20] INFO  impl.RoleInfo (RoleInfo.java:updateAndGet(143)) - 79abbc2e-0a90-4a41-a17c-6388bb873359: start FollowerState
2019-10-15 17:17:36,876 [Thread-360] INFO  impl.FollowerState (FollowerState.java:run(108)) - 79abbc2e-0a90-4a41-a17c-6388bb873359@group-B673650064C9-FollowerState: change to CANDIDATE, lastRpcTime:46ms, electionTimeout:46ms
2019-10-15 17:17:36,877 [Thread-360] INFO  impl.RoleInfo (RoleInfo.java:shutdownFollowerState(121)) - 79abbc2e-0a90-4a41-a17c-6388bb873359: shutdown FollowerState
2019-10-15 17:17:36,878 [Thread-360] INFO  impl.RaftServerImpl (RaftServerImpl.java:setRole(184)) - 79abbc2e-0a90-4a41-a17c-6388bb873359@group-B673650064C9: changes role from  FOLLOWER to CANDIDATE at term 21 for changeToCandidate
2019-10-15 17:17:36,878 [Thread-360] INFO  impl.RoleInfo (RoleInfo.java:updateAndGet(143)) - 79abbc2e-0a90-4a41-a17c-6388bb873359: start LeaderElection
2019-10-15 17:17:36,902 [79abbc2e-0a90-4a41-a17c-6388bb873359@group-B673650064C9-LeaderElection21] INFO  impl.LeaderElection (LeaderElection.java:askForVotes(178)) - 79abbc2e-0a90-4a41-a17c-6388bb873359@group-B673650064C9-LeaderElection21: begin an election at term 22 for -1: [ebd8d1f9-8297-450f-abe7-393807ba0c7e:192.168.164.239:36510, dbc121b5-e1e8-4c61-9d50-542b699a3d90:192.168.164.239:43140, 79abbc2e-0a90-4a41-a17c-6388bb873359:192.168.164.239:37857], old=null
2019-10-15 17:17:36,906 [grpc-default-executor-1] INFO  impl.RaftServerImpl (RaftServerImpl.java:setRole(184)) - ebd8d1f9-8297-450f-abe7-393807ba0c7e@group-B673650064C9: changes role from  FOLLOWER to FOLLOWER at term 22 for recognizeCandidate:79abbc2e-0a90-4a41-a17c-6388bb873359
2019-10-15 17:17:36,906 [grpc-default-executor-0] INFO  impl.RaftServerImpl (RaftServerImpl.java:setRole(184)) - dbc121b5-e1e8-4c61-9d50-542b699a3d90@group-B673650064C9: changes role from  FOLLOWER to FOLLOWER at term 22 for recognizeCandidate:79abbc2e-0a90-4a41-a17c-6388bb873359
2019-10-15 17:17:36,906 [grpc-default-executor-1] INFO  impl.RoleInfo (RoleInfo.java:shutdownFollowerState(121)) - ebd8d1f9-8297-450f-abe7-393807ba0c7e: shutdown FollowerState
2019-10-15 17:17:36,906 [grpc-default-executor-0] INFO  impl.RoleInfo (RoleInfo.java:shutdownFollowerState(121)) - dbc121b5-e1e8-4c61-9d50-542b699a3d90: shutdown FollowerState
2019-10-15 17:17:36,906 [grpc-default-executor-1] INFO  impl.RoleInfo (RoleInfo.java:updateAndGet(143)) - ebd8d1f9-8297-450f-abe7-393807ba0c7e: start FollowerState
2019-10-15 17:17:36,906 [Thread-358] INFO  impl.FollowerState (FollowerState.java:run(117)) - ebd8d1f9-8297-450f-abe7-393807ba0c7e@group-B673650064C9-FollowerState was interrupted: java.lang.InterruptedException: sleep interrupted
2019-10-15 17:17:36,906 [grpc-default-executor-0] INFO  impl.RoleInfo (RoleInfo.java:updateAndGet(143)) - dbc121b5-e1e8-4c61-9d50-542b699a3d90: start FollowerState
2019-10-15 17:17:36,906 [Thread-359] INFO  impl.FollowerState (FollowerState.java:run(117)) - dbc121b5-e1e8-4c61-9d50-542b699a3d90@group-B673650064C9-FollowerState was interrupted: java.lang.InterruptedException: sleep interrupted
2019-10-15 17:17:36,929 [79abbc2e-0a90-4a41-a17c-6388bb873359@group-B673650064C9-LeaderElection21] INFO  impl.LeaderElection (LeaderElection.java:logAndReturn(56)) - 79abbc2e-0a90-4a41-a17c-6388bb873359@group-B673650064C9-LeaderElection21: Election REJECTED; received 2 response(s) [79abbc2e-0a90-4a41-a17c-6388bb873359<-ebd8d1f9-8297-450f-abe7-393807ba0c7e#0:FAIL-t22, 79abbc2e-0a90-4a41-a17c-6388bb873359<-dbc121b5-e1e8-4c61-9d50-542b699a3d90#0:FAIL-t22] and 0 exception(s); 79abbc2e-0a90-4a41-a17c-6388bb873359@group-B673650064C9:t22, leader=null, voted=79abbc2e-0a90-4a41-a17c-6388bb873359, raftlog=79abbc2e-0a90-4a41-a17c-6388bb873359@group-B673650064C9-SegmentedRaftLog:OPENED:c-1,f-1,i0, conf=-1: [ebd8d1f9-8297-450f-abe7-393807ba0c7e:192.168.164.239:36510, dbc121b5-e1e8-4c61-9d50-542b699a3d90:192.168.164.239:43140, 79abbc2e-0a90-4a41-a17c-6388bb873359:192.168.164.239:37857], old=null
2019-10-15 17:17:36,929 [79abbc2e-0a90-4a41-a17c-6388bb873359@group-B673650064C9-LeaderElection21] INFO  impl.RaftServerImpl (RaftServerImpl.java:setRole(184)) - 79abbc2e-0a90-4a41-a17c-6388bb873359@group-B673650064C9: changes role from CANDIDATE to FOLLOWER at term 22 for DISCOVERED_A_NEW_TERM
2019-10-15 17:17:36,929 [79abbc2e-0a90-4a41-a17c-6388bb873359@group-B673650064C9-LeaderElection21] INFO  impl.RoleInfo (RoleInfo.java:shutdownLeaderElection(134)) - 79abbc2e-0a90-4a41-a17c-6388bb873359: shutdown LeaderElection
2019-10-15 17:17:36,929 [79abbc2e-0a90-4a41-a17c-6388bb873359@group-B673650064C9-LeaderElection21] INFO  impl.RoleInfo (RoleInfo.java:updateAndGet(143)) - 79abbc2e-0a90-4a41-a17c-6388bb873359: start FollowerState
2019-10-15 17:17:37,104 [Thread-366] INFO  impl.FollowerState (FollowerState.java:run(108)) - 79abbc2e-0a90-4a41-a17c-6388bb873359@group-B673650064C9-FollowerState: change to CANDIDATE, lastRpcTime:174ms, electionTimeout:174ms
2019-10-15 17:17:37,106 [Thread-366] INFO  impl.RoleInfo (RoleInfo.java:shutdownFollowerState(121)) - 79abbc2e-0a90-4a41-a17c-6388bb873359: shutdown FollowerState
2019-10-15 17:17:37,106 [Thread-366] INFO  impl.RaftServerImpl (RaftServerImpl.java:setRole(184)) - 79abbc2e-0a90-4a41-a17c-6388bb873359@group-B673650064C9: changes role from  FOLLOWER to CANDIDATE at term 22 for changeToCandidate
2019-10-15 17:17:37,106 [Thread-366] INFO  impl.RoleInfo (RoleInfo.java:updateAndGet(143)) - 79abbc2e-0a90-4a41-a17c-6388bb873359: start LeaderElection
2019-10-15 17:17:37,129 [79abbc2e-0a90-4a41-a17c-6388bb873359@group-B673650064C9-LeaderElection22] INFO  impl.LeaderElection (LeaderElection.java:askForVotes(178)) - 79abbc2e-0a90-4a41-a17c-6388bb873359@group-B673650064C9-LeaderElection22: begin an election at term 23 for -1: [ebd8d1f9-8297-450f-abe7-393807ba0c7e:192.168.164.239:36510, dbc121b5-e1e8-4c61-9d50-542b699a3d90:192.168.164.239:43140, 79abbc2e-0a90-4a41-a17c-6388bb873359:192.168.164.239:37857], old=null
2019-10-15 17:17:37,133 [grpc-default-executor-0] INFO  impl.RaftServerImpl (RaftServerImpl.java:setRole(184)) - ebd8d1f9-8297-450f-abe7-393807ba0c7e@group-B673650064C9: changes role from  FOLLOWER to FOLLOWER at term 23 for recognizeCandidate:79abbc2e-0a90-4a41-a17c-6388bb873359
2019-10-15 17:17:37,133 [grpc-default-executor-1] INFO  impl.RaftServerImpl (RaftServerImpl.java:setRole(184)) - dbc121b5-e1e8-4c61-9d50-542b699a3d90@group-B673650064C9: changes role from  FOLLOWER to FOLLOWER at term 23 for recognizeCandidate:79abbc2e-0a90-4a41-a17c-6388bb873359
2019-10-15 17:17:37,133 [grpc-default-executor-0] INFO  impl.RoleInfo (RoleInfo.java:shutdownFollowerState(121)) - ebd8d1f9-8297-450f-abe7-393807ba0c7e: shutdown FollowerState
2019-10-15 17:17:37,134 [grpc-default-executor-1] INFO  impl.RoleInfo (RoleInfo.java:shutdownFollowerState(121)) - dbc121b5-e1e8-4c61-9d50-542b699a3d90: shutdown FollowerState
2019-10-15 17:17:37,134 [Thread-364] INFO  impl.FollowerState (FollowerState.java:run(117)) - ebd8d1f9-8297-450f-abe7-393807ba0c7e@group-B673650064C9-FollowerState was interrupted: java.lang.InterruptedException: sleep interrupted
2019-10-15 17:17:37,134 [grpc-default-executor-1] INFO  impl.RoleInfo (RoleInfo.java:updateAndGet(143)) - dbc121b5-e1e8-4c61-9d50-542b699a3d90: start FollowerState
2019-10-15 17:17:37,134 [Thread-365] INFO  impl.FollowerState (FollowerState.java:run(117)) - dbc121b5-e1e8-4c61-9d50-542b699a3d90@group-B673650064C9-FollowerState was interrupted: java.lang.InterruptedException: sleep interrupted
2019-10-15 17:17:37,134 [grpc-default-executor-0] INFO  impl.RoleInfo (RoleInfo.java:updateAndGet(143)) - ebd8d1f9-8297-450f-abe7-393807ba0c7e: start FollowerState
2019-10-15 17:17:37,173 [79abbc2e-0a90-4a41-a17c-6388bb873359@group-B673650064C9-LeaderElection22] INFO  impl.LeaderElection (LeaderElection.java:logAndReturn(56)) - 79abbc2e-0a90-4a41-a17c-6388bb873359@group-B673650064C9-LeaderElection22: Election REJECTED; received 2 response(s) [79abbc2e-0a90-4a41-a17c-6388bb873359<-ebd8d1f9-8297-450f-abe7-393807ba0c7e#0:FAIL-t23, 79abbc2e-0a90-4a41-a17c-6388bb873359<-dbc121b5-e1e8-4c61-9d50-542b699a3d90#0:FAIL-t23] and 0 exception(s); 79abbc2e-0a90-4a41-a17c-6388bb873359@group-B673650064C9:t23, leader=null, voted=79abbc2e-0a90-4a41-a17c-6388bb873359, raftlog=79abbc2e-0a90-4a41-a17c-6388bb873359@group-B673650064C9-SegmentedRaftLog:OPENED:c-1,f-1,i0, conf=-1: [ebd8d1f9-8297-450f-abe7-393807ba0c7e:192.168.164.239:36510, dbc121b5-e1e8-4c61-9d50-542b699a3d90:192.168.164.239:43140, 79abbc2e-0a90-4a41-a17c-6388bb873359:192.168.164.239:37857], old=null
2019-10-15 17:17:37,173 [79abbc2e-0a90-4a41-a17c-6388bb873359@group-B673650064C9-LeaderElection22] INFO  impl.RaftServerImpl (RaftServerImpl.java:setRole(184)) - 79abbc2e-0a90-4a41-a17c-6388bb873359@group-B673650064C9: changes role from CANDIDATE to FOLLOWER at term 23 for DISCOVERED_A_NEW_TERM
2019-10-15 17:17:37,173 [79abbc2e-0a90-4a41-a17c-6388bb873359@group-B673650064C9-LeaderElection22] INFO  impl.RoleInfo (RoleInfo.java:shutdownLeaderElection(134)) - 79abbc2e-0a90-4a41-a17c-6388bb873359: shutdown LeaderElection
2019-10-15 17:17:37,174 [79abbc2e-0a90-4a41-a17c-6388bb873359@group-B673650064C9-LeaderElection22] INFO  impl.RoleInfo (RoleInfo.java:updateAndGet(143)) - 79abbc2e-0a90-4a41-a17c-6388bb873359: start FollowerState
2019-10-15 17:17:37,239 [Thread-372] INFO  impl.FollowerState (FollowerState.java:run(108)) - 79abbc2e-0a90-4a41-a17c-6388bb873359@group-B673650064C9-FollowerState: change to CANDIDATE, lastRpcTime:65ms, electionTimeout:65ms
2019-10-15 17:17:37,241 [Thread-372] INFO  impl.RoleInfo (RoleInfo.java:shutdownFollowerState(121)) - 79abbc2e-0a90-4a41-a17c-6388bb873359: shutdown FollowerState
2019-10-15 17:17:37,241 [Thread-372] INFO  impl.RaftServerImpl (RaftServerImpl.java:setRole(184)) - 79abbc2e-0a90-4a41-a17c-6388bb873359@group-B673650064C9: changes role from  FOLLOWER to CANDIDATE at term 23 for changeToCandidate
2019-10-15 17:17:37,241 [Thread-372] INFO  impl.RoleInfo (RoleInfo.java:updateAndGet(143)) - 79abbc2e-0a90-4a41-a17c-6388bb873359: start LeaderElection
2019-10-15 17:17:37,265 [79abbc2e-0a90-4a41-a17c-6388bb873359@group-B673650064C9-LeaderElection23] INFO  impl.LeaderElection (LeaderElection.java:askForVotes(178)) - 79abbc2e-0a90-4a41-a17c-6388bb873359@group-B673650064C9-LeaderElection23: begin an election at term 24 for -1: [ebd8d1f9-8297-450f-abe7-393807ba0c7e:192.168.164.239:36510, dbc121b5-e1e8-4c61-9d50-542b699a3d90:192.168.164.239:43140, 79abbc2e-0a90-4a41-a17c-6388bb873359:192.168.164.239:37857], old=null
2019-10-15 17:17:37,269 [grpc-default-executor-0] INFO  impl.RaftServerImpl (RaftServerImpl.java:setRole(184)) - ebd8d1f9-8297-450f-abe7-393807ba0c7e@group-B673650064C9: changes role from  FOLLOWER to FOLLOWER at term 24 for recognizeCandidate:79abbc2e-0a90-4a41-a17c-6388bb873359
2019-10-15 17:17:37,269 [grpc-default-executor-1] INFO  impl.RaftServerImpl (RaftServerImpl.java:setRole(184)) - dbc121b5-e1e8-4c61-9d50-542b699a3d90@group-B673650064C9: changes role from  FOLLOWER to FOLLOWER at term 24 for recognizeCandidate:79abbc2e-0a90-4a41-a17c-6388bb873359
2019-10-15 17:17:37,269 [grpc-default-executor-0] INFO  impl.RoleInfo (RoleInfo.java:shutdownFollowerState(121)) - ebd8d1f9-8297-450f-abe7-393807ba0c7e: shutdown FollowerState
2019-10-15 17:17:37,270 [grpc-default-executor-1] INFO  impl.RoleInfo (RoleInfo.java:shutdownFollowerState(121)) - dbc121b5-e1e8-4c61-9d50-542b699a3d90: shutdown FollowerState
2019-10-15 17:17:37,270 [Thread-370] INFO  impl.FollowerState (FollowerState.java:run(117)) - ebd8d1f9-8297-450f-abe7-393807ba0c7e@group-B673650064C9-FollowerState was interrupted: java.lang.InterruptedException: sleep interrupted
2019-10-15 17:17:37,270 [Thread-371] INFO  impl.FollowerState (FollowerState.java:run(117)) - dbc121b5-e1e8-4c61-9d50-542b699a3d90@group-B673650064C9-FollowerState was interrupted: java.lang.InterruptedException: sleep interrupted
2019-10-15 17:17:37,270 [grpc-default-executor-1] INFO  impl.RoleInfo (RoleInfo.java:updateAndGet(143)) - dbc121b5-e1e8-4c61-9d50-542b699a3d90: start FollowerState
2019-10-15 17:17:37,270 [grpc-default-executor-0] INFO  impl.RoleInfo (RoleInfo.java:updateAndGet(143)) - ebd8d1f9-8297-450f-abe7-393807ba0c7e: start FollowerState
2019-10-15 17:17:37,293 [79abbc2e-0a90-4a41-a17c-6388bb873359@group-B673650064C9-LeaderElection23] INFO  impl.LeaderElection (LeaderElection.java:logAndReturn(56)) - 79abbc2e-0a90-4a41-a17c-6388bb873359@group-B673650064C9-LeaderElection23: Election REJECTED; received 2 response(s) [79abbc2e-0a90-4a41-a17c-6388bb873359<-ebd8d1f9-8297-450f-abe7-393807ba0c7e#0:FAIL-t24, 79abbc2e-0a90-4a41-a17c-6388bb873359<-dbc121b5-e1e8-4c61-9d50-542b699a3d90#0:FAIL-t24] and 0 exception(s); 79abbc2e-0a90-4a41-a17c-6388bb873359@group-B673650064C9:t24, leader=null, voted=79abbc2e-0a90-4a41-a17c-6388bb873359, raftlog=79abbc2e-0a90-4a41-a17c-6388bb873359@group-B673650064C9-SegmentedRaftLog:OPENED:c-1,f-1,i0, conf=-1: [ebd8d1f9-8297-450f-abe7-393807ba0c7e:192.168.164.239:36510, dbc121b5-e1e8-4c61-9d50-542b699a3d90:192.168.164.239:43140, 79abbc2e-0a90-4a41-a17c-6388bb873359:192.168.164.239:37857], old=null
2019-10-15 17:17:37,293 [79abbc2e-0a90-4a41-a17c-6388bb873359@group-B673650064C9-LeaderElection23] INFO  impl.RaftServerImpl (RaftServerImpl.java:setRole(184)) - 79abbc2e-0a90-4a41-a17c-6388bb873359@group-B673650064C9: changes role from CANDIDATE to FOLLOWER at term 24 for DISCOVERED_A_NEW_TERM
2019-10-15 17:17:37,293 [79abbc2e-0a90-4a41-a17c-6388bb873359@group-B673650064C9-LeaderElection23] INFO  impl.RoleInfo (RoleInfo.java:shutdownLeaderElection(134)) - 79abbc2e-0a90-4a41-a17c-6388bb873359: shutdown LeaderElection
2019-10-15 17:17:37,293 [79abbc2e-0a90-4a41-a17c-6388bb873359@group-B673650064C9-LeaderElection23] INFO  impl.RoleInfo (RoleInfo.java:updateAndGet(143)) - 79abbc2e-0a90-4a41-a17c-6388bb873359: start FollowerState
2019-10-15 17:17:37,383 [Thread-378] INFO  impl.FollowerState (FollowerState.java:run(108)) - 79abbc2e-0a90-4a41-a17c-6388bb873359@group-B673650064C9-FollowerState: change to CANDIDATE, lastRpcTime:89ms, electionTimeout:89ms
2019-10-15 17:17:37,384 [Thread-378] INFO  impl.RoleInfo (RoleInfo.java:shutdownFollowerState(121)) - 79abbc2e-0a90-4a41-a17c-6388bb873359: shutdown FollowerState
2019-10-15 17:17:37,384 [Thread-378] INFO  impl.RaftServerImpl (RaftServerImpl.java:setRole(184)) - 79abbc2e-0a90-4a41-a17c-6388bb873359@group-B673650064C9: changes role from  FOLLOWER to CANDIDATE at term 24 for changeToCandidate
2019-10-15 17:17:37,385 [Thread-378] INFO  impl.RoleInfo (RoleInfo.java:updateAndGet(143)) - 79abbc2e-0a90-4a41-a17c-6388bb873359: start LeaderElection
2019-10-15 17:17:37,401 [79abbc2e-0a90-4a41-a17c-6388bb873359@group-B673650064C9-LeaderElection24] INFO  impl.LeaderElection (LeaderElection.java:askForVotes(178)) - 79abbc2e-0a90-4a41-a17c-6388bb873359@group-B673650064C9-LeaderElection24: begin an election at term 25 for -1: [ebd8d1f9-8297-450f-abe7-393807ba0c7e:192.168.164.239:36510, dbc121b5-e1e8-4c61-9d50-542b699a3d90:192.168.164.239:43140, 79abbc2e-0a90-4a41-a17c-6388bb873359:192.168.164.239:37857], old=null
2019-10-15 17:17:37,405 [grpc-default-executor-0] INFO  impl.RaftServerImpl (RaftServerImpl.java:setRole(184)) - ebd8d1f9-8297-450f-abe7-393807ba0c7e@group-B673650064C9: changes role from  FOLLOWER to FOLLOWER at term 25 for recognizeCandidate:79abbc2e-0a90-4a41-a17c-6388bb873359
2019-10-15 17:17:37,406 [grpc-default-executor-3] INFO  impl.RaftServerImpl (RaftServerImpl.java:setRole(184)) - dbc121b5-e1e8-4c61-9d50-542b699a3d90@group-B673650064C9: changes role from  FOLLOWER to FOLLOWER at term 25 for recognizeCandidate:79abbc2e-0a90-4a41-a17c-6388bb873359
2019-10-15 17:17:37,406 [grpc-default-executor-0] INFO  impl.RoleInfo (RoleInfo.java:shutdownFollowerState(121)) - ebd8d1f9-8297-450f-abe7-393807ba0c7e: shutdown FollowerState
2019-10-15 17:17:37,406 [grpc-default-executor-3] INFO  impl.RoleInfo (RoleInfo.java:shutdownFollowerState(121)) - dbc121b5-e1e8-4c61-9d50-542b699a3d90: shutdown FollowerState
2019-10-15 17:17:37,407 [grpc-default-executor-0] INFO  impl.RoleInfo (RoleInfo.java:updateAndGet(143)) - ebd8d1f9-8297-450f-abe7-393807ba0c7e: start FollowerState
2019-10-15 17:17:37,407 [Thread-377] INFO  impl.FollowerState (FollowerState.java:run(117)) - dbc121b5-e1e8-4c61-9d50-542b699a3d90@group-B673650064C9-FollowerState was interrupted: java.lang.InterruptedException: sleep interrupted
2019-10-15 17:17:37,407 [Thread-376] INFO  impl.FollowerState (FollowerState.java:run(117)) - ebd8d1f9-8297-450f-abe7-393807ba0c7e@group-B673650064C9-FollowerState was interrupted: java.lang.InterruptedException: sleep interrupted
2019-10-15 17:17:37,407 [grpc-default-executor-3] INFO  impl.RoleInfo (RoleInfo.java:updateAndGet(143)) - dbc121b5-e1e8-4c61-9d50-542b699a3d90: start FollowerState
2019-10-15 17:17:37,429 [79abbc2e-0a90-4a41-a17c-6388bb873359@group-B673650064C9-LeaderElection24] INFO  impl.LeaderElection (LeaderElection.java:logAndReturn(56)) - 79abbc2e-0a90-4a41-a17c-6388bb873359@group-B673650064C9-LeaderElection24: Election REJECTED; received 2 response(s) [79abbc2e-0a90-4a41-a17c-6388bb873359<-ebd8d1f9-8297-450f-abe7-393807ba0c7e#0:FAIL-t25, 79abbc2e-0a90-4a41-a17c-6388bb873359<-dbc121b5-e1e8-4c61-9d50-542b699a3d90#0:FAIL-t25] and 0 exception(s); 79abbc2e-0a90-4a41-a17c-6388bb873359@group-B673650064C9:t25, leader=null, voted=79abbc2e-0a90-4a41-a17c-6388bb873359, raftlog=79abbc2e-0a90-4a41-a17c-6388bb873359@group-B673650064C9-SegmentedRaftLog:OPENED:c-1,f-1,i0, conf=-1: [ebd8d1f9-8297-450f-abe7-393807ba0c7e:192.168.164.239:36510, dbc121b5-e1e8-4c61-9d50-542b699a3d90:192.168.164.239:43140, 79abbc2e-0a90-4a41-a17c-6388bb873359:192.168.164.239:37857], old=null
2019-10-15 17:17:37,429 [79abbc2e-0a90-4a41-a17c-6388bb873359@group-B673650064C9-LeaderElection24] INFO  impl.RaftServerImpl (RaftServerImpl.java:setRole(184)) - 79abbc2e-0a90-4a41-a17c-6388bb873359@group-B673650064C9: changes role from CANDIDATE to FOLLOWER at term 25 for DISCOVERED_A_NEW_TERM
2019-10-15 17:17:37,429 [79abbc2e-0a90-4a41-a17c-6388bb873359@group-B673650064C9-LeaderElection24] INFO  impl.RoleInfo (RoleInfo.java:shutdownLeaderElection(134)) - 79abbc2e-0a90-4a41-a17c-6388bb873359: shutdown LeaderElection
2019-10-15 17:17:37,429 [79abbc2e-0a90-4a41-a17c-6388bb873359@group-B673650064C9-LeaderElection24] INFO  impl.RoleInfo (RoleInfo.java:updateAndGet(143)) - 79abbc2e-0a90-4a41-a17c-6388bb873359: start FollowerState
2019-10-15 17:17:37,623 [Thread-386] INFO  impl.FollowerState (FollowerState.java:run(108)) - 79abbc2e-0a90-4a41-a17c-6388bb873359@group-B673650064C9-FollowerState: change to CANDIDATE, lastRpcTime:193ms, electionTimeout:193ms
2019-10-15 17:17:37,624 [Thread-386] INFO  impl.RoleInfo (RoleInfo.java:shutdownFollowerState(121)) - 79abbc2e-0a90-4a41-a17c-6388bb873359: shutdown FollowerState
2019-10-15 17:17:37,624 [Thread-386] INFO  impl.RaftServerImpl (RaftServerImpl.java:setRole(184)) - 79abbc2e-0a90-4a41-a17c-6388bb873359@group-B673650064C9: changes role from  FOLLOWER to CANDIDATE at term 25 for changeToCandidate
2019-10-15 17:17:37,624 [Thread-386] INFO  impl.RoleInfo (RoleInfo.java:updateAndGet(143)) - 79abbc2e-0a90-4a41-a17c-6388bb873359: start LeaderElection
2019-10-15 17:17:37,653 [79abbc2e-0a90-4a41-a17c-6388bb873359@group-B673650064C9-LeaderElection25] INFO  impl.LeaderElection (LeaderElection.java:askForVotes(178)) - 79abbc2e-0a90-4a41-a17c-6388bb873359@group-B673650064C9-LeaderElection25: begin an election at term 26 for -1: [ebd8d1f9-8297-450f-abe7-393807ba0c7e:192.168.164.239:36510, dbc121b5-e1e8-4c61-9d50-542b699a3d90:192.168.164.239:43140, 79abbc2e-0a90-4a41-a17c-6388bb873359:192.168.164.239:37857], old=null
2019-10-15 17:17:37,656 [grpc-default-executor-0] INFO  impl.RaftServerImpl (RaftServerImpl.java:setRole(184)) - dbc121b5-e1e8-4c61-9d50-542b699a3d90@group-B673650064C9: changes role from  FOLLOWER to FOLLOWER at term 26 for recognizeCandidate:79abbc2e-0a90-4a41-a17c-6388bb873359
2019-10-15 17:17:37,657 [grpc-default-executor-0] INFO  impl.RoleInfo (RoleInfo.java:shutdownFollowerState(121)) - dbc121b5-e1e8-4c61-9d50-542b699a3d90: shutdown FollowerState
2019-10-15 17:17:37,657 [grpc-default-executor-3] INFO  impl.RaftServerImpl (RaftServerImpl.java:setRole(184)) - ebd8d1f9-8297-450f-abe7-393807ba0c7e@group-B673650064C9: changes role from  FOLLOWER to FOLLOWER at term 26 for recognizeCandidate:79abbc2e-0a90-4a41-a17c-6388bb873359
2019-10-15 17:17:37,657 [Thread-384] INFO  impl.FollowerState (FollowerState.java:run(117)) - dbc121b5-e1e8-4c61-9d50-542b699a3d90@group-B673650064C9-FollowerState was interrupted: java.lang.InterruptedException: sleep interrupted
2019-10-15 17:17:37,657 [grpc-default-executor-0] INFO  impl.RoleInfo (RoleInfo.java:updateAndGet(143)) - dbc121b5-e1e8-4c61-9d50-542b699a3d90: start FollowerState
2019-10-15 17:17:37,657 [grpc-default-executor-3] INFO  impl.RoleInfo (RoleInfo.java:shutdownFollowerState(121)) - ebd8d1f9-8297-450f-abe7-393807ba0c7e: shutdown FollowerState
2019-10-15 17:17:37,658 [grpc-default-executor-3] INFO  impl.RoleInfo (RoleInfo.java:updateAndGet(143)) - ebd8d1f9-8297-450f-abe7-393807ba0c7e: start FollowerState
2019-10-15 17:17:37,658 [Thread-383] INFO  impl.FollowerState (FollowerState.java:run(117)) - ebd8d1f9-8297-450f-abe7-393807ba0c7e@group-B673650064C9-FollowerState was interrupted: java.lang.InterruptedException: sleep interrupted
2019-10-15 17:17:37,688 [79abbc2e-0a90-4a41-a17c-6388bb873359@group-B673650064C9-LeaderElection25] INFO  impl.LeaderElection (LeaderElection.java:logAndReturn(56)) - 79abbc2e-0a90-4a41-a17c-6388bb873359@group-B673650064C9-LeaderElection25: Election REJECTED; received 2 response(s) [79abbc2e-0a90-4a41-a17c-6388bb873359<-ebd8d1f9-8297-450f-abe7-393807ba0c7e#0:FAIL-t26, 79abbc2e-0a90-4a41-a17c-6388bb873359<-dbc121b5-e1e8-4c61-9d50-542b699a3d90#0:FAIL-t26] and 0 exception(s); 79abbc2e-0a90-4a41-a17c-6388bb873359@group-B673650064C9:t26, leader=null, voted=79abbc2e-0a90-4a41-a17c-6388bb873359, raftlog=79abbc2e-0a90-4a41-a17c-6388bb873359@group-B673650064C9-SegmentedRaftLog:OPENED:c-1,f-1,i0, conf=-1: [ebd8d1f9-8297-450f-abe7-393807ba0c7e:192.168.164.239:36510, dbc121b5-e1e8-4c61-9d50-542b699a3d90:192.168.164.239:43140, 79abbc2e-0a90-4a41-a17c-6388bb873359:192.168.164.239:37857], old=null
2019-10-15 17:17:37,689 [79abbc2e-0a90-4a41-a17c-6388bb873359@group-B673650064C9-LeaderElection25] INFO  impl.RaftServerImpl (RaftServerImpl.java:setRole(184)) - 79abbc2e-0a90-4a41-a17c-6388bb873359@group-B673650064C9: changes role from CANDIDATE to FOLLOWER at term 26 for DISCOVERED_A_NEW_TERM
2019-10-15 17:17:37,689 [79abbc2e-0a90-4a41-a17c-6388bb873359@group-B673650064C9-LeaderElection25] INFO  impl.RoleInfo (RoleInfo.java:shutdownLeaderElection(134)) - 79abbc2e-0a90-4a41-a17c-6388bb873359: shutdown LeaderElection
2019-10-15 17:17:37,689 [79abbc2e-0a90-4a41-a17c-6388bb873359@group-B673650064C9-LeaderElection25] INFO  impl.RoleInfo (RoleInfo.java:updateAndGet(143)) - 79abbc2e-0a90-4a41-a17c-6388bb873359: start FollowerState
2019-10-15 17:17:37,826 [Thread-392] INFO  impl.FollowerState (FollowerState.java:run(108)) - 79abbc2e-0a90-4a41-a17c-6388bb873359@group-B673650064C9-FollowerState: change to CANDIDATE, lastRpcTime:136ms, electionTimeout:136ms
2019-10-15 17:17:37,828 [Thread-392] INFO  impl.RoleInfo (RoleInfo.java:shutdownFollowerState(121)) - 79abbc2e-0a90-4a41-a17c-6388bb873359: shutdown FollowerState
2019-10-15 17:17:37,828 [Thread-392] INFO  impl.RaftServerImpl (RaftServerImpl.java:setRole(184)) - 79abbc2e-0a90-4a41-a17c-6388bb873359@group-B673650064C9: changes role from  FOLLOWER to CANDIDATE at term 26 for changeToCandidate
2019-10-15 17:17:37,828 [Thread-392] INFO  impl.RoleInfo (RoleInfo.java:updateAndGet(143)) - 79abbc2e-0a90-4a41-a17c-6388bb873359: start LeaderElection
2019-10-15 17:17:37,854 [79abbc2e-0a90-4a41-a17c-6388bb873359@group-B673650064C9-LeaderElection26] INFO  impl.LeaderElection (LeaderElection.java:askForVotes(178)) - 79abbc2e-0a90-4a41-a17c-6388bb873359@group-B673650064C9-LeaderElection26: begin an election at term 27 for -1: [ebd8d1f9-8297-450f-abe7-393807ba0c7e:192.168.164.239:36510, dbc121b5-e1e8-4c61-9d50-542b699a3d90:192.168.164.239:43140, 79abbc2e-0a90-4a41-a17c-6388bb873359:192.168.164.239:37857], old=null
2019-10-15 17:17:37,858 [grpc-default-executor-0] INFO  impl.RaftServerImpl (RaftServerImpl.java:setRole(184)) - ebd8d1f9-8297-450f-abe7-393807ba0c7e@group-B673650064C9: changes role from  FOLLOWER to FOLLOWER at term 27 for recognizeCandidate:79abbc2e-0a90-4a41-a17c-6388bb873359
2019-10-15 17:17:37,859 [grpc-default-executor-3] INFO  impl.RaftServerImpl (RaftServerImpl.java:setRole(184)) - dbc121b5-e1e8-4c61-9d50-542b699a3d90@group-B673650064C9: changes role from  FOLLOWER to FOLLOWER at term 27 for recognizeCandidate:79abbc2e-0a90-4a41-a17c-6388bb873359
2019-10-15 17:17:37,859 [grpc-default-executor-0] INFO  impl.RoleInfo (RoleInfo.java:shutdownFollowerState(121)) - ebd8d1f9-8297-450f-abe7-393807ba0c7e: shutdown FollowerState
2019-10-15 17:17:37,859 [grpc-default-executor-3] INFO  impl.RoleInfo (RoleInfo.java:shutdownFollowerState(121)) - dbc121b5-e1e8-4c61-9d50-542b699a3d90: shutdown FollowerState
2019-10-15 17:17:37,859 [grpc-default-executor-0] INFO  impl.RoleInfo (RoleInfo.java:updateAndGet(143)) - ebd8d1f9-8297-450f-abe7-393807ba0c7e: start FollowerState
2019-10-15 17:17:37,859 [Thread-391] INFO  impl.FollowerState (FollowerState.java:run(117)) - ebd8d1f9-8297-450f-abe7-393807ba0c7e@group-B673650064C9-FollowerState was interrupted: java.lang.InterruptedException: sleep interrupted
2019-10-15 17:17:37,859 [grpc-default-executor-3] INFO  impl.RoleInfo (RoleInfo.java:updateAndGet(143)) - dbc121b5-e1e8-4c61-9d50-542b699a3d90: start FollowerState
2019-10-15 17:17:37,859 [Thread-390] INFO  impl.FollowerState (FollowerState.java:run(117)) - dbc121b5-e1e8-4c61-9d50-542b699a3d90@group-B673650064C9-FollowerState was interrupted: java.lang.InterruptedException: sleep interrupted
2019-10-15 17:17:37,888 [79abbc2e-0a90-4a41-a17c-6388bb873359@group-B673650064C9-LeaderElection26] INFO  impl.LeaderElection (LeaderElection.java:logAndReturn(56)) - 79abbc2e-0a90-4a41-a17c-6388bb873359@group-B673650064C9-LeaderElection26: Election TIMEOUT; received 0 response(s) [] and 0 exception(s); 79abbc2e-0a90-4a41-a17c-6388bb873359@group-B673650064C9:t27, leader=null, voted=79abbc2e-0a90-4a41-a17c-6388bb873359, raftlog=79abbc2e-0a90-4a41-a17c-6388bb873359@group-B673650064C9-SegmentedRaftLog:OPENED:c-1,f-1,i0, conf=-1: [ebd8d1f9-8297-450f-abe7-393807ba0c7e:192.168.164.239:36510, dbc121b5-e1e8-4c61-9d50-542b699a3d90:192.168.164.239:43140, 79abbc2e-0a90-4a41-a17c-6388bb873359:192.168.164.239:37857], old=null
2019-10-15 17:17:37,907 [79abbc2e-0a90-4a41-a17c-6388bb873359@group-B673650064C9-LeaderElection26] INFO  impl.LeaderElection (LeaderElection.java:askForVotes(178)) - 79abbc2e-0a90-4a41-a17c-6388bb873359@group-B673650064C9-LeaderElection26: begin an election at term 28 for -1: [ebd8d1f9-8297-450f-abe7-393807ba0c7e:192.168.164.239:36510, dbc121b5-e1e8-4c61-9d50-542b699a3d90:192.168.164.239:43140, 79abbc2e-0a90-4a41-a17c-6388bb873359:192.168.164.239:37857], old=null
2019-10-15 17:17:37,911 [grpc-default-executor-3] INFO  impl.RaftServerImpl (RaftServerImpl.java:setRole(184)) - dbc121b5-e1e8-4c61-9d50-542b699a3d90@group-B673650064C9: changes role from  FOLLOWER to FOLLOWER at term 28 for recognizeCandidate:79abbc2e-0a90-4a41-a17c-6388bb873359
2019-10-15 17:17:37,912 [grpc-default-executor-3] INFO  impl.RoleInfo (RoleInfo.java:shutdownFollowerState(121)) - dbc121b5-e1e8-4c61-9d50-542b699a3d90: shutdown FollowerState
2019-10-15 17:17:37,912 [grpc-default-executor-0] INFO  impl.RaftServerImpl (RaftServerImpl.java:setRole(184)) - ebd8d1f9-8297-450f-abe7-393807ba0c7e@group-B673650064C9: changes role from  FOLLOWER to FOLLOWER at term 28 for recognizeCandidate:79abbc2e-0a90-4a41-a17c-6388bb873359
2019-10-15 17:17:37,913 [grpc-default-executor-3] INFO  impl.RoleInfo (RoleInfo.java:updateAndGet(143)) - dbc121b5-e1e8-4c61-9d50-542b699a3d90: start FollowerState
2019-10-15 17:17:37,913 [Thread-397] INFO  impl.FollowerState (FollowerState.java:run(117)) - dbc121b5-e1e8-4c61-9d50-542b699a3d90@group-B673650064C9-FollowerState was interrupted: java.lang.InterruptedException: sleep interrupted
2019-10-15 17:17:37,913 [grpc-default-executor-0] INFO  impl.RoleInfo (RoleInfo.java:shutdownFollowerState(121)) - ebd8d1f9-8297-450f-abe7-393807ba0c7e: shutdown FollowerState
2019-10-15 17:17:37,913 [Thread-396] INFO  impl.FollowerState (FollowerState.java:run(117)) - ebd8d1f9-8297-450f-abe7-393807ba0c7e@group-B673650064C9-FollowerState was interrupted: java.lang.InterruptedException: sleep interrupted
2019-10-15 17:17:37,913 [grpc-default-executor-0] INFO  impl.RoleInfo (RoleInfo.java:updateAndGet(143)) - ebd8d1f9-8297-450f-abe7-393807ba0c7e: start FollowerState
2019-10-15 17:17:37,935 [79abbc2e-0a90-4a41-a17c-6388bb873359@group-B673650064C9-LeaderElection26] INFO  impl.LeaderElection (LeaderElection.java:logAndReturn(56)) - 79abbc2e-0a90-4a41-a17c-6388bb873359@group-B673650064C9-LeaderElection26: Election REJECTED; received 2 response(s) [79abbc2e-0a90-4a41-a17c-6388bb873359<-ebd8d1f9-8297-450f-abe7-393807ba0c7e#0:FAIL-t28, 79abbc2e-0a90-4a41-a17c-6388bb873359<-dbc121b5-e1e8-4c61-9d50-542b699a3d90#0:FAIL-t28] and 0 exception(s); 79abbc2e-0a90-4a41-a17c-6388bb873359@group-B673650064C9:t28, leader=null, voted=79abbc2e-0a90-4a41-a17c-6388bb873359, raftlog=79abbc2e-0a90-4a41-a17c-6388bb873359@group-B673650064C9-SegmentedRaftLog:OPENED:c-1,f-1,i0, conf=-1: [ebd8d1f9-8297-450f-abe7-393807ba0c7e:192.168.164.239:36510, dbc121b5-e1e8-4c61-9d50-542b699a3d90:192.168.164.239:43140, 79abbc2e-0a90-4a41-a17c-6388bb873359:192.168.164.239:37857], old=null
2019-10-15 17:17:37,935 [79abbc2e-0a90-4a41-a17c-6388bb873359@group-B673650064C9-LeaderElection26] INFO  impl.RaftServerImpl (RaftServerImpl.java:setRole(184)) - 79abbc2e-0a90-4a41-a17c-6388bb873359@group-B673650064C9: changes role from CANDIDATE to FOLLOWER at term 28 for DISCOVERED_A_NEW_TERM
2019-10-15 17:17:37,935 [79abbc2e-0a90-4a41-a17c-6388bb873359@group-B673650064C9-LeaderElection26] INFO  impl.RoleInfo (RoleInfo.java:shutdownLeaderElection(134)) - 79abbc2e-0a90-4a41-a17c-6388bb873359: shutdown LeaderElection
2019-10-15 17:17:37,935 [79abbc2e-0a90-4a41-a17c-6388bb873359@group-B673650064C9-LeaderElection26] INFO  impl.RoleInfo (RoleInfo.java:updateAndGet(143)) - 79abbc2e-0a90-4a41-a17c-6388bb873359: start FollowerState
2019-10-15 17:17:38,101 [Thread-402] INFO  impl.FollowerState (FollowerState.java:run(108)) - 79abbc2e-0a90-4a41-a17c-6388bb873359@group-B673650064C9-FollowerState: change to CANDIDATE, lastRpcTime:165ms, electionTimeout:165ms
2019-10-15 17:17:38,103 [Thread-402] INFO  impl.RoleInfo (RoleInfo.java:shutdownFollowerState(121)) - 79abbc2e-0a90-4a41-a17c-6388bb873359: shutdown FollowerState
2019-10-15 17:17:38,103 [Thread-402] INFO  impl.RaftServerImpl (RaftServerImpl.java:setRole(184)) - 79abbc2e-0a90-4a41-a17c-6388bb873359@group-B673650064C9: changes role from  FOLLOWER to CANDIDATE at term 28 for changeToCandidate
2019-10-15 17:17:38,104 [Thread-402] INFO  impl.RoleInfo (RoleInfo.java:updateAndGet(143)) - 79abbc2e-0a90-4a41-a17c-6388bb873359: start LeaderElection
2019-10-15 17:17:38,127 [79abbc2e-0a90-4a41-a17c-6388bb873359@group-B673650064C9-LeaderElection27] INFO  impl.LeaderElection (LeaderElection.java:askForVotes(178)) - 79abbc2e-0a90-4a41-a17c-6388bb873359@group-B673650064C9-LeaderElection27: begin an election at term 29 for -1: [ebd8d1f9-8297-450f-abe7-393807ba0c7e:192.168.164.239:36510, dbc121b5-e1e8-4c61-9d50-542b699a3d90:192.168.164.239:43140, 79abbc2e-0a90-4a41-a17c-6388bb873359:192.168.164.239:37857], old=null
2019-10-15 17:17:38,130 [grpc-default-executor-3] INFO  impl.RaftServerImpl (RaftServerImpl.java:setRole(184)) - dbc121b5-e1e8-4c61-9d50-542b699a3d90@group-B673650064C9: changes role from  FOLLOWER to FOLLOWER at term 29 for recognizeCandidate:79abbc2e-0a90-4a41-a17c-6388bb873359
2019-10-15 17:17:38,131 [grpc-default-executor-3] INFO  impl.RoleInfo (RoleInfo.java:shutdownFollowerState(121)) - dbc121b5-e1e8-4c61-9d50-542b699a3d90: shutdown FollowerState
2019-10-15 17:17:38,131 [Thread-400] INFO  impl.FollowerState (FollowerState.java:run(117)) - dbc121b5-e1e8-4c61-9d50-542b699a3d90@group-B673650064C9-FollowerState was interrupted: java.lang.InterruptedException: sleep interrupted
2019-10-15 17:17:38,131 [grpc-default-executor-3] INFO  impl.RoleInfo (RoleInfo.java:updateAndGet(143)) - dbc121b5-e1e8-4c61-9d50-542b699a3d90: start FollowerState
2019-10-15 17:17:38,131 [grpc-default-executor-0] INFO  impl.RaftServerImpl (RaftServerImpl.java:setRole(184)) - ebd8d1f9-8297-450f-abe7-393807ba0c7e@group-B673650064C9: changes role from  FOLLOWER to FOLLOWER at term 29 for recognizeCandidate:79abbc2e-0a90-4a41-a17c-6388bb873359
2019-10-15 17:17:38,131 [grpc-default-executor-0] INFO  impl.RoleInfo (RoleInfo.java:shutdownFollowerState(121)) - ebd8d1f9-8297-450f-abe7-393807ba0c7e: shutdown FollowerState
2019-10-15 17:17:38,132 [Thread-401] INFO  impl.FollowerState (FollowerState.java:run(117)) - ebd8d1f9-8297-450f-abe7-393807ba0c7e@group-B673650064C9-FollowerState was interrupted: java.lang.InterruptedException: sleep interrupted
2019-10-15 17:17:38,132 [grpc-default-executor-0] INFO  impl.RoleInfo (RoleInfo.java:updateAndGet(143)) - ebd8d1f9-8297-450f-abe7-393807ba0c7e: start FollowerState
2019-10-15 17:17:38,151 [79abbc2e-0a90-4a41-a17c-6388bb873359@group-B673650064C9-LeaderElection27] INFO  impl.LeaderElection (LeaderElection.java:logAndReturn(56)) - 79abbc2e-0a90-4a41-a17c-6388bb873359@group-B673650064C9-LeaderElection27: Election TIMEOUT; received 0 response(s) [] and 0 exception(s); 79abbc2e-0a90-4a41-a17c-6388bb873359@group-B673650064C9:t29, leader=null, voted=79abbc2e-0a90-4a41-a17c-6388bb873359, raftlog=79abbc2e-0a90-4a41-a17c-6388bb873359@group-B673650064C9-SegmentedRaftLog:OPENED:c-1,f-1,i0, conf=-1: [ebd8d1f9-8297-450f-abe7-393807ba0c7e:192.168.164.239:36510, dbc121b5-e1e8-4c61-9d50-542b699a3d90:192.168.164.239:43140, 79abbc2e-0a90-4a41-a17c-6388bb873359:192.168.164.239:37857], old=null
2019-10-15 17:17:38,178 [79abbc2e-0a90-4a41-a17c-6388bb873359@group-B673650064C9-LeaderElection27] INFO  impl.LeaderElection (LeaderElection.java:askForVotes(178)) - 79abbc2e-0a90-4a41-a17c-6388bb873359@group-B673650064C9-LeaderElection27: begin an election at term 30 for -1: [ebd8d1f9-8297-450f-abe7-393807ba0c7e:192.168.164.239:36510, dbc121b5-e1e8-4c61-9d50-542b699a3d90:192.168.164.239:43140, 79abbc2e-0a90-4a41-a17c-6388bb873359:192.168.164.239:37857], old=null
2019-10-15 17:17:38,182 [grpc-default-executor-3] INFO  impl.RaftServerImpl (RaftServerImpl.java:setRole(184)) - ebd8d1f9-8297-450f-abe7-393807ba0c7e@group-B673650064C9: changes role from  FOLLOWER to FOLLOWER at term 30 for recognizeCandidate:79abbc2e-0a90-4a41-a17c-6388bb873359
2019-10-15 17:17:38,183 [grpc-default-executor-3] INFO  impl.RoleInfo (RoleInfo.java:shutdownFollowerState(121)) - ebd8d1f9-8297-450f-abe7-393807ba0c7e: shutdown FollowerState
2019-10-15 17:17:38,183 [grpc-default-executor-0] INFO  impl.RaftServerImpl (RaftServerImpl.java:setRole(184)) - dbc121b5-e1e8-4c61-9d50-542b699a3d90@group-B673650064C9: changes role from  FOLLOWER to FOLLOWER at term 30 for recognizeCandidate:79abbc2e-0a90-4a41-a17c-6388bb873359
2019-10-15 17:17:38,183 [grpc-default-executor-3] INFO  impl.RoleInfo (RoleInfo.java:updateAndGet(143)) - ebd8d1f9-8297-450f-abe7-393807ba0c7e: start FollowerState
2019-10-15 17:17:38,183 [Thread-407] INFO  impl.FollowerState (FollowerState.java:run(117)) - ebd8d1f9-8297-450f-abe7-393807ba0c7e@group-B673650064C9-FollowerState was interrupted: java.lang.InterruptedException: sleep interrupted
2019-10-15 17:17:38,183 [grpc-default-executor-0] INFO  impl.RoleInfo (RoleInfo.java:shutdownFollowerState(121)) - dbc121b5-e1e8-4c61-9d50-542b699a3d90: shutdown FollowerState
2019-10-15 17:17:38,184 [grpc-default-executor-0] INFO  impl.RoleInfo (RoleInfo.java:updateAndGet(143)) - dbc121b5-e1e8-4c61-9d50-542b699a3d90: start FollowerState
2019-10-15 17:17:38,184 [Thread-406] INFO  impl.FollowerState (FollowerState.java:run(117)) - dbc121b5-e1e8-4c61-9d50-542b699a3d90@group-B673650064C9-FollowerState was interrupted: java.lang.InterruptedException: sleep interrupted
2019-10-15 17:17:38,214 [79abbc2e-0a90-4a41-a17c-6388bb873359@group-B673650064C9-LeaderElection27] INFO  impl.LeaderElection (LeaderElection.java:logAndReturn(56)) - 79abbc2e-0a90-4a41-a17c-6388bb873359@group-B673650064C9-LeaderElection27: Election REJECTED; received 2 response(s) [79abbc2e-0a90-4a41-a17c-6388bb873359<-ebd8d1f9-8297-450f-abe7-393807ba0c7e#0:FAIL-t30, 79abbc2e-0a90-4a41-a17c-6388bb873359<-dbc121b5-e1e8-4c61-9d50-542b699a3d90#0:FAIL-t30] and 0 exception(s); 79abbc2e-0a90-4a41-a17c-6388bb873359@group-B673650064C9:t30, leader=null, voted=79abbc2e-0a90-4a41-a17c-6388bb873359, raftlog=79abbc2e-0a90-4a41-a17c-6388bb873359@group-B673650064C9-SegmentedRaftLog:OPENED:c-1,f-1,i0, conf=-1: [ebd8d1f9-8297-450f-abe7-393807ba0c7e:192.168.164.239:36510, dbc121b5-e1e8-4c61-9d50-542b699a3d90:192.168.164.239:43140, 79abbc2e-0a90-4a41-a17c-6388bb873359:192.168.164.239:37857], old=null
2019-10-15 17:17:38,214 [79abbc2e-0a90-4a41-a17c-6388bb873359@group-B673650064C9-LeaderElection27] INFO  impl.RaftServerImpl (RaftServerImpl.java:setRole(184)) - 79abbc2e-0a90-4a41-a17c-6388bb873359@group-B673650064C9: changes role from CANDIDATE to FOLLOWER at term 30 for DISCOVERED_A_NEW_TERM
2019-10-15 17:17:38,214 [79abbc2e-0a90-4a41-a17c-6388bb873359@group-B673650064C9-LeaderElection27] INFO  impl.RoleInfo (RoleInfo.java:shutdownLeaderElection(134)) - 79abbc2e-0a90-4a41-a17c-6388bb873359: shutdown LeaderElection
2019-10-15 17:17:38,214 [79abbc2e-0a90-4a41-a17c-6388bb873359@group-B673650064C9-LeaderElection27] INFO  impl.RoleInfo (RoleInfo.java:updateAndGet(143)) - 79abbc2e-0a90-4a41-a17c-6388bb873359: start FollowerState
2019-10-15 17:17:38,347 [Thread-412] INFO  impl.FollowerState (FollowerState.java:run(108)) - 79abbc2e-0a90-4a41-a17c-6388bb873359@group-B673650064C9-FollowerState: change to CANDIDATE, lastRpcTime:132ms, electionTimeout:132ms
2019-10-15 17:17:38,348 [Thread-412] INFO  impl.RoleInfo (RoleInfo.java:shutdownFollowerState(121)) - 79abbc2e-0a90-4a41-a17c-6388bb873359: shutdown FollowerState
2019-10-15 17:17:38,348 [Thread-412] INFO  impl.RaftServerImpl (RaftServerImpl.java:setRole(184)) - 79abbc2e-0a90-4a41-a17c-6388bb873359@group-B673650064C9: changes role from  FOLLOWER to CANDIDATE at term 30 for changeToCandidate
2019-10-15 17:17:38,348 [Thread-412] INFO  impl.RoleInfo (RoleInfo.java:updateAndGet(143)) - 79abbc2e-0a90-4a41-a17c-6388bb873359: start LeaderElection
2019-10-15 17:17:38,380 [79abbc2e-0a90-4a41-a17c-6388bb873359@group-B673650064C9-LeaderElection28] INFO  impl.LeaderElection (LeaderElection.java:askForVotes(178)) - 79abbc2e-0a90-4a41-a17c-6388bb873359@group-B673650064C9-LeaderElection28: begin an election at term 31 for -1: [ebd8d1f9-8297-450f-abe7-393807ba0c7e:192.168.164.239:36510, dbc121b5-e1e8-4c61-9d50-542b699a3d90:192.168.164.239:43140, 79abbc2e-0a90-4a41-a17c-6388bb873359:192.168.164.239:37857], old=null
2019-10-15 17:17:38,385 [grpc-default-executor-3] INFO  impl.RaftServerImpl (RaftServerImpl.java:setRole(184)) - dbc121b5-e1e8-4c61-9d50-542b699a3d90@group-B673650064C9: changes role from  FOLLOWER to FOLLOWER at term 31 for recognizeCandidate:79abbc2e-0a90-4a41-a17c-6388bb873359
2019-10-15 17:17:38,385 [grpc-default-executor-3] INFO  impl.RoleInfo (RoleInfo.java:shutdownFollowerState(121)) - dbc121b5-e1e8-4c61-9d50-542b699a3d90: shutdown FollowerState
2019-10-15 17:17:38,385 [grpc-default-executor-0] INFO  impl.RaftServerImpl (RaftServerImpl.java:setRole(184)) - ebd8d1f9-8297-450f-abe7-393807ba0c7e@group-B673650064C9: changes role from  FOLLOWER to FOLLOWER at term 31 for recognizeCandidate:79abbc2e-0a90-4a41-a17c-6388bb873359
2019-10-15 17:17:38,385 [Thread-411] INFO  impl.FollowerState (FollowerState.java:run(117)) - dbc121b5-e1e8-4c61-9d50-542b699a3d90@group-B673650064C9-FollowerState was interrupted: java.lang.InterruptedException: sleep interrupted
2019-10-15 17:17:38,385 [grpc-default-executor-3] INFO  impl.RoleInfo (RoleInfo.java:updateAndGet(143)) - dbc121b5-e1e8-4c61-9d50-542b699a3d90: start FollowerState
2019-10-15 17:17:38,385 [grpc-default-executor-0] INFO  impl.RoleInfo (RoleInfo.java:shutdownFollowerState(121)) - ebd8d1f9-8297-450f-abe7-393807ba0c7e: shutdown FollowerState
2019-10-15 17:17:38,386 [grpc-default-executor-0] INFO  impl.RoleInfo (RoleInfo.java:updateAndGet(143)) - ebd8d1f9-8297-450f-abe7-393807ba0c7e: start FollowerState
2019-10-15 17:17:38,386 [Thread-410] INFO  impl.FollowerState (FollowerState.java:run(117)) - ebd8d1f9-8297-450f-abe7-393807ba0c7e@group-B673650064C9-FollowerState was interrupted: java.lang.InterruptedException: sleep interrupted
2019-10-15 17:17:38,425 [79abbc2e-0a90-4a41-a17c-6388bb873359@group-B673650064C9-LeaderElection28] INFO  impl.LeaderElection (LeaderElection.java:logAndReturn(56)) - 79abbc2e-0a90-4a41-a17c-6388bb873359@group-B673650064C9-LeaderElection28: Election REJECTED; received 2 response(s) [79abbc2e-0a90-4a41-a17c-6388bb873359<-ebd8d1f9-8297-450f-abe7-393807ba0c7e#0:FAIL-t31, 79abbc2e-0a90-4a41-a17c-6388bb873359<-dbc121b5-e1e8-4c61-9d50-542b699a3d90#0:FAIL-t31] and 0 exception(s); 79abbc2e-0a90-4a41-a17c-6388bb873359@group-B673650064C9:t31, leader=null, voted=79abbc2e-0a90-4a41-a17c-6388bb873359, raftlog=79abbc2e-0a90-4a41-a17c-6388bb873359@group-B673650064C9-SegmentedRaftLog:OPENED:c-1,f-1,i0, conf=-1: [ebd8d1f9-8297-450f-abe7-393807ba0c7e:192.168.164.239:36510, dbc121b5-e1e8-4c61-9d50-542b699a3d90:192.168.164.239:43140, 79abbc2e-0a90-4a41-a17c-6388bb873359:192.168.164.239:37857], old=null
2019-10-15 17:17:38,426 [79abbc2e-0a90-4a41-a17c-6388bb873359@group-B673650064C9-LeaderElection28] INFO  impl.RaftServerImpl (RaftServerImpl.java:setRole(184)) - 79abbc2e-0a90-4a41-a17c-6388bb873359@group-B673650064C9: changes role from CANDIDATE to FOLLOWER at term 31 for DISCOVERED_A_NEW_TERM
2019-10-15 17:17:38,426 [79abbc2e-0a90-4a41-a17c-6388bb873359@group-B673650064C9-LeaderElection28] INFO  impl.RoleInfo (RoleInfo.java:shutdownLeaderElection(134)) - 79abbc2e-0a90-4a41-a17c-6388bb873359: shutdown LeaderElection
2019-10-15 17:17:38,426 [79abbc2e-0a90-4a41-a17c-6388bb873359@group-B673650064C9-LeaderElection28] INFO  impl.RoleInfo (RoleInfo.java:updateAndGet(143)) - 79abbc2e-0a90-4a41-a17c-6388bb873359: start FollowerState
2019-10-15 17:17:38,537 [Thread-418] INFO  impl.FollowerState (FollowerState.java:run(108)) - 79abbc2e-0a90-4a41-a17c-6388bb873359@group-B673650064C9-FollowerState: change to CANDIDATE, lastRpcTime:110ms, electionTimeout:109ms
2019-10-15 17:17:38,538 [Thread-418] INFO  impl.RoleInfo (RoleInfo.java:shutdownFollowerState(121)) - 79abbc2e-0a90-4a41-a17c-6388bb873359: shutdown FollowerState
2019-10-15 17:17:38,538 [Thread-418] INFO  impl.RaftServerImpl (RaftServerImpl.java:setRole(184)) - 79abbc2e-0a90-4a41-a17c-6388bb873359@group-B673650064C9: changes role from  FOLLOWER to CANDIDATE at term 31 for changeToCandidate
2019-10-15 17:17:38,538 [Thread-418] INFO  impl.RoleInfo (RoleInfo.java:updateAndGet(143)) - 79abbc2e-0a90-4a41-a17c-6388bb873359: start LeaderElection
2019-10-15 17:17:38,564 [79abbc2e-0a90-4a41-a17c-6388bb873359@group-B673650064C9-LeaderElection29] INFO  impl.LeaderElection (LeaderElection.java:askForVotes(178)) - 79abbc2e-0a90-4a41-a17c-6388bb873359@group-B673650064C9-LeaderElection29: begin an election at term 32 for -1: [ebd8d1f9-8297-450f-abe7-393807ba0c7e:192.168.164.239:36510, dbc121b5-e1e8-4c61-9d50-542b699a3d90:192.168.164.239:43140, 79abbc2e-0a90-4a41-a17c-6388bb873359:192.168.164.239:37857], old=null
2019-10-15 17:17:38,567 [grpc-default-executor-0] INFO  impl.RaftServerImpl (RaftServerImpl.java:setRole(184)) - ebd8d1f9-8297-450f-abe7-393807ba0c7e@group-B673650064C9: changes role from  FOLLOWER to FOLLOWER at term 32 for recognizeCandidate:79abbc2e-0a90-4a41-a17c-6388bb873359
2019-10-15 17:17:38,567 [grpc-default-executor-3] INFO  impl.RaftServerImpl (RaftServerImpl.java:setRole(184)) - dbc121b5-e1e8-4c61-9d50-542b699a3d90@group-B673650064C9: changes role from  FOLLOWER to FOLLOWER at term 32 for recognizeCandidate:79abbc2e-0a90-4a41-a17c-6388bb873359
2019-10-15 17:17:38,568 [grpc-default-executor-0] INFO  impl.RoleInfo (RoleInfo.java:shutdownFollowerState(121)) - ebd8d1f9-8297-450f-abe7-393807ba0c7e: shutdown FollowerState
2019-10-15 17:17:38,568 [grpc-default-executor-3] INFO  impl.RoleInfo (RoleInfo.java:shutdownFollowerState(121)) - dbc121b5-e1e8-4c61-9d50-542b699a3d90: shutdown FollowerState
2019-10-15 17:17:38,568 [Thread-417] INFO  impl.FollowerState (FollowerState.java:run(117)) - ebd8d1f9-8297-450f-abe7-393807ba0c7e@group-B673650064C9-FollowerState was interrupted: java.lang.InterruptedException: sleep interrupted
2019-10-15 17:17:38,568 [Thread-416] INFO  impl.FollowerState (FollowerState.java:run(117)) - dbc121b5-e1e8-4c61-9d50-542b699a3d90@group-B673650064C9-FollowerState was interrupted: java.lang.InterruptedException: sleep interrupted
2019-10-15 17:17:38,568 [grpc-default-executor-0] INFO  impl.RoleInfo (RoleInfo.java:updateAndGet(143)) - ebd8d1f9-8297-450f-abe7-393807ba0c7e: start FollowerState
2019-10-15 17:17:38,568 [grpc-default-executor-3] INFO  impl.RoleInfo (RoleInfo.java:updateAndGet(143)) - dbc121b5-e1e8-4c61-9d50-542b699a3d90: start FollowerState
2019-10-15 17:17:38,599 [79abbc2e-0a90-4a41-a17c-6388bb873359@group-B673650064C9-LeaderElection29] INFO  impl.LeaderElection (LeaderElection.java:logAndReturn(56)) - 79abbc2e-0a90-4a41-a17c-6388bb873359@group-B673650064C9-LeaderElection29: Election REJECTED; received 2 response(s) [79abbc2e-0a90-4a41-a17c-6388bb873359<-ebd8d1f9-8297-450f-abe7-393807ba0c7e#0:FAIL-t32, 79abbc2e-0a90-4a41-a17c-6388bb873359<-dbc121b5-e1e8-4c61-9d50-542b699a3d90#0:FAIL-t32] and 0 exception(s); 79abbc2e-0a90-4a41-a17c-6388bb873359@group-B673650064C9:t32, leader=null, voted=79abbc2e-0a90-4a41-a17c-6388bb873359, raftlog=79abbc2e-0a90-4a41-a17c-6388bb873359@group-B673650064C9-SegmentedRaftLog:OPENED:c-1,f-1,i0, conf=-1: [ebd8d1f9-8297-450f-abe7-393807ba0c7e:192.168.164.239:36510, dbc121b5-e1e8-4c61-9d50-542b699a3d90:192.168.164.239:43140, 79abbc2e-0a90-4a41-a17c-6388bb873359:192.168.164.239:37857], old=null
2019-10-15 17:17:38,600 [79abbc2e-0a90-4a41-a17c-6388bb873359@group-B673650064C9-LeaderElection29] INFO  impl.RaftServerImpl (RaftServerImpl.java:setRole(184)) - 79abbc2e-0a90-4a41-a17c-6388bb873359@group-B673650064C9: changes role from CANDIDATE to FOLLOWER at term 32 for DISCOVERED_A_NEW_TERM
2019-10-15 17:17:38,600 [79abbc2e-0a90-4a41-a17c-6388bb873359@group-B673650064C9-LeaderElection29] INFO  impl.RoleInfo (RoleInfo.java:shutdownLeaderElection(134)) - 79abbc2e-0a90-4a41-a17c-6388bb873359: shutdown LeaderElection
2019-10-15 17:17:38,600 [79abbc2e-0a90-4a41-a17c-6388bb873359@group-B673650064C9-LeaderElection29] INFO  impl.RoleInfo (RoleInfo.java:updateAndGet(143)) - 79abbc2e-0a90-4a41-a17c-6388bb873359: start FollowerState
2019-10-15 17:17:38,668 [Thread-426] INFO  impl.FollowerState (FollowerState.java:run(108)) - 79abbc2e-0a90-4a41-a17c-6388bb873359@group-B673650064C9-FollowerState: change to CANDIDATE, lastRpcTime:68ms, electionTimeout:68ms
2019-10-15 17:17:38,670 [Thread-426] INFO  impl.RoleInfo (RoleInfo.java:shutdownFollowerState(121)) - 79abbc2e-0a90-4a41-a17c-6388bb873359: shutdown FollowerState
2019-10-15 17:17:38,670 [Thread-426] INFO  impl.RaftServerImpl (RaftServerImpl.java:setRole(184)) - 79abbc2e-0a90-4a41-a17c-6388bb873359@group-B673650064C9: changes role from  FOLLOWER to CANDIDATE at term 32 for changeToCandidate
2019-10-15 17:17:38,670 [Thread-426] INFO  impl.RoleInfo (RoleInfo.java:updateAndGet(143)) - 79abbc2e-0a90-4a41-a17c-6388bb873359: start LeaderElection
2019-10-15 17:17:38,698 [79abbc2e-0a90-4a41-a17c-6388bb873359@group-B673650064C9-LeaderElection30] INFO  impl.LeaderElection (LeaderElection.java:askForVotes(178)) - 79abbc2e-0a90-4a41-a17c-6388bb873359@group-B673650064C9-LeaderElection30: begin an election at term 33 for -1: [ebd8d1f9-8297-450f-abe7-393807ba0c7e:192.168.164.239:36510, dbc121b5-e1e8-4c61-9d50-542b699a3d90:192.168.164.239:43140, 79abbc2e-0a90-4a41-a17c-6388bb873359:192.168.164.239:37857], old=null
2019-10-15 17:17:38,703 [grpc-default-executor-3] INFO  impl.RaftServerImpl (RaftServerImpl.java:setRole(184)) - dbc121b5-e1e8-4c61-9d50-542b699a3d90@group-B673650064C9: changes role from  FOLLOWER to FOLLOWER at term 33 for recognizeCandidate:79abbc2e-0a90-4a41-a17c-6388bb873359
2019-10-15 17:17:38,703 [grpc-default-executor-0] INFO  impl.RaftServerImpl (RaftServerImpl.java:setRole(184)) - ebd8d1f9-8297-450f-abe7-393807ba0c7e@group-B673650064C9: changes role from  FOLLOWER to FOLLOWER at term 33 for recognizeCandidate:79abbc2e-0a90-4a41-a17c-6388bb873359
2019-10-15 17:17:38,703 [grpc-default-executor-3] INFO  impl.RoleInfo (RoleInfo.java:shutdownFollowerState(121)) - dbc121b5-e1e8-4c61-9d50-542b699a3d90: shutdown FollowerState
2019-10-15 17:17:38,703 [grpc-default-executor-0] INFO  impl.RoleInfo (RoleInfo.java:shutdownFollowerState(121)) - ebd8d1f9-8297-450f-abe7-393807ba0c7e: shutdown FollowerState
2019-10-15 17:17:38,704 [Thread-425] INFO  impl.FollowerState (FollowerState.java:run(117)) - dbc121b5-e1e8-4c61-9d50-542b699a3d90@group-B673650064C9-FollowerState was interrupted: java.lang.InterruptedException: sleep interrupted
2019-10-15 17:17:38,704 [Thread-424] INFO  impl.FollowerState (FollowerState.java:run(117)) - ebd8d1f9-8297-450f-abe7-393807ba0c7e@group-B673650064C9-FollowerState was interrupted: java.lang.InterruptedException: sleep interrupted
2019-10-15 17:17:38,704 [grpc-default-executor-3] INFO  impl.RoleInfo (RoleInfo.java:updateAndGet(143)) - dbc121b5-e1e8-4c61-9d50-542b699a3d90: start FollowerState
2019-10-15 17:17:38,704 [grpc-default-executor-0] INFO  impl.RoleInfo (RoleInfo.java:updateAndGet(143)) - ebd8d1f9-8297-450f-abe7-393807ba0c7e: start FollowerState
2019-10-15 17:17:38,735 [79abbc2e-0a90-4a41-a17c-6388bb873359@group-B673650064C9-LeaderElection30] INFO  impl.LeaderElection (LeaderElection.java:logAndReturn(56)) - 79abbc2e-0a90-4a41-a17c-6388bb873359@group-B673650064C9-LeaderElection30: Election REJECTED; received 2 response(s) [79abbc2e-0a90-4a41-a17c-6388bb873359<-ebd8d1f9-8297-450f-abe7-393807ba0c7e#0:FAIL-t33, 79abbc2e-0a90-4a41-a17c-6388bb873359<-dbc121b5-e1e8-4c61-9d50-542b699a3d90#0:FAIL-t33] and 0 exception(s); 79abbc2e-0a90-4a41-a17c-6388bb873359@group-B673650064C9:t33, leader=null, voted=79abbc2e-0a90-4a41-a17c-6388bb873359, raftlog=79abbc2e-0a90-4a41-a17c-6388bb873359@group-B673650064C9-SegmentedRaftLog:OPENED:c-1,f-1,i0, conf=-1: [ebd8d1f9-8297-450f-abe7-393807ba0c7e:192.168.164.239:36510, dbc121b5-e1e8-4c61-9d50-542b699a3d90:192.168.164.239:43140, 79abbc2e-0a90-4a41-a17c-6388bb873359:192.168.164.239:37857], old=null
2019-10-15 17:17:38,735 [79abbc2e-0a90-4a41-a17c-6388bb873359@group-B673650064C9-LeaderElection30] INFO  impl.RaftServerImpl (RaftServerImpl.java:setRole(184)) - 79abbc2e-0a90-4a41-a17c-6388bb873359@group-B673650064C9: changes role from CANDIDATE to FOLLOWER at term 33 for DISCOVERED_A_NEW_TERM
2019-10-15 17:17:38,735 [79abbc2e-0a90-4a41-a17c-6388bb873359@group-B673650064C9-LeaderElection30] INFO  impl.RoleInfo (RoleInfo.java:shutdownLeaderElection(134)) - 79abbc2e-0a90-4a41-a17c-6388bb873359: shutdown LeaderElection
2019-10-15 17:17:38,735 [79abbc2e-0a90-4a41-a17c-6388bb873359@group-B673650064C9-LeaderElection30] INFO  impl.RoleInfo (RoleInfo.java:updateAndGet(143)) - 79abbc2e-0a90-4a41-a17c-6388bb873359: start FollowerState
2019-10-15 17:17:38,836 [Thread-432] INFO  impl.FollowerState (FollowerState.java:run(108)) - 79abbc2e-0a90-4a41-a17c-6388bb873359@group-B673650064C9-FollowerState: change to CANDIDATE, lastRpcTime:100ms, electionTimeout:100ms
2019-10-15 17:17:38,837 [Thread-432] INFO  impl.RoleInfo (RoleInfo.java:shutdownFollowerState(121)) - 79abbc2e-0a90-4a41-a17c-6388bb873359: shutdown FollowerState
2019-10-15 17:17:38,838 [Thread-432] INFO  impl.RaftServerImpl (RaftServerImpl.java:setRole(184)) - 79abbc2e-0a90-4a41-a17c-6388bb873359@group-B673650064C9: changes role from  FOLLOWER to CANDIDATE at term 33 for changeToCandidate
2019-10-15 17:17:38,838 [Thread-432] INFO  impl.RoleInfo (RoleInfo.java:updateAndGet(143)) - 79abbc2e-0a90-4a41-a17c-6388bb873359: start LeaderElection
2019-10-15 17:17:38,868 [79abbc2e-0a90-4a41-a17c-6388bb873359@group-B673650064C9-LeaderElection31] INFO  impl.LeaderElection (LeaderElection.java:askForVotes(178)) - 79abbc2e-0a90-4a41-a17c-6388bb873359@group-B673650064C9-LeaderElection31: begin an election at term 34 for -1: [ebd8d1f9-8297-450f-abe7-393807ba0c7e:192.168.164.239:36510, dbc121b5-e1e8-4c61-9d50-542b699a3d90:192.168.164.239:43140, 79abbc2e-0a90-4a41-a17c-6388bb873359:192.168.164.239:37857], old=null
2019-10-15 17:17:38,872 [grpc-default-executor-0] INFO  impl.RaftServerImpl (RaftServerImpl.java:setRole(184)) - dbc121b5-e1e8-4c61-9d50-542b699a3d90@group-B673650064C9: changes role from  FOLLOWER to FOLLOWER at term 34 for recognizeCandidate:79abbc2e-0a90-4a41-a17c-6388bb873359
2019-10-15 17:17:38,872 [grpc-default-executor-3] INFO  impl.RaftServerImpl (RaftServerImpl.java:setRole(184)) - ebd8d1f9-8297-450f-abe7-393807ba0c7e@group-B673650064C9: changes role from  FOLLOWER to FOLLOWER at term 34 for recognizeCandidate:79abbc2e-0a90-4a41-a17c-6388bb873359
2019-10-15 17:17:38,872 [grpc-default-executor-0] INFO  impl.RoleInfo (RoleInfo.java:shutdownFollowerState(121)) - dbc121b5-e1e8-4c61-9d50-542b699a3d90: shutdown FollowerState
2019-10-15 17:17:38,872 [grpc-default-executor-3] INFO  impl.RoleInfo (RoleInfo.java:shutdownFollowerState(121)) - ebd8d1f9-8297-450f-abe7-393807ba0c7e: shutdown FollowerState
2019-10-15 17:17:38,872 [Thread-430] INFO  impl.FollowerState (FollowerState.java:run(117)) - dbc121b5-e1e8-4c61-9d50-542b699a3d90@group-B673650064C9-FollowerState was interrupted: java.lang.InterruptedException: sleep interrupted
2019-10-15 17:17:38,872 [Thread-431] INFO  impl.FollowerState (FollowerState.java:run(117)) - ebd8d1f9-8297-450f-abe7-393807ba0c7e@group-B673650064C9-FollowerState was interrupted: java.lang.InterruptedException: sleep interrupted
2019-10-15 17:17:38,872 [grpc-default-executor-3] INFO  impl.RoleInfo (RoleInfo.java:updateAndGet(143)) - ebd8d1f9-8297-450f-abe7-393807ba0c7e: start FollowerState
2019-10-15 17:17:38,872 [grpc-default-executor-0] INFO  impl.RoleInfo (RoleInfo.java:updateAndGet(143)) - dbc121b5-e1e8-4c61-9d50-542b699a3d90: start FollowerState
2019-10-15 17:17:38,901 [79abbc2e-0a90-4a41-a17c-6388bb873359@group-B673650064C9-LeaderElection31] INFO  impl.LeaderElection (LeaderElection.java:logAndReturn(56)) - 79abbc2e-0a90-4a41-a17c-6388bb873359@group-B673650064C9-LeaderElection31: Election TIMEOUT; received 0 response(s) [] and 0 exception(s); 79abbc2e-0a90-4a41-a17c-6388bb873359@group-B673650064C9:t34, leader=null, voted=79abbc2e-0a90-4a41-a17c-6388bb873359, raftlog=79abbc2e-0a90-4a41-a17c-6388bb873359@group-B673650064C9-SegmentedRaftLog:OPENED:c-1,f-1,i0, conf=-1: [ebd8d1f9-8297-450f-abe7-393807ba0c7e:192.168.164.239:36510, dbc121b5-e1e8-4c61-9d50-542b699a3d90:192.168.164.239:43140, 79abbc2e-0a90-4a41-a17c-6388bb873359:192.168.164.239:37857], old=null
2019-10-15 17:17:38,919 [79abbc2e-0a90-4a41-a17c-6388bb873359@group-B673650064C9-LeaderElection31] INFO  impl.LeaderElection (LeaderElection.java:askForVotes(178)) - 79abbc2e-0a90-4a41-a17c-6388bb873359@group-B673650064C9-LeaderElection31: begin an election at term 35 for -1: [ebd8d1f9-8297-450f-abe7-393807ba0c7e:192.168.164.239:36510, dbc121b5-e1e8-4c61-9d50-542b699a3d90:192.168.164.239:43140, 79abbc2e-0a90-4a41-a17c-6388bb873359:192.168.164.239:37857], old=null
2019-10-15 17:17:38,928 [grpc-default-executor-0] INFO  impl.RaftServerImpl (RaftServerImpl.java:setRole(184)) - dbc121b5-e1e8-4c61-9d50-542b699a3d90@group-B673650064C9: changes role from  FOLLOWER to FOLLOWER at term 35 for recognizeCandidate:79abbc2e-0a90-4a41-a17c-6388bb873359
2019-10-15 17:17:38,928 [grpc-default-executor-3] INFO  impl.RaftServerImpl (RaftServerImpl.java:setRole(184)) - ebd8d1f9-8297-450f-abe7-393807ba0c7e@group-B673650064C9: changes role from  FOLLOWER to FOLLOWER at term 35 for recognizeCandidate:79abbc2e-0a90-4a41-a17c-6388bb873359
2019-10-15 17:17:38,929 [grpc-default-executor-0] INFO  impl.RoleInfo (RoleInfo.java:shutdownFollowerState(121)) - dbc121b5-e1e8-4c61-9d50-542b699a3d90: shutdown FollowerState
2019-10-15 17:17:38,930 [grpc-default-executor-3] INFO  impl.RoleInfo (RoleInfo.java:shutdownFollowerState(121)) - ebd8d1f9-8297-450f-abe7-393807ba0c7e: shutdown FollowerState
2019-10-15 17:17:38,930 [Thread-436] INFO  impl.FollowerState (FollowerState.java:run(117)) - dbc121b5-e1e8-4c61-9d50-542b699a3d90@group-B673650064C9-FollowerState was interrupted: java.lang.InterruptedException: sleep interrupted
2019-10-15 17:17:38,930 [grpc-default-executor-3] INFO  impl.RoleInfo (RoleInfo.java:updateAndGet(143)) - ebd8d1f9-8297-450f-abe7-393807ba0c7e: start FollowerState
2019-10-15 17:17:38,930 [grpc-default-executor-0] INFO  impl.RoleInfo (RoleInfo.java:updateAndGet(143)) - dbc121b5-e1e8-4c61-9d50-542b699a3d90: start FollowerState
2019-10-15 17:17:38,930 [Thread-437] INFO  impl.FollowerState (FollowerState.java:run(117)) - ebd8d1f9-8297-450f-abe7-393807ba0c7e@group-B673650064C9-FollowerState was interrupted: java.lang.InterruptedException: sleep interrupted
2019-10-15 17:17:38,963 [79abbc2e-0a90-4a41-a17c-6388bb873359@group-B673650064C9-LeaderElection31] INFO  impl.LeaderElection (LeaderElection.java:logAndReturn(56)) - 79abbc2e-0a90-4a41-a17c-6388bb873359@group-B673650064C9-LeaderElection31: Election REJECTED; received 2 response(s) [79abbc2e-0a90-4a41-a17c-6388bb873359<-ebd8d1f9-8297-450f-abe7-393807ba0c7e#0:FAIL-t35, 79abbc2e-0a90-4a41-a17c-6388bb873359<-dbc121b5-e1e8-4c61-9d50-542b699a3d90#0:FAIL-t35] and 0 exception(s); 79abbc2e-0a90-4a41-a17c-6388bb873359@group-B673650064C9:t35, leader=null, voted=79abbc2e-0a90-4a41-a17c-6388bb873359, raftlog=79abbc2e-0a90-4a41-a17c-6388bb873359@group-B673650064C9-SegmentedRaftLog:OPENED:c-1,f-1,i0, conf=-1: [ebd8d1f9-8297-450f-abe7-393807ba0c7e:192.168.164.239:36510, dbc121b5-e1e8-4c61-9d50-542b699a3d90:192.168.164.239:43140, 79abbc2e-0a90-4a41-a17c-6388bb873359:192.168.164.239:37857], old=null
2019-10-15 17:17:38,964 [79abbc2e-0a90-4a41-a17c-6388bb873359@group-B673650064C9-LeaderElection31] INFO  impl.RaftServerImpl (RaftServerImpl.java:setRole(184)) - 79abbc2e-0a90-4a41-a17c-6388bb873359@group-B673650064C9: changes role from CANDIDATE to FOLLOWER at term 35 for DISCOVERED_A_NEW_TERM
2019-10-15 17:17:38,964 [79abbc2e-0a90-4a41-a17c-6388bb873359@group-B673650064C9-LeaderElection31] INFO  impl.RoleInfo (RoleInfo.java:shutdownLeaderElection(134)) - 79abbc2e-0a90-4a41-a17c-6388bb873359: shutdown LeaderElection
2019-10-15 17:17:38,964 [79abbc2e-0a90-4a41-a17c-6388bb873359@group-B673650064C9-LeaderElection31] INFO  impl.RoleInfo (RoleInfo.java:updateAndGet(143)) - 79abbc2e-0a90-4a41-a17c-6388bb873359: start FollowerState
2019-10-15 17:17:39,043 [Thread-442] INFO  impl.FollowerState (FollowerState.java:run(108)) - 79abbc2e-0a90-4a41-a17c-6388bb873359@group-B673650064C9-FollowerState: change to CANDIDATE, lastRpcTime:79ms, electionTimeout:79ms
2019-10-15 17:17:39,045 [Thread-442] INFO  impl.RoleInfo (RoleInfo.java:shutdownFollowerState(121)) - 79abbc2e-0a90-4a41-a17c-6388bb873359: shutdown FollowerState
2019-10-15 17:17:39,045 [Thread-442] INFO  impl.RaftServerImpl (RaftServerImpl.java:setRole(184)) - 79abbc2e-0a90-4a41-a17c-6388bb873359@group-B673650064C9: changes role from  FOLLOWER to CANDIDATE at term 35 for changeToCandidate
2019-10-15 17:17:39,045 [Thread-442] INFO  impl.RoleInfo (RoleInfo.java:updateAndGet(143)) - 79abbc2e-0a90-4a41-a17c-6388bb873359: start LeaderElection
2019-10-15 17:17:39,064 [79abbc2e-0a90-4a41-a17c-6388bb873359@group-B673650064C9-LeaderElection32] INFO  impl.LeaderElection (LeaderElection.java:askForVotes(178)) - 79abbc2e-0a90-4a41-a17c-6388bb873359@group-B673650064C9-LeaderElection32: begin an election at term 36 for -1: [ebd8d1f9-8297-450f-abe7-393807ba0c7e:192.168.164.239:36510, dbc121b5-e1e8-4c61-9d50-542b699a3d90:192.168.164.239:43140, 79abbc2e-0a90-4a41-a17c-6388bb873359:192.168.164.239:37857], old=null
2019-10-15 17:17:39,068 [grpc-default-executor-0] INFO  impl.RaftServerImpl (RaftServerImpl.java:setRole(184)) - ebd8d1f9-8297-450f-abe7-393807ba0c7e@group-B673650064C9: changes role from  FOLLOWER to FOLLOWER at term 36 for recognizeCandidate:79abbc2e-0a90-4a41-a17c-6388bb873359
2019-10-15 17:17:39,068 [grpc-default-executor-3] INFO  impl.RaftServerImpl (RaftServerImpl.java:setRole(184)) - dbc121b5-e1e8-4c61-9d50-542b699a3d90@group-B673650064C9: changes role from  FOLLOWER to FOLLOWER at term 36 for recognizeCandidate:79abbc2e-0a90-4a41-a17c-6388bb873359
2019-10-15 17:17:39,068 [grpc-default-executor-0] INFO  impl.RoleInfo (RoleInfo.java:shutdownFollowerState(121)) - ebd8d1f9-8297-450f-abe7-393807ba0c7e: shutdown FollowerState
2019-10-15 17:17:39,068 [grpc-default-executor-3] INFO  impl.RoleInfo (RoleInfo.java:shutdownFollowerState(121)) - dbc121b5-e1e8-4c61-9d50-542b699a3d90: shutdown FollowerState
2019-10-15 17:17:39,068 [Thread-441] INFO  impl.FollowerState (FollowerState.java:run(117)) - ebd8d1f9-8297-450f-abe7-393807ba0c7e@group-B673650064C9-FollowerState was interrupted: java.lang.InterruptedException: sleep interrupted
2019-10-15 17:17:39,068 [grpc-default-executor-0] INFO  impl.RoleInfo (RoleInfo.java:updateAndGet(143)) - ebd8d1f9-8297-450f-abe7-393807ba0c7e: start FollowerState
2019-10-15 17:17:39,069 [Thread-440] INFO  impl.FollowerState (FollowerState.java:run(117)) - dbc121b5-e1e8-4c61-9d50-542b699a3d90@group-B673650064C9-FollowerState was interrupted: java.lang.InterruptedException: sleep interrupted
2019-10-15 17:17:39,069 [grpc-default-executor-3] INFO  impl.RoleInfo (RoleInfo.java:updateAndGet(143)) - dbc121b5-e1e8-4c61-9d50-542b699a3d90: start FollowerState
2019-10-15 17:17:39,070 [79abbc2e-0a90-4a41-a17c-6388bb873359@group-B673650064C9-LeaderElection32] INFO  impl.LeaderElection (LeaderElection.java:logAndReturn(56)) - 79abbc2e-0a90-4a41-a17c-6388bb873359@group-B673650064C9-LeaderElection32: Election TIMEOUT; received 0 response(s) [] and 0 exception(s); 79abbc2e-0a90-4a41-a17c-6388bb873359@group-B673650064C9:t36, leader=null, voted=79abbc2e-0a90-4a41-a17c-6388bb873359, raftlog=79abbc2e-0a90-4a41-a17c-6388bb873359@group-B673650064C9-SegmentedRaftLog:OPENED:c-1,f-1,i0, conf=-1: [ebd8d1f9-8297-450f-abe7-393807ba0c7e:192.168.164.239:36510, dbc121b5-e1e8-4c61-9d50-542b699a3d90:192.168.164.239:43140, 79abbc2e-0a90-4a41-a17c-6388bb873359:192.168.164.239:37857], old=null
2019-10-15 17:17:39,090 [79abbc2e-0a90-4a41-a17c-6388bb873359@group-B673650064C9-LeaderElection32] INFO  impl.LeaderElection (LeaderElection.java:askForVotes(178)) - 79abbc2e-0a90-4a41-a17c-6388bb873359@group-B673650064C9-LeaderElection32: begin an election at term 37 for -1: [ebd8d1f9-8297-450f-abe7-393807ba0c7e:192.168.164.239:36510, dbc121b5-e1e8-4c61-9d50-542b699a3d90:192.168.164.239:43140, 79abbc2e-0a90-4a41-a17c-6388bb873359:192.168.164.239:37857], old=null
2019-10-15 17:17:39,092 [grpc-default-executor-0] INFO  impl.RaftServerImpl (RaftServerImpl.java:setRole(184)) - ebd8d1f9-8297-450f-abe7-393807ba0c7e@group-B673650064C9: changes role from  FOLLOWER to FOLLOWER at term 37 for recognizeCandidate:79abbc2e-0a90-4a41-a17c-6388bb873359
2019-10-15 17:17:39,094 [grpc-default-executor-0] INFO  impl.RoleInfo (RoleInfo.java:shutdownFollowerState(121)) - ebd8d1f9-8297-450f-abe7-393807ba0c7e: shutdown FollowerState
2019-10-15 17:17:39,094 [grpc-default-executor-3] INFO  impl.RaftServerImpl (RaftServerImpl.java:setRole(184)) - dbc121b5-e1e8-4c61-9d50-542b699a3d90@group-B673650064C9: changes role from  FOLLOWER to FOLLOWER at term 37 for recognizeCandidate:79abbc2e-0a90-4a41-a17c-6388bb873359
2019-10-15 17:17:39,094 [grpc-default-executor-0] INFO  impl.RoleInfo (RoleInfo.java:updateAndGet(143)) - ebd8d1f9-8297-450f-abe7-393807ba0c7e: start FollowerState
2019-10-15 17:17:39,094 [Thread-446] INFO  impl.FollowerState (FollowerState.java:run(117)) - ebd8d1f9-8297-450f-abe7-393807ba0c7e@group-B673650064C9-FollowerState was interrupted: java.lang.InterruptedException: sleep interrupted
2019-10-15 17:17:39,094 [grpc-default-executor-3] INFO  impl.RoleInfo (RoleInfo.java:shutdownFollowerState(121)) - dbc121b5-e1e8-4c61-9d50-542b699a3d90: shutdown FollowerState
2019-10-15 17:17:39,095 [Thread-447] INFO  impl.FollowerState (FollowerState.java:run(117)) - dbc121b5-e1e8-4c61-9d50-542b699a3d90@group-B673650064C9-FollowerState was interrupted: java.lang.InterruptedException: sleep interrupted
2019-10-15 17:17:39,095 [grpc-default-executor-3] INFO  impl.RoleInfo (RoleInfo.java:updateAndGet(143)) - dbc121b5-e1e8-4c61-9d50-542b699a3d90: start FollowerState
2019-10-15 17:17:39,119 [79abbc2e-0a90-4a41-a17c-6388bb873359@group-B673650064C9-LeaderElection32] INFO  impl.LeaderElection (LeaderElection.java:logAndReturn(56)) - 79abbc2e-0a90-4a41-a17c-6388bb873359@group-B673650064C9-LeaderElection32: Election REJECTED; received 2 response(s) [79abbc2e-0a90-4a41-a17c-6388bb873359<-ebd8d1f9-8297-450f-abe7-393807ba0c7e#0:FAIL-t37, 79abbc2e-0a90-4a41-a17c-6388bb873359<-dbc121b5-e1e8-4c61-9d50-542b699a3d90#0:FAIL-t37] and 0 exception(s); 79abbc2e-0a90-4a41-a17c-6388bb873359@group-B673650064C9:t37, leader=null, voted=79abbc2e-0a90-4a41-a17c-6388bb873359, raftlog=79abbc2e-0a90-4a41-a17c-6388bb873359@group-B673650064C9-SegmentedRaftLog:OPENED:c-1,f-1,i0, conf=-1: [ebd8d1f9-8297-450f-abe7-393807ba0c7e:192.168.164.239:36510, dbc121b5-e1e8-4c61-9d50-542b699a3d90:192.168.164.239:43140, 79abbc2e-0a90-4a41-a17c-6388bb873359:192.168.164.239:37857], old=null
2019-10-15 17:17:39,119 [79abbc2e-0a90-4a41-a17c-6388bb873359@group-B673650064C9-LeaderElection32] INFO  impl.RaftServerImpl (RaftServerImpl.java:setRole(184)) - 79abbc2e-0a90-4a41-a17c-6388bb873359@group-B673650064C9: changes role from CANDIDATE to FOLLOWER at term 37 for DISCOVERED_A_NEW_TERM
2019-10-15 17:17:39,120 [79abbc2e-0a90-4a41-a17c-6388bb873359@group-B673650064C9-LeaderElection32] INFO  impl.RoleInfo (RoleInfo.java:shutdownLeaderElection(134)) - 79abbc2e-0a90-4a41-a17c-6388bb873359: shutdown LeaderElection
2019-10-15 17:17:39,120 [79abbc2e-0a90-4a41-a17c-6388bb873359@group-B673650064C9-LeaderElection32] INFO  impl.RoleInfo (RoleInfo.java:updateAndGet(143)) - 79abbc2e-0a90-4a41-a17c-6388bb873359: start FollowerState
2019-10-15 17:17:39,261 [Thread-452] INFO  impl.FollowerState (FollowerState.java:run(108)) - 79abbc2e-0a90-4a41-a17c-6388bb873359@group-B673650064C9-FollowerState: change to CANDIDATE, lastRpcTime:141ms, electionTimeout:141ms
2019-10-15 17:17:39,263 [Thread-452] INFO  impl.RoleInfo (RoleInfo.java:shutdownFollowerState(121)) - 79abbc2e-0a90-4a41-a17c-6388bb873359: shutdown FollowerState
2019-10-15 17:17:39,263 [Thread-452] INFO  impl.RaftServerImpl (RaftServerImpl.java:setRole(184)) - 79abbc2e-0a90-4a41-a17c-6388bb873359@group-B673650064C9: changes role from  FOLLOWER to CANDIDATE at term 37 for changeToCandidate
2019-10-15 17:17:39,263 [Thread-452] INFO  impl.RoleInfo (RoleInfo.java:updateAndGet(143)) - 79abbc2e-0a90-4a41-a17c-6388bb873359: start LeaderElection
2019-10-15 17:17:39,279 [79abbc2e-0a90-4a41-a17c-6388bb873359@group-B673650064C9-LeaderElection33] INFO  impl.LeaderElection (LeaderElection.java:askForVotes(178)) - 79abbc2e-0a90-4a41-a17c-6388bb873359@group-B673650064C9-LeaderElection33: begin an election at term 38 for -1: [ebd8d1f9-8297-450f-abe7-393807ba0c7e:192.168.164.239:36510, dbc121b5-e1e8-4c61-9d50-542b699a3d90:192.168.164.239:43140, 79abbc2e-0a90-4a41-a17c-6388bb873359:192.168.164.239:37857], old=null
2019-10-15 17:17:39,282 [grpc-default-executor-0] INFO  impl.RaftServerImpl (RaftServerImpl.java:setRole(184)) - ebd8d1f9-8297-450f-abe7-393807ba0c7e@group-B673650064C9: changes role from  FOLLOWER to FOLLOWER at term 38 for recognizeCandidate:79abbc2e-0a90-4a41-a17c-6388bb873359
2019-10-15 17:17:39,282 [grpc-default-executor-3] INFO  impl.RaftServerImpl (RaftServerImpl.java:setRole(184)) - dbc121b5-e1e8-4c61-9d50-542b699a3d90@group-B673650064C9: changes role from  FOLLOWER to FOLLOWER at term 38 for recognizeCandidate:79abbc2e-0a90-4a41-a17c-6388bb873359
2019-10-15 17:17:39,283 [grpc-default-executor-0] INFO  impl.RoleInfo (RoleInfo.java:shutdownFollowerState(121)) - ebd8d1f9-8297-450f-abe7-393807ba0c7e: shutdown FollowerState
2019-10-15 17:17:39,283 [grpc-default-executor-3] INFO  impl.RoleInfo (RoleInfo.java:shutdownFollowerState(121)) - dbc121b5-e1e8-4c61-9d50-542b699a3d90: shutdown FollowerState
2019-10-15 17:17:39,283 [grpc-default-executor-0] INFO  impl.RoleInfo (RoleInfo.java:updateAndGet(143)) - ebd8d1f9-8297-450f-abe7-393807ba0c7e: start FollowerState
2019-10-15 17:17:39,283 [grpc-default-executor-3] INFO  impl.RoleInfo (RoleInfo.java:updateAndGet(143)) - dbc121b5-e1e8-4c61-9d50-542b699a3d90: start FollowerState
2019-10-15 17:17:39,283 [Thread-451] INFO  impl.FollowerState (FollowerState.java:run(117)) - dbc121b5-e1e8-4c61-9d50-542b699a3d90@group-B673650064C9-FollowerState was interrupted: java.lang.InterruptedException: sleep interrupted
2019-10-15 17:17:39,283 [Thread-450] INFO  impl.FollowerState (FollowerState.java:run(117)) - ebd8d1f9-8297-450f-abe7-393807ba0c7e@group-B673650064C9-FollowerState was interrupted: java.lang.InterruptedException: sleep interrupted
2019-10-15 17:17:39,313 [79abbc2e-0a90-4a41-a17c-6388bb873359@group-B673650064C9-LeaderElection33] INFO  impl.LeaderElection (LeaderElection.java:logAndReturn(56)) - 79abbc2e-0a90-4a41-a17c-6388bb873359@group-B673650064C9-LeaderElection33: Election TIMEOUT; received 0 response(s) [] and 0 exception(s); 79abbc2e-0a90-4a41-a17c-6388bb873359@group-B673650064C9:t38, leader=null, voted=79abbc2e-0a90-4a41-a17c-6388bb873359, raftlog=79abbc2e-0a90-4a41-a17c-6388bb873359@group-B673650064C9-SegmentedRaftLog:OPENED:c-1,f-1,i0, conf=-1: [ebd8d1f9-8297-450f-abe7-393807ba0c7e:192.168.164.239:36510, dbc121b5-e1e8-4c61-9d50-542b699a3d90:192.168.164.239:43140, 79abbc2e-0a90-4a41-a17c-6388bb873359:192.168.164.239:37857], old=null
2019-10-15 17:17:39,490 [79abbc2e-0a90-4a41-a17c-6388bb873359@group-B673650064C9-LeaderElection33] INFO  impl.LeaderElection (LeaderElection.java:askForVotes(178)) - 79abbc2e-0a90-4a41-a17c-6388bb873359@group-B673650064C9-LeaderElection33: begin an election at term 39 for -1: [ebd8d1f9-8297-450f-abe7-393807ba0c7e:192.168.164.239:36510, dbc121b5-e1e8-4c61-9d50-542b699a3d90:192.168.164.239:43140, 79abbc2e-0a90-4a41-a17c-6388bb873359:192.168.164.239:37857], old=null
2019-10-15 17:17:39,493 [grpc-default-executor-0] INFO  impl.RaftServerImpl (RaftServerImpl.java:setRole(184)) - ebd8d1f9-8297-450f-abe7-393807ba0c7e@group-B673650064C9: changes role from  FOLLOWER to FOLLOWER at term 39 for recognizeCandidate:79abbc2e-0a90-4a41-a17c-6388bb873359
2019-10-15 17:17:39,493 [grpc-default-executor-3] INFO  impl.RaftServerImpl (RaftServerImpl.java:setRole(184)) - dbc121b5-e1e8-4c61-9d50-542b699a3d90@group-B673650064C9: changes role from  FOLLOWER to FOLLOWER at term 39 for recognizeCandidate:79abbc2e-0a90-4a41-a17c-6388bb873359
2019-10-15 17:17:39,497 [grpc-default-executor-0] INFO  impl.RoleInfo (RoleInfo.java:shutdownFollowerState(121)) - ebd8d1f9-8297-450f-abe7-393807ba0c7e: shutdown FollowerState
2019-10-15 17:17:39,498 [grpc-default-executor-3] INFO  impl.RoleInfo (RoleInfo.java:shutdownFollowerState(121)) - dbc121b5-e1e8-4c61-9d50-542b699a3d90: shutdown FollowerState
2019-10-15 17:17:39,498 [Thread-456] INFO  impl.FollowerState (FollowerState.java:run(117)) - ebd8d1f9-8297-450f-abe7-393807ba0c7e@group-B673650064C9-FollowerState was interrupted: java.lang.InterruptedException: sleep interrupted
2019-10-15 17:17:39,498 [grpc-default-executor-0] INFO  impl.RoleInfo (RoleInfo.java:updateAndGet(143)) - ebd8d1f9-8297-450f-abe7-393807ba0c7e: start FollowerState
2019-10-15 17:17:39,498 [grpc-default-executor-3] INFO  impl.RoleInfo (RoleInfo.java:updateAndGet(143)) - dbc121b5-e1e8-4c61-9d50-542b699a3d90: start FollowerState
2019-10-15 17:17:39,498 [Thread-457] INFO  impl.FollowerState (FollowerState.java:run(117)) - dbc121b5-e1e8-4c61-9d50-542b699a3d90@group-B673650064C9-FollowerState was interrupted: java.lang.InterruptedException: sleep interrupted
2019-10-15 17:17:39,542 [79abbc2e-0a90-4a41-a17c-6388bb873359@group-B673650064C9-LeaderElection33] INFO  impl.LeaderElection (LeaderElection.java:logAndReturn(56)) - 79abbc2e-0a90-4a41-a17c-6388bb873359@group-B673650064C9-LeaderElection33: Election REJECTED; received 2 response(s) [79abbc2e-0a90-4a41-a17c-6388bb873359<-ebd8d1f9-8297-450f-abe7-393807ba0c7e#0:FAIL-t39, 79abbc2e-0a90-4a41-a17c-6388bb873359<-dbc121b5-e1e8-4c61-9d50-542b699a3d90#0:FAIL-t39] and 0 exception(s); 79abbc2e-0a90-4a41-a17c-6388bb873359@group-B673650064C9:t39, leader=null, voted=79abbc2e-0a90-4a41-a17c-6388bb873359, raftlog=79abbc2e-0a90-4a41-a17c-6388bb873359@group-B673650064C9-SegmentedRaftLog:OPENED:c-1,f-1,i0, conf=-1: [ebd8d1f9-8297-450f-abe7-393807ba0c7e:192.168.164.239:36510, dbc121b5-e1e8-4c61-9d50-542b699a3d90:192.168.164.239:43140, 79abbc2e-0a90-4a41-a17c-6388bb873359:192.168.164.239:37857], old=null
2019-10-15 17:17:39,542 [79abbc2e-0a90-4a41-a17c-6388bb873359@group-B673650064C9-LeaderElection33] INFO  impl.RaftServerImpl (RaftServerImpl.java:setRole(184)) - 79abbc2e-0a90-4a41-a17c-6388bb873359@group-B673650064C9: changes role from CANDIDATE to FOLLOWER at term 39 for DISCOVERED_A_NEW_TERM
2019-10-15 17:17:39,542 [79abbc2e-0a90-4a41-a17c-6388bb873359@group-B673650064C9-LeaderElection33] INFO  impl.RoleInfo (RoleInfo.java:shutdownLeaderElection(134)) - 79abbc2e-0a90-4a41-a17c-6388bb873359: shutdown LeaderElection
2019-10-15 17:17:39,543 [79abbc2e-0a90-4a41-a17c-6388bb873359@group-B673650064C9-LeaderElection33] INFO  impl.RoleInfo (RoleInfo.java:updateAndGet(143)) - 79abbc2e-0a90-4a41-a17c-6388bb873359: start FollowerState
2019-10-15 17:17:39,598 [Thread-464] INFO  impl.FollowerState (FollowerState.java:run(108)) - 79abbc2e-0a90-4a41-a17c-6388bb873359@group-B673650064C9-FollowerState: change to CANDIDATE, lastRpcTime:55ms, electionTimeout:55ms
2019-10-15 17:17:39,598 [Thread-464] INFO  impl.RoleInfo (RoleInfo.java:shutdownFollowerState(121)) - 79abbc2e-0a90-4a41-a17c-6388bb873359: shutdown FollowerState
2019-10-15 17:17:39,598 [Thread-464] INFO  impl.RaftServerImpl (RaftServerImpl.java:setRole(184)) - 79abbc2e-0a90-4a41-a17c-6388bb873359@group-B673650064C9: changes role from  FOLLOWER to CANDIDATE at term 39 for changeToCandidate
2019-10-15 17:17:39,598 [Thread-464] INFO  impl.RoleInfo (RoleInfo.java:updateAndGet(143)) - 79abbc2e-0a90-4a41-a17c-6388bb873359: start LeaderElection
2019-10-15 17:17:39,630 [79abbc2e-0a90-4a41-a17c-6388bb873359@group-B673650064C9-LeaderElection34] INFO  impl.LeaderElection (LeaderElection.java:askForVotes(178)) - 79abbc2e-0a90-4a41-a17c-6388bb873359@group-B673650064C9-LeaderElection34: begin an election at term 40 for -1: [ebd8d1f9-8297-450f-abe7-393807ba0c7e:192.168.164.239:36510, dbc121b5-e1e8-4c61-9d50-542b699a3d90:192.168.164.239:43140, 79abbc2e-0a90-4a41-a17c-6388bb873359:192.168.164.239:37857], old=null
2019-10-15 17:17:39,631 [79abbc2e-0a90-4a41-a17c-6388bb873359@group-B673650064C9-LeaderElection34] INFO  impl.LeaderElection (LeaderElection.java:logAndReturn(56)) - 79abbc2e-0a90-4a41-a17c-6388bb873359@group-B673650064C9-LeaderElection34: Election TIMEOUT; received 0 response(s) [] and 0 exception(s); 79abbc2e-0a90-4a41-a17c-6388bb873359@group-B673650064C9:t40, leader=null, voted=79abbc2e-0a90-4a41-a17c-6388bb873359, raftlog=79abbc2e-0a90-4a41-a17c-6388bb873359@group-B673650064C9-SegmentedRaftLog:OPENED:c-1,f-1,i0, conf=-1: [ebd8d1f9-8297-450f-abe7-393807ba0c7e:192.168.164.239:36510, dbc121b5-e1e8-4c61-9d50-542b699a3d90:192.168.164.239:43140, 79abbc2e-0a90-4a41-a17c-6388bb873359:192.168.164.239:37857], old=null
2019-10-15 17:17:39,635 [grpc-default-executor-0] INFO  impl.RaftServerImpl (RaftServerImpl.java:setRole(184)) - ebd8d1f9-8297-450f-abe7-393807ba0c7e@group-B673650064C9: changes role from  FOLLOWER to FOLLOWER at term 40 for recognizeCandidate:79abbc2e-0a90-4a41-a17c-6388bb873359
2019-10-15 17:17:39,635 [grpc-default-executor-3] INFO  impl.RaftServerImpl (RaftServerImpl.java:setRole(184)) - dbc121b5-e1e8-4c61-9d50-542b699a3d90@group-B673650064C9: changes role from  FOLLOWER to FOLLOWER at term 40 for recognizeCandidate:79abbc2e-0a90-4a41-a17c-6388bb873359
2019-10-15 17:17:39,635 [grpc-default-executor-0] INFO  impl.RoleInfo (RoleInfo.java:shutdownFollowerState(121)) - ebd8d1f9-8297-450f-abe7-393807ba0c7e: shutdown FollowerState
2019-10-15 17:17:39,635 [grpc-default-executor-3] INFO  impl.RoleInfo (RoleInfo.java:shutdownFollowerState(121)) - dbc121b5-e1e8-4c61-9d50-542b699a3d90: shutdown FollowerState
2019-10-15 17:17:39,635 [grpc-default-executor-0] INFO  impl.RoleInfo (RoleInfo.java:updateAndGet(143)) - ebd8d1f9-8297-450f-abe7-393807ba0c7e: start FollowerState
2019-10-15 17:17:39,636 [grpc-default-executor-3] INFO  impl.RoleInfo (RoleInfo.java:updateAndGet(143)) - dbc121b5-e1e8-4c61-9d50-542b699a3d90: start FollowerState
2019-10-15 17:17:39,635 [Thread-462] INFO  impl.FollowerState (FollowerState.java:run(117)) - ebd8d1f9-8297-450f-abe7-393807ba0c7e@group-B673650064C9-FollowerState was interrupted: java.lang.InterruptedException: sleep interrupted
2019-10-15 17:17:39,636 [Thread-463] INFO  impl.FollowerState (FollowerState.java:run(117)) - dbc121b5-e1e8-4c61-9d50-542b699a3d90@group-B673650064C9-FollowerState was interrupted: java.lang.InterruptedException: sleep interrupted
2019-10-15 17:17:39,660 [79abbc2e-0a90-4a41-a17c-6388bb873359@group-B673650064C9-LeaderElection34] INFO  impl.LeaderElection (LeaderElection.java:askForVotes(178)) - 79abbc2e-0a90-4a41-a17c-6388bb873359@group-B673650064C9-LeaderElection34: begin an election at term 41 for -1: [ebd8d1f9-8297-450f-abe7-393807ba0c7e:192.168.164.239:36510, dbc121b5-e1e8-4c61-9d50-542b699a3d90:192.168.164.239:43140, 79abbc2e-0a90-4a41-a17c-6388bb873359:192.168.164.239:37857], old=null
2019-10-15 17:17:39,663 [grpc-default-executor-3] INFO  impl.RaftServerImpl (RaftServerImpl.java:setRole(184)) - ebd8d1f9-8297-450f-abe7-393807ba0c7e@group-B673650064C9: changes role from  FOLLOWER to FOLLOWER at term 41 for recognizeCandidate:79abbc2e-0a90-4a41-a17c-6388bb873359
2019-10-15 17:17:39,663 [grpc-default-executor-0] INFO  impl.RaftServerImpl (RaftServerImpl.java:setRole(184)) - dbc121b5-e1e8-4c61-9d50-542b699a3d90@group-B673650064C9: changes role from  FOLLOWER to FOLLOWER at term 41 for recognizeCandidate:79abbc2e-0a90-4a41-a17c-6388bb873359
2019-10-15 17:17:39,663 [grpc-default-executor-3] INFO  impl.RoleInfo (RoleInfo.java:shutdownFollowerState(121)) - ebd8d1f9-8297-450f-abe7-393807ba0c7e: shutdown FollowerState
2019-10-15 17:17:39,663 [grpc-default-executor-0] INFO  impl.RoleInfo (RoleInfo.java:shutdownFollowerState(121)) - dbc121b5-e1e8-4c61-9d50-542b699a3d90: shutdown FollowerState
2019-10-15 17:17:39,663 [grpc-default-executor-3] INFO  impl.RoleInfo (RoleInfo.java:updateAndGet(143)) - ebd8d1f9-8297-450f-abe7-393807ba0c7e: start FollowerState
2019-10-15 17:17:39,663 [Thread-469] INFO  impl.FollowerState (FollowerState.java:run(117)) - dbc121b5-e1e8-4c61-9d50-542b699a3d90@group-B673650064C9-FollowerState was interrupted: java.lang.InterruptedException: sleep interrupted
2019-10-15 17:17:39,663 [grpc-default-executor-0] INFO  impl.RoleInfo (RoleInfo.java:updateAndGet(143)) - dbc121b5-e1e8-4c61-9d50-542b699a3d90: start FollowerState
2019-10-15 17:17:39,663 [Thread-468] INFO  impl.FollowerState (FollowerState.java:run(117)) - ebd8d1f9-8297-450f-abe7-393807ba0c7e@group-B673650064C9-FollowerState was interrupted: java.lang.InterruptedException: sleep interrupted
2019-10-15 17:17:39,673 [79abbc2e-0a90-4a41-a17c-6388bb873359@group-B673650064C9-LeaderElection34] INFO  impl.LeaderElection (LeaderElection.java:logAndReturn(56)) - 79abbc2e-0a90-4a41-a17c-6388bb873359@group-B673650064C9-LeaderElection34: Election REJECTED; received 2 response(s) [79abbc2e-0a90-4a41-a17c-6388bb873359<-ebd8d1f9-8297-450f-abe7-393807ba0c7e#0:FAIL-t41, 79abbc2e-0a90-4a41-a17c-6388bb873359<-dbc121b5-e1e8-4c61-9d50-542b699a3d90#0:FAIL-t41] and 0 exception(s); 79abbc2e-0a90-4a41-a17c-6388bb873359@group-B673650064C9:t41, leader=null, voted=79abbc2e-0a90-4a41-a17c-6388bb873359, raftlog=79abbc2e-0a90-4a41-a17c-6388bb873359@group-B673650064C9-SegmentedRaftLog:OPENED:c-1,f-1,i0, conf=-1: [ebd8d1f9-8297-450f-abe7-393807ba0c7e:192.168.164.239:36510, dbc121b5-e1e8-4c61-9d50-542b699a3d90:192.168.164.239:43140, 79abbc2e-0a90-4a41-a17c-6388bb873359:192.168.164.239:37857], old=null
2019-10-15 17:17:39,673 [79abbc2e-0a90-4a41-a17c-6388bb873359@group-B673650064C9-LeaderElection34] INFO  impl.RaftServerImpl (RaftServerImpl.java:setRole(184)) - 79abbc2e-0a90-4a41-a17c-6388bb873359@group-B673650064C9: changes role from CANDIDATE to FOLLOWER at term 41 for DISCOVERED_A_NEW_TERM
2019-10-15 17:17:39,674 [79abbc2e-0a90-4a41-a17c-6388bb873359@group-B673650064C9-LeaderElection34] INFO  impl.RoleInfo (RoleInfo.java:shutdownLeaderElection(134)) - 79abbc2e-0a90-4a41-a17c-6388bb873359: shutdown LeaderElection
2019-10-15 17:17:39,674 [79abbc2e-0a90-4a41-a17c-6388bb873359@group-B673650064C9-LeaderElection34] INFO  impl.RoleInfo (RoleInfo.java:updateAndGet(143)) - 79abbc2e-0a90-4a41-a17c-6388bb873359: start FollowerState
2019-10-15 17:17:39,710 [Thread-474] INFO  impl.FollowerState (FollowerState.java:run(108)) - 79abbc2e-0a90-4a41-a17c-6388bb873359@group-B673650064C9-FollowerState: change to CANDIDATE, lastRpcTime:36ms, electionTimeout:36ms
2019-10-15 17:17:39,710 [Thread-474] INFO  impl.RoleInfo (RoleInfo.java:shutdownFollowerState(121)) - 79abbc2e-0a90-4a41-a17c-6388bb873359: shutdown FollowerState
2019-10-15 17:17:39,710 [Thread-474] INFO  impl.RaftServerImpl (RaftServerImpl.java:setRole(184)) - 79abbc2e-0a90-4a41-a17c-6388bb873359@group-B673650064C9: changes role from  FOLLOWER to CANDIDATE at term 41 for changeToCandidate
2019-10-15 17:17:39,711 [Thread-474] INFO  impl.RoleInfo (RoleInfo.java:updateAndGet(143)) - 79abbc2e-0a90-4a41-a17c-6388bb873359: start LeaderElection
2019-10-15 17:17:39,738 [79abbc2e-0a90-4a41-a17c-6388bb873359@group-B673650064C9-LeaderElection35] INFO  impl.LeaderElection (LeaderElection.java:askForVotes(178)) - 79abbc2e-0a90-4a41-a17c-6388bb873359@group-B673650064C9-LeaderElection35: begin an election at term 42 for -1: [ebd8d1f9-8297-450f-abe7-393807ba0c7e:192.168.164.239:36510, dbc121b5-e1e8-4c61-9d50-542b699a3d90:192.168.164.239:43140, 79abbc2e-0a90-4a41-a17c-6388bb873359:192.168.164.239:37857], old=null
2019-10-15 17:17:39,741 [grpc-default-executor-3] INFO  impl.RaftServerImpl (RaftServerImpl.java:setRole(184)) - dbc121b5-e1e8-4c61-9d50-542b699a3d90@group-B673650064C9: changes role from  FOLLOWER to FOLLOWER at term 42 for recognizeCandidate:79abbc2e-0a90-4a41-a17c-6388bb873359
2019-10-15 17:17:39,741 [grpc-default-executor-0] INFO  impl.RaftServerImpl (RaftServerImpl.java:setRole(184)) - ebd8d1f9-8297-450f-abe7-393807ba0c7e@group-B673650064C9: changes role from  FOLLOWER to FOLLOWER at term 42 for recognizeCandidate:79abbc2e-0a90-4a41-a17c-6388bb873359
2019-10-15 17:17:39,741 [grpc-default-executor-3] INFO  impl.RoleInfo (RoleInfo.java:shutdownFollowerState(121)) - dbc121b5-e1e8-4c61-9d50-542b699a3d90: shutdown FollowerState
2019-10-15 17:17:39,741 [grpc-default-executor-0] INFO  impl.RoleInfo (RoleInfo.java:shutdownFollowerState(121)) - ebd8d1f9-8297-450f-abe7-393807ba0c7e: shutdown FollowerState
2019-10-15 17:17:39,741 [grpc-default-executor-3] INFO  impl.RoleInfo (RoleInfo.java:updateAndGet(143)) - dbc121b5-e1e8-4c61-9d50-542b699a3d90: start FollowerState
2019-10-15 17:17:39,741 [Thread-472] INFO  impl.FollowerState (FollowerState.java:run(117)) - ebd8d1f9-8297-450f-abe7-393807ba0c7e@group-B673650064C9-FollowerState was interrupted: java.lang.InterruptedException: sleep interrupted
2019-10-15 17:17:39,741 [grpc-default-executor-0] INFO  impl.RoleInfo (RoleInfo.java:updateAndGet(143)) - ebd8d1f9-8297-450f-abe7-393807ba0c7e: start FollowerState
2019-10-15 17:17:39,741 [Thread-473] INFO  impl.FollowerState (FollowerState.java:run(117)) - dbc121b5-e1e8-4c61-9d50-542b699a3d90@group-B673650064C9-FollowerState was interrupted: java.lang.InterruptedException: sleep interrupted
2019-10-15 17:17:39,766 [79abbc2e-0a90-4a41-a17c-6388bb873359@group-B673650064C9-LeaderElection35] INFO  impl.LeaderElection (LeaderElection.java:logAndReturn(56)) - 79abbc2e-0a90-4a41-a17c-6388bb873359@group-B673650064C9-LeaderElection35: Election TIMEOUT; received 1 response(s) [79abbc2e-0a90-4a41-a17c-6388bb873359<-ebd8d1f9-8297-450f-abe7-393807ba0c7e#0:FAIL-t42] and 0 exception(s); 79abbc2e-0a90-4a41-a17c-6388bb873359@group-B673650064C9:t42, leader=null, voted=79abbc2e-0a90-4a41-a17c-6388bb873359, raftlog=79abbc2e-0a90-4a41-a17c-6388bb873359@group-B673650064C9-SegmentedRaftLog:OPENED:c-1,f-1,i0, conf=-1: [ebd8d1f9-8297-450f-abe7-393807ba0c7e:192.168.164.239:36510, dbc121b5-e1e8-4c61-9d50-542b699a3d90:192.168.164.239:43140, 79abbc2e-0a90-4a41-a17c-6388bb873359:192.168.164.239:37857], old=null
2019-10-15 17:17:39,840 [79abbc2e-0a90-4a41-a17c-6388bb873359@group-B673650064C9-LeaderElection35] INFO  impl.LeaderElection (LeaderElection.java:askForVotes(178)) - 79abbc2e-0a90-4a41-a17c-6388bb873359@group-B673650064C9-LeaderElection35: begin an election at term 43 for -1: [ebd8d1f9-8297-450f-abe7-393807ba0c7e:192.168.164.239:36510, dbc121b5-e1e8-4c61-9d50-542b699a3d90:192.168.164.239:43140, 79abbc2e-0a90-4a41-a17c-6388bb873359:192.168.164.239:37857], old=null
2019-10-15 17:17:39,844 [grpc-default-executor-0] INFO  impl.RaftServerImpl (RaftServerImpl.java:setRole(184)) - ebd8d1f9-8297-450f-abe7-393807ba0c7e@group-B673650064C9: changes role from  FOLLOWER to FOLLOWER at term 43 for recognizeCandidate:79abbc2e-0a90-4a41-a17c-6388bb873359
2019-10-15 17:17:39,844 [grpc-default-executor-3] INFO  impl.RaftServerImpl (RaftServerImpl.java:setRole(184)) - dbc121b5-e1e8-4c61-9d50-542b699a3d90@group-B673650064C9: changes role from  FOLLOWER to FOLLOWER at term 43 for recognizeCandidate:79abbc2e-0a90-4a41-a17c-6388bb873359
2019-10-15 17:17:39,844 [grpc-default-executor-0] INFO  impl.RoleInfo (RoleInfo.java:shutdownFollowerState(121)) - ebd8d1f9-8297-450f-abe7-393807ba0c7e: shutdown FollowerState
2019-10-15 17:17:39,844 [grpc-default-executor-3] INFO  impl.RoleInfo (RoleInfo.java:shutdownFollowerState(121)) - dbc121b5-e1e8-4c61-9d50-542b699a3d90: shutdown FollowerState
2019-10-15 17:17:39,844 [Thread-479] INFO  impl.FollowerState (FollowerState.java:run(117)) - ebd8d1f9-8297-450f-abe7-393807ba0c7e@group-B673650064C9-FollowerState was interrupted: java.lang.InterruptedException: sleep interrupted
2019-10-15 17:17:39,844 [grpc-default-executor-0] INFO  impl.RoleInfo (RoleInfo.java:updateAndGet(143)) - ebd8d1f9-8297-450f-abe7-393807ba0c7e: start FollowerState
2019-10-15 17:17:39,844 [Thread-478] INFO  impl.FollowerState (FollowerState.java:run(117)) - dbc121b5-e1e8-4c61-9d50-542b699a3d90@group-B673650064C9-FollowerState was interrupted: java.lang.InterruptedException: sleep interrupted
2019-10-15 17:17:39,844 [grpc-default-executor-3] INFO  impl.RoleInfo (RoleInfo.java:updateAndGet(143)) - dbc121b5-e1e8-4c61-9d50-542b699a3d90: start FollowerState
2019-10-15 17:17:39,886 [79abbc2e-0a90-4a41-a17c-6388bb873359@group-B673650064C9-LeaderElection35] INFO  impl.LeaderElection (LeaderElection.java:logAndReturn(56)) - 79abbc2e-0a90-4a41-a17c-6388bb873359@group-B673650064C9-LeaderElection35: Election REJECTED; received 2 response(s) [79abbc2e-0a90-4a41-a17c-6388bb873359<-ebd8d1f9-8297-450f-abe7-393807ba0c7e#0:FAIL-t43, 79abbc2e-0a90-4a41-a17c-6388bb873359<-dbc121b5-e1e8-4c61-9d50-542b699a3d90#0:FAIL-t43] and 0 exception(s); 79abbc2e-0a90-4a41-a17c-6388bb873359@group-B673650064C9:t43, leader=null, voted=79abbc2e-0a90-4a41-a17c-6388bb873359, raftlog=79abbc2e-0a90-4a41-a17c-6388bb873359@group-B673650064C9-SegmentedRaftLog:OPENED:c-1,f-1,i0, conf=-1: [ebd8d1f9-8297-450f-abe7-393807ba0c7e:192.168.164.239:36510, dbc121b5-e1e8-4c61-9d50-542b699a3d90:192.168.164.239:43140, 79abbc2e-0a90-4a41-a17c-6388bb873359:192.168.164.239:37857], old=null
2019-10-15 17:17:39,886 [79abbc2e-0a90-4a41-a17c-6388bb873359@group-B673650064C9-LeaderElection35] INFO  impl.RaftServerImpl (RaftServerImpl.java:setRole(184)) - 79abbc2e-0a90-4a41-a17c-6388bb873359@group-B673650064C9: changes role from CANDIDATE to FOLLOWER at term 43 for DISCOVERED_A_NEW_TERM
2019-10-15 17:17:39,886 [79abbc2e-0a90-4a41-a17c-6388bb873359@group-B673650064C9-LeaderElection35] INFO  impl.RoleInfo (RoleInfo.java:shutdownLeaderElection(134)) - 79abbc2e-0a90-4a41-a17c-6388bb873359: shutdown LeaderElection
2019-10-15 17:17:39,886 [79abbc2e-0a90-4a41-a17c-6388bb873359@group-B673650064C9-LeaderElection35] INFO  impl.RoleInfo (RoleInfo.java:updateAndGet(143)) - 79abbc2e-0a90-4a41-a17c-6388bb873359: start FollowerState
2019-10-15 17:17:40,072 [Thread-484] INFO  impl.FollowerState (FollowerState.java:run(108)) - 79abbc2e-0a90-4a41-a17c-6388bb873359@group-B673650064C9-FollowerState: change to CANDIDATE, lastRpcTime:185ms, electionTimeout:185ms
2019-10-15 17:17:40,072 [Thread-484] INFO  impl.RoleInfo (RoleInfo.java:shutdownFollowerState(121)) - 79abbc2e-0a90-4a41-a17c-6388bb873359: shutdown FollowerState
2019-10-15 17:17:40,072 [Thread-484] INFO  impl.RaftServerImpl (RaftServerImpl.java:setRole(184)) - 79abbc2e-0a90-4a41-a17c-6388bb873359@group-B673650064C9: changes role from  FOLLOWER to CANDIDATE at term 43 for changeToCandidate
2019-10-15 17:17:40,072 [Thread-484] INFO  impl.RoleInfo (RoleInfo.java:updateAndGet(143)) - 79abbc2e-0a90-4a41-a17c-6388bb873359: start LeaderElection
2019-10-15 17:17:40,118 [79abbc2e-0a90-4a41-a17c-6388bb873359@group-B673650064C9-LeaderElection36] INFO  impl.LeaderElection (LeaderElection.java:askForVotes(178)) - 79abbc2e-0a90-4a41-a17c-6388bb873359@group-B673650064C9-LeaderElection36: begin an election at term 44 for -1: [ebd8d1f9-8297-450f-abe7-393807ba0c7e:192.168.164.239:36510, dbc121b5-e1e8-4c61-9d50-542b699a3d90:192.168.164.239:43140, 79abbc2e-0a90-4a41-a17c-6388bb873359:192.168.164.239:37857], old=null
2019-10-15 17:17:40,121 [grpc-default-executor-0] INFO  impl.RaftServerImpl (RaftServerImpl.java:setRole(184)) - dbc121b5-e1e8-4c61-9d50-542b699a3d90@group-B673650064C9: changes role from  FOLLOWER to FOLLOWER at term 44 for recognizeCandidate:79abbc2e-0a90-4a41-a17c-6388bb873359
2019-10-15 17:17:40,121 [grpc-default-executor-3] INFO  impl.RaftServerImpl (RaftServerImpl.java:setRole(184)) - ebd8d1f9-8297-450f-abe7-393807ba0c7e@group-B673650064C9: changes role from  FOLLOWER to FOLLOWER at term 44 for recognizeCandidate:79abbc2e-0a90-4a41-a17c-6388bb873359
2019-10-15 17:17:40,121 [grpc-default-executor-0] INFO  impl.RoleInfo (RoleInfo.java:shutdownFollowerState(121)) - dbc121b5-e1e8-4c61-9d50-542b699a3d90: shutdown FollowerState
2019-10-15 17:17:40,122 [grpc-default-executor-3] INFO  impl.RoleInfo (RoleInfo.java:shutdownFollowerState(121)) - ebd8d1f9-8297-450f-abe7-393807ba0c7e: shutdown FollowerState
2019-10-15 17:17:40,122 [Thread-483] INFO  impl.FollowerState (FollowerState.java:run(117)) - dbc121b5-e1e8-4c61-9d50-542b699a3d90@group-B673650064C9-FollowerState was interrupted: java.lang.InterruptedException: sleep interrupted
2019-10-15 17:17:40,122 [grpc-default-executor-3] INFO  impl.RoleInfo (RoleInfo.java:updateAndGet(143)) - ebd8d1f9-8297-450f-abe7-393807ba0c7e: start FollowerState
2019-10-15 17:17:40,122 [grpc-default-executor-0] INFO  impl.RoleInfo (RoleInfo.java:updateAndGet(143)) - dbc121b5-e1e8-4c61-9d50-542b699a3d90: start FollowerState
2019-10-15 17:17:40,122 [Thread-482] INFO  impl.FollowerState (FollowerState.java:run(117)) - ebd8d1f9-8297-450f-abe7-393807ba0c7e@group-B673650064C9-FollowerState was interrupted: java.lang.InterruptedException: sleep interrupted
2019-10-15 17:17:40,154 [79abbc2e-0a90-4a41-a17c-6388bb873359@group-B673650064C9-LeaderElection36] INFO  impl.LeaderElection (LeaderElection.java:logAndReturn(56)) - 79abbc2e-0a90-4a41-a17c-6388bb873359@group-B673650064C9-LeaderElection36: Election REJECTED; received 2 response(s) [79abbc2e-0a90-4a41-a17c-6388bb873359<-ebd8d1f9-8297-450f-abe7-393807ba0c7e#0:FAIL-t44, 79abbc2e-0a90-4a41-a17c-6388bb873359<-dbc121b5-e1e8-4c61-9d50-542b699a3d90#0:FAIL-t44] and 0 exception(s); 79abbc2e-0a90-4a41-a17c-6388bb873359@group-B673650064C9:t44, leader=null, voted=79abbc2e-0a90-4a41-a17c-6388bb873359, raftlog=79abbc2e-0a90-4a41-a17c-6388bb873359@group-B673650064C9-SegmentedRaftLog:OPENED:c-1,f-1,i0, conf=-1: [ebd8d1f9-8297-450f-abe7-393807ba0c7e:192.168.164.239:36510, dbc121b5-e1e8-4c61-9d50-542b699a3d90:192.168.164.239:43140, 79abbc2e-0a90-4a41-a17c-6388bb873359:192.168.164.239:37857], old=null
2019-10-15 17:17:40,154 [79abbc2e-0a90-4a41-a17c-6388bb873359@group-B673650064C9-LeaderElection36] INFO  impl.RaftServerImpl (RaftServerImpl.java:setRole(184)) - 79abbc2e-0a90-4a41-a17c-6388bb873359@group-B673650064C9: changes role from CANDIDATE to FOLLOWER at term 44 for DISCOVERED_A_NEW_TERM
2019-10-15 17:17:40,155 [79abbc2e-0a90-4a41-a17c-6388bb873359@group-B673650064C9-LeaderElection36] INFO  impl.RoleInfo (RoleInfo.java:shutdownLeaderElection(134)) - 79abbc2e-0a90-4a41-a17c-6388bb873359: shutdown LeaderElection
2019-10-15 17:17:40,155 [79abbc2e-0a90-4a41-a17c-6388bb873359@group-B673650064C9-LeaderElection36] INFO  impl.RoleInfo (RoleInfo.java:updateAndGet(143)) - 79abbc2e-0a90-4a41-a17c-6388bb873359: start FollowerState
2019-10-15 17:17:40,326 [Thread-490] INFO  impl.FollowerState (FollowerState.java:run(108)) - 79abbc2e-0a90-4a41-a17c-6388bb873359@group-B673650064C9-FollowerState: change to CANDIDATE, lastRpcTime:171ms, electionTimeout:171ms
2019-10-15 17:17:40,327 [Thread-490] INFO  impl.RoleInfo (RoleInfo.java:shutdownFollowerState(121)) - 79abbc2e-0a90-4a41-a17c-6388bb873359: shutdown FollowerState
2019-10-15 17:17:40,327 [Thread-490] INFO  impl.RaftServerImpl (RaftServerImpl.java:setRole(184)) - 79abbc2e-0a90-4a41-a17c-6388bb873359@group-B673650064C9: changes role from  FOLLOWER to CANDIDATE at term 44 for changeToCandidate
2019-10-15 17:17:40,327 [Thread-490] INFO  impl.RoleInfo (RoleInfo.java:updateAndGet(143)) - 79abbc2e-0a90-4a41-a17c-6388bb873359: start LeaderElection
2019-10-15 17:17:40,354 [79abbc2e-0a90-4a41-a17c-6388bb873359@group-B673650064C9-LeaderElection37] INFO  impl.LeaderElection (LeaderElection.java:askForVotes(178)) - 79abbc2e-0a90-4a41-a17c-6388bb873359@group-B673650064C9-LeaderElection37: begin an election at term 45 for -1: [ebd8d1f9-8297-450f-abe7-393807ba0c7e:192.168.164.239:36510, dbc121b5-e1e8-4c61-9d50-542b699a3d90:192.168.164.239:43140, 79abbc2e-0a90-4a41-a17c-6388bb873359:192.168.164.239:37857], old=null
2019-10-15 17:17:40,357 [grpc-default-executor-3] INFO  impl.RaftServerImpl (RaftServerImpl.java:setRole(184)) - ebd8d1f9-8297-450f-abe7-393807ba0c7e@group-B673650064C9: changes role from  FOLLOWER to FOLLOWER at term 45 for recognizeCandidate:79abbc2e-0a90-4a41-a17c-6388bb873359
2019-10-15 17:17:40,357 [grpc-default-executor-0] INFO  impl.RaftServerImpl (RaftServerImpl.java:setRole(184)) - dbc121b5-e1e8-4c61-9d50-542b699a3d90@group-B673650064C9: changes role from  FOLLOWER to FOLLOWER at term 45 for recognizeCandidate:79abbc2e-0a90-4a41-a17c-6388bb873359
2019-10-15 17:17:40,357 [grpc-default-executor-3] INFO  impl.RoleInfo (RoleInfo.java:shutdownFollowerState(121)) - ebd8d1f9-8297-450f-abe7-393807ba0c7e: shutdown FollowerState
2019-10-15 17:17:40,357 [grpc-default-executor-0] INFO  impl.RoleInfo (RoleInfo.java:shutdownFollowerState(121)) - dbc121b5-e1e8-4c61-9d50-542b699a3d90: shutdown FollowerState
2019-10-15 17:17:40,358 [Thread-489] INFO  impl.FollowerState (FollowerState.java:run(117)) - ebd8d1f9-8297-450f-abe7-393807ba0c7e@group-B673650064C9-FollowerState was interrupted: java.lang.InterruptedException: sleep interrupted
2019-10-15 17:17:40,357 [grpc-default-executor-3] INFO  impl.RoleInfo (RoleInfo.java:updateAndGet(143)) - ebd8d1f9-8297-450f-abe7-393807ba0c7e: start FollowerState
2019-10-15 17:17:40,358 [Thread-488] INFO  impl.FollowerState (FollowerState.java:run(117)) - dbc121b5-e1e8-4c61-9d50-542b699a3d90@group-B673650064C9-FollowerState was interrupted: java.lang.InterruptedException: sleep interrupted
2019-10-15 17:17:40,358 [grpc-default-executor-0] INFO  impl.RoleInfo (RoleInfo.java:updateAndGet(143)) - dbc121b5-e1e8-4c61-9d50-542b699a3d90: start FollowerState
2019-10-15 17:17:40,380 [79abbc2e-0a90-4a41-a17c-6388bb873359@group-B673650064C9-LeaderElection37] INFO  impl.LeaderElection (LeaderElection.java:logAndReturn(56)) - 79abbc2e-0a90-4a41-a17c-6388bb873359@group-B673650064C9-LeaderElection37: Election REJECTED; received 2 response(s) [79abbc2e-0a90-4a41-a17c-6388bb873359<-ebd8d1f9-8297-450f-abe7-393807ba0c7e#0:FAIL-t45, 79abbc2e-0a90-4a41-a17c-6388bb873359<-dbc121b5-e1e8-4c61-9d50-542b699a3d90#0:FAIL-t45] and 0 exception(s); 79abbc2e-0a90-4a41-a17c-6388bb873359@group-B673650064C9:t45, leader=null, voted=79abbc2e-0a90-4a41-a17c-6388bb873359, raftlog=79abbc2e-0a90-4a41-a17c-6388bb873359@group-B673650064C9-SegmentedRaftLog:OPENED:c-1,f-1,i0, conf=-1: [ebd8d1f9-8297-450f-abe7-393807ba0c7e:192.168.164.239:36510, dbc121b5-e1e8-4c61-9d50-542b699a3d90:192.168.164.239:43140, 79abbc2e-0a90-4a41-a17c-6388bb873359:192.168.164.239:37857], old=null
2019-10-15 17:17:40,381 [79abbc2e-0a90-4a41-a17c-6388bb873359@group-B673650064C9-LeaderElection37] INFO  impl.RaftServerImpl (RaftServerImpl.java:setRole(184)) - 79abbc2e-0a90-4a41-a17c-6388bb873359@group-B673650064C9: changes role from CANDIDATE to FOLLOWER at term 45 for DISCOVERED_A_NEW_TERM
2019-10-15 17:17:40,381 [79abbc2e-0a90-4a41-a17c-6388bb873359@group-B673650064C9-LeaderElection37] INFO  impl.RoleInfo (RoleInfo.java:shutdownLeaderElection(134)) - 79abbc2e-0a90-4a41-a17c-6388bb873359: shutdown LeaderElection
2019-10-15 17:17:40,381 [79abbc2e-0a90-4a41-a17c-6388bb873359@group-B673650064C9-LeaderElection37] INFO  impl.RoleInfo (RoleInfo.java:updateAndGet(143)) - 79abbc2e-0a90-4a41-a17c-6388bb873359: start FollowerState
2019-10-15 17:17:40,437 [Thread-496] INFO  impl.FollowerState (FollowerState.java:run(108)) - 79abbc2e-0a90-4a41-a17c-6388bb873359@group-B673650064C9-FollowerState: change to CANDIDATE, lastRpcTime:56ms, electionTimeout:56ms
2019-10-15 17:17:40,437 [Thread-496] INFO  impl.RoleInfo (RoleInfo.java:shutdownFollowerState(121)) - 79abbc2e-0a90-4a41-a17c-6388bb873359: shutdown FollowerState
2019-10-15 17:17:40,438 [Thread-496] INFO  impl.RaftServerImpl (RaftServerImpl.java:setRole(184)) - 79abbc2e-0a90-4a41-a17c-6388bb873359@group-B673650064C9: changes role from  FOLLOWER to CANDIDATE at term 45 for changeToCandidate
2019-10-15 17:17:40,438 [Thread-496] INFO  impl.RoleInfo (RoleInfo.java:updateAndGet(143)) - 79abbc2e-0a90-4a41-a17c-6388bb873359: start LeaderElection
2019-10-15 17:17:40,464 [79abbc2e-0a90-4a41-a17c-6388bb873359@group-B673650064C9-LeaderElection38] INFO  impl.LeaderElection (LeaderElection.java:askForVotes(178)) - 79abbc2e-0a90-4a41-a17c-6388bb873359@group-B673650064C9-LeaderElection38: begin an election at term 46 for -1: [ebd8d1f9-8297-450f-abe7-393807ba0c7e:192.168.164.239:36510, dbc121b5-e1e8-4c61-9d50-542b699a3d90:192.168.164.239:43140, 79abbc2e-0a90-4a41-a17c-6388bb873359:192.168.164.239:37857], old=null
2019-10-15 17:17:40,467 [grpc-default-executor-3] INFO  impl.RaftServerImpl (RaftServerImpl.java:setRole(184)) - ebd8d1f9-8297-450f-abe7-393807ba0c7e@group-B673650064C9: changes role from  FOLLOWER to FOLLOWER at term 46 for recognizeCandidate:79abbc2e-0a90-4a41-a17c-6388bb873359
2019-10-15 17:17:40,467 [grpc-default-executor-3] INFO  impl.RoleInfo (RoleInfo.java:shutdownFollowerState(121)) - ebd8d1f9-8297-450f-abe7-393807ba0c7e: shutdown FollowerState
2019-10-15 17:17:40,467 [grpc-default-executor-1] INFO  impl.RaftServerImpl (RaftServerImpl.java:setRole(184)) - dbc121b5-e1e8-4c61-9d50-542b699a3d90@group-B673650064C9: changes role from  FOLLOWER to FOLLOWER at term 46 for recognizeCandidate:79abbc2e-0a90-4a41-a17c-6388bb873359
2019-10-15 17:17:40,468 [Thread-494] INFO  impl.FollowerState (FollowerState.java:run(117)) - ebd8d1f9-8297-450f-abe7-393807ba0c7e@group-B673650064C9-FollowerState was interrupted: java.lang.InterruptedException: sleep interrupted
2019-10-15 17:17:40,468 [grpc-default-executor-3] INFO  impl.RoleInfo (RoleInfo.java:updateAndGet(143)) - ebd8d1f9-8297-450f-abe7-393807ba0c7e: start FollowerState
2019-10-15 17:17:40,468 [grpc-default-executor-1] INFO  impl.RoleInfo (RoleInfo.java:shutdownFollowerState(121)) - dbc121b5-e1e8-4c61-9d50-542b699a3d90: shutdown FollowerState
2019-10-15 17:17:40,468 [grpc-default-executor-1] INFO  impl.RoleInfo (RoleInfo.java:updateAndGet(143)) - dbc121b5-e1e8-4c61-9d50-542b699a3d90: start FollowerState
2019-10-15 17:17:40,468 [Thread-495] INFO  impl.FollowerState (FollowerState.java:run(117)) - dbc121b5-e1e8-4c61-9d50-542b699a3d90@group-B673650064C9-FollowerState was interrupted: java.lang.InterruptedException: sleep interrupted
2019-10-15 17:17:40,498 [79abbc2e-0a90-4a41-a17c-6388bb873359@group-B673650064C9-LeaderElection38] INFO  impl.LeaderElection (LeaderElection.java:logAndReturn(56)) - 79abbc2e-0a90-4a41-a17c-6388bb873359@group-B673650064C9-LeaderElection38: Election REJECTED; received 2 response(s) [79abbc2e-0a90-4a41-a17c-6388bb873359<-ebd8d1f9-8297-450f-abe7-393807ba0c7e#0:FAIL-t46, 79abbc2e-0a90-4a41-a17c-6388bb873359<-dbc121b5-e1e8-4c61-9d50-542b699a3d90#0:FAIL-t46] and 0 exception(s); 79abbc2e-0a90-4a41-a17c-6388bb873359@group-B673650064C9:t46, leader=null, voted=79abbc2e-0a90-4a41-a17c-6388bb873359, raftlog=79abbc2e-0a90-4a41-a17c-6388bb873359@group-B673650064C9-SegmentedRaftLog:OPENED:c-1,f-1,i0, conf=-1: [ebd8d1f9-8297-450f-abe7-393807ba0c7e:192.168.164.239:36510, dbc121b5-e1e8-4c61-9d50-542b699a3d90:192.168.164.239:43140, 79abbc2e-0a90-4a41-a17c-6388bb873359:192.168.164.239:37857], old=null
2019-10-15 17:17:40,498 [79abbc2e-0a90-4a41-a17c-6388bb873359@group-B673650064C9-LeaderElection38] INFO  impl.RaftServerImpl (RaftServerImpl.java:setRole(184)) - 79abbc2e-0a90-4a41-a17c-6388bb873359@group-B673650064C9: changes role from CANDIDATE to FOLLOWER at term 46 for DISCOVERED_A_NEW_TERM
2019-10-15 17:17:40,498 [79abbc2e-0a90-4a41-a17c-6388bb873359@group-B673650064C9-LeaderElection38] INFO  impl.RoleInfo (RoleInfo.java:shutdownLeaderElection(134)) - 79abbc2e-0a90-4a41-a17c-6388bb873359: shutdown LeaderElection
2019-10-15 17:17:40,498 [79abbc2e-0a90-4a41-a17c-6388bb873359@group-B673650064C9-LeaderElection38] INFO  impl.RoleInfo (RoleInfo.java:updateAndGet(143)) - 79abbc2e-0a90-4a41-a17c-6388bb873359: start FollowerState
2019-10-15 17:17:40,623 [Thread-504] INFO  impl.FollowerState (FollowerState.java:run(108)) - 79abbc2e-0a90-4a41-a17c-6388bb873359@group-B673650064C9-FollowerState: change to CANDIDATE, lastRpcTime:124ms, electionTimeout:124ms
2019-10-15 17:17:40,623 [Thread-504] INFO  impl.RoleInfo (RoleInfo.java:shutdownFollowerState(121)) - 79abbc2e-0a90-4a41-a17c-6388bb873359: shutdown FollowerState
2019-10-15 17:17:40,623 [Thread-504] INFO  impl.RaftServerImpl (RaftServerImpl.java:setRole(184)) - 79abbc2e-0a90-4a41-a17c-6388bb873359@group-B673650064C9: changes role from  FOLLOWER to CANDIDATE at term 46 for changeToCandidate
2019-10-15 17:17:40,623 [Thread-504] INFO  impl.RoleInfo (RoleInfo.java:updateAndGet(143)) - 79abbc2e-0a90-4a41-a17c-6388bb873359: start LeaderElection
2019-10-15 17:17:40,655 [79abbc2e-0a90-4a41-a17c-6388bb873359@group-B673650064C9-LeaderElection39] INFO  impl.LeaderElection (LeaderElection.java:askForVotes(178)) - 79abbc2e-0a90-4a41-a17c-6388bb873359@group-B673650064C9-LeaderElection39: begin an election at term 47 for -1: [ebd8d1f9-8297-450f-abe7-393807ba0c7e:192.168.164.239:36510, dbc121b5-e1e8-4c61-9d50-542b699a3d90:192.168.164.239:43140, 79abbc2e-0a90-4a41-a17c-6388bb873359:192.168.164.239:37857], old=null
2019-10-15 17:17:40,658 [grpc-default-executor-1] INFO  impl.RaftServerImpl (RaftServerImpl.java:setRole(184)) - ebd8d1f9-8297-450f-abe7-393807ba0c7e@group-B673650064C9: changes role from  FOLLOWER to FOLLOWER at term 47 for recognizeCandidate:79abbc2e-0a90-4a41-a17c-6388bb873359
2019-10-15 17:17:40,658 [grpc-default-executor-1] INFO  impl.RoleInfo (RoleInfo.java:shutdownFollowerState(121)) - ebd8d1f9-8297-450f-abe7-393807ba0c7e: shutdown FollowerState
2019-10-15 17:17:40,658 [grpc-default-executor-3] INFO  impl.RaftServerImpl (RaftServerImpl.java:setRole(184)) - dbc121b5-e1e8-4c61-9d50-542b699a3d90@group-B673650064C9: changes role from  FOLLOWER to FOLLOWER at term 47 for recognizeCandidate:79abbc2e-0a90-4a41-a17c-6388bb873359
2019-10-15 17:17:40,658 [Thread-501] INFO  impl.FollowerState (FollowerState.java:run(117)) - ebd8d1f9-8297-450f-abe7-393807ba0c7e@group-B673650064C9-FollowerState was interrupted: java.lang.InterruptedException: sleep interrupted
2019-10-15 17:17:40,658 [grpc-default-executor-1] INFO  impl.RoleInfo (RoleInfo.java:updateAndGet(143)) - ebd8d1f9-8297-450f-abe7-393807ba0c7e: start FollowerState
2019-10-15 17:17:40,658 [grpc-default-executor-3] INFO  impl.RoleInfo (RoleInfo.java:shutdownFollowerState(121)) - dbc121b5-e1e8-4c61-9d50-542b699a3d90: shutdown FollowerState
2019-10-15 17:17:40,659 [grpc-default-executor-3] INFO  impl.RoleInfo (RoleInfo.java:updateAndGet(143)) - dbc121b5-e1e8-4c61-9d50-542b699a3d90: start FollowerState
2019-10-15 17:17:40,659 [Thread-502] INFO  impl.FollowerState (FollowerState.java:run(117)) - dbc121b5-e1e8-4c61-9d50-542b699a3d90@group-B673650064C9-FollowerState was interrupted: java.lang.InterruptedException: sleep interrupted
2019-10-15 17:17:40,682 [79abbc2e-0a90-4a41-a17c-6388bb873359@group-B673650064C9-LeaderElection39] INFO  impl.LeaderElection (LeaderElection.java:logAndReturn(56)) - 79abbc2e-0a90-4a41-a17c-6388bb873359@group-B673650064C9-LeaderElection39: Election REJECTED; received 2 response(s) [79abbc2e-0a90-4a41-a17c-6388bb873359<-ebd8d1f9-8297-450f-abe7-393807ba0c7e#0:FAIL-t47, 79abbc2e-0a90-4a41-a17c-6388bb873359<-dbc121b5-e1e8-4c61-9d50-542b699a3d90#0:FAIL-t47] and 0 exception(s); 79abbc2e-0a90-4a41-a17c-6388bb873359@group-B673650064C9:t47, leader=null, voted=79abbc2e-0a90-4a41-a17c-6388bb873359, raftlog=79abbc2e-0a90-4a41-a17c-6388bb873359@group-B673650064C9-SegmentedRaftLog:OPENED:c-1,f-1,i0, conf=-1: [ebd8d1f9-8297-450f-abe7-393807ba0c7e:192.168.164.239:36510, dbc121b5-e1e8-4c61-9d50-542b699a3d90:192.168.164.239:43140, 79abbc2e-0a90-4a41-a17c-6388bb873359:192.168.164.239:37857], old=null
2019-10-15 17:17:40,682 [79abbc2e-0a90-4a41-a17c-6388bb873359@group-B673650064C9-LeaderElection39] INFO  impl.RaftServerImpl (RaftServerImpl.java:setRole(184)) - 79abbc2e-0a90-4a41-a17c-6388bb873359@group-B673650064C9: changes role from CANDIDATE to FOLLOWER at term 47 for DISCOVERED_A_NEW_TERM
2019-10-15 17:17:40,682 [79abbc2e-0a90-4a41-a17c-6388bb873359@group-B673650064C9-LeaderElection39] INFO  impl.RoleInfo (RoleInfo.java:shutdownLeaderElection(134)) - 79abbc2e-0a90-4a41-a17c-6388bb873359: shutdown LeaderElection
2019-10-15 17:17:40,683 [79abbc2e-0a90-4a41-a17c-6388bb873359@group-B673650064C9-LeaderElection39] INFO  impl.RoleInfo (RoleInfo.java:updateAndGet(143)) - 79abbc2e-0a90-4a41-a17c-6388bb873359: start FollowerState
2019-10-15 17:17:40,866 [Thread-510] INFO  impl.FollowerState (FollowerState.java:run(108)) - 79abbc2e-0a90-4a41-a17c-6388bb873359@group-B673650064C9-FollowerState: change to CANDIDATE, lastRpcTime:183ms, electionTimeout:183ms
2019-10-15 17:17:40,866 [Thread-510] INFO  impl.RoleInfo (RoleInfo.java:shutdownFollowerState(121)) - 79abbc2e-0a90-4a41-a17c-6388bb873359: shutdown FollowerState
2019-10-15 17:17:40,866 [Thread-510] INFO  impl.RaftServerImpl (RaftServerImpl.java:setRole(184)) - 79abbc2e-0a90-4a41-a17c-6388bb873359@group-B673650064C9: changes role from  FOLLOWER to CANDIDATE at term 47 for changeToCandidate
2019-10-15 17:17:40,867 [Thread-510] INFO  impl.RoleInfo (RoleInfo.java:updateAndGet(143)) - 79abbc2e-0a90-4a41-a17c-6388bb873359: start LeaderElection
2019-10-15 17:17:40,898 [79abbc2e-0a90-4a41-a17c-6388bb873359@group-B673650064C9-LeaderElection40] INFO  impl.LeaderElection (LeaderElection.java:askForVotes(178)) - 79abbc2e-0a90-4a41-a17c-6388bb873359@group-B673650064C9-LeaderElection40: begin an election at term 48 for -1: [ebd8d1f9-8297-450f-abe7-393807ba0c7e:192.168.164.239:36510, dbc121b5-e1e8-4c61-9d50-542b699a3d90:192.168.164.239:43140, 79abbc2e-0a90-4a41-a17c-6388bb873359:192.168.164.239:37857], old=null
2019-10-15 17:17:40,901 [grpc-default-executor-1] INFO  impl.RaftServerImpl (RaftServerImpl.java:setRole(184)) - ebd8d1f9-8297-450f-abe7-393807ba0c7e@group-B673650064C9: changes role from  FOLLOWER to FOLLOWER at term 48 for recognizeCandidate:79abbc2e-0a90-4a41-a17c-6388bb873359
2019-10-15 17:17:40,901 [grpc-default-executor-3] INFO  impl.RaftServerImpl (RaftServerImpl.java:setRole(184)) - dbc121b5-e1e8-4c61-9d50-542b699a3d90@group-B673650064C9: changes role from  FOLLOWER to FOLLOWER at term 48 for recognizeCandidate:79abbc2e-0a90-4a41-a17c-6388bb873359
2019-10-15 17:17:40,901 [grpc-default-executor-1] INFO  impl.RoleInfo (RoleInfo.java:shutdownFollowerState(121)) - ebd8d1f9-8297-450f-abe7-393807ba0c7e: shutdown FollowerState
2019-10-15 17:17:40,901 [grpc-default-executor-3] INFO  impl.RoleInfo (RoleInfo.java:shutdownFollowerState(121)) - dbc121b5-e1e8-4c61-9d50-542b699a3d90: shutdown FollowerState
2019-10-15 17:17:40,902 [Thread-508] INFO  impl.FollowerState (FollowerState.java:run(117)) - ebd8d1f9-8297-450f-abe7-393807ba0c7e@group-B673650064C9-FollowerState was interrupted: java.lang.InterruptedException: sleep interrupted
2019-10-15 17:17:40,902 [grpc-default-executor-1] INFO  impl.RoleInfo (RoleInfo.java:updateAndGet(143)) - ebd8d1f9-8297-450f-abe7-393807ba0c7e: start FollowerState
2019-10-15 17:17:40,902 [grpc-default-executor-3] INFO  impl.RoleInfo (RoleInfo.java:updateAndGet(143)) - dbc121b5-e1e8-4c61-9d50-542b699a3d90: start FollowerState
2019-10-15 17:17:40,902 [Thread-509] INFO  impl.FollowerState (FollowerState.java:run(117)) - dbc121b5-e1e8-4c61-9d50-542b699a3d90@group-B673650064C9-FollowerState was interrupted: java.lang.InterruptedException: sleep interrupted
2019-10-15 17:17:40,932 [79abbc2e-0a90-4a41-a17c-6388bb873359@group-B673650064C9-LeaderElection40] INFO  impl.LeaderElection (LeaderElection.java:logAndReturn(56)) - 79abbc2e-0a90-4a41-a17c-6388bb873359@group-B673650064C9-LeaderElection40: Election REJECTED; received 2 response(s) [79abbc2e-0a90-4a41-a17c-6388bb873359<-ebd8d1f9-8297-450f-abe7-393807ba0c7e#0:FAIL-t48, 79abbc2e-0a90-4a41-a17c-6388bb873359<-dbc121b5-e1e8-4c61-9d50-542b699a3d90#0:FAIL-t48] and 0 exception(s); 79abbc2e-0a90-4a41-a17c-6388bb873359@group-B673650064C9:t48, leader=null, voted=79abbc2e-0a90-4a41-a17c-6388bb873359, raftlog=79abbc2e-0a90-4a41-a17c-6388bb873359@group-B673650064C9-SegmentedRaftLog:OPENED:c-1,f-1,i0, conf=-1: [ebd8d1f9-8297-450f-abe7-393807ba0c7e:192.168.164.239:36510, dbc121b5-e1e8-4c61-9d50-542b699a3d90:192.168.164.239:43140, 79abbc2e-0a90-4a41-a17c-6388bb873359:192.168.164.239:37857], old=null
2019-10-15 17:17:40,933 [79abbc2e-0a90-4a41-a17c-6388bb873359@group-B673650064C9-LeaderElection40] INFO  impl.RaftServerImpl (RaftServerImpl.java:setRole(184)) - 79abbc2e-0a90-4a41-a17c-6388bb873359@group-B673650064C9: changes role from CANDIDATE to FOLLOWER at term 48 for DISCOVERED_A_NEW_TERM
2019-10-15 17:17:40,933 [79abbc2e-0a90-4a41-a17c-6388bb873359@group-B673650064C9-LeaderElection40] INFO  impl.RoleInfo (RoleInfo.java:shutdownLeaderElection(134)) - 79abbc2e-0a90-4a41-a17c-6388bb873359: shutdown LeaderElection
2019-10-15 17:17:40,933 [79abbc2e-0a90-4a41-a17c-6388bb873359@group-B673650064C9-LeaderElection40] INFO  impl.RoleInfo (RoleInfo.java:updateAndGet(143)) - 79abbc2e-0a90-4a41-a17c-6388bb873359: start FollowerState
2019-10-15 17:17:40,991 [Thread-516] INFO  impl.FollowerState (FollowerState.java:run(108)) - 79abbc2e-0a90-4a41-a17c-6388bb873359@group-B673650064C9-FollowerState: change to CANDIDATE, lastRpcTime:57ms, electionTimeout:57ms
2019-10-15 17:17:40,991 [Thread-516] INFO  impl.RoleInfo (RoleInfo.java:shutdownFollowerState(121)) - 79abbc2e-0a90-4a41-a17c-6388bb873359: shutdown FollowerState
2019-10-15 17:17:40,991 [Thread-516] INFO  impl.RaftServerImpl (RaftServerImpl.java:setRole(184)) - 79abbc2e-0a90-4a41-a17c-6388bb873359@group-B673650064C9: changes role from  FOLLOWER to CANDIDATE at term 48 for changeToCandidate
2019-10-15 17:17:40,991 [Thread-516] INFO  impl.RoleInfo (RoleInfo.java:updateAndGet(143)) - 79abbc2e-0a90-4a41-a17c-6388bb873359: start LeaderElection
2019-10-15 17:17:41,015 [79abbc2e-0a90-4a41-a17c-6388bb873359@group-B673650064C9-LeaderElection41] INFO  impl.LeaderElection (LeaderElection.java:askForVotes(178)) - 79abbc2e-0a90-4a41-a17c-6388bb873359@group-B673650064C9-LeaderElection41: begin an election at term 49 for -1: [ebd8d1f9-8297-450f-abe7-393807ba0c7e:192.168.164.239:36510, dbc121b5-e1e8-4c61-9d50-542b699a3d90:192.168.164.239:43140, 79abbc2e-0a90-4a41-a17c-6388bb873359:192.168.164.239:37857], old=null
2019-10-15 17:17:41,019 [grpc-default-executor-1] INFO  impl.RaftServerImpl (RaftServerImpl.java:setRole(184)) - ebd8d1f9-8297-450f-abe7-393807ba0c7e@group-B673650064C9: changes role from  FOLLOWER to FOLLOWER at term 49 for recognizeCandidate:79abbc2e-0a90-4a41-a17c-6388bb873359
2019-10-15 17:17:41,019 [grpc-default-executor-3] INFO  impl.RaftServerImpl (RaftServerImpl.java:setRole(184)) - dbc121b5-e1e8-4c61-9d50-542b699a3d90@group-B673650064C9: changes role from  FOLLOWER to FOLLOWER at term 49 for recognizeCandidate:79abbc2e-0a90-4a41-a17c-6388bb873359
2019-10-15 17:17:41,019 [grpc-default-executor-1] INFO  impl.RoleInfo (RoleInfo.java:shutdownFollowerState(121)) - ebd8d1f9-8297-450f-abe7-393807ba0c7e: shutdown FollowerState
2019-10-15 17:17:41,019 [grpc-default-executor-3] INFO  impl.RoleInfo (RoleInfo.java:shutdownFollowerState(121)) - dbc121b5-e1e8-4c61-9d50-542b699a3d90: shutdown FollowerState
2019-10-15 17:17:41,019 [grpc-default-executor-1] INFO  impl.RoleInfo (RoleInfo.java:updateAndGet(143)) - ebd8d1f9-8297-450f-abe7-393807ba0c7e: start FollowerState
2019-10-15 17:17:41,019 [Thread-514] INFO  impl.FollowerState (FollowerState.java:run(117)) - ebd8d1f9-8297-450f-abe7-393807ba0c7e@group-B673650064C9-FollowerState was interrupted: java.lang.InterruptedException: sleep interrupted
2019-10-15 17:17:41,020 [Thread-515] INFO  impl.FollowerState (FollowerState.java:run(117)) - dbc121b5-e1e8-4c61-9d50-542b699a3d90@group-B673650064C9-FollowerState was interrupted: java.lang.InterruptedException: sleep interrupted
2019-10-15 17:17:41,020 [grpc-default-executor-3] INFO  impl.RoleInfo (RoleInfo.java:updateAndGet(143)) - dbc121b5-e1e8-4c61-9d50-542b699a3d90: start FollowerState
2019-10-15 17:17:41,043 [79abbc2e-0a90-4a41-a17c-6388bb873359@group-B673650064C9-LeaderElection41] INFO  impl.LeaderElection (LeaderElection.java:logAndReturn(56)) - 79abbc2e-0a90-4a41-a17c-6388bb873359@group-B673650064C9-LeaderElection41: Election REJECTED; received 2 response(s) [79abbc2e-0a90-4a41-a17c-6388bb873359<-ebd8d1f9-8297-450f-abe7-393807ba0c7e#0:FAIL-t49, 79abbc2e-0a90-4a41-a17c-6388bb873359<-dbc121b5-e1e8-4c61-9d50-542b699a3d90#0:FAIL-t49] and 0 exception(s); 79abbc2e-0a90-4a41-a17c-6388bb873359@group-B673650064C9:t49, leader=null, voted=79abbc2e-0a90-4a41-a17c-6388bb873359, raftlog=79abbc2e-0a90-4a41-a17c-6388bb873359@group-B673650064C9-SegmentedRaftLog:OPENED:c-1,f-1,i0, conf=-1: [ebd8d1f9-8297-450f-abe7-393807ba0c7e:192.168.164.239:36510, dbc121b5-e1e8-4c61-9d50-542b699a3d90:192.168.164.239:43140, 79abbc2e-0a90-4a41-a17c-6388bb873359:192.168.164.239:37857], old=null
2019-10-15 17:17:41,043 [79abbc2e-0a90-4a41-a17c-6388bb873359@group-B673650064C9-LeaderElection41] INFO  impl.RaftServerImpl (RaftServerImpl.java:setRole(184)) - 79abbc2e-0a90-4a41-a17c-6388bb873359@group-B673650064C9: changes role from CANDIDATE to FOLLOWER at term 49 for DISCOVERED_A_NEW_TERM
2019-10-15 17:17:41,043 [79abbc2e-0a90-4a41-a17c-6388bb873359@group-B673650064C9-LeaderElection41] INFO  impl.RoleInfo (RoleInfo.java:shutdownLeaderElection(134)) - 79abbc2e-0a90-4a41-a17c-6388bb873359: shutdown LeaderElection
2019-10-15 17:17:41,043 [79abbc2e-0a90-4a41-a17c-6388bb873359@group-B673650064C9-LeaderElection41] INFO  impl.RoleInfo (RoleInfo.java:updateAndGet(143)) - 79abbc2e-0a90-4a41-a17c-6388bb873359: start FollowerState
2019-10-15 17:17:41,073 [Thread-522] INFO  impl.FollowerState (FollowerState.java:run(108)) - 79abbc2e-0a90-4a41-a17c-6388bb873359@group-B673650064C9-FollowerState: change to CANDIDATE, lastRpcTime:29ms, electionTimeout:29ms
2019-10-15 17:17:41,073 [Thread-522] INFO  impl.RoleInfo (RoleInfo.java:shutdownFollowerState(121)) - 79abbc2e-0a90-4a41-a17c-6388bb873359: shutdown FollowerState
2019-10-15 17:17:41,073 [Thread-522] INFO  impl.RaftServerImpl (RaftServerImpl.java:setRole(184)) - 79abbc2e-0a90-4a41-a17c-6388bb873359@group-B673650064C9: changes role from  FOLLOWER to CANDIDATE at term 49 for changeToCandidate
2019-10-15 17:17:41,074 [Thread-522] INFO  impl.RoleInfo (RoleInfo.java:updateAndGet(143)) - 79abbc2e-0a90-4a41-a17c-6388bb873359: start LeaderElection
2019-10-15 17:17:41,092 [79abbc2e-0a90-4a41-a17c-6388bb873359@group-B673650064C9-LeaderElection42] INFO  impl.LeaderElection (LeaderElection.java:askForVotes(178)) - 79abbc2e-0a90-4a41-a17c-6388bb873359@group-B673650064C9-LeaderElection42: begin an election at term 50 for -1: [ebd8d1f9-8297-450f-abe7-393807ba0c7e:192.168.164.239:36510, dbc121b5-e1e8-4c61-9d50-542b699a3d90:192.168.164.239:43140, 79abbc2e-0a90-4a41-a17c-6388bb873359:192.168.164.239:37857], old=null
2019-10-15 17:17:41,095 [grpc-default-executor-3] INFO  impl.RaftServerImpl (RaftServerImpl.java:setRole(184)) - ebd8d1f9-8297-450f-abe7-393807ba0c7e@group-B673650064C9: changes role from  FOLLOWER to FOLLOWER at term 50 for recognizeCandidate:79abbc2e-0a90-4a41-a17c-6388bb873359
2019-10-15 17:17:41,095 [grpc-default-executor-1] INFO  impl.RaftServerImpl (RaftServerImpl.java:setRole(184)) - dbc121b5-e1e8-4c61-9d50-542b699a3d90@group-B673650064C9: changes role from  FOLLOWER to FOLLOWER at term 50 for recognizeCandidate:79abbc2e-0a90-4a41-a17c-6388bb873359
2019-10-15 17:17:41,095 [grpc-default-executor-3] INFO  impl.RoleInfo (RoleInfo.java:shutdownFollowerState(121)) - ebd8d1f9-8297-450f-abe7-393807ba0c7e: shutdown FollowerState
2019-10-15 17:17:41,095 [grpc-default-executor-1] INFO  impl.RoleInfo (RoleInfo.java:shutdownFollowerState(121)) - dbc121b5-e1e8-4c61-9d50-542b699a3d90: shutdown FollowerState
2019-10-15 17:17:41,096 [Thread-520] INFO  impl.FollowerState (FollowerState.java:run(117)) - ebd8d1f9-8297-450f-abe7-393807ba0c7e@group-B673650064C9-FollowerState was interrupted: java.lang.InterruptedException: sleep interrupted
2019-10-15 17:17:41,096 [grpc-default-executor-3] INFO  impl.RoleInfo (RoleInfo.java:updateAndGet(143)) - ebd8d1f9-8297-450f-abe7-393807ba0c7e: start FollowerState
2019-10-15 17:17:41,096 [Thread-521] INFO  impl.FollowerState (FollowerState.java:run(117)) - dbc121b5-e1e8-4c61-9d50-542b699a3d90@group-B673650064C9-FollowerState was interrupted: java.lang.InterruptedException: sleep interrupted
2019-10-15 17:17:41,096 [grpc-default-executor-1] INFO  impl.RoleInfo (RoleInfo.java:updateAndGet(143)) - dbc121b5-e1e8-4c61-9d50-542b699a3d90: start FollowerState
2019-10-15 17:17:41,119 [79abbc2e-0a90-4a41-a17c-6388bb873359@group-B673650064C9-LeaderElection42] INFO  impl.LeaderElection (LeaderElection.java:logAndReturn(56)) - 79abbc2e-0a90-4a41-a17c-6388bb873359@group-B673650064C9-LeaderElection42: Election REJECTED; received 2 response(s) [79abbc2e-0a90-4a41-a17c-6388bb873359<-ebd8d1f9-8297-450f-abe7-393807ba0c7e#0:FAIL-t50, 79abbc2e-0a90-4a41-a17c-6388bb873359<-dbc121b5-e1e8-4c61-9d50-542b699a3d90#0:FAIL-t50] and 0 exception(s); 79abbc2e-0a90-4a41-a17c-6388bb873359@group-B673650064C9:t50, leader=null, voted=79abbc2e-0a90-4a41-a17c-6388bb873359, raftlog=79abbc2e-0a90-4a41-a17c-6388bb873359@group-B673650064C9-SegmentedRaftLog:OPENED:c-1,f-1,i0, conf=-1: [ebd8d1f9-8297-450f-abe7-393807ba0c7e:192.168.164.239:36510, dbc121b5-e1e8-4c61-9d50-542b699a3d90:192.168.164.239:43140, 79abbc2e-0a90-4a41-a17c-6388bb873359:192.168.164.239:37857], old=null
2019-10-15 17:17:41,120 [79abbc2e-0a90-4a41-a17c-6388bb873359@group-B673650064C9-LeaderElection42] INFO  impl.RaftServerImpl (RaftServerImpl.java:setRole(184)) - 79abbc2e-0a90-4a41-a17c-6388bb873359@group-B673650064C9: changes role from CANDIDATE to FOLLOWER at term 50 for DISCOVERED_A_NEW_TERM
2019-10-15 17:17:41,120 [79abbc2e-0a90-4a41-a17c-6388bb873359@group-B673650064C9-LeaderElection42] INFO  impl.RoleInfo (RoleInfo.java:shutdownLeaderElection(134)) - 79abbc2e-0a90-4a41-a17c-6388bb873359: shutdown LeaderElection
2019-10-15 17:17:41,120 [79abbc2e-0a90-4a41-a17c-6388bb873359@group-B673650064C9-LeaderElection42] INFO  impl.RoleInfo (RoleInfo.java:updateAndGet(143)) - 79abbc2e-0a90-4a41-a17c-6388bb873359: start FollowerState
2019-10-15 17:17:41,180 [Thread-528] INFO  impl.FollowerState (FollowerState.java:run(108)) - 79abbc2e-0a90-4a41-a17c-6388bb873359@group-B673650064C9-FollowerState: change to CANDIDATE, lastRpcTime:60ms, electionTimeout:60ms
2019-10-15 17:17:41,180 [Thread-528] INFO  impl.RoleInfo (RoleInfo.java:shutdownFollowerState(121)) - 79abbc2e-0a90-4a41-a17c-6388bb873359: shutdown FollowerState
2019-10-15 17:17:41,180 [Thread-528] INFO  impl.RaftServerImpl (RaftServerImpl.java:setRole(184)) - 79abbc2e-0a90-4a41-a17c-6388bb873359@group-B673650064C9: changes role from  FOLLOWER to CANDIDATE at term 50 for changeToCandidate
2019-10-15 17:17:41,181 [Thread-528] INFO  impl.RoleInfo (RoleInfo.java:updateAndGet(143)) - 79abbc2e-0a90-4a41-a17c-6388bb873359: start LeaderElection
2019-10-15 17:17:41,196 [79abbc2e-0a90-4a41-a17c-6388bb873359@group-B673650064C9-LeaderElection43] INFO  impl.LeaderElection (LeaderElection.java:askForVotes(178)) - 79abbc2e-0a90-4a41-a17c-6388bb873359@group-B673650064C9-LeaderElection43: begin an election at term 51 for -1: [ebd8d1f9-8297-450f-abe7-393807ba0c7e:192.168.164.239:36510, dbc121b5-e1e8-4c61-9d50-542b699a3d90:192.168.164.239:43140, 79abbc2e-0a90-4a41-a17c-6388bb873359:192.168.164.239:37857], old=null
2019-10-15 17:17:41,199 [grpc-default-executor-1] INFO  impl.RaftServerImpl (RaftServerImpl.java:setRole(184)) - ebd8d1f9-8297-450f-abe7-393807ba0c7e@group-B673650064C9: changes role from  FOLLOWER to FOLLOWER at term 51 for recognizeCandidate:79abbc2e-0a90-4a41-a17c-6388bb873359
2019-10-15 17:17:41,199 [grpc-default-executor-3] INFO  impl.RaftServerImpl (RaftServerImpl.java:setRole(184)) - dbc121b5-e1e8-4c61-9d50-542b699a3d90@group-B673650064C9: changes role from  FOLLOWER to FOLLOWER at term 51 for recognizeCandidate:79abbc2e-0a90-4a41-a17c-6388bb873359
2019-10-15 17:17:41,199 [grpc-default-executor-1] INFO  impl.RoleInfo (RoleInfo.java:shutdownFollowerState(121)) - ebd8d1f9-8297-450f-abe7-393807ba0c7e: shutdown FollowerState
2019-10-15 17:17:41,200 [grpc-default-executor-3] INFO  impl.RoleInfo (RoleInfo.java:shutdownFollowerState(121)) - dbc121b5-e1e8-4c61-9d50-542b699a3d90: shutdown FollowerState
2019-10-15 17:17:41,200 [grpc-default-executor-1] INFO  impl.RoleInfo (RoleInfo.java:updateAndGet(143)) - ebd8d1f9-8297-450f-abe7-393807ba0c7e: start FollowerState
2019-10-15 17:17:41,200 [Thread-526] INFO  impl.FollowerState (FollowerState.java:run(117)) - ebd8d1f9-8297-450f-abe7-393807ba0c7e@group-B673650064C9-FollowerState was interrupted: java.lang.InterruptedException: sleep interrupted
2019-10-15 17:17:41,200 [Thread-527] INFO  impl.FollowerState (FollowerState.java:run(117)) - dbc121b5-e1e8-4c61-9d50-542b699a3d90@group-B673650064C9-FollowerState was interrupted: java.lang.InterruptedException: sleep interrupted
2019-10-15 17:17:41,201 [grpc-default-executor-3] INFO  impl.RoleInfo (RoleInfo.java:updateAndGet(143)) - dbc121b5-e1e8-4c61-9d50-542b699a3d90: start FollowerState
2019-10-15 17:17:41,224 [79abbc2e-0a90-4a41-a17c-6388bb873359@group-B673650064C9-LeaderElection43] INFO  impl.LeaderElection (LeaderElection.java:logAndReturn(56)) - 79abbc2e-0a90-4a41-a17c-6388bb873359@group-B673650064C9-LeaderElection43: Election REJECTED; received 2 response(s) [79abbc2e-0a90-4a41-a17c-6388bb873359<-ebd8d1f9-8297-450f-abe7-393807ba0c7e#0:FAIL-t51, 79abbc2e-0a90-4a41-a17c-6388bb873359<-dbc121b5-e1e8-4c61-9d50-542b699a3d90#0:FAIL-t51] and 0 exception(s); 79abbc2e-0a90-4a41-a17c-6388bb873359@group-B673650064C9:t51, leader=null, voted=79abbc2e-0a90-4a41-a17c-6388bb873359, raftlog=79abbc2e-0a90-4a41-a17c-6388bb873359@group-B673650064C9-SegmentedRaftLog:OPENED:c-1,f-1,i0, conf=-1: [ebd8d1f9-8297-450f-abe7-393807ba0c7e:192.168.164.239:36510, dbc121b5-e1e8-4c61-9d50-542b699a3d90:192.168.164.239:43140, 79abbc2e-0a90-4a41-a17c-6388bb873359:192.168.164.239:37857], old=null
2019-10-15 17:17:41,225 [79abbc2e-0a90-4a41-a17c-6388bb873359@group-B673650064C9-LeaderElection43] INFO  impl.RaftServerImpl (RaftServerImpl.java:setRole(184)) - 79abbc2e-0a90-4a41-a17c-6388bb873359@group-B673650064C9: changes role from CANDIDATE to FOLLOWER at term 51 for DISCOVERED_A_NEW_TERM
2019-10-15 17:17:41,225 [79abbc2e-0a90-4a41-a17c-6388bb873359@group-B673650064C9-LeaderElection43] INFO  impl.RoleInfo (RoleInfo.java:shutdownLeaderElection(134)) - 79abbc2e-0a90-4a41-a17c-6388bb873359: shutdown LeaderElection
2019-10-15 17:17:41,225 [79abbc2e-0a90-4a41-a17c-6388bb873359@group-B673650064C9-LeaderElection43] INFO  impl.RoleInfo (RoleInfo.java:updateAndGet(143)) - 79abbc2e-0a90-4a41-a17c-6388bb873359: start FollowerState
2019-10-15 17:17:41,314 [Thread-534] INFO  impl.FollowerState (FollowerState.java:run(108)) - 79abbc2e-0a90-4a41-a17c-6388bb873359@group-B673650064C9-FollowerState: change to CANDIDATE, lastRpcTime:89ms, electionTimeout:89ms
2019-10-15 17:17:41,314 [Thread-534] INFO  impl.RoleInfo (RoleInfo.java:shutdownFollowerState(121)) - 79abbc2e-0a90-4a41-a17c-6388bb873359: shutdown FollowerState
2019-10-15 17:17:41,315 [Thread-534] INFO  impl.RaftServerImpl (RaftServerImpl.java:setRole(184)) - 79abbc2e-0a90-4a41-a17c-6388bb873359@group-B673650064C9: changes role from  FOLLOWER to CANDIDATE at term 51 for changeToCandidate
2019-10-15 17:17:41,315 [Thread-534] INFO  impl.RoleInfo (RoleInfo.java:updateAndGet(143)) - 79abbc2e-0a90-4a41-a17c-6388bb873359: start LeaderElection
2019-10-15 17:17:41,332 [79abbc2e-0a90-4a41-a17c-6388bb873359@group-B673650064C9-LeaderElection44] INFO  impl.LeaderElection (LeaderElection.java:askForVotes(178)) - 79abbc2e-0a90-4a41-a17c-6388bb873359@group-B673650064C9-LeaderElection44: begin an election at term 52 for -1: [ebd8d1f9-8297-450f-abe7-393807ba0c7e:192.168.164.239:36510, dbc121b5-e1e8-4c61-9d50-542b699a3d90:192.168.164.239:43140, 79abbc2e-0a90-4a41-a17c-6388bb873359:192.168.164.239:37857], old=null
2019-10-15 17:17:41,336 [grpc-default-executor-3] INFO  impl.RaftServerImpl (RaftServerImpl.java:setRole(184)) - ebd8d1f9-8297-450f-abe7-393807ba0c7e@group-B673650064C9: changes role from  FOLLOWER to FOLLOWER at term 52 for recognizeCandidate:79abbc2e-0a90-4a41-a17c-6388bb873359
2019-10-15 17:17:41,336 [grpc-default-executor-1] INFO  impl.RaftServerImpl (RaftServerImpl.java:setRole(184)) - dbc121b5-e1e8-4c61-9d50-542b699a3d90@group-B673650064C9: changes role from  FOLLOWER to FOLLOWER at term 52 for recognizeCandidate:79abbc2e-0a90-4a41-a17c-6388bb873359
2019-10-15 17:17:41,336 [grpc-default-executor-3] INFO  impl.RoleInfo (RoleInfo.java:shutdownFollowerState(121)) - ebd8d1f9-8297-450f-abe7-393807ba0c7e: shutdown FollowerState
2019-10-15 17:17:41,336 [grpc-default-executor-1] INFO  impl.RoleInfo (RoleInfo.java:shutdownFollowerState(121)) - dbc121b5-e1e8-4c61-9d50-542b699a3d90: shutdown FollowerState
2019-10-15 17:17:41,336 [grpc-default-executor-3] INFO  impl.RoleInfo (RoleInfo.java:updateAndGet(143)) - ebd8d1f9-8297-450f-abe7-393807ba0c7e: start FollowerState
2019-10-15 17:17:41,336 [Thread-532] INFO  impl.FollowerState (FollowerState.java:run(117)) - ebd8d1f9-8297-450f-abe7-393807ba0c7e@group-B673650064C9-FollowerState was interrupted: java.lang.InterruptedException: sleep interrupted
2019-10-15 17:17:41,337 [Thread-533] INFO  impl.FollowerState (FollowerState.java:run(117)) - dbc121b5-e1e8-4c61-9d50-542b699a3d90@group-B673650064C9-FollowerState was interrupted: java.lang.InterruptedException: sleep interrupted
2019-10-15 17:17:41,337 [grpc-default-executor-1] INFO  impl.RoleInfo (RoleInfo.java:updateAndGet(143)) - dbc121b5-e1e8-4c61-9d50-542b699a3d90: start FollowerState
2019-10-15 17:17:41,368 [79abbc2e-0a90-4a41-a17c-6388bb873359@group-B673650064C9-LeaderElection44] INFO  impl.LeaderElection (LeaderElection.java:logAndReturn(56)) - 79abbc2e-0a90-4a41-a17c-6388bb873359@group-B673650064C9-LeaderElection44: Election REJECTED; received 2 response(s) [79abbc2e-0a90-4a41-a17c-6388bb873359<-ebd8d1f9-8297-450f-abe7-393807ba0c7e#0:FAIL-t52, 79abbc2e-0a90-4a41-a17c-6388bb873359<-dbc121b5-e1e8-4c61-9d50-542b699a3d90#0:FAIL-t52] and 0 exception(s); 79abbc2e-0a90-4a41-a17c-6388bb873359@group-B673650064C9:t52, leader=null, voted=79abbc2e-0a90-4a41-a17c-6388bb873359, raftlog=79abbc2e-0a90-4a41-a17c-6388bb873359@group-B673650064C9-SegmentedRaftLog:OPENED:c-1,f-1,i0, conf=-1: [ebd8d1f9-8297-450f-abe7-393807ba0c7e:192.168.164.239:36510, dbc121b5-e1e8-4c61-9d50-542b699a3d90:192.168.164.239:43140, 79abbc2e-0a90-4a41-a17c-6388bb873359:192.168.164.239:37857], old=null
2019-10-15 17:17:41,368 [79abbc2e-0a90-4a41-a17c-6388bb873359@group-B673650064C9-LeaderElection44] INFO  impl.RaftServerImpl (RaftServerImpl.java:setRole(184)) - 79abbc2e-0a90-4a41-a17c-6388bb873359@group-B673650064C9: changes role from CANDIDATE to FOLLOWER at term 52 for DISCOVERED_A_NEW_TERM
2019-10-15 17:17:41,368 [79abbc2e-0a90-4a41-a17c-6388bb873359@group-B673650064C9-LeaderElection44] INFO  impl.RoleInfo (RoleInfo.java:shutdownLeaderElection(134)) - 79abbc2e-0a90-4a41-a17c-6388bb873359: shutdown LeaderElection
2019-10-15 17:17:41,368 [79abbc2e-0a90-4a41-a17c-6388bb873359@group-B673650064C9-LeaderElection44] INFO  impl.RoleInfo (RoleInfo.java:updateAndGet(143)) - 79abbc2e-0a90-4a41-a17c-6388bb873359: start FollowerState
2019-10-15 17:17:41,528 [Thread-540] INFO  impl.FollowerState (FollowerState.java:run(108)) - 79abbc2e-0a90-4a41-a17c-6388bb873359@group-B673650064C9-FollowerState: change to CANDIDATE, lastRpcTime:159ms, electionTimeout:159ms
2019-10-15 17:17:41,528 [Thread-540] INFO  impl.RoleInfo (RoleInfo.java:shutdownFollowerState(121)) - 79abbc2e-0a90-4a41-a17c-6388bb873359: shutdown FollowerState
2019-10-15 17:17:41,528 [Thread-540] INFO  impl.RaftServerImpl (RaftServerImpl.java:setRole(184)) - 79abbc2e-0a90-4a41-a17c-6388bb873359@group-B673650064C9: changes role from  FOLLOWER to CANDIDATE at term 52 for changeToCandidate
2019-10-15 17:17:41,528 [Thread-540] INFO  impl.RoleInfo (RoleInfo.java:updateAndGet(143)) - 79abbc2e-0a90-4a41-a17c-6388bb873359: start LeaderElection
2019-10-15 17:17:41,553 [79abbc2e-0a90-4a41-a17c-6388bb873359@group-B673650064C9-LeaderElection45] INFO  impl.LeaderElection (LeaderElection.java:askForVotes(178)) - 79abbc2e-0a90-4a41-a17c-6388bb873359@group-B673650064C9-LeaderElection45: begin an election at term 53 for -1: [ebd8d1f9-8297-450f-abe7-393807ba0c7e:192.168.164.239:36510, dbc121b5-e1e8-4c61-9d50-542b699a3d90:192.168.164.239:43140, 79abbc2e-0a90-4a41-a17c-6388bb873359:192.168.164.239:37857], old=null
2019-10-15 17:17:41,556 [grpc-default-executor-3] INFO  impl.RaftServerImpl (RaftServerImpl.java:setRole(184)) - ebd8d1f9-8297-450f-abe7-393807ba0c7e@group-B673650064C9: changes role from  FOLLOWER to FOLLOWER at term 53 for recognizeCandidate:79abbc2e-0a90-4a41-a17c-6388bb873359
2019-10-15 17:17:41,556 [grpc-default-executor-3] INFO  impl.RoleInfo (RoleInfo.java:shutdownFollowerState(121)) - ebd8d1f9-8297-450f-abe7-393807ba0c7e: shutdown FollowerState
2019-10-15 17:17:41,556 [grpc-default-executor-3] INFO  impl.RoleInfo (RoleInfo.java:updateAndGet(143)) - ebd8d1f9-8297-450f-abe7-393807ba0c7e: start FollowerState
2019-10-15 17:17:41,556 [Thread-538] INFO  impl.FollowerState (FollowerState.java:run(117)) - ebd8d1f9-8297-450f-abe7-393807ba0c7e@group-B673650064C9-FollowerState was interrupted: java.lang.InterruptedException: sleep interrupted
2019-10-15 17:17:41,556 [grpc-default-executor-1] INFO  impl.RaftServerImpl (RaftServerImpl.java:setRole(184)) - dbc121b5-e1e8-4c61-9d50-542b699a3d90@group-B673650064C9: changes role from  FOLLOWER to FOLLOWER at term 53 for recognizeCandidate:79abbc2e-0a90-4a41-a17c-6388bb873359
2019-10-15 17:17:41,556 [grpc-default-executor-1] INFO  impl.RoleInfo (RoleInfo.java:shutdownFollowerState(121)) - dbc121b5-e1e8-4c61-9d50-542b699a3d90: shutdown FollowerState
2019-10-15 17:17:41,557 [Thread-539] INFO  impl.FollowerState (FollowerState.java:run(117)) - dbc121b5-e1e8-4c61-9d50-542b699a3d90@group-B673650064C9-FollowerState was interrupted: java.lang.InterruptedException: sleep interrupted
2019-10-15 17:17:41,557 [grpc-default-executor-1] INFO  impl.RoleInfo (RoleInfo.java:updateAndGet(143)) - dbc121b5-e1e8-4c61-9d50-542b699a3d90: start FollowerState
2019-10-15 17:17:41,580 [79abbc2e-0a90-4a41-a17c-6388bb873359@group-B673650064C9-LeaderElection45] INFO  impl.LeaderElection (LeaderElection.java:logAndReturn(56)) - 79abbc2e-0a90-4a41-a17c-6388bb873359@group-B673650064C9-LeaderElection45: Election REJECTED; received 2 response(s) [79abbc2e-0a90-4a41-a17c-6388bb873359<-ebd8d1f9-8297-450f-abe7-393807ba0c7e#0:FAIL-t53, 79abbc2e-0a90-4a41-a17c-6388bb873359<-dbc121b5-e1e8-4c61-9d50-542b699a3d90#0:FAIL-t53] and 0 exception(s); 79abbc2e-0a90-4a41-a17c-6388bb873359@group-B673650064C9:t53, leader=null, voted=79abbc2e-0a90-4a41-a17c-6388bb873359, raftlog=79abbc2e-0a90-4a41-a17c-6388bb873359@group-B673650064C9-SegmentedRaftLog:OPENED:c-1,f-1,i0, conf=-1: [ebd8d1f9-8297-450f-abe7-393807ba0c7e:192.168.164.239:36510, dbc121b5-e1e8-4c61-9d50-542b699a3d90:192.168.164.239:43140, 79abbc2e-0a90-4a41-a17c-6388bb873359:192.168.164.239:37857], old=null
2019-10-15 17:17:41,581 [79abbc2e-0a90-4a41-a17c-6388bb873359@group-B673650064C9-LeaderElection45] INFO  impl.RaftServerImpl (RaftServerImpl.java:setRole(184)) - 79abbc2e-0a90-4a41-a17c-6388bb873359@group-B673650064C9: changes role from CANDIDATE to FOLLOWER at term 53 for DISCOVERED_A_NEW_TERM
2019-10-15 17:17:41,581 [79abbc2e-0a90-4a41-a17c-6388bb873359@group-B673650064C9-LeaderElection45] INFO  impl.RoleInfo (RoleInfo.java:shutdownLeaderElection(134)) - 79abbc2e-0a90-4a41-a17c-6388bb873359: shutdown LeaderElection
2019-10-15 17:17:41,581 [79abbc2e-0a90-4a41-a17c-6388bb873359@group-B673650064C9-LeaderElection45] INFO  impl.RoleInfo (RoleInfo.java:updateAndGet(143)) - 79abbc2e-0a90-4a41-a17c-6388bb873359: start FollowerState
2019-10-15 17:17:41,764 [Thread-548] INFO  impl.FollowerState (FollowerState.java:run(108)) - 79abbc2e-0a90-4a41-a17c-6388bb873359@group-B673650064C9-FollowerState: change to CANDIDATE, lastRpcTime:182ms, electionTimeout:182ms
2019-10-15 17:17:41,764 [Thread-548] INFO  impl.RoleInfo (RoleInfo.java:shutdownFollowerState(121)) - 79abbc2e-0a90-4a41-a17c-6388bb873359: shutdown FollowerState
2019-10-15 17:17:41,764 [Thread-548] INFO  impl.RaftServerImpl (RaftServerImpl.java:setRole(184)) - 79abbc2e-0a90-4a41-a17c-6388bb873359@group-B673650064C9: changes role from  FOLLOWER to CANDIDATE at term 53 for changeToCandidate
2019-10-15 17:17:41,764 [Thread-548] INFO  impl.RoleInfo (RoleInfo.java:updateAndGet(143)) - 79abbc2e-0a90-4a41-a17c-6388bb873359: start LeaderElection
2019-10-15 17:17:41,790 [79abbc2e-0a90-4a41-a17c-6388bb873359@group-B673650064C9-LeaderElection46] INFO  impl.LeaderElection (LeaderElection.java:askForVotes(178)) - 79abbc2e-0a90-4a41-a17c-6388bb873359@group-B673650064C9-LeaderElection46: begin an election at term 54 for -1: [ebd8d1f9-8297-450f-abe7-393807ba0c7e:192.168.164.239:36510, dbc121b5-e1e8-4c61-9d50-542b699a3d90:192.168.164.239:43140, 79abbc2e-0a90-4a41-a17c-6388bb873359:192.168.164.239:37857], old=null
2019-10-15 17:17:41,793 [grpc-default-executor-1] INFO  impl.RaftServerImpl (RaftServerImpl.java:setRole(184)) - ebd8d1f9-8297-450f-abe7-393807ba0c7e@group-B673650064C9: changes role from  FOLLOWER to FOLLOWER at term 54 for recognizeCandidate:79abbc2e-0a90-4a41-a17c-6388bb873359
2019-10-15 17:17:41,794 [grpc-default-executor-3] INFO  impl.RaftServerImpl (RaftServerImpl.java:setRole(184)) - dbc121b5-e1e8-4c61-9d50-542b699a3d90@group-B673650064C9: changes role from  FOLLOWER to FOLLOWER at term 54 for recognizeCandidate:79abbc2e-0a90-4a41-a17c-6388bb873359
2019-10-15 17:17:41,794 [grpc-default-executor-1] INFO  impl.RoleInfo (RoleInfo.java:shutdownFollowerState(121)) - ebd8d1f9-8297-450f-abe7-393807ba0c7e: shutdown FollowerState
2019-10-15 17:17:41,794 [grpc-default-executor-3] INFO  impl.RoleInfo (RoleInfo.java:shutdownFollowerState(121)) - dbc121b5-e1e8-4c61-9d50-542b699a3d90: shutdown FollowerState
2019-10-15 17:17:41,794 [Thread-546] INFO  impl.FollowerState (FollowerState.java:run(117)) - ebd8d1f9-8297-450f-abe7-393807ba0c7e@group-B673650064C9-FollowerState was interrupted: java.lang.InterruptedException: sleep interrupted
2019-10-15 17:17:41,794 [Thread-547] INFO  impl.FollowerState (FollowerState.java:run(117)) - dbc121b5-e1e8-4c61-9d50-542b699a3d90@group-B673650064C9-FollowerState was interrupted: java.lang.InterruptedException: sleep interrupted
2019-10-15 17:17:41,794 [grpc-default-executor-1] INFO  impl.RoleInfo (RoleInfo.java:updateAndGet(143)) - ebd8d1f9-8297-450f-abe7-393807ba0c7e: start FollowerState
2019-10-15 17:17:41,794 [grpc-default-executor-3] INFO  impl.RoleInfo (RoleInfo.java:updateAndGet(143)) - dbc121b5-e1e8-4c61-9d50-542b699a3d90: start FollowerState
2019-10-15 17:17:41,809 [79abbc2e-0a90-4a41-a17c-6388bb873359@group-B673650064C9-LeaderElection46] INFO  impl.LeaderElection (LeaderElection.java:logAndReturn(56)) - 79abbc2e-0a90-4a41-a17c-6388bb873359@group-B673650064C9-LeaderElection46: Election REJECTED; received 2 response(s) [79abbc2e-0a90-4a41-a17c-6388bb873359<-ebd8d1f9-8297-450f-abe7-393807ba0c7e#0:FAIL-t54, 79abbc2e-0a90-4a41-a17c-6388bb873359<-dbc121b5-e1e8-4c61-9d50-542b699a3d90#0:FAIL-t54] and 0 exception(s); 79abbc2e-0a90-4a41-a17c-6388bb873359@group-B673650064C9:t54, leader=null, voted=79abbc2e-0a90-4a41-a17c-6388bb873359, raftlog=79abbc2e-0a90-4a41-a17c-6388bb873359@group-B673650064C9-SegmentedRaftLog:OPENED:c-1,f-1,i0, conf=-1: [ebd8d1f9-8297-450f-abe7-393807ba0c7e:192.168.164.239:36510, dbc121b5-e1e8-4c61-9d50-542b699a3d90:192.168.164.239:43140, 79abbc2e-0a90-4a41-a17c-6388bb873359:192.168.164.239:37857], old=null
2019-10-15 17:17:41,809 [79abbc2e-0a90-4a41-a17c-6388bb873359@group-B673650064C9-LeaderElection46] INFO  impl.RaftServerImpl (RaftServerImpl.java:setRole(184)) - 79abbc2e-0a90-4a41-a17c-6388bb873359@group-B673650064C9: changes role from CANDIDATE to FOLLOWER at term 54 for DISCOVERED_A_NEW_TERM
2019-10-15 17:17:41,809 [79abbc2e-0a90-4a41-a17c-6388bb873359@group-B673650064C9-LeaderElection46] INFO  impl.RoleInfo (RoleInfo.java:shutdownLeaderElection(134)) - 79abbc2e-0a90-4a41-a17c-6388bb873359: shutdown LeaderElection
2019-10-15 17:17:41,809 [79abbc2e-0a90-4a41-a17c-6388bb873359@group-B673650064C9-LeaderElection46] INFO  impl.RoleInfo (RoleInfo.java:updateAndGet(143)) - 79abbc2e-0a90-4a41-a17c-6388bb873359: start FollowerState
2019-10-15 17:17:41,896 [Thread-554] INFO  impl.FollowerState (FollowerState.java:run(108)) - 79abbc2e-0a90-4a41-a17c-6388bb873359@group-B673650064C9-FollowerState: change to CANDIDATE, lastRpcTime:86ms, electionTimeout:86ms
2019-10-15 17:17:41,896 [Thread-554] INFO  impl.RoleInfo (RoleInfo.java:shutdownFollowerState(121)) - 79abbc2e-0a90-4a41-a17c-6388bb873359: shutdown FollowerState
2019-10-15 17:17:41,897 [Thread-554] INFO  impl.RaftServerImpl (RaftServerImpl.java:setRole(184)) - 79abbc2e-0a90-4a41-a17c-6388bb873359@group-B673650064C9: changes role from  FOLLOWER to CANDIDATE at term 54 for changeToCandidate
2019-10-15 17:17:41,897 [Thread-554] INFO  impl.RoleInfo (RoleInfo.java:updateAndGet(143)) - 79abbc2e-0a90-4a41-a17c-6388bb873359: start LeaderElection
2019-10-15 17:17:41,917 [79abbc2e-0a90-4a41-a17c-6388bb873359@group-B673650064C9-LeaderElection47] INFO  impl.LeaderElection (LeaderElection.java:askForVotes(178)) - 79abbc2e-0a90-4a41-a17c-6388bb873359@group-B673650064C9-LeaderElection47: begin an election at term 55 for -1: [ebd8d1f9-8297-450f-abe7-393807ba0c7e:192.168.164.239:36510, dbc121b5-e1e8-4c61-9d50-542b699a3d90:192.168.164.239:43140, 79abbc2e-0a90-4a41-a17c-6388bb873359:192.168.164.239:37857], old=null
2019-10-15 17:17:41,922 [grpc-default-executor-3] INFO  impl.RaftServerImpl (RaftServerImpl.java:setRole(184)) - dbc121b5-e1e8-4c61-9d50-542b699a3d90@group-B673650064C9: changes role from  FOLLOWER to FOLLOWER at term 55 for recognizeCandidate:79abbc2e-0a90-4a41-a17c-6388bb873359
2019-10-15 17:17:41,922 [grpc-default-executor-1] INFO  impl.RaftServerImpl (RaftServerImpl.java:setRole(184)) - ebd8d1f9-8297-450f-abe7-393807ba0c7e@group-B673650064C9: changes role from  FOLLOWER to FOLLOWER at term 55 for recognizeCandidate:79abbc2e-0a90-4a41-a17c-6388bb873359
2019-10-15 17:17:41,922 [grpc-default-executor-3] INFO  impl.RoleInfo (RoleInfo.java:shutdownFollowerState(121)) - dbc121b5-e1e8-4c61-9d50-542b699a3d90: shutdown FollowerState
2019-10-15 17:17:41,922 [grpc-default-executor-1] INFO  impl.RoleInfo (RoleInfo.java:shutdownFollowerState(121)) - ebd8d1f9-8297-450f-abe7-393807ba0c7e: shutdown FollowerState
2019-10-15 17:17:41,922 [Thread-553] INFO  impl.FollowerState (FollowerState.java:run(117)) - dbc121b5-e1e8-4c61-9d50-542b699a3d90@group-B673650064C9-FollowerState was interrupted: java.lang.InterruptedException: sleep interrupted
2019-10-15 17:17:41,922 [grpc-default-executor-3] INFO  impl.RoleInfo (RoleInfo.java:updateAndGet(143)) - dbc121b5-e1e8-4c61-9d50-542b699a3d90: start FollowerState
2019-10-15 17:17:41,923 [Thread-552] INFO  impl.FollowerState (FollowerState.java:run(117)) - ebd8d1f9-8297-450f-abe7-393807ba0c7e@group-B673650064C9-FollowerState was interrupted: java.lang.InterruptedException: sleep interrupted
2019-10-15 17:17:41,923 [grpc-default-executor-1] INFO  impl.RoleInfo (RoleInfo.java:updateAndGet(143)) - ebd8d1f9-8297-450f-abe7-393807ba0c7e: start FollowerState
2019-10-15 17:17:41,944 [79abbc2e-0a90-4a41-a17c-6388bb873359@group-B673650064C9-LeaderElection47] INFO  impl.LeaderElection (LeaderElection.java:logAndReturn(56)) - 79abbc2e-0a90-4a41-a17c-6388bb873359@group-B673650064C9-LeaderElection47: Election REJECTED; received 2 response(s) [79abbc2e-0a90-4a41-a17c-6388bb873359<-ebd8d1f9-8297-450f-abe7-393807ba0c7e#0:FAIL-t55, 79abbc2e-0a90-4a41-a17c-6388bb873359<-dbc121b5-e1e8-4c61-9d50-542b699a3d90#0:FAIL-t55] and 0 exception(s); 79abbc2e-0a90-4a41-a17c-6388bb873359@group-B673650064C9:t55, leader=null, voted=79abbc2e-0a90-4a41-a17c-6388bb873359, raftlog=79abbc2e-0a90-4a41-a17c-6388bb873359@group-B673650064C9-SegmentedRaftLog:OPENED:c-1,f-1,i0, conf=-1: [ebd8d1f9-8297-450f-abe7-393807ba0c7e:192.168.164.239:36510, dbc121b5-e1e8-4c61-9d50-542b699a3d90:192.168.164.239:43140, 79abbc2e-0a90-4a41-a17c-6388bb873359:192.168.164.239:37857], old=null
2019-10-15 17:17:41,945 [79abbc2e-0a90-4a41-a17c-6388bb873359@group-B673650064C9-LeaderElection47] INFO  impl.RaftServerImpl (RaftServerImpl.java:setRole(184)) - 79abbc2e-0a90-4a41-a17c-6388bb873359@group-B673650064C9: changes role from CANDIDATE to FOLLOWER at term 55 for DISCOVERED_A_NEW_TERM
2019-10-15 17:17:41,945 [79abbc2e-0a90-4a41-a17c-6388bb873359@group-B673650064C9-LeaderElection47] INFO  impl.RoleInfo (RoleInfo.java:shutdownLeaderElection(134)) - 79abbc2e-0a90-4a41-a17c-6388bb873359: shutdown LeaderElection
2019-10-15 17:17:41,945 [79abbc2e-0a90-4a41-a17c-6388bb873359@group-B673650064C9-LeaderElection47] INFO  impl.RoleInfo (RoleInfo.java:updateAndGet(143)) - 79abbc2e-0a90-4a41-a17c-6388bb873359: start FollowerState
2019-10-15 17:17:42,039 [Thread-560] INFO  impl.FollowerState (FollowerState.java:run(108)) - 79abbc2e-0a90-4a41-a17c-6388bb873359@group-B673650064C9-FollowerState: change to CANDIDATE, lastRpcTime:94ms, electionTimeout:94ms
2019-10-15 17:17:42,040 [Thread-560] INFO  impl.RoleInfo (RoleInfo.java:shutdownFollowerState(121)) - 79abbc2e-0a90-4a41-a17c-6388bb873359: shutdown FollowerState
2019-10-15 17:17:42,040 [Thread-560] INFO  impl.RaftServerImpl (RaftServerImpl.java:setRole(184)) - 79abbc2e-0a90-4a41-a17c-6388bb873359@group-B673650064C9: changes role from  FOLLOWER to CANDIDATE at term 55 for changeToCandidate
2019-10-15 17:17:42,040 [Thread-560] INFO  impl.RoleInfo (RoleInfo.java:updateAndGet(143)) - 79abbc2e-0a90-4a41-a17c-6388bb873359: start LeaderElection
2019-10-15 17:17:42,069 [79abbc2e-0a90-4a41-a17c-6388bb873359@group-B673650064C9-LeaderElection48] INFO  impl.LeaderElection (LeaderElection.java:askForVotes(178)) - 79abbc2e-0a90-4a41-a17c-6388bb873359@group-B673650064C9-LeaderElection48: begin an election at term 56 for -1: [ebd8d1f9-8297-450f-abe7-393807ba0c7e:192.168.164.239:36510, dbc121b5-e1e8-4c61-9d50-542b699a3d90:192.168.164.239:43140, 79abbc2e-0a90-4a41-a17c-6388bb873359:192.168.164.239:37857], old=null
2019-10-15 17:17:42,072 [grpc-default-executor-3] INFO  impl.RaftServerImpl (RaftServerImpl.java:setRole(184)) - ebd8d1f9-8297-450f-abe7-393807ba0c7e@group-B673650064C9: changes role from  FOLLOWER to FOLLOWER at term 56 for recognizeCandidate:79abbc2e-0a90-4a41-a17c-6388bb873359
2019-10-15 17:17:42,072 [grpc-default-executor-1] INFO  impl.RaftServerImpl (RaftServerImpl.java:setRole(184)) - dbc121b5-e1e8-4c61-9d50-542b699a3d90@group-B673650064C9: changes role from  FOLLOWER to FOLLOWER at term 56 for recognizeCandidate:79abbc2e-0a90-4a41-a17c-6388bb873359
2019-10-15 17:17:42,073 [grpc-default-executor-3] INFO  impl.RoleInfo (RoleInfo.java:shutdownFollowerState(121)) - ebd8d1f9-8297-450f-abe7-393807ba0c7e: shutdown FollowerState
2019-10-15 17:17:42,073 [grpc-default-executor-1] INFO  impl.RoleInfo (RoleInfo.java:shutdownFollowerState(121)) - dbc121b5-e1e8-4c61-9d50-542b699a3d90: shutdown FollowerState
2019-10-15 17:17:42,073 [Thread-559] INFO  impl.FollowerState (FollowerState.java:run(117)) - ebd8d1f9-8297-450f-abe7-393807ba0c7e@group-B673650064C9-FollowerState was interrupted: java.lang.InterruptedException: sleep interrupted
2019-10-15 17:17:42,073 [grpc-default-executor-3] INFO  impl.RoleInfo (RoleInfo.java:updateAndGet(143)) - ebd8d1f9-8297-450f-abe7-393807ba0c7e: start FollowerState
2019-10-15 17:17:42,073 [Thread-558] INFO  impl.FollowerState (FollowerState.java:run(117)) - dbc121b5-e1e8-4c61-9d50-542b699a3d90@group-B673650064C9-FollowerState was interrupted: java.lang.InterruptedException: sleep interrupted
2019-10-15 17:17:42,073 [grpc-default-executor-1] INFO  impl.RoleInfo (RoleInfo.java:updateAndGet(143)) - dbc121b5-e1e8-4c61-9d50-542b699a3d90: start FollowerState
2019-10-15 17:17:42,105 [79abbc2e-0a90-4a41-a17c-6388bb873359@group-B673650064C9-LeaderElection48] INFO  impl.LeaderElection (LeaderElection.java:logAndReturn(56)) - 79abbc2e-0a90-4a41-a17c-6388bb873359@group-B673650064C9-LeaderElection48: Election REJECTED; received 2 response(s) [79abbc2e-0a90-4a41-a17c-6388bb873359<-ebd8d1f9-8297-450f-abe7-393807ba0c7e#0:FAIL-t56, 79abbc2e-0a90-4a41-a17c-6388bb873359<-dbc121b5-e1e8-4c61-9d50-542b699a3d90#0:FAIL-t56] and 0 exception(s); 79abbc2e-0a90-4a41-a17c-6388bb873359@group-B673650064C9:t56, leader=null, voted=79abbc2e-0a90-4a41-a17c-6388bb873359, raftlog=79abbc2e-0a90-4a41-a17c-6388bb873359@group-B673650064C9-SegmentedRaftLog:OPENED:c-1,f-1,i0, conf=-1: [ebd8d1f9-8297-450f-abe7-393807ba0c7e:192.168.164.239:36510, dbc121b5-e1e8-4c61-9d50-542b699a3d90:192.168.164.239:43140, 79abbc2e-0a90-4a41-a17c-6388bb873359:192.168.164.239:37857], old=null
2019-10-15 17:17:42,105 [79abbc2e-0a90-4a41-a17c-6388bb873359@group-B673650064C9-LeaderElection48] INFO  impl.RaftServerImpl (RaftServerImpl.java:setRole(184)) - 79abbc2e-0a90-4a41-a17c-6388bb873359@group-B673650064C9: changes role from CANDIDATE to FOLLOWER at term 56 for DISCOVERED_A_NEW_TERM
2019-10-15 17:17:42,105 [79abbc2e-0a90-4a41-a17c-6388bb873359@group-B673650064C9-LeaderElection48] INFO  impl.RoleInfo (RoleInfo.java:shutdownLeaderElection(134)) - 79abbc2e-0a90-4a41-a17c-6388bb873359: shutdown LeaderElection
2019-10-15 17:17:42,105 [79abbc2e-0a90-4a41-a17c-6388bb873359@group-B673650064C9-LeaderElection48] INFO  impl.RoleInfo (RoleInfo.java:updateAndGet(143)) - 79abbc2e-0a90-4a41-a17c-6388bb873359: start FollowerState
2019-10-15 17:17:42,148 [Thread-566] INFO  impl.FollowerState (FollowerState.java:run(108)) - 79abbc2e-0a90-4a41-a17c-6388bb873359@group-B673650064C9-FollowerState: change to CANDIDATE, lastRpcTime:42ms, electionTimeout:42ms
2019-10-15 17:17:42,148 [Thread-566] INFO  impl.RoleInfo (RoleInfo.java:shutdownFollowerState(121)) - 79abbc2e-0a90-4a41-a17c-6388bb873359: shutdown FollowerState
2019-10-15 17:17:42,148 [Thread-566] INFO  impl.RaftServerImpl (RaftServerImpl.java:setRole(184)) - 79abbc2e-0a90-4a41-a17c-6388bb873359@group-B673650064C9: changes role from  FOLLOWER to CANDIDATE at term 56 for changeToCandidate
2019-10-15 17:17:42,148 [Thread-566] INFO  impl.RoleInfo (RoleInfo.java:updateAndGet(143)) - 79abbc2e-0a90-4a41-a17c-6388bb873359: start LeaderElection
2019-10-15 17:17:42,171 [79abbc2e-0a90-4a41-a17c-6388bb873359@group-B673650064C9-LeaderElection49] INFO  impl.LeaderElection (LeaderElection.java:askForVotes(178)) - 79abbc2e-0a90-4a41-a17c-6388bb873359@group-B673650064C9-LeaderElection49: begin an election at term 57 for -1: [ebd8d1f9-8297-450f-abe7-393807ba0c7e:192.168.164.239:36510, dbc121b5-e1e8-4c61-9d50-542b699a3d90:192.168.164.239:43140, 79abbc2e-0a90-4a41-a17c-6388bb873359:192.168.164.239:37857], old=null
2019-10-15 17:17:42,174 [grpc-default-executor-1] INFO  impl.RaftServerImpl (RaftServerImpl.java:setRole(184)) - dbc121b5-e1e8-4c61-9d50-542b699a3d90@group-B673650064C9: changes role from  FOLLOWER to FOLLOWER at term 57 for recognizeCandidate:79abbc2e-0a90-4a41-a17c-6388bb873359
2019-10-15 17:17:42,174 [grpc-default-executor-3] INFO  impl.RaftServerImpl (RaftServerImpl.java:setRole(184)) - ebd8d1f9-8297-450f-abe7-393807ba0c7e@group-B673650064C9: changes role from  FOLLOWER to FOLLOWER at term 57 for recognizeCandidate:79abbc2e-0a90-4a41-a17c-6388bb873359
2019-10-15 17:17:42,174 [grpc-default-executor-1] INFO  impl.RoleInfo (RoleInfo.java:shutdownFollowerState(121)) - dbc121b5-e1e8-4c61-9d50-542b699a3d90: shutdown FollowerState
2019-10-15 17:17:42,174 [grpc-default-executor-3] INFO  impl.RoleInfo (RoleInfo.java:shutdownFollowerState(121)) - ebd8d1f9-8297-450f-abe7-393807ba0c7e: shutdown FollowerState
2019-10-15 17:17:42,175 [grpc-default-executor-1] INFO  impl.RoleInfo (RoleInfo.java:updateAndGet(143)) - dbc121b5-e1e8-4c61-9d50-542b699a3d90: start FollowerState
2019-10-15 17:17:42,175 [Thread-565] INFO  impl.FollowerState (FollowerState.java:run(117)) - dbc121b5-e1e8-4c61-9d50-542b699a3d90@group-B673650064C9-FollowerState was interrupted: java.lang.InterruptedException: sleep interrupted
2019-10-15 17:17:42,175 [Thread-564] INFO  impl.FollowerState (FollowerState.java:run(117)) - ebd8d1f9-8297-450f-abe7-393807ba0c7e@group-B673650064C9-FollowerState was interrupted: java.lang.InterruptedException: sleep interrupted
2019-10-15 17:17:42,175 [grpc-default-executor-3] INFO  impl.RoleInfo (RoleInfo.java:updateAndGet(143)) - ebd8d1f9-8297-450f-abe7-393807ba0c7e: start FollowerState
2019-10-15 17:17:42,201 [79abbc2e-0a90-4a41-a17c-6388bb873359@group-B673650064C9-LeaderElection49] INFO  impl.LeaderElection (LeaderElection.java:logAndReturn(56)) - 79abbc2e-0a90-4a41-a17c-6388bb873359@group-B673650064C9-LeaderElection49: Election REJECTED; received 2 response(s) [79abbc2e-0a90-4a41-a17c-6388bb873359<-ebd8d1f9-8297-450f-abe7-393807ba0c7e#0:FAIL-t57, 79abbc2e-0a90-4a41-a17c-6388bb873359<-dbc121b5-e1e8-4c61-9d50-542b699a3d90#0:FAIL-t57] and 0 exception(s); 79abbc2e-0a90-4a41-a17c-6388bb873359@group-B673650064C9:t57, leader=null, voted=79abbc2e-0a90-4a41-a17c-6388bb873359, raftlog=79abbc2e-0a90-4a41-a17c-6388bb873359@group-B673650064C9-SegmentedRaftLog:OPENED:c-1,f-1,i0, conf=-1: [ebd8d1f9-8297-450f-abe7-393807ba0c7e:192.168.164.239:36510, dbc121b5-e1e8-4c61-9d50-542b699a3d90:192.168.164.239:43140, 79abbc2e-0a90-4a41-a17c-6388bb873359:192.168.164.239:37857], old=null
2019-10-15 17:17:42,201 [79abbc2e-0a90-4a41-a17c-6388bb873359@group-B673650064C9-LeaderElection49] INFO  impl.RaftServerImpl (RaftServerImpl.java:setRole(184)) - 79abbc2e-0a90-4a41-a17c-6388bb873359@group-B673650064C9: changes role from CANDIDATE to FOLLOWER at term 57 for DISCOVERED_A_NEW_TERM
2019-10-15 17:17:42,201 [79abbc2e-0a90-4a41-a17c-6388bb873359@group-B673650064C9-LeaderElection49] INFO  impl.RoleInfo (RoleInfo.java:shutdownLeaderElection(134)) - 79abbc2e-0a90-4a41-a17c-6388bb873359: shutdown LeaderElection
2019-10-15 17:17:42,202 [79abbc2e-0a90-4a41-a17c-6388bb873359@group-B673650064C9-LeaderElection49] INFO  impl.RoleInfo (RoleInfo.java:updateAndGet(143)) - 79abbc2e-0a90-4a41-a17c-6388bb873359: start FollowerState
2019-10-15 17:17:42,260 [Thread-572] INFO  impl.FollowerState (FollowerState.java:run(108)) - 79abbc2e-0a90-4a41-a17c-6388bb873359@group-B673650064C9-FollowerState: change to CANDIDATE, lastRpcTime:58ms, electionTimeout:58ms
2019-10-15 17:17:42,260 [Thread-572] INFO  impl.RoleInfo (RoleInfo.java:shutdownFollowerState(121)) - 79abbc2e-0a90-4a41-a17c-6388bb873359: shutdown FollowerState
2019-10-15 17:17:42,260 [Thread-572] INFO  impl.RaftServerImpl (RaftServerImpl.java:setRole(184)) - 79abbc2e-0a90-4a41-a17c-6388bb873359@group-B673650064C9: changes role from  FOLLOWER to CANDIDATE at term 57 for changeToCandidate
2019-10-15 17:17:42,261 [Thread-572] INFO  impl.RoleInfo (RoleInfo.java:updateAndGet(143)) - 79abbc2e-0a90-4a41-a17c-6388bb873359: start LeaderElection
2019-10-15 17:17:42,286 [79abbc2e-0a90-4a41-a17c-6388bb873359@group-B673650064C9-LeaderElection50] INFO  impl.LeaderElection (LeaderElection.java:askForVotes(178)) - 79abbc2e-0a90-4a41-a17c-6388bb873359@group-B673650064C9-LeaderElection50: begin an election at term 58 for -1: [ebd8d1f9-8297-450f-abe7-393807ba0c7e:192.168.164.239:36510, dbc121b5-e1e8-4c61-9d50-542b699a3d90:192.168.164.239:43140, 79abbc2e-0a90-4a41-a17c-6388bb873359:192.168.164.239:37857], old=null
2019-10-15 17:17:42,289 [grpc-default-executor-3] INFO  impl.RaftServerImpl (RaftServerImpl.java:setRole(184)) - dbc121b5-e1e8-4c61-9d50-542b699a3d90@group-B673650064C9: changes role from  FOLLOWER to FOLLOWER at term 58 for recognizeCandidate:79abbc2e-0a90-4a41-a17c-6388bb873359
2019-10-15 17:17:42,289 [grpc-default-executor-1] INFO  impl.RaftServerImpl (RaftServerImpl.java:setRole(184)) - ebd8d1f9-8297-450f-abe7-393807ba0c7e@group-B673650064C9: changes role from  FOLLOWER to FOLLOWER at term 58 for recognizeCandidate:79abbc2e-0a90-4a41-a17c-6388bb873359
2019-10-15 17:17:42,289 [grpc-default-executor-3] INFO  impl.RoleInfo (RoleInfo.java:shutdownFollowerState(121)) - dbc121b5-e1e8-4c61-9d50-542b699a3d90: shutdown FollowerState
2019-10-15 17:17:42,289 [grpc-default-executor-1] INFO  impl.RoleInfo (RoleInfo.java:shutdownFollowerState(121)) - ebd8d1f9-8297-450f-abe7-393807ba0c7e: shutdown FollowerState
2019-10-15 17:17:42,289 [Thread-570] INFO  impl.FollowerState (FollowerState.java:run(117)) - dbc121b5-e1e8-4c61-9d50-542b699a3d90@group-B673650064C9-FollowerState was interrupted: java.lang.InterruptedException: sleep interrupted
2019-10-15 17:17:42,289 [grpc-default-executor-3] INFO  impl.RoleInfo (RoleInfo.java:updateAndGet(143)) - dbc121b5-e1e8-4c61-9d50-542b699a3d90: start FollowerState
2019-10-15 17:17:42,290 [grpc-default-executor-1] INFO  impl.RoleInfo (RoleInfo.java:updateAndGet(143)) - ebd8d1f9-8297-450f-abe7-393807ba0c7e: start FollowerState
2019-10-15 17:17:42,290 [Thread-571] INFO  impl.FollowerState (FollowerState.java:run(117)) - ebd8d1f9-8297-450f-abe7-393807ba0c7e@group-B673650064C9-FollowerState was interrupted: java.lang.InterruptedException: sleep interrupted
2019-10-15 17:17:42,314 [79abbc2e-0a90-4a41-a17c-6388bb873359@group-B673650064C9-LeaderElection50] INFO  impl.LeaderElection (LeaderElection.java:logAndReturn(56)) - 79abbc2e-0a90-4a41-a17c-6388bb873359@group-B673650064C9-LeaderElection50: Election REJECTED; received 2 response(s) [79abbc2e-0a90-4a41-a17c-6388bb873359<-ebd8d1f9-8297-450f-abe7-393807ba0c7e#0:FAIL-t58, 79abbc2e-0a90-4a41-a17c-6388bb873359<-dbc121b5-e1e8-4c61-9d50-542b699a3d90#0:FAIL-t58] and 0 exception(s); 79abbc2e-0a90-4a41-a17c-6388bb873359@group-B673650064C9:t58, leader=null, voted=79abbc2e-0a90-4a41-a17c-6388bb873359, raftlog=79abbc2e-0a90-4a41-a17c-6388bb873359@group-B673650064C9-SegmentedRaftLog:OPENED:c-1,f-1,i0, conf=-1: [ebd8d1f9-8297-450f-abe7-393807ba0c7e:192.168.164.239:36510, dbc121b5-e1e8-4c61-9d50-542b699a3d90:192.168.164.239:43140, 79abbc2e-0a90-4a41-a17c-6388bb873359:192.168.164.239:37857], old=null
2019-10-15 17:17:42,314 [79abbc2e-0a90-4a41-a17c-6388bb873359@group-B673650064C9-LeaderElection50] INFO  impl.RaftServerImpl (RaftServerImpl.java:setRole(184)) - 79abbc2e-0a90-4a41-a17c-6388bb873359@group-B673650064C9: changes role from CANDIDATE to FOLLOWER at term 58 for DISCOVERED_A_NEW_TERM
2019-10-15 17:17:42,315 [79abbc2e-0a90-4a41-a17c-6388bb873359@group-B673650064C9-LeaderElection50] INFO  impl.RoleInfo (RoleInfo.java:shutdownLeaderElection(134)) - 79abbc2e-0a90-4a41-a17c-6388bb873359: shutdown LeaderElection
2019-10-15 17:17:42,315 [79abbc2e-0a90-4a41-a17c-6388bb873359@group-B673650064C9-LeaderElection50] INFO  impl.RoleInfo (RoleInfo.java:updateAndGet(143)) - 79abbc2e-0a90-4a41-a17c-6388bb873359: start FollowerState
2019-10-15 17:17:42,344 [Thread-578] INFO  impl.FollowerState (FollowerState.java:run(108)) - 79abbc2e-0a90-4a41-a17c-6388bb873359@group-B673650064C9-FollowerState: change to CANDIDATE, lastRpcTime:29ms, electionTimeout:29ms
2019-10-15 17:17:42,344 [Thread-578] INFO  impl.RoleInfo (RoleInfo.java:shutdownFollowerState(121)) - 79abbc2e-0a90-4a41-a17c-6388bb873359: shutdown FollowerState
2019-10-15 17:17:42,345 [Thread-578] INFO  impl.RaftServerImpl (RaftServerImpl.java:setRole(184)) - 79abbc2e-0a90-4a41-a17c-6388bb873359@group-B673650064C9: changes role from  FOLLOWER to CANDIDATE at term 58 for changeToCandidate
2019-10-15 17:17:42,345 [Thread-578] INFO  impl.RoleInfo (RoleInfo.java:updateAndGet(143)) - 79abbc2e-0a90-4a41-a17c-6388bb873359: start LeaderElection
2019-10-15 17:17:42,369 [79abbc2e-0a90-4a41-a17c-6388bb873359@group-B673650064C9-LeaderElection51] INFO  impl.LeaderElection (LeaderElection.java:askForVotes(178)) - 79abbc2e-0a90-4a41-a17c-6388bb873359@group-B673650064C9-LeaderElection51: begin an election at term 59 for -1: [ebd8d1f9-8297-450f-abe7-393807ba0c7e:192.168.164.239:36510, dbc121b5-e1e8-4c61-9d50-542b699a3d90:192.168.164.239:43140, 79abbc2e-0a90-4a41-a17c-6388bb873359:192.168.164.239:37857], old=null
2019-10-15 17:17:42,372 [grpc-default-executor-1] INFO  impl.RaftServerImpl (RaftServerImpl.java:setRole(184)) - ebd8d1f9-8297-450f-abe7-393807ba0c7e@group-B673650064C9: changes role from  FOLLOWER to FOLLOWER at term 59 for recognizeCandidate:79abbc2e-0a90-4a41-a17c-6388bb873359
2019-10-15 17:17:42,372 [grpc-default-executor-1] INFO  impl.RoleInfo (RoleInfo.java:shutdownFollowerState(121)) - ebd8d1f9-8297-450f-abe7-393807ba0c7e: shutdown FollowerState
2019-10-15 17:17:42,372 [grpc-default-executor-3] INFO  impl.RaftServerImpl (RaftServerImpl.java:setRole(184)) - dbc121b5-e1e8-4c61-9d50-542b699a3d90@group-B673650064C9: changes role from  FOLLOWER to FOLLOWER at term 59 for recognizeCandidate:79abbc2e-0a90-4a41-a17c-6388bb873359
2019-10-15 17:17:42,372 [Thread-577] INFO  impl.FollowerState (FollowerState.java:run(117)) - ebd8d1f9-8297-450f-abe7-393807ba0c7e@group-B673650064C9-FollowerState was interrupted: java.lang.InterruptedException: sleep interrupted
2019-10-15 17:17:42,372 [grpc-default-executor-1] INFO  impl.RoleInfo (RoleInfo.java:updateAndGet(143)) - ebd8d1f9-8297-450f-abe7-393807ba0c7e: start FollowerState
2019-10-15 17:17:42,372 [grpc-default-executor-3] INFO  impl.RoleInfo (RoleInfo.java:shutdownFollowerState(121)) - dbc121b5-e1e8-4c61-9d50-542b699a3d90: shutdown FollowerState
2019-10-15 17:17:42,373 [grpc-default-executor-3] INFO  impl.RoleInfo (RoleInfo.java:updateAndGet(143)) - dbc121b5-e1e8-4c61-9d50-542b699a3d90: start FollowerState
2019-10-15 17:17:42,373 [Thread-576] INFO  impl.FollowerState (FollowerState.java:run(117)) - dbc121b5-e1e8-4c61-9d50-542b699a3d90@group-B673650064C9-FollowerState was interrupted: java.lang.InterruptedException: sleep interrupted
2019-10-15 17:17:42,376 [79abbc2e-0a90-4a41-a17c-6388bb873359@group-B673650064C9-LeaderElection51] INFO  impl.LeaderElection (LeaderElection.java:logAndReturn(56)) - 79abbc2e-0a90-4a41-a17c-6388bb873359@group-B673650064C9-LeaderElection51: Election TIMEOUT; received 0 response(s) [] and 0 exception(s); 79abbc2e-0a90-4a41-a17c-6388bb873359@group-B673650064C9:t59, leader=null, voted=79abbc2e-0a90-4a41-a17c-6388bb873359, raftlog=79abbc2e-0a90-4a41-a17c-6388bb873359@group-B673650064C9-SegmentedRaftLog:OPENED:c-1,f-1,i0, conf=-1: [ebd8d1f9-8297-450f-abe7-393807ba0c7e:192.168.164.239:36510, dbc121b5-e1e8-4c61-9d50-542b699a3d90:192.168.164.239:43140, 79abbc2e-0a90-4a41-a17c-6388bb873359:192.168.164.239:37857], old=null
2019-10-15 17:17:42,396 [79abbc2e-0a90-4a41-a17c-6388bb873359@group-B673650064C9-LeaderElection51] INFO  impl.LeaderElection (LeaderElection.java:askForVotes(178)) - 79abbc2e-0a90-4a41-a17c-6388bb873359@group-B673650064C9-LeaderElection51: begin an election at term 60 for -1: [ebd8d1f9-8297-450f-abe7-393807ba0c7e:192.168.164.239:36510, dbc121b5-e1e8-4c61-9d50-542b699a3d90:192.168.164.239:43140, 79abbc2e-0a90-4a41-a17c-6388bb873359:192.168.164.239:37857], old=null
2019-10-15 17:17:42,398 [grpc-default-executor-1] INFO  impl.RaftServerImpl (RaftServerImpl.java:setRole(184)) - ebd8d1f9-8297-450f-abe7-393807ba0c7e@group-B673650064C9: changes role from  FOLLOWER to FOLLOWER at term 60 for recognizeCandidate:79abbc2e-0a90-4a41-a17c-6388bb873359
2019-10-15 17:17:42,398 [grpc-default-executor-1] INFO  impl.RoleInfo (RoleInfo.java:shutdownFollowerState(121)) - ebd8d1f9-8297-450f-abe7-393807ba0c7e: shutdown FollowerState
2019-10-15 17:17:42,398 [grpc-default-executor-3] INFO  impl.RaftServerImpl (RaftServerImpl.java:setRole(184)) - dbc121b5-e1e8-4c61-9d50-542b699a3d90@group-B673650064C9: changes role from  FOLLOWER to FOLLOWER at term 60 for recognizeCandidate:79abbc2e-0a90-4a41-a17c-6388bb873359
2019-10-15 17:17:42,398 [Thread-582] INFO  impl.FollowerState (FollowerState.java:run(117)) - ebd8d1f9-8297-450f-abe7-393807ba0c7e@group-B673650064C9-FollowerState was interrupted: java.lang.InterruptedException: sleep interrupted
2019-10-15 17:17:42,398 [grpc-default-executor-1] INFO  impl.RoleInfo (RoleInfo.java:updateAndGet(143)) - ebd8d1f9-8297-450f-abe7-393807ba0c7e: start FollowerState
2019-10-15 17:17:42,398 [grpc-default-executor-3] INFO  impl.RoleInfo (RoleInfo.java:shutdownFollowerState(121)) - dbc121b5-e1e8-4c61-9d50-542b699a3d90: shutdown FollowerState
2019-10-15 17:17:42,399 [grpc-default-executor-3] INFO  impl.RoleInfo (RoleInfo.java:updateAndGet(143)) - dbc121b5-e1e8-4c61-9d50-542b699a3d90: start FollowerState
2019-10-15 17:17:42,399 [Thread-583] INFO  impl.FollowerState (FollowerState.java:run(117)) - dbc121b5-e1e8-4c61-9d50-542b699a3d90@group-B673650064C9-FollowerState was interrupted: java.lang.InterruptedException: sleep interrupted
2019-10-15 17:17:42,418 [79abbc2e-0a90-4a41-a17c-6388bb873359@group-B673650064C9-LeaderElection51] INFO  impl.LeaderElection (LeaderElection.java:logAndReturn(56)) - 79abbc2e-0a90-4a41-a17c-6388bb873359@group-B673650064C9-LeaderElection51: Election REJECTED; received 2 response(s) [79abbc2e-0a90-4a41-a17c-6388bb873359<-ebd8d1f9-8297-450f-abe7-393807ba0c7e#0:FAIL-t60, 79abbc2e-0a90-4a41-a17c-6388bb873359<-dbc121b5-e1e8-4c61-9d50-542b699a3d90#0:FAIL-t60] and 0 exception(s); 79abbc2e-0a90-4a41-a17c-6388bb873359@group-B673650064C9:t60, leader=null, voted=79abbc2e-0a90-4a41-a17c-6388bb873359, raftlog=79abbc2e-0a90-4a41-a17c-6388bb873359@group-B673650064C9-SegmentedRaftLog:OPENED:c-1,f-1,i0, conf=-1: [ebd8d1f9-8297-450f-abe7-393807ba0c7e:192.168.164.239:36510, dbc121b5-e1e8-4c61-9d50-542b699a3d90:192.168.164.239:43140, 79abbc2e-0a90-4a41-a17c-6388bb873359:192.168.164.239:37857], old=null
2019-10-15 17:17:42,419 [79abbc2e-0a90-4a41-a17c-6388bb873359@group-B673650064C9-LeaderElection51] INFO  impl.RaftServerImpl (RaftServerImpl.java:setRole(184)) - 79abbc2e-0a90-4a41-a17c-6388bb873359@group-B673650064C9: changes role from CANDIDATE to FOLLOWER at term 60 for DISCOVERED_A_NEW_TERM
2019-10-15 17:17:42,419 [79abbc2e-0a90-4a41-a17c-6388bb873359@group-B673650064C9-LeaderElection51] INFO  impl.RoleInfo (RoleInfo.java:shutdownLeaderElection(134)) - 79abbc2e-0a90-4a41-a17c-6388bb873359: shutdown LeaderElection
2019-10-15 17:17:42,419 [79abbc2e-0a90-4a41-a17c-6388bb873359@group-B673650064C9-LeaderElection51] INFO  impl.RoleInfo (RoleInfo.java:updateAndGet(143)) - 79abbc2e-0a90-4a41-a17c-6388bb873359: start FollowerState
2019-10-15 17:17:42,583 [Thread-588] INFO  impl.FollowerState (FollowerState.java:run(108)) - 79abbc2e-0a90-4a41-a17c-6388bb873359@group-B673650064C9-FollowerState: change to CANDIDATE, lastRpcTime:164ms, electionTimeout:164ms
2019-10-15 17:17:42,584 [Thread-588] INFO  impl.RoleInfo (RoleInfo.java:shutdownFollowerState(121)) - 79abbc2e-0a90-4a41-a17c-6388bb873359: shutdown FollowerState
2019-10-15 17:17:42,584 [Thread-588] INFO  impl.RaftServerImpl (RaftServerImpl.java:setRole(184)) - 79abbc2e-0a90-4a41-a17c-6388bb873359@group-B673650064C9: changes role from  FOLLOWER to CANDIDATE at term 60 for changeToCandidate
2019-10-15 17:17:42,584 [Thread-588] INFO  impl.RoleInfo (RoleInfo.java:updateAndGet(143)) - 79abbc2e-0a90-4a41-a17c-6388bb873359: start LeaderElection
2019-10-15 17:17:42,608 [79abbc2e-0a90-4a41-a17c-6388bb873359@group-B673650064C9-LeaderElection52] INFO  impl.LeaderElection (LeaderElection.java:askForVotes(178)) - 79abbc2e-0a90-4a41-a17c-6388bb873359@group-B673650064C9-LeaderElection52: begin an election at term 61 for -1: [ebd8d1f9-8297-450f-abe7-393807ba0c7e:192.168.164.239:36510, dbc121b5-e1e8-4c61-9d50-542b699a3d90:192.168.164.239:43140, 79abbc2e-0a90-4a41-a17c-6388bb873359:192.168.164.239:37857], old=null
2019-10-15 17:17:42,612 [grpc-default-executor-1] INFO  impl.RaftServerImpl (RaftServerImpl.java:setRole(184)) - ebd8d1f9-8297-450f-abe7-393807ba0c7e@group-B673650064C9: changes role from  FOLLOWER to FOLLOWER at term 61 for recognizeCandidate:79abbc2e-0a90-4a41-a17c-6388bb873359
2019-10-15 17:17:42,612 [grpc-default-executor-1] INFO  impl.RoleInfo (RoleInfo.java:shutdownFollowerState(121)) - ebd8d1f9-8297-450f-abe7-393807ba0c7e: shutdown FollowerState
2019-10-15 17:17:42,613 [grpc-default-executor-1] INFO  impl.RoleInfo (RoleInfo.java:updateAndGet(143)) - ebd8d1f9-8297-450f-abe7-393807ba0c7e: start FollowerState
2019-10-15 17:17:42,613 [grpc-default-executor-3] INFO  impl.RaftServerImpl (RaftServerImpl.java:setRole(184)) - dbc121b5-e1e8-4c61-9d50-542b699a3d90@group-B673650064C9: changes role from  FOLLOWER to FOLLOWER at term 61 for recognizeCandidate:79abbc2e-0a90-4a41-a17c-6388bb873359
2019-10-15 17:17:42,613 [grpc-default-executor-3] INFO  impl.RoleInfo (RoleInfo.java:shutdownFollowerState(121)) - dbc121b5-e1e8-4c61-9d50-542b699a3d90: shutdown FollowerState
2019-10-15 17:17:42,613 [Thread-586] INFO  impl.FollowerState (FollowerState.java:run(117)) - ebd8d1f9-8297-450f-abe7-393807ba0c7e@group-B673650064C9-FollowerState was interrupted: java.lang.InterruptedException: sleep interrupted
2019-10-15 17:17:42,613 [Thread-587] INFO  impl.FollowerState (FollowerState.java:run(117)) - dbc121b5-e1e8-4c61-9d50-542b699a3d90@group-B673650064C9-FollowerState was interrupted: java.lang.InterruptedException: sleep interrupted
2019-10-15 17:17:42,613 [grpc-default-executor-3] INFO  impl.RoleInfo (RoleInfo.java:updateAndGet(143)) - dbc121b5-e1e8-4c61-9d50-542b699a3d90: start FollowerState
2019-10-15 17:17:42,653 [79abbc2e-0a90-4a41-a17c-6388bb873359@group-B673650064C9-LeaderElection52] INFO  impl.LeaderElection (LeaderElection.java:logAndReturn(56)) - 79abbc2e-0a90-4a41-a17c-6388bb873359@group-B673650064C9-LeaderElection52: Election REJECTED; received 2 response(s) [79abbc2e-0a90-4a41-a17c-6388bb873359<-ebd8d1f9-8297-450f-abe7-393807ba0c7e#0:FAIL-t61, 79abbc2e-0a90-4a41-a17c-6388bb873359<-dbc121b5-e1e8-4c61-9d50-542b699a3d90#0:FAIL-t61] and 0 exception(s); 79abbc2e-0a90-4a41-a17c-6388bb873359@group-B673650064C9:t61, leader=null, voted=79abbc2e-0a90-4a41-a17c-6388bb873359, raftlog=79abbc2e-0a90-4a41-a17c-6388bb873359@group-B673650064C9-SegmentedRaftLog:OPENED:c-1,f-1,i0, conf=-1: [ebd8d1f9-8297-450f-abe7-393807ba0c7e:192.168.164.239:36510, dbc121b5-e1e8-4c61-9d50-542b699a3d90:192.168.164.239:43140, 79abbc2e-0a90-4a41-a17c-6388bb873359:192.168.164.239:37857], old=null
2019-10-15 17:17:42,653 [79abbc2e-0a90-4a41-a17c-6388bb873359@group-B673650064C9-LeaderElection52] INFO  impl.RaftServerImpl (RaftServerImpl.java:setRole(184)) - 79abbc2e-0a90-4a41-a17c-6388bb873359@group-B673650064C9: changes role from CANDIDATE to FOLLOWER at term 61 for DISCOVERED_A_NEW_TERM
2019-10-15 17:17:42,653 [79abbc2e-0a90-4a41-a17c-6388bb873359@group-B673650064C9-LeaderElection52] INFO  impl.RoleInfo (RoleInfo.java:shutdownLeaderElection(134)) - 79abbc2e-0a90-4a41-a17c-6388bb873359: shutdown LeaderElection
2019-10-15 17:17:42,654 [79abbc2e-0a90-4a41-a17c-6388bb873359@group-B673650064C9-LeaderElection52] INFO  impl.RoleInfo (RoleInfo.java:updateAndGet(143)) - 79abbc2e-0a90-4a41-a17c-6388bb873359: start FollowerState
2019-10-15 17:17:42,729 [Thread-596] INFO  impl.FollowerState (FollowerState.java:run(108)) - 79abbc2e-0a90-4a41-a17c-6388bb873359@group-B673650064C9-FollowerState: change to CANDIDATE, lastRpcTime:75ms, electionTimeout:75ms
2019-10-15 17:17:42,729 [Thread-596] INFO  impl.RoleInfo (RoleInfo.java:shutdownFollowerState(121)) - 79abbc2e-0a90-4a41-a17c-6388bb873359: shutdown FollowerState
2019-10-15 17:17:42,729 [Thread-596] INFO  impl.RaftServerImpl (RaftServerImpl.java:setRole(184)) - 79abbc2e-0a90-4a41-a17c-6388bb873359@group-B673650064C9: changes role from  FOLLOWER to CANDIDATE at term 61 for changeToCandidate
2019-10-15 17:17:42,730 [Thread-596] INFO  impl.RoleInfo (RoleInfo.java:updateAndGet(143)) - 79abbc2e-0a90-4a41-a17c-6388bb873359: start LeaderElection
2019-10-15 17:17:42,760 [79abbc2e-0a90-4a41-a17c-6388bb873359@group-B673650064C9-LeaderElection53] INFO  impl.LeaderElection (LeaderElection.java:askForVotes(178)) - 79abbc2e-0a90-4a41-a17c-6388bb873359@group-B673650064C9-LeaderElection53: begin an election at term 62 for -1: [ebd8d1f9-8297-450f-abe7-393807ba0c7e:192.168.164.239:36510, dbc121b5-e1e8-4c61-9d50-542b699a3d90:192.168.164.239:43140, 79abbc2e-0a90-4a41-a17c-6388bb873359:192.168.164.239:37857], old=null
2019-10-15 17:17:42,764 [grpc-default-executor-1] INFO  impl.RaftServerImpl (RaftServerImpl.java:setRole(184)) - dbc121b5-e1e8-4c61-9d50-542b699a3d90@group-B673650064C9: changes role from  FOLLOWER to FOLLOWER at term 62 for recognizeCandidate:79abbc2e-0a90-4a41-a17c-6388bb873359
2019-10-15 17:17:42,764 [grpc-default-executor-3] INFO  impl.RaftServerImpl (RaftServerImpl.java:setRole(184)) - ebd8d1f9-8297-450f-abe7-393807ba0c7e@group-B673650064C9: changes role from  FOLLOWER to FOLLOWER at term 62 for recognizeCandidate:79abbc2e-0a90-4a41-a17c-6388bb873359
2019-10-15 17:17:42,764 [grpc-default-executor-1] INFO  impl.RoleInfo (RoleInfo.java:shutdownFollowerState(121)) - dbc121b5-e1e8-4c61-9d50-542b699a3d90: shutdown FollowerState
2019-10-15 17:17:42,764 [grpc-default-executor-3] INFO  impl.RoleInfo (RoleInfo.java:shutdownFollowerState(121)) - ebd8d1f9-8297-450f-abe7-393807ba0c7e: shutdown FollowerState
2019-10-15 17:17:42,764 [Thread-595] INFO  impl.FollowerState (FollowerState.java:run(117)) - dbc121b5-e1e8-4c61-9d50-542b699a3d90@group-B673650064C9-FollowerState was interrupted: java.lang.InterruptedException: sleep interrupted
2019-10-15 17:17:42,764 [grpc-default-executor-1] INFO  impl.RoleInfo (RoleInfo.java:updateAndGet(143)) - dbc121b5-e1e8-4c61-9d50-542b699a3d90: start FollowerState
2019-10-15 17:17:42,765 [Thread-594] INFO  impl.FollowerState (FollowerState.java:run(117)) - ebd8d1f9-8297-450f-abe7-393807ba0c7e@group-B673650064C9-FollowerState was interrupted: java.lang.InterruptedException: sleep interrupted
2019-10-15 17:17:42,764 [grpc-default-executor-3] INFO  impl.RoleInfo (RoleInfo.java:updateAndGet(143)) - ebd8d1f9-8297-450f-abe7-393807ba0c7e: start FollowerState
2019-10-15 17:17:42,795 [79abbc2e-0a90-4a41-a17c-6388bb873359@group-B673650064C9-LeaderElection53] INFO  impl.LeaderElection (LeaderElection.java:logAndReturn(56)) - 79abbc2e-0a90-4a41-a17c-6388bb873359@group-B673650064C9-LeaderElection53: Election REJECTED; received 2 response(s) [79abbc2e-0a90-4a41-a17c-6388bb873359<-ebd8d1f9-8297-450f-abe7-393807ba0c7e#0:FAIL-t62, 79abbc2e-0a90-4a41-a17c-6388bb873359<-dbc121b5-e1e8-4c61-9d50-542b699a3d90#0:FAIL-t62] and 0 exception(s); 79abbc2e-0a90-4a41-a17c-6388bb873359@group-B673650064C9:t62, leader=null, voted=79abbc2e-0a90-4a41-a17c-6388bb873359, raftlog=79abbc2e-0a90-4a41-a17c-6388bb873359@group-B673650064C9-SegmentedRaftLog:OPENED:c-1,f-1,i0, conf=-1: [ebd8d1f9-8297-450f-abe7-393807ba0c7e:192.168.164.239:36510, dbc121b5-e1e8-4c61-9d50-542b699a3d90:192.168.164.239:43140, 79abbc2e-0a90-4a41-a17c-6388bb873359:192.168.164.239:37857], old=null
2019-10-15 17:17:42,796 [79abbc2e-0a90-4a41-a17c-6388bb873359@group-B673650064C9-LeaderElection53] INFO  impl.RaftServerImpl (RaftServerImpl.java:setRole(184)) - 79abbc2e-0a90-4a41-a17c-6388bb873359@group-B673650064C9: changes role from CANDIDATE to FOLLOWER at term 62 for DISCOVERED_A_NEW_TERM
2019-10-15 17:17:42,796 [79abbc2e-0a90-4a41-a17c-6388bb873359@group-B673650064C9-LeaderElection53] INFO  impl.RoleInfo (RoleInfo.java:shutdownLeaderElection(134)) - 79abbc2e-0a90-4a41-a17c-6388bb873359: shutdown LeaderElection
2019-10-15 17:17:42,796 [79abbc2e-0a90-4a41-a17c-6388bb873359@group-B673650064C9-LeaderElection53] INFO  impl.RoleInfo (RoleInfo.java:updateAndGet(143)) - 79abbc2e-0a90-4a41-a17c-6388bb873359: start FollowerState
2019-10-15 17:17:42,913 [Thread-602] INFO  impl.FollowerState (FollowerState.java:run(108)) - 79abbc2e-0a90-4a41-a17c-6388bb873359@group-B673650064C9-FollowerState: change to CANDIDATE, lastRpcTime:117ms, electionTimeout:117ms
2019-10-15 17:17:42,914 [Thread-602] INFO  impl.RoleInfo (RoleInfo.java:shutdownFollowerState(121)) - 79abbc2e-0a90-4a41-a17c-6388bb873359: shutdown FollowerState
2019-10-15 17:17:42,914 [Thread-602] INFO  impl.RaftServerImpl (RaftServerImpl.java:setRole(184)) - 79abbc2e-0a90-4a41-a17c-6388bb873359@group-B673650064C9: changes role from  FOLLOWER to CANDIDATE at term 62 for changeToCandidate
2019-10-15 17:17:42,914 [Thread-602] INFO  impl.RoleInfo (RoleInfo.java:updateAndGet(143)) - 79abbc2e-0a90-4a41-a17c-6388bb873359: start LeaderElection
2019-10-15 17:17:42,944 [79abbc2e-0a90-4a41-a17c-6388bb873359@group-B673650064C9-LeaderElection54] INFO  impl.LeaderElection (LeaderElection.java:askForVotes(178)) - 79abbc2e-0a90-4a41-a17c-6388bb873359@group-B673650064C9-LeaderElection54: begin an election at term 63 for -1: [ebd8d1f9-8297-450f-abe7-393807ba0c7e:192.168.164.239:36510, dbc121b5-e1e8-4c61-9d50-542b699a3d90:192.168.164.239:43140, 79abbc2e-0a90-4a41-a17c-6388bb873359:192.168.164.239:37857], old=null
2019-10-15 17:17:42,947 [grpc-default-executor-1] INFO  impl.RaftServerImpl (RaftServerImpl.java:setRole(184)) - ebd8d1f9-8297-450f-abe7-393807ba0c7e@group-B673650064C9: changes role from  FOLLOWER to FOLLOWER at term 63 for recognizeCandidate:79abbc2e-0a90-4a41-a17c-6388bb873359
2019-10-15 17:17:42,947 [grpc-default-executor-1] INFO  impl.RoleInfo (RoleInfo.java:shutdownFollowerState(121)) - ebd8d1f9-8297-450f-abe7-393807ba0c7e: shutdown FollowerState
2019-10-15 17:17:42,947 [grpc-default-executor-3] INFO  impl.RaftServerImpl (RaftServerImpl.java:setRole(184)) - dbc121b5-e1e8-4c61-9d50-542b699a3d90@group-B673650064C9: changes role from  FOLLOWER to FOLLOWER at term 63 for recognizeCandidate:79abbc2e-0a90-4a41-a17c-6388bb873359
2019-10-15 17:17:42,947 [Thread-601] INFO  impl.FollowerState (FollowerState.java:run(117)) - ebd8d1f9-8297-450f-abe7-393807ba0c7e@group-B673650064C9-FollowerState was interrupted: java.lang.InterruptedException: sleep interrupted
2019-10-15 17:17:42,947 [grpc-default-executor-1] INFO  impl.RoleInfo (RoleInfo.java:updateAndGet(143)) - ebd8d1f9-8297-450f-abe7-393807ba0c7e: start FollowerState
2019-10-15 17:17:42,948 [grpc-default-executor-3] INFO  impl.RoleInfo (RoleInfo.java:shutdownFollowerState(121)) - dbc121b5-e1e8-4c61-9d50-542b699a3d90: shutdown FollowerState
2019-10-15 17:17:42,948 [grpc-default-executor-3] INFO  impl.RoleInfo (RoleInfo.java:updateAndGet(143)) - dbc121b5-e1e8-4c61-9d50-542b699a3d90: start FollowerState
2019-10-15 17:17:42,948 [Thread-600] INFO  impl.FollowerState (FollowerState.java:run(117)) - dbc121b5-e1e8-4c61-9d50-542b699a3d90@group-B673650064C9-FollowerState was interrupted: java.lang.InterruptedException: sleep interrupted
2019-10-15 17:17:42,971 [79abbc2e-0a90-4a41-a17c-6388bb873359@group-B673650064C9-LeaderElection54] INFO  impl.LeaderElection (LeaderElection.java:logAndReturn(56)) - 79abbc2e-0a90-4a41-a17c-6388bb873359@group-B673650064C9-LeaderElection54: Election REJECTED; received 2 response(s) [79abbc2e-0a90-4a41-a17c-6388bb873359<-ebd8d1f9-8297-450f-abe7-393807ba0c7e#0:FAIL-t63, 79abbc2e-0a90-4a41-a17c-6388bb873359<-dbc121b5-e1e8-4c61-9d50-542b699a3d90#0:FAIL-t63] and 0 exception(s); 79abbc2e-0a90-4a41-a17c-6388bb873359@group-B673650064C9:t63, leader=null, voted=79abbc2e-0a90-4a41-a17c-6388bb873359, raftlog=79abbc2e-0a90-4a41-a17c-6388bb873359@group-B673650064C9-SegmentedRaftLog:OPENED:c-1,f-1,i0, conf=-1: [ebd8d1f9-8297-450f-abe7-393807ba0c7e:192.168.164.239:36510, dbc121b5-e1e8-4c61-9d50-542b699a3d90:192.168.164.239:43140, 79abbc2e-0a90-4a41-a17c-6388bb873359:192.168.164.239:37857], old=null
2019-10-15 17:17:42,971 [79abbc2e-0a90-4a41-a17c-6388bb873359@group-B673650064C9-LeaderElection54] INFO  impl.RaftServerImpl (RaftServerImpl.java:setRole(184)) - 79abbc2e-0a90-4a41-a17c-6388bb873359@group-B673650064C9: changes role from CANDIDATE to FOLLOWER at term 63 for DISCOVERED_A_NEW_TERM
2019-10-15 17:17:42,971 [79abbc2e-0a90-4a41-a17c-6388bb873359@group-B673650064C9-LeaderElection54] INFO  impl.RoleInfo (RoleInfo.java:shutdownLeaderElection(134)) - 79abbc2e-0a90-4a41-a17c-6388bb873359: shutdown LeaderElection
2019-10-15 17:17:42,972 [79abbc2e-0a90-4a41-a17c-6388bb873359@group-B673650064C9-LeaderElection54] INFO  impl.RoleInfo (RoleInfo.java:updateAndGet(143)) - 79abbc2e-0a90-4a41-a17c-6388bb873359: start FollowerState
2019-10-15 17:17:43,071 [Thread-608] INFO  impl.FollowerState (FollowerState.java:run(108)) - 79abbc2e-0a90-4a41-a17c-6388bb873359@group-B673650064C9-FollowerState: change to CANDIDATE, lastRpcTime:99ms, electionTimeout:99ms
2019-10-15 17:17:43,071 [Thread-608] INFO  impl.RoleInfo (RoleInfo.java:shutdownFollowerState(121)) - 79abbc2e-0a90-4a41-a17c-6388bb873359: shutdown FollowerState
2019-10-15 17:17:43,071 [Thread-608] INFO  impl.RaftServerImpl (RaftServerImpl.java:setRole(184)) - 79abbc2e-0a90-4a41-a17c-6388bb873359@group-B673650064C9: changes role from  FOLLOWER to CANDIDATE at term 63 for changeToCandidate
2019-10-15 17:17:43,071 [Thread-608] INFO  impl.RoleInfo (RoleInfo.java:updateAndGet(143)) - 79abbc2e-0a90-4a41-a17c-6388bb873359: start LeaderElection
2019-10-15 17:17:43,095 [79abbc2e-0a90-4a41-a17c-6388bb873359@group-B673650064C9-LeaderElection55] INFO  impl.LeaderElection (LeaderElection.java:askForVotes(178)) - 79abbc2e-0a90-4a41-a17c-6388bb873359@group-B673650064C9-LeaderElection55: begin an election at term 64 for -1: [ebd8d1f9-8297-450f-abe7-393807ba0c7e:192.168.164.239:36510, dbc121b5-e1e8-4c61-9d50-542b699a3d90:192.168.164.239:43140, 79abbc2e-0a90-4a41-a17c-6388bb873359:192.168.164.239:37857], old=null
2019-10-15 17:17:43,098 [grpc-default-executor-1] INFO  impl.RaftServerImpl (RaftServerImpl.java:setRole(184)) - ebd8d1f9-8297-450f-abe7-393807ba0c7e@group-B673650064C9: changes role from  FOLLOWER to FOLLOWER at term 64 for recognizeCandidate:79abbc2e-0a90-4a41-a17c-6388bb873359
2019-10-15 17:17:43,098 [grpc-default-executor-1] INFO  impl.RoleInfo (RoleInfo.java:shutdownFollowerState(121)) - ebd8d1f9-8297-450f-abe7-393807ba0c7e: shutdown FollowerState
2019-10-15 17:17:43,098 [grpc-default-executor-3] INFO  impl.RaftServerImpl (RaftServerImpl.java:setRole(184)) - dbc121b5-e1e8-4c61-9d50-542b699a3d90@group-B673650064C9: changes role from  FOLLOWER to FOLLOWER at term 64 for recognizeCandidate:79abbc2e-0a90-4a41-a17c-6388bb873359
2019-10-15 17:17:43,098 [grpc-default-executor-1] INFO  impl.RoleInfo (RoleInfo.java:updateAndGet(143)) - ebd8d1f9-8297-450f-abe7-393807ba0c7e: start FollowerState
2019-10-15 17:17:43,098 [grpc-default-executor-3] INFO  impl.RoleInfo (RoleInfo.java:shutdownFollowerState(121)) - dbc121b5-e1e8-4c61-9d50-542b699a3d90: shutdown FollowerState
2019-10-15 17:17:43,098 [Thread-606] INFO  impl.FollowerState (FollowerState.java:run(117)) - ebd8d1f9-8297-450f-abe7-393807ba0c7e@group-B673650064C9-FollowerState was interrupted: java.lang.InterruptedException: sleep interrupted
2019-10-15 17:17:43,099 [Thread-607] INFO  impl.FollowerState (FollowerState.java:run(117)) - dbc121b5-e1e8-4c61-9d50-542b699a3d90@group-B673650064C9-FollowerState was interrupted: java.lang.InterruptedException: sleep interrupted
2019-10-15 17:17:43,099 [grpc-default-executor-3] INFO  impl.RoleInfo (RoleInfo.java:updateAndGet(143)) - dbc121b5-e1e8-4c61-9d50-542b699a3d90: start FollowerState
2019-10-15 17:17:43,120 [79abbc2e-0a90-4a41-a17c-6388bb873359@group-B673650064C9-LeaderElection55] INFO  impl.LeaderElection (LeaderElection.java:logAndReturn(56)) - 79abbc2e-0a90-4a41-a17c-6388bb873359@group-B673650064C9-LeaderElection55: Election TIMEOUT; received 0 response(s) [] and 0 exception(s); 79abbc2e-0a90-4a41-a17c-6388bb873359@group-B673650064C9:t64, leader=null, voted=79abbc2e-0a90-4a41-a17c-6388bb873359, raftlog=79abbc2e-0a90-4a41-a17c-6388bb873359@group-B673650064C9-SegmentedRaftLog:OPENED:c-1,f-1,i0, conf=-1: [ebd8d1f9-8297-450f-abe7-393807ba0c7e:192.168.164.239:36510, dbc121b5-e1e8-4c61-9d50-542b699a3d90:192.168.164.239:43140, 79abbc2e-0a90-4a41-a17c-6388bb873359:192.168.164.239:37857], old=null
2019-10-15 17:17:43,146 [79abbc2e-0a90-4a41-a17c-6388bb873359@group-B673650064C9-LeaderElection55] INFO  impl.LeaderElection (LeaderElection.java:askForVotes(178)) - 79abbc2e-0a90-4a41-a17c-6388bb873359@group-B673650064C9-LeaderElection55: begin an election at term 65 for -1: [ebd8d1f9-8297-450f-abe7-393807ba0c7e:192.168.164.239:36510, dbc121b5-e1e8-4c61-9d50-542b699a3d90:192.168.164.239:43140, 79abbc2e-0a90-4a41-a17c-6388bb873359:192.168.164.239:37857], old=null
2019-10-15 17:17:43,148 [grpc-default-executor-3] INFO  impl.RaftServerImpl (RaftServerImpl.java:setRole(184)) - ebd8d1f9-8297-450f-abe7-393807ba0c7e@group-B673650064C9: changes role from  FOLLOWER to FOLLOWER at term 65 for recognizeCandidate:79abbc2e-0a90-4a41-a17c-6388bb873359
2019-10-15 17:17:43,148 [grpc-default-executor-3] INFO  impl.RoleInfo (RoleInfo.java:shutdownFollowerState(121)) - ebd8d1f9-8297-450f-abe7-393807ba0c7e: shutdown FollowerState
2019-10-15 17:17:43,148 [grpc-default-executor-1] INFO  impl.RaftServerImpl (RaftServerImpl.java:setRole(184)) - dbc121b5-e1e8-4c61-9d50-542b699a3d90@group-B673650064C9: changes role from  FOLLOWER to FOLLOWER at term 65 for recognizeCandidate:79abbc2e-0a90-4a41-a17c-6388bb873359
2019-10-15 17:17:43,148 [Thread-612] INFO  impl.FollowerState (FollowerState.java:run(117)) - ebd8d1f9-8297-450f-abe7-393807ba0c7e@group-B673650064C9-FollowerState was interrupted: java.lang.InterruptedException: sleep interrupted
2019-10-15 17:17:43,148 [grpc-default-executor-3] INFO  impl.RoleInfo (RoleInfo.java:updateAndGet(143)) - ebd8d1f9-8297-450f-abe7-393807ba0c7e: start FollowerState
2019-10-15 17:17:43,148 [grpc-default-executor-1] INFO  impl.RoleInfo (RoleInfo.java:shutdownFollowerState(121)) - dbc121b5-e1e8-4c61-9d50-542b699a3d90: shutdown FollowerState
2019-10-15 17:17:43,149 [grpc-default-executor-1] INFO  impl.RoleInfo (RoleInfo.java:updateAndGet(143)) - dbc121b5-e1e8-4c61-9d50-542b699a3d90: start FollowerState
2019-10-15 17:17:43,149 [Thread-613] INFO  impl.FollowerState (FollowerState.java:run(117)) - dbc121b5-e1e8-4c61-9d50-542b699a3d90@group-B673650064C9-FollowerState was interrupted: java.lang.InterruptedException: sleep interrupted
2019-10-15 17:17:43,154 [79abbc2e-0a90-4a41-a17c-6388bb873359@group-B673650064C9-LeaderElection55] INFO  impl.LeaderElection (LeaderElection.java:logAndReturn(56)) - 79abbc2e-0a90-4a41-a17c-6388bb873359@group-B673650064C9-LeaderElection55: Election TIMEOUT; received 0 response(s) [] and 0 exception(s); 79abbc2e-0a90-4a41-a17c-6388bb873359@group-B673650064C9:t65, leader=null, voted=79abbc2e-0a90-4a41-a17c-6388bb873359, raftlog=79abbc2e-0a90-4a41-a17c-6388bb873359@group-B673650064C9-SegmentedRaftLog:OPENED:c-1,f-1,i0, conf=-1: [ebd8d1f9-8297-450f-abe7-393807ba0c7e:192.168.164.239:36510, dbc121b5-e1e8-4c61-9d50-542b699a3d90:192.168.164.239:43140, 79abbc2e-0a90-4a41-a17c-6388bb873359:192.168.164.239:37857], old=null
2019-10-15 17:17:43,171 [79abbc2e-0a90-4a41-a17c-6388bb873359@group-B673650064C9-LeaderElection55] INFO  impl.LeaderElection (LeaderElection.java:askForVotes(178)) - 79abbc2e-0a90-4a41-a17c-6388bb873359@group-B673650064C9-LeaderElection55: begin an election at term 66 for -1: [ebd8d1f9-8297-450f-abe7-393807ba0c7e:192.168.164.239:36510, dbc121b5-e1e8-4c61-9d50-542b699a3d90:192.168.164.239:43140, 79abbc2e-0a90-4a41-a17c-6388bb873359:192.168.164.239:37857], old=null
2019-10-15 17:17:43,173 [grpc-default-executor-1] INFO  impl.RaftServerImpl (RaftServerImpl.java:setRole(184)) - ebd8d1f9-8297-450f-abe7-393807ba0c7e@group-B673650064C9: changes role from  FOLLOWER to FOLLOWER at term 66 for recognizeCandidate:79abbc2e-0a90-4a41-a17c-6388bb873359
2019-10-15 17:17:43,173 [grpc-default-executor-1] INFO  impl.RoleInfo (RoleInfo.java:shutdownFollowerState(121)) - ebd8d1f9-8297-450f-abe7-393807ba0c7e: shutdown FollowerState
2019-10-15 17:17:43,173 [grpc-default-executor-1] INFO  impl.RoleInfo (RoleInfo.java:updateAndGet(143)) - ebd8d1f9-8297-450f-abe7-393807ba0c7e: start FollowerState
2019-10-15 17:17:43,173 [Thread-616] INFO  impl.FollowerState (FollowerState.java:run(117)) - ebd8d1f9-8297-450f-abe7-393807ba0c7e@group-B673650064C9-FollowerState was interrupted: java.lang.InterruptedException: sleep interrupted
2019-10-15 17:17:43,174 [grpc-default-executor-3] INFO  impl.RaftServerImpl (RaftServerImpl.java:setRole(184)) - dbc121b5-e1e8-4c61-9d50-542b699a3d90@group-B673650064C9: changes role from  FOLLOWER to FOLLOWER at term 66 for recognizeCandidate:79abbc2e-0a90-4a41-a17c-6388bb873359
2019-10-15 17:17:43,174 [grpc-default-executor-3] INFO  impl.RoleInfo (RoleInfo.java:shutdownFollowerState(121)) - dbc121b5-e1e8-4c61-9d50-542b699a3d90: shutdown FollowerState
2019-10-15 17:17:43,174 [grpc-default-executor-3] INFO  impl.RoleInfo (RoleInfo.java:updateAndGet(143)) - dbc121b5-e1e8-4c61-9d50-542b699a3d90: start FollowerState
2019-10-15 17:17:43,174 [Thread-617] INFO  impl.FollowerState (FollowerState.java:run(117)) - dbc121b5-e1e8-4c61-9d50-542b699a3d90@group-B673650064C9-FollowerState was interrupted: java.lang.InterruptedException: sleep interrupted
2019-10-15 17:17:43,197 [79abbc2e-0a90-4a41-a17c-6388bb873359@group-B673650064C9-LeaderElection55] INFO  impl.LeaderElection (LeaderElection.java:logAndReturn(56)) - 79abbc2e-0a90-4a41-a17c-6388bb873359@group-B673650064C9-LeaderElection55: Election REJECTED; received 2 response(s) [79abbc2e-0a90-4a41-a17c-6388bb873359<-ebd8d1f9-8297-450f-abe7-393807ba0c7e#0:FAIL-t66, 79abbc2e-0a90-4a41-a17c-6388bb873359<-dbc121b5-e1e8-4c61-9d50-542b699a3d90#0:FAIL-t66] and 0 exception(s); 79abbc2e-0a90-4a41-a17c-6388bb873359@group-B673650064C9:t66, leader=null, voted=79abbc2e-0a90-4a41-a17c-6388bb873359, raftlog=79abbc2e-0a90-4a41-a17c-6388bb873359@group-B673650064C9-SegmentedRaftLog:OPENED:c-1,f-1,i0, conf=-1: [ebd8d1f9-8297-450f-abe7-393807ba0c7e:192.168.164.239:36510, dbc121b5-e1e8-4c61-9d50-542b699a3d90:192.168.164.239:43140, 79abbc2e-0a90-4a41-a17c-6388bb873359:192.168.164.239:37857], old=null
2019-10-15 17:17:43,198 [79abbc2e-0a90-4a41-a17c-6388bb873359@group-B673650064C9-LeaderElection55] INFO  impl.RaftServerImpl (RaftServerImpl.java:setRole(184)) - 79abbc2e-0a90-4a41-a17c-6388bb873359@group-B673650064C9: changes role from CANDIDATE to FOLLOWER at term 66 for DISCOVERED_A_NEW_TERM
2019-10-15 17:17:43,198 [79abbc2e-0a90-4a41-a17c-6388bb873359@group-B673650064C9-LeaderElection55] INFO  impl.RoleInfo (RoleInfo.java:shutdownLeaderElection(134)) - 79abbc2e-0a90-4a41-a17c-6388bb873359: shutdown LeaderElection
2019-10-15 17:17:43,198 [79abbc2e-0a90-4a41-a17c-6388bb873359@group-B673650064C9-LeaderElection55] INFO  impl.RoleInfo (RoleInfo.java:updateAndGet(143)) - 79abbc2e-0a90-4a41-a17c-6388bb873359: start FollowerState
2019-10-15 17:17:43,282 [Thread-622] INFO  impl.FollowerState (FollowerState.java:run(108)) - 79abbc2e-0a90-4a41-a17c-6388bb873359@group-B673650064C9-FollowerState: change to CANDIDATE, lastRpcTime:84ms, electionTimeout:84ms
2019-10-15 17:17:43,283 [Thread-622] INFO  impl.RoleInfo (RoleInfo.java:shutdownFollowerState(121)) - 79abbc2e-0a90-4a41-a17c-6388bb873359: shutdown FollowerState
2019-10-15 17:17:43,283 [Thread-622] INFO  impl.RaftServerImpl (RaftServerImpl.java:setRole(184)) - 79abbc2e-0a90-4a41-a17c-6388bb873359@group-B673650064C9: changes role from  FOLLOWER to CANDIDATE at term 66 for changeToCandidate
2019-10-15 17:17:43,283 [Thread-622] INFO  impl.RoleInfo (RoleInfo.java:updateAndGet(143)) - 79abbc2e-0a90-4a41-a17c-6388bb873359: start LeaderElection
2019-10-15 17:17:43,330 [79abbc2e-0a90-4a41-a17c-6388bb873359@group-B673650064C9-LeaderElection56] INFO  impl.LeaderElection (LeaderElection.java:askForVotes(178)) - 79abbc2e-0a90-4a41-a17c-6388bb873359@group-B673650064C9-LeaderElection56: begin an election at term 67 for -1: [ebd8d1f9-8297-450f-abe7-393807ba0c7e:192.168.164.239:36510, dbc121b5-e1e8-4c61-9d50-542b699a3d90:192.168.164.239:43140, 79abbc2e-0a90-4a41-a17c-6388bb873359:192.168.164.239:37857], old=null
2019-10-15 17:17:43,332 [grpc-default-executor-3] INFO  impl.RaftServerImpl (RaftServerImpl.java:setRole(184)) - ebd8d1f9-8297-450f-abe7-393807ba0c7e@group-B673650064C9: changes role from  FOLLOWER to FOLLOWER at term 67 for recognizeCandidate:79abbc2e-0a90-4a41-a17c-6388bb873359
2019-10-15 17:17:43,332 [grpc-default-executor-3] INFO  impl.RoleInfo (RoleInfo.java:shutdownFollowerState(121)) - ebd8d1f9-8297-450f-abe7-393807ba0c7e: shutdown FollowerState
2019-10-15 17:17:43,332 [grpc-default-executor-3] INFO  impl.RoleInfo (RoleInfo.java:updateAndGet(143)) - ebd8d1f9-8297-450f-abe7-393807ba0c7e: start FollowerState
2019-10-15 17:17:43,333 [grpc-default-executor-1] INFO  impl.RaftServerImpl (RaftServerImpl.java:setRole(184)) - dbc121b5-e1e8-4c61-9d50-542b699a3d90@group-B673650064C9: changes role from  FOLLOWER to FOLLOWER at term 67 for recognizeCandidate:79abbc2e-0a90-4a41-a17c-6388bb873359
2019-10-15 17:17:43,333 [Thread-620] INFO  impl.FollowerState (FollowerState.java:run(117)) - ebd8d1f9-8297-450f-abe7-393807ba0c7e@group-B673650064C9-FollowerState was interrupted: java.lang.InterruptedException: sleep interrupted
2019-10-15 17:17:43,333 [grpc-default-executor-1] INFO  impl.RoleInfo (RoleInfo.java:shutdownFollowerState(121)) - dbc121b5-e1e8-4c61-9d50-542b699a3d90: shutdown FollowerState
2019-10-15 17:17:43,333 [Thread-621] INFO  impl.FollowerState (FollowerState.java:run(117)) - dbc121b5-e1e8-4c61-9d50-542b699a3d90@group-B673650064C9-FollowerState was interrupted: java.lang.InterruptedException: sleep interrupted
2019-10-15 17:17:43,333 [grpc-default-executor-1] INFO  impl.RoleInfo (RoleInfo.java:updateAndGet(143)) - dbc121b5-e1e8-4c61-9d50-542b699a3d90: start FollowerState
2019-10-15 17:17:43,357 [79abbc2e-0a90-4a41-a17c-6388bb873359@group-B673650064C9-LeaderElection56] INFO  impl.LeaderElection (LeaderElection.java:logAndReturn(56)) - 79abbc2e-0a90-4a41-a17c-6388bb873359@group-B673650064C9-LeaderElection56: Election REJECTED; received 2 response(s) [79abbc2e-0a90-4a41-a17c-6388bb873359<-ebd8d1f9-8297-450f-abe7-393807ba0c7e#0:FAIL-t67, 79abbc2e-0a90-4a41-a17c-6388bb873359<-dbc121b5-e1e8-4c61-9d50-542b699a3d90#0:FAIL-t67] and 0 exception(s); 79abbc2e-0a90-4a41-a17c-6388bb873359@group-B673650064C9:t67, leader=null, voted=79abbc2e-0a90-4a41-a17c-6388bb873359, raftlog=79abbc2e-0a90-4a41-a17c-6388bb873359@group-B673650064C9-SegmentedRaftLog:OPENED:c-1,f-1,i0, conf=-1: [ebd8d1f9-8297-450f-abe7-393807ba0c7e:192.168.164.239:36510, dbc121b5-e1e8-4c61-9d50-542b699a3d90:192.168.164.239:43140, 79abbc2e-0a90-4a41-a17c-6388bb873359:192.168.164.239:37857], old=null
2019-10-15 17:17:43,357 [79abbc2e-0a90-4a41-a17c-6388bb873359@group-B673650064C9-LeaderElection56] INFO  impl.RaftServerImpl (RaftServerImpl.java:setRole(184)) - 79abbc2e-0a90-4a41-a17c-6388bb873359@group-B673650064C9: changes role from CANDIDATE to FOLLOWER at term 67 for DISCOVERED_A_NEW_TERM
2019-10-15 17:17:43,357 [79abbc2e-0a90-4a41-a17c-6388bb873359@group-B673650064C9-LeaderElection56] INFO  impl.RoleInfo (RoleInfo.java:shutdownLeaderElection(134)) - 79abbc2e-0a90-4a41-a17c-6388bb873359: shutdown LeaderElection
2019-10-15 17:17:43,357 [79abbc2e-0a90-4a41-a17c-6388bb873359@group-B673650064C9-LeaderElection56] INFO  impl.RoleInfo (RoleInfo.java:updateAndGet(143)) - 79abbc2e-0a90-4a41-a17c-6388bb873359: start FollowerState
2019-10-15 17:17:43,420 [Thread-628] INFO  impl.FollowerState (FollowerState.java:run(108)) - 79abbc2e-0a90-4a41-a17c-6388bb873359@group-B673650064C9-FollowerState: change to CANDIDATE, lastRpcTime:63ms, electionTimeout:63ms
2019-10-15 17:17:43,420 [Thread-628] INFO  impl.RoleInfo (RoleInfo.java:shutdownFollowerState(121)) - 79abbc2e-0a90-4a41-a17c-6388bb873359: shutdown FollowerState
2019-10-15 17:17:43,421 [Thread-628] INFO  impl.RaftServerImpl (RaftServerImpl.java:setRole(184)) - 79abbc2e-0a90-4a41-a17c-6388bb873359@group-B673650064C9: changes role from  FOLLOWER to CANDIDATE at term 67 for changeToCandidate
2019-10-15 17:17:43,421 [Thread-628] INFO  impl.RoleInfo (RoleInfo.java:updateAndGet(143)) - 79abbc2e-0a90-4a41-a17c-6388bb873359: start LeaderElection
2019-10-15 17:17:43,448 [79abbc2e-0a90-4a41-a17c-6388bb873359@group-B673650064C9-LeaderElection57] INFO  impl.LeaderElection (LeaderElection.java:askForVotes(178)) - 79abbc2e-0a90-4a41-a17c-6388bb873359@group-B673650064C9-LeaderElection57: begin an election at term 68 for -1: [ebd8d1f9-8297-450f-abe7-393807ba0c7e:192.168.164.239:36510, dbc121b5-e1e8-4c61-9d50-542b699a3d90:192.168.164.239:43140, 79abbc2e-0a90-4a41-a17c-6388bb873359:192.168.164.239:37857], old=null
2019-10-15 17:17:43,450 [grpc-default-executor-3] INFO  impl.RaftServerImpl (RaftServerImpl.java:setRole(184)) - ebd8d1f9-8297-450f-abe7-393807ba0c7e@group-B673650064C9: changes role from  FOLLOWER to FOLLOWER at term 68 for recognizeCandidate:79abbc2e-0a90-4a41-a17c-6388bb873359
2019-10-15 17:17:43,450 [grpc-default-executor-3] INFO  impl.RoleInfo (RoleInfo.java:shutdownFollowerState(121)) - ebd8d1f9-8297-450f-abe7-393807ba0c7e: shutdown FollowerState
2019-10-15 17:17:43,450 [grpc-default-executor-1] INFO  impl.RaftServerImpl (RaftServerImpl.java:setRole(184)) - dbc121b5-e1e8-4c61-9d50-542b699a3d90@group-B673650064C9: changes role from  FOLLOWER to FOLLOWER at term 68 for recognizeCandidate:79abbc2e-0a90-4a41-a17c-6388bb873359
2019-10-15 17:17:43,451 [Thread-626] INFO  impl.FollowerState (FollowerState.java:run(117)) - ebd8d1f9-8297-450f-abe7-393807ba0c7e@group-B673650064C9-FollowerState was interrupted: java.lang.InterruptedException: sleep interrupted
2019-10-15 17:17:43,451 [grpc-default-executor-3] INFO  impl.RoleInfo (RoleInfo.java:updateAndGet(143)) - ebd8d1f9-8297-450f-abe7-393807ba0c7e: start FollowerState
2019-10-15 17:17:43,451 [grpc-default-executor-1] INFO  impl.RoleInfo (RoleInfo.java:shutdownFollowerState(121)) - dbc121b5-e1e8-4c61-9d50-542b699a3d90: shutdown FollowerState
2019-10-15 17:17:43,451 [grpc-default-executor-1] INFO  impl.RoleInfo (RoleInfo.java:updateAndGet(143)) - dbc121b5-e1e8-4c61-9d50-542b699a3d90: start FollowerState
2019-10-15 17:17:43,451 [Thread-627] INFO  impl.FollowerState (FollowerState.java:run(117)) - dbc121b5-e1e8-4c61-9d50-542b699a3d90@group-B673650064C9-FollowerState was interrupted: java.lang.InterruptedException: sleep interrupted
2019-10-15 17:17:43,474 [79abbc2e-0a90-4a41-a17c-6388bb873359@group-B673650064C9-LeaderElection57] INFO  impl.LeaderElection (LeaderElection.java:logAndReturn(56)) - 79abbc2e-0a90-4a41-a17c-6388bb873359@group-B673650064C9-LeaderElection57: Election REJECTED; received 2 response(s) [79abbc2e-0a90-4a41-a17c-6388bb873359<-ebd8d1f9-8297-450f-abe7-393807ba0c7e#0:FAIL-t68, 79abbc2e-0a90-4a41-a17c-6388bb873359<-dbc121b5-e1e8-4c61-9d50-542b699a3d90#0:FAIL-t68] and 0 exception(s); 79abbc2e-0a90-4a41-a17c-6388bb873359@group-B673650064C9:t68, leader=null, voted=79abbc2e-0a90-4a41-a17c-6388bb873359, raftlog=79abbc2e-0a90-4a41-a17c-6388bb873359@group-B673650064C9-SegmentedRaftLog:OPENED:c-1,f-1,i0, conf=-1: [ebd8d1f9-8297-450f-abe7-393807ba0c7e:192.168.164.239:36510, dbc121b5-e1e8-4c61-9d50-542b699a3d90:192.168.164.239:43140, 79abbc2e-0a90-4a41-a17c-6388bb873359:192.168.164.239:37857], old=null
2019-10-15 17:17:43,474 [79abbc2e-0a90-4a41-a17c-6388bb873359@group-B673650064C9-LeaderElection57] INFO  impl.RaftServerImpl (RaftServerImpl.java:setRole(184)) - 79abbc2e-0a90-4a41-a17c-6388bb873359@group-B673650064C9: changes role from CANDIDATE to FOLLOWER at term 68 for DISCOVERED_A_NEW_TERM
2019-10-15 17:17:43,475 [79abbc2e-0a90-4a41-a17c-6388bb873359@group-B673650064C9-LeaderElection57] INFO  impl.RoleInfo (RoleInfo.java:shutdownLeaderElection(134)) - 79abbc2e-0a90-4a41-a17c-6388bb873359: shutdown LeaderElection
2019-10-15 17:17:43,475 [79abbc2e-0a90-4a41-a17c-6388bb873359@group-B673650064C9-LeaderElection57] INFO  impl.RoleInfo (RoleInfo.java:updateAndGet(143)) - 79abbc2e-0a90-4a41-a17c-6388bb873359: start FollowerState
2019-10-15 17:17:43,639 [Thread-634] INFO  impl.FollowerState (FollowerState.java:run(108)) - 79abbc2e-0a90-4a41-a17c-6388bb873359@group-B673650064C9-FollowerState: change to CANDIDATE, lastRpcTime:164ms, electionTimeout:164ms
2019-10-15 17:17:43,639 [Thread-634] INFO  impl.RoleInfo (RoleInfo.java:shutdownFollowerState(121)) - 79abbc2e-0a90-4a41-a17c-6388bb873359: shutdown FollowerState
2019-10-15 17:17:43,639 [Thread-634] INFO  impl.RaftServerImpl (RaftServerImpl.java:setRole(184)) - 79abbc2e-0a90-4a41-a17c-6388bb873359@group-B673650064C9: changes role from  FOLLOWER to CANDIDATE at term 68 for changeToCandidate
2019-10-15 17:17:43,640 [Thread-634] INFO  impl.RoleInfo (RoleInfo.java:updateAndGet(143)) - 79abbc2e-0a90-4a41-a17c-6388bb873359: start LeaderElection
2019-10-15 17:17:43,665 [79abbc2e-0a90-4a41-a17c-6388bb873359@group-B673650064C9-LeaderElection58] INFO  impl.LeaderElection (LeaderElection.java:askForVotes(178)) - 79abbc2e-0a90-4a41-a17c-6388bb873359@group-B673650064C9-LeaderElection58: begin an election at term 69 for -1: [ebd8d1f9-8297-450f-abe7-393807ba0c7e:192.168.164.239:36510, dbc121b5-e1e8-4c61-9d50-542b699a3d90:192.168.164.239:43140, 79abbc2e-0a90-4a41-a17c-6388bb873359:192.168.164.239:37857], old=null
2019-10-15 17:17:43,667 [grpc-default-executor-1] INFO  impl.RaftServerImpl (RaftServerImpl.java:setRole(184)) - ebd8d1f9-8297-450f-abe7-393807ba0c7e@group-B673650064C9: changes role from  FOLLOWER to FOLLOWER at term 69 for recognizeCandidate:79abbc2e-0a90-4a41-a17c-6388bb873359
2019-10-15 17:17:43,668 [grpc-default-executor-1] INFO  impl.RoleInfo (RoleInfo.java:shutdownFollowerState(121)) - ebd8d1f9-8297-450f-abe7-393807ba0c7e: shutdown FollowerState
2019-10-15 17:17:43,668 [grpc-default-executor-3] INFO  impl.RaftServerImpl (RaftServerImpl.java:setRole(184)) - dbc121b5-e1e8-4c61-9d50-542b699a3d90@group-B673650064C9: changes role from  FOLLOWER to FOLLOWER at term 69 for recognizeCandidate:79abbc2e-0a90-4a41-a17c-6388bb873359
2019-10-15 17:17:43,668 [Thread-632] INFO  impl.FollowerState (FollowerState.java:run(117)) - ebd8d1f9-8297-450f-abe7-393807ba0c7e@group-B673650064C9-FollowerState was interrupted: java.lang.InterruptedException: sleep interrupted
2019-10-15 17:17:43,668 [grpc-default-executor-1] INFO  impl.RoleInfo (RoleInfo.java:updateAndGet(143)) - ebd8d1f9-8297-450f-abe7-393807ba0c7e: start FollowerState
2019-10-15 17:17:43,668 [grpc-default-executor-3] INFO  impl.RoleInfo (RoleInfo.java:shutdownFollowerState(121)) - dbc121b5-e1e8-4c61-9d50-542b699a3d90: shutdown FollowerState
2019-10-15 17:17:43,668 [grpc-default-executor-3] INFO  impl.RoleInfo (RoleInfo.java:updateAndGet(143)) - dbc121b5-e1e8-4c61-9d50-542b699a3d90: start FollowerState
2019-10-15 17:17:43,668 [Thread-633] INFO  impl.FollowerState (FollowerState.java:run(117)) - dbc121b5-e1e8-4c61-9d50-542b699a3d90@group-B673650064C9-FollowerState was interrupted: java.lang.InterruptedException: sleep interrupted
2019-10-15 17:17:43,693 [79abbc2e-0a90-4a41-a17c-6388bb873359@group-B673650064C9-LeaderElection58] INFO  impl.LeaderElection (LeaderElection.java:logAndReturn(56)) - 79abbc2e-0a90-4a41-a17c-6388bb873359@group-B673650064C9-LeaderElection58: Election REJECTED; received 2 response(s) [79abbc2e-0a90-4a41-a17c-6388bb873359<-ebd8d1f9-8297-450f-abe7-393807ba0c7e#0:FAIL-t69, 79abbc2e-0a90-4a41-a17c-6388bb873359<-dbc121b5-e1e8-4c61-9d50-542b699a3d90#0:FAIL-t69] and 0 exception(s); 79abbc2e-0a90-4a41-a17c-6388bb873359@group-B673650064C9:t69, leader=null, voted=79abbc2e-0a90-4a41-a17c-6388bb873359, raftlog=79abbc2e-0a90-4a41-a17c-6388bb873359@group-B673650064C9-SegmentedRaftLog:OPENED:c-1,f-1,i0, conf=-1: [ebd8d1f9-8297-450f-abe7-393807ba0c7e:192.168.164.239:36510, dbc121b5-e1e8-4c61-9d50-542b699a3d90:192.168.164.239:43140, 79abbc2e-0a90-4a41-a17c-6388bb873359:192.168.164.239:37857], old=null
2019-10-15 17:17:43,694 [79abbc2e-0a90-4a41-a17c-6388bb873359@group-B673650064C9-LeaderElection58] INFO  impl.RaftServerImpl (RaftServerImpl.java:setRole(184)) - 79abbc2e-0a90-4a41-a17c-6388bb873359@group-B673650064C9: changes role from CANDIDATE to FOLLOWER at term 69 for DISCOVERED_A_NEW_TERM
2019-10-15 17:17:43,694 [79abbc2e-0a90-4a41-a17c-6388bb873359@group-B673650064C9-LeaderElection58] INFO  impl.RoleInfo (RoleInfo.java:shutdownLeaderElection(134)) - 79abbc2e-0a90-4a41-a17c-6388bb873359: shutdown LeaderElection
2019-10-15 17:17:43,694 [79abbc2e-0a90-4a41-a17c-6388bb873359@group-B673650064C9-LeaderElection58] INFO  impl.RoleInfo (RoleInfo.java:updateAndGet(143)) - 79abbc2e-0a90-4a41-a17c-6388bb873359: start FollowerState
2019-10-15 17:17:43,738 [Thread-643] INFO  impl.FollowerState (FollowerState.java:run(108)) - 79abbc2e-0a90-4a41-a17c-6388bb873359@group-B673650064C9-FollowerState: change to CANDIDATE, lastRpcTime:44ms, electionTimeout:44ms
2019-10-15 17:17:43,739 [Thread-643] INFO  impl.RoleInfo (RoleInfo.java:shutdownFollowerState(121)) - 79abbc2e-0a90-4a41-a17c-6388bb873359: shutdown FollowerState
2019-10-15 17:17:43,739 [Thread-643] INFO  impl.RaftServerImpl (RaftServerImpl.java:setRole(184)) - 79abbc2e-0a90-4a41-a17c-6388bb873359@group-B673650064C9: changes role from  FOLLOWER to CANDIDATE at term 69 for changeToCandidate
2019-10-15 17:17:43,739 [Thread-643] INFO  impl.RoleInfo (RoleInfo.java:updateAndGet(143)) - 79abbc2e-0a90-4a41-a17c-6388bb873359: start LeaderElection
2019-10-15 17:17:43,767 [79abbc2e-0a90-4a41-a17c-6388bb873359@group-B673650064C9-LeaderElection59] INFO  impl.LeaderElection (LeaderElection.java:askForVotes(178)) - 79abbc2e-0a90-4a41-a17c-6388bb873359@group-B673650064C9-LeaderElection59: begin an election at term 70 for -1: [ebd8d1f9-8297-450f-abe7-393807ba0c7e:192.168.164.239:36510, dbc121b5-e1e8-4c61-9d50-542b699a3d90:192.168.164.239:43140, 79abbc2e-0a90-4a41-a17c-6388bb873359:192.168.164.239:37857], old=null
2019-10-15 17:17:43,770 [grpc-default-executor-3] INFO  impl.RaftServerImpl (RaftServerImpl.java:setRole(184)) - dbc121b5-e1e8-4c61-9d50-542b699a3d90@group-B673650064C9: changes role from  FOLLOWER to FOLLOWER at term 70 for recognizeCandidate:79abbc2e-0a90-4a41-a17c-6388bb873359
2019-10-15 17:17:43,770 [grpc-default-executor-1] INFO  impl.RaftServerImpl (RaftServerImpl.java:setRole(184)) - ebd8d1f9-8297-450f-abe7-393807ba0c7e@group-B673650064C9: changes role from  FOLLOWER to FOLLOWER at term 70 for recognizeCandidate:79abbc2e-0a90-4a41-a17c-6388bb873359
2019-10-15 17:17:43,770 [grpc-default-executor-3] INFO  impl.RoleInfo (RoleInfo.java:shutdownFollowerState(121)) - dbc121b5-e1e8-4c61-9d50-542b699a3d90: shutdown FollowerState
2019-10-15 17:17:43,770 [grpc-default-executor-1] INFO  impl.RoleInfo (RoleInfo.java:shutdownFollowerState(121)) - ebd8d1f9-8297-450f-abe7-393807ba0c7e: shutdown FollowerState
2019-10-15 17:17:43,771 [Thread-642] INFO  impl.FollowerState (FollowerState.java:run(117)) - dbc121b5-e1e8-4c61-9d50-542b699a3d90@group-B673650064C9-FollowerState was interrupted: java.lang.InterruptedException: sleep interrupted
2019-10-15 17:17:43,771 [grpc-default-executor-3] INFO  impl.RoleInfo (RoleInfo.java:updateAndGet(143)) - dbc121b5-e1e8-4c61-9d50-542b699a3d90: start FollowerState
2019-10-15 17:17:43,771 [grpc-default-executor-1] INFO  impl.RoleInfo (RoleInfo.java:updateAndGet(143)) - ebd8d1f9-8297-450f-abe7-393807ba0c7e: start FollowerState
2019-10-15 17:17:43,771 [Thread-641] INFO  impl.FollowerState (FollowerState.java:run(117)) - ebd8d1f9-8297-450f-abe7-393807ba0c7e@group-B673650064C9-FollowerState was interrupted: java.lang.InterruptedException: sleep interrupted
2019-10-15 17:17:43,785 [79abbc2e-0a90-4a41-a17c-6388bb873359@group-B673650064C9-LeaderElection59] INFO  impl.LeaderElection (LeaderElection.java:logAndReturn(56)) - 79abbc2e-0a90-4a41-a17c-6388bb873359@group-B673650064C9-LeaderElection59: Election REJECTED; received 2 response(s) [79abbc2e-0a90-4a41-a17c-6388bb873359<-ebd8d1f9-8297-450f-abe7-393807ba0c7e#0:FAIL-t70, 79abbc2e-0a90-4a41-a17c-6388bb873359<-dbc121b5-e1e8-4c61-9d50-542b699a3d90#0:FAIL-t70] and 0 exception(s); 79abbc2e-0a90-4a41-a17c-6388bb873359@group-B673650064C9:t70, leader=null, voted=79abbc2e-0a90-4a41-a17c-6388bb873359, raftlog=79abbc2e-0a90-4a41-a17c-6388bb873359@group-B673650064C9-SegmentedRaftLog:OPENED:c-1,f-1,i0, conf=-1: [ebd8d1f9-8297-450f-abe7-393807ba0c7e:192.168.164.239:36510, dbc121b5-e1e8-4c61-9d50-542b699a3d90:192.168.164.239:43140, 79abbc2e-0a90-4a41-a17c-6388bb873359:192.168.164.239:37857], old=null
2019-10-15 17:17:43,785 [79abbc2e-0a90-4a41-a17c-6388bb873359@group-B673650064C9-LeaderElection59] INFO  impl.RaftServerImpl (RaftServerImpl.java:setRole(184)) - 79abbc2e-0a90-4a41-a17c-6388bb873359@group-B673650064C9: changes role from CANDIDATE to FOLLOWER at term 70 for DISCOVERED_A_NEW_TERM
2019-10-15 17:17:43,785 [79abbc2e-0a90-4a41-a17c-6388bb873359@group-B673650064C9-LeaderElection59] INFO  impl.RoleInfo (RoleInfo.java:shutdownLeaderElection(134)) - 79abbc2e-0a90-4a41-a17c-6388bb873359: shutdown LeaderElection
2019-10-15 17:17:43,785 [79abbc2e-0a90-4a41-a17c-6388bb873359@group-B673650064C9-LeaderElection59] INFO  impl.RoleInfo (RoleInfo.java:updateAndGet(143)) - 79abbc2e-0a90-4a41-a17c-6388bb873359: start FollowerState
2019-10-15 17:17:43,812 [Thread-649] INFO  impl.FollowerState (FollowerState.java:run(108)) - 79abbc2e-0a90-4a41-a17c-6388bb873359@group-B673650064C9-FollowerState: change to CANDIDATE, lastRpcTime:26ms, electionTimeout:26ms
2019-10-15 17:17:43,812 [Thread-649] INFO  impl.RoleInfo (RoleInfo.java:shutdownFollowerState(121)) - 79abbc2e-0a90-4a41-a17c-6388bb873359: shutdown FollowerState
2019-10-15 17:17:43,812 [Thread-649] INFO  impl.RaftServerImpl (RaftServerImpl.java:setRole(184)) - 79abbc2e-0a90-4a41-a17c-6388bb873359@group-B673650064C9: changes role from  FOLLOWER to CANDIDATE at term 70 for changeToCandidate
2019-10-15 17:17:43,812 [Thread-649] INFO  impl.RoleInfo (RoleInfo.java:updateAndGet(143)) - 79abbc2e-0a90-4a41-a17c-6388bb873359: start LeaderElection
2019-10-15 17:17:43,826 [79abbc2e-0a90-4a41-a17c-6388bb873359@group-B673650064C9-LeaderElection60] INFO  impl.LeaderElection (LeaderElection.java:askForVotes(178)) - 79abbc2e-0a90-4a41-a17c-6388bb873359@group-B673650064C9-LeaderElection60: begin an election at term 71 for -1: [ebd8d1f9-8297-450f-abe7-393807ba0c7e:192.168.164.239:36510, dbc121b5-e1e8-4c61-9d50-542b699a3d90:192.168.164.239:43140, 79abbc2e-0a90-4a41-a17c-6388bb873359:192.168.164.239:37857], old=null
2019-10-15 17:17:43,829 [grpc-default-executor-1] INFO  impl.RaftServerImpl (RaftServerImpl.java:setRole(184)) - ebd8d1f9-8297-450f-abe7-393807ba0c7e@group-B673650064C9: changes role from  FOLLOWER to FOLLOWER at term 71 for recognizeCandidate:79abbc2e-0a90-4a41-a17c-6388bb873359
2019-10-15 17:17:43,829 [grpc-default-executor-3] INFO  impl.RaftServerImpl (RaftServerImpl.java:setRole(184)) - dbc121b5-e1e8-4c61-9d50-542b699a3d90@group-B673650064C9: changes role from  FOLLOWER to FOLLOWER at term 71 for recognizeCandidate:79abbc2e-0a90-4a41-a17c-6388bb873359
2019-10-15 17:17:43,829 [grpc-default-executor-3] INFO  impl.RoleInfo (RoleInfo.java:shutdownFollowerState(121)) - dbc121b5-e1e8-4c61-9d50-542b699a3d90: shutdown FollowerState
2019-10-15 17:17:43,829 [grpc-default-executor-1] INFO  impl.RoleInfo (RoleInfo.java:shutdownFollowerState(121)) - ebd8d1f9-8297-450f-abe7-393807ba0c7e: shutdown FollowerState
2019-10-15 17:17:43,830 [Thread-647] INFO  impl.FollowerState (FollowerState.java:run(117)) - dbc121b5-e1e8-4c61-9d50-542b699a3d90@group-B673650064C9-FollowerState was interrupted: java.lang.InterruptedException: sleep interrupted
2019-10-15 17:17:43,830 [Thread-648] INFO  impl.FollowerState (FollowerState.java:run(117)) - ebd8d1f9-8297-450f-abe7-393807ba0c7e@group-B673650064C9-FollowerState was interrupted: java.lang.InterruptedException: sleep interrupted
2019-10-15 17:17:43,830 [grpc-default-executor-3] INFO  impl.RoleInfo (RoleInfo.java:updateAndGet(143)) - dbc121b5-e1e8-4c61-9d50-542b699a3d90: start FollowerState
2019-10-15 17:17:43,830 [grpc-default-executor-1] INFO  impl.RoleInfo (RoleInfo.java:updateAndGet(143)) - ebd8d1f9-8297-450f-abe7-393807ba0c7e: start FollowerState
2019-10-15 17:17:43,861 [79abbc2e-0a90-4a41-a17c-6388bb873359@group-B673650064C9-LeaderElection60] INFO  impl.LeaderElection (LeaderElection.java:logAndReturn(56)) - 79abbc2e-0a90-4a41-a17c-6388bb873359@group-B673650064C9-LeaderElection60: Election REJECTED; received 2 response(s) [79abbc2e-0a90-4a41-a17c-6388bb873359<-ebd8d1f9-8297-450f-abe7-393807ba0c7e#0:FAIL-t71, 79abbc2e-0a90-4a41-a17c-6388bb873359<-dbc121b5-e1e8-4c61-9d50-542b699a3d90#0:FAIL-t71] and 0 exception(s); 79abbc2e-0a90-4a41-a17c-6388bb873359@group-B673650064C9:t71, leader=null, voted=79abbc2e-0a90-4a41-a17c-6388bb873359, raftlog=79abbc2e-0a90-4a41-a17c-6388bb873359@group-B673650064C9-SegmentedRaftLog:OPENED:c-1,f-1,i0, conf=-1: [ebd8d1f9-8297-450f-abe7-393807ba0c7e:192.168.164.239:36510, dbc121b5-e1e8-4c61-9d50-542b699a3d90:192.168.164.239:43140, 79abbc2e-0a90-4a41-a17c-6388bb873359:192.168.164.239:37857], old=null
2019-10-15 17:17:43,861 [79abbc2e-0a90-4a41-a17c-6388bb873359@group-B673650064C9-LeaderElection60] INFO  impl.RaftServerImpl (RaftServerImpl.java:setRole(184)) - 79abbc2e-0a90-4a41-a17c-6388bb873359@group-B673650064C9: changes role from CANDIDATE to FOLLOWER at term 71 for DISCOVERED_A_NEW_TERM
2019-10-15 17:17:43,861 [79abbc2e-0a90-4a41-a17c-6388bb873359@group-B673650064C9-LeaderElection60] INFO  impl.RoleInfo (RoleInfo.java:shutdownLeaderElection(134)) - 79abbc2e-0a90-4a41-a17c-6388bb873359: shutdown LeaderElection
2019-10-15 17:17:43,862 [79abbc2e-0a90-4a41-a17c-6388bb873359@group-B673650064C9-LeaderElection60] INFO  impl.RoleInfo (RoleInfo.java:updateAndGet(143)) - 79abbc2e-0a90-4a41-a17c-6388bb873359: start FollowerState
2019-10-15 17:17:43,965 [Thread-655] INFO  impl.FollowerState (FollowerState.java:run(108)) - 79abbc2e-0a90-4a41-a17c-6388bb873359@group-B673650064C9-FollowerState: change to CANDIDATE, lastRpcTime:103ms, electionTimeout:103ms
2019-10-15 17:17:43,965 [Thread-655] INFO  impl.RoleInfo (RoleInfo.java:shutdownFollowerState(121)) - 79abbc2e-0a90-4a41-a17c-6388bb873359: shutdown FollowerState
2019-10-15 17:17:43,966 [Thread-655] INFO  impl.RaftServerImpl (RaftServerImpl.java:setRole(184)) - 79abbc2e-0a90-4a41-a17c-6388bb873359@group-B673650064C9: changes role from  FOLLOWER to CANDIDATE at term 71 for changeToCandidate
2019-10-15 17:17:43,966 [Thread-655] INFO  impl.RoleInfo (RoleInfo.java:updateAndGet(143)) - 79abbc2e-0a90-4a41-a17c-6388bb873359: start LeaderElection
2019-10-15 17:17:43,993 [79abbc2e-0a90-4a41-a17c-6388bb873359@group-B673650064C9-LeaderElection61] INFO  impl.LeaderElection (LeaderElection.java:askForVotes(178)) - 79abbc2e-0a90-4a41-a17c-6388bb873359@group-B673650064C9-LeaderElection61: begin an election at term 72 for -1: [ebd8d1f9-8297-450f-abe7-393807ba0c7e:192.168.164.239:36510, dbc121b5-e1e8-4c61-9d50-542b699a3d90:192.168.164.239:43140, 79abbc2e-0a90-4a41-a17c-6388bb873359:192.168.164.239:37857], old=null
2019-10-15 17:17:43,996 [grpc-default-executor-3] INFO  impl.RaftServerImpl (RaftServerImpl.java:setRole(184)) - ebd8d1f9-8297-450f-abe7-393807ba0c7e@group-B673650064C9: changes role from  FOLLOWER to FOLLOWER at term 72 for recognizeCandidate:79abbc2e-0a90-4a41-a17c-6388bb873359
2019-10-15 17:17:43,996 [grpc-default-executor-3] INFO  impl.RoleInfo (RoleInfo.java:shutdownFollowerState(121)) - ebd8d1f9-8297-450f-abe7-393807ba0c7e: shutdown FollowerState
2019-10-15 17:17:43,996 [grpc-default-executor-3] INFO  impl.RoleInfo (RoleInfo.java:updateAndGet(143)) - ebd8d1f9-8297-450f-abe7-393807ba0c7e: start FollowerState
2019-10-15 17:17:43,996 [Thread-654] INFO  impl.FollowerState (FollowerState.java:run(117)) - ebd8d1f9-8297-450f-abe7-393807ba0c7e@group-B673650064C9-FollowerState was interrupted: java.lang.InterruptedException: sleep interrupted
2019-10-15 17:17:43,996 [grpc-default-executor-1] INFO  impl.RaftServerImpl (RaftServerImpl.java:setRole(184)) - dbc121b5-e1e8-4c61-9d50-542b699a3d90@group-B673650064C9: changes role from  FOLLOWER to FOLLOWER at term 72 for recognizeCandidate:79abbc2e-0a90-4a41-a17c-6388bb873359
2019-10-15 17:17:43,996 [grpc-default-executor-1] INFO  impl.RoleInfo (RoleInfo.java:shutdownFollowerState(121)) - dbc121b5-e1e8-4c61-9d50-542b699a3d90: shutdown FollowerState
2019-10-15 17:17:43,996 [grpc-default-executor-1] INFO  impl.RoleInfo (RoleInfo.java:updateAndGet(143)) - dbc121b5-e1e8-4c61-9d50-542b699a3d90: start FollowerState
2019-10-15 17:17:43,996 [Thread-653] INFO  impl.FollowerState (FollowerState.java:run(117)) - dbc121b5-e1e8-4c61-9d50-542b699a3d90@group-B673650064C9-FollowerState was interrupted: java.lang.InterruptedException: sleep interrupted
2019-10-15 17:17:44,020 [79abbc2e-0a90-4a41-a17c-6388bb873359@group-B673650064C9-LeaderElection61] INFO  impl.LeaderElection (LeaderElection.java:logAndReturn(56)) - 79abbc2e-0a90-4a41-a17c-6388bb873359@group-B673650064C9-LeaderElection61: Election REJECTED; received 2 response(s) [79abbc2e-0a90-4a41-a17c-6388bb873359<-ebd8d1f9-8297-450f-abe7-393807ba0c7e#0:FAIL-t72, 79abbc2e-0a90-4a41-a17c-6388bb873359<-dbc121b5-e1e8-4c61-9d50-542b699a3d90#0:FAIL-t72] and 0 exception(s); 79abbc2e-0a90-4a41-a17c-6388bb873359@group-B673650064C9:t72, leader=null, voted=79abbc2e-0a90-4a41-a17c-6388bb873359, raftlog=79abbc2e-0a90-4a41-a17c-6388bb873359@group-B673650064C9-SegmentedRaftLog:OPENED:c-1,f-1,i0, conf=-1: [ebd8d1f9-8297-450f-abe7-393807ba0c7e:192.168.164.239:36510, dbc121b5-e1e8-4c61-9d50-542b699a3d90:192.168.164.239:43140, 79abbc2e-0a90-4a41-a17c-6388bb873359:192.168.164.239:37857], old=null
2019-10-15 17:17:44,020 [79abbc2e-0a90-4a41-a17c-6388bb873359@group-B673650064C9-LeaderElection61] INFO  impl.RaftServerImpl (RaftServerImpl.java:setRole(184)) - 79abbc2e-0a90-4a41-a17c-6388bb873359@group-B673650064C9: changes role from CANDIDATE to FOLLOWER at term 72 for DISCOVERED_A_NEW_TERM
2019-10-15 17:17:44,020 [79abbc2e-0a90-4a41-a17c-6388bb873359@group-B673650064C9-LeaderElection61] INFO  impl.RoleInfo (RoleInfo.java:shutdownLeaderElection(134)) - 79abbc2e-0a90-4a41-a17c-6388bb873359: shutdown LeaderElection
2019-10-15 17:17:44,020 [79abbc2e-0a90-4a41-a17c-6388bb873359@group-B673650064C9-LeaderElection61] INFO  impl.RoleInfo (RoleInfo.java:updateAndGet(143)) - 79abbc2e-0a90-4a41-a17c-6388bb873359: start FollowerState
2019-10-15 17:17:44,116 [Thread-661] INFO  impl.FollowerState (FollowerState.java:run(108)) - 79abbc2e-0a90-4a41-a17c-6388bb873359@group-B673650064C9-FollowerState: change to CANDIDATE, lastRpcTime:95ms, electionTimeout:95ms
2019-10-15 17:17:44,116 [Thread-661] INFO  impl.RoleInfo (RoleInfo.java:shutdownFollowerState(121)) - 79abbc2e-0a90-4a41-a17c-6388bb873359: shutdown FollowerState
2019-10-15 17:17:44,116 [Thread-661] INFO  impl.RaftServerImpl (RaftServerImpl.java:setRole(184)) - 79abbc2e-0a90-4a41-a17c-6388bb873359@group-B673650064C9: changes role from  FOLLOWER to CANDIDATE at term 72 for changeToCandidate
2019-10-15 17:17:44,116 [Thread-661] INFO  impl.RoleInfo (RoleInfo.java:updateAndGet(143)) - 79abbc2e-0a90-4a41-a17c-6388bb873359: start LeaderElection
2019-10-15 17:17:44,144 [79abbc2e-0a90-4a41-a17c-6388bb873359@group-B673650064C9-LeaderElection62] INFO  impl.LeaderElection (LeaderElection.java:askForVotes(178)) - 79abbc2e-0a90-4a41-a17c-6388bb873359@group-B673650064C9-LeaderElection62: begin an election at term 73 for -1: [ebd8d1f9-8297-450f-abe7-393807ba0c7e:192.168.164.239:36510, dbc121b5-e1e8-4c61-9d50-542b699a3d90:192.168.164.239:43140, 79abbc2e-0a90-4a41-a17c-6388bb873359:192.168.164.239:37857], old=null
2019-10-15 17:17:44,147 [grpc-default-executor-1] INFO  impl.RaftServerImpl (RaftServerImpl.java:setRole(184)) - ebd8d1f9-8297-450f-abe7-393807ba0c7e@group-B673650064C9: changes role from  FOLLOWER to FOLLOWER at term 73 for recognizeCandidate:79abbc2e-0a90-4a41-a17c-6388bb873359
2019-10-15 17:17:44,147 [grpc-default-executor-3] INFO  impl.RaftServerImpl (RaftServerImpl.java:setRole(184)) - dbc121b5-e1e8-4c61-9d50-542b699a3d90@group-B673650064C9: changes role from  FOLLOWER to FOLLOWER at term 73 for recognizeCandidate:79abbc2e-0a90-4a41-a17c-6388bb873359
2019-10-15 17:17:44,148 [grpc-default-executor-1] INFO  impl.RoleInfo (RoleInfo.java:shutdownFollowerState(121)) - ebd8d1f9-8297-450f-abe7-393807ba0c7e: shutdown FollowerState
2019-10-15 17:17:44,148 [grpc-default-executor-3] INFO  impl.RoleInfo (RoleInfo.java:shutdownFollowerState(121)) - dbc121b5-e1e8-4c61-9d50-542b699a3d90: shutdown FollowerState
2019-10-15 17:17:44,148 [Thread-659] INFO  impl.FollowerState (FollowerState.java:run(117)) - ebd8d1f9-8297-450f-abe7-393807ba0c7e@group-B673650064C9-FollowerState was interrupted: java.lang.InterruptedException: sleep interrupted
2019-10-15 17:17:44,148 [grpc-default-executor-1] INFO  impl.RoleInfo (RoleInfo.java:updateAndGet(143)) - ebd8d1f9-8297-450f-abe7-393807ba0c7e: start FollowerState
2019-10-15 17:17:44,148 [Thread-660] INFO  impl.FollowerState (FollowerState.java:run(117)) - dbc121b5-e1e8-4c61-9d50-542b699a3d90@group-B673650064C9-FollowerState was interrupted: java.lang.InterruptedException: sleep interrupted
2019-10-15 17:17:44,148 [grpc-default-executor-3] INFO  impl.RoleInfo (RoleInfo.java:updateAndGet(143)) - dbc121b5-e1e8-4c61-9d50-542b699a3d90: start FollowerState
2019-10-15 17:17:44,179 [79abbc2e-0a90-4a41-a17c-6388bb873359@group-B673650064C9-LeaderElection62] INFO  impl.LeaderElection (LeaderElection.java:logAndReturn(56)) - 79abbc2e-0a90-4a41-a17c-6388bb873359@group-B673650064C9-LeaderElection62: Election REJECTED; received 2 response(s) [79abbc2e-0a90-4a41-a17c-6388bb873359<-ebd8d1f9-8297-450f-abe7-393807ba0c7e#0:FAIL-t73, 79abbc2e-0a90-4a41-a17c-6388bb873359<-dbc121b5-e1e8-4c61-9d50-542b699a3d90#0:FAIL-t73] and 0 exception(s); 79abbc2e-0a90-4a41-a17c-6388bb873359@group-B673650064C9:t73, leader=null, voted=79abbc2e-0a90-4a41-a17c-6388bb873359, raftlog=79abbc2e-0a90-4a41-a17c-6388bb873359@group-B673650064C9-SegmentedRaftLog:OPENED:c-1,f-1,i0, conf=-1: [ebd8d1f9-8297-450f-abe7-393807ba0c7e:192.168.164.239:36510, dbc121b5-e1e8-4c61-9d50-542b699a3d90:192.168.164.239:43140, 79abbc2e-0a90-4a41-a17c-6388bb873359:192.168.164.239:37857], old=null
2019-10-15 17:17:44,179 [79abbc2e-0a90-4a41-a17c-6388bb873359@group-B673650064C9-LeaderElection62] INFO  impl.RaftServerImpl (RaftServerImpl.java:setRole(184)) - 79abbc2e-0a90-4a41-a17c-6388bb873359@group-B673650064C9: changes role from CANDIDATE to FOLLOWER at term 73 for DISCOVERED_A_NEW_TERM
2019-10-15 17:17:44,179 [79abbc2e-0a90-4a41-a17c-6388bb873359@group-B673650064C9-LeaderElection62] INFO  impl.RoleInfo (RoleInfo.java:shutdownLeaderElection(134)) - 79abbc2e-0a90-4a41-a17c-6388bb873359: shutdown LeaderElection
2019-10-15 17:17:44,179 [79abbc2e-0a90-4a41-a17c-6388bb873359@group-B673650064C9-LeaderElection62] INFO  impl.RoleInfo (RoleInfo.java:updateAndGet(143)) - 79abbc2e-0a90-4a41-a17c-6388bb873359: start FollowerState
2019-10-15 17:17:44,267 [Thread-667] INFO  impl.FollowerState (FollowerState.java:run(108)) - 79abbc2e-0a90-4a41-a17c-6388bb873359@group-B673650064C9-FollowerState: change to CANDIDATE, lastRpcTime:87ms, electionTimeout:87ms
2019-10-15 17:17:44,267 [Thread-667] INFO  impl.RoleInfo (RoleInfo.java:shutdownFollowerState(121)) - 79abbc2e-0a90-4a41-a17c-6388bb873359: shutdown FollowerState
2019-10-15 17:17:44,267 [Thread-667] INFO  impl.RaftServerImpl (RaftServerImpl.java:setRole(184)) - 79abbc2e-0a90-4a41-a17c-6388bb873359@group-B673650064C9: changes role from  FOLLOWER to CANDIDATE at term 73 for changeToCandidate
2019-10-15 17:17:44,268 [Thread-667] INFO  impl.RoleInfo (RoleInfo.java:updateAndGet(143)) - 79abbc2e-0a90-4a41-a17c-6388bb873359: start LeaderElection
2019-10-15 17:17:44,294 [79abbc2e-0a90-4a41-a17c-6388bb873359@group-B673650064C9-LeaderElection63] INFO  impl.LeaderElection (LeaderElection.java:askForVotes(178)) - 79abbc2e-0a90-4a41-a17c-6388bb873359@group-B673650064C9-LeaderElection63: begin an election at term 74 for -1: [ebd8d1f9-8297-450f-abe7-393807ba0c7e:192.168.164.239:36510, dbc121b5-e1e8-4c61-9d50-542b699a3d90:192.168.164.239:43140, 79abbc2e-0a90-4a41-a17c-6388bb873359:192.168.164.239:37857], old=null
2019-10-15 17:17:44,297 [grpc-default-executor-3] INFO  impl.RaftServerImpl (RaftServerImpl.java:setRole(184)) - dbc121b5-e1e8-4c61-9d50-542b699a3d90@group-B673650064C9: changes role from  FOLLOWER to FOLLOWER at term 74 for recognizeCandidate:79abbc2e-0a90-4a41-a17c-6388bb873359
2019-10-15 17:17:44,297 [grpc-default-executor-3] INFO  impl.RoleInfo (RoleInfo.java:shutdownFollowerState(121)) - dbc121b5-e1e8-4c61-9d50-542b699a3d90: shutdown FollowerState
2019-10-15 17:17:44,297 [grpc-default-executor-1] INFO  impl.RaftServerImpl (RaftServerImpl.java:setRole(184)) - ebd8d1f9-8297-450f-abe7-393807ba0c7e@group-B673650064C9: changes role from  FOLLOWER to FOLLOWER at term 74 for recognizeCandidate:79abbc2e-0a90-4a41-a17c-6388bb873359
2019-10-15 17:17:44,297 [grpc-default-executor-3] INFO  impl.RoleInfo (RoleInfo.java:updateAndGet(143)) - dbc121b5-e1e8-4c61-9d50-542b699a3d90: start FollowerState
2019-10-15 17:17:44,297 [Thread-666] INFO  impl.FollowerState (FollowerState.java:run(117)) - dbc121b5-e1e8-4c61-9d50-542b699a3d90@group-B673650064C9-FollowerState was interrupted: java.lang.InterruptedException: sleep interrupted
2019-10-15 17:17:44,297 [grpc-default-executor-1] INFO  impl.RoleInfo (RoleInfo.java:shutdownFollowerState(121)) - ebd8d1f9-8297-450f-abe7-393807ba0c7e: shutdown FollowerState
2019-10-15 17:17:44,298 [grpc-default-executor-1] INFO  impl.RoleInfo (RoleInfo.java:updateAndGet(143)) - ebd8d1f9-8297-450f-abe7-393807ba0c7e: start FollowerState
2019-10-15 17:17:44,298 [Thread-665] INFO  impl.FollowerState (FollowerState.java:run(117)) - ebd8d1f9-8297-450f-abe7-393807ba0c7e@group-B673650064C9-FollowerState was interrupted: java.lang.InterruptedException: sleep interrupted
2019-10-15 17:17:44,321 [79abbc2e-0a90-4a41-a17c-6388bb873359@group-B673650064C9-LeaderElection63] INFO  impl.LeaderElection (LeaderElection.java:logAndReturn(56)) - 79abbc2e-0a90-4a41-a17c-6388bb873359@group-B673650064C9-LeaderElection63: Election REJECTED; received 2 response(s) [79abbc2e-0a90-4a41-a17c-6388bb873359<-ebd8d1f9-8297-450f-abe7-393807ba0c7e#0:FAIL-t74, 79abbc2e-0a90-4a41-a17c-6388bb873359<-dbc121b5-e1e8-4c61-9d50-542b699a3d90#0:FAIL-t74] and 0 exception(s); 79abbc2e-0a90-4a41-a17c-6388bb873359@group-B673650064C9:t74, leader=null, voted=79abbc2e-0a90-4a41-a17c-6388bb873359, raftlog=79abbc2e-0a90-4a41-a17c-6388bb873359@group-B673650064C9-SegmentedRaftLog:OPENED:c-1,f-1,i0, conf=-1: [ebd8d1f9-8297-450f-abe7-393807ba0c7e:192.168.164.239:36510, dbc121b5-e1e8-4c61-9d50-542b699a3d90:192.168.164.239:43140, 79abbc2e-0a90-4a41-a17c-6388bb873359:192.168.164.239:37857], old=null
2019-10-15 17:17:44,321 [79abbc2e-0a90-4a41-a17c-6388bb873359@group-B673650064C9-LeaderElection63] INFO  impl.RaftServerImpl (RaftServerImpl.java:setRole(184)) - 79abbc2e-0a90-4a41-a17c-6388bb873359@group-B673650064C9: changes role from CANDIDATE to FOLLOWER at term 74 for DISCOVERED_A_NEW_TERM
2019-10-15 17:17:44,321 [79abbc2e-0a90-4a41-a17c-6388bb873359@group-B673650064C9-LeaderElection63] INFO  impl.RoleInfo (RoleInfo.java:shutdownLeaderElection(134)) - 79abbc2e-0a90-4a41-a17c-6388bb873359: shutdown LeaderElection
2019-10-15 17:17:44,321 [79abbc2e-0a90-4a41-a17c-6388bb873359@group-B673650064C9-LeaderElection63] INFO  impl.RoleInfo (RoleInfo.java:updateAndGet(143)) - 79abbc2e-0a90-4a41-a17c-6388bb873359: start FollowerState
2019-10-15 17:17:44,363 [Thread-673] INFO  impl.FollowerState (FollowerState.java:run(108)) - 79abbc2e-0a90-4a41-a17c-6388bb873359@group-B673650064C9-FollowerState: change to CANDIDATE, lastRpcTime:42ms, electionTimeout:42ms
2019-10-15 17:17:44,363 [Thread-673] INFO  impl.RoleInfo (RoleInfo.java:shutdownFollowerState(121)) - 79abbc2e-0a90-4a41-a17c-6388bb873359: shutdown FollowerState
2019-10-15 17:17:44,364 [Thread-673] INFO  impl.RaftServerImpl (RaftServerImpl.java:setRole(184)) - 79abbc2e-0a90-4a41-a17c-6388bb873359@group-B673650064C9: changes role from  FOLLOWER to CANDIDATE at term 74 for changeToCandidate
2019-10-15 17:17:44,364 [Thread-673] INFO  impl.RoleInfo (RoleInfo.java:updateAndGet(143)) - 79abbc2e-0a90-4a41-a17c-6388bb873359: start LeaderElection
2019-10-15 17:17:44,387 [79abbc2e-0a90-4a41-a17c-6388bb873359@group-B673650064C9-LeaderElection64] INFO  impl.LeaderElection (LeaderElection.java:askForVotes(178)) - 79abbc2e-0a90-4a41-a17c-6388bb873359@group-B673650064C9-LeaderElection64: begin an election at term 75 for -1: [ebd8d1f9-8297-450f-abe7-393807ba0c7e:192.168.164.239:36510, dbc121b5-e1e8-4c61-9d50-542b699a3d90:192.168.164.239:43140, 79abbc2e-0a90-4a41-a17c-6388bb873359:192.168.164.239:37857], old=null
2019-10-15 17:17:44,390 [grpc-default-executor-3] INFO  impl.RaftServerImpl (RaftServerImpl.java:setRole(184)) - dbc121b5-e1e8-4c61-9d50-542b699a3d90@group-B673650064C9: changes role from  FOLLOWER to FOLLOWER at term 75 for recognizeCandidate:79abbc2e-0a90-4a41-a17c-6388bb873359
2019-10-15 17:17:44,390 [grpc-default-executor-1] INFO  impl.RaftServerImpl (RaftServerImpl.java:setRole(184)) - ebd8d1f9-8297-450f-abe7-393807ba0c7e@group-B673650064C9: changes role from  FOLLOWER to FOLLOWER at term 75 for recognizeCandidate:79abbc2e-0a90-4a41-a17c-6388bb873359
2019-10-15 17:17:44,390 [grpc-default-executor-3] INFO  impl.RoleInfo (RoleInfo.java:shutdownFollowerState(121)) - dbc121b5-e1e8-4c61-9d50-542b699a3d90: shutdown FollowerState
2019-10-15 17:17:44,390 [grpc-default-executor-1] INFO  impl.RoleInfo (RoleInfo.java:shutdownFollowerState(121)) - ebd8d1f9-8297-450f-abe7-393807ba0c7e: shutdown FollowerState
2019-10-15 17:17:44,390 [grpc-default-executor-3] INFO  impl.RoleInfo (RoleInfo.java:updateAndGet(143)) - dbc121b5-e1e8-4c61-9d50-542b699a3d90: start FollowerState
2019-10-15 17:17:44,390 [grpc-default-executor-1] INFO  impl.RoleInfo (RoleInfo.java:updateAndGet(143)) - ebd8d1f9-8297-450f-abe7-393807ba0c7e: start FollowerState
2019-10-15 17:17:44,390 [Thread-672] INFO  impl.FollowerState (FollowerState.java:run(117)) - ebd8d1f9-8297-450f-abe7-393807ba0c7e@group-B673650064C9-FollowerState was interrupted: java.lang.InterruptedException: sleep interrupted
2019-10-15 17:17:44,390 [Thread-671] INFO  impl.FollowerState (FollowerState.java:run(117)) - dbc121b5-e1e8-4c61-9d50-542b699a3d90@group-B673650064C9-FollowerState was interrupted: java.lang.InterruptedException: sleep interrupted
2019-10-15 17:17:44,414 [79abbc2e-0a90-4a41-a17c-6388bb873359@group-B673650064C9-LeaderElection64] INFO  impl.LeaderElection (LeaderElection.java:logAndReturn(56)) - 79abbc2e-0a90-4a41-a17c-6388bb873359@group-B673650064C9-LeaderElection64: Election REJECTED; received 2 response(s) [79abbc2e-0a90-4a41-a17c-6388bb873359<-ebd8d1f9-8297-450f-abe7-393807ba0c7e#0:FAIL-t75, 79abbc2e-0a90-4a41-a17c-6388bb873359<-dbc121b5-e1e8-4c61-9d50-542b699a3d90#0:FAIL-t75] and 0 exception(s); 79abbc2e-0a90-4a41-a17c-6388bb873359@group-B673650064C9:t75, leader=null, voted=79abbc2e-0a90-4a41-a17c-6388bb873359, raftlog=79abbc2e-0a90-4a41-a17c-6388bb873359@group-B673650064C9-SegmentedRaftLog:OPENED:c-1,f-1,i0, conf=-1: [ebd8d1f9-8297-450f-abe7-393807ba0c7e:192.168.164.239:36510, dbc121b5-e1e8-4c61-9d50-542b699a3d90:192.168.164.239:43140, 79abbc2e-0a90-4a41-a17c-6388bb873359:192.168.164.239:37857], old=null
2019-10-15 17:17:44,414 [79abbc2e-0a90-4a41-a17c-6388bb873359@group-B673650064C9-LeaderElection64] INFO  impl.RaftServerImpl (RaftServerImpl.java:setRole(184)) - 79abbc2e-0a90-4a41-a17c-6388bb873359@group-B673650064C9: changes role from CANDIDATE to FOLLOWER at term 75 for DISCOVERED_A_NEW_TERM
2019-10-15 17:17:44,414 [79abbc2e-0a90-4a41-a17c-6388bb873359@group-B673650064C9-LeaderElection64] INFO  impl.RoleInfo (RoleInfo.java:shutdownLeaderElection(134)) - 79abbc2e-0a90-4a41-a17c-6388bb873359: shutdown LeaderElection
2019-10-15 17:17:44,414 [79abbc2e-0a90-4a41-a17c-6388bb873359@group-B673650064C9-LeaderElection64] INFO  impl.RoleInfo (RoleInfo.java:updateAndGet(143)) - 79abbc2e-0a90-4a41-a17c-6388bb873359: start FollowerState
2019-10-15 17:17:44,513 [Thread-679] INFO  impl.FollowerState (FollowerState.java:run(108)) - 79abbc2e-0a90-4a41-a17c-6388bb873359@group-B673650064C9-FollowerState: change to CANDIDATE, lastRpcTime:99ms, electionTimeout:99ms
2019-10-15 17:17:44,514 [Thread-679] INFO  impl.RoleInfo (RoleInfo.java:shutdownFollowerState(121)) - 79abbc2e-0a90-4a41-a17c-6388bb873359: shutdown FollowerState
2019-10-15 17:17:44,514 [Thread-679] INFO  impl.RaftServerImpl (RaftServerImpl.java:setRole(184)) - 79abbc2e-0a90-4a41-a17c-6388bb873359@group-B673650064C9: changes role from  FOLLOWER to CANDIDATE at term 75 for changeToCandidate
2019-10-15 17:17:44,514 [Thread-679] INFO  impl.RoleInfo (RoleInfo.java:updateAndGet(143)) - 79abbc2e-0a90-4a41-a17c-6388bb873359: start LeaderElection
2019-10-15 17:17:44,537 [79abbc2e-0a90-4a41-a17c-6388bb873359@group-B673650064C9-LeaderElection65] INFO  impl.LeaderElection (LeaderElection.java:askForVotes(178)) - 79abbc2e-0a90-4a41-a17c-6388bb873359@group-B673650064C9-LeaderElection65: begin an election at term 76 for -1: [ebd8d1f9-8297-450f-abe7-393807ba0c7e:192.168.164.239:36510, dbc121b5-e1e8-4c61-9d50-542b699a3d90:192.168.164.239:43140, 79abbc2e-0a90-4a41-a17c-6388bb873359:192.168.164.239:37857], old=null
2019-10-15 17:17:44,542 [grpc-default-executor-1] INFO  impl.RaftServerImpl (RaftServerImpl.java:setRole(184)) - dbc121b5-e1e8-4c61-9d50-542b699a3d90@group-B673650064C9: changes role from  FOLLOWER to FOLLOWER at term 76 for recognizeCandidate:79abbc2e-0a90-4a41-a17c-6388bb873359
2019-10-15 17:17:44,542 [grpc-default-executor-1] INFO  impl.RoleInfo (RoleInfo.java:shutdownFollowerState(121)) - dbc121b5-e1e8-4c61-9d50-542b699a3d90: shutdown FollowerState
2019-10-15 17:17:44,542 [grpc-default-executor-0] INFO  impl.RaftServerImpl (RaftServerImpl.java:setRole(184)) - ebd8d1f9-8297-450f-abe7-393807ba0c7e@group-B673650064C9: changes role from  FOLLOWER to FOLLOWER at term 76 for recognizeCandidate:79abbc2e-0a90-4a41-a17c-6388bb873359
2019-10-15 17:17:44,543 [Thread-677] INFO  impl.FollowerState (FollowerState.java:run(117)) - dbc121b5-e1e8-4c61-9d50-542b699a3d90@group-B673650064C9-FollowerState was interrupted: java.lang.InterruptedException: sleep interrupted
2019-10-15 17:17:44,543 [grpc-default-executor-1] INFO  impl.RoleInfo (RoleInfo.java:updateAndGet(143)) - dbc121b5-e1e8-4c61-9d50-542b699a3d90: start FollowerState
2019-10-15 17:17:44,543 [grpc-default-executor-0] INFO  impl.RoleInfo (RoleInfo.java:shutdownFollowerState(121)) - ebd8d1f9-8297-450f-abe7-393807ba0c7e: shutdown FollowerState
2019-10-15 17:17:44,543 [grpc-default-executor-0] INFO  impl.RoleInfo (RoleInfo.java:updateAndGet(143)) - ebd8d1f9-8297-450f-abe7-393807ba0c7e: start FollowerState
2019-10-15 17:17:44,543 [Thread-678] INFO  impl.FollowerState (FollowerState.java:run(117)) - ebd8d1f9-8297-450f-abe7-393807ba0c7e@group-B673650064C9-FollowerState was interrupted: java.lang.InterruptedException: sleep interrupted
2019-10-15 17:17:44,572 [79abbc2e-0a90-4a41-a17c-6388bb873359@group-B673650064C9-LeaderElection65] INFO  impl.LeaderElection (LeaderElection.java:logAndReturn(56)) - 79abbc2e-0a90-4a41-a17c-6388bb873359@group-B673650064C9-LeaderElection65: Election TIMEOUT; received 0 response(s) [] and 0 exception(s); 79abbc2e-0a90-4a41-a17c-6388bb873359@group-B673650064C9:t76, leader=null, voted=79abbc2e-0a90-4a41-a17c-6388bb873359, raftlog=79abbc2e-0a90-4a41-a17c-6388bb873359@group-B673650064C9-SegmentedRaftLog:OPENED:c-1,f-1,i0, conf=-1: [ebd8d1f9-8297-450f-abe7-393807ba0c7e:192.168.164.239:36510, dbc121b5-e1e8-4c61-9d50-542b699a3d90:192.168.164.239:43140, 79abbc2e-0a90-4a41-a17c-6388bb873359:192.168.164.239:37857], old=null
2019-10-15 17:17:44,596 [79abbc2e-0a90-4a41-a17c-6388bb873359@group-B673650064C9-LeaderElection65] INFO  impl.LeaderElection (LeaderElection.java:askForVotes(178)) - 79abbc2e-0a90-4a41-a17c-6388bb873359@group-B673650064C9-LeaderElection65: begin an election at term 77 for -1: [ebd8d1f9-8297-450f-abe7-393807ba0c7e:192.168.164.239:36510, dbc121b5-e1e8-4c61-9d50-542b699a3d90:192.168.164.239:43140, 79abbc2e-0a90-4a41-a17c-6388bb873359:192.168.164.239:37857], old=null
2019-10-15 17:17:44,599 [grpc-default-executor-1] INFO  impl.RaftServerImpl (RaftServerImpl.java:setRole(184)) - dbc121b5-e1e8-4c61-9d50-542b699a3d90@group-B673650064C9: changes role from  FOLLOWER to FOLLOWER at term 77 for recognizeCandidate:79abbc2e-0a90-4a41-a17c-6388bb873359
2019-10-15 17:17:44,599 [grpc-default-executor-1] INFO  impl.RoleInfo (RoleInfo.java:shutdownFollowerState(121)) - dbc121b5-e1e8-4c61-9d50-542b699a3d90: shutdown FollowerState
2019-10-15 17:17:44,599 [grpc-default-executor-0] INFO  impl.RaftServerImpl (RaftServerImpl.java:setRole(184)) - ebd8d1f9-8297-450f-abe7-393807ba0c7e@group-B673650064C9: changes role from  FOLLOWER to FOLLOWER at term 77 for recognizeCandidate:79abbc2e-0a90-4a41-a17c-6388bb873359
2019-10-15 17:17:44,599 [Thread-684] INFO  impl.FollowerState (FollowerState.java:run(117)) - dbc121b5-e1e8-4c61-9d50-542b699a3d90@group-B673650064C9-FollowerState was interrupted: java.lang.InterruptedException: sleep interrupted
2019-10-15 17:17:44,599 [grpc-default-executor-0] INFO  impl.RoleInfo (RoleInfo.java:shutdownFollowerState(121)) - ebd8d1f9-8297-450f-abe7-393807ba0c7e: shutdown FollowerState
2019-10-15 17:17:44,599 [grpc-default-executor-1] INFO  impl.RoleInfo (RoleInfo.java:updateAndGet(143)) - dbc121b5-e1e8-4c61-9d50-542b699a3d90: start FollowerState
2019-10-15 17:17:44,600 [Thread-685] INFO  impl.FollowerState (FollowerState.java:run(117)) - ebd8d1f9-8297-450f-abe7-393807ba0c7e@group-B673650064C9-FollowerState was interrupted: java.lang.InterruptedException: sleep interrupted
2019-10-15 17:17:44,600 [grpc-default-executor-0] INFO  impl.RoleInfo (RoleInfo.java:updateAndGet(143)) - ebd8d1f9-8297-450f-abe7-393807ba0c7e: start FollowerState
2019-10-15 17:17:44,623 [79abbc2e-0a90-4a41-a17c-6388bb873359@group-B673650064C9-LeaderElection65] INFO  impl.LeaderElection (LeaderElection.java:logAndReturn(56)) - 79abbc2e-0a90-4a41-a17c-6388bb873359@group-B673650064C9-LeaderElection65: Election REJECTED; received 2 response(s) [79abbc2e-0a90-4a41-a17c-6388bb873359<-ebd8d1f9-8297-450f-abe7-393807ba0c7e#0:FAIL-t77, 79abbc2e-0a90-4a41-a17c-6388bb873359<-dbc121b5-e1e8-4c61-9d50-542b699a3d90#0:FAIL-t77] and 0 exception(s); 79abbc2e-0a90-4a41-a17c-6388bb873359@group-B673650064C9:t77, leader=null, voted=79abbc2e-0a90-4a41-a17c-6388bb873359, raftlog=79abbc2e-0a90-4a41-a17c-6388bb873359@group-B673650064C9-SegmentedRaftLog:OPENED:c-1,f-1,i0, conf=-1: [ebd8d1f9-8297-450f-abe7-393807ba0c7e:192.168.164.239:36510, dbc121b5-e1e8-4c61-9d50-542b699a3d90:192.168.164.239:43140, 79abbc2e-0a90-4a41-a17c-6388bb873359:192.168.164.239:37857], old=null
2019-10-15 17:17:44,623 [79abbc2e-0a90-4a41-a17c-6388bb873359@group-B673650064C9-LeaderElection65] INFO  impl.RaftServerImpl (RaftServerImpl.java:setRole(184)) - 79abbc2e-0a90-4a41-a17c-6388bb873359@group-B673650064C9: changes role from CANDIDATE to FOLLOWER at term 77 for DISCOVERED_A_NEW_TERM
2019-10-15 17:17:44,623 [79abbc2e-0a90-4a41-a17c-6388bb873359@group-B673650064C9-LeaderElection65] INFO  impl.RoleInfo (RoleInfo.java:shutdownLeaderElection(134)) - 79abbc2e-0a90-4a41-a17c-6388bb873359: shutdown LeaderElection
2019-10-15 17:17:44,624 [79abbc2e-0a90-4a41-a17c-6388bb873359@group-B673650064C9-LeaderElection65] INFO  impl.RoleInfo (RoleInfo.java:updateAndGet(143)) - 79abbc2e-0a90-4a41-a17c-6388bb873359: start FollowerState
2019-10-15 17:17:44,779 [Thread-691] INFO  impl.FollowerState (FollowerState.java:run(108)) - 79abbc2e-0a90-4a41-a17c-6388bb873359@group-B673650064C9-FollowerState: change to CANDIDATE, lastRpcTime:155ms, electionTimeout:155ms
2019-10-15 17:17:44,779 [Thread-691] INFO  impl.RoleInfo (RoleInfo.java:shutdownFollowerState(121)) - 79abbc2e-0a90-4a41-a17c-6388bb873359: shutdown FollowerState
2019-10-15 17:17:44,779 [Thread-691] INFO  impl.RaftServerImpl (RaftServerImpl.java:setRole(184)) - 79abbc2e-0a90-4a41-a17c-6388bb873359@group-B673650064C9: changes role from  FOLLOWER to CANDIDATE at term 77 for changeToCandidate
2019-10-15 17:17:44,780 [Thread-691] INFO  impl.RoleInfo (RoleInfo.java:updateAndGet(143)) - 79abbc2e-0a90-4a41-a17c-6388bb873359: start LeaderElection
2019-10-15 17:17:44,806 [79abbc2e-0a90-4a41-a17c-6388bb873359@group-B673650064C9-LeaderElection66] INFO  impl.LeaderElection (LeaderElection.java:askForVotes(178)) - 79abbc2e-0a90-4a41-a17c-6388bb873359@group-B673650064C9-LeaderElection66: begin an election at term 78 for -1: [ebd8d1f9-8297-450f-abe7-393807ba0c7e:192.168.164.239:36510, dbc121b5-e1e8-4c61-9d50-542b699a3d90:192.168.164.239:43140, 79abbc2e-0a90-4a41-a17c-6388bb873359:192.168.164.239:37857], old=null
2019-10-15 17:17:44,809 [grpc-default-executor-1] INFO  impl.RaftServerImpl (RaftServerImpl.java:setRole(184)) - ebd8d1f9-8297-450f-abe7-393807ba0c7e@group-B673650064C9: changes role from  FOLLOWER to FOLLOWER at term 78 for recognizeCandidate:79abbc2e-0a90-4a41-a17c-6388bb873359
2019-10-15 17:17:44,809 [grpc-default-executor-0] INFO  impl.RaftServerImpl (RaftServerImpl.java:setRole(184)) - dbc121b5-e1e8-4c61-9d50-542b699a3d90@group-B673650064C9: changes role from  FOLLOWER to FOLLOWER at term 78 for recognizeCandidate:79abbc2e-0a90-4a41-a17c-6388bb873359
2019-10-15 17:17:44,809 [grpc-default-executor-1] INFO  impl.RoleInfo (RoleInfo.java:shutdownFollowerState(121)) - ebd8d1f9-8297-450f-abe7-393807ba0c7e: shutdown FollowerState
2019-10-15 17:17:44,809 [grpc-default-executor-0] INFO  impl.RoleInfo (RoleInfo.java:shutdownFollowerState(121)) - dbc121b5-e1e8-4c61-9d50-542b699a3d90: shutdown FollowerState
2019-10-15 17:17:44,810 [Thread-690] INFO  impl.FollowerState (FollowerState.java:run(117)) - ebd8d1f9-8297-450f-abe7-393807ba0c7e@group-B673650064C9-FollowerState was interrupted: java.lang.InterruptedException: sleep interrupted
2019-10-15 17:17:44,810 [grpc-default-executor-1] INFO  impl.RoleInfo (RoleInfo.java:updateAndGet(143)) - ebd8d1f9-8297-450f-abe7-393807ba0c7e: start FollowerState
2019-10-15 17:17:44,810 [Thread-689] INFO  impl.FollowerState (FollowerState.java:run(117)) - dbc121b5-e1e8-4c61-9d50-542b699a3d90@group-B673650064C9-FollowerState was interrupted: java.lang.InterruptedException: sleep interrupted
2019-10-15 17:17:44,810 [grpc-default-executor-0] INFO  impl.RoleInfo (RoleInfo.java:updateAndGet(143)) - dbc121b5-e1e8-4c61-9d50-542b699a3d90: start FollowerState
2019-10-15 17:17:44,841 [79abbc2e-0a90-4a41-a17c-6388bb873359@group-B673650064C9-LeaderElection66] INFO  impl.LeaderElection (LeaderElection.java:logAndReturn(56)) - 79abbc2e-0a90-4a41-a17c-6388bb873359@group-B673650064C9-LeaderElection66: Election REJECTED; received 2 response(s) [79abbc2e-0a90-4a41-a17c-6388bb873359<-ebd8d1f9-8297-450f-abe7-393807ba0c7e#0:FAIL-t78, 79abbc2e-0a90-4a41-a17c-6388bb873359<-dbc121b5-e1e8-4c61-9d50-542b699a3d90#0:FAIL-t78] and 0 exception(s); 79abbc2e-0a90-4a41-a17c-6388bb873359@group-B673650064C9:t78, leader=null, voted=79abbc2e-0a90-4a41-a17c-6388bb873359, raftlog=79abbc2e-0a90-4a41-a17c-6388bb873359@group-B673650064C9-SegmentedRaftLog:OPENED:c-1,f-1,i0, conf=-1: [ebd8d1f9-8297-450f-abe7-393807ba0c7e:192.168.164.239:36510, dbc121b5-e1e8-4c61-9d50-542b699a3d90:192.168.164.239:43140, 79abbc2e-0a90-4a41-a17c-6388bb873359:192.168.164.239:37857], old=null
2019-10-15 17:17:44,841 [79abbc2e-0a90-4a41-a17c-6388bb873359@group-B673650064C9-LeaderElection66] INFO  impl.RaftServerImpl (RaftServerImpl.java:setRole(184)) - 79abbc2e-0a90-4a41-a17c-6388bb873359@group-B673650064C9: changes role from CANDIDATE to FOLLOWER at term 78 for DISCOVERED_A_NEW_TERM
2019-10-15 17:17:44,841 [79abbc2e-0a90-4a41-a17c-6388bb873359@group-B673650064C9-LeaderElection66] INFO  impl.RoleInfo (RoleInfo.java:shutdownLeaderElection(134)) - 79abbc2e-0a90-4a41-a17c-6388bb873359: shutdown LeaderElection
2019-10-15 17:17:44,841 [79abbc2e-0a90-4a41-a17c-6388bb873359@group-B673650064C9-LeaderElection66] INFO  impl.RoleInfo (RoleInfo.java:updateAndGet(143)) - 79abbc2e-0a90-4a41-a17c-6388bb873359: start FollowerState
2019-10-15 17:17:44,879 [Thread-697] INFO  impl.FollowerState (FollowerState.java:run(108)) - 79abbc2e-0a90-4a41-a17c-6388bb873359@group-B673650064C9-FollowerState: change to CANDIDATE, lastRpcTime:37ms, electionTimeout:37ms
2019-10-15 17:17:44,879 [Thread-697] INFO  impl.RoleInfo (RoleInfo.java:shutdownFollowerState(121)) - 79abbc2e-0a90-4a41-a17c-6388bb873359: shutdown FollowerState
2019-10-15 17:17:44,879 [Thread-697] INFO  impl.RaftServerImpl (RaftServerImpl.java:setRole(184)) - 79abbc2e-0a90-4a41-a17c-6388bb873359@group-B673650064C9: changes role from  FOLLOWER to CANDIDATE at term 78 for changeToCandidate
2019-10-15 17:17:44,879 [Thread-697] INFO  impl.RoleInfo (RoleInfo.java:updateAndGet(143)) - 79abbc2e-0a90-4a41-a17c-6388bb873359: start LeaderElection
2019-10-15 17:17:44,906 [79abbc2e-0a90-4a41-a17c-6388bb873359@group-B673650064C9-LeaderElection67] INFO  impl.LeaderElection (LeaderElection.java:askForVotes(178)) - 79abbc2e-0a90-4a41-a17c-6388bb873359@group-B673650064C9-LeaderElection67: begin an election at term 79 for -1: [ebd8d1f9-8297-450f-abe7-393807ba0c7e:192.168.164.239:36510, dbc121b5-e1e8-4c61-9d50-542b699a3d90:192.168.164.239:43140, 79abbc2e-0a90-4a41-a17c-6388bb873359:192.168.164.239:37857], old=null
2019-10-15 17:17:44,909 [grpc-default-executor-0] INFO  impl.RaftServerImpl (RaftServerImpl.java:setRole(184)) - ebd8d1f9-8297-450f-abe7-393807ba0c7e@group-B673650064C9: changes role from  FOLLOWER to FOLLOWER at term 79 for recognizeCandidate:79abbc2e-0a90-4a41-a17c-6388bb873359
2019-10-15 17:17:44,909 [grpc-default-executor-1] INFO  impl.RaftServerImpl (RaftServerImpl.java:setRole(184)) - dbc121b5-e1e8-4c61-9d50-542b699a3d90@group-B673650064C9: changes role from  FOLLOWER to FOLLOWER at term 79 for recognizeCandidate:79abbc2e-0a90-4a41-a17c-6388bb873359
2019-10-15 17:17:44,909 [grpc-default-executor-1] INFO  impl.RoleInfo (RoleInfo.java:shutdownFollowerState(121)) - dbc121b5-e1e8-4c61-9d50-542b699a3d90: shutdown FollowerState
2019-10-15 17:17:44,909 [grpc-default-executor-0] INFO  impl.RoleInfo (RoleInfo.java:shutdownFollowerState(121)) - ebd8d1f9-8297-450f-abe7-393807ba0c7e: shutdown FollowerState
2019-10-15 17:17:44,910 [Thread-696] INFO  impl.FollowerState (FollowerState.java:run(117)) - dbc121b5-e1e8-4c61-9d50-542b699a3d90@group-B673650064C9-FollowerState was interrupted: java.lang.InterruptedException: sleep interrupted
2019-10-15 17:17:44,910 [grpc-default-executor-1] INFO  impl.RoleInfo (RoleInfo.java:updateAndGet(143)) - dbc121b5-e1e8-4c61-9d50-542b699a3d90: start FollowerState
2019-10-15 17:17:44,910 [Thread-695] INFO  impl.FollowerState (FollowerState.java:run(117)) - ebd8d1f9-8297-450f-abe7-393807ba0c7e@group-B673650064C9-FollowerState was interrupted: java.lang.InterruptedException: sleep interrupted
2019-10-15 17:17:44,910 [grpc-default-executor-0] INFO  impl.RoleInfo (RoleInfo.java:updateAndGet(143)) - ebd8d1f9-8297-450f-abe7-393807ba0c7e: start FollowerState
2019-10-15 17:17:44,933 [79abbc2e-0a90-4a41-a17c-6388bb873359@group-B673650064C9-LeaderElection67] INFO  impl.LeaderElection (LeaderElection.java:logAndReturn(56)) - 79abbc2e-0a90-4a41-a17c-6388bb873359@group-B673650064C9-LeaderElection67: Election REJECTED; received 2 response(s) [79abbc2e-0a90-4a41-a17c-6388bb873359<-ebd8d1f9-8297-450f-abe7-393807ba0c7e#0:FAIL-t79, 79abbc2e-0a90-4a41-a17c-6388bb873359<-dbc121b5-e1e8-4c61-9d50-542b699a3d90#0:FAIL-t79] and 0 exception(s); 79abbc2e-0a90-4a41-a17c-6388bb873359@group-B673650064C9:t79, leader=null, voted=79abbc2e-0a90-4a41-a17c-6388bb873359, raftlog=79abbc2e-0a90-4a41-a17c-6388bb873359@group-B673650064C9-SegmentedRaftLog:OPENED:c-1,f-1,i0, conf=-1: [ebd8d1f9-8297-450f-abe7-393807ba0c7e:192.168.164.239:36510, dbc121b5-e1e8-4c61-9d50-542b699a3d90:192.168.164.239:43140, 79abbc2e-0a90-4a41-a17c-6388bb873359:192.168.164.239:37857], old=null
2019-10-15 17:17:44,933 [79abbc2e-0a90-4a41-a17c-6388bb873359@group-B673650064C9-LeaderElection67] INFO  impl.RaftServerImpl (RaftServerImpl.java:setRole(184)) - 79abbc2e-0a90-4a41-a17c-6388bb873359@group-B673650064C9: changes role from CANDIDATE to FOLLOWER at term 79 for DISCOVERED_A_NEW_TERM
2019-10-15 17:17:44,933 [79abbc2e-0a90-4a41-a17c-6388bb873359@group-B673650064C9-LeaderElection67] INFO  impl.RoleInfo (RoleInfo.java:shutdownLeaderElection(134)) - 79abbc2e-0a90-4a41-a17c-6388bb873359: shutdown LeaderElection
2019-10-15 17:17:44,933 [79abbc2e-0a90-4a41-a17c-6388bb873359@group-B673650064C9-LeaderElection67] INFO  impl.RoleInfo (RoleInfo.java:updateAndGet(143)) - 79abbc2e-0a90-4a41-a17c-6388bb873359: start FollowerState
2019-10-15 17:17:45,100 [Thread-703] INFO  impl.FollowerState (FollowerState.java:run(108)) - 79abbc2e-0a90-4a41-a17c-6388bb873359@group-B673650064C9-FollowerState: change to CANDIDATE, lastRpcTime:166ms, electionTimeout:166ms
2019-10-15 17:17:45,100 [Thread-703] INFO  impl.RoleInfo (RoleInfo.java:shutdownFollowerState(121)) - 79abbc2e-0a90-4a41-a17c-6388bb873359: shutdown FollowerState
2019-10-15 17:17:45,100 [Thread-703] INFO  impl.RaftServerImpl (RaftServerImpl.java:setRole(184)) - 79abbc2e-0a90-4a41-a17c-6388bb873359@group-B673650064C9: changes role from  FOLLOWER to CANDIDATE at term 79 for changeToCandidate
2019-10-15 17:17:45,100 [Thread-703] INFO  impl.RoleInfo (RoleInfo.java:updateAndGet(143)) - 79abbc2e-0a90-4a41-a17c-6388bb873359: start LeaderElection
2019-10-15 17:17:45,132 [79abbc2e-0a90-4a41-a17c-6388bb873359@group-B673650064C9-LeaderElection68] INFO  impl.LeaderElection (LeaderElection.java:askForVotes(178)) - 79abbc2e-0a90-4a41-a17c-6388bb873359@group-B673650064C9-LeaderElection68: begin an election at term 80 for -1: [ebd8d1f9-8297-450f-abe7-393807ba0c7e:192.168.164.239:36510, dbc121b5-e1e8-4c61-9d50-542b699a3d90:192.168.164.239:43140, 79abbc2e-0a90-4a41-a17c-6388bb873359:192.168.164.239:37857], old=null
2019-10-15 17:17:45,135 [grpc-default-executor-0] INFO  impl.RaftServerImpl (RaftServerImpl.java:setRole(184)) - ebd8d1f9-8297-450f-abe7-393807ba0c7e@group-B673650064C9: changes role from  FOLLOWER to FOLLOWER at term 80 for recognizeCandidate:79abbc2e-0a90-4a41-a17c-6388bb873359
2019-10-15 17:17:45,135 [grpc-default-executor-1] INFO  impl.RaftServerImpl (RaftServerImpl.java:setRole(184)) - dbc121b5-e1e8-4c61-9d50-542b699a3d90@group-B673650064C9: changes role from  FOLLOWER to FOLLOWER at term 80 for recognizeCandidate:79abbc2e-0a90-4a41-a17c-6388bb873359
2019-10-15 17:17:45,135 [grpc-default-executor-0] INFO  impl.RoleInfo (RoleInfo.java:shutdownFollowerState(121)) - ebd8d1f9-8297-450f-abe7-393807ba0c7e: shutdown FollowerState
2019-10-15 17:17:45,135 [grpc-default-executor-1] INFO  impl.RoleInfo (RoleInfo.java:shutdownFollowerState(121)) - dbc121b5-e1e8-4c61-9d50-542b699a3d90: shutdown FollowerState
2019-10-15 17:17:45,135 [Thread-702] INFO  impl.FollowerState (FollowerState.java:run(117)) - ebd8d1f9-8297-450f-abe7-393807ba0c7e@group-B673650064C9-FollowerState was interrupted: java.lang.InterruptedException: sleep interrupted
2019-10-15 17:17:45,135 [grpc-default-executor-0] INFO  impl.RoleInfo (RoleInfo.java:updateAndGet(143)) - ebd8d1f9-8297-450f-abe7-393807ba0c7e: start FollowerState
2019-10-15 17:17:45,135 [Thread-701] INFO  impl.FollowerState (FollowerState.java:run(117)) - dbc121b5-e1e8-4c61-9d50-542b699a3d90@group-B673650064C9-FollowerState was interrupted: java.lang.InterruptedException: sleep interrupted
2019-10-15 17:17:45,135 [grpc-default-executor-1] INFO  impl.RoleInfo (RoleInfo.java:updateAndGet(143)) - dbc121b5-e1e8-4c61-9d50-542b699a3d90: start FollowerState
2019-10-15 17:17:45,166 [79abbc2e-0a90-4a41-a17c-6388bb873359@group-B673650064C9-LeaderElection68] INFO  impl.LeaderElection (LeaderElection.java:logAndReturn(56)) - 79abbc2e-0a90-4a41-a17c-6388bb873359@group-B673650064C9-LeaderElection68: Election REJECTED; received 2 response(s) [79abbc2e-0a90-4a41-a17c-6388bb873359<-ebd8d1f9-8297-450f-abe7-393807ba0c7e#0:FAIL-t80, 79abbc2e-0a90-4a41-a17c-6388bb873359<-dbc121b5-e1e8-4c61-9d50-542b699a3d90#0:FAIL-t80] and 0 exception(s); 79abbc2e-0a90-4a41-a17c-6388bb873359@group-B673650064C9:t80, leader=null, voted=79abbc2e-0a90-4a41-a17c-6388bb873359, raftlog=79abbc2e-0a90-4a41-a17c-6388bb873359@group-B673650064C9-SegmentedRaftLog:OPENED:c-1,f-1,i0, conf=-1: [ebd8d1f9-8297-450f-abe7-393807ba0c7e:192.168.164.239:36510, dbc121b5-e1e8-4c61-9d50-542b699a3d90:192.168.164.239:43140, 79abbc2e-0a90-4a41-a17c-6388bb873359:192.168.164.239:37857], old=null
2019-10-15 17:17:45,167 [79abbc2e-0a90-4a41-a17c-6388bb873359@group-B673650064C9-LeaderElection68] INFO  impl.RaftServerImpl (RaftServerImpl.java:setRole(184)) - 79abbc2e-0a90-4a41-a17c-6388bb873359@group-B673650064C9: changes role from CANDIDATE to FOLLOWER at term 80 for DISCOVERED_A_NEW_TERM
2019-10-15 17:17:45,167 [79abbc2e-0a90-4a41-a17c-6388bb873359@group-B673650064C9-LeaderElection68] INFO  impl.RoleInfo (RoleInfo.java:shutdownLeaderElection(134)) - 79abbc2e-0a90-4a41-a17c-6388bb873359: shutdown LeaderElection
2019-10-15 17:17:45,167 [79abbc2e-0a90-4a41-a17c-6388bb873359@group-B673650064C9-LeaderElection68] INFO  impl.RoleInfo (RoleInfo.java:updateAndGet(143)) - 79abbc2e-0a90-4a41-a17c-6388bb873359: start FollowerState
2019-10-15 17:17:45,295 [Thread-709] INFO  impl.FollowerState (FollowerState.java:run(108)) - 79abbc2e-0a90-4a41-a17c-6388bb873359@group-B673650064C9-FollowerState: change to CANDIDATE, lastRpcTime:128ms, electionTimeout:128ms
2019-10-15 17:17:45,296 [Thread-709] INFO  impl.RoleInfo (RoleInfo.java:shutdownFollowerState(121)) - 79abbc2e-0a90-4a41-a17c-6388bb873359: shutdown FollowerState
2019-10-15 17:17:45,296 [Thread-709] INFO  impl.RaftServerImpl (RaftServerImpl.java:setRole(184)) - 79abbc2e-0a90-4a41-a17c-6388bb873359@group-B673650064C9: changes role from  FOLLOWER to CANDIDATE at term 80 for changeToCandidate
2019-10-15 17:17:45,296 [Thread-709] INFO  impl.RoleInfo (RoleInfo.java:updateAndGet(143)) - 79abbc2e-0a90-4a41-a17c-6388bb873359: start LeaderElection
2019-10-15 17:17:45,333 [79abbc2e-0a90-4a41-a17c-6388bb873359@group-B673650064C9-LeaderElection69] INFO  impl.LeaderElection (LeaderElection.java:askForVotes(178)) - 79abbc2e-0a90-4a41-a17c-6388bb873359@group-B673650064C9-LeaderElection69: begin an election at term 81 for -1: [ebd8d1f9-8297-450f-abe7-393807ba0c7e:192.168.164.239:36510, dbc121b5-e1e8-4c61-9d50-542b699a3d90:192.168.164.239:43140, 79abbc2e-0a90-4a41-a17c-6388bb873359:192.168.164.239:37857], old=null
2019-10-15 17:17:45,336 [grpc-default-executor-0] INFO  impl.RaftServerImpl (RaftServerImpl.java:setRole(184)) - dbc121b5-e1e8-4c61-9d50-542b699a3d90@group-B673650064C9: changes role from  FOLLOWER to FOLLOWER at term 81 for recognizeCandidate:79abbc2e-0a90-4a41-a17c-6388bb873359
2019-10-15 17:17:45,336 [grpc-default-executor-1] INFO  impl.RaftServerImpl (RaftServerImpl.java:setRole(184)) - ebd8d1f9-8297-450f-abe7-393807ba0c7e@group-B673650064C9: changes role from  FOLLOWER to FOLLOWER at term 81 for recognizeCandidate:79abbc2e-0a90-4a41-a17c-6388bb873359
2019-10-15 17:17:45,336 [grpc-default-executor-0] INFO  impl.RoleInfo (RoleInfo.java:shutdownFollowerState(121)) - dbc121b5-e1e8-4c61-9d50-542b699a3d90: shutdown FollowerState
2019-10-15 17:17:45,336 [grpc-default-executor-1] INFO  impl.RoleInfo (RoleInfo.java:shutdownFollowerState(121)) - ebd8d1f9-8297-450f-abe7-393807ba0c7e: shutdown FollowerState
2019-10-15 17:17:45,337 [Thread-708] INFO  impl.FollowerState (FollowerState.java:run(117)) - dbc121b5-e1e8-4c61-9d50-542b699a3d90@group-B673650064C9-FollowerState was interrupted: java.lang.InterruptedException: sleep interrupted
2019-10-15 17:17:45,337 [grpc-default-executor-0] INFO  impl.RoleInfo (RoleInfo.java:updateAndGet(143)) - dbc121b5-e1e8-4c61-9d50-542b699a3d90: start FollowerState
2019-10-15 17:17:45,337 [Thread-707] INFO  impl.FollowerState (FollowerState.java:run(117)) - ebd8d1f9-8297-450f-abe7-393807ba0c7e@group-B673650064C9-FollowerState was interrupted: java.lang.InterruptedException: sleep interrupted
2019-10-15 17:17:45,337 [grpc-default-executor-1] INFO  impl.RoleInfo (RoleInfo.java:updateAndGet(143)) - ebd8d1f9-8297-450f-abe7-393807ba0c7e: start FollowerState
2019-10-15 17:17:45,361 [79abbc2e-0a90-4a41-a17c-6388bb873359@group-B673650064C9-LeaderElection69] INFO  impl.LeaderElection (LeaderElection.java:logAndReturn(56)) - 79abbc2e-0a90-4a41-a17c-6388bb873359@group-B673650064C9-LeaderElection69: Election REJECTED; received 2 response(s) [79abbc2e-0a90-4a41-a17c-6388bb873359<-ebd8d1f9-8297-450f-abe7-393807ba0c7e#0:FAIL-t81, 79abbc2e-0a90-4a41-a17c-6388bb873359<-dbc121b5-e1e8-4c61-9d50-542b699a3d90#0:FAIL-t81] and 0 exception(s); 79abbc2e-0a90-4a41-a17c-6388bb873359@group-B673650064C9:t81, leader=null, voted=79abbc2e-0a90-4a41-a17c-6388bb873359, raftlog=79abbc2e-0a90-4a41-a17c-6388bb873359@group-B673650064C9-SegmentedRaftLog:OPENED:c-1,f-1,i0, conf=-1: [ebd8d1f9-8297-450f-abe7-393807ba0c7e:192.168.164.239:36510, dbc121b5-e1e8-4c61-9d50-542b699a3d90:192.168.164.239:43140, 79abbc2e-0a90-4a41-a17c-6388bb873359:192.168.164.239:37857], old=null
2019-10-15 17:17:45,361 [79abbc2e-0a90-4a41-a17c-6388bb873359@group-B673650064C9-LeaderElection69] INFO  impl.RaftServerImpl (RaftServerImpl.java:setRole(184)) - 79abbc2e-0a90-4a41-a17c-6388bb873359@group-B673650064C9: changes role from CANDIDATE to FOLLOWER at term 81 for DISCOVERED_A_NEW_TERM
2019-10-15 17:17:45,361 [79abbc2e-0a90-4a41-a17c-6388bb873359@group-B673650064C9-LeaderElection69] INFO  impl.RoleInfo (RoleInfo.java:shutdownLeaderElection(134)) - 79abbc2e-0a90-4a41-a17c-6388bb873359: shutdown LeaderElection
2019-10-15 17:17:45,361 [79abbc2e-0a90-4a41-a17c-6388bb873359@group-B673650064C9-LeaderElection69] INFO  impl.RoleInfo (RoleInfo.java:updateAndGet(143)) - 79abbc2e-0a90-4a41-a17c-6388bb873359: start FollowerState
2019-10-15 17:17:45,541 [Thread-715] INFO  impl.FollowerState (FollowerState.java:run(108)) - 79abbc2e-0a90-4a41-a17c-6388bb873359@group-B673650064C9-FollowerState: change to CANDIDATE, lastRpcTime:180ms, electionTimeout:180ms
2019-10-15 17:17:45,542 [Thread-715] INFO  impl.RoleInfo (RoleInfo.java:shutdownFollowerState(121)) - 79abbc2e-0a90-4a41-a17c-6388bb873359: shutdown FollowerState
2019-10-15 17:17:45,542 [Thread-715] INFO  impl.RaftServerImpl (RaftServerImpl.java:setRole(184)) - 79abbc2e-0a90-4a41-a17c-6388bb873359@group-B673650064C9: changes role from  FOLLOWER to CANDIDATE at term 81 for changeToCandidate
2019-10-15 17:17:45,542 [Thread-715] INFO  impl.RoleInfo (RoleInfo.java:updateAndGet(143)) - 79abbc2e-0a90-4a41-a17c-6388bb873359: start LeaderElection
2019-10-15 17:17:45,569 [79abbc2e-0a90-4a41-a17c-6388bb873359@group-B673650064C9-LeaderElection70] INFO  impl.LeaderElection (LeaderElection.java:askForVotes(178)) - 79abbc2e-0a90-4a41-a17c-6388bb873359@group-B673650064C9-LeaderElection70: begin an election at term 82 for -1: [ebd8d1f9-8297-450f-abe7-393807ba0c7e:192.168.164.239:36510, dbc121b5-e1e8-4c61-9d50-542b699a3d90:192.168.164.239:43140, 79abbc2e-0a90-4a41-a17c-6388bb873359:192.168.164.239:37857], old=null
2019-10-15 17:17:45,572 [grpc-default-executor-1] INFO  impl.RaftServerImpl (RaftServerImpl.java:setRole(184)) - dbc121b5-e1e8-4c61-9d50-542b699a3d90@group-B673650064C9: changes role from  FOLLOWER to FOLLOWER at term 82 for recognizeCandidate:79abbc2e-0a90-4a41-a17c-6388bb873359
2019-10-15 17:17:45,572 [grpc-default-executor-0] INFO  impl.RaftServerImpl (RaftServerImpl.java:setRole(184)) - ebd8d1f9-8297-450f-abe7-393807ba0c7e@group-B673650064C9: changes role from  FOLLOWER to FOLLOWER at term 82 for recognizeCandidate:79abbc2e-0a90-4a41-a17c-6388bb873359
2019-10-15 17:17:45,572 [grpc-default-executor-1] INFO  impl.RoleInfo (RoleInfo.java:shutdownFollowerState(121)) - dbc121b5-e1e8-4c61-9d50-542b699a3d90: shutdown FollowerState
2019-10-15 17:17:45,572 [grpc-default-executor-0] INFO  impl.RoleInfo (RoleInfo.java:shutdownFollowerState(121)) - ebd8d1f9-8297-450f-abe7-393807ba0c7e: shutdown FollowerState
2019-10-15 17:17:45,573 [Thread-713] INFO  impl.FollowerState (FollowerState.java:run(117)) - dbc121b5-e1e8-4c61-9d50-542b699a3d90@group-B673650064C9-FollowerState was interrupted: java.lang.InterruptedException: sleep interrupted
2019-10-15 17:17:45,573 [Thread-714] INFO  impl.FollowerState (FollowerState.java:run(117)) - ebd8d1f9-8297-450f-abe7-393807ba0c7e@group-B673650064C9-FollowerState was interrupted: java.lang.InterruptedException: sleep interrupted
2019-10-15 17:17:45,573 [grpc-default-executor-1] INFO  impl.RoleInfo (RoleInfo.java:updateAndGet(143)) - dbc121b5-e1e8-4c61-9d50-542b699a3d90: start FollowerState
2019-10-15 17:17:45,573 [grpc-default-executor-0] INFO  impl.RoleInfo (RoleInfo.java:updateAndGet(143)) - ebd8d1f9-8297-450f-abe7-393807ba0c7e: start FollowerState
2019-10-15 17:17:45,603 [79abbc2e-0a90-4a41-a17c-6388bb873359@group-B673650064C9-LeaderElection70] INFO  impl.LeaderElection (LeaderElection.java:logAndReturn(56)) - 79abbc2e-0a90-4a41-a17c-6388bb873359@group-B673650064C9-LeaderElection70: Election REJECTED; received 2 response(s) [79abbc2e-0a90-4a41-a17c-6388bb873359<-ebd8d1f9-8297-450f-abe7-393807ba0c7e#0:FAIL-t82, 79abbc2e-0a90-4a41-a17c-6388bb873359<-dbc121b5-e1e8-4c61-9d50-542b699a3d90#0:FAIL-t82] and 0 exception(s); 79abbc2e-0a90-4a41-a17c-6388bb873359@group-B673650064C9:t82, leader=null, voted=79abbc2e-0a90-4a41-a17c-6388bb873359, raftlog=79abbc2e-0a90-4a41-a17c-6388bb873359@group-B673650064C9-SegmentedRaftLog:OPENED:c-1,f-1,i0, conf=-1: [ebd8d1f9-8297-450f-abe7-393807ba0c7e:192.168.164.239:36510, dbc121b5-e1e8-4c61-9d50-542b699a3d90:192.168.164.239:43140, 79abbc2e-0a90-4a41-a17c-6388bb873359:192.168.164.239:37857], old=null
2019-10-15 17:17:45,603 [79abbc2e-0a90-4a41-a17c-6388bb873359@group-B673650064C9-LeaderElection70] INFO  impl.RaftServerImpl (RaftServerImpl.java:setRole(184)) - 79abbc2e-0a90-4a41-a17c-6388bb873359@group-B673650064C9: changes role from CANDIDATE to FOLLOWER at term 82 for DISCOVERED_A_NEW_TERM
2019-10-15 17:17:45,604 [79abbc2e-0a90-4a41-a17c-6388bb873359@group-B673650064C9-LeaderElection70] INFO  impl.RoleInfo (RoleInfo.java:shutdownLeaderElection(134)) - 79abbc2e-0a90-4a41-a17c-6388bb873359: shutdown LeaderElection
2019-10-15 17:17:45,604 [79abbc2e-0a90-4a41-a17c-6388bb873359@group-B673650064C9-LeaderElection70] INFO  impl.RoleInfo (RoleInfo.java:updateAndGet(143)) - 79abbc2e-0a90-4a41-a17c-6388bb873359: start FollowerState
2019-10-15 17:17:45,652 [Thread-723] INFO  impl.FollowerState (FollowerState.java:run(108)) - 79abbc2e-0a90-4a41-a17c-6388bb873359@group-B673650064C9-FollowerState: change to CANDIDATE, lastRpcTime:48ms, electionTimeout:48ms
2019-10-15 17:17:45,652 [Thread-723] INFO  impl.RoleInfo (RoleInfo.java:shutdownFollowerState(121)) - 79abbc2e-0a90-4a41-a17c-6388bb873359: shutdown FollowerState
2019-10-15 17:17:45,653 [Thread-723] INFO  impl.RaftServerImpl (RaftServerImpl.java:setRole(184)) - 79abbc2e-0a90-4a41-a17c-6388bb873359@group-B673650064C9: changes role from  FOLLOWER to CANDIDATE at term 82 for changeToCandidate
2019-10-15 17:17:45,653 [Thread-723] INFO  impl.RoleInfo (RoleInfo.java:updateAndGet(143)) - 79abbc2e-0a90-4a41-a17c-6388bb873359: start LeaderElection
2019-10-15 17:17:45,677 [79abbc2e-0a90-4a41-a17c-6388bb873359@group-B673650064C9-LeaderElection71] INFO  impl.LeaderElection (LeaderElection.java:askForVotes(178)) - 79abbc2e-0a90-4a41-a17c-6388bb873359@group-B673650064C9-LeaderElection71: begin an election at term 83 for -1: [ebd8d1f9-8297-450f-abe7-393807ba0c7e:192.168.164.239:36510, dbc121b5-e1e8-4c61-9d50-542b699a3d90:192.168.164.239:43140, 79abbc2e-0a90-4a41-a17c-6388bb873359:192.168.164.239:37857], old=null
2019-10-15 17:17:45,680 [grpc-default-executor-1] INFO  impl.RaftServerImpl (RaftServerImpl.java:setRole(184)) - ebd8d1f9-8297-450f-abe7-393807ba0c7e@group-B673650064C9: changes role from  FOLLOWER to FOLLOWER at term 83 for recognizeCandidate:79abbc2e-0a90-4a41-a17c-6388bb873359
2019-10-15 17:17:45,680 [grpc-default-executor-0] INFO  impl.RaftServerImpl (RaftServerImpl.java:setRole(184)) - dbc121b5-e1e8-4c61-9d50-542b699a3d90@group-B673650064C9: changes role from  FOLLOWER to FOLLOWER at term 83 for recognizeCandidate:79abbc2e-0a90-4a41-a17c-6388bb873359
2019-10-15 17:17:45,680 [grpc-default-executor-1] INFO  impl.RoleInfo (RoleInfo.java:shutdownFollowerState(121)) - ebd8d1f9-8297-450f-abe7-393807ba0c7e: shutdown FollowerState
2019-10-15 17:17:45,680 [grpc-default-executor-0] INFO  impl.RoleInfo (RoleInfo.java:shutdownFollowerState(121)) - dbc121b5-e1e8-4c61-9d50-542b699a3d90: shutdown FollowerState
2019-10-15 17:17:45,680 [Thread-722] INFO  impl.FollowerState (FollowerState.java:run(117)) - ebd8d1f9-8297-450f-abe7-393807ba0c7e@group-B673650064C9-FollowerState was interrupted: java.lang.InterruptedException: sleep interrupted
2019-10-15 17:17:45,680 [Thread-721] INFO  impl.FollowerState (FollowerState.java:run(117)) - dbc121b5-e1e8-4c61-9d50-542b699a3d90@group-B673650064C9-FollowerState was interrupted: java.lang.InterruptedException: sleep interrupted
2019-10-15 17:17:45,680 [grpc-default-executor-1] INFO  impl.RoleInfo (RoleInfo.java:updateAndGet(143)) - ebd8d1f9-8297-450f-abe7-393807ba0c7e: start FollowerState
2019-10-15 17:17:45,680 [grpc-default-executor-0] INFO  impl.RoleInfo (RoleInfo.java:updateAndGet(143)) - dbc121b5-e1e8-4c61-9d50-542b699a3d90: start FollowerState
2019-10-15 17:17:45,704 [79abbc2e-0a90-4a41-a17c-6388bb873359@group-B673650064C9-LeaderElection71] INFO  impl.LeaderElection (LeaderElection.java:logAndReturn(56)) - 79abbc2e-0a90-4a41-a17c-6388bb873359@group-B673650064C9-LeaderElection71: Election REJECTED; received 2 response(s) [79abbc2e-0a90-4a41-a17c-6388bb873359<-ebd8d1f9-8297-450f-abe7-393807ba0c7e#0:FAIL-t83, 79abbc2e-0a90-4a41-a17c-6388bb873359<-dbc121b5-e1e8-4c61-9d50-542b699a3d90#0:FAIL-t83] and 0 exception(s); 79abbc2e-0a90-4a41-a17c-6388bb873359@group-B673650064C9:t83, leader=null, voted=79abbc2e-0a90-4a41-a17c-6388bb873359, raftlog=79abbc2e-0a90-4a41-a17c-6388bb873359@group-B673650064C9-SegmentedRaftLog:OPENED:c-1,f-1,i0, conf=-1: [ebd8d1f9-8297-450f-abe7-393807ba0c7e:192.168.164.239:36510, dbc121b5-e1e8-4c61-9d50-542b699a3d90:192.168.164.239:43140, 79abbc2e-0a90-4a41-a17c-6388bb873359:192.168.164.239:37857], old=null
2019-10-15 17:17:45,704 [79abbc2e-0a90-4a41-a17c-6388bb873359@group-B673650064C9-LeaderElection71] INFO  impl.RaftServerImpl (RaftServerImpl.java:setRole(184)) - 79abbc2e-0a90-4a41-a17c-6388bb873359@group-B673650064C9: changes role from CANDIDATE to FOLLOWER at term 83 for DISCOVERED_A_NEW_TERM
2019-10-15 17:17:45,705 [79abbc2e-0a90-4a41-a17c-6388bb873359@group-B673650064C9-LeaderElection71] INFO  impl.RoleInfo (RoleInfo.java:shutdownLeaderElection(134)) - 79abbc2e-0a90-4a41-a17c-6388bb873359: shutdown LeaderElection
2019-10-15 17:17:45,705 [79abbc2e-0a90-4a41-a17c-6388bb873359@group-B673650064C9-LeaderElection71] INFO  impl.RoleInfo (RoleInfo.java:updateAndGet(143)) - 79abbc2e-0a90-4a41-a17c-6388bb873359: start FollowerState
2019-10-15 17:17:45,782 [Thread-729] INFO  impl.FollowerState (FollowerState.java:run(108)) - 79abbc2e-0a90-4a41-a17c-6388bb873359@group-B673650064C9-FollowerState: change to CANDIDATE, lastRpcTime:77ms, electionTimeout:77ms
2019-10-15 17:17:45,782 [Thread-729] INFO  impl.RoleInfo (RoleInfo.java:shutdownFollowerState(121)) - 79abbc2e-0a90-4a41-a17c-6388bb873359: shutdown FollowerState
2019-10-15 17:17:45,783 [Thread-729] INFO  impl.RaftServerImpl (RaftServerImpl.java:setRole(184)) - 79abbc2e-0a90-4a41-a17c-6388bb873359@group-B673650064C9: changes role from  FOLLOWER to CANDIDATE at term 83 for changeToCandidate
2019-10-15 17:17:45,783 [Thread-729] INFO  impl.RoleInfo (RoleInfo.java:updateAndGet(143)) - 79abbc2e-0a90-4a41-a17c-6388bb873359: start LeaderElection
2019-10-15 17:17:45,811 [79abbc2e-0a90-4a41-a17c-6388bb873359@group-B673650064C9-LeaderElection72] INFO  impl.LeaderElection (LeaderElection.java:askForVotes(178)) - 79abbc2e-0a90-4a41-a17c-6388bb873359@group-B673650064C9-LeaderElection72: begin an election at term 84 for -1: [ebd8d1f9-8297-450f-abe7-393807ba0c7e:192.168.164.239:36510, dbc121b5-e1e8-4c61-9d50-542b699a3d90:192.168.164.239:43140, 79abbc2e-0a90-4a41-a17c-6388bb873359:192.168.164.239:37857], old=null
2019-10-15 17:17:45,814 [grpc-default-executor-1] INFO  impl.RaftServerImpl (RaftServerImpl.java:setRole(184)) - ebd8d1f9-8297-450f-abe7-393807ba0c7e@group-B673650064C9: changes role from  FOLLOWER to FOLLOWER at term 84 for recognizeCandidate:79abbc2e-0a90-4a41-a17c-6388bb873359
2019-10-15 17:17:45,814 [grpc-default-executor-1] INFO  impl.RoleInfo (RoleInfo.java:shutdownFollowerState(121)) - ebd8d1f9-8297-450f-abe7-393807ba0c7e: shutdown FollowerState
2019-10-15 17:17:45,814 [grpc-default-executor-0] INFO  impl.RaftServerImpl (RaftServerImpl.java:setRole(184)) - dbc121b5-e1e8-4c61-9d50-542b699a3d90@group-B673650064C9: changes role from  FOLLOWER to FOLLOWER at term 84 for recognizeCandidate:79abbc2e-0a90-4a41-a17c-6388bb873359
2019-10-15 17:17:45,815 [grpc-default-executor-1] INFO  impl.RoleInfo (RoleInfo.java:updateAndGet(143)) - ebd8d1f9-8297-450f-abe7-393807ba0c7e: start FollowerState
2019-10-15 17:17:45,815 [Thread-727] INFO  impl.FollowerState (FollowerState.java:run(117)) - ebd8d1f9-8297-450f-abe7-393807ba0c7e@group-B673650064C9-FollowerState was interrupted: java.lang.InterruptedException: sleep interrupted
2019-10-15 17:17:45,815 [grpc-default-executor-0] INFO  impl.RoleInfo (RoleInfo.java:shutdownFollowerState(121)) - dbc121b5-e1e8-4c61-9d50-542b699a3d90: shutdown FollowerState
2019-10-15 17:17:45,815 [grpc-default-executor-0] INFO  impl.RoleInfo (RoleInfo.java:updateAndGet(143)) - dbc121b5-e1e8-4c61-9d50-542b699a3d90: start FollowerState
2019-10-15 17:17:45,815 [Thread-728] INFO  impl.FollowerState (FollowerState.java:run(117)) - dbc121b5-e1e8-4c61-9d50-542b699a3d90@group-B673650064C9-FollowerState was interrupted: java.lang.InterruptedException: sleep interrupted
2019-10-15 17:17:45,838 [79abbc2e-0a90-4a41-a17c-6388bb873359@group-B673650064C9-LeaderElection72] INFO  impl.LeaderElection (LeaderElection.java:logAndReturn(56)) - 79abbc2e-0a90-4a41-a17c-6388bb873359@group-B673650064C9-LeaderElection72: Election REJECTED; received 2 response(s) [79abbc2e-0a90-4a41-a17c-6388bb873359<-ebd8d1f9-8297-450f-abe7-393807ba0c7e#0:FAIL-t84, 79abbc2e-0a90-4a41-a17c-6388bb873359<-dbc121b5-e1e8-4c61-9d50-542b699a3d90#0:FAIL-t84] and 0 exception(s); 79abbc2e-0a90-4a41-a17c-6388bb873359@group-B673650064C9:t84, leader=null, voted=79abbc2e-0a90-4a41-a17c-6388bb873359, raftlog=79abbc2e-0a90-4a41-a17c-6388bb873359@group-B673650064C9-SegmentedRaftLog:OPENED:c-1,f-1,i0, conf=-1: [ebd8d1f9-8297-450f-abe7-393807ba0c7e:192.168.164.239:36510, dbc121b5-e1e8-4c61-9d50-542b699a3d90:192.168.164.239:43140, 79abbc2e-0a90-4a41-a17c-6388bb873359:192.168.164.239:37857], old=null
2019-10-15 17:17:45,838 [79abbc2e-0a90-4a41-a17c-6388bb873359@group-B673650064C9-LeaderElection72] INFO  impl.RaftServerImpl (RaftServerImpl.java:setRole(184)) - 79abbc2e-0a90-4a41-a17c-6388bb873359@group-B673650064C9: changes role from CANDIDATE to FOLLOWER at term 84 for DISCOVERED_A_NEW_TERM
2019-10-15 17:17:45,838 [79abbc2e-0a90-4a41-a17c-6388bb873359@group-B673650064C9-LeaderElection72] INFO  impl.RoleInfo (RoleInfo.java:shutdownLeaderElection(134)) - 79abbc2e-0a90-4a41-a17c-6388bb873359: shutdown LeaderElection
2019-10-15 17:17:45,838 [79abbc2e-0a90-4a41-a17c-6388bb873359@group-B673650064C9-LeaderElection72] INFO  impl.RoleInfo (RoleInfo.java:updateAndGet(143)) - 79abbc2e-0a90-4a41-a17c-6388bb873359: start FollowerState
2019-10-15 17:17:45,925 [Thread-735] INFO  impl.FollowerState (FollowerState.java:run(108)) - 79abbc2e-0a90-4a41-a17c-6388bb873359@group-B673650064C9-FollowerState: change to CANDIDATE, lastRpcTime:86ms, electionTimeout:86ms
2019-10-15 17:17:45,925 [Thread-735] INFO  impl.RoleInfo (RoleInfo.java:shutdownFollowerState(121)) - 79abbc2e-0a90-4a41-a17c-6388bb873359: shutdown FollowerState
2019-10-15 17:17:45,925 [Thread-735] INFO  impl.RaftServerImpl (RaftServerImpl.java:setRole(184)) - 79abbc2e-0a90-4a41-a17c-6388bb873359@group-B673650064C9: changes role from  FOLLOWER to CANDIDATE at term 84 for changeToCandidate
2019-10-15 17:17:45,925 [Thread-735] INFO  impl.RoleInfo (RoleInfo.java:updateAndGet(143)) - 79abbc2e-0a90-4a41-a17c-6388bb873359: start LeaderElection
2019-10-15 17:17:45,953 [79abbc2e-0a90-4a41-a17c-6388bb873359@group-B673650064C9-LeaderElection73] INFO  impl.LeaderElection (LeaderElection.java:askForVotes(178)) - 79abbc2e-0a90-4a41-a17c-6388bb873359@group-B673650064C9-LeaderElection73: begin an election at term 85 for -1: [ebd8d1f9-8297-450f-abe7-393807ba0c7e:192.168.164.239:36510, dbc121b5-e1e8-4c61-9d50-542b699a3d90:192.168.164.239:43140, 79abbc2e-0a90-4a41-a17c-6388bb873359:192.168.164.239:37857], old=null
2019-10-15 17:17:45,957 [grpc-default-executor-1] INFO  impl.RaftServerImpl (RaftServerImpl.java:setRole(184)) - dbc121b5-e1e8-4c61-9d50-542b699a3d90@group-B673650064C9: changes role from  FOLLOWER to FOLLOWER at term 85 for recognizeCandidate:79abbc2e-0a90-4a41-a17c-6388bb873359
2019-10-15 17:17:45,957 [grpc-default-executor-0] INFO  impl.RaftServerImpl (RaftServerImpl.java:setRole(184)) - ebd8d1f9-8297-450f-abe7-393807ba0c7e@group-B673650064C9: changes role from  FOLLOWER to FOLLOWER at term 85 for recognizeCandidate:79abbc2e-0a90-4a41-a17c-6388bb873359
2019-10-15 17:17:45,957 [grpc-default-executor-1] INFO  impl.RoleInfo (RoleInfo.java:shutdownFollowerState(121)) - dbc121b5-e1e8-4c61-9d50-542b699a3d90: shutdown FollowerState
2019-10-15 17:17:45,957 [grpc-default-executor-0] INFO  impl.RoleInfo (RoleInfo.java:shutdownFollowerState(121)) - ebd8d1f9-8297-450f-abe7-393807ba0c7e: shutdown FollowerState
2019-10-15 17:17:45,957 [Thread-734] INFO  impl.FollowerState (FollowerState.java:run(117)) - dbc121b5-e1e8-4c61-9d50-542b699a3d90@group-B673650064C9-FollowerState was interrupted: java.lang.InterruptedException: sleep interrupted
2019-10-15 17:17:45,957 [grpc-default-executor-1] INFO  impl.RoleInfo (RoleInfo.java:updateAndGet(143)) - dbc121b5-e1e8-4c61-9d50-542b699a3d90: start FollowerState
2019-10-15 17:17:45,958 [Thread-733] INFO  impl.FollowerState (FollowerState.java:run(117)) - ebd8d1f9-8297-450f-abe7-393807ba0c7e@group-B673650064C9-FollowerState was interrupted: java.lang.InterruptedException: sleep interrupted
2019-10-15 17:17:45,957 [grpc-default-executor-0] INFO  impl.RoleInfo (RoleInfo.java:updateAndGet(143)) - ebd8d1f9-8297-450f-abe7-393807ba0c7e: start FollowerState
2019-10-15 17:17:45,980 [79abbc2e-0a90-4a41-a17c-6388bb873359@group-B673650064C9-LeaderElection73] INFO  impl.LeaderElection (LeaderElection.java:logAndReturn(56)) - 79abbc2e-0a90-4a41-a17c-6388bb873359@group-B673650064C9-LeaderElection73: Election REJECTED; received 2 response(s) [79abbc2e-0a90-4a41-a17c-6388bb873359<-ebd8d1f9-8297-450f-abe7-393807ba0c7e#0:FAIL-t85, 79abbc2e-0a90-4a41-a17c-6388bb873359<-dbc121b5-e1e8-4c61-9d50-542b699a3d90#0:FAIL-t85] and 0 exception(s); 79abbc2e-0a90-4a41-a17c-6388bb873359@group-B673650064C9:t85, leader=null, voted=79abbc2e-0a90-4a41-a17c-6388bb873359, raftlog=79abbc2e-0a90-4a41-a17c-6388bb873359@group-B673650064C9-SegmentedRaftLog:OPENED:c-1,f-1,i0, conf=-1: [ebd8d1f9-8297-450f-abe7-393807ba0c7e:192.168.164.239:36510, dbc121b5-e1e8-4c61-9d50-542b699a3d90:192.168.164.239:43140, 79abbc2e-0a90-4a41-a17c-6388bb873359:192.168.164.239:37857], old=null
2019-10-15 17:17:45,980 [79abbc2e-0a90-4a41-a17c-6388bb873359@group-B673650064C9-LeaderElection73] INFO  impl.RaftServerImpl (RaftServerImpl.java:setRole(184)) - 79abbc2e-0a90-4a41-a17c-6388bb873359@group-B673650064C9: changes role from CANDIDATE to FOLLOWER at term 85 for DISCOVERED_A_NEW_TERM
2019-10-15 17:17:45,981 [79abbc2e-0a90-4a41-a17c-6388bb873359@group-B673650064C9-LeaderElection73] INFO  impl.RoleInfo (RoleInfo.java:shutdownLeaderElection(134)) - 79abbc2e-0a90-4a41-a17c-6388bb873359: shutdown LeaderElection
2019-10-15 17:17:45,981 [79abbc2e-0a90-4a41-a17c-6388bb873359@group-B673650064C9-LeaderElection73] INFO  impl.RoleInfo (RoleInfo.java:updateAndGet(143)) - 79abbc2e-0a90-4a41-a17c-6388bb873359: start FollowerState
2019-10-15 17:17:46,058 [Thread-741] INFO  impl.FollowerState (FollowerState.java:run(108)) - 79abbc2e-0a90-4a41-a17c-6388bb873359@group-B673650064C9-FollowerState: change to CANDIDATE, lastRpcTime:77ms, electionTimeout:77ms
2019-10-15 17:17:46,059 [Thread-741] INFO  impl.RoleInfo (RoleInfo.java:shutdownFollowerState(121)) - 79abbc2e-0a90-4a41-a17c-6388bb873359: shutdown FollowerState
2019-10-15 17:17:46,059 [Thread-741] INFO  impl.RaftServerImpl (RaftServerImpl.java:setRole(184)) - 79abbc2e-0a90-4a41-a17c-6388bb873359@group-B673650064C9: changes role from  FOLLOWER to CANDIDATE at term 85 for changeToCandidate
2019-10-15 17:17:46,059 [Thread-741] INFO  impl.RoleInfo (RoleInfo.java:updateAndGet(143)) - 79abbc2e-0a90-4a41-a17c-6388bb873359: start LeaderElection
2019-10-15 17:17:46,088 [79abbc2e-0a90-4a41-a17c-6388bb873359@group-B673650064C9-LeaderElection74] INFO  impl.LeaderElection (LeaderElection.java:askForVotes(178)) - 79abbc2e-0a90-4a41-a17c-6388bb873359@group-B673650064C9-LeaderElection74: begin an election at term 86 for -1: [ebd8d1f9-8297-450f-abe7-393807ba0c7e:192.168.164.239:36510, dbc121b5-e1e8-4c61-9d50-542b699a3d90:192.168.164.239:43140, 79abbc2e-0a90-4a41-a17c-6388bb873359:192.168.164.239:37857], old=null
2019-10-15 17:17:46,091 [grpc-default-executor-1] INFO  impl.RaftServerImpl (RaftServerImpl.java:setRole(184)) - ebd8d1f9-8297-450f-abe7-393807ba0c7e@group-B673650064C9: changes role from  FOLLOWER to FOLLOWER at term 86 for recognizeCandidate:79abbc2e-0a90-4a41-a17c-6388bb873359
2019-10-15 17:17:46,091 [grpc-default-executor-0] INFO  impl.RaftServerImpl (RaftServerImpl.java:setRole(184)) - dbc121b5-e1e8-4c61-9d50-542b699a3d90@group-B673650064C9: changes role from  FOLLOWER to FOLLOWER at term 86 for recognizeCandidate:79abbc2e-0a90-4a41-a17c-6388bb873359
2019-10-15 17:17:46,091 [grpc-default-executor-1] INFO  impl.RoleInfo (RoleInfo.java:shutdownFollowerState(121)) - ebd8d1f9-8297-450f-abe7-393807ba0c7e: shutdown FollowerState
2019-10-15 17:17:46,092 [grpc-default-executor-0] INFO  impl.RoleInfo (RoleInfo.java:shutdownFollowerState(121)) - dbc121b5-e1e8-4c61-9d50-542b699a3d90: shutdown FollowerState
2019-10-15 17:17:46,092 [Thread-740] INFO  impl.FollowerState (FollowerState.java:run(117)) - ebd8d1f9-8297-450f-abe7-393807ba0c7e@group-B673650064C9-FollowerState was interrupted: java.lang.InterruptedException: sleep interrupted
2019-10-15 17:17:46,092 [grpc-default-executor-1] INFO  impl.RoleInfo (RoleInfo.java:updateAndGet(143)) - ebd8d1f9-8297-450f-abe7-393807ba0c7e: start FollowerState
2019-10-15 17:17:46,092 [Thread-739] INFO  impl.FollowerState (FollowerState.java:run(117)) - dbc121b5-e1e8-4c61-9d50-542b699a3d90@group-B673650064C9-FollowerState was interrupted: java.lang.InterruptedException: sleep interrupted
2019-10-15 17:17:46,092 [grpc-default-executor-0] INFO  impl.RoleInfo (RoleInfo.java:updateAndGet(143)) - dbc121b5-e1e8-4c61-9d50-542b699a3d90: start FollowerState
2019-10-15 17:17:46,122 [79abbc2e-0a90-4a41-a17c-6388bb873359@group-B673650064C9-LeaderElection74] INFO  impl.LeaderElection (LeaderElection.java:logAndReturn(56)) - 79abbc2e-0a90-4a41-a17c-6388bb873359@group-B673650064C9-LeaderElection74: Election REJECTED; received 2 response(s) [79abbc2e-0a90-4a41-a17c-6388bb873359<-ebd8d1f9-8297-450f-abe7-393807ba0c7e#0:FAIL-t86, 79abbc2e-0a90-4a41-a17c-6388bb873359<-dbc121b5-e1e8-4c61-9d50-542b699a3d90#0:FAIL-t86] and 0 exception(s); 79abbc2e-0a90-4a41-a17c-6388bb873359@group-B673650064C9:t86, leader=null, voted=79abbc2e-0a90-4a41-a17c-6388bb873359, raftlog=79abbc2e-0a90-4a41-a17c-6388bb873359@group-B673650064C9-SegmentedRaftLog:OPENED:c-1,f-1,i0, conf=-1: [ebd8d1f9-8297-450f-abe7-393807ba0c7e:192.168.164.239:36510, dbc121b5-e1e8-4c61-9d50-542b699a3d90:192.168.164.239:43140, 79abbc2e-0a90-4a41-a17c-6388bb873359:192.168.164.239:37857], old=null
2019-10-15 17:17:46,123 [79abbc2e-0a90-4a41-a17c-6388bb873359@group-B673650064C9-LeaderElection74] INFO  impl.RaftServerImpl (RaftServerImpl.java:setRole(184)) - 79abbc2e-0a90-4a41-a17c-6388bb873359@group-B673650064C9: changes role from CANDIDATE to FOLLOWER at term 86 for DISCOVERED_A_NEW_TERM
2019-10-15 17:17:46,123 [79abbc2e-0a90-4a41-a17c-6388bb873359@group-B673650064C9-LeaderElection74] INFO  impl.RoleInfo (RoleInfo.java:shutdownLeaderElection(134)) - 79abbc2e-0a90-4a41-a17c-6388bb873359: shutdown LeaderElection
2019-10-15 17:17:46,123 [79abbc2e-0a90-4a41-a17c-6388bb873359@group-B673650064C9-LeaderElection74] INFO  impl.RoleInfo (RoleInfo.java:updateAndGet(143)) - 79abbc2e-0a90-4a41-a17c-6388bb873359: start FollowerState
2019-10-15 17:17:46,265 [Thread-747] INFO  impl.FollowerState (FollowerState.java:run(108)) - 79abbc2e-0a90-4a41-a17c-6388bb873359@group-B673650064C9-FollowerState: change to CANDIDATE, lastRpcTime:142ms, electionTimeout:142ms
2019-10-15 17:17:46,265 [Thread-747] INFO  impl.RoleInfo (RoleInfo.java:shutdownFollowerState(121)) - 79abbc2e-0a90-4a41-a17c-6388bb873359: shutdown FollowerState
2019-10-15 17:17:46,266 [Thread-747] INFO  impl.RaftServerImpl (RaftServerImpl.java:setRole(184)) - 79abbc2e-0a90-4a41-a17c-6388bb873359@group-B673650064C9: changes role from  FOLLOWER to CANDIDATE at term 86 for changeToCandidate
2019-10-15 17:17:46,266 [Thread-747] INFO  impl.RoleInfo (RoleInfo.java:updateAndGet(143)) - 79abbc2e-0a90-4a41-a17c-6388bb873359: start LeaderElection
2019-10-15 17:17:46,296 [79abbc2e-0a90-4a41-a17c-6388bb873359@group-B673650064C9-LeaderElection75] INFO  impl.LeaderElection (LeaderElection.java:askForVotes(178)) - 79abbc2e-0a90-4a41-a17c-6388bb873359@group-B673650064C9-LeaderElection75: begin an election at term 87 for -1: [ebd8d1f9-8297-450f-abe7-393807ba0c7e:192.168.164.239:36510, dbc121b5-e1e8-4c61-9d50-542b699a3d90:192.168.164.239:43140, 79abbc2e-0a90-4a41-a17c-6388bb873359:192.168.164.239:37857], old=null
2019-10-15 17:17:46,299 [grpc-default-executor-1] INFO  impl.RaftServerImpl (RaftServerImpl.java:setRole(184)) - ebd8d1f9-8297-450f-abe7-393807ba0c7e@group-B673650064C9: changes role from  FOLLOWER to FOLLOWER at term 87 for recognizeCandidate:79abbc2e-0a90-4a41-a17c-6388bb873359
2019-10-15 17:17:46,299 [grpc-default-executor-1] INFO  impl.RoleInfo (RoleInfo.java:shutdownFollowerState(121)) - ebd8d1f9-8297-450f-abe7-393807ba0c7e: shutdown FollowerState
2019-10-15 17:17:46,299 [grpc-default-executor-1] INFO  impl.RoleInfo (RoleInfo.java:updateAndGet(143)) - ebd8d1f9-8297-450f-abe7-393807ba0c7e: start FollowerState
2019-10-15 17:17:46,299 [grpc-default-executor-0] INFO  impl.RaftServerImpl (RaftServerImpl.java:setRole(184)) - dbc121b5-e1e8-4c61-9d50-542b699a3d90@group-B673650064C9: changes role from  FOLLOWER to FOLLOWER at term 87 for recognizeCandidate:79abbc2e-0a90-4a41-a17c-6388bb873359
2019-10-15 17:17:46,299 [Thread-745] INFO  impl.FollowerState (FollowerState.java:run(117)) - ebd8d1f9-8297-450f-abe7-393807ba0c7e@group-B673650064C9-FollowerState was interrupted: java.lang.InterruptedException: sleep interrupted
2019-10-15 17:17:46,300 [grpc-default-executor-0] INFO  impl.RoleInfo (RoleInfo.java:shutdownFollowerState(121)) - dbc121b5-e1e8-4c61-9d50-542b699a3d90: shutdown FollowerState
2019-10-15 17:17:46,300 [grpc-default-executor-0] INFO  impl.RoleInfo (RoleInfo.java:updateAndGet(143)) - dbc121b5-e1e8-4c61-9d50-542b699a3d90: start FollowerState
2019-10-15 17:17:46,300 [Thread-746] INFO  impl.FollowerState (FollowerState.java:run(117)) - dbc121b5-e1e8-4c61-9d50-542b699a3d90@group-B673650064C9-FollowerState was interrupted: java.lang.InterruptedException: sleep interrupted
2019-10-15 17:17:46,331 [79abbc2e-0a90-4a41-a17c-6388bb873359@group-B673650064C9-LeaderElection75] INFO  impl.LeaderElection (LeaderElection.java:logAndReturn(56)) - 79abbc2e-0a90-4a41-a17c-6388bb873359@group-B673650064C9-LeaderElection75: Election REJECTED; received 2 response(s) [79abbc2e-0a90-4a41-a17c-6388bb873359<-ebd8d1f9-8297-450f-abe7-393807ba0c7e#0:FAIL-t87, 79abbc2e-0a90-4a41-a17c-6388bb873359<-dbc121b5-e1e8-4c61-9d50-542b699a3d90#0:FAIL-t87] and 0 exception(s); 79abbc2e-0a90-4a41-a17c-6388bb873359@group-B673650064C9:t87, leader=null, voted=79abbc2e-0a90-4a41-a17c-6388bb873359, raftlog=79abbc2e-0a90-4a41-a17c-6388bb873359@group-B673650064C9-SegmentedRaftLog:OPENED:c-1,f-1,i0, conf=-1: [ebd8d1f9-8297-450f-abe7-393807ba0c7e:192.168.164.239:36510, dbc121b5-e1e8-4c61-9d50-542b699a3d90:192.168.164.239:43140, 79abbc2e-0a90-4a41-a17c-6388bb873359:192.168.164.239:37857], old=null
2019-10-15 17:17:46,332 [79abbc2e-0a90-4a41-a17c-6388bb873359@group-B673650064C9-LeaderElection75] INFO  impl.RaftServerImpl (RaftServerImpl.java:setRole(184)) - 79abbc2e-0a90-4a41-a17c-6388bb873359@group-B673650064C9: changes role from CANDIDATE to FOLLOWER at term 87 for DISCOVERED_A_NEW_TERM
2019-10-15 17:17:46,332 [79abbc2e-0a90-4a41-a17c-6388bb873359@group-B673650064C9-LeaderElection75] INFO  impl.RoleInfo (RoleInfo.java:shutdownLeaderElection(134)) - 79abbc2e-0a90-4a41-a17c-6388bb873359: shutdown LeaderElection
2019-10-15 17:17:46,332 [79abbc2e-0a90-4a41-a17c-6388bb873359@group-B673650064C9-LeaderElection75] INFO  impl.RoleInfo (RoleInfo.java:updateAndGet(143)) - 79abbc2e-0a90-4a41-a17c-6388bb873359: start FollowerState
2019-10-15 17:17:46,362 [Thread-753] INFO  impl.FollowerState (FollowerState.java:run(108)) - 79abbc2e-0a90-4a41-a17c-6388bb873359@group-B673650064C9-FollowerState: change to CANDIDATE, lastRpcTime:30ms, electionTimeout:30ms
2019-10-15 17:17:46,362 [Thread-753] INFO  impl.RoleInfo (RoleInfo.java:shutdownFollowerState(121)) - 79abbc2e-0a90-4a41-a17c-6388bb873359: shutdown FollowerState
2019-10-15 17:17:46,362 [Thread-753] INFO  impl.RaftServerImpl (RaftServerImpl.java:setRole(184)) - 79abbc2e-0a90-4a41-a17c-6388bb873359@group-B673650064C9: changes role from  FOLLOWER to CANDIDATE at term 87 for changeToCandidate
2019-10-15 17:17:46,363 [Thread-753] INFO  impl.RoleInfo (RoleInfo.java:updateAndGet(143)) - 79abbc2e-0a90-4a41-a17c-6388bb873359: start LeaderElection
2019-10-15 17:17:46,389 [79abbc2e-0a90-4a41-a17c-6388bb873359@group-B673650064C9-LeaderElection76] INFO  impl.LeaderElection (LeaderElection.java:askForVotes(178)) - 79abbc2e-0a90-4a41-a17c-6388bb873359@group-B673650064C9-LeaderElection76: begin an election at term 88 for -1: [ebd8d1f9-8297-450f-abe7-393807ba0c7e:192.168.164.239:36510, dbc121b5-e1e8-4c61-9d50-542b699a3d90:192.168.164.239:43140, 79abbc2e-0a90-4a41-a17c-6388bb873359:192.168.164.239:37857], old=null
2019-10-15 17:17:46,391 [grpc-default-executor-0] INFO  impl.RaftServerImpl (RaftServerImpl.java:setRole(184)) - dbc121b5-e1e8-4c61-9d50-542b699a3d90@group-B673650064C9: changes role from  FOLLOWER to FOLLOWER at term 88 for recognizeCandidate:79abbc2e-0a90-4a41-a17c-6388bb873359
2019-10-15 17:17:46,391 [grpc-default-executor-0] INFO  impl.RoleInfo (RoleInfo.java:shutdownFollowerState(121)) - dbc121b5-e1e8-4c61-9d50-542b699a3d90: shutdown FollowerState
2019-10-15 17:17:46,391 [grpc-default-executor-1] INFO  impl.RaftServerImpl (RaftServerImpl.java:setRole(184)) - ebd8d1f9-8297-450f-abe7-393807ba0c7e@group-B673650064C9: changes role from  FOLLOWER to FOLLOWER at term 88 for recognizeCandidate:79abbc2e-0a90-4a41-a17c-6388bb873359
2019-10-15 17:17:46,392 [Thread-752] INFO  impl.FollowerState (FollowerState.java:run(117)) - dbc121b5-e1e8-4c61-9d50-542b699a3d90@group-B673650064C9-FollowerState was interrupted: java.lang.InterruptedException: sleep interrupted
2019-10-15 17:17:46,392 [grpc-default-executor-0] INFO  impl.RoleInfo (RoleInfo.java:updateAndGet(143)) - dbc121b5-e1e8-4c61-9d50-542b699a3d90: start FollowerState
2019-10-15 17:17:46,392 [grpc-default-executor-1] INFO  impl.RoleInfo (RoleInfo.java:shutdownFollowerState(121)) - ebd8d1f9-8297-450f-abe7-393807ba0c7e: shutdown FollowerState
2019-10-15 17:17:46,392 [grpc-default-executor-1] INFO  impl.RoleInfo (RoleInfo.java:updateAndGet(143)) - ebd8d1f9-8297-450f-abe7-393807ba0c7e: start FollowerState
2019-10-15 17:17:46,392 [Thread-751] INFO  impl.FollowerState (FollowerState.java:run(117)) - ebd8d1f9-8297-450f-abe7-393807ba0c7e@group-B673650064C9-FollowerState was interrupted: java.lang.InterruptedException: sleep interrupted
2019-10-15 17:17:46,407 [79abbc2e-0a90-4a41-a17c-6388bb873359@group-B673650064C9-LeaderElection76] INFO  impl.LeaderElection (LeaderElection.java:logAndReturn(56)) - 79abbc2e-0a90-4a41-a17c-6388bb873359@group-B673650064C9-LeaderElection76: Election REJECTED; received 2 response(s) [79abbc2e-0a90-4a41-a17c-6388bb873359<-ebd8d1f9-8297-450f-abe7-393807ba0c7e#0:FAIL-t88, 79abbc2e-0a90-4a41-a17c-6388bb873359<-dbc121b5-e1e8-4c61-9d50-542b699a3d90#0:FAIL-t88] and 0 exception(s); 79abbc2e-0a90-4a41-a17c-6388bb873359@group-B673650064C9:t88, leader=null, voted=79abbc2e-0a90-4a41-a17c-6388bb873359, raftlog=79abbc2e-0a90-4a41-a17c-6388bb873359@group-B673650064C9-SegmentedRaftLog:OPENED:c-1,f-1,i0, conf=-1: [ebd8d1f9-8297-450f-abe7-393807ba0c7e:192.168.164.239:36510, dbc121b5-e1e8-4c61-9d50-542b699a3d90:192.168.164.239:43140, 79abbc2e-0a90-4a41-a17c-6388bb873359:192.168.164.239:37857], old=null
2019-10-15 17:17:46,407 [79abbc2e-0a90-4a41-a17c-6388bb873359@group-B673650064C9-LeaderElection76] INFO  impl.RaftServerImpl (RaftServerImpl.java:setRole(184)) - 79abbc2e-0a90-4a41-a17c-6388bb873359@group-B673650064C9: changes role from CANDIDATE to FOLLOWER at term 88 for DISCOVERED_A_NEW_TERM
2019-10-15 17:17:46,407 [79abbc2e-0a90-4a41-a17c-6388bb873359@group-B673650064C9-LeaderElection76] INFO  impl.RoleInfo (RoleInfo.java:shutdownLeaderElection(134)) - 79abbc2e-0a90-4a41-a17c-6388bb873359: shutdown LeaderElection
2019-10-15 17:17:46,407 [79abbc2e-0a90-4a41-a17c-6388bb873359@group-B673650064C9-LeaderElection76] INFO  impl.RoleInfo (RoleInfo.java:updateAndGet(143)) - 79abbc2e-0a90-4a41-a17c-6388bb873359: start FollowerState
2019-10-15 17:17:46,560 [Thread-759] INFO  impl.FollowerState (FollowerState.java:run(108)) - 79abbc2e-0a90-4a41-a17c-6388bb873359@group-B673650064C9-FollowerState: change to CANDIDATE, lastRpcTime:152ms, electionTimeout:152ms
2019-10-15 17:17:46,560 [Thread-759] INFO  impl.RoleInfo (RoleInfo.java:shutdownFollowerState(121)) - 79abbc2e-0a90-4a41-a17c-6388bb873359: shutdown FollowerState
2019-10-15 17:17:46,560 [Thread-759] INFO  impl.RaftServerImpl (RaftServerImpl.java:setRole(184)) - 79abbc2e-0a90-4a41-a17c-6388bb873359@group-B673650064C9: changes role from  FOLLOWER to CANDIDATE at term 88 for changeToCandidate
2019-10-15 17:17:46,560 [Thread-759] INFO  impl.RoleInfo (RoleInfo.java:updateAndGet(143)) - 79abbc2e-0a90-4a41-a17c-6388bb873359: start LeaderElection
2019-10-15 17:17:46,590 [79abbc2e-0a90-4a41-a17c-6388bb873359@group-B673650064C9-LeaderElection77] INFO  impl.LeaderElection (LeaderElection.java:askForVotes(178)) - 79abbc2e-0a90-4a41-a17c-6388bb873359@group-B673650064C9-LeaderElection77: begin an election at term 89 for -1: [ebd8d1f9-8297-450f-abe7-393807ba0c7e:192.168.164.239:36510, dbc121b5-e1e8-4c61-9d50-542b699a3d90:192.168.164.239:43140, 79abbc2e-0a90-4a41-a17c-6388bb873359:192.168.164.239:37857], old=null
2019-10-15 17:17:46,592 [grpc-default-executor-0] INFO  impl.RaftServerImpl (RaftServerImpl.java:setRole(184)) - dbc121b5-e1e8-4c61-9d50-542b699a3d90@group-B673650064C9: changes role from  FOLLOWER to FOLLOWER at term 89 for recognizeCandidate:79abbc2e-0a90-4a41-a17c-6388bb873359
2019-10-15 17:17:46,592 [grpc-default-executor-0] INFO  impl.RoleInfo (RoleInfo.java:shutdownFollowerState(121)) - dbc121b5-e1e8-4c61-9d50-542b699a3d90: shutdown FollowerState
2019-10-15 17:17:46,592 [grpc-default-executor-0] INFO  impl.RoleInfo (RoleInfo.java:updateAndGet(143)) - dbc121b5-e1e8-4c61-9d50-542b699a3d90: start FollowerState
2019-10-15 17:17:46,592 [Thread-757] INFO  impl.FollowerState (FollowerState.java:run(117)) - dbc121b5-e1e8-4c61-9d50-542b699a3d90@group-B673650064C9-FollowerState was interrupted: java.lang.InterruptedException: sleep interrupted
2019-10-15 17:17:46,592 [grpc-default-executor-1] INFO  impl.RaftServerImpl (RaftServerImpl.java:setRole(184)) - ebd8d1f9-8297-450f-abe7-393807ba0c7e@group-B673650064C9: changes role from  FOLLOWER to FOLLOWER at term 89 for recognizeCandidate:79abbc2e-0a90-4a41-a17c-6388bb873359
2019-10-15 17:17:46,593 [grpc-default-executor-1] INFO  impl.RoleInfo (RoleInfo.java:shutdownFollowerState(121)) - ebd8d1f9-8297-450f-abe7-393807ba0c7e: shutdown FollowerState
2019-10-15 17:17:46,593 [Thread-758] INFO  impl.FollowerState (FollowerState.java:run(117)) - ebd8d1f9-8297-450f-abe7-393807ba0c7e@group-B673650064C9-FollowerState was interrupted: java.lang.InterruptedException: sleep interrupted
2019-10-15 17:17:46,593 [grpc-default-executor-1] INFO  impl.RoleInfo (RoleInfo.java:updateAndGet(143)) - ebd8d1f9-8297-450f-abe7-393807ba0c7e: start FollowerState
2019-10-15 17:17:46,616 [79abbc2e-0a90-4a41-a17c-6388bb873359@group-B673650064C9-LeaderElection77] INFO  impl.LeaderElection (LeaderElection.java:logAndReturn(56)) - 79abbc2e-0a90-4a41-a17c-6388bb873359@group-B673650064C9-LeaderElection77: Election REJECTED; received 2 response(s) [79abbc2e-0a90-4a41-a17c-6388bb873359<-ebd8d1f9-8297-450f-abe7-393807ba0c7e#0:FAIL-t89, 79abbc2e-0a90-4a41-a17c-6388bb873359<-dbc121b5-e1e8-4c61-9d50-542b699a3d90#0:FAIL-t89] and 0 exception(s); 79abbc2e-0a90-4a41-a17c-6388bb873359@group-B673650064C9:t89, leader=null, voted=79abbc2e-0a90-4a41-a17c-6388bb873359, raftlog=79abbc2e-0a90-4a41-a17c-6388bb873359@group-B673650064C9-SegmentedRaftLog:OPENED:c-1,f-1,i0, conf=-1: [ebd8d1f9-8297-450f-abe7-393807ba0c7e:192.168.164.239:36510, dbc121b5-e1e8-4c61-9d50-542b699a3d90:192.168.164.239:43140, 79abbc2e-0a90-4a41-a17c-6388bb873359:192.168.164.239:37857], old=null
2019-10-15 17:17:46,616 [79abbc2e-0a90-4a41-a17c-6388bb873359@group-B673650064C9-LeaderElection77] INFO  impl.RaftServerImpl (RaftServerImpl.java:setRole(184)) - 79abbc2e-0a90-4a41-a17c-6388bb873359@group-B673650064C9: changes role from CANDIDATE to FOLLOWER at term 89 for DISCOVERED_A_NEW_TERM
2019-10-15 17:17:46,617 [79abbc2e-0a90-4a41-a17c-6388bb873359@group-B673650064C9-LeaderElection77] INFO  impl.RoleInfo (RoleInfo.java:shutdownLeaderElection(134)) - 79abbc2e-0a90-4a41-a17c-6388bb873359: shutdown LeaderElection
2019-10-15 17:17:46,617 [79abbc2e-0a90-4a41-a17c-6388bb873359@group-B673650064C9-LeaderElection77] INFO  impl.RoleInfo (RoleInfo.java:updateAndGet(143)) - 79abbc2e-0a90-4a41-a17c-6388bb873359: start FollowerState
2019-10-15 17:17:46,758 [Thread-767] INFO  impl.FollowerState (FollowerState.java:run(108)) - 79abbc2e-0a90-4a41-a17c-6388bb873359@group-B673650064C9-FollowerState: change to CANDIDATE, lastRpcTime:141ms, electionTimeout:141ms
2019-10-15 17:17:46,759 [Thread-767] INFO  impl.RoleInfo (RoleInfo.java:shutdownFollowerState(121)) - 79abbc2e-0a90-4a41-a17c-6388bb873359: shutdown FollowerState
2019-10-15 17:17:46,759 [Thread-767] INFO  impl.RaftServerImpl (RaftServerImpl.java:setRole(184)) - 79abbc2e-0a90-4a41-a17c-6388bb873359@group-B673650064C9: changes role from  FOLLOWER to CANDIDATE at term 89 for changeToCandidate
2019-10-15 17:17:46,759 [Thread-767] INFO  impl.RoleInfo (RoleInfo.java:updateAndGet(143)) - 79abbc2e-0a90-4a41-a17c-6388bb873359: start LeaderElection
2019-10-15 17:17:46,782 [79abbc2e-0a90-4a41-a17c-6388bb873359@group-B673650064C9-LeaderElection78] INFO  impl.LeaderElection (LeaderElection.java:askForVotes(178)) - 79abbc2e-0a90-4a41-a17c-6388bb873359@group-B673650064C9-LeaderElection78: begin an election at term 90 for -1: [ebd8d1f9-8297-450f-abe7-393807ba0c7e:192.168.164.239:36510, dbc121b5-e1e8-4c61-9d50-542b699a3d90:192.168.164.239:43140, 79abbc2e-0a90-4a41-a17c-6388bb873359:192.168.164.239:37857], old=null
2019-10-15 17:17:46,786 [grpc-default-executor-1] INFO  impl.RaftServerImpl (RaftServerImpl.java:setRole(184)) - ebd8d1f9-8297-450f-abe7-393807ba0c7e@group-B673650064C9: changes role from  FOLLOWER to FOLLOWER at term 90 for recognizeCandidate:79abbc2e-0a90-4a41-a17c-6388bb873359
2019-10-15 17:17:46,786 [grpc-default-executor-0] INFO  impl.RaftServerImpl (RaftServerImpl.java:setRole(184)) - dbc121b5-e1e8-4c61-9d50-542b699a3d90@group-B673650064C9: changes role from  FOLLOWER to FOLLOWER at term 90 for recognizeCandidate:79abbc2e-0a90-4a41-a17c-6388bb873359
2019-10-15 17:17:46,787 [grpc-default-executor-1] INFO  impl.RoleInfo (RoleInfo.java:shutdownFollowerState(121)) - ebd8d1f9-8297-450f-abe7-393807ba0c7e: shutdown FollowerState
2019-10-15 17:17:46,787 [grpc-default-executor-0] INFO  impl.RoleInfo (RoleInfo.java:shutdownFollowerState(121)) - dbc121b5-e1e8-4c61-9d50-542b699a3d90: shutdown FollowerState
2019-10-15 17:17:46,787 [Thread-766] INFO  impl.FollowerState (FollowerState.java:run(117)) - ebd8d1f9-8297-450f-abe7-393807ba0c7e@group-B673650064C9-FollowerState was interrupted: java.lang.InterruptedException: sleep interrupted
2019-10-15 17:17:46,787 [grpc-default-executor-1] INFO  impl.RoleInfo (RoleInfo.java:updateAndGet(143)) - ebd8d1f9-8297-450f-abe7-393807ba0c7e: start FollowerState
2019-10-15 17:17:46,787 [Thread-765] INFO  impl.FollowerState (FollowerState.java:run(117)) - dbc121b5-e1e8-4c61-9d50-542b699a3d90@group-B673650064C9-FollowerState was interrupted: java.lang.InterruptedException: sleep interrupted
2019-10-15 17:17:46,787 [grpc-default-executor-0] INFO  impl.RoleInfo (RoleInfo.java:updateAndGet(143)) - dbc121b5-e1e8-4c61-9d50-542b699a3d90: start FollowerState
2019-10-15 17:17:46,817 [79abbc2e-0a90-4a41-a17c-6388bb873359@group-B673650064C9-LeaderElection78] INFO  impl.LeaderElection (LeaderElection.java:logAndReturn(56)) - 79abbc2e-0a90-4a41-a17c-6388bb873359@group-B673650064C9-LeaderElection78: Election REJECTED; received 2 response(s) [79abbc2e-0a90-4a41-a17c-6388bb873359<-ebd8d1f9-8297-450f-abe7-393807ba0c7e#0:FAIL-t90, 79abbc2e-0a90-4a41-a17c-6388bb873359<-dbc121b5-e1e8-4c61-9d50-542b699a3d90#0:FAIL-t90] and 0 exception(s); 79abbc2e-0a90-4a41-a17c-6388bb873359@group-B673650064C9:t90, leader=null, voted=79abbc2e-0a90-4a41-a17c-6388bb873359, raftlog=79abbc2e-0a90-4a41-a17c-6388bb873359@group-B673650064C9-SegmentedRaftLog:OPENED:c-1,f-1,i0, conf=-1: [ebd8d1f9-8297-450f-abe7-393807ba0c7e:192.168.164.239:36510, dbc121b5-e1e8-4c61-9d50-542b699a3d90:192.168.164.239:43140, 79abbc2e-0a90-4a41-a17c-6388bb873359:192.168.164.239:37857], old=null
2019-10-15 17:17:46,817 [79abbc2e-0a90-4a41-a17c-6388bb873359@group-B673650064C9-LeaderElection78] INFO  impl.RaftServerImpl (RaftServerImpl.java:setRole(184)) - 79abbc2e-0a90-4a41-a17c-6388bb873359@group-B673650064C9: changes role from CANDIDATE to FOLLOWER at term 90 for DISCOVERED_A_NEW_TERM
2019-10-15 17:17:46,817 [79abbc2e-0a90-4a41-a17c-6388bb873359@group-B673650064C9-LeaderElection78] INFO  impl.RoleInfo (RoleInfo.java:shutdownLeaderElection(134)) - 79abbc2e-0a90-4a41-a17c-6388bb873359: shutdown LeaderElection
2019-10-15 17:17:46,818 [79abbc2e-0a90-4a41-a17c-6388bb873359@group-B673650064C9-LeaderElection78] INFO  impl.RoleInfo (RoleInfo.java:updateAndGet(143)) - 79abbc2e-0a90-4a41-a17c-6388bb873359: start FollowerState
2019-10-15 17:17:46,880 [Thread-773] INFO  impl.FollowerState (FollowerState.java:run(108)) - 79abbc2e-0a90-4a41-a17c-6388bb873359@group-B673650064C9-FollowerState: change to CANDIDATE, lastRpcTime:62ms, electionTimeout:62ms
2019-10-15 17:17:46,881 [Thread-773] INFO  impl.RoleInfo (RoleInfo.java:shutdownFollowerState(121)) - 79abbc2e-0a90-4a41-a17c-6388bb873359: shutdown FollowerState
2019-10-15 17:17:46,881 [Thread-773] INFO  impl.RaftServerImpl (RaftServerImpl.java:setRole(184)) - 79abbc2e-0a90-4a41-a17c-6388bb873359@group-B673650064C9: changes role from  FOLLOWER to CANDIDATE at term 90 for changeToCandidate
2019-10-15 17:17:46,881 [Thread-773] INFO  impl.RoleInfo (RoleInfo.java:updateAndGet(143)) - 79abbc2e-0a90-4a41-a17c-6388bb873359: start LeaderElection
2019-10-15 17:17:46,908 [79abbc2e-0a90-4a41-a17c-6388bb873359@group-B673650064C9-LeaderElection79] INFO  impl.LeaderElection (LeaderElection.java:askForVotes(178)) - 79abbc2e-0a90-4a41-a17c-6388bb873359@group-B673650064C9-LeaderElection79: begin an election at term 91 for -1: [ebd8d1f9-8297-450f-abe7-393807ba0c7e:192.168.164.239:36510, dbc121b5-e1e8-4c61-9d50-542b699a3d90:192.168.164.239:43140, 79abbc2e-0a90-4a41-a17c-6388bb873359:192.168.164.239:37857], old=null
2019-10-15 17:17:46,910 [grpc-default-executor-1] INFO  impl.RaftServerImpl (RaftServerImpl.java:setRole(184)) - dbc121b5-e1e8-4c61-9d50-542b699a3d90@group-B673650064C9: changes role from  FOLLOWER to FOLLOWER at term 91 for recognizeCandidate:79abbc2e-0a90-4a41-a17c-6388bb873359
2019-10-15 17:17:46,911 [grpc-default-executor-0] INFO  impl.RaftServerImpl (RaftServerImpl.java:setRole(184)) - ebd8d1f9-8297-450f-abe7-393807ba0c7e@group-B673650064C9: changes role from  FOLLOWER to FOLLOWER at term 91 for recognizeCandidate:79abbc2e-0a90-4a41-a17c-6388bb873359
2019-10-15 17:17:46,911 [grpc-default-executor-1] INFO  impl.RoleInfo (RoleInfo.java:shutdownFollowerState(121)) - dbc121b5-e1e8-4c61-9d50-542b699a3d90: shutdown FollowerState
2019-10-15 17:17:46,911 [grpc-default-executor-0] INFO  impl.RoleInfo (RoleInfo.java:shutdownFollowerState(121)) - ebd8d1f9-8297-450f-abe7-393807ba0c7e: shutdown FollowerState
2019-10-15 17:17:46,911 [grpc-default-executor-1] INFO  impl.RoleInfo (RoleInfo.java:updateAndGet(143)) - dbc121b5-e1e8-4c61-9d50-542b699a3d90: start FollowerState
2019-10-15 17:17:46,911 [Thread-772] INFO  impl.FollowerState (FollowerState.java:run(117)) - dbc121b5-e1e8-4c61-9d50-542b699a3d90@group-B673650064C9-FollowerState was interrupted: java.lang.InterruptedException: sleep interrupted
2019-10-15 17:17:46,911 [Thread-771] INFO  impl.FollowerState (FollowerState.java:run(117)) - ebd8d1f9-8297-450f-abe7-393807ba0c7e@group-B673650064C9-FollowerState was interrupted: java.lang.InterruptedException: sleep interrupted
2019-10-15 17:17:46,911 [grpc-default-executor-0] INFO  impl.RoleInfo (RoleInfo.java:updateAndGet(143)) - ebd8d1f9-8297-450f-abe7-393807ba0c7e: start FollowerState
2019-10-15 17:17:46,934 [79abbc2e-0a90-4a41-a17c-6388bb873359@group-B673650064C9-LeaderElection79] INFO  impl.LeaderElection (LeaderElection.java:logAndReturn(56)) - 79abbc2e-0a90-4a41-a17c-6388bb873359@group-B673650064C9-LeaderElection79: Election REJECTED; received 2 response(s) [79abbc2e-0a90-4a41-a17c-6388bb873359<-ebd8d1f9-8297-450f-abe7-393807ba0c7e#0:FAIL-t91, 79abbc2e-0a90-4a41-a17c-6388bb873359<-dbc121b5-e1e8-4c61-9d50-542b699a3d90#0:FAIL-t91] and 0 exception(s); 79abbc2e-0a90-4a41-a17c-6388bb873359@group-B673650064C9:t91, leader=null, voted=79abbc2e-0a90-4a41-a17c-6388bb873359, raftlog=79abbc2e-0a90-4a41-a17c-6388bb873359@group-B673650064C9-SegmentedRaftLog:OPENED:c-1,f-1,i0, conf=-1: [ebd8d1f9-8297-450f-abe7-393807ba0c7e:192.168.164.239:36510, dbc121b5-e1e8-4c61-9d50-542b699a3d90:192.168.164.239:43140, 79abbc2e-0a90-4a41-a17c-6388bb873359:192.168.164.239:37857], old=null
2019-10-15 17:17:46,934 [79abbc2e-0a90-4a41-a17c-6388bb873359@group-B673650064C9-LeaderElection79] INFO  impl.RaftServerImpl (RaftServerImpl.java:setRole(184)) - 79abbc2e-0a90-4a41-a17c-6388bb873359@group-B673650064C9: changes role from CANDIDATE to FOLLOWER at term 91 for DISCOVERED_A_NEW_TERM
2019-10-15 17:17:46,935 [79abbc2e-0a90-4a41-a17c-6388bb873359@group-B673650064C9-LeaderElection79] INFO  impl.RoleInfo (RoleInfo.java:shutdownLeaderElection(134)) - 79abbc2e-0a90-4a41-a17c-6388bb873359: shutdown LeaderElection
2019-10-15 17:17:46,935 [79abbc2e-0a90-4a41-a17c-6388bb873359@group-B673650064C9-LeaderElection79] INFO  impl.RoleInfo (RoleInfo.java:updateAndGet(143)) - 79abbc2e-0a90-4a41-a17c-6388bb873359: start FollowerState
2019-10-15 17:17:47,110 [Thread-779] INFO  impl.FollowerState (FollowerState.java:run(108)) - 79abbc2e-0a90-4a41-a17c-6388bb873359@group-B673650064C9-FollowerState: change to CANDIDATE, lastRpcTime:175ms, electionTimeout:175ms
2019-10-15 17:17:47,110 [Thread-779] INFO  impl.RoleInfo (RoleInfo.java:shutdownFollowerState(121)) - 79abbc2e-0a90-4a41-a17c-6388bb873359: shutdown FollowerState
2019-10-15 17:17:47,111 [Thread-779] INFO  impl.RaftServerImpl (RaftServerImpl.java:setRole(184)) - 79abbc2e-0a90-4a41-a17c-6388bb873359@group-B673650064C9: changes role from  FOLLOWER to CANDIDATE at term 91 for changeToCandidate
2019-10-15 17:17:47,111 [Thread-779] INFO  impl.RoleInfo (RoleInfo.java:updateAndGet(143)) - 79abbc2e-0a90-4a41-a17c-6388bb873359: start LeaderElection
2019-10-15 17:17:47,142 [79abbc2e-0a90-4a41-a17c-6388bb873359@group-B673650064C9-LeaderElection80] INFO  impl.LeaderElection (LeaderElection.java:askForVotes(178)) - 79abbc2e-0a90-4a41-a17c-6388bb873359@group-B673650064C9-LeaderElection80: begin an election at term 92 for -1: [ebd8d1f9-8297-450f-abe7-393807ba0c7e:192.168.164.239:36510, dbc121b5-e1e8-4c61-9d50-542b699a3d90:192.168.164.239:43140, 79abbc2e-0a90-4a41-a17c-6388bb873359:192.168.164.239:37857], old=null
2019-10-15 17:17:47,145 [grpc-default-executor-1] INFO  impl.RaftServerImpl (RaftServerImpl.java:setRole(184)) - dbc121b5-e1e8-4c61-9d50-542b699a3d90@group-B673650064C9: changes role from  FOLLOWER to FOLLOWER at term 92 for recognizeCandidate:79abbc2e-0a90-4a41-a17c-6388bb873359
2019-10-15 17:17:47,145 [grpc-default-executor-0] INFO  impl.RaftServerImpl (RaftServerImpl.java:setRole(184)) - ebd8d1f9-8297-450f-abe7-393807ba0c7e@group-B673650064C9: changes role from  FOLLOWER to FOLLOWER at term 92 for recognizeCandidate:79abbc2e-0a90-4a41-a17c-6388bb873359
2019-10-15 17:17:47,145 [grpc-default-executor-0] INFO  impl.RoleInfo (RoleInfo.java:shutdownFollowerState(121)) - ebd8d1f9-8297-450f-abe7-393807ba0c7e: shutdown FollowerState
2019-10-15 17:17:47,145 [grpc-default-executor-1] INFO  impl.RoleInfo (RoleInfo.java:shutdownFollowerState(121)) - dbc121b5-e1e8-4c61-9d50-542b699a3d90: shutdown FollowerState
2019-10-15 17:17:47,145 [grpc-default-executor-0] INFO  impl.RoleInfo (RoleInfo.java:updateAndGet(143)) - ebd8d1f9-8297-450f-abe7-393807ba0c7e: start FollowerState
2019-10-15 17:17:47,146 [Thread-777] INFO  impl.FollowerState (FollowerState.java:run(117)) - dbc121b5-e1e8-4c61-9d50-542b699a3d90@group-B673650064C9-FollowerState was interrupted: java.lang.InterruptedException: sleep interrupted
2019-10-15 17:17:47,145 [grpc-default-executor-1] INFO  impl.RoleInfo (RoleInfo.java:updateAndGet(143)) - dbc121b5-e1e8-4c61-9d50-542b699a3d90: start FollowerState
2019-10-15 17:17:47,146 [Thread-778] INFO  impl.FollowerState (FollowerState.java:run(117)) - ebd8d1f9-8297-450f-abe7-393807ba0c7e@group-B673650064C9-FollowerState was interrupted: java.lang.InterruptedException: sleep interrupted
2019-10-15 17:17:47,168 [79abbc2e-0a90-4a41-a17c-6388bb873359@group-B673650064C9-LeaderElection80] INFO  impl.LeaderElection (LeaderElection.java:logAndReturn(56)) - 79abbc2e-0a90-4a41-a17c-6388bb873359@group-B673650064C9-LeaderElection80: Election REJECTED; received 2 response(s) [79abbc2e-0a90-4a41-a17c-6388bb873359<-ebd8d1f9-8297-450f-abe7-393807ba0c7e#0:FAIL-t92, 79abbc2e-0a90-4a41-a17c-6388bb873359<-dbc121b5-e1e8-4c61-9d50-542b699a3d90#0:FAIL-t92] and 0 exception(s); 79abbc2e-0a90-4a41-a17c-6388bb873359@group-B673650064C9:t92, leader=null, voted=79abbc2e-0a90-4a41-a17c-6388bb873359, raftlog=79abbc2e-0a90-4a41-a17c-6388bb873359@group-B673650064C9-SegmentedRaftLog:OPENED:c-1,f-1,i0, conf=-1: [ebd8d1f9-8297-450f-abe7-393807ba0c7e:192.168.164.239:36510, dbc121b5-e1e8-4c61-9d50-542b699a3d90:192.168.164.239:43140, 79abbc2e-0a90-4a41-a17c-6388bb873359:192.168.164.239:37857], old=null
2019-10-15 17:17:47,168 [79abbc2e-0a90-4a41-a17c-6388bb873359@group-B673650064C9-LeaderElection80] INFO  impl.RaftServerImpl (RaftServerImpl.java:setRole(184)) - 79abbc2e-0a90-4a41-a17c-6388bb873359@group-B673650064C9: changes role from CANDIDATE to FOLLOWER at term 92 for DISCOVERED_A_NEW_TERM
2019-10-15 17:17:47,169 [79abbc2e-0a90-4a41-a17c-6388bb873359@group-B673650064C9-LeaderElection80] INFO  impl.RoleInfo (RoleInfo.java:shutdownLeaderElection(134)) - 79abbc2e-0a90-4a41-a17c-6388bb873359: shutdown LeaderElection
2019-10-15 17:17:47,169 [79abbc2e-0a90-4a41-a17c-6388bb873359@group-B673650064C9-LeaderElection80] INFO  impl.RoleInfo (RoleInfo.java:updateAndGet(143)) - 79abbc2e-0a90-4a41-a17c-6388bb873359: start FollowerState
2019-10-15 17:17:47,223 [Thread-785] INFO  impl.FollowerState (FollowerState.java:run(108)) - 79abbc2e-0a90-4a41-a17c-6388bb873359@group-B673650064C9-FollowerState: change to CANDIDATE, lastRpcTime:54ms, electionTimeout:54ms
2019-10-15 17:17:47,224 [Thread-785] INFO  impl.RoleInfo (RoleInfo.java:shutdownFollowerState(121)) - 79abbc2e-0a90-4a41-a17c-6388bb873359: shutdown FollowerState
2019-10-15 17:17:47,224 [Thread-785] INFO  impl.RaftServerImpl (RaftServerImpl.java:setRole(184)) - 79abbc2e-0a90-4a41-a17c-6388bb873359@group-B673650064C9: changes role from  FOLLOWER to CANDIDATE at term 92 for changeToCandidate
2019-10-15 17:17:47,224 [Thread-785] INFO  impl.RoleInfo (RoleInfo.java:updateAndGet(143)) - 79abbc2e-0a90-4a41-a17c-6388bb873359: start LeaderElection
2019-10-15 17:17:47,252 [79abbc2e-0a90-4a41-a17c-6388bb873359@group-B673650064C9-LeaderElection81] INFO  impl.LeaderElection (LeaderElection.java:askForVotes(178)) - 79abbc2e-0a90-4a41-a17c-6388bb873359@group-B673650064C9-LeaderElection81: begin an election at term 93 for -1: [ebd8d1f9-8297-450f-abe7-393807ba0c7e:192.168.164.239:36510, dbc121b5-e1e8-4c61-9d50-542b699a3d90:192.168.164.239:43140, 79abbc2e-0a90-4a41-a17c-6388bb873359:192.168.164.239:37857], old=null
2019-10-15 17:17:47,255 [grpc-default-executor-0] INFO  impl.RaftServerImpl (RaftServerImpl.java:setRole(184)) - ebd8d1f9-8297-450f-abe7-393807ba0c7e@group-B673650064C9: changes role from  FOLLOWER to FOLLOWER at term 93 for recognizeCandidate:79abbc2e-0a90-4a41-a17c-6388bb873359
2019-10-15 17:17:47,255 [grpc-default-executor-1] INFO  impl.RaftServerImpl (RaftServerImpl.java:setRole(184)) - dbc121b5-e1e8-4c61-9d50-542b699a3d90@group-B673650064C9: changes role from  FOLLOWER to FOLLOWER at term 93 for recognizeCandidate:79abbc2e-0a90-4a41-a17c-6388bb873359
2019-10-15 17:17:47,255 [grpc-default-executor-0] INFO  impl.RoleInfo (RoleInfo.java:shutdownFollowerState(121)) - ebd8d1f9-8297-450f-abe7-393807ba0c7e: shutdown FollowerState
2019-10-15 17:17:47,255 [grpc-default-executor-1] INFO  impl.RoleInfo (RoleInfo.java:shutdownFollowerState(121)) - dbc121b5-e1e8-4c61-9d50-542b699a3d90: shutdown FollowerState
2019-10-15 17:17:47,256 [grpc-default-executor-0] INFO  impl.RoleInfo (RoleInfo.java:updateAndGet(143)) - ebd8d1f9-8297-450f-abe7-393807ba0c7e: start FollowerState
2019-10-15 17:17:47,256 [Thread-784] INFO  impl.FollowerState (FollowerState.java:run(117)) - dbc121b5-e1e8-4c61-9d50-542b699a3d90@group-B673650064C9-FollowerState was interrupted: java.lang.InterruptedException: sleep interrupted
2019-10-15 17:17:47,256 [grpc-default-executor-1] INFO  impl.RoleInfo (RoleInfo.java:updateAndGet(143)) - dbc121b5-e1e8-4c61-9d50-542b699a3d90: start FollowerState
2019-10-15 17:17:47,256 [Thread-783] INFO  impl.FollowerState (FollowerState.java:run(117)) - ebd8d1f9-8297-450f-abe7-393807ba0c7e@group-B673650064C9-FollowerState was interrupted: java.lang.InterruptedException: sleep interrupted
2019-10-15 17:17:47,278 [79abbc2e-0a90-4a41-a17c-6388bb873359@group-B673650064C9-LeaderElection81] INFO  impl.LeaderElection (LeaderElection.java:logAndReturn(56)) - 79abbc2e-0a90-4a41-a17c-6388bb873359@group-B673650064C9-LeaderElection81: Election REJECTED; received 2 response(s) [79abbc2e-0a90-4a41-a17c-6388bb873359<-ebd8d1f9-8297-450f-abe7-393807ba0c7e#0:FAIL-t93, 79abbc2e-0a90-4a41-a17c-6388bb873359<-dbc121b5-e1e8-4c61-9d50-542b699a3d90#0:FAIL-t93] and 0 exception(s); 79abbc2e-0a90-4a41-a17c-6388bb873359@group-B673650064C9:t93, leader=null, voted=79abbc2e-0a90-4a41-a17c-6388bb873359, raftlog=79abbc2e-0a90-4a41-a17c-6388bb873359@group-B673650064C9-SegmentedRaftLog:OPENED:c-1,f-1,i0, conf=-1: [ebd8d1f9-8297-450f-abe7-393807ba0c7e:192.168.164.239:36510, dbc121b5-e1e8-4c61-9d50-542b699a3d90:192.168.164.239:43140, 79abbc2e-0a90-4a41-a17c-6388bb873359:192.168.164.239:37857], old=null
2019-10-15 17:17:47,278 [79abbc2e-0a90-4a41-a17c-6388bb873359@group-B673650064C9-LeaderElection81] INFO  impl.RaftServerImpl (RaftServerImpl.java:setRole(184)) - 79abbc2e-0a90-4a41-a17c-6388bb873359@group-B673650064C9: changes role from CANDIDATE to FOLLOWER at term 93 for DISCOVERED_A_NEW_TERM
2019-10-15 17:17:47,278 [79abbc2e-0a90-4a41-a17c-6388bb873359@group-B673650064C9-LeaderElection81] INFO  impl.RoleInfo (RoleInfo.java:shutdownLeaderElection(134)) - 79abbc2e-0a90-4a41-a17c-6388bb873359: shutdown LeaderElection
2019-10-15 17:17:47,279 [79abbc2e-0a90-4a41-a17c-6388bb873359@group-B673650064C9-LeaderElection81] INFO  impl.RoleInfo (RoleInfo.java:updateAndGet(143)) - 79abbc2e-0a90-4a41-a17c-6388bb873359: start FollowerState
2019-10-15 17:17:47,404 [Thread-791] INFO  impl.FollowerState (FollowerState.java:run(108)) - 79abbc2e-0a90-4a41-a17c-6388bb873359@group-B673650064C9-FollowerState: change to CANDIDATE, lastRpcTime:125ms, electionTimeout:125ms
2019-10-15 17:17:47,404 [Thread-791] INFO  impl.RoleInfo (RoleInfo.java:shutdownFollowerState(121)) - 79abbc2e-0a90-4a41-a17c-6388bb873359: shutdown FollowerState
2019-10-15 17:17:47,405 [Thread-791] INFO  impl.RaftServerImpl (RaftServerImpl.java:setRole(184)) - 79abbc2e-0a90-4a41-a17c-6388bb873359@group-B673650064C9: changes role from  FOLLOWER to CANDIDATE at term 93 for changeToCandidate
2019-10-15 17:17:47,405 [Thread-791] INFO  impl.RoleInfo (RoleInfo.java:updateAndGet(143)) - 79abbc2e-0a90-4a41-a17c-6388bb873359: start LeaderElection
2019-10-15 17:17:47,436 [79abbc2e-0a90-4a41-a17c-6388bb873359@group-B673650064C9-LeaderElection82] INFO  impl.LeaderElection (LeaderElection.java:askForVotes(178)) - 79abbc2e-0a90-4a41-a17c-6388bb873359@group-B673650064C9-LeaderElection82: begin an election at term 94 for -1: [ebd8d1f9-8297-450f-abe7-393807ba0c7e:192.168.164.239:36510, dbc121b5-e1e8-4c61-9d50-542b699a3d90:192.168.164.239:43140, 79abbc2e-0a90-4a41-a17c-6388bb873359:192.168.164.239:37857], old=null
2019-10-15 17:17:47,441 [grpc-default-executor-0] INFO  impl.RaftServerImpl (RaftServerImpl.java:setRole(184)) - ebd8d1f9-8297-450f-abe7-393807ba0c7e@group-B673650064C9: changes role from  FOLLOWER to FOLLOWER at term 94 for recognizeCandidate:79abbc2e-0a90-4a41-a17c-6388bb873359
2019-10-15 17:17:47,441 [grpc-default-executor-1] INFO  impl.RaftServerImpl (RaftServerImpl.java:setRole(184)) - dbc121b5-e1e8-4c61-9d50-542b699a3d90@group-B673650064C9: changes role from  FOLLOWER to FOLLOWER at term 94 for recognizeCandidate:79abbc2e-0a90-4a41-a17c-6388bb873359
2019-10-15 17:17:47,442 [grpc-default-executor-0] INFO  impl.RoleInfo (RoleInfo.java:shutdownFollowerState(121)) - ebd8d1f9-8297-450f-abe7-393807ba0c7e: shutdown FollowerState
2019-10-15 17:17:47,442 [grpc-default-executor-1] INFO  impl.RoleInfo (RoleInfo.java:shutdownFollowerState(121)) - dbc121b5-e1e8-4c61-9d50-542b699a3d90: shutdown FollowerState
2019-10-15 17:17:47,442 [Thread-789] INFO  impl.FollowerState (FollowerState.java:run(117)) - ebd8d1f9-8297-450f-abe7-393807ba0c7e@group-B673650064C9-FollowerState was interrupted: java.lang.InterruptedException: sleep interrupted
2019-10-15 17:17:47,442 [grpc-default-executor-1] INFO  impl.RoleInfo (RoleInfo.java:updateAndGet(143)) - dbc121b5-e1e8-4c61-9d50-542b699a3d90: start FollowerState
2019-10-15 17:17:47,442 [grpc-default-executor-0] INFO  impl.RoleInfo (RoleInfo.java:updateAndGet(143)) - ebd8d1f9-8297-450f-abe7-393807ba0c7e: start FollowerState
2019-10-15 17:17:47,442 [Thread-790] INFO  impl.FollowerState (FollowerState.java:run(117)) - dbc121b5-e1e8-4c61-9d50-542b699a3d90@group-B673650064C9-FollowerState was interrupted: java.lang.InterruptedException: sleep interrupted
2019-10-15 17:17:47,471 [79abbc2e-0a90-4a41-a17c-6388bb873359@group-B673650064C9-LeaderElection82] INFO  impl.LeaderElection (LeaderElection.java:logAndReturn(56)) - 79abbc2e-0a90-4a41-a17c-6388bb873359@group-B673650064C9-LeaderElection82: Election REJECTED; received 2 response(s) [79abbc2e-0a90-4a41-a17c-6388bb873359<-ebd8d1f9-8297-450f-abe7-393807ba0c7e#0:FAIL-t94, 79abbc2e-0a90-4a41-a17c-6388bb873359<-dbc121b5-e1e8-4c61-9d50-542b699a3d90#0:FAIL-t94] and 0 exception(s); 79abbc2e-0a90-4a41-a17c-6388bb873359@group-B673650064C9:t94, leader=null, voted=79abbc2e-0a90-4a41-a17c-6388bb873359, raftlog=79abbc2e-0a90-4a41-a17c-6388bb873359@group-B673650064C9-SegmentedRaftLog:OPENED:c-1,f-1,i0, conf=-1: [ebd8d1f9-8297-450f-abe7-393807ba0c7e:192.168.164.239:36510, dbc121b5-e1e8-4c61-9d50-542b699a3d90:192.168.164.239:43140, 79abbc2e-0a90-4a41-a17c-6388bb873359:192.168.164.239:37857], old=null
2019-10-15 17:17:47,471 [79abbc2e-0a90-4a41-a17c-6388bb873359@group-B673650064C9-LeaderElection82] INFO  impl.RaftServerImpl (RaftServerImpl.java:setRole(184)) - 79abbc2e-0a90-4a41-a17c-6388bb873359@group-B673650064C9: changes role from CANDIDATE to FOLLOWER at term 94 for DISCOVERED_A_NEW_TERM
2019-10-15 17:17:47,471 [79abbc2e-0a90-4a41-a17c-6388bb873359@group-B673650064C9-LeaderElection82] INFO  impl.RoleInfo (RoleInfo.java:shutdownLeaderElection(134)) - 79abbc2e-0a90-4a41-a17c-6388bb873359: shutdown LeaderElection
2019-10-15 17:17:47,471 [79abbc2e-0a90-4a41-a17c-6388bb873359@group-B673650064C9-LeaderElection82] INFO  impl.RoleInfo (RoleInfo.java:updateAndGet(143)) - 79abbc2e-0a90-4a41-a17c-6388bb873359: start FollowerState
2019-10-15 17:17:47,473 [Thread-797] INFO  impl.FollowerState (FollowerState.java:run(108)) - 79abbc2e-0a90-4a41-a17c-6388bb873359@group-B673650064C9-FollowerState: change to CANDIDATE, lastRpcTime:1ms, electionTimeout:1ms
2019-10-15 17:17:47,473 [Thread-797] INFO  impl.RoleInfo (RoleInfo.java:shutdownFollowerState(121)) - 79abbc2e-0a90-4a41-a17c-6388bb873359: shutdown FollowerState
2019-10-15 17:17:47,473 [Thread-797] INFO  impl.RaftServerImpl (RaftServerImpl.java:setRole(184)) - 79abbc2e-0a90-4a41-a17c-6388bb873359@group-B673650064C9: changes role from  FOLLOWER to CANDIDATE at term 94 for changeToCandidate
2019-10-15 17:17:47,473 [Thread-797] INFO  impl.RoleInfo (RoleInfo.java:updateAndGet(143)) - 79abbc2e-0a90-4a41-a17c-6388bb873359: start LeaderElection
2019-10-15 17:17:47,495 [79abbc2e-0a90-4a41-a17c-6388bb873359@group-B673650064C9-LeaderElection83] INFO  impl.LeaderElection (LeaderElection.java:askForVotes(178)) - 79abbc2e-0a90-4a41-a17c-6388bb873359@group-B673650064C9-LeaderElection83: begin an election at term 95 for -1: [ebd8d1f9-8297-450f-abe7-393807ba0c7e:192.168.164.239:36510, dbc121b5-e1e8-4c61-9d50-542b699a3d90:192.168.164.239:43140, 79abbc2e-0a90-4a41-a17c-6388bb873359:192.168.164.239:37857], old=null
2019-10-15 17:17:47,497 [grpc-default-executor-1] INFO  impl.RaftServerImpl (RaftServerImpl.java:setRole(184)) - dbc121b5-e1e8-4c61-9d50-542b699a3d90@group-B673650064C9: changes role from  FOLLOWER to FOLLOWER at term 95 for recognizeCandidate:79abbc2e-0a90-4a41-a17c-6388bb873359
2019-10-15 17:17:47,497 [grpc-default-executor-1] INFO  impl.RoleInfo (RoleInfo.java:shutdownFollowerState(121)) - dbc121b5-e1e8-4c61-9d50-542b699a3d90: shutdown FollowerState
2019-10-15 17:17:47,497 [grpc-default-executor-0] INFO  impl.RaftServerImpl (RaftServerImpl.java:setRole(184)) - ebd8d1f9-8297-450f-abe7-393807ba0c7e@group-B673650064C9: changes role from  FOLLOWER to FOLLOWER at term 95 for recognizeCandidate:79abbc2e-0a90-4a41-a17c-6388bb873359
2019-10-15 17:17:47,498 [Thread-796] INFO  impl.FollowerState (FollowerState.java:run(117)) - dbc121b5-e1e8-4c61-9d50-542b699a3d90@group-B673650064C9-FollowerState was interrupted: java.lang.InterruptedException: sleep interrupted
2019-10-15 17:17:47,498 [grpc-default-executor-1] INFO  impl.RoleInfo (RoleInfo.java:updateAndGet(143)) - dbc121b5-e1e8-4c61-9d50-542b699a3d90: start FollowerState
2019-10-15 17:17:47,498 [grpc-default-executor-0] INFO  impl.RoleInfo (RoleInfo.java:shutdownFollowerState(121)) - ebd8d1f9-8297-450f-abe7-393807ba0c7e: shutdown FollowerState
2019-10-15 17:17:47,498 [grpc-default-executor-0] INFO  impl.RoleInfo (RoleInfo.java:updateAndGet(143)) - ebd8d1f9-8297-450f-abe7-393807ba0c7e: start FollowerState
2019-10-15 17:17:47,498 [Thread-795] INFO  impl.FollowerState (FollowerState.java:run(117)) - ebd8d1f9-8297-450f-abe7-393807ba0c7e@group-B673650064C9-FollowerState was interrupted: java.lang.InterruptedException: sleep interrupted
2019-10-15 17:17:47,522 [79abbc2e-0a90-4a41-a17c-6388bb873359@group-B673650064C9-LeaderElection83] INFO  impl.LeaderElection (LeaderElection.java:logAndReturn(56)) - 79abbc2e-0a90-4a41-a17c-6388bb873359@group-B673650064C9-LeaderElection83: Election REJECTED; received 2 response(s) [79abbc2e-0a90-4a41-a17c-6388bb873359<-ebd8d1f9-8297-450f-abe7-393807ba0c7e#0:FAIL-t95, 79abbc2e-0a90-4a41-a17c-6388bb873359<-dbc121b5-e1e8-4c61-9d50-542b699a3d90#0:FAIL-t95] and 0 exception(s); 79abbc2e-0a90-4a41-a17c-6388bb873359@group-B673650064C9:t95, leader=null, voted=79abbc2e-0a90-4a41-a17c-6388bb873359, raftlog=79abbc2e-0a90-4a41-a17c-6388bb873359@group-B673650064C9-SegmentedRaftLog:OPENED:c-1,f-1,i0, conf=-1: [ebd8d1f9-8297-450f-abe7-393807ba0c7e:192.168.164.239:36510, dbc121b5-e1e8-4c61-9d50-542b699a3d90:192.168.164.239:43140, 79abbc2e-0a90-4a41-a17c-6388bb873359:192.168.164.239:37857], old=null
2019-10-15 17:17:47,522 [79abbc2e-0a90-4a41-a17c-6388bb873359@group-B673650064C9-LeaderElection83] INFO  impl.RaftServerImpl (RaftServerImpl.java:setRole(184)) - 79abbc2e-0a90-4a41-a17c-6388bb873359@group-B673650064C9: changes role from CANDIDATE to FOLLOWER at term 95 for DISCOVERED_A_NEW_TERM
2019-10-15 17:17:47,522 [79abbc2e-0a90-4a41-a17c-6388bb873359@group-B673650064C9-LeaderElection83] INFO  impl.RoleInfo (RoleInfo.java:shutdownLeaderElection(134)) - 79abbc2e-0a90-4a41-a17c-6388bb873359: shutdown LeaderElection
2019-10-15 17:17:47,522 [79abbc2e-0a90-4a41-a17c-6388bb873359@group-B673650064C9-LeaderElection83] INFO  impl.RoleInfo (RoleInfo.java:updateAndGet(143)) - 79abbc2e-0a90-4a41-a17c-6388bb873359: start FollowerState
2019-10-15 17:17:47,560 [Thread-803] INFO  impl.FollowerState (FollowerState.java:run(108)) - 79abbc2e-0a90-4a41-a17c-6388bb873359@group-B673650064C9-FollowerState: change to CANDIDATE, lastRpcTime:37ms, electionTimeout:37ms
2019-10-15 17:17:47,560 [Thread-803] INFO  impl.RoleInfo (RoleInfo.java:shutdownFollowerState(121)) - 79abbc2e-0a90-4a41-a17c-6388bb873359: shutdown FollowerState
2019-10-15 17:17:47,560 [Thread-803] INFO  impl.RaftServerImpl (RaftServerImpl.java:setRole(184)) - 79abbc2e-0a90-4a41-a17c-6388bb873359@group-B673650064C9: changes role from  FOLLOWER to CANDIDATE at term 95 for changeToCandidate
2019-10-15 17:17:47,560 [Thread-803] INFO  impl.RoleInfo (RoleInfo.java:updateAndGet(143)) - 79abbc2e-0a90-4a41-a17c-6388bb873359: start LeaderElection
2019-10-15 17:17:47,587 [79abbc2e-0a90-4a41-a17c-6388bb873359@group-B673650064C9-LeaderElection84] INFO  impl.LeaderElection (LeaderElection.java:askForVotes(178)) - 79abbc2e-0a90-4a41-a17c-6388bb873359@group-B673650064C9-LeaderElection84: begin an election at term 96 for -1: [ebd8d1f9-8297-450f-abe7-393807ba0c7e:192.168.164.239:36510, dbc121b5-e1e8-4c61-9d50-542b699a3d90:192.168.164.239:43140, 79abbc2e-0a90-4a41-a17c-6388bb873359:192.168.164.239:37857], old=null
2019-10-15 17:17:47,592 [grpc-default-executor-1] INFO  impl.RaftServerImpl (RaftServerImpl.java:setRole(184)) - dbc121b5-e1e8-4c61-9d50-542b699a3d90@group-B673650064C9: changes role from  FOLLOWER to FOLLOWER at term 96 for recognizeCandidate:79abbc2e-0a90-4a41-a17c-6388bb873359
2019-10-15 17:17:47,592 [grpc-default-executor-1] INFO  impl.RoleInfo (RoleInfo.java:shutdownFollowerState(121)) - dbc121b5-e1e8-4c61-9d50-542b699a3d90: shutdown FollowerState
2019-10-15 17:17:47,592 [grpc-default-executor-1] INFO  impl.RoleInfo (RoleInfo.java:updateAndGet(143)) - dbc121b5-e1e8-4c61-9d50-542b699a3d90: start FollowerState
2019-10-15 17:17:47,592 [grpc-default-executor-0] INFO  impl.RaftServerImpl (RaftServerImpl.java:setRole(184)) - ebd8d1f9-8297-450f-abe7-393807ba0c7e@group-B673650064C9: changes role from  FOLLOWER to FOLLOWER at term 96 for recognizeCandidate:79abbc2e-0a90-4a41-a17c-6388bb873359
2019-10-15 17:17:47,593 [grpc-default-executor-0] INFO  impl.RoleInfo (RoleInfo.java:shutdownFollowerState(121)) - ebd8d1f9-8297-450f-abe7-393807ba0c7e: shutdown FollowerState
2019-10-15 17:17:47,592 [Thread-801] INFO  impl.FollowerState (FollowerState.java:run(117)) - dbc121b5-e1e8-4c61-9d50-542b699a3d90@group-B673650064C9-FollowerState was interrupted: java.lang.InterruptedException: sleep interrupted
2019-10-15 17:17:47,593 [grpc-default-executor-0] INFO  impl.RoleInfo (RoleInfo.java:updateAndGet(143)) - ebd8d1f9-8297-450f-abe7-393807ba0c7e: start FollowerState
2019-10-15 17:17:47,593 [Thread-802] INFO  impl.FollowerState (FollowerState.java:run(117)) - ebd8d1f9-8297-450f-abe7-393807ba0c7e@group-B673650064C9-FollowerState was interrupted: java.lang.InterruptedException: sleep interrupted
2019-10-15 17:17:47,625 [79abbc2e-0a90-4a41-a17c-6388bb873359@group-B673650064C9-LeaderElection84] INFO  impl.LeaderElection (LeaderElection.java:logAndReturn(56)) - 79abbc2e-0a90-4a41-a17c-6388bb873359@group-B673650064C9-LeaderElection84: Election REJECTED; received 2 response(s) [79abbc2e-0a90-4a41-a17c-6388bb873359<-ebd8d1f9-8297-450f-abe7-393807ba0c7e#0:FAIL-t96, 79abbc2e-0a90-4a41-a17c-6388bb873359<-dbc121b5-e1e8-4c61-9d50-542b699a3d90#0:FAIL-t96] and 0 exception(s); 79abbc2e-0a90-4a41-a17c-6388bb873359@group-B673650064C9:t96, leader=null, voted=79abbc2e-0a90-4a41-a17c-6388bb873359, raftlog=79abbc2e-0a90-4a41-a17c-6388bb873359@group-B673650064C9-SegmentedRaftLog:OPENED:c-1,f-1,i0, conf=-1: [ebd8d1f9-8297-450f-abe7-393807ba0c7e:192.168.164.239:36510, dbc121b5-e1e8-4c61-9d50-542b699a3d90:192.168.164.239:43140, 79abbc2e-0a90-4a41-a17c-6388bb873359:192.168.164.239:37857], old=null
2019-10-15 17:17:47,625 [79abbc2e-0a90-4a41-a17c-6388bb873359@group-B673650064C9-LeaderElection84] INFO  impl.RaftServerImpl (RaftServerImpl.java:setRole(184)) - 79abbc2e-0a90-4a41-a17c-6388bb873359@group-B673650064C9: changes role from CANDIDATE to FOLLOWER at term 96 for DISCOVERED_A_NEW_TERM
2019-10-15 17:17:47,625 [79abbc2e-0a90-4a41-a17c-6388bb873359@group-B673650064C9-LeaderElection84] INFO  impl.RoleInfo (RoleInfo.java:shutdownLeaderElection(134)) - 79abbc2e-0a90-4a41-a17c-6388bb873359: shutdown LeaderElection
2019-10-15 17:17:47,625 [79abbc2e-0a90-4a41-a17c-6388bb873359@group-B673650064C9-LeaderElection84] INFO  impl.RoleInfo (RoleInfo.java:updateAndGet(143)) - 79abbc2e-0a90-4a41-a17c-6388bb873359: start FollowerState
2019-10-15 17:17:47,765 [Thread-811] INFO  impl.FollowerState (FollowerState.java:run(108)) - 79abbc2e-0a90-4a41-a17c-6388bb873359@group-B673650064C9-FollowerState: change to CANDIDATE, lastRpcTime:139ms, electionTimeout:139ms
2019-10-15 17:17:47,765 [Thread-811] INFO  impl.RoleInfo (RoleInfo.java:shutdownFollowerState(121)) - 79abbc2e-0a90-4a41-a17c-6388bb873359: shutdown FollowerState
2019-10-15 17:17:47,765 [Thread-811] INFO  impl.RaftServerImpl (RaftServerImpl.java:setRole(184)) - 79abbc2e-0a90-4a41-a17c-6388bb873359@group-B673650064C9: changes role from  FOLLOWER to CANDIDATE at term 96 for changeToCandidate
2019-10-15 17:17:47,765 [Thread-811] INFO  impl.RoleInfo (RoleInfo.java:updateAndGet(143)) - 79abbc2e-0a90-4a41-a17c-6388bb873359: start LeaderElection
2019-10-15 17:17:47,789 [79abbc2e-0a90-4a41-a17c-6388bb873359@group-B673650064C9-LeaderElection85] INFO  impl.LeaderElection (LeaderElection.java:askForVotes(178)) - 79abbc2e-0a90-4a41-a17c-6388bb873359@group-B673650064C9-LeaderElection85: begin an election at term 97 for -1: [ebd8d1f9-8297-450f-abe7-393807ba0c7e:192.168.164.239:36510, dbc121b5-e1e8-4c61-9d50-542b699a3d90:192.168.164.239:43140, 79abbc2e-0a90-4a41-a17c-6388bb873359:192.168.164.239:37857], old=null
2019-10-15 17:17:47,793 [grpc-default-executor-0] INFO  impl.RaftServerImpl (RaftServerImpl.java:setRole(184)) - dbc121b5-e1e8-4c61-9d50-542b699a3d90@group-B673650064C9: changes role from  FOLLOWER to FOLLOWER at term 97 for recognizeCandidate:79abbc2e-0a90-4a41-a17c-6388bb873359
2019-10-15 17:17:47,793 [grpc-default-executor-1] INFO  impl.RaftServerImpl (RaftServerImpl.java:setRole(184)) - ebd8d1f9-8297-450f-abe7-393807ba0c7e@group-B673650064C9: changes role from  FOLLOWER to FOLLOWER at term 97 for recognizeCandidate:79abbc2e-0a90-4a41-a17c-6388bb873359
2019-10-15 17:17:47,793 [grpc-default-executor-0] INFO  impl.RoleInfo (RoleInfo.java:shutdownFollowerState(121)) - dbc121b5-e1e8-4c61-9d50-542b699a3d90: shutdown FollowerState
2019-10-15 17:17:47,793 [grpc-default-executor-1] INFO  impl.RoleInfo (RoleInfo.java:shutdownFollowerState(121)) - ebd8d1f9-8297-450f-abe7-393807ba0c7e: shutdown FollowerState
2019-10-15 17:17:47,793 [Thread-808] INFO  impl.FollowerState (FollowerState.java:run(117)) - dbc121b5-e1e8-4c61-9d50-542b699a3d90@group-B673650064C9-FollowerState was interrupted: java.lang.InterruptedException: sleep interrupted
2019-10-15 17:17:47,793 [grpc-default-executor-0] INFO  impl.RoleInfo (RoleInfo.java:updateAndGet(143)) - dbc121b5-e1e8-4c61-9d50-542b699a3d90: start FollowerState
2019-10-15 17:17:47,794 [Thread-809] INFO  impl.FollowerState (FollowerState.java:run(117)) - ebd8d1f9-8297-450f-abe7-393807ba0c7e@group-B673650064C9-FollowerState was interrupted: java.lang.InterruptedException: sleep interrupted
2019-10-15 17:17:47,793 [grpc-default-executor-1] INFO  impl.RoleInfo (RoleInfo.java:updateAndGet(143)) - ebd8d1f9-8297-450f-abe7-393807ba0c7e: start FollowerState
2019-10-15 17:17:47,811 [79abbc2e-0a90-4a41-a17c-6388bb873359@group-B673650064C9-LeaderElection85] INFO  impl.LeaderElection (LeaderElection.java:logAndReturn(56)) - 79abbc2e-0a90-4a41-a17c-6388bb873359@group-B673650064C9-LeaderElection85: Election TIMEOUT; received 0 response(s) [] and 0 exception(s); 79abbc2e-0a90-4a41-a17c-6388bb873359@group-B673650064C9:t97, leader=null, voted=79abbc2e-0a90-4a41-a17c-6388bb873359, raftlog=79abbc2e-0a90-4a41-a17c-6388bb873359@group-B673650064C9-SegmentedRaftLog:OPENED:c-1,f-1,i0, conf=-1: [ebd8d1f9-8297-450f-abe7-393807ba0c7e:192.168.164.239:36510, dbc121b5-e1e8-4c61-9d50-542b699a3d90:192.168.164.239:43140, 79abbc2e-0a90-4a41-a17c-6388bb873359:192.168.164.239:37857], old=null
2019-10-15 17:17:47,839 [79abbc2e-0a90-4a41-a17c-6388bb873359@group-B673650064C9-LeaderElection85] INFO  impl.LeaderElection (LeaderElection.java:askForVotes(178)) - 79abbc2e-0a90-4a41-a17c-6388bb873359@group-B673650064C9-LeaderElection85: begin an election at term 98 for -1: [ebd8d1f9-8297-450f-abe7-393807ba0c7e:192.168.164.239:36510, dbc121b5-e1e8-4c61-9d50-542b699a3d90:192.168.164.239:43140, 79abbc2e-0a90-4a41-a17c-6388bb873359:192.168.164.239:37857], old=null
2019-10-15 17:17:47,842 [grpc-default-executor-1] INFO  impl.RaftServerImpl (RaftServerImpl.java:setRole(184)) - ebd8d1f9-8297-450f-abe7-393807ba0c7e@group-B673650064C9: changes role from  FOLLOWER to FOLLOWER at term 98 for recognizeCandidate:79abbc2e-0a90-4a41-a17c-6388bb873359
2019-10-15 17:17:47,842 [grpc-default-executor-0] INFO  impl.RaftServerImpl (RaftServerImpl.java:setRole(184)) - dbc121b5-e1e8-4c61-9d50-542b699a3d90@group-B673650064C9: changes role from  FOLLOWER to FOLLOWER at term 98 for recognizeCandidate:79abbc2e-0a90-4a41-a17c-6388bb873359
2019-10-15 17:17:47,842 [grpc-default-executor-1] INFO  impl.RoleInfo (RoleInfo.java:shutdownFollowerState(121)) - ebd8d1f9-8297-450f-abe7-393807ba0c7e: shutdown FollowerState
2019-10-15 17:17:47,843 [grpc-default-executor-0] INFO  impl.RoleInfo (RoleInfo.java:shutdownFollowerState(121)) - dbc121b5-e1e8-4c61-9d50-542b699a3d90: shutdown FollowerState
2019-10-15 17:17:47,843 [grpc-default-executor-1] INFO  impl.RoleInfo (RoleInfo.java:updateAndGet(143)) - ebd8d1f9-8297-450f-abe7-393807ba0c7e: start FollowerState
2019-10-15 17:17:47,843 [Thread-815] INFO  impl.FollowerState (FollowerState.java:run(117)) - dbc121b5-e1e8-4c61-9d50-542b699a3d90@group-B673650064C9-FollowerState was interrupted: java.lang.InterruptedException: sleep interrupted
2019-10-15 17:17:47,843 [grpc-default-executor-0] INFO  impl.RoleInfo (RoleInfo.java:updateAndGet(143)) - dbc121b5-e1e8-4c61-9d50-542b699a3d90: start FollowerState
2019-10-15 17:17:47,843 [Thread-816] INFO  impl.FollowerState (FollowerState.java:run(117)) - ebd8d1f9-8297-450f-abe7-393807ba0c7e@group-B673650064C9-FollowerState was interrupted: java.lang.InterruptedException: sleep interrupted
2019-10-15 17:17:47,866 [79abbc2e-0a90-4a41-a17c-6388bb873359@group-B673650064C9-LeaderElection85] INFO  impl.LeaderElection (LeaderElection.java:logAndReturn(56)) - 79abbc2e-0a90-4a41-a17c-6388bb873359@group-B673650064C9-LeaderElection85: Election REJECTED; received 2 response(s) [79abbc2e-0a90-4a41-a17c-6388bb873359<-ebd8d1f9-8297-450f-abe7-393807ba0c7e#0:FAIL-t98, 79abbc2e-0a90-4a41-a17c-6388bb873359<-dbc121b5-e1e8-4c61-9d50-542b699a3d90#0:FAIL-t98] and 0 exception(s); 79abbc2e-0a90-4a41-a17c-6388bb873359@group-B673650064C9:t98, leader=null, voted=79abbc2e-0a90-4a41-a17c-6388bb873359, raftlog=79abbc2e-0a90-4a41-a17c-6388bb873359@group-B673650064C9-SegmentedRaftLog:OPENED:c-1,f-1,i0, conf=-1: [ebd8d1f9-8297-450f-abe7-393807ba0c7e:192.168.164.239:36510, dbc121b5-e1e8-4c61-9d50-542b699a3d90:192.168.164.239:43140, 79abbc2e-0a90-4a41-a17c-6388bb873359:192.168.164.239:37857], old=null
2019-10-15 17:17:47,866 [79abbc2e-0a90-4a41-a17c-6388bb873359@group-B673650064C9-LeaderElection85] INFO  impl.RaftServerImpl (RaftServerImpl.java:setRole(184)) - 79abbc2e-0a90-4a41-a17c-6388bb873359@group-B673650064C9: changes role from CANDIDATE to FOLLOWER at term 98 for DISCOVERED_A_NEW_TERM
2019-10-15 17:17:47,866 [79abbc2e-0a90-4a41-a17c-6388bb873359@group-B673650064C9-LeaderElection85] INFO  impl.RoleInfo (RoleInfo.java:shutdownLeaderElection(134)) - 79abbc2e-0a90-4a41-a17c-6388bb873359: shutdown LeaderElection
2019-10-15 17:17:47,867 [79abbc2e-0a90-4a41-a17c-6388bb873359@group-B673650064C9-LeaderElection85] INFO  impl.RoleInfo (RoleInfo.java:updateAndGet(143)) - 79abbc2e-0a90-4a41-a17c-6388bb873359: start FollowerState
2019-10-15 17:17:47,879 [Thread-821] INFO  impl.FollowerState (FollowerState.java:run(108)) - 79abbc2e-0a90-4a41-a17c-6388bb873359@group-B673650064C9-FollowerState: change to CANDIDATE, lastRpcTime:12ms, electionTimeout:12ms
2019-10-15 17:17:47,879 [Thread-821] INFO  impl.RoleInfo (RoleInfo.java:shutdownFollowerState(121)) - 79abbc2e-0a90-4a41-a17c-6388bb873359: shutdown FollowerState
2019-10-15 17:17:47,879 [Thread-821] INFO  impl.RaftServerImpl (RaftServerImpl.java:setRole(184)) - 79abbc2e-0a90-4a41-a17c-6388bb873359@group-B673650064C9: changes role from  FOLLOWER to CANDIDATE at term 98 for changeToCandidate
2019-10-15 17:17:47,880 [Thread-821] INFO  impl.RoleInfo (RoleInfo.java:updateAndGet(143)) - 79abbc2e-0a90-4a41-a17c-6388bb873359: start LeaderElection
2019-10-15 17:17:47,907 [79abbc2e-0a90-4a41-a17c-6388bb873359@group-B673650064C9-LeaderElection86] INFO  impl.LeaderElection (LeaderElection.java:askForVotes(178)) - 79abbc2e-0a90-4a41-a17c-6388bb873359@group-B673650064C9-LeaderElection86: begin an election at term 99 for -1: [ebd8d1f9-8297-450f-abe7-393807ba0c7e:192.168.164.239:36510, dbc121b5-e1e8-4c61-9d50-542b699a3d90:192.168.164.239:43140, 79abbc2e-0a90-4a41-a17c-6388bb873359:192.168.164.239:37857], old=null
2019-10-15 17:17:47,910 [grpc-default-executor-1] INFO  impl.RaftServerImpl (RaftServerImpl.java:setRole(184)) - ebd8d1f9-8297-450f-abe7-393807ba0c7e@group-B673650064C9: changes role from  FOLLOWER to FOLLOWER at term 99 for recognizeCandidate:79abbc2e-0a90-4a41-a17c-6388bb873359
2019-10-15 17:17:47,910 [grpc-default-executor-1] INFO  impl.RoleInfo (RoleInfo.java:shutdownFollowerState(121)) - ebd8d1f9-8297-450f-abe7-393807ba0c7e: shutdown FollowerState
2019-10-15 17:17:47,910 [grpc-default-executor-1] INFO  impl.RoleInfo (RoleInfo.java:updateAndGet(143)) - ebd8d1f9-8297-450f-abe7-393807ba0c7e: start FollowerState
2019-10-15 17:17:47,910 [Thread-819] INFO  impl.FollowerState (FollowerState.java:run(117)) - ebd8d1f9-8297-450f-abe7-393807ba0c7e@group-B673650064C9-FollowerState was interrupted: java.lang.InterruptedException: sleep interrupted
2019-10-15 17:17:47,910 [grpc-default-executor-0] INFO  impl.RaftServerImpl (RaftServerImpl.java:setRole(184)) - dbc121b5-e1e8-4c61-9d50-542b699a3d90@group-B673650064C9: changes role from  FOLLOWER to FOLLOWER at term 99 for recognizeCandidate:79abbc2e-0a90-4a41-a17c-6388bb873359
2019-10-15 17:17:47,911 [grpc-default-executor-0] INFO  impl.RoleInfo (RoleInfo.java:shutdownFollowerState(121)) - dbc121b5-e1e8-4c61-9d50-542b699a3d90: shutdown FollowerState
2019-10-15 17:17:47,911 [grpc-default-executor-0] INFO  impl.RoleInfo (RoleInfo.java:updateAndGet(143)) - dbc121b5-e1e8-4c61-9d50-542b699a3d90: start FollowerState
2019-10-15 17:17:47,911 [Thread-820] INFO  impl.FollowerState (FollowerState.java:run(117)) - dbc121b5-e1e8-4c61-9d50-542b699a3d90@group-B673650064C9-FollowerState was interrupted: java.lang.InterruptedException: sleep interrupted
2019-10-15 17:17:47,934 [79abbc2e-0a90-4a41-a17c-6388bb873359@group-B673650064C9-LeaderElection86] INFO  impl.LeaderElection (LeaderElection.java:logAndReturn(56)) - 79abbc2e-0a90-4a41-a17c-6388bb873359@group-B673650064C9-LeaderElection86: Election REJECTED; received 2 response(s) [79abbc2e-0a90-4a41-a17c-6388bb873359<-ebd8d1f9-8297-450f-abe7-393807ba0c7e#0:FAIL-t99, 79abbc2e-0a90-4a41-a17c-6388bb873359<-dbc121b5-e1e8-4c61-9d50-542b699a3d90#0:FAIL-t99] and 0 exception(s); 79abbc2e-0a90-4a41-a17c-6388bb873359@group-B673650064C9:t99, leader=null, voted=79abbc2e-0a90-4a41-a17c-6388bb873359, raftlog=79abbc2e-0a90-4a41-a17c-6388bb873359@group-B673650064C9-SegmentedRaftLog:OPENED:c-1,f-1,i0, conf=-1: [ebd8d1f9-8297-450f-abe7-393807ba0c7e:192.168.164.239:36510, dbc121b5-e1e8-4c61-9d50-542b699a3d90:192.168.164.239:43140, 79abbc2e-0a90-4a41-a17c-6388bb873359:192.168.164.239:37857], old=null
2019-10-15 17:17:47,934 [79abbc2e-0a90-4a41-a17c-6388bb873359@group-B673650064C9-LeaderElection86] INFO  impl.RaftServerImpl (RaftServerImpl.java:setRole(184)) - 79abbc2e-0a90-4a41-a17c-6388bb873359@group-B673650064C9: changes role from CANDIDATE to FOLLOWER at term 99 for DISCOVERED_A_NEW_TERM
2019-10-15 17:17:47,935 [79abbc2e-0a90-4a41-a17c-6388bb873359@group-B673650064C9-LeaderElection86] INFO  impl.RoleInfo (RoleInfo.java:shutdownLeaderElection(134)) - 79abbc2e-0a90-4a41-a17c-6388bb873359: shutdown LeaderElection
2019-10-15 17:17:47,935 [79abbc2e-0a90-4a41-a17c-6388bb873359@group-B673650064C9-LeaderElection86] INFO  impl.RoleInfo (RoleInfo.java:updateAndGet(143)) - 79abbc2e-0a90-4a41-a17c-6388bb873359: start FollowerState
2019-10-15 17:17:48,029 [Thread-827] INFO  impl.FollowerState (FollowerState.java:run(108)) - 79abbc2e-0a90-4a41-a17c-6388bb873359@group-B673650064C9-FollowerState: change to CANDIDATE, lastRpcTime:94ms, electionTimeout:94ms
2019-10-15 17:17:48,029 [Thread-827] INFO  impl.RoleInfo (RoleInfo.java:shutdownFollowerState(121)) - 79abbc2e-0a90-4a41-a17c-6388bb873359: shutdown FollowerState
2019-10-15 17:17:48,030 [Thread-827] INFO  impl.RaftServerImpl (RaftServerImpl.java:setRole(184)) - 79abbc2e-0a90-4a41-a17c-6388bb873359@group-B673650064C9: changes role from  FOLLOWER to CANDIDATE at term 99 for changeToCandidate
2019-10-15 17:17:48,030 [Thread-827] INFO  impl.RoleInfo (RoleInfo.java:updateAndGet(143)) - 79abbc2e-0a90-4a41-a17c-6388bb873359: start LeaderElection
2019-10-15 17:17:48,058 [79abbc2e-0a90-4a41-a17c-6388bb873359@group-B673650064C9-LeaderElection87] INFO  impl.LeaderElection (LeaderElection.java:askForVotes(178)) - 79abbc2e-0a90-4a41-a17c-6388bb873359@group-B673650064C9-LeaderElection87: begin an election at term 100 for -1: [ebd8d1f9-8297-450f-abe7-393807ba0c7e:192.168.164.239:36510, dbc121b5-e1e8-4c61-9d50-542b699a3d90:192.168.164.239:43140, 79abbc2e-0a90-4a41-a17c-6388bb873359:192.168.164.239:37857], old=null
2019-10-15 17:17:48,061 [grpc-default-executor-0] INFO  impl.RaftServerImpl (RaftServerImpl.java:setRole(184)) - dbc121b5-e1e8-4c61-9d50-542b699a3d90@group-B673650064C9: changes role from  FOLLOWER to FOLLOWER at term 100 for recognizeCandidate:79abbc2e-0a90-4a41-a17c-6388bb873359
2019-10-15 17:17:48,062 [grpc-default-executor-1] INFO  impl.RaftServerImpl (RaftServerImpl.java:setRole(184)) - ebd8d1f9-8297-450f-abe7-393807ba0c7e@group-B673650064C9: changes role from  FOLLOWER to FOLLOWER at term 100 for recognizeCandidate:79abbc2e-0a90-4a41-a17c-6388bb873359
2019-10-15 17:17:48,062 [grpc-default-executor-0] INFO  impl.RoleInfo (RoleInfo.java:shutdownFollowerState(121)) - dbc121b5-e1e8-4c61-9d50-542b699a3d90: shutdown FollowerState
2019-10-15 17:17:48,062 [grpc-default-executor-1] INFO  impl.RoleInfo (RoleInfo.java:shutdownFollowerState(121)) - ebd8d1f9-8297-450f-abe7-393807ba0c7e: shutdown FollowerState
2019-10-15 17:17:48,062 [grpc-default-executor-0] INFO  impl.RoleInfo (RoleInfo.java:updateAndGet(143)) - dbc121b5-e1e8-4c61-9d50-542b699a3d90: start FollowerState
2019-10-15 17:17:48,062 [grpc-default-executor-1] INFO  impl.RoleInfo (RoleInfo.java:updateAndGet(143)) - ebd8d1f9-8297-450f-abe7-393807ba0c7e: start FollowerState
2019-10-15 17:17:48,062 [Thread-826] INFO  impl.FollowerState (FollowerState.java:run(117)) - dbc121b5-e1e8-4c61-9d50-542b699a3d90@group-B673650064C9-FollowerState was interrupted: java.lang.InterruptedException: sleep interrupted
2019-10-15 17:17:48,062 [Thread-825] INFO  impl.FollowerState (FollowerState.java:run(117)) - ebd8d1f9-8297-450f-abe7-393807ba0c7e@group-B673650064C9-FollowerState was interrupted: java.lang.InterruptedException: sleep interrupted
2019-10-15 17:17:48,103 [79abbc2e-0a90-4a41-a17c-6388bb873359@group-B673650064C9-LeaderElection87] INFO  impl.LeaderElection (LeaderElection.java:logAndReturn(56)) - 79abbc2e-0a90-4a41-a17c-6388bb873359@group-B673650064C9-LeaderElection87: Election TIMEOUT; received 0 response(s) [] and 0 exception(s); 79abbc2e-0a90-4a41-a17c-6388bb873359@group-B673650064C9:t100, leader=null, voted=79abbc2e-0a90-4a41-a17c-6388bb873359, raftlog=79abbc2e-0a90-4a41-a17c-6388bb873359@group-B673650064C9-SegmentedRaftLog:OPENED:c-1,f-1,i0, conf=-1: [ebd8d1f9-8297-450f-abe7-393807ba0c7e:192.168.164.239:36510, dbc121b5-e1e8-4c61-9d50-542b699a3d90:192.168.164.239:43140, 79abbc2e-0a90-4a41-a17c-6388bb873359:192.168.164.239:37857], old=null
2019-10-15 17:17:48,151 [79abbc2e-0a90-4a41-a17c-6388bb873359@group-B673650064C9-LeaderElection87] INFO  impl.LeaderElection (LeaderElection.java:askForVotes(178)) - 79abbc2e-0a90-4a41-a17c-6388bb873359@group-B673650064C9-LeaderElection87: begin an election at term 101 for -1: [ebd8d1f9-8297-450f-abe7-393807ba0c7e:192.168.164.239:36510, dbc121b5-e1e8-4c61-9d50-542b699a3d90:192.168.164.239:43140, 79abbc2e-0a90-4a41-a17c-6388bb873359:192.168.164.239:37857], old=null
2019-10-15 17:17:48,154 [grpc-default-executor-1] INFO  impl.RaftServerImpl (RaftServerImpl.java:setRole(184)) - dbc121b5-e1e8-4c61-9d50-542b699a3d90@group-B673650064C9: changes role from  FOLLOWER to FOLLOWER at term 101 for recognizeCandidate:79abbc2e-0a90-4a41-a17c-6388bb873359
2019-10-15 17:17:48,154 [grpc-default-executor-1] INFO  impl.RoleInfo (RoleInfo.java:shutdownFollowerState(121)) - dbc121b5-e1e8-4c61-9d50-542b699a3d90: shutdown FollowerState
2019-10-15 17:17:48,154 [grpc-default-executor-0] INFO  impl.RaftServerImpl (RaftServerImpl.java:setRole(184)) - ebd8d1f9-8297-450f-abe7-393807ba0c7e@group-B673650064C9: changes role from  FOLLOWER to FOLLOWER at term 101 for recognizeCandidate:79abbc2e-0a90-4a41-a17c-6388bb873359
2019-10-15 17:17:48,154 [Thread-831] INFO  impl.FollowerState (FollowerState.java:run(117)) - dbc121b5-e1e8-4c61-9d50-542b699a3d90@group-B673650064C9-FollowerState was interrupted: java.lang.InterruptedException: sleep interrupted
2019-10-15 17:17:48,154 [grpc-default-executor-1] INFO  impl.RoleInfo (RoleInfo.java:updateAndGet(143)) - dbc121b5-e1e8-4c61-9d50-542b699a3d90: start FollowerState
2019-10-15 17:17:48,154 [grpc-default-executor-0] INFO  impl.RoleInfo (RoleInfo.java:shutdownFollowerState(121)) - ebd8d1f9-8297-450f-abe7-393807ba0c7e: shutdown FollowerState
2019-10-15 17:17:48,155 [grpc-default-executor-0] INFO  impl.RoleInfo (RoleInfo.java:updateAndGet(143)) - ebd8d1f9-8297-450f-abe7-393807ba0c7e: start FollowerState
2019-10-15 17:17:48,155 [Thread-832] INFO  impl.FollowerState (FollowerState.java:run(117)) - ebd8d1f9-8297-450f-abe7-393807ba0c7e@group-B673650064C9-FollowerState was interrupted: java.lang.InterruptedException: sleep interrupted
2019-10-15 17:17:48,173 [79abbc2e-0a90-4a41-a17c-6388bb873359@group-B673650064C9-LeaderElection87] INFO  impl.LeaderElection (LeaderElection.java:logAndReturn(56)) - 79abbc2e-0a90-4a41-a17c-6388bb873359@group-B673650064C9-LeaderElection87: Election TIMEOUT; received 0 response(s) [] and 0 exception(s); 79abbc2e-0a90-4a41-a17c-6388bb873359@group-B673650064C9:t101, leader=null, voted=79abbc2e-0a90-4a41-a17c-6388bb873359, raftlog=79abbc2e-0a90-4a41-a17c-6388bb873359@group-B673650064C9-SegmentedRaftLog:OPENED:c-1,f-1,i0, conf=-1: [ebd8d1f9-8297-450f-abe7-393807ba0c7e:192.168.164.239:36510, dbc121b5-e1e8-4c61-9d50-542b699a3d90:192.168.164.239:43140, 79abbc2e-0a90-4a41-a17c-6388bb873359:192.168.164.239:37857], old=null
2019-10-15 17:17:48,202 [79abbc2e-0a90-4a41-a17c-6388bb873359@group-B673650064C9-LeaderElection87] INFO  impl.LeaderElection (LeaderElection.java:askForVotes(178)) - 79abbc2e-0a90-4a41-a17c-6388bb873359@group-B673650064C9-LeaderElection87: begin an election at term 102 for -1: [ebd8d1f9-8297-450f-abe7-393807ba0c7e:192.168.164.239:36510, dbc121b5-e1e8-4c61-9d50-542b699a3d90:192.168.164.239:43140, 79abbc2e-0a90-4a41-a17c-6388bb873359:192.168.164.239:37857], old=null
2019-10-15 17:17:48,204 [grpc-default-executor-1] INFO  impl.RaftServerImpl (RaftServerImpl.java:setRole(184)) - dbc121b5-e1e8-4c61-9d50-542b699a3d90@group-B673650064C9: changes role from  FOLLOWER to FOLLOWER at term 102 for recognizeCandidate:79abbc2e-0a90-4a41-a17c-6388bb873359
2019-10-15 17:17:48,204 [grpc-default-executor-0] INFO  impl.RaftServerImpl (RaftServerImpl.java:setRole(184)) - ebd8d1f9-8297-450f-abe7-393807ba0c7e@group-B673650064C9: changes role from  FOLLOWER to FOLLOWER at term 102 for recognizeCandidate:79abbc2e-0a90-4a41-a17c-6388bb873359
2019-10-15 17:17:48,205 [grpc-default-executor-1] INFO  impl.RoleInfo (RoleInfo.java:shutdownFollowerState(121)) - dbc121b5-e1e8-4c61-9d50-542b699a3d90: shutdown FollowerState
2019-10-15 17:17:48,205 [grpc-default-executor-0] INFO  impl.RoleInfo (RoleInfo.java:shutdownFollowerState(121)) - ebd8d1f9-8297-450f-abe7-393807ba0c7e: shutdown FollowerState
2019-10-15 17:17:48,205 [grpc-default-executor-1] INFO  impl.RoleInfo (RoleInfo.java:updateAndGet(143)) - dbc121b5-e1e8-4c61-9d50-542b699a3d90: start FollowerState
2019-10-15 17:17:48,205 [grpc-default-executor-0] INFO  impl.RoleInfo (RoleInfo.java:updateAndGet(143)) - ebd8d1f9-8297-450f-abe7-393807ba0c7e: start FollowerState
2019-10-15 17:17:48,205 [Thread-835] INFO  impl.FollowerState (FollowerState.java:run(117)) - dbc121b5-e1e8-4c61-9d50-542b699a3d90@group-B673650064C9-FollowerState was interrupted: java.lang.InterruptedException: sleep interrupted
2019-10-15 17:17:48,205 [Thread-836] INFO  impl.FollowerState (FollowerState.java:run(117)) - ebd8d1f9-8297-450f-abe7-393807ba0c7e@group-B673650064C9-FollowerState was interrupted: java.lang.InterruptedException: sleep interrupted
2019-10-15 17:17:48,228 [79abbc2e-0a90-4a41-a17c-6388bb873359@group-B673650064C9-LeaderElection87] INFO  impl.LeaderElection (LeaderElection.java:logAndReturn(56)) - 79abbc2e-0a90-4a41-a17c-6388bb873359@group-B673650064C9-LeaderElection87: Election REJECTED; received 2 response(s) [79abbc2e-0a90-4a41-a17c-6388bb873359<-ebd8d1f9-8297-450f-abe7-393807ba0c7e#0:FAIL-t102, 79abbc2e-0a90-4a41-a17c-6388bb873359<-dbc121b5-e1e8-4c61-9d50-542b699a3d90#0:FAIL-t102] and 0 exception(s); 79abbc2e-0a90-4a41-a17c-6388bb873359@group-B673650064C9:t102, leader=null, voted=79abbc2e-0a90-4a41-a17c-6388bb873359, raftlog=79abbc2e-0a90-4a41-a17c-6388bb873359@group-B673650064C9-SegmentedRaftLog:OPENED:c-1,f-1,i0, conf=-1: [ebd8d1f9-8297-450f-abe7-393807ba0c7e:192.168.164.239:36510, dbc121b5-e1e8-4c61-9d50-542b699a3d90:192.168.164.239:43140, 79abbc2e-0a90-4a41-a17c-6388bb873359:192.168.164.239:37857], old=null
2019-10-15 17:17:48,228 [79abbc2e-0a90-4a41-a17c-6388bb873359@group-B673650064C9-LeaderElection87] INFO  impl.RaftServerImpl (RaftServerImpl.java:setRole(184)) - 79abbc2e-0a90-4a41-a17c-6388bb873359@group-B673650064C9: changes role from CANDIDATE to FOLLOWER at term 102 for DISCOVERED_A_NEW_TERM
2019-10-15 17:17:48,228 [79abbc2e-0a90-4a41-a17c-6388bb873359@group-B673650064C9-LeaderElection87] INFO  impl.RoleInfo (RoleInfo.java:shutdownLeaderElection(134)) - 79abbc2e-0a90-4a41-a17c-6388bb873359: shutdown LeaderElection
2019-10-15 17:17:48,229 [79abbc2e-0a90-4a41-a17c-6388bb873359@group-B673650064C9-LeaderElection87] INFO  impl.RoleInfo (RoleInfo.java:updateAndGet(143)) - 79abbc2e-0a90-4a41-a17c-6388bb873359: start FollowerState
2019-10-15 17:17:48,420 [Thread-841] INFO  impl.FollowerState (FollowerState.java:run(108)) - 79abbc2e-0a90-4a41-a17c-6388bb873359@group-B673650064C9-FollowerState: change to CANDIDATE, lastRpcTime:191ms, electionTimeout:191ms
2019-10-15 17:17:48,420 [Thread-841] INFO  impl.RoleInfo (RoleInfo.java:shutdownFollowerState(121)) - 79abbc2e-0a90-4a41-a17c-6388bb873359: shutdown FollowerState
2019-10-15 17:17:48,420 [Thread-841] INFO  impl.RaftServerImpl (RaftServerImpl.java:setRole(184)) - 79abbc2e-0a90-4a41-a17c-6388bb873359@group-B673650064C9: changes role from  FOLLOWER to CANDIDATE at term 102 for changeToCandidate
2019-10-15 17:17:48,421 [Thread-841] INFO  impl.RoleInfo (RoleInfo.java:updateAndGet(143)) - 79abbc2e-0a90-4a41-a17c-6388bb873359: start LeaderElection
2019-10-15 17:17:48,445 [79abbc2e-0a90-4a41-a17c-6388bb873359@group-B673650064C9-LeaderElection88] INFO  impl.LeaderElection (LeaderElection.java:askForVotes(178)) - 79abbc2e-0a90-4a41-a17c-6388bb873359@group-B673650064C9-LeaderElection88: begin an election at term 103 for -1: [ebd8d1f9-8297-450f-abe7-393807ba0c7e:192.168.164.239:36510, dbc121b5-e1e8-4c61-9d50-542b699a3d90:192.168.164.239:43140, 79abbc2e-0a90-4a41-a17c-6388bb873359:192.168.164.239:37857], old=null
2019-10-15 17:17:48,449 [grpc-default-executor-0] INFO  impl.RaftServerImpl (RaftServerImpl.java:setRole(184)) - dbc121b5-e1e8-4c61-9d50-542b699a3d90@group-B673650064C9: changes role from  FOLLOWER to FOLLOWER at term 103 for recognizeCandidate:79abbc2e-0a90-4a41-a17c-6388bb873359
2019-10-15 17:17:48,449 [grpc-default-executor-1] INFO  impl.RaftServerImpl (RaftServerImpl.java:setRole(184)) - ebd8d1f9-8297-450f-abe7-393807ba0c7e@group-B673650064C9: changes role from  FOLLOWER to FOLLOWER at term 103 for recognizeCandidate:79abbc2e-0a90-4a41-a17c-6388bb873359
2019-10-15 17:17:48,450 [grpc-default-executor-1] INFO  impl.RoleInfo (RoleInfo.java:shutdownFollowerState(121)) - ebd8d1f9-8297-450f-abe7-393807ba0c7e: shutdown FollowerState
2019-10-15 17:17:48,449 [grpc-default-executor-0] INFO  impl.RoleInfo (RoleInfo.java:shutdownFollowerState(121)) - dbc121b5-e1e8-4c61-9d50-542b699a3d90: shutdown FollowerState
2019-10-15 17:17:48,450 [grpc-default-executor-1] INFO  impl.RoleInfo (RoleInfo.java:updateAndGet(143)) - ebd8d1f9-8297-450f-abe7-393807ba0c7e: start FollowerState
2019-10-15 17:17:48,450 [Thread-839] INFO  impl.FollowerState (FollowerState.java:run(117)) - dbc121b5-e1e8-4c61-9d50-542b699a3d90@group-B673650064C9-FollowerState was interrupted: java.lang.InterruptedException: sleep interrupted
2019-10-15 17:17:48,450 [grpc-default-executor-0] INFO  impl.RoleInfo (RoleInfo.java:updateAndGet(143)) - dbc121b5-e1e8-4c61-9d50-542b699a3d90: start FollowerState
2019-10-15 17:17:48,450 [Thread-840] INFO  impl.FollowerState (FollowerState.java:run(117)) - ebd8d1f9-8297-450f-abe7-393807ba0c7e@group-B673650064C9-FollowerState was interrupted: java.lang.InterruptedException: sleep interrupted
2019-10-15 17:17:48,480 [79abbc2e-0a90-4a41-a17c-6388bb873359@group-B673650064C9-LeaderElection88] INFO  impl.LeaderElection (LeaderElection.java:logAndReturn(56)) - 79abbc2e-0a90-4a41-a17c-6388bb873359@group-B673650064C9-LeaderElection88: Election REJECTED; received 2 response(s) [79abbc2e-0a90-4a41-a17c-6388bb873359<-ebd8d1f9-8297-450f-abe7-393807ba0c7e#0:FAIL-t103, 79abbc2e-0a90-4a41-a17c-6388bb873359<-dbc121b5-e1e8-4c61-9d50-542b699a3d90#0:FAIL-t103] and 0 exception(s); 79abbc2e-0a90-4a41-a17c-6388bb873359@group-B673650064C9:t103, leader=null, voted=79abbc2e-0a90-4a41-a17c-6388bb873359, raftlog=79abbc2e-0a90-4a41-a17c-6388bb873359@group-B673650064C9-SegmentedRaftLog:OPENED:c-1,f-1,i0, conf=-1: [ebd8d1f9-8297-450f-abe7-393807ba0c7e:192.168.164.239:36510, dbc121b5-e1e8-4c61-9d50-542b699a3d90:192.168.164.239:43140, 79abbc2e-0a90-4a41-a17c-6388bb873359:192.168.164.239:37857], old=null
2019-10-15 17:17:48,480 [79abbc2e-0a90-4a41-a17c-6388bb873359@group-B673650064C9-LeaderElection88] INFO  impl.RaftServerImpl (RaftServerImpl.java:setRole(184)) - 79abbc2e-0a90-4a41-a17c-6388bb873359@group-B673650064C9: changes role from CANDIDATE to FOLLOWER at term 103 for DISCOVERED_A_NEW_TERM
2019-10-15 17:17:48,480 [79abbc2e-0a90-4a41-a17c-6388bb873359@group-B673650064C9-LeaderElection88] INFO  impl.RoleInfo (RoleInfo.java:shutdownLeaderElection(134)) - 79abbc2e-0a90-4a41-a17c-6388bb873359: shutdown LeaderElection
2019-10-15 17:17:48,481 [79abbc2e-0a90-4a41-a17c-6388bb873359@group-B673650064C9-LeaderElection88] INFO  impl.RoleInfo (RoleInfo.java:updateAndGet(143)) - 79abbc2e-0a90-4a41-a17c-6388bb873359: start FollowerState
2019-10-15 17:17:48,591 [Thread-847] INFO  impl.FollowerState (FollowerState.java:run(108)) - 79abbc2e-0a90-4a41-a17c-6388bb873359@group-B673650064C9-FollowerState: change to CANDIDATE, lastRpcTime:110ms, electionTimeout:110ms
2019-10-15 17:17:48,591 [Thread-847] INFO  impl.RoleInfo (RoleInfo.java:shutdownFollowerState(121)) - 79abbc2e-0a90-4a41-a17c-6388bb873359: shutdown FollowerState
2019-10-15 17:17:48,592 [Thread-847] INFO  impl.RaftServerImpl (RaftServerImpl.java:setRole(184)) - 79abbc2e-0a90-4a41-a17c-6388bb873359@group-B673650064C9: changes role from  FOLLOWER to CANDIDATE at term 103 for changeToCandidate
2019-10-15 17:17:48,592 [Thread-847] INFO  impl.RoleInfo (RoleInfo.java:updateAndGet(143)) - 79abbc2e-0a90-4a41-a17c-6388bb873359: start LeaderElection
2019-10-15 17:17:48,621 [79abbc2e-0a90-4a41-a17c-6388bb873359@group-B673650064C9-LeaderElection89] INFO  impl.LeaderElection (LeaderElection.java:askForVotes(178)) - 79abbc2e-0a90-4a41-a17c-6388bb873359@group-B673650064C9-LeaderElection89: begin an election at term 104 for -1: [ebd8d1f9-8297-450f-abe7-393807ba0c7e:192.168.164.239:36510, dbc121b5-e1e8-4c61-9d50-542b699a3d90:192.168.164.239:43140, 79abbc2e-0a90-4a41-a17c-6388bb873359:192.168.164.239:37857], old=null
2019-10-15 17:17:48,626 [grpc-default-executor-0] INFO  impl.RaftServerImpl (RaftServerImpl.java:setRole(184)) - ebd8d1f9-8297-450f-abe7-393807ba0c7e@group-B673650064C9: changes role from  FOLLOWER to FOLLOWER at term 104 for recognizeCandidate:79abbc2e-0a90-4a41-a17c-6388bb873359
2019-10-15 17:17:48,627 [grpc-default-executor-0] INFO  impl.RoleInfo (RoleInfo.java:shutdownFollowerState(121)) - ebd8d1f9-8297-450f-abe7-393807ba0c7e: shutdown FollowerState
2019-10-15 17:17:48,627 [grpc-default-executor-0] INFO  impl.RoleInfo (RoleInfo.java:updateAndGet(143)) - ebd8d1f9-8297-450f-abe7-393807ba0c7e: start FollowerState
2019-10-15 17:17:48,627 [grpc-default-executor-1] INFO  impl.RaftServerImpl (RaftServerImpl.java:setRole(184)) - dbc121b5-e1e8-4c61-9d50-542b699a3d90@group-B673650064C9: changes role from  FOLLOWER to FOLLOWER at term 104 for recognizeCandidate:79abbc2e-0a90-4a41-a17c-6388bb873359
2019-10-15 17:17:48,627 [Thread-845] INFO  impl.FollowerState (FollowerState.java:run(117)) - ebd8d1f9-8297-450f-abe7-393807ba0c7e@group-B673650064C9-FollowerState was interrupted: java.lang.InterruptedException: sleep interrupted
2019-10-15 17:17:48,627 [grpc-default-executor-1] INFO  impl.RoleInfo (RoleInfo.java:shutdownFollowerState(121)) - dbc121b5-e1e8-4c61-9d50-542b699a3d90: shutdown FollowerState
2019-10-15 17:17:48,628 [grpc-default-executor-1] INFO  impl.RoleInfo (RoleInfo.java:updateAndGet(143)) - dbc121b5-e1e8-4c61-9d50-542b699a3d90: start FollowerState
2019-10-15 17:17:48,628 [Thread-846] INFO  impl.FollowerState (FollowerState.java:run(117)) - dbc121b5-e1e8-4c61-9d50-542b699a3d90@group-B673650064C9-FollowerState was interrupted: java.lang.InterruptedException: sleep interrupted
2019-10-15 17:17:48,656 [79abbc2e-0a90-4a41-a17c-6388bb873359@group-B673650064C9-LeaderElection89] INFO  impl.LeaderElection (LeaderElection.java:logAndReturn(56)) - 79abbc2e-0a90-4a41-a17c-6388bb873359@group-B673650064C9-LeaderElection89: Election REJECTED; received 2 response(s) [79abbc2e-0a90-4a41-a17c-6388bb873359<-ebd8d1f9-8297-450f-abe7-393807ba0c7e#0:FAIL-t104, 79abbc2e-0a90-4a41-a17c-6388bb873359<-dbc121b5-e1e8-4c61-9d50-542b699a3d90#0:FAIL-t104] and 0 exception(s); 79abbc2e-0a90-4a41-a17c-6388bb873359@group-B673650064C9:t104, leader=null, voted=79abbc2e-0a90-4a41-a17c-6388bb873359, raftlog=79abbc2e-0a90-4a41-a17c-6388bb873359@group-B673650064C9-SegmentedRaftLog:OPENED:c-1,f-1,i0, conf=-1: [ebd8d1f9-8297-450f-abe7-393807ba0c7e:192.168.164.239:36510, dbc121b5-e1e8-4c61-9d50-542b699a3d90:192.168.164.239:43140, 79abbc2e-0a90-4a41-a17c-6388bb873359:192.168.164.239:37857], old=null
2019-10-15 17:17:48,656 [79abbc2e-0a90-4a41-a17c-6388bb873359@group-B673650064C9-LeaderElection89] INFO  impl.RaftServerImpl (RaftServerImpl.java:setRole(184)) - 79abbc2e-0a90-4a41-a17c-6388bb873359@group-B673650064C9: changes role from CANDIDATE to FOLLOWER at term 104 for DISCOVERED_A_NEW_TERM
2019-10-15 17:17:48,656 [79abbc2e-0a90-4a41-a17c-6388bb873359@group-B673650064C9-LeaderElection89] INFO  impl.RoleInfo (RoleInfo.java:shutdownLeaderElection(134)) - 79abbc2e-0a90-4a41-a17c-6388bb873359: shutdown LeaderElection
2019-10-15 17:17:48,656 [79abbc2e-0a90-4a41-a17c-6388bb873359@group-B673650064C9-LeaderElection89] INFO  impl.RoleInfo (RoleInfo.java:updateAndGet(143)) - 79abbc2e-0a90-4a41-a17c-6388bb873359: start FollowerState
2019-10-15 17:17:48,785 [Thread-855] INFO  impl.FollowerState (FollowerState.java:run(108)) - 79abbc2e-0a90-4a41-a17c-6388bb873359@group-B673650064C9-FollowerState: change to CANDIDATE, lastRpcTime:128ms, electionTimeout:128ms
2019-10-15 17:17:48,785 [Thread-855] INFO  impl.RoleInfo (RoleInfo.java:shutdownFollowerState(121)) - 79abbc2e-0a90-4a41-a17c-6388bb873359: shutdown FollowerState
2019-10-15 17:17:48,785 [Thread-855] INFO  impl.RaftServerImpl (RaftServerImpl.java:setRole(184)) - 79abbc2e-0a90-4a41-a17c-6388bb873359@group-B673650064C9: changes role from  FOLLOWER to CANDIDATE at term 104 for changeToCandidate
2019-10-15 17:17:48,785 [Thread-855] INFO  impl.RoleInfo (RoleInfo.java:updateAndGet(143)) - 79abbc2e-0a90-4a41-a17c-6388bb873359: start LeaderElection
2019-10-15 17:17:48,813 [79abbc2e-0a90-4a41-a17c-6388bb873359@group-B673650064C9-LeaderElection90] INFO  impl.LeaderElection (LeaderElection.java:askForVotes(178)) - 79abbc2e-0a90-4a41-a17c-6388bb873359@group-B673650064C9-LeaderElection90: begin an election at term 105 for -1: [ebd8d1f9-8297-450f-abe7-393807ba0c7e:192.168.164.239:36510, dbc121b5-e1e8-4c61-9d50-542b699a3d90:192.168.164.239:43140, 79abbc2e-0a90-4a41-a17c-6388bb873359:192.168.164.239:37857], old=null
2019-10-15 17:17:48,817 [grpc-default-executor-1] INFO  impl.RaftServerImpl (RaftServerImpl.java:setRole(184)) - ebd8d1f9-8297-450f-abe7-393807ba0c7e@group-B673650064C9: changes role from  FOLLOWER to FOLLOWER at term 105 for recognizeCandidate:79abbc2e-0a90-4a41-a17c-6388bb873359
2019-10-15 17:17:48,817 [grpc-default-executor-1] INFO  impl.RoleInfo (RoleInfo.java:shutdownFollowerState(121)) - ebd8d1f9-8297-450f-abe7-393807ba0c7e: shutdown FollowerState
2019-10-15 17:17:48,817 [grpc-default-executor-0] INFO  impl.RaftServerImpl (RaftServerImpl.java:setRole(184)) - dbc121b5-e1e8-4c61-9d50-542b699a3d90@group-B673650064C9: changes role from  FOLLOWER to FOLLOWER at term 105 for recognizeCandidate:79abbc2e-0a90-4a41-a17c-6388bb873359
2019-10-15 17:17:48,818 [Thread-853] INFO  impl.FollowerState (FollowerState.java:run(117)) - ebd8d1f9-8297-450f-abe7-393807ba0c7e@group-B673650064C9-FollowerState was interrupted: java.lang.InterruptedException: sleep interrupted
2019-10-15 17:17:48,817 [grpc-default-executor-1] INFO  impl.RoleInfo (RoleInfo.java:updateAndGet(143)) - ebd8d1f9-8297-450f-abe7-393807ba0c7e: start FollowerState
2019-10-15 17:17:48,818 [grpc-default-executor-0] INFO  impl.RoleInfo (RoleInfo.java:shutdownFollowerState(121)) - dbc121b5-e1e8-4c61-9d50-542b699a3d90: shutdown FollowerState
2019-10-15 17:17:48,818 [grpc-default-executor-0] INFO  impl.RoleInfo (RoleInfo.java:updateAndGet(143)) - dbc121b5-e1e8-4c61-9d50-542b699a3d90: start FollowerState
2019-10-15 17:17:48,818 [Thread-854] INFO  impl.FollowerState (FollowerState.java:run(117)) - dbc121b5-e1e8-4c61-9d50-542b699a3d90@group-B673650064C9-FollowerState was interrupted: java.lang.InterruptedException: sleep interrupted
2019-10-15 17:17:48,848 [79abbc2e-0a90-4a41-a17c-6388bb873359@group-B673650064C9-LeaderElection90] INFO  impl.LeaderElection (LeaderElection.java:logAndReturn(56)) - 79abbc2e-0a90-4a41-a17c-6388bb873359@group-B673650064C9-LeaderElection90: Election REJECTED; received 2 response(s) [79abbc2e-0a90-4a41-a17c-6388bb873359<-ebd8d1f9-8297-450f-abe7-393807ba0c7e#0:FAIL-t105, 79abbc2e-0a90-4a41-a17c-6388bb873359<-dbc121b5-e1e8-4c61-9d50-542b699a3d90#0:FAIL-t105] and 0 exception(s); 79abbc2e-0a90-4a41-a17c-6388bb873359@group-B673650064C9:t105, leader=null, voted=79abbc2e-0a90-4a41-a17c-6388bb873359, raftlog=79abbc2e-0a90-4a41-a17c-6388bb873359@group-B673650064C9-SegmentedRaftLog:OPENED:c-1,f-1,i0, conf=-1: [ebd8d1f9-8297-450f-abe7-393807ba0c7e:192.168.164.239:36510, dbc121b5-e1e8-4c61-9d50-542b699a3d90:192.168.164.239:43140, 79abbc2e-0a90-4a41-a17c-6388bb873359:192.168.164.239:37857], old=null
2019-10-15 17:17:48,848 [79abbc2e-0a90-4a41-a17c-6388bb873359@group-B673650064C9-LeaderElection90] INFO  impl.RaftServerImpl (RaftServerImpl.java:setRole(184)) - 79abbc2e-0a90-4a41-a17c-6388bb873359@group-B673650064C9: changes role from CANDIDATE to FOLLOWER at term 105 for DISCOVERED_A_NEW_TERM
2019-10-15 17:17:48,849 [79abbc2e-0a90-4a41-a17c-6388bb873359@group-B673650064C9-LeaderElection90] INFO  impl.RoleInfo (RoleInfo.java:shutdownLeaderElection(134)) - 79abbc2e-0a90-4a41-a17c-6388bb873359: shutdown LeaderElection
2019-10-15 17:17:48,849 [79abbc2e-0a90-4a41-a17c-6388bb873359@group-B673650064C9-LeaderElection90] INFO  impl.RoleInfo (RoleInfo.java:updateAndGet(143)) - 79abbc2e-0a90-4a41-a17c-6388bb873359: start FollowerState
2019-10-15 17:17:48,860 [Thread-861] INFO  impl.FollowerState (FollowerState.java:run(108)) - 79abbc2e-0a90-4a41-a17c-6388bb873359@group-B673650064C9-FollowerState: change to CANDIDATE, lastRpcTime:11ms, electionTimeout:11ms
2019-10-15 17:17:48,861 [Thread-861] INFO  impl.RoleInfo (RoleInfo.java:shutdownFollowerState(121)) - 79abbc2e-0a90-4a41-a17c-6388bb873359: shutdown FollowerState
2019-10-15 17:17:48,861 [Thread-861] INFO  impl.RaftServerImpl (RaftServerImpl.java:setRole(184)) - 79abbc2e-0a90-4a41-a17c-6388bb873359@group-B673650064C9: changes role from  FOLLOWER to CANDIDATE at term 105 for changeToCandidate
2019-10-15 17:17:48,861 [Thread-861] INFO  impl.RoleInfo (RoleInfo.java:updateAndGet(143)) - 79abbc2e-0a90-4a41-a17c-6388bb873359: start LeaderElection
2019-10-15 17:17:48,889 [79abbc2e-0a90-4a41-a17c-6388bb873359@group-B673650064C9-LeaderElection91] INFO  impl.LeaderElection (LeaderElection.java:askForVotes(178)) - 79abbc2e-0a90-4a41-a17c-6388bb873359@group-B673650064C9-LeaderElection91: begin an election at term 106 for -1: [ebd8d1f9-8297-450f-abe7-393807ba0c7e:192.168.164.239:36510, dbc121b5-e1e8-4c61-9d50-542b699a3d90:192.168.164.239:43140, 79abbc2e-0a90-4a41-a17c-6388bb873359:192.168.164.239:37857], old=null
2019-10-15 17:17:48,890 [79abbc2e-0a90-4a41-a17c-6388bb873359@group-B673650064C9-LeaderElection91] INFO  impl.LeaderElection (LeaderElection.java:logAndReturn(56)) - 79abbc2e-0a90-4a41-a17c-6388bb873359@group-B673650064C9-LeaderElection91: Election TIMEOUT; received 0 response(s) [] and 0 exception(s); 79abbc2e-0a90-4a41-a17c-6388bb873359@group-B673650064C9:t106, leader=null, voted=79abbc2e-0a90-4a41-a17c-6388bb873359, raftlog=79abbc2e-0a90-4a41-a17c-6388bb873359@group-B673650064C9-SegmentedRaftLog:OPENED:c-1,f-1,i0, conf=-1: [ebd8d1f9-8297-450f-abe7-393807ba0c7e:192.168.164.239:36510, dbc121b5-e1e8-4c61-9d50-542b699a3d90:192.168.164.239:43140, 79abbc2e-0a90-4a41-a17c-6388bb873359:192.168.164.239:37857], old=null
2019-10-15 17:17:48,892 [grpc-default-executor-0] INFO  impl.RaftServerImpl (RaftServerImpl.java:setRole(184)) - ebd8d1f9-8297-450f-abe7-393807ba0c7e@group-B673650064C9: changes role from  FOLLOWER to FOLLOWER at term 106 for recognizeCandidate:79abbc2e-0a90-4a41-a17c-6388bb873359
2019-10-15 17:17:48,892 [grpc-default-executor-0] INFO  impl.RoleInfo (RoleInfo.java:shutdownFollowerState(121)) - ebd8d1f9-8297-450f-abe7-393807ba0c7e: shutdown FollowerState
2019-10-15 17:17:48,892 [grpc-default-executor-1] INFO  impl.RaftServerImpl (RaftServerImpl.java:setRole(184)) - dbc121b5-e1e8-4c61-9d50-542b699a3d90@group-B673650064C9: changes role from  FOLLOWER to FOLLOWER at term 106 for recognizeCandidate:79abbc2e-0a90-4a41-a17c-6388bb873359
2019-10-15 17:17:48,892 [grpc-default-executor-0] INFO  impl.RoleInfo (RoleInfo.java:updateAndGet(143)) - ebd8d1f9-8297-450f-abe7-393807ba0c7e: start FollowerState
2019-10-15 17:17:48,892 [Thread-859] INFO  impl.FollowerState (FollowerState.java:run(117)) - ebd8d1f9-8297-450f-abe7-393807ba0c7e@group-B673650064C9-FollowerState was interrupted: java.lang.InterruptedException: sleep interrupted
2019-10-15 17:17:48,892 [grpc-default-executor-1] INFO  impl.RoleInfo (RoleInfo.java:shutdownFollowerState(121)) - dbc121b5-e1e8-4c61-9d50-542b699a3d90: shutdown FollowerState
2019-10-15 17:17:48,893 [grpc-default-executor-1] INFO  impl.RoleInfo (RoleInfo.java:updateAndGet(143)) - dbc121b5-e1e8-4c61-9d50-542b699a3d90: start FollowerState
2019-10-15 17:17:48,893 [Thread-860] INFO  impl.FollowerState (FollowerState.java:run(117)) - dbc121b5-e1e8-4c61-9d50-542b699a3d90@group-B673650064C9-FollowerState was interrupted: java.lang.InterruptedException: sleep interrupted
2019-10-15 17:17:48,914 [79abbc2e-0a90-4a41-a17c-6388bb873359@group-B673650064C9-LeaderElection91] INFO  impl.LeaderElection (LeaderElection.java:askForVotes(178)) - 79abbc2e-0a90-4a41-a17c-6388bb873359@group-B673650064C9-LeaderElection91: begin an election at term 107 for -1: [ebd8d1f9-8297-450f-abe7-393807ba0c7e:192.168.164.239:36510, dbc121b5-e1e8-4c61-9d50-542b699a3d90:192.168.164.239:43140, 79abbc2e-0a90-4a41-a17c-6388bb873359:192.168.164.239:37857], old=null
2019-10-15 17:17:48,918 [grpc-default-executor-1] INFO  impl.RaftServerImpl (RaftServerImpl.java:setRole(184)) - ebd8d1f9-8297-450f-abe7-393807ba0c7e@group-B673650064C9: changes role from  FOLLOWER to FOLLOWER at term 107 for recognizeCandidate:79abbc2e-0a90-4a41-a17c-6388bb873359
2019-10-15 17:17:48,918 [grpc-default-executor-1] INFO  impl.RoleInfo (RoleInfo.java:shutdownFollowerState(121)) - ebd8d1f9-8297-450f-abe7-393807ba0c7e: shutdown FollowerState
2019-10-15 17:17:48,918 [grpc-default-executor-1] INFO  impl.RoleInfo (RoleInfo.java:updateAndGet(143)) - ebd8d1f9-8297-450f-abe7-393807ba0c7e: start FollowerState
2019-10-15 17:17:48,918 [Thread-865] INFO  impl.FollowerState (FollowerState.java:run(117)) - ebd8d1f9-8297-450f-abe7-393807ba0c7e@group-B673650064C9-FollowerState was interrupted: java.lang.InterruptedException: sleep interrupted
2019-10-15 17:17:48,918 [grpc-default-executor-0] INFO  impl.RaftServerImpl (RaftServerImpl.java:setRole(184)) - dbc121b5-e1e8-4c61-9d50-542b699a3d90@group-B673650064C9: changes role from  FOLLOWER to FOLLOWER at term 107 for recognizeCandidate:79abbc2e-0a90-4a41-a17c-6388bb873359
2019-10-15 17:17:48,919 [grpc-default-executor-0] INFO  impl.RoleInfo (RoleInfo.java:shutdownFollowerState(121)) - dbc121b5-e1e8-4c61-9d50-542b699a3d90: shutdown FollowerState
2019-10-15 17:17:48,919 [grpc-default-executor-0] INFO  impl.RoleInfo (RoleInfo.java:updateAndGet(143)) - dbc121b5-e1e8-4c61-9d50-542b699a3d90: start FollowerState
2019-10-15 17:17:48,919 [Thread-866] INFO  impl.FollowerState (FollowerState.java:run(117)) - dbc121b5-e1e8-4c61-9d50-542b699a3d90@group-B673650064C9-FollowerState was interrupted: java.lang.InterruptedException: sleep interrupted
2019-10-15 17:17:48,941 [79abbc2e-0a90-4a41-a17c-6388bb873359@group-B673650064C9-LeaderElection91] INFO  impl.LeaderElection (LeaderElection.java:logAndReturn(56)) - 79abbc2e-0a90-4a41-a17c-6388bb873359@group-B673650064C9-LeaderElection91: Election REJECTED; received 2 response(s) [79abbc2e-0a90-4a41-a17c-6388bb873359<-ebd8d1f9-8297-450f-abe7-393807ba0c7e#0:FAIL-t107, 79abbc2e-0a90-4a41-a17c-6388bb873359<-dbc121b5-e1e8-4c61-9d50-542b699a3d90#0:FAIL-t107] and 0 exception(s); 79abbc2e-0a90-4a41-a17c-6388bb873359@group-B673650064C9:t107, leader=null, voted=79abbc2e-0a90-4a41-a17c-6388bb873359, raftlog=79abbc2e-0a90-4a41-a17c-6388bb873359@group-B673650064C9-SegmentedRaftLog:OPENED:c-1,f-1,i0, conf=-1: [ebd8d1f9-8297-450f-abe7-393807ba0c7e:192.168.164.239:36510, dbc121b5-e1e8-4c61-9d50-542b699a3d90:192.168.164.239:43140, 79abbc2e-0a90-4a41-a17c-6388bb873359:192.168.164.239:37857], old=null
2019-10-15 17:17:48,941 [79abbc2e-0a90-4a41-a17c-6388bb873359@group-B673650064C9-LeaderElection91] INFO  impl.RaftServerImpl (RaftServerImpl.java:setRole(184)) - 79abbc2e-0a90-4a41-a17c-6388bb873359@group-B673650064C9: changes role from CANDIDATE to FOLLOWER at term 107 for DISCOVERED_A_NEW_TERM
2019-10-15 17:17:48,941 [79abbc2e-0a90-4a41-a17c-6388bb873359@group-B673650064C9-LeaderElection91] INFO  impl.RoleInfo (RoleInfo.java:shutdownLeaderElection(134)) - 79abbc2e-0a90-4a41-a17c-6388bb873359: shutdown LeaderElection
2019-10-15 17:17:48,942 [79abbc2e-0a90-4a41-a17c-6388bb873359@group-B673650064C9-LeaderElection91] INFO  impl.RoleInfo (RoleInfo.java:updateAndGet(143)) - 79abbc2e-0a90-4a41-a17c-6388bb873359: start FollowerState
2019-10-15 17:17:48,999 [Thread-871] INFO  impl.FollowerState (FollowerState.java:run(108)) - 79abbc2e-0a90-4a41-a17c-6388bb873359@group-B673650064C9-FollowerState: change to CANDIDATE, lastRpcTime:57ms, electionTimeout:57ms
2019-10-15 17:17:48,999 [Thread-871] INFO  impl.RoleInfo (RoleInfo.java:shutdownFollowerState(121)) - 79abbc2e-0a90-4a41-a17c-6388bb873359: shutdown FollowerState
2019-10-15 17:17:48,999 [Thread-871] INFO  impl.RaftServerImpl (RaftServerImpl.java:setRole(184)) - 79abbc2e-0a90-4a41-a17c-6388bb873359@group-B673650064C9: changes role from  FOLLOWER to CANDIDATE at term 107 for changeToCandidate
2019-10-15 17:17:49,000 [Thread-871] INFO  impl.RoleInfo (RoleInfo.java:updateAndGet(143)) - 79abbc2e-0a90-4a41-a17c-6388bb873359: start LeaderElection
2019-10-15 17:17:49,023 [79abbc2e-0a90-4a41-a17c-6388bb873359@group-B673650064C9-LeaderElection92] INFO  impl.LeaderElection (LeaderElection.java:askForVotes(178)) - 79abbc2e-0a90-4a41-a17c-6388bb873359@group-B673650064C9-LeaderElection92: begin an election at term 108 for -1: [ebd8d1f9-8297-450f-abe7-393807ba0c7e:192.168.164.239:36510, dbc121b5-e1e8-4c61-9d50-542b699a3d90:192.168.164.239:43140, 79abbc2e-0a90-4a41-a17c-6388bb873359:192.168.164.239:37857], old=null
2019-10-15 17:17:49,027 [grpc-default-executor-0] INFO  impl.RaftServerImpl (RaftServerImpl.java:setRole(184)) - ebd8d1f9-8297-450f-abe7-393807ba0c7e@group-B673650064C9: changes role from  FOLLOWER to FOLLOWER at term 108 for recognizeCandidate:79abbc2e-0a90-4a41-a17c-6388bb873359
2019-10-15 17:17:49,027 [grpc-default-executor-0] INFO  impl.RoleInfo (RoleInfo.java:shutdownFollowerState(121)) - ebd8d1f9-8297-450f-abe7-393807ba0c7e: shutdown FollowerState
2019-10-15 17:17:49,027 [grpc-default-executor-1] INFO  impl.RaftServerImpl (RaftServerImpl.java:setRole(184)) - dbc121b5-e1e8-4c61-9d50-542b699a3d90@group-B673650064C9: changes role from  FOLLOWER to FOLLOWER at term 108 for recognizeCandidate:79abbc2e-0a90-4a41-a17c-6388bb873359
2019-10-15 17:17:49,027 [grpc-default-executor-1] INFO  impl.RoleInfo (RoleInfo.java:shutdownFollowerState(121)) - dbc121b5-e1e8-4c61-9d50-542b699a3d90: shutdown FollowerState
2019-10-15 17:17:49,027 [grpc-default-executor-0] INFO  impl.RoleInfo (RoleInfo.java:updateAndGet(143)) - ebd8d1f9-8297-450f-abe7-393807ba0c7e: start FollowerState
2019-10-15 17:17:49,028 [Thread-870] INFO  impl.FollowerState (FollowerState.java:run(117)) - dbc121b5-e1e8-4c61-9d50-542b699a3d90@group-B673650064C9-FollowerState was interrupted: java.lang.InterruptedException: sleep interrupted
2019-10-15 17:17:49,028 [grpc-default-executor-1] INFO  impl.RoleInfo (RoleInfo.java:updateAndGet(143)) - dbc121b5-e1e8-4c61-9d50-542b699a3d90: start FollowerState
2019-10-15 17:17:49,027 [Thread-869] INFO  impl.FollowerState (FollowerState.java:run(117)) - ebd8d1f9-8297-450f-abe7-393807ba0c7e@group-B673650064C9-FollowerState was interrupted: java.lang.InterruptedException: sleep interrupted
2019-10-15 17:17:49,050 [79abbc2e-0a90-4a41-a17c-6388bb873359@group-B673650064C9-LeaderElection92] INFO  impl.LeaderElection (LeaderElection.java:logAndReturn(56)) - 79abbc2e-0a90-4a41-a17c-6388bb873359@group-B673650064C9-LeaderElection92: Election REJECTED; received 2 response(s) [79abbc2e-0a90-4a41-a17c-6388bb873359<-ebd8d1f9-8297-450f-abe7-393807ba0c7e#0:FAIL-t108, 79abbc2e-0a90-4a41-a17c-6388bb873359<-dbc121b5-e1e8-4c61-9d50-542b699a3d90#0:FAIL-t108] and 0 exception(s); 79abbc2e-0a90-4a41-a17c-6388bb873359@group-B673650064C9:t108, leader=null, voted=79abbc2e-0a90-4a41-a17c-6388bb873359, raftlog=79abbc2e-0a90-4a41-a17c-6388bb873359@group-B673650064C9-SegmentedRaftLog:OPENED:c-1,f-1,i0, conf=-1: [ebd8d1f9-8297-450f-abe7-393807ba0c7e:192.168.164.239:36510, dbc121b5-e1e8-4c61-9d50-542b699a3d90:192.168.164.239:43140, 79abbc2e-0a90-4a41-a17c-6388bb873359:192.168.164.239:37857], old=null
2019-10-15 17:17:49,051 [79abbc2e-0a90-4a41-a17c-6388bb873359@group-B673650064C9-LeaderElection92] INFO  impl.RaftServerImpl (RaftServerImpl.java:setRole(184)) - 79abbc2e-0a90-4a41-a17c-6388bb873359@group-B673650064C9: changes role from CANDIDATE to FOLLOWER at term 108 for DISCOVERED_A_NEW_TERM
2019-10-15 17:17:49,051 [79abbc2e-0a90-4a41-a17c-6388bb873359@group-B673650064C9-LeaderElection92] INFO  impl.RoleInfo (RoleInfo.java:shutdownLeaderElection(134)) - 79abbc2e-0a90-4a41-a17c-6388bb873359: shutdown LeaderElection
2019-10-15 17:17:49,051 [79abbc2e-0a90-4a41-a17c-6388bb873359@group-B673650064C9-LeaderElection92] INFO  impl.RoleInfo (RoleInfo.java:updateAndGet(143)) - 79abbc2e-0a90-4a41-a17c-6388bb873359: start FollowerState
2019-10-15 17:17:49,181 [Thread-877] INFO  impl.FollowerState (FollowerState.java:run(108)) - 79abbc2e-0a90-4a41-a17c-6388bb873359@group-B673650064C9-FollowerState: change to CANDIDATE, lastRpcTime:130ms, electionTimeout:130ms
2019-10-15 17:17:49,181 [Thread-877] INFO  impl.RoleInfo (RoleInfo.java:shutdownFollowerState(121)) - 79abbc2e-0a90-4a41-a17c-6388bb873359: shutdown FollowerState
2019-10-15 17:17:49,182 [Thread-877] INFO  impl.RaftServerImpl (RaftServerImpl.java:setRole(184)) - 79abbc2e-0a90-4a41-a17c-6388bb873359@group-B673650064C9: changes role from  FOLLOWER to CANDIDATE at term 108 for changeToCandidate
2019-10-15 17:17:49,182 [Thread-877] INFO  impl.RoleInfo (RoleInfo.java:updateAndGet(143)) - 79abbc2e-0a90-4a41-a17c-6388bb873359: start LeaderElection
2019-10-15 17:17:49,208 [79abbc2e-0a90-4a41-a17c-6388bb873359@group-B673650064C9-LeaderElection93] INFO  impl.LeaderElection (LeaderElection.java:askForVotes(178)) - 79abbc2e-0a90-4a41-a17c-6388bb873359@group-B673650064C9-LeaderElection93: begin an election at term 109 for -1: [ebd8d1f9-8297-450f-abe7-393807ba0c7e:192.168.164.239:36510, dbc121b5-e1e8-4c61-9d50-542b699a3d90:192.168.164.239:43140, 79abbc2e-0a90-4a41-a17c-6388bb873359:192.168.164.239:37857], old=null
2019-10-15 17:17:49,211 [grpc-default-executor-0] INFO  impl.RaftServerImpl (RaftServerImpl.java:setRole(184)) - ebd8d1f9-8297-450f-abe7-393807ba0c7e@group-B673650064C9: changes role from  FOLLOWER to FOLLOWER at term 109 for recognizeCandidate:79abbc2e-0a90-4a41-a17c-6388bb873359
2019-10-15 17:17:49,211 [grpc-default-executor-1] INFO  impl.RaftServerImpl (RaftServerImpl.java:setRole(184)) - dbc121b5-e1e8-4c61-9d50-542b699a3d90@group-B673650064C9: changes role from  FOLLOWER to FOLLOWER at term 109 for recognizeCandidate:79abbc2e-0a90-4a41-a17c-6388bb873359
2019-10-15 17:17:49,211 [grpc-default-executor-1] INFO  impl.RoleInfo (RoleInfo.java:shutdownFollowerState(121)) - dbc121b5-e1e8-4c61-9d50-542b699a3d90: shutdown FollowerState
2019-10-15 17:17:49,211 [grpc-default-executor-0] INFO  impl.RoleInfo (RoleInfo.java:shutdownFollowerState(121)) - ebd8d1f9-8297-450f-abe7-393807ba0c7e: shutdown FollowerState
2019-10-15 17:17:49,212 [Thread-876] INFO  impl.FollowerState (FollowerState.java:run(117)) - dbc121b5-e1e8-4c61-9d50-542b699a3d90@group-B673650064C9-FollowerState was interrupted: java.lang.InterruptedException: sleep interrupted
2019-10-15 17:17:49,211 [grpc-default-executor-1] INFO  impl.RoleInfo (RoleInfo.java:updateAndGet(143)) - dbc121b5-e1e8-4c61-9d50-542b699a3d90: start FollowerState
2019-10-15 17:17:49,212 [Thread-875] INFO  impl.FollowerState (FollowerState.java:run(117)) - ebd8d1f9-8297-450f-abe7-393807ba0c7e@group-B673650064C9-FollowerState was interrupted: java.lang.InterruptedException: sleep interrupted
2019-10-15 17:17:49,212 [grpc-default-executor-0] INFO  impl.RoleInfo (RoleInfo.java:updateAndGet(143)) - ebd8d1f9-8297-450f-abe7-393807ba0c7e: start FollowerState
2019-10-15 17:17:49,242 [79abbc2e-0a90-4a41-a17c-6388bb873359@group-B673650064C9-LeaderElection93] INFO  impl.LeaderElection (LeaderElection.java:logAndReturn(56)) - 79abbc2e-0a90-4a41-a17c-6388bb873359@group-B673650064C9-LeaderElection93: Election REJECTED; received 2 response(s) [79abbc2e-0a90-4a41-a17c-6388bb873359<-ebd8d1f9-8297-450f-abe7-393807ba0c7e#0:FAIL-t109, 79abbc2e-0a90-4a41-a17c-6388bb873359<-dbc121b5-e1e8-4c61-9d50-542b699a3d90#0:FAIL-t109] and 0 exception(s); 79abbc2e-0a90-4a41-a17c-6388bb873359@group-B673650064C9:t109, leader=null, voted=79abbc2e-0a90-4a41-a17c-6388bb873359, raftlog=79abbc2e-0a90-4a41-a17c-6388bb873359@group-B673650064C9-SegmentedRaftLog:OPENED:c-1,f-1,i0, conf=-1: [ebd8d1f9-8297-450f-abe7-393807ba0c7e:192.168.164.239:36510, dbc121b5-e1e8-4c61-9d50-542b699a3d90:192.168.164.239:43140, 79abbc2e-0a90-4a41-a17c-6388bb873359:192.168.164.239:37857], old=null
2019-10-15 17:17:49,242 [79abbc2e-0a90-4a41-a17c-6388bb873359@group-B673650064C9-LeaderElection93] INFO  impl.RaftServerImpl (RaftServerImpl.java:setRole(184)) - 79abbc2e-0a90-4a41-a17c-6388bb873359@group-B673650064C9: changes role from CANDIDATE to FOLLOWER at term 109 for DISCOVERED_A_NEW_TERM
2019-10-15 17:17:49,243 [79abbc2e-0a90-4a41-a17c-6388bb873359@group-B673650064C9-LeaderElection93] INFO  impl.RoleInfo (RoleInfo.java:shutdownLeaderElection(134)) - 79abbc2e-0a90-4a41-a17c-6388bb873359: shutdown LeaderElection
2019-10-15 17:17:49,243 [79abbc2e-0a90-4a41-a17c-6388bb873359@group-B673650064C9-LeaderElection93] INFO  impl.RoleInfo (RoleInfo.java:updateAndGet(143)) - 79abbc2e-0a90-4a41-a17c-6388bb873359: start FollowerState
2019-10-15 17:17:49,390 [Thread-883] INFO  impl.FollowerState (FollowerState.java:run(108)) - 79abbc2e-0a90-4a41-a17c-6388bb873359@group-B673650064C9-FollowerState: change to CANDIDATE, lastRpcTime:147ms, electionTimeout:147ms
2019-10-15 17:17:49,391 [Thread-883] INFO  impl.RoleInfo (RoleInfo.java:shutdownFollowerState(121)) - 79abbc2e-0a90-4a41-a17c-6388bb873359: shutdown FollowerState
2019-10-15 17:17:49,391 [Thread-883] INFO  impl.RaftServerImpl (RaftServerImpl.java:setRole(184)) - 79abbc2e-0a90-4a41-a17c-6388bb873359@group-B673650064C9: changes role from  FOLLOWER to CANDIDATE at term 109 for changeToCandidate
2019-10-15 17:17:49,391 [Thread-883] INFO  impl.RoleInfo (RoleInfo.java:updateAndGet(143)) - 79abbc2e-0a90-4a41-a17c-6388bb873359: start LeaderElection
2019-10-15 17:17:49,417 [79abbc2e-0a90-4a41-a17c-6388bb873359@group-B673650064C9-LeaderElection94] INFO  impl.LeaderElection (LeaderElection.java:askForVotes(178)) - 79abbc2e-0a90-4a41-a17c-6388bb873359@group-B673650064C9-LeaderElection94: begin an election at term 110 for -1: [ebd8d1f9-8297-450f-abe7-393807ba0c7e:192.168.164.239:36510, dbc121b5-e1e8-4c61-9d50-542b699a3d90:192.168.164.239:43140, 79abbc2e-0a90-4a41-a17c-6388bb873359:192.168.164.239:37857], old=null
2019-10-15 17:17:49,420 [grpc-default-executor-0] INFO  impl.RaftServerImpl (RaftServerImpl.java:setRole(184)) - dbc121b5-e1e8-4c61-9d50-542b699a3d90@group-B673650064C9: changes role from  FOLLOWER to FOLLOWER at term 110 for recognizeCandidate:79abbc2e-0a90-4a41-a17c-6388bb873359
2019-10-15 17:17:49,420 [grpc-default-executor-0] INFO  impl.RoleInfo (RoleInfo.java:shutdownFollowerState(121)) - dbc121b5-e1e8-4c61-9d50-542b699a3d90: shutdown FollowerState
2019-10-15 17:17:49,420 [grpc-default-executor-0] INFO  impl.RoleInfo (RoleInfo.java:updateAndGet(143)) - dbc121b5-e1e8-4c61-9d50-542b699a3d90: start FollowerState
2019-10-15 17:17:49,420 [Thread-881] INFO  impl.FollowerState (FollowerState.java:run(117)) - dbc121b5-e1e8-4c61-9d50-542b699a3d90@group-B673650064C9-FollowerState was interrupted: java.lang.InterruptedException: sleep interrupted
2019-10-15 17:17:49,421 [grpc-default-executor-1] INFO  impl.RaftServerImpl (RaftServerImpl.java:setRole(184)) - ebd8d1f9-8297-450f-abe7-393807ba0c7e@group-B673650064C9: changes role from  FOLLOWER to FOLLOWER at term 110 for recognizeCandidate:79abbc2e-0a90-4a41-a17c-6388bb873359
2019-10-15 17:17:49,421 [grpc-default-executor-1] INFO  impl.RoleInfo (RoleInfo.java:shutdownFollowerState(121)) - ebd8d1f9-8297-450f-abe7-393807ba0c7e: shutdown FollowerState
2019-10-15 17:17:49,421 [grpc-default-executor-1] INFO  impl.RoleInfo (RoleInfo.java:updateAndGet(143)) - ebd8d1f9-8297-450f-abe7-393807ba0c7e: start FollowerState
2019-10-15 17:17:49,421 [Thread-882] INFO  impl.FollowerState (FollowerState.java:run(117)) - ebd8d1f9-8297-450f-abe7-393807ba0c7e@group-B673650064C9-FollowerState was interrupted: java.lang.InterruptedException: sleep interrupted
2019-10-15 17:17:49,451 [79abbc2e-0a90-4a41-a17c-6388bb873359@group-B673650064C9-LeaderElection94] INFO  impl.LeaderElection (LeaderElection.java:logAndReturn(56)) - 79abbc2e-0a90-4a41-a17c-6388bb873359@group-B673650064C9-LeaderElection94: Election REJECTED; received 2 response(s) [79abbc2e-0a90-4a41-a17c-6388bb873359<-ebd8d1f9-8297-450f-abe7-393807ba0c7e#0:FAIL-t110, 79abbc2e-0a90-4a41-a17c-6388bb873359<-dbc121b5-e1e8-4c61-9d50-542b699a3d90#0:FAIL-t110] and 0 exception(s); 79abbc2e-0a90-4a41-a17c-6388bb873359@group-B673650064C9:t110, leader=null, voted=79abbc2e-0a90-4a41-a17c-6388bb873359, raftlog=79abbc2e-0a90-4a41-a17c-6388bb873359@group-B673650064C9-SegmentedRaftLog:OPENED:c-1,f-1,i0, conf=-1: [ebd8d1f9-8297-450f-abe7-393807ba0c7e:192.168.164.239:36510, dbc121b5-e1e8-4c61-9d50-542b699a3d90:192.168.164.239:43140, 79abbc2e-0a90-4a41-a17c-6388bb873359:192.168.164.239:37857], old=null
2019-10-15 17:17:49,452 [79abbc2e-0a90-4a41-a17c-6388bb873359@group-B673650064C9-LeaderElection94] INFO  impl.RaftServerImpl (RaftServerImpl.java:setRole(184)) - 79abbc2e-0a90-4a41-a17c-6388bb873359@group-B673650064C9: changes role from CANDIDATE to FOLLOWER at term 110 for DISCOVERED_A_NEW_TERM
2019-10-15 17:17:49,452 [79abbc2e-0a90-4a41-a17c-6388bb873359@group-B673650064C9-LeaderElection94] INFO  impl.RoleInfo (RoleInfo.java:shutdownLeaderElection(134)) - 79abbc2e-0a90-4a41-a17c-6388bb873359: shutdown LeaderElection
2019-10-15 17:17:49,452 [79abbc2e-0a90-4a41-a17c-6388bb873359@group-B673650064C9-LeaderElection94] INFO  impl.RoleInfo (RoleInfo.java:updateAndGet(143)) - 79abbc2e-0a90-4a41-a17c-6388bb873359: start FollowerState
2019-10-15 17:17:49,587 [Thread-889] INFO  impl.FollowerState (FollowerState.java:run(108)) - 79abbc2e-0a90-4a41-a17c-6388bb873359@group-B673650064C9-FollowerState: change to CANDIDATE, lastRpcTime:135ms, electionTimeout:135ms
2019-10-15 17:17:49,588 [Thread-889] INFO  impl.RoleInfo (RoleInfo.java:shutdownFollowerState(121)) - 79abbc2e-0a90-4a41-a17c-6388bb873359: shutdown FollowerState
2019-10-15 17:17:49,588 [Thread-889] INFO  impl.RaftServerImpl (RaftServerImpl.java:setRole(184)) - 79abbc2e-0a90-4a41-a17c-6388bb873359@group-B673650064C9: changes role from  FOLLOWER to CANDIDATE at term 110 for changeToCandidate
2019-10-15 17:17:49,588 [Thread-889] INFO  impl.RoleInfo (RoleInfo.java:updateAndGet(143)) - 79abbc2e-0a90-4a41-a17c-6388bb873359: start LeaderElection
2019-10-15 17:17:49,674 [79abbc2e-0a90-4a41-a17c-6388bb873359@group-B673650064C9-LeaderElection95] INFO  impl.LeaderElection (LeaderElection.java:askForVotes(178)) - 79abbc2e-0a90-4a41-a17c-6388bb873359@group-B673650064C9-LeaderElection95: begin an election at term 111 for -1: [ebd8d1f9-8297-450f-abe7-393807ba0c7e:192.168.164.239:36510, dbc121b5-e1e8-4c61-9d50-542b699a3d90:192.168.164.239:43140, 79abbc2e-0a90-4a41-a17c-6388bb873359:192.168.164.239:37857], old=null
2019-10-15 17:17:49,677 [grpc-default-executor-0] INFO  impl.RaftServerImpl (RaftServerImpl.java:setRole(184)) - ebd8d1f9-8297-450f-abe7-393807ba0c7e@group-B673650064C9: changes role from  FOLLOWER to FOLLOWER at term 111 for recognizeCandidate:79abbc2e-0a90-4a41-a17c-6388bb873359
2019-10-15 17:17:49,677 [grpc-default-executor-0] INFO  impl.RoleInfo (RoleInfo.java:shutdownFollowerState(121)) - ebd8d1f9-8297-450f-abe7-393807ba0c7e: shutdown FollowerState
2019-10-15 17:17:49,677 [grpc-default-executor-0] INFO  impl.RoleInfo (RoleInfo.java:updateAndGet(143)) - ebd8d1f9-8297-450f-abe7-393807ba0c7e: start FollowerState
2019-10-15 17:17:49,677 [Thread-888] INFO  impl.FollowerState (FollowerState.java:run(117)) - ebd8d1f9-8297-450f-abe7-393807ba0c7e@group-B673650064C9-FollowerState was interrupted: java.lang.InterruptedException: sleep interrupted
2019-10-15 17:17:49,678 [grpc-default-executor-1] INFO  impl.RaftServerImpl (RaftServerImpl.java:setRole(184)) - dbc121b5-e1e8-4c61-9d50-542b699a3d90@group-B673650064C9: changes role from  FOLLOWER to FOLLOWER at term 111 for recognizeCandidate:79abbc2e-0a90-4a41-a17c-6388bb873359
2019-10-15 17:17:49,678 [grpc-default-executor-1] INFO  impl.RoleInfo (RoleInfo.java:shutdownFollowerState(121)) - dbc121b5-e1e8-4c61-9d50-542b699a3d90: shutdown FollowerState
2019-10-15 17:17:49,678 [grpc-default-executor-1] INFO  impl.RoleInfo (RoleInfo.java:updateAndGet(143)) - dbc121b5-e1e8-4c61-9d50-542b699a3d90: start FollowerState
2019-10-15 17:17:49,678 [Thread-887] INFO  impl.FollowerState (FollowerState.java:run(117)) - dbc121b5-e1e8-4c61-9d50-542b699a3d90@group-B673650064C9-FollowerState was interrupted: java.lang.InterruptedException: sleep interrupted
2019-10-15 17:17:49,695 [79abbc2e-0a90-4a41-a17c-6388bb873359@group-B673650064C9-LeaderElection95] INFO  impl.LeaderElection (LeaderElection.java:logAndReturn(56)) - 79abbc2e-0a90-4a41-a17c-6388bb873359@group-B673650064C9-LeaderElection95: Election REJECTED; received 2 response(s) [79abbc2e-0a90-4a41-a17c-6388bb873359<-ebd8d1f9-8297-450f-abe7-393807ba0c7e#0:FAIL-t111, 79abbc2e-0a90-4a41-a17c-6388bb873359<-dbc121b5-e1e8-4c61-9d50-542b699a3d90#0:FAIL-t111] and 0 exception(s); 79abbc2e-0a90-4a41-a17c-6388bb873359@group-B673650064C9:t111, leader=null, voted=79abbc2e-0a90-4a41-a17c-6388bb873359, raftlog=79abbc2e-0a90-4a41-a17c-6388bb873359@group-B673650064C9-SegmentedRaftLog:OPENED:c-1,f-1,i0, conf=-1: [ebd8d1f9-8297-450f-abe7-393807ba0c7e:192.168.164.239:36510, dbc121b5-e1e8-4c61-9d50-542b699a3d90:192.168.164.239:43140, 79abbc2e-0a90-4a41-a17c-6388bb873359:192.168.164.239:37857], old=null
2019-10-15 17:17:49,695 [79abbc2e-0a90-4a41-a17c-6388bb873359@group-B673650064C9-LeaderElection95] INFO  impl.RaftServerImpl (RaftServerImpl.java:setRole(184)) - 79abbc2e-0a90-4a41-a17c-6388bb873359@group-B673650064C9: changes role from CANDIDATE to FOLLOWER at term 111 for DISCOVERED_A_NEW_TERM
2019-10-15 17:17:49,695 [79abbc2e-0a90-4a41-a17c-6388bb873359@group-B673650064C9-LeaderElection95] INFO  impl.RoleInfo (RoleInfo.java:shutdownLeaderElection(134)) - 79abbc2e-0a90-4a41-a17c-6388bb873359: shutdown LeaderElection
2019-10-15 17:17:49,695 [79abbc2e-0a90-4a41-a17c-6388bb873359@group-B673650064C9-LeaderElection95] INFO  impl.RoleInfo (RoleInfo.java:updateAndGet(143)) - 79abbc2e-0a90-4a41-a17c-6388bb873359: start FollowerState
2019-10-15 17:17:49,775 [Thread-897] INFO  impl.FollowerState (FollowerState.java:run(108)) - 79abbc2e-0a90-4a41-a17c-6388bb873359@group-B673650064C9-FollowerState: change to CANDIDATE, lastRpcTime:79ms, electionTimeout:79ms
2019-10-15 17:17:49,775 [Thread-897] INFO  impl.RoleInfo (RoleInfo.java:shutdownFollowerState(121)) - 79abbc2e-0a90-4a41-a17c-6388bb873359: shutdown FollowerState
2019-10-15 17:17:49,775 [Thread-897] INFO  impl.RaftServerImpl (RaftServerImpl.java:setRole(184)) - 79abbc2e-0a90-4a41-a17c-6388bb873359@group-B673650064C9: changes role from  FOLLOWER to CANDIDATE at term 111 for changeToCandidate
2019-10-15 17:17:49,776 [Thread-897] INFO  impl.RoleInfo (RoleInfo.java:updateAndGet(143)) - 79abbc2e-0a90-4a41-a17c-6388bb873359: start LeaderElection
2019-10-15 17:17:49,800 [79abbc2e-0a90-4a41-a17c-6388bb873359@group-B673650064C9-LeaderElection96] INFO  impl.LeaderElection (LeaderElection.java:askForVotes(178)) - 79abbc2e-0a90-4a41-a17c-6388bb873359@group-B673650064C9-LeaderElection96: begin an election at term 112 for -1: [ebd8d1f9-8297-450f-abe7-393807ba0c7e:192.168.164.239:36510, dbc121b5-e1e8-4c61-9d50-542b699a3d90:192.168.164.239:43140, 79abbc2e-0a90-4a41-a17c-6388bb873359:192.168.164.239:37857], old=null
2019-10-15 17:17:49,803 [grpc-default-executor-0] INFO  impl.RaftServerImpl (RaftServerImpl.java:setRole(184)) - ebd8d1f9-8297-450f-abe7-393807ba0c7e@group-B673650064C9: changes role from  FOLLOWER to FOLLOWER at term 112 for recognizeCandidate:79abbc2e-0a90-4a41-a17c-6388bb873359
2019-10-15 17:17:49,803 [grpc-default-executor-1] INFO  impl.RaftServerImpl (RaftServerImpl.java:setRole(184)) - dbc121b5-e1e8-4c61-9d50-542b699a3d90@group-B673650064C9: changes role from  FOLLOWER to FOLLOWER at term 112 for recognizeCandidate:79abbc2e-0a90-4a41-a17c-6388bb873359
2019-10-15 17:17:49,804 [grpc-default-executor-0] INFO  impl.RoleInfo (RoleInfo.java:shutdownFollowerState(121)) - ebd8d1f9-8297-450f-abe7-393807ba0c7e: shutdown FollowerState
2019-10-15 17:17:49,804 [grpc-default-executor-1] INFO  impl.RoleInfo (RoleInfo.java:shutdownFollowerState(121)) - dbc121b5-e1e8-4c61-9d50-542b699a3d90: shutdown FollowerState
2019-10-15 17:17:49,804 [grpc-default-executor-0] INFO  impl.RoleInfo (RoleInfo.java:updateAndGet(143)) - ebd8d1f9-8297-450f-abe7-393807ba0c7e: start FollowerState
2019-10-15 17:17:49,804 [Thread-896] INFO  impl.FollowerState (FollowerState.java:run(117)) - dbc121b5-e1e8-4c61-9d50-542b699a3d90@group-B673650064C9-FollowerState was interrupted: java.lang.InterruptedException: sleep interrupted
2019-10-15 17:17:49,804 [grpc-default-executor-1] INFO  impl.RoleInfo (RoleInfo.java:updateAndGet(143)) - dbc121b5-e1e8-4c61-9d50-542b699a3d90: start FollowerState
2019-10-15 17:17:49,804 [Thread-895] INFO  impl.FollowerState (FollowerState.java:run(117)) - ebd8d1f9-8297-450f-abe7-393807ba0c7e@group-B673650064C9-FollowerState was interrupted: java.lang.InterruptedException: sleep interrupted
2019-10-15 17:17:49,834 [79abbc2e-0a90-4a41-a17c-6388bb873359@group-B673650064C9-LeaderElection96] INFO  impl.LeaderElection (LeaderElection.java:logAndReturn(56)) - 79abbc2e-0a90-4a41-a17c-6388bb873359@group-B673650064C9-LeaderElection96: Election TIMEOUT; received 0 response(s) [] and 0 exception(s); 79abbc2e-0a90-4a41-a17c-6388bb873359@group-B673650064C9:t112, leader=null, voted=79abbc2e-0a90-4a41-a17c-6388bb873359, raftlog=79abbc2e-0a90-4a41-a17c-6388bb873359@group-B673650064C9-SegmentedRaftLog:OPENED:c-1,f-1,i0, conf=-1: [ebd8d1f9-8297-450f-abe7-393807ba0c7e:192.168.164.239:36510, dbc121b5-e1e8-4c61-9d50-542b699a3d90:192.168.164.239:43140, 79abbc2e-0a90-4a41-a17c-6388bb873359:192.168.164.239:37857], old=null
2019-10-15 17:17:49,859 [79abbc2e-0a90-4a41-a17c-6388bb873359@group-B673650064C9-LeaderElection96] INFO  impl.LeaderElection (LeaderElection.java:askForVotes(178)) - 79abbc2e-0a90-4a41-a17c-6388bb873359@group-B673650064C9-LeaderElection96: begin an election at term 113 for -1: [ebd8d1f9-8297-450f-abe7-393807ba0c7e:192.168.164.239:36510, dbc121b5-e1e8-4c61-9d50-542b699a3d90:192.168.164.239:43140, 79abbc2e-0a90-4a41-a17c-6388bb873359:192.168.164.239:37857], old=null
2019-10-15 17:17:49,862 [grpc-default-executor-1] INFO  impl.RaftServerImpl (RaftServerImpl.java:setRole(184)) - ebd8d1f9-8297-450f-abe7-393807ba0c7e@group-B673650064C9: changes role from  FOLLOWER to FOLLOWER at term 113 for recognizeCandidate:79abbc2e-0a90-4a41-a17c-6388bb873359
2019-10-15 17:17:49,862 [grpc-default-executor-1] INFO  impl.RoleInfo (RoleInfo.java:shutdownFollowerState(121)) - ebd8d1f9-8297-450f-abe7-393807ba0c7e: shutdown FollowerState
2019-10-15 17:17:49,862 [grpc-default-executor-0] INFO  impl.RaftServerImpl (RaftServerImpl.java:setRole(184)) - dbc121b5-e1e8-4c61-9d50-542b699a3d90@group-B673650064C9: changes role from  FOLLOWER to FOLLOWER at term 113 for recognizeCandidate:79abbc2e-0a90-4a41-a17c-6388bb873359
2019-10-15 17:17:49,862 [Thread-901] INFO  impl.FollowerState (FollowerState.java:run(117)) - ebd8d1f9-8297-450f-abe7-393807ba0c7e@group-B673650064C9-FollowerState was interrupted: java.lang.InterruptedException: sleep interrupted
2019-10-15 17:17:49,862 [grpc-default-executor-0] INFO  impl.RoleInfo (RoleInfo.java:shutdownFollowerState(121)) - dbc121b5-e1e8-4c61-9d50-542b699a3d90: shutdown FollowerState
2019-10-15 17:17:49,862 [grpc-default-executor-1] INFO  impl.RoleInfo (RoleInfo.java:updateAndGet(143)) - ebd8d1f9-8297-450f-abe7-393807ba0c7e: start FollowerState
2019-10-15 17:17:49,863 [grpc-default-executor-0] INFO  impl.RoleInfo (RoleInfo.java:updateAndGet(143)) - dbc121b5-e1e8-4c61-9d50-542b699a3d90: start FollowerState
2019-10-15 17:17:49,863 [Thread-902] INFO  impl.FollowerState (FollowerState.java:run(117)) - dbc121b5-e1e8-4c61-9d50-542b699a3d90@group-B673650064C9-FollowerState was interrupted: java.lang.InterruptedException: sleep interrupted
2019-10-15 17:17:49,873 [79abbc2e-0a90-4a41-a17c-6388bb873359@group-B673650064C9-LeaderElection96] INFO  impl.LeaderElection (LeaderElection.java:logAndReturn(56)) - 79abbc2e-0a90-4a41-a17c-6388bb873359@group-B673650064C9-LeaderElection96: Election REJECTED; received 2 response(s) [79abbc2e-0a90-4a41-a17c-6388bb873359<-ebd8d1f9-8297-450f-abe7-393807ba0c7e#0:FAIL-t113, 79abbc2e-0a90-4a41-a17c-6388bb873359<-dbc121b5-e1e8-4c61-9d50-542b699a3d90#0:FAIL-t113] and 0 exception(s); 79abbc2e-0a90-4a41-a17c-6388bb873359@group-B673650064C9:t113, leader=null, voted=79abbc2e-0a90-4a41-a17c-6388bb873359, raftlog=79abbc2e-0a90-4a41-a17c-6388bb873359@group-B673650064C9-SegmentedRaftLog:OPENED:c-1,f-1,i0, conf=-1: [ebd8d1f9-8297-450f-abe7-393807ba0c7e:192.168.164.239:36510, dbc121b5-e1e8-4c61-9d50-542b699a3d90:192.168.164.239:43140, 79abbc2e-0a90-4a41-a17c-6388bb873359:192.168.164.239:37857], old=null
2019-10-15 17:17:49,873 [79abbc2e-0a90-4a41-a17c-6388bb873359@group-B673650064C9-LeaderElection96] INFO  impl.RaftServerImpl (RaftServerImpl.java:setRole(184)) - 79abbc2e-0a90-4a41-a17c-6388bb873359@group-B673650064C9: changes role from CANDIDATE to FOLLOWER at term 113 for DISCOVERED_A_NEW_TERM
2019-10-15 17:17:49,873 [79abbc2e-0a90-4a41-a17c-6388bb873359@group-B673650064C9-LeaderElection96] INFO  impl.RoleInfo (RoleInfo.java:shutdownLeaderElection(134)) - 79abbc2e-0a90-4a41-a17c-6388bb873359: shutdown LeaderElection
2019-10-15 17:17:49,874 [79abbc2e-0a90-4a41-a17c-6388bb873359@group-B673650064C9-LeaderElection96] INFO  impl.RoleInfo (RoleInfo.java:updateAndGet(143)) - 79abbc2e-0a90-4a41-a17c-6388bb873359: start FollowerState
2019-10-15 17:17:49,931 [Thread-907] INFO  impl.FollowerState (FollowerState.java:run(108)) - 79abbc2e-0a90-4a41-a17c-6388bb873359@group-B673650064C9-FollowerState: change to CANDIDATE, lastRpcTime:57ms, electionTimeout:57ms
2019-10-15 17:17:49,931 [Thread-907] INFO  impl.RoleInfo (RoleInfo.java:shutdownFollowerState(121)) - 79abbc2e-0a90-4a41-a17c-6388bb873359: shutdown FollowerState
2019-10-15 17:17:49,931 [Thread-907] INFO  impl.RaftServerImpl (RaftServerImpl.java:setRole(184)) - 79abbc2e-0a90-4a41-a17c-6388bb873359@group-B673650064C9: changes role from  FOLLOWER to CANDIDATE at term 113 for changeToCandidate
2019-10-15 17:17:49,932 [Thread-907] INFO  impl.RoleInfo (RoleInfo.java:updateAndGet(143)) - 79abbc2e-0a90-4a41-a17c-6388bb873359: start LeaderElection
2019-10-15 17:17:49,956 [79abbc2e-0a90-4a41-a17c-6388bb873359@group-B673650064C9-LeaderElection97] INFO  impl.LeaderElection (LeaderElection.java:askForVotes(178)) - 79abbc2e-0a90-4a41-a17c-6388bb873359@group-B673650064C9-LeaderElection97: begin an election at term 114 for -1: [ebd8d1f9-8297-450f-abe7-393807ba0c7e:192.168.164.239:36510, dbc121b5-e1e8-4c61-9d50-542b699a3d90:192.168.164.239:43140, 79abbc2e-0a90-4a41-a17c-6388bb873359:192.168.164.239:37857], old=null
2019-10-15 17:17:49,959 [grpc-default-executor-0] INFO  impl.RaftServerImpl (RaftServerImpl.java:setRole(184)) - dbc121b5-e1e8-4c61-9d50-542b699a3d90@group-B673650064C9: changes role from  FOLLOWER to FOLLOWER at term 114 for recognizeCandidate:79abbc2e-0a90-4a41-a17c-6388bb873359
2019-10-15 17:17:49,959 [grpc-default-executor-1] INFO  impl.RaftServerImpl (RaftServerImpl.java:setRole(184)) - ebd8d1f9-8297-450f-abe7-393807ba0c7e@group-B673650064C9: changes role from  FOLLOWER to FOLLOWER at term 114 for recognizeCandidate:79abbc2e-0a90-4a41-a17c-6388bb873359
2019-10-15 17:17:49,959 [grpc-default-executor-0] INFO  impl.RoleInfo (RoleInfo.java:shutdownFollowerState(121)) - dbc121b5-e1e8-4c61-9d50-542b699a3d90: shutdown FollowerState
2019-10-15 17:17:49,959 [grpc-default-executor-1] INFO  impl.RoleInfo (RoleInfo.java:shutdownFollowerState(121)) - ebd8d1f9-8297-450f-abe7-393807ba0c7e: shutdown FollowerState
2019-10-15 17:17:49,959 [grpc-default-executor-0] INFO  impl.RoleInfo (RoleInfo.java:updateAndGet(143)) - dbc121b5-e1e8-4c61-9d50-542b699a3d90: start FollowerState
2019-10-15 17:17:49,960 [grpc-default-executor-1] INFO  impl.RoleInfo (RoleInfo.java:updateAndGet(143)) - ebd8d1f9-8297-450f-abe7-393807ba0c7e: start FollowerState
2019-10-15 17:17:49,960 [Thread-905] INFO  impl.FollowerState (FollowerState.java:run(117)) - ebd8d1f9-8297-450f-abe7-393807ba0c7e@group-B673650064C9-FollowerState was interrupted: java.lang.InterruptedException: sleep interrupted
2019-10-15 17:17:49,960 [Thread-906] INFO  impl.FollowerState (FollowerState.java:run(117)) - dbc121b5-e1e8-4c61-9d50-542b699a3d90@group-B673650064C9-FollowerState was interrupted: java.lang.InterruptedException: sleep interrupted
2019-10-15 17:17:49,990 [79abbc2e-0a90-4a41-a17c-6388bb873359@group-B673650064C9-LeaderElection97] INFO  impl.LeaderElection (LeaderElection.java:logAndReturn(56)) - 79abbc2e-0a90-4a41-a17c-6388bb873359@group-B673650064C9-LeaderElection97: Election REJECTED; received 2 response(s) [79abbc2e-0a90-4a41-a17c-6388bb873359<-ebd8d1f9-8297-450f-abe7-393807ba0c7e#0:FAIL-t114, 79abbc2e-0a90-4a41-a17c-6388bb873359<-dbc121b5-e1e8-4c61-9d50-542b699a3d90#0:FAIL-t114] and 0 exception(s); 79abbc2e-0a90-4a41-a17c-6388bb873359@group-B673650064C9:t114, leader=null, voted=79abbc2e-0a90-4a41-a17c-6388bb873359, raftlog=79abbc2e-0a90-4a41-a17c-6388bb873359@group-B673650064C9-SegmentedRaftLog:OPENED:c-1,f-1,i0, conf=-1: [ebd8d1f9-8297-450f-abe7-393807ba0c7e:192.168.164.239:36510, dbc121b5-e1e8-4c61-9d50-542b699a3d90:192.168.164.239:43140, 79abbc2e-0a90-4a41-a17c-6388bb873359:192.168.164.239:37857], old=null
2019-10-15 17:17:49,990 [79abbc2e-0a90-4a41-a17c-6388bb873359@group-B673650064C9-LeaderElection97] INFO  impl.RaftServerImpl (RaftServerImpl.java:setRole(184)) - 79abbc2e-0a90-4a41-a17c-6388bb873359@group-B673650064C9: changes role from CANDIDATE to FOLLOWER at term 114 for DISCOVERED_A_NEW_TERM
2019-10-15 17:17:49,990 [79abbc2e-0a90-4a41-a17c-6388bb873359@group-B673650064C9-LeaderElection97] INFO  impl.RoleInfo (RoleInfo.java:shutdownLeaderElection(134)) - 79abbc2e-0a90-4a41-a17c-6388bb873359: shutdown LeaderElection
2019-10-15 17:17:49,990 [79abbc2e-0a90-4a41-a17c-6388bb873359@group-B673650064C9-LeaderElection97] INFO  impl.RoleInfo (RoleInfo.java:updateAndGet(143)) - 79abbc2e-0a90-4a41-a17c-6388bb873359: start FollowerState
2019-10-15 17:17:50,069 [Thread-913] INFO  impl.FollowerState (FollowerState.java:run(108)) - 79abbc2e-0a90-4a41-a17c-6388bb873359@group-B673650064C9-FollowerState: change to CANDIDATE, lastRpcTime:78ms, electionTimeout:78ms
2019-10-15 17:17:50,069 [Thread-913] INFO  impl.RoleInfo (RoleInfo.java:shutdownFollowerState(121)) - 79abbc2e-0a90-4a41-a17c-6388bb873359: shutdown FollowerState
2019-10-15 17:17:50,069 [Thread-913] INFO  impl.RaftServerImpl (RaftServerImpl.java:setRole(184)) - 79abbc2e-0a90-4a41-a17c-6388bb873359@group-B673650064C9: changes role from  FOLLOWER to CANDIDATE at term 114 for changeToCandidate
2019-10-15 17:17:50,069 [Thread-913] INFO  impl.RoleInfo (RoleInfo.java:updateAndGet(143)) - 79abbc2e-0a90-4a41-a17c-6388bb873359: start LeaderElection
2019-10-15 17:17:50,097 [79abbc2e-0a90-4a41-a17c-6388bb873359@group-B673650064C9-LeaderElection98] INFO  impl.LeaderElection (LeaderElection.java:askForVotes(178)) - 79abbc2e-0a90-4a41-a17c-6388bb873359@group-B673650064C9-LeaderElection98: begin an election at term 115 for -1: [ebd8d1f9-8297-450f-abe7-393807ba0c7e:192.168.164.239:36510, dbc121b5-e1e8-4c61-9d50-542b699a3d90:192.168.164.239:43140, 79abbc2e-0a90-4a41-a17c-6388bb873359:192.168.164.239:37857], old=null
2019-10-15 17:17:50,100 [grpc-default-executor-1] INFO  impl.RaftServerImpl (RaftServerImpl.java:setRole(184)) - ebd8d1f9-8297-450f-abe7-393807ba0c7e@group-B673650064C9: changes role from  FOLLOWER to FOLLOWER at term 115 for recognizeCandidate:79abbc2e-0a90-4a41-a17c-6388bb873359
2019-10-15 17:17:50,100 [grpc-default-executor-1] INFO  impl.RoleInfo (RoleInfo.java:shutdownFollowerState(121)) - ebd8d1f9-8297-450f-abe7-393807ba0c7e: shutdown FollowerState
2019-10-15 17:17:50,100 [grpc-default-executor-1] INFO  impl.RoleInfo (RoleInfo.java:updateAndGet(143)) - ebd8d1f9-8297-450f-abe7-393807ba0c7e: start FollowerState
2019-10-15 17:17:50,100 [Thread-912] INFO  impl.FollowerState (FollowerState.java:run(117)) - ebd8d1f9-8297-450f-abe7-393807ba0c7e@group-B673650064C9-FollowerState was interrupted: java.lang.InterruptedException: sleep interrupted
2019-10-15 17:17:50,100 [grpc-default-executor-0] INFO  impl.RaftServerImpl (RaftServerImpl.java:setRole(184)) - dbc121b5-e1e8-4c61-9d50-542b699a3d90@group-B673650064C9: changes role from  FOLLOWER to FOLLOWER at term 115 for recognizeCandidate:79abbc2e-0a90-4a41-a17c-6388bb873359
2019-10-15 17:17:50,100 [grpc-default-executor-0] INFO  impl.RoleInfo (RoleInfo.java:shutdownFollowerState(121)) - dbc121b5-e1e8-4c61-9d50-542b699a3d90: shutdown FollowerState
2019-10-15 17:17:50,101 [grpc-default-executor-0] INFO  impl.RoleInfo (RoleInfo.java:updateAndGet(143)) - dbc121b5-e1e8-4c61-9d50-542b699a3d90: start FollowerState
2019-10-15 17:17:50,101 [Thread-911] INFO  impl.FollowerState (FollowerState.java:run(117)) - dbc121b5-e1e8-4c61-9d50-542b699a3d90@group-B673650064C9-FollowerState was interrupted: java.lang.InterruptedException: sleep interrupted
2019-10-15 17:17:50,132 [79abbc2e-0a90-4a41-a17c-6388bb873359@group-B673650064C9-LeaderElection98] INFO  impl.LeaderElection (LeaderElection.java:logAndReturn(56)) - 79abbc2e-0a90-4a41-a17c-6388bb873359@group-B673650064C9-LeaderElection98: Election REJECTED; received 2 response(s) [79abbc2e-0a90-4a41-a17c-6388bb873359<-ebd8d1f9-8297-450f-abe7-393807ba0c7e#0:FAIL-t115, 79abbc2e-0a90-4a41-a17c-6388bb873359<-dbc121b5-e1e8-4c61-9d50-542b699a3d90#0:FAIL-t115] and 0 exception(s); 79abbc2e-0a90-4a41-a17c-6388bb873359@group-B673650064C9:t115, leader=null, voted=79abbc2e-0a90-4a41-a17c-6388bb873359, raftlog=79abbc2e-0a90-4a41-a17c-6388bb873359@group-B673650064C9-SegmentedRaftLog:OPENED:c-1,f-1,i0, conf=-1: [ebd8d1f9-8297-450f-abe7-393807ba0c7e:192.168.164.239:36510, dbc121b5-e1e8-4c61-9d50-542b699a3d90:192.168.164.239:43140, 79abbc2e-0a90-4a41-a17c-6388bb873359:192.168.164.239:37857], old=null
2019-10-15 17:17:50,132 [79abbc2e-0a90-4a41-a17c-6388bb873359@group-B673650064C9-LeaderElection98] INFO  impl.RaftServerImpl (RaftServerImpl.java:setRole(184)) - 79abbc2e-0a90-4a41-a17c-6388bb873359@group-B673650064C9: changes role from CANDIDATE to FOLLOWER at term 115 for DISCOVERED_A_NEW_TERM
2019-10-15 17:17:50,132 [79abbc2e-0a90-4a41-a17c-6388bb873359@group-B673650064C9-LeaderElection98] INFO  impl.RoleInfo (RoleInfo.java:shutdownLeaderElection(134)) - 79abbc2e-0a90-4a41-a17c-6388bb873359: shutdown LeaderElection
2019-10-15 17:17:50,132 [79abbc2e-0a90-4a41-a17c-6388bb873359@group-B673650064C9-LeaderElection98] INFO  impl.RoleInfo (RoleInfo.java:updateAndGet(143)) - 79abbc2e-0a90-4a41-a17c-6388bb873359: start FollowerState
2019-10-15 17:17:50,229 [Thread-919] INFO  impl.FollowerState (FollowerState.java:run(108)) - 79abbc2e-0a90-4a41-a17c-6388bb873359@group-B673650064C9-FollowerState: change to CANDIDATE, lastRpcTime:96ms, electionTimeout:96ms
2019-10-15 17:17:50,229 [Thread-919] INFO  impl.RoleInfo (RoleInfo.java:shutdownFollowerState(121)) - 79abbc2e-0a90-4a41-a17c-6388bb873359: shutdown FollowerState
2019-10-15 17:17:50,229 [Thread-919] INFO  impl.RaftServerImpl (RaftServerImpl.java:setRole(184)) - 79abbc2e-0a90-4a41-a17c-6388bb873359@group-B673650064C9: changes role from  FOLLOWER to CANDIDATE at term 115 for changeToCandidate
2019-10-15 17:17:50,229 [Thread-919] INFO  impl.RoleInfo (RoleInfo.java:updateAndGet(143)) - 79abbc2e-0a90-4a41-a17c-6388bb873359: start LeaderElection
2019-10-15 17:17:50,256 [79abbc2e-0a90-4a41-a17c-6388bb873359@group-B673650064C9-LeaderElection99] INFO  impl.LeaderElection (LeaderElection.java:askForVotes(178)) - 79abbc2e-0a90-4a41-a17c-6388bb873359@group-B673650064C9-LeaderElection99: begin an election at term 116 for -1: [ebd8d1f9-8297-450f-abe7-393807ba0c7e:192.168.164.239:36510, dbc121b5-e1e8-4c61-9d50-542b699a3d90:192.168.164.239:43140, 79abbc2e-0a90-4a41-a17c-6388bb873359:192.168.164.239:37857], old=null
2019-10-15 17:17:50,258 [grpc-default-executor-1] INFO  impl.RaftServerImpl (RaftServerImpl.java:setRole(184)) - ebd8d1f9-8297-450f-abe7-393807ba0c7e@group-B673650064C9: changes role from  FOLLOWER to FOLLOWER at term 116 for recognizeCandidate:79abbc2e-0a90-4a41-a17c-6388bb873359
2019-10-15 17:17:50,258 [grpc-default-executor-1] INFO  impl.RoleInfo (RoleInfo.java:shutdownFollowerState(121)) - ebd8d1f9-8297-450f-abe7-393807ba0c7e: shutdown FollowerState
2019-10-15 17:17:50,258 [grpc-default-executor-1] INFO  impl.RoleInfo (RoleInfo.java:updateAndGet(143)) - ebd8d1f9-8297-450f-abe7-393807ba0c7e: start FollowerState
2019-10-15 17:17:50,258 [grpc-default-executor-0] INFO  impl.RaftServerImpl (RaftServerImpl.java:setRole(184)) - dbc121b5-e1e8-4c61-9d50-542b699a3d90@group-B673650064C9: changes role from  FOLLOWER to FOLLOWER at term 116 for recognizeCandidate:79abbc2e-0a90-4a41-a17c-6388bb873359
2019-10-15 17:17:50,258 [grpc-default-executor-0] INFO  impl.RoleInfo (RoleInfo.java:shutdownFollowerState(121)) - dbc121b5-e1e8-4c61-9d50-542b699a3d90: shutdown FollowerState
2019-10-15 17:17:50,258 [Thread-917] INFO  impl.FollowerState (FollowerState.java:run(117)) - ebd8d1f9-8297-450f-abe7-393807ba0c7e@group-B673650064C9-FollowerState was interrupted: java.lang.InterruptedException: sleep interrupted
2019-10-15 17:17:50,259 [grpc-default-executor-0] INFO  impl.RoleInfo (RoleInfo.java:updateAndGet(143)) - dbc121b5-e1e8-4c61-9d50-542b699a3d90: start FollowerState
2019-10-15 17:17:50,259 [Thread-918] INFO  impl.FollowerState (FollowerState.java:run(117)) - dbc121b5-e1e8-4c61-9d50-542b699a3d90@group-B673650064C9-FollowerState was interrupted: java.lang.InterruptedException: sleep interrupted
2019-10-15 17:17:50,299 [79abbc2e-0a90-4a41-a17c-6388bb873359@group-B673650064C9-LeaderElection99] INFO  impl.LeaderElection (LeaderElection.java:logAndReturn(56)) - 79abbc2e-0a90-4a41-a17c-6388bb873359@group-B673650064C9-LeaderElection99: Election REJECTED; received 2 response(s) [79abbc2e-0a90-4a41-a17c-6388bb873359<-ebd8d1f9-8297-450f-abe7-393807ba0c7e#0:FAIL-t116, 79abbc2e-0a90-4a41-a17c-6388bb873359<-dbc121b5-e1e8-4c61-9d50-542b699a3d90#0:FAIL-t116] and 0 exception(s); 79abbc2e-0a90-4a41-a17c-6388bb873359@group-B673650064C9:t116, leader=null, voted=79abbc2e-0a90-4a41-a17c-6388bb873359, raftlog=79abbc2e-0a90-4a41-a17c-6388bb873359@group-B673650064C9-SegmentedRaftLog:OPENED:c-1,f-1,i0, conf=-1: [ebd8d1f9-8297-450f-abe7-393807ba0c7e:192.168.164.239:36510, dbc121b5-e1e8-4c61-9d50-542b699a3d90:192.168.164.239:43140, 79abbc2e-0a90-4a41-a17c-6388bb873359:192.168.164.239:37857], old=null
2019-10-15 17:17:50,299 [79abbc2e-0a90-4a41-a17c-6388bb873359@group-B673650064C9-LeaderElection99] INFO  impl.RaftServerImpl (RaftServerImpl.java:setRole(184)) - 79abbc2e-0a90-4a41-a17c-6388bb873359@group-B673650064C9: changes role from CANDIDATE to FOLLOWER at term 116 for DISCOVERED_A_NEW_TERM
2019-10-15 17:17:50,300 [79abbc2e-0a90-4a41-a17c-6388bb873359@group-B673650064C9-LeaderElection99] INFO  impl.RoleInfo (RoleInfo.java:shutdownLeaderElection(134)) - 79abbc2e-0a90-4a41-a17c-6388bb873359: shutdown LeaderElection
2019-10-15 17:17:50,300 [79abbc2e-0a90-4a41-a17c-6388bb873359@group-B673650064C9-LeaderElection99] INFO  impl.RoleInfo (RoleInfo.java:updateAndGet(143)) - 79abbc2e-0a90-4a41-a17c-6388bb873359: start FollowerState
2019-10-15 17:17:50,359 [Thread-925] INFO  impl.FollowerState (FollowerState.java:run(108)) - 79abbc2e-0a90-4a41-a17c-6388bb873359@group-B673650064C9-FollowerState: change to CANDIDATE, lastRpcTime:59ms, electionTimeout:59ms
2019-10-15 17:17:50,359 [Thread-925] INFO  impl.RoleInfo (RoleInfo.java:shutdownFollowerState(121)) - 79abbc2e-0a90-4a41-a17c-6388bb873359: shutdown FollowerState
2019-10-15 17:17:50,359 [Thread-925] INFO  impl.RaftServerImpl (RaftServerImpl.java:setRole(184)) - 79abbc2e-0a90-4a41-a17c-6388bb873359@group-B673650064C9: changes role from  FOLLOWER to CANDIDATE at term 116 for changeToCandidate
2019-10-15 17:17:50,360 [Thread-925] INFO  impl.RoleInfo (RoleInfo.java:updateAndGet(143)) - 79abbc2e-0a90-4a41-a17c-6388bb873359: start LeaderElection
2019-10-15 17:17:50,390 [79abbc2e-0a90-4a41-a17c-6388bb873359@group-B673650064C9-LeaderElection100] INFO  impl.LeaderElection (LeaderElection.java:askForVotes(178)) - 79abbc2e-0a90-4a41-a17c-6388bb873359@group-B673650064C9-LeaderElection100: begin an election at term 117 for -1: [ebd8d1f9-8297-450f-abe7-393807ba0c7e:192.168.164.239:36510, dbc121b5-e1e8-4c61-9d50-542b699a3d90:192.168.164.239:43140, 79abbc2e-0a90-4a41-a17c-6388bb873359:192.168.164.239:37857], old=null
2019-10-15 17:17:50,392 [grpc-default-executor-1] INFO  impl.RaftServerImpl (RaftServerImpl.java:setRole(184)) - ebd8d1f9-8297-450f-abe7-393807ba0c7e@group-B673650064C9: changes role from  FOLLOWER to FOLLOWER at term 117 for recognizeCandidate:79abbc2e-0a90-4a41-a17c-6388bb873359
2019-10-15 17:17:50,393 [grpc-default-executor-1] INFO  impl.RoleInfo (RoleInfo.java:shutdownFollowerState(121)) - ebd8d1f9-8297-450f-abe7-393807ba0c7e: shutdown FollowerState
2019-10-15 17:17:50,393 [grpc-default-executor-0] INFO  impl.RaftServerImpl (RaftServerImpl.java:setRole(184)) - dbc121b5-e1e8-4c61-9d50-542b699a3d90@group-B673650064C9: changes role from  FOLLOWER to FOLLOWER at term 117 for recognizeCandidate:79abbc2e-0a90-4a41-a17c-6388bb873359
2019-10-15 17:17:50,393 [grpc-default-executor-0] INFO  impl.RoleInfo (RoleInfo.java:shutdownFollowerState(121)) - dbc121b5-e1e8-4c61-9d50-542b699a3d90: shutdown FollowerState
2019-10-15 17:17:50,393 [Thread-923] INFO  impl.FollowerState (FollowerState.java:run(117)) - ebd8d1f9-8297-450f-abe7-393807ba0c7e@group-B673650064C9-FollowerState was interrupted: java.lang.InterruptedException: sleep interrupted
2019-10-15 17:17:50,393 [grpc-default-executor-1] INFO  impl.RoleInfo (RoleInfo.java:updateAndGet(143)) - ebd8d1f9-8297-450f-abe7-393807ba0c7e: start FollowerState
2019-10-15 17:17:50,393 [Thread-924] INFO  impl.FollowerState (FollowerState.java:run(117)) - dbc121b5-e1e8-4c61-9d50-542b699a3d90@group-B673650064C9-FollowerState was interrupted: java.lang.InterruptedException: sleep interrupted
2019-10-15 17:17:50,393 [grpc-default-executor-0] INFO  impl.RoleInfo (RoleInfo.java:updateAndGet(143)) - dbc121b5-e1e8-4c61-9d50-542b699a3d90: start FollowerState
2019-10-15 17:17:50,408 [79abbc2e-0a90-4a41-a17c-6388bb873359@group-B673650064C9-LeaderElection100] INFO  impl.LeaderElection (LeaderElection.java:logAndReturn(56)) - 79abbc2e-0a90-4a41-a17c-6388bb873359@group-B673650064C9-LeaderElection100: Election REJECTED; received 2 response(s) [79abbc2e-0a90-4a41-a17c-6388bb873359<-ebd8d1f9-8297-450f-abe7-393807ba0c7e#0:FAIL-t117, 79abbc2e-0a90-4a41-a17c-6388bb873359<-dbc121b5-e1e8-4c61-9d50-542b699a3d90#0:FAIL-t117] and 0 exception(s); 79abbc2e-0a90-4a41-a17c-6388bb873359@group-B673650064C9:t117, leader=null, voted=79abbc2e-0a90-4a41-a17c-6388bb873359, raftlog=79abbc2e-0a90-4a41-a17c-6388bb873359@group-B673650064C9-SegmentedRaftLog:OPENED:c-1,f-1,i0, conf=-1: [ebd8d1f9-8297-450f-abe7-393807ba0c7e:192.168.164.239:36510, dbc121b5-e1e8-4c61-9d50-542b699a3d90:192.168.164.239:43140, 79abbc2e-0a90-4a41-a17c-6388bb873359:192.168.164.239:37857], old=null
2019-10-15 17:17:50,408 [79abbc2e-0a90-4a41-a17c-6388bb873359@group-B673650064C9-LeaderElection100] INFO  impl.RaftServerImpl (RaftServerImpl.java:setRole(184)) - 79abbc2e-0a90-4a41-a17c-6388bb873359@group-B673650064C9: changes role from CANDIDATE to FOLLOWER at term 117 for DISCOVERED_A_NEW_TERM
2019-10-15 17:17:50,409 [79abbc2e-0a90-4a41-a17c-6388bb873359@group-B673650064C9-LeaderElection100] INFO  impl.RoleInfo (RoleInfo.java:shutdownLeaderElection(134)) - 79abbc2e-0a90-4a41-a17c-6388bb873359: shutdown LeaderElection
2019-10-15 17:17:50,409 [79abbc2e-0a90-4a41-a17c-6388bb873359@group-B673650064C9-LeaderElection100] INFO  impl.RoleInfo (RoleInfo.java:updateAndGet(143)) - 79abbc2e-0a90-4a41-a17c-6388bb873359: start FollowerState
2019-10-15 17:17:50,542 [Thread-931] INFO  impl.FollowerState (FollowerState.java:run(108)) - 79abbc2e-0a90-4a41-a17c-6388bb873359@group-B673650064C9-FollowerState: change to CANDIDATE, lastRpcTime:133ms, electionTimeout:133ms
2019-10-15 17:17:50,543 [Thread-931] INFO  impl.RoleInfo (RoleInfo.java:shutdownFollowerState(121)) - 79abbc2e-0a90-4a41-a17c-6388bb873359: shutdown FollowerState
2019-10-15 17:17:50,543 [Thread-931] INFO  impl.RaftServerImpl (RaftServerImpl.java:setRole(184)) - 79abbc2e-0a90-4a41-a17c-6388bb873359@group-B673650064C9: changes role from  FOLLOWER to CANDIDATE at term 117 for changeToCandidate
2019-10-15 17:17:50,543 [Thread-931] INFO  impl.RoleInfo (RoleInfo.java:updateAndGet(143)) - 79abbc2e-0a90-4a41-a17c-6388bb873359: start LeaderElection
2019-10-15 17:17:50,574 [79abbc2e-0a90-4a41-a17c-6388bb873359@group-B673650064C9-LeaderElection101] INFO  impl.LeaderElection (LeaderElection.java:askForVotes(178)) - 79abbc2e-0a90-4a41-a17c-6388bb873359@group-B673650064C9-LeaderElection101: begin an election at term 118 for -1: [ebd8d1f9-8297-450f-abe7-393807ba0c7e:192.168.164.239:36510, dbc121b5-e1e8-4c61-9d50-542b699a3d90:192.168.164.239:43140, 79abbc2e-0a90-4a41-a17c-6388bb873359:192.168.164.239:37857], old=null
2019-10-15 17:17:50,577 [grpc-default-executor-1] INFO  impl.RaftServerImpl (RaftServerImpl.java:setRole(184)) - ebd8d1f9-8297-450f-abe7-393807ba0c7e@group-B673650064C9: changes role from  FOLLOWER to FOLLOWER at term 118 for recognizeCandidate:79abbc2e-0a90-4a41-a17c-6388bb873359
2019-10-15 17:17:50,577 [grpc-default-executor-0] INFO  impl.RaftServerImpl (RaftServerImpl.java:setRole(184)) - dbc121b5-e1e8-4c61-9d50-542b699a3d90@group-B673650064C9: changes role from  FOLLOWER to FOLLOWER at term 118 for recognizeCandidate:79abbc2e-0a90-4a41-a17c-6388bb873359
2019-10-15 17:17:50,578 [grpc-default-executor-0] INFO  impl.RoleInfo (RoleInfo.java:shutdownFollowerState(121)) - dbc121b5-e1e8-4c61-9d50-542b699a3d90: shutdown FollowerState
2019-10-15 17:17:50,577 [grpc-default-executor-1] INFO  impl.RoleInfo (RoleInfo.java:shutdownFollowerState(121)) - ebd8d1f9-8297-450f-abe7-393807ba0c7e: shutdown FollowerState
2019-10-15 17:17:50,578 [Thread-930] INFO  impl.FollowerState (FollowerState.java:run(117)) - dbc121b5-e1e8-4c61-9d50-542b699a3d90@group-B673650064C9-FollowerState was interrupted: java.lang.InterruptedException: sleep interrupted
2019-10-15 17:17:50,578 [grpc-default-executor-0] INFO  impl.RoleInfo (RoleInfo.java:updateAndGet(143)) - dbc121b5-e1e8-4c61-9d50-542b699a3d90: start FollowerState
2019-10-15 17:17:50,578 [Thread-929] INFO  impl.FollowerState (FollowerState.java:run(117)) - ebd8d1f9-8297-450f-abe7-393807ba0c7e@group-B673650064C9-FollowerState was interrupted: java.lang.InterruptedException: sleep interrupted
2019-10-15 17:17:50,578 [grpc-default-executor-1] INFO  impl.RoleInfo (RoleInfo.java:updateAndGet(143)) - ebd8d1f9-8297-450f-abe7-393807ba0c7e: start FollowerState
2019-10-15 17:17:50,601 [79abbc2e-0a90-4a41-a17c-6388bb873359@group-B673650064C9-LeaderElection101] INFO  impl.LeaderElection (LeaderElection.java:logAndReturn(56)) - 79abbc2e-0a90-4a41-a17c-6388bb873359@group-B673650064C9-LeaderElection101: Election REJECTED; received 2 response(s) [79abbc2e-0a90-4a41-a17c-6388bb873359<-ebd8d1f9-8297-450f-abe7-393807ba0c7e#0:FAIL-t118, 79abbc2e-0a90-4a41-a17c-6388bb873359<-dbc121b5-e1e8-4c61-9d50-542b699a3d90#0:FAIL-t118] and 0 exception(s); 79abbc2e-0a90-4a41-a17c-6388bb873359@group-B673650064C9:t118, leader=null, voted=79abbc2e-0a90-4a41-a17c-6388bb873359, raftlog=79abbc2e-0a90-4a41-a17c-6388bb873359@group-B673650064C9-SegmentedRaftLog:OPENED:c-1,f-1,i0, conf=-1: [ebd8d1f9-8297-450f-abe7-393807ba0c7e:192.168.164.239:36510, dbc121b5-e1e8-4c61-9d50-542b699a3d90:192.168.164.239:43140, 79abbc2e-0a90-4a41-a17c-6388bb873359:192.168.164.239:37857], old=null
2019-10-15 17:17:50,601 [79abbc2e-0a90-4a41-a17c-6388bb873359@group-B673650064C9-LeaderElection101] INFO  impl.RaftServerImpl (RaftServerImpl.java:setRole(184)) - 79abbc2e-0a90-4a41-a17c-6388bb873359@group-B673650064C9: changes role from CANDIDATE to FOLLOWER at term 118 for DISCOVERED_A_NEW_TERM
2019-10-15 17:17:50,601 [79abbc2e-0a90-4a41-a17c-6388bb873359@group-B673650064C9-LeaderElection101] INFO  impl.RoleInfo (RoleInfo.java:shutdownLeaderElection(134)) - 79abbc2e-0a90-4a41-a17c-6388bb873359: shutdown LeaderElection
2019-10-15 17:17:50,601 [79abbc2e-0a90-4a41-a17c-6388bb873359@group-B673650064C9-LeaderElection101] INFO  impl.RoleInfo (RoleInfo.java:updateAndGet(143)) - 79abbc2e-0a90-4a41-a17c-6388bb873359: start FollowerState
2019-10-15 17:17:50,749 [Thread-937] INFO  impl.FollowerState (FollowerState.java:run(108)) - 79abbc2e-0a90-4a41-a17c-6388bb873359@group-B673650064C9-FollowerState: change to CANDIDATE, lastRpcTime:148ms, electionTimeout:148ms
2019-10-15 17:17:50,749 [Thread-937] INFO  impl.RoleInfo (RoleInfo.java:shutdownFollowerState(121)) - 79abbc2e-0a90-4a41-a17c-6388bb873359: shutdown FollowerState
2019-10-15 17:17:50,750 [Thread-937] INFO  impl.RaftServerImpl (RaftServerImpl.java:setRole(184)) - 79abbc2e-0a90-4a41-a17c-6388bb873359@group-B673650064C9: changes role from  FOLLOWER to CANDIDATE at term 118 for changeToCandidate
2019-10-15 17:17:50,750 [Thread-937] INFO  impl.RoleInfo (RoleInfo.java:updateAndGet(143)) - 79abbc2e-0a90-4a41-a17c-6388bb873359: start LeaderElection
2019-10-15 17:17:50,775 [79abbc2e-0a90-4a41-a17c-6388bb873359@group-B673650064C9-LeaderElection102] INFO  impl.LeaderElection (LeaderElection.java:askForVotes(178)) - 79abbc2e-0a90-4a41-a17c-6388bb873359@group-B673650064C9-LeaderElection102: begin an election at term 119 for -1: [ebd8d1f9-8297-450f-abe7-393807ba0c7e:192.168.164.239:36510, dbc121b5-e1e8-4c61-9d50-542b699a3d90:192.168.164.239:43140, 79abbc2e-0a90-4a41-a17c-6388bb873359:192.168.164.239:37857], old=null
2019-10-15 17:17:50,778 [grpc-default-executor-0] INFO  impl.RaftServerImpl (RaftServerImpl.java:setRole(184)) - dbc121b5-e1e8-4c61-9d50-542b699a3d90@group-B673650064C9: changes role from  FOLLOWER to FOLLOWER at term 119 for recognizeCandidate:79abbc2e-0a90-4a41-a17c-6388bb873359
2019-10-15 17:17:50,778 [grpc-default-executor-0] INFO  impl.RoleInfo (RoleInfo.java:shutdownFollowerState(121)) - dbc121b5-e1e8-4c61-9d50-542b699a3d90: shutdown FollowerState
2019-10-15 17:17:50,778 [grpc-default-executor-1] INFO  impl.RaftServerImpl (RaftServerImpl.java:setRole(184)) - ebd8d1f9-8297-450f-abe7-393807ba0c7e@group-B673650064C9: changes role from  FOLLOWER to FOLLOWER at term 119 for recognizeCandidate:79abbc2e-0a90-4a41-a17c-6388bb873359
2019-10-15 17:17:50,778 [Thread-935] INFO  impl.FollowerState (FollowerState.java:run(117)) - dbc121b5-e1e8-4c61-9d50-542b699a3d90@group-B673650064C9-FollowerState was interrupted: java.lang.InterruptedException: sleep interrupted
2019-10-15 17:17:50,778 [grpc-default-executor-0] INFO  impl.RoleInfo (RoleInfo.java:updateAndGet(143)) - dbc121b5-e1e8-4c61-9d50-542b699a3d90: start FollowerState
2019-10-15 17:17:50,778 [grpc-default-executor-1] INFO  impl.RoleInfo (RoleInfo.java:shutdownFollowerState(121)) - ebd8d1f9-8297-450f-abe7-393807ba0c7e: shutdown FollowerState
2019-10-15 17:17:50,779 [grpc-default-executor-1] INFO  impl.RoleInfo (RoleInfo.java:updateAndGet(143)) - ebd8d1f9-8297-450f-abe7-393807ba0c7e: start FollowerState
2019-10-15 17:17:50,779 [Thread-936] INFO  impl.FollowerState (FollowerState.java:run(117)) - ebd8d1f9-8297-450f-abe7-393807ba0c7e@group-B673650064C9-FollowerState was interrupted: java.lang.InterruptedException: sleep interrupted
2019-10-15 17:17:50,810 [79abbc2e-0a90-4a41-a17c-6388bb873359@group-B673650064C9-LeaderElection102] INFO  impl.LeaderElection (LeaderElection.java:logAndReturn(56)) - 79abbc2e-0a90-4a41-a17c-6388bb873359@group-B673650064C9-LeaderElection102: Election REJECTED; received 2 response(s) [79abbc2e-0a90-4a41-a17c-6388bb873359<-ebd8d1f9-8297-450f-abe7-393807ba0c7e#0:FAIL-t119, 79abbc2e-0a90-4a41-a17c-6388bb873359<-dbc121b5-e1e8-4c61-9d50-542b699a3d90#0:FAIL-t119] and 0 exception(s); 79abbc2e-0a90-4a41-a17c-6388bb873359@group-B673650064C9:t119, leader=null, voted=79abbc2e-0a90-4a41-a17c-6388bb873359, raftlog=79abbc2e-0a90-4a41-a17c-6388bb873359@group-B673650064C9-SegmentedRaftLog:OPENED:c-1,f-1,i0, conf=-1: [ebd8d1f9-8297-450f-abe7-393807ba0c7e:192.168.164.239:36510, dbc121b5-e1e8-4c61-9d50-542b699a3d90:192.168.164.239:43140, 79abbc2e-0a90-4a41-a17c-6388bb873359:192.168.164.239:37857], old=null
2019-10-15 17:17:50,810 [79abbc2e-0a90-4a41-a17c-6388bb873359@group-B673650064C9-LeaderElection102] INFO  impl.RaftServerImpl (RaftServerImpl.java:setRole(184)) - 79abbc2e-0a90-4a41-a17c-6388bb873359@group-B673650064C9: changes role from CANDIDATE to FOLLOWER at term 119 for DISCOVERED_A_NEW_TERM
2019-10-15 17:17:50,810 [79abbc2e-0a90-4a41-a17c-6388bb873359@group-B673650064C9-LeaderElection102] INFO  impl.RoleInfo (RoleInfo.java:shutdownLeaderElection(134)) - 79abbc2e-0a90-4a41-a17c-6388bb873359: shutdown LeaderElection
2019-10-15 17:17:50,810 [79abbc2e-0a90-4a41-a17c-6388bb873359@group-B673650064C9-LeaderElection102] INFO  impl.RoleInfo (RoleInfo.java:updateAndGet(143)) - 79abbc2e-0a90-4a41-a17c-6388bb873359: start FollowerState
2019-10-15 17:17:50,928 [Thread-945] INFO  impl.FollowerState (FollowerState.java:run(108)) - 79abbc2e-0a90-4a41-a17c-6388bb873359@group-B673650064C9-FollowerState: change to CANDIDATE, lastRpcTime:118ms, electionTimeout:118ms
2019-10-15 17:17:50,929 [Thread-945] INFO  impl.RoleInfo (RoleInfo.java:shutdownFollowerState(121)) - 79abbc2e-0a90-4a41-a17c-6388bb873359: shutdown FollowerState
2019-10-15 17:17:50,929 [Thread-945] INFO  impl.RaftServerImpl (RaftServerImpl.java:setRole(184)) - 79abbc2e-0a90-4a41-a17c-6388bb873359@group-B673650064C9: changes role from  FOLLOWER to CANDIDATE at term 119 for changeToCandidate
2019-10-15 17:17:50,929 [Thread-945] INFO  impl.RoleInfo (RoleInfo.java:updateAndGet(143)) - 79abbc2e-0a90-4a41-a17c-6388bb873359: start LeaderElection
2019-10-15 17:17:50,967 [79abbc2e-0a90-4a41-a17c-6388bb873359@group-B673650064C9-LeaderElection103] INFO  impl.LeaderElection (LeaderElection.java:askForVotes(178)) - 79abbc2e-0a90-4a41-a17c-6388bb873359@group-B673650064C9-LeaderElection103: begin an election at term 120 for -1: [ebd8d1f9-8297-450f-abe7-393807ba0c7e:192.168.164.239:36510, dbc121b5-e1e8-4c61-9d50-542b699a3d90:192.168.164.239:43140, 79abbc2e-0a90-4a41-a17c-6388bb873359:192.168.164.239:37857], old=null
2019-10-15 17:17:50,970 [grpc-default-executor-1] INFO  impl.RaftServerImpl (RaftServerImpl.java:setRole(184)) - ebd8d1f9-8297-450f-abe7-393807ba0c7e@group-B673650064C9: changes role from  FOLLOWER to FOLLOWER at term 120 for recognizeCandidate:79abbc2e-0a90-4a41-a17c-6388bb873359
2019-10-15 17:17:50,970 [grpc-default-executor-1] INFO  impl.RoleInfo (RoleInfo.java:shutdownFollowerState(121)) - ebd8d1f9-8297-450f-abe7-393807ba0c7e: shutdown FollowerState
2019-10-15 17:17:50,970 [grpc-default-executor-0] INFO  impl.RaftServerImpl (RaftServerImpl.java:setRole(184)) - dbc121b5-e1e8-4c61-9d50-542b699a3d90@group-B673650064C9: changes role from  FOLLOWER to FOLLOWER at term 120 for recognizeCandidate:79abbc2e-0a90-4a41-a17c-6388bb873359
2019-10-15 17:17:50,970 [Thread-944] INFO  impl.FollowerState (FollowerState.java:run(117)) - ebd8d1f9-8297-450f-abe7-393807ba0c7e@group-B673650064C9-FollowerState was interrupted: java.lang.InterruptedException: sleep interrupted
2019-10-15 17:17:50,970 [grpc-default-executor-1] INFO  impl.RoleInfo (RoleInfo.java:updateAndGet(143)) - ebd8d1f9-8297-450f-abe7-393807ba0c7e: start FollowerState
2019-10-15 17:17:50,970 [grpc-default-executor-0] INFO  impl.RoleInfo (RoleInfo.java:shutdownFollowerState(121)) - dbc121b5-e1e8-4c61-9d50-542b699a3d90: shutdown FollowerState
2019-10-15 17:17:50,971 [grpc-default-executor-0] INFO  impl.RoleInfo (RoleInfo.java:updateAndGet(143)) - dbc121b5-e1e8-4c61-9d50-542b699a3d90: start FollowerState
2019-10-15 17:17:50,971 [Thread-943] INFO  impl.FollowerState (FollowerState.java:run(117)) - dbc121b5-e1e8-4c61-9d50-542b699a3d90@group-B673650064C9-FollowerState was interrupted: java.lang.InterruptedException: sleep interrupted
2019-10-15 17:17:50,994 [79abbc2e-0a90-4a41-a17c-6388bb873359@group-B673650064C9-LeaderElection103] INFO  impl.LeaderElection (LeaderElection.java:logAndReturn(56)) - 79abbc2e-0a90-4a41-a17c-6388bb873359@group-B673650064C9-LeaderElection103: Election REJECTED; received 2 response(s) [79abbc2e-0a90-4a41-a17c-6388bb873359<-ebd8d1f9-8297-450f-abe7-393807ba0c7e#0:FAIL-t120, 79abbc2e-0a90-4a41-a17c-6388bb873359<-dbc121b5-e1e8-4c61-9d50-542b699a3d90#0:FAIL-t120] and 0 exception(s); 79abbc2e-0a90-4a41-a17c-6388bb873359@group-B673650064C9:t120, leader=null, voted=79abbc2e-0a90-4a41-a17c-6388bb873359, raftlog=79abbc2e-0a90-4a41-a17c-6388bb873359@group-B673650064C9-SegmentedRaftLog:OPENED:c-1,f-1,i0, conf=-1: [ebd8d1f9-8297-450f-abe7-393807ba0c7e:192.168.164.239:36510, dbc121b5-e1e8-4c61-9d50-542b699a3d90:192.168.164.239:43140, 79abbc2e-0a90-4a41-a17c-6388bb873359:192.168.164.239:37857], old=null
2019-10-15 17:17:50,994 [79abbc2e-0a90-4a41-a17c-6388bb873359@group-B673650064C9-LeaderElection103] INFO  impl.RaftServerImpl (RaftServerImpl.java:setRole(184)) - 79abbc2e-0a90-4a41-a17c-6388bb873359@group-B673650064C9: changes role from CANDIDATE to FOLLOWER at term 120 for DISCOVERED_A_NEW_TERM
2019-10-15 17:17:50,994 [79abbc2e-0a90-4a41-a17c-6388bb873359@group-B673650064C9-LeaderElection103] INFO  impl.RoleInfo (RoleInfo.java:shutdownLeaderElection(134)) - 79abbc2e-0a90-4a41-a17c-6388bb873359: shutdown LeaderElection
2019-10-15 17:17:50,995 [79abbc2e-0a90-4a41-a17c-6388bb873359@group-B673650064C9-LeaderElection103] INFO  impl.RoleInfo (RoleInfo.java:updateAndGet(143)) - 79abbc2e-0a90-4a41-a17c-6388bb873359: start FollowerState
2019-10-15 17:17:51,093 [Thread-951] INFO  impl.FollowerState (FollowerState.java:run(108)) - 79abbc2e-0a90-4a41-a17c-6388bb873359@group-B673650064C9-FollowerState: change to CANDIDATE, lastRpcTime:98ms, electionTimeout:95ms
2019-10-15 17:17:51,094 [Thread-951] INFO  impl.RoleInfo (RoleInfo.java:shutdownFollowerState(121)) - 79abbc2e-0a90-4a41-a17c-6388bb873359: shutdown FollowerState
2019-10-15 17:17:51,094 [Thread-951] INFO  impl.RaftServerImpl (RaftServerImpl.java:setRole(184)) - 79abbc2e-0a90-4a41-a17c-6388bb873359@group-B673650064C9: changes role from  FOLLOWER to CANDIDATE at term 120 for changeToCandidate
2019-10-15 17:17:51,094 [Thread-951] INFO  impl.RoleInfo (RoleInfo.java:updateAndGet(143)) - 79abbc2e-0a90-4a41-a17c-6388bb873359: start LeaderElection
2019-10-15 17:17:51,118 [79abbc2e-0a90-4a41-a17c-6388bb873359@group-B673650064C9-LeaderElection104] INFO  impl.LeaderElection (LeaderElection.java:askForVotes(178)) - 79abbc2e-0a90-4a41-a17c-6388bb873359@group-B673650064C9-LeaderElection104: begin an election at term 121 for -1: [ebd8d1f9-8297-450f-abe7-393807ba0c7e:192.168.164.239:36510, dbc121b5-e1e8-4c61-9d50-542b699a3d90:192.168.164.239:43140, 79abbc2e-0a90-4a41-a17c-6388bb873359:192.168.164.239:37857], old=null
2019-10-15 17:17:51,124 [grpc-default-executor-1] INFO  impl.RaftServerImpl (RaftServerImpl.java:setRole(184)) - dbc121b5-e1e8-4c61-9d50-542b699a3d90@group-B673650064C9: changes role from  FOLLOWER to FOLLOWER at term 121 for recognizeCandidate:79abbc2e-0a90-4a41-a17c-6388bb873359
2019-10-15 17:17:51,124 [grpc-default-executor-0] INFO  impl.RaftServerImpl (RaftServerImpl.java:setRole(184)) - ebd8d1f9-8297-450f-abe7-393807ba0c7e@group-B673650064C9: changes role from  FOLLOWER to FOLLOWER at term 121 for recognizeCandidate:79abbc2e-0a90-4a41-a17c-6388bb873359
2019-10-15 17:17:51,124 [grpc-default-executor-1] INFO  impl.RoleInfo (RoleInfo.java:shutdownFollowerState(121)) - dbc121b5-e1e8-4c61-9d50-542b699a3d90: shutdown FollowerState
2019-10-15 17:17:51,124 [grpc-default-executor-0] INFO  impl.RoleInfo (RoleInfo.java:shutdownFollowerState(121)) - ebd8d1f9-8297-450f-abe7-393807ba0c7e: shutdown FollowerState
2019-10-15 17:17:51,124 [Thread-950] INFO  impl.FollowerState (FollowerState.java:run(117)) - dbc121b5-e1e8-4c61-9d50-542b699a3d90@group-B673650064C9-FollowerState was interrupted: java.lang.InterruptedException: sleep interrupted
2019-10-15 17:17:51,124 [grpc-default-executor-1] INFO  impl.RoleInfo (RoleInfo.java:updateAndGet(143)) - dbc121b5-e1e8-4c61-9d50-542b699a3d90: start FollowerState
2019-10-15 17:17:51,124 [Thread-949] INFO  impl.FollowerState (FollowerState.java:run(117)) - ebd8d1f9-8297-450f-abe7-393807ba0c7e@group-B673650064C9-FollowerState was interrupted: java.lang.InterruptedException: sleep interrupted
2019-10-15 17:17:51,124 [grpc-default-executor-0] INFO  impl.RoleInfo (RoleInfo.java:updateAndGet(143)) - ebd8d1f9-8297-450f-abe7-393807ba0c7e: start FollowerState
2019-10-15 17:17:51,153 [79abbc2e-0a90-4a41-a17c-6388bb873359@group-B673650064C9-LeaderElection104] INFO  impl.LeaderElection (LeaderElection.java:logAndReturn(56)) - 79abbc2e-0a90-4a41-a17c-6388bb873359@group-B673650064C9-LeaderElection104: Election REJECTED; received 2 response(s) [79abbc2e-0a90-4a41-a17c-6388bb873359<-ebd8d1f9-8297-450f-abe7-393807ba0c7e#0:FAIL-t121, 79abbc2e-0a90-4a41-a17c-6388bb873359<-dbc121b5-e1e8-4c61-9d50-542b699a3d90#0:FAIL-t121] and 0 exception(s); 79abbc2e-0a90-4a41-a17c-6388bb873359@group-B673650064C9:t121, leader=null, voted=79abbc2e-0a90-4a41-a17c-6388bb873359, raftlog=79abbc2e-0a90-4a41-a17c-6388bb873359@group-B673650064C9-SegmentedRaftLog:OPENED:c-1,f-1,i0, conf=-1: [ebd8d1f9-8297-450f-abe7-393807ba0c7e:192.168.164.239:36510, dbc121b5-e1e8-4c61-9d50-542b699a3d90:192.168.164.239:43140, 79abbc2e-0a90-4a41-a17c-6388bb873359:192.168.164.239:37857], old=null
2019-10-15 17:17:51,153 [79abbc2e-0a90-4a41-a17c-6388bb873359@group-B673650064C9-LeaderElection104] INFO  impl.RaftServerImpl (RaftServerImpl.java:setRole(184)) - 79abbc2e-0a90-4a41-a17c-6388bb873359@group-B673650064C9: changes role from CANDIDATE to FOLLOWER at term 121 for DISCOVERED_A_NEW_TERM
2019-10-15 17:17:51,153 [79abbc2e-0a90-4a41-a17c-6388bb873359@group-B673650064C9-LeaderElection104] INFO  impl.RoleInfo (RoleInfo.java:shutdownLeaderElection(134)) - 79abbc2e-0a90-4a41-a17c-6388bb873359: shutdown LeaderElection
2019-10-15 17:17:51,153 [79abbc2e-0a90-4a41-a17c-6388bb873359@group-B673650064C9-LeaderElection104] INFO  impl.RoleInfo (RoleInfo.java:updateAndGet(143)) - 79abbc2e-0a90-4a41-a17c-6388bb873359: start FollowerState
2019-10-15 17:17:51,185 [Thread-957] INFO  impl.FollowerState (FollowerState.java:run(108)) - 79abbc2e-0a90-4a41-a17c-6388bb873359@group-B673650064C9-FollowerState: change to CANDIDATE, lastRpcTime:31ms, electionTimeout:31ms
2019-10-15 17:17:51,185 [Thread-957] INFO  impl.RoleInfo (RoleInfo.java:shutdownFollowerState(121)) - 79abbc2e-0a90-4a41-a17c-6388bb873359: shutdown FollowerState
2019-10-15 17:17:51,185 [Thread-957] INFO  impl.RaftServerImpl (RaftServerImpl.java:setRole(184)) - 79abbc2e-0a90-4a41-a17c-6388bb873359@group-B673650064C9: changes role from  FOLLOWER to CANDIDATE at term 121 for changeToCandidate
2019-10-15 17:17:51,185 [Thread-957] INFO  impl.RoleInfo (RoleInfo.java:updateAndGet(143)) - 79abbc2e-0a90-4a41-a17c-6388bb873359: start LeaderElection
2019-10-15 17:17:51,210 [79abbc2e-0a90-4a41-a17c-6388bb873359@group-B673650064C9-LeaderElection105] INFO  impl.LeaderElection (LeaderElection.java:askForVotes(178)) - 79abbc2e-0a90-4a41-a17c-6388bb873359@group-B673650064C9-LeaderElection105: begin an election at term 122 for -1: [ebd8d1f9-8297-450f-abe7-393807ba0c7e:192.168.164.239:36510, dbc121b5-e1e8-4c61-9d50-542b699a3d90:192.168.164.239:43140, 79abbc2e-0a90-4a41-a17c-6388bb873359:192.168.164.239:37857], old=null
2019-10-15 17:17:51,212 [grpc-default-executor-1] INFO  impl.RaftServerImpl (RaftServerImpl.java:setRole(184)) - ebd8d1f9-8297-450f-abe7-393807ba0c7e@group-B673650064C9: changes role from  FOLLOWER to FOLLOWER at term 122 for recognizeCandidate:79abbc2e-0a90-4a41-a17c-6388bb873359
2019-10-15 17:17:51,212 [grpc-default-executor-1] INFO  impl.RoleInfo (RoleInfo.java:shutdownFollowerState(121)) - ebd8d1f9-8297-450f-abe7-393807ba0c7e: shutdown FollowerState
2019-10-15 17:17:51,212 [grpc-default-executor-1] INFO  impl.RoleInfo (RoleInfo.java:updateAndGet(143)) - ebd8d1f9-8297-450f-abe7-393807ba0c7e: start FollowerState
2019-10-15 17:17:51,213 [Thread-956] INFO  impl.FollowerState (FollowerState.java:run(117)) - ebd8d1f9-8297-450f-abe7-393807ba0c7e@group-B673650064C9-FollowerState was interrupted: java.lang.InterruptedException: sleep interrupted
2019-10-15 17:17:51,213 [grpc-default-executor-0] INFO  impl.RaftServerImpl (RaftServerImpl.java:setRole(184)) - dbc121b5-e1e8-4c61-9d50-542b699a3d90@group-B673650064C9: changes role from  FOLLOWER to FOLLOWER at term 122 for recognizeCandidate:79abbc2e-0a90-4a41-a17c-6388bb873359
2019-10-15 17:17:51,213 [grpc-default-executor-0] INFO  impl.RoleInfo (RoleInfo.java:shutdownFollowerState(121)) - dbc121b5-e1e8-4c61-9d50-542b699a3d90: shutdown FollowerState
2019-10-15 17:17:51,213 [grpc-default-executor-0] INFO  impl.RoleInfo (RoleInfo.java:updateAndGet(143)) - dbc121b5-e1e8-4c61-9d50-542b699a3d90: start FollowerState
2019-10-15 17:17:51,213 [Thread-955] INFO  impl.FollowerState (FollowerState.java:run(117)) - dbc121b5-e1e8-4c61-9d50-542b699a3d90@group-B673650064C9-FollowerState was interrupted: java.lang.InterruptedException: sleep interrupted
2019-10-15 17:17:51,236 [79abbc2e-0a90-4a41-a17c-6388bb873359@group-B673650064C9-LeaderElection105] INFO  impl.LeaderElection (LeaderElection.java:logAndReturn(56)) - 79abbc2e-0a90-4a41-a17c-6388bb873359@group-B673650064C9-LeaderElection105: Election REJECTED; received 2 response(s) [79abbc2e-0a90-4a41-a17c-6388bb873359<-ebd8d1f9-8297-450f-abe7-393807ba0c7e#0:FAIL-t122, 79abbc2e-0a90-4a41-a17c-6388bb873359<-dbc121b5-e1e8-4c61-9d50-542b699a3d90#0:FAIL-t122] and 0 exception(s); 79abbc2e-0a90-4a41-a17c-6388bb873359@group-B673650064C9:t122, leader=null, voted=79abbc2e-0a90-4a41-a17c-6388bb873359, raftlog=79abbc2e-0a90-4a41-a17c-6388bb873359@group-B673650064C9-SegmentedRaftLog:OPENED:c-1,f-1,i0, conf=-1: [ebd8d1f9-8297-450f-abe7-393807ba0c7e:192.168.164.239:36510, dbc121b5-e1e8-4c61-9d50-542b699a3d90:192.168.164.239:43140, 79abbc2e-0a90-4a41-a17c-6388bb873359:192.168.164.239:37857], old=null
2019-10-15 17:17:51,237 [79abbc2e-0a90-4a41-a17c-6388bb873359@group-B673650064C9-LeaderElection105] INFO  impl.RaftServerImpl (RaftServerImpl.java:setRole(184)) - 79abbc2e-0a90-4a41-a17c-6388bb873359@group-B673650064C9: changes role from CANDIDATE to FOLLOWER at term 122 for DISCOVERED_A_NEW_TERM
2019-10-15 17:17:51,237 [79abbc2e-0a90-4a41-a17c-6388bb873359@group-B673650064C9-LeaderElection105] INFO  impl.RoleInfo (RoleInfo.java:shutdownLeaderElection(134)) - 79abbc2e-0a90-4a41-a17c-6388bb873359: shutdown LeaderElection
2019-10-15 17:17:51,237 [79abbc2e-0a90-4a41-a17c-6388bb873359@group-B673650064C9-LeaderElection105] INFO  impl.RoleInfo (RoleInfo.java:updateAndGet(143)) - 79abbc2e-0a90-4a41-a17c-6388bb873359: start FollowerState
2019-10-15 17:17:51,243 [Thread-963] INFO  impl.FollowerState (FollowerState.java:run(108)) - 79abbc2e-0a90-4a41-a17c-6388bb873359@group-B673650064C9-FollowerState: change to CANDIDATE, lastRpcTime:6ms, electionTimeout:6ms
2019-10-15 17:17:51,243 [Thread-963] INFO  impl.RoleInfo (RoleInfo.java:shutdownFollowerState(121)) - 79abbc2e-0a90-4a41-a17c-6388bb873359: shutdown FollowerState
2019-10-15 17:17:51,243 [Thread-963] INFO  impl.RaftServerImpl (RaftServerImpl.java:setRole(184)) - 79abbc2e-0a90-4a41-a17c-6388bb873359@group-B673650064C9: changes role from  FOLLOWER to CANDIDATE at term 122 for changeToCandidate
2019-10-15 17:17:51,244 [Thread-963] INFO  impl.RoleInfo (RoleInfo.java:updateAndGet(143)) - 79abbc2e-0a90-4a41-a17c-6388bb873359: start LeaderElection
2019-10-15 17:17:51,269 [79abbc2e-0a90-4a41-a17c-6388bb873359@group-B673650064C9-LeaderElection106] INFO  impl.LeaderElection (LeaderElection.java:askForVotes(178)) - 79abbc2e-0a90-4a41-a17c-6388bb873359@group-B673650064C9-LeaderElection106: begin an election at term 123 for -1: [ebd8d1f9-8297-450f-abe7-393807ba0c7e:192.168.164.239:36510, dbc121b5-e1e8-4c61-9d50-542b699a3d90:192.168.164.239:43140, 79abbc2e-0a90-4a41-a17c-6388bb873359:192.168.164.239:37857], old=null
2019-10-15 17:17:51,271 [grpc-default-executor-0] INFO  impl.RaftServerImpl (RaftServerImpl.java:setRole(184)) - ebd8d1f9-8297-450f-abe7-393807ba0c7e@group-B673650064C9: changes role from  FOLLOWER to FOLLOWER at term 123 for recognizeCandidate:79abbc2e-0a90-4a41-a17c-6388bb873359
2019-10-15 17:17:51,271 [grpc-default-executor-0] INFO  impl.RoleInfo (RoleInfo.java:shutdownFollowerState(121)) - ebd8d1f9-8297-450f-abe7-393807ba0c7e: shutdown FollowerState
2019-10-15 17:17:51,272 [grpc-default-executor-1] INFO  impl.RaftServerImpl (RaftServerImpl.java:setRole(184)) - dbc121b5-e1e8-4c61-9d50-542b699a3d90@group-B673650064C9: changes role from  FOLLOWER to FOLLOWER at term 123 for recognizeCandidate:79abbc2e-0a90-4a41-a17c-6388bb873359
2019-10-15 17:17:51,272 [Thread-961] INFO  impl.FollowerState (FollowerState.java:run(117)) - ebd8d1f9-8297-450f-abe7-393807ba0c7e@group-B673650064C9-FollowerState was interrupted: java.lang.InterruptedException: sleep interrupted
2019-10-15 17:17:51,272 [grpc-default-executor-0] INFO  impl.RoleInfo (RoleInfo.java:updateAndGet(143)) - ebd8d1f9-8297-450f-abe7-393807ba0c7e: start FollowerState
2019-10-15 17:17:51,272 [grpc-default-executor-1] INFO  impl.RoleInfo (RoleInfo.java:shutdownFollowerState(121)) - dbc121b5-e1e8-4c61-9d50-542b699a3d90: shutdown FollowerState
2019-10-15 17:17:51,272 [grpc-default-executor-1] INFO  impl.RoleInfo (RoleInfo.java:updateAndGet(143)) - dbc121b5-e1e8-4c61-9d50-542b699a3d90: start FollowerState
2019-10-15 17:17:51,272 [Thread-962] INFO  impl.FollowerState (FollowerState.java:run(117)) - dbc121b5-e1e8-4c61-9d50-542b699a3d90@group-B673650064C9-FollowerState was interrupted: java.lang.InterruptedException: sleep interrupted
2019-10-15 17:17:51,295 [79abbc2e-0a90-4a41-a17c-6388bb873359@group-B673650064C9-LeaderElection106] INFO  impl.LeaderElection (LeaderElection.java:logAndReturn(56)) - 79abbc2e-0a90-4a41-a17c-6388bb873359@group-B673650064C9-LeaderElection106: Election REJECTED; received 2 response(s) [79abbc2e-0a90-4a41-a17c-6388bb873359<-ebd8d1f9-8297-450f-abe7-393807ba0c7e#0:FAIL-t123, 79abbc2e-0a90-4a41-a17c-6388bb873359<-dbc121b5-e1e8-4c61-9d50-542b699a3d90#0:FAIL-t123] and 0 exception(s); 79abbc2e-0a90-4a41-a17c-6388bb873359@group-B673650064C9:t123, leader=null, voted=79abbc2e-0a90-4a41-a17c-6388bb873359, raftlog=79abbc2e-0a90-4a41-a17c-6388bb873359@group-B673650064C9-SegmentedRaftLog:OPENED:c-1,f-1,i0, conf=-1: [ebd8d1f9-8297-450f-abe7-393807ba0c7e:192.168.164.239:36510, dbc121b5-e1e8-4c61-9d50-542b699a3d90:192.168.164.239:43140, 79abbc2e-0a90-4a41-a17c-6388bb873359:192.168.164.239:37857], old=null
2019-10-15 17:17:51,296 [79abbc2e-0a90-4a41-a17c-6388bb873359@group-B673650064C9-LeaderElection106] INFO  impl.RaftServerImpl (RaftServerImpl.java:setRole(184)) - 79abbc2e-0a90-4a41-a17c-6388bb873359@group-B673650064C9: changes role from CANDIDATE to FOLLOWER at term 123 for DISCOVERED_A_NEW_TERM
2019-10-15 17:17:51,296 [79abbc2e-0a90-4a41-a17c-6388bb873359@group-B673650064C9-LeaderElection106] INFO  impl.RoleInfo (RoleInfo.java:shutdownLeaderElection(134)) - 79abbc2e-0a90-4a41-a17c-6388bb873359: shutdown LeaderElection
2019-10-15 17:17:51,296 [79abbc2e-0a90-4a41-a17c-6388bb873359@group-B673650064C9-LeaderElection106] INFO  impl.RoleInfo (RoleInfo.java:updateAndGet(143)) - 79abbc2e-0a90-4a41-a17c-6388bb873359: start FollowerState
2019-10-15 17:17:51,311 [Thread-969] INFO  impl.FollowerState (FollowerState.java:run(108)) - 79abbc2e-0a90-4a41-a17c-6388bb873359@group-B673650064C9-FollowerState: change to CANDIDATE, lastRpcTime:15ms, electionTimeout:15ms
2019-10-15 17:17:51,311 [Thread-969] INFO  impl.RoleInfo (RoleInfo.java:shutdownFollowerState(121)) - 79abbc2e-0a90-4a41-a17c-6388bb873359: shutdown FollowerState
2019-10-15 17:17:51,312 [Thread-969] INFO  impl.RaftServerImpl (RaftServerImpl.java:setRole(184)) - 79abbc2e-0a90-4a41-a17c-6388bb873359@group-B673650064C9: changes role from  FOLLOWER to CANDIDATE at term 123 for changeToCandidate
2019-10-15 17:17:51,312 [Thread-969] INFO  impl.RoleInfo (RoleInfo.java:updateAndGet(143)) - 79abbc2e-0a90-4a41-a17c-6388bb873359: start LeaderElection
2019-10-15 17:17:51,337 [79abbc2e-0a90-4a41-a17c-6388bb873359@group-B673650064C9-LeaderElection107] INFO  impl.LeaderElection (LeaderElection.java:askForVotes(178)) - 79abbc2e-0a90-4a41-a17c-6388bb873359@group-B673650064C9-LeaderElection107: begin an election at term 124 for -1: [ebd8d1f9-8297-450f-abe7-393807ba0c7e:192.168.164.239:36510, dbc121b5-e1e8-4c61-9d50-542b699a3d90:192.168.164.239:43140, 79abbc2e-0a90-4a41-a17c-6388bb873359:192.168.164.239:37857], old=null
2019-10-15 17:17:51,339 [grpc-default-executor-1] INFO  impl.RaftServerImpl (RaftServerImpl.java:setRole(184)) - ebd8d1f9-8297-450f-abe7-393807ba0c7e@group-B673650064C9: changes role from  FOLLOWER to FOLLOWER at term 124 for recognizeCandidate:79abbc2e-0a90-4a41-a17c-6388bb873359
2019-10-15 17:17:51,339 [grpc-default-executor-1] INFO  impl.RoleInfo (RoleInfo.java:shutdownFollowerState(121)) - ebd8d1f9-8297-450f-abe7-393807ba0c7e: shutdown FollowerState
2019-10-15 17:17:51,339 [grpc-default-executor-1] INFO  impl.RoleInfo (RoleInfo.java:updateAndGet(143)) - ebd8d1f9-8297-450f-abe7-393807ba0c7e: start FollowerState
2019-10-15 17:17:51,339 [Thread-967] INFO  impl.FollowerState (FollowerState.java:run(117)) - ebd8d1f9-8297-450f-abe7-393807ba0c7e@group-B673650064C9-FollowerState was interrupted: java.lang.InterruptedException: sleep interrupted
2019-10-15 17:17:51,339 [grpc-default-executor-0] INFO  impl.RaftServerImpl (RaftServerImpl.java:setRole(184)) - dbc121b5-e1e8-4c61-9d50-542b699a3d90@group-B673650064C9: changes role from  FOLLOWER to FOLLOWER at term 124 for recognizeCandidate:79abbc2e-0a90-4a41-a17c-6388bb873359
2019-10-15 17:17:51,339 [grpc-default-executor-0] INFO  impl.RoleInfo (RoleInfo.java:shutdownFollowerState(121)) - dbc121b5-e1e8-4c61-9d50-542b699a3d90: shutdown FollowerState
2019-10-15 17:17:51,339 [grpc-default-executor-0] INFO  impl.RoleInfo (RoleInfo.java:updateAndGet(143)) - dbc121b5-e1e8-4c61-9d50-542b699a3d90: start FollowerState
2019-10-15 17:17:51,340 [Thread-968] INFO  impl.FollowerState (FollowerState.java:run(117)) - dbc121b5-e1e8-4c61-9d50-542b699a3d90@group-B673650064C9-FollowerState was interrupted: java.lang.InterruptedException: sleep interrupted
2019-10-15 17:17:51,363 [79abbc2e-0a90-4a41-a17c-6388bb873359@group-B673650064C9-LeaderElection107] INFO  impl.LeaderElection (LeaderElection.java:logAndReturn(56)) - 79abbc2e-0a90-4a41-a17c-6388bb873359@group-B673650064C9-LeaderElection107: Election REJECTED; received 2 response(s) [79abbc2e-0a90-4a41-a17c-6388bb873359<-ebd8d1f9-8297-450f-abe7-393807ba0c7e#0:FAIL-t124, 79abbc2e-0a90-4a41-a17c-6388bb873359<-dbc121b5-e1e8-4c61-9d50-542b699a3d90#0:FAIL-t124] and 0 exception(s); 79abbc2e-0a90-4a41-a17c-6388bb873359@group-B673650064C9:t124, leader=null, voted=79abbc2e-0a90-4a41-a17c-6388bb873359, raftlog=79abbc2e-0a90-4a41-a17c-6388bb873359@group-B673650064C9-SegmentedRaftLog:OPENED:c-1,f-1,i0, conf=-1: [ebd8d1f9-8297-450f-abe7-393807ba0c7e:192.168.164.239:36510, dbc121b5-e1e8-4c61-9d50-542b699a3d90:192.168.164.239:43140, 79abbc2e-0a90-4a41-a17c-6388bb873359:192.168.164.239:37857], old=null
2019-10-15 17:17:51,363 [79abbc2e-0a90-4a41-a17c-6388bb873359@group-B673650064C9-LeaderElection107] INFO  impl.RaftServerImpl (RaftServerImpl.java:setRole(184)) - 79abbc2e-0a90-4a41-a17c-6388bb873359@group-B673650064C9: changes role from CANDIDATE to FOLLOWER at term 124 for DISCOVERED_A_NEW_TERM
2019-10-15 17:17:51,363 [79abbc2e-0a90-4a41-a17c-6388bb873359@group-B673650064C9-LeaderElection107] INFO  impl.RoleInfo (RoleInfo.java:shutdownLeaderElection(134)) - 79abbc2e-0a90-4a41-a17c-6388bb873359: shutdown LeaderElection
2019-10-15 17:17:51,363 [79abbc2e-0a90-4a41-a17c-6388bb873359@group-B673650064C9-LeaderElection107] INFO  impl.RoleInfo (RoleInfo.java:updateAndGet(143)) - 79abbc2e-0a90-4a41-a17c-6388bb873359: start FollowerState
2019-10-15 17:17:51,428 [Thread-975] INFO  impl.FollowerState (FollowerState.java:run(108)) - 79abbc2e-0a90-4a41-a17c-6388bb873359@group-B673650064C9-FollowerState: change to CANDIDATE, lastRpcTime:64ms, electionTimeout:64ms
2019-10-15 17:17:51,428 [Thread-975] INFO  impl.RoleInfo (RoleInfo.java:shutdownFollowerState(121)) - 79abbc2e-0a90-4a41-a17c-6388bb873359: shutdown FollowerState
2019-10-15 17:17:51,428 [Thread-975] INFO  impl.RaftServerImpl (RaftServerImpl.java:setRole(184)) - 79abbc2e-0a90-4a41-a17c-6388bb873359@group-B673650064C9: changes role from  FOLLOWER to CANDIDATE at term 124 for changeToCandidate
2019-10-15 17:17:51,428 [Thread-975] INFO  impl.RoleInfo (RoleInfo.java:updateAndGet(143)) - 79abbc2e-0a90-4a41-a17c-6388bb873359: start LeaderElection
2019-10-15 17:17:51,454 [79abbc2e-0a90-4a41-a17c-6388bb873359@group-B673650064C9-LeaderElection108] INFO  impl.LeaderElection (LeaderElection.java:askForVotes(178)) - 79abbc2e-0a90-4a41-a17c-6388bb873359@group-B673650064C9-LeaderElection108: begin an election at term 125 for -1: [ebd8d1f9-8297-450f-abe7-393807ba0c7e:192.168.164.239:36510, dbc121b5-e1e8-4c61-9d50-542b699a3d90:192.168.164.239:43140, 79abbc2e-0a90-4a41-a17c-6388bb873359:192.168.164.239:37857], old=null
2019-10-15 17:17:51,457 [grpc-default-executor-1] INFO  impl.RaftServerImpl (RaftServerImpl.java:setRole(184)) - ebd8d1f9-8297-450f-abe7-393807ba0c7e@group-B673650064C9: changes role from  FOLLOWER to FOLLOWER at term 125 for recognizeCandidate:79abbc2e-0a90-4a41-a17c-6388bb873359
2019-10-15 17:17:51,457 [grpc-default-executor-0] INFO  impl.RaftServerImpl (RaftServerImpl.java:setRole(184)) - dbc121b5-e1e8-4c61-9d50-542b699a3d90@group-B673650064C9: changes role from  FOLLOWER to FOLLOWER at term 125 for recognizeCandidate:79abbc2e-0a90-4a41-a17c-6388bb873359
2019-10-15 17:17:51,457 [grpc-default-executor-1] INFO  impl.RoleInfo (RoleInfo.java:shutdownFollowerState(121)) - ebd8d1f9-8297-450f-abe7-393807ba0c7e: shutdown FollowerState
2019-10-15 17:17:51,458 [grpc-default-executor-0] INFO  impl.RoleInfo (RoleInfo.java:shutdownFollowerState(121)) - dbc121b5-e1e8-4c61-9d50-542b699a3d90: shutdown FollowerState
2019-10-15 17:17:51,458 [grpc-default-executor-1] INFO  impl.RoleInfo (RoleInfo.java:updateAndGet(143)) - ebd8d1f9-8297-450f-abe7-393807ba0c7e: start FollowerState
2019-10-15 17:17:51,458 [grpc-default-executor-0] INFO  impl.RoleInfo (RoleInfo.java:updateAndGet(143)) - dbc121b5-e1e8-4c61-9d50-542b699a3d90: start FollowerState
2019-10-15 17:17:51,458 [Thread-973] INFO  impl.FollowerState (FollowerState.java:run(117)) - ebd8d1f9-8297-450f-abe7-393807ba0c7e@group-B673650064C9-FollowerState was interrupted: java.lang.InterruptedException: sleep interrupted
2019-10-15 17:17:51,458 [Thread-974] INFO  impl.FollowerState (FollowerState.java:run(117)) - dbc121b5-e1e8-4c61-9d50-542b699a3d90@group-B673650064C9-FollowerState was interrupted: java.lang.InterruptedException: sleep interrupted
2019-10-15 17:17:51,482 [79abbc2e-0a90-4a41-a17c-6388bb873359@group-B673650064C9-LeaderElection108] INFO  impl.LeaderElection (LeaderElection.java:logAndReturn(56)) - 79abbc2e-0a90-4a41-a17c-6388bb873359@group-B673650064C9-LeaderElection108: Election REJECTED; received 2 response(s) [79abbc2e-0a90-4a41-a17c-6388bb873359<-ebd8d1f9-8297-450f-abe7-393807ba0c7e#0:FAIL-t125, 79abbc2e-0a90-4a41-a17c-6388bb873359<-dbc121b5-e1e8-4c61-9d50-542b699a3d90#0:FAIL-t125] and 0 exception(s); 79abbc2e-0a90-4a41-a17c-6388bb873359@group-B673650064C9:t125, leader=null, voted=79abbc2e-0a90-4a41-a17c-6388bb873359, raftlog=79abbc2e-0a90-4a41-a17c-6388bb873359@group-B673650064C9-SegmentedRaftLog:OPENED:c-1,f-1,i0, conf=-1: [ebd8d1f9-8297-450f-abe7-393807ba0c7e:192.168.164.239:36510, dbc121b5-e1e8-4c61-9d50-542b699a3d90:192.168.164.239:43140, 79abbc2e-0a90-4a41-a17c-6388bb873359:192.168.164.239:37857], old=null
2019-10-15 17:17:51,482 [79abbc2e-0a90-4a41-a17c-6388bb873359@group-B673650064C9-LeaderElection108] INFO  impl.RaftServerImpl (RaftServerImpl.java:setRole(184)) - 79abbc2e-0a90-4a41-a17c-6388bb873359@group-B673650064C9: changes role from CANDIDATE to FOLLOWER at term 125 for DISCOVERED_A_NEW_TERM
2019-10-15 17:17:51,482 [79abbc2e-0a90-4a41-a17c-6388bb873359@group-B673650064C9-LeaderElection108] INFO  impl.RoleInfo (RoleInfo.java:shutdownLeaderElection(134)) - 79abbc2e-0a90-4a41-a17c-6388bb873359: shutdown LeaderElection
2019-10-15 17:17:51,482 [79abbc2e-0a90-4a41-a17c-6388bb873359@group-B673650064C9-LeaderElection108] INFO  impl.RoleInfo (RoleInfo.java:updateAndGet(143)) - 79abbc2e-0a90-4a41-a17c-6388bb873359: start FollowerState
2019-10-15 17:17:51,596 [Thread-981] INFO  impl.FollowerState (FollowerState.java:run(108)) - 79abbc2e-0a90-4a41-a17c-6388bb873359@group-B673650064C9-FollowerState: change to CANDIDATE, lastRpcTime:113ms, electionTimeout:113ms
2019-10-15 17:17:51,596 [Thread-981] INFO  impl.RoleInfo (RoleInfo.java:shutdownFollowerState(121)) - 79abbc2e-0a90-4a41-a17c-6388bb873359: shutdown FollowerState
2019-10-15 17:17:51,596 [Thread-981] INFO  impl.RaftServerImpl (RaftServerImpl.java:setRole(184)) - 79abbc2e-0a90-4a41-a17c-6388bb873359@group-B673650064C9: changes role from  FOLLOWER to CANDIDATE at term 125 for changeToCandidate
2019-10-15 17:17:51,596 [Thread-981] INFO  impl.RoleInfo (RoleInfo.java:updateAndGet(143)) - 79abbc2e-0a90-4a41-a17c-6388bb873359: start LeaderElection
2019-10-15 17:17:51,623 [79abbc2e-0a90-4a41-a17c-6388bb873359@group-B673650064C9-LeaderElection109] INFO  impl.LeaderElection (LeaderElection.java:askForVotes(178)) - 79abbc2e-0a90-4a41-a17c-6388bb873359@group-B673650064C9-LeaderElection109: begin an election at term 126 for -1: [ebd8d1f9-8297-450f-abe7-393807ba0c7e:192.168.164.239:36510, dbc121b5-e1e8-4c61-9d50-542b699a3d90:192.168.164.239:43140, 79abbc2e-0a90-4a41-a17c-6388bb873359:192.168.164.239:37857], old=null
2019-10-15 17:17:51,625 [grpc-default-executor-1] INFO  impl.RaftServerImpl (RaftServerImpl.java:setRole(184)) - ebd8d1f9-8297-450f-abe7-393807ba0c7e@group-B673650064C9: changes role from  FOLLOWER to FOLLOWER at term 126 for recognizeCandidate:79abbc2e-0a90-4a41-a17c-6388bb873359
2019-10-15 17:17:51,625 [grpc-default-executor-1] INFO  impl.RoleInfo (RoleInfo.java:shutdownFollowerState(121)) - ebd8d1f9-8297-450f-abe7-393807ba0c7e: shutdown FollowerState
2019-10-15 17:17:51,626 [grpc-default-executor-1] INFO  impl.RoleInfo (RoleInfo.java:updateAndGet(143)) - ebd8d1f9-8297-450f-abe7-393807ba0c7e: start FollowerState
2019-10-15 17:17:51,626 [Thread-979] INFO  impl.FollowerState (FollowerState.java:run(117)) - ebd8d1f9-8297-450f-abe7-393807ba0c7e@group-B673650064C9-FollowerState was interrupted: java.lang.InterruptedException: sleep interrupted
2019-10-15 17:17:51,626 [grpc-default-executor-0] INFO  impl.RaftServerImpl (RaftServerImpl.java:setRole(184)) - dbc121b5-e1e8-4c61-9d50-542b699a3d90@group-B673650064C9: changes role from  FOLLOWER to FOLLOWER at term 126 for recognizeCandidate:79abbc2e-0a90-4a41-a17c-6388bb873359
2019-10-15 17:17:51,627 [grpc-default-executor-0] INFO  impl.RoleInfo (RoleInfo.java:shutdownFollowerState(121)) - dbc121b5-e1e8-4c61-9d50-542b699a3d90: shutdown FollowerState
2019-10-15 17:17:51,627 [grpc-default-executor-0] INFO  impl.RoleInfo (RoleInfo.java:updateAndGet(143)) - dbc121b5-e1e8-4c61-9d50-542b699a3d90: start FollowerState
2019-10-15 17:17:51,627 [Thread-980] INFO  impl.FollowerState (FollowerState.java:run(117)) - dbc121b5-e1e8-4c61-9d50-542b699a3d90@group-B673650064C9-FollowerState was interrupted: java.lang.InterruptedException: sleep interrupted
2019-10-15 17:17:51,649 [79abbc2e-0a90-4a41-a17c-6388bb873359@group-B673650064C9-LeaderElection109] INFO  impl.LeaderElection (LeaderElection.java:logAndReturn(56)) - 79abbc2e-0a90-4a41-a17c-6388bb873359@group-B673650064C9-LeaderElection109: Election REJECTED; received 2 response(s) [79abbc2e-0a90-4a41-a17c-6388bb873359<-ebd8d1f9-8297-450f-abe7-393807ba0c7e#0:FAIL-t126, 79abbc2e-0a90-4a41-a17c-6388bb873359<-dbc121b5-e1e8-4c61-9d50-542b699a3d90#0:FAIL-t126] and 0 exception(s); 79abbc2e-0a90-4a41-a17c-6388bb873359@group-B673650064C9:t126, leader=null, voted=79abbc2e-0a90-4a41-a17c-6388bb873359, raftlog=79abbc2e-0a90-4a41-a17c-6388bb873359@group-B673650064C9-SegmentedRaftLog:OPENED:c-1,f-1,i0, conf=-1: [ebd8d1f9-8297-450f-abe7-393807ba0c7e:192.168.164.239:36510, dbc121b5-e1e8-4c61-9d50-542b699a3d90:192.168.164.239:43140, 79abbc2e-0a90-4a41-a17c-6388bb873359:192.168.164.239:37857], old=null
2019-10-15 17:17:51,649 [79abbc2e-0a90-4a41-a17c-6388bb873359@group-B673650064C9-LeaderElection109] INFO  impl.RaftServerImpl (RaftServerImpl.java:setRole(184)) - 79abbc2e-0a90-4a41-a17c-6388bb873359@group-B673650064C9: changes role from CANDIDATE to FOLLOWER at term 126 for DISCOVERED_A_NEW_TERM
2019-10-15 17:17:51,649 [79abbc2e-0a90-4a41-a17c-6388bb873359@group-B673650064C9-LeaderElection109] INFO  impl.RoleInfo (RoleInfo.java:shutdownLeaderElection(134)) - 79abbc2e-0a90-4a41-a17c-6388bb873359: shutdown LeaderElection
2019-10-15 17:17:51,649 [79abbc2e-0a90-4a41-a17c-6388bb873359@group-B673650064C9-LeaderElection109] INFO  impl.RoleInfo (RoleInfo.java:updateAndGet(143)) - 79abbc2e-0a90-4a41-a17c-6388bb873359: start FollowerState
2019-10-15 17:17:51,712 [Thread-987] INFO  impl.FollowerState (FollowerState.java:run(108)) - 79abbc2e-0a90-4a41-a17c-6388bb873359@group-B673650064C9-FollowerState: change to CANDIDATE, lastRpcTime:62ms, electionTimeout:62ms
2019-10-15 17:17:51,712 [Thread-987] INFO  impl.RoleInfo (RoleInfo.java:shutdownFollowerState(121)) - 79abbc2e-0a90-4a41-a17c-6388bb873359: shutdown FollowerState
2019-10-15 17:17:51,712 [Thread-987] INFO  impl.RaftServerImpl (RaftServerImpl.java:setRole(184)) - 79abbc2e-0a90-4a41-a17c-6388bb873359@group-B673650064C9: changes role from  FOLLOWER to CANDIDATE at term 126 for changeToCandidate
2019-10-15 17:17:51,712 [Thread-987] INFO  impl.RoleInfo (RoleInfo.java:updateAndGet(143)) - 79abbc2e-0a90-4a41-a17c-6388bb873359: start LeaderElection
2019-10-15 17:17:51,741 [79abbc2e-0a90-4a41-a17c-6388bb873359@group-B673650064C9-LeaderElection110] INFO  impl.LeaderElection (LeaderElection.java:askForVotes(178)) - 79abbc2e-0a90-4a41-a17c-6388bb873359@group-B673650064C9-LeaderElection110: begin an election at term 127 for -1: [ebd8d1f9-8297-450f-abe7-393807ba0c7e:192.168.164.239:36510, dbc121b5-e1e8-4c61-9d50-542b699a3d90:192.168.164.239:43140, 79abbc2e-0a90-4a41-a17c-6388bb873359:192.168.164.239:37857], old=null
2019-10-15 17:17:51,752 [grpc-default-executor-1] INFO  impl.RaftServerImpl (RaftServerImpl.java:setRole(184)) - dbc121b5-e1e8-4c61-9d50-542b699a3d90@group-B673650064C9: changes role from  FOLLOWER to FOLLOWER at term 127 for recognizeCandidate:79abbc2e-0a90-4a41-a17c-6388bb873359
2019-10-15 17:17:51,752 [79abbc2e-0a90-4a41-a17c-6388bb873359@group-B673650064C9-LeaderElection110] INFO  impl.LeaderElection (LeaderElection.java:logAndReturn(56)) - 79abbc2e-0a90-4a41-a17c-6388bb873359@group-B673650064C9-LeaderElection110: Election TIMEOUT; received 0 response(s) [] and 0 exception(s); 79abbc2e-0a90-4a41-a17c-6388bb873359@group-B673650064C9:t127, leader=null, voted=79abbc2e-0a90-4a41-a17c-6388bb873359, raftlog=79abbc2e-0a90-4a41-a17c-6388bb873359@group-B673650064C9-SegmentedRaftLog:OPENED:c-1,f-1,i0, conf=-1: [ebd8d1f9-8297-450f-abe7-393807ba0c7e:192.168.164.239:36510, dbc121b5-e1e8-4c61-9d50-542b699a3d90:192.168.164.239:43140, 79abbc2e-0a90-4a41-a17c-6388bb873359:192.168.164.239:37857], old=null
2019-10-15 17:17:51,752 [grpc-default-executor-0] INFO  impl.RaftServerImpl (RaftServerImpl.java:setRole(184)) - ebd8d1f9-8297-450f-abe7-393807ba0c7e@group-B673650064C9: changes role from  FOLLOWER to FOLLOWER at term 127 for recognizeCandidate:79abbc2e-0a90-4a41-a17c-6388bb873359
2019-10-15 17:17:51,752 [grpc-default-executor-1] INFO  impl.RoleInfo (RoleInfo.java:shutdownFollowerState(121)) - dbc121b5-e1e8-4c61-9d50-542b699a3d90: shutdown FollowerState
2019-10-15 17:17:51,753 [grpc-default-executor-0] INFO  impl.RoleInfo (RoleInfo.java:shutdownFollowerState(121)) - ebd8d1f9-8297-450f-abe7-393807ba0c7e: shutdown FollowerState
2019-10-15 17:17:51,753 [grpc-default-executor-1] INFO  impl.RoleInfo (RoleInfo.java:updateAndGet(143)) - dbc121b5-e1e8-4c61-9d50-542b699a3d90: start FollowerState
2019-10-15 17:17:51,753 [Thread-985] INFO  impl.FollowerState (FollowerState.java:run(117)) - ebd8d1f9-8297-450f-abe7-393807ba0c7e@group-B673650064C9-FollowerState was interrupted: java.lang.InterruptedException: sleep interrupted
2019-10-15 17:17:51,753 [Thread-986] INFO  impl.FollowerState (FollowerState.java:run(117)) - dbc121b5-e1e8-4c61-9d50-542b699a3d90@group-B673650064C9-FollowerState was interrupted: java.lang.InterruptedException: sleep interrupted
2019-10-15 17:17:51,753 [grpc-default-executor-0] INFO  impl.RoleInfo (RoleInfo.java:updateAndGet(143)) - ebd8d1f9-8297-450f-abe7-393807ba0c7e: start FollowerState
2019-10-15 17:17:51,782 [79abbc2e-0a90-4a41-a17c-6388bb873359@group-B673650064C9-LeaderElection110] INFO  impl.LeaderElection (LeaderElection.java:askForVotes(178)) - 79abbc2e-0a90-4a41-a17c-6388bb873359@group-B673650064C9-LeaderElection110: begin an election at term 128 for -1: [ebd8d1f9-8297-450f-abe7-393807ba0c7e:192.168.164.239:36510, dbc121b5-e1e8-4c61-9d50-542b699a3d90:192.168.164.239:43140, 79abbc2e-0a90-4a41-a17c-6388bb873359:192.168.164.239:37857], old=null
2019-10-15 17:17:51,785 [grpc-default-executor-0] INFO  impl.RaftServerImpl (RaftServerImpl.java:setRole(184)) - ebd8d1f9-8297-450f-abe7-393807ba0c7e@group-B673650064C9: changes role from  FOLLOWER to FOLLOWER at term 128 for recognizeCandidate:79abbc2e-0a90-4a41-a17c-6388bb873359
2019-10-15 17:17:51,786 [grpc-default-executor-0] INFO  impl.RoleInfo (RoleInfo.java:shutdownFollowerState(121)) - ebd8d1f9-8297-450f-abe7-393807ba0c7e: shutdown FollowerState
2019-10-15 17:17:51,786 [grpc-default-executor-1] INFO  impl.RaftServerImpl (RaftServerImpl.java:setRole(184)) - dbc121b5-e1e8-4c61-9d50-542b699a3d90@group-B673650064C9: changes role from  FOLLOWER to FOLLOWER at term 128 for recognizeCandidate:79abbc2e-0a90-4a41-a17c-6388bb873359
2019-10-15 17:17:51,786 [grpc-default-executor-0] INFO  impl.RoleInfo (RoleInfo.java:updateAndGet(143)) - ebd8d1f9-8297-450f-abe7-393807ba0c7e: start FollowerState
2019-10-15 17:17:51,786 [Thread-994] INFO  impl.FollowerState (FollowerState.java:run(117)) - ebd8d1f9-8297-450f-abe7-393807ba0c7e@group-B673650064C9-FollowerState was interrupted: java.lang.InterruptedException: sleep interrupted
2019-10-15 17:17:51,786 [grpc-default-executor-1] INFO  impl.RoleInfo (RoleInfo.java:shutdownFollowerState(121)) - dbc121b5-e1e8-4c61-9d50-542b699a3d90: shutdown FollowerState
2019-10-15 17:17:51,786 [grpc-default-executor-1] INFO  impl.RoleInfo (RoleInfo.java:updateAndGet(143)) - dbc121b5-e1e8-4c61-9d50-542b699a3d90: start FollowerState
2019-10-15 17:17:51,787 [Thread-993] INFO  impl.FollowerState (FollowerState.java:run(117)) - dbc121b5-e1e8-4c61-9d50-542b699a3d90@group-B673650064C9-FollowerState was interrupted: java.lang.InterruptedException: sleep interrupted
2019-10-15 17:17:51,807 [79abbc2e-0a90-4a41-a17c-6388bb873359@group-B673650064C9-LeaderElection110] INFO  impl.LeaderElection (LeaderElection.java:logAndReturn(56)) - 79abbc2e-0a90-4a41-a17c-6388bb873359@group-B673650064C9-LeaderElection110: Election TIMEOUT; received 0 response(s) [] and 0 exception(s); 79abbc2e-0a90-4a41-a17c-6388bb873359@group-B673650064C9:t128, leader=null, voted=79abbc2e-0a90-4a41-a17c-6388bb873359, raftlog=79abbc2e-0a90-4a41-a17c-6388bb873359@group-B673650064C9-SegmentedRaftLog:OPENED:c-1,f-1,i0, conf=-1: [ebd8d1f9-8297-450f-abe7-393807ba0c7e:192.168.164.239:36510, dbc121b5-e1e8-4c61-9d50-542b699a3d90:192.168.164.239:43140, 79abbc2e-0a90-4a41-a17c-6388bb873359:192.168.164.239:37857], old=null
2019-10-15 17:17:51,833 [79abbc2e-0a90-4a41-a17c-6388bb873359@group-B673650064C9-LeaderElection110] INFO  impl.LeaderElection (LeaderElection.java:askForVotes(178)) - 79abbc2e-0a90-4a41-a17c-6388bb873359@group-B673650064C9-LeaderElection110: begin an election at term 129 for -1: [ebd8d1f9-8297-450f-abe7-393807ba0c7e:192.168.164.239:36510, dbc121b5-e1e8-4c61-9d50-542b699a3d90:192.168.164.239:43140, 79abbc2e-0a90-4a41-a17c-6388bb873359:192.168.164.239:37857], old=null
2019-10-15 17:17:51,836 [grpc-default-executor-0] INFO  impl.RaftServerImpl (RaftServerImpl.java:setRole(184)) - ebd8d1f9-8297-450f-abe7-393807ba0c7e@group-B673650064C9: changes role from  FOLLOWER to FOLLOWER at term 129 for recognizeCandidate:79abbc2e-0a90-4a41-a17c-6388bb873359
2019-10-15 17:17:51,836 [grpc-default-executor-0] INFO  impl.RoleInfo (RoleInfo.java:shutdownFollowerState(121)) - ebd8d1f9-8297-450f-abe7-393807ba0c7e: shutdown FollowerState
2019-10-15 17:17:51,836 [grpc-default-executor-1] INFO  impl.RaftServerImpl (RaftServerImpl.java:setRole(184)) - dbc121b5-e1e8-4c61-9d50-542b699a3d90@group-B673650064C9: changes role from  FOLLOWER to FOLLOWER at term 129 for recognizeCandidate:79abbc2e-0a90-4a41-a17c-6388bb873359
2019-10-15 17:17:51,836 [Thread-997] INFO  impl.FollowerState (FollowerState.java:run(117)) - ebd8d1f9-8297-450f-abe7-393807ba0c7e@group-B673650064C9-FollowerState was interrupted: java.lang.InterruptedException: sleep interrupted
2019-10-15 17:17:51,836 [grpc-default-executor-0] INFO  impl.RoleInfo (RoleInfo.java:updateAndGet(143)) - ebd8d1f9-8297-450f-abe7-393807ba0c7e: start FollowerState
2019-10-15 17:17:51,836 [grpc-default-executor-1] INFO  impl.RoleInfo (RoleInfo.java:shutdownFollowerState(121)) - dbc121b5-e1e8-4c61-9d50-542b699a3d90: shutdown FollowerState
2019-10-15 17:17:51,837 [grpc-default-executor-1] INFO  impl.RoleInfo (RoleInfo.java:updateAndGet(143)) - dbc121b5-e1e8-4c61-9d50-542b699a3d90: start FollowerState
2019-10-15 17:17:51,837 [Thread-998] INFO  impl.FollowerState (FollowerState.java:run(117)) - dbc121b5-e1e8-4c61-9d50-542b699a3d90@group-B673650064C9-FollowerState was interrupted: java.lang.InterruptedException: sleep interrupted
2019-10-15 17:17:51,859 [79abbc2e-0a90-4a41-a17c-6388bb873359@group-B673650064C9-LeaderElection110] INFO  impl.LeaderElection (LeaderElection.java:logAndReturn(56)) - 79abbc2e-0a90-4a41-a17c-6388bb873359@group-B673650064C9-LeaderElection110: Election REJECTED; received 2 response(s) [79abbc2e-0a90-4a41-a17c-6388bb873359<-ebd8d1f9-8297-450f-abe7-393807ba0c7e#0:FAIL-t129, 79abbc2e-0a90-4a41-a17c-6388bb873359<-dbc121b5-e1e8-4c61-9d50-542b699a3d90#0:FAIL-t129] and 0 exception(s); 79abbc2e-0a90-4a41-a17c-6388bb873359@group-B673650064C9:t129, leader=null, voted=79abbc2e-0a90-4a41-a17c-6388bb873359, raftlog=79abbc2e-0a90-4a41-a17c-6388bb873359@group-B673650064C9-SegmentedRaftLog:OPENED:c-1,f-1,i0, conf=-1: [ebd8d1f9-8297-450f-abe7-393807ba0c7e:192.168.164.239:36510, dbc121b5-e1e8-4c61-9d50-542b699a3d90:192.168.164.239:43140, 79abbc2e-0a90-4a41-a17c-6388bb873359:192.168.164.239:37857], old=null
2019-10-15 17:17:51,859 [79abbc2e-0a90-4a41-a17c-6388bb873359@group-B673650064C9-LeaderElection110] INFO  impl.RaftServerImpl (RaftServerImpl.java:setRole(184)) - 79abbc2e-0a90-4a41-a17c-6388bb873359@group-B673650064C9: changes role from CANDIDATE to FOLLOWER at term 129 for DISCOVERED_A_NEW_TERM
2019-10-15 17:17:51,859 [79abbc2e-0a90-4a41-a17c-6388bb873359@group-B673650064C9-LeaderElection110] INFO  impl.RoleInfo (RoleInfo.java:shutdownLeaderElection(134)) - 79abbc2e-0a90-4a41-a17c-6388bb873359: shutdown LeaderElection
2019-10-15 17:17:51,860 [79abbc2e-0a90-4a41-a17c-6388bb873359@group-B673650064C9-LeaderElection110] INFO  impl.RoleInfo (RoleInfo.java:updateAndGet(143)) - 79abbc2e-0a90-4a41-a17c-6388bb873359: start FollowerState
2019-10-15 17:17:51,950 [Thread-1003] INFO  impl.FollowerState (FollowerState.java:run(108)) - 79abbc2e-0a90-4a41-a17c-6388bb873359@group-B673650064C9-FollowerState: change to CANDIDATE, lastRpcTime:90ms, electionTimeout:90ms
2019-10-15 17:17:51,950 [Thread-1003] INFO  impl.RoleInfo (RoleInfo.java:shutdownFollowerState(121)) - 79abbc2e-0a90-4a41-a17c-6388bb873359: shutdown FollowerState
2019-10-15 17:17:51,951 [Thread-1003] INFO  impl.RaftServerImpl (RaftServerImpl.java:setRole(184)) - 79abbc2e-0a90-4a41-a17c-6388bb873359@group-B673650064C9: changes role from  FOLLOWER to CANDIDATE at term 129 for changeToCandidate
2019-10-15 17:17:51,951 [Thread-1003] INFO  impl.RoleInfo (RoleInfo.java:updateAndGet(143)) - 79abbc2e-0a90-4a41-a17c-6388bb873359: start LeaderElection
2019-10-15 17:17:51,975 [79abbc2e-0a90-4a41-a17c-6388bb873359@group-B673650064C9-LeaderElection111] INFO  impl.LeaderElection (LeaderElection.java:askForVotes(178)) - 79abbc2e-0a90-4a41-a17c-6388bb873359@group-B673650064C9-LeaderElection111: begin an election at term 130 for -1: [ebd8d1f9-8297-450f-abe7-393807ba0c7e:192.168.164.239:36510, dbc121b5-e1e8-4c61-9d50-542b699a3d90:192.168.164.239:43140, 79abbc2e-0a90-4a41-a17c-6388bb873359:192.168.164.239:37857], old=null
2019-10-15 17:17:51,979 [grpc-default-executor-0] INFO  impl.RaftServerImpl (RaftServerImpl.java:setRole(184)) - ebd8d1f9-8297-450f-abe7-393807ba0c7e@group-B673650064C9: changes role from  FOLLOWER to FOLLOWER at term 130 for recognizeCandidate:79abbc2e-0a90-4a41-a17c-6388bb873359
2019-10-15 17:17:51,979 [grpc-default-executor-0] INFO  impl.RoleInfo (RoleInfo.java:shutdownFollowerState(121)) - ebd8d1f9-8297-450f-abe7-393807ba0c7e: shutdown FollowerState
2019-10-15 17:17:51,979 [grpc-default-executor-0] INFO  impl.RoleInfo (RoleInfo.java:updateAndGet(143)) - ebd8d1f9-8297-450f-abe7-393807ba0c7e: start FollowerState
2019-10-15 17:17:51,979 [grpc-default-executor-1] INFO  impl.RaftServerImpl (RaftServerImpl.java:setRole(184)) - dbc121b5-e1e8-4c61-9d50-542b699a3d90@group-B673650064C9: changes role from  FOLLOWER to FOLLOWER at term 130 for recognizeCandidate:79abbc2e-0a90-4a41-a17c-6388bb873359
2019-10-15 17:17:51,979 [grpc-default-executor-1] INFO  impl.RoleInfo (RoleInfo.java:shutdownFollowerState(121)) - dbc121b5-e1e8-4c61-9d50-542b699a3d90: shutdown FollowerState
2019-10-15 17:17:51,979 [Thread-1001] INFO  impl.FollowerState (FollowerState.java:run(117)) - ebd8d1f9-8297-450f-abe7-393807ba0c7e@group-B673650064C9-FollowerState was interrupted: java.lang.InterruptedException: sleep interrupted
2019-10-15 17:17:51,980 [grpc-default-executor-1] INFO  impl.RoleInfo (RoleInfo.java:updateAndGet(143)) - dbc121b5-e1e8-4c61-9d50-542b699a3d90: start FollowerState
2019-10-15 17:17:51,980 [Thread-1002] INFO  impl.FollowerState (FollowerState.java:run(117)) - dbc121b5-e1e8-4c61-9d50-542b699a3d90@group-B673650064C9-FollowerState was interrupted: java.lang.InterruptedException: sleep interrupted
2019-10-15 17:17:52,010 [79abbc2e-0a90-4a41-a17c-6388bb873359@group-B673650064C9-LeaderElection111] INFO  impl.LeaderElection (LeaderElection.java:logAndReturn(56)) - 79abbc2e-0a90-4a41-a17c-6388bb873359@group-B673650064C9-LeaderElection111: Election REJECTED; received 2 response(s) [79abbc2e-0a90-4a41-a17c-6388bb873359<-ebd8d1f9-8297-450f-abe7-393807ba0c7e#0:FAIL-t130, 79abbc2e-0a90-4a41-a17c-6388bb873359<-dbc121b5-e1e8-4c61-9d50-542b699a3d90#0:FAIL-t130] and 0 exception(s); 79abbc2e-0a90-4a41-a17c-6388bb873359@group-B673650064C9:t130, leader=null, voted=79abbc2e-0a90-4a41-a17c-6388bb873359, raftlog=79abbc2e-0a90-4a41-a17c-6388bb873359@group-B673650064C9-SegmentedRaftLog:OPENED:c-1,f-1,i0, conf=-1: [ebd8d1f9-8297-450f-abe7-393807ba0c7e:192.168.164.239:36510, dbc121b5-e1e8-4c61-9d50-542b699a3d90:192.168.164.239:43140, 79abbc2e-0a90-4a41-a17c-6388bb873359:192.168.164.239:37857], old=null
2019-10-15 17:17:52,010 [79abbc2e-0a90-4a41-a17c-6388bb873359@group-B673650064C9-LeaderElection111] INFO  impl.RaftServerImpl (RaftServerImpl.java:setRole(184)) - 79abbc2e-0a90-4a41-a17c-6388bb873359@group-B673650064C9: changes role from CANDIDATE to FOLLOWER at term 130 for DISCOVERED_A_NEW_TERM
2019-10-15 17:17:52,010 [79abbc2e-0a90-4a41-a17c-6388bb873359@group-B673650064C9-LeaderElection111] INFO  impl.RoleInfo (RoleInfo.java:shutdownLeaderElection(134)) - 79abbc2e-0a90-4a41-a17c-6388bb873359: shutdown LeaderElection
2019-10-15 17:17:52,011 [79abbc2e-0a90-4a41-a17c-6388bb873359@group-B673650064C9-LeaderElection111] INFO  impl.RoleInfo (RoleInfo.java:updateAndGet(143)) - 79abbc2e-0a90-4a41-a17c-6388bb873359: start FollowerState
2019-10-15 17:17:52,033 [Thread-1009] INFO  impl.FollowerState (FollowerState.java:run(108)) - 79abbc2e-0a90-4a41-a17c-6388bb873359@group-B673650064C9-FollowerState: change to CANDIDATE, lastRpcTime:22ms, electionTimeout:22ms
2019-10-15 17:17:52,033 [Thread-1009] INFO  impl.RoleInfo (RoleInfo.java:shutdownFollowerState(121)) - 79abbc2e-0a90-4a41-a17c-6388bb873359: shutdown FollowerState
2019-10-15 17:17:52,033 [Thread-1009] INFO  impl.RaftServerImpl (RaftServerImpl.java:setRole(184)) - 79abbc2e-0a90-4a41-a17c-6388bb873359@group-B673650064C9: changes role from  FOLLOWER to CANDIDATE at term 130 for changeToCandidate
2019-10-15 17:17:52,034 [Thread-1009] INFO  impl.RoleInfo (RoleInfo.java:updateAndGet(143)) - 79abbc2e-0a90-4a41-a17c-6388bb873359: start LeaderElection
2019-10-15 17:17:52,059 [79abbc2e-0a90-4a41-a17c-6388bb873359@group-B673650064C9-LeaderElection112] INFO  impl.LeaderElection (LeaderElection.java:askForVotes(178)) - 79abbc2e-0a90-4a41-a17c-6388bb873359@group-B673650064C9-LeaderElection112: begin an election at term 131 for -1: [ebd8d1f9-8297-450f-abe7-393807ba0c7e:192.168.164.239:36510, dbc121b5-e1e8-4c61-9d50-542b699a3d90:192.168.164.239:43140, 79abbc2e-0a90-4a41-a17c-6388bb873359:192.168.164.239:37857], old=null
2019-10-15 17:17:52,061 [grpc-default-executor-0] INFO  impl.RaftServerImpl (RaftServerImpl.java:setRole(184)) - ebd8d1f9-8297-450f-abe7-393807ba0c7e@group-B673650064C9: changes role from  FOLLOWER to FOLLOWER at term 131 for recognizeCandidate:79abbc2e-0a90-4a41-a17c-6388bb873359
2019-10-15 17:17:52,062 [grpc-default-executor-0] INFO  impl.RoleInfo (RoleInfo.java:shutdownFollowerState(121)) - ebd8d1f9-8297-450f-abe7-393807ba0c7e: shutdown FollowerState
2019-10-15 17:17:52,062 [grpc-default-executor-1] INFO  impl.RaftServerImpl (RaftServerImpl.java:setRole(184)) - dbc121b5-e1e8-4c61-9d50-542b699a3d90@group-B673650064C9: changes role from  FOLLOWER to FOLLOWER at term 131 for recognizeCandidate:79abbc2e-0a90-4a41-a17c-6388bb873359
2019-10-15 17:17:52,062 [Thread-1007] INFO  impl.FollowerState (FollowerState.java:run(117)) - ebd8d1f9-8297-450f-abe7-393807ba0c7e@group-B673650064C9-FollowerState was interrupted: java.lang.InterruptedException: sleep interrupted
2019-10-15 17:17:52,062 [grpc-default-executor-0] INFO  impl.RoleInfo (RoleInfo.java:updateAndGet(143)) - ebd8d1f9-8297-450f-abe7-393807ba0c7e: start FollowerState
2019-10-15 17:17:52,062 [grpc-default-executor-1] INFO  impl.RoleInfo (RoleInfo.java:shutdownFollowerState(121)) - dbc121b5-e1e8-4c61-9d50-542b699a3d90: shutdown FollowerState
2019-10-15 17:17:52,062 [grpc-default-executor-1] INFO  impl.RoleInfo (RoleInfo.java:updateAndGet(143)) - dbc121b5-e1e8-4c61-9d50-542b699a3d90: start FollowerState
2019-10-15 17:17:52,063 [Thread-1008] INFO  impl.FollowerState (FollowerState.java:run(117)) - dbc121b5-e1e8-4c61-9d50-542b699a3d90@group-B673650064C9-FollowerState was interrupted: java.lang.InterruptedException: sleep interrupted
2019-10-15 17:17:52,136 [79abbc2e-0a90-4a41-a17c-6388bb873359@group-B673650064C9-LeaderElection112] INFO  impl.LeaderElection (LeaderElection.java:logAndReturn(56)) - 79abbc2e-0a90-4a41-a17c-6388bb873359@group-B673650064C9-LeaderElection112: Election REJECTED; received 2 response(s) [79abbc2e-0a90-4a41-a17c-6388bb873359<-ebd8d1f9-8297-450f-abe7-393807ba0c7e#0:FAIL-t131, 79abbc2e-0a90-4a41-a17c-6388bb873359<-dbc121b5-e1e8-4c61-9d50-542b699a3d90#0:FAIL-t131] and 0 exception(s); 79abbc2e-0a90-4a41-a17c-6388bb873359@group-B673650064C9:t131, leader=null, voted=79abbc2e-0a90-4a41-a17c-6388bb873359, raftlog=79abbc2e-0a90-4a41-a17c-6388bb873359@group-B673650064C9-SegmentedRaftLog:OPENED:c-1,f-1,i0, conf=-1: [ebd8d1f9-8297-450f-abe7-393807ba0c7e:192.168.164.239:36510, dbc121b5-e1e8-4c61-9d50-542b699a3d90:192.168.164.239:43140, 79abbc2e-0a90-4a41-a17c-6388bb873359:192.168.164.239:37857], old=null
2019-10-15 17:17:52,146 [79abbc2e-0a90-4a41-a17c-6388bb873359@group-B673650064C9-LeaderElection112] INFO  impl.RaftServerImpl (RaftServerImpl.java:setRole(184)) - 79abbc2e-0a90-4a41-a17c-6388bb873359@group-B673650064C9: changes role from CANDIDATE to FOLLOWER at term 131 for DISCOVERED_A_NEW_TERM
2019-10-15 17:17:52,146 [79abbc2e-0a90-4a41-a17c-6388bb873359@group-B673650064C9-LeaderElection112] INFO  impl.RoleInfo (RoleInfo.java:shutdownLeaderElection(134)) - 79abbc2e-0a90-4a41-a17c-6388bb873359: shutdown LeaderElection
2019-10-15 17:17:52,146 [79abbc2e-0a90-4a41-a17c-6388bb873359@group-B673650064C9-LeaderElection112] INFO  impl.RoleInfo (RoleInfo.java:updateAndGet(143)) - 79abbc2e-0a90-4a41-a17c-6388bb873359: start FollowerState
2019-10-15 17:17:52,275 [Thread-1015] INFO  impl.FollowerState (FollowerState.java:run(108)) - 79abbc2e-0a90-4a41-a17c-6388bb873359@group-B673650064C9-FollowerState: change to CANDIDATE, lastRpcTime:129ms, electionTimeout:129ms
2019-10-15 17:17:52,276 [Thread-1015] INFO  impl.RoleInfo (RoleInfo.java:shutdownFollowerState(121)) - 79abbc2e-0a90-4a41-a17c-6388bb873359: shutdown FollowerState
2019-10-15 17:17:52,276 [Thread-1015] INFO  impl.RaftServerImpl (RaftServerImpl.java:setRole(184)) - 79abbc2e-0a90-4a41-a17c-6388bb873359@group-B673650064C9: changes role from  FOLLOWER to CANDIDATE at term 131 for changeToCandidate
2019-10-15 17:17:52,276 [Thread-1015] INFO  impl.RoleInfo (RoleInfo.java:updateAndGet(143)) - 79abbc2e-0a90-4a41-a17c-6388bb873359: start LeaderElection
2019-10-15 17:17:52,318 [79abbc2e-0a90-4a41-a17c-6388bb873359@group-B673650064C9-LeaderElection113] INFO  impl.LeaderElection (LeaderElection.java:askForVotes(178)) - 79abbc2e-0a90-4a41-a17c-6388bb873359@group-B673650064C9-LeaderElection113: begin an election at term 132 for -1: [ebd8d1f9-8297-450f-abe7-393807ba0c7e:192.168.164.239:36510, dbc121b5-e1e8-4c61-9d50-542b699a3d90:192.168.164.239:43140, 79abbc2e-0a90-4a41-a17c-6388bb873359:192.168.164.239:37857], old=null
2019-10-15 17:17:52,321 [grpc-default-executor-1] INFO  impl.RaftServerImpl (RaftServerImpl.java:setRole(184)) - ebd8d1f9-8297-450f-abe7-393807ba0c7e@group-B673650064C9: changes role from  FOLLOWER to FOLLOWER at term 132 for recognizeCandidate:79abbc2e-0a90-4a41-a17c-6388bb873359
2019-10-15 17:17:52,321 [grpc-default-executor-0] INFO  impl.RaftServerImpl (RaftServerImpl.java:setRole(184)) - dbc121b5-e1e8-4c61-9d50-542b699a3d90@group-B673650064C9: changes role from  FOLLOWER to FOLLOWER at term 132 for recognizeCandidate:79abbc2e-0a90-4a41-a17c-6388bb873359
2019-10-15 17:17:52,321 [grpc-default-executor-1] INFO  impl.RoleInfo (RoleInfo.java:shutdownFollowerState(121)) - ebd8d1f9-8297-450f-abe7-393807ba0c7e: shutdown FollowerState
2019-10-15 17:17:52,321 [grpc-default-executor-0] INFO  impl.RoleInfo (RoleInfo.java:shutdownFollowerState(121)) - dbc121b5-e1e8-4c61-9d50-542b699a3d90: shutdown FollowerState
2019-10-15 17:17:52,321 [grpc-default-executor-1] INFO  impl.RoleInfo (RoleInfo.java:updateAndGet(143)) - ebd8d1f9-8297-450f-abe7-393807ba0c7e: start FollowerState
2019-10-15 17:17:52,321 [grpc-default-executor-0] INFO  impl.RoleInfo (RoleInfo.java:updateAndGet(143)) - dbc121b5-e1e8-4c61-9d50-542b699a3d90: start FollowerState
2019-10-15 17:17:52,321 [Thread-1013] INFO  impl.FollowerState (FollowerState.java:run(117)) - ebd8d1f9-8297-450f-abe7-393807ba0c7e@group-B673650064C9-FollowerState was interrupted: java.lang.InterruptedException: sleep interrupted
2019-10-15 17:17:52,321 [Thread-1014] INFO  impl.FollowerState (FollowerState.java:run(117)) - dbc121b5-e1e8-4c61-9d50-542b699a3d90@group-B673650064C9-FollowerState was interrupted: java.lang.InterruptedException: sleep interrupted
2019-10-15 17:17:52,345 [79abbc2e-0a90-4a41-a17c-6388bb873359@group-B673650064C9-LeaderElection113] INFO  impl.LeaderElection (LeaderElection.java:logAndReturn(56)) - 79abbc2e-0a90-4a41-a17c-6388bb873359@group-B673650064C9-LeaderElection113: Election REJECTED; received 2 response(s) [79abbc2e-0a90-4a41-a17c-6388bb873359<-ebd8d1f9-8297-450f-abe7-393807ba0c7e#0:FAIL-t132, 79abbc2e-0a90-4a41-a17c-6388bb873359<-dbc121b5-e1e8-4c61-9d50-542b699a3d90#0:FAIL-t132] and 0 exception(s); 79abbc2e-0a90-4a41-a17c-6388bb873359@group-B673650064C9:t132, leader=null, voted=79abbc2e-0a90-4a41-a17c-6388bb873359, raftlog=79abbc2e-0a90-4a41-a17c-6388bb873359@group-B673650064C9-SegmentedRaftLog:OPENED:c-1,f-1,i0, conf=-1: [ebd8d1f9-8297-450f-abe7-393807ba0c7e:192.168.164.239:36510, dbc121b5-e1e8-4c61-9d50-542b699a3d90:192.168.164.239:43140, 79abbc2e-0a90-4a41-a17c-6388bb873359:192.168.164.239:37857], old=null
2019-10-15 17:17:52,345 [79abbc2e-0a90-4a41-a17c-6388bb873359@group-B673650064C9-LeaderElection113] INFO  impl.RaftServerImpl (RaftServerImpl.java:setRole(184)) - 79abbc2e-0a90-4a41-a17c-6388bb873359@group-B673650064C9: changes role from CANDIDATE to FOLLOWER at term 132 for DISCOVERED_A_NEW_TERM
2019-10-15 17:17:52,345 [79abbc2e-0a90-4a41-a17c-6388bb873359@group-B673650064C9-LeaderElection113] INFO  impl.RoleInfo (RoleInfo.java:shutdownLeaderElection(134)) - 79abbc2e-0a90-4a41-a17c-6388bb873359: shutdown LeaderElection
2019-10-15 17:17:52,345 [79abbc2e-0a90-4a41-a17c-6388bb873359@group-B673650064C9-LeaderElection113] INFO  impl.RoleInfo (RoleInfo.java:updateAndGet(143)) - 79abbc2e-0a90-4a41-a17c-6388bb873359: start FollowerState
2019-10-15 17:17:52,495 [Thread-1021] INFO  impl.FollowerState (FollowerState.java:run(108)) - 79abbc2e-0a90-4a41-a17c-6388bb873359@group-B673650064C9-FollowerState: change to CANDIDATE, lastRpcTime:150ms, electionTimeout:150ms
2019-10-15 17:17:52,496 [Thread-1021] INFO  impl.RoleInfo (RoleInfo.java:shutdownFollowerState(121)) - 79abbc2e-0a90-4a41-a17c-6388bb873359: shutdown FollowerState
2019-10-15 17:17:52,496 [Thread-1021] INFO  impl.RaftServerImpl (RaftServerImpl.java:setRole(184)) - 79abbc2e-0a90-4a41-a17c-6388bb873359@group-B673650064C9: changes role from  FOLLOWER to CANDIDATE at term 132 for changeToCandidate
2019-10-15 17:17:52,496 [Thread-1021] INFO  impl.RoleInfo (RoleInfo.java:updateAndGet(143)) - 79abbc2e-0a90-4a41-a17c-6388bb873359: start LeaderElection
2019-10-15 17:17:52,528 [79abbc2e-0a90-4a41-a17c-6388bb873359@group-B673650064C9-LeaderElection114] INFO  impl.LeaderElection (LeaderElection.java:askForVotes(178)) - 79abbc2e-0a90-4a41-a17c-6388bb873359@group-B673650064C9-LeaderElection114: begin an election at term 133 for -1: [ebd8d1f9-8297-450f-abe7-393807ba0c7e:192.168.164.239:36510, dbc121b5-e1e8-4c61-9d50-542b699a3d90:192.168.164.239:43140, 79abbc2e-0a90-4a41-a17c-6388bb873359:192.168.164.239:37857], old=null
2019-10-15 17:17:52,529 [grpc-default-executor-1] INFO  impl.RaftServerImpl (RaftServerImpl.java:setRole(184)) - ebd8d1f9-8297-450f-abe7-393807ba0c7e@group-B673650064C9: changes role from  FOLLOWER to FOLLOWER at term 133 for recognizeCandidate:79abbc2e-0a90-4a41-a17c-6388bb873359
2019-10-15 17:17:52,530 [grpc-default-executor-1] INFO  impl.RoleInfo (RoleInfo.java:shutdownFollowerState(121)) - ebd8d1f9-8297-450f-abe7-393807ba0c7e: shutdown FollowerState
2019-10-15 17:17:52,530 [grpc-default-executor-1] INFO  impl.RoleInfo (RoleInfo.java:updateAndGet(143)) - ebd8d1f9-8297-450f-abe7-393807ba0c7e: start FollowerState
2019-10-15 17:17:52,530 [grpc-default-executor-0] INFO  impl.RaftServerImpl (RaftServerImpl.java:setRole(184)) - dbc121b5-e1e8-4c61-9d50-542b699a3d90@group-B673650064C9: changes role from  FOLLOWER to FOLLOWER at term 133 for recognizeCandidate:79abbc2e-0a90-4a41-a17c-6388bb873359
2019-10-15 17:17:52,530 [grpc-default-executor-0] INFO  impl.RoleInfo (RoleInfo.java:shutdownFollowerState(121)) - dbc121b5-e1e8-4c61-9d50-542b699a3d90: shutdown FollowerState
2019-10-15 17:17:52,530 [Thread-1019] INFO  impl.FollowerState (FollowerState.java:run(117)) - ebd8d1f9-8297-450f-abe7-393807ba0c7e@group-B673650064C9-FollowerState was interrupted: java.lang.InterruptedException: sleep interrupted
2019-10-15 17:17:52,531 [Thread-1020] INFO  impl.FollowerState (FollowerState.java:run(117)) - dbc121b5-e1e8-4c61-9d50-542b699a3d90@group-B673650064C9-FollowerState was interrupted: java.lang.InterruptedException: sleep interrupted
2019-10-15 17:17:52,530 [grpc-default-executor-0] INFO  impl.RoleInfo (RoleInfo.java:updateAndGet(143)) - dbc121b5-e1e8-4c61-9d50-542b699a3d90: start FollowerState
2019-10-15 17:17:52,551 [79abbc2e-0a90-4a41-a17c-6388bb873359@group-B673650064C9-LeaderElection114] INFO  impl.LeaderElection (LeaderElection.java:logAndReturn(56)) - 79abbc2e-0a90-4a41-a17c-6388bb873359@group-B673650064C9-LeaderElection114: Election TIMEOUT; received 0 response(s) [] and 0 exception(s); 79abbc2e-0a90-4a41-a17c-6388bb873359@group-B673650064C9:t133, leader=null, voted=79abbc2e-0a90-4a41-a17c-6388bb873359, raftlog=79abbc2e-0a90-4a41-a17c-6388bb873359@group-B673650064C9-SegmentedRaftLog:OPENED:c-1,f-1,i0, conf=-1: [ebd8d1f9-8297-450f-abe7-393807ba0c7e:192.168.164.239:36510, dbc121b5-e1e8-4c61-9d50-542b699a3d90:192.168.164.239:43140, 79abbc2e-0a90-4a41-a17c-6388bb873359:192.168.164.239:37857], old=null
2019-10-15 17:17:52,578 [79abbc2e-0a90-4a41-a17c-6388bb873359@group-B673650064C9-LeaderElection114] INFO  impl.LeaderElection (LeaderElection.java:askForVotes(178)) - 79abbc2e-0a90-4a41-a17c-6388bb873359@group-B673650064C9-LeaderElection114: begin an election at term 134 for -1: [ebd8d1f9-8297-450f-abe7-393807ba0c7e:192.168.164.239:36510, dbc121b5-e1e8-4c61-9d50-542b699a3d90:192.168.164.239:43140, 79abbc2e-0a90-4a41-a17c-6388bb873359:192.168.164.239:37857], old=null
2019-10-15 17:17:52,580 [grpc-default-executor-1] INFO  impl.RaftServerImpl (RaftServerImpl.java:setRole(184)) - ebd8d1f9-8297-450f-abe7-393807ba0c7e@group-B673650064C9: changes role from  FOLLOWER to FOLLOWER at term 134 for recognizeCandidate:79abbc2e-0a90-4a41-a17c-6388bb873359
2019-10-15 17:17:52,580 [grpc-default-executor-1] INFO  impl.RoleInfo (RoleInfo.java:shutdownFollowerState(121)) - ebd8d1f9-8297-450f-abe7-393807ba0c7e: shutdown FollowerState
2019-10-15 17:17:52,580 [grpc-default-executor-1] INFO  impl.RoleInfo (RoleInfo.java:updateAndGet(143)) - ebd8d1f9-8297-450f-abe7-393807ba0c7e: start FollowerState
2019-10-15 17:17:52,580 [grpc-default-executor-0] INFO  impl.RaftServerImpl (RaftServerImpl.java:setRole(184)) - dbc121b5-e1e8-4c61-9d50-542b699a3d90@group-B673650064C9: changes role from  FOLLOWER to FOLLOWER at term 134 for recognizeCandidate:79abbc2e-0a90-4a41-a17c-6388bb873359
2019-10-15 17:17:52,580 [Thread-1025] INFO  impl.FollowerState (FollowerState.java:run(117)) - ebd8d1f9-8297-450f-abe7-393807ba0c7e@group-B673650064C9-FollowerState was interrupted: java.lang.InterruptedException: sleep interrupted
2019-10-15 17:17:52,581 [grpc-default-executor-0] INFO  impl.RoleInfo (RoleInfo.java:shutdownFollowerState(121)) - dbc121b5-e1e8-4c61-9d50-542b699a3d90: shutdown FollowerState
2019-10-15 17:17:52,581 [grpc-default-executor-0] INFO  impl.RoleInfo (RoleInfo.java:updateAndGet(143)) - dbc121b5-e1e8-4c61-9d50-542b699a3d90: start FollowerState
2019-10-15 17:17:52,581 [Thread-1026] INFO  impl.FollowerState (FollowerState.java:run(117)) - dbc121b5-e1e8-4c61-9d50-542b699a3d90@group-B673650064C9-FollowerState was interrupted: java.lang.InterruptedException: sleep interrupted
2019-10-15 17:17:52,604 [79abbc2e-0a90-4a41-a17c-6388bb873359@group-B673650064C9-LeaderElection114] INFO  impl.LeaderElection (LeaderElection.java:logAndReturn(56)) - 79abbc2e-0a90-4a41-a17c-6388bb873359@group-B673650064C9-LeaderElection114: Election REJECTED; received 2 response(s) [79abbc2e-0a90-4a41-a17c-6388bb873359<-ebd8d1f9-8297-450f-abe7-393807ba0c7e#0:FAIL-t134, 79abbc2e-0a90-4a41-a17c-6388bb873359<-dbc121b5-e1e8-4c61-9d50-542b699a3d90#0:FAIL-t134] and 0 exception(s); 79abbc2e-0a90-4a41-a17c-6388bb873359@group-B673650064C9:t134, leader=null, voted=79abbc2e-0a90-4a41-a17c-6388bb873359, raftlog=79abbc2e-0a90-4a41-a17c-6388bb873359@group-B673650064C9-SegmentedRaftLog:OPENED:c-1,f-1,i0, conf=-1: [ebd8d1f9-8297-450f-abe7-393807ba0c7e:192.168.164.239:36510, dbc121b5-e1e8-4c61-9d50-542b699a3d90:192.168.164.239:43140, 79abbc2e-0a90-4a41-a17c-6388bb873359:192.168.164.239:37857], old=null
2019-10-15 17:17:52,605 [79abbc2e-0a90-4a41-a17c-6388bb873359@group-B673650064C9-LeaderElection114] INFO  impl.RaftServerImpl (RaftServerImpl.java:setRole(184)) - 79abbc2e-0a90-4a41-a17c-6388bb873359@group-B673650064C9: changes role from CANDIDATE to FOLLOWER at term 134 for DISCOVERED_A_NEW_TERM
2019-10-15 17:17:52,605 [79abbc2e-0a90-4a41-a17c-6388bb873359@group-B673650064C9-LeaderElection114] INFO  impl.RoleInfo (RoleInfo.java:shutdownLeaderElection(134)) - 79abbc2e-0a90-4a41-a17c-6388bb873359: shutdown LeaderElection
2019-10-15 17:17:52,605 [79abbc2e-0a90-4a41-a17c-6388bb873359@group-B673650064C9-LeaderElection114] INFO  impl.RoleInfo (RoleInfo.java:updateAndGet(143)) - 79abbc2e-0a90-4a41-a17c-6388bb873359: start FollowerState
2019-10-15 17:17:52,643 [Thread-1031] INFO  impl.FollowerState (FollowerState.java:run(108)) - 79abbc2e-0a90-4a41-a17c-6388bb873359@group-B673650064C9-FollowerState: change to CANDIDATE, lastRpcTime:38ms, electionTimeout:38ms
2019-10-15 17:17:52,643 [Thread-1031] INFO  impl.RoleInfo (RoleInfo.java:shutdownFollowerState(121)) - 79abbc2e-0a90-4a41-a17c-6388bb873359: shutdown FollowerState
2019-10-15 17:17:52,644 [Thread-1031] INFO  impl.RaftServerImpl (RaftServerImpl.java:setRole(184)) - 79abbc2e-0a90-4a41-a17c-6388bb873359@group-B673650064C9: changes role from  FOLLOWER to CANDIDATE at term 134 for changeToCandidate
2019-10-15 17:17:52,644 [Thread-1031] INFO  impl.RoleInfo (RoleInfo.java:updateAndGet(143)) - 79abbc2e-0a90-4a41-a17c-6388bb873359: start LeaderElection
2019-10-15 17:17:52,671 [79abbc2e-0a90-4a41-a17c-6388bb873359@group-B673650064C9-LeaderElection115] INFO  impl.LeaderElection (LeaderElection.java:askForVotes(178)) - 79abbc2e-0a90-4a41-a17c-6388bb873359@group-B673650064C9-LeaderElection115: begin an election at term 135 for -1: [ebd8d1f9-8297-450f-abe7-393807ba0c7e:192.168.164.239:36510, dbc121b5-e1e8-4c61-9d50-542b699a3d90:192.168.164.239:43140, 79abbc2e-0a90-4a41-a17c-6388bb873359:192.168.164.239:37857], old=null
2019-10-15 17:17:52,673 [grpc-default-executor-0] INFO  impl.RaftServerImpl (RaftServerImpl.java:setRole(184)) - ebd8d1f9-8297-450f-abe7-393807ba0c7e@group-B673650064C9: changes role from  FOLLOWER to FOLLOWER at term 135 for recognizeCandidate:79abbc2e-0a90-4a41-a17c-6388bb873359
2019-10-15 17:17:52,673 [grpc-default-executor-0] INFO  impl.RoleInfo (RoleInfo.java:shutdownFollowerState(121)) - ebd8d1f9-8297-450f-abe7-393807ba0c7e: shutdown FollowerState
2019-10-15 17:17:52,673 [grpc-default-executor-0] INFO  impl.RoleInfo (RoleInfo.java:updateAndGet(143)) - ebd8d1f9-8297-450f-abe7-393807ba0c7e: start FollowerState
2019-10-15 17:17:52,673 [Thread-1029] INFO  impl.FollowerState (FollowerState.java:run(117)) - ebd8d1f9-8297-450f-abe7-393807ba0c7e@group-B673650064C9-FollowerState was interrupted: java.lang.InterruptedException: sleep interrupted
2019-10-15 17:17:52,673 [grpc-default-executor-1] INFO  impl.RaftServerImpl (RaftServerImpl.java:setRole(184)) - dbc121b5-e1e8-4c61-9d50-542b699a3d90@group-B673650064C9: changes role from  FOLLOWER to FOLLOWER at term 135 for recognizeCandidate:79abbc2e-0a90-4a41-a17c-6388bb873359
2019-10-15 17:17:52,673 [grpc-default-executor-1] INFO  impl.RoleInfo (RoleInfo.java:shutdownFollowerState(121)) - dbc121b5-e1e8-4c61-9d50-542b699a3d90: shutdown FollowerState
2019-10-15 17:17:52,674 [grpc-default-executor-1] INFO  impl.RoleInfo (RoleInfo.java:updateAndGet(143)) - dbc121b5-e1e8-4c61-9d50-542b699a3d90: start FollowerState
2019-10-15 17:17:52,674 [Thread-1030] INFO  impl.FollowerState (FollowerState.java:run(117)) - dbc121b5-e1e8-4c61-9d50-542b699a3d90@group-B673650064C9-FollowerState was interrupted: java.lang.InterruptedException: sleep interrupted
2019-10-15 17:17:52,697 [79abbc2e-0a90-4a41-a17c-6388bb873359@group-B673650064C9-LeaderElection115] INFO  impl.LeaderElection (LeaderElection.java:logAndReturn(56)) - 79abbc2e-0a90-4a41-a17c-6388bb873359@group-B673650064C9-LeaderElection115: Election REJECTED; received 2 response(s) [79abbc2e-0a90-4a41-a17c-6388bb873359<-ebd8d1f9-8297-450f-abe7-393807ba0c7e#0:FAIL-t135, 79abbc2e-0a90-4a41-a17c-6388bb873359<-dbc121b5-e1e8-4c61-9d50-542b699a3d90#0:FAIL-t135] and 0 exception(s); 79abbc2e-0a90-4a41-a17c-6388bb873359@group-B673650064C9:t135, leader=null, voted=79abbc2e-0a90-4a41-a17c-6388bb873359, raftlog=79abbc2e-0a90-4a41-a17c-6388bb873359@group-B673650064C9-SegmentedRaftLog:OPENED:c-1,f-1,i0, conf=-1: [ebd8d1f9-8297-450f-abe7-393807ba0c7e:192.168.164.239:36510, dbc121b5-e1e8-4c61-9d50-542b699a3d90:192.168.164.239:43140, 79abbc2e-0a90-4a41-a17c-6388bb873359:192.168.164.239:37857], old=null
2019-10-15 17:17:52,697 [79abbc2e-0a90-4a41-a17c-6388bb873359@group-B673650064C9-LeaderElection115] INFO  impl.RaftServerImpl (RaftServerImpl.java:setRole(184)) - 79abbc2e-0a90-4a41-a17c-6388bb873359@group-B673650064C9: changes role from CANDIDATE to FOLLOWER at term 135 for DISCOVERED_A_NEW_TERM
2019-10-15 17:17:52,697 [79abbc2e-0a90-4a41-a17c-6388bb873359@group-B673650064C9-LeaderElection115] INFO  impl.RoleInfo (RoleInfo.java:shutdownLeaderElection(134)) - 79abbc2e-0a90-4a41-a17c-6388bb873359: shutdown LeaderElection
2019-10-15 17:17:52,697 [79abbc2e-0a90-4a41-a17c-6388bb873359@group-B673650064C9-LeaderElection115] INFO  impl.RoleInfo (RoleInfo.java:updateAndGet(143)) - 79abbc2e-0a90-4a41-a17c-6388bb873359: start FollowerState
2019-10-15 17:17:52,725 [Thread-1039] INFO  impl.FollowerState (FollowerState.java:run(108)) - 79abbc2e-0a90-4a41-a17c-6388bb873359@group-B673650064C9-FollowerState: change to CANDIDATE, lastRpcTime:27ms, electionTimeout:27ms
2019-10-15 17:17:52,725 [Thread-1039] INFO  impl.RoleInfo (RoleInfo.java:shutdownFollowerState(121)) - 79abbc2e-0a90-4a41-a17c-6388bb873359: shutdown FollowerState
2019-10-15 17:17:52,725 [Thread-1039] INFO  impl.RaftServerImpl (RaftServerImpl.java:setRole(184)) - 79abbc2e-0a90-4a41-a17c-6388bb873359@group-B673650064C9: changes role from  FOLLOWER to CANDIDATE at term 135 for changeToCandidate
2019-10-15 17:17:52,725 [Thread-1039] INFO  impl.RoleInfo (RoleInfo.java:updateAndGet(143)) - 79abbc2e-0a90-4a41-a17c-6388bb873359: start LeaderElection
2019-10-15 17:17:52,755 [79abbc2e-0a90-4a41-a17c-6388bb873359@group-B673650064C9-LeaderElection116] INFO  impl.LeaderElection (LeaderElection.java:askForVotes(178)) - 79abbc2e-0a90-4a41-a17c-6388bb873359@group-B673650064C9-LeaderElection116: begin an election at term 136 for -1: [ebd8d1f9-8297-450f-abe7-393807ba0c7e:192.168.164.239:36510, dbc121b5-e1e8-4c61-9d50-542b699a3d90:192.168.164.239:43140, 79abbc2e-0a90-4a41-a17c-6388bb873359:192.168.164.239:37857], old=null
2019-10-15 17:17:52,757 [grpc-default-executor-0] INFO  impl.RaftServerImpl (RaftServerImpl.java:setRole(184)) - dbc121b5-e1e8-4c61-9d50-542b699a3d90@group-B673650064C9: changes role from  FOLLOWER to FOLLOWER at term 136 for recognizeCandidate:79abbc2e-0a90-4a41-a17c-6388bb873359
2019-10-15 17:17:52,757 [grpc-default-executor-1] INFO  impl.RaftServerImpl (RaftServerImpl.java:setRole(184)) - ebd8d1f9-8297-450f-abe7-393807ba0c7e@group-B673650064C9: changes role from  FOLLOWER to FOLLOWER at term 136 for recognizeCandidate:79abbc2e-0a90-4a41-a17c-6388bb873359
2019-10-15 17:17:52,758 [grpc-default-executor-1] INFO  impl.RoleInfo (RoleInfo.java:shutdownFollowerState(121)) - ebd8d1f9-8297-450f-abe7-393807ba0c7e: shutdown FollowerState
2019-10-15 17:17:52,757 [grpc-default-executor-0] INFO  impl.RoleInfo (RoleInfo.java:shutdownFollowerState(121)) - dbc121b5-e1e8-4c61-9d50-542b699a3d90: shutdown FollowerState
2019-10-15 17:17:52,758 [grpc-default-executor-1] INFO  impl.RoleInfo (RoleInfo.java:updateAndGet(143)) - ebd8d1f9-8297-450f-abe7-393807ba0c7e: start FollowerState
2019-10-15 17:17:52,758 [Thread-1035] INFO  impl.FollowerState (FollowerState.java:run(117)) - ebd8d1f9-8297-450f-abe7-393807ba0c7e@group-B673650064C9-FollowerState was interrupted: java.lang.InterruptedException: sleep interrupted
2019-10-15 17:17:52,758 [Thread-1036] INFO  impl.FollowerState (FollowerState.java:run(117)) - dbc121b5-e1e8-4c61-9d50-542b699a3d90@group-B673650064C9-FollowerState was interrupted: java.lang.InterruptedException: sleep interrupted
2019-10-15 17:17:52,758 [grpc-default-executor-0] INFO  impl.RoleInfo (RoleInfo.java:updateAndGet(143)) - dbc121b5-e1e8-4c61-9d50-542b699a3d90: start FollowerState
2019-10-15 17:17:52,781 [79abbc2e-0a90-4a41-a17c-6388bb873359@group-B673650064C9-LeaderElection116] INFO  impl.LeaderElection (LeaderElection.java:logAndReturn(56)) - 79abbc2e-0a90-4a41-a17c-6388bb873359@group-B673650064C9-LeaderElection116: Election REJECTED; received 2 response(s) [79abbc2e-0a90-4a41-a17c-6388bb873359<-ebd8d1f9-8297-450f-abe7-393807ba0c7e#0:FAIL-t136, 79abbc2e-0a90-4a41-a17c-6388bb873359<-dbc121b5-e1e8-4c61-9d50-542b699a3d90#0:FAIL-t136] and 0 exception(s); 79abbc2e-0a90-4a41-a17c-6388bb873359@group-B673650064C9:t136, leader=null, voted=79abbc2e-0a90-4a41-a17c-6388bb873359, raftlog=79abbc2e-0a90-4a41-a17c-6388bb873359@group-B673650064C9-SegmentedRaftLog:OPENED:c-1,f-1,i0, conf=-1: [ebd8d1f9-8297-450f-abe7-393807ba0c7e:192.168.164.239:36510, dbc121b5-e1e8-4c61-9d50-542b699a3d90:192.168.164.239:43140, 79abbc2e-0a90-4a41-a17c-6388bb873359:192.168.164.239:37857], old=null
2019-10-15 17:17:52,781 [79abbc2e-0a90-4a41-a17c-6388bb873359@group-B673650064C9-LeaderElection116] INFO  impl.RaftServerImpl (RaftServerImpl.java:setRole(184)) - 79abbc2e-0a90-4a41-a17c-6388bb873359@group-B673650064C9: changes role from CANDIDATE to FOLLOWER at term 136 for DISCOVERED_A_NEW_TERM
2019-10-15 17:17:52,781 [79abbc2e-0a90-4a41-a17c-6388bb873359@group-B673650064C9-LeaderElection116] INFO  impl.RoleInfo (RoleInfo.java:shutdownLeaderElection(134)) - 79abbc2e-0a90-4a41-a17c-6388bb873359: shutdown LeaderElection
2019-10-15 17:17:52,782 [79abbc2e-0a90-4a41-a17c-6388bb873359@group-B673650064C9-LeaderElection116] INFO  impl.RoleInfo (RoleInfo.java:updateAndGet(143)) - 79abbc2e-0a90-4a41-a17c-6388bb873359: start FollowerState
2019-10-15 17:17:52,923 [Thread-1045] INFO  impl.FollowerState (FollowerState.java:run(108)) - 79abbc2e-0a90-4a41-a17c-6388bb873359@group-B673650064C9-FollowerState: change to CANDIDATE, lastRpcTime:141ms, electionTimeout:141ms
2019-10-15 17:17:52,923 [Thread-1045] INFO  impl.RoleInfo (RoleInfo.java:shutdownFollowerState(121)) - 79abbc2e-0a90-4a41-a17c-6388bb873359: shutdown FollowerState
2019-10-15 17:17:52,923 [Thread-1045] INFO  impl.RaftServerImpl (RaftServerImpl.java:setRole(184)) - 79abbc2e-0a90-4a41-a17c-6388bb873359@group-B673650064C9: changes role from  FOLLOWER to CANDIDATE at term 136 for changeToCandidate
2019-10-15 17:17:52,923 [Thread-1045] INFO  impl.RoleInfo (RoleInfo.java:updateAndGet(143)) - 79abbc2e-0a90-4a41-a17c-6388bb873359: start LeaderElection
2019-10-15 17:17:52,948 [79abbc2e-0a90-4a41-a17c-6388bb873359@group-B673650064C9-LeaderElection117] INFO  impl.LeaderElection (LeaderElection.java:askForVotes(178)) - 79abbc2e-0a90-4a41-a17c-6388bb873359@group-B673650064C9-LeaderElection117: begin an election at term 137 for -1: [ebd8d1f9-8297-450f-abe7-393807ba0c7e:192.168.164.239:36510, dbc121b5-e1e8-4c61-9d50-542b699a3d90:192.168.164.239:43140, 79abbc2e-0a90-4a41-a17c-6388bb873359:192.168.164.239:37857], old=null
2019-10-15 17:17:52,951 [grpc-default-executor-1] INFO  impl.RaftServerImpl (RaftServerImpl.java:setRole(184)) - dbc121b5-e1e8-4c61-9d50-542b699a3d90@group-B673650064C9: changes role from  FOLLOWER to FOLLOWER at term 137 for recognizeCandidate:79abbc2e-0a90-4a41-a17c-6388bb873359
2019-10-15 17:17:52,951 [grpc-default-executor-0] INFO  impl.RaftServerImpl (RaftServerImpl.java:setRole(184)) - ebd8d1f9-8297-450f-abe7-393807ba0c7e@group-B673650064C9: changes role from  FOLLOWER to FOLLOWER at term 137 for recognizeCandidate:79abbc2e-0a90-4a41-a17c-6388bb873359
2019-10-15 17:17:52,951 [grpc-default-executor-1] INFO  impl.RoleInfo (RoleInfo.java:shutdownFollowerState(121)) - dbc121b5-e1e8-4c61-9d50-542b699a3d90: shutdown FollowerState
2019-10-15 17:17:52,951 [grpc-default-executor-0] INFO  impl.RoleInfo (RoleInfo.java:shutdownFollowerState(121)) - ebd8d1f9-8297-450f-abe7-393807ba0c7e: shutdown FollowerState
2019-10-15 17:17:52,951 [grpc-default-executor-1] INFO  impl.RoleInfo (RoleInfo.java:updateAndGet(143)) - dbc121b5-e1e8-4c61-9d50-542b699a3d90: start FollowerState
2019-10-15 17:17:52,951 [grpc-default-executor-0] INFO  impl.RoleInfo (RoleInfo.java:updateAndGet(143)) - ebd8d1f9-8297-450f-abe7-393807ba0c7e: start FollowerState
2019-10-15 17:17:52,951 [Thread-1044] INFO  impl.FollowerState (FollowerState.java:run(117)) - dbc121b5-e1e8-4c61-9d50-542b699a3d90@group-B673650064C9-FollowerState was interrupted: java.lang.InterruptedException: sleep interrupted
2019-10-15 17:17:52,952 [Thread-1043] INFO  impl.FollowerState (FollowerState.java:run(117)) - ebd8d1f9-8297-450f-abe7-393807ba0c7e@group-B673650064C9-FollowerState was interrupted: java.lang.InterruptedException: sleep interrupted
2019-10-15 17:17:52,975 [79abbc2e-0a90-4a41-a17c-6388bb873359@group-B673650064C9-LeaderElection117] INFO  impl.LeaderElection (LeaderElection.java:logAndReturn(56)) - 79abbc2e-0a90-4a41-a17c-6388bb873359@group-B673650064C9-LeaderElection117: Election REJECTED; received 2 response(s) [79abbc2e-0a90-4a41-a17c-6388bb873359<-ebd8d1f9-8297-450f-abe7-393807ba0c7e#0:FAIL-t137, 79abbc2e-0a90-4a41-a17c-6388bb873359<-dbc121b5-e1e8-4c61-9d50-542b699a3d90#0:FAIL-t137] and 0 exception(s); 79abbc2e-0a90-4a41-a17c-6388bb873359@group-B673650064C9:t137, leader=null, voted=79abbc2e-0a90-4a41-a17c-6388bb873359, raftlog=79abbc2e-0a90-4a41-a17c-6388bb873359@group-B673650064C9-SegmentedRaftLog:OPENED:c-1,f-1,i0, conf=-1: [ebd8d1f9-8297-450f-abe7-393807ba0c7e:192.168.164.239:36510, dbc121b5-e1e8-4c61-9d50-542b699a3d90:192.168.164.239:43140, 79abbc2e-0a90-4a41-a17c-6388bb873359:192.168.164.239:37857], old=null
2019-10-15 17:17:52,975 [79abbc2e-0a90-4a41-a17c-6388bb873359@group-B673650064C9-LeaderElection117] INFO  impl.RaftServerImpl (RaftServerImpl.java:setRole(184)) - 79abbc2e-0a90-4a41-a17c-6388bb873359@group-B673650064C9: changes role from CANDIDATE to FOLLOWER at term 137 for DISCOVERED_A_NEW_TERM
2019-10-15 17:17:52,975 [79abbc2e-0a90-4a41-a17c-6388bb873359@group-B673650064C9-LeaderElection117] INFO  impl.RoleInfo (RoleInfo.java:shutdownLeaderElection(134)) - 79abbc2e-0a90-4a41-a17c-6388bb873359: shutdown LeaderElection
2019-10-15 17:17:52,975 [79abbc2e-0a90-4a41-a17c-6388bb873359@group-B673650064C9-LeaderElection117] INFO  impl.RoleInfo (RoleInfo.java:updateAndGet(143)) - 79abbc2e-0a90-4a41-a17c-6388bb873359: start FollowerState
2019-10-15 17:17:53,024 [Thread-1051] INFO  impl.FollowerState (FollowerState.java:run(108)) - 79abbc2e-0a90-4a41-a17c-6388bb873359@group-B673650064C9-FollowerState: change to CANDIDATE, lastRpcTime:49ms, electionTimeout:49ms
2019-10-15 17:17:53,025 [Thread-1051] INFO  impl.RoleInfo (RoleInfo.java:shutdownFollowerState(121)) - 79abbc2e-0a90-4a41-a17c-6388bb873359: shutdown FollowerState
2019-10-15 17:17:53,025 [Thread-1051] INFO  impl.RaftServerImpl (RaftServerImpl.java:setRole(184)) - 79abbc2e-0a90-4a41-a17c-6388bb873359@group-B673650064C9: changes role from  FOLLOWER to CANDIDATE at term 137 for changeToCandidate
2019-10-15 17:17:53,025 [Thread-1051] INFO  impl.RoleInfo (RoleInfo.java:updateAndGet(143)) - 79abbc2e-0a90-4a41-a17c-6388bb873359: start LeaderElection
2019-10-15 17:17:53,049 [79abbc2e-0a90-4a41-a17c-6388bb873359@group-B673650064C9-LeaderElection118] INFO  impl.LeaderElection (LeaderElection.java:askForVotes(178)) - 79abbc2e-0a90-4a41-a17c-6388bb873359@group-B673650064C9-LeaderElection118: begin an election at term 138 for -1: [ebd8d1f9-8297-450f-abe7-393807ba0c7e:192.168.164.239:36510, dbc121b5-e1e8-4c61-9d50-542b699a3d90:192.168.164.239:43140, 79abbc2e-0a90-4a41-a17c-6388bb873359:192.168.164.239:37857], old=null
2019-10-15 17:17:53,052 [grpc-default-executor-1] INFO  impl.RaftServerImpl (RaftServerImpl.java:setRole(184)) - ebd8d1f9-8297-450f-abe7-393807ba0c7e@group-B673650064C9: changes role from  FOLLOWER to FOLLOWER at term 138 for recognizeCandidate:79abbc2e-0a90-4a41-a17c-6388bb873359
2019-10-15 17:17:53,052 [grpc-default-executor-0] INFO  impl.RaftServerImpl (RaftServerImpl.java:setRole(184)) - dbc121b5-e1e8-4c61-9d50-542b699a3d90@group-B673650064C9: changes role from  FOLLOWER to FOLLOWER at term 138 for recognizeCandidate:79abbc2e-0a90-4a41-a17c-6388bb873359
2019-10-15 17:17:53,053 [grpc-default-executor-0] INFO  impl.RoleInfo (RoleInfo.java:shutdownFollowerState(121)) - dbc121b5-e1e8-4c61-9d50-542b699a3d90: shutdown FollowerState
2019-10-15 17:17:53,053 [grpc-default-executor-1] INFO  impl.RoleInfo (RoleInfo.java:shutdownFollowerState(121)) - ebd8d1f9-8297-450f-abe7-393807ba0c7e: shutdown FollowerState
2019-10-15 17:17:53,053 [Thread-1049] INFO  impl.FollowerState (FollowerState.java:run(117)) - dbc121b5-e1e8-4c61-9d50-542b699a3d90@group-B673650064C9-FollowerState was interrupted: java.lang.InterruptedException: sleep interrupted
2019-10-15 17:17:53,053 [Thread-1050] INFO  impl.FollowerState (FollowerState.java:run(117)) - ebd8d1f9-8297-450f-abe7-393807ba0c7e@group-B673650064C9-FollowerState was interrupted: java.lang.InterruptedException: sleep interrupted
2019-10-15 17:17:53,053 [grpc-default-executor-0] INFO  impl.RoleInfo (RoleInfo.java:updateAndGet(143)) - dbc121b5-e1e8-4c61-9d50-542b699a3d90: start FollowerState
2019-10-15 17:17:53,053 [grpc-default-executor-1] INFO  impl.RoleInfo (RoleInfo.java:updateAndGet(143)) - ebd8d1f9-8297-450f-abe7-393807ba0c7e: start FollowerState
2019-10-15 17:17:53,084 [79abbc2e-0a90-4a41-a17c-6388bb873359@group-B673650064C9-LeaderElection118] INFO  impl.LeaderElection (LeaderElection.java:logAndReturn(56)) - 79abbc2e-0a90-4a41-a17c-6388bb873359@group-B673650064C9-LeaderElection118: Election REJECTED; received 2 response(s) [79abbc2e-0a90-4a41-a17c-6388bb873359<-ebd8d1f9-8297-450f-abe7-393807ba0c7e#0:FAIL-t138, 79abbc2e-0a90-4a41-a17c-6388bb873359<-dbc121b5-e1e8-4c61-9d50-542b699a3d90#0:FAIL-t138] and 0 exception(s); 79abbc2e-0a90-4a41-a17c-6388bb873359@group-B673650064C9:t138, leader=null, voted=79abbc2e-0a90-4a41-a17c-6388bb873359, raftlog=79abbc2e-0a90-4a41-a17c-6388bb873359@group-B673650064C9-SegmentedRaftLog:OPENED:c-1,f-1,i0, conf=-1: [ebd8d1f9-8297-450f-abe7-393807ba0c7e:192.168.164.239:36510, dbc121b5-e1e8-4c61-9d50-542b699a3d90:192.168.164.239:43140, 79abbc2e-0a90-4a41-a17c-6388bb873359:192.168.164.239:37857], old=null
2019-10-15 17:17:53,084 [79abbc2e-0a90-4a41-a17c-6388bb873359@group-B673650064C9-LeaderElection118] INFO  impl.RaftServerImpl (RaftServerImpl.java:setRole(184)) - 79abbc2e-0a90-4a41-a17c-6388bb873359@group-B673650064C9: changes role from CANDIDATE to FOLLOWER at term 138 for DISCOVERED_A_NEW_TERM
2019-10-15 17:17:53,085 [79abbc2e-0a90-4a41-a17c-6388bb873359@group-B673650064C9-LeaderElection118] INFO  impl.RoleInfo (RoleInfo.java:shutdownLeaderElection(134)) - 79abbc2e-0a90-4a41-a17c-6388bb873359: shutdown LeaderElection
2019-10-15 17:17:53,085 [79abbc2e-0a90-4a41-a17c-6388bb873359@group-B673650064C9-LeaderElection118] INFO  impl.RoleInfo (RoleInfo.java:updateAndGet(143)) - 79abbc2e-0a90-4a41-a17c-6388bb873359: start FollowerState
2019-10-15 17:17:53,282 [Thread-1057] INFO  impl.FollowerState (FollowerState.java:run(108)) - 79abbc2e-0a90-4a41-a17c-6388bb873359@group-B673650064C9-FollowerState: change to CANDIDATE, lastRpcTime:197ms, electionTimeout:197ms
2019-10-15 17:17:53,282 [Thread-1057] INFO  impl.RoleInfo (RoleInfo.java:shutdownFollowerState(121)) - 79abbc2e-0a90-4a41-a17c-6388bb873359: shutdown FollowerState
2019-10-15 17:17:53,283 [Thread-1057] INFO  impl.RaftServerImpl (RaftServerImpl.java:setRole(184)) - 79abbc2e-0a90-4a41-a17c-6388bb873359@group-B673650064C9: changes role from  FOLLOWER to CANDIDATE at term 138 for changeToCandidate
2019-10-15 17:17:53,283 [Thread-1057] INFO  impl.RoleInfo (RoleInfo.java:updateAndGet(143)) - 79abbc2e-0a90-4a41-a17c-6388bb873359: start LeaderElection
2019-10-15 17:17:53,335 [79abbc2e-0a90-4a41-a17c-6388bb873359@group-B673650064C9-LeaderElection119] INFO  impl.LeaderElection (LeaderElection.java:askForVotes(178)) - 79abbc2e-0a90-4a41-a17c-6388bb873359@group-B673650064C9-LeaderElection119: begin an election at term 139 for -1: [ebd8d1f9-8297-450f-abe7-393807ba0c7e:192.168.164.239:36510, dbc121b5-e1e8-4c61-9d50-542b699a3d90:192.168.164.239:43140, 79abbc2e-0a90-4a41-a17c-6388bb873359:192.168.164.239:37857], old=null
2019-10-15 17:17:53,337 [grpc-default-executor-0] INFO  impl.RaftServerImpl (RaftServerImpl.java:setRole(184)) - ebd8d1f9-8297-450f-abe7-393807ba0c7e@group-B673650064C9: changes role from  FOLLOWER to FOLLOWER at term 139 for recognizeCandidate:79abbc2e-0a90-4a41-a17c-6388bb873359
2019-10-15 17:17:53,337 [grpc-default-executor-1] INFO  impl.RaftServerImpl (RaftServerImpl.java:setRole(184)) - dbc121b5-e1e8-4c61-9d50-542b699a3d90@group-B673650064C9: changes role from  FOLLOWER to FOLLOWER at term 139 for recognizeCandidate:79abbc2e-0a90-4a41-a17c-6388bb873359
2019-10-15 17:17:53,337 [grpc-default-executor-0] INFO  impl.RoleInfo (RoleInfo.java:shutdownFollowerState(121)) - ebd8d1f9-8297-450f-abe7-393807ba0c7e: shutdown FollowerState
2019-10-15 17:17:53,338 [grpc-default-executor-1] INFO  impl.RoleInfo (RoleInfo.java:shutdownFollowerState(121)) - dbc121b5-e1e8-4c61-9d50-542b699a3d90: shutdown FollowerState
2019-10-15 17:17:53,338 [grpc-default-executor-0] INFO  impl.RoleInfo (RoleInfo.java:updateAndGet(143)) - ebd8d1f9-8297-450f-abe7-393807ba0c7e: start FollowerState
2019-10-15 17:17:53,338 [Thread-1055] INFO  impl.FollowerState (FollowerState.java:run(117)) - dbc121b5-e1e8-4c61-9d50-542b699a3d90@group-B673650064C9-FollowerState was interrupted: java.lang.InterruptedException: sleep interrupted
2019-10-15 17:17:53,338 [grpc-default-executor-1] INFO  impl.RoleInfo (RoleInfo.java:updateAndGet(143)) - dbc121b5-e1e8-4c61-9d50-542b699a3d90: start FollowerState
2019-10-15 17:17:53,338 [Thread-1056] INFO  impl.FollowerState (FollowerState.java:run(117)) - ebd8d1f9-8297-450f-abe7-393807ba0c7e@group-B673650064C9-FollowerState was interrupted: java.lang.InterruptedException: sleep interrupted
2019-10-15 17:17:53,371 [79abbc2e-0a90-4a41-a17c-6388bb873359@group-B673650064C9-LeaderElection119] INFO  impl.LeaderElection (LeaderElection.java:logAndReturn(56)) - 79abbc2e-0a90-4a41-a17c-6388bb873359@group-B673650064C9-LeaderElection119: Election REJECTED; received 2 response(s) [79abbc2e-0a90-4a41-a17c-6388bb873359<-ebd8d1f9-8297-450f-abe7-393807ba0c7e#0:FAIL-t139, 79abbc2e-0a90-4a41-a17c-6388bb873359<-dbc121b5-e1e8-4c61-9d50-542b699a3d90#0:FAIL-t139] and 0 exception(s); 79abbc2e-0a90-4a41-a17c-6388bb873359@group-B673650064C9:t139, leader=null, voted=79abbc2e-0a90-4a41-a17c-6388bb873359, raftlog=79abbc2e-0a90-4a41-a17c-6388bb873359@group-B673650064C9-SegmentedRaftLog:OPENED:c-1,f-1,i0, conf=-1: [ebd8d1f9-8297-450f-abe7-393807ba0c7e:192.168.164.239:36510, dbc121b5-e1e8-4c61-9d50-542b699a3d90:192.168.164.239:43140, 79abbc2e-0a90-4a41-a17c-6388bb873359:192.168.164.239:37857], old=null
2019-10-15 17:17:53,371 [79abbc2e-0a90-4a41-a17c-6388bb873359@group-B673650064C9-LeaderElection119] INFO  impl.RaftServerImpl (RaftServerImpl.java:setRole(184)) - 79abbc2e-0a90-4a41-a17c-6388bb873359@group-B673650064C9: changes role from CANDIDATE to FOLLOWER at term 139 for DISCOVERED_A_NEW_TERM
2019-10-15 17:17:53,371 [79abbc2e-0a90-4a41-a17c-6388bb873359@group-B673650064C9-LeaderElection119] INFO  impl.RoleInfo (RoleInfo.java:shutdownLeaderElection(134)) - 79abbc2e-0a90-4a41-a17c-6388bb873359: shutdown LeaderElection
2019-10-15 17:17:53,371 [79abbc2e-0a90-4a41-a17c-6388bb873359@group-B673650064C9-LeaderElection119] INFO  impl.RoleInfo (RoleInfo.java:updateAndGet(143)) - 79abbc2e-0a90-4a41-a17c-6388bb873359: start FollowerState
2019-10-15 17:17:53,558 [Thread-1063] INFO  impl.FollowerState (FollowerState.java:run(108)) - 79abbc2e-0a90-4a41-a17c-6388bb873359@group-B673650064C9-FollowerState: change to CANDIDATE, lastRpcTime:187ms, electionTimeout:187ms
2019-10-15 17:17:53,559 [Thread-1063] INFO  impl.RoleInfo (RoleInfo.java:shutdownFollowerState(121)) - 79abbc2e-0a90-4a41-a17c-6388bb873359: shutdown FollowerState
2019-10-15 17:17:53,559 [Thread-1063] INFO  impl.RaftServerImpl (RaftServerImpl.java:setRole(184)) - 79abbc2e-0a90-4a41-a17c-6388bb873359@group-B673650064C9: changes role from  FOLLOWER to CANDIDATE at term 139 for changeToCandidate
2019-10-15 17:17:53,559 [Thread-1063] INFO  impl.RoleInfo (RoleInfo.java:updateAndGet(143)) - 79abbc2e-0a90-4a41-a17c-6388bb873359: start LeaderElection
2019-10-15 17:17:53,580 [79abbc2e-0a90-4a41-a17c-6388bb873359@group-B673650064C9-LeaderElection120] INFO  impl.LeaderElection (LeaderElection.java:askForVotes(178)) - 79abbc2e-0a90-4a41-a17c-6388bb873359@group-B673650064C9-LeaderElection120: begin an election at term 140 for -1: [ebd8d1f9-8297-450f-abe7-393807ba0c7e:192.168.164.239:36510, dbc121b5-e1e8-4c61-9d50-542b699a3d90:192.168.164.239:43140, 79abbc2e-0a90-4a41-a17c-6388bb873359:192.168.164.239:37857], old=null
2019-10-15 17:17:53,583 [grpc-default-executor-0] INFO  impl.RaftServerImpl (RaftServerImpl.java:setRole(184)) - ebd8d1f9-8297-450f-abe7-393807ba0c7e@group-B673650064C9: changes role from  FOLLOWER to FOLLOWER at term 140 for recognizeCandidate:79abbc2e-0a90-4a41-a17c-6388bb873359
2019-10-15 17:17:53,583 [grpc-default-executor-1] INFO  impl.RaftServerImpl (RaftServerImpl.java:setRole(184)) - dbc121b5-e1e8-4c61-9d50-542b699a3d90@group-B673650064C9: changes role from  FOLLOWER to FOLLOWER at term 140 for recognizeCandidate:79abbc2e-0a90-4a41-a17c-6388bb873359
2019-10-15 17:17:53,583 [grpc-default-executor-0] INFO  impl.RoleInfo (RoleInfo.java:shutdownFollowerState(121)) - ebd8d1f9-8297-450f-abe7-393807ba0c7e: shutdown FollowerState
2019-10-15 17:17:53,584 [grpc-default-executor-1] INFO  impl.RoleInfo (RoleInfo.java:shutdownFollowerState(121)) - dbc121b5-e1e8-4c61-9d50-542b699a3d90: shutdown FollowerState
2019-10-15 17:17:53,584 [grpc-default-executor-0] INFO  impl.RoleInfo (RoleInfo.java:updateAndGet(143)) - ebd8d1f9-8297-450f-abe7-393807ba0c7e: start FollowerState
2019-10-15 17:17:53,584 [Thread-1062] INFO  impl.FollowerState (FollowerState.java:run(117)) - dbc121b5-e1e8-4c61-9d50-542b699a3d90@group-B673650064C9-FollowerState was interrupted: java.lang.InterruptedException: sleep interrupted
2019-10-15 17:17:53,584 [Thread-1061] INFO  impl.FollowerState (FollowerState.java:run(117)) - ebd8d1f9-8297-450f-abe7-393807ba0c7e@group-B673650064C9-FollowerState was interrupted: java.lang.InterruptedException: sleep interrupted
2019-10-15 17:17:53,584 [grpc-default-executor-1] INFO  impl.RoleInfo (RoleInfo.java:updateAndGet(143)) - dbc121b5-e1e8-4c61-9d50-542b699a3d90: start FollowerState
2019-10-15 17:17:53,616 [79abbc2e-0a90-4a41-a17c-6388bb873359@group-B673650064C9-LeaderElection120] INFO  impl.LeaderElection (LeaderElection.java:logAndReturn(56)) - 79abbc2e-0a90-4a41-a17c-6388bb873359@group-B673650064C9-LeaderElection120: Election REJECTED; received 2 response(s) [79abbc2e-0a90-4a41-a17c-6388bb873359<-ebd8d1f9-8297-450f-abe7-393807ba0c7e#0:FAIL-t140, 79abbc2e-0a90-4a41-a17c-6388bb873359<-dbc121b5-e1e8-4c61-9d50-542b699a3d90#0:FAIL-t140] and 0 exception(s); 79abbc2e-0a90-4a41-a17c-6388bb873359@group-B673650064C9:t140, leader=null, voted=79abbc2e-0a90-4a41-a17c-6388bb873359, raftlog=79abbc2e-0a90-4a41-a17c-6388bb873359@group-B673650064C9-SegmentedRaftLog:OPENED:c-1,f-1,i0, conf=-1: [ebd8d1f9-8297-450f-abe7-393807ba0c7e:192.168.164.239:36510, dbc121b5-e1e8-4c61-9d50-542b699a3d90:192.168.164.239:43140, 79abbc2e-0a90-4a41-a17c-6388bb873359:192.168.164.239:37857], old=null
2019-10-15 17:17:53,616 [79abbc2e-0a90-4a41-a17c-6388bb873359@group-B673650064C9-LeaderElection120] INFO  impl.RaftServerImpl (RaftServerImpl.java:setRole(184)) - 79abbc2e-0a90-4a41-a17c-6388bb873359@group-B673650064C9: changes role from CANDIDATE to FOLLOWER at term 140 for DISCOVERED_A_NEW_TERM
2019-10-15 17:17:53,616 [79abbc2e-0a90-4a41-a17c-6388bb873359@group-B673650064C9-LeaderElection120] INFO  impl.RoleInfo (RoleInfo.java:shutdownLeaderElection(134)) - 79abbc2e-0a90-4a41-a17c-6388bb873359: shutdown LeaderElection
2019-10-15 17:17:53,616 [79abbc2e-0a90-4a41-a17c-6388bb873359@group-B673650064C9-LeaderElection120] INFO  impl.RoleInfo (RoleInfo.java:updateAndGet(143)) - 79abbc2e-0a90-4a41-a17c-6388bb873359: start FollowerState
2019-10-15 17:17:53,680 [Thread-1069] INFO  impl.FollowerState (FollowerState.java:run(108)) - 79abbc2e-0a90-4a41-a17c-6388bb873359@group-B673650064C9-FollowerState: change to CANDIDATE, lastRpcTime:63ms, electionTimeout:63ms
2019-10-15 17:17:53,680 [Thread-1069] INFO  impl.RoleInfo (RoleInfo.java:shutdownFollowerState(121)) - 79abbc2e-0a90-4a41-a17c-6388bb873359: shutdown FollowerState
2019-10-15 17:17:53,680 [Thread-1069] INFO  impl.RaftServerImpl (RaftServerImpl.java:setRole(184)) - 79abbc2e-0a90-4a41-a17c-6388bb873359@group-B673650064C9: changes role from  FOLLOWER to CANDIDATE at term 140 for changeToCandidate
2019-10-15 17:17:53,680 [Thread-1069] INFO  impl.RoleInfo (RoleInfo.java:updateAndGet(143)) - 79abbc2e-0a90-4a41-a17c-6388bb873359: start LeaderElection
2019-10-15 17:17:53,701 [79abbc2e-0a90-4a41-a17c-6388bb873359@group-B673650064C9-LeaderElection121] INFO  impl.LeaderElection (LeaderElection.java:askForVotes(178)) - 79abbc2e-0a90-4a41-a17c-6388bb873359@group-B673650064C9-LeaderElection121: begin an election at term 141 for -1: [ebd8d1f9-8297-450f-abe7-393807ba0c7e:192.168.164.239:36510, dbc121b5-e1e8-4c61-9d50-542b699a3d90:192.168.164.239:43140, 79abbc2e-0a90-4a41-a17c-6388bb873359:192.168.164.239:37857], old=null
2019-10-15 17:17:53,708 [grpc-default-executor-3] INFO  impl.RaftServerImpl (RaftServerImpl.java:setRole(184)) - ebd8d1f9-8297-450f-abe7-393807ba0c7e@group-B673650064C9: changes role from  FOLLOWER to FOLLOWER at term 141 for recognizeCandidate:79abbc2e-0a90-4a41-a17c-6388bb873359
2019-10-15 17:17:53,708 [grpc-default-executor-1] INFO  impl.RaftServerImpl (RaftServerImpl.java:setRole(184)) - dbc121b5-e1e8-4c61-9d50-542b699a3d90@group-B673650064C9: changes role from  FOLLOWER to FOLLOWER at term 141 for recognizeCandidate:79abbc2e-0a90-4a41-a17c-6388bb873359
2019-10-15 17:17:53,709 [grpc-default-executor-1] INFO  impl.RoleInfo (RoleInfo.java:shutdownFollowerState(121)) - dbc121b5-e1e8-4c61-9d50-542b699a3d90: shutdown FollowerState
2019-10-15 17:17:53,709 [grpc-default-executor-3] INFO  impl.RoleInfo (RoleInfo.java:shutdownFollowerState(121)) - ebd8d1f9-8297-450f-abe7-393807ba0c7e: shutdown FollowerState
2019-10-15 17:17:53,711 [Thread-1068] INFO  impl.FollowerState (FollowerState.java:run(117)) - dbc121b5-e1e8-4c61-9d50-542b699a3d90@group-B673650064C9-FollowerState was interrupted: java.lang.InterruptedException: sleep interrupted
2019-10-15 17:17:53,710 [grpc-default-executor-1] INFO  impl.RoleInfo (RoleInfo.java:updateAndGet(143)) - dbc121b5-e1e8-4c61-9d50-542b699a3d90: start FollowerState
2019-10-15 17:17:53,711 [Thread-1067] INFO  impl.FollowerState (FollowerState.java:run(117)) - ebd8d1f9-8297-450f-abe7-393807ba0c7e@group-B673650064C9-FollowerState was interrupted: java.lang.InterruptedException: sleep interrupted
2019-10-15 17:17:53,711 [grpc-default-executor-3] INFO  impl.RoleInfo (RoleInfo.java:updateAndGet(143)) - ebd8d1f9-8297-450f-abe7-393807ba0c7e: start FollowerState
2019-10-15 17:17:53,761 [79abbc2e-0a90-4a41-a17c-6388bb873359@group-B673650064C9-LeaderElection121] INFO  impl.LeaderElection (LeaderElection.java:logAndReturn(56)) - 79abbc2e-0a90-4a41-a17c-6388bb873359@group-B673650064C9-LeaderElection121: Election REJECTED; received 2 response(s) [79abbc2e-0a90-4a41-a17c-6388bb873359<-ebd8d1f9-8297-450f-abe7-393807ba0c7e#0:FAIL-t141, 79abbc2e-0a90-4a41-a17c-6388bb873359<-dbc121b5-e1e8-4c61-9d50-542b699a3d90#0:FAIL-t141] and 0 exception(s); 79abbc2e-0a90-4a41-a17c-6388bb873359@group-B673650064C9:t141, leader=null, voted=79abbc2e-0a90-4a41-a17c-6388bb873359, raftlog=79abbc2e-0a90-4a41-a17c-6388bb873359@group-B673650064C9-SegmentedRaftLog:OPENED:c-1,f-1,i0, conf=-1: [ebd8d1f9-8297-450f-abe7-393807ba0c7e:192.168.164.239:36510, dbc121b5-e1e8-4c61-9d50-542b699a3d90:192.168.164.239:43140, 79abbc2e-0a90-4a41-a17c-6388bb873359:192.168.164.239:37857], old=null
2019-10-15 17:17:53,762 [79abbc2e-0a90-4a41-a17c-6388bb873359@group-B673650064C9-LeaderElection121] INFO  impl.RaftServerImpl (RaftServerImpl.java:setRole(184)) - 79abbc2e-0a90-4a41-a17c-6388bb873359@group-B673650064C9: changes role from CANDIDATE to FOLLOWER at term 141 for DISCOVERED_A_NEW_TERM
2019-10-15 17:17:53,762 [79abbc2e-0a90-4a41-a17c-6388bb873359@group-B673650064C9-LeaderElection121] INFO  impl.RoleInfo (RoleInfo.java:shutdownLeaderElection(134)) - 79abbc2e-0a90-4a41-a17c-6388bb873359: shutdown LeaderElection
2019-10-15 17:17:53,762 [79abbc2e-0a90-4a41-a17c-6388bb873359@group-B673650064C9-LeaderElection121] INFO  impl.RoleInfo (RoleInfo.java:updateAndGet(143)) - 79abbc2e-0a90-4a41-a17c-6388bb873359: start FollowerState
2019-10-15 17:17:53,916 [Thread-1077] INFO  impl.FollowerState (FollowerState.java:run(108)) - 79abbc2e-0a90-4a41-a17c-6388bb873359@group-B673650064C9-FollowerState: change to CANDIDATE, lastRpcTime:153ms, electionTimeout:153ms
2019-10-15 17:17:53,916 [Thread-1077] INFO  impl.RoleInfo (RoleInfo.java:shutdownFollowerState(121)) - 79abbc2e-0a90-4a41-a17c-6388bb873359: shutdown FollowerState
2019-10-15 17:17:53,916 [Thread-1077] INFO  impl.RaftServerImpl (RaftServerImpl.java:setRole(184)) - 79abbc2e-0a90-4a41-a17c-6388bb873359@group-B673650064C9: changes role from  FOLLOWER to CANDIDATE at term 141 for changeToCandidate
2019-10-15 17:17:53,916 [Thread-1077] INFO  impl.RoleInfo (RoleInfo.java:updateAndGet(143)) - 79abbc2e-0a90-4a41-a17c-6388bb873359: start LeaderElection
2019-10-15 17:17:53,946 [79abbc2e-0a90-4a41-a17c-6388bb873359@group-B673650064C9-LeaderElection122] INFO  impl.LeaderElection (LeaderElection.java:askForVotes(178)) - 79abbc2e-0a90-4a41-a17c-6388bb873359@group-B673650064C9-LeaderElection122: begin an election at term 142 for -1: [ebd8d1f9-8297-450f-abe7-393807ba0c7e:192.168.164.239:36510, dbc121b5-e1e8-4c61-9d50-542b699a3d90:192.168.164.239:43140, 79abbc2e-0a90-4a41-a17c-6388bb873359:192.168.164.239:37857], old=null
2019-10-15 17:17:53,949 [grpc-default-executor-1] INFO  impl.RaftServerImpl (RaftServerImpl.java:setRole(184)) - dbc121b5-e1e8-4c61-9d50-542b699a3d90@group-B673650064C9: changes role from  FOLLOWER to FOLLOWER at term 142 for recognizeCandidate:79abbc2e-0a90-4a41-a17c-6388bb873359
2019-10-15 17:17:53,949 [grpc-default-executor-3] INFO  impl.RaftServerImpl (RaftServerImpl.java:setRole(184)) - ebd8d1f9-8297-450f-abe7-393807ba0c7e@group-B673650064C9: changes role from  FOLLOWER to FOLLOWER at term 142 for recognizeCandidate:79abbc2e-0a90-4a41-a17c-6388bb873359
2019-10-15 17:17:53,949 [grpc-default-executor-3] INFO  impl.RoleInfo (RoleInfo.java:shutdownFollowerState(121)) - ebd8d1f9-8297-450f-abe7-393807ba0c7e: shutdown FollowerState
2019-10-15 17:17:53,949 [grpc-default-executor-1] INFO  impl.RoleInfo (RoleInfo.java:shutdownFollowerState(121)) - dbc121b5-e1e8-4c61-9d50-542b699a3d90: shutdown FollowerState
2019-10-15 17:17:53,950 [grpc-default-executor-3] INFO  impl.RoleInfo (RoleInfo.java:updateAndGet(143)) - ebd8d1f9-8297-450f-abe7-393807ba0c7e: start FollowerState
2019-10-15 17:17:53,950 [Thread-1075] INFO  impl.FollowerState (FollowerState.java:run(117)) - dbc121b5-e1e8-4c61-9d50-542b699a3d90@group-B673650064C9-FollowerState was interrupted: java.lang.InterruptedException: sleep interrupted
2019-10-15 17:17:53,950 [grpc-default-executor-1] INFO  impl.RoleInfo (RoleInfo.java:updateAndGet(143)) - dbc121b5-e1e8-4c61-9d50-542b699a3d90: start FollowerState
2019-10-15 17:17:53,950 [Thread-1076] INFO  impl.FollowerState (FollowerState.java:run(117)) - ebd8d1f9-8297-450f-abe7-393807ba0c7e@group-B673650064C9-FollowerState was interrupted: java.lang.InterruptedException: sleep interrupted
2019-10-15 17:17:53,974 [79abbc2e-0a90-4a41-a17c-6388bb873359@group-B673650064C9-LeaderElection122] INFO  impl.LeaderElection (LeaderElection.java:logAndReturn(56)) - 79abbc2e-0a90-4a41-a17c-6388bb873359@group-B673650064C9-LeaderElection122: Election REJECTED; received 2 response(s) [79abbc2e-0a90-4a41-a17c-6388bb873359<-ebd8d1f9-8297-450f-abe7-393807ba0c7e#0:FAIL-t142, 79abbc2e-0a90-4a41-a17c-6388bb873359<-dbc121b5-e1e8-4c61-9d50-542b699a3d90#0:FAIL-t142] and 0 exception(s); 79abbc2e-0a90-4a41-a17c-6388bb873359@group-B673650064C9:t142, leader=null, voted=79abbc2e-0a90-4a41-a17c-6388bb873359, raftlog=79abbc2e-0a90-4a41-a17c-6388bb873359@group-B673650064C9-SegmentedRaftLog:OPENED:c-1,f-1,i0, conf=-1: [ebd8d1f9-8297-450f-abe7-393807ba0c7e:192.168.164.239:36510, dbc121b5-e1e8-4c61-9d50-542b699a3d90:192.168.164.239:43140, 79abbc2e-0a90-4a41-a17c-6388bb873359:192.168.164.239:37857], old=null
2019-10-15 17:17:53,974 [79abbc2e-0a90-4a41-a17c-6388bb873359@group-B673650064C9-LeaderElection122] INFO  impl.RaftServerImpl (RaftServerImpl.java:setRole(184)) - 79abbc2e-0a90-4a41-a17c-6388bb873359@group-B673650064C9: changes role from CANDIDATE to FOLLOWER at term 142 for DISCOVERED_A_NEW_TERM
2019-10-15 17:17:53,974 [79abbc2e-0a90-4a41-a17c-6388bb873359@group-B673650064C9-LeaderElection122] INFO  impl.RoleInfo (RoleInfo.java:shutdownLeaderElection(134)) - 79abbc2e-0a90-4a41-a17c-6388bb873359: shutdown LeaderElection
2019-10-15 17:17:53,974 [79abbc2e-0a90-4a41-a17c-6388bb873359@group-B673650064C9-LeaderElection122] INFO  impl.RoleInfo (RoleInfo.java:updateAndGet(143)) - 79abbc2e-0a90-4a41-a17c-6388bb873359: start FollowerState
2019-10-15 17:17:54,004 [Thread-1083] INFO  impl.FollowerState (FollowerState.java:run(108)) - 79abbc2e-0a90-4a41-a17c-6388bb873359@group-B673650064C9-FollowerState: change to CANDIDATE, lastRpcTime:29ms, electionTimeout:29ms
2019-10-15 17:17:54,005 [Thread-1083] INFO  impl.RoleInfo (RoleInfo.java:shutdownFollowerState(121)) - 79abbc2e-0a90-4a41-a17c-6388bb873359: shutdown FollowerState
2019-10-15 17:17:54,005 [Thread-1083] INFO  impl.RaftServerImpl (RaftServerImpl.java:setRole(184)) - 79abbc2e-0a90-4a41-a17c-6388bb873359@group-B673650064C9: changes role from  FOLLOWER to CANDIDATE at term 142 for changeToCandidate
2019-10-15 17:17:54,005 [Thread-1083] INFO  impl.RoleInfo (RoleInfo.java:updateAndGet(143)) - 79abbc2e-0a90-4a41-a17c-6388bb873359: start LeaderElection
2019-10-15 17:17:54,023 [79abbc2e-0a90-4a41-a17c-6388bb873359@group-B673650064C9-LeaderElection123] INFO  impl.LeaderElection (LeaderElection.java:askForVotes(178)) - 79abbc2e-0a90-4a41-a17c-6388bb873359@group-B673650064C9-LeaderElection123: begin an election at term 143 for -1: [ebd8d1f9-8297-450f-abe7-393807ba0c7e:192.168.164.239:36510, dbc121b5-e1e8-4c61-9d50-542b699a3d90:192.168.164.239:43140, 79abbc2e-0a90-4a41-a17c-6388bb873359:192.168.164.239:37857], old=null
2019-10-15 17:17:54,025 [grpc-default-executor-3] INFO  impl.RaftServerImpl (RaftServerImpl.java:setRole(184)) - dbc121b5-e1e8-4c61-9d50-542b699a3d90@group-B673650064C9: changes role from  FOLLOWER to FOLLOWER at term 143 for recognizeCandidate:79abbc2e-0a90-4a41-a17c-6388bb873359
2019-10-15 17:17:54,025 [grpc-default-executor-1] INFO  impl.RaftServerImpl (RaftServerImpl.java:setRole(184)) - ebd8d1f9-8297-450f-abe7-393807ba0c7e@group-B673650064C9: changes role from  FOLLOWER to FOLLOWER at term 143 for recognizeCandidate:79abbc2e-0a90-4a41-a17c-6388bb873359
2019-10-15 17:17:54,026 [grpc-default-executor-3] INFO  impl.RoleInfo (RoleInfo.java:shutdownFollowerState(121)) - dbc121b5-e1e8-4c61-9d50-542b699a3d90: shutdown FollowerState
2019-10-15 17:17:54,026 [grpc-default-executor-1] INFO  impl.RoleInfo (RoleInfo.java:shutdownFollowerState(121)) - ebd8d1f9-8297-450f-abe7-393807ba0c7e: shutdown FollowerState
2019-10-15 17:17:54,026 [grpc-default-executor-3] INFO  impl.RoleInfo (RoleInfo.java:updateAndGet(143)) - dbc121b5-e1e8-4c61-9d50-542b699a3d90: start FollowerState
2019-10-15 17:17:54,026 [grpc-default-executor-1] INFO  impl.RoleInfo (RoleInfo.java:updateAndGet(143)) - ebd8d1f9-8297-450f-abe7-393807ba0c7e: start FollowerState
2019-10-15 17:17:54,026 [Thread-1082] INFO  impl.FollowerState (FollowerState.java:run(117)) - dbc121b5-e1e8-4c61-9d50-542b699a3d90@group-B673650064C9-FollowerState was interrupted: java.lang.InterruptedException: sleep interrupted
2019-10-15 17:17:54,026 [Thread-1081] INFO  impl.FollowerState (FollowerState.java:run(117)) - ebd8d1f9-8297-450f-abe7-393807ba0c7e@group-B673650064C9-FollowerState was interrupted: java.lang.InterruptedException: sleep interrupted
2019-10-15 17:17:54,050 [79abbc2e-0a90-4a41-a17c-6388bb873359@group-B673650064C9-LeaderElection123] INFO  impl.LeaderElection (LeaderElection.java:logAndReturn(56)) - 79abbc2e-0a90-4a41-a17c-6388bb873359@group-B673650064C9-LeaderElection123: Election REJECTED; received 2 response(s) [79abbc2e-0a90-4a41-a17c-6388bb873359<-ebd8d1f9-8297-450f-abe7-393807ba0c7e#0:FAIL-t143, 79abbc2e-0a90-4a41-a17c-6388bb873359<-dbc121b5-e1e8-4c61-9d50-542b699a3d90#0:FAIL-t143] and 0 exception(s); 79abbc2e-0a90-4a41-a17c-6388bb873359@group-B673650064C9:t143, leader=null, voted=79abbc2e-0a90-4a41-a17c-6388bb873359, raftlog=79abbc2e-0a90-4a41-a17c-6388bb873359@group-B673650064C9-SegmentedRaftLog:OPENED:c-1,f-1,i0, conf=-1: [ebd8d1f9-8297-450f-abe7-393807ba0c7e:192.168.164.239:36510, dbc121b5-e1e8-4c61-9d50-542b699a3d90:192.168.164.239:43140, 79abbc2e-0a90-4a41-a17c-6388bb873359:192.168.164.239:37857], old=null
2019-10-15 17:17:54,050 [79abbc2e-0a90-4a41-a17c-6388bb873359@group-B673650064C9-LeaderElection123] INFO  impl.RaftServerImpl (RaftServerImpl.java:setRole(184)) - 79abbc2e-0a90-4a41-a17c-6388bb873359@group-B673650064C9: changes role from CANDIDATE to FOLLOWER at term 143 for DISCOVERED_A_NEW_TERM
2019-10-15 17:17:54,050 [79abbc2e-0a90-4a41-a17c-6388bb873359@group-B673650064C9-LeaderElection123] INFO  impl.RoleInfo (RoleInfo.java:shutdownLeaderElection(134)) - 79abbc2e-0a90-4a41-a17c-6388bb873359: shutdown LeaderElection
2019-10-15 17:17:54,050 [79abbc2e-0a90-4a41-a17c-6388bb873359@group-B673650064C9-LeaderElection123] INFO  impl.RoleInfo (RoleInfo.java:updateAndGet(143)) - 79abbc2e-0a90-4a41-a17c-6388bb873359: start FollowerState
2019-10-15 17:17:54,051 [Thread-1089] INFO  impl.FollowerState (FollowerState.java:run(108)) - 79abbc2e-0a90-4a41-a17c-6388bb873359@group-B673650064C9-FollowerState: change to CANDIDATE, lastRpcTime:0ms, electionTimeout:0ms
2019-10-15 17:17:54,051 [Thread-1089] INFO  impl.RoleInfo (RoleInfo.java:shutdownFollowerState(121)) - 79abbc2e-0a90-4a41-a17c-6388bb873359: shutdown FollowerState
2019-10-15 17:17:54,051 [Thread-1089] INFO  impl.RaftServerImpl (RaftServerImpl.java:setRole(184)) - 79abbc2e-0a90-4a41-a17c-6388bb873359@group-B673650064C9: changes role from  FOLLOWER to CANDIDATE at term 143 for changeToCandidate
2019-10-15 17:17:54,051 [Thread-1089] INFO  impl.RoleInfo (RoleInfo.java:updateAndGet(143)) - 79abbc2e-0a90-4a41-a17c-6388bb873359: start LeaderElection
2019-10-15 17:17:54,068 [79abbc2e-0a90-4a41-a17c-6388bb873359@group-B673650064C9-LeaderElection124] INFO  impl.LeaderElection (LeaderElection.java:askForVotes(178)) - 79abbc2e-0a90-4a41-a17c-6388bb873359@group-B673650064C9-LeaderElection124: begin an election at term 144 for -1: [ebd8d1f9-8297-450f-abe7-393807ba0c7e:192.168.164.239:36510, dbc121b5-e1e8-4c61-9d50-542b699a3d90:192.168.164.239:43140, 79abbc2e-0a90-4a41-a17c-6388bb873359:192.168.164.239:37857], old=null
2019-10-15 17:17:54,069 [grpc-default-executor-1] INFO  impl.RaftServerImpl (RaftServerImpl.java:setRole(184)) - ebd8d1f9-8297-450f-abe7-393807ba0c7e@group-B673650064C9: changes role from  FOLLOWER to FOLLOWER at term 144 for recognizeCandidate:79abbc2e-0a90-4a41-a17c-6388bb873359
2019-10-15 17:17:54,070 [grpc-default-executor-1] INFO  impl.RoleInfo (RoleInfo.java:shutdownFollowerState(121)) - ebd8d1f9-8297-450f-abe7-393807ba0c7e: shutdown FollowerState
2019-10-15 17:17:54,070 [grpc-default-executor-1] INFO  impl.RoleInfo (RoleInfo.java:updateAndGet(143)) - ebd8d1f9-8297-450f-abe7-393807ba0c7e: start FollowerState
2019-10-15 17:17:54,070 [grpc-default-executor-3] INFO  impl.RaftServerImpl (RaftServerImpl.java:setRole(184)) - dbc121b5-e1e8-4c61-9d50-542b699a3d90@group-B673650064C9: changes role from  FOLLOWER to FOLLOWER at term 144 for recognizeCandidate:79abbc2e-0a90-4a41-a17c-6388bb873359
2019-10-15 17:17:54,070 [grpc-default-executor-3] INFO  impl.RoleInfo (RoleInfo.java:shutdownFollowerState(121)) - dbc121b5-e1e8-4c61-9d50-542b699a3d90: shutdown FollowerState
2019-10-15 17:17:54,070 [Thread-1088] INFO  impl.FollowerState (FollowerState.java:run(117)) - ebd8d1f9-8297-450f-abe7-393807ba0c7e@group-B673650064C9-FollowerState was interrupted: java.lang.InterruptedException: sleep interrupted
2019-10-15 17:17:54,070 [Thread-1087] INFO  impl.FollowerState (FollowerState.java:run(117)) - dbc121b5-e1e8-4c61-9d50-542b699a3d90@group-B673650064C9-FollowerState was interrupted: java.lang.InterruptedException: sleep interrupted
2019-10-15 17:17:54,070 [grpc-default-executor-3] INFO  impl.RoleInfo (RoleInfo.java:updateAndGet(143)) - dbc121b5-e1e8-4c61-9d50-542b699a3d90: start FollowerState
2019-10-15 17:17:54,086 [79abbc2e-0a90-4a41-a17c-6388bb873359@group-B673650064C9-LeaderElection124] INFO  impl.LeaderElection (LeaderElection.java:logAndReturn(56)) - 79abbc2e-0a90-4a41-a17c-6388bb873359@group-B673650064C9-LeaderElection124: Election REJECTED; received 2 response(s) [79abbc2e-0a90-4a41-a17c-6388bb873359<-ebd8d1f9-8297-450f-abe7-393807ba0c7e#0:FAIL-t144, 79abbc2e-0a90-4a41-a17c-6388bb873359<-dbc121b5-e1e8-4c61-9d50-542b699a3d90#0:FAIL-t144] and 0 exception(s); 79abbc2e-0a90-4a41-a17c-6388bb873359@group-B673650064C9:t144, leader=null, voted=79abbc2e-0a90-4a41-a17c-6388bb873359, raftlog=79abbc2e-0a90-4a41-a17c-6388bb873359@group-B673650064C9-SegmentedRaftLog:OPENED:c-1,f-1,i0, conf=-1: [ebd8d1f9-8297-450f-abe7-393807ba0c7e:192.168.164.239:36510, dbc121b5-e1e8-4c61-9d50-542b699a3d90:192.168.164.239:43140, 79abbc2e-0a90-4a41-a17c-6388bb873359:192.168.164.239:37857], old=null
2019-10-15 17:17:54,087 [79abbc2e-0a90-4a41-a17c-6388bb873359@group-B673650064C9-LeaderElection124] INFO  impl.RaftServerImpl (RaftServerImpl.java:setRole(184)) - 79abbc2e-0a90-4a41-a17c-6388bb873359@group-B673650064C9: changes role from CANDIDATE to FOLLOWER at term 144 for DISCOVERED_A_NEW_TERM
2019-10-15 17:17:54,087 [79abbc2e-0a90-4a41-a17c-6388bb873359@group-B673650064C9-LeaderElection124] INFO  impl.RoleInfo (RoleInfo.java:shutdownLeaderElection(134)) - 79abbc2e-0a90-4a41-a17c-6388bb873359: shutdown LeaderElection
2019-10-15 17:17:54,087 [79abbc2e-0a90-4a41-a17c-6388bb873359@group-B673650064C9-LeaderElection124] INFO  impl.RoleInfo (RoleInfo.java:updateAndGet(143)) - 79abbc2e-0a90-4a41-a17c-6388bb873359: start FollowerState
2019-10-15 17:17:54,257 [Thread-1095] INFO  impl.FollowerState (FollowerState.java:run(108)) - 79abbc2e-0a90-4a41-a17c-6388bb873359@group-B673650064C9-FollowerState: change to CANDIDATE, lastRpcTime:170ms, electionTimeout:170ms
2019-10-15 17:17:54,257 [Thread-1095] INFO  impl.RoleInfo (RoleInfo.java:shutdownFollowerState(121)) - 79abbc2e-0a90-4a41-a17c-6388bb873359: shutdown FollowerState
2019-10-15 17:17:54,257 [Thread-1095] INFO  impl.RaftServerImpl (RaftServerImpl.java:setRole(184)) - 79abbc2e-0a90-4a41-a17c-6388bb873359@group-B673650064C9: changes role from  FOLLOWER to CANDIDATE at term 144 for changeToCandidate
2019-10-15 17:17:54,258 [Thread-1095] INFO  impl.RoleInfo (RoleInfo.java:updateAndGet(143)) - 79abbc2e-0a90-4a41-a17c-6388bb873359: start LeaderElection
2019-10-15 17:17:54,281 [79abbc2e-0a90-4a41-a17c-6388bb873359@group-B673650064C9-LeaderElection125] INFO  impl.LeaderElection (LeaderElection.java:askForVotes(178)) - 79abbc2e-0a90-4a41-a17c-6388bb873359@group-B673650064C9-LeaderElection125: begin an election at term 145 for -1: [ebd8d1f9-8297-450f-abe7-393807ba0c7e:192.168.164.239:36510, dbc121b5-e1e8-4c61-9d50-542b699a3d90:192.168.164.239:43140, 79abbc2e-0a90-4a41-a17c-6388bb873359:192.168.164.239:37857], old=null
2019-10-15 17:17:54,284 [grpc-default-executor-3] INFO  impl.RaftServerImpl (RaftServerImpl.java:setRole(184)) - ebd8d1f9-8297-450f-abe7-393807ba0c7e@group-B673650064C9: changes role from  FOLLOWER to FOLLOWER at term 145 for recognizeCandidate:79abbc2e-0a90-4a41-a17c-6388bb873359
2019-10-15 17:17:54,284 [grpc-default-executor-3] INFO  impl.RoleInfo (RoleInfo.java:shutdownFollowerState(121)) - ebd8d1f9-8297-450f-abe7-393807ba0c7e: shutdown FollowerState
2019-10-15 17:17:54,284 [grpc-default-executor-1] INFO  impl.RaftServerImpl (RaftServerImpl.java:setRole(184)) - dbc121b5-e1e8-4c61-9d50-542b699a3d90@group-B673650064C9: changes role from  FOLLOWER to FOLLOWER at term 145 for recognizeCandidate:79abbc2e-0a90-4a41-a17c-6388bb873359
2019-10-15 17:17:54,285 [Thread-1093] INFO  impl.FollowerState (FollowerState.java:run(117)) - ebd8d1f9-8297-450f-abe7-393807ba0c7e@group-B673650064C9-FollowerState was interrupted: java.lang.InterruptedException: sleep interrupted
2019-10-15 17:17:54,285 [grpc-default-executor-3] INFO  impl.RoleInfo (RoleInfo.java:updateAndGet(143)) - ebd8d1f9-8297-450f-abe7-393807ba0c7e: start FollowerState
2019-10-15 17:17:54,285 [grpc-default-executor-1] INFO  impl.RoleInfo (RoleInfo.java:shutdownFollowerState(121)) - dbc121b5-e1e8-4c61-9d50-542b699a3d90: shutdown FollowerState
2019-10-15 17:17:54,285 [grpc-default-executor-1] INFO  impl.RoleInfo (RoleInfo.java:updateAndGet(143)) - dbc121b5-e1e8-4c61-9d50-542b699a3d90: start FollowerState
2019-10-15 17:17:54,285 [Thread-1094] INFO  impl.FollowerState (FollowerState.java:run(117)) - dbc121b5-e1e8-4c61-9d50-542b699a3d90@group-B673650064C9-FollowerState was interrupted: java.lang.InterruptedException: sleep interrupted
2019-10-15 17:17:54,306 [79abbc2e-0a90-4a41-a17c-6388bb873359@group-B673650064C9-LeaderElection125] INFO  impl.LeaderElection (LeaderElection.java:logAndReturn(56)) - 79abbc2e-0a90-4a41-a17c-6388bb873359@group-B673650064C9-LeaderElection125: Election REJECTED; received 2 response(s) [79abbc2e-0a90-4a41-a17c-6388bb873359<-ebd8d1f9-8297-450f-abe7-393807ba0c7e#0:FAIL-t145, 79abbc2e-0a90-4a41-a17c-6388bb873359<-dbc121b5-e1e8-4c61-9d50-542b699a3d90#0:FAIL-t145] and 0 exception(s); 79abbc2e-0a90-4a41-a17c-6388bb873359@group-B673650064C9:t145, leader=null, voted=79abbc2e-0a90-4a41-a17c-6388bb873359, raftlog=79abbc2e-0a90-4a41-a17c-6388bb873359@group-B673650064C9-SegmentedRaftLog:OPENED:c-1,f-1,i0, conf=-1: [ebd8d1f9-8297-450f-abe7-393807ba0c7e:192.168.164.239:36510, dbc121b5-e1e8-4c61-9d50-542b699a3d90:192.168.164.239:43140, 79abbc2e-0a90-4a41-a17c-6388bb873359:192.168.164.239:37857], old=null
2019-10-15 17:17:54,307 [79abbc2e-0a90-4a41-a17c-6388bb873359@group-B673650064C9-LeaderElection125] INFO  impl.RaftServerImpl (RaftServerImpl.java:setRole(184)) - 79abbc2e-0a90-4a41-a17c-6388bb873359@group-B673650064C9: changes role from CANDIDATE to FOLLOWER at term 145 for DISCOVERED_A_NEW_TERM
2019-10-15 17:17:54,307 [79abbc2e-0a90-4a41-a17c-6388bb873359@group-B673650064C9-LeaderElection125] INFO  impl.RoleInfo (RoleInfo.java:shutdownLeaderElection(134)) - 79abbc2e-0a90-4a41-a17c-6388bb873359: shutdown LeaderElection
2019-10-15 17:17:54,307 [79abbc2e-0a90-4a41-a17c-6388bb873359@group-B673650064C9-LeaderElection125] INFO  impl.RoleInfo (RoleInfo.java:updateAndGet(143)) - 79abbc2e-0a90-4a41-a17c-6388bb873359: start FollowerState
2019-10-15 17:17:54,437 [Thread-1101] INFO  impl.FollowerState (FollowerState.java:run(108)) - 79abbc2e-0a90-4a41-a17c-6388bb873359@group-B673650064C9-FollowerState: change to CANDIDATE, lastRpcTime:130ms, electionTimeout:130ms
2019-10-15 17:17:54,438 [Thread-1101] INFO  impl.RoleInfo (RoleInfo.java:shutdownFollowerState(121)) - 79abbc2e-0a90-4a41-a17c-6388bb873359: shutdown FollowerState
2019-10-15 17:17:54,438 [Thread-1101] INFO  impl.RaftServerImpl (RaftServerImpl.java:setRole(184)) - 79abbc2e-0a90-4a41-a17c-6388bb873359@group-B673650064C9: changes role from  FOLLOWER to CANDIDATE at term 145 for changeToCandidate
2019-10-15 17:17:54,438 [Thread-1101] INFO  impl.RoleInfo (RoleInfo.java:updateAndGet(143)) - 79abbc2e-0a90-4a41-a17c-6388bb873359: start LeaderElection
2019-10-15 17:17:54,462 [79abbc2e-0a90-4a41-a17c-6388bb873359@group-B673650064C9-LeaderElection126] INFO  impl.LeaderElection (LeaderElection.java:askForVotes(178)) - 79abbc2e-0a90-4a41-a17c-6388bb873359@group-B673650064C9-LeaderElection126: begin an election at term 146 for -1: [ebd8d1f9-8297-450f-abe7-393807ba0c7e:192.168.164.239:36510, dbc121b5-e1e8-4c61-9d50-542b699a3d90:192.168.164.239:43140, 79abbc2e-0a90-4a41-a17c-6388bb873359:192.168.164.239:37857], old=null
2019-10-15 17:17:54,466 [grpc-default-executor-1] INFO  impl.RaftServerImpl (RaftServerImpl.java:setRole(184)) - ebd8d1f9-8297-450f-abe7-393807ba0c7e@group-B673650064C9: changes role from  FOLLOWER to FOLLOWER at term 146 for recognizeCandidate:79abbc2e-0a90-4a41-a17c-6388bb873359
2019-10-15 17:17:54,466 [grpc-default-executor-3] INFO  impl.RaftServerImpl (RaftServerImpl.java:setRole(184)) - dbc121b5-e1e8-4c61-9d50-542b699a3d90@group-B673650064C9: changes role from  FOLLOWER to FOLLOWER at term 146 for recognizeCandidate:79abbc2e-0a90-4a41-a17c-6388bb873359
2019-10-15 17:17:54,466 [grpc-default-executor-1] INFO  impl.RoleInfo (RoleInfo.java:shutdownFollowerState(121)) - ebd8d1f9-8297-450f-abe7-393807ba0c7e: shutdown FollowerState
2019-10-15 17:17:54,466 [grpc-default-executor-3] INFO  impl.RoleInfo (RoleInfo.java:shutdownFollowerState(121)) - dbc121b5-e1e8-4c61-9d50-542b699a3d90: shutdown FollowerState
2019-10-15 17:17:54,466 [Thread-1099] INFO  impl.FollowerState (FollowerState.java:run(117)) - ebd8d1f9-8297-450f-abe7-393807ba0c7e@group-B673650064C9-FollowerState was interrupted: java.lang.InterruptedException: sleep interrupted
2019-10-15 17:17:54,466 [grpc-default-executor-1] INFO  impl.RoleInfo (RoleInfo.java:updateAndGet(143)) - ebd8d1f9-8297-450f-abe7-393807ba0c7e: start FollowerState
2019-10-15 17:17:54,466 [Thread-1100] INFO  impl.FollowerState (FollowerState.java:run(117)) - dbc121b5-e1e8-4c61-9d50-542b699a3d90@group-B673650064C9-FollowerState was interrupted: java.lang.InterruptedException: sleep interrupted
2019-10-15 17:17:54,466 [grpc-default-executor-3] INFO  impl.RoleInfo (RoleInfo.java:updateAndGet(143)) - dbc121b5-e1e8-4c61-9d50-542b699a3d90: start FollowerState
2019-10-15 17:17:54,493 [79abbc2e-0a90-4a41-a17c-6388bb873359@group-B673650064C9-LeaderElection126] INFO  impl.LeaderElection (LeaderElection.java:logAndReturn(56)) - 79abbc2e-0a90-4a41-a17c-6388bb873359@group-B673650064C9-LeaderElection126: Election REJECTED; received 2 response(s) [79abbc2e-0a90-4a41-a17c-6388bb873359<-ebd8d1f9-8297-450f-abe7-393807ba0c7e#0:FAIL-t146, 79abbc2e-0a90-4a41-a17c-6388bb873359<-dbc121b5-e1e8-4c61-9d50-542b699a3d90#0:FAIL-t146] and 0 exception(s); 79abbc2e-0a90-4a41-a17c-6388bb873359@group-B673650064C9:t146, leader=null, voted=79abbc2e-0a90-4a41-a17c-6388bb873359, raftlog=79abbc2e-0a90-4a41-a17c-6388bb873359@group-B673650064C9-SegmentedRaftLog:OPENED:c-1,f-1,i0, conf=-1: [ebd8d1f9-8297-450f-abe7-393807ba0c7e:192.168.164.239:36510, dbc121b5-e1e8-4c61-9d50-542b699a3d90:192.168.164.239:43140, 79abbc2e-0a90-4a41-a17c-6388bb873359:192.168.164.239:37857], old=null
2019-10-15 17:17:54,494 [79abbc2e-0a90-4a41-a17c-6388bb873359@group-B673650064C9-LeaderElection126] INFO  impl.RaftServerImpl (RaftServerImpl.java:setRole(184)) - 79abbc2e-0a90-4a41-a17c-6388bb873359@group-B673650064C9: changes role from CANDIDATE to FOLLOWER at term 146 for DISCOVERED_A_NEW_TERM
2019-10-15 17:17:54,494 [79abbc2e-0a90-4a41-a17c-6388bb873359@group-B673650064C9-LeaderElection126] INFO  impl.RoleInfo (RoleInfo.java:shutdownLeaderElection(134)) - 79abbc2e-0a90-4a41-a17c-6388bb873359: shutdown LeaderElection
2019-10-15 17:17:54,494 [79abbc2e-0a90-4a41-a17c-6388bb873359@group-B673650064C9-LeaderElection126] INFO  impl.RoleInfo (RoleInfo.java:updateAndGet(143)) - 79abbc2e-0a90-4a41-a17c-6388bb873359: start FollowerState
2019-10-15 17:17:54,587 [Thread-1107] INFO  impl.FollowerState (FollowerState.java:run(108)) - 79abbc2e-0a90-4a41-a17c-6388bb873359@group-B673650064C9-FollowerState: change to CANDIDATE, lastRpcTime:93ms, electionTimeout:93ms
2019-10-15 17:17:54,588 [Thread-1107] INFO  impl.RoleInfo (RoleInfo.java:shutdownFollowerState(121)) - 79abbc2e-0a90-4a41-a17c-6388bb873359: shutdown FollowerState
2019-10-15 17:17:54,588 [Thread-1107] INFO  impl.RaftServerImpl (RaftServerImpl.java:setRole(184)) - 79abbc2e-0a90-4a41-a17c-6388bb873359@group-B673650064C9: changes role from  FOLLOWER to CANDIDATE at term 146 for changeToCandidate
2019-10-15 17:17:54,588 [Thread-1107] INFO  impl.RoleInfo (RoleInfo.java:updateAndGet(143)) - 79abbc2e-0a90-4a41-a17c-6388bb873359: start LeaderElection
2019-10-15 17:17:54,612 [79abbc2e-0a90-4a41-a17c-6388bb873359@group-B673650064C9-LeaderElection127] INFO  impl.LeaderElection (LeaderElection.java:askForVotes(178)) - 79abbc2e-0a90-4a41-a17c-6388bb873359@group-B673650064C9-LeaderElection127: begin an election at term 147 for -1: [ebd8d1f9-8297-450f-abe7-393807ba0c7e:192.168.164.239:36510, dbc121b5-e1e8-4c61-9d50-542b699a3d90:192.168.164.239:43140, 79abbc2e-0a90-4a41-a17c-6388bb873359:192.168.164.239:37857], old=null
2019-10-15 17:17:54,615 [grpc-default-executor-3] INFO  impl.RaftServerImpl (RaftServerImpl.java:setRole(184)) - ebd8d1f9-8297-450f-abe7-393807ba0c7e@group-B673650064C9: changes role from  FOLLOWER to FOLLOWER at term 147 for recognizeCandidate:79abbc2e-0a90-4a41-a17c-6388bb873359
2019-10-15 17:17:54,615 [grpc-default-executor-3] INFO  impl.RoleInfo (RoleInfo.java:shutdownFollowerState(121)) - ebd8d1f9-8297-450f-abe7-393807ba0c7e: shutdown FollowerState
2019-10-15 17:17:54,616 [grpc-default-executor-3] INFO  impl.RoleInfo (RoleInfo.java:updateAndGet(143)) - ebd8d1f9-8297-450f-abe7-393807ba0c7e: start FollowerState
2019-10-15 17:17:54,616 [Thread-1105] INFO  impl.FollowerState (FollowerState.java:run(117)) - ebd8d1f9-8297-450f-abe7-393807ba0c7e@group-B673650064C9-FollowerState was interrupted: java.lang.InterruptedException: sleep interrupted
2019-10-15 17:17:54,616 [grpc-default-executor-1] INFO  impl.RaftServerImpl (RaftServerImpl.java:setRole(184)) - dbc121b5-e1e8-4c61-9d50-542b699a3d90@group-B673650064C9: changes role from  FOLLOWER to FOLLOWER at term 147 for recognizeCandidate:79abbc2e-0a90-4a41-a17c-6388bb873359
2019-10-15 17:17:54,616 [grpc-default-executor-1] INFO  impl.RoleInfo (RoleInfo.java:shutdownFollowerState(121)) - dbc121b5-e1e8-4c61-9d50-542b699a3d90: shutdown FollowerState
2019-10-15 17:17:54,616 [grpc-default-executor-1] INFO  impl.RoleInfo (RoleInfo.java:updateAndGet(143)) - dbc121b5-e1e8-4c61-9d50-542b699a3d90: start FollowerState
2019-10-15 17:17:54,616 [Thread-1106] INFO  impl.FollowerState (FollowerState.java:run(117)) - dbc121b5-e1e8-4c61-9d50-542b699a3d90@group-B673650064C9-FollowerState was interrupted: java.lang.InterruptedException: sleep interrupted
2019-10-15 17:17:54,640 [79abbc2e-0a90-4a41-a17c-6388bb873359@group-B673650064C9-LeaderElection127] INFO  impl.LeaderElection (LeaderElection.java:logAndReturn(56)) - 79abbc2e-0a90-4a41-a17c-6388bb873359@group-B673650064C9-LeaderElection127: Election REJECTED; received 2 response(s) [79abbc2e-0a90-4a41-a17c-6388bb873359<-ebd8d1f9-8297-450f-abe7-393807ba0c7e#0:FAIL-t147, 79abbc2e-0a90-4a41-a17c-6388bb873359<-dbc121b5-e1e8-4c61-9d50-542b699a3d90#0:FAIL-t147] and 0 exception(s); 79abbc2e-0a90-4a41-a17c-6388bb873359@group-B673650064C9:t147, leader=null, voted=79abbc2e-0a90-4a41-a17c-6388bb873359, raftlog=79abbc2e-0a90-4a41-a17c-6388bb873359@group-B673650064C9-SegmentedRaftLog:OPENED:c-1,f-1,i0, conf=-1: [ebd8d1f9-8297-450f-abe7-393807ba0c7e:192.168.164.239:36510, dbc121b5-e1e8-4c61-9d50-542b699a3d90:192.168.164.239:43140, 79abbc2e-0a90-4a41-a17c-6388bb873359:192.168.164.239:37857], old=null
2019-10-15 17:17:54,640 [79abbc2e-0a90-4a41-a17c-6388bb873359@group-B673650064C9-LeaderElection127] INFO  impl.RaftServerImpl (RaftServerImpl.java:setRole(184)) - 79abbc2e-0a90-4a41-a17c-6388bb873359@group-B673650064C9: changes role from CANDIDATE to FOLLOWER at term 147 for DISCOVERED_A_NEW_TERM
2019-10-15 17:17:54,641 [79abbc2e-0a90-4a41-a17c-6388bb873359@group-B673650064C9-LeaderElection127] INFO  impl.RoleInfo (RoleInfo.java:shutdownLeaderElection(134)) - 79abbc2e-0a90-4a41-a17c-6388bb873359: shutdown LeaderElection
2019-10-15 17:17:54,641 [79abbc2e-0a90-4a41-a17c-6388bb873359@group-B673650064C9-LeaderElection127] INFO  impl.RoleInfo (RoleInfo.java:updateAndGet(143)) - 79abbc2e-0a90-4a41-a17c-6388bb873359: start FollowerState
2019-10-15 17:17:54,810 [Thread-1113] INFO  impl.FollowerState (FollowerState.java:run(108)) - 79abbc2e-0a90-4a41-a17c-6388bb873359@group-B673650064C9-FollowerState: change to CANDIDATE, lastRpcTime:169ms, electionTimeout:169ms
2019-10-15 17:17:54,811 [Thread-1113] INFO  impl.RoleInfo (RoleInfo.java:shutdownFollowerState(121)) - 79abbc2e-0a90-4a41-a17c-6388bb873359: shutdown FollowerState
2019-10-15 17:17:54,811 [Thread-1113] INFO  impl.RaftServerImpl (RaftServerImpl.java:setRole(184)) - 79abbc2e-0a90-4a41-a17c-6388bb873359@group-B673650064C9: changes role from  FOLLOWER to CANDIDATE at term 147 for changeToCandidate
2019-10-15 17:17:54,811 [Thread-1113] INFO  impl.RoleInfo (RoleInfo.java:updateAndGet(143)) - 79abbc2e-0a90-4a41-a17c-6388bb873359: start LeaderElection
2019-10-15 17:17:54,843 [79abbc2e-0a90-4a41-a17c-6388bb873359@group-B673650064C9-LeaderElection128] INFO  impl.LeaderElection (LeaderElection.java:askForVotes(178)) - 79abbc2e-0a90-4a41-a17c-6388bb873359@group-B673650064C9-LeaderElection128: begin an election at term 148 for -1: [ebd8d1f9-8297-450f-abe7-393807ba0c7e:192.168.164.239:36510, dbc121b5-e1e8-4c61-9d50-542b699a3d90:192.168.164.239:43140, 79abbc2e-0a90-4a41-a17c-6388bb873359:192.168.164.239:37857], old=null
2019-10-15 17:17:54,846 [grpc-default-executor-1] INFO  impl.RaftServerImpl (RaftServerImpl.java:setRole(184)) - dbc121b5-e1e8-4c61-9d50-542b699a3d90@group-B673650064C9: changes role from  FOLLOWER to FOLLOWER at term 148 for recognizeCandidate:79abbc2e-0a90-4a41-a17c-6388bb873359
2019-10-15 17:17:54,846 [grpc-default-executor-3] INFO  impl.RaftServerImpl (RaftServerImpl.java:setRole(184)) - ebd8d1f9-8297-450f-abe7-393807ba0c7e@group-B673650064C9: changes role from  FOLLOWER to FOLLOWER at term 148 for recognizeCandidate:79abbc2e-0a90-4a41-a17c-6388bb873359
2019-10-15 17:17:54,846 [grpc-default-executor-3] INFO  impl.RoleInfo (RoleInfo.java:shutdownFollowerState(121)) - ebd8d1f9-8297-450f-abe7-393807ba0c7e: shutdown FollowerState
2019-10-15 17:17:54,846 [grpc-default-executor-1] INFO  impl.RoleInfo (RoleInfo.java:shutdownFollowerState(121)) - dbc121b5-e1e8-4c61-9d50-542b699a3d90: shutdown FollowerState
2019-10-15 17:17:54,846 [Thread-1111] INFO  impl.FollowerState (FollowerState.java:run(117)) - ebd8d1f9-8297-450f-abe7-393807ba0c7e@group-B673650064C9-FollowerState was interrupted: java.lang.InterruptedException: sleep interrupted
2019-10-15 17:17:54,846 [grpc-default-executor-3] INFO  impl.RoleInfo (RoleInfo.java:updateAndGet(143)) - ebd8d1f9-8297-450f-abe7-393807ba0c7e: start FollowerState
2019-10-15 17:17:54,847 [Thread-1112] INFO  impl.FollowerState (FollowerState.java:run(117)) - dbc121b5-e1e8-4c61-9d50-542b699a3d90@group-B673650064C9-FollowerState was interrupted: java.lang.InterruptedException: sleep interrupted
2019-10-15 17:17:54,846 [grpc-default-executor-1] INFO  impl.RoleInfo (RoleInfo.java:updateAndGet(143)) - dbc121b5-e1e8-4c61-9d50-542b699a3d90: start FollowerState
2019-10-15 17:17:54,864 [79abbc2e-0a90-4a41-a17c-6388bb873359@group-B673650064C9-LeaderElection128] INFO  impl.LeaderElection (LeaderElection.java:logAndReturn(56)) - 79abbc2e-0a90-4a41-a17c-6388bb873359@group-B673650064C9-LeaderElection128: Election REJECTED; received 2 response(s) [79abbc2e-0a90-4a41-a17c-6388bb873359<-ebd8d1f9-8297-450f-abe7-393807ba0c7e#0:FAIL-t148, 79abbc2e-0a90-4a41-a17c-6388bb873359<-dbc121b5-e1e8-4c61-9d50-542b699a3d90#0:FAIL-t148] and 0 exception(s); 79abbc2e-0a90-4a41-a17c-6388bb873359@group-B673650064C9:t148, leader=null, voted=79abbc2e-0a90-4a41-a17c-6388bb873359, raftlog=79abbc2e-0a90-4a41-a17c-6388bb873359@group-B673650064C9-SegmentedRaftLog:OPENED:c-1,f-1,i0, conf=-1: [ebd8d1f9-8297-450f-abe7-393807ba0c7e:192.168.164.239:36510, dbc121b5-e1e8-4c61-9d50-542b699a3d90:192.168.164.239:43140, 79abbc2e-0a90-4a41-a17c-6388bb873359:192.168.164.239:37857], old=null
2019-10-15 17:17:54,864 [79abbc2e-0a90-4a41-a17c-6388bb873359@group-B673650064C9-LeaderElection128] INFO  impl.RaftServerImpl (RaftServerImpl.java:setRole(184)) - 79abbc2e-0a90-4a41-a17c-6388bb873359@group-B673650064C9: changes role from CANDIDATE to FOLLOWER at term 148 for DISCOVERED_A_NEW_TERM
2019-10-15 17:17:54,864 [79abbc2e-0a90-4a41-a17c-6388bb873359@group-B673650064C9-LeaderElection128] INFO  impl.RoleInfo (RoleInfo.java:shutdownLeaderElection(134)) - 79abbc2e-0a90-4a41-a17c-6388bb873359: shutdown LeaderElection
2019-10-15 17:17:54,864 [79abbc2e-0a90-4a41-a17c-6388bb873359@group-B673650064C9-LeaderElection128] INFO  impl.RoleInfo (RoleInfo.java:updateAndGet(143)) - 79abbc2e-0a90-4a41-a17c-6388bb873359: start FollowerState
2019-10-15 17:17:54,900 [Thread-1121] INFO  impl.FollowerState (FollowerState.java:run(108)) - 79abbc2e-0a90-4a41-a17c-6388bb873359@group-B673650064C9-FollowerState: change to CANDIDATE, lastRpcTime:35ms, electionTimeout:35ms
2019-10-15 17:17:54,900 [Thread-1121] INFO  impl.RoleInfo (RoleInfo.java:shutdownFollowerState(121)) - 79abbc2e-0a90-4a41-a17c-6388bb873359: shutdown FollowerState
2019-10-15 17:17:54,900 [Thread-1121] INFO  impl.RaftServerImpl (RaftServerImpl.java:setRole(184)) - 79abbc2e-0a90-4a41-a17c-6388bb873359@group-B673650064C9: changes role from  FOLLOWER to CANDIDATE at term 148 for changeToCandidate
2019-10-15 17:17:54,900 [Thread-1121] INFO  impl.RoleInfo (RoleInfo.java:updateAndGet(143)) - 79abbc2e-0a90-4a41-a17c-6388bb873359: start LeaderElection
2019-10-15 17:17:54,934 [79abbc2e-0a90-4a41-a17c-6388bb873359@group-B673650064C9-LeaderElection129] INFO  impl.LeaderElection (LeaderElection.java:askForVotes(178)) - 79abbc2e-0a90-4a41-a17c-6388bb873359@group-B673650064C9-LeaderElection129: begin an election at term 149 for -1: [ebd8d1f9-8297-450f-abe7-393807ba0c7e:192.168.164.239:36510, dbc121b5-e1e8-4c61-9d50-542b699a3d90:192.168.164.239:43140, 79abbc2e-0a90-4a41-a17c-6388bb873359:192.168.164.239:37857], old=null
2019-10-15 17:17:54,936 [grpc-default-executor-3] INFO  impl.RaftServerImpl (RaftServerImpl.java:setRole(184)) - ebd8d1f9-8297-450f-abe7-393807ba0c7e@group-B673650064C9: changes role from  FOLLOWER to FOLLOWER at term 149 for recognizeCandidate:79abbc2e-0a90-4a41-a17c-6388bb873359
2019-10-15 17:17:54,936 [grpc-default-executor-3] INFO  impl.RoleInfo (RoleInfo.java:shutdownFollowerState(121)) - ebd8d1f9-8297-450f-abe7-393807ba0c7e: shutdown FollowerState
2019-10-15 17:17:54,936 [grpc-default-executor-3] INFO  impl.RoleInfo (RoleInfo.java:updateAndGet(143)) - ebd8d1f9-8297-450f-abe7-393807ba0c7e: start FollowerState
2019-10-15 17:17:54,936 [Thread-1119] INFO  impl.FollowerState (FollowerState.java:run(117)) - ebd8d1f9-8297-450f-abe7-393807ba0c7e@group-B673650064C9-FollowerState was interrupted: java.lang.InterruptedException: sleep interrupted
2019-10-15 17:17:54,936 [grpc-default-executor-1] INFO  impl.RaftServerImpl (RaftServerImpl.java:setRole(184)) - dbc121b5-e1e8-4c61-9d50-542b699a3d90@group-B673650064C9: changes role from  FOLLOWER to FOLLOWER at term 149 for recognizeCandidate:79abbc2e-0a90-4a41-a17c-6388bb873359
2019-10-15 17:17:54,936 [grpc-default-executor-1] INFO  impl.RoleInfo (RoleInfo.java:shutdownFollowerState(121)) - dbc121b5-e1e8-4c61-9d50-542b699a3d90: shutdown FollowerState
2019-10-15 17:17:54,937 [grpc-default-executor-1] INFO  impl.RoleInfo (RoleInfo.java:updateAndGet(143)) - dbc121b5-e1e8-4c61-9d50-542b699a3d90: start FollowerState
2019-10-15 17:17:54,937 [Thread-1120] INFO  impl.FollowerState (FollowerState.java:run(117)) - dbc121b5-e1e8-4c61-9d50-542b699a3d90@group-B673650064C9-FollowerState was interrupted: java.lang.InterruptedException: sleep interrupted
2019-10-15 17:17:54,968 [79abbc2e-0a90-4a41-a17c-6388bb873359@group-B673650064C9-LeaderElection129] INFO  impl.LeaderElection (LeaderElection.java:logAndReturn(56)) - 79abbc2e-0a90-4a41-a17c-6388bb873359@group-B673650064C9-LeaderElection129: Election REJECTED; received 2 response(s) [79abbc2e-0a90-4a41-a17c-6388bb873359<-ebd8d1f9-8297-450f-abe7-393807ba0c7e#0:FAIL-t149, 79abbc2e-0a90-4a41-a17c-6388bb873359<-dbc121b5-e1e8-4c61-9d50-542b699a3d90#0:FAIL-t149] and 0 exception(s); 79abbc2e-0a90-4a41-a17c-6388bb873359@group-B673650064C9:t149, leader=null, voted=79abbc2e-0a90-4a41-a17c-6388bb873359, raftlog=79abbc2e-0a90-4a41-a17c-6388bb873359@group-B673650064C9-SegmentedRaftLog:OPENED:c-1,f-1,i0, conf=-1: [ebd8d1f9-8297-450f-abe7-393807ba0c7e:192.168.164.239:36510, dbc121b5-e1e8-4c61-9d50-542b699a3d90:192.168.164.239:43140, 79abbc2e-0a90-4a41-a17c-6388bb873359:192.168.164.239:37857], old=null
2019-10-15 17:17:54,968 [79abbc2e-0a90-4a41-a17c-6388bb873359@group-B673650064C9-LeaderElection129] INFO  impl.RaftServerImpl (RaftServerImpl.java:setRole(184)) - 79abbc2e-0a90-4a41-a17c-6388bb873359@group-B673650064C9: changes role from CANDIDATE to FOLLOWER at term 149 for DISCOVERED_A_NEW_TERM
2019-10-15 17:17:54,968 [79abbc2e-0a90-4a41-a17c-6388bb873359@group-B673650064C9-LeaderElection129] INFO  impl.RoleInfo (RoleInfo.java:shutdownLeaderElection(134)) - 79abbc2e-0a90-4a41-a17c-6388bb873359: shutdown LeaderElection
2019-10-15 17:17:54,968 [79abbc2e-0a90-4a41-a17c-6388bb873359@group-B673650064C9-LeaderElection129] INFO  impl.RoleInfo (RoleInfo.java:updateAndGet(143)) - 79abbc2e-0a90-4a41-a17c-6388bb873359: start FollowerState
2019-10-15 17:17:54,979 [Thread-1127] INFO  impl.FollowerState (FollowerState.java:run(108)) - 79abbc2e-0a90-4a41-a17c-6388bb873359@group-B673650064C9-FollowerState: change to CANDIDATE, lastRpcTime:11ms, electionTimeout:11ms
2019-10-15 17:17:54,980 [Thread-1127] INFO  impl.RoleInfo (RoleInfo.java:shutdownFollowerState(121)) - 79abbc2e-0a90-4a41-a17c-6388bb873359: shutdown FollowerState
2019-10-15 17:17:54,980 [Thread-1127] INFO  impl.RaftServerImpl (RaftServerImpl.java:setRole(184)) - 79abbc2e-0a90-4a41-a17c-6388bb873359@group-B673650064C9: changes role from  FOLLOWER to CANDIDATE at term 149 for changeToCandidate
2019-10-15 17:17:54,980 [Thread-1127] INFO  impl.RoleInfo (RoleInfo.java:updateAndGet(143)) - 79abbc2e-0a90-4a41-a17c-6388bb873359: start LeaderElection
2019-10-15 17:17:55,004 [79abbc2e-0a90-4a41-a17c-6388bb873359@group-B673650064C9-LeaderElection130] INFO  impl.LeaderElection (LeaderElection.java:askForVotes(178)) - 79abbc2e-0a90-4a41-a17c-6388bb873359@group-B673650064C9-LeaderElection130: begin an election at term 150 for -1: [ebd8d1f9-8297-450f-abe7-393807ba0c7e:192.168.164.239:36510, dbc121b5-e1e8-4c61-9d50-542b699a3d90:192.168.164.239:43140, 79abbc2e-0a90-4a41-a17c-6388bb873359:192.168.164.239:37857], old=null
2019-10-15 17:17:55,007 [grpc-default-executor-1] INFO  impl.RaftServerImpl (RaftServerImpl.java:setRole(184)) - ebd8d1f9-8297-450f-abe7-393807ba0c7e@group-B673650064C9: changes role from  FOLLOWER to FOLLOWER at term 150 for recognizeCandidate:79abbc2e-0a90-4a41-a17c-6388bb873359
2019-10-15 17:17:55,007 [grpc-default-executor-1] INFO  impl.RoleInfo (RoleInfo.java:shutdownFollowerState(121)) - ebd8d1f9-8297-450f-abe7-393807ba0c7e: shutdown FollowerState
2019-10-15 17:17:55,007 [grpc-default-executor-3] INFO  impl.RaftServerImpl (RaftServerImpl.java:setRole(184)) - dbc121b5-e1e8-4c61-9d50-542b699a3d90@group-B673650064C9: changes role from  FOLLOWER to FOLLOWER at term 150 for recognizeCandidate:79abbc2e-0a90-4a41-a17c-6388bb873359
2019-10-15 17:17:55,007 [Thread-1125] INFO  impl.FollowerState (FollowerState.java:run(117)) - ebd8d1f9-8297-450f-abe7-393807ba0c7e@group-B673650064C9-FollowerState was interrupted: java.lang.InterruptedException: sleep interrupted
2019-10-15 17:17:55,007 [grpc-default-executor-1] INFO  impl.RoleInfo (RoleInfo.java:updateAndGet(143)) - ebd8d1f9-8297-450f-abe7-393807ba0c7e: start FollowerState
2019-10-15 17:17:55,007 [grpc-default-executor-3] INFO  impl.RoleInfo (RoleInfo.java:shutdownFollowerState(121)) - dbc121b5-e1e8-4c61-9d50-542b699a3d90: shutdown FollowerState
2019-10-15 17:17:55,008 [grpc-default-executor-3] INFO  impl.RoleInfo (RoleInfo.java:updateAndGet(143)) - dbc121b5-e1e8-4c61-9d50-542b699a3d90: start FollowerState
2019-10-15 17:17:55,008 [Thread-1126] INFO  impl.FollowerState (FollowerState.java:run(117)) - dbc121b5-e1e8-4c61-9d50-542b699a3d90@group-B673650064C9-FollowerState was interrupted: java.lang.InterruptedException: sleep interrupted
2019-10-15 17:17:55,027 [79abbc2e-0a90-4a41-a17c-6388bb873359@group-B673650064C9-LeaderElection130] INFO  impl.LeaderElection (LeaderElection.java:logAndReturn(56)) - 79abbc2e-0a90-4a41-a17c-6388bb873359@group-B673650064C9-LeaderElection130: Election REJECTED; received 2 response(s) [79abbc2e-0a90-4a41-a17c-6388bb873359<-ebd8d1f9-8297-450f-abe7-393807ba0c7e#0:FAIL-t150, 79abbc2e-0a90-4a41-a17c-6388bb873359<-dbc121b5-e1e8-4c61-9d50-542b699a3d90#0:FAIL-t150] and 0 exception(s); 79abbc2e-0a90-4a41-a17c-6388bb873359@group-B673650064C9:t150, leader=null, voted=79abbc2e-0a90-4a41-a17c-6388bb873359, raftlog=79abbc2e-0a90-4a41-a17c-6388bb873359@group-B673650064C9-SegmentedRaftLog:OPENED:c-1,f-1,i0, conf=-1: [ebd8d1f9-8297-450f-abe7-393807ba0c7e:192.168.164.239:36510, dbc121b5-e1e8-4c61-9d50-542b699a3d90:192.168.164.239:43140, 79abbc2e-0a90-4a41-a17c-6388bb873359:192.168.164.239:37857], old=null
2019-10-15 17:17:55,028 [79abbc2e-0a90-4a41-a17c-6388bb873359@group-B673650064C9-LeaderElection130] INFO  impl.RaftServerImpl (RaftServerImpl.java:setRole(184)) - 79abbc2e-0a90-4a41-a17c-6388bb873359@group-B673650064C9: changes role from CANDIDATE to FOLLOWER at term 150 for DISCOVERED_A_NEW_TERM
2019-10-15 17:17:55,028 [79abbc2e-0a90-4a41-a17c-6388bb873359@group-B673650064C9-LeaderElection130] INFO  impl.RoleInfo (RoleInfo.java:shutdownLeaderElection(134)) - 79abbc2e-0a90-4a41-a17c-6388bb873359: shutdown LeaderElection
2019-10-15 17:17:55,028 [79abbc2e-0a90-4a41-a17c-6388bb873359@group-B673650064C9-LeaderElection130] INFO  impl.RoleInfo (RoleInfo.java:updateAndGet(143)) - 79abbc2e-0a90-4a41-a17c-6388bb873359: start FollowerState
2019-10-15 17:17:55,152 [Thread-1133] INFO  impl.FollowerState (FollowerState.java:run(108)) - 79abbc2e-0a90-4a41-a17c-6388bb873359@group-B673650064C9-FollowerState: change to CANDIDATE, lastRpcTime:124ms, electionTimeout:124ms
2019-10-15 17:17:55,152 [Thread-1133] INFO  impl.RoleInfo (RoleInfo.java:shutdownFollowerState(121)) - 79abbc2e-0a90-4a41-a17c-6388bb873359: shutdown FollowerState
2019-10-15 17:17:55,153 [Thread-1133] INFO  impl.RaftServerImpl (RaftServerImpl.java:setRole(184)) - 79abbc2e-0a90-4a41-a17c-6388bb873359@group-B673650064C9: changes role from  FOLLOWER to CANDIDATE at term 150 for changeToCandidate
2019-10-15 17:17:55,153 [Thread-1133] INFO  impl.RoleInfo (RoleInfo.java:updateAndGet(143)) - 79abbc2e-0a90-4a41-a17c-6388bb873359: start LeaderElection
2019-10-15 17:17:55,173 [79abbc2e-0a90-4a41-a17c-6388bb873359@group-B673650064C9-LeaderElection131] INFO  impl.LeaderElection (LeaderElection.java:askForVotes(178)) - 79abbc2e-0a90-4a41-a17c-6388bb873359@group-B673650064C9-LeaderElection131: begin an election at term 151 for -1: [ebd8d1f9-8297-450f-abe7-393807ba0c7e:192.168.164.239:36510, dbc121b5-e1e8-4c61-9d50-542b699a3d90:192.168.164.239:43140, 79abbc2e-0a90-4a41-a17c-6388bb873359:192.168.164.239:37857], old=null
2019-10-15 17:17:55,175 [grpc-default-executor-3] INFO  impl.RaftServerImpl (RaftServerImpl.java:setRole(184)) - ebd8d1f9-8297-450f-abe7-393807ba0c7e@group-B673650064C9: changes role from  FOLLOWER to FOLLOWER at term 151 for recognizeCandidate:79abbc2e-0a90-4a41-a17c-6388bb873359
2019-10-15 17:17:55,175 [grpc-default-executor-3] INFO  impl.RoleInfo (RoleInfo.java:shutdownFollowerState(121)) - ebd8d1f9-8297-450f-abe7-393807ba0c7e: shutdown FollowerState
2019-10-15 17:17:55,175 [grpc-default-executor-1] INFO  impl.RaftServerImpl (RaftServerImpl.java:setRole(184)) - dbc121b5-e1e8-4c61-9d50-542b699a3d90@group-B673650064C9: changes role from  FOLLOWER to FOLLOWER at term 151 for recognizeCandidate:79abbc2e-0a90-4a41-a17c-6388bb873359
2019-10-15 17:17:55,175 [grpc-default-executor-3] INFO  impl.RoleInfo (RoleInfo.java:updateAndGet(143)) - ebd8d1f9-8297-450f-abe7-393807ba0c7e: start FollowerState
2019-10-15 17:17:55,175 [Thread-1131] INFO  impl.FollowerState (FollowerState.java:run(117)) - ebd8d1f9-8297-450f-abe7-393807ba0c7e@group-B673650064C9-FollowerState was interrupted: java.lang.InterruptedException: sleep interrupted
2019-10-15 17:17:55,175 [grpc-default-executor-1] INFO  impl.RoleInfo (RoleInfo.java:shutdownFollowerState(121)) - dbc121b5-e1e8-4c61-9d50-542b699a3d90: shutdown FollowerState
2019-10-15 17:17:55,176 [grpc-default-executor-1] INFO  impl.RoleInfo (RoleInfo.java:updateAndGet(143)) - dbc121b5-e1e8-4c61-9d50-542b699a3d90: start FollowerState
2019-10-15 17:17:55,176 [Thread-1132] INFO  impl.FollowerState (FollowerState.java:run(117)) - dbc121b5-e1e8-4c61-9d50-542b699a3d90@group-B673650064C9-FollowerState was interrupted: java.lang.InterruptedException: sleep interrupted
2019-10-15 17:17:55,209 [79abbc2e-0a90-4a41-a17c-6388bb873359@group-B673650064C9-LeaderElection131] INFO  impl.LeaderElection (LeaderElection.java:logAndReturn(56)) - 79abbc2e-0a90-4a41-a17c-6388bb873359@group-B673650064C9-LeaderElection131: Election REJECTED; received 2 response(s) [79abbc2e-0a90-4a41-a17c-6388bb873359<-ebd8d1f9-8297-450f-abe7-393807ba0c7e#0:FAIL-t151, 79abbc2e-0a90-4a41-a17c-6388bb873359<-dbc121b5-e1e8-4c61-9d50-542b699a3d90#0:FAIL-t151] and 0 exception(s); 79abbc2e-0a90-4a41-a17c-6388bb873359@group-B673650064C9:t151, leader=null, voted=79abbc2e-0a90-4a41-a17c-6388bb873359, raftlog=79abbc2e-0a90-4a41-a17c-6388bb873359@group-B673650064C9-SegmentedRaftLog:OPENED:c-1,f-1,i0, conf=-1: [ebd8d1f9-8297-450f-abe7-393807ba0c7e:192.168.164.239:36510, dbc121b5-e1e8-4c61-9d50-542b699a3d90:192.168.164.239:43140, 79abbc2e-0a90-4a41-a17c-6388bb873359:192.168.164.239:37857], old=null
2019-10-15 17:17:55,209 [79abbc2e-0a90-4a41-a17c-6388bb873359@group-B673650064C9-LeaderElection131] INFO  impl.RaftServerImpl (RaftServerImpl.java:setRole(184)) - 79abbc2e-0a90-4a41-a17c-6388bb873359@group-B673650064C9: changes role from CANDIDATE to FOLLOWER at term 151 for DISCOVERED_A_NEW_TERM
2019-10-15 17:17:55,209 [79abbc2e-0a90-4a41-a17c-6388bb873359@group-B673650064C9-LeaderElection131] INFO  impl.RoleInfo (RoleInfo.java:shutdownLeaderElection(134)) - 79abbc2e-0a90-4a41-a17c-6388bb873359: shutdown LeaderElection
2019-10-15 17:17:55,210 [79abbc2e-0a90-4a41-a17c-6388bb873359@group-B673650064C9-LeaderElection131] INFO  impl.RoleInfo (RoleInfo.java:updateAndGet(143)) - 79abbc2e-0a90-4a41-a17c-6388bb873359: start FollowerState
2019-10-15 17:17:55,320 [Thread-1139] INFO  impl.FollowerState (FollowerState.java:run(108)) - 79abbc2e-0a90-4a41-a17c-6388bb873359@group-B673650064C9-FollowerState: change to CANDIDATE, lastRpcTime:110ms, electionTimeout:110ms
2019-10-15 17:17:55,321 [Thread-1139] INFO  impl.RoleInfo (RoleInfo.java:shutdownFollowerState(121)) - 79abbc2e-0a90-4a41-a17c-6388bb873359: shutdown FollowerState
2019-10-15 17:17:55,321 [Thread-1139] INFO  impl.RaftServerImpl (RaftServerImpl.java:setRole(184)) - 79abbc2e-0a90-4a41-a17c-6388bb873359@group-B673650064C9: changes role from  FOLLOWER to CANDIDATE at term 151 for changeToCandidate
2019-10-15 17:17:55,321 [Thread-1139] INFO  impl.RoleInfo (RoleInfo.java:updateAndGet(143)) - 79abbc2e-0a90-4a41-a17c-6388bb873359: start LeaderElection
2019-10-15 17:17:55,354 [79abbc2e-0a90-4a41-a17c-6388bb873359@group-B673650064C9-LeaderElection132] INFO  impl.LeaderElection (LeaderElection.java:askForVotes(178)) - 79abbc2e-0a90-4a41-a17c-6388bb873359@group-B673650064C9-LeaderElection132: begin an election at term 152 for -1: [ebd8d1f9-8297-450f-abe7-393807ba0c7e:192.168.164.239:36510, dbc121b5-e1e8-4c61-9d50-542b699a3d90:192.168.164.239:43140, 79abbc2e-0a90-4a41-a17c-6388bb873359:192.168.164.239:37857], old=null
2019-10-15 17:17:55,358 [grpc-default-executor-1] INFO  impl.RaftServerImpl (RaftServerImpl.java:setRole(184)) - ebd8d1f9-8297-450f-abe7-393807ba0c7e@group-B673650064C9: changes role from  FOLLOWER to FOLLOWER at term 152 for recognizeCandidate:79abbc2e-0a90-4a41-a17c-6388bb873359
2019-10-15 17:17:55,358 [grpc-default-executor-3] INFO  impl.RaftServerImpl (RaftServerImpl.java:setRole(184)) - dbc121b5-e1e8-4c61-9d50-542b699a3d90@group-B673650064C9: changes role from  FOLLOWER to FOLLOWER at term 152 for recognizeCandidate:79abbc2e-0a90-4a41-a17c-6388bb873359
2019-10-15 17:17:55,358 [grpc-default-executor-1] INFO  impl.RoleInfo (RoleInfo.java:shutdownFollowerState(121)) - ebd8d1f9-8297-450f-abe7-393807ba0c7e: shutdown FollowerState
2019-10-15 17:17:55,358 [grpc-default-executor-3] INFO  impl.RoleInfo (RoleInfo.java:shutdownFollowerState(121)) - dbc121b5-e1e8-4c61-9d50-542b699a3d90: shutdown FollowerState
2019-10-15 17:17:55,358 [grpc-default-executor-1] INFO  impl.RoleInfo (RoleInfo.java:updateAndGet(143)) - ebd8d1f9-8297-450f-abe7-393807ba0c7e: start FollowerState
2019-10-15 17:17:55,359 [Thread-1138] INFO  impl.FollowerState (FollowerState.java:run(117)) - dbc121b5-e1e8-4c61-9d50-542b699a3d90@group-B673650064C9-FollowerState was interrupted: java.lang.InterruptedException: sleep interrupted
2019-10-15 17:17:55,358 [grpc-default-executor-3] INFO  impl.RoleInfo (RoleInfo.java:updateAndGet(143)) - dbc121b5-e1e8-4c61-9d50-542b699a3d90: start FollowerState
2019-10-15 17:17:55,358 [Thread-1137] INFO  impl.FollowerState (FollowerState.java:run(117)) - ebd8d1f9-8297-450f-abe7-393807ba0c7e@group-B673650064C9-FollowerState was interrupted: java.lang.InterruptedException: sleep interrupted
2019-10-15 17:17:55,389 [79abbc2e-0a90-4a41-a17c-6388bb873359@group-B673650064C9-LeaderElection132] INFO  impl.LeaderElection (LeaderElection.java:logAndReturn(56)) - 79abbc2e-0a90-4a41-a17c-6388bb873359@group-B673650064C9-LeaderElection132: Election REJECTED; received 2 response(s) [79abbc2e-0a90-4a41-a17c-6388bb873359<-ebd8d1f9-8297-450f-abe7-393807ba0c7e#0:FAIL-t152, 79abbc2e-0a90-4a41-a17c-6388bb873359<-dbc121b5-e1e8-4c61-9d50-542b699a3d90#0:FAIL-t152] and 0 exception(s); 79abbc2e-0a90-4a41-a17c-6388bb873359@group-B673650064C9:t152, leader=null, voted=79abbc2e-0a90-4a41-a17c-6388bb873359, raftlog=79abbc2e-0a90-4a41-a17c-6388bb873359@group-B673650064C9-SegmentedRaftLog:OPENED:c-1,f-1,i0, conf=-1: [ebd8d1f9-8297-450f-abe7-393807ba0c7e:192.168.164.239:36510, dbc121b5-e1e8-4c61-9d50-542b699a3d90:192.168.164.239:43140, 79abbc2e-0a90-4a41-a17c-6388bb873359:192.168.164.239:37857], old=null
2019-10-15 17:17:55,389 [79abbc2e-0a90-4a41-a17c-6388bb873359@group-B673650064C9-LeaderElection132] INFO  impl.RaftServerImpl (RaftServerImpl.java:setRole(184)) - 79abbc2e-0a90-4a41-a17c-6388bb873359@group-B673650064C9: changes role from CANDIDATE to FOLLOWER at term 152 for DISCOVERED_A_NEW_TERM
2019-10-15 17:17:55,389 [79abbc2e-0a90-4a41-a17c-6388bb873359@group-B673650064C9-LeaderElection132] INFO  impl.RoleInfo (RoleInfo.java:shutdownLeaderElection(134)) - 79abbc2e-0a90-4a41-a17c-6388bb873359: shutdown LeaderElection
2019-10-15 17:17:55,390 [79abbc2e-0a90-4a41-a17c-6388bb873359@group-B673650064C9-LeaderElection132] INFO  impl.RoleInfo (RoleInfo.java:updateAndGet(143)) - 79abbc2e-0a90-4a41-a17c-6388bb873359: start FollowerState
2019-10-15 17:17:55,512 [Thread-1145] INFO  impl.FollowerState (FollowerState.java:run(108)) - 79abbc2e-0a90-4a41-a17c-6388bb873359@group-B673650064C9-FollowerState: change to CANDIDATE, lastRpcTime:122ms, electionTimeout:122ms
2019-10-15 17:17:55,512 [Thread-1145] INFO  impl.RoleInfo (RoleInfo.java:shutdownFollowerState(121)) - 79abbc2e-0a90-4a41-a17c-6388bb873359: shutdown FollowerState
2019-10-15 17:17:55,512 [Thread-1145] INFO  impl.RaftServerImpl (RaftServerImpl.java:setRole(184)) - 79abbc2e-0a90-4a41-a17c-6388bb873359@group-B673650064C9: changes role from  FOLLOWER to CANDIDATE at term 152 for changeToCandidate
2019-10-15 17:17:55,513 [Thread-1145] INFO  impl.RoleInfo (RoleInfo.java:updateAndGet(143)) - 79abbc2e-0a90-4a41-a17c-6388bb873359: start LeaderElection
2019-10-15 17:17:55,538 [79abbc2e-0a90-4a41-a17c-6388bb873359@group-B673650064C9-LeaderElection133] INFO  impl.LeaderElection (LeaderElection.java:askForVotes(178)) - 79abbc2e-0a90-4a41-a17c-6388bb873359@group-B673650064C9-LeaderElection133: begin an election at term 153 for -1: [ebd8d1f9-8297-450f-abe7-393807ba0c7e:192.168.164.239:36510, dbc121b5-e1e8-4c61-9d50-542b699a3d90:192.168.164.239:43140, 79abbc2e-0a90-4a41-a17c-6388bb873359:192.168.164.239:37857], old=null
2019-10-15 17:17:55,541 [grpc-default-executor-3] INFO  impl.RaftServerImpl (RaftServerImpl.java:setRole(184)) - ebd8d1f9-8297-450f-abe7-393807ba0c7e@group-B673650064C9: changes role from  FOLLOWER to FOLLOWER at term 153 for recognizeCandidate:79abbc2e-0a90-4a41-a17c-6388bb873359
2019-10-15 17:17:55,541 [grpc-default-executor-3] INFO  impl.RoleInfo (RoleInfo.java:shutdownFollowerState(121)) - ebd8d1f9-8297-450f-abe7-393807ba0c7e: shutdown FollowerState
2019-10-15 17:17:55,541 [grpc-default-executor-1] INFO  impl.RaftServerImpl (RaftServerImpl.java:setRole(184)) - dbc121b5-e1e8-4c61-9d50-542b699a3d90@group-B673650064C9: changes role from  FOLLOWER to FOLLOWER at term 153 for recognizeCandidate:79abbc2e-0a90-4a41-a17c-6388bb873359
2019-10-15 17:17:55,542 [Thread-1143] INFO  impl.FollowerState (FollowerState.java:run(117)) - ebd8d1f9-8297-450f-abe7-393807ba0c7e@group-B673650064C9-FollowerState was interrupted: java.lang.InterruptedException: sleep interrupted
2019-10-15 17:17:55,542 [grpc-default-executor-3] INFO  impl.RoleInfo (RoleInfo.java:updateAndGet(143)) - ebd8d1f9-8297-450f-abe7-393807ba0c7e: start FollowerState
2019-10-15 17:17:55,542 [grpc-default-executor-1] INFO  impl.RoleInfo (RoleInfo.java:shutdownFollowerState(121)) - dbc121b5-e1e8-4c61-9d50-542b699a3d90: shutdown FollowerState
2019-10-15 17:17:55,542 [grpc-default-executor-1] INFO  impl.RoleInfo (RoleInfo.java:updateAndGet(143)) - dbc121b5-e1e8-4c61-9d50-542b699a3d90: start FollowerState
2019-10-15 17:17:55,542 [Thread-1144] INFO  impl.FollowerState (FollowerState.java:run(117)) - dbc121b5-e1e8-4c61-9d50-542b699a3d90@group-B673650064C9-FollowerState was interrupted: java.lang.InterruptedException: sleep interrupted
2019-10-15 17:17:55,565 [79abbc2e-0a90-4a41-a17c-6388bb873359@group-B673650064C9-LeaderElection133] INFO  impl.LeaderElection (LeaderElection.java:logAndReturn(56)) - 79abbc2e-0a90-4a41-a17c-6388bb873359@group-B673650064C9-LeaderElection133: Election REJECTED; received 2 response(s) [79abbc2e-0a90-4a41-a17c-6388bb873359<-ebd8d1f9-8297-450f-abe7-393807ba0c7e#0:FAIL-t153, 79abbc2e-0a90-4a41-a17c-6388bb873359<-dbc121b5-e1e8-4c61-9d50-542b699a3d90#0:FAIL-t153] and 0 exception(s); 79abbc2e-0a90-4a41-a17c-6388bb873359@group-B673650064C9:t153, leader=null, voted=79abbc2e-0a90-4a41-a17c-6388bb873359, raftlog=79abbc2e-0a90-4a41-a17c-6388bb873359@group-B673650064C9-SegmentedRaftLog:OPENED:c-1,f-1,i0, conf=-1: [ebd8d1f9-8297-450f-abe7-393807ba0c7e:192.168.164.239:36510, dbc121b5-e1e8-4c61-9d50-542b699a3d90:192.168.164.239:43140, 79abbc2e-0a90-4a41-a17c-6388bb873359:192.168.164.239:37857], old=null
2019-10-15 17:17:55,565 [79abbc2e-0a90-4a41-a17c-6388bb873359@group-B673650064C9-LeaderElection133] INFO  impl.RaftServerImpl (RaftServerImpl.java:setRole(184)) - 79abbc2e-0a90-4a41-a17c-6388bb873359@group-B673650064C9: changes role from CANDIDATE to FOLLOWER at term 153 for DISCOVERED_A_NEW_TERM
2019-10-15 17:17:55,565 [79abbc2e-0a90-4a41-a17c-6388bb873359@group-B673650064C9-LeaderElection133] INFO  impl.RoleInfo (RoleInfo.java:shutdownLeaderElection(134)) - 79abbc2e-0a90-4a41-a17c-6388bb873359: shutdown LeaderElection
2019-10-15 17:17:55,565 [79abbc2e-0a90-4a41-a17c-6388bb873359@group-B673650064C9-LeaderElection133] INFO  impl.RoleInfo (RoleInfo.java:updateAndGet(143)) - 79abbc2e-0a90-4a41-a17c-6388bb873359: start FollowerState
2019-10-15 17:17:55,665 [Thread-1151] INFO  impl.FollowerState (FollowerState.java:run(108)) - 79abbc2e-0a90-4a41-a17c-6388bb873359@group-B673650064C9-FollowerState: change to CANDIDATE, lastRpcTime:99ms, electionTimeout:99ms
2019-10-15 17:17:55,665 [Thread-1151] INFO  impl.RoleInfo (RoleInfo.java:shutdownFollowerState(121)) - 79abbc2e-0a90-4a41-a17c-6388bb873359: shutdown FollowerState
2019-10-15 17:17:55,665 [Thread-1151] INFO  impl.RaftServerImpl (RaftServerImpl.java:setRole(184)) - 79abbc2e-0a90-4a41-a17c-6388bb873359@group-B673650064C9: changes role from  FOLLOWER to CANDIDATE at term 153 for changeToCandidate
2019-10-15 17:17:55,665 [Thread-1151] INFO  impl.RoleInfo (RoleInfo.java:updateAndGet(143)) - 79abbc2e-0a90-4a41-a17c-6388bb873359: start LeaderElection
2019-10-15 17:17:55,697 [79abbc2e-0a90-4a41-a17c-6388bb873359@group-B673650064C9-LeaderElection134] INFO  impl.LeaderElection (LeaderElection.java:askForVotes(178)) - 79abbc2e-0a90-4a41-a17c-6388bb873359@group-B673650064C9-LeaderElection134: begin an election at term 154 for -1: [ebd8d1f9-8297-450f-abe7-393807ba0c7e:192.168.164.239:36510, dbc121b5-e1e8-4c61-9d50-542b699a3d90:192.168.164.239:43140, 79abbc2e-0a90-4a41-a17c-6388bb873359:192.168.164.239:37857], old=null
2019-10-15 17:17:55,700 [grpc-default-executor-3] INFO  impl.RaftServerImpl (RaftServerImpl.java:setRole(184)) - ebd8d1f9-8297-450f-abe7-393807ba0c7e@group-B673650064C9: changes role from  FOLLOWER to FOLLOWER at term 154 for recognizeCandidate:79abbc2e-0a90-4a41-a17c-6388bb873359
2019-10-15 17:17:55,700 [grpc-default-executor-1] INFO  impl.RaftServerImpl (RaftServerImpl.java:setRole(184)) - dbc121b5-e1e8-4c61-9d50-542b699a3d90@group-B673650064C9: changes role from  FOLLOWER to FOLLOWER at term 154 for recognizeCandidate:79abbc2e-0a90-4a41-a17c-6388bb873359
2019-10-15 17:17:55,700 [grpc-default-executor-3] INFO  impl.RoleInfo (RoleInfo.java:shutdownFollowerState(121)) - ebd8d1f9-8297-450f-abe7-393807ba0c7e: shutdown FollowerState
2019-10-15 17:17:55,700 [grpc-default-executor-1] INFO  impl.RoleInfo (RoleInfo.java:shutdownFollowerState(121)) - dbc121b5-e1e8-4c61-9d50-542b699a3d90: shutdown FollowerState
2019-10-15 17:17:55,701 [grpc-default-executor-3] INFO  impl.RoleInfo (RoleInfo.java:updateAndGet(143)) - ebd8d1f9-8297-450f-abe7-393807ba0c7e: start FollowerState
2019-10-15 17:17:55,701 [grpc-default-executor-1] INFO  impl.RoleInfo (RoleInfo.java:updateAndGet(143)) - dbc121b5-e1e8-4c61-9d50-542b699a3d90: start FollowerState
2019-10-15 17:17:55,701 [Thread-1149] INFO  impl.FollowerState (FollowerState.java:run(117)) - ebd8d1f9-8297-450f-abe7-393807ba0c7e@group-B673650064C9-FollowerState was interrupted: java.lang.InterruptedException: sleep interrupted
2019-10-15 17:17:55,701 [Thread-1150] INFO  impl.FollowerState (FollowerState.java:run(117)) - dbc121b5-e1e8-4c61-9d50-542b699a3d90@group-B673650064C9-FollowerState was interrupted: java.lang.InterruptedException: sleep interrupted
2019-10-15 17:17:55,724 [79abbc2e-0a90-4a41-a17c-6388bb873359@group-B673650064C9-LeaderElection134] INFO  impl.LeaderElection (LeaderElection.java:logAndReturn(56)) - 79abbc2e-0a90-4a41-a17c-6388bb873359@group-B673650064C9-LeaderElection134: Election REJECTED; received 2 response(s) [79abbc2e-0a90-4a41-a17c-6388bb873359<-ebd8d1f9-8297-450f-abe7-393807ba0c7e#0:FAIL-t154, 79abbc2e-0a90-4a41-a17c-6388bb873359<-dbc121b5-e1e8-4c61-9d50-542b699a3d90#0:FAIL-t154] and 0 exception(s); 79abbc2e-0a90-4a41-a17c-6388bb873359@group-B673650064C9:t154, leader=null, voted=79abbc2e-0a90-4a41-a17c-6388bb873359, raftlog=79abbc2e-0a90-4a41-a17c-6388bb873359@group-B673650064C9-SegmentedRaftLog:OPENED:c-1,f-1,i0, conf=-1: [ebd8d1f9-8297-450f-abe7-393807ba0c7e:192.168.164.239:36510, dbc121b5-e1e8-4c61-9d50-542b699a3d90:192.168.164.239:43140, 79abbc2e-0a90-4a41-a17c-6388bb873359:192.168.164.239:37857], old=null
2019-10-15 17:17:55,724 [79abbc2e-0a90-4a41-a17c-6388bb873359@group-B673650064C9-LeaderElection134] INFO  impl.RaftServerImpl (RaftServerImpl.java:setRole(184)) - 79abbc2e-0a90-4a41-a17c-6388bb873359@group-B673650064C9: changes role from CANDIDATE to FOLLOWER at term 154 for DISCOVERED_A_NEW_TERM
2019-10-15 17:17:55,724 [79abbc2e-0a90-4a41-a17c-6388bb873359@group-B673650064C9-LeaderElection134] INFO  impl.RoleInfo (RoleInfo.java:shutdownLeaderElection(134)) - 79abbc2e-0a90-4a41-a17c-6388bb873359: shutdown LeaderElection
2019-10-15 17:17:55,724 [79abbc2e-0a90-4a41-a17c-6388bb873359@group-B673650064C9-LeaderElection134] INFO  impl.RoleInfo (RoleInfo.java:updateAndGet(143)) - 79abbc2e-0a90-4a41-a17c-6388bb873359: start FollowerState
2019-10-15 17:17:55,900 [Thread-1157] INFO  impl.FollowerState (FollowerState.java:run(108)) - 79abbc2e-0a90-4a41-a17c-6388bb873359@group-B673650064C9-FollowerState: change to CANDIDATE, lastRpcTime:175ms, electionTimeout:175ms
2019-10-15 17:17:55,900 [Thread-1157] INFO  impl.RoleInfo (RoleInfo.java:shutdownFollowerState(121)) - 79abbc2e-0a90-4a41-a17c-6388bb873359: shutdown FollowerState
2019-10-15 17:17:55,900 [Thread-1157] INFO  impl.RaftServerImpl (RaftServerImpl.java:setRole(184)) - 79abbc2e-0a90-4a41-a17c-6388bb873359@group-B673650064C9: changes role from  FOLLOWER to CANDIDATE at term 154 for changeToCandidate
2019-10-15 17:17:55,900 [Thread-1157] INFO  impl.RoleInfo (RoleInfo.java:updateAndGet(143)) - 79abbc2e-0a90-4a41-a17c-6388bb873359: start LeaderElection
2019-10-15 17:17:55,932 [79abbc2e-0a90-4a41-a17c-6388bb873359@group-B673650064C9-LeaderElection135] INFO  impl.LeaderElection (LeaderElection.java:askForVotes(178)) - 79abbc2e-0a90-4a41-a17c-6388bb873359@group-B673650064C9-LeaderElection135: begin an election at term 155 for -1: [ebd8d1f9-8297-450f-abe7-393807ba0c7e:192.168.164.239:36510, dbc121b5-e1e8-4c61-9d50-542b699a3d90:192.168.164.239:43140, 79abbc2e-0a90-4a41-a17c-6388bb873359:192.168.164.239:37857], old=null
2019-10-15 17:17:55,934 [grpc-default-executor-3] INFO  impl.RaftServerImpl (RaftServerImpl.java:setRole(184)) - dbc121b5-e1e8-4c61-9d50-542b699a3d90@group-B673650064C9: changes role from  FOLLOWER to FOLLOWER at term 155 for recognizeCandidate:79abbc2e-0a90-4a41-a17c-6388bb873359
2019-10-15 17:17:55,934 [grpc-default-executor-1] INFO  impl.RaftServerImpl (RaftServerImpl.java:setRole(184)) - ebd8d1f9-8297-450f-abe7-393807ba0c7e@group-B673650064C9: changes role from  FOLLOWER to FOLLOWER at term 155 for recognizeCandidate:79abbc2e-0a90-4a41-a17c-6388bb873359
2019-10-15 17:17:55,934 [grpc-default-executor-3] INFO  impl.RoleInfo (RoleInfo.java:shutdownFollowerState(121)) - dbc121b5-e1e8-4c61-9d50-542b699a3d90: shutdown FollowerState
2019-10-15 17:17:55,934 [grpc-default-executor-1] INFO  impl.RoleInfo (RoleInfo.java:shutdownFollowerState(121)) - ebd8d1f9-8297-450f-abe7-393807ba0c7e: shutdown FollowerState
2019-10-15 17:17:55,935 [grpc-default-executor-3] INFO  impl.RoleInfo (RoleInfo.java:updateAndGet(143)) - dbc121b5-e1e8-4c61-9d50-542b699a3d90: start FollowerState
2019-10-15 17:17:55,935 [grpc-default-executor-1] INFO  impl.RoleInfo (RoleInfo.java:updateAndGet(143)) - ebd8d1f9-8297-450f-abe7-393807ba0c7e: start FollowerState
2019-10-15 17:17:55,935 [Thread-1156] INFO  impl.FollowerState (FollowerState.java:run(117)) - dbc121b5-e1e8-4c61-9d50-542b699a3d90@group-B673650064C9-FollowerState was interrupted: java.lang.InterruptedException: sleep interrupted
2019-10-15 17:17:55,935 [Thread-1155] INFO  impl.FollowerState (FollowerState.java:run(117)) - ebd8d1f9-8297-450f-abe7-393807ba0c7e@group-B673650064C9-FollowerState was interrupted: java.lang.InterruptedException: sleep interrupted
2019-10-15 17:17:55,958 [79abbc2e-0a90-4a41-a17c-6388bb873359@group-B673650064C9-LeaderElection135] INFO  impl.LeaderElection (LeaderElection.java:logAndReturn(56)) - 79abbc2e-0a90-4a41-a17c-6388bb873359@group-B673650064C9-LeaderElection135: Election REJECTED; received 2 response(s) [79abbc2e-0a90-4a41-a17c-6388bb873359<-ebd8d1f9-8297-450f-abe7-393807ba0c7e#0:FAIL-t155, 79abbc2e-0a90-4a41-a17c-6388bb873359<-dbc121b5-e1e8-4c61-9d50-542b699a3d90#0:FAIL-t155] and 0 exception(s); 79abbc2e-0a90-4a41-a17c-6388bb873359@group-B673650064C9:t155, leader=null, voted=79abbc2e-0a90-4a41-a17c-6388bb873359, raftlog=79abbc2e-0a90-4a41-a17c-6388bb873359@group-B673650064C9-SegmentedRaftLog:OPENED:c-1,f-1,i0, conf=-1: [ebd8d1f9-8297-450f-abe7-393807ba0c7e:192.168.164.239:36510, dbc121b5-e1e8-4c61-9d50-542b699a3d90:192.168.164.239:43140, 79abbc2e-0a90-4a41-a17c-6388bb873359:192.168.164.239:37857], old=null
2019-10-15 17:17:55,958 [79abbc2e-0a90-4a41-a17c-6388bb873359@group-B673650064C9-LeaderElection135] INFO  impl.RaftServerImpl (RaftServerImpl.java:setRole(184)) - 79abbc2e-0a90-4a41-a17c-6388bb873359@group-B673650064C9: changes role from CANDIDATE to FOLLOWER at term 155 for DISCOVERED_A_NEW_TERM
2019-10-15 17:17:55,958 [79abbc2e-0a90-4a41-a17c-6388bb873359@group-B673650064C9-LeaderElection135] INFO  impl.RoleInfo (RoleInfo.java:shutdownLeaderElection(134)) - 79abbc2e-0a90-4a41-a17c-6388bb873359: shutdown LeaderElection
2019-10-15 17:17:55,958 [79abbc2e-0a90-4a41-a17c-6388bb873359@group-B673650064C9-LeaderElection135] INFO  impl.RoleInfo (RoleInfo.java:updateAndGet(143)) - 79abbc2e-0a90-4a41-a17c-6388bb873359: start FollowerState
2019-10-15 17:17:56,071 [Thread-1165] INFO  impl.FollowerState (FollowerState.java:run(108)) - 79abbc2e-0a90-4a41-a17c-6388bb873359@group-B673650064C9-FollowerState: change to CANDIDATE, lastRpcTime:113ms, electionTimeout:113ms
2019-10-15 17:17:56,072 [Thread-1165] INFO  impl.RoleInfo (RoleInfo.java:shutdownFollowerState(121)) - 79abbc2e-0a90-4a41-a17c-6388bb873359: shutdown FollowerState
2019-10-15 17:17:56,072 [Thread-1165] INFO  impl.RaftServerImpl (RaftServerImpl.java:setRole(184)) - 79abbc2e-0a90-4a41-a17c-6388bb873359@group-B673650064C9: changes role from  FOLLOWER to CANDIDATE at term 155 for changeToCandidate
2019-10-15 17:17:56,072 [Thread-1165] INFO  impl.RoleInfo (RoleInfo.java:updateAndGet(143)) - 79abbc2e-0a90-4a41-a17c-6388bb873359: start LeaderElection
2019-10-15 17:17:56,091 [79abbc2e-0a90-4a41-a17c-6388bb873359@group-B673650064C9-LeaderElection136] INFO  impl.LeaderElection (LeaderElection.java:askForVotes(178)) - 79abbc2e-0a90-4a41-a17c-6388bb873359@group-B673650064C9-LeaderElection136: begin an election at term 156 for -1: [ebd8d1f9-8297-450f-abe7-393807ba0c7e:192.168.164.239:36510, dbc121b5-e1e8-4c61-9d50-542b699a3d90:192.168.164.239:43140, 79abbc2e-0a90-4a41-a17c-6388bb873359:192.168.164.239:37857], old=null
2019-10-15 17:17:56,093 [grpc-default-executor-1] INFO  impl.RaftServerImpl (RaftServerImpl.java:setRole(184)) - ebd8d1f9-8297-450f-abe7-393807ba0c7e@group-B673650064C9: changes role from  FOLLOWER to FOLLOWER at term 156 for recognizeCandidate:79abbc2e-0a90-4a41-a17c-6388bb873359
2019-10-15 17:17:56,093 [grpc-default-executor-3] INFO  impl.RaftServerImpl (RaftServerImpl.java:setRole(184)) - dbc121b5-e1e8-4c61-9d50-542b699a3d90@group-B673650064C9: changes role from  FOLLOWER to FOLLOWER at term 156 for recognizeCandidate:79abbc2e-0a90-4a41-a17c-6388bb873359
2019-10-15 17:17:56,093 [grpc-default-executor-1] INFO  impl.RoleInfo (RoleInfo.java:shutdownFollowerState(121)) - ebd8d1f9-8297-450f-abe7-393807ba0c7e: shutdown FollowerState
2019-10-15 17:17:56,094 [grpc-default-executor-3] INFO  impl.RoleInfo (RoleInfo.java:shutdownFollowerState(121)) - dbc121b5-e1e8-4c61-9d50-542b699a3d90: shutdown FollowerState
2019-10-15 17:17:56,094 [Thread-1164] INFO  impl.FollowerState (FollowerState.java:run(117)) - ebd8d1f9-8297-450f-abe7-393807ba0c7e@group-B673650064C9-FollowerState was interrupted: java.lang.InterruptedException: sleep interrupted
2019-10-15 17:17:56,094 [grpc-default-executor-1] INFO  impl.RoleInfo (RoleInfo.java:updateAndGet(143)) - ebd8d1f9-8297-450f-abe7-393807ba0c7e: start FollowerState
2019-10-15 17:17:56,094 [Thread-1163] INFO  impl.FollowerState (FollowerState.java:run(117)) - dbc121b5-e1e8-4c61-9d50-542b699a3d90@group-B673650064C9-FollowerState was interrupted: java.lang.InterruptedException: sleep interrupted
2019-10-15 17:17:56,094 [grpc-default-executor-3] INFO  impl.RoleInfo (RoleInfo.java:updateAndGet(143)) - dbc121b5-e1e8-4c61-9d50-542b699a3d90: start FollowerState
2019-10-15 17:17:56,134 [79abbc2e-0a90-4a41-a17c-6388bb873359@group-B673650064C9-LeaderElection136] INFO  impl.LeaderElection (LeaderElection.java:logAndReturn(56)) - 79abbc2e-0a90-4a41-a17c-6388bb873359@group-B673650064C9-LeaderElection136: Election REJECTED; received 2 response(s) [79abbc2e-0a90-4a41-a17c-6388bb873359<-ebd8d1f9-8297-450f-abe7-393807ba0c7e#0:FAIL-t156, 79abbc2e-0a90-4a41-a17c-6388bb873359<-dbc121b5-e1e8-4c61-9d50-542b699a3d90#0:FAIL-t156] and 0 exception(s); 79abbc2e-0a90-4a41-a17c-6388bb873359@group-B673650064C9:t156, leader=null, voted=79abbc2e-0a90-4a41-a17c-6388bb873359, raftlog=79abbc2e-0a90-4a41-a17c-6388bb873359@group-B673650064C9-SegmentedRaftLog:OPENED:c-1,f-1,i0, conf=-1: [ebd8d1f9-8297-450f-abe7-393807ba0c7e:192.168.164.239:36510, dbc121b5-e1e8-4c61-9d50-542b699a3d90:192.168.164.239:43140, 79abbc2e-0a90-4a41-a17c-6388bb873359:192.168.164.239:37857], old=null
2019-10-15 17:17:56,135 [79abbc2e-0a90-4a41-a17c-6388bb873359@group-B673650064C9-LeaderElection136] INFO  impl.RaftServerImpl (RaftServerImpl.java:setRole(184)) - 79abbc2e-0a90-4a41-a17c-6388bb873359@group-B673650064C9: changes role from CANDIDATE to FOLLOWER at term 156 for DISCOVERED_A_NEW_TERM
2019-10-15 17:17:56,135 [79abbc2e-0a90-4a41-a17c-6388bb873359@group-B673650064C9-LeaderElection136] INFO  impl.RoleInfo (RoleInfo.java:shutdownLeaderElection(134)) - 79abbc2e-0a90-4a41-a17c-6388bb873359: shutdown LeaderElection
2019-10-15 17:17:56,135 [79abbc2e-0a90-4a41-a17c-6388bb873359@group-B673650064C9-LeaderElection136] INFO  impl.RoleInfo (RoleInfo.java:updateAndGet(143)) - 79abbc2e-0a90-4a41-a17c-6388bb873359: start FollowerState
2019-10-15 17:17:56,142 [Thread-1171] INFO  impl.FollowerState (FollowerState.java:run(108)) - 79abbc2e-0a90-4a41-a17c-6388bb873359@group-B673650064C9-FollowerState: change to CANDIDATE, lastRpcTime:7ms, electionTimeout:7ms
2019-10-15 17:17:56,142 [Thread-1171] INFO  impl.RoleInfo (RoleInfo.java:shutdownFollowerState(121)) - 79abbc2e-0a90-4a41-a17c-6388bb873359: shutdown FollowerState
2019-10-15 17:17:56,143 [Thread-1171] INFO  impl.RaftServerImpl (RaftServerImpl.java:setRole(184)) - 79abbc2e-0a90-4a41-a17c-6388bb873359@group-B673650064C9: changes role from  FOLLOWER to CANDIDATE at term 156 for changeToCandidate
2019-10-15 17:17:56,143 [Thread-1171] INFO  impl.RoleInfo (RoleInfo.java:updateAndGet(143)) - 79abbc2e-0a90-4a41-a17c-6388bb873359: start LeaderElection
2019-10-15 17:17:56,167 [79abbc2e-0a90-4a41-a17c-6388bb873359@group-B673650064C9-LeaderElection137] INFO  impl.LeaderElection (LeaderElection.java:askForVotes(178)) - 79abbc2e-0a90-4a41-a17c-6388bb873359@group-B673650064C9-LeaderElection137: begin an election at term 157 for -1: [ebd8d1f9-8297-450f-abe7-393807ba0c7e:192.168.164.239:36510, dbc121b5-e1e8-4c61-9d50-542b699a3d90:192.168.164.239:43140, 79abbc2e-0a90-4a41-a17c-6388bb873359:192.168.164.239:37857], old=null
2019-10-15 17:17:56,170 [grpc-default-executor-3] INFO  impl.RaftServerImpl (RaftServerImpl.java:setRole(184)) - ebd8d1f9-8297-450f-abe7-393807ba0c7e@group-B673650064C9: changes role from  FOLLOWER to FOLLOWER at term 157 for recognizeCandidate:79abbc2e-0a90-4a41-a17c-6388bb873359
2019-10-15 17:17:56,170 [grpc-default-executor-1] INFO  impl.RaftServerImpl (RaftServerImpl.java:setRole(184)) - dbc121b5-e1e8-4c61-9d50-542b699a3d90@group-B673650064C9: changes role from  FOLLOWER to FOLLOWER at term 157 for recognizeCandidate:79abbc2e-0a90-4a41-a17c-6388bb873359
2019-10-15 17:17:56,170 [grpc-default-executor-3] INFO  impl.RoleInfo (RoleInfo.java:shutdownFollowerState(121)) - ebd8d1f9-8297-450f-abe7-393807ba0c7e: shutdown FollowerState
2019-10-15 17:17:56,170 [grpc-default-executor-1] INFO  impl.RoleInfo (RoleInfo.java:shutdownFollowerState(121)) - dbc121b5-e1e8-4c61-9d50-542b699a3d90: shutdown FollowerState
2019-10-15 17:17:56,170 [grpc-default-executor-3] INFO  impl.RoleInfo (RoleInfo.java:updateAndGet(143)) - ebd8d1f9-8297-450f-abe7-393807ba0c7e: start FollowerState
2019-10-15 17:17:56,170 [Thread-1170] INFO  impl.FollowerState (FollowerState.java:run(117)) - dbc121b5-e1e8-4c61-9d50-542b699a3d90@group-B673650064C9-FollowerState was interrupted: java.lang.InterruptedException: sleep interrupted
2019-10-15 17:17:56,170 [grpc-default-executor-1] INFO  impl.RoleInfo (RoleInfo.java:updateAndGet(143)) - dbc121b5-e1e8-4c61-9d50-542b699a3d90: start FollowerState
2019-10-15 17:17:56,170 [Thread-1169] INFO  impl.FollowerState (FollowerState.java:run(117)) - ebd8d1f9-8297-450f-abe7-393807ba0c7e@group-B673650064C9-FollowerState was interrupted: java.lang.InterruptedException: sleep interrupted
2019-10-15 17:17:56,187 [79abbc2e-0a90-4a41-a17c-6388bb873359@group-B673650064C9-LeaderElection137] INFO  impl.LeaderElection (LeaderElection.java:logAndReturn(56)) - 79abbc2e-0a90-4a41-a17c-6388bb873359@group-B673650064C9-LeaderElection137: Election REJECTED; received 2 response(s) [79abbc2e-0a90-4a41-a17c-6388bb873359<-ebd8d1f9-8297-450f-abe7-393807ba0c7e#0:FAIL-t157, 79abbc2e-0a90-4a41-a17c-6388bb873359<-dbc121b5-e1e8-4c61-9d50-542b699a3d90#0:FAIL-t157] and 0 exception(s); 79abbc2e-0a90-4a41-a17c-6388bb873359@group-B673650064C9:t157, leader=null, voted=79abbc2e-0a90-4a41-a17c-6388bb873359, raftlog=79abbc2e-0a90-4a41-a17c-6388bb873359@group-B673650064C9-SegmentedRaftLog:OPENED:c-1,f-1,i0, conf=-1: [ebd8d1f9-8297-450f-abe7-393807ba0c7e:192.168.164.239:36510, dbc121b5-e1e8-4c61-9d50-542b699a3d90:192.168.164.239:43140, 79abbc2e-0a90-4a41-a17c-6388bb873359:192.168.164.239:37857], old=null
2019-10-15 17:17:56,187 [79abbc2e-0a90-4a41-a17c-6388bb873359@group-B673650064C9-LeaderElection137] INFO  impl.RaftServerImpl (RaftServerImpl.java:setRole(184)) - 79abbc2e-0a90-4a41-a17c-6388bb873359@group-B673650064C9: changes role from CANDIDATE to FOLLOWER at term 157 for DISCOVERED_A_NEW_TERM
2019-10-15 17:17:56,187 [79abbc2e-0a90-4a41-a17c-6388bb873359@group-B673650064C9-LeaderElection137] INFO  impl.RoleInfo (RoleInfo.java:shutdownLeaderElection(134)) - 79abbc2e-0a90-4a41-a17c-6388bb873359: shutdown LeaderElection
2019-10-15 17:17:56,187 [79abbc2e-0a90-4a41-a17c-6388bb873359@group-B673650064C9-LeaderElection137] INFO  impl.RoleInfo (RoleInfo.java:updateAndGet(143)) - 79abbc2e-0a90-4a41-a17c-6388bb873359: start FollowerState
2019-10-15 17:17:56,228 [Thread-1177] INFO  impl.FollowerState (FollowerState.java:run(108)) - 79abbc2e-0a90-4a41-a17c-6388bb873359@group-B673650064C9-FollowerState: change to CANDIDATE, lastRpcTime:40ms, electionTimeout:40ms
2019-10-15 17:17:56,228 [Thread-1177] INFO  impl.RoleInfo (RoleInfo.java:shutdownFollowerState(121)) - 79abbc2e-0a90-4a41-a17c-6388bb873359: shutdown FollowerState
2019-10-15 17:17:56,228 [Thread-1177] INFO  impl.RaftServerImpl (RaftServerImpl.java:setRole(184)) - 79abbc2e-0a90-4a41-a17c-6388bb873359@group-B673650064C9: changes role from  FOLLOWER to CANDIDATE at term 157 for changeToCandidate
2019-10-15 17:17:56,228 [Thread-1177] INFO  impl.RoleInfo (RoleInfo.java:updateAndGet(143)) - 79abbc2e-0a90-4a41-a17c-6388bb873359: start LeaderElection
2019-10-15 17:17:56,254 [79abbc2e-0a90-4a41-a17c-6388bb873359@group-B673650064C9-LeaderElection138] INFO  impl.LeaderElection (LeaderElection.java:askForVotes(178)) - 79abbc2e-0a90-4a41-a17c-6388bb873359@group-B673650064C9-LeaderElection138: begin an election at term 158 for -1: [ebd8d1f9-8297-450f-abe7-393807ba0c7e:192.168.164.239:36510, dbc121b5-e1e8-4c61-9d50-542b699a3d90:192.168.164.239:43140, 79abbc2e-0a90-4a41-a17c-6388bb873359:192.168.164.239:37857], old=null
2019-10-15 17:17:56,257 [grpc-default-executor-3] INFO  impl.RaftServerImpl (RaftServerImpl.java:setRole(184)) - ebd8d1f9-8297-450f-abe7-393807ba0c7e@group-B673650064C9: changes role from  FOLLOWER to FOLLOWER at term 158 for recognizeCandidate:79abbc2e-0a90-4a41-a17c-6388bb873359
2019-10-15 17:17:56,257 [grpc-default-executor-3] INFO  impl.RoleInfo (RoleInfo.java:shutdownFollowerState(121)) - ebd8d1f9-8297-450f-abe7-393807ba0c7e: shutdown FollowerState
2019-10-15 17:17:56,257 [grpc-default-executor-1] INFO  impl.RaftServerImpl (RaftServerImpl.java:setRole(184)) - dbc121b5-e1e8-4c61-9d50-542b699a3d90@group-B673650064C9: changes role from  FOLLOWER to FOLLOWER at term 158 for recognizeCandidate:79abbc2e-0a90-4a41-a17c-6388bb873359
2019-10-15 17:17:56,257 [Thread-1175] INFO  impl.FollowerState (FollowerState.java:run(117)) - ebd8d1f9-8297-450f-abe7-393807ba0c7e@group-B673650064C9-FollowerState was interrupted: java.lang.InterruptedException: sleep interrupted
2019-10-15 17:17:56,257 [grpc-default-executor-3] INFO  impl.RoleInfo (RoleInfo.java:updateAndGet(143)) - ebd8d1f9-8297-450f-abe7-393807ba0c7e: start FollowerState
2019-10-15 17:17:56,257 [grpc-default-executor-1] INFO  impl.RoleInfo (RoleInfo.java:shutdownFollowerState(121)) - dbc121b5-e1e8-4c61-9d50-542b699a3d90: shutdown FollowerState
2019-10-15 17:17:56,257 [grpc-default-executor-1] INFO  impl.RoleInfo (RoleInfo.java:updateAndGet(143)) - dbc121b5-e1e8-4c61-9d50-542b699a3d90: start FollowerState
2019-10-15 17:17:56,257 [Thread-1176] INFO  impl.FollowerState (FollowerState.java:run(117)) - dbc121b5-e1e8-4c61-9d50-542b699a3d90@group-B673650064C9-FollowerState was interrupted: java.lang.InterruptedException: sleep interrupted
2019-10-15 17:17:56,273 [79abbc2e-0a90-4a41-a17c-6388bb873359@group-B673650064C9-LeaderElection138] INFO  impl.LeaderElection (LeaderElection.java:logAndReturn(56)) - 79abbc2e-0a90-4a41-a17c-6388bb873359@group-B673650064C9-LeaderElection138: Election REJECTED; received 2 response(s) [79abbc2e-0a90-4a41-a17c-6388bb873359<-ebd8d1f9-8297-450f-abe7-393807ba0c7e#0:FAIL-t158, 79abbc2e-0a90-4a41-a17c-6388bb873359<-dbc121b5-e1e8-4c61-9d50-542b699a3d90#0:FAIL-t158] and 0 exception(s); 79abbc2e-0a90-4a41-a17c-6388bb873359@group-B673650064C9:t158, leader=null, voted=79abbc2e-0a90-4a41-a17c-6388bb873359, raftlog=79abbc2e-0a90-4a41-a17c-6388bb873359@group-B673650064C9-SegmentedRaftLog:OPENED:c-1,f-1,i0, conf=-1: [ebd8d1f9-8297-450f-abe7-393807ba0c7e:192.168.164.239:36510, dbc121b5-e1e8-4c61-9d50-542b699a3d90:192.168.164.239:43140, 79abbc2e-0a90-4a41-a17c-6388bb873359:192.168.164.239:37857], old=null
2019-10-15 17:17:56,273 [79abbc2e-0a90-4a41-a17c-6388bb873359@group-B673650064C9-LeaderElection138] INFO  impl.RaftServerImpl (RaftServerImpl.java:setRole(184)) - 79abbc2e-0a90-4a41-a17c-6388bb873359@group-B673650064C9: changes role from CANDIDATE to FOLLOWER at term 158 for DISCOVERED_A_NEW_TERM
2019-10-15 17:17:56,273 [79abbc2e-0a90-4a41-a17c-6388bb873359@group-B673650064C9-LeaderElection138] INFO  impl.RoleInfo (RoleInfo.java:shutdownLeaderElection(134)) - 79abbc2e-0a90-4a41-a17c-6388bb873359: shutdown LeaderElection
2019-10-15 17:17:56,273 [79abbc2e-0a90-4a41-a17c-6388bb873359@group-B673650064C9-LeaderElection138] INFO  impl.RoleInfo (RoleInfo.java:updateAndGet(143)) - 79abbc2e-0a90-4a41-a17c-6388bb873359: start FollowerState
2019-10-15 17:17:56,455 [Thread-1183] INFO  impl.FollowerState (FollowerState.java:run(108)) - 79abbc2e-0a90-4a41-a17c-6388bb873359@group-B673650064C9-FollowerState: change to CANDIDATE, lastRpcTime:182ms, electionTimeout:182ms
2019-10-15 17:17:56,456 [Thread-1183] INFO  impl.RoleInfo (RoleInfo.java:shutdownFollowerState(121)) - 79abbc2e-0a90-4a41-a17c-6388bb873359: shutdown FollowerState
2019-10-15 17:17:56,456 [Thread-1183] INFO  impl.RaftServerImpl (RaftServerImpl.java:setRole(184)) - 79abbc2e-0a90-4a41-a17c-6388bb873359@group-B673650064C9: changes role from  FOLLOWER to CANDIDATE at term 158 for changeToCandidate
2019-10-15 17:17:56,456 [Thread-1183] INFO  impl.RoleInfo (RoleInfo.java:updateAndGet(143)) - 79abbc2e-0a90-4a41-a17c-6388bb873359: start LeaderElection
2019-10-15 17:17:56,482 [79abbc2e-0a90-4a41-a17c-6388bb873359@group-B673650064C9-LeaderElection139] INFO  impl.LeaderElection (LeaderElection.java:askForVotes(178)) - 79abbc2e-0a90-4a41-a17c-6388bb873359@group-B673650064C9-LeaderElection139: begin an election at term 159 for -1: [ebd8d1f9-8297-450f-abe7-393807ba0c7e:192.168.164.239:36510, dbc121b5-e1e8-4c61-9d50-542b699a3d90:192.168.164.239:43140, 79abbc2e-0a90-4a41-a17c-6388bb873359:192.168.164.239:37857], old=null
2019-10-15 17:17:56,484 [grpc-default-executor-1] INFO  impl.RaftServerImpl (RaftServerImpl.java:setRole(184)) - ebd8d1f9-8297-450f-abe7-393807ba0c7e@group-B673650064C9: changes role from  FOLLOWER to FOLLOWER at term 159 for recognizeCandidate:79abbc2e-0a90-4a41-a17c-6388bb873359
2019-10-15 17:17:56,485 [grpc-default-executor-1] INFO  impl.RoleInfo (RoleInfo.java:shutdownFollowerState(121)) - ebd8d1f9-8297-450f-abe7-393807ba0c7e: shutdown FollowerState
2019-10-15 17:17:56,485 [grpc-default-executor-1] INFO  impl.RoleInfo (RoleInfo.java:updateAndGet(143)) - ebd8d1f9-8297-450f-abe7-393807ba0c7e: start FollowerState
2019-10-15 17:17:56,485 [Thread-1181] INFO  impl.FollowerState (FollowerState.java:run(117)) - ebd8d1f9-8297-450f-abe7-393807ba0c7e@group-B673650064C9-FollowerState was interrupted: java.lang.InterruptedException: sleep interrupted
2019-10-15 17:17:56,486 [grpc-default-executor-3] INFO  impl.RaftServerImpl (RaftServerImpl.java:setRole(184)) - dbc121b5-e1e8-4c61-9d50-542b699a3d90@group-B673650064C9: changes role from  FOLLOWER to FOLLOWER at term 159 for recognizeCandidate:79abbc2e-0a90-4a41-a17c-6388bb873359
2019-10-15 17:17:56,486 [grpc-default-executor-3] INFO  impl.RoleInfo (RoleInfo.java:shutdownFollowerState(121)) - dbc121b5-e1e8-4c61-9d50-542b699a3d90: shutdown FollowerState
2019-10-15 17:17:56,486 [grpc-default-executor-3] INFO  impl.RoleInfo (RoleInfo.java:updateAndGet(143)) - dbc121b5-e1e8-4c61-9d50-542b699a3d90: start FollowerState
2019-10-15 17:17:56,486 [Thread-1182] INFO  impl.FollowerState (FollowerState.java:run(117)) - dbc121b5-e1e8-4c61-9d50-542b699a3d90@group-B673650064C9-FollowerState was interrupted: java.lang.InterruptedException: sleep interrupted
2019-10-15 17:17:56,503 [79abbc2e-0a90-4a41-a17c-6388bb873359@group-B673650064C9-LeaderElection139] INFO  impl.LeaderElection (LeaderElection.java:logAndReturn(56)) - 79abbc2e-0a90-4a41-a17c-6388bb873359@group-B673650064C9-LeaderElection139: Election TIMEOUT; received 1 response(s) [79abbc2e-0a90-4a41-a17c-6388bb873359<-ebd8d1f9-8297-450f-abe7-393807ba0c7e#0:FAIL-t159] and 0 exception(s); 79abbc2e-0a90-4a41-a17c-6388bb873359@group-B673650064C9:t159, leader=null, voted=79abbc2e-0a90-4a41-a17c-6388bb873359, raftlog=79abbc2e-0a90-4a41-a17c-6388bb873359@group-B673650064C9-SegmentedRaftLog:OPENED:c-1,f-1,i0, conf=-1: [ebd8d1f9-8297-450f-abe7-393807ba0c7e:192.168.164.239:36510, dbc121b5-e1e8-4c61-9d50-542b699a3d90:192.168.164.239:43140, 79abbc2e-0a90-4a41-a17c-6388bb873359:192.168.164.239:37857], old=null
2019-10-15 17:17:56,534 [79abbc2e-0a90-4a41-a17c-6388bb873359@group-B673650064C9-LeaderElection139] INFO  impl.LeaderElection (LeaderElection.java:askForVotes(178)) - 79abbc2e-0a90-4a41-a17c-6388bb873359@group-B673650064C9-LeaderElection139: begin an election at term 160 for -1: [ebd8d1f9-8297-450f-abe7-393807ba0c7e:192.168.164.239:36510, dbc121b5-e1e8-4c61-9d50-542b699a3d90:192.168.164.239:43140, 79abbc2e-0a90-4a41-a17c-6388bb873359:192.168.164.239:37857], old=null
2019-10-15 17:17:56,536 [grpc-default-executor-3] INFO  impl.RaftServerImpl (RaftServerImpl.java:setRole(184)) - ebd8d1f9-8297-450f-abe7-393807ba0c7e@group-B673650064C9: changes role from  FOLLOWER to FOLLOWER at term 160 for recognizeCandidate:79abbc2e-0a90-4a41-a17c-6388bb873359
2019-10-15 17:17:56,536 [grpc-default-executor-1] INFO  impl.RaftServerImpl (RaftServerImpl.java:setRole(184)) - dbc121b5-e1e8-4c61-9d50-542b699a3d90@group-B673650064C9: changes role from  FOLLOWER to FOLLOWER at term 160 for recognizeCandidate:79abbc2e-0a90-4a41-a17c-6388bb873359
2019-10-15 17:17:56,537 [grpc-default-executor-1] INFO  impl.RoleInfo (RoleInfo.java:shutdownFollowerState(121)) - dbc121b5-e1e8-4c61-9d50-542b699a3d90: shutdown FollowerState
2019-10-15 17:17:56,536 [grpc-default-executor-3] INFO  impl.RoleInfo (RoleInfo.java:shutdownFollowerState(121)) - ebd8d1f9-8297-450f-abe7-393807ba0c7e: shutdown FollowerState
2019-10-15 17:17:56,537 [grpc-default-executor-1] INFO  impl.RoleInfo (RoleInfo.java:updateAndGet(143)) - dbc121b5-e1e8-4c61-9d50-542b699a3d90: start FollowerState
2019-10-15 17:17:56,537 [Thread-1187] INFO  impl.FollowerState (FollowerState.java:run(117)) - ebd8d1f9-8297-450f-abe7-393807ba0c7e@group-B673650064C9-FollowerState was interrupted: java.lang.InterruptedException: sleep interrupted
2019-10-15 17:17:56,537 [Thread-1188] INFO  impl.FollowerState (FollowerState.java:run(117)) - dbc121b5-e1e8-4c61-9d50-542b699a3d90@group-B673650064C9-FollowerState was interrupted: java.lang.InterruptedException: sleep interrupted
2019-10-15 17:17:56,537 [grpc-default-executor-3] INFO  impl.RoleInfo (RoleInfo.java:updateAndGet(143)) - ebd8d1f9-8297-450f-abe7-393807ba0c7e: start FollowerState
2019-10-15 17:17:56,561 [79abbc2e-0a90-4a41-a17c-6388bb873359@group-B673650064C9-LeaderElection139] INFO  impl.LeaderElection (LeaderElection.java:logAndReturn(56)) - 79abbc2e-0a90-4a41-a17c-6388bb873359@group-B673650064C9-LeaderElection139: Election REJECTED; received 2 response(s) [79abbc2e-0a90-4a41-a17c-6388bb873359<-ebd8d1f9-8297-450f-abe7-393807ba0c7e#0:FAIL-t160, 79abbc2e-0a90-4a41-a17c-6388bb873359<-dbc121b5-e1e8-4c61-9d50-542b699a3d90#0:FAIL-t160] and 0 exception(s); 79abbc2e-0a90-4a41-a17c-6388bb873359@group-B673650064C9:t160, leader=null, voted=79abbc2e-0a90-4a41-a17c-6388bb873359, raftlog=79abbc2e-0a90-4a41-a17c-6388bb873359@group-B673650064C9-SegmentedRaftLog:OPENED:c-1,f-1,i0, conf=-1: [ebd8d1f9-8297-450f-abe7-393807ba0c7e:192.168.164.239:36510, dbc121b5-e1e8-4c61-9d50-542b699a3d90:192.168.164.239:43140, 79abbc2e-0a90-4a41-a17c-6388bb873359:192.168.164.239:37857], old=null
2019-10-15 17:17:56,561 [79abbc2e-0a90-4a41-a17c-6388bb873359@group-B673650064C9-LeaderElection139] INFO  impl.RaftServerImpl (RaftServerImpl.java:setRole(184)) - 79abbc2e-0a90-4a41-a17c-6388bb873359@group-B673650064C9: changes role from CANDIDATE to FOLLOWER at term 160 for DISCOVERED_A_NEW_TERM
2019-10-15 17:17:56,561 [79abbc2e-0a90-4a41-a17c-6388bb873359@group-B673650064C9-LeaderElection139] INFO  impl.RoleInfo (RoleInfo.java:shutdownLeaderElection(134)) - 79abbc2e-0a90-4a41-a17c-6388bb873359: shutdown LeaderElection
2019-10-15 17:17:56,561 [79abbc2e-0a90-4a41-a17c-6388bb873359@group-B673650064C9-LeaderElection139] INFO  impl.RoleInfo (RoleInfo.java:updateAndGet(143)) - 79abbc2e-0a90-4a41-a17c-6388bb873359: start FollowerState
2019-10-15 17:17:56,737 [Thread-1193] INFO  impl.FollowerState (FollowerState.java:run(108)) - 79abbc2e-0a90-4a41-a17c-6388bb873359@group-B673650064C9-FollowerState: change to CANDIDATE, lastRpcTime:175ms, electionTimeout:175ms
2019-10-15 17:17:56,737 [Thread-1193] INFO  impl.RoleInfo (RoleInfo.java:shutdownFollowerState(121)) - 79abbc2e-0a90-4a41-a17c-6388bb873359: shutdown FollowerState
2019-10-15 17:17:56,737 [Thread-1193] INFO  impl.RaftServerImpl (RaftServerImpl.java:setRole(184)) - 79abbc2e-0a90-4a41-a17c-6388bb873359@group-B673650064C9: changes role from  FOLLOWER to CANDIDATE at term 160 for changeToCandidate
2019-10-15 17:17:56,737 [Thread-1193] INFO  impl.RoleInfo (RoleInfo.java:updateAndGet(143)) - 79abbc2e-0a90-4a41-a17c-6388bb873359: start LeaderElection
2019-10-15 17:17:56,763 [79abbc2e-0a90-4a41-a17c-6388bb873359@group-B673650064C9-LeaderElection140] INFO  impl.LeaderElection (LeaderElection.java:askForVotes(178)) - 79abbc2e-0a90-4a41-a17c-6388bb873359@group-B673650064C9-LeaderElection140: begin an election at term 161 for -1: [ebd8d1f9-8297-450f-abe7-393807ba0c7e:192.168.164.239:36510, dbc121b5-e1e8-4c61-9d50-542b699a3d90:192.168.164.239:43140, 79abbc2e-0a90-4a41-a17c-6388bb873359:192.168.164.239:37857], old=null
2019-10-15 17:17:56,765 [grpc-default-executor-1] INFO  impl.RaftServerImpl (RaftServerImpl.java:setRole(184)) - ebd8d1f9-8297-450f-abe7-393807ba0c7e@group-B673650064C9: changes role from  FOLLOWER to FOLLOWER at term 161 for recognizeCandidate:79abbc2e-0a90-4a41-a17c-6388bb873359
2019-10-15 17:17:56,766 [grpc-default-executor-0] INFO  impl.RaftServerImpl (RaftServerImpl.java:setRole(184)) - dbc121b5-e1e8-4c61-9d50-542b699a3d90@group-B673650064C9: changes role from  FOLLOWER to FOLLOWER at term 161 for recognizeCandidate:79abbc2e-0a90-4a41-a17c-6388bb873359
2019-10-15 17:17:56,767 [grpc-default-executor-0] INFO  impl.RoleInfo (RoleInfo.java:shutdownFollowerState(121)) - dbc121b5-e1e8-4c61-9d50-542b699a3d90: shutdown FollowerState
2019-10-15 17:17:56,766 [grpc-default-executor-1] INFO  impl.RoleInfo (RoleInfo.java:shutdownFollowerState(121)) - ebd8d1f9-8297-450f-abe7-393807ba0c7e: shutdown FollowerState
2019-10-15 17:17:56,767 [Thread-1191] INFO  impl.FollowerState (FollowerState.java:run(117)) - dbc121b5-e1e8-4c61-9d50-542b699a3d90@group-B673650064C9-FollowerState was interrupted: java.lang.InterruptedException: sleep interrupted
2019-10-15 17:17:56,767 [grpc-default-executor-0] INFO  impl.RoleInfo (RoleInfo.java:updateAndGet(143)) - dbc121b5-e1e8-4c61-9d50-542b699a3d90: start FollowerState
2019-10-15 17:17:56,768 [Thread-1192] INFO  impl.FollowerState (FollowerState.java:run(117)) - ebd8d1f9-8297-450f-abe7-393807ba0c7e@group-B673650064C9-FollowerState was interrupted: java.lang.InterruptedException: sleep interrupted
2019-10-15 17:17:56,768 [grpc-default-executor-1] INFO  impl.RoleInfo (RoleInfo.java:updateAndGet(143)) - ebd8d1f9-8297-450f-abe7-393807ba0c7e: start FollowerState
2019-10-15 17:17:56,790 [79abbc2e-0a90-4a41-a17c-6388bb873359@group-B673650064C9-LeaderElection140] INFO  impl.LeaderElection (LeaderElection.java:logAndReturn(56)) - 79abbc2e-0a90-4a41-a17c-6388bb873359@group-B673650064C9-LeaderElection140: Election REJECTED; received 2 response(s) [79abbc2e-0a90-4a41-a17c-6388bb873359<-ebd8d1f9-8297-450f-abe7-393807ba0c7e#0:FAIL-t161, 79abbc2e-0a90-4a41-a17c-6388bb873359<-dbc121b5-e1e8-4c61-9d50-542b699a3d90#0:FAIL-t161] and 0 exception(s); 79abbc2e-0a90-4a41-a17c-6388bb873359@group-B673650064C9:t161, leader=null, voted=79abbc2e-0a90-4a41-a17c-6388bb873359, raftlog=79abbc2e-0a90-4a41-a17c-6388bb873359@group-B673650064C9-SegmentedRaftLog:OPENED:c-1,f-1,i0, conf=-1: [ebd8d1f9-8297-450f-abe7-393807ba0c7e:192.168.164.239:36510, dbc121b5-e1e8-4c61-9d50-542b699a3d90:192.168.164.239:43140, 79abbc2e-0a90-4a41-a17c-6388bb873359:192.168.164.239:37857], old=null
2019-10-15 17:17:56,790 [79abbc2e-0a90-4a41-a17c-6388bb873359@group-B673650064C9-LeaderElection140] INFO  impl.RaftServerImpl (RaftServerImpl.java:setRole(184)) - 79abbc2e-0a90-4a41-a17c-6388bb873359@group-B673650064C9: changes role from CANDIDATE to FOLLOWER at term 161 for DISCOVERED_A_NEW_TERM
2019-10-15 17:17:56,790 [79abbc2e-0a90-4a41-a17c-6388bb873359@group-B673650064C9-LeaderElection140] INFO  impl.RoleInfo (RoleInfo.java:shutdownLeaderElection(134)) - 79abbc2e-0a90-4a41-a17c-6388bb873359: shutdown LeaderElection
2019-10-15 17:17:56,790 [79abbc2e-0a90-4a41-a17c-6388bb873359@group-B673650064C9-LeaderElection140] INFO  impl.RoleInfo (RoleInfo.java:updateAndGet(143)) - 79abbc2e-0a90-4a41-a17c-6388bb873359: start FollowerState
2019-10-15 17:17:56,878 [Thread-1201] INFO  impl.FollowerState (FollowerState.java:run(108)) - 79abbc2e-0a90-4a41-a17c-6388bb873359@group-B673650064C9-FollowerState: change to CANDIDATE, lastRpcTime:87ms, electionTimeout:87ms
2019-10-15 17:17:56,878 [Thread-1201] INFO  impl.RoleInfo (RoleInfo.java:shutdownFollowerState(121)) - 79abbc2e-0a90-4a41-a17c-6388bb873359: shutdown FollowerState
2019-10-15 17:17:56,878 [Thread-1201] INFO  impl.RaftServerImpl (RaftServerImpl.java:setRole(184)) - 79abbc2e-0a90-4a41-a17c-6388bb873359@group-B673650064C9: changes role from  FOLLOWER to CANDIDATE at term 161 for changeToCandidate
2019-10-15 17:17:56,878 [Thread-1201] INFO  impl.RoleInfo (RoleInfo.java:updateAndGet(143)) - 79abbc2e-0a90-4a41-a17c-6388bb873359: start LeaderElection
2019-10-15 17:17:56,899 [79abbc2e-0a90-4a41-a17c-6388bb873359@group-B673650064C9-LeaderElection141] INFO  impl.LeaderElection (LeaderElection.java:askForVotes(178)) - 79abbc2e-0a90-4a41-a17c-6388bb873359@group-B673650064C9-LeaderElection141: begin an election at term 162 for -1: [ebd8d1f9-8297-450f-abe7-393807ba0c7e:192.168.164.239:36510, dbc121b5-e1e8-4c61-9d50-542b699a3d90:192.168.164.239:43140, 79abbc2e-0a90-4a41-a17c-6388bb873359:192.168.164.239:37857], old=null
2019-10-15 17:17:56,901 [grpc-default-executor-1] INFO  impl.RaftServerImpl (RaftServerImpl.java:setRole(184)) - ebd8d1f9-8297-450f-abe7-393807ba0c7e@group-B673650064C9: changes role from  FOLLOWER to FOLLOWER at term 162 for recognizeCandidate:79abbc2e-0a90-4a41-a17c-6388bb873359
2019-10-15 17:17:56,901 [grpc-default-executor-1] INFO  impl.RoleInfo (RoleInfo.java:shutdownFollowerState(121)) - ebd8d1f9-8297-450f-abe7-393807ba0c7e: shutdown FollowerState
2019-10-15 17:17:56,901 [grpc-default-executor-1] INFO  impl.RoleInfo (RoleInfo.java:updateAndGet(143)) - ebd8d1f9-8297-450f-abe7-393807ba0c7e: start FollowerState
2019-10-15 17:17:56,901 [grpc-default-executor-0] INFO  impl.RaftServerImpl (RaftServerImpl.java:setRole(184)) - dbc121b5-e1e8-4c61-9d50-542b699a3d90@group-B673650064C9: changes role from  FOLLOWER to FOLLOWER at term 162 for recognizeCandidate:79abbc2e-0a90-4a41-a17c-6388bb873359
2019-10-15 17:17:56,902 [grpc-default-executor-0] INFO  impl.RoleInfo (RoleInfo.java:shutdownFollowerState(121)) - dbc121b5-e1e8-4c61-9d50-542b699a3d90: shutdown FollowerState
2019-10-15 17:17:56,902 [Thread-1200] INFO  impl.FollowerState (FollowerState.java:run(117)) - ebd8d1f9-8297-450f-abe7-393807ba0c7e@group-B673650064C9-FollowerState was interrupted: java.lang.InterruptedException: sleep interrupted
2019-10-15 17:17:56,902 [grpc-default-executor-0] INFO  impl.RoleInfo (RoleInfo.java:updateAndGet(143)) - dbc121b5-e1e8-4c61-9d50-542b699a3d90: start FollowerState
2019-10-15 17:17:56,902 [Thread-1199] INFO  impl.FollowerState (FollowerState.java:run(117)) - dbc121b5-e1e8-4c61-9d50-542b699a3d90@group-B673650064C9-FollowerState was interrupted: java.lang.InterruptedException: sleep interrupted
2019-10-15 17:17:56,920 [79abbc2e-0a90-4a41-a17c-6388bb873359@group-B673650064C9-LeaderElection141] INFO  impl.LeaderElection (LeaderElection.java:logAndReturn(56)) - 79abbc2e-0a90-4a41-a17c-6388bb873359@group-B673650064C9-LeaderElection141: Election TIMEOUT; received 0 response(s) [] and 0 exception(s); 79abbc2e-0a90-4a41-a17c-6388bb873359@group-B673650064C9:t162, leader=null, voted=79abbc2e-0a90-4a41-a17c-6388bb873359, raftlog=79abbc2e-0a90-4a41-a17c-6388bb873359@group-B673650064C9-SegmentedRaftLog:OPENED:c-1,f-1,i0, conf=-1: [ebd8d1f9-8297-450f-abe7-393807ba0c7e:192.168.164.239:36510, dbc121b5-e1e8-4c61-9d50-542b699a3d90:192.168.164.239:43140, 79abbc2e-0a90-4a41-a17c-6388bb873359:192.168.164.239:37857], old=null
2019-10-15 17:17:56,942 [79abbc2e-0a90-4a41-a17c-6388bb873359@group-B673650064C9-LeaderElection141] INFO  impl.LeaderElection (LeaderElection.java:askForVotes(178)) - 79abbc2e-0a90-4a41-a17c-6388bb873359@group-B673650064C9-LeaderElection141: begin an election at term 163 for -1: [ebd8d1f9-8297-450f-abe7-393807ba0c7e:192.168.164.239:36510, dbc121b5-e1e8-4c61-9d50-542b699a3d90:192.168.164.239:43140, 79abbc2e-0a90-4a41-a17c-6388bb873359:192.168.164.239:37857], old=null
2019-10-15 17:17:56,944 [grpc-default-executor-1] INFO  impl.RaftServerImpl (RaftServerImpl.java:setRole(184)) - ebd8d1f9-8297-450f-abe7-393807ba0c7e@group-B673650064C9: changes role from  FOLLOWER to FOLLOWER at term 163 for recognizeCandidate:79abbc2e-0a90-4a41-a17c-6388bb873359
2019-10-15 17:17:56,944 [grpc-default-executor-1] INFO  impl.RoleInfo (RoleInfo.java:shutdownFollowerState(121)) - ebd8d1f9-8297-450f-abe7-393807ba0c7e: shutdown FollowerState
2019-10-15 17:17:56,944 [grpc-default-executor-0] INFO  impl.RaftServerImpl (RaftServerImpl.java:setRole(184)) - dbc121b5-e1e8-4c61-9d50-542b699a3d90@group-B673650064C9: changes role from  FOLLOWER to FOLLOWER at term 163 for recognizeCandidate:79abbc2e-0a90-4a41-a17c-6388bb873359
2019-10-15 17:17:56,944 [grpc-default-executor-0] INFO  impl.RoleInfo (RoleInfo.java:shutdownFollowerState(121)) - dbc121b5-e1e8-4c61-9d50-542b699a3d90: shutdown FollowerState
2019-10-15 17:17:56,944 [grpc-default-executor-1] INFO  impl.RoleInfo (RoleInfo.java:updateAndGet(143)) - ebd8d1f9-8297-450f-abe7-393807ba0c7e: start FollowerState
2019-10-15 17:17:56,944 [Thread-1206] INFO  impl.FollowerState (FollowerState.java:run(117)) - dbc121b5-e1e8-4c61-9d50-542b699a3d90@group-B673650064C9-FollowerState was interrupted: java.lang.InterruptedException: sleep interrupted
2019-10-15 17:17:56,944 [grpc-default-executor-0] INFO  impl.RoleInfo (RoleInfo.java:updateAndGet(143)) - dbc121b5-e1e8-4c61-9d50-542b699a3d90: start FollowerState
2019-10-15 17:17:56,944 [Thread-1205] INFO  impl.FollowerState (FollowerState.java:run(117)) - ebd8d1f9-8297-450f-abe7-393807ba0c7e@group-B673650064C9-FollowerState was interrupted: java.lang.InterruptedException: sleep interrupted
2019-10-15 17:17:56,951 [79abbc2e-0a90-4a41-a17c-6388bb873359@group-B673650064C9-LeaderElection141] INFO  impl.LeaderElection (LeaderElection.java:logAndReturn(56)) - 79abbc2e-0a90-4a41-a17c-6388bb873359@group-B673650064C9-LeaderElection141: Election TIMEOUT; received 0 response(s) [] and 0 exception(s); 79abbc2e-0a90-4a41-a17c-6388bb873359@group-B673650064C9:t163, leader=null, voted=79abbc2e-0a90-4a41-a17c-6388bb873359, raftlog=79abbc2e-0a90-4a41-a17c-6388bb873359@group-B673650064C9-SegmentedRaftLog:OPENED:c-1,f-1,i0, conf=-1: [ebd8d1f9-8297-450f-abe7-393807ba0c7e:192.168.164.239:36510, dbc121b5-e1e8-4c61-9d50-542b699a3d90:192.168.164.239:43140, 79abbc2e-0a90-4a41-a17c-6388bb873359:192.168.164.239:37857], old=null
2019-10-15 17:17:56,976 [79abbc2e-0a90-4a41-a17c-6388bb873359@group-B673650064C9-LeaderElection141] INFO  impl.LeaderElection (LeaderElection.java:askForVotes(178)) - 79abbc2e-0a90-4a41-a17c-6388bb873359@group-B673650064C9-LeaderElection141: begin an election at term 164 for -1: [ebd8d1f9-8297-450f-abe7-393807ba0c7e:192.168.164.239:36510, dbc121b5-e1e8-4c61-9d50-542b699a3d90:192.168.164.239:43140, 79abbc2e-0a90-4a41-a17c-6388bb873359:192.168.164.239:37857], old=null
2019-10-15 17:17:56,978 [grpc-default-executor-1] INFO  impl.RaftServerImpl (RaftServerImpl.java:setRole(184)) - ebd8d1f9-8297-450f-abe7-393807ba0c7e@group-B673650064C9: changes role from  FOLLOWER to FOLLOWER at term 164 for recognizeCandidate:79abbc2e-0a90-4a41-a17c-6388bb873359
2019-10-15 17:17:56,978 [grpc-default-executor-1] INFO  impl.RoleInfo (RoleInfo.java:shutdownFollowerState(121)) - ebd8d1f9-8297-450f-abe7-393807ba0c7e: shutdown FollowerState
2019-10-15 17:17:56,978 [grpc-default-executor-1] INFO  impl.RoleInfo (RoleInfo.java:updateAndGet(143)) - ebd8d1f9-8297-450f-abe7-393807ba0c7e: start FollowerState
2019-10-15 17:17:56,978 [grpc-default-executor-0] INFO  impl.RaftServerImpl (RaftServerImpl.java:setRole(184)) - dbc121b5-e1e8-4c61-9d50-542b699a3d90@group-B673650064C9: changes role from  FOLLOWER to FOLLOWER at term 164 for recognizeCandidate:79abbc2e-0a90-4a41-a17c-6388bb873359
2019-10-15 17:17:56,979 [grpc-default-executor-0] INFO  impl.RoleInfo (RoleInfo.java:shutdownFollowerState(121)) - dbc121b5-e1e8-4c61-9d50-542b699a3d90: shutdown FollowerState
2019-10-15 17:17:56,978 [Thread-1209] INFO  impl.FollowerState (FollowerState.java:run(117)) - ebd8d1f9-8297-450f-abe7-393807ba0c7e@group-B673650064C9-FollowerState was interrupted: java.lang.InterruptedException: sleep interrupted
2019-10-15 17:17:56,979 [grpc-default-executor-0] INFO  impl.RoleInfo (RoleInfo.java:updateAndGet(143)) - dbc121b5-e1e8-4c61-9d50-542b699a3d90: start FollowerState
2019-10-15 17:17:56,979 [79abbc2e-0a90-4a41-a17c-6388bb873359@group-B673650064C9-LeaderElection141] INFO  impl.LeaderElection (LeaderElection.java:logAndReturn(56)) - 79abbc2e-0a90-4a41-a17c-6388bb873359@group-B673650064C9-LeaderElection141: Election TIMEOUT; received 0 response(s) [] and 0 exception(s); 79abbc2e-0a90-4a41-a17c-6388bb873359@group-B673650064C9:t164, leader=null, voted=79abbc2e-0a90-4a41-a17c-6388bb873359, raftlog=79abbc2e-0a90-4a41-a17c-6388bb873359@group-B673650064C9-SegmentedRaftLog:OPENED:c-1,f-1,i0, conf=-1: [ebd8d1f9-8297-450f-abe7-393807ba0c7e:192.168.164.239:36510, dbc121b5-e1e8-4c61-9d50-542b699a3d90:192.168.164.239:43140, 79abbc2e-0a90-4a41-a17c-6388bb873359:192.168.164.239:37857], old=null
2019-10-15 17:17:56,979 [Thread-1210] INFO  impl.FollowerState (FollowerState.java:run(117)) - dbc121b5-e1e8-4c61-9d50-542b699a3d90@group-B673650064C9-FollowerState was interrupted: java.lang.InterruptedException: sleep interrupted
2019-10-15 17:17:57,002 [79abbc2e-0a90-4a41-a17c-6388bb873359@group-B673650064C9-LeaderElection141] INFO  impl.LeaderElection (LeaderElection.java:askForVotes(178)) - 79abbc2e-0a90-4a41-a17c-6388bb873359@group-B673650064C9-LeaderElection141: begin an election at term 165 for -1: [ebd8d1f9-8297-450f-abe7-393807ba0c7e:192.168.164.239:36510, dbc121b5-e1e8-4c61-9d50-542b699a3d90:192.168.164.239:43140, 79abbc2e-0a90-4a41-a17c-6388bb873359:192.168.164.239:37857], old=null
2019-10-15 17:17:57,004 [grpc-default-executor-1] INFO  impl.RaftServerImpl (RaftServerImpl.java:setRole(184)) - ebd8d1f9-8297-450f-abe7-393807ba0c7e@group-B673650064C9: changes role from  FOLLOWER to FOLLOWER at term 165 for recognizeCandidate:79abbc2e-0a90-4a41-a17c-6388bb873359
2019-10-15 17:17:57,004 [grpc-default-executor-1] INFO  impl.RoleInfo (RoleInfo.java:shutdownFollowerState(121)) - ebd8d1f9-8297-450f-abe7-393807ba0c7e: shutdown FollowerState
2019-10-15 17:17:57,004 [grpc-default-executor-1] INFO  impl.RoleInfo (RoleInfo.java:updateAndGet(143)) - ebd8d1f9-8297-450f-abe7-393807ba0c7e: start FollowerState
2019-10-15 17:17:57,004 [Thread-1213] INFO  impl.FollowerState (FollowerState.java:run(117)) - ebd8d1f9-8297-450f-abe7-393807ba0c7e@group-B673650064C9-FollowerState was interrupted: java.lang.InterruptedException: sleep interrupted
2019-10-15 17:17:57,004 [grpc-default-executor-0] INFO  impl.RaftServerImpl (RaftServerImpl.java:setRole(184)) - dbc121b5-e1e8-4c61-9d50-542b699a3d90@group-B673650064C9: changes role from  FOLLOWER to FOLLOWER at term 165 for recognizeCandidate:79abbc2e-0a90-4a41-a17c-6388bb873359
2019-10-15 17:17:57,005 [grpc-default-executor-0] INFO  impl.RoleInfo (RoleInfo.java:shutdownFollowerState(121)) - dbc121b5-e1e8-4c61-9d50-542b699a3d90: shutdown FollowerState
2019-10-15 17:17:57,005 [grpc-default-executor-0] INFO  impl.RoleInfo (RoleInfo.java:updateAndGet(143)) - dbc121b5-e1e8-4c61-9d50-542b699a3d90: start FollowerState
2019-10-15 17:17:57,005 [Thread-1214] INFO  impl.FollowerState (FollowerState.java:run(117)) - dbc121b5-e1e8-4c61-9d50-542b699a3d90@group-B673650064C9-FollowerState was interrupted: java.lang.InterruptedException: sleep interrupted
2019-10-15 17:17:57,026 [79abbc2e-0a90-4a41-a17c-6388bb873359@group-B673650064C9-LeaderElection141] INFO  impl.LeaderElection (LeaderElection.java:logAndReturn(56)) - 79abbc2e-0a90-4a41-a17c-6388bb873359@group-B673650064C9-LeaderElection141: Election TIMEOUT; received 0 response(s) [] and 0 exception(s); 79abbc2e-0a90-4a41-a17c-6388bb873359@group-B673650064C9:t165, leader=null, voted=79abbc2e-0a90-4a41-a17c-6388bb873359, raftlog=79abbc2e-0a90-4a41-a17c-6388bb873359@group-B673650064C9-SegmentedRaftLog:OPENED:c-1,f-1,i0, conf=-1: [ebd8d1f9-8297-450f-abe7-393807ba0c7e:192.168.164.239:36510, dbc121b5-e1e8-4c61-9d50-542b699a3d90:192.168.164.239:43140, 79abbc2e-0a90-4a41-a17c-6388bb873359:192.168.164.239:37857], old=null
2019-10-15 17:17:57,047 [79abbc2e-0a90-4a41-a17c-6388bb873359@group-B673650064C9-LeaderElection141] INFO  impl.LeaderElection (LeaderElection.java:askForVotes(178)) - 79abbc2e-0a90-4a41-a17c-6388bb873359@group-B673650064C9-LeaderElection141: begin an election at term 166 for -1: [ebd8d1f9-8297-450f-abe7-393807ba0c7e:192.168.164.239:36510, dbc121b5-e1e8-4c61-9d50-542b699a3d90:192.168.164.239:43140, 79abbc2e-0a90-4a41-a17c-6388bb873359:192.168.164.239:37857], old=null
2019-10-15 17:17:57,048 [grpc-default-executor-0] INFO  impl.RaftServerImpl (RaftServerImpl.java:setRole(184)) - ebd8d1f9-8297-450f-abe7-393807ba0c7e@group-B673650064C9: changes role from  FOLLOWER to FOLLOWER at term 166 for recognizeCandidate:79abbc2e-0a90-4a41-a17c-6388bb873359
2019-10-15 17:17:57,048 [grpc-default-executor-0] INFO  impl.RoleInfo (RoleInfo.java:shutdownFollowerState(121)) - ebd8d1f9-8297-450f-abe7-393807ba0c7e: shutdown FollowerState
2019-10-15 17:17:57,048 [grpc-default-executor-1] INFO  impl.RaftServerImpl (RaftServerImpl.java:setRole(184)) - dbc121b5-e1e8-4c61-9d50-542b699a3d90@group-B673650064C9: changes role from  FOLLOWER to FOLLOWER at term 166 for recognizeCandidate:79abbc2e-0a90-4a41-a17c-6388bb873359
2019-10-15 17:17:57,049 [Thread-1217] INFO  impl.FollowerState (FollowerState.java:run(117)) - ebd8d1f9-8297-450f-abe7-393807ba0c7e@group-B673650064C9-FollowerState was interrupted: java.lang.InterruptedException: sleep interrupted
2019-10-15 17:17:57,049 [grpc-default-executor-1] INFO  impl.RoleInfo (RoleInfo.java:shutdownFollowerState(121)) - dbc121b5-e1e8-4c61-9d50-542b699a3d90: shutdown FollowerState
2019-10-15 17:17:57,048 [grpc-default-executor-0] INFO  impl.RoleInfo (RoleInfo.java:updateAndGet(143)) - ebd8d1f9-8297-450f-abe7-393807ba0c7e: start FollowerState
2019-10-15 17:17:57,049 [grpc-default-executor-1] INFO  impl.RoleInfo (RoleInfo.java:updateAndGet(143)) - dbc121b5-e1e8-4c61-9d50-542b699a3d90: start FollowerState
2019-10-15 17:17:57,049 [Thread-1218] INFO  impl.FollowerState (FollowerState.java:run(117)) - dbc121b5-e1e8-4c61-9d50-542b699a3d90@group-B673650064C9-FollowerState was interrupted: java.lang.InterruptedException: sleep interrupted
2019-10-15 17:17:57,082 [79abbc2e-0a90-4a41-a17c-6388bb873359@group-B673650064C9-LeaderElection141] INFO  impl.LeaderElection (LeaderElection.java:logAndReturn(56)) - 79abbc2e-0a90-4a41-a17c-6388bb873359@group-B673650064C9-LeaderElection141: Election REJECTED; received 2 response(s) [79abbc2e-0a90-4a41-a17c-6388bb873359<-ebd8d1f9-8297-450f-abe7-393807ba0c7e#0:FAIL-t166, 79abbc2e-0a90-4a41-a17c-6388bb873359<-dbc121b5-e1e8-4c61-9d50-542b699a3d90#0:FAIL-t166] and 0 exception(s); 79abbc2e-0a90-4a41-a17c-6388bb873359@group-B673650064C9:t166, leader=null, voted=79abbc2e-0a90-4a41-a17c-6388bb873359, raftlog=79abbc2e-0a90-4a41-a17c-6388bb873359@group-B673650064C9-SegmentedRaftLog:OPENED:c-1,f-1,i0, conf=-1: [ebd8d1f9-8297-450f-abe7-393807ba0c7e:192.168.164.239:36510, dbc121b5-e1e8-4c61-9d50-542b699a3d90:192.168.164.239:43140, 79abbc2e-0a90-4a41-a17c-6388bb873359:192.168.164.239:37857], old=null
2019-10-15 17:17:57,083 [79abbc2e-0a90-4a41-a17c-6388bb873359@group-B673650064C9-LeaderElection141] INFO  impl.RaftServerImpl (RaftServerImpl.java:setRole(184)) - 79abbc2e-0a90-4a41-a17c-6388bb873359@group-B673650064C9: changes role from CANDIDATE to FOLLOWER at term 166 for DISCOVERED_A_NEW_TERM
2019-10-15 17:17:57,083 [79abbc2e-0a90-4a41-a17c-6388bb873359@group-B673650064C9-LeaderElection141] INFO  impl.RoleInfo (RoleInfo.java:shutdownLeaderElection(134)) - 79abbc2e-0a90-4a41-a17c-6388bb873359: shutdown LeaderElection
2019-10-15 17:17:57,083 [79abbc2e-0a90-4a41-a17c-6388bb873359@group-B673650064C9-LeaderElection141] INFO  impl.RoleInfo (RoleInfo.java:updateAndGet(143)) - 79abbc2e-0a90-4a41-a17c-6388bb873359: start FollowerState
2019-10-15 17:17:57,122 [Thread-1223] INFO  impl.FollowerState (FollowerState.java:run(108)) - 79abbc2e-0a90-4a41-a17c-6388bb873359@group-B673650064C9-FollowerState: change to CANDIDATE, lastRpcTime:39ms, electionTimeout:39ms
2019-10-15 17:17:57,122 [Thread-1223] INFO  impl.RoleInfo (RoleInfo.java:shutdownFollowerState(121)) - 79abbc2e-0a90-4a41-a17c-6388bb873359: shutdown FollowerState
2019-10-15 17:17:57,123 [Thread-1223] INFO  impl.RaftServerImpl (RaftServerImpl.java:setRole(184)) - 79abbc2e-0a90-4a41-a17c-6388bb873359@group-B673650064C9: changes role from  FOLLOWER to CANDIDATE at term 166 for changeToCandidate
2019-10-15 17:17:57,123 [Thread-1223] INFO  impl.RoleInfo (RoleInfo.java:updateAndGet(143)) - 79abbc2e-0a90-4a41-a17c-6388bb873359: start LeaderElection
2019-10-15 17:17:57,149 [79abbc2e-0a90-4a41-a17c-6388bb873359@group-B673650064C9-LeaderElection142] INFO  impl.LeaderElection (LeaderElection.java:askForVotes(178)) - 79abbc2e-0a90-4a41-a17c-6388bb873359@group-B673650064C9-LeaderElection142: begin an election at term 167 for -1: [ebd8d1f9-8297-450f-abe7-393807ba0c7e:192.168.164.239:36510, dbc121b5-e1e8-4c61-9d50-542b699a3d90:192.168.164.239:43140, 79abbc2e-0a90-4a41-a17c-6388bb873359:192.168.164.239:37857], old=null
2019-10-15 17:17:57,151 [grpc-default-executor-1] INFO  impl.RaftServerImpl (RaftServerImpl.java:setRole(184)) - dbc121b5-e1e8-4c61-9d50-542b699a3d90@group-B673650064C9: changes role from  FOLLOWER to FOLLOWER at term 167 for recognizeCandidate:79abbc2e-0a90-4a41-a17c-6388bb873359
2019-10-15 17:17:57,151 [grpc-default-executor-1] INFO  impl.RoleInfo (RoleInfo.java:shutdownFollowerState(121)) - dbc121b5-e1e8-4c61-9d50-542b699a3d90: shutdown FollowerState
2019-10-15 17:17:57,151 [grpc-default-executor-0] INFO  impl.RaftServerImpl (RaftServerImpl.java:setRole(184)) - ebd8d1f9-8297-450f-abe7-393807ba0c7e@group-B673650064C9: changes role from  FOLLOWER to FOLLOWER at term 167 for recognizeCandidate:79abbc2e-0a90-4a41-a17c-6388bb873359
2019-10-15 17:17:57,151 [grpc-default-executor-1] INFO  impl.RoleInfo (RoleInfo.java:updateAndGet(143)) - dbc121b5-e1e8-4c61-9d50-542b699a3d90: start FollowerState
2019-10-15 17:17:57,151 [Thread-1222] INFO  impl.FollowerState (FollowerState.java:run(117)) - dbc121b5-e1e8-4c61-9d50-542b699a3d90@group-B673650064C9-FollowerState was interrupted: java.lang.InterruptedException: sleep interrupted
2019-10-15 17:17:57,151 [grpc-default-executor-0] INFO  impl.RoleInfo (RoleInfo.java:shutdownFollowerState(121)) - ebd8d1f9-8297-450f-abe7-393807ba0c7e: shutdown FollowerState
2019-10-15 17:17:57,152 [grpc-default-executor-0] INFO  impl.RoleInfo (RoleInfo.java:updateAndGet(143)) - ebd8d1f9-8297-450f-abe7-393807ba0c7e: start FollowerState
2019-10-15 17:17:57,152 [Thread-1221] INFO  impl.FollowerState (FollowerState.java:run(117)) - ebd8d1f9-8297-450f-abe7-393807ba0c7e@group-B673650064C9-FollowerState was interrupted: java.lang.InterruptedException: sleep interrupted
2019-10-15 17:17:57,175 [79abbc2e-0a90-4a41-a17c-6388bb873359@group-B673650064C9-LeaderElection142] INFO  impl.LeaderElection (LeaderElection.java:logAndReturn(56)) - 79abbc2e-0a90-4a41-a17c-6388bb873359@group-B673650064C9-LeaderElection142: Election REJECTED; received 2 response(s) [79abbc2e-0a90-4a41-a17c-6388bb873359<-ebd8d1f9-8297-450f-abe7-393807ba0c7e#0:FAIL-t167, 79abbc2e-0a90-4a41-a17c-6388bb873359<-dbc121b5-e1e8-4c61-9d50-542b699a3d90#0:FAIL-t167] and 0 exception(s); 79abbc2e-0a90-4a41-a17c-6388bb873359@group-B673650064C9:t167, leader=null, voted=79abbc2e-0a90-4a41-a17c-6388bb873359, raftlog=79abbc2e-0a90-4a41-a17c-6388bb873359@group-B673650064C9-SegmentedRaftLog:OPENED:c-1,f-1,i0, conf=-1: [ebd8d1f9-8297-450f-abe7-393807ba0c7e:192.168.164.239:36510, dbc121b5-e1e8-4c61-9d50-542b699a3d90:192.168.164.239:43140, 79abbc2e-0a90-4a41-a17c-6388bb873359:192.168.164.239:37857], old=null
2019-10-15 17:17:57,175 [79abbc2e-0a90-4a41-a17c-6388bb873359@group-B673650064C9-LeaderElection142] INFO  impl.RaftServerImpl (RaftServerImpl.java:setRole(184)) - 79abbc2e-0a90-4a41-a17c-6388bb873359@group-B673650064C9: changes role from CANDIDATE to FOLLOWER at term 167 for DISCOVERED_A_NEW_TERM
2019-10-15 17:17:57,175 [79abbc2e-0a90-4a41-a17c-6388bb873359@group-B673650064C9-LeaderElection142] INFO  impl.RoleInfo (RoleInfo.java:shutdownLeaderElection(134)) - 79abbc2e-0a90-4a41-a17c-6388bb873359: shutdown LeaderElection
2019-10-15 17:17:57,175 [79abbc2e-0a90-4a41-a17c-6388bb873359@group-B673650064C9-LeaderElection142] INFO  impl.RoleInfo (RoleInfo.java:updateAndGet(143)) - 79abbc2e-0a90-4a41-a17c-6388bb873359: start FollowerState
2019-10-15 17:17:57,305 [Thread-1229] INFO  impl.FollowerState (FollowerState.java:run(108)) - 79abbc2e-0a90-4a41-a17c-6388bb873359@group-B673650064C9-FollowerState: change to CANDIDATE, lastRpcTime:129ms, electionTimeout:129ms
2019-10-15 17:17:57,305 [Thread-1229] INFO  impl.RoleInfo (RoleInfo.java:shutdownFollowerState(121)) - 79abbc2e-0a90-4a41-a17c-6388bb873359: shutdown FollowerState
2019-10-15 17:17:57,305 [Thread-1229] INFO  impl.RaftServerImpl (RaftServerImpl.java:setRole(184)) - 79abbc2e-0a90-4a41-a17c-6388bb873359@group-B673650064C9: changes role from  FOLLOWER to CANDIDATE at term 167 for changeToCandidate
2019-10-15 17:17:57,305 [Thread-1229] INFO  impl.RoleInfo (RoleInfo.java:updateAndGet(143)) - 79abbc2e-0a90-4a41-a17c-6388bb873359: start LeaderElection
2019-10-15 17:17:57,334 [79abbc2e-0a90-4a41-a17c-6388bb873359@group-B673650064C9-LeaderElection143] INFO  impl.LeaderElection (LeaderElection.java:askForVotes(178)) - 79abbc2e-0a90-4a41-a17c-6388bb873359@group-B673650064C9-LeaderElection143: begin an election at term 168 for -1: [ebd8d1f9-8297-450f-abe7-393807ba0c7e:192.168.164.239:36510, dbc121b5-e1e8-4c61-9d50-542b699a3d90:192.168.164.239:43140, 79abbc2e-0a90-4a41-a17c-6388bb873359:192.168.164.239:37857], old=null
2019-10-15 17:17:57,336 [grpc-default-executor-1] INFO  impl.RaftServerImpl (RaftServerImpl.java:setRole(184)) - ebd8d1f9-8297-450f-abe7-393807ba0c7e@group-B673650064C9: changes role from  FOLLOWER to FOLLOWER at term 168 for recognizeCandidate:79abbc2e-0a90-4a41-a17c-6388bb873359
2019-10-15 17:17:57,336 [grpc-default-executor-0] INFO  impl.RaftServerImpl (RaftServerImpl.java:setRole(184)) - dbc121b5-e1e8-4c61-9d50-542b699a3d90@group-B673650064C9: changes role from  FOLLOWER to FOLLOWER at term 168 for recognizeCandidate:79abbc2e-0a90-4a41-a17c-6388bb873359
2019-10-15 17:17:57,336 [grpc-default-executor-1] INFO  impl.RoleInfo (RoleInfo.java:shutdownFollowerState(121)) - ebd8d1f9-8297-450f-abe7-393807ba0c7e: shutdown FollowerState
2019-10-15 17:17:57,336 [grpc-default-executor-0] INFO  impl.RoleInfo (RoleInfo.java:shutdownFollowerState(121)) - dbc121b5-e1e8-4c61-9d50-542b699a3d90: shutdown FollowerState
2019-10-15 17:17:57,336 [Thread-1228] INFO  impl.FollowerState (FollowerState.java:run(117)) - ebd8d1f9-8297-450f-abe7-393807ba0c7e@group-B673650064C9-FollowerState was interrupted: java.lang.InterruptedException: sleep interrupted
2019-10-15 17:17:57,336 [grpc-default-executor-0] INFO  impl.RoleInfo (RoleInfo.java:updateAndGet(143)) - dbc121b5-e1e8-4c61-9d50-542b699a3d90: start FollowerState
2019-10-15 17:17:57,336 [grpc-default-executor-1] INFO  impl.RoleInfo (RoleInfo.java:updateAndGet(143)) - ebd8d1f9-8297-450f-abe7-393807ba0c7e: start FollowerState
2019-10-15 17:17:57,337 [Thread-1227] INFO  impl.FollowerState (FollowerState.java:run(117)) - dbc121b5-e1e8-4c61-9d50-542b699a3d90@group-B673650064C9-FollowerState was interrupted: java.lang.InterruptedException: sleep interrupted
2019-10-15 17:17:57,352 [79abbc2e-0a90-4a41-a17c-6388bb873359@group-B673650064C9-LeaderElection143] INFO  impl.LeaderElection (LeaderElection.java:logAndReturn(56)) - 79abbc2e-0a90-4a41-a17c-6388bb873359@group-B673650064C9-LeaderElection143: Election REJECTED; received 2 response(s) [79abbc2e-0a90-4a41-a17c-6388bb873359<-ebd8d1f9-8297-450f-abe7-393807ba0c7e#0:FAIL-t168, 79abbc2e-0a90-4a41-a17c-6388bb873359<-dbc121b5-e1e8-4c61-9d50-542b699a3d90#0:FAIL-t168] and 0 exception(s); 79abbc2e-0a90-4a41-a17c-6388bb873359@group-B673650064C9:t168, leader=null, voted=79abbc2e-0a90-4a41-a17c-6388bb873359, raftlog=79abbc2e-0a90-4a41-a17c-6388bb873359@group-B673650064C9-SegmentedRaftLog:OPENED:c-1,f-1,i0, conf=-1: [ebd8d1f9-8297-450f-abe7-393807ba0c7e:192.168.164.239:36510, dbc121b5-e1e8-4c61-9d50-542b699a3d90:192.168.164.239:43140, 79abbc2e-0a90-4a41-a17c-6388bb873359:192.168.164.239:37857], old=null
2019-10-15 17:17:57,353 [79abbc2e-0a90-4a41-a17c-6388bb873359@group-B673650064C9-LeaderElection143] INFO  impl.RaftServerImpl (RaftServerImpl.java:setRole(184)) - 79abbc2e-0a90-4a41-a17c-6388bb873359@group-B673650064C9: changes role from CANDIDATE to FOLLOWER at term 168 for DISCOVERED_A_NEW_TERM
2019-10-15 17:17:57,353 [79abbc2e-0a90-4a41-a17c-6388bb873359@group-B673650064C9-LeaderElection143] INFO  impl.RoleInfo (RoleInfo.java:shutdownLeaderElection(134)) - 79abbc2e-0a90-4a41-a17c-6388bb873359: shutdown LeaderElection
2019-10-15 17:17:57,353 [79abbc2e-0a90-4a41-a17c-6388bb873359@group-B673650064C9-LeaderElection143] INFO  impl.RoleInfo (RoleInfo.java:updateAndGet(143)) - 79abbc2e-0a90-4a41-a17c-6388bb873359: start FollowerState
2019-10-15 17:17:57,435 [Thread-1235] INFO  impl.FollowerState (FollowerState.java:run(108)) - 79abbc2e-0a90-4a41-a17c-6388bb873359@group-B673650064C9-FollowerState: change to CANDIDATE, lastRpcTime:82ms, electionTimeout:82ms
2019-10-15 17:17:57,435 [Thread-1235] INFO  impl.RoleInfo (RoleInfo.java:shutdownFollowerState(121)) - 79abbc2e-0a90-4a41-a17c-6388bb873359: shutdown FollowerState
2019-10-15 17:17:57,435 [Thread-1235] INFO  impl.RaftServerImpl (RaftServerImpl.java:setRole(184)) - 79abbc2e-0a90-4a41-a17c-6388bb873359@group-B673650064C9: changes role from  FOLLOWER to CANDIDATE at term 168 for changeToCandidate
2019-10-15 17:17:57,436 [Thread-1235] INFO  impl.RoleInfo (RoleInfo.java:updateAndGet(143)) - 79abbc2e-0a90-4a41-a17c-6388bb873359: start LeaderElection
2019-10-15 17:17:57,454 [79abbc2e-0a90-4a41-a17c-6388bb873359@group-B673650064C9-LeaderElection144] INFO  impl.LeaderElection (LeaderElection.java:askForVotes(178)) - 79abbc2e-0a90-4a41-a17c-6388bb873359@group-B673650064C9-LeaderElection144: begin an election at term 169 for -1: [ebd8d1f9-8297-450f-abe7-393807ba0c7e:192.168.164.239:36510, dbc121b5-e1e8-4c61-9d50-542b699a3d90:192.168.164.239:43140, 79abbc2e-0a90-4a41-a17c-6388bb873359:192.168.164.239:37857], old=null
2019-10-15 17:17:57,456 [grpc-default-executor-0] INFO  impl.RaftServerImpl (RaftServerImpl.java:setRole(184)) - ebd8d1f9-8297-450f-abe7-393807ba0c7e@group-B673650064C9: changes role from  FOLLOWER to FOLLOWER at term 169 for recognizeCandidate:79abbc2e-0a90-4a41-a17c-6388bb873359
2019-10-15 17:17:57,456 [grpc-default-executor-0] INFO  impl.RoleInfo (RoleInfo.java:shutdownFollowerState(121)) - ebd8d1f9-8297-450f-abe7-393807ba0c7e: shutdown FollowerState
2019-10-15 17:17:57,456 [grpc-default-executor-1] INFO  impl.RaftServerImpl (RaftServerImpl.java:setRole(184)) - dbc121b5-e1e8-4c61-9d50-542b699a3d90@group-B673650064C9: changes role from  FOLLOWER to FOLLOWER at term 169 for recognizeCandidate:79abbc2e-0a90-4a41-a17c-6388bb873359
2019-10-15 17:17:57,456 [grpc-default-executor-1] INFO  impl.RoleInfo (RoleInfo.java:shutdownFollowerState(121)) - dbc121b5-e1e8-4c61-9d50-542b699a3d90: shutdown FollowerState
2019-10-15 17:17:57,456 [Thread-1233] INFO  impl.FollowerState (FollowerState.java:run(117)) - ebd8d1f9-8297-450f-abe7-393807ba0c7e@group-B673650064C9-FollowerState was interrupted: java.lang.InterruptedException: sleep interrupted
2019-10-15 17:17:57,456 [grpc-default-executor-0] INFO  impl.RoleInfo (RoleInfo.java:updateAndGet(143)) - ebd8d1f9-8297-450f-abe7-393807ba0c7e: start FollowerState
2019-10-15 17:17:57,456 [Thread-1234] INFO  impl.FollowerState (FollowerState.java:run(117)) - dbc121b5-e1e8-4c61-9d50-542b699a3d90@group-B673650064C9-FollowerState was interrupted: java.lang.InterruptedException: sleep interrupted
2019-10-15 17:17:57,456 [grpc-default-executor-1] INFO  impl.RoleInfo (RoleInfo.java:updateAndGet(143)) - dbc121b5-e1e8-4c61-9d50-542b699a3d90: start FollowerState
2019-10-15 17:17:57,472 [79abbc2e-0a90-4a41-a17c-6388bb873359@group-B673650064C9-LeaderElection144] INFO  impl.LeaderElection (LeaderElection.java:logAndReturn(56)) - 79abbc2e-0a90-4a41-a17c-6388bb873359@group-B673650064C9-LeaderElection144: Election REJECTED; received 2 response(s) [79abbc2e-0a90-4a41-a17c-6388bb873359<-ebd8d1f9-8297-450f-abe7-393807ba0c7e#0:FAIL-t169, 79abbc2e-0a90-4a41-a17c-6388bb873359<-dbc121b5-e1e8-4c61-9d50-542b699a3d90#0:FAIL-t169] and 0 exception(s); 79abbc2e-0a90-4a41-a17c-6388bb873359@group-B673650064C9:t169, leader=null, voted=79abbc2e-0a90-4a41-a17c-6388bb873359, raftlog=79abbc2e-0a90-4a41-a17c-6388bb873359@group-B673650064C9-SegmentedRaftLog:OPENED:c-1,f-1,i0, conf=-1: [ebd8d1f9-8297-450f-abe7-393807ba0c7e:192.168.164.239:36510, dbc121b5-e1e8-4c61-9d50-542b699a3d90:192.168.164.239:43140, 79abbc2e-0a90-4a41-a17c-6388bb873359:192.168.164.239:37857], old=null
2019-10-15 17:17:57,473 [79abbc2e-0a90-4a41-a17c-6388bb873359@group-B673650064C9-LeaderElection144] INFO  impl.RaftServerImpl (RaftServerImpl.java:setRole(184)) - 79abbc2e-0a90-4a41-a17c-6388bb873359@group-B673650064C9: changes role from CANDIDATE to FOLLOWER at term 169 for DISCOVERED_A_NEW_TERM
2019-10-15 17:17:57,473 [79abbc2e-0a90-4a41-a17c-6388bb873359@group-B673650064C9-LeaderElection144] INFO  impl.RoleInfo (RoleInfo.java:shutdownLeaderElection(134)) - 79abbc2e-0a90-4a41-a17c-6388bb873359: shutdown LeaderElection
2019-10-15 17:17:57,473 [79abbc2e-0a90-4a41-a17c-6388bb873359@group-B673650064C9-LeaderElection144] INFO  impl.RoleInfo (RoleInfo.java:updateAndGet(143)) - 79abbc2e-0a90-4a41-a17c-6388bb873359: start FollowerState
2019-10-15 17:17:57,663 [Thread-1241] INFO  impl.FollowerState (FollowerState.java:run(108)) - 79abbc2e-0a90-4a41-a17c-6388bb873359@group-B673650064C9-FollowerState: change to CANDIDATE, lastRpcTime:190ms, electionTimeout:190ms
2019-10-15 17:17:57,663 [Thread-1241] INFO  impl.RoleInfo (RoleInfo.java:shutdownFollowerState(121)) - 79abbc2e-0a90-4a41-a17c-6388bb873359: shutdown FollowerState
2019-10-15 17:17:57,664 [Thread-1241] INFO  impl.RaftServerImpl (RaftServerImpl.java:setRole(184)) - 79abbc2e-0a90-4a41-a17c-6388bb873359@group-B673650064C9: changes role from  FOLLOWER to CANDIDATE at term 169 for changeToCandidate
2019-10-15 17:17:57,664 [Thread-1241] INFO  impl.RoleInfo (RoleInfo.java:updateAndGet(143)) - 79abbc2e-0a90-4a41-a17c-6388bb873359: start LeaderElection
2019-10-15 17:17:57,690 [79abbc2e-0a90-4a41-a17c-6388bb873359@group-B673650064C9-LeaderElection145] INFO  impl.LeaderElection (LeaderElection.java:askForVotes(178)) - 79abbc2e-0a90-4a41-a17c-6388bb873359@group-B673650064C9-LeaderElection145: begin an election at term 170 for -1: [ebd8d1f9-8297-450f-abe7-393807ba0c7e:192.168.164.239:36510, dbc121b5-e1e8-4c61-9d50-542b699a3d90:192.168.164.239:43140, 79abbc2e-0a90-4a41-a17c-6388bb873359:192.168.164.239:37857], old=null
2019-10-15 17:17:57,695 [grpc-default-executor-0] INFO  impl.RaftServerImpl (RaftServerImpl.java:setRole(184)) - dbc121b5-e1e8-4c61-9d50-542b699a3d90@group-B673650064C9: changes role from  FOLLOWER to FOLLOWER at term 170 for recognizeCandidate:79abbc2e-0a90-4a41-a17c-6388bb873359
2019-10-15 17:17:57,695 [grpc-default-executor-1] INFO  impl.RaftServerImpl (RaftServerImpl.java:setRole(184)) - ebd8d1f9-8297-450f-abe7-393807ba0c7e@group-B673650064C9: changes role from  FOLLOWER to FOLLOWER at term 170 for recognizeCandidate:79abbc2e-0a90-4a41-a17c-6388bb873359
2019-10-15 17:17:57,695 [grpc-default-executor-0] INFO  impl.RoleInfo (RoleInfo.java:shutdownFollowerState(121)) - dbc121b5-e1e8-4c61-9d50-542b699a3d90: shutdown FollowerState
2019-10-15 17:17:57,695 [grpc-default-executor-1] INFO  impl.RoleInfo (RoleInfo.java:shutdownFollowerState(121)) - ebd8d1f9-8297-450f-abe7-393807ba0c7e: shutdown FollowerState
2019-10-15 17:17:57,696 [grpc-default-executor-0] INFO  impl.RoleInfo (RoleInfo.java:updateAndGet(143)) - dbc121b5-e1e8-4c61-9d50-542b699a3d90: start FollowerState
2019-10-15 17:17:57,696 [grpc-default-executor-1] INFO  impl.RoleInfo (RoleInfo.java:updateAndGet(143)) - ebd8d1f9-8297-450f-abe7-393807ba0c7e: start FollowerState
2019-10-15 17:17:57,696 [Thread-1240] INFO  impl.FollowerState (FollowerState.java:run(117)) - dbc121b5-e1e8-4c61-9d50-542b699a3d90@group-B673650064C9-FollowerState was interrupted: java.lang.InterruptedException: sleep interrupted
2019-10-15 17:17:57,696 [Thread-1239] INFO  impl.FollowerState (FollowerState.java:run(117)) - ebd8d1f9-8297-450f-abe7-393807ba0c7e@group-B673650064C9-FollowerState was interrupted: java.lang.InterruptedException: sleep interrupted
2019-10-15 17:17:57,725 [79abbc2e-0a90-4a41-a17c-6388bb873359@group-B673650064C9-LeaderElection145] INFO  impl.LeaderElection (LeaderElection.java:logAndReturn(56)) - 79abbc2e-0a90-4a41-a17c-6388bb873359@group-B673650064C9-LeaderElection145: Election REJECTED; received 2 response(s) [79abbc2e-0a90-4a41-a17c-6388bb873359<-ebd8d1f9-8297-450f-abe7-393807ba0c7e#0:FAIL-t170, 79abbc2e-0a90-4a41-a17c-6388bb873359<-dbc121b5-e1e8-4c61-9d50-542b699a3d90#0:FAIL-t170] and 0 exception(s); 79abbc2e-0a90-4a41-a17c-6388bb873359@group-B673650064C9:t170, leader=null, voted=79abbc2e-0a90-4a41-a17c-6388bb873359, raftlog=79abbc2e-0a90-4a41-a17c-6388bb873359@group-B673650064C9-SegmentedRaftLog:OPENED:c-1,f-1,i0, conf=-1: [ebd8d1f9-8297-450f-abe7-393807ba0c7e:192.168.164.239:36510, dbc121b5-e1e8-4c61-9d50-542b699a3d90:192.168.164.239:43140, 79abbc2e-0a90-4a41-a17c-6388bb873359:192.168.164.239:37857], old=null
2019-10-15 17:17:57,725 [79abbc2e-0a90-4a41-a17c-6388bb873359@group-B673650064C9-LeaderElection145] INFO  impl.RaftServerImpl (RaftServerImpl.java:setRole(184)) - 79abbc2e-0a90-4a41-a17c-6388bb873359@group-B673650064C9: changes role from CANDIDATE to FOLLOWER at term 170 for DISCOVERED_A_NEW_TERM
2019-10-15 17:17:57,725 [79abbc2e-0a90-4a41-a17c-6388bb873359@group-B673650064C9-LeaderElection145] INFO  impl.RoleInfo (RoleInfo.java:shutdownLeaderElection(134)) - 79abbc2e-0a90-4a41-a17c-6388bb873359: shutdown LeaderElection
2019-10-15 17:17:57,725 [79abbc2e-0a90-4a41-a17c-6388bb873359@group-B673650064C9-LeaderElection145] INFO  impl.RoleInfo (RoleInfo.java:updateAndGet(143)) - 79abbc2e-0a90-4a41-a17c-6388bb873359: start FollowerState
2019-10-15 17:17:57,902 [Thread-1247] INFO  impl.FollowerState (FollowerState.java:run(108)) - 79abbc2e-0a90-4a41-a17c-6388bb873359@group-B673650064C9-FollowerState: change to CANDIDATE, lastRpcTime:176ms, electionTimeout:176ms
2019-10-15 17:17:57,902 [Thread-1247] INFO  impl.RoleInfo (RoleInfo.java:shutdownFollowerState(121)) - 79abbc2e-0a90-4a41-a17c-6388bb873359: shutdown FollowerState
2019-10-15 17:17:57,902 [Thread-1247] INFO  impl.RaftServerImpl (RaftServerImpl.java:setRole(184)) - 79abbc2e-0a90-4a41-a17c-6388bb873359@group-B673650064C9: changes role from  FOLLOWER to CANDIDATE at term 170 for changeToCandidate
2019-10-15 17:17:57,902 [Thread-1247] INFO  impl.RoleInfo (RoleInfo.java:updateAndGet(143)) - 79abbc2e-0a90-4a41-a17c-6388bb873359: start LeaderElection
2019-10-15 17:17:57,932 [79abbc2e-0a90-4a41-a17c-6388bb873359@group-B673650064C9-LeaderElection146] INFO  impl.LeaderElection (LeaderElection.java:askForVotes(178)) - 79abbc2e-0a90-4a41-a17c-6388bb873359@group-B673650064C9-LeaderElection146: begin an election at term 171 for -1: [ebd8d1f9-8297-450f-abe7-393807ba0c7e:192.168.164.239:36510, dbc121b5-e1e8-4c61-9d50-542b699a3d90:192.168.164.239:43140, 79abbc2e-0a90-4a41-a17c-6388bb873359:192.168.164.239:37857], old=null
2019-10-15 17:17:57,935 [grpc-default-executor-1] INFO  impl.RaftServerImpl (RaftServerImpl.java:setRole(184)) - ebd8d1f9-8297-450f-abe7-393807ba0c7e@group-B673650064C9: changes role from  FOLLOWER to FOLLOWER at term 171 for recognizeCandidate:79abbc2e-0a90-4a41-a17c-6388bb873359
2019-10-15 17:17:57,935 [grpc-default-executor-0] INFO  impl.RaftServerImpl (RaftServerImpl.java:setRole(184)) - dbc121b5-e1e8-4c61-9d50-542b699a3d90@group-B673650064C9: changes role from  FOLLOWER to FOLLOWER at term 171 for recognizeCandidate:79abbc2e-0a90-4a41-a17c-6388bb873359
2019-10-15 17:17:57,936 [grpc-default-executor-0] INFO  impl.RoleInfo (RoleInfo.java:shutdownFollowerState(121)) - dbc121b5-e1e8-4c61-9d50-542b699a3d90: shutdown FollowerState
2019-10-15 17:17:57,936 [grpc-default-executor-1] INFO  impl.RoleInfo (RoleInfo.java:shutdownFollowerState(121)) - ebd8d1f9-8297-450f-abe7-393807ba0c7e: shutdown FollowerState
2019-10-15 17:17:57,936 [grpc-default-executor-0] INFO  impl.RoleInfo (RoleInfo.java:updateAndGet(143)) - dbc121b5-e1e8-4c61-9d50-542b699a3d90: start FollowerState
2019-10-15 17:17:57,937 [Thread-1246] INFO  impl.FollowerState (FollowerState.java:run(117)) - ebd8d1f9-8297-450f-abe7-393807ba0c7e@group-B673650064C9-FollowerState was interrupted: java.lang.InterruptedException: sleep interrupted
2019-10-15 17:17:57,936 [grpc-default-executor-1] INFO  impl.RoleInfo (RoleInfo.java:updateAndGet(143)) - ebd8d1f9-8297-450f-abe7-393807ba0c7e: start FollowerState
2019-10-15 17:17:57,936 [Thread-1245] INFO  impl.FollowerState (FollowerState.java:run(117)) - dbc121b5-e1e8-4c61-9d50-542b699a3d90@group-B673650064C9-FollowerState was interrupted: java.lang.InterruptedException: sleep interrupted
2019-10-15 17:17:57,967 [79abbc2e-0a90-4a41-a17c-6388bb873359@group-B673650064C9-LeaderElection146] INFO  impl.LeaderElection (LeaderElection.java:logAndReturn(56)) - 79abbc2e-0a90-4a41-a17c-6388bb873359@group-B673650064C9-LeaderElection146: Election REJECTED; received 2 response(s) [79abbc2e-0a90-4a41-a17c-6388bb873359<-ebd8d1f9-8297-450f-abe7-393807ba0c7e#0:FAIL-t171, 79abbc2e-0a90-4a41-a17c-6388bb873359<-dbc121b5-e1e8-4c61-9d50-542b699a3d90#0:FAIL-t171] and 0 exception(s); 79abbc2e-0a90-4a41-a17c-6388bb873359@group-B673650064C9:t171, leader=null, voted=79abbc2e-0a90-4a41-a17c-6388bb873359, raftlog=79abbc2e-0a90-4a41-a17c-6388bb873359@group-B673650064C9-SegmentedRaftLog:OPENED:c-1,f-1,i0, conf=-1: [ebd8d1f9-8297-450f-abe7-393807ba0c7e:192.168.164.239:36510, dbc121b5-e1e8-4c61-9d50-542b699a3d90:192.168.164.239:43140, 79abbc2e-0a90-4a41-a17c-6388bb873359:192.168.164.239:37857], old=null
2019-10-15 17:17:57,967 [79abbc2e-0a90-4a41-a17c-6388bb873359@group-B673650064C9-LeaderElection146] INFO  impl.RaftServerImpl (RaftServerImpl.java:setRole(184)) - 79abbc2e-0a90-4a41-a17c-6388bb873359@group-B673650064C9: changes role from CANDIDATE to FOLLOWER at term 171 for DISCOVERED_A_NEW_TERM
2019-10-15 17:17:57,967 [79abbc2e-0a90-4a41-a17c-6388bb873359@group-B673650064C9-LeaderElection146] INFO  impl.RoleInfo (RoleInfo.java:shutdownLeaderElection(134)) - 79abbc2e-0a90-4a41-a17c-6388bb873359: shutdown LeaderElection
2019-10-15 17:17:57,968 [79abbc2e-0a90-4a41-a17c-6388bb873359@group-B673650064C9-LeaderElection146] INFO  impl.RoleInfo (RoleInfo.java:updateAndGet(143)) - 79abbc2e-0a90-4a41-a17c-6388bb873359: start FollowerState
2019-10-15 17:17:58,144 [Thread-1255] INFO  impl.FollowerState (FollowerState.java:run(108)) - 79abbc2e-0a90-4a41-a17c-6388bb873359@group-B673650064C9-FollowerState: change to CANDIDATE, lastRpcTime:176ms, electionTimeout:176ms
2019-10-15 17:17:58,144 [Thread-1255] INFO  impl.RoleInfo (RoleInfo.java:shutdownFollowerState(121)) - 79abbc2e-0a90-4a41-a17c-6388bb873359: shutdown FollowerState
2019-10-15 17:17:58,145 [Thread-1255] INFO  impl.RaftServerImpl (RaftServerImpl.java:setRole(184)) - 79abbc2e-0a90-4a41-a17c-6388bb873359@group-B673650064C9: changes role from  FOLLOWER to CANDIDATE at term 171 for changeToCandidate
2019-10-15 17:17:58,145 [Thread-1255] INFO  impl.RoleInfo (RoleInfo.java:updateAndGet(143)) - 79abbc2e-0a90-4a41-a17c-6388bb873359: start LeaderElection
2019-10-15 17:17:58,174 [79abbc2e-0a90-4a41-a17c-6388bb873359@group-B673650064C9-LeaderElection147] INFO  impl.LeaderElection (LeaderElection.java:askForVotes(178)) - 79abbc2e-0a90-4a41-a17c-6388bb873359@group-B673650064C9-LeaderElection147: begin an election at term 172 for -1: [ebd8d1f9-8297-450f-abe7-393807ba0c7e:192.168.164.239:36510, dbc121b5-e1e8-4c61-9d50-542b699a3d90:192.168.164.239:43140, 79abbc2e-0a90-4a41-a17c-6388bb873359:192.168.164.239:37857], old=null
2019-10-15 17:17:58,177 [grpc-default-executor-1] INFO  impl.RaftServerImpl (RaftServerImpl.java:setRole(184)) - dbc121b5-e1e8-4c61-9d50-542b699a3d90@group-B673650064C9: changes role from  FOLLOWER to FOLLOWER at term 172 for recognizeCandidate:79abbc2e-0a90-4a41-a17c-6388bb873359
2019-10-15 17:17:58,177 [grpc-default-executor-0] INFO  impl.RaftServerImpl (RaftServerImpl.java:setRole(184)) - ebd8d1f9-8297-450f-abe7-393807ba0c7e@group-B673650064C9: changes role from  FOLLOWER to FOLLOWER at term 172 for recognizeCandidate:79abbc2e-0a90-4a41-a17c-6388bb873359
2019-10-15 17:17:58,177 [grpc-default-executor-1] INFO  impl.RoleInfo (RoleInfo.java:shutdownFollowerState(121)) - dbc121b5-e1e8-4c61-9d50-542b699a3d90: shutdown FollowerState
2019-10-15 17:17:58,177 [grpc-default-executor-0] INFO  impl.RoleInfo (RoleInfo.java:shutdownFollowerState(121)) - ebd8d1f9-8297-450f-abe7-393807ba0c7e: shutdown FollowerState
2019-10-15 17:17:58,177 [grpc-default-executor-1] INFO  impl.RoleInfo (RoleInfo.java:updateAndGet(143)) - dbc121b5-e1e8-4c61-9d50-542b699a3d90: start FollowerState
2019-10-15 17:17:58,177 [Thread-1253] INFO  impl.FollowerState (FollowerState.java:run(117)) - dbc121b5-e1e8-4c61-9d50-542b699a3d90@group-B673650064C9-FollowerState was interrupted: java.lang.InterruptedException: sleep interrupted
2019-10-15 17:17:58,177 [grpc-default-executor-0] INFO  impl.RoleInfo (RoleInfo.java:updateAndGet(143)) - ebd8d1f9-8297-450f-abe7-393807ba0c7e: start FollowerState
2019-10-15 17:17:58,177 [Thread-1254] INFO  impl.FollowerState (FollowerState.java:run(117)) - ebd8d1f9-8297-450f-abe7-393807ba0c7e@group-B673650064C9-FollowerState was interrupted: java.lang.InterruptedException: sleep interrupted
2019-10-15 17:17:58,200 [79abbc2e-0a90-4a41-a17c-6388bb873359@group-B673650064C9-LeaderElection147] INFO  impl.LeaderElection (LeaderElection.java:logAndReturn(56)) - 79abbc2e-0a90-4a41-a17c-6388bb873359@group-B673650064C9-LeaderElection147: Election REJECTED; received 2 response(s) [79abbc2e-0a90-4a41-a17c-6388bb873359<-ebd8d1f9-8297-450f-abe7-393807ba0c7e#0:FAIL-t172, 79abbc2e-0a90-4a41-a17c-6388bb873359<-dbc121b5-e1e8-4c61-9d50-542b699a3d90#0:FAIL-t172] and 0 exception(s); 79abbc2e-0a90-4a41-a17c-6388bb873359@group-B673650064C9:t172, leader=null, voted=79abbc2e-0a90-4a41-a17c-6388bb873359, raftlog=79abbc2e-0a90-4a41-a17c-6388bb873359@group-B673650064C9-SegmentedRaftLog:OPENED:c-1,f-1,i0, conf=-1: [ebd8d1f9-8297-450f-abe7-393807ba0c7e:192.168.164.239:36510, dbc121b5-e1e8-4c61-9d50-542b699a3d90:192.168.164.239:43140, 79abbc2e-0a90-4a41-a17c-6388bb873359:192.168.164.239:37857], old=null
2019-10-15 17:17:58,201 [79abbc2e-0a90-4a41-a17c-6388bb873359@group-B673650064C9-LeaderElection147] INFO  impl.RaftServerImpl (RaftServerImpl.java:setRole(184)) - 79abbc2e-0a90-4a41-a17c-6388bb873359@group-B673650064C9: changes role from CANDIDATE to FOLLOWER at term 172 for DISCOVERED_A_NEW_TERM
2019-10-15 17:17:58,201 [79abbc2e-0a90-4a41-a17c-6388bb873359@group-B673650064C9-LeaderElection147] INFO  impl.RoleInfo (RoleInfo.java:shutdownLeaderElection(134)) - 79abbc2e-0a90-4a41-a17c-6388bb873359: shutdown LeaderElection
2019-10-15 17:17:58,201 [79abbc2e-0a90-4a41-a17c-6388bb873359@group-B673650064C9-LeaderElection147] INFO  impl.RoleInfo (RoleInfo.java:updateAndGet(143)) - 79abbc2e-0a90-4a41-a17c-6388bb873359: start FollowerState
2019-10-15 17:17:58,305 [Thread-1261] INFO  impl.FollowerState (FollowerState.java:run(108)) - 79abbc2e-0a90-4a41-a17c-6388bb873359@group-B673650064C9-FollowerState: change to CANDIDATE, lastRpcTime:104ms, electionTimeout:104ms
2019-10-15 17:17:58,305 [Thread-1261] INFO  impl.RoleInfo (RoleInfo.java:shutdownFollowerState(121)) - 79abbc2e-0a90-4a41-a17c-6388bb873359: shutdown FollowerState
2019-10-15 17:17:58,305 [Thread-1261] INFO  impl.RaftServerImpl (RaftServerImpl.java:setRole(184)) - 79abbc2e-0a90-4a41-a17c-6388bb873359@group-B673650064C9: changes role from  FOLLOWER to CANDIDATE at term 172 for changeToCandidate
2019-10-15 17:17:58,306 [Thread-1261] INFO  impl.RoleInfo (RoleInfo.java:updateAndGet(143)) - 79abbc2e-0a90-4a41-a17c-6388bb873359: start LeaderElection
2019-10-15 17:17:58,333 [79abbc2e-0a90-4a41-a17c-6388bb873359@group-B673650064C9-LeaderElection148] INFO  impl.LeaderElection (LeaderElection.java:askForVotes(178)) - 79abbc2e-0a90-4a41-a17c-6388bb873359@group-B673650064C9-LeaderElection148: begin an election at term 173 for -1: [ebd8d1f9-8297-450f-abe7-393807ba0c7e:192.168.164.239:36510, dbc121b5-e1e8-4c61-9d50-542b699a3d90:192.168.164.239:43140, 79abbc2e-0a90-4a41-a17c-6388bb873359:192.168.164.239:37857], old=null
2019-10-15 17:17:58,335 [grpc-default-executor-0] INFO  impl.RaftServerImpl (RaftServerImpl.java:setRole(184)) - ebd8d1f9-8297-450f-abe7-393807ba0c7e@group-B673650064C9: changes role from  FOLLOWER to FOLLOWER at term 173 for recognizeCandidate:79abbc2e-0a90-4a41-a17c-6388bb873359
2019-10-15 17:17:58,335 [grpc-default-executor-1] INFO  impl.RaftServerImpl (RaftServerImpl.java:setRole(184)) - dbc121b5-e1e8-4c61-9d50-542b699a3d90@group-B673650064C9: changes role from  FOLLOWER to FOLLOWER at term 173 for recognizeCandidate:79abbc2e-0a90-4a41-a17c-6388bb873359
2019-10-15 17:17:58,336 [grpc-default-executor-0] INFO  impl.RoleInfo (RoleInfo.java:shutdownFollowerState(121)) - ebd8d1f9-8297-450f-abe7-393807ba0c7e: shutdown FollowerState
2019-10-15 17:17:58,336 [grpc-default-executor-1] INFO  impl.RoleInfo (RoleInfo.java:shutdownFollowerState(121)) - dbc121b5-e1e8-4c61-9d50-542b699a3d90: shutdown FollowerState
2019-10-15 17:17:58,336 [grpc-default-executor-0] INFO  impl.RoleInfo (RoleInfo.java:updateAndGet(143)) - ebd8d1f9-8297-450f-abe7-393807ba0c7e: start FollowerState
2019-10-15 17:17:58,336 [grpc-default-executor-1] INFO  impl.RoleInfo (RoleInfo.java:updateAndGet(143)) - dbc121b5-e1e8-4c61-9d50-542b699a3d90: start FollowerState
2019-10-15 17:17:58,336 [Thread-1260] INFO  impl.FollowerState (FollowerState.java:run(117)) - ebd8d1f9-8297-450f-abe7-393807ba0c7e@group-B673650064C9-FollowerState was interrupted: java.lang.InterruptedException: sleep interrupted
2019-10-15 17:17:58,336 [Thread-1259] INFO  impl.FollowerState (FollowerState.java:run(117)) - dbc121b5-e1e8-4c61-9d50-542b699a3d90@group-B673650064C9-FollowerState was interrupted: java.lang.InterruptedException: sleep interrupted
2019-10-15 17:17:58,359 [79abbc2e-0a90-4a41-a17c-6388bb873359@group-B673650064C9-LeaderElection148] INFO  impl.LeaderElection (LeaderElection.java:logAndReturn(56)) - 79abbc2e-0a90-4a41-a17c-6388bb873359@group-B673650064C9-LeaderElection148: Election REJECTED; received 2 response(s) [79abbc2e-0a90-4a41-a17c-6388bb873359<-ebd8d1f9-8297-450f-abe7-393807ba0c7e#0:FAIL-t173, 79abbc2e-0a90-4a41-a17c-6388bb873359<-dbc121b5-e1e8-4c61-9d50-542b699a3d90#0:FAIL-t173] and 0 exception(s); 79abbc2e-0a90-4a41-a17c-6388bb873359@group-B673650064C9:t173, leader=null, voted=79abbc2e-0a90-4a41-a17c-6388bb873359, raftlog=79abbc2e-0a90-4a41-a17c-6388bb873359@group-B673650064C9-SegmentedRaftLog:OPENED:c-1,f-1,i0, conf=-1: [ebd8d1f9-8297-450f-abe7-393807ba0c7e:192.168.164.239:36510, dbc121b5-e1e8-4c61-9d50-542b699a3d90:192.168.164.239:43140, 79abbc2e-0a90-4a41-a17c-6388bb873359:192.168.164.239:37857], old=null
2019-10-15 17:17:58,360 [79abbc2e-0a90-4a41-a17c-6388bb873359@group-B673650064C9-LeaderElection148] INFO  impl.RaftServerImpl (RaftServerImpl.java:setRole(184)) - 79abbc2e-0a90-4a41-a17c-6388bb873359@group-B673650064C9: changes role from CANDIDATE to FOLLOWER at term 173 for DISCOVERED_A_NEW_TERM
2019-10-15 17:17:58,360 [79abbc2e-0a90-4a41-a17c-6388bb873359@group-B673650064C9-LeaderElection148] INFO  impl.RoleInfo (RoleInfo.java:shutdownLeaderElection(134)) - 79abbc2e-0a90-4a41-a17c-6388bb873359: shutdown LeaderElection
2019-10-15 17:17:58,360 [79abbc2e-0a90-4a41-a17c-6388bb873359@group-B673650064C9-LeaderElection148] INFO  impl.RoleInfo (RoleInfo.java:updateAndGet(143)) - 79abbc2e-0a90-4a41-a17c-6388bb873359: start FollowerState
2019-10-15 17:17:58,471 [Thread-1267] INFO  impl.FollowerState (FollowerState.java:run(108)) - 79abbc2e-0a90-4a41-a17c-6388bb873359@group-B673650064C9-FollowerState: change to CANDIDATE, lastRpcTime:111ms, electionTimeout:111ms
2019-10-15 17:17:58,471 [Thread-1267] INFO  impl.RoleInfo (RoleInfo.java:shutdownFollowerState(121)) - 79abbc2e-0a90-4a41-a17c-6388bb873359: shutdown FollowerState
2019-10-15 17:17:58,471 [Thread-1267] INFO  impl.RaftServerImpl (RaftServerImpl.java:setRole(184)) - 79abbc2e-0a90-4a41-a17c-6388bb873359@group-B673650064C9: changes role from  FOLLOWER to CANDIDATE at term 173 for changeToCandidate
2019-10-15 17:17:58,472 [Thread-1267] INFO  impl.RoleInfo (RoleInfo.java:updateAndGet(143)) - 79abbc2e-0a90-4a41-a17c-6388bb873359: start LeaderElection
2019-10-15 17:17:58,501 [79abbc2e-0a90-4a41-a17c-6388bb873359@group-B673650064C9-LeaderElection149] INFO  impl.LeaderElection (LeaderElection.java:askForVotes(178)) - 79abbc2e-0a90-4a41-a17c-6388bb873359@group-B673650064C9-LeaderElection149: begin an election at term 174 for -1: [ebd8d1f9-8297-450f-abe7-393807ba0c7e:192.168.164.239:36510, dbc121b5-e1e8-4c61-9d50-542b699a3d90:192.168.164.239:43140, 79abbc2e-0a90-4a41-a17c-6388bb873359:192.168.164.239:37857], old=null
2019-10-15 17:17:58,504 [grpc-default-executor-0] INFO  impl.RaftServerImpl (RaftServerImpl.java:setRole(184)) - ebd8d1f9-8297-450f-abe7-393807ba0c7e@group-B673650064C9: changes role from  FOLLOWER to FOLLOWER at term 174 for recognizeCandidate:79abbc2e-0a90-4a41-a17c-6388bb873359
2019-10-15 17:17:58,504 [grpc-default-executor-0] INFO  impl.RoleInfo (RoleInfo.java:shutdownFollowerState(121)) - ebd8d1f9-8297-450f-abe7-393807ba0c7e: shutdown FollowerState
2019-10-15 17:17:58,504 [grpc-default-executor-1] INFO  impl.RaftServerImpl (RaftServerImpl.java:setRole(184)) - dbc121b5-e1e8-4c61-9d50-542b699a3d90@group-B673650064C9: changes role from  FOLLOWER to FOLLOWER at term 174 for recognizeCandidate:79abbc2e-0a90-4a41-a17c-6388bb873359
2019-10-15 17:17:58,504 [Thread-1265] INFO  impl.FollowerState (FollowerState.java:run(117)) - ebd8d1f9-8297-450f-abe7-393807ba0c7e@group-B673650064C9-FollowerState was interrupted: java.lang.InterruptedException: sleep interrupted
2019-10-15 17:17:58,504 [grpc-default-executor-0] INFO  impl.RoleInfo (RoleInfo.java:updateAndGet(143)) - ebd8d1f9-8297-450f-abe7-393807ba0c7e: start FollowerState
2019-10-15 17:17:58,504 [grpc-default-executor-1] INFO  impl.RoleInfo (RoleInfo.java:shutdownFollowerState(121)) - dbc121b5-e1e8-4c61-9d50-542b699a3d90: shutdown FollowerState
2019-10-15 17:17:58,505 [grpc-default-executor-1] INFO  impl.RoleInfo (RoleInfo.java:updateAndGet(143)) - dbc121b5-e1e8-4c61-9d50-542b699a3d90: start FollowerState
2019-10-15 17:17:58,505 [Thread-1266] INFO  impl.FollowerState (FollowerState.java:run(117)) - dbc121b5-e1e8-4c61-9d50-542b699a3d90@group-B673650064C9-FollowerState was interrupted: java.lang.InterruptedException: sleep interrupted
2019-10-15 17:17:58,527 [79abbc2e-0a90-4a41-a17c-6388bb873359@group-B673650064C9-LeaderElection149] INFO  impl.LeaderElection (LeaderElection.java:logAndReturn(56)) - 79abbc2e-0a90-4a41-a17c-6388bb873359@group-B673650064C9-LeaderElection149: Election REJECTED; received 2 response(s) [79abbc2e-0a90-4a41-a17c-6388bb873359<-ebd8d1f9-8297-450f-abe7-393807ba0c7e#0:FAIL-t174, 79abbc2e-0a90-4a41-a17c-6388bb873359<-dbc121b5-e1e8-4c61-9d50-542b699a3d90#0:FAIL-t174] and 0 exception(s); 79abbc2e-0a90-4a41-a17c-6388bb873359@group-B673650064C9:t174, leader=null, voted=79abbc2e-0a90-4a41-a17c-6388bb873359, raftlog=79abbc2e-0a90-4a41-a17c-6388bb873359@group-B673650064C9-SegmentedRaftLog:OPENED:c-1,f-1,i0, conf=-1: [ebd8d1f9-8297-450f-abe7-393807ba0c7e:192.168.164.239:36510, dbc121b5-e1e8-4c61-9d50-542b699a3d90:192.168.164.239:43140, 79abbc2e-0a90-4a41-a17c-6388bb873359:192.168.164.239:37857], old=null
2019-10-15 17:17:58,527 [79abbc2e-0a90-4a41-a17c-6388bb873359@group-B673650064C9-LeaderElection149] INFO  impl.RaftServerImpl (RaftServerImpl.java:setRole(184)) - 79abbc2e-0a90-4a41-a17c-6388bb873359@group-B673650064C9: changes role from CANDIDATE to FOLLOWER at term 174 for DISCOVERED_A_NEW_TERM
2019-10-15 17:17:58,528 [79abbc2e-0a90-4a41-a17c-6388bb873359@group-B673650064C9-LeaderElection149] INFO  impl.RoleInfo (RoleInfo.java:shutdownLeaderElection(134)) - 79abbc2e-0a90-4a41-a17c-6388bb873359: shutdown LeaderElection
2019-10-15 17:17:58,528 [79abbc2e-0a90-4a41-a17c-6388bb873359@group-B673650064C9-LeaderElection149] INFO  impl.RoleInfo (RoleInfo.java:updateAndGet(143)) - 79abbc2e-0a90-4a41-a17c-6388bb873359: start FollowerState
2019-10-15 17:17:58,571 [Thread-1273] INFO  impl.FollowerState (FollowerState.java:run(108)) - 79abbc2e-0a90-4a41-a17c-6388bb873359@group-B673650064C9-FollowerState: change to CANDIDATE, lastRpcTime:43ms, electionTimeout:43ms
2019-10-15 17:17:58,571 [Thread-1273] INFO  impl.RoleInfo (RoleInfo.java:shutdownFollowerState(121)) - 79abbc2e-0a90-4a41-a17c-6388bb873359: shutdown FollowerState
2019-10-15 17:17:58,572 [Thread-1273] INFO  impl.RaftServerImpl (RaftServerImpl.java:setRole(184)) - 79abbc2e-0a90-4a41-a17c-6388bb873359@group-B673650064C9: changes role from  FOLLOWER to CANDIDATE at term 174 for changeToCandidate
2019-10-15 17:17:58,572 [Thread-1273] INFO  impl.RoleInfo (RoleInfo.java:updateAndGet(143)) - 79abbc2e-0a90-4a41-a17c-6388bb873359: start LeaderElection
2019-10-15 17:17:58,602 [79abbc2e-0a90-4a41-a17c-6388bb873359@group-B673650064C9-LeaderElection150] INFO  impl.LeaderElection (LeaderElection.java:askForVotes(178)) - 79abbc2e-0a90-4a41-a17c-6388bb873359@group-B673650064C9-LeaderElection150: begin an election at term 175 for -1: [ebd8d1f9-8297-450f-abe7-393807ba0c7e:192.168.164.239:36510, dbc121b5-e1e8-4c61-9d50-542b699a3d90:192.168.164.239:43140, 79abbc2e-0a90-4a41-a17c-6388bb873359:192.168.164.239:37857], old=null
2019-10-15 17:17:58,604 [grpc-default-executor-0] INFO  impl.RaftServerImpl (RaftServerImpl.java:setRole(184)) - ebd8d1f9-8297-450f-abe7-393807ba0c7e@group-B673650064C9: changes role from  FOLLOWER to FOLLOWER at term 175 for recognizeCandidate:79abbc2e-0a90-4a41-a17c-6388bb873359
2019-10-15 17:17:58,604 [grpc-default-executor-1] INFO  impl.RaftServerImpl (RaftServerImpl.java:setRole(184)) - dbc121b5-e1e8-4c61-9d50-542b699a3d90@group-B673650064C9: changes role from  FOLLOWER to FOLLOWER at term 175 for recognizeCandidate:79abbc2e-0a90-4a41-a17c-6388bb873359
2019-10-15 17:17:58,604 [grpc-default-executor-0] INFO  impl.RoleInfo (RoleInfo.java:shutdownFollowerState(121)) - ebd8d1f9-8297-450f-abe7-393807ba0c7e: shutdown FollowerState
2019-10-15 17:17:58,604 [grpc-default-executor-1] INFO  impl.RoleInfo (RoleInfo.java:shutdownFollowerState(121)) - dbc121b5-e1e8-4c61-9d50-542b699a3d90: shutdown FollowerState
2019-10-15 17:17:58,605 [grpc-default-executor-0] INFO  impl.RoleInfo (RoleInfo.java:updateAndGet(143)) - ebd8d1f9-8297-450f-abe7-393807ba0c7e: start FollowerState
2019-10-15 17:17:58,605 [grpc-default-executor-1] INFO  impl.RoleInfo (RoleInfo.java:updateAndGet(143)) - dbc121b5-e1e8-4c61-9d50-542b699a3d90: start FollowerState
2019-10-15 17:17:58,605 [Thread-1271] INFO  impl.FollowerState (FollowerState.java:run(117)) - ebd8d1f9-8297-450f-abe7-393807ba0c7e@group-B673650064C9-FollowerState was interrupted: java.lang.InterruptedException: sleep interrupted
2019-10-15 17:17:58,605 [Thread-1272] INFO  impl.FollowerState (FollowerState.java:run(117)) - dbc121b5-e1e8-4c61-9d50-542b699a3d90@group-B673650064C9-FollowerState was interrupted: java.lang.InterruptedException: sleep interrupted
2019-10-15 17:17:58,628 [79abbc2e-0a90-4a41-a17c-6388bb873359@group-B673650064C9-LeaderElection150] INFO  impl.LeaderElection (LeaderElection.java:logAndReturn(56)) - 79abbc2e-0a90-4a41-a17c-6388bb873359@group-B673650064C9-LeaderElection150: Election REJECTED; received 2 response(s) [79abbc2e-0a90-4a41-a17c-6388bb873359<-ebd8d1f9-8297-450f-abe7-393807ba0c7e#0:FAIL-t175, 79abbc2e-0a90-4a41-a17c-6388bb873359<-dbc121b5-e1e8-4c61-9d50-542b699a3d90#0:FAIL-t175] and 0 exception(s); 79abbc2e-0a90-4a41-a17c-6388bb873359@group-B673650064C9:t175, leader=null, voted=79abbc2e-0a90-4a41-a17c-6388bb873359, raftlog=79abbc2e-0a90-4a41-a17c-6388bb873359@group-B673650064C9-SegmentedRaftLog:OPENED:c-1,f-1,i0, conf=-1: [ebd8d1f9-8297-450f-abe7-393807ba0c7e:192.168.164.239:36510, dbc121b5-e1e8-4c61-9d50-542b699a3d90:192.168.164.239:43140, 79abbc2e-0a90-4a41-a17c-6388bb873359:192.168.164.239:37857], old=null
2019-10-15 17:17:58,628 [79abbc2e-0a90-4a41-a17c-6388bb873359@group-B673650064C9-LeaderElection150] INFO  impl.RaftServerImpl (RaftServerImpl.java:setRole(184)) - 79abbc2e-0a90-4a41-a17c-6388bb873359@group-B673650064C9: changes role from CANDIDATE to FOLLOWER at term 175 for DISCOVERED_A_NEW_TERM
2019-10-15 17:17:58,628 [79abbc2e-0a90-4a41-a17c-6388bb873359@group-B673650064C9-LeaderElection150] INFO  impl.RoleInfo (RoleInfo.java:shutdownLeaderElection(134)) - 79abbc2e-0a90-4a41-a17c-6388bb873359: shutdown LeaderElection
2019-10-15 17:17:58,628 [79abbc2e-0a90-4a41-a17c-6388bb873359@group-B673650064C9-LeaderElection150] INFO  impl.RoleInfo (RoleInfo.java:updateAndGet(143)) - 79abbc2e-0a90-4a41-a17c-6388bb873359: start FollowerState
2019-10-15 17:17:58,775 [Thread-1279] INFO  impl.FollowerState (FollowerState.java:run(108)) - 79abbc2e-0a90-4a41-a17c-6388bb873359@group-B673650064C9-FollowerState: change to CANDIDATE, lastRpcTime:146ms, electionTimeout:146ms
2019-10-15 17:17:58,775 [Thread-1279] INFO  impl.RoleInfo (RoleInfo.java:shutdownFollowerState(121)) - 79abbc2e-0a90-4a41-a17c-6388bb873359: shutdown FollowerState
2019-10-15 17:17:58,775 [Thread-1279] INFO  impl.RaftServerImpl (RaftServerImpl.java:setRole(184)) - 79abbc2e-0a90-4a41-a17c-6388bb873359@group-B673650064C9: changes role from  FOLLOWER to CANDIDATE at term 175 for changeToCandidate
2019-10-15 17:17:58,776 [Thread-1279] INFO  impl.RoleInfo (RoleInfo.java:updateAndGet(143)) - 79abbc2e-0a90-4a41-a17c-6388bb873359: start LeaderElection
2019-10-15 17:17:58,802 [79abbc2e-0a90-4a41-a17c-6388bb873359@group-B673650064C9-LeaderElection151] INFO  impl.LeaderElection (LeaderElection.java:askForVotes(178)) - 79abbc2e-0a90-4a41-a17c-6388bb873359@group-B673650064C9-LeaderElection151: begin an election at term 176 for -1: [ebd8d1f9-8297-450f-abe7-393807ba0c7e:192.168.164.239:36510, dbc121b5-e1e8-4c61-9d50-542b699a3d90:192.168.164.239:43140, 79abbc2e-0a90-4a41-a17c-6388bb873359:192.168.164.239:37857], old=null
2019-10-15 17:17:58,811 [grpc-default-executor-1] INFO  impl.RaftServerImpl (RaftServerImpl.java:setRole(184)) - dbc121b5-e1e8-4c61-9d50-542b699a3d90@group-B673650064C9: changes role from  FOLLOWER to FOLLOWER at term 176 for recognizeCandidate:79abbc2e-0a90-4a41-a17c-6388bb873359
2019-10-15 17:17:58,811 [grpc-default-executor-1] INFO  impl.RoleInfo (RoleInfo.java:shutdownFollowerState(121)) - dbc121b5-e1e8-4c61-9d50-542b699a3d90: shutdown FollowerState
2019-10-15 17:17:58,811 [grpc-default-executor-1] INFO  impl.RoleInfo (RoleInfo.java:updateAndGet(143)) - dbc121b5-e1e8-4c61-9d50-542b699a3d90: start FollowerState
2019-10-15 17:17:58,811 [Thread-1278] INFO  impl.FollowerState (FollowerState.java:run(117)) - dbc121b5-e1e8-4c61-9d50-542b699a3d90@group-B673650064C9-FollowerState was interrupted: java.lang.InterruptedException: sleep interrupted
2019-10-15 17:17:58,812 [grpc-default-executor-0] INFO  impl.RaftServerImpl (RaftServerImpl.java:setRole(184)) - ebd8d1f9-8297-450f-abe7-393807ba0c7e@group-B673650064C9: changes role from  FOLLOWER to FOLLOWER at term 176 for recognizeCandidate:79abbc2e-0a90-4a41-a17c-6388bb873359
2019-10-15 17:17:58,812 [grpc-default-executor-0] INFO  impl.RoleInfo (RoleInfo.java:shutdownFollowerState(121)) - ebd8d1f9-8297-450f-abe7-393807ba0c7e: shutdown FollowerState
2019-10-15 17:17:58,812 [grpc-default-executor-0] INFO  impl.RoleInfo (RoleInfo.java:updateAndGet(143)) - ebd8d1f9-8297-450f-abe7-393807ba0c7e: start FollowerState
2019-10-15 17:17:58,812 [Thread-1277] INFO  impl.FollowerState (FollowerState.java:run(117)) - ebd8d1f9-8297-450f-abe7-393807ba0c7e@group-B673650064C9-FollowerState was interrupted: java.lang.InterruptedException: sleep interrupted
2019-10-15 17:17:58,837 [79abbc2e-0a90-4a41-a17c-6388bb873359@group-B673650064C9-LeaderElection151] INFO  impl.LeaderElection (LeaderElection.java:logAndReturn(56)) - 79abbc2e-0a90-4a41-a17c-6388bb873359@group-B673650064C9-LeaderElection151: Election REJECTED; received 2 response(s) [79abbc2e-0a90-4a41-a17c-6388bb873359<-ebd8d1f9-8297-450f-abe7-393807ba0c7e#0:FAIL-t176, 79abbc2e-0a90-4a41-a17c-6388bb873359<-dbc121b5-e1e8-4c61-9d50-542b699a3d90#0:FAIL-t176] and 0 exception(s); 79abbc2e-0a90-4a41-a17c-6388bb873359@group-B673650064C9:t176, leader=null, voted=79abbc2e-0a90-4a41-a17c-6388bb873359, raftlog=79abbc2e-0a90-4a41-a17c-6388bb873359@group-B673650064C9-SegmentedRaftLog:OPENED:c-1,f-1,i0, conf=-1: [ebd8d1f9-8297-450f-abe7-393807ba0c7e:192.168.164.239:36510, dbc121b5-e1e8-4c61-9d50-542b699a3d90:192.168.164.239:43140, 79abbc2e-0a90-4a41-a17c-6388bb873359:192.168.164.239:37857], old=null
2019-10-15 17:17:58,837 [79abbc2e-0a90-4a41-a17c-6388bb873359@group-B673650064C9-LeaderElection151] INFO  impl.RaftServerImpl (RaftServerImpl.java:setRole(184)) - 79abbc2e-0a90-4a41-a17c-6388bb873359@group-B673650064C9: changes role from CANDIDATE to FOLLOWER at term 176 for DISCOVERED_A_NEW_TERM
2019-10-15 17:17:58,837 [79abbc2e-0a90-4a41-a17c-6388bb873359@group-B673650064C9-LeaderElection151] INFO  impl.RoleInfo (RoleInfo.java:shutdownLeaderElection(134)) - 79abbc2e-0a90-4a41-a17c-6388bb873359: shutdown LeaderElection
2019-10-15 17:17:58,837 [79abbc2e-0a90-4a41-a17c-6388bb873359@group-B673650064C9-LeaderElection151] INFO  impl.RoleInfo (RoleInfo.java:updateAndGet(143)) - 79abbc2e-0a90-4a41-a17c-6388bb873359: start FollowerState
2019-10-15 17:17:59,006 [Thread-1288] INFO  impl.FollowerState (FollowerState.java:run(108)) - 79abbc2e-0a90-4a41-a17c-6388bb873359@group-B673650064C9-FollowerState: change to CANDIDATE, lastRpcTime:168ms, electionTimeout:168ms
2019-10-15 17:17:59,006 [Thread-1288] INFO  impl.RoleInfo (RoleInfo.java:shutdownFollowerState(121)) - 79abbc2e-0a90-4a41-a17c-6388bb873359: shutdown FollowerState
2019-10-15 17:17:59,006 [Thread-1288] INFO  impl.RaftServerImpl (RaftServerImpl.java:setRole(184)) - 79abbc2e-0a90-4a41-a17c-6388bb873359@group-B673650064C9: changes role from  FOLLOWER to CANDIDATE at term 176 for changeToCandidate
2019-10-15 17:17:59,006 [Thread-1288] INFO  impl.RoleInfo (RoleInfo.java:updateAndGet(143)) - 79abbc2e-0a90-4a41-a17c-6388bb873359: start LeaderElection
2019-10-15 17:17:59,036 [79abbc2e-0a90-4a41-a17c-6388bb873359@group-B673650064C9-LeaderElection152] INFO  impl.LeaderElection (LeaderElection.java:askForVotes(178)) - 79abbc2e-0a90-4a41-a17c-6388bb873359@group-B673650064C9-LeaderElection152: begin an election at term 177 for -1: [ebd8d1f9-8297-450f-abe7-393807ba0c7e:192.168.164.239:36510, dbc121b5-e1e8-4c61-9d50-542b699a3d90:192.168.164.239:43140, 79abbc2e-0a90-4a41-a17c-6388bb873359:192.168.164.239:37857], old=null
2019-10-15 17:17:59,039 [grpc-default-executor-1] INFO  impl.RaftServerImpl (RaftServerImpl.java:setRole(184)) - ebd8d1f9-8297-450f-abe7-393807ba0c7e@group-B673650064C9: changes role from  FOLLOWER to FOLLOWER at term 177 for recognizeCandidate:79abbc2e-0a90-4a41-a17c-6388bb873359
2019-10-15 17:17:59,039 [grpc-default-executor-0] INFO  impl.RaftServerImpl (RaftServerImpl.java:setRole(184)) - dbc121b5-e1e8-4c61-9d50-542b699a3d90@group-B673650064C9: changes role from  FOLLOWER to FOLLOWER at term 177 for recognizeCandidate:79abbc2e-0a90-4a41-a17c-6388bb873359
2019-10-15 17:17:59,039 [grpc-default-executor-0] INFO  impl.RoleInfo (RoleInfo.java:shutdownFollowerState(121)) - dbc121b5-e1e8-4c61-9d50-542b699a3d90: shutdown FollowerState
2019-10-15 17:17:59,039 [grpc-default-executor-1] INFO  impl.RoleInfo (RoleInfo.java:shutdownFollowerState(121)) - ebd8d1f9-8297-450f-abe7-393807ba0c7e: shutdown FollowerState
2019-10-15 17:17:59,039 [grpc-default-executor-0] INFO  impl.RoleInfo (RoleInfo.java:updateAndGet(143)) - dbc121b5-e1e8-4c61-9d50-542b699a3d90: start FollowerState
2019-10-15 17:17:59,040 [grpc-default-executor-1] INFO  impl.RoleInfo (RoleInfo.java:updateAndGet(143)) - ebd8d1f9-8297-450f-abe7-393807ba0c7e: start FollowerState
2019-10-15 17:17:59,039 [Thread-1286] INFO  impl.FollowerState (FollowerState.java:run(117)) - dbc121b5-e1e8-4c61-9d50-542b699a3d90@group-B673650064C9-FollowerState was interrupted: java.lang.InterruptedException: sleep interrupted
2019-10-15 17:17:59,040 [Thread-1287] INFO  impl.FollowerState (FollowerState.java:run(117)) - ebd8d1f9-8297-450f-abe7-393807ba0c7e@group-B673650064C9-FollowerState was interrupted: java.lang.InterruptedException: sleep interrupted
2019-10-15 17:17:59,063 [79abbc2e-0a90-4a41-a17c-6388bb873359@group-B673650064C9-LeaderElection152] INFO  impl.LeaderElection (LeaderElection.java:logAndReturn(56)) - 79abbc2e-0a90-4a41-a17c-6388bb873359@group-B673650064C9-LeaderElection152: Election REJECTED; received 2 response(s) [79abbc2e-0a90-4a41-a17c-6388bb873359<-ebd8d1f9-8297-450f-abe7-393807ba0c7e#0:FAIL-t177, 79abbc2e-0a90-4a41-a17c-6388bb873359<-dbc121b5-e1e8-4c61-9d50-542b699a3d90#0:FAIL-t177] and 0 exception(s); 79abbc2e-0a90-4a41-a17c-6388bb873359@group-B673650064C9:t177, leader=null, voted=79abbc2e-0a90-4a41-a17c-6388bb873359, raftlog=79abbc2e-0a90-4a41-a17c-6388bb873359@group-B673650064C9-SegmentedRaftLog:OPENED:c-1,f-1,i0, conf=-1: [ebd8d1f9-8297-450f-abe7-393807ba0c7e:192.168.164.239:36510, dbc121b5-e1e8-4c61-9d50-542b699a3d90:192.168.164.239:43140, 79abbc2e-0a90-4a41-a17c-6388bb873359:192.168.164.239:37857], old=null
2019-10-15 17:17:59,063 [79abbc2e-0a90-4a41-a17c-6388bb873359@group-B673650064C9-LeaderElection152] INFO  impl.RaftServerImpl (RaftServerImpl.java:setRole(184)) - 79abbc2e-0a90-4a41-a17c-6388bb873359@group-B673650064C9: changes role from CANDIDATE to FOLLOWER at term 177 for DISCOVERED_A_NEW_TERM
2019-10-15 17:17:59,063 [79abbc2e-0a90-4a41-a17c-6388bb873359@group-B673650064C9-LeaderElection152] INFO  impl.RoleInfo (RoleInfo.java:shutdownLeaderElection(134)) - 79abbc2e-0a90-4a41-a17c-6388bb873359: shutdown LeaderElection
2019-10-15 17:17:59,063 [79abbc2e-0a90-4a41-a17c-6388bb873359@group-B673650064C9-LeaderElection152] INFO  impl.RoleInfo (RoleInfo.java:updateAndGet(143)) - 79abbc2e-0a90-4a41-a17c-6388bb873359: start FollowerState
2019-10-15 17:17:59,120 [Thread-1294] INFO  impl.FollowerState (FollowerState.java:run(108)) - 79abbc2e-0a90-4a41-a17c-6388bb873359@group-B673650064C9-FollowerState: change to CANDIDATE, lastRpcTime:56ms, electionTimeout:56ms
2019-10-15 17:17:59,120 [Thread-1294] INFO  impl.RoleInfo (RoleInfo.java:shutdownFollowerState(121)) - 79abbc2e-0a90-4a41-a17c-6388bb873359: shutdown FollowerState
2019-10-15 17:17:59,120 [Thread-1294] INFO  impl.RaftServerImpl (RaftServerImpl.java:setRole(184)) - 79abbc2e-0a90-4a41-a17c-6388bb873359@group-B673650064C9: changes role from  FOLLOWER to CANDIDATE at term 177 for changeToCandidate
2019-10-15 17:17:59,120 [Thread-1294] INFO  impl.RoleInfo (RoleInfo.java:updateAndGet(143)) - 79abbc2e-0a90-4a41-a17c-6388bb873359: start LeaderElection
2019-10-15 17:17:59,145 [79abbc2e-0a90-4a41-a17c-6388bb873359@group-B673650064C9-LeaderElection153] INFO  impl.LeaderElection (LeaderElection.java:askForVotes(178)) - 79abbc2e-0a90-4a41-a17c-6388bb873359@group-B673650064C9-LeaderElection153: begin an election at term 178 for -1: [ebd8d1f9-8297-450f-abe7-393807ba0c7e:192.168.164.239:36510, dbc121b5-e1e8-4c61-9d50-542b699a3d90:192.168.164.239:43140, 79abbc2e-0a90-4a41-a17c-6388bb873359:192.168.164.239:37857], old=null
2019-10-15 17:17:59,147 [grpc-default-executor-0] INFO  impl.RaftServerImpl (RaftServerImpl.java:setRole(184)) - ebd8d1f9-8297-450f-abe7-393807ba0c7e@group-B673650064C9: changes role from  FOLLOWER to FOLLOWER at term 178 for recognizeCandidate:79abbc2e-0a90-4a41-a17c-6388bb873359
2019-10-15 17:17:59,147 [grpc-default-executor-0] INFO  impl.RoleInfo (RoleInfo.java:shutdownFollowerState(121)) - ebd8d1f9-8297-450f-abe7-393807ba0c7e: shutdown FollowerState
2019-10-15 17:17:59,148 [grpc-default-executor-0] INFO  impl.RoleInfo (RoleInfo.java:updateAndGet(143)) - ebd8d1f9-8297-450f-abe7-393807ba0c7e: start FollowerState
2019-10-15 17:17:59,148 [Thread-1293] INFO  impl.FollowerState (FollowerState.java:run(117)) - ebd8d1f9-8297-450f-abe7-393807ba0c7e@group-B673650064C9-FollowerState was interrupted: java.lang.InterruptedException: sleep interrupted
2019-10-15 17:17:59,148 [grpc-default-executor-1] INFO  impl.RaftServerImpl (RaftServerImpl.java:setRole(184)) - dbc121b5-e1e8-4c61-9d50-542b699a3d90@group-B673650064C9: changes role from  FOLLOWER to FOLLOWER at term 178 for recognizeCandidate:79abbc2e-0a90-4a41-a17c-6388bb873359
2019-10-15 17:17:59,148 [grpc-default-executor-1] INFO  impl.RoleInfo (RoleInfo.java:shutdownFollowerState(121)) - dbc121b5-e1e8-4c61-9d50-542b699a3d90: shutdown FollowerState
2019-10-15 17:17:59,148 [grpc-default-executor-1] INFO  impl.RoleInfo (RoleInfo.java:updateAndGet(143)) - dbc121b5-e1e8-4c61-9d50-542b699a3d90: start FollowerState
2019-10-15 17:17:59,148 [Thread-1292] INFO  impl.FollowerState (FollowerState.java:run(117)) - dbc121b5-e1e8-4c61-9d50-542b699a3d90@group-B673650064C9-FollowerState was interrupted: java.lang.InterruptedException: sleep interrupted
2019-10-15 17:17:59,172 [79abbc2e-0a90-4a41-a17c-6388bb873359@group-B673650064C9-LeaderElection153] INFO  impl.LeaderElection (LeaderElection.java:logAndReturn(56)) - 79abbc2e-0a90-4a41-a17c-6388bb873359@group-B673650064C9-LeaderElection153: Election REJECTED; received 2 response(s) [79abbc2e-0a90-4a41-a17c-6388bb873359<-ebd8d1f9-8297-450f-abe7-393807ba0c7e#0:FAIL-t178, 79abbc2e-0a90-4a41-a17c-6388bb873359<-dbc121b5-e1e8-4c61-9d50-542b699a3d90#0:FAIL-t178] and 0 exception(s); 79abbc2e-0a90-4a41-a17c-6388bb873359@group-B673650064C9:t178, leader=null, voted=79abbc2e-0a90-4a41-a17c-6388bb873359, raftlog=79abbc2e-0a90-4a41-a17c-6388bb873359@group-B673650064C9-SegmentedRaftLog:OPENED:c-1,f-1,i0, conf=-1: [ebd8d1f9-8297-450f-abe7-393807ba0c7e:192.168.164.239:36510, dbc121b5-e1e8-4c61-9d50-542b699a3d90:192.168.164.239:43140, 79abbc2e-0a90-4a41-a17c-6388bb873359:192.168.164.239:37857], old=null
2019-10-15 17:17:59,172 [79abbc2e-0a90-4a41-a17c-6388bb873359@group-B673650064C9-LeaderElection153] INFO  impl.RaftServerImpl (RaftServerImpl.java:setRole(184)) - 79abbc2e-0a90-4a41-a17c-6388bb873359@group-B673650064C9: changes role from CANDIDATE to FOLLOWER at term 178 for DISCOVERED_A_NEW_TERM
2019-10-15 17:17:59,172 [79abbc2e-0a90-4a41-a17c-6388bb873359@group-B673650064C9-LeaderElection153] INFO  impl.RoleInfo (RoleInfo.java:shutdownLeaderElection(134)) - 79abbc2e-0a90-4a41-a17c-6388bb873359: shutdown LeaderElection
2019-10-15 17:17:59,172 [79abbc2e-0a90-4a41-a17c-6388bb873359@group-B673650064C9-LeaderElection153] INFO  impl.RoleInfo (RoleInfo.java:updateAndGet(143)) - 79abbc2e-0a90-4a41-a17c-6388bb873359: start FollowerState
2019-10-15 17:17:59,257 [Thread-1300] INFO  impl.FollowerState (FollowerState.java:run(108)) - 79abbc2e-0a90-4a41-a17c-6388bb873359@group-B673650064C9-FollowerState: change to CANDIDATE, lastRpcTime:85ms, electionTimeout:85ms
2019-10-15 17:17:59,258 [Thread-1300] INFO  impl.RoleInfo (RoleInfo.java:shutdownFollowerState(121)) - 79abbc2e-0a90-4a41-a17c-6388bb873359: shutdown FollowerState
2019-10-15 17:17:59,258 [Thread-1300] INFO  impl.RaftServerImpl (RaftServerImpl.java:setRole(184)) - 79abbc2e-0a90-4a41-a17c-6388bb873359@group-B673650064C9: changes role from  FOLLOWER to CANDIDATE at term 178 for changeToCandidate
2019-10-15 17:17:59,258 [Thread-1300] INFO  impl.RoleInfo (RoleInfo.java:updateAndGet(143)) - 79abbc2e-0a90-4a41-a17c-6388bb873359: start LeaderElection
2019-10-15 17:17:59,282 [79abbc2e-0a90-4a41-a17c-6388bb873359@group-B673650064C9-LeaderElection154] INFO  impl.LeaderElection (LeaderElection.java:askForVotes(178)) - 79abbc2e-0a90-4a41-a17c-6388bb873359@group-B673650064C9-LeaderElection154: begin an election at term 179 for -1: [ebd8d1f9-8297-450f-abe7-393807ba0c7e:192.168.164.239:36510, dbc121b5-e1e8-4c61-9d50-542b699a3d90:192.168.164.239:43140, 79abbc2e-0a90-4a41-a17c-6388bb873359:192.168.164.239:37857], old=null
2019-10-15 17:17:59,284 [grpc-default-executor-0] INFO  impl.RaftServerImpl (RaftServerImpl.java:setRole(184)) - ebd8d1f9-8297-450f-abe7-393807ba0c7e@group-B673650064C9: changes role from  FOLLOWER to FOLLOWER at term 179 for recognizeCandidate:79abbc2e-0a90-4a41-a17c-6388bb873359
2019-10-15 17:17:59,284 [grpc-default-executor-0] INFO  impl.RoleInfo (RoleInfo.java:shutdownFollowerState(121)) - ebd8d1f9-8297-450f-abe7-393807ba0c7e: shutdown FollowerState
2019-10-15 17:17:59,284 [grpc-default-executor-1] INFO  impl.RaftServerImpl (RaftServerImpl.java:setRole(184)) - dbc121b5-e1e8-4c61-9d50-542b699a3d90@group-B673650064C9: changes role from  FOLLOWER to FOLLOWER at term 179 for recognizeCandidate:79abbc2e-0a90-4a41-a17c-6388bb873359
2019-10-15 17:17:59,284 [Thread-1298] INFO  impl.FollowerState (FollowerState.java:run(117)) - ebd8d1f9-8297-450f-abe7-393807ba0c7e@group-B673650064C9-FollowerState was interrupted: java.lang.InterruptedException: sleep interrupted
2019-10-15 17:17:59,284 [grpc-default-executor-0] INFO  impl.RoleInfo (RoleInfo.java:updateAndGet(143)) - ebd8d1f9-8297-450f-abe7-393807ba0c7e: start FollowerState
2019-10-15 17:17:59,284 [grpc-default-executor-1] INFO  impl.RoleInfo (RoleInfo.java:shutdownFollowerState(121)) - dbc121b5-e1e8-4c61-9d50-542b699a3d90: shutdown FollowerState
2019-10-15 17:17:59,285 [grpc-default-executor-1] INFO  impl.RoleInfo (RoleInfo.java:updateAndGet(143)) - dbc121b5-e1e8-4c61-9d50-542b699a3d90: start FollowerState
2019-10-15 17:17:59,285 [Thread-1299] INFO  impl.FollowerState (FollowerState.java:run(117)) - dbc121b5-e1e8-4c61-9d50-542b699a3d90@group-B673650064C9-FollowerState was interrupted: java.lang.InterruptedException: sleep interrupted
2019-10-15 17:17:59,302 [79abbc2e-0a90-4a41-a17c-6388bb873359@group-B673650064C9-LeaderElection154] INFO  impl.LeaderElection (LeaderElection.java:logAndReturn(56)) - 79abbc2e-0a90-4a41-a17c-6388bb873359@group-B673650064C9-LeaderElection154: Election REJECTED; received 2 response(s) [79abbc2e-0a90-4a41-a17c-6388bb873359<-ebd8d1f9-8297-450f-abe7-393807ba0c7e#0:FAIL-t179, 79abbc2e-0a90-4a41-a17c-6388bb873359<-dbc121b5-e1e8-4c61-9d50-542b699a3d90#0:FAIL-t179] and 0 exception(s); 79abbc2e-0a90-4a41-a17c-6388bb873359@group-B673650064C9:t179, leader=null, voted=79abbc2e-0a90-4a41-a17c-6388bb873359, raftlog=79abbc2e-0a90-4a41-a17c-6388bb873359@group-B673650064C9-SegmentedRaftLog:OPENED:c-1,f-1,i0, conf=-1: [ebd8d1f9-8297-450f-abe7-393807ba0c7e:192.168.164.239:36510, dbc121b5-e1e8-4c61-9d50-542b699a3d90:192.168.164.239:43140, 79abbc2e-0a90-4a41-a17c-6388bb873359:192.168.164.239:37857], old=null
2019-10-15 17:17:59,302 [79abbc2e-0a90-4a41-a17c-6388bb873359@group-B673650064C9-LeaderElection154] INFO  impl.RaftServerImpl (RaftServerImpl.java:setRole(184)) - 79abbc2e-0a90-4a41-a17c-6388bb873359@group-B673650064C9: changes role from CANDIDATE to FOLLOWER at term 179 for DISCOVERED_A_NEW_TERM
2019-10-15 17:17:59,302 [79abbc2e-0a90-4a41-a17c-6388bb873359@group-B673650064C9-LeaderElection154] INFO  impl.RoleInfo (RoleInfo.java:shutdownLeaderElection(134)) - 79abbc2e-0a90-4a41-a17c-6388bb873359: shutdown LeaderElection
2019-10-15 17:17:59,302 [79abbc2e-0a90-4a41-a17c-6388bb873359@group-B673650064C9-LeaderElection154] INFO  impl.RoleInfo (RoleInfo.java:updateAndGet(143)) - 79abbc2e-0a90-4a41-a17c-6388bb873359: start FollowerState
2019-10-15 17:17:59,476 [Thread-1306] INFO  impl.FollowerState (FollowerState.java:run(108)) - 79abbc2e-0a90-4a41-a17c-6388bb873359@group-B673650064C9-FollowerState: change to CANDIDATE, lastRpcTime:173ms, electionTimeout:173ms
2019-10-15 17:17:59,476 [Thread-1306] INFO  impl.RoleInfo (RoleInfo.java:shutdownFollowerState(121)) - 79abbc2e-0a90-4a41-a17c-6388bb873359: shutdown FollowerState
2019-10-15 17:17:59,476 [Thread-1306] INFO  impl.RaftServerImpl (RaftServerImpl.java:setRole(184)) - 79abbc2e-0a90-4a41-a17c-6388bb873359@group-B673650064C9: changes role from  FOLLOWER to CANDIDATE at term 179 for changeToCandidate
2019-10-15 17:17:59,476 [Thread-1306] INFO  impl.RoleInfo (RoleInfo.java:updateAndGet(143)) - 79abbc2e-0a90-4a41-a17c-6388bb873359: start LeaderElection
2019-10-15 17:17:59,499 [79abbc2e-0a90-4a41-a17c-6388bb873359@group-B673650064C9-LeaderElection155] INFO  impl.LeaderElection (LeaderElection.java:askForVotes(178)) - 79abbc2e-0a90-4a41-a17c-6388bb873359@group-B673650064C9-LeaderElection155: begin an election at term 180 for -1: [ebd8d1f9-8297-450f-abe7-393807ba0c7e:192.168.164.239:36510, dbc121b5-e1e8-4c61-9d50-542b699a3d90:192.168.164.239:43140, 79abbc2e-0a90-4a41-a17c-6388bb873359:192.168.164.239:37857], old=null
2019-10-15 17:17:59,501 [grpc-default-executor-1] INFO  impl.RaftServerImpl (RaftServerImpl.java:setRole(184)) - ebd8d1f9-8297-450f-abe7-393807ba0c7e@group-B673650064C9: changes role from  FOLLOWER to FOLLOWER at term 180 for recognizeCandidate:79abbc2e-0a90-4a41-a17c-6388bb873359
2019-10-15 17:17:59,501 [grpc-default-executor-1] INFO  impl.RoleInfo (RoleInfo.java:shutdownFollowerState(121)) - ebd8d1f9-8297-450f-abe7-393807ba0c7e: shutdown FollowerState
2019-10-15 17:17:59,501 [grpc-default-executor-0] INFO  impl.RaftServerImpl (RaftServerImpl.java:setRole(184)) - dbc121b5-e1e8-4c61-9d50-542b699a3d90@group-B673650064C9: changes role from  FOLLOWER to FOLLOWER at term 180 for recognizeCandidate:79abbc2e-0a90-4a41-a17c-6388bb873359
2019-10-15 17:17:59,502 [grpc-default-executor-0] INFO  impl.RoleInfo (RoleInfo.java:shutdownFollowerState(121)) - dbc121b5-e1e8-4c61-9d50-542b699a3d90: shutdown FollowerState
2019-10-15 17:17:59,501 [Thread-1304] INFO  impl.FollowerState (FollowerState.java:run(117)) - ebd8d1f9-8297-450f-abe7-393807ba0c7e@group-B673650064C9-FollowerState was interrupted: java.lang.InterruptedException: sleep interrupted
2019-10-15 17:17:59,501 [grpc-default-executor-1] INFO  impl.RoleInfo (RoleInfo.java:updateAndGet(143)) - ebd8d1f9-8297-450f-abe7-393807ba0c7e: start FollowerState
2019-10-15 17:17:59,502 [Thread-1305] INFO  impl.FollowerState (FollowerState.java:run(117)) - dbc121b5-e1e8-4c61-9d50-542b699a3d90@group-B673650064C9-FollowerState was interrupted: java.lang.InterruptedException: sleep interrupted
2019-10-15 17:17:59,502 [grpc-default-executor-0] INFO  impl.RoleInfo (RoleInfo.java:updateAndGet(143)) - dbc121b5-e1e8-4c61-9d50-542b699a3d90: start FollowerState
2019-10-15 17:17:59,526 [79abbc2e-0a90-4a41-a17c-6388bb873359@group-B673650064C9-LeaderElection155] INFO  impl.LeaderElection (LeaderElection.java:logAndReturn(56)) - 79abbc2e-0a90-4a41-a17c-6388bb873359@group-B673650064C9-LeaderElection155: Election REJECTED; received 2 response(s) [79abbc2e-0a90-4a41-a17c-6388bb873359<-ebd8d1f9-8297-450f-abe7-393807ba0c7e#0:FAIL-t180, 79abbc2e-0a90-4a41-a17c-6388bb873359<-dbc121b5-e1e8-4c61-9d50-542b699a3d90#0:FAIL-t180] and 0 exception(s); 79abbc2e-0a90-4a41-a17c-6388bb873359@group-B673650064C9:t180, leader=null, voted=79abbc2e-0a90-4a41-a17c-6388bb873359, raftlog=79abbc2e-0a90-4a41-a17c-6388bb873359@group-B673650064C9-SegmentedRaftLog:OPENED:c-1,f-1,i0, conf=-1: [ebd8d1f9-8297-450f-abe7-393807ba0c7e:192.168.164.239:36510, dbc121b5-e1e8-4c61-9d50-542b699a3d90:192.168.164.239:43140, 79abbc2e-0a90-4a41-a17c-6388bb873359:192.168.164.239:37857], old=null
2019-10-15 17:17:59,526 [79abbc2e-0a90-4a41-a17c-6388bb873359@group-B673650064C9-LeaderElection155] INFO  impl.RaftServerImpl (RaftServerImpl.java:setRole(184)) - 79abbc2e-0a90-4a41-a17c-6388bb873359@group-B673650064C9: changes role from CANDIDATE to FOLLOWER at term 180 for DISCOVERED_A_NEW_TERM
2019-10-15 17:17:59,526 [79abbc2e-0a90-4a41-a17c-6388bb873359@group-B673650064C9-LeaderElection155] INFO  impl.RoleInfo (RoleInfo.java:shutdownLeaderElection(134)) - 79abbc2e-0a90-4a41-a17c-6388bb873359: shutdown LeaderElection
2019-10-15 17:17:59,527 [79abbc2e-0a90-4a41-a17c-6388bb873359@group-B673650064C9-LeaderElection155] INFO  impl.RoleInfo (RoleInfo.java:updateAndGet(143)) - 79abbc2e-0a90-4a41-a17c-6388bb873359: start FollowerState
2019-10-15 17:17:59,661 [Thread-1312] INFO  impl.FollowerState (FollowerState.java:run(108)) - 79abbc2e-0a90-4a41-a17c-6388bb873359@group-B673650064C9-FollowerState: change to CANDIDATE, lastRpcTime:134ms, electionTimeout:134ms
2019-10-15 17:17:59,661 [Thread-1312] INFO  impl.RoleInfo (RoleInfo.java:shutdownFollowerState(121)) - 79abbc2e-0a90-4a41-a17c-6388bb873359: shutdown FollowerState
2019-10-15 17:17:59,661 [Thread-1312] INFO  impl.RaftServerImpl (RaftServerImpl.java:setRole(184)) - 79abbc2e-0a90-4a41-a17c-6388bb873359@group-B673650064C9: changes role from  FOLLOWER to CANDIDATE at term 180 for changeToCandidate
2019-10-15 17:17:59,661 [Thread-1312] INFO  impl.RoleInfo (RoleInfo.java:updateAndGet(143)) - 79abbc2e-0a90-4a41-a17c-6388bb873359: start LeaderElection
2019-10-15 17:17:59,684 [79abbc2e-0a90-4a41-a17c-6388bb873359@group-B673650064C9-LeaderElection156] INFO  impl.LeaderElection (LeaderElection.java:askForVotes(178)) - 79abbc2e-0a90-4a41-a17c-6388bb873359@group-B673650064C9-LeaderElection156: begin an election at term 181 for -1: [ebd8d1f9-8297-450f-abe7-393807ba0c7e:192.168.164.239:36510, dbc121b5-e1e8-4c61-9d50-542b699a3d90:192.168.164.239:43140, 79abbc2e-0a90-4a41-a17c-6388bb873359:192.168.164.239:37857], old=null
2019-10-15 17:17:59,686 [grpc-default-executor-0] INFO  impl.RaftServerImpl (RaftServerImpl.java:setRole(184)) - ebd8d1f9-8297-450f-abe7-393807ba0c7e@group-B673650064C9: changes role from  FOLLOWER to FOLLOWER at term 181 for recognizeCandidate:79abbc2e-0a90-4a41-a17c-6388bb873359
2019-10-15 17:17:59,687 [grpc-default-executor-0] INFO  impl.RoleInfo (RoleInfo.java:shutdownFollowerState(121)) - ebd8d1f9-8297-450f-abe7-393807ba0c7e: shutdown FollowerState
2019-10-15 17:17:59,687 [grpc-default-executor-1] INFO  impl.RaftServerImpl (RaftServerImpl.java:setRole(184)) - dbc121b5-e1e8-4c61-9d50-542b699a3d90@group-B673650064C9: changes role from  FOLLOWER to FOLLOWER at term 181 for recognizeCandidate:79abbc2e-0a90-4a41-a17c-6388bb873359
2019-10-15 17:17:59,687 [grpc-default-executor-1] INFO  impl.RoleInfo (RoleInfo.java:shutdownFollowerState(121)) - dbc121b5-e1e8-4c61-9d50-542b699a3d90: shutdown FollowerState
2019-10-15 17:17:59,687 [Thread-1310] INFO  impl.FollowerState (FollowerState.java:run(117)) - ebd8d1f9-8297-450f-abe7-393807ba0c7e@group-B673650064C9-FollowerState was interrupted: java.lang.InterruptedException: sleep interrupted
2019-10-15 17:17:59,687 [Thread-1311] INFO  impl.FollowerState (FollowerState.java:run(117)) - dbc121b5-e1e8-4c61-9d50-542b699a3d90@group-B673650064C9-FollowerState was interrupted: java.lang.InterruptedException: sleep interrupted
2019-10-15 17:17:59,687 [grpc-default-executor-0] INFO  impl.RoleInfo (RoleInfo.java:updateAndGet(143)) - ebd8d1f9-8297-450f-abe7-393807ba0c7e: start FollowerState
2019-10-15 17:17:59,687 [grpc-default-executor-1] INFO  impl.RoleInfo (RoleInfo.java:updateAndGet(143)) - dbc121b5-e1e8-4c61-9d50-542b699a3d90: start FollowerState
2019-10-15 17:17:59,711 [79abbc2e-0a90-4a41-a17c-6388bb873359@group-B673650064C9-LeaderElection156] INFO  impl.LeaderElection (LeaderElection.java:logAndReturn(56)) - 79abbc2e-0a90-4a41-a17c-6388bb873359@group-B673650064C9-LeaderElection156: Election REJECTED; received 2 response(s) [79abbc2e-0a90-4a41-a17c-6388bb873359<-ebd8d1f9-8297-450f-abe7-393807ba0c7e#0:FAIL-t181, 79abbc2e-0a90-4a41-a17c-6388bb873359<-dbc121b5-e1e8-4c61-9d50-542b699a3d90#0:FAIL-t181] and 0 exception(s); 79abbc2e-0a90-4a41-a17c-6388bb873359@group-B673650064C9:t181, leader=null, voted=79abbc2e-0a90-4a41-a17c-6388bb873359, raftlog=79abbc2e-0a90-4a41-a17c-6388bb873359@group-B673650064C9-SegmentedRaftLog:OPENED:c-1,f-1,i0, conf=-1: [ebd8d1f9-8297-450f-abe7-393807ba0c7e:192.168.164.239:36510, dbc121b5-e1e8-4c61-9d50-542b699a3d90:192.168.164.239:43140, 79abbc2e-0a90-4a41-a17c-6388bb873359:192.168.164.239:37857], old=null
2019-10-15 17:17:59,711 [79abbc2e-0a90-4a41-a17c-6388bb873359@group-B673650064C9-LeaderElection156] INFO  impl.RaftServerImpl (RaftServerImpl.java:setRole(184)) - 79abbc2e-0a90-4a41-a17c-6388bb873359@group-B673650064C9: changes role from CANDIDATE to FOLLOWER at term 181 for DISCOVERED_A_NEW_TERM
2019-10-15 17:17:59,712 [79abbc2e-0a90-4a41-a17c-6388bb873359@group-B673650064C9-LeaderElection156] INFO  impl.RoleInfo (RoleInfo.java:shutdownLeaderElection(134)) - 79abbc2e-0a90-4a41-a17c-6388bb873359: shutdown LeaderElection
2019-10-15 17:17:59,712 [79abbc2e-0a90-4a41-a17c-6388bb873359@group-B673650064C9-LeaderElection156] INFO  impl.RoleInfo (RoleInfo.java:updateAndGet(143)) - 79abbc2e-0a90-4a41-a17c-6388bb873359: start FollowerState
2019-10-15 17:17:59,757 [Thread-1318] INFO  impl.FollowerState (FollowerState.java:run(108)) - 79abbc2e-0a90-4a41-a17c-6388bb873359@group-B673650064C9-FollowerState: change to CANDIDATE, lastRpcTime:45ms, electionTimeout:45ms
2019-10-15 17:17:59,757 [Thread-1318] INFO  impl.RoleInfo (RoleInfo.java:shutdownFollowerState(121)) - 79abbc2e-0a90-4a41-a17c-6388bb873359: shutdown FollowerState
2019-10-15 17:17:59,757 [Thread-1318] INFO  impl.RaftServerImpl (RaftServerImpl.java:setRole(184)) - 79abbc2e-0a90-4a41-a17c-6388bb873359@group-B673650064C9: changes role from  FOLLOWER to CANDIDATE at term 181 for changeToCandidate
2019-10-15 17:17:59,757 [Thread-1318] INFO  impl.RoleInfo (RoleInfo.java:updateAndGet(143)) - 79abbc2e-0a90-4a41-a17c-6388bb873359: start LeaderElection
2019-10-15 17:17:59,781 [79abbc2e-0a90-4a41-a17c-6388bb873359@group-B673650064C9-LeaderElection157] INFO  impl.LeaderElection (LeaderElection.java:askForVotes(178)) - 79abbc2e-0a90-4a41-a17c-6388bb873359@group-B673650064C9-LeaderElection157: begin an election at term 182 for -1: [ebd8d1f9-8297-450f-abe7-393807ba0c7e:192.168.164.239:36510, dbc121b5-e1e8-4c61-9d50-542b699a3d90:192.168.164.239:43140, 79abbc2e-0a90-4a41-a17c-6388bb873359:192.168.164.239:37857], old=null
2019-10-15 17:17:59,783 [grpc-default-executor-1] INFO  impl.RaftServerImpl (RaftServerImpl.java:setRole(184)) - ebd8d1f9-8297-450f-abe7-393807ba0c7e@group-B673650064C9: changes role from  FOLLOWER to FOLLOWER at term 182 for recognizeCandidate:79abbc2e-0a90-4a41-a17c-6388bb873359
2019-10-15 17:17:59,783 [grpc-default-executor-1] INFO  impl.RoleInfo (RoleInfo.java:shutdownFollowerState(121)) - ebd8d1f9-8297-450f-abe7-393807ba0c7e: shutdown FollowerState
2019-10-15 17:17:59,784 [grpc-default-executor-0] INFO  impl.RaftServerImpl (RaftServerImpl.java:setRole(184)) - dbc121b5-e1e8-4c61-9d50-542b699a3d90@group-B673650064C9: changes role from  FOLLOWER to FOLLOWER at term 182 for recognizeCandidate:79abbc2e-0a90-4a41-a17c-6388bb873359
2019-10-15 17:17:59,784 [Thread-1316] INFO  impl.FollowerState (FollowerState.java:run(117)) - ebd8d1f9-8297-450f-abe7-393807ba0c7e@group-B673650064C9-FollowerState was interrupted: java.lang.InterruptedException: sleep interrupted
2019-10-15 17:17:59,784 [grpc-default-executor-1] INFO  impl.RoleInfo (RoleInfo.java:updateAndGet(143)) - ebd8d1f9-8297-450f-abe7-393807ba0c7e: start FollowerState
2019-10-15 17:17:59,784 [grpc-default-executor-0] INFO  impl.RoleInfo (RoleInfo.java:shutdownFollowerState(121)) - dbc121b5-e1e8-4c61-9d50-542b699a3d90: shutdown FollowerState
2019-10-15 17:17:59,784 [grpc-default-executor-0] INFO  impl.RoleInfo (RoleInfo.java:updateAndGet(143)) - dbc121b5-e1e8-4c61-9d50-542b699a3d90: start FollowerState
2019-10-15 17:17:59,784 [Thread-1317] INFO  impl.FollowerState (FollowerState.java:run(117)) - dbc121b5-e1e8-4c61-9d50-542b699a3d90@group-B673650064C9-FollowerState was interrupted: java.lang.InterruptedException: sleep interrupted
2019-10-15 17:17:59,809 [79abbc2e-0a90-4a41-a17c-6388bb873359@group-B673650064C9-LeaderElection157] INFO  impl.LeaderElection (LeaderElection.java:logAndReturn(56)) - 79abbc2e-0a90-4a41-a17c-6388bb873359@group-B673650064C9-LeaderElection157: Election REJECTED; received 2 response(s) [79abbc2e-0a90-4a41-a17c-6388bb873359<-ebd8d1f9-8297-450f-abe7-393807ba0c7e#0:FAIL-t182, 79abbc2e-0a90-4a41-a17c-6388bb873359<-dbc121b5-e1e8-4c61-9d50-542b699a3d90#0:FAIL-t182] and 0 exception(s); 79abbc2e-0a90-4a41-a17c-6388bb873359@group-B673650064C9:t182, leader=null, voted=79abbc2e-0a90-4a41-a17c-6388bb873359, raftlog=79abbc2e-0a90-4a41-a17c-6388bb873359@group-B673650064C9-SegmentedRaftLog:OPENED:c-1,f-1,i0, conf=-1: [ebd8d1f9-8297-450f-abe7-393807ba0c7e:192.168.164.239:36510, dbc121b5-e1e8-4c61-9d50-542b699a3d90:192.168.164.239:43140, 79abbc2e-0a90-4a41-a17c-6388bb873359:192.168.164.239:37857], old=null
2019-10-15 17:17:59,809 [79abbc2e-0a90-4a41-a17c-6388bb873359@group-B673650064C9-LeaderElection157] INFO  impl.RaftServerImpl (RaftServerImpl.java:setRole(184)) - 79abbc2e-0a90-4a41-a17c-6388bb873359@group-B673650064C9: changes role from CANDIDATE to FOLLOWER at term 182 for DISCOVERED_A_NEW_TERM
2019-10-15 17:17:59,809 [79abbc2e-0a90-4a41-a17c-6388bb873359@group-B673650064C9-LeaderElection157] INFO  impl.RoleInfo (RoleInfo.java:shutdownLeaderElection(134)) - 79abbc2e-0a90-4a41-a17c-6388bb873359: shutdown LeaderElection
2019-10-15 17:17:59,809 [79abbc2e-0a90-4a41-a17c-6388bb873359@group-B673650064C9-LeaderElection157] INFO  impl.RoleInfo (RoleInfo.java:updateAndGet(143)) - 79abbc2e-0a90-4a41-a17c-6388bb873359: start FollowerState
2019-10-15 17:17:59,956 [Thread-1324] INFO  impl.FollowerState (FollowerState.java:run(108)) - 79abbc2e-0a90-4a41-a17c-6388bb873359@group-B673650064C9-FollowerState: change to CANDIDATE, lastRpcTime:146ms, electionTimeout:146ms
2019-10-15 17:17:59,956 [Thread-1324] INFO  impl.RoleInfo (RoleInfo.java:shutdownFollowerState(121)) - 79abbc2e-0a90-4a41-a17c-6388bb873359: shutdown FollowerState
2019-10-15 17:17:59,956 [Thread-1324] INFO  impl.RaftServerImpl (RaftServerImpl.java:setRole(184)) - 79abbc2e-0a90-4a41-a17c-6388bb873359@group-B673650064C9: changes role from  FOLLOWER to CANDIDATE at term 182 for changeToCandidate
2019-10-15 17:17:59,956 [Thread-1324] INFO  impl.RoleInfo (RoleInfo.java:updateAndGet(143)) - 79abbc2e-0a90-4a41-a17c-6388bb873359: start LeaderElection
2019-10-15 17:17:59,984 [79abbc2e-0a90-4a41-a17c-6388bb873359@group-B673650064C9-LeaderElection158] INFO  impl.LeaderElection (LeaderElection.java:askForVotes(178)) - 79abbc2e-0a90-4a41-a17c-6388bb873359@group-B673650064C9-LeaderElection158: begin an election at term 183 for -1: [ebd8d1f9-8297-450f-abe7-393807ba0c7e:192.168.164.239:36510, dbc121b5-e1e8-4c61-9d50-542b699a3d90:192.168.164.239:43140, 79abbc2e-0a90-4a41-a17c-6388bb873359:192.168.164.239:37857], old=null
2019-10-15 17:17:59,986 [grpc-default-executor-1] INFO  impl.RaftServerImpl (RaftServerImpl.java:setRole(184)) - ebd8d1f9-8297-450f-abe7-393807ba0c7e@group-B673650064C9: changes role from  FOLLOWER to FOLLOWER at term 183 for recognizeCandidate:79abbc2e-0a90-4a41-a17c-6388bb873359
2019-10-15 17:17:59,986 [grpc-default-executor-0] INFO  impl.RaftServerImpl (RaftServerImpl.java:setRole(184)) - dbc121b5-e1e8-4c61-9d50-542b699a3d90@group-B673650064C9: changes role from  FOLLOWER to FOLLOWER at term 183 for recognizeCandidate:79abbc2e-0a90-4a41-a17c-6388bb873359
2019-10-15 17:17:59,987 [grpc-default-executor-0] INFO  impl.RoleInfo (RoleInfo.java:shutdownFollowerState(121)) - dbc121b5-e1e8-4c61-9d50-542b699a3d90: shutdown FollowerState
2019-10-15 17:17:59,987 [grpc-default-executor-1] INFO  impl.RoleInfo (RoleInfo.java:shutdownFollowerState(121)) - ebd8d1f9-8297-450f-abe7-393807ba0c7e: shutdown FollowerState
2019-10-15 17:17:59,987 [Thread-1323] INFO  impl.FollowerState (FollowerState.java:run(117)) - dbc121b5-e1e8-4c61-9d50-542b699a3d90@group-B673650064C9-FollowerState was interrupted: java.lang.InterruptedException: sleep interrupted
2019-10-15 17:17:59,987 [grpc-default-executor-0] INFO  impl.RoleInfo (RoleInfo.java:updateAndGet(143)) - dbc121b5-e1e8-4c61-9d50-542b699a3d90: start FollowerState
2019-10-15 17:17:59,987 [Thread-1322] INFO  impl.FollowerState (FollowerState.java:run(117)) - ebd8d1f9-8297-450f-abe7-393807ba0c7e@group-B673650064C9-FollowerState was interrupted: java.lang.InterruptedException: sleep interrupted
2019-10-15 17:17:59,987 [grpc-default-executor-1] INFO  impl.RoleInfo (RoleInfo.java:updateAndGet(143)) - ebd8d1f9-8297-450f-abe7-393807ba0c7e: start FollowerState
2019-10-15 17:18:00,010 [79abbc2e-0a90-4a41-a17c-6388bb873359@group-B673650064C9-LeaderElection158] INFO  impl.LeaderElection (LeaderElection.java:logAndReturn(56)) - 79abbc2e-0a90-4a41-a17c-6388bb873359@group-B673650064C9-LeaderElection158: Election REJECTED; received 2 response(s) [79abbc2e-0a90-4a41-a17c-6388bb873359<-ebd8d1f9-8297-450f-abe7-393807ba0c7e#0:FAIL-t183, 79abbc2e-0a90-4a41-a17c-6388bb873359<-dbc121b5-e1e8-4c61-9d50-542b699a3d90#0:FAIL-t183] and 0 exception(s); 79abbc2e-0a90-4a41-a17c-6388bb873359@group-B673650064C9:t183, leader=null, voted=79abbc2e-0a90-4a41-a17c-6388bb873359, raftlog=79abbc2e-0a90-4a41-a17c-6388bb873359@group-B673650064C9-SegmentedRaftLog:OPENED:c-1,f-1,i0, conf=-1: [ebd8d1f9-8297-450f-abe7-393807ba0c7e:192.168.164.239:36510, dbc121b5-e1e8-4c61-9d50-542b699a3d90:192.168.164.239:43140, 79abbc2e-0a90-4a41-a17c-6388bb873359:192.168.164.239:37857], old=null
2019-10-15 17:18:00,010 [79abbc2e-0a90-4a41-a17c-6388bb873359@group-B673650064C9-LeaderElection158] INFO  impl.RaftServerImpl (RaftServerImpl.java:setRole(184)) - 79abbc2e-0a90-4a41-a17c-6388bb873359@group-B673650064C9: changes role from CANDIDATE to FOLLOWER at term 183 for DISCOVERED_A_NEW_TERM
2019-10-15 17:18:00,010 [79abbc2e-0a90-4a41-a17c-6388bb873359@group-B673650064C9-LeaderElection158] INFO  impl.RoleInfo (RoleInfo.java:shutdownLeaderElection(134)) - 79abbc2e-0a90-4a41-a17c-6388bb873359: shutdown LeaderElection
2019-10-15 17:18:00,011 [79abbc2e-0a90-4a41-a17c-6388bb873359@group-B673650064C9-LeaderElection158] INFO  impl.RoleInfo (RoleInfo.java:updateAndGet(143)) - 79abbc2e-0a90-4a41-a17c-6388bb873359: start FollowerState
2019-10-15 17:18:00,115 [Thread-1332] INFO  impl.FollowerState (FollowerState.java:run(108)) - 79abbc2e-0a90-4a41-a17c-6388bb873359@group-B673650064C9-FollowerState: change to CANDIDATE, lastRpcTime:104ms, electionTimeout:104ms
2019-10-15 17:18:00,115 [Thread-1332] INFO  impl.RoleInfo (RoleInfo.java:shutdownFollowerState(121)) - 79abbc2e-0a90-4a41-a17c-6388bb873359: shutdown FollowerState
2019-10-15 17:18:00,115 [Thread-1332] INFO  impl.RaftServerImpl (RaftServerImpl.java:setRole(184)) - 79abbc2e-0a90-4a41-a17c-6388bb873359@group-B673650064C9: changes role from  FOLLOWER to CANDIDATE at term 183 for changeToCandidate
2019-10-15 17:18:00,116 [Thread-1332] INFO  impl.RoleInfo (RoleInfo.java:updateAndGet(143)) - 79abbc2e-0a90-4a41-a17c-6388bb873359: start LeaderElection
2019-10-15 17:18:00,143 [79abbc2e-0a90-4a41-a17c-6388bb873359@group-B673650064C9-LeaderElection159] INFO  impl.LeaderElection (LeaderElection.java:askForVotes(178)) - 79abbc2e-0a90-4a41-a17c-6388bb873359@group-B673650064C9-LeaderElection159: begin an election at term 184 for -1: [ebd8d1f9-8297-450f-abe7-393807ba0c7e:192.168.164.239:36510, dbc121b5-e1e8-4c61-9d50-542b699a3d90:192.168.164.239:43140, 79abbc2e-0a90-4a41-a17c-6388bb873359:192.168.164.239:37857], old=null
2019-10-15 17:18:00,146 [grpc-default-executor-1] INFO  impl.RaftServerImpl (RaftServerImpl.java:setRole(184)) - ebd8d1f9-8297-450f-abe7-393807ba0c7e@group-B673650064C9: changes role from  FOLLOWER to FOLLOWER at term 184 for recognizeCandidate:79abbc2e-0a90-4a41-a17c-6388bb873359
2019-10-15 17:18:00,146 [grpc-default-executor-1] INFO  impl.RoleInfo (RoleInfo.java:shutdownFollowerState(121)) - ebd8d1f9-8297-450f-abe7-393807ba0c7e: shutdown FollowerState
2019-10-15 17:18:00,146 [grpc-default-executor-0] INFO  impl.RaftServerImpl (RaftServerImpl.java:setRole(184)) - dbc121b5-e1e8-4c61-9d50-542b699a3d90@group-B673650064C9: changes role from  FOLLOWER to FOLLOWER at term 184 for recognizeCandidate:79abbc2e-0a90-4a41-a17c-6388bb873359
2019-10-15 17:18:00,146 [Thread-1331] INFO  impl.FollowerState (FollowerState.java:run(117)) - ebd8d1f9-8297-450f-abe7-393807ba0c7e@group-B673650064C9-FollowerState was interrupted: java.lang.InterruptedException: sleep interrupted
2019-10-15 17:18:00,146 [grpc-default-executor-1] INFO  impl.RoleInfo (RoleInfo.java:updateAndGet(143)) - ebd8d1f9-8297-450f-abe7-393807ba0c7e: start FollowerState
2019-10-15 17:18:00,146 [grpc-default-executor-0] INFO  impl.RoleInfo (RoleInfo.java:shutdownFollowerState(121)) - dbc121b5-e1e8-4c61-9d50-542b699a3d90: shutdown FollowerState
2019-10-15 17:18:00,148 [grpc-default-executor-0] INFO  impl.RoleInfo (RoleInfo.java:updateAndGet(143)) - dbc121b5-e1e8-4c61-9d50-542b699a3d90: start FollowerState
2019-10-15 17:18:00,148 [Thread-1330] INFO  impl.FollowerState (FollowerState.java:run(117)) - dbc121b5-e1e8-4c61-9d50-542b699a3d90@group-B673650064C9-FollowerState was interrupted: java.lang.InterruptedException: sleep interrupted
2019-10-15 17:18:00,177 [79abbc2e-0a90-4a41-a17c-6388bb873359@group-B673650064C9-LeaderElection159] INFO  impl.LeaderElection (LeaderElection.java:logAndReturn(56)) - 79abbc2e-0a90-4a41-a17c-6388bb873359@group-B673650064C9-LeaderElection159: Election REJECTED; received 2 response(s) [79abbc2e-0a90-4a41-a17c-6388bb873359<-ebd8d1f9-8297-450f-abe7-393807ba0c7e#0:FAIL-t184, 79abbc2e-0a90-4a41-a17c-6388bb873359<-dbc121b5-e1e8-4c61-9d50-542b699a3d90#0:FAIL-t184] and 0 exception(s); 79abbc2e-0a90-4a41-a17c-6388bb873359@group-B673650064C9:t184, leader=null, voted=79abbc2e-0a90-4a41-a17c-6388bb873359, raftlog=79abbc2e-0a90-4a41-a17c-6388bb873359@group-B673650064C9-SegmentedRaftLog:OPENED:c-1,f-1,i0, conf=-1: [ebd8d1f9-8297-450f-abe7-393807ba0c7e:192.168.164.239:36510, dbc121b5-e1e8-4c61-9d50-542b699a3d90:192.168.164.239:43140, 79abbc2e-0a90-4a41-a17c-6388bb873359:192.168.164.239:37857], old=null
2019-10-15 17:18:00,177 [79abbc2e-0a90-4a41-a17c-6388bb873359@group-B673650064C9-LeaderElection159] INFO  impl.RaftServerImpl (RaftServerImpl.java:setRole(184)) - 79abbc2e-0a90-4a41-a17c-6388bb873359@group-B673650064C9: changes role from CANDIDATE to FOLLOWER at term 184 for DISCOVERED_A_NEW_TERM
2019-10-15 17:18:00,178 [79abbc2e-0a90-4a41-a17c-6388bb873359@group-B673650064C9-LeaderElection159] INFO  impl.RoleInfo (RoleInfo.java:shutdownLeaderElection(134)) - 79abbc2e-0a90-4a41-a17c-6388bb873359: shutdown LeaderElection
2019-10-15 17:18:00,178 [79abbc2e-0a90-4a41-a17c-6388bb873359@group-B673650064C9-LeaderElection159] INFO  impl.RoleInfo (RoleInfo.java:updateAndGet(143)) - 79abbc2e-0a90-4a41-a17c-6388bb873359: start FollowerState
2019-10-15 17:18:00,347 [Thread-1338] INFO  impl.FollowerState (FollowerState.java:run(108)) - 79abbc2e-0a90-4a41-a17c-6388bb873359@group-B673650064C9-FollowerState: change to CANDIDATE, lastRpcTime:169ms, electionTimeout:169ms
2019-10-15 17:18:00,348 [Thread-1338] INFO  impl.RoleInfo (RoleInfo.java:shutdownFollowerState(121)) - 79abbc2e-0a90-4a41-a17c-6388bb873359: shutdown FollowerState
2019-10-15 17:18:00,348 [Thread-1338] INFO  impl.RaftServerImpl (RaftServerImpl.java:setRole(184)) - 79abbc2e-0a90-4a41-a17c-6388bb873359@group-B673650064C9: changes role from  FOLLOWER to CANDIDATE at term 184 for changeToCandidate
2019-10-15 17:18:00,348 [Thread-1338] INFO  impl.RoleInfo (RoleInfo.java:updateAndGet(143)) - 79abbc2e-0a90-4a41-a17c-6388bb873359: start LeaderElection
2019-10-15 17:18:00,370 [79abbc2e-0a90-4a41-a17c-6388bb873359@group-B673650064C9-LeaderElection160] INFO  impl.LeaderElection (LeaderElection.java:askForVotes(178)) - 79abbc2e-0a90-4a41-a17c-6388bb873359@group-B673650064C9-LeaderElection160: begin an election at term 185 for -1: [ebd8d1f9-8297-450f-abe7-393807ba0c7e:192.168.164.239:36510, dbc121b5-e1e8-4c61-9d50-542b699a3d90:192.168.164.239:43140, 79abbc2e-0a90-4a41-a17c-6388bb873359:192.168.164.239:37857], old=null
2019-10-15 17:18:00,373 [grpc-default-executor-0] INFO  impl.RaftServerImpl (RaftServerImpl.java:setRole(184)) - ebd8d1f9-8297-450f-abe7-393807ba0c7e@group-B673650064C9: changes role from  FOLLOWER to FOLLOWER at term 185 for recognizeCandidate:79abbc2e-0a90-4a41-a17c-6388bb873359
2019-10-15 17:18:00,373 [grpc-default-executor-0] INFO  impl.RoleInfo (RoleInfo.java:shutdownFollowerState(121)) - ebd8d1f9-8297-450f-abe7-393807ba0c7e: shutdown FollowerState
2019-10-15 17:18:00,373 [grpc-default-executor-0] INFO  impl.RoleInfo (RoleInfo.java:updateAndGet(143)) - ebd8d1f9-8297-450f-abe7-393807ba0c7e: start FollowerState
2019-10-15 17:18:00,373 [grpc-default-executor-1] INFO  impl.RaftServerImpl (RaftServerImpl.java:setRole(184)) - dbc121b5-e1e8-4c61-9d50-542b699a3d90@group-B673650064C9: changes role from  FOLLOWER to FOLLOWER at term 185 for recognizeCandidate:79abbc2e-0a90-4a41-a17c-6388bb873359
2019-10-15 17:18:00,373 [Thread-1336] INFO  impl.FollowerState (FollowerState.java:run(117)) - ebd8d1f9-8297-450f-abe7-393807ba0c7e@group-B673650064C9-FollowerState was interrupted: java.lang.InterruptedException: sleep interrupted
2019-10-15 17:18:00,373 [grpc-default-executor-1] INFO  impl.RoleInfo (RoleInfo.java:shutdownFollowerState(121)) - dbc121b5-e1e8-4c61-9d50-542b699a3d90: shutdown FollowerState
2019-10-15 17:18:00,374 [Thread-1337] INFO  impl.FollowerState (FollowerState.java:run(117)) - dbc121b5-e1e8-4c61-9d50-542b699a3d90@group-B673650064C9-FollowerState was interrupted: java.lang.InterruptedException: sleep interrupted
2019-10-15 17:18:00,374 [grpc-default-executor-1] INFO  impl.RoleInfo (RoleInfo.java:updateAndGet(143)) - dbc121b5-e1e8-4c61-9d50-542b699a3d90: start FollowerState
2019-10-15 17:18:00,405 [79abbc2e-0a90-4a41-a17c-6388bb873359@group-B673650064C9-LeaderElection160] INFO  impl.LeaderElection (LeaderElection.java:logAndReturn(56)) - 79abbc2e-0a90-4a41-a17c-6388bb873359@group-B673650064C9-LeaderElection160: Election REJECTED; received 2 response(s) [79abbc2e-0a90-4a41-a17c-6388bb873359<-ebd8d1f9-8297-450f-abe7-393807ba0c7e#0:FAIL-t185, 79abbc2e-0a90-4a41-a17c-6388bb873359<-dbc121b5-e1e8-4c61-9d50-542b699a3d90#0:FAIL-t185] and 0 exception(s); 79abbc2e-0a90-4a41-a17c-6388bb873359@group-B673650064C9:t185, leader=null, voted=79abbc2e-0a90-4a41-a17c-6388bb873359, raftlog=79abbc2e-0a90-4a41-a17c-6388bb873359@group-B673650064C9-SegmentedRaftLog:OPENED:c-1,f-1,i0, conf=-1: [ebd8d1f9-8297-450f-abe7-393807ba0c7e:192.168.164.239:36510, dbc121b5-e1e8-4c61-9d50-542b699a3d90:192.168.164.239:43140, 79abbc2e-0a90-4a41-a17c-6388bb873359:192.168.164.239:37857], old=null
2019-10-15 17:18:00,406 [79abbc2e-0a90-4a41-a17c-6388bb873359@group-B673650064C9-LeaderElection160] INFO  impl.RaftServerImpl (RaftServerImpl.java:setRole(184)) - 79abbc2e-0a90-4a41-a17c-6388bb873359@group-B673650064C9: changes role from CANDIDATE to FOLLOWER at term 185 for DISCOVERED_A_NEW_TERM
2019-10-15 17:18:00,406 [79abbc2e-0a90-4a41-a17c-6388bb873359@group-B673650064C9-LeaderElection160] INFO  impl.RoleInfo (RoleInfo.java:shutdownLeaderElection(134)) - 79abbc2e-0a90-4a41-a17c-6388bb873359: shutdown LeaderElection
2019-10-15 17:18:00,406 [79abbc2e-0a90-4a41-a17c-6388bb873359@group-B673650064C9-LeaderElection160] INFO  impl.RoleInfo (RoleInfo.java:updateAndGet(143)) - 79abbc2e-0a90-4a41-a17c-6388bb873359: start FollowerState
2019-10-15 17:18:00,476 [Thread-1344] INFO  impl.FollowerState (FollowerState.java:run(108)) - 79abbc2e-0a90-4a41-a17c-6388bb873359@group-B673650064C9-FollowerState: change to CANDIDATE, lastRpcTime:70ms, electionTimeout:70ms
2019-10-15 17:18:00,476 [Thread-1344] INFO  impl.RoleInfo (RoleInfo.java:shutdownFollowerState(121)) - 79abbc2e-0a90-4a41-a17c-6388bb873359: shutdown FollowerState
2019-10-15 17:18:00,476 [Thread-1344] INFO  impl.RaftServerImpl (RaftServerImpl.java:setRole(184)) - 79abbc2e-0a90-4a41-a17c-6388bb873359@group-B673650064C9: changes role from  FOLLOWER to CANDIDATE at term 185 for changeToCandidate
2019-10-15 17:18:00,477 [Thread-1344] INFO  impl.RoleInfo (RoleInfo.java:updateAndGet(143)) - 79abbc2e-0a90-4a41-a17c-6388bb873359: start LeaderElection
2019-10-15 17:18:00,506 [79abbc2e-0a90-4a41-a17c-6388bb873359@group-B673650064C9-LeaderElection161] INFO  impl.LeaderElection (LeaderElection.java:askForVotes(178)) - 79abbc2e-0a90-4a41-a17c-6388bb873359@group-B673650064C9-LeaderElection161: begin an election at term 186 for -1: [ebd8d1f9-8297-450f-abe7-393807ba0c7e:192.168.164.239:36510, dbc121b5-e1e8-4c61-9d50-542b699a3d90:192.168.164.239:43140, 79abbc2e-0a90-4a41-a17c-6388bb873359:192.168.164.239:37857], old=null
2019-10-15 17:18:00,508 [grpc-default-executor-1] INFO  impl.RaftServerImpl (RaftServerImpl.java:setRole(184)) - ebd8d1f9-8297-450f-abe7-393807ba0c7e@group-B673650064C9: changes role from  FOLLOWER to FOLLOWER at term 186 for recognizeCandidate:79abbc2e-0a90-4a41-a17c-6388bb873359
2019-10-15 17:18:00,508 [grpc-default-executor-1] INFO  impl.RoleInfo (RoleInfo.java:shutdownFollowerState(121)) - ebd8d1f9-8297-450f-abe7-393807ba0c7e: shutdown FollowerState
2019-10-15 17:18:00,509 [grpc-default-executor-0] INFO  impl.RaftServerImpl (RaftServerImpl.java:setRole(184)) - dbc121b5-e1e8-4c61-9d50-542b699a3d90@group-B673650064C9: changes role from  FOLLOWER to FOLLOWER at term 186 for recognizeCandidate:79abbc2e-0a90-4a41-a17c-6388bb873359
2019-10-15 17:18:00,509 [grpc-default-executor-0] INFO  impl.RoleInfo (RoleInfo.java:shutdownFollowerState(121)) - dbc121b5-e1e8-4c61-9d50-542b699a3d90: shutdown FollowerState
2019-10-15 17:18:00,509 [Thread-1342] INFO  impl.FollowerState (FollowerState.java:run(117)) - ebd8d1f9-8297-450f-abe7-393807ba0c7e@group-B673650064C9-FollowerState was interrupted: java.lang.InterruptedException: sleep interrupted
2019-10-15 17:18:00,509 [grpc-default-executor-1] INFO  impl.RoleInfo (RoleInfo.java:updateAndGet(143)) - ebd8d1f9-8297-450f-abe7-393807ba0c7e: start FollowerState
2019-10-15 17:18:00,509 [Thread-1343] INFO  impl.FollowerState (FollowerState.java:run(117)) - dbc121b5-e1e8-4c61-9d50-542b699a3d90@group-B673650064C9-FollowerState was interrupted: java.lang.InterruptedException: sleep interrupted
2019-10-15 17:18:00,509 [grpc-default-executor-0] INFO  impl.RoleInfo (RoleInfo.java:updateAndGet(143)) - dbc121b5-e1e8-4c61-9d50-542b699a3d90: start FollowerState
2019-10-15 17:18:00,524 [79abbc2e-0a90-4a41-a17c-6388bb873359@group-B673650064C9-LeaderElection161] INFO  impl.LeaderElection (LeaderElection.java:logAndReturn(56)) - 79abbc2e-0a90-4a41-a17c-6388bb873359@group-B673650064C9-LeaderElection161: Election REJECTED; received 2 response(s) [79abbc2e-0a90-4a41-a17c-6388bb873359<-ebd8d1f9-8297-450f-abe7-393807ba0c7e#0:FAIL-t186, 79abbc2e-0a90-4a41-a17c-6388bb873359<-dbc121b5-e1e8-4c61-9d50-542b699a3d90#0:FAIL-t186] and 0 exception(s); 79abbc2e-0a90-4a41-a17c-6388bb873359@group-B673650064C9:t186, leader=null, voted=79abbc2e-0a90-4a41-a17c-6388bb873359, raftlog=79abbc2e-0a90-4a41-a17c-6388bb873359@group-B673650064C9-SegmentedRaftLog:OPENED:c-1,f-1,i0, conf=-1: [ebd8d1f9-8297-450f-abe7-393807ba0c7e:192.168.164.239:36510, dbc121b5-e1e8-4c61-9d50-542b699a3d90:192.168.164.239:43140, 79abbc2e-0a90-4a41-a17c-6388bb873359:192.168.164.239:37857], old=null
2019-10-15 17:18:00,524 [79abbc2e-0a90-4a41-a17c-6388bb873359@group-B673650064C9-LeaderElection161] INFO  impl.RaftServerImpl (RaftServerImpl.java:setRole(184)) - 79abbc2e-0a90-4a41-a17c-6388bb873359@group-B673650064C9: changes role from CANDIDATE to FOLLOWER at term 186 for DISCOVERED_A_NEW_TERM
2019-10-15 17:18:00,524 [79abbc2e-0a90-4a41-a17c-6388bb873359@group-B673650064C9-LeaderElection161] INFO  impl.RoleInfo (RoleInfo.java:shutdownLeaderElection(134)) - 79abbc2e-0a90-4a41-a17c-6388bb873359: shutdown LeaderElection
2019-10-15 17:18:00,525 [79abbc2e-0a90-4a41-a17c-6388bb873359@group-B673650064C9-LeaderElection161] INFO  impl.RoleInfo (RoleInfo.java:updateAndGet(143)) - 79abbc2e-0a90-4a41-a17c-6388bb873359: start FollowerState
2019-10-15 17:18:00,706 [Thread-1350] INFO  impl.FollowerState (FollowerState.java:run(108)) - 79abbc2e-0a90-4a41-a17c-6388bb873359@group-B673650064C9-FollowerState: change to CANDIDATE, lastRpcTime:181ms, electionTimeout:181ms
2019-10-15 17:18:00,706 [Thread-1350] INFO  impl.RoleInfo (RoleInfo.java:shutdownFollowerState(121)) - 79abbc2e-0a90-4a41-a17c-6388bb873359: shutdown FollowerState
2019-10-15 17:18:00,706 [Thread-1350] INFO  impl.RaftServerImpl (RaftServerImpl.java:setRole(184)) - 79abbc2e-0a90-4a41-a17c-6388bb873359@group-B673650064C9: changes role from  FOLLOWER to CANDIDATE at term 186 for changeToCandidate
2019-10-15 17:18:00,706 [Thread-1350] INFO  impl.RoleInfo (RoleInfo.java:updateAndGet(143)) - 79abbc2e-0a90-4a41-a17c-6388bb873359: start LeaderElection
2019-10-15 17:18:00,735 [79abbc2e-0a90-4a41-a17c-6388bb873359@group-B673650064C9-LeaderElection162] INFO  impl.LeaderElection (LeaderElection.java:askForVotes(178)) - 79abbc2e-0a90-4a41-a17c-6388bb873359@group-B673650064C9-LeaderElection162: begin an election at term 187 for -1: [ebd8d1f9-8297-450f-abe7-393807ba0c7e:192.168.164.239:36510, dbc121b5-e1e8-4c61-9d50-542b699a3d90:192.168.164.239:43140, 79abbc2e-0a90-4a41-a17c-6388bb873359:192.168.164.239:37857], old=null
2019-10-15 17:18:00,738 [grpc-default-executor-1] INFO  impl.RaftServerImpl (RaftServerImpl.java:setRole(184)) - ebd8d1f9-8297-450f-abe7-393807ba0c7e@group-B673650064C9: changes role from  FOLLOWER to FOLLOWER at term 187 for recognizeCandidate:79abbc2e-0a90-4a41-a17c-6388bb873359
2019-10-15 17:18:00,738 [grpc-default-executor-1] INFO  impl.RoleInfo (RoleInfo.java:shutdownFollowerState(121)) - ebd8d1f9-8297-450f-abe7-393807ba0c7e: shutdown FollowerState
2019-10-15 17:18:00,738 [grpc-default-executor-0] INFO  impl.RaftServerImpl (RaftServerImpl.java:setRole(184)) - dbc121b5-e1e8-4c61-9d50-542b699a3d90@group-B673650064C9: changes role from  FOLLOWER to FOLLOWER at term 187 for recognizeCandidate:79abbc2e-0a90-4a41-a17c-6388bb873359
2019-10-15 17:18:00,738 [grpc-default-executor-0] INFO  impl.RoleInfo (RoleInfo.java:shutdownFollowerState(121)) - dbc121b5-e1e8-4c61-9d50-542b699a3d90: shutdown FollowerState
2019-10-15 17:18:00,738 [Thread-1348] INFO  impl.FollowerState (FollowerState.java:run(117)) - ebd8d1f9-8297-450f-abe7-393807ba0c7e@group-B673650064C9-FollowerState was interrupted: java.lang.InterruptedException: sleep interrupted
2019-10-15 17:18:00,738 [grpc-default-executor-1] INFO  impl.RoleInfo (RoleInfo.java:updateAndGet(143)) - ebd8d1f9-8297-450f-abe7-393807ba0c7e: start FollowerState
2019-10-15 17:18:00,738 [Thread-1349] INFO  impl.FollowerState (FollowerState.java:run(117)) - dbc121b5-e1e8-4c61-9d50-542b699a3d90@group-B673650064C9-FollowerState was interrupted: java.lang.InterruptedException: sleep interrupted
2019-10-15 17:18:00,738 [grpc-default-executor-0] INFO  impl.RoleInfo (RoleInfo.java:updateAndGet(143)) - dbc121b5-e1e8-4c61-9d50-542b699a3d90: start FollowerState
2019-10-15 17:18:00,762 [79abbc2e-0a90-4a41-a17c-6388bb873359@group-B673650064C9-LeaderElection162] INFO  impl.LeaderElection (LeaderElection.java:logAndReturn(56)) - 79abbc2e-0a90-4a41-a17c-6388bb873359@group-B673650064C9-LeaderElection162: Election REJECTED; received 2 response(s) [79abbc2e-0a90-4a41-a17c-6388bb873359<-ebd8d1f9-8297-450f-abe7-393807ba0c7e#0:FAIL-t187, 79abbc2e-0a90-4a41-a17c-6388bb873359<-dbc121b5-e1e8-4c61-9d50-542b699a3d90#0:FAIL-t187] and 0 exception(s); 79abbc2e-0a90-4a41-a17c-6388bb873359@group-B673650064C9:t187, leader=null, voted=79abbc2e-0a90-4a41-a17c-6388bb873359, raftlog=79abbc2e-0a90-4a41-a17c-6388bb873359@group-B673650064C9-SegmentedRaftLog:OPENED:c-1,f-1,i0, conf=-1: [ebd8d1f9-8297-450f-abe7-393807ba0c7e:192.168.164.239:36510, dbc121b5-e1e8-4c61-9d50-542b699a3d90:192.168.164.239:43140, 79abbc2e-0a90-4a41-a17c-6388bb873359:192.168.164.239:37857], old=null
2019-10-15 17:18:00,762 [79abbc2e-0a90-4a41-a17c-6388bb873359@group-B673650064C9-LeaderElection162] INFO  impl.RaftServerImpl (RaftServerImpl.java:setRole(184)) - 79abbc2e-0a90-4a41-a17c-6388bb873359@group-B673650064C9: changes role from CANDIDATE to FOLLOWER at term 187 for DISCOVERED_A_NEW_TERM
2019-10-15 17:18:00,762 [79abbc2e-0a90-4a41-a17c-6388bb873359@group-B673650064C9-LeaderElection162] INFO  impl.RoleInfo (RoleInfo.java:shutdownLeaderElection(134)) - 79abbc2e-0a90-4a41-a17c-6388bb873359: shutdown LeaderElection
2019-10-15 17:18:00,762 [79abbc2e-0a90-4a41-a17c-6388bb873359@group-B673650064C9-LeaderElection162] INFO  impl.RoleInfo (RoleInfo.java:updateAndGet(143)) - 79abbc2e-0a90-4a41-a17c-6388bb873359: start FollowerState
2019-10-15 17:18:00,811 [Thread-1356] INFO  impl.FollowerState (FollowerState.java:run(108)) - 79abbc2e-0a90-4a41-a17c-6388bb873359@group-B673650064C9-FollowerState: change to CANDIDATE, lastRpcTime:48ms, electionTimeout:48ms
2019-10-15 17:18:00,811 [Thread-1356] INFO  impl.RoleInfo (RoleInfo.java:shutdownFollowerState(121)) - 79abbc2e-0a90-4a41-a17c-6388bb873359: shutdown FollowerState
2019-10-15 17:18:00,811 [Thread-1356] INFO  impl.RaftServerImpl (RaftServerImpl.java:setRole(184)) - 79abbc2e-0a90-4a41-a17c-6388bb873359@group-B673650064C9: changes role from  FOLLOWER to CANDIDATE at term 187 for changeToCandidate
2019-10-15 17:18:00,811 [Thread-1356] INFO  impl.RoleInfo (RoleInfo.java:updateAndGet(143)) - 79abbc2e-0a90-4a41-a17c-6388bb873359: start LeaderElection
2019-10-15 17:18:00,829 [79abbc2e-0a90-4a41-a17c-6388bb873359@group-B673650064C9-LeaderElection163] INFO  impl.LeaderElection (LeaderElection.java:askForVotes(178)) - 79abbc2e-0a90-4a41-a17c-6388bb873359@group-B673650064C9-LeaderElection163: begin an election at term 188 for -1: [ebd8d1f9-8297-450f-abe7-393807ba0c7e:192.168.164.239:36510, dbc121b5-e1e8-4c61-9d50-542b699a3d90:192.168.164.239:43140, 79abbc2e-0a90-4a41-a17c-6388bb873359:192.168.164.239:37857], old=null
2019-10-15 17:18:00,841 [grpc-default-executor-1] INFO  impl.RaftServerImpl (RaftServerImpl.java:setRole(184)) - ebd8d1f9-8297-450f-abe7-393807ba0c7e@group-B673650064C9: changes role from  FOLLOWER to FOLLOWER at term 188 for recognizeCandidate:79abbc2e-0a90-4a41-a17c-6388bb873359
2019-10-15 17:18:00,841 [grpc-default-executor-0] INFO  impl.RaftServerImpl (RaftServerImpl.java:setRole(184)) - dbc121b5-e1e8-4c61-9d50-542b699a3d90@group-B673650064C9: changes role from  FOLLOWER to FOLLOWER at term 188 for recognizeCandidate:79abbc2e-0a90-4a41-a17c-6388bb873359
2019-10-15 17:18:00,841 [grpc-default-executor-0] INFO  impl.RoleInfo (RoleInfo.java:shutdownFollowerState(121)) - dbc121b5-e1e8-4c61-9d50-542b699a3d90: shutdown FollowerState
2019-10-15 17:18:00,841 [grpc-default-executor-1] INFO  impl.RoleInfo (RoleInfo.java:shutdownFollowerState(121)) - ebd8d1f9-8297-450f-abe7-393807ba0c7e: shutdown FollowerState
2019-10-15 17:18:00,842 [grpc-default-executor-0] INFO  impl.RoleInfo (RoleInfo.java:updateAndGet(143)) - dbc121b5-e1e8-4c61-9d50-542b699a3d90: start FollowerState
2019-10-15 17:18:00,842 [Thread-1354] INFO  impl.FollowerState (FollowerState.java:run(117)) - ebd8d1f9-8297-450f-abe7-393807ba0c7e@group-B673650064C9-FollowerState was interrupted: java.lang.InterruptedException: sleep interrupted
2019-10-15 17:18:00,842 [grpc-default-executor-1] INFO  impl.RoleInfo (RoleInfo.java:updateAndGet(143)) - ebd8d1f9-8297-450f-abe7-393807ba0c7e: start FollowerState
2019-10-15 17:18:00,842 [Thread-1355] INFO  impl.FollowerState (FollowerState.java:run(117)) - dbc121b5-e1e8-4c61-9d50-542b699a3d90@group-B673650064C9-FollowerState was interrupted: java.lang.InterruptedException: sleep interrupted
2019-10-15 17:18:00,854 [79abbc2e-0a90-4a41-a17c-6388bb873359@group-B673650064C9-LeaderElection163] INFO  impl.LeaderElection (LeaderElection.java:logAndReturn(56)) - 79abbc2e-0a90-4a41-a17c-6388bb873359@group-B673650064C9-LeaderElection163: Election TIMEOUT; received 0 response(s) [] and 0 exception(s); 79abbc2e-0a90-4a41-a17c-6388bb873359@group-B673650064C9:t188, leader=null, voted=79abbc2e-0a90-4a41-a17c-6388bb873359, raftlog=79abbc2e-0a90-4a41-a17c-6388bb873359@group-B673650064C9-SegmentedRaftLog:OPENED:c-1,f-1,i0, conf=-1: [ebd8d1f9-8297-450f-abe7-393807ba0c7e:192.168.164.239:36510, dbc121b5-e1e8-4c61-9d50-542b699a3d90:192.168.164.239:43140, 79abbc2e-0a90-4a41-a17c-6388bb873359:192.168.164.239:37857], old=null
2019-10-15 17:18:00,880 [79abbc2e-0a90-4a41-a17c-6388bb873359@group-B673650064C9-LeaderElection163] INFO  impl.LeaderElection (LeaderElection.java:askForVotes(178)) - 79abbc2e-0a90-4a41-a17c-6388bb873359@group-B673650064C9-LeaderElection163: begin an election at term 189 for -1: [ebd8d1f9-8297-450f-abe7-393807ba0c7e:192.168.164.239:36510, dbc121b5-e1e8-4c61-9d50-542b699a3d90:192.168.164.239:43140, 79abbc2e-0a90-4a41-a17c-6388bb873359:192.168.164.239:37857], old=null
2019-10-15 17:18:00,882 [grpc-default-executor-1] INFO  impl.RaftServerImpl (RaftServerImpl.java:setRole(184)) - ebd8d1f9-8297-450f-abe7-393807ba0c7e@group-B673650064C9: changes role from  FOLLOWER to FOLLOWER at term 189 for recognizeCandidate:79abbc2e-0a90-4a41-a17c-6388bb873359
2019-10-15 17:18:00,882 [grpc-default-executor-0] INFO  impl.RaftServerImpl (RaftServerImpl.java:setRole(184)) - dbc121b5-e1e8-4c61-9d50-542b699a3d90@group-B673650064C9: changes role from  FOLLOWER to FOLLOWER at term 189 for recognizeCandidate:79abbc2e-0a90-4a41-a17c-6388bb873359
2019-10-15 17:18:00,882 [grpc-default-executor-1] INFO  impl.RoleInfo (RoleInfo.java:shutdownFollowerState(121)) - ebd8d1f9-8297-450f-abe7-393807ba0c7e: shutdown FollowerState
2019-10-15 17:18:00,882 [grpc-default-executor-0] INFO  impl.RoleInfo (RoleInfo.java:shutdownFollowerState(121)) - dbc121b5-e1e8-4c61-9d50-542b699a3d90: shutdown FollowerState
2019-10-15 17:18:00,882 [Thread-1362] INFO  impl.FollowerState (FollowerState.java:run(117)) - ebd8d1f9-8297-450f-abe7-393807ba0c7e@group-B673650064C9-FollowerState was interrupted: java.lang.InterruptedException: sleep interrupted
2019-10-15 17:18:00,882 [grpc-default-executor-1] INFO  impl.RoleInfo (RoleInfo.java:updateAndGet(143)) - ebd8d1f9-8297-450f-abe7-393807ba0c7e: start FollowerState
2019-10-15 17:18:00,882 [Thread-1361] INFO  impl.FollowerState (FollowerState.java:run(117)) - dbc121b5-e1e8-4c61-9d50-542b699a3d90@group-B673650064C9-FollowerState was interrupted: java.lang.InterruptedException: sleep interrupted
2019-10-15 17:18:00,882 [grpc-default-executor-0] INFO  impl.RoleInfo (RoleInfo.java:updateAndGet(143)) - dbc121b5-e1e8-4c61-9d50-542b699a3d90: start FollowerState
2019-10-15 17:18:00,893 [79abbc2e-0a90-4a41-a17c-6388bb873359@group-B673650064C9-LeaderElection163] INFO  impl.LeaderElection (LeaderElection.java:logAndReturn(56)) - 79abbc2e-0a90-4a41-a17c-6388bb873359@group-B673650064C9-LeaderElection163: Election TIMEOUT; received 0 response(s) [] and 0 exception(s); 79abbc2e-0a90-4a41-a17c-6388bb873359@group-B673650064C9:t189, leader=null, voted=79abbc2e-0a90-4a41-a17c-6388bb873359, raftlog=79abbc2e-0a90-4a41-a17c-6388bb873359@group-B673650064C9-SegmentedRaftLog:OPENED:c-1,f-1,i0, conf=-1: [ebd8d1f9-8297-450f-abe7-393807ba0c7e:192.168.164.239:36510, dbc121b5-e1e8-4c61-9d50-542b699a3d90:192.168.164.239:43140, 79abbc2e-0a90-4a41-a17c-6388bb873359:192.168.164.239:37857], old=null
2019-10-15 17:18:00,905 [79abbc2e-0a90-4a41-a17c-6388bb873359@group-B673650064C9-LeaderElection163] INFO  impl.LeaderElection (LeaderElection.java:askForVotes(178)) - 79abbc2e-0a90-4a41-a17c-6388bb873359@group-B673650064C9-LeaderElection163: begin an election at term 190 for -1: [ebd8d1f9-8297-450f-abe7-393807ba0c7e:192.168.164.239:36510, dbc121b5-e1e8-4c61-9d50-542b699a3d90:192.168.164.239:43140, 79abbc2e-0a90-4a41-a17c-6388bb873359:192.168.164.239:37857], old=null
2019-10-15 17:18:00,907 [grpc-default-executor-1] INFO  impl.RaftServerImpl (RaftServerImpl.java:setRole(184)) - ebd8d1f9-8297-450f-abe7-393807ba0c7e@group-B673650064C9: changes role from  FOLLOWER to FOLLOWER at term 190 for recognizeCandidate:79abbc2e-0a90-4a41-a17c-6388bb873359
2019-10-15 17:18:00,907 [grpc-default-executor-1] INFO  impl.RoleInfo (RoleInfo.java:shutdownFollowerState(121)) - ebd8d1f9-8297-450f-abe7-393807ba0c7e: shutdown FollowerState
2019-10-15 17:18:00,908 [grpc-default-executor-1] INFO  impl.RoleInfo (RoleInfo.java:updateAndGet(143)) - ebd8d1f9-8297-450f-abe7-393807ba0c7e: start FollowerState
2019-10-15 17:18:00,908 [Thread-1366] INFO  impl.FollowerState (FollowerState.java:run(117)) - ebd8d1f9-8297-450f-abe7-393807ba0c7e@group-B673650064C9-FollowerState was interrupted: java.lang.InterruptedException: sleep interrupted
2019-10-15 17:18:00,908 [grpc-default-executor-0] INFO  impl.RaftServerImpl (RaftServerImpl.java:setRole(184)) - dbc121b5-e1e8-4c61-9d50-542b699a3d90@group-B673650064C9: changes role from  FOLLOWER to FOLLOWER at term 190 for recognizeCandidate:79abbc2e-0a90-4a41-a17c-6388bb873359
2019-10-15 17:18:00,908 [grpc-default-executor-0] INFO  impl.RoleInfo (RoleInfo.java:shutdownFollowerState(121)) - dbc121b5-e1e8-4c61-9d50-542b699a3d90: shutdown FollowerState
2019-10-15 17:18:00,908 [grpc-default-executor-0] INFO  impl.RoleInfo (RoleInfo.java:updateAndGet(143)) - dbc121b5-e1e8-4c61-9d50-542b699a3d90: start FollowerState
2019-10-15 17:18:00,908 [Thread-1367] INFO  impl.FollowerState (FollowerState.java:run(117)) - dbc121b5-e1e8-4c61-9d50-542b699a3d90@group-B673650064C9-FollowerState was interrupted: java.lang.InterruptedException: sleep interrupted
2019-10-15 17:18:00,924 [79abbc2e-0a90-4a41-a17c-6388bb873359@group-B673650064C9-LeaderElection163] INFO  impl.LeaderElection (LeaderElection.java:logAndReturn(56)) - 79abbc2e-0a90-4a41-a17c-6388bb873359@group-B673650064C9-LeaderElection163: Election REJECTED; received 2 response(s) [79abbc2e-0a90-4a41-a17c-6388bb873359<-ebd8d1f9-8297-450f-abe7-393807ba0c7e#0:FAIL-t190, 79abbc2e-0a90-4a41-a17c-6388bb873359<-dbc121b5-e1e8-4c61-9d50-542b699a3d90#0:FAIL-t190] and 0 exception(s); 79abbc2e-0a90-4a41-a17c-6388bb873359@group-B673650064C9:t190, leader=null, voted=79abbc2e-0a90-4a41-a17c-6388bb873359, raftlog=79abbc2e-0a90-4a41-a17c-6388bb873359@group-B673650064C9-SegmentedRaftLog:OPENED:c-1,f-1,i0, conf=-1: [ebd8d1f9-8297-450f-abe7-393807ba0c7e:192.168.164.239:36510, dbc121b5-e1e8-4c61-9d50-542b699a3d90:192.168.164.239:43140, 79abbc2e-0a90-4a41-a17c-6388bb873359:192.168.164.239:37857], old=null
2019-10-15 17:18:00,924 [79abbc2e-0a90-4a41-a17c-6388bb873359@group-B673650064C9-LeaderElection163] INFO  impl.RaftServerImpl (RaftServerImpl.java:setRole(184)) - 79abbc2e-0a90-4a41-a17c-6388bb873359@group-B673650064C9: changes role from CANDIDATE to FOLLOWER at term 190 for DISCOVERED_A_NEW_TERM
2019-10-15 17:18:00,924 [79abbc2e-0a90-4a41-a17c-6388bb873359@group-B673650064C9-LeaderElection163] INFO  impl.RoleInfo (RoleInfo.java:shutdownLeaderElection(134)) - 79abbc2e-0a90-4a41-a17c-6388bb873359: shutdown LeaderElection
2019-10-15 17:18:00,924 [79abbc2e-0a90-4a41-a17c-6388bb873359@group-B673650064C9-LeaderElection163] INFO  impl.RoleInfo (RoleInfo.java:updateAndGet(143)) - 79abbc2e-0a90-4a41-a17c-6388bb873359: start FollowerState
2019-10-15 17:18:00,942 [Thread-1372] INFO  impl.FollowerState (FollowerState.java:run(108)) - 79abbc2e-0a90-4a41-a17c-6388bb873359@group-B673650064C9-FollowerState: change to CANDIDATE, lastRpcTime:18ms, electionTimeout:18ms
2019-10-15 17:18:00,943 [Thread-1372] INFO  impl.RoleInfo (RoleInfo.java:shutdownFollowerState(121)) - 79abbc2e-0a90-4a41-a17c-6388bb873359: shutdown FollowerState
2019-10-15 17:18:00,943 [Thread-1372] INFO  impl.RaftServerImpl (RaftServerImpl.java:setRole(184)) - 79abbc2e-0a90-4a41-a17c-6388bb873359@group-B673650064C9: changes role from  FOLLOWER to CANDIDATE at term 190 for changeToCandidate
2019-10-15 17:18:00,943 [Thread-1372] INFO  impl.RoleInfo (RoleInfo.java:updateAndGet(143)) - 79abbc2e-0a90-4a41-a17c-6388bb873359: start LeaderElection
2019-10-15 17:18:00,957 [79abbc2e-0a90-4a41-a17c-6388bb873359@group-B673650064C9-LeaderElection164] INFO  impl.LeaderElection (LeaderElection.java:askForVotes(178)) - 79abbc2e-0a90-4a41-a17c-6388bb873359@group-B673650064C9-LeaderElection164: begin an election at term 191 for -1: [ebd8d1f9-8297-450f-abe7-393807ba0c7e:192.168.164.239:36510, dbc121b5-e1e8-4c61-9d50-542b699a3d90:192.168.164.239:43140, 79abbc2e-0a90-4a41-a17c-6388bb873359:192.168.164.239:37857], old=null
2019-10-15 17:18:00,960 [grpc-default-executor-0] INFO  impl.RaftServerImpl (RaftServerImpl.java:setRole(184)) - dbc121b5-e1e8-4c61-9d50-542b699a3d90@group-B673650064C9: changes role from  FOLLOWER to FOLLOWER at term 191 for recognizeCandidate:79abbc2e-0a90-4a41-a17c-6388bb873359
2019-10-15 17:18:00,960 [grpc-default-executor-0] INFO  impl.RoleInfo (RoleInfo.java:shutdownFollowerState(121)) - dbc121b5-e1e8-4c61-9d50-542b699a3d90: shutdown FollowerState
2019-10-15 17:18:00,961 [grpc-default-executor-0] INFO  impl.RoleInfo (RoleInfo.java:updateAndGet(143)) - dbc121b5-e1e8-4c61-9d50-542b699a3d90: start FollowerState
2019-10-15 17:18:00,961 [Thread-1371] INFO  impl.FollowerState (FollowerState.java:run(117)) - dbc121b5-e1e8-4c61-9d50-542b699a3d90@group-B673650064C9-FollowerState was interrupted: java.lang.InterruptedException: sleep interrupted
2019-10-15 17:18:00,961 [grpc-default-executor-1] INFO  impl.RaftServerImpl (RaftServerImpl.java:setRole(184)) - ebd8d1f9-8297-450f-abe7-393807ba0c7e@group-B673650064C9: changes role from  FOLLOWER to FOLLOWER at term 191 for recognizeCandidate:79abbc2e-0a90-4a41-a17c-6388bb873359
2019-10-15 17:18:00,961 [grpc-default-executor-1] INFO  impl.RoleInfo (RoleInfo.java:shutdownFollowerState(121)) - ebd8d1f9-8297-450f-abe7-393807ba0c7e: shutdown FollowerState
2019-10-15 17:18:00,961 [grpc-default-executor-1] INFO  impl.RoleInfo (RoleInfo.java:updateAndGet(143)) - ebd8d1f9-8297-450f-abe7-393807ba0c7e: start FollowerState
2019-10-15 17:18:00,961 [Thread-1370] INFO  impl.FollowerState (FollowerState.java:run(117)) - ebd8d1f9-8297-450f-abe7-393807ba0c7e@group-B673650064C9-FollowerState was interrupted: java.lang.InterruptedException: sleep interrupted
2019-10-15 17:18:00,984 [79abbc2e-0a90-4a41-a17c-6388bb873359@group-B673650064C9-LeaderElection164] INFO  impl.LeaderElection (LeaderElection.java:logAndReturn(56)) - 79abbc2e-0a90-4a41-a17c-6388bb873359@group-B673650064C9-LeaderElection164: Election REJECTED; received 2 response(s) [79abbc2e-0a90-4a41-a17c-6388bb873359<-ebd8d1f9-8297-450f-abe7-393807ba0c7e#0:FAIL-t191, 79abbc2e-0a90-4a41-a17c-6388bb873359<-dbc121b5-e1e8-4c61-9d50-542b699a3d90#0:FAIL-t191] and 0 exception(s); 79abbc2e-0a90-4a41-a17c-6388bb873359@group-B673650064C9:t191, leader=null, voted=79abbc2e-0a90-4a41-a17c-6388bb873359, raftlog=79abbc2e-0a90-4a41-a17c-6388bb873359@group-B673650064C9-SegmentedRaftLog:OPENED:c-1,f-1,i0, conf=-1: [ebd8d1f9-8297-450f-abe7-393807ba0c7e:192.168.164.239:36510, dbc121b5-e1e8-4c61-9d50-542b699a3d90:192.168.164.239:43140, 79abbc2e-0a90-4a41-a17c-6388bb873359:192.168.164.239:37857], old=null
2019-10-15 17:18:00,984 [79abbc2e-0a90-4a41-a17c-6388bb873359@group-B673650064C9-LeaderElection164] INFO  impl.RaftServerImpl (RaftServerImpl.java:setRole(184)) - 79abbc2e-0a90-4a41-a17c-6388bb873359@group-B673650064C9: changes role from CANDIDATE to FOLLOWER at term 191 for DISCOVERED_A_NEW_TERM
2019-10-15 17:18:00,984 [79abbc2e-0a90-4a41-a17c-6388bb873359@group-B673650064C9-LeaderElection164] INFO  impl.RoleInfo (RoleInfo.java:shutdownLeaderElection(134)) - 79abbc2e-0a90-4a41-a17c-6388bb873359: shutdown LeaderElection
2019-10-15 17:18:00,984 [79abbc2e-0a90-4a41-a17c-6388bb873359@group-B673650064C9-LeaderElection164] INFO  impl.RoleInfo (RoleInfo.java:updateAndGet(143)) - 79abbc2e-0a90-4a41-a17c-6388bb873359: start FollowerState
2019-10-15 17:18:01,118 [Thread-1378] INFO  impl.FollowerState (FollowerState.java:run(108)) - 79abbc2e-0a90-4a41-a17c-6388bb873359@group-B673650064C9-FollowerState: change to CANDIDATE, lastRpcTime:134ms, electionTimeout:134ms
2019-10-15 17:18:01,119 [Thread-1378] INFO  impl.RoleInfo (RoleInfo.java:shutdownFollowerState(121)) - 79abbc2e-0a90-4a41-a17c-6388bb873359: shutdown FollowerState
2019-10-15 17:18:01,119 [Thread-1378] INFO  impl.RaftServerImpl (RaftServerImpl.java:setRole(184)) - 79abbc2e-0a90-4a41-a17c-6388bb873359@group-B673650064C9: changes role from  FOLLOWER to CANDIDATE at term 191 for changeToCandidate
2019-10-15 17:18:01,119 [Thread-1378] INFO  impl.RoleInfo (RoleInfo.java:updateAndGet(143)) - 79abbc2e-0a90-4a41-a17c-6388bb873359: start LeaderElection
2019-10-15 17:18:01,145 [79abbc2e-0a90-4a41-a17c-6388bb873359@group-B673650064C9-LeaderElection165] INFO  impl.LeaderElection (LeaderElection.java:askForVotes(178)) - 79abbc2e-0a90-4a41-a17c-6388bb873359@group-B673650064C9-LeaderElection165: begin an election at term 192 for -1: [ebd8d1f9-8297-450f-abe7-393807ba0c7e:192.168.164.239:36510, dbc121b5-e1e8-4c61-9d50-542b699a3d90:192.168.164.239:43140, 79abbc2e-0a90-4a41-a17c-6388bb873359:192.168.164.239:37857], old=null
2019-10-15 17:18:01,148 [grpc-default-executor-1] INFO  impl.RaftServerImpl (RaftServerImpl.java:setRole(184)) - dbc121b5-e1e8-4c61-9d50-542b699a3d90@group-B673650064C9: changes role from  FOLLOWER to FOLLOWER at term 192 for recognizeCandidate:79abbc2e-0a90-4a41-a17c-6388bb873359
2019-10-15 17:18:01,148 [grpc-default-executor-0] INFO  impl.RaftServerImpl (RaftServerImpl.java:setRole(184)) - ebd8d1f9-8297-450f-abe7-393807ba0c7e@group-B673650064C9: changes role from  FOLLOWER to FOLLOWER at term 192 for recognizeCandidate:79abbc2e-0a90-4a41-a17c-6388bb873359
2019-10-15 17:18:01,148 [grpc-default-executor-0] INFO  impl.RoleInfo (RoleInfo.java:shutdownFollowerState(121)) - ebd8d1f9-8297-450f-abe7-393807ba0c7e: shutdown FollowerState
2019-10-15 17:18:01,148 [grpc-default-executor-1] INFO  impl.RoleInfo (RoleInfo.java:shutdownFollowerState(121)) - dbc121b5-e1e8-4c61-9d50-542b699a3d90: shutdown FollowerState
2019-10-15 17:18:01,148 [Thread-1377] INFO  impl.FollowerState (FollowerState.java:run(117)) - ebd8d1f9-8297-450f-abe7-393807ba0c7e@group-B673650064C9-FollowerState was interrupted: java.lang.InterruptedException: sleep interrupted
2019-10-15 17:18:01,149 [Thread-1376] INFO  impl.FollowerState (FollowerState.java:run(117)) - dbc121b5-e1e8-4c61-9d50-542b699a3d90@group-B673650064C9-FollowerState was interrupted: java.lang.InterruptedException: sleep interrupted
2019-10-15 17:18:01,148 [grpc-default-executor-0] INFO  impl.RoleInfo (RoleInfo.java:updateAndGet(143)) - ebd8d1f9-8297-450f-abe7-393807ba0c7e: start FollowerState
2019-10-15 17:18:01,148 [grpc-default-executor-1] INFO  impl.RoleInfo (RoleInfo.java:updateAndGet(143)) - dbc121b5-e1e8-4c61-9d50-542b699a3d90: start FollowerState
2019-10-15 17:18:01,163 [79abbc2e-0a90-4a41-a17c-6388bb873359@group-B673650064C9-LeaderElection165] INFO  impl.LeaderElection (LeaderElection.java:logAndReturn(56)) - 79abbc2e-0a90-4a41-a17c-6388bb873359@group-B673650064C9-LeaderElection165: Election REJECTED; received 2 response(s) [79abbc2e-0a90-4a41-a17c-6388bb873359<-ebd8d1f9-8297-450f-abe7-393807ba0c7e#0:FAIL-t192, 79abbc2e-0a90-4a41-a17c-6388bb873359<-dbc121b5-e1e8-4c61-9d50-542b699a3d90#0:FAIL-t192] and 0 exception(s); 79abbc2e-0a90-4a41-a17c-6388bb873359@group-B673650064C9:t192, leader=null, voted=79abbc2e-0a90-4a41-a17c-6388bb873359, raftlog=79abbc2e-0a90-4a41-a17c-6388bb873359@group-B673650064C9-SegmentedRaftLog:OPENED:c-1,f-1,i0, conf=-1: [ebd8d1f9-8297-450f-abe7-393807ba0c7e:192.168.164.239:36510, dbc121b5-e1e8-4c61-9d50-542b699a3d90:192.168.164.239:43140, 79abbc2e-0a90-4a41-a17c-6388bb873359:192.168.164.239:37857], old=null
2019-10-15 17:18:01,164 [79abbc2e-0a90-4a41-a17c-6388bb873359@group-B673650064C9-LeaderElection165] INFO  impl.RaftServerImpl (RaftServerImpl.java:setRole(184)) - 79abbc2e-0a90-4a41-a17c-6388bb873359@group-B673650064C9: changes role from CANDIDATE to FOLLOWER at term 192 for DISCOVERED_A_NEW_TERM
2019-10-15 17:18:01,164 [79abbc2e-0a90-4a41-a17c-6388bb873359@group-B673650064C9-LeaderElection165] INFO  impl.RoleInfo (RoleInfo.java:shutdownLeaderElection(134)) - 79abbc2e-0a90-4a41-a17c-6388bb873359: shutdown LeaderElection
2019-10-15 17:18:01,164 [79abbc2e-0a90-4a41-a17c-6388bb873359@group-B673650064C9-LeaderElection165] INFO  impl.RoleInfo (RoleInfo.java:updateAndGet(143)) - 79abbc2e-0a90-4a41-a17c-6388bb873359: start FollowerState
2019-10-15 17:18:01,282 [Thread-1384] INFO  impl.FollowerState (FollowerState.java:run(108)) - 79abbc2e-0a90-4a41-a17c-6388bb873359@group-B673650064C9-FollowerState: change to CANDIDATE, lastRpcTime:118ms, electionTimeout:118ms
2019-10-15 17:18:01,283 [Thread-1384] INFO  impl.RoleInfo (RoleInfo.java:shutdownFollowerState(121)) - 79abbc2e-0a90-4a41-a17c-6388bb873359: shutdown FollowerState
2019-10-15 17:18:01,283 [Thread-1384] INFO  impl.RaftServerImpl (RaftServerImpl.java:setRole(184)) - 79abbc2e-0a90-4a41-a17c-6388bb873359@group-B673650064C9: changes role from  FOLLOWER to CANDIDATE at term 192 for changeToCandidate
2019-10-15 17:18:01,283 [Thread-1384] INFO  impl.RoleInfo (RoleInfo.java:updateAndGet(143)) - 79abbc2e-0a90-4a41-a17c-6388bb873359: start LeaderElection
2019-10-15 17:18:01,314 [79abbc2e-0a90-4a41-a17c-6388bb873359@group-B673650064C9-LeaderElection166] INFO  impl.LeaderElection (LeaderElection.java:askForVotes(178)) - 79abbc2e-0a90-4a41-a17c-6388bb873359@group-B673650064C9-LeaderElection166: begin an election at term 193 for -1: [ebd8d1f9-8297-450f-abe7-393807ba0c7e:192.168.164.239:36510, dbc121b5-e1e8-4c61-9d50-542b699a3d90:192.168.164.239:43140, 79abbc2e-0a90-4a41-a17c-6388bb873359:192.168.164.239:37857], old=null
2019-10-15 17:18:01,317 [grpc-default-executor-0] INFO  impl.RaftServerImpl (RaftServerImpl.java:setRole(184)) - dbc121b5-e1e8-4c61-9d50-542b699a3d90@group-B673650064C9: changes role from  FOLLOWER to FOLLOWER at term 193 for recognizeCandidate:79abbc2e-0a90-4a41-a17c-6388bb873359
2019-10-15 17:18:01,317 [grpc-default-executor-0] INFO  impl.RoleInfo (RoleInfo.java:shutdownFollowerState(121)) - dbc121b5-e1e8-4c61-9d50-542b699a3d90: shutdown FollowerState
2019-10-15 17:18:01,317 [grpc-default-executor-1] INFO  impl.RaftServerImpl (RaftServerImpl.java:setRole(184)) - ebd8d1f9-8297-450f-abe7-393807ba0c7e@group-B673650064C9: changes role from  FOLLOWER to FOLLOWER at term 193 for recognizeCandidate:79abbc2e-0a90-4a41-a17c-6388bb873359
2019-10-15 17:18:01,317 [grpc-default-executor-1] INFO  impl.RoleInfo (RoleInfo.java:shutdownFollowerState(121)) - ebd8d1f9-8297-450f-abe7-393807ba0c7e: shutdown FollowerState
2019-10-15 17:18:01,317 [Thread-1383] INFO  impl.FollowerState (FollowerState.java:run(117)) - dbc121b5-e1e8-4c61-9d50-542b699a3d90@group-B673650064C9-FollowerState was interrupted: java.lang.InterruptedException: sleep interrupted
2019-10-15 17:18:01,317 [grpc-default-executor-0] INFO  impl.RoleInfo (RoleInfo.java:updateAndGet(143)) - dbc121b5-e1e8-4c61-9d50-542b699a3d90: start FollowerState
2019-10-15 17:18:01,317 [Thread-1382] INFO  impl.FollowerState (FollowerState.java:run(117)) - ebd8d1f9-8297-450f-abe7-393807ba0c7e@group-B673650064C9-FollowerState was interrupted: java.lang.InterruptedException: sleep interrupted
2019-10-15 17:18:01,317 [grpc-default-executor-1] INFO  impl.RoleInfo (RoleInfo.java:updateAndGet(143)) - ebd8d1f9-8297-450f-abe7-393807ba0c7e: start FollowerState
2019-10-15 17:18:01,341 [79abbc2e-0a90-4a41-a17c-6388bb873359@group-B673650064C9-LeaderElection166] INFO  impl.LeaderElection (LeaderElection.java:logAndReturn(56)) - 79abbc2e-0a90-4a41-a17c-6388bb873359@group-B673650064C9-LeaderElection166: Election REJECTED; received 2 response(s) [79abbc2e-0a90-4a41-a17c-6388bb873359<-ebd8d1f9-8297-450f-abe7-393807ba0c7e#0:FAIL-t193, 79abbc2e-0a90-4a41-a17c-6388bb873359<-dbc121b5-e1e8-4c61-9d50-542b699a3d90#0:FAIL-t193] and 0 exception(s); 79abbc2e-0a90-4a41-a17c-6388bb873359@group-B673650064C9:t193, leader=null, voted=79abbc2e-0a90-4a41-a17c-6388bb873359, raftlog=79abbc2e-0a90-4a41-a17c-6388bb873359@group-B673650064C9-SegmentedRaftLog:OPENED:c-1,f-1,i0, conf=-1: [ebd8d1f9-8297-450f-abe7-393807ba0c7e:192.168.164.239:36510, dbc121b5-e1e8-4c61-9d50-542b699a3d90:192.168.164.239:43140, 79abbc2e-0a90-4a41-a17c-6388bb873359:192.168.164.239:37857], old=null
2019-10-15 17:18:01,342 [79abbc2e-0a90-4a41-a17c-6388bb873359@group-B673650064C9-LeaderElection166] INFO  impl.RaftServerImpl (RaftServerImpl.java:setRole(184)) - 79abbc2e-0a90-4a41-a17c-6388bb873359@group-B673650064C9: changes role from CANDIDATE to FOLLOWER at term 193 for DISCOVERED_A_NEW_TERM
2019-10-15 17:18:01,342 [79abbc2e-0a90-4a41-a17c-6388bb873359@group-B673650064C9-LeaderElection166] INFO  impl.RoleInfo (RoleInfo.java:shutdownLeaderElection(134)) - 79abbc2e-0a90-4a41-a17c-6388bb873359: shutdown LeaderElection
2019-10-15 17:18:01,342 [79abbc2e-0a90-4a41-a17c-6388bb873359@group-B673650064C9-LeaderElection166] INFO  impl.RoleInfo (RoleInfo.java:updateAndGet(143)) - 79abbc2e-0a90-4a41-a17c-6388bb873359: start FollowerState
2019-10-15 17:18:01,409 [Thread-1390] INFO  impl.FollowerState (FollowerState.java:run(108)) - 79abbc2e-0a90-4a41-a17c-6388bb873359@group-B673650064C9-FollowerState: change to CANDIDATE, lastRpcTime:67ms, electionTimeout:67ms
2019-10-15 17:18:01,409 [Thread-1390] INFO  impl.RoleInfo (RoleInfo.java:shutdownFollowerState(121)) - 79abbc2e-0a90-4a41-a17c-6388bb873359: shutdown FollowerState
2019-10-15 17:18:01,409 [Thread-1390] INFO  impl.RaftServerImpl (RaftServerImpl.java:setRole(184)) - 79abbc2e-0a90-4a41-a17c-6388bb873359@group-B673650064C9: changes role from  FOLLOWER to CANDIDATE at term 193 for changeToCandidate
2019-10-15 17:18:01,410 [Thread-1390] INFO  impl.RoleInfo (RoleInfo.java:updateAndGet(143)) - 79abbc2e-0a90-4a41-a17c-6388bb873359: start LeaderElection
2019-10-15 17:18:01,434 [79abbc2e-0a90-4a41-a17c-6388bb873359@group-B673650064C9-LeaderElection167] INFO  impl.LeaderElection (LeaderElection.java:askForVotes(178)) - 79abbc2e-0a90-4a41-a17c-6388bb873359@group-B673650064C9-LeaderElection167: begin an election at term 194 for -1: [ebd8d1f9-8297-450f-abe7-393807ba0c7e:192.168.164.239:36510, dbc121b5-e1e8-4c61-9d50-542b699a3d90:192.168.164.239:43140, 79abbc2e-0a90-4a41-a17c-6388bb873359:192.168.164.239:37857], old=null
2019-10-15 17:18:01,435 [grpc-default-executor-0] INFO  impl.RaftServerImpl (RaftServerImpl.java:setRole(184)) - ebd8d1f9-8297-450f-abe7-393807ba0c7e@group-B673650064C9: changes role from  FOLLOWER to FOLLOWER at term 194 for recognizeCandidate:79abbc2e-0a90-4a41-a17c-6388bb873359
2019-10-15 17:18:01,436 [grpc-default-executor-0] INFO  impl.RoleInfo (RoleInfo.java:shutdownFollowerState(121)) - ebd8d1f9-8297-450f-abe7-393807ba0c7e: shutdown FollowerState
2019-10-15 17:18:01,436 [grpc-default-executor-0] INFO  impl.RoleInfo (RoleInfo.java:updateAndGet(143)) - ebd8d1f9-8297-450f-abe7-393807ba0c7e: start FollowerState
2019-10-15 17:18:01,436 [Thread-1389] INFO  impl.FollowerState (FollowerState.java:run(117)) - ebd8d1f9-8297-450f-abe7-393807ba0c7e@group-B673650064C9-FollowerState was interrupted: java.lang.InterruptedException: sleep interrupted
2019-10-15 17:18:01,436 [grpc-default-executor-1] INFO  impl.RaftServerImpl (RaftServerImpl.java:setRole(184)) - dbc121b5-e1e8-4c61-9d50-542b699a3d90@group-B673650064C9: changes role from  FOLLOWER to FOLLOWER at term 194 for recognizeCandidate:79abbc2e-0a90-4a41-a17c-6388bb873359
2019-10-15 17:18:01,436 [grpc-default-executor-1] INFO  impl.RoleInfo (RoleInfo.java:shutdownFollowerState(121)) - dbc121b5-e1e8-4c61-9d50-542b699a3d90: shutdown FollowerState
2019-10-15 17:18:01,436 [grpc-default-executor-1] INFO  impl.RoleInfo (RoleInfo.java:updateAndGet(143)) - dbc121b5-e1e8-4c61-9d50-542b699a3d90: start FollowerState
2019-10-15 17:18:01,436 [Thread-1388] INFO  impl.FollowerState (FollowerState.java:run(117)) - dbc121b5-e1e8-4c61-9d50-542b699a3d90@group-B673650064C9-FollowerState was interrupted: java.lang.InterruptedException: sleep interrupted
2019-10-15 17:18:01,453 [79abbc2e-0a90-4a41-a17c-6388bb873359@group-B673650064C9-LeaderElection167] INFO  impl.LeaderElection (LeaderElection.java:logAndReturn(56)) - 79abbc2e-0a90-4a41-a17c-6388bb873359@group-B673650064C9-LeaderElection167: Election REJECTED; received 2 response(s) [79abbc2e-0a90-4a41-a17c-6388bb873359<-ebd8d1f9-8297-450f-abe7-393807ba0c7e#0:FAIL-t194, 79abbc2e-0a90-4a41-a17c-6388bb873359<-dbc121b5-e1e8-4c61-9d50-542b699a3d90#0:FAIL-t194] and 0 exception(s); 79abbc2e-0a90-4a41-a17c-6388bb873359@group-B673650064C9:t194, leader=null, voted=79abbc2e-0a90-4a41-a17c-6388bb873359, raftlog=79abbc2e-0a90-4a41-a17c-6388bb873359@group-B673650064C9-SegmentedRaftLog:OPENED:c-1,f-1,i0, conf=-1: [ebd8d1f9-8297-450f-abe7-393807ba0c7e:192.168.164.239:36510, dbc121b5-e1e8-4c61-9d50-542b699a3d90:192.168.164.239:43140, 79abbc2e-0a90-4a41-a17c-6388bb873359:192.168.164.239:37857], old=null
2019-10-15 17:18:01,453 [79abbc2e-0a90-4a41-a17c-6388bb873359@group-B673650064C9-LeaderElection167] INFO  impl.RaftServerImpl (RaftServerImpl.java:setRole(184)) - 79abbc2e-0a90-4a41-a17c-6388bb873359@group-B673650064C9: changes role from CANDIDATE to FOLLOWER at term 194 for DISCOVERED_A_NEW_TERM
2019-10-15 17:18:01,453 [79abbc2e-0a90-4a41-a17c-6388bb873359@group-B673650064C9-LeaderElection167] INFO  impl.RoleInfo (RoleInfo.java:shutdownLeaderElection(134)) - 79abbc2e-0a90-4a41-a17c-6388bb873359: shutdown LeaderElection
2019-10-15 17:18:01,453 [79abbc2e-0a90-4a41-a17c-6388bb873359@group-B673650064C9-LeaderElection167] INFO  impl.RoleInfo (RoleInfo.java:updateAndGet(143)) - 79abbc2e-0a90-4a41-a17c-6388bb873359: start FollowerState
2019-10-15 17:18:01,502 [Thread-1396] INFO  impl.FollowerState (FollowerState.java:run(108)) - 79abbc2e-0a90-4a41-a17c-6388bb873359@group-B673650064C9-FollowerState: change to CANDIDATE, lastRpcTime:48ms, electionTimeout:48ms
2019-10-15 17:18:01,502 [Thread-1396] INFO  impl.RoleInfo (RoleInfo.java:shutdownFollowerState(121)) - 79abbc2e-0a90-4a41-a17c-6388bb873359: shutdown FollowerState
2019-10-15 17:18:01,502 [Thread-1396] INFO  impl.RaftServerImpl (RaftServerImpl.java:setRole(184)) - 79abbc2e-0a90-4a41-a17c-6388bb873359@group-B673650064C9: changes role from  FOLLOWER to CANDIDATE at term 194 for changeToCandidate
2019-10-15 17:18:01,502 [Thread-1396] INFO  impl.RoleInfo (RoleInfo.java:updateAndGet(143)) - 79abbc2e-0a90-4a41-a17c-6388bb873359: start LeaderElection
2019-10-15 17:18:01,520 [79abbc2e-0a90-4a41-a17c-6388bb873359@group-B673650064C9-LeaderElection168] INFO  impl.LeaderElection (LeaderElection.java:askForVotes(178)) - 79abbc2e-0a90-4a41-a17c-6388bb873359@group-B673650064C9-LeaderElection168: begin an election at term 195 for -1: [ebd8d1f9-8297-450f-abe7-393807ba0c7e:192.168.164.239:36510, dbc121b5-e1e8-4c61-9d50-542b699a3d90:192.168.164.239:43140, 79abbc2e-0a90-4a41-a17c-6388bb873359:192.168.164.239:37857], old=null
2019-10-15 17:18:01,522 [grpc-default-executor-1] INFO  impl.RaftServerImpl (RaftServerImpl.java:setRole(184)) - dbc121b5-e1e8-4c61-9d50-542b699a3d90@group-B673650064C9: changes role from  FOLLOWER to FOLLOWER at term 195 for recognizeCandidate:79abbc2e-0a90-4a41-a17c-6388bb873359
2019-10-15 17:18:01,522 [grpc-default-executor-1] INFO  impl.RoleInfo (RoleInfo.java:shutdownFollowerState(121)) - dbc121b5-e1e8-4c61-9d50-542b699a3d90: shutdown FollowerState
2019-10-15 17:18:01,522 [grpc-default-executor-0] INFO  impl.RaftServerImpl (RaftServerImpl.java:setRole(184)) - ebd8d1f9-8297-450f-abe7-393807ba0c7e@group-B673650064C9: changes role from  FOLLOWER to FOLLOWER at term 195 for recognizeCandidate:79abbc2e-0a90-4a41-a17c-6388bb873359
2019-10-15 17:18:01,523 [grpc-default-executor-0] INFO  impl.RoleInfo (RoleInfo.java:shutdownFollowerState(121)) - ebd8d1f9-8297-450f-abe7-393807ba0c7e: shutdown FollowerState
2019-10-15 17:18:01,523 [Thread-1395] INFO  impl.FollowerState (FollowerState.java:run(117)) - dbc121b5-e1e8-4c61-9d50-542b699a3d90@group-B673650064C9-FollowerState was interrupted: java.lang.InterruptedException: sleep interrupted
2019-10-15 17:18:01,522 [grpc-default-executor-1] INFO  impl.RoleInfo (RoleInfo.java:updateAndGet(143)) - dbc121b5-e1e8-4c61-9d50-542b699a3d90: start FollowerState
2019-10-15 17:18:01,523 [Thread-1394] INFO  impl.FollowerState (FollowerState.java:run(117)) - ebd8d1f9-8297-450f-abe7-393807ba0c7e@group-B673650064C9-FollowerState was interrupted: java.lang.InterruptedException: sleep interrupted
2019-10-15 17:18:01,523 [grpc-default-executor-0] INFO  impl.RoleInfo (RoleInfo.java:updateAndGet(143)) - ebd8d1f9-8297-450f-abe7-393807ba0c7e: start FollowerState
2019-10-15 17:18:01,547 [79abbc2e-0a90-4a41-a17c-6388bb873359@group-B673650064C9-LeaderElection168] INFO  impl.LeaderElection (LeaderElection.java:logAndReturn(56)) - 79abbc2e-0a90-4a41-a17c-6388bb873359@group-B673650064C9-LeaderElection168: Election REJECTED; received 2 response(s) [79abbc2e-0a90-4a41-a17c-6388bb873359<-ebd8d1f9-8297-450f-abe7-393807ba0c7e#0:FAIL-t195, 79abbc2e-0a90-4a41-a17c-6388bb873359<-dbc121b5-e1e8-4c61-9d50-542b699a3d90#0:FAIL-t195] and 0 exception(s); 79abbc2e-0a90-4a41-a17c-6388bb873359@group-B673650064C9:t195, leader=null, voted=79abbc2e-0a90-4a41-a17c-6388bb873359, raftlog=79abbc2e-0a90-4a41-a17c-6388bb873359@group-B673650064C9-SegmentedRaftLog:OPENED:c-1,f-1,i0, conf=-1: [ebd8d1f9-8297-450f-abe7-393807ba0c7e:192.168.164.239:36510, dbc121b5-e1e8-4c61-9d50-542b699a3d90:192.168.164.239:43140, 79abbc2e-0a90-4a41-a17c-6388bb873359:192.168.164.239:37857], old=null
2019-10-15 17:18:01,547 [79abbc2e-0a90-4a41-a17c-6388bb873359@group-B673650064C9-LeaderElection168] INFO  impl.RaftServerImpl (RaftServerImpl.java:setRole(184)) - 79abbc2e-0a90-4a41-a17c-6388bb873359@group-B673650064C9: changes role from CANDIDATE to FOLLOWER at term 195 for DISCOVERED_A_NEW_TERM
2019-10-15 17:18:01,547 [79abbc2e-0a90-4a41-a17c-6388bb873359@group-B673650064C9-LeaderElection168] INFO  impl.RoleInfo (RoleInfo.java:shutdownLeaderElection(134)) - 79abbc2e-0a90-4a41-a17c-6388bb873359: shutdown LeaderElection
2019-10-15 17:18:01,548 [79abbc2e-0a90-4a41-a17c-6388bb873359@group-B673650064C9-LeaderElection168] INFO  impl.RoleInfo (RoleInfo.java:updateAndGet(143)) - 79abbc2e-0a90-4a41-a17c-6388bb873359: start FollowerState
2019-10-15 17:18:01,720 [Thread-1402] INFO  impl.FollowerState (FollowerState.java:run(108)) - 79abbc2e-0a90-4a41-a17c-6388bb873359@group-B673650064C9-FollowerState: change to CANDIDATE, lastRpcTime:172ms, electionTimeout:172ms
2019-10-15 17:18:01,720 [Thread-1402] INFO  impl.RoleInfo (RoleInfo.java:shutdownFollowerState(121)) - 79abbc2e-0a90-4a41-a17c-6388bb873359: shutdown FollowerState
2019-10-15 17:18:01,720 [Thread-1402] INFO  impl.RaftServerImpl (RaftServerImpl.java:setRole(184)) - 79abbc2e-0a90-4a41-a17c-6388bb873359@group-B673650064C9: changes role from  FOLLOWER to CANDIDATE at term 195 for changeToCandidate
2019-10-15 17:18:01,721 [Thread-1402] INFO  impl.RoleInfo (RoleInfo.java:updateAndGet(143)) - 79abbc2e-0a90-4a41-a17c-6388bb873359: start LeaderElection
2019-10-15 17:18:01,739 [79abbc2e-0a90-4a41-a17c-6388bb873359@group-B673650064C9-LeaderElection169] INFO  impl.LeaderElection (LeaderElection.java:askForVotes(178)) - 79abbc2e-0a90-4a41-a17c-6388bb873359@group-B673650064C9-LeaderElection169: begin an election at term 196 for -1: [ebd8d1f9-8297-450f-abe7-393807ba0c7e:192.168.164.239:36510, dbc121b5-e1e8-4c61-9d50-542b699a3d90:192.168.164.239:43140, 79abbc2e-0a90-4a41-a17c-6388bb873359:192.168.164.239:37857], old=null
2019-10-15 17:18:01,741 [grpc-default-executor-0] INFO  impl.RaftServerImpl (RaftServerImpl.java:setRole(184)) - ebd8d1f9-8297-450f-abe7-393807ba0c7e@group-B673650064C9: changes role from  FOLLOWER to FOLLOWER at term 196 for recognizeCandidate:79abbc2e-0a90-4a41-a17c-6388bb873359
2019-10-15 17:18:01,741 [grpc-default-executor-0] INFO  impl.RoleInfo (RoleInfo.java:shutdownFollowerState(121)) - ebd8d1f9-8297-450f-abe7-393807ba0c7e: shutdown FollowerState
2019-10-15 17:18:01,741 [grpc-default-executor-1] INFO  impl.RaftServerImpl (RaftServerImpl.java:setRole(184)) - dbc121b5-e1e8-4c61-9d50-542b699a3d90@group-B673650064C9: changes role from  FOLLOWER to FOLLOWER at term 196 for recognizeCandidate:79abbc2e-0a90-4a41-a17c-6388bb873359
2019-10-15 17:18:01,741 [grpc-default-executor-1] INFO  impl.RoleInfo (RoleInfo.java:shutdownFollowerState(121)) - dbc121b5-e1e8-4c61-9d50-542b699a3d90: shutdown FollowerState
2019-10-15 17:18:01,741 [Thread-1401] INFO  impl.FollowerState (FollowerState.java:run(117)) - ebd8d1f9-8297-450f-abe7-393807ba0c7e@group-B673650064C9-FollowerState was interrupted: java.lang.InterruptedException: sleep interrupted
2019-10-15 17:18:01,741 [grpc-default-executor-0] INFO  impl.RoleInfo (RoleInfo.java:updateAndGet(143)) - ebd8d1f9-8297-450f-abe7-393807ba0c7e: start FollowerState
2019-10-15 17:18:01,741 [Thread-1400] INFO  impl.FollowerState (FollowerState.java:run(117)) - dbc121b5-e1e8-4c61-9d50-542b699a3d90@group-B673650064C9-FollowerState was interrupted: java.lang.InterruptedException: sleep interrupted
2019-10-15 17:18:01,741 [grpc-default-executor-1] INFO  impl.RoleInfo (RoleInfo.java:updateAndGet(143)) - dbc121b5-e1e8-4c61-9d50-542b699a3d90: start FollowerState
2019-10-15 17:18:01,756 [79abbc2e-0a90-4a41-a17c-6388bb873359@group-B673650064C9-LeaderElection169] INFO  impl.LeaderElection (LeaderElection.java:logAndReturn(56)) - 79abbc2e-0a90-4a41-a17c-6388bb873359@group-B673650064C9-LeaderElection169: Election REJECTED; received 2 response(s) [79abbc2e-0a90-4a41-a17c-6388bb873359<-ebd8d1f9-8297-450f-abe7-393807ba0c7e#0:FAIL-t196, 79abbc2e-0a90-4a41-a17c-6388bb873359<-dbc121b5-e1e8-4c61-9d50-542b699a3d90#0:FAIL-t196] and 0 exception(s); 79abbc2e-0a90-4a41-a17c-6388bb873359@group-B673650064C9:t196, leader=null, voted=79abbc2e-0a90-4a41-a17c-6388bb873359, raftlog=79abbc2e-0a90-4a41-a17c-6388bb873359@group-B673650064C9-SegmentedRaftLog:OPENED:c-1,f-1,i0, conf=-1: [ebd8d1f9-8297-450f-abe7-393807ba0c7e:192.168.164.239:36510, dbc121b5-e1e8-4c61-9d50-542b699a3d90:192.168.164.239:43140, 79abbc2e-0a90-4a41-a17c-6388bb873359:192.168.164.239:37857], old=null
2019-10-15 17:18:01,757 [79abbc2e-0a90-4a41-a17c-6388bb873359@group-B673650064C9-LeaderElection169] INFO  impl.RaftServerImpl (RaftServerImpl.java:setRole(184)) - 79abbc2e-0a90-4a41-a17c-6388bb873359@group-B673650064C9: changes role from CANDIDATE to FOLLOWER at term 196 for DISCOVERED_A_NEW_TERM
2019-10-15 17:18:01,757 [79abbc2e-0a90-4a41-a17c-6388bb873359@group-B673650064C9-LeaderElection169] INFO  impl.RoleInfo (RoleInfo.java:shutdownLeaderElection(134)) - 79abbc2e-0a90-4a41-a17c-6388bb873359: shutdown LeaderElection
2019-10-15 17:18:01,757 [79abbc2e-0a90-4a41-a17c-6388bb873359@group-B673650064C9-LeaderElection169] INFO  impl.RoleInfo (RoleInfo.java:updateAndGet(143)) - 79abbc2e-0a90-4a41-a17c-6388bb873359: start FollowerState
2019-10-15 17:18:01,887 [Thread-1408] INFO  impl.FollowerState (FollowerState.java:run(108)) - 79abbc2e-0a90-4a41-a17c-6388bb873359@group-B673650064C9-FollowerState: change to CANDIDATE, lastRpcTime:130ms, electionTimeout:130ms
2019-10-15 17:18:01,888 [Thread-1408] INFO  impl.RoleInfo (RoleInfo.java:shutdownFollowerState(121)) - 79abbc2e-0a90-4a41-a17c-6388bb873359: shutdown FollowerState
2019-10-15 17:18:01,888 [Thread-1408] INFO  impl.RaftServerImpl (RaftServerImpl.java:setRole(184)) - 79abbc2e-0a90-4a41-a17c-6388bb873359@group-B673650064C9: changes role from  FOLLOWER to CANDIDATE at term 196 for changeToCandidate
2019-10-15 17:18:01,888 [Thread-1408] INFO  impl.RoleInfo (RoleInfo.java:updateAndGet(143)) - 79abbc2e-0a90-4a41-a17c-6388bb873359: start LeaderElection
2019-10-15 17:18:01,917 [79abbc2e-0a90-4a41-a17c-6388bb873359@group-B673650064C9-LeaderElection170] INFO  impl.LeaderElection (LeaderElection.java:askForVotes(178)) - 79abbc2e-0a90-4a41-a17c-6388bb873359@group-B673650064C9-LeaderElection170: begin an election at term 197 for -1: [ebd8d1f9-8297-450f-abe7-393807ba0c7e:192.168.164.239:36510, dbc121b5-e1e8-4c61-9d50-542b699a3d90:192.168.164.239:43140, 79abbc2e-0a90-4a41-a17c-6388bb873359:192.168.164.239:37857], old=null
2019-10-15 17:18:01,919 [grpc-default-executor-1] INFO  impl.RaftServerImpl (RaftServerImpl.java:setRole(184)) - dbc121b5-e1e8-4c61-9d50-542b699a3d90@group-B673650064C9: changes role from  FOLLOWER to FOLLOWER at term 197 for recognizeCandidate:79abbc2e-0a90-4a41-a17c-6388bb873359
2019-10-15 17:18:01,919 [grpc-default-executor-1] INFO  impl.RoleInfo (RoleInfo.java:shutdownFollowerState(121)) - dbc121b5-e1e8-4c61-9d50-542b699a3d90: shutdown FollowerState
2019-10-15 17:18:01,920 [grpc-default-executor-1] INFO  impl.RoleInfo (RoleInfo.java:updateAndGet(143)) - dbc121b5-e1e8-4c61-9d50-542b699a3d90: start FollowerState
2019-10-15 17:18:01,920 [Thread-1407] INFO  impl.FollowerState (FollowerState.java:run(117)) - dbc121b5-e1e8-4c61-9d50-542b699a3d90@group-B673650064C9-FollowerState was interrupted: java.lang.InterruptedException: sleep interrupted
2019-10-15 17:18:01,920 [grpc-default-executor-0] INFO  impl.RaftServerImpl (RaftServerImpl.java:setRole(184)) - ebd8d1f9-8297-450f-abe7-393807ba0c7e@group-B673650064C9: changes role from  FOLLOWER to FOLLOWER at term 197 for recognizeCandidate:79abbc2e-0a90-4a41-a17c-6388bb873359
2019-10-15 17:18:01,920 [grpc-default-executor-0] INFO  impl.RoleInfo (RoleInfo.java:shutdownFollowerState(121)) - ebd8d1f9-8297-450f-abe7-393807ba0c7e: shutdown FollowerState
2019-10-15 17:18:01,920 [grpc-default-executor-0] INFO  impl.RoleInfo (RoleInfo.java:updateAndGet(143)) - ebd8d1f9-8297-450f-abe7-393807ba0c7e: start FollowerState
2019-10-15 17:18:01,920 [Thread-1406] INFO  impl.FollowerState (FollowerState.java:run(117)) - ebd8d1f9-8297-450f-abe7-393807ba0c7e@group-B673650064C9-FollowerState was interrupted: java.lang.InterruptedException: sleep interrupted
2019-10-15 17:18:01,944 [79abbc2e-0a90-4a41-a17c-6388bb873359@group-B673650064C9-LeaderElection170] INFO  impl.LeaderElection (LeaderElection.java:logAndReturn(56)) - 79abbc2e-0a90-4a41-a17c-6388bb873359@group-B673650064C9-LeaderElection170: Election REJECTED; received 2 response(s) [79abbc2e-0a90-4a41-a17c-6388bb873359<-ebd8d1f9-8297-450f-abe7-393807ba0c7e#0:FAIL-t197, 79abbc2e-0a90-4a41-a17c-6388bb873359<-dbc121b5-e1e8-4c61-9d50-542b699a3d90#0:FAIL-t197] and 0 exception(s); 79abbc2e-0a90-4a41-a17c-6388bb873359@group-B673650064C9:t197, leader=null, voted=79abbc2e-0a90-4a41-a17c-6388bb873359, raftlog=79abbc2e-0a90-4a41-a17c-6388bb873359@group-B673650064C9-SegmentedRaftLog:OPENED:c-1,f-1,i0, conf=-1: [ebd8d1f9-8297-450f-abe7-393807ba0c7e:192.168.164.239:36510, dbc121b5-e1e8-4c61-9d50-542b699a3d90:192.168.164.239:43140, 79abbc2e-0a90-4a41-a17c-6388bb873359:192.168.164.239:37857], old=null
2019-10-15 17:18:01,945 [79abbc2e-0a90-4a41-a17c-6388bb873359@group-B673650064C9-LeaderElection170] INFO  impl.RaftServerImpl (RaftServerImpl.java:setRole(184)) - 79abbc2e-0a90-4a41-a17c-6388bb873359@group-B673650064C9: changes role from CANDIDATE to FOLLOWER at term 197 for DISCOVERED_A_NEW_TERM
2019-10-15 17:18:01,945 [79abbc2e-0a90-4a41-a17c-6388bb873359@group-B673650064C9-LeaderElection170] INFO  impl.RoleInfo (RoleInfo.java:shutdownLeaderElection(134)) - 79abbc2e-0a90-4a41-a17c-6388bb873359: shutdown LeaderElection
2019-10-15 17:18:01,945 [79abbc2e-0a90-4a41-a17c-6388bb873359@group-B673650064C9-LeaderElection170] INFO  impl.RoleInfo (RoleInfo.java:updateAndGet(143)) - 79abbc2e-0a90-4a41-a17c-6388bb873359: start FollowerState
2019-10-15 17:18:02,010 [Thread-1416] INFO  impl.FollowerState (FollowerState.java:run(108)) - 79abbc2e-0a90-4a41-a17c-6388bb873359@group-B673650064C9-FollowerState: change to CANDIDATE, lastRpcTime:65ms, electionTimeout:65ms
2019-10-15 17:18:02,011 [Thread-1416] INFO  impl.RoleInfo (RoleInfo.java:shutdownFollowerState(121)) - 79abbc2e-0a90-4a41-a17c-6388bb873359: shutdown FollowerState
2019-10-15 17:18:02,011 [Thread-1416] INFO  impl.RaftServerImpl (RaftServerImpl.java:setRole(184)) - 79abbc2e-0a90-4a41-a17c-6388bb873359@group-B673650064C9: changes role from  FOLLOWER to CANDIDATE at term 197 for changeToCandidate
2019-10-15 17:18:02,011 [Thread-1416] INFO  impl.RoleInfo (RoleInfo.java:updateAndGet(143)) - 79abbc2e-0a90-4a41-a17c-6388bb873359: start LeaderElection
2019-10-15 17:18:02,042 [79abbc2e-0a90-4a41-a17c-6388bb873359@group-B673650064C9-LeaderElection171] INFO  impl.LeaderElection (LeaderElection.java:askForVotes(178)) - 79abbc2e-0a90-4a41-a17c-6388bb873359@group-B673650064C9-LeaderElection171: begin an election at term 198 for -1: [ebd8d1f9-8297-450f-abe7-393807ba0c7e:192.168.164.239:36510, dbc121b5-e1e8-4c61-9d50-542b699a3d90:192.168.164.239:43140, 79abbc2e-0a90-4a41-a17c-6388bb873359:192.168.164.239:37857], old=null
2019-10-15 17:18:02,045 [grpc-default-executor-1] INFO  impl.RaftServerImpl (RaftServerImpl.java:setRole(184)) - dbc121b5-e1e8-4c61-9d50-542b699a3d90@group-B673650064C9: changes role from  FOLLOWER to FOLLOWER at term 198 for recognizeCandidate:79abbc2e-0a90-4a41-a17c-6388bb873359
2019-10-15 17:18:02,045 [grpc-default-executor-0] INFO  impl.RaftServerImpl (RaftServerImpl.java:setRole(184)) - ebd8d1f9-8297-450f-abe7-393807ba0c7e@group-B673650064C9: changes role from  FOLLOWER to FOLLOWER at term 198 for recognizeCandidate:79abbc2e-0a90-4a41-a17c-6388bb873359
2019-10-15 17:18:02,045 [grpc-default-executor-1] INFO  impl.RoleInfo (RoleInfo.java:shutdownFollowerState(121)) - dbc121b5-e1e8-4c61-9d50-542b699a3d90: shutdown FollowerState
2019-10-15 17:18:02,045 [grpc-default-executor-0] INFO  impl.RoleInfo (RoleInfo.java:shutdownFollowerState(121)) - ebd8d1f9-8297-450f-abe7-393807ba0c7e: shutdown FollowerState
2019-10-15 17:18:02,045 [Thread-1414] INFO  impl.FollowerState (FollowerState.java:run(117)) - dbc121b5-e1e8-4c61-9d50-542b699a3d90@group-B673650064C9-FollowerState was interrupted: java.lang.InterruptedException: sleep interrupted
2019-10-15 17:18:02,045 [grpc-default-executor-1] INFO  impl.RoleInfo (RoleInfo.java:updateAndGet(143)) - dbc121b5-e1e8-4c61-9d50-542b699a3d90: start FollowerState
2019-10-15 17:18:02,045 [grpc-default-executor-0] INFO  impl.RoleInfo (RoleInfo.java:updateAndGet(143)) - ebd8d1f9-8297-450f-abe7-393807ba0c7e: start FollowerState
2019-10-15 17:18:02,045 [Thread-1415] INFO  impl.FollowerState (FollowerState.java:run(117)) - ebd8d1f9-8297-450f-abe7-393807ba0c7e@group-B673650064C9-FollowerState was interrupted: java.lang.InterruptedException: sleep interrupted
2019-10-15 17:18:02,070 [79abbc2e-0a90-4a41-a17c-6388bb873359@group-B673650064C9-LeaderElection171] INFO  impl.LeaderElection (LeaderElection.java:logAndReturn(56)) - 79abbc2e-0a90-4a41-a17c-6388bb873359@group-B673650064C9-LeaderElection171: Election REJECTED; received 2 response(s) [79abbc2e-0a90-4a41-a17c-6388bb873359<-ebd8d1f9-8297-450f-abe7-393807ba0c7e#0:FAIL-t198, 79abbc2e-0a90-4a41-a17c-6388bb873359<-dbc121b5-e1e8-4c61-9d50-542b699a3d90#0:FAIL-t198] and 0 exception(s); 79abbc2e-0a90-4a41-a17c-6388bb873359@group-B673650064C9:t198, leader=null, voted=79abbc2e-0a90-4a41-a17c-6388bb873359, raftlog=79abbc2e-0a90-4a41-a17c-6388bb873359@group-B673650064C9-SegmentedRaftLog:OPENED:c-1,f-1,i0, conf=-1: [ebd8d1f9-8297-450f-abe7-393807ba0c7e:192.168.164.239:36510, dbc121b5-e1e8-4c61-9d50-542b699a3d90:192.168.164.239:43140, 79abbc2e-0a90-4a41-a17c-6388bb873359:192.168.164.239:37857], old=null
2019-10-15 17:18:02,070 [79abbc2e-0a90-4a41-a17c-6388bb873359@group-B673650064C9-LeaderElection171] INFO  impl.RaftServerImpl (RaftServerImpl.java:setRole(184)) - 79abbc2e-0a90-4a41-a17c-6388bb873359@group-B673650064C9: changes role from CANDIDATE to FOLLOWER at term 198 for DISCOVERED_A_NEW_TERM
2019-10-15 17:18:02,070 [79abbc2e-0a90-4a41-a17c-6388bb873359@group-B673650064C9-LeaderElection171] INFO  impl.RoleInfo (RoleInfo.java:shutdownLeaderElection(134)) - 79abbc2e-0a90-4a41-a17c-6388bb873359: shutdown LeaderElection
2019-10-15 17:18:02,070 [79abbc2e-0a90-4a41-a17c-6388bb873359@group-B673650064C9-LeaderElection171] INFO  impl.RoleInfo (RoleInfo.java:updateAndGet(143)) - 79abbc2e-0a90-4a41-a17c-6388bb873359: start FollowerState
2019-10-15 17:18:02,072 [Thread-1422] INFO  impl.FollowerState (FollowerState.java:run(108)) - 79abbc2e-0a90-4a41-a17c-6388bb873359@group-B673650064C9-FollowerState: change to CANDIDATE, lastRpcTime:1ms, electionTimeout:1ms
2019-10-15 17:18:02,072 [Thread-1422] INFO  impl.RoleInfo (RoleInfo.java:shutdownFollowerState(121)) - 79abbc2e-0a90-4a41-a17c-6388bb873359: shutdown FollowerState
2019-10-15 17:18:02,072 [Thread-1422] INFO  impl.RaftServerImpl (RaftServerImpl.java:setRole(184)) - 79abbc2e-0a90-4a41-a17c-6388bb873359@group-B673650064C9: changes role from  FOLLOWER to CANDIDATE at term 198 for changeToCandidate
2019-10-15 17:18:02,072 [Thread-1422] INFO  impl.RoleInfo (RoleInfo.java:updateAndGet(143)) - 79abbc2e-0a90-4a41-a17c-6388bb873359: start LeaderElection
2019-10-15 17:18:02,095 [79abbc2e-0a90-4a41-a17c-6388bb873359@group-B673650064C9-LeaderElection172] INFO  impl.LeaderElection (LeaderElection.java:askForVotes(178)) - 79abbc2e-0a90-4a41-a17c-6388bb873359@group-B673650064C9-LeaderElection172: begin an election at term 199 for -1: [ebd8d1f9-8297-450f-abe7-393807ba0c7e:192.168.164.239:36510, dbc121b5-e1e8-4c61-9d50-542b699a3d90:192.168.164.239:43140, 79abbc2e-0a90-4a41-a17c-6388bb873359:192.168.164.239:37857], old=null
2019-10-15 17:18:02,097 [grpc-default-executor-1] INFO  impl.RaftServerImpl (RaftServerImpl.java:setRole(184)) - ebd8d1f9-8297-450f-abe7-393807ba0c7e@group-B673650064C9: changes role from  FOLLOWER to FOLLOWER at term 199 for recognizeCandidate:79abbc2e-0a90-4a41-a17c-6388bb873359
2019-10-15 17:18:02,097 [grpc-default-executor-1] INFO  impl.RoleInfo (RoleInfo.java:shutdownFollowerState(121)) - ebd8d1f9-8297-450f-abe7-393807ba0c7e: shutdown FollowerState
2019-10-15 17:18:02,097 [grpc-default-executor-0] INFO  impl.RaftServerImpl (RaftServerImpl.java:setRole(184)) - dbc121b5-e1e8-4c61-9d50-542b699a3d90@group-B673650064C9: changes role from  FOLLOWER to FOLLOWER at term 199 for recognizeCandidate:79abbc2e-0a90-4a41-a17c-6388bb873359
2019-10-15 17:18:02,097 [Thread-1421] INFO  impl.FollowerState (FollowerState.java:run(117)) - ebd8d1f9-8297-450f-abe7-393807ba0c7e@group-B673650064C9-FollowerState was interrupted: java.lang.InterruptedException: sleep interrupted
2019-10-15 17:18:02,097 [grpc-default-executor-1] INFO  impl.RoleInfo (RoleInfo.java:updateAndGet(143)) - ebd8d1f9-8297-450f-abe7-393807ba0c7e: start FollowerState
2019-10-15 17:18:02,097 [grpc-default-executor-0] INFO  impl.RoleInfo (RoleInfo.java:shutdownFollowerState(121)) - dbc121b5-e1e8-4c61-9d50-542b699a3d90: shutdown FollowerState
2019-10-15 17:18:02,098 [grpc-default-executor-0] INFO  impl.RoleInfo (RoleInfo.java:updateAndGet(143)) - dbc121b5-e1e8-4c61-9d50-542b699a3d90: start FollowerState
2019-10-15 17:18:02,098 [Thread-1420] INFO  impl.FollowerState (FollowerState.java:run(117)) - dbc121b5-e1e8-4c61-9d50-542b699a3d90@group-B673650064C9-FollowerState was interrupted: java.lang.InterruptedException: sleep interrupted
2019-10-15 17:18:02,121 [79abbc2e-0a90-4a41-a17c-6388bb873359@group-B673650064C9-LeaderElection172] INFO  impl.LeaderElection (LeaderElection.java:logAndReturn(56)) - 79abbc2e-0a90-4a41-a17c-6388bb873359@group-B673650064C9-LeaderElection172: Election REJECTED; received 2 response(s) [79abbc2e-0a90-4a41-a17c-6388bb873359<-ebd8d1f9-8297-450f-abe7-393807ba0c7e#0:FAIL-t199, 79abbc2e-0a90-4a41-a17c-6388bb873359<-dbc121b5-e1e8-4c61-9d50-542b699a3d90#0:FAIL-t199] and 0 exception(s); 79abbc2e-0a90-4a41-a17c-6388bb873359@group-B673650064C9:t199, leader=null, voted=79abbc2e-0a90-4a41-a17c-6388bb873359, raftlog=79abbc2e-0a90-4a41-a17c-6388bb873359@group-B673650064C9-SegmentedRaftLog:OPENED:c-1,f-1,i0, conf=-1: [ebd8d1f9-8297-450f-abe7-393807ba0c7e:192.168.164.239:36510, dbc121b5-e1e8-4c61-9d50-542b699a3d90:192.168.164.239:43140, 79abbc2e-0a90-4a41-a17c-6388bb873359:192.168.164.239:37857], old=null
2019-10-15 17:18:02,121 [79abbc2e-0a90-4a41-a17c-6388bb873359@group-B673650064C9-LeaderElection172] INFO  impl.RaftServerImpl (RaftServerImpl.java:setRole(184)) - 79abbc2e-0a90-4a41-a17c-6388bb873359@group-B673650064C9: changes role from CANDIDATE to FOLLOWER at term 199 for DISCOVERED_A_NEW_TERM
2019-10-15 17:18:02,122 [79abbc2e-0a90-4a41-a17c-6388bb873359@group-B673650064C9-LeaderElection172] INFO  impl.RoleInfo (RoleInfo.java:shutdownLeaderElection(134)) - 79abbc2e-0a90-4a41-a17c-6388bb873359: shutdown LeaderElection
2019-10-15 17:18:02,122 [79abbc2e-0a90-4a41-a17c-6388bb873359@group-B673650064C9-LeaderElection172] INFO  impl.RoleInfo (RoleInfo.java:updateAndGet(143)) - 79abbc2e-0a90-4a41-a17c-6388bb873359: start FollowerState
2019-10-15 17:18:02,320 [Thread-1428] INFO  impl.FollowerState (FollowerState.java:run(108)) - 79abbc2e-0a90-4a41-a17c-6388bb873359@group-B673650064C9-FollowerState: change to CANDIDATE, lastRpcTime:198ms, electionTimeout:198ms
2019-10-15 17:18:02,320 [Thread-1428] INFO  impl.RoleInfo (RoleInfo.java:shutdownFollowerState(121)) - 79abbc2e-0a90-4a41-a17c-6388bb873359: shutdown FollowerState
2019-10-15 17:18:02,320 [Thread-1428] INFO  impl.RaftServerImpl (RaftServerImpl.java:setRole(184)) - 79abbc2e-0a90-4a41-a17c-6388bb873359@group-B673650064C9: changes role from  FOLLOWER to CANDIDATE at term 199 for changeToCandidate
2019-10-15 17:18:02,321 [Thread-1428] INFO  impl.RoleInfo (RoleInfo.java:updateAndGet(143)) - 79abbc2e-0a90-4a41-a17c-6388bb873359: start LeaderElection
2019-10-15 17:18:02,335 [79abbc2e-0a90-4a41-a17c-6388bb873359@group-B673650064C9-LeaderElection173] INFO  impl.LeaderElection (LeaderElection.java:askForVotes(178)) - 79abbc2e-0a90-4a41-a17c-6388bb873359@group-B673650064C9-LeaderElection173: begin an election at term 200 for -1: [ebd8d1f9-8297-450f-abe7-393807ba0c7e:192.168.164.239:36510, dbc121b5-e1e8-4c61-9d50-542b699a3d90:192.168.164.239:43140, 79abbc2e-0a90-4a41-a17c-6388bb873359:192.168.164.239:37857], old=null
2019-10-15 17:18:02,338 [grpc-default-executor-0] INFO  impl.RaftServerImpl (RaftServerImpl.java:setRole(184)) - ebd8d1f9-8297-450f-abe7-393807ba0c7e@group-B673650064C9: changes role from  FOLLOWER to FOLLOWER at term 200 for recognizeCandidate:79abbc2e-0a90-4a41-a17c-6388bb873359
2019-10-15 17:18:02,338 [grpc-default-executor-0] INFO  impl.RoleInfo (RoleInfo.java:shutdownFollowerState(121)) - ebd8d1f9-8297-450f-abe7-393807ba0c7e: shutdown FollowerState
2019-10-15 17:18:02,339 [grpc-default-executor-1] INFO  impl.RaftServerImpl (RaftServerImpl.java:setRole(184)) - dbc121b5-e1e8-4c61-9d50-542b699a3d90@group-B673650064C9: changes role from  FOLLOWER to FOLLOWER at term 200 for recognizeCandidate:79abbc2e-0a90-4a41-a17c-6388bb873359
2019-10-15 17:18:02,339 [Thread-1426] INFO  impl.FollowerState (FollowerState.java:run(117)) - ebd8d1f9-8297-450f-abe7-393807ba0c7e@group-B673650064C9-FollowerState was interrupted: java.lang.InterruptedException: sleep interrupted
2019-10-15 17:18:02,339 [grpc-default-executor-0] INFO  impl.RoleInfo (RoleInfo.java:updateAndGet(143)) - ebd8d1f9-8297-450f-abe7-393807ba0c7e: start FollowerState
2019-10-15 17:18:02,339 [grpc-default-executor-1] INFO  impl.RoleInfo (RoleInfo.java:shutdownFollowerState(121)) - dbc121b5-e1e8-4c61-9d50-542b699a3d90: shutdown FollowerState
2019-10-15 17:18:02,339 [grpc-default-executor-1] INFO  impl.RoleInfo (RoleInfo.java:updateAndGet(143)) - dbc121b5-e1e8-4c61-9d50-542b699a3d90: start FollowerState
2019-10-15 17:18:02,339 [Thread-1427] INFO  impl.FollowerState (FollowerState.java:run(117)) - dbc121b5-e1e8-4c61-9d50-542b699a3d90@group-B673650064C9-FollowerState was interrupted: java.lang.InterruptedException: sleep interrupted
2019-10-15 17:18:02,368 [79abbc2e-0a90-4a41-a17c-6388bb873359@group-B673650064C9-LeaderElection173] INFO  impl.LeaderElection (LeaderElection.java:logAndReturn(56)) - 79abbc2e-0a90-4a41-a17c-6388bb873359@group-B673650064C9-LeaderElection173: Election REJECTED; received 2 response(s) [79abbc2e-0a90-4a41-a17c-6388bb873359<-ebd8d1f9-8297-450f-abe7-393807ba0c7e#0:FAIL-t200, 79abbc2e-0a90-4a41-a17c-6388bb873359<-dbc121b5-e1e8-4c61-9d50-542b699a3d90#0:FAIL-t200] and 0 exception(s); 79abbc2e-0a90-4a41-a17c-6388bb873359@group-B673650064C9:t200, leader=null, voted=79abbc2e-0a90-4a41-a17c-6388bb873359, raftlog=79abbc2e-0a90-4a41-a17c-6388bb873359@group-B673650064C9-SegmentedRaftLog:OPENED:c-1,f-1,i0, conf=-1: [ebd8d1f9-8297-450f-abe7-393807ba0c7e:192.168.164.239:36510, dbc121b5-e1e8-4c61-9d50-542b699a3d90:192.168.164.239:43140, 79abbc2e-0a90-4a41-a17c-6388bb873359:192.168.164.239:37857], old=null
2019-10-15 17:18:02,368 [79abbc2e-0a90-4a41-a17c-6388bb873359@group-B673650064C9-LeaderElection173] INFO  impl.RaftServerImpl (RaftServerImpl.java:setRole(184)) - 79abbc2e-0a90-4a41-a17c-6388bb873359@group-B673650064C9: changes role from CANDIDATE to FOLLOWER at term 200 for DISCOVERED_A_NEW_TERM
2019-10-15 17:18:02,368 [79abbc2e-0a90-4a41-a17c-6388bb873359@group-B673650064C9-LeaderElection173] INFO  impl.RoleInfo (RoleInfo.java:shutdownLeaderElection(134)) - 79abbc2e-0a90-4a41-a17c-6388bb873359: shutdown LeaderElection
2019-10-15 17:18:02,368 [79abbc2e-0a90-4a41-a17c-6388bb873359@group-B673650064C9-LeaderElection173] INFO  impl.RoleInfo (RoleInfo.java:updateAndGet(143)) - 79abbc2e-0a90-4a41-a17c-6388bb873359: start FollowerState
2019-10-15 17:18:02,471 [Thread-1434] INFO  impl.FollowerState (FollowerState.java:run(108)) - 79abbc2e-0a90-4a41-a17c-6388bb873359@group-B673650064C9-FollowerState: change to CANDIDATE, lastRpcTime:103ms, electionTimeout:103ms
2019-10-15 17:18:02,472 [Thread-1434] INFO  impl.RoleInfo (RoleInfo.java:shutdownFollowerState(121)) - 79abbc2e-0a90-4a41-a17c-6388bb873359: shutdown FollowerState
2019-10-15 17:18:02,472 [Thread-1434] INFO  impl.RaftServerImpl (RaftServerImpl.java:setRole(184)) - 79abbc2e-0a90-4a41-a17c-6388bb873359@group-B673650064C9: changes role from  FOLLOWER to CANDIDATE at term 200 for changeToCandidate
2019-10-15 17:18:02,472 [Thread-1434] INFO  impl.RoleInfo (RoleInfo.java:updateAndGet(143)) - 79abbc2e-0a90-4a41-a17c-6388bb873359: start LeaderElection
2019-10-15 17:18:02,500 [79abbc2e-0a90-4a41-a17c-6388bb873359@group-B673650064C9-LeaderElection174] INFO  impl.LeaderElection (LeaderElection.java:askForVotes(178)) - 79abbc2e-0a90-4a41-a17c-6388bb873359@group-B673650064C9-LeaderElection174: begin an election at term 201 for -1: [ebd8d1f9-8297-450f-abe7-393807ba0c7e:192.168.164.239:36510, dbc121b5-e1e8-4c61-9d50-542b699a3d90:192.168.164.239:43140, 79abbc2e-0a90-4a41-a17c-6388bb873359:192.168.164.239:37857], old=null
2019-10-15 17:18:02,503 [grpc-default-executor-1] INFO  impl.RaftServerImpl (RaftServerImpl.java:setRole(184)) - ebd8d1f9-8297-450f-abe7-393807ba0c7e@group-B673650064C9: changes role from  FOLLOWER to FOLLOWER at term 201 for recognizeCandidate:79abbc2e-0a90-4a41-a17c-6388bb873359
2019-10-15 17:18:02,503 [grpc-default-executor-1] INFO  impl.RoleInfo (RoleInfo.java:shutdownFollowerState(121)) - ebd8d1f9-8297-450f-abe7-393807ba0c7e: shutdown FollowerState
2019-10-15 17:18:02,503 [grpc-default-executor-0] INFO  impl.RaftServerImpl (RaftServerImpl.java:setRole(184)) - dbc121b5-e1e8-4c61-9d50-542b699a3d90@group-B673650064C9: changes role from  FOLLOWER to FOLLOWER at term 201 for recognizeCandidate:79abbc2e-0a90-4a41-a17c-6388bb873359
2019-10-15 17:18:02,503 [Thread-1432] INFO  impl.FollowerState (FollowerState.java:run(117)) - ebd8d1f9-8297-450f-abe7-393807ba0c7e@group-B673650064C9-FollowerState was interrupted: java.lang.InterruptedException: sleep interrupted
2019-10-15 17:18:02,503 [grpc-default-executor-1] INFO  impl.RoleInfo (RoleInfo.java:updateAndGet(143)) - ebd8d1f9-8297-450f-abe7-393807ba0c7e: start FollowerState
2019-10-15 17:18:02,503 [grpc-default-executor-0] INFO  impl.RoleInfo (RoleInfo.java:shutdownFollowerState(121)) - dbc121b5-e1e8-4c61-9d50-542b699a3d90: shutdown FollowerState
2019-10-15 17:18:02,504 [grpc-default-executor-0] INFO  impl.RoleInfo (RoleInfo.java:updateAndGet(143)) - dbc121b5-e1e8-4c61-9d50-542b699a3d90: start FollowerState
2019-10-15 17:18:02,504 [Thread-1433] INFO  impl.FollowerState (FollowerState.java:run(117)) - dbc121b5-e1e8-4c61-9d50-542b699a3d90@group-B673650064C9-FollowerState was interrupted: java.lang.InterruptedException: sleep interrupted
2019-10-15 17:18:02,535 [79abbc2e-0a90-4a41-a17c-6388bb873359@group-B673650064C9-LeaderElection174] INFO  impl.LeaderElection (LeaderElection.java:logAndReturn(56)) - 79abbc2e-0a90-4a41-a17c-6388bb873359@group-B673650064C9-LeaderElection174: Election REJECTED; received 2 response(s) [79abbc2e-0a90-4a41-a17c-6388bb873359<-ebd8d1f9-8297-450f-abe7-393807ba0c7e#0:FAIL-t201, 79abbc2e-0a90-4a41-a17c-6388bb873359<-dbc121b5-e1e8-4c61-9d50-542b699a3d90#0:FAIL-t201] and 0 exception(s); 79abbc2e-0a90-4a41-a17c-6388bb873359@group-B673650064C9:t201, leader=null, voted=79abbc2e-0a90-4a41-a17c-6388bb873359, raftlog=79abbc2e-0a90-4a41-a17c-6388bb873359@group-B673650064C9-SegmentedRaftLog:OPENED:c-1,f-1,i0, conf=-1: [ebd8d1f9-8297-450f-abe7-393807ba0c7e:192.168.164.239:36510, dbc121b5-e1e8-4c61-9d50-542b699a3d90:192.168.164.239:43140, 79abbc2e-0a90-4a41-a17c-6388bb873359:192.168.164.239:37857], old=null
2019-10-15 17:18:02,535 [79abbc2e-0a90-4a41-a17c-6388bb873359@group-B673650064C9-LeaderElection174] INFO  impl.RaftServerImpl (RaftServerImpl.java:setRole(184)) - 79abbc2e-0a90-4a41-a17c-6388bb873359@group-B673650064C9: changes role from CANDIDATE to FOLLOWER at term 201 for DISCOVERED_A_NEW_TERM
2019-10-15 17:18:02,536 [79abbc2e-0a90-4a41-a17c-6388bb873359@group-B673650064C9-LeaderElection174] INFO  impl.RoleInfo (RoleInfo.java:shutdownLeaderElection(134)) - 79abbc2e-0a90-4a41-a17c-6388bb873359: shutdown LeaderElection
2019-10-15 17:18:02,536 [79abbc2e-0a90-4a41-a17c-6388bb873359@group-B673650064C9-LeaderElection174] INFO  impl.RoleInfo (RoleInfo.java:updateAndGet(143)) - 79abbc2e-0a90-4a41-a17c-6388bb873359: start FollowerState
2019-10-15 17:18:02,628 [Thread-1440] INFO  impl.FollowerState (FollowerState.java:run(108)) - 79abbc2e-0a90-4a41-a17c-6388bb873359@group-B673650064C9-FollowerState: change to CANDIDATE, lastRpcTime:92ms, electionTimeout:92ms
2019-10-15 17:18:02,628 [Thread-1440] INFO  impl.RoleInfo (RoleInfo.java:shutdownFollowerState(121)) - 79abbc2e-0a90-4a41-a17c-6388bb873359: shutdown FollowerState
2019-10-15 17:18:02,628 [Thread-1440] INFO  impl.RaftServerImpl (RaftServerImpl.java:setRole(184)) - 79abbc2e-0a90-4a41-a17c-6388bb873359@group-B673650064C9: changes role from  FOLLOWER to CANDIDATE at term 201 for changeToCandidate
2019-10-15 17:18:02,629 [Thread-1440] INFO  impl.RoleInfo (RoleInfo.java:updateAndGet(143)) - 79abbc2e-0a90-4a41-a17c-6388bb873359: start LeaderElection
2019-10-15 17:18:02,655 [79abbc2e-0a90-4a41-a17c-6388bb873359@group-B673650064C9-LeaderElection175] INFO  impl.LeaderElection (LeaderElection.java:askForVotes(178)) - 79abbc2e-0a90-4a41-a17c-6388bb873359@group-B673650064C9-LeaderElection175: begin an election at term 202 for -1: [ebd8d1f9-8297-450f-abe7-393807ba0c7e:192.168.164.239:36510, dbc121b5-e1e8-4c61-9d50-542b699a3d90:192.168.164.239:43140, 79abbc2e-0a90-4a41-a17c-6388bb873359:192.168.164.239:37857], old=null
2019-10-15 17:18:02,657 [grpc-default-executor-0] INFO  impl.RaftServerImpl (RaftServerImpl.java:setRole(184)) - dbc121b5-e1e8-4c61-9d50-542b699a3d90@group-B673650064C9: changes role from  FOLLOWER to FOLLOWER at term 202 for recognizeCandidate:79abbc2e-0a90-4a41-a17c-6388bb873359
2019-10-15 17:18:02,657 [grpc-default-executor-0] INFO  impl.RoleInfo (RoleInfo.java:shutdownFollowerState(121)) - dbc121b5-e1e8-4c61-9d50-542b699a3d90: shutdown FollowerState
2019-10-15 17:18:02,657 [grpc-default-executor-1] INFO  impl.RaftServerImpl (RaftServerImpl.java:setRole(184)) - ebd8d1f9-8297-450f-abe7-393807ba0c7e@group-B673650064C9: changes role from  FOLLOWER to FOLLOWER at term 202 for recognizeCandidate:79abbc2e-0a90-4a41-a17c-6388bb873359
2019-10-15 17:18:02,657 [Thread-1439] INFO  impl.FollowerState (FollowerState.java:run(117)) - dbc121b5-e1e8-4c61-9d50-542b699a3d90@group-B673650064C9-FollowerState was interrupted: java.lang.InterruptedException: sleep interrupted
2019-10-15 17:18:02,657 [grpc-default-executor-0] INFO  impl.RoleInfo (RoleInfo.java:updateAndGet(143)) - dbc121b5-e1e8-4c61-9d50-542b699a3d90: start FollowerState
2019-10-15 17:18:02,657 [grpc-default-executor-1] INFO  impl.RoleInfo (RoleInfo.java:shutdownFollowerState(121)) - ebd8d1f9-8297-450f-abe7-393807ba0c7e: shutdown FollowerState
2019-10-15 17:18:02,658 [grpc-default-executor-1] INFO  impl.RoleInfo (RoleInfo.java:updateAndGet(143)) - ebd8d1f9-8297-450f-abe7-393807ba0c7e: start FollowerState
2019-10-15 17:18:02,658 [Thread-1438] INFO  impl.FollowerState (FollowerState.java:run(117)) - ebd8d1f9-8297-450f-abe7-393807ba0c7e@group-B673650064C9-FollowerState was interrupted: java.lang.InterruptedException: sleep interrupted
2019-10-15 17:18:02,681 [79abbc2e-0a90-4a41-a17c-6388bb873359@group-B673650064C9-LeaderElection175] INFO  impl.LeaderElection (LeaderElection.java:logAndReturn(56)) - 79abbc2e-0a90-4a41-a17c-6388bb873359@group-B673650064C9-LeaderElection175: Election REJECTED; received 2 response(s) [79abbc2e-0a90-4a41-a17c-6388bb873359<-ebd8d1f9-8297-450f-abe7-393807ba0c7e#0:FAIL-t202, 79abbc2e-0a90-4a41-a17c-6388bb873359<-dbc121b5-e1e8-4c61-9d50-542b699a3d90#0:FAIL-t202] and 0 exception(s); 79abbc2e-0a90-4a41-a17c-6388bb873359@group-B673650064C9:t202, leader=null, voted=79abbc2e-0a90-4a41-a17c-6388bb873359, raftlog=79abbc2e-0a90-4a41-a17c-6388bb873359@group-B673650064C9-SegmentedRaftLog:OPENED:c-1,f-1,i0, conf=-1: [ebd8d1f9-8297-450f-abe7-393807ba0c7e:192.168.164.239:36510, dbc121b5-e1e8-4c61-9d50-542b699a3d90:192.168.164.239:43140, 79abbc2e-0a90-4a41-a17c-6388bb873359:192.168.164.239:37857], old=null
2019-10-15 17:18:02,681 [79abbc2e-0a90-4a41-a17c-6388bb873359@group-B673650064C9-LeaderElection175] INFO  impl.RaftServerImpl (RaftServerImpl.java:setRole(184)) - 79abbc2e-0a90-4a41-a17c-6388bb873359@group-B673650064C9: changes role from CANDIDATE to FOLLOWER at term 202 for DISCOVERED_A_NEW_TERM
2019-10-15 17:18:02,681 [79abbc2e-0a90-4a41-a17c-6388bb873359@group-B673650064C9-LeaderElection175] INFO  impl.RoleInfo (RoleInfo.java:shutdownLeaderElection(134)) - 79abbc2e-0a90-4a41-a17c-6388bb873359: shutdown LeaderElection
2019-10-15 17:18:02,682 [79abbc2e-0a90-4a41-a17c-6388bb873359@group-B673650064C9-LeaderElection175] INFO  impl.RoleInfo (RoleInfo.java:updateAndGet(143)) - 79abbc2e-0a90-4a41-a17c-6388bb873359: start FollowerState
2019-10-15 17:18:02,778 [Thread-1446] INFO  impl.FollowerState (FollowerState.java:run(108)) - 79abbc2e-0a90-4a41-a17c-6388bb873359@group-B673650064C9-FollowerState: change to CANDIDATE, lastRpcTime:96ms, electionTimeout:96ms
2019-10-15 17:18:02,778 [Thread-1446] INFO  impl.RoleInfo (RoleInfo.java:shutdownFollowerState(121)) - 79abbc2e-0a90-4a41-a17c-6388bb873359: shutdown FollowerState
2019-10-15 17:18:02,778 [Thread-1446] INFO  impl.RaftServerImpl (RaftServerImpl.java:setRole(184)) - 79abbc2e-0a90-4a41-a17c-6388bb873359@group-B673650064C9: changes role from  FOLLOWER to CANDIDATE at term 202 for changeToCandidate
2019-10-15 17:18:02,778 [Thread-1446] INFO  impl.RoleInfo (RoleInfo.java:updateAndGet(143)) - 79abbc2e-0a90-4a41-a17c-6388bb873359: start LeaderElection
2019-10-15 17:18:02,808 [79abbc2e-0a90-4a41-a17c-6388bb873359@group-B673650064C9-LeaderElection176] INFO  impl.LeaderElection (LeaderElection.java:askForVotes(178)) - 79abbc2e-0a90-4a41-a17c-6388bb873359@group-B673650064C9-LeaderElection176: begin an election at term 203 for -1: [ebd8d1f9-8297-450f-abe7-393807ba0c7e:192.168.164.239:36510, dbc121b5-e1e8-4c61-9d50-542b699a3d90:192.168.164.239:43140, 79abbc2e-0a90-4a41-a17c-6388bb873359:192.168.164.239:37857], old=null
2019-10-15 17:18:02,811 [grpc-default-executor-1] INFO  impl.RaftServerImpl (RaftServerImpl.java:setRole(184)) - dbc121b5-e1e8-4c61-9d50-542b699a3d90@group-B673650064C9: changes role from  FOLLOWER to FOLLOWER at term 203 for recognizeCandidate:79abbc2e-0a90-4a41-a17c-6388bb873359
2019-10-15 17:18:02,811 [grpc-default-executor-1] INFO  impl.RoleInfo (RoleInfo.java:shutdownFollowerState(121)) - dbc121b5-e1e8-4c61-9d50-542b699a3d90: shutdown FollowerState
2019-10-15 17:18:02,811 [grpc-default-executor-0] INFO  impl.RaftServerImpl (RaftServerImpl.java:setRole(184)) - ebd8d1f9-8297-450f-abe7-393807ba0c7e@group-B673650064C9: changes role from  FOLLOWER to FOLLOWER at term 203 for recognizeCandidate:79abbc2e-0a90-4a41-a17c-6388bb873359
2019-10-15 17:18:02,811 [grpc-default-executor-0] INFO  impl.RoleInfo (RoleInfo.java:shutdownFollowerState(121)) - ebd8d1f9-8297-450f-abe7-393807ba0c7e: shutdown FollowerState
2019-10-15 17:18:02,811 [Thread-1444] INFO  impl.FollowerState (FollowerState.java:run(117)) - dbc121b5-e1e8-4c61-9d50-542b699a3d90@group-B673650064C9-FollowerState was interrupted: java.lang.InterruptedException: sleep interrupted
2019-10-15 17:18:02,811 [grpc-default-executor-1] INFO  impl.RoleInfo (RoleInfo.java:updateAndGet(143)) - dbc121b5-e1e8-4c61-9d50-542b699a3d90: start FollowerState
2019-10-15 17:18:02,811 [grpc-default-executor-0] INFO  impl.RoleInfo (RoleInfo.java:updateAndGet(143)) - ebd8d1f9-8297-450f-abe7-393807ba0c7e: start FollowerState
2019-10-15 17:18:02,811 [Thread-1445] INFO  impl.FollowerState (FollowerState.java:run(117)) - ebd8d1f9-8297-450f-abe7-393807ba0c7e@group-B673650064C9-FollowerState was interrupted: java.lang.InterruptedException: sleep interrupted
2019-10-15 17:18:02,827 [79abbc2e-0a90-4a41-a17c-6388bb873359@group-B673650064C9-LeaderElection176] INFO  impl.LeaderElection (LeaderElection.java:logAndReturn(56)) - 79abbc2e-0a90-4a41-a17c-6388bb873359@group-B673650064C9-LeaderElection176: Election REJECTED; received 2 response(s) [79abbc2e-0a90-4a41-a17c-6388bb873359<-ebd8d1f9-8297-450f-abe7-393807ba0c7e#0:FAIL-t203, 79abbc2e-0a90-4a41-a17c-6388bb873359<-dbc121b5-e1e8-4c61-9d50-542b699a3d90#0:FAIL-t203] and 0 exception(s); 79abbc2e-0a90-4a41-a17c-6388bb873359@group-B673650064C9:t203, leader=null, voted=79abbc2e-0a90-4a41-a17c-6388bb873359, raftlog=79abbc2e-0a90-4a41-a17c-6388bb873359@group-B673650064C9-SegmentedRaftLog:OPENED:c-1,f-1,i0, conf=-1: [ebd8d1f9-8297-450f-abe7-393807ba0c7e:192.168.164.239:36510, dbc121b5-e1e8-4c61-9d50-542b699a3d90:192.168.164.239:43140, 79abbc2e-0a90-4a41-a17c-6388bb873359:192.168.164.239:37857], old=null
2019-10-15 17:18:02,827 [79abbc2e-0a90-4a41-a17c-6388bb873359@group-B673650064C9-LeaderElection176] INFO  impl.RaftServerImpl (RaftServerImpl.java:setRole(184)) - 79abbc2e-0a90-4a41-a17c-6388bb873359@group-B673650064C9: changes role from CANDIDATE to FOLLOWER at term 203 for DISCOVERED_A_NEW_TERM
2019-10-15 17:18:02,827 [79abbc2e-0a90-4a41-a17c-6388bb873359@group-B673650064C9-LeaderElection176] INFO  impl.RoleInfo (RoleInfo.java:shutdownLeaderElection(134)) - 79abbc2e-0a90-4a41-a17c-6388bb873359: shutdown LeaderElection
2019-10-15 17:18:02,827 [79abbc2e-0a90-4a41-a17c-6388bb873359@group-B673650064C9-LeaderElection176] INFO  impl.RoleInfo (RoleInfo.java:updateAndGet(143)) - 79abbc2e-0a90-4a41-a17c-6388bb873359: start FollowerState
2019-10-15 17:18:02,989 [Thread-1452] INFO  impl.FollowerState (FollowerState.java:run(108)) - 79abbc2e-0a90-4a41-a17c-6388bb873359@group-B673650064C9-FollowerState: change to CANDIDATE, lastRpcTime:162ms, electionTimeout:162ms
2019-10-15 17:18:02,990 [Thread-1452] INFO  impl.RoleInfo (RoleInfo.java:shutdownFollowerState(121)) - 79abbc2e-0a90-4a41-a17c-6388bb873359: shutdown FollowerState
2019-10-15 17:18:02,990 [Thread-1452] INFO  impl.RaftServerImpl (RaftServerImpl.java:setRole(184)) - 79abbc2e-0a90-4a41-a17c-6388bb873359@group-B673650064C9: changes role from  FOLLOWER to CANDIDATE at term 203 for changeToCandidate
2019-10-15 17:18:02,990 [Thread-1452] INFO  impl.RoleInfo (RoleInfo.java:updateAndGet(143)) - 79abbc2e-0a90-4a41-a17c-6388bb873359: start LeaderElection
2019-10-15 17:18:03,018 [79abbc2e-0a90-4a41-a17c-6388bb873359@group-B673650064C9-LeaderElection177] INFO  impl.LeaderElection (LeaderElection.java:askForVotes(178)) - 79abbc2e-0a90-4a41-a17c-6388bb873359@group-B673650064C9-LeaderElection177: begin an election at term 204 for -1: [ebd8d1f9-8297-450f-abe7-393807ba0c7e:192.168.164.239:36510, dbc121b5-e1e8-4c61-9d50-542b699a3d90:192.168.164.239:43140, 79abbc2e-0a90-4a41-a17c-6388bb873359:192.168.164.239:37857], old=null
2019-10-15 17:18:03,020 [grpc-default-executor-1] INFO  impl.RaftServerImpl (RaftServerImpl.java:setRole(184)) - ebd8d1f9-8297-450f-abe7-393807ba0c7e@group-B673650064C9: changes role from  FOLLOWER to FOLLOWER at term 204 for recognizeCandidate:79abbc2e-0a90-4a41-a17c-6388bb873359
2019-10-15 17:18:03,020 [grpc-default-executor-1] INFO  impl.RoleInfo (RoleInfo.java:shutdownFollowerState(121)) - ebd8d1f9-8297-450f-abe7-393807ba0c7e: shutdown FollowerState
2019-10-15 17:18:03,021 [grpc-default-executor-1] INFO  impl.RoleInfo (RoleInfo.java:updateAndGet(143)) - ebd8d1f9-8297-450f-abe7-393807ba0c7e: start FollowerState
2019-10-15 17:18:03,021 [Thread-1451] INFO  impl.FollowerState (FollowerState.java:run(117)) - ebd8d1f9-8297-450f-abe7-393807ba0c7e@group-B673650064C9-FollowerState was interrupted: java.lang.InterruptedException: sleep interrupted
2019-10-15 17:18:03,021 [grpc-default-executor-0] INFO  impl.RaftServerImpl (RaftServerImpl.java:setRole(184)) - dbc121b5-e1e8-4c61-9d50-542b699a3d90@group-B673650064C9: changes role from  FOLLOWER to FOLLOWER at term 204 for recognizeCandidate:79abbc2e-0a90-4a41-a17c-6388bb873359
2019-10-15 17:18:03,021 [grpc-default-executor-0] INFO  impl.RoleInfo (RoleInfo.java:shutdownFollowerState(121)) - dbc121b5-e1e8-4c61-9d50-542b699a3d90: shutdown FollowerState
2019-10-15 17:18:03,021 [grpc-default-executor-0] INFO  impl.RoleInfo (RoleInfo.java:updateAndGet(143)) - dbc121b5-e1e8-4c61-9d50-542b699a3d90: start FollowerState
2019-10-15 17:18:03,021 [Thread-1450] INFO  impl.FollowerState (FollowerState.java:run(117)) - dbc121b5-e1e8-4c61-9d50-542b699a3d90@group-B673650064C9-FollowerState was interrupted: java.lang.InterruptedException: sleep interrupted
2019-10-15 17:18:03,044 [79abbc2e-0a90-4a41-a17c-6388bb873359@group-B673650064C9-LeaderElection177] INFO  impl.LeaderElection (LeaderElection.java:logAndReturn(56)) - 79abbc2e-0a90-4a41-a17c-6388bb873359@group-B673650064C9-LeaderElection177: Election REJECTED; received 2 response(s) [79abbc2e-0a90-4a41-a17c-6388bb873359<-ebd8d1f9-8297-450f-abe7-393807ba0c7e#0:FAIL-t204, 79abbc2e-0a90-4a41-a17c-6388bb873359<-dbc121b5-e1e8-4c61-9d50-542b699a3d90#0:FAIL-t204] and 0 exception(s); 79abbc2e-0a90-4a41-a17c-6388bb873359@group-B673650064C9:t204, leader=null, voted=79abbc2e-0a90-4a41-a17c-6388bb873359, raftlog=79abbc2e-0a90-4a41-a17c-6388bb873359@group-B673650064C9-SegmentedRaftLog:OPENED:c-1,f-1,i0, conf=-1: [ebd8d1f9-8297-450f-abe7-393807ba0c7e:192.168.164.239:36510, dbc121b5-e1e8-4c61-9d50-542b699a3d90:192.168.164.239:43140, 79abbc2e-0a90-4a41-a17c-6388bb873359:192.168.164.239:37857], old=null
2019-10-15 17:18:03,044 [79abbc2e-0a90-4a41-a17c-6388bb873359@group-B673650064C9-LeaderElection177] INFO  impl.RaftServerImpl (RaftServerImpl.java:setRole(184)) - 79abbc2e-0a90-4a41-a17c-6388bb873359@group-B673650064C9: changes role from CANDIDATE to FOLLOWER at term 204 for DISCOVERED_A_NEW_TERM
2019-10-15 17:18:03,044 [79abbc2e-0a90-4a41-a17c-6388bb873359@group-B673650064C9-LeaderElection177] INFO  impl.RoleInfo (RoleInfo.java:shutdownLeaderElection(134)) - 79abbc2e-0a90-4a41-a17c-6388bb873359: shutdown LeaderElection
2019-10-15 17:18:03,044 [79abbc2e-0a90-4a41-a17c-6388bb873359@group-B673650064C9-LeaderElection177] INFO  impl.RoleInfo (RoleInfo.java:updateAndGet(143)) - 79abbc2e-0a90-4a41-a17c-6388bb873359: start FollowerState
2019-10-15 17:18:03,063 [Thread-1460] INFO  impl.FollowerState (FollowerState.java:run(108)) - 79abbc2e-0a90-4a41-a17c-6388bb873359@group-B673650064C9-FollowerState: change to CANDIDATE, lastRpcTime:18ms, electionTimeout:18ms
2019-10-15 17:18:03,063 [Thread-1460] INFO  impl.RoleInfo (RoleInfo.java:shutdownFollowerState(121)) - 79abbc2e-0a90-4a41-a17c-6388bb873359: shutdown FollowerState
2019-10-15 17:18:03,063 [Thread-1460] INFO  impl.RaftServerImpl (RaftServerImpl.java:setRole(184)) - 79abbc2e-0a90-4a41-a17c-6388bb873359@group-B673650064C9: changes role from  FOLLOWER to CANDIDATE at term 204 for changeToCandidate
2019-10-15 17:18:03,063 [Thread-1460] INFO  impl.RoleInfo (RoleInfo.java:updateAndGet(143)) - 79abbc2e-0a90-4a41-a17c-6388bb873359: start LeaderElection
2019-10-15 17:18:03,085 [79abbc2e-0a90-4a41-a17c-6388bb873359@group-B673650064C9-LeaderElection178] INFO  impl.LeaderElection (LeaderElection.java:askForVotes(178)) - 79abbc2e-0a90-4a41-a17c-6388bb873359@group-B673650064C9-LeaderElection178: begin an election at term 205 for -1: [ebd8d1f9-8297-450f-abe7-393807ba0c7e:192.168.164.239:36510, dbc121b5-e1e8-4c61-9d50-542b699a3d90:192.168.164.239:43140, 79abbc2e-0a90-4a41-a17c-6388bb873359:192.168.164.239:37857], old=null
2019-10-15 17:18:03,088 [grpc-default-executor-1] INFO  impl.RaftServerImpl (RaftServerImpl.java:setRole(184)) - dbc121b5-e1e8-4c61-9d50-542b699a3d90@group-B673650064C9: changes role from  FOLLOWER to FOLLOWER at term 205 for recognizeCandidate:79abbc2e-0a90-4a41-a17c-6388bb873359
2019-10-15 17:18:03,088 [grpc-default-executor-1] INFO  impl.RoleInfo (RoleInfo.java:shutdownFollowerState(121)) - dbc121b5-e1e8-4c61-9d50-542b699a3d90: shutdown FollowerState
2019-10-15 17:18:03,088 [grpc-default-executor-1] INFO  impl.RoleInfo (RoleInfo.java:updateAndGet(143)) - dbc121b5-e1e8-4c61-9d50-542b699a3d90: start FollowerState
2019-10-15 17:18:03,088 [grpc-default-executor-0] INFO  impl.RaftServerImpl (RaftServerImpl.java:setRole(184)) - ebd8d1f9-8297-450f-abe7-393807ba0c7e@group-B673650064C9: changes role from  FOLLOWER to FOLLOWER at term 205 for recognizeCandidate:79abbc2e-0a90-4a41-a17c-6388bb873359
2019-10-15 17:18:03,088 [Thread-1459] INFO  impl.FollowerState (FollowerState.java:run(117)) - dbc121b5-e1e8-4c61-9d50-542b699a3d90@group-B673650064C9-FollowerState was interrupted: java.lang.InterruptedException: sleep interrupted
2019-10-15 17:18:03,088 [grpc-default-executor-0] INFO  impl.RoleInfo (RoleInfo.java:shutdownFollowerState(121)) - ebd8d1f9-8297-450f-abe7-393807ba0c7e: shutdown FollowerState
2019-10-15 17:18:03,089 [grpc-default-executor-0] INFO  impl.RoleInfo (RoleInfo.java:updateAndGet(143)) - ebd8d1f9-8297-450f-abe7-393807ba0c7e: start FollowerState
2019-10-15 17:18:03,089 [Thread-1458] INFO  impl.FollowerState (FollowerState.java:run(117)) - ebd8d1f9-8297-450f-abe7-393807ba0c7e@group-B673650064C9-FollowerState was interrupted: java.lang.InterruptedException: sleep interrupted
2019-10-15 17:18:03,101 [79abbc2e-0a90-4a41-a17c-6388bb873359@group-B673650064C9-LeaderElection178] INFO  impl.LeaderElection (LeaderElection.java:logAndReturn(56)) - 79abbc2e-0a90-4a41-a17c-6388bb873359@group-B673650064C9-LeaderElection178: Election TIMEOUT; received 0 response(s) [] and 0 exception(s); 79abbc2e-0a90-4a41-a17c-6388bb873359@group-B673650064C9:t205, leader=null, voted=79abbc2e-0a90-4a41-a17c-6388bb873359, raftlog=79abbc2e-0a90-4a41-a17c-6388bb873359@group-B673650064C9-SegmentedRaftLog:OPENED:c-1,f-1,i0, conf=-1: [ebd8d1f9-8297-450f-abe7-393807ba0c7e:192.168.164.239:36510, dbc121b5-e1e8-4c61-9d50-542b699a3d90:192.168.164.239:43140, 79abbc2e-0a90-4a41-a17c-6388bb873359:192.168.164.239:37857], old=null
2019-10-15 17:18:03,128 [79abbc2e-0a90-4a41-a17c-6388bb873359@group-B673650064C9-LeaderElection178] INFO  impl.LeaderElection (LeaderElection.java:askForVotes(178)) - 79abbc2e-0a90-4a41-a17c-6388bb873359@group-B673650064C9-LeaderElection178: begin an election at term 206 for -1: [ebd8d1f9-8297-450f-abe7-393807ba0c7e:192.168.164.239:36510, dbc121b5-e1e8-4c61-9d50-542b699a3d90:192.168.164.239:43140, 79abbc2e-0a90-4a41-a17c-6388bb873359:192.168.164.239:37857], old=null
2019-10-15 17:18:03,129 [grpc-default-executor-1] INFO  impl.RaftServerImpl (RaftServerImpl.java:setRole(184)) - ebd8d1f9-8297-450f-abe7-393807ba0c7e@group-B673650064C9: changes role from  FOLLOWER to FOLLOWER at term 206 for recognizeCandidate:79abbc2e-0a90-4a41-a17c-6388bb873359
2019-10-15 17:18:03,130 [grpc-default-executor-1] INFO  impl.RoleInfo (RoleInfo.java:shutdownFollowerState(121)) - ebd8d1f9-8297-450f-abe7-393807ba0c7e: shutdown FollowerState
2019-10-15 17:18:03,130 [grpc-default-executor-1] INFO  impl.RoleInfo (RoleInfo.java:updateAndGet(143)) - ebd8d1f9-8297-450f-abe7-393807ba0c7e: start FollowerState
2019-10-15 17:18:03,130 [Thread-1465] INFO  impl.FollowerState (FollowerState.java:run(117)) - ebd8d1f9-8297-450f-abe7-393807ba0c7e@group-B673650064C9-FollowerState was interrupted: java.lang.InterruptedException: sleep interrupted
2019-10-15 17:18:03,130 [grpc-default-executor-0] INFO  impl.RaftServerImpl (RaftServerImpl.java:setRole(184)) - dbc121b5-e1e8-4c61-9d50-542b699a3d90@group-B673650064C9: changes role from  FOLLOWER to FOLLOWER at term 206 for recognizeCandidate:79abbc2e-0a90-4a41-a17c-6388bb873359
2019-10-15 17:18:03,130 [grpc-default-executor-0] INFO  impl.RoleInfo (RoleInfo.java:shutdownFollowerState(121)) - dbc121b5-e1e8-4c61-9d50-542b699a3d90: shutdown FollowerState
2019-10-15 17:18:03,130 [grpc-default-executor-0] INFO  impl.RoleInfo (RoleInfo.java:updateAndGet(143)) - dbc121b5-e1e8-4c61-9d50-542b699a3d90: start FollowerState
2019-10-15 17:18:03,130 [Thread-1464] INFO  impl.FollowerState (FollowerState.java:run(117)) - dbc121b5-e1e8-4c61-9d50-542b699a3d90@group-B673650064C9-FollowerState was interrupted: java.lang.InterruptedException: sleep interrupted
2019-10-15 17:18:03,154 [79abbc2e-0a90-4a41-a17c-6388bb873359@group-B673650064C9-LeaderElection178] INFO  impl.LeaderElection (LeaderElection.java:logAndReturn(56)) - 79abbc2e-0a90-4a41-a17c-6388bb873359@group-B673650064C9-LeaderElection178: Election REJECTED; received 2 response(s) [79abbc2e-0a90-4a41-a17c-6388bb873359<-ebd8d1f9-8297-450f-abe7-393807ba0c7e#0:FAIL-t206, 79abbc2e-0a90-4a41-a17c-6388bb873359<-dbc121b5-e1e8-4c61-9d50-542b699a3d90#0:FAIL-t206] and 0 exception(s); 79abbc2e-0a90-4a41-a17c-6388bb873359@group-B673650064C9:t206, leader=null, voted=79abbc2e-0a90-4a41-a17c-6388bb873359, raftlog=79abbc2e-0a90-4a41-a17c-6388bb873359@group-B673650064C9-SegmentedRaftLog:OPENED:c-1,f-1,i0, conf=-1: [ebd8d1f9-8297-450f-abe7-393807ba0c7e:192.168.164.239:36510, dbc121b5-e1e8-4c61-9d50-542b699a3d90:192.168.164.239:43140, 79abbc2e-0a90-4a41-a17c-6388bb873359:192.168.164.239:37857], old=null
2019-10-15 17:18:03,154 [79abbc2e-0a90-4a41-a17c-6388bb873359@group-B673650064C9-LeaderElection178] INFO  impl.RaftServerImpl (RaftServerImpl.java:setRole(184)) - 79abbc2e-0a90-4a41-a17c-6388bb873359@group-B673650064C9: changes role from CANDIDATE to FOLLOWER at term 206 for DISCOVERED_A_NEW_TERM
2019-10-15 17:18:03,154 [79abbc2e-0a90-4a41-a17c-6388bb873359@group-B673650064C9-LeaderElection178] INFO  impl.RoleInfo (RoleInfo.java:shutdownLeaderElection(134)) - 79abbc2e-0a90-4a41-a17c-6388bb873359: shutdown LeaderElection
2019-10-15 17:18:03,154 [79abbc2e-0a90-4a41-a17c-6388bb873359@group-B673650064C9-LeaderElection178] INFO  impl.RoleInfo (RoleInfo.java:updateAndGet(143)) - 79abbc2e-0a90-4a41-a17c-6388bb873359: start FollowerState
2019-10-15 17:18:03,280 [Thread-1470] INFO  impl.FollowerState (FollowerState.java:run(108)) - 79abbc2e-0a90-4a41-a17c-6388bb873359@group-B673650064C9-FollowerState: change to CANDIDATE, lastRpcTime:125ms, electionTimeout:125ms
2019-10-15 17:18:03,280 [Thread-1470] INFO  impl.RoleInfo (RoleInfo.java:shutdownFollowerState(121)) - 79abbc2e-0a90-4a41-a17c-6388bb873359: shutdown FollowerState
2019-10-15 17:18:03,280 [Thread-1470] INFO  impl.RaftServerImpl (RaftServerImpl.java:setRole(184)) - 79abbc2e-0a90-4a41-a17c-6388bb873359@group-B673650064C9: changes role from  FOLLOWER to CANDIDATE at term 206 for changeToCandidate
2019-10-15 17:18:03,280 [Thread-1470] INFO  impl.RoleInfo (RoleInfo.java:updateAndGet(143)) - 79abbc2e-0a90-4a41-a17c-6388bb873359: start LeaderElection
2019-10-15 17:18:03,339 [79abbc2e-0a90-4a41-a17c-6388bb873359@group-B673650064C9-LeaderElection179] INFO  impl.LeaderElection (LeaderElection.java:askForVotes(178)) - 79abbc2e-0a90-4a41-a17c-6388bb873359@group-B673650064C9-LeaderElection179: begin an election at term 207 for -1: [ebd8d1f9-8297-450f-abe7-393807ba0c7e:192.168.164.239:36510, dbc121b5-e1e8-4c61-9d50-542b699a3d90:192.168.164.239:43140, 79abbc2e-0a90-4a41-a17c-6388bb873359:192.168.164.239:37857], old=null
2019-10-15 17:18:03,341 [grpc-default-executor-1] INFO  impl.RaftServerImpl (RaftServerImpl.java:setRole(184)) - ebd8d1f9-8297-450f-abe7-393807ba0c7e@group-B673650064C9: changes role from  FOLLOWER to FOLLOWER at term 207 for recognizeCandidate:79abbc2e-0a90-4a41-a17c-6388bb873359
2019-10-15 17:18:03,342 [grpc-default-executor-0] INFO  impl.RaftServerImpl (RaftServerImpl.java:setRole(184)) - dbc121b5-e1e8-4c61-9d50-542b699a3d90@group-B673650064C9: changes role from  FOLLOWER to FOLLOWER at term 207 for recognizeCandidate:79abbc2e-0a90-4a41-a17c-6388bb873359
2019-10-15 17:18:03,342 [grpc-default-executor-0] INFO  impl.RoleInfo (RoleInfo.java:shutdownFollowerState(121)) - dbc121b5-e1e8-4c61-9d50-542b699a3d90: shutdown FollowerState
2019-10-15 17:18:03,342 [grpc-default-executor-1] INFO  impl.RoleInfo (RoleInfo.java:shutdownFollowerState(121)) - ebd8d1f9-8297-450f-abe7-393807ba0c7e: shutdown FollowerState
2019-10-15 17:18:03,342 [Thread-1469] INFO  impl.FollowerState (FollowerState.java:run(117)) - dbc121b5-e1e8-4c61-9d50-542b699a3d90@group-B673650064C9-FollowerState was interrupted: java.lang.InterruptedException: sleep interrupted
2019-10-15 17:18:03,342 [grpc-default-executor-1] INFO  impl.RoleInfo (RoleInfo.java:updateAndGet(143)) - ebd8d1f9-8297-450f-abe7-393807ba0c7e: start FollowerState
2019-10-15 17:18:03,342 [grpc-default-executor-0] INFO  impl.RoleInfo (RoleInfo.java:updateAndGet(143)) - dbc121b5-e1e8-4c61-9d50-542b699a3d90: start FollowerState
2019-10-15 17:18:03,342 [Thread-1468] INFO  impl.FollowerState (FollowerState.java:run(117)) - ebd8d1f9-8297-450f-abe7-393807ba0c7e@group-B673650064C9-FollowerState was interrupted: java.lang.InterruptedException: sleep interrupted
2019-10-15 17:18:03,365 [79abbc2e-0a90-4a41-a17c-6388bb873359@group-B673650064C9-LeaderElection179] INFO  impl.LeaderElection (LeaderElection.java:logAndReturn(56)) - 79abbc2e-0a90-4a41-a17c-6388bb873359@group-B673650064C9-LeaderElection179: Election REJECTED; received 2 response(s) [79abbc2e-0a90-4a41-a17c-6388bb873359<-ebd8d1f9-8297-450f-abe7-393807ba0c7e#0:FAIL-t207, 79abbc2e-0a90-4a41-a17c-6388bb873359<-dbc121b5-e1e8-4c61-9d50-542b699a3d90#0:FAIL-t207] and 0 exception(s); 79abbc2e-0a90-4a41-a17c-6388bb873359@group-B673650064C9:t207, leader=null, voted=79abbc2e-0a90-4a41-a17c-6388bb873359, raftlog=79abbc2e-0a90-4a41-a17c-6388bb873359@group-B673650064C9-SegmentedRaftLog:OPENED:c-1,f-1,i0, conf=-1: [ebd8d1f9-8297-450f-abe7-393807ba0c7e:192.168.164.239:36510, dbc121b5-e1e8-4c61-9d50-542b699a3d90:192.168.164.239:43140, 79abbc2e-0a90-4a41-a17c-6388bb873359:192.168.164.239:37857], old=null
2019-10-15 17:18:03,366 [79abbc2e-0a90-4a41-a17c-6388bb873359@group-B673650064C9-LeaderElection179] INFO  impl.RaftServerImpl (RaftServerImpl.java:setRole(184)) - 79abbc2e-0a90-4a41-a17c-6388bb873359@group-B673650064C9: changes role from CANDIDATE to FOLLOWER at term 207 for DISCOVERED_A_NEW_TERM
2019-10-15 17:18:03,366 [79abbc2e-0a90-4a41-a17c-6388bb873359@group-B673650064C9-LeaderElection179] INFO  impl.RoleInfo (RoleInfo.java:shutdownLeaderElection(134)) - 79abbc2e-0a90-4a41-a17c-6388bb873359: shutdown LeaderElection
2019-10-15 17:18:03,366 [79abbc2e-0a90-4a41-a17c-6388bb873359@group-B673650064C9-LeaderElection179] INFO  impl.RoleInfo (RoleInfo.java:updateAndGet(143)) - 79abbc2e-0a90-4a41-a17c-6388bb873359: start FollowerState
2019-10-15 17:18:03,552 [Thread-1476] INFO  impl.FollowerState (FollowerState.java:run(108)) - 79abbc2e-0a90-4a41-a17c-6388bb873359@group-B673650064C9-FollowerState: change to CANDIDATE, lastRpcTime:186ms, electionTimeout:186ms
2019-10-15 17:18:03,553 [Thread-1476] INFO  impl.RoleInfo (RoleInfo.java:shutdownFollowerState(121)) - 79abbc2e-0a90-4a41-a17c-6388bb873359: shutdown FollowerState
2019-10-15 17:18:03,553 [Thread-1476] INFO  impl.RaftServerImpl (RaftServerImpl.java:setRole(184)) - 79abbc2e-0a90-4a41-a17c-6388bb873359@group-B673650064C9: changes role from  FOLLOWER to CANDIDATE at term 207 for changeToCandidate
2019-10-15 17:18:03,553 [Thread-1476] INFO  impl.RoleInfo (RoleInfo.java:updateAndGet(143)) - 79abbc2e-0a90-4a41-a17c-6388bb873359: start LeaderElection
2019-10-15 17:18:03,575 [79abbc2e-0a90-4a41-a17c-6388bb873359@group-B673650064C9-LeaderElection180] INFO  impl.LeaderElection (LeaderElection.java:askForVotes(178)) - 79abbc2e-0a90-4a41-a17c-6388bb873359@group-B673650064C9-LeaderElection180: begin an election at term 208 for -1: [ebd8d1f9-8297-450f-abe7-393807ba0c7e:192.168.164.239:36510, dbc121b5-e1e8-4c61-9d50-542b699a3d90:192.168.164.239:43140, 79abbc2e-0a90-4a41-a17c-6388bb873359:192.168.164.239:37857], old=null
2019-10-15 17:18:03,579 [grpc-default-executor-1] INFO  impl.RaftServerImpl (RaftServerImpl.java:setRole(184)) - dbc121b5-e1e8-4c61-9d50-542b699a3d90@group-B673650064C9: changes role from  FOLLOWER to FOLLOWER at term 208 for recognizeCandidate:79abbc2e-0a90-4a41-a17c-6388bb873359
2019-10-15 17:18:03,579 [grpc-default-executor-1] INFO  impl.RoleInfo (RoleInfo.java:shutdownFollowerState(121)) - dbc121b5-e1e8-4c61-9d50-542b699a3d90: shutdown FollowerState
2019-10-15 17:18:03,579 [grpc-default-executor-0] INFO  impl.RaftServerImpl (RaftServerImpl.java:setRole(184)) - ebd8d1f9-8297-450f-abe7-393807ba0c7e@group-B673650064C9: changes role from  FOLLOWER to FOLLOWER at term 208 for recognizeCandidate:79abbc2e-0a90-4a41-a17c-6388bb873359
2019-10-15 17:18:03,579 [Thread-1474] INFO  impl.FollowerState (FollowerState.java:run(117)) - dbc121b5-e1e8-4c61-9d50-542b699a3d90@group-B673650064C9-FollowerState was interrupted: java.lang.InterruptedException: sleep interrupted
2019-10-15 17:18:03,579 [grpc-default-executor-1] INFO  impl.RoleInfo (RoleInfo.java:updateAndGet(143)) - dbc121b5-e1e8-4c61-9d50-542b699a3d90: start FollowerState
2019-10-15 17:18:03,579 [grpc-default-executor-0] INFO  impl.RoleInfo (RoleInfo.java:shutdownFollowerState(121)) - ebd8d1f9-8297-450f-abe7-393807ba0c7e: shutdown FollowerState
2019-10-15 17:18:03,580 [grpc-default-executor-0] INFO  impl.RoleInfo (RoleInfo.java:updateAndGet(143)) - ebd8d1f9-8297-450f-abe7-393807ba0c7e: start FollowerState
2019-10-15 17:18:03,580 [Thread-1475] INFO  impl.FollowerState (FollowerState.java:run(117)) - ebd8d1f9-8297-450f-abe7-393807ba0c7e@group-B673650064C9-FollowerState was interrupted: java.lang.InterruptedException: sleep interrupted
2019-10-15 17:18:03,602 [79abbc2e-0a90-4a41-a17c-6388bb873359@group-B673650064C9-LeaderElection180] INFO  impl.LeaderElection (LeaderElection.java:logAndReturn(56)) - 79abbc2e-0a90-4a41-a17c-6388bb873359@group-B673650064C9-LeaderElection180: Election REJECTED; received 2 response(s) [79abbc2e-0a90-4a41-a17c-6388bb873359<-ebd8d1f9-8297-450f-abe7-393807ba0c7e#0:FAIL-t208, 79abbc2e-0a90-4a41-a17c-6388bb873359<-dbc121b5-e1e8-4c61-9d50-542b699a3d90#0:FAIL-t208] and 0 exception(s); 79abbc2e-0a90-4a41-a17c-6388bb873359@group-B673650064C9:t208, leader=null, voted=79abbc2e-0a90-4a41-a17c-6388bb873359, raftlog=79abbc2e-0a90-4a41-a17c-6388bb873359@group-B673650064C9-SegmentedRaftLog:OPENED:c-1,f-1,i0, conf=-1: [ebd8d1f9-8297-450f-abe7-393807ba0c7e:192.168.164.239:36510, dbc121b5-e1e8-4c61-9d50-542b699a3d90:192.168.164.239:43140, 79abbc2e-0a90-4a41-a17c-6388bb873359:192.168.164.239:37857], old=null
2019-10-15 17:18:03,602 [79abbc2e-0a90-4a41-a17c-6388bb873359@group-B673650064C9-LeaderElection180] INFO  impl.RaftServerImpl (RaftServerImpl.java:setRole(184)) - 79abbc2e-0a90-4a41-a17c-6388bb873359@group-B673650064C9: changes role from CANDIDATE to FOLLOWER at term 208 for DISCOVERED_A_NEW_TERM
2019-10-15 17:18:03,602 [79abbc2e-0a90-4a41-a17c-6388bb873359@group-B673650064C9-LeaderElection180] INFO  impl.RoleInfo (RoleInfo.java:shutdownLeaderElection(134)) - 79abbc2e-0a90-4a41-a17c-6388bb873359: shutdown LeaderElection
2019-10-15 17:18:03,602 [79abbc2e-0a90-4a41-a17c-6388bb873359@group-B673650064C9-LeaderElection180] INFO  impl.RoleInfo (RoleInfo.java:updateAndGet(143)) - 79abbc2e-0a90-4a41-a17c-6388bb873359: start FollowerState
2019-10-15 17:18:03,726 [Thread-1482] INFO  impl.FollowerState (FollowerState.java:run(108)) - 79abbc2e-0a90-4a41-a17c-6388bb873359@group-B673650064C9-FollowerState: change to CANDIDATE, lastRpcTime:124ms, electionTimeout:124ms
2019-10-15 17:18:03,727 [Thread-1482] INFO  impl.RoleInfo (RoleInfo.java:shutdownFollowerState(121)) - 79abbc2e-0a90-4a41-a17c-6388bb873359: shutdown FollowerState
2019-10-15 17:18:03,727 [Thread-1482] INFO  impl.RaftServerImpl (RaftServerImpl.java:setRole(184)) - 79abbc2e-0a90-4a41-a17c-6388bb873359@group-B673650064C9: changes role from  FOLLOWER to CANDIDATE at term 208 for changeToCandidate
2019-10-15 17:18:03,727 [Thread-1482] INFO  impl.RoleInfo (RoleInfo.java:updateAndGet(143)) - 79abbc2e-0a90-4a41-a17c-6388bb873359: start LeaderElection
2019-10-15 17:18:03,744 [79abbc2e-0a90-4a41-a17c-6388bb873359@group-B673650064C9-LeaderElection181] INFO  impl.LeaderElection (LeaderElection.java:askForVotes(178)) - 79abbc2e-0a90-4a41-a17c-6388bb873359@group-B673650064C9-LeaderElection181: begin an election at term 209 for -1: [ebd8d1f9-8297-450f-abe7-393807ba0c7e:192.168.164.239:36510, dbc121b5-e1e8-4c61-9d50-542b699a3d90:192.168.164.239:43140, 79abbc2e-0a90-4a41-a17c-6388bb873359:192.168.164.239:37857], old=null
2019-10-15 17:18:03,746 [grpc-default-executor-1] INFO  impl.RaftServerImpl (RaftServerImpl.java:setRole(184)) - ebd8d1f9-8297-450f-abe7-393807ba0c7e@group-B673650064C9: changes role from  FOLLOWER to FOLLOWER at term 209 for recognizeCandidate:79abbc2e-0a90-4a41-a17c-6388bb873359
2019-10-15 17:18:03,746 [grpc-default-executor-1] INFO  impl.RoleInfo (RoleInfo.java:shutdownFollowerState(121)) - ebd8d1f9-8297-450f-abe7-393807ba0c7e: shutdown FollowerState
2019-10-15 17:18:03,747 [grpc-default-executor-1] INFO  impl.RoleInfo (RoleInfo.java:updateAndGet(143)) - ebd8d1f9-8297-450f-abe7-393807ba0c7e: start FollowerState
2019-10-15 17:18:03,747 [Thread-1481] INFO  impl.FollowerState (FollowerState.java:run(117)) - ebd8d1f9-8297-450f-abe7-393807ba0c7e@group-B673650064C9-FollowerState was interrupted: java.lang.InterruptedException: sleep interrupted
2019-10-15 17:18:03,747 [grpc-default-executor-0] INFO  impl.RaftServerImpl (RaftServerImpl.java:setRole(184)) - dbc121b5-e1e8-4c61-9d50-542b699a3d90@group-B673650064C9: changes role from  FOLLOWER to FOLLOWER at term 209 for recognizeCandidate:79abbc2e-0a90-4a41-a17c-6388bb873359
2019-10-15 17:18:03,747 [grpc-default-executor-0] INFO  impl.RoleInfo (RoleInfo.java:shutdownFollowerState(121)) - dbc121b5-e1e8-4c61-9d50-542b699a3d90: shutdown FollowerState
2019-10-15 17:18:03,747 [grpc-default-executor-0] INFO  impl.RoleInfo (RoleInfo.java:updateAndGet(143)) - dbc121b5-e1e8-4c61-9d50-542b699a3d90: start FollowerState
2019-10-15 17:18:03,747 [Thread-1480] INFO  impl.FollowerState (FollowerState.java:run(117)) - dbc121b5-e1e8-4c61-9d50-542b699a3d90@group-B673650064C9-FollowerState was interrupted: java.lang.InterruptedException: sleep interrupted
2019-10-15 17:18:03,762 [79abbc2e-0a90-4a41-a17c-6388bb873359@group-B673650064C9-LeaderElection181] INFO  impl.LeaderElection (LeaderElection.java:logAndReturn(56)) - 79abbc2e-0a90-4a41-a17c-6388bb873359@group-B673650064C9-LeaderElection181: Election REJECTED; received 2 response(s) [79abbc2e-0a90-4a41-a17c-6388bb873359<-ebd8d1f9-8297-450f-abe7-393807ba0c7e#0:FAIL-t209, 79abbc2e-0a90-4a41-a17c-6388bb873359<-dbc121b5-e1e8-4c61-9d50-542b699a3d90#0:FAIL-t209] and 0 exception(s); 79abbc2e-0a90-4a41-a17c-6388bb873359@group-B673650064C9:t209, leader=null, voted=79abbc2e-0a90-4a41-a17c-6388bb873359, raftlog=79abbc2e-0a90-4a41-a17c-6388bb873359@group-B673650064C9-SegmentedRaftLog:OPENED:c-1,f-1,i0, conf=-1: [ebd8d1f9-8297-450f-abe7-393807ba0c7e:192.168.164.239:36510, dbc121b5-e1e8-4c61-9d50-542b699a3d90:192.168.164.239:43140, 79abbc2e-0a90-4a41-a17c-6388bb873359:192.168.164.239:37857], old=null
2019-10-15 17:18:03,762 [79abbc2e-0a90-4a41-a17c-6388bb873359@group-B673650064C9-LeaderElection181] INFO  impl.RaftServerImpl (RaftServerImpl.java:setRole(184)) - 79abbc2e-0a90-4a41-a17c-6388bb873359@group-B673650064C9: changes role from CANDIDATE to FOLLOWER at term 209 for DISCOVERED_A_NEW_TERM
2019-10-15 17:18:03,762 [79abbc2e-0a90-4a41-a17c-6388bb873359@group-B673650064C9-LeaderElection181] INFO  impl.RoleInfo (RoleInfo.java:shutdownLeaderElection(134)) - 79abbc2e-0a90-4a41-a17c-6388bb873359: shutdown LeaderElection
2019-10-15 17:18:03,762 [79abbc2e-0a90-4a41-a17c-6388bb873359@group-B673650064C9-LeaderElection181] INFO  impl.RoleInfo (RoleInfo.java:updateAndGet(143)) - 79abbc2e-0a90-4a41-a17c-6388bb873359: start FollowerState
2019-10-15 17:18:03,785 [Thread-1488] INFO  impl.FollowerState (FollowerState.java:run(108)) - 79abbc2e-0a90-4a41-a17c-6388bb873359@group-B673650064C9-FollowerState: change to CANDIDATE, lastRpcTime:22ms, electionTimeout:22ms
2019-10-15 17:18:03,785 [Thread-1488] INFO  impl.RoleInfo (RoleInfo.java:shutdownFollowerState(121)) - 79abbc2e-0a90-4a41-a17c-6388bb873359: shutdown FollowerState
2019-10-15 17:18:03,785 [Thread-1488] INFO  impl.RaftServerImpl (RaftServerImpl.java:setRole(184)) - 79abbc2e-0a90-4a41-a17c-6388bb873359@group-B673650064C9: changes role from  FOLLOWER to CANDIDATE at term 209 for changeToCandidate
2019-10-15 17:18:03,785 [Thread-1488] INFO  impl.RoleInfo (RoleInfo.java:updateAndGet(143)) - 79abbc2e-0a90-4a41-a17c-6388bb873359: start LeaderElection
2019-10-15 17:18:03,812 [79abbc2e-0a90-4a41-a17c-6388bb873359@group-B673650064C9-LeaderElection182] INFO  impl.LeaderElection (LeaderElection.java:askForVotes(178)) - 79abbc2e-0a90-4a41-a17c-6388bb873359@group-B673650064C9-LeaderElection182: begin an election at term 210 for -1: [ebd8d1f9-8297-450f-abe7-393807ba0c7e:192.168.164.239:36510, dbc121b5-e1e8-4c61-9d50-542b699a3d90:192.168.164.239:43140, 79abbc2e-0a90-4a41-a17c-6388bb873359:192.168.164.239:37857], old=null
2019-10-15 17:18:03,814 [grpc-default-executor-1] INFO  impl.RaftServerImpl (RaftServerImpl.java:setRole(184)) - dbc121b5-e1e8-4c61-9d50-542b699a3d90@group-B673650064C9: changes role from  FOLLOWER to FOLLOWER at term 210 for recognizeCandidate:79abbc2e-0a90-4a41-a17c-6388bb873359
2019-10-15 17:18:03,814 [grpc-default-executor-0] INFO  impl.RaftServerImpl (RaftServerImpl.java:setRole(184)) - ebd8d1f9-8297-450f-abe7-393807ba0c7e@group-B673650064C9: changes role from  FOLLOWER to FOLLOWER at term 210 for recognizeCandidate:79abbc2e-0a90-4a41-a17c-6388bb873359
2019-10-15 17:18:03,815 [grpc-default-executor-0] INFO  impl.RoleInfo (RoleInfo.java:shutdownFollowerState(121)) - ebd8d1f9-8297-450f-abe7-393807ba0c7e: shutdown FollowerState
2019-10-15 17:18:03,814 [grpc-default-executor-1] INFO  impl.RoleInfo (RoleInfo.java:shutdownFollowerState(121)) - dbc121b5-e1e8-4c61-9d50-542b699a3d90: shutdown FollowerState
2019-10-15 17:18:03,815 [grpc-default-executor-0] INFO  impl.RoleInfo (RoleInfo.java:updateAndGet(143)) - ebd8d1f9-8297-450f-abe7-393807ba0c7e: start FollowerState
2019-10-15 17:18:03,815 [Thread-1487] INFO  impl.FollowerState (FollowerState.java:run(117)) - dbc121b5-e1e8-4c61-9d50-542b699a3d90@group-B673650064C9-FollowerState was interrupted: java.lang.InterruptedException: sleep interrupted
2019-10-15 17:18:03,815 [grpc-default-executor-1] INFO  impl.RoleInfo (RoleInfo.java:updateAndGet(143)) - dbc121b5-e1e8-4c61-9d50-542b699a3d90: start FollowerState
2019-10-15 17:18:03,815 [Thread-1486] INFO  impl.FollowerState (FollowerState.java:run(117)) - ebd8d1f9-8297-450f-abe7-393807ba0c7e@group-B673650064C9-FollowerState was interrupted: java.lang.InterruptedException: sleep interrupted
2019-10-15 17:18:03,839 [79abbc2e-0a90-4a41-a17c-6388bb873359@group-B673650064C9-LeaderElection182] INFO  impl.LeaderElection (LeaderElection.java:logAndReturn(56)) - 79abbc2e-0a90-4a41-a17c-6388bb873359@group-B673650064C9-LeaderElection182: Election REJECTED; received 2 response(s) [79abbc2e-0a90-4a41-a17c-6388bb873359<-ebd8d1f9-8297-450f-abe7-393807ba0c7e#0:FAIL-t210, 79abbc2e-0a90-4a41-a17c-6388bb873359<-dbc121b5-e1e8-4c61-9d50-542b699a3d90#0:FAIL-t210] and 0 exception(s); 79abbc2e-0a90-4a41-a17c-6388bb873359@group-B673650064C9:t210, leader=null, voted=79abbc2e-0a90-4a41-a17c-6388bb873359, raftlog=79abbc2e-0a90-4a41-a17c-6388bb873359@group-B673650064C9-SegmentedRaftLog:OPENED:c-1,f-1,i0, conf=-1: [ebd8d1f9-8297-450f-abe7-393807ba0c7e:192.168.164.239:36510, dbc121b5-e1e8-4c61-9d50-542b699a3d90:192.168.164.239:43140, 79abbc2e-0a90-4a41-a17c-6388bb873359:192.168.164.239:37857], old=null
2019-10-15 17:18:03,839 [79abbc2e-0a90-4a41-a17c-6388bb873359@group-B673650064C9-LeaderElection182] INFO  impl.RaftServerImpl (RaftServerImpl.java:setRole(184)) - 79abbc2e-0a90-4a41-a17c-6388bb873359@group-B673650064C9: changes role from CANDIDATE to FOLLOWER at term 210 for DISCOVERED_A_NEW_TERM
2019-10-15 17:18:03,839 [79abbc2e-0a90-4a41-a17c-6388bb873359@group-B673650064C9-LeaderElection182] INFO  impl.RoleInfo (RoleInfo.java:shutdownLeaderElection(134)) - 79abbc2e-0a90-4a41-a17c-6388bb873359: shutdown LeaderElection
2019-10-15 17:18:03,839 [79abbc2e-0a90-4a41-a17c-6388bb873359@group-B673650064C9-LeaderElection182] INFO  impl.RoleInfo (RoleInfo.java:updateAndGet(143)) - 79abbc2e-0a90-4a41-a17c-6388bb873359: start FollowerState
2019-10-15 17:18:03,894 [Thread-1494] INFO  impl.FollowerState (FollowerState.java:run(108)) - 79abbc2e-0a90-4a41-a17c-6388bb873359@group-B673650064C9-FollowerState: change to CANDIDATE, lastRpcTime:55ms, electionTimeout:55ms
2019-10-15 17:18:03,895 [Thread-1494] INFO  impl.RoleInfo (RoleInfo.java:shutdownFollowerState(121)) - 79abbc2e-0a90-4a41-a17c-6388bb873359: shutdown FollowerState
2019-10-15 17:18:03,895 [Thread-1494] INFO  impl.RaftServerImpl (RaftServerImpl.java:setRole(184)) - 79abbc2e-0a90-4a41-a17c-6388bb873359@group-B673650064C9: changes role from  FOLLOWER to CANDIDATE at term 210 for changeToCandidate
2019-10-15 17:18:03,895 [Thread-1494] INFO  impl.RoleInfo (RoleInfo.java:updateAndGet(143)) - 79abbc2e-0a90-4a41-a17c-6388bb873359: start LeaderElection
2019-10-15 17:18:03,915 [79abbc2e-0a90-4a41-a17c-6388bb873359@group-B673650064C9-LeaderElection183] INFO  impl.LeaderElection (LeaderElection.java:askForVotes(178)) - 79abbc2e-0a90-4a41-a17c-6388bb873359@group-B673650064C9-LeaderElection183: begin an election at term 211 for -1: [ebd8d1f9-8297-450f-abe7-393807ba0c7e:192.168.164.239:36510, dbc121b5-e1e8-4c61-9d50-542b699a3d90:192.168.164.239:43140, 79abbc2e-0a90-4a41-a17c-6388bb873359:192.168.164.239:37857], old=null
2019-10-15 17:18:03,917 [grpc-default-executor-0] INFO  impl.RaftServerImpl (RaftServerImpl.java:setRole(184)) - ebd8d1f9-8297-450f-abe7-393807ba0c7e@group-B673650064C9: changes role from  FOLLOWER to FOLLOWER at term 211 for recognizeCandidate:79abbc2e-0a90-4a41-a17c-6388bb873359
2019-10-15 17:18:03,917 [grpc-default-executor-1] INFO  impl.RaftServerImpl (RaftServerImpl.java:setRole(184)) - dbc121b5-e1e8-4c61-9d50-542b699a3d90@group-B673650064C9: changes role from  FOLLOWER to FOLLOWER at term 211 for recognizeCandidate:79abbc2e-0a90-4a41-a17c-6388bb873359
2019-10-15 17:18:03,917 [grpc-default-executor-0] INFO  impl.RoleInfo (RoleInfo.java:shutdownFollowerState(121)) - ebd8d1f9-8297-450f-abe7-393807ba0c7e: shutdown FollowerState
2019-10-15 17:18:03,917 [grpc-default-executor-1] INFO  impl.RoleInfo (RoleInfo.java:shutdownFollowerState(121)) - dbc121b5-e1e8-4c61-9d50-542b699a3d90: shutdown FollowerState
2019-10-15 17:18:03,918 [Thread-1492] INFO  impl.FollowerState (FollowerState.java:run(117)) - ebd8d1f9-8297-450f-abe7-393807ba0c7e@group-B673650064C9-FollowerState was interrupted: java.lang.InterruptedException: sleep interrupted
2019-10-15 17:18:03,918 [grpc-default-executor-0] INFO  impl.RoleInfo (RoleInfo.java:updateAndGet(143)) - ebd8d1f9-8297-450f-abe7-393807ba0c7e: start FollowerState
2019-10-15 17:18:03,918 [Thread-1493] INFO  impl.FollowerState (FollowerState.java:run(117)) - dbc121b5-e1e8-4c61-9d50-542b699a3d90@group-B673650064C9-FollowerState was interrupted: java.lang.InterruptedException: sleep interrupted
2019-10-15 17:18:03,918 [grpc-default-executor-1] INFO  impl.RoleInfo (RoleInfo.java:updateAndGet(143)) - dbc121b5-e1e8-4c61-9d50-542b699a3d90: start FollowerState
2019-10-15 17:18:03,942 [79abbc2e-0a90-4a41-a17c-6388bb873359@group-B673650064C9-LeaderElection183] INFO  impl.LeaderElection (LeaderElection.java:logAndReturn(56)) - 79abbc2e-0a90-4a41-a17c-6388bb873359@group-B673650064C9-LeaderElection183: Election REJECTED; received 2 response(s) [79abbc2e-0a90-4a41-a17c-6388bb873359<-ebd8d1f9-8297-450f-abe7-393807ba0c7e#0:FAIL-t211, 79abbc2e-0a90-4a41-a17c-6388bb873359<-dbc121b5-e1e8-4c61-9d50-542b699a3d90#0:FAIL-t211] and 0 exception(s); 79abbc2e-0a90-4a41-a17c-6388bb873359@group-B673650064C9:t211, leader=null, voted=79abbc2e-0a90-4a41-a17c-6388bb873359, raftlog=79abbc2e-0a90-4a41-a17c-6388bb873359@group-B673650064C9-SegmentedRaftLog:OPENED:c-1,f-1,i0, conf=-1: [ebd8d1f9-8297-450f-abe7-393807ba0c7e:192.168.164.239:36510, dbc121b5-e1e8-4c61-9d50-542b699a3d90:192.168.164.239:43140, 79abbc2e-0a90-4a41-a17c-6388bb873359:192.168.164.239:37857], old=null
2019-10-15 17:18:03,942 [79abbc2e-0a90-4a41-a17c-6388bb873359@group-B673650064C9-LeaderElection183] INFO  impl.RaftServerImpl (RaftServerImpl.java:setRole(184)) - 79abbc2e-0a90-4a41-a17c-6388bb873359@group-B673650064C9: changes role from CANDIDATE to FOLLOWER at term 211 for DISCOVERED_A_NEW_TERM
2019-10-15 17:18:03,942 [79abbc2e-0a90-4a41-a17c-6388bb873359@group-B673650064C9-LeaderElection183] INFO  impl.RoleInfo (RoleInfo.java:shutdownLeaderElection(134)) - 79abbc2e-0a90-4a41-a17c-6388bb873359: shutdown LeaderElection
2019-10-15 17:18:03,942 [79abbc2e-0a90-4a41-a17c-6388bb873359@group-B673650064C9-LeaderElection183] INFO  impl.RoleInfo (RoleInfo.java:updateAndGet(143)) - 79abbc2e-0a90-4a41-a17c-6388bb873359: start FollowerState
2019-10-15 17:18:03,979 [Thread-1502] INFO  impl.FollowerState (FollowerState.java:run(108)) - 79abbc2e-0a90-4a41-a17c-6388bb873359@group-B673650064C9-FollowerState: change to CANDIDATE, lastRpcTime:36ms, electionTimeout:36ms
2019-10-15 17:18:03,979 [Thread-1502] INFO  impl.RoleInfo (RoleInfo.java:shutdownFollowerState(121)) - 79abbc2e-0a90-4a41-a17c-6388bb873359: shutdown FollowerState
2019-10-15 17:18:03,979 [Thread-1502] INFO  impl.RaftServerImpl (RaftServerImpl.java:setRole(184)) - 79abbc2e-0a90-4a41-a17c-6388bb873359@group-B673650064C9: changes role from  FOLLOWER to CANDIDATE at term 211 for changeToCandidate
2019-10-15 17:18:03,980 [Thread-1502] INFO  impl.RoleInfo (RoleInfo.java:updateAndGet(143)) - 79abbc2e-0a90-4a41-a17c-6388bb873359: start LeaderElection
2019-10-15 17:18:04,000 [79abbc2e-0a90-4a41-a17c-6388bb873359@group-B673650064C9-LeaderElection184] INFO  impl.LeaderElection (LeaderElection.java:askForVotes(178)) - 79abbc2e-0a90-4a41-a17c-6388bb873359@group-B673650064C9-LeaderElection184: begin an election at term 212 for -1: [ebd8d1f9-8297-450f-abe7-393807ba0c7e:192.168.164.239:36510, dbc121b5-e1e8-4c61-9d50-542b699a3d90:192.168.164.239:43140, 79abbc2e-0a90-4a41-a17c-6388bb873359:192.168.164.239:37857], old=null
2019-10-15 17:18:04,003 [grpc-default-executor-0] INFO  impl.RaftServerImpl (RaftServerImpl.java:setRole(184)) - ebd8d1f9-8297-450f-abe7-393807ba0c7e@group-B673650064C9: changes role from  FOLLOWER to FOLLOWER at term 212 for recognizeCandidate:79abbc2e-0a90-4a41-a17c-6388bb873359
2019-10-15 17:18:04,003 [grpc-default-executor-1] INFO  impl.RaftServerImpl (RaftServerImpl.java:setRole(184)) - dbc121b5-e1e8-4c61-9d50-542b699a3d90@group-B673650064C9: changes role from  FOLLOWER to FOLLOWER at term 212 for recognizeCandidate:79abbc2e-0a90-4a41-a17c-6388bb873359
2019-10-15 17:18:04,003 [grpc-default-executor-0] INFO  impl.RoleInfo (RoleInfo.java:shutdownFollowerState(121)) - ebd8d1f9-8297-450f-abe7-393807ba0c7e: shutdown FollowerState
2019-10-15 17:18:04,003 [grpc-default-executor-1] INFO  impl.RoleInfo (RoleInfo.java:shutdownFollowerState(121)) - dbc121b5-e1e8-4c61-9d50-542b699a3d90: shutdown FollowerState
2019-10-15 17:18:04,003 [Thread-1500] INFO  impl.FollowerState (FollowerState.java:run(117)) - ebd8d1f9-8297-450f-abe7-393807ba0c7e@group-B673650064C9-FollowerState was interrupted: java.lang.InterruptedException: sleep interrupted
2019-10-15 17:18:04,003 [grpc-default-executor-0] INFO  impl.RoleInfo (RoleInfo.java:updateAndGet(143)) - ebd8d1f9-8297-450f-abe7-393807ba0c7e: start FollowerState
2019-10-15 17:18:04,003 [Thread-1501] INFO  impl.FollowerState (FollowerState.java:run(117)) - dbc121b5-e1e8-4c61-9d50-542b699a3d90@group-B673650064C9-FollowerState was interrupted: java.lang.InterruptedException: sleep interrupted
2019-10-15 17:18:04,003 [grpc-default-executor-1] INFO  impl.RoleInfo (RoleInfo.java:updateAndGet(143)) - dbc121b5-e1e8-4c61-9d50-542b699a3d90: start FollowerState
2019-10-15 17:18:04,035 [79abbc2e-0a90-4a41-a17c-6388bb873359@group-B673650064C9-LeaderElection184] INFO  impl.LeaderElection (LeaderElection.java:logAndReturn(56)) - 79abbc2e-0a90-4a41-a17c-6388bb873359@group-B673650064C9-LeaderElection184: Election REJECTED; received 2 response(s) [79abbc2e-0a90-4a41-a17c-6388bb873359<-ebd8d1f9-8297-450f-abe7-393807ba0c7e#0:FAIL-t212, 79abbc2e-0a90-4a41-a17c-6388bb873359<-dbc121b5-e1e8-4c61-9d50-542b699a3d90#0:FAIL-t212] and 0 exception(s); 79abbc2e-0a90-4a41-a17c-6388bb873359@group-B673650064C9:t212, leader=null, voted=79abbc2e-0a90-4a41-a17c-6388bb873359, raftlog=79abbc2e-0a90-4a41-a17c-6388bb873359@group-B673650064C9-SegmentedRaftLog:OPENED:c-1,f-1,i0, conf=-1: [ebd8d1f9-8297-450f-abe7-393807ba0c7e:192.168.164.239:36510, dbc121b5-e1e8-4c61-9d50-542b699a3d90:192.168.164.239:43140, 79abbc2e-0a90-4a41-a17c-6388bb873359:192.168.164.239:37857], old=null
2019-10-15 17:18:04,035 [79abbc2e-0a90-4a41-a17c-6388bb873359@group-B673650064C9-LeaderElection184] INFO  impl.RaftServerImpl (RaftServerImpl.java:setRole(184)) - 79abbc2e-0a90-4a41-a17c-6388bb873359@group-B673650064C9: changes role from CANDIDATE to FOLLOWER at term 212 for DISCOVERED_A_NEW_TERM
2019-10-15 17:18:04,035 [79abbc2e-0a90-4a41-a17c-6388bb873359@group-B673650064C9-LeaderElection184] INFO  impl.RoleInfo (RoleInfo.java:shutdownLeaderElection(134)) - 79abbc2e-0a90-4a41-a17c-6388bb873359: shutdown LeaderElection
2019-10-15 17:18:04,036 [79abbc2e-0a90-4a41-a17c-6388bb873359@group-B673650064C9-LeaderElection184] INFO  impl.RoleInfo (RoleInfo.java:updateAndGet(143)) - 79abbc2e-0a90-4a41-a17c-6388bb873359: start FollowerState
2019-10-15 17:18:04,186 [Thread-1508] INFO  impl.FollowerState (FollowerState.java:run(108)) - 79abbc2e-0a90-4a41-a17c-6388bb873359@group-B673650064C9-FollowerState: change to CANDIDATE, lastRpcTime:150ms, electionTimeout:150ms
2019-10-15 17:18:04,186 [Thread-1508] INFO  impl.RoleInfo (RoleInfo.java:shutdownFollowerState(121)) - 79abbc2e-0a90-4a41-a17c-6388bb873359: shutdown FollowerState
2019-10-15 17:18:04,186 [Thread-1508] INFO  impl.RaftServerImpl (RaftServerImpl.java:setRole(184)) - 79abbc2e-0a90-4a41-a17c-6388bb873359@group-B673650064C9: changes role from  FOLLOWER to CANDIDATE at term 212 for changeToCandidate
2019-10-15 17:18:04,186 [Thread-1508] INFO  impl.RoleInfo (RoleInfo.java:updateAndGet(143)) - 79abbc2e-0a90-4a41-a17c-6388bb873359: start LeaderElection
2019-10-15 17:18:04,211 [79abbc2e-0a90-4a41-a17c-6388bb873359@group-B673650064C9-LeaderElection185] INFO  impl.LeaderElection (LeaderElection.java:askForVotes(178)) - 79abbc2e-0a90-4a41-a17c-6388bb873359@group-B673650064C9-LeaderElection185: begin an election at term 213 for -1: [ebd8d1f9-8297-450f-abe7-393807ba0c7e:192.168.164.239:36510, dbc121b5-e1e8-4c61-9d50-542b699a3d90:192.168.164.239:43140, 79abbc2e-0a90-4a41-a17c-6388bb873359:192.168.164.239:37857], old=null
2019-10-15 17:18:04,213 [grpc-default-executor-0] INFO  impl.RaftServerImpl (RaftServerImpl.java:setRole(184)) - ebd8d1f9-8297-450f-abe7-393807ba0c7e@group-B673650064C9: changes role from  FOLLOWER to FOLLOWER at term 213 for recognizeCandidate:79abbc2e-0a90-4a41-a17c-6388bb873359
2019-10-15 17:18:04,214 [grpc-default-executor-1] INFO  impl.RaftServerImpl (RaftServerImpl.java:setRole(184)) - dbc121b5-e1e8-4c61-9d50-542b699a3d90@group-B673650064C9: changes role from  FOLLOWER to FOLLOWER at term 213 for recognizeCandidate:79abbc2e-0a90-4a41-a17c-6388bb873359
2019-10-15 17:18:04,214 [grpc-default-executor-0] INFO  impl.RoleInfo (RoleInfo.java:shutdownFollowerState(121)) - ebd8d1f9-8297-450f-abe7-393807ba0c7e: shutdown FollowerState
2019-10-15 17:18:04,214 [grpc-default-executor-1] INFO  impl.RoleInfo (RoleInfo.java:shutdownFollowerState(121)) - dbc121b5-e1e8-4c61-9d50-542b699a3d90: shutdown FollowerState
2019-10-15 17:18:04,214 [grpc-default-executor-0] INFO  impl.RoleInfo (RoleInfo.java:updateAndGet(143)) - ebd8d1f9-8297-450f-abe7-393807ba0c7e: start FollowerState
2019-10-15 17:18:04,214 [Thread-1507] INFO  impl.FollowerState (FollowerState.java:run(117)) - dbc121b5-e1e8-4c61-9d50-542b699a3d90@group-B673650064C9-FollowerState was interrupted: java.lang.InterruptedException: sleep interrupted
2019-10-15 17:18:04,214 [grpc-default-executor-1] INFO  impl.RoleInfo (RoleInfo.java:updateAndGet(143)) - dbc121b5-e1e8-4c61-9d50-542b699a3d90: start FollowerState
2019-10-15 17:18:04,214 [Thread-1506] INFO  impl.FollowerState (FollowerState.java:run(117)) - ebd8d1f9-8297-450f-abe7-393807ba0c7e@group-B673650064C9-FollowerState was interrupted: java.lang.InterruptedException: sleep interrupted
2019-10-15 17:18:04,229 [79abbc2e-0a90-4a41-a17c-6388bb873359@group-B673650064C9-LeaderElection185] INFO  impl.LeaderElection (LeaderElection.java:logAndReturn(56)) - 79abbc2e-0a90-4a41-a17c-6388bb873359@group-B673650064C9-LeaderElection185: Election REJECTED; received 2 response(s) [79abbc2e-0a90-4a41-a17c-6388bb873359<-ebd8d1f9-8297-450f-abe7-393807ba0c7e#0:FAIL-t213, 79abbc2e-0a90-4a41-a17c-6388bb873359<-dbc121b5-e1e8-4c61-9d50-542b699a3d90#0:FAIL-t213] and 0 exception(s); 79abbc2e-0a90-4a41-a17c-6388bb873359@group-B673650064C9:t213, leader=null, voted=79abbc2e-0a90-4a41-a17c-6388bb873359, raftlog=79abbc2e-0a90-4a41-a17c-6388bb873359@group-B673650064C9-SegmentedRaftLog:OPENED:c-1,f-1,i0, conf=-1: [ebd8d1f9-8297-450f-abe7-393807ba0c7e:192.168.164.239:36510, dbc121b5-e1e8-4c61-9d50-542b699a3d90:192.168.164.239:43140, 79abbc2e-0a90-4a41-a17c-6388bb873359:192.168.164.239:37857], old=null
2019-10-15 17:18:04,229 [79abbc2e-0a90-4a41-a17c-6388bb873359@group-B673650064C9-LeaderElection185] INFO  impl.RaftServerImpl (RaftServerImpl.java:setRole(184)) - 79abbc2e-0a90-4a41-a17c-6388bb873359@group-B673650064C9: changes role from CANDIDATE to FOLLOWER at term 213 for DISCOVERED_A_NEW_TERM
2019-10-15 17:18:04,229 [79abbc2e-0a90-4a41-a17c-6388bb873359@group-B673650064C9-LeaderElection185] INFO  impl.RoleInfo (RoleInfo.java:shutdownLeaderElection(134)) - 79abbc2e-0a90-4a41-a17c-6388bb873359: shutdown LeaderElection
2019-10-15 17:18:04,229 [79abbc2e-0a90-4a41-a17c-6388bb873359@group-B673650064C9-LeaderElection185] INFO  impl.RoleInfo (RoleInfo.java:updateAndGet(143)) - 79abbc2e-0a90-4a41-a17c-6388bb873359: start FollowerState
2019-10-15 17:18:04,324 [Thread-1514] INFO  impl.FollowerState (FollowerState.java:run(108)) - 79abbc2e-0a90-4a41-a17c-6388bb873359@group-B673650064C9-FollowerState: change to CANDIDATE, lastRpcTime:94ms, electionTimeout:94ms
2019-10-15 17:18:04,324 [Thread-1514] INFO  impl.RoleInfo (RoleInfo.java:shutdownFollowerState(121)) - 79abbc2e-0a90-4a41-a17c-6388bb873359: shutdown FollowerState
2019-10-15 17:18:04,324 [Thread-1514] INFO  impl.RaftServerImpl (RaftServerImpl.java:setRole(184)) - 79abbc2e-0a90-4a41-a17c-6388bb873359@group-B673650064C9: changes role from  FOLLOWER to CANDIDATE at term 213 for changeToCandidate
2019-10-15 17:18:04,324 [Thread-1514] INFO  impl.RoleInfo (RoleInfo.java:updateAndGet(143)) - 79abbc2e-0a90-4a41-a17c-6388bb873359: start LeaderElection
2019-10-15 17:18:04,347 [79abbc2e-0a90-4a41-a17c-6388bb873359@group-B673650064C9-LeaderElection186] INFO  impl.LeaderElection (LeaderElection.java:askForVotes(178)) - 79abbc2e-0a90-4a41-a17c-6388bb873359@group-B673650064C9-LeaderElection186: begin an election at term 214 for -1: [ebd8d1f9-8297-450f-abe7-393807ba0c7e:192.168.164.239:36510, dbc121b5-e1e8-4c61-9d50-542b699a3d90:192.168.164.239:43140, 79abbc2e-0a90-4a41-a17c-6388bb873359:192.168.164.239:37857], old=null
2019-10-15 17:18:04,349 [grpc-default-executor-1] INFO  impl.RaftServerImpl (RaftServerImpl.java:setRole(184)) - dbc121b5-e1e8-4c61-9d50-542b699a3d90@group-B673650064C9: changes role from  FOLLOWER to FOLLOWER at term 214 for recognizeCandidate:79abbc2e-0a90-4a41-a17c-6388bb873359
2019-10-15 17:18:04,349 [grpc-default-executor-0] INFO  impl.RaftServerImpl (RaftServerImpl.java:setRole(184)) - ebd8d1f9-8297-450f-abe7-393807ba0c7e@group-B673650064C9: changes role from  FOLLOWER to FOLLOWER at term 214 for recognizeCandidate:79abbc2e-0a90-4a41-a17c-6388bb873359
2019-10-15 17:18:04,349 [grpc-default-executor-1] INFO  impl.RoleInfo (RoleInfo.java:shutdownFollowerState(121)) - dbc121b5-e1e8-4c61-9d50-542b699a3d90: shutdown FollowerState
2019-10-15 17:18:04,349 [grpc-default-executor-0] INFO  impl.RoleInfo (RoleInfo.java:shutdownFollowerState(121)) - ebd8d1f9-8297-450f-abe7-393807ba0c7e: shutdown FollowerState
2019-10-15 17:18:04,349 [Thread-1513] INFO  impl.FollowerState (FollowerState.java:run(117)) - dbc121b5-e1e8-4c61-9d50-542b699a3d90@group-B673650064C9-FollowerState was interrupted: java.lang.InterruptedException: sleep interrupted
2019-10-15 17:18:04,349 [grpc-default-executor-1] INFO  impl.RoleInfo (RoleInfo.java:updateAndGet(143)) - dbc121b5-e1e8-4c61-9d50-542b699a3d90: start FollowerState
2019-10-15 17:18:04,350 [Thread-1512] INFO  impl.FollowerState (FollowerState.java:run(117)) - ebd8d1f9-8297-450f-abe7-393807ba0c7e@group-B673650064C9-FollowerState was interrupted: java.lang.InterruptedException: sleep interrupted
2019-10-15 17:18:04,349 [grpc-default-executor-0] INFO  impl.RoleInfo (RoleInfo.java:updateAndGet(143)) - ebd8d1f9-8297-450f-abe7-393807ba0c7e: start FollowerState
2019-10-15 17:18:04,374 [79abbc2e-0a90-4a41-a17c-6388bb873359@group-B673650064C9-LeaderElection186] INFO  impl.LeaderElection (LeaderElection.java:logAndReturn(56)) - 79abbc2e-0a90-4a41-a17c-6388bb873359@group-B673650064C9-LeaderElection186: Election REJECTED; received 2 response(s) [79abbc2e-0a90-4a41-a17c-6388bb873359<-ebd8d1f9-8297-450f-abe7-393807ba0c7e#0:FAIL-t214, 79abbc2e-0a90-4a41-a17c-6388bb873359<-dbc121b5-e1e8-4c61-9d50-542b699a3d90#0:FAIL-t214] and 0 exception(s); 79abbc2e-0a90-4a41-a17c-6388bb873359@group-B673650064C9:t214, leader=null, voted=79abbc2e-0a90-4a41-a17c-6388bb873359, raftlog=79abbc2e-0a90-4a41-a17c-6388bb873359@group-B673650064C9-SegmentedRaftLog:OPENED:c-1,f-1,i0, conf=-1: [ebd8d1f9-8297-450f-abe7-393807ba0c7e:192.168.164.239:36510, dbc121b5-e1e8-4c61-9d50-542b699a3d90:192.168.164.239:43140, 79abbc2e-0a90-4a41-a17c-6388bb873359:192.168.164.239:37857], old=null
2019-10-15 17:18:04,374 [79abbc2e-0a90-4a41-a17c-6388bb873359@group-B673650064C9-LeaderElection186] INFO  impl.RaftServerImpl (RaftServerImpl.java:setRole(184)) - 79abbc2e-0a90-4a41-a17c-6388bb873359@group-B673650064C9: changes role from CANDIDATE to FOLLOWER at term 214 for DISCOVERED_A_NEW_TERM
2019-10-15 17:18:04,375 [79abbc2e-0a90-4a41-a17c-6388bb873359@group-B673650064C9-LeaderElection186] INFO  impl.RoleInfo (RoleInfo.java:shutdownLeaderElection(134)) - 79abbc2e-0a90-4a41-a17c-6388bb873359: shutdown LeaderElection
2019-10-15 17:18:04,375 [79abbc2e-0a90-4a41-a17c-6388bb873359@group-B673650064C9-LeaderElection186] INFO  impl.RoleInfo (RoleInfo.java:updateAndGet(143)) - 79abbc2e-0a90-4a41-a17c-6388bb873359: start FollowerState
2019-10-15 17:18:04,435 [Thread-1520] INFO  impl.FollowerState (FollowerState.java:run(108)) - 79abbc2e-0a90-4a41-a17c-6388bb873359@group-B673650064C9-FollowerState: change to CANDIDATE, lastRpcTime:60ms, electionTimeout:60ms
2019-10-15 17:18:04,435 [Thread-1520] INFO  impl.RoleInfo (RoleInfo.java:shutdownFollowerState(121)) - 79abbc2e-0a90-4a41-a17c-6388bb873359: shutdown FollowerState
2019-10-15 17:18:04,435 [Thread-1520] INFO  impl.RaftServerImpl (RaftServerImpl.java:setRole(184)) - 79abbc2e-0a90-4a41-a17c-6388bb873359@group-B673650064C9: changes role from  FOLLOWER to CANDIDATE at term 214 for changeToCandidate
2019-10-15 17:18:04,436 [Thread-1520] INFO  impl.RoleInfo (RoleInfo.java:updateAndGet(143)) - 79abbc2e-0a90-4a41-a17c-6388bb873359: start LeaderElection
2019-10-15 17:18:04,466 [79abbc2e-0a90-4a41-a17c-6388bb873359@group-B673650064C9-LeaderElection187] INFO  impl.LeaderElection (LeaderElection.java:askForVotes(178)) - 79abbc2e-0a90-4a41-a17c-6388bb873359@group-B673650064C9-LeaderElection187: begin an election at term 215 for -1: [ebd8d1f9-8297-450f-abe7-393807ba0c7e:192.168.164.239:36510, dbc121b5-e1e8-4c61-9d50-542b699a3d90:192.168.164.239:43140, 79abbc2e-0a90-4a41-a17c-6388bb873359:192.168.164.239:37857], old=null
2019-10-15 17:18:04,468 [grpc-default-executor-0] INFO  impl.RaftServerImpl (RaftServerImpl.java:setRole(184)) - ebd8d1f9-8297-450f-abe7-393807ba0c7e@group-B673650064C9: changes role from  FOLLOWER to FOLLOWER at term 215 for recognizeCandidate:79abbc2e-0a90-4a41-a17c-6388bb873359
2019-10-15 17:18:04,468 [grpc-default-executor-1] INFO  impl.RaftServerImpl (RaftServerImpl.java:setRole(184)) - dbc121b5-e1e8-4c61-9d50-542b699a3d90@group-B673650064C9: changes role from  FOLLOWER to FOLLOWER at term 215 for recognizeCandidate:79abbc2e-0a90-4a41-a17c-6388bb873359
2019-10-15 17:18:04,468 [grpc-default-executor-0] INFO  impl.RoleInfo (RoleInfo.java:shutdownFollowerState(121)) - ebd8d1f9-8297-450f-abe7-393807ba0c7e: shutdown FollowerState
2019-10-15 17:18:04,468 [grpc-default-executor-1] INFO  impl.RoleInfo (RoleInfo.java:shutdownFollowerState(121)) - dbc121b5-e1e8-4c61-9d50-542b699a3d90: shutdown FollowerState
2019-10-15 17:18:04,469 [Thread-1519] INFO  impl.FollowerState (FollowerState.java:run(117)) - ebd8d1f9-8297-450f-abe7-393807ba0c7e@group-B673650064C9-FollowerState was interrupted: java.lang.InterruptedException: sleep interrupted
2019-10-15 17:18:04,468 [grpc-default-executor-0] INFO  impl.RoleInfo (RoleInfo.java:updateAndGet(143)) - ebd8d1f9-8297-450f-abe7-393807ba0c7e: start FollowerState
2019-10-15 17:18:04,469 [Thread-1518] INFO  impl.FollowerState (FollowerState.java:run(117)) - dbc121b5-e1e8-4c61-9d50-542b699a3d90@group-B673650064C9-FollowerState was interrupted: java.lang.InterruptedException: sleep interrupted
2019-10-15 17:18:04,469 [grpc-default-executor-1] INFO  impl.RoleInfo (RoleInfo.java:updateAndGet(143)) - dbc121b5-e1e8-4c61-9d50-542b699a3d90: start FollowerState
2019-10-15 17:18:04,492 [79abbc2e-0a90-4a41-a17c-6388bb873359@group-B673650064C9-LeaderElection187] INFO  impl.LeaderElection (LeaderElection.java:logAndReturn(56)) - 79abbc2e-0a90-4a41-a17c-6388bb873359@group-B673650064C9-LeaderElection187: Election REJECTED; received 2 response(s) [79abbc2e-0a90-4a41-a17c-6388bb873359<-ebd8d1f9-8297-450f-abe7-393807ba0c7e#0:FAIL-t215, 79abbc2e-0a90-4a41-a17c-6388bb873359<-dbc121b5-e1e8-4c61-9d50-542b699a3d90#0:FAIL-t215] and 0 exception(s); 79abbc2e-0a90-4a41-a17c-6388bb873359@group-B673650064C9:t215, leader=null, voted=79abbc2e-0a90-4a41-a17c-6388bb873359, raftlog=79abbc2e-0a90-4a41-a17c-6388bb873359@group-B673650064C9-SegmentedRaftLog:OPENED:c-1,f-1,i0, conf=-1: [ebd8d1f9-8297-450f-abe7-393807ba0c7e:192.168.164.239:36510, dbc121b5-e1e8-4c61-9d50-542b699a3d90:192.168.164.239:43140, 79abbc2e-0a90-4a41-a17c-6388bb873359:192.168.164.239:37857], old=null
2019-10-15 17:18:04,492 [79abbc2e-0a90-4a41-a17c-6388bb873359@group-B673650064C9-LeaderElection187] INFO  impl.RaftServerImpl (RaftServerImpl.java:setRole(184)) - 79abbc2e-0a90-4a41-a17c-6388bb873359@group-B673650064C9: changes role from CANDIDATE to FOLLOWER at term 215 for DISCOVERED_A_NEW_TERM
2019-10-15 17:18:04,492 [79abbc2e-0a90-4a41-a17c-6388bb873359@group-B673650064C9-LeaderElection187] INFO  impl.RoleInfo (RoleInfo.java:shutdownLeaderElection(134)) - 79abbc2e-0a90-4a41-a17c-6388bb873359: shutdown LeaderElection
2019-10-15 17:18:04,492 [79abbc2e-0a90-4a41-a17c-6388bb873359@group-B673650064C9-LeaderElection187] INFO  impl.RoleInfo (RoleInfo.java:updateAndGet(143)) - 79abbc2e-0a90-4a41-a17c-6388bb873359: start FollowerState
2019-10-15 17:18:04,671 [Thread-1526] INFO  impl.FollowerState (FollowerState.java:run(108)) - 79abbc2e-0a90-4a41-a17c-6388bb873359@group-B673650064C9-FollowerState: change to CANDIDATE, lastRpcTime:178ms, electionTimeout:178ms
2019-10-15 17:18:04,671 [Thread-1526] INFO  impl.RoleInfo (RoleInfo.java:shutdownFollowerState(121)) - 79abbc2e-0a90-4a41-a17c-6388bb873359: shutdown FollowerState
2019-10-15 17:18:04,672 [Thread-1526] INFO  impl.RaftServerImpl (RaftServerImpl.java:setRole(184)) - 79abbc2e-0a90-4a41-a17c-6388bb873359@group-B673650064C9: changes role from  FOLLOWER to CANDIDATE at term 215 for changeToCandidate
2019-10-15 17:18:04,672 [Thread-1526] INFO  impl.RoleInfo (RoleInfo.java:updateAndGet(143)) - 79abbc2e-0a90-4a41-a17c-6388bb873359: start LeaderElection
2019-10-15 17:18:04,700 [79abbc2e-0a90-4a41-a17c-6388bb873359@group-B673650064C9-LeaderElection188] INFO  impl.LeaderElection (LeaderElection.java:askForVotes(178)) - 79abbc2e-0a90-4a41-a17c-6388bb873359@group-B673650064C9-LeaderElection188: begin an election at term 216 for -1: [ebd8d1f9-8297-450f-abe7-393807ba0c7e:192.168.164.239:36510, dbc121b5-e1e8-4c61-9d50-542b699a3d90:192.168.164.239:43140, 79abbc2e-0a90-4a41-a17c-6388bb873359:192.168.164.239:37857], old=null
2019-10-15 17:18:04,704 [grpc-default-executor-0] INFO  impl.RaftServerImpl (RaftServerImpl.java:setRole(184)) - dbc121b5-e1e8-4c61-9d50-542b699a3d90@group-B673650064C9: changes role from  FOLLOWER to FOLLOWER at term 216 for recognizeCandidate:79abbc2e-0a90-4a41-a17c-6388bb873359
2019-10-15 17:18:04,704 [grpc-default-executor-1] INFO  impl.RaftServerImpl (RaftServerImpl.java:setRole(184)) - ebd8d1f9-8297-450f-abe7-393807ba0c7e@group-B673650064C9: changes role from  FOLLOWER to FOLLOWER at term 216 for recognizeCandidate:79abbc2e-0a90-4a41-a17c-6388bb873359
2019-10-15 17:18:04,705 [grpc-default-executor-0] INFO  impl.RoleInfo (RoleInfo.java:shutdownFollowerState(121)) - dbc121b5-e1e8-4c61-9d50-542b699a3d90: shutdown FollowerState
2019-10-15 17:18:04,705 [grpc-default-executor-1] INFO  impl.RoleInfo (RoleInfo.java:shutdownFollowerState(121)) - ebd8d1f9-8297-450f-abe7-393807ba0c7e: shutdown FollowerState
2019-10-15 17:18:04,705 [grpc-default-executor-0] INFO  impl.RoleInfo (RoleInfo.java:updateAndGet(143)) - dbc121b5-e1e8-4c61-9d50-542b699a3d90: start FollowerState
2019-10-15 17:18:04,705 [Thread-1525] INFO  impl.FollowerState (FollowerState.java:run(117)) - dbc121b5-e1e8-4c61-9d50-542b699a3d90@group-B673650064C9-FollowerState was interrupted: java.lang.InterruptedException: sleep interrupted
2019-10-15 17:18:04,705 [grpc-default-executor-1] INFO  impl.RoleInfo (RoleInfo.java:updateAndGet(143)) - ebd8d1f9-8297-450f-abe7-393807ba0c7e: start FollowerState
2019-10-15 17:18:04,705 [Thread-1524] INFO  impl.FollowerState (FollowerState.java:run(117)) - ebd8d1f9-8297-450f-abe7-393807ba0c7e@group-B673650064C9-FollowerState was interrupted: java.lang.InterruptedException: sleep interrupted
2019-10-15 17:18:04,734 [79abbc2e-0a90-4a41-a17c-6388bb873359@group-B673650064C9-LeaderElection188] INFO  impl.LeaderElection (LeaderElection.java:logAndReturn(56)) - 79abbc2e-0a90-4a41-a17c-6388bb873359@group-B673650064C9-LeaderElection188: Election REJECTED; received 2 response(s) [79abbc2e-0a90-4a41-a17c-6388bb873359<-ebd8d1f9-8297-450f-abe7-393807ba0c7e#0:FAIL-t216, 79abbc2e-0a90-4a41-a17c-6388bb873359<-dbc121b5-e1e8-4c61-9d50-542b699a3d90#0:FAIL-t216] and 0 exception(s); 79abbc2e-0a90-4a41-a17c-6388bb873359@group-B673650064C9:t216, leader=null, voted=79abbc2e-0a90-4a41-a17c-6388bb873359, raftlog=79abbc2e-0a90-4a41-a17c-6388bb873359@group-B673650064C9-SegmentedRaftLog:OPENED:c-1,f-1,i0, conf=-1: [ebd8d1f9-8297-450f-abe7-393807ba0c7e:192.168.164.239:36510, dbc121b5-e1e8-4c61-9d50-542b699a3d90:192.168.164.239:43140, 79abbc2e-0a90-4a41-a17c-6388bb873359:192.168.164.239:37857], old=null
2019-10-15 17:18:04,735 [79abbc2e-0a90-4a41-a17c-6388bb873359@group-B673650064C9-LeaderElection188] INFO  impl.RaftServerImpl (RaftServerImpl.java:setRole(184)) - 79abbc2e-0a90-4a41-a17c-6388bb873359@group-B673650064C9: changes role from CANDIDATE to FOLLOWER at term 216 for DISCOVERED_A_NEW_TERM
2019-10-15 17:18:04,735 [79abbc2e-0a90-4a41-a17c-6388bb873359@group-B673650064C9-LeaderElection188] INFO  impl.RoleInfo (RoleInfo.java:shutdownLeaderElection(134)) - 79abbc2e-0a90-4a41-a17c-6388bb873359: shutdown LeaderElection
2019-10-15 17:18:04,735 [79abbc2e-0a90-4a41-a17c-6388bb873359@group-B673650064C9-LeaderElection188] INFO  impl.RoleInfo (RoleInfo.java:updateAndGet(143)) - 79abbc2e-0a90-4a41-a17c-6388bb873359: start FollowerState
2019-10-15 17:18:04,821 [Thread-1532] INFO  impl.FollowerState (FollowerState.java:run(108)) - 79abbc2e-0a90-4a41-a17c-6388bb873359@group-B673650064C9-FollowerState: change to CANDIDATE, lastRpcTime:86ms, electionTimeout:86ms
2019-10-15 17:18:04,822 [Thread-1532] INFO  impl.RoleInfo (RoleInfo.java:shutdownFollowerState(121)) - 79abbc2e-0a90-4a41-a17c-6388bb873359: shutdown FollowerState
2019-10-15 17:18:04,822 [Thread-1532] INFO  impl.RaftServerImpl (RaftServerImpl.java:setRole(184)) - 79abbc2e-0a90-4a41-a17c-6388bb873359@group-B673650064C9: changes role from  FOLLOWER to CANDIDATE at term 216 for changeToCandidate
2019-10-15 17:18:04,822 [Thread-1532] INFO  impl.RoleInfo (RoleInfo.java:updateAndGet(143)) - 79abbc2e-0a90-4a41-a17c-6388bb873359: start LeaderElection
2019-10-15 17:18:05,048 [79abbc2e-0a90-4a41-a17c-6388bb873359@group-B673650064C9-LeaderElection189] INFO  impl.LeaderElection (LeaderElection.java:askForVotes(178)) - 79abbc2e-0a90-4a41-a17c-6388bb873359@group-B673650064C9-LeaderElection189: begin an election at term 217 for -1: [ebd8d1f9-8297-450f-abe7-393807ba0c7e:192.168.164.239:36510, dbc121b5-e1e8-4c61-9d50-542b699a3d90:192.168.164.239:43140, 79abbc2e-0a90-4a41-a17c-6388bb873359:192.168.164.239:37857], old=null
2019-10-15 17:18:05,050 [grpc-default-executor-0] INFO  impl.RaftServerImpl (RaftServerImpl.java:setRole(184)) - ebd8d1f9-8297-450f-abe7-393807ba0c7e@group-B673650064C9: changes role from  FOLLOWER to FOLLOWER at term 217 for recognizeCandidate:79abbc2e-0a90-4a41-a17c-6388bb873359
2019-10-15 17:18:05,050 [grpc-default-executor-1] INFO  impl.RaftServerImpl (RaftServerImpl.java:setRole(184)) - dbc121b5-e1e8-4c61-9d50-542b699a3d90@group-B673650064C9: changes role from  FOLLOWER to FOLLOWER at term 217 for recognizeCandidate:79abbc2e-0a90-4a41-a17c-6388bb873359
2019-10-15 17:18:05,050 [grpc-default-executor-1] INFO  impl.RoleInfo (RoleInfo.java:shutdownFollowerState(121)) - dbc121b5-e1e8-4c61-9d50-542b699a3d90: shutdown FollowerState
2019-10-15 17:18:05,050 [grpc-default-executor-0] INFO  impl.RoleInfo (RoleInfo.java:shutdownFollowerState(121)) - ebd8d1f9-8297-450f-abe7-393807ba0c7e: shutdown FollowerState
2019-10-15 17:18:05,051 [Thread-1530] INFO  impl.FollowerState (FollowerState.java:run(117)) - dbc121b5-e1e8-4c61-9d50-542b699a3d90@group-B673650064C9-FollowerState was interrupted: java.lang.InterruptedException: sleep interrupted
2019-10-15 17:18:05,050 [grpc-default-executor-1] INFO  impl.RoleInfo (RoleInfo.java:updateAndGet(143)) - dbc121b5-e1e8-4c61-9d50-542b699a3d90: start FollowerState
2019-10-15 17:18:05,051 [Thread-1531] INFO  impl.FollowerState (FollowerState.java:run(117)) - ebd8d1f9-8297-450f-abe7-393807ba0c7e@group-B673650064C9-FollowerState was interrupted: java.lang.InterruptedException: sleep interrupted
2019-10-15 17:18:05,051 [grpc-default-executor-0] INFO  impl.RoleInfo (RoleInfo.java:updateAndGet(143)) - ebd8d1f9-8297-450f-abe7-393807ba0c7e: start FollowerState
2019-10-15 17:18:05,079 [79abbc2e-0a90-4a41-a17c-6388bb873359@group-B673650064C9-LeaderElection189] INFO  impl.LeaderElection (LeaderElection.java:logAndReturn(56)) - 79abbc2e-0a90-4a41-a17c-6388bb873359@group-B673650064C9-LeaderElection189: Election REJECTED; received 2 response(s) [79abbc2e-0a90-4a41-a17c-6388bb873359<-ebd8d1f9-8297-450f-abe7-393807ba0c7e#0:FAIL-t217, 79abbc2e-0a90-4a41-a17c-6388bb873359<-dbc121b5-e1e8-4c61-9d50-542b699a3d90#0:FAIL-t217] and 0 exception(s); 79abbc2e-0a90-4a41-a17c-6388bb873359@group-B673650064C9:t217, leader=null, voted=79abbc2e-0a90-4a41-a17c-6388bb873359, raftlog=79abbc2e-0a90-4a41-a17c-6388bb873359@group-B673650064C9-SegmentedRaftLog:OPENED:c-1,f-1,i0, conf=-1: [ebd8d1f9-8297-450f-abe7-393807ba0c7e:192.168.164.239:36510, dbc121b5-e1e8-4c61-9d50-542b699a3d90:192.168.164.239:43140, 79abbc2e-0a90-4a41-a17c-6388bb873359:192.168.164.239:37857], old=null
2019-10-15 17:18:05,080 [79abbc2e-0a90-4a41-a17c-6388bb873359@group-B673650064C9-LeaderElection189] INFO  impl.RaftServerImpl (RaftServerImpl.java:setRole(184)) - 79abbc2e-0a90-4a41-a17c-6388bb873359@group-B673650064C9: changes role from CANDIDATE to FOLLOWER at term 217 for DISCOVERED_A_NEW_TERM
2019-10-15 17:18:05,080 [79abbc2e-0a90-4a41-a17c-6388bb873359@group-B673650064C9-LeaderElection189] INFO  impl.RoleInfo (RoleInfo.java:shutdownLeaderElection(134)) - 79abbc2e-0a90-4a41-a17c-6388bb873359: shutdown LeaderElection
2019-10-15 17:18:05,080 [79abbc2e-0a90-4a41-a17c-6388bb873359@group-B673650064C9-LeaderElection189] INFO  impl.RoleInfo (RoleInfo.java:updateAndGet(143)) - 79abbc2e-0a90-4a41-a17c-6388bb873359: start FollowerState
2019-10-15 17:18:05,232 [Thread-1540] INFO  impl.FollowerState (FollowerState.java:run(108)) - 79abbc2e-0a90-4a41-a17c-6388bb873359@group-B673650064C9-FollowerState: change to CANDIDATE, lastRpcTime:152ms, electionTimeout:152ms
2019-10-15 17:18:05,233 [Thread-1540] INFO  impl.RoleInfo (RoleInfo.java:shutdownFollowerState(121)) - 79abbc2e-0a90-4a41-a17c-6388bb873359: shutdown FollowerState
2019-10-15 17:18:05,233 [Thread-1540] INFO  impl.RaftServerImpl (RaftServerImpl.java:setRole(184)) - 79abbc2e-0a90-4a41-a17c-6388bb873359@group-B673650064C9: changes role from  FOLLOWER to CANDIDATE at term 217 for changeToCandidate
2019-10-15 17:18:05,233 [Thread-1540] INFO  impl.RoleInfo (RoleInfo.java:updateAndGet(143)) - 79abbc2e-0a90-4a41-a17c-6388bb873359: start LeaderElection
2019-10-15 17:18:05,257 [79abbc2e-0a90-4a41-a17c-6388bb873359@group-B673650064C9-LeaderElection190] INFO  impl.LeaderElection (LeaderElection.java:askForVotes(178)) - 79abbc2e-0a90-4a41-a17c-6388bb873359@group-B673650064C9-LeaderElection190: begin an election at term 218 for -1: [ebd8d1f9-8297-450f-abe7-393807ba0c7e:192.168.164.239:36510, dbc121b5-e1e8-4c61-9d50-542b699a3d90:192.168.164.239:43140, 79abbc2e-0a90-4a41-a17c-6388bb873359:192.168.164.239:37857], old=null
2019-10-15 17:18:05,260 [grpc-default-executor-1] INFO  impl.RaftServerImpl (RaftServerImpl.java:setRole(184)) - ebd8d1f9-8297-450f-abe7-393807ba0c7e@group-B673650064C9: changes role from  FOLLOWER to FOLLOWER at term 218 for recognizeCandidate:79abbc2e-0a90-4a41-a17c-6388bb873359
2019-10-15 17:18:05,261 [grpc-default-executor-1] INFO  impl.RoleInfo (RoleInfo.java:shutdownFollowerState(121)) - ebd8d1f9-8297-450f-abe7-393807ba0c7e: shutdown FollowerState
2019-10-15 17:18:05,260 [grpc-default-executor-0] INFO  impl.RaftServerImpl (RaftServerImpl.java:setRole(184)) - dbc121b5-e1e8-4c61-9d50-542b699a3d90@group-B673650064C9: changes role from  FOLLOWER to FOLLOWER at term 218 for recognizeCandidate:79abbc2e-0a90-4a41-a17c-6388bb873359
2019-10-15 17:18:05,261 [grpc-default-executor-0] INFO  impl.RoleInfo (RoleInfo.java:shutdownFollowerState(121)) - dbc121b5-e1e8-4c61-9d50-542b699a3d90: shutdown FollowerState
2019-10-15 17:18:05,261 [Thread-1539] INFO  impl.FollowerState (FollowerState.java:run(117)) - ebd8d1f9-8297-450f-abe7-393807ba0c7e@group-B673650064C9-FollowerState was interrupted: java.lang.InterruptedException: sleep interrupted
2019-10-15 17:18:05,261 [grpc-default-executor-1] INFO  impl.RoleInfo (RoleInfo.java:updateAndGet(143)) - ebd8d1f9-8297-450f-abe7-393807ba0c7e: start FollowerState
2019-10-15 17:18:05,261 [Thread-1538] INFO  impl.FollowerState (FollowerState.java:run(117)) - dbc121b5-e1e8-4c61-9d50-542b699a3d90@group-B673650064C9-FollowerState was interrupted: java.lang.InterruptedException: sleep interrupted
2019-10-15 17:18:05,261 [grpc-default-executor-0] INFO  impl.RoleInfo (RoleInfo.java:updateAndGet(143)) - dbc121b5-e1e8-4c61-9d50-542b699a3d90: start FollowerState
2019-10-15 17:18:05,300 [79abbc2e-0a90-4a41-a17c-6388bb873359@group-B673650064C9-LeaderElection190] INFO  impl.LeaderElection (LeaderElection.java:logAndReturn(56)) - 79abbc2e-0a90-4a41-a17c-6388bb873359@group-B673650064C9-LeaderElection190: Election REJECTED; received 2 response(s) [79abbc2e-0a90-4a41-a17c-6388bb873359<-ebd8d1f9-8297-450f-abe7-393807ba0c7e#0:FAIL-t218, 79abbc2e-0a90-4a41-a17c-6388bb873359<-dbc121b5-e1e8-4c61-9d50-542b699a3d90#0:FAIL-t218] and 0 exception(s); 79abbc2e-0a90-4a41-a17c-6388bb873359@group-B673650064C9:t218, leader=null, voted=79abbc2e-0a90-4a41-a17c-6388bb873359, raftlog=79abbc2e-0a90-4a41-a17c-6388bb873359@group-B673650064C9-SegmentedRaftLog:OPENED:c-1,f-1,i0, conf=-1: [ebd8d1f9-8297-450f-abe7-393807ba0c7e:192.168.164.239:36510, dbc121b5-e1e8-4c61-9d50-542b699a3d90:192.168.164.239:43140, 79abbc2e-0a90-4a41-a17c-6388bb873359:192.168.164.239:37857], old=null
2019-10-15 17:18:05,300 [79abbc2e-0a90-4a41-a17c-6388bb873359@group-B673650064C9-LeaderElection190] INFO  impl.RaftServerImpl (RaftServerImpl.java:setRole(184)) - 79abbc2e-0a90-4a41-a17c-6388bb873359@group-B673650064C9: changes role from CANDIDATE to FOLLOWER at term 218 for DISCOVERED_A_NEW_TERM
2019-10-15 17:18:05,300 [79abbc2e-0a90-4a41-a17c-6388bb873359@group-B673650064C9-LeaderElection190] INFO  impl.RoleInfo (RoleInfo.java:shutdownLeaderElection(134)) - 79abbc2e-0a90-4a41-a17c-6388bb873359: shutdown LeaderElection
2019-10-15 17:18:05,301 [79abbc2e-0a90-4a41-a17c-6388bb873359@group-B673650064C9-LeaderElection190] INFO  impl.RoleInfo (RoleInfo.java:updateAndGet(143)) - 79abbc2e-0a90-4a41-a17c-6388bb873359: start FollowerState
2019-10-15 17:18:05,387 [Thread-1546] INFO  impl.FollowerState (FollowerState.java:run(108)) - 79abbc2e-0a90-4a41-a17c-6388bb873359@group-B673650064C9-FollowerState: change to CANDIDATE, lastRpcTime:86ms, electionTimeout:86ms
2019-10-15 17:18:05,387 [Thread-1546] INFO  impl.RoleInfo (RoleInfo.java:shutdownFollowerState(121)) - 79abbc2e-0a90-4a41-a17c-6388bb873359: shutdown FollowerState
2019-10-15 17:18:05,387 [Thread-1546] INFO  impl.RaftServerImpl (RaftServerImpl.java:setRole(184)) - 79abbc2e-0a90-4a41-a17c-6388bb873359@group-B673650064C9: changes role from  FOLLOWER to CANDIDATE at term 218 for changeToCandidate
2019-10-15 17:18:05,388 [Thread-1546] INFO  impl.RoleInfo (RoleInfo.java:updateAndGet(143)) - 79abbc2e-0a90-4a41-a17c-6388bb873359: start LeaderElection
2019-10-15 17:18:05,405 [79abbc2e-0a90-4a41-a17c-6388bb873359@group-B673650064C9-LeaderElection191] INFO  impl.LeaderElection (LeaderElection.java:askForVotes(178)) - 79abbc2e-0a90-4a41-a17c-6388bb873359@group-B673650064C9-LeaderElection191: begin an election at term 219 for -1: [ebd8d1f9-8297-450f-abe7-393807ba0c7e:192.168.164.239:36510, dbc121b5-e1e8-4c61-9d50-542b699a3d90:192.168.164.239:43140, 79abbc2e-0a90-4a41-a17c-6388bb873359:192.168.164.239:37857], old=null
2019-10-15 17:18:05,407 [grpc-default-executor-1] INFO  impl.RaftServerImpl (RaftServerImpl.java:setRole(184)) - dbc121b5-e1e8-4c61-9d50-542b699a3d90@group-B673650064C9: changes role from  FOLLOWER to FOLLOWER at term 219 for recognizeCandidate:79abbc2e-0a90-4a41-a17c-6388bb873359
2019-10-15 17:18:05,407 [grpc-default-executor-1] INFO  impl.RoleInfo (RoleInfo.java:shutdownFollowerState(121)) - dbc121b5-e1e8-4c61-9d50-542b699a3d90: shutdown FollowerState
2019-10-15 17:18:05,408 [grpc-default-executor-1] INFO  impl.RoleInfo (RoleInfo.java:updateAndGet(143)) - dbc121b5-e1e8-4c61-9d50-542b699a3d90: start FollowerState
2019-10-15 17:18:05,408 [Thread-1545] INFO  impl.FollowerState (FollowerState.java:run(117)) - dbc121b5-e1e8-4c61-9d50-542b699a3d90@group-B673650064C9-FollowerState was interrupted: java.lang.InterruptedException: sleep interrupted
2019-10-15 17:18:05,408 [grpc-default-executor-0] INFO  impl.RaftServerImpl (RaftServerImpl.java:setRole(184)) - ebd8d1f9-8297-450f-abe7-393807ba0c7e@group-B673650064C9: changes role from  FOLLOWER to FOLLOWER at term 219 for recognizeCandidate:79abbc2e-0a90-4a41-a17c-6388bb873359
2019-10-15 17:18:05,408 [grpc-default-executor-0] INFO  impl.RoleInfo (RoleInfo.java:shutdownFollowerState(121)) - ebd8d1f9-8297-450f-abe7-393807ba0c7e: shutdown FollowerState
2019-10-15 17:18:05,408 [grpc-default-executor-0] INFO  impl.RoleInfo (RoleInfo.java:updateAndGet(143)) - ebd8d1f9-8297-450f-abe7-393807ba0c7e: start FollowerState
2019-10-15 17:18:05,408 [Thread-1544] INFO  impl.FollowerState (FollowerState.java:run(117)) - ebd8d1f9-8297-450f-abe7-393807ba0c7e@group-B673650064C9-FollowerState was interrupted: java.lang.InterruptedException: sleep interrupted
2019-10-15 17:18:05,431 [79abbc2e-0a90-4a41-a17c-6388bb873359@group-B673650064C9-LeaderElection191] INFO  impl.LeaderElection (LeaderElection.java:logAndReturn(56)) - 79abbc2e-0a90-4a41-a17c-6388bb873359@group-B673650064C9-LeaderElection191: Election REJECTED; received 2 response(s) [79abbc2e-0a90-4a41-a17c-6388bb873359<-ebd8d1f9-8297-450f-abe7-393807ba0c7e#0:FAIL-t219, 79abbc2e-0a90-4a41-a17c-6388bb873359<-dbc121b5-e1e8-4c61-9d50-542b699a3d90#0:FAIL-t219] and 0 exception(s); 79abbc2e-0a90-4a41-a17c-6388bb873359@group-B673650064C9:t219, leader=null, voted=79abbc2e-0a90-4a41-a17c-6388bb873359, raftlog=79abbc2e-0a90-4a41-a17c-6388bb873359@group-B673650064C9-SegmentedRaftLog:OPENED:c-1,f-1,i0, conf=-1: [ebd8d1f9-8297-450f-abe7-393807ba0c7e:192.168.164.239:36510, dbc121b5-e1e8-4c61-9d50-542b699a3d90:192.168.164.239:43140, 79abbc2e-0a90-4a41-a17c-6388bb873359:192.168.164.239:37857], old=null
2019-10-15 17:18:05,432 [79abbc2e-0a90-4a41-a17c-6388bb873359@group-B673650064C9-LeaderElection191] INFO  impl.RaftServerImpl (RaftServerImpl.java:setRole(184)) - 79abbc2e-0a90-4a41-a17c-6388bb873359@group-B673650064C9: changes role from CANDIDATE to FOLLOWER at term 219 for DISCOVERED_A_NEW_TERM
2019-10-15 17:18:05,432 [79abbc2e-0a90-4a41-a17c-6388bb873359@group-B673650064C9-LeaderElection191] INFO  impl.RoleInfo (RoleInfo.java:shutdownLeaderElection(134)) - 79abbc2e-0a90-4a41-a17c-6388bb873359: shutdown LeaderElection
2019-10-15 17:18:05,432 [79abbc2e-0a90-4a41-a17c-6388bb873359@group-B673650064C9-LeaderElection191] INFO  impl.RoleInfo (RoleInfo.java:updateAndGet(143)) - 79abbc2e-0a90-4a41-a17c-6388bb873359: start FollowerState
2019-10-15 17:18:05,473 [Thread-1552] INFO  impl.FollowerState (FollowerState.java:run(108)) - 79abbc2e-0a90-4a41-a17c-6388bb873359@group-B673650064C9-FollowerState: change to CANDIDATE, lastRpcTime:41ms, electionTimeout:41ms
2019-10-15 17:18:05,473 [Thread-1552] INFO  impl.RoleInfo (RoleInfo.java:shutdownFollowerState(121)) - 79abbc2e-0a90-4a41-a17c-6388bb873359: shutdown FollowerState
2019-10-15 17:18:05,474 [Thread-1552] INFO  impl.RaftServerImpl (RaftServerImpl.java:setRole(184)) - 79abbc2e-0a90-4a41-a17c-6388bb873359@group-B673650064C9: changes role from  FOLLOWER to CANDIDATE at term 219 for changeToCandidate
2019-10-15 17:18:05,474 [Thread-1552] INFO  impl.RoleInfo (RoleInfo.java:updateAndGet(143)) - 79abbc2e-0a90-4a41-a17c-6388bb873359: start LeaderElection
2019-10-15 17:18:05,510 [79abbc2e-0a90-4a41-a17c-6388bb873359@group-B673650064C9-LeaderElection192] INFO  impl.LeaderElection (LeaderElection.java:askForVotes(178)) - 79abbc2e-0a90-4a41-a17c-6388bb873359@group-B673650064C9-LeaderElection192: begin an election at term 220 for -1: [ebd8d1f9-8297-450f-abe7-393807ba0c7e:192.168.164.239:36510, dbc121b5-e1e8-4c61-9d50-542b699a3d90:192.168.164.239:43140, 79abbc2e-0a90-4a41-a17c-6388bb873359:192.168.164.239:37857], old=null
2019-10-15 17:18:05,512 [grpc-default-executor-1] INFO  impl.RaftServerImpl (RaftServerImpl.java:setRole(184)) - ebd8d1f9-8297-450f-abe7-393807ba0c7e@group-B673650064C9: changes role from  FOLLOWER to FOLLOWER at term 220 for recognizeCandidate:79abbc2e-0a90-4a41-a17c-6388bb873359
2019-10-15 17:18:05,512 [grpc-default-executor-1] INFO  impl.RoleInfo (RoleInfo.java:shutdownFollowerState(121)) - ebd8d1f9-8297-450f-abe7-393807ba0c7e: shutdown FollowerState
2019-10-15 17:18:05,512 [grpc-default-executor-0] INFO  impl.RaftServerImpl (RaftServerImpl.java:setRole(184)) - dbc121b5-e1e8-4c61-9d50-542b699a3d90@group-B673650064C9: changes role from  FOLLOWER to FOLLOWER at term 220 for recognizeCandidate:79abbc2e-0a90-4a41-a17c-6388bb873359
2019-10-15 17:18:05,512 [Thread-1551] INFO  impl.FollowerState (FollowerState.java:run(117)) - ebd8d1f9-8297-450f-abe7-393807ba0c7e@group-B673650064C9-FollowerState was interrupted: java.lang.InterruptedException: sleep interrupted
2019-10-15 17:18:05,512 [grpc-default-executor-1] INFO  impl.RoleInfo (RoleInfo.java:updateAndGet(143)) - ebd8d1f9-8297-450f-abe7-393807ba0c7e: start FollowerState
2019-10-15 17:18:05,512 [grpc-default-executor-0] INFO  impl.RoleInfo (RoleInfo.java:shutdownFollowerState(121)) - dbc121b5-e1e8-4c61-9d50-542b699a3d90: shutdown FollowerState
2019-10-15 17:18:05,513 [grpc-default-executor-0] INFO  impl.RoleInfo (RoleInfo.java:updateAndGet(143)) - dbc121b5-e1e8-4c61-9d50-542b699a3d90: start FollowerState
2019-10-15 17:18:05,513 [Thread-1550] INFO  impl.FollowerState (FollowerState.java:run(117)) - dbc121b5-e1e8-4c61-9d50-542b699a3d90@group-B673650064C9-FollowerState was interrupted: java.lang.InterruptedException: sleep interrupted
2019-10-15 17:18:05,556 [79abbc2e-0a90-4a41-a17c-6388bb873359@group-B673650064C9-LeaderElection192] INFO  impl.LeaderElection (LeaderElection.java:logAndReturn(56)) - 79abbc2e-0a90-4a41-a17c-6388bb873359@group-B673650064C9-LeaderElection192: Election REJECTED; received 2 response(s) [79abbc2e-0a90-4a41-a17c-6388bb873359<-ebd8d1f9-8297-450f-abe7-393807ba0c7e#0:FAIL-t220, 79abbc2e-0a90-4a41-a17c-6388bb873359<-dbc121b5-e1e8-4c61-9d50-542b699a3d90#0:FAIL-t220] and 0 exception(s); 79abbc2e-0a90-4a41-a17c-6388bb873359@group-B673650064C9:t220, leader=null, voted=79abbc2e-0a90-4a41-a17c-6388bb873359, raftlog=79abbc2e-0a90-4a41-a17c-6388bb873359@group-B673650064C9-SegmentedRaftLog:OPENED:c-1,f-1,i0, conf=-1: [ebd8d1f9-8297-450f-abe7-393807ba0c7e:192.168.164.239:36510, dbc121b5-e1e8-4c61-9d50-542b699a3d90:192.168.164.239:43140, 79abbc2e-0a90-4a41-a17c-6388bb873359:192.168.164.239:37857], old=null
2019-10-15 17:18:05,556 [79abbc2e-0a90-4a41-a17c-6388bb873359@group-B673650064C9-LeaderElection192] INFO  impl.RaftServerImpl (RaftServerImpl.java:setRole(184)) - 79abbc2e-0a90-4a41-a17c-6388bb873359@group-B673650064C9: changes role from CANDIDATE to FOLLOWER at term 220 for DISCOVERED_A_NEW_TERM
2019-10-15 17:18:05,556 [79abbc2e-0a90-4a41-a17c-6388bb873359@group-B673650064C9-LeaderElection192] INFO  impl.RoleInfo (RoleInfo.java:shutdownLeaderElection(134)) - 79abbc2e-0a90-4a41-a17c-6388bb873359: shutdown LeaderElection
2019-10-15 17:18:05,556 [79abbc2e-0a90-4a41-a17c-6388bb873359@group-B673650064C9-LeaderElection192] INFO  impl.RoleInfo (RoleInfo.java:updateAndGet(143)) - 79abbc2e-0a90-4a41-a17c-6388bb873359: start FollowerState
2019-10-15 17:18:05,607 [Thread-1558] INFO  impl.FollowerState (FollowerState.java:run(108)) - 79abbc2e-0a90-4a41-a17c-6388bb873359@group-B673650064C9-FollowerState: change to CANDIDATE, lastRpcTime:51ms, electionTimeout:51ms
2019-10-15 17:18:05,608 [Thread-1558] INFO  impl.RoleInfo (RoleInfo.java:shutdownFollowerState(121)) - 79abbc2e-0a90-4a41-a17c-6388bb873359: shutdown FollowerState
2019-10-15 17:18:05,608 [Thread-1558] INFO  impl.RaftServerImpl (RaftServerImpl.java:setRole(184)) - 79abbc2e-0a90-4a41-a17c-6388bb873359@group-B673650064C9: changes role from  FOLLOWER to CANDIDATE at term 220 for changeToCandidate
2019-10-15 17:18:05,608 [Thread-1558] INFO  impl.RoleInfo (RoleInfo.java:updateAndGet(143)) - 79abbc2e-0a90-4a41-a17c-6388bb873359: start LeaderElection
2019-10-15 17:18:05,660 [79abbc2e-0a90-4a41-a17c-6388bb873359@group-B673650064C9-LeaderElection193] INFO  impl.LeaderElection (LeaderElection.java:askForVotes(178)) - 79abbc2e-0a90-4a41-a17c-6388bb873359@group-B673650064C9-LeaderElection193: begin an election at term 221 for -1: [ebd8d1f9-8297-450f-abe7-393807ba0c7e:192.168.164.239:36510, dbc121b5-e1e8-4c61-9d50-542b699a3d90:192.168.164.239:43140, 79abbc2e-0a90-4a41-a17c-6388bb873359:192.168.164.239:37857], old=null
2019-10-15 17:18:05,666 [grpc-default-executor-1] INFO  impl.RaftServerImpl (RaftServerImpl.java:setRole(184)) - ebd8d1f9-8297-450f-abe7-393807ba0c7e@group-B673650064C9: changes role from  FOLLOWER to FOLLOWER at term 221 for recognizeCandidate:79abbc2e-0a90-4a41-a17c-6388bb873359
2019-10-15 17:18:05,666 [grpc-default-executor-0] INFO  impl.RaftServerImpl (RaftServerImpl.java:setRole(184)) - dbc121b5-e1e8-4c61-9d50-542b699a3d90@group-B673650064C9: changes role from  FOLLOWER to FOLLOWER at term 221 for recognizeCandidate:79abbc2e-0a90-4a41-a17c-6388bb873359
2019-10-15 17:18:05,667 [grpc-default-executor-1] INFO  impl.RoleInfo (RoleInfo.java:shutdownFollowerState(121)) - ebd8d1f9-8297-450f-abe7-393807ba0c7e: shutdown FollowerState
2019-10-15 17:18:05,667 [grpc-default-executor-0] INFO  impl.RoleInfo (RoleInfo.java:shutdownFollowerState(121)) - dbc121b5-e1e8-4c61-9d50-542b699a3d90: shutdown FollowerState
2019-10-15 17:18:05,667 [grpc-default-executor-1] INFO  impl.RoleInfo (RoleInfo.java:updateAndGet(143)) - ebd8d1f9-8297-450f-abe7-393807ba0c7e: start FollowerState
2019-10-15 17:18:05,667 [Thread-1556] INFO  impl.FollowerState (FollowerState.java:run(117)) - ebd8d1f9-8297-450f-abe7-393807ba0c7e@group-B673650064C9-FollowerState was interrupted: java.lang.InterruptedException: sleep interrupted
2019-10-15 17:18:05,667 [grpc-default-executor-0] INFO  impl.RoleInfo (RoleInfo.java:updateAndGet(143)) - dbc121b5-e1e8-4c61-9d50-542b699a3d90: start FollowerState
2019-10-15 17:18:05,667 [Thread-1557] INFO  impl.FollowerState (FollowerState.java:run(117)) - dbc121b5-e1e8-4c61-9d50-542b699a3d90@group-B673650064C9-FollowerState was interrupted: java.lang.InterruptedException: sleep interrupted
2019-10-15 17:18:05,678 [79abbc2e-0a90-4a41-a17c-6388bb873359@group-B673650064C9-LeaderElection193] INFO  impl.LeaderElection (LeaderElection.java:logAndReturn(56)) - 79abbc2e-0a90-4a41-a17c-6388bb873359@group-B673650064C9-LeaderElection193: Election REJECTED; received 2 response(s) [79abbc2e-0a90-4a41-a17c-6388bb873359<-ebd8d1f9-8297-450f-abe7-393807ba0c7e#0:FAIL-t221, 79abbc2e-0a90-4a41-a17c-6388bb873359<-dbc121b5-e1e8-4c61-9d50-542b699a3d90#0:FAIL-t221] and 0 exception(s); 79abbc2e-0a90-4a41-a17c-6388bb873359@group-B673650064C9:t221, leader=null, voted=79abbc2e-0a90-4a41-a17c-6388bb873359, raftlog=79abbc2e-0a90-4a41-a17c-6388bb873359@group-B673650064C9-SegmentedRaftLog:OPENED:c-1,f-1,i0, conf=-1: [ebd8d1f9-8297-450f-abe7-393807ba0c7e:192.168.164.239:36510, dbc121b5-e1e8-4c61-9d50-542b699a3d90:192.168.164.239:43140, 79abbc2e-0a90-4a41-a17c-6388bb873359:192.168.164.239:37857], old=null
2019-10-15 17:18:05,679 [79abbc2e-0a90-4a41-a17c-6388bb873359@group-B673650064C9-LeaderElection193] INFO  impl.RaftServerImpl (RaftServerImpl.java:setRole(184)) - 79abbc2e-0a90-4a41-a17c-6388bb873359@group-B673650064C9: changes role from CANDIDATE to FOLLOWER at term 221 for DISCOVERED_A_NEW_TERM
2019-10-15 17:18:05,679 [79abbc2e-0a90-4a41-a17c-6388bb873359@group-B673650064C9-LeaderElection193] INFO  impl.RoleInfo (RoleInfo.java:shutdownLeaderElection(134)) - 79abbc2e-0a90-4a41-a17c-6388bb873359: shutdown LeaderElection
2019-10-15 17:18:05,679 [79abbc2e-0a90-4a41-a17c-6388bb873359@group-B673650064C9-LeaderElection193] INFO  impl.RoleInfo (RoleInfo.java:updateAndGet(143)) - 79abbc2e-0a90-4a41-a17c-6388bb873359: start FollowerState
2019-10-15 17:18:05,768 [Thread-1564] INFO  impl.FollowerState (FollowerState.java:run(108)) - 79abbc2e-0a90-4a41-a17c-6388bb873359@group-B673650064C9-FollowerState: change to CANDIDATE, lastRpcTime:89ms, electionTimeout:89ms
2019-10-15 17:18:05,768 [Thread-1564] INFO  impl.RoleInfo (RoleInfo.java:shutdownFollowerState(121)) - 79abbc2e-0a90-4a41-a17c-6388bb873359: shutdown FollowerState
2019-10-15 17:18:05,769 [Thread-1564] INFO  impl.RaftServerImpl (RaftServerImpl.java:setRole(184)) - 79abbc2e-0a90-4a41-a17c-6388bb873359@group-B673650064C9: changes role from  FOLLOWER to CANDIDATE at term 221 for changeToCandidate
2019-10-15 17:18:05,769 [Thread-1564] INFO  impl.RoleInfo (RoleInfo.java:updateAndGet(143)) - 79abbc2e-0a90-4a41-a17c-6388bb873359: start LeaderElection
2019-10-15 17:18:05,786 [79abbc2e-0a90-4a41-a17c-6388bb873359@group-B673650064C9-LeaderElection194] INFO  impl.LeaderElection (LeaderElection.java:askForVotes(178)) - 79abbc2e-0a90-4a41-a17c-6388bb873359@group-B673650064C9-LeaderElection194: begin an election at term 222 for -1: [ebd8d1f9-8297-450f-abe7-393807ba0c7e:192.168.164.239:36510, dbc121b5-e1e8-4c61-9d50-542b699a3d90:192.168.164.239:43140, 79abbc2e-0a90-4a41-a17c-6388bb873359:192.168.164.239:37857], old=null
2019-10-15 17:18:05,789 [grpc-default-executor-0] INFO  impl.RaftServerImpl (RaftServerImpl.java:setRole(184)) - dbc121b5-e1e8-4c61-9d50-542b699a3d90@group-B673650064C9: changes role from  FOLLOWER to FOLLOWER at term 222 for recognizeCandidate:79abbc2e-0a90-4a41-a17c-6388bb873359
2019-10-15 17:18:05,790 [grpc-default-executor-1] INFO  impl.RaftServerImpl (RaftServerImpl.java:setRole(184)) - ebd8d1f9-8297-450f-abe7-393807ba0c7e@group-B673650064C9: changes role from  FOLLOWER to FOLLOWER at term 222 for recognizeCandidate:79abbc2e-0a90-4a41-a17c-6388bb873359
2019-10-15 17:18:05,790 [grpc-default-executor-0] INFO  impl.RoleInfo (RoleInfo.java:shutdownFollowerState(121)) - dbc121b5-e1e8-4c61-9d50-542b699a3d90: shutdown FollowerState
2019-10-15 17:18:05,790 [grpc-default-executor-1] INFO  impl.RoleInfo (RoleInfo.java:shutdownFollowerState(121)) - ebd8d1f9-8297-450f-abe7-393807ba0c7e: shutdown FollowerState
2019-10-15 17:18:05,790 [grpc-default-executor-0] INFO  impl.RoleInfo (RoleInfo.java:updateAndGet(143)) - dbc121b5-e1e8-4c61-9d50-542b699a3d90: start FollowerState
2019-10-15 17:18:05,790 [Thread-1563] INFO  impl.FollowerState (FollowerState.java:run(117)) - dbc121b5-e1e8-4c61-9d50-542b699a3d90@group-B673650064C9-FollowerState was interrupted: java.lang.InterruptedException: sleep interrupted
2019-10-15 17:18:05,790 [Thread-1562] INFO  impl.FollowerState (FollowerState.java:run(117)) - ebd8d1f9-8297-450f-abe7-393807ba0c7e@group-B673650064C9-FollowerState was interrupted: java.lang.InterruptedException: sleep interrupted
2019-10-15 17:18:05,790 [grpc-default-executor-1] INFO  impl.RoleInfo (RoleInfo.java:updateAndGet(143)) - ebd8d1f9-8297-450f-abe7-393807ba0c7e: start FollowerState
2019-10-15 17:18:05,805 [79abbc2e-0a90-4a41-a17c-6388bb873359@group-B673650064C9-LeaderElection194] INFO  impl.LeaderElection (LeaderElection.java:logAndReturn(56)) - 79abbc2e-0a90-4a41-a17c-6388bb873359@group-B673650064C9-LeaderElection194: Election REJECTED; received 2 response(s) [79abbc2e-0a90-4a41-a17c-6388bb873359<-ebd8d1f9-8297-450f-abe7-393807ba0c7e#0:FAIL-t222, 79abbc2e-0a90-4a41-a17c-6388bb873359<-dbc121b5-e1e8-4c61-9d50-542b699a3d90#0:FAIL-t222] and 0 exception(s); 79abbc2e-0a90-4a41-a17c-6388bb873359@group-B673650064C9:t222, leader=null, voted=79abbc2e-0a90-4a41-a17c-6388bb873359, raftlog=79abbc2e-0a90-4a41-a17c-6388bb873359@group-B673650064C9-SegmentedRaftLog:OPENED:c-1,f-1,i0, conf=-1: [ebd8d1f9-8297-450f-abe7-393807ba0c7e:192.168.164.239:36510, dbc121b5-e1e8-4c61-9d50-542b699a3d90:192.168.164.239:43140, 79abbc2e-0a90-4a41-a17c-6388bb873359:192.168.164.239:37857], old=null
2019-10-15 17:18:05,805 [79abbc2e-0a90-4a41-a17c-6388bb873359@group-B673650064C9-LeaderElection194] INFO  impl.RaftServerImpl (RaftServerImpl.java:setRole(184)) - 79abbc2e-0a90-4a41-a17c-6388bb873359@group-B673650064C9: changes role from CANDIDATE to FOLLOWER at term 222 for DISCOVERED_A_NEW_TERM
2019-10-15 17:18:05,805 [79abbc2e-0a90-4a41-a17c-6388bb873359@group-B673650064C9-LeaderElection194] INFO  impl.RoleInfo (RoleInfo.java:shutdownLeaderElection(134)) - 79abbc2e-0a90-4a41-a17c-6388bb873359: shutdown LeaderElection
2019-10-15 17:18:05,805 [79abbc2e-0a90-4a41-a17c-6388bb873359@group-B673650064C9-LeaderElection194] INFO  impl.RoleInfo (RoleInfo.java:updateAndGet(143)) - 79abbc2e-0a90-4a41-a17c-6388bb873359: start FollowerState
2019-10-15 17:18:05,958 [Thread-1570] INFO  impl.FollowerState (FollowerState.java:run(108)) - 79abbc2e-0a90-4a41-a17c-6388bb873359@group-B673650064C9-FollowerState: change to CANDIDATE, lastRpcTime:152ms, electionTimeout:152ms
2019-10-15 17:18:05,958 [Thread-1570] INFO  impl.RoleInfo (RoleInfo.java:shutdownFollowerState(121)) - 79abbc2e-0a90-4a41-a17c-6388bb873359: shutdown FollowerState
2019-10-15 17:18:05,959 [Thread-1570] INFO  impl.RaftServerImpl (RaftServerImpl.java:setRole(184)) - 79abbc2e-0a90-4a41-a17c-6388bb873359@group-B673650064C9: changes role from  FOLLOWER to CANDIDATE at term 222 for changeToCandidate
2019-10-15 17:18:05,959 [Thread-1570] INFO  impl.RoleInfo (RoleInfo.java:updateAndGet(143)) - 79abbc2e-0a90-4a41-a17c-6388bb873359: start LeaderElection
2019-10-15 17:18:05,981 [79abbc2e-0a90-4a41-a17c-6388bb873359@group-B673650064C9-LeaderElection195] INFO  impl.LeaderElection (LeaderElection.java:askForVotes(178)) - 79abbc2e-0a90-4a41-a17c-6388bb873359@group-B673650064C9-LeaderElection195: begin an election at term 223 for -1: [ebd8d1f9-8297-450f-abe7-393807ba0c7e:192.168.164.239:36510, dbc121b5-e1e8-4c61-9d50-542b699a3d90:192.168.164.239:43140, 79abbc2e-0a90-4a41-a17c-6388bb873359:192.168.164.239:37857], old=null
2019-10-15 17:18:05,983 [grpc-default-executor-0] INFO  impl.RaftServerImpl (RaftServerImpl.java:setRole(184)) - ebd8d1f9-8297-450f-abe7-393807ba0c7e@group-B673650064C9: changes role from  FOLLOWER to FOLLOWER at term 223 for recognizeCandidate:79abbc2e-0a90-4a41-a17c-6388bb873359
2019-10-15 17:18:05,983 [grpc-default-executor-0] INFO  impl.RoleInfo (RoleInfo.java:shutdownFollowerState(121)) - ebd8d1f9-8297-450f-abe7-393807ba0c7e: shutdown FollowerState
2019-10-15 17:18:05,983 [grpc-default-executor-0] INFO  impl.RoleInfo (RoleInfo.java:updateAndGet(143)) - ebd8d1f9-8297-450f-abe7-393807ba0c7e: start FollowerState
2019-10-15 17:18:05,983 [grpc-default-executor-1] INFO  impl.RaftServerImpl (RaftServerImpl.java:setRole(184)) - dbc121b5-e1e8-4c61-9d50-542b699a3d90@group-B673650064C9: changes role from  FOLLOWER to FOLLOWER at term 223 for recognizeCandidate:79abbc2e-0a90-4a41-a17c-6388bb873359
2019-10-15 17:18:05,983 [Thread-1569] INFO  impl.FollowerState (FollowerState.java:run(117)) - ebd8d1f9-8297-450f-abe7-393807ba0c7e@group-B673650064C9-FollowerState was interrupted: java.lang.InterruptedException: sleep interrupted
2019-10-15 17:18:05,983 [grpc-default-executor-1] INFO  impl.RoleInfo (RoleInfo.java:shutdownFollowerState(121)) - dbc121b5-e1e8-4c61-9d50-542b699a3d90: shutdown FollowerState
2019-10-15 17:18:05,984 [grpc-default-executor-1] INFO  impl.RoleInfo (RoleInfo.java:updateAndGet(143)) - dbc121b5-e1e8-4c61-9d50-542b699a3d90: start FollowerState
2019-10-15 17:18:05,984 [Thread-1568] INFO  impl.FollowerState (FollowerState.java:run(117)) - dbc121b5-e1e8-4c61-9d50-542b699a3d90@group-B673650064C9-FollowerState was interrupted: java.lang.InterruptedException: sleep interrupted
2019-10-15 17:18:06,016 [79abbc2e-0a90-4a41-a17c-6388bb873359@group-B673650064C9-LeaderElection195] INFO  impl.LeaderElection (LeaderElection.java:logAndReturn(56)) - 79abbc2e-0a90-4a41-a17c-6388bb873359@group-B673650064C9-LeaderElection195: Election REJECTED; received 2 response(s) [79abbc2e-0a90-4a41-a17c-6388bb873359<-ebd8d1f9-8297-450f-abe7-393807ba0c7e#0:FAIL-t223, 79abbc2e-0a90-4a41-a17c-6388bb873359<-dbc121b5-e1e8-4c61-9d50-542b699a3d90#0:FAIL-t223] and 0 exception(s); 79abbc2e-0a90-4a41-a17c-6388bb873359@group-B673650064C9:t223, leader=null, voted=79abbc2e-0a90-4a41-a17c-6388bb873359, raftlog=79abbc2e-0a90-4a41-a17c-6388bb873359@group-B673650064C9-SegmentedRaftLog:OPENED:c-1,f-1,i0, conf=-1: [ebd8d1f9-8297-450f-abe7-393807ba0c7e:192.168.164.239:36510, dbc121b5-e1e8-4c61-9d50-542b699a3d90:192.168.164.239:43140, 79abbc2e-0a90-4a41-a17c-6388bb873359:192.168.164.239:37857], old=null
2019-10-15 17:18:06,017 [79abbc2e-0a90-4a41-a17c-6388bb873359@group-B673650064C9-LeaderElection195] INFO  impl.RaftServerImpl (RaftServerImpl.java:setRole(184)) - 79abbc2e-0a90-4a41-a17c-6388bb873359@group-B673650064C9: changes role from CANDIDATE to FOLLOWER at term 223 for DISCOVERED_A_NEW_TERM
2019-10-15 17:18:06,017 [79abbc2e-0a90-4a41-a17c-6388bb873359@group-B673650064C9-LeaderElection195] INFO  impl.RoleInfo (RoleInfo.java:shutdownLeaderElection(134)) - 79abbc2e-0a90-4a41-a17c-6388bb873359: shutdown LeaderElection
2019-10-15 17:18:06,017 [79abbc2e-0a90-4a41-a17c-6388bb873359@group-B673650064C9-LeaderElection195] INFO  impl.RoleInfo (RoleInfo.java:updateAndGet(143)) - 79abbc2e-0a90-4a41-a17c-6388bb873359: start FollowerState
2019-10-15 17:18:06,128 [Thread-1578] INFO  impl.FollowerState (FollowerState.java:run(108)) - 79abbc2e-0a90-4a41-a17c-6388bb873359@group-B673650064C9-FollowerState: change to CANDIDATE, lastRpcTime:111ms, electionTimeout:111ms
2019-10-15 17:18:06,129 [Thread-1578] INFO  impl.RoleInfo (RoleInfo.java:shutdownFollowerState(121)) - 79abbc2e-0a90-4a41-a17c-6388bb873359: shutdown FollowerState
2019-10-15 17:18:06,129 [Thread-1578] INFO  impl.RaftServerImpl (RaftServerImpl.java:setRole(184)) - 79abbc2e-0a90-4a41-a17c-6388bb873359@group-B673650064C9: changes role from  FOLLOWER to CANDIDATE at term 223 for changeToCandidate
2019-10-15 17:18:06,129 [Thread-1578] INFO  impl.RoleInfo (RoleInfo.java:updateAndGet(143)) - 79abbc2e-0a90-4a41-a17c-6388bb873359: start LeaderElection
2019-10-15 17:18:06,151 [79abbc2e-0a90-4a41-a17c-6388bb873359@group-B673650064C9-LeaderElection196] INFO  impl.LeaderElection (LeaderElection.java:askForVotes(178)) - 79abbc2e-0a90-4a41-a17c-6388bb873359@group-B673650064C9-LeaderElection196: begin an election at term 224 for -1: [ebd8d1f9-8297-450f-abe7-393807ba0c7e:192.168.164.239:36510, dbc121b5-e1e8-4c61-9d50-542b699a3d90:192.168.164.239:43140, 79abbc2e-0a90-4a41-a17c-6388bb873359:192.168.164.239:37857], old=null
2019-10-15 17:18:06,153 [grpc-default-executor-0] INFO  impl.RaftServerImpl (RaftServerImpl.java:setRole(184)) - ebd8d1f9-8297-450f-abe7-393807ba0c7e@group-B673650064C9: changes role from  FOLLOWER to FOLLOWER at term 224 for recognizeCandidate:79abbc2e-0a90-4a41-a17c-6388bb873359
2019-10-15 17:18:06,153 [grpc-default-executor-1] INFO  impl.RaftServerImpl (RaftServerImpl.java:setRole(184)) - dbc121b5-e1e8-4c61-9d50-542b699a3d90@group-B673650064C9: changes role from  FOLLOWER to FOLLOWER at term 224 for recognizeCandidate:79abbc2e-0a90-4a41-a17c-6388bb873359
2019-10-15 17:18:06,153 [grpc-default-executor-0] INFO  impl.RoleInfo (RoleInfo.java:shutdownFollowerState(121)) - ebd8d1f9-8297-450f-abe7-393807ba0c7e: shutdown FollowerState
2019-10-15 17:18:06,153 [grpc-default-executor-1] INFO  impl.RoleInfo (RoleInfo.java:shutdownFollowerState(121)) - dbc121b5-e1e8-4c61-9d50-542b699a3d90: shutdown FollowerState
2019-10-15 17:18:06,154 [Thread-1576] INFO  impl.FollowerState (FollowerState.java:run(117)) - ebd8d1f9-8297-450f-abe7-393807ba0c7e@group-B673650064C9-FollowerState was interrupted: java.lang.InterruptedException: sleep interrupted
2019-10-15 17:18:06,154 [grpc-default-executor-0] INFO  impl.RoleInfo (RoleInfo.java:updateAndGet(143)) - ebd8d1f9-8297-450f-abe7-393807ba0c7e: start FollowerState
2019-10-15 17:18:06,154 [Thread-1577] INFO  impl.FollowerState (FollowerState.java:run(117)) - dbc121b5-e1e8-4c61-9d50-542b699a3d90@group-B673650064C9-FollowerState was interrupted: java.lang.InterruptedException: sleep interrupted
2019-10-15 17:18:06,154 [grpc-default-executor-1] INFO  impl.RoleInfo (RoleInfo.java:updateAndGet(143)) - dbc121b5-e1e8-4c61-9d50-542b699a3d90: start FollowerState
2019-10-15 17:18:06,176 [79abbc2e-0a90-4a41-a17c-6388bb873359@group-B673650064C9-LeaderElection196] INFO  impl.LeaderElection (LeaderElection.java:logAndReturn(56)) - 79abbc2e-0a90-4a41-a17c-6388bb873359@group-B673650064C9-LeaderElection196: Election TIMEOUT; received 0 response(s) [] and 0 exception(s); 79abbc2e-0a90-4a41-a17c-6388bb873359@group-B673650064C9:t224, leader=null, voted=79abbc2e-0a90-4a41-a17c-6388bb873359, raftlog=79abbc2e-0a90-4a41-a17c-6388bb873359@group-B673650064C9-SegmentedRaftLog:OPENED:c-1,f-1,i0, conf=-1: [ebd8d1f9-8297-450f-abe7-393807ba0c7e:192.168.164.239:36510, dbc121b5-e1e8-4c61-9d50-542b699a3d90:192.168.164.239:43140, 79abbc2e-0a90-4a41-a17c-6388bb873359:192.168.164.239:37857], old=null
2019-10-15 17:18:06,194 [79abbc2e-0a90-4a41-a17c-6388bb873359@group-B673650064C9-LeaderElection196] INFO  impl.LeaderElection (LeaderElection.java:askForVotes(178)) - 79abbc2e-0a90-4a41-a17c-6388bb873359@group-B673650064C9-LeaderElection196: begin an election at term 225 for -1: [ebd8d1f9-8297-450f-abe7-393807ba0c7e:192.168.164.239:36510, dbc121b5-e1e8-4c61-9d50-542b699a3d90:192.168.164.239:43140, 79abbc2e-0a90-4a41-a17c-6388bb873359:192.168.164.239:37857], old=null
2019-10-15 17:18:06,196 [grpc-default-executor-1] INFO  impl.RaftServerImpl (RaftServerImpl.java:setRole(184)) - ebd8d1f9-8297-450f-abe7-393807ba0c7e@group-B673650064C9: changes role from  FOLLOWER to FOLLOWER at term 225 for recognizeCandidate:79abbc2e-0a90-4a41-a17c-6388bb873359
2019-10-15 17:18:06,196 [grpc-default-executor-1] INFO  impl.RoleInfo (RoleInfo.java:shutdownFollowerState(121)) - ebd8d1f9-8297-450f-abe7-393807ba0c7e: shutdown FollowerState
2019-10-15 17:18:06,196 [grpc-default-executor-0] INFO  impl.RaftServerImpl (RaftServerImpl.java:setRole(184)) - dbc121b5-e1e8-4c61-9d50-542b699a3d90@group-B673650064C9: changes role from  FOLLOWER to FOLLOWER at term 225 for recognizeCandidate:79abbc2e-0a90-4a41-a17c-6388bb873359
2019-10-15 17:18:06,197 [grpc-default-executor-0] INFO  impl.RoleInfo (RoleInfo.java:shutdownFollowerState(121)) - dbc121b5-e1e8-4c61-9d50-542b699a3d90: shutdown FollowerState
2019-10-15 17:18:06,197 [Thread-1582] INFO  impl.FollowerState (FollowerState.java:run(117)) - ebd8d1f9-8297-450f-abe7-393807ba0c7e@group-B673650064C9-FollowerState was interrupted: java.lang.InterruptedException: sleep interrupted
2019-10-15 17:18:06,196 [grpc-default-executor-1] INFO  impl.RoleInfo (RoleInfo.java:updateAndGet(143)) - ebd8d1f9-8297-450f-abe7-393807ba0c7e: start FollowerState
2019-10-15 17:18:06,197 [Thread-1583] INFO  impl.FollowerState (FollowerState.java:run(117)) - dbc121b5-e1e8-4c61-9d50-542b699a3d90@group-B673650064C9-FollowerState was interrupted: java.lang.InterruptedException: sleep interrupted
2019-10-15 17:18:06,197 [grpc-default-executor-0] INFO  impl.RoleInfo (RoleInfo.java:updateAndGet(143)) - dbc121b5-e1e8-4c61-9d50-542b699a3d90: start FollowerState
2019-10-15 17:18:06,199 [79abbc2e-0a90-4a41-a17c-6388bb873359@group-B673650064C9-LeaderElection196] INFO  impl.LeaderElection (LeaderElection.java:logAndReturn(56)) - 79abbc2e-0a90-4a41-a17c-6388bb873359@group-B673650064C9-LeaderElection196: Election TIMEOUT; received 0 response(s) [] and 0 exception(s); 79abbc2e-0a90-4a41-a17c-6388bb873359@group-B673650064C9:t225, leader=null, voted=79abbc2e-0a90-4a41-a17c-6388bb873359, raftlog=79abbc2e-0a90-4a41-a17c-6388bb873359@group-B673650064C9-SegmentedRaftLog:OPENED:c-1,f-1,i0, conf=-1: [ebd8d1f9-8297-450f-abe7-393807ba0c7e:192.168.164.239:36510, dbc121b5-e1e8-4c61-9d50-542b699a3d90:192.168.164.239:43140, 79abbc2e-0a90-4a41-a17c-6388bb873359:192.168.164.239:37857], old=null
2019-10-15 17:18:06,229 [79abbc2e-0a90-4a41-a17c-6388bb873359@group-B673650064C9-LeaderElection196] INFO  impl.LeaderElection (LeaderElection.java:askForVotes(178)) - 79abbc2e-0a90-4a41-a17c-6388bb873359@group-B673650064C9-LeaderElection196: begin an election at term 226 for -1: [ebd8d1f9-8297-450f-abe7-393807ba0c7e:192.168.164.239:36510, dbc121b5-e1e8-4c61-9d50-542b699a3d90:192.168.164.239:43140, 79abbc2e-0a90-4a41-a17c-6388bb873359:192.168.164.239:37857], old=null
2019-10-15 17:18:06,231 [grpc-default-executor-1] INFO  impl.RaftServerImpl (RaftServerImpl.java:setRole(184)) - dbc121b5-e1e8-4c61-9d50-542b699a3d90@group-B673650064C9: changes role from  FOLLOWER to FOLLOWER at term 226 for recognizeCandidate:79abbc2e-0a90-4a41-a17c-6388bb873359
2019-10-15 17:18:06,231 [grpc-default-executor-0] INFO  impl.RaftServerImpl (RaftServerImpl.java:setRole(184)) - ebd8d1f9-8297-450f-abe7-393807ba0c7e@group-B673650064C9: changes role from  FOLLOWER to FOLLOWER at term 226 for recognizeCandidate:79abbc2e-0a90-4a41-a17c-6388bb873359
2019-10-15 17:18:06,231 [grpc-default-executor-1] INFO  impl.RoleInfo (RoleInfo.java:shutdownFollowerState(121)) - dbc121b5-e1e8-4c61-9d50-542b699a3d90: shutdown FollowerState
2019-10-15 17:18:06,231 [grpc-default-executor-0] INFO  impl.RoleInfo (RoleInfo.java:shutdownFollowerState(121)) - ebd8d1f9-8297-450f-abe7-393807ba0c7e: shutdown FollowerState
2019-10-15 17:18:06,231 [grpc-default-executor-0] INFO  impl.RoleInfo (RoleInfo.java:updateAndGet(143)) - ebd8d1f9-8297-450f-abe7-393807ba0c7e: start FollowerState
2019-10-15 17:18:06,231 [Thread-1587] INFO  impl.FollowerState (FollowerState.java:run(117)) - dbc121b5-e1e8-4c61-9d50-542b699a3d90@group-B673650064C9-FollowerState was interrupted: java.lang.InterruptedException: sleep interrupted
2019-10-15 17:18:06,231 [grpc-default-executor-1] INFO  impl.RoleInfo (RoleInfo.java:updateAndGet(143)) - dbc121b5-e1e8-4c61-9d50-542b699a3d90: start FollowerState
2019-10-15 17:18:06,231 [Thread-1586] INFO  impl.FollowerState (FollowerState.java:run(117)) - ebd8d1f9-8297-450f-abe7-393807ba0c7e@group-B673650064C9-FollowerState was interrupted: java.lang.InterruptedException: sleep interrupted
2019-10-15 17:18:06,247 [79abbc2e-0a90-4a41-a17c-6388bb873359@group-B673650064C9-LeaderElection196] INFO  impl.LeaderElection (LeaderElection.java:logAndReturn(56)) - 79abbc2e-0a90-4a41-a17c-6388bb873359@group-B673650064C9-LeaderElection196: Election REJECTED; received 2 response(s) [79abbc2e-0a90-4a41-a17c-6388bb873359<-ebd8d1f9-8297-450f-abe7-393807ba0c7e#0:FAIL-t226, 79abbc2e-0a90-4a41-a17c-6388bb873359<-dbc121b5-e1e8-4c61-9d50-542b699a3d90#0:FAIL-t226] and 0 exception(s); 79abbc2e-0a90-4a41-a17c-6388bb873359@group-B673650064C9:t226, leader=null, voted=79abbc2e-0a90-4a41-a17c-6388bb873359, raftlog=79abbc2e-0a90-4a41-a17c-6388bb873359@group-B673650064C9-SegmentedRaftLog:OPENED:c-1,f-1,i0, conf=-1: [ebd8d1f9-8297-450f-abe7-393807ba0c7e:192.168.164.239:36510, dbc121b5-e1e8-4c61-9d50-542b699a3d90:192.168.164.239:43140, 79abbc2e-0a90-4a41-a17c-6388bb873359:192.168.164.239:37857], old=null
2019-10-15 17:18:06,247 [79abbc2e-0a90-4a41-a17c-6388bb873359@group-B673650064C9-LeaderElection196] INFO  impl.RaftServerImpl (RaftServerImpl.java:setRole(184)) - 79abbc2e-0a90-4a41-a17c-6388bb873359@group-B673650064C9: changes role from CANDIDATE to FOLLOWER at term 226 for DISCOVERED_A_NEW_TERM
2019-10-15 17:18:06,247 [79abbc2e-0a90-4a41-a17c-6388bb873359@group-B673650064C9-LeaderElection196] INFO  impl.RoleInfo (RoleInfo.java:shutdownLeaderElection(134)) - 79abbc2e-0a90-4a41-a17c-6388bb873359: shutdown LeaderElection
2019-10-15 17:18:06,248 [79abbc2e-0a90-4a41-a17c-6388bb873359@group-B673650064C9-LeaderElection196] INFO  impl.RoleInfo (RoleInfo.java:updateAndGet(143)) - 79abbc2e-0a90-4a41-a17c-6388bb873359: start FollowerState
2019-10-15 17:18:06,297 [Thread-1592] INFO  impl.FollowerState (FollowerState.java:run(108)) - 79abbc2e-0a90-4a41-a17c-6388bb873359@group-B673650064C9-FollowerState: change to CANDIDATE, lastRpcTime:49ms, electionTimeout:49ms
2019-10-15 17:18:06,297 [Thread-1592] INFO  impl.RoleInfo (RoleInfo.java:shutdownFollowerState(121)) - 79abbc2e-0a90-4a41-a17c-6388bb873359: shutdown FollowerState
2019-10-15 17:18:06,297 [Thread-1592] INFO  impl.RaftServerImpl (RaftServerImpl.java:setRole(184)) - 79abbc2e-0a90-4a41-a17c-6388bb873359@group-B673650064C9: changes role from  FOLLOWER to CANDIDATE at term 226 for changeToCandidate
2019-10-15 17:18:06,297 [Thread-1592] INFO  impl.RoleInfo (RoleInfo.java:updateAndGet(143)) - 79abbc2e-0a90-4a41-a17c-6388bb873359: start LeaderElection
2019-10-15 17:18:06,314 [79abbc2e-0a90-4a41-a17c-6388bb873359@group-B673650064C9-LeaderElection197] INFO  impl.LeaderElection (LeaderElection.java:askForVotes(178)) - 79abbc2e-0a90-4a41-a17c-6388bb873359@group-B673650064C9-LeaderElection197: begin an election at term 227 for -1: [ebd8d1f9-8297-450f-abe7-393807ba0c7e:192.168.164.239:36510, dbc121b5-e1e8-4c61-9d50-542b699a3d90:192.168.164.239:43140, 79abbc2e-0a90-4a41-a17c-6388bb873359:192.168.164.239:37857], old=null
2019-10-15 17:18:06,316 [grpc-default-executor-1] INFO  impl.RaftServerImpl (RaftServerImpl.java:setRole(184)) - dbc121b5-e1e8-4c61-9d50-542b699a3d90@group-B673650064C9: changes role from  FOLLOWER to FOLLOWER at term 227 for recognizeCandidate:79abbc2e-0a90-4a41-a17c-6388bb873359
2019-10-15 17:18:06,316 [grpc-default-executor-0] INFO  impl.RaftServerImpl (RaftServerImpl.java:setRole(184)) - ebd8d1f9-8297-450f-abe7-393807ba0c7e@group-B673650064C9: changes role from  FOLLOWER to FOLLOWER at term 227 for recognizeCandidate:79abbc2e-0a90-4a41-a17c-6388bb873359
2019-10-15 17:18:06,316 [grpc-default-executor-1] INFO  impl.RoleInfo (RoleInfo.java:shutdownFollowerState(121)) - dbc121b5-e1e8-4c61-9d50-542b699a3d90: shutdown FollowerState
2019-10-15 17:18:06,317 [grpc-default-executor-0] INFO  impl.RoleInfo (RoleInfo.java:shutdownFollowerState(121)) - ebd8d1f9-8297-450f-abe7-393807ba0c7e: shutdown FollowerState
2019-10-15 17:18:06,317 [Thread-1590] INFO  impl.FollowerState (FollowerState.java:run(117)) - dbc121b5-e1e8-4c61-9d50-542b699a3d90@group-B673650064C9-FollowerState was interrupted: java.lang.InterruptedException: sleep interrupted
2019-10-15 17:18:06,317 [grpc-default-executor-1] INFO  impl.RoleInfo (RoleInfo.java:updateAndGet(143)) - dbc121b5-e1e8-4c61-9d50-542b699a3d90: start FollowerState
2019-10-15 17:18:06,317 [Thread-1591] INFO  impl.FollowerState (FollowerState.java:run(117)) - ebd8d1f9-8297-450f-abe7-393807ba0c7e@group-B673650064C9-FollowerState was interrupted: java.lang.InterruptedException: sleep interrupted
2019-10-15 17:18:06,317 [grpc-default-executor-0] INFO  impl.RoleInfo (RoleInfo.java:updateAndGet(143)) - ebd8d1f9-8297-450f-abe7-393807ba0c7e: start FollowerState
2019-10-15 17:18:06,332 [79abbc2e-0a90-4a41-a17c-6388bb873359@group-B673650064C9-LeaderElection197] INFO  impl.LeaderElection (LeaderElection.java:logAndReturn(56)) - 79abbc2e-0a90-4a41-a17c-6388bb873359@group-B673650064C9-LeaderElection197: Election REJECTED; received 2 response(s) [79abbc2e-0a90-4a41-a17c-6388bb873359<-ebd8d1f9-8297-450f-abe7-393807ba0c7e#0:FAIL-t227, 79abbc2e-0a90-4a41-a17c-6388bb873359<-dbc121b5-e1e8-4c61-9d50-542b699a3d90#0:FAIL-t227] and 0 exception(s); 79abbc2e-0a90-4a41-a17c-6388bb873359@group-B673650064C9:t227, leader=null, voted=79abbc2e-0a90-4a41-a17c-6388bb873359, raftlog=79abbc2e-0a90-4a41-a17c-6388bb873359@group-B673650064C9-SegmentedRaftLog:OPENED:c-1,f-1,i0, conf=-1: [ebd8d1f9-8297-450f-abe7-393807ba0c7e:192.168.164.239:36510, dbc121b5-e1e8-4c61-9d50-542b699a3d90:192.168.164.239:43140, 79abbc2e-0a90-4a41-a17c-6388bb873359:192.168.164.239:37857], old=null
2019-10-15 17:18:06,332 [79abbc2e-0a90-4a41-a17c-6388bb873359@group-B673650064C9-LeaderElection197] INFO  impl.RaftServerImpl (RaftServerImpl.java:setRole(184)) - 79abbc2e-0a90-4a41-a17c-6388bb873359@group-B673650064C9: changes role from CANDIDATE to FOLLOWER at term 227 for DISCOVERED_A_NEW_TERM
2019-10-15 17:18:06,333 [79abbc2e-0a90-4a41-a17c-6388bb873359@group-B673650064C9-LeaderElection197] INFO  impl.RoleInfo (RoleInfo.java:shutdownLeaderElection(134)) - 79abbc2e-0a90-4a41-a17c-6388bb873359: shutdown LeaderElection
2019-10-15 17:18:06,333 [79abbc2e-0a90-4a41-a17c-6388bb873359@group-B673650064C9-LeaderElection197] INFO  impl.RoleInfo (RoleInfo.java:updateAndGet(143)) - 79abbc2e-0a90-4a41-a17c-6388bb873359: start FollowerState
2019-10-15 17:18:06,443 [Thread-1598] INFO  impl.FollowerState (FollowerState.java:run(108)) - 79abbc2e-0a90-4a41-a17c-6388bb873359@group-B673650064C9-FollowerState: change to CANDIDATE, lastRpcTime:110ms, electionTimeout:110ms
2019-10-15 17:18:06,443 [Thread-1598] INFO  impl.RoleInfo (RoleInfo.java:shutdownFollowerState(121)) - 79abbc2e-0a90-4a41-a17c-6388bb873359: shutdown FollowerState
2019-10-15 17:18:06,443 [Thread-1598] INFO  impl.RaftServerImpl (RaftServerImpl.java:setRole(184)) - 79abbc2e-0a90-4a41-a17c-6388bb873359@group-B673650064C9: changes role from  FOLLOWER to CANDIDATE at term 227 for changeToCandidate
2019-10-15 17:18:06,444 [Thread-1598] INFO  impl.RoleInfo (RoleInfo.java:updateAndGet(143)) - 79abbc2e-0a90-4a41-a17c-6388bb873359: start LeaderElection
2019-10-15 17:18:06,475 [79abbc2e-0a90-4a41-a17c-6388bb873359@group-B673650064C9-LeaderElection198] INFO  impl.LeaderElection (LeaderElection.java:askForVotes(178)) - 79abbc2e-0a90-4a41-a17c-6388bb873359@group-B673650064C9-LeaderElection198: begin an election at term 228 for -1: [ebd8d1f9-8297-450f-abe7-393807ba0c7e:192.168.164.239:36510, dbc121b5-e1e8-4c61-9d50-542b699a3d90:192.168.164.239:43140, 79abbc2e-0a90-4a41-a17c-6388bb873359:192.168.164.239:37857], old=null
2019-10-15 17:18:06,476 [grpc-default-executor-1] INFO  impl.RaftServerImpl (RaftServerImpl.java:setRole(184)) - ebd8d1f9-8297-450f-abe7-393807ba0c7e@group-B673650064C9: changes role from  FOLLOWER to FOLLOWER at term 228 for recognizeCandidate:79abbc2e-0a90-4a41-a17c-6388bb873359
2019-10-15 17:18:06,477 [grpc-default-executor-0] INFO  impl.RaftServerImpl (RaftServerImpl.java:setRole(184)) - dbc121b5-e1e8-4c61-9d50-542b699a3d90@group-B673650064C9: changes role from  FOLLOWER to FOLLOWER at term 228 for recognizeCandidate:79abbc2e-0a90-4a41-a17c-6388bb873359
2019-10-15 17:18:06,477 [grpc-default-executor-1] INFO  impl.RoleInfo (RoleInfo.java:shutdownFollowerState(121)) - ebd8d1f9-8297-450f-abe7-393807ba0c7e: shutdown FollowerState
2019-10-15 17:18:06,477 [grpc-default-executor-0] INFO  impl.RoleInfo (RoleInfo.java:shutdownFollowerState(121)) - dbc121b5-e1e8-4c61-9d50-542b699a3d90: shutdown FollowerState
2019-10-15 17:18:06,477 [Thread-1597] INFO  impl.FollowerState (FollowerState.java:run(117)) - ebd8d1f9-8297-450f-abe7-393807ba0c7e@group-B673650064C9-FollowerState was interrupted: java.lang.InterruptedException: sleep interrupted
2019-10-15 17:18:06,477 [grpc-default-executor-1] INFO  impl.RoleInfo (RoleInfo.java:updateAndGet(143)) - ebd8d1f9-8297-450f-abe7-393807ba0c7e: start FollowerState
2019-10-15 17:18:06,477 [Thread-1596] INFO  impl.FollowerState (FollowerState.java:run(117)) - dbc121b5-e1e8-4c61-9d50-542b699a3d90@group-B673650064C9-FollowerState was interrupted: java.lang.InterruptedException: sleep interrupted
2019-10-15 17:18:06,477 [grpc-default-executor-0] INFO  impl.RoleInfo (RoleInfo.java:updateAndGet(143)) - dbc121b5-e1e8-4c61-9d50-542b699a3d90: start FollowerState
2019-10-15 17:18:06,501 [79abbc2e-0a90-4a41-a17c-6388bb873359@group-B673650064C9-LeaderElection198] INFO  impl.LeaderElection (LeaderElection.java:logAndReturn(56)) - 79abbc2e-0a90-4a41-a17c-6388bb873359@group-B673650064C9-LeaderElection198: Election REJECTED; received 2 response(s) [79abbc2e-0a90-4a41-a17c-6388bb873359<-ebd8d1f9-8297-450f-abe7-393807ba0c7e#0:FAIL-t228, 79abbc2e-0a90-4a41-a17c-6388bb873359<-dbc121b5-e1e8-4c61-9d50-542b699a3d90#0:FAIL-t228] and 0 exception(s); 79abbc2e-0a90-4a41-a17c-6388bb873359@group-B673650064C9:t228, leader=null, voted=79abbc2e-0a90-4a41-a17c-6388bb873359, raftlog=79abbc2e-0a90-4a41-a17c-6388bb873359@group-B673650064C9-SegmentedRaftLog:OPENED:c-1,f-1,i0, conf=-1: [ebd8d1f9-8297-450f-abe7-393807ba0c7e:192.168.164.239:36510, dbc121b5-e1e8-4c61-9d50-542b699a3d90:192.168.164.239:43140, 79abbc2e-0a90-4a41-a17c-6388bb873359:192.168.164.239:37857], old=null
2019-10-15 17:18:06,502 [79abbc2e-0a90-4a41-a17c-6388bb873359@group-B673650064C9-LeaderElection198] INFO  impl.RaftServerImpl (RaftServerImpl.java:setRole(184)) - 79abbc2e-0a90-4a41-a17c-6388bb873359@group-B673650064C9: changes role from CANDIDATE to FOLLOWER at term 228 for DISCOVERED_A_NEW_TERM
2019-10-15 17:18:06,502 [79abbc2e-0a90-4a41-a17c-6388bb873359@group-B673650064C9-LeaderElection198] INFO  impl.RoleInfo (RoleInfo.java:shutdownLeaderElection(134)) - 79abbc2e-0a90-4a41-a17c-6388bb873359: shutdown LeaderElection
2019-10-15 17:18:06,502 [79abbc2e-0a90-4a41-a17c-6388bb873359@group-B673650064C9-LeaderElection198] INFO  impl.RoleInfo (RoleInfo.java:updateAndGet(143)) - 79abbc2e-0a90-4a41-a17c-6388bb873359: start FollowerState
2019-10-15 17:18:06,645 [Thread-1604] INFO  impl.FollowerState (FollowerState.java:run(108)) - 79abbc2e-0a90-4a41-a17c-6388bb873359@group-B673650064C9-FollowerState: change to CANDIDATE, lastRpcTime:143ms, electionTimeout:143ms
2019-10-15 17:18:06,645 [Thread-1604] INFO  impl.RoleInfo (RoleInfo.java:shutdownFollowerState(121)) - 79abbc2e-0a90-4a41-a17c-6388bb873359: shutdown FollowerState
2019-10-15 17:18:06,646 [Thread-1604] INFO  impl.RaftServerImpl (RaftServerImpl.java:setRole(184)) - 79abbc2e-0a90-4a41-a17c-6388bb873359@group-B673650064C9: changes role from  FOLLOWER to CANDIDATE at term 228 for changeToCandidate
2019-10-15 17:18:06,646 [Thread-1604] INFO  impl.RoleInfo (RoleInfo.java:updateAndGet(143)) - 79abbc2e-0a90-4a41-a17c-6388bb873359: start LeaderElection
2019-10-15 17:18:06,669 [79abbc2e-0a90-4a41-a17c-6388bb873359@group-B673650064C9-LeaderElection199] INFO  impl.LeaderElection (LeaderElection.java:askForVotes(178)) - 79abbc2e-0a90-4a41-a17c-6388bb873359@group-B673650064C9-LeaderElection199: begin an election at term 229 for -1: [ebd8d1f9-8297-450f-abe7-393807ba0c7e:192.168.164.239:36510, dbc121b5-e1e8-4c61-9d50-542b699a3d90:192.168.164.239:43140, 79abbc2e-0a90-4a41-a17c-6388bb873359:192.168.164.239:37857], old=null
2019-10-15 17:18:06,671 [grpc-default-executor-1] INFO  impl.RaftServerImpl (RaftServerImpl.java:setRole(184)) - dbc121b5-e1e8-4c61-9d50-542b699a3d90@group-B673650064C9: changes role from  FOLLOWER to FOLLOWER at term 229 for recognizeCandidate:79abbc2e-0a90-4a41-a17c-6388bb873359
2019-10-15 17:18:06,671 [grpc-default-executor-1] INFO  impl.RoleInfo (RoleInfo.java:shutdownFollowerState(121)) - dbc121b5-e1e8-4c61-9d50-542b699a3d90: shutdown FollowerState
2019-10-15 17:18:06,671 [grpc-default-executor-0] INFO  impl.RaftServerImpl (RaftServerImpl.java:setRole(184)) - ebd8d1f9-8297-450f-abe7-393807ba0c7e@group-B673650064C9: changes role from  FOLLOWER to FOLLOWER at term 229 for recognizeCandidate:79abbc2e-0a90-4a41-a17c-6388bb873359
2019-10-15 17:18:06,672 [grpc-default-executor-0] INFO  impl.RoleInfo (RoleInfo.java:shutdownFollowerState(121)) - ebd8d1f9-8297-450f-abe7-393807ba0c7e: shutdown FollowerState
2019-10-15 17:18:06,672 [Thread-1603] INFO  impl.FollowerState (FollowerState.java:run(117)) - dbc121b5-e1e8-4c61-9d50-542b699a3d90@group-B673650064C9-FollowerState was interrupted: java.lang.InterruptedException: sleep interrupted
2019-10-15 17:18:06,671 [grpc-default-executor-1] INFO  impl.RoleInfo (RoleInfo.java:updateAndGet(143)) - dbc121b5-e1e8-4c61-9d50-542b699a3d90: start FollowerState
2019-10-15 17:18:06,672 [Thread-1602] INFO  impl.FollowerState (FollowerState.java:run(117)) - ebd8d1f9-8297-450f-abe7-393807ba0c7e@group-B673650064C9-FollowerState was interrupted: java.lang.InterruptedException: sleep interrupted
2019-10-15 17:18:06,672 [grpc-default-executor-0] INFO  impl.RoleInfo (RoleInfo.java:updateAndGet(143)) - ebd8d1f9-8297-450f-abe7-393807ba0c7e: start FollowerState
2019-10-15 17:18:06,696 [79abbc2e-0a90-4a41-a17c-6388bb873359@group-B673650064C9-LeaderElection199] INFO  impl.LeaderElection (LeaderElection.java:logAndReturn(56)) - 79abbc2e-0a90-4a41-a17c-6388bb873359@group-B673650064C9-LeaderElection199: Election REJECTED; received 2 response(s) [79abbc2e-0a90-4a41-a17c-6388bb873359<-ebd8d1f9-8297-450f-abe7-393807ba0c7e#0:FAIL-t229, 79abbc2e-0a90-4a41-a17c-6388bb873359<-dbc121b5-e1e8-4c61-9d50-542b699a3d90#0:FAIL-t229] and 0 exception(s); 79abbc2e-0a90-4a41-a17c-6388bb873359@group-B673650064C9:t229, leader=null, voted=79abbc2e-0a90-4a41-a17c-6388bb873359, raftlog=79abbc2e-0a90-4a41-a17c-6388bb873359@group-B673650064C9-SegmentedRaftLog:OPENED:c-1,f-1,i0, conf=-1: [ebd8d1f9-8297-450f-abe7-393807ba0c7e:192.168.164.239:36510, dbc121b5-e1e8-4c61-9d50-542b699a3d90:192.168.164.239:43140, 79abbc2e-0a90-4a41-a17c-6388bb873359:192.168.164.239:37857], old=null
2019-10-15 17:18:06,696 [79abbc2e-0a90-4a41-a17c-6388bb873359@group-B673650064C9-LeaderElection199] INFO  impl.RaftServerImpl (RaftServerImpl.java:setRole(184)) - 79abbc2e-0a90-4a41-a17c-6388bb873359@group-B673650064C9: changes role from CANDIDATE to FOLLOWER at term 229 for DISCOVERED_A_NEW_TERM
2019-10-15 17:18:06,696 [79abbc2e-0a90-4a41-a17c-6388bb873359@group-B673650064C9-LeaderElection199] INFO  impl.RoleInfo (RoleInfo.java:shutdownLeaderElection(134)) - 79abbc2e-0a90-4a41-a17c-6388bb873359: shutdown LeaderElection
2019-10-15 17:18:06,696 [79abbc2e-0a90-4a41-a17c-6388bb873359@group-B673650064C9-LeaderElection199] INFO  impl.RoleInfo (RoleInfo.java:updateAndGet(143)) - 79abbc2e-0a90-4a41-a17c-6388bb873359: start FollowerState
2019-10-15 17:18:06,780 [Thread-1610] INFO  impl.FollowerState (FollowerState.java:run(108)) - 79abbc2e-0a90-4a41-a17c-6388bb873359@group-B673650064C9-FollowerState: change to CANDIDATE, lastRpcTime:84ms, electionTimeout:84ms
2019-10-15 17:18:06,781 [Thread-1610] INFO  impl.RoleInfo (RoleInfo.java:shutdownFollowerState(121)) - 79abbc2e-0a90-4a41-a17c-6388bb873359: shutdown FollowerState
2019-10-15 17:18:06,781 [Thread-1610] INFO  impl.RaftServerImpl (RaftServerImpl.java:setRole(184)) - 79abbc2e-0a90-4a41-a17c-6388bb873359@group-B673650064C9: changes role from  FOLLOWER to CANDIDATE at term 229 for changeToCandidate
2019-10-15 17:18:06,781 [Thread-1610] INFO  impl.RoleInfo (RoleInfo.java:updateAndGet(143)) - 79abbc2e-0a90-4a41-a17c-6388bb873359: start LeaderElection
2019-10-15 17:18:06,803 [79abbc2e-0a90-4a41-a17c-6388bb873359@group-B673650064C9-LeaderElection200] INFO  impl.LeaderElection (LeaderElection.java:askForVotes(178)) - 79abbc2e-0a90-4a41-a17c-6388bb873359@group-B673650064C9-LeaderElection200: begin an election at term 230 for -1: [ebd8d1f9-8297-450f-abe7-393807ba0c7e:192.168.164.239:36510, dbc121b5-e1e8-4c61-9d50-542b699a3d90:192.168.164.239:43140, 79abbc2e-0a90-4a41-a17c-6388bb873359:192.168.164.239:37857], old=null
2019-10-15 17:18:06,806 [grpc-default-executor-1] INFO  impl.RaftServerImpl (RaftServerImpl.java:setRole(184)) - ebd8d1f9-8297-450f-abe7-393807ba0c7e@group-B673650064C9: changes role from  FOLLOWER to FOLLOWER at term 230 for recognizeCandidate:79abbc2e-0a90-4a41-a17c-6388bb873359
2019-10-15 17:18:06,806 [grpc-default-executor-1] INFO  impl.RoleInfo (RoleInfo.java:shutdownFollowerState(121)) - ebd8d1f9-8297-450f-abe7-393807ba0c7e: shutdown FollowerState
2019-10-15 17:18:06,806 [grpc-default-executor-0] INFO  impl.RaftServerImpl (RaftServerImpl.java:setRole(184)) - dbc121b5-e1e8-4c61-9d50-542b699a3d90@group-B673650064C9: changes role from  FOLLOWER to FOLLOWER at term 230 for recognizeCandidate:79abbc2e-0a90-4a41-a17c-6388bb873359
2019-10-15 17:18:06,807 [grpc-default-executor-0] INFO  impl.RoleInfo (RoleInfo.java:shutdownFollowerState(121)) - dbc121b5-e1e8-4c61-9d50-542b699a3d90: shutdown FollowerState
2019-10-15 17:18:06,807 [Thread-1609] INFO  impl.FollowerState (FollowerState.java:run(117)) - ebd8d1f9-8297-450f-abe7-393807ba0c7e@group-B673650064C9-FollowerState was interrupted: java.lang.InterruptedException: sleep interrupted
2019-10-15 17:18:06,806 [grpc-default-executor-1] INFO  impl.RoleInfo (RoleInfo.java:updateAndGet(143)) - ebd8d1f9-8297-450f-abe7-393807ba0c7e: start FollowerState
2019-10-15 17:18:06,807 [Thread-1608] INFO  impl.FollowerState (FollowerState.java:run(117)) - dbc121b5-e1e8-4c61-9d50-542b699a3d90@group-B673650064C9-FollowerState was interrupted: java.lang.InterruptedException: sleep interrupted
2019-10-15 17:18:06,807 [grpc-default-executor-0] INFO  impl.RoleInfo (RoleInfo.java:updateAndGet(143)) - dbc121b5-e1e8-4c61-9d50-542b699a3d90: start FollowerState
2019-10-15 17:18:06,830 [79abbc2e-0a90-4a41-a17c-6388bb873359@group-B673650064C9-LeaderElection200] INFO  impl.LeaderElection (LeaderElection.java:logAndReturn(56)) - 79abbc2e-0a90-4a41-a17c-6388bb873359@group-B673650064C9-LeaderElection200: Election REJECTED; received 2 response(s) [79abbc2e-0a90-4a41-a17c-6388bb873359<-ebd8d1f9-8297-450f-abe7-393807ba0c7e#0:FAIL-t230, 79abbc2e-0a90-4a41-a17c-6388bb873359<-dbc121b5-e1e8-4c61-9d50-542b699a3d90#0:FAIL-t230] and 0 exception(s); 79abbc2e-0a90-4a41-a17c-6388bb873359@group-B673650064C9:t230, leader=null, voted=79abbc2e-0a90-4a41-a17c-6388bb873359, raftlog=79abbc2e-0a90-4a41-a17c-6388bb873359@group-B673650064C9-SegmentedRaftLog:OPENED:c-1,f-1,i0, conf=-1: [ebd8d1f9-8297-450f-abe7-393807ba0c7e:192.168.164.239:36510, dbc121b5-e1e8-4c61-9d50-542b699a3d90:192.168.164.239:43140, 79abbc2e-0a90-4a41-a17c-6388bb873359:192.168.164.239:37857], old=null
2019-10-15 17:18:06,830 [79abbc2e-0a90-4a41-a17c-6388bb873359@group-B673650064C9-LeaderElection200] INFO  impl.RaftServerImpl (RaftServerImpl.java:setRole(184)) - 79abbc2e-0a90-4a41-a17c-6388bb873359@group-B673650064C9: changes role from CANDIDATE to FOLLOWER at term 230 for DISCOVERED_A_NEW_TERM
2019-10-15 17:18:06,830 [79abbc2e-0a90-4a41-a17c-6388bb873359@group-B673650064C9-LeaderElection200] INFO  impl.RoleInfo (RoleInfo.java:shutdownLeaderElection(134)) - 79abbc2e-0a90-4a41-a17c-6388bb873359: shutdown LeaderElection
2019-10-15 17:18:06,830 [79abbc2e-0a90-4a41-a17c-6388bb873359@group-B673650064C9-LeaderElection200] INFO  impl.RoleInfo (RoleInfo.java:updateAndGet(143)) - 79abbc2e-0a90-4a41-a17c-6388bb873359: start FollowerState
2019-10-15 17:18:06,983 [Thread-1616] INFO  impl.FollowerState (FollowerState.java:run(108)) - 79abbc2e-0a90-4a41-a17c-6388bb873359@group-B673650064C9-FollowerState: change to CANDIDATE, lastRpcTime:152ms, electionTimeout:152ms
2019-10-15 17:18:06,983 [Thread-1616] INFO  impl.RoleInfo (RoleInfo.java:shutdownFollowerState(121)) - 79abbc2e-0a90-4a41-a17c-6388bb873359: shutdown FollowerState
2019-10-15 17:18:06,983 [Thread-1616] INFO  impl.RaftServerImpl (RaftServerImpl.java:setRole(184)) - 79abbc2e-0a90-4a41-a17c-6388bb873359@group-B673650064C9: changes role from  FOLLOWER to CANDIDATE at term 230 for changeToCandidate
2019-10-15 17:18:06,983 [Thread-1616] INFO  impl.RoleInfo (RoleInfo.java:updateAndGet(143)) - 79abbc2e-0a90-4a41-a17c-6388bb873359: start LeaderElection
2019-10-15 17:18:07,012 [79abbc2e-0a90-4a41-a17c-6388bb873359@group-B673650064C9-LeaderElection201] INFO  impl.LeaderElection (LeaderElection.java:askForVotes(178)) - 79abbc2e-0a90-4a41-a17c-6388bb873359@group-B673650064C9-LeaderElection201: begin an election at term 231 for -1: [ebd8d1f9-8297-450f-abe7-393807ba0c7e:192.168.164.239:36510, dbc121b5-e1e8-4c61-9d50-542b699a3d90:192.168.164.239:43140, 79abbc2e-0a90-4a41-a17c-6388bb873359:192.168.164.239:37857], old=null
2019-10-15 17:18:07,015 [grpc-default-executor-0] INFO  impl.RaftServerImpl (RaftServerImpl.java:setRole(184)) - ebd8d1f9-8297-450f-abe7-393807ba0c7e@group-B673650064C9: changes role from  FOLLOWER to FOLLOWER at term 231 for recognizeCandidate:79abbc2e-0a90-4a41-a17c-6388bb873359
2019-10-15 17:18:07,015 [79abbc2e-0a90-4a41-a17c-6388bb873359@group-B673650064C9-LeaderElection201] INFO  impl.LeaderElection (LeaderElection.java:logAndReturn(56)) - 79abbc2e-0a90-4a41-a17c-6388bb873359@group-B673650064C9-LeaderElection201: Election TIMEOUT; received 0 response(s) [] and 0 exception(s); 79abbc2e-0a90-4a41-a17c-6388bb873359@group-B673650064C9:t231, leader=null, voted=79abbc2e-0a90-4a41-a17c-6388bb873359, raftlog=79abbc2e-0a90-4a41-a17c-6388bb873359@group-B673650064C9-SegmentedRaftLog:OPENED:c-1,f-1,i0, conf=-1: [ebd8d1f9-8297-450f-abe7-393807ba0c7e:192.168.164.239:36510, dbc121b5-e1e8-4c61-9d50-542b699a3d90:192.168.164.239:43140, 79abbc2e-0a90-4a41-a17c-6388bb873359:192.168.164.239:37857], old=null
2019-10-15 17:18:07,015 [grpc-default-executor-0] INFO  impl.RoleInfo (RoleInfo.java:shutdownFollowerState(121)) - ebd8d1f9-8297-450f-abe7-393807ba0c7e: shutdown FollowerState
2019-10-15 17:18:07,016 [grpc-default-executor-1] INFO  impl.RaftServerImpl (RaftServerImpl.java:setRole(184)) - dbc121b5-e1e8-4c61-9d50-542b699a3d90@group-B673650064C9: changes role from  FOLLOWER to FOLLOWER at term 231 for recognizeCandidate:79abbc2e-0a90-4a41-a17c-6388bb873359
2019-10-15 17:18:07,016 [Thread-1614] INFO  impl.FollowerState (FollowerState.java:run(117)) - ebd8d1f9-8297-450f-abe7-393807ba0c7e@group-B673650064C9-FollowerState was interrupted: java.lang.InterruptedException: sleep interrupted
2019-10-15 17:18:07,016 [grpc-default-executor-0] INFO  impl.RoleInfo (RoleInfo.java:updateAndGet(143)) - ebd8d1f9-8297-450f-abe7-393807ba0c7e: start FollowerState
2019-10-15 17:18:07,016 [grpc-default-executor-1] INFO  impl.RoleInfo (RoleInfo.java:shutdownFollowerState(121)) - dbc121b5-e1e8-4c61-9d50-542b699a3d90: shutdown FollowerState
2019-10-15 17:18:07,017 [grpc-default-executor-1] INFO  impl.RoleInfo (RoleInfo.java:updateAndGet(143)) - dbc121b5-e1e8-4c61-9d50-542b699a3d90: start FollowerState
2019-10-15 17:18:07,017 [Thread-1615] INFO  impl.FollowerState (FollowerState.java:run(117)) - dbc121b5-e1e8-4c61-9d50-542b699a3d90@group-B673650064C9-FollowerState was interrupted: java.lang.InterruptedException: sleep interrupted
2019-10-15 17:18:07,038 [79abbc2e-0a90-4a41-a17c-6388bb873359@group-B673650064C9-LeaderElection201] INFO  impl.LeaderElection (LeaderElection.java:askForVotes(178)) - 79abbc2e-0a90-4a41-a17c-6388bb873359@group-B673650064C9-LeaderElection201: begin an election at term 232 for -1: [ebd8d1f9-8297-450f-abe7-393807ba0c7e:192.168.164.239:36510, dbc121b5-e1e8-4c61-9d50-542b699a3d90:192.168.164.239:43140, 79abbc2e-0a90-4a41-a17c-6388bb873359:192.168.164.239:37857], old=null
2019-10-15 17:18:07,040 [grpc-default-executor-1] INFO  impl.RaftServerImpl (RaftServerImpl.java:setRole(184)) - ebd8d1f9-8297-450f-abe7-393807ba0c7e@group-B673650064C9: changes role from  FOLLOWER to FOLLOWER at term 232 for recognizeCandidate:79abbc2e-0a90-4a41-a17c-6388bb873359
2019-10-15 17:18:07,041 [grpc-default-executor-1] INFO  impl.RoleInfo (RoleInfo.java:shutdownFollowerState(121)) - ebd8d1f9-8297-450f-abe7-393807ba0c7e: shutdown FollowerState
2019-10-15 17:18:07,041 [grpc-default-executor-1] INFO  impl.RoleInfo (RoleInfo.java:updateAndGet(143)) - ebd8d1f9-8297-450f-abe7-393807ba0c7e: start FollowerState
2019-10-15 17:18:07,041 [Thread-1622] INFO  impl.FollowerState (FollowerState.java:run(117)) - ebd8d1f9-8297-450f-abe7-393807ba0c7e@group-B673650064C9-FollowerState was interrupted: java.lang.InterruptedException: sleep interrupted
2019-10-15 17:18:07,041 [grpc-default-executor-0] INFO  impl.RaftServerImpl (RaftServerImpl.java:setRole(184)) - dbc121b5-e1e8-4c61-9d50-542b699a3d90@group-B673650064C9: changes role from  FOLLOWER to FOLLOWER at term 232 for recognizeCandidate:79abbc2e-0a90-4a41-a17c-6388bb873359
2019-10-15 17:18:07,041 [grpc-default-executor-0] INFO  impl.RoleInfo (RoleInfo.java:shutdownFollowerState(121)) - dbc121b5-e1e8-4c61-9d50-542b699a3d90: shutdown FollowerState
2019-10-15 17:18:07,041 [grpc-default-executor-0] INFO  impl.RoleInfo (RoleInfo.java:updateAndGet(143)) - dbc121b5-e1e8-4c61-9d50-542b699a3d90: start FollowerState
2019-10-15 17:18:07,041 [Thread-1623] INFO  impl.FollowerState (FollowerState.java:run(117)) - dbc121b5-e1e8-4c61-9d50-542b699a3d90@group-B673650064C9-FollowerState was interrupted: java.lang.InterruptedException: sleep interrupted
2019-10-15 17:18:07,064 [79abbc2e-0a90-4a41-a17c-6388bb873359@group-B673650064C9-LeaderElection201] INFO  impl.LeaderElection (LeaderElection.java:logAndReturn(56)) - 79abbc2e-0a90-4a41-a17c-6388bb873359@group-B673650064C9-LeaderElection201: Election REJECTED; received 2 response(s) [79abbc2e-0a90-4a41-a17c-6388bb873359<-ebd8d1f9-8297-450f-abe7-393807ba0c7e#0:FAIL-t232, 79abbc2e-0a90-4a41-a17c-6388bb873359<-dbc121b5-e1e8-4c61-9d50-542b699a3d90#0:FAIL-t232] and 0 exception(s); 79abbc2e-0a90-4a41-a17c-6388bb873359@group-B673650064C9:t232, leader=null, voted=79abbc2e-0a90-4a41-a17c-6388bb873359, raftlog=79abbc2e-0a90-4a41-a17c-6388bb873359@group-B673650064C9-SegmentedRaftLog:OPENED:c-1,f-1,i0, conf=-1: [ebd8d1f9-8297-450f-abe7-393807ba0c7e:192.168.164.239:36510, dbc121b5-e1e8-4c61-9d50-542b699a3d90:192.168.164.239:43140, 79abbc2e-0a90-4a41-a17c-6388bb873359:192.168.164.239:37857], old=null
2019-10-15 17:18:07,064 [79abbc2e-0a90-4a41-a17c-6388bb873359@group-B673650064C9-LeaderElection201] INFO  impl.RaftServerImpl (RaftServerImpl.java:setRole(184)) - 79abbc2e-0a90-4a41-a17c-6388bb873359@group-B673650064C9: changes role from CANDIDATE to FOLLOWER at term 232 for DISCOVERED_A_NEW_TERM
2019-10-15 17:18:07,064 [79abbc2e-0a90-4a41-a17c-6388bb873359@group-B673650064C9-LeaderElection201] INFO  impl.RoleInfo (RoleInfo.java:shutdownLeaderElection(134)) - 79abbc2e-0a90-4a41-a17c-6388bb873359: shutdown LeaderElection
2019-10-15 17:18:07,064 [79abbc2e-0a90-4a41-a17c-6388bb873359@group-B673650064C9-LeaderElection201] INFO  impl.RoleInfo (RoleInfo.java:updateAndGet(143)) - 79abbc2e-0a90-4a41-a17c-6388bb873359: start FollowerState
2019-10-15 17:18:07,122 [Thread-1628] INFO  impl.FollowerState (FollowerState.java:run(108)) - 79abbc2e-0a90-4a41-a17c-6388bb873359@group-B673650064C9-FollowerState: change to CANDIDATE, lastRpcTime:57ms, electionTimeout:57ms
2019-10-15 17:18:07,122 [Thread-1628] INFO  impl.RoleInfo (RoleInfo.java:shutdownFollowerState(121)) - 79abbc2e-0a90-4a41-a17c-6388bb873359: shutdown FollowerState
2019-10-15 17:18:07,122 [Thread-1628] INFO  impl.RaftServerImpl (RaftServerImpl.java:setRole(184)) - 79abbc2e-0a90-4a41-a17c-6388bb873359@group-B673650064C9: changes role from  FOLLOWER to CANDIDATE at term 232 for changeToCandidate
2019-10-15 17:18:07,122 [Thread-1628] INFO  impl.RoleInfo (RoleInfo.java:updateAndGet(143)) - 79abbc2e-0a90-4a41-a17c-6388bb873359: start LeaderElection
2019-10-15 17:18:07,147 [79abbc2e-0a90-4a41-a17c-6388bb873359@group-B673650064C9-LeaderElection202] INFO  impl.LeaderElection (LeaderElection.java:askForVotes(178)) - 79abbc2e-0a90-4a41-a17c-6388bb873359@group-B673650064C9-LeaderElection202: begin an election at term 233 for -1: [ebd8d1f9-8297-450f-abe7-393807ba0c7e:192.168.164.239:36510, dbc121b5-e1e8-4c61-9d50-542b699a3d90:192.168.164.239:43140, 79abbc2e-0a90-4a41-a17c-6388bb873359:192.168.164.239:37857], old=null
2019-10-15 17:18:07,149 [grpc-default-executor-0] INFO  impl.RaftServerImpl (RaftServerImpl.java:setRole(184)) - dbc121b5-e1e8-4c61-9d50-542b699a3d90@group-B673650064C9: changes role from  FOLLOWER to FOLLOWER at term 233 for recognizeCandidate:79abbc2e-0a90-4a41-a17c-6388bb873359
2019-10-15 17:18:07,149 [grpc-default-executor-0] INFO  impl.RoleInfo (RoleInfo.java:shutdownFollowerState(121)) - dbc121b5-e1e8-4c61-9d50-542b699a3d90: shutdown FollowerState
2019-10-15 17:18:07,150 [grpc-default-executor-0] INFO  impl.RoleInfo (RoleInfo.java:updateAndGet(143)) - dbc121b5-e1e8-4c61-9d50-542b699a3d90: start FollowerState
2019-10-15 17:18:07,150 [Thread-1627] INFO  impl.FollowerState (FollowerState.java:run(117)) - dbc121b5-e1e8-4c61-9d50-542b699a3d90@group-B673650064C9-FollowerState was interrupted: java.lang.InterruptedException: sleep interrupted
2019-10-15 17:18:07,150 [grpc-default-executor-1] INFO  impl.RaftServerImpl (RaftServerImpl.java:setRole(184)) - ebd8d1f9-8297-450f-abe7-393807ba0c7e@group-B673650064C9: changes role from  FOLLOWER to FOLLOWER at term 233 for recognizeCandidate:79abbc2e-0a90-4a41-a17c-6388bb873359
2019-10-15 17:18:07,150 [grpc-default-executor-1] INFO  impl.RoleInfo (RoleInfo.java:shutdownFollowerState(121)) - ebd8d1f9-8297-450f-abe7-393807ba0c7e: shutdown FollowerState
2019-10-15 17:18:07,150 [grpc-default-executor-1] INFO  impl.RoleInfo (RoleInfo.java:updateAndGet(143)) - ebd8d1f9-8297-450f-abe7-393807ba0c7e: start FollowerState
2019-10-15 17:18:07,150 [Thread-1626] INFO  impl.FollowerState (FollowerState.java:run(117)) - ebd8d1f9-8297-450f-abe7-393807ba0c7e@group-B673650064C9-FollowerState was interrupted: java.lang.InterruptedException: sleep interrupted
2019-10-15 17:18:07,173 [79abbc2e-0a90-4a41-a17c-6388bb873359@group-B673650064C9-LeaderElection202] INFO  impl.LeaderElection (LeaderElection.java:logAndReturn(56)) - 79abbc2e-0a90-4a41-a17c-6388bb873359@group-B673650064C9-LeaderElection202: Election REJECTED; received 2 response(s) [79abbc2e-0a90-4a41-a17c-6388bb873359<-ebd8d1f9-8297-450f-abe7-393807ba0c7e#0:FAIL-t233, 79abbc2e-0a90-4a41-a17c-6388bb873359<-dbc121b5-e1e8-4c61-9d50-542b699a3d90#0:FAIL-t233] and 0 exception(s); 79abbc2e-0a90-4a41-a17c-6388bb873359@group-B673650064C9:t233, leader=null, voted=79abbc2e-0a90-4a41-a17c-6388bb873359, raftlog=79abbc2e-0a90-4a41-a17c-6388bb873359@group-B673650064C9-SegmentedRaftLog:OPENED:c-1,f-1,i0, conf=-1: [ebd8d1f9-8297-450f-abe7-393807ba0c7e:192.168.164.239:36510, dbc121b5-e1e8-4c61-9d50-542b699a3d90:192.168.164.239:43140, 79abbc2e-0a90-4a41-a17c-6388bb873359:192.168.164.239:37857], old=null
2019-10-15 17:18:07,173 [79abbc2e-0a90-4a41-a17c-6388bb873359@group-B673650064C9-LeaderElection202] INFO  impl.RaftServerImpl (RaftServerImpl.java:setRole(184)) - 79abbc2e-0a90-4a41-a17c-6388bb873359@group-B673650064C9: changes role from CANDIDATE to FOLLOWER at term 233 for DISCOVERED_A_NEW_TERM
2019-10-15 17:18:07,173 [79abbc2e-0a90-4a41-a17c-6388bb873359@group-B673650064C9-LeaderElection202] INFO  impl.RoleInfo (RoleInfo.java:shutdownLeaderElection(134)) - 79abbc2e-0a90-4a41-a17c-6388bb873359: shutdown LeaderElection
2019-10-15 17:18:07,173 [79abbc2e-0a90-4a41-a17c-6388bb873359@group-B673650064C9-LeaderElection202] INFO  impl.RoleInfo (RoleInfo.java:updateAndGet(143)) - 79abbc2e-0a90-4a41-a17c-6388bb873359: start FollowerState
2019-10-15 17:18:07,222 [Thread-1634] INFO  impl.FollowerState (FollowerState.java:run(108)) - 79abbc2e-0a90-4a41-a17c-6388bb873359@group-B673650064C9-FollowerState: change to CANDIDATE, lastRpcTime:48ms, electionTimeout:48ms
2019-10-15 17:18:07,222 [Thread-1634] INFO  impl.RoleInfo (RoleInfo.java:shutdownFollowerState(121)) - 79abbc2e-0a90-4a41-a17c-6388bb873359: shutdown FollowerState
2019-10-15 17:18:07,222 [Thread-1634] INFO  impl.RaftServerImpl (RaftServerImpl.java:setRole(184)) - 79abbc2e-0a90-4a41-a17c-6388bb873359@group-B673650064C9: changes role from  FOLLOWER to CANDIDATE at term 233 for changeToCandidate
2019-10-15 17:18:07,222 [Thread-1634] INFO  impl.RoleInfo (RoleInfo.java:updateAndGet(143)) - 79abbc2e-0a90-4a41-a17c-6388bb873359: start LeaderElection
2019-10-15 17:18:07,247 [79abbc2e-0a90-4a41-a17c-6388bb873359@group-B673650064C9-LeaderElection203] INFO  impl.LeaderElection (LeaderElection.java:askForVotes(178)) - 79abbc2e-0a90-4a41-a17c-6388bb873359@group-B673650064C9-LeaderElection203: begin an election at term 234 for -1: [ebd8d1f9-8297-450f-abe7-393807ba0c7e:192.168.164.239:36510, dbc121b5-e1e8-4c61-9d50-542b699a3d90:192.168.164.239:43140, 79abbc2e-0a90-4a41-a17c-6388bb873359:192.168.164.239:37857], old=null
2019-10-15 17:18:07,250 [grpc-default-executor-1] INFO  impl.RaftServerImpl (RaftServerImpl.java:setRole(184)) - ebd8d1f9-8297-450f-abe7-393807ba0c7e@group-B673650064C9: changes role from  FOLLOWER to FOLLOWER at term 234 for recognizeCandidate:79abbc2e-0a90-4a41-a17c-6388bb873359
2019-10-15 17:18:07,250 [grpc-default-executor-1] INFO  impl.RoleInfo (RoleInfo.java:shutdownFollowerState(121)) - ebd8d1f9-8297-450f-abe7-393807ba0c7e: shutdown FollowerState
2019-10-15 17:18:07,250 [grpc-default-executor-1] INFO  impl.RoleInfo (RoleInfo.java:updateAndGet(143)) - ebd8d1f9-8297-450f-abe7-393807ba0c7e: start FollowerState
2019-10-15 17:18:07,250 [Thread-1633] INFO  impl.FollowerState (FollowerState.java:run(117)) - ebd8d1f9-8297-450f-abe7-393807ba0c7e@group-B673650064C9-FollowerState was interrupted: java.lang.InterruptedException: sleep interrupted
2019-10-15 17:18:07,251 [grpc-default-executor-0] INFO  impl.RaftServerImpl (RaftServerImpl.java:setRole(184)) - dbc121b5-e1e8-4c61-9d50-542b699a3d90@group-B673650064C9: changes role from  FOLLOWER to FOLLOWER at term 234 for recognizeCandidate:79abbc2e-0a90-4a41-a17c-6388bb873359
2019-10-15 17:18:07,251 [grpc-default-executor-0] INFO  impl.RoleInfo (RoleInfo.java:shutdownFollowerState(121)) - dbc121b5-e1e8-4c61-9d50-542b699a3d90: shutdown FollowerState
2019-10-15 17:18:07,251 [grpc-default-executor-0] INFO  impl.RoleInfo (RoleInfo.java:updateAndGet(143)) - dbc121b5-e1e8-4c61-9d50-542b699a3d90: start FollowerState
2019-10-15 17:18:07,251 [Thread-1632] INFO  impl.FollowerState (FollowerState.java:run(117)) - dbc121b5-e1e8-4c61-9d50-542b699a3d90@group-B673650064C9-FollowerState was interrupted: java.lang.InterruptedException: sleep interrupted
2019-10-15 17:18:07,274 [79abbc2e-0a90-4a41-a17c-6388bb873359@group-B673650064C9-LeaderElection203] INFO  impl.LeaderElection (LeaderElection.java:logAndReturn(56)) - 79abbc2e-0a90-4a41-a17c-6388bb873359@group-B673650064C9-LeaderElection203: Election REJECTED; received 2 response(s) [79abbc2e-0a90-4a41-a17c-6388bb873359<-ebd8d1f9-8297-450f-abe7-393807ba0c7e#0:FAIL-t234, 79abbc2e-0a90-4a41-a17c-6388bb873359<-dbc121b5-e1e8-4c61-9d50-542b699a3d90#0:FAIL-t234] and 0 exception(s); 79abbc2e-0a90-4a41-a17c-6388bb873359@group-B673650064C9:t234, leader=null, voted=79abbc2e-0a90-4a41-a17c-6388bb873359, raftlog=79abbc2e-0a90-4a41-a17c-6388bb873359@group-B673650064C9-SegmentedRaftLog:OPENED:c-1,f-1,i0, conf=-1: [ebd8d1f9-8297-450f-abe7-393807ba0c7e:192.168.164.239:36510, dbc121b5-e1e8-4c61-9d50-542b699a3d90:192.168.164.239:43140, 79abbc2e-0a90-4a41-a17c-6388bb873359:192.168.164.239:37857], old=null
2019-10-15 17:18:07,274 [79abbc2e-0a90-4a41-a17c-6388bb873359@group-B673650064C9-LeaderElection203] INFO  impl.RaftServerImpl (RaftServerImpl.java:setRole(184)) - 79abbc2e-0a90-4a41-a17c-6388bb873359@group-B673650064C9: changes role from CANDIDATE to FOLLOWER at term 234 for DISCOVERED_A_NEW_TERM
2019-10-15 17:18:07,274 [79abbc2e-0a90-4a41-a17c-6388bb873359@group-B673650064C9-LeaderElection203] INFO  impl.RoleInfo (RoleInfo.java:shutdownLeaderElection(134)) - 79abbc2e-0a90-4a41-a17c-6388bb873359: shutdown LeaderElection
2019-10-15 17:18:07,274 [79abbc2e-0a90-4a41-a17c-6388bb873359@group-B673650064C9-LeaderElection203] INFO  impl.RoleInfo (RoleInfo.java:updateAndGet(143)) - 79abbc2e-0a90-4a41-a17c-6388bb873359: start FollowerState
2019-10-15 17:18:07,386 [Thread-1640] INFO  impl.FollowerState (FollowerState.java:run(108)) - 79abbc2e-0a90-4a41-a17c-6388bb873359@group-B673650064C9-FollowerState: change to CANDIDATE, lastRpcTime:112ms, electionTimeout:112ms
2019-10-15 17:18:07,387 [Thread-1640] INFO  impl.RoleInfo (RoleInfo.java:shutdownFollowerState(121)) - 79abbc2e-0a90-4a41-a17c-6388bb873359: shutdown FollowerState
2019-10-15 17:18:07,387 [Thread-1640] INFO  impl.RaftServerImpl (RaftServerImpl.java:setRole(184)) - 79abbc2e-0a90-4a41-a17c-6388bb873359@group-B673650064C9: changes role from  FOLLOWER to CANDIDATE at term 234 for changeToCandidate
2019-10-15 17:18:07,387 [Thread-1640] INFO  impl.RoleInfo (RoleInfo.java:updateAndGet(143)) - 79abbc2e-0a90-4a41-a17c-6388bb873359: start LeaderElection
2019-10-15 17:18:07,415 [79abbc2e-0a90-4a41-a17c-6388bb873359@group-B673650064C9-LeaderElection204] INFO  impl.LeaderElection (LeaderElection.java:askForVotes(178)) - 79abbc2e-0a90-4a41-a17c-6388bb873359@group-B673650064C9-LeaderElection204: begin an election at term 235 for -1: [ebd8d1f9-8297-450f-abe7-393807ba0c7e:192.168.164.239:36510, dbc121b5-e1e8-4c61-9d50-542b699a3d90:192.168.164.239:43140, 79abbc2e-0a90-4a41-a17c-6388bb873359:192.168.164.239:37857], old=null
2019-10-15 17:18:07,419 [grpc-default-executor-1] INFO  impl.RaftServerImpl (RaftServerImpl.java:setRole(184)) - dbc121b5-e1e8-4c61-9d50-542b699a3d90@group-B673650064C9: changes role from  FOLLOWER to FOLLOWER at term 235 for recognizeCandidate:79abbc2e-0a90-4a41-a17c-6388bb873359
2019-10-15 17:18:07,419 [grpc-default-executor-1] INFO  impl.RoleInfo (RoleInfo.java:shutdownFollowerState(121)) - dbc121b5-e1e8-4c61-9d50-542b699a3d90: shutdown FollowerState
2019-10-15 17:18:07,419 [grpc-default-executor-0] INFO  impl.RaftServerImpl (RaftServerImpl.java:setRole(184)) - ebd8d1f9-8297-450f-abe7-393807ba0c7e@group-B673650064C9: changes role from  FOLLOWER to FOLLOWER at term 235 for recognizeCandidate:79abbc2e-0a90-4a41-a17c-6388bb873359
2019-10-15 17:18:07,419 [grpc-default-executor-0] INFO  impl.RoleInfo (RoleInfo.java:shutdownFollowerState(121)) - ebd8d1f9-8297-450f-abe7-393807ba0c7e: shutdown FollowerState
2019-10-15 17:18:07,419 [Thread-1639] INFO  impl.FollowerState (FollowerState.java:run(117)) - dbc121b5-e1e8-4c61-9d50-542b699a3d90@group-B673650064C9-FollowerState was interrupted: java.lang.InterruptedException: sleep interrupted
2019-10-15 17:18:07,419 [grpc-default-executor-1] INFO  impl.RoleInfo (RoleInfo.java:updateAndGet(143)) - dbc121b5-e1e8-4c61-9d50-542b699a3d90: start FollowerState
2019-10-15 17:18:07,419 [Thread-1638] INFO  impl.FollowerState (FollowerState.java:run(117)) - ebd8d1f9-8297-450f-abe7-393807ba0c7e@group-B673650064C9-FollowerState was interrupted: java.lang.InterruptedException: sleep interrupted
2019-10-15 17:18:07,419 [grpc-default-executor-0] INFO  impl.RoleInfo (RoleInfo.java:updateAndGet(143)) - ebd8d1f9-8297-450f-abe7-393807ba0c7e: start FollowerState
2019-10-15 17:18:07,450 [79abbc2e-0a90-4a41-a17c-6388bb873359@group-B673650064C9-LeaderElection204] INFO  impl.LeaderElection (LeaderElection.java:logAndReturn(56)) - 79abbc2e-0a90-4a41-a17c-6388bb873359@group-B673650064C9-LeaderElection204: Election REJECTED; received 2 response(s) [79abbc2e-0a90-4a41-a17c-6388bb873359<-ebd8d1f9-8297-450f-abe7-393807ba0c7e#0:FAIL-t235, 79abbc2e-0a90-4a41-a17c-6388bb873359<-dbc121b5-e1e8-4c61-9d50-542b699a3d90#0:FAIL-t235] and 0 exception(s); 79abbc2e-0a90-4a41-a17c-6388bb873359@group-B673650064C9:t235, leader=null, voted=79abbc2e-0a90-4a41-a17c-6388bb873359, raftlog=79abbc2e-0a90-4a41-a17c-6388bb873359@group-B673650064C9-SegmentedRaftLog:OPENED:c-1,f-1,i0, conf=-1: [ebd8d1f9-8297-450f-abe7-393807ba0c7e:192.168.164.239:36510, dbc121b5-e1e8-4c61-9d50-542b699a3d90:192.168.164.239:43140, 79abbc2e-0a90-4a41-a17c-6388bb873359:192.168.164.239:37857], old=null
2019-10-15 17:18:07,450 [79abbc2e-0a90-4a41-a17c-6388bb873359@group-B673650064C9-LeaderElection204] INFO  impl.RaftServerImpl (RaftServerImpl.java:setRole(184)) - 79abbc2e-0a90-4a41-a17c-6388bb873359@group-B673650064C9: changes role from CANDIDATE to FOLLOWER at term 235 for DISCOVERED_A_NEW_TERM
2019-10-15 17:18:07,450 [79abbc2e-0a90-4a41-a17c-6388bb873359@group-B673650064C9-LeaderElection204] INFO  impl.RoleInfo (RoleInfo.java:shutdownLeaderElection(134)) - 79abbc2e-0a90-4a41-a17c-6388bb873359: shutdown LeaderElection
2019-10-15 17:18:07,450 [79abbc2e-0a90-4a41-a17c-6388bb873359@group-B673650064C9-LeaderElection204] INFO  impl.RoleInfo (RoleInfo.java:updateAndGet(143)) - 79abbc2e-0a90-4a41-a17c-6388bb873359: start FollowerState
2019-10-15 17:18:07,556 [Thread-1646] INFO  impl.FollowerState (FollowerState.java:run(108)) - 79abbc2e-0a90-4a41-a17c-6388bb873359@group-B673650064C9-FollowerState: change to CANDIDATE, lastRpcTime:105ms, electionTimeout:105ms
2019-10-15 17:18:07,556 [Thread-1646] INFO  impl.RoleInfo (RoleInfo.java:shutdownFollowerState(121)) - 79abbc2e-0a90-4a41-a17c-6388bb873359: shutdown FollowerState
2019-10-15 17:18:07,556 [Thread-1646] INFO  impl.RaftServerImpl (RaftServerImpl.java:setRole(184)) - 79abbc2e-0a90-4a41-a17c-6388bb873359@group-B673650064C9: changes role from  FOLLOWER to CANDIDATE at term 235 for changeToCandidate
2019-10-15 17:18:07,556 [Thread-1646] INFO  impl.RoleInfo (RoleInfo.java:updateAndGet(143)) - 79abbc2e-0a90-4a41-a17c-6388bb873359: start LeaderElection
2019-10-15 17:18:07,582 [79abbc2e-0a90-4a41-a17c-6388bb873359@group-B673650064C9-LeaderElection205] INFO  impl.LeaderElection (LeaderElection.java:askForVotes(178)) - 79abbc2e-0a90-4a41-a17c-6388bb873359@group-B673650064C9-LeaderElection205: begin an election at term 236 for -1: [ebd8d1f9-8297-450f-abe7-393807ba0c7e:192.168.164.239:36510, dbc121b5-e1e8-4c61-9d50-542b699a3d90:192.168.164.239:43140, 79abbc2e-0a90-4a41-a17c-6388bb873359:192.168.164.239:37857], old=null
2019-10-15 17:18:07,585 [grpc-default-executor-0] INFO  impl.RaftServerImpl (RaftServerImpl.java:setRole(184)) - ebd8d1f9-8297-450f-abe7-393807ba0c7e@group-B673650064C9: changes role from  FOLLOWER to FOLLOWER at term 236 for recognizeCandidate:79abbc2e-0a90-4a41-a17c-6388bb873359
2019-10-15 17:18:07,585 [grpc-default-executor-1] INFO  impl.RaftServerImpl (RaftServerImpl.java:setRole(184)) - dbc121b5-e1e8-4c61-9d50-542b699a3d90@group-B673650064C9: changes role from  FOLLOWER to FOLLOWER at term 236 for recognizeCandidate:79abbc2e-0a90-4a41-a17c-6388bb873359
2019-10-15 17:18:07,585 [grpc-default-executor-0] INFO  impl.RoleInfo (RoleInfo.java:shutdownFollowerState(121)) - ebd8d1f9-8297-450f-abe7-393807ba0c7e: shutdown FollowerState
2019-10-15 17:18:07,585 [grpc-default-executor-1] INFO  impl.RoleInfo (RoleInfo.java:shutdownFollowerState(121)) - dbc121b5-e1e8-4c61-9d50-542b699a3d90: shutdown FollowerState
2019-10-15 17:18:07,586 [Thread-1645] INFO  impl.FollowerState (FollowerState.java:run(117)) - ebd8d1f9-8297-450f-abe7-393807ba0c7e@group-B673650064C9-FollowerState was interrupted: java.lang.InterruptedException: sleep interrupted
2019-10-15 17:18:07,586 [grpc-default-executor-0] INFO  impl.RoleInfo (RoleInfo.java:updateAndGet(143)) - ebd8d1f9-8297-450f-abe7-393807ba0c7e: start FollowerState
2019-10-15 17:18:07,586 [Thread-1644] INFO  impl.FollowerState (FollowerState.java:run(117)) - dbc121b5-e1e8-4c61-9d50-542b699a3d90@group-B673650064C9-FollowerState was interrupted: java.lang.InterruptedException: sleep interrupted
2019-10-15 17:18:07,586 [grpc-default-executor-1] INFO  impl.RoleInfo (RoleInfo.java:updateAndGet(143)) - dbc121b5-e1e8-4c61-9d50-542b699a3d90: start FollowerState
2019-10-15 17:18:07,609 [79abbc2e-0a90-4a41-a17c-6388bb873359@group-B673650064C9-LeaderElection205] INFO  impl.LeaderElection (LeaderElection.java:logAndReturn(56)) - 79abbc2e-0a90-4a41-a17c-6388bb873359@group-B673650064C9-LeaderElection205: Election REJECTED; received 2 response(s) [79abbc2e-0a90-4a41-a17c-6388bb873359<-ebd8d1f9-8297-450f-abe7-393807ba0c7e#0:FAIL-t236, 79abbc2e-0a90-4a41-a17c-6388bb873359<-dbc121b5-e1e8-4c61-9d50-542b699a3d90#0:FAIL-t236] and 0 exception(s); 79abbc2e-0a90-4a41-a17c-6388bb873359@group-B673650064C9:t236, leader=null, voted=79abbc2e-0a90-4a41-a17c-6388bb873359, raftlog=79abbc2e-0a90-4a41-a17c-6388bb873359@group-B673650064C9-SegmentedRaftLog:OPENED:c-1,f-1,i0, conf=-1: [ebd8d1f9-8297-450f-abe7-393807ba0c7e:192.168.164.239:36510, dbc121b5-e1e8-4c61-9d50-542b699a3d90:192.168.164.239:43140, 79abbc2e-0a90-4a41-a17c-6388bb873359:192.168.164.239:37857], old=null
2019-10-15 17:18:07,609 [79abbc2e-0a90-4a41-a17c-6388bb873359@group-B673650064C9-LeaderElection205] INFO  impl.RaftServerImpl (RaftServerImpl.java:setRole(184)) - 79abbc2e-0a90-4a41-a17c-6388bb873359@group-B673650064C9: changes role from CANDIDATE to FOLLOWER at term 236 for DISCOVERED_A_NEW_TERM
2019-10-15 17:18:07,609 [79abbc2e-0a90-4a41-a17c-6388bb873359@group-B673650064C9-LeaderElection205] INFO  impl.RoleInfo (RoleInfo.java:shutdownLeaderElection(134)) - 79abbc2e-0a90-4a41-a17c-6388bb873359: shutdown LeaderElection
2019-10-15 17:18:07,610 [79abbc2e-0a90-4a41-a17c-6388bb873359@group-B673650064C9-LeaderElection205] INFO  impl.RoleInfo (RoleInfo.java:updateAndGet(143)) - 79abbc2e-0a90-4a41-a17c-6388bb873359: start FollowerState
2019-10-15 17:18:07,799 [Thread-1652] INFO  impl.FollowerState (FollowerState.java:run(108)) - 79abbc2e-0a90-4a41-a17c-6388bb873359@group-B673650064C9-FollowerState: change to CANDIDATE, lastRpcTime:189ms, electionTimeout:189ms
2019-10-15 17:18:07,799 [Thread-1652] INFO  impl.RoleInfo (RoleInfo.java:shutdownFollowerState(121)) - 79abbc2e-0a90-4a41-a17c-6388bb873359: shutdown FollowerState
2019-10-15 17:18:07,799 [Thread-1652] INFO  impl.RaftServerImpl (RaftServerImpl.java:setRole(184)) - 79abbc2e-0a90-4a41-a17c-6388bb873359@group-B673650064C9: changes role from  FOLLOWER to CANDIDATE at term 236 for changeToCandidate
2019-10-15 17:18:07,800 [Thread-1652] INFO  impl.RoleInfo (RoleInfo.java:updateAndGet(143)) - 79abbc2e-0a90-4a41-a17c-6388bb873359: start LeaderElection
2019-10-15 17:18:07,825 [79abbc2e-0a90-4a41-a17c-6388bb873359@group-B673650064C9-LeaderElection206] INFO  impl.LeaderElection (LeaderElection.java:askForVotes(178)) - 79abbc2e-0a90-4a41-a17c-6388bb873359@group-B673650064C9-LeaderElection206: begin an election at term 237 for -1: [ebd8d1f9-8297-450f-abe7-393807ba0c7e:192.168.164.239:36510, dbc121b5-e1e8-4c61-9d50-542b699a3d90:192.168.164.239:43140, 79abbc2e-0a90-4a41-a17c-6388bb873359:192.168.164.239:37857], old=null
2019-10-15 17:18:07,827 [79abbc2e-0a90-4a41-a17c-6388bb873359@group-B673650064C9-LeaderElection206] INFO  impl.LeaderElection (LeaderElection.java:logAndReturn(56)) - 79abbc2e-0a90-4a41-a17c-6388bb873359@group-B673650064C9-LeaderElection206: Election TIMEOUT; received 0 response(s) [] and 0 exception(s); 79abbc2e-0a90-4a41-a17c-6388bb873359@group-B673650064C9:t237, leader=null, voted=79abbc2e-0a90-4a41-a17c-6388bb873359, raftlog=79abbc2e-0a90-4a41-a17c-6388bb873359@group-B673650064C9-SegmentedRaftLog:OPENED:c-1,f-1,i0, conf=-1: [ebd8d1f9-8297-450f-abe7-393807ba0c7e:192.168.164.239:36510, dbc121b5-e1e8-4c61-9d50-542b699a3d90:192.168.164.239:43140, 79abbc2e-0a90-4a41-a17c-6388bb873359:192.168.164.239:37857], old=null
2019-10-15 17:18:07,828 [grpc-default-executor-0] INFO  impl.RaftServerImpl (RaftServerImpl.java:setRole(184)) - ebd8d1f9-8297-450f-abe7-393807ba0c7e@group-B673650064C9: changes role from  FOLLOWER to FOLLOWER at term 237 for recognizeCandidate:79abbc2e-0a90-4a41-a17c-6388bb873359
2019-10-15 17:18:07,828 [grpc-default-executor-0] INFO  impl.RoleInfo (RoleInfo.java:shutdownFollowerState(121)) - ebd8d1f9-8297-450f-abe7-393807ba0c7e: shutdown FollowerState
2019-10-15 17:18:07,828 [grpc-default-executor-1] INFO  impl.RaftServerImpl (RaftServerImpl.java:setRole(184)) - dbc121b5-e1e8-4c61-9d50-542b699a3d90@group-B673650064C9: changes role from  FOLLOWER to FOLLOWER at term 237 for recognizeCandidate:79abbc2e-0a90-4a41-a17c-6388bb873359
2019-10-15 17:18:07,828 [Thread-1650] INFO  impl.FollowerState (FollowerState.java:run(117)) - ebd8d1f9-8297-450f-abe7-393807ba0c7e@group-B673650064C9-FollowerState was interrupted: java.lang.InterruptedException: sleep interrupted
2019-10-15 17:18:07,828 [grpc-default-executor-0] INFO  impl.RoleInfo (RoleInfo.java:updateAndGet(143)) - ebd8d1f9-8297-450f-abe7-393807ba0c7e: start FollowerState
2019-10-15 17:18:07,828 [grpc-default-executor-1] INFO  impl.RoleInfo (RoleInfo.java:shutdownFollowerState(121)) - dbc121b5-e1e8-4c61-9d50-542b699a3d90: shutdown FollowerState
2019-10-15 17:18:07,829 [grpc-default-executor-1] INFO  impl.RoleInfo (RoleInfo.java:updateAndGet(143)) - dbc121b5-e1e8-4c61-9d50-542b699a3d90: start FollowerState
2019-10-15 17:18:07,829 [Thread-1651] INFO  impl.FollowerState (FollowerState.java:run(117)) - dbc121b5-e1e8-4c61-9d50-542b699a3d90@group-B673650064C9-FollowerState was interrupted: java.lang.InterruptedException: sleep interrupted
2019-10-15 17:18:07,850 [79abbc2e-0a90-4a41-a17c-6388bb873359@group-B673650064C9-LeaderElection206] INFO  impl.LeaderElection (LeaderElection.java:askForVotes(178)) - 79abbc2e-0a90-4a41-a17c-6388bb873359@group-B673650064C9-LeaderElection206: begin an election at term 238 for -1: [ebd8d1f9-8297-450f-abe7-393807ba0c7e:192.168.164.239:36510, dbc121b5-e1e8-4c61-9d50-542b699a3d90:192.168.164.239:43140, 79abbc2e-0a90-4a41-a17c-6388bb873359:192.168.164.239:37857], old=null
2019-10-15 17:18:07,852 [grpc-default-executor-0] INFO  impl.RaftServerImpl (RaftServerImpl.java:setRole(184)) - ebd8d1f9-8297-450f-abe7-393807ba0c7e@group-B673650064C9: changes role from  FOLLOWER to FOLLOWER at term 238 for recognizeCandidate:79abbc2e-0a90-4a41-a17c-6388bb873359
2019-10-15 17:18:07,852 [grpc-default-executor-0] INFO  impl.RoleInfo (RoleInfo.java:shutdownFollowerState(121)) - ebd8d1f9-8297-450f-abe7-393807ba0c7e: shutdown FollowerState
2019-10-15 17:18:07,852 [grpc-default-executor-1] INFO  impl.RaftServerImpl (RaftServerImpl.java:setRole(184)) - dbc121b5-e1e8-4c61-9d50-542b699a3d90@group-B673650064C9: changes role from  FOLLOWER to FOLLOWER at term 238 for recognizeCandidate:79abbc2e-0a90-4a41-a17c-6388bb873359
2019-10-15 17:18:07,852 [grpc-default-executor-1] INFO  impl.RoleInfo (RoleInfo.java:shutdownFollowerState(121)) - dbc121b5-e1e8-4c61-9d50-542b699a3d90: shutdown FollowerState
2019-10-15 17:18:07,852 [Thread-1656] INFO  impl.FollowerState (FollowerState.java:run(117)) - ebd8d1f9-8297-450f-abe7-393807ba0c7e@group-B673650064C9-FollowerState was interrupted: java.lang.InterruptedException: sleep interrupted
2019-10-15 17:18:07,852 [grpc-default-executor-0] INFO  impl.RoleInfo (RoleInfo.java:updateAndGet(143)) - ebd8d1f9-8297-450f-abe7-393807ba0c7e: start FollowerState
2019-10-15 17:18:07,852 [Thread-1657] INFO  impl.FollowerState (FollowerState.java:run(117)) - dbc121b5-e1e8-4c61-9d50-542b699a3d90@group-B673650064C9-FollowerState was interrupted: java.lang.InterruptedException: sleep interrupted
2019-10-15 17:18:07,852 [grpc-default-executor-1] INFO  impl.RoleInfo (RoleInfo.java:updateAndGet(143)) - dbc121b5-e1e8-4c61-9d50-542b699a3d90: start FollowerState
2019-10-15 17:18:07,877 [79abbc2e-0a90-4a41-a17c-6388bb873359@group-B673650064C9-LeaderElection206] INFO  impl.LeaderElection (LeaderElection.java:logAndReturn(56)) - 79abbc2e-0a90-4a41-a17c-6388bb873359@group-B673650064C9-LeaderElection206: Election REJECTED; received 2 response(s) [79abbc2e-0a90-4a41-a17c-6388bb873359<-ebd8d1f9-8297-450f-abe7-393807ba0c7e#0:FAIL-t238, 79abbc2e-0a90-4a41-a17c-6388bb873359<-dbc121b5-e1e8-4c61-9d50-542b699a3d90#0:FAIL-t238] and 0 exception(s); 79abbc2e-0a90-4a41-a17c-6388bb873359@group-B673650064C9:t238, leader=null, voted=79abbc2e-0a90-4a41-a17c-6388bb873359, raftlog=79abbc2e-0a90-4a41-a17c-6388bb873359@group-B673650064C9-SegmentedRaftLog:OPENED:c-1,f-1,i0, conf=-1: [ebd8d1f9-8297-450f-abe7-393807ba0c7e:192.168.164.239:36510, dbc121b5-e1e8-4c61-9d50-542b699a3d90:192.168.164.239:43140, 79abbc2e-0a90-4a41-a17c-6388bb873359:192.168.164.239:37857], old=null
2019-10-15 17:18:07,877 [79abbc2e-0a90-4a41-a17c-6388bb873359@group-B673650064C9-LeaderElection206] INFO  impl.RaftServerImpl (RaftServerImpl.java:setRole(184)) - 79abbc2e-0a90-4a41-a17c-6388bb873359@group-B673650064C9: changes role from CANDIDATE to FOLLOWER at term 238 for DISCOVERED_A_NEW_TERM
2019-10-15 17:18:07,877 [79abbc2e-0a90-4a41-a17c-6388bb873359@group-B673650064C9-LeaderElection206] INFO  impl.RoleInfo (RoleInfo.java:shutdownLeaderElection(134)) - 79abbc2e-0a90-4a41-a17c-6388bb873359: shutdown LeaderElection
2019-10-15 17:18:07,877 [79abbc2e-0a90-4a41-a17c-6388bb873359@group-B673650064C9-LeaderElection206] INFO  impl.RoleInfo (RoleInfo.java:updateAndGet(143)) - 79abbc2e-0a90-4a41-a17c-6388bb873359: start FollowerState
2019-10-15 17:18:07,960 [Thread-1662] INFO  impl.FollowerState (FollowerState.java:run(108)) - 79abbc2e-0a90-4a41-a17c-6388bb873359@group-B673650064C9-FollowerState: change to CANDIDATE, lastRpcTime:83ms, electionTimeout:82ms
2019-10-15 17:18:07,961 [Thread-1662] INFO  impl.RoleInfo (RoleInfo.java:shutdownFollowerState(121)) - 79abbc2e-0a90-4a41-a17c-6388bb873359: shutdown FollowerState
2019-10-15 17:18:07,961 [Thread-1662] INFO  impl.RaftServerImpl (RaftServerImpl.java:setRole(184)) - 79abbc2e-0a90-4a41-a17c-6388bb873359@group-B673650064C9: changes role from  FOLLOWER to CANDIDATE at term 238 for changeToCandidate
2019-10-15 17:18:07,961 [Thread-1662] INFO  impl.RoleInfo (RoleInfo.java:updateAndGet(143)) - 79abbc2e-0a90-4a41-a17c-6388bb873359: start LeaderElection
2019-10-15 17:18:07,984 [79abbc2e-0a90-4a41-a17c-6388bb873359@group-B673650064C9-LeaderElection207] INFO  impl.LeaderElection (LeaderElection.java:askForVotes(178)) - 79abbc2e-0a90-4a41-a17c-6388bb873359@group-B673650064C9-LeaderElection207: begin an election at term 239 for -1: [ebd8d1f9-8297-450f-abe7-393807ba0c7e:192.168.164.239:36510, dbc121b5-e1e8-4c61-9d50-542b699a3d90:192.168.164.239:43140, 79abbc2e-0a90-4a41-a17c-6388bb873359:192.168.164.239:37857], old=null
2019-10-15 17:18:07,986 [grpc-default-executor-1] INFO  impl.RaftServerImpl (RaftServerImpl.java:setRole(184)) - dbc121b5-e1e8-4c61-9d50-542b699a3d90@group-B673650064C9: changes role from  FOLLOWER to FOLLOWER at term 239 for recognizeCandidate:79abbc2e-0a90-4a41-a17c-6388bb873359
2019-10-15 17:18:07,986 [grpc-default-executor-0] INFO  impl.RaftServerImpl (RaftServerImpl.java:setRole(184)) - ebd8d1f9-8297-450f-abe7-393807ba0c7e@group-B673650064C9: changes role from  FOLLOWER to FOLLOWER at term 239 for recognizeCandidate:79abbc2e-0a90-4a41-a17c-6388bb873359
2019-10-15 17:18:07,987 [grpc-default-executor-1] INFO  impl.RoleInfo (RoleInfo.java:shutdownFollowerState(121)) - dbc121b5-e1e8-4c61-9d50-542b699a3d90: shutdown FollowerState
2019-10-15 17:18:07,987 [grpc-default-executor-0] INFO  impl.RoleInfo (RoleInfo.java:shutdownFollowerState(121)) - ebd8d1f9-8297-450f-abe7-393807ba0c7e: shutdown FollowerState
2019-10-15 17:18:07,987 [Thread-1661] INFO  impl.FollowerState (FollowerState.java:run(117)) - dbc121b5-e1e8-4c61-9d50-542b699a3d90@group-B673650064C9-FollowerState was interrupted: java.lang.InterruptedException: sleep interrupted
2019-10-15 17:18:07,987 [grpc-default-executor-1] INFO  impl.RoleInfo (RoleInfo.java:updateAndGet(143)) - dbc121b5-e1e8-4c61-9d50-542b699a3d90: start FollowerState
2019-10-15 17:18:07,987 [Thread-1660] INFO  impl.FollowerState (FollowerState.java:run(117)) - ebd8d1f9-8297-450f-abe7-393807ba0c7e@group-B673650064C9-FollowerState was interrupted: java.lang.InterruptedException: sleep interrupted
2019-10-15 17:18:07,987 [grpc-default-executor-0] INFO  impl.RoleInfo (RoleInfo.java:updateAndGet(143)) - ebd8d1f9-8297-450f-abe7-393807ba0c7e: start FollowerState
2019-10-15 17:18:08,010 [79abbc2e-0a90-4a41-a17c-6388bb873359@group-B673650064C9-LeaderElection207] INFO  impl.LeaderElection (LeaderElection.java:logAndReturn(56)) - 79abbc2e-0a90-4a41-a17c-6388bb873359@group-B673650064C9-LeaderElection207: Election REJECTED; received 2 response(s) [79abbc2e-0a90-4a41-a17c-6388bb873359<-ebd8d1f9-8297-450f-abe7-393807ba0c7e#0:FAIL-t239, 79abbc2e-0a90-4a41-a17c-6388bb873359<-dbc121b5-e1e8-4c61-9d50-542b699a3d90#0:FAIL-t239] and 0 exception(s); 79abbc2e-0a90-4a41-a17c-6388bb873359@group-B673650064C9:t239, leader=null, voted=79abbc2e-0a90-4a41-a17c-6388bb873359, raftlog=79abbc2e-0a90-4a41-a17c-6388bb873359@group-B673650064C9-SegmentedRaftLog:OPENED:c-1,f-1,i0, conf=-1: [ebd8d1f9-8297-450f-abe7-393807ba0c7e:192.168.164.239:36510, dbc121b5-e1e8-4c61-9d50-542b699a3d90:192.168.164.239:43140, 79abbc2e-0a90-4a41-a17c-6388bb873359:192.168.164.239:37857], old=null
2019-10-15 17:18:08,011 [79abbc2e-0a90-4a41-a17c-6388bb873359@group-B673650064C9-LeaderElection207] INFO  impl.RaftServerImpl (RaftServerImpl.java:setRole(184)) - 79abbc2e-0a90-4a41-a17c-6388bb873359@group-B673650064C9: changes role from CANDIDATE to FOLLOWER at term 239 for DISCOVERED_A_NEW_TERM
2019-10-15 17:18:08,011 [79abbc2e-0a90-4a41-a17c-6388bb873359@group-B673650064C9-LeaderElection207] INFO  impl.RoleInfo (RoleInfo.java:shutdownLeaderElection(134)) - 79abbc2e-0a90-4a41-a17c-6388bb873359: shutdown LeaderElection
2019-10-15 17:18:08,011 [79abbc2e-0a90-4a41-a17c-6388bb873359@group-B673650064C9-LeaderElection207] INFO  impl.RoleInfo (RoleInfo.java:updateAndGet(143)) - 79abbc2e-0a90-4a41-a17c-6388bb873359: start FollowerState
2019-10-15 17:18:08,126 [Thread-1670] INFO  impl.FollowerState (FollowerState.java:run(108)) - 79abbc2e-0a90-4a41-a17c-6388bb873359@group-B673650064C9-FollowerState: change to CANDIDATE, lastRpcTime:115ms, electionTimeout:115ms
2019-10-15 17:18:08,127 [Thread-1670] INFO  impl.RoleInfo (RoleInfo.java:shutdownFollowerState(121)) - 79abbc2e-0a90-4a41-a17c-6388bb873359: shutdown FollowerState
2019-10-15 17:18:08,127 [Thread-1670] INFO  impl.RaftServerImpl (RaftServerImpl.java:setRole(184)) - 79abbc2e-0a90-4a41-a17c-6388bb873359@group-B673650064C9: changes role from  FOLLOWER to CANDIDATE at term 239 for changeToCandidate
2019-10-15 17:18:08,127 [Thread-1670] INFO  impl.RoleInfo (RoleInfo.java:updateAndGet(143)) - 79abbc2e-0a90-4a41-a17c-6388bb873359: start LeaderElection
2019-10-15 17:18:08,151 [79abbc2e-0a90-4a41-a17c-6388bb873359@group-B673650064C9-LeaderElection208] INFO  impl.LeaderElection (LeaderElection.java:askForVotes(178)) - 79abbc2e-0a90-4a41-a17c-6388bb873359@group-B673650064C9-LeaderElection208: begin an election at term 240 for -1: [ebd8d1f9-8297-450f-abe7-393807ba0c7e:192.168.164.239:36510, dbc121b5-e1e8-4c61-9d50-542b699a3d90:192.168.164.239:43140, 79abbc2e-0a90-4a41-a17c-6388bb873359:192.168.164.239:37857], old=null
2019-10-15 17:18:08,153 [grpc-default-executor-0] INFO  impl.RaftServerImpl (RaftServerImpl.java:setRole(184)) - ebd8d1f9-8297-450f-abe7-393807ba0c7e@group-B673650064C9: changes role from  FOLLOWER to FOLLOWER at term 240 for recognizeCandidate:79abbc2e-0a90-4a41-a17c-6388bb873359
2019-10-15 17:18:08,153 [grpc-default-executor-1] INFO  impl.RaftServerImpl (RaftServerImpl.java:setRole(184)) - dbc121b5-e1e8-4c61-9d50-542b699a3d90@group-B673650064C9: changes role from  FOLLOWER to FOLLOWER at term 240 for recognizeCandidate:79abbc2e-0a90-4a41-a17c-6388bb873359
2019-10-15 17:18:08,154 [grpc-default-executor-0] INFO  impl.RoleInfo (RoleInfo.java:shutdownFollowerState(121)) - ebd8d1f9-8297-450f-abe7-393807ba0c7e: shutdown FollowerState
2019-10-15 17:18:08,154 [grpc-default-executor-1] INFO  impl.RoleInfo (RoleInfo.java:shutdownFollowerState(121)) - dbc121b5-e1e8-4c61-9d50-542b699a3d90: shutdown FollowerState
2019-10-15 17:18:08,154 [Thread-1669] INFO  impl.FollowerState (FollowerState.java:run(117)) - ebd8d1f9-8297-450f-abe7-393807ba0c7e@group-B673650064C9-FollowerState was interrupted: java.lang.InterruptedException: sleep interrupted
2019-10-15 17:18:08,154 [grpc-default-executor-0] INFO  impl.RoleInfo (RoleInfo.java:updateAndGet(143)) - ebd8d1f9-8297-450f-abe7-393807ba0c7e: start FollowerState
2019-10-15 17:18:08,154 [grpc-default-executor-1] INFO  impl.RoleInfo (RoleInfo.java:updateAndGet(143)) - dbc121b5-e1e8-4c61-9d50-542b699a3d90: start FollowerState
2019-10-15 17:18:08,154 [Thread-1668] INFO  impl.FollowerState (FollowerState.java:run(117)) - dbc121b5-e1e8-4c61-9d50-542b699a3d90@group-B673650064C9-FollowerState was interrupted: java.lang.InterruptedException: sleep interrupted
2019-10-15 17:18:08,179 [79abbc2e-0a90-4a41-a17c-6388bb873359@group-B673650064C9-LeaderElection208] INFO  impl.LeaderElection (LeaderElection.java:logAndReturn(56)) - 79abbc2e-0a90-4a41-a17c-6388bb873359@group-B673650064C9-LeaderElection208: Election REJECTED; received 2 response(s) [79abbc2e-0a90-4a41-a17c-6388bb873359<-ebd8d1f9-8297-450f-abe7-393807ba0c7e#0:FAIL-t240, 79abbc2e-0a90-4a41-a17c-6388bb873359<-dbc121b5-e1e8-4c61-9d50-542b699a3d90#0:FAIL-t240] and 0 exception(s); 79abbc2e-0a90-4a41-a17c-6388bb873359@group-B673650064C9:t240, leader=null, voted=79abbc2e-0a90-4a41-a17c-6388bb873359, raftlog=79abbc2e-0a90-4a41-a17c-6388bb873359@group-B673650064C9-SegmentedRaftLog:OPENED:c-1,f-1,i0, conf=-1: [ebd8d1f9-8297-450f-abe7-393807ba0c7e:192.168.164.239:36510, dbc121b5-e1e8-4c61-9d50-542b699a3d90:192.168.164.239:43140, 79abbc2e-0a90-4a41-a17c-6388bb873359:192.168.164.239:37857], old=null
2019-10-15 17:18:08,179 [79abbc2e-0a90-4a41-a17c-6388bb873359@group-B673650064C9-LeaderElection208] INFO  impl.RaftServerImpl (RaftServerImpl.java:setRole(184)) - 79abbc2e-0a90-4a41-a17c-6388bb873359@group-B673650064C9: changes role from CANDIDATE to FOLLOWER at term 240 for DISCOVERED_A_NEW_TERM
2019-10-15 17:18:08,179 [79abbc2e-0a90-4a41-a17c-6388bb873359@group-B673650064C9-LeaderElection208] INFO  impl.RoleInfo (RoleInfo.java:shutdownLeaderElection(134)) - 79abbc2e-0a90-4a41-a17c-6388bb873359: shutdown LeaderElection
2019-10-15 17:18:08,179 [79abbc2e-0a90-4a41-a17c-6388bb873359@group-B673650064C9-LeaderElection208] INFO  impl.RoleInfo (RoleInfo.java:updateAndGet(143)) - 79abbc2e-0a90-4a41-a17c-6388bb873359: start FollowerState
2019-10-15 17:18:08,350 [Thread-1676] INFO  impl.FollowerState (FollowerState.java:run(108)) - 79abbc2e-0a90-4a41-a17c-6388bb873359@group-B673650064C9-FollowerState: change to CANDIDATE, lastRpcTime:170ms, electionTimeout:170ms
2019-10-15 17:18:08,350 [Thread-1676] INFO  impl.RoleInfo (RoleInfo.java:shutdownFollowerState(121)) - 79abbc2e-0a90-4a41-a17c-6388bb873359: shutdown FollowerState
2019-10-15 17:18:08,350 [Thread-1676] INFO  impl.RaftServerImpl (RaftServerImpl.java:setRole(184)) - 79abbc2e-0a90-4a41-a17c-6388bb873359@group-B673650064C9: changes role from  FOLLOWER to CANDIDATE at term 240 for changeToCandidate
2019-10-15 17:18:08,350 [Thread-1676] INFO  impl.RoleInfo (RoleInfo.java:updateAndGet(143)) - 79abbc2e-0a90-4a41-a17c-6388bb873359: start LeaderElection
2019-10-15 17:18:08,378 [79abbc2e-0a90-4a41-a17c-6388bb873359@group-B673650064C9-LeaderElection209] INFO  impl.LeaderElection (LeaderElection.java:askForVotes(178)) - 79abbc2e-0a90-4a41-a17c-6388bb873359@group-B673650064C9-LeaderElection209: begin an election at term 241 for -1: [ebd8d1f9-8297-450f-abe7-393807ba0c7e:192.168.164.239:36510, dbc121b5-e1e8-4c61-9d50-542b699a3d90:192.168.164.239:43140, 79abbc2e-0a90-4a41-a17c-6388bb873359:192.168.164.239:37857], old=null
2019-10-15 17:18:08,380 [grpc-default-executor-1] INFO  impl.RaftServerImpl (RaftServerImpl.java:setRole(184)) - ebd8d1f9-8297-450f-abe7-393807ba0c7e@group-B673650064C9: changes role from  FOLLOWER to FOLLOWER at term 241 for recognizeCandidate:79abbc2e-0a90-4a41-a17c-6388bb873359
2019-10-15 17:18:08,380 [grpc-default-executor-1] INFO  impl.RoleInfo (RoleInfo.java:shutdownFollowerState(121)) - ebd8d1f9-8297-450f-abe7-393807ba0c7e: shutdown FollowerState
2019-10-15 17:18:08,380 [grpc-default-executor-0] INFO  impl.RaftServerImpl (RaftServerImpl.java:setRole(184)) - dbc121b5-e1e8-4c61-9d50-542b699a3d90@group-B673650064C9: changes role from  FOLLOWER to FOLLOWER at term 241 for recognizeCandidate:79abbc2e-0a90-4a41-a17c-6388bb873359
2019-10-15 17:18:08,381 [grpc-default-executor-0] INFO  impl.RoleInfo (RoleInfo.java:shutdownFollowerState(121)) - dbc121b5-e1e8-4c61-9d50-542b699a3d90: shutdown FollowerState
2019-10-15 17:18:08,381 [Thread-1674] INFO  impl.FollowerState (FollowerState.java:run(117)) - ebd8d1f9-8297-450f-abe7-393807ba0c7e@group-B673650064C9-FollowerState was interrupted: java.lang.InterruptedException: sleep interrupted
2019-10-15 17:18:08,381 [Thread-1675] INFO  impl.FollowerState (FollowerState.java:run(117)) - dbc121b5-e1e8-4c61-9d50-542b699a3d90@group-B673650064C9-FollowerState was interrupted: java.lang.InterruptedException: sleep interrupted
2019-10-15 17:18:08,381 [grpc-default-executor-1] INFO  impl.RoleInfo (RoleInfo.java:updateAndGet(143)) - ebd8d1f9-8297-450f-abe7-393807ba0c7e: start FollowerState
2019-10-15 17:18:08,381 [grpc-default-executor-0] INFO  impl.RoleInfo (RoleInfo.java:updateAndGet(143)) - dbc121b5-e1e8-4c61-9d50-542b699a3d90: start FollowerState
2019-10-15 17:18:08,405 [79abbc2e-0a90-4a41-a17c-6388bb873359@group-B673650064C9-LeaderElection209] INFO  impl.LeaderElection (LeaderElection.java:logAndReturn(56)) - 79abbc2e-0a90-4a41-a17c-6388bb873359@group-B673650064C9-LeaderElection209: Election REJECTED; received 2 response(s) [79abbc2e-0a90-4a41-a17c-6388bb873359<-ebd8d1f9-8297-450f-abe7-393807ba0c7e#0:FAIL-t241, 79abbc2e-0a90-4a41-a17c-6388bb873359<-dbc121b5-e1e8-4c61-9d50-542b699a3d90#0:FAIL-t241] and 0 exception(s); 79abbc2e-0a90-4a41-a17c-6388bb873359@group-B673650064C9:t241, leader=null, voted=79abbc2e-0a90-4a41-a17c-6388bb873359, raftlog=79abbc2e-0a90-4a41-a17c-6388bb873359@group-B673650064C9-SegmentedRaftLog:OPENED:c-1,f-1,i0, conf=-1: [ebd8d1f9-8297-450f-abe7-393807ba0c7e:192.168.164.239:36510, dbc121b5-e1e8-4c61-9d50-542b699a3d90:192.168.164.239:43140, 79abbc2e-0a90-4a41-a17c-6388bb873359:192.168.164.239:37857], old=null
2019-10-15 17:18:08,405 [79abbc2e-0a90-4a41-a17c-6388bb873359@group-B673650064C9-LeaderElection209] INFO  impl.RaftServerImpl (RaftServerImpl.java:setRole(184)) - 79abbc2e-0a90-4a41-a17c-6388bb873359@group-B673650064C9: changes role from CANDIDATE to FOLLOWER at term 241 for DISCOVERED_A_NEW_TERM
2019-10-15 17:18:08,405 [79abbc2e-0a90-4a41-a17c-6388bb873359@group-B673650064C9-LeaderElection209] INFO  impl.RoleInfo (RoleInfo.java:shutdownLeaderElection(134)) - 79abbc2e-0a90-4a41-a17c-6388bb873359: shutdown LeaderElection
2019-10-15 17:18:08,405 [79abbc2e-0a90-4a41-a17c-6388bb873359@group-B673650064C9-LeaderElection209] INFO  impl.RoleInfo (RoleInfo.java:updateAndGet(143)) - 79abbc2e-0a90-4a41-a17c-6388bb873359: start FollowerState
2019-10-15 17:18:08,474 [Thread-1682] INFO  impl.FollowerState (FollowerState.java:run(108)) - 79abbc2e-0a90-4a41-a17c-6388bb873359@group-B673650064C9-FollowerState: change to CANDIDATE, lastRpcTime:68ms, electionTimeout:68ms
2019-10-15 17:18:08,474 [Thread-1682] INFO  impl.RoleInfo (RoleInfo.java:shutdownFollowerState(121)) - 79abbc2e-0a90-4a41-a17c-6388bb873359: shutdown FollowerState
2019-10-15 17:18:08,474 [Thread-1682] INFO  impl.RaftServerImpl (RaftServerImpl.java:setRole(184)) - 79abbc2e-0a90-4a41-a17c-6388bb873359@group-B673650064C9: changes role from  FOLLOWER to CANDIDATE at term 241 for changeToCandidate
2019-10-15 17:18:08,474 [Thread-1682] INFO  impl.RoleInfo (RoleInfo.java:updateAndGet(143)) - 79abbc2e-0a90-4a41-a17c-6388bb873359: start LeaderElection
2019-10-15 17:18:08,504 [79abbc2e-0a90-4a41-a17c-6388bb873359@group-B673650064C9-LeaderElection210] INFO  impl.LeaderElection (LeaderElection.java:askForVotes(178)) - 79abbc2e-0a90-4a41-a17c-6388bb873359@group-B673650064C9-LeaderElection210: begin an election at term 242 for -1: [ebd8d1f9-8297-450f-abe7-393807ba0c7e:192.168.164.239:36510, dbc121b5-e1e8-4c61-9d50-542b699a3d90:192.168.164.239:43140, 79abbc2e-0a90-4a41-a17c-6388bb873359:192.168.164.239:37857], old=null
2019-10-15 17:18:08,506 [grpc-default-executor-0] INFO  impl.RaftServerImpl (RaftServerImpl.java:setRole(184)) - dbc121b5-e1e8-4c61-9d50-542b699a3d90@group-B673650064C9: changes role from  FOLLOWER to FOLLOWER at term 242 for recognizeCandidate:79abbc2e-0a90-4a41-a17c-6388bb873359
2019-10-15 17:18:08,506 [grpc-default-executor-1] INFO  impl.RaftServerImpl (RaftServerImpl.java:setRole(184)) - ebd8d1f9-8297-450f-abe7-393807ba0c7e@group-B673650064C9: changes role from  FOLLOWER to FOLLOWER at term 242 for recognizeCandidate:79abbc2e-0a90-4a41-a17c-6388bb873359
2019-10-15 17:18:08,507 [grpc-default-executor-1] INFO  impl.RoleInfo (RoleInfo.java:shutdownFollowerState(121)) - ebd8d1f9-8297-450f-abe7-393807ba0c7e: shutdown FollowerState
2019-10-15 17:18:08,507 [grpc-default-executor-0] INFO  impl.RoleInfo (RoleInfo.java:shutdownFollowerState(121)) - dbc121b5-e1e8-4c61-9d50-542b699a3d90: shutdown FollowerState
2019-10-15 17:18:08,507 [Thread-1680] INFO  impl.FollowerState (FollowerState.java:run(117)) - ebd8d1f9-8297-450f-abe7-393807ba0c7e@group-B673650064C9-FollowerState was interrupted: java.lang.InterruptedException: sleep interrupted
2019-10-15 17:18:08,507 [Thread-1681] INFO  impl.FollowerState (FollowerState.java:run(117)) - dbc121b5-e1e8-4c61-9d50-542b699a3d90@group-B673650064C9-FollowerState was interrupted: java.lang.InterruptedException: sleep interrupted
2019-10-15 17:18:08,507 [grpc-default-executor-1] INFO  impl.RoleInfo (RoleInfo.java:updateAndGet(143)) - ebd8d1f9-8297-450f-abe7-393807ba0c7e: start FollowerState
2019-10-15 17:18:08,507 [grpc-default-executor-0] INFO  impl.RoleInfo (RoleInfo.java:updateAndGet(143)) - dbc121b5-e1e8-4c61-9d50-542b699a3d90: start FollowerState
2019-10-15 17:18:08,530 [79abbc2e-0a90-4a41-a17c-6388bb873359@group-B673650064C9-LeaderElection210] INFO  impl.LeaderElection (LeaderElection.java:logAndReturn(56)) - 79abbc2e-0a90-4a41-a17c-6388bb873359@group-B673650064C9-LeaderElection210: Election REJECTED; received 2 response(s) [79abbc2e-0a90-4a41-a17c-6388bb873359<-ebd8d1f9-8297-450f-abe7-393807ba0c7e#0:FAIL-t242, 79abbc2e-0a90-4a41-a17c-6388bb873359<-dbc121b5-e1e8-4c61-9d50-542b699a3d90#0:FAIL-t242] and 0 exception(s); 79abbc2e-0a90-4a41-a17c-6388bb873359@group-B673650064C9:t242, leader=null, voted=79abbc2e-0a90-4a41-a17c-6388bb873359, raftlog=79abbc2e-0a90-4a41-a17c-6388bb873359@group-B673650064C9-SegmentedRaftLog:OPENED:c-1,f-1,i0, conf=-1: [ebd8d1f9-8297-450f-abe7-393807ba0c7e:192.168.164.239:36510, dbc121b5-e1e8-4c61-9d50-542b699a3d90:192.168.164.239:43140, 79abbc2e-0a90-4a41-a17c-6388bb873359:192.168.164.239:37857], old=null
2019-10-15 17:18:08,530 [79abbc2e-0a90-4a41-a17c-6388bb873359@group-B673650064C9-LeaderElection210] INFO  impl.RaftServerImpl (RaftServerImpl.java:setRole(184)) - 79abbc2e-0a90-4a41-a17c-6388bb873359@group-B673650064C9: changes role from CANDIDATE to FOLLOWER at term 242 for DISCOVERED_A_NEW_TERM
2019-10-15 17:18:08,531 [79abbc2e-0a90-4a41-a17c-6388bb873359@group-B673650064C9-LeaderElection210] INFO  impl.RoleInfo (RoleInfo.java:shutdownLeaderElection(134)) - 79abbc2e-0a90-4a41-a17c-6388bb873359: shutdown LeaderElection
2019-10-15 17:18:08,531 [79abbc2e-0a90-4a41-a17c-6388bb873359@group-B673650064C9-LeaderElection210] INFO  impl.RoleInfo (RoleInfo.java:updateAndGet(143)) - 79abbc2e-0a90-4a41-a17c-6388bb873359: start FollowerState
2019-10-15 17:18:08,644 [Thread-1688] INFO  impl.FollowerState (FollowerState.java:run(108)) - 79abbc2e-0a90-4a41-a17c-6388bb873359@group-B673650064C9-FollowerState: change to CANDIDATE, lastRpcTime:113ms, electionTimeout:113ms
2019-10-15 17:18:08,644 [Thread-1688] INFO  impl.RoleInfo (RoleInfo.java:shutdownFollowerState(121)) - 79abbc2e-0a90-4a41-a17c-6388bb873359: shutdown FollowerState
2019-10-15 17:18:08,644 [Thread-1688] INFO  impl.RaftServerImpl (RaftServerImpl.java:setRole(184)) - 79abbc2e-0a90-4a41-a17c-6388bb873359@group-B673650064C9: changes role from  FOLLOWER to CANDIDATE at term 242 for changeToCandidate
2019-10-15 17:18:08,644 [Thread-1688] INFO  impl.RoleInfo (RoleInfo.java:updateAndGet(143)) - 79abbc2e-0a90-4a41-a17c-6388bb873359: start LeaderElection
2019-10-15 17:18:08,672 [79abbc2e-0a90-4a41-a17c-6388bb873359@group-B673650064C9-LeaderElection211] INFO  impl.LeaderElection (LeaderElection.java:askForVotes(178)) - 79abbc2e-0a90-4a41-a17c-6388bb873359@group-B673650064C9-LeaderElection211: begin an election at term 243 for -1: [ebd8d1f9-8297-450f-abe7-393807ba0c7e:192.168.164.239:36510, dbc121b5-e1e8-4c61-9d50-542b699a3d90:192.168.164.239:43140, 79abbc2e-0a90-4a41-a17c-6388bb873359:192.168.164.239:37857], old=null
2019-10-15 17:18:08,674 [grpc-default-executor-1] INFO  impl.RaftServerImpl (RaftServerImpl.java:setRole(184)) - ebd8d1f9-8297-450f-abe7-393807ba0c7e@group-B673650064C9: changes role from  FOLLOWER to FOLLOWER at term 243 for recognizeCandidate:79abbc2e-0a90-4a41-a17c-6388bb873359
2019-10-15 17:18:08,674 [grpc-default-executor-1] INFO  impl.RoleInfo (RoleInfo.java:shutdownFollowerState(121)) - ebd8d1f9-8297-450f-abe7-393807ba0c7e: shutdown FollowerState
2019-10-15 17:18:08,674 [grpc-default-executor-1] INFO  impl.RoleInfo (RoleInfo.java:updateAndGet(143)) - ebd8d1f9-8297-450f-abe7-393807ba0c7e: start FollowerState
2019-10-15 17:18:08,674 [Thread-1686] INFO  impl.FollowerState (FollowerState.java:run(117)) - ebd8d1f9-8297-450f-abe7-393807ba0c7e@group-B673650064C9-FollowerState was interrupted: java.lang.InterruptedException: sleep interrupted
2019-10-15 17:18:08,674 [grpc-default-executor-0] INFO  impl.RaftServerImpl (RaftServerImpl.java:setRole(184)) - dbc121b5-e1e8-4c61-9d50-542b699a3d90@group-B673650064C9: changes role from  FOLLOWER to FOLLOWER at term 243 for recognizeCandidate:79abbc2e-0a90-4a41-a17c-6388bb873359
2019-10-15 17:18:08,674 [grpc-default-executor-0] INFO  impl.RoleInfo (RoleInfo.java:shutdownFollowerState(121)) - dbc121b5-e1e8-4c61-9d50-542b699a3d90: shutdown FollowerState
2019-10-15 17:18:08,675 [grpc-default-executor-0] INFO  impl.RoleInfo (RoleInfo.java:updateAndGet(143)) - dbc121b5-e1e8-4c61-9d50-542b699a3d90: start FollowerState
2019-10-15 17:18:08,675 [Thread-1687] INFO  impl.FollowerState (FollowerState.java:run(117)) - dbc121b5-e1e8-4c61-9d50-542b699a3d90@group-B673650064C9-FollowerState was interrupted: java.lang.InterruptedException: sleep interrupted
2019-10-15 17:18:08,698 [79abbc2e-0a90-4a41-a17c-6388bb873359@group-B673650064C9-LeaderElection211] INFO  impl.LeaderElection (LeaderElection.java:logAndReturn(56)) - 79abbc2e-0a90-4a41-a17c-6388bb873359@group-B673650064C9-LeaderElection211: Election REJECTED; received 2 response(s) [79abbc2e-0a90-4a41-a17c-6388bb873359<-ebd8d1f9-8297-450f-abe7-393807ba0c7e#0:FAIL-t243, 79abbc2e-0a90-4a41-a17c-6388bb873359<-dbc121b5-e1e8-4c61-9d50-542b699a3d90#0:FAIL-t243] and 0 exception(s); 79abbc2e-0a90-4a41-a17c-6388bb873359@group-B673650064C9:t243, leader=null, voted=79abbc2e-0a90-4a41-a17c-6388bb873359, raftlog=79abbc2e-0a90-4a41-a17c-6388bb873359@group-B673650064C9-SegmentedRaftLog:OPENED:c-1,f-1,i0, conf=-1: [ebd8d1f9-8297-450f-abe7-393807ba0c7e:192.168.164.239:36510, dbc121b5-e1e8-4c61-9d50-542b699a3d90:192.168.164.239:43140, 79abbc2e-0a90-4a41-a17c-6388bb873359:192.168.164.239:37857], old=null
2019-10-15 17:18:08,698 [79abbc2e-0a90-4a41-a17c-6388bb873359@group-B673650064C9-LeaderElection211] INFO  impl.RaftServerImpl (RaftServerImpl.java:setRole(184)) - 79abbc2e-0a90-4a41-a17c-6388bb873359@group-B673650064C9: changes role from CANDIDATE to FOLLOWER at term 243 for DISCOVERED_A_NEW_TERM
2019-10-15 17:18:08,698 [79abbc2e-0a90-4a41-a17c-6388bb873359@group-B673650064C9-LeaderElection211] INFO  impl.RoleInfo (RoleInfo.java:shutdownLeaderElection(134)) - 79abbc2e-0a90-4a41-a17c-6388bb873359: shutdown LeaderElection
2019-10-15 17:18:08,698 [79abbc2e-0a90-4a41-a17c-6388bb873359@group-B673650064C9-LeaderElection211] INFO  impl.RoleInfo (RoleInfo.java:updateAndGet(143)) - 79abbc2e-0a90-4a41-a17c-6388bb873359: start FollowerState
2019-10-15 17:18:08,807 [Thread-1694] INFO  impl.FollowerState (FollowerState.java:run(108)) - 79abbc2e-0a90-4a41-a17c-6388bb873359@group-B673650064C9-FollowerState: change to CANDIDATE, lastRpcTime:108ms, electionTimeout:108ms
2019-10-15 17:18:08,807 [Thread-1694] INFO  impl.RoleInfo (RoleInfo.java:shutdownFollowerState(121)) - 79abbc2e-0a90-4a41-a17c-6388bb873359: shutdown FollowerState
2019-10-15 17:18:08,807 [Thread-1694] INFO  impl.RaftServerImpl (RaftServerImpl.java:setRole(184)) - 79abbc2e-0a90-4a41-a17c-6388bb873359@group-B673650064C9: changes role from  FOLLOWER to CANDIDATE at term 243 for changeToCandidate
2019-10-15 17:18:08,807 [Thread-1694] INFO  impl.RoleInfo (RoleInfo.java:updateAndGet(143)) - 79abbc2e-0a90-4a41-a17c-6388bb873359: start LeaderElection
2019-10-15 17:18:08,831 [79abbc2e-0a90-4a41-a17c-6388bb873359@group-B673650064C9-LeaderElection212] INFO  impl.LeaderElection (LeaderElection.java:askForVotes(178)) - 79abbc2e-0a90-4a41-a17c-6388bb873359@group-B673650064C9-LeaderElection212: begin an election at term 244 for -1: [ebd8d1f9-8297-450f-abe7-393807ba0c7e:192.168.164.239:36510, dbc121b5-e1e8-4c61-9d50-542b699a3d90:192.168.164.239:43140, 79abbc2e-0a90-4a41-a17c-6388bb873359:192.168.164.239:37857], old=null
2019-10-15 17:18:08,834 [grpc-default-executor-0] INFO  impl.RaftServerImpl (RaftServerImpl.java:setRole(184)) - ebd8d1f9-8297-450f-abe7-393807ba0c7e@group-B673650064C9: changes role from  FOLLOWER to FOLLOWER at term 244 for recognizeCandidate:79abbc2e-0a90-4a41-a17c-6388bb873359
2019-10-15 17:18:08,834 [grpc-default-executor-1] INFO  impl.RaftServerImpl (RaftServerImpl.java:setRole(184)) - dbc121b5-e1e8-4c61-9d50-542b699a3d90@group-B673650064C9: changes role from  FOLLOWER to FOLLOWER at term 244 for recognizeCandidate:79abbc2e-0a90-4a41-a17c-6388bb873359
2019-10-15 17:18:08,834 [grpc-default-executor-0] INFO  impl.RoleInfo (RoleInfo.java:shutdownFollowerState(121)) - ebd8d1f9-8297-450f-abe7-393807ba0c7e: shutdown FollowerState
2019-10-15 17:18:08,834 [grpc-default-executor-1] INFO  impl.RoleInfo (RoleInfo.java:shutdownFollowerState(121)) - dbc121b5-e1e8-4c61-9d50-542b699a3d90: shutdown FollowerState
2019-10-15 17:18:08,834 [Thread-1692] INFO  impl.FollowerState (FollowerState.java:run(117)) - ebd8d1f9-8297-450f-abe7-393807ba0c7e@group-B673650064C9-FollowerState was interrupted: java.lang.InterruptedException: sleep interrupted
2019-10-15 17:18:08,834 [grpc-default-executor-0] INFO  impl.RoleInfo (RoleInfo.java:updateAndGet(143)) - ebd8d1f9-8297-450f-abe7-393807ba0c7e: start FollowerState
2019-10-15 17:18:08,834 [Thread-1693] INFO  impl.FollowerState (FollowerState.java:run(117)) - dbc121b5-e1e8-4c61-9d50-542b699a3d90@group-B673650064C9-FollowerState was interrupted: java.lang.InterruptedException: sleep interrupted
2019-10-15 17:18:08,834 [grpc-default-executor-1] INFO  impl.RoleInfo (RoleInfo.java:updateAndGet(143)) - dbc121b5-e1e8-4c61-9d50-542b699a3d90: start FollowerState
2019-10-15 17:18:08,853 [79abbc2e-0a90-4a41-a17c-6388bb873359@group-B673650064C9-LeaderElection212] INFO  impl.LeaderElection (LeaderElection.java:logAndReturn(56)) - 79abbc2e-0a90-4a41-a17c-6388bb873359@group-B673650064C9-LeaderElection212: Election TIMEOUT; received 0 response(s) [] and 0 exception(s); 79abbc2e-0a90-4a41-a17c-6388bb873359@group-B673650064C9:t244, leader=null, voted=79abbc2e-0a90-4a41-a17c-6388bb873359, raftlog=79abbc2e-0a90-4a41-a17c-6388bb873359@group-B673650064C9-SegmentedRaftLog:OPENED:c-1,f-1,i0, conf=-1: [ebd8d1f9-8297-450f-abe7-393807ba0c7e:192.168.164.239:36510, dbc121b5-e1e8-4c61-9d50-542b699a3d90:192.168.164.239:43140, 79abbc2e-0a90-4a41-a17c-6388bb873359:192.168.164.239:37857], old=null
2019-10-15 17:18:08,881 [79abbc2e-0a90-4a41-a17c-6388bb873359@group-B673650064C9-LeaderElection212] INFO  impl.LeaderElection (LeaderElection.java:askForVotes(178)) - 79abbc2e-0a90-4a41-a17c-6388bb873359@group-B673650064C9-LeaderElection212: begin an election at term 245 for -1: [ebd8d1f9-8297-450f-abe7-393807ba0c7e:192.168.164.239:36510, dbc121b5-e1e8-4c61-9d50-542b699a3d90:192.168.164.239:43140, 79abbc2e-0a90-4a41-a17c-6388bb873359:192.168.164.239:37857], old=null
2019-10-15 17:18:08,883 [grpc-default-executor-1] INFO  impl.RaftServerImpl (RaftServerImpl.java:setRole(184)) - ebd8d1f9-8297-450f-abe7-393807ba0c7e@group-B673650064C9: changes role from  FOLLOWER to FOLLOWER at term 245 for recognizeCandidate:79abbc2e-0a90-4a41-a17c-6388bb873359
2019-10-15 17:18:08,883 [grpc-default-executor-1] INFO  impl.RoleInfo (RoleInfo.java:shutdownFollowerState(121)) - ebd8d1f9-8297-450f-abe7-393807ba0c7e: shutdown FollowerState
2019-10-15 17:18:08,883 [grpc-default-executor-0] INFO  impl.RaftServerImpl (RaftServerImpl.java:setRole(184)) - dbc121b5-e1e8-4c61-9d50-542b699a3d90@group-B673650064C9: changes role from  FOLLOWER to FOLLOWER at term 245 for recognizeCandidate:79abbc2e-0a90-4a41-a17c-6388bb873359
2019-10-15 17:18:08,884 [grpc-default-executor-0] INFO  impl.RoleInfo (RoleInfo.java:shutdownFollowerState(121)) - dbc121b5-e1e8-4c61-9d50-542b699a3d90: shutdown FollowerState
2019-10-15 17:18:08,883 [Thread-1698] INFO  impl.FollowerState (FollowerState.java:run(117)) - ebd8d1f9-8297-450f-abe7-393807ba0c7e@group-B673650064C9-FollowerState was interrupted: java.lang.InterruptedException: sleep interrupted
2019-10-15 17:18:08,883 [grpc-default-executor-1] INFO  impl.RoleInfo (RoleInfo.java:updateAndGet(143)) - ebd8d1f9-8297-450f-abe7-393807ba0c7e: start FollowerState
2019-10-15 17:18:08,884 [Thread-1699] INFO  impl.FollowerState (FollowerState.java:run(117)) - dbc121b5-e1e8-4c61-9d50-542b699a3d90@group-B673650064C9-FollowerState was interrupted: java.lang.InterruptedException: sleep interrupted
2019-10-15 17:18:08,884 [grpc-default-executor-0] INFO  impl.RoleInfo (RoleInfo.java:updateAndGet(143)) - dbc121b5-e1e8-4c61-9d50-542b699a3d90: start FollowerState
2019-10-15 17:18:08,907 [79abbc2e-0a90-4a41-a17c-6388bb873359@group-B673650064C9-LeaderElection212] INFO  impl.LeaderElection (LeaderElection.java:logAndReturn(56)) - 79abbc2e-0a90-4a41-a17c-6388bb873359@group-B673650064C9-LeaderElection212: Election REJECTED; received 2 response(s) [79abbc2e-0a90-4a41-a17c-6388bb873359<-ebd8d1f9-8297-450f-abe7-393807ba0c7e#0:FAIL-t245, 79abbc2e-0a90-4a41-a17c-6388bb873359<-dbc121b5-e1e8-4c61-9d50-542b699a3d90#0:FAIL-t245] and 0 exception(s); 79abbc2e-0a90-4a41-a17c-6388bb873359@group-B673650064C9:t245, leader=null, voted=79abbc2e-0a90-4a41-a17c-6388bb873359, raftlog=79abbc2e-0a90-4a41-a17c-6388bb873359@group-B673650064C9-SegmentedRaftLog:OPENED:c-1,f-1,i0, conf=-1: [ebd8d1f9-8297-450f-abe7-393807ba0c7e:192.168.164.239:36510, dbc121b5-e1e8-4c61-9d50-542b699a3d90:192.168.164.239:43140, 79abbc2e-0a90-4a41-a17c-6388bb873359:192.168.164.239:37857], old=null
2019-10-15 17:18:08,907 [79abbc2e-0a90-4a41-a17c-6388bb873359@group-B673650064C9-LeaderElection212] INFO  impl.RaftServerImpl (RaftServerImpl.java:setRole(184)) - 79abbc2e-0a90-4a41-a17c-6388bb873359@group-B673650064C9: changes role from CANDIDATE to FOLLOWER at term 245 for DISCOVERED_A_NEW_TERM
2019-10-15 17:18:08,908 [79abbc2e-0a90-4a41-a17c-6388bb873359@group-B673650064C9-LeaderElection212] INFO  impl.RoleInfo (RoleInfo.java:shutdownLeaderElection(134)) - 79abbc2e-0a90-4a41-a17c-6388bb873359: shutdown LeaderElection
2019-10-15 17:18:08,908 [79abbc2e-0a90-4a41-a17c-6388bb873359@group-B673650064C9-LeaderElection212] INFO  impl.RoleInfo (RoleInfo.java:updateAndGet(143)) - 79abbc2e-0a90-4a41-a17c-6388bb873359: start FollowerState
2019-10-15 17:18:08,933 [Thread-1704] INFO  impl.FollowerState (FollowerState.java:run(108)) - 79abbc2e-0a90-4a41-a17c-6388bb873359@group-B673650064C9-FollowerState: change to CANDIDATE, lastRpcTime:25ms, electionTimeout:25ms
2019-10-15 17:18:08,933 [Thread-1704] INFO  impl.RoleInfo (RoleInfo.java:shutdownFollowerState(121)) - 79abbc2e-0a90-4a41-a17c-6388bb873359: shutdown FollowerState
2019-10-15 17:18:08,933 [Thread-1704] INFO  impl.RaftServerImpl (RaftServerImpl.java:setRole(184)) - 79abbc2e-0a90-4a41-a17c-6388bb873359@group-B673650064C9: changes role from  FOLLOWER to CANDIDATE at term 245 for changeToCandidate
2019-10-15 17:18:08,933 [Thread-1704] INFO  impl.RoleInfo (RoleInfo.java:updateAndGet(143)) - 79abbc2e-0a90-4a41-a17c-6388bb873359: start LeaderElection
2019-10-15 17:18:08,957 [79abbc2e-0a90-4a41-a17c-6388bb873359@group-B673650064C9-LeaderElection213] INFO  impl.LeaderElection (LeaderElection.java:askForVotes(178)) - 79abbc2e-0a90-4a41-a17c-6388bb873359@group-B673650064C9-LeaderElection213: begin an election at term 246 for -1: [ebd8d1f9-8297-450f-abe7-393807ba0c7e:192.168.164.239:36510, dbc121b5-e1e8-4c61-9d50-542b699a3d90:192.168.164.239:43140, 79abbc2e-0a90-4a41-a17c-6388bb873359:192.168.164.239:37857], old=null
2019-10-15 17:18:08,959 [grpc-default-executor-0] INFO  impl.RaftServerImpl (RaftServerImpl.java:setRole(184)) - ebd8d1f9-8297-450f-abe7-393807ba0c7e@group-B673650064C9: changes role from  FOLLOWER to FOLLOWER at term 246 for recognizeCandidate:79abbc2e-0a90-4a41-a17c-6388bb873359
2019-10-15 17:18:08,959 [grpc-default-executor-0] INFO  impl.RoleInfo (RoleInfo.java:shutdownFollowerState(121)) - ebd8d1f9-8297-450f-abe7-393807ba0c7e: shutdown FollowerState
2019-10-15 17:18:08,959 [grpc-default-executor-0] INFO  impl.RoleInfo (RoleInfo.java:updateAndGet(143)) - ebd8d1f9-8297-450f-abe7-393807ba0c7e: start FollowerState
2019-10-15 17:18:08,959 [Thread-1702] INFO  impl.FollowerState (FollowerState.java:run(117)) - ebd8d1f9-8297-450f-abe7-393807ba0c7e@group-B673650064C9-FollowerState was interrupted: java.lang.InterruptedException: sleep interrupted
2019-10-15 17:18:08,959 [grpc-default-executor-1] INFO  impl.RaftServerImpl (RaftServerImpl.java:setRole(184)) - dbc121b5-e1e8-4c61-9d50-542b699a3d90@group-B673650064C9: changes role from  FOLLOWER to FOLLOWER at term 246 for recognizeCandidate:79abbc2e-0a90-4a41-a17c-6388bb873359
2019-10-15 17:18:08,960 [grpc-default-executor-1] INFO  impl.RoleInfo (RoleInfo.java:shutdownFollowerState(121)) - dbc121b5-e1e8-4c61-9d50-542b699a3d90: shutdown FollowerState
2019-10-15 17:18:08,960 [grpc-default-executor-1] INFO  impl.RoleInfo (RoleInfo.java:updateAndGet(143)) - dbc121b5-e1e8-4c61-9d50-542b699a3d90: start FollowerState
2019-10-15 17:18:08,960 [Thread-1703] INFO  impl.FollowerState (FollowerState.java:run(117)) - dbc121b5-e1e8-4c61-9d50-542b699a3d90@group-B673650064C9-FollowerState was interrupted: java.lang.InterruptedException: sleep interrupted
2019-10-15 17:18:08,972 [79abbc2e-0a90-4a41-a17c-6388bb873359@group-B673650064C9-LeaderElection213] INFO  impl.LeaderElection (LeaderElection.java:logAndReturn(56)) - 79abbc2e-0a90-4a41-a17c-6388bb873359@group-B673650064C9-LeaderElection213: Election TIMEOUT; received 0 response(s) [] and 0 exception(s); 79abbc2e-0a90-4a41-a17c-6388bb873359@group-B673650064C9:t246, leader=null, voted=79abbc2e-0a90-4a41-a17c-6388bb873359, raftlog=79abbc2e-0a90-4a41-a17c-6388bb873359@group-B673650064C9-SegmentedRaftLog:OPENED:c-1,f-1,i0, conf=-1: [ebd8d1f9-8297-450f-abe7-393807ba0c7e:192.168.164.239:36510, dbc121b5-e1e8-4c61-9d50-542b699a3d90:192.168.164.239:43140, 79abbc2e-0a90-4a41-a17c-6388bb873359:192.168.164.239:37857], old=null
2019-10-15 17:18:08,999 [79abbc2e-0a90-4a41-a17c-6388bb873359@group-B673650064C9-LeaderElection213] INFO  impl.LeaderElection (LeaderElection.java:askForVotes(178)) - 79abbc2e-0a90-4a41-a17c-6388bb873359@group-B673650064C9-LeaderElection213: begin an election at term 247 for -1: [ebd8d1f9-8297-450f-abe7-393807ba0c7e:192.168.164.239:36510, dbc121b5-e1e8-4c61-9d50-542b699a3d90:192.168.164.239:43140, 79abbc2e-0a90-4a41-a17c-6388bb873359:192.168.164.239:37857], old=null
2019-10-15 17:18:09,001 [grpc-default-executor-3] INFO  impl.RaftServerImpl (RaftServerImpl.java:setRole(184)) - ebd8d1f9-8297-450f-abe7-393807ba0c7e@group-B673650064C9: changes role from  FOLLOWER to FOLLOWER at term 247 for recognizeCandidate:79abbc2e-0a90-4a41-a17c-6388bb873359
2019-10-15 17:18:09,001 [grpc-default-executor-3] INFO  impl.RoleInfo (RoleInfo.java:shutdownFollowerState(121)) - ebd8d1f9-8297-450f-abe7-393807ba0c7e: shutdown FollowerState
2019-10-15 17:18:09,001 [grpc-default-executor-0] INFO  impl.RaftServerImpl (RaftServerImpl.java:setRole(184)) - dbc121b5-e1e8-4c61-9d50-542b699a3d90@group-B673650064C9: changes role from  FOLLOWER to FOLLOWER at term 247 for recognizeCandidate:79abbc2e-0a90-4a41-a17c-6388bb873359
2019-10-15 17:18:09,002 [Thread-1708] INFO  impl.FollowerState (FollowerState.java:run(117)) - ebd8d1f9-8297-450f-abe7-393807ba0c7e@group-B673650064C9-FollowerState was interrupted: java.lang.InterruptedException: sleep interrupted
2019-10-15 17:18:09,002 [grpc-default-executor-3] INFO  impl.RoleInfo (RoleInfo.java:updateAndGet(143)) - ebd8d1f9-8297-450f-abe7-393807ba0c7e: start FollowerState
2019-10-15 17:18:09,002 [grpc-default-executor-0] INFO  impl.RoleInfo (RoleInfo.java:shutdownFollowerState(121)) - dbc121b5-e1e8-4c61-9d50-542b699a3d90: shutdown FollowerState
2019-10-15 17:18:09,002 [grpc-default-executor-0] INFO  impl.RoleInfo (RoleInfo.java:updateAndGet(143)) - dbc121b5-e1e8-4c61-9d50-542b699a3d90: start FollowerState
2019-10-15 17:18:09,002 [Thread-1709] INFO  impl.FollowerState (FollowerState.java:run(117)) - dbc121b5-e1e8-4c61-9d50-542b699a3d90@group-B673650064C9-FollowerState was interrupted: java.lang.InterruptedException: sleep interrupted
2019-10-15 17:18:09,025 [79abbc2e-0a90-4a41-a17c-6388bb873359@group-B673650064C9-LeaderElection213] INFO  impl.LeaderElection (LeaderElection.java:logAndReturn(56)) - 79abbc2e-0a90-4a41-a17c-6388bb873359@group-B673650064C9-LeaderElection213: Election REJECTED; received 2 response(s) [79abbc2e-0a90-4a41-a17c-6388bb873359<-ebd8d1f9-8297-450f-abe7-393807ba0c7e#0:FAIL-t247, 79abbc2e-0a90-4a41-a17c-6388bb873359<-dbc121b5-e1e8-4c61-9d50-542b699a3d90#0:FAIL-t247] and 0 exception(s); 79abbc2e-0a90-4a41-a17c-6388bb873359@group-B673650064C9:t247, leader=null, voted=79abbc2e-0a90-4a41-a17c-6388bb873359, raftlog=79abbc2e-0a90-4a41-a17c-6388bb873359@group-B673650064C9-SegmentedRaftLog:OPENED:c-1,f-1,i0, conf=-1: [ebd8d1f9-8297-450f-abe7-393807ba0c7e:192.168.164.239:36510, dbc121b5-e1e8-4c61-9d50-542b699a3d90:192.168.164.239:43140, 79abbc2e-0a90-4a41-a17c-6388bb873359:192.168.164.239:37857], old=null
2019-10-15 17:18:09,026 [79abbc2e-0a90-4a41-a17c-6388bb873359@group-B673650064C9-LeaderElection213] INFO  impl.RaftServerImpl (RaftServerImpl.java:setRole(184)) - 79abbc2e-0a90-4a41-a17c-6388bb873359@group-B673650064C9: changes role from CANDIDATE to FOLLOWER at term 247 for DISCOVERED_A_NEW_TERM
2019-10-15 17:18:09,026 [79abbc2e-0a90-4a41-a17c-6388bb873359@group-B673650064C9-LeaderElection213] INFO  impl.RoleInfo (RoleInfo.java:shutdownLeaderElection(134)) - 79abbc2e-0a90-4a41-a17c-6388bb873359: shutdown LeaderElection
2019-10-15 17:18:09,026 [79abbc2e-0a90-4a41-a17c-6388bb873359@group-B673650064C9-LeaderElection213] INFO  impl.RoleInfo (RoleInfo.java:updateAndGet(143)) - 79abbc2e-0a90-4a41-a17c-6388bb873359: start FollowerState
2019-10-15 17:18:09,031 [Thread-1716] INFO  impl.FollowerState (FollowerState.java:run(108)) - 79abbc2e-0a90-4a41-a17c-6388bb873359@group-B673650064C9-FollowerState: change to CANDIDATE, lastRpcTime:5ms, electionTimeout:5ms
2019-10-15 17:18:09,031 [Thread-1716] INFO  impl.RoleInfo (RoleInfo.java:shutdownFollowerState(121)) - 79abbc2e-0a90-4a41-a17c-6388bb873359: shutdown FollowerState
2019-10-15 17:18:09,032 [Thread-1716] INFO  impl.RaftServerImpl (RaftServerImpl.java:setRole(184)) - 79abbc2e-0a90-4a41-a17c-6388bb873359@group-B673650064C9: changes role from  FOLLOWER to CANDIDATE at term 247 for changeToCandidate
2019-10-15 17:18:09,032 [Thread-1716] INFO  impl.RoleInfo (RoleInfo.java:updateAndGet(143)) - 79abbc2e-0a90-4a41-a17c-6388bb873359: start LeaderElection
2019-10-15 17:18:09,058 [79abbc2e-0a90-4a41-a17c-6388bb873359@group-B673650064C9-LeaderElection214] INFO  impl.LeaderElection (LeaderElection.java:askForVotes(178)) - 79abbc2e-0a90-4a41-a17c-6388bb873359@group-B673650064C9-LeaderElection214: begin an election at term 248 for -1: [ebd8d1f9-8297-450f-abe7-393807ba0c7e:192.168.164.239:36510, dbc121b5-e1e8-4c61-9d50-542b699a3d90:192.168.164.239:43140, 79abbc2e-0a90-4a41-a17c-6388bb873359:192.168.164.239:37857], old=null
2019-10-15 17:18:09,061 [grpc-default-executor-0] INFO  impl.RaftServerImpl (RaftServerImpl.java:setRole(184)) - ebd8d1f9-8297-450f-abe7-393807ba0c7e@group-B673650064C9: changes role from  FOLLOWER to FOLLOWER at term 248 for recognizeCandidate:79abbc2e-0a90-4a41-a17c-6388bb873359
2019-10-15 17:18:09,061 [grpc-default-executor-0] INFO  impl.RoleInfo (RoleInfo.java:shutdownFollowerState(121)) - ebd8d1f9-8297-450f-abe7-393807ba0c7e: shutdown FollowerState
2019-10-15 17:18:09,061 [grpc-default-executor-0] INFO  impl.RoleInfo (RoleInfo.java:updateAndGet(143)) - ebd8d1f9-8297-450f-abe7-393807ba0c7e: start FollowerState
2019-10-15 17:18:09,061 [Thread-1714] INFO  impl.FollowerState (FollowerState.java:run(117)) - ebd8d1f9-8297-450f-abe7-393807ba0c7e@group-B673650064C9-FollowerState was interrupted: java.lang.InterruptedException: sleep interrupted
2019-10-15 17:18:09,061 [grpc-default-executor-3] INFO  impl.RaftServerImpl (RaftServerImpl.java:setRole(184)) - dbc121b5-e1e8-4c61-9d50-542b699a3d90@group-B673650064C9: changes role from  FOLLOWER to FOLLOWER at term 248 for recognizeCandidate:79abbc2e-0a90-4a41-a17c-6388bb873359
2019-10-15 17:18:09,062 [grpc-default-executor-3] INFO  impl.RoleInfo (RoleInfo.java:shutdownFollowerState(121)) - dbc121b5-e1e8-4c61-9d50-542b699a3d90: shutdown FollowerState
2019-10-15 17:18:09,062 [grpc-default-executor-3] INFO  impl.RoleInfo (RoleInfo.java:updateAndGet(143)) - dbc121b5-e1e8-4c61-9d50-542b699a3d90: start FollowerState
2019-10-15 17:18:09,062 [Thread-1715] INFO  impl.FollowerState (FollowerState.java:run(117)) - dbc121b5-e1e8-4c61-9d50-542b699a3d90@group-B673650064C9-FollowerState was interrupted: java.lang.InterruptedException: sleep interrupted
2019-10-15 17:18:09,134 [79abbc2e-0a90-4a41-a17c-6388bb873359@group-B673650064C9-LeaderElection214] INFO  impl.LeaderElection (LeaderElection.java:logAndReturn(56)) - 79abbc2e-0a90-4a41-a17c-6388bb873359@group-B673650064C9-LeaderElection214: Election REJECTED; received 2 response(s) [79abbc2e-0a90-4a41-a17c-6388bb873359<-ebd8d1f9-8297-450f-abe7-393807ba0c7e#0:FAIL-t248, 79abbc2e-0a90-4a41-a17c-6388bb873359<-dbc121b5-e1e8-4c61-9d50-542b699a3d90#0:FAIL-t248] and 0 exception(s); 79abbc2e-0a90-4a41-a17c-6388bb873359@group-B673650064C9:t248, leader=null, voted=79abbc2e-0a90-4a41-a17c-6388bb873359, raftlog=79abbc2e-0a90-4a41-a17c-6388bb873359@group-B673650064C9-SegmentedRaftLog:OPENED:c-1,f-1,i0, conf=-1: [ebd8d1f9-8297-450f-abe7-393807ba0c7e:192.168.164.239:36510, dbc121b5-e1e8-4c61-9d50-542b699a3d90:192.168.164.239:43140, 79abbc2e-0a90-4a41-a17c-6388bb873359:192.168.164.239:37857], old=null
2019-10-15 17:18:09,135 [79abbc2e-0a90-4a41-a17c-6388bb873359@group-B673650064C9-LeaderElection214] INFO  impl.RaftServerImpl (RaftServerImpl.java:setRole(184)) - 79abbc2e-0a90-4a41-a17c-6388bb873359@group-B673650064C9: changes role from CANDIDATE to FOLLOWER at term 248 for DISCOVERED_A_NEW_TERM
2019-10-15 17:18:09,135 [79abbc2e-0a90-4a41-a17c-6388bb873359@group-B673650064C9-LeaderElection214] INFO  impl.RoleInfo (RoleInfo.java:shutdownLeaderElection(134)) - 79abbc2e-0a90-4a41-a17c-6388bb873359: shutdown LeaderElection
2019-10-15 17:18:09,135 [79abbc2e-0a90-4a41-a17c-6388bb873359@group-B673650064C9-LeaderElection214] INFO  impl.RoleInfo (RoleInfo.java:updateAndGet(143)) - 79abbc2e-0a90-4a41-a17c-6388bb873359: start FollowerState
2019-10-15 17:18:09,280 [Thread-1722] INFO  impl.FollowerState (FollowerState.java:run(108)) - 79abbc2e-0a90-4a41-a17c-6388bb873359@group-B673650064C9-FollowerState: change to CANDIDATE, lastRpcTime:145ms, electionTimeout:145ms
2019-10-15 17:18:09,281 [Thread-1722] INFO  impl.RoleInfo (RoleInfo.java:shutdownFollowerState(121)) - 79abbc2e-0a90-4a41-a17c-6388bb873359: shutdown FollowerState
2019-10-15 17:18:09,281 [Thread-1722] INFO  impl.RaftServerImpl (RaftServerImpl.java:setRole(184)) - 79abbc2e-0a90-4a41-a17c-6388bb873359@group-B673650064C9: changes role from  FOLLOWER to CANDIDATE at term 248 for changeToCandidate
2019-10-15 17:18:09,281 [Thread-1722] INFO  impl.RoleInfo (RoleInfo.java:updateAndGet(143)) - 79abbc2e-0a90-4a41-a17c-6388bb873359: start LeaderElection
2019-10-15 17:18:09,304 [79abbc2e-0a90-4a41-a17c-6388bb873359@group-B673650064C9-LeaderElection215] INFO  impl.LeaderElection (LeaderElection.java:askForVotes(178)) - 79abbc2e-0a90-4a41-a17c-6388bb873359@group-B673650064C9-LeaderElection215: begin an election at term 249 for -1: [ebd8d1f9-8297-450f-abe7-393807ba0c7e:192.168.164.239:36510, dbc121b5-e1e8-4c61-9d50-542b699a3d90:192.168.164.239:43140, 79abbc2e-0a90-4a41-a17c-6388bb873359:192.168.164.239:37857], old=null
2019-10-15 17:18:09,306 [grpc-default-executor-3] INFO  impl.RaftServerImpl (RaftServerImpl.java:setRole(184)) - ebd8d1f9-8297-450f-abe7-393807ba0c7e@group-B673650064C9: changes role from  FOLLOWER to FOLLOWER at term 249 for recognizeCandidate:79abbc2e-0a90-4a41-a17c-6388bb873359
2019-10-15 17:18:09,306 [grpc-default-executor-3] INFO  impl.RoleInfo (RoleInfo.java:shutdownFollowerState(121)) - ebd8d1f9-8297-450f-abe7-393807ba0c7e: shutdown FollowerState
2019-10-15 17:18:09,306 [grpc-default-executor-3] INFO  impl.RoleInfo (RoleInfo.java:updateAndGet(143)) - ebd8d1f9-8297-450f-abe7-393807ba0c7e: start FollowerState
2019-10-15 17:18:09,306 [Thread-1720] INFO  impl.FollowerState (FollowerState.java:run(117)) - ebd8d1f9-8297-450f-abe7-393807ba0c7e@group-B673650064C9-FollowerState was interrupted: java.lang.InterruptedException: sleep interrupted
2019-10-15 17:18:09,306 [grpc-default-executor-0] INFO  impl.RaftServerImpl (RaftServerImpl.java:setRole(184)) - dbc121b5-e1e8-4c61-9d50-542b699a3d90@group-B673650064C9: changes role from  FOLLOWER to FOLLOWER at term 249 for recognizeCandidate:79abbc2e-0a90-4a41-a17c-6388bb873359
2019-10-15 17:18:09,307 [grpc-default-executor-0] INFO  impl.RoleInfo (RoleInfo.java:shutdownFollowerState(121)) - dbc121b5-e1e8-4c61-9d50-542b699a3d90: shutdown FollowerState
2019-10-15 17:18:09,307 [grpc-default-executor-0] INFO  impl.RoleInfo (RoleInfo.java:updateAndGet(143)) - dbc121b5-e1e8-4c61-9d50-542b699a3d90: start FollowerState
2019-10-15 17:18:09,307 [Thread-1721] INFO  impl.FollowerState (FollowerState.java:run(117)) - dbc121b5-e1e8-4c61-9d50-542b699a3d90@group-B673650064C9-FollowerState was interrupted: java.lang.InterruptedException: sleep interrupted
2019-10-15 17:18:09,330 [79abbc2e-0a90-4a41-a17c-6388bb873359@group-B673650064C9-LeaderElection215] INFO  impl.LeaderElection (LeaderElection.java:logAndReturn(56)) - 79abbc2e-0a90-4a41-a17c-6388bb873359@group-B673650064C9-LeaderElection215: Election REJECTED; received 2 response(s) [79abbc2e-0a90-4a41-a17c-6388bb873359<-ebd8d1f9-8297-450f-abe7-393807ba0c7e#0:FAIL-t249, 79abbc2e-0a90-4a41-a17c-6388bb873359<-dbc121b5-e1e8-4c61-9d50-542b699a3d90#0:FAIL-t249] and 0 exception(s); 79abbc2e-0a90-4a41-a17c-6388bb873359@group-B673650064C9:t249, leader=null, voted=79abbc2e-0a90-4a41-a17c-6388bb873359, raftlog=79abbc2e-0a90-4a41-a17c-6388bb873359@group-B673650064C9-SegmentedRaftLog:OPENED:c-1,f-1,i0, conf=-1: [ebd8d1f9-8297-450f-abe7-393807ba0c7e:192.168.164.239:36510, dbc121b5-e1e8-4c61-9d50-542b699a3d90:192.168.164.239:43140, 79abbc2e-0a90-4a41-a17c-6388bb873359:192.168.164.239:37857], old=null
2019-10-15 17:18:09,330 [79abbc2e-0a90-4a41-a17c-6388bb873359@group-B673650064C9-LeaderElection215] INFO  impl.RaftServerImpl (RaftServerImpl.java:setRole(184)) - 79abbc2e-0a90-4a41-a17c-6388bb873359@group-B673650064C9: changes role from CANDIDATE to FOLLOWER at term 249 for DISCOVERED_A_NEW_TERM
2019-10-15 17:18:09,330 [79abbc2e-0a90-4a41-a17c-6388bb873359@group-B673650064C9-LeaderElection215] INFO  impl.RoleInfo (RoleInfo.java:shutdownLeaderElection(134)) - 79abbc2e-0a90-4a41-a17c-6388bb873359: shutdown LeaderElection
2019-10-15 17:18:09,330 [79abbc2e-0a90-4a41-a17c-6388bb873359@group-B673650064C9-LeaderElection215] INFO  impl.RoleInfo (RoleInfo.java:updateAndGet(143)) - 79abbc2e-0a90-4a41-a17c-6388bb873359: start FollowerState
2019-10-15 17:18:09,455 [Thread-1728] INFO  impl.FollowerState (FollowerState.java:run(108)) - 79abbc2e-0a90-4a41-a17c-6388bb873359@group-B673650064C9-FollowerState: change to CANDIDATE, lastRpcTime:124ms, electionTimeout:124ms
2019-10-15 17:18:09,455 [Thread-1728] INFO  impl.RoleInfo (RoleInfo.java:shutdownFollowerState(121)) - 79abbc2e-0a90-4a41-a17c-6388bb873359: shutdown FollowerState
2019-10-15 17:18:09,455 [Thread-1728] INFO  impl.RaftServerImpl (RaftServerImpl.java:setRole(184)) - 79abbc2e-0a90-4a41-a17c-6388bb873359@group-B673650064C9: changes role from  FOLLOWER to CANDIDATE at term 249 for changeToCandidate
2019-10-15 17:18:09,455 [Thread-1728] INFO  impl.RoleInfo (RoleInfo.java:updateAndGet(143)) - 79abbc2e-0a90-4a41-a17c-6388bb873359: start LeaderElection
2019-10-15 17:18:09,479 [79abbc2e-0a90-4a41-a17c-6388bb873359@group-B673650064C9-LeaderElection216] INFO  impl.LeaderElection (LeaderElection.java:askForVotes(178)) - 79abbc2e-0a90-4a41-a17c-6388bb873359@group-B673650064C9-LeaderElection216: begin an election at term 250 for -1: [ebd8d1f9-8297-450f-abe7-393807ba0c7e:192.168.164.239:36510, dbc121b5-e1e8-4c61-9d50-542b699a3d90:192.168.164.239:43140, 79abbc2e-0a90-4a41-a17c-6388bb873359:192.168.164.239:37857], old=null
2019-10-15 17:18:09,482 [grpc-default-executor-3] INFO  impl.RaftServerImpl (RaftServerImpl.java:setRole(184)) - dbc121b5-e1e8-4c61-9d50-542b699a3d90@group-B673650064C9: changes role from  FOLLOWER to FOLLOWER at term 250 for recognizeCandidate:79abbc2e-0a90-4a41-a17c-6388bb873359
2019-10-15 17:18:09,482 [grpc-default-executor-3] INFO  impl.RoleInfo (RoleInfo.java:shutdownFollowerState(121)) - dbc121b5-e1e8-4c61-9d50-542b699a3d90: shutdown FollowerState
2019-10-15 17:18:09,483 [grpc-default-executor-0] INFO  impl.RaftServerImpl (RaftServerImpl.java:setRole(184)) - ebd8d1f9-8297-450f-abe7-393807ba0c7e@group-B673650064C9: changes role from  FOLLOWER to FOLLOWER at term 250 for recognizeCandidate:79abbc2e-0a90-4a41-a17c-6388bb873359
2019-10-15 17:18:09,483 [Thread-1727] INFO  impl.FollowerState (FollowerState.java:run(117)) - dbc121b5-e1e8-4c61-9d50-542b699a3d90@group-B673650064C9-FollowerState was interrupted: java.lang.InterruptedException: sleep interrupted
2019-10-15 17:18:09,483 [grpc-default-executor-3] INFO  impl.RoleInfo (RoleInfo.java:updateAndGet(143)) - dbc121b5-e1e8-4c61-9d50-542b699a3d90: start FollowerState
2019-10-15 17:18:09,483 [grpc-default-executor-0] INFO  impl.RoleInfo (RoleInfo.java:shutdownFollowerState(121)) - ebd8d1f9-8297-450f-abe7-393807ba0c7e: shutdown FollowerState
2019-10-15 17:18:09,483 [grpc-default-executor-0] INFO  impl.RoleInfo (RoleInfo.java:updateAndGet(143)) - ebd8d1f9-8297-450f-abe7-393807ba0c7e: start FollowerState
2019-10-15 17:18:09,483 [Thread-1726] INFO  impl.FollowerState (FollowerState.java:run(117)) - ebd8d1f9-8297-450f-abe7-393807ba0c7e@group-B673650064C9-FollowerState was interrupted: java.lang.InterruptedException: sleep interrupted
2019-10-15 17:18:09,507 [79abbc2e-0a90-4a41-a17c-6388bb873359@group-B673650064C9-LeaderElection216] INFO  impl.LeaderElection (LeaderElection.java:logAndReturn(56)) - 79abbc2e-0a90-4a41-a17c-6388bb873359@group-B673650064C9-LeaderElection216: Election REJECTED; received 2 response(s) [79abbc2e-0a90-4a41-a17c-6388bb873359<-ebd8d1f9-8297-450f-abe7-393807ba0c7e#0:FAIL-t250, 79abbc2e-0a90-4a41-a17c-6388bb873359<-dbc121b5-e1e8-4c61-9d50-542b699a3d90#0:FAIL-t250] and 0 exception(s); 79abbc2e-0a90-4a41-a17c-6388bb873359@group-B673650064C9:t250, leader=null, voted=79abbc2e-0a90-4a41-a17c-6388bb873359, raftlog=79abbc2e-0a90-4a41-a17c-6388bb873359@group-B673650064C9-SegmentedRaftLog:OPENED:c-1,f-1,i0, conf=-1: [ebd8d1f9-8297-450f-abe7-393807ba0c7e:192.168.164.239:36510, dbc121b5-e1e8-4c61-9d50-542b699a3d90:192.168.164.239:43140, 79abbc2e-0a90-4a41-a17c-6388bb873359:192.168.164.239:37857], old=null
2019-10-15 17:18:09,507 [79abbc2e-0a90-4a41-a17c-6388bb873359@group-B673650064C9-LeaderElection216] INFO  impl.RaftServerImpl (RaftServerImpl.java:setRole(184)) - 79abbc2e-0a90-4a41-a17c-6388bb873359@group-B673650064C9: changes role from CANDIDATE to FOLLOWER at term 250 for DISCOVERED_A_NEW_TERM
2019-10-15 17:18:09,507 [79abbc2e-0a90-4a41-a17c-6388bb873359@group-B673650064C9-LeaderElection216] INFO  impl.RoleInfo (RoleInfo.java:shutdownLeaderElection(134)) - 79abbc2e-0a90-4a41-a17c-6388bb873359: shutdown LeaderElection
2019-10-15 17:18:09,507 [79abbc2e-0a90-4a41-a17c-6388bb873359@group-B673650064C9-LeaderElection216] INFO  impl.RoleInfo (RoleInfo.java:updateAndGet(143)) - 79abbc2e-0a90-4a41-a17c-6388bb873359: start FollowerState
2019-10-15 17:18:09,553 [Thread-1734] INFO  impl.FollowerState (FollowerState.java:run(108)) - 79abbc2e-0a90-4a41-a17c-6388bb873359@group-B673650064C9-FollowerState: change to CANDIDATE, lastRpcTime:46ms, electionTimeout:46ms
2019-10-15 17:18:09,554 [Thread-1734] INFO  impl.RoleInfo (RoleInfo.java:shutdownFollowerState(121)) - 79abbc2e-0a90-4a41-a17c-6388bb873359: shutdown FollowerState
2019-10-15 17:18:09,554 [Thread-1734] INFO  impl.RaftServerImpl (RaftServerImpl.java:setRole(184)) - 79abbc2e-0a90-4a41-a17c-6388bb873359@group-B673650064C9: changes role from  FOLLOWER to CANDIDATE at term 250 for changeToCandidate
2019-10-15 17:18:09,554 [Thread-1734] INFO  impl.RoleInfo (RoleInfo.java:updateAndGet(143)) - 79abbc2e-0a90-4a41-a17c-6388bb873359: start LeaderElection
2019-10-15 17:18:09,578 [79abbc2e-0a90-4a41-a17c-6388bb873359@group-B673650064C9-LeaderElection217] INFO  impl.LeaderElection (LeaderElection.java:askForVotes(178)) - 79abbc2e-0a90-4a41-a17c-6388bb873359@group-B673650064C9-LeaderElection217: begin an election at term 251 for -1: [ebd8d1f9-8297-450f-abe7-393807ba0c7e:192.168.164.239:36510, dbc121b5-e1e8-4c61-9d50-542b699a3d90:192.168.164.239:43140, 79abbc2e-0a90-4a41-a17c-6388bb873359:192.168.164.239:37857], old=null
2019-10-15 17:18:09,580 [grpc-default-executor-0] INFO  impl.RaftServerImpl (RaftServerImpl.java:setRole(184)) - ebd8d1f9-8297-450f-abe7-393807ba0c7e@group-B673650064C9: changes role from  FOLLOWER to FOLLOWER at term 251 for recognizeCandidate:79abbc2e-0a90-4a41-a17c-6388bb873359
2019-10-15 17:18:09,580 [grpc-default-executor-0] INFO  impl.RoleInfo (RoleInfo.java:shutdownFollowerState(121)) - ebd8d1f9-8297-450f-abe7-393807ba0c7e: shutdown FollowerState
2019-10-15 17:18:09,580 [grpc-default-executor-0] INFO  impl.RoleInfo (RoleInfo.java:updateAndGet(143)) - ebd8d1f9-8297-450f-abe7-393807ba0c7e: start FollowerState
2019-10-15 17:18:09,580 [Thread-1733] INFO  impl.FollowerState (FollowerState.java:run(117)) - ebd8d1f9-8297-450f-abe7-393807ba0c7e@group-B673650064C9-FollowerState was interrupted: java.lang.InterruptedException: sleep interrupted
2019-10-15 17:18:09,580 [grpc-default-executor-3] INFO  impl.RaftServerImpl (RaftServerImpl.java:setRole(184)) - dbc121b5-e1e8-4c61-9d50-542b699a3d90@group-B673650064C9: changes role from  FOLLOWER to FOLLOWER at term 251 for recognizeCandidate:79abbc2e-0a90-4a41-a17c-6388bb873359
2019-10-15 17:18:09,581 [grpc-default-executor-3] INFO  impl.RoleInfo (RoleInfo.java:shutdownFollowerState(121)) - dbc121b5-e1e8-4c61-9d50-542b699a3d90: shutdown FollowerState
2019-10-15 17:18:09,581 [grpc-default-executor-3] INFO  impl.RoleInfo (RoleInfo.java:updateAndGet(143)) - dbc121b5-e1e8-4c61-9d50-542b699a3d90: start FollowerState
2019-10-15 17:18:09,581 [Thread-1732] INFO  impl.FollowerState (FollowerState.java:run(117)) - dbc121b5-e1e8-4c61-9d50-542b699a3d90@group-B673650064C9-FollowerState was interrupted: java.lang.InterruptedException: sleep interrupted
2019-10-15 17:18:09,604 [79abbc2e-0a90-4a41-a17c-6388bb873359@group-B673650064C9-LeaderElection217] INFO  impl.LeaderElection (LeaderElection.java:logAndReturn(56)) - 79abbc2e-0a90-4a41-a17c-6388bb873359@group-B673650064C9-LeaderElection217: Election REJECTED; received 2 response(s) [79abbc2e-0a90-4a41-a17c-6388bb873359<-ebd8d1f9-8297-450f-abe7-393807ba0c7e#0:FAIL-t251, 79abbc2e-0a90-4a41-a17c-6388bb873359<-dbc121b5-e1e8-4c61-9d50-542b699a3d90#0:FAIL-t251] and 0 exception(s); 79abbc2e-0a90-4a41-a17c-6388bb873359@group-B673650064C9:t251, leader=null, voted=79abbc2e-0a90-4a41-a17c-6388bb873359, raftlog=79abbc2e-0a90-4a41-a17c-6388bb873359@group-B673650064C9-SegmentedRaftLog:OPENED:c-1,f-1,i0, conf=-1: [ebd8d1f9-8297-450f-abe7-393807ba0c7e:192.168.164.239:36510, dbc121b5-e1e8-4c61-9d50-542b699a3d90:192.168.164.239:43140, 79abbc2e-0a90-4a41-a17c-6388bb873359:192.168.164.239:37857], old=null
2019-10-15 17:18:09,604 [79abbc2e-0a90-4a41-a17c-6388bb873359@group-B673650064C9-LeaderElection217] INFO  impl.RaftServerImpl (RaftServerImpl.java:setRole(184)) - 79abbc2e-0a90-4a41-a17c-6388bb873359@group-B673650064C9: changes role from CANDIDATE to FOLLOWER at term 251 for DISCOVERED_A_NEW_TERM
2019-10-15 17:18:09,604 [79abbc2e-0a90-4a41-a17c-6388bb873359@group-B673650064C9-LeaderElection217] INFO  impl.RoleInfo (RoleInfo.java:shutdownLeaderElection(134)) - 79abbc2e-0a90-4a41-a17c-6388bb873359: shutdown LeaderElection
2019-10-15 17:18:09,605 [79abbc2e-0a90-4a41-a17c-6388bb873359@group-B673650064C9-LeaderElection217] INFO  impl.RoleInfo (RoleInfo.java:updateAndGet(143)) - 79abbc2e-0a90-4a41-a17c-6388bb873359: start FollowerState
2019-10-15 17:18:09,758 [Thread-1740] INFO  impl.FollowerState (FollowerState.java:run(108)) - 79abbc2e-0a90-4a41-a17c-6388bb873359@group-B673650064C9-FollowerState: change to CANDIDATE, lastRpcTime:153ms, electionTimeout:153ms
2019-10-15 17:18:09,758 [Thread-1740] INFO  impl.RoleInfo (RoleInfo.java:shutdownFollowerState(121)) - 79abbc2e-0a90-4a41-a17c-6388bb873359: shutdown FollowerState
2019-10-15 17:18:09,758 [Thread-1740] INFO  impl.RaftServerImpl (RaftServerImpl.java:setRole(184)) - 79abbc2e-0a90-4a41-a17c-6388bb873359@group-B673650064C9: changes role from  FOLLOWER to CANDIDATE at term 251 for changeToCandidate
2019-10-15 17:18:09,758 [Thread-1740] INFO  impl.RoleInfo (RoleInfo.java:updateAndGet(143)) - 79abbc2e-0a90-4a41-a17c-6388bb873359: start LeaderElection
2019-10-15 17:18:09,786 [79abbc2e-0a90-4a41-a17c-6388bb873359@group-B673650064C9-LeaderElection218] INFO  impl.LeaderElection (LeaderElection.java:askForVotes(178)) - 79abbc2e-0a90-4a41-a17c-6388bb873359@group-B673650064C9-LeaderElection218: begin an election at term 252 for -1: [ebd8d1f9-8297-450f-abe7-393807ba0c7e:192.168.164.239:36510, dbc121b5-e1e8-4c61-9d50-542b699a3d90:192.168.164.239:43140, 79abbc2e-0a90-4a41-a17c-6388bb873359:192.168.164.239:37857], old=null
2019-10-15 17:18:09,789 [grpc-default-executor-0] INFO  impl.RaftServerImpl (RaftServerImpl.java:setRole(184)) - dbc121b5-e1e8-4c61-9d50-542b699a3d90@group-B673650064C9: changes role from  FOLLOWER to FOLLOWER at term 252 for recognizeCandidate:79abbc2e-0a90-4a41-a17c-6388bb873359
2019-10-15 17:18:09,789 [grpc-default-executor-0] INFO  impl.RoleInfo (RoleInfo.java:shutdownFollowerState(121)) - dbc121b5-e1e8-4c61-9d50-542b699a3d90: shutdown FollowerState
2019-10-15 17:18:09,789 [grpc-default-executor-0] INFO  impl.RoleInfo (RoleInfo.java:updateAndGet(143)) - dbc121b5-e1e8-4c61-9d50-542b699a3d90: start FollowerState
2019-10-15 17:18:09,789 [Thread-1739] INFO  impl.FollowerState (FollowerState.java:run(117)) - dbc121b5-e1e8-4c61-9d50-542b699a3d90@group-B673650064C9-FollowerState was interrupted: java.lang.InterruptedException: sleep interrupted
2019-10-15 17:18:09,789 [grpc-default-executor-3] INFO  impl.RaftServerImpl (RaftServerImpl.java:setRole(184)) - ebd8d1f9-8297-450f-abe7-393807ba0c7e@group-B673650064C9: changes role from  FOLLOWER to FOLLOWER at term 252 for recognizeCandidate:79abbc2e-0a90-4a41-a17c-6388bb873359
2019-10-15 17:18:09,789 [grpc-default-executor-3] INFO  impl.RoleInfo (RoleInfo.java:shutdownFollowerState(121)) - ebd8d1f9-8297-450f-abe7-393807ba0c7e: shutdown FollowerState
2019-10-15 17:18:09,790 [grpc-default-executor-3] INFO  impl.RoleInfo (RoleInfo.java:updateAndGet(143)) - ebd8d1f9-8297-450f-abe7-393807ba0c7e: start FollowerState
2019-10-15 17:18:09,790 [Thread-1738] INFO  impl.FollowerState (FollowerState.java:run(117)) - ebd8d1f9-8297-450f-abe7-393807ba0c7e@group-B673650064C9-FollowerState was interrupted: java.lang.InterruptedException: sleep interrupted
2019-10-15 17:18:09,822 [79abbc2e-0a90-4a41-a17c-6388bb873359@group-B673650064C9-LeaderElection218] INFO  impl.LeaderElection (LeaderElection.java:logAndReturn(56)) - 79abbc2e-0a90-4a41-a17c-6388bb873359@group-B673650064C9-LeaderElection218: Election REJECTED; received 2 response(s) [79abbc2e-0a90-4a41-a17c-6388bb873359<-ebd8d1f9-8297-450f-abe7-393807ba0c7e#0:FAIL-t252, 79abbc2e-0a90-4a41-a17c-6388bb873359<-dbc121b5-e1e8-4c61-9d50-542b699a3d90#0:FAIL-t252] and 0 exception(s); 79abbc2e-0a90-4a41-a17c-6388bb873359@group-B673650064C9:t252, leader=null, voted=79abbc2e-0a90-4a41-a17c-6388bb873359, raftlog=79abbc2e-0a90-4a41-a17c-6388bb873359@group-B673650064C9-SegmentedRaftLog:OPENED:c-1,f-1,i0, conf=-1: [ebd8d1f9-8297-450f-abe7-393807ba0c7e:192.168.164.239:36510, dbc121b5-e1e8-4c61-9d50-542b699a3d90:192.168.164.239:43140, 79abbc2e-0a90-4a41-a17c-6388bb873359:192.168.164.239:37857], old=null
2019-10-15 17:18:09,822 [79abbc2e-0a90-4a41-a17c-6388bb873359@group-B673650064C9-LeaderElection218] INFO  impl.RaftServerImpl (RaftServerImpl.java:setRole(184)) - 79abbc2e-0a90-4a41-a17c-6388bb873359@group-B673650064C9: changes role from CANDIDATE to FOLLOWER at term 252 for DISCOVERED_A_NEW_TERM
2019-10-15 17:18:09,822 [79abbc2e-0a90-4a41-a17c-6388bb873359@group-B673650064C9-LeaderElection218] INFO  impl.RoleInfo (RoleInfo.java:shutdownLeaderElection(134)) - 79abbc2e-0a90-4a41-a17c-6388bb873359: shutdown LeaderElection
2019-10-15 17:18:09,823 [79abbc2e-0a90-4a41-a17c-6388bb873359@group-B673650064C9-LeaderElection218] INFO  impl.RoleInfo (RoleInfo.java:updateAndGet(143)) - 79abbc2e-0a90-4a41-a17c-6388bb873359: start FollowerState
2019-10-15 17:18:09,833 [Thread-1746] INFO  impl.FollowerState (FollowerState.java:run(108)) - 79abbc2e-0a90-4a41-a17c-6388bb873359@group-B673650064C9-FollowerState: change to CANDIDATE, lastRpcTime:10ms, electionTimeout:10ms
2019-10-15 17:18:09,833 [Thread-1746] INFO  impl.RoleInfo (RoleInfo.java:shutdownFollowerState(121)) - 79abbc2e-0a90-4a41-a17c-6388bb873359: shutdown FollowerState
2019-10-15 17:18:09,833 [Thread-1746] INFO  impl.RaftServerImpl (RaftServerImpl.java:setRole(184)) - 79abbc2e-0a90-4a41-a17c-6388bb873359@group-B673650064C9: changes role from  FOLLOWER to CANDIDATE at term 252 for changeToCandidate
2019-10-15 17:18:09,834 [Thread-1746] INFO  impl.RoleInfo (RoleInfo.java:updateAndGet(143)) - 79abbc2e-0a90-4a41-a17c-6388bb873359: start LeaderElection
2019-10-15 17:18:09,863 [79abbc2e-0a90-4a41-a17c-6388bb873359@group-B673650064C9-LeaderElection219] INFO  impl.LeaderElection (LeaderElection.java:askForVotes(178)) - 79abbc2e-0a90-4a41-a17c-6388bb873359@group-B673650064C9-LeaderElection219: begin an election at term 253 for -1: [ebd8d1f9-8297-450f-abe7-393807ba0c7e:192.168.164.239:36510, dbc121b5-e1e8-4c61-9d50-542b699a3d90:192.168.164.239:43140, 79abbc2e-0a90-4a41-a17c-6388bb873359:192.168.164.239:37857], old=null
2019-10-15 17:18:09,866 [grpc-default-executor-0] INFO  impl.RaftServerImpl (RaftServerImpl.java:setRole(184)) - ebd8d1f9-8297-450f-abe7-393807ba0c7e@group-B673650064C9: changes role from  FOLLOWER to FOLLOWER at term 253 for recognizeCandidate:79abbc2e-0a90-4a41-a17c-6388bb873359
2019-10-15 17:18:09,866 [grpc-default-executor-3] INFO  impl.RaftServerImpl (RaftServerImpl.java:setRole(184)) - dbc121b5-e1e8-4c61-9d50-542b699a3d90@group-B673650064C9: changes role from  FOLLOWER to FOLLOWER at term 253 for recognizeCandidate:79abbc2e-0a90-4a41-a17c-6388bb873359
2019-10-15 17:18:09,866 [grpc-default-executor-3] INFO  impl.RoleInfo (RoleInfo.java:shutdownFollowerState(121)) - dbc121b5-e1e8-4c61-9d50-542b699a3d90: shutdown FollowerState
2019-10-15 17:18:09,866 [grpc-default-executor-0] INFO  impl.RoleInfo (RoleInfo.java:shutdownFollowerState(121)) - ebd8d1f9-8297-450f-abe7-393807ba0c7e: shutdown FollowerState
2019-10-15 17:18:09,867 [Thread-1744] INFO  impl.FollowerState (FollowerState.java:run(117)) - dbc121b5-e1e8-4c61-9d50-542b699a3d90@group-B673650064C9-FollowerState was interrupted: java.lang.InterruptedException: sleep interrupted
2019-10-15 17:18:09,866 [grpc-default-executor-3] INFO  impl.RoleInfo (RoleInfo.java:updateAndGet(143)) - dbc121b5-e1e8-4c61-9d50-542b699a3d90: start FollowerState
2019-10-15 17:18:09,867 [Thread-1745] INFO  impl.FollowerState (FollowerState.java:run(117)) - ebd8d1f9-8297-450f-abe7-393807ba0c7e@group-B673650064C9-FollowerState was interrupted: java.lang.InterruptedException: sleep interrupted
2019-10-15 17:18:09,867 [grpc-default-executor-0] INFO  impl.RoleInfo (RoleInfo.java:updateAndGet(143)) - ebd8d1f9-8297-450f-abe7-393807ba0c7e: start FollowerState
2019-10-15 17:18:09,889 [79abbc2e-0a90-4a41-a17c-6388bb873359@group-B673650064C9-LeaderElection219] INFO  impl.LeaderElection (LeaderElection.java:logAndReturn(56)) - 79abbc2e-0a90-4a41-a17c-6388bb873359@group-B673650064C9-LeaderElection219: Election REJECTED; received 2 response(s) [79abbc2e-0a90-4a41-a17c-6388bb873359<-ebd8d1f9-8297-450f-abe7-393807ba0c7e#0:FAIL-t253, 79abbc2e-0a90-4a41-a17c-6388bb873359<-dbc121b5-e1e8-4c61-9d50-542b699a3d90#0:FAIL-t253] and 0 exception(s); 79abbc2e-0a90-4a41-a17c-6388bb873359@group-B673650064C9:t253, leader=null, voted=79abbc2e-0a90-4a41-a17c-6388bb873359, raftlog=79abbc2e-0a90-4a41-a17c-6388bb873359@group-B673650064C9-SegmentedRaftLog:OPENED:c-1,f-1,i0, conf=-1: [ebd8d1f9-8297-450f-abe7-393807ba0c7e:192.168.164.239:36510, dbc121b5-e1e8-4c61-9d50-542b699a3d90:192.168.164.239:43140, 79abbc2e-0a90-4a41-a17c-6388bb873359:192.168.164.239:37857], old=null
2019-10-15 17:18:09,890 [79abbc2e-0a90-4a41-a17c-6388bb873359@group-B673650064C9-LeaderElection219] INFO  impl.RaftServerImpl (RaftServerImpl.java:setRole(184)) - 79abbc2e-0a90-4a41-a17c-6388bb873359@group-B673650064C9: changes role from CANDIDATE to FOLLOWER at term 253 for DISCOVERED_A_NEW_TERM
2019-10-15 17:18:09,890 [79abbc2e-0a90-4a41-a17c-6388bb873359@group-B673650064C9-LeaderElection219] INFO  impl.RoleInfo (RoleInfo.java:shutdownLeaderElection(134)) - 79abbc2e-0a90-4a41-a17c-6388bb873359: shutdown LeaderElection
2019-10-15 17:18:09,890 [79abbc2e-0a90-4a41-a17c-6388bb873359@group-B673650064C9-LeaderElection219] INFO  impl.RoleInfo (RoleInfo.java:updateAndGet(143)) - 79abbc2e-0a90-4a41-a17c-6388bb873359: start FollowerState
2019-10-15 17:18:09,991 [Thread-1752] INFO  impl.FollowerState (FollowerState.java:run(108)) - 79abbc2e-0a90-4a41-a17c-6388bb873359@group-B673650064C9-FollowerState: change to CANDIDATE, lastRpcTime:101ms, electionTimeout:101ms
2019-10-15 17:18:09,992 [Thread-1752] INFO  impl.RoleInfo (RoleInfo.java:shutdownFollowerState(121)) - 79abbc2e-0a90-4a41-a17c-6388bb873359: shutdown FollowerState
2019-10-15 17:18:09,992 [Thread-1752] INFO  impl.RaftServerImpl (RaftServerImpl.java:setRole(184)) - 79abbc2e-0a90-4a41-a17c-6388bb873359@group-B673650064C9: changes role from  FOLLOWER to CANDIDATE at term 253 for changeToCandidate
2019-10-15 17:18:09,992 [Thread-1752] INFO  impl.RoleInfo (RoleInfo.java:updateAndGet(143)) - 79abbc2e-0a90-4a41-a17c-6388bb873359: start LeaderElection
2019-10-15 17:18:10,098 [79abbc2e-0a90-4a41-a17c-6388bb873359@group-B673650064C9-LeaderElection220] INFO  impl.LeaderElection (LeaderElection.java:askForVotes(178)) - 79abbc2e-0a90-4a41-a17c-6388bb873359@group-B673650064C9-LeaderElection220: begin an election at term 254 for -1: [ebd8d1f9-8297-450f-abe7-393807ba0c7e:192.168.164.239:36510, dbc121b5-e1e8-4c61-9d50-542b699a3d90:192.168.164.239:43140, 79abbc2e-0a90-4a41-a17c-6388bb873359:192.168.164.239:37857], old=null
2019-10-15 17:18:10,101 [grpc-default-executor-3] INFO  impl.RaftServerImpl (RaftServerImpl.java:setRole(184)) - ebd8d1f9-8297-450f-abe7-393807ba0c7e@group-B673650064C9: changes role from  FOLLOWER to FOLLOWER at term 254 for recognizeCandidate:79abbc2e-0a90-4a41-a17c-6388bb873359
2019-10-15 17:18:10,101 [grpc-default-executor-3] INFO  impl.RoleInfo (RoleInfo.java:shutdownFollowerState(121)) - ebd8d1f9-8297-450f-abe7-393807ba0c7e: shutdown FollowerState
2019-10-15 17:18:10,101 [grpc-default-executor-3] INFO  impl.RoleInfo (RoleInfo.java:updateAndGet(143)) - ebd8d1f9-8297-450f-abe7-393807ba0c7e: start FollowerState
2019-10-15 17:18:10,101 [grpc-default-executor-0] INFO  impl.RaftServerImpl (RaftServerImpl.java:setRole(184)) - dbc121b5-e1e8-4c61-9d50-542b699a3d90@group-B673650064C9: changes role from  FOLLOWER to FOLLOWER at term 254 for recognizeCandidate:79abbc2e-0a90-4a41-a17c-6388bb873359
2019-10-15 17:18:10,101 [Thread-1751] INFO  impl.FollowerState (FollowerState.java:run(117)) - ebd8d1f9-8297-450f-abe7-393807ba0c7e@group-B673650064C9-FollowerState was interrupted: java.lang.InterruptedException: sleep interrupted
2019-10-15 17:18:10,102 [grpc-default-executor-0] INFO  impl.RoleInfo (RoleInfo.java:shutdownFollowerState(121)) - dbc121b5-e1e8-4c61-9d50-542b699a3d90: shutdown FollowerState
2019-10-15 17:18:10,102 [grpc-default-executor-0] INFO  impl.RoleInfo (RoleInfo.java:updateAndGet(143)) - dbc121b5-e1e8-4c61-9d50-542b699a3d90: start FollowerState
2019-10-15 17:18:10,102 [Thread-1750] INFO  impl.FollowerState (FollowerState.java:run(117)) - dbc121b5-e1e8-4c61-9d50-542b699a3d90@group-B673650064C9-FollowerState was interrupted: java.lang.InterruptedException: sleep interrupted
2019-10-15 17:18:10,126 [79abbc2e-0a90-4a41-a17c-6388bb873359@group-B673650064C9-LeaderElection220] INFO  impl.LeaderElection (LeaderElection.java:logAndReturn(56)) - 79abbc2e-0a90-4a41-a17c-6388bb873359@group-B673650064C9-LeaderElection220: Election REJECTED; received 2 response(s) [79abbc2e-0a90-4a41-a17c-6388bb873359<-ebd8d1f9-8297-450f-abe7-393807ba0c7e#0:FAIL-t254, 79abbc2e-0a90-4a41-a17c-6388bb873359<-dbc121b5-e1e8-4c61-9d50-542b699a3d90#0:FAIL-t254] and 0 exception(s); 79abbc2e-0a90-4a41-a17c-6388bb873359@group-B673650064C9:t254, leader=null, voted=79abbc2e-0a90-4a41-a17c-6388bb873359, raftlog=79abbc2e-0a90-4a41-a17c-6388bb873359@group-B673650064C9-SegmentedRaftLog:OPENED:c-1,f-1,i0, conf=-1: [ebd8d1f9-8297-450f-abe7-393807ba0c7e:192.168.164.239:36510, dbc121b5-e1e8-4c61-9d50-542b699a3d90:192.168.164.239:43140, 79abbc2e-0a90-4a41-a17c-6388bb873359:192.168.164.239:37857], old=null
2019-10-15 17:18:10,126 [79abbc2e-0a90-4a41-a17c-6388bb873359@group-B673650064C9-LeaderElection220] INFO  impl.RaftServerImpl (RaftServerImpl.java:setRole(184)) - 79abbc2e-0a90-4a41-a17c-6388bb873359@group-B673650064C9: changes role from CANDIDATE to FOLLOWER at term 254 for DISCOVERED_A_NEW_TERM
2019-10-15 17:18:10,126 [79abbc2e-0a90-4a41-a17c-6388bb873359@group-B673650064C9-LeaderElection220] INFO  impl.RoleInfo (RoleInfo.java:shutdownLeaderElection(134)) - 79abbc2e-0a90-4a41-a17c-6388bb873359: shutdown LeaderElection
2019-10-15 17:18:10,126 [79abbc2e-0a90-4a41-a17c-6388bb873359@group-B673650064C9-LeaderElection220] INFO  impl.RoleInfo (RoleInfo.java:updateAndGet(143)) - 79abbc2e-0a90-4a41-a17c-6388bb873359: start FollowerState
2019-10-15 17:18:10,152 [Thread-1760] INFO  impl.FollowerState (FollowerState.java:run(108)) - 79abbc2e-0a90-4a41-a17c-6388bb873359@group-B673650064C9-FollowerState: change to CANDIDATE, lastRpcTime:25ms, electionTimeout:25ms
2019-10-15 17:18:10,152 [Thread-1760] INFO  impl.RoleInfo (RoleInfo.java:shutdownFollowerState(121)) - 79abbc2e-0a90-4a41-a17c-6388bb873359: shutdown FollowerState
2019-10-15 17:18:10,152 [Thread-1760] INFO  impl.RaftServerImpl (RaftServerImpl.java:setRole(184)) - 79abbc2e-0a90-4a41-a17c-6388bb873359@group-B673650064C9: changes role from  FOLLOWER to CANDIDATE at term 254 for changeToCandidate
2019-10-15 17:18:10,152 [Thread-1760] INFO  impl.RoleInfo (RoleInfo.java:updateAndGet(143)) - 79abbc2e-0a90-4a41-a17c-6388bb873359: start LeaderElection
2019-10-15 17:18:10,176 [79abbc2e-0a90-4a41-a17c-6388bb873359@group-B673650064C9-LeaderElection221] INFO  impl.LeaderElection (LeaderElection.java:askForVotes(178)) - 79abbc2e-0a90-4a41-a17c-6388bb873359@group-B673650064C9-LeaderElection221: begin an election at term 255 for -1: [ebd8d1f9-8297-450f-abe7-393807ba0c7e:192.168.164.239:36510, dbc121b5-e1e8-4c61-9d50-542b699a3d90:192.168.164.239:43140, 79abbc2e-0a90-4a41-a17c-6388bb873359:192.168.164.239:37857], old=null
2019-10-15 17:18:10,181 [grpc-default-executor-0] INFO  impl.RaftServerImpl (RaftServerImpl.java:setRole(184)) - ebd8d1f9-8297-450f-abe7-393807ba0c7e@group-B673650064C9: changes role from  FOLLOWER to FOLLOWER at term 255 for recognizeCandidate:79abbc2e-0a90-4a41-a17c-6388bb873359
2019-10-15 17:18:10,181 [grpc-default-executor-3] INFO  impl.RaftServerImpl (RaftServerImpl.java:setRole(184)) - dbc121b5-e1e8-4c61-9d50-542b699a3d90@group-B673650064C9: changes role from  FOLLOWER to FOLLOWER at term 255 for recognizeCandidate:79abbc2e-0a90-4a41-a17c-6388bb873359
2019-10-15 17:18:10,181 [grpc-default-executor-0] INFO  impl.RoleInfo (RoleInfo.java:shutdownFollowerState(121)) - ebd8d1f9-8297-450f-abe7-393807ba0c7e: shutdown FollowerState
2019-10-15 17:18:10,181 [grpc-default-executor-3] INFO  impl.RoleInfo (RoleInfo.java:shutdownFollowerState(121)) - dbc121b5-e1e8-4c61-9d50-542b699a3d90: shutdown FollowerState
2019-10-15 17:18:10,182 [Thread-1758] INFO  impl.FollowerState (FollowerState.java:run(117)) - ebd8d1f9-8297-450f-abe7-393807ba0c7e@group-B673650064C9-FollowerState was interrupted: java.lang.InterruptedException: sleep interrupted
2019-10-15 17:18:10,182 [grpc-default-executor-0] INFO  impl.RoleInfo (RoleInfo.java:updateAndGet(143)) - ebd8d1f9-8297-450f-abe7-393807ba0c7e: start FollowerState
2019-10-15 17:18:10,182 [grpc-default-executor-3] INFO  impl.RoleInfo (RoleInfo.java:updateAndGet(143)) - dbc121b5-e1e8-4c61-9d50-542b699a3d90: start FollowerState
2019-10-15 17:18:10,182 [Thread-1759] INFO  impl.FollowerState (FollowerState.java:run(117)) - dbc121b5-e1e8-4c61-9d50-542b699a3d90@group-B673650064C9-FollowerState was interrupted: java.lang.InterruptedException: sleep interrupted
2019-10-15 17:18:10,204 [79abbc2e-0a90-4a41-a17c-6388bb873359@group-B673650064C9-LeaderElection221] INFO  impl.LeaderElection (LeaderElection.java:logAndReturn(56)) - 79abbc2e-0a90-4a41-a17c-6388bb873359@group-B673650064C9-LeaderElection221: Election TIMEOUT; received 0 response(s) [] and 0 exception(s); 79abbc2e-0a90-4a41-a17c-6388bb873359@group-B673650064C9:t255, leader=null, voted=79abbc2e-0a90-4a41-a17c-6388bb873359, raftlog=79abbc2e-0a90-4a41-a17c-6388bb873359@group-B673650064C9-SegmentedRaftLog:OPENED:c-1,f-1,i0, conf=-1: [ebd8d1f9-8297-450f-abe7-393807ba0c7e:192.168.164.239:36510, dbc121b5-e1e8-4c61-9d50-542b699a3d90:192.168.164.239:43140, 79abbc2e-0a90-4a41-a17c-6388bb873359:192.168.164.239:37857], old=null
2019-10-15 17:18:10,227 [79abbc2e-0a90-4a41-a17c-6388bb873359@group-B673650064C9-LeaderElection221] INFO  impl.LeaderElection (LeaderElection.java:askForVotes(178)) - 79abbc2e-0a90-4a41-a17c-6388bb873359@group-B673650064C9-LeaderElection221: begin an election at term 256 for -1: [ebd8d1f9-8297-450f-abe7-393807ba0c7e:192.168.164.239:36510, dbc121b5-e1e8-4c61-9d50-542b699a3d90:192.168.164.239:43140, 79abbc2e-0a90-4a41-a17c-6388bb873359:192.168.164.239:37857], old=null
2019-10-15 17:18:10,229 [grpc-default-executor-3] INFO  impl.RaftServerImpl (RaftServerImpl.java:setRole(184)) - dbc121b5-e1e8-4c61-9d50-542b699a3d90@group-B673650064C9: changes role from  FOLLOWER to FOLLOWER at term 256 for recognizeCandidate:79abbc2e-0a90-4a41-a17c-6388bb873359
2019-10-15 17:18:10,229 [grpc-default-executor-0] INFO  impl.RaftServerImpl (RaftServerImpl.java:setRole(184)) - ebd8d1f9-8297-450f-abe7-393807ba0c7e@group-B673650064C9: changes role from  FOLLOWER to FOLLOWER at term 256 for recognizeCandidate:79abbc2e-0a90-4a41-a17c-6388bb873359
2019-10-15 17:18:10,230 [grpc-default-executor-3] INFO  impl.RoleInfo (RoleInfo.java:shutdownFollowerState(121)) - dbc121b5-e1e8-4c61-9d50-542b699a3d90: shutdown FollowerState
2019-10-15 17:18:10,230 [grpc-default-executor-0] INFO  impl.RoleInfo (RoleInfo.java:shutdownFollowerState(121)) - ebd8d1f9-8297-450f-abe7-393807ba0c7e: shutdown FollowerState
2019-10-15 17:18:10,230 [grpc-default-executor-3] INFO  impl.RoleInfo (RoleInfo.java:updateAndGet(143)) - dbc121b5-e1e8-4c61-9d50-542b699a3d90: start FollowerState
2019-10-15 17:18:10,230 [Thread-1764] INFO  impl.FollowerState (FollowerState.java:run(117)) - ebd8d1f9-8297-450f-abe7-393807ba0c7e@group-B673650064C9-FollowerState was interrupted: java.lang.InterruptedException: sleep interrupted
2019-10-15 17:18:10,230 [Thread-1765] INFO  impl.FollowerState (FollowerState.java:run(117)) - dbc121b5-e1e8-4c61-9d50-542b699a3d90@group-B673650064C9-FollowerState was interrupted: java.lang.InterruptedException: sleep interrupted
2019-10-15 17:18:10,230 [grpc-default-executor-0] INFO  impl.RoleInfo (RoleInfo.java:updateAndGet(143)) - ebd8d1f9-8297-450f-abe7-393807ba0c7e: start FollowerState
2019-10-15 17:18:10,254 [79abbc2e-0a90-4a41-a17c-6388bb873359@group-B673650064C9-LeaderElection221] INFO  impl.LeaderElection (LeaderElection.java:logAndReturn(56)) - 79abbc2e-0a90-4a41-a17c-6388bb873359@group-B673650064C9-LeaderElection221: Election REJECTED; received 2 response(s) [79abbc2e-0a90-4a41-a17c-6388bb873359<-ebd8d1f9-8297-450f-abe7-393807ba0c7e#0:FAIL-t256, 79abbc2e-0a90-4a41-a17c-6388bb873359<-dbc121b5-e1e8-4c61-9d50-542b699a3d90#0:FAIL-t256] and 0 exception(s); 79abbc2e-0a90-4a41-a17c-6388bb873359@group-B673650064C9:t256, leader=null, voted=79abbc2e-0a90-4a41-a17c-6388bb873359, raftlog=79abbc2e-0a90-4a41-a17c-6388bb873359@group-B673650064C9-SegmentedRaftLog:OPENED:c-1,f-1,i0, conf=-1: [ebd8d1f9-8297-450f-abe7-393807ba0c7e:192.168.164.239:36510, dbc121b5-e1e8-4c61-9d50-542b699a3d90:192.168.164.239:43140, 79abbc2e-0a90-4a41-a17c-6388bb873359:192.168.164.239:37857], old=null
2019-10-15 17:18:10,254 [79abbc2e-0a90-4a41-a17c-6388bb873359@group-B673650064C9-LeaderElection221] INFO  impl.RaftServerImpl (RaftServerImpl.java:setRole(184)) - 79abbc2e-0a90-4a41-a17c-6388bb873359@group-B673650064C9: changes role from CANDIDATE to FOLLOWER at term 256 for DISCOVERED_A_NEW_TERM
2019-10-15 17:18:10,254 [79abbc2e-0a90-4a41-a17c-6388bb873359@group-B673650064C9-LeaderElection221] INFO  impl.RoleInfo (RoleInfo.java:shutdownLeaderElection(134)) - 79abbc2e-0a90-4a41-a17c-6388bb873359: shutdown LeaderElection
2019-10-15 17:18:10,254 [79abbc2e-0a90-4a41-a17c-6388bb873359@group-B673650064C9-LeaderElection221] INFO  impl.RoleInfo (RoleInfo.java:updateAndGet(143)) - 79abbc2e-0a90-4a41-a17c-6388bb873359: start FollowerState
2019-10-15 17:18:10,306 [Thread-1770] INFO  impl.FollowerState (FollowerState.java:run(108)) - 79abbc2e-0a90-4a41-a17c-6388bb873359@group-B673650064C9-FollowerState: change to CANDIDATE, lastRpcTime:51ms, electionTimeout:51ms
2019-10-15 17:18:10,306 [Thread-1770] INFO  impl.RoleInfo (RoleInfo.java:shutdownFollowerState(121)) - 79abbc2e-0a90-4a41-a17c-6388bb873359: shutdown FollowerState
2019-10-15 17:18:10,306 [Thread-1770] INFO  impl.RaftServerImpl (RaftServerImpl.java:setRole(184)) - 79abbc2e-0a90-4a41-a17c-6388bb873359@group-B673650064C9: changes role from  FOLLOWER to CANDIDATE at term 256 for changeToCandidate
2019-10-15 17:18:10,306 [Thread-1770] INFO  impl.RoleInfo (RoleInfo.java:updateAndGet(143)) - 79abbc2e-0a90-4a41-a17c-6388bb873359: start LeaderElection
2019-10-15 17:18:10,330 [79abbc2e-0a90-4a41-a17c-6388bb873359@group-B673650064C9-LeaderElection222] INFO  impl.LeaderElection (LeaderElection.java:askForVotes(178)) - 79abbc2e-0a90-4a41-a17c-6388bb873359@group-B673650064C9-LeaderElection222: begin an election at term 257 for -1: [ebd8d1f9-8297-450f-abe7-393807ba0c7e:192.168.164.239:36510, dbc121b5-e1e8-4c61-9d50-542b699a3d90:192.168.164.239:43140, 79abbc2e-0a90-4a41-a17c-6388bb873359:192.168.164.239:37857], old=null
2019-10-15 17:18:10,333 [grpc-default-executor-3] INFO  impl.RaftServerImpl (RaftServerImpl.java:setRole(184)) - ebd8d1f9-8297-450f-abe7-393807ba0c7e@group-B673650064C9: changes role from  FOLLOWER to FOLLOWER at term 257 for recognizeCandidate:79abbc2e-0a90-4a41-a17c-6388bb873359
2019-10-15 17:18:10,333 [grpc-default-executor-0] INFO  impl.RaftServerImpl (RaftServerImpl.java:setRole(184)) - dbc121b5-e1e8-4c61-9d50-542b699a3d90@group-B673650064C9: changes role from  FOLLOWER to FOLLOWER at term 257 for recognizeCandidate:79abbc2e-0a90-4a41-a17c-6388bb873359
2019-10-15 17:18:10,333 [grpc-default-executor-3] INFO  impl.RoleInfo (RoleInfo.java:shutdownFollowerState(121)) - ebd8d1f9-8297-450f-abe7-393807ba0c7e: shutdown FollowerState
2019-10-15 17:18:10,334 [grpc-default-executor-0] INFO  impl.RoleInfo (RoleInfo.java:shutdownFollowerState(121)) - dbc121b5-e1e8-4c61-9d50-542b699a3d90: shutdown FollowerState
2019-10-15 17:18:10,334 [grpc-default-executor-3] INFO  impl.RoleInfo (RoleInfo.java:updateAndGet(143)) - ebd8d1f9-8297-450f-abe7-393807ba0c7e: start FollowerState
2019-10-15 17:18:10,334 [Thread-1769] INFO  impl.FollowerState (FollowerState.java:run(117)) - ebd8d1f9-8297-450f-abe7-393807ba0c7e@group-B673650064C9-FollowerState was interrupted: java.lang.InterruptedException: sleep interrupted
2019-10-15 17:18:10,334 [grpc-default-executor-0] INFO  impl.RoleInfo (RoleInfo.java:updateAndGet(143)) - dbc121b5-e1e8-4c61-9d50-542b699a3d90: start FollowerState
2019-10-15 17:18:10,334 [Thread-1768] INFO  impl.FollowerState (FollowerState.java:run(117)) - dbc121b5-e1e8-4c61-9d50-542b699a3d90@group-B673650064C9-FollowerState was interrupted: java.lang.InterruptedException: sleep interrupted
2019-10-15 17:18:10,353 [79abbc2e-0a90-4a41-a17c-6388bb873359@group-B673650064C9-LeaderElection222] INFO  impl.LeaderElection (LeaderElection.java:logAndReturn(56)) - 79abbc2e-0a90-4a41-a17c-6388bb873359@group-B673650064C9-LeaderElection222: Election TIMEOUT; received 0 response(s) [] and 0 exception(s); 79abbc2e-0a90-4a41-a17c-6388bb873359@group-B673650064C9:t257, leader=null, voted=79abbc2e-0a90-4a41-a17c-6388bb873359, raftlog=79abbc2e-0a90-4a41-a17c-6388bb873359@group-B673650064C9-SegmentedRaftLog:OPENED:c-1,f-1,i0, conf=-1: [ebd8d1f9-8297-450f-abe7-393807ba0c7e:192.168.164.239:36510, dbc121b5-e1e8-4c61-9d50-542b699a3d90:192.168.164.239:43140, 79abbc2e-0a90-4a41-a17c-6388bb873359:192.168.164.239:37857], old=null
2019-10-15 17:18:10,385 [79abbc2e-0a90-4a41-a17c-6388bb873359@group-B673650064C9-LeaderElection222] INFO  impl.LeaderElection (LeaderElection.java:askForVotes(178)) - 79abbc2e-0a90-4a41-a17c-6388bb873359@group-B673650064C9-LeaderElection222: begin an election at term 258 for -1: [ebd8d1f9-8297-450f-abe7-393807ba0c7e:192.168.164.239:36510, dbc121b5-e1e8-4c61-9d50-542b699a3d90:192.168.164.239:43140, 79abbc2e-0a90-4a41-a17c-6388bb873359:192.168.164.239:37857], old=null
2019-10-15 17:18:10,386 [grpc-default-executor-3] INFO  impl.RaftServerImpl (RaftServerImpl.java:setRole(184)) - dbc121b5-e1e8-4c61-9d50-542b699a3d90@group-B673650064C9: changes role from  FOLLOWER to FOLLOWER at term 258 for recognizeCandidate:79abbc2e-0a90-4a41-a17c-6388bb873359
2019-10-15 17:18:10,387 [grpc-default-executor-3] INFO  impl.RoleInfo (RoleInfo.java:shutdownFollowerState(121)) - dbc121b5-e1e8-4c61-9d50-542b699a3d90: shutdown FollowerState
2019-10-15 17:18:10,387 [grpc-default-executor-0] INFO  impl.RaftServerImpl (RaftServerImpl.java:setRole(184)) - ebd8d1f9-8297-450f-abe7-393807ba0c7e@group-B673650064C9: changes role from  FOLLOWER to FOLLOWER at term 258 for recognizeCandidate:79abbc2e-0a90-4a41-a17c-6388bb873359
2019-10-15 17:18:10,387 [Thread-1775] INFO  impl.FollowerState (FollowerState.java:run(117)) - dbc121b5-e1e8-4c61-9d50-542b699a3d90@group-B673650064C9-FollowerState was interrupted: java.lang.InterruptedException: sleep interrupted
2019-10-15 17:18:10,387 [grpc-default-executor-3] INFO  impl.RoleInfo (RoleInfo.java:updateAndGet(143)) - dbc121b5-e1e8-4c61-9d50-542b699a3d90: start FollowerState
2019-10-15 17:18:10,387 [grpc-default-executor-0] INFO  impl.RoleInfo (RoleInfo.java:shutdownFollowerState(121)) - ebd8d1f9-8297-450f-abe7-393807ba0c7e: shutdown FollowerState
2019-10-15 17:18:10,387 [grpc-default-executor-0] INFO  impl.RoleInfo (RoleInfo.java:updateAndGet(143)) - ebd8d1f9-8297-450f-abe7-393807ba0c7e: start FollowerState
2019-10-15 17:18:10,387 [Thread-1774] INFO  impl.FollowerState (FollowerState.java:run(117)) - ebd8d1f9-8297-450f-abe7-393807ba0c7e@group-B673650064C9-FollowerState was interrupted: java.lang.InterruptedException: sleep interrupted
2019-10-15 17:18:10,411 [79abbc2e-0a90-4a41-a17c-6388bb873359@group-B673650064C9-LeaderElection222] INFO  impl.LeaderElection (LeaderElection.java:logAndReturn(56)) - 79abbc2e-0a90-4a41-a17c-6388bb873359@group-B673650064C9-LeaderElection222: Election REJECTED; received 2 response(s) [79abbc2e-0a90-4a41-a17c-6388bb873359<-ebd8d1f9-8297-450f-abe7-393807ba0c7e#0:FAIL-t258, 79abbc2e-0a90-4a41-a17c-6388bb873359<-dbc121b5-e1e8-4c61-9d50-542b699a3d90#0:FAIL-t258] and 0 exception(s); 79abbc2e-0a90-4a41-a17c-6388bb873359@group-B673650064C9:t258, leader=null, voted=79abbc2e-0a90-4a41-a17c-6388bb873359, raftlog=79abbc2e-0a90-4a41-a17c-6388bb873359@group-B673650064C9-SegmentedRaftLog:OPENED:c-1,f-1,i0, conf=-1: [ebd8d1f9-8297-450f-abe7-393807ba0c7e:192.168.164.239:36510, dbc121b5-e1e8-4c61-9d50-542b699a3d90:192.168.164.239:43140, 79abbc2e-0a90-4a41-a17c-6388bb873359:192.168.164.239:37857], old=null
2019-10-15 17:18:10,411 [79abbc2e-0a90-4a41-a17c-6388bb873359@group-B673650064C9-LeaderElection222] INFO  impl.RaftServerImpl (RaftServerImpl.java:setRole(184)) - 79abbc2e-0a90-4a41-a17c-6388bb873359@group-B673650064C9: changes role from CANDIDATE to FOLLOWER at term 258 for DISCOVERED_A_NEW_TERM
2019-10-15 17:18:10,411 [79abbc2e-0a90-4a41-a17c-6388bb873359@group-B673650064C9-LeaderElection222] INFO  impl.RoleInfo (RoleInfo.java:shutdownLeaderElection(134)) - 79abbc2e-0a90-4a41-a17c-6388bb873359: shutdown LeaderElection
2019-10-15 17:18:10,411 [79abbc2e-0a90-4a41-a17c-6388bb873359@group-B673650064C9-LeaderElection222] INFO  impl.RoleInfo (RoleInfo.java:updateAndGet(143)) - 79abbc2e-0a90-4a41-a17c-6388bb873359: start FollowerState
2019-10-15 17:18:10,607 [Thread-1780] INFO  impl.FollowerState (FollowerState.java:run(108)) - 79abbc2e-0a90-4a41-a17c-6388bb873359@group-B673650064C9-FollowerState: change to CANDIDATE, lastRpcTime:196ms, electionTimeout:196ms
2019-10-15 17:18:10,608 [Thread-1780] INFO  impl.RoleInfo (RoleInfo.java:shutdownFollowerState(121)) - 79abbc2e-0a90-4a41-a17c-6388bb873359: shutdown FollowerState
2019-10-15 17:18:10,608 [Thread-1780] INFO  impl.RaftServerImpl (RaftServerImpl.java:setRole(184)) - 79abbc2e-0a90-4a41-a17c-6388bb873359@group-B673650064C9: changes role from  FOLLOWER to CANDIDATE at term 258 for changeToCandidate
2019-10-15 17:18:10,608 [Thread-1780] INFO  impl.RoleInfo (RoleInfo.java:updateAndGet(143)) - 79abbc2e-0a90-4a41-a17c-6388bb873359: start LeaderElection
2019-10-15 17:18:10,635 [79abbc2e-0a90-4a41-a17c-6388bb873359@group-B673650064C9-LeaderElection223] INFO  impl.LeaderElection (LeaderElection.java:askForVotes(178)) - 79abbc2e-0a90-4a41-a17c-6388bb873359@group-B673650064C9-LeaderElection223: begin an election at term 259 for -1: [ebd8d1f9-8297-450f-abe7-393807ba0c7e:192.168.164.239:36510, dbc121b5-e1e8-4c61-9d50-542b699a3d90:192.168.164.239:43140, 79abbc2e-0a90-4a41-a17c-6388bb873359:192.168.164.239:37857], old=null
2019-10-15 17:18:10,638 [grpc-default-executor-3] INFO  impl.RaftServerImpl (RaftServerImpl.java:setRole(184)) - ebd8d1f9-8297-450f-abe7-393807ba0c7e@group-B673650064C9: changes role from  FOLLOWER to FOLLOWER at term 259 for recognizeCandidate:79abbc2e-0a90-4a41-a17c-6388bb873359
2019-10-15 17:18:10,638 [grpc-default-executor-3] INFO  impl.RoleInfo (RoleInfo.java:shutdownFollowerState(121)) - ebd8d1f9-8297-450f-abe7-393807ba0c7e: shutdown FollowerState
2019-10-15 17:18:10,639 [grpc-default-executor-3] INFO  impl.RoleInfo (RoleInfo.java:updateAndGet(143)) - ebd8d1f9-8297-450f-abe7-393807ba0c7e: start FollowerState
2019-10-15 17:18:10,639 [grpc-default-executor-0] INFO  impl.RaftServerImpl (RaftServerImpl.java:setRole(184)) - dbc121b5-e1e8-4c61-9d50-542b699a3d90@group-B673650064C9: changes role from  FOLLOWER to FOLLOWER at term 259 for recognizeCandidate:79abbc2e-0a90-4a41-a17c-6388bb873359
2019-10-15 17:18:10,639 [Thread-1779] INFO  impl.FollowerState (FollowerState.java:run(117)) - ebd8d1f9-8297-450f-abe7-393807ba0c7e@group-B673650064C9-FollowerState was interrupted: java.lang.InterruptedException: sleep interrupted
2019-10-15 17:18:10,639 [grpc-default-executor-0] INFO  impl.RoleInfo (RoleInfo.java:shutdownFollowerState(121)) - dbc121b5-e1e8-4c61-9d50-542b699a3d90: shutdown FollowerState
2019-10-15 17:18:10,639 [grpc-default-executor-0] INFO  impl.RoleInfo (RoleInfo.java:updateAndGet(143)) - dbc121b5-e1e8-4c61-9d50-542b699a3d90: start FollowerState
2019-10-15 17:18:10,639 [Thread-1778] INFO  impl.FollowerState (FollowerState.java:run(117)) - dbc121b5-e1e8-4c61-9d50-542b699a3d90@group-B673650064C9-FollowerState was interrupted: java.lang.InterruptedException: sleep interrupted
2019-10-15 17:18:10,661 [79abbc2e-0a90-4a41-a17c-6388bb873359@group-B673650064C9-LeaderElection223] INFO  impl.LeaderElection (LeaderElection.java:logAndReturn(56)) - 79abbc2e-0a90-4a41-a17c-6388bb873359@group-B673650064C9-LeaderElection223: Election REJECTED; received 2 response(s) [79abbc2e-0a90-4a41-a17c-6388bb873359<-ebd8d1f9-8297-450f-abe7-393807ba0c7e#0:FAIL-t259, 79abbc2e-0a90-4a41-a17c-6388bb873359<-dbc121b5-e1e8-4c61-9d50-542b699a3d90#0:FAIL-t259] and 0 exception(s); 79abbc2e-0a90-4a41-a17c-6388bb873359@group-B673650064C9:t259, leader=null, voted=79abbc2e-0a90-4a41-a17c-6388bb873359, raftlog=79abbc2e-0a90-4a41-a17c-6388bb873359@group-B673650064C9-SegmentedRaftLog:OPENED:c-1,f-1,i0, conf=-1: [ebd8d1f9-8297-450f-abe7-393807ba0c7e:192.168.164.239:36510, dbc121b5-e1e8-4c61-9d50-542b699a3d90:192.168.164.239:43140, 79abbc2e-0a90-4a41-a17c-6388bb873359:192.168.164.239:37857], old=null
2019-10-15 17:18:10,662 [79abbc2e-0a90-4a41-a17c-6388bb873359@group-B673650064C9-LeaderElection223] INFO  impl.RaftServerImpl (RaftServerImpl.java:setRole(184)) - 79abbc2e-0a90-4a41-a17c-6388bb873359@group-B673650064C9: changes role from CANDIDATE to FOLLOWER at term 259 for DISCOVERED_A_NEW_TERM
2019-10-15 17:18:10,662 [79abbc2e-0a90-4a41-a17c-6388bb873359@group-B673650064C9-LeaderElection223] INFO  impl.RoleInfo (RoleInfo.java:shutdownLeaderElection(134)) - 79abbc2e-0a90-4a41-a17c-6388bb873359: shutdown LeaderElection
2019-10-15 17:18:10,662 [79abbc2e-0a90-4a41-a17c-6388bb873359@group-B673650064C9-LeaderElection223] INFO  impl.RoleInfo (RoleInfo.java:updateAndGet(143)) - 79abbc2e-0a90-4a41-a17c-6388bb873359: start FollowerState
2019-10-15 17:18:10,798 [Thread-1786] INFO  impl.FollowerState (FollowerState.java:run(108)) - 79abbc2e-0a90-4a41-a17c-6388bb873359@group-B673650064C9-FollowerState: change to CANDIDATE, lastRpcTime:135ms, electionTimeout:135ms
2019-10-15 17:18:10,798 [Thread-1786] INFO  impl.RoleInfo (RoleInfo.java:shutdownFollowerState(121)) - 79abbc2e-0a90-4a41-a17c-6388bb873359: shutdown FollowerState
2019-10-15 17:18:10,798 [Thread-1786] INFO  impl.RaftServerImpl (RaftServerImpl.java:setRole(184)) - 79abbc2e-0a90-4a41-a17c-6388bb873359@group-B673650064C9: changes role from  FOLLOWER to CANDIDATE at term 259 for changeToCandidate
2019-10-15 17:18:10,798 [Thread-1786] INFO  impl.RoleInfo (RoleInfo.java:updateAndGet(143)) - 79abbc2e-0a90-4a41-a17c-6388bb873359: start LeaderElection
2019-10-15 17:18:10,828 [79abbc2e-0a90-4a41-a17c-6388bb873359@group-B673650064C9-LeaderElection224] INFO  impl.LeaderElection (LeaderElection.java:askForVotes(178)) - 79abbc2e-0a90-4a41-a17c-6388bb873359@group-B673650064C9-LeaderElection224: begin an election at term 260 for -1: [ebd8d1f9-8297-450f-abe7-393807ba0c7e:192.168.164.239:36510, dbc121b5-e1e8-4c61-9d50-542b699a3d90:192.168.164.239:43140, 79abbc2e-0a90-4a41-a17c-6388bb873359:192.168.164.239:37857], old=null
2019-10-15 17:18:10,831 [grpc-default-executor-0] INFO  impl.RaftServerImpl (RaftServerImpl.java:setRole(184)) - dbc121b5-e1e8-4c61-9d50-542b699a3d90@group-B673650064C9: changes role from  FOLLOWER to FOLLOWER at term 260 for recognizeCandidate:79abbc2e-0a90-4a41-a17c-6388bb873359
2019-10-15 17:18:10,831 [grpc-default-executor-3] INFO  impl.RaftServerImpl (RaftServerImpl.java:setRole(184)) - ebd8d1f9-8297-450f-abe7-393807ba0c7e@group-B673650064C9: changes role from  FOLLOWER to FOLLOWER at term 260 for recognizeCandidate:79abbc2e-0a90-4a41-a17c-6388bb873359
2019-10-15 17:18:10,832 [grpc-default-executor-0] INFO  impl.RoleInfo (RoleInfo.java:shutdownFollowerState(121)) - dbc121b5-e1e8-4c61-9d50-542b699a3d90: shutdown FollowerState
2019-10-15 17:18:10,832 [grpc-default-executor-3] INFO  impl.RoleInfo (RoleInfo.java:shutdownFollowerState(121)) - ebd8d1f9-8297-450f-abe7-393807ba0c7e: shutdown FollowerState
2019-10-15 17:18:10,832 [Thread-1785] INFO  impl.FollowerState (FollowerState.java:run(117)) - dbc121b5-e1e8-4c61-9d50-542b699a3d90@group-B673650064C9-FollowerState was interrupted: java.lang.InterruptedException: sleep interrupted
2019-10-15 17:18:10,832 [grpc-default-executor-0] INFO  impl.RoleInfo (RoleInfo.java:updateAndGet(143)) - dbc121b5-e1e8-4c61-9d50-542b699a3d90: start FollowerState
2019-10-15 17:18:10,832 [Thread-1784] INFO  impl.FollowerState (FollowerState.java:run(117)) - ebd8d1f9-8297-450f-abe7-393807ba0c7e@group-B673650064C9-FollowerState was interrupted: java.lang.InterruptedException: sleep interrupted
2019-10-15 17:18:10,832 [grpc-default-executor-3] INFO  impl.RoleInfo (RoleInfo.java:updateAndGet(143)) - ebd8d1f9-8297-450f-abe7-393807ba0c7e: start FollowerState
2019-10-15 17:18:10,887 [79abbc2e-0a90-4a41-a17c-6388bb873359@group-B673650064C9-LeaderElection224] INFO  impl.LeaderElection (LeaderElection.java:logAndReturn(56)) - 79abbc2e-0a90-4a41-a17c-6388bb873359@group-B673650064C9-LeaderElection224: Election REJECTED; received 2 response(s) [79abbc2e-0a90-4a41-a17c-6388bb873359<-ebd8d1f9-8297-450f-abe7-393807ba0c7e#0:FAIL-t260, 79abbc2e-0a90-4a41-a17c-6388bb873359<-dbc121b5-e1e8-4c61-9d50-542b699a3d90#0:FAIL-t260] and 0 exception(s); 79abbc2e-0a90-4a41-a17c-6388bb873359@group-B673650064C9:t260, leader=null, voted=79abbc2e-0a90-4a41-a17c-6388bb873359, raftlog=79abbc2e-0a90-4a41-a17c-6388bb873359@group-B673650064C9-SegmentedRaftLog:OPENED:c-1,f-1,i0, conf=-1: [ebd8d1f9-8297-450f-abe7-393807ba0c7e:192.168.164.239:36510, dbc121b5-e1e8-4c61-9d50-542b699a3d90:192.168.164.239:43140, 79abbc2e-0a90-4a41-a17c-6388bb873359:192.168.164.239:37857], old=null
2019-10-15 17:18:10,888 [79abbc2e-0a90-4a41-a17c-6388bb873359@group-B673650064C9-LeaderElection224] INFO  impl.RaftServerImpl (RaftServerImpl.java:setRole(184)) - 79abbc2e-0a90-4a41-a17c-6388bb873359@group-B673650064C9: changes role from CANDIDATE to FOLLOWER at term 260 for DISCOVERED_A_NEW_TERM
2019-10-15 17:18:10,888 [79abbc2e-0a90-4a41-a17c-6388bb873359@group-B673650064C9-LeaderElection224] INFO  impl.RoleInfo (RoleInfo.java:shutdownLeaderElection(134)) - 79abbc2e-0a90-4a41-a17c-6388bb873359: shutdown LeaderElection
2019-10-15 17:18:10,888 [79abbc2e-0a90-4a41-a17c-6388bb873359@group-B673650064C9-LeaderElection224] INFO  impl.RoleInfo (RoleInfo.java:updateAndGet(143)) - 79abbc2e-0a90-4a41-a17c-6388bb873359: start FollowerState
2019-10-15 17:18:11,018 [Thread-1792] INFO  impl.FollowerState (FollowerState.java:run(108)) - 79abbc2e-0a90-4a41-a17c-6388bb873359@group-B673650064C9-FollowerState: change to CANDIDATE, lastRpcTime:129ms, electionTimeout:122ms
2019-10-15 17:18:11,018 [Thread-1792] INFO  impl.RoleInfo (RoleInfo.java:shutdownFollowerState(121)) - 79abbc2e-0a90-4a41-a17c-6388bb873359: shutdown FollowerState
2019-10-15 17:18:11,018 [Thread-1792] INFO  impl.RaftServerImpl (RaftServerImpl.java:setRole(184)) - 79abbc2e-0a90-4a41-a17c-6388bb873359@group-B673650064C9: changes role from  FOLLOWER to CANDIDATE at term 260 for changeToCandidate
2019-10-15 17:18:11,019 [Thread-1792] INFO  impl.RoleInfo (RoleInfo.java:updateAndGet(143)) - 79abbc2e-0a90-4a41-a17c-6388bb873359: start LeaderElection
2019-10-15 17:18:11,053 [79abbc2e-0a90-4a41-a17c-6388bb873359@group-B673650064C9-LeaderElection225] INFO  impl.LeaderElection (LeaderElection.java:askForVotes(178)) - 79abbc2e-0a90-4a41-a17c-6388bb873359@group-B673650064C9-LeaderElection225: begin an election at term 261 for -1: [ebd8d1f9-8297-450f-abe7-393807ba0c7e:192.168.164.239:36510, dbc121b5-e1e8-4c61-9d50-542b699a3d90:192.168.164.239:43140, 79abbc2e-0a90-4a41-a17c-6388bb873359:192.168.164.239:37857], old=null
2019-10-15 17:18:11,056 [grpc-default-executor-3] INFO  impl.RaftServerImpl (RaftServerImpl.java:setRole(184)) - ebd8d1f9-8297-450f-abe7-393807ba0c7e@group-B673650064C9: changes role from  FOLLOWER to FOLLOWER at term 261 for recognizeCandidate:79abbc2e-0a90-4a41-a17c-6388bb873359
2019-10-15 17:18:11,056 [grpc-default-executor-3] INFO  impl.RoleInfo (RoleInfo.java:shutdownFollowerState(121)) - ebd8d1f9-8297-450f-abe7-393807ba0c7e: shutdown FollowerState
2019-10-15 17:18:11,056 [grpc-default-executor-3] INFO  impl.RoleInfo (RoleInfo.java:updateAndGet(143)) - ebd8d1f9-8297-450f-abe7-393807ba0c7e: start FollowerState
2019-10-15 17:18:11,056 [Thread-1791] INFO  impl.FollowerState (FollowerState.java:run(117)) - ebd8d1f9-8297-450f-abe7-393807ba0c7e@group-B673650064C9-FollowerState was interrupted: java.lang.InterruptedException: sleep interrupted
2019-10-15 17:18:11,057 [grpc-default-executor-0] INFO  impl.RaftServerImpl (RaftServerImpl.java:setRole(184)) - dbc121b5-e1e8-4c61-9d50-542b699a3d90@group-B673650064C9: changes role from  FOLLOWER to FOLLOWER at term 261 for recognizeCandidate:79abbc2e-0a90-4a41-a17c-6388bb873359
2019-10-15 17:18:11,057 [grpc-default-executor-0] INFO  impl.RoleInfo (RoleInfo.java:shutdownFollowerState(121)) - dbc121b5-e1e8-4c61-9d50-542b699a3d90: shutdown FollowerState
2019-10-15 17:18:11,057 [grpc-default-executor-0] INFO  impl.RoleInfo (RoleInfo.java:updateAndGet(143)) - dbc121b5-e1e8-4c61-9d50-542b699a3d90: start FollowerState
2019-10-15 17:18:11,057 [Thread-1790] INFO  impl.FollowerState (FollowerState.java:run(117)) - dbc121b5-e1e8-4c61-9d50-542b699a3d90@group-B673650064C9-FollowerState was interrupted: java.lang.InterruptedException: sleep interrupted
2019-10-15 17:18:11,080 [79abbc2e-0a90-4a41-a17c-6388bb873359@group-B673650064C9-LeaderElection225] INFO  impl.LeaderElection (LeaderElection.java:logAndReturn(56)) - 79abbc2e-0a90-4a41-a17c-6388bb873359@group-B673650064C9-LeaderElection225: Election REJECTED; received 2 response(s) [79abbc2e-0a90-4a41-a17c-6388bb873359<-ebd8d1f9-8297-450f-abe7-393807ba0c7e#0:FAIL-t261, 79abbc2e-0a90-4a41-a17c-6388bb873359<-dbc121b5-e1e8-4c61-9d50-542b699a3d90#0:FAIL-t261] and 0 exception(s); 79abbc2e-0a90-4a41-a17c-6388bb873359@group-B673650064C9:t261, leader=null, voted=79abbc2e-0a90-4a41-a17c-6388bb873359, raftlog=79abbc2e-0a90-4a41-a17c-6388bb873359@group-B673650064C9-SegmentedRaftLog:OPENED:c-1,f-1,i0, conf=-1: [ebd8d1f9-8297-450f-abe7-393807ba0c7e:192.168.164.239:36510, dbc121b5-e1e8-4c61-9d50-542b699a3d90:192.168.164.239:43140, 79abbc2e-0a90-4a41-a17c-6388bb873359:192.168.164.239:37857], old=null
2019-10-15 17:18:11,080 [79abbc2e-0a90-4a41-a17c-6388bb873359@group-B673650064C9-LeaderElection225] INFO  impl.RaftServerImpl (RaftServerImpl.java:setRole(184)) - 79abbc2e-0a90-4a41-a17c-6388bb873359@group-B673650064C9: changes role from CANDIDATE to FOLLOWER at term 261 for DISCOVERED_A_NEW_TERM
2019-10-15 17:18:11,080 [79abbc2e-0a90-4a41-a17c-6388bb873359@group-B673650064C9-LeaderElection225] INFO  impl.RoleInfo (RoleInfo.java:shutdownLeaderElection(134)) - 79abbc2e-0a90-4a41-a17c-6388bb873359: shutdown LeaderElection
2019-10-15 17:18:11,080 [79abbc2e-0a90-4a41-a17c-6388bb873359@group-B673650064C9-LeaderElection225] INFO  impl.RoleInfo (RoleInfo.java:updateAndGet(143)) - 79abbc2e-0a90-4a41-a17c-6388bb873359: start FollowerState
2019-10-15 17:18:11,120 [Thread-1800] INFO  impl.FollowerState (FollowerState.java:run(108)) - 79abbc2e-0a90-4a41-a17c-6388bb873359@group-B673650064C9-FollowerState: change to CANDIDATE, lastRpcTime:40ms, electionTimeout:40ms
2019-10-15 17:18:11,121 [Thread-1800] INFO  impl.RoleInfo (RoleInfo.java:shutdownFollowerState(121)) - 79abbc2e-0a90-4a41-a17c-6388bb873359: shutdown FollowerState
2019-10-15 17:18:11,121 [Thread-1800] INFO  impl.RaftServerImpl (RaftServerImpl.java:setRole(184)) - 79abbc2e-0a90-4a41-a17c-6388bb873359@group-B673650064C9: changes role from  FOLLOWER to CANDIDATE at term 261 for changeToCandidate
2019-10-15 17:18:11,121 [Thread-1800] INFO  impl.RoleInfo (RoleInfo.java:updateAndGet(143)) - 79abbc2e-0a90-4a41-a17c-6388bb873359: start LeaderElection
2019-10-15 17:18:11,147 [79abbc2e-0a90-4a41-a17c-6388bb873359@group-B673650064C9-LeaderElection226] INFO  impl.LeaderElection (LeaderElection.java:askForVotes(178)) - 79abbc2e-0a90-4a41-a17c-6388bb873359@group-B673650064C9-LeaderElection226: begin an election at term 262 for -1: [ebd8d1f9-8297-450f-abe7-393807ba0c7e:192.168.164.239:36510, dbc121b5-e1e8-4c61-9d50-542b699a3d90:192.168.164.239:43140, 79abbc2e-0a90-4a41-a17c-6388bb873359:192.168.164.239:37857], old=null
2019-10-15 17:18:11,149 [grpc-default-executor-0] INFO  impl.RaftServerImpl (RaftServerImpl.java:setRole(184)) - ebd8d1f9-8297-450f-abe7-393807ba0c7e@group-B673650064C9: changes role from  FOLLOWER to FOLLOWER at term 262 for recognizeCandidate:79abbc2e-0a90-4a41-a17c-6388bb873359
2019-10-15 17:18:11,149 [grpc-default-executor-0] INFO  impl.RoleInfo (RoleInfo.java:shutdownFollowerState(121)) - ebd8d1f9-8297-450f-abe7-393807ba0c7e: shutdown FollowerState
2019-10-15 17:18:11,149 [grpc-default-executor-3] INFO  impl.RaftServerImpl (RaftServerImpl.java:setRole(184)) - dbc121b5-e1e8-4c61-9d50-542b699a3d90@group-B673650064C9: changes role from  FOLLOWER to FOLLOWER at term 262 for recognizeCandidate:79abbc2e-0a90-4a41-a17c-6388bb873359
2019-10-15 17:18:11,150 [Thread-1798] INFO  impl.FollowerState (FollowerState.java:run(117)) - ebd8d1f9-8297-450f-abe7-393807ba0c7e@group-B673650064C9-FollowerState was interrupted: java.lang.InterruptedException: sleep interrupted
2019-10-15 17:18:11,150 [grpc-default-executor-0] INFO  impl.RoleInfo (RoleInfo.java:updateAndGet(143)) - ebd8d1f9-8297-450f-abe7-393807ba0c7e: start FollowerState
2019-10-15 17:18:11,150 [grpc-default-executor-3] INFO  impl.RoleInfo (RoleInfo.java:shutdownFollowerState(121)) - dbc121b5-e1e8-4c61-9d50-542b699a3d90: shutdown FollowerState
2019-10-15 17:18:11,150 [Thread-1799] INFO  impl.FollowerState (FollowerState.java:run(117)) - dbc121b5-e1e8-4c61-9d50-542b699a3d90@group-B673650064C9-FollowerState was interrupted: java.lang.InterruptedException: sleep interrupted
2019-10-15 17:18:11,150 [grpc-default-executor-3] INFO  impl.RoleInfo (RoleInfo.java:updateAndGet(143)) - dbc121b5-e1e8-4c61-9d50-542b699a3d90: start FollowerState
2019-10-15 17:18:11,173 [79abbc2e-0a90-4a41-a17c-6388bb873359@group-B673650064C9-LeaderElection226] INFO  impl.LeaderElection (LeaderElection.java:logAndReturn(56)) - 79abbc2e-0a90-4a41-a17c-6388bb873359@group-B673650064C9-LeaderElection226: Election REJECTED; received 2 response(s) [79abbc2e-0a90-4a41-a17c-6388bb873359<-ebd8d1f9-8297-450f-abe7-393807ba0c7e#0:FAIL-t262, 79abbc2e-0a90-4a41-a17c-6388bb873359<-dbc121b5-e1e8-4c61-9d50-542b699a3d90#0:FAIL-t262] and 0 exception(s); 79abbc2e-0a90-4a41-a17c-6388bb873359@group-B673650064C9:t262, leader=null, voted=79abbc2e-0a90-4a41-a17c-6388bb873359, raftlog=79abbc2e-0a90-4a41-a17c-6388bb873359@group-B673650064C9-SegmentedRaftLog:OPENED:c-1,f-1,i0, conf=-1: [ebd8d1f9-8297-450f-abe7-393807ba0c7e:192.168.164.239:36510, dbc121b5-e1e8-4c61-9d50-542b699a3d90:192.168.164.239:43140, 79abbc2e-0a90-4a41-a17c-6388bb873359:192.168.164.239:37857], old=null
2019-10-15 17:18:11,173 [79abbc2e-0a90-4a41-a17c-6388bb873359@group-B673650064C9-LeaderElection226] INFO  impl.RaftServerImpl (RaftServerImpl.java:setRole(184)) - 79abbc2e-0a90-4a41-a17c-6388bb873359@group-B673650064C9: changes role from CANDIDATE to FOLLOWER at term 262 for DISCOVERED_A_NEW_TERM
2019-10-15 17:18:11,173 [79abbc2e-0a90-4a41-a17c-6388bb873359@group-B673650064C9-LeaderElection226] INFO  impl.RoleInfo (RoleInfo.java:shutdownLeaderElection(134)) - 79abbc2e-0a90-4a41-a17c-6388bb873359: shutdown LeaderElection
2019-10-15 17:18:11,173 [79abbc2e-0a90-4a41-a17c-6388bb873359@group-B673650064C9-LeaderElection226] INFO  impl.RoleInfo (RoleInfo.java:updateAndGet(143)) - 79abbc2e-0a90-4a41-a17c-6388bb873359: start FollowerState
2019-10-15 17:18:11,352 [Thread-1806] INFO  impl.FollowerState (FollowerState.java:run(108)) - 79abbc2e-0a90-4a41-a17c-6388bb873359@group-B673650064C9-FollowerState: change to CANDIDATE, lastRpcTime:178ms, electionTimeout:178ms
2019-10-15 17:18:11,352 [Thread-1806] INFO  impl.RoleInfo (RoleInfo.java:shutdownFollowerState(121)) - 79abbc2e-0a90-4a41-a17c-6388bb873359: shutdown FollowerState
2019-10-15 17:18:11,352 [Thread-1806] INFO  impl.RaftServerImpl (RaftServerImpl.java:setRole(184)) - 79abbc2e-0a90-4a41-a17c-6388bb873359@group-B673650064C9: changes role from  FOLLOWER to CANDIDATE at term 262 for changeToCandidate
2019-10-15 17:18:11,352 [Thread-1806] INFO  impl.RoleInfo (RoleInfo.java:updateAndGet(143)) - 79abbc2e-0a90-4a41-a17c-6388bb873359: start LeaderElection
2019-10-15 17:18:11,381 [79abbc2e-0a90-4a41-a17c-6388bb873359@group-B673650064C9-LeaderElection227] INFO  impl.LeaderElection (LeaderElection.java:askForVotes(178)) - 79abbc2e-0a90-4a41-a17c-6388bb873359@group-B673650064C9-LeaderElection227: begin an election at term 263 for -1: [ebd8d1f9-8297-450f-abe7-393807ba0c7e:192.168.164.239:36510, dbc121b5-e1e8-4c61-9d50-542b699a3d90:192.168.164.239:43140, 79abbc2e-0a90-4a41-a17c-6388bb873359:192.168.164.239:37857], old=null
2019-10-15 17:18:11,383 [grpc-default-executor-0] INFO  impl.RaftServerImpl (RaftServerImpl.java:setRole(184)) - ebd8d1f9-8297-450f-abe7-393807ba0c7e@group-B673650064C9: changes role from  FOLLOWER to FOLLOWER at term 263 for recognizeCandidate:79abbc2e-0a90-4a41-a17c-6388bb873359
2019-10-15 17:18:11,383 [grpc-default-executor-0] INFO  impl.RoleInfo (RoleInfo.java:shutdownFollowerState(121)) - ebd8d1f9-8297-450f-abe7-393807ba0c7e: shutdown FollowerState
2019-10-15 17:18:11,383 [grpc-default-executor-0] INFO  impl.RoleInfo (RoleInfo.java:updateAndGet(143)) - ebd8d1f9-8297-450f-abe7-393807ba0c7e: start FollowerState
2019-10-15 17:18:11,383 [grpc-default-executor-3] INFO  impl.RaftServerImpl (RaftServerImpl.java:setRole(184)) - dbc121b5-e1e8-4c61-9d50-542b699a3d90@group-B673650064C9: changes role from  FOLLOWER to FOLLOWER at term 263 for recognizeCandidate:79abbc2e-0a90-4a41-a17c-6388bb873359
2019-10-15 17:18:11,384 [grpc-default-executor-3] INFO  impl.RoleInfo (RoleInfo.java:shutdownFollowerState(121)) - dbc121b5-e1e8-4c61-9d50-542b699a3d90: shutdown FollowerState
2019-10-15 17:18:11,383 [Thread-1804] INFO  impl.FollowerState (FollowerState.java:run(117)) - ebd8d1f9-8297-450f-abe7-393807ba0c7e@group-B673650064C9-FollowerState was interrupted: java.lang.InterruptedException: sleep interrupted
2019-10-15 17:18:11,384 [Thread-1805] INFO  impl.FollowerState (FollowerState.java:run(117)) - dbc121b5-e1e8-4c61-9d50-542b699a3d90@group-B673650064C9-FollowerState was interrupted: java.lang.InterruptedException: sleep interrupted
2019-10-15 17:18:11,384 [grpc-default-executor-3] INFO  impl.RoleInfo (RoleInfo.java:updateAndGet(143)) - dbc121b5-e1e8-4c61-9d50-542b699a3d90: start FollowerState
2019-10-15 17:18:11,407 [79abbc2e-0a90-4a41-a17c-6388bb873359@group-B673650064C9-LeaderElection227] INFO  impl.LeaderElection (LeaderElection.java:logAndReturn(56)) - 79abbc2e-0a90-4a41-a17c-6388bb873359@group-B673650064C9-LeaderElection227: Election REJECTED; received 2 response(s) [79abbc2e-0a90-4a41-a17c-6388bb873359<-ebd8d1f9-8297-450f-abe7-393807ba0c7e#0:FAIL-t263, 79abbc2e-0a90-4a41-a17c-6388bb873359<-dbc121b5-e1e8-4c61-9d50-542b699a3d90#0:FAIL-t263] and 0 exception(s); 79abbc2e-0a90-4a41-a17c-6388bb873359@group-B673650064C9:t263, leader=null, voted=79abbc2e-0a90-4a41-a17c-6388bb873359, raftlog=79abbc2e-0a90-4a41-a17c-6388bb873359@group-B673650064C9-SegmentedRaftLog:OPENED:c-1,f-1,i0, conf=-1: [ebd8d1f9-8297-450f-abe7-393807ba0c7e:192.168.164.239:36510, dbc121b5-e1e8-4c61-9d50-542b699a3d90:192.168.164.239:43140, 79abbc2e-0a90-4a41-a17c-6388bb873359:192.168.164.239:37857], old=null
2019-10-15 17:18:11,407 [79abbc2e-0a90-4a41-a17c-6388bb873359@group-B673650064C9-LeaderElection227] INFO  impl.RaftServerImpl (RaftServerImpl.java:setRole(184)) - 79abbc2e-0a90-4a41-a17c-6388bb873359@group-B673650064C9: changes role from CANDIDATE to FOLLOWER at term 263 for DISCOVERED_A_NEW_TERM
2019-10-15 17:18:11,407 [79abbc2e-0a90-4a41-a17c-6388bb873359@group-B673650064C9-LeaderElection227] INFO  impl.RoleInfo (RoleInfo.java:shutdownLeaderElection(134)) - 79abbc2e-0a90-4a41-a17c-6388bb873359: shutdown LeaderElection
2019-10-15 17:18:11,407 [79abbc2e-0a90-4a41-a17c-6388bb873359@group-B673650064C9-LeaderElection227] INFO  impl.RoleInfo (RoleInfo.java:updateAndGet(143)) - 79abbc2e-0a90-4a41-a17c-6388bb873359: start FollowerState
2019-10-15 17:18:11,554 [Thread-1812] INFO  impl.FollowerState (FollowerState.java:run(108)) - 79abbc2e-0a90-4a41-a17c-6388bb873359@group-B673650064C9-FollowerState: change to CANDIDATE, lastRpcTime:146ms, electionTimeout:146ms
2019-10-15 17:18:11,555 [Thread-1812] INFO  impl.RoleInfo (RoleInfo.java:shutdownFollowerState(121)) - 79abbc2e-0a90-4a41-a17c-6388bb873359: shutdown FollowerState
2019-10-15 17:18:11,555 [Thread-1812] INFO  impl.RaftServerImpl (RaftServerImpl.java:setRole(184)) - 79abbc2e-0a90-4a41-a17c-6388bb873359@group-B673650064C9: changes role from  FOLLOWER to CANDIDATE at term 263 for changeToCandidate
2019-10-15 17:18:11,556 [Thread-1812] INFO  impl.RoleInfo (RoleInfo.java:updateAndGet(143)) - 79abbc2e-0a90-4a41-a17c-6388bb873359: start LeaderElection
2019-10-15 17:18:11,582 [79abbc2e-0a90-4a41-a17c-6388bb873359@group-B673650064C9-LeaderElection228] INFO  impl.LeaderElection (LeaderElection.java:askForVotes(178)) - 79abbc2e-0a90-4a41-a17c-6388bb873359@group-B673650064C9-LeaderElection228: begin an election at term 264 for -1: [ebd8d1f9-8297-450f-abe7-393807ba0c7e:192.168.164.239:36510, dbc121b5-e1e8-4c61-9d50-542b699a3d90:192.168.164.239:43140, 79abbc2e-0a90-4a41-a17c-6388bb873359:192.168.164.239:37857], old=null
2019-10-15 17:18:11,588 [grpc-default-executor-0] INFO  impl.RaftServerImpl (RaftServerImpl.java:setRole(184)) - ebd8d1f9-8297-450f-abe7-393807ba0c7e@group-B673650064C9: changes role from  FOLLOWER to FOLLOWER at term 264 for recognizeCandidate:79abbc2e-0a90-4a41-a17c-6388bb873359
2019-10-15 17:18:11,588 [grpc-default-executor-3] INFO  impl.RaftServerImpl (RaftServerImpl.java:setRole(184)) - dbc121b5-e1e8-4c61-9d50-542b699a3d90@group-B673650064C9: changes role from  FOLLOWER to FOLLOWER at term 264 for recognizeCandidate:79abbc2e-0a90-4a41-a17c-6388bb873359
2019-10-15 17:18:11,588 [grpc-default-executor-0] INFO  impl.RoleInfo (RoleInfo.java:shutdownFollowerState(121)) - ebd8d1f9-8297-450f-abe7-393807ba0c7e: shutdown FollowerState
2019-10-15 17:18:11,588 [grpc-default-executor-3] INFO  impl.RoleInfo (RoleInfo.java:shutdownFollowerState(121)) - dbc121b5-e1e8-4c61-9d50-542b699a3d90: shutdown FollowerState
2019-10-15 17:18:11,589 [grpc-default-executor-0] INFO  impl.RoleInfo (RoleInfo.java:updateAndGet(143)) - ebd8d1f9-8297-450f-abe7-393807ba0c7e: start FollowerState
2019-10-15 17:18:11,589 [Thread-1811] INFO  impl.FollowerState (FollowerState.java:run(117)) - dbc121b5-e1e8-4c61-9d50-542b699a3d90@group-B673650064C9-FollowerState was interrupted: java.lang.InterruptedException: sleep interrupted
2019-10-15 17:18:11,589 [Thread-1810] INFO  impl.FollowerState (FollowerState.java:run(117)) - ebd8d1f9-8297-450f-abe7-393807ba0c7e@group-B673650064C9-FollowerState was interrupted: java.lang.InterruptedException: sleep interrupted
2019-10-15 17:18:11,589 [grpc-default-executor-3] INFO  impl.RoleInfo (RoleInfo.java:updateAndGet(143)) - dbc121b5-e1e8-4c61-9d50-542b699a3d90: start FollowerState
2019-10-15 17:18:11,617 [79abbc2e-0a90-4a41-a17c-6388bb873359@group-B673650064C9-LeaderElection228] INFO  impl.LeaderElection (LeaderElection.java:logAndReturn(56)) - 79abbc2e-0a90-4a41-a17c-6388bb873359@group-B673650064C9-LeaderElection228: Election REJECTED; received 2 response(s) [79abbc2e-0a90-4a41-a17c-6388bb873359<-ebd8d1f9-8297-450f-abe7-393807ba0c7e#0:FAIL-t264, 79abbc2e-0a90-4a41-a17c-6388bb873359<-dbc121b5-e1e8-4c61-9d50-542b699a3d90#0:FAIL-t264] and 0 exception(s); 79abbc2e-0a90-4a41-a17c-6388bb873359@group-B673650064C9:t264, leader=null, voted=79abbc2e-0a90-4a41-a17c-6388bb873359, raftlog=79abbc2e-0a90-4a41-a17c-6388bb873359@group-B673650064C9-SegmentedRaftLog:OPENED:c-1,f-1,i0, conf=-1: [ebd8d1f9-8297-450f-abe7-393807ba0c7e:192.168.164.239:36510, dbc121b5-e1e8-4c61-9d50-542b699a3d90:192.168.164.239:43140, 79abbc2e-0a90-4a41-a17c-6388bb873359:192.168.164.239:37857], old=null
2019-10-15 17:18:11,617 [79abbc2e-0a90-4a41-a17c-6388bb873359@group-B673650064C9-LeaderElection228] INFO  impl.RaftServerImpl (RaftServerImpl.java:setRole(184)) - 79abbc2e-0a90-4a41-a17c-6388bb873359@group-B673650064C9: changes role from CANDIDATE to FOLLOWER at term 264 for DISCOVERED_A_NEW_TERM
2019-10-15 17:18:11,617 [79abbc2e-0a90-4a41-a17c-6388bb873359@group-B673650064C9-LeaderElection228] INFO  impl.RoleInfo (RoleInfo.java:shutdownLeaderElection(134)) - 79abbc2e-0a90-4a41-a17c-6388bb873359: shutdown LeaderElection
2019-10-15 17:18:11,618 [79abbc2e-0a90-4a41-a17c-6388bb873359@group-B673650064C9-LeaderElection228] INFO  impl.RoleInfo (RoleInfo.java:updateAndGet(143)) - 79abbc2e-0a90-4a41-a17c-6388bb873359: start FollowerState
2019-10-15 17:18:11,802 [Thread-1818] INFO  impl.FollowerState (FollowerState.java:run(108)) - 79abbc2e-0a90-4a41-a17c-6388bb873359@group-B673650064C9-FollowerState: change to CANDIDATE, lastRpcTime:184ms, electionTimeout:184ms
2019-10-15 17:18:11,802 [Thread-1818] INFO  impl.RoleInfo (RoleInfo.java:shutdownFollowerState(121)) - 79abbc2e-0a90-4a41-a17c-6388bb873359: shutdown FollowerState
2019-10-15 17:18:11,802 [Thread-1818] INFO  impl.RaftServerImpl (RaftServerImpl.java:setRole(184)) - 79abbc2e-0a90-4a41-a17c-6388bb873359@group-B673650064C9: changes role from  FOLLOWER to CANDIDATE at term 264 for changeToCandidate
2019-10-15 17:18:11,802 [Thread-1818] INFO  impl.RoleInfo (RoleInfo.java:updateAndGet(143)) - 79abbc2e-0a90-4a41-a17c-6388bb873359: start LeaderElection
2019-10-15 17:18:11,833 [79abbc2e-0a90-4a41-a17c-6388bb873359@group-B673650064C9-LeaderElection229] INFO  impl.LeaderElection (LeaderElection.java:askForVotes(178)) - 79abbc2e-0a90-4a41-a17c-6388bb873359@group-B673650064C9-LeaderElection229: begin an election at term 265 for -1: [ebd8d1f9-8297-450f-abe7-393807ba0c7e:192.168.164.239:36510, dbc121b5-e1e8-4c61-9d50-542b699a3d90:192.168.164.239:43140, 79abbc2e-0a90-4a41-a17c-6388bb873359:192.168.164.239:37857], old=null
2019-10-15 17:18:11,835 [grpc-default-executor-0] INFO  impl.RaftServerImpl (RaftServerImpl.java:setRole(184)) - ebd8d1f9-8297-450f-abe7-393807ba0c7e@group-B673650064C9: changes role from  FOLLOWER to FOLLOWER at term 265 for recognizeCandidate:79abbc2e-0a90-4a41-a17c-6388bb873359
2019-10-15 17:18:11,835 [grpc-default-executor-3] INFO  impl.RaftServerImpl (RaftServerImpl.java:setRole(184)) - dbc121b5-e1e8-4c61-9d50-542b699a3d90@group-B673650064C9: changes role from  FOLLOWER to FOLLOWER at term 265 for recognizeCandidate:79abbc2e-0a90-4a41-a17c-6388bb873359
2019-10-15 17:18:11,835 [grpc-default-executor-0] INFO  impl.RoleInfo (RoleInfo.java:shutdownFollowerState(121)) - ebd8d1f9-8297-450f-abe7-393807ba0c7e: shutdown FollowerState
2019-10-15 17:18:11,835 [grpc-default-executor-3] INFO  impl.RoleInfo (RoleInfo.java:shutdownFollowerState(121)) - dbc121b5-e1e8-4c61-9d50-542b699a3d90: shutdown FollowerState
2019-10-15 17:18:11,836 [Thread-1816] INFO  impl.FollowerState (FollowerState.java:run(117)) - ebd8d1f9-8297-450f-abe7-393807ba0c7e@group-B673650064C9-FollowerState was interrupted: java.lang.InterruptedException: sleep interrupted
2019-10-15 17:18:11,836 [Thread-1817] INFO  impl.FollowerState (FollowerState.java:run(117)) - dbc121b5-e1e8-4c61-9d50-542b699a3d90@group-B673650064C9-FollowerState was interrupted: java.lang.InterruptedException: sleep interrupted
2019-10-15 17:18:11,836 [grpc-default-executor-0] INFO  impl.RoleInfo (RoleInfo.java:updateAndGet(143)) - ebd8d1f9-8297-450f-abe7-393807ba0c7e: start FollowerState
2019-10-15 17:18:11,836 [grpc-default-executor-3] INFO  impl.RoleInfo (RoleInfo.java:updateAndGet(143)) - dbc121b5-e1e8-4c61-9d50-542b699a3d90: start FollowerState
2019-10-15 17:18:11,859 [79abbc2e-0a90-4a41-a17c-6388bb873359@group-B673650064C9-LeaderElection229] INFO  impl.LeaderElection (LeaderElection.java:logAndReturn(56)) - 79abbc2e-0a90-4a41-a17c-6388bb873359@group-B673650064C9-LeaderElection229: Election REJECTED; received 2 response(s) [79abbc2e-0a90-4a41-a17c-6388bb873359<-ebd8d1f9-8297-450f-abe7-393807ba0c7e#0:FAIL-t265, 79abbc2e-0a90-4a41-a17c-6388bb873359<-dbc121b5-e1e8-4c61-9d50-542b699a3d90#0:FAIL-t265] and 0 exception(s); 79abbc2e-0a90-4a41-a17c-6388bb873359@group-B673650064C9:t265, leader=null, voted=79abbc2e-0a90-4a41-a17c-6388bb873359, raftlog=79abbc2e-0a90-4a41-a17c-6388bb873359@group-B673650064C9-SegmentedRaftLog:OPENED:c-1,f-1,i0, conf=-1: [ebd8d1f9-8297-450f-abe7-393807ba0c7e:192.168.164.239:36510, dbc121b5-e1e8-4c61-9d50-542b699a3d90:192.168.164.239:43140, 79abbc2e-0a90-4a41-a17c-6388bb873359:192.168.164.239:37857], old=null
2019-10-15 17:18:11,859 [79abbc2e-0a90-4a41-a17c-6388bb873359@group-B673650064C9-LeaderElection229] INFO  impl.RaftServerImpl (RaftServerImpl.java:setRole(184)) - 79abbc2e-0a90-4a41-a17c-6388bb873359@group-B673650064C9: changes role from CANDIDATE to FOLLOWER at term 265 for DISCOVERED_A_NEW_TERM
2019-10-15 17:18:11,860 [79abbc2e-0a90-4a41-a17c-6388bb873359@group-B673650064C9-LeaderElection229] INFO  impl.RoleInfo (RoleInfo.java:shutdownLeaderElection(134)) - 79abbc2e-0a90-4a41-a17c-6388bb873359: shutdown LeaderElection
2019-10-15 17:18:11,860 [79abbc2e-0a90-4a41-a17c-6388bb873359@group-B673650064C9-LeaderElection229] INFO  impl.RoleInfo (RoleInfo.java:updateAndGet(143)) - 79abbc2e-0a90-4a41-a17c-6388bb873359: start FollowerState
2019-10-15 17:18:12,031 [Thread-1824] INFO  impl.FollowerState (FollowerState.java:run(108)) - 79abbc2e-0a90-4a41-a17c-6388bb873359@group-B673650064C9-FollowerState: change to CANDIDATE, lastRpcTime:170ms, electionTimeout:170ms
2019-10-15 17:18:12,031 [Thread-1824] INFO  impl.RoleInfo (RoleInfo.java:shutdownFollowerState(121)) - 79abbc2e-0a90-4a41-a17c-6388bb873359: shutdown FollowerState
2019-10-15 17:18:12,031 [Thread-1824] INFO  impl.RaftServerImpl (RaftServerImpl.java:setRole(184)) - 79abbc2e-0a90-4a41-a17c-6388bb873359@group-B673650064C9: changes role from  FOLLOWER to CANDIDATE at term 265 for changeToCandidate
2019-10-15 17:18:12,032 [Thread-1824] INFO  impl.RoleInfo (RoleInfo.java:updateAndGet(143)) - 79abbc2e-0a90-4a41-a17c-6388bb873359: start LeaderElection
2019-10-15 17:18:12,058 [79abbc2e-0a90-4a41-a17c-6388bb873359@group-B673650064C9-LeaderElection230] INFO  impl.LeaderElection (LeaderElection.java:askForVotes(178)) - 79abbc2e-0a90-4a41-a17c-6388bb873359@group-B673650064C9-LeaderElection230: begin an election at term 266 for -1: [ebd8d1f9-8297-450f-abe7-393807ba0c7e:192.168.164.239:36510, dbc121b5-e1e8-4c61-9d50-542b699a3d90:192.168.164.239:43140, 79abbc2e-0a90-4a41-a17c-6388bb873359:192.168.164.239:37857], old=null
2019-10-15 17:18:12,060 [grpc-default-executor-3] INFO  impl.RaftServerImpl (RaftServerImpl.java:setRole(184)) - dbc121b5-e1e8-4c61-9d50-542b699a3d90@group-B673650064C9: changes role from  FOLLOWER to FOLLOWER at term 266 for recognizeCandidate:79abbc2e-0a90-4a41-a17c-6388bb873359
2019-10-15 17:18:12,060 [grpc-default-executor-0] INFO  impl.RaftServerImpl (RaftServerImpl.java:setRole(184)) - ebd8d1f9-8297-450f-abe7-393807ba0c7e@group-B673650064C9: changes role from  FOLLOWER to FOLLOWER at term 266 for recognizeCandidate:79abbc2e-0a90-4a41-a17c-6388bb873359
2019-10-15 17:18:12,060 [grpc-default-executor-3] INFO  impl.RoleInfo (RoleInfo.java:shutdownFollowerState(121)) - dbc121b5-e1e8-4c61-9d50-542b699a3d90: shutdown FollowerState
2019-10-15 17:18:12,060 [grpc-default-executor-0] INFO  impl.RoleInfo (RoleInfo.java:shutdownFollowerState(121)) - ebd8d1f9-8297-450f-abe7-393807ba0c7e: shutdown FollowerState
2019-10-15 17:18:12,060 [Thread-1823] INFO  impl.FollowerState (FollowerState.java:run(117)) - dbc121b5-e1e8-4c61-9d50-542b699a3d90@group-B673650064C9-FollowerState was interrupted: java.lang.InterruptedException: sleep interrupted
2019-10-15 17:18:12,060 [grpc-default-executor-3] INFO  impl.RoleInfo (RoleInfo.java:updateAndGet(143)) - dbc121b5-e1e8-4c61-9d50-542b699a3d90: start FollowerState
2019-10-15 17:18:12,060 [Thread-1822] INFO  impl.FollowerState (FollowerState.java:run(117)) - ebd8d1f9-8297-450f-abe7-393807ba0c7e@group-B673650064C9-FollowerState was interrupted: java.lang.InterruptedException: sleep interrupted
2019-10-15 17:18:12,060 [grpc-default-executor-0] INFO  impl.RoleInfo (RoleInfo.java:updateAndGet(143)) - ebd8d1f9-8297-450f-abe7-393807ba0c7e: start FollowerState
2019-10-15 17:18:12,084 [79abbc2e-0a90-4a41-a17c-6388bb873359@group-B673650064C9-LeaderElection230] INFO  impl.LeaderElection (LeaderElection.java:logAndReturn(56)) - 79abbc2e-0a90-4a41-a17c-6388bb873359@group-B673650064C9-LeaderElection230: Election REJECTED; received 2 response(s) [79abbc2e-0a90-4a41-a17c-6388bb873359<-ebd8d1f9-8297-450f-abe7-393807ba0c7e#0:FAIL-t266, 79abbc2e-0a90-4a41-a17c-6388bb873359<-dbc121b5-e1e8-4c61-9d50-542b699a3d90#0:FAIL-t266] and 0 exception(s); 79abbc2e-0a90-4a41-a17c-6388bb873359@group-B673650064C9:t266, leader=null, voted=79abbc2e-0a90-4a41-a17c-6388bb873359, raftlog=79abbc2e-0a90-4a41-a17c-6388bb873359@group-B673650064C9-SegmentedRaftLog:OPENED:c-1,f-1,i0, conf=-1: [ebd8d1f9-8297-450f-abe7-393807ba0c7e:192.168.164.239:36510, dbc121b5-e1e8-4c61-9d50-542b699a3d90:192.168.164.239:43140, 79abbc2e-0a90-4a41-a17c-6388bb873359:192.168.164.239:37857], old=null
2019-10-15 17:18:12,085 [79abbc2e-0a90-4a41-a17c-6388bb873359@group-B673650064C9-LeaderElection230] INFO  impl.RaftServerImpl (RaftServerImpl.java:setRole(184)) - 79abbc2e-0a90-4a41-a17c-6388bb873359@group-B673650064C9: changes role from CANDIDATE to FOLLOWER at term 266 for DISCOVERED_A_NEW_TERM
2019-10-15 17:18:12,085 [79abbc2e-0a90-4a41-a17c-6388bb873359@group-B673650064C9-LeaderElection230] INFO  impl.RoleInfo (RoleInfo.java:shutdownLeaderElection(134)) - 79abbc2e-0a90-4a41-a17c-6388bb873359: shutdown LeaderElection
2019-10-15 17:18:12,085 [79abbc2e-0a90-4a41-a17c-6388bb873359@group-B673650064C9-LeaderElection230] INFO  impl.RoleInfo (RoleInfo.java:updateAndGet(143)) - 79abbc2e-0a90-4a41-a17c-6388bb873359: start FollowerState
2019-10-15 17:18:12,188 [Thread-1832] INFO  impl.FollowerState (FollowerState.java:run(108)) - 79abbc2e-0a90-4a41-a17c-6388bb873359@group-B673650064C9-FollowerState: change to CANDIDATE, lastRpcTime:103ms, electionTimeout:103ms
2019-10-15 17:18:12,189 [Thread-1832] INFO  impl.RoleInfo (RoleInfo.java:shutdownFollowerState(121)) - 79abbc2e-0a90-4a41-a17c-6388bb873359: shutdown FollowerState
2019-10-15 17:18:12,189 [Thread-1832] INFO  impl.RaftServerImpl (RaftServerImpl.java:setRole(184)) - 79abbc2e-0a90-4a41-a17c-6388bb873359@group-B673650064C9: changes role from  FOLLOWER to CANDIDATE at term 266 for changeToCandidate
2019-10-15 17:18:12,189 [Thread-1832] INFO  impl.RoleInfo (RoleInfo.java:updateAndGet(143)) - 79abbc2e-0a90-4a41-a17c-6388bb873359: start LeaderElection
2019-10-15 17:18:12,217 [79abbc2e-0a90-4a41-a17c-6388bb873359@group-B673650064C9-LeaderElection231] INFO  impl.LeaderElection (LeaderElection.java:askForVotes(178)) - 79abbc2e-0a90-4a41-a17c-6388bb873359@group-B673650064C9-LeaderElection231: begin an election at term 267 for -1: [ebd8d1f9-8297-450f-abe7-393807ba0c7e:192.168.164.239:36510, dbc121b5-e1e8-4c61-9d50-542b699a3d90:192.168.164.239:43140, 79abbc2e-0a90-4a41-a17c-6388bb873359:192.168.164.239:37857], old=null
2019-10-15 17:18:12,219 [grpc-default-executor-3] INFO  impl.RaftServerImpl (RaftServerImpl.java:setRole(184)) - dbc121b5-e1e8-4c61-9d50-542b699a3d90@group-B673650064C9: changes role from  FOLLOWER to FOLLOWER at term 267 for recognizeCandidate:79abbc2e-0a90-4a41-a17c-6388bb873359
2019-10-15 17:18:12,219 [grpc-default-executor-3] INFO  impl.RoleInfo (RoleInfo.java:shutdownFollowerState(121)) - dbc121b5-e1e8-4c61-9d50-542b699a3d90: shutdown FollowerState
2019-10-15 17:18:12,219 [grpc-default-executor-0] INFO  impl.RaftServerImpl (RaftServerImpl.java:setRole(184)) - ebd8d1f9-8297-450f-abe7-393807ba0c7e@group-B673650064C9: changes role from  FOLLOWER to FOLLOWER at term 267 for recognizeCandidate:79abbc2e-0a90-4a41-a17c-6388bb873359
2019-10-15 17:18:12,219 [Thread-1830] INFO  impl.FollowerState (FollowerState.java:run(117)) - dbc121b5-e1e8-4c61-9d50-542b699a3d90@group-B673650064C9-FollowerState was interrupted: java.lang.InterruptedException: sleep interrupted
2019-10-15 17:18:12,219 [grpc-default-executor-3] INFO  impl.RoleInfo (RoleInfo.java:updateAndGet(143)) - dbc121b5-e1e8-4c61-9d50-542b699a3d90: start FollowerState
2019-10-15 17:18:12,219 [grpc-default-executor-0] INFO  impl.RoleInfo (RoleInfo.java:shutdownFollowerState(121)) - ebd8d1f9-8297-450f-abe7-393807ba0c7e: shutdown FollowerState
2019-10-15 17:18:12,220 [grpc-default-executor-0] INFO  impl.RoleInfo (RoleInfo.java:updateAndGet(143)) - ebd8d1f9-8297-450f-abe7-393807ba0c7e: start FollowerState
2019-10-15 17:18:12,220 [Thread-1831] INFO  impl.FollowerState (FollowerState.java:run(117)) - ebd8d1f9-8297-450f-abe7-393807ba0c7e@group-B673650064C9-FollowerState was interrupted: java.lang.InterruptedException: sleep interrupted
2019-10-15 17:18:12,243 [79abbc2e-0a90-4a41-a17c-6388bb873359@group-B673650064C9-LeaderElection231] INFO  impl.LeaderElection (LeaderElection.java:logAndReturn(56)) - 79abbc2e-0a90-4a41-a17c-6388bb873359@group-B673650064C9-LeaderElection231: Election REJECTED; received 2 response(s) [79abbc2e-0a90-4a41-a17c-6388bb873359<-ebd8d1f9-8297-450f-abe7-393807ba0c7e#0:FAIL-t267, 79abbc2e-0a90-4a41-a17c-6388bb873359<-dbc121b5-e1e8-4c61-9d50-542b699a3d90#0:FAIL-t267] and 0 exception(s); 79abbc2e-0a90-4a41-a17c-6388bb873359@group-B673650064C9:t267, leader=null, voted=79abbc2e-0a90-4a41-a17c-6388bb873359, raftlog=79abbc2e-0a90-4a41-a17c-6388bb873359@group-B673650064C9-SegmentedRaftLog:OPENED:c-1,f-1,i0, conf=-1: [ebd8d1f9-8297-450f-abe7-393807ba0c7e:192.168.164.239:36510, dbc121b5-e1e8-4c61-9d50-542b699a3d90:192.168.164.239:43140, 79abbc2e-0a90-4a41-a17c-6388bb873359:192.168.164.239:37857], old=null
2019-10-15 17:18:12,243 [79abbc2e-0a90-4a41-a17c-6388bb873359@group-B673650064C9-LeaderElection231] INFO  impl.RaftServerImpl (RaftServerImpl.java:setRole(184)) - 79abbc2e-0a90-4a41-a17c-6388bb873359@group-B673650064C9: changes role from CANDIDATE to FOLLOWER at term 267 for DISCOVERED_A_NEW_TERM
2019-10-15 17:18:12,243 [79abbc2e-0a90-4a41-a17c-6388bb873359@group-B673650064C9-LeaderElection231] INFO  impl.RoleInfo (RoleInfo.java:shutdownLeaderElection(134)) - 79abbc2e-0a90-4a41-a17c-6388bb873359: shutdown LeaderElection
2019-10-15 17:18:12,244 [79abbc2e-0a90-4a41-a17c-6388bb873359@group-B673650064C9-LeaderElection231] INFO  impl.RoleInfo (RoleInfo.java:updateAndGet(143)) - 79abbc2e-0a90-4a41-a17c-6388bb873359: start FollowerState
2019-10-15 17:18:12,302 [Thread-1838] INFO  impl.FollowerState (FollowerState.java:run(108)) - 79abbc2e-0a90-4a41-a17c-6388bb873359@group-B673650064C9-FollowerState: change to CANDIDATE, lastRpcTime:58ms, electionTimeout:58ms
2019-10-15 17:18:12,302 [Thread-1838] INFO  impl.RoleInfo (RoleInfo.java:shutdownFollowerState(121)) - 79abbc2e-0a90-4a41-a17c-6388bb873359: shutdown FollowerState
2019-10-15 17:18:12,302 [Thread-1838] INFO  impl.RaftServerImpl (RaftServerImpl.java:setRole(184)) - 79abbc2e-0a90-4a41-a17c-6388bb873359@group-B673650064C9: changes role from  FOLLOWER to CANDIDATE at term 267 for changeToCandidate
2019-10-15 17:18:12,302 [Thread-1838] INFO  impl.RoleInfo (RoleInfo.java:updateAndGet(143)) - 79abbc2e-0a90-4a41-a17c-6388bb873359: start LeaderElection
2019-10-15 17:18:12,326 [79abbc2e-0a90-4a41-a17c-6388bb873359@group-B673650064C9-LeaderElection232] INFO  impl.LeaderElection (LeaderElection.java:askForVotes(178)) - 79abbc2e-0a90-4a41-a17c-6388bb873359@group-B673650064C9-LeaderElection232: begin an election at term 268 for -1: [ebd8d1f9-8297-450f-abe7-393807ba0c7e:192.168.164.239:36510, dbc121b5-e1e8-4c61-9d50-542b699a3d90:192.168.164.239:43140, 79abbc2e-0a90-4a41-a17c-6388bb873359:192.168.164.239:37857], old=null
2019-10-15 17:18:12,328 [grpc-default-executor-3] INFO  impl.RaftServerImpl (RaftServerImpl.java:setRole(184)) - ebd8d1f9-8297-450f-abe7-393807ba0c7e@group-B673650064C9: changes role from  FOLLOWER to FOLLOWER at term 268 for recognizeCandidate:79abbc2e-0a90-4a41-a17c-6388bb873359
2019-10-15 17:18:12,328 [grpc-default-executor-3] INFO  impl.RoleInfo (RoleInfo.java:shutdownFollowerState(121)) - ebd8d1f9-8297-450f-abe7-393807ba0c7e: shutdown FollowerState
2019-10-15 17:18:12,328 [grpc-default-executor-0] INFO  impl.RaftServerImpl (RaftServerImpl.java:setRole(184)) - dbc121b5-e1e8-4c61-9d50-542b699a3d90@group-B673650064C9: changes role from  FOLLOWER to FOLLOWER at term 268 for recognizeCandidate:79abbc2e-0a90-4a41-a17c-6388bb873359
2019-10-15 17:18:12,328 [Thread-1837] INFO  impl.FollowerState (FollowerState.java:run(117)) - ebd8d1f9-8297-450f-abe7-393807ba0c7e@group-B673650064C9-FollowerState was interrupted: java.lang.InterruptedException: sleep interrupted
2019-10-15 17:18:12,328 [grpc-default-executor-3] INFO  impl.RoleInfo (RoleInfo.java:updateAndGet(143)) - ebd8d1f9-8297-450f-abe7-393807ba0c7e: start FollowerState
2019-10-15 17:18:12,328 [grpc-default-executor-0] INFO  impl.RoleInfo (RoleInfo.java:shutdownFollowerState(121)) - dbc121b5-e1e8-4c61-9d50-542b699a3d90: shutdown FollowerState
2019-10-15 17:18:12,329 [grpc-default-executor-0] INFO  impl.RoleInfo (RoleInfo.java:updateAndGet(143)) - dbc121b5-e1e8-4c61-9d50-542b699a3d90: start FollowerState
2019-10-15 17:18:12,329 [Thread-1836] INFO  impl.FollowerState (FollowerState.java:run(117)) - dbc121b5-e1e8-4c61-9d50-542b699a3d90@group-B673650064C9-FollowerState was interrupted: java.lang.InterruptedException: sleep interrupted
2019-10-15 17:18:12,352 [79abbc2e-0a90-4a41-a17c-6388bb873359@group-B673650064C9-LeaderElection232] INFO  impl.LeaderElection (LeaderElection.java:logAndReturn(56)) - 79abbc2e-0a90-4a41-a17c-6388bb873359@group-B673650064C9-LeaderElection232: Election REJECTED; received 2 response(s) [79abbc2e-0a90-4a41-a17c-6388bb873359<-ebd8d1f9-8297-450f-abe7-393807ba0c7e#0:FAIL-t268, 79abbc2e-0a90-4a41-a17c-6388bb873359<-dbc121b5-e1e8-4c61-9d50-542b699a3d90#0:FAIL-t268] and 0 exception(s); 79abbc2e-0a90-4a41-a17c-6388bb873359@group-B673650064C9:t268, leader=null, voted=79abbc2e-0a90-4a41-a17c-6388bb873359, raftlog=79abbc2e-0a90-4a41-a17c-6388bb873359@group-B673650064C9-SegmentedRaftLog:OPENED:c-1,f-1,i0, conf=-1: [ebd8d1f9-8297-450f-abe7-393807ba0c7e:192.168.164.239:36510, dbc121b5-e1e8-4c61-9d50-542b699a3d90:192.168.164.239:43140, 79abbc2e-0a90-4a41-a17c-6388bb873359:192.168.164.239:37857], old=null
2019-10-15 17:18:12,353 [79abbc2e-0a90-4a41-a17c-6388bb873359@group-B673650064C9-LeaderElection232] INFO  impl.RaftServerImpl (RaftServerImpl.java:setRole(184)) - 79abbc2e-0a90-4a41-a17c-6388bb873359@group-B673650064C9: changes role from CANDIDATE to FOLLOWER at term 268 for DISCOVERED_A_NEW_TERM
2019-10-15 17:18:12,353 [79abbc2e-0a90-4a41-a17c-6388bb873359@group-B673650064C9-LeaderElection232] INFO  impl.RoleInfo (RoleInfo.java:shutdownLeaderElection(134)) - 79abbc2e-0a90-4a41-a17c-6388bb873359: shutdown LeaderElection
2019-10-15 17:18:12,353 [79abbc2e-0a90-4a41-a17c-6388bb873359@group-B673650064C9-LeaderElection232] INFO  impl.RoleInfo (RoleInfo.java:updateAndGet(143)) - 79abbc2e-0a90-4a41-a17c-6388bb873359: start FollowerState
2019-10-15 17:18:12,476 [Thread-1844] INFO  impl.FollowerState (FollowerState.java:run(108)) - 79abbc2e-0a90-4a41-a17c-6388bb873359@group-B673650064C9-FollowerState: change to CANDIDATE, lastRpcTime:123ms, electionTimeout:123ms
2019-10-15 17:18:12,476 [Thread-1844] INFO  impl.RoleInfo (RoleInfo.java:shutdownFollowerState(121)) - 79abbc2e-0a90-4a41-a17c-6388bb873359: shutdown FollowerState
2019-10-15 17:18:12,476 [Thread-1844] INFO  impl.RaftServerImpl (RaftServerImpl.java:setRole(184)) - 79abbc2e-0a90-4a41-a17c-6388bb873359@group-B673650064C9: changes role from  FOLLOWER to CANDIDATE at term 268 for changeToCandidate
2019-10-15 17:18:12,476 [Thread-1844] INFO  impl.RoleInfo (RoleInfo.java:updateAndGet(143)) - 79abbc2e-0a90-4a41-a17c-6388bb873359: start LeaderElection
2019-10-15 17:18:12,496 [79abbc2e-0a90-4a41-a17c-6388bb873359@group-B673650064C9-LeaderElection233] INFO  impl.LeaderElection (LeaderElection.java:askForVotes(178)) - 79abbc2e-0a90-4a41-a17c-6388bb873359@group-B673650064C9-LeaderElection233: begin an election at term 269 for -1: [ebd8d1f9-8297-450f-abe7-393807ba0c7e:192.168.164.239:36510, dbc121b5-e1e8-4c61-9d50-542b699a3d90:192.168.164.239:43140, 79abbc2e-0a90-4a41-a17c-6388bb873359:192.168.164.239:37857], old=null
2019-10-15 17:18:12,498 [grpc-default-executor-0] INFO  impl.RaftServerImpl (RaftServerImpl.java:setRole(184)) - ebd8d1f9-8297-450f-abe7-393807ba0c7e@group-B673650064C9: changes role from  FOLLOWER to FOLLOWER at term 269 for recognizeCandidate:79abbc2e-0a90-4a41-a17c-6388bb873359
2019-10-15 17:18:12,498 [grpc-default-executor-3] INFO  impl.RaftServerImpl (RaftServerImpl.java:setRole(184)) - dbc121b5-e1e8-4c61-9d50-542b699a3d90@group-B673650064C9: changes role from  FOLLOWER to FOLLOWER at term 269 for recognizeCandidate:79abbc2e-0a90-4a41-a17c-6388bb873359
2019-10-15 17:18:12,498 [grpc-default-executor-0] INFO  impl.RoleInfo (RoleInfo.java:shutdownFollowerState(121)) - ebd8d1f9-8297-450f-abe7-393807ba0c7e: shutdown FollowerState
2019-10-15 17:18:12,498 [grpc-default-executor-3] INFO  impl.RoleInfo (RoleInfo.java:shutdownFollowerState(121)) - dbc121b5-e1e8-4c61-9d50-542b699a3d90: shutdown FollowerState
2019-10-15 17:18:12,499 [grpc-default-executor-0] INFO  impl.RoleInfo (RoleInfo.java:updateAndGet(143)) - ebd8d1f9-8297-450f-abe7-393807ba0c7e: start FollowerState
2019-10-15 17:18:12,499 [Thread-1843] INFO  impl.FollowerState (FollowerState.java:run(117)) - dbc121b5-e1e8-4c61-9d50-542b699a3d90@group-B673650064C9-FollowerState was interrupted: java.lang.InterruptedException: sleep interrupted
2019-10-15 17:18:12,499 [Thread-1842] INFO  impl.FollowerState (FollowerState.java:run(117)) - ebd8d1f9-8297-450f-abe7-393807ba0c7e@group-B673650064C9-FollowerState was interrupted: java.lang.InterruptedException: sleep interrupted
2019-10-15 17:18:12,499 [grpc-default-executor-3] INFO  impl.RoleInfo (RoleInfo.java:updateAndGet(143)) - dbc121b5-e1e8-4c61-9d50-542b699a3d90: start FollowerState
2019-10-15 17:18:12,524 [79abbc2e-0a90-4a41-a17c-6388bb873359@group-B673650064C9-LeaderElection233] INFO  impl.LeaderElection (LeaderElection.java:logAndReturn(56)) - 79abbc2e-0a90-4a41-a17c-6388bb873359@group-B673650064C9-LeaderElection233: Election REJECTED; received 2 response(s) [79abbc2e-0a90-4a41-a17c-6388bb873359<-ebd8d1f9-8297-450f-abe7-393807ba0c7e#0:FAIL-t269, 79abbc2e-0a90-4a41-a17c-6388bb873359<-dbc121b5-e1e8-4c61-9d50-542b699a3d90#0:FAIL-t269] and 0 exception(s); 79abbc2e-0a90-4a41-a17c-6388bb873359@group-B673650064C9:t269, leader=null, voted=79abbc2e-0a90-4a41-a17c-6388bb873359, raftlog=79abbc2e-0a90-4a41-a17c-6388bb873359@group-B673650064C9-SegmentedRaftLog:OPENED:c-1,f-1,i0, conf=-1: [ebd8d1f9-8297-450f-abe7-393807ba0c7e:192.168.164.239:36510, dbc121b5-e1e8-4c61-9d50-542b699a3d90:192.168.164.239:43140, 79abbc2e-0a90-4a41-a17c-6388bb873359:192.168.164.239:37857], old=null
2019-10-15 17:18:12,524 [79abbc2e-0a90-4a41-a17c-6388bb873359@group-B673650064C9-LeaderElection233] INFO  impl.RaftServerImpl (RaftServerImpl.java:setRole(184)) - 79abbc2e-0a90-4a41-a17c-6388bb873359@group-B673650064C9: changes role from CANDIDATE to FOLLOWER at term 269 for DISCOVERED_A_NEW_TERM
2019-10-15 17:18:12,524 [79abbc2e-0a90-4a41-a17c-6388bb873359@group-B673650064C9-LeaderElection233] INFO  impl.RoleInfo (RoleInfo.java:shutdownLeaderElection(134)) - 79abbc2e-0a90-4a41-a17c-6388bb873359: shutdown LeaderElection
2019-10-15 17:18:12,524 [79abbc2e-0a90-4a41-a17c-6388bb873359@group-B673650064C9-LeaderElection233] INFO  impl.RoleInfo (RoleInfo.java:updateAndGet(143)) - 79abbc2e-0a90-4a41-a17c-6388bb873359: start FollowerState
2019-10-15 17:18:12,648 [Thread-1850] INFO  impl.FollowerState (FollowerState.java:run(108)) - 79abbc2e-0a90-4a41-a17c-6388bb873359@group-B673650064C9-FollowerState: change to CANDIDATE, lastRpcTime:123ms, electionTimeout:123ms
2019-10-15 17:18:12,648 [Thread-1850] INFO  impl.RoleInfo (RoleInfo.java:shutdownFollowerState(121)) - 79abbc2e-0a90-4a41-a17c-6388bb873359: shutdown FollowerState
2019-10-15 17:18:12,648 [Thread-1850] INFO  impl.RaftServerImpl (RaftServerImpl.java:setRole(184)) - 79abbc2e-0a90-4a41-a17c-6388bb873359@group-B673650064C9: changes role from  FOLLOWER to CANDIDATE at term 269 for changeToCandidate
2019-10-15 17:18:12,648 [Thread-1850] INFO  impl.RoleInfo (RoleInfo.java:updateAndGet(143)) - 79abbc2e-0a90-4a41-a17c-6388bb873359: start LeaderElection
2019-10-15 17:18:12,668 [79abbc2e-0a90-4a41-a17c-6388bb873359@group-B673650064C9-LeaderElection234] INFO  impl.LeaderElection (LeaderElection.java:askForVotes(178)) - 79abbc2e-0a90-4a41-a17c-6388bb873359@group-B673650064C9-LeaderElection234: begin an election at term 270 for -1: [ebd8d1f9-8297-450f-abe7-393807ba0c7e:192.168.164.239:36510, dbc121b5-e1e8-4c61-9d50-542b699a3d90:192.168.164.239:43140, 79abbc2e-0a90-4a41-a17c-6388bb873359:192.168.164.239:37857], old=null
2019-10-15 17:18:12,670 [grpc-default-executor-0] INFO  impl.RaftServerImpl (RaftServerImpl.java:setRole(184)) - ebd8d1f9-8297-450f-abe7-393807ba0c7e@group-B673650064C9: changes role from  FOLLOWER to FOLLOWER at term 270 for recognizeCandidate:79abbc2e-0a90-4a41-a17c-6388bb873359
2019-10-15 17:18:12,670 [grpc-default-executor-0] INFO  impl.RoleInfo (RoleInfo.java:shutdownFollowerState(121)) - ebd8d1f9-8297-450f-abe7-393807ba0c7e: shutdown FollowerState
2019-10-15 17:18:12,670 [grpc-default-executor-3] INFO  impl.RaftServerImpl (RaftServerImpl.java:setRole(184)) - dbc121b5-e1e8-4c61-9d50-542b699a3d90@group-B673650064C9: changes role from  FOLLOWER to FOLLOWER at term 270 for recognizeCandidate:79abbc2e-0a90-4a41-a17c-6388bb873359
2019-10-15 17:18:12,670 [Thread-1848] INFO  impl.FollowerState (FollowerState.java:run(117)) - ebd8d1f9-8297-450f-abe7-393807ba0c7e@group-B673650064C9-FollowerState was interrupted: java.lang.InterruptedException: sleep interrupted
2019-10-15 17:18:12,670 [grpc-default-executor-0] INFO  impl.RoleInfo (RoleInfo.java:updateAndGet(143)) - ebd8d1f9-8297-450f-abe7-393807ba0c7e: start FollowerState
2019-10-15 17:18:12,670 [grpc-default-executor-3] INFO  impl.RoleInfo (RoleInfo.java:shutdownFollowerState(121)) - dbc121b5-e1e8-4c61-9d50-542b699a3d90: shutdown FollowerState
2019-10-15 17:18:12,670 [grpc-default-executor-3] INFO  impl.RoleInfo (RoleInfo.java:updateAndGet(143)) - dbc121b5-e1e8-4c61-9d50-542b699a3d90: start FollowerState
2019-10-15 17:18:12,670 [Thread-1849] INFO  impl.FollowerState (FollowerState.java:run(117)) - dbc121b5-e1e8-4c61-9d50-542b699a3d90@group-B673650064C9-FollowerState was interrupted: java.lang.InterruptedException: sleep interrupted
2019-10-15 17:18:12,686 [79abbc2e-0a90-4a41-a17c-6388bb873359@group-B673650064C9-LeaderElection234] INFO  impl.LeaderElection (LeaderElection.java:logAndReturn(56)) - 79abbc2e-0a90-4a41-a17c-6388bb873359@group-B673650064C9-LeaderElection234: Election REJECTED; received 2 response(s) [79abbc2e-0a90-4a41-a17c-6388bb873359<-ebd8d1f9-8297-450f-abe7-393807ba0c7e#0:FAIL-t270, 79abbc2e-0a90-4a41-a17c-6388bb873359<-dbc121b5-e1e8-4c61-9d50-542b699a3d90#0:FAIL-t270] and 0 exception(s); 79abbc2e-0a90-4a41-a17c-6388bb873359@group-B673650064C9:t270, leader=null, voted=79abbc2e-0a90-4a41-a17c-6388bb873359, raftlog=79abbc2e-0a90-4a41-a17c-6388bb873359@group-B673650064C9-SegmentedRaftLog:OPENED:c-1,f-1,i0, conf=-1: [ebd8d1f9-8297-450f-abe7-393807ba0c7e:192.168.164.239:36510, dbc121b5-e1e8-4c61-9d50-542b699a3d90:192.168.164.239:43140, 79abbc2e-0a90-4a41-a17c-6388bb873359:192.168.164.239:37857], old=null
2019-10-15 17:18:12,686 [79abbc2e-0a90-4a41-a17c-6388bb873359@group-B673650064C9-LeaderElection234] INFO  impl.RaftServerImpl (RaftServerImpl.java:setRole(184)) - 79abbc2e-0a90-4a41-a17c-6388bb873359@group-B673650064C9: changes role from CANDIDATE to FOLLOWER at term 270 for DISCOVERED_A_NEW_TERM
2019-10-15 17:18:12,686 [79abbc2e-0a90-4a41-a17c-6388bb873359@group-B673650064C9-LeaderElection234] INFO  impl.RoleInfo (RoleInfo.java:shutdownLeaderElection(134)) - 79abbc2e-0a90-4a41-a17c-6388bb873359: shutdown LeaderElection
2019-10-15 17:18:12,686 [79abbc2e-0a90-4a41-a17c-6388bb873359@group-B673650064C9-LeaderElection234] INFO  impl.RoleInfo (RoleInfo.java:updateAndGet(143)) - 79abbc2e-0a90-4a41-a17c-6388bb873359: start FollowerState
2019-10-15 17:18:12,743 [Thread-1856] INFO  impl.FollowerState (FollowerState.java:run(108)) - 79abbc2e-0a90-4a41-a17c-6388bb873359@group-B673650064C9-FollowerState: change to CANDIDATE, lastRpcTime:56ms, electionTimeout:56ms
2019-10-15 17:18:12,743 [Thread-1856] INFO  impl.RoleInfo (RoleInfo.java:shutdownFollowerState(121)) - 79abbc2e-0a90-4a41-a17c-6388bb873359: shutdown FollowerState
2019-10-15 17:18:12,743 [Thread-1856] INFO  impl.RaftServerImpl (RaftServerImpl.java:setRole(184)) - 79abbc2e-0a90-4a41-a17c-6388bb873359@group-B673650064C9: changes role from  FOLLOWER to CANDIDATE at term 270 for changeToCandidate
2019-10-15 17:18:12,743 [Thread-1856] INFO  impl.RoleInfo (RoleInfo.java:updateAndGet(143)) - 79abbc2e-0a90-4a41-a17c-6388bb873359: start LeaderElection
2019-10-15 17:18:12,778 [79abbc2e-0a90-4a41-a17c-6388bb873359@group-B673650064C9-LeaderElection235] INFO  impl.LeaderElection (LeaderElection.java:askForVotes(178)) - 79abbc2e-0a90-4a41-a17c-6388bb873359@group-B673650064C9-LeaderElection235: begin an election at term 271 for -1: [ebd8d1f9-8297-450f-abe7-393807ba0c7e:192.168.164.239:36510, dbc121b5-e1e8-4c61-9d50-542b699a3d90:192.168.164.239:43140, 79abbc2e-0a90-4a41-a17c-6388bb873359:192.168.164.239:37857], old=null
2019-10-15 17:18:12,780 [grpc-default-executor-3] INFO  impl.RaftServerImpl (RaftServerImpl.java:setRole(184)) - ebd8d1f9-8297-450f-abe7-393807ba0c7e@group-B673650064C9: changes role from  FOLLOWER to FOLLOWER at term 271 for recognizeCandidate:79abbc2e-0a90-4a41-a17c-6388bb873359
2019-10-15 17:18:12,780 [grpc-default-executor-3] INFO  impl.RoleInfo (RoleInfo.java:shutdownFollowerState(121)) - ebd8d1f9-8297-450f-abe7-393807ba0c7e: shutdown FollowerState
2019-10-15 17:18:12,780 [grpc-default-executor-0] INFO  impl.RaftServerImpl (RaftServerImpl.java:setRole(184)) - dbc121b5-e1e8-4c61-9d50-542b699a3d90@group-B673650064C9: changes role from  FOLLOWER to FOLLOWER at term 271 for recognizeCandidate:79abbc2e-0a90-4a41-a17c-6388bb873359
2019-10-15 17:18:12,781 [grpc-default-executor-3] INFO  impl.RoleInfo (RoleInfo.java:updateAndGet(143)) - ebd8d1f9-8297-450f-abe7-393807ba0c7e: start FollowerState
2019-10-15 17:18:12,781 [grpc-default-executor-0] INFO  impl.RoleInfo (RoleInfo.java:shutdownFollowerState(121)) - dbc121b5-e1e8-4c61-9d50-542b699a3d90: shutdown FollowerState
2019-10-15 17:18:12,781 [grpc-default-executor-0] INFO  impl.RoleInfo (RoleInfo.java:updateAndGet(143)) - dbc121b5-e1e8-4c61-9d50-542b699a3d90: start FollowerState
2019-10-15 17:18:12,781 [Thread-1854] INFO  impl.FollowerState (FollowerState.java:run(117)) - ebd8d1f9-8297-450f-abe7-393807ba0c7e@group-B673650064C9-FollowerState was interrupted: java.lang.InterruptedException: sleep interrupted
2019-10-15 17:18:12,781 [Thread-1855] INFO  impl.FollowerState (FollowerState.java:run(117)) - dbc121b5-e1e8-4c61-9d50-542b699a3d90@group-B673650064C9-FollowerState was interrupted: java.lang.InterruptedException: sleep interrupted
2019-10-15 17:18:12,796 [79abbc2e-0a90-4a41-a17c-6388bb873359@group-B673650064C9-LeaderElection235] INFO  impl.LeaderElection (LeaderElection.java:logAndReturn(56)) - 79abbc2e-0a90-4a41-a17c-6388bb873359@group-B673650064C9-LeaderElection235: Election REJECTED; received 2 response(s) [79abbc2e-0a90-4a41-a17c-6388bb873359<-ebd8d1f9-8297-450f-abe7-393807ba0c7e#0:FAIL-t271, 79abbc2e-0a90-4a41-a17c-6388bb873359<-dbc121b5-e1e8-4c61-9d50-542b699a3d90#0:FAIL-t271] and 0 exception(s); 79abbc2e-0a90-4a41-a17c-6388bb873359@group-B673650064C9:t271, leader=null, voted=79abbc2e-0a90-4a41-a17c-6388bb873359, raftlog=79abbc2e-0a90-4a41-a17c-6388bb873359@group-B673650064C9-SegmentedRaftLog:OPENED:c-1,f-1,i0, conf=-1: [ebd8d1f9-8297-450f-abe7-393807ba0c7e:192.168.164.239:36510, dbc121b5-e1e8-4c61-9d50-542b699a3d90:192.168.164.239:43140, 79abbc2e-0a90-4a41-a17c-6388bb873359:192.168.164.239:37857], old=null
2019-10-15 17:18:12,796 [79abbc2e-0a90-4a41-a17c-6388bb873359@group-B673650064C9-LeaderElection235] INFO  impl.RaftServerImpl (RaftServerImpl.java:setRole(184)) - 79abbc2e-0a90-4a41-a17c-6388bb873359@group-B673650064C9: changes role from CANDIDATE to FOLLOWER at term 271 for DISCOVERED_A_NEW_TERM
2019-10-15 17:18:12,796 [79abbc2e-0a90-4a41-a17c-6388bb873359@group-B673650064C9-LeaderElection235] INFO  impl.RoleInfo (RoleInfo.java:shutdownLeaderElection(134)) - 79abbc2e-0a90-4a41-a17c-6388bb873359: shutdown LeaderElection
2019-10-15 17:18:12,796 [79abbc2e-0a90-4a41-a17c-6388bb873359@group-B673650064C9-LeaderElection235] INFO  impl.RoleInfo (RoleInfo.java:updateAndGet(143)) - 79abbc2e-0a90-4a41-a17c-6388bb873359: start FollowerState
2019-10-15 17:18:12,980 [Thread-1862] INFO  impl.FollowerState (FollowerState.java:run(108)) - 79abbc2e-0a90-4a41-a17c-6388bb873359@group-B673650064C9-FollowerState: change to CANDIDATE, lastRpcTime:183ms, electionTimeout:183ms
2019-10-15 17:18:12,980 [Thread-1862] INFO  impl.RoleInfo (RoleInfo.java:shutdownFollowerState(121)) - 79abbc2e-0a90-4a41-a17c-6388bb873359: shutdown FollowerState
2019-10-15 17:18:12,980 [Thread-1862] INFO  impl.RaftServerImpl (RaftServerImpl.java:setRole(184)) - 79abbc2e-0a90-4a41-a17c-6388bb873359@group-B673650064C9: changes role from  FOLLOWER to CANDIDATE at term 271 for changeToCandidate
2019-10-15 17:18:12,981 [Thread-1862] INFO  impl.RoleInfo (RoleInfo.java:updateAndGet(143)) - 79abbc2e-0a90-4a41-a17c-6388bb873359: start LeaderElection
2019-10-15 17:18:13,004 [79abbc2e-0a90-4a41-a17c-6388bb873359@group-B673650064C9-LeaderElection236] INFO  impl.LeaderElection (LeaderElection.java:askForVotes(178)) - 79abbc2e-0a90-4a41-a17c-6388bb873359@group-B673650064C9-LeaderElection236: begin an election at term 272 for -1: [ebd8d1f9-8297-450f-abe7-393807ba0c7e:192.168.164.239:36510, dbc121b5-e1e8-4c61-9d50-542b699a3d90:192.168.164.239:43140, 79abbc2e-0a90-4a41-a17c-6388bb873359:192.168.164.239:37857], old=null
2019-10-15 17:18:13,006 [grpc-default-executor-0] INFO  impl.RaftServerImpl (RaftServerImpl.java:setRole(184)) - ebd8d1f9-8297-450f-abe7-393807ba0c7e@group-B673650064C9: changes role from  FOLLOWER to FOLLOWER at term 272 for recognizeCandidate:79abbc2e-0a90-4a41-a17c-6388bb873359
2019-10-15 17:18:13,006 [grpc-default-executor-3] INFO  impl.RaftServerImpl (RaftServerImpl.java:setRole(184)) - dbc121b5-e1e8-4c61-9d50-542b699a3d90@group-B673650064C9: changes role from  FOLLOWER to FOLLOWER at term 272 for recognizeCandidate:79abbc2e-0a90-4a41-a17c-6388bb873359
2019-10-15 17:18:13,007 [grpc-default-executor-0] INFO  impl.RoleInfo (RoleInfo.java:shutdownFollowerState(121)) - ebd8d1f9-8297-450f-abe7-393807ba0c7e: shutdown FollowerState
2019-10-15 17:18:13,007 [grpc-default-executor-3] INFO  impl.RoleInfo (RoleInfo.java:shutdownFollowerState(121)) - dbc121b5-e1e8-4c61-9d50-542b699a3d90: shutdown FollowerState
2019-10-15 17:18:13,007 [Thread-1860] INFO  impl.FollowerState (FollowerState.java:run(117)) - ebd8d1f9-8297-450f-abe7-393807ba0c7e@group-B673650064C9-FollowerState was interrupted: java.lang.InterruptedException: sleep interrupted
2019-10-15 17:18:13,007 [grpc-default-executor-0] INFO  impl.RoleInfo (RoleInfo.java:updateAndGet(143)) - ebd8d1f9-8297-450f-abe7-393807ba0c7e: start FollowerState
2019-10-15 17:18:13,007 [Thread-1861] INFO  impl.FollowerState (FollowerState.java:run(117)) - dbc121b5-e1e8-4c61-9d50-542b699a3d90@group-B673650064C9-FollowerState was interrupted: java.lang.InterruptedException: sleep interrupted
2019-10-15 17:18:13,007 [grpc-default-executor-3] INFO  impl.RoleInfo (RoleInfo.java:updateAndGet(143)) - dbc121b5-e1e8-4c61-9d50-542b699a3d90: start FollowerState
2019-10-15 17:18:13,014 [79abbc2e-0a90-4a41-a17c-6388bb873359@group-B673650064C9-LeaderElection236] INFO  impl.LeaderElection (LeaderElection.java:logAndReturn(56)) - 79abbc2e-0a90-4a41-a17c-6388bb873359@group-B673650064C9-LeaderElection236: Election TIMEOUT; received 0 response(s) [] and 0 exception(s); 79abbc2e-0a90-4a41-a17c-6388bb873359@group-B673650064C9:t272, leader=null, voted=79abbc2e-0a90-4a41-a17c-6388bb873359, raftlog=79abbc2e-0a90-4a41-a17c-6388bb873359@group-B673650064C9-SegmentedRaftLog:OPENED:c-1,f-1,i0, conf=-1: [ebd8d1f9-8297-450f-abe7-393807ba0c7e:192.168.164.239:36510, dbc121b5-e1e8-4c61-9d50-542b699a3d90:192.168.164.239:43140, 79abbc2e-0a90-4a41-a17c-6388bb873359:192.168.164.239:37857], old=null
2019-10-15 17:18:13,039 [79abbc2e-0a90-4a41-a17c-6388bb873359@group-B673650064C9-LeaderElection236] INFO  impl.LeaderElection (LeaderElection.java:askForVotes(178)) - 79abbc2e-0a90-4a41-a17c-6388bb873359@group-B673650064C9-LeaderElection236: begin an election at term 273 for -1: [ebd8d1f9-8297-450f-abe7-393807ba0c7e:192.168.164.239:36510, dbc121b5-e1e8-4c61-9d50-542b699a3d90:192.168.164.239:43140, 79abbc2e-0a90-4a41-a17c-6388bb873359:192.168.164.239:37857], old=null
2019-10-15 17:18:13,040 [grpc-default-executor-3] INFO  impl.RaftServerImpl (RaftServerImpl.java:setRole(184)) - ebd8d1f9-8297-450f-abe7-393807ba0c7e@group-B673650064C9: changes role from  FOLLOWER to FOLLOWER at term 273 for recognizeCandidate:79abbc2e-0a90-4a41-a17c-6388bb873359
2019-10-15 17:18:13,041 [grpc-default-executor-3] INFO  impl.RoleInfo (RoleInfo.java:shutdownFollowerState(121)) - ebd8d1f9-8297-450f-abe7-393807ba0c7e: shutdown FollowerState
2019-10-15 17:18:13,041 [grpc-default-executor-3] INFO  impl.RoleInfo (RoleInfo.java:updateAndGet(143)) - ebd8d1f9-8297-450f-abe7-393807ba0c7e: start FollowerState
2019-10-15 17:18:13,041 [grpc-default-executor-0] INFO  impl.RaftServerImpl (RaftServerImpl.java:setRole(184)) - dbc121b5-e1e8-4c61-9d50-542b699a3d90@group-B673650064C9: changes role from  FOLLOWER to FOLLOWER at term 273 for recognizeCandidate:79abbc2e-0a90-4a41-a17c-6388bb873359
2019-10-15 17:18:13,041 [Thread-1866] INFO  impl.FollowerState (FollowerState.java:run(117)) - ebd8d1f9-8297-450f-abe7-393807ba0c7e@group-B673650064C9-FollowerState was interrupted: java.lang.InterruptedException: sleep interrupted
2019-10-15 17:18:13,041 [grpc-default-executor-0] INFO  impl.RoleInfo (RoleInfo.java:shutdownFollowerState(121)) - dbc121b5-e1e8-4c61-9d50-542b699a3d90: shutdown FollowerState
2019-10-15 17:18:13,041 [grpc-default-executor-0] INFO  impl.RoleInfo (RoleInfo.java:updateAndGet(143)) - dbc121b5-e1e8-4c61-9d50-542b699a3d90: start FollowerState
2019-10-15 17:18:13,041 [Thread-1867] INFO  impl.FollowerState (FollowerState.java:run(117)) - dbc121b5-e1e8-4c61-9d50-542b699a3d90@group-B673650064C9-FollowerState was interrupted: java.lang.InterruptedException: sleep interrupted
2019-10-15 17:18:13,058 [79abbc2e-0a90-4a41-a17c-6388bb873359@group-B673650064C9-LeaderElection236] INFO  impl.LeaderElection (LeaderElection.java:logAndReturn(56)) - 79abbc2e-0a90-4a41-a17c-6388bb873359@group-B673650064C9-LeaderElection236: Election REJECTED; received 2 response(s) [79abbc2e-0a90-4a41-a17c-6388bb873359<-ebd8d1f9-8297-450f-abe7-393807ba0c7e#0:FAIL-t273, 79abbc2e-0a90-4a41-a17c-6388bb873359<-dbc121b5-e1e8-4c61-9d50-542b699a3d90#0:FAIL-t273] and 0 exception(s); 79abbc2e-0a90-4a41-a17c-6388bb873359@group-B673650064C9:t273, leader=null, voted=79abbc2e-0a90-4a41-a17c-6388bb873359, raftlog=79abbc2e-0a90-4a41-a17c-6388bb873359@group-B673650064C9-SegmentedRaftLog:OPENED:c-1,f-1,i0, conf=-1: [ebd8d1f9-8297-450f-abe7-393807ba0c7e:192.168.164.239:36510, dbc121b5-e1e8-4c61-9d50-542b699a3d90:192.168.164.239:43140, 79abbc2e-0a90-4a41-a17c-6388bb873359:192.168.164.239:37857], old=null
2019-10-15 17:18:13,059 [79abbc2e-0a90-4a41-a17c-6388bb873359@group-B673650064C9-LeaderElection236] INFO  impl.RaftServerImpl (RaftServerImpl.java:setRole(184)) - 79abbc2e-0a90-4a41-a17c-6388bb873359@group-B673650064C9: changes role from CANDIDATE to FOLLOWER at term 273 for DISCOVERED_A_NEW_TERM
2019-10-15 17:18:13,059 [79abbc2e-0a90-4a41-a17c-6388bb873359@group-B673650064C9-LeaderElection236] INFO  impl.RoleInfo (RoleInfo.java:shutdownLeaderElection(134)) - 79abbc2e-0a90-4a41-a17c-6388bb873359: shutdown LeaderElection
2019-10-15 17:18:13,059 [79abbc2e-0a90-4a41-a17c-6388bb873359@group-B673650064C9-LeaderElection236] INFO  impl.RoleInfo (RoleInfo.java:updateAndGet(143)) - 79abbc2e-0a90-4a41-a17c-6388bb873359: start FollowerState
2019-10-15 17:18:13,225 [Thread-1874] INFO  impl.FollowerState (FollowerState.java:run(108)) - 79abbc2e-0a90-4a41-a17c-6388bb873359@group-B673650064C9-FollowerState: change to CANDIDATE, lastRpcTime:166ms, electionTimeout:166ms
2019-10-15 17:18:13,225 [Thread-1874] INFO  impl.RoleInfo (RoleInfo.java:shutdownFollowerState(121)) - 79abbc2e-0a90-4a41-a17c-6388bb873359: shutdown FollowerState
2019-10-15 17:18:13,226 [Thread-1874] INFO  impl.RaftServerImpl (RaftServerImpl.java:setRole(184)) - 79abbc2e-0a90-4a41-a17c-6388bb873359@group-B673650064C9: changes role from  FOLLOWER to CANDIDATE at term 273 for changeToCandidate
2019-10-15 17:18:13,226 [Thread-1874] INFO  impl.RoleInfo (RoleInfo.java:updateAndGet(143)) - 79abbc2e-0a90-4a41-a17c-6388bb873359: start LeaderElection
2019-10-15 17:18:13,243 [79abbc2e-0a90-4a41-a17c-6388bb873359@group-B673650064C9-LeaderElection237] INFO  impl.LeaderElection (LeaderElection.java:askForVotes(178)) - 79abbc2e-0a90-4a41-a17c-6388bb873359@group-B673650064C9-LeaderElection237: begin an election at term 274 for -1: [ebd8d1f9-8297-450f-abe7-393807ba0c7e:192.168.164.239:36510, dbc121b5-e1e8-4c61-9d50-542b699a3d90:192.168.164.239:43140, 79abbc2e-0a90-4a41-a17c-6388bb873359:192.168.164.239:37857], old=null
2019-10-15 17:18:13,245 [grpc-default-executor-3] INFO  impl.RaftServerImpl (RaftServerImpl.java:setRole(184)) - dbc121b5-e1e8-4c61-9d50-542b699a3d90@group-B673650064C9: changes role from  FOLLOWER to FOLLOWER at term 274 for recognizeCandidate:79abbc2e-0a90-4a41-a17c-6388bb873359
2019-10-15 17:18:13,245 [grpc-default-executor-3] INFO  impl.RoleInfo (RoleInfo.java:shutdownFollowerState(121)) - dbc121b5-e1e8-4c61-9d50-542b699a3d90: shutdown FollowerState
2019-10-15 17:18:13,245 [grpc-default-executor-0] INFO  impl.RaftServerImpl (RaftServerImpl.java:setRole(184)) - ebd8d1f9-8297-450f-abe7-393807ba0c7e@group-B673650064C9: changes role from  FOLLOWER to FOLLOWER at term 274 for recognizeCandidate:79abbc2e-0a90-4a41-a17c-6388bb873359
2019-10-15 17:18:13,245 [Thread-1871] INFO  impl.FollowerState (FollowerState.java:run(117)) - dbc121b5-e1e8-4c61-9d50-542b699a3d90@group-B673650064C9-FollowerState was interrupted: java.lang.InterruptedException: sleep interrupted
2019-10-15 17:18:13,245 [grpc-default-executor-3] INFO  impl.RoleInfo (RoleInfo.java:updateAndGet(143)) - dbc121b5-e1e8-4c61-9d50-542b699a3d90: start FollowerState
2019-10-15 17:18:13,245 [grpc-default-executor-0] INFO  impl.RoleInfo (RoleInfo.java:shutdownFollowerState(121)) - ebd8d1f9-8297-450f-abe7-393807ba0c7e: shutdown FollowerState
2019-10-15 17:18:13,246 [grpc-default-executor-0] INFO  impl.RoleInfo (RoleInfo.java:updateAndGet(143)) - ebd8d1f9-8297-450f-abe7-393807ba0c7e: start FollowerState
2019-10-15 17:18:13,246 [Thread-1870] INFO  impl.FollowerState (FollowerState.java:run(117)) - ebd8d1f9-8297-450f-abe7-393807ba0c7e@group-B673650064C9-FollowerState was interrupted: java.lang.InterruptedException: sleep interrupted
2019-10-15 17:18:13,261 [79abbc2e-0a90-4a41-a17c-6388bb873359@group-B673650064C9-LeaderElection237] INFO  impl.LeaderElection (LeaderElection.java:logAndReturn(56)) - 79abbc2e-0a90-4a41-a17c-6388bb873359@group-B673650064C9-LeaderElection237: Election REJECTED; received 2 response(s) [79abbc2e-0a90-4a41-a17c-6388bb873359<-ebd8d1f9-8297-450f-abe7-393807ba0c7e#0:FAIL-t274, 79abbc2e-0a90-4a41-a17c-6388bb873359<-dbc121b5-e1e8-4c61-9d50-542b699a3d90#0:FAIL-t274] and 0 exception(s); 79abbc2e-0a90-4a41-a17c-6388bb873359@group-B673650064C9:t274, leader=null, voted=79abbc2e-0a90-4a41-a17c-6388bb873359, raftlog=79abbc2e-0a90-4a41-a17c-6388bb873359@group-B673650064C9-SegmentedRaftLog:OPENED:c-1,f-1,i0, conf=-1: [ebd8d1f9-8297-450f-abe7-393807ba0c7e:192.168.164.239:36510, dbc121b5-e1e8-4c61-9d50-542b699a3d90:192.168.164.239:43140, 79abbc2e-0a90-4a41-a17c-6388bb873359:192.168.164.239:37857], old=null
2019-10-15 17:18:13,261 [79abbc2e-0a90-4a41-a17c-6388bb873359@group-B673650064C9-LeaderElection237] INFO  impl.RaftServerImpl (RaftServerImpl.java:setRole(184)) - 79abbc2e-0a90-4a41-a17c-6388bb873359@group-B673650064C9: changes role from CANDIDATE to FOLLOWER at term 274 for DISCOVERED_A_NEW_TERM
2019-10-15 17:18:13,261 [79abbc2e-0a90-4a41-a17c-6388bb873359@group-B673650064C9-LeaderElection237] INFO  impl.RoleInfo (RoleInfo.java:shutdownLeaderElection(134)) - 79abbc2e-0a90-4a41-a17c-6388bb873359: shutdown LeaderElection
2019-10-15 17:18:13,261 [79abbc2e-0a90-4a41-a17c-6388bb873359@group-B673650064C9-LeaderElection237] INFO  impl.RoleInfo (RoleInfo.java:updateAndGet(143)) - 79abbc2e-0a90-4a41-a17c-6388bb873359: start FollowerState
2019-10-15 17:18:13,409 [Thread-1880] INFO  impl.FollowerState (FollowerState.java:run(108)) - 79abbc2e-0a90-4a41-a17c-6388bb873359@group-B673650064C9-FollowerState: change to CANDIDATE, lastRpcTime:147ms, electionTimeout:147ms
2019-10-15 17:18:13,409 [Thread-1880] INFO  impl.RoleInfo (RoleInfo.java:shutdownFollowerState(121)) - 79abbc2e-0a90-4a41-a17c-6388bb873359: shutdown FollowerState
2019-10-15 17:18:13,409 [Thread-1880] INFO  impl.RaftServerImpl (RaftServerImpl.java:setRole(184)) - 79abbc2e-0a90-4a41-a17c-6388bb873359@group-B673650064C9: changes role from  FOLLOWER to CANDIDATE at term 274 for changeToCandidate
2019-10-15 17:18:13,409 [Thread-1880] INFO  impl.RoleInfo (RoleInfo.java:updateAndGet(143)) - 79abbc2e-0a90-4a41-a17c-6388bb873359: start LeaderElection
2019-10-15 17:18:13,429 [79abbc2e-0a90-4a41-a17c-6388bb873359@group-B673650064C9-LeaderElection238] INFO  impl.LeaderElection (LeaderElection.java:askForVotes(178)) - 79abbc2e-0a90-4a41-a17c-6388bb873359@group-B673650064C9-LeaderElection238: begin an election at term 275 for -1: [ebd8d1f9-8297-450f-abe7-393807ba0c7e:192.168.164.239:36510, dbc121b5-e1e8-4c61-9d50-542b699a3d90:192.168.164.239:43140, 79abbc2e-0a90-4a41-a17c-6388bb873359:192.168.164.239:37857], old=null
2019-10-15 17:18:13,431 [grpc-default-executor-3] INFO  impl.RaftServerImpl (RaftServerImpl.java:setRole(184)) - dbc121b5-e1e8-4c61-9d50-542b699a3d90@group-B673650064C9: changes role from  FOLLOWER to FOLLOWER at term 275 for recognizeCandidate:79abbc2e-0a90-4a41-a17c-6388bb873359
2019-10-15 17:18:13,431 [grpc-default-executor-0] INFO  impl.RaftServerImpl (RaftServerImpl.java:setRole(184)) - ebd8d1f9-8297-450f-abe7-393807ba0c7e@group-B673650064C9: changes role from  FOLLOWER to FOLLOWER at term 275 for recognizeCandidate:79abbc2e-0a90-4a41-a17c-6388bb873359
2019-10-15 17:18:13,431 [grpc-default-executor-3] INFO  impl.RoleInfo (RoleInfo.java:shutdownFollowerState(121)) - dbc121b5-e1e8-4c61-9d50-542b699a3d90: shutdown FollowerState
2019-10-15 17:18:13,431 [grpc-default-executor-0] INFO  impl.RoleInfo (RoleInfo.java:shutdownFollowerState(121)) - ebd8d1f9-8297-450f-abe7-393807ba0c7e: shutdown FollowerState
2019-10-15 17:18:13,431 [grpc-default-executor-3] INFO  impl.RoleInfo (RoleInfo.java:updateAndGet(143)) - dbc121b5-e1e8-4c61-9d50-542b699a3d90: start FollowerState
2019-10-15 17:18:13,432 [grpc-default-executor-0] INFO  impl.RoleInfo (RoleInfo.java:updateAndGet(143)) - ebd8d1f9-8297-450f-abe7-393807ba0c7e: start FollowerState
2019-10-15 17:18:13,432 [Thread-1879] INFO  impl.FollowerState (FollowerState.java:run(117)) - ebd8d1f9-8297-450f-abe7-393807ba0c7e@group-B673650064C9-FollowerState was interrupted: java.lang.InterruptedException: sleep interrupted
2019-10-15 17:18:13,432 [Thread-1878] INFO  impl.FollowerState (FollowerState.java:run(117)) - dbc121b5-e1e8-4c61-9d50-542b699a3d90@group-B673650064C9-FollowerState was interrupted: java.lang.InterruptedException: sleep interrupted
2019-10-15 17:18:13,447 [79abbc2e-0a90-4a41-a17c-6388bb873359@group-B673650064C9-LeaderElection238] INFO  impl.LeaderElection (LeaderElection.java:logAndReturn(56)) - 79abbc2e-0a90-4a41-a17c-6388bb873359@group-B673650064C9-LeaderElection238: Election REJECTED; received 2 response(s) [79abbc2e-0a90-4a41-a17c-6388bb873359<-ebd8d1f9-8297-450f-abe7-393807ba0c7e#0:FAIL-t275, 79abbc2e-0a90-4a41-a17c-6388bb873359<-dbc121b5-e1e8-4c61-9d50-542b699a3d90#0:FAIL-t275] and 0 exception(s); 79abbc2e-0a90-4a41-a17c-6388bb873359@group-B673650064C9:t275, leader=null, voted=79abbc2e-0a90-4a41-a17c-6388bb873359, raftlog=79abbc2e-0a90-4a41-a17c-6388bb873359@group-B673650064C9-SegmentedRaftLog:OPENED:c-1,f-1,i0, conf=-1: [ebd8d1f9-8297-450f-abe7-393807ba0c7e:192.168.164.239:36510, dbc121b5-e1e8-4c61-9d50-542b699a3d90:192.168.164.239:43140, 79abbc2e-0a90-4a41-a17c-6388bb873359:192.168.164.239:37857], old=null
2019-10-15 17:18:13,447 [79abbc2e-0a90-4a41-a17c-6388bb873359@group-B673650064C9-LeaderElection238] INFO  impl.RaftServerImpl (RaftServerImpl.java:setRole(184)) - 79abbc2e-0a90-4a41-a17c-6388bb873359@group-B673650064C9: changes role from CANDIDATE to FOLLOWER at term 275 for DISCOVERED_A_NEW_TERM
2019-10-15 17:18:13,447 [79abbc2e-0a90-4a41-a17c-6388bb873359@group-B673650064C9-LeaderElection238] INFO  impl.RoleInfo (RoleInfo.java:shutdownLeaderElection(134)) - 79abbc2e-0a90-4a41-a17c-6388bb873359: shutdown LeaderElection
2019-10-15 17:18:13,447 [79abbc2e-0a90-4a41-a17c-6388bb873359@group-B673650064C9-LeaderElection238] INFO  impl.RoleInfo (RoleInfo.java:updateAndGet(143)) - 79abbc2e-0a90-4a41-a17c-6388bb873359: start FollowerState
2019-10-15 17:18:13,640 [Thread-1886] INFO  impl.FollowerState (FollowerState.java:run(108)) - 79abbc2e-0a90-4a41-a17c-6388bb873359@group-B673650064C9-FollowerState: change to CANDIDATE, lastRpcTime:192ms, electionTimeout:192ms
2019-10-15 17:18:13,640 [Thread-1886] INFO  impl.RoleInfo (RoleInfo.java:shutdownFollowerState(121)) - 79abbc2e-0a90-4a41-a17c-6388bb873359: shutdown FollowerState
2019-10-15 17:18:13,640 [Thread-1886] INFO  impl.RaftServerImpl (RaftServerImpl.java:setRole(184)) - 79abbc2e-0a90-4a41-a17c-6388bb873359@group-B673650064C9: changes role from  FOLLOWER to CANDIDATE at term 275 for changeToCandidate
2019-10-15 17:18:13,640 [Thread-1886] INFO  impl.RoleInfo (RoleInfo.java:updateAndGet(143)) - 79abbc2e-0a90-4a41-a17c-6388bb873359: start LeaderElection
2019-10-15 17:18:13,657 [79abbc2e-0a90-4a41-a17c-6388bb873359@group-B673650064C9-LeaderElection239] INFO  impl.LeaderElection (LeaderElection.java:askForVotes(178)) - 79abbc2e-0a90-4a41-a17c-6388bb873359@group-B673650064C9-LeaderElection239: begin an election at term 276 for -1: [ebd8d1f9-8297-450f-abe7-393807ba0c7e:192.168.164.239:36510, dbc121b5-e1e8-4c61-9d50-542b699a3d90:192.168.164.239:43140, 79abbc2e-0a90-4a41-a17c-6388bb873359:192.168.164.239:37857], old=null
2019-10-15 17:18:13,659 [grpc-default-executor-3] INFO  impl.RaftServerImpl (RaftServerImpl.java:setRole(184)) - ebd8d1f9-8297-450f-abe7-393807ba0c7e@group-B673650064C9: changes role from  FOLLOWER to FOLLOWER at term 276 for recognizeCandidate:79abbc2e-0a90-4a41-a17c-6388bb873359
2019-10-15 17:18:13,659 [grpc-default-executor-3] INFO  impl.RoleInfo (RoleInfo.java:shutdownFollowerState(121)) - ebd8d1f9-8297-450f-abe7-393807ba0c7e: shutdown FollowerState
2019-10-15 17:18:13,659 [grpc-default-executor-0] INFO  impl.RaftServerImpl (RaftServerImpl.java:setRole(184)) - dbc121b5-e1e8-4c61-9d50-542b699a3d90@group-B673650064C9: changes role from  FOLLOWER to FOLLOWER at term 276 for recognizeCandidate:79abbc2e-0a90-4a41-a17c-6388bb873359
2019-10-15 17:18:13,659 [grpc-default-executor-0] INFO  impl.RoleInfo (RoleInfo.java:shutdownFollowerState(121)) - dbc121b5-e1e8-4c61-9d50-542b699a3d90: shutdown FollowerState
2019-10-15 17:18:13,659 [Thread-1885] INFO  impl.FollowerState (FollowerState.java:run(117)) - ebd8d1f9-8297-450f-abe7-393807ba0c7e@group-B673650064C9-FollowerState was interrupted: java.lang.InterruptedException: sleep interrupted
2019-10-15 17:18:13,659 [grpc-default-executor-3] INFO  impl.RoleInfo (RoleInfo.java:updateAndGet(143)) - ebd8d1f9-8297-450f-abe7-393807ba0c7e: start FollowerState
2019-10-15 17:18:13,659 [Thread-1884] INFO  impl.FollowerState (FollowerState.java:run(117)) - dbc121b5-e1e8-4c61-9d50-542b699a3d90@group-B673650064C9-FollowerState was interrupted: java.lang.InterruptedException: sleep interrupted
2019-10-15 17:18:13,659 [grpc-default-executor-0] INFO  impl.RoleInfo (RoleInfo.java:updateAndGet(143)) - dbc121b5-e1e8-4c61-9d50-542b699a3d90: start FollowerState
2019-10-15 17:18:13,685 [79abbc2e-0a90-4a41-a17c-6388bb873359@group-B673650064C9-LeaderElection239] INFO  impl.LeaderElection (LeaderElection.java:logAndReturn(56)) - 79abbc2e-0a90-4a41-a17c-6388bb873359@group-B673650064C9-LeaderElection239: Election REJECTED; received 2 response(s) [79abbc2e-0a90-4a41-a17c-6388bb873359<-ebd8d1f9-8297-450f-abe7-393807ba0c7e#0:FAIL-t276, 79abbc2e-0a90-4a41-a17c-6388bb873359<-dbc121b5-e1e8-4c61-9d50-542b699a3d90#0:FAIL-t276] and 0 exception(s); 79abbc2e-0a90-4a41-a17c-6388bb873359@group-B673650064C9:t276, leader=null, voted=79abbc2e-0a90-4a41-a17c-6388bb873359, raftlog=79abbc2e-0a90-4a41-a17c-6388bb873359@group-B673650064C9-SegmentedRaftLog:OPENED:c-1,f-1,i0, conf=-1: [ebd8d1f9-8297-450f-abe7-393807ba0c7e:192.168.164.239:36510, dbc121b5-e1e8-4c61-9d50-542b699a3d90:192.168.164.239:43140, 79abbc2e-0a90-4a41-a17c-6388bb873359:192.168.164.239:37857], old=null
2019-10-15 17:18:13,685 [79abbc2e-0a90-4a41-a17c-6388bb873359@group-B673650064C9-LeaderElection239] INFO  impl.RaftServerImpl (RaftServerImpl.java:setRole(184)) - 79abbc2e-0a90-4a41-a17c-6388bb873359@group-B673650064C9: changes role from CANDIDATE to FOLLOWER at term 276 for DISCOVERED_A_NEW_TERM
2019-10-15 17:18:13,685 [79abbc2e-0a90-4a41-a17c-6388bb873359@group-B673650064C9-LeaderElection239] INFO  impl.RoleInfo (RoleInfo.java:shutdownLeaderElection(134)) - 79abbc2e-0a90-4a41-a17c-6388bb873359: shutdown LeaderElection
2019-10-15 17:18:13,685 [79abbc2e-0a90-4a41-a17c-6388bb873359@group-B673650064C9-LeaderElection239] INFO  impl.RoleInfo (RoleInfo.java:updateAndGet(143)) - 79abbc2e-0a90-4a41-a17c-6388bb873359: start FollowerState
2019-10-15 17:18:13,697 [Thread-1893] INFO  impl.FollowerState (FollowerState.java:run(108)) - 79abbc2e-0a90-4a41-a17c-6388bb873359@group-B673650064C9-FollowerState: change to CANDIDATE, lastRpcTime:12ms, electionTimeout:12ms
2019-10-15 17:18:13,698 [Thread-1893] INFO  impl.RoleInfo (RoleInfo.java:shutdownFollowerState(121)) - 79abbc2e-0a90-4a41-a17c-6388bb873359: shutdown FollowerState
2019-10-15 17:18:13,698 [Thread-1893] INFO  impl.RaftServerImpl (RaftServerImpl.java:setRole(184)) - 79abbc2e-0a90-4a41-a17c-6388bb873359@group-B673650064C9: changes role from  FOLLOWER to CANDIDATE at term 276 for changeToCandidate
2019-10-15 17:18:13,698 [Thread-1893] INFO  impl.RoleInfo (RoleInfo.java:updateAndGet(143)) - 79abbc2e-0a90-4a41-a17c-6388bb873359: start LeaderElection
2019-10-15 17:18:13,751 [79abbc2e-0a90-4a41-a17c-6388bb873359@group-B673650064C9-LeaderElection240] INFO  impl.LeaderElection (LeaderElection.java:askForVotes(178)) - 79abbc2e-0a90-4a41-a17c-6388bb873359@group-B673650064C9-LeaderElection240: begin an election at term 277 for -1: [ebd8d1f9-8297-450f-abe7-393807ba0c7e:192.168.164.239:36510, dbc121b5-e1e8-4c61-9d50-542b699a3d90:192.168.164.239:43140, 79abbc2e-0a90-4a41-a17c-6388bb873359:192.168.164.239:37857], old=null
2019-10-15 17:18:13,753 [grpc-default-executor-0] INFO  impl.RaftServerImpl (RaftServerImpl.java:setRole(184)) - ebd8d1f9-8297-450f-abe7-393807ba0c7e@group-B673650064C9: changes role from  FOLLOWER to FOLLOWER at term 277 for recognizeCandidate:79abbc2e-0a90-4a41-a17c-6388bb873359
2019-10-15 17:18:13,753 [grpc-default-executor-0] INFO  impl.RoleInfo (RoleInfo.java:shutdownFollowerState(121)) - ebd8d1f9-8297-450f-abe7-393807ba0c7e: shutdown FollowerState
2019-10-15 17:18:13,753 [grpc-default-executor-3] INFO  impl.RaftServerImpl (RaftServerImpl.java:setRole(184)) - dbc121b5-e1e8-4c61-9d50-542b699a3d90@group-B673650064C9: changes role from  FOLLOWER to FOLLOWER at term 277 for recognizeCandidate:79abbc2e-0a90-4a41-a17c-6388bb873359
2019-10-15 17:18:13,753 [Thread-1891] INFO  impl.FollowerState (FollowerState.java:run(117)) - ebd8d1f9-8297-450f-abe7-393807ba0c7e@group-B673650064C9-FollowerState was interrupted: java.lang.InterruptedException: sleep interrupted
2019-10-15 17:18:13,753 [grpc-default-executor-0] INFO  impl.RoleInfo (RoleInfo.java:updateAndGet(143)) - ebd8d1f9-8297-450f-abe7-393807ba0c7e: start FollowerState
2019-10-15 17:18:13,754 [grpc-default-executor-3] INFO  impl.RoleInfo (RoleInfo.java:shutdownFollowerState(121)) - dbc121b5-e1e8-4c61-9d50-542b699a3d90: shutdown FollowerState
2019-10-15 17:18:13,754 [grpc-default-executor-3] INFO  impl.RoleInfo (RoleInfo.java:updateAndGet(143)) - dbc121b5-e1e8-4c61-9d50-542b699a3d90: start FollowerState
2019-10-15 17:18:13,754 [Thread-1892] INFO  impl.FollowerState (FollowerState.java:run(117)) - dbc121b5-e1e8-4c61-9d50-542b699a3d90@group-B673650064C9-FollowerState was interrupted: java.lang.InterruptedException: sleep interrupted
2019-10-15 17:18:13,770 [79abbc2e-0a90-4a41-a17c-6388bb873359@group-B673650064C9-LeaderElection240] INFO  impl.LeaderElection (LeaderElection.java:logAndReturn(56)) - 79abbc2e-0a90-4a41-a17c-6388bb873359@group-B673650064C9-LeaderElection240: Election REJECTED; received 2 response(s) [79abbc2e-0a90-4a41-a17c-6388bb873359<-ebd8d1f9-8297-450f-abe7-393807ba0c7e#0:FAIL-t277, 79abbc2e-0a90-4a41-a17c-6388bb873359<-dbc121b5-e1e8-4c61-9d50-542b699a3d90#0:FAIL-t277] and 0 exception(s); 79abbc2e-0a90-4a41-a17c-6388bb873359@group-B673650064C9:t277, leader=null, voted=79abbc2e-0a90-4a41-a17c-6388bb873359, raftlog=79abbc2e-0a90-4a41-a17c-6388bb873359@group-B673650064C9-SegmentedRaftLog:OPENED:c-1,f-1,i0, conf=-1: [ebd8d1f9-8297-450f-abe7-393807ba0c7e:192.168.164.239:36510, dbc121b5-e1e8-4c61-9d50-542b699a3d90:192.168.164.239:43140, 79abbc2e-0a90-4a41-a17c-6388bb873359:192.168.164.239:37857], old=null
2019-10-15 17:18:13,770 [79abbc2e-0a90-4a41-a17c-6388bb873359@group-B673650064C9-LeaderElection240] INFO  impl.RaftServerImpl (RaftServerImpl.java:setRole(184)) - 79abbc2e-0a90-4a41-a17c-6388bb873359@group-B673650064C9: changes role from CANDIDATE to FOLLOWER at term 277 for DISCOVERED_A_NEW_TERM
2019-10-15 17:18:13,770 [79abbc2e-0a90-4a41-a17c-6388bb873359@group-B673650064C9-LeaderElection240] INFO  impl.RoleInfo (RoleInfo.java:shutdownLeaderElection(134)) - 79abbc2e-0a90-4a41-a17c-6388bb873359: shutdown LeaderElection
2019-10-15 17:18:13,770 [79abbc2e-0a90-4a41-a17c-6388bb873359@group-B673650064C9-LeaderElection240] INFO  impl.RoleInfo (RoleInfo.java:updateAndGet(143)) - 79abbc2e-0a90-4a41-a17c-6388bb873359: start FollowerState
2019-10-15 17:18:13,879 [Thread-1899] INFO  impl.FollowerState (FollowerState.java:run(108)) - 79abbc2e-0a90-4a41-a17c-6388bb873359@group-B673650064C9-FollowerState: change to CANDIDATE, lastRpcTime:109ms, electionTimeout:109ms
2019-10-15 17:18:13,880 [Thread-1899] INFO  impl.RoleInfo (RoleInfo.java:shutdownFollowerState(121)) - 79abbc2e-0a90-4a41-a17c-6388bb873359: shutdown FollowerState
2019-10-15 17:18:13,880 [Thread-1899] INFO  impl.RaftServerImpl (RaftServerImpl.java:setRole(184)) - 79abbc2e-0a90-4a41-a17c-6388bb873359@group-B673650064C9: changes role from  FOLLOWER to CANDIDATE at term 277 for changeToCandidate
2019-10-15 17:18:13,880 [Thread-1899] INFO  impl.RoleInfo (RoleInfo.java:updateAndGet(143)) - 79abbc2e-0a90-4a41-a17c-6388bb873359: start LeaderElection
2019-10-15 17:18:13,912 [79abbc2e-0a90-4a41-a17c-6388bb873359@group-B673650064C9-LeaderElection241] INFO  impl.LeaderElection (LeaderElection.java:askForVotes(178)) - 79abbc2e-0a90-4a41-a17c-6388bb873359@group-B673650064C9-LeaderElection241: begin an election at term 278 for -1: [ebd8d1f9-8297-450f-abe7-393807ba0c7e:192.168.164.239:36510, dbc121b5-e1e8-4c61-9d50-542b699a3d90:192.168.164.239:43140, 79abbc2e-0a90-4a41-a17c-6388bb873359:192.168.164.239:37857], old=null
2019-10-15 17:18:13,915 [grpc-default-executor-3] INFO  impl.RaftServerImpl (RaftServerImpl.java:setRole(184)) - dbc121b5-e1e8-4c61-9d50-542b699a3d90@group-B673650064C9: changes role from  FOLLOWER to FOLLOWER at term 278 for recognizeCandidate:79abbc2e-0a90-4a41-a17c-6388bb873359
2019-10-15 17:18:13,915 [grpc-default-executor-3] INFO  impl.RoleInfo (RoleInfo.java:shutdownFollowerState(121)) - dbc121b5-e1e8-4c61-9d50-542b699a3d90: shutdown FollowerState
2019-10-15 17:18:13,915 [grpc-default-executor-3] INFO  impl.RoleInfo (RoleInfo.java:updateAndGet(143)) - dbc121b5-e1e8-4c61-9d50-542b699a3d90: start FollowerState
2019-10-15 17:18:13,915 [Thread-1898] INFO  impl.FollowerState (FollowerState.java:run(117)) - dbc121b5-e1e8-4c61-9d50-542b699a3d90@group-B673650064C9-FollowerState was interrupted: java.lang.InterruptedException: sleep interrupted
2019-10-15 17:18:13,916 [grpc-default-executor-0] INFO  impl.RaftServerImpl (RaftServerImpl.java:setRole(184)) - ebd8d1f9-8297-450f-abe7-393807ba0c7e@group-B673650064C9: changes role from  FOLLOWER to FOLLOWER at term 278 for recognizeCandidate:79abbc2e-0a90-4a41-a17c-6388bb873359
2019-10-15 17:18:13,916 [grpc-default-executor-0] INFO  impl.RoleInfo (RoleInfo.java:shutdownFollowerState(121)) - ebd8d1f9-8297-450f-abe7-393807ba0c7e: shutdown FollowerState
2019-10-15 17:18:13,917 [grpc-default-executor-0] INFO  impl.RoleInfo (RoleInfo.java:updateAndGet(143)) - ebd8d1f9-8297-450f-abe7-393807ba0c7e: start FollowerState
2019-10-15 17:18:13,917 [Thread-1897] INFO  impl.FollowerState (FollowerState.java:run(117)) - ebd8d1f9-8297-450f-abe7-393807ba0c7e@group-B673650064C9-FollowerState was interrupted: java.lang.InterruptedException: sleep interrupted
2019-10-15 17:18:13,938 [79abbc2e-0a90-4a41-a17c-6388bb873359@group-B673650064C9-LeaderElection241] INFO  impl.LeaderElection (LeaderElection.java:logAndReturn(56)) - 79abbc2e-0a90-4a41-a17c-6388bb873359@group-B673650064C9-LeaderElection241: Election REJECTED; received 2 response(s) [79abbc2e-0a90-4a41-a17c-6388bb873359<-ebd8d1f9-8297-450f-abe7-393807ba0c7e#0:FAIL-t278, 79abbc2e-0a90-4a41-a17c-6388bb873359<-dbc121b5-e1e8-4c61-9d50-542b699a3d90#0:FAIL-t278] and 0 exception(s); 79abbc2e-0a90-4a41-a17c-6388bb873359@group-B673650064C9:t278, leader=null, voted=79abbc2e-0a90-4a41-a17c-6388bb873359, raftlog=79abbc2e-0a90-4a41-a17c-6388bb873359@group-B673650064C9-SegmentedRaftLog:OPENED:c-1,f-1,i0, conf=-1: [ebd8d1f9-8297-450f-abe7-393807ba0c7e:192.168.164.239:36510, dbc121b5-e1e8-4c61-9d50-542b699a3d90:192.168.164.239:43140, 79abbc2e-0a90-4a41-a17c-6388bb873359:192.168.164.239:37857], old=null
2019-10-15 17:18:13,938 [79abbc2e-0a90-4a41-a17c-6388bb873359@group-B673650064C9-LeaderElection241] INFO  impl.RaftServerImpl (RaftServerImpl.java:setRole(184)) - 79abbc2e-0a90-4a41-a17c-6388bb873359@group-B673650064C9: changes role from CANDIDATE to FOLLOWER at term 278 for DISCOVERED_A_NEW_TERM
2019-10-15 17:18:13,938 [79abbc2e-0a90-4a41-a17c-6388bb873359@group-B673650064C9-LeaderElection241] INFO  impl.RoleInfo (RoleInfo.java:shutdownLeaderElection(134)) - 79abbc2e-0a90-4a41-a17c-6388bb873359: shutdown LeaderElection
2019-10-15 17:18:13,938 [79abbc2e-0a90-4a41-a17c-6388bb873359@group-B673650064C9-LeaderElection241] INFO  impl.RoleInfo (RoleInfo.java:updateAndGet(143)) - 79abbc2e-0a90-4a41-a17c-6388bb873359: start FollowerState
2019-10-15 17:18:13,967 [Thread-1905] INFO  impl.FollowerState (FollowerState.java:run(108)) - 79abbc2e-0a90-4a41-a17c-6388bb873359@group-B673650064C9-FollowerState: change to CANDIDATE, lastRpcTime:28ms, electionTimeout:28ms
2019-10-15 17:18:13,967 [Thread-1905] INFO  impl.RoleInfo (RoleInfo.java:shutdownFollowerState(121)) - 79abbc2e-0a90-4a41-a17c-6388bb873359: shutdown FollowerState
2019-10-15 17:18:13,967 [Thread-1905] INFO  impl.RaftServerImpl (RaftServerImpl.java:setRole(184)) - 79abbc2e-0a90-4a41-a17c-6388bb873359@group-B673650064C9: changes role from  FOLLOWER to CANDIDATE at term 278 for changeToCandidate
2019-10-15 17:18:13,967 [Thread-1905] INFO  impl.RoleInfo (RoleInfo.java:updateAndGet(143)) - 79abbc2e-0a90-4a41-a17c-6388bb873359: start LeaderElection
2019-10-15 17:18:13,996 [79abbc2e-0a90-4a41-a17c-6388bb873359@group-B673650064C9-LeaderElection242] INFO  impl.LeaderElection (LeaderElection.java:askForVotes(178)) - 79abbc2e-0a90-4a41-a17c-6388bb873359@group-B673650064C9-LeaderElection242: begin an election at term 279 for -1: [ebd8d1f9-8297-450f-abe7-393807ba0c7e:192.168.164.239:36510, dbc121b5-e1e8-4c61-9d50-542b699a3d90:192.168.164.239:43140, 79abbc2e-0a90-4a41-a17c-6388bb873359:192.168.164.239:37857], old=null
2019-10-15 17:18:13,998 [grpc-default-executor-0] INFO  impl.RaftServerImpl (RaftServerImpl.java:setRole(184)) - dbc121b5-e1e8-4c61-9d50-542b699a3d90@group-B673650064C9: changes role from  FOLLOWER to FOLLOWER at term 279 for recognizeCandidate:79abbc2e-0a90-4a41-a17c-6388bb873359
2019-10-15 17:18:13,999 [grpc-default-executor-0] INFO  impl.RoleInfo (RoleInfo.java:shutdownFollowerState(121)) - dbc121b5-e1e8-4c61-9d50-542b699a3d90: shutdown FollowerState
2019-10-15 17:18:13,998 [grpc-default-executor-3] INFO  impl.RaftServerImpl (RaftServerImpl.java:setRole(184)) - ebd8d1f9-8297-450f-abe7-393807ba0c7e@group-B673650064C9: changes role from  FOLLOWER to FOLLOWER at term 279 for recognizeCandidate:79abbc2e-0a90-4a41-a17c-6388bb873359
2019-10-15 17:18:13,999 [Thread-1903] INFO  impl.FollowerState (FollowerState.java:run(117)) - dbc121b5-e1e8-4c61-9d50-542b699a3d90@group-B673650064C9-FollowerState was interrupted: java.lang.InterruptedException: sleep interrupted
2019-10-15 17:18:13,999 [grpc-default-executor-0] INFO  impl.RoleInfo (RoleInfo.java:updateAndGet(143)) - dbc121b5-e1e8-4c61-9d50-542b699a3d90: start FollowerState
2019-10-15 17:18:13,999 [grpc-default-executor-3] INFO  impl.RoleInfo (RoleInfo.java:shutdownFollowerState(121)) - ebd8d1f9-8297-450f-abe7-393807ba0c7e: shutdown FollowerState
2019-10-15 17:18:14,000 [grpc-default-executor-3] INFO  impl.RoleInfo (RoleInfo.java:updateAndGet(143)) - ebd8d1f9-8297-450f-abe7-393807ba0c7e: start FollowerState
2019-10-15 17:18:14,000 [Thread-1904] INFO  impl.FollowerState (FollowerState.java:run(117)) - ebd8d1f9-8297-450f-abe7-393807ba0c7e@group-B673650064C9-FollowerState was interrupted: java.lang.InterruptedException: sleep interrupted
2019-10-15 17:18:14,022 [79abbc2e-0a90-4a41-a17c-6388bb873359@group-B673650064C9-LeaderElection242] INFO  impl.LeaderElection (LeaderElection.java:logAndReturn(56)) - 79abbc2e-0a90-4a41-a17c-6388bb873359@group-B673650064C9-LeaderElection242: Election REJECTED; received 2 response(s) [79abbc2e-0a90-4a41-a17c-6388bb873359<-ebd8d1f9-8297-450f-abe7-393807ba0c7e#0:FAIL-t279, 79abbc2e-0a90-4a41-a17c-6388bb873359<-dbc121b5-e1e8-4c61-9d50-542b699a3d90#0:FAIL-t279] and 0 exception(s); 79abbc2e-0a90-4a41-a17c-6388bb873359@group-B673650064C9:t279, leader=null, voted=79abbc2e-0a90-4a41-a17c-6388bb873359, raftlog=79abbc2e-0a90-4a41-a17c-6388bb873359@group-B673650064C9-SegmentedRaftLog:OPENED:c-1,f-1,i0, conf=-1: [ebd8d1f9-8297-450f-abe7-393807ba0c7e:192.168.164.239:36510, dbc121b5-e1e8-4c61-9d50-542b699a3d90:192.168.164.239:43140, 79abbc2e-0a90-4a41-a17c-6388bb873359:192.168.164.239:37857], old=null
2019-10-15 17:18:14,022 [79abbc2e-0a90-4a41-a17c-6388bb873359@group-B673650064C9-LeaderElection242] INFO  impl.RaftServerImpl (RaftServerImpl.java:setRole(184)) - 79abbc2e-0a90-4a41-a17c-6388bb873359@group-B673650064C9: changes role from CANDIDATE to FOLLOWER at term 279 for DISCOVERED_A_NEW_TERM
2019-10-15 17:18:14,022 [79abbc2e-0a90-4a41-a17c-6388bb873359@group-B673650064C9-LeaderElection242] INFO  impl.RoleInfo (RoleInfo.java:shutdownLeaderElection(134)) - 79abbc2e-0a90-4a41-a17c-6388bb873359: shutdown LeaderElection
2019-10-15 17:18:14,022 [79abbc2e-0a90-4a41-a17c-6388bb873359@group-B673650064C9-LeaderElection242] INFO  impl.RoleInfo (RoleInfo.java:updateAndGet(143)) - 79abbc2e-0a90-4a41-a17c-6388bb873359: start FollowerState
2019-10-15 17:18:14,107 [Thread-1911] INFO  impl.FollowerState (FollowerState.java:run(108)) - 79abbc2e-0a90-4a41-a17c-6388bb873359@group-B673650064C9-FollowerState: change to CANDIDATE, lastRpcTime:85ms, electionTimeout:85ms
2019-10-15 17:18:14,107 [Thread-1911] INFO  impl.RoleInfo (RoleInfo.java:shutdownFollowerState(121)) - 79abbc2e-0a90-4a41-a17c-6388bb873359: shutdown FollowerState
2019-10-15 17:18:14,108 [Thread-1911] INFO  impl.RaftServerImpl (RaftServerImpl.java:setRole(184)) - 79abbc2e-0a90-4a41-a17c-6388bb873359@group-B673650064C9: changes role from  FOLLOWER to CANDIDATE at term 279 for changeToCandidate
2019-10-15 17:18:14,108 [Thread-1911] INFO  impl.RoleInfo (RoleInfo.java:updateAndGet(143)) - 79abbc2e-0a90-4a41-a17c-6388bb873359: start LeaderElection
2019-10-15 17:18:14,138 [79abbc2e-0a90-4a41-a17c-6388bb873359@group-B673650064C9-LeaderElection243] INFO  impl.LeaderElection (LeaderElection.java:askForVotes(178)) - 79abbc2e-0a90-4a41-a17c-6388bb873359@group-B673650064C9-LeaderElection243: begin an election at term 280 for -1: [ebd8d1f9-8297-450f-abe7-393807ba0c7e:192.168.164.239:36510, dbc121b5-e1e8-4c61-9d50-542b699a3d90:192.168.164.239:43140, 79abbc2e-0a90-4a41-a17c-6388bb873359:192.168.164.239:37857], old=null
2019-10-15 17:18:14,140 [grpc-default-executor-3] INFO  impl.RaftServerImpl (RaftServerImpl.java:setRole(184)) - ebd8d1f9-8297-450f-abe7-393807ba0c7e@group-B673650064C9: changes role from  FOLLOWER to FOLLOWER at term 280 for recognizeCandidate:79abbc2e-0a90-4a41-a17c-6388bb873359
2019-10-15 17:18:14,140 [grpc-default-executor-3] INFO  impl.RoleInfo (RoleInfo.java:shutdownFollowerState(121)) - ebd8d1f9-8297-450f-abe7-393807ba0c7e: shutdown FollowerState
2019-10-15 17:18:14,140 [grpc-default-executor-0] INFO  impl.RaftServerImpl (RaftServerImpl.java:setRole(184)) - dbc121b5-e1e8-4c61-9d50-542b699a3d90@group-B673650064C9: changes role from  FOLLOWER to FOLLOWER at term 280 for recognizeCandidate:79abbc2e-0a90-4a41-a17c-6388bb873359
2019-10-15 17:18:14,140 [Thread-1910] INFO  impl.FollowerState (FollowerState.java:run(117)) - ebd8d1f9-8297-450f-abe7-393807ba0c7e@group-B673650064C9-FollowerState was interrupted: java.lang.InterruptedException: sleep interrupted
2019-10-15 17:18:14,140 [grpc-default-executor-3] INFO  impl.RoleInfo (RoleInfo.java:updateAndGet(143)) - ebd8d1f9-8297-450f-abe7-393807ba0c7e: start FollowerState
2019-10-15 17:18:14,140 [grpc-default-executor-0] INFO  impl.RoleInfo (RoleInfo.java:shutdownFollowerState(121)) - dbc121b5-e1e8-4c61-9d50-542b699a3d90: shutdown FollowerState
2019-10-15 17:18:14,141 [grpc-default-executor-0] INFO  impl.RoleInfo (RoleInfo.java:updateAndGet(143)) - dbc121b5-e1e8-4c61-9d50-542b699a3d90: start FollowerState
2019-10-15 17:18:14,141 [Thread-1909] INFO  impl.FollowerState (FollowerState.java:run(117)) - dbc121b5-e1e8-4c61-9d50-542b699a3d90@group-B673650064C9-FollowerState was interrupted: java.lang.InterruptedException: sleep interrupted
2019-10-15 17:18:14,164 [79abbc2e-0a90-4a41-a17c-6388bb873359@group-B673650064C9-LeaderElection243] INFO  impl.LeaderElection (LeaderElection.java:logAndReturn(56)) - 79abbc2e-0a90-4a41-a17c-6388bb873359@group-B673650064C9-LeaderElection243: Election REJECTED; received 2 response(s) [79abbc2e-0a90-4a41-a17c-6388bb873359<-ebd8d1f9-8297-450f-abe7-393807ba0c7e#0:FAIL-t280, 79abbc2e-0a90-4a41-a17c-6388bb873359<-dbc121b5-e1e8-4c61-9d50-542b699a3d90#0:FAIL-t280] and 0 exception(s); 79abbc2e-0a90-4a41-a17c-6388bb873359@group-B673650064C9:t280, leader=null, voted=79abbc2e-0a90-4a41-a17c-6388bb873359, raftlog=79abbc2e-0a90-4a41-a17c-6388bb873359@group-B673650064C9-SegmentedRaftLog:OPENED:c-1,f-1,i0, conf=-1: [ebd8d1f9-8297-450f-abe7-393807ba0c7e:192.168.164.239:36510, dbc121b5-e1e8-4c61-9d50-542b699a3d90:192.168.164.239:43140, 79abbc2e-0a90-4a41-a17c-6388bb873359:192.168.164.239:37857], old=null
2019-10-15 17:18:14,164 [79abbc2e-0a90-4a41-a17c-6388bb873359@group-B673650064C9-LeaderElection243] INFO  impl.RaftServerImpl (RaftServerImpl.java:setRole(184)) - 79abbc2e-0a90-4a41-a17c-6388bb873359@group-B673650064C9: changes role from CANDIDATE to FOLLOWER at term 280 for DISCOVERED_A_NEW_TERM
2019-10-15 17:18:14,164 [79abbc2e-0a90-4a41-a17c-6388bb873359@group-B673650064C9-LeaderElection243] INFO  impl.RoleInfo (RoleInfo.java:shutdownLeaderElection(134)) - 79abbc2e-0a90-4a41-a17c-6388bb873359: shutdown LeaderElection
2019-10-15 17:18:14,164 [79abbc2e-0a90-4a41-a17c-6388bb873359@group-B673650064C9-LeaderElection243] INFO  impl.RoleInfo (RoleInfo.java:updateAndGet(143)) - 79abbc2e-0a90-4a41-a17c-6388bb873359: start FollowerState
2019-10-15 17:18:14,197 [Thread-1919] INFO  impl.FollowerState (FollowerState.java:run(108)) - 79abbc2e-0a90-4a41-a17c-6388bb873359@group-B673650064C9-FollowerState: change to CANDIDATE, lastRpcTime:32ms, electionTimeout:32ms
2019-10-15 17:18:14,197 [Thread-1919] INFO  impl.RoleInfo (RoleInfo.java:shutdownFollowerState(121)) - 79abbc2e-0a90-4a41-a17c-6388bb873359: shutdown FollowerState
2019-10-15 17:18:14,197 [Thread-1919] INFO  impl.RaftServerImpl (RaftServerImpl.java:setRole(184)) - 79abbc2e-0a90-4a41-a17c-6388bb873359@group-B673650064C9: changes role from  FOLLOWER to CANDIDATE at term 280 for changeToCandidate
2019-10-15 17:18:14,197 [Thread-1919] INFO  impl.RoleInfo (RoleInfo.java:updateAndGet(143)) - 79abbc2e-0a90-4a41-a17c-6388bb873359: start LeaderElection
2019-10-15 17:18:14,222 [79abbc2e-0a90-4a41-a17c-6388bb873359@group-B673650064C9-LeaderElection244] INFO  impl.LeaderElection (LeaderElection.java:askForVotes(178)) - 79abbc2e-0a90-4a41-a17c-6388bb873359@group-B673650064C9-LeaderElection244: begin an election at term 281 for -1: [ebd8d1f9-8297-450f-abe7-393807ba0c7e:192.168.164.239:36510, dbc121b5-e1e8-4c61-9d50-542b699a3d90:192.168.164.239:43140, 79abbc2e-0a90-4a41-a17c-6388bb873359:192.168.164.239:37857], old=null
2019-10-15 17:18:14,225 [grpc-default-executor-0] INFO  impl.RaftServerImpl (RaftServerImpl.java:setRole(184)) - ebd8d1f9-8297-450f-abe7-393807ba0c7e@group-B673650064C9: changes role from  FOLLOWER to FOLLOWER at term 281 for recognizeCandidate:79abbc2e-0a90-4a41-a17c-6388bb873359
2019-10-15 17:18:14,225 [grpc-default-executor-3] INFO  impl.RaftServerImpl (RaftServerImpl.java:setRole(184)) - dbc121b5-e1e8-4c61-9d50-542b699a3d90@group-B673650064C9: changes role from  FOLLOWER to FOLLOWER at term 281 for recognizeCandidate:79abbc2e-0a90-4a41-a17c-6388bb873359
2019-10-15 17:18:14,225 [grpc-default-executor-0] INFO  impl.RoleInfo (RoleInfo.java:shutdownFollowerState(121)) - ebd8d1f9-8297-450f-abe7-393807ba0c7e: shutdown FollowerState
2019-10-15 17:18:14,225 [grpc-default-executor-3] INFO  impl.RoleInfo (RoleInfo.java:shutdownFollowerState(121)) - dbc121b5-e1e8-4c61-9d50-542b699a3d90: shutdown FollowerState
2019-10-15 17:18:14,225 [grpc-default-executor-0] INFO  impl.RoleInfo (RoleInfo.java:updateAndGet(143)) - ebd8d1f9-8297-450f-abe7-393807ba0c7e: start FollowerState
2019-10-15 17:18:14,225 [Thread-1917] INFO  impl.FollowerState (FollowerState.java:run(117)) - ebd8d1f9-8297-450f-abe7-393807ba0c7e@group-B673650064C9-FollowerState was interrupted: java.lang.InterruptedException: sleep interrupted
2019-10-15 17:18:14,226 [Thread-1918] INFO  impl.FollowerState (FollowerState.java:run(117)) - dbc121b5-e1e8-4c61-9d50-542b699a3d90@group-B673650064C9-FollowerState was interrupted: java.lang.InterruptedException: sleep interrupted
2019-10-15 17:18:14,226 [grpc-default-executor-3] INFO  impl.RoleInfo (RoleInfo.java:updateAndGet(143)) - dbc121b5-e1e8-4c61-9d50-542b699a3d90: start FollowerState
2019-10-15 17:18:14,244 [79abbc2e-0a90-4a41-a17c-6388bb873359@group-B673650064C9-LeaderElection244] INFO  impl.LeaderElection (LeaderElection.java:logAndReturn(56)) - 79abbc2e-0a90-4a41-a17c-6388bb873359@group-B673650064C9-LeaderElection244: Election TIMEOUT; received 0 response(s) [] and 0 exception(s); 79abbc2e-0a90-4a41-a17c-6388bb873359@group-B673650064C9:t281, leader=null, voted=79abbc2e-0a90-4a41-a17c-6388bb873359, raftlog=79abbc2e-0a90-4a41-a17c-6388bb873359@group-B673650064C9-SegmentedRaftLog:OPENED:c-1,f-1,i0, conf=-1: [ebd8d1f9-8297-450f-abe7-393807ba0c7e:192.168.164.239:36510, dbc121b5-e1e8-4c61-9d50-542b699a3d90:192.168.164.239:43140, 79abbc2e-0a90-4a41-a17c-6388bb873359:192.168.164.239:37857], old=null
2019-10-15 17:18:14,273 [79abbc2e-0a90-4a41-a17c-6388bb873359@group-B673650064C9-LeaderElection244] INFO  impl.LeaderElection (LeaderElection.java:askForVotes(178)) - 79abbc2e-0a90-4a41-a17c-6388bb873359@group-B673650064C9-LeaderElection244: begin an election at term 282 for -1: [ebd8d1f9-8297-450f-abe7-393807ba0c7e:192.168.164.239:36510, dbc121b5-e1e8-4c61-9d50-542b699a3d90:192.168.164.239:43140, 79abbc2e-0a90-4a41-a17c-6388bb873359:192.168.164.239:37857], old=null
2019-10-15 17:18:14,275 [grpc-default-executor-3] INFO  impl.RaftServerImpl (RaftServerImpl.java:setRole(184)) - dbc121b5-e1e8-4c61-9d50-542b699a3d90@group-B673650064C9: changes role from  FOLLOWER to FOLLOWER at term 282 for recognizeCandidate:79abbc2e-0a90-4a41-a17c-6388bb873359
2019-10-15 17:18:14,275 [grpc-default-executor-0] INFO  impl.RaftServerImpl (RaftServerImpl.java:setRole(184)) - ebd8d1f9-8297-450f-abe7-393807ba0c7e@group-B673650064C9: changes role from  FOLLOWER to FOLLOWER at term 282 for recognizeCandidate:79abbc2e-0a90-4a41-a17c-6388bb873359
2019-10-15 17:18:14,275 [grpc-default-executor-3] INFO  impl.RoleInfo (RoleInfo.java:shutdownFollowerState(121)) - dbc121b5-e1e8-4c61-9d50-542b699a3d90: shutdown FollowerState
2019-10-15 17:18:14,275 [grpc-default-executor-0] INFO  impl.RoleInfo (RoleInfo.java:shutdownFollowerState(121)) - ebd8d1f9-8297-450f-abe7-393807ba0c7e: shutdown FollowerState
2019-10-15 17:18:14,275 [Thread-1924] INFO  impl.FollowerState (FollowerState.java:run(117)) - dbc121b5-e1e8-4c61-9d50-542b699a3d90@group-B673650064C9-FollowerState was interrupted: java.lang.InterruptedException: sleep interrupted
2019-10-15 17:18:14,275 [Thread-1923] INFO  impl.FollowerState (FollowerState.java:run(117)) - ebd8d1f9-8297-450f-abe7-393807ba0c7e@group-B673650064C9-FollowerState was interrupted: java.lang.InterruptedException: sleep interrupted
2019-10-15 17:18:14,275 [grpc-default-executor-0] INFO  impl.RoleInfo (RoleInfo.java:updateAndGet(143)) - ebd8d1f9-8297-450f-abe7-393807ba0c7e: start FollowerState
2019-10-15 17:18:14,275 [grpc-default-executor-3] INFO  impl.RoleInfo (RoleInfo.java:updateAndGet(143)) - dbc121b5-e1e8-4c61-9d50-542b699a3d90: start FollowerState
2019-10-15 17:18:14,299 [79abbc2e-0a90-4a41-a17c-6388bb873359@group-B673650064C9-LeaderElection244] INFO  impl.LeaderElection (LeaderElection.java:logAndReturn(56)) - 79abbc2e-0a90-4a41-a17c-6388bb873359@group-B673650064C9-LeaderElection244: Election REJECTED; received 2 response(s) [79abbc2e-0a90-4a41-a17c-6388bb873359<-ebd8d1f9-8297-450f-abe7-393807ba0c7e#0:FAIL-t282, 79abbc2e-0a90-4a41-a17c-6388bb873359<-dbc121b5-e1e8-4c61-9d50-542b699a3d90#0:FAIL-t282] and 0 exception(s); 79abbc2e-0a90-4a41-a17c-6388bb873359@group-B673650064C9:t282, leader=null, voted=79abbc2e-0a90-4a41-a17c-6388bb873359, raftlog=79abbc2e-0a90-4a41-a17c-6388bb873359@group-B673650064C9-SegmentedRaftLog:OPENED:c-1,f-1,i0, conf=-1: [ebd8d1f9-8297-450f-abe7-393807ba0c7e:192.168.164.239:36510, dbc121b5-e1e8-4c61-9d50-542b699a3d90:192.168.164.239:43140, 79abbc2e-0a90-4a41-a17c-6388bb873359:192.168.164.239:37857], old=null
2019-10-15 17:18:14,299 [79abbc2e-0a90-4a41-a17c-6388bb873359@group-B673650064C9-LeaderElection244] INFO  impl.RaftServerImpl (RaftServerImpl.java:setRole(184)) - 79abbc2e-0a90-4a41-a17c-6388bb873359@group-B673650064C9: changes role from CANDIDATE to FOLLOWER at term 282 for DISCOVERED_A_NEW_TERM
2019-10-15 17:18:14,300 [79abbc2e-0a90-4a41-a17c-6388bb873359@group-B673650064C9-LeaderElection244] INFO  impl.RoleInfo (RoleInfo.java:shutdownLeaderElection(134)) - 79abbc2e-0a90-4a41-a17c-6388bb873359: shutdown LeaderElection
2019-10-15 17:18:14,300 [79abbc2e-0a90-4a41-a17c-6388bb873359@group-B673650064C9-LeaderElection244] INFO  impl.RoleInfo (RoleInfo.java:updateAndGet(143)) - 79abbc2e-0a90-4a41-a17c-6388bb873359: start FollowerState
2019-10-15 17:18:14,397 [Thread-1929] INFO  impl.FollowerState (FollowerState.java:run(108)) - 79abbc2e-0a90-4a41-a17c-6388bb873359@group-B673650064C9-FollowerState: change to CANDIDATE, lastRpcTime:97ms, electionTimeout:97ms
2019-10-15 17:18:14,397 [Thread-1929] INFO  impl.RoleInfo (RoleInfo.java:shutdownFollowerState(121)) - 79abbc2e-0a90-4a41-a17c-6388bb873359: shutdown FollowerState
2019-10-15 17:18:14,397 [Thread-1929] INFO  impl.RaftServerImpl (RaftServerImpl.java:setRole(184)) - 79abbc2e-0a90-4a41-a17c-6388bb873359@group-B673650064C9: changes role from  FOLLOWER to CANDIDATE at term 282 for changeToCandidate
2019-10-15 17:18:14,398 [Thread-1929] INFO  impl.RoleInfo (RoleInfo.java:updateAndGet(143)) - 79abbc2e-0a90-4a41-a17c-6388bb873359: start LeaderElection
2019-10-15 17:18:14,423 [79abbc2e-0a90-4a41-a17c-6388bb873359@group-B673650064C9-LeaderElection245] INFO  impl.LeaderElection (LeaderElection.java:askForVotes(178)) - 79abbc2e-0a90-4a41-a17c-6388bb873359@group-B673650064C9-LeaderElection245: begin an election at term 283 for -1: [ebd8d1f9-8297-450f-abe7-393807ba0c7e:192.168.164.239:36510, dbc121b5-e1e8-4c61-9d50-542b699a3d90:192.168.164.239:43140, 79abbc2e-0a90-4a41-a17c-6388bb873359:192.168.164.239:37857], old=null
2019-10-15 17:18:14,426 [grpc-default-executor-0] INFO  impl.RaftServerImpl (RaftServerImpl.java:setRole(184)) - ebd8d1f9-8297-450f-abe7-393807ba0c7e@group-B673650064C9: changes role from  FOLLOWER to FOLLOWER at term 283 for recognizeCandidate:79abbc2e-0a90-4a41-a17c-6388bb873359
2019-10-15 17:18:14,426 [grpc-default-executor-3] INFO  impl.RaftServerImpl (RaftServerImpl.java:setRole(184)) - dbc121b5-e1e8-4c61-9d50-542b699a3d90@group-B673650064C9: changes role from  FOLLOWER to FOLLOWER at term 283 for recognizeCandidate:79abbc2e-0a90-4a41-a17c-6388bb873359
2019-10-15 17:18:14,426 [grpc-default-executor-0] INFO  impl.RoleInfo (RoleInfo.java:shutdownFollowerState(121)) - ebd8d1f9-8297-450f-abe7-393807ba0c7e: shutdown FollowerState
2019-10-15 17:18:14,426 [grpc-default-executor-3] INFO  impl.RoleInfo (RoleInfo.java:shutdownFollowerState(121)) - dbc121b5-e1e8-4c61-9d50-542b699a3d90: shutdown FollowerState
2019-10-15 17:18:14,427 [Thread-1928] INFO  impl.FollowerState (FollowerState.java:run(117)) - ebd8d1f9-8297-450f-abe7-393807ba0c7e@group-B673650064C9-FollowerState was interrupted: java.lang.InterruptedException: sleep interrupted
2019-10-15 17:18:14,427 [Thread-1927] INFO  impl.FollowerState (FollowerState.java:run(117)) - dbc121b5-e1e8-4c61-9d50-542b699a3d90@group-B673650064C9-FollowerState was interrupted: java.lang.InterruptedException: sleep interrupted
2019-10-15 17:18:14,427 [grpc-default-executor-0] INFO  impl.RoleInfo (RoleInfo.java:updateAndGet(143)) - ebd8d1f9-8297-450f-abe7-393807ba0c7e: start FollowerState
2019-10-15 17:18:14,427 [grpc-default-executor-3] INFO  impl.RoleInfo (RoleInfo.java:updateAndGet(143)) - dbc121b5-e1e8-4c61-9d50-542b699a3d90: start FollowerState
2019-10-15 17:18:14,433 [79abbc2e-0a90-4a41-a17c-6388bb873359@group-B673650064C9-LeaderElection245] INFO  impl.LeaderElection (LeaderElection.java:logAndReturn(56)) - 79abbc2e-0a90-4a41-a17c-6388bb873359@group-B673650064C9-LeaderElection245: Election TIMEOUT; received 0 response(s) [] and 0 exception(s); 79abbc2e-0a90-4a41-a17c-6388bb873359@group-B673650064C9:t283, leader=null, voted=79abbc2e-0a90-4a41-a17c-6388bb873359, raftlog=79abbc2e-0a90-4a41-a17c-6388bb873359@group-B673650064C9-SegmentedRaftLog:OPENED:c-1,f-1,i0, conf=-1: [ebd8d1f9-8297-450f-abe7-393807ba0c7e:192.168.164.239:36510, dbc121b5-e1e8-4c61-9d50-542b699a3d90:192.168.164.239:43140, 79abbc2e-0a90-4a41-a17c-6388bb873359:192.168.164.239:37857], old=null
2019-10-15 17:18:14,449 [79abbc2e-0a90-4a41-a17c-6388bb873359@group-B673650064C9-LeaderElection245] INFO  impl.LeaderElection (LeaderElection.java:askForVotes(178)) - 79abbc2e-0a90-4a41-a17c-6388bb873359@group-B673650064C9-LeaderElection245: begin an election at term 284 for -1: [ebd8d1f9-8297-450f-abe7-393807ba0c7e:192.168.164.239:36510, dbc121b5-e1e8-4c61-9d50-542b699a3d90:192.168.164.239:43140, 79abbc2e-0a90-4a41-a17c-6388bb873359:192.168.164.239:37857], old=null
2019-10-15 17:18:14,450 [grpc-default-executor-0] INFO  impl.RaftServerImpl (RaftServerImpl.java:setRole(184)) - ebd8d1f9-8297-450f-abe7-393807ba0c7e@group-B673650064C9: changes role from  FOLLOWER to FOLLOWER at term 284 for recognizeCandidate:79abbc2e-0a90-4a41-a17c-6388bb873359
2019-10-15 17:18:14,450 [grpc-default-executor-0] INFO  impl.RoleInfo (RoleInfo.java:shutdownFollowerState(121)) - ebd8d1f9-8297-450f-abe7-393807ba0c7e: shutdown FollowerState
2019-10-15 17:18:14,451 [grpc-default-executor-0] INFO  impl.RoleInfo (RoleInfo.java:updateAndGet(143)) - ebd8d1f9-8297-450f-abe7-393807ba0c7e: start FollowerState
2019-10-15 17:18:14,451 [Thread-1933] INFO  impl.FollowerState (FollowerState.java:run(117)) - ebd8d1f9-8297-450f-abe7-393807ba0c7e@group-B673650064C9-FollowerState was interrupted: java.lang.InterruptedException: sleep interrupted
2019-10-15 17:18:14,451 [grpc-default-executor-3] INFO  impl.RaftServerImpl (RaftServerImpl.java:setRole(184)) - dbc121b5-e1e8-4c61-9d50-542b699a3d90@group-B673650064C9: changes role from  FOLLOWER to FOLLOWER at term 284 for recognizeCandidate:79abbc2e-0a90-4a41-a17c-6388bb873359
2019-10-15 17:18:14,451 [grpc-default-executor-3] INFO  impl.RoleInfo (RoleInfo.java:shutdownFollowerState(121)) - dbc121b5-e1e8-4c61-9d50-542b699a3d90: shutdown FollowerState
2019-10-15 17:18:14,451 [grpc-default-executor-3] INFO  impl.RoleInfo (RoleInfo.java:updateAndGet(143)) - dbc121b5-e1e8-4c61-9d50-542b699a3d90: start FollowerState
2019-10-15 17:18:14,451 [Thread-1934] INFO  impl.FollowerState (FollowerState.java:run(117)) - dbc121b5-e1e8-4c61-9d50-542b699a3d90@group-B673650064C9-FollowerState was interrupted: java.lang.InterruptedException: sleep interrupted
2019-10-15 17:18:14,475 [79abbc2e-0a90-4a41-a17c-6388bb873359@group-B673650064C9-LeaderElection245] INFO  impl.LeaderElection (LeaderElection.java:logAndReturn(56)) - 79abbc2e-0a90-4a41-a17c-6388bb873359@group-B673650064C9-LeaderElection245: Election REJECTED; received 2 response(s) [79abbc2e-0a90-4a41-a17c-6388bb873359<-ebd8d1f9-8297-450f-abe7-393807ba0c7e#0:FAIL-t284, 79abbc2e-0a90-4a41-a17c-6388bb873359<-dbc121b5-e1e8-4c61-9d50-542b699a3d90#0:FAIL-t284] and 0 exception(s); 79abbc2e-0a90-4a41-a17c-6388bb873359@group-B673650064C9:t284, leader=null, voted=79abbc2e-0a90-4a41-a17c-6388bb873359, raftlog=79abbc2e-0a90-4a41-a17c-6388bb873359@group-B673650064C9-SegmentedRaftLog:OPENED:c-1,f-1,i0, conf=-1: [ebd8d1f9-8297-450f-abe7-393807ba0c7e:192.168.164.239:36510, dbc121b5-e1e8-4c61-9d50-542b699a3d90:192.168.164.239:43140, 79abbc2e-0a90-4a41-a17c-6388bb873359:192.168.164.239:37857], old=null
2019-10-15 17:18:14,475 [79abbc2e-0a90-4a41-a17c-6388bb873359@group-B673650064C9-LeaderElection245] INFO  impl.RaftServerImpl (RaftServerImpl.java:setRole(184)) - 79abbc2e-0a90-4a41-a17c-6388bb873359@group-B673650064C9: changes role from CANDIDATE to FOLLOWER at term 284 for DISCOVERED_A_NEW_TERM
2019-10-15 17:18:14,475 [79abbc2e-0a90-4a41-a17c-6388bb873359@group-B673650064C9-LeaderElection245] INFO  impl.RoleInfo (RoleInfo.java:shutdownLeaderElection(134)) - 79abbc2e-0a90-4a41-a17c-6388bb873359: shutdown LeaderElection
2019-10-15 17:18:14,476 [79abbc2e-0a90-4a41-a17c-6388bb873359@group-B673650064C9-LeaderElection245] INFO  impl.RoleInfo (RoleInfo.java:updateAndGet(143)) - 79abbc2e-0a90-4a41-a17c-6388bb873359: start FollowerState
2019-10-15 17:18:14,511 [Thread-1939] INFO  impl.FollowerState (FollowerState.java:run(108)) - 79abbc2e-0a90-4a41-a17c-6388bb873359@group-B673650064C9-FollowerState: change to CANDIDATE, lastRpcTime:35ms, electionTimeout:35ms
2019-10-15 17:18:14,511 [Thread-1939] INFO  impl.RoleInfo (RoleInfo.java:shutdownFollowerState(121)) - 79abbc2e-0a90-4a41-a17c-6388bb873359: shutdown FollowerState
2019-10-15 17:18:14,511 [Thread-1939] INFO  impl.RaftServerImpl (RaftServerImpl.java:setRole(184)) - 79abbc2e-0a90-4a41-a17c-6388bb873359@group-B673650064C9: changes role from  FOLLOWER to CANDIDATE at term 284 for changeToCandidate
2019-10-15 17:18:14,512 [Thread-1939] INFO  impl.RoleInfo (RoleInfo.java:updateAndGet(143)) - 79abbc2e-0a90-4a41-a17c-6388bb873359: start LeaderElection
2019-10-15 17:18:14,541 [79abbc2e-0a90-4a41-a17c-6388bb873359@group-B673650064C9-LeaderElection246] INFO  impl.LeaderElection (LeaderElection.java:askForVotes(178)) - 79abbc2e-0a90-4a41-a17c-6388bb873359@group-B673650064C9-LeaderElection246: begin an election at term 285 for -1: [ebd8d1f9-8297-450f-abe7-393807ba0c7e:192.168.164.239:36510, dbc121b5-e1e8-4c61-9d50-542b699a3d90:192.168.164.239:43140, 79abbc2e-0a90-4a41-a17c-6388bb873359:192.168.164.239:37857], old=null
2019-10-15 17:18:14,543 [grpc-default-executor-3] INFO  impl.RaftServerImpl (RaftServerImpl.java:setRole(184)) - ebd8d1f9-8297-450f-abe7-393807ba0c7e@group-B673650064C9: changes role from  FOLLOWER to FOLLOWER at term 285 for recognizeCandidate:79abbc2e-0a90-4a41-a17c-6388bb873359
2019-10-15 17:18:14,543 [grpc-default-executor-0] INFO  impl.RaftServerImpl (RaftServerImpl.java:setRole(184)) - dbc121b5-e1e8-4c61-9d50-542b699a3d90@group-B673650064C9: changes role from  FOLLOWER to FOLLOWER at term 285 for recognizeCandidate:79abbc2e-0a90-4a41-a17c-6388bb873359
2019-10-15 17:18:14,543 [grpc-default-executor-3] INFO  impl.RoleInfo (RoleInfo.java:shutdownFollowerState(121)) - ebd8d1f9-8297-450f-abe7-393807ba0c7e: shutdown FollowerState
2019-10-15 17:18:14,544 [grpc-default-executor-0] INFO  impl.RoleInfo (RoleInfo.java:shutdownFollowerState(121)) - dbc121b5-e1e8-4c61-9d50-542b699a3d90: shutdown FollowerState
2019-10-15 17:18:14,544 [Thread-1937] INFO  impl.FollowerState (FollowerState.java:run(117)) - ebd8d1f9-8297-450f-abe7-393807ba0c7e@group-B673650064C9-FollowerState was interrupted: java.lang.InterruptedException: sleep interrupted
2019-10-15 17:18:14,544 [grpc-default-executor-3] INFO  impl.RoleInfo (RoleInfo.java:updateAndGet(143)) - ebd8d1f9-8297-450f-abe7-393807ba0c7e: start FollowerState
2019-10-15 17:18:14,544 [Thread-1938] INFO  impl.FollowerState (FollowerState.java:run(117)) - dbc121b5-e1e8-4c61-9d50-542b699a3d90@group-B673650064C9-FollowerState was interrupted: java.lang.InterruptedException: sleep interrupted
2019-10-15 17:18:14,544 [grpc-default-executor-0] INFO  impl.RoleInfo (RoleInfo.java:updateAndGet(143)) - dbc121b5-e1e8-4c61-9d50-542b699a3d90: start FollowerState
2019-10-15 17:18:14,567 [79abbc2e-0a90-4a41-a17c-6388bb873359@group-B673650064C9-LeaderElection246] INFO  impl.LeaderElection (LeaderElection.java:logAndReturn(56)) - 79abbc2e-0a90-4a41-a17c-6388bb873359@group-B673650064C9-LeaderElection246: Election REJECTED; received 2 response(s) [79abbc2e-0a90-4a41-a17c-6388bb873359<-ebd8d1f9-8297-450f-abe7-393807ba0c7e#0:FAIL-t285, 79abbc2e-0a90-4a41-a17c-6388bb873359<-dbc121b5-e1e8-4c61-9d50-542b699a3d90#0:FAIL-t285] and 0 exception(s); 79abbc2e-0a90-4a41-a17c-6388bb873359@group-B673650064C9:t285, leader=null, voted=79abbc2e-0a90-4a41-a17c-6388bb873359, raftlog=79abbc2e-0a90-4a41-a17c-6388bb873359@group-B673650064C9-SegmentedRaftLog:OPENED:c-1,f-1,i0, conf=-1: [ebd8d1f9-8297-450f-abe7-393807ba0c7e:192.168.164.239:36510, dbc121b5-e1e8-4c61-9d50-542b699a3d90:192.168.164.239:43140, 79abbc2e-0a90-4a41-a17c-6388bb873359:192.168.164.239:37857], old=null
2019-10-15 17:18:14,567 [79abbc2e-0a90-4a41-a17c-6388bb873359@group-B673650064C9-LeaderElection246] INFO  impl.RaftServerImpl (RaftServerImpl.java:setRole(184)) - 79abbc2e-0a90-4a41-a17c-6388bb873359@group-B673650064C9: changes role from CANDIDATE to FOLLOWER at term 285 for DISCOVERED_A_NEW_TERM
2019-10-15 17:18:14,568 [79abbc2e-0a90-4a41-a17c-6388bb873359@group-B673650064C9-LeaderElection246] INFO  impl.RoleInfo (RoleInfo.java:shutdownLeaderElection(134)) - 79abbc2e-0a90-4a41-a17c-6388bb873359: shutdown LeaderElection
2019-10-15 17:18:14,568 [79abbc2e-0a90-4a41-a17c-6388bb873359@group-B673650064C9-LeaderElection246] INFO  impl.RoleInfo (RoleInfo.java:updateAndGet(143)) - 79abbc2e-0a90-4a41-a17c-6388bb873359: start FollowerState
2019-10-15 17:18:14,742 [Thread-1945] INFO  impl.FollowerState (FollowerState.java:run(108)) - 79abbc2e-0a90-4a41-a17c-6388bb873359@group-B673650064C9-FollowerState: change to CANDIDATE, lastRpcTime:174ms, electionTimeout:174ms
2019-10-15 17:18:14,742 [Thread-1945] INFO  impl.RoleInfo (RoleInfo.java:shutdownFollowerState(121)) - 79abbc2e-0a90-4a41-a17c-6388bb873359: shutdown FollowerState
2019-10-15 17:18:14,742 [Thread-1945] INFO  impl.RaftServerImpl (RaftServerImpl.java:setRole(184)) - 79abbc2e-0a90-4a41-a17c-6388bb873359@group-B673650064C9: changes role from  FOLLOWER to CANDIDATE at term 285 for changeToCandidate
2019-10-15 17:18:14,742 [Thread-1945] INFO  impl.RoleInfo (RoleInfo.java:updateAndGet(143)) - 79abbc2e-0a90-4a41-a17c-6388bb873359: start LeaderElection
2019-10-15 17:18:14,768 [79abbc2e-0a90-4a41-a17c-6388bb873359@group-B673650064C9-LeaderElection247] INFO  impl.LeaderElection (LeaderElection.java:askForVotes(178)) - 79abbc2e-0a90-4a41-a17c-6388bb873359@group-B673650064C9-LeaderElection247: begin an election at term 286 for -1: [ebd8d1f9-8297-450f-abe7-393807ba0c7e:192.168.164.239:36510, dbc121b5-e1e8-4c61-9d50-542b699a3d90:192.168.164.239:43140, 79abbc2e-0a90-4a41-a17c-6388bb873359:192.168.164.239:37857], old=null
2019-10-15 17:18:14,771 [grpc-default-executor-0] INFO  impl.RaftServerImpl (RaftServerImpl.java:setRole(184)) - ebd8d1f9-8297-450f-abe7-393807ba0c7e@group-B673650064C9: changes role from  FOLLOWER to FOLLOWER at term 286 for recognizeCandidate:79abbc2e-0a90-4a41-a17c-6388bb873359
2019-10-15 17:18:14,771 [grpc-default-executor-0] INFO  impl.RoleInfo (RoleInfo.java:shutdownFollowerState(121)) - ebd8d1f9-8297-450f-abe7-393807ba0c7e: shutdown FollowerState
2019-10-15 17:18:14,771 [grpc-default-executor-3] INFO  impl.RaftServerImpl (RaftServerImpl.java:setRole(184)) - dbc121b5-e1e8-4c61-9d50-542b699a3d90@group-B673650064C9: changes role from  FOLLOWER to FOLLOWER at term 286 for recognizeCandidate:79abbc2e-0a90-4a41-a17c-6388bb873359
2019-10-15 17:18:14,772 [Thread-1943] INFO  impl.FollowerState (FollowerState.java:run(117)) - ebd8d1f9-8297-450f-abe7-393807ba0c7e@group-B673650064C9-FollowerState was interrupted: java.lang.InterruptedException: sleep interrupted
2019-10-15 17:18:14,771 [grpc-default-executor-0] INFO  impl.RoleInfo (RoleInfo.java:updateAndGet(143)) - ebd8d1f9-8297-450f-abe7-393807ba0c7e: start FollowerState
2019-10-15 17:18:14,772 [grpc-default-executor-3] INFO  impl.RoleInfo (RoleInfo.java:shutdownFollowerState(121)) - dbc121b5-e1e8-4c61-9d50-542b699a3d90: shutdown FollowerState
2019-10-15 17:18:14,773 [grpc-default-executor-3] INFO  impl.RoleInfo (RoleInfo.java:updateAndGet(143)) - dbc121b5-e1e8-4c61-9d50-542b699a3d90: start FollowerState
2019-10-15 17:18:14,773 [Thread-1944] INFO  impl.FollowerState (FollowerState.java:run(117)) - dbc121b5-e1e8-4c61-9d50-542b699a3d90@group-B673650064C9-FollowerState was interrupted: java.lang.InterruptedException: sleep interrupted
2019-10-15 17:18:14,803 [79abbc2e-0a90-4a41-a17c-6388bb873359@group-B673650064C9-LeaderElection247] INFO  impl.LeaderElection (LeaderElection.java:logAndReturn(56)) - 79abbc2e-0a90-4a41-a17c-6388bb873359@group-B673650064C9-LeaderElection247: Election REJECTED; received 2 response(s) [79abbc2e-0a90-4a41-a17c-6388bb873359<-ebd8d1f9-8297-450f-abe7-393807ba0c7e#0:FAIL-t286, 79abbc2e-0a90-4a41-a17c-6388bb873359<-dbc121b5-e1e8-4c61-9d50-542b699a3d90#0:FAIL-t286] and 0 exception(s); 79abbc2e-0a90-4a41-a17c-6388bb873359@group-B673650064C9:t286, leader=null, voted=79abbc2e-0a90-4a41-a17c-6388bb873359, raftlog=79abbc2e-0a90-4a41-a17c-6388bb873359@group-B673650064C9-SegmentedRaftLog:OPENED:c-1,f-1,i0, conf=-1: [ebd8d1f9-8297-450f-abe7-393807ba0c7e:192.168.164.239:36510, dbc121b5-e1e8-4c61-9d50-542b699a3d90:192.168.164.239:43140, 79abbc2e-0a90-4a41-a17c-6388bb873359:192.168.164.239:37857], old=null
2019-10-15 17:18:14,803 [79abbc2e-0a90-4a41-a17c-6388bb873359@group-B673650064C9-LeaderElection247] INFO  impl.RaftServerImpl (RaftServerImpl.java:setRole(184)) - 79abbc2e-0a90-4a41-a17c-6388bb873359@group-B673650064C9: changes role from CANDIDATE to FOLLOWER at term 286 for DISCOVERED_A_NEW_TERM
2019-10-15 17:18:14,803 [79abbc2e-0a90-4a41-a17c-6388bb873359@group-B673650064C9-LeaderElection247] INFO  impl.RoleInfo (RoleInfo.java:shutdownLeaderElection(134)) - 79abbc2e-0a90-4a41-a17c-6388bb873359: shutdown LeaderElection
2019-10-15 17:18:14,803 [79abbc2e-0a90-4a41-a17c-6388bb873359@group-B673650064C9-LeaderElection247] INFO  impl.RoleInfo (RoleInfo.java:updateAndGet(143)) - 79abbc2e-0a90-4a41-a17c-6388bb873359: start FollowerState
2019-10-15 17:18:15,003 [Thread-1951] INFO  impl.FollowerState (FollowerState.java:run(108)) - 79abbc2e-0a90-4a41-a17c-6388bb873359@group-B673650064C9-FollowerState: change to CANDIDATE, lastRpcTime:199ms, electionTimeout:199ms
2019-10-15 17:18:15,003 [Thread-1951] INFO  impl.RoleInfo (RoleInfo.java:shutdownFollowerState(121)) - 79abbc2e-0a90-4a41-a17c-6388bb873359: shutdown FollowerState
2019-10-15 17:18:15,003 [Thread-1951] INFO  impl.RaftServerImpl (RaftServerImpl.java:setRole(184)) - 79abbc2e-0a90-4a41-a17c-6388bb873359@group-B673650064C9: changes role from  FOLLOWER to CANDIDATE at term 286 for changeToCandidate
2019-10-15 17:18:15,004 [Thread-1951] INFO  impl.RoleInfo (RoleInfo.java:updateAndGet(143)) - 79abbc2e-0a90-4a41-a17c-6388bb873359: start LeaderElection
2019-10-15 17:18:15,027 [79abbc2e-0a90-4a41-a17c-6388bb873359@group-B673650064C9-LeaderElection248] INFO  impl.LeaderElection (LeaderElection.java:askForVotes(178)) - 79abbc2e-0a90-4a41-a17c-6388bb873359@group-B673650064C9-LeaderElection248: begin an election at term 287 for -1: [ebd8d1f9-8297-450f-abe7-393807ba0c7e:192.168.164.239:36510, dbc121b5-e1e8-4c61-9d50-542b699a3d90:192.168.164.239:43140, 79abbc2e-0a90-4a41-a17c-6388bb873359:192.168.164.239:37857], old=null
2019-10-15 17:18:15,029 [grpc-default-executor-3] INFO  impl.RaftServerImpl (RaftServerImpl.java:setRole(184)) - dbc121b5-e1e8-4c61-9d50-542b699a3d90@group-B673650064C9: changes role from  FOLLOWER to FOLLOWER at term 287 for recognizeCandidate:79abbc2e-0a90-4a41-a17c-6388bb873359
2019-10-15 17:18:15,029 [grpc-default-executor-0] INFO  impl.RaftServerImpl (RaftServerImpl.java:setRole(184)) - ebd8d1f9-8297-450f-abe7-393807ba0c7e@group-B673650064C9: changes role from  FOLLOWER to FOLLOWER at term 287 for recognizeCandidate:79abbc2e-0a90-4a41-a17c-6388bb873359
2019-10-15 17:18:15,030 [grpc-default-executor-3] INFO  impl.RoleInfo (RoleInfo.java:shutdownFollowerState(121)) - dbc121b5-e1e8-4c61-9d50-542b699a3d90: shutdown FollowerState
2019-10-15 17:18:15,030 [grpc-default-executor-0] INFO  impl.RoleInfo (RoleInfo.java:shutdownFollowerState(121)) - ebd8d1f9-8297-450f-abe7-393807ba0c7e: shutdown FollowerState
2019-10-15 17:18:15,030 [Thread-1950] INFO  impl.FollowerState (FollowerState.java:run(117)) - dbc121b5-e1e8-4c61-9d50-542b699a3d90@group-B673650064C9-FollowerState was interrupted: java.lang.InterruptedException: sleep interrupted
2019-10-15 17:18:15,030 [grpc-default-executor-3] INFO  impl.RoleInfo (RoleInfo.java:updateAndGet(143)) - dbc121b5-e1e8-4c61-9d50-542b699a3d90: start FollowerState
2019-10-15 17:18:15,030 [Thread-1949] INFO  impl.FollowerState (FollowerState.java:run(117)) - ebd8d1f9-8297-450f-abe7-393807ba0c7e@group-B673650064C9-FollowerState was interrupted: java.lang.InterruptedException: sleep interrupted
2019-10-15 17:18:15,030 [grpc-default-executor-0] INFO  impl.RoleInfo (RoleInfo.java:updateAndGet(143)) - ebd8d1f9-8297-450f-abe7-393807ba0c7e: start FollowerState
2019-10-15 17:18:15,053 [79abbc2e-0a90-4a41-a17c-6388bb873359@group-B673650064C9-LeaderElection248] INFO  impl.LeaderElection (LeaderElection.java:logAndReturn(56)) - 79abbc2e-0a90-4a41-a17c-6388bb873359@group-B673650064C9-LeaderElection248: Election REJECTED; received 2 response(s) [79abbc2e-0a90-4a41-a17c-6388bb873359<-ebd8d1f9-8297-450f-abe7-393807ba0c7e#0:FAIL-t287, 79abbc2e-0a90-4a41-a17c-6388bb873359<-dbc121b5-e1e8-4c61-9d50-542b699a3d90#0:FAIL-t287] and 0 exception(s); 79abbc2e-0a90-4a41-a17c-6388bb873359@group-B673650064C9:t287, leader=null, voted=79abbc2e-0a90-4a41-a17c-6388bb873359, raftlog=79abbc2e-0a90-4a41-a17c-6388bb873359@group-B673650064C9-SegmentedRaftLog:OPENED:c-1,f-1,i0, conf=-1: [ebd8d1f9-8297-450f-abe7-393807ba0c7e:192.168.164.239:36510, dbc121b5-e1e8-4c61-9d50-542b699a3d90:192.168.164.239:43140, 79abbc2e-0a90-4a41-a17c-6388bb873359:192.168.164.239:37857], old=null
2019-10-15 17:18:15,053 [79abbc2e-0a90-4a41-a17c-6388bb873359@group-B673650064C9-LeaderElection248] INFO  impl.RaftServerImpl (RaftServerImpl.java:setRole(184)) - 79abbc2e-0a90-4a41-a17c-6388bb873359@group-B673650064C9: changes role from CANDIDATE to FOLLOWER at term 287 for DISCOVERED_A_NEW_TERM
2019-10-15 17:18:15,054 [79abbc2e-0a90-4a41-a17c-6388bb873359@group-B673650064C9-LeaderElection248] INFO  impl.RoleInfo (RoleInfo.java:shutdownLeaderElection(134)) - 79abbc2e-0a90-4a41-a17c-6388bb873359: shutdown LeaderElection
2019-10-15 17:18:15,054 [79abbc2e-0a90-4a41-a17c-6388bb873359@group-B673650064C9-LeaderElection248] INFO  impl.RoleInfo (RoleInfo.java:updateAndGet(143)) - 79abbc2e-0a90-4a41-a17c-6388bb873359: start FollowerState
2019-10-15 17:18:15,236 [Thread-1957] INFO  impl.FollowerState (FollowerState.java:run(108)) - 79abbc2e-0a90-4a41-a17c-6388bb873359@group-B673650064C9-FollowerState: change to CANDIDATE, lastRpcTime:182ms, electionTimeout:182ms
2019-10-15 17:18:15,236 [Thread-1957] INFO  impl.RoleInfo (RoleInfo.java:shutdownFollowerState(121)) - 79abbc2e-0a90-4a41-a17c-6388bb873359: shutdown FollowerState
2019-10-15 17:18:15,236 [Thread-1957] INFO  impl.RaftServerImpl (RaftServerImpl.java:setRole(184)) - 79abbc2e-0a90-4a41-a17c-6388bb873359@group-B673650064C9: changes role from  FOLLOWER to CANDIDATE at term 287 for changeToCandidate
2019-10-15 17:18:15,237 [Thread-1957] INFO  impl.RoleInfo (RoleInfo.java:updateAndGet(143)) - 79abbc2e-0a90-4a41-a17c-6388bb873359: start LeaderElection
2019-10-15 17:18:15,261 [79abbc2e-0a90-4a41-a17c-6388bb873359@group-B673650064C9-LeaderElection249] INFO  impl.LeaderElection (LeaderElection.java:askForVotes(178)) - 79abbc2e-0a90-4a41-a17c-6388bb873359@group-B673650064C9-LeaderElection249: begin an election at term 288 for -1: [ebd8d1f9-8297-450f-abe7-393807ba0c7e:192.168.164.239:36510, dbc121b5-e1e8-4c61-9d50-542b699a3d90:192.168.164.239:43140, 79abbc2e-0a90-4a41-a17c-6388bb873359:192.168.164.239:37857], old=null
2019-10-15 17:18:15,264 [grpc-default-executor-3] INFO  impl.RaftServerImpl (RaftServerImpl.java:setRole(184)) - dbc121b5-e1e8-4c61-9d50-542b699a3d90@group-B673650064C9: changes role from  FOLLOWER to FOLLOWER at term 288 for recognizeCandidate:79abbc2e-0a90-4a41-a17c-6388bb873359
2019-10-15 17:18:15,264 [grpc-default-executor-3] INFO  impl.RoleInfo (RoleInfo.java:shutdownFollowerState(121)) - dbc121b5-e1e8-4c61-9d50-542b699a3d90: shutdown FollowerState
2019-10-15 17:18:15,264 [grpc-default-executor-0] INFO  impl.RaftServerImpl (RaftServerImpl.java:setRole(184)) - ebd8d1f9-8297-450f-abe7-393807ba0c7e@group-B673650064C9: changes role from  FOLLOWER to FOLLOWER at term 288 for recognizeCandidate:79abbc2e-0a90-4a41-a17c-6388bb873359
2019-10-15 17:18:15,264 [Thread-1955] INFO  impl.FollowerState (FollowerState.java:run(117)) - dbc121b5-e1e8-4c61-9d50-542b699a3d90@group-B673650064C9-FollowerState was interrupted: java.lang.InterruptedException: sleep interrupted
2019-10-15 17:18:15,264 [grpc-default-executor-3] INFO  impl.RoleInfo (RoleInfo.java:updateAndGet(143)) - dbc121b5-e1e8-4c61-9d50-542b699a3d90: start FollowerState
2019-10-15 17:18:15,264 [grpc-default-executor-0] INFO  impl.RoleInfo (RoleInfo.java:shutdownFollowerState(121)) - ebd8d1f9-8297-450f-abe7-393807ba0c7e: shutdown FollowerState
2019-10-15 17:18:15,265 [grpc-default-executor-0] INFO  impl.RoleInfo (RoleInfo.java:updateAndGet(143)) - ebd8d1f9-8297-450f-abe7-393807ba0c7e: start FollowerState
2019-10-15 17:18:15,265 [Thread-1956] INFO  impl.FollowerState (FollowerState.java:run(117)) - ebd8d1f9-8297-450f-abe7-393807ba0c7e@group-B673650064C9-FollowerState was interrupted: java.lang.InterruptedException: sleep interrupted
2019-10-15 17:18:15,285 [79abbc2e-0a90-4a41-a17c-6388bb873359@group-B673650064C9-LeaderElection249] INFO  impl.LeaderElection (LeaderElection.java:logAndReturn(56)) - 79abbc2e-0a90-4a41-a17c-6388bb873359@group-B673650064C9-LeaderElection249: Election TIMEOUT; received 0 response(s) [] and 0 exception(s); 79abbc2e-0a90-4a41-a17c-6388bb873359@group-B673650064C9:t288, leader=null, voted=79abbc2e-0a90-4a41-a17c-6388bb873359, raftlog=79abbc2e-0a90-4a41-a17c-6388bb873359@group-B673650064C9-SegmentedRaftLog:OPENED:c-1,f-1,i0, conf=-1: [ebd8d1f9-8297-450f-abe7-393807ba0c7e:192.168.164.239:36510, dbc121b5-e1e8-4c61-9d50-542b699a3d90:192.168.164.239:43140, 79abbc2e-0a90-4a41-a17c-6388bb873359:192.168.164.239:37857], old=null
2019-10-15 17:18:15,329 [79abbc2e-0a90-4a41-a17c-6388bb873359@group-B673650064C9-LeaderElection249] INFO  impl.LeaderElection (LeaderElection.java:askForVotes(178)) - 79abbc2e-0a90-4a41-a17c-6388bb873359@group-B673650064C9-LeaderElection249: begin an election at term 289 for -1: [ebd8d1f9-8297-450f-abe7-393807ba0c7e:192.168.164.239:36510, dbc121b5-e1e8-4c61-9d50-542b699a3d90:192.168.164.239:43140, 79abbc2e-0a90-4a41-a17c-6388bb873359:192.168.164.239:37857], old=null
2019-10-15 17:18:15,331 [grpc-default-executor-3] INFO  impl.RaftServerImpl (RaftServerImpl.java:setRole(184)) - dbc121b5-e1e8-4c61-9d50-542b699a3d90@group-B673650064C9: changes role from  FOLLOWER to FOLLOWER at term 289 for recognizeCandidate:79abbc2e-0a90-4a41-a17c-6388bb873359
2019-10-15 17:18:15,331 [grpc-default-executor-3] INFO  impl.RoleInfo (RoleInfo.java:shutdownFollowerState(121)) - dbc121b5-e1e8-4c61-9d50-542b699a3d90: shutdown FollowerState
2019-10-15 17:18:15,331 [grpc-default-executor-3] INFO  impl.RoleInfo (RoleInfo.java:updateAndGet(143)) - dbc121b5-e1e8-4c61-9d50-542b699a3d90: start FollowerState
2019-10-15 17:18:15,331 [Thread-1963] INFO  impl.FollowerState (FollowerState.java:run(117)) - dbc121b5-e1e8-4c61-9d50-542b699a3d90@group-B673650064C9-FollowerState was interrupted: java.lang.InterruptedException: sleep interrupted
2019-10-15 17:18:15,331 [grpc-default-executor-0] INFO  impl.RaftServerImpl (RaftServerImpl.java:setRole(184)) - ebd8d1f9-8297-450f-abe7-393807ba0c7e@group-B673650064C9: changes role from  FOLLOWER to FOLLOWER at term 289 for recognizeCandidate:79abbc2e-0a90-4a41-a17c-6388bb873359
2019-10-15 17:18:15,332 [grpc-default-executor-0] INFO  impl.RoleInfo (RoleInfo.java:shutdownFollowerState(121)) - ebd8d1f9-8297-450f-abe7-393807ba0c7e: shutdown FollowerState
2019-10-15 17:18:15,332 [grpc-default-executor-0] INFO  impl.RoleInfo (RoleInfo.java:updateAndGet(143)) - ebd8d1f9-8297-450f-abe7-393807ba0c7e: start FollowerState
2019-10-15 17:18:15,332 [Thread-1964] INFO  impl.FollowerState (FollowerState.java:run(117)) - ebd8d1f9-8297-450f-abe7-393807ba0c7e@group-B673650064C9-FollowerState was interrupted: java.lang.InterruptedException: sleep interrupted
2019-10-15 17:18:15,355 [79abbc2e-0a90-4a41-a17c-6388bb873359@group-B673650064C9-LeaderElection249] INFO  impl.LeaderElection (LeaderElection.java:logAndReturn(56)) - 79abbc2e-0a90-4a41-a17c-6388bb873359@group-B673650064C9-LeaderElection249: Election REJECTED; received 2 response(s) [79abbc2e-0a90-4a41-a17c-6388bb873359<-ebd8d1f9-8297-450f-abe7-393807ba0c7e#0:FAIL-t289, 79abbc2e-0a90-4a41-a17c-6388bb873359<-dbc121b5-e1e8-4c61-9d50-542b699a3d90#0:FAIL-t289] and 0 exception(s); 79abbc2e-0a90-4a41-a17c-6388bb873359@group-B673650064C9:t289, leader=null, voted=79abbc2e-0a90-4a41-a17c-6388bb873359, raftlog=79abbc2e-0a90-4a41-a17c-6388bb873359@group-B673650064C9-SegmentedRaftLog:OPENED:c-1,f-1,i0, conf=-1: [ebd8d1f9-8297-450f-abe7-393807ba0c7e:192.168.164.239:36510, dbc121b5-e1e8-4c61-9d50-542b699a3d90:192.168.164.239:43140, 79abbc2e-0a90-4a41-a17c-6388bb873359:192.168.164.239:37857], old=null
2019-10-15 17:18:15,355 [79abbc2e-0a90-4a41-a17c-6388bb873359@group-B673650064C9-LeaderElection249] INFO  impl.RaftServerImpl (RaftServerImpl.java:setRole(184)) - 79abbc2e-0a90-4a41-a17c-6388bb873359@group-B673650064C9: changes role from CANDIDATE to FOLLOWER at term 289 for DISCOVERED_A_NEW_TERM
2019-10-15 17:18:15,355 [79abbc2e-0a90-4a41-a17c-6388bb873359@group-B673650064C9-LeaderElection249] INFO  impl.RoleInfo (RoleInfo.java:shutdownLeaderElection(134)) - 79abbc2e-0a90-4a41-a17c-6388bb873359: shutdown LeaderElection
2019-10-15 17:18:15,355 [79abbc2e-0a90-4a41-a17c-6388bb873359@group-B673650064C9-LeaderElection249] INFO  impl.RoleInfo (RoleInfo.java:updateAndGet(143)) - 79abbc2e-0a90-4a41-a17c-6388bb873359: start FollowerState
2019-10-15 17:18:15,476 [Thread-1969] INFO  impl.FollowerState (FollowerState.java:run(108)) - 79abbc2e-0a90-4a41-a17c-6388bb873359@group-B673650064C9-FollowerState: change to CANDIDATE, lastRpcTime:121ms, electionTimeout:121ms
2019-10-15 17:18:15,477 [Thread-1969] INFO  impl.RoleInfo (RoleInfo.java:shutdownFollowerState(121)) - 79abbc2e-0a90-4a41-a17c-6388bb873359: shutdown FollowerState
2019-10-15 17:18:15,477 [Thread-1969] INFO  impl.RaftServerImpl (RaftServerImpl.java:setRole(184)) - 79abbc2e-0a90-4a41-a17c-6388bb873359@group-B673650064C9: changes role from  FOLLOWER to CANDIDATE at term 289 for changeToCandidate
2019-10-15 17:18:15,477 [Thread-1969] INFO  impl.RoleInfo (RoleInfo.java:updateAndGet(143)) - 79abbc2e-0a90-4a41-a17c-6388bb873359: start LeaderElection
2019-10-15 17:18:15,504 [79abbc2e-0a90-4a41-a17c-6388bb873359@group-B673650064C9-LeaderElection250] INFO  impl.LeaderElection (LeaderElection.java:askForVotes(178)) - 79abbc2e-0a90-4a41-a17c-6388bb873359@group-B673650064C9-LeaderElection250: begin an election at term 290 for -1: [ebd8d1f9-8297-450f-abe7-393807ba0c7e:192.168.164.239:36510, dbc121b5-e1e8-4c61-9d50-542b699a3d90:192.168.164.239:43140, 79abbc2e-0a90-4a41-a17c-6388bb873359:192.168.164.239:37857], old=null
2019-10-15 17:18:15,506 [grpc-default-executor-3] INFO  impl.RaftServerImpl (RaftServerImpl.java:setRole(184)) - dbc121b5-e1e8-4c61-9d50-542b699a3d90@group-B673650064C9: changes role from  FOLLOWER to FOLLOWER at term 290 for recognizeCandidate:79abbc2e-0a90-4a41-a17c-6388bb873359
2019-10-15 17:18:15,506 [grpc-default-executor-3] INFO  impl.RoleInfo (RoleInfo.java:shutdownFollowerState(121)) - dbc121b5-e1e8-4c61-9d50-542b699a3d90: shutdown FollowerState
2019-10-15 17:18:15,507 [grpc-default-executor-0] INFO  impl.RaftServerImpl (RaftServerImpl.java:setRole(184)) - ebd8d1f9-8297-450f-abe7-393807ba0c7e@group-B673650064C9: changes role from  FOLLOWER to FOLLOWER at term 290 for recognizeCandidate:79abbc2e-0a90-4a41-a17c-6388bb873359
2019-10-15 17:18:15,507 [Thread-1967] INFO  impl.FollowerState (FollowerState.java:run(117)) - dbc121b5-e1e8-4c61-9d50-542b699a3d90@group-B673650064C9-FollowerState was interrupted: java.lang.InterruptedException: sleep interrupted
2019-10-15 17:18:15,507 [grpc-default-executor-3] INFO  impl.RoleInfo (RoleInfo.java:updateAndGet(143)) - dbc121b5-e1e8-4c61-9d50-542b699a3d90: start FollowerState
2019-10-15 17:18:15,507 [grpc-default-executor-0] INFO  impl.RoleInfo (RoleInfo.java:shutdownFollowerState(121)) - ebd8d1f9-8297-450f-abe7-393807ba0c7e: shutdown FollowerState
2019-10-15 17:18:15,507 [grpc-default-executor-0] INFO  impl.RoleInfo (RoleInfo.java:updateAndGet(143)) - ebd8d1f9-8297-450f-abe7-393807ba0c7e: start FollowerState
2019-10-15 17:18:15,507 [Thread-1968] INFO  impl.FollowerState (FollowerState.java:run(117)) - ebd8d1f9-8297-450f-abe7-393807ba0c7e@group-B673650064C9-FollowerState was interrupted: java.lang.InterruptedException: sleep interrupted
2019-10-15 17:18:15,531 [79abbc2e-0a90-4a41-a17c-6388bb873359@group-B673650064C9-LeaderElection250] INFO  impl.LeaderElection (LeaderElection.java:logAndReturn(56)) - 79abbc2e-0a90-4a41-a17c-6388bb873359@group-B673650064C9-LeaderElection250: Election REJECTED; received 2 response(s) [79abbc2e-0a90-4a41-a17c-6388bb873359<-ebd8d1f9-8297-450f-abe7-393807ba0c7e#0:FAIL-t290, 79abbc2e-0a90-4a41-a17c-6388bb873359<-dbc121b5-e1e8-4c61-9d50-542b699a3d90#0:FAIL-t290] and 0 exception(s); 79abbc2e-0a90-4a41-a17c-6388bb873359@group-B673650064C9:t290, leader=null, voted=79abbc2e-0a90-4a41-a17c-6388bb873359, raftlog=79abbc2e-0a90-4a41-a17c-6388bb873359@group-B673650064C9-SegmentedRaftLog:OPENED:c-1,f-1,i0, conf=-1: [ebd8d1f9-8297-450f-abe7-393807ba0c7e:192.168.164.239:36510, dbc121b5-e1e8-4c61-9d50-542b699a3d90:192.168.164.239:43140, 79abbc2e-0a90-4a41-a17c-6388bb873359:192.168.164.239:37857], old=null
2019-10-15 17:18:15,531 [79abbc2e-0a90-4a41-a17c-6388bb873359@group-B673650064C9-LeaderElection250] INFO  impl.RaftServerImpl (RaftServerImpl.java:setRole(184)) - 79abbc2e-0a90-4a41-a17c-6388bb873359@group-B673650064C9: changes role from CANDIDATE to FOLLOWER at term 290 for DISCOVERED_A_NEW_TERM
2019-10-15 17:18:15,531 [79abbc2e-0a90-4a41-a17c-6388bb873359@group-B673650064C9-LeaderElection250] INFO  impl.RoleInfo (RoleInfo.java:shutdownLeaderElection(134)) - 79abbc2e-0a90-4a41-a17c-6388bb873359: shutdown LeaderElection
2019-10-15 17:18:15,531 [79abbc2e-0a90-4a41-a17c-6388bb873359@group-B673650064C9-LeaderElection250] INFO  impl.RoleInfo (RoleInfo.java:updateAndGet(143)) - 79abbc2e-0a90-4a41-a17c-6388bb873359: start FollowerState
2019-10-15 17:18:15,627 [Thread-1975] INFO  impl.FollowerState (FollowerState.java:run(108)) - 79abbc2e-0a90-4a41-a17c-6388bb873359@group-B673650064C9-FollowerState: change to CANDIDATE, lastRpcTime:96ms, electionTimeout:96ms
2019-10-15 17:18:15,628 [Thread-1975] INFO  impl.RoleInfo (RoleInfo.java:shutdownFollowerState(121)) - 79abbc2e-0a90-4a41-a17c-6388bb873359: shutdown FollowerState
2019-10-15 17:18:15,628 [Thread-1975] INFO  impl.RaftServerImpl (RaftServerImpl.java:setRole(184)) - 79abbc2e-0a90-4a41-a17c-6388bb873359@group-B673650064C9: changes role from  FOLLOWER to CANDIDATE at term 290 for changeToCandidate
2019-10-15 17:18:15,628 [Thread-1975] INFO  impl.RoleInfo (RoleInfo.java:updateAndGet(143)) - 79abbc2e-0a90-4a41-a17c-6388bb873359: start LeaderElection
2019-10-15 17:18:15,655 [79abbc2e-0a90-4a41-a17c-6388bb873359@group-B673650064C9-LeaderElection251] INFO  impl.LeaderElection (LeaderElection.java:askForVotes(178)) - 79abbc2e-0a90-4a41-a17c-6388bb873359@group-B673650064C9-LeaderElection251: begin an election at term 291 for -1: [ebd8d1f9-8297-450f-abe7-393807ba0c7e:192.168.164.239:36510, dbc121b5-e1e8-4c61-9d50-542b699a3d90:192.168.164.239:43140, 79abbc2e-0a90-4a41-a17c-6388bb873359:192.168.164.239:37857], old=null
2019-10-15 17:18:15,657 [grpc-default-executor-0] INFO  impl.RaftServerImpl (RaftServerImpl.java:setRole(184)) - ebd8d1f9-8297-450f-abe7-393807ba0c7e@group-B673650064C9: changes role from  FOLLOWER to FOLLOWER at term 291 for recognizeCandidate:79abbc2e-0a90-4a41-a17c-6388bb873359
2019-10-15 17:18:15,657 [grpc-default-executor-3] INFO  impl.RaftServerImpl (RaftServerImpl.java:setRole(184)) - dbc121b5-e1e8-4c61-9d50-542b699a3d90@group-B673650064C9: changes role from  FOLLOWER to FOLLOWER at term 291 for recognizeCandidate:79abbc2e-0a90-4a41-a17c-6388bb873359
2019-10-15 17:18:15,657 [grpc-default-executor-0] INFO  impl.RoleInfo (RoleInfo.java:shutdownFollowerState(121)) - ebd8d1f9-8297-450f-abe7-393807ba0c7e: shutdown FollowerState
2019-10-15 17:18:15,657 [grpc-default-executor-3] INFO  impl.RoleInfo (RoleInfo.java:shutdownFollowerState(121)) - dbc121b5-e1e8-4c61-9d50-542b699a3d90: shutdown FollowerState
2019-10-15 17:18:15,658 [Thread-1974] INFO  impl.FollowerState (FollowerState.java:run(117)) - ebd8d1f9-8297-450f-abe7-393807ba0c7e@group-B673650064C9-FollowerState was interrupted: java.lang.InterruptedException: sleep interrupted
2019-10-15 17:18:15,658 [grpc-default-executor-0] INFO  impl.RoleInfo (RoleInfo.java:updateAndGet(143)) - ebd8d1f9-8297-450f-abe7-393807ba0c7e: start FollowerState
2019-10-15 17:18:15,658 [Thread-1973] INFO  impl.FollowerState (FollowerState.java:run(117)) - dbc121b5-e1e8-4c61-9d50-542b699a3d90@group-B673650064C9-FollowerState was interrupted: java.lang.InterruptedException: sleep interrupted
2019-10-15 17:18:15,658 [grpc-default-executor-3] INFO  impl.RoleInfo (RoleInfo.java:updateAndGet(143)) - dbc121b5-e1e8-4c61-9d50-542b699a3d90: start FollowerState
2019-10-15 17:18:15,681 [79abbc2e-0a90-4a41-a17c-6388bb873359@group-B673650064C9-LeaderElection251] INFO  impl.LeaderElection (LeaderElection.java:logAndReturn(56)) - 79abbc2e-0a90-4a41-a17c-6388bb873359@group-B673650064C9-LeaderElection251: Election REJECTED; received 2 response(s) [79abbc2e-0a90-4a41-a17c-6388bb873359<-ebd8d1f9-8297-450f-abe7-393807ba0c7e#0:FAIL-t291, 79abbc2e-0a90-4a41-a17c-6388bb873359<-dbc121b5-e1e8-4c61-9d50-542b699a3d90#0:FAIL-t291] and 0 exception(s); 79abbc2e-0a90-4a41-a17c-6388bb873359@group-B673650064C9:t291, leader=null, voted=79abbc2e-0a90-4a41-a17c-6388bb873359, raftlog=79abbc2e-0a90-4a41-a17c-6388bb873359@group-B673650064C9-SegmentedRaftLog:OPENED:c-1,f-1,i0, conf=-1: [ebd8d1f9-8297-450f-abe7-393807ba0c7e:192.168.164.239:36510, dbc121b5-e1e8-4c61-9d50-542b699a3d90:192.168.164.239:43140, 79abbc2e-0a90-4a41-a17c-6388bb873359:192.168.164.239:37857], old=null
2019-10-15 17:18:15,681 [79abbc2e-0a90-4a41-a17c-6388bb873359@group-B673650064C9-LeaderElection251] INFO  impl.RaftServerImpl (RaftServerImpl.java:setRole(184)) - 79abbc2e-0a90-4a41-a17c-6388bb873359@group-B673650064C9: changes role from CANDIDATE to FOLLOWER at term 291 for DISCOVERED_A_NEW_TERM
2019-10-15 17:18:15,681 [79abbc2e-0a90-4a41-a17c-6388bb873359@group-B673650064C9-LeaderElection251] INFO  impl.RoleInfo (RoleInfo.java:shutdownLeaderElection(134)) - 79abbc2e-0a90-4a41-a17c-6388bb873359: shutdown LeaderElection
2019-10-15 17:18:15,681 [79abbc2e-0a90-4a41-a17c-6388bb873359@group-B673650064C9-LeaderElection251] INFO  impl.RoleInfo (RoleInfo.java:updateAndGet(143)) - 79abbc2e-0a90-4a41-a17c-6388bb873359: start FollowerState
2019-10-15 17:18:15,828 [Thread-1981] INFO  impl.FollowerState (FollowerState.java:run(108)) - 79abbc2e-0a90-4a41-a17c-6388bb873359@group-B673650064C9-FollowerState: change to CANDIDATE, lastRpcTime:146ms, electionTimeout:146ms
2019-10-15 17:18:15,828 [Thread-1981] INFO  impl.RoleInfo (RoleInfo.java:shutdownFollowerState(121)) - 79abbc2e-0a90-4a41-a17c-6388bb873359: shutdown FollowerState
2019-10-15 17:18:15,828 [Thread-1981] INFO  impl.RaftServerImpl (RaftServerImpl.java:setRole(184)) - 79abbc2e-0a90-4a41-a17c-6388bb873359@group-B673650064C9: changes role from  FOLLOWER to CANDIDATE at term 291 for changeToCandidate
2019-10-15 17:18:15,828 [Thread-1981] INFO  impl.RoleInfo (RoleInfo.java:updateAndGet(143)) - 79abbc2e-0a90-4a41-a17c-6388bb873359: start LeaderElection
2019-10-15 17:18:15,857 [79abbc2e-0a90-4a41-a17c-6388bb873359@group-B673650064C9-LeaderElection252] INFO  impl.LeaderElection (LeaderElection.java:askForVotes(178)) - 79abbc2e-0a90-4a41-a17c-6388bb873359@group-B673650064C9-LeaderElection252: begin an election at term 292 for -1: [ebd8d1f9-8297-450f-abe7-393807ba0c7e:192.168.164.239:36510, dbc121b5-e1e8-4c61-9d50-542b699a3d90:192.168.164.239:43140, 79abbc2e-0a90-4a41-a17c-6388bb873359:192.168.164.239:37857], old=null
2019-10-15 17:18:15,859 [grpc-default-executor-3] INFO  impl.RaftServerImpl (RaftServerImpl.java:setRole(184)) - ebd8d1f9-8297-450f-abe7-393807ba0c7e@group-B673650064C9: changes role from  FOLLOWER to FOLLOWER at term 292 for recognizeCandidate:79abbc2e-0a90-4a41-a17c-6388bb873359
2019-10-15 17:18:15,859 [grpc-default-executor-3] INFO  impl.RoleInfo (RoleInfo.java:shutdownFollowerState(121)) - ebd8d1f9-8297-450f-abe7-393807ba0c7e: shutdown FollowerState
2019-10-15 17:18:15,859 [grpc-default-executor-0] INFO  impl.RaftServerImpl (RaftServerImpl.java:setRole(184)) - dbc121b5-e1e8-4c61-9d50-542b699a3d90@group-B673650064C9: changes role from  FOLLOWER to FOLLOWER at term 292 for recognizeCandidate:79abbc2e-0a90-4a41-a17c-6388bb873359
2019-10-15 17:18:15,859 [grpc-default-executor-0] INFO  impl.RoleInfo (RoleInfo.java:shutdownFollowerState(121)) - dbc121b5-e1e8-4c61-9d50-542b699a3d90: shutdown FollowerState
2019-10-15 17:18:15,859 [grpc-default-executor-0] INFO  impl.RoleInfo (RoleInfo.java:updateAndGet(143)) - dbc121b5-e1e8-4c61-9d50-542b699a3d90: start FollowerState
2019-10-15 17:18:15,859 [Thread-1979] INFO  impl.FollowerState (FollowerState.java:run(117)) - ebd8d1f9-8297-450f-abe7-393807ba0c7e@group-B673650064C9-FollowerState was interrupted: java.lang.InterruptedException: sleep interrupted
2019-10-15 17:18:15,859 [grpc-default-executor-3] INFO  impl.RoleInfo (RoleInfo.java:updateAndGet(143)) - ebd8d1f9-8297-450f-abe7-393807ba0c7e: start FollowerState
2019-10-15 17:18:15,859 [Thread-1980] INFO  impl.FollowerState (FollowerState.java:run(117)) - dbc121b5-e1e8-4c61-9d50-542b699a3d90@group-B673650064C9-FollowerState was interrupted: java.lang.InterruptedException: sleep interrupted
2019-10-15 17:18:15,883 [79abbc2e-0a90-4a41-a17c-6388bb873359@group-B673650064C9-LeaderElection252] INFO  impl.LeaderElection (LeaderElection.java:logAndReturn(56)) - 79abbc2e-0a90-4a41-a17c-6388bb873359@group-B673650064C9-LeaderElection252: Election REJECTED; received 2 response(s) [79abbc2e-0a90-4a41-a17c-6388bb873359<-ebd8d1f9-8297-450f-abe7-393807ba0c7e#0:FAIL-t292, 79abbc2e-0a90-4a41-a17c-6388bb873359<-dbc121b5-e1e8-4c61-9d50-542b699a3d90#0:FAIL-t292] and 0 exception(s); 79abbc2e-0a90-4a41-a17c-6388bb873359@group-B673650064C9:t292, leader=null, voted=79abbc2e-0a90-4a41-a17c-6388bb873359, raftlog=79abbc2e-0a90-4a41-a17c-6388bb873359@group-B673650064C9-SegmentedRaftLog:OPENED:c-1,f-1,i0, conf=-1: [ebd8d1f9-8297-450f-abe7-393807ba0c7e:192.168.164.239:36510, dbc121b5-e1e8-4c61-9d50-542b699a3d90:192.168.164.239:43140, 79abbc2e-0a90-4a41-a17c-6388bb873359:192.168.164.239:37857], old=null
2019-10-15 17:18:15,884 [79abbc2e-0a90-4a41-a17c-6388bb873359@group-B673650064C9-LeaderElection252] INFO  impl.RaftServerImpl (RaftServerImpl.java:setRole(184)) - 79abbc2e-0a90-4a41-a17c-6388bb873359@group-B673650064C9: changes role from CANDIDATE to FOLLOWER at term 292 for DISCOVERED_A_NEW_TERM
2019-10-15 17:18:15,884 [79abbc2e-0a90-4a41-a17c-6388bb873359@group-B673650064C9-LeaderElection252] INFO  impl.RoleInfo (RoleInfo.java:shutdownLeaderElection(134)) - 79abbc2e-0a90-4a41-a17c-6388bb873359: shutdown LeaderElection
2019-10-15 17:18:15,884 [79abbc2e-0a90-4a41-a17c-6388bb873359@group-B673650064C9-LeaderElection252] INFO  impl.RoleInfo (RoleInfo.java:updateAndGet(143)) - 79abbc2e-0a90-4a41-a17c-6388bb873359: start FollowerState
2019-10-15 17:18:16,051 [Thread-1987] INFO  impl.FollowerState (FollowerState.java:run(108)) - 79abbc2e-0a90-4a41-a17c-6388bb873359@group-B673650064C9-FollowerState: change to CANDIDATE, lastRpcTime:167ms, electionTimeout:167ms
2019-10-15 17:18:16,052 [Thread-1987] INFO  impl.RoleInfo (RoleInfo.java:shutdownFollowerState(121)) - 79abbc2e-0a90-4a41-a17c-6388bb873359: shutdown FollowerState
2019-10-15 17:18:16,052 [Thread-1987] INFO  impl.RaftServerImpl (RaftServerImpl.java:setRole(184)) - 79abbc2e-0a90-4a41-a17c-6388bb873359@group-B673650064C9: changes role from  FOLLOWER to CANDIDATE at term 292 for changeToCandidate
2019-10-15 17:18:16,052 [Thread-1987] INFO  impl.RoleInfo (RoleInfo.java:updateAndGet(143)) - 79abbc2e-0a90-4a41-a17c-6388bb873359: start LeaderElection
2019-10-15 17:18:16,078 [79abbc2e-0a90-4a41-a17c-6388bb873359@group-B673650064C9-LeaderElection253] INFO  impl.LeaderElection (LeaderElection.java:askForVotes(178)) - 79abbc2e-0a90-4a41-a17c-6388bb873359@group-B673650064C9-LeaderElection253: begin an election at term 293 for -1: [ebd8d1f9-8297-450f-abe7-393807ba0c7e:192.168.164.239:36510, dbc121b5-e1e8-4c61-9d50-542b699a3d90:192.168.164.239:43140, 79abbc2e-0a90-4a41-a17c-6388bb873359:192.168.164.239:37857], old=null
2019-10-15 17:18:16,080 [grpc-default-executor-3] INFO  impl.RaftServerImpl (RaftServerImpl.java:setRole(184)) - dbc121b5-e1e8-4c61-9d50-542b699a3d90@group-B673650064C9: changes role from  FOLLOWER to FOLLOWER at term 293 for recognizeCandidate:79abbc2e-0a90-4a41-a17c-6388bb873359
2019-10-15 17:18:16,080 [grpc-default-executor-0] INFO  impl.RaftServerImpl (RaftServerImpl.java:setRole(184)) - ebd8d1f9-8297-450f-abe7-393807ba0c7e@group-B673650064C9: changes role from  FOLLOWER to FOLLOWER at term 293 for recognizeCandidate:79abbc2e-0a90-4a41-a17c-6388bb873359
2019-10-15 17:18:16,081 [grpc-default-executor-3] INFO  impl.RoleInfo (RoleInfo.java:shutdownFollowerState(121)) - dbc121b5-e1e8-4c61-9d50-542b699a3d90: shutdown FollowerState
2019-10-15 17:18:16,081 [grpc-default-executor-0] INFO  impl.RoleInfo (RoleInfo.java:shutdownFollowerState(121)) - ebd8d1f9-8297-450f-abe7-393807ba0c7e: shutdown FollowerState
2019-10-15 17:18:16,081 [Thread-1986] INFO  impl.FollowerState (FollowerState.java:run(117)) - dbc121b5-e1e8-4c61-9d50-542b699a3d90@group-B673650064C9-FollowerState was interrupted: java.lang.InterruptedException: sleep interrupted
2019-10-15 17:18:16,081 [grpc-default-executor-3] INFO  impl.RoleInfo (RoleInfo.java:updateAndGet(143)) - dbc121b5-e1e8-4c61-9d50-542b699a3d90: start FollowerState
2019-10-15 17:18:16,081 [Thread-1985] INFO  impl.FollowerState (FollowerState.java:run(117)) - ebd8d1f9-8297-450f-abe7-393807ba0c7e@group-B673650064C9-FollowerState was interrupted: java.lang.InterruptedException: sleep interrupted
2019-10-15 17:18:16,081 [grpc-default-executor-0] INFO  impl.RoleInfo (RoleInfo.java:updateAndGet(143)) - ebd8d1f9-8297-450f-abe7-393807ba0c7e: start FollowerState
2019-10-15 17:18:16,096 [79abbc2e-0a90-4a41-a17c-6388bb873359@group-B673650064C9-LeaderElection253] INFO  impl.LeaderElection (LeaderElection.java:logAndReturn(56)) - 79abbc2e-0a90-4a41-a17c-6388bb873359@group-B673650064C9-LeaderElection253: Election REJECTED; received 2 response(s) [79abbc2e-0a90-4a41-a17c-6388bb873359<-ebd8d1f9-8297-450f-abe7-393807ba0c7e#0:FAIL-t293, 79abbc2e-0a90-4a41-a17c-6388bb873359<-dbc121b5-e1e8-4c61-9d50-542b699a3d90#0:FAIL-t293] and 0 exception(s); 79abbc2e-0a90-4a41-a17c-6388bb873359@group-B673650064C9:t293, leader=null, voted=79abbc2e-0a90-4a41-a17c-6388bb873359, raftlog=79abbc2e-0a90-4a41-a17c-6388bb873359@group-B673650064C9-SegmentedRaftLog:OPENED:c-1,f-1,i0, conf=-1: [ebd8d1f9-8297-450f-abe7-393807ba0c7e:192.168.164.239:36510, dbc121b5-e1e8-4c61-9d50-542b699a3d90:192.168.164.239:43140, 79abbc2e-0a90-4a41-a17c-6388bb873359:192.168.164.239:37857], old=null
2019-10-15 17:18:16,096 [79abbc2e-0a90-4a41-a17c-6388bb873359@group-B673650064C9-LeaderElection253] INFO  impl.RaftServerImpl (RaftServerImpl.java:setRole(184)) - 79abbc2e-0a90-4a41-a17c-6388bb873359@group-B673650064C9: changes role from CANDIDATE to FOLLOWER at term 293 for DISCOVERED_A_NEW_TERM
2019-10-15 17:18:16,096 [79abbc2e-0a90-4a41-a17c-6388bb873359@group-B673650064C9-LeaderElection253] INFO  impl.RoleInfo (RoleInfo.java:shutdownLeaderElection(134)) - 79abbc2e-0a90-4a41-a17c-6388bb873359: shutdown LeaderElection
2019-10-15 17:18:16,097 [79abbc2e-0a90-4a41-a17c-6388bb873359@group-B673650064C9-LeaderElection253] INFO  impl.RoleInfo (RoleInfo.java:updateAndGet(143)) - 79abbc2e-0a90-4a41-a17c-6388bb873359: start FollowerState
2019-10-15 17:18:16,257 [Thread-1994] INFO  impl.FollowerState (FollowerState.java:run(108)) - 79abbc2e-0a90-4a41-a17c-6388bb873359@group-B673650064C9-FollowerState: change to CANDIDATE, lastRpcTime:160ms, electionTimeout:160ms
2019-10-15 17:18:16,257 [Thread-1994] INFO  impl.RoleInfo (RoleInfo.java:shutdownFollowerState(121)) - 79abbc2e-0a90-4a41-a17c-6388bb873359: shutdown FollowerState
2019-10-15 17:18:16,257 [Thread-1994] INFO  impl.RaftServerImpl (RaftServerImpl.java:setRole(184)) - 79abbc2e-0a90-4a41-a17c-6388bb873359@group-B673650064C9: changes role from  FOLLOWER to CANDIDATE at term 293 for changeToCandidate
2019-10-15 17:18:16,258 [Thread-1994] INFO  impl.RoleInfo (RoleInfo.java:updateAndGet(143)) - 79abbc2e-0a90-4a41-a17c-6388bb873359: start LeaderElection
2019-10-15 17:18:16,281 [79abbc2e-0a90-4a41-a17c-6388bb873359@group-B673650064C9-LeaderElection254] INFO  impl.LeaderElection (LeaderElection.java:askForVotes(178)) - 79abbc2e-0a90-4a41-a17c-6388bb873359@group-B673650064C9-LeaderElection254: begin an election at term 294 for -1: [ebd8d1f9-8297-450f-abe7-393807ba0c7e:192.168.164.239:36510, dbc121b5-e1e8-4c61-9d50-542b699a3d90:192.168.164.239:43140, 79abbc2e-0a90-4a41-a17c-6388bb873359:192.168.164.239:37857], old=null
2019-10-15 17:18:16,283 [grpc-default-executor-0] INFO  impl.RaftServerImpl (RaftServerImpl.java:setRole(184)) - dbc121b5-e1e8-4c61-9d50-542b699a3d90@group-B673650064C9: changes role from  FOLLOWER to FOLLOWER at term 294 for recognizeCandidate:79abbc2e-0a90-4a41-a17c-6388bb873359
2019-10-15 17:18:16,284 [grpc-default-executor-0] INFO  impl.RoleInfo (RoleInfo.java:shutdownFollowerState(121)) - dbc121b5-e1e8-4c61-9d50-542b699a3d90: shutdown FollowerState
2019-10-15 17:18:16,283 [grpc-default-executor-3] INFO  impl.RaftServerImpl (RaftServerImpl.java:setRole(184)) - ebd8d1f9-8297-450f-abe7-393807ba0c7e@group-B673650064C9: changes role from  FOLLOWER to FOLLOWER at term 294 for recognizeCandidate:79abbc2e-0a90-4a41-a17c-6388bb873359
2019-10-15 17:18:16,284 [grpc-default-executor-3] INFO  impl.RoleInfo (RoleInfo.java:shutdownFollowerState(121)) - ebd8d1f9-8297-450f-abe7-393807ba0c7e: shutdown FollowerState
2019-10-15 17:18:16,284 [Thread-1991] INFO  impl.FollowerState (FollowerState.java:run(117)) - dbc121b5-e1e8-4c61-9d50-542b699a3d90@group-B673650064C9-FollowerState was interrupted: java.lang.InterruptedException: sleep interrupted
2019-10-15 17:18:16,284 [grpc-default-executor-0] INFO  impl.RoleInfo (RoleInfo.java:updateAndGet(143)) - dbc121b5-e1e8-4c61-9d50-542b699a3d90: start FollowerState
2019-10-15 17:18:16,284 [grpc-default-executor-3] INFO  impl.RoleInfo (RoleInfo.java:updateAndGet(143)) - ebd8d1f9-8297-450f-abe7-393807ba0c7e: start FollowerState
2019-10-15 17:18:16,284 [Thread-1992] INFO  impl.FollowerState (FollowerState.java:run(117)) - ebd8d1f9-8297-450f-abe7-393807ba0c7e@group-B673650064C9-FollowerState was interrupted: java.lang.InterruptedException: sleep interrupted
2019-10-15 17:18:16,299 [79abbc2e-0a90-4a41-a17c-6388bb873359@group-B673650064C9-LeaderElection254] INFO  impl.LeaderElection (LeaderElection.java:logAndReturn(56)) - 79abbc2e-0a90-4a41-a17c-6388bb873359@group-B673650064C9-LeaderElection254: Election REJECTED; received 2 response(s) [79abbc2e-0a90-4a41-a17c-6388bb873359<-ebd8d1f9-8297-450f-abe7-393807ba0c7e#0:FAIL-t294, 79abbc2e-0a90-4a41-a17c-6388bb873359<-dbc121b5-e1e8-4c61-9d50-542b699a3d90#0:FAIL-t294] and 0 exception(s); 79abbc2e-0a90-4a41-a17c-6388bb873359@group-B673650064C9:t294, leader=null, voted=79abbc2e-0a90-4a41-a17c-6388bb873359, raftlog=79abbc2e-0a90-4a41-a17c-6388bb873359@group-B673650064C9-SegmentedRaftLog:OPENED:c-1,f-1,i0, conf=-1: [ebd8d1f9-8297-450f-abe7-393807ba0c7e:192.168.164.239:36510, dbc121b5-e1e8-4c61-9d50-542b699a3d90:192.168.164.239:43140, 79abbc2e-0a90-4a41-a17c-6388bb873359:192.168.164.239:37857], old=null
2019-10-15 17:18:16,299 [79abbc2e-0a90-4a41-a17c-6388bb873359@group-B673650064C9-LeaderElection254] INFO  impl.RaftServerImpl (RaftServerImpl.java:setRole(184)) - 79abbc2e-0a90-4a41-a17c-6388bb873359@group-B673650064C9: changes role from CANDIDATE to FOLLOWER at term 294 for DISCOVERED_A_NEW_TERM
2019-10-15 17:18:16,299 [79abbc2e-0a90-4a41-a17c-6388bb873359@group-B673650064C9-LeaderElection254] INFO  impl.RoleInfo (RoleInfo.java:shutdownLeaderElection(134)) - 79abbc2e-0a90-4a41-a17c-6388bb873359: shutdown LeaderElection
2019-10-15 17:18:16,299 [79abbc2e-0a90-4a41-a17c-6388bb873359@group-B673650064C9-LeaderElection254] INFO  impl.RoleInfo (RoleInfo.java:updateAndGet(143)) - 79abbc2e-0a90-4a41-a17c-6388bb873359: start FollowerState
2019-10-15 17:18:16,446 [Thread-2001] INFO  impl.FollowerState (FollowerState.java:run(108)) - 79abbc2e-0a90-4a41-a17c-6388bb873359@group-B673650064C9-FollowerState: change to CANDIDATE, lastRpcTime:146ms, electionTimeout:146ms
2019-10-15 17:18:16,446 [Thread-2001] INFO  impl.RoleInfo (RoleInfo.java:shutdownFollowerState(121)) - 79abbc2e-0a90-4a41-a17c-6388bb873359: shutdown FollowerState
2019-10-15 17:18:16,446 [Thread-2001] INFO  impl.RaftServerImpl (RaftServerImpl.java:setRole(184)) - 79abbc2e-0a90-4a41-a17c-6388bb873359@group-B673650064C9: changes role from  FOLLOWER to CANDIDATE at term 294 for changeToCandidate
2019-10-15 17:18:16,446 [Thread-2001] INFO  impl.RoleInfo (RoleInfo.java:updateAndGet(143)) - 79abbc2e-0a90-4a41-a17c-6388bb873359: start LeaderElection
2019-10-15 17:18:16,475 [79abbc2e-0a90-4a41-a17c-6388bb873359@group-B673650064C9-LeaderElection255] INFO  impl.LeaderElection (LeaderElection.java:askForVotes(178)) - 79abbc2e-0a90-4a41-a17c-6388bb873359@group-B673650064C9-LeaderElection255: begin an election at term 295 for -1: [ebd8d1f9-8297-450f-abe7-393807ba0c7e:192.168.164.239:36510, dbc121b5-e1e8-4c61-9d50-542b699a3d90:192.168.164.239:43140, 79abbc2e-0a90-4a41-a17c-6388bb873359:192.168.164.239:37857], old=null
2019-10-15 17:18:16,480 [grpc-default-executor-3] INFO  impl.RaftServerImpl (RaftServerImpl.java:setRole(184)) - dbc121b5-e1e8-4c61-9d50-542b699a3d90@group-B673650064C9: changes role from  FOLLOWER to FOLLOWER at term 295 for recognizeCandidate:79abbc2e-0a90-4a41-a17c-6388bb873359
2019-10-15 17:18:16,480 [grpc-default-executor-0] INFO  impl.RaftServerImpl (RaftServerImpl.java:setRole(184)) - ebd8d1f9-8297-450f-abe7-393807ba0c7e@group-B673650064C9: changes role from  FOLLOWER to FOLLOWER at term 295 for recognizeCandidate:79abbc2e-0a90-4a41-a17c-6388bb873359
2019-10-15 17:18:16,481 [grpc-default-executor-3] INFO  impl.RoleInfo (RoleInfo.java:shutdownFollowerState(121)) - dbc121b5-e1e8-4c61-9d50-542b699a3d90: shutdown FollowerState
2019-10-15 17:18:16,481 [grpc-default-executor-0] INFO  impl.RoleInfo (RoleInfo.java:shutdownFollowerState(121)) - ebd8d1f9-8297-450f-abe7-393807ba0c7e: shutdown FollowerState
2019-10-15 17:18:16,481 [grpc-default-executor-3] INFO  impl.RoleInfo (RoleInfo.java:updateAndGet(143)) - dbc121b5-e1e8-4c61-9d50-542b699a3d90: start FollowerState
2019-10-15 17:18:16,481 [Thread-2000] INFO  impl.FollowerState (FollowerState.java:run(117)) - ebd8d1f9-8297-450f-abe7-393807ba0c7e@group-B673650064C9-FollowerState was interrupted: java.lang.InterruptedException: sleep interrupted
2019-10-15 17:18:16,481 [Thread-1999] INFO  impl.FollowerState (FollowerState.java:run(117)) - dbc121b5-e1e8-4c61-9d50-542b699a3d90@group-B673650064C9-FollowerState was interrupted: java.lang.InterruptedException: sleep interrupted
2019-10-15 17:18:16,481 [grpc-default-executor-0] INFO  impl.RoleInfo (RoleInfo.java:updateAndGet(143)) - ebd8d1f9-8297-450f-abe7-393807ba0c7e: start FollowerState
2019-10-15 17:18:16,502 [79abbc2e-0a90-4a41-a17c-6388bb873359@group-B673650064C9-LeaderElection255] INFO  impl.LeaderElection (LeaderElection.java:logAndReturn(56)) - 79abbc2e-0a90-4a41-a17c-6388bb873359@group-B673650064C9-LeaderElection255: Election REJECTED; received 2 response(s) [79abbc2e-0a90-4a41-a17c-6388bb873359<-ebd8d1f9-8297-450f-abe7-393807ba0c7e#0:FAIL-t295, 79abbc2e-0a90-4a41-a17c-6388bb873359<-dbc121b5-e1e8-4c61-9d50-542b699a3d90#0:FAIL-t295] and 0 exception(s); 79abbc2e-0a90-4a41-a17c-6388bb873359@group-B673650064C9:t295, leader=null, voted=79abbc2e-0a90-4a41-a17c-6388bb873359, raftlog=79abbc2e-0a90-4a41-a17c-6388bb873359@group-B673650064C9-SegmentedRaftLog:OPENED:c-1,f-1,i0, conf=-1: [ebd8d1f9-8297-450f-abe7-393807ba0c7e:192.168.164.239:36510, dbc121b5-e1e8-4c61-9d50-542b699a3d90:192.168.164.239:43140, 79abbc2e-0a90-4a41-a17c-6388bb873359:192.168.164.239:37857], old=null
2019-10-15 17:18:16,502 [79abbc2e-0a90-4a41-a17c-6388bb873359@group-B673650064C9-LeaderElection255] INFO  impl.RaftServerImpl (RaftServerImpl.java:setRole(184)) - 79abbc2e-0a90-4a41-a17c-6388bb873359@group-B673650064C9: changes role from CANDIDATE to FOLLOWER at term 295 for DISCOVERED_A_NEW_TERM
2019-10-15 17:18:16,502 [79abbc2e-0a90-4a41-a17c-6388bb873359@group-B673650064C9-LeaderElection255] INFO  impl.RoleInfo (RoleInfo.java:shutdownLeaderElection(134)) - 79abbc2e-0a90-4a41-a17c-6388bb873359: shutdown LeaderElection
2019-10-15 17:18:16,502 [79abbc2e-0a90-4a41-a17c-6388bb873359@group-B673650064C9-LeaderElection255] INFO  impl.RoleInfo (RoleInfo.java:updateAndGet(143)) - 79abbc2e-0a90-4a41-a17c-6388bb873359: start FollowerState
2019-10-15 17:18:16,586 [Thread-2007] INFO  impl.FollowerState (FollowerState.java:run(108)) - 79abbc2e-0a90-4a41-a17c-6388bb873359@group-B673650064C9-FollowerState: change to CANDIDATE, lastRpcTime:83ms, electionTimeout:83ms
2019-10-15 17:18:16,586 [Thread-2007] INFO  impl.RoleInfo (RoleInfo.java:shutdownFollowerState(121)) - 79abbc2e-0a90-4a41-a17c-6388bb873359: shutdown FollowerState
2019-10-15 17:18:16,586 [Thread-2007] INFO  impl.RaftServerImpl (RaftServerImpl.java:setRole(184)) - 79abbc2e-0a90-4a41-a17c-6388bb873359@group-B673650064C9: changes role from  FOLLOWER to CANDIDATE at term 295 for changeToCandidate
2019-10-15 17:18:16,586 [Thread-2007] INFO  impl.RoleInfo (RoleInfo.java:updateAndGet(143)) - 79abbc2e-0a90-4a41-a17c-6388bb873359: start LeaderElection
2019-10-15 17:18:16,621 [79abbc2e-0a90-4a41-a17c-6388bb873359@group-B673650064C9-LeaderElection256] INFO  impl.LeaderElection (LeaderElection.java:askForVotes(178)) - 79abbc2e-0a90-4a41-a17c-6388bb873359@group-B673650064C9-LeaderElection256: begin an election at term 296 for -1: [ebd8d1f9-8297-450f-abe7-393807ba0c7e:192.168.164.239:36510, dbc121b5-e1e8-4c61-9d50-542b699a3d90:192.168.164.239:43140, 79abbc2e-0a90-4a41-a17c-6388bb873359:192.168.164.239:37857], old=null
2019-10-15 17:18:16,623 [grpc-default-executor-3] INFO  impl.RaftServerImpl (RaftServerImpl.java:setRole(184)) - ebd8d1f9-8297-450f-abe7-393807ba0c7e@group-B673650064C9: changes role from  FOLLOWER to FOLLOWER at term 296 for recognizeCandidate:79abbc2e-0a90-4a41-a17c-6388bb873359
2019-10-15 17:18:16,623 [grpc-default-executor-0] INFO  impl.RaftServerImpl (RaftServerImpl.java:setRole(184)) - dbc121b5-e1e8-4c61-9d50-542b699a3d90@group-B673650064C9: changes role from  FOLLOWER to FOLLOWER at term 296 for recognizeCandidate:79abbc2e-0a90-4a41-a17c-6388bb873359
2019-10-15 17:18:16,623 [grpc-default-executor-3] INFO  impl.RoleInfo (RoleInfo.java:shutdownFollowerState(121)) - ebd8d1f9-8297-450f-abe7-393807ba0c7e: shutdown FollowerState
2019-10-15 17:18:16,623 [grpc-default-executor-0] INFO  impl.RoleInfo (RoleInfo.java:shutdownFollowerState(121)) - dbc121b5-e1e8-4c61-9d50-542b699a3d90: shutdown FollowerState
2019-10-15 17:18:16,623 [Thread-2006] INFO  impl.FollowerState (FollowerState.java:run(117)) - ebd8d1f9-8297-450f-abe7-393807ba0c7e@group-B673650064C9-FollowerState was interrupted: java.lang.InterruptedException: sleep interrupted
2019-10-15 17:18:16,623 [grpc-default-executor-3] INFO  impl.RoleInfo (RoleInfo.java:updateAndGet(143)) - ebd8d1f9-8297-450f-abe7-393807ba0c7e: start FollowerState
2019-10-15 17:18:16,623 [Thread-2005] INFO  impl.FollowerState (FollowerState.java:run(117)) - dbc121b5-e1e8-4c61-9d50-542b699a3d90@group-B673650064C9-FollowerState was interrupted: java.lang.InterruptedException: sleep interrupted
2019-10-15 17:18:16,623 [grpc-default-executor-0] INFO  impl.RoleInfo (RoleInfo.java:updateAndGet(143)) - dbc121b5-e1e8-4c61-9d50-542b699a3d90: start FollowerState
2019-10-15 17:18:16,639 [79abbc2e-0a90-4a41-a17c-6388bb873359@group-B673650064C9-LeaderElection256] INFO  impl.LeaderElection (LeaderElection.java:logAndReturn(56)) - 79abbc2e-0a90-4a41-a17c-6388bb873359@group-B673650064C9-LeaderElection256: Election REJECTED; received 2 response(s) [79abbc2e-0a90-4a41-a17c-6388bb873359<-ebd8d1f9-8297-450f-abe7-393807ba0c7e#0:FAIL-t296, 79abbc2e-0a90-4a41-a17c-6388bb873359<-dbc121b5-e1e8-4c61-9d50-542b699a3d90#0:FAIL-t296] and 0 exception(s); 79abbc2e-0a90-4a41-a17c-6388bb873359@group-B673650064C9:t296, leader=null, voted=79abbc2e-0a90-4a41-a17c-6388bb873359, raftlog=79abbc2e-0a90-4a41-a17c-6388bb873359@group-B673650064C9-SegmentedRaftLog:OPENED:c-1,f-1,i0, conf=-1: [ebd8d1f9-8297-450f-abe7-393807ba0c7e:192.168.164.239:36510, dbc121b5-e1e8-4c61-9d50-542b699a3d90:192.168.164.239:43140, 79abbc2e-0a90-4a41-a17c-6388bb873359:192.168.164.239:37857], old=null
2019-10-15 17:18:16,639 [79abbc2e-0a90-4a41-a17c-6388bb873359@group-B673650064C9-LeaderElection256] INFO  impl.RaftServerImpl (RaftServerImpl.java:setRole(184)) - 79abbc2e-0a90-4a41-a17c-6388bb873359@group-B673650064C9: changes role from CANDIDATE to FOLLOWER at term 296 for DISCOVERED_A_NEW_TERM
2019-10-15 17:18:16,639 [79abbc2e-0a90-4a41-a17c-6388bb873359@group-B673650064C9-LeaderElection256] INFO  impl.RoleInfo (RoleInfo.java:shutdownLeaderElection(134)) - 79abbc2e-0a90-4a41-a17c-6388bb873359: shutdown LeaderElection
2019-10-15 17:18:16,639 [79abbc2e-0a90-4a41-a17c-6388bb873359@group-B673650064C9-LeaderElection256] INFO  impl.RoleInfo (RoleInfo.java:updateAndGet(143)) - 79abbc2e-0a90-4a41-a17c-6388bb873359: start FollowerState
2019-10-15 17:18:16,769 [Thread-2013] INFO  impl.FollowerState (FollowerState.java:run(108)) - 79abbc2e-0a90-4a41-a17c-6388bb873359@group-B673650064C9-FollowerState: change to CANDIDATE, lastRpcTime:130ms, electionTimeout:130ms
2019-10-15 17:18:16,770 [Thread-2013] INFO  impl.RoleInfo (RoleInfo.java:shutdownFollowerState(121)) - 79abbc2e-0a90-4a41-a17c-6388bb873359: shutdown FollowerState
2019-10-15 17:18:16,770 [Thread-2013] INFO  impl.RaftServerImpl (RaftServerImpl.java:setRole(184)) - 79abbc2e-0a90-4a41-a17c-6388bb873359@group-B673650064C9: changes role from  FOLLOWER to CANDIDATE at term 296 for changeToCandidate
2019-10-15 17:18:16,770 [Thread-2013] INFO  impl.RoleInfo (RoleInfo.java:updateAndGet(143)) - 79abbc2e-0a90-4a41-a17c-6388bb873359: start LeaderElection
2019-10-15 17:18:16,799 [79abbc2e-0a90-4a41-a17c-6388bb873359@group-B673650064C9-LeaderElection257] INFO  impl.LeaderElection (LeaderElection.java:askForVotes(178)) - 79abbc2e-0a90-4a41-a17c-6388bb873359@group-B673650064C9-LeaderElection257: begin an election at term 297 for -1: [ebd8d1f9-8297-450f-abe7-393807ba0c7e:192.168.164.239:36510, dbc121b5-e1e8-4c61-9d50-542b699a3d90:192.168.164.239:43140, 79abbc2e-0a90-4a41-a17c-6388bb873359:192.168.164.239:37857], old=null
2019-10-15 17:18:16,800 [grpc-default-executor-0] INFO  impl.RaftServerImpl (RaftServerImpl.java:setRole(184)) - ebd8d1f9-8297-450f-abe7-393807ba0c7e@group-B673650064C9: changes role from  FOLLOWER to FOLLOWER at term 297 for recognizeCandidate:79abbc2e-0a90-4a41-a17c-6388bb873359
2019-10-15 17:18:16,801 [grpc-default-executor-0] INFO  impl.RoleInfo (RoleInfo.java:shutdownFollowerState(121)) - ebd8d1f9-8297-450f-abe7-393807ba0c7e: shutdown FollowerState
2019-10-15 17:18:16,801 [grpc-default-executor-3] INFO  impl.RaftServerImpl (RaftServerImpl.java:setRole(184)) - dbc121b5-e1e8-4c61-9d50-542b699a3d90@group-B673650064C9: changes role from  FOLLOWER to FOLLOWER at term 297 for recognizeCandidate:79abbc2e-0a90-4a41-a17c-6388bb873359
2019-10-15 17:18:16,801 [Thread-2011] INFO  impl.FollowerState (FollowerState.java:run(117)) - ebd8d1f9-8297-450f-abe7-393807ba0c7e@group-B673650064C9-FollowerState was interrupted: java.lang.InterruptedException: sleep interrupted
2019-10-15 17:18:16,801 [grpc-default-executor-0] INFO  impl.RoleInfo (RoleInfo.java:updateAndGet(143)) - ebd8d1f9-8297-450f-abe7-393807ba0c7e: start FollowerState
2019-10-15 17:18:16,801 [grpc-default-executor-3] INFO  impl.RoleInfo (RoleInfo.java:shutdownFollowerState(121)) - dbc121b5-e1e8-4c61-9d50-542b699a3d90: shutdown FollowerState
2019-10-15 17:18:16,801 [grpc-default-executor-3] INFO  impl.RoleInfo (RoleInfo.java:updateAndGet(143)) - dbc121b5-e1e8-4c61-9d50-542b699a3d90: start FollowerState
2019-10-15 17:18:16,801 [Thread-2012] INFO  impl.FollowerState (FollowerState.java:run(117)) - dbc121b5-e1e8-4c61-9d50-542b699a3d90@group-B673650064C9-FollowerState was interrupted: java.lang.InterruptedException: sleep interrupted
2019-10-15 17:18:16,817 [79abbc2e-0a90-4a41-a17c-6388bb873359@group-B673650064C9-LeaderElection257] INFO  impl.LeaderElection (LeaderElection.java:logAndReturn(56)) - 79abbc2e-0a90-4a41-a17c-6388bb873359@group-B673650064C9-LeaderElection257: Election REJECTED; received 2 response(s) [79abbc2e-0a90-4a41-a17c-6388bb873359<-ebd8d1f9-8297-450f-abe7-393807ba0c7e#0:FAIL-t297, 79abbc2e-0a90-4a41-a17c-6388bb873359<-dbc121b5-e1e8-4c61-9d50-542b699a3d90#0:FAIL-t297] and 0 exception(s); 79abbc2e-0a90-4a41-a17c-6388bb873359@group-B673650064C9:t297, leader=null, voted=79abbc2e-0a90-4a41-a17c-6388bb873359, raftlog=79abbc2e-0a90-4a41-a17c-6388bb873359@group-B673650064C9-SegmentedRaftLog:OPENED:c-1,f-1,i0, conf=-1: [ebd8d1f9-8297-450f-abe7-393807ba0c7e:192.168.164.239:36510, dbc121b5-e1e8-4c61-9d50-542b699a3d90:192.168.164.239:43140, 79abbc2e-0a90-4a41-a17c-6388bb873359:192.168.164.239:37857], old=null
2019-10-15 17:18:16,817 [79abbc2e-0a90-4a41-a17c-6388bb873359@group-B673650064C9-LeaderElection257] INFO  impl.RaftServerImpl (RaftServerImpl.java:setRole(184)) - 79abbc2e-0a90-4a41-a17c-6388bb873359@group-B673650064C9: changes role from CANDIDATE to FOLLOWER at term 297 for DISCOVERED_A_NEW_TERM
2019-10-15 17:18:16,817 [79abbc2e-0a90-4a41-a17c-6388bb873359@group-B673650064C9-LeaderElection257] INFO  impl.RoleInfo (RoleInfo.java:shutdownLeaderElection(134)) - 79abbc2e-0a90-4a41-a17c-6388bb873359: shutdown LeaderElection
2019-10-15 17:18:16,817 [79abbc2e-0a90-4a41-a17c-6388bb873359@group-B673650064C9-LeaderElection257] INFO  impl.RoleInfo (RoleInfo.java:updateAndGet(143)) - 79abbc2e-0a90-4a41-a17c-6388bb873359: start FollowerState
2019-10-15 17:18:16,834 [Thread-2019] INFO  impl.FollowerState (FollowerState.java:run(108)) - 79abbc2e-0a90-4a41-a17c-6388bb873359@group-B673650064C9-FollowerState: change to CANDIDATE, lastRpcTime:16ms, electionTimeout:16ms
2019-10-15 17:18:16,834 [Thread-2019] INFO  impl.RoleInfo (RoleInfo.java:shutdownFollowerState(121)) - 79abbc2e-0a90-4a41-a17c-6388bb873359: shutdown FollowerState
2019-10-15 17:18:16,834 [Thread-2019] INFO  impl.RaftServerImpl (RaftServerImpl.java:setRole(184)) - 79abbc2e-0a90-4a41-a17c-6388bb873359@group-B673650064C9: changes role from  FOLLOWER to CANDIDATE at term 297 for changeToCandidate
2019-10-15 17:18:16,834 [Thread-2019] INFO  impl.RoleInfo (RoleInfo.java:updateAndGet(143)) - 79abbc2e-0a90-4a41-a17c-6388bb873359: start LeaderElection
2019-10-15 17:18:16,859 [79abbc2e-0a90-4a41-a17c-6388bb873359@group-B673650064C9-LeaderElection258] INFO  impl.LeaderElection (LeaderElection.java:askForVotes(178)) - 79abbc2e-0a90-4a41-a17c-6388bb873359@group-B673650064C9-LeaderElection258: begin an election at term 298 for -1: [ebd8d1f9-8297-450f-abe7-393807ba0c7e:192.168.164.239:36510, dbc121b5-e1e8-4c61-9d50-542b699a3d90:192.168.164.239:43140, 79abbc2e-0a90-4a41-a17c-6388bb873359:192.168.164.239:37857], old=null
2019-10-15 17:18:16,860 [grpc-default-executor-0] INFO  impl.RaftServerImpl (RaftServerImpl.java:setRole(184)) - dbc121b5-e1e8-4c61-9d50-542b699a3d90@group-B673650064C9: changes role from  FOLLOWER to FOLLOWER at term 298 for recognizeCandidate:79abbc2e-0a90-4a41-a17c-6388bb873359
2019-10-15 17:18:16,861 [grpc-default-executor-0] INFO  impl.RoleInfo (RoleInfo.java:shutdownFollowerState(121)) - dbc121b5-e1e8-4c61-9d50-542b699a3d90: shutdown FollowerState
2019-10-15 17:18:16,861 [grpc-default-executor-3] INFO  impl.RaftServerImpl (RaftServerImpl.java:setRole(184)) - ebd8d1f9-8297-450f-abe7-393807ba0c7e@group-B673650064C9: changes role from  FOLLOWER to FOLLOWER at term 298 for recognizeCandidate:79abbc2e-0a90-4a41-a17c-6388bb873359
2019-10-15 17:18:16,861 [Thread-2018] INFO  impl.FollowerState (FollowerState.java:run(117)) - dbc121b5-e1e8-4c61-9d50-542b699a3d90@group-B673650064C9-FollowerState was interrupted: java.lang.InterruptedException: sleep interrupted
2019-10-15 17:18:16,861 [grpc-default-executor-0] INFO  impl.RoleInfo (RoleInfo.java:updateAndGet(143)) - dbc121b5-e1e8-4c61-9d50-542b699a3d90: start FollowerState
2019-10-15 17:18:16,861 [grpc-default-executor-3] INFO  impl.RoleInfo (RoleInfo.java:shutdownFollowerState(121)) - ebd8d1f9-8297-450f-abe7-393807ba0c7e: shutdown FollowerState
2019-10-15 17:18:16,861 [Thread-2017] INFO  impl.FollowerState (FollowerState.java:run(117)) - ebd8d1f9-8297-450f-abe7-393807ba0c7e@group-B673650064C9-FollowerState was interrupted: java.lang.InterruptedException: sleep interrupted
2019-10-15 17:18:16,861 [grpc-default-executor-3] INFO  impl.RoleInfo (RoleInfo.java:updateAndGet(143)) - ebd8d1f9-8297-450f-abe7-393807ba0c7e: start FollowerState
2019-10-15 17:18:16,877 [79abbc2e-0a90-4a41-a17c-6388bb873359@group-B673650064C9-LeaderElection258] INFO  impl.LeaderElection (LeaderElection.java:logAndReturn(56)) - 79abbc2e-0a90-4a41-a17c-6388bb873359@group-B673650064C9-LeaderElection258: Election REJECTED; received 2 response(s) [79abbc2e-0a90-4a41-a17c-6388bb873359<-ebd8d1f9-8297-450f-abe7-393807ba0c7e#0:FAIL-t298, 79abbc2e-0a90-4a41-a17c-6388bb873359<-dbc121b5-e1e8-4c61-9d50-542b699a3d90#0:FAIL-t298] and 0 exception(s); 79abbc2e-0a90-4a41-a17c-6388bb873359@group-B673650064C9:t298, leader=null, voted=79abbc2e-0a90-4a41-a17c-6388bb873359, raftlog=79abbc2e-0a90-4a41-a17c-6388bb873359@group-B673650064C9-SegmentedRaftLog:OPENED:c-1,f-1,i0, conf=-1: [ebd8d1f9-8297-450f-abe7-393807ba0c7e:192.168.164.239:36510, dbc121b5-e1e8-4c61-9d50-542b699a3d90:192.168.164.239:43140, 79abbc2e-0a90-4a41-a17c-6388bb873359:192.168.164.239:37857], old=null
2019-10-15 17:18:16,877 [79abbc2e-0a90-4a41-a17c-6388bb873359@group-B673650064C9-LeaderElection258] INFO  impl.RaftServerImpl (RaftServerImpl.java:setRole(184)) - 79abbc2e-0a90-4a41-a17c-6388bb873359@group-B673650064C9: changes role from CANDIDATE to FOLLOWER at term 298 for DISCOVERED_A_NEW_TERM
2019-10-15 17:18:16,877 [79abbc2e-0a90-4a41-a17c-6388bb873359@group-B673650064C9-LeaderElection258] INFO  impl.RoleInfo (RoleInfo.java:shutdownLeaderElection(134)) - 79abbc2e-0a90-4a41-a17c-6388bb873359: shutdown LeaderElection
2019-10-15 17:18:16,877 [79abbc2e-0a90-4a41-a17c-6388bb873359@group-B673650064C9-LeaderElection258] INFO  impl.RoleInfo (RoleInfo.java:updateAndGet(143)) - 79abbc2e-0a90-4a41-a17c-6388bb873359: start FollowerState
2019-10-15 17:18:16,908 [Thread-2025] INFO  impl.FollowerState (FollowerState.java:run(108)) - 79abbc2e-0a90-4a41-a17c-6388bb873359@group-B673650064C9-FollowerState: change to CANDIDATE, lastRpcTime:30ms, electionTimeout:30ms
2019-10-15 17:18:16,908 [Thread-2025] INFO  impl.RoleInfo (RoleInfo.java:shutdownFollowerState(121)) - 79abbc2e-0a90-4a41-a17c-6388bb873359: shutdown FollowerState
2019-10-15 17:18:16,908 [Thread-2025] INFO  impl.RaftServerImpl (RaftServerImpl.java:setRole(184)) - 79abbc2e-0a90-4a41-a17c-6388bb873359@group-B673650064C9: changes role from  FOLLOWER to CANDIDATE at term 298 for changeToCandidate
2019-10-15 17:18:16,908 [Thread-2025] INFO  impl.RoleInfo (RoleInfo.java:updateAndGet(143)) - 79abbc2e-0a90-4a41-a17c-6388bb873359: start LeaderElection
2019-10-15 17:18:16,936 [79abbc2e-0a90-4a41-a17c-6388bb873359@group-B673650064C9-LeaderElection259] INFO  impl.LeaderElection (LeaderElection.java:askForVotes(178)) - 79abbc2e-0a90-4a41-a17c-6388bb873359@group-B673650064C9-LeaderElection259: begin an election at term 299 for -1: [ebd8d1f9-8297-450f-abe7-393807ba0c7e:192.168.164.239:36510, dbc121b5-e1e8-4c61-9d50-542b699a3d90:192.168.164.239:43140, 79abbc2e-0a90-4a41-a17c-6388bb873359:192.168.164.239:37857], old=null
2019-10-15 17:18:16,938 [grpc-default-executor-3] INFO  impl.RaftServerImpl (RaftServerImpl.java:setRole(184)) - dbc121b5-e1e8-4c61-9d50-542b699a3d90@group-B673650064C9: changes role from  FOLLOWER to FOLLOWER at term 299 for recognizeCandidate:79abbc2e-0a90-4a41-a17c-6388bb873359
2019-10-15 17:18:16,939 [grpc-default-executor-3] INFO  impl.RoleInfo (RoleInfo.java:shutdownFollowerState(121)) - dbc121b5-e1e8-4c61-9d50-542b699a3d90: shutdown FollowerState
2019-10-15 17:18:16,938 [grpc-default-executor-0] INFO  impl.RaftServerImpl (RaftServerImpl.java:setRole(184)) - ebd8d1f9-8297-450f-abe7-393807ba0c7e@group-B673650064C9: changes role from  FOLLOWER to FOLLOWER at term 299 for recognizeCandidate:79abbc2e-0a90-4a41-a17c-6388bb873359
2019-10-15 17:18:16,939 [grpc-default-executor-3] INFO  impl.RoleInfo (RoleInfo.java:updateAndGet(143)) - dbc121b5-e1e8-4c61-9d50-542b699a3d90: start FollowerState
2019-10-15 17:18:16,939 [grpc-default-executor-0] INFO  impl.RoleInfo (RoleInfo.java:shutdownFollowerState(121)) - ebd8d1f9-8297-450f-abe7-393807ba0c7e: shutdown FollowerState
2019-10-15 17:18:16,939 [Thread-2023] INFO  impl.FollowerState (FollowerState.java:run(117)) - dbc121b5-e1e8-4c61-9d50-542b699a3d90@group-B673650064C9-FollowerState was interrupted: java.lang.InterruptedException: sleep interrupted
2019-10-15 17:18:16,939 [Thread-2024] INFO  impl.FollowerState (FollowerState.java:run(117)) - ebd8d1f9-8297-450f-abe7-393807ba0c7e@group-B673650064C9-FollowerState was interrupted: java.lang.InterruptedException: sleep interrupted
2019-10-15 17:18:16,939 [grpc-default-executor-0] INFO  impl.RoleInfo (RoleInfo.java:updateAndGet(143)) - ebd8d1f9-8297-450f-abe7-393807ba0c7e: start FollowerState
2019-10-15 17:18:16,954 [79abbc2e-0a90-4a41-a17c-6388bb873359@group-B673650064C9-LeaderElection259] INFO  impl.LeaderElection (LeaderElection.java:logAndReturn(56)) - 79abbc2e-0a90-4a41-a17c-6388bb873359@group-B673650064C9-LeaderElection259: Election REJECTED; received 2 response(s) [79abbc2e-0a90-4a41-a17c-6388bb873359<-ebd8d1f9-8297-450f-abe7-393807ba0c7e#0:FAIL-t299, 79abbc2e-0a90-4a41-a17c-6388bb873359<-dbc121b5-e1e8-4c61-9d50-542b699a3d90#0:FAIL-t299] and 0 exception(s); 79abbc2e-0a90-4a41-a17c-6388bb873359@group-B673650064C9:t299, leader=null, voted=79abbc2e-0a90-4a41-a17c-6388bb873359, raftlog=79abbc2e-0a90-4a41-a17c-6388bb873359@group-B673650064C9-SegmentedRaftLog:OPENED:c-1,f-1,i0, conf=-1: [ebd8d1f9-8297-450f-abe7-393807ba0c7e:192.168.164.239:36510, dbc121b5-e1e8-4c61-9d50-542b699a3d90:192.168.164.239:43140, 79abbc2e-0a90-4a41-a17c-6388bb873359:192.168.164.239:37857], old=null
2019-10-15 17:18:16,954 [79abbc2e-0a90-4a41-a17c-6388bb873359@group-B673650064C9-LeaderElection259] INFO  impl.RaftServerImpl (RaftServerImpl.java:setRole(184)) - 79abbc2e-0a90-4a41-a17c-6388bb873359@group-B673650064C9: changes role from CANDIDATE to FOLLOWER at term 299 for DISCOVERED_A_NEW_TERM
2019-10-15 17:18:16,954 [79abbc2e-0a90-4a41-a17c-6388bb873359@group-B673650064C9-LeaderElection259] INFO  impl.RoleInfo (RoleInfo.java:shutdownLeaderElection(134)) - 79abbc2e-0a90-4a41-a17c-6388bb873359: shutdown LeaderElection
2019-10-15 17:18:16,954 [79abbc2e-0a90-4a41-a17c-6388bb873359@group-B673650064C9-LeaderElection259] INFO  impl.RoleInfo (RoleInfo.java:updateAndGet(143)) - 79abbc2e-0a90-4a41-a17c-6388bb873359: start FollowerState
2019-10-15 17:18:17,066 [Thread-2031] INFO  impl.FollowerState (FollowerState.java:run(108)) - 79abbc2e-0a90-4a41-a17c-6388bb873359@group-B673650064C9-FollowerState: change to CANDIDATE, lastRpcTime:111ms, electionTimeout:111ms
2019-10-15 17:18:17,066 [Thread-2031] INFO  impl.RoleInfo (RoleInfo.java:shutdownFollowerState(121)) - 79abbc2e-0a90-4a41-a17c-6388bb873359: shutdown FollowerState
2019-10-15 17:18:17,066 [Thread-2031] INFO  impl.RaftServerImpl (RaftServerImpl.java:setRole(184)) - 79abbc2e-0a90-4a41-a17c-6388bb873359@group-B673650064C9: changes role from  FOLLOWER to CANDIDATE at term 299 for changeToCandidate
2019-10-15 17:18:17,066 [Thread-2031] INFO  impl.RoleInfo (RoleInfo.java:updateAndGet(143)) - 79abbc2e-0a90-4a41-a17c-6388bb873359: start LeaderElection
2019-10-15 17:18:17,090 [79abbc2e-0a90-4a41-a17c-6388bb873359@group-B673650064C9-LeaderElection260] INFO  impl.LeaderElection (LeaderElection.java:askForVotes(178)) - 79abbc2e-0a90-4a41-a17c-6388bb873359@group-B673650064C9-LeaderElection260: begin an election at term 300 for -1: [ebd8d1f9-8297-450f-abe7-393807ba0c7e:192.168.164.239:36510, dbc121b5-e1e8-4c61-9d50-542b699a3d90:192.168.164.239:43140, 79abbc2e-0a90-4a41-a17c-6388bb873359:192.168.164.239:37857], old=null
2019-10-15 17:18:17,092 [grpc-default-executor-3] INFO  impl.RaftServerImpl (RaftServerImpl.java:setRole(184)) - ebd8d1f9-8297-450f-abe7-393807ba0c7e@group-B673650064C9: changes role from  FOLLOWER to FOLLOWER at term 300 for recognizeCandidate:79abbc2e-0a90-4a41-a17c-6388bb873359
2019-10-15 17:18:17,092 [grpc-default-executor-3] INFO  impl.RoleInfo (RoleInfo.java:shutdownFollowerState(121)) - ebd8d1f9-8297-450f-abe7-393807ba0c7e: shutdown FollowerState
2019-10-15 17:18:17,092 [grpc-default-executor-0] INFO  impl.RaftServerImpl (RaftServerImpl.java:setRole(184)) - dbc121b5-e1e8-4c61-9d50-542b699a3d90@group-B673650064C9: changes role from  FOLLOWER to FOLLOWER at term 300 for recognizeCandidate:79abbc2e-0a90-4a41-a17c-6388bb873359
2019-10-15 17:18:17,093 [Thread-2030] INFO  impl.FollowerState (FollowerState.java:run(117)) - ebd8d1f9-8297-450f-abe7-393807ba0c7e@group-B673650064C9-FollowerState was interrupted: java.lang.InterruptedException: sleep interrupted
2019-10-15 17:18:17,092 [grpc-default-executor-3] INFO  impl.RoleInfo (RoleInfo.java:updateAndGet(143)) - ebd8d1f9-8297-450f-abe7-393807ba0c7e: start FollowerState
2019-10-15 17:18:17,093 [grpc-default-executor-0] INFO  impl.RoleInfo (RoleInfo.java:shutdownFollowerState(121)) - dbc121b5-e1e8-4c61-9d50-542b699a3d90: shutdown FollowerState
2019-10-15 17:18:17,093 [grpc-default-executor-0] INFO  impl.RoleInfo (RoleInfo.java:updateAndGet(143)) - dbc121b5-e1e8-4c61-9d50-542b699a3d90: start FollowerState
2019-10-15 17:18:17,093 [Thread-2029] INFO  impl.FollowerState (FollowerState.java:run(117)) - dbc121b5-e1e8-4c61-9d50-542b699a3d90@group-B673650064C9-FollowerState was interrupted: java.lang.InterruptedException: sleep interrupted
2019-10-15 17:18:17,116 [79abbc2e-0a90-4a41-a17c-6388bb873359@group-B673650064C9-LeaderElection260] INFO  impl.LeaderElection (LeaderElection.java:logAndReturn(56)) - 79abbc2e-0a90-4a41-a17c-6388bb873359@group-B673650064C9-LeaderElection260: Election REJECTED; received 2 response(s) [79abbc2e-0a90-4a41-a17c-6388bb873359<-ebd8d1f9-8297-450f-abe7-393807ba0c7e#0:FAIL-t300, 79abbc2e-0a90-4a41-a17c-6388bb873359<-dbc121b5-e1e8-4c61-9d50-542b699a3d90#0:FAIL-t300] and 0 exception(s); 79abbc2e-0a90-4a41-a17c-6388bb873359@group-B673650064C9:t300, leader=null, voted=79abbc2e-0a90-4a41-a17c-6388bb873359, raftlog=79abbc2e-0a90-4a41-a17c-6388bb873359@group-B673650064C9-SegmentedRaftLog:OPENED:c-1,f-1,i0, conf=-1: [ebd8d1f9-8297-450f-abe7-393807ba0c7e:192.168.164.239:36510, dbc121b5-e1e8-4c61-9d50-542b699a3d90:192.168.164.239:43140, 79abbc2e-0a90-4a41-a17c-6388bb873359:192.168.164.239:37857], old=null
2019-10-15 17:18:17,116 [79abbc2e-0a90-4a41-a17c-6388bb873359@group-B673650064C9-LeaderElection260] INFO  impl.RaftServerImpl (RaftServerImpl.java:setRole(184)) - 79abbc2e-0a90-4a41-a17c-6388bb873359@group-B673650064C9: changes role from CANDIDATE to FOLLOWER at term 300 for DISCOVERED_A_NEW_TERM
2019-10-15 17:18:17,116 [79abbc2e-0a90-4a41-a17c-6388bb873359@group-B673650064C9-LeaderElection260] INFO  impl.RoleInfo (RoleInfo.java:shutdownLeaderElection(134)) - 79abbc2e-0a90-4a41-a17c-6388bb873359: shutdown LeaderElection
2019-10-15 17:18:17,116 [79abbc2e-0a90-4a41-a17c-6388bb873359@group-B673650064C9-LeaderElection260] INFO  impl.RoleInfo (RoleInfo.java:updateAndGet(143)) - 79abbc2e-0a90-4a41-a17c-6388bb873359: start FollowerState
2019-10-15 17:18:17,122 [Thread-2039] INFO  impl.FollowerState (FollowerState.java:run(108)) - 79abbc2e-0a90-4a41-a17c-6388bb873359@group-B673650064C9-FollowerState: change to CANDIDATE, lastRpcTime:5ms, electionTimeout:5ms
2019-10-15 17:18:17,122 [Thread-2039] INFO  impl.RoleInfo (RoleInfo.java:shutdownFollowerState(121)) - 79abbc2e-0a90-4a41-a17c-6388bb873359: shutdown FollowerState
2019-10-15 17:18:17,122 [Thread-2039] INFO  impl.RaftServerImpl (RaftServerImpl.java:setRole(184)) - 79abbc2e-0a90-4a41-a17c-6388bb873359@group-B673650064C9: changes role from  FOLLOWER to CANDIDATE at term 300 for changeToCandidate
2019-10-15 17:18:17,122 [Thread-2039] INFO  impl.RoleInfo (RoleInfo.java:updateAndGet(143)) - 79abbc2e-0a90-4a41-a17c-6388bb873359: start LeaderElection
2019-10-15 17:18:17,149 [79abbc2e-0a90-4a41-a17c-6388bb873359@group-B673650064C9-LeaderElection261] INFO  impl.LeaderElection (LeaderElection.java:askForVotes(178)) - 79abbc2e-0a90-4a41-a17c-6388bb873359@group-B673650064C9-LeaderElection261: begin an election at term 301 for -1: [ebd8d1f9-8297-450f-abe7-393807ba0c7e:192.168.164.239:36510, dbc121b5-e1e8-4c61-9d50-542b699a3d90:192.168.164.239:43140, 79abbc2e-0a90-4a41-a17c-6388bb873359:192.168.164.239:37857], old=null
2019-10-15 17:18:17,150 [grpc-default-executor-3] INFO  impl.RaftServerImpl (RaftServerImpl.java:setRole(184)) - dbc121b5-e1e8-4c61-9d50-542b699a3d90@group-B673650064C9: changes role from  FOLLOWER to FOLLOWER at term 301 for recognizeCandidate:79abbc2e-0a90-4a41-a17c-6388bb873359
2019-10-15 17:18:17,150 [grpc-default-executor-0] INFO  impl.RaftServerImpl (RaftServerImpl.java:setRole(184)) - ebd8d1f9-8297-450f-abe7-393807ba0c7e@group-B673650064C9: changes role from  FOLLOWER to FOLLOWER at term 301 for recognizeCandidate:79abbc2e-0a90-4a41-a17c-6388bb873359
2019-10-15 17:18:17,151 [grpc-default-executor-3] INFO  impl.RoleInfo (RoleInfo.java:shutdownFollowerState(121)) - dbc121b5-e1e8-4c61-9d50-542b699a3d90: shutdown FollowerState
2019-10-15 17:18:17,151 [grpc-default-executor-0] INFO  impl.RoleInfo (RoleInfo.java:shutdownFollowerState(121)) - ebd8d1f9-8297-450f-abe7-393807ba0c7e: shutdown FollowerState
2019-10-15 17:18:17,151 [Thread-2036] INFO  impl.FollowerState (FollowerState.java:run(117)) - dbc121b5-e1e8-4c61-9d50-542b699a3d90@group-B673650064C9-FollowerState was interrupted: java.lang.InterruptedException: sleep interrupted
2019-10-15 17:18:17,151 [grpc-default-executor-3] INFO  impl.RoleInfo (RoleInfo.java:updateAndGet(143)) - dbc121b5-e1e8-4c61-9d50-542b699a3d90: start FollowerState
2019-10-15 17:18:17,151 [Thread-2035] INFO  impl.FollowerState (FollowerState.java:run(117)) - ebd8d1f9-8297-450f-abe7-393807ba0c7e@group-B673650064C9-FollowerState was interrupted: java.lang.InterruptedException: sleep interrupted
2019-10-15 17:18:17,151 [grpc-default-executor-0] INFO  impl.RoleInfo (RoleInfo.java:updateAndGet(143)) - ebd8d1f9-8297-450f-abe7-393807ba0c7e: start FollowerState
2019-10-15 17:18:17,175 [79abbc2e-0a90-4a41-a17c-6388bb873359@group-B673650064C9-LeaderElection261] INFO  impl.LeaderElection (LeaderElection.java:logAndReturn(56)) - 79abbc2e-0a90-4a41-a17c-6388bb873359@group-B673650064C9-LeaderElection261: Election REJECTED; received 2 response(s) [79abbc2e-0a90-4a41-a17c-6388bb873359<-ebd8d1f9-8297-450f-abe7-393807ba0c7e#0:FAIL-t301, 79abbc2e-0a90-4a41-a17c-6388bb873359<-dbc121b5-e1e8-4c61-9d50-542b699a3d90#0:FAIL-t301] and 0 exception(s); 79abbc2e-0a90-4a41-a17c-6388bb873359@group-B673650064C9:t301, leader=null, voted=79abbc2e-0a90-4a41-a17c-6388bb873359, raftlog=79abbc2e-0a90-4a41-a17c-6388bb873359@group-B673650064C9-SegmentedRaftLog:OPENED:c-1,f-1,i0, conf=-1: [ebd8d1f9-8297-450f-abe7-393807ba0c7e:192.168.164.239:36510, dbc121b5-e1e8-4c61-9d50-542b699a3d90:192.168.164.239:43140, 79abbc2e-0a90-4a41-a17c-6388bb873359:192.168.164.239:37857], old=null
2019-10-15 17:18:17,175 [79abbc2e-0a90-4a41-a17c-6388bb873359@group-B673650064C9-LeaderElection261] INFO  impl.RaftServerImpl (RaftServerImpl.java:setRole(184)) - 79abbc2e-0a90-4a41-a17c-6388bb873359@group-B673650064C9: changes role from CANDIDATE to FOLLOWER at term 301 for DISCOVERED_A_NEW_TERM
2019-10-15 17:18:17,175 [79abbc2e-0a90-4a41-a17c-6388bb873359@group-B673650064C9-LeaderElection261] INFO  impl.RoleInfo (RoleInfo.java:shutdownLeaderElection(134)) - 79abbc2e-0a90-4a41-a17c-6388bb873359: shutdown LeaderElection
2019-10-15 17:18:17,175 [79abbc2e-0a90-4a41-a17c-6388bb873359@group-B673650064C9-LeaderElection261] INFO  impl.RoleInfo (RoleInfo.java:updateAndGet(143)) - 79abbc2e-0a90-4a41-a17c-6388bb873359: start FollowerState
2019-10-15 17:18:17,194 [Thread-2045] INFO  impl.FollowerState (FollowerState.java:run(108)) - 79abbc2e-0a90-4a41-a17c-6388bb873359@group-B673650064C9-FollowerState: change to CANDIDATE, lastRpcTime:18ms, electionTimeout:18ms
2019-10-15 17:18:17,194 [Thread-2045] INFO  impl.RoleInfo (RoleInfo.java:shutdownFollowerState(121)) - 79abbc2e-0a90-4a41-a17c-6388bb873359: shutdown FollowerState
2019-10-15 17:18:17,194 [Thread-2045] INFO  impl.RaftServerImpl (RaftServerImpl.java:setRole(184)) - 79abbc2e-0a90-4a41-a17c-6388bb873359@group-B673650064C9: changes role from  FOLLOWER to CANDIDATE at term 301 for changeToCandidate
2019-10-15 17:18:17,194 [Thread-2045] INFO  impl.RoleInfo (RoleInfo.java:updateAndGet(143)) - 79abbc2e-0a90-4a41-a17c-6388bb873359: start LeaderElection
2019-10-15 17:18:17,216 [79abbc2e-0a90-4a41-a17c-6388bb873359@group-B673650064C9-LeaderElection262] INFO  impl.LeaderElection (LeaderElection.java:askForVotes(178)) - 79abbc2e-0a90-4a41-a17c-6388bb873359@group-B673650064C9-LeaderElection262: begin an election at term 302 for -1: [ebd8d1f9-8297-450f-abe7-393807ba0c7e:192.168.164.239:36510, dbc121b5-e1e8-4c61-9d50-542b699a3d90:192.168.164.239:43140, 79abbc2e-0a90-4a41-a17c-6388bb873359:192.168.164.239:37857], old=null
2019-10-15 17:18:17,218 [grpc-default-executor-3] INFO  impl.RaftServerImpl (RaftServerImpl.java:setRole(184)) - ebd8d1f9-8297-450f-abe7-393807ba0c7e@group-B673650064C9: changes role from  FOLLOWER to FOLLOWER at term 302 for recognizeCandidate:79abbc2e-0a90-4a41-a17c-6388bb873359
2019-10-15 17:18:17,218 [grpc-default-executor-0] INFO  impl.RaftServerImpl (RaftServerImpl.java:setRole(184)) - dbc121b5-e1e8-4c61-9d50-542b699a3d90@group-B673650064C9: changes role from  FOLLOWER to FOLLOWER at term 302 for recognizeCandidate:79abbc2e-0a90-4a41-a17c-6388bb873359
2019-10-15 17:18:17,218 [grpc-default-executor-3] INFO  impl.RoleInfo (RoleInfo.java:shutdownFollowerState(121)) - ebd8d1f9-8297-450f-abe7-393807ba0c7e: shutdown FollowerState
2019-10-15 17:18:17,218 [grpc-default-executor-0] INFO  impl.RoleInfo (RoleInfo.java:shutdownFollowerState(121)) - dbc121b5-e1e8-4c61-9d50-542b699a3d90: shutdown FollowerState
2019-10-15 17:18:17,218 [Thread-2044] INFO  impl.FollowerState (FollowerState.java:run(117)) - ebd8d1f9-8297-450f-abe7-393807ba0c7e@group-B673650064C9-FollowerState was interrupted: java.lang.InterruptedException: sleep interrupted
2019-10-15 17:18:17,218 [grpc-default-executor-3] INFO  impl.RoleInfo (RoleInfo.java:updateAndGet(143)) - ebd8d1f9-8297-450f-abe7-393807ba0c7e: start FollowerState
2019-10-15 17:18:17,218 [grpc-default-executor-0] INFO  impl.RoleInfo (RoleInfo.java:updateAndGet(143)) - dbc121b5-e1e8-4c61-9d50-542b699a3d90: start FollowerState
2019-10-15 17:18:17,218 [Thread-2043] INFO  impl.FollowerState (FollowerState.java:run(117)) - dbc121b5-e1e8-4c61-9d50-542b699a3d90@group-B673650064C9-FollowerState was interrupted: java.lang.InterruptedException: sleep interrupted
2019-10-15 17:18:17,242 [79abbc2e-0a90-4a41-a17c-6388bb873359@group-B673650064C9-LeaderElection262] INFO  impl.LeaderElection (LeaderElection.java:logAndReturn(56)) - 79abbc2e-0a90-4a41-a17c-6388bb873359@group-B673650064C9-LeaderElection262: Election REJECTED; received 2 response(s) [79abbc2e-0a90-4a41-a17c-6388bb873359<-ebd8d1f9-8297-450f-abe7-393807ba0c7e#0:FAIL-t302, 79abbc2e-0a90-4a41-a17c-6388bb873359<-dbc121b5-e1e8-4c61-9d50-542b699a3d90#0:FAIL-t302] and 0 exception(s); 79abbc2e-0a90-4a41-a17c-6388bb873359@group-B673650064C9:t302, leader=null, voted=79abbc2e-0a90-4a41-a17c-6388bb873359, raftlog=79abbc2e-0a90-4a41-a17c-6388bb873359@group-B673650064C9-SegmentedRaftLog:OPENED:c-1,f-1,i0, conf=-1: [ebd8d1f9-8297-450f-abe7-393807ba0c7e:192.168.164.239:36510, dbc121b5-e1e8-4c61-9d50-542b699a3d90:192.168.164.239:43140, 79abbc2e-0a90-4a41-a17c-6388bb873359:192.168.164.239:37857], old=null
2019-10-15 17:18:17,242 [79abbc2e-0a90-4a41-a17c-6388bb873359@group-B673650064C9-LeaderElection262] INFO  impl.RaftServerImpl (RaftServerImpl.java:setRole(184)) - 79abbc2e-0a90-4a41-a17c-6388bb873359@group-B673650064C9: changes role from CANDIDATE to FOLLOWER at term 302 for DISCOVERED_A_NEW_TERM
2019-10-15 17:18:17,242 [79abbc2e-0a90-4a41-a17c-6388bb873359@group-B673650064C9-LeaderElection262] INFO  impl.RoleInfo (RoleInfo.java:shutdownLeaderElection(134)) - 79abbc2e-0a90-4a41-a17c-6388bb873359: shutdown LeaderElection
2019-10-15 17:18:17,242 [79abbc2e-0a90-4a41-a17c-6388bb873359@group-B673650064C9-LeaderElection262] INFO  impl.RoleInfo (RoleInfo.java:updateAndGet(143)) - 79abbc2e-0a90-4a41-a17c-6388bb873359: start FollowerState
2019-10-15 17:18:17,284 [Thread-2051] INFO  impl.FollowerState (FollowerState.java:run(108)) - 79abbc2e-0a90-4a41-a17c-6388bb873359@group-B673650064C9-FollowerState: change to CANDIDATE, lastRpcTime:41ms, electionTimeout:41ms
2019-10-15 17:18:17,284 [Thread-2051] INFO  impl.RoleInfo (RoleInfo.java:shutdownFollowerState(121)) - 79abbc2e-0a90-4a41-a17c-6388bb873359: shutdown FollowerState
2019-10-15 17:18:17,284 [Thread-2051] INFO  impl.RaftServerImpl (RaftServerImpl.java:setRole(184)) - 79abbc2e-0a90-4a41-a17c-6388bb873359@group-B673650064C9: changes role from  FOLLOWER to CANDIDATE at term 302 for changeToCandidate
2019-10-15 17:18:17,284 [Thread-2051] INFO  impl.RoleInfo (RoleInfo.java:updateAndGet(143)) - 79abbc2e-0a90-4a41-a17c-6388bb873359: start LeaderElection
2019-10-15 17:18:17,309 [79abbc2e-0a90-4a41-a17c-6388bb873359@group-B673650064C9-LeaderElection263] INFO  impl.LeaderElection (LeaderElection.java:askForVotes(178)) - 79abbc2e-0a90-4a41-a17c-6388bb873359@group-B673650064C9-LeaderElection263: begin an election at term 303 for -1: [ebd8d1f9-8297-450f-abe7-393807ba0c7e:192.168.164.239:36510, dbc121b5-e1e8-4c61-9d50-542b699a3d90:192.168.164.239:43140, 79abbc2e-0a90-4a41-a17c-6388bb873359:192.168.164.239:37857], old=null
2019-10-15 17:18:17,311 [grpc-default-executor-3] INFO  impl.RaftServerImpl (RaftServerImpl.java:setRole(184)) - dbc121b5-e1e8-4c61-9d50-542b699a3d90@group-B673650064C9: changes role from  FOLLOWER to FOLLOWER at term 303 for recognizeCandidate:79abbc2e-0a90-4a41-a17c-6388bb873359
2019-10-15 17:18:17,311 [grpc-default-executor-0] INFO  impl.RaftServerImpl (RaftServerImpl.java:setRole(184)) - ebd8d1f9-8297-450f-abe7-393807ba0c7e@group-B673650064C9: changes role from  FOLLOWER to FOLLOWER at term 303 for recognizeCandidate:79abbc2e-0a90-4a41-a17c-6388bb873359
2019-10-15 17:18:17,312 [grpc-default-executor-0] INFO  impl.RoleInfo (RoleInfo.java:shutdownFollowerState(121)) - ebd8d1f9-8297-450f-abe7-393807ba0c7e: shutdown FollowerState
2019-10-15 17:18:17,311 [grpc-default-executor-3] INFO  impl.RoleInfo (RoleInfo.java:shutdownFollowerState(121)) - dbc121b5-e1e8-4c61-9d50-542b699a3d90: shutdown FollowerState
2019-10-15 17:18:17,312 [Thread-2049] INFO  impl.FollowerState (FollowerState.java:run(117)) - ebd8d1f9-8297-450f-abe7-393807ba0c7e@group-B673650064C9-FollowerState was interrupted: java.lang.InterruptedException: sleep interrupted
2019-10-15 17:18:17,312 [grpc-default-executor-0] INFO  impl.RoleInfo (RoleInfo.java:updateAndGet(143)) - ebd8d1f9-8297-450f-abe7-393807ba0c7e: start FollowerState
2019-10-15 17:18:17,312 [Thread-2050] INFO  impl.FollowerState (FollowerState.java:run(117)) - dbc121b5-e1e8-4c61-9d50-542b699a3d90@group-B673650064C9-FollowerState was interrupted: java.lang.InterruptedException: sleep interrupted
2019-10-15 17:18:17,312 [grpc-default-executor-3] INFO  impl.RoleInfo (RoleInfo.java:updateAndGet(143)) - dbc121b5-e1e8-4c61-9d50-542b699a3d90: start FollowerState
2019-10-15 17:18:17,335 [79abbc2e-0a90-4a41-a17c-6388bb873359@group-B673650064C9-LeaderElection263] INFO  impl.LeaderElection (LeaderElection.java:logAndReturn(56)) - 79abbc2e-0a90-4a41-a17c-6388bb873359@group-B673650064C9-LeaderElection263: Election REJECTED; received 2 response(s) [79abbc2e-0a90-4a41-a17c-6388bb873359<-ebd8d1f9-8297-450f-abe7-393807ba0c7e#0:FAIL-t303, 79abbc2e-0a90-4a41-a17c-6388bb873359<-dbc121b5-e1e8-4c61-9d50-542b699a3d90#0:FAIL-t303] and 0 exception(s); 79abbc2e-0a90-4a41-a17c-6388bb873359@group-B673650064C9:t303, leader=null, voted=79abbc2e-0a90-4a41-a17c-6388bb873359, raftlog=79abbc2e-0a90-4a41-a17c-6388bb873359@group-B673650064C9-SegmentedRaftLog:OPENED:c-1,f-1,i0, conf=-1: [ebd8d1f9-8297-450f-abe7-393807ba0c7e:192.168.164.239:36510, dbc121b5-e1e8-4c61-9d50-542b699a3d90:192.168.164.239:43140, 79abbc2e-0a90-4a41-a17c-6388bb873359:192.168.164.239:37857], old=null
2019-10-15 17:18:17,335 [79abbc2e-0a90-4a41-a17c-6388bb873359@group-B673650064C9-LeaderElection263] INFO  impl.RaftServerImpl (RaftServerImpl.java:setRole(184)) - 79abbc2e-0a90-4a41-a17c-6388bb873359@group-B673650064C9: changes role from CANDIDATE to FOLLOWER at term 303 for DISCOVERED_A_NEW_TERM
2019-10-15 17:18:17,336 [79abbc2e-0a90-4a41-a17c-6388bb873359@group-B673650064C9-LeaderElection263] INFO  impl.RoleInfo (RoleInfo.java:shutdownLeaderElection(134)) - 79abbc2e-0a90-4a41-a17c-6388bb873359: shutdown LeaderElection
2019-10-15 17:18:17,336 [79abbc2e-0a90-4a41-a17c-6388bb873359@group-B673650064C9-LeaderElection263] INFO  impl.RoleInfo (RoleInfo.java:updateAndGet(143)) - 79abbc2e-0a90-4a41-a17c-6388bb873359: start FollowerState
2019-10-15 17:18:17,506 [Thread-2057] INFO  impl.FollowerState (FollowerState.java:run(108)) - 79abbc2e-0a90-4a41-a17c-6388bb873359@group-B673650064C9-FollowerState: change to CANDIDATE, lastRpcTime:170ms, electionTimeout:170ms
2019-10-15 17:18:17,506 [Thread-2057] INFO  impl.RoleInfo (RoleInfo.java:shutdownFollowerState(121)) - 79abbc2e-0a90-4a41-a17c-6388bb873359: shutdown FollowerState
2019-10-15 17:18:17,507 [Thread-2057] INFO  impl.RaftServerImpl (RaftServerImpl.java:setRole(184)) - 79abbc2e-0a90-4a41-a17c-6388bb873359@group-B673650064C9: changes role from  FOLLOWER to CANDIDATE at term 303 for changeToCandidate
2019-10-15 17:18:17,507 [Thread-2057] INFO  impl.RoleInfo (RoleInfo.java:updateAndGet(143)) - 79abbc2e-0a90-4a41-a17c-6388bb873359: start LeaderElection
2019-10-15 17:18:17,534 [79abbc2e-0a90-4a41-a17c-6388bb873359@group-B673650064C9-LeaderElection264] INFO  impl.LeaderElection (LeaderElection.java:askForVotes(178)) - 79abbc2e-0a90-4a41-a17c-6388bb873359@group-B673650064C9-LeaderElection264: begin an election at term 304 for -1: [ebd8d1f9-8297-450f-abe7-393807ba0c7e:192.168.164.239:36510, dbc121b5-e1e8-4c61-9d50-542b699a3d90:192.168.164.239:43140, 79abbc2e-0a90-4a41-a17c-6388bb873359:192.168.164.239:37857], old=null
2019-10-15 17:18:17,537 [grpc-default-executor-3] INFO  impl.RaftServerImpl (RaftServerImpl.java:setRole(184)) - ebd8d1f9-8297-450f-abe7-393807ba0c7e@group-B673650064C9: changes role from  FOLLOWER to FOLLOWER at term 304 for recognizeCandidate:79abbc2e-0a90-4a41-a17c-6388bb873359
2019-10-15 17:18:17,537 [grpc-default-executor-0] INFO  impl.RaftServerImpl (RaftServerImpl.java:setRole(184)) - dbc121b5-e1e8-4c61-9d50-542b699a3d90@group-B673650064C9: changes role from  FOLLOWER to FOLLOWER at term 304 for recognizeCandidate:79abbc2e-0a90-4a41-a17c-6388bb873359
2019-10-15 17:18:17,537 [grpc-default-executor-3] INFO  impl.RoleInfo (RoleInfo.java:shutdownFollowerState(121)) - ebd8d1f9-8297-450f-abe7-393807ba0c7e: shutdown FollowerState
2019-10-15 17:18:17,537 [grpc-default-executor-0] INFO  impl.RoleInfo (RoleInfo.java:shutdownFollowerState(121)) - dbc121b5-e1e8-4c61-9d50-542b699a3d90: shutdown FollowerState
2019-10-15 17:18:17,537 [Thread-2055] INFO  impl.FollowerState (FollowerState.java:run(117)) - ebd8d1f9-8297-450f-abe7-393807ba0c7e@group-B673650064C9-FollowerState was interrupted: java.lang.InterruptedException: sleep interrupted
2019-10-15 17:18:17,537 [grpc-default-executor-3] INFO  impl.RoleInfo (RoleInfo.java:updateAndGet(143)) - ebd8d1f9-8297-450f-abe7-393807ba0c7e: start FollowerState
2019-10-15 17:18:17,538 [Thread-2056] INFO  impl.FollowerState (FollowerState.java:run(117)) - dbc121b5-e1e8-4c61-9d50-542b699a3d90@group-B673650064C9-FollowerState was interrupted: java.lang.InterruptedException: sleep interrupted
2019-10-15 17:18:17,538 [grpc-default-executor-0] INFO  impl.RoleInfo (RoleInfo.java:updateAndGet(143)) - dbc121b5-e1e8-4c61-9d50-542b699a3d90: start FollowerState
2019-10-15 17:18:17,561 [79abbc2e-0a90-4a41-a17c-6388bb873359@group-B673650064C9-LeaderElection264] INFO  impl.LeaderElection (LeaderElection.java:logAndReturn(56)) - 79abbc2e-0a90-4a41-a17c-6388bb873359@group-B673650064C9-LeaderElection264: Election REJECTED; received 2 response(s) [79abbc2e-0a90-4a41-a17c-6388bb873359<-ebd8d1f9-8297-450f-abe7-393807ba0c7e#0:FAIL-t304, 79abbc2e-0a90-4a41-a17c-6388bb873359<-dbc121b5-e1e8-4c61-9d50-542b699a3d90#0:FAIL-t304] and 0 exception(s); 79abbc2e-0a90-4a41-a17c-6388bb873359@group-B673650064C9:t304, leader=null, voted=79abbc2e-0a90-4a41-a17c-6388bb873359, raftlog=79abbc2e-0a90-4a41-a17c-6388bb873359@group-B673650064C9-SegmentedRaftLog:OPENED:c-1,f-1,i0, conf=-1: [ebd8d1f9-8297-450f-abe7-393807ba0c7e:192.168.164.239:36510, dbc121b5-e1e8-4c61-9d50-542b699a3d90:192.168.164.239:43140, 79abbc2e-0a90-4a41-a17c-6388bb873359:192.168.164.239:37857], old=null
2019-10-15 17:18:17,561 [79abbc2e-0a90-4a41-a17c-6388bb873359@group-B673650064C9-LeaderElection264] INFO  impl.RaftServerImpl (RaftServerImpl.java:setRole(184)) - 79abbc2e-0a90-4a41-a17c-6388bb873359@group-B673650064C9: changes role from CANDIDATE to FOLLOWER at term 304 for DISCOVERED_A_NEW_TERM
2019-10-15 17:18:17,562 [79abbc2e-0a90-4a41-a17c-6388bb873359@group-B673650064C9-LeaderElection264] INFO  impl.RoleInfo (RoleInfo.java:shutdownLeaderElection(134)) - 79abbc2e-0a90-4a41-a17c-6388bb873359: shutdown LeaderElection
2019-10-15 17:18:17,562 [79abbc2e-0a90-4a41-a17c-6388bb873359@group-B673650064C9-LeaderElection264] INFO  impl.RoleInfo (RoleInfo.java:updateAndGet(143)) - 79abbc2e-0a90-4a41-a17c-6388bb873359: start FollowerState
2019-10-15 17:18:17,749 [Thread-2063] INFO  impl.FollowerState (FollowerState.java:run(108)) - 79abbc2e-0a90-4a41-a17c-6388bb873359@group-B673650064C9-FollowerState: change to CANDIDATE, lastRpcTime:187ms, electionTimeout:187ms
2019-10-15 17:18:17,750 [Thread-2063] INFO  impl.RoleInfo (RoleInfo.java:shutdownFollowerState(121)) - 79abbc2e-0a90-4a41-a17c-6388bb873359: shutdown FollowerState
2019-10-15 17:18:17,750 [Thread-2063] INFO  impl.RaftServerImpl (RaftServerImpl.java:setRole(184)) - 79abbc2e-0a90-4a41-a17c-6388bb873359@group-B673650064C9: changes role from  FOLLOWER to CANDIDATE at term 304 for changeToCandidate
2019-10-15 17:18:17,750 [Thread-2063] INFO  impl.RoleInfo (RoleInfo.java:updateAndGet(143)) - 79abbc2e-0a90-4a41-a17c-6388bb873359: start LeaderElection
2019-10-15 17:18:17,777 [79abbc2e-0a90-4a41-a17c-6388bb873359@group-B673650064C9-LeaderElection265] INFO  impl.LeaderElection (LeaderElection.java:askForVotes(178)) - 79abbc2e-0a90-4a41-a17c-6388bb873359@group-B673650064C9-LeaderElection265: begin an election at term 305 for -1: [ebd8d1f9-8297-450f-abe7-393807ba0c7e:192.168.164.239:36510, dbc121b5-e1e8-4c61-9d50-542b699a3d90:192.168.164.239:43140, 79abbc2e-0a90-4a41-a17c-6388bb873359:192.168.164.239:37857], old=null
2019-10-15 17:18:17,779 [grpc-default-executor-0] INFO  impl.RaftServerImpl (RaftServerImpl.java:setRole(184)) - ebd8d1f9-8297-450f-abe7-393807ba0c7e@group-B673650064C9: changes role from  FOLLOWER to FOLLOWER at term 305 for recognizeCandidate:79abbc2e-0a90-4a41-a17c-6388bb873359
2019-10-15 17:18:17,779 [grpc-default-executor-3] INFO  impl.RaftServerImpl (RaftServerImpl.java:setRole(184)) - dbc121b5-e1e8-4c61-9d50-542b699a3d90@group-B673650064C9: changes role from  FOLLOWER to FOLLOWER at term 305 for recognizeCandidate:79abbc2e-0a90-4a41-a17c-6388bb873359
2019-10-15 17:18:17,779 [grpc-default-executor-3] INFO  impl.RoleInfo (RoleInfo.java:shutdownFollowerState(121)) - dbc121b5-e1e8-4c61-9d50-542b699a3d90: shutdown FollowerState
2019-10-15 17:18:17,779 [grpc-default-executor-0] INFO  impl.RoleInfo (RoleInfo.java:shutdownFollowerState(121)) - ebd8d1f9-8297-450f-abe7-393807ba0c7e: shutdown FollowerState
2019-10-15 17:18:17,780 [Thread-2062] INFO  impl.FollowerState (FollowerState.java:run(117)) - dbc121b5-e1e8-4c61-9d50-542b699a3d90@group-B673650064C9-FollowerState was interrupted: java.lang.InterruptedException: sleep interrupted
2019-10-15 17:18:17,780 [Thread-2061] INFO  impl.FollowerState (FollowerState.java:run(117)) - ebd8d1f9-8297-450f-abe7-393807ba0c7e@group-B673650064C9-FollowerState was interrupted: java.lang.InterruptedException: sleep interrupted
2019-10-15 17:18:17,780 [grpc-default-executor-3] INFO  impl.RoleInfo (RoleInfo.java:updateAndGet(143)) - dbc121b5-e1e8-4c61-9d50-542b699a3d90: start FollowerState
2019-10-15 17:18:17,780 [grpc-default-executor-0] INFO  impl.RoleInfo (RoleInfo.java:updateAndGet(143)) - ebd8d1f9-8297-450f-abe7-393807ba0c7e: start FollowerState
2019-10-15 17:18:17,803 [79abbc2e-0a90-4a41-a17c-6388bb873359@group-B673650064C9-LeaderElection265] INFO  impl.LeaderElection (LeaderElection.java:logAndReturn(56)) - 79abbc2e-0a90-4a41-a17c-6388bb873359@group-B673650064C9-LeaderElection265: Election REJECTED; received 2 response(s) [79abbc2e-0a90-4a41-a17c-6388bb873359<-ebd8d1f9-8297-450f-abe7-393807ba0c7e#0:FAIL-t305, 79abbc2e-0a90-4a41-a17c-6388bb873359<-dbc121b5-e1e8-4c61-9d50-542b699a3d90#0:FAIL-t305] and 0 exception(s); 79abbc2e-0a90-4a41-a17c-6388bb873359@group-B673650064C9:t305, leader=null, voted=79abbc2e-0a90-4a41-a17c-6388bb873359, raftlog=79abbc2e-0a90-4a41-a17c-6388bb873359@group-B673650064C9-SegmentedRaftLog:OPENED:c-1,f-1,i0, conf=-1: [ebd8d1f9-8297-450f-abe7-393807ba0c7e:192.168.164.239:36510, dbc121b5-e1e8-4c61-9d50-542b699a3d90:192.168.164.239:43140, 79abbc2e-0a90-4a41-a17c-6388bb873359:192.168.164.239:37857], old=null
2019-10-15 17:18:17,803 [79abbc2e-0a90-4a41-a17c-6388bb873359@group-B673650064C9-LeaderElection265] INFO  impl.RaftServerImpl (RaftServerImpl.java:setRole(184)) - 79abbc2e-0a90-4a41-a17c-6388bb873359@group-B673650064C9: changes role from CANDIDATE to FOLLOWER at term 305 for DISCOVERED_A_NEW_TERM
2019-10-15 17:18:17,803 [79abbc2e-0a90-4a41-a17c-6388bb873359@group-B673650064C9-LeaderElection265] INFO  impl.RoleInfo (RoleInfo.java:shutdownLeaderElection(134)) - 79abbc2e-0a90-4a41-a17c-6388bb873359: shutdown LeaderElection
2019-10-15 17:18:17,803 [79abbc2e-0a90-4a41-a17c-6388bb873359@group-B673650064C9-LeaderElection265] INFO  impl.RoleInfo (RoleInfo.java:updateAndGet(143)) - 79abbc2e-0a90-4a41-a17c-6388bb873359: start FollowerState
2019-10-15 17:18:17,994 [Thread-2069] INFO  impl.FollowerState (FollowerState.java:run(108)) - 79abbc2e-0a90-4a41-a17c-6388bb873359@group-B673650064C9-FollowerState: change to CANDIDATE, lastRpcTime:190ms, electionTimeout:190ms
2019-10-15 17:18:17,994 [Thread-2069] INFO  impl.RoleInfo (RoleInfo.java:shutdownFollowerState(121)) - 79abbc2e-0a90-4a41-a17c-6388bb873359: shutdown FollowerState
2019-10-15 17:18:17,995 [Thread-2069] INFO  impl.RaftServerImpl (RaftServerImpl.java:setRole(184)) - 79abbc2e-0a90-4a41-a17c-6388bb873359@group-B673650064C9: changes role from  FOLLOWER to CANDIDATE at term 305 for changeToCandidate
2019-10-15 17:18:17,995 [Thread-2069] INFO  impl.RoleInfo (RoleInfo.java:updateAndGet(143)) - 79abbc2e-0a90-4a41-a17c-6388bb873359: start LeaderElection
2019-10-15 17:18:18,019 [79abbc2e-0a90-4a41-a17c-6388bb873359@group-B673650064C9-LeaderElection266] INFO  impl.LeaderElection (LeaderElection.java:askForVotes(178)) - 79abbc2e-0a90-4a41-a17c-6388bb873359@group-B673650064C9-LeaderElection266: begin an election at term 306 for -1: [ebd8d1f9-8297-450f-abe7-393807ba0c7e:192.168.164.239:36510, dbc121b5-e1e8-4c61-9d50-542b699a3d90:192.168.164.239:43140, 79abbc2e-0a90-4a41-a17c-6388bb873359:192.168.164.239:37857], old=null
2019-10-15 17:18:18,025 [grpc-default-executor-0] INFO  impl.RaftServerImpl (RaftServerImpl.java:setRole(184)) - ebd8d1f9-8297-450f-abe7-393807ba0c7e@group-B673650064C9: changes role from  FOLLOWER to FOLLOWER at term 306 for recognizeCandidate:79abbc2e-0a90-4a41-a17c-6388bb873359
2019-10-15 17:18:18,025 [grpc-default-executor-0] INFO  impl.RoleInfo (RoleInfo.java:shutdownFollowerState(121)) - ebd8d1f9-8297-450f-abe7-393807ba0c7e: shutdown FollowerState
2019-10-15 17:18:18,025 [grpc-default-executor-3] INFO  impl.RaftServerImpl (RaftServerImpl.java:setRole(184)) - dbc121b5-e1e8-4c61-9d50-542b699a3d90@group-B673650064C9: changes role from  FOLLOWER to FOLLOWER at term 306 for recognizeCandidate:79abbc2e-0a90-4a41-a17c-6388bb873359
2019-10-15 17:18:18,025 [Thread-2068] INFO  impl.FollowerState (FollowerState.java:run(117)) - ebd8d1f9-8297-450f-abe7-393807ba0c7e@group-B673650064C9-FollowerState was interrupted: java.lang.InterruptedException: sleep interrupted
2019-10-15 17:18:18,025 [grpc-default-executor-0] INFO  impl.RoleInfo (RoleInfo.java:updateAndGet(143)) - ebd8d1f9-8297-450f-abe7-393807ba0c7e: start FollowerState
2019-10-15 17:18:18,025 [grpc-default-executor-3] INFO  impl.RoleInfo (RoleInfo.java:shutdownFollowerState(121)) - dbc121b5-e1e8-4c61-9d50-542b699a3d90: shutdown FollowerState
2019-10-15 17:18:18,026 [grpc-default-executor-3] INFO  impl.RoleInfo (RoleInfo.java:updateAndGet(143)) - dbc121b5-e1e8-4c61-9d50-542b699a3d90: start FollowerState
2019-10-15 17:18:18,026 [Thread-2067] INFO  impl.FollowerState (FollowerState.java:run(117)) - dbc121b5-e1e8-4c61-9d50-542b699a3d90@group-B673650064C9-FollowerState was interrupted: java.lang.InterruptedException: sleep interrupted
2019-10-15 17:18:18,054 [79abbc2e-0a90-4a41-a17c-6388bb873359@group-B673650064C9-LeaderElection266] INFO  impl.LeaderElection (LeaderElection.java:logAndReturn(56)) - 79abbc2e-0a90-4a41-a17c-6388bb873359@group-B673650064C9-LeaderElection266: Election REJECTED; received 2 response(s) [79abbc2e-0a90-4a41-a17c-6388bb873359<-ebd8d1f9-8297-450f-abe7-393807ba0c7e#0:FAIL-t306, 79abbc2e-0a90-4a41-a17c-6388bb873359<-dbc121b5-e1e8-4c61-9d50-542b699a3d90#0:FAIL-t306] and 0 exception(s); 79abbc2e-0a90-4a41-a17c-6388bb873359@group-B673650064C9:t306, leader=null, voted=79abbc2e-0a90-4a41-a17c-6388bb873359, raftlog=79abbc2e-0a90-4a41-a17c-6388bb873359@group-B673650064C9-SegmentedRaftLog:OPENED:c-1,f-1,i0, conf=-1: [ebd8d1f9-8297-450f-abe7-393807ba0c7e:192.168.164.239:36510, dbc121b5-e1e8-4c61-9d50-542b699a3d90:192.168.164.239:43140, 79abbc2e-0a90-4a41-a17c-6388bb873359:192.168.164.239:37857], old=null
2019-10-15 17:18:18,055 [79abbc2e-0a90-4a41-a17c-6388bb873359@group-B673650064C9-LeaderElection266] INFO  impl.RaftServerImpl (RaftServerImpl.java:setRole(184)) - 79abbc2e-0a90-4a41-a17c-6388bb873359@group-B673650064C9: changes role from CANDIDATE to FOLLOWER at term 306 for DISCOVERED_A_NEW_TERM
2019-10-15 17:18:18,055 [79abbc2e-0a90-4a41-a17c-6388bb873359@group-B673650064C9-LeaderElection266] INFO  impl.RoleInfo (RoleInfo.java:shutdownLeaderElection(134)) - 79abbc2e-0a90-4a41-a17c-6388bb873359: shutdown LeaderElection
2019-10-15 17:18:18,055 [79abbc2e-0a90-4a41-a17c-6388bb873359@group-B673650064C9-LeaderElection266] INFO  impl.RoleInfo (RoleInfo.java:updateAndGet(143)) - 79abbc2e-0a90-4a41-a17c-6388bb873359: start FollowerState
2019-10-15 17:18:18,204 [Thread-2075] INFO  impl.FollowerState (FollowerState.java:run(108)) - 79abbc2e-0a90-4a41-a17c-6388bb873359@group-B673650064C9-FollowerState: change to CANDIDATE, lastRpcTime:149ms, electionTimeout:149ms
2019-10-15 17:18:18,204 [Thread-2075] INFO  impl.RoleInfo (RoleInfo.java:shutdownFollowerState(121)) - 79abbc2e-0a90-4a41-a17c-6388bb873359: shutdown FollowerState
2019-10-15 17:18:18,205 [Thread-2075] INFO  impl.RaftServerImpl (RaftServerImpl.java:setRole(184)) - 79abbc2e-0a90-4a41-a17c-6388bb873359@group-B673650064C9: changes role from  FOLLOWER to CANDIDATE at term 306 for changeToCandidate
2019-10-15 17:18:18,205 [Thread-2075] INFO  impl.RoleInfo (RoleInfo.java:updateAndGet(143)) - 79abbc2e-0a90-4a41-a17c-6388bb873359: start LeaderElection
2019-10-15 17:18:18,228 [79abbc2e-0a90-4a41-a17c-6388bb873359@group-B673650064C9-LeaderElection267] INFO  impl.LeaderElection (LeaderElection.java:askForVotes(178)) - 79abbc2e-0a90-4a41-a17c-6388bb873359@group-B673650064C9-LeaderElection267: begin an election at term 307 for -1: [ebd8d1f9-8297-450f-abe7-393807ba0c7e:192.168.164.239:36510, dbc121b5-e1e8-4c61-9d50-542b699a3d90:192.168.164.239:43140, 79abbc2e-0a90-4a41-a17c-6388bb873359:192.168.164.239:37857], old=null
2019-10-15 17:18:18,230 [grpc-default-executor-3] INFO  impl.RaftServerImpl (RaftServerImpl.java:setRole(184)) - dbc121b5-e1e8-4c61-9d50-542b699a3d90@group-B673650064C9: changes role from  FOLLOWER to FOLLOWER at term 307 for recognizeCandidate:79abbc2e-0a90-4a41-a17c-6388bb873359
2019-10-15 17:18:18,230 [grpc-default-executor-3] INFO  impl.RoleInfo (RoleInfo.java:shutdownFollowerState(121)) - dbc121b5-e1e8-4c61-9d50-542b699a3d90: shutdown FollowerState
2019-10-15 17:18:18,230 [grpc-default-executor-0] INFO  impl.RaftServerImpl (RaftServerImpl.java:setRole(184)) - ebd8d1f9-8297-450f-abe7-393807ba0c7e@group-B673650064C9: changes role from  FOLLOWER to FOLLOWER at term 307 for recognizeCandidate:79abbc2e-0a90-4a41-a17c-6388bb873359
2019-10-15 17:18:18,230 [Thread-2074] INFO  impl.FollowerState (FollowerState.java:run(117)) - dbc121b5-e1e8-4c61-9d50-542b699a3d90@group-B673650064C9-FollowerState was interrupted: java.lang.InterruptedException: sleep interrupted
2019-10-15 17:18:18,230 [grpc-default-executor-3] INFO  impl.RoleInfo (RoleInfo.java:updateAndGet(143)) - dbc121b5-e1e8-4c61-9d50-542b699a3d90: start FollowerState
2019-10-15 17:18:18,230 [grpc-default-executor-0] INFO  impl.RoleInfo (RoleInfo.java:shutdownFollowerState(121)) - ebd8d1f9-8297-450f-abe7-393807ba0c7e: shutdown FollowerState
2019-10-15 17:18:18,231 [grpc-default-executor-0] INFO  impl.RoleInfo (RoleInfo.java:updateAndGet(143)) - ebd8d1f9-8297-450f-abe7-393807ba0c7e: start FollowerState
2019-10-15 17:18:18,231 [Thread-2073] INFO  impl.FollowerState (FollowerState.java:run(117)) - ebd8d1f9-8297-450f-abe7-393807ba0c7e@group-B673650064C9-FollowerState was interrupted: java.lang.InterruptedException: sleep interrupted
2019-10-15 17:18:18,254 [79abbc2e-0a90-4a41-a17c-6388bb873359@group-B673650064C9-LeaderElection267] INFO  impl.LeaderElection (LeaderElection.java:logAndReturn(56)) - 79abbc2e-0a90-4a41-a17c-6388bb873359@group-B673650064C9-LeaderElection267: Election REJECTED; received 2 response(s) [79abbc2e-0a90-4a41-a17c-6388bb873359<-ebd8d1f9-8297-450f-abe7-393807ba0c7e#0:FAIL-t307, 79abbc2e-0a90-4a41-a17c-6388bb873359<-dbc121b5-e1e8-4c61-9d50-542b699a3d90#0:FAIL-t307] and 0 exception(s); 79abbc2e-0a90-4a41-a17c-6388bb873359@group-B673650064C9:t307, leader=null, voted=79abbc2e-0a90-4a41-a17c-6388bb873359, raftlog=79abbc2e-0a90-4a41-a17c-6388bb873359@group-B673650064C9-SegmentedRaftLog:OPENED:c-1,f-1,i0, conf=-1: [ebd8d1f9-8297-450f-abe7-393807ba0c7e:192.168.164.239:36510, dbc121b5-e1e8-4c61-9d50-542b699a3d90:192.168.164.239:43140, 79abbc2e-0a90-4a41-a17c-6388bb873359:192.168.164.239:37857], old=null
2019-10-15 17:18:18,254 [79abbc2e-0a90-4a41-a17c-6388bb873359@group-B673650064C9-LeaderElection267] INFO  impl.RaftServerImpl (RaftServerImpl.java:setRole(184)) - 79abbc2e-0a90-4a41-a17c-6388bb873359@group-B673650064C9: changes role from CANDIDATE to FOLLOWER at term 307 for DISCOVERED_A_NEW_TERM
2019-10-15 17:18:18,254 [79abbc2e-0a90-4a41-a17c-6388bb873359@group-B673650064C9-LeaderElection267] INFO  impl.RoleInfo (RoleInfo.java:shutdownLeaderElection(134)) - 79abbc2e-0a90-4a41-a17c-6388bb873359: shutdown LeaderElection
2019-10-15 17:18:18,255 [79abbc2e-0a90-4a41-a17c-6388bb873359@group-B673650064C9-LeaderElection267] INFO  impl.RoleInfo (RoleInfo.java:updateAndGet(143)) - 79abbc2e-0a90-4a41-a17c-6388bb873359: start FollowerState
2019-10-15 17:18:18,354 [Thread-2083] INFO  impl.FollowerState (FollowerState.java:run(108)) - 79abbc2e-0a90-4a41-a17c-6388bb873359@group-B673650064C9-FollowerState: change to CANDIDATE, lastRpcTime:99ms, electionTimeout:99ms
2019-10-15 17:18:18,354 [Thread-2083] INFO  impl.RoleInfo (RoleInfo.java:shutdownFollowerState(121)) - 79abbc2e-0a90-4a41-a17c-6388bb873359: shutdown FollowerState
2019-10-15 17:18:18,354 [Thread-2083] INFO  impl.RaftServerImpl (RaftServerImpl.java:setRole(184)) - 79abbc2e-0a90-4a41-a17c-6388bb873359@group-B673650064C9: changes role from  FOLLOWER to CANDIDATE at term 307 for changeToCandidate
2019-10-15 17:18:18,354 [Thread-2083] INFO  impl.RoleInfo (RoleInfo.java:updateAndGet(143)) - 79abbc2e-0a90-4a41-a17c-6388bb873359: start LeaderElection
2019-10-15 17:18:18,379 [79abbc2e-0a90-4a41-a17c-6388bb873359@group-B673650064C9-LeaderElection268] INFO  impl.LeaderElection (LeaderElection.java:askForVotes(178)) - 79abbc2e-0a90-4a41-a17c-6388bb873359@group-B673650064C9-LeaderElection268: begin an election at term 308 for -1: [ebd8d1f9-8297-450f-abe7-393807ba0c7e:192.168.164.239:36510, dbc121b5-e1e8-4c61-9d50-542b699a3d90:192.168.164.239:43140, 79abbc2e-0a90-4a41-a17c-6388bb873359:192.168.164.239:37857], old=null
2019-10-15 17:18:18,381 [grpc-default-executor-0] INFO  impl.RaftServerImpl (RaftServerImpl.java:setRole(184)) - dbc121b5-e1e8-4c61-9d50-542b699a3d90@group-B673650064C9: changes role from  FOLLOWER to FOLLOWER at term 308 for recognizeCandidate:79abbc2e-0a90-4a41-a17c-6388bb873359
2019-10-15 17:18:18,381 [grpc-default-executor-3] INFO  impl.RaftServerImpl (RaftServerImpl.java:setRole(184)) - ebd8d1f9-8297-450f-abe7-393807ba0c7e@group-B673650064C9: changes role from  FOLLOWER to FOLLOWER at term 308 for recognizeCandidate:79abbc2e-0a90-4a41-a17c-6388bb873359
2019-10-15 17:18:18,381 [grpc-default-executor-0] INFO  impl.RoleInfo (RoleInfo.java:shutdownFollowerState(121)) - dbc121b5-e1e8-4c61-9d50-542b699a3d90: shutdown FollowerState
2019-10-15 17:18:18,381 [grpc-default-executor-3] INFO  impl.RoleInfo (RoleInfo.java:shutdownFollowerState(121)) - ebd8d1f9-8297-450f-abe7-393807ba0c7e: shutdown FollowerState
2019-10-15 17:18:18,381 [grpc-default-executor-0] INFO  impl.RoleInfo (RoleInfo.java:updateAndGet(143)) - dbc121b5-e1e8-4c61-9d50-542b699a3d90: start FollowerState
2019-10-15 17:18:18,381 [Thread-2081] INFO  impl.FollowerState (FollowerState.java:run(117)) - dbc121b5-e1e8-4c61-9d50-542b699a3d90@group-B673650064C9-FollowerState was interrupted: java.lang.InterruptedException: sleep interrupted
2019-10-15 17:18:18,382 [grpc-default-executor-3] INFO  impl.RoleInfo (RoleInfo.java:updateAndGet(143)) - ebd8d1f9-8297-450f-abe7-393807ba0c7e: start FollowerState
2019-10-15 17:18:18,382 [Thread-2082] INFO  impl.FollowerState (FollowerState.java:run(117)) - ebd8d1f9-8297-450f-abe7-393807ba0c7e@group-B673650064C9-FollowerState was interrupted: java.lang.InterruptedException: sleep interrupted
2019-10-15 17:18:18,405 [79abbc2e-0a90-4a41-a17c-6388bb873359@group-B673650064C9-LeaderElection268] INFO  impl.LeaderElection (LeaderElection.java:logAndReturn(56)) - 79abbc2e-0a90-4a41-a17c-6388bb873359@group-B673650064C9-LeaderElection268: Election REJECTED; received 2 response(s) [79abbc2e-0a90-4a41-a17c-6388bb873359<-ebd8d1f9-8297-450f-abe7-393807ba0c7e#0:FAIL-t308, 79abbc2e-0a90-4a41-a17c-6388bb873359<-dbc121b5-e1e8-4c61-9d50-542b699a3d90#0:FAIL-t308] and 0 exception(s); 79abbc2e-0a90-4a41-a17c-6388bb873359@group-B673650064C9:t308, leader=null, voted=79abbc2e-0a90-4a41-a17c-6388bb873359, raftlog=79abbc2e-0a90-4a41-a17c-6388bb873359@group-B673650064C9-SegmentedRaftLog:OPENED:c-1,f-1,i0, conf=-1: [ebd8d1f9-8297-450f-abe7-393807ba0c7e:192.168.164.239:36510, dbc121b5-e1e8-4c61-9d50-542b699a3d90:192.168.164.239:43140, 79abbc2e-0a90-4a41-a17c-6388bb873359:192.168.164.239:37857], old=null
2019-10-15 17:18:18,405 [79abbc2e-0a90-4a41-a17c-6388bb873359@group-B673650064C9-LeaderElection268] INFO  impl.RaftServerImpl (RaftServerImpl.java:setRole(184)) - 79abbc2e-0a90-4a41-a17c-6388bb873359@group-B673650064C9: changes role from CANDIDATE to FOLLOWER at term 308 for DISCOVERED_A_NEW_TERM
2019-10-15 17:18:18,405 [79abbc2e-0a90-4a41-a17c-6388bb873359@group-B673650064C9-LeaderElection268] INFO  impl.RoleInfo (RoleInfo.java:shutdownLeaderElection(134)) - 79abbc2e-0a90-4a41-a17c-6388bb873359: shutdown LeaderElection
2019-10-15 17:18:18,405 [79abbc2e-0a90-4a41-a17c-6388bb873359@group-B673650064C9-LeaderElection268] INFO  impl.RoleInfo (RoleInfo.java:updateAndGet(143)) - 79abbc2e-0a90-4a41-a17c-6388bb873359: start FollowerState
2019-10-15 17:18:18,421 [Thread-2089] INFO  impl.FollowerState (FollowerState.java:run(108)) - 79abbc2e-0a90-4a41-a17c-6388bb873359@group-B673650064C9-FollowerState: change to CANDIDATE, lastRpcTime:16ms, electionTimeout:16ms
2019-10-15 17:18:18,422 [Thread-2089] INFO  impl.RoleInfo (RoleInfo.java:shutdownFollowerState(121)) - 79abbc2e-0a90-4a41-a17c-6388bb873359: shutdown FollowerState
2019-10-15 17:18:18,422 [Thread-2089] INFO  impl.RaftServerImpl (RaftServerImpl.java:setRole(184)) - 79abbc2e-0a90-4a41-a17c-6388bb873359@group-B673650064C9: changes role from  FOLLOWER to CANDIDATE at term 308 for changeToCandidate
2019-10-15 17:18:18,422 [Thread-2089] INFO  impl.RoleInfo (RoleInfo.java:updateAndGet(143)) - 79abbc2e-0a90-4a41-a17c-6388bb873359: start LeaderElection
2019-10-15 17:18:18,446 [79abbc2e-0a90-4a41-a17c-6388bb873359@group-B673650064C9-LeaderElection269] INFO  impl.LeaderElection (LeaderElection.java:askForVotes(178)) - 79abbc2e-0a90-4a41-a17c-6388bb873359@group-B673650064C9-LeaderElection269: begin an election at term 309 for -1: [ebd8d1f9-8297-450f-abe7-393807ba0c7e:192.168.164.239:36510, dbc121b5-e1e8-4c61-9d50-542b699a3d90:192.168.164.239:43140, 79abbc2e-0a90-4a41-a17c-6388bb873359:192.168.164.239:37857], old=null
2019-10-15 17:18:18,448 [grpc-default-executor-3] INFO  impl.RaftServerImpl (RaftServerImpl.java:setRole(184)) - dbc121b5-e1e8-4c61-9d50-542b699a3d90@group-B673650064C9: changes role from  FOLLOWER to FOLLOWER at term 309 for recognizeCandidate:79abbc2e-0a90-4a41-a17c-6388bb873359
2019-10-15 17:18:18,448 [grpc-default-executor-3] INFO  impl.RoleInfo (RoleInfo.java:shutdownFollowerState(121)) - dbc121b5-e1e8-4c61-9d50-542b699a3d90: shutdown FollowerState
2019-10-15 17:18:18,448 [grpc-default-executor-0] INFO  impl.RaftServerImpl (RaftServerImpl.java:setRole(184)) - ebd8d1f9-8297-450f-abe7-393807ba0c7e@group-B673650064C9: changes role from  FOLLOWER to FOLLOWER at term 309 for recognizeCandidate:79abbc2e-0a90-4a41-a17c-6388bb873359
2019-10-15 17:18:18,448 [Thread-2087] INFO  impl.FollowerState (FollowerState.java:run(117)) - dbc121b5-e1e8-4c61-9d50-542b699a3d90@group-B673650064C9-FollowerState was interrupted: java.lang.InterruptedException: sleep interrupted
2019-10-15 17:18:18,448 [grpc-default-executor-3] INFO  impl.RoleInfo (RoleInfo.java:updateAndGet(143)) - dbc121b5-e1e8-4c61-9d50-542b699a3d90: start FollowerState
2019-10-15 17:18:18,448 [grpc-default-executor-0] INFO  impl.RoleInfo (RoleInfo.java:shutdownFollowerState(121)) - ebd8d1f9-8297-450f-abe7-393807ba0c7e: shutdown FollowerState
2019-10-15 17:18:18,449 [grpc-default-executor-0] INFO  impl.RoleInfo (RoleInfo.java:updateAndGet(143)) - ebd8d1f9-8297-450f-abe7-393807ba0c7e: start FollowerState
2019-10-15 17:18:18,449 [Thread-2088] INFO  impl.FollowerState (FollowerState.java:run(117)) - ebd8d1f9-8297-450f-abe7-393807ba0c7e@group-B673650064C9-FollowerState was interrupted: java.lang.InterruptedException: sleep interrupted
2019-10-15 17:18:18,474 [79abbc2e-0a90-4a41-a17c-6388bb873359@group-B673650064C9-LeaderElection269] INFO  impl.LeaderElection (LeaderElection.java:logAndReturn(56)) - 79abbc2e-0a90-4a41-a17c-6388bb873359@group-B673650064C9-LeaderElection269: Election REJECTED; received 2 response(s) [79abbc2e-0a90-4a41-a17c-6388bb873359<-ebd8d1f9-8297-450f-abe7-393807ba0c7e#0:FAIL-t309, 79abbc2e-0a90-4a41-a17c-6388bb873359<-dbc121b5-e1e8-4c61-9d50-542b699a3d90#0:FAIL-t309] and 0 exception(s); 79abbc2e-0a90-4a41-a17c-6388bb873359@group-B673650064C9:t309, leader=null, voted=79abbc2e-0a90-4a41-a17c-6388bb873359, raftlog=79abbc2e-0a90-4a41-a17c-6388bb873359@group-B673650064C9-SegmentedRaftLog:OPENED:c-1,f-1,i0, conf=-1: [ebd8d1f9-8297-450f-abe7-393807ba0c7e:192.168.164.239:36510, dbc121b5-e1e8-4c61-9d50-542b699a3d90:192.168.164.239:43140, 79abbc2e-0a90-4a41-a17c-6388bb873359:192.168.164.239:37857], old=null
2019-10-15 17:18:18,474 [79abbc2e-0a90-4a41-a17c-6388bb873359@group-B673650064C9-LeaderElection269] INFO  impl.RaftServerImpl (RaftServerImpl.java:setRole(184)) - 79abbc2e-0a90-4a41-a17c-6388bb873359@group-B673650064C9: changes role from CANDIDATE to FOLLOWER at term 309 for DISCOVERED_A_NEW_TERM
2019-10-15 17:18:18,474 [79abbc2e-0a90-4a41-a17c-6388bb873359@group-B673650064C9-LeaderElection269] INFO  impl.RoleInfo (RoleInfo.java:shutdownLeaderElection(134)) - 79abbc2e-0a90-4a41-a17c-6388bb873359: shutdown LeaderElection
2019-10-15 17:18:18,474 [79abbc2e-0a90-4a41-a17c-6388bb873359@group-B673650064C9-LeaderElection269] INFO  impl.RoleInfo (RoleInfo.java:updateAndGet(143)) - 79abbc2e-0a90-4a41-a17c-6388bb873359: start FollowerState
2019-10-15 17:18:18,486 [Thread-2095] INFO  impl.FollowerState (FollowerState.java:run(108)) - 79abbc2e-0a90-4a41-a17c-6388bb873359@group-B673650064C9-FollowerState: change to CANDIDATE, lastRpcTime:12ms, electionTimeout:12ms
2019-10-15 17:18:18,486 [Thread-2095] INFO  impl.RoleInfo (RoleInfo.java:shutdownFollowerState(121)) - 79abbc2e-0a90-4a41-a17c-6388bb873359: shutdown FollowerState
2019-10-15 17:18:18,486 [Thread-2095] INFO  impl.RaftServerImpl (RaftServerImpl.java:setRole(184)) - 79abbc2e-0a90-4a41-a17c-6388bb873359@group-B673650064C9: changes role from  FOLLOWER to CANDIDATE at term 309 for changeToCandidate
2019-10-15 17:18:18,487 [Thread-2095] INFO  impl.RoleInfo (RoleInfo.java:updateAndGet(143)) - 79abbc2e-0a90-4a41-a17c-6388bb873359: start LeaderElection
2019-10-15 17:18:18,515 [79abbc2e-0a90-4a41-a17c-6388bb873359@group-B673650064C9-LeaderElection270] INFO  impl.LeaderElection (LeaderElection.java:askForVotes(178)) - 79abbc2e-0a90-4a41-a17c-6388bb873359@group-B673650064C9-LeaderElection270: begin an election at term 310 for -1: [ebd8d1f9-8297-450f-abe7-393807ba0c7e:192.168.164.239:36510, dbc121b5-e1e8-4c61-9d50-542b699a3d90:192.168.164.239:43140, 79abbc2e-0a90-4a41-a17c-6388bb873359:192.168.164.239:37857], old=null
2019-10-15 17:18:18,517 [grpc-default-executor-3] INFO  impl.RaftServerImpl (RaftServerImpl.java:setRole(184)) - ebd8d1f9-8297-450f-abe7-393807ba0c7e@group-B673650064C9: changes role from  FOLLOWER to FOLLOWER at term 310 for recognizeCandidate:79abbc2e-0a90-4a41-a17c-6388bb873359
2019-10-15 17:18:18,517 [grpc-default-executor-3] INFO  impl.RoleInfo (RoleInfo.java:shutdownFollowerState(121)) - ebd8d1f9-8297-450f-abe7-393807ba0c7e: shutdown FollowerState
2019-10-15 17:18:18,517 [grpc-default-executor-0] INFO  impl.RaftServerImpl (RaftServerImpl.java:setRole(184)) - dbc121b5-e1e8-4c61-9d50-542b699a3d90@group-B673650064C9: changes role from  FOLLOWER to FOLLOWER at term 310 for recognizeCandidate:79abbc2e-0a90-4a41-a17c-6388bb873359
2019-10-15 17:18:18,517 [Thread-2094] INFO  impl.FollowerState (FollowerState.java:run(117)) - ebd8d1f9-8297-450f-abe7-393807ba0c7e@group-B673650064C9-FollowerState was interrupted: java.lang.InterruptedException: sleep interrupted
2019-10-15 17:18:18,517 [grpc-default-executor-3] INFO  impl.RoleInfo (RoleInfo.java:updateAndGet(143)) - ebd8d1f9-8297-450f-abe7-393807ba0c7e: start FollowerState
2019-10-15 17:18:18,517 [grpc-default-executor-0] INFO  impl.RoleInfo (RoleInfo.java:shutdownFollowerState(121)) - dbc121b5-e1e8-4c61-9d50-542b699a3d90: shutdown FollowerState
2019-10-15 17:18:18,518 [Thread-2093] INFO  impl.FollowerState (FollowerState.java:run(117)) - dbc121b5-e1e8-4c61-9d50-542b699a3d90@group-B673650064C9-FollowerState was interrupted: java.lang.InterruptedException: sleep interrupted
2019-10-15 17:18:18,518 [grpc-default-executor-0] INFO  impl.RoleInfo (RoleInfo.java:updateAndGet(143)) - dbc121b5-e1e8-4c61-9d50-542b699a3d90: start FollowerState
2019-10-15 17:18:18,541 [79abbc2e-0a90-4a41-a17c-6388bb873359@group-B673650064C9-LeaderElection270] INFO  impl.LeaderElection (LeaderElection.java:logAndReturn(56)) - 79abbc2e-0a90-4a41-a17c-6388bb873359@group-B673650064C9-LeaderElection270: Election REJECTED; received 2 response(s) [79abbc2e-0a90-4a41-a17c-6388bb873359<-ebd8d1f9-8297-450f-abe7-393807ba0c7e#0:FAIL-t310, 79abbc2e-0a90-4a41-a17c-6388bb873359<-dbc121b5-e1e8-4c61-9d50-542b699a3d90#0:FAIL-t310] and 0 exception(s); 79abbc2e-0a90-4a41-a17c-6388bb873359@group-B673650064C9:t310, leader=null, voted=79abbc2e-0a90-4a41-a17c-6388bb873359, raftlog=79abbc2e-0a90-4a41-a17c-6388bb873359@group-B673650064C9-SegmentedRaftLog:OPENED:c-1,f-1,i0, conf=-1: [ebd8d1f9-8297-450f-abe7-393807ba0c7e:192.168.164.239:36510, dbc121b5-e1e8-4c61-9d50-542b699a3d90:192.168.164.239:43140, 79abbc2e-0a90-4a41-a17c-6388bb873359:192.168.164.239:37857], old=null
2019-10-15 17:18:18,541 [79abbc2e-0a90-4a41-a17c-6388bb873359@group-B673650064C9-LeaderElection270] INFO  impl.RaftServerImpl (RaftServerImpl.java:setRole(184)) - 79abbc2e-0a90-4a41-a17c-6388bb873359@group-B673650064C9: changes role from CANDIDATE to FOLLOWER at term 310 for DISCOVERED_A_NEW_TERM
2019-10-15 17:18:18,541 [79abbc2e-0a90-4a41-a17c-6388bb873359@group-B673650064C9-LeaderElection270] INFO  impl.RoleInfo (RoleInfo.java:shutdownLeaderElection(134)) - 79abbc2e-0a90-4a41-a17c-6388bb873359: shutdown LeaderElection
2019-10-15 17:18:18,541 [79abbc2e-0a90-4a41-a17c-6388bb873359@group-B673650064C9-LeaderElection270] INFO  impl.RoleInfo (RoleInfo.java:updateAndGet(143)) - 79abbc2e-0a90-4a41-a17c-6388bb873359: start FollowerState
2019-10-15 17:18:18,606 [Thread-2101] INFO  impl.FollowerState (FollowerState.java:run(108)) - 79abbc2e-0a90-4a41-a17c-6388bb873359@group-B673650064C9-FollowerState: change to CANDIDATE, lastRpcTime:65ms, electionTimeout:65ms
2019-10-15 17:18:18,607 [Thread-2101] INFO  impl.RoleInfo (RoleInfo.java:shutdownFollowerState(121)) - 79abbc2e-0a90-4a41-a17c-6388bb873359: shutdown FollowerState
2019-10-15 17:18:18,607 [Thread-2101] INFO  impl.RaftServerImpl (RaftServerImpl.java:setRole(184)) - 79abbc2e-0a90-4a41-a17c-6388bb873359@group-B673650064C9: changes role from  FOLLOWER to CANDIDATE at term 310 for changeToCandidate
2019-10-15 17:18:18,607 [Thread-2101] INFO  impl.RoleInfo (RoleInfo.java:updateAndGet(143)) - 79abbc2e-0a90-4a41-a17c-6388bb873359: start LeaderElection
2019-10-15 17:18:18,632 [79abbc2e-0a90-4a41-a17c-6388bb873359@group-B673650064C9-LeaderElection271] INFO  impl.LeaderElection (LeaderElection.java:askForVotes(178)) - 79abbc2e-0a90-4a41-a17c-6388bb873359@group-B673650064C9-LeaderElection271: begin an election at term 311 for -1: [ebd8d1f9-8297-450f-abe7-393807ba0c7e:192.168.164.239:36510, dbc121b5-e1e8-4c61-9d50-542b699a3d90:192.168.164.239:43140, 79abbc2e-0a90-4a41-a17c-6388bb873359:192.168.164.239:37857], old=null
2019-10-15 17:18:18,634 [grpc-default-executor-3] INFO  impl.RaftServerImpl (RaftServerImpl.java:setRole(184)) - ebd8d1f9-8297-450f-abe7-393807ba0c7e@group-B673650064C9: changes role from  FOLLOWER to FOLLOWER at term 311 for recognizeCandidate:79abbc2e-0a90-4a41-a17c-6388bb873359
2019-10-15 17:18:18,634 [grpc-default-executor-0] INFO  impl.RaftServerImpl (RaftServerImpl.java:setRole(184)) - dbc121b5-e1e8-4c61-9d50-542b699a3d90@group-B673650064C9: changes role from  FOLLOWER to FOLLOWER at term 311 for recognizeCandidate:79abbc2e-0a90-4a41-a17c-6388bb873359
2019-10-15 17:18:18,634 [grpc-default-executor-3] INFO  impl.RoleInfo (RoleInfo.java:shutdownFollowerState(121)) - ebd8d1f9-8297-450f-abe7-393807ba0c7e: shutdown FollowerState
2019-10-15 17:18:18,635 [grpc-default-executor-0] INFO  impl.RoleInfo (RoleInfo.java:shutdownFollowerState(121)) - dbc121b5-e1e8-4c61-9d50-542b699a3d90: shutdown FollowerState
2019-10-15 17:18:18,635 [Thread-2099] INFO  impl.FollowerState (FollowerState.java:run(117)) - ebd8d1f9-8297-450f-abe7-393807ba0c7e@group-B673650064C9-FollowerState was interrupted: java.lang.InterruptedException: sleep interrupted
2019-10-15 17:18:18,635 [grpc-default-executor-3] INFO  impl.RoleInfo (RoleInfo.java:updateAndGet(143)) - ebd8d1f9-8297-450f-abe7-393807ba0c7e: start FollowerState
2019-10-15 17:18:18,635 [Thread-2100] INFO  impl.FollowerState (FollowerState.java:run(117)) - dbc121b5-e1e8-4c61-9d50-542b699a3d90@group-B673650064C9-FollowerState was interrupted: java.lang.InterruptedException: sleep interrupted
2019-10-15 17:18:18,635 [grpc-default-executor-0] INFO  impl.RoleInfo (RoleInfo.java:updateAndGet(143)) - dbc121b5-e1e8-4c61-9d50-542b699a3d90: start FollowerState
2019-10-15 17:18:18,658 [79abbc2e-0a90-4a41-a17c-6388bb873359@group-B673650064C9-LeaderElection271] INFO  impl.LeaderElection (LeaderElection.java:logAndReturn(56)) - 79abbc2e-0a90-4a41-a17c-6388bb873359@group-B673650064C9-LeaderElection271: Election REJECTED; received 2 response(s) [79abbc2e-0a90-4a41-a17c-6388bb873359<-ebd8d1f9-8297-450f-abe7-393807ba0c7e#0:FAIL-t311, 79abbc2e-0a90-4a41-a17c-6388bb873359<-dbc121b5-e1e8-4c61-9d50-542b699a3d90#0:FAIL-t311] and 0 exception(s); 79abbc2e-0a90-4a41-a17c-6388bb873359@group-B673650064C9:t311, leader=null, voted=79abbc2e-0a90-4a41-a17c-6388bb873359, raftlog=79abbc2e-0a90-4a41-a17c-6388bb873359@group-B673650064C9-SegmentedRaftLog:OPENED:c-1,f-1,i0, conf=-1: [ebd8d1f9-8297-450f-abe7-393807ba0c7e:192.168.164.239:36510, dbc121b5-e1e8-4c61-9d50-542b699a3d90:192.168.164.239:43140, 79abbc2e-0a90-4a41-a17c-6388bb873359:192.168.164.239:37857], old=null
2019-10-15 17:18:18,658 [79abbc2e-0a90-4a41-a17c-6388bb873359@group-B673650064C9-LeaderElection271] INFO  impl.RaftServerImpl (RaftServerImpl.java:setRole(184)) - 79abbc2e-0a90-4a41-a17c-6388bb873359@group-B673650064C9: changes role from CANDIDATE to FOLLOWER at term 311 for DISCOVERED_A_NEW_TERM
2019-10-15 17:18:18,659 [79abbc2e-0a90-4a41-a17c-6388bb873359@group-B673650064C9-LeaderElection271] INFO  impl.RoleInfo (RoleInfo.java:shutdownLeaderElection(134)) - 79abbc2e-0a90-4a41-a17c-6388bb873359: shutdown LeaderElection
2019-10-15 17:18:18,659 [79abbc2e-0a90-4a41-a17c-6388bb873359@group-B673650064C9-LeaderElection271] INFO  impl.RoleInfo (RoleInfo.java:updateAndGet(143)) - 79abbc2e-0a90-4a41-a17c-6388bb873359: start FollowerState
2019-10-15 17:18:18,767 [Thread-2107] INFO  impl.FollowerState (FollowerState.java:run(108)) - 79abbc2e-0a90-4a41-a17c-6388bb873359@group-B673650064C9-FollowerState: change to CANDIDATE, lastRpcTime:108ms, electionTimeout:108ms
2019-10-15 17:18:18,767 [Thread-2107] INFO  impl.RoleInfo (RoleInfo.java:shutdownFollowerState(121)) - 79abbc2e-0a90-4a41-a17c-6388bb873359: shutdown FollowerState
2019-10-15 17:18:18,767 [Thread-2107] INFO  impl.RaftServerImpl (RaftServerImpl.java:setRole(184)) - 79abbc2e-0a90-4a41-a17c-6388bb873359@group-B673650064C9: changes role from  FOLLOWER to CANDIDATE at term 311 for changeToCandidate
2019-10-15 17:18:18,767 [Thread-2107] INFO  impl.RoleInfo (RoleInfo.java:updateAndGet(143)) - 79abbc2e-0a90-4a41-a17c-6388bb873359: start LeaderElection
2019-10-15 17:18:18,791 [79abbc2e-0a90-4a41-a17c-6388bb873359@group-B673650064C9-LeaderElection272] INFO  impl.LeaderElection (LeaderElection.java:askForVotes(178)) - 79abbc2e-0a90-4a41-a17c-6388bb873359@group-B673650064C9-LeaderElection272: begin an election at term 312 for -1: [ebd8d1f9-8297-450f-abe7-393807ba0c7e:192.168.164.239:36510, dbc121b5-e1e8-4c61-9d50-542b699a3d90:192.168.164.239:43140, 79abbc2e-0a90-4a41-a17c-6388bb873359:192.168.164.239:37857], old=null
2019-10-15 17:18:18,793 [grpc-default-executor-3] INFO  impl.RaftServerImpl (RaftServerImpl.java:setRole(184)) - dbc121b5-e1e8-4c61-9d50-542b699a3d90@group-B673650064C9: changes role from  FOLLOWER to FOLLOWER at term 312 for recognizeCandidate:79abbc2e-0a90-4a41-a17c-6388bb873359
2019-10-15 17:18:18,793 [grpc-default-executor-3] INFO  impl.RoleInfo (RoleInfo.java:shutdownFollowerState(121)) - dbc121b5-e1e8-4c61-9d50-542b699a3d90: shutdown FollowerState
2019-10-15 17:18:18,793 [grpc-default-executor-0] INFO  impl.RaftServerImpl (RaftServerImpl.java:setRole(184)) - ebd8d1f9-8297-450f-abe7-393807ba0c7e@group-B673650064C9: changes role from  FOLLOWER to FOLLOWER at term 312 for recognizeCandidate:79abbc2e-0a90-4a41-a17c-6388bb873359
2019-10-15 17:18:18,794 [grpc-default-executor-0] INFO  impl.RoleInfo (RoleInfo.java:shutdownFollowerState(121)) - ebd8d1f9-8297-450f-abe7-393807ba0c7e: shutdown FollowerState
2019-10-15 17:18:18,793 [Thread-2106] INFO  impl.FollowerState (FollowerState.java:run(117)) - dbc121b5-e1e8-4c61-9d50-542b699a3d90@group-B673650064C9-FollowerState was interrupted: java.lang.InterruptedException: sleep interrupted
2019-10-15 17:18:18,794 [Thread-2105] INFO  impl.FollowerState (FollowerState.java:run(117)) - ebd8d1f9-8297-450f-abe7-393807ba0c7e@group-B673650064C9-FollowerState was interrupted: java.lang.InterruptedException: sleep interrupted
2019-10-15 17:18:18,793 [grpc-default-executor-3] INFO  impl.RoleInfo (RoleInfo.java:updateAndGet(143)) - dbc121b5-e1e8-4c61-9d50-542b699a3d90: start FollowerState
2019-10-15 17:18:18,794 [grpc-default-executor-0] INFO  impl.RoleInfo (RoleInfo.java:updateAndGet(143)) - ebd8d1f9-8297-450f-abe7-393807ba0c7e: start FollowerState
2019-10-15 17:18:18,817 [79abbc2e-0a90-4a41-a17c-6388bb873359@group-B673650064C9-LeaderElection272] INFO  impl.LeaderElection (LeaderElection.java:logAndReturn(56)) - 79abbc2e-0a90-4a41-a17c-6388bb873359@group-B673650064C9-LeaderElection272: Election REJECTED; received 2 response(s) [79abbc2e-0a90-4a41-a17c-6388bb873359<-ebd8d1f9-8297-450f-abe7-393807ba0c7e#0:FAIL-t312, 79abbc2e-0a90-4a41-a17c-6388bb873359<-dbc121b5-e1e8-4c61-9d50-542b699a3d90#0:FAIL-t312] and 0 exception(s); 79abbc2e-0a90-4a41-a17c-6388bb873359@group-B673650064C9:t312, leader=null, voted=79abbc2e-0a90-4a41-a17c-6388bb873359, raftlog=79abbc2e-0a90-4a41-a17c-6388bb873359@group-B673650064C9-SegmentedRaftLog:OPENED:c-1,f-1,i0, conf=-1: [ebd8d1f9-8297-450f-abe7-393807ba0c7e:192.168.164.239:36510, dbc121b5-e1e8-4c61-9d50-542b699a3d90:192.168.164.239:43140, 79abbc2e-0a90-4a41-a17c-6388bb873359:192.168.164.239:37857], old=null
2019-10-15 17:18:18,817 [79abbc2e-0a90-4a41-a17c-6388bb873359@group-B673650064C9-LeaderElection272] INFO  impl.RaftServerImpl (RaftServerImpl.java:setRole(184)) - 79abbc2e-0a90-4a41-a17c-6388bb873359@group-B673650064C9: changes role from CANDIDATE to FOLLOWER at term 312 for DISCOVERED_A_NEW_TERM
2019-10-15 17:18:18,818 [79abbc2e-0a90-4a41-a17c-6388bb873359@group-B673650064C9-LeaderElection272] INFO  impl.RoleInfo (RoleInfo.java:shutdownLeaderElection(134)) - 79abbc2e-0a90-4a41-a17c-6388bb873359: shutdown LeaderElection
2019-10-15 17:18:18,818 [79abbc2e-0a90-4a41-a17c-6388bb873359@group-B673650064C9-LeaderElection272] INFO  impl.RoleInfo (RoleInfo.java:updateAndGet(143)) - 79abbc2e-0a90-4a41-a17c-6388bb873359: start FollowerState
2019-10-15 17:18:18,884 [Thread-2113] INFO  impl.FollowerState (FollowerState.java:run(108)) - 79abbc2e-0a90-4a41-a17c-6388bb873359@group-B673650064C9-FollowerState: change to CANDIDATE, lastRpcTime:66ms, electionTimeout:66ms
2019-10-15 17:18:18,884 [Thread-2113] INFO  impl.RoleInfo (RoleInfo.java:shutdownFollowerState(121)) - 79abbc2e-0a90-4a41-a17c-6388bb873359: shutdown FollowerState
2019-10-15 17:18:18,884 [Thread-2113] INFO  impl.RaftServerImpl (RaftServerImpl.java:setRole(184)) - 79abbc2e-0a90-4a41-a17c-6388bb873359@group-B673650064C9: changes role from  FOLLOWER to CANDIDATE at term 312 for changeToCandidate
2019-10-15 17:18:18,885 [Thread-2113] INFO  impl.RoleInfo (RoleInfo.java:updateAndGet(143)) - 79abbc2e-0a90-4a41-a17c-6388bb873359: start LeaderElection
2019-10-15 17:18:18,909 [79abbc2e-0a90-4a41-a17c-6388bb873359@group-B673650064C9-LeaderElection273] INFO  impl.LeaderElection (LeaderElection.java:askForVotes(178)) - 79abbc2e-0a90-4a41-a17c-6388bb873359@group-B673650064C9-LeaderElection273: begin an election at term 313 for -1: [ebd8d1f9-8297-450f-abe7-393807ba0c7e:192.168.164.239:36510, dbc121b5-e1e8-4c61-9d50-542b699a3d90:192.168.164.239:43140, 79abbc2e-0a90-4a41-a17c-6388bb873359:192.168.164.239:37857], old=null
2019-10-15 17:18:18,911 [grpc-default-executor-0] INFO  impl.RaftServerImpl (RaftServerImpl.java:setRole(184)) - ebd8d1f9-8297-450f-abe7-393807ba0c7e@group-B673650064C9: changes role from  FOLLOWER to FOLLOWER at term 313 for recognizeCandidate:79abbc2e-0a90-4a41-a17c-6388bb873359
2019-10-15 17:18:18,911 [grpc-default-executor-3] INFO  impl.RaftServerImpl (RaftServerImpl.java:setRole(184)) - dbc121b5-e1e8-4c61-9d50-542b699a3d90@group-B673650064C9: changes role from  FOLLOWER to FOLLOWER at term 313 for recognizeCandidate:79abbc2e-0a90-4a41-a17c-6388bb873359
2019-10-15 17:18:18,911 [grpc-default-executor-0] INFO  impl.RoleInfo (RoleInfo.java:shutdownFollowerState(121)) - ebd8d1f9-8297-450f-abe7-393807ba0c7e: shutdown FollowerState
2019-10-15 17:18:18,912 [grpc-default-executor-3] INFO  impl.RoleInfo (RoleInfo.java:shutdownFollowerState(121)) - dbc121b5-e1e8-4c61-9d50-542b699a3d90: shutdown FollowerState
2019-10-15 17:18:18,912 [Thread-2112] INFO  impl.FollowerState (FollowerState.java:run(117)) - ebd8d1f9-8297-450f-abe7-393807ba0c7e@group-B673650064C9-FollowerState was interrupted: java.lang.InterruptedException: sleep interrupted
2019-10-15 17:18:18,912 [grpc-default-executor-0] INFO  impl.RoleInfo (RoleInfo.java:updateAndGet(143)) - ebd8d1f9-8297-450f-abe7-393807ba0c7e: start FollowerState
2019-10-15 17:18:18,912 [Thread-2111] INFO  impl.FollowerState (FollowerState.java:run(117)) - dbc121b5-e1e8-4c61-9d50-542b699a3d90@group-B673650064C9-FollowerState was interrupted: java.lang.InterruptedException: sleep interrupted
2019-10-15 17:18:18,912 [grpc-default-executor-3] INFO  impl.RoleInfo (RoleInfo.java:updateAndGet(143)) - dbc121b5-e1e8-4c61-9d50-542b699a3d90: start FollowerState
2019-10-15 17:18:18,928 [79abbc2e-0a90-4a41-a17c-6388bb873359@group-B673650064C9-LeaderElection273] INFO  impl.LeaderElection (LeaderElection.java:logAndReturn(56)) - 79abbc2e-0a90-4a41-a17c-6388bb873359@group-B673650064C9-LeaderElection273: Election REJECTED; received 2 response(s) [79abbc2e-0a90-4a41-a17c-6388bb873359<-ebd8d1f9-8297-450f-abe7-393807ba0c7e#0:FAIL-t313, 79abbc2e-0a90-4a41-a17c-6388bb873359<-dbc121b5-e1e8-4c61-9d50-542b699a3d90#0:FAIL-t313] and 0 exception(s); 79abbc2e-0a90-4a41-a17c-6388bb873359@group-B673650064C9:t313, leader=null, voted=79abbc2e-0a90-4a41-a17c-6388bb873359, raftlog=79abbc2e-0a90-4a41-a17c-6388bb873359@group-B673650064C9-SegmentedRaftLog:OPENED:c-1,f-1,i0, conf=-1: [ebd8d1f9-8297-450f-abe7-393807ba0c7e:192.168.164.239:36510, dbc121b5-e1e8-4c61-9d50-542b699a3d90:192.168.164.239:43140, 79abbc2e-0a90-4a41-a17c-6388bb873359:192.168.164.239:37857], old=null
2019-10-15 17:18:18,928 [79abbc2e-0a90-4a41-a17c-6388bb873359@group-B673650064C9-LeaderElection273] INFO  impl.RaftServerImpl (RaftServerImpl.java:setRole(184)) - 79abbc2e-0a90-4a41-a17c-6388bb873359@group-B673650064C9: changes role from CANDIDATE to FOLLOWER at term 313 for DISCOVERED_A_NEW_TERM
2019-10-15 17:18:18,928 [79abbc2e-0a90-4a41-a17c-6388bb873359@group-B673650064C9-LeaderElection273] INFO  impl.RoleInfo (RoleInfo.java:shutdownLeaderElection(134)) - 79abbc2e-0a90-4a41-a17c-6388bb873359: shutdown LeaderElection
2019-10-15 17:18:18,928 [79abbc2e-0a90-4a41-a17c-6388bb873359@group-B673650064C9-LeaderElection273] INFO  impl.RoleInfo (RoleInfo.java:updateAndGet(143)) - 79abbc2e-0a90-4a41-a17c-6388bb873359: start FollowerState
2019-10-15 17:18:18,979 [Thread-2119] INFO  impl.FollowerState (FollowerState.java:run(108)) - 79abbc2e-0a90-4a41-a17c-6388bb873359@group-B673650064C9-FollowerState: change to CANDIDATE, lastRpcTime:51ms, electionTimeout:51ms
2019-10-15 17:18:18,979 [Thread-2119] INFO  impl.RoleInfo (RoleInfo.java:shutdownFollowerState(121)) - 79abbc2e-0a90-4a41-a17c-6388bb873359: shutdown FollowerState
2019-10-15 17:18:18,980 [Thread-2119] INFO  impl.RaftServerImpl (RaftServerImpl.java:setRole(184)) - 79abbc2e-0a90-4a41-a17c-6388bb873359@group-B673650064C9: changes role from  FOLLOWER to CANDIDATE at term 313 for changeToCandidate
2019-10-15 17:18:18,980 [Thread-2119] INFO  impl.RoleInfo (RoleInfo.java:updateAndGet(143)) - 79abbc2e-0a90-4a41-a17c-6388bb873359: start LeaderElection
2019-10-15 17:18:19,003 [79abbc2e-0a90-4a41-a17c-6388bb873359@group-B673650064C9-LeaderElection274] INFO  impl.LeaderElection (LeaderElection.java:askForVotes(178)) - 79abbc2e-0a90-4a41-a17c-6388bb873359@group-B673650064C9-LeaderElection274: begin an election at term 314 for -1: [ebd8d1f9-8297-450f-abe7-393807ba0c7e:192.168.164.239:36510, dbc121b5-e1e8-4c61-9d50-542b699a3d90:192.168.164.239:43140, 79abbc2e-0a90-4a41-a17c-6388bb873359:192.168.164.239:37857], old=null
2019-10-15 17:18:19,005 [grpc-default-executor-3] INFO  impl.RaftServerImpl (RaftServerImpl.java:setRole(184)) - ebd8d1f9-8297-450f-abe7-393807ba0c7e@group-B673650064C9: changes role from  FOLLOWER to FOLLOWER at term 314 for recognizeCandidate:79abbc2e-0a90-4a41-a17c-6388bb873359
2019-10-15 17:18:19,005 [grpc-default-executor-0] INFO  impl.RaftServerImpl (RaftServerImpl.java:setRole(184)) - dbc121b5-e1e8-4c61-9d50-542b699a3d90@group-B673650064C9: changes role from  FOLLOWER to FOLLOWER at term 314 for recognizeCandidate:79abbc2e-0a90-4a41-a17c-6388bb873359
2019-10-15 17:18:19,005 [grpc-default-executor-3] INFO  impl.RoleInfo (RoleInfo.java:shutdownFollowerState(121)) - ebd8d1f9-8297-450f-abe7-393807ba0c7e: shutdown FollowerState
2019-10-15 17:18:19,005 [grpc-default-executor-0] INFO  impl.RoleInfo (RoleInfo.java:shutdownFollowerState(121)) - dbc121b5-e1e8-4c61-9d50-542b699a3d90: shutdown FollowerState
2019-10-15 17:18:19,005 [Thread-2117] INFO  impl.FollowerState (FollowerState.java:run(117)) - ebd8d1f9-8297-450f-abe7-393807ba0c7e@group-B673650064C9-FollowerState was interrupted: java.lang.InterruptedException: sleep interrupted
2019-10-15 17:18:19,005 [grpc-default-executor-3] INFO  impl.RoleInfo (RoleInfo.java:updateAndGet(143)) - ebd8d1f9-8297-450f-abe7-393807ba0c7e: start FollowerState
2019-10-15 17:18:19,005 [Thread-2118] INFO  impl.FollowerState (FollowerState.java:run(117)) - dbc121b5-e1e8-4c61-9d50-542b699a3d90@group-B673650064C9-FollowerState was interrupted: java.lang.InterruptedException: sleep interrupted
2019-10-15 17:18:19,005 [grpc-default-executor-0] INFO  impl.RoleInfo (RoleInfo.java:updateAndGet(143)) - dbc121b5-e1e8-4c61-9d50-542b699a3d90: start FollowerState
2019-10-15 17:18:19,017 [79abbc2e-0a90-4a41-a17c-6388bb873359@group-B673650064C9-LeaderElection274] INFO  impl.LeaderElection (LeaderElection.java:logAndReturn(56)) - 79abbc2e-0a90-4a41-a17c-6388bb873359@group-B673650064C9-LeaderElection274: Election TIMEOUT; received 0 response(s) [] and 0 exception(s); 79abbc2e-0a90-4a41-a17c-6388bb873359@group-B673650064C9:t314, leader=null, voted=79abbc2e-0a90-4a41-a17c-6388bb873359, raftlog=79abbc2e-0a90-4a41-a17c-6388bb873359@group-B673650064C9-SegmentedRaftLog:OPENED:c-1,f-1,i0, conf=-1: [ebd8d1f9-8297-450f-abe7-393807ba0c7e:192.168.164.239:36510, dbc121b5-e1e8-4c61-9d50-542b699a3d90:192.168.164.239:43140, 79abbc2e-0a90-4a41-a17c-6388bb873359:192.168.164.239:37857], old=null
2019-10-15 17:18:19,029 [79abbc2e-0a90-4a41-a17c-6388bb873359@group-B673650064C9-LeaderElection274] INFO  impl.LeaderElection (LeaderElection.java:askForVotes(178)) - 79abbc2e-0a90-4a41-a17c-6388bb873359@group-B673650064C9-LeaderElection274: begin an election at term 315 for -1: [ebd8d1f9-8297-450f-abe7-393807ba0c7e:192.168.164.239:36510, dbc121b5-e1e8-4c61-9d50-542b699a3d90:192.168.164.239:43140, 79abbc2e-0a90-4a41-a17c-6388bb873359:192.168.164.239:37857], old=null
2019-10-15 17:18:19,030 [grpc-default-executor-0] INFO  impl.RaftServerImpl (RaftServerImpl.java:setRole(184)) - ebd8d1f9-8297-450f-abe7-393807ba0c7e@group-B673650064C9: changes role from  FOLLOWER to FOLLOWER at term 315 for recognizeCandidate:79abbc2e-0a90-4a41-a17c-6388bb873359
2019-10-15 17:18:19,030 [grpc-default-executor-0] INFO  impl.RoleInfo (RoleInfo.java:shutdownFollowerState(121)) - ebd8d1f9-8297-450f-abe7-393807ba0c7e: shutdown FollowerState
2019-10-15 17:18:19,031 [grpc-default-executor-0] INFO  impl.RoleInfo (RoleInfo.java:updateAndGet(143)) - ebd8d1f9-8297-450f-abe7-393807ba0c7e: start FollowerState
2019-10-15 17:18:19,031 [grpc-default-executor-3] INFO  impl.RaftServerImpl (RaftServerImpl.java:setRole(184)) - dbc121b5-e1e8-4c61-9d50-542b699a3d90@group-B673650064C9: changes role from  FOLLOWER to FOLLOWER at term 315 for recognizeCandidate:79abbc2e-0a90-4a41-a17c-6388bb873359
2019-10-15 17:18:19,031 [Thread-2123] INFO  impl.FollowerState (FollowerState.java:run(117)) - ebd8d1f9-8297-450f-abe7-393807ba0c7e@group-B673650064C9-FollowerState was interrupted: java.lang.InterruptedException: sleep interrupted
2019-10-15 17:18:19,031 [grpc-default-executor-3] INFO  impl.RoleInfo (RoleInfo.java:shutdownFollowerState(121)) - dbc121b5-e1e8-4c61-9d50-542b699a3d90: shutdown FollowerState
2019-10-15 17:18:19,031 [Thread-2124] INFO  impl.FollowerState (FollowerState.java:run(117)) - dbc121b5-e1e8-4c61-9d50-542b699a3d90@group-B673650064C9-FollowerState was interrupted: java.lang.InterruptedException: sleep interrupted
2019-10-15 17:18:19,031 [grpc-default-executor-3] INFO  impl.RoleInfo (RoleInfo.java:updateAndGet(143)) - dbc121b5-e1e8-4c61-9d50-542b699a3d90: start FollowerState
2019-10-15 17:18:19,055 [79abbc2e-0a90-4a41-a17c-6388bb873359@group-B673650064C9-LeaderElection274] INFO  impl.LeaderElection (LeaderElection.java:logAndReturn(56)) - 79abbc2e-0a90-4a41-a17c-6388bb873359@group-B673650064C9-LeaderElection274: Election REJECTED; received 2 response(s) [79abbc2e-0a90-4a41-a17c-6388bb873359<-ebd8d1f9-8297-450f-abe7-393807ba0c7e#0:FAIL-t315, 79abbc2e-0a90-4a41-a17c-6388bb873359<-dbc121b5-e1e8-4c61-9d50-542b699a3d90#0:FAIL-t315] and 0 exception(s); 79abbc2e-0a90-4a41-a17c-6388bb873359@group-B673650064C9:t315, leader=null, voted=79abbc2e-0a90-4a41-a17c-6388bb873359, raftlog=79abbc2e-0a90-4a41-a17c-6388bb873359@group-B673650064C9-SegmentedRaftLog:OPENED:c-1,f-1,i0, conf=-1: [ebd8d1f9-8297-450f-abe7-393807ba0c7e:192.168.164.239:36510, dbc121b5-e1e8-4c61-9d50-542b699a3d90:192.168.164.239:43140, 79abbc2e-0a90-4a41-a17c-6388bb873359:192.168.164.239:37857], old=null
2019-10-15 17:18:19,055 [79abbc2e-0a90-4a41-a17c-6388bb873359@group-B673650064C9-LeaderElection274] INFO  impl.RaftServerImpl (RaftServerImpl.java:setRole(184)) - 79abbc2e-0a90-4a41-a17c-6388bb873359@group-B673650064C9: changes role from CANDIDATE to FOLLOWER at term 315 for DISCOVERED_A_NEW_TERM
2019-10-15 17:18:19,055 [79abbc2e-0a90-4a41-a17c-6388bb873359@group-B673650064C9-LeaderElection274] INFO  impl.RoleInfo (RoleInfo.java:shutdownLeaderElection(134)) - 79abbc2e-0a90-4a41-a17c-6388bb873359: shutdown LeaderElection
2019-10-15 17:18:19,055 [79abbc2e-0a90-4a41-a17c-6388bb873359@group-B673650064C9-LeaderElection274] INFO  impl.RoleInfo (RoleInfo.java:updateAndGet(143)) - 79abbc2e-0a90-4a41-a17c-6388bb873359: start FollowerState
2019-10-15 17:18:19,200 [Thread-2129] INFO  impl.FollowerState (FollowerState.java:run(108)) - 79abbc2e-0a90-4a41-a17c-6388bb873359@group-B673650064C9-FollowerState: change to CANDIDATE, lastRpcTime:144ms, electionTimeout:144ms
2019-10-15 17:18:19,200 [Thread-2129] INFO  impl.RoleInfo (RoleInfo.java:shutdownFollowerState(121)) - 79abbc2e-0a90-4a41-a17c-6388bb873359: shutdown FollowerState
2019-10-15 17:18:19,200 [Thread-2129] INFO  impl.RaftServerImpl (RaftServerImpl.java:setRole(184)) - 79abbc2e-0a90-4a41-a17c-6388bb873359@group-B673650064C9: changes role from  FOLLOWER to CANDIDATE at term 315 for changeToCandidate
2019-10-15 17:18:19,200 [Thread-2129] INFO  impl.RoleInfo (RoleInfo.java:updateAndGet(143)) - 79abbc2e-0a90-4a41-a17c-6388bb873359: start LeaderElection
2019-10-15 17:18:19,224 [79abbc2e-0a90-4a41-a17c-6388bb873359@group-B673650064C9-LeaderElection275] INFO  impl.LeaderElection (LeaderElection.java:askForVotes(178)) - 79abbc2e-0a90-4a41-a17c-6388bb873359@group-B673650064C9-LeaderElection275: begin an election at term 316 for -1: [ebd8d1f9-8297-450f-abe7-393807ba0c7e:192.168.164.239:36510, dbc121b5-e1e8-4c61-9d50-542b699a3d90:192.168.164.239:43140, 79abbc2e-0a90-4a41-a17c-6388bb873359:192.168.164.239:37857], old=null
2019-10-15 17:18:19,226 [grpc-default-executor-3] INFO  impl.RaftServerImpl (RaftServerImpl.java:setRole(184)) - dbc121b5-e1e8-4c61-9d50-542b699a3d90@group-B673650064C9: changes role from  FOLLOWER to FOLLOWER at term 316 for recognizeCandidate:79abbc2e-0a90-4a41-a17c-6388bb873359
2019-10-15 17:18:19,226 [grpc-default-executor-0] INFO  impl.RaftServerImpl (RaftServerImpl.java:setRole(184)) - ebd8d1f9-8297-450f-abe7-393807ba0c7e@group-B673650064C9: changes role from  FOLLOWER to FOLLOWER at term 316 for recognizeCandidate:79abbc2e-0a90-4a41-a17c-6388bb873359
2019-10-15 17:18:19,226 [grpc-default-executor-3] INFO  impl.RoleInfo (RoleInfo.java:shutdownFollowerState(121)) - dbc121b5-e1e8-4c61-9d50-542b699a3d90: shutdown FollowerState
2019-10-15 17:18:19,226 [grpc-default-executor-0] INFO  impl.RoleInfo (RoleInfo.java:shutdownFollowerState(121)) - ebd8d1f9-8297-450f-abe7-393807ba0c7e: shutdown FollowerState
2019-10-15 17:18:19,226 [Thread-2128] INFO  impl.FollowerState (FollowerState.java:run(117)) - dbc121b5-e1e8-4c61-9d50-542b699a3d90@group-B673650064C9-FollowerState was interrupted: java.lang.InterruptedException: sleep interrupted
2019-10-15 17:18:19,226 [grpc-default-executor-3] INFO  impl.RoleInfo (RoleInfo.java:updateAndGet(143)) - dbc121b5-e1e8-4c61-9d50-542b699a3d90: start FollowerState
2019-10-15 17:18:19,226 [Thread-2127] INFO  impl.FollowerState (FollowerState.java:run(117)) - ebd8d1f9-8297-450f-abe7-393807ba0c7e@group-B673650064C9-FollowerState was interrupted: java.lang.InterruptedException: sleep interrupted
2019-10-15 17:18:19,226 [grpc-default-executor-0] INFO  impl.RoleInfo (RoleInfo.java:updateAndGet(143)) - ebd8d1f9-8297-450f-abe7-393807ba0c7e: start FollowerState
2019-10-15 17:18:19,242 [79abbc2e-0a90-4a41-a17c-6388bb873359@group-B673650064C9-LeaderElection275] INFO  impl.LeaderElection (LeaderElection.java:logAndReturn(56)) - 79abbc2e-0a90-4a41-a17c-6388bb873359@group-B673650064C9-LeaderElection275: Election REJECTED; received 2 response(s) [79abbc2e-0a90-4a41-a17c-6388bb873359<-ebd8d1f9-8297-450f-abe7-393807ba0c7e#0:FAIL-t316, 79abbc2e-0a90-4a41-a17c-6388bb873359<-dbc121b5-e1e8-4c61-9d50-542b699a3d90#0:FAIL-t316] and 0 exception(s); 79abbc2e-0a90-4a41-a17c-6388bb873359@group-B673650064C9:t316, leader=null, voted=79abbc2e-0a90-4a41-a17c-6388bb873359, raftlog=79abbc2e-0a90-4a41-a17c-6388bb873359@group-B673650064C9-SegmentedRaftLog:OPENED:c-1,f-1,i0, conf=-1: [ebd8d1f9-8297-450f-abe7-393807ba0c7e:192.168.164.239:36510, dbc121b5-e1e8-4c61-9d50-542b699a3d90:192.168.164.239:43140, 79abbc2e-0a90-4a41-a17c-6388bb873359:192.168.164.239:37857], old=null
2019-10-15 17:18:19,242 [79abbc2e-0a90-4a41-a17c-6388bb873359@group-B673650064C9-LeaderElection275] INFO  impl.RaftServerImpl (RaftServerImpl.java:setRole(184)) - 79abbc2e-0a90-4a41-a17c-6388bb873359@group-B673650064C9: changes role from CANDIDATE to FOLLOWER at term 316 for DISCOVERED_A_NEW_TERM
2019-10-15 17:18:19,242 [79abbc2e-0a90-4a41-a17c-6388bb873359@group-B673650064C9-LeaderElection275] INFO  impl.RoleInfo (RoleInfo.java:shutdownLeaderElection(134)) - 79abbc2e-0a90-4a41-a17c-6388bb873359: shutdown LeaderElection
2019-10-15 17:18:19,242 [79abbc2e-0a90-4a41-a17c-6388bb873359@group-B673650064C9-LeaderElection275] INFO  impl.RoleInfo (RoleInfo.java:updateAndGet(143)) - 79abbc2e-0a90-4a41-a17c-6388bb873359: start FollowerState
2019-10-15 17:18:19,333 [Thread-2137] INFO  impl.FollowerState (FollowerState.java:run(108)) - 79abbc2e-0a90-4a41-a17c-6388bb873359@group-B673650064C9-FollowerState: change to CANDIDATE, lastRpcTime:91ms, electionTimeout:91ms
2019-10-15 17:18:19,334 [Thread-2137] INFO  impl.RoleInfo (RoleInfo.java:shutdownFollowerState(121)) - 79abbc2e-0a90-4a41-a17c-6388bb873359: shutdown FollowerState
2019-10-15 17:18:19,334 [Thread-2137] INFO  impl.RaftServerImpl (RaftServerImpl.java:setRole(184)) - 79abbc2e-0a90-4a41-a17c-6388bb873359@group-B673650064C9: changes role from  FOLLOWER to CANDIDATE at term 316 for changeToCandidate
2019-10-15 17:18:19,334 [Thread-2137] INFO  impl.RoleInfo (RoleInfo.java:updateAndGet(143)) - 79abbc2e-0a90-4a41-a17c-6388bb873359: start LeaderElection
2019-10-15 17:18:19,358 [79abbc2e-0a90-4a41-a17c-6388bb873359@group-B673650064C9-LeaderElection276] INFO  impl.LeaderElection (LeaderElection.java:askForVotes(178)) - 79abbc2e-0a90-4a41-a17c-6388bb873359@group-B673650064C9-LeaderElection276: begin an election at term 317 for -1: [ebd8d1f9-8297-450f-abe7-393807ba0c7e:192.168.164.239:36510, dbc121b5-e1e8-4c61-9d50-542b699a3d90:192.168.164.239:43140, 79abbc2e-0a90-4a41-a17c-6388bb873359:192.168.164.239:37857], old=null
2019-10-15 17:18:19,673 [grpc-default-executor-0] INFO  impl.RaftServerImpl (RaftServerImpl.java:setRole(184)) - dbc121b5-e1e8-4c61-9d50-542b699a3d90@group-B673650064C9: changes role from  FOLLOWER to FOLLOWER at term 317 for recognizeCandidate:79abbc2e-0a90-4a41-a17c-6388bb873359
2019-10-15 17:18:19,673 [grpc-default-executor-0] INFO  impl.RoleInfo (RoleInfo.java:shutdownFollowerState(121)) - dbc121b5-e1e8-4c61-9d50-542b699a3d90: shutdown FollowerState
2019-10-15 17:18:19,674 [grpc-default-executor-0] INFO  impl.RoleInfo (RoleInfo.java:updateAndGet(143)) - dbc121b5-e1e8-4c61-9d50-542b699a3d90: start FollowerState
2019-10-15 17:18:19,674 [Thread-2135] INFO  impl.FollowerState (FollowerState.java:run(117)) - dbc121b5-e1e8-4c61-9d50-542b699a3d90@group-B673650064C9-FollowerState was interrupted: java.lang.InterruptedException: sleep interrupted
2019-10-15 17:18:19,674 [grpc-default-executor-3] INFO  impl.RaftServerImpl (RaftServerImpl.java:setRole(184)) - ebd8d1f9-8297-450f-abe7-393807ba0c7e@group-B673650064C9: changes role from  FOLLOWER to FOLLOWER at term 317 for recognizeCandidate:79abbc2e-0a90-4a41-a17c-6388bb873359
2019-10-15 17:18:19,674 [grpc-default-executor-3] INFO  impl.RoleInfo (RoleInfo.java:shutdownFollowerState(121)) - ebd8d1f9-8297-450f-abe7-393807ba0c7e: shutdown FollowerState
2019-10-15 17:18:19,674 [grpc-default-executor-3] INFO  impl.RoleInfo (RoleInfo.java:updateAndGet(143)) - ebd8d1f9-8297-450f-abe7-393807ba0c7e: start FollowerState
2019-10-15 17:18:19,674 [Thread-2136] INFO  impl.FollowerState (FollowerState.java:run(117)) - ebd8d1f9-8297-450f-abe7-393807ba0c7e@group-B673650064C9-FollowerState was interrupted: java.lang.InterruptedException: sleep interrupted
2019-10-15 17:18:19,691 [79abbc2e-0a90-4a41-a17c-6388bb873359@group-B673650064C9-LeaderElection276] INFO  impl.LeaderElection (LeaderElection.java:logAndReturn(56)) - 79abbc2e-0a90-4a41-a17c-6388bb873359@group-B673650064C9-LeaderElection276: Election REJECTED; received 2 response(s) [79abbc2e-0a90-4a41-a17c-6388bb873359<-ebd8d1f9-8297-450f-abe7-393807ba0c7e#0:FAIL-t317, 79abbc2e-0a90-4a41-a17c-6388bb873359<-dbc121b5-e1e8-4c61-9d50-542b699a3d90#0:FAIL-t317] and 0 exception(s); 79abbc2e-0a90-4a41-a17c-6388bb873359@group-B673650064C9:t317, leader=null, voted=79abbc2e-0a90-4a41-a17c-6388bb873359, raftlog=79abbc2e-0a90-4a41-a17c-6388bb873359@group-B673650064C9-SegmentedRaftLog:OPENED:c-1,f-1,i0, conf=-1: [ebd8d1f9-8297-450f-abe7-393807ba0c7e:192.168.164.239:36510, dbc121b5-e1e8-4c61-9d50-542b699a3d90:192.168.164.239:43140, 79abbc2e-0a90-4a41-a17c-6388bb873359:192.168.164.239:37857], old=null
2019-10-15 17:18:19,691 [79abbc2e-0a90-4a41-a17c-6388bb873359@group-B673650064C9-LeaderElection276] INFO  impl.RaftServerImpl (RaftServerImpl.java:setRole(184)) - 79abbc2e-0a90-4a41-a17c-6388bb873359@group-B673650064C9: changes role from CANDIDATE to FOLLOWER at term 317 for DISCOVERED_A_NEW_TERM
2019-10-15 17:18:19,691 [79abbc2e-0a90-4a41-a17c-6388bb873359@group-B673650064C9-LeaderElection276] INFO  impl.RoleInfo (RoleInfo.java:shutdownLeaderElection(134)) - 79abbc2e-0a90-4a41-a17c-6388bb873359: shutdown LeaderElection
2019-10-15 17:18:19,692 [79abbc2e-0a90-4a41-a17c-6388bb873359@group-B673650064C9-LeaderElection276] INFO  impl.RoleInfo (RoleInfo.java:updateAndGet(143)) - 79abbc2e-0a90-4a41-a17c-6388bb873359: start FollowerState
2019-10-15 17:18:19,815 [Thread-2143] INFO  impl.FollowerState (FollowerState.java:run(108)) - 79abbc2e-0a90-4a41-a17c-6388bb873359@group-B673650064C9-FollowerState: change to CANDIDATE, lastRpcTime:123ms, electionTimeout:123ms
2019-10-15 17:18:19,815 [Thread-2143] INFO  impl.RoleInfo (RoleInfo.java:shutdownFollowerState(121)) - 79abbc2e-0a90-4a41-a17c-6388bb873359: shutdown FollowerState
2019-10-15 17:18:19,815 [Thread-2143] INFO  impl.RaftServerImpl (RaftServerImpl.java:setRole(184)) - 79abbc2e-0a90-4a41-a17c-6388bb873359@group-B673650064C9: changes role from  FOLLOWER to CANDIDATE at term 317 for changeToCandidate
2019-10-15 17:18:19,816 [Thread-2143] INFO  impl.RoleInfo (RoleInfo.java:updateAndGet(143)) - 79abbc2e-0a90-4a41-a17c-6388bb873359: start LeaderElection
2019-10-15 17:18:19,846 [79abbc2e-0a90-4a41-a17c-6388bb873359@group-B673650064C9-LeaderElection277] INFO  impl.LeaderElection (LeaderElection.java:askForVotes(178)) - 79abbc2e-0a90-4a41-a17c-6388bb873359@group-B673650064C9-LeaderElection277: begin an election at term 318 for -1: [ebd8d1f9-8297-450f-abe7-393807ba0c7e:192.168.164.239:36510, dbc121b5-e1e8-4c61-9d50-542b699a3d90:192.168.164.239:43140, 79abbc2e-0a90-4a41-a17c-6388bb873359:192.168.164.239:37857], old=null
2019-10-15 17:18:19,848 [grpc-default-executor-3] INFO  impl.RaftServerImpl (RaftServerImpl.java:setRole(184)) - ebd8d1f9-8297-450f-abe7-393807ba0c7e@group-B673650064C9: changes role from  FOLLOWER to FOLLOWER at term 318 for recognizeCandidate:79abbc2e-0a90-4a41-a17c-6388bb873359
2019-10-15 17:18:19,848 [grpc-default-executor-3] INFO  impl.RoleInfo (RoleInfo.java:shutdownFollowerState(121)) - ebd8d1f9-8297-450f-abe7-393807ba0c7e: shutdown FollowerState
2019-10-15 17:18:19,848 [grpc-default-executor-0] INFO  impl.RaftServerImpl (RaftServerImpl.java:setRole(184)) - dbc121b5-e1e8-4c61-9d50-542b699a3d90@group-B673650064C9: changes role from  FOLLOWER to FOLLOWER at term 318 for recognizeCandidate:79abbc2e-0a90-4a41-a17c-6388bb873359
2019-10-15 17:18:19,848 [Thread-2142] INFO  impl.FollowerState (FollowerState.java:run(117)) - ebd8d1f9-8297-450f-abe7-393807ba0c7e@group-B673650064C9-FollowerState was interrupted: java.lang.InterruptedException: sleep interrupted
2019-10-15 17:18:19,848 [grpc-default-executor-0] INFO  impl.RoleInfo (RoleInfo.java:shutdownFollowerState(121)) - dbc121b5-e1e8-4c61-9d50-542b699a3d90: shutdown FollowerState
2019-10-15 17:18:19,848 [grpc-default-executor-3] INFO  impl.RoleInfo (RoleInfo.java:updateAndGet(143)) - ebd8d1f9-8297-450f-abe7-393807ba0c7e: start FollowerState
2019-10-15 17:18:19,849 [Thread-2141] INFO  impl.FollowerState (FollowerState.java:run(117)) - dbc121b5-e1e8-4c61-9d50-542b699a3d90@group-B673650064C9-FollowerState was interrupted: java.lang.InterruptedException: sleep interrupted
2019-10-15 17:18:19,849 [grpc-default-executor-0] INFO  impl.RoleInfo (RoleInfo.java:updateAndGet(143)) - dbc121b5-e1e8-4c61-9d50-542b699a3d90: start FollowerState
2019-10-15 17:18:19,898 [79abbc2e-0a90-4a41-a17c-6388bb873359@group-B673650064C9-LeaderElection277] INFO  impl.LeaderElection (LeaderElection.java:logAndReturn(56)) - 79abbc2e-0a90-4a41-a17c-6388bb873359@group-B673650064C9-LeaderElection277: Election REJECTED; received 2 response(s) [79abbc2e-0a90-4a41-a17c-6388bb873359<-ebd8d1f9-8297-450f-abe7-393807ba0c7e#0:FAIL-t318, 79abbc2e-0a90-4a41-a17c-6388bb873359<-dbc121b5-e1e8-4c61-9d50-542b699a3d90#0:FAIL-t318] and 0 exception(s); 79abbc2e-0a90-4a41-a17c-6388bb873359@group-B673650064C9:t318, leader=null, voted=79abbc2e-0a90-4a41-a17c-6388bb873359, raftlog=79abbc2e-0a90-4a41-a17c-6388bb873359@group-B673650064C9-SegmentedRaftLog:OPENED:c-1,f-1,i0, conf=-1: [ebd8d1f9-8297-450f-abe7-393807ba0c7e:192.168.164.239:36510, dbc121b5-e1e8-4c61-9d50-542b699a3d90:192.168.164.239:43140, 79abbc2e-0a90-4a41-a17c-6388bb873359:192.168.164.239:37857], old=null
2019-10-15 17:18:19,898 [79abbc2e-0a90-4a41-a17c-6388bb873359@group-B673650064C9-LeaderElection277] INFO  impl.RaftServerImpl (RaftServerImpl.java:setRole(184)) - 79abbc2e-0a90-4a41-a17c-6388bb873359@group-B673650064C9: changes role from CANDIDATE to FOLLOWER at term 318 for DISCOVERED_A_NEW_TERM
2019-10-15 17:18:19,898 [79abbc2e-0a90-4a41-a17c-6388bb873359@group-B673650064C9-LeaderElection277] INFO  impl.RoleInfo (RoleInfo.java:shutdownLeaderElection(134)) - 79abbc2e-0a90-4a41-a17c-6388bb873359: shutdown LeaderElection
2019-10-15 17:18:19,898 [79abbc2e-0a90-4a41-a17c-6388bb873359@group-B673650064C9-LeaderElection277] INFO  impl.RoleInfo (RoleInfo.java:updateAndGet(143)) - 79abbc2e-0a90-4a41-a17c-6388bb873359: start FollowerState
2019-10-15 17:18:20,021 [Thread-2149] INFO  impl.FollowerState (FollowerState.java:run(108)) - 79abbc2e-0a90-4a41-a17c-6388bb873359@group-B673650064C9-FollowerState: change to CANDIDATE, lastRpcTime:122ms, electionTimeout:122ms
2019-10-15 17:18:20,021 [Thread-2149] INFO  impl.RoleInfo (RoleInfo.java:shutdownFollowerState(121)) - 79abbc2e-0a90-4a41-a17c-6388bb873359: shutdown FollowerState
2019-10-15 17:18:20,021 [Thread-2149] INFO  impl.RaftServerImpl (RaftServerImpl.java:setRole(184)) - 79abbc2e-0a90-4a41-a17c-6388bb873359@group-B673650064C9: changes role from  FOLLOWER to CANDIDATE at term 318 for changeToCandidate
2019-10-15 17:18:20,021 [Thread-2149] INFO  impl.RoleInfo (RoleInfo.java:updateAndGet(143)) - 79abbc2e-0a90-4a41-a17c-6388bb873359: start LeaderElection
2019-10-15 17:18:20,057 [79abbc2e-0a90-4a41-a17c-6388bb873359@group-B673650064C9-LeaderElection278] INFO  impl.LeaderElection (LeaderElection.java:askForVotes(178)) - 79abbc2e-0a90-4a41-a17c-6388bb873359@group-B673650064C9-LeaderElection278: begin an election at term 319 for -1: [ebd8d1f9-8297-450f-abe7-393807ba0c7e:192.168.164.239:36510, dbc121b5-e1e8-4c61-9d50-542b699a3d90:192.168.164.239:43140, 79abbc2e-0a90-4a41-a17c-6388bb873359:192.168.164.239:37857], old=null
2019-10-15 17:18:20,059 [grpc-default-executor-3] INFO  impl.RaftServerImpl (RaftServerImpl.java:setRole(184)) - dbc121b5-e1e8-4c61-9d50-542b699a3d90@group-B673650064C9: changes role from  FOLLOWER to FOLLOWER at term 319 for recognizeCandidate:79abbc2e-0a90-4a41-a17c-6388bb873359
2019-10-15 17:18:20,059 [grpc-default-executor-3] INFO  impl.RoleInfo (RoleInfo.java:shutdownFollowerState(121)) - dbc121b5-e1e8-4c61-9d50-542b699a3d90: shutdown FollowerState
2019-10-15 17:18:20,059 [grpc-default-executor-0] INFO  impl.RaftServerImpl (RaftServerImpl.java:setRole(184)) - ebd8d1f9-8297-450f-abe7-393807ba0c7e@group-B673650064C9: changes role from  FOLLOWER to FOLLOWER at term 319 for recognizeCandidate:79abbc2e-0a90-4a41-a17c-6388bb873359
2019-10-15 17:18:20,059 [grpc-default-executor-3] INFO  impl.RoleInfo (RoleInfo.java:updateAndGet(143)) - dbc121b5-e1e8-4c61-9d50-542b699a3d90: start FollowerState
2019-10-15 17:18:20,059 [Thread-2148] INFO  impl.FollowerState (FollowerState.java:run(117)) - dbc121b5-e1e8-4c61-9d50-542b699a3d90@group-B673650064C9-FollowerState was interrupted: java.lang.InterruptedException: sleep interrupted
2019-10-15 17:18:20,059 [grpc-default-executor-0] INFO  impl.RoleInfo (RoleInfo.java:shutdownFollowerState(121)) - ebd8d1f9-8297-450f-abe7-393807ba0c7e: shutdown FollowerState
2019-10-15 17:18:20,060 [grpc-default-executor-0] INFO  impl.RoleInfo (RoleInfo.java:updateAndGet(143)) - ebd8d1f9-8297-450f-abe7-393807ba0c7e: start FollowerState
2019-10-15 17:18:20,060 [Thread-2147] INFO  impl.FollowerState (FollowerState.java:run(117)) - ebd8d1f9-8297-450f-abe7-393807ba0c7e@group-B673650064C9-FollowerState was interrupted: java.lang.InterruptedException: sleep interrupted
2019-10-15 17:18:20,087 [79abbc2e-0a90-4a41-a17c-6388bb873359@group-B673650064C9-LeaderElection278] INFO  impl.LeaderElection (LeaderElection.java:logAndReturn(56)) - 79abbc2e-0a90-4a41-a17c-6388bb873359@group-B673650064C9-LeaderElection278: Election TIMEOUT; received 0 response(s) [] and 0 exception(s); 79abbc2e-0a90-4a41-a17c-6388bb873359@group-B673650064C9:t319, leader=null, voted=79abbc2e-0a90-4a41-a17c-6388bb873359, raftlog=79abbc2e-0a90-4a41-a17c-6388bb873359@group-B673650064C9-SegmentedRaftLog:OPENED:c-1,f-1,i0, conf=-1: [ebd8d1f9-8297-450f-abe7-393807ba0c7e:192.168.164.239:36510, dbc121b5-e1e8-4c61-9d50-542b699a3d90:192.168.164.239:43140, 79abbc2e-0a90-4a41-a17c-6388bb873359:192.168.164.239:37857], old=null
2019-10-15 17:18:20,365 [79abbc2e-0a90-4a41-a17c-6388bb873359@group-B673650064C9-LeaderElection278] INFO  impl.LeaderElection (LeaderElection.java:askForVotes(178)) - 79abbc2e-0a90-4a41-a17c-6388bb873359@group-B673650064C9-LeaderElection278: begin an election at term 320 for -1: [ebd8d1f9-8297-450f-abe7-393807ba0c7e:192.168.164.239:36510, dbc121b5-e1e8-4c61-9d50-542b699a3d90:192.168.164.239:43140, 79abbc2e-0a90-4a41-a17c-6388bb873359:192.168.164.239:37857], old=null
2019-10-15 17:18:20,367 [grpc-default-executor-0] INFO  impl.RaftServerImpl (RaftServerImpl.java:setRole(184)) - dbc121b5-e1e8-4c61-9d50-542b699a3d90@group-B673650064C9: changes role from  FOLLOWER to FOLLOWER at term 320 for recognizeCandidate:79abbc2e-0a90-4a41-a17c-6388bb873359
2019-10-15 17:18:20,368 [grpc-default-executor-0] INFO  impl.RoleInfo (RoleInfo.java:shutdownFollowerState(121)) - dbc121b5-e1e8-4c61-9d50-542b699a3d90: shutdown FollowerState
2019-10-15 17:18:20,367 [grpc-default-executor-3] INFO  impl.RaftServerImpl (RaftServerImpl.java:setRole(184)) - ebd8d1f9-8297-450f-abe7-393807ba0c7e@group-B673650064C9: changes role from  FOLLOWER to FOLLOWER at term 320 for recognizeCandidate:79abbc2e-0a90-4a41-a17c-6388bb873359
2019-10-15 17:18:20,368 [Thread-2153] INFO  impl.FollowerState (FollowerState.java:run(117)) - dbc121b5-e1e8-4c61-9d50-542b699a3d90@group-B673650064C9-FollowerState was interrupted: java.lang.InterruptedException: sleep interrupted
2019-10-15 17:18:20,368 [grpc-default-executor-0] INFO  impl.RoleInfo (RoleInfo.java:updateAndGet(143)) - dbc121b5-e1e8-4c61-9d50-542b699a3d90: start FollowerState
2019-10-15 17:18:20,368 [grpc-default-executor-3] INFO  impl.RoleInfo (RoleInfo.java:shutdownFollowerState(121)) - ebd8d1f9-8297-450f-abe7-393807ba0c7e: shutdown FollowerState
2019-10-15 17:18:20,368 [grpc-default-executor-3] INFO  impl.RoleInfo (RoleInfo.java:updateAndGet(143)) - ebd8d1f9-8297-450f-abe7-393807ba0c7e: start FollowerState
2019-10-15 17:18:20,368 [Thread-2154] INFO  impl.FollowerState (FollowerState.java:run(117)) - ebd8d1f9-8297-450f-abe7-393807ba0c7e@group-B673650064C9-FollowerState was interrupted: java.lang.InterruptedException: sleep interrupted
2019-10-15 17:18:20,392 [79abbc2e-0a90-4a41-a17c-6388bb873359@group-B673650064C9-LeaderElection278] INFO  impl.LeaderElection (LeaderElection.java:logAndReturn(56)) - 79abbc2e-0a90-4a41-a17c-6388bb873359@group-B673650064C9-LeaderElection278: Election REJECTED; received 2 response(s) [79abbc2e-0a90-4a41-a17c-6388bb873359<-ebd8d1f9-8297-450f-abe7-393807ba0c7e#0:FAIL-t320, 79abbc2e-0a90-4a41-a17c-6388bb873359<-dbc121b5-e1e8-4c61-9d50-542b699a3d90#0:FAIL-t320] and 0 exception(s); 79abbc2e-0a90-4a41-a17c-6388bb873359@group-B673650064C9:t320, leader=null, voted=79abbc2e-0a90-4a41-a17c-6388bb873359, raftlog=79abbc2e-0a90-4a41-a17c-6388bb873359@group-B673650064C9-SegmentedRaftLog:OPENED:c-1,f-1,i0, conf=-1: [ebd8d1f9-8297-450f-abe7-393807ba0c7e:192.168.164.239:36510, dbc121b5-e1e8-4c61-9d50-542b699a3d90:192.168.164.239:43140, 79abbc2e-0a90-4a41-a17c-6388bb873359:192.168.164.239:37857], old=null
2019-10-15 17:18:20,392 [79abbc2e-0a90-4a41-a17c-6388bb873359@group-B673650064C9-LeaderElection278] INFO  impl.RaftServerImpl (RaftServerImpl.java:setRole(184)) - 79abbc2e-0a90-4a41-a17c-6388bb873359@group-B673650064C9: changes role from CANDIDATE to FOLLOWER at term 320 for DISCOVERED_A_NEW_TERM
2019-10-15 17:18:20,392 [79abbc2e-0a90-4a41-a17c-6388bb873359@group-B673650064C9-LeaderElection278] INFO  impl.RoleInfo (RoleInfo.java:shutdownLeaderElection(134)) - 79abbc2e-0a90-4a41-a17c-6388bb873359: shutdown LeaderElection
2019-10-15 17:18:20,392 [79abbc2e-0a90-4a41-a17c-6388bb873359@group-B673650064C9-LeaderElection278] INFO  impl.RoleInfo (RoleInfo.java:updateAndGet(143)) - 79abbc2e-0a90-4a41-a17c-6388bb873359: start FollowerState
2019-10-15 17:18:20,550 [Thread-2161] INFO  impl.FollowerState (FollowerState.java:run(108)) - 79abbc2e-0a90-4a41-a17c-6388bb873359@group-B673650064C9-FollowerState: change to CANDIDATE, lastRpcTime:158ms, electionTimeout:158ms
2019-10-15 17:18:20,550 [Thread-2161] INFO  impl.RoleInfo (RoleInfo.java:shutdownFollowerState(121)) - 79abbc2e-0a90-4a41-a17c-6388bb873359: shutdown FollowerState
2019-10-15 17:18:20,550 [Thread-2161] INFO  impl.RaftServerImpl (RaftServerImpl.java:setRole(184)) - 79abbc2e-0a90-4a41-a17c-6388bb873359@group-B673650064C9: changes role from  FOLLOWER to CANDIDATE at term 320 for changeToCandidate
2019-10-15 17:18:20,551 [Thread-2161] INFO  impl.RoleInfo (RoleInfo.java:updateAndGet(143)) - 79abbc2e-0a90-4a41-a17c-6388bb873359: start LeaderElection
2019-10-15 17:18:20,580 [79abbc2e-0a90-4a41-a17c-6388bb873359@group-B673650064C9-LeaderElection279] INFO  impl.LeaderElection (LeaderElection.java:askForVotes(178)) - 79abbc2e-0a90-4a41-a17c-6388bb873359@group-B673650064C9-LeaderElection279: begin an election at term 321 for -1: [ebd8d1f9-8297-450f-abe7-393807ba0c7e:192.168.164.239:36510, dbc121b5-e1e8-4c61-9d50-542b699a3d90:192.168.164.239:43140, 79abbc2e-0a90-4a41-a17c-6388bb873359:192.168.164.239:37857], old=null
2019-10-15 17:18:20,582 [grpc-default-executor-0] INFO  impl.RaftServerImpl (RaftServerImpl.java:setRole(184)) - ebd8d1f9-8297-450f-abe7-393807ba0c7e@group-B673650064C9: changes role from  FOLLOWER to FOLLOWER at term 321 for recognizeCandidate:79abbc2e-0a90-4a41-a17c-6388bb873359
2019-10-15 17:18:20,582 [grpc-default-executor-0] INFO  impl.RoleInfo (RoleInfo.java:shutdownFollowerState(121)) - ebd8d1f9-8297-450f-abe7-393807ba0c7e: shutdown FollowerState
2019-10-15 17:18:20,582 [grpc-default-executor-3] INFO  impl.RaftServerImpl (RaftServerImpl.java:setRole(184)) - dbc121b5-e1e8-4c61-9d50-542b699a3d90@group-B673650064C9: changes role from  FOLLOWER to FOLLOWER at term 321 for recognizeCandidate:79abbc2e-0a90-4a41-a17c-6388bb873359
2019-10-15 17:18:20,582 [grpc-default-executor-3] INFO  impl.RoleInfo (RoleInfo.java:shutdownFollowerState(121)) - dbc121b5-e1e8-4c61-9d50-542b699a3d90: shutdown FollowerState
2019-10-15 17:18:20,582 [grpc-default-executor-3] INFO  impl.RoleInfo (RoleInfo.java:updateAndGet(143)) - dbc121b5-e1e8-4c61-9d50-542b699a3d90: start FollowerState
2019-10-15 17:18:20,582 [Thread-2160] INFO  impl.FollowerState (FollowerState.java:run(117)) - ebd8d1f9-8297-450f-abe7-393807ba0c7e@group-B673650064C9-FollowerState was interrupted: java.lang.InterruptedException: sleep interrupted
2019-10-15 17:18:20,582 [grpc-default-executor-0] INFO  impl.RoleInfo (RoleInfo.java:updateAndGet(143)) - ebd8d1f9-8297-450f-abe7-393807ba0c7e: start FollowerState
2019-10-15 17:18:20,582 [Thread-2159] INFO  impl.FollowerState (FollowerState.java:run(117)) - dbc121b5-e1e8-4c61-9d50-542b699a3d90@group-B673650064C9-FollowerState was interrupted: java.lang.InterruptedException: sleep interrupted
2019-10-15 17:18:20,609 [79abbc2e-0a90-4a41-a17c-6388bb873359@group-B673650064C9-LeaderElection279] INFO  impl.LeaderElection (LeaderElection.java:logAndReturn(56)) - 79abbc2e-0a90-4a41-a17c-6388bb873359@group-B673650064C9-LeaderElection279: Election REJECTED; received 2 response(s) [79abbc2e-0a90-4a41-a17c-6388bb873359<-ebd8d1f9-8297-450f-abe7-393807ba0c7e#0:FAIL-t321, 79abbc2e-0a90-4a41-a17c-6388bb873359<-dbc121b5-e1e8-4c61-9d50-542b699a3d90#0:FAIL-t321] and 0 exception(s); 79abbc2e-0a90-4a41-a17c-6388bb873359@group-B673650064C9:t321, leader=null, voted=79abbc2e-0a90-4a41-a17c-6388bb873359, raftlog=79abbc2e-0a90-4a41-a17c-6388bb873359@group-B673650064C9-SegmentedRaftLog:OPENED:c-1,f-1,i0, conf=-1: [ebd8d1f9-8297-450f-abe7-393807ba0c7e:192.168.164.239:36510, dbc121b5-e1e8-4c61-9d50-542b699a3d90:192.168.164.239:43140, 79abbc2e-0a90-4a41-a17c-6388bb873359:192.168.164.239:37857], old=null
2019-10-15 17:18:20,609 [79abbc2e-0a90-4a41-a17c-6388bb873359@group-B673650064C9-LeaderElection279] INFO  impl.RaftServerImpl (RaftServerImpl.java:setRole(184)) - 79abbc2e-0a90-4a41-a17c-6388bb873359@group-B673650064C9: changes role from CANDIDATE to FOLLOWER at term 321 for DISCOVERED_A_NEW_TERM
2019-10-15 17:18:20,610 [79abbc2e-0a90-4a41-a17c-6388bb873359@group-B673650064C9-LeaderElection279] INFO  impl.RoleInfo (RoleInfo.java:shutdownLeaderElection(134)) - 79abbc2e-0a90-4a41-a17c-6388bb873359: shutdown LeaderElection
2019-10-15 17:18:20,610 [79abbc2e-0a90-4a41-a17c-6388bb873359@group-B673650064C9-LeaderElection279] INFO  impl.RoleInfo (RoleInfo.java:updateAndGet(143)) - 79abbc2e-0a90-4a41-a17c-6388bb873359: start FollowerState
2019-10-15 17:18:20,708 [Thread-2167] INFO  impl.FollowerState (FollowerState.java:run(108)) - 79abbc2e-0a90-4a41-a17c-6388bb873359@group-B673650064C9-FollowerState: change to CANDIDATE, lastRpcTime:98ms, electionTimeout:98ms
2019-10-15 17:18:20,708 [Thread-2167] INFO  impl.RoleInfo (RoleInfo.java:shutdownFollowerState(121)) - 79abbc2e-0a90-4a41-a17c-6388bb873359: shutdown FollowerState
2019-10-15 17:18:20,708 [Thread-2167] INFO  impl.RaftServerImpl (RaftServerImpl.java:setRole(184)) - 79abbc2e-0a90-4a41-a17c-6388bb873359@group-B673650064C9: changes role from  FOLLOWER to CANDIDATE at term 321 for changeToCandidate
2019-10-15 17:18:20,709 [Thread-2167] INFO  impl.RoleInfo (RoleInfo.java:updateAndGet(143)) - 79abbc2e-0a90-4a41-a17c-6388bb873359: start LeaderElection
2019-10-15 17:18:20,732 [79abbc2e-0a90-4a41-a17c-6388bb873359@group-B673650064C9-LeaderElection280] INFO  impl.LeaderElection (LeaderElection.java:askForVotes(178)) - 79abbc2e-0a90-4a41-a17c-6388bb873359@group-B673650064C9-LeaderElection280: begin an election at term 322 for -1: [ebd8d1f9-8297-450f-abe7-393807ba0c7e:192.168.164.239:36510, dbc121b5-e1e8-4c61-9d50-542b699a3d90:192.168.164.239:43140, 79abbc2e-0a90-4a41-a17c-6388bb873359:192.168.164.239:37857], old=null
2019-10-15 17:18:20,734 [grpc-default-executor-0] INFO  impl.RaftServerImpl (RaftServerImpl.java:setRole(184)) - ebd8d1f9-8297-450f-abe7-393807ba0c7e@group-B673650064C9: changes role from  FOLLOWER to FOLLOWER at term 322 for recognizeCandidate:79abbc2e-0a90-4a41-a17c-6388bb873359
2019-10-15 17:18:20,734 [grpc-default-executor-0] INFO  impl.RoleInfo (RoleInfo.java:shutdownFollowerState(121)) - ebd8d1f9-8297-450f-abe7-393807ba0c7e: shutdown FollowerState
2019-10-15 17:18:20,735 [grpc-default-executor-0] INFO  impl.RoleInfo (RoleInfo.java:updateAndGet(143)) - ebd8d1f9-8297-450f-abe7-393807ba0c7e: start FollowerState
2019-10-15 17:18:20,735 [Thread-2165] INFO  impl.FollowerState (FollowerState.java:run(117)) - ebd8d1f9-8297-450f-abe7-393807ba0c7e@group-B673650064C9-FollowerState was interrupted: java.lang.InterruptedException: sleep interrupted
2019-10-15 17:18:20,735 [grpc-default-executor-3] INFO  impl.RaftServerImpl (RaftServerImpl.java:setRole(184)) - dbc121b5-e1e8-4c61-9d50-542b699a3d90@group-B673650064C9: changes role from  FOLLOWER to FOLLOWER at term 322 for recognizeCandidate:79abbc2e-0a90-4a41-a17c-6388bb873359
2019-10-15 17:18:20,735 [grpc-default-executor-3] INFO  impl.RoleInfo (RoleInfo.java:shutdownFollowerState(121)) - dbc121b5-e1e8-4c61-9d50-542b699a3d90: shutdown FollowerState
2019-10-15 17:18:20,735 [grpc-default-executor-3] INFO  impl.RoleInfo (RoleInfo.java:updateAndGet(143)) - dbc121b5-e1e8-4c61-9d50-542b699a3d90: start FollowerState
2019-10-15 17:18:20,735 [Thread-2166] INFO  impl.FollowerState (FollowerState.java:run(117)) - dbc121b5-e1e8-4c61-9d50-542b699a3d90@group-B673650064C9-FollowerState was interrupted: java.lang.InterruptedException: sleep interrupted
2019-10-15 17:18:20,767 [79abbc2e-0a90-4a41-a17c-6388bb873359@group-B673650064C9-LeaderElection280] INFO  impl.LeaderElection (LeaderElection.java:logAndReturn(56)) - 79abbc2e-0a90-4a41-a17c-6388bb873359@group-B673650064C9-LeaderElection280: Election REJECTED; received 2 response(s) [79abbc2e-0a90-4a41-a17c-6388bb873359<-ebd8d1f9-8297-450f-abe7-393807ba0c7e#0:FAIL-t322, 79abbc2e-0a90-4a41-a17c-6388bb873359<-dbc121b5-e1e8-4c61-9d50-542b699a3d90#0:FAIL-t322] and 0 exception(s); 79abbc2e-0a90-4a41-a17c-6388bb873359@group-B673650064C9:t322, leader=null, voted=79abbc2e-0a90-4a41-a17c-6388bb873359, raftlog=79abbc2e-0a90-4a41-a17c-6388bb873359@group-B673650064C9-SegmentedRaftLog:OPENED:c-1,f-1,i0, conf=-1: [ebd8d1f9-8297-450f-abe7-393807ba0c7e:192.168.164.239:36510, dbc121b5-e1e8-4c61-9d50-542b699a3d90:192.168.164.239:43140, 79abbc2e-0a90-4a41-a17c-6388bb873359:192.168.164.239:37857], old=null
2019-10-15 17:18:20,767 [79abbc2e-0a90-4a41-a17c-6388bb873359@group-B673650064C9-LeaderElection280] INFO  impl.RaftServerImpl (RaftServerImpl.java:setRole(184)) - 79abbc2e-0a90-4a41-a17c-6388bb873359@group-B673650064C9: changes role from CANDIDATE to FOLLOWER at term 322 for DISCOVERED_A_NEW_TERM
2019-10-15 17:18:20,767 [79abbc2e-0a90-4a41-a17c-6388bb873359@group-B673650064C9-LeaderElection280] INFO  impl.RoleInfo (RoleInfo.java:shutdownLeaderElection(134)) - 79abbc2e-0a90-4a41-a17c-6388bb873359: shutdown LeaderElection
2019-10-15 17:18:20,768 [79abbc2e-0a90-4a41-a17c-6388bb873359@group-B673650064C9-LeaderElection280] INFO  impl.RoleInfo (RoleInfo.java:updateAndGet(143)) - 79abbc2e-0a90-4a41-a17c-6388bb873359: start FollowerState
2019-10-15 17:18:20,785 [Thread-2173] INFO  impl.FollowerState (FollowerState.java:run(108)) - 79abbc2e-0a90-4a41-a17c-6388bb873359@group-B673650064C9-FollowerState: change to CANDIDATE, lastRpcTime:17ms, electionTimeout:17ms
2019-10-15 17:18:20,785 [Thread-2173] INFO  impl.RoleInfo (RoleInfo.java:shutdownFollowerState(121)) - 79abbc2e-0a90-4a41-a17c-6388bb873359: shutdown FollowerState
2019-10-15 17:18:20,785 [Thread-2173] INFO  impl.RaftServerImpl (RaftServerImpl.java:setRole(184)) - 79abbc2e-0a90-4a41-a17c-6388bb873359@group-B673650064C9: changes role from  FOLLOWER to CANDIDATE at term 322 for changeToCandidate
2019-10-15 17:18:20,785 [Thread-2173] INFO  impl.RoleInfo (RoleInfo.java:updateAndGet(143)) - 79abbc2e-0a90-4a41-a17c-6388bb873359: start LeaderElection
2019-10-15 17:18:20,875 [79abbc2e-0a90-4a41-a17c-6388bb873359@group-B673650064C9-LeaderElection281] INFO  impl.LeaderElection (LeaderElection.java:askForVotes(178)) - 79abbc2e-0a90-4a41-a17c-6388bb873359@group-B673650064C9-LeaderElection281: begin an election at term 323 for -1: [ebd8d1f9-8297-450f-abe7-393807ba0c7e:192.168.164.239:36510, dbc121b5-e1e8-4c61-9d50-542b699a3d90:192.168.164.239:43140, 79abbc2e-0a90-4a41-a17c-6388bb873359:192.168.164.239:37857], old=null
2019-10-15 17:18:20,877 [grpc-default-executor-0] INFO  impl.RaftServerImpl (RaftServerImpl.java:setRole(184)) - ebd8d1f9-8297-450f-abe7-393807ba0c7e@group-B673650064C9: changes role from  FOLLOWER to FOLLOWER at term 323 for recognizeCandidate:79abbc2e-0a90-4a41-a17c-6388bb873359
2019-10-15 17:18:20,877 [grpc-default-executor-3] INFO  impl.RaftServerImpl (RaftServerImpl.java:setRole(184)) - dbc121b5-e1e8-4c61-9d50-542b699a3d90@group-B673650064C9: changes role from  FOLLOWER to FOLLOWER at term 323 for recognizeCandidate:79abbc2e-0a90-4a41-a17c-6388bb873359
2019-10-15 17:18:20,877 [grpc-default-executor-3] INFO  impl.RoleInfo (RoleInfo.java:shutdownFollowerState(121)) - dbc121b5-e1e8-4c61-9d50-542b699a3d90: shutdown FollowerState
2019-10-15 17:18:20,877 [grpc-default-executor-0] INFO  impl.RoleInfo (RoleInfo.java:shutdownFollowerState(121)) - ebd8d1f9-8297-450f-abe7-393807ba0c7e: shutdown FollowerState
2019-10-15 17:18:20,877 [Thread-2172] INFO  impl.FollowerState (FollowerState.java:run(117)) - dbc121b5-e1e8-4c61-9d50-542b699a3d90@group-B673650064C9-FollowerState was interrupted: java.lang.InterruptedException: sleep interrupted
2019-10-15 17:18:20,878 [Thread-2171] INFO  impl.FollowerState (FollowerState.java:run(117)) - ebd8d1f9-8297-450f-abe7-393807ba0c7e@group-B673650064C9-FollowerState was interrupted: java.lang.InterruptedException: sleep interrupted
2019-10-15 17:18:20,877 [grpc-default-executor-3] INFO  impl.RoleInfo (RoleInfo.java:updateAndGet(143)) - dbc121b5-e1e8-4c61-9d50-542b699a3d90: start FollowerState
2019-10-15 17:18:20,878 [grpc-default-executor-0] INFO  impl.RoleInfo (RoleInfo.java:updateAndGet(143)) - ebd8d1f9-8297-450f-abe7-393807ba0c7e: start FollowerState
2019-10-15 17:18:20,915 [79abbc2e-0a90-4a41-a17c-6388bb873359@group-B673650064C9-LeaderElection281] INFO  impl.LeaderElection (LeaderElection.java:logAndReturn(56)) - 79abbc2e-0a90-4a41-a17c-6388bb873359@group-B673650064C9-LeaderElection281: Election REJECTED; received 2 response(s) [79abbc2e-0a90-4a41-a17c-6388bb873359<-ebd8d1f9-8297-450f-abe7-393807ba0c7e#0:FAIL-t323, 79abbc2e-0a90-4a41-a17c-6388bb873359<-dbc121b5-e1e8-4c61-9d50-542b699a3d90#0:FAIL-t323] and 0 exception(s); 79abbc2e-0a90-4a41-a17c-6388bb873359@group-B673650064C9:t323, leader=null, voted=79abbc2e-0a90-4a41-a17c-6388bb873359, raftlog=79abbc2e-0a90-4a41-a17c-6388bb873359@group-B673650064C9-SegmentedRaftLog:OPENED:c-1,f-1,i0, conf=-1: [ebd8d1f9-8297-450f-abe7-393807ba0c7e:192.168.164.239:36510, dbc121b5-e1e8-4c61-9d50-542b699a3d90:192.168.164.239:43140, 79abbc2e-0a90-4a41-a17c-6388bb873359:192.168.164.239:37857], old=null
2019-10-15 17:18:20,915 [79abbc2e-0a90-4a41-a17c-6388bb873359@group-B673650064C9-LeaderElection281] INFO  impl.RaftServerImpl (RaftServerImpl.java:setRole(184)) - 79abbc2e-0a90-4a41-a17c-6388bb873359@group-B673650064C9: changes role from CANDIDATE to FOLLOWER at term 323 for DISCOVERED_A_NEW_TERM
2019-10-15 17:18:20,915 [79abbc2e-0a90-4a41-a17c-6388bb873359@group-B673650064C9-LeaderElection281] INFO  impl.RoleInfo (RoleInfo.java:shutdownLeaderElection(134)) - 79abbc2e-0a90-4a41-a17c-6388bb873359: shutdown LeaderElection
2019-10-15 17:18:20,915 [79abbc2e-0a90-4a41-a17c-6388bb873359@group-B673650064C9-LeaderElection281] INFO  impl.RoleInfo (RoleInfo.java:updateAndGet(143)) - 79abbc2e-0a90-4a41-a17c-6388bb873359: start FollowerState
2019-10-15 17:18:20,997 [Thread-2179] INFO  impl.FollowerState (FollowerState.java:run(108)) - 79abbc2e-0a90-4a41-a17c-6388bb873359@group-B673650064C9-FollowerState: change to CANDIDATE, lastRpcTime:81ms, electionTimeout:81ms
2019-10-15 17:18:20,997 [Thread-2179] INFO  impl.RoleInfo (RoleInfo.java:shutdownFollowerState(121)) - 79abbc2e-0a90-4a41-a17c-6388bb873359: shutdown FollowerState
2019-10-15 17:18:20,997 [Thread-2179] INFO  impl.RaftServerImpl (RaftServerImpl.java:setRole(184)) - 79abbc2e-0a90-4a41-a17c-6388bb873359@group-B673650064C9: changes role from  FOLLOWER to CANDIDATE at term 323 for changeToCandidate
2019-10-15 17:18:20,997 [Thread-2179] INFO  impl.RoleInfo (RoleInfo.java:updateAndGet(143)) - 79abbc2e-0a90-4a41-a17c-6388bb873359: start LeaderElection
2019-10-15 17:18:21,031 [79abbc2e-0a90-4a41-a17c-6388bb873359@group-B673650064C9-LeaderElection282] INFO  impl.LeaderElection (LeaderElection.java:askForVotes(178)) - 79abbc2e-0a90-4a41-a17c-6388bb873359@group-B673650064C9-LeaderElection282: begin an election at term 324 for -1: [ebd8d1f9-8297-450f-abe7-393807ba0c7e:192.168.164.239:36510, dbc121b5-e1e8-4c61-9d50-542b699a3d90:192.168.164.239:43140, 79abbc2e-0a90-4a41-a17c-6388bb873359:192.168.164.239:37857], old=null
2019-10-15 17:18:21,033 [grpc-default-executor-0] INFO  impl.RaftServerImpl (RaftServerImpl.java:setRole(184)) - ebd8d1f9-8297-450f-abe7-393807ba0c7e@group-B673650064C9: changes role from  FOLLOWER to FOLLOWER at term 324 for recognizeCandidate:79abbc2e-0a90-4a41-a17c-6388bb873359
2019-10-15 17:18:21,033 [grpc-default-executor-0] INFO  impl.RoleInfo (RoleInfo.java:shutdownFollowerState(121)) - ebd8d1f9-8297-450f-abe7-393807ba0c7e: shutdown FollowerState
2019-10-15 17:18:21,033 [grpc-default-executor-3] INFO  impl.RaftServerImpl (RaftServerImpl.java:setRole(184)) - dbc121b5-e1e8-4c61-9d50-542b699a3d90@group-B673650064C9: changes role from  FOLLOWER to FOLLOWER at term 324 for recognizeCandidate:79abbc2e-0a90-4a41-a17c-6388bb873359
2019-10-15 17:18:21,033 [Thread-2178] INFO  impl.FollowerState (FollowerState.java:run(117)) - ebd8d1f9-8297-450f-abe7-393807ba0c7e@group-B673650064C9-FollowerState was interrupted: java.lang.InterruptedException: sleep interrupted
2019-10-15 17:18:21,033 [grpc-default-executor-0] INFO  impl.RoleInfo (RoleInfo.java:updateAndGet(143)) - ebd8d1f9-8297-450f-abe7-393807ba0c7e: start FollowerState
2019-10-15 17:18:21,033 [grpc-default-executor-3] INFO  impl.RoleInfo (RoleInfo.java:shutdownFollowerState(121)) - dbc121b5-e1e8-4c61-9d50-542b699a3d90: shutdown FollowerState
2019-10-15 17:18:21,034 [grpc-default-executor-3] INFO  impl.RoleInfo (RoleInfo.java:updateAndGet(143)) - dbc121b5-e1e8-4c61-9d50-542b699a3d90: start FollowerState
2019-10-15 17:18:21,034 [Thread-2177] INFO  impl.FollowerState (FollowerState.java:run(117)) - dbc121b5-e1e8-4c61-9d50-542b699a3d90@group-B673650064C9-FollowerState was interrupted: java.lang.InterruptedException: sleep interrupted
2019-10-15 17:18:21,057 [79abbc2e-0a90-4a41-a17c-6388bb873359@group-B673650064C9-LeaderElection282] INFO  impl.LeaderElection (LeaderElection.java:logAndReturn(56)) - 79abbc2e-0a90-4a41-a17c-6388bb873359@group-B673650064C9-LeaderElection282: Election REJECTED; received 2 response(s) [79abbc2e-0a90-4a41-a17c-6388bb873359<-ebd8d1f9-8297-450f-abe7-393807ba0c7e#0:FAIL-t324, 79abbc2e-0a90-4a41-a17c-6388bb873359<-dbc121b5-e1e8-4c61-9d50-542b699a3d90#0:FAIL-t324] and 0 exception(s); 79abbc2e-0a90-4a41-a17c-6388bb873359@group-B673650064C9:t324, leader=null, voted=79abbc2e-0a90-4a41-a17c-6388bb873359, raftlog=79abbc2e-0a90-4a41-a17c-6388bb873359@group-B673650064C9-SegmentedRaftLog:OPENED:c-1,f-1,i0, conf=-1: [ebd8d1f9-8297-450f-abe7-393807ba0c7e:192.168.164.239:36510, dbc121b5-e1e8-4c61-9d50-542b699a3d90:192.168.164.239:43140, 79abbc2e-0a90-4a41-a17c-6388bb873359:192.168.164.239:37857], old=null
2019-10-15 17:18:21,057 [79abbc2e-0a90-4a41-a17c-6388bb873359@group-B673650064C9-LeaderElection282] INFO  impl.RaftServerImpl (RaftServerImpl.java:setRole(184)) - 79abbc2e-0a90-4a41-a17c-6388bb873359@group-B673650064C9: changes role from CANDIDATE to FOLLOWER at term 324 for DISCOVERED_A_NEW_TERM
2019-10-15 17:18:21,057 [79abbc2e-0a90-4a41-a17c-6388bb873359@group-B673650064C9-LeaderElection282] INFO  impl.RoleInfo (RoleInfo.java:shutdownLeaderElection(134)) - 79abbc2e-0a90-4a41-a17c-6388bb873359: shutdown LeaderElection
2019-10-15 17:18:21,057 [79abbc2e-0a90-4a41-a17c-6388bb873359@group-B673650064C9-LeaderElection282] INFO  impl.RoleInfo (RoleInfo.java:updateAndGet(143)) - 79abbc2e-0a90-4a41-a17c-6388bb873359: start FollowerState
2019-10-15 17:18:21,093 [Thread-2185] INFO  impl.FollowerState (FollowerState.java:run(108)) - 79abbc2e-0a90-4a41-a17c-6388bb873359@group-B673650064C9-FollowerState: change to CANDIDATE, lastRpcTime:35ms, electionTimeout:35ms
2019-10-15 17:18:21,093 [Thread-2185] INFO  impl.RoleInfo (RoleInfo.java:shutdownFollowerState(121)) - 79abbc2e-0a90-4a41-a17c-6388bb873359: shutdown FollowerState
2019-10-15 17:18:21,093 [Thread-2185] INFO  impl.RaftServerImpl (RaftServerImpl.java:setRole(184)) - 79abbc2e-0a90-4a41-a17c-6388bb873359@group-B673650064C9: changes role from  FOLLOWER to CANDIDATE at term 324 for changeToCandidate
2019-10-15 17:18:21,093 [Thread-2185] INFO  impl.RoleInfo (RoleInfo.java:updateAndGet(143)) - 79abbc2e-0a90-4a41-a17c-6388bb873359: start LeaderElection
2019-10-15 17:18:21,123 [79abbc2e-0a90-4a41-a17c-6388bb873359@group-B673650064C9-LeaderElection283] INFO  impl.LeaderElection (LeaderElection.java:askForVotes(178)) - 79abbc2e-0a90-4a41-a17c-6388bb873359@group-B673650064C9-LeaderElection283: begin an election at term 325 for -1: [ebd8d1f9-8297-450f-abe7-393807ba0c7e:192.168.164.239:36510, dbc121b5-e1e8-4c61-9d50-542b699a3d90:192.168.164.239:43140, 79abbc2e-0a90-4a41-a17c-6388bb873359:192.168.164.239:37857], old=null
2019-10-15 17:18:21,125 [grpc-default-executor-0] INFO  impl.RaftServerImpl (RaftServerImpl.java:setRole(184)) - ebd8d1f9-8297-450f-abe7-393807ba0c7e@group-B673650064C9: changes role from  FOLLOWER to FOLLOWER at term 325 for recognizeCandidate:79abbc2e-0a90-4a41-a17c-6388bb873359
2019-10-15 17:18:21,125 [grpc-default-executor-0] INFO  impl.RoleInfo (RoleInfo.java:shutdownFollowerState(121)) - ebd8d1f9-8297-450f-abe7-393807ba0c7e: shutdown FollowerState
2019-10-15 17:18:21,125 [Thread-2183] INFO  impl.FollowerState (FollowerState.java:run(117)) - ebd8d1f9-8297-450f-abe7-393807ba0c7e@group-B673650064C9-FollowerState was interrupted: java.lang.InterruptedException: sleep interrupted
2019-10-15 17:18:21,125 [grpc-default-executor-3] INFO  impl.RaftServerImpl (RaftServerImpl.java:setRole(184)) - dbc121b5-e1e8-4c61-9d50-542b699a3d90@group-B673650064C9: changes role from  FOLLOWER to FOLLOWER at term 325 for recognizeCandidate:79abbc2e-0a90-4a41-a17c-6388bb873359
2019-10-15 17:18:21,125 [grpc-default-executor-0] INFO  impl.RoleInfo (RoleInfo.java:updateAndGet(143)) - ebd8d1f9-8297-450f-abe7-393807ba0c7e: start FollowerState
2019-10-15 17:18:21,125 [grpc-default-executor-3] INFO  impl.RoleInfo (RoleInfo.java:shutdownFollowerState(121)) - dbc121b5-e1e8-4c61-9d50-542b699a3d90: shutdown FollowerState
2019-10-15 17:18:21,126 [grpc-default-executor-3] INFO  impl.RoleInfo (RoleInfo.java:updateAndGet(143)) - dbc121b5-e1e8-4c61-9d50-542b699a3d90: start FollowerState
2019-10-15 17:18:21,126 [Thread-2184] INFO  impl.FollowerState (FollowerState.java:run(117)) - dbc121b5-e1e8-4c61-9d50-542b699a3d90@group-B673650064C9-FollowerState was interrupted: java.lang.InterruptedException: sleep interrupted
2019-10-15 17:18:21,149 [79abbc2e-0a90-4a41-a17c-6388bb873359@group-B673650064C9-LeaderElection283] INFO  impl.LeaderElection (LeaderElection.java:logAndReturn(56)) - 79abbc2e-0a90-4a41-a17c-6388bb873359@group-B673650064C9-LeaderElection283: Election REJECTED; received 2 response(s) [79abbc2e-0a90-4a41-a17c-6388bb873359<-ebd8d1f9-8297-450f-abe7-393807ba0c7e#0:FAIL-t325, 79abbc2e-0a90-4a41-a17c-6388bb873359<-dbc121b5-e1e8-4c61-9d50-542b699a3d90#0:FAIL-t325] and 0 exception(s); 79abbc2e-0a90-4a41-a17c-6388bb873359@group-B673650064C9:t325, leader=null, voted=79abbc2e-0a90-4a41-a17c-6388bb873359, raftlog=79abbc2e-0a90-4a41-a17c-6388bb873359@group-B673650064C9-SegmentedRaftLog:OPENED:c-1,f-1,i0, conf=-1: [ebd8d1f9-8297-450f-abe7-393807ba0c7e:192.168.164.239:36510, dbc121b5-e1e8-4c61-9d50-542b699a3d90:192.168.164.239:43140, 79abbc2e-0a90-4a41-a17c-6388bb873359:192.168.164.239:37857], old=null
2019-10-15 17:18:21,149 [79abbc2e-0a90-4a41-a17c-6388bb873359@group-B673650064C9-LeaderElection283] INFO  impl.RaftServerImpl (RaftServerImpl.java:setRole(184)) - 79abbc2e-0a90-4a41-a17c-6388bb873359@group-B673650064C9: changes role from CANDIDATE to FOLLOWER at term 325 for DISCOVERED_A_NEW_TERM
2019-10-15 17:18:21,149 [79abbc2e-0a90-4a41-a17c-6388bb873359@group-B673650064C9-LeaderElection283] INFO  impl.RoleInfo (RoleInfo.java:shutdownLeaderElection(134)) - 79abbc2e-0a90-4a41-a17c-6388bb873359: shutdown LeaderElection
2019-10-15 17:18:21,150 [79abbc2e-0a90-4a41-a17c-6388bb873359@group-B673650064C9-LeaderElection283] INFO  impl.RoleInfo (RoleInfo.java:updateAndGet(143)) - 79abbc2e-0a90-4a41-a17c-6388bb873359: start FollowerState
2019-10-15 17:18:21,302 [Thread-2193] INFO  impl.FollowerState (FollowerState.java:run(108)) - 79abbc2e-0a90-4a41-a17c-6388bb873359@group-B673650064C9-FollowerState: change to CANDIDATE, lastRpcTime:152ms, electionTimeout:152ms
2019-10-15 17:18:21,302 [Thread-2193] INFO  impl.RoleInfo (RoleInfo.java:shutdownFollowerState(121)) - 79abbc2e-0a90-4a41-a17c-6388bb873359: shutdown FollowerState
2019-10-15 17:18:21,302 [Thread-2193] INFO  impl.RaftServerImpl (RaftServerImpl.java:setRole(184)) - 79abbc2e-0a90-4a41-a17c-6388bb873359@group-B673650064C9: changes role from  FOLLOWER to CANDIDATE at term 325 for changeToCandidate
2019-10-15 17:18:21,303 [Thread-2193] INFO  impl.RoleInfo (RoleInfo.java:updateAndGet(143)) - 79abbc2e-0a90-4a41-a17c-6388bb873359: start LeaderElection
2019-10-15 17:18:21,332 [79abbc2e-0a90-4a41-a17c-6388bb873359@group-B673650064C9-LeaderElection284] INFO  impl.LeaderElection (LeaderElection.java:askForVotes(178)) - 79abbc2e-0a90-4a41-a17c-6388bb873359@group-B673650064C9-LeaderElection284: begin an election at term 326 for -1: [ebd8d1f9-8297-450f-abe7-393807ba0c7e:192.168.164.239:36510, dbc121b5-e1e8-4c61-9d50-542b699a3d90:192.168.164.239:43140, 79abbc2e-0a90-4a41-a17c-6388bb873359:192.168.164.239:37857], old=null
2019-10-15 17:18:21,335 [grpc-default-executor-0] INFO  impl.RaftServerImpl (RaftServerImpl.java:setRole(184)) - dbc121b5-e1e8-4c61-9d50-542b699a3d90@group-B673650064C9: changes role from  FOLLOWER to FOLLOWER at term 326 for recognizeCandidate:79abbc2e-0a90-4a41-a17c-6388bb873359
2019-10-15 17:18:21,335 [grpc-default-executor-3] INFO  impl.RaftServerImpl (RaftServerImpl.java:setRole(184)) - ebd8d1f9-8297-450f-abe7-393807ba0c7e@group-B673650064C9: changes role from  FOLLOWER to FOLLOWER at term 326 for recognizeCandidate:79abbc2e-0a90-4a41-a17c-6388bb873359
2019-10-15 17:18:21,335 [grpc-default-executor-0] INFO  impl.RoleInfo (RoleInfo.java:shutdownFollowerState(121)) - dbc121b5-e1e8-4c61-9d50-542b699a3d90: shutdown FollowerState
2019-10-15 17:18:21,335 [grpc-default-executor-3] INFO  impl.RoleInfo (RoleInfo.java:shutdownFollowerState(121)) - ebd8d1f9-8297-450f-abe7-393807ba0c7e: shutdown FollowerState
2019-10-15 17:18:21,335 [Thread-2190] INFO  impl.FollowerState (FollowerState.java:run(117)) - dbc121b5-e1e8-4c61-9d50-542b699a3d90@group-B673650064C9-FollowerState was interrupted: java.lang.InterruptedException: sleep interrupted
2019-10-15 17:18:21,335 [grpc-default-executor-0] INFO  impl.RoleInfo (RoleInfo.java:updateAndGet(143)) - dbc121b5-e1e8-4c61-9d50-542b699a3d90: start FollowerState
2019-10-15 17:18:21,335 [Thread-2189] INFO  impl.FollowerState (FollowerState.java:run(117)) - ebd8d1f9-8297-450f-abe7-393807ba0c7e@group-B673650064C9-FollowerState was interrupted: java.lang.InterruptedException: sleep interrupted
2019-10-15 17:18:21,335 [grpc-default-executor-3] INFO  impl.RoleInfo (RoleInfo.java:updateAndGet(143)) - ebd8d1f9-8297-450f-abe7-393807ba0c7e: start FollowerState
2019-10-15 17:18:21,358 [79abbc2e-0a90-4a41-a17c-6388bb873359@group-B673650064C9-LeaderElection284] INFO  impl.LeaderElection (LeaderElection.java:logAndReturn(56)) - 79abbc2e-0a90-4a41-a17c-6388bb873359@group-B673650064C9-LeaderElection284: Election REJECTED; received 2 response(s) [79abbc2e-0a90-4a41-a17c-6388bb873359<-ebd8d1f9-8297-450f-abe7-393807ba0c7e#0:FAIL-t326, 79abbc2e-0a90-4a41-a17c-6388bb873359<-dbc121b5-e1e8-4c61-9d50-542b699a3d90#0:FAIL-t326] and 0 exception(s); 79abbc2e-0a90-4a41-a17c-6388bb873359@group-B673650064C9:t326, leader=null, voted=79abbc2e-0a90-4a41-a17c-6388bb873359, raftlog=79abbc2e-0a90-4a41-a17c-6388bb873359@group-B673650064C9-SegmentedRaftLog:OPENED:c-1,f-1,i0, conf=-1: [ebd8d1f9-8297-450f-abe7-393807ba0c7e:192.168.164.239:36510, dbc121b5-e1e8-4c61-9d50-542b699a3d90:192.168.164.239:43140, 79abbc2e-0a90-4a41-a17c-6388bb873359:192.168.164.239:37857], old=null
2019-10-15 17:18:21,359 [79abbc2e-0a90-4a41-a17c-6388bb873359@group-B673650064C9-LeaderElection284] INFO  impl.RaftServerImpl (RaftServerImpl.java:setRole(184)) - 79abbc2e-0a90-4a41-a17c-6388bb873359@group-B673650064C9: changes role from CANDIDATE to FOLLOWER at term 326 for DISCOVERED_A_NEW_TERM
2019-10-15 17:18:21,359 [79abbc2e-0a90-4a41-a17c-6388bb873359@group-B673650064C9-LeaderElection284] INFO  impl.RoleInfo (RoleInfo.java:shutdownLeaderElection(134)) - 79abbc2e-0a90-4a41-a17c-6388bb873359: shutdown LeaderElection
2019-10-15 17:18:21,359 [79abbc2e-0a90-4a41-a17c-6388bb873359@group-B673650064C9-LeaderElection284] INFO  impl.RoleInfo (RoleInfo.java:updateAndGet(143)) - 79abbc2e-0a90-4a41-a17c-6388bb873359: start FollowerState
2019-10-15 17:18:21,478 [Thread-2199] INFO  impl.FollowerState (FollowerState.java:run(108)) - 79abbc2e-0a90-4a41-a17c-6388bb873359@group-B673650064C9-FollowerState: change to CANDIDATE, lastRpcTime:119ms, electionTimeout:119ms
2019-10-15 17:18:21,478 [Thread-2199] INFO  impl.RoleInfo (RoleInfo.java:shutdownFollowerState(121)) - 79abbc2e-0a90-4a41-a17c-6388bb873359: shutdown FollowerState
2019-10-15 17:18:21,479 [Thread-2199] INFO  impl.RaftServerImpl (RaftServerImpl.java:setRole(184)) - 79abbc2e-0a90-4a41-a17c-6388bb873359@group-B673650064C9: changes role from  FOLLOWER to CANDIDATE at term 326 for changeToCandidate
2019-10-15 17:18:21,479 [Thread-2199] INFO  impl.RoleInfo (RoleInfo.java:updateAndGet(143)) - 79abbc2e-0a90-4a41-a17c-6388bb873359: start LeaderElection
2019-10-15 17:18:21,508 [79abbc2e-0a90-4a41-a17c-6388bb873359@group-B673650064C9-LeaderElection285] INFO  impl.LeaderElection (LeaderElection.java:askForVotes(178)) - 79abbc2e-0a90-4a41-a17c-6388bb873359@group-B673650064C9-LeaderElection285: begin an election at term 327 for -1: [ebd8d1f9-8297-450f-abe7-393807ba0c7e:192.168.164.239:36510, dbc121b5-e1e8-4c61-9d50-542b699a3d90:192.168.164.239:43140, 79abbc2e-0a90-4a41-a17c-6388bb873359:192.168.164.239:37857], old=null
2019-10-15 17:18:21,510 [grpc-default-executor-3] INFO  impl.RaftServerImpl (RaftServerImpl.java:setRole(184)) - ebd8d1f9-8297-450f-abe7-393807ba0c7e@group-B673650064C9: changes role from  FOLLOWER to FOLLOWER at term 327 for recognizeCandidate:79abbc2e-0a90-4a41-a17c-6388bb873359
2019-10-15 17:18:21,510 [grpc-default-executor-0] INFO  impl.RaftServerImpl (RaftServerImpl.java:setRole(184)) - dbc121b5-e1e8-4c61-9d50-542b699a3d90@group-B673650064C9: changes role from  FOLLOWER to FOLLOWER at term 327 for recognizeCandidate:79abbc2e-0a90-4a41-a17c-6388bb873359
2019-10-15 17:18:21,510 [grpc-default-executor-3] INFO  impl.RoleInfo (RoleInfo.java:shutdownFollowerState(121)) - ebd8d1f9-8297-450f-abe7-393807ba0c7e: shutdown FollowerState
2019-10-15 17:18:21,511 [grpc-default-executor-0] INFO  impl.RoleInfo (RoleInfo.java:shutdownFollowerState(121)) - dbc121b5-e1e8-4c61-9d50-542b699a3d90: shutdown FollowerState
2019-10-15 17:18:21,511 [Thread-2198] INFO  impl.FollowerState (FollowerState.java:run(117)) - ebd8d1f9-8297-450f-abe7-393807ba0c7e@group-B673650064C9-FollowerState was interrupted: java.lang.InterruptedException: sleep interrupted
2019-10-15 17:18:21,511 [grpc-default-executor-3] INFO  impl.RoleInfo (RoleInfo.java:updateAndGet(143)) - ebd8d1f9-8297-450f-abe7-393807ba0c7e: start FollowerState
2019-10-15 17:18:21,511 [Thread-2197] INFO  impl.FollowerState (FollowerState.java:run(117)) - dbc121b5-e1e8-4c61-9d50-542b699a3d90@group-B673650064C9-FollowerState was interrupted: java.lang.InterruptedException: sleep interrupted
2019-10-15 17:18:21,511 [grpc-default-executor-0] INFO  impl.RoleInfo (RoleInfo.java:updateAndGet(143)) - dbc121b5-e1e8-4c61-9d50-542b699a3d90: start FollowerState
2019-10-15 17:18:21,530 [79abbc2e-0a90-4a41-a17c-6388bb873359@group-B673650064C9-LeaderElection285] INFO  impl.LeaderElection (LeaderElection.java:logAndReturn(56)) - 79abbc2e-0a90-4a41-a17c-6388bb873359@group-B673650064C9-LeaderElection285: Election TIMEOUT; received 0 response(s) [] and 0 exception(s); 79abbc2e-0a90-4a41-a17c-6388bb873359@group-B673650064C9:t327, leader=null, voted=79abbc2e-0a90-4a41-a17c-6388bb873359, raftlog=79abbc2e-0a90-4a41-a17c-6388bb873359@group-B673650064C9-SegmentedRaftLog:OPENED:c-1,f-1,i0, conf=-1: [ebd8d1f9-8297-450f-abe7-393807ba0c7e:192.168.164.239:36510, dbc121b5-e1e8-4c61-9d50-542b699a3d90:192.168.164.239:43140, 79abbc2e-0a90-4a41-a17c-6388bb873359:192.168.164.239:37857], old=null
2019-10-15 17:18:21,552 [79abbc2e-0a90-4a41-a17c-6388bb873359@group-B673650064C9-LeaderElection285] INFO  impl.LeaderElection (LeaderElection.java:askForVotes(178)) - 79abbc2e-0a90-4a41-a17c-6388bb873359@group-B673650064C9-LeaderElection285: begin an election at term 328 for -1: [ebd8d1f9-8297-450f-abe7-393807ba0c7e:192.168.164.239:36510, dbc121b5-e1e8-4c61-9d50-542b699a3d90:192.168.164.239:43140, 79abbc2e-0a90-4a41-a17c-6388bb873359:192.168.164.239:37857], old=null
2019-10-15 17:18:21,553 [grpc-default-executor-0] INFO  impl.RaftServerImpl (RaftServerImpl.java:setRole(184)) - ebd8d1f9-8297-450f-abe7-393807ba0c7e@group-B673650064C9: changes role from  FOLLOWER to FOLLOWER at term 328 for recognizeCandidate:79abbc2e-0a90-4a41-a17c-6388bb873359
2019-10-15 17:18:21,553 [grpc-default-executor-3] INFO  impl.RaftServerImpl (RaftServerImpl.java:setRole(184)) - dbc121b5-e1e8-4c61-9d50-542b699a3d90@group-B673650064C9: changes role from  FOLLOWER to FOLLOWER at term 328 for recognizeCandidate:79abbc2e-0a90-4a41-a17c-6388bb873359
2019-10-15 17:18:21,553 [grpc-default-executor-0] INFO  impl.RoleInfo (RoleInfo.java:shutdownFollowerState(121)) - ebd8d1f9-8297-450f-abe7-393807ba0c7e: shutdown FollowerState
2019-10-15 17:18:21,553 [grpc-default-executor-3] INFO  impl.RoleInfo (RoleInfo.java:shutdownFollowerState(121)) - dbc121b5-e1e8-4c61-9d50-542b699a3d90: shutdown FollowerState
2019-10-15 17:18:21,554 [grpc-default-executor-0] INFO  impl.RoleInfo (RoleInfo.java:updateAndGet(143)) - ebd8d1f9-8297-450f-abe7-393807ba0c7e: start FollowerState
2019-10-15 17:18:21,554 [Thread-2203] INFO  impl.FollowerState (FollowerState.java:run(117)) - ebd8d1f9-8297-450f-abe7-393807ba0c7e@group-B673650064C9-FollowerState was interrupted: java.lang.InterruptedException: sleep interrupted
2019-10-15 17:18:21,554 [grpc-default-executor-3] INFO  impl.RoleInfo (RoleInfo.java:updateAndGet(143)) - dbc121b5-e1e8-4c61-9d50-542b699a3d90: start FollowerState
2019-10-15 17:18:21,554 [Thread-2204] INFO  impl.FollowerState (FollowerState.java:run(117)) - dbc121b5-e1e8-4c61-9d50-542b699a3d90@group-B673650064C9-FollowerState was interrupted: java.lang.InterruptedException: sleep interrupted
2019-10-15 17:18:21,577 [79abbc2e-0a90-4a41-a17c-6388bb873359@group-B673650064C9-LeaderElection285] INFO  impl.LeaderElection (LeaderElection.java:logAndReturn(56)) - 79abbc2e-0a90-4a41-a17c-6388bb873359@group-B673650064C9-LeaderElection285: Election REJECTED; received 2 response(s) [79abbc2e-0a90-4a41-a17c-6388bb873359<-ebd8d1f9-8297-450f-abe7-393807ba0c7e#0:FAIL-t328, 79abbc2e-0a90-4a41-a17c-6388bb873359<-dbc121b5-e1e8-4c61-9d50-542b699a3d90#0:FAIL-t328] and 0 exception(s); 79abbc2e-0a90-4a41-a17c-6388bb873359@group-B673650064C9:t328, leader=null, voted=79abbc2e-0a90-4a41-a17c-6388bb873359, raftlog=79abbc2e-0a90-4a41-a17c-6388bb873359@group-B673650064C9-SegmentedRaftLog:OPENED:c-1,f-1,i0, conf=-1: [ebd8d1f9-8297-450f-abe7-393807ba0c7e:192.168.164.239:36510, dbc121b5-e1e8-4c61-9d50-542b699a3d90:192.168.164.239:43140, 79abbc2e-0a90-4a41-a17c-6388bb873359:192.168.164.239:37857], old=null
2019-10-15 17:18:21,578 [79abbc2e-0a90-4a41-a17c-6388bb873359@group-B673650064C9-LeaderElection285] INFO  impl.RaftServerImpl (RaftServerImpl.java:setRole(184)) - 79abbc2e-0a90-4a41-a17c-6388bb873359@group-B673650064C9: changes role from CANDIDATE to FOLLOWER at term 328 for DISCOVERED_A_NEW_TERM
2019-10-15 17:18:21,578 [79abbc2e-0a90-4a41-a17c-6388bb873359@group-B673650064C9-LeaderElection285] INFO  impl.RoleInfo (RoleInfo.java:shutdownLeaderElection(134)) - 79abbc2e-0a90-4a41-a17c-6388bb873359: shutdown LeaderElection
2019-10-15 17:18:21,578 [79abbc2e-0a90-4a41-a17c-6388bb873359@group-B673650064C9-LeaderElection285] INFO  impl.RoleInfo (RoleInfo.java:updateAndGet(143)) - 79abbc2e-0a90-4a41-a17c-6388bb873359: start FollowerState
2019-10-15 17:18:21,691 [Thread-2209] INFO  impl.FollowerState (FollowerState.java:run(108)) - 79abbc2e-0a90-4a41-a17c-6388bb873359@group-B673650064C9-FollowerState: change to CANDIDATE, lastRpcTime:113ms, electionTimeout:113ms
2019-10-15 17:18:21,692 [Thread-2209] INFO  impl.RoleInfo (RoleInfo.java:shutdownFollowerState(121)) - 79abbc2e-0a90-4a41-a17c-6388bb873359: shutdown FollowerState
2019-10-15 17:18:21,692 [Thread-2209] INFO  impl.RaftServerImpl (RaftServerImpl.java:setRole(184)) - 79abbc2e-0a90-4a41-a17c-6388bb873359@group-B673650064C9: changes role from  FOLLOWER to CANDIDATE at term 328 for changeToCandidate
2019-10-15 17:18:21,692 [Thread-2209] INFO  impl.RoleInfo (RoleInfo.java:updateAndGet(143)) - 79abbc2e-0a90-4a41-a17c-6388bb873359: start LeaderElection
2019-10-15 17:18:21,719 [79abbc2e-0a90-4a41-a17c-6388bb873359@group-B673650064C9-LeaderElection286] INFO  impl.LeaderElection (LeaderElection.java:askForVotes(178)) - 79abbc2e-0a90-4a41-a17c-6388bb873359@group-B673650064C9-LeaderElection286: begin an election at term 329 for -1: [ebd8d1f9-8297-450f-abe7-393807ba0c7e:192.168.164.239:36510, dbc121b5-e1e8-4c61-9d50-542b699a3d90:192.168.164.239:43140, 79abbc2e-0a90-4a41-a17c-6388bb873359:192.168.164.239:37857], old=null
2019-10-15 17:18:21,721 [grpc-default-executor-3] INFO  impl.RaftServerImpl (RaftServerImpl.java:setRole(184)) - ebd8d1f9-8297-450f-abe7-393807ba0c7e@group-B673650064C9: changes role from  FOLLOWER to FOLLOWER at term 329 for recognizeCandidate:79abbc2e-0a90-4a41-a17c-6388bb873359
2019-10-15 17:18:21,721 [grpc-default-executor-3] INFO  impl.RoleInfo (RoleInfo.java:shutdownFollowerState(121)) - ebd8d1f9-8297-450f-abe7-393807ba0c7e: shutdown FollowerState
2019-10-15 17:18:21,721 [grpc-default-executor-0] INFO  impl.RaftServerImpl (RaftServerImpl.java:setRole(184)) - dbc121b5-e1e8-4c61-9d50-542b699a3d90@group-B673650064C9: changes role from  FOLLOWER to FOLLOWER at term 329 for recognizeCandidate:79abbc2e-0a90-4a41-a17c-6388bb873359
2019-10-15 17:18:21,721 [Thread-2207] INFO  impl.FollowerState (FollowerState.java:run(117)) - ebd8d1f9-8297-450f-abe7-393807ba0c7e@group-B673650064C9-FollowerState was interrupted: java.lang.InterruptedException: sleep interrupted
2019-10-15 17:18:21,721 [grpc-default-executor-3] INFO  impl.RoleInfo (RoleInfo.java:updateAndGet(143)) - ebd8d1f9-8297-450f-abe7-393807ba0c7e: start FollowerState
2019-10-15 17:18:21,721 [grpc-default-executor-0] INFO  impl.RoleInfo (RoleInfo.java:shutdownFollowerState(121)) - dbc121b5-e1e8-4c61-9d50-542b699a3d90: shutdown FollowerState
2019-10-15 17:18:21,722 [grpc-default-executor-0] INFO  impl.RoleInfo (RoleInfo.java:updateAndGet(143)) - dbc121b5-e1e8-4c61-9d50-542b699a3d90: start FollowerState
2019-10-15 17:18:21,722 [Thread-2208] INFO  impl.FollowerState (FollowerState.java:run(117)) - dbc121b5-e1e8-4c61-9d50-542b699a3d90@group-B673650064C9-FollowerState was interrupted: java.lang.InterruptedException: sleep interrupted
2019-10-15 17:18:21,753 [79abbc2e-0a90-4a41-a17c-6388bb873359@group-B673650064C9-LeaderElection286] INFO  impl.LeaderElection (LeaderElection.java:logAndReturn(56)) - 79abbc2e-0a90-4a41-a17c-6388bb873359@group-B673650064C9-LeaderElection286: Election REJECTED; received 2 response(s) [79abbc2e-0a90-4a41-a17c-6388bb873359<-ebd8d1f9-8297-450f-abe7-393807ba0c7e#0:FAIL-t329, 79abbc2e-0a90-4a41-a17c-6388bb873359<-dbc121b5-e1e8-4c61-9d50-542b699a3d90#0:FAIL-t329] and 0 exception(s); 79abbc2e-0a90-4a41-a17c-6388bb873359@group-B673650064C9:t329, leader=null, voted=79abbc2e-0a90-4a41-a17c-6388bb873359, raftlog=79abbc2e-0a90-4a41-a17c-6388bb873359@group-B673650064C9-SegmentedRaftLog:OPENED:c-1,f-1,i0, conf=-1: [ebd8d1f9-8297-450f-abe7-393807ba0c7e:192.168.164.239:36510, dbc121b5-e1e8-4c61-9d50-542b699a3d90:192.168.164.239:43140, 79abbc2e-0a90-4a41-a17c-6388bb873359:192.168.164.239:37857], old=null
2019-10-15 17:18:21,754 [79abbc2e-0a90-4a41-a17c-6388bb873359@group-B673650064C9-LeaderElection286] INFO  impl.RaftServerImpl (RaftServerImpl.java:setRole(184)) - 79abbc2e-0a90-4a41-a17c-6388bb873359@group-B673650064C9: changes role from CANDIDATE to FOLLOWER at term 329 for DISCOVERED_A_NEW_TERM
2019-10-15 17:18:21,754 [79abbc2e-0a90-4a41-a17c-6388bb873359@group-B673650064C9-LeaderElection286] INFO  impl.RoleInfo (RoleInfo.java:shutdownLeaderElection(134)) - 79abbc2e-0a90-4a41-a17c-6388bb873359: shutdown LeaderElection
2019-10-15 17:18:21,754 [79abbc2e-0a90-4a41-a17c-6388bb873359@group-B673650064C9-LeaderElection286] INFO  impl.RoleInfo (RoleInfo.java:updateAndGet(143)) - 79abbc2e-0a90-4a41-a17c-6388bb873359: start FollowerState
2019-10-15 17:18:21,799 [Thread-2215] INFO  impl.FollowerState (FollowerState.java:run(108)) - 79abbc2e-0a90-4a41-a17c-6388bb873359@group-B673650064C9-FollowerState: change to CANDIDATE, lastRpcTime:45ms, electionTimeout:45ms
2019-10-15 17:18:21,799 [Thread-2215] INFO  impl.RoleInfo (RoleInfo.java:shutdownFollowerState(121)) - 79abbc2e-0a90-4a41-a17c-6388bb873359: shutdown FollowerState
2019-10-15 17:18:21,800 [Thread-2215] INFO  impl.RaftServerImpl (RaftServerImpl.java:setRole(184)) - 79abbc2e-0a90-4a41-a17c-6388bb873359@group-B673650064C9: changes role from  FOLLOWER to CANDIDATE at term 329 for changeToCandidate
2019-10-15 17:18:21,800 [Thread-2215] INFO  impl.RoleInfo (RoleInfo.java:updateAndGet(143)) - 79abbc2e-0a90-4a41-a17c-6388bb873359: start LeaderElection
2019-10-15 17:18:21,828 [79abbc2e-0a90-4a41-a17c-6388bb873359@group-B673650064C9-LeaderElection287] INFO  impl.LeaderElection (LeaderElection.java:askForVotes(178)) - 79abbc2e-0a90-4a41-a17c-6388bb873359@group-B673650064C9-LeaderElection287: begin an election at term 330 for -1: [ebd8d1f9-8297-450f-abe7-393807ba0c7e:192.168.164.239:36510, dbc121b5-e1e8-4c61-9d50-542b699a3d90:192.168.164.239:43140, 79abbc2e-0a90-4a41-a17c-6388bb873359:192.168.164.239:37857], old=null
2019-10-15 17:18:21,830 [grpc-default-executor-0] INFO  impl.RaftServerImpl (RaftServerImpl.java:setRole(184)) - ebd8d1f9-8297-450f-abe7-393807ba0c7e@group-B673650064C9: changes role from  FOLLOWER to FOLLOWER at term 330 for recognizeCandidate:79abbc2e-0a90-4a41-a17c-6388bb873359
2019-10-15 17:18:21,830 [grpc-default-executor-3] INFO  impl.RaftServerImpl (RaftServerImpl.java:setRole(184)) - dbc121b5-e1e8-4c61-9d50-542b699a3d90@group-B673650064C9: changes role from  FOLLOWER to FOLLOWER at term 330 for recognizeCandidate:79abbc2e-0a90-4a41-a17c-6388bb873359
2019-10-15 17:18:21,830 [grpc-default-executor-3] INFO  impl.RoleInfo (RoleInfo.java:shutdownFollowerState(121)) - dbc121b5-e1e8-4c61-9d50-542b699a3d90: shutdown FollowerState
2019-10-15 17:18:21,830 [grpc-default-executor-0] INFO  impl.RoleInfo (RoleInfo.java:shutdownFollowerState(121)) - ebd8d1f9-8297-450f-abe7-393807ba0c7e: shutdown FollowerState
2019-10-15 17:18:21,831 [Thread-2214] INFO  impl.FollowerState (FollowerState.java:run(117)) - dbc121b5-e1e8-4c61-9d50-542b699a3d90@group-B673650064C9-FollowerState was interrupted: java.lang.InterruptedException: sleep interrupted
2019-10-15 17:18:21,830 [grpc-default-executor-3] INFO  impl.RoleInfo (RoleInfo.java:updateAndGet(143)) - dbc121b5-e1e8-4c61-9d50-542b699a3d90: start FollowerState
2019-10-15 17:18:21,831 [grpc-default-executor-0] INFO  impl.RoleInfo (RoleInfo.java:updateAndGet(143)) - ebd8d1f9-8297-450f-abe7-393807ba0c7e: start FollowerState
2019-10-15 17:18:21,831 [Thread-2213] INFO  impl.FollowerState (FollowerState.java:run(117)) - ebd8d1f9-8297-450f-abe7-393807ba0c7e@group-B673650064C9-FollowerState was interrupted: java.lang.InterruptedException: sleep interrupted
2019-10-15 17:18:21,854 [79abbc2e-0a90-4a41-a17c-6388bb873359@group-B673650064C9-LeaderElection287] INFO  impl.LeaderElection (LeaderElection.java:logAndReturn(56)) - 79abbc2e-0a90-4a41-a17c-6388bb873359@group-B673650064C9-LeaderElection287: Election REJECTED; received 2 response(s) [79abbc2e-0a90-4a41-a17c-6388bb873359<-ebd8d1f9-8297-450f-abe7-393807ba0c7e#0:FAIL-t330, 79abbc2e-0a90-4a41-a17c-6388bb873359<-dbc121b5-e1e8-4c61-9d50-542b699a3d90#0:FAIL-t330] and 0 exception(s); 79abbc2e-0a90-4a41-a17c-6388bb873359@group-B673650064C9:t330, leader=null, voted=79abbc2e-0a90-4a41-a17c-6388bb873359, raftlog=79abbc2e-0a90-4a41-a17c-6388bb873359@group-B673650064C9-SegmentedRaftLog:OPENED:c-1,f-1,i0, conf=-1: [ebd8d1f9-8297-450f-abe7-393807ba0c7e:192.168.164.239:36510, dbc121b5-e1e8-4c61-9d50-542b699a3d90:192.168.164.239:43140, 79abbc2e-0a90-4a41-a17c-6388bb873359:192.168.164.239:37857], old=null
2019-10-15 17:18:21,854 [79abbc2e-0a90-4a41-a17c-6388bb873359@group-B673650064C9-LeaderElection287] INFO  impl.RaftServerImpl (RaftServerImpl.java:setRole(184)) - 79abbc2e-0a90-4a41-a17c-6388bb873359@group-B673650064C9: changes role from CANDIDATE to FOLLOWER at term 330 for DISCOVERED_A_NEW_TERM
2019-10-15 17:18:21,855 [79abbc2e-0a90-4a41-a17c-6388bb873359@group-B673650064C9-LeaderElection287] INFO  impl.RoleInfo (RoleInfo.java:shutdownLeaderElection(134)) - 79abbc2e-0a90-4a41-a17c-6388bb873359: shutdown LeaderElection
2019-10-15 17:18:21,855 [79abbc2e-0a90-4a41-a17c-6388bb873359@group-B673650064C9-LeaderElection287] INFO  impl.RoleInfo (RoleInfo.java:updateAndGet(143)) - 79abbc2e-0a90-4a41-a17c-6388bb873359: start FollowerState
2019-10-15 17:18:21,858 [Thread-2221] INFO  impl.FollowerState (FollowerState.java:run(108)) - 79abbc2e-0a90-4a41-a17c-6388bb873359@group-B673650064C9-FollowerState: change to CANDIDATE, lastRpcTime:3ms, electionTimeout:3ms
2019-10-15 17:18:21,858 [Thread-2221] INFO  impl.RoleInfo (RoleInfo.java:shutdownFollowerState(121)) - 79abbc2e-0a90-4a41-a17c-6388bb873359: shutdown FollowerState
2019-10-15 17:18:21,858 [Thread-2221] INFO  impl.RaftServerImpl (RaftServerImpl.java:setRole(184)) - 79abbc2e-0a90-4a41-a17c-6388bb873359@group-B673650064C9: changes role from  FOLLOWER to CANDIDATE at term 330 for changeToCandidate
2019-10-15 17:18:21,859 [Thread-2221] INFO  impl.RoleInfo (RoleInfo.java:updateAndGet(143)) - 79abbc2e-0a90-4a41-a17c-6388bb873359: start LeaderElection
2019-10-15 17:18:21,882 [79abbc2e-0a90-4a41-a17c-6388bb873359@group-B673650064C9-LeaderElection288] INFO  impl.LeaderElection (LeaderElection.java:askForVotes(178)) - 79abbc2e-0a90-4a41-a17c-6388bb873359@group-B673650064C9-LeaderElection288: begin an election at term 331 for -1: [ebd8d1f9-8297-450f-abe7-393807ba0c7e:192.168.164.239:36510, dbc121b5-e1e8-4c61-9d50-542b699a3d90:192.168.164.239:43140, 79abbc2e-0a90-4a41-a17c-6388bb873359:192.168.164.239:37857], old=null
2019-10-15 17:18:21,884 [grpc-default-executor-3] INFO  impl.RaftServerImpl (RaftServerImpl.java:setRole(184)) - ebd8d1f9-8297-450f-abe7-393807ba0c7e@group-B673650064C9: changes role from  FOLLOWER to FOLLOWER at term 331 for recognizeCandidate:79abbc2e-0a90-4a41-a17c-6388bb873359
2019-10-15 17:18:21,884 [grpc-default-executor-0] INFO  impl.RaftServerImpl (RaftServerImpl.java:setRole(184)) - dbc121b5-e1e8-4c61-9d50-542b699a3d90@group-B673650064C9: changes role from  FOLLOWER to FOLLOWER at term 331 for recognizeCandidate:79abbc2e-0a90-4a41-a17c-6388bb873359
2019-10-15 17:18:21,885 [grpc-default-executor-0] INFO  impl.RoleInfo (RoleInfo.java:shutdownFollowerState(121)) - dbc121b5-e1e8-4c61-9d50-542b699a3d90: shutdown FollowerState
2019-10-15 17:18:21,884 [grpc-default-executor-3] INFO  impl.RoleInfo (RoleInfo.java:shutdownFollowerState(121)) - ebd8d1f9-8297-450f-abe7-393807ba0c7e: shutdown FollowerState
2019-10-15 17:18:21,885 [Thread-2219] INFO  impl.FollowerState (FollowerState.java:run(117)) - dbc121b5-e1e8-4c61-9d50-542b699a3d90@group-B673650064C9-FollowerState was interrupted: java.lang.InterruptedException: sleep interrupted
2019-10-15 17:18:21,885 [grpc-default-executor-0] INFO  impl.RoleInfo (RoleInfo.java:updateAndGet(143)) - dbc121b5-e1e8-4c61-9d50-542b699a3d90: start FollowerState
2019-10-15 17:18:21,885 [Thread-2220] INFO  impl.FollowerState (FollowerState.java:run(117)) - ebd8d1f9-8297-450f-abe7-393807ba0c7e@group-B673650064C9-FollowerState was interrupted: java.lang.InterruptedException: sleep interrupted
2019-10-15 17:18:21,885 [grpc-default-executor-3] INFO  impl.RoleInfo (RoleInfo.java:updateAndGet(143)) - ebd8d1f9-8297-450f-abe7-393807ba0c7e: start FollowerState
2019-10-15 17:18:21,912 [79abbc2e-0a90-4a41-a17c-6388bb873359@group-B673650064C9-LeaderElection288] INFO  impl.LeaderElection (LeaderElection.java:logAndReturn(56)) - 79abbc2e-0a90-4a41-a17c-6388bb873359@group-B673650064C9-LeaderElection288: Election REJECTED; received 2 response(s) [79abbc2e-0a90-4a41-a17c-6388bb873359<-ebd8d1f9-8297-450f-abe7-393807ba0c7e#0:FAIL-t331, 79abbc2e-0a90-4a41-a17c-6388bb873359<-dbc121b5-e1e8-4c61-9d50-542b699a3d90#0:FAIL-t331] and 0 exception(s); 79abbc2e-0a90-4a41-a17c-6388bb873359@group-B673650064C9:t331, leader=null, voted=79abbc2e-0a90-4a41-a17c-6388bb873359, raftlog=79abbc2e-0a90-4a41-a17c-6388bb873359@group-B673650064C9-SegmentedRaftLog:OPENED:c-1,f-1,i0, conf=-1: [ebd8d1f9-8297-450f-abe7-393807ba0c7e:192.168.164.239:36510, dbc121b5-e1e8-4c61-9d50-542b699a3d90:192.168.164.239:43140, 79abbc2e-0a90-4a41-a17c-6388bb873359:192.168.164.239:37857], old=null
2019-10-15 17:18:21,913 [79abbc2e-0a90-4a41-a17c-6388bb873359@group-B673650064C9-LeaderElection288] INFO  impl.RaftServerImpl (RaftServerImpl.java:setRole(184)) - 79abbc2e-0a90-4a41-a17c-6388bb873359@group-B673650064C9: changes role from CANDIDATE to FOLLOWER at term 331 for DISCOVERED_A_NEW_TERM
2019-10-15 17:18:21,913 [79abbc2e-0a90-4a41-a17c-6388bb873359@group-B673650064C9-LeaderElection288] INFO  impl.RoleInfo (RoleInfo.java:shutdownLeaderElection(134)) - 79abbc2e-0a90-4a41-a17c-6388bb873359: shutdown LeaderElection
2019-10-15 17:18:21,913 [79abbc2e-0a90-4a41-a17c-6388bb873359@group-B673650064C9-LeaderElection288] INFO  impl.RoleInfo (RoleInfo.java:updateAndGet(143)) - 79abbc2e-0a90-4a41-a17c-6388bb873359: start FollowerState
2019-10-15 17:18:22,005 [Thread-2227] INFO  impl.FollowerState (FollowerState.java:run(108)) - 79abbc2e-0a90-4a41-a17c-6388bb873359@group-B673650064C9-FollowerState: change to CANDIDATE, lastRpcTime:92ms, electionTimeout:90ms
2019-10-15 17:18:22,006 [Thread-2227] INFO  impl.RoleInfo (RoleInfo.java:shutdownFollowerState(121)) - 79abbc2e-0a90-4a41-a17c-6388bb873359: shutdown FollowerState
2019-10-15 17:18:22,006 [Thread-2227] INFO  impl.RaftServerImpl (RaftServerImpl.java:setRole(184)) - 79abbc2e-0a90-4a41-a17c-6388bb873359@group-B673650064C9: changes role from  FOLLOWER to CANDIDATE at term 331 for changeToCandidate
2019-10-15 17:18:22,006 [Thread-2227] INFO  impl.RoleInfo (RoleInfo.java:updateAndGet(143)) - 79abbc2e-0a90-4a41-a17c-6388bb873359: start LeaderElection
2019-10-15 17:18:22,030 [79abbc2e-0a90-4a41-a17c-6388bb873359@group-B673650064C9-LeaderElection289] INFO  impl.LeaderElection (LeaderElection.java:askForVotes(178)) - 79abbc2e-0a90-4a41-a17c-6388bb873359@group-B673650064C9-LeaderElection289: begin an election at term 332 for -1: [ebd8d1f9-8297-450f-abe7-393807ba0c7e:192.168.164.239:36510, dbc121b5-e1e8-4c61-9d50-542b699a3d90:192.168.164.239:43140, 79abbc2e-0a90-4a41-a17c-6388bb873359:192.168.164.239:37857], old=null
2019-10-15 17:18:22,032 [grpc-default-executor-0] INFO  impl.RaftServerImpl (RaftServerImpl.java:setRole(184)) - ebd8d1f9-8297-450f-abe7-393807ba0c7e@group-B673650064C9: changes role from  FOLLOWER to FOLLOWER at term 332 for recognizeCandidate:79abbc2e-0a90-4a41-a17c-6388bb873359
2019-10-15 17:18:22,032 [grpc-default-executor-3] INFO  impl.RaftServerImpl (RaftServerImpl.java:setRole(184)) - dbc121b5-e1e8-4c61-9d50-542b699a3d90@group-B673650064C9: changes role from  FOLLOWER to FOLLOWER at term 332 for recognizeCandidate:79abbc2e-0a90-4a41-a17c-6388bb873359
2019-10-15 17:18:22,032 [grpc-default-executor-3] INFO  impl.RoleInfo (RoleInfo.java:shutdownFollowerState(121)) - dbc121b5-e1e8-4c61-9d50-542b699a3d90: shutdown FollowerState
2019-10-15 17:18:22,032 [grpc-default-executor-0] INFO  impl.RoleInfo (RoleInfo.java:shutdownFollowerState(121)) - ebd8d1f9-8297-450f-abe7-393807ba0c7e: shutdown FollowerState
2019-10-15 17:18:22,032 [Thread-2225] INFO  impl.FollowerState (FollowerState.java:run(117)) - dbc121b5-e1e8-4c61-9d50-542b699a3d90@group-B673650064C9-FollowerState was interrupted: java.lang.InterruptedException: sleep interrupted
2019-10-15 17:18:22,032 [Thread-2226] INFO  impl.FollowerState (FollowerState.java:run(117)) - ebd8d1f9-8297-450f-abe7-393807ba0c7e@group-B673650064C9-FollowerState was interrupted: java.lang.InterruptedException: sleep interrupted
2019-10-15 17:18:22,032 [grpc-default-executor-3] INFO  impl.RoleInfo (RoleInfo.java:updateAndGet(143)) - dbc121b5-e1e8-4c61-9d50-542b699a3d90: start FollowerState
2019-10-15 17:18:22,032 [grpc-default-executor-0] INFO  impl.RoleInfo (RoleInfo.java:updateAndGet(143)) - ebd8d1f9-8297-450f-abe7-393807ba0c7e: start FollowerState
2019-10-15 17:18:22,057 [79abbc2e-0a90-4a41-a17c-6388bb873359@group-B673650064C9-LeaderElection289] INFO  impl.LeaderElection (LeaderElection.java:logAndReturn(56)) - 79abbc2e-0a90-4a41-a17c-6388bb873359@group-B673650064C9-LeaderElection289: Election REJECTED; received 2 response(s) [79abbc2e-0a90-4a41-a17c-6388bb873359<-ebd8d1f9-8297-450f-abe7-393807ba0c7e#0:FAIL-t332, 79abbc2e-0a90-4a41-a17c-6388bb873359<-dbc121b5-e1e8-4c61-9d50-542b699a3d90#0:FAIL-t332] and 0 exception(s); 79abbc2e-0a90-4a41-a17c-6388bb873359@group-B673650064C9:t332, leader=null, voted=79abbc2e-0a90-4a41-a17c-6388bb873359, raftlog=79abbc2e-0a90-4a41-a17c-6388bb873359@group-B673650064C9-SegmentedRaftLog:OPENED:c-1,f-1,i0, conf=-1: [ebd8d1f9-8297-450f-abe7-393807ba0c7e:192.168.164.239:36510, dbc121b5-e1e8-4c61-9d50-542b699a3d90:192.168.164.239:43140, 79abbc2e-0a90-4a41-a17c-6388bb873359:192.168.164.239:37857], old=null
2019-10-15 17:18:22,057 [79abbc2e-0a90-4a41-a17c-6388bb873359@group-B673650064C9-LeaderElection289] INFO  impl.RaftServerImpl (RaftServerImpl.java:setRole(184)) - 79abbc2e-0a90-4a41-a17c-6388bb873359@group-B673650064C9: changes role from CANDIDATE to FOLLOWER at term 332 for DISCOVERED_A_NEW_TERM
2019-10-15 17:18:22,057 [79abbc2e-0a90-4a41-a17c-6388bb873359@group-B673650064C9-LeaderElection289] INFO  impl.RoleInfo (RoleInfo.java:shutdownLeaderElection(134)) - 79abbc2e-0a90-4a41-a17c-6388bb873359: shutdown LeaderElection
2019-10-15 17:18:22,057 [79abbc2e-0a90-4a41-a17c-6388bb873359@group-B673650064C9-LeaderElection289] INFO  impl.RoleInfo (RoleInfo.java:updateAndGet(143)) - 79abbc2e-0a90-4a41-a17c-6388bb873359: start FollowerState
2019-10-15 17:18:22,181 [Thread-2233] INFO  impl.FollowerState (FollowerState.java:run(108)) - 79abbc2e-0a90-4a41-a17c-6388bb873359@group-B673650064C9-FollowerState: change to CANDIDATE, lastRpcTime:124ms, electionTimeout:124ms
2019-10-15 17:18:22,181 [Thread-2233] INFO  impl.RoleInfo (RoleInfo.java:shutdownFollowerState(121)) - 79abbc2e-0a90-4a41-a17c-6388bb873359: shutdown FollowerState
2019-10-15 17:18:22,182 [Thread-2233] INFO  impl.RaftServerImpl (RaftServerImpl.java:setRole(184)) - 79abbc2e-0a90-4a41-a17c-6388bb873359@group-B673650064C9: changes role from  FOLLOWER to CANDIDATE at term 332 for changeToCandidate
2019-10-15 17:18:22,182 [Thread-2233] INFO  impl.RoleInfo (RoleInfo.java:updateAndGet(143)) - 79abbc2e-0a90-4a41-a17c-6388bb873359: start LeaderElection
2019-10-15 17:18:22,206 [79abbc2e-0a90-4a41-a17c-6388bb873359@group-B673650064C9-LeaderElection290] INFO  impl.LeaderElection (LeaderElection.java:askForVotes(178)) - 79abbc2e-0a90-4a41-a17c-6388bb873359@group-B673650064C9-LeaderElection290: begin an election at term 333 for -1: [ebd8d1f9-8297-450f-abe7-393807ba0c7e:192.168.164.239:36510, dbc121b5-e1e8-4c61-9d50-542b699a3d90:192.168.164.239:43140, 79abbc2e-0a90-4a41-a17c-6388bb873359:192.168.164.239:37857], old=null
2019-10-15 17:18:22,208 [grpc-default-executor-3] INFO  impl.RaftServerImpl (RaftServerImpl.java:setRole(184)) - dbc121b5-e1e8-4c61-9d50-542b699a3d90@group-B673650064C9: changes role from  FOLLOWER to FOLLOWER at term 333 for recognizeCandidate:79abbc2e-0a90-4a41-a17c-6388bb873359
2019-10-15 17:18:22,208 [grpc-default-executor-0] INFO  impl.RaftServerImpl (RaftServerImpl.java:setRole(184)) - ebd8d1f9-8297-450f-abe7-393807ba0c7e@group-B673650064C9: changes role from  FOLLOWER to FOLLOWER at term 333 for recognizeCandidate:79abbc2e-0a90-4a41-a17c-6388bb873359
2019-10-15 17:18:22,208 [grpc-default-executor-3] INFO  impl.RoleInfo (RoleInfo.java:shutdownFollowerState(121)) - dbc121b5-e1e8-4c61-9d50-542b699a3d90: shutdown FollowerState
2019-10-15 17:18:22,208 [grpc-default-executor-0] INFO  impl.RoleInfo (RoleInfo.java:shutdownFollowerState(121)) - ebd8d1f9-8297-450f-abe7-393807ba0c7e: shutdown FollowerState
2019-10-15 17:18:22,208 [Thread-2231] INFO  impl.FollowerState (FollowerState.java:run(117)) - dbc121b5-e1e8-4c61-9d50-542b699a3d90@group-B673650064C9-FollowerState was interrupted: java.lang.InterruptedException: sleep interrupted
2019-10-15 17:18:22,208 [grpc-default-executor-3] INFO  impl.RoleInfo (RoleInfo.java:updateAndGet(143)) - dbc121b5-e1e8-4c61-9d50-542b699a3d90: start FollowerState
2019-10-15 17:18:22,208 [Thread-2232] INFO  impl.FollowerState (FollowerState.java:run(117)) - ebd8d1f9-8297-450f-abe7-393807ba0c7e@group-B673650064C9-FollowerState was interrupted: java.lang.InterruptedException: sleep interrupted
2019-10-15 17:18:22,208 [grpc-default-executor-0] INFO  impl.RoleInfo (RoleInfo.java:updateAndGet(143)) - ebd8d1f9-8297-450f-abe7-393807ba0c7e: start FollowerState
2019-10-15 17:18:22,232 [79abbc2e-0a90-4a41-a17c-6388bb873359@group-B673650064C9-LeaderElection290] INFO  impl.LeaderElection (LeaderElection.java:logAndReturn(56)) - 79abbc2e-0a90-4a41-a17c-6388bb873359@group-B673650064C9-LeaderElection290: Election REJECTED; received 2 response(s) [79abbc2e-0a90-4a41-a17c-6388bb873359<-ebd8d1f9-8297-450f-abe7-393807ba0c7e#0:FAIL-t333, 79abbc2e-0a90-4a41-a17c-6388bb873359<-dbc121b5-e1e8-4c61-9d50-542b699a3d90#0:FAIL-t333] and 0 exception(s); 79abbc2e-0a90-4a41-a17c-6388bb873359@group-B673650064C9:t333, leader=null, voted=79abbc2e-0a90-4a41-a17c-6388bb873359, raftlog=79abbc2e-0a90-4a41-a17c-6388bb873359@group-B673650064C9-SegmentedRaftLog:OPENED:c-1,f-1,i0, conf=-1: [ebd8d1f9-8297-450f-abe7-393807ba0c7e:192.168.164.239:36510, dbc121b5-e1e8-4c61-9d50-542b699a3d90:192.168.164.239:43140, 79abbc2e-0a90-4a41-a17c-6388bb873359:192.168.164.239:37857], old=null
2019-10-15 17:18:22,232 [79abbc2e-0a90-4a41-a17c-6388bb873359@group-B673650064C9-LeaderElection290] INFO  impl.RaftServerImpl (RaftServerImpl.java:setRole(184)) - 79abbc2e-0a90-4a41-a17c-6388bb873359@group-B673650064C9: changes role from CANDIDATE to FOLLOWER at term 333 for DISCOVERED_A_NEW_TERM
2019-10-15 17:18:22,232 [79abbc2e-0a90-4a41-a17c-6388bb873359@group-B673650064C9-LeaderElection290] INFO  impl.RoleInfo (RoleInfo.java:shutdownLeaderElection(134)) - 79abbc2e-0a90-4a41-a17c-6388bb873359: shutdown LeaderElection
2019-10-15 17:18:22,233 [79abbc2e-0a90-4a41-a17c-6388bb873359@group-B673650064C9-LeaderElection290] INFO  impl.RoleInfo (RoleInfo.java:updateAndGet(143)) - 79abbc2e-0a90-4a41-a17c-6388bb873359: start FollowerState
2019-10-15 17:18:22,379 [Thread-2241] INFO  impl.FollowerState (FollowerState.java:run(108)) - 79abbc2e-0a90-4a41-a17c-6388bb873359@group-B673650064C9-FollowerState: change to CANDIDATE, lastRpcTime:146ms, electionTimeout:146ms
2019-10-15 17:18:22,379 [Thread-2241] INFO  impl.RoleInfo (RoleInfo.java:shutdownFollowerState(121)) - 79abbc2e-0a90-4a41-a17c-6388bb873359: shutdown FollowerState
2019-10-15 17:18:22,379 [Thread-2241] INFO  impl.RaftServerImpl (RaftServerImpl.java:setRole(184)) - 79abbc2e-0a90-4a41-a17c-6388bb873359@group-B673650064C9: changes role from  FOLLOWER to CANDIDATE at term 333 for changeToCandidate
2019-10-15 17:18:22,380 [Thread-2241] INFO  impl.RoleInfo (RoleInfo.java:updateAndGet(143)) - 79abbc2e-0a90-4a41-a17c-6388bb873359: start LeaderElection
2019-10-15 17:18:22,422 [79abbc2e-0a90-4a41-a17c-6388bb873359@group-B673650064C9-LeaderElection291] INFO  impl.LeaderElection (LeaderElection.java:askForVotes(178)) - 79abbc2e-0a90-4a41-a17c-6388bb873359@group-B673650064C9-LeaderElection291: begin an election at term 334 for -1: [ebd8d1f9-8297-450f-abe7-393807ba0c7e:192.168.164.239:36510, dbc121b5-e1e8-4c61-9d50-542b699a3d90:192.168.164.239:43140, 79abbc2e-0a90-4a41-a17c-6388bb873359:192.168.164.239:37857], old=null
2019-10-15 17:18:22,425 [grpc-default-executor-3] INFO  impl.RaftServerImpl (RaftServerImpl.java:setRole(184)) - ebd8d1f9-8297-450f-abe7-393807ba0c7e@group-B673650064C9: changes role from  FOLLOWER to FOLLOWER at term 334 for recognizeCandidate:79abbc2e-0a90-4a41-a17c-6388bb873359
2019-10-15 17:18:22,425 [grpc-default-executor-3] INFO  impl.RoleInfo (RoleInfo.java:shutdownFollowerState(121)) - ebd8d1f9-8297-450f-abe7-393807ba0c7e: shutdown FollowerState
2019-10-15 17:18:22,425 [grpc-default-executor-0] INFO  impl.RaftServerImpl (RaftServerImpl.java:setRole(184)) - dbc121b5-e1e8-4c61-9d50-542b699a3d90@group-B673650064C9: changes role from  FOLLOWER to FOLLOWER at term 334 for recognizeCandidate:79abbc2e-0a90-4a41-a17c-6388bb873359
2019-10-15 17:18:22,426 [grpc-default-executor-0] INFO  impl.RoleInfo (RoleInfo.java:shutdownFollowerState(121)) - dbc121b5-e1e8-4c61-9d50-542b699a3d90: shutdown FollowerState
2019-10-15 17:18:22,426 [Thread-2240] INFO  impl.FollowerState (FollowerState.java:run(117)) - ebd8d1f9-8297-450f-abe7-393807ba0c7e@group-B673650064C9-FollowerState was interrupted: java.lang.InterruptedException: sleep interrupted
2019-10-15 17:18:22,426 [grpc-default-executor-3] INFO  impl.RoleInfo (RoleInfo.java:updateAndGet(143)) - ebd8d1f9-8297-450f-abe7-393807ba0c7e: start FollowerState
2019-10-15 17:18:22,426 [Thread-2239] INFO  impl.FollowerState (FollowerState.java:run(117)) - dbc121b5-e1e8-4c61-9d50-542b699a3d90@group-B673650064C9-FollowerState was interrupted: java.lang.InterruptedException: sleep interrupted
2019-10-15 17:18:22,426 [grpc-default-executor-0] INFO  impl.RoleInfo (RoleInfo.java:updateAndGet(143)) - dbc121b5-e1e8-4c61-9d50-542b699a3d90: start FollowerState
2019-10-15 17:18:22,449 [79abbc2e-0a90-4a41-a17c-6388bb873359@group-B673650064C9-LeaderElection291] INFO  impl.LeaderElection (LeaderElection.java:logAndReturn(56)) - 79abbc2e-0a90-4a41-a17c-6388bb873359@group-B673650064C9-LeaderElection291: Election REJECTED; received 2 response(s) [79abbc2e-0a90-4a41-a17c-6388bb873359<-ebd8d1f9-8297-450f-abe7-393807ba0c7e#0:FAIL-t334, 79abbc2e-0a90-4a41-a17c-6388bb873359<-dbc121b5-e1e8-4c61-9d50-542b699a3d90#0:FAIL-t334] and 0 exception(s); 79abbc2e-0a90-4a41-a17c-6388bb873359@group-B673650064C9:t334, leader=null, voted=79abbc2e-0a90-4a41-a17c-6388bb873359, raftlog=79abbc2e-0a90-4a41-a17c-6388bb873359@group-B673650064C9-SegmentedRaftLog:OPENED:c-1,f-1,i0, conf=-1: [ebd8d1f9-8297-450f-abe7-393807ba0c7e:192.168.164.239:36510, dbc121b5-e1e8-4c61-9d50-542b699a3d90:192.168.164.239:43140, 79abbc2e-0a90-4a41-a17c-6388bb873359:192.168.164.239:37857], old=null
2019-10-15 17:18:22,449 [79abbc2e-0a90-4a41-a17c-6388bb873359@group-B673650064C9-LeaderElection291] INFO  impl.RaftServerImpl (RaftServerImpl.java:setRole(184)) - 79abbc2e-0a90-4a41-a17c-6388bb873359@group-B673650064C9: changes role from CANDIDATE to FOLLOWER at term 334 for DISCOVERED_A_NEW_TERM
2019-10-15 17:18:22,449 [79abbc2e-0a90-4a41-a17c-6388bb873359@group-B673650064C9-LeaderElection291] INFO  impl.RoleInfo (RoleInfo.java:shutdownLeaderElection(134)) - 79abbc2e-0a90-4a41-a17c-6388bb873359: shutdown LeaderElection
2019-10-15 17:18:22,449 [79abbc2e-0a90-4a41-a17c-6388bb873359@group-B673650064C9-LeaderElection291] INFO  impl.RoleInfo (RoleInfo.java:updateAndGet(143)) - 79abbc2e-0a90-4a41-a17c-6388bb873359: start FollowerState
2019-10-15 17:18:22,516 [Thread-2247] INFO  impl.FollowerState (FollowerState.java:run(108)) - 79abbc2e-0a90-4a41-a17c-6388bb873359@group-B673650064C9-FollowerState: change to CANDIDATE, lastRpcTime:67ms, electionTimeout:67ms
2019-10-15 17:18:22,516 [Thread-2247] INFO  impl.RoleInfo (RoleInfo.java:shutdownFollowerState(121)) - 79abbc2e-0a90-4a41-a17c-6388bb873359: shutdown FollowerState
2019-10-15 17:18:22,517 [Thread-2247] INFO  impl.RaftServerImpl (RaftServerImpl.java:setRole(184)) - 79abbc2e-0a90-4a41-a17c-6388bb873359@group-B673650064C9: changes role from  FOLLOWER to CANDIDATE at term 334 for changeToCandidate
2019-10-15 17:18:22,517 [Thread-2247] INFO  impl.RoleInfo (RoleInfo.java:updateAndGet(143)) - 79abbc2e-0a90-4a41-a17c-6388bb873359: start LeaderElection
2019-10-15 17:18:22,540 [79abbc2e-0a90-4a41-a17c-6388bb873359@group-B673650064C9-LeaderElection292] INFO  impl.LeaderElection (LeaderElection.java:askForVotes(178)) - 79abbc2e-0a90-4a41-a17c-6388bb873359@group-B673650064C9-LeaderElection292: begin an election at term 335 for -1: [ebd8d1f9-8297-450f-abe7-393807ba0c7e:192.168.164.239:36510, dbc121b5-e1e8-4c61-9d50-542b699a3d90:192.168.164.239:43140, 79abbc2e-0a90-4a41-a17c-6388bb873359:192.168.164.239:37857], old=null
2019-10-15 17:18:22,542 [grpc-default-executor-3] INFO  impl.RaftServerImpl (RaftServerImpl.java:setRole(184)) - ebd8d1f9-8297-450f-abe7-393807ba0c7e@group-B673650064C9: changes role from  FOLLOWER to FOLLOWER at term 335 for recognizeCandidate:79abbc2e-0a90-4a41-a17c-6388bb873359
2019-10-15 17:18:22,542 [grpc-default-executor-0] INFO  impl.RaftServerImpl (RaftServerImpl.java:setRole(184)) - dbc121b5-e1e8-4c61-9d50-542b699a3d90@group-B673650064C9: changes role from  FOLLOWER to FOLLOWER at term 335 for recognizeCandidate:79abbc2e-0a90-4a41-a17c-6388bb873359
2019-10-15 17:18:22,543 [grpc-default-executor-3] INFO  impl.RoleInfo (RoleInfo.java:shutdownFollowerState(121)) - ebd8d1f9-8297-450f-abe7-393807ba0c7e: shutdown FollowerState
2019-10-15 17:18:22,543 [grpc-default-executor-0] INFO  impl.RoleInfo (RoleInfo.java:shutdownFollowerState(121)) - dbc121b5-e1e8-4c61-9d50-542b699a3d90: shutdown FollowerState
2019-10-15 17:18:22,543 [Thread-2245] INFO  impl.FollowerState (FollowerState.java:run(117)) - ebd8d1f9-8297-450f-abe7-393807ba0c7e@group-B673650064C9-FollowerState was interrupted: java.lang.InterruptedException: sleep interrupted
2019-10-15 17:18:22,543 [grpc-default-executor-3] INFO  impl.RoleInfo (RoleInfo.java:updateAndGet(143)) - ebd8d1f9-8297-450f-abe7-393807ba0c7e: start FollowerState
2019-10-15 17:18:22,543 [Thread-2246] INFO  impl.FollowerState (FollowerState.java:run(117)) - dbc121b5-e1e8-4c61-9d50-542b699a3d90@group-B673650064C9-FollowerState was interrupted: java.lang.InterruptedException: sleep interrupted
2019-10-15 17:18:22,543 [grpc-default-executor-0] INFO  impl.RoleInfo (RoleInfo.java:updateAndGet(143)) - dbc121b5-e1e8-4c61-9d50-542b699a3d90: start FollowerState
2019-10-15 17:18:22,566 [79abbc2e-0a90-4a41-a17c-6388bb873359@group-B673650064C9-LeaderElection292] INFO  impl.LeaderElection (LeaderElection.java:logAndReturn(56)) - 79abbc2e-0a90-4a41-a17c-6388bb873359@group-B673650064C9-LeaderElection292: Election REJECTED; received 2 response(s) [79abbc2e-0a90-4a41-a17c-6388bb873359<-ebd8d1f9-8297-450f-abe7-393807ba0c7e#0:FAIL-t335, 79abbc2e-0a90-4a41-a17c-6388bb873359<-dbc121b5-e1e8-4c61-9d50-542b699a3d90#0:FAIL-t335] and 0 exception(s); 79abbc2e-0a90-4a41-a17c-6388bb873359@group-B673650064C9:t335, leader=null, voted=79abbc2e-0a90-4a41-a17c-6388bb873359, raftlog=79abbc2e-0a90-4a41-a17c-6388bb873359@group-B673650064C9-SegmentedRaftLog:OPENED:c-1,f-1,i0, conf=-1: [ebd8d1f9-8297-450f-abe7-393807ba0c7e:192.168.164.239:36510, dbc121b5-e1e8-4c61-9d50-542b699a3d90:192.168.164.239:43140, 79abbc2e-0a90-4a41-a17c-6388bb873359:192.168.164.239:37857], old=null
2019-10-15 17:18:22,566 [79abbc2e-0a90-4a41-a17c-6388bb873359@group-B673650064C9-LeaderElection292] INFO  impl.RaftServerImpl (RaftServerImpl.java:setRole(184)) - 79abbc2e-0a90-4a41-a17c-6388bb873359@group-B673650064C9: changes role from CANDIDATE to FOLLOWER at term 335 for DISCOVERED_A_NEW_TERM
2019-10-15 17:18:22,566 [79abbc2e-0a90-4a41-a17c-6388bb873359@group-B673650064C9-LeaderElection292] INFO  impl.RoleInfo (RoleInfo.java:shutdownLeaderElection(134)) - 79abbc2e-0a90-4a41-a17c-6388bb873359: shutdown LeaderElection
2019-10-15 17:18:22,567 [79abbc2e-0a90-4a41-a17c-6388bb873359@group-B673650064C9-LeaderElection292] INFO  impl.RoleInfo (RoleInfo.java:updateAndGet(143)) - 79abbc2e-0a90-4a41-a17c-6388bb873359: start FollowerState
2019-10-15 17:18:22,580 [Thread-2253] INFO  impl.FollowerState (FollowerState.java:run(108)) - 79abbc2e-0a90-4a41-a17c-6388bb873359@group-B673650064C9-FollowerState: change to CANDIDATE, lastRpcTime:13ms, electionTimeout:13ms
2019-10-15 17:18:22,580 [Thread-2253] INFO  impl.RoleInfo (RoleInfo.java:shutdownFollowerState(121)) - 79abbc2e-0a90-4a41-a17c-6388bb873359: shutdown FollowerState
2019-10-15 17:18:22,580 [Thread-2253] INFO  impl.RaftServerImpl (RaftServerImpl.java:setRole(184)) - 79abbc2e-0a90-4a41-a17c-6388bb873359@group-B673650064C9: changes role from  FOLLOWER to CANDIDATE at term 335 for changeToCandidate
2019-10-15 17:18:22,580 [Thread-2253] INFO  impl.RoleInfo (RoleInfo.java:updateAndGet(143)) - 79abbc2e-0a90-4a41-a17c-6388bb873359: start LeaderElection
2019-10-15 17:18:22,607 [79abbc2e-0a90-4a41-a17c-6388bb873359@group-B673650064C9-LeaderElection293] INFO  impl.LeaderElection (LeaderElection.java:askForVotes(178)) - 79abbc2e-0a90-4a41-a17c-6388bb873359@group-B673650064C9-LeaderElection293: begin an election at term 336 for -1: [ebd8d1f9-8297-450f-abe7-393807ba0c7e:192.168.164.239:36510, dbc121b5-e1e8-4c61-9d50-542b699a3d90:192.168.164.239:43140, 79abbc2e-0a90-4a41-a17c-6388bb873359:192.168.164.239:37857], old=null
2019-10-15 17:18:22,609 [grpc-default-executor-3] INFO  impl.RaftServerImpl (RaftServerImpl.java:setRole(184)) - dbc121b5-e1e8-4c61-9d50-542b699a3d90@group-B673650064C9: changes role from  FOLLOWER to FOLLOWER at term 336 for recognizeCandidate:79abbc2e-0a90-4a41-a17c-6388bb873359
2019-10-15 17:18:22,609 [grpc-default-executor-3] INFO  impl.RoleInfo (RoleInfo.java:shutdownFollowerState(121)) - dbc121b5-e1e8-4c61-9d50-542b699a3d90: shutdown FollowerState
2019-10-15 17:18:22,609 [grpc-default-executor-3] INFO  impl.RoleInfo (RoleInfo.java:updateAndGet(143)) - dbc121b5-e1e8-4c61-9d50-542b699a3d90: start FollowerState
2019-10-15 17:18:22,609 [Thread-2252] INFO  impl.FollowerState (FollowerState.java:run(117)) - dbc121b5-e1e8-4c61-9d50-542b699a3d90@group-B673650064C9-FollowerState was interrupted: java.lang.InterruptedException: sleep interrupted
2019-10-15 17:18:22,609 [grpc-default-executor-0] INFO  impl.RaftServerImpl (RaftServerImpl.java:setRole(184)) - ebd8d1f9-8297-450f-abe7-393807ba0c7e@group-B673650064C9: changes role from  FOLLOWER to FOLLOWER at term 336 for recognizeCandidate:79abbc2e-0a90-4a41-a17c-6388bb873359
2019-10-15 17:18:22,609 [grpc-default-executor-0] INFO  impl.RoleInfo (RoleInfo.java:shutdownFollowerState(121)) - ebd8d1f9-8297-450f-abe7-393807ba0c7e: shutdown FollowerState
2019-10-15 17:18:22,610 [grpc-default-executor-0] INFO  impl.RoleInfo (RoleInfo.java:updateAndGet(143)) - ebd8d1f9-8297-450f-abe7-393807ba0c7e: start FollowerState
2019-10-15 17:18:22,610 [Thread-2251] INFO  impl.FollowerState (FollowerState.java:run(117)) - ebd8d1f9-8297-450f-abe7-393807ba0c7e@group-B673650064C9-FollowerState was interrupted: java.lang.InterruptedException: sleep interrupted
2019-10-15 17:18:22,633 [79abbc2e-0a90-4a41-a17c-6388bb873359@group-B673650064C9-LeaderElection293] INFO  impl.LeaderElection (LeaderElection.java:logAndReturn(56)) - 79abbc2e-0a90-4a41-a17c-6388bb873359@group-B673650064C9-LeaderElection293: Election REJECTED; received 2 response(s) [79abbc2e-0a90-4a41-a17c-6388bb873359<-ebd8d1f9-8297-450f-abe7-393807ba0c7e#0:FAIL-t336, 79abbc2e-0a90-4a41-a17c-6388bb873359<-dbc121b5-e1e8-4c61-9d50-542b699a3d90#0:FAIL-t336] and 0 exception(s); 79abbc2e-0a90-4a41-a17c-6388bb873359@group-B673650064C9:t336, leader=null, voted=79abbc2e-0a90-4a41-a17c-6388bb873359, raftlog=79abbc2e-0a90-4a41-a17c-6388bb873359@group-B673650064C9-SegmentedRaftLog:OPENED:c-1,f-1,i0, conf=-1: [ebd8d1f9-8297-450f-abe7-393807ba0c7e:192.168.164.239:36510, dbc121b5-e1e8-4c61-9d50-542b699a3d90:192.168.164.239:43140, 79abbc2e-0a90-4a41-a17c-6388bb873359:192.168.164.239:37857], old=null
2019-10-15 17:18:22,634 [79abbc2e-0a90-4a41-a17c-6388bb873359@group-B673650064C9-LeaderElection293] INFO  impl.RaftServerImpl (RaftServerImpl.java:setRole(184)) - 79abbc2e-0a90-4a41-a17c-6388bb873359@group-B673650064C9: changes role from CANDIDATE to FOLLOWER at term 336 for DISCOVERED_A_NEW_TERM
2019-10-15 17:18:22,634 [79abbc2e-0a90-4a41-a17c-6388bb873359@group-B673650064C9-LeaderElection293] INFO  impl.RoleInfo (RoleInfo.java:shutdownLeaderElection(134)) - 79abbc2e-0a90-4a41-a17c-6388bb873359: shutdown LeaderElection
2019-10-15 17:18:22,634 [79abbc2e-0a90-4a41-a17c-6388bb873359@group-B673650064C9-LeaderElection293] INFO  impl.RoleInfo (RoleInfo.java:updateAndGet(143)) - 79abbc2e-0a90-4a41-a17c-6388bb873359: start FollowerState
2019-10-15 17:18:22,746 [Thread-2259] INFO  impl.FollowerState (FollowerState.java:run(108)) - 79abbc2e-0a90-4a41-a17c-6388bb873359@group-B673650064C9-FollowerState: change to CANDIDATE, lastRpcTime:112ms, electionTimeout:112ms
2019-10-15 17:18:22,746 [Thread-2259] INFO  impl.RoleInfo (RoleInfo.java:shutdownFollowerState(121)) - 79abbc2e-0a90-4a41-a17c-6388bb873359: shutdown FollowerState
2019-10-15 17:18:22,746 [Thread-2259] INFO  impl.RaftServerImpl (RaftServerImpl.java:setRole(184)) - 79abbc2e-0a90-4a41-a17c-6388bb873359@group-B673650064C9: changes role from  FOLLOWER to CANDIDATE at term 336 for changeToCandidate
2019-10-15 17:18:22,747 [Thread-2259] INFO  impl.RoleInfo (RoleInfo.java:updateAndGet(143)) - 79abbc2e-0a90-4a41-a17c-6388bb873359: start LeaderElection
2019-10-15 17:18:22,776 [79abbc2e-0a90-4a41-a17c-6388bb873359@group-B673650064C9-LeaderElection294] INFO  impl.LeaderElection (LeaderElection.java:askForVotes(178)) - 79abbc2e-0a90-4a41-a17c-6388bb873359@group-B673650064C9-LeaderElection294: begin an election at term 337 for -1: [ebd8d1f9-8297-450f-abe7-393807ba0c7e:192.168.164.239:36510, dbc121b5-e1e8-4c61-9d50-542b699a3d90:192.168.164.239:43140, 79abbc2e-0a90-4a41-a17c-6388bb873359:192.168.164.239:37857], old=null
2019-10-15 17:18:22,778 [grpc-default-executor-3] INFO  impl.RaftServerImpl (RaftServerImpl.java:setRole(184)) - dbc121b5-e1e8-4c61-9d50-542b699a3d90@group-B673650064C9: changes role from  FOLLOWER to FOLLOWER at term 337 for recognizeCandidate:79abbc2e-0a90-4a41-a17c-6388bb873359
2019-10-15 17:18:22,778 [grpc-default-executor-0] INFO  impl.RaftServerImpl (RaftServerImpl.java:setRole(184)) - ebd8d1f9-8297-450f-abe7-393807ba0c7e@group-B673650064C9: changes role from  FOLLOWER to FOLLOWER at term 337 for recognizeCandidate:79abbc2e-0a90-4a41-a17c-6388bb873359
2019-10-15 17:18:22,778 [grpc-default-executor-0] INFO  impl.RoleInfo (RoleInfo.java:shutdownFollowerState(121)) - ebd8d1f9-8297-450f-abe7-393807ba0c7e: shutdown FollowerState
2019-10-15 17:18:22,778 [grpc-default-executor-3] INFO  impl.RoleInfo (RoleInfo.java:shutdownFollowerState(121)) - dbc121b5-e1e8-4c61-9d50-542b699a3d90: shutdown FollowerState
2019-10-15 17:18:22,778 [Thread-2258] INFO  impl.FollowerState (FollowerState.java:run(117)) - ebd8d1f9-8297-450f-abe7-393807ba0c7e@group-B673650064C9-FollowerState was interrupted: java.lang.InterruptedException: sleep interrupted
2019-10-15 17:18:22,778 [grpc-default-executor-0] INFO  impl.RoleInfo (RoleInfo.java:updateAndGet(143)) - ebd8d1f9-8297-450f-abe7-393807ba0c7e: start FollowerState
2019-10-15 17:18:22,778 [Thread-2257] INFO  impl.FollowerState (FollowerState.java:run(117)) - dbc121b5-e1e8-4c61-9d50-542b699a3d90@group-B673650064C9-FollowerState was interrupted: java.lang.InterruptedException: sleep interrupted
2019-10-15 17:18:22,778 [grpc-default-executor-3] INFO  impl.RoleInfo (RoleInfo.java:updateAndGet(143)) - dbc121b5-e1e8-4c61-9d50-542b699a3d90: start FollowerState
2019-10-15 17:18:22,803 [79abbc2e-0a90-4a41-a17c-6388bb873359@group-B673650064C9-LeaderElection294] INFO  impl.LeaderElection (LeaderElection.java:logAndReturn(56)) - 79abbc2e-0a90-4a41-a17c-6388bb873359@group-B673650064C9-LeaderElection294: Election REJECTED; received 2 response(s) [79abbc2e-0a90-4a41-a17c-6388bb873359<-ebd8d1f9-8297-450f-abe7-393807ba0c7e#0:FAIL-t337, 79abbc2e-0a90-4a41-a17c-6388bb873359<-dbc121b5-e1e8-4c61-9d50-542b699a3d90#0:FAIL-t337] and 0 exception(s); 79abbc2e-0a90-4a41-a17c-6388bb873359@group-B673650064C9:t337, leader=null, voted=79abbc2e-0a90-4a41-a17c-6388bb873359, raftlog=79abbc2e-0a90-4a41-a17c-6388bb873359@group-B673650064C9-SegmentedRaftLog:OPENED:c-1,f-1,i0, conf=-1: [ebd8d1f9-8297-450f-abe7-393807ba0c7e:192.168.164.239:36510, dbc121b5-e1e8-4c61-9d50-542b699a3d90:192.168.164.239:43140, 79abbc2e-0a90-4a41-a17c-6388bb873359:192.168.164.239:37857], old=null
2019-10-15 17:18:22,804 [79abbc2e-0a90-4a41-a17c-6388bb873359@group-B673650064C9-LeaderElection294] INFO  impl.RaftServerImpl (RaftServerImpl.java:setRole(184)) - 79abbc2e-0a90-4a41-a17c-6388bb873359@group-B673650064C9: changes role from CANDIDATE to FOLLOWER at term 337 for DISCOVERED_A_NEW_TERM
2019-10-15 17:18:22,804 [79abbc2e-0a90-4a41-a17c-6388bb873359@group-B673650064C9-LeaderElection294] INFO  impl.RoleInfo (RoleInfo.java:shutdownLeaderElection(134)) - 79abbc2e-0a90-4a41-a17c-6388bb873359: shutdown LeaderElection
2019-10-15 17:18:22,804 [79abbc2e-0a90-4a41-a17c-6388bb873359@group-B673650064C9-LeaderElection294] INFO  impl.RoleInfo (RoleInfo.java:updateAndGet(143)) - 79abbc2e-0a90-4a41-a17c-6388bb873359: start FollowerState
2019-10-15 17:18:22,850 [Thread-2265] INFO  impl.FollowerState (FollowerState.java:run(108)) - 79abbc2e-0a90-4a41-a17c-6388bb873359@group-B673650064C9-FollowerState: change to CANDIDATE, lastRpcTime:46ms, electionTimeout:46ms
2019-10-15 17:18:22,850 [Thread-2265] INFO  impl.RoleInfo (RoleInfo.java:shutdownFollowerState(121)) - 79abbc2e-0a90-4a41-a17c-6388bb873359: shutdown FollowerState
2019-10-15 17:18:22,850 [Thread-2265] INFO  impl.RaftServerImpl (RaftServerImpl.java:setRole(184)) - 79abbc2e-0a90-4a41-a17c-6388bb873359@group-B673650064C9: changes role from  FOLLOWER to CANDIDATE at term 337 for changeToCandidate
2019-10-15 17:18:22,851 [Thread-2265] INFO  impl.RoleInfo (RoleInfo.java:updateAndGet(143)) - 79abbc2e-0a90-4a41-a17c-6388bb873359: start LeaderElection
2019-10-15 17:18:22,879 [79abbc2e-0a90-4a41-a17c-6388bb873359@group-B673650064C9-LeaderElection295] INFO  impl.LeaderElection (LeaderElection.java:askForVotes(178)) - 79abbc2e-0a90-4a41-a17c-6388bb873359@group-B673650064C9-LeaderElection295: begin an election at term 338 for -1: [ebd8d1f9-8297-450f-abe7-393807ba0c7e:192.168.164.239:36510, dbc121b5-e1e8-4c61-9d50-542b699a3d90:192.168.164.239:43140, 79abbc2e-0a90-4a41-a17c-6388bb873359:192.168.164.239:37857], old=null
2019-10-15 17:18:22,880 [grpc-default-executor-0] INFO  impl.RaftServerImpl (RaftServerImpl.java:setRole(184)) - ebd8d1f9-8297-450f-abe7-393807ba0c7e@group-B673650064C9: changes role from  FOLLOWER to FOLLOWER at term 338 for recognizeCandidate:79abbc2e-0a90-4a41-a17c-6388bb873359
2019-10-15 17:18:22,880 [grpc-default-executor-0] INFO  impl.RoleInfo (RoleInfo.java:shutdownFollowerState(121)) - ebd8d1f9-8297-450f-abe7-393807ba0c7e: shutdown FollowerState
2019-10-15 17:18:22,880 [grpc-default-executor-3] INFO  impl.RaftServerImpl (RaftServerImpl.java:setRole(184)) - dbc121b5-e1e8-4c61-9d50-542b699a3d90@group-B673650064C9: changes role from  FOLLOWER to FOLLOWER at term 338 for recognizeCandidate:79abbc2e-0a90-4a41-a17c-6388bb873359
2019-10-15 17:18:22,881 [grpc-default-executor-3] INFO  impl.RoleInfo (RoleInfo.java:shutdownFollowerState(121)) - dbc121b5-e1e8-4c61-9d50-542b699a3d90: shutdown FollowerState
2019-10-15 17:18:22,881 [Thread-2263] INFO  impl.FollowerState (FollowerState.java:run(117)) - ebd8d1f9-8297-450f-abe7-393807ba0c7e@group-B673650064C9-FollowerState was interrupted: java.lang.InterruptedException: sleep interrupted
2019-10-15 17:18:22,881 [Thread-2264] INFO  impl.FollowerState (FollowerState.java:run(117)) - dbc121b5-e1e8-4c61-9d50-542b699a3d90@group-B673650064C9-FollowerState was interrupted: java.lang.InterruptedException: sleep interrupted
2019-10-15 17:18:22,881 [grpc-default-executor-0] INFO  impl.RoleInfo (RoleInfo.java:updateAndGet(143)) - ebd8d1f9-8297-450f-abe7-393807ba0c7e: start FollowerState
2019-10-15 17:18:22,881 [grpc-default-executor-3] INFO  impl.RoleInfo (RoleInfo.java:updateAndGet(143)) - dbc121b5-e1e8-4c61-9d50-542b699a3d90: start FollowerState
2019-10-15 17:18:22,897 [79abbc2e-0a90-4a41-a17c-6388bb873359@group-B673650064C9-LeaderElection295] INFO  impl.LeaderElection (LeaderElection.java:logAndReturn(56)) - 79abbc2e-0a90-4a41-a17c-6388bb873359@group-B673650064C9-LeaderElection295: Election REJECTED; received 2 response(s) [79abbc2e-0a90-4a41-a17c-6388bb873359<-ebd8d1f9-8297-450f-abe7-393807ba0c7e#0:FAIL-t338, 79abbc2e-0a90-4a41-a17c-6388bb873359<-dbc121b5-e1e8-4c61-9d50-542b699a3d90#0:FAIL-t338] and 0 exception(s); 79abbc2e-0a90-4a41-a17c-6388bb873359@group-B673650064C9:t338, leader=null, voted=79abbc2e-0a90-4a41-a17c-6388bb873359, raftlog=79abbc2e-0a90-4a41-a17c-6388bb873359@group-B673650064C9-SegmentedRaftLog:OPENED:c-1,f-1,i0, conf=-1: [ebd8d1f9-8297-450f-abe7-393807ba0c7e:192.168.164.239:36510, dbc121b5-e1e8-4c61-9d50-542b699a3d90:192.168.164.239:43140, 79abbc2e-0a90-4a41-a17c-6388bb873359:192.168.164.239:37857], old=null
2019-10-15 17:18:22,897 [79abbc2e-0a90-4a41-a17c-6388bb873359@group-B673650064C9-LeaderElection295] INFO  impl.RaftServerImpl (RaftServerImpl.java:setRole(184)) - 79abbc2e-0a90-4a41-a17c-6388bb873359@group-B673650064C9: changes role from CANDIDATE to FOLLOWER at term 338 for DISCOVERED_A_NEW_TERM
2019-10-15 17:18:22,897 [79abbc2e-0a90-4a41-a17c-6388bb873359@group-B673650064C9-LeaderElection295] INFO  impl.RoleInfo (RoleInfo.java:shutdownLeaderElection(134)) - 79abbc2e-0a90-4a41-a17c-6388bb873359: shutdown LeaderElection
2019-10-15 17:18:22,897 [79abbc2e-0a90-4a41-a17c-6388bb873359@group-B673650064C9-LeaderElection295] INFO  impl.RoleInfo (RoleInfo.java:updateAndGet(143)) - 79abbc2e-0a90-4a41-a17c-6388bb873359: start FollowerState
2019-10-15 17:18:23,053 [Thread-2271] INFO  impl.FollowerState (FollowerState.java:run(108)) - 79abbc2e-0a90-4a41-a17c-6388bb873359@group-B673650064C9-FollowerState: change to CANDIDATE, lastRpcTime:155ms, electionTimeout:155ms
2019-10-15 17:18:23,053 [Thread-2271] INFO  impl.RoleInfo (RoleInfo.java:shutdownFollowerState(121)) - 79abbc2e-0a90-4a41-a17c-6388bb873359: shutdown FollowerState
2019-10-15 17:18:23,053 [Thread-2271] INFO  impl.RaftServerImpl (RaftServerImpl.java:setRole(184)) - 79abbc2e-0a90-4a41-a17c-6388bb873359@group-B673650064C9: changes role from  FOLLOWER to CANDIDATE at term 338 for changeToCandidate
2019-10-15 17:18:23,053 [Thread-2271] INFO  impl.RoleInfo (RoleInfo.java:updateAndGet(143)) - 79abbc2e-0a90-4a41-a17c-6388bb873359: start LeaderElection
2019-10-15 17:18:23,081 [79abbc2e-0a90-4a41-a17c-6388bb873359@group-B673650064C9-LeaderElection296] INFO  impl.LeaderElection (LeaderElection.java:askForVotes(178)) - 79abbc2e-0a90-4a41-a17c-6388bb873359@group-B673650064C9-LeaderElection296: begin an election at term 339 for -1: [ebd8d1f9-8297-450f-abe7-393807ba0c7e:192.168.164.239:36510, dbc121b5-e1e8-4c61-9d50-542b699a3d90:192.168.164.239:43140, 79abbc2e-0a90-4a41-a17c-6388bb873359:192.168.164.239:37857], old=null
2019-10-15 17:18:23,083 [grpc-default-executor-0] INFO  impl.RaftServerImpl (RaftServerImpl.java:setRole(184)) - ebd8d1f9-8297-450f-abe7-393807ba0c7e@group-B673650064C9: changes role from  FOLLOWER to FOLLOWER at term 339 for recognizeCandidate:79abbc2e-0a90-4a41-a17c-6388bb873359
2019-10-15 17:18:23,083 [grpc-default-executor-3] INFO  impl.RaftServerImpl (RaftServerImpl.java:setRole(184)) - dbc121b5-e1e8-4c61-9d50-542b699a3d90@group-B673650064C9: changes role from  FOLLOWER to FOLLOWER at term 339 for recognizeCandidate:79abbc2e-0a90-4a41-a17c-6388bb873359
2019-10-15 17:18:23,083 [grpc-default-executor-3] INFO  impl.RoleInfo (RoleInfo.java:shutdownFollowerState(121)) - dbc121b5-e1e8-4c61-9d50-542b699a3d90: shutdown FollowerState
2019-10-15 17:18:23,083 [grpc-default-executor-0] INFO  impl.RoleInfo (RoleInfo.java:shutdownFollowerState(121)) - ebd8d1f9-8297-450f-abe7-393807ba0c7e: shutdown FollowerState
2019-10-15 17:18:23,083 [Thread-2270] INFO  impl.FollowerState (FollowerState.java:run(117)) - dbc121b5-e1e8-4c61-9d50-542b699a3d90@group-B673650064C9-FollowerState was interrupted: java.lang.InterruptedException: sleep interrupted
2019-10-15 17:18:23,083 [grpc-default-executor-3] INFO  impl.RoleInfo (RoleInfo.java:updateAndGet(143)) - dbc121b5-e1e8-4c61-9d50-542b699a3d90: start FollowerState
2019-10-15 17:18:23,083 [Thread-2269] INFO  impl.FollowerState (FollowerState.java:run(117)) - ebd8d1f9-8297-450f-abe7-393807ba0c7e@group-B673650064C9-FollowerState was interrupted: java.lang.InterruptedException: sleep interrupted
2019-10-15 17:18:23,083 [grpc-default-executor-0] INFO  impl.RoleInfo (RoleInfo.java:updateAndGet(143)) - ebd8d1f9-8297-450f-abe7-393807ba0c7e: start FollowerState
2019-10-15 17:18:23,107 [79abbc2e-0a90-4a41-a17c-6388bb873359@group-B673650064C9-LeaderElection296] INFO  impl.LeaderElection (LeaderElection.java:logAndReturn(56)) - 79abbc2e-0a90-4a41-a17c-6388bb873359@group-B673650064C9-LeaderElection296: Election REJECTED; received 2 response(s) [79abbc2e-0a90-4a41-a17c-6388bb873359<-ebd8d1f9-8297-450f-abe7-393807ba0c7e#0:FAIL-t339, 79abbc2e-0a90-4a41-a17c-6388bb873359<-dbc121b5-e1e8-4c61-9d50-542b699a3d90#0:FAIL-t339] and 0 exception(s); 79abbc2e-0a90-4a41-a17c-6388bb873359@group-B673650064C9:t339, leader=null, voted=79abbc2e-0a90-4a41-a17c-6388bb873359, raftlog=79abbc2e-0a90-4a41-a17c-6388bb873359@group-B673650064C9-SegmentedRaftLog:OPENED:c-1,f-1,i0, conf=-1: [ebd8d1f9-8297-450f-abe7-393807ba0c7e:192.168.164.239:36510, dbc121b5-e1e8-4c61-9d50-542b699a3d90:192.168.164.239:43140, 79abbc2e-0a90-4a41-a17c-6388bb873359:192.168.164.239:37857], old=null
2019-10-15 17:18:23,107 [79abbc2e-0a90-4a41-a17c-6388bb873359@group-B673650064C9-LeaderElection296] INFO  impl.RaftServerImpl (RaftServerImpl.java:setRole(184)) - 79abbc2e-0a90-4a41-a17c-6388bb873359@group-B673650064C9: changes role from CANDIDATE to FOLLOWER at term 339 for DISCOVERED_A_NEW_TERM
2019-10-15 17:18:23,107 [79abbc2e-0a90-4a41-a17c-6388bb873359@group-B673650064C9-LeaderElection296] INFO  impl.RoleInfo (RoleInfo.java:shutdownLeaderElection(134)) - 79abbc2e-0a90-4a41-a17c-6388bb873359: shutdown LeaderElection
2019-10-15 17:18:23,107 [79abbc2e-0a90-4a41-a17c-6388bb873359@group-B673650064C9-LeaderElection296] INFO  impl.RoleInfo (RoleInfo.java:updateAndGet(143)) - 79abbc2e-0a90-4a41-a17c-6388bb873359: start FollowerState
2019-10-15 17:18:23,185 [Thread-2277] INFO  impl.FollowerState (FollowerState.java:run(108)) - 79abbc2e-0a90-4a41-a17c-6388bb873359@group-B673650064C9-FollowerState: change to CANDIDATE, lastRpcTime:78ms, electionTimeout:78ms
2019-10-15 17:18:23,186 [Thread-2277] INFO  impl.RoleInfo (RoleInfo.java:shutdownFollowerState(121)) - 79abbc2e-0a90-4a41-a17c-6388bb873359: shutdown FollowerState
2019-10-15 17:18:23,186 [Thread-2277] INFO  impl.RaftServerImpl (RaftServerImpl.java:setRole(184)) - 79abbc2e-0a90-4a41-a17c-6388bb873359@group-B673650064C9: changes role from  FOLLOWER to CANDIDATE at term 339 for changeToCandidate
2019-10-15 17:18:23,186 [Thread-2277] INFO  impl.RoleInfo (RoleInfo.java:updateAndGet(143)) - 79abbc2e-0a90-4a41-a17c-6388bb873359: start LeaderElection
2019-10-15 17:18:23,215 [79abbc2e-0a90-4a41-a17c-6388bb873359@group-B673650064C9-LeaderElection297] INFO  impl.LeaderElection (LeaderElection.java:askForVotes(178)) - 79abbc2e-0a90-4a41-a17c-6388bb873359@group-B673650064C9-LeaderElection297: begin an election at term 340 for -1: [ebd8d1f9-8297-450f-abe7-393807ba0c7e:192.168.164.239:36510, dbc121b5-e1e8-4c61-9d50-542b699a3d90:192.168.164.239:43140, 79abbc2e-0a90-4a41-a17c-6388bb873359:192.168.164.239:37857], old=null
2019-10-15 17:18:23,216 [grpc-default-executor-0] INFO  impl.RaftServerImpl (RaftServerImpl.java:setRole(184)) - ebd8d1f9-8297-450f-abe7-393807ba0c7e@group-B673650064C9: changes role from  FOLLOWER to FOLLOWER at term 340 for recognizeCandidate:79abbc2e-0a90-4a41-a17c-6388bb873359
2019-10-15 17:18:23,216 [grpc-default-executor-0] INFO  impl.RoleInfo (RoleInfo.java:shutdownFollowerState(121)) - ebd8d1f9-8297-450f-abe7-393807ba0c7e: shutdown FollowerState
2019-10-15 17:18:23,216 [grpc-default-executor-3] INFO  impl.RaftServerImpl (RaftServerImpl.java:setRole(184)) - dbc121b5-e1e8-4c61-9d50-542b699a3d90@group-B673650064C9: changes role from  FOLLOWER to FOLLOWER at term 340 for recognizeCandidate:79abbc2e-0a90-4a41-a17c-6388bb873359
2019-10-15 17:18:23,217 [grpc-default-executor-3] INFO  impl.RoleInfo (RoleInfo.java:shutdownFollowerState(121)) - dbc121b5-e1e8-4c61-9d50-542b699a3d90: shutdown FollowerState
2019-10-15 17:18:23,217 [Thread-2276] INFO  impl.FollowerState (FollowerState.java:run(117)) - ebd8d1f9-8297-450f-abe7-393807ba0c7e@group-B673650064C9-FollowerState was interrupted: java.lang.InterruptedException: sleep interrupted
2019-10-15 17:18:23,217 [grpc-default-executor-0] INFO  impl.RoleInfo (RoleInfo.java:updateAndGet(143)) - ebd8d1f9-8297-450f-abe7-393807ba0c7e: start FollowerState
2019-10-15 17:18:23,217 [Thread-2275] INFO  impl.FollowerState (FollowerState.java:run(117)) - dbc121b5-e1e8-4c61-9d50-542b699a3d90@group-B673650064C9-FollowerState was interrupted: java.lang.InterruptedException: sleep interrupted
2019-10-15 17:18:23,217 [grpc-default-executor-3] INFO  impl.RoleInfo (RoleInfo.java:updateAndGet(143)) - dbc121b5-e1e8-4c61-9d50-542b699a3d90: start FollowerState
2019-10-15 17:18:23,241 [79abbc2e-0a90-4a41-a17c-6388bb873359@group-B673650064C9-LeaderElection297] INFO  impl.LeaderElection (LeaderElection.java:logAndReturn(56)) - 79abbc2e-0a90-4a41-a17c-6388bb873359@group-B673650064C9-LeaderElection297: Election REJECTED; received 2 response(s) [79abbc2e-0a90-4a41-a17c-6388bb873359<-ebd8d1f9-8297-450f-abe7-393807ba0c7e#0:FAIL-t340, 79abbc2e-0a90-4a41-a17c-6388bb873359<-dbc121b5-e1e8-4c61-9d50-542b699a3d90#0:FAIL-t340] and 0 exception(s); 79abbc2e-0a90-4a41-a17c-6388bb873359@group-B673650064C9:t340, leader=null, voted=79abbc2e-0a90-4a41-a17c-6388bb873359, raftlog=79abbc2e-0a90-4a41-a17c-6388bb873359@group-B673650064C9-SegmentedRaftLog:OPENED:c-1,f-1,i0, conf=-1: [ebd8d1f9-8297-450f-abe7-393807ba0c7e:192.168.164.239:36510, dbc121b5-e1e8-4c61-9d50-542b699a3d90:192.168.164.239:43140, 79abbc2e-0a90-4a41-a17c-6388bb873359:192.168.164.239:37857], old=null
2019-10-15 17:18:23,241 [79abbc2e-0a90-4a41-a17c-6388bb873359@group-B673650064C9-LeaderElection297] INFO  impl.RaftServerImpl (RaftServerImpl.java:setRole(184)) - 79abbc2e-0a90-4a41-a17c-6388bb873359@group-B673650064C9: changes role from CANDIDATE to FOLLOWER at term 340 for DISCOVERED_A_NEW_TERM
2019-10-15 17:18:23,241 [79abbc2e-0a90-4a41-a17c-6388bb873359@group-B673650064C9-LeaderElection297] INFO  impl.RoleInfo (RoleInfo.java:shutdownLeaderElection(134)) - 79abbc2e-0a90-4a41-a17c-6388bb873359: shutdown LeaderElection
2019-10-15 17:18:23,241 [79abbc2e-0a90-4a41-a17c-6388bb873359@group-B673650064C9-LeaderElection297] INFO  impl.RoleInfo (RoleInfo.java:updateAndGet(143)) - 79abbc2e-0a90-4a41-a17c-6388bb873359: start FollowerState
2019-10-15 17:18:23,435 [Thread-2285] INFO  impl.FollowerState (FollowerState.java:run(108)) - 79abbc2e-0a90-4a41-a17c-6388bb873359@group-B673650064C9-FollowerState: change to CANDIDATE, lastRpcTime:194ms, electionTimeout:194ms
2019-10-15 17:18:23,436 [Thread-2285] INFO  impl.RoleInfo (RoleInfo.java:shutdownFollowerState(121)) - 79abbc2e-0a90-4a41-a17c-6388bb873359: shutdown FollowerState
2019-10-15 17:18:23,436 [Thread-2285] INFO  impl.RaftServerImpl (RaftServerImpl.java:setRole(184)) - 79abbc2e-0a90-4a41-a17c-6388bb873359@group-B673650064C9: changes role from  FOLLOWER to CANDIDATE at term 340 for changeToCandidate
2019-10-15 17:18:23,436 [Thread-2285] INFO  impl.RoleInfo (RoleInfo.java:updateAndGet(143)) - 79abbc2e-0a90-4a41-a17c-6388bb873359: start LeaderElection
2019-10-15 17:18:23,474 [79abbc2e-0a90-4a41-a17c-6388bb873359@group-B673650064C9-LeaderElection298] INFO  impl.LeaderElection (LeaderElection.java:askForVotes(178)) - 79abbc2e-0a90-4a41-a17c-6388bb873359@group-B673650064C9-LeaderElection298: begin an election at term 341 for -1: [ebd8d1f9-8297-450f-abe7-393807ba0c7e:192.168.164.239:36510, dbc121b5-e1e8-4c61-9d50-542b699a3d90:192.168.164.239:43140, 79abbc2e-0a90-4a41-a17c-6388bb873359:192.168.164.239:37857], old=null
2019-10-15 17:18:23,475 [grpc-default-executor-0] INFO  impl.RaftServerImpl (RaftServerImpl.java:setRole(184)) - ebd8d1f9-8297-450f-abe7-393807ba0c7e@group-B673650064C9: changes role from  FOLLOWER to FOLLOWER at term 341 for recognizeCandidate:79abbc2e-0a90-4a41-a17c-6388bb873359
2019-10-15 17:18:23,475 [grpc-default-executor-0] INFO  impl.RoleInfo (RoleInfo.java:shutdownFollowerState(121)) - ebd8d1f9-8297-450f-abe7-393807ba0c7e: shutdown FollowerState
2019-10-15 17:18:23,475 [grpc-default-executor-3] INFO  impl.RaftServerImpl (RaftServerImpl.java:setRole(184)) - dbc121b5-e1e8-4c61-9d50-542b699a3d90@group-B673650064C9: changes role from  FOLLOWER to FOLLOWER at term 341 for recognizeCandidate:79abbc2e-0a90-4a41-a17c-6388bb873359
2019-10-15 17:18:23,476 [grpc-default-executor-0] INFO  impl.RoleInfo (RoleInfo.java:updateAndGet(143)) - ebd8d1f9-8297-450f-abe7-393807ba0c7e: start FollowerState
2019-10-15 17:18:23,476 [Thread-2283] INFO  impl.FollowerState (FollowerState.java:run(117)) - ebd8d1f9-8297-450f-abe7-393807ba0c7e@group-B673650064C9-FollowerState was interrupted: java.lang.InterruptedException: sleep interrupted
2019-10-15 17:18:23,476 [grpc-default-executor-3] INFO  impl.RoleInfo (RoleInfo.java:shutdownFollowerState(121)) - dbc121b5-e1e8-4c61-9d50-542b699a3d90: shutdown FollowerState
2019-10-15 17:18:23,476 [grpc-default-executor-3] INFO  impl.RoleInfo (RoleInfo.java:updateAndGet(143)) - dbc121b5-e1e8-4c61-9d50-542b699a3d90: start FollowerState
2019-10-15 17:18:23,476 [Thread-2284] INFO  impl.FollowerState (FollowerState.java:run(117)) - dbc121b5-e1e8-4c61-9d50-542b699a3d90@group-B673650064C9-FollowerState was interrupted: java.lang.InterruptedException: sleep interrupted
2019-10-15 17:18:23,500 [79abbc2e-0a90-4a41-a17c-6388bb873359@group-B673650064C9-LeaderElection298] INFO  impl.LeaderElection (LeaderElection.java:logAndReturn(56)) - 79abbc2e-0a90-4a41-a17c-6388bb873359@group-B673650064C9-LeaderElection298: Election REJECTED; received 2 response(s) [79abbc2e-0a90-4a41-a17c-6388bb873359<-ebd8d1f9-8297-450f-abe7-393807ba0c7e#0:FAIL-t341, 79abbc2e-0a90-4a41-a17c-6388bb873359<-dbc121b5-e1e8-4c61-9d50-542b699a3d90#0:FAIL-t341] and 0 exception(s); 79abbc2e-0a90-4a41-a17c-6388bb873359@group-B673650064C9:t341, leader=null, voted=79abbc2e-0a90-4a41-a17c-6388bb873359, raftlog=79abbc2e-0a90-4a41-a17c-6388bb873359@group-B673650064C9-SegmentedRaftLog:OPENED:c-1,f-1,i0, conf=-1: [ebd8d1f9-8297-450f-abe7-393807ba0c7e:192.168.164.239:36510, dbc121b5-e1e8-4c61-9d50-542b699a3d90:192.168.164.239:43140, 79abbc2e-0a90-4a41-a17c-6388bb873359:192.168.164.239:37857], old=null
2019-10-15 17:18:23,500 [79abbc2e-0a90-4a41-a17c-6388bb873359@group-B673650064C9-LeaderElection298] INFO  impl.RaftServerImpl (RaftServerImpl.java:setRole(184)) - 79abbc2e-0a90-4a41-a17c-6388bb873359@group-B673650064C9: changes role from CANDIDATE to FOLLOWER at term 341 for DISCOVERED_A_NEW_TERM
2019-10-15 17:18:23,500 [79abbc2e-0a90-4a41-a17c-6388bb873359@group-B673650064C9-LeaderElection298] INFO  impl.RoleInfo (RoleInfo.java:shutdownLeaderElection(134)) - 79abbc2e-0a90-4a41-a17c-6388bb873359: shutdown LeaderElection
2019-10-15 17:18:23,500 [79abbc2e-0a90-4a41-a17c-6388bb873359@group-B673650064C9-LeaderElection298] INFO  impl.RoleInfo (RoleInfo.java:updateAndGet(143)) - 79abbc2e-0a90-4a41-a17c-6388bb873359: start FollowerState
2019-10-15 17:18:23,671 [Thread-2291] INFO  impl.FollowerState (FollowerState.java:run(108)) - 79abbc2e-0a90-4a41-a17c-6388bb873359@group-B673650064C9-FollowerState: change to CANDIDATE, lastRpcTime:170ms, electionTimeout:170ms
2019-10-15 17:18:23,671 [Thread-2291] INFO  impl.RoleInfo (RoleInfo.java:shutdownFollowerState(121)) - 79abbc2e-0a90-4a41-a17c-6388bb873359: shutdown FollowerState
2019-10-15 17:18:23,671 [Thread-2291] INFO  impl.RaftServerImpl (RaftServerImpl.java:setRole(184)) - 79abbc2e-0a90-4a41-a17c-6388bb873359@group-B673650064C9: changes role from  FOLLOWER to CANDIDATE at term 341 for changeToCandidate
2019-10-15 17:18:23,671 [Thread-2291] INFO  impl.RoleInfo (RoleInfo.java:updateAndGet(143)) - 79abbc2e-0a90-4a41-a17c-6388bb873359: start LeaderElection
2019-10-15 17:18:23,699 [79abbc2e-0a90-4a41-a17c-6388bb873359@group-B673650064C9-LeaderElection299] INFO  impl.LeaderElection (LeaderElection.java:askForVotes(178)) - 79abbc2e-0a90-4a41-a17c-6388bb873359@group-B673650064C9-LeaderElection299: begin an election at term 342 for -1: [ebd8d1f9-8297-450f-abe7-393807ba0c7e:192.168.164.239:36510, dbc121b5-e1e8-4c61-9d50-542b699a3d90:192.168.164.239:43140, 79abbc2e-0a90-4a41-a17c-6388bb873359:192.168.164.239:37857], old=null
2019-10-15 17:18:23,702 [grpc-default-executor-0] INFO  impl.RaftServerImpl (RaftServerImpl.java:setRole(184)) - ebd8d1f9-8297-450f-abe7-393807ba0c7e@group-B673650064C9: changes role from  FOLLOWER to FOLLOWER at term 342 for recognizeCandidate:79abbc2e-0a90-4a41-a17c-6388bb873359
2019-10-15 17:18:23,702 [grpc-default-executor-3] INFO  impl.RaftServerImpl (RaftServerImpl.java:setRole(184)) - dbc121b5-e1e8-4c61-9d50-542b699a3d90@group-B673650064C9: changes role from  FOLLOWER to FOLLOWER at term 342 for recognizeCandidate:79abbc2e-0a90-4a41-a17c-6388bb873359
2019-10-15 17:18:23,702 [grpc-default-executor-0] INFO  impl.RoleInfo (RoleInfo.java:shutdownFollowerState(121)) - ebd8d1f9-8297-450f-abe7-393807ba0c7e: shutdown FollowerState
2019-10-15 17:18:23,702 [grpc-default-executor-3] INFO  impl.RoleInfo (RoleInfo.java:shutdownFollowerState(121)) - dbc121b5-e1e8-4c61-9d50-542b699a3d90: shutdown FollowerState
2019-10-15 17:18:23,702 [Thread-2289] INFO  impl.FollowerState (FollowerState.java:run(117)) - ebd8d1f9-8297-450f-abe7-393807ba0c7e@group-B673650064C9-FollowerState was interrupted: java.lang.InterruptedException: sleep interrupted
2019-10-15 17:18:23,702 [grpc-default-executor-0] INFO  impl.RoleInfo (RoleInfo.java:updateAndGet(143)) - ebd8d1f9-8297-450f-abe7-393807ba0c7e: start FollowerState
2019-10-15 17:18:23,702 [Thread-2290] INFO  impl.FollowerState (FollowerState.java:run(117)) - dbc121b5-e1e8-4c61-9d50-542b699a3d90@group-B673650064C9-FollowerState was interrupted: java.lang.InterruptedException: sleep interrupted
2019-10-15 17:18:23,702 [grpc-default-executor-3] INFO  impl.RoleInfo (RoleInfo.java:updateAndGet(143)) - dbc121b5-e1e8-4c61-9d50-542b699a3d90: start FollowerState
2019-10-15 17:18:23,732 [79abbc2e-0a90-4a41-a17c-6388bb873359@group-B673650064C9-LeaderElection299] INFO  impl.LeaderElection (LeaderElection.java:logAndReturn(56)) - 79abbc2e-0a90-4a41-a17c-6388bb873359@group-B673650064C9-LeaderElection299: Election TIMEOUT; received 0 response(s) [] and 0 exception(s); 79abbc2e-0a90-4a41-a17c-6388bb873359@group-B673650064C9:t342, leader=null, voted=79abbc2e-0a90-4a41-a17c-6388bb873359, raftlog=79abbc2e-0a90-4a41-a17c-6388bb873359@group-B673650064C9-SegmentedRaftLog:OPENED:c-1,f-1,i0, conf=-1: [ebd8d1f9-8297-450f-abe7-393807ba0c7e:192.168.164.239:36510, dbc121b5-e1e8-4c61-9d50-542b699a3d90:192.168.164.239:43140, 79abbc2e-0a90-4a41-a17c-6388bb873359:192.168.164.239:37857], old=null
2019-10-15 17:18:23,758 [79abbc2e-0a90-4a41-a17c-6388bb873359@group-B673650064C9-LeaderElection299] INFO  impl.LeaderElection (LeaderElection.java:askForVotes(178)) - 79abbc2e-0a90-4a41-a17c-6388bb873359@group-B673650064C9-LeaderElection299: begin an election at term 343 for -1: [ebd8d1f9-8297-450f-abe7-393807ba0c7e:192.168.164.239:36510, dbc121b5-e1e8-4c61-9d50-542b699a3d90:192.168.164.239:43140, 79abbc2e-0a90-4a41-a17c-6388bb873359:192.168.164.239:37857], old=null
2019-10-15 17:18:23,760 [grpc-default-executor-0] INFO  impl.RaftServerImpl (RaftServerImpl.java:setRole(184)) - ebd8d1f9-8297-450f-abe7-393807ba0c7e@group-B673650064C9: changes role from  FOLLOWER to FOLLOWER at term 343 for recognizeCandidate:79abbc2e-0a90-4a41-a17c-6388bb873359
2019-10-15 17:18:23,760 [grpc-default-executor-3] INFO  impl.RaftServerImpl (RaftServerImpl.java:setRole(184)) - dbc121b5-e1e8-4c61-9d50-542b699a3d90@group-B673650064C9: changes role from  FOLLOWER to FOLLOWER at term 343 for recognizeCandidate:79abbc2e-0a90-4a41-a17c-6388bb873359
2019-10-15 17:18:23,760 [grpc-default-executor-3] INFO  impl.RoleInfo (RoleInfo.java:shutdownFollowerState(121)) - dbc121b5-e1e8-4c61-9d50-542b699a3d90: shutdown FollowerState
2019-10-15 17:18:23,760 [grpc-default-executor-0] INFO  impl.RoleInfo (RoleInfo.java:shutdownFollowerState(121)) - ebd8d1f9-8297-450f-abe7-393807ba0c7e: shutdown FollowerState
2019-10-15 17:18:23,760 [Thread-2296] INFO  impl.FollowerState (FollowerState.java:run(117)) - dbc121b5-e1e8-4c61-9d50-542b699a3d90@group-B673650064C9-FollowerState was interrupted: java.lang.InterruptedException: sleep interrupted
2019-10-15 17:18:23,760 [grpc-default-executor-3] INFO  impl.RoleInfo (RoleInfo.java:updateAndGet(143)) - dbc121b5-e1e8-4c61-9d50-542b699a3d90: start FollowerState
2019-10-15 17:18:23,761 [Thread-2295] INFO  impl.FollowerState (FollowerState.java:run(117)) - ebd8d1f9-8297-450f-abe7-393807ba0c7e@group-B673650064C9-FollowerState was interrupted: java.lang.InterruptedException: sleep interrupted
2019-10-15 17:18:23,761 [grpc-default-executor-0] INFO  impl.RoleInfo (RoleInfo.java:updateAndGet(143)) - ebd8d1f9-8297-450f-abe7-393807ba0c7e: start FollowerState
2019-10-15 17:18:23,784 [79abbc2e-0a90-4a41-a17c-6388bb873359@group-B673650064C9-LeaderElection299] INFO  impl.LeaderElection (LeaderElection.java:logAndReturn(56)) - 79abbc2e-0a90-4a41-a17c-6388bb873359@group-B673650064C9-LeaderElection299: Election REJECTED; received 2 response(s) [79abbc2e-0a90-4a41-a17c-6388bb873359<-ebd8d1f9-8297-450f-abe7-393807ba0c7e#0:FAIL-t343, 79abbc2e-0a90-4a41-a17c-6388bb873359<-dbc121b5-e1e8-4c61-9d50-542b699a3d90#0:FAIL-t343] and 0 exception(s); 79abbc2e-0a90-4a41-a17c-6388bb873359@group-B673650064C9:t343, leader=null, voted=79abbc2e-0a90-4a41-a17c-6388bb873359, raftlog=79abbc2e-0a90-4a41-a17c-6388bb873359@group-B673650064C9-SegmentedRaftLog:OPENED:c-1,f-1,i0, conf=-1: [ebd8d1f9-8297-450f-abe7-393807ba0c7e:192.168.164.239:36510, dbc121b5-e1e8-4c61-9d50-542b699a3d90:192.168.164.239:43140, 79abbc2e-0a90-4a41-a17c-6388bb873359:192.168.164.239:37857], old=null
2019-10-15 17:18:23,785 [79abbc2e-0a90-4a41-a17c-6388bb873359@group-B673650064C9-LeaderElection299] INFO  impl.RaftServerImpl (RaftServerImpl.java:setRole(184)) - 79abbc2e-0a90-4a41-a17c-6388bb873359@group-B673650064C9: changes role from CANDIDATE to FOLLOWER at term 343 for DISCOVERED_A_NEW_TERM
2019-10-15 17:18:23,785 [79abbc2e-0a90-4a41-a17c-6388bb873359@group-B673650064C9-LeaderElection299] INFO  impl.RoleInfo (RoleInfo.java:shutdownLeaderElection(134)) - 79abbc2e-0a90-4a41-a17c-6388bb873359: shutdown LeaderElection
2019-10-15 17:18:23,785 [79abbc2e-0a90-4a41-a17c-6388bb873359@group-B673650064C9-LeaderElection299] INFO  impl.RoleInfo (RoleInfo.java:updateAndGet(143)) - 79abbc2e-0a90-4a41-a17c-6388bb873359: start FollowerState
2019-10-15 17:18:23,914 [Thread-2301] INFO  impl.FollowerState (FollowerState.java:run(108)) - 79abbc2e-0a90-4a41-a17c-6388bb873359@group-B673650064C9-FollowerState: change to CANDIDATE, lastRpcTime:129ms, electionTimeout:129ms
2019-10-15 17:18:23,914 [Thread-2301] INFO  impl.RoleInfo (RoleInfo.java:shutdownFollowerState(121)) - 79abbc2e-0a90-4a41-a17c-6388bb873359: shutdown FollowerState
2019-10-15 17:18:23,915 [Thread-2301] INFO  impl.RaftServerImpl (RaftServerImpl.java:setRole(184)) - 79abbc2e-0a90-4a41-a17c-6388bb873359@group-B673650064C9: changes role from  FOLLOWER to CANDIDATE at term 343 for changeToCandidate
2019-10-15 17:18:23,915 [Thread-2301] INFO  impl.RoleInfo (RoleInfo.java:updateAndGet(143)) - 79abbc2e-0a90-4a41-a17c-6388bb873359: start LeaderElection
2019-10-15 17:18:23,943 [79abbc2e-0a90-4a41-a17c-6388bb873359@group-B673650064C9-LeaderElection300] INFO  impl.LeaderElection (LeaderElection.java:askForVotes(178)) - 79abbc2e-0a90-4a41-a17c-6388bb873359@group-B673650064C9-LeaderElection300: begin an election at term 344 for -1: [ebd8d1f9-8297-450f-abe7-393807ba0c7e:192.168.164.239:36510, dbc121b5-e1e8-4c61-9d50-542b699a3d90:192.168.164.239:43140, 79abbc2e-0a90-4a41-a17c-6388bb873359:192.168.164.239:37857], old=null
2019-10-15 17:18:23,946 [grpc-default-executor-3] INFO  impl.RaftServerImpl (RaftServerImpl.java:setRole(184)) - ebd8d1f9-8297-450f-abe7-393807ba0c7e@group-B673650064C9: changes role from  FOLLOWER to FOLLOWER at term 344 for recognizeCandidate:79abbc2e-0a90-4a41-a17c-6388bb873359
2019-10-15 17:18:23,946 [grpc-default-executor-0] INFO  impl.RaftServerImpl (RaftServerImpl.java:setRole(184)) - dbc121b5-e1e8-4c61-9d50-542b699a3d90@group-B673650064C9: changes role from  FOLLOWER to FOLLOWER at term 344 for recognizeCandidate:79abbc2e-0a90-4a41-a17c-6388bb873359
2019-10-15 17:18:23,946 [grpc-default-executor-3] INFO  impl.RoleInfo (RoleInfo.java:shutdownFollowerState(121)) - ebd8d1f9-8297-450f-abe7-393807ba0c7e: shutdown FollowerState
2019-10-15 17:18:23,946 [grpc-default-executor-0] INFO  impl.RoleInfo (RoleInfo.java:shutdownFollowerState(121)) - dbc121b5-e1e8-4c61-9d50-542b699a3d90: shutdown FollowerState
2019-10-15 17:18:23,946 [Thread-2300] INFO  impl.FollowerState (FollowerState.java:run(117)) - ebd8d1f9-8297-450f-abe7-393807ba0c7e@group-B673650064C9-FollowerState was interrupted: java.lang.InterruptedException: sleep interrupted
2019-10-15 17:18:23,946 [Thread-2299] INFO  impl.FollowerState (FollowerState.java:run(117)) - dbc121b5-e1e8-4c61-9d50-542b699a3d90@group-B673650064C9-FollowerState was interrupted: java.lang.InterruptedException: sleep interrupted
2019-10-15 17:18:23,946 [grpc-default-executor-3] INFO  impl.RoleInfo (RoleInfo.java:updateAndGet(143)) - ebd8d1f9-8297-450f-abe7-393807ba0c7e: start FollowerState
2019-10-15 17:18:23,946 [grpc-default-executor-0] INFO  impl.RoleInfo (RoleInfo.java:updateAndGet(143)) - dbc121b5-e1e8-4c61-9d50-542b699a3d90: start FollowerState
2019-10-15 17:18:23,963 [79abbc2e-0a90-4a41-a17c-6388bb873359@group-B673650064C9-LeaderElection300] INFO  impl.LeaderElection (LeaderElection.java:logAndReturn(56)) - 79abbc2e-0a90-4a41-a17c-6388bb873359@group-B673650064C9-LeaderElection300: Election REJECTED; received 2 response(s) [79abbc2e-0a90-4a41-a17c-6388bb873359<-ebd8d1f9-8297-450f-abe7-393807ba0c7e#0:FAIL-t344, 79abbc2e-0a90-4a41-a17c-6388bb873359<-dbc121b5-e1e8-4c61-9d50-542b699a3d90#0:FAIL-t344] and 0 exception(s); 79abbc2e-0a90-4a41-a17c-6388bb873359@group-B673650064C9:t344, leader=null, voted=79abbc2e-0a90-4a41-a17c-6388bb873359, raftlog=79abbc2e-0a90-4a41-a17c-6388bb873359@group-B673650064C9-SegmentedRaftLog:OPENED:c-1,f-1,i0, conf=-1: [ebd8d1f9-8297-450f-abe7-393807ba0c7e:192.168.164.239:36510, dbc121b5-e1e8-4c61-9d50-542b699a3d90:192.168.164.239:43140, 79abbc2e-0a90-4a41-a17c-6388bb873359:192.168.164.239:37857], old=null
2019-10-15 17:18:23,963 [79abbc2e-0a90-4a41-a17c-6388bb873359@group-B673650064C9-LeaderElection300] INFO  impl.RaftServerImpl (RaftServerImpl.java:setRole(184)) - 79abbc2e-0a90-4a41-a17c-6388bb873359@group-B673650064C9: changes role from CANDIDATE to FOLLOWER at term 344 for DISCOVERED_A_NEW_TERM
2019-10-15 17:18:23,963 [79abbc2e-0a90-4a41-a17c-6388bb873359@group-B673650064C9-LeaderElection300] INFO  impl.RoleInfo (RoleInfo.java:shutdownLeaderElection(134)) - 79abbc2e-0a90-4a41-a17c-6388bb873359: shutdown LeaderElection
2019-10-15 17:18:23,963 [79abbc2e-0a90-4a41-a17c-6388bb873359@group-B673650064C9-LeaderElection300] INFO  impl.RoleInfo (RoleInfo.java:updateAndGet(143)) - 79abbc2e-0a90-4a41-a17c-6388bb873359: start FollowerState
2019-10-15 17:18:24,079 [Thread-2307] INFO  impl.FollowerState (FollowerState.java:run(108)) - 79abbc2e-0a90-4a41-a17c-6388bb873359@group-B673650064C9-FollowerState: change to CANDIDATE, lastRpcTime:115ms, electionTimeout:115ms
2019-10-15 17:18:24,079 [Thread-2307] INFO  impl.RoleInfo (RoleInfo.java:shutdownFollowerState(121)) - 79abbc2e-0a90-4a41-a17c-6388bb873359: shutdown FollowerState
2019-10-15 17:18:24,079 [Thread-2307] INFO  impl.RaftServerImpl (RaftServerImpl.java:setRole(184)) - 79abbc2e-0a90-4a41-a17c-6388bb873359@group-B673650064C9: changes role from  FOLLOWER to CANDIDATE at term 344 for changeToCandidate
2019-10-15 17:18:24,079 [Thread-2307] INFO  impl.RoleInfo (RoleInfo.java:updateAndGet(143)) - 79abbc2e-0a90-4a41-a17c-6388bb873359: start LeaderElection
2019-10-15 17:18:24,106 [79abbc2e-0a90-4a41-a17c-6388bb873359@group-B673650064C9-LeaderElection301] INFO  impl.LeaderElection (LeaderElection.java:askForVotes(178)) - 79abbc2e-0a90-4a41-a17c-6388bb873359@group-B673650064C9-LeaderElection301: begin an election at term 345 for -1: [ebd8d1f9-8297-450f-abe7-393807ba0c7e:192.168.164.239:36510, dbc121b5-e1e8-4c61-9d50-542b699a3d90:192.168.164.239:43140, 79abbc2e-0a90-4a41-a17c-6388bb873359:192.168.164.239:37857], old=null
2019-10-15 17:18:24,107 [grpc-default-executor-0] INFO  impl.RaftServerImpl (RaftServerImpl.java:setRole(184)) - dbc121b5-e1e8-4c61-9d50-542b699a3d90@group-B673650064C9: changes role from  FOLLOWER to FOLLOWER at term 345 for recognizeCandidate:79abbc2e-0a90-4a41-a17c-6388bb873359
2019-10-15 17:18:24,107 [grpc-default-executor-3] INFO  impl.RaftServerImpl (RaftServerImpl.java:setRole(184)) - ebd8d1f9-8297-450f-abe7-393807ba0c7e@group-B673650064C9: changes role from  FOLLOWER to FOLLOWER at term 345 for recognizeCandidate:79abbc2e-0a90-4a41-a17c-6388bb873359
2019-10-15 17:18:24,108 [grpc-default-executor-0] INFO  impl.RoleInfo (RoleInfo.java:shutdownFollowerState(121)) - dbc121b5-e1e8-4c61-9d50-542b699a3d90: shutdown FollowerState
2019-10-15 17:18:24,108 [grpc-default-executor-3] INFO  impl.RoleInfo (RoleInfo.java:shutdownFollowerState(121)) - ebd8d1f9-8297-450f-abe7-393807ba0c7e: shutdown FollowerState
2019-10-15 17:18:24,108 [Thread-2306] INFO  impl.FollowerState (FollowerState.java:run(117)) - dbc121b5-e1e8-4c61-9d50-542b699a3d90@group-B673650064C9-FollowerState was interrupted: java.lang.InterruptedException: sleep interrupted
2019-10-15 17:18:24,108 [grpc-default-executor-0] INFO  impl.RoleInfo (RoleInfo.java:updateAndGet(143)) - dbc121b5-e1e8-4c61-9d50-542b699a3d90: start FollowerState
2019-10-15 17:18:24,108 [Thread-2305] INFO  impl.FollowerState (FollowerState.java:run(117)) - ebd8d1f9-8297-450f-abe7-393807ba0c7e@group-B673650064C9-FollowerState was interrupted: java.lang.InterruptedException: sleep interrupted
2019-10-15 17:18:24,108 [grpc-default-executor-3] INFO  impl.RoleInfo (RoleInfo.java:updateAndGet(143)) - ebd8d1f9-8297-450f-abe7-393807ba0c7e: start FollowerState
2019-10-15 17:18:24,124 [79abbc2e-0a90-4a41-a17c-6388bb873359@group-B673650064C9-LeaderElection301] INFO  impl.LeaderElection (LeaderElection.java:logAndReturn(56)) - 79abbc2e-0a90-4a41-a17c-6388bb873359@group-B673650064C9-LeaderElection301: Election REJECTED; received 2 response(s) [79abbc2e-0a90-4a41-a17c-6388bb873359<-ebd8d1f9-8297-450f-abe7-393807ba0c7e#0:FAIL-t345, 79abbc2e-0a90-4a41-a17c-6388bb873359<-dbc121b5-e1e8-4c61-9d50-542b699a3d90#0:FAIL-t345] and 0 exception(s); 79abbc2e-0a90-4a41-a17c-6388bb873359@group-B673650064C9:t345, leader=null, voted=79abbc2e-0a90-4a41-a17c-6388bb873359, raftlog=79abbc2e-0a90-4a41-a17c-6388bb873359@group-B673650064C9-SegmentedRaftLog:OPENED:c-1,f-1,i0, conf=-1: [ebd8d1f9-8297-450f-abe7-393807ba0c7e:192.168.164.239:36510, dbc121b5-e1e8-4c61-9d50-542b699a3d90:192.168.164.239:43140, 79abbc2e-0a90-4a41-a17c-6388bb873359:192.168.164.239:37857], old=null
2019-10-15 17:18:24,124 [79abbc2e-0a90-4a41-a17c-6388bb873359@group-B673650064C9-LeaderElection301] INFO  impl.RaftServerImpl (RaftServerImpl.java:setRole(184)) - 79abbc2e-0a90-4a41-a17c-6388bb873359@group-B673650064C9: changes role from CANDIDATE to FOLLOWER at term 345 for DISCOVERED_A_NEW_TERM
2019-10-15 17:18:24,124 [79abbc2e-0a90-4a41-a17c-6388bb873359@group-B673650064C9-LeaderElection301] INFO  impl.RoleInfo (RoleInfo.java:shutdownLeaderElection(134)) - 79abbc2e-0a90-4a41-a17c-6388bb873359: shutdown LeaderElection
2019-10-15 17:18:24,124 [79abbc2e-0a90-4a41-a17c-6388bb873359@group-B673650064C9-LeaderElection301] INFO  impl.RoleInfo (RoleInfo.java:updateAndGet(143)) - 79abbc2e-0a90-4a41-a17c-6388bb873359: start FollowerState
2019-10-15 17:18:24,135 [Thread-2313] INFO  impl.FollowerState (FollowerState.java:run(108)) - 79abbc2e-0a90-4a41-a17c-6388bb873359@group-B673650064C9-FollowerState: change to CANDIDATE, lastRpcTime:10ms, electionTimeout:10ms
2019-10-15 17:18:24,135 [Thread-2313] INFO  impl.RoleInfo (RoleInfo.java:shutdownFollowerState(121)) - 79abbc2e-0a90-4a41-a17c-6388bb873359: shutdown FollowerState
2019-10-15 17:18:24,135 [Thread-2313] INFO  impl.RaftServerImpl (RaftServerImpl.java:setRole(184)) - 79abbc2e-0a90-4a41-a17c-6388bb873359@group-B673650064C9: changes role from  FOLLOWER to CANDIDATE at term 345 for changeToCandidate
2019-10-15 17:18:24,135 [Thread-2313] INFO  impl.RoleInfo (RoleInfo.java:updateAndGet(143)) - 79abbc2e-0a90-4a41-a17c-6388bb873359: start LeaderElection
2019-10-15 17:18:24,157 [79abbc2e-0a90-4a41-a17c-6388bb873359@group-B673650064C9-LeaderElection302] INFO  impl.LeaderElection (LeaderElection.java:askForVotes(178)) - 79abbc2e-0a90-4a41-a17c-6388bb873359@group-B673650064C9-LeaderElection302: begin an election at term 346 for -1: [ebd8d1f9-8297-450f-abe7-393807ba0c7e:192.168.164.239:36510, dbc121b5-e1e8-4c61-9d50-542b699a3d90:192.168.164.239:43140, 79abbc2e-0a90-4a41-a17c-6388bb873359:192.168.164.239:37857], old=null
2019-10-15 17:18:24,159 [grpc-default-executor-3] INFO  impl.RaftServerImpl (RaftServerImpl.java:setRole(184)) - ebd8d1f9-8297-450f-abe7-393807ba0c7e@group-B673650064C9: changes role from  FOLLOWER to FOLLOWER at term 346 for recognizeCandidate:79abbc2e-0a90-4a41-a17c-6388bb873359
2019-10-15 17:18:24,159 [grpc-default-executor-3] INFO  impl.RoleInfo (RoleInfo.java:shutdownFollowerState(121)) - ebd8d1f9-8297-450f-abe7-393807ba0c7e: shutdown FollowerState
2019-10-15 17:18:24,159 [grpc-default-executor-1] INFO  impl.RaftServerImpl (RaftServerImpl.java:setRole(184)) - dbc121b5-e1e8-4c61-9d50-542b699a3d90@group-B673650064C9: changes role from  FOLLOWER to FOLLOWER at term 346 for recognizeCandidate:79abbc2e-0a90-4a41-a17c-6388bb873359
2019-10-15 17:18:24,159 [Thread-2312] INFO  impl.FollowerState (FollowerState.java:run(117)) - ebd8d1f9-8297-450f-abe7-393807ba0c7e@group-B673650064C9-FollowerState was interrupted: java.lang.InterruptedException: sleep interrupted
2019-10-15 17:18:24,159 [grpc-default-executor-3] INFO  impl.RoleInfo (RoleInfo.java:updateAndGet(143)) - ebd8d1f9-8297-450f-abe7-393807ba0c7e: start FollowerState
2019-10-15 17:18:24,159 [grpc-default-executor-1] INFO  impl.RoleInfo (RoleInfo.java:shutdownFollowerState(121)) - dbc121b5-e1e8-4c61-9d50-542b699a3d90: shutdown FollowerState
2019-10-15 17:18:24,159 [grpc-default-executor-1] INFO  impl.RoleInfo (RoleInfo.java:updateAndGet(143)) - dbc121b5-e1e8-4c61-9d50-542b699a3d90: start FollowerState
2019-10-15 17:18:24,159 [Thread-2311] INFO  impl.FollowerState (FollowerState.java:run(117)) - dbc121b5-e1e8-4c61-9d50-542b699a3d90@group-B673650064C9-FollowerState was interrupted: java.lang.InterruptedException: sleep interrupted
2019-10-15 17:18:24,184 [79abbc2e-0a90-4a41-a17c-6388bb873359@group-B673650064C9-LeaderElection302] INFO  impl.LeaderElection (LeaderElection.java:logAndReturn(56)) - 79abbc2e-0a90-4a41-a17c-6388bb873359@group-B673650064C9-LeaderElection302: Election TIMEOUT; received 1 response(s) [79abbc2e-0a90-4a41-a17c-6388bb873359<-dbc121b5-e1e8-4c61-9d50-542b699a3d90#0:FAIL-t346] and 0 exception(s); 79abbc2e-0a90-4a41-a17c-6388bb873359@group-B673650064C9:t346, leader=null, voted=79abbc2e-0a90-4a41-a17c-6388bb873359, raftlog=79abbc2e-0a90-4a41-a17c-6388bb873359@group-B673650064C9-SegmentedRaftLog:OPENED:c-1,f-1,i0, conf=-1: [ebd8d1f9-8297-450f-abe7-393807ba0c7e:192.168.164.239:36510, dbc121b5-e1e8-4c61-9d50-542b699a3d90:192.168.164.239:43140, 79abbc2e-0a90-4a41-a17c-6388bb873359:192.168.164.239:37857], old=null
2019-10-15 17:18:24,200 [79abbc2e-0a90-4a41-a17c-6388bb873359@group-B673650064C9-LeaderElection302] INFO  impl.LeaderElection (LeaderElection.java:askForVotes(178)) - 79abbc2e-0a90-4a41-a17c-6388bb873359@group-B673650064C9-LeaderElection302: begin an election at term 347 for -1: [ebd8d1f9-8297-450f-abe7-393807ba0c7e:192.168.164.239:36510, dbc121b5-e1e8-4c61-9d50-542b699a3d90:192.168.164.239:43140, 79abbc2e-0a90-4a41-a17c-6388bb873359:192.168.164.239:37857], old=null
2019-10-15 17:18:24,202 [grpc-default-executor-1] INFO  impl.RaftServerImpl (RaftServerImpl.java:setRole(184)) - ebd8d1f9-8297-450f-abe7-393807ba0c7e@group-B673650064C9: changes role from  FOLLOWER to FOLLOWER at term 347 for recognizeCandidate:79abbc2e-0a90-4a41-a17c-6388bb873359
2019-10-15 17:18:24,202 [grpc-default-executor-1] INFO  impl.RoleInfo (RoleInfo.java:shutdownFollowerState(121)) - ebd8d1f9-8297-450f-abe7-393807ba0c7e: shutdown FollowerState
2019-10-15 17:18:24,202 [grpc-default-executor-3] INFO  impl.RaftServerImpl (RaftServerImpl.java:setRole(184)) - dbc121b5-e1e8-4c61-9d50-542b699a3d90@group-B673650064C9: changes role from  FOLLOWER to FOLLOWER at term 347 for recognizeCandidate:79abbc2e-0a90-4a41-a17c-6388bb873359
2019-10-15 17:18:24,202 [grpc-default-executor-3] INFO  impl.RoleInfo (RoleInfo.java:shutdownFollowerState(121)) - dbc121b5-e1e8-4c61-9d50-542b699a3d90: shutdown FollowerState
2019-10-15 17:18:24,202 [Thread-2318] INFO  impl.FollowerState (FollowerState.java:run(117)) - ebd8d1f9-8297-450f-abe7-393807ba0c7e@group-B673650064C9-FollowerState was interrupted: java.lang.InterruptedException: sleep interrupted
2019-10-15 17:18:24,202 [grpc-default-executor-1] INFO  impl.RoleInfo (RoleInfo.java:updateAndGet(143)) - ebd8d1f9-8297-450f-abe7-393807ba0c7e: start FollowerState
2019-10-15 17:18:24,202 [Thread-2320] INFO  impl.FollowerState (FollowerState.java:run(117)) - dbc121b5-e1e8-4c61-9d50-542b699a3d90@group-B673650064C9-FollowerState was interrupted: java.lang.InterruptedException: sleep interrupted
2019-10-15 17:18:24,202 [grpc-default-executor-3] INFO  impl.RoleInfo (RoleInfo.java:updateAndGet(143)) - dbc121b5-e1e8-4c61-9d50-542b699a3d90: start FollowerState
2019-10-15 17:18:24,218 [79abbc2e-0a90-4a41-a17c-6388bb873359@group-B673650064C9-LeaderElection302] INFO  impl.LeaderElection (LeaderElection.java:logAndReturn(56)) - 79abbc2e-0a90-4a41-a17c-6388bb873359@group-B673650064C9-LeaderElection302: Election REJECTED; received 2 response(s) [79abbc2e-0a90-4a41-a17c-6388bb873359<-ebd8d1f9-8297-450f-abe7-393807ba0c7e#0:FAIL-t347, 79abbc2e-0a90-4a41-a17c-6388bb873359<-dbc121b5-e1e8-4c61-9d50-542b699a3d90#0:FAIL-t347] and 0 exception(s); 79abbc2e-0a90-4a41-a17c-6388bb873359@group-B673650064C9:t347, leader=null, voted=79abbc2e-0a90-4a41-a17c-6388bb873359, raftlog=79abbc2e-0a90-4a41-a17c-6388bb873359@group-B673650064C9-SegmentedRaftLog:OPENED:c-1,f-1,i0, conf=-1: [ebd8d1f9-8297-450f-abe7-393807ba0c7e:192.168.164.239:36510, dbc121b5-e1e8-4c61-9d50-542b699a3d90:192.168.164.239:43140, 79abbc2e-0a90-4a41-a17c-6388bb873359:192.168.164.239:37857], old=null
2019-10-15 17:18:24,218 [79abbc2e-0a90-4a41-a17c-6388bb873359@group-B673650064C9-LeaderElection302] INFO  impl.RaftServerImpl (RaftServerImpl.java:setRole(184)) - 79abbc2e-0a90-4a41-a17c-6388bb873359@group-B673650064C9: changes role from CANDIDATE to FOLLOWER at term 347 for DISCOVERED_A_NEW_TERM
2019-10-15 17:18:24,218 [79abbc2e-0a90-4a41-a17c-6388bb873359@group-B673650064C9-LeaderElection302] INFO  impl.RoleInfo (RoleInfo.java:shutdownLeaderElection(134)) - 79abbc2e-0a90-4a41-a17c-6388bb873359: shutdown LeaderElection
2019-10-15 17:18:24,218 [79abbc2e-0a90-4a41-a17c-6388bb873359@group-B673650064C9-LeaderElection302] INFO  impl.RoleInfo (RoleInfo.java:updateAndGet(143)) - 79abbc2e-0a90-4a41-a17c-6388bb873359: start FollowerState
2019-10-15 17:18:24,288 [Thread-2325] INFO  impl.FollowerState (FollowerState.java:run(108)) - 79abbc2e-0a90-4a41-a17c-6388bb873359@group-B673650064C9-FollowerState: change to CANDIDATE, lastRpcTime:69ms, electionTimeout:69ms
2019-10-15 17:18:24,288 [Thread-2325] INFO  impl.RoleInfo (RoleInfo.java:shutdownFollowerState(121)) - 79abbc2e-0a90-4a41-a17c-6388bb873359: shutdown FollowerState
2019-10-15 17:18:24,288 [Thread-2325] INFO  impl.RaftServerImpl (RaftServerImpl.java:setRole(184)) - 79abbc2e-0a90-4a41-a17c-6388bb873359@group-B673650064C9: changes role from  FOLLOWER to CANDIDATE at term 347 for changeToCandidate
2019-10-15 17:18:24,288 [Thread-2325] INFO  impl.RoleInfo (RoleInfo.java:updateAndGet(143)) - 79abbc2e-0a90-4a41-a17c-6388bb873359: start LeaderElection
2019-10-15 17:18:24,303 [79abbc2e-0a90-4a41-a17c-6388bb873359@group-B673650064C9-LeaderElection303] INFO  impl.LeaderElection (LeaderElection.java:askForVotes(178)) - 79abbc2e-0a90-4a41-a17c-6388bb873359@group-B673650064C9-LeaderElection303: begin an election at term 348 for -1: [ebd8d1f9-8297-450f-abe7-393807ba0c7e:192.168.164.239:36510, dbc121b5-e1e8-4c61-9d50-542b699a3d90:192.168.164.239:43140, 79abbc2e-0a90-4a41-a17c-6388bb873359:192.168.164.239:37857], old=null
2019-10-15 17:18:24,304 [grpc-default-executor-1] INFO  impl.RaftServerImpl (RaftServerImpl.java:setRole(184)) - dbc121b5-e1e8-4c61-9d50-542b699a3d90@group-B673650064C9: changes role from  FOLLOWER to FOLLOWER at term 348 for recognizeCandidate:79abbc2e-0a90-4a41-a17c-6388bb873359
2019-10-15 17:18:24,304 [grpc-default-executor-3] INFO  impl.RaftServerImpl (RaftServerImpl.java:setRole(184)) - ebd8d1f9-8297-450f-abe7-393807ba0c7e@group-B673650064C9: changes role from  FOLLOWER to FOLLOWER at term 348 for recognizeCandidate:79abbc2e-0a90-4a41-a17c-6388bb873359
2019-10-15 17:18:24,305 [grpc-default-executor-1] INFO  impl.RoleInfo (RoleInfo.java:shutdownFollowerState(121)) - dbc121b5-e1e8-4c61-9d50-542b699a3d90: shutdown FollowerState
2019-10-15 17:18:24,305 [grpc-default-executor-3] INFO  impl.RoleInfo (RoleInfo.java:shutdownFollowerState(121)) - ebd8d1f9-8297-450f-abe7-393807ba0c7e: shutdown FollowerState
2019-10-15 17:18:24,305 [grpc-default-executor-1] INFO  impl.RoleInfo (RoleInfo.java:updateAndGet(143)) - dbc121b5-e1e8-4c61-9d50-542b699a3d90: start FollowerState
2019-10-15 17:18:24,305 [Thread-2323] INFO  impl.FollowerState (FollowerState.java:run(117)) - ebd8d1f9-8297-450f-abe7-393807ba0c7e@group-B673650064C9-FollowerState was interrupted: java.lang.InterruptedException: sleep interrupted
2019-10-15 17:18:24,305 [grpc-default-executor-3] INFO  impl.RoleInfo (RoleInfo.java:updateAndGet(143)) - ebd8d1f9-8297-450f-abe7-393807ba0c7e: start FollowerState
2019-10-15 17:18:24,305 [Thread-2324] INFO  impl.FollowerState (FollowerState.java:run(117)) - dbc121b5-e1e8-4c61-9d50-542b699a3d90@group-B673650064C9-FollowerState was interrupted: java.lang.InterruptedException: sleep interrupted
2019-10-15 17:18:24,331 [79abbc2e-0a90-4a41-a17c-6388bb873359@group-B673650064C9-LeaderElection303] INFO  impl.LeaderElection (LeaderElection.java:logAndReturn(56)) - 79abbc2e-0a90-4a41-a17c-6388bb873359@group-B673650064C9-LeaderElection303: Election REJECTED; received 2 response(s) [79abbc2e-0a90-4a41-a17c-6388bb873359<-ebd8d1f9-8297-450f-abe7-393807ba0c7e#0:FAIL-t348, 79abbc2e-0a90-4a41-a17c-6388bb873359<-dbc121b5-e1e8-4c61-9d50-542b699a3d90#0:FAIL-t348] and 0 exception(s); 79abbc2e-0a90-4a41-a17c-6388bb873359@group-B673650064C9:t348, leader=null, voted=79abbc2e-0a90-4a41-a17c-6388bb873359, raftlog=79abbc2e-0a90-4a41-a17c-6388bb873359@group-B673650064C9-SegmentedRaftLog:OPENED:c-1,f-1,i0, conf=-1: [ebd8d1f9-8297-450f-abe7-393807ba0c7e:192.168.164.239:36510, dbc121b5-e1e8-4c61-9d50-542b699a3d90:192.168.164.239:43140, 79abbc2e-0a90-4a41-a17c-6388bb873359:192.168.164.239:37857], old=null
2019-10-15 17:18:24,331 [79abbc2e-0a90-4a41-a17c-6388bb873359@group-B673650064C9-LeaderElection303] INFO  impl.RaftServerImpl (RaftServerImpl.java:setRole(184)) - 79abbc2e-0a90-4a41-a17c-6388bb873359@group-B673650064C9: changes role from CANDIDATE to FOLLOWER at term 348 for DISCOVERED_A_NEW_TERM
2019-10-15 17:18:24,331 [79abbc2e-0a90-4a41-a17c-6388bb873359@group-B673650064C9-LeaderElection303] INFO  impl.RoleInfo (RoleInfo.java:shutdownLeaderElection(134)) - 79abbc2e-0a90-4a41-a17c-6388bb873359: shutdown LeaderElection
2019-10-15 17:18:24,331 [79abbc2e-0a90-4a41-a17c-6388bb873359@group-B673650064C9-LeaderElection303] INFO  impl.RoleInfo (RoleInfo.java:updateAndGet(143)) - 79abbc2e-0a90-4a41-a17c-6388bb873359: start FollowerState
2019-10-15 17:18:24,501 [Thread-2331] INFO  impl.FollowerState (FollowerState.java:run(108)) - 79abbc2e-0a90-4a41-a17c-6388bb873359@group-B673650064C9-FollowerState: change to CANDIDATE, lastRpcTime:170ms, electionTimeout:170ms
2019-10-15 17:18:24,501 [Thread-2331] INFO  impl.RoleInfo (RoleInfo.java:shutdownFollowerState(121)) - 79abbc2e-0a90-4a41-a17c-6388bb873359: shutdown FollowerState
2019-10-15 17:18:24,501 [Thread-2331] INFO  impl.RaftServerImpl (RaftServerImpl.java:setRole(184)) - 79abbc2e-0a90-4a41-a17c-6388bb873359@group-B673650064C9: changes role from  FOLLOWER to CANDIDATE at term 348 for changeToCandidate
2019-10-15 17:18:24,502 [Thread-2331] INFO  impl.RoleInfo (RoleInfo.java:updateAndGet(143)) - 79abbc2e-0a90-4a41-a17c-6388bb873359: start LeaderElection
2019-10-15 17:18:24,524 [79abbc2e-0a90-4a41-a17c-6388bb873359@group-B673650064C9-LeaderElection304] INFO  impl.LeaderElection (LeaderElection.java:askForVotes(178)) - 79abbc2e-0a90-4a41-a17c-6388bb873359@group-B673650064C9-LeaderElection304: begin an election at term 349 for -1: [ebd8d1f9-8297-450f-abe7-393807ba0c7e:192.168.164.239:36510, dbc121b5-e1e8-4c61-9d50-542b699a3d90:192.168.164.239:43140, 79abbc2e-0a90-4a41-a17c-6388bb873359:192.168.164.239:37857], old=null
2019-10-15 17:18:24,525 [grpc-default-executor-3] INFO  impl.RaftServerImpl (RaftServerImpl.java:setRole(184)) - ebd8d1f9-8297-450f-abe7-393807ba0c7e@group-B673650064C9: changes role from  FOLLOWER to FOLLOWER at term 349 for recognizeCandidate:79abbc2e-0a90-4a41-a17c-6388bb873359
2019-10-15 17:18:24,525 [grpc-default-executor-1] INFO  impl.RaftServerImpl (RaftServerImpl.java:setRole(184)) - dbc121b5-e1e8-4c61-9d50-542b699a3d90@group-B673650064C9: changes role from  FOLLOWER to FOLLOWER at term 349 for recognizeCandidate:79abbc2e-0a90-4a41-a17c-6388bb873359
2019-10-15 17:18:24,525 [grpc-default-executor-3] INFO  impl.RoleInfo (RoleInfo.java:shutdownFollowerState(121)) - ebd8d1f9-8297-450f-abe7-393807ba0c7e: shutdown FollowerState
2019-10-15 17:18:24,525 [grpc-default-executor-1] INFO  impl.RoleInfo (RoleInfo.java:shutdownFollowerState(121)) - dbc121b5-e1e8-4c61-9d50-542b699a3d90: shutdown FollowerState
2019-10-15 17:18:24,526 [Thread-2330] INFO  impl.FollowerState (FollowerState.java:run(117)) - ebd8d1f9-8297-450f-abe7-393807ba0c7e@group-B673650064C9-FollowerState was interrupted: java.lang.InterruptedException: sleep interrupted
2019-10-15 17:18:24,526 [grpc-default-executor-3] INFO  impl.RoleInfo (RoleInfo.java:updateAndGet(143)) - ebd8d1f9-8297-450f-abe7-393807ba0c7e: start FollowerState
2019-10-15 17:18:24,526 [Thread-2329] INFO  impl.FollowerState (FollowerState.java:run(117)) - dbc121b5-e1e8-4c61-9d50-542b699a3d90@group-B673650064C9-FollowerState was interrupted: java.lang.InterruptedException: sleep interrupted
2019-10-15 17:18:24,526 [grpc-default-executor-1] INFO  impl.RoleInfo (RoleInfo.java:updateAndGet(143)) - dbc121b5-e1e8-4c61-9d50-542b699a3d90: start FollowerState
2019-10-15 17:18:24,542 [79abbc2e-0a90-4a41-a17c-6388bb873359@group-B673650064C9-LeaderElection304] INFO  impl.LeaderElection (LeaderElection.java:logAndReturn(56)) - 79abbc2e-0a90-4a41-a17c-6388bb873359@group-B673650064C9-LeaderElection304: Election REJECTED; received 2 response(s) [79abbc2e-0a90-4a41-a17c-6388bb873359<-ebd8d1f9-8297-450f-abe7-393807ba0c7e#0:FAIL-t349, 79abbc2e-0a90-4a41-a17c-6388bb873359<-dbc121b5-e1e8-4c61-9d50-542b699a3d90#0:FAIL-t349] and 0 exception(s); 79abbc2e-0a90-4a41-a17c-6388bb873359@group-B673650064C9:t349, leader=null, voted=79abbc2e-0a90-4a41-a17c-6388bb873359, raftlog=79abbc2e-0a90-4a41-a17c-6388bb873359@group-B673650064C9-SegmentedRaftLog:OPENED:c-1,f-1,i0, conf=-1: [ebd8d1f9-8297-450f-abe7-393807ba0c7e:192.168.164.239:36510, dbc121b5-e1e8-4c61-9d50-542b699a3d90:192.168.164.239:43140, 79abbc2e-0a90-4a41-a17c-6388bb873359:192.168.164.239:37857], old=null
2019-10-15 17:18:24,542 [79abbc2e-0a90-4a41-a17c-6388bb873359@group-B673650064C9-LeaderElection304] INFO  impl.RaftServerImpl (RaftServerImpl.java:setRole(184)) - 79abbc2e-0a90-4a41-a17c-6388bb873359@group-B673650064C9: changes role from CANDIDATE to FOLLOWER at term 349 for DISCOVERED_A_NEW_TERM
2019-10-15 17:18:24,542 [79abbc2e-0a90-4a41-a17c-6388bb873359@group-B673650064C9-LeaderElection304] INFO  impl.RoleInfo (RoleInfo.java:shutdownLeaderElection(134)) - 79abbc2e-0a90-4a41-a17c-6388bb873359: shutdown LeaderElection
2019-10-15 17:18:24,542 [79abbc2e-0a90-4a41-a17c-6388bb873359@group-B673650064C9-LeaderElection304] INFO  impl.RoleInfo (RoleInfo.java:updateAndGet(143)) - 79abbc2e-0a90-4a41-a17c-6388bb873359: start FollowerState
2019-10-15 17:18:24,637 [Thread-2337] INFO  impl.FollowerState (FollowerState.java:run(108)) - 79abbc2e-0a90-4a41-a17c-6388bb873359@group-B673650064C9-FollowerState: change to CANDIDATE, lastRpcTime:95ms, electionTimeout:95ms
2019-10-15 17:18:24,637 [Thread-2337] INFO  impl.RoleInfo (RoleInfo.java:shutdownFollowerState(121)) - 79abbc2e-0a90-4a41-a17c-6388bb873359: shutdown FollowerState
2019-10-15 17:18:24,637 [Thread-2337] INFO  impl.RaftServerImpl (RaftServerImpl.java:setRole(184)) - 79abbc2e-0a90-4a41-a17c-6388bb873359@group-B673650064C9: changes role from  FOLLOWER to CANDIDATE at term 349 for changeToCandidate
2019-10-15 17:18:24,638 [Thread-2337] INFO  impl.RoleInfo (RoleInfo.java:updateAndGet(143)) - 79abbc2e-0a90-4a41-a17c-6388bb873359: start LeaderElection
2019-10-15 17:18:24,659 [79abbc2e-0a90-4a41-a17c-6388bb873359@group-B673650064C9-LeaderElection305] INFO  impl.LeaderElection (LeaderElection.java:askForVotes(178)) - 79abbc2e-0a90-4a41-a17c-6388bb873359@group-B673650064C9-LeaderElection305: begin an election at term 350 for -1: [ebd8d1f9-8297-450f-abe7-393807ba0c7e:192.168.164.239:36510, dbc121b5-e1e8-4c61-9d50-542b699a3d90:192.168.164.239:43140, 79abbc2e-0a90-4a41-a17c-6388bb873359:192.168.164.239:37857], old=null
2019-10-15 17:18:24,660 [grpc-default-executor-3] INFO  impl.RaftServerImpl (RaftServerImpl.java:setRole(184)) - dbc121b5-e1e8-4c61-9d50-542b699a3d90@group-B673650064C9: changes role from  FOLLOWER to FOLLOWER at term 350 for recognizeCandidate:79abbc2e-0a90-4a41-a17c-6388bb873359
2019-10-15 17:18:24,660 [grpc-default-executor-1] INFO  impl.RaftServerImpl (RaftServerImpl.java:setRole(184)) - ebd8d1f9-8297-450f-abe7-393807ba0c7e@group-B673650064C9: changes role from  FOLLOWER to FOLLOWER at term 350 for recognizeCandidate:79abbc2e-0a90-4a41-a17c-6388bb873359
2019-10-15 17:18:24,660 [grpc-default-executor-3] INFO  impl.RoleInfo (RoleInfo.java:shutdownFollowerState(121)) - dbc121b5-e1e8-4c61-9d50-542b699a3d90: shutdown FollowerState
2019-10-15 17:18:24,661 [grpc-default-executor-1] INFO  impl.RoleInfo (RoleInfo.java:shutdownFollowerState(121)) - ebd8d1f9-8297-450f-abe7-393807ba0c7e: shutdown FollowerState
2019-10-15 17:18:24,661 [Thread-2336] INFO  impl.FollowerState (FollowerState.java:run(117)) - dbc121b5-e1e8-4c61-9d50-542b699a3d90@group-B673650064C9-FollowerState was interrupted: java.lang.InterruptedException: sleep interrupted
2019-10-15 17:18:24,661 [Thread-2335] INFO  impl.FollowerState (FollowerState.java:run(117)) - ebd8d1f9-8297-450f-abe7-393807ba0c7e@group-B673650064C9-FollowerState was interrupted: java.lang.InterruptedException: sleep interrupted
2019-10-15 17:18:24,661 [grpc-default-executor-3] INFO  impl.RoleInfo (RoleInfo.java:updateAndGet(143)) - dbc121b5-e1e8-4c61-9d50-542b699a3d90: start FollowerState
2019-10-15 17:18:24,661 [grpc-default-executor-1] INFO  impl.RoleInfo (RoleInfo.java:updateAndGet(143)) - ebd8d1f9-8297-450f-abe7-393807ba0c7e: start FollowerState
2019-10-15 17:18:24,686 [79abbc2e-0a90-4a41-a17c-6388bb873359@group-B673650064C9-LeaderElection305] INFO  impl.LeaderElection (LeaderElection.java:logAndReturn(56)) - 79abbc2e-0a90-4a41-a17c-6388bb873359@group-B673650064C9-LeaderElection305: Election REJECTED; received 2 response(s) [79abbc2e-0a90-4a41-a17c-6388bb873359<-ebd8d1f9-8297-450f-abe7-393807ba0c7e#0:FAIL-t350, 79abbc2e-0a90-4a41-a17c-6388bb873359<-dbc121b5-e1e8-4c61-9d50-542b699a3d90#0:FAIL-t350] and 0 exception(s); 79abbc2e-0a90-4a41-a17c-6388bb873359@group-B673650064C9:t350, leader=null, voted=79abbc2e-0a90-4a41-a17c-6388bb873359, raftlog=79abbc2e-0a90-4a41-a17c-6388bb873359@group-B673650064C9-SegmentedRaftLog:OPENED:c-1,f-1,i0, conf=-1: [ebd8d1f9-8297-450f-abe7-393807ba0c7e:192.168.164.239:36510, dbc121b5-e1e8-4c61-9d50-542b699a3d90:192.168.164.239:43140, 79abbc2e-0a90-4a41-a17c-6388bb873359:192.168.164.239:37857], old=null
2019-10-15 17:18:24,686 [79abbc2e-0a90-4a41-a17c-6388bb873359@group-B673650064C9-LeaderElection305] INFO  impl.RaftServerImpl (RaftServerImpl.java:setRole(184)) - 79abbc2e-0a90-4a41-a17c-6388bb873359@group-B673650064C9: changes role from CANDIDATE to FOLLOWER at term 350 for DISCOVERED_A_NEW_TERM
2019-10-15 17:18:24,686 [79abbc2e-0a90-4a41-a17c-6388bb873359@group-B673650064C9-LeaderElection305] INFO  impl.RoleInfo (RoleInfo.java:shutdownLeaderElection(134)) - 79abbc2e-0a90-4a41-a17c-6388bb873359: shutdown LeaderElection
2019-10-15 17:18:24,686 [79abbc2e-0a90-4a41-a17c-6388bb873359@group-B673650064C9-LeaderElection305] INFO  impl.RoleInfo (RoleInfo.java:updateAndGet(143)) - 79abbc2e-0a90-4a41-a17c-6388bb873359: start FollowerState
2019-10-15 17:18:24,748 [Thread-2343] INFO  impl.FollowerState (FollowerState.java:run(108)) - 79abbc2e-0a90-4a41-a17c-6388bb873359@group-B673650064C9-FollowerState: change to CANDIDATE, lastRpcTime:62ms, electionTimeout:62ms
2019-10-15 17:18:24,748 [Thread-2343] INFO  impl.RoleInfo (RoleInfo.java:shutdownFollowerState(121)) - 79abbc2e-0a90-4a41-a17c-6388bb873359: shutdown FollowerState
2019-10-15 17:18:24,748 [Thread-2343] INFO  impl.RaftServerImpl (RaftServerImpl.java:setRole(184)) - 79abbc2e-0a90-4a41-a17c-6388bb873359@group-B673650064C9: changes role from  FOLLOWER to CANDIDATE at term 350 for changeToCandidate
2019-10-15 17:18:24,749 [Thread-2343] INFO  impl.RoleInfo (RoleInfo.java:updateAndGet(143)) - 79abbc2e-0a90-4a41-a17c-6388bb873359: start LeaderElection
2019-10-15 17:18:24,778 [79abbc2e-0a90-4a41-a17c-6388bb873359@group-B673650064C9-LeaderElection306] INFO  impl.LeaderElection (LeaderElection.java:askForVotes(178)) - 79abbc2e-0a90-4a41-a17c-6388bb873359@group-B673650064C9-LeaderElection306: begin an election at term 351 for -1: [ebd8d1f9-8297-450f-abe7-393807ba0c7e:192.168.164.239:36510, dbc121b5-e1e8-4c61-9d50-542b699a3d90:192.168.164.239:43140, 79abbc2e-0a90-4a41-a17c-6388bb873359:192.168.164.239:37857], old=null
2019-10-15 17:18:24,781 [grpc-default-executor-3] INFO  impl.RaftServerImpl (RaftServerImpl.java:setRole(184)) - ebd8d1f9-8297-450f-abe7-393807ba0c7e@group-B673650064C9: changes role from  FOLLOWER to FOLLOWER at term 351 for recognizeCandidate:79abbc2e-0a90-4a41-a17c-6388bb873359
2019-10-15 17:18:24,781 [grpc-default-executor-1] INFO  impl.RaftServerImpl (RaftServerImpl.java:setRole(184)) - dbc121b5-e1e8-4c61-9d50-542b699a3d90@group-B673650064C9: changes role from  FOLLOWER to FOLLOWER at term 351 for recognizeCandidate:79abbc2e-0a90-4a41-a17c-6388bb873359
2019-10-15 17:18:24,781 [grpc-default-executor-1] INFO  impl.RoleInfo (RoleInfo.java:shutdownFollowerState(121)) - dbc121b5-e1e8-4c61-9d50-542b699a3d90: shutdown FollowerState
2019-10-15 17:18:24,781 [grpc-default-executor-3] INFO  impl.RoleInfo (RoleInfo.java:shutdownFollowerState(121)) - ebd8d1f9-8297-450f-abe7-393807ba0c7e: shutdown FollowerState
2019-10-15 17:18:24,781 [Thread-2341] INFO  impl.FollowerState (FollowerState.java:run(117)) - dbc121b5-e1e8-4c61-9d50-542b699a3d90@group-B673650064C9-FollowerState was interrupted: java.lang.InterruptedException: sleep interrupted
2019-10-15 17:18:24,781 [grpc-default-executor-1] INFO  impl.RoleInfo (RoleInfo.java:updateAndGet(143)) - dbc121b5-e1e8-4c61-9d50-542b699a3d90: start FollowerState
2019-10-15 17:18:24,781 [Thread-2342] INFO  impl.FollowerState (FollowerState.java:run(117)) - ebd8d1f9-8297-450f-abe7-393807ba0c7e@group-B673650064C9-FollowerState was interrupted: java.lang.InterruptedException: sleep interrupted
2019-10-15 17:18:24,781 [grpc-default-executor-3] INFO  impl.RoleInfo (RoleInfo.java:updateAndGet(143)) - ebd8d1f9-8297-450f-abe7-393807ba0c7e: start FollowerState
2019-10-15 17:18:24,805 [79abbc2e-0a90-4a41-a17c-6388bb873359@group-B673650064C9-LeaderElection306] INFO  impl.LeaderElection (LeaderElection.java:logAndReturn(56)) - 79abbc2e-0a90-4a41-a17c-6388bb873359@group-B673650064C9-LeaderElection306: Election REJECTED; received 2 response(s) [79abbc2e-0a90-4a41-a17c-6388bb873359<-ebd8d1f9-8297-450f-abe7-393807ba0c7e#0:FAIL-t351, 79abbc2e-0a90-4a41-a17c-6388bb873359<-dbc121b5-e1e8-4c61-9d50-542b699a3d90#0:FAIL-t351] and 0 exception(s); 79abbc2e-0a90-4a41-a17c-6388bb873359@group-B673650064C9:t351, leader=null, voted=79abbc2e-0a90-4a41-a17c-6388bb873359, raftlog=79abbc2e-0a90-4a41-a17c-6388bb873359@group-B673650064C9-SegmentedRaftLog:OPENED:c-1,f-1,i0, conf=-1: [ebd8d1f9-8297-450f-abe7-393807ba0c7e:192.168.164.239:36510, dbc121b5-e1e8-4c61-9d50-542b699a3d90:192.168.164.239:43140, 79abbc2e-0a90-4a41-a17c-6388bb873359:192.168.164.239:37857], old=null
2019-10-15 17:18:24,805 [79abbc2e-0a90-4a41-a17c-6388bb873359@group-B673650064C9-LeaderElection306] INFO  impl.RaftServerImpl (RaftServerImpl.java:setRole(184)) - 79abbc2e-0a90-4a41-a17c-6388bb873359@group-B673650064C9: changes role from CANDIDATE to FOLLOWER at term 351 for DISCOVERED_A_NEW_TERM
2019-10-15 17:18:24,805 [79abbc2e-0a90-4a41-a17c-6388bb873359@group-B673650064C9-LeaderElection306] INFO  impl.RoleInfo (RoleInfo.java:shutdownLeaderElection(134)) - 79abbc2e-0a90-4a41-a17c-6388bb873359: shutdown LeaderElection
2019-10-15 17:18:24,805 [79abbc2e-0a90-4a41-a17c-6388bb873359@group-B673650064C9-LeaderElection306] INFO  impl.RoleInfo (RoleInfo.java:updateAndGet(143)) - 79abbc2e-0a90-4a41-a17c-6388bb873359: start FollowerState
2019-10-15 17:18:24,992 [Thread-2349] INFO  impl.FollowerState (FollowerState.java:run(108)) - 79abbc2e-0a90-4a41-a17c-6388bb873359@group-B673650064C9-FollowerState: change to CANDIDATE, lastRpcTime:186ms, electionTimeout:186ms
2019-10-15 17:18:24,992 [Thread-2349] INFO  impl.RoleInfo (RoleInfo.java:shutdownFollowerState(121)) - 79abbc2e-0a90-4a41-a17c-6388bb873359: shutdown FollowerState
2019-10-15 17:18:24,992 [Thread-2349] INFO  impl.RaftServerImpl (RaftServerImpl.java:setRole(184)) - 79abbc2e-0a90-4a41-a17c-6388bb873359@group-B673650064C9: changes role from  FOLLOWER to CANDIDATE at term 351 for changeToCandidate
2019-10-15 17:18:24,992 [Thread-2349] INFO  impl.RoleInfo (RoleInfo.java:updateAndGet(143)) - 79abbc2e-0a90-4a41-a17c-6388bb873359: start LeaderElection
2019-10-15 17:18:25,008 [79abbc2e-0a90-4a41-a17c-6388bb873359@group-B673650064C9-LeaderElection307] INFO  impl.LeaderElection (LeaderElection.java:askForVotes(178)) - 79abbc2e-0a90-4a41-a17c-6388bb873359@group-B673650064C9-LeaderElection307: begin an election at term 352 for -1: [ebd8d1f9-8297-450f-abe7-393807ba0c7e:192.168.164.239:36510, dbc121b5-e1e8-4c61-9d50-542b699a3d90:192.168.164.239:43140, 79abbc2e-0a90-4a41-a17c-6388bb873359:192.168.164.239:37857], old=null
2019-10-15 17:18:25,010 [grpc-default-executor-1] INFO  impl.RaftServerImpl (RaftServerImpl.java:setRole(184)) - dbc121b5-e1e8-4c61-9d50-542b699a3d90@group-B673650064C9: changes role from  FOLLOWER to FOLLOWER at term 352 for recognizeCandidate:79abbc2e-0a90-4a41-a17c-6388bb873359
2019-10-15 17:18:25,010 [grpc-default-executor-3] INFO  impl.RaftServerImpl (RaftServerImpl.java:setRole(184)) - ebd8d1f9-8297-450f-abe7-393807ba0c7e@group-B673650064C9: changes role from  FOLLOWER to FOLLOWER at term 352 for recognizeCandidate:79abbc2e-0a90-4a41-a17c-6388bb873359
2019-10-15 17:18:25,010 [grpc-default-executor-1] INFO  impl.RoleInfo (RoleInfo.java:shutdownFollowerState(121)) - dbc121b5-e1e8-4c61-9d50-542b699a3d90: shutdown FollowerState
2019-10-15 17:18:25,010 [grpc-default-executor-3] INFO  impl.RoleInfo (RoleInfo.java:shutdownFollowerState(121)) - ebd8d1f9-8297-450f-abe7-393807ba0c7e: shutdown FollowerState
2019-10-15 17:18:25,010 [grpc-default-executor-1] INFO  impl.RoleInfo (RoleInfo.java:updateAndGet(143)) - dbc121b5-e1e8-4c61-9d50-542b699a3d90: start FollowerState
2019-10-15 17:18:25,010 [Thread-2347] INFO  impl.FollowerState (FollowerState.java:run(117)) - dbc121b5-e1e8-4c61-9d50-542b699a3d90@group-B673650064C9-FollowerState was interrupted: java.lang.InterruptedException: sleep interrupted
2019-10-15 17:18:25,010 [grpc-default-executor-3] INFO  impl.RoleInfo (RoleInfo.java:updateAndGet(143)) - ebd8d1f9-8297-450f-abe7-393807ba0c7e: start FollowerState
2019-10-15 17:18:25,010 [Thread-2348] INFO  impl.FollowerState (FollowerState.java:run(117)) - ebd8d1f9-8297-450f-abe7-393807ba0c7e@group-B673650064C9-FollowerState was interrupted: java.lang.InterruptedException: sleep interrupted
2019-10-15 17:18:25,034 [79abbc2e-0a90-4a41-a17c-6388bb873359@group-B673650064C9-LeaderElection307] INFO  impl.LeaderElection (LeaderElection.java:logAndReturn(56)) - 79abbc2e-0a90-4a41-a17c-6388bb873359@group-B673650064C9-LeaderElection307: Election REJECTED; received 2 response(s) [79abbc2e-0a90-4a41-a17c-6388bb873359<-ebd8d1f9-8297-450f-abe7-393807ba0c7e#0:FAIL-t352, 79abbc2e-0a90-4a41-a17c-6388bb873359<-dbc121b5-e1e8-4c61-9d50-542b699a3d90#0:FAIL-t352] and 0 exception(s); 79abbc2e-0a90-4a41-a17c-6388bb873359@group-B673650064C9:t352, leader=null, voted=79abbc2e-0a90-4a41-a17c-6388bb873359, raftlog=79abbc2e-0a90-4a41-a17c-6388bb873359@group-B673650064C9-SegmentedRaftLog:OPENED:c-1,f-1,i0, conf=-1: [ebd8d1f9-8297-450f-abe7-393807ba0c7e:192.168.164.239:36510, dbc121b5-e1e8-4c61-9d50-542b699a3d90:192.168.164.239:43140, 79abbc2e-0a90-4a41-a17c-6388bb873359:192.168.164.239:37857], old=null
2019-10-15 17:18:25,034 [79abbc2e-0a90-4a41-a17c-6388bb873359@group-B673650064C9-LeaderElection307] INFO  impl.RaftServerImpl (RaftServerImpl.java:setRole(184)) - 79abbc2e-0a90-4a41-a17c-6388bb873359@group-B673650064C9: changes role from CANDIDATE to FOLLOWER at term 352 for DISCOVERED_A_NEW_TERM
2019-10-15 17:18:25,034 [79abbc2e-0a90-4a41-a17c-6388bb873359@group-B673650064C9-LeaderElection307] INFO  impl.RoleInfo (RoleInfo.java:shutdownLeaderElection(134)) - 79abbc2e-0a90-4a41-a17c-6388bb873359: shutdown LeaderElection
2019-10-15 17:18:25,035 [79abbc2e-0a90-4a41-a17c-6388bb873359@group-B673650064C9-LeaderElection307] INFO  impl.RoleInfo (RoleInfo.java:updateAndGet(143)) - 79abbc2e-0a90-4a41-a17c-6388bb873359: start FollowerState
2019-10-15 17:18:25,153 [Thread-2355] INFO  impl.FollowerState (FollowerState.java:run(108)) - 79abbc2e-0a90-4a41-a17c-6388bb873359@group-B673650064C9-FollowerState: change to CANDIDATE, lastRpcTime:118ms, electionTimeout:118ms
2019-10-15 17:18:25,153 [Thread-2355] INFO  impl.RoleInfo (RoleInfo.java:shutdownFollowerState(121)) - 79abbc2e-0a90-4a41-a17c-6388bb873359: shutdown FollowerState
2019-10-15 17:18:25,153 [Thread-2355] INFO  impl.RaftServerImpl (RaftServerImpl.java:setRole(184)) - 79abbc2e-0a90-4a41-a17c-6388bb873359@group-B673650064C9: changes role from  FOLLOWER to CANDIDATE at term 352 for changeToCandidate
2019-10-15 17:18:25,154 [Thread-2355] INFO  impl.RoleInfo (RoleInfo.java:updateAndGet(143)) - 79abbc2e-0a90-4a41-a17c-6388bb873359: start LeaderElection
2019-10-15 17:18:25,185 [79abbc2e-0a90-4a41-a17c-6388bb873359@group-B673650064C9-LeaderElection308] INFO  impl.LeaderElection (LeaderElection.java:askForVotes(178)) - 79abbc2e-0a90-4a41-a17c-6388bb873359@group-B673650064C9-LeaderElection308: begin an election at term 353 for -1: [ebd8d1f9-8297-450f-abe7-393807ba0c7e:192.168.164.239:36510, dbc121b5-e1e8-4c61-9d50-542b699a3d90:192.168.164.239:43140, 79abbc2e-0a90-4a41-a17c-6388bb873359:192.168.164.239:37857], old=null
2019-10-15 17:18:25,191 [grpc-default-executor-1] INFO  impl.RaftServerImpl (RaftServerImpl.java:setRole(184)) - ebd8d1f9-8297-450f-abe7-393807ba0c7e@group-B673650064C9: changes role from  FOLLOWER to FOLLOWER at term 353 for recognizeCandidate:79abbc2e-0a90-4a41-a17c-6388bb873359
2019-10-15 17:18:25,191 [grpc-default-executor-3] INFO  impl.RaftServerImpl (RaftServerImpl.java:setRole(184)) - dbc121b5-e1e8-4c61-9d50-542b699a3d90@group-B673650064C9: changes role from  FOLLOWER to FOLLOWER at term 353 for recognizeCandidate:79abbc2e-0a90-4a41-a17c-6388bb873359
2019-10-15 17:18:25,191 [grpc-default-executor-3] INFO  impl.RoleInfo (RoleInfo.java:shutdownFollowerState(121)) - dbc121b5-e1e8-4c61-9d50-542b699a3d90: shutdown FollowerState
2019-10-15 17:18:25,191 [grpc-default-executor-1] INFO  impl.RoleInfo (RoleInfo.java:shutdownFollowerState(121)) - ebd8d1f9-8297-450f-abe7-393807ba0c7e: shutdown FollowerState
2019-10-15 17:18:25,196 [grpc-default-executor-1] INFO  impl.RoleInfo (RoleInfo.java:updateAndGet(143)) - ebd8d1f9-8297-450f-abe7-393807ba0c7e: start FollowerState
2019-10-15 17:18:25,196 [Thread-2353] INFO  impl.FollowerState (FollowerState.java:run(117)) - dbc121b5-e1e8-4c61-9d50-542b699a3d90@group-B673650064C9-FollowerState was interrupted: java.lang.InterruptedException: sleep interrupted
2019-10-15 17:18:25,196 [Thread-2354] INFO  impl.FollowerState (FollowerState.java:run(117)) - ebd8d1f9-8297-450f-abe7-393807ba0c7e@group-B673650064C9-FollowerState was interrupted: java.lang.InterruptedException: sleep interrupted
2019-10-15 17:18:25,196 [grpc-default-executor-3] INFO  impl.RoleInfo (RoleInfo.java:updateAndGet(143)) - dbc121b5-e1e8-4c61-9d50-542b699a3d90: start FollowerState
2019-10-15 17:18:25,220 [79abbc2e-0a90-4a41-a17c-6388bb873359@group-B673650064C9-LeaderElection308] INFO  impl.LeaderElection (LeaderElection.java:logAndReturn(56)) - 79abbc2e-0a90-4a41-a17c-6388bb873359@group-B673650064C9-LeaderElection308: Election REJECTED; received 2 response(s) [79abbc2e-0a90-4a41-a17c-6388bb873359<-ebd8d1f9-8297-450f-abe7-393807ba0c7e#0:FAIL-t353, 79abbc2e-0a90-4a41-a17c-6388bb873359<-dbc121b5-e1e8-4c61-9d50-542b699a3d90#0:FAIL-t353] and 0 exception(s); 79abbc2e-0a90-4a41-a17c-6388bb873359@group-B673650064C9:t353, leader=null, voted=79abbc2e-0a90-4a41-a17c-6388bb873359, raftlog=79abbc2e-0a90-4a41-a17c-6388bb873359@group-B673650064C9-SegmentedRaftLog:OPENED:c-1,f-1,i0, conf=-1: [ebd8d1f9-8297-450f-abe7-393807ba0c7e:192.168.164.239:36510, dbc121b5-e1e8-4c61-9d50-542b699a3d90:192.168.164.239:43140, 79abbc2e-0a90-4a41-a17c-6388bb873359:192.168.164.239:37857], old=null
2019-10-15 17:18:25,220 [79abbc2e-0a90-4a41-a17c-6388bb873359@group-B673650064C9-LeaderElection308] INFO  impl.RaftServerImpl (RaftServerImpl.java:setRole(184)) - 79abbc2e-0a90-4a41-a17c-6388bb873359@group-B673650064C9: changes role from CANDIDATE to FOLLOWER at term 353 for DISCOVERED_A_NEW_TERM
2019-10-15 17:18:25,220 [79abbc2e-0a90-4a41-a17c-6388bb873359@group-B673650064C9-LeaderElection308] INFO  impl.RoleInfo (RoleInfo.java:shutdownLeaderElection(134)) - 79abbc2e-0a90-4a41-a17c-6388bb873359: shutdown LeaderElection
2019-10-15 17:18:25,221 [79abbc2e-0a90-4a41-a17c-6388bb873359@group-B673650064C9-LeaderElection308] INFO  impl.RoleInfo (RoleInfo.java:updateAndGet(143)) - 79abbc2e-0a90-4a41-a17c-6388bb873359: start FollowerState
2019-10-15 17:18:25,249 [Thread-2363] INFO  impl.FollowerState (FollowerState.java:run(108)) - 79abbc2e-0a90-4a41-a17c-6388bb873359@group-B673650064C9-FollowerState: change to CANDIDATE, lastRpcTime:28ms, electionTimeout:28ms
2019-10-15 17:18:25,249 [Thread-2363] INFO  impl.RoleInfo (RoleInfo.java:shutdownFollowerState(121)) - 79abbc2e-0a90-4a41-a17c-6388bb873359: shutdown FollowerState
2019-10-15 17:18:25,249 [Thread-2363] INFO  impl.RaftServerImpl (RaftServerImpl.java:setRole(184)) - 79abbc2e-0a90-4a41-a17c-6388bb873359@group-B673650064C9: changes role from  FOLLOWER to CANDIDATE at term 353 for changeToCandidate
2019-10-15 17:18:25,249 [Thread-2363] INFO  impl.RoleInfo (RoleInfo.java:updateAndGet(143)) - 79abbc2e-0a90-4a41-a17c-6388bb873359: start LeaderElection
2019-10-15 17:18:25,271 [79abbc2e-0a90-4a41-a17c-6388bb873359@group-B673650064C9-LeaderElection309] INFO  impl.LeaderElection (LeaderElection.java:askForVotes(178)) - 79abbc2e-0a90-4a41-a17c-6388bb873359@group-B673650064C9-LeaderElection309: begin an election at term 354 for -1: [ebd8d1f9-8297-450f-abe7-393807ba0c7e:192.168.164.239:36510, dbc121b5-e1e8-4c61-9d50-542b699a3d90:192.168.164.239:43140, 79abbc2e-0a90-4a41-a17c-6388bb873359:192.168.164.239:37857], old=null
2019-10-15 17:18:25,272 [grpc-default-executor-3] INFO  impl.RaftServerImpl (RaftServerImpl.java:setRole(184)) - dbc121b5-e1e8-4c61-9d50-542b699a3d90@group-B673650064C9: changes role from  FOLLOWER to FOLLOWER at term 354 for recognizeCandidate:79abbc2e-0a90-4a41-a17c-6388bb873359
2019-10-15 17:18:25,272 [grpc-default-executor-1] INFO  impl.RaftServerImpl (RaftServerImpl.java:setRole(184)) - ebd8d1f9-8297-450f-abe7-393807ba0c7e@group-B673650064C9: changes role from  FOLLOWER to FOLLOWER at term 354 for recognizeCandidate:79abbc2e-0a90-4a41-a17c-6388bb873359
2019-10-15 17:18:25,272 [grpc-default-executor-3] INFO  impl.RoleInfo (RoleInfo.java:shutdownFollowerState(121)) - dbc121b5-e1e8-4c61-9d50-542b699a3d90: shutdown FollowerState
2019-10-15 17:18:25,273 [grpc-default-executor-1] INFO  impl.RoleInfo (RoleInfo.java:shutdownFollowerState(121)) - ebd8d1f9-8297-450f-abe7-393807ba0c7e: shutdown FollowerState
2019-10-15 17:18:25,273 [Thread-2362] INFO  impl.FollowerState (FollowerState.java:run(117)) - dbc121b5-e1e8-4c61-9d50-542b699a3d90@group-B673650064C9-FollowerState was interrupted: java.lang.InterruptedException: sleep interrupted
2019-10-15 17:18:25,273 [grpc-default-executor-3] INFO  impl.RoleInfo (RoleInfo.java:updateAndGet(143)) - dbc121b5-e1e8-4c61-9d50-542b699a3d90: start FollowerState
2019-10-15 17:18:25,273 [grpc-default-executor-1] INFO  impl.RoleInfo (RoleInfo.java:updateAndGet(143)) - ebd8d1f9-8297-450f-abe7-393807ba0c7e: start FollowerState
2019-10-15 17:18:25,273 [Thread-2361] INFO  impl.FollowerState (FollowerState.java:run(117)) - ebd8d1f9-8297-450f-abe7-393807ba0c7e@group-B673650064C9-FollowerState was interrupted: java.lang.InterruptedException: sleep interrupted
2019-10-15 17:18:25,349 [79abbc2e-0a90-4a41-a17c-6388bb873359@group-B673650064C9-LeaderElection309] INFO  impl.LeaderElection (LeaderElection.java:logAndReturn(56)) - 79abbc2e-0a90-4a41-a17c-6388bb873359@group-B673650064C9-LeaderElection309: Election TIMEOUT; received 0 response(s) [] and 0 exception(s); 79abbc2e-0a90-4a41-a17c-6388bb873359@group-B673650064C9:t354, leader=null, voted=79abbc2e-0a90-4a41-a17c-6388bb873359, raftlog=79abbc2e-0a90-4a41-a17c-6388bb873359@group-B673650064C9-SegmentedRaftLog:OPENED:c-1,f-1,i0, conf=-1: [ebd8d1f9-8297-450f-abe7-393807ba0c7e:192.168.164.239:36510, dbc121b5-e1e8-4c61-9d50-542b699a3d90:192.168.164.239:43140, 79abbc2e-0a90-4a41-a17c-6388bb873359:192.168.164.239:37857], old=null
2019-10-15 17:18:25,500 [79abbc2e-0a90-4a41-a17c-6388bb873359@group-B673650064C9-LeaderElection309] INFO  impl.LeaderElection (LeaderElection.java:askForVotes(178)) - 79abbc2e-0a90-4a41-a17c-6388bb873359@group-B673650064C9-LeaderElection309: begin an election at term 355 for -1: [ebd8d1f9-8297-450f-abe7-393807ba0c7e:192.168.164.239:36510, dbc121b5-e1e8-4c61-9d50-542b699a3d90:192.168.164.239:43140, 79abbc2e-0a90-4a41-a17c-6388bb873359:192.168.164.239:37857], old=null
2019-10-15 17:18:25,501 [grpc-default-executor-3] INFO  impl.RaftServerImpl (RaftServerImpl.java:setRole(184)) - ebd8d1f9-8297-450f-abe7-393807ba0c7e@group-B673650064C9: changes role from  FOLLOWER to FOLLOWER at term 355 for recognizeCandidate:79abbc2e-0a90-4a41-a17c-6388bb873359
2019-10-15 17:18:25,501 [grpc-default-executor-1] INFO  impl.RaftServerImpl (RaftServerImpl.java:setRole(184)) - dbc121b5-e1e8-4c61-9d50-542b699a3d90@group-B673650064C9: changes role from  FOLLOWER to FOLLOWER at term 355 for recognizeCandidate:79abbc2e-0a90-4a41-a17c-6388bb873359
2019-10-15 17:18:25,502 [grpc-default-executor-1] INFO  impl.RoleInfo (RoleInfo.java:shutdownFollowerState(121)) - dbc121b5-e1e8-4c61-9d50-542b699a3d90: shutdown FollowerState
2019-10-15 17:18:25,502 [grpc-default-executor-3] INFO  impl.RoleInfo (RoleInfo.java:shutdownFollowerState(121)) - ebd8d1f9-8297-450f-abe7-393807ba0c7e: shutdown FollowerState
2019-10-15 17:18:25,502 [Thread-2367] INFO  impl.FollowerState (FollowerState.java:run(117)) - dbc121b5-e1e8-4c61-9d50-542b699a3d90@group-B673650064C9-FollowerState was interrupted: java.lang.InterruptedException: sleep interrupted
2019-10-15 17:18:25,502 [grpc-default-executor-1] INFO  impl.RoleInfo (RoleInfo.java:updateAndGet(143)) - dbc121b5-e1e8-4c61-9d50-542b699a3d90: start FollowerState
2019-10-15 17:18:25,502 [Thread-2368] INFO  impl.FollowerState (FollowerState.java:run(117)) - ebd8d1f9-8297-450f-abe7-393807ba0c7e@group-B673650064C9-FollowerState was interrupted: java.lang.InterruptedException: sleep interrupted
2019-10-15 17:18:25,502 [grpc-default-executor-3] INFO  impl.RoleInfo (RoleInfo.java:updateAndGet(143)) - ebd8d1f9-8297-450f-abe7-393807ba0c7e: start FollowerState
2019-10-15 17:18:25,531 [79abbc2e-0a90-4a41-a17c-6388bb873359@group-B673650064C9-LeaderElection309] INFO  impl.LeaderElection (LeaderElection.java:logAndReturn(56)) - 79abbc2e-0a90-4a41-a17c-6388bb873359@group-B673650064C9-LeaderElection309: Election REJECTED; received 2 response(s) [79abbc2e-0a90-4a41-a17c-6388bb873359<-ebd8d1f9-8297-450f-abe7-393807ba0c7e#0:FAIL-t355, 79abbc2e-0a90-4a41-a17c-6388bb873359<-dbc121b5-e1e8-4c61-9d50-542b699a3d90#0:FAIL-t355] and 0 exception(s); 79abbc2e-0a90-4a41-a17c-6388bb873359@group-B673650064C9:t355, leader=null, voted=79abbc2e-0a90-4a41-a17c-6388bb873359, raftlog=79abbc2e-0a90-4a41-a17c-6388bb873359@group-B673650064C9-SegmentedRaftLog:OPENED:c-1,f-1,i0, conf=-1: [ebd8d1f9-8297-450f-abe7-393807ba0c7e:192.168.164.239:36510, dbc121b5-e1e8-4c61-9d50-542b699a3d90:192.168.164.239:43140, 79abbc2e-0a90-4a41-a17c-6388bb873359:192.168.164.239:37857], old=null
2019-10-15 17:18:25,531 [79abbc2e-0a90-4a41-a17c-6388bb873359@group-B673650064C9-LeaderElection309] INFO  impl.RaftServerImpl (RaftServerImpl.java:setRole(184)) - 79abbc2e-0a90-4a41-a17c-6388bb873359@group-B673650064C9: changes role from CANDIDATE to FOLLOWER at term 355 for DISCOVERED_A_NEW_TERM
2019-10-15 17:18:25,531 [79abbc2e-0a90-4a41-a17c-6388bb873359@group-B673650064C9-LeaderElection309] INFO  impl.RoleInfo (RoleInfo.java:shutdownLeaderElection(134)) - 79abbc2e-0a90-4a41-a17c-6388bb873359: shutdown LeaderElection
2019-10-15 17:18:25,532 [79abbc2e-0a90-4a41-a17c-6388bb873359@group-B673650064C9-LeaderElection309] INFO  impl.RoleInfo (RoleInfo.java:updateAndGet(143)) - 79abbc2e-0a90-4a41-a17c-6388bb873359: start FollowerState
2019-10-15 17:18:25,698 [Thread-2373] INFO  impl.FollowerState (FollowerState.java:run(108)) - 79abbc2e-0a90-4a41-a17c-6388bb873359@group-B673650064C9-FollowerState: change to CANDIDATE, lastRpcTime:166ms, electionTimeout:166ms
2019-10-15 17:18:25,698 [Thread-2373] INFO  impl.RoleInfo (RoleInfo.java:shutdownFollowerState(121)) - 79abbc2e-0a90-4a41-a17c-6388bb873359: shutdown FollowerState
2019-10-15 17:18:25,698 [Thread-2373] INFO  impl.RaftServerImpl (RaftServerImpl.java:setRole(184)) - 79abbc2e-0a90-4a41-a17c-6388bb873359@group-B673650064C9: changes role from  FOLLOWER to CANDIDATE at term 355 for changeToCandidate
2019-10-15 17:18:25,699 [Thread-2373] INFO  impl.RoleInfo (RoleInfo.java:updateAndGet(143)) - 79abbc2e-0a90-4a41-a17c-6388bb873359: start LeaderElection
2019-10-15 17:18:25,714 [79abbc2e-0a90-4a41-a17c-6388bb873359@group-B673650064C9-LeaderElection310] INFO  impl.LeaderElection (LeaderElection.java:askForVotes(178)) - 79abbc2e-0a90-4a41-a17c-6388bb873359@group-B673650064C9-LeaderElection310: begin an election at term 356 for -1: [ebd8d1f9-8297-450f-abe7-393807ba0c7e:192.168.164.239:36510, dbc121b5-e1e8-4c61-9d50-542b699a3d90:192.168.164.239:43140, 79abbc2e-0a90-4a41-a17c-6388bb873359:192.168.164.239:37857], old=null
2019-10-15 17:18:25,715 [grpc-default-executor-3] INFO  impl.RaftServerImpl (RaftServerImpl.java:setRole(184)) - ebd8d1f9-8297-450f-abe7-393807ba0c7e@group-B673650064C9: changes role from  FOLLOWER to FOLLOWER at term 356 for recognizeCandidate:79abbc2e-0a90-4a41-a17c-6388bb873359
2019-10-15 17:18:25,715 [grpc-default-executor-3] INFO  impl.RoleInfo (RoleInfo.java:shutdownFollowerState(121)) - ebd8d1f9-8297-450f-abe7-393807ba0c7e: shutdown FollowerState
2019-10-15 17:18:25,716 [grpc-default-executor-1] INFO  impl.RaftServerImpl (RaftServerImpl.java:setRole(184)) - dbc121b5-e1e8-4c61-9d50-542b699a3d90@group-B673650064C9: changes role from  FOLLOWER to FOLLOWER at term 356 for recognizeCandidate:79abbc2e-0a90-4a41-a17c-6388bb873359
2019-10-15 17:18:25,716 [grpc-default-executor-1] INFO  impl.RoleInfo (RoleInfo.java:shutdownFollowerState(121)) - dbc121b5-e1e8-4c61-9d50-542b699a3d90: shutdown FollowerState
2019-10-15 17:18:25,716 [Thread-2372] INFO  impl.FollowerState (FollowerState.java:run(117)) - ebd8d1f9-8297-450f-abe7-393807ba0c7e@group-B673650064C9-FollowerState was interrupted: java.lang.InterruptedException: sleep interrupted
2019-10-15 17:18:25,716 [grpc-default-executor-3] INFO  impl.RoleInfo (RoleInfo.java:updateAndGet(143)) - ebd8d1f9-8297-450f-abe7-393807ba0c7e: start FollowerState
2019-10-15 17:18:25,716 [Thread-2371] INFO  impl.FollowerState (FollowerState.java:run(117)) - dbc121b5-e1e8-4c61-9d50-542b699a3d90@group-B673650064C9-FollowerState was interrupted: java.lang.InterruptedException: sleep interrupted
2019-10-15 17:18:25,716 [grpc-default-executor-1] INFO  impl.RoleInfo (RoleInfo.java:updateAndGet(143)) - dbc121b5-e1e8-4c61-9d50-542b699a3d90: start FollowerState
2019-10-15 17:18:25,732 [79abbc2e-0a90-4a41-a17c-6388bb873359@group-B673650064C9-LeaderElection310] INFO  impl.LeaderElection (LeaderElection.java:logAndReturn(56)) - 79abbc2e-0a90-4a41-a17c-6388bb873359@group-B673650064C9-LeaderElection310: Election REJECTED; received 2 response(s) [79abbc2e-0a90-4a41-a17c-6388bb873359<-ebd8d1f9-8297-450f-abe7-393807ba0c7e#0:FAIL-t356, 79abbc2e-0a90-4a41-a17c-6388bb873359<-dbc121b5-e1e8-4c61-9d50-542b699a3d90#0:FAIL-t356] and 0 exception(s); 79abbc2e-0a90-4a41-a17c-6388bb873359@group-B673650064C9:t356, leader=null, voted=79abbc2e-0a90-4a41-a17c-6388bb873359, raftlog=79abbc2e-0a90-4a41-a17c-6388bb873359@group-B673650064C9-SegmentedRaftLog:OPENED:c-1,f-1,i0, conf=-1: [ebd8d1f9-8297-450f-abe7-393807ba0c7e:192.168.164.239:36510, dbc121b5-e1e8-4c61-9d50-542b699a3d90:192.168.164.239:43140, 79abbc2e-0a90-4a41-a17c-6388bb873359:192.168.164.239:37857], old=null
2019-10-15 17:18:25,733 [79abbc2e-0a90-4a41-a17c-6388bb873359@group-B673650064C9-LeaderElection310] INFO  impl.RaftServerImpl (RaftServerImpl.java:setRole(184)) - 79abbc2e-0a90-4a41-a17c-6388bb873359@group-B673650064C9: changes role from CANDIDATE to FOLLOWER at term 356 for DISCOVERED_A_NEW_TERM
2019-10-15 17:18:25,733 [79abbc2e-0a90-4a41-a17c-6388bb873359@group-B673650064C9-LeaderElection310] INFO  impl.RoleInfo (RoleInfo.java:shutdownLeaderElection(134)) - 79abbc2e-0a90-4a41-a17c-6388bb873359: shutdown LeaderElection
2019-10-15 17:18:25,733 [79abbc2e-0a90-4a41-a17c-6388bb873359@group-B673650064C9-LeaderElection310] INFO  impl.RoleInfo (RoleInfo.java:updateAndGet(143)) - 79abbc2e-0a90-4a41-a17c-6388bb873359: start FollowerState
2019-10-15 17:18:25,909 [Thread-2379] INFO  impl.FollowerState (FollowerState.java:run(108)) - 79abbc2e-0a90-4a41-a17c-6388bb873359@group-B673650064C9-FollowerState: change to CANDIDATE, lastRpcTime:176ms, electionTimeout:176ms
2019-10-15 17:18:25,909 [Thread-2379] INFO  impl.RoleInfo (RoleInfo.java:shutdownFollowerState(121)) - 79abbc2e-0a90-4a41-a17c-6388bb873359: shutdown FollowerState
2019-10-15 17:18:25,910 [Thread-2379] INFO  impl.RaftServerImpl (RaftServerImpl.java:setRole(184)) - 79abbc2e-0a90-4a41-a17c-6388bb873359@group-B673650064C9: changes role from  FOLLOWER to CANDIDATE at term 356 for changeToCandidate
2019-10-15 17:18:25,910 [Thread-2379] INFO  impl.RoleInfo (RoleInfo.java:updateAndGet(143)) - 79abbc2e-0a90-4a41-a17c-6388bb873359: start LeaderElection
2019-10-15 17:18:25,949 [79abbc2e-0a90-4a41-a17c-6388bb873359@group-B673650064C9-LeaderElection311] INFO  impl.LeaderElection (LeaderElection.java:askForVotes(178)) - 79abbc2e-0a90-4a41-a17c-6388bb873359@group-B673650064C9-LeaderElection311: begin an election at term 357 for -1: [ebd8d1f9-8297-450f-abe7-393807ba0c7e:192.168.164.239:36510, dbc121b5-e1e8-4c61-9d50-542b699a3d90:192.168.164.239:43140, 79abbc2e-0a90-4a41-a17c-6388bb873359:192.168.164.239:37857], old=null
2019-10-15 17:18:25,951 [grpc-default-executor-3] INFO  impl.RaftServerImpl (RaftServerImpl.java:setRole(184)) - dbc121b5-e1e8-4c61-9d50-542b699a3d90@group-B673650064C9: changes role from  FOLLOWER to FOLLOWER at term 357 for recognizeCandidate:79abbc2e-0a90-4a41-a17c-6388bb873359
2019-10-15 17:18:25,951 [grpc-default-executor-1] INFO  impl.RaftServerImpl (RaftServerImpl.java:setRole(184)) - ebd8d1f9-8297-450f-abe7-393807ba0c7e@group-B673650064C9: changes role from  FOLLOWER to FOLLOWER at term 357 for recognizeCandidate:79abbc2e-0a90-4a41-a17c-6388bb873359
2019-10-15 17:18:25,951 [grpc-default-executor-3] INFO  impl.RoleInfo (RoleInfo.java:shutdownFollowerState(121)) - dbc121b5-e1e8-4c61-9d50-542b699a3d90: shutdown FollowerState
2019-10-15 17:18:25,952 [grpc-default-executor-1] INFO  impl.RoleInfo (RoleInfo.java:shutdownFollowerState(121)) - ebd8d1f9-8297-450f-abe7-393807ba0c7e: shutdown FollowerState
2019-10-15 17:18:25,952 [Thread-2378] INFO  impl.FollowerState (FollowerState.java:run(117)) - dbc121b5-e1e8-4c61-9d50-542b699a3d90@group-B673650064C9-FollowerState was interrupted: java.lang.InterruptedException: sleep interrupted
2019-10-15 17:18:25,952 [grpc-default-executor-3] INFO  impl.RoleInfo (RoleInfo.java:updateAndGet(143)) - dbc121b5-e1e8-4c61-9d50-542b699a3d90: start FollowerState
2019-10-15 17:18:25,952 [Thread-2377] INFO  impl.FollowerState (FollowerState.java:run(117)) - ebd8d1f9-8297-450f-abe7-393807ba0c7e@group-B673650064C9-FollowerState was interrupted: java.lang.InterruptedException: sleep interrupted
2019-10-15 17:18:25,952 [grpc-default-executor-1] INFO  impl.RoleInfo (RoleInfo.java:updateAndGet(143)) - ebd8d1f9-8297-450f-abe7-393807ba0c7e: start FollowerState
2019-10-15 17:18:25,977 [79abbc2e-0a90-4a41-a17c-6388bb873359@group-B673650064C9-LeaderElection311] INFO  impl.LeaderElection (LeaderElection.java:logAndReturn(56)) - 79abbc2e-0a90-4a41-a17c-6388bb873359@group-B673650064C9-LeaderElection311: Election REJECTED; received 2 response(s) [79abbc2e-0a90-4a41-a17c-6388bb873359<-ebd8d1f9-8297-450f-abe7-393807ba0c7e#0:FAIL-t357, 79abbc2e-0a90-4a41-a17c-6388bb873359<-dbc121b5-e1e8-4c61-9d50-542b699a3d90#0:FAIL-t357] and 0 exception(s); 79abbc2e-0a90-4a41-a17c-6388bb873359@group-B673650064C9:t357, leader=null, voted=79abbc2e-0a90-4a41-a17c-6388bb873359, raftlog=79abbc2e-0a90-4a41-a17c-6388bb873359@group-B673650064C9-SegmentedRaftLog:OPENED:c-1,f-1,i0, conf=-1: [ebd8d1f9-8297-450f-abe7-393807ba0c7e:192.168.164.239:36510, dbc121b5-e1e8-4c61-9d50-542b699a3d90:192.168.164.239:43140, 79abbc2e-0a90-4a41-a17c-6388bb873359:192.168.164.239:37857], old=null
2019-10-15 17:18:25,977 [79abbc2e-0a90-4a41-a17c-6388bb873359@group-B673650064C9-LeaderElection311] INFO  impl.RaftServerImpl (RaftServerImpl.java:setRole(184)) - 79abbc2e-0a90-4a41-a17c-6388bb873359@group-B673650064C9: changes role from CANDIDATE to FOLLOWER at term 357 for DISCOVERED_A_NEW_TERM
2019-10-15 17:18:25,978 [79abbc2e-0a90-4a41-a17c-6388bb873359@group-B673650064C9-LeaderElection311] INFO  impl.RoleInfo (RoleInfo.java:shutdownLeaderElection(134)) - 79abbc2e-0a90-4a41-a17c-6388bb873359: shutdown LeaderElection
2019-10-15 17:18:25,978 [79abbc2e-0a90-4a41-a17c-6388bb873359@group-B673650064C9-LeaderElection311] INFO  impl.RoleInfo (RoleInfo.java:updateAndGet(143)) - 79abbc2e-0a90-4a41-a17c-6388bb873359: start FollowerState
2019-10-15 17:18:25,993 [Thread-2385] INFO  impl.FollowerState (FollowerState.java:run(108)) - 79abbc2e-0a90-4a41-a17c-6388bb873359@group-B673650064C9-FollowerState: change to CANDIDATE, lastRpcTime:15ms, electionTimeout:15ms
2019-10-15 17:18:25,993 [Thread-2385] INFO  impl.RoleInfo (RoleInfo.java:shutdownFollowerState(121)) - 79abbc2e-0a90-4a41-a17c-6388bb873359: shutdown FollowerState
2019-10-15 17:18:25,993 [Thread-2385] INFO  impl.RaftServerImpl (RaftServerImpl.java:setRole(184)) - 79abbc2e-0a90-4a41-a17c-6388bb873359@group-B673650064C9: changes role from  FOLLOWER to CANDIDATE at term 357 for changeToCandidate
2019-10-15 17:18:25,993 [Thread-2385] INFO  impl.RoleInfo (RoleInfo.java:updateAndGet(143)) - 79abbc2e-0a90-4a41-a17c-6388bb873359: start LeaderElection
2019-10-15 17:18:26,018 [79abbc2e-0a90-4a41-a17c-6388bb873359@group-B673650064C9-LeaderElection312] INFO  impl.LeaderElection (LeaderElection.java:askForVotes(178)) - 79abbc2e-0a90-4a41-a17c-6388bb873359@group-B673650064C9-LeaderElection312: begin an election at term 358 for -1: [ebd8d1f9-8297-450f-abe7-393807ba0c7e:192.168.164.239:36510, dbc121b5-e1e8-4c61-9d50-542b699a3d90:192.168.164.239:43140, 79abbc2e-0a90-4a41-a17c-6388bb873359:192.168.164.239:37857], old=null
2019-10-15 17:18:26,020 [grpc-default-executor-3] INFO  impl.RaftServerImpl (RaftServerImpl.java:setRole(184)) - ebd8d1f9-8297-450f-abe7-393807ba0c7e@group-B673650064C9: changes role from  FOLLOWER to FOLLOWER at term 358 for recognizeCandidate:79abbc2e-0a90-4a41-a17c-6388bb873359
2019-10-15 17:18:26,020 [grpc-default-executor-3] INFO  impl.RoleInfo (RoleInfo.java:shutdownFollowerState(121)) - ebd8d1f9-8297-450f-abe7-393807ba0c7e: shutdown FollowerState
2019-10-15 17:18:26,020 [grpc-default-executor-3] INFO  impl.RoleInfo (RoleInfo.java:updateAndGet(143)) - ebd8d1f9-8297-450f-abe7-393807ba0c7e: start FollowerState
2019-10-15 17:18:26,020 [Thread-2384] INFO  impl.FollowerState (FollowerState.java:run(117)) - ebd8d1f9-8297-450f-abe7-393807ba0c7e@group-B673650064C9-FollowerState was interrupted: java.lang.InterruptedException: sleep interrupted
2019-10-15 17:18:26,020 [grpc-default-executor-1] INFO  impl.RaftServerImpl (RaftServerImpl.java:setRole(184)) - dbc121b5-e1e8-4c61-9d50-542b699a3d90@group-B673650064C9: changes role from  FOLLOWER to FOLLOWER at term 358 for recognizeCandidate:79abbc2e-0a90-4a41-a17c-6388bb873359
2019-10-15 17:18:26,021 [grpc-default-executor-1] INFO  impl.RoleInfo (RoleInfo.java:shutdownFollowerState(121)) - dbc121b5-e1e8-4c61-9d50-542b699a3d90: shutdown FollowerState
2019-10-15 17:18:26,021 [grpc-default-executor-1] INFO  impl.RoleInfo (RoleInfo.java:updateAndGet(143)) - dbc121b5-e1e8-4c61-9d50-542b699a3d90: start FollowerState
2019-10-15 17:18:26,021 [Thread-2383] INFO  impl.FollowerState (FollowerState.java:run(117)) - dbc121b5-e1e8-4c61-9d50-542b699a3d90@group-B673650064C9-FollowerState was interrupted: java.lang.InterruptedException: sleep interrupted
2019-10-15 17:18:26,053 [79abbc2e-0a90-4a41-a17c-6388bb873359@group-B673650064C9-LeaderElection312] INFO  impl.LeaderElection (LeaderElection.java:logAndReturn(56)) - 79abbc2e-0a90-4a41-a17c-6388bb873359@group-B673650064C9-LeaderElection312: Election REJECTED; received 2 response(s) [79abbc2e-0a90-4a41-a17c-6388bb873359<-ebd8d1f9-8297-450f-abe7-393807ba0c7e#0:FAIL-t358, 79abbc2e-0a90-4a41-a17c-6388bb873359<-dbc121b5-e1e8-4c61-9d50-542b699a3d90#0:FAIL-t358] and 0 exception(s); 79abbc2e-0a90-4a41-a17c-6388bb873359@group-B673650064C9:t358, leader=null, voted=79abbc2e-0a90-4a41-a17c-6388bb873359, raftlog=79abbc2e-0a90-4a41-a17c-6388bb873359@group-B673650064C9-SegmentedRaftLog:OPENED:c-1,f-1,i0, conf=-1: [ebd8d1f9-8297-450f-abe7-393807ba0c7e:192.168.164.239:36510, dbc121b5-e1e8-4c61-9d50-542b699a3d90:192.168.164.239:43140, 79abbc2e-0a90-4a41-a17c-6388bb873359:192.168.164.239:37857], old=null
2019-10-15 17:18:26,053 [79abbc2e-0a90-4a41-a17c-6388bb873359@group-B673650064C9-LeaderElection312] INFO  impl.RaftServerImpl (RaftServerImpl.java:setRole(184)) - 79abbc2e-0a90-4a41-a17c-6388bb873359@group-B673650064C9: changes role from CANDIDATE to FOLLOWER at term 358 for DISCOVERED_A_NEW_TERM
2019-10-15 17:18:26,053 [79abbc2e-0a90-4a41-a17c-6388bb873359@group-B673650064C9-LeaderElection312] INFO  impl.RoleInfo (RoleInfo.java:shutdownLeaderElection(134)) - 79abbc2e-0a90-4a41-a17c-6388bb873359: shutdown LeaderElection
2019-10-15 17:18:26,053 [79abbc2e-0a90-4a41-a17c-6388bb873359@group-B673650064C9-LeaderElection312] INFO  impl.RoleInfo (RoleInfo.java:updateAndGet(143)) - 79abbc2e-0a90-4a41-a17c-6388bb873359: start FollowerState
2019-10-15 17:18:26,095 [Thread-2391] INFO  impl.FollowerState (FollowerState.java:run(108)) - 79abbc2e-0a90-4a41-a17c-6388bb873359@group-B673650064C9-FollowerState: change to CANDIDATE, lastRpcTime:41ms, electionTimeout:41ms
2019-10-15 17:18:26,095 [Thread-2391] INFO  impl.RoleInfo (RoleInfo.java:shutdownFollowerState(121)) - 79abbc2e-0a90-4a41-a17c-6388bb873359: shutdown FollowerState
2019-10-15 17:18:26,095 [Thread-2391] INFO  impl.RaftServerImpl (RaftServerImpl.java:setRole(184)) - 79abbc2e-0a90-4a41-a17c-6388bb873359@group-B673650064C9: changes role from  FOLLOWER to CANDIDATE at term 358 for changeToCandidate
2019-10-15 17:18:26,095 [Thread-2391] INFO  impl.RoleInfo (RoleInfo.java:updateAndGet(143)) - 79abbc2e-0a90-4a41-a17c-6388bb873359: start LeaderElection
2019-10-15 17:18:26,119 [79abbc2e-0a90-4a41-a17c-6388bb873359@group-B673650064C9-LeaderElection313] INFO  impl.LeaderElection (LeaderElection.java:askForVotes(178)) - 79abbc2e-0a90-4a41-a17c-6388bb873359@group-B673650064C9-LeaderElection313: begin an election at term 359 for -1: [ebd8d1f9-8297-450f-abe7-393807ba0c7e:192.168.164.239:36510, dbc121b5-e1e8-4c61-9d50-542b699a3d90:192.168.164.239:43140, 79abbc2e-0a90-4a41-a17c-6388bb873359:192.168.164.239:37857], old=null
2019-10-15 17:18:26,122 [grpc-default-executor-1] INFO  impl.RaftServerImpl (RaftServerImpl.java:setRole(184)) - ebd8d1f9-8297-450f-abe7-393807ba0c7e@group-B673650064C9: changes role from  FOLLOWER to FOLLOWER at term 359 for recognizeCandidate:79abbc2e-0a90-4a41-a17c-6388bb873359
2019-10-15 17:18:26,122 [grpc-default-executor-1] INFO  impl.RoleInfo (RoleInfo.java:shutdownFollowerState(121)) - ebd8d1f9-8297-450f-abe7-393807ba0c7e: shutdown FollowerState
2019-10-15 17:18:26,122 [grpc-default-executor-1] INFO  impl.RoleInfo (RoleInfo.java:updateAndGet(143)) - ebd8d1f9-8297-450f-abe7-393807ba0c7e: start FollowerState
2019-10-15 17:18:26,122 [grpc-default-executor-3] INFO  impl.RaftServerImpl (RaftServerImpl.java:setRole(184)) - dbc121b5-e1e8-4c61-9d50-542b699a3d90@group-B673650064C9: changes role from  FOLLOWER to FOLLOWER at term 359 for recognizeCandidate:79abbc2e-0a90-4a41-a17c-6388bb873359
2019-10-15 17:18:26,122 [grpc-default-executor-3] INFO  impl.RoleInfo (RoleInfo.java:shutdownFollowerState(121)) - dbc121b5-e1e8-4c61-9d50-542b699a3d90: shutdown FollowerState
2019-10-15 17:18:26,122 [Thread-2389] INFO  impl.FollowerState (FollowerState.java:run(117)) - ebd8d1f9-8297-450f-abe7-393807ba0c7e@group-B673650064C9-FollowerState was interrupted: java.lang.InterruptedException: sleep interrupted
2019-10-15 17:18:26,123 [Thread-2390] INFO  impl.FollowerState (FollowerState.java:run(117)) - dbc121b5-e1e8-4c61-9d50-542b699a3d90@group-B673650064C9-FollowerState was interrupted: java.lang.InterruptedException: sleep interrupted
2019-10-15 17:18:26,123 [grpc-default-executor-3] INFO  impl.RoleInfo (RoleInfo.java:updateAndGet(143)) - dbc121b5-e1e8-4c61-9d50-542b699a3d90: start FollowerState
2019-10-15 17:18:26,145 [79abbc2e-0a90-4a41-a17c-6388bb873359@group-B673650064C9-LeaderElection313] INFO  impl.LeaderElection (LeaderElection.java:logAndReturn(56)) - 79abbc2e-0a90-4a41-a17c-6388bb873359@group-B673650064C9-LeaderElection313: Election REJECTED; received 2 response(s) [79abbc2e-0a90-4a41-a17c-6388bb873359<-ebd8d1f9-8297-450f-abe7-393807ba0c7e#0:FAIL-t359, 79abbc2e-0a90-4a41-a17c-6388bb873359<-dbc121b5-e1e8-4c61-9d50-542b699a3d90#0:FAIL-t359] and 0 exception(s); 79abbc2e-0a90-4a41-a17c-6388bb873359@group-B673650064C9:t359, leader=null, voted=79abbc2e-0a90-4a41-a17c-6388bb873359, raftlog=79abbc2e-0a90-4a41-a17c-6388bb873359@group-B673650064C9-SegmentedRaftLog:OPENED:c-1,f-1,i0, conf=-1: [ebd8d1f9-8297-450f-abe7-393807ba0c7e:192.168.164.239:36510, dbc121b5-e1e8-4c61-9d50-542b699a3d90:192.168.164.239:43140, 79abbc2e-0a90-4a41-a17c-6388bb873359:192.168.164.239:37857], old=null
2019-10-15 17:18:26,145 [79abbc2e-0a90-4a41-a17c-6388bb873359@group-B673650064C9-LeaderElection313] INFO  impl.RaftServerImpl (RaftServerImpl.java:setRole(184)) - 79abbc2e-0a90-4a41-a17c-6388bb873359@group-B673650064C9: changes role from CANDIDATE to FOLLOWER at term 359 for DISCOVERED_A_NEW_TERM
2019-10-15 17:18:26,145 [79abbc2e-0a90-4a41-a17c-6388bb873359@group-B673650064C9-LeaderElection313] INFO  impl.RoleInfo (RoleInfo.java:shutdownLeaderElection(134)) - 79abbc2e-0a90-4a41-a17c-6388bb873359: shutdown LeaderElection
2019-10-15 17:18:26,146 [79abbc2e-0a90-4a41-a17c-6388bb873359@group-B673650064C9-LeaderElection313] INFO  impl.RoleInfo (RoleInfo.java:updateAndGet(143)) - 79abbc2e-0a90-4a41-a17c-6388bb873359: start FollowerState
2019-10-15 17:18:26,342 [Thread-2397] INFO  impl.FollowerState (FollowerState.java:run(108)) - 79abbc2e-0a90-4a41-a17c-6388bb873359@group-B673650064C9-FollowerState: change to CANDIDATE, lastRpcTime:196ms, electionTimeout:196ms
2019-10-15 17:18:26,342 [Thread-2397] INFO  impl.RoleInfo (RoleInfo.java:shutdownFollowerState(121)) - 79abbc2e-0a90-4a41-a17c-6388bb873359: shutdown FollowerState
2019-10-15 17:18:26,342 [Thread-2397] INFO  impl.RaftServerImpl (RaftServerImpl.java:setRole(184)) - 79abbc2e-0a90-4a41-a17c-6388bb873359@group-B673650064C9: changes role from  FOLLOWER to CANDIDATE at term 359 for changeToCandidate
2019-10-15 17:18:26,343 [Thread-2397] INFO  impl.RoleInfo (RoleInfo.java:updateAndGet(143)) - 79abbc2e-0a90-4a41-a17c-6388bb873359: start LeaderElection
2019-10-15 17:18:26,370 [79abbc2e-0a90-4a41-a17c-6388bb873359@group-B673650064C9-LeaderElection314] INFO  impl.LeaderElection (LeaderElection.java:askForVotes(178)) - 79abbc2e-0a90-4a41-a17c-6388bb873359@group-B673650064C9-LeaderElection314: begin an election at term 360 for -1: [ebd8d1f9-8297-450f-abe7-393807ba0c7e:192.168.164.239:36510, dbc121b5-e1e8-4c61-9d50-542b699a3d90:192.168.164.239:43140, 79abbc2e-0a90-4a41-a17c-6388bb873359:192.168.164.239:37857], old=null
2019-10-15 17:18:26,371 [grpc-default-executor-1] INFO  impl.RaftServerImpl (RaftServerImpl.java:setRole(184)) - ebd8d1f9-8297-450f-abe7-393807ba0c7e@group-B673650064C9: changes role from  FOLLOWER to FOLLOWER at term 360 for recognizeCandidate:79abbc2e-0a90-4a41-a17c-6388bb873359
2019-10-15 17:18:26,371 [grpc-default-executor-3] INFO  impl.RaftServerImpl (RaftServerImpl.java:setRole(184)) - dbc121b5-e1e8-4c61-9d50-542b699a3d90@group-B673650064C9: changes role from  FOLLOWER to FOLLOWER at term 360 for recognizeCandidate:79abbc2e-0a90-4a41-a17c-6388bb873359
2019-10-15 17:18:26,372 [grpc-default-executor-1] INFO  impl.RoleInfo (RoleInfo.java:shutdownFollowerState(121)) - ebd8d1f9-8297-450f-abe7-393807ba0c7e: shutdown FollowerState
2019-10-15 17:18:26,372 [grpc-default-executor-3] INFO  impl.RoleInfo (RoleInfo.java:shutdownFollowerState(121)) - dbc121b5-e1e8-4c61-9d50-542b699a3d90: shutdown FollowerState
2019-10-15 17:18:26,372 [Thread-2395] INFO  impl.FollowerState (FollowerState.java:run(117)) - ebd8d1f9-8297-450f-abe7-393807ba0c7e@group-B673650064C9-FollowerState was interrupted: java.lang.InterruptedException: sleep interrupted
2019-10-15 17:18:26,372 [grpc-default-executor-1] INFO  impl.RoleInfo (RoleInfo.java:updateAndGet(143)) - ebd8d1f9-8297-450f-abe7-393807ba0c7e: start FollowerState
2019-10-15 17:18:26,372 [Thread-2396] INFO  impl.FollowerState (FollowerState.java:run(117)) - dbc121b5-e1e8-4c61-9d50-542b699a3d90@group-B673650064C9-FollowerState was interrupted: java.lang.InterruptedException: sleep interrupted
2019-10-15 17:18:26,372 [grpc-default-executor-3] INFO  impl.RoleInfo (RoleInfo.java:updateAndGet(143)) - dbc121b5-e1e8-4c61-9d50-542b699a3d90: start FollowerState
2019-10-15 17:18:26,396 [79abbc2e-0a90-4a41-a17c-6388bb873359@group-B673650064C9-LeaderElection314] INFO  impl.LeaderElection (LeaderElection.java:logAndReturn(56)) - 79abbc2e-0a90-4a41-a17c-6388bb873359@group-B673650064C9-LeaderElection314: Election REJECTED; received 2 response(s) [79abbc2e-0a90-4a41-a17c-6388bb873359<-ebd8d1f9-8297-450f-abe7-393807ba0c7e#0:FAIL-t360, 79abbc2e-0a90-4a41-a17c-6388bb873359<-dbc121b5-e1e8-4c61-9d50-542b699a3d90#0:FAIL-t360] and 0 exception(s); 79abbc2e-0a90-4a41-a17c-6388bb873359@group-B673650064C9:t360, leader=null, voted=79abbc2e-0a90-4a41-a17c-6388bb873359, raftlog=79abbc2e-0a90-4a41-a17c-6388bb873359@group-B673650064C9-SegmentedRaftLog:OPENED:c-1,f-1,i0, conf=-1: [ebd8d1f9-8297-450f-abe7-393807ba0c7e:192.168.164.239:36510, dbc121b5-e1e8-4c61-9d50-542b699a3d90:192.168.164.239:43140, 79abbc2e-0a90-4a41-a17c-6388bb873359:192.168.164.239:37857], old=null
2019-10-15 17:18:26,396 [79abbc2e-0a90-4a41-a17c-6388bb873359@group-B673650064C9-LeaderElection314] INFO  impl.RaftServerImpl (RaftServerImpl.java:setRole(184)) - 79abbc2e-0a90-4a41-a17c-6388bb873359@group-B673650064C9: changes role from CANDIDATE to FOLLOWER at term 360 for DISCOVERED_A_NEW_TERM
2019-10-15 17:18:26,396 [79abbc2e-0a90-4a41-a17c-6388bb873359@group-B673650064C9-LeaderElection314] INFO  impl.RoleInfo (RoleInfo.java:shutdownLeaderElection(134)) - 79abbc2e-0a90-4a41-a17c-6388bb873359: shutdown LeaderElection
2019-10-15 17:18:26,396 [79abbc2e-0a90-4a41-a17c-6388bb873359@group-B673650064C9-LeaderElection314] INFO  impl.RoleInfo (RoleInfo.java:updateAndGet(143)) - 79abbc2e-0a90-4a41-a17c-6388bb873359: start FollowerState
2019-10-15 17:18:26,465 [Thread-2405] INFO  impl.FollowerState (FollowerState.java:run(108)) - 79abbc2e-0a90-4a41-a17c-6388bb873359@group-B673650064C9-FollowerState: change to CANDIDATE, lastRpcTime:69ms, electionTimeout:69ms
2019-10-15 17:18:26,466 [Thread-2405] INFO  impl.RoleInfo (RoleInfo.java:shutdownFollowerState(121)) - 79abbc2e-0a90-4a41-a17c-6388bb873359: shutdown FollowerState
2019-10-15 17:18:26,466 [Thread-2405] INFO  impl.RaftServerImpl (RaftServerImpl.java:setRole(184)) - 79abbc2e-0a90-4a41-a17c-6388bb873359@group-B673650064C9: changes role from  FOLLOWER to CANDIDATE at term 360 for changeToCandidate
2019-10-15 17:18:26,466 [Thread-2405] INFO  impl.RoleInfo (RoleInfo.java:updateAndGet(143)) - 79abbc2e-0a90-4a41-a17c-6388bb873359: start LeaderElection
2019-10-15 17:18:26,496 [79abbc2e-0a90-4a41-a17c-6388bb873359@group-B673650064C9-LeaderElection315] INFO  impl.LeaderElection (LeaderElection.java:askForVotes(178)) - 79abbc2e-0a90-4a41-a17c-6388bb873359@group-B673650064C9-LeaderElection315: begin an election at term 361 for -1: [ebd8d1f9-8297-450f-abe7-393807ba0c7e:192.168.164.239:36510, dbc121b5-e1e8-4c61-9d50-542b699a3d90:192.168.164.239:43140, 79abbc2e-0a90-4a41-a17c-6388bb873359:192.168.164.239:37857], old=null
2019-10-15 17:18:26,498 [grpc-default-executor-3] INFO  impl.RaftServerImpl (RaftServerImpl.java:setRole(184)) - ebd8d1f9-8297-450f-abe7-393807ba0c7e@group-B673650064C9: changes role from  FOLLOWER to FOLLOWER at term 361 for recognizeCandidate:79abbc2e-0a90-4a41-a17c-6388bb873359
2019-10-15 17:18:26,498 [grpc-default-executor-1] INFO  impl.RaftServerImpl (RaftServerImpl.java:setRole(184)) - dbc121b5-e1e8-4c61-9d50-542b699a3d90@group-B673650064C9: changes role from  FOLLOWER to FOLLOWER at term 361 for recognizeCandidate:79abbc2e-0a90-4a41-a17c-6388bb873359
2019-10-15 17:18:26,498 [grpc-default-executor-3] INFO  impl.RoleInfo (RoleInfo.java:shutdownFollowerState(121)) - ebd8d1f9-8297-450f-abe7-393807ba0c7e: shutdown FollowerState
2019-10-15 17:18:26,499 [grpc-default-executor-1] INFO  impl.RoleInfo (RoleInfo.java:shutdownFollowerState(121)) - dbc121b5-e1e8-4c61-9d50-542b699a3d90: shutdown FollowerState
2019-10-15 17:18:26,499 [Thread-2403] INFO  impl.FollowerState (FollowerState.java:run(117)) - ebd8d1f9-8297-450f-abe7-393807ba0c7e@group-B673650064C9-FollowerState was interrupted: java.lang.InterruptedException: sleep interrupted
2019-10-15 17:18:26,499 [grpc-default-executor-3] INFO  impl.RoleInfo (RoleInfo.java:updateAndGet(143)) - ebd8d1f9-8297-450f-abe7-393807ba0c7e: start FollowerState
2019-10-15 17:18:26,499 [Thread-2404] INFO  impl.FollowerState (FollowerState.java:run(117)) - dbc121b5-e1e8-4c61-9d50-542b699a3d90@group-B673650064C9-FollowerState was interrupted: java.lang.InterruptedException: sleep interrupted
2019-10-15 17:18:26,499 [grpc-default-executor-1] INFO  impl.RoleInfo (RoleInfo.java:updateAndGet(143)) - dbc121b5-e1e8-4c61-9d50-542b699a3d90: start FollowerState
2019-10-15 17:18:26,514 [79abbc2e-0a90-4a41-a17c-6388bb873359@group-B673650064C9-LeaderElection315] INFO  impl.LeaderElection (LeaderElection.java:logAndReturn(56)) - 79abbc2e-0a90-4a41-a17c-6388bb873359@group-B673650064C9-LeaderElection315: Election TIMEOUT; received 0 response(s) [] and 0 exception(s); 79abbc2e-0a90-4a41-a17c-6388bb873359@group-B673650064C9:t361, leader=null, voted=79abbc2e-0a90-4a41-a17c-6388bb873359, raftlog=79abbc2e-0a90-4a41-a17c-6388bb873359@group-B673650064C9-SegmentedRaftLog:OPENED:c-1,f-1,i0, conf=-1: [ebd8d1f9-8297-450f-abe7-393807ba0c7e:192.168.164.239:36510, dbc121b5-e1e8-4c61-9d50-542b699a3d90:192.168.164.239:43140, 79abbc2e-0a90-4a41-a17c-6388bb873359:192.168.164.239:37857], old=null
2019-10-15 17:18:26,548 [79abbc2e-0a90-4a41-a17c-6388bb873359@group-B673650064C9-LeaderElection315] INFO  impl.LeaderElection (LeaderElection.java:askForVotes(178)) - 79abbc2e-0a90-4a41-a17c-6388bb873359@group-B673650064C9-LeaderElection315: begin an election at term 362 for -1: [ebd8d1f9-8297-450f-abe7-393807ba0c7e:192.168.164.239:36510, dbc121b5-e1e8-4c61-9d50-542b699a3d90:192.168.164.239:43140, 79abbc2e-0a90-4a41-a17c-6388bb873359:192.168.164.239:37857], old=null
2019-10-15 17:18:26,550 [grpc-default-executor-1] INFO  impl.RaftServerImpl (RaftServerImpl.java:setRole(184)) - ebd8d1f9-8297-450f-abe7-393807ba0c7e@group-B673650064C9: changes role from  FOLLOWER to FOLLOWER at term 362 for recognizeCandidate:79abbc2e-0a90-4a41-a17c-6388bb873359
2019-10-15 17:18:26,550 [grpc-default-executor-1] INFO  impl.RoleInfo (RoleInfo.java:shutdownFollowerState(121)) - ebd8d1f9-8297-450f-abe7-393807ba0c7e: shutdown FollowerState
2019-10-15 17:18:26,550 [grpc-default-executor-1] INFO  impl.RoleInfo (RoleInfo.java:updateAndGet(143)) - ebd8d1f9-8297-450f-abe7-393807ba0c7e: start FollowerState
2019-10-15 17:18:26,550 [Thread-2409] INFO  impl.FollowerState (FollowerState.java:run(117)) - ebd8d1f9-8297-450f-abe7-393807ba0c7e@group-B673650064C9-FollowerState was interrupted: java.lang.InterruptedException: sleep interrupted
2019-10-15 17:18:26,550 [grpc-default-executor-3] INFO  impl.RaftServerImpl (RaftServerImpl.java:setRole(184)) - dbc121b5-e1e8-4c61-9d50-542b699a3d90@group-B673650064C9: changes role from  FOLLOWER to FOLLOWER at term 362 for recognizeCandidate:79abbc2e-0a90-4a41-a17c-6388bb873359
2019-10-15 17:18:26,551 [grpc-default-executor-3] INFO  impl.RoleInfo (RoleInfo.java:shutdownFollowerState(121)) - dbc121b5-e1e8-4c61-9d50-542b699a3d90: shutdown FollowerState
2019-10-15 17:18:26,551 [grpc-default-executor-3] INFO  impl.RoleInfo (RoleInfo.java:updateAndGet(143)) - dbc121b5-e1e8-4c61-9d50-542b699a3d90: start FollowerState
2019-10-15 17:18:26,551 [Thread-2410] INFO  impl.FollowerState (FollowerState.java:run(117)) - dbc121b5-e1e8-4c61-9d50-542b699a3d90@group-B673650064C9-FollowerState was interrupted: java.lang.InterruptedException: sleep interrupted
2019-10-15 17:18:26,593 [79abbc2e-0a90-4a41-a17c-6388bb873359@group-B673650064C9-LeaderElection315] INFO  impl.LeaderElection (LeaderElection.java:logAndReturn(56)) - 79abbc2e-0a90-4a41-a17c-6388bb873359@group-B673650064C9-LeaderElection315: Election REJECTED; received 2 response(s) [79abbc2e-0a90-4a41-a17c-6388bb873359<-ebd8d1f9-8297-450f-abe7-393807ba0c7e#0:FAIL-t362, 79abbc2e-0a90-4a41-a17c-6388bb873359<-dbc121b5-e1e8-4c61-9d50-542b699a3d90#0:FAIL-t362] and 0 exception(s); 79abbc2e-0a90-4a41-a17c-6388bb873359@group-B673650064C9:t362, leader=null, voted=79abbc2e-0a90-4a41-a17c-6388bb873359, raftlog=79abbc2e-0a90-4a41-a17c-6388bb873359@group-B673650064C9-SegmentedRaftLog:OPENED:c-1,f-1,i0, conf=-1: [ebd8d1f9-8297-450f-abe7-393807ba0c7e:192.168.164.239:36510, dbc121b5-e1e8-4c61-9d50-542b699a3d90:192.168.164.239:43140, 79abbc2e-0a90-4a41-a17c-6388bb873359:192.168.164.239:37857], old=null
2019-10-15 17:18:26,593 [79abbc2e-0a90-4a41-a17c-6388bb873359@group-B673650064C9-LeaderElection315] INFO  impl.RaftServerImpl (RaftServerImpl.java:setRole(184)) - 79abbc2e-0a90-4a41-a17c-6388bb873359@group-B673650064C9: changes role from CANDIDATE to FOLLOWER at term 362 for DISCOVERED_A_NEW_TERM
2019-10-15 17:18:26,593 [79abbc2e-0a90-4a41-a17c-6388bb873359@group-B673650064C9-LeaderElection315] INFO  impl.RoleInfo (RoleInfo.java:shutdownLeaderElection(134)) - 79abbc2e-0a90-4a41-a17c-6388bb873359: shutdown LeaderElection
2019-10-15 17:18:26,593 [79abbc2e-0a90-4a41-a17c-6388bb873359@group-B673650064C9-LeaderElection315] INFO  impl.RoleInfo (RoleInfo.java:updateAndGet(143)) - 79abbc2e-0a90-4a41-a17c-6388bb873359: start FollowerState
2019-10-15 17:18:26,688 [Thread-2415] INFO  impl.FollowerState (FollowerState.java:run(108)) - 79abbc2e-0a90-4a41-a17c-6388bb873359@group-B673650064C9-FollowerState: change to CANDIDATE, lastRpcTime:94ms, electionTimeout:94ms
2019-10-15 17:18:26,688 [Thread-2415] INFO  impl.RoleInfo (RoleInfo.java:shutdownFollowerState(121)) - 79abbc2e-0a90-4a41-a17c-6388bb873359: shutdown FollowerState
2019-10-15 17:18:26,688 [Thread-2415] INFO  impl.RaftServerImpl (RaftServerImpl.java:setRole(184)) - 79abbc2e-0a90-4a41-a17c-6388bb873359@group-B673650064C9: changes role from  FOLLOWER to CANDIDATE at term 362 for changeToCandidate
2019-10-15 17:18:26,688 [Thread-2415] INFO  impl.RoleInfo (RoleInfo.java:updateAndGet(143)) - 79abbc2e-0a90-4a41-a17c-6388bb873359: start LeaderElection
2019-10-15 17:18:26,710 [79abbc2e-0a90-4a41-a17c-6388bb873359@group-B673650064C9-LeaderElection316] INFO  impl.LeaderElection (LeaderElection.java:askForVotes(178)) - 79abbc2e-0a90-4a41-a17c-6388bb873359@group-B673650064C9-LeaderElection316: begin an election at term 363 for -1: [ebd8d1f9-8297-450f-abe7-393807ba0c7e:192.168.164.239:36510, dbc121b5-e1e8-4c61-9d50-542b699a3d90:192.168.164.239:43140, 79abbc2e-0a90-4a41-a17c-6388bb873359:192.168.164.239:37857], old=null
2019-10-15 17:18:26,712 [grpc-default-executor-3] INFO  impl.RaftServerImpl (RaftServerImpl.java:setRole(184)) - ebd8d1f9-8297-450f-abe7-393807ba0c7e@group-B673650064C9: changes role from  FOLLOWER to FOLLOWER at term 363 for recognizeCandidate:79abbc2e-0a90-4a41-a17c-6388bb873359
2019-10-15 17:18:26,712 [grpc-default-executor-3] INFO  impl.RoleInfo (RoleInfo.java:shutdownFollowerState(121)) - ebd8d1f9-8297-450f-abe7-393807ba0c7e: shutdown FollowerState
2019-10-15 17:18:26,712 [grpc-default-executor-1] INFO  impl.RaftServerImpl (RaftServerImpl.java:setRole(184)) - dbc121b5-e1e8-4c61-9d50-542b699a3d90@group-B673650064C9: changes role from  FOLLOWER to FOLLOWER at term 363 for recognizeCandidate:79abbc2e-0a90-4a41-a17c-6388bb873359
2019-10-15 17:18:26,713 [grpc-default-executor-1] INFO  impl.RoleInfo (RoleInfo.java:shutdownFollowerState(121)) - dbc121b5-e1e8-4c61-9d50-542b699a3d90: shutdown FollowerState
2019-10-15 17:18:26,713 [grpc-default-executor-1] INFO  impl.RoleInfo (RoleInfo.java:updateAndGet(143)) - dbc121b5-e1e8-4c61-9d50-542b699a3d90: start FollowerState
2019-10-15 17:18:26,713 [Thread-2413] INFO  impl.FollowerState (FollowerState.java:run(117)) - ebd8d1f9-8297-450f-abe7-393807ba0c7e@group-B673650064C9-FollowerState was interrupted: java.lang.InterruptedException: sleep interrupted
2019-10-15 17:18:26,713 [grpc-default-executor-3] INFO  impl.RoleInfo (RoleInfo.java:updateAndGet(143)) - ebd8d1f9-8297-450f-abe7-393807ba0c7e: start FollowerState
2019-10-15 17:18:26,713 [Thread-2414] INFO  impl.FollowerState (FollowerState.java:run(117)) - dbc121b5-e1e8-4c61-9d50-542b699a3d90@group-B673650064C9-FollowerState was interrupted: java.lang.InterruptedException: sleep interrupted
2019-10-15 17:18:26,713 [79abbc2e-0a90-4a41-a17c-6388bb873359@group-B673650064C9-LeaderElection316] INFO  impl.LeaderElection (LeaderElection.java:logAndReturn(56)) - 79abbc2e-0a90-4a41-a17c-6388bb873359@group-B673650064C9-LeaderElection316: Election TIMEOUT; received 0 response(s) [] and 0 exception(s); 79abbc2e-0a90-4a41-a17c-6388bb873359@group-B673650064C9:t363, leader=null, voted=79abbc2e-0a90-4a41-a17c-6388bb873359, raftlog=79abbc2e-0a90-4a41-a17c-6388bb873359@group-B673650064C9-SegmentedRaftLog:OPENED:c-1,f-1,i0, conf=-1: [ebd8d1f9-8297-450f-abe7-393807ba0c7e:192.168.164.239:36510, dbc121b5-e1e8-4c61-9d50-542b699a3d90:192.168.164.239:43140, 79abbc2e-0a90-4a41-a17c-6388bb873359:192.168.164.239:37857], old=null
2019-10-15 17:18:26,728 [79abbc2e-0a90-4a41-a17c-6388bb873359@group-B673650064C9-LeaderElection316] INFO  impl.LeaderElection (LeaderElection.java:askForVotes(178)) - 79abbc2e-0a90-4a41-a17c-6388bb873359@group-B673650064C9-LeaderElection316: begin an election at term 364 for -1: [ebd8d1f9-8297-450f-abe7-393807ba0c7e:192.168.164.239:36510, dbc121b5-e1e8-4c61-9d50-542b699a3d90:192.168.164.239:43140, 79abbc2e-0a90-4a41-a17c-6388bb873359:192.168.164.239:37857], old=null
2019-10-15 17:18:26,729 [grpc-default-executor-3] INFO  impl.RaftServerImpl (RaftServerImpl.java:setRole(184)) - ebd8d1f9-8297-450f-abe7-393807ba0c7e@group-B673650064C9: changes role from  FOLLOWER to FOLLOWER at term 364 for recognizeCandidate:79abbc2e-0a90-4a41-a17c-6388bb873359
2019-10-15 17:18:26,729 [grpc-default-executor-3] INFO  impl.RoleInfo (RoleInfo.java:shutdownFollowerState(121)) - ebd8d1f9-8297-450f-abe7-393807ba0c7e: shutdown FollowerState
2019-10-15 17:18:26,729 [grpc-default-executor-1] INFO  impl.RaftServerImpl (RaftServerImpl.java:setRole(184)) - dbc121b5-e1e8-4c61-9d50-542b699a3d90@group-B673650064C9: changes role from  FOLLOWER to FOLLOWER at term 364 for recognizeCandidate:79abbc2e-0a90-4a41-a17c-6388bb873359
2019-10-15 17:18:26,729 [grpc-default-executor-1] INFO  impl.RoleInfo (RoleInfo.java:shutdownFollowerState(121)) - dbc121b5-e1e8-4c61-9d50-542b699a3d90: shutdown FollowerState
2019-10-15 17:18:26,729 [Thread-2419] INFO  impl.FollowerState (FollowerState.java:run(117)) - ebd8d1f9-8297-450f-abe7-393807ba0c7e@group-B673650064C9-FollowerState was interrupted: java.lang.InterruptedException: sleep interrupted
2019-10-15 17:18:26,729 [grpc-default-executor-3] INFO  impl.RoleInfo (RoleInfo.java:updateAndGet(143)) - ebd8d1f9-8297-450f-abe7-393807ba0c7e: start FollowerState
2019-10-15 17:18:26,730 [Thread-2420] INFO  impl.FollowerState (FollowerState.java:run(117)) - dbc121b5-e1e8-4c61-9d50-542b699a3d90@group-B673650064C9-FollowerState was interrupted: java.lang.InterruptedException: sleep interrupted
2019-10-15 17:18:26,730 [grpc-default-executor-1] INFO  impl.RoleInfo (RoleInfo.java:updateAndGet(143)) - dbc121b5-e1e8-4c61-9d50-542b699a3d90: start FollowerState
2019-10-15 17:18:26,754 [79abbc2e-0a90-4a41-a17c-6388bb873359@group-B673650064C9-LeaderElection316] INFO  impl.LeaderElection (LeaderElection.java:logAndReturn(56)) - 79abbc2e-0a90-4a41-a17c-6388bb873359@group-B673650064C9-LeaderElection316: Election REJECTED; received 2 response(s) [79abbc2e-0a90-4a41-a17c-6388bb873359<-ebd8d1f9-8297-450f-abe7-393807ba0c7e#0:FAIL-t364, 79abbc2e-0a90-4a41-a17c-6388bb873359<-dbc121b5-e1e8-4c61-9d50-542b699a3d90#0:FAIL-t364] and 0 exception(s); 79abbc2e-0a90-4a41-a17c-6388bb873359@group-B673650064C9:t364, leader=null, voted=79abbc2e-0a90-4a41-a17c-6388bb873359, raftlog=79abbc2e-0a90-4a41-a17c-6388bb873359@group-B673650064C9-SegmentedRaftLog:OPENED:c-1,f-1,i0, conf=-1: [ebd8d1f9-8297-450f-abe7-393807ba0c7e:192.168.164.239:36510, dbc121b5-e1e8-4c61-9d50-542b699a3d90:192.168.164.239:43140, 79abbc2e-0a90-4a41-a17c-6388bb873359:192.168.164.239:37857], old=null
2019-10-15 17:18:26,754 [79abbc2e-0a90-4a41-a17c-6388bb873359@group-B673650064C9-LeaderElection316] INFO  impl.RaftServerImpl (RaftServerImpl.java:setRole(184)) - 79abbc2e-0a90-4a41-a17c-6388bb873359@group-B673650064C9: changes role from CANDIDATE to FOLLOWER at term 364 for DISCOVERED_A_NEW_TERM
2019-10-15 17:18:26,754 [79abbc2e-0a90-4a41-a17c-6388bb873359@group-B673650064C9-LeaderElection316] INFO  impl.RoleInfo (RoleInfo.java:shutdownLeaderElection(134)) - 79abbc2e-0a90-4a41-a17c-6388bb873359: shutdown LeaderElection
2019-10-15 17:18:26,754 [79abbc2e-0a90-4a41-a17c-6388bb873359@group-B673650064C9-LeaderElection316] INFO  impl.RoleInfo (RoleInfo.java:updateAndGet(143)) - 79abbc2e-0a90-4a41-a17c-6388bb873359: start FollowerState
2019-10-15 17:18:26,836 [Thread-2425] INFO  impl.FollowerState (FollowerState.java:run(108)) - 79abbc2e-0a90-4a41-a17c-6388bb873359@group-B673650064C9-FollowerState: change to CANDIDATE, lastRpcTime:81ms, electionTimeout:81ms
2019-10-15 17:18:26,836 [Thread-2425] INFO  impl.RoleInfo (RoleInfo.java:shutdownFollowerState(121)) - 79abbc2e-0a90-4a41-a17c-6388bb873359: shutdown FollowerState
2019-10-15 17:18:26,836 [Thread-2425] INFO  impl.RaftServerImpl (RaftServerImpl.java:setRole(184)) - 79abbc2e-0a90-4a41-a17c-6388bb873359@group-B673650064C9: changes role from  FOLLOWER to CANDIDATE at term 364 for changeToCandidate
2019-10-15 17:18:26,836 [Thread-2425] INFO  impl.RoleInfo (RoleInfo.java:updateAndGet(143)) - 79abbc2e-0a90-4a41-a17c-6388bb873359: start LeaderElection
2019-10-15 17:18:26,855 [79abbc2e-0a90-4a41-a17c-6388bb873359@group-B673650064C9-LeaderElection317] INFO  impl.LeaderElection (LeaderElection.java:askForVotes(178)) - 79abbc2e-0a90-4a41-a17c-6388bb873359@group-B673650064C9-LeaderElection317: begin an election at term 365 for -1: [ebd8d1f9-8297-450f-abe7-393807ba0c7e:192.168.164.239:36510, dbc121b5-e1e8-4c61-9d50-542b699a3d90:192.168.164.239:43140, 79abbc2e-0a90-4a41-a17c-6388bb873359:192.168.164.239:37857], old=null
2019-10-15 17:18:26,856 [grpc-default-executor-1] INFO  impl.RaftServerImpl (RaftServerImpl.java:setRole(184)) - dbc121b5-e1e8-4c61-9d50-542b699a3d90@group-B673650064C9: changes role from  FOLLOWER to FOLLOWER at term 365 for recognizeCandidate:79abbc2e-0a90-4a41-a17c-6388bb873359
2019-10-15 17:18:26,856 [grpc-default-executor-3] INFO  impl.RaftServerImpl (RaftServerImpl.java:setRole(184)) - ebd8d1f9-8297-450f-abe7-393807ba0c7e@group-B673650064C9: changes role from  FOLLOWER to FOLLOWER at term 365 for recognizeCandidate:79abbc2e-0a90-4a41-a17c-6388bb873359
2019-10-15 17:18:26,857 [grpc-default-executor-1] INFO  impl.RoleInfo (RoleInfo.java:shutdownFollowerState(121)) - dbc121b5-e1e8-4c61-9d50-542b699a3d90: shutdown FollowerState
2019-10-15 17:18:26,857 [grpc-default-executor-3] INFO  impl.RoleInfo (RoleInfo.java:shutdownFollowerState(121)) - ebd8d1f9-8297-450f-abe7-393807ba0c7e: shutdown FollowerState
2019-10-15 17:18:26,857 [Thread-2424] INFO  impl.FollowerState (FollowerState.java:run(117)) - dbc121b5-e1e8-4c61-9d50-542b699a3d90@group-B673650064C9-FollowerState was interrupted: java.lang.InterruptedException: sleep interrupted
2019-10-15 17:18:26,857 [Thread-2423] INFO  impl.FollowerState (FollowerState.java:run(117)) - ebd8d1f9-8297-450f-abe7-393807ba0c7e@group-B673650064C9-FollowerState was interrupted: java.lang.InterruptedException: sleep interrupted
2019-10-15 17:18:26,857 [grpc-default-executor-1] INFO  impl.RoleInfo (RoleInfo.java:updateAndGet(143)) - dbc121b5-e1e8-4c61-9d50-542b699a3d90: start FollowerState
2019-10-15 17:18:26,857 [grpc-default-executor-3] INFO  impl.RoleInfo (RoleInfo.java:updateAndGet(143)) - ebd8d1f9-8297-450f-abe7-393807ba0c7e: start FollowerState
2019-10-15 17:18:26,872 [79abbc2e-0a90-4a41-a17c-6388bb873359@group-B673650064C9-LeaderElection317] INFO  impl.LeaderElection (LeaderElection.java:logAndReturn(56)) - 79abbc2e-0a90-4a41-a17c-6388bb873359@group-B673650064C9-LeaderElection317: Election REJECTED; received 2 response(s) [79abbc2e-0a90-4a41-a17c-6388bb873359<-ebd8d1f9-8297-450f-abe7-393807ba0c7e#0:FAIL-t365, 79abbc2e-0a90-4a41-a17c-6388bb873359<-dbc121b5-e1e8-4c61-9d50-542b699a3d90#0:FAIL-t365] and 0 exception(s); 79abbc2e-0a90-4a41-a17c-6388bb873359@group-B673650064C9:t365, leader=null, voted=79abbc2e-0a90-4a41-a17c-6388bb873359, raftlog=79abbc2e-0a90-4a41-a17c-6388bb873359@group-B673650064C9-SegmentedRaftLog:OPENED:c-1,f-1,i0, conf=-1: [ebd8d1f9-8297-450f-abe7-393807ba0c7e:192.168.164.239:36510, dbc121b5-e1e8-4c61-9d50-542b699a3d90:192.168.164.239:43140, 79abbc2e-0a90-4a41-a17c-6388bb873359:192.168.164.239:37857], old=null
2019-10-15 17:18:26,873 [79abbc2e-0a90-4a41-a17c-6388bb873359@group-B673650064C9-LeaderElection317] INFO  impl.RaftServerImpl (RaftServerImpl.java:setRole(184)) - 79abbc2e-0a90-4a41-a17c-6388bb873359@group-B673650064C9: changes role from CANDIDATE to FOLLOWER at term 365 for DISCOVERED_A_NEW_TERM
2019-10-15 17:18:26,873 [79abbc2e-0a90-4a41-a17c-6388bb873359@group-B673650064C9-LeaderElection317] INFO  impl.RoleInfo (RoleInfo.java:shutdownLeaderElection(134)) - 79abbc2e-0a90-4a41-a17c-6388bb873359: shutdown LeaderElection
2019-10-15 17:18:26,873 [79abbc2e-0a90-4a41-a17c-6388bb873359@group-B673650064C9-LeaderElection317] INFO  impl.RoleInfo (RoleInfo.java:updateAndGet(143)) - 79abbc2e-0a90-4a41-a17c-6388bb873359: start FollowerState
2019-10-15 17:18:26,999 [Thread-2431] INFO  impl.FollowerState (FollowerState.java:run(108)) - 79abbc2e-0a90-4a41-a17c-6388bb873359@group-B673650064C9-FollowerState: change to CANDIDATE, lastRpcTime:126ms, electionTimeout:126ms
2019-10-15 17:18:26,999 [Thread-2431] INFO  impl.RoleInfo (RoleInfo.java:shutdownFollowerState(121)) - 79abbc2e-0a90-4a41-a17c-6388bb873359: shutdown FollowerState
2019-10-15 17:18:26,999 [Thread-2431] INFO  impl.RaftServerImpl (RaftServerImpl.java:setRole(184)) - 79abbc2e-0a90-4a41-a17c-6388bb873359@group-B673650064C9: changes role from  FOLLOWER to CANDIDATE at term 365 for changeToCandidate
2019-10-15 17:18:27,000 [Thread-2431] INFO  impl.RoleInfo (RoleInfo.java:updateAndGet(143)) - 79abbc2e-0a90-4a41-a17c-6388bb873359: start LeaderElection
2019-10-15 17:18:27,015 [79abbc2e-0a90-4a41-a17c-6388bb873359@group-B673650064C9-LeaderElection318] INFO  impl.LeaderElection (LeaderElection.java:askForVotes(178)) - 79abbc2e-0a90-4a41-a17c-6388bb873359@group-B673650064C9-LeaderElection318: begin an election at term 366 for -1: [ebd8d1f9-8297-450f-abe7-393807ba0c7e:192.168.164.239:36510, dbc121b5-e1e8-4c61-9d50-542b699a3d90:192.168.164.239:43140, 79abbc2e-0a90-4a41-a17c-6388bb873359:192.168.164.239:37857], old=null
2019-10-15 17:18:27,017 [grpc-default-executor-3] INFO  impl.RaftServerImpl (RaftServerImpl.java:setRole(184)) - ebd8d1f9-8297-450f-abe7-393807ba0c7e@group-B673650064C9: changes role from  FOLLOWER to FOLLOWER at term 366 for recognizeCandidate:79abbc2e-0a90-4a41-a17c-6388bb873359
2019-10-15 17:18:27,017 [grpc-default-executor-1] INFO  impl.RaftServerImpl (RaftServerImpl.java:setRole(184)) - dbc121b5-e1e8-4c61-9d50-542b699a3d90@group-B673650064C9: changes role from  FOLLOWER to FOLLOWER at term 366 for recognizeCandidate:79abbc2e-0a90-4a41-a17c-6388bb873359
2019-10-15 17:18:27,017 [grpc-default-executor-3] INFO  impl.RoleInfo (RoleInfo.java:shutdownFollowerState(121)) - ebd8d1f9-8297-450f-abe7-393807ba0c7e: shutdown FollowerState
2019-10-15 17:18:27,017 [grpc-default-executor-1] INFO  impl.RoleInfo (RoleInfo.java:shutdownFollowerState(121)) - dbc121b5-e1e8-4c61-9d50-542b699a3d90: shutdown FollowerState
2019-10-15 17:18:27,018 [Thread-2430] INFO  impl.FollowerState (FollowerState.java:run(117)) - ebd8d1f9-8297-450f-abe7-393807ba0c7e@group-B673650064C9-FollowerState was interrupted: java.lang.InterruptedException: sleep interrupted
2019-10-15 17:18:27,018 [Thread-2429] INFO  impl.FollowerState (FollowerState.java:run(117)) - dbc121b5-e1e8-4c61-9d50-542b699a3d90@group-B673650064C9-FollowerState was interrupted: java.lang.InterruptedException: sleep interrupted
2019-10-15 17:18:27,018 [grpc-default-executor-1] INFO  impl.RoleInfo (RoleInfo.java:updateAndGet(143)) - dbc121b5-e1e8-4c61-9d50-542b699a3d90: start FollowerState
2019-10-15 17:18:27,018 [grpc-default-executor-3] INFO  impl.RoleInfo (RoleInfo.java:updateAndGet(143)) - ebd8d1f9-8297-450f-abe7-393807ba0c7e: start FollowerState
2019-10-15 17:18:27,040 [79abbc2e-0a90-4a41-a17c-6388bb873359@group-B673650064C9-LeaderElection318] INFO  impl.LeaderElection (LeaderElection.java:logAndReturn(56)) - 79abbc2e-0a90-4a41-a17c-6388bb873359@group-B673650064C9-LeaderElection318: Election TIMEOUT; received 0 response(s) [] and 0 exception(s); 79abbc2e-0a90-4a41-a17c-6388bb873359@group-B673650064C9:t366, leader=null, voted=79abbc2e-0a90-4a41-a17c-6388bb873359, raftlog=79abbc2e-0a90-4a41-a17c-6388bb873359@group-B673650064C9-SegmentedRaftLog:OPENED:c-1,f-1,i0, conf=-1: [ebd8d1f9-8297-450f-abe7-393807ba0c7e:192.168.164.239:36510, dbc121b5-e1e8-4c61-9d50-542b699a3d90:192.168.164.239:43140, 79abbc2e-0a90-4a41-a17c-6388bb873359:192.168.164.239:37857], old=null
2019-10-15 17:18:27,060 [79abbc2e-0a90-4a41-a17c-6388bb873359@group-B673650064C9-LeaderElection318] INFO  impl.LeaderElection (LeaderElection.java:askForVotes(178)) - 79abbc2e-0a90-4a41-a17c-6388bb873359@group-B673650064C9-LeaderElection318: begin an election at term 367 for -1: [ebd8d1f9-8297-450f-abe7-393807ba0c7e:192.168.164.239:36510, dbc121b5-e1e8-4c61-9d50-542b699a3d90:192.168.164.239:43140, 79abbc2e-0a90-4a41-a17c-6388bb873359:192.168.164.239:37857], old=null
2019-10-15 17:18:27,062 [grpc-default-executor-1] INFO  impl.RaftServerImpl (RaftServerImpl.java:setRole(184)) - ebd8d1f9-8297-450f-abe7-393807ba0c7e@group-B673650064C9: changes role from  FOLLOWER to FOLLOWER at term 367 for recognizeCandidate:79abbc2e-0a90-4a41-a17c-6388bb873359
2019-10-15 17:18:27,062 [grpc-default-executor-1] INFO  impl.RoleInfo (RoleInfo.java:shutdownFollowerState(121)) - ebd8d1f9-8297-450f-abe7-393807ba0c7e: shutdown FollowerState
2019-10-15 17:18:27,062 [grpc-default-executor-3] INFO  impl.RaftServerImpl (RaftServerImpl.java:setRole(184)) - dbc121b5-e1e8-4c61-9d50-542b699a3d90@group-B673650064C9: changes role from  FOLLOWER to FOLLOWER at term 367 for recognizeCandidate:79abbc2e-0a90-4a41-a17c-6388bb873359
2019-10-15 17:18:27,062 [grpc-default-executor-3] INFO  impl.RoleInfo (RoleInfo.java:shutdownFollowerState(121)) - dbc121b5-e1e8-4c61-9d50-542b699a3d90: shutdown FollowerState
2019-10-15 17:18:27,062 [grpc-default-executor-1] INFO  impl.RoleInfo (RoleInfo.java:updateAndGet(143)) - ebd8d1f9-8297-450f-abe7-393807ba0c7e: start FollowerState
2019-10-15 17:18:27,062 [Thread-2436] INFO  impl.FollowerState (FollowerState.java:run(117)) - dbc121b5-e1e8-4c61-9d50-542b699a3d90@group-B673650064C9-FollowerState was interrupted: java.lang.InterruptedException: sleep interrupted
2019-10-15 17:18:27,062 [grpc-default-executor-3] INFO  impl.RoleInfo (RoleInfo.java:updateAndGet(143)) - dbc121b5-e1e8-4c61-9d50-542b699a3d90: start FollowerState
2019-10-15 17:18:27,062 [Thread-2435] INFO  impl.FollowerState (FollowerState.java:run(117)) - ebd8d1f9-8297-450f-abe7-393807ba0c7e@group-B673650064C9-FollowerState was interrupted: java.lang.InterruptedException: sleep interrupted
2019-10-15 17:18:27,078 [79abbc2e-0a90-4a41-a17c-6388bb873359@group-B673650064C9-LeaderElection318] INFO  impl.LeaderElection (LeaderElection.java:logAndReturn(56)) - 79abbc2e-0a90-4a41-a17c-6388bb873359@group-B673650064C9-LeaderElection318: Election REJECTED; received 2 response(s) [79abbc2e-0a90-4a41-a17c-6388bb873359<-ebd8d1f9-8297-450f-abe7-393807ba0c7e#0:FAIL-t367, 79abbc2e-0a90-4a41-a17c-6388bb873359<-dbc121b5-e1e8-4c61-9d50-542b699a3d90#0:FAIL-t367] and 0 exception(s); 79abbc2e-0a90-4a41-a17c-6388bb873359@group-B673650064C9:t367, leader=null, voted=79abbc2e-0a90-4a41-a17c-6388bb873359, raftlog=79abbc2e-0a90-4a41-a17c-6388bb873359@group-B673650064C9-SegmentedRaftLog:OPENED:c-1,f-1,i0, conf=-1: [ebd8d1f9-8297-450f-abe7-393807ba0c7e:192.168.164.239:36510, dbc121b5-e1e8-4c61-9d50-542b699a3d90:192.168.164.239:43140, 79abbc2e-0a90-4a41-a17c-6388bb873359:192.168.164.239:37857], old=null
2019-10-15 17:18:27,078 [79abbc2e-0a90-4a41-a17c-6388bb873359@group-B673650064C9-LeaderElection318] INFO  impl.RaftServerImpl (RaftServerImpl.java:setRole(184)) - 79abbc2e-0a90-4a41-a17c-6388bb873359@group-B673650064C9: changes role from CANDIDATE to FOLLOWER at term 367 for DISCOVERED_A_NEW_TERM
2019-10-15 17:18:27,079 [79abbc2e-0a90-4a41-a17c-6388bb873359@group-B673650064C9-LeaderElection318] INFO  impl.RoleInfo (RoleInfo.java:shutdownLeaderElection(134)) - 79abbc2e-0a90-4a41-a17c-6388bb873359: shutdown LeaderElection
2019-10-15 17:18:27,079 [79abbc2e-0a90-4a41-a17c-6388bb873359@group-B673650064C9-LeaderElection318] INFO  impl.RoleInfo (RoleInfo.java:updateAndGet(143)) - 79abbc2e-0a90-4a41-a17c-6388bb873359: start FollowerState
2019-10-15 17:18:27,180 [Thread-2441] INFO  impl.FollowerState (FollowerState.java:run(108)) - 79abbc2e-0a90-4a41-a17c-6388bb873359@group-B673650064C9-FollowerState: change to CANDIDATE, lastRpcTime:101ms, electionTimeout:101ms
2019-10-15 17:18:27,180 [Thread-2441] INFO  impl.RoleInfo (RoleInfo.java:shutdownFollowerState(121)) - 79abbc2e-0a90-4a41-a17c-6388bb873359: shutdown FollowerState
2019-10-15 17:18:27,180 [Thread-2441] INFO  impl.RaftServerImpl (RaftServerImpl.java:setRole(184)) - 79abbc2e-0a90-4a41-a17c-6388bb873359@group-B673650064C9: changes role from  FOLLOWER to CANDIDATE at term 367 for changeToCandidate
2019-10-15 17:18:27,180 [Thread-2441] INFO  impl.RoleInfo (RoleInfo.java:updateAndGet(143)) - 79abbc2e-0a90-4a41-a17c-6388bb873359: start LeaderElection
2019-10-15 17:18:27,204 [79abbc2e-0a90-4a41-a17c-6388bb873359@group-B673650064C9-LeaderElection319] INFO  impl.LeaderElection (LeaderElection.java:askForVotes(178)) - 79abbc2e-0a90-4a41-a17c-6388bb873359@group-B673650064C9-LeaderElection319: begin an election at term 368 for -1: [ebd8d1f9-8297-450f-abe7-393807ba0c7e:192.168.164.239:36510, dbc121b5-e1e8-4c61-9d50-542b699a3d90:192.168.164.239:43140, 79abbc2e-0a90-4a41-a17c-6388bb873359:192.168.164.239:37857], old=null
2019-10-15 17:18:27,206 [grpc-default-executor-3] INFO  impl.RaftServerImpl (RaftServerImpl.java:setRole(184)) - ebd8d1f9-8297-450f-abe7-393807ba0c7e@group-B673650064C9: changes role from  FOLLOWER to FOLLOWER at term 368 for recognizeCandidate:79abbc2e-0a90-4a41-a17c-6388bb873359
2019-10-15 17:18:27,206 [grpc-default-executor-3] INFO  impl.RoleInfo (RoleInfo.java:shutdownFollowerState(121)) - ebd8d1f9-8297-450f-abe7-393807ba0c7e: shutdown FollowerState
2019-10-15 17:18:27,206 [grpc-default-executor-1] INFO  impl.RaftServerImpl (RaftServerImpl.java:setRole(184)) - dbc121b5-e1e8-4c61-9d50-542b699a3d90@group-B673650064C9: changes role from  FOLLOWER to FOLLOWER at term 368 for recognizeCandidate:79abbc2e-0a90-4a41-a17c-6388bb873359
2019-10-15 17:18:27,206 [grpc-default-executor-1] INFO  impl.RoleInfo (RoleInfo.java:shutdownFollowerState(121)) - dbc121b5-e1e8-4c61-9d50-542b699a3d90: shutdown FollowerState
2019-10-15 17:18:27,206 [grpc-default-executor-3] INFO  impl.RoleInfo (RoleInfo.java:updateAndGet(143)) - ebd8d1f9-8297-450f-abe7-393807ba0c7e: start FollowerState
2019-10-15 17:18:27,206 [Thread-2439] INFO  impl.FollowerState (FollowerState.java:run(117)) - ebd8d1f9-8297-450f-abe7-393807ba0c7e@group-B673650064C9-FollowerState was interrupted: java.lang.InterruptedException: sleep interrupted
2019-10-15 17:18:27,207 [Thread-2440] INFO  impl.FollowerState (FollowerState.java:run(117)) - dbc121b5-e1e8-4c61-9d50-542b699a3d90@group-B673650064C9-FollowerState was interrupted: java.lang.InterruptedException: sleep interrupted
2019-10-15 17:18:27,206 [grpc-default-executor-1] INFO  impl.RoleInfo (RoleInfo.java:updateAndGet(143)) - dbc121b5-e1e8-4c61-9d50-542b699a3d90: start FollowerState
2019-10-15 17:18:27,231 [79abbc2e-0a90-4a41-a17c-6388bb873359@group-B673650064C9-LeaderElection319] INFO  impl.LeaderElection (LeaderElection.java:logAndReturn(56)) - 79abbc2e-0a90-4a41-a17c-6388bb873359@group-B673650064C9-LeaderElection319: Election REJECTED; received 2 response(s) [79abbc2e-0a90-4a41-a17c-6388bb873359<-ebd8d1f9-8297-450f-abe7-393807ba0c7e#0:FAIL-t368, 79abbc2e-0a90-4a41-a17c-6388bb873359<-dbc121b5-e1e8-4c61-9d50-542b699a3d90#0:FAIL-t368] and 0 exception(s); 79abbc2e-0a90-4a41-a17c-6388bb873359@group-B673650064C9:t368, leader=null, voted=79abbc2e-0a90-4a41-a17c-6388bb873359, raftlog=79abbc2e-0a90-4a41-a17c-6388bb873359@group-B673650064C9-SegmentedRaftLog:OPENED:c-1,f-1,i0, conf=-1: [ebd8d1f9-8297-450f-abe7-393807ba0c7e:192.168.164.239:36510, dbc121b5-e1e8-4c61-9d50-542b699a3d90:192.168.164.239:43140, 79abbc2e-0a90-4a41-a17c-6388bb873359:192.168.164.239:37857], old=null
2019-10-15 17:18:27,231 [79abbc2e-0a90-4a41-a17c-6388bb873359@group-B673650064C9-LeaderElection319] INFO  impl.RaftServerImpl (RaftServerImpl.java:setRole(184)) - 79abbc2e-0a90-4a41-a17c-6388bb873359@group-B673650064C9: changes role from CANDIDATE to FOLLOWER at term 368 for DISCOVERED_A_NEW_TERM
2019-10-15 17:18:27,231 [79abbc2e-0a90-4a41-a17c-6388bb873359@group-B673650064C9-LeaderElection319] INFO  impl.RoleInfo (RoleInfo.java:shutdownLeaderElection(134)) - 79abbc2e-0a90-4a41-a17c-6388bb873359: shutdown LeaderElection
2019-10-15 17:18:27,231 [79abbc2e-0a90-4a41-a17c-6388bb873359@group-B673650064C9-LeaderElection319] INFO  impl.RoleInfo (RoleInfo.java:updateAndGet(143)) - 79abbc2e-0a90-4a41-a17c-6388bb873359: start FollowerState
2019-10-15 17:18:27,305 [Thread-2449] INFO  impl.FollowerState (FollowerState.java:run(108)) - 79abbc2e-0a90-4a41-a17c-6388bb873359@group-B673650064C9-FollowerState: change to CANDIDATE, lastRpcTime:74ms, electionTimeout:74ms
2019-10-15 17:18:27,306 [Thread-2449] INFO  impl.RoleInfo (RoleInfo.java:shutdownFollowerState(121)) - 79abbc2e-0a90-4a41-a17c-6388bb873359: shutdown FollowerState
2019-10-15 17:18:27,306 [Thread-2449] INFO  impl.RaftServerImpl (RaftServerImpl.java:setRole(184)) - 79abbc2e-0a90-4a41-a17c-6388bb873359@group-B673650064C9: changes role from  FOLLOWER to CANDIDATE at term 368 for changeToCandidate
2019-10-15 17:18:27,306 [Thread-2449] INFO  impl.RoleInfo (RoleInfo.java:updateAndGet(143)) - 79abbc2e-0a90-4a41-a17c-6388bb873359: start LeaderElection
2019-10-15 17:18:27,331 [79abbc2e-0a90-4a41-a17c-6388bb873359@group-B673650064C9-LeaderElection320] INFO  impl.LeaderElection (LeaderElection.java:askForVotes(178)) - 79abbc2e-0a90-4a41-a17c-6388bb873359@group-B673650064C9-LeaderElection320: begin an election at term 369 for -1: [ebd8d1f9-8297-450f-abe7-393807ba0c7e:192.168.164.239:36510, dbc121b5-e1e8-4c61-9d50-542b699a3d90:192.168.164.239:43140, 79abbc2e-0a90-4a41-a17c-6388bb873359:192.168.164.239:37857], old=null
2019-10-15 17:18:27,333 [grpc-default-executor-3] INFO  impl.RaftServerImpl (RaftServerImpl.java:setRole(184)) - dbc121b5-e1e8-4c61-9d50-542b699a3d90@group-B673650064C9: changes role from  FOLLOWER to FOLLOWER at term 369 for recognizeCandidate:79abbc2e-0a90-4a41-a17c-6388bb873359
2019-10-15 17:18:27,333 [grpc-default-executor-3] INFO  impl.RoleInfo (RoleInfo.java:shutdownFollowerState(121)) - dbc121b5-e1e8-4c61-9d50-542b699a3d90: shutdown FollowerState
2019-10-15 17:18:27,333 [grpc-default-executor-1] INFO  impl.RaftServerImpl (RaftServerImpl.java:setRole(184)) - ebd8d1f9-8297-450f-abe7-393807ba0c7e@group-B673650064C9: changes role from  FOLLOWER to FOLLOWER at term 369 for recognizeCandidate:79abbc2e-0a90-4a41-a17c-6388bb873359
2019-10-15 17:18:27,333 [Thread-2448] INFO  impl.FollowerState (FollowerState.java:run(117)) - dbc121b5-e1e8-4c61-9d50-542b699a3d90@group-B673650064C9-FollowerState was interrupted: java.lang.InterruptedException: sleep interrupted
2019-10-15 17:18:27,333 [grpc-default-executor-3] INFO  impl.RoleInfo (RoleInfo.java:updateAndGet(143)) - dbc121b5-e1e8-4c61-9d50-542b699a3d90: start FollowerState
2019-10-15 17:18:27,333 [grpc-default-executor-1] INFO  impl.RoleInfo (RoleInfo.java:shutdownFollowerState(121)) - ebd8d1f9-8297-450f-abe7-393807ba0c7e: shutdown FollowerState
2019-10-15 17:18:27,334 [grpc-default-executor-1] INFO  impl.RoleInfo (RoleInfo.java:updateAndGet(143)) - ebd8d1f9-8297-450f-abe7-393807ba0c7e: start FollowerState
2019-10-15 17:18:27,334 [Thread-2447] INFO  impl.FollowerState (FollowerState.java:run(117)) - ebd8d1f9-8297-450f-abe7-393807ba0c7e@group-B673650064C9-FollowerState was interrupted: java.lang.InterruptedException: sleep interrupted
2019-10-15 17:18:27,358 [79abbc2e-0a90-4a41-a17c-6388bb873359@group-B673650064C9-LeaderElection320] INFO  impl.LeaderElection (LeaderElection.java:logAndReturn(56)) - 79abbc2e-0a90-4a41-a17c-6388bb873359@group-B673650064C9-LeaderElection320: Election REJECTED; received 2 response(s) [79abbc2e-0a90-4a41-a17c-6388bb873359<-ebd8d1f9-8297-450f-abe7-393807ba0c7e#0:FAIL-t369, 79abbc2e-0a90-4a41-a17c-6388bb873359<-dbc121b5-e1e8-4c61-9d50-542b699a3d90#0:FAIL-t369] and 0 exception(s); 79abbc2e-0a90-4a41-a17c-6388bb873359@group-B673650064C9:t369, leader=null, voted=79abbc2e-0a90-4a41-a17c-6388bb873359, raftlog=79abbc2e-0a90-4a41-a17c-6388bb873359@group-B673650064C9-SegmentedRaftLog:OPENED:c-1,f-1,i0, conf=-1: [ebd8d1f9-8297-450f-abe7-393807ba0c7e:192.168.164.239:36510, dbc121b5-e1e8-4c61-9d50-542b699a3d90:192.168.164.239:43140, 79abbc2e-0a90-4a41-a17c-6388bb873359:192.168.164.239:37857], old=null
2019-10-15 17:18:27,358 [79abbc2e-0a90-4a41-a17c-6388bb873359@group-B673650064C9-LeaderElection320] INFO  impl.RaftServerImpl (RaftServerImpl.java:setRole(184)) - 79abbc2e-0a90-4a41-a17c-6388bb873359@group-B673650064C9: changes role from CANDIDATE to FOLLOWER at term 369 for DISCOVERED_A_NEW_TERM
2019-10-15 17:18:27,358 [79abbc2e-0a90-4a41-a17c-6388bb873359@group-B673650064C9-LeaderElection320] INFO  impl.RoleInfo (RoleInfo.java:shutdownLeaderElection(134)) - 79abbc2e-0a90-4a41-a17c-6388bb873359: shutdown LeaderElection
2019-10-15 17:18:27,358 [79abbc2e-0a90-4a41-a17c-6388bb873359@group-B673650064C9-LeaderElection320] INFO  impl.RoleInfo (RoleInfo.java:updateAndGet(143)) - 79abbc2e-0a90-4a41-a17c-6388bb873359: start FollowerState
2019-10-15 17:18:27,550 [Thread-2455] INFO  impl.FollowerState (FollowerState.java:run(108)) - 79abbc2e-0a90-4a41-a17c-6388bb873359@group-B673650064C9-FollowerState: change to CANDIDATE, lastRpcTime:192ms, electionTimeout:192ms
2019-10-15 17:18:27,551 [Thread-2455] INFO  impl.RoleInfo (RoleInfo.java:shutdownFollowerState(121)) - 79abbc2e-0a90-4a41-a17c-6388bb873359: shutdown FollowerState
2019-10-15 17:18:27,551 [Thread-2455] INFO  impl.RaftServerImpl (RaftServerImpl.java:setRole(184)) - 79abbc2e-0a90-4a41-a17c-6388bb873359@group-B673650064C9: changes role from  FOLLOWER to CANDIDATE at term 369 for changeToCandidate
2019-10-15 17:18:27,551 [Thread-2455] INFO  impl.RoleInfo (RoleInfo.java:updateAndGet(143)) - 79abbc2e-0a90-4a41-a17c-6388bb873359: start LeaderElection
2019-10-15 17:18:27,575 [79abbc2e-0a90-4a41-a17c-6388bb873359@group-B673650064C9-LeaderElection321] INFO  impl.LeaderElection (LeaderElection.java:askForVotes(178)) - 79abbc2e-0a90-4a41-a17c-6388bb873359@group-B673650064C9-LeaderElection321: begin an election at term 370 for -1: [ebd8d1f9-8297-450f-abe7-393807ba0c7e:192.168.164.239:36510, dbc121b5-e1e8-4c61-9d50-542b699a3d90:192.168.164.239:43140, 79abbc2e-0a90-4a41-a17c-6388bb873359:192.168.164.239:37857], old=null
2019-10-15 17:18:27,576 [grpc-default-executor-3] INFO  impl.RaftServerImpl (RaftServerImpl.java:setRole(184)) - ebd8d1f9-8297-450f-abe7-393807ba0c7e@group-B673650064C9: changes role from  FOLLOWER to FOLLOWER at term 370 for recognizeCandidate:79abbc2e-0a90-4a41-a17c-6388bb873359
2019-10-15 17:18:27,576 [grpc-default-executor-3] INFO  impl.RoleInfo (RoleInfo.java:shutdownFollowerState(121)) - ebd8d1f9-8297-450f-abe7-393807ba0c7e: shutdown FollowerState
2019-10-15 17:18:27,576 [grpc-default-executor-1] INFO  impl.RaftServerImpl (RaftServerImpl.java:setRole(184)) - dbc121b5-e1e8-4c61-9d50-542b699a3d90@group-B673650064C9: changes role from  FOLLOWER to FOLLOWER at term 370 for recognizeCandidate:79abbc2e-0a90-4a41-a17c-6388bb873359
2019-10-15 17:18:27,576 [Thread-2454] INFO  impl.FollowerState (FollowerState.java:run(117)) - ebd8d1f9-8297-450f-abe7-393807ba0c7e@group-B673650064C9-FollowerState was interrupted: java.lang.InterruptedException: sleep interrupted
2019-10-15 17:18:27,576 [grpc-default-executor-3] INFO  impl.RoleInfo (RoleInfo.java:updateAndGet(143)) - ebd8d1f9-8297-450f-abe7-393807ba0c7e: start FollowerState
2019-10-15 17:18:27,577 [grpc-default-executor-1] INFO  impl.RoleInfo (RoleInfo.java:shutdownFollowerState(121)) - dbc121b5-e1e8-4c61-9d50-542b699a3d90: shutdown FollowerState
2019-10-15 17:18:27,577 [grpc-default-executor-1] INFO  impl.RoleInfo (RoleInfo.java:updateAndGet(143)) - dbc121b5-e1e8-4c61-9d50-542b699a3d90: start FollowerState
2019-10-15 17:18:27,577 [Thread-2453] INFO  impl.FollowerState (FollowerState.java:run(117)) - dbc121b5-e1e8-4c61-9d50-542b699a3d90@group-B673650064C9-FollowerState was interrupted: java.lang.InterruptedException: sleep interrupted
2019-10-15 17:18:27,601 [79abbc2e-0a90-4a41-a17c-6388bb873359@group-B673650064C9-LeaderElection321] INFO  impl.LeaderElection (LeaderElection.java:logAndReturn(56)) - 79abbc2e-0a90-4a41-a17c-6388bb873359@group-B673650064C9-LeaderElection321: Election REJECTED; received 2 response(s) [79abbc2e-0a90-4a41-a17c-6388bb873359<-ebd8d1f9-8297-450f-abe7-393807ba0c7e#0:FAIL-t370, 79abbc2e-0a90-4a41-a17c-6388bb873359<-dbc121b5-e1e8-4c61-9d50-542b699a3d90#0:FAIL-t370] and 0 exception(s); 79abbc2e-0a90-4a41-a17c-6388bb873359@group-B673650064C9:t370, leader=null, voted=79abbc2e-0a90-4a41-a17c-6388bb873359, raftlog=79abbc2e-0a90-4a41-a17c-6388bb873359@group-B673650064C9-SegmentedRaftLog:OPENED:c-1,f-1,i0, conf=-1: [ebd8d1f9-8297-450f-abe7-393807ba0c7e:192.168.164.239:36510, dbc121b5-e1e8-4c61-9d50-542b699a3d90:192.168.164.239:43140, 79abbc2e-0a90-4a41-a17c-6388bb873359:192.168.164.239:37857], old=null
2019-10-15 17:18:27,601 [79abbc2e-0a90-4a41-a17c-6388bb873359@group-B673650064C9-LeaderElection321] INFO  impl.RaftServerImpl (RaftServerImpl.java:setRole(184)) - 79abbc2e-0a90-4a41-a17c-6388bb873359@group-B673650064C9: changes role from CANDIDATE to FOLLOWER at term 370 for DISCOVERED_A_NEW_TERM
2019-10-15 17:18:27,601 [79abbc2e-0a90-4a41-a17c-6388bb873359@group-B673650064C9-LeaderElection321] INFO  impl.RoleInfo (RoleInfo.java:shutdownLeaderElection(134)) - 79abbc2e-0a90-4a41-a17c-6388bb873359: shutdown LeaderElection
2019-10-15 17:18:27,601 [79abbc2e-0a90-4a41-a17c-6388bb873359@group-B673650064C9-LeaderElection321] INFO  impl.RoleInfo (RoleInfo.java:updateAndGet(143)) - 79abbc2e-0a90-4a41-a17c-6388bb873359: start FollowerState
2019-10-15 17:18:27,656 [Thread-2461] INFO  impl.FollowerState (FollowerState.java:run(108)) - 79abbc2e-0a90-4a41-a17c-6388bb873359@group-B673650064C9-FollowerState: change to CANDIDATE, lastRpcTime:55ms, electionTimeout:55ms
2019-10-15 17:18:27,656 [Thread-2461] INFO  impl.RoleInfo (RoleInfo.java:shutdownFollowerState(121)) - 79abbc2e-0a90-4a41-a17c-6388bb873359: shutdown FollowerState
2019-10-15 17:18:27,657 [Thread-2461] INFO  impl.RaftServerImpl (RaftServerImpl.java:setRole(184)) - 79abbc2e-0a90-4a41-a17c-6388bb873359@group-B673650064C9: changes role from  FOLLOWER to CANDIDATE at term 370 for changeToCandidate
2019-10-15 17:18:27,657 [Thread-2461] INFO  impl.RoleInfo (RoleInfo.java:updateAndGet(143)) - 79abbc2e-0a90-4a41-a17c-6388bb873359: start LeaderElection
2019-10-15 17:18:27,677 [79abbc2e-0a90-4a41-a17c-6388bb873359@group-B673650064C9-LeaderElection322] INFO  impl.LeaderElection (LeaderElection.java:askForVotes(178)) - 79abbc2e-0a90-4a41-a17c-6388bb873359@group-B673650064C9-LeaderElection322: begin an election at term 371 for -1: [ebd8d1f9-8297-450f-abe7-393807ba0c7e:192.168.164.239:36510, dbc121b5-e1e8-4c61-9d50-542b699a3d90:192.168.164.239:43140, 79abbc2e-0a90-4a41-a17c-6388bb873359:192.168.164.239:37857], old=null
2019-10-15 17:18:27,679 [grpc-default-executor-3] INFO  impl.RaftServerImpl (RaftServerImpl.java:setRole(184)) - ebd8d1f9-8297-450f-abe7-393807ba0c7e@group-B673650064C9: changes role from  FOLLOWER to FOLLOWER at term 371 for recognizeCandidate:79abbc2e-0a90-4a41-a17c-6388bb873359
2019-10-15 17:18:27,680 [grpc-default-executor-3] INFO  impl.RoleInfo (RoleInfo.java:shutdownFollowerState(121)) - ebd8d1f9-8297-450f-abe7-393807ba0c7e: shutdown FollowerState
2019-10-15 17:18:27,679 [grpc-default-executor-1] INFO  impl.RaftServerImpl (RaftServerImpl.java:setRole(184)) - dbc121b5-e1e8-4c61-9d50-542b699a3d90@group-B673650064C9: changes role from  FOLLOWER to FOLLOWER at term 371 for recognizeCandidate:79abbc2e-0a90-4a41-a17c-6388bb873359
2019-10-15 17:18:27,680 [Thread-2459] INFO  impl.FollowerState (FollowerState.java:run(117)) - ebd8d1f9-8297-450f-abe7-393807ba0c7e@group-B673650064C9-FollowerState was interrupted: java.lang.InterruptedException: sleep interrupted
2019-10-15 17:18:27,680 [grpc-default-executor-3] INFO  impl.RoleInfo (RoleInfo.java:updateAndGet(143)) - ebd8d1f9-8297-450f-abe7-393807ba0c7e: start FollowerState
2019-10-15 17:18:27,680 [grpc-default-executor-1] INFO  impl.RoleInfo (RoleInfo.java:shutdownFollowerState(121)) - dbc121b5-e1e8-4c61-9d50-542b699a3d90: shutdown FollowerState
2019-10-15 17:18:27,680 [grpc-default-executor-1] INFO  impl.RoleInfo (RoleInfo.java:updateAndGet(143)) - dbc121b5-e1e8-4c61-9d50-542b699a3d90: start FollowerState
2019-10-15 17:18:27,680 [Thread-2460] INFO  impl.FollowerState (FollowerState.java:run(117)) - dbc121b5-e1e8-4c61-9d50-542b699a3d90@group-B673650064C9-FollowerState was interrupted: java.lang.InterruptedException: sleep interrupted
2019-10-15 17:18:27,704 [79abbc2e-0a90-4a41-a17c-6388bb873359@group-B673650064C9-LeaderElection322] INFO  impl.LeaderElection (LeaderElection.java:logAndReturn(56)) - 79abbc2e-0a90-4a41-a17c-6388bb873359@group-B673650064C9-LeaderElection322: Election REJECTED; received 2 response(s) [79abbc2e-0a90-4a41-a17c-6388bb873359<-ebd8d1f9-8297-450f-abe7-393807ba0c7e#0:FAIL-t371, 79abbc2e-0a90-4a41-a17c-6388bb873359<-dbc121b5-e1e8-4c61-9d50-542b699a3d90#0:FAIL-t371] and 0 exception(s); 79abbc2e-0a90-4a41-a17c-6388bb873359@group-B673650064C9:t371, leader=null, voted=79abbc2e-0a90-4a41-a17c-6388bb873359, raftlog=79abbc2e-0a90-4a41-a17c-6388bb873359@group-B673650064C9-SegmentedRaftLog:OPENED:c-1,f-1,i0, conf=-1: [ebd8d1f9-8297-450f-abe7-393807ba0c7e:192.168.164.239:36510, dbc121b5-e1e8-4c61-9d50-542b699a3d90:192.168.164.239:43140, 79abbc2e-0a90-4a41-a17c-6388bb873359:192.168.164.239:37857], old=null
2019-10-15 17:18:27,704 [79abbc2e-0a90-4a41-a17c-6388bb873359@group-B673650064C9-LeaderElection322] INFO  impl.RaftServerImpl (RaftServerImpl.java:setRole(184)) - 79abbc2e-0a90-4a41-a17c-6388bb873359@group-B673650064C9: changes role from CANDIDATE to FOLLOWER at term 371 for DISCOVERED_A_NEW_TERM
2019-10-15 17:18:27,704 [79abbc2e-0a90-4a41-a17c-6388bb873359@group-B673650064C9-LeaderElection322] INFO  impl.RoleInfo (RoleInfo.java:shutdownLeaderElection(134)) - 79abbc2e-0a90-4a41-a17c-6388bb873359: shutdown LeaderElection
2019-10-15 17:18:27,704 [79abbc2e-0a90-4a41-a17c-6388bb873359@group-B673650064C9-LeaderElection322] INFO  impl.RoleInfo (RoleInfo.java:updateAndGet(143)) - 79abbc2e-0a90-4a41-a17c-6388bb873359: start FollowerState
2019-10-15 17:18:27,889 [Thread-2467] INFO  impl.FollowerState (FollowerState.java:run(108)) - 79abbc2e-0a90-4a41-a17c-6388bb873359@group-B673650064C9-FollowerState: change to CANDIDATE, lastRpcTime:184ms, electionTimeout:184ms
2019-10-15 17:18:27,889 [Thread-2467] INFO  impl.RoleInfo (RoleInfo.java:shutdownFollowerState(121)) - 79abbc2e-0a90-4a41-a17c-6388bb873359: shutdown FollowerState
2019-10-15 17:18:27,889 [Thread-2467] INFO  impl.RaftServerImpl (RaftServerImpl.java:setRole(184)) - 79abbc2e-0a90-4a41-a17c-6388bb873359@group-B673650064C9: changes role from  FOLLOWER to CANDIDATE at term 371 for changeToCandidate
2019-10-15 17:18:27,889 [Thread-2467] INFO  impl.RoleInfo (RoleInfo.java:updateAndGet(143)) - 79abbc2e-0a90-4a41-a17c-6388bb873359: start LeaderElection
2019-10-15 17:18:27,914 [79abbc2e-0a90-4a41-a17c-6388bb873359@group-B673650064C9-LeaderElection323] INFO  impl.LeaderElection (LeaderElection.java:askForVotes(178)) - 79abbc2e-0a90-4a41-a17c-6388bb873359@group-B673650064C9-LeaderElection323: begin an election at term 372 for -1: [ebd8d1f9-8297-450f-abe7-393807ba0c7e:192.168.164.239:36510, dbc121b5-e1e8-4c61-9d50-542b699a3d90:192.168.164.239:43140, 79abbc2e-0a90-4a41-a17c-6388bb873359:192.168.164.239:37857], old=null
2019-10-15 17:18:27,917 [grpc-default-executor-3] INFO  impl.RaftServerImpl (RaftServerImpl.java:setRole(184)) - dbc121b5-e1e8-4c61-9d50-542b699a3d90@group-B673650064C9: changes role from  FOLLOWER to FOLLOWER at term 372 for recognizeCandidate:79abbc2e-0a90-4a41-a17c-6388bb873359
2019-10-15 17:18:27,918 [grpc-default-executor-3] INFO  impl.RoleInfo (RoleInfo.java:shutdownFollowerState(121)) - dbc121b5-e1e8-4c61-9d50-542b699a3d90: shutdown FollowerState
2019-10-15 17:18:27,918 [grpc-default-executor-1] INFO  impl.RaftServerImpl (RaftServerImpl.java:setRole(184)) - ebd8d1f9-8297-450f-abe7-393807ba0c7e@group-B673650064C9: changes role from  FOLLOWER to FOLLOWER at term 372 for recognizeCandidate:79abbc2e-0a90-4a41-a17c-6388bb873359
2019-10-15 17:18:27,918 [grpc-default-executor-1] INFO  impl.RoleInfo (RoleInfo.java:shutdownFollowerState(121)) - ebd8d1f9-8297-450f-abe7-393807ba0c7e: shutdown FollowerState
2019-10-15 17:18:27,918 [grpc-default-executor-3] INFO  impl.RoleInfo (RoleInfo.java:updateAndGet(143)) - dbc121b5-e1e8-4c61-9d50-542b699a3d90: start FollowerState
2019-10-15 17:18:27,918 [Thread-2465] INFO  impl.FollowerState (FollowerState.java:run(117)) - ebd8d1f9-8297-450f-abe7-393807ba0c7e@group-B673650064C9-FollowerState was interrupted: java.lang.InterruptedException: sleep interrupted
2019-10-15 17:18:27,918 [grpc-default-executor-1] INFO  impl.RoleInfo (RoleInfo.java:updateAndGet(143)) - ebd8d1f9-8297-450f-abe7-393807ba0c7e: start FollowerState
2019-10-15 17:18:27,918 [Thread-2466] INFO  impl.FollowerState (FollowerState.java:run(117)) - dbc121b5-e1e8-4c61-9d50-542b699a3d90@group-B673650064C9-FollowerState was interrupted: java.lang.InterruptedException: sleep interrupted
2019-10-15 17:18:27,949 [79abbc2e-0a90-4a41-a17c-6388bb873359@group-B673650064C9-LeaderElection323] INFO  impl.LeaderElection (LeaderElection.java:logAndReturn(56)) - 79abbc2e-0a90-4a41-a17c-6388bb873359@group-B673650064C9-LeaderElection323: Election REJECTED; received 2 response(s) [79abbc2e-0a90-4a41-a17c-6388bb873359<-ebd8d1f9-8297-450f-abe7-393807ba0c7e#0:FAIL-t372, 79abbc2e-0a90-4a41-a17c-6388bb873359<-dbc121b5-e1e8-4c61-9d50-542b699a3d90#0:FAIL-t372] and 0 exception(s); 79abbc2e-0a90-4a41-a17c-6388bb873359@group-B673650064C9:t372, leader=null, voted=79abbc2e-0a90-4a41-a17c-6388bb873359, raftlog=79abbc2e-0a90-4a41-a17c-6388bb873359@group-B673650064C9-SegmentedRaftLog:OPENED:c-1,f-1,i0, conf=-1: [ebd8d1f9-8297-450f-abe7-393807ba0c7e:192.168.164.239:36510, dbc121b5-e1e8-4c61-9d50-542b699a3d90:192.168.164.239:43140, 79abbc2e-0a90-4a41-a17c-6388bb873359:192.168.164.239:37857], old=null
2019-10-15 17:18:27,949 [79abbc2e-0a90-4a41-a17c-6388bb873359@group-B673650064C9-LeaderElection323] INFO  impl.RaftServerImpl (RaftServerImpl.java:setRole(184)) - 79abbc2e-0a90-4a41-a17c-6388bb873359@group-B673650064C9: changes role from CANDIDATE to FOLLOWER at term 372 for DISCOVERED_A_NEW_TERM
2019-10-15 17:18:27,949 [79abbc2e-0a90-4a41-a17c-6388bb873359@group-B673650064C9-LeaderElection323] INFO  impl.RoleInfo (RoleInfo.java:shutdownLeaderElection(134)) - 79abbc2e-0a90-4a41-a17c-6388bb873359: shutdown LeaderElection
2019-10-15 17:18:27,950 [79abbc2e-0a90-4a41-a17c-6388bb873359@group-B673650064C9-LeaderElection323] INFO  impl.RoleInfo (RoleInfo.java:updateAndGet(143)) - 79abbc2e-0a90-4a41-a17c-6388bb873359: start FollowerState
2019-10-15 17:18:28,034 [Thread-2473] INFO  impl.FollowerState (FollowerState.java:run(108)) - 79abbc2e-0a90-4a41-a17c-6388bb873359@group-B673650064C9-FollowerState: change to CANDIDATE, lastRpcTime:84ms, electionTimeout:84ms
2019-10-15 17:18:28,034 [Thread-2473] INFO  impl.RoleInfo (RoleInfo.java:shutdownFollowerState(121)) - 79abbc2e-0a90-4a41-a17c-6388bb873359: shutdown FollowerState
2019-10-15 17:18:28,034 [Thread-2473] INFO  impl.RaftServerImpl (RaftServerImpl.java:setRole(184)) - 79abbc2e-0a90-4a41-a17c-6388bb873359@group-B673650064C9: changes role from  FOLLOWER to CANDIDATE at term 372 for changeToCandidate
2019-10-15 17:18:28,035 [Thread-2473] INFO  impl.RoleInfo (RoleInfo.java:updateAndGet(143)) - 79abbc2e-0a90-4a41-a17c-6388bb873359: start LeaderElection
2019-10-15 17:18:28,050 [79abbc2e-0a90-4a41-a17c-6388bb873359@group-B673650064C9-LeaderElection324] INFO  impl.LeaderElection (LeaderElection.java:askForVotes(178)) - 79abbc2e-0a90-4a41-a17c-6388bb873359@group-B673650064C9-LeaderElection324: begin an election at term 373 for -1: [ebd8d1f9-8297-450f-abe7-393807ba0c7e:192.168.164.239:36510, dbc121b5-e1e8-4c61-9d50-542b699a3d90:192.168.164.239:43140, 79abbc2e-0a90-4a41-a17c-6388bb873359:192.168.164.239:37857], old=null
2019-10-15 17:18:28,052 [grpc-default-executor-1] INFO  impl.RaftServerImpl (RaftServerImpl.java:setRole(184)) - dbc121b5-e1e8-4c61-9d50-542b699a3d90@group-B673650064C9: changes role from  FOLLOWER to FOLLOWER at term 373 for recognizeCandidate:79abbc2e-0a90-4a41-a17c-6388bb873359
2019-10-15 17:18:28,052 [grpc-default-executor-3] INFO  impl.RaftServerImpl (RaftServerImpl.java:setRole(184)) - ebd8d1f9-8297-450f-abe7-393807ba0c7e@group-B673650064C9: changes role from  FOLLOWER to FOLLOWER at term 373 for recognizeCandidate:79abbc2e-0a90-4a41-a17c-6388bb873359
2019-10-15 17:18:28,052 [grpc-default-executor-3] INFO  impl.RoleInfo (RoleInfo.java:shutdownFollowerState(121)) - ebd8d1f9-8297-450f-abe7-393807ba0c7e: shutdown FollowerState
2019-10-15 17:18:28,052 [grpc-default-executor-1] INFO  impl.RoleInfo (RoleInfo.java:shutdownFollowerState(121)) - dbc121b5-e1e8-4c61-9d50-542b699a3d90: shutdown FollowerState
2019-10-15 17:18:28,052 [grpc-default-executor-3] INFO  impl.RoleInfo (RoleInfo.java:updateAndGet(143)) - ebd8d1f9-8297-450f-abe7-393807ba0c7e: start FollowerState
2019-10-15 17:18:28,052 [grpc-default-executor-1] INFO  impl.RoleInfo (RoleInfo.java:updateAndGet(143)) - dbc121b5-e1e8-4c61-9d50-542b699a3d90: start FollowerState
2019-10-15 17:18:28,052 [Thread-2472] INFO  impl.FollowerState (FollowerState.java:run(117)) - ebd8d1f9-8297-450f-abe7-393807ba0c7e@group-B673650064C9-FollowerState was interrupted: java.lang.InterruptedException: sleep interrupted
2019-10-15 17:18:28,052 [Thread-2471] INFO  impl.FollowerState (FollowerState.java:run(117)) - dbc121b5-e1e8-4c61-9d50-542b699a3d90@group-B673650064C9-FollowerState was interrupted: java.lang.InterruptedException: sleep interrupted
2019-10-15 17:18:28,076 [79abbc2e-0a90-4a41-a17c-6388bb873359@group-B673650064C9-LeaderElection324] INFO  impl.LeaderElection (LeaderElection.java:logAndReturn(56)) - 79abbc2e-0a90-4a41-a17c-6388bb873359@group-B673650064C9-LeaderElection324: Election REJECTED; received 2 response(s) [79abbc2e-0a90-4a41-a17c-6388bb873359<-ebd8d1f9-8297-450f-abe7-393807ba0c7e#0:FAIL-t373, 79abbc2e-0a90-4a41-a17c-6388bb873359<-dbc121b5-e1e8-4c61-9d50-542b699a3d90#0:FAIL-t373] and 0 exception(s); 79abbc2e-0a90-4a41-a17c-6388bb873359@group-B673650064C9:t373, leader=null, voted=79abbc2e-0a90-4a41-a17c-6388bb873359, raftlog=79abbc2e-0a90-4a41-a17c-6388bb873359@group-B673650064C9-SegmentedRaftLog:OPENED:c-1,f-1,i0, conf=-1: [ebd8d1f9-8297-450f-abe7-393807ba0c7e:192.168.164.239:36510, dbc121b5-e1e8-4c61-9d50-542b699a3d90:192.168.164.239:43140, 79abbc2e-0a90-4a41-a17c-6388bb873359:192.168.164.239:37857], old=null
2019-10-15 17:18:28,076 [79abbc2e-0a90-4a41-a17c-6388bb873359@group-B673650064C9-LeaderElection324] INFO  impl.RaftServerImpl (RaftServerImpl.java:setRole(184)) - 79abbc2e-0a90-4a41-a17c-6388bb873359@group-B673650064C9: changes role from CANDIDATE to FOLLOWER at term 373 for DISCOVERED_A_NEW_TERM
2019-10-15 17:18:28,076 [79abbc2e-0a90-4a41-a17c-6388bb873359@group-B673650064C9-LeaderElection324] INFO  impl.RoleInfo (RoleInfo.java:shutdownLeaderElection(134)) - 79abbc2e-0a90-4a41-a17c-6388bb873359: shutdown LeaderElection
2019-10-15 17:18:28,076 [79abbc2e-0a90-4a41-a17c-6388bb873359@group-B673650064C9-LeaderElection324] INFO  impl.RoleInfo (RoleInfo.java:updateAndGet(143)) - 79abbc2e-0a90-4a41-a17c-6388bb873359: start FollowerState
2019-10-15 17:18:28,212 [Thread-2479] INFO  impl.FollowerState (FollowerState.java:run(108)) - 79abbc2e-0a90-4a41-a17c-6388bb873359@group-B673650064C9-FollowerState: change to CANDIDATE, lastRpcTime:135ms, electionTimeout:135ms
2019-10-15 17:18:28,212 [Thread-2479] INFO  impl.RoleInfo (RoleInfo.java:shutdownFollowerState(121)) - 79abbc2e-0a90-4a41-a17c-6388bb873359: shutdown FollowerState
2019-10-15 17:18:28,212 [Thread-2479] INFO  impl.RaftServerImpl (RaftServerImpl.java:setRole(184)) - 79abbc2e-0a90-4a41-a17c-6388bb873359@group-B673650064C9: changes role from  FOLLOWER to CANDIDATE at term 373 for changeToCandidate
2019-10-15 17:18:28,212 [Thread-2479] INFO  impl.RoleInfo (RoleInfo.java:updateAndGet(143)) - 79abbc2e-0a90-4a41-a17c-6388bb873359: start LeaderElection
2019-10-15 17:18:28,242 [79abbc2e-0a90-4a41-a17c-6388bb873359@group-B673650064C9-LeaderElection325] INFO  impl.LeaderElection (LeaderElection.java:askForVotes(178)) - 79abbc2e-0a90-4a41-a17c-6388bb873359@group-B673650064C9-LeaderElection325: begin an election at term 374 for -1: [ebd8d1f9-8297-450f-abe7-393807ba0c7e:192.168.164.239:36510, dbc121b5-e1e8-4c61-9d50-542b699a3d90:192.168.164.239:43140, 79abbc2e-0a90-4a41-a17c-6388bb873359:192.168.164.239:37857], old=null
2019-10-15 17:18:28,244 [grpc-default-executor-1] INFO  impl.RaftServerImpl (RaftServerImpl.java:setRole(184)) - dbc121b5-e1e8-4c61-9d50-542b699a3d90@group-B673650064C9: changes role from  FOLLOWER to FOLLOWER at term 374 for recognizeCandidate:79abbc2e-0a90-4a41-a17c-6388bb873359
2019-10-15 17:18:28,244 [grpc-default-executor-3] INFO  impl.RaftServerImpl (RaftServerImpl.java:setRole(184)) - ebd8d1f9-8297-450f-abe7-393807ba0c7e@group-B673650064C9: changes role from  FOLLOWER to FOLLOWER at term 374 for recognizeCandidate:79abbc2e-0a90-4a41-a17c-6388bb873359
2019-10-15 17:18:28,244 [grpc-default-executor-1] INFO  impl.RoleInfo (RoleInfo.java:shutdownFollowerState(121)) - dbc121b5-e1e8-4c61-9d50-542b699a3d90: shutdown FollowerState
2019-10-15 17:18:28,244 [grpc-default-executor-3] INFO  impl.RoleInfo (RoleInfo.java:shutdownFollowerState(121)) - ebd8d1f9-8297-450f-abe7-393807ba0c7e: shutdown FollowerState
2019-10-15 17:18:28,245 [grpc-default-executor-1] INFO  impl.RoleInfo (RoleInfo.java:updateAndGet(143)) - dbc121b5-e1e8-4c61-9d50-542b699a3d90: start FollowerState
2019-10-15 17:18:28,245 [Thread-2477] INFO  impl.FollowerState (FollowerState.java:run(117)) - ebd8d1f9-8297-450f-abe7-393807ba0c7e@group-B673650064C9-FollowerState was interrupted: java.lang.InterruptedException: sleep interrupted
2019-10-15 17:18:28,245 [Thread-2478] INFO  impl.FollowerState (FollowerState.java:run(117)) - dbc121b5-e1e8-4c61-9d50-542b699a3d90@group-B673650064C9-FollowerState was interrupted: java.lang.InterruptedException: sleep interrupted
2019-10-15 17:18:28,245 [grpc-default-executor-3] INFO  impl.RoleInfo (RoleInfo.java:updateAndGet(143)) - ebd8d1f9-8297-450f-abe7-393807ba0c7e: start FollowerState
2019-10-15 17:18:28,268 [79abbc2e-0a90-4a41-a17c-6388bb873359@group-B673650064C9-LeaderElection325] INFO  impl.LeaderElection (LeaderElection.java:logAndReturn(56)) - 79abbc2e-0a90-4a41-a17c-6388bb873359@group-B673650064C9-LeaderElection325: Election REJECTED; received 2 response(s) [79abbc2e-0a90-4a41-a17c-6388bb873359<-ebd8d1f9-8297-450f-abe7-393807ba0c7e#0:FAIL-t374, 79abbc2e-0a90-4a41-a17c-6388bb873359<-dbc121b5-e1e8-4c61-9d50-542b699a3d90#0:FAIL-t374] and 0 exception(s); 79abbc2e-0a90-4a41-a17c-6388bb873359@group-B673650064C9:t374, leader=null, voted=79abbc2e-0a90-4a41-a17c-6388bb873359, raftlog=79abbc2e-0a90-4a41-a17c-6388bb873359@group-B673650064C9-SegmentedRaftLog:OPENED:c-1,f-1,i0, conf=-1: [ebd8d1f9-8297-450f-abe7-393807ba0c7e:192.168.164.239:36510, dbc121b5-e1e8-4c61-9d50-542b699a3d90:192.168.164.239:43140, 79abbc2e-0a90-4a41-a17c-6388bb873359:192.168.164.239:37857], old=null
2019-10-15 17:18:28,268 [79abbc2e-0a90-4a41-a17c-6388bb873359@group-B673650064C9-LeaderElection325] INFO  impl.RaftServerImpl (RaftServerImpl.java:setRole(184)) - 79abbc2e-0a90-4a41-a17c-6388bb873359@group-B673650064C9: changes role from CANDIDATE to FOLLOWER at term 374 for DISCOVERED_A_NEW_TERM
2019-10-15 17:18:28,269 [79abbc2e-0a90-4a41-a17c-6388bb873359@group-B673650064C9-LeaderElection325] INFO  impl.RoleInfo (RoleInfo.java:shutdownLeaderElection(134)) - 79abbc2e-0a90-4a41-a17c-6388bb873359: shutdown LeaderElection
2019-10-15 17:18:28,269 [79abbc2e-0a90-4a41-a17c-6388bb873359@group-B673650064C9-LeaderElection325] INFO  impl.RoleInfo (RoleInfo.java:updateAndGet(143)) - 79abbc2e-0a90-4a41-a17c-6388bb873359: start FollowerState
2019-10-15 17:18:28,277 [Thread-2487] INFO  impl.FollowerState (FollowerState.java:run(108)) - 79abbc2e-0a90-4a41-a17c-6388bb873359@group-B673650064C9-FollowerState: change to CANDIDATE, lastRpcTime:8ms, electionTimeout:8ms
2019-10-15 17:18:28,277 [Thread-2487] INFO  impl.RoleInfo (RoleInfo.java:shutdownFollowerState(121)) - 79abbc2e-0a90-4a41-a17c-6388bb873359: shutdown FollowerState
2019-10-15 17:18:28,277 [Thread-2487] INFO  impl.RaftServerImpl (RaftServerImpl.java:setRole(184)) - 79abbc2e-0a90-4a41-a17c-6388bb873359@group-B673650064C9: changes role from  FOLLOWER to CANDIDATE at term 374 for changeToCandidate
2019-10-15 17:18:28,277 [Thread-2487] INFO  impl.RoleInfo (RoleInfo.java:updateAndGet(143)) - 79abbc2e-0a90-4a41-a17c-6388bb873359: start LeaderElection
2019-10-15 17:18:28,301 [79abbc2e-0a90-4a41-a17c-6388bb873359@group-B673650064C9-LeaderElection326] INFO  impl.LeaderElection (LeaderElection.java:askForVotes(178)) - 79abbc2e-0a90-4a41-a17c-6388bb873359@group-B673650064C9-LeaderElection326: begin an election at term 375 for -1: [ebd8d1f9-8297-450f-abe7-393807ba0c7e:192.168.164.239:36510, dbc121b5-e1e8-4c61-9d50-542b699a3d90:192.168.164.239:43140, 79abbc2e-0a90-4a41-a17c-6388bb873359:192.168.164.239:37857], old=null
2019-10-15 17:18:28,302 [grpc-default-executor-1] INFO  impl.RaftServerImpl (RaftServerImpl.java:setRole(184)) - ebd8d1f9-8297-450f-abe7-393807ba0c7e@group-B673650064C9: changes role from  FOLLOWER to FOLLOWER at term 375 for recognizeCandidate:79abbc2e-0a90-4a41-a17c-6388bb873359
2019-10-15 17:18:28,302 [grpc-default-executor-1] INFO  impl.RoleInfo (RoleInfo.java:shutdownFollowerState(121)) - ebd8d1f9-8297-450f-abe7-393807ba0c7e: shutdown FollowerState
2019-10-15 17:18:28,303 [grpc-default-executor-1] INFO  impl.RoleInfo (RoleInfo.java:updateAndGet(143)) - ebd8d1f9-8297-450f-abe7-393807ba0c7e: start FollowerState
2019-10-15 17:18:28,303 [grpc-default-executor-3] INFO  impl.RaftServerImpl (RaftServerImpl.java:setRole(184)) - dbc121b5-e1e8-4c61-9d50-542b699a3d90@group-B673650064C9: changes role from  FOLLOWER to FOLLOWER at term 375 for recognizeCandidate:79abbc2e-0a90-4a41-a17c-6388bb873359
2019-10-15 17:18:28,303 [Thread-2486] INFO  impl.FollowerState (FollowerState.java:run(117)) - ebd8d1f9-8297-450f-abe7-393807ba0c7e@group-B673650064C9-FollowerState was interrupted: java.lang.InterruptedException: sleep interrupted
2019-10-15 17:18:28,303 [grpc-default-executor-3] INFO  impl.RoleInfo (RoleInfo.java:shutdownFollowerState(121)) - dbc121b5-e1e8-4c61-9d50-542b699a3d90: shutdown FollowerState
2019-10-15 17:18:28,303 [grpc-default-executor-3] INFO  impl.RoleInfo (RoleInfo.java:updateAndGet(143)) - dbc121b5-e1e8-4c61-9d50-542b699a3d90: start FollowerState
2019-10-15 17:18:28,303 [Thread-2485] INFO  impl.FollowerState (FollowerState.java:run(117)) - dbc121b5-e1e8-4c61-9d50-542b699a3d90@group-B673650064C9-FollowerState was interrupted: java.lang.InterruptedException: sleep interrupted
2019-10-15 17:18:28,328 [79abbc2e-0a90-4a41-a17c-6388bb873359@group-B673650064C9-LeaderElection326] INFO  impl.LeaderElection (LeaderElection.java:logAndReturn(56)) - 79abbc2e-0a90-4a41-a17c-6388bb873359@group-B673650064C9-LeaderElection326: Election REJECTED; received 2 response(s) [79abbc2e-0a90-4a41-a17c-6388bb873359<-ebd8d1f9-8297-450f-abe7-393807ba0c7e#0:FAIL-t375, 79abbc2e-0a90-4a41-a17c-6388bb873359<-dbc121b5-e1e8-4c61-9d50-542b699a3d90#0:FAIL-t375] and 0 exception(s); 79abbc2e-0a90-4a41-a17c-6388bb873359@group-B673650064C9:t375, leader=null, voted=79abbc2e-0a90-4a41-a17c-6388bb873359, raftlog=79abbc2e-0a90-4a41-a17c-6388bb873359@group-B673650064C9-SegmentedRaftLog:OPENED:c-1,f-1,i0, conf=-1: [ebd8d1f9-8297-450f-abe7-393807ba0c7e:192.168.164.239:36510, dbc121b5-e1e8-4c61-9d50-542b699a3d90:192.168.164.239:43140, 79abbc2e-0a90-4a41-a17c-6388bb873359:192.168.164.239:37857], old=null
2019-10-15 17:18:28,329 [79abbc2e-0a90-4a41-a17c-6388bb873359@group-B673650064C9-LeaderElection326] INFO  impl.RaftServerImpl (RaftServerImpl.java:setRole(184)) - 79abbc2e-0a90-4a41-a17c-6388bb873359@group-B673650064C9: changes role from CANDIDATE to FOLLOWER at term 375 for DISCOVERED_A_NEW_TERM
2019-10-15 17:18:28,329 [79abbc2e-0a90-4a41-a17c-6388bb873359@group-B673650064C9-LeaderElection326] INFO  impl.RoleInfo (RoleInfo.java:shutdownLeaderElection(134)) - 79abbc2e-0a90-4a41-a17c-6388bb873359: shutdown LeaderElection
2019-10-15 17:18:28,329 [79abbc2e-0a90-4a41-a17c-6388bb873359@group-B673650064C9-LeaderElection326] INFO  impl.RoleInfo (RoleInfo.java:updateAndGet(143)) - 79abbc2e-0a90-4a41-a17c-6388bb873359: start FollowerState
2019-10-15 17:18:28,430 [Thread-2493] INFO  impl.FollowerState (FollowerState.java:run(108)) - 79abbc2e-0a90-4a41-a17c-6388bb873359@group-B673650064C9-FollowerState: change to CANDIDATE, lastRpcTime:101ms, electionTimeout:101ms
2019-10-15 17:18:28,430 [Thread-2493] INFO  impl.RoleInfo (RoleInfo.java:shutdownFollowerState(121)) - 79abbc2e-0a90-4a41-a17c-6388bb873359: shutdown FollowerState
2019-10-15 17:18:28,430 [Thread-2493] INFO  impl.RaftServerImpl (RaftServerImpl.java:setRole(184)) - 79abbc2e-0a90-4a41-a17c-6388bb873359@group-B673650064C9: changes role from  FOLLOWER to CANDIDATE at term 375 for changeToCandidate
2019-10-15 17:18:28,431 [Thread-2493] INFO  impl.RoleInfo (RoleInfo.java:updateAndGet(143)) - 79abbc2e-0a90-4a41-a17c-6388bb873359: start LeaderElection
2019-10-15 17:18:28,453 [79abbc2e-0a90-4a41-a17c-6388bb873359@group-B673650064C9-LeaderElection327] INFO  impl.LeaderElection (LeaderElection.java:askForVotes(178)) - 79abbc2e-0a90-4a41-a17c-6388bb873359@group-B673650064C9-LeaderElection327: begin an election at term 376 for -1: [ebd8d1f9-8297-450f-abe7-393807ba0c7e:192.168.164.239:36510, dbc121b5-e1e8-4c61-9d50-542b699a3d90:192.168.164.239:43140, 79abbc2e-0a90-4a41-a17c-6388bb873359:192.168.164.239:37857], old=null
2019-10-15 17:18:28,455 [grpc-default-executor-3] INFO  impl.RaftServerImpl (RaftServerImpl.java:setRole(184)) - ebd8d1f9-8297-450f-abe7-393807ba0c7e@group-B673650064C9: changes role from  FOLLOWER to FOLLOWER at term 376 for recognizeCandidate:79abbc2e-0a90-4a41-a17c-6388bb873359
2019-10-15 17:18:28,455 [grpc-default-executor-1] INFO  impl.RaftServerImpl (RaftServerImpl.java:setRole(184)) - dbc121b5-e1e8-4c61-9d50-542b699a3d90@group-B673650064C9: changes role from  FOLLOWER to FOLLOWER at term 376 for recognizeCandidate:79abbc2e-0a90-4a41-a17c-6388bb873359
2019-10-15 17:18:28,455 [grpc-default-executor-3] INFO  impl.RoleInfo (RoleInfo.java:shutdownFollowerState(121)) - ebd8d1f9-8297-450f-abe7-393807ba0c7e: shutdown FollowerState
2019-10-15 17:18:28,456 [grpc-default-executor-1] INFO  impl.RoleInfo (RoleInfo.java:shutdownFollowerState(121)) - dbc121b5-e1e8-4c61-9d50-542b699a3d90: shutdown FollowerState
2019-10-15 17:18:28,456 [grpc-default-executor-3] INFO  impl.RoleInfo (RoleInfo.java:updateAndGet(143)) - ebd8d1f9-8297-450f-abe7-393807ba0c7e: start FollowerState
2019-10-15 17:18:28,456 [Thread-2492] INFO  impl.FollowerState (FollowerState.java:run(117)) - dbc121b5-e1e8-4c61-9d50-542b699a3d90@group-B673650064C9-FollowerState was interrupted: java.lang.InterruptedException: sleep interrupted
2019-10-15 17:18:28,456 [grpc-default-executor-1] INFO  impl.RoleInfo (RoleInfo.java:updateAndGet(143)) - dbc121b5-e1e8-4c61-9d50-542b699a3d90: start FollowerState
2019-10-15 17:18:28,456 [Thread-2491] INFO  impl.FollowerState (FollowerState.java:run(117)) - ebd8d1f9-8297-450f-abe7-393807ba0c7e@group-B673650064C9-FollowerState was interrupted: java.lang.InterruptedException: sleep interrupted
2019-10-15 17:18:28,479 [79abbc2e-0a90-4a41-a17c-6388bb873359@group-B673650064C9-LeaderElection327] INFO  impl.LeaderElection (LeaderElection.java:logAndReturn(56)) - 79abbc2e-0a90-4a41-a17c-6388bb873359@group-B673650064C9-LeaderElection327: Election REJECTED; received 2 response(s) [79abbc2e-0a90-4a41-a17c-6388bb873359<-ebd8d1f9-8297-450f-abe7-393807ba0c7e#0:FAIL-t376, 79abbc2e-0a90-4a41-a17c-6388bb873359<-dbc121b5-e1e8-4c61-9d50-542b699a3d90#0:FAIL-t376] and 0 exception(s); 79abbc2e-0a90-4a41-a17c-6388bb873359@group-B673650064C9:t376, leader=null, voted=79abbc2e-0a90-4a41-a17c-6388bb873359, raftlog=79abbc2e-0a90-4a41-a17c-6388bb873359@group-B673650064C9-SegmentedRaftLog:OPENED:c-1,f-1,i0, conf=-1: [ebd8d1f9-8297-450f-abe7-393807ba0c7e:192.168.164.239:36510, dbc121b5-e1e8-4c61-9d50-542b699a3d90:192.168.164.239:43140, 79abbc2e-0a90-4a41-a17c-6388bb873359:192.168.164.239:37857], old=null
2019-10-15 17:18:28,480 [79abbc2e-0a90-4a41-a17c-6388bb873359@group-B673650064C9-LeaderElection327] INFO  impl.RaftServerImpl (RaftServerImpl.java:setRole(184)) - 79abbc2e-0a90-4a41-a17c-6388bb873359@group-B673650064C9: changes role from CANDIDATE to FOLLOWER at term 376 for DISCOVERED_A_NEW_TERM
2019-10-15 17:18:28,480 [79abbc2e-0a90-4a41-a17c-6388bb873359@group-B673650064C9-LeaderElection327] INFO  impl.RoleInfo (RoleInfo.java:shutdownLeaderElection(134)) - 79abbc2e-0a90-4a41-a17c-6388bb873359: shutdown LeaderElection
2019-10-15 17:18:28,480 [79abbc2e-0a90-4a41-a17c-6388bb873359@group-B673650064C9-LeaderElection327] INFO  impl.RoleInfo (RoleInfo.java:updateAndGet(143)) - 79abbc2e-0a90-4a41-a17c-6388bb873359: start FollowerState
2019-10-15 17:18:28,652 [Thread-2499] INFO  impl.FollowerState (FollowerState.java:run(108)) - 79abbc2e-0a90-4a41-a17c-6388bb873359@group-B673650064C9-FollowerState: change to CANDIDATE, lastRpcTime:172ms, electionTimeout:172ms
2019-10-15 17:18:28,652 [Thread-2499] INFO  impl.RoleInfo (RoleInfo.java:shutdownFollowerState(121)) - 79abbc2e-0a90-4a41-a17c-6388bb873359: shutdown FollowerState
2019-10-15 17:18:28,653 [Thread-2499] INFO  impl.RaftServerImpl (RaftServerImpl.java:setRole(184)) - 79abbc2e-0a90-4a41-a17c-6388bb873359@group-B673650064C9: changes role from  FOLLOWER to CANDIDATE at term 376 for changeToCandidate
2019-10-15 17:18:28,653 [Thread-2499] INFO  impl.RoleInfo (RoleInfo.java:updateAndGet(143)) - 79abbc2e-0a90-4a41-a17c-6388bb873359: start LeaderElection
2019-10-15 17:18:28,679 [79abbc2e-0a90-4a41-a17c-6388bb873359@group-B673650064C9-LeaderElection328] INFO  impl.LeaderElection (LeaderElection.java:askForVotes(178)) - 79abbc2e-0a90-4a41-a17c-6388bb873359@group-B673650064C9-LeaderElection328: begin an election at term 377 for -1: [ebd8d1f9-8297-450f-abe7-393807ba0c7e:192.168.164.239:36510, dbc121b5-e1e8-4c61-9d50-542b699a3d90:192.168.164.239:43140, 79abbc2e-0a90-4a41-a17c-6388bb873359:192.168.164.239:37857], old=null
2019-10-15 17:18:28,684 [grpc-default-executor-1] INFO  impl.RaftServerImpl (RaftServerImpl.java:setRole(184)) - ebd8d1f9-8297-450f-abe7-393807ba0c7e@group-B673650064C9: changes role from  FOLLOWER to FOLLOWER at term 377 for recognizeCandidate:79abbc2e-0a90-4a41-a17c-6388bb873359
2019-10-15 17:18:28,684 [grpc-default-executor-3] INFO  impl.RaftServerImpl (RaftServerImpl.java:setRole(184)) - dbc121b5-e1e8-4c61-9d50-542b699a3d90@group-B673650064C9: changes role from  FOLLOWER to FOLLOWER at term 377 for recognizeCandidate:79abbc2e-0a90-4a41-a17c-6388bb873359
2019-10-15 17:18:28,685 [grpc-default-executor-3] INFO  impl.RoleInfo (RoleInfo.java:shutdownFollowerState(121)) - dbc121b5-e1e8-4c61-9d50-542b699a3d90: shutdown FollowerState
2019-10-15 17:18:28,685 [grpc-default-executor-1] INFO  impl.RoleInfo (RoleInfo.java:shutdownFollowerState(121)) - ebd8d1f9-8297-450f-abe7-393807ba0c7e: shutdown FollowerState
2019-10-15 17:18:28,685 [Thread-2498] INFO  impl.FollowerState (FollowerState.java:run(117)) - dbc121b5-e1e8-4c61-9d50-542b699a3d90@group-B673650064C9-FollowerState was interrupted: java.lang.InterruptedException: sleep interrupted
2019-10-15 17:18:28,685 [Thread-2497] INFO  impl.FollowerState (FollowerState.java:run(117)) - ebd8d1f9-8297-450f-abe7-393807ba0c7e@group-B673650064C9-FollowerState was interrupted: java.lang.InterruptedException: sleep interrupted
2019-10-15 17:18:28,685 [grpc-default-executor-3] INFO  impl.RoleInfo (RoleInfo.java:updateAndGet(143)) - dbc121b5-e1e8-4c61-9d50-542b699a3d90: start FollowerState
2019-10-15 17:18:28,685 [grpc-default-executor-1] INFO  impl.RoleInfo (RoleInfo.java:updateAndGet(143)) - ebd8d1f9-8297-450f-abe7-393807ba0c7e: start FollowerState
2019-10-15 17:18:28,695 [79abbc2e-0a90-4a41-a17c-6388bb873359@group-B673650064C9-LeaderElection328] INFO  impl.LeaderElection (LeaderElection.java:logAndReturn(56)) - 79abbc2e-0a90-4a41-a17c-6388bb873359@group-B673650064C9-LeaderElection328: Election TIMEOUT; received 0 response(s) [] and 0 exception(s); 79abbc2e-0a90-4a41-a17c-6388bb873359@group-B673650064C9:t377, leader=null, voted=79abbc2e-0a90-4a41-a17c-6388bb873359, raftlog=79abbc2e-0a90-4a41-a17c-6388bb873359@group-B673650064C9-SegmentedRaftLog:OPENED:c-1,f-1,i0, conf=-1: [ebd8d1f9-8297-450f-abe7-393807ba0c7e:192.168.164.239:36510, dbc121b5-e1e8-4c61-9d50-542b699a3d90:192.168.164.239:43140, 79abbc2e-0a90-4a41-a17c-6388bb873359:192.168.164.239:37857], old=null
2019-10-15 17:18:28,713 [79abbc2e-0a90-4a41-a17c-6388bb873359@group-B673650064C9-LeaderElection328] INFO  impl.LeaderElection (LeaderElection.java:askForVotes(178)) - 79abbc2e-0a90-4a41-a17c-6388bb873359@group-B673650064C9-LeaderElection328: begin an election at term 378 for -1: [ebd8d1f9-8297-450f-abe7-393807ba0c7e:192.168.164.239:36510, dbc121b5-e1e8-4c61-9d50-542b699a3d90:192.168.164.239:43140, 79abbc2e-0a90-4a41-a17c-6388bb873359:192.168.164.239:37857], old=null
2019-10-15 17:18:28,714 [grpc-default-executor-1] INFO  impl.RaftServerImpl (RaftServerImpl.java:setRole(184)) - ebd8d1f9-8297-450f-abe7-393807ba0c7e@group-B673650064C9: changes role from  FOLLOWER to FOLLOWER at term 378 for recognizeCandidate:79abbc2e-0a90-4a41-a17c-6388bb873359
2019-10-15 17:18:28,715 [grpc-default-executor-1] INFO  impl.RoleInfo (RoleInfo.java:shutdownFollowerState(121)) - ebd8d1f9-8297-450f-abe7-393807ba0c7e: shutdown FollowerState
2019-10-15 17:18:28,715 [grpc-default-executor-1] INFO  impl.RoleInfo (RoleInfo.java:updateAndGet(143)) - ebd8d1f9-8297-450f-abe7-393807ba0c7e: start FollowerState
2019-10-15 17:18:28,715 [grpc-default-executor-3] INFO  impl.RaftServerImpl (RaftServerImpl.java:setRole(184)) - dbc121b5-e1e8-4c61-9d50-542b699a3d90@group-B673650064C9: changes role from  FOLLOWER to FOLLOWER at term 378 for recognizeCandidate:79abbc2e-0a90-4a41-a17c-6388bb873359
2019-10-15 17:18:28,715 [grpc-default-executor-3] INFO  impl.RoleInfo (RoleInfo.java:shutdownFollowerState(121)) - dbc121b5-e1e8-4c61-9d50-542b699a3d90: shutdown FollowerState
2019-10-15 17:18:28,715 [Thread-2505] INFO  impl.FollowerState (FollowerState.java:run(117)) - ebd8d1f9-8297-450f-abe7-393807ba0c7e@group-B673650064C9-FollowerState was interrupted: java.lang.InterruptedException: sleep interrupted
2019-10-15 17:18:28,715 [grpc-default-executor-3] INFO  impl.RoleInfo (RoleInfo.java:updateAndGet(143)) - dbc121b5-e1e8-4c61-9d50-542b699a3d90: start FollowerState
2019-10-15 17:18:28,715 [Thread-2504] INFO  impl.FollowerState (FollowerState.java:run(117)) - dbc121b5-e1e8-4c61-9d50-542b699a3d90@group-B673650064C9-FollowerState was interrupted: java.lang.InterruptedException: sleep interrupted
2019-10-15 17:18:28,739 [79abbc2e-0a90-4a41-a17c-6388bb873359@group-B673650064C9-LeaderElection328] INFO  impl.LeaderElection (LeaderElection.java:logAndReturn(56)) - 79abbc2e-0a90-4a41-a17c-6388bb873359@group-B673650064C9-LeaderElection328: Election REJECTED; received 2 response(s) [79abbc2e-0a90-4a41-a17c-6388bb873359<-ebd8d1f9-8297-450f-abe7-393807ba0c7e#0:FAIL-t378, 79abbc2e-0a90-4a41-a17c-6388bb873359<-dbc121b5-e1e8-4c61-9d50-542b699a3d90#0:FAIL-t378] and 0 exception(s); 79abbc2e-0a90-4a41-a17c-6388bb873359@group-B673650064C9:t378, leader=null, voted=79abbc2e-0a90-4a41-a17c-6388bb873359, raftlog=79abbc2e-0a90-4a41-a17c-6388bb873359@group-B673650064C9-SegmentedRaftLog:OPENED:c-1,f-1,i0, conf=-1: [ebd8d1f9-8297-450f-abe7-393807ba0c7e:192.168.164.239:36510, dbc121b5-e1e8-4c61-9d50-542b699a3d90:192.168.164.239:43140, 79abbc2e-0a90-4a41-a17c-6388bb873359:192.168.164.239:37857], old=null
2019-10-15 17:18:28,739 [79abbc2e-0a90-4a41-a17c-6388bb873359@group-B673650064C9-LeaderElection328] INFO  impl.RaftServerImpl (RaftServerImpl.java:setRole(184)) - 79abbc2e-0a90-4a41-a17c-6388bb873359@group-B673650064C9: changes role from CANDIDATE to FOLLOWER at term 378 for DISCOVERED_A_NEW_TERM
2019-10-15 17:18:28,739 [79abbc2e-0a90-4a41-a17c-6388bb873359@group-B673650064C9-LeaderElection328] INFO  impl.RoleInfo (RoleInfo.java:shutdownLeaderElection(134)) - 79abbc2e-0a90-4a41-a17c-6388bb873359: shutdown LeaderElection
2019-10-15 17:18:28,739 [79abbc2e-0a90-4a41-a17c-6388bb873359@group-B673650064C9-LeaderElection328] INFO  impl.RoleInfo (RoleInfo.java:updateAndGet(143)) - 79abbc2e-0a90-4a41-a17c-6388bb873359: start FollowerState
2019-10-15 17:18:28,894 [Thread-2511] INFO  impl.FollowerState (FollowerState.java:run(108)) - 79abbc2e-0a90-4a41-a17c-6388bb873359@group-B673650064C9-FollowerState: change to CANDIDATE, lastRpcTime:155ms, electionTimeout:155ms
2019-10-15 17:18:28,895 [Thread-2511] INFO  impl.RoleInfo (RoleInfo.java:shutdownFollowerState(121)) - 79abbc2e-0a90-4a41-a17c-6388bb873359: shutdown FollowerState
2019-10-15 17:18:28,895 [Thread-2511] INFO  impl.RaftServerImpl (RaftServerImpl.java:setRole(184)) - 79abbc2e-0a90-4a41-a17c-6388bb873359@group-B673650064C9: changes role from  FOLLOWER to CANDIDATE at term 378 for changeToCandidate
2019-10-15 17:18:28,895 [Thread-2511] INFO  impl.RoleInfo (RoleInfo.java:updateAndGet(143)) - 79abbc2e-0a90-4a41-a17c-6388bb873359: start LeaderElection
2019-10-15 17:18:28,914 [79abbc2e-0a90-4a41-a17c-6388bb873359@group-B673650064C9-LeaderElection329] INFO  impl.LeaderElection (LeaderElection.java:askForVotes(178)) - 79abbc2e-0a90-4a41-a17c-6388bb873359@group-B673650064C9-LeaderElection329: begin an election at term 379 for -1: [ebd8d1f9-8297-450f-abe7-393807ba0c7e:192.168.164.239:36510, dbc121b5-e1e8-4c61-9d50-542b699a3d90:192.168.164.239:43140, 79abbc2e-0a90-4a41-a17c-6388bb873359:192.168.164.239:37857], old=null
2019-10-15 17:18:28,916 [grpc-default-executor-3] INFO  impl.RaftServerImpl (RaftServerImpl.java:setRole(184)) - ebd8d1f9-8297-450f-abe7-393807ba0c7e@group-B673650064C9: changes role from  FOLLOWER to FOLLOWER at term 379 for recognizeCandidate:79abbc2e-0a90-4a41-a17c-6388bb873359
2019-10-15 17:18:28,916 [grpc-default-executor-1] INFO  impl.RaftServerImpl (RaftServerImpl.java:setRole(184)) - dbc121b5-e1e8-4c61-9d50-542b699a3d90@group-B673650064C9: changes role from  FOLLOWER to FOLLOWER at term 379 for recognizeCandidate:79abbc2e-0a90-4a41-a17c-6388bb873359
2019-10-15 17:18:28,916 [grpc-default-executor-3] INFO  impl.RoleInfo (RoleInfo.java:shutdownFollowerState(121)) - ebd8d1f9-8297-450f-abe7-393807ba0c7e: shutdown FollowerState
2019-10-15 17:18:28,916 [grpc-default-executor-1] INFO  impl.RoleInfo (RoleInfo.java:shutdownFollowerState(121)) - dbc121b5-e1e8-4c61-9d50-542b699a3d90: shutdown FollowerState
2019-10-15 17:18:28,916 [grpc-default-executor-3] INFO  impl.RoleInfo (RoleInfo.java:updateAndGet(143)) - ebd8d1f9-8297-450f-abe7-393807ba0c7e: start FollowerState
2019-10-15 17:18:28,916 [Thread-2510] INFO  impl.FollowerState (FollowerState.java:run(117)) - dbc121b5-e1e8-4c61-9d50-542b699a3d90@group-B673650064C9-FollowerState was interrupted: java.lang.InterruptedException: sleep interrupted
2019-10-15 17:18:28,916 [grpc-default-executor-1] INFO  impl.RoleInfo (RoleInfo.java:updateAndGet(143)) - dbc121b5-e1e8-4c61-9d50-542b699a3d90: start FollowerState
2019-10-15 17:18:28,916 [Thread-2509] INFO  impl.FollowerState (FollowerState.java:run(117)) - ebd8d1f9-8297-450f-abe7-393807ba0c7e@group-B673650064C9-FollowerState was interrupted: java.lang.InterruptedException: sleep interrupted
2019-10-15 17:18:28,918 [79abbc2e-0a90-4a41-a17c-6388bb873359@group-B673650064C9-LeaderElection329] INFO  impl.LeaderElection (LeaderElection.java:logAndReturn(56)) - 79abbc2e-0a90-4a41-a17c-6388bb873359@group-B673650064C9-LeaderElection329: Election TIMEOUT; received 0 response(s) [] and 0 exception(s); 79abbc2e-0a90-4a41-a17c-6388bb873359@group-B673650064C9:t379, leader=null, voted=79abbc2e-0a90-4a41-a17c-6388bb873359, raftlog=79abbc2e-0a90-4a41-a17c-6388bb873359@group-B673650064C9-SegmentedRaftLog:OPENED:c-1,f-1,i0, conf=-1: [ebd8d1f9-8297-450f-abe7-393807ba0c7e:192.168.164.239:36510, dbc121b5-e1e8-4c61-9d50-542b699a3d90:192.168.164.239:43140, 79abbc2e-0a90-4a41-a17c-6388bb873359:192.168.164.239:37857], old=null
2019-10-15 17:18:28,939 [79abbc2e-0a90-4a41-a17c-6388bb873359@group-B673650064C9-LeaderElection329] INFO  impl.LeaderElection (LeaderElection.java:askForVotes(178)) - 79abbc2e-0a90-4a41-a17c-6388bb873359@group-B673650064C9-LeaderElection329: begin an election at term 380 for -1: [ebd8d1f9-8297-450f-abe7-393807ba0c7e:192.168.164.239:36510, dbc121b5-e1e8-4c61-9d50-542b699a3d90:192.168.164.239:43140, 79abbc2e-0a90-4a41-a17c-6388bb873359:192.168.164.239:37857], old=null
2019-10-15 17:18:28,941 [grpc-default-executor-1] INFO  impl.RaftServerImpl (RaftServerImpl.java:setRole(184)) - ebd8d1f9-8297-450f-abe7-393807ba0c7e@group-B673650064C9: changes role from  FOLLOWER to FOLLOWER at term 380 for recognizeCandidate:79abbc2e-0a90-4a41-a17c-6388bb873359
2019-10-15 17:18:28,941 [grpc-default-executor-1] INFO  impl.RoleInfo (RoleInfo.java:shutdownFollowerState(121)) - ebd8d1f9-8297-450f-abe7-393807ba0c7e: shutdown FollowerState
2019-10-15 17:18:28,941 [grpc-default-executor-1] INFO  impl.RoleInfo (RoleInfo.java:updateAndGet(143)) - ebd8d1f9-8297-450f-abe7-393807ba0c7e: start FollowerState
2019-10-15 17:18:28,941 [grpc-default-executor-3] INFO  impl.RaftServerImpl (RaftServerImpl.java:setRole(184)) - dbc121b5-e1e8-4c61-9d50-542b699a3d90@group-B673650064C9: changes role from  FOLLOWER to FOLLOWER at term 380 for recognizeCandidate:79abbc2e-0a90-4a41-a17c-6388bb873359
2019-10-15 17:18:28,941 [grpc-default-executor-3] INFO  impl.RoleInfo (RoleInfo.java:shutdownFollowerState(121)) - dbc121b5-e1e8-4c61-9d50-542b699a3d90: shutdown FollowerState
2019-10-15 17:18:28,941 [Thread-2515] INFO  impl.FollowerState (FollowerState.java:run(117)) - ebd8d1f9-8297-450f-abe7-393807ba0c7e@group-B673650064C9-FollowerState was interrupted: java.lang.InterruptedException: sleep interrupted
2019-10-15 17:18:28,941 [Thread-2516] INFO  impl.FollowerState (FollowerState.java:run(117)) - dbc121b5-e1e8-4c61-9d50-542b699a3d90@group-B673650064C9-FollowerState was interrupted: java.lang.InterruptedException: sleep interrupted
2019-10-15 17:18:28,941 [grpc-default-executor-3] INFO  impl.RoleInfo (RoleInfo.java:updateAndGet(143)) - dbc121b5-e1e8-4c61-9d50-542b699a3d90: start FollowerState
2019-10-15 17:18:28,966 [79abbc2e-0a90-4a41-a17c-6388bb873359@group-B673650064C9-LeaderElection329] INFO  impl.LeaderElection (LeaderElection.java:logAndReturn(56)) - 79abbc2e-0a90-4a41-a17c-6388bb873359@group-B673650064C9-LeaderElection329: Election REJECTED; received 2 response(s) [79abbc2e-0a90-4a41-a17c-6388bb873359<-ebd8d1f9-8297-450f-abe7-393807ba0c7e#0:FAIL-t380, 79abbc2e-0a90-4a41-a17c-6388bb873359<-dbc121b5-e1e8-4c61-9d50-542b699a3d90#0:FAIL-t380] and 0 exception(s); 79abbc2e-0a90-4a41-a17c-6388bb873359@group-B673650064C9:t380, leader=null, voted=79abbc2e-0a90-4a41-a17c-6388bb873359, raftlog=79abbc2e-0a90-4a41-a17c-6388bb873359@group-B673650064C9-SegmentedRaftLog:OPENED:c-1,f-1,i0, conf=-1: [ebd8d1f9-8297-450f-abe7-393807ba0c7e:192.168.164.239:36510, dbc121b5-e1e8-4c61-9d50-542b699a3d90:192.168.164.239:43140, 79abbc2e-0a90-4a41-a17c-6388bb873359:192.168.164.239:37857], old=null
2019-10-15 17:18:28,966 [79abbc2e-0a90-4a41-a17c-6388bb873359@group-B673650064C9-LeaderElection329] INFO  impl.RaftServerImpl (RaftServerImpl.java:setRole(184)) - 79abbc2e-0a90-4a41-a17c-6388bb873359@group-B673650064C9: changes role from CANDIDATE to FOLLOWER at term 380 for DISCOVERED_A_NEW_TERM
2019-10-15 17:18:28,966 [79abbc2e-0a90-4a41-a17c-6388bb873359@group-B673650064C9-LeaderElection329] INFO  impl.RoleInfo (RoleInfo.java:shutdownLeaderElection(134)) - 79abbc2e-0a90-4a41-a17c-6388bb873359: shutdown LeaderElection
2019-10-15 17:18:28,966 [79abbc2e-0a90-4a41-a17c-6388bb873359@group-B673650064C9-LeaderElection329] INFO  impl.RoleInfo (RoleInfo.java:updateAndGet(143)) - 79abbc2e-0a90-4a41-a17c-6388bb873359: start FollowerState
2019-10-15 17:18:29,126 [Thread-2521] INFO  impl.FollowerState (FollowerState.java:run(108)) - 79abbc2e-0a90-4a41-a17c-6388bb873359@group-B673650064C9-FollowerState: change to CANDIDATE, lastRpcTime:159ms, electionTimeout:159ms
2019-10-15 17:18:29,126 [Thread-2521] INFO  impl.RoleInfo (RoleInfo.java:shutdownFollowerState(121)) - 79abbc2e-0a90-4a41-a17c-6388bb873359: shutdown FollowerState
2019-10-15 17:18:29,126 [Thread-2521] INFO  impl.RaftServerImpl (RaftServerImpl.java:setRole(184)) - 79abbc2e-0a90-4a41-a17c-6388bb873359@group-B673650064C9: changes role from  FOLLOWER to CANDIDATE at term 380 for changeToCandidate
2019-10-15 17:18:29,126 [Thread-2521] INFO  impl.RoleInfo (RoleInfo.java:updateAndGet(143)) - 79abbc2e-0a90-4a41-a17c-6388bb873359: start LeaderElection
2019-10-15 17:18:29,151 [79abbc2e-0a90-4a41-a17c-6388bb873359@group-B673650064C9-LeaderElection330] INFO  impl.LeaderElection (LeaderElection.java:askForVotes(178)) - 79abbc2e-0a90-4a41-a17c-6388bb873359@group-B673650064C9-LeaderElection330: begin an election at term 381 for -1: [ebd8d1f9-8297-450f-abe7-393807ba0c7e:192.168.164.239:36510, dbc121b5-e1e8-4c61-9d50-542b699a3d90:192.168.164.239:43140, 79abbc2e-0a90-4a41-a17c-6388bb873359:192.168.164.239:37857], old=null
2019-10-15 17:18:29,153 [grpc-default-executor-3] INFO  impl.RaftServerImpl (RaftServerImpl.java:setRole(184)) - ebd8d1f9-8297-450f-abe7-393807ba0c7e@group-B673650064C9: changes role from  FOLLOWER to FOLLOWER at term 381 for recognizeCandidate:79abbc2e-0a90-4a41-a17c-6388bb873359
2019-10-15 17:18:29,153 [grpc-default-executor-1] INFO  impl.RaftServerImpl (RaftServerImpl.java:setRole(184)) - dbc121b5-e1e8-4c61-9d50-542b699a3d90@group-B673650064C9: changes role from  FOLLOWER to FOLLOWER at term 381 for recognizeCandidate:79abbc2e-0a90-4a41-a17c-6388bb873359
2019-10-15 17:18:29,153 [grpc-default-executor-3] INFO  impl.RoleInfo (RoleInfo.java:shutdownFollowerState(121)) - ebd8d1f9-8297-450f-abe7-393807ba0c7e: shutdown FollowerState
2019-10-15 17:18:29,153 [grpc-default-executor-1] INFO  impl.RoleInfo (RoleInfo.java:shutdownFollowerState(121)) - dbc121b5-e1e8-4c61-9d50-542b699a3d90: shutdown FollowerState
2019-10-15 17:18:29,153 [Thread-2519] INFO  impl.FollowerState (FollowerState.java:run(117)) - ebd8d1f9-8297-450f-abe7-393807ba0c7e@group-B673650064C9-FollowerState was interrupted: java.lang.InterruptedException: sleep interrupted
2019-10-15 17:18:29,153 [grpc-default-executor-3] INFO  impl.RoleInfo (RoleInfo.java:updateAndGet(143)) - ebd8d1f9-8297-450f-abe7-393807ba0c7e: start FollowerState
2019-10-15 17:18:29,153 [Thread-2520] INFO  impl.FollowerState (FollowerState.java:run(117)) - dbc121b5-e1e8-4c61-9d50-542b699a3d90@group-B673650064C9-FollowerState was interrupted: java.lang.InterruptedException: sleep interrupted
2019-10-15 17:18:29,153 [grpc-default-executor-1] INFO  impl.RoleInfo (RoleInfo.java:updateAndGet(143)) - dbc121b5-e1e8-4c61-9d50-542b699a3d90: start FollowerState
2019-10-15 17:18:29,178 [79abbc2e-0a90-4a41-a17c-6388bb873359@group-B673650064C9-LeaderElection330] INFO  impl.LeaderElection (LeaderElection.java:logAndReturn(56)) - 79abbc2e-0a90-4a41-a17c-6388bb873359@group-B673650064C9-LeaderElection330: Election REJECTED; received 2 response(s) [79abbc2e-0a90-4a41-a17c-6388bb873359<-ebd8d1f9-8297-450f-abe7-393807ba0c7e#0:FAIL-t381, 79abbc2e-0a90-4a41-a17c-6388bb873359<-dbc121b5-e1e8-4c61-9d50-542b699a3d90#0:FAIL-t381] and 0 exception(s); 79abbc2e-0a90-4a41-a17c-6388bb873359@group-B673650064C9:t381, leader=null, voted=79abbc2e-0a90-4a41-a17c-6388bb873359, raftlog=79abbc2e-0a90-4a41-a17c-6388bb873359@group-B673650064C9-SegmentedRaftLog:OPENED:c-1,f-1,i0, conf=-1: [ebd8d1f9-8297-450f-abe7-393807ba0c7e:192.168.164.239:36510, dbc121b5-e1e8-4c61-9d50-542b699a3d90:192.168.164.239:43140, 79abbc2e-0a90-4a41-a17c-6388bb873359:192.168.164.239:37857], old=null
2019-10-15 17:18:29,178 [79abbc2e-0a90-4a41-a17c-6388bb873359@group-B673650064C9-LeaderElection330] INFO  impl.RaftServerImpl (RaftServerImpl.java:setRole(184)) - 79abbc2e-0a90-4a41-a17c-6388bb873359@group-B673650064C9: changes role from CANDIDATE to FOLLOWER at term 381 for DISCOVERED_A_NEW_TERM
2019-10-15 17:18:29,178 [79abbc2e-0a90-4a41-a17c-6388bb873359@group-B673650064C9-LeaderElection330] INFO  impl.RoleInfo (RoleInfo.java:shutdownLeaderElection(134)) - 79abbc2e-0a90-4a41-a17c-6388bb873359: shutdown LeaderElection
2019-10-15 17:18:29,178 [79abbc2e-0a90-4a41-a17c-6388bb873359@group-B673650064C9-LeaderElection330] INFO  impl.RoleInfo (RoleInfo.java:updateAndGet(143)) - 79abbc2e-0a90-4a41-a17c-6388bb873359: start FollowerState
2019-10-15 17:18:29,321 [Thread-2527] INFO  impl.FollowerState (FollowerState.java:run(108)) - 79abbc2e-0a90-4a41-a17c-6388bb873359@group-B673650064C9-FollowerState: change to CANDIDATE, lastRpcTime:142ms, electionTimeout:142ms
2019-10-15 17:18:29,321 [Thread-2527] INFO  impl.RoleInfo (RoleInfo.java:shutdownFollowerState(121)) - 79abbc2e-0a90-4a41-a17c-6388bb873359: shutdown FollowerState
2019-10-15 17:18:29,321 [Thread-2527] INFO  impl.RaftServerImpl (RaftServerImpl.java:setRole(184)) - 79abbc2e-0a90-4a41-a17c-6388bb873359@group-B673650064C9: changes role from  FOLLOWER to CANDIDATE at term 381 for changeToCandidate
2019-10-15 17:18:29,321 [Thread-2527] INFO  impl.RoleInfo (RoleInfo.java:updateAndGet(143)) - 79abbc2e-0a90-4a41-a17c-6388bb873359: start LeaderElection
2019-10-15 17:18:29,338 [79abbc2e-0a90-4a41-a17c-6388bb873359@group-B673650064C9-LeaderElection331] INFO  impl.LeaderElection (LeaderElection.java:askForVotes(178)) - 79abbc2e-0a90-4a41-a17c-6388bb873359@group-B673650064C9-LeaderElection331: begin an election at term 382 for -1: [ebd8d1f9-8297-450f-abe7-393807ba0c7e:192.168.164.239:36510, dbc121b5-e1e8-4c61-9d50-542b699a3d90:192.168.164.239:43140, 79abbc2e-0a90-4a41-a17c-6388bb873359:192.168.164.239:37857], old=null
2019-10-15 17:18:29,339 [grpc-default-executor-1] INFO  impl.RaftServerImpl (RaftServerImpl.java:setRole(184)) - ebd8d1f9-8297-450f-abe7-393807ba0c7e@group-B673650064C9: changes role from  FOLLOWER to FOLLOWER at term 382 for recognizeCandidate:79abbc2e-0a90-4a41-a17c-6388bb873359
2019-10-15 17:18:29,339 [grpc-default-executor-3] INFO  impl.RaftServerImpl (RaftServerImpl.java:setRole(184)) - dbc121b5-e1e8-4c61-9d50-542b699a3d90@group-B673650064C9: changes role from  FOLLOWER to FOLLOWER at term 382 for recognizeCandidate:79abbc2e-0a90-4a41-a17c-6388bb873359
2019-10-15 17:18:29,339 [grpc-default-executor-1] INFO  impl.RoleInfo (RoleInfo.java:shutdownFollowerState(121)) - ebd8d1f9-8297-450f-abe7-393807ba0c7e: shutdown FollowerState
2019-10-15 17:18:29,340 [grpc-default-executor-3] INFO  impl.RoleInfo (RoleInfo.java:shutdownFollowerState(121)) - dbc121b5-e1e8-4c61-9d50-542b699a3d90: shutdown FollowerState
2019-10-15 17:18:29,340 [Thread-2525] INFO  impl.FollowerState (FollowerState.java:run(117)) - ebd8d1f9-8297-450f-abe7-393807ba0c7e@group-B673650064C9-FollowerState was interrupted: java.lang.InterruptedException: sleep interrupted
2019-10-15 17:18:29,340 [Thread-2526] INFO  impl.FollowerState (FollowerState.java:run(117)) - dbc121b5-e1e8-4c61-9d50-542b699a3d90@group-B673650064C9-FollowerState was interrupted: java.lang.InterruptedException: sleep interrupted
2019-10-15 17:18:29,340 [grpc-default-executor-1] INFO  impl.RoleInfo (RoleInfo.java:updateAndGet(143)) - ebd8d1f9-8297-450f-abe7-393807ba0c7e: start FollowerState
2019-10-15 17:18:29,340 [grpc-default-executor-3] INFO  impl.RoleInfo (RoleInfo.java:updateAndGet(143)) - dbc121b5-e1e8-4c61-9d50-542b699a3d90: start FollowerState
2019-10-15 17:18:29,364 [79abbc2e-0a90-4a41-a17c-6388bb873359@group-B673650064C9-LeaderElection331] INFO  impl.LeaderElection (LeaderElection.java:logAndReturn(56)) - 79abbc2e-0a90-4a41-a17c-6388bb873359@group-B673650064C9-LeaderElection331: Election REJECTED; received 2 response(s) [79abbc2e-0a90-4a41-a17c-6388bb873359<-ebd8d1f9-8297-450f-abe7-393807ba0c7e#0:FAIL-t382, 79abbc2e-0a90-4a41-a17c-6388bb873359<-dbc121b5-e1e8-4c61-9d50-542b699a3d90#0:FAIL-t382] and 0 exception(s); 79abbc2e-0a90-4a41-a17c-6388bb873359@group-B673650064C9:t382, leader=null, voted=79abbc2e-0a90-4a41-a17c-6388bb873359, raftlog=79abbc2e-0a90-4a41-a17c-6388bb873359@group-B673650064C9-SegmentedRaftLog:OPENED:c-1,f-1,i0, conf=-1: [ebd8d1f9-8297-450f-abe7-393807ba0c7e:192.168.164.239:36510, dbc121b5-e1e8-4c61-9d50-542b699a3d90:192.168.164.239:43140, 79abbc2e-0a90-4a41-a17c-6388bb873359:192.168.164.239:37857], old=null
2019-10-15 17:18:29,364 [79abbc2e-0a90-4a41-a17c-6388bb873359@group-B673650064C9-LeaderElection331] INFO  impl.RaftServerImpl (RaftServerImpl.java:setRole(184)) - 79abbc2e-0a90-4a41-a17c-6388bb873359@group-B673650064C9: changes role from CANDIDATE to FOLLOWER at term 382 for DISCOVERED_A_NEW_TERM
2019-10-15 17:18:29,364 [79abbc2e-0a90-4a41-a17c-6388bb873359@group-B673650064C9-LeaderElection331] INFO  impl.RoleInfo (RoleInfo.java:shutdownLeaderElection(134)) - 79abbc2e-0a90-4a41-a17c-6388bb873359: shutdown LeaderElection
2019-10-15 17:18:29,364 [79abbc2e-0a90-4a41-a17c-6388bb873359@group-B673650064C9-LeaderElection331] INFO  impl.RoleInfo (RoleInfo.java:updateAndGet(143)) - 79abbc2e-0a90-4a41-a17c-6388bb873359: start FollowerState
2019-10-15 17:18:29,442 [Thread-2535] INFO  impl.FollowerState (FollowerState.java:run(108)) - 79abbc2e-0a90-4a41-a17c-6388bb873359@group-B673650064C9-FollowerState: change to CANDIDATE, lastRpcTime:77ms, electionTimeout:77ms
2019-10-15 17:18:29,442 [Thread-2535] INFO  impl.RoleInfo (RoleInfo.java:shutdownFollowerState(121)) - 79abbc2e-0a90-4a41-a17c-6388bb873359: shutdown FollowerState
2019-10-15 17:18:29,442 [Thread-2535] INFO  impl.RaftServerImpl (RaftServerImpl.java:setRole(184)) - 79abbc2e-0a90-4a41-a17c-6388bb873359@group-B673650064C9: changes role from  FOLLOWER to CANDIDATE at term 382 for changeToCandidate
2019-10-15 17:18:29,442 [Thread-2535] INFO  impl.RoleInfo (RoleInfo.java:updateAndGet(143)) - 79abbc2e-0a90-4a41-a17c-6388bb873359: start LeaderElection
2019-10-15 17:18:29,465 [79abbc2e-0a90-4a41-a17c-6388bb873359@group-B673650064C9-LeaderElection332] INFO  impl.LeaderElection (LeaderElection.java:askForVotes(178)) - 79abbc2e-0a90-4a41-a17c-6388bb873359@group-B673650064C9-LeaderElection332: begin an election at term 383 for -1: [ebd8d1f9-8297-450f-abe7-393807ba0c7e:192.168.164.239:36510, dbc121b5-e1e8-4c61-9d50-542b699a3d90:192.168.164.239:43140, 79abbc2e-0a90-4a41-a17c-6388bb873359:192.168.164.239:37857], old=null
2019-10-15 17:18:29,466 [grpc-default-executor-3] INFO  impl.RaftServerImpl (RaftServerImpl.java:setRole(184)) - ebd8d1f9-8297-450f-abe7-393807ba0c7e@group-B673650064C9: changes role from  FOLLOWER to FOLLOWER at term 383 for recognizeCandidate:79abbc2e-0a90-4a41-a17c-6388bb873359
2019-10-15 17:18:29,466 [grpc-default-executor-1] INFO  impl.RaftServerImpl (RaftServerImpl.java:setRole(184)) - dbc121b5-e1e8-4c61-9d50-542b699a3d90@group-B673650064C9: changes role from  FOLLOWER to FOLLOWER at term 383 for recognizeCandidate:79abbc2e-0a90-4a41-a17c-6388bb873359
2019-10-15 17:18:29,466 [grpc-default-executor-3] INFO  impl.RoleInfo (RoleInfo.java:shutdownFollowerState(121)) - ebd8d1f9-8297-450f-abe7-393807ba0c7e: shutdown FollowerState
2019-10-15 17:18:29,467 [grpc-default-executor-1] INFO  impl.RoleInfo (RoleInfo.java:shutdownFollowerState(121)) - dbc121b5-e1e8-4c61-9d50-542b699a3d90: shutdown FollowerState
2019-10-15 17:18:29,467 [Thread-2533] INFO  impl.FollowerState (FollowerState.java:run(117)) - ebd8d1f9-8297-450f-abe7-393807ba0c7e@group-B673650064C9-FollowerState was interrupted: java.lang.InterruptedException: sleep interrupted
2019-10-15 17:18:29,467 [grpc-default-executor-3] INFO  impl.RoleInfo (RoleInfo.java:updateAndGet(143)) - ebd8d1f9-8297-450f-abe7-393807ba0c7e: start FollowerState
2019-10-15 17:18:29,467 [Thread-2534] INFO  impl.FollowerState (FollowerState.java:run(117)) - dbc121b5-e1e8-4c61-9d50-542b699a3d90@group-B673650064C9-FollowerState was interrupted: java.lang.InterruptedException: sleep interrupted
2019-10-15 17:18:29,467 [grpc-default-executor-1] INFO  impl.RoleInfo (RoleInfo.java:updateAndGet(143)) - dbc121b5-e1e8-4c61-9d50-542b699a3d90: start FollowerState
2019-10-15 17:18:29,483 [79abbc2e-0a90-4a41-a17c-6388bb873359@group-B673650064C9-LeaderElection332] INFO  impl.LeaderElection (LeaderElection.java:logAndReturn(56)) - 79abbc2e-0a90-4a41-a17c-6388bb873359@group-B673650064C9-LeaderElection332: Election REJECTED; received 2 response(s) [79abbc2e-0a90-4a41-a17c-6388bb873359<-ebd8d1f9-8297-450f-abe7-393807ba0c7e#0:FAIL-t383, 79abbc2e-0a90-4a41-a17c-6388bb873359<-dbc121b5-e1e8-4c61-9d50-542b699a3d90#0:FAIL-t383] and 0 exception(s); 79abbc2e-0a90-4a41-a17c-6388bb873359@group-B673650064C9:t383, leader=null, voted=79abbc2e-0a90-4a41-a17c-6388bb873359, raftlog=79abbc2e-0a90-4a41-a17c-6388bb873359@group-B673650064C9-SegmentedRaftLog:OPENED:c-1,f-1,i0, conf=-1: [ebd8d1f9-8297-450f-abe7-393807ba0c7e:192.168.164.239:36510, dbc121b5-e1e8-4c61-9d50-542b699a3d90:192.168.164.239:43140, 79abbc2e-0a90-4a41-a17c-6388bb873359:192.168.164.239:37857], old=null
2019-10-15 17:18:29,483 [79abbc2e-0a90-4a41-a17c-6388bb873359@group-B673650064C9-LeaderElection332] INFO  impl.RaftServerImpl (RaftServerImpl.java:setRole(184)) - 79abbc2e-0a90-4a41-a17c-6388bb873359@group-B673650064C9: changes role from CANDIDATE to FOLLOWER at term 383 for DISCOVERED_A_NEW_TERM
2019-10-15 17:18:29,483 [79abbc2e-0a90-4a41-a17c-6388bb873359@group-B673650064C9-LeaderElection332] INFO  impl.RoleInfo (RoleInfo.java:shutdownLeaderElection(134)) - 79abbc2e-0a90-4a41-a17c-6388bb873359: shutdown LeaderElection
2019-10-15 17:18:29,483 [79abbc2e-0a90-4a41-a17c-6388bb873359@group-B673650064C9-LeaderElection332] INFO  impl.RoleInfo (RoleInfo.java:updateAndGet(143)) - 79abbc2e-0a90-4a41-a17c-6388bb873359: start FollowerState
2019-10-15 17:18:29,581 [Thread-2541] INFO  impl.FollowerState (FollowerState.java:run(108)) - 79abbc2e-0a90-4a41-a17c-6388bb873359@group-B673650064C9-FollowerState: change to CANDIDATE, lastRpcTime:98ms, electionTimeout:98ms
2019-10-15 17:18:29,582 [Thread-2541] INFO  impl.RoleInfo (RoleInfo.java:shutdownFollowerState(121)) - 79abbc2e-0a90-4a41-a17c-6388bb873359: shutdown FollowerState
2019-10-15 17:18:29,582 [Thread-2541] INFO  impl.RaftServerImpl (RaftServerImpl.java:setRole(184)) - 79abbc2e-0a90-4a41-a17c-6388bb873359@group-B673650064C9: changes role from  FOLLOWER to CANDIDATE at term 383 for changeToCandidate
2019-10-15 17:18:29,582 [Thread-2541] INFO  impl.RoleInfo (RoleInfo.java:updateAndGet(143)) - 79abbc2e-0a90-4a41-a17c-6388bb873359: start LeaderElection
2019-10-15 17:18:29,600 [79abbc2e-0a90-4a41-a17c-6388bb873359@group-B673650064C9-LeaderElection333] INFO  impl.LeaderElection (LeaderElection.java:askForVotes(178)) - 79abbc2e-0a90-4a41-a17c-6388bb873359@group-B673650064C9-LeaderElection333: begin an election at term 384 for -1: [ebd8d1f9-8297-450f-abe7-393807ba0c7e:192.168.164.239:36510, dbc121b5-e1e8-4c61-9d50-542b699a3d90:192.168.164.239:43140, 79abbc2e-0a90-4a41-a17c-6388bb873359:192.168.164.239:37857], old=null
2019-10-15 17:18:29,601 [grpc-default-executor-1] INFO  impl.RaftServerImpl (RaftServerImpl.java:setRole(184)) - ebd8d1f9-8297-450f-abe7-393807ba0c7e@group-B673650064C9: changes role from  FOLLOWER to FOLLOWER at term 384 for recognizeCandidate:79abbc2e-0a90-4a41-a17c-6388bb873359
2019-10-15 17:18:29,601 [grpc-default-executor-3] INFO  impl.RaftServerImpl (RaftServerImpl.java:setRole(184)) - dbc121b5-e1e8-4c61-9d50-542b699a3d90@group-B673650064C9: changes role from  FOLLOWER to FOLLOWER at term 384 for recognizeCandidate:79abbc2e-0a90-4a41-a17c-6388bb873359
2019-10-15 17:18:29,601 [grpc-default-executor-1] INFO  impl.RoleInfo (RoleInfo.java:shutdownFollowerState(121)) - ebd8d1f9-8297-450f-abe7-393807ba0c7e: shutdown FollowerState
2019-10-15 17:18:29,601 [grpc-default-executor-3] INFO  impl.RoleInfo (RoleInfo.java:shutdownFollowerState(121)) - dbc121b5-e1e8-4c61-9d50-542b699a3d90: shutdown FollowerState
2019-10-15 17:18:29,601 [Thread-2539] INFO  impl.FollowerState (FollowerState.java:run(117)) - ebd8d1f9-8297-450f-abe7-393807ba0c7e@group-B673650064C9-FollowerState was interrupted: java.lang.InterruptedException: sleep interrupted
2019-10-15 17:18:29,601 [grpc-default-executor-1] INFO  impl.RoleInfo (RoleInfo.java:updateAndGet(143)) - ebd8d1f9-8297-450f-abe7-393807ba0c7e: start FollowerState
2019-10-15 17:18:29,601 [Thread-2540] INFO  impl.FollowerState (FollowerState.java:run(117)) - dbc121b5-e1e8-4c61-9d50-542b699a3d90@group-B673650064C9-FollowerState was interrupted: java.lang.InterruptedException: sleep interrupted
2019-10-15 17:18:29,601 [grpc-default-executor-3] INFO  impl.RoleInfo (RoleInfo.java:updateAndGet(143)) - dbc121b5-e1e8-4c61-9d50-542b699a3d90: start FollowerState
2019-10-15 17:18:29,626 [79abbc2e-0a90-4a41-a17c-6388bb873359@group-B673650064C9-LeaderElection333] INFO  impl.LeaderElection (LeaderElection.java:logAndReturn(56)) - 79abbc2e-0a90-4a41-a17c-6388bb873359@group-B673650064C9-LeaderElection333: Election REJECTED; received 2 response(s) [79abbc2e-0a90-4a41-a17c-6388bb873359<-ebd8d1f9-8297-450f-abe7-393807ba0c7e#0:FAIL-t384, 79abbc2e-0a90-4a41-a17c-6388bb873359<-dbc121b5-e1e8-4c61-9d50-542b699a3d90#0:FAIL-t384] and 0 exception(s); 79abbc2e-0a90-4a41-a17c-6388bb873359@group-B673650064C9:t384, leader=null, voted=79abbc2e-0a90-4a41-a17c-6388bb873359, raftlog=79abbc2e-0a90-4a41-a17c-6388bb873359@group-B673650064C9-SegmentedRaftLog:OPENED:c-1,f-1,i0, conf=-1: [ebd8d1f9-8297-450f-abe7-393807ba0c7e:192.168.164.239:36510, dbc121b5-e1e8-4c61-9d50-542b699a3d90:192.168.164.239:43140, 79abbc2e-0a90-4a41-a17c-6388bb873359:192.168.164.239:37857], old=null
2019-10-15 17:18:29,626 [79abbc2e-0a90-4a41-a17c-6388bb873359@group-B673650064C9-LeaderElection333] INFO  impl.RaftServerImpl (RaftServerImpl.java:setRole(184)) - 79abbc2e-0a90-4a41-a17c-6388bb873359@group-B673650064C9: changes role from CANDIDATE to FOLLOWER at term 384 for DISCOVERED_A_NEW_TERM
2019-10-15 17:18:29,626 [79abbc2e-0a90-4a41-a17c-6388bb873359@group-B673650064C9-LeaderElection333] INFO  impl.RoleInfo (RoleInfo.java:shutdownLeaderElection(134)) - 79abbc2e-0a90-4a41-a17c-6388bb873359: shutdown LeaderElection
2019-10-15 17:18:29,627 [79abbc2e-0a90-4a41-a17c-6388bb873359@group-B673650064C9-LeaderElection333] INFO  impl.RoleInfo (RoleInfo.java:updateAndGet(143)) - 79abbc2e-0a90-4a41-a17c-6388bb873359: start FollowerState
2019-10-15 17:18:29,790 [Thread-2547] INFO  impl.FollowerState (FollowerState.java:run(108)) - 79abbc2e-0a90-4a41-a17c-6388bb873359@group-B673650064C9-FollowerState: change to CANDIDATE, lastRpcTime:163ms, electionTimeout:163ms
2019-10-15 17:18:29,790 [Thread-2547] INFO  impl.RoleInfo (RoleInfo.java:shutdownFollowerState(121)) - 79abbc2e-0a90-4a41-a17c-6388bb873359: shutdown FollowerState
2019-10-15 17:18:29,790 [Thread-2547] INFO  impl.RaftServerImpl (RaftServerImpl.java:setRole(184)) - 79abbc2e-0a90-4a41-a17c-6388bb873359@group-B673650064C9: changes role from  FOLLOWER to CANDIDATE at term 384 for changeToCandidate
2019-10-15 17:18:29,790 [Thread-2547] INFO  impl.RoleInfo (RoleInfo.java:updateAndGet(143)) - 79abbc2e-0a90-4a41-a17c-6388bb873359: start LeaderElection
2019-10-15 17:18:29,820 [79abbc2e-0a90-4a41-a17c-6388bb873359@group-B673650064C9-LeaderElection334] INFO  impl.LeaderElection (LeaderElection.java:askForVotes(178)) - 79abbc2e-0a90-4a41-a17c-6388bb873359@group-B673650064C9-LeaderElection334: begin an election at term 385 for -1: [ebd8d1f9-8297-450f-abe7-393807ba0c7e:192.168.164.239:36510, dbc121b5-e1e8-4c61-9d50-542b699a3d90:192.168.164.239:43140, 79abbc2e-0a90-4a41-a17c-6388bb873359:192.168.164.239:37857], old=null
2019-10-15 17:18:29,822 [grpc-default-executor-3] INFO  impl.RaftServerImpl (RaftServerImpl.java:setRole(184)) - ebd8d1f9-8297-450f-abe7-393807ba0c7e@group-B673650064C9: changes role from  FOLLOWER to FOLLOWER at term 385 for recognizeCandidate:79abbc2e-0a90-4a41-a17c-6388bb873359
2019-10-15 17:18:29,823 [grpc-default-executor-3] INFO  impl.RoleInfo (RoleInfo.java:shutdownFollowerState(121)) - ebd8d1f9-8297-450f-abe7-393807ba0c7e: shutdown FollowerState
2019-10-15 17:18:29,823 [grpc-default-executor-1] INFO  impl.RaftServerImpl (RaftServerImpl.java:setRole(184)) - dbc121b5-e1e8-4c61-9d50-542b699a3d90@group-B673650064C9: changes role from  FOLLOWER to FOLLOWER at term 385 for recognizeCandidate:79abbc2e-0a90-4a41-a17c-6388bb873359
2019-10-15 17:18:29,823 [Thread-2545] INFO  impl.FollowerState (FollowerState.java:run(117)) - ebd8d1f9-8297-450f-abe7-393807ba0c7e@group-B673650064C9-FollowerState was interrupted: java.lang.InterruptedException: sleep interrupted
2019-10-15 17:18:29,823 [grpc-default-executor-3] INFO  impl.RoleInfo (RoleInfo.java:updateAndGet(143)) - ebd8d1f9-8297-450f-abe7-393807ba0c7e: start FollowerState
2019-10-15 17:18:29,823 [grpc-default-executor-1] INFO  impl.RoleInfo (RoleInfo.java:shutdownFollowerState(121)) - dbc121b5-e1e8-4c61-9d50-542b699a3d90: shutdown FollowerState
2019-10-15 17:18:29,823 [grpc-default-executor-1] INFO  impl.RoleInfo (RoleInfo.java:updateAndGet(143)) - dbc121b5-e1e8-4c61-9d50-542b699a3d90: start FollowerState
2019-10-15 17:18:29,823 [Thread-2546] INFO  impl.FollowerState (FollowerState.java:run(117)) - dbc121b5-e1e8-4c61-9d50-542b699a3d90@group-B673650064C9-FollowerState was interrupted: java.lang.InterruptedException: sleep interrupted
2019-10-15 17:18:29,848 [79abbc2e-0a90-4a41-a17c-6388bb873359@group-B673650064C9-LeaderElection334] INFO  impl.LeaderElection (LeaderElection.java:logAndReturn(56)) - 79abbc2e-0a90-4a41-a17c-6388bb873359@group-B673650064C9-LeaderElection334: Election REJECTED; received 2 response(s) [79abbc2e-0a90-4a41-a17c-6388bb873359<-ebd8d1f9-8297-450f-abe7-393807ba0c7e#0:FAIL-t385, 79abbc2e-0a90-4a41-a17c-6388bb873359<-dbc121b5-e1e8-4c61-9d50-542b699a3d90#0:FAIL-t385] and 0 exception(s); 79abbc2e-0a90-4a41-a17c-6388bb873359@group-B673650064C9:t385, leader=null, voted=79abbc2e-0a90-4a41-a17c-6388bb873359, raftlog=79abbc2e-0a90-4a41-a17c-6388bb873359@group-B673650064C9-SegmentedRaftLog:OPENED:c-1,f-1,i0, conf=-1: [ebd8d1f9-8297-450f-abe7-393807ba0c7e:192.168.164.239:36510, dbc121b5-e1e8-4c61-9d50-542b699a3d90:192.168.164.239:43140, 79abbc2e-0a90-4a41-a17c-6388bb873359:192.168.164.239:37857], old=null
2019-10-15 17:18:29,848 [79abbc2e-0a90-4a41-a17c-6388bb873359@group-B673650064C9-LeaderElection334] INFO  impl.RaftServerImpl (RaftServerImpl.java:setRole(184)) - 79abbc2e-0a90-4a41-a17c-6388bb873359@group-B673650064C9: changes role from CANDIDATE to FOLLOWER at term 385 for DISCOVERED_A_NEW_TERM
2019-10-15 17:18:29,848 [79abbc2e-0a90-4a41-a17c-6388bb873359@group-B673650064C9-LeaderElection334] INFO  impl.RoleInfo (RoleInfo.java:shutdownLeaderElection(134)) - 79abbc2e-0a90-4a41-a17c-6388bb873359: shutdown LeaderElection
2019-10-15 17:18:29,848 [79abbc2e-0a90-4a41-a17c-6388bb873359@group-B673650064C9-LeaderElection334] INFO  impl.RoleInfo (RoleInfo.java:updateAndGet(143)) - 79abbc2e-0a90-4a41-a17c-6388bb873359: start FollowerState
2019-10-15 17:18:30,034 [Thread-2553] INFO  impl.FollowerState (FollowerState.java:run(108)) - 79abbc2e-0a90-4a41-a17c-6388bb873359@group-B673650064C9-FollowerState: change to CANDIDATE, lastRpcTime:185ms, electionTimeout:185ms
2019-10-15 17:18:30,034 [Thread-2553] INFO  impl.RoleInfo (RoleInfo.java:shutdownFollowerState(121)) - 79abbc2e-0a90-4a41-a17c-6388bb873359: shutdown FollowerState
2019-10-15 17:18:30,034 [Thread-2553] INFO  impl.RaftServerImpl (RaftServerImpl.java:setRole(184)) - 79abbc2e-0a90-4a41-a17c-6388bb873359@group-B673650064C9: changes role from  FOLLOWER to CANDIDATE at term 385 for changeToCandidate
2019-10-15 17:18:30,034 [Thread-2553] INFO  impl.RoleInfo (RoleInfo.java:updateAndGet(143)) - 79abbc2e-0a90-4a41-a17c-6388bb873359: start LeaderElection
2019-10-15 17:18:30,059 [79abbc2e-0a90-4a41-a17c-6388bb873359@group-B673650064C9-LeaderElection335] INFO  impl.LeaderElection (LeaderElection.java:askForVotes(178)) - 79abbc2e-0a90-4a41-a17c-6388bb873359@group-B673650064C9-LeaderElection335: begin an election at term 386 for -1: [ebd8d1f9-8297-450f-abe7-393807ba0c7e:192.168.164.239:36510, dbc121b5-e1e8-4c61-9d50-542b699a3d90:192.168.164.239:43140, 79abbc2e-0a90-4a41-a17c-6388bb873359:192.168.164.239:37857], old=null
2019-10-15 17:18:30,061 [grpc-default-executor-3] INFO  impl.RaftServerImpl (RaftServerImpl.java:setRole(184)) - ebd8d1f9-8297-450f-abe7-393807ba0c7e@group-B673650064C9: changes role from  FOLLOWER to FOLLOWER at term 386 for recognizeCandidate:79abbc2e-0a90-4a41-a17c-6388bb873359
2019-10-15 17:18:30,061 [grpc-default-executor-3] INFO  impl.RoleInfo (RoleInfo.java:shutdownFollowerState(121)) - ebd8d1f9-8297-450f-abe7-393807ba0c7e: shutdown FollowerState
2019-10-15 17:18:30,061 [grpc-default-executor-1] INFO  impl.RaftServerImpl (RaftServerImpl.java:setRole(184)) - dbc121b5-e1e8-4c61-9d50-542b699a3d90@group-B673650064C9: changes role from  FOLLOWER to FOLLOWER at term 386 for recognizeCandidate:79abbc2e-0a90-4a41-a17c-6388bb873359
2019-10-15 17:18:30,061 [Thread-2551] INFO  impl.FollowerState (FollowerState.java:run(117)) - ebd8d1f9-8297-450f-abe7-393807ba0c7e@group-B673650064C9-FollowerState was interrupted: java.lang.InterruptedException: sleep interrupted
2019-10-15 17:18:30,061 [grpc-default-executor-3] INFO  impl.RoleInfo (RoleInfo.java:updateAndGet(143)) - ebd8d1f9-8297-450f-abe7-393807ba0c7e: start FollowerState
2019-10-15 17:18:30,061 [grpc-default-executor-1] INFO  impl.RoleInfo (RoleInfo.java:shutdownFollowerState(121)) - dbc121b5-e1e8-4c61-9d50-542b699a3d90: shutdown FollowerState
2019-10-15 17:18:30,062 [grpc-default-executor-1] INFO  impl.RoleInfo (RoleInfo.java:updateAndGet(143)) - dbc121b5-e1e8-4c61-9d50-542b699a3d90: start FollowerState
2019-10-15 17:18:30,062 [Thread-2552] INFO  impl.FollowerState (FollowerState.java:run(117)) - dbc121b5-e1e8-4c61-9d50-542b699a3d90@group-B673650064C9-FollowerState was interrupted: java.lang.InterruptedException: sleep interrupted
2019-10-15 17:18:30,085 [79abbc2e-0a90-4a41-a17c-6388bb873359@group-B673650064C9-LeaderElection335] INFO  impl.LeaderElection (LeaderElection.java:logAndReturn(56)) - 79abbc2e-0a90-4a41-a17c-6388bb873359@group-B673650064C9-LeaderElection335: Election REJECTED; received 2 response(s) [79abbc2e-0a90-4a41-a17c-6388bb873359<-ebd8d1f9-8297-450f-abe7-393807ba0c7e#0:FAIL-t386, 79abbc2e-0a90-4a41-a17c-6388bb873359<-dbc121b5-e1e8-4c61-9d50-542b699a3d90#0:FAIL-t386] and 0 exception(s); 79abbc2e-0a90-4a41-a17c-6388bb873359@group-B673650064C9:t386, leader=null, voted=79abbc2e-0a90-4a41-a17c-6388bb873359, raftlog=79abbc2e-0a90-4a41-a17c-6388bb873359@group-B673650064C9-SegmentedRaftLog:OPENED:c-1,f-1,i0, conf=-1: [ebd8d1f9-8297-450f-abe7-393807ba0c7e:192.168.164.239:36510, dbc121b5-e1e8-4c61-9d50-542b699a3d90:192.168.164.239:43140, 79abbc2e-0a90-4a41-a17c-6388bb873359:192.168.164.239:37857], old=null
2019-10-15 17:18:30,085 [79abbc2e-0a90-4a41-a17c-6388bb873359@group-B673650064C9-LeaderElection335] INFO  impl.RaftServerImpl (RaftServerImpl.java:setRole(184)) - 79abbc2e-0a90-4a41-a17c-6388bb873359@group-B673650064C9: changes role from CANDIDATE to FOLLOWER at term 386 for DISCOVERED_A_NEW_TERM
2019-10-15 17:18:30,085 [79abbc2e-0a90-4a41-a17c-6388bb873359@group-B673650064C9-LeaderElection335] INFO  impl.RoleInfo (RoleInfo.java:shutdownLeaderElection(134)) - 79abbc2e-0a90-4a41-a17c-6388bb873359: shutdown LeaderElection
2019-10-15 17:18:30,086 [79abbc2e-0a90-4a41-a17c-6388bb873359@group-B673650064C9-LeaderElection335] INFO  impl.RoleInfo (RoleInfo.java:updateAndGet(143)) - 79abbc2e-0a90-4a41-a17c-6388bb873359: start FollowerState
2019-10-15 17:18:30,087 [Thread-2559] INFO  impl.FollowerState (FollowerState.java:run(108)) - 79abbc2e-0a90-4a41-a17c-6388bb873359@group-B673650064C9-FollowerState: change to CANDIDATE, lastRpcTime:1ms, electionTimeout:1ms
2019-10-15 17:18:30,087 [Thread-2559] INFO  impl.RoleInfo (RoleInfo.java:shutdownFollowerState(121)) - 79abbc2e-0a90-4a41-a17c-6388bb873359: shutdown FollowerState
2019-10-15 17:18:30,087 [Thread-2559] INFO  impl.RaftServerImpl (RaftServerImpl.java:setRole(184)) - 79abbc2e-0a90-4a41-a17c-6388bb873359@group-B673650064C9: changes role from  FOLLOWER to CANDIDATE at term 386 for changeToCandidate
2019-10-15 17:18:30,087 [Thread-2559] INFO  impl.RoleInfo (RoleInfo.java:updateAndGet(143)) - 79abbc2e-0a90-4a41-a17c-6388bb873359: start LeaderElection
2019-10-15 17:18:30,102 [79abbc2e-0a90-4a41-a17c-6388bb873359@group-B673650064C9-LeaderElection336] INFO  impl.LeaderElection (LeaderElection.java:askForVotes(178)) - 79abbc2e-0a90-4a41-a17c-6388bb873359@group-B673650064C9-LeaderElection336: begin an election at term 387 for -1: [ebd8d1f9-8297-450f-abe7-393807ba0c7e:192.168.164.239:36510, dbc121b5-e1e8-4c61-9d50-542b699a3d90:192.168.164.239:43140, 79abbc2e-0a90-4a41-a17c-6388bb873359:192.168.164.239:37857], old=null
2019-10-15 17:18:30,104 [grpc-default-executor-3] INFO  impl.RaftServerImpl (RaftServerImpl.java:setRole(184)) - ebd8d1f9-8297-450f-abe7-393807ba0c7e@group-B673650064C9: changes role from  FOLLOWER to FOLLOWER at term 387 for recognizeCandidate:79abbc2e-0a90-4a41-a17c-6388bb873359
2019-10-15 17:18:30,104 [grpc-default-executor-3] INFO  impl.RoleInfo (RoleInfo.java:shutdownFollowerState(121)) - ebd8d1f9-8297-450f-abe7-393807ba0c7e: shutdown FollowerState
2019-10-15 17:18:30,104 [grpc-default-executor-1] INFO  impl.RaftServerImpl (RaftServerImpl.java:setRole(184)) - dbc121b5-e1e8-4c61-9d50-542b699a3d90@group-B673650064C9: changes role from  FOLLOWER to FOLLOWER at term 387 for recognizeCandidate:79abbc2e-0a90-4a41-a17c-6388bb873359
2019-10-15 17:18:30,104 [Thread-2557] INFO  impl.FollowerState (FollowerState.java:run(117)) - ebd8d1f9-8297-450f-abe7-393807ba0c7e@group-B673650064C9-FollowerState was interrupted: java.lang.InterruptedException: sleep interrupted
2019-10-15 17:18:30,104 [grpc-default-executor-3] INFO  impl.RoleInfo (RoleInfo.java:updateAndGet(143)) - ebd8d1f9-8297-450f-abe7-393807ba0c7e: start FollowerState
2019-10-15 17:18:30,104 [grpc-default-executor-1] INFO  impl.RoleInfo (RoleInfo.java:shutdownFollowerState(121)) - dbc121b5-e1e8-4c61-9d50-542b699a3d90: shutdown FollowerState
2019-10-15 17:18:30,104 [grpc-default-executor-1] INFO  impl.RoleInfo (RoleInfo.java:updateAndGet(143)) - dbc121b5-e1e8-4c61-9d50-542b699a3d90: start FollowerState
2019-10-15 17:18:30,104 [Thread-2558] INFO  impl.FollowerState (FollowerState.java:run(117)) - dbc121b5-e1e8-4c61-9d50-542b699a3d90@group-B673650064C9-FollowerState was interrupted: java.lang.InterruptedException: sleep interrupted
2019-10-15 17:18:30,120 [79abbc2e-0a90-4a41-a17c-6388bb873359@group-B673650064C9-LeaderElection336] INFO  impl.LeaderElection (LeaderElection.java:logAndReturn(56)) - 79abbc2e-0a90-4a41-a17c-6388bb873359@group-B673650064C9-LeaderElection336: Election REJECTED; received 2 response(s) [79abbc2e-0a90-4a41-a17c-6388bb873359<-ebd8d1f9-8297-450f-abe7-393807ba0c7e#0:FAIL-t387, 79abbc2e-0a90-4a41-a17c-6388bb873359<-dbc121b5-e1e8-4c61-9d50-542b699a3d90#0:FAIL-t387] and 0 exception(s); 79abbc2e-0a90-4a41-a17c-6388bb873359@group-B673650064C9:t387, leader=null, voted=79abbc2e-0a90-4a41-a17c-6388bb873359, raftlog=79abbc2e-0a90-4a41-a17c-6388bb873359@group-B673650064C9-SegmentedRaftLog:OPENED:c-1,f-1,i0, conf=-1: [ebd8d1f9-8297-450f-abe7-393807ba0c7e:192.168.164.239:36510, dbc121b5-e1e8-4c61-9d50-542b699a3d90:192.168.164.239:43140, 79abbc2e-0a90-4a41-a17c-6388bb873359:192.168.164.239:37857], old=null
2019-10-15 17:18:30,120 [79abbc2e-0a90-4a41-a17c-6388bb873359@group-B673650064C9-LeaderElection336] INFO  impl.RaftServerImpl (RaftServerImpl.java:setRole(184)) - 79abbc2e-0a90-4a41-a17c-6388bb873359@group-B673650064C9: changes role from CANDIDATE to FOLLOWER at term 387 for DISCOVERED_A_NEW_TERM
2019-10-15 17:18:30,120 [79abbc2e-0a90-4a41-a17c-6388bb873359@group-B673650064C9-LeaderElection336] INFO  impl.RoleInfo (RoleInfo.java:shutdownLeaderElection(134)) - 79abbc2e-0a90-4a41-a17c-6388bb873359: shutdown LeaderElection
2019-10-15 17:18:30,120 [79abbc2e-0a90-4a41-a17c-6388bb873359@group-B673650064C9-LeaderElection336] INFO  impl.RoleInfo (RoleInfo.java:updateAndGet(143)) - 79abbc2e-0a90-4a41-a17c-6388bb873359: start FollowerState
2019-10-15 17:18:30,255 [Thread-2565] INFO  impl.FollowerState (FollowerState.java:run(108)) - 79abbc2e-0a90-4a41-a17c-6388bb873359@group-B673650064C9-FollowerState: change to CANDIDATE, lastRpcTime:134ms, electionTimeout:134ms
2019-10-15 17:18:30,255 [Thread-2565] INFO  impl.RoleInfo (RoleInfo.java:shutdownFollowerState(121)) - 79abbc2e-0a90-4a41-a17c-6388bb873359: shutdown FollowerState
2019-10-15 17:18:30,255 [Thread-2565] INFO  impl.RaftServerImpl (RaftServerImpl.java:setRole(184)) - 79abbc2e-0a90-4a41-a17c-6388bb873359@group-B673650064C9: changes role from  FOLLOWER to CANDIDATE at term 387 for changeToCandidate
2019-10-15 17:18:30,255 [Thread-2565] INFO  impl.RoleInfo (RoleInfo.java:updateAndGet(143)) - 79abbc2e-0a90-4a41-a17c-6388bb873359: start LeaderElection
2019-10-15 17:18:30,278 [79abbc2e-0a90-4a41-a17c-6388bb873359@group-B673650064C9-LeaderElection337] INFO  impl.LeaderElection (LeaderElection.java:askForVotes(178)) - 79abbc2e-0a90-4a41-a17c-6388bb873359@group-B673650064C9-LeaderElection337: begin an election at term 388 for -1: [ebd8d1f9-8297-450f-abe7-393807ba0c7e:192.168.164.239:36510, dbc121b5-e1e8-4c61-9d50-542b699a3d90:192.168.164.239:43140, 79abbc2e-0a90-4a41-a17c-6388bb873359:192.168.164.239:37857], old=null
2019-10-15 17:18:30,280 [grpc-default-executor-3] INFO  impl.RaftServerImpl (RaftServerImpl.java:setRole(184)) - ebd8d1f9-8297-450f-abe7-393807ba0c7e@group-B673650064C9: changes role from  FOLLOWER to FOLLOWER at term 388 for recognizeCandidate:79abbc2e-0a90-4a41-a17c-6388bb873359
2019-10-15 17:18:30,280 [grpc-default-executor-1] INFO  impl.RaftServerImpl (RaftServerImpl.java:setRole(184)) - dbc121b5-e1e8-4c61-9d50-542b699a3d90@group-B673650064C9: changes role from  FOLLOWER to FOLLOWER at term 388 for recognizeCandidate:79abbc2e-0a90-4a41-a17c-6388bb873359
2019-10-15 17:18:30,280 [grpc-default-executor-3] INFO  impl.RoleInfo (RoleInfo.java:shutdownFollowerState(121)) - ebd8d1f9-8297-450f-abe7-393807ba0c7e: shutdown FollowerState
2019-10-15 17:18:30,280 [grpc-default-executor-1] INFO  impl.RoleInfo (RoleInfo.java:shutdownFollowerState(121)) - dbc121b5-e1e8-4c61-9d50-542b699a3d90: shutdown FollowerState
2019-10-15 17:18:30,280 [Thread-2563] INFO  impl.FollowerState (FollowerState.java:run(117)) - ebd8d1f9-8297-450f-abe7-393807ba0c7e@group-B673650064C9-FollowerState was interrupted: java.lang.InterruptedException: sleep interrupted
2019-10-15 17:18:30,280 [grpc-default-executor-3] INFO  impl.RoleInfo (RoleInfo.java:updateAndGet(143)) - ebd8d1f9-8297-450f-abe7-393807ba0c7e: start FollowerState
2019-10-15 17:18:30,281 [Thread-2564] INFO  impl.FollowerState (FollowerState.java:run(117)) - dbc121b5-e1e8-4c61-9d50-542b699a3d90@group-B673650064C9-FollowerState was interrupted: java.lang.InterruptedException: sleep interrupted
2019-10-15 17:18:30,281 [grpc-default-executor-1] INFO  impl.RoleInfo (RoleInfo.java:updateAndGet(143)) - dbc121b5-e1e8-4c61-9d50-542b699a3d90: start FollowerState
2019-10-15 17:18:30,311 [79abbc2e-0a90-4a41-a17c-6388bb873359@group-B673650064C9-LeaderElection337] INFO  impl.LeaderElection (LeaderElection.java:logAndReturn(56)) - 79abbc2e-0a90-4a41-a17c-6388bb873359@group-B673650064C9-LeaderElection337: Election TIMEOUT; received 0 response(s) [] and 0 exception(s); 79abbc2e-0a90-4a41-a17c-6388bb873359@group-B673650064C9:t388, leader=null, voted=79abbc2e-0a90-4a41-a17c-6388bb873359, raftlog=79abbc2e-0a90-4a41-a17c-6388bb873359@group-B673650064C9-SegmentedRaftLog:OPENED:c-1,f-1,i0, conf=-1: [ebd8d1f9-8297-450f-abe7-393807ba0c7e:192.168.164.239:36510, dbc121b5-e1e8-4c61-9d50-542b699a3d90:192.168.164.239:43140, 79abbc2e-0a90-4a41-a17c-6388bb873359:192.168.164.239:37857], old=null
2019-10-15 17:18:30,337 [79abbc2e-0a90-4a41-a17c-6388bb873359@group-B673650064C9-LeaderElection337] INFO  impl.LeaderElection (LeaderElection.java:askForVotes(178)) - 79abbc2e-0a90-4a41-a17c-6388bb873359@group-B673650064C9-LeaderElection337: begin an election at term 389 for -1: [ebd8d1f9-8297-450f-abe7-393807ba0c7e:192.168.164.239:36510, dbc121b5-e1e8-4c61-9d50-542b699a3d90:192.168.164.239:43140, 79abbc2e-0a90-4a41-a17c-6388bb873359:192.168.164.239:37857], old=null
2019-10-15 17:18:30,339 [grpc-default-executor-3] INFO  impl.RaftServerImpl (RaftServerImpl.java:setRole(184)) - ebd8d1f9-8297-450f-abe7-393807ba0c7e@group-B673650064C9: changes role from  FOLLOWER to FOLLOWER at term 389 for recognizeCandidate:79abbc2e-0a90-4a41-a17c-6388bb873359
2019-10-15 17:18:30,339 [grpc-default-executor-3] INFO  impl.RoleInfo (RoleInfo.java:shutdownFollowerState(121)) - ebd8d1f9-8297-450f-abe7-393807ba0c7e: shutdown FollowerState
2019-10-15 17:18:30,339 [grpc-default-executor-1] INFO  impl.RaftServerImpl (RaftServerImpl.java:setRole(184)) - dbc121b5-e1e8-4c61-9d50-542b699a3d90@group-B673650064C9: changes role from  FOLLOWER to FOLLOWER at term 389 for recognizeCandidate:79abbc2e-0a90-4a41-a17c-6388bb873359
2019-10-15 17:18:30,339 [grpc-default-executor-3] INFO  impl.RoleInfo (RoleInfo.java:updateAndGet(143)) - ebd8d1f9-8297-450f-abe7-393807ba0c7e: start FollowerState
2019-10-15 17:18:30,339 [Thread-2571] INFO  impl.FollowerState (FollowerState.java:run(117)) - ebd8d1f9-8297-450f-abe7-393807ba0c7e@group-B673650064C9-FollowerState was interrupted: java.lang.InterruptedException: sleep interrupted
2019-10-15 17:18:30,339 [grpc-default-executor-1] INFO  impl.RoleInfo (RoleInfo.java:shutdownFollowerState(121)) - dbc121b5-e1e8-4c61-9d50-542b699a3d90: shutdown FollowerState
2019-10-15 17:18:30,340 [grpc-default-executor-1] INFO  impl.RoleInfo (RoleInfo.java:updateAndGet(143)) - dbc121b5-e1e8-4c61-9d50-542b699a3d90: start FollowerState
2019-10-15 17:18:30,340 [Thread-2572] INFO  impl.FollowerState (FollowerState.java:run(117)) - dbc121b5-e1e8-4c61-9d50-542b699a3d90@group-B673650064C9-FollowerState was interrupted: java.lang.InterruptedException: sleep interrupted
2019-10-15 17:18:30,363 [79abbc2e-0a90-4a41-a17c-6388bb873359@group-B673650064C9-LeaderElection337] INFO  impl.LeaderElection (LeaderElection.java:logAndReturn(56)) - 79abbc2e-0a90-4a41-a17c-6388bb873359@group-B673650064C9-LeaderElection337: Election REJECTED; received 2 response(s) [79abbc2e-0a90-4a41-a17c-6388bb873359<-ebd8d1f9-8297-450f-abe7-393807ba0c7e#0:FAIL-t389, 79abbc2e-0a90-4a41-a17c-6388bb873359<-dbc121b5-e1e8-4c61-9d50-542b699a3d90#0:FAIL-t389] and 0 exception(s); 79abbc2e-0a90-4a41-a17c-6388bb873359@group-B673650064C9:t389, leader=null, voted=79abbc2e-0a90-4a41-a17c-6388bb873359, raftlog=79abbc2e-0a90-4a41-a17c-6388bb873359@group-B673650064C9-SegmentedRaftLog:OPENED:c-1,f-1,i0, conf=-1: [ebd8d1f9-8297-450f-abe7-393807ba0c7e:192.168.164.239:36510, dbc121b5-e1e8-4c61-9d50-542b699a3d90:192.168.164.239:43140, 79abbc2e-0a90-4a41-a17c-6388bb873359:192.168.164.239:37857], old=null
2019-10-15 17:18:30,363 [79abbc2e-0a90-4a41-a17c-6388bb873359@group-B673650064C9-LeaderElection337] INFO  impl.RaftServerImpl (RaftServerImpl.java:setRole(184)) - 79abbc2e-0a90-4a41-a17c-6388bb873359@group-B673650064C9: changes role from CANDIDATE to FOLLOWER at term 389 for DISCOVERED_A_NEW_TERM
2019-10-15 17:18:30,364 [79abbc2e-0a90-4a41-a17c-6388bb873359@group-B673650064C9-LeaderElection337] INFO  impl.RoleInfo (RoleInfo.java:shutdownLeaderElection(134)) - 79abbc2e-0a90-4a41-a17c-6388bb873359: shutdown LeaderElection
2019-10-15 17:18:30,364 [79abbc2e-0a90-4a41-a17c-6388bb873359@group-B673650064C9-LeaderElection337] INFO  impl.RoleInfo (RoleInfo.java:updateAndGet(143)) - 79abbc2e-0a90-4a41-a17c-6388bb873359: start FollowerState
2019-10-15 17:18:30,528 [Thread-2577] INFO  impl.FollowerState (FollowerState.java:run(108)) - 79abbc2e-0a90-4a41-a17c-6388bb873359@group-B673650064C9-FollowerState: change to CANDIDATE, lastRpcTime:164ms, electionTimeout:164ms
2019-10-15 17:18:30,528 [Thread-2577] INFO  impl.RoleInfo (RoleInfo.java:shutdownFollowerState(121)) - 79abbc2e-0a90-4a41-a17c-6388bb873359: shutdown FollowerState
2019-10-15 17:18:30,528 [Thread-2577] INFO  impl.RaftServerImpl (RaftServerImpl.java:setRole(184)) - 79abbc2e-0a90-4a41-a17c-6388bb873359@group-B673650064C9: changes role from  FOLLOWER to CANDIDATE at term 389 for changeToCandidate
2019-10-15 17:18:30,528 [Thread-2577] INFO  impl.RoleInfo (RoleInfo.java:updateAndGet(143)) - 79abbc2e-0a90-4a41-a17c-6388bb873359: start LeaderElection
2019-10-15 17:18:30,552 [79abbc2e-0a90-4a41-a17c-6388bb873359@group-B673650064C9-LeaderElection338] INFO  impl.LeaderElection (LeaderElection.java:askForVotes(178)) - 79abbc2e-0a90-4a41-a17c-6388bb873359@group-B673650064C9-LeaderElection338: begin an election at term 390 for -1: [ebd8d1f9-8297-450f-abe7-393807ba0c7e:192.168.164.239:36510, dbc121b5-e1e8-4c61-9d50-542b699a3d90:192.168.164.239:43140, 79abbc2e-0a90-4a41-a17c-6388bb873359:192.168.164.239:37857], old=null
2019-10-15 17:18:30,554 [grpc-default-executor-3] INFO  impl.RaftServerImpl (RaftServerImpl.java:setRole(184)) - ebd8d1f9-8297-450f-abe7-393807ba0c7e@group-B673650064C9: changes role from  FOLLOWER to FOLLOWER at term 390 for recognizeCandidate:79abbc2e-0a90-4a41-a17c-6388bb873359
2019-10-15 17:18:30,554 [grpc-default-executor-3] INFO  impl.RoleInfo (RoleInfo.java:shutdownFollowerState(121)) - ebd8d1f9-8297-450f-abe7-393807ba0c7e: shutdown FollowerState
2019-10-15 17:18:30,554 [grpc-default-executor-1] INFO  impl.RaftServerImpl (RaftServerImpl.java:setRole(184)) - dbc121b5-e1e8-4c61-9d50-542b699a3d90@group-B673650064C9: changes role from  FOLLOWER to FOLLOWER at term 390 for recognizeCandidate:79abbc2e-0a90-4a41-a17c-6388bb873359
2019-10-15 17:18:30,554 [grpc-default-executor-1] INFO  impl.RoleInfo (RoleInfo.java:shutdownFollowerState(121)) - dbc121b5-e1e8-4c61-9d50-542b699a3d90: shutdown FollowerState
2019-10-15 17:18:30,554 [Thread-2575] INFO  impl.FollowerState (FollowerState.java:run(117)) - ebd8d1f9-8297-450f-abe7-393807ba0c7e@group-B673650064C9-FollowerState was interrupted: java.lang.InterruptedException: sleep interrupted
2019-10-15 17:18:30,554 [grpc-default-executor-3] INFO  impl.RoleInfo (RoleInfo.java:updateAndGet(143)) - ebd8d1f9-8297-450f-abe7-393807ba0c7e: start FollowerState
2019-10-15 17:18:30,554 [Thread-2576] INFO  impl.FollowerState (FollowerState.java:run(117)) - dbc121b5-e1e8-4c61-9d50-542b699a3d90@group-B673650064C9-FollowerState was interrupted: java.lang.InterruptedException: sleep interrupted
2019-10-15 17:18:30,554 [grpc-default-executor-1] INFO  impl.RoleInfo (RoleInfo.java:updateAndGet(143)) - dbc121b5-e1e8-4c61-9d50-542b699a3d90: start FollowerState
2019-10-15 17:18:30,578 [79abbc2e-0a90-4a41-a17c-6388bb873359@group-B673650064C9-LeaderElection338] INFO  impl.LeaderElection (LeaderElection.java:logAndReturn(56)) - 79abbc2e-0a90-4a41-a17c-6388bb873359@group-B673650064C9-LeaderElection338: Election REJECTED; received 2 response(s) [79abbc2e-0a90-4a41-a17c-6388bb873359<-ebd8d1f9-8297-450f-abe7-393807ba0c7e#0:FAIL-t390, 79abbc2e-0a90-4a41-a17c-6388bb873359<-dbc121b5-e1e8-4c61-9d50-542b699a3d90#0:FAIL-t390] and 0 exception(s); 79abbc2e-0a90-4a41-a17c-6388bb873359@group-B673650064C9:t390, leader=null, voted=79abbc2e-0a90-4a41-a17c-6388bb873359, raftlog=79abbc2e-0a90-4a41-a17c-6388bb873359@group-B673650064C9-SegmentedRaftLog:OPENED:c-1,f-1,i0, conf=-1: [ebd8d1f9-8297-450f-abe7-393807ba0c7e:192.168.164.239:36510, dbc121b5-e1e8-4c61-9d50-542b699a3d90:192.168.164.239:43140, 79abbc2e-0a90-4a41-a17c-6388bb873359:192.168.164.239:37857], old=null
2019-10-15 17:18:30,578 [79abbc2e-0a90-4a41-a17c-6388bb873359@group-B673650064C9-LeaderElection338] INFO  impl.RaftServerImpl (RaftServerImpl.java:setRole(184)) - 79abbc2e-0a90-4a41-a17c-6388bb873359@group-B673650064C9: changes role from CANDIDATE to FOLLOWER at term 390 for DISCOVERED_A_NEW_TERM
2019-10-15 17:18:30,579 [79abbc2e-0a90-4a41-a17c-6388bb873359@group-B673650064C9-LeaderElection338] INFO  impl.RoleInfo (RoleInfo.java:shutdownLeaderElection(134)) - 79abbc2e-0a90-4a41-a17c-6388bb873359: shutdown LeaderElection
2019-10-15 17:18:30,579 [79abbc2e-0a90-4a41-a17c-6388bb873359@group-B673650064C9-LeaderElection338] INFO  impl.RoleInfo (RoleInfo.java:updateAndGet(143)) - 79abbc2e-0a90-4a41-a17c-6388bb873359: start FollowerState
2019-10-15 17:18:30,585 [Thread-2585] INFO  impl.FollowerState (FollowerState.java:run(108)) - 79abbc2e-0a90-4a41-a17c-6388bb873359@group-B673650064C9-FollowerState: change to CANDIDATE, lastRpcTime:6ms, electionTimeout:6ms
2019-10-15 17:18:30,585 [Thread-2585] INFO  impl.RoleInfo (RoleInfo.java:shutdownFollowerState(121)) - 79abbc2e-0a90-4a41-a17c-6388bb873359: shutdown FollowerState
2019-10-15 17:18:30,585 [Thread-2585] INFO  impl.RaftServerImpl (RaftServerImpl.java:setRole(184)) - 79abbc2e-0a90-4a41-a17c-6388bb873359@group-B673650064C9: changes role from  FOLLOWER to CANDIDATE at term 390 for changeToCandidate
2019-10-15 17:18:30,585 [Thread-2585] INFO  impl.RoleInfo (RoleInfo.java:updateAndGet(143)) - 79abbc2e-0a90-4a41-a17c-6388bb873359: start LeaderElection
2019-10-15 17:18:30,608 [79abbc2e-0a90-4a41-a17c-6388bb873359@group-B673650064C9-LeaderElection339] INFO  impl.LeaderElection (LeaderElection.java:askForVotes(178)) - 79abbc2e-0a90-4a41-a17c-6388bb873359@group-B673650064C9-LeaderElection339: begin an election at term 391 for -1: [ebd8d1f9-8297-450f-abe7-393807ba0c7e:192.168.164.239:36510, dbc121b5-e1e8-4c61-9d50-542b699a3d90:192.168.164.239:43140, 79abbc2e-0a90-4a41-a17c-6388bb873359:192.168.164.239:37857], old=null
2019-10-15 17:18:30,610 [grpc-default-executor-1] INFO  impl.RaftServerImpl (RaftServerImpl.java:setRole(184)) - ebd8d1f9-8297-450f-abe7-393807ba0c7e@group-B673650064C9: changes role from  FOLLOWER to FOLLOWER at term 391 for recognizeCandidate:79abbc2e-0a90-4a41-a17c-6388bb873359
2019-10-15 17:18:30,610 [grpc-default-executor-1] INFO  impl.RoleInfo (RoleInfo.java:shutdownFollowerState(121)) - ebd8d1f9-8297-450f-abe7-393807ba0c7e: shutdown FollowerState
2019-10-15 17:18:30,610 [grpc-default-executor-1] INFO  impl.RoleInfo (RoleInfo.java:updateAndGet(143)) - ebd8d1f9-8297-450f-abe7-393807ba0c7e: start FollowerState
2019-10-15 17:18:30,610 [grpc-default-executor-3] INFO  impl.RaftServerImpl (RaftServerImpl.java:setRole(184)) - dbc121b5-e1e8-4c61-9d50-542b699a3d90@group-B673650064C9: changes role from  FOLLOWER to FOLLOWER at term 391 for recognizeCandidate:79abbc2e-0a90-4a41-a17c-6388bb873359
2019-10-15 17:18:30,610 [grpc-default-executor-3] INFO  impl.RoleInfo (RoleInfo.java:shutdownFollowerState(121)) - dbc121b5-e1e8-4c61-9d50-542b699a3d90: shutdown FollowerState
2019-10-15 17:18:30,610 [Thread-2581] INFO  impl.FollowerState (FollowerState.java:run(117)) - ebd8d1f9-8297-450f-abe7-393807ba0c7e@group-B673650064C9-FollowerState was interrupted: java.lang.InterruptedException: sleep interrupted
2019-10-15 17:18:30,610 [Thread-2582] INFO  impl.FollowerState (FollowerState.java:run(117)) - dbc121b5-e1e8-4c61-9d50-542b699a3d90@group-B673650064C9-FollowerState was interrupted: java.lang.InterruptedException: sleep interrupted
2019-10-15 17:18:30,610 [grpc-default-executor-3] INFO  impl.RoleInfo (RoleInfo.java:updateAndGet(143)) - dbc121b5-e1e8-4c61-9d50-542b699a3d90: start FollowerState
2019-10-15 17:18:30,633 [79abbc2e-0a90-4a41-a17c-6388bb873359@group-B673650064C9-LeaderElection339] INFO  impl.LeaderElection (LeaderElection.java:logAndReturn(56)) - 79abbc2e-0a90-4a41-a17c-6388bb873359@group-B673650064C9-LeaderElection339: Election REJECTED; received 2 response(s) [79abbc2e-0a90-4a41-a17c-6388bb873359<-ebd8d1f9-8297-450f-abe7-393807ba0c7e#0:FAIL-t391, 79abbc2e-0a90-4a41-a17c-6388bb873359<-dbc121b5-e1e8-4c61-9d50-542b699a3d90#0:FAIL-t391] and 0 exception(s); 79abbc2e-0a90-4a41-a17c-6388bb873359@group-B673650064C9:t391, leader=null, voted=79abbc2e-0a90-4a41-a17c-6388bb873359, raftlog=79abbc2e-0a90-4a41-a17c-6388bb873359@group-B673650064C9-SegmentedRaftLog:OPENED:c-1,f-1,i0, conf=-1: [ebd8d1f9-8297-450f-abe7-393807ba0c7e:192.168.164.239:36510, dbc121b5-e1e8-4c61-9d50-542b699a3d90:192.168.164.239:43140, 79abbc2e-0a90-4a41-a17c-6388bb873359:192.168.164.239:37857], old=null
2019-10-15 17:18:30,634 [79abbc2e-0a90-4a41-a17c-6388bb873359@group-B673650064C9-LeaderElection339] INFO  impl.RaftServerImpl (RaftServerImpl.java:setRole(184)) - 79abbc2e-0a90-4a41-a17c-6388bb873359@group-B673650064C9: changes role from CANDIDATE to FOLLOWER at term 391 for DISCOVERED_A_NEW_TERM
2019-10-15 17:18:30,634 [79abbc2e-0a90-4a41-a17c-6388bb873359@group-B673650064C9-LeaderElection339] INFO  impl.RoleInfo (RoleInfo.java:shutdownLeaderElection(134)) - 79abbc2e-0a90-4a41-a17c-6388bb873359: shutdown LeaderElection
2019-10-15 17:18:30,634 [79abbc2e-0a90-4a41-a17c-6388bb873359@group-B673650064C9-LeaderElection339] INFO  impl.RoleInfo (RoleInfo.java:updateAndGet(143)) - 79abbc2e-0a90-4a41-a17c-6388bb873359: start FollowerState
2019-10-15 17:18:30,657 [Thread-2592] INFO  impl.FollowerState (FollowerState.java:run(108)) - 79abbc2e-0a90-4a41-a17c-6388bb873359@group-B673650064C9-FollowerState: change to CANDIDATE, lastRpcTime:23ms, electionTimeout:23ms
2019-10-15 17:18:30,657 [Thread-2592] INFO  impl.RoleInfo (RoleInfo.java:shutdownFollowerState(121)) - 79abbc2e-0a90-4a41-a17c-6388bb873359: shutdown FollowerState
2019-10-15 17:18:30,657 [Thread-2592] INFO  impl.RaftServerImpl (RaftServerImpl.java:setRole(184)) - 79abbc2e-0a90-4a41-a17c-6388bb873359@group-B673650064C9: changes role from  FOLLOWER to CANDIDATE at term 391 for changeToCandidate
2019-10-15 17:18:30,657 [Thread-2592] INFO  impl.RoleInfo (RoleInfo.java:updateAndGet(143)) - 79abbc2e-0a90-4a41-a17c-6388bb873359: start LeaderElection
2019-10-15 17:18:30,681 [79abbc2e-0a90-4a41-a17c-6388bb873359@group-B673650064C9-LeaderElection340] INFO  impl.LeaderElection (LeaderElection.java:askForVotes(178)) - 79abbc2e-0a90-4a41-a17c-6388bb873359@group-B673650064C9-LeaderElection340: begin an election at term 392 for -1: [ebd8d1f9-8297-450f-abe7-393807ba0c7e:192.168.164.239:36510, dbc121b5-e1e8-4c61-9d50-542b699a3d90:192.168.164.239:43140, 79abbc2e-0a90-4a41-a17c-6388bb873359:192.168.164.239:37857], old=null
2019-10-15 17:18:30,683 [grpc-default-executor-1] INFO  impl.RaftServerImpl (RaftServerImpl.java:setRole(184)) - ebd8d1f9-8297-450f-abe7-393807ba0c7e@group-B673650064C9: changes role from  FOLLOWER to FOLLOWER at term 392 for recognizeCandidate:79abbc2e-0a90-4a41-a17c-6388bb873359
2019-10-15 17:18:30,683 [grpc-default-executor-1] INFO  impl.RoleInfo (RoleInfo.java:shutdownFollowerState(121)) - ebd8d1f9-8297-450f-abe7-393807ba0c7e: shutdown FollowerState
2019-10-15 17:18:30,683 [grpc-default-executor-0] INFO  impl.RaftServerImpl (RaftServerImpl.java:setRole(184)) - dbc121b5-e1e8-4c61-9d50-542b699a3d90@group-B673650064C9: changes role from  FOLLOWER to FOLLOWER at term 392 for recognizeCandidate:79abbc2e-0a90-4a41-a17c-6388bb873359
2019-10-15 17:18:30,683 [Thread-2589] INFO  impl.FollowerState (FollowerState.java:run(117)) - ebd8d1f9-8297-450f-abe7-393807ba0c7e@group-B673650064C9-FollowerState was interrupted: java.lang.InterruptedException: sleep interrupted
2019-10-15 17:18:30,683 [grpc-default-executor-1] INFO  impl.RoleInfo (RoleInfo.java:updateAndGet(143)) - ebd8d1f9-8297-450f-abe7-393807ba0c7e: start FollowerState
2019-10-15 17:18:30,683 [grpc-default-executor-0] INFO  impl.RoleInfo (RoleInfo.java:shutdownFollowerState(121)) - dbc121b5-e1e8-4c61-9d50-542b699a3d90: shutdown FollowerState
2019-10-15 17:18:30,684 [Thread-2590] INFO  impl.FollowerState (FollowerState.java:run(117)) - dbc121b5-e1e8-4c61-9d50-542b699a3d90@group-B673650064C9-FollowerState was interrupted: java.lang.InterruptedException: sleep interrupted
2019-10-15 17:18:30,684 [grpc-default-executor-0] INFO  impl.RoleInfo (RoleInfo.java:updateAndGet(143)) - dbc121b5-e1e8-4c61-9d50-542b699a3d90: start FollowerState
2019-10-15 17:18:30,707 [79abbc2e-0a90-4a41-a17c-6388bb873359@group-B673650064C9-LeaderElection340] INFO  impl.LeaderElection (LeaderElection.java:logAndReturn(56)) - 79abbc2e-0a90-4a41-a17c-6388bb873359@group-B673650064C9-LeaderElection340: Election REJECTED; received 2 response(s) [79abbc2e-0a90-4a41-a17c-6388bb873359<-ebd8d1f9-8297-450f-abe7-393807ba0c7e#0:FAIL-t392, 79abbc2e-0a90-4a41-a17c-6388bb873359<-dbc121b5-e1e8-4c61-9d50-542b699a3d90#0:FAIL-t392] and 0 exception(s); 79abbc2e-0a90-4a41-a17c-6388bb873359@group-B673650064C9:t392, leader=null, voted=79abbc2e-0a90-4a41-a17c-6388bb873359, raftlog=79abbc2e-0a90-4a41-a17c-6388bb873359@group-B673650064C9-SegmentedRaftLog:OPENED:c-1,f-1,i0, conf=-1: [ebd8d1f9-8297-450f-abe7-393807ba0c7e:192.168.164.239:36510, dbc121b5-e1e8-4c61-9d50-542b699a3d90:192.168.164.239:43140, 79abbc2e-0a90-4a41-a17c-6388bb873359:192.168.164.239:37857], old=null
2019-10-15 17:18:30,707 [79abbc2e-0a90-4a41-a17c-6388bb873359@group-B673650064C9-LeaderElection340] INFO  impl.RaftServerImpl (RaftServerImpl.java:setRole(184)) - 79abbc2e-0a90-4a41-a17c-6388bb873359@group-B673650064C9: changes role from CANDIDATE to FOLLOWER at term 392 for DISCOVERED_A_NEW_TERM
2019-10-15 17:18:30,707 [79abbc2e-0a90-4a41-a17c-6388bb873359@group-B673650064C9-LeaderElection340] INFO  impl.RoleInfo (RoleInfo.java:shutdownLeaderElection(134)) - 79abbc2e-0a90-4a41-a17c-6388bb873359: shutdown LeaderElection
2019-10-15 17:18:30,707 [79abbc2e-0a90-4a41-a17c-6388bb873359@group-B673650064C9-LeaderElection340] INFO  impl.RoleInfo (RoleInfo.java:updateAndGet(143)) - 79abbc2e-0a90-4a41-a17c-6388bb873359: start FollowerState
2019-10-15 17:18:30,893 [Thread-2599] INFO  impl.FollowerState (FollowerState.java:run(108)) - 79abbc2e-0a90-4a41-a17c-6388bb873359@group-B673650064C9-FollowerState: change to CANDIDATE, lastRpcTime:185ms, electionTimeout:185ms
2019-10-15 17:18:30,893 [Thread-2599] INFO  impl.RoleInfo (RoleInfo.java:shutdownFollowerState(121)) - 79abbc2e-0a90-4a41-a17c-6388bb873359: shutdown FollowerState
2019-10-15 17:18:30,893 [Thread-2599] INFO  impl.RaftServerImpl (RaftServerImpl.java:setRole(184)) - 79abbc2e-0a90-4a41-a17c-6388bb873359@group-B673650064C9: changes role from  FOLLOWER to CANDIDATE at term 392 for changeToCandidate
2019-10-15 17:18:30,893 [Thread-2599] INFO  impl.RoleInfo (RoleInfo.java:updateAndGet(143)) - 79abbc2e-0a90-4a41-a17c-6388bb873359: start LeaderElection
2019-10-15 17:18:30,931 [79abbc2e-0a90-4a41-a17c-6388bb873359@group-B673650064C9-LeaderElection341] INFO  impl.LeaderElection (LeaderElection.java:askForVotes(178)) - 79abbc2e-0a90-4a41-a17c-6388bb873359@group-B673650064C9-LeaderElection341: begin an election at term 393 for -1: [ebd8d1f9-8297-450f-abe7-393807ba0c7e:192.168.164.239:36510, dbc121b5-e1e8-4c61-9d50-542b699a3d90:192.168.164.239:43140, 79abbc2e-0a90-4a41-a17c-6388bb873359:192.168.164.239:37857], old=null
2019-10-15 17:18:30,932 [grpc-default-executor-1] INFO  impl.RaftServerImpl (RaftServerImpl.java:setRole(184)) - dbc121b5-e1e8-4c61-9d50-542b699a3d90@group-B673650064C9: changes role from  FOLLOWER to FOLLOWER at term 393 for recognizeCandidate:79abbc2e-0a90-4a41-a17c-6388bb873359
2019-10-15 17:18:30,932 [grpc-default-executor-0] INFO  impl.RaftServerImpl (RaftServerImpl.java:setRole(184)) - ebd8d1f9-8297-450f-abe7-393807ba0c7e@group-B673650064C9: changes role from  FOLLOWER to FOLLOWER at term 393 for recognizeCandidate:79abbc2e-0a90-4a41-a17c-6388bb873359
2019-10-15 17:18:30,933 [grpc-default-executor-0] INFO  impl.RoleInfo (RoleInfo.java:shutdownFollowerState(121)) - ebd8d1f9-8297-450f-abe7-393807ba0c7e: shutdown FollowerState
2019-10-15 17:18:30,932 [grpc-default-executor-1] INFO  impl.RoleInfo (RoleInfo.java:shutdownFollowerState(121)) - dbc121b5-e1e8-4c61-9d50-542b699a3d90: shutdown FollowerState
2019-10-15 17:18:30,933 [Thread-2596] INFO  impl.FollowerState (FollowerState.java:run(117)) - ebd8d1f9-8297-450f-abe7-393807ba0c7e@group-B673650064C9-FollowerState was interrupted: java.lang.InterruptedException: sleep interrupted
2019-10-15 17:18:30,933 [grpc-default-executor-0] INFO  impl.RoleInfo (RoleInfo.java:updateAndGet(143)) - ebd8d1f9-8297-450f-abe7-393807ba0c7e: start FollowerState
2019-10-15 17:18:30,933 [Thread-2597] INFO  impl.FollowerState (FollowerState.java:run(117)) - dbc121b5-e1e8-4c61-9d50-542b699a3d90@group-B673650064C9-FollowerState was interrupted: java.lang.InterruptedException: sleep interrupted
2019-10-15 17:18:30,933 [grpc-default-executor-1] INFO  impl.RoleInfo (RoleInfo.java:updateAndGet(143)) - dbc121b5-e1e8-4c61-9d50-542b699a3d90: start FollowerState
2019-10-15 17:18:30,968 [79abbc2e-0a90-4a41-a17c-6388bb873359@group-B673650064C9-LeaderElection341] INFO  impl.LeaderElection (LeaderElection.java:logAndReturn(56)) - 79abbc2e-0a90-4a41-a17c-6388bb873359@group-B673650064C9-LeaderElection341: Election REJECTED; received 2 response(s) [79abbc2e-0a90-4a41-a17c-6388bb873359<-ebd8d1f9-8297-450f-abe7-393807ba0c7e#0:FAIL-t393, 79abbc2e-0a90-4a41-a17c-6388bb873359<-dbc121b5-e1e8-4c61-9d50-542b699a3d90#0:FAIL-t393] and 0 exception(s); 79abbc2e-0a90-4a41-a17c-6388bb873359@group-B673650064C9:t393, leader=null, voted=79abbc2e-0a90-4a41-a17c-6388bb873359, raftlog=79abbc2e-0a90-4a41-a17c-6388bb873359@group-B673650064C9-SegmentedRaftLog:OPENED:c-1,f-1,i0, conf=-1: [ebd8d1f9-8297-450f-abe7-393807ba0c7e:192.168.164.239:36510, dbc121b5-e1e8-4c61-9d50-542b699a3d90:192.168.164.239:43140, 79abbc2e-0a90-4a41-a17c-6388bb873359:192.168.164.239:37857], old=null
2019-10-15 17:18:30,968 [79abbc2e-0a90-4a41-a17c-6388bb873359@group-B673650064C9-LeaderElection341] INFO  impl.RaftServerImpl (RaftServerImpl.java:setRole(184)) - 79abbc2e-0a90-4a41-a17c-6388bb873359@group-B673650064C9: changes role from CANDIDATE to FOLLOWER at term 393 for DISCOVERED_A_NEW_TERM
2019-10-15 17:18:30,968 [79abbc2e-0a90-4a41-a17c-6388bb873359@group-B673650064C9-LeaderElection341] INFO  impl.RoleInfo (RoleInfo.java:shutdownLeaderElection(134)) - 79abbc2e-0a90-4a41-a17c-6388bb873359: shutdown LeaderElection
2019-10-15 17:18:30,969 [79abbc2e-0a90-4a41-a17c-6388bb873359@group-B673650064C9-LeaderElection341] INFO  impl.RoleInfo (RoleInfo.java:updateAndGet(143)) - 79abbc2e-0a90-4a41-a17c-6388bb873359: start FollowerState
2019-10-15 17:18:30,978 [Thread-2605] INFO  impl.FollowerState (FollowerState.java:run(108)) - 79abbc2e-0a90-4a41-a17c-6388bb873359@group-B673650064C9-FollowerState: change to CANDIDATE, lastRpcTime:9ms, electionTimeout:9ms
2019-10-15 17:18:30,978 [Thread-2605] INFO  impl.RoleInfo (RoleInfo.java:shutdownFollowerState(121)) - 79abbc2e-0a90-4a41-a17c-6388bb873359: shutdown FollowerState
2019-10-15 17:18:30,978 [Thread-2605] INFO  impl.RaftServerImpl (RaftServerImpl.java:setRole(184)) - 79abbc2e-0a90-4a41-a17c-6388bb873359@group-B673650064C9: changes role from  FOLLOWER to CANDIDATE at term 393 for changeToCandidate
2019-10-15 17:18:30,978 [Thread-2605] INFO  impl.RoleInfo (RoleInfo.java:updateAndGet(143)) - 79abbc2e-0a90-4a41-a17c-6388bb873359: start LeaderElection
2019-10-15 17:18:31,001 [79abbc2e-0a90-4a41-a17c-6388bb873359@group-B673650064C9-LeaderElection342] INFO  impl.LeaderElection (LeaderElection.java:askForVotes(178)) - 79abbc2e-0a90-4a41-a17c-6388bb873359@group-B673650064C9-LeaderElection342: begin an election at term 394 for -1: [ebd8d1f9-8297-450f-abe7-393807ba0c7e:192.168.164.239:36510, dbc121b5-e1e8-4c61-9d50-542b699a3d90:192.168.164.239:43140, 79abbc2e-0a90-4a41-a17c-6388bb873359:192.168.164.239:37857], old=null
2019-10-15 17:18:31,003 [grpc-default-executor-1] INFO  impl.RaftServerImpl (RaftServerImpl.java:setRole(184)) - ebd8d1f9-8297-450f-abe7-393807ba0c7e@group-B673650064C9: changes role from  FOLLOWER to FOLLOWER at term 394 for recognizeCandidate:79abbc2e-0a90-4a41-a17c-6388bb873359
2019-10-15 17:18:31,003 [grpc-default-executor-1] INFO  impl.RoleInfo (RoleInfo.java:shutdownFollowerState(121)) - ebd8d1f9-8297-450f-abe7-393807ba0c7e: shutdown FollowerState
2019-10-15 17:18:31,003 [grpc-default-executor-0] INFO  impl.RaftServerImpl (RaftServerImpl.java:setRole(184)) - dbc121b5-e1e8-4c61-9d50-542b699a3d90@group-B673650064C9: changes role from  FOLLOWER to FOLLOWER at term 394 for recognizeCandidate:79abbc2e-0a90-4a41-a17c-6388bb873359
2019-10-15 17:18:31,004 [grpc-default-executor-0] INFO  impl.RoleInfo (RoleInfo.java:shutdownFollowerState(121)) - dbc121b5-e1e8-4c61-9d50-542b699a3d90: shutdown FollowerState
2019-10-15 17:18:31,003 [Thread-2603] INFO  impl.FollowerState (FollowerState.java:run(117)) - ebd8d1f9-8297-450f-abe7-393807ba0c7e@group-B673650064C9-FollowerState was interrupted: java.lang.InterruptedException: sleep interrupted
2019-10-15 17:18:31,003 [grpc-default-executor-1] INFO  impl.RoleInfo (RoleInfo.java:updateAndGet(143)) - ebd8d1f9-8297-450f-abe7-393807ba0c7e: start FollowerState
2019-10-15 17:18:31,004 [Thread-2604] INFO  impl.FollowerState (FollowerState.java:run(117)) - dbc121b5-e1e8-4c61-9d50-542b699a3d90@group-B673650064C9-FollowerState was interrupted: java.lang.InterruptedException: sleep interrupted
2019-10-15 17:18:31,004 [grpc-default-executor-0] INFO  impl.RoleInfo (RoleInfo.java:updateAndGet(143)) - dbc121b5-e1e8-4c61-9d50-542b699a3d90: start FollowerState
2019-10-15 17:18:31,028 [79abbc2e-0a90-4a41-a17c-6388bb873359@group-B673650064C9-LeaderElection342] INFO  impl.LeaderElection (LeaderElection.java:logAndReturn(56)) - 79abbc2e-0a90-4a41-a17c-6388bb873359@group-B673650064C9-LeaderElection342: Election REJECTED; received 2 response(s) [79abbc2e-0a90-4a41-a17c-6388bb873359<-ebd8d1f9-8297-450f-abe7-393807ba0c7e#0:FAIL-t394, 79abbc2e-0a90-4a41-a17c-6388bb873359<-dbc121b5-e1e8-4c61-9d50-542b699a3d90#0:FAIL-t394] and 0 exception(s); 79abbc2e-0a90-4a41-a17c-6388bb873359@group-B673650064C9:t394, leader=null, voted=79abbc2e-0a90-4a41-a17c-6388bb873359, raftlog=79abbc2e-0a90-4a41-a17c-6388bb873359@group-B673650064C9-SegmentedRaftLog:OPENED:c-1,f-1,i0, conf=-1: [ebd8d1f9-8297-450f-abe7-393807ba0c7e:192.168.164.239:36510, dbc121b5-e1e8-4c61-9d50-542b699a3d90:192.168.164.239:43140, 79abbc2e-0a90-4a41-a17c-6388bb873359:192.168.164.239:37857], old=null
2019-10-15 17:18:31,028 [79abbc2e-0a90-4a41-a17c-6388bb873359@group-B673650064C9-LeaderElection342] INFO  impl.RaftServerImpl (RaftServerImpl.java:setRole(184)) - 79abbc2e-0a90-4a41-a17c-6388bb873359@group-B673650064C9: changes role from CANDIDATE to FOLLOWER at term 394 for DISCOVERED_A_NEW_TERM
2019-10-15 17:18:31,028 [79abbc2e-0a90-4a41-a17c-6388bb873359@group-B673650064C9-LeaderElection342] INFO  impl.RoleInfo (RoleInfo.java:shutdownLeaderElection(134)) - 79abbc2e-0a90-4a41-a17c-6388bb873359: shutdown LeaderElection
2019-10-15 17:18:31,029 [79abbc2e-0a90-4a41-a17c-6388bb873359@group-B673650064C9-LeaderElection342] INFO  impl.RoleInfo (RoleInfo.java:updateAndGet(143)) - 79abbc2e-0a90-4a41-a17c-6388bb873359: start FollowerState
2019-10-15 17:18:31,095 [Thread-2611] INFO  impl.FollowerState (FollowerState.java:run(108)) - 79abbc2e-0a90-4a41-a17c-6388bb873359@group-B673650064C9-FollowerState: change to CANDIDATE, lastRpcTime:66ms, electionTimeout:66ms
2019-10-15 17:18:31,095 [Thread-2611] INFO  impl.RoleInfo (RoleInfo.java:shutdownFollowerState(121)) - 79abbc2e-0a90-4a41-a17c-6388bb873359: shutdown FollowerState
2019-10-15 17:18:31,095 [Thread-2611] INFO  impl.RaftServerImpl (RaftServerImpl.java:setRole(184)) - 79abbc2e-0a90-4a41-a17c-6388bb873359@group-B673650064C9: changes role from  FOLLOWER to CANDIDATE at term 394 for changeToCandidate
2019-10-15 17:18:31,095 [Thread-2611] INFO  impl.RoleInfo (RoleInfo.java:updateAndGet(143)) - 79abbc2e-0a90-4a41-a17c-6388bb873359: start LeaderElection
2019-10-15 17:18:31,112 [79abbc2e-0a90-4a41-a17c-6388bb873359@group-B673650064C9-LeaderElection343] INFO  impl.LeaderElection (LeaderElection.java:askForVotes(178)) - 79abbc2e-0a90-4a41-a17c-6388bb873359@group-B673650064C9-LeaderElection343: begin an election at term 395 for -1: [ebd8d1f9-8297-450f-abe7-393807ba0c7e:192.168.164.239:36510, dbc121b5-e1e8-4c61-9d50-542b699a3d90:192.168.164.239:43140, 79abbc2e-0a90-4a41-a17c-6388bb873359:192.168.164.239:37857], old=null
2019-10-15 17:18:31,114 [grpc-default-executor-0] INFO  impl.RaftServerImpl (RaftServerImpl.java:setRole(184)) - ebd8d1f9-8297-450f-abe7-393807ba0c7e@group-B673650064C9: changes role from  FOLLOWER to FOLLOWER at term 395 for recognizeCandidate:79abbc2e-0a90-4a41-a17c-6388bb873359
2019-10-15 17:18:31,114 [grpc-default-executor-1] INFO  impl.RaftServerImpl (RaftServerImpl.java:setRole(184)) - dbc121b5-e1e8-4c61-9d50-542b699a3d90@group-B673650064C9: changes role from  FOLLOWER to FOLLOWER at term 395 for recognizeCandidate:79abbc2e-0a90-4a41-a17c-6388bb873359
2019-10-15 17:18:31,114 [grpc-default-executor-0] INFO  impl.RoleInfo (RoleInfo.java:shutdownFollowerState(121)) - ebd8d1f9-8297-450f-abe7-393807ba0c7e: shutdown FollowerState
2019-10-15 17:18:31,114 [grpc-default-executor-1] INFO  impl.RoleInfo (RoleInfo.java:shutdownFollowerState(121)) - dbc121b5-e1e8-4c61-9d50-542b699a3d90: shutdown FollowerState
2019-10-15 17:18:31,115 [Thread-2609] INFO  impl.FollowerState (FollowerState.java:run(117)) - ebd8d1f9-8297-450f-abe7-393807ba0c7e@group-B673650064C9-FollowerState was interrupted: java.lang.InterruptedException: sleep interrupted
2019-10-15 17:18:31,115 [grpc-default-executor-0] INFO  impl.RoleInfo (RoleInfo.java:updateAndGet(143)) - ebd8d1f9-8297-450f-abe7-393807ba0c7e: start FollowerState
2019-10-15 17:18:31,115 [Thread-2610] INFO  impl.FollowerState (FollowerState.java:run(117)) - dbc121b5-e1e8-4c61-9d50-542b699a3d90@group-B673650064C9-FollowerState was interrupted: java.lang.InterruptedException: sleep interrupted
2019-10-15 17:18:31,115 [grpc-default-executor-1] INFO  impl.RoleInfo (RoleInfo.java:updateAndGet(143)) - dbc121b5-e1e8-4c61-9d50-542b699a3d90: start FollowerState
2019-10-15 17:18:31,139 [79abbc2e-0a90-4a41-a17c-6388bb873359@group-B673650064C9-LeaderElection343] INFO  impl.LeaderElection (LeaderElection.java:logAndReturn(56)) - 79abbc2e-0a90-4a41-a17c-6388bb873359@group-B673650064C9-LeaderElection343: Election REJECTED; received 2 response(s) [79abbc2e-0a90-4a41-a17c-6388bb873359<-ebd8d1f9-8297-450f-abe7-393807ba0c7e#0:FAIL-t395, 79abbc2e-0a90-4a41-a17c-6388bb873359<-dbc121b5-e1e8-4c61-9d50-542b699a3d90#0:FAIL-t395] and 0 exception(s); 79abbc2e-0a90-4a41-a17c-6388bb873359@group-B673650064C9:t395, leader=null, voted=79abbc2e-0a90-4a41-a17c-6388bb873359, raftlog=79abbc2e-0a90-4a41-a17c-6388bb873359@group-B673650064C9-SegmentedRaftLog:OPENED:c-1,f-1,i0, conf=-1: [ebd8d1f9-8297-450f-abe7-393807ba0c7e:192.168.164.239:36510, dbc121b5-e1e8-4c61-9d50-542b699a3d90:192.168.164.239:43140, 79abbc2e-0a90-4a41-a17c-6388bb873359:192.168.164.239:37857], old=null
2019-10-15 17:18:31,139 [79abbc2e-0a90-4a41-a17c-6388bb873359@group-B673650064C9-LeaderElection343] INFO  impl.RaftServerImpl (RaftServerImpl.java:setRole(184)) - 79abbc2e-0a90-4a41-a17c-6388bb873359@group-B673650064C9: changes role from CANDIDATE to FOLLOWER at term 395 for DISCOVERED_A_NEW_TERM
2019-10-15 17:18:31,139 [79abbc2e-0a90-4a41-a17c-6388bb873359@group-B673650064C9-LeaderElection343] INFO  impl.RoleInfo (RoleInfo.java:shutdownLeaderElection(134)) - 79abbc2e-0a90-4a41-a17c-6388bb873359: shutdown LeaderElection
2019-10-15 17:18:31,139 [79abbc2e-0a90-4a41-a17c-6388bb873359@group-B673650064C9-LeaderElection343] INFO  impl.RoleInfo (RoleInfo.java:updateAndGet(143)) - 79abbc2e-0a90-4a41-a17c-6388bb873359: start FollowerState
2019-10-15 17:18:31,297 [Thread-2617] INFO  impl.FollowerState (FollowerState.java:run(108)) - 79abbc2e-0a90-4a41-a17c-6388bb873359@group-B673650064C9-FollowerState: change to CANDIDATE, lastRpcTime:158ms, electionTimeout:158ms
2019-10-15 17:18:31,297 [Thread-2617] INFO  impl.RoleInfo (RoleInfo.java:shutdownFollowerState(121)) - 79abbc2e-0a90-4a41-a17c-6388bb873359: shutdown FollowerState
2019-10-15 17:18:31,298 [Thread-2617] INFO  impl.RaftServerImpl (RaftServerImpl.java:setRole(184)) - 79abbc2e-0a90-4a41-a17c-6388bb873359@group-B673650064C9: changes role from  FOLLOWER to CANDIDATE at term 395 for changeToCandidate
2019-10-15 17:18:31,298 [Thread-2617] INFO  impl.RoleInfo (RoleInfo.java:updateAndGet(143)) - 79abbc2e-0a90-4a41-a17c-6388bb873359: start LeaderElection
2019-10-15 17:18:31,325 [79abbc2e-0a90-4a41-a17c-6388bb873359@group-B673650064C9-LeaderElection344] INFO  impl.LeaderElection (LeaderElection.java:askForVotes(178)) - 79abbc2e-0a90-4a41-a17c-6388bb873359@group-B673650064C9-LeaderElection344: begin an election at term 396 for -1: [ebd8d1f9-8297-450f-abe7-393807ba0c7e:192.168.164.239:36510, dbc121b5-e1e8-4c61-9d50-542b699a3d90:192.168.164.239:43140, 79abbc2e-0a90-4a41-a17c-6388bb873359:192.168.164.239:37857], old=null
2019-10-15 17:18:31,326 [grpc-default-executor-0] INFO  impl.RaftServerImpl (RaftServerImpl.java:setRole(184)) - ebd8d1f9-8297-450f-abe7-393807ba0c7e@group-B673650064C9: changes role from  FOLLOWER to FOLLOWER at term 396 for recognizeCandidate:79abbc2e-0a90-4a41-a17c-6388bb873359
2019-10-15 17:18:31,326 [grpc-default-executor-1] INFO  impl.RaftServerImpl (RaftServerImpl.java:setRole(184)) - dbc121b5-e1e8-4c61-9d50-542b699a3d90@group-B673650064C9: changes role from  FOLLOWER to FOLLOWER at term 396 for recognizeCandidate:79abbc2e-0a90-4a41-a17c-6388bb873359
2019-10-15 17:18:31,326 [grpc-default-executor-0] INFO  impl.RoleInfo (RoleInfo.java:shutdownFollowerState(121)) - ebd8d1f9-8297-450f-abe7-393807ba0c7e: shutdown FollowerState
2019-10-15 17:18:31,326 [grpc-default-executor-1] INFO  impl.RoleInfo (RoleInfo.java:shutdownFollowerState(121)) - dbc121b5-e1e8-4c61-9d50-542b699a3d90: shutdown FollowerState
2019-10-15 17:18:31,327 [Thread-2615] INFO  impl.FollowerState (FollowerState.java:run(117)) - ebd8d1f9-8297-450f-abe7-393807ba0c7e@group-B673650064C9-FollowerState was interrupted: java.lang.InterruptedException: sleep interrupted
2019-10-15 17:18:31,327 [grpc-default-executor-0] INFO  impl.RoleInfo (RoleInfo.java:updateAndGet(143)) - ebd8d1f9-8297-450f-abe7-393807ba0c7e: start FollowerState
2019-10-15 17:18:31,327 [Thread-2616] INFO  impl.FollowerState (FollowerState.java:run(117)) - dbc121b5-e1e8-4c61-9d50-542b699a3d90@group-B673650064C9-FollowerState was interrupted: java.lang.InterruptedException: sleep interrupted
2019-10-15 17:18:31,327 [grpc-default-executor-1] INFO  impl.RoleInfo (RoleInfo.java:updateAndGet(143)) - dbc121b5-e1e8-4c61-9d50-542b699a3d90: start FollowerState
2019-10-15 17:18:31,343 [79abbc2e-0a90-4a41-a17c-6388bb873359@group-B673650064C9-LeaderElection344] INFO  impl.LeaderElection (LeaderElection.java:logAndReturn(56)) - 79abbc2e-0a90-4a41-a17c-6388bb873359@group-B673650064C9-LeaderElection344: Election REJECTED; received 2 response(s) [79abbc2e-0a90-4a41-a17c-6388bb873359<-ebd8d1f9-8297-450f-abe7-393807ba0c7e#0:FAIL-t396, 79abbc2e-0a90-4a41-a17c-6388bb873359<-dbc121b5-e1e8-4c61-9d50-542b699a3d90#0:FAIL-t396] and 0 exception(s); 79abbc2e-0a90-4a41-a17c-6388bb873359@group-B673650064C9:t396, leader=null, voted=79abbc2e-0a90-4a41-a17c-6388bb873359, raftlog=79abbc2e-0a90-4a41-a17c-6388bb873359@group-B673650064C9-SegmentedRaftLog:OPENED:c-1,f-1,i0, conf=-1: [ebd8d1f9-8297-450f-abe7-393807ba0c7e:192.168.164.239:36510, dbc121b5-e1e8-4c61-9d50-542b699a3d90:192.168.164.239:43140, 79abbc2e-0a90-4a41-a17c-6388bb873359:192.168.164.239:37857], old=null
2019-10-15 17:18:31,343 [79abbc2e-0a90-4a41-a17c-6388bb873359@group-B673650064C9-LeaderElection344] INFO  impl.RaftServerImpl (RaftServerImpl.java:setRole(184)) - 79abbc2e-0a90-4a41-a17c-6388bb873359@group-B673650064C9: changes role from CANDIDATE to FOLLOWER at term 396 for DISCOVERED_A_NEW_TERM
2019-10-15 17:18:31,343 [79abbc2e-0a90-4a41-a17c-6388bb873359@group-B673650064C9-LeaderElection344] INFO  impl.RoleInfo (RoleInfo.java:shutdownLeaderElection(134)) - 79abbc2e-0a90-4a41-a17c-6388bb873359: shutdown LeaderElection
2019-10-15 17:18:31,343 [79abbc2e-0a90-4a41-a17c-6388bb873359@group-B673650064C9-LeaderElection344] INFO  impl.RoleInfo (RoleInfo.java:updateAndGet(143)) - 79abbc2e-0a90-4a41-a17c-6388bb873359: start FollowerState
2019-10-15 17:18:31,531 [Thread-2625] INFO  impl.FollowerState (FollowerState.java:run(108)) - 79abbc2e-0a90-4a41-a17c-6388bb873359@group-B673650064C9-FollowerState: change to CANDIDATE, lastRpcTime:188ms, electionTimeout:188ms
2019-10-15 17:18:31,531 [Thread-2625] INFO  impl.RoleInfo (RoleInfo.java:shutdownFollowerState(121)) - 79abbc2e-0a90-4a41-a17c-6388bb873359: shutdown FollowerState
2019-10-15 17:18:31,532 [Thread-2625] INFO  impl.RaftServerImpl (RaftServerImpl.java:setRole(184)) - 79abbc2e-0a90-4a41-a17c-6388bb873359@group-B673650064C9: changes role from  FOLLOWER to CANDIDATE at term 396 for changeToCandidate
2019-10-15 17:18:31,532 [Thread-2625] INFO  impl.RoleInfo (RoleInfo.java:updateAndGet(143)) - 79abbc2e-0a90-4a41-a17c-6388bb873359: start LeaderElection
2019-10-15 17:18:31,562 [79abbc2e-0a90-4a41-a17c-6388bb873359@group-B673650064C9-LeaderElection345] INFO  impl.LeaderElection (LeaderElection.java:askForVotes(178)) - 79abbc2e-0a90-4a41-a17c-6388bb873359@group-B673650064C9-LeaderElection345: begin an election at term 397 for -1: [ebd8d1f9-8297-450f-abe7-393807ba0c7e:192.168.164.239:36510, dbc121b5-e1e8-4c61-9d50-542b699a3d90:192.168.164.239:43140, 79abbc2e-0a90-4a41-a17c-6388bb873359:192.168.164.239:37857], old=null
2019-10-15 17:18:31,563 [grpc-default-executor-1] INFO  impl.RaftServerImpl (RaftServerImpl.java:setRole(184)) - ebd8d1f9-8297-450f-abe7-393807ba0c7e@group-B673650064C9: changes role from  FOLLOWER to FOLLOWER at term 397 for recognizeCandidate:79abbc2e-0a90-4a41-a17c-6388bb873359
2019-10-15 17:18:31,563 [grpc-default-executor-0] INFO  impl.RaftServerImpl (RaftServerImpl.java:setRole(184)) - dbc121b5-e1e8-4c61-9d50-542b699a3d90@group-B673650064C9: changes role from  FOLLOWER to FOLLOWER at term 397 for recognizeCandidate:79abbc2e-0a90-4a41-a17c-6388bb873359
2019-10-15 17:18:31,564 [grpc-default-executor-0] INFO  impl.RoleInfo (RoleInfo.java:shutdownFollowerState(121)) - dbc121b5-e1e8-4c61-9d50-542b699a3d90: shutdown FollowerState
2019-10-15 17:18:31,563 [grpc-default-executor-1] INFO  impl.RoleInfo (RoleInfo.java:shutdownFollowerState(121)) - ebd8d1f9-8297-450f-abe7-393807ba0c7e: shutdown FollowerState
2019-10-15 17:18:31,564 [grpc-default-executor-0] INFO  impl.RoleInfo (RoleInfo.java:updateAndGet(143)) - dbc121b5-e1e8-4c61-9d50-542b699a3d90: start FollowerState
2019-10-15 17:18:31,564 [Thread-2623] INFO  impl.FollowerState (FollowerState.java:run(117)) - ebd8d1f9-8297-450f-abe7-393807ba0c7e@group-B673650064C9-FollowerState was interrupted: java.lang.InterruptedException: sleep interrupted
2019-10-15 17:18:31,564 [grpc-default-executor-1] INFO  impl.RoleInfo (RoleInfo.java:updateAndGet(143)) - ebd8d1f9-8297-450f-abe7-393807ba0c7e: start FollowerState
2019-10-15 17:18:31,564 [Thread-2624] INFO  impl.FollowerState (FollowerState.java:run(117)) - dbc121b5-e1e8-4c61-9d50-542b699a3d90@group-B673650064C9-FollowerState was interrupted: java.lang.InterruptedException: sleep interrupted
2019-10-15 17:18:31,580 [79abbc2e-0a90-4a41-a17c-6388bb873359@group-B673650064C9-LeaderElection345] INFO  impl.LeaderElection (LeaderElection.java:logAndReturn(56)) - 79abbc2e-0a90-4a41-a17c-6388bb873359@group-B673650064C9-LeaderElection345: Election REJECTED; received 2 response(s) [79abbc2e-0a90-4a41-a17c-6388bb873359<-ebd8d1f9-8297-450f-abe7-393807ba0c7e#0:FAIL-t397, 79abbc2e-0a90-4a41-a17c-6388bb873359<-dbc121b5-e1e8-4c61-9d50-542b699a3d90#0:FAIL-t397] and 0 exception(s); 79abbc2e-0a90-4a41-a17c-6388bb873359@group-B673650064C9:t397, leader=null, voted=79abbc2e-0a90-4a41-a17c-6388bb873359, raftlog=79abbc2e-0a90-4a41-a17c-6388bb873359@group-B673650064C9-SegmentedRaftLog:OPENED:c-1,f-1,i0, conf=-1: [ebd8d1f9-8297-450f-abe7-393807ba0c7e:192.168.164.239:36510, dbc121b5-e1e8-4c61-9d50-542b699a3d90:192.168.164.239:43140, 79abbc2e-0a90-4a41-a17c-6388bb873359:192.168.164.239:37857], old=null
2019-10-15 17:18:31,580 [79abbc2e-0a90-4a41-a17c-6388bb873359@group-B673650064C9-LeaderElection345] INFO  impl.RaftServerImpl (RaftServerImpl.java:setRole(184)) - 79abbc2e-0a90-4a41-a17c-6388bb873359@group-B673650064C9: changes role from CANDIDATE to FOLLOWER at term 397 for DISCOVERED_A_NEW_TERM
2019-10-15 17:18:31,580 [79abbc2e-0a90-4a41-a17c-6388bb873359@group-B673650064C9-LeaderElection345] INFO  impl.RoleInfo (RoleInfo.java:shutdownLeaderElection(134)) - 79abbc2e-0a90-4a41-a17c-6388bb873359: shutdown LeaderElection
2019-10-15 17:18:31,580 [79abbc2e-0a90-4a41-a17c-6388bb873359@group-B673650064C9-LeaderElection345] INFO  impl.RoleInfo (RoleInfo.java:updateAndGet(143)) - 79abbc2e-0a90-4a41-a17c-6388bb873359: start FollowerState
2019-10-15 17:18:31,762 [Thread-2631] INFO  impl.FollowerState (FollowerState.java:run(108)) - 79abbc2e-0a90-4a41-a17c-6388bb873359@group-B673650064C9-FollowerState: change to CANDIDATE, lastRpcTime:181ms, electionTimeout:181ms
2019-10-15 17:18:31,762 [Thread-2631] INFO  impl.RoleInfo (RoleInfo.java:shutdownFollowerState(121)) - 79abbc2e-0a90-4a41-a17c-6388bb873359: shutdown FollowerState
2019-10-15 17:18:31,762 [Thread-2631] INFO  impl.RaftServerImpl (RaftServerImpl.java:setRole(184)) - 79abbc2e-0a90-4a41-a17c-6388bb873359@group-B673650064C9: changes role from  FOLLOWER to CANDIDATE at term 397 for changeToCandidate
2019-10-15 17:18:31,762 [Thread-2631] INFO  impl.RoleInfo (RoleInfo.java:updateAndGet(143)) - 79abbc2e-0a90-4a41-a17c-6388bb873359: start LeaderElection
2019-10-15 17:18:31,781 [79abbc2e-0a90-4a41-a17c-6388bb873359@group-B673650064C9-LeaderElection346] INFO  impl.LeaderElection (LeaderElection.java:askForVotes(178)) - 79abbc2e-0a90-4a41-a17c-6388bb873359@group-B673650064C9-LeaderElection346: begin an election at term 398 for -1: [ebd8d1f9-8297-450f-abe7-393807ba0c7e:192.168.164.239:36510, dbc121b5-e1e8-4c61-9d50-542b699a3d90:192.168.164.239:43140, 79abbc2e-0a90-4a41-a17c-6388bb873359:192.168.164.239:37857], old=null
2019-10-15 17:18:31,783 [grpc-default-executor-0] INFO  impl.RaftServerImpl (RaftServerImpl.java:setRole(184)) - ebd8d1f9-8297-450f-abe7-393807ba0c7e@group-B673650064C9: changes role from  FOLLOWER to FOLLOWER at term 398 for recognizeCandidate:79abbc2e-0a90-4a41-a17c-6388bb873359
2019-10-15 17:18:31,783 [grpc-default-executor-1] INFO  impl.RaftServerImpl (RaftServerImpl.java:setRole(184)) - dbc121b5-e1e8-4c61-9d50-542b699a3d90@group-B673650064C9: changes role from  FOLLOWER to FOLLOWER at term 398 for recognizeCandidate:79abbc2e-0a90-4a41-a17c-6388bb873359
2019-10-15 17:18:31,783 [grpc-default-executor-0] INFO  impl.RoleInfo (RoleInfo.java:shutdownFollowerState(121)) - ebd8d1f9-8297-450f-abe7-393807ba0c7e: shutdown FollowerState
2019-10-15 17:18:31,783 [grpc-default-executor-1] INFO  impl.RoleInfo (RoleInfo.java:shutdownFollowerState(121)) - dbc121b5-e1e8-4c61-9d50-542b699a3d90: shutdown FollowerState
2019-10-15 17:18:31,783 [Thread-2630] INFO  impl.FollowerState (FollowerState.java:run(117)) - ebd8d1f9-8297-450f-abe7-393807ba0c7e@group-B673650064C9-FollowerState was interrupted: java.lang.InterruptedException: sleep interrupted
2019-10-15 17:18:31,783 [grpc-default-executor-0] INFO  impl.RoleInfo (RoleInfo.java:updateAndGet(143)) - ebd8d1f9-8297-450f-abe7-393807ba0c7e: start FollowerState
2019-10-15 17:18:31,784 [Thread-2629] INFO  impl.FollowerState (FollowerState.java:run(117)) - dbc121b5-e1e8-4c61-9d50-542b699a3d90@group-B673650064C9-FollowerState was interrupted: java.lang.InterruptedException: sleep interrupted
2019-10-15 17:18:31,784 [grpc-default-executor-1] INFO  impl.RoleInfo (RoleInfo.java:updateAndGet(143)) - dbc121b5-e1e8-4c61-9d50-542b699a3d90: start FollowerState
2019-10-15 17:18:31,799 [79abbc2e-0a90-4a41-a17c-6388bb873359@group-B673650064C9-LeaderElection346] INFO  impl.LeaderElection (LeaderElection.java:logAndReturn(56)) - 79abbc2e-0a90-4a41-a17c-6388bb873359@group-B673650064C9-LeaderElection346: Election REJECTED; received 2 response(s) [79abbc2e-0a90-4a41-a17c-6388bb873359<-ebd8d1f9-8297-450f-abe7-393807ba0c7e#0:FAIL-t398, 79abbc2e-0a90-4a41-a17c-6388bb873359<-dbc121b5-e1e8-4c61-9d50-542b699a3d90#0:FAIL-t398] and 0 exception(s); 79abbc2e-0a90-4a41-a17c-6388bb873359@group-B673650064C9:t398, leader=null, voted=79abbc2e-0a90-4a41-a17c-6388bb873359, raftlog=79abbc2e-0a90-4a41-a17c-6388bb873359@group-B673650064C9-SegmentedRaftLog:OPENED:c-1,f-1,i0, conf=-1: [ebd8d1f9-8297-450f-abe7-393807ba0c7e:192.168.164.239:36510, dbc121b5-e1e8-4c61-9d50-542b699a3d90:192.168.164.239:43140, 79abbc2e-0a90-4a41-a17c-6388bb873359:192.168.164.239:37857], old=null
2019-10-15 17:18:31,799 [79abbc2e-0a90-4a41-a17c-6388bb873359@group-B673650064C9-LeaderElection346] INFO  impl.RaftServerImpl (RaftServerImpl.java:setRole(184)) - 79abbc2e-0a90-4a41-a17c-6388bb873359@group-B673650064C9: changes role from CANDIDATE to FOLLOWER at term 398 for DISCOVERED_A_NEW_TERM
2019-10-15 17:18:31,799 [79abbc2e-0a90-4a41-a17c-6388bb873359@group-B673650064C9-LeaderElection346] INFO  impl.RoleInfo (RoleInfo.java:shutdownLeaderElection(134)) - 79abbc2e-0a90-4a41-a17c-6388bb873359: shutdown LeaderElection
2019-10-15 17:18:31,799 [79abbc2e-0a90-4a41-a17c-6388bb873359@group-B673650064C9-LeaderElection346] INFO  impl.RoleInfo (RoleInfo.java:updateAndGet(143)) - 79abbc2e-0a90-4a41-a17c-6388bb873359: start FollowerState
2019-10-15 17:18:31,953 [Thread-2637] INFO  impl.FollowerState (FollowerState.java:run(108)) - 79abbc2e-0a90-4a41-a17c-6388bb873359@group-B673650064C9-FollowerState: change to CANDIDATE, lastRpcTime:153ms, electionTimeout:153ms
2019-10-15 17:18:31,953 [Thread-2637] INFO  impl.RoleInfo (RoleInfo.java:shutdownFollowerState(121)) - 79abbc2e-0a90-4a41-a17c-6388bb873359: shutdown FollowerState
2019-10-15 17:18:31,953 [Thread-2637] INFO  impl.RaftServerImpl (RaftServerImpl.java:setRole(184)) - 79abbc2e-0a90-4a41-a17c-6388bb873359@group-B673650064C9: changes role from  FOLLOWER to CANDIDATE at term 398 for changeToCandidate
2019-10-15 17:18:31,953 [Thread-2637] INFO  impl.RoleInfo (RoleInfo.java:updateAndGet(143)) - 79abbc2e-0a90-4a41-a17c-6388bb873359: start LeaderElection
2019-10-15 17:18:31,968 [79abbc2e-0a90-4a41-a17c-6388bb873359@group-B673650064C9-LeaderElection347] INFO  impl.LeaderElection (LeaderElection.java:askForVotes(178)) - 79abbc2e-0a90-4a41-a17c-6388bb873359@group-B673650064C9-LeaderElection347: begin an election at term 399 for -1: [ebd8d1f9-8297-450f-abe7-393807ba0c7e:192.168.164.239:36510, dbc121b5-e1e8-4c61-9d50-542b699a3d90:192.168.164.239:43140, 79abbc2e-0a90-4a41-a17c-6388bb873359:192.168.164.239:37857], old=null
2019-10-15 17:18:31,970 [grpc-default-executor-0] INFO  impl.RaftServerImpl (RaftServerImpl.java:setRole(184)) - dbc121b5-e1e8-4c61-9d50-542b699a3d90@group-B673650064C9: changes role from  FOLLOWER to FOLLOWER at term 399 for recognizeCandidate:79abbc2e-0a90-4a41-a17c-6388bb873359
2019-10-15 17:18:31,970 [grpc-default-executor-0] INFO  impl.RoleInfo (RoleInfo.java:shutdownFollowerState(121)) - dbc121b5-e1e8-4c61-9d50-542b699a3d90: shutdown FollowerState
2019-10-15 17:18:31,970 [grpc-default-executor-1] INFO  impl.RaftServerImpl (RaftServerImpl.java:setRole(184)) - ebd8d1f9-8297-450f-abe7-393807ba0c7e@group-B673650064C9: changes role from  FOLLOWER to FOLLOWER at term 399 for recognizeCandidate:79abbc2e-0a90-4a41-a17c-6388bb873359
2019-10-15 17:18:31,971 [grpc-default-executor-1] INFO  impl.RoleInfo (RoleInfo.java:shutdownFollowerState(121)) - ebd8d1f9-8297-450f-abe7-393807ba0c7e: shutdown FollowerState
2019-10-15 17:18:31,971 [Thread-2636] INFO  impl.FollowerState (FollowerState.java:run(117)) - dbc121b5-e1e8-4c61-9d50-542b699a3d90@group-B673650064C9-FollowerState was interrupted: java.lang.InterruptedException: sleep interrupted
2019-10-15 17:18:31,970 [grpc-default-executor-0] INFO  impl.RoleInfo (RoleInfo.java:updateAndGet(143)) - dbc121b5-e1e8-4c61-9d50-542b699a3d90: start FollowerState
2019-10-15 17:18:31,971 [Thread-2635] INFO  impl.FollowerState (FollowerState.java:run(117)) - ebd8d1f9-8297-450f-abe7-393807ba0c7e@group-B673650064C9-FollowerState was interrupted: java.lang.InterruptedException: sleep interrupted
2019-10-15 17:18:31,971 [grpc-default-executor-1] INFO  impl.RoleInfo (RoleInfo.java:updateAndGet(143)) - ebd8d1f9-8297-450f-abe7-393807ba0c7e: start FollowerState
2019-10-15 17:18:31,995 [79abbc2e-0a90-4a41-a17c-6388bb873359@group-B673650064C9-LeaderElection347] INFO  impl.LeaderElection (LeaderElection.java:logAndReturn(56)) - 79abbc2e-0a90-4a41-a17c-6388bb873359@group-B673650064C9-LeaderElection347: Election REJECTED; received 2 response(s) [79abbc2e-0a90-4a41-a17c-6388bb873359<-ebd8d1f9-8297-450f-abe7-393807ba0c7e#0:FAIL-t399, 79abbc2e-0a90-4a41-a17c-6388bb873359<-dbc121b5-e1e8-4c61-9d50-542b699a3d90#0:FAIL-t399] and 0 exception(s); 79abbc2e-0a90-4a41-a17c-6388bb873359@group-B673650064C9:t399, leader=null, voted=79abbc2e-0a90-4a41-a17c-6388bb873359, raftlog=79abbc2e-0a90-4a41-a17c-6388bb873359@group-B673650064C9-SegmentedRaftLog:OPENED:c-1,f-1,i0, conf=-1: [ebd8d1f9-8297-450f-abe7-393807ba0c7e:192.168.164.239:36510, dbc121b5-e1e8-4c61-9d50-542b699a3d90:192.168.164.239:43140, 79abbc2e-0a90-4a41-a17c-6388bb873359:192.168.164.239:37857], old=null
2019-10-15 17:18:31,996 [79abbc2e-0a90-4a41-a17c-6388bb873359@group-B673650064C9-LeaderElection347] INFO  impl.RaftServerImpl (RaftServerImpl.java:setRole(184)) - 79abbc2e-0a90-4a41-a17c-6388bb873359@group-B673650064C9: changes role from CANDIDATE to FOLLOWER at term 399 for DISCOVERED_A_NEW_TERM
2019-10-15 17:18:31,996 [79abbc2e-0a90-4a41-a17c-6388bb873359@group-B673650064C9-LeaderElection347] INFO  impl.RoleInfo (RoleInfo.java:shutdownLeaderElection(134)) - 79abbc2e-0a90-4a41-a17c-6388bb873359: shutdown LeaderElection
2019-10-15 17:18:31,996 [79abbc2e-0a90-4a41-a17c-6388bb873359@group-B673650064C9-LeaderElection347] INFO  impl.RoleInfo (RoleInfo.java:updateAndGet(143)) - 79abbc2e-0a90-4a41-a17c-6388bb873359: start FollowerState
2019-10-15 17:18:32,160 [Thread-2643] INFO  impl.FollowerState (FollowerState.java:run(108)) - 79abbc2e-0a90-4a41-a17c-6388bb873359@group-B673650064C9-FollowerState: change to CANDIDATE, lastRpcTime:164ms, electionTimeout:164ms
2019-10-15 17:18:32,161 [Thread-2643] INFO  impl.RoleInfo (RoleInfo.java:shutdownFollowerState(121)) - 79abbc2e-0a90-4a41-a17c-6388bb873359: shutdown FollowerState
2019-10-15 17:18:32,161 [Thread-2643] INFO  impl.RaftServerImpl (RaftServerImpl.java:setRole(184)) - 79abbc2e-0a90-4a41-a17c-6388bb873359@group-B673650064C9: changes role from  FOLLOWER to CANDIDATE at term 399 for changeToCandidate
2019-10-15 17:18:32,161 [Thread-2643] INFO  impl.RoleInfo (RoleInfo.java:updateAndGet(143)) - 79abbc2e-0a90-4a41-a17c-6388bb873359: start LeaderElection
2019-10-15 17:18:32,188 [79abbc2e-0a90-4a41-a17c-6388bb873359@group-B673650064C9-LeaderElection348] INFO  impl.LeaderElection (LeaderElection.java:askForVotes(178)) - 79abbc2e-0a90-4a41-a17c-6388bb873359@group-B673650064C9-LeaderElection348: begin an election at term 400 for -1: [ebd8d1f9-8297-450f-abe7-393807ba0c7e:192.168.164.239:36510, dbc121b5-e1e8-4c61-9d50-542b699a3d90:192.168.164.239:43140, 79abbc2e-0a90-4a41-a17c-6388bb873359:192.168.164.239:37857], old=null
2019-10-15 17:18:32,190 [grpc-default-executor-0] INFO  impl.RaftServerImpl (RaftServerImpl.java:setRole(184)) - ebd8d1f9-8297-450f-abe7-393807ba0c7e@group-B673650064C9: changes role from  FOLLOWER to FOLLOWER at term 400 for recognizeCandidate:79abbc2e-0a90-4a41-a17c-6388bb873359
2019-10-15 17:18:32,190 [grpc-default-executor-0] INFO  impl.RoleInfo (RoleInfo.java:shutdownFollowerState(121)) - ebd8d1f9-8297-450f-abe7-393807ba0c7e: shutdown FollowerState
2019-10-15 17:18:32,190 [grpc-default-executor-1] INFO  impl.RaftServerImpl (RaftServerImpl.java:setRole(184)) - dbc121b5-e1e8-4c61-9d50-542b699a3d90@group-B673650064C9: changes role from  FOLLOWER to FOLLOWER at term 400 for recognizeCandidate:79abbc2e-0a90-4a41-a17c-6388bb873359
2019-10-15 17:18:32,190 [Thread-2642] INFO  impl.FollowerState (FollowerState.java:run(117)) - ebd8d1f9-8297-450f-abe7-393807ba0c7e@group-B673650064C9-FollowerState was interrupted: java.lang.InterruptedException: sleep interrupted
2019-10-15 17:18:32,190 [grpc-default-executor-0] INFO  impl.RoleInfo (RoleInfo.java:updateAndGet(143)) - ebd8d1f9-8297-450f-abe7-393807ba0c7e: start FollowerState
2019-10-15 17:18:32,190 [grpc-default-executor-1] INFO  impl.RoleInfo (RoleInfo.java:shutdownFollowerState(121)) - dbc121b5-e1e8-4c61-9d50-542b699a3d90: shutdown FollowerState
2019-10-15 17:18:32,191 [grpc-default-executor-1] INFO  impl.RoleInfo (RoleInfo.java:updateAndGet(143)) - dbc121b5-e1e8-4c61-9d50-542b699a3d90: start FollowerState
2019-10-15 17:18:32,191 [Thread-2641] INFO  impl.FollowerState (FollowerState.java:run(117)) - dbc121b5-e1e8-4c61-9d50-542b699a3d90@group-B673650064C9-FollowerState was interrupted: java.lang.InterruptedException: sleep interrupted
2019-10-15 17:18:32,205 [79abbc2e-0a90-4a41-a17c-6388bb873359@group-B673650064C9-LeaderElection348] INFO  impl.LeaderElection (LeaderElection.java:logAndReturn(56)) - 79abbc2e-0a90-4a41-a17c-6388bb873359@group-B673650064C9-LeaderElection348: Election REJECTED; received 2 response(s) [79abbc2e-0a90-4a41-a17c-6388bb873359<-ebd8d1f9-8297-450f-abe7-393807ba0c7e#0:FAIL-t400, 79abbc2e-0a90-4a41-a17c-6388bb873359<-dbc121b5-e1e8-4c61-9d50-542b699a3d90#0:FAIL-t400] and 0 exception(s); 79abbc2e-0a90-4a41-a17c-6388bb873359@group-B673650064C9:t400, leader=null, voted=79abbc2e-0a90-4a41-a17c-6388bb873359, raftlog=79abbc2e-0a90-4a41-a17c-6388bb873359@group-B673650064C9-SegmentedRaftLog:OPENED:c-1,f-1,i0, conf=-1: [ebd8d1f9-8297-450f-abe7-393807ba0c7e:192.168.164.239:36510, dbc121b5-e1e8-4c61-9d50-542b699a3d90:192.168.164.239:43140, 79abbc2e-0a90-4a41-a17c-6388bb873359:192.168.164.239:37857], old=null
2019-10-15 17:18:32,206 [79abbc2e-0a90-4a41-a17c-6388bb873359@group-B673650064C9-LeaderElection348] INFO  impl.RaftServerImpl (RaftServerImpl.java:setRole(184)) - 79abbc2e-0a90-4a41-a17c-6388bb873359@group-B673650064C9: changes role from CANDIDATE to FOLLOWER at term 400 for DISCOVERED_A_NEW_TERM
2019-10-15 17:18:32,206 [79abbc2e-0a90-4a41-a17c-6388bb873359@group-B673650064C9-LeaderElection348] INFO  impl.RoleInfo (RoleInfo.java:shutdownLeaderElection(134)) - 79abbc2e-0a90-4a41-a17c-6388bb873359: shutdown LeaderElection
2019-10-15 17:18:32,206 [79abbc2e-0a90-4a41-a17c-6388bb873359@group-B673650064C9-LeaderElection348] INFO  impl.RoleInfo (RoleInfo.java:updateAndGet(143)) - 79abbc2e-0a90-4a41-a17c-6388bb873359: start FollowerState
2019-10-15 17:18:32,322 [Thread-2649] INFO  impl.FollowerState (FollowerState.java:run(108)) - 79abbc2e-0a90-4a41-a17c-6388bb873359@group-B673650064C9-FollowerState: change to CANDIDATE, lastRpcTime:116ms, electionTimeout:116ms
2019-10-15 17:18:32,322 [Thread-2649] INFO  impl.RoleInfo (RoleInfo.java:shutdownFollowerState(121)) - 79abbc2e-0a90-4a41-a17c-6388bb873359: shutdown FollowerState
2019-10-15 17:18:32,322 [Thread-2649] INFO  impl.RaftServerImpl (RaftServerImpl.java:setRole(184)) - 79abbc2e-0a90-4a41-a17c-6388bb873359@group-B673650064C9: changes role from  FOLLOWER to CANDIDATE at term 400 for changeToCandidate
2019-10-15 17:18:32,322 [Thread-2649] INFO  impl.RoleInfo (RoleInfo.java:updateAndGet(143)) - 79abbc2e-0a90-4a41-a17c-6388bb873359: start LeaderElection
2019-10-15 17:18:32,348 [79abbc2e-0a90-4a41-a17c-6388bb873359@group-B673650064C9-LeaderElection349] INFO  impl.LeaderElection (LeaderElection.java:askForVotes(178)) - 79abbc2e-0a90-4a41-a17c-6388bb873359@group-B673650064C9-LeaderElection349: begin an election at term 401 for -1: [ebd8d1f9-8297-450f-abe7-393807ba0c7e:192.168.164.239:36510, dbc121b5-e1e8-4c61-9d50-542b699a3d90:192.168.164.239:43140, 79abbc2e-0a90-4a41-a17c-6388bb873359:192.168.164.239:37857], old=null
2019-10-15 17:18:32,349 [grpc-default-executor-0] INFO  impl.RaftServerImpl (RaftServerImpl.java:setRole(184)) - dbc121b5-e1e8-4c61-9d50-542b699a3d90@group-B673650064C9: changes role from  FOLLOWER to FOLLOWER at term 401 for recognizeCandidate:79abbc2e-0a90-4a41-a17c-6388bb873359
2019-10-15 17:18:32,349 [grpc-default-executor-1] INFO  impl.RaftServerImpl (RaftServerImpl.java:setRole(184)) - ebd8d1f9-8297-450f-abe7-393807ba0c7e@group-B673650064C9: changes role from  FOLLOWER to FOLLOWER at term 401 for recognizeCandidate:79abbc2e-0a90-4a41-a17c-6388bb873359
2019-10-15 17:18:32,350 [grpc-default-executor-1] INFO  impl.RoleInfo (RoleInfo.java:shutdownFollowerState(121)) - ebd8d1f9-8297-450f-abe7-393807ba0c7e: shutdown FollowerState
2019-10-15 17:18:32,349 [grpc-default-executor-0] INFO  impl.RoleInfo (RoleInfo.java:shutdownFollowerState(121)) - dbc121b5-e1e8-4c61-9d50-542b699a3d90: shutdown FollowerState
2019-10-15 17:18:32,350 [Thread-2647] INFO  impl.FollowerState (FollowerState.java:run(117)) - ebd8d1f9-8297-450f-abe7-393807ba0c7e@group-B673650064C9-FollowerState was interrupted: java.lang.InterruptedException: sleep interrupted
2019-10-15 17:18:32,350 [grpc-default-executor-1] INFO  impl.RoleInfo (RoleInfo.java:updateAndGet(143)) - ebd8d1f9-8297-450f-abe7-393807ba0c7e: start FollowerState
2019-10-15 17:18:32,350 [Thread-2648] INFO  impl.FollowerState (FollowerState.java:run(117)) - dbc121b5-e1e8-4c61-9d50-542b699a3d90@group-B673650064C9-FollowerState was interrupted: java.lang.InterruptedException: sleep interrupted
2019-10-15 17:18:32,350 [grpc-default-executor-0] INFO  impl.RoleInfo (RoleInfo.java:updateAndGet(143)) - dbc121b5-e1e8-4c61-9d50-542b699a3d90: start FollowerState
2019-10-15 17:18:32,374 [79abbc2e-0a90-4a41-a17c-6388bb873359@group-B673650064C9-LeaderElection349] INFO  impl.LeaderElection (LeaderElection.java:logAndReturn(56)) - 79abbc2e-0a90-4a41-a17c-6388bb873359@group-B673650064C9-LeaderElection349: Election REJECTED; received 2 response(s) [79abbc2e-0a90-4a41-a17c-6388bb873359<-ebd8d1f9-8297-450f-abe7-393807ba0c7e#0:FAIL-t401, 79abbc2e-0a90-4a41-a17c-6388bb873359<-dbc121b5-e1e8-4c61-9d50-542b699a3d90#0:FAIL-t401] and 0 exception(s); 79abbc2e-0a90-4a41-a17c-6388bb873359@group-B673650064C9:t401, leader=null, voted=79abbc2e-0a90-4a41-a17c-6388bb873359, raftlog=79abbc2e-0a90-4a41-a17c-6388bb873359@group-B673650064C9-SegmentedRaftLog:OPENED:c-1,f-1,i0, conf=-1: [ebd8d1f9-8297-450f-abe7-393807ba0c7e:192.168.164.239:36510, dbc121b5-e1e8-4c61-9d50-542b699a3d90:192.168.164.239:43140, 79abbc2e-0a90-4a41-a17c-6388bb873359:192.168.164.239:37857], old=null
2019-10-15 17:18:32,374 [79abbc2e-0a90-4a41-a17c-6388bb873359@group-B673650064C9-LeaderElection349] INFO  impl.RaftServerImpl (RaftServerImpl.java:setRole(184)) - 79abbc2e-0a90-4a41-a17c-6388bb873359@group-B673650064C9: changes role from CANDIDATE to FOLLOWER at term 401 for DISCOVERED_A_NEW_TERM
2019-10-15 17:18:32,374 [79abbc2e-0a90-4a41-a17c-6388bb873359@group-B673650064C9-LeaderElection349] INFO  impl.RoleInfo (RoleInfo.java:shutdownLeaderElection(134)) - 79abbc2e-0a90-4a41-a17c-6388bb873359: shutdown LeaderElection
2019-10-15 17:18:32,374 [79abbc2e-0a90-4a41-a17c-6388bb873359@group-B673650064C9-LeaderElection349] INFO  impl.RoleInfo (RoleInfo.java:updateAndGet(143)) - 79abbc2e-0a90-4a41-a17c-6388bb873359: start FollowerState
2019-10-15 17:18:32,550 [Thread-2657] INFO  impl.FollowerState (FollowerState.java:run(108)) - 79abbc2e-0a90-4a41-a17c-6388bb873359@group-B673650064C9-FollowerState: change to CANDIDATE, lastRpcTime:175ms, electionTimeout:175ms
2019-10-15 17:18:32,550 [Thread-2657] INFO  impl.RoleInfo (RoleInfo.java:shutdownFollowerState(121)) - 79abbc2e-0a90-4a41-a17c-6388bb873359: shutdown FollowerState
2019-10-15 17:18:32,550 [Thread-2657] INFO  impl.RaftServerImpl (RaftServerImpl.java:setRole(184)) - 79abbc2e-0a90-4a41-a17c-6388bb873359@group-B673650064C9: changes role from  FOLLOWER to CANDIDATE at term 401 for changeToCandidate
2019-10-15 17:18:32,550 [Thread-2657] INFO  impl.RoleInfo (RoleInfo.java:updateAndGet(143)) - 79abbc2e-0a90-4a41-a17c-6388bb873359: start LeaderElection
2019-10-15 17:18:32,574 [79abbc2e-0a90-4a41-a17c-6388bb873359@group-B673650064C9-LeaderElection350] INFO  impl.LeaderElection (LeaderElection.java:askForVotes(178)) - 79abbc2e-0a90-4a41-a17c-6388bb873359@group-B673650064C9-LeaderElection350: begin an election at term 402 for -1: [ebd8d1f9-8297-450f-abe7-393807ba0c7e:192.168.164.239:36510, dbc121b5-e1e8-4c61-9d50-542b699a3d90:192.168.164.239:43140, 79abbc2e-0a90-4a41-a17c-6388bb873359:192.168.164.239:37857], old=null
2019-10-15 17:18:32,575 [grpc-default-executor-0] INFO  impl.RaftServerImpl (RaftServerImpl.java:setRole(184)) - ebd8d1f9-8297-450f-abe7-393807ba0c7e@group-B673650064C9: changes role from  FOLLOWER to FOLLOWER at term 402 for recognizeCandidate:79abbc2e-0a90-4a41-a17c-6388bb873359
2019-10-15 17:18:32,575 [grpc-default-executor-1] INFO  impl.RaftServerImpl (RaftServerImpl.java:setRole(184)) - dbc121b5-e1e8-4c61-9d50-542b699a3d90@group-B673650064C9: changes role from  FOLLOWER to FOLLOWER at term 402 for recognizeCandidate:79abbc2e-0a90-4a41-a17c-6388bb873359
2019-10-15 17:18:32,575 [grpc-default-executor-0] INFO  impl.RoleInfo (RoleInfo.java:shutdownFollowerState(121)) - ebd8d1f9-8297-450f-abe7-393807ba0c7e: shutdown FollowerState
2019-10-15 17:18:32,575 [grpc-default-executor-1] INFO  impl.RoleInfo (RoleInfo.java:shutdownFollowerState(121)) - dbc121b5-e1e8-4c61-9d50-542b699a3d90: shutdown FollowerState
2019-10-15 17:18:32,576 [grpc-default-executor-1] INFO  impl.RoleInfo (RoleInfo.java:updateAndGet(143)) - dbc121b5-e1e8-4c61-9d50-542b699a3d90: start FollowerState
2019-10-15 17:18:32,576 [Thread-2655] INFO  impl.FollowerState (FollowerState.java:run(117)) - ebd8d1f9-8297-450f-abe7-393807ba0c7e@group-B673650064C9-FollowerState was interrupted: java.lang.InterruptedException: sleep interrupted
2019-10-15 17:18:32,576 [grpc-default-executor-0] INFO  impl.RoleInfo (RoleInfo.java:updateAndGet(143)) - ebd8d1f9-8297-450f-abe7-393807ba0c7e: start FollowerState
2019-10-15 17:18:32,576 [Thread-2656] INFO  impl.FollowerState (FollowerState.java:run(117)) - dbc121b5-e1e8-4c61-9d50-542b699a3d90@group-B673650064C9-FollowerState was interrupted: java.lang.InterruptedException: sleep interrupted
2019-10-15 17:18:32,600 [79abbc2e-0a90-4a41-a17c-6388bb873359@group-B673650064C9-LeaderElection350] INFO  impl.LeaderElection (LeaderElection.java:logAndReturn(56)) - 79abbc2e-0a90-4a41-a17c-6388bb873359@group-B673650064C9-LeaderElection350: Election REJECTED; received 2 response(s) [79abbc2e-0a90-4a41-a17c-6388bb873359<-ebd8d1f9-8297-450f-abe7-393807ba0c7e#0:FAIL-t402, 79abbc2e-0a90-4a41-a17c-6388bb873359<-dbc121b5-e1e8-4c61-9d50-542b699a3d90#0:FAIL-t402] and 0 exception(s); 79abbc2e-0a90-4a41-a17c-6388bb873359@group-B673650064C9:t402, leader=null, voted=79abbc2e-0a90-4a41-a17c-6388bb873359, raftlog=79abbc2e-0a90-4a41-a17c-6388bb873359@group-B673650064C9-SegmentedRaftLog:OPENED:c-1,f-1,i0, conf=-1: [ebd8d1f9-8297-450f-abe7-393807ba0c7e:192.168.164.239:36510, dbc121b5-e1e8-4c61-9d50-542b699a3d90:192.168.164.239:43140, 79abbc2e-0a90-4a41-a17c-6388bb873359:192.168.164.239:37857], old=null
2019-10-15 17:18:32,600 [79abbc2e-0a90-4a41-a17c-6388bb873359@group-B673650064C9-LeaderElection350] INFO  impl.RaftServerImpl (RaftServerImpl.java:setRole(184)) - 79abbc2e-0a90-4a41-a17c-6388bb873359@group-B673650064C9: changes role from CANDIDATE to FOLLOWER at term 402 for DISCOVERED_A_NEW_TERM
2019-10-15 17:18:32,600 [79abbc2e-0a90-4a41-a17c-6388bb873359@group-B673650064C9-LeaderElection350] INFO  impl.RoleInfo (RoleInfo.java:shutdownLeaderElection(134)) - 79abbc2e-0a90-4a41-a17c-6388bb873359: shutdown LeaderElection
2019-10-15 17:18:32,600 [79abbc2e-0a90-4a41-a17c-6388bb873359@group-B673650064C9-LeaderElection350] INFO  impl.RoleInfo (RoleInfo.java:updateAndGet(143)) - 79abbc2e-0a90-4a41-a17c-6388bb873359: start FollowerState
2019-10-15 17:18:32,676 [Thread-2663] INFO  impl.FollowerState (FollowerState.java:run(108)) - 79abbc2e-0a90-4a41-a17c-6388bb873359@group-B673650064C9-FollowerState: change to CANDIDATE, lastRpcTime:76ms, electionTimeout:76ms
2019-10-15 17:18:32,676 [Thread-2663] INFO  impl.RoleInfo (RoleInfo.java:shutdownFollowerState(121)) - 79abbc2e-0a90-4a41-a17c-6388bb873359: shutdown FollowerState
2019-10-15 17:18:32,677 [Thread-2663] INFO  impl.RaftServerImpl (RaftServerImpl.java:setRole(184)) - 79abbc2e-0a90-4a41-a17c-6388bb873359@group-B673650064C9: changes role from  FOLLOWER to CANDIDATE at term 402 for changeToCandidate
2019-10-15 17:18:32,677 [Thread-2663] INFO  impl.RoleInfo (RoleInfo.java:updateAndGet(143)) - 79abbc2e-0a90-4a41-a17c-6388bb873359: start LeaderElection
2019-10-15 17:18:32,699 [79abbc2e-0a90-4a41-a17c-6388bb873359@group-B673650064C9-LeaderElection351] INFO  impl.LeaderElection (LeaderElection.java:askForVotes(178)) - 79abbc2e-0a90-4a41-a17c-6388bb873359@group-B673650064C9-LeaderElection351: begin an election at term 403 for -1: [ebd8d1f9-8297-450f-abe7-393807ba0c7e:192.168.164.239:36510, dbc121b5-e1e8-4c61-9d50-542b699a3d90:192.168.164.239:43140, 79abbc2e-0a90-4a41-a17c-6388bb873359:192.168.164.239:37857], old=null
2019-10-15 17:18:32,700 [grpc-default-executor-0] INFO  impl.RaftServerImpl (RaftServerImpl.java:setRole(184)) - ebd8d1f9-8297-450f-abe7-393807ba0c7e@group-B673650064C9: changes role from  FOLLOWER to FOLLOWER at term 403 for recognizeCandidate:79abbc2e-0a90-4a41-a17c-6388bb873359
2019-10-15 17:18:32,701 [grpc-default-executor-0] INFO  impl.RoleInfo (RoleInfo.java:shutdownFollowerState(121)) - ebd8d1f9-8297-450f-abe7-393807ba0c7e: shutdown FollowerState
2019-10-15 17:18:32,701 [grpc-default-executor-1] INFO  impl.RaftServerImpl (RaftServerImpl.java:setRole(184)) - dbc121b5-e1e8-4c61-9d50-542b699a3d90@group-B673650064C9: changes role from  FOLLOWER to FOLLOWER at term 403 for recognizeCandidate:79abbc2e-0a90-4a41-a17c-6388bb873359
2019-10-15 17:18:32,701 [Thread-2661] INFO  impl.FollowerState (FollowerState.java:run(117)) - ebd8d1f9-8297-450f-abe7-393807ba0c7e@group-B673650064C9-FollowerState was interrupted: java.lang.InterruptedException: sleep interrupted
2019-10-15 17:18:32,701 [grpc-default-executor-0] INFO  impl.RoleInfo (RoleInfo.java:updateAndGet(143)) - ebd8d1f9-8297-450f-abe7-393807ba0c7e: start FollowerState
2019-10-15 17:18:32,701 [grpc-default-executor-1] INFO  impl.RoleInfo (RoleInfo.java:shutdownFollowerState(121)) - dbc121b5-e1e8-4c61-9d50-542b699a3d90: shutdown FollowerState
2019-10-15 17:18:32,701 [grpc-default-executor-1] INFO  impl.RoleInfo (RoleInfo.java:updateAndGet(143)) - dbc121b5-e1e8-4c61-9d50-542b699a3d90: start FollowerState
2019-10-15 17:18:32,701 [Thread-2662] INFO  impl.FollowerState (FollowerState.java:run(117)) - dbc121b5-e1e8-4c61-9d50-542b699a3d90@group-B673650064C9-FollowerState was interrupted: java.lang.InterruptedException: sleep interrupted
2019-10-15 17:18:32,707 [79abbc2e-0a90-4a41-a17c-6388bb873359@group-B673650064C9-LeaderElection351] INFO  impl.LeaderElection (LeaderElection.java:logAndReturn(56)) - 79abbc2e-0a90-4a41-a17c-6388bb873359@group-B673650064C9-LeaderElection351: Election TIMEOUT; received 0 response(s) [] and 0 exception(s); 79abbc2e-0a90-4a41-a17c-6388bb873359@group-B673650064C9:t403, leader=null, voted=79abbc2e-0a90-4a41-a17c-6388bb873359, raftlog=79abbc2e-0a90-4a41-a17c-6388bb873359@group-B673650064C9-SegmentedRaftLog:OPENED:c-1,f-1,i0, conf=-1: [ebd8d1f9-8297-450f-abe7-393807ba0c7e:192.168.164.239:36510, dbc121b5-e1e8-4c61-9d50-542b699a3d90:192.168.164.239:43140, 79abbc2e-0a90-4a41-a17c-6388bb873359:192.168.164.239:37857], old=null
2019-10-15 17:18:32,725 [79abbc2e-0a90-4a41-a17c-6388bb873359@group-B673650064C9-LeaderElection351] INFO  impl.LeaderElection (LeaderElection.java:askForVotes(178)) - 79abbc2e-0a90-4a41-a17c-6388bb873359@group-B673650064C9-LeaderElection351: begin an election at term 404 for -1: [ebd8d1f9-8297-450f-abe7-393807ba0c7e:192.168.164.239:36510, dbc121b5-e1e8-4c61-9d50-542b699a3d90:192.168.164.239:43140, 79abbc2e-0a90-4a41-a17c-6388bb873359:192.168.164.239:37857], old=null
2019-10-15 17:18:32,726 [grpc-default-executor-1] INFO  impl.RaftServerImpl (RaftServerImpl.java:setRole(184)) - ebd8d1f9-8297-450f-abe7-393807ba0c7e@group-B673650064C9: changes role from  FOLLOWER to FOLLOWER at term 404 for recognizeCandidate:79abbc2e-0a90-4a41-a17c-6388bb873359
2019-10-15 17:18:32,726 [grpc-default-executor-1] INFO  impl.RoleInfo (RoleInfo.java:shutdownFollowerState(121)) - ebd8d1f9-8297-450f-abe7-393807ba0c7e: shutdown FollowerState
2019-10-15 17:18:32,727 [grpc-default-executor-0] INFO  impl.RaftServerImpl (RaftServerImpl.java:setRole(184)) - dbc121b5-e1e8-4c61-9d50-542b699a3d90@group-B673650064C9: changes role from  FOLLOWER to FOLLOWER at term 404 for recognizeCandidate:79abbc2e-0a90-4a41-a17c-6388bb873359
2019-10-15 17:18:32,727 [grpc-default-executor-0] INFO  impl.RoleInfo (RoleInfo.java:shutdownFollowerState(121)) - dbc121b5-e1e8-4c61-9d50-542b699a3d90: shutdown FollowerState
2019-10-15 17:18:32,727 [Thread-2667] INFO  impl.FollowerState (FollowerState.java:run(117)) - ebd8d1f9-8297-450f-abe7-393807ba0c7e@group-B673650064C9-FollowerState was interrupted: java.lang.InterruptedException: sleep interrupted
2019-10-15 17:18:32,727 [grpc-default-executor-1] INFO  impl.RoleInfo (RoleInfo.java:updateAndGet(143)) - ebd8d1f9-8297-450f-abe7-393807ba0c7e: start FollowerState
2019-10-15 17:18:32,727 [Thread-2668] INFO  impl.FollowerState (FollowerState.java:run(117)) - dbc121b5-e1e8-4c61-9d50-542b699a3d90@group-B673650064C9-FollowerState was interrupted: java.lang.InterruptedException: sleep interrupted
2019-10-15 17:18:32,727 [grpc-default-executor-0] INFO  impl.RoleInfo (RoleInfo.java:updateAndGet(143)) - dbc121b5-e1e8-4c61-9d50-542b699a3d90: start FollowerState
2019-10-15 17:18:32,751 [79abbc2e-0a90-4a41-a17c-6388bb873359@group-B673650064C9-LeaderElection351] INFO  impl.LeaderElection (LeaderElection.java:logAndReturn(56)) - 79abbc2e-0a90-4a41-a17c-6388bb873359@group-B673650064C9-LeaderElection351: Election REJECTED; received 2 response(s) [79abbc2e-0a90-4a41-a17c-6388bb873359<-ebd8d1f9-8297-450f-abe7-393807ba0c7e#0:FAIL-t404, 79abbc2e-0a90-4a41-a17c-6388bb873359<-dbc121b5-e1e8-4c61-9d50-542b699a3d90#0:FAIL-t404] and 0 exception(s); 79abbc2e-0a90-4a41-a17c-6388bb873359@group-B673650064C9:t404, leader=null, voted=79abbc2e-0a90-4a41-a17c-6388bb873359, raftlog=79abbc2e-0a90-4a41-a17c-6388bb873359@group-B673650064C9-SegmentedRaftLog:OPENED:c-1,f-1,i0, conf=-1: [ebd8d1f9-8297-450f-abe7-393807ba0c7e:192.168.164.239:36510, dbc121b5-e1e8-4c61-9d50-542b699a3d90:192.168.164.239:43140, 79abbc2e-0a90-4a41-a17c-6388bb873359:192.168.164.239:37857], old=null
2019-10-15 17:18:32,751 [79abbc2e-0a90-4a41-a17c-6388bb873359@group-B673650064C9-LeaderElection351] INFO  impl.RaftServerImpl (RaftServerImpl.java:setRole(184)) - 79abbc2e-0a90-4a41-a17c-6388bb873359@group-B673650064C9: changes role from CANDIDATE to FOLLOWER at term 404 for DISCOVERED_A_NEW_TERM
2019-10-15 17:18:32,751 [79abbc2e-0a90-4a41-a17c-6388bb873359@group-B673650064C9-LeaderElection351] INFO  impl.RoleInfo (RoleInfo.java:shutdownLeaderElection(134)) - 79abbc2e-0a90-4a41-a17c-6388bb873359: shutdown LeaderElection
2019-10-15 17:18:32,751 [79abbc2e-0a90-4a41-a17c-6388bb873359@group-B673650064C9-LeaderElection351] INFO  impl.RoleInfo (RoleInfo.java:updateAndGet(143)) - 79abbc2e-0a90-4a41-a17c-6388bb873359: start FollowerState
2019-10-15 17:18:32,883 [Thread-2673] INFO  impl.FollowerState (FollowerState.java:run(108)) - 79abbc2e-0a90-4a41-a17c-6388bb873359@group-B673650064C9-FollowerState: change to CANDIDATE, lastRpcTime:132ms, electionTimeout:132ms
2019-10-15 17:18:32,883 [Thread-2673] INFO  impl.RoleInfo (RoleInfo.java:shutdownFollowerState(121)) - 79abbc2e-0a90-4a41-a17c-6388bb873359: shutdown FollowerState
2019-10-15 17:18:32,884 [Thread-2673] INFO  impl.RaftServerImpl (RaftServerImpl.java:setRole(184)) - 79abbc2e-0a90-4a41-a17c-6388bb873359@group-B673650064C9: changes role from  FOLLOWER to CANDIDATE at term 404 for changeToCandidate
2019-10-15 17:18:32,884 [Thread-2673] INFO  impl.RoleInfo (RoleInfo.java:updateAndGet(143)) - 79abbc2e-0a90-4a41-a17c-6388bb873359: start LeaderElection
2019-10-15 17:18:32,910 [79abbc2e-0a90-4a41-a17c-6388bb873359@group-B673650064C9-LeaderElection352] INFO  impl.LeaderElection (LeaderElection.java:askForVotes(178)) - 79abbc2e-0a90-4a41-a17c-6388bb873359@group-B673650064C9-LeaderElection352: begin an election at term 405 for -1: [ebd8d1f9-8297-450f-abe7-393807ba0c7e:192.168.164.239:36510, dbc121b5-e1e8-4c61-9d50-542b699a3d90:192.168.164.239:43140, 79abbc2e-0a90-4a41-a17c-6388bb873359:192.168.164.239:37857], old=null
2019-10-15 17:18:32,911 [grpc-default-executor-1] INFO  impl.RaftServerImpl (RaftServerImpl.java:setRole(184)) - dbc121b5-e1e8-4c61-9d50-542b699a3d90@group-B673650064C9: changes role from  FOLLOWER to FOLLOWER at term 405 for recognizeCandidate:79abbc2e-0a90-4a41-a17c-6388bb873359
2019-10-15 17:18:32,912 [grpc-default-executor-1] INFO  impl.RoleInfo (RoleInfo.java:shutdownFollowerState(121)) - dbc121b5-e1e8-4c61-9d50-542b699a3d90: shutdown FollowerState
2019-10-15 17:18:32,911 [grpc-default-executor-0] INFO  impl.RaftServerImpl (RaftServerImpl.java:setRole(184)) - ebd8d1f9-8297-450f-abe7-393807ba0c7e@group-B673650064C9: changes role from  FOLLOWER to FOLLOWER at term 405 for recognizeCandidate:79abbc2e-0a90-4a41-a17c-6388bb873359
2019-10-15 17:18:32,912 [grpc-default-executor-0] INFO  impl.RoleInfo (RoleInfo.java:shutdownFollowerState(121)) - ebd8d1f9-8297-450f-abe7-393807ba0c7e: shutdown FollowerState
2019-10-15 17:18:32,912 [grpc-default-executor-0] INFO  impl.RoleInfo (RoleInfo.java:updateAndGet(143)) - ebd8d1f9-8297-450f-abe7-393807ba0c7e: start FollowerState
2019-10-15 17:18:32,912 [Thread-2672] INFO  impl.FollowerState (FollowerState.java:run(117)) - dbc121b5-e1e8-4c61-9d50-542b699a3d90@group-B673650064C9-FollowerState was interrupted: java.lang.InterruptedException: sleep interrupted
2019-10-15 17:18:32,912 [grpc-default-executor-1] INFO  impl.RoleInfo (RoleInfo.java:updateAndGet(143)) - dbc121b5-e1e8-4c61-9d50-542b699a3d90: start FollowerState
2019-10-15 17:18:32,912 [Thread-2671] INFO  impl.FollowerState (FollowerState.java:run(117)) - ebd8d1f9-8297-450f-abe7-393807ba0c7e@group-B673650064C9-FollowerState was interrupted: java.lang.InterruptedException: sleep interrupted
2019-10-15 17:18:32,936 [79abbc2e-0a90-4a41-a17c-6388bb873359@group-B673650064C9-LeaderElection352] INFO  impl.LeaderElection (LeaderElection.java:logAndReturn(56)) - 79abbc2e-0a90-4a41-a17c-6388bb873359@group-B673650064C9-LeaderElection352: Election REJECTED; received 2 response(s) [79abbc2e-0a90-4a41-a17c-6388bb873359<-ebd8d1f9-8297-450f-abe7-393807ba0c7e#0:FAIL-t405, 79abbc2e-0a90-4a41-a17c-6388bb873359<-dbc121b5-e1e8-4c61-9d50-542b699a3d90#0:FAIL-t405] and 0 exception(s); 79abbc2e-0a90-4a41-a17c-6388bb873359@group-B673650064C9:t405, leader=null, voted=79abbc2e-0a90-4a41-a17c-6388bb873359, raftlog=79abbc2e-0a90-4a41-a17c-6388bb873359@group-B673650064C9-SegmentedRaftLog:OPENED:c-1,f-1,i0, conf=-1: [ebd8d1f9-8297-450f-abe7-393807ba0c7e:192.168.164.239:36510, dbc121b5-e1e8-4c61-9d50-542b699a3d90:192.168.164.239:43140, 79abbc2e-0a90-4a41-a17c-6388bb873359:192.168.164.239:37857], old=null
2019-10-15 17:18:32,936 [79abbc2e-0a90-4a41-a17c-6388bb873359@group-B673650064C9-LeaderElection352] INFO  impl.RaftServerImpl (RaftServerImpl.java:setRole(184)) - 79abbc2e-0a90-4a41-a17c-6388bb873359@group-B673650064C9: changes role from CANDIDATE to FOLLOWER at term 405 for DISCOVERED_A_NEW_TERM
2019-10-15 17:18:32,936 [79abbc2e-0a90-4a41-a17c-6388bb873359@group-B673650064C9-LeaderElection352] INFO  impl.RoleInfo (RoleInfo.java:shutdownLeaderElection(134)) - 79abbc2e-0a90-4a41-a17c-6388bb873359: shutdown LeaderElection
2019-10-15 17:18:32,936 [79abbc2e-0a90-4a41-a17c-6388bb873359@group-B673650064C9-LeaderElection352] INFO  impl.RoleInfo (RoleInfo.java:updateAndGet(143)) - 79abbc2e-0a90-4a41-a17c-6388bb873359: start FollowerState
2019-10-15 17:18:33,023 [Thread-2679] INFO  impl.FollowerState (FollowerState.java:run(108)) - 79abbc2e-0a90-4a41-a17c-6388bb873359@group-B673650064C9-FollowerState: change to CANDIDATE, lastRpcTime:87ms, electionTimeout:87ms
2019-10-15 17:18:33,024 [Thread-2679] INFO  impl.RoleInfo (RoleInfo.java:shutdownFollowerState(121)) - 79abbc2e-0a90-4a41-a17c-6388bb873359: shutdown FollowerState
2019-10-15 17:18:33,024 [Thread-2679] INFO  impl.RaftServerImpl (RaftServerImpl.java:setRole(184)) - 79abbc2e-0a90-4a41-a17c-6388bb873359@group-B673650064C9: changes role from  FOLLOWER to CANDIDATE at term 405 for changeToCandidate
2019-10-15 17:18:33,024 [Thread-2679] INFO  impl.RoleInfo (RoleInfo.java:updateAndGet(143)) - 79abbc2e-0a90-4a41-a17c-6388bb873359: start LeaderElection
2019-10-15 17:18:33,052 [79abbc2e-0a90-4a41-a17c-6388bb873359@group-B673650064C9-LeaderElection353] INFO  impl.LeaderElection (LeaderElection.java:askForVotes(178)) - 79abbc2e-0a90-4a41-a17c-6388bb873359@group-B673650064C9-LeaderElection353: begin an election at term 406 for -1: [ebd8d1f9-8297-450f-abe7-393807ba0c7e:192.168.164.239:36510, dbc121b5-e1e8-4c61-9d50-542b699a3d90:192.168.164.239:43140, 79abbc2e-0a90-4a41-a17c-6388bb873359:192.168.164.239:37857], old=null
2019-10-15 17:18:33,054 [grpc-default-executor-1] INFO  impl.RaftServerImpl (RaftServerImpl.java:setRole(184)) - ebd8d1f9-8297-450f-abe7-393807ba0c7e@group-B673650064C9: changes role from  FOLLOWER to FOLLOWER at term 406 for recognizeCandidate:79abbc2e-0a90-4a41-a17c-6388bb873359
2019-10-15 17:18:33,054 [grpc-default-executor-0] INFO  impl.RaftServerImpl (RaftServerImpl.java:setRole(184)) - dbc121b5-e1e8-4c61-9d50-542b699a3d90@group-B673650064C9: changes role from  FOLLOWER to FOLLOWER at term 406 for recognizeCandidate:79abbc2e-0a90-4a41-a17c-6388bb873359
2019-10-15 17:18:33,054 [grpc-default-executor-1] INFO  impl.RoleInfo (RoleInfo.java:shutdownFollowerState(121)) - ebd8d1f9-8297-450f-abe7-393807ba0c7e: shutdown FollowerState
2019-10-15 17:18:33,055 [grpc-default-executor-0] INFO  impl.RoleInfo (RoleInfo.java:shutdownFollowerState(121)) - dbc121b5-e1e8-4c61-9d50-542b699a3d90: shutdown FollowerState
2019-10-15 17:18:33,055 [Thread-2678] INFO  impl.FollowerState (FollowerState.java:run(117)) - ebd8d1f9-8297-450f-abe7-393807ba0c7e@group-B673650064C9-FollowerState was interrupted: java.lang.InterruptedException: sleep interrupted
2019-10-15 17:18:33,055 [Thread-2677] INFO  impl.FollowerState (FollowerState.java:run(117)) - dbc121b5-e1e8-4c61-9d50-542b699a3d90@group-B673650064C9-FollowerState was interrupted: java.lang.InterruptedException: sleep interrupted
2019-10-15 17:18:33,055 [grpc-default-executor-1] INFO  impl.RoleInfo (RoleInfo.java:updateAndGet(143)) - ebd8d1f9-8297-450f-abe7-393807ba0c7e: start FollowerState
2019-10-15 17:18:33,055 [grpc-default-executor-0] INFO  impl.RoleInfo (RoleInfo.java:updateAndGet(143)) - dbc121b5-e1e8-4c61-9d50-542b699a3d90: start FollowerState
2019-10-15 17:18:33,078 [79abbc2e-0a90-4a41-a17c-6388bb873359@group-B673650064C9-LeaderElection353] INFO  impl.LeaderElection (LeaderElection.java:logAndReturn(56)) - 79abbc2e-0a90-4a41-a17c-6388bb873359@group-B673650064C9-LeaderElection353: Election REJECTED; received 2 response(s) [79abbc2e-0a90-4a41-a17c-6388bb873359<-ebd8d1f9-8297-450f-abe7-393807ba0c7e#0:FAIL-t406, 79abbc2e-0a90-4a41-a17c-6388bb873359<-dbc121b5-e1e8-4c61-9d50-542b699a3d90#0:FAIL-t406] and 0 exception(s); 79abbc2e-0a90-4a41-a17c-6388bb873359@group-B673650064C9:t406, leader=null, voted=79abbc2e-0a90-4a41-a17c-6388bb873359, raftlog=79abbc2e-0a90-4a41-a17c-6388bb873359@group-B673650064C9-SegmentedRaftLog:OPENED:c-1,f-1,i0, conf=-1: [ebd8d1f9-8297-450f-abe7-393807ba0c7e:192.168.164.239:36510, dbc121b5-e1e8-4c61-9d50-542b699a3d90:192.168.164.239:43140, 79abbc2e-0a90-4a41-a17c-6388bb873359:192.168.164.239:37857], old=null
2019-10-15 17:18:33,078 [79abbc2e-0a90-4a41-a17c-6388bb873359@group-B673650064C9-LeaderElection353] INFO  impl.RaftServerImpl (RaftServerImpl.java:setRole(184)) - 79abbc2e-0a90-4a41-a17c-6388bb873359@group-B673650064C9: changes role from CANDIDATE to FOLLOWER at term 406 for DISCOVERED_A_NEW_TERM
2019-10-15 17:18:33,079 [79abbc2e-0a90-4a41-a17c-6388bb873359@group-B673650064C9-LeaderElection353] INFO  impl.RoleInfo (RoleInfo.java:shutdownLeaderElection(134)) - 79abbc2e-0a90-4a41-a17c-6388bb873359: shutdown LeaderElection
2019-10-15 17:18:33,079 [79abbc2e-0a90-4a41-a17c-6388bb873359@group-B673650064C9-LeaderElection353] INFO  impl.RoleInfo (RoleInfo.java:updateAndGet(143)) - 79abbc2e-0a90-4a41-a17c-6388bb873359: start FollowerState
2019-10-15 17:18:33,275 [Thread-2685] INFO  impl.FollowerState (FollowerState.java:run(108)) - 79abbc2e-0a90-4a41-a17c-6388bb873359@group-B673650064C9-FollowerState: change to CANDIDATE, lastRpcTime:196ms, electionTimeout:196ms
2019-10-15 17:18:33,275 [Thread-2685] INFO  impl.RoleInfo (RoleInfo.java:shutdownFollowerState(121)) - 79abbc2e-0a90-4a41-a17c-6388bb873359: shutdown FollowerState
2019-10-15 17:18:33,275 [Thread-2685] INFO  impl.RaftServerImpl (RaftServerImpl.java:setRole(184)) - 79abbc2e-0a90-4a41-a17c-6388bb873359@group-B673650064C9: changes role from  FOLLOWER to CANDIDATE at term 406 for changeToCandidate
2019-10-15 17:18:33,276 [Thread-2685] INFO  impl.RoleInfo (RoleInfo.java:updateAndGet(143)) - 79abbc2e-0a90-4a41-a17c-6388bb873359: start LeaderElection
2019-10-15 17:18:33,328 [79abbc2e-0a90-4a41-a17c-6388bb873359@group-B673650064C9-LeaderElection354] INFO  impl.LeaderElection (LeaderElection.java:askForVotes(178)) - 79abbc2e-0a90-4a41-a17c-6388bb873359@group-B673650064C9-LeaderElection354: begin an election at term 407 for -1: [ebd8d1f9-8297-450f-abe7-393807ba0c7e:192.168.164.239:36510, dbc121b5-e1e8-4c61-9d50-542b699a3d90:192.168.164.239:43140, 79abbc2e-0a90-4a41-a17c-6388bb873359:192.168.164.239:37857], old=null
2019-10-15 17:18:33,330 [grpc-default-executor-0] INFO  impl.RaftServerImpl (RaftServerImpl.java:setRole(184)) - ebd8d1f9-8297-450f-abe7-393807ba0c7e@group-B673650064C9: changes role from  FOLLOWER to FOLLOWER at term 407 for recognizeCandidate:79abbc2e-0a90-4a41-a17c-6388bb873359
2019-10-15 17:18:33,330 [grpc-default-executor-0] INFO  impl.RoleInfo (RoleInfo.java:shutdownFollowerState(121)) - ebd8d1f9-8297-450f-abe7-393807ba0c7e: shutdown FollowerState
2019-10-15 17:18:33,331 [grpc-default-executor-1] INFO  impl.RaftServerImpl (RaftServerImpl.java:setRole(184)) - dbc121b5-e1e8-4c61-9d50-542b699a3d90@group-B673650064C9: changes role from  FOLLOWER to FOLLOWER at term 407 for recognizeCandidate:79abbc2e-0a90-4a41-a17c-6388bb873359
2019-10-15 17:18:33,331 [grpc-default-executor-1] INFO  impl.RoleInfo (RoleInfo.java:shutdownFollowerState(121)) - dbc121b5-e1e8-4c61-9d50-542b699a3d90: shutdown FollowerState
2019-10-15 17:18:33,331 [Thread-2683] INFO  impl.FollowerState (FollowerState.java:run(117)) - ebd8d1f9-8297-450f-abe7-393807ba0c7e@group-B673650064C9-FollowerState was interrupted: java.lang.InterruptedException: sleep interrupted
2019-10-15 17:18:33,331 [grpc-default-executor-0] INFO  impl.RoleInfo (RoleInfo.java:updateAndGet(143)) - ebd8d1f9-8297-450f-abe7-393807ba0c7e: start FollowerState
2019-10-15 17:18:33,331 [Thread-2684] INFO  impl.FollowerState (FollowerState.java:run(117)) - dbc121b5-e1e8-4c61-9d50-542b699a3d90@group-B673650064C9-FollowerState was interrupted: java.lang.InterruptedException: sleep interrupted
2019-10-15 17:18:33,331 [grpc-default-executor-1] INFO  impl.RoleInfo (RoleInfo.java:updateAndGet(143)) - dbc121b5-e1e8-4c61-9d50-542b699a3d90: start FollowerState
2019-10-15 17:18:33,354 [79abbc2e-0a90-4a41-a17c-6388bb873359@group-B673650064C9-LeaderElection354] INFO  impl.LeaderElection (LeaderElection.java:logAndReturn(56)) - 79abbc2e-0a90-4a41-a17c-6388bb873359@group-B673650064C9-LeaderElection354: Election REJECTED; received 2 response(s) [79abbc2e-0a90-4a41-a17c-6388bb873359<-ebd8d1f9-8297-450f-abe7-393807ba0c7e#0:FAIL-t407, 79abbc2e-0a90-4a41-a17c-6388bb873359<-dbc121b5-e1e8-4c61-9d50-542b699a3d90#0:FAIL-t407] and 0 exception(s); 79abbc2e-0a90-4a41-a17c-6388bb873359@group-B673650064C9:t407, leader=null, voted=79abbc2e-0a90-4a41-a17c-6388bb873359, raftlog=79abbc2e-0a90-4a41-a17c-6388bb873359@group-B673650064C9-SegmentedRaftLog:OPENED:c-1,f-1,i0, conf=-1: [ebd8d1f9-8297-450f-abe7-393807ba0c7e:192.168.164.239:36510, dbc121b5-e1e8-4c61-9d50-542b699a3d90:192.168.164.239:43140, 79abbc2e-0a90-4a41-a17c-6388bb873359:192.168.164.239:37857], old=null
2019-10-15 17:18:33,354 [79abbc2e-0a90-4a41-a17c-6388bb873359@group-B673650064C9-LeaderElection354] INFO  impl.RaftServerImpl (RaftServerImpl.java:setRole(184)) - 79abbc2e-0a90-4a41-a17c-6388bb873359@group-B673650064C9: changes role from CANDIDATE to FOLLOWER at term 407 for DISCOVERED_A_NEW_TERM
2019-10-15 17:18:33,354 [79abbc2e-0a90-4a41-a17c-6388bb873359@group-B673650064C9-LeaderElection354] INFO  impl.RoleInfo (RoleInfo.java:shutdownLeaderElection(134)) - 79abbc2e-0a90-4a41-a17c-6388bb873359: shutdown LeaderElection
2019-10-15 17:18:33,354 [79abbc2e-0a90-4a41-a17c-6388bb873359@group-B673650064C9-LeaderElection354] INFO  impl.RoleInfo (RoleInfo.java:updateAndGet(143)) - 79abbc2e-0a90-4a41-a17c-6388bb873359: start FollowerState
2019-10-15 17:18:33,477 [Thread-2693] INFO  impl.FollowerState (FollowerState.java:run(108)) - 79abbc2e-0a90-4a41-a17c-6388bb873359@group-B673650064C9-FollowerState: change to CANDIDATE, lastRpcTime:122ms, electionTimeout:122ms
2019-10-15 17:18:33,477 [Thread-2693] INFO  impl.RoleInfo (RoleInfo.java:shutdownFollowerState(121)) - 79abbc2e-0a90-4a41-a17c-6388bb873359: shutdown FollowerState
2019-10-15 17:18:33,477 [Thread-2693] INFO  impl.RaftServerImpl (RaftServerImpl.java:setRole(184)) - 79abbc2e-0a90-4a41-a17c-6388bb873359@group-B673650064C9: changes role from  FOLLOWER to CANDIDATE at term 407 for changeToCandidate
2019-10-15 17:18:33,477 [Thread-2693] INFO  impl.RoleInfo (RoleInfo.java:updateAndGet(143)) - 79abbc2e-0a90-4a41-a17c-6388bb873359: start LeaderElection
2019-10-15 17:18:33,504 [79abbc2e-0a90-4a41-a17c-6388bb873359@group-B673650064C9-LeaderElection355] INFO  impl.LeaderElection (LeaderElection.java:askForVotes(178)) - 79abbc2e-0a90-4a41-a17c-6388bb873359@group-B673650064C9-LeaderElection355: begin an election at term 408 for -1: [ebd8d1f9-8297-450f-abe7-393807ba0c7e:192.168.164.239:36510, dbc121b5-e1e8-4c61-9d50-542b699a3d90:192.168.164.239:43140, 79abbc2e-0a90-4a41-a17c-6388bb873359:192.168.164.239:37857], old=null
2019-10-15 17:18:33,506 [grpc-default-executor-0] INFO  impl.RaftServerImpl (RaftServerImpl.java:setRole(184)) - ebd8d1f9-8297-450f-abe7-393807ba0c7e@group-B673650064C9: changes role from  FOLLOWER to FOLLOWER at term 408 for recognizeCandidate:79abbc2e-0a90-4a41-a17c-6388bb873359
2019-10-15 17:18:33,506 [grpc-default-executor-1] INFO  impl.RaftServerImpl (RaftServerImpl.java:setRole(184)) - dbc121b5-e1e8-4c61-9d50-542b699a3d90@group-B673650064C9: changes role from  FOLLOWER to FOLLOWER at term 408 for recognizeCandidate:79abbc2e-0a90-4a41-a17c-6388bb873359
2019-10-15 17:18:33,506 [grpc-default-executor-0] INFO  impl.RoleInfo (RoleInfo.java:shutdownFollowerState(121)) - ebd8d1f9-8297-450f-abe7-393807ba0c7e: shutdown FollowerState
2019-10-15 17:18:33,506 [grpc-default-executor-1] INFO  impl.RoleInfo (RoleInfo.java:shutdownFollowerState(121)) - dbc121b5-e1e8-4c61-9d50-542b699a3d90: shutdown FollowerState
2019-10-15 17:18:33,506 [Thread-2691] INFO  impl.FollowerState (FollowerState.java:run(117)) - ebd8d1f9-8297-450f-abe7-393807ba0c7e@group-B673650064C9-FollowerState was interrupted: java.lang.InterruptedException: sleep interrupted
2019-10-15 17:18:33,506 [grpc-default-executor-0] INFO  impl.RoleInfo (RoleInfo.java:updateAndGet(143)) - ebd8d1f9-8297-450f-abe7-393807ba0c7e: start FollowerState
2019-10-15 17:18:33,506 [Thread-2692] INFO  impl.FollowerState (FollowerState.java:run(117)) - dbc121b5-e1e8-4c61-9d50-542b699a3d90@group-B673650064C9-FollowerState was interrupted: java.lang.InterruptedException: sleep interrupted
2019-10-15 17:18:33,506 [grpc-default-executor-1] INFO  impl.RoleInfo (RoleInfo.java:updateAndGet(143)) - dbc121b5-e1e8-4c61-9d50-542b699a3d90: start FollowerState
2019-10-15 17:18:33,522 [79abbc2e-0a90-4a41-a17c-6388bb873359@group-B673650064C9-LeaderElection355] INFO  impl.LeaderElection (LeaderElection.java:logAndReturn(56)) - 79abbc2e-0a90-4a41-a17c-6388bb873359@group-B673650064C9-LeaderElection355: Election TIMEOUT; received 0 response(s) [] and 0 exception(s); 79abbc2e-0a90-4a41-a17c-6388bb873359@group-B673650064C9:t408, leader=null, voted=79abbc2e-0a90-4a41-a17c-6388bb873359, raftlog=79abbc2e-0a90-4a41-a17c-6388bb873359@group-B673650064C9-SegmentedRaftLog:OPENED:c-1,f-1,i0, conf=-1: [ebd8d1f9-8297-450f-abe7-393807ba0c7e:192.168.164.239:36510, dbc121b5-e1e8-4c61-9d50-542b699a3d90:192.168.164.239:43140, 79abbc2e-0a90-4a41-a17c-6388bb873359:192.168.164.239:37857], old=null
2019-10-15 17:18:33,546 [79abbc2e-0a90-4a41-a17c-6388bb873359@group-B673650064C9-LeaderElection355] INFO  impl.LeaderElection (LeaderElection.java:askForVotes(178)) - 79abbc2e-0a90-4a41-a17c-6388bb873359@group-B673650064C9-LeaderElection355: begin an election at term 409 for -1: [ebd8d1f9-8297-450f-abe7-393807ba0c7e:192.168.164.239:36510, dbc121b5-e1e8-4c61-9d50-542b699a3d90:192.168.164.239:43140, 79abbc2e-0a90-4a41-a17c-6388bb873359:192.168.164.239:37857], old=null
2019-10-15 17:18:33,547 [grpc-default-executor-0] INFO  impl.RaftServerImpl (RaftServerImpl.java:setRole(184)) - ebd8d1f9-8297-450f-abe7-393807ba0c7e@group-B673650064C9: changes role from  FOLLOWER to FOLLOWER at term 409 for recognizeCandidate:79abbc2e-0a90-4a41-a17c-6388bb873359
2019-10-15 17:18:33,548 [grpc-default-executor-0] INFO  impl.RoleInfo (RoleInfo.java:shutdownFollowerState(121)) - ebd8d1f9-8297-450f-abe7-393807ba0c7e: shutdown FollowerState
2019-10-15 17:18:33,548 [grpc-default-executor-0] INFO  impl.RoleInfo (RoleInfo.java:updateAndGet(143)) - ebd8d1f9-8297-450f-abe7-393807ba0c7e: start FollowerState
2019-10-15 17:18:33,548 [Thread-2697] INFO  impl.FollowerState (FollowerState.java:run(117)) - ebd8d1f9-8297-450f-abe7-393807ba0c7e@group-B673650064C9-FollowerState was interrupted: java.lang.InterruptedException: sleep interrupted
2019-10-15 17:18:33,548 [grpc-default-executor-1] INFO  impl.RaftServerImpl (RaftServerImpl.java:setRole(184)) - dbc121b5-e1e8-4c61-9d50-542b699a3d90@group-B673650064C9: changes role from  FOLLOWER to FOLLOWER at term 409 for recognizeCandidate:79abbc2e-0a90-4a41-a17c-6388bb873359
2019-10-15 17:18:33,548 [grpc-default-executor-1] INFO  impl.RoleInfo (RoleInfo.java:shutdownFollowerState(121)) - dbc121b5-e1e8-4c61-9d50-542b699a3d90: shutdown FollowerState
2019-10-15 17:18:33,548 [grpc-default-executor-1] INFO  impl.RoleInfo (RoleInfo.java:updateAndGet(143)) - dbc121b5-e1e8-4c61-9d50-542b699a3d90: start FollowerState
2019-10-15 17:18:33,548 [Thread-2698] INFO  impl.FollowerState (FollowerState.java:run(117)) - dbc121b5-e1e8-4c61-9d50-542b699a3d90@group-B673650064C9-FollowerState was interrupted: java.lang.InterruptedException: sleep interrupted
2019-10-15 17:18:33,564 [79abbc2e-0a90-4a41-a17c-6388bb873359@group-B673650064C9-LeaderElection355] INFO  impl.LeaderElection (LeaderElection.java:logAndReturn(56)) - 79abbc2e-0a90-4a41-a17c-6388bb873359@group-B673650064C9-LeaderElection355: Election REJECTED; received 2 response(s) [79abbc2e-0a90-4a41-a17c-6388bb873359<-ebd8d1f9-8297-450f-abe7-393807ba0c7e#0:FAIL-t409, 79abbc2e-0a90-4a41-a17c-6388bb873359<-dbc121b5-e1e8-4c61-9d50-542b699a3d90#0:FAIL-t409] and 0 exception(s); 79abbc2e-0a90-4a41-a17c-6388bb873359@group-B673650064C9:t409, leader=null, voted=79abbc2e-0a90-4a41-a17c-6388bb873359, raftlog=79abbc2e-0a90-4a41-a17c-6388bb873359@group-B673650064C9-SegmentedRaftLog:OPENED:c-1,f-1,i0, conf=-1: [ebd8d1f9-8297-450f-abe7-393807ba0c7e:192.168.164.239:36510, dbc121b5-e1e8-4c61-9d50-542b699a3d90:192.168.164.239:43140, 79abbc2e-0a90-4a41-a17c-6388bb873359:192.168.164.239:37857], old=null
2019-10-15 17:18:33,564 [79abbc2e-0a90-4a41-a17c-6388bb873359@group-B673650064C9-LeaderElection355] INFO  impl.RaftServerImpl (RaftServerImpl.java:setRole(184)) - 79abbc2e-0a90-4a41-a17c-6388bb873359@group-B673650064C9: changes role from CANDIDATE to FOLLOWER at term 409 for DISCOVERED_A_NEW_TERM
2019-10-15 17:18:33,564 [79abbc2e-0a90-4a41-a17c-6388bb873359@group-B673650064C9-LeaderElection355] INFO  impl.RoleInfo (RoleInfo.java:shutdownLeaderElection(134)) - 79abbc2e-0a90-4a41-a17c-6388bb873359: shutdown LeaderElection
2019-10-15 17:18:33,564 [79abbc2e-0a90-4a41-a17c-6388bb873359@group-B673650064C9-LeaderElection355] INFO  impl.RoleInfo (RoleInfo.java:updateAndGet(143)) - 79abbc2e-0a90-4a41-a17c-6388bb873359: start FollowerState
2019-10-15 17:18:33,612 [Thread-2703] INFO  impl.FollowerState (FollowerState.java:run(108)) - 79abbc2e-0a90-4a41-a17c-6388bb873359@group-B673650064C9-FollowerState: change to CANDIDATE, lastRpcTime:47ms, electionTimeout:47ms
2019-10-15 17:18:33,612 [Thread-2703] INFO  impl.RoleInfo (RoleInfo.java:shutdownFollowerState(121)) - 79abbc2e-0a90-4a41-a17c-6388bb873359: shutdown FollowerState
2019-10-15 17:18:33,612 [Thread-2703] INFO  impl.RaftServerImpl (RaftServerImpl.java:setRole(184)) - 79abbc2e-0a90-4a41-a17c-6388bb873359@group-B673650064C9: changes role from  FOLLOWER to CANDIDATE at term 409 for changeToCandidate
2019-10-15 17:18:33,612 [Thread-2703] INFO  impl.RoleInfo (RoleInfo.java:updateAndGet(143)) - 79abbc2e-0a90-4a41-a17c-6388bb873359: start LeaderElection
2019-10-15 17:18:33,639 [79abbc2e-0a90-4a41-a17c-6388bb873359@group-B673650064C9-LeaderElection356] INFO  impl.LeaderElection (LeaderElection.java:askForVotes(178)) - 79abbc2e-0a90-4a41-a17c-6388bb873359@group-B673650064C9-LeaderElection356: begin an election at term 410 for -1: [ebd8d1f9-8297-450f-abe7-393807ba0c7e:192.168.164.239:36510, dbc121b5-e1e8-4c61-9d50-542b699a3d90:192.168.164.239:43140, 79abbc2e-0a90-4a41-a17c-6388bb873359:192.168.164.239:37857], old=null
2019-10-15 17:18:33,640 [grpc-default-executor-1] INFO  impl.RaftServerImpl (RaftServerImpl.java:setRole(184)) - ebd8d1f9-8297-450f-abe7-393807ba0c7e@group-B673650064C9: changes role from  FOLLOWER to FOLLOWER at term 410 for recognizeCandidate:79abbc2e-0a90-4a41-a17c-6388bb873359
2019-10-15 17:18:33,640 [grpc-default-executor-0] INFO  impl.RaftServerImpl (RaftServerImpl.java:setRole(184)) - dbc121b5-e1e8-4c61-9d50-542b699a3d90@group-B673650064C9: changes role from  FOLLOWER to FOLLOWER at term 410 for recognizeCandidate:79abbc2e-0a90-4a41-a17c-6388bb873359
2019-10-15 17:18:33,640 [grpc-default-executor-1] INFO  impl.RoleInfo (RoleInfo.java:shutdownFollowerState(121)) - ebd8d1f9-8297-450f-abe7-393807ba0c7e: shutdown FollowerState
2019-10-15 17:18:33,641 [grpc-default-executor-0] INFO  impl.RoleInfo (RoleInfo.java:shutdownFollowerState(121)) - dbc121b5-e1e8-4c61-9d50-542b699a3d90: shutdown FollowerState
2019-10-15 17:18:33,641 [Thread-2701] INFO  impl.FollowerState (FollowerState.java:run(117)) - ebd8d1f9-8297-450f-abe7-393807ba0c7e@group-B673650064C9-FollowerState was interrupted: java.lang.InterruptedException: sleep interrupted
2019-10-15 17:18:33,641 [Thread-2702] INFO  impl.FollowerState (FollowerState.java:run(117)) - dbc121b5-e1e8-4c61-9d50-542b699a3d90@group-B673650064C9-FollowerState was interrupted: java.lang.InterruptedException: sleep interrupted
2019-10-15 17:18:33,641 [grpc-default-executor-1] INFO  impl.RoleInfo (RoleInfo.java:updateAndGet(143)) - ebd8d1f9-8297-450f-abe7-393807ba0c7e: start FollowerState
2019-10-15 17:18:33,641 [grpc-default-executor-0] INFO  impl.RoleInfo (RoleInfo.java:updateAndGet(143)) - dbc121b5-e1e8-4c61-9d50-542b699a3d90: start FollowerState
2019-10-15 17:18:33,665 [79abbc2e-0a90-4a41-a17c-6388bb873359@group-B673650064C9-LeaderElection356] INFO  impl.LeaderElection (LeaderElection.java:logAndReturn(56)) - 79abbc2e-0a90-4a41-a17c-6388bb873359@group-B673650064C9-LeaderElection356: Election REJECTED; received 2 response(s) [79abbc2e-0a90-4a41-a17c-6388bb873359<-ebd8d1f9-8297-450f-abe7-393807ba0c7e#0:FAIL-t410, 79abbc2e-0a90-4a41-a17c-6388bb873359<-dbc121b5-e1e8-4c61-9d50-542b699a3d90#0:FAIL-t410] and 0 exception(s); 79abbc2e-0a90-4a41-a17c-6388bb873359@group-B673650064C9:t410, leader=null, voted=79abbc2e-0a90-4a41-a17c-6388bb873359, raftlog=79abbc2e-0a90-4a41-a17c-6388bb873359@group-B673650064C9-SegmentedRaftLog:OPENED:c-1,f-1,i0, conf=-1: [ebd8d1f9-8297-450f-abe7-393807ba0c7e:192.168.164.239:36510, dbc121b5-e1e8-4c61-9d50-542b699a3d90:192.168.164.239:43140, 79abbc2e-0a90-4a41-a17c-6388bb873359:192.168.164.239:37857], old=null
2019-10-15 17:18:33,665 [79abbc2e-0a90-4a41-a17c-6388bb873359@group-B673650064C9-LeaderElection356] INFO  impl.RaftServerImpl (RaftServerImpl.java:setRole(184)) - 79abbc2e-0a90-4a41-a17c-6388bb873359@group-B673650064C9: changes role from CANDIDATE to FOLLOWER at term 410 for DISCOVERED_A_NEW_TERM
2019-10-15 17:18:33,665 [79abbc2e-0a90-4a41-a17c-6388bb873359@group-B673650064C9-LeaderElection356] INFO  impl.RoleInfo (RoleInfo.java:shutdownLeaderElection(134)) - 79abbc2e-0a90-4a41-a17c-6388bb873359: shutdown LeaderElection
2019-10-15 17:18:33,665 [79abbc2e-0a90-4a41-a17c-6388bb873359@group-B673650064C9-LeaderElection356] INFO  impl.RoleInfo (RoleInfo.java:updateAndGet(143)) - 79abbc2e-0a90-4a41-a17c-6388bb873359: start FollowerState
2019-10-15 17:18:33,722 [Thread-2709] INFO  impl.FollowerState (FollowerState.java:run(108)) - 79abbc2e-0a90-4a41-a17c-6388bb873359@group-B673650064C9-FollowerState: change to CANDIDATE, lastRpcTime:57ms, electionTimeout:57ms
2019-10-15 17:18:33,722 [Thread-2709] INFO  impl.RoleInfo (RoleInfo.java:shutdownFollowerState(121)) - 79abbc2e-0a90-4a41-a17c-6388bb873359: shutdown FollowerState
2019-10-15 17:18:33,723 [Thread-2709] INFO  impl.RaftServerImpl (RaftServerImpl.java:setRole(184)) - 79abbc2e-0a90-4a41-a17c-6388bb873359@group-B673650064C9: changes role from  FOLLOWER to CANDIDATE at term 410 for changeToCandidate
2019-10-15 17:18:33,723 [Thread-2709] INFO  impl.RoleInfo (RoleInfo.java:updateAndGet(143)) - 79abbc2e-0a90-4a41-a17c-6388bb873359: start LeaderElection
2019-10-15 17:18:33,756 [79abbc2e-0a90-4a41-a17c-6388bb873359@group-B673650064C9-LeaderElection357] INFO  impl.LeaderElection (LeaderElection.java:askForVotes(178)) - 79abbc2e-0a90-4a41-a17c-6388bb873359@group-B673650064C9-LeaderElection357: begin an election at term 411 for -1: [ebd8d1f9-8297-450f-abe7-393807ba0c7e:192.168.164.239:36510, dbc121b5-e1e8-4c61-9d50-542b699a3d90:192.168.164.239:43140, 79abbc2e-0a90-4a41-a17c-6388bb873359:192.168.164.239:37857], old=null
2019-10-15 17:18:33,758 [grpc-default-executor-0] INFO  impl.RaftServerImpl (RaftServerImpl.java:setRole(184)) - ebd8d1f9-8297-450f-abe7-393807ba0c7e@group-B673650064C9: changes role from  FOLLOWER to FOLLOWER at term 411 for recognizeCandidate:79abbc2e-0a90-4a41-a17c-6388bb873359
2019-10-15 17:18:33,758 [grpc-default-executor-0] INFO  impl.RoleInfo (RoleInfo.java:shutdownFollowerState(121)) - ebd8d1f9-8297-450f-abe7-393807ba0c7e: shutdown FollowerState
2019-10-15 17:18:33,758 [grpc-default-executor-1] INFO  impl.RaftServerImpl (RaftServerImpl.java:setRole(184)) - dbc121b5-e1e8-4c61-9d50-542b699a3d90@group-B673650064C9: changes role from  FOLLOWER to FOLLOWER at term 411 for recognizeCandidate:79abbc2e-0a90-4a41-a17c-6388bb873359
2019-10-15 17:18:33,758 [grpc-default-executor-1] INFO  impl.RoleInfo (RoleInfo.java:shutdownFollowerState(121)) - dbc121b5-e1e8-4c61-9d50-542b699a3d90: shutdown FollowerState
2019-10-15 17:18:33,758 [Thread-2707] INFO  impl.FollowerState (FollowerState.java:run(117)) - ebd8d1f9-8297-450f-abe7-393807ba0c7e@group-B673650064C9-FollowerState was interrupted: java.lang.InterruptedException: sleep interrupted
2019-10-15 17:18:33,758 [grpc-default-executor-0] INFO  impl.RoleInfo (RoleInfo.java:updateAndGet(143)) - ebd8d1f9-8297-450f-abe7-393807ba0c7e: start FollowerState
2019-10-15 17:18:33,759 [Thread-2708] INFO  impl.FollowerState (FollowerState.java:run(117)) - dbc121b5-e1e8-4c61-9d50-542b699a3d90@group-B673650064C9-FollowerState was interrupted: java.lang.InterruptedException: sleep interrupted
2019-10-15 17:18:33,758 [grpc-default-executor-1] INFO  impl.RoleInfo (RoleInfo.java:updateAndGet(143)) - dbc121b5-e1e8-4c61-9d50-542b699a3d90: start FollowerState
2019-10-15 17:18:33,760 [79abbc2e-0a90-4a41-a17c-6388bb873359@group-B673650064C9-LeaderElection357] INFO  impl.LeaderElection (LeaderElection.java:logAndReturn(56)) - 79abbc2e-0a90-4a41-a17c-6388bb873359@group-B673650064C9-LeaderElection357: Election TIMEOUT; received 0 response(s) [] and 0 exception(s); 79abbc2e-0a90-4a41-a17c-6388bb873359@group-B673650064C9:t411, leader=null, voted=79abbc2e-0a90-4a41-a17c-6388bb873359, raftlog=79abbc2e-0a90-4a41-a17c-6388bb873359@group-B673650064C9-SegmentedRaftLog:OPENED:c-1,f-1,i0, conf=-1: [ebd8d1f9-8297-450f-abe7-393807ba0c7e:192.168.164.239:36510, dbc121b5-e1e8-4c61-9d50-542b699a3d90:192.168.164.239:43140, 79abbc2e-0a90-4a41-a17c-6388bb873359:192.168.164.239:37857], old=null
2019-10-15 17:18:33,773 [79abbc2e-0a90-4a41-a17c-6388bb873359@group-B673650064C9-LeaderElection357] INFO  impl.LeaderElection (LeaderElection.java:askForVotes(178)) - 79abbc2e-0a90-4a41-a17c-6388bb873359@group-B673650064C9-LeaderElection357: begin an election at term 412 for -1: [ebd8d1f9-8297-450f-abe7-393807ba0c7e:192.168.164.239:36510, dbc121b5-e1e8-4c61-9d50-542b699a3d90:192.168.164.239:43140, 79abbc2e-0a90-4a41-a17c-6388bb873359:192.168.164.239:37857], old=null
2019-10-15 17:18:33,775 [grpc-default-executor-0] INFO  impl.RaftServerImpl (RaftServerImpl.java:setRole(184)) - ebd8d1f9-8297-450f-abe7-393807ba0c7e@group-B673650064C9: changes role from  FOLLOWER to FOLLOWER at term 412 for recognizeCandidate:79abbc2e-0a90-4a41-a17c-6388bb873359
2019-10-15 17:18:33,775 [grpc-default-executor-0] INFO  impl.RoleInfo (RoleInfo.java:shutdownFollowerState(121)) - ebd8d1f9-8297-450f-abe7-393807ba0c7e: shutdown FollowerState
2019-10-15 17:18:33,775 [grpc-default-executor-1] INFO  impl.RaftServerImpl (RaftServerImpl.java:setRole(184)) - dbc121b5-e1e8-4c61-9d50-542b699a3d90@group-B673650064C9: changes role from  FOLLOWER to FOLLOWER at term 412 for recognizeCandidate:79abbc2e-0a90-4a41-a17c-6388bb873359
2019-10-15 17:18:33,775 [grpc-default-executor-0] INFO  impl.RoleInfo (RoleInfo.java:updateAndGet(143)) - ebd8d1f9-8297-450f-abe7-393807ba0c7e: start FollowerState
2019-10-15 17:18:33,775 [Thread-2713] INFO  impl.FollowerState (FollowerState.java:run(117)) - ebd8d1f9-8297-450f-abe7-393807ba0c7e@group-B673650064C9-FollowerState was interrupted: java.lang.InterruptedException: sleep interrupted
2019-10-15 17:18:33,775 [grpc-default-executor-1] INFO  impl.RoleInfo (RoleInfo.java:shutdownFollowerState(121)) - dbc121b5-e1e8-4c61-9d50-542b699a3d90: shutdown FollowerState
2019-10-15 17:18:33,776 [grpc-default-executor-1] INFO  impl.RoleInfo (RoleInfo.java:updateAndGet(143)) - dbc121b5-e1e8-4c61-9d50-542b699a3d90: start FollowerState
2019-10-15 17:18:33,776 [Thread-2714] INFO  impl.FollowerState (FollowerState.java:run(117)) - dbc121b5-e1e8-4c61-9d50-542b699a3d90@group-B673650064C9-FollowerState was interrupted: java.lang.InterruptedException: sleep interrupted
2019-10-15 17:18:33,791 [79abbc2e-0a90-4a41-a17c-6388bb873359@group-B673650064C9-LeaderElection357] INFO  impl.LeaderElection (LeaderElection.java:logAndReturn(56)) - 79abbc2e-0a90-4a41-a17c-6388bb873359@group-B673650064C9-LeaderElection357: Election REJECTED; received 2 response(s) [79abbc2e-0a90-4a41-a17c-6388bb873359<-ebd8d1f9-8297-450f-abe7-393807ba0c7e#0:FAIL-t412, 79abbc2e-0a90-4a41-a17c-6388bb873359<-dbc121b5-e1e8-4c61-9d50-542b699a3d90#0:FAIL-t412] and 0 exception(s); 79abbc2e-0a90-4a41-a17c-6388bb873359@group-B673650064C9:t412, leader=null, voted=79abbc2e-0a90-4a41-a17c-6388bb873359, raftlog=79abbc2e-0a90-4a41-a17c-6388bb873359@group-B673650064C9-SegmentedRaftLog:OPENED:c-1,f-1,i0, conf=-1: [ebd8d1f9-8297-450f-abe7-393807ba0c7e:192.168.164.239:36510, dbc121b5-e1e8-4c61-9d50-542b699a3d90:192.168.164.239:43140, 79abbc2e-0a90-4a41-a17c-6388bb873359:192.168.164.239:37857], old=null
2019-10-15 17:18:33,791 [79abbc2e-0a90-4a41-a17c-6388bb873359@group-B673650064C9-LeaderElection357] INFO  impl.RaftServerImpl (RaftServerImpl.java:setRole(184)) - 79abbc2e-0a90-4a41-a17c-6388bb873359@group-B673650064C9: changes role from CANDIDATE to FOLLOWER at term 412 for DISCOVERED_A_NEW_TERM
2019-10-15 17:18:33,791 [79abbc2e-0a90-4a41-a17c-6388bb873359@group-B673650064C9-LeaderElection357] INFO  impl.RoleInfo (RoleInfo.java:shutdownLeaderElection(134)) - 79abbc2e-0a90-4a41-a17c-6388bb873359: shutdown LeaderElection
2019-10-15 17:18:33,791 [79abbc2e-0a90-4a41-a17c-6388bb873359@group-B673650064C9-LeaderElection357] INFO  impl.RoleInfo (RoleInfo.java:updateAndGet(143)) - 79abbc2e-0a90-4a41-a17c-6388bb873359: start FollowerState
2019-10-15 17:18:33,826 [Thread-2719] INFO  impl.FollowerState (FollowerState.java:run(108)) - 79abbc2e-0a90-4a41-a17c-6388bb873359@group-B673650064C9-FollowerState: change to CANDIDATE, lastRpcTime:34ms, electionTimeout:34ms
2019-10-15 17:18:33,826 [Thread-2719] INFO  impl.RoleInfo (RoleInfo.java:shutdownFollowerState(121)) - 79abbc2e-0a90-4a41-a17c-6388bb873359: shutdown FollowerState
2019-10-15 17:18:33,826 [Thread-2719] INFO  impl.RaftServerImpl (RaftServerImpl.java:setRole(184)) - 79abbc2e-0a90-4a41-a17c-6388bb873359@group-B673650064C9: changes role from  FOLLOWER to CANDIDATE at term 412 for changeToCandidate
2019-10-15 17:18:33,826 [Thread-2719] INFO  impl.RoleInfo (RoleInfo.java:updateAndGet(143)) - 79abbc2e-0a90-4a41-a17c-6388bb873359: start LeaderElection
2019-10-15 17:18:33,865 [79abbc2e-0a90-4a41-a17c-6388bb873359@group-B673650064C9-LeaderElection358] INFO  impl.LeaderElection (LeaderElection.java:askForVotes(178)) - 79abbc2e-0a90-4a41-a17c-6388bb873359@group-B673650064C9-LeaderElection358: begin an election at term 413 for -1: [ebd8d1f9-8297-450f-abe7-393807ba0c7e:192.168.164.239:36510, dbc121b5-e1e8-4c61-9d50-542b699a3d90:192.168.164.239:43140, 79abbc2e-0a90-4a41-a17c-6388bb873359:192.168.164.239:37857], old=null
2019-10-15 17:18:33,867 [grpc-default-executor-0] INFO  impl.RaftServerImpl (RaftServerImpl.java:setRole(184)) - ebd8d1f9-8297-450f-abe7-393807ba0c7e@group-B673650064C9: changes role from  FOLLOWER to FOLLOWER at term 413 for recognizeCandidate:79abbc2e-0a90-4a41-a17c-6388bb873359
2019-10-15 17:18:33,867 [grpc-default-executor-1] INFO  impl.RaftServerImpl (RaftServerImpl.java:setRole(184)) - dbc121b5-e1e8-4c61-9d50-542b699a3d90@group-B673650064C9: changes role from  FOLLOWER to FOLLOWER at term 413 for recognizeCandidate:79abbc2e-0a90-4a41-a17c-6388bb873359
2019-10-15 17:18:33,868 [grpc-default-executor-0] INFO  impl.RoleInfo (RoleInfo.java:shutdownFollowerState(121)) - ebd8d1f9-8297-450f-abe7-393807ba0c7e: shutdown FollowerState
2019-10-15 17:18:33,868 [grpc-default-executor-1] INFO  impl.RoleInfo (RoleInfo.java:shutdownFollowerState(121)) - dbc121b5-e1e8-4c61-9d50-542b699a3d90: shutdown FollowerState
2019-10-15 17:18:33,868 [Thread-2717] INFO  impl.FollowerState (FollowerState.java:run(117)) - ebd8d1f9-8297-450f-abe7-393807ba0c7e@group-B673650064C9-FollowerState was interrupted: java.lang.InterruptedException: sleep interrupted
2019-10-15 17:18:33,868 [grpc-default-executor-0] INFO  impl.RoleInfo (RoleInfo.java:updateAndGet(143)) - ebd8d1f9-8297-450f-abe7-393807ba0c7e: start FollowerState
2019-10-15 17:18:33,868 [Thread-2718] INFO  impl.FollowerState (FollowerState.java:run(117)) - dbc121b5-e1e8-4c61-9d50-542b699a3d90@group-B673650064C9-FollowerState was interrupted: java.lang.InterruptedException: sleep interrupted
2019-10-15 17:18:33,868 [grpc-default-executor-1] INFO  impl.RoleInfo (RoleInfo.java:updateAndGet(143)) - dbc121b5-e1e8-4c61-9d50-542b699a3d90: start FollowerState
2019-10-15 17:18:33,892 [79abbc2e-0a90-4a41-a17c-6388bb873359@group-B673650064C9-LeaderElection358] INFO  impl.LeaderElection (LeaderElection.java:logAndReturn(56)) - 79abbc2e-0a90-4a41-a17c-6388bb873359@group-B673650064C9-LeaderElection358: Election REJECTED; received 2 response(s) [79abbc2e-0a90-4a41-a17c-6388bb873359<-ebd8d1f9-8297-450f-abe7-393807ba0c7e#0:FAIL-t413, 79abbc2e-0a90-4a41-a17c-6388bb873359<-dbc121b5-e1e8-4c61-9d50-542b699a3d90#0:FAIL-t413] and 0 exception(s); 79abbc2e-0a90-4a41-a17c-6388bb873359@group-B673650064C9:t413, leader=null, voted=79abbc2e-0a90-4a41-a17c-6388bb873359, raftlog=79abbc2e-0a90-4a41-a17c-6388bb873359@group-B673650064C9-SegmentedRaftLog:OPENED:c-1,f-1,i0, conf=-1: [ebd8d1f9-8297-450f-abe7-393807ba0c7e:192.168.164.239:36510, dbc121b5-e1e8-4c61-9d50-542b699a3d90:192.168.164.239:43140, 79abbc2e-0a90-4a41-a17c-6388bb873359:192.168.164.239:37857], old=null
2019-10-15 17:18:33,892 [79abbc2e-0a90-4a41-a17c-6388bb873359@group-B673650064C9-LeaderElection358] INFO  impl.RaftServerImpl (RaftServerImpl.java:setRole(184)) - 79abbc2e-0a90-4a41-a17c-6388bb873359@group-B673650064C9: changes role from CANDIDATE to FOLLOWER at term 413 for DISCOVERED_A_NEW_TERM
2019-10-15 17:18:33,892 [79abbc2e-0a90-4a41-a17c-6388bb873359@group-B673650064C9-LeaderElection358] INFO  impl.RoleInfo (RoleInfo.java:shutdownLeaderElection(134)) - 79abbc2e-0a90-4a41-a17c-6388bb873359: shutdown LeaderElection
2019-10-15 17:18:33,892 [79abbc2e-0a90-4a41-a17c-6388bb873359@group-B673650064C9-LeaderElection358] INFO  impl.RoleInfo (RoleInfo.java:updateAndGet(143)) - 79abbc2e-0a90-4a41-a17c-6388bb873359: start FollowerState
2019-10-15 17:18:34,023 [Thread-2725] INFO  impl.FollowerState (FollowerState.java:run(108)) - 79abbc2e-0a90-4a41-a17c-6388bb873359@group-B673650064C9-FollowerState: change to CANDIDATE, lastRpcTime:131ms, electionTimeout:131ms
2019-10-15 17:18:34,024 [Thread-2725] INFO  impl.RoleInfo (RoleInfo.java:shutdownFollowerState(121)) - 79abbc2e-0a90-4a41-a17c-6388bb873359: shutdown FollowerState
2019-10-15 17:18:34,024 [Thread-2725] INFO  impl.RaftServerImpl (RaftServerImpl.java:setRole(184)) - 79abbc2e-0a90-4a41-a17c-6388bb873359@group-B673650064C9: changes role from  FOLLOWER to CANDIDATE at term 413 for changeToCandidate
2019-10-15 17:18:34,024 [Thread-2725] INFO  impl.RoleInfo (RoleInfo.java:updateAndGet(143)) - 79abbc2e-0a90-4a41-a17c-6388bb873359: start LeaderElection
2019-10-15 17:18:34,050 [79abbc2e-0a90-4a41-a17c-6388bb873359@group-B673650064C9-LeaderElection359] INFO  impl.LeaderElection (LeaderElection.java:askForVotes(178)) - 79abbc2e-0a90-4a41-a17c-6388bb873359@group-B673650064C9-LeaderElection359: begin an election at term 414 for -1: [ebd8d1f9-8297-450f-abe7-393807ba0c7e:192.168.164.239:36510, dbc121b5-e1e8-4c61-9d50-542b699a3d90:192.168.164.239:43140, 79abbc2e-0a90-4a41-a17c-6388bb873359:192.168.164.239:37857], old=null
2019-10-15 17:18:34,052 [grpc-default-executor-0] INFO  impl.RaftServerImpl (RaftServerImpl.java:setRole(184)) - dbc121b5-e1e8-4c61-9d50-542b699a3d90@group-B673650064C9: changes role from  FOLLOWER to FOLLOWER at term 414 for recognizeCandidate:79abbc2e-0a90-4a41-a17c-6388bb873359
2019-10-15 17:18:34,052 [grpc-default-executor-1] INFO  impl.RaftServerImpl (RaftServerImpl.java:setRole(184)) - ebd8d1f9-8297-450f-abe7-393807ba0c7e@group-B673650064C9: changes role from  FOLLOWER to FOLLOWER at term 414 for recognizeCandidate:79abbc2e-0a90-4a41-a17c-6388bb873359
2019-10-15 17:18:34,052 [grpc-default-executor-0] INFO  impl.RoleInfo (RoleInfo.java:shutdownFollowerState(121)) - dbc121b5-e1e8-4c61-9d50-542b699a3d90: shutdown FollowerState
2019-10-15 17:18:34,052 [grpc-default-executor-1] INFO  impl.RoleInfo (RoleInfo.java:shutdownFollowerState(121)) - ebd8d1f9-8297-450f-abe7-393807ba0c7e: shutdown FollowerState
2019-10-15 17:18:34,052 [Thread-2724] INFO  impl.FollowerState (FollowerState.java:run(117)) - dbc121b5-e1e8-4c61-9d50-542b699a3d90@group-B673650064C9-FollowerState was interrupted: java.lang.InterruptedException: sleep interrupted
2019-10-15 17:18:34,052 [grpc-default-executor-0] INFO  impl.RoleInfo (RoleInfo.java:updateAndGet(143)) - dbc121b5-e1e8-4c61-9d50-542b699a3d90: start FollowerState
2019-10-15 17:18:34,053 [Thread-2723] INFO  impl.FollowerState (FollowerState.java:run(117)) - ebd8d1f9-8297-450f-abe7-393807ba0c7e@group-B673650064C9-FollowerState was interrupted: java.lang.InterruptedException: sleep interrupted
2019-10-15 17:18:34,053 [grpc-default-executor-1] INFO  impl.RoleInfo (RoleInfo.java:updateAndGet(143)) - ebd8d1f9-8297-450f-abe7-393807ba0c7e: start FollowerState
2019-10-15 17:18:34,076 [79abbc2e-0a90-4a41-a17c-6388bb873359@group-B673650064C9-LeaderElection359] INFO  impl.LeaderElection (LeaderElection.java:logAndReturn(56)) - 79abbc2e-0a90-4a41-a17c-6388bb873359@group-B673650064C9-LeaderElection359: Election REJECTED; received 2 response(s) [79abbc2e-0a90-4a41-a17c-6388bb873359<-ebd8d1f9-8297-450f-abe7-393807ba0c7e#0:FAIL-t414, 79abbc2e-0a90-4a41-a17c-6388bb873359<-dbc121b5-e1e8-4c61-9d50-542b699a3d90#0:FAIL-t414] and 0 exception(s); 79abbc2e-0a90-4a41-a17c-6388bb873359@group-B673650064C9:t414, leader=null, voted=79abbc2e-0a90-4a41-a17c-6388bb873359, raftlog=79abbc2e-0a90-4a41-a17c-6388bb873359@group-B673650064C9-SegmentedRaftLog:OPENED:c-1,f-1,i0, conf=-1: [ebd8d1f9-8297-450f-abe7-393807ba0c7e:192.168.164.239:36510, dbc121b5-e1e8-4c61-9d50-542b699a3d90:192.168.164.239:43140, 79abbc2e-0a90-4a41-a17c-6388bb873359:192.168.164.239:37857], old=null
2019-10-15 17:18:34,076 [79abbc2e-0a90-4a41-a17c-6388bb873359@group-B673650064C9-LeaderElection359] INFO  impl.RaftServerImpl (RaftServerImpl.java:setRole(184)) - 79abbc2e-0a90-4a41-a17c-6388bb873359@group-B673650064C9: changes role from CANDIDATE to FOLLOWER at term 414 for DISCOVERED_A_NEW_TERM
2019-10-15 17:18:34,076 [79abbc2e-0a90-4a41-a17c-6388bb873359@group-B673650064C9-LeaderElection359] INFO  impl.RoleInfo (RoleInfo.java:shutdownLeaderElection(134)) - 79abbc2e-0a90-4a41-a17c-6388bb873359: shutdown LeaderElection
2019-10-15 17:18:34,076 [79abbc2e-0a90-4a41-a17c-6388bb873359@group-B673650064C9-LeaderElection359] INFO  impl.RoleInfo (RoleInfo.java:updateAndGet(143)) - 79abbc2e-0a90-4a41-a17c-6388bb873359: start FollowerState
2019-10-15 17:18:34,182 [Thread-2731] INFO  impl.FollowerState (FollowerState.java:run(108)) - 79abbc2e-0a90-4a41-a17c-6388bb873359@group-B673650064C9-FollowerState: change to CANDIDATE, lastRpcTime:106ms, electionTimeout:106ms
2019-10-15 17:18:34,182 [Thread-2731] INFO  impl.RoleInfo (RoleInfo.java:shutdownFollowerState(121)) - 79abbc2e-0a90-4a41-a17c-6388bb873359: shutdown FollowerState
2019-10-15 17:18:34,183 [Thread-2731] INFO  impl.RaftServerImpl (RaftServerImpl.java:setRole(184)) - 79abbc2e-0a90-4a41-a17c-6388bb873359@group-B673650064C9: changes role from  FOLLOWER to CANDIDATE at term 414 for changeToCandidate
2019-10-15 17:18:34,183 [Thread-2731] INFO  impl.RoleInfo (RoleInfo.java:updateAndGet(143)) - 79abbc2e-0a90-4a41-a17c-6388bb873359: start LeaderElection
2019-10-15 17:18:34,209 [79abbc2e-0a90-4a41-a17c-6388bb873359@group-B673650064C9-LeaderElection360] INFO  impl.LeaderElection (LeaderElection.java:askForVotes(178)) - 79abbc2e-0a90-4a41-a17c-6388bb873359@group-B673650064C9-LeaderElection360: begin an election at term 415 for -1: [ebd8d1f9-8297-450f-abe7-393807ba0c7e:192.168.164.239:36510, dbc121b5-e1e8-4c61-9d50-542b699a3d90:192.168.164.239:43140, 79abbc2e-0a90-4a41-a17c-6388bb873359:192.168.164.239:37857], old=null
2019-10-15 17:18:34,209 [79abbc2e-0a90-4a41-a17c-6388bb873359@group-B673650064C9-LeaderElection360] INFO  impl.LeaderElection (LeaderElection.java:logAndReturn(56)) - 79abbc2e-0a90-4a41-a17c-6388bb873359@group-B673650064C9-LeaderElection360: Election TIMEOUT; received 0 response(s) [] and 0 exception(s); 79abbc2e-0a90-4a41-a17c-6388bb873359@group-B673650064C9:t415, leader=null, voted=79abbc2e-0a90-4a41-a17c-6388bb873359, raftlog=79abbc2e-0a90-4a41-a17c-6388bb873359@group-B673650064C9-SegmentedRaftLog:OPENED:c-1,f-1,i0, conf=-1: [ebd8d1f9-8297-450f-abe7-393807ba0c7e:192.168.164.239:36510, dbc121b5-e1e8-4c61-9d50-542b699a3d90:192.168.164.239:43140, 79abbc2e-0a90-4a41-a17c-6388bb873359:192.168.164.239:37857], old=null
2019-10-15 17:18:34,211 [grpc-default-executor-1] INFO  impl.RaftServerImpl (RaftServerImpl.java:setRole(184)) - dbc121b5-e1e8-4c61-9d50-542b699a3d90@group-B673650064C9: changes role from  FOLLOWER to FOLLOWER at term 415 for recognizeCandidate:79abbc2e-0a90-4a41-a17c-6388bb873359
2019-10-15 17:18:34,211 [grpc-default-executor-0] INFO  impl.RaftServerImpl (RaftServerImpl.java:setRole(184)) - ebd8d1f9-8297-450f-abe7-393807ba0c7e@group-B673650064C9: changes role from  FOLLOWER to FOLLOWER at term 415 for recognizeCandidate:79abbc2e-0a90-4a41-a17c-6388bb873359
2019-10-15 17:18:34,211 [grpc-default-executor-1] INFO  impl.RoleInfo (RoleInfo.java:shutdownFollowerState(121)) - dbc121b5-e1e8-4c61-9d50-542b699a3d90: shutdown FollowerState
2019-10-15 17:18:34,211 [grpc-default-executor-0] INFO  impl.RoleInfo (RoleInfo.java:shutdownFollowerState(121)) - ebd8d1f9-8297-450f-abe7-393807ba0c7e: shutdown FollowerState
2019-10-15 17:18:34,211 [grpc-default-executor-1] INFO  impl.RoleInfo (RoleInfo.java:updateAndGet(143)) - dbc121b5-e1e8-4c61-9d50-542b699a3d90: start FollowerState
2019-10-15 17:18:34,211 [Thread-2730] INFO  impl.FollowerState (FollowerState.java:run(117)) - ebd8d1f9-8297-450f-abe7-393807ba0c7e@group-B673650064C9-FollowerState was interrupted: java.lang.InterruptedException: sleep interrupted
2019-10-15 17:18:34,211 [grpc-default-executor-0] INFO  impl.RoleInfo (RoleInfo.java:updateAndGet(143)) - ebd8d1f9-8297-450f-abe7-393807ba0c7e: start FollowerState
2019-10-15 17:18:34,211 [Thread-2729] INFO  impl.FollowerState (FollowerState.java:run(117)) - dbc121b5-e1e8-4c61-9d50-542b699a3d90@group-B673650064C9-FollowerState was interrupted: java.lang.InterruptedException: sleep interrupted
2019-10-15 17:18:34,234 [79abbc2e-0a90-4a41-a17c-6388bb873359@group-B673650064C9-LeaderElection360] INFO  impl.LeaderElection (LeaderElection.java:askForVotes(178)) - 79abbc2e-0a90-4a41-a17c-6388bb873359@group-B673650064C9-LeaderElection360: begin an election at term 416 for -1: [ebd8d1f9-8297-450f-abe7-393807ba0c7e:192.168.164.239:36510, dbc121b5-e1e8-4c61-9d50-542b699a3d90:192.168.164.239:43140, 79abbc2e-0a90-4a41-a17c-6388bb873359:192.168.164.239:37857], old=null
2019-10-15 17:18:34,235 [grpc-default-executor-1] INFO  impl.RaftServerImpl (RaftServerImpl.java:setRole(184)) - dbc121b5-e1e8-4c61-9d50-542b699a3d90@group-B673650064C9: changes role from  FOLLOWER to FOLLOWER at term 416 for recognizeCandidate:79abbc2e-0a90-4a41-a17c-6388bb873359
2019-10-15 17:18:34,235 [grpc-default-executor-1] INFO  impl.RoleInfo (RoleInfo.java:shutdownFollowerState(121)) - dbc121b5-e1e8-4c61-9d50-542b699a3d90: shutdown FollowerState
2019-10-15 17:18:34,235 [grpc-default-executor-1] INFO  impl.RoleInfo (RoleInfo.java:updateAndGet(143)) - dbc121b5-e1e8-4c61-9d50-542b699a3d90: start FollowerState
2019-10-15 17:18:34,235 [Thread-2735] INFO  impl.FollowerState (FollowerState.java:run(117)) - dbc121b5-e1e8-4c61-9d50-542b699a3d90@group-B673650064C9-FollowerState was interrupted: java.lang.InterruptedException: sleep interrupted
2019-10-15 17:18:34,235 [grpc-default-executor-0] INFO  impl.RaftServerImpl (RaftServerImpl.java:setRole(184)) - ebd8d1f9-8297-450f-abe7-393807ba0c7e@group-B673650064C9: changes role from  FOLLOWER to FOLLOWER at term 416 for recognizeCandidate:79abbc2e-0a90-4a41-a17c-6388bb873359
2019-10-15 17:18:34,236 [grpc-default-executor-0] INFO  impl.RoleInfo (RoleInfo.java:shutdownFollowerState(121)) - ebd8d1f9-8297-450f-abe7-393807ba0c7e: shutdown FollowerState
2019-10-15 17:18:34,236 [grpc-default-executor-0] INFO  impl.RoleInfo (RoleInfo.java:updateAndGet(143)) - ebd8d1f9-8297-450f-abe7-393807ba0c7e: start FollowerState
2019-10-15 17:18:34,236 [Thread-2736] INFO  impl.FollowerState (FollowerState.java:run(117)) - ebd8d1f9-8297-450f-abe7-393807ba0c7e@group-B673650064C9-FollowerState was interrupted: java.lang.InterruptedException: sleep interrupted
2019-10-15 17:18:34,260 [79abbc2e-0a90-4a41-a17c-6388bb873359@group-B673650064C9-LeaderElection360] INFO  impl.LeaderElection (LeaderElection.java:logAndReturn(56)) - 79abbc2e-0a90-4a41-a17c-6388bb873359@group-B673650064C9-LeaderElection360: Election REJECTED; received 2 response(s) [79abbc2e-0a90-4a41-a17c-6388bb873359<-ebd8d1f9-8297-450f-abe7-393807ba0c7e#0:FAIL-t416, 79abbc2e-0a90-4a41-a17c-6388bb873359<-dbc121b5-e1e8-4c61-9d50-542b699a3d90#0:FAIL-t416] and 0 exception(s); 79abbc2e-0a90-4a41-a17c-6388bb873359@group-B673650064C9:t416, leader=null, voted=79abbc2e-0a90-4a41-a17c-6388bb873359, raftlog=79abbc2e-0a90-4a41-a17c-6388bb873359@group-B673650064C9-SegmentedRaftLog:OPENED:c-1,f-1,i0, conf=-1: [ebd8d1f9-8297-450f-abe7-393807ba0c7e:192.168.164.239:36510, dbc121b5-e1e8-4c61-9d50-542b699a3d90:192.168.164.239:43140, 79abbc2e-0a90-4a41-a17c-6388bb873359:192.168.164.239:37857], old=null
2019-10-15 17:18:34,260 [79abbc2e-0a90-4a41-a17c-6388bb873359@group-B673650064C9-LeaderElection360] INFO  impl.RaftServerImpl (RaftServerImpl.java:setRole(184)) - 79abbc2e-0a90-4a41-a17c-6388bb873359@group-B673650064C9: changes role from CANDIDATE to FOLLOWER at term 416 for DISCOVERED_A_NEW_TERM
2019-10-15 17:18:34,260 [79abbc2e-0a90-4a41-a17c-6388bb873359@group-B673650064C9-LeaderElection360] INFO  impl.RoleInfo (RoleInfo.java:shutdownLeaderElection(134)) - 79abbc2e-0a90-4a41-a17c-6388bb873359: shutdown LeaderElection
2019-10-15 17:18:34,260 [79abbc2e-0a90-4a41-a17c-6388bb873359@group-B673650064C9-LeaderElection360] INFO  impl.RoleInfo (RoleInfo.java:updateAndGet(143)) - 79abbc2e-0a90-4a41-a17c-6388bb873359: start FollowerState
2019-10-15 17:18:34,336 [Thread-2743] INFO  impl.FollowerState (FollowerState.java:run(108)) - 79abbc2e-0a90-4a41-a17c-6388bb873359@group-B673650064C9-FollowerState: change to CANDIDATE, lastRpcTime:76ms, electionTimeout:76ms
2019-10-15 17:18:34,337 [Thread-2743] INFO  impl.RoleInfo (RoleInfo.java:shutdownFollowerState(121)) - 79abbc2e-0a90-4a41-a17c-6388bb873359: shutdown FollowerState
2019-10-15 17:18:34,337 [Thread-2743] INFO  impl.RaftServerImpl (RaftServerImpl.java:setRole(184)) - 79abbc2e-0a90-4a41-a17c-6388bb873359@group-B673650064C9: changes role from  FOLLOWER to CANDIDATE at term 416 for changeToCandidate
2019-10-15 17:18:34,337 [Thread-2743] INFO  impl.RoleInfo (RoleInfo.java:updateAndGet(143)) - 79abbc2e-0a90-4a41-a17c-6388bb873359: start LeaderElection
2019-10-15 17:18:34,352 [79abbc2e-0a90-4a41-a17c-6388bb873359@group-B673650064C9-LeaderElection361] INFO  impl.LeaderElection (LeaderElection.java:askForVotes(178)) - 79abbc2e-0a90-4a41-a17c-6388bb873359@group-B673650064C9-LeaderElection361: begin an election at term 417 for -1: [ebd8d1f9-8297-450f-abe7-393807ba0c7e:192.168.164.239:36510, dbc121b5-e1e8-4c61-9d50-542b699a3d90:192.168.164.239:43140, 79abbc2e-0a90-4a41-a17c-6388bb873359:192.168.164.239:37857], old=null
2019-10-15 17:18:34,354 [grpc-default-executor-1] INFO  impl.RaftServerImpl (RaftServerImpl.java:setRole(184)) - ebd8d1f9-8297-450f-abe7-393807ba0c7e@group-B673650064C9: changes role from  FOLLOWER to FOLLOWER at term 417 for recognizeCandidate:79abbc2e-0a90-4a41-a17c-6388bb873359
2019-10-15 17:18:34,354 [grpc-default-executor-1] INFO  impl.RoleInfo (RoleInfo.java:shutdownFollowerState(121)) - ebd8d1f9-8297-450f-abe7-393807ba0c7e: shutdown FollowerState
2019-10-15 17:18:34,354 [grpc-default-executor-0] INFO  impl.RaftServerImpl (RaftServerImpl.java:setRole(184)) - dbc121b5-e1e8-4c61-9d50-542b699a3d90@group-B673650064C9: changes role from  FOLLOWER to FOLLOWER at term 417 for recognizeCandidate:79abbc2e-0a90-4a41-a17c-6388bb873359
2019-10-15 17:18:34,354 [Thread-2742] INFO  impl.FollowerState (FollowerState.java:run(117)) - ebd8d1f9-8297-450f-abe7-393807ba0c7e@group-B673650064C9-FollowerState was interrupted: java.lang.InterruptedException: sleep interrupted
2019-10-15 17:18:34,354 [grpc-default-executor-1] INFO  impl.RoleInfo (RoleInfo.java:updateAndGet(143)) - ebd8d1f9-8297-450f-abe7-393807ba0c7e: start FollowerState
2019-10-15 17:18:34,355 [grpc-default-executor-0] INFO  impl.RoleInfo (RoleInfo.java:shutdownFollowerState(121)) - dbc121b5-e1e8-4c61-9d50-542b699a3d90: shutdown FollowerState
2019-10-15 17:18:34,355 [grpc-default-executor-0] INFO  impl.RoleInfo (RoleInfo.java:updateAndGet(143)) - dbc121b5-e1e8-4c61-9d50-542b699a3d90: start FollowerState
2019-10-15 17:18:34,355 [Thread-2741] INFO  impl.FollowerState (FollowerState.java:run(117)) - dbc121b5-e1e8-4c61-9d50-542b699a3d90@group-B673650064C9-FollowerState was interrupted: java.lang.InterruptedException: sleep interrupted
2019-10-15 17:18:34,378 [79abbc2e-0a90-4a41-a17c-6388bb873359@group-B673650064C9-LeaderElection361] INFO  impl.LeaderElection (LeaderElection.java:logAndReturn(56)) - 79abbc2e-0a90-4a41-a17c-6388bb873359@group-B673650064C9-LeaderElection361: Election REJECTED; received 2 response(s) [79abbc2e-0a90-4a41-a17c-6388bb873359<-ebd8d1f9-8297-450f-abe7-393807ba0c7e#0:FAIL-t417, 79abbc2e-0a90-4a41-a17c-6388bb873359<-dbc121b5-e1e8-4c61-9d50-542b699a3d90#0:FAIL-t417] and 0 exception(s); 79abbc2e-0a90-4a41-a17c-6388bb873359@group-B673650064C9:t417, leader=null, voted=79abbc2e-0a90-4a41-a17c-6388bb873359, raftlog=79abbc2e-0a90-4a41-a17c-6388bb873359@group-B673650064C9-SegmentedRaftLog:OPENED:c-1,f-1,i0, conf=-1: [ebd8d1f9-8297-450f-abe7-393807ba0c7e:192.168.164.239:36510, dbc121b5-e1e8-4c61-9d50-542b699a3d90:192.168.164.239:43140, 79abbc2e-0a90-4a41-a17c-6388bb873359:192.168.164.239:37857], old=null
2019-10-15 17:18:34,379 [79abbc2e-0a90-4a41-a17c-6388bb873359@group-B673650064C9-LeaderElection361] INFO  impl.RaftServerImpl (RaftServerImpl.java:setRole(184)) - 79abbc2e-0a90-4a41-a17c-6388bb873359@group-B673650064C9: changes role from CANDIDATE to FOLLOWER at term 417 for DISCOVERED_A_NEW_TERM
2019-10-15 17:18:34,379 [79abbc2e-0a90-4a41-a17c-6388bb873359@group-B673650064C9-LeaderElection361] INFO  impl.RoleInfo (RoleInfo.java:shutdownLeaderElection(134)) - 79abbc2e-0a90-4a41-a17c-6388bb873359: shutdown LeaderElection
2019-10-15 17:18:34,379 [79abbc2e-0a90-4a41-a17c-6388bb873359@group-B673650064C9-LeaderElection361] INFO  impl.RoleInfo (RoleInfo.java:updateAndGet(143)) - 79abbc2e-0a90-4a41-a17c-6388bb873359: start FollowerState
2019-10-15 17:18:34,495 [Thread-2749] INFO  impl.FollowerState (FollowerState.java:run(108)) - 79abbc2e-0a90-4a41-a17c-6388bb873359@group-B673650064C9-FollowerState: change to CANDIDATE, lastRpcTime:116ms, electionTimeout:116ms
2019-10-15 17:18:34,495 [Thread-2749] INFO  impl.RoleInfo (RoleInfo.java:shutdownFollowerState(121)) - 79abbc2e-0a90-4a41-a17c-6388bb873359: shutdown FollowerState
2019-10-15 17:18:34,495 [Thread-2749] INFO  impl.RaftServerImpl (RaftServerImpl.java:setRole(184)) - 79abbc2e-0a90-4a41-a17c-6388bb873359@group-B673650064C9: changes role from  FOLLOWER to CANDIDATE at term 417 for changeToCandidate
2019-10-15 17:18:34,495 [Thread-2749] INFO  impl.RoleInfo (RoleInfo.java:updateAndGet(143)) - 79abbc2e-0a90-4a41-a17c-6388bb873359: start LeaderElection
2019-10-15 17:18:34,520 [79abbc2e-0a90-4a41-a17c-6388bb873359@group-B673650064C9-LeaderElection362] INFO  impl.LeaderElection (LeaderElection.java:askForVotes(178)) - 79abbc2e-0a90-4a41-a17c-6388bb873359@group-B673650064C9-LeaderElection362: begin an election at term 418 for -1: [ebd8d1f9-8297-450f-abe7-393807ba0c7e:192.168.164.239:36510, dbc121b5-e1e8-4c61-9d50-542b699a3d90:192.168.164.239:43140, 79abbc2e-0a90-4a41-a17c-6388bb873359:192.168.164.239:37857], old=null
2019-10-15 17:18:34,522 [grpc-default-executor-0] INFO  impl.RaftServerImpl (RaftServerImpl.java:setRole(184)) - dbc121b5-e1e8-4c61-9d50-542b699a3d90@group-B673650064C9: changes role from  FOLLOWER to FOLLOWER at term 418 for recognizeCandidate:79abbc2e-0a90-4a41-a17c-6388bb873359
2019-10-15 17:18:34,522 [grpc-default-executor-1] INFO  impl.RaftServerImpl (RaftServerImpl.java:setRole(184)) - ebd8d1f9-8297-450f-abe7-393807ba0c7e@group-B673650064C9: changes role from  FOLLOWER to FOLLOWER at term 418 for recognizeCandidate:79abbc2e-0a90-4a41-a17c-6388bb873359
2019-10-15 17:18:34,522 [grpc-default-executor-1] INFO  impl.RoleInfo (RoleInfo.java:shutdownFollowerState(121)) - ebd8d1f9-8297-450f-abe7-393807ba0c7e: shutdown FollowerState
2019-10-15 17:18:34,522 [grpc-default-executor-0] INFO  impl.RoleInfo (RoleInfo.java:shutdownFollowerState(121)) - dbc121b5-e1e8-4c61-9d50-542b699a3d90: shutdown FollowerState
2019-10-15 17:18:34,522 [Thread-2747] INFO  impl.FollowerState (FollowerState.java:run(117)) - ebd8d1f9-8297-450f-abe7-393807ba0c7e@group-B673650064C9-FollowerState was interrupted: java.lang.InterruptedException: sleep interrupted
2019-10-15 17:18:34,522 [grpc-default-executor-1] INFO  impl.RoleInfo (RoleInfo.java:updateAndGet(143)) - ebd8d1f9-8297-450f-abe7-393807ba0c7e: start FollowerState
2019-10-15 17:18:34,523 [Thread-2748] INFO  impl.FollowerState (FollowerState.java:run(117)) - dbc121b5-e1e8-4c61-9d50-542b699a3d90@group-B673650064C9-FollowerState was interrupted: java.lang.InterruptedException: sleep interrupted
2019-10-15 17:18:34,523 [grpc-default-executor-0] INFO  impl.RoleInfo (RoleInfo.java:updateAndGet(143)) - dbc121b5-e1e8-4c61-9d50-542b699a3d90: start FollowerState
2019-10-15 17:18:34,546 [79abbc2e-0a90-4a41-a17c-6388bb873359@group-B673650064C9-LeaderElection362] INFO  impl.LeaderElection (LeaderElection.java:logAndReturn(56)) - 79abbc2e-0a90-4a41-a17c-6388bb873359@group-B673650064C9-LeaderElection362: Election REJECTED; received 2 response(s) [79abbc2e-0a90-4a41-a17c-6388bb873359<-ebd8d1f9-8297-450f-abe7-393807ba0c7e#0:FAIL-t418, 79abbc2e-0a90-4a41-a17c-6388bb873359<-dbc121b5-e1e8-4c61-9d50-542b699a3d90#0:FAIL-t418] and 0 exception(s); 79abbc2e-0a90-4a41-a17c-6388bb873359@group-B673650064C9:t418, leader=null, voted=79abbc2e-0a90-4a41-a17c-6388bb873359, raftlog=79abbc2e-0a90-4a41-a17c-6388bb873359@group-B673650064C9-SegmentedRaftLog:OPENED:c-1,f-1,i0, conf=-1: [ebd8d1f9-8297-450f-abe7-393807ba0c7e:192.168.164.239:36510, dbc121b5-e1e8-4c61-9d50-542b699a3d90:192.168.164.239:43140, 79abbc2e-0a90-4a41-a17c-6388bb873359:192.168.164.239:37857], old=null
2019-10-15 17:18:34,546 [79abbc2e-0a90-4a41-a17c-6388bb873359@group-B673650064C9-LeaderElection362] INFO  impl.RaftServerImpl (RaftServerImpl.java:setRole(184)) - 79abbc2e-0a90-4a41-a17c-6388bb873359@group-B673650064C9: changes role from CANDIDATE to FOLLOWER at term 418 for DISCOVERED_A_NEW_TERM
2019-10-15 17:18:34,546 [79abbc2e-0a90-4a41-a17c-6388bb873359@group-B673650064C9-LeaderElection362] INFO  impl.RoleInfo (RoleInfo.java:shutdownLeaderElection(134)) - 79abbc2e-0a90-4a41-a17c-6388bb873359: shutdown LeaderElection
2019-10-15 17:18:34,546 [79abbc2e-0a90-4a41-a17c-6388bb873359@group-B673650064C9-LeaderElection362] INFO  impl.RoleInfo (RoleInfo.java:updateAndGet(143)) - 79abbc2e-0a90-4a41-a17c-6388bb873359: start FollowerState
2019-10-15 17:18:34,614 [Thread-2755] INFO  impl.FollowerState (FollowerState.java:run(108)) - 79abbc2e-0a90-4a41-a17c-6388bb873359@group-B673650064C9-FollowerState: change to CANDIDATE, lastRpcTime:67ms, electionTimeout:67ms
2019-10-15 17:18:34,614 [Thread-2755] INFO  impl.RoleInfo (RoleInfo.java:shutdownFollowerState(121)) - 79abbc2e-0a90-4a41-a17c-6388bb873359: shutdown FollowerState
2019-10-15 17:18:34,614 [Thread-2755] INFO  impl.RaftServerImpl (RaftServerImpl.java:setRole(184)) - 79abbc2e-0a90-4a41-a17c-6388bb873359@group-B673650064C9: changes role from  FOLLOWER to CANDIDATE at term 418 for changeToCandidate
2019-10-15 17:18:34,614 [Thread-2755] INFO  impl.RoleInfo (RoleInfo.java:updateAndGet(143)) - 79abbc2e-0a90-4a41-a17c-6388bb873359: start LeaderElection
2019-10-15 17:18:34,637 [79abbc2e-0a90-4a41-a17c-6388bb873359@group-B673650064C9-LeaderElection363] INFO  impl.LeaderElection (LeaderElection.java:askForVotes(178)) - 79abbc2e-0a90-4a41-a17c-6388bb873359@group-B673650064C9-LeaderElection363: begin an election at term 419 for -1: [ebd8d1f9-8297-450f-abe7-393807ba0c7e:192.168.164.239:36510, dbc121b5-e1e8-4c61-9d50-542b699a3d90:192.168.164.239:43140, 79abbc2e-0a90-4a41-a17c-6388bb873359:192.168.164.239:37857], old=null
2019-10-15 17:18:34,639 [grpc-default-executor-1] INFO  impl.RaftServerImpl (RaftServerImpl.java:setRole(184)) - ebd8d1f9-8297-450f-abe7-393807ba0c7e@group-B673650064C9: changes role from  FOLLOWER to FOLLOWER at term 419 for recognizeCandidate:79abbc2e-0a90-4a41-a17c-6388bb873359
2019-10-15 17:18:34,639 [grpc-default-executor-1] INFO  impl.RoleInfo (RoleInfo.java:shutdownFollowerState(121)) - ebd8d1f9-8297-450f-abe7-393807ba0c7e: shutdown FollowerState
2019-10-15 17:18:34,639 [grpc-default-executor-0] INFO  impl.RaftServerImpl (RaftServerImpl.java:setRole(184)) - dbc121b5-e1e8-4c61-9d50-542b699a3d90@group-B673650064C9: changes role from  FOLLOWER to FOLLOWER at term 419 for recognizeCandidate:79abbc2e-0a90-4a41-a17c-6388bb873359
2019-10-15 17:18:34,639 [grpc-default-executor-0] INFO  impl.RoleInfo (RoleInfo.java:shutdownFollowerState(121)) - dbc121b5-e1e8-4c61-9d50-542b699a3d90: shutdown FollowerState
2019-10-15 17:18:34,639 [Thread-2753] INFO  impl.FollowerState (FollowerState.java:run(117)) - ebd8d1f9-8297-450f-abe7-393807ba0c7e@group-B673650064C9-FollowerState was interrupted: java.lang.InterruptedException: sleep interrupted
2019-10-15 17:18:34,639 [Thread-2754] INFO  impl.FollowerState (FollowerState.java:run(117)) - dbc121b5-e1e8-4c61-9d50-542b699a3d90@group-B673650064C9-FollowerState was interrupted: java.lang.InterruptedException: sleep interrupted
2019-10-15 17:18:34,639 [grpc-default-executor-1] INFO  impl.RoleInfo (RoleInfo.java:updateAndGet(143)) - ebd8d1f9-8297-450f-abe7-393807ba0c7e: start FollowerState
2019-10-15 17:18:34,639 [grpc-default-executor-0] INFO  impl.RoleInfo (RoleInfo.java:updateAndGet(143)) - dbc121b5-e1e8-4c61-9d50-542b699a3d90: start FollowerState
2019-10-15 17:18:34,663 [79abbc2e-0a90-4a41-a17c-6388bb873359@group-B673650064C9-LeaderElection363] INFO  impl.LeaderElection (LeaderElection.java:logAndReturn(56)) - 79abbc2e-0a90-4a41-a17c-6388bb873359@group-B673650064C9-LeaderElection363: Election REJECTED; received 2 response(s) [79abbc2e-0a90-4a41-a17c-6388bb873359<-ebd8d1f9-8297-450f-abe7-393807ba0c7e#0:FAIL-t419, 79abbc2e-0a90-4a41-a17c-6388bb873359<-dbc121b5-e1e8-4c61-9d50-542b699a3d90#0:FAIL-t419] and 0 exception(s); 79abbc2e-0a90-4a41-a17c-6388bb873359@group-B673650064C9:t419, leader=null, voted=79abbc2e-0a90-4a41-a17c-6388bb873359, raftlog=79abbc2e-0a90-4a41-a17c-6388bb873359@group-B673650064C9-SegmentedRaftLog:OPENED:c-1,f-1,i0, conf=-1: [ebd8d1f9-8297-450f-abe7-393807ba0c7e:192.168.164.239:36510, dbc121b5-e1e8-4c61-9d50-542b699a3d90:192.168.164.239:43140, 79abbc2e-0a90-4a41-a17c-6388bb873359:192.168.164.239:37857], old=null
2019-10-15 17:18:34,663 [79abbc2e-0a90-4a41-a17c-6388bb873359@group-B673650064C9-LeaderElection363] INFO  impl.RaftServerImpl (RaftServerImpl.java:setRole(184)) - 79abbc2e-0a90-4a41-a17c-6388bb873359@group-B673650064C9: changes role from CANDIDATE to FOLLOWER at term 419 for DISCOVERED_A_NEW_TERM
2019-10-15 17:18:34,663 [79abbc2e-0a90-4a41-a17c-6388bb873359@group-B673650064C9-LeaderElection363] INFO  impl.RoleInfo (RoleInfo.java:shutdownLeaderElection(134)) - 79abbc2e-0a90-4a41-a17c-6388bb873359: shutdown LeaderElection
2019-10-15 17:18:34,664 [79abbc2e-0a90-4a41-a17c-6388bb873359@group-B673650064C9-LeaderElection363] INFO  impl.RoleInfo (RoleInfo.java:updateAndGet(143)) - 79abbc2e-0a90-4a41-a17c-6388bb873359: start FollowerState
2019-10-15 17:18:34,768 [Thread-2761] INFO  impl.FollowerState (FollowerState.java:run(108)) - 79abbc2e-0a90-4a41-a17c-6388bb873359@group-B673650064C9-FollowerState: change to CANDIDATE, lastRpcTime:104ms, electionTimeout:104ms
2019-10-15 17:18:34,768 [Thread-2761] INFO  impl.RoleInfo (RoleInfo.java:shutdownFollowerState(121)) - 79abbc2e-0a90-4a41-a17c-6388bb873359: shutdown FollowerState
2019-10-15 17:18:34,768 [Thread-2761] INFO  impl.RaftServerImpl (RaftServerImpl.java:setRole(184)) - 79abbc2e-0a90-4a41-a17c-6388bb873359@group-B673650064C9: changes role from  FOLLOWER to CANDIDATE at term 419 for changeToCandidate
2019-10-15 17:18:34,768 [Thread-2761] INFO  impl.RoleInfo (RoleInfo.java:updateAndGet(143)) - 79abbc2e-0a90-4a41-a17c-6388bb873359: start LeaderElection
2019-10-15 17:18:34,796 [79abbc2e-0a90-4a41-a17c-6388bb873359@group-B673650064C9-LeaderElection364] INFO  impl.LeaderElection (LeaderElection.java:askForVotes(178)) - 79abbc2e-0a90-4a41-a17c-6388bb873359@group-B673650064C9-LeaderElection364: begin an election at term 420 for -1: [ebd8d1f9-8297-450f-abe7-393807ba0c7e:192.168.164.239:36510, dbc121b5-e1e8-4c61-9d50-542b699a3d90:192.168.164.239:43140, 79abbc2e-0a90-4a41-a17c-6388bb873359:192.168.164.239:37857], old=null
2019-10-15 17:18:34,798 [grpc-default-executor-1] INFO  impl.RaftServerImpl (RaftServerImpl.java:setRole(184)) - ebd8d1f9-8297-450f-abe7-393807ba0c7e@group-B673650064C9: changes role from  FOLLOWER to FOLLOWER at term 420 for recognizeCandidate:79abbc2e-0a90-4a41-a17c-6388bb873359
2019-10-15 17:18:34,798 [grpc-default-executor-1] INFO  impl.RoleInfo (RoleInfo.java:shutdownFollowerState(121)) - ebd8d1f9-8297-450f-abe7-393807ba0c7e: shutdown FollowerState
2019-10-15 17:18:34,798 [grpc-default-executor-0] INFO  impl.RaftServerImpl (RaftServerImpl.java:setRole(184)) - dbc121b5-e1e8-4c61-9d50-542b699a3d90@group-B673650064C9: changes role from  FOLLOWER to FOLLOWER at term 420 for recognizeCandidate:79abbc2e-0a90-4a41-a17c-6388bb873359
2019-10-15 17:18:34,799 [grpc-default-executor-0] INFO  impl.RoleInfo (RoleInfo.java:shutdownFollowerState(121)) - dbc121b5-e1e8-4c61-9d50-542b699a3d90: shutdown FollowerState
2019-10-15 17:18:34,798 [Thread-2759] INFO  impl.FollowerState (FollowerState.java:run(117)) - ebd8d1f9-8297-450f-abe7-393807ba0c7e@group-B673650064C9-FollowerState was interrupted: java.lang.InterruptedException: sleep interrupted
2019-10-15 17:18:34,798 [grpc-default-executor-1] INFO  impl.RoleInfo (RoleInfo.java:updateAndGet(143)) - ebd8d1f9-8297-450f-abe7-393807ba0c7e: start FollowerState
2019-10-15 17:18:34,799 [Thread-2760] INFO  impl.FollowerState (FollowerState.java:run(117)) - dbc121b5-e1e8-4c61-9d50-542b699a3d90@group-B673650064C9-FollowerState was interrupted: java.lang.InterruptedException: sleep interrupted
2019-10-15 17:18:34,799 [grpc-default-executor-0] INFO  impl.RoleInfo (RoleInfo.java:updateAndGet(143)) - dbc121b5-e1e8-4c61-9d50-542b699a3d90: start FollowerState
2019-10-15 17:18:34,822 [79abbc2e-0a90-4a41-a17c-6388bb873359@group-B673650064C9-LeaderElection364] INFO  impl.LeaderElection (LeaderElection.java:logAndReturn(56)) - 79abbc2e-0a90-4a41-a17c-6388bb873359@group-B673650064C9-LeaderElection364: Election REJECTED; received 2 response(s) [79abbc2e-0a90-4a41-a17c-6388bb873359<-ebd8d1f9-8297-450f-abe7-393807ba0c7e#0:FAIL-t420, 79abbc2e-0a90-4a41-a17c-6388bb873359<-dbc121b5-e1e8-4c61-9d50-542b699a3d90#0:FAIL-t420] and 0 exception(s); 79abbc2e-0a90-4a41-a17c-6388bb873359@group-B673650064C9:t420, leader=null, voted=79abbc2e-0a90-4a41-a17c-6388bb873359, raftlog=79abbc2e-0a90-4a41-a17c-6388bb873359@group-B673650064C9-SegmentedRaftLog:OPENED:c-1,f-1,i0, conf=-1: [ebd8d1f9-8297-450f-abe7-393807ba0c7e:192.168.164.239:36510, dbc121b5-e1e8-4c61-9d50-542b699a3d90:192.168.164.239:43140, 79abbc2e-0a90-4a41-a17c-6388bb873359:192.168.164.239:37857], old=null
2019-10-15 17:18:34,823 [79abbc2e-0a90-4a41-a17c-6388bb873359@group-B673650064C9-LeaderElection364] INFO  impl.RaftServerImpl (RaftServerImpl.java:setRole(184)) - 79abbc2e-0a90-4a41-a17c-6388bb873359@group-B673650064C9: changes role from CANDIDATE to FOLLOWER at term 420 for DISCOVERED_A_NEW_TERM
2019-10-15 17:18:34,823 [79abbc2e-0a90-4a41-a17c-6388bb873359@group-B673650064C9-LeaderElection364] INFO  impl.RoleInfo (RoleInfo.java:shutdownLeaderElection(134)) - 79abbc2e-0a90-4a41-a17c-6388bb873359: shutdown LeaderElection
2019-10-15 17:18:34,823 [79abbc2e-0a90-4a41-a17c-6388bb873359@group-B673650064C9-LeaderElection364] INFO  impl.RoleInfo (RoleInfo.java:updateAndGet(143)) - 79abbc2e-0a90-4a41-a17c-6388bb873359: start FollowerState
2019-10-15 17:18:34,833 [Thread-2767] INFO  impl.FollowerState (FollowerState.java:run(108)) - 79abbc2e-0a90-4a41-a17c-6388bb873359@group-B673650064C9-FollowerState: change to CANDIDATE, lastRpcTime:10ms, electionTimeout:10ms
2019-10-15 17:18:34,833 [Thread-2767] INFO  impl.RoleInfo (RoleInfo.java:shutdownFollowerState(121)) - 79abbc2e-0a90-4a41-a17c-6388bb873359: shutdown FollowerState
2019-10-15 17:18:34,833 [Thread-2767] INFO  impl.RaftServerImpl (RaftServerImpl.java:setRole(184)) - 79abbc2e-0a90-4a41-a17c-6388bb873359@group-B673650064C9: changes role from  FOLLOWER to CANDIDATE at term 420 for changeToCandidate
2019-10-15 17:18:34,834 [Thread-2767] INFO  impl.RoleInfo (RoleInfo.java:updateAndGet(143)) - 79abbc2e-0a90-4a41-a17c-6388bb873359: start LeaderElection
2019-10-15 17:18:34,847 [main] INFO  ozone.MiniOzoneClusterImpl (MiniOzoneClusterImpl.java:shutdown(314)) - Shutting down the Mini Ozone Cluster
2019-10-15 17:18:34,848 [main] INFO  ozone.MiniOzoneClusterImpl (MiniOzoneClusterImpl.java:stop(330)) - Stopping the Mini Ozone Cluster
2019-10-15 17:18:34,848 [main] INFO  ozone.MiniOzoneClusterImpl (MiniOzoneClusterImpl.java:stopOM(400)) - Stopping the OzoneManager
2019-10-15 17:18:34,848 [main] INFO  ipc.Server (Server.java:stop(3082)) - Stopping server on 42604
2019-10-15 17:18:34,851 [IPC Server listener on 42604] INFO  ipc.Server (Server.java:run(1185)) - Stopping IPC Server listener on 42604
2019-10-15 17:18:34,856 [IPC Server Responder] INFO  ipc.Server (Server.java:run(1319)) - Stopping IPC Server Responder
2019-10-15 17:18:34,856 [79abbc2e-0a90-4a41-a17c-6388bb873359@group-B673650064C9-LeaderElection365] INFO  impl.LeaderElection (LeaderElection.java:askForVotes(178)) - 79abbc2e-0a90-4a41-a17c-6388bb873359@group-B673650064C9-LeaderElection365: begin an election at term 421 for -1: [ebd8d1f9-8297-450f-abe7-393807ba0c7e:192.168.164.239:36510, dbc121b5-e1e8-4c61-9d50-542b699a3d90:192.168.164.239:43140, 79abbc2e-0a90-4a41-a17c-6388bb873359:192.168.164.239:37857], old=null
2019-10-15 17:18:34,862 [main] INFO  impl.RaftServerProxy (RaftServerProxy.java:lambda$close$4(314)) - a907139f-6f37-4673-8cb7-faf86e0ae502: close
2019-10-15 17:18:34,876 [grpc-default-executor-1] INFO  impl.RaftServerImpl (RaftServerImpl.java:setRole(184)) - dbc121b5-e1e8-4c61-9d50-542b699a3d90@group-B673650064C9: changes role from  FOLLOWER to FOLLOWER at term 421 for recognizeCandidate:79abbc2e-0a90-4a41-a17c-6388bb873359
2019-10-15 17:18:34,876 [grpc-default-executor-0] INFO  impl.RaftServerImpl (RaftServerImpl.java:setRole(184)) - ebd8d1f9-8297-450f-abe7-393807ba0c7e@group-B673650064C9: changes role from  FOLLOWER to FOLLOWER at term 421 for recognizeCandidate:79abbc2e-0a90-4a41-a17c-6388bb873359
2019-10-15 17:18:34,876 [grpc-default-executor-1] INFO  impl.RoleInfo (RoleInfo.java:shutdownFollowerState(121)) - dbc121b5-e1e8-4c61-9d50-542b699a3d90: shutdown FollowerState
2019-10-15 17:18:34,877 [grpc-default-executor-0] INFO  impl.RoleInfo (RoleInfo.java:shutdownFollowerState(121)) - ebd8d1f9-8297-450f-abe7-393807ba0c7e: shutdown FollowerState
2019-10-15 17:18:34,877 [Thread-2766] INFO  impl.FollowerState (FollowerState.java:run(117)) - dbc121b5-e1e8-4c61-9d50-542b699a3d90@group-B673650064C9-FollowerState was interrupted: java.lang.InterruptedException: sleep interrupted
2019-10-15 17:18:34,877 [grpc-default-executor-1] INFO  impl.RoleInfo (RoleInfo.java:updateAndGet(143)) - dbc121b5-e1e8-4c61-9d50-542b699a3d90: start FollowerState
2019-10-15 17:18:34,877 [Thread-2765] INFO  impl.FollowerState (FollowerState.java:run(117)) - ebd8d1f9-8297-450f-abe7-393807ba0c7e@group-B673650064C9-FollowerState was interrupted: java.lang.InterruptedException: sleep interrupted
2019-10-15 17:18:34,877 [grpc-default-executor-0] INFO  impl.RoleInfo (RoleInfo.java:updateAndGet(143)) - ebd8d1f9-8297-450f-abe7-393807ba0c7e: start FollowerState
2019-10-15 17:18:34,877 [main] INFO  impl.RaftServerImpl (RaftServerImpl.java:lambda$shutdown$3(261)) - a907139f-6f37-4673-8cb7-faf86e0ae502@group-C5BA1605619E: shutdown
2019-10-15 17:18:34,878 [main] INFO  util.JmxRegister (JmxRegister.java:unregister(73)) - Successfully un-registered JMX Bean with object name Ratis:service=RaftServer,group=group-C5BA1605619E,id=a907139f-6f37-4673-8cb7-faf86e0ae502
2019-10-15 17:18:34,878 [main] INFO  impl.RoleInfo (RoleInfo.java:shutdownLeaderState(104)) - a907139f-6f37-4673-8cb7-faf86e0ae502: shutdown LeaderState
2019-10-15 17:18:34,878 [main] INFO  impl.PendingRequests (PendingRequests.java:sendNotLeaderResponses(202)) - a907139f-6f37-4673-8cb7-faf86e0ae502@group-C5BA1605619E-PendingRequests: sendNotLeaderResponses
2019-10-15 17:18:34,883 [main] INFO  impl.StateMachineUpdater (StateMachineUpdater.java:stopAndJoin(136)) - a907139f-6f37-4673-8cb7-faf86e0ae502@group-C5BA1605619E-StateMachineUpdater: set stopIndex = 6
2019-10-15 17:18:34,884 [a907139f-6f37-4673-8cb7-faf86e0ae502@group-C5BA1605619E-StateMachineUpdater] INFO  ratis.OzoneManagerStateMachine (OzoneManagerStateMachine.java:takeSnapshot(254)) - Saving Ratis snapshot on the OM.
2019-10-15 17:18:34,897 [a907139f-6f37-4673-8cb7-faf86e0ae502@group-C5BA1605619E-StateMachineUpdater] INFO  ratis.OMRatisSnapshotInfo (OMRatisSnapshotInfo.java:saveRatisSnapshotToDisk(107)) - Saved Ratis Snapshot on the OM with snapshotIndex 5
2019-10-15 17:18:34,900 [a907139f-6f37-4673-8cb7-faf86e0ae502@group-C5BA1605619E-StateMachineUpdater] INFO  impl.StateMachineUpdater (StateMachineUpdater.java:takeSnapshot(269)) - a907139f-6f37-4673-8cb7-faf86e0ae502@group-C5BA1605619E-StateMachineUpdater: Took a snapshot at index 5
2019-10-15 17:18:34,901 [a907139f-6f37-4673-8cb7-faf86e0ae502@group-C5BA1605619E-StateMachineUpdater] INFO  impl.StateMachineUpdater (StateMachineUpdater.java:lambda$new$0(84)) - a907139f-6f37-4673-8cb7-faf86e0ae502@group-C5BA1605619E-StateMachineUpdater: snapshotIndex: updateIncreasingly -1 -> 5
2019-10-15 17:18:34,906 [a907139f-6f37-4673-8cb7-faf86e0ae502@group-C5BA1605619E-StateMachineUpdater] INFO  ratis.OzoneManagerStateMachine (OzoneManagerStateMachine.java:takeSnapshot(254)) - Saving Ratis snapshot on the OM.
2019-10-15 17:18:34,907 [79abbc2e-0a90-4a41-a17c-6388bb873359@group-B673650064C9-LeaderElection365] INFO  impl.LeaderElection (LeaderElection.java:logAndReturn(56)) - 79abbc2e-0a90-4a41-a17c-6388bb873359@group-B673650064C9-LeaderElection365: Election REJECTED; received 2 response(s) [79abbc2e-0a90-4a41-a17c-6388bb873359<-ebd8d1f9-8297-450f-abe7-393807ba0c7e#0:FAIL-t421, 79abbc2e-0a90-4a41-a17c-6388bb873359<-dbc121b5-e1e8-4c61-9d50-542b699a3d90#0:FAIL-t421] and 0 exception(s); 79abbc2e-0a90-4a41-a17c-6388bb873359@group-B673650064C9:t421, leader=null, voted=79abbc2e-0a90-4a41-a17c-6388bb873359, raftlog=79abbc2e-0a90-4a41-a17c-6388bb873359@group-B673650064C9-SegmentedRaftLog:OPENED:c-1,f-1,i0, conf=-1: [ebd8d1f9-8297-450f-abe7-393807ba0c7e:192.168.164.239:36510, dbc121b5-e1e8-4c61-9d50-542b699a3d90:192.168.164.239:43140, 79abbc2e-0a90-4a41-a17c-6388bb873359:192.168.164.239:37857], old=null
2019-10-15 17:18:34,907 [a907139f-6f37-4673-8cb7-faf86e0ae502@group-C5BA1605619E-StateMachineUpdater] INFO  ratis.OMRatisSnapshotInfo (OMRatisSnapshotInfo.java:saveRatisSnapshotToDisk(107)) - Saved Ratis Snapshot on the OM with snapshotIndex 5
2019-10-15 17:18:34,907 [a907139f-6f37-4673-8cb7-faf86e0ae502@group-C5BA1605619E-StateMachineUpdater] INFO  impl.StateMachineUpdater (StateMachineUpdater.java:takeSnapshot(269)) - a907139f-6f37-4673-8cb7-faf86e0ae502@group-C5BA1605619E-StateMachineUpdater: Took a snapshot at index 5
2019-10-15 17:18:34,907 [79abbc2e-0a90-4a41-a17c-6388bb873359@group-B673650064C9-LeaderElection365] INFO  impl.RaftServerImpl (RaftServerImpl.java:setRole(184)) - 79abbc2e-0a90-4a41-a17c-6388bb873359@group-B673650064C9: changes role from CANDIDATE to FOLLOWER at term 421 for DISCOVERED_A_NEW_TERM
2019-10-15 17:18:34,907 [a907139f-6f37-4673-8cb7-faf86e0ae502@group-C5BA1605619E-StateMachineUpdater] INFO  impl.StateMachineUpdater (StateMachineUpdater.java:lambda$new$0(84)) - a907139f-6f37-4673-8cb7-faf86e0ae502@group-C5BA1605619E-StateMachineUpdater: snapshotIndex: updateIncreasingly 5 -> 5
2019-10-15 17:18:34,907 [79abbc2e-0a90-4a41-a17c-6388bb873359@group-B673650064C9-LeaderElection365] INFO  impl.RoleInfo (RoleInfo.java:shutdownLeaderElection(134)) - 79abbc2e-0a90-4a41-a17c-6388bb873359: shutdown LeaderElection
2019-10-15 17:18:34,907 [79abbc2e-0a90-4a41-a17c-6388bb873359@group-B673650064C9-LeaderElection365] INFO  impl.RoleInfo (RoleInfo.java:updateAndGet(143)) - 79abbc2e-0a90-4a41-a17c-6388bb873359: start FollowerState
2019-10-15 17:18:34,907 [main] INFO  impl.RaftServerImpl (ServerState.java:close(388)) - a907139f-6f37-4673-8cb7-faf86e0ae502@group-C5BA1605619E: closes. applyIndex: 6
2019-10-15 17:18:34,910 [a907139f-6f37-4673-8cb7-faf86e0ae502@group-C5BA1605619E-SegmentedRaftLogWorker] INFO  segmented.SegmentedRaftLogWorker (SegmentedRaftLogWorker.java:run(316)) - a907139f-6f37-4673-8cb7-faf86e0ae502@group-C5BA1605619E-SegmentedRaftLogWorker was interrupted, exiting. There are 0 tasks remaining in the queue.
2019-10-15 17:18:34,912 [main] INFO  segmented.SegmentedRaftLogWorker (SegmentedRaftLogWorker.java:close(224)) - a907139f-6f37-4673-8cb7-faf86e0ae502@group-C5BA1605619E-SegmentedRaftLogWorker close()
2019-10-15 17:18:34,915 [main] INFO  server.GrpcService (GrpcService.java:closeImpl(164)) - a907139f-6f37-4673-8cb7-faf86e0ae502: shutdown server with port 9872 now
2019-10-15 17:18:34,917 [main] INFO  server.GrpcService (GrpcService.java:closeImpl(172)) - a907139f-6f37-4673-8cb7-faf86e0ae502: shutdown server with port 9872 successfully
2019-10-15 17:18:34,917 [main] INFO  ratis.OzoneManagerDoubleBuffer (OzoneManagerDoubleBuffer.java:stop(250)) - Stopping OMDoubleBuffer flush thread
2019-10-15 17:18:34,918 [OMDoubleBufferFlushThread] INFO  ratis.OzoneManagerDoubleBuffer (OzoneManagerDoubleBuffer.java:flushTransactions(193)) - OMDoubleBuffer flush thread OMDoubleBufferFlushThread is interrupted and will exit. OMDoubleBufferFlushThread
2019-10-15 17:18:34,919 [main] INFO  utils.BackgroundService (BackgroundService.java:shutdown(151)) - Shutting down service KeyDeletingService
2019-10-15 17:18:34,924 [main] INFO  handler.ContextHandler (ContextHandler.java:doStop(910)) - Stopped o.e.j.w.WebAppContext@5d5160e6{/,null,UNAVAILABLE}{/ozoneManager}
2019-10-15 17:18:34,930 [main] INFO  server.AbstractConnector (AbstractConnector.java:doStop(318)) - Stopped ServerConnector@2eadc9f6{HTTP/1.1,[http/1.1]}{0.0.0.0:0}
2019-10-15 17:18:34,931 [main] INFO  handler.ContextHandler (ContextHandler.java:doStop(910)) - Stopped o.e.j.s.ServletContextHandler@5e671e20{/static,file:///workdir/hadoop-ozone/integration-test/target/test-classes/webapps/static,UNAVAILABLE}
2019-10-15 17:18:34,931 [main] INFO  handler.ContextHandler (ContextHandler.java:doStop(910)) - Stopped o.e.j.s.ServletContextHandler@59e43e8c{/logs,file:///workdir/hadoop-ozone/integration-test/target/log,UNAVAILABLE}
2019-10-15 17:18:34,936 [main] INFO  ozone.MiniOzoneClusterImpl (MiniOzoneClusterImpl.java:stopDatanodes(377)) - Stopping the HddsDatanodes
2019-10-15 17:18:35,075 [Thread-2774] INFO  impl.FollowerState (FollowerState.java:run(108)) - 79abbc2e-0a90-4a41-a17c-6388bb873359@group-B673650064C9-FollowerState: change to CANDIDATE, lastRpcTime:167ms, electionTimeout:167ms
2019-10-15 17:18:35,075 [Thread-2774] INFO  impl.RoleInfo (RoleInfo.java:shutdownFollowerState(121)) - 79abbc2e-0a90-4a41-a17c-6388bb873359: shutdown FollowerState
2019-10-15 17:18:35,075 [Thread-2774] INFO  impl.RaftServerImpl (RaftServerImpl.java:setRole(184)) - 79abbc2e-0a90-4a41-a17c-6388bb873359@group-B673650064C9: changes role from  FOLLOWER to CANDIDATE at term 421 for changeToCandidate
2019-10-15 17:18:35,076 [Thread-2774] INFO  impl.RoleInfo (RoleInfo.java:updateAndGet(143)) - 79abbc2e-0a90-4a41-a17c-6388bb873359: start LeaderElection
2019-10-15 17:18:35,098 [79abbc2e-0a90-4a41-a17c-6388bb873359@group-B673650064C9-LeaderElection366] INFO  impl.LeaderElection (LeaderElection.java:askForVotes(178)) - 79abbc2e-0a90-4a41-a17c-6388bb873359@group-B673650064C9-LeaderElection366: begin an election at term 422 for -1: [ebd8d1f9-8297-450f-abe7-393807ba0c7e:192.168.164.239:36510, dbc121b5-e1e8-4c61-9d50-542b699a3d90:192.168.164.239:43140, 79abbc2e-0a90-4a41-a17c-6388bb873359:192.168.164.239:37857], old=null
2019-10-15 17:18:35,100 [grpc-default-executor-1] INFO  impl.RaftServerImpl (RaftServerImpl.java:setRole(184)) - dbc121b5-e1e8-4c61-9d50-542b699a3d90@group-B673650064C9: changes role from  FOLLOWER to FOLLOWER at term 422 for recognizeCandidate:79abbc2e-0a90-4a41-a17c-6388bb873359
2019-10-15 17:18:35,100 [grpc-default-executor-0] INFO  impl.RaftServerImpl (RaftServerImpl.java:setRole(184)) - ebd8d1f9-8297-450f-abe7-393807ba0c7e@group-B673650064C9: changes role from  FOLLOWER to FOLLOWER at term 422 for recognizeCandidate:79abbc2e-0a90-4a41-a17c-6388bb873359
2019-10-15 17:18:35,100 [grpc-default-executor-1] INFO  impl.RoleInfo (RoleInfo.java:shutdownFollowerState(121)) - dbc121b5-e1e8-4c61-9d50-542b699a3d90: shutdown FollowerState
2019-10-15 17:18:35,101 [grpc-default-executor-0] INFO  impl.RoleInfo (RoleInfo.java:shutdownFollowerState(121)) - ebd8d1f9-8297-450f-abe7-393807ba0c7e: shutdown FollowerState
2019-10-15 17:18:35,101 [Thread-2771] INFO  impl.FollowerState (FollowerState.java:run(117)) - dbc121b5-e1e8-4c61-9d50-542b699a3d90@group-B673650064C9-FollowerState was interrupted: java.lang.InterruptedException: sleep interrupted
2019-10-15 17:18:35,101 [grpc-default-executor-1] INFO  impl.RoleInfo (RoleInfo.java:updateAndGet(143)) - dbc121b5-e1e8-4c61-9d50-542b699a3d90: start FollowerState
2019-10-15 17:18:35,101 [Thread-2772] INFO  impl.FollowerState (FollowerState.java:run(117)) - ebd8d1f9-8297-450f-abe7-393807ba0c7e@group-B673650064C9-FollowerState was interrupted: java.lang.InterruptedException: sleep interrupted
2019-10-15 17:18:35,101 [grpc-default-executor-0] INFO  impl.RoleInfo (RoleInfo.java:updateAndGet(143)) - ebd8d1f9-8297-450f-abe7-393807ba0c7e: start FollowerState
2019-10-15 17:18:35,124 [79abbc2e-0a90-4a41-a17c-6388bb873359@group-B673650064C9-LeaderElection366] INFO  impl.LeaderElection (LeaderElection.java:logAndReturn(56)) - 79abbc2e-0a90-4a41-a17c-6388bb873359@group-B673650064C9-LeaderElection366: Election REJECTED; received 2 response(s) [79abbc2e-0a90-4a41-a17c-6388bb873359<-ebd8d1f9-8297-450f-abe7-393807ba0c7e#0:FAIL-t422, 79abbc2e-0a90-4a41-a17c-6388bb873359<-dbc121b5-e1e8-4c61-9d50-542b699a3d90#0:FAIL-t422] and 0 exception(s); 79abbc2e-0a90-4a41-a17c-6388bb873359@group-B673650064C9:t422, leader=null, voted=79abbc2e-0a90-4a41-a17c-6388bb873359, raftlog=79abbc2e-0a90-4a41-a17c-6388bb873359@group-B673650064C9-SegmentedRaftLog:OPENED:c-1,f-1,i0, conf=-1: [ebd8d1f9-8297-450f-abe7-393807ba0c7e:192.168.164.239:36510, dbc121b5-e1e8-4c61-9d50-542b699a3d90:192.168.164.239:43140, 79abbc2e-0a90-4a41-a17c-6388bb873359:192.168.164.239:37857], old=null
2019-10-15 17:18:35,124 [79abbc2e-0a90-4a41-a17c-6388bb873359@group-B673650064C9-LeaderElection366] INFO  impl.RaftServerImpl (RaftServerImpl.java:setRole(184)) - 79abbc2e-0a90-4a41-a17c-6388bb873359@group-B673650064C9: changes role from CANDIDATE to FOLLOWER at term 422 for DISCOVERED_A_NEW_TERM
2019-10-15 17:18:35,125 [79abbc2e-0a90-4a41-a17c-6388bb873359@group-B673650064C9-LeaderElection366] INFO  impl.RoleInfo (RoleInfo.java:shutdownLeaderElection(134)) - 79abbc2e-0a90-4a41-a17c-6388bb873359: shutdown LeaderElection
2019-10-15 17:18:35,125 [79abbc2e-0a90-4a41-a17c-6388bb873359@group-B673650064C9-LeaderElection366] INFO  impl.RoleInfo (RoleInfo.java:updateAndGet(143)) - 79abbc2e-0a90-4a41-a17c-6388bb873359: start FollowerState
2019-10-15 17:18:35,127 [Thread-2780] INFO  impl.FollowerState (FollowerState.java:run(108)) - 79abbc2e-0a90-4a41-a17c-6388bb873359@group-B673650064C9-FollowerState: change to CANDIDATE, lastRpcTime:2ms, electionTimeout:2ms
2019-10-15 17:18:35,127 [Thread-2780] INFO  impl.RoleInfo (RoleInfo.java:shutdownFollowerState(121)) - 79abbc2e-0a90-4a41-a17c-6388bb873359: shutdown FollowerState
2019-10-15 17:18:35,127 [Thread-2780] INFO  impl.RaftServerImpl (RaftServerImpl.java:setRole(184)) - 79abbc2e-0a90-4a41-a17c-6388bb873359@group-B673650064C9: changes role from  FOLLOWER to CANDIDATE at term 422 for changeToCandidate
2019-10-15 17:18:35,127 [Thread-2780] INFO  impl.RoleInfo (RoleInfo.java:updateAndGet(143)) - 79abbc2e-0a90-4a41-a17c-6388bb873359: start LeaderElection
2019-10-15 17:18:35,149 [79abbc2e-0a90-4a41-a17c-6388bb873359@group-B673650064C9-LeaderElection367] INFO  impl.LeaderElection (LeaderElection.java:askForVotes(178)) - 79abbc2e-0a90-4a41-a17c-6388bb873359@group-B673650064C9-LeaderElection367: begin an election at term 423 for -1: [ebd8d1f9-8297-450f-abe7-393807ba0c7e:192.168.164.239:36510, dbc121b5-e1e8-4c61-9d50-542b699a3d90:192.168.164.239:43140, 79abbc2e-0a90-4a41-a17c-6388bb873359:192.168.164.239:37857], old=null
2019-10-15 17:18:35,150 [grpc-default-executor-1] INFO  impl.RaftServerImpl (RaftServerImpl.java:setRole(184)) - ebd8d1f9-8297-450f-abe7-393807ba0c7e@group-B673650064C9: changes role from  FOLLOWER to FOLLOWER at term 423 for recognizeCandidate:79abbc2e-0a90-4a41-a17c-6388bb873359
2019-10-15 17:18:35,150 [grpc-default-executor-1] INFO  impl.RoleInfo (RoleInfo.java:shutdownFollowerState(121)) - ebd8d1f9-8297-450f-abe7-393807ba0c7e: shutdown FollowerState
2019-10-15 17:18:35,151 [grpc-default-executor-0] INFO  impl.RaftServerImpl (RaftServerImpl.java:setRole(184)) - dbc121b5-e1e8-4c61-9d50-542b699a3d90@group-B673650064C9: changes role from  FOLLOWER to FOLLOWER at term 423 for recognizeCandidate:79abbc2e-0a90-4a41-a17c-6388bb873359
2019-10-15 17:18:35,151 [grpc-default-executor-0] INFO  impl.RoleInfo (RoleInfo.java:shutdownFollowerState(121)) - dbc121b5-e1e8-4c61-9d50-542b699a3d90: shutdown FollowerState
2019-10-15 17:18:35,151 [Thread-2779] INFO  impl.FollowerState (FollowerState.java:run(117)) - ebd8d1f9-8297-450f-abe7-393807ba0c7e@group-B673650064C9-FollowerState was interrupted: java.lang.InterruptedException: sleep interrupted
2019-10-15 17:18:35,151 [grpc-default-executor-1] INFO  impl.RoleInfo (RoleInfo.java:updateAndGet(143)) - ebd8d1f9-8297-450f-abe7-393807ba0c7e: start FollowerState
2019-10-15 17:18:35,151 [Thread-2778] INFO  impl.FollowerState (FollowerState.java:run(117)) - dbc121b5-e1e8-4c61-9d50-542b699a3d90@group-B673650064C9-FollowerState was interrupted: java.lang.InterruptedException: sleep interrupted
2019-10-15 17:18:35,151 [grpc-default-executor-0] INFO  impl.RoleInfo (RoleInfo.java:updateAndGet(143)) - dbc121b5-e1e8-4c61-9d50-542b699a3d90: start FollowerState
2019-10-15 17:18:35,154 [79abbc2e-0a90-4a41-a17c-6388bb873359@group-B673650064C9-LeaderElection367] INFO  impl.LeaderElection (LeaderElection.java:logAndReturn(56)) - 79abbc2e-0a90-4a41-a17c-6388bb873359@group-B673650064C9-LeaderElection367: Election TIMEOUT; received 0 response(s) [] and 0 exception(s); 79abbc2e-0a90-4a41-a17c-6388bb873359@group-B673650064C9:t423, leader=null, voted=79abbc2e-0a90-4a41-a17c-6388bb873359, raftlog=79abbc2e-0a90-4a41-a17c-6388bb873359@group-B673650064C9-SegmentedRaftLog:OPENED:c-1,f-1,i0, conf=-1: [ebd8d1f9-8297-450f-abe7-393807ba0c7e:192.168.164.239:36510, dbc121b5-e1e8-4c61-9d50-542b699a3d90:192.168.164.239:43140, 79abbc2e-0a90-4a41-a17c-6388bb873359:192.168.164.239:37857], old=null
2019-10-15 17:18:35,174 [79abbc2e-0a90-4a41-a17c-6388bb873359@group-B673650064C9-LeaderElection367] INFO  impl.LeaderElection (LeaderElection.java:askForVotes(178)) - 79abbc2e-0a90-4a41-a17c-6388bb873359@group-B673650064C9-LeaderElection367: begin an election at term 424 for -1: [ebd8d1f9-8297-450f-abe7-393807ba0c7e:192.168.164.239:36510, dbc121b5-e1e8-4c61-9d50-542b699a3d90:192.168.164.239:43140, 79abbc2e-0a90-4a41-a17c-6388bb873359:192.168.164.239:37857], old=null
2019-10-15 17:18:35,176 [grpc-default-executor-1] INFO  impl.RaftServerImpl (RaftServerImpl.java:setRole(184)) - ebd8d1f9-8297-450f-abe7-393807ba0c7e@group-B673650064C9: changes role from  FOLLOWER to FOLLOWER at term 424 for recognizeCandidate:79abbc2e-0a90-4a41-a17c-6388bb873359
2019-10-15 17:18:35,176 [grpc-default-executor-1] INFO  impl.RoleInfo (RoleInfo.java:shutdownFollowerState(121)) - ebd8d1f9-8297-450f-abe7-393807ba0c7e: shutdown FollowerState
2019-10-15 17:18:35,176 [grpc-default-executor-0] INFO  impl.RaftServerImpl (RaftServerImpl.java:setRole(184)) - dbc121b5-e1e8-4c61-9d50-542b699a3d90@group-B673650064C9: changes role from  FOLLOWER to FOLLOWER at term 424 for recognizeCandidate:79abbc2e-0a90-4a41-a17c-6388bb873359
2019-10-15 17:18:35,176 [grpc-default-executor-0] INFO  impl.RoleInfo (RoleInfo.java:shutdownFollowerState(121)) - dbc121b5-e1e8-4c61-9d50-542b699a3d90: shutdown FollowerState
2019-10-15 17:18:35,181 [grpc-default-executor-0] INFO  impl.RoleInfo (RoleInfo.java:updateAndGet(143)) - dbc121b5-e1e8-4c61-9d50-542b699a3d90: start FollowerState
2019-10-15 17:18:35,181 [Thread-2784] INFO  impl.FollowerState (FollowerState.java:run(117)) - ebd8d1f9-8297-450f-abe7-393807ba0c7e@group-B673650064C9-FollowerState was interrupted: java.lang.InterruptedException: sleep interrupted
2019-10-15 17:18:35,181 [grpc-default-executor-1] INFO  impl.RoleInfo (RoleInfo.java:updateAndGet(143)) - ebd8d1f9-8297-450f-abe7-393807ba0c7e: start FollowerState
2019-10-15 17:18:35,181 [Thread-2785] INFO  impl.FollowerState (FollowerState.java:run(117)) - dbc121b5-e1e8-4c61-9d50-542b699a3d90@group-B673650064C9-FollowerState was interrupted: java.lang.InterruptedException: sleep interrupted
2019-10-15 17:18:35,209 [79abbc2e-0a90-4a41-a17c-6388bb873359@group-B673650064C9-LeaderElection367] INFO  impl.LeaderElection (LeaderElection.java:logAndReturn(56)) - 79abbc2e-0a90-4a41-a17c-6388bb873359@group-B673650064C9-LeaderElection367: Election REJECTED; received 2 response(s) [79abbc2e-0a90-4a41-a17c-6388bb873359<-ebd8d1f9-8297-450f-abe7-393807ba0c7e#0:FAIL-t424, 79abbc2e-0a90-4a41-a17c-6388bb873359<-dbc121b5-e1e8-4c61-9d50-542b699a3d90#0:FAIL-t424] and 0 exception(s); 79abbc2e-0a90-4a41-a17c-6388bb873359@group-B673650064C9:t424, leader=null, voted=79abbc2e-0a90-4a41-a17c-6388bb873359, raftlog=79abbc2e-0a90-4a41-a17c-6388bb873359@group-B673650064C9-SegmentedRaftLog:OPENED:c-1,f-1,i0, conf=-1: [ebd8d1f9-8297-450f-abe7-393807ba0c7e:192.168.164.239:36510, dbc121b5-e1e8-4c61-9d50-542b699a3d90:192.168.164.239:43140, 79abbc2e-0a90-4a41-a17c-6388bb873359:192.168.164.239:37857], old=null
2019-10-15 17:18:35,209 [79abbc2e-0a90-4a41-a17c-6388bb873359@group-B673650064C9-LeaderElection367] INFO  impl.RaftServerImpl (RaftServerImpl.java:setRole(184)) - 79abbc2e-0a90-4a41-a17c-6388bb873359@group-B673650064C9: changes role from CANDIDATE to FOLLOWER at term 424 for DISCOVERED_A_NEW_TERM
2019-10-15 17:18:35,209 [79abbc2e-0a90-4a41-a17c-6388bb873359@group-B673650064C9-LeaderElection367] INFO  impl.RoleInfo (RoleInfo.java:shutdownLeaderElection(134)) - 79abbc2e-0a90-4a41-a17c-6388bb873359: shutdown LeaderElection
2019-10-15 17:18:35,209 [79abbc2e-0a90-4a41-a17c-6388bb873359@group-B673650064C9-LeaderElection367] INFO  impl.RoleInfo (RoleInfo.java:updateAndGet(143)) - 79abbc2e-0a90-4a41-a17c-6388bb873359: start FollowerState
2019-10-15 17:18:35,245 [Thread-2790] INFO  impl.FollowerState (FollowerState.java:run(108)) - 79abbc2e-0a90-4a41-a17c-6388bb873359@group-B673650064C9-FollowerState: change to CANDIDATE, lastRpcTime:35ms, electionTimeout:35ms
2019-10-15 17:18:35,245 [Thread-2790] INFO  impl.RoleInfo (RoleInfo.java:shutdownFollowerState(121)) - 79abbc2e-0a90-4a41-a17c-6388bb873359: shutdown FollowerState
2019-10-15 17:18:35,245 [Thread-2790] INFO  impl.RaftServerImpl (RaftServerImpl.java:setRole(184)) - 79abbc2e-0a90-4a41-a17c-6388bb873359@group-B673650064C9: changes role from  FOLLOWER to CANDIDATE at term 424 for changeToCandidate
2019-10-15 17:18:35,245 [Thread-2790] INFO  impl.RoleInfo (RoleInfo.java:updateAndGet(143)) - 79abbc2e-0a90-4a41-a17c-6388bb873359: start LeaderElection
2019-10-15 17:18:35,276 [79abbc2e-0a90-4a41-a17c-6388bb873359@group-B673650064C9-LeaderElection368] INFO  impl.LeaderElection (LeaderElection.java:askForVotes(178)) - 79abbc2e-0a90-4a41-a17c-6388bb873359@group-B673650064C9-LeaderElection368: begin an election at term 425 for -1: [ebd8d1f9-8297-450f-abe7-393807ba0c7e:192.168.164.239:36510, dbc121b5-e1e8-4c61-9d50-542b699a3d90:192.168.164.239:43140, 79abbc2e-0a90-4a41-a17c-6388bb873359:192.168.164.239:37857], old=null
2019-10-15 17:18:35,278 [grpc-default-executor-0] INFO  impl.RaftServerImpl (RaftServerImpl.java:setRole(184)) - ebd8d1f9-8297-450f-abe7-393807ba0c7e@group-B673650064C9: changes role from  FOLLOWER to FOLLOWER at term 425 for recognizeCandidate:79abbc2e-0a90-4a41-a17c-6388bb873359
2019-10-15 17:18:35,278 [grpc-default-executor-0] INFO  impl.RoleInfo (RoleInfo.java:shutdownFollowerState(121)) - ebd8d1f9-8297-450f-abe7-393807ba0c7e: shutdown FollowerState
2019-10-15 17:18:35,278 [grpc-default-executor-1] INFO  impl.RaftServerImpl (RaftServerImpl.java:setRole(184)) - dbc121b5-e1e8-4c61-9d50-542b699a3d90@group-B673650064C9: changes role from  FOLLOWER to FOLLOWER at term 425 for recognizeCandidate:79abbc2e-0a90-4a41-a17c-6388bb873359
2019-10-15 17:18:35,278 [Thread-2789] INFO  impl.FollowerState (FollowerState.java:run(117)) - ebd8d1f9-8297-450f-abe7-393807ba0c7e@group-B673650064C9-FollowerState was interrupted: java.lang.InterruptedException: sleep interrupted
2019-10-15 17:18:35,278 [grpc-default-executor-0] INFO  impl.RoleInfo (RoleInfo.java:updateAndGet(143)) - ebd8d1f9-8297-450f-abe7-393807ba0c7e: start FollowerState
2019-10-15 17:18:35,278 [grpc-default-executor-1] INFO  impl.RoleInfo (RoleInfo.java:shutdownFollowerState(121)) - dbc121b5-e1e8-4c61-9d50-542b699a3d90: shutdown FollowerState
2019-10-15 17:18:35,279 [grpc-default-executor-1] INFO  impl.RoleInfo (RoleInfo.java:updateAndGet(143)) - dbc121b5-e1e8-4c61-9d50-542b699a3d90: start FollowerState
2019-10-15 17:18:35,279 [Thread-2788] INFO  impl.FollowerState (FollowerState.java:run(117)) - dbc121b5-e1e8-4c61-9d50-542b699a3d90@group-B673650064C9-FollowerState was interrupted: java.lang.InterruptedException: sleep interrupted
2019-10-15 17:18:35,309 [79abbc2e-0a90-4a41-a17c-6388bb873359@group-B673650064C9-LeaderElection368] INFO  impl.LeaderElection (LeaderElection.java:logAndReturn(56)) - 79abbc2e-0a90-4a41-a17c-6388bb873359@group-B673650064C9-LeaderElection368: Election REJECTED; received 2 response(s) [79abbc2e-0a90-4a41-a17c-6388bb873359<-ebd8d1f9-8297-450f-abe7-393807ba0c7e#0:FAIL-t425, 79abbc2e-0a90-4a41-a17c-6388bb873359<-dbc121b5-e1e8-4c61-9d50-542b699a3d90#0:FAIL-t425] and 0 exception(s); 79abbc2e-0a90-4a41-a17c-6388bb873359@group-B673650064C9:t425, leader=null, voted=79abbc2e-0a90-4a41-a17c-6388bb873359, raftlog=79abbc2e-0a90-4a41-a17c-6388bb873359@group-B673650064C9-SegmentedRaftLog:OPENED:c-1,f-1,i0, conf=-1: [ebd8d1f9-8297-450f-abe7-393807ba0c7e:192.168.164.239:36510, dbc121b5-e1e8-4c61-9d50-542b699a3d90:192.168.164.239:43140, 79abbc2e-0a90-4a41-a17c-6388bb873359:192.168.164.239:37857], old=null
2019-10-15 17:18:35,310 [79abbc2e-0a90-4a41-a17c-6388bb873359@group-B673650064C9-LeaderElection368] INFO  impl.RaftServerImpl (RaftServerImpl.java:setRole(184)) - 79abbc2e-0a90-4a41-a17c-6388bb873359@group-B673650064C9: changes role from CANDIDATE to FOLLOWER at term 425 for DISCOVERED_A_NEW_TERM
2019-10-15 17:18:35,310 [79abbc2e-0a90-4a41-a17c-6388bb873359@group-B673650064C9-LeaderElection368] INFO  impl.RoleInfo (RoleInfo.java:shutdownLeaderElection(134)) - 79abbc2e-0a90-4a41-a17c-6388bb873359: shutdown LeaderElection
2019-10-15 17:18:35,310 [79abbc2e-0a90-4a41-a17c-6388bb873359@group-B673650064C9-LeaderElection368] INFO  impl.RoleInfo (RoleInfo.java:updateAndGet(143)) - 79abbc2e-0a90-4a41-a17c-6388bb873359: start FollowerState
2019-10-15 17:18:35,315 [Thread-2798] INFO  impl.FollowerState (FollowerState.java:run(108)) - 79abbc2e-0a90-4a41-a17c-6388bb873359@group-B673650064C9-FollowerState: change to CANDIDATE, lastRpcTime:5ms, electionTimeout:5ms
2019-10-15 17:18:35,315 [Thread-2798] INFO  impl.RoleInfo (RoleInfo.java:shutdownFollowerState(121)) - 79abbc2e-0a90-4a41-a17c-6388bb873359: shutdown FollowerState
2019-10-15 17:18:35,315 [Thread-2798] INFO  impl.RaftServerImpl (RaftServerImpl.java:setRole(184)) - 79abbc2e-0a90-4a41-a17c-6388bb873359@group-B673650064C9: changes role from  FOLLOWER to CANDIDATE at term 425 for changeToCandidate
2019-10-15 17:18:35,316 [Thread-2798] INFO  impl.RoleInfo (RoleInfo.java:updateAndGet(143)) - 79abbc2e-0a90-4a41-a17c-6388bb873359: start LeaderElection
2019-10-15 17:18:35,342 [79abbc2e-0a90-4a41-a17c-6388bb873359@group-B673650064C9-LeaderElection369] INFO  impl.LeaderElection (LeaderElection.java:askForVotes(178)) - 79abbc2e-0a90-4a41-a17c-6388bb873359@group-B673650064C9-LeaderElection369: begin an election at term 426 for -1: [ebd8d1f9-8297-450f-abe7-393807ba0c7e:192.168.164.239:36510, dbc121b5-e1e8-4c61-9d50-542b699a3d90:192.168.164.239:43140, 79abbc2e-0a90-4a41-a17c-6388bb873359:192.168.164.239:37857], old=null
2019-10-15 17:18:35,344 [grpc-default-executor-0] INFO  impl.RaftServerImpl (RaftServerImpl.java:setRole(184)) - ebd8d1f9-8297-450f-abe7-393807ba0c7e@group-B673650064C9: changes role from  FOLLOWER to FOLLOWER at term 426 for recognizeCandidate:79abbc2e-0a90-4a41-a17c-6388bb873359
2019-10-15 17:18:35,344 [grpc-default-executor-0] INFO  impl.RoleInfo (RoleInfo.java:shutdownFollowerState(121)) - ebd8d1f9-8297-450f-abe7-393807ba0c7e: shutdown FollowerState
2019-10-15 17:18:35,344 [grpc-default-executor-1] INFO  impl.RaftServerImpl (RaftServerImpl.java:setRole(184)) - dbc121b5-e1e8-4c61-9d50-542b699a3d90@group-B673650064C9: changes role from  FOLLOWER to FOLLOWER at term 426 for recognizeCandidate:79abbc2e-0a90-4a41-a17c-6388bb873359
2019-10-15 17:18:35,344 [grpc-default-executor-1] INFO  impl.RoleInfo (RoleInfo.java:shutdownFollowerState(121)) - dbc121b5-e1e8-4c61-9d50-542b699a3d90: shutdown FollowerState
2019-10-15 17:18:35,344 [Thread-2796] INFO  impl.FollowerState (FollowerState.java:run(117)) - ebd8d1f9-8297-450f-abe7-393807ba0c7e@group-B673650064C9-FollowerState was interrupted: java.lang.InterruptedException: sleep interrupted
2019-10-15 17:18:35,344 [grpc-default-executor-0] INFO  impl.RoleInfo (RoleInfo.java:updateAndGet(143)) - ebd8d1f9-8297-450f-abe7-393807ba0c7e: start FollowerState
2019-10-15 17:18:35,345 [Thread-2797] INFO  impl.FollowerState (FollowerState.java:run(117)) - dbc121b5-e1e8-4c61-9d50-542b699a3d90@group-B673650064C9-FollowerState was interrupted: java.lang.InterruptedException: sleep interrupted
2019-10-15 17:18:35,345 [grpc-default-executor-1] INFO  impl.RoleInfo (RoleInfo.java:updateAndGet(143)) - dbc121b5-e1e8-4c61-9d50-542b699a3d90: start FollowerState
2019-10-15 17:18:35,368 [79abbc2e-0a90-4a41-a17c-6388bb873359@group-B673650064C9-LeaderElection369] INFO  impl.LeaderElection (LeaderElection.java:logAndReturn(56)) - 79abbc2e-0a90-4a41-a17c-6388bb873359@group-B673650064C9-LeaderElection369: Election REJECTED; received 2 response(s) [79abbc2e-0a90-4a41-a17c-6388bb873359<-ebd8d1f9-8297-450f-abe7-393807ba0c7e#0:FAIL-t426, 79abbc2e-0a90-4a41-a17c-6388bb873359<-dbc121b5-e1e8-4c61-9d50-542b699a3d90#0:FAIL-t426] and 0 exception(s); 79abbc2e-0a90-4a41-a17c-6388bb873359@group-B673650064C9:t426, leader=null, voted=79abbc2e-0a90-4a41-a17c-6388bb873359, raftlog=79abbc2e-0a90-4a41-a17c-6388bb873359@group-B673650064C9-SegmentedRaftLog:OPENED:c-1,f-1,i0, conf=-1: [ebd8d1f9-8297-450f-abe7-393807ba0c7e:192.168.164.239:36510, dbc121b5-e1e8-4c61-9d50-542b699a3d90:192.168.164.239:43140, 79abbc2e-0a90-4a41-a17c-6388bb873359:192.168.164.239:37857], old=null
2019-10-15 17:18:35,368 [79abbc2e-0a90-4a41-a17c-6388bb873359@group-B673650064C9-LeaderElection369] INFO  impl.RaftServerImpl (RaftServerImpl.java:setRole(184)) - 79abbc2e-0a90-4a41-a17c-6388bb873359@group-B673650064C9: changes role from CANDIDATE to FOLLOWER at term 426 for DISCOVERED_A_NEW_TERM
2019-10-15 17:18:35,369 [79abbc2e-0a90-4a41-a17c-6388bb873359@group-B673650064C9-LeaderElection369] INFO  impl.RoleInfo (RoleInfo.java:shutdownLeaderElection(134)) - 79abbc2e-0a90-4a41-a17c-6388bb873359: shutdown LeaderElection
2019-10-15 17:18:35,369 [79abbc2e-0a90-4a41-a17c-6388bb873359@group-B673650064C9-LeaderElection369] INFO  impl.RoleInfo (RoleInfo.java:updateAndGet(143)) - 79abbc2e-0a90-4a41-a17c-6388bb873359: start FollowerState
2019-10-15 17:18:35,518 [Thread-2804] INFO  impl.FollowerState (FollowerState.java:run(108)) - 79abbc2e-0a90-4a41-a17c-6388bb873359@group-B673650064C9-FollowerState: change to CANDIDATE, lastRpcTime:149ms, electionTimeout:149ms
2019-10-15 17:18:35,518 [Thread-2804] INFO  impl.RoleInfo (RoleInfo.java:shutdownFollowerState(121)) - 79abbc2e-0a90-4a41-a17c-6388bb873359: shutdown FollowerState
2019-10-15 17:18:35,518 [Thread-2804] INFO  impl.RaftServerImpl (RaftServerImpl.java:setRole(184)) - 79abbc2e-0a90-4a41-a17c-6388bb873359@group-B673650064C9: changes role from  FOLLOWER to CANDIDATE at term 426 for changeToCandidate
2019-10-15 17:18:35,518 [Thread-2804] INFO  impl.RoleInfo (RoleInfo.java:updateAndGet(143)) - 79abbc2e-0a90-4a41-a17c-6388bb873359: start LeaderElection
2019-10-15 17:18:35,543 [79abbc2e-0a90-4a41-a17c-6388bb873359@group-B673650064C9-LeaderElection370] INFO  impl.LeaderElection (LeaderElection.java:askForVotes(178)) - 79abbc2e-0a90-4a41-a17c-6388bb873359@group-B673650064C9-LeaderElection370: begin an election at term 427 for -1: [ebd8d1f9-8297-450f-abe7-393807ba0c7e:192.168.164.239:36510, dbc121b5-e1e8-4c61-9d50-542b699a3d90:192.168.164.239:43140, 79abbc2e-0a90-4a41-a17c-6388bb873359:192.168.164.239:37857], old=null
2019-10-15 17:18:35,545 [grpc-default-executor-0] INFO  impl.RaftServerImpl (RaftServerImpl.java:setRole(184)) - ebd8d1f9-8297-450f-abe7-393807ba0c7e@group-B673650064C9: changes role from  FOLLOWER to FOLLOWER at term 427 for recognizeCandidate:79abbc2e-0a90-4a41-a17c-6388bb873359
2019-10-15 17:18:35,545 [grpc-default-executor-0] INFO  impl.RoleInfo (RoleInfo.java:shutdownFollowerState(121)) - ebd8d1f9-8297-450f-abe7-393807ba0c7e: shutdown FollowerState
2019-10-15 17:18:35,545 [grpc-default-executor-1] INFO  impl.RaftServerImpl (RaftServerImpl.java:setRole(184)) - dbc121b5-e1e8-4c61-9d50-542b699a3d90@group-B673650064C9: changes role from  FOLLOWER to FOLLOWER at term 427 for recognizeCandidate:79abbc2e-0a90-4a41-a17c-6388bb873359
2019-10-15 17:18:35,546 [grpc-default-executor-1] INFO  impl.RoleInfo (RoleInfo.java:shutdownFollowerState(121)) - dbc121b5-e1e8-4c61-9d50-542b699a3d90: shutdown FollowerState
2019-10-15 17:18:35,545 [Thread-2802] INFO  impl.FollowerState (FollowerState.java:run(117)) - ebd8d1f9-8297-450f-abe7-393807ba0c7e@group-B673650064C9-FollowerState was interrupted: java.lang.InterruptedException: sleep interrupted
2019-10-15 17:18:35,546 [Thread-2803] INFO  impl.FollowerState (FollowerState.java:run(117)) - dbc121b5-e1e8-4c61-9d50-542b699a3d90@group-B673650064C9-FollowerState was interrupted: java.lang.InterruptedException: sleep interrupted
2019-10-15 17:18:35,545 [grpc-default-executor-0] INFO  impl.RoleInfo (RoleInfo.java:updateAndGet(143)) - ebd8d1f9-8297-450f-abe7-393807ba0c7e: start FollowerState
2019-10-15 17:18:35,546 [grpc-default-executor-1] INFO  impl.RoleInfo (RoleInfo.java:updateAndGet(143)) - dbc121b5-e1e8-4c61-9d50-542b699a3d90: start FollowerState
2019-10-15 17:18:35,569 [79abbc2e-0a90-4a41-a17c-6388bb873359@group-B673650064C9-LeaderElection370] INFO  impl.LeaderElection (LeaderElection.java:logAndReturn(56)) - 79abbc2e-0a90-4a41-a17c-6388bb873359@group-B673650064C9-LeaderElection370: Election REJECTED; received 2 response(s) [79abbc2e-0a90-4a41-a17c-6388bb873359<-ebd8d1f9-8297-450f-abe7-393807ba0c7e#0:FAIL-t427, 79abbc2e-0a90-4a41-a17c-6388bb873359<-dbc121b5-e1e8-4c61-9d50-542b699a3d90#0:FAIL-t427] and 0 exception(s); 79abbc2e-0a90-4a41-a17c-6388bb873359@group-B673650064C9:t427, leader=null, voted=79abbc2e-0a90-4a41-a17c-6388bb873359, raftlog=79abbc2e-0a90-4a41-a17c-6388bb873359@group-B673650064C9-SegmentedRaftLog:OPENED:c-1,f-1,i0, conf=-1: [ebd8d1f9-8297-450f-abe7-393807ba0c7e:192.168.164.239:36510, dbc121b5-e1e8-4c61-9d50-542b699a3d90:192.168.164.239:43140, 79abbc2e-0a90-4a41-a17c-6388bb873359:192.168.164.239:37857], old=null
2019-10-15 17:18:35,569 [79abbc2e-0a90-4a41-a17c-6388bb873359@group-B673650064C9-LeaderElection370] INFO  impl.RaftServerImpl (RaftServerImpl.java:setRole(184)) - 79abbc2e-0a90-4a41-a17c-6388bb873359@group-B673650064C9: changes role from CANDIDATE to FOLLOWER at term 427 for DISCOVERED_A_NEW_TERM
2019-10-15 17:18:35,570 [79abbc2e-0a90-4a41-a17c-6388bb873359@group-B673650064C9-LeaderElection370] INFO  impl.RoleInfo (RoleInfo.java:shutdownLeaderElection(134)) - 79abbc2e-0a90-4a41-a17c-6388bb873359: shutdown LeaderElection
2019-10-15 17:18:35,570 [79abbc2e-0a90-4a41-a17c-6388bb873359@group-B673650064C9-LeaderElection370] INFO  impl.RoleInfo (RoleInfo.java:updateAndGet(143)) - 79abbc2e-0a90-4a41-a17c-6388bb873359: start FollowerState
2019-10-15 17:18:35,644 [Thread-2810] INFO  impl.FollowerState (FollowerState.java:run(108)) - 79abbc2e-0a90-4a41-a17c-6388bb873359@group-B673650064C9-FollowerState: change to CANDIDATE, lastRpcTime:74ms, electionTimeout:74ms
2019-10-15 17:18:35,644 [Thread-2810] INFO  impl.RoleInfo (RoleInfo.java:shutdownFollowerState(121)) - 79abbc2e-0a90-4a41-a17c-6388bb873359: shutdown FollowerState
2019-10-15 17:18:35,644 [Thread-2810] INFO  impl.RaftServerImpl (RaftServerImpl.java:setRole(184)) - 79abbc2e-0a90-4a41-a17c-6388bb873359@group-B673650064C9: changes role from  FOLLOWER to CANDIDATE at term 427 for changeToCandidate
2019-10-15 17:18:35,644 [Thread-2810] INFO  impl.RoleInfo (RoleInfo.java:updateAndGet(143)) - 79abbc2e-0a90-4a41-a17c-6388bb873359: start LeaderElection
2019-10-15 17:18:35,669 [79abbc2e-0a90-4a41-a17c-6388bb873359@group-B673650064C9-LeaderElection371] INFO  impl.LeaderElection (LeaderElection.java:askForVotes(178)) - 79abbc2e-0a90-4a41-a17c-6388bb873359@group-B673650064C9-LeaderElection371: begin an election at term 428 for -1: [ebd8d1f9-8297-450f-abe7-393807ba0c7e:192.168.164.239:36510, dbc121b5-e1e8-4c61-9d50-542b699a3d90:192.168.164.239:43140, 79abbc2e-0a90-4a41-a17c-6388bb873359:192.168.164.239:37857], old=null
2019-10-15 17:18:35,671 [grpc-default-executor-1] INFO  impl.RaftServerImpl (RaftServerImpl.java:setRole(184)) - ebd8d1f9-8297-450f-abe7-393807ba0c7e@group-B673650064C9: changes role from  FOLLOWER to FOLLOWER at term 428 for recognizeCandidate:79abbc2e-0a90-4a41-a17c-6388bb873359
2019-10-15 17:18:35,671 [grpc-default-executor-1] INFO  impl.RoleInfo (RoleInfo.java:shutdownFollowerState(121)) - ebd8d1f9-8297-450f-abe7-393807ba0c7e: shutdown FollowerState
2019-10-15 17:18:35,671 [grpc-default-executor-0] INFO  impl.RaftServerImpl (RaftServerImpl.java:setRole(184)) - dbc121b5-e1e8-4c61-9d50-542b699a3d90@group-B673650064C9: changes role from  FOLLOWER to FOLLOWER at term 428 for recognizeCandidate:79abbc2e-0a90-4a41-a17c-6388bb873359
2019-10-15 17:18:35,671 [grpc-default-executor-0] INFO  impl.RoleInfo (RoleInfo.java:shutdownFollowerState(121)) - dbc121b5-e1e8-4c61-9d50-542b699a3d90: shutdown FollowerState
2019-10-15 17:18:35,671 [Thread-2808] INFO  impl.FollowerState (FollowerState.java:run(117)) - ebd8d1f9-8297-450f-abe7-393807ba0c7e@group-B673650064C9-FollowerState was interrupted: java.lang.InterruptedException: sleep interrupted
2019-10-15 17:18:35,671 [grpc-default-executor-1] INFO  impl.RoleInfo (RoleInfo.java:updateAndGet(143)) - ebd8d1f9-8297-450f-abe7-393807ba0c7e: start FollowerState
2019-10-15 17:18:35,671 [Thread-2809] INFO  impl.FollowerState (FollowerState.java:run(117)) - dbc121b5-e1e8-4c61-9d50-542b699a3d90@group-B673650064C9-FollowerState was interrupted: java.lang.InterruptedException: sleep interrupted
2019-10-15 17:18:35,671 [grpc-default-executor-0] INFO  impl.RoleInfo (RoleInfo.java:updateAndGet(143)) - dbc121b5-e1e8-4c61-9d50-542b699a3d90: start FollowerState
2019-10-15 17:18:35,680 [Datanode State Machine Thread - 0] INFO  statemachine.DatanodeStateMachine (DatanodeStateMachine.java:lambda$startDaemon$0(350)) - Ozone container server started.
2019-10-15 17:18:35,680 [Datanode State Machine Thread - 0] INFO  statemachine.DatanodeStateMachine (DatanodeStateMachine.java:lambda$startDaemon$0(350)) - Ozone container server started.
2019-10-15 17:18:35,696 [79abbc2e-0a90-4a41-a17c-6388bb873359@group-B673650064C9-LeaderElection371] INFO  impl.LeaderElection (LeaderElection.java:logAndReturn(56)) - 79abbc2e-0a90-4a41-a17c-6388bb873359@group-B673650064C9-LeaderElection371: Election REJECTED; received 2 response(s) [79abbc2e-0a90-4a41-a17c-6388bb873359<-ebd8d1f9-8297-450f-abe7-393807ba0c7e#0:FAIL-t428, 79abbc2e-0a90-4a41-a17c-6388bb873359<-dbc121b5-e1e8-4c61-9d50-542b699a3d90#0:FAIL-t428] and 0 exception(s); 79abbc2e-0a90-4a41-a17c-6388bb873359@group-B673650064C9:t428, leader=null, voted=79abbc2e-0a90-4a41-a17c-6388bb873359, raftlog=79abbc2e-0a90-4a41-a17c-6388bb873359@group-B673650064C9-SegmentedRaftLog:OPENED:c-1,f-1,i0, conf=-1: [ebd8d1f9-8297-450f-abe7-393807ba0c7e:192.168.164.239:36510, dbc121b5-e1e8-4c61-9d50-542b699a3d90:192.168.164.239:43140, 79abbc2e-0a90-4a41-a17c-6388bb873359:192.168.164.239:37857], old=null
2019-10-15 17:18:35,696 [79abbc2e-0a90-4a41-a17c-6388bb873359@group-B673650064C9-LeaderElection371] INFO  impl.RaftServerImpl (RaftServerImpl.java:setRole(184)) - 79abbc2e-0a90-4a41-a17c-6388bb873359@group-B673650064C9: changes role from CANDIDATE to FOLLOWER at term 428 for DISCOVERED_A_NEW_TERM
2019-10-15 17:18:35,696 [79abbc2e-0a90-4a41-a17c-6388bb873359@group-B673650064C9-LeaderElection371] INFO  impl.RoleInfo (RoleInfo.java:shutdownLeaderElection(134)) - 79abbc2e-0a90-4a41-a17c-6388bb873359: shutdown LeaderElection
2019-10-15 17:18:35,697 [79abbc2e-0a90-4a41-a17c-6388bb873359@group-B673650064C9-LeaderElection371] INFO  impl.RoleInfo (RoleInfo.java:updateAndGet(143)) - 79abbc2e-0a90-4a41-a17c-6388bb873359: start FollowerState
2019-10-15 17:18:35,894 [Thread-2816] INFO  impl.FollowerState (FollowerState.java:run(108)) - 79abbc2e-0a90-4a41-a17c-6388bb873359@group-B673650064C9-FollowerState: change to CANDIDATE, lastRpcTime:197ms, electionTimeout:197ms
2019-10-15 17:18:35,894 [Thread-2816] INFO  impl.RoleInfo (RoleInfo.java:shutdownFollowerState(121)) - 79abbc2e-0a90-4a41-a17c-6388bb873359: shutdown FollowerState
2019-10-15 17:18:35,894 [Thread-2816] INFO  impl.RaftServerImpl (RaftServerImpl.java:setRole(184)) - 79abbc2e-0a90-4a41-a17c-6388bb873359@group-B673650064C9: changes role from  FOLLOWER to CANDIDATE at term 428 for changeToCandidate
2019-10-15 17:18:35,895 [Thread-2816] INFO  impl.RoleInfo (RoleInfo.java:updateAndGet(143)) - 79abbc2e-0a90-4a41-a17c-6388bb873359: start LeaderElection
2019-10-15 17:18:35,921 [79abbc2e-0a90-4a41-a17c-6388bb873359@group-B673650064C9-LeaderElection372] INFO  impl.LeaderElection (LeaderElection.java:askForVotes(178)) - 79abbc2e-0a90-4a41-a17c-6388bb873359@group-B673650064C9-LeaderElection372: begin an election at term 429 for -1: [ebd8d1f9-8297-450f-abe7-393807ba0c7e:192.168.164.239:36510, dbc121b5-e1e8-4c61-9d50-542b699a3d90:192.168.164.239:43140, 79abbc2e-0a90-4a41-a17c-6388bb873359:192.168.164.239:37857], old=null
2019-10-15 17:18:35,923 [grpc-default-executor-1] INFO  impl.RaftServerImpl (RaftServerImpl.java:setRole(184)) - ebd8d1f9-8297-450f-abe7-393807ba0c7e@group-B673650064C9: changes role from  FOLLOWER to FOLLOWER at term 429 for recognizeCandidate:79abbc2e-0a90-4a41-a17c-6388bb873359
2019-10-15 17:18:35,923 [grpc-default-executor-0] INFO  impl.RaftServerImpl (RaftServerImpl.java:setRole(184)) - dbc121b5-e1e8-4c61-9d50-542b699a3d90@group-B673650064C9: changes role from  FOLLOWER to FOLLOWER at term 429 for recognizeCandidate:79abbc2e-0a90-4a41-a17c-6388bb873359
2019-10-15 17:18:35,923 [grpc-default-executor-1] INFO  impl.RoleInfo (RoleInfo.java:shutdownFollowerState(121)) - ebd8d1f9-8297-450f-abe7-393807ba0c7e: shutdown FollowerState
2019-10-15 17:18:35,923 [grpc-default-executor-0] INFO  impl.RoleInfo (RoleInfo.java:shutdownFollowerState(121)) - dbc121b5-e1e8-4c61-9d50-542b699a3d90: shutdown FollowerState
2019-10-15 17:18:35,923 [grpc-default-executor-1] INFO  impl.RoleInfo (RoleInfo.java:updateAndGet(143)) - ebd8d1f9-8297-450f-abe7-393807ba0c7e: start FollowerState
2019-10-15 17:18:35,924 [Thread-2815] INFO  impl.FollowerState (FollowerState.java:run(117)) - dbc121b5-e1e8-4c61-9d50-542b699a3d90@group-B673650064C9-FollowerState was interrupted: java.lang.InterruptedException: sleep interrupted
2019-10-15 17:18:35,924 [grpc-default-executor-0] INFO  impl.RoleInfo (RoleInfo.java:updateAndGet(143)) - dbc121b5-e1e8-4c61-9d50-542b699a3d90: start FollowerState
2019-10-15 17:18:35,924 [Thread-2814] INFO  impl.FollowerState (FollowerState.java:run(117)) - ebd8d1f9-8297-450f-abe7-393807ba0c7e@group-B673650064C9-FollowerState was interrupted: java.lang.InterruptedException: sleep interrupted
2019-10-15 17:18:35,947 [79abbc2e-0a90-4a41-a17c-6388bb873359@group-B673650064C9-LeaderElection372] INFO  impl.LeaderElection (LeaderElection.java:logAndReturn(56)) - 79abbc2e-0a90-4a41-a17c-6388bb873359@group-B673650064C9-LeaderElection372: Election REJECTED; received 2 response(s) [79abbc2e-0a90-4a41-a17c-6388bb873359<-ebd8d1f9-8297-450f-abe7-393807ba0c7e#0:FAIL-t429, 79abbc2e-0a90-4a41-a17c-6388bb873359<-dbc121b5-e1e8-4c61-9d50-542b699a3d90#0:FAIL-t429] and 0 exception(s); 79abbc2e-0a90-4a41-a17c-6388bb873359@group-B673650064C9:t429, leader=null, voted=79abbc2e-0a90-4a41-a17c-6388bb873359, raftlog=79abbc2e-0a90-4a41-a17c-6388bb873359@group-B673650064C9-SegmentedRaftLog:OPENED:c-1,f-1,i0, conf=-1: [ebd8d1f9-8297-450f-abe7-393807ba0c7e:192.168.164.239:36510, dbc121b5-e1e8-4c61-9d50-542b699a3d90:192.168.164.239:43140, 79abbc2e-0a90-4a41-a17c-6388bb873359:192.168.164.239:37857], old=null
2019-10-15 17:18:35,947 [79abbc2e-0a90-4a41-a17c-6388bb873359@group-B673650064C9-LeaderElection372] INFO  impl.RaftServerImpl (RaftServerImpl.java:setRole(184)) - 79abbc2e-0a90-4a41-a17c-6388bb873359@group-B673650064C9: changes role from CANDIDATE to FOLLOWER at term 429 for DISCOVERED_A_NEW_TERM
2019-10-15 17:18:35,947 [79abbc2e-0a90-4a41-a17c-6388bb873359@group-B673650064C9-LeaderElection372] INFO  impl.RoleInfo (RoleInfo.java:shutdownLeaderElection(134)) - 79abbc2e-0a90-4a41-a17c-6388bb873359: shutdown LeaderElection
2019-10-15 17:18:35,948 [79abbc2e-0a90-4a41-a17c-6388bb873359@group-B673650064C9-LeaderElection372] INFO  impl.RoleInfo (RoleInfo.java:updateAndGet(143)) - 79abbc2e-0a90-4a41-a17c-6388bb873359: start FollowerState
2019-10-15 17:18:36,035 [Thread-2822] INFO  impl.FollowerState (FollowerState.java:run(108)) - 79abbc2e-0a90-4a41-a17c-6388bb873359@group-B673650064C9-FollowerState: change to CANDIDATE, lastRpcTime:87ms, electionTimeout:87ms
2019-10-15 17:18:36,035 [Thread-2822] INFO  impl.RoleInfo (RoleInfo.java:shutdownFollowerState(121)) - 79abbc2e-0a90-4a41-a17c-6388bb873359: shutdown FollowerState
2019-10-15 17:18:36,036 [Thread-2822] INFO  impl.RaftServerImpl (RaftServerImpl.java:setRole(184)) - 79abbc2e-0a90-4a41-a17c-6388bb873359@group-B673650064C9: changes role from  FOLLOWER to CANDIDATE at term 429 for changeToCandidate
2019-10-15 17:18:36,036 [Thread-2822] INFO  impl.RoleInfo (RoleInfo.java:updateAndGet(143)) - 79abbc2e-0a90-4a41-a17c-6388bb873359: start LeaderElection
2019-10-15 17:18:36,063 [79abbc2e-0a90-4a41-a17c-6388bb873359@group-B673650064C9-LeaderElection373] INFO  impl.LeaderElection (LeaderElection.java:askForVotes(178)) - 79abbc2e-0a90-4a41-a17c-6388bb873359@group-B673650064C9-LeaderElection373: begin an election at term 430 for -1: [ebd8d1f9-8297-450f-abe7-393807ba0c7e:192.168.164.239:36510, dbc121b5-e1e8-4c61-9d50-542b699a3d90:192.168.164.239:43140, 79abbc2e-0a90-4a41-a17c-6388bb873359:192.168.164.239:37857], old=null
2019-10-15 17:18:36,065 [grpc-default-executor-1] INFO  impl.RaftServerImpl (RaftServerImpl.java:setRole(184)) - dbc121b5-e1e8-4c61-9d50-542b699a3d90@group-B673650064C9: changes role from  FOLLOWER to FOLLOWER at term 430 for recognizeCandidate:79abbc2e-0a90-4a41-a17c-6388bb873359
2019-10-15 17:18:36,065 [grpc-default-executor-0] INFO  impl.RaftServerImpl (RaftServerImpl.java:setRole(184)) - ebd8d1f9-8297-450f-abe7-393807ba0c7e@group-B673650064C9: changes role from  FOLLOWER to FOLLOWER at term 430 for recognizeCandidate:79abbc2e-0a90-4a41-a17c-6388bb873359
2019-10-15 17:18:36,066 [grpc-default-executor-0] INFO  impl.RoleInfo (RoleInfo.java:shutdownFollowerState(121)) - ebd8d1f9-8297-450f-abe7-393807ba0c7e: shutdown FollowerState
2019-10-15 17:18:36,065 [grpc-default-executor-1] INFO  impl.RoleInfo (RoleInfo.java:shutdownFollowerState(121)) - dbc121b5-e1e8-4c61-9d50-542b699a3d90: shutdown FollowerState
2019-10-15 17:18:36,066 [Thread-2820] INFO  impl.FollowerState (FollowerState.java:run(117)) - ebd8d1f9-8297-450f-abe7-393807ba0c7e@group-B673650064C9-FollowerState was interrupted: java.lang.InterruptedException: sleep interrupted
2019-10-15 17:18:36,066 [Thread-2821] INFO  impl.FollowerState (FollowerState.java:run(117)) - dbc121b5-e1e8-4c61-9d50-542b699a3d90@group-B673650064C9-FollowerState was interrupted: java.lang.InterruptedException: sleep interrupted
2019-10-15 17:18:36,066 [grpc-default-executor-0] INFO  impl.RoleInfo (RoleInfo.java:updateAndGet(143)) - ebd8d1f9-8297-450f-abe7-393807ba0c7e: start FollowerState
2019-10-15 17:18:36,066 [grpc-default-executor-1] INFO  impl.RoleInfo (RoleInfo.java:updateAndGet(143)) - dbc121b5-e1e8-4c61-9d50-542b699a3d90: start FollowerState
2019-10-15 17:18:36,114 [79abbc2e-0a90-4a41-a17c-6388bb873359@group-B673650064C9-LeaderElection373] INFO  impl.LeaderElection (LeaderElection.java:logAndReturn(56)) - 79abbc2e-0a90-4a41-a17c-6388bb873359@group-B673650064C9-LeaderElection373: Election REJECTED; received 2 response(s) [79abbc2e-0a90-4a41-a17c-6388bb873359<-ebd8d1f9-8297-450f-abe7-393807ba0c7e#0:FAIL-t430, 79abbc2e-0a90-4a41-a17c-6388bb873359<-dbc121b5-e1e8-4c61-9d50-542b699a3d90#0:FAIL-t430] and 0 exception(s); 79abbc2e-0a90-4a41-a17c-6388bb873359@group-B673650064C9:t430, leader=null, voted=79abbc2e-0a90-4a41-a17c-6388bb873359, raftlog=79abbc2e-0a90-4a41-a17c-6388bb873359@group-B673650064C9-SegmentedRaftLog:OPENED:c-1,f-1,i0, conf=-1: [ebd8d1f9-8297-450f-abe7-393807ba0c7e:192.168.164.239:36510, dbc121b5-e1e8-4c61-9d50-542b699a3d90:192.168.164.239:43140, 79abbc2e-0a90-4a41-a17c-6388bb873359:192.168.164.239:37857], old=null
2019-10-15 17:18:36,115 [79abbc2e-0a90-4a41-a17c-6388bb873359@group-B673650064C9-LeaderElection373] INFO  impl.RaftServerImpl (RaftServerImpl.java:setRole(184)) - 79abbc2e-0a90-4a41-a17c-6388bb873359@group-B673650064C9: changes role from CANDIDATE to FOLLOWER at term 430 for DISCOVERED_A_NEW_TERM
2019-10-15 17:18:36,115 [79abbc2e-0a90-4a41-a17c-6388bb873359@group-B673650064C9-LeaderElection373] INFO  impl.RoleInfo (RoleInfo.java:shutdownLeaderElection(134)) - 79abbc2e-0a90-4a41-a17c-6388bb873359: shutdown LeaderElection
2019-10-15 17:18:36,115 [79abbc2e-0a90-4a41-a17c-6388bb873359@group-B673650064C9-LeaderElection373] INFO  impl.RoleInfo (RoleInfo.java:updateAndGet(143)) - 79abbc2e-0a90-4a41-a17c-6388bb873359: start FollowerState
2019-10-15 17:18:36,166 [Thread-2828] INFO  impl.FollowerState (FollowerState.java:run(108)) - 79abbc2e-0a90-4a41-a17c-6388bb873359@group-B673650064C9-FollowerState: change to CANDIDATE, lastRpcTime:51ms, electionTimeout:51ms
2019-10-15 17:18:36,166 [Thread-2828] INFO  impl.RoleInfo (RoleInfo.java:shutdownFollowerState(121)) - 79abbc2e-0a90-4a41-a17c-6388bb873359: shutdown FollowerState
2019-10-15 17:18:36,167 [Thread-2828] INFO  impl.RaftServerImpl (RaftServerImpl.java:setRole(184)) - 79abbc2e-0a90-4a41-a17c-6388bb873359@group-B673650064C9: changes role from  FOLLOWER to CANDIDATE at term 430 for changeToCandidate
2019-10-15 17:18:36,167 [Thread-2828] INFO  impl.RoleInfo (RoleInfo.java:updateAndGet(143)) - 79abbc2e-0a90-4a41-a17c-6388bb873359: start LeaderElection
2019-10-15 17:18:36,189 [79abbc2e-0a90-4a41-a17c-6388bb873359@group-B673650064C9-LeaderElection374] INFO  impl.LeaderElection (LeaderElection.java:askForVotes(178)) - 79abbc2e-0a90-4a41-a17c-6388bb873359@group-B673650064C9-LeaderElection374: begin an election at term 431 for -1: [ebd8d1f9-8297-450f-abe7-393807ba0c7e:192.168.164.239:36510, dbc121b5-e1e8-4c61-9d50-542b699a3d90:192.168.164.239:43140, 79abbc2e-0a90-4a41-a17c-6388bb873359:192.168.164.239:37857], old=null
2019-10-15 17:18:36,190 [grpc-default-executor-1] INFO  impl.RaftServerImpl (RaftServerImpl.java:setRole(184)) - ebd8d1f9-8297-450f-abe7-393807ba0c7e@group-B673650064C9: changes role from  FOLLOWER to FOLLOWER at term 431 for recognizeCandidate:79abbc2e-0a90-4a41-a17c-6388bb873359
2019-10-15 17:18:36,191 [grpc-default-executor-1] INFO  impl.RoleInfo (RoleInfo.java:shutdownFollowerState(121)) - ebd8d1f9-8297-450f-abe7-393807ba0c7e: shutdown FollowerState
2019-10-15 17:18:36,190 [grpc-default-executor-0] INFO  impl.RaftServerImpl (RaftServerImpl.java:setRole(184)) - dbc121b5-e1e8-4c61-9d50-542b699a3d90@group-B673650064C9: changes role from  FOLLOWER to FOLLOWER at term 431 for recognizeCandidate:79abbc2e-0a90-4a41-a17c-6388bb873359
2019-10-15 17:18:36,191 [grpc-default-executor-0] INFO  impl.RoleInfo (RoleInfo.java:shutdownFollowerState(121)) - dbc121b5-e1e8-4c61-9d50-542b699a3d90: shutdown FollowerState
2019-10-15 17:18:36,191 [grpc-default-executor-1] INFO  impl.RoleInfo (RoleInfo.java:updateAndGet(143)) - ebd8d1f9-8297-450f-abe7-393807ba0c7e: start FollowerState
2019-10-15 17:18:36,191 [Thread-2826] INFO  impl.FollowerState (FollowerState.java:run(117)) - ebd8d1f9-8297-450f-abe7-393807ba0c7e@group-B673650064C9-FollowerState was interrupted: java.lang.InterruptedException: sleep interrupted
2019-10-15 17:18:36,191 [Thread-2827] INFO  impl.FollowerState (FollowerState.java:run(117)) - dbc121b5-e1e8-4c61-9d50-542b699a3d90@group-B673650064C9-FollowerState was interrupted: java.lang.InterruptedException: sleep interrupted
2019-10-15 17:18:36,191 [grpc-default-executor-0] INFO  impl.RoleInfo (RoleInfo.java:updateAndGet(143)) - dbc121b5-e1e8-4c61-9d50-542b699a3d90: start FollowerState
2019-10-15 17:18:36,215 [79abbc2e-0a90-4a41-a17c-6388bb873359@group-B673650064C9-LeaderElection374] INFO  impl.LeaderElection (LeaderElection.java:logAndReturn(56)) - 79abbc2e-0a90-4a41-a17c-6388bb873359@group-B673650064C9-LeaderElection374: Election REJECTED; received 2 response(s) [79abbc2e-0a90-4a41-a17c-6388bb873359<-ebd8d1f9-8297-450f-abe7-393807ba0c7e#0:FAIL-t431, 79abbc2e-0a90-4a41-a17c-6388bb873359<-dbc121b5-e1e8-4c61-9d50-542b699a3d90#0:FAIL-t431] and 0 exception(s); 79abbc2e-0a90-4a41-a17c-6388bb873359@group-B673650064C9:t431, leader=null, voted=79abbc2e-0a90-4a41-a17c-6388bb873359, raftlog=79abbc2e-0a90-4a41-a17c-6388bb873359@group-B673650064C9-SegmentedRaftLog:OPENED:c-1,f-1,i0, conf=-1: [ebd8d1f9-8297-450f-abe7-393807ba0c7e:192.168.164.239:36510, dbc121b5-e1e8-4c61-9d50-542b699a3d90:192.168.164.239:43140, 79abbc2e-0a90-4a41-a17c-6388bb873359:192.168.164.239:37857], old=null
2019-10-15 17:18:36,215 [79abbc2e-0a90-4a41-a17c-6388bb873359@group-B673650064C9-LeaderElection374] INFO  impl.RaftServerImpl (RaftServerImpl.java:setRole(184)) - 79abbc2e-0a90-4a41-a17c-6388bb873359@group-B673650064C9: changes role from CANDIDATE to FOLLOWER at term 431 for DISCOVERED_A_NEW_TERM
2019-10-15 17:18:36,215 [79abbc2e-0a90-4a41-a17c-6388bb873359@group-B673650064C9-LeaderElection374] INFO  impl.RoleInfo (RoleInfo.java:shutdownLeaderElection(134)) - 79abbc2e-0a90-4a41-a17c-6388bb873359: shutdown LeaderElection
2019-10-15 17:18:36,215 [79abbc2e-0a90-4a41-a17c-6388bb873359@group-B673650064C9-LeaderElection374] INFO  impl.RoleInfo (RoleInfo.java:updateAndGet(143)) - 79abbc2e-0a90-4a41-a17c-6388bb873359: start FollowerState
2019-10-15 17:18:36,365 [Thread-2834] INFO  impl.FollowerState (FollowerState.java:run(108)) - 79abbc2e-0a90-4a41-a17c-6388bb873359@group-B673650064C9-FollowerState: change to CANDIDATE, lastRpcTime:150ms, electionTimeout:150ms
2019-10-15 17:18:36,366 [Thread-2834] INFO  impl.RoleInfo (RoleInfo.java:shutdownFollowerState(121)) - 79abbc2e-0a90-4a41-a17c-6388bb873359: shutdown FollowerState
2019-10-15 17:18:36,366 [Thread-2834] INFO  impl.RaftServerImpl (RaftServerImpl.java:setRole(184)) - 79abbc2e-0a90-4a41-a17c-6388bb873359@group-B673650064C9: changes role from  FOLLOWER to CANDIDATE at term 431 for changeToCandidate
2019-10-15 17:18:36,366 [Thread-2834] INFO  impl.RoleInfo (RoleInfo.java:updateAndGet(143)) - 79abbc2e-0a90-4a41-a17c-6388bb873359: start LeaderElection
2019-10-15 17:18:36,390 [79abbc2e-0a90-4a41-a17c-6388bb873359@group-B673650064C9-LeaderElection375] INFO  impl.LeaderElection (LeaderElection.java:askForVotes(178)) - 79abbc2e-0a90-4a41-a17c-6388bb873359@group-B673650064C9-LeaderElection375: begin an election at term 432 for -1: [ebd8d1f9-8297-450f-abe7-393807ba0c7e:192.168.164.239:36510, dbc121b5-e1e8-4c61-9d50-542b699a3d90:192.168.164.239:43140, 79abbc2e-0a90-4a41-a17c-6388bb873359:192.168.164.239:37857], old=null
2019-10-15 17:18:36,392 [grpc-default-executor-0] INFO  impl.RaftServerImpl (RaftServerImpl.java:setRole(184)) - ebd8d1f9-8297-450f-abe7-393807ba0c7e@group-B673650064C9: changes role from  FOLLOWER to FOLLOWER at term 432 for recognizeCandidate:79abbc2e-0a90-4a41-a17c-6388bb873359
2019-10-15 17:18:36,392 [grpc-default-executor-0] INFO  impl.RoleInfo (RoleInfo.java:shutdownFollowerState(121)) - ebd8d1f9-8297-450f-abe7-393807ba0c7e: shutdown FollowerState
2019-10-15 17:18:36,392 [grpc-default-executor-0] INFO  impl.RoleInfo (RoleInfo.java:updateAndGet(143)) - ebd8d1f9-8297-450f-abe7-393807ba0c7e: start FollowerState
2019-10-15 17:18:36,392 [Thread-2832] INFO  impl.FollowerState (FollowerState.java:run(117)) - ebd8d1f9-8297-450f-abe7-393807ba0c7e@group-B673650064C9-FollowerState was interrupted: java.lang.InterruptedException: sleep interrupted
2019-10-15 17:18:36,392 [grpc-default-executor-1] INFO  impl.RaftServerImpl (RaftServerImpl.java:setRole(184)) - dbc121b5-e1e8-4c61-9d50-542b699a3d90@group-B673650064C9: changes role from  FOLLOWER to FOLLOWER at term 432 for recognizeCandidate:79abbc2e-0a90-4a41-a17c-6388bb873359
2019-10-15 17:18:36,393 [grpc-default-executor-1] INFO  impl.RoleInfo (RoleInfo.java:shutdownFollowerState(121)) - dbc121b5-e1e8-4c61-9d50-542b699a3d90: shutdown FollowerState
2019-10-15 17:18:36,393 [grpc-default-executor-1] INFO  impl.RoleInfo (RoleInfo.java:updateAndGet(143)) - dbc121b5-e1e8-4c61-9d50-542b699a3d90: start FollowerState
2019-10-15 17:18:36,393 [Thread-2833] INFO  impl.FollowerState (FollowerState.java:run(117)) - dbc121b5-e1e8-4c61-9d50-542b699a3d90@group-B673650064C9-FollowerState was interrupted: java.lang.InterruptedException: sleep interrupted
2019-10-15 17:18:36,415 [79abbc2e-0a90-4a41-a17c-6388bb873359@group-B673650064C9-LeaderElection375] INFO  impl.LeaderElection (LeaderElection.java:logAndReturn(56)) - 79abbc2e-0a90-4a41-a17c-6388bb873359@group-B673650064C9-LeaderElection375: Election TIMEOUT; received 0 response(s) [] and 0 exception(s); 79abbc2e-0a90-4a41-a17c-6388bb873359@group-B673650064C9:t432, leader=null, voted=79abbc2e-0a90-4a41-a17c-6388bb873359, raftlog=79abbc2e-0a90-4a41-a17c-6388bb873359@group-B673650064C9-SegmentedRaftLog:OPENED:c-1,f-1,i0, conf=-1: [ebd8d1f9-8297-450f-abe7-393807ba0c7e:192.168.164.239:36510, dbc121b5-e1e8-4c61-9d50-542b699a3d90:192.168.164.239:43140, 79abbc2e-0a90-4a41-a17c-6388bb873359:192.168.164.239:37857], old=null
2019-10-15 17:18:36,441 [79abbc2e-0a90-4a41-a17c-6388bb873359@group-B673650064C9-LeaderElection375] INFO  impl.LeaderElection (LeaderElection.java:askForVotes(178)) - 79abbc2e-0a90-4a41-a17c-6388bb873359@group-B673650064C9-LeaderElection375: begin an election at term 433 for -1: [ebd8d1f9-8297-450f-abe7-393807ba0c7e:192.168.164.239:36510, dbc121b5-e1e8-4c61-9d50-542b699a3d90:192.168.164.239:43140, 79abbc2e-0a90-4a41-a17c-6388bb873359:192.168.164.239:37857], old=null
2019-10-15 17:18:36,442 [grpc-default-executor-1] INFO  impl.RaftServerImpl (RaftServerImpl.java:setRole(184)) - ebd8d1f9-8297-450f-abe7-393807ba0c7e@group-B673650064C9: changes role from  FOLLOWER to FOLLOWER at term 433 for recognizeCandidate:79abbc2e-0a90-4a41-a17c-6388bb873359
2019-10-15 17:18:36,443 [grpc-default-executor-1] INFO  impl.RoleInfo (RoleInfo.java:shutdownFollowerState(121)) - ebd8d1f9-8297-450f-abe7-393807ba0c7e: shutdown FollowerState
2019-10-15 17:18:36,443 [grpc-default-executor-0] INFO  impl.RaftServerImpl (RaftServerImpl.java:setRole(184)) - dbc121b5-e1e8-4c61-9d50-542b699a3d90@group-B673650064C9: changes role from  FOLLOWER to FOLLOWER at term 433 for recognizeCandidate:79abbc2e-0a90-4a41-a17c-6388bb873359
2019-10-15 17:18:36,443 [grpc-default-executor-0] INFO  impl.RoleInfo (RoleInfo.java:shutdownFollowerState(121)) - dbc121b5-e1e8-4c61-9d50-542b699a3d90: shutdown FollowerState
2019-10-15 17:18:36,443 [Thread-2840] INFO  impl.FollowerState (FollowerState.java:run(117)) - ebd8d1f9-8297-450f-abe7-393807ba0c7e@group-B673650064C9-FollowerState was interrupted: java.lang.InterruptedException: sleep interrupted
2019-10-15 17:18:36,443 [grpc-default-executor-1] INFO  impl.RoleInfo (RoleInfo.java:updateAndGet(143)) - ebd8d1f9-8297-450f-abe7-393807ba0c7e: start FollowerState
2019-10-15 17:18:36,443 [Thread-2841] INFO  impl.FollowerState (FollowerState.java:run(117)) - dbc121b5-e1e8-4c61-9d50-542b699a3d90@group-B673650064C9-FollowerState was interrupted: java.lang.InterruptedException: sleep interrupted
2019-10-15 17:18:36,443 [grpc-default-executor-0] INFO  impl.RoleInfo (RoleInfo.java:updateAndGet(143)) - dbc121b5-e1e8-4c61-9d50-542b699a3d90: start FollowerState
2019-10-15 17:18:36,467 [79abbc2e-0a90-4a41-a17c-6388bb873359@group-B673650064C9-LeaderElection375] INFO  impl.LeaderElection (LeaderElection.java:logAndReturn(56)) - 79abbc2e-0a90-4a41-a17c-6388bb873359@group-B673650064C9-LeaderElection375: Election REJECTED; received 2 response(s) [79abbc2e-0a90-4a41-a17c-6388bb873359<-ebd8d1f9-8297-450f-abe7-393807ba0c7e#0:FAIL-t433, 79abbc2e-0a90-4a41-a17c-6388bb873359<-dbc121b5-e1e8-4c61-9d50-542b699a3d90#0:FAIL-t433] and 0 exception(s); 79abbc2e-0a90-4a41-a17c-6388bb873359@group-B673650064C9:t433, leader=null, voted=79abbc2e-0a90-4a41-a17c-6388bb873359, raftlog=79abbc2e-0a90-4a41-a17c-6388bb873359@group-B673650064C9-SegmentedRaftLog:OPENED:c-1,f-1,i0, conf=-1: [ebd8d1f9-8297-450f-abe7-393807ba0c7e:192.168.164.239:36510, dbc121b5-e1e8-4c61-9d50-542b699a3d90:192.168.164.239:43140, 79abbc2e-0a90-4a41-a17c-6388bb873359:192.168.164.239:37857], old=null
2019-10-15 17:18:36,467 [79abbc2e-0a90-4a41-a17c-6388bb873359@group-B673650064C9-LeaderElection375] INFO  impl.RaftServerImpl (RaftServerImpl.java:setRole(184)) - 79abbc2e-0a90-4a41-a17c-6388bb873359@group-B673650064C9: changes role from CANDIDATE to FOLLOWER at term 433 for DISCOVERED_A_NEW_TERM
2019-10-15 17:18:36,467 [79abbc2e-0a90-4a41-a17c-6388bb873359@group-B673650064C9-LeaderElection375] INFO  impl.RoleInfo (RoleInfo.java:shutdownLeaderElection(134)) - 79abbc2e-0a90-4a41-a17c-6388bb873359: shutdown LeaderElection
2019-10-15 17:18:36,467 [79abbc2e-0a90-4a41-a17c-6388bb873359@group-B673650064C9-LeaderElection375] INFO  impl.RoleInfo (RoleInfo.java:updateAndGet(143)) - 79abbc2e-0a90-4a41-a17c-6388bb873359: start FollowerState
2019-10-15 17:18:36,659 [Thread-2846] INFO  impl.FollowerState (FollowerState.java:run(108)) - 79abbc2e-0a90-4a41-a17c-6388bb873359@group-B673650064C9-FollowerState: change to CANDIDATE, lastRpcTime:191ms, electionTimeout:191ms
2019-10-15 17:18:36,659 [Thread-2846] INFO  impl.RoleInfo (RoleInfo.java:shutdownFollowerState(121)) - 79abbc2e-0a90-4a41-a17c-6388bb873359: shutdown FollowerState
2019-10-15 17:18:36,659 [Thread-2846] INFO  impl.RaftServerImpl (RaftServerImpl.java:setRole(184)) - 79abbc2e-0a90-4a41-a17c-6388bb873359@group-B673650064C9: changes role from  FOLLOWER to CANDIDATE at term 433 for changeToCandidate
2019-10-15 17:18:36,659 [Thread-2846] INFO  impl.RoleInfo (RoleInfo.java:updateAndGet(143)) - 79abbc2e-0a90-4a41-a17c-6388bb873359: start LeaderElection
2019-10-15 17:18:36,683 [79abbc2e-0a90-4a41-a17c-6388bb873359@group-B673650064C9-LeaderElection376] INFO  impl.LeaderElection (LeaderElection.java:askForVotes(178)) - 79abbc2e-0a90-4a41-a17c-6388bb873359@group-B673650064C9-LeaderElection376: begin an election at term 434 for -1: [ebd8d1f9-8297-450f-abe7-393807ba0c7e:192.168.164.239:36510, dbc121b5-e1e8-4c61-9d50-542b699a3d90:192.168.164.239:43140, 79abbc2e-0a90-4a41-a17c-6388bb873359:192.168.164.239:37857], old=null
2019-10-15 17:18:36,687 [grpc-default-executor-1] INFO  impl.RaftServerImpl (RaftServerImpl.java:setRole(184)) - dbc121b5-e1e8-4c61-9d50-542b699a3d90@group-B673650064C9: changes role from  FOLLOWER to FOLLOWER at term 434 for recognizeCandidate:79abbc2e-0a90-4a41-a17c-6388bb873359
2019-10-15 17:18:36,687 [grpc-default-executor-0] INFO  impl.RaftServerImpl (RaftServerImpl.java:setRole(184)) - ebd8d1f9-8297-450f-abe7-393807ba0c7e@group-B673650064C9: changes role from  FOLLOWER to FOLLOWER at term 434 for recognizeCandidate:79abbc2e-0a90-4a41-a17c-6388bb873359
2019-10-15 17:18:36,687 [grpc-default-executor-1] INFO  impl.RoleInfo (RoleInfo.java:shutdownFollowerState(121)) - dbc121b5-e1e8-4c61-9d50-542b699a3d90: shutdown FollowerState
2019-10-15 17:18:36,687 [grpc-default-executor-0] INFO  impl.RoleInfo (RoleInfo.java:shutdownFollowerState(121)) - ebd8d1f9-8297-450f-abe7-393807ba0c7e: shutdown FollowerState
2019-10-15 17:18:36,688 [Thread-2845] INFO  impl.FollowerState (FollowerState.java:run(117)) - dbc121b5-e1e8-4c61-9d50-542b699a3d90@group-B673650064C9-FollowerState was interrupted: java.lang.InterruptedException: sleep interrupted
2019-10-15 17:18:36,688 [Thread-2844] INFO  impl.FollowerState (FollowerState.java:run(117)) - ebd8d1f9-8297-450f-abe7-393807ba0c7e@group-B673650064C9-FollowerState was interrupted: java.lang.InterruptedException: sleep interrupted
2019-10-15 17:18:36,688 [grpc-default-executor-1] INFO  impl.RoleInfo (RoleInfo.java:updateAndGet(143)) - dbc121b5-e1e8-4c61-9d50-542b699a3d90: start FollowerState
2019-10-15 17:18:36,688 [grpc-default-executor-0] INFO  impl.RoleInfo (RoleInfo.java:updateAndGet(143)) - ebd8d1f9-8297-450f-abe7-393807ba0c7e: start FollowerState
2019-10-15 17:18:36,717 [79abbc2e-0a90-4a41-a17c-6388bb873359@group-B673650064C9-LeaderElection376] INFO  impl.LeaderElection (LeaderElection.java:logAndReturn(56)) - 79abbc2e-0a90-4a41-a17c-6388bb873359@group-B673650064C9-LeaderElection376: Election REJECTED; received 2 response(s) [79abbc2e-0a90-4a41-a17c-6388bb873359<-ebd8d1f9-8297-450f-abe7-393807ba0c7e#0:FAIL-t434, 79abbc2e-0a90-4a41-a17c-6388bb873359<-dbc121b5-e1e8-4c61-9d50-542b699a3d90#0:FAIL-t434] and 0 exception(s); 79abbc2e-0a90-4a41-a17c-6388bb873359@group-B673650064C9:t434, leader=null, voted=79abbc2e-0a90-4a41-a17c-6388bb873359, raftlog=79abbc2e-0a90-4a41-a17c-6388bb873359@group-B673650064C9-SegmentedRaftLog:OPENED:c-1,f-1,i0, conf=-1: [ebd8d1f9-8297-450f-abe7-393807ba0c7e:192.168.164.239:36510, dbc121b5-e1e8-4c61-9d50-542b699a3d90:192.168.164.239:43140, 79abbc2e-0a90-4a41-a17c-6388bb873359:192.168.164.239:37857], old=null
2019-10-15 17:18:36,717 [79abbc2e-0a90-4a41-a17c-6388bb873359@group-B673650064C9-LeaderElection376] INFO  impl.RaftServerImpl (RaftServerImpl.java:setRole(184)) - 79abbc2e-0a90-4a41-a17c-6388bb873359@group-B673650064C9: changes role from CANDIDATE to FOLLOWER at term 434 for DISCOVERED_A_NEW_TERM
2019-10-15 17:18:36,718 [79abbc2e-0a90-4a41-a17c-6388bb873359@group-B673650064C9-LeaderElection376] INFO  impl.RoleInfo (RoleInfo.java:shutdownLeaderElection(134)) - 79abbc2e-0a90-4a41-a17c-6388bb873359: shutdown LeaderElection
2019-10-15 17:18:36,718 [79abbc2e-0a90-4a41-a17c-6388bb873359@group-B673650064C9-LeaderElection376] INFO  impl.RoleInfo (RoleInfo.java:updateAndGet(143)) - 79abbc2e-0a90-4a41-a17c-6388bb873359: start FollowerState
2019-10-15 17:18:36,796 [Thread-2852] INFO  impl.FollowerState (FollowerState.java:run(108)) - 79abbc2e-0a90-4a41-a17c-6388bb873359@group-B673650064C9-FollowerState: change to CANDIDATE, lastRpcTime:78ms, electionTimeout:78ms
2019-10-15 17:18:36,796 [Thread-2852] INFO  impl.RoleInfo (RoleInfo.java:shutdownFollowerState(121)) - 79abbc2e-0a90-4a41-a17c-6388bb873359: shutdown FollowerState
2019-10-15 17:18:36,796 [Thread-2852] INFO  impl.RaftServerImpl (RaftServerImpl.java:setRole(184)) - 79abbc2e-0a90-4a41-a17c-6388bb873359@group-B673650064C9: changes role from  FOLLOWER to CANDIDATE at term 434 for changeToCandidate
2019-10-15 17:18:36,796 [Thread-2852] INFO  impl.RoleInfo (RoleInfo.java:updateAndGet(143)) - 79abbc2e-0a90-4a41-a17c-6388bb873359: start LeaderElection
2019-10-15 17:18:36,825 [79abbc2e-0a90-4a41-a17c-6388bb873359@group-B673650064C9-LeaderElection377] INFO  impl.LeaderElection (LeaderElection.java:askForVotes(178)) - 79abbc2e-0a90-4a41-a17c-6388bb873359@group-B673650064C9-LeaderElection377: begin an election at term 435 for -1: [ebd8d1f9-8297-450f-abe7-393807ba0c7e:192.168.164.239:36510, dbc121b5-e1e8-4c61-9d50-542b699a3d90:192.168.164.239:43140, 79abbc2e-0a90-4a41-a17c-6388bb873359:192.168.164.239:37857], old=null
2019-10-15 17:18:36,827 [grpc-default-executor-1] INFO  impl.RaftServerImpl (RaftServerImpl.java:setRole(184)) - ebd8d1f9-8297-450f-abe7-393807ba0c7e@group-B673650064C9: changes role from  FOLLOWER to FOLLOWER at term 435 for recognizeCandidate:79abbc2e-0a90-4a41-a17c-6388bb873359
2019-10-15 17:18:36,827 [grpc-default-executor-1] INFO  impl.RoleInfo (RoleInfo.java:shutdownFollowerState(121)) - ebd8d1f9-8297-450f-abe7-393807ba0c7e: shutdown FollowerState
2019-10-15 17:18:36,827 [grpc-default-executor-0] INFO  impl.RaftServerImpl (RaftServerImpl.java:setRole(184)) - dbc121b5-e1e8-4c61-9d50-542b699a3d90@group-B673650064C9: changes role from  FOLLOWER to FOLLOWER at term 435 for recognizeCandidate:79abbc2e-0a90-4a41-a17c-6388bb873359
2019-10-15 17:18:36,828 [grpc-default-executor-0] INFO  impl.RoleInfo (RoleInfo.java:shutdownFollowerState(121)) - dbc121b5-e1e8-4c61-9d50-542b699a3d90: shutdown FollowerState
2019-10-15 17:18:36,828 [Thread-2851] INFO  impl.FollowerState (FollowerState.java:run(117)) - ebd8d1f9-8297-450f-abe7-393807ba0c7e@group-B673650064C9-FollowerState was interrupted: java.lang.InterruptedException: sleep interrupted
2019-10-15 17:18:36,828 [Thread-2850] INFO  impl.FollowerState (FollowerState.java:run(117)) - dbc121b5-e1e8-4c61-9d50-542b699a3d90@group-B673650064C9-FollowerState was interrupted: java.lang.InterruptedException: sleep interrupted
2019-10-15 17:18:36,828 [grpc-default-executor-1] INFO  impl.RoleInfo (RoleInfo.java:updateAndGet(143)) - ebd8d1f9-8297-450f-abe7-393807ba0c7e: start FollowerState
2019-10-15 17:18:36,828 [grpc-default-executor-0] INFO  impl.RoleInfo (RoleInfo.java:updateAndGet(143)) - dbc121b5-e1e8-4c61-9d50-542b699a3d90: start FollowerState
2019-10-15 17:18:36,851 [79abbc2e-0a90-4a41-a17c-6388bb873359@group-B673650064C9-LeaderElection377] INFO  impl.LeaderElection (LeaderElection.java:logAndReturn(56)) - 79abbc2e-0a90-4a41-a17c-6388bb873359@group-B673650064C9-LeaderElection377: Election REJECTED; received 2 response(s) [79abbc2e-0a90-4a41-a17c-6388bb873359<-ebd8d1f9-8297-450f-abe7-393807ba0c7e#0:FAIL-t435, 79abbc2e-0a90-4a41-a17c-6388bb873359<-dbc121b5-e1e8-4c61-9d50-542b699a3d90#0:FAIL-t435] and 0 exception(s); 79abbc2e-0a90-4a41-a17c-6388bb873359@group-B673650064C9:t435, leader=null, voted=79abbc2e-0a90-4a41-a17c-6388bb873359, raftlog=79abbc2e-0a90-4a41-a17c-6388bb873359@group-B673650064C9-SegmentedRaftLog:OPENED:c-1,f-1,i0, conf=-1: [ebd8d1f9-8297-450f-abe7-393807ba0c7e:192.168.164.239:36510, dbc121b5-e1e8-4c61-9d50-542b699a3d90:192.168.164.239:43140, 79abbc2e-0a90-4a41-a17c-6388bb873359:192.168.164.239:37857], old=null
2019-10-15 17:18:36,851 [79abbc2e-0a90-4a41-a17c-6388bb873359@group-B673650064C9-LeaderElection377] INFO  impl.RaftServerImpl (RaftServerImpl.java:setRole(184)) - 79abbc2e-0a90-4a41-a17c-6388bb873359@group-B673650064C9: changes role from CANDIDATE to FOLLOWER at term 435 for DISCOVERED_A_NEW_TERM
2019-10-15 17:18:36,852 [79abbc2e-0a90-4a41-a17c-6388bb873359@group-B673650064C9-LeaderElection377] INFO  impl.RoleInfo (RoleInfo.java:shutdownLeaderElection(134)) - 79abbc2e-0a90-4a41-a17c-6388bb873359: shutdown LeaderElection
2019-10-15 17:18:36,852 [79abbc2e-0a90-4a41-a17c-6388bb873359@group-B673650064C9-LeaderElection377] INFO  impl.RoleInfo (RoleInfo.java:updateAndGet(143)) - 79abbc2e-0a90-4a41-a17c-6388bb873359: start FollowerState
2019-10-15 17:18:36,878 [Thread-2858] INFO  impl.FollowerState (FollowerState.java:run(108)) - 79abbc2e-0a90-4a41-a17c-6388bb873359@group-B673650064C9-FollowerState: change to CANDIDATE, lastRpcTime:26ms, electionTimeout:26ms
2019-10-15 17:18:36,878 [Thread-2858] INFO  impl.RoleInfo (RoleInfo.java:shutdownFollowerState(121)) - 79abbc2e-0a90-4a41-a17c-6388bb873359: shutdown FollowerState
2019-10-15 17:18:36,878 [Thread-2858] INFO  impl.RaftServerImpl (RaftServerImpl.java:setRole(184)) - 79abbc2e-0a90-4a41-a17c-6388bb873359@group-B673650064C9: changes role from  FOLLOWER to CANDIDATE at term 435 for changeToCandidate
2019-10-15 17:18:36,878 [Thread-2858] INFO  impl.RoleInfo (RoleInfo.java:updateAndGet(143)) - 79abbc2e-0a90-4a41-a17c-6388bb873359: start LeaderElection
2019-10-15 17:18:36,901 [79abbc2e-0a90-4a41-a17c-6388bb873359@group-B673650064C9-LeaderElection378] INFO  impl.LeaderElection (LeaderElection.java:askForVotes(178)) - 79abbc2e-0a90-4a41-a17c-6388bb873359@group-B673650064C9-LeaderElection378: begin an election at term 436 for -1: [ebd8d1f9-8297-450f-abe7-393807ba0c7e:192.168.164.239:36510, dbc121b5-e1e8-4c61-9d50-542b699a3d90:192.168.164.239:43140, 79abbc2e-0a90-4a41-a17c-6388bb873359:192.168.164.239:37857], old=null
2019-10-15 17:18:36,903 [grpc-default-executor-0] INFO  impl.RaftServerImpl (RaftServerImpl.java:setRole(184)) - ebd8d1f9-8297-450f-abe7-393807ba0c7e@group-B673650064C9: changes role from  FOLLOWER to FOLLOWER at term 436 for recognizeCandidate:79abbc2e-0a90-4a41-a17c-6388bb873359
2019-10-15 17:18:36,903 [grpc-default-executor-1] INFO  impl.RaftServerImpl (RaftServerImpl.java:setRole(184)) - dbc121b5-e1e8-4c61-9d50-542b699a3d90@group-B673650064C9: changes role from  FOLLOWER to FOLLOWER at term 436 for recognizeCandidate:79abbc2e-0a90-4a41-a17c-6388bb873359
2019-10-15 17:18:36,903 [grpc-default-executor-1] INFO  impl.RoleInfo (RoleInfo.java:shutdownFollowerState(121)) - dbc121b5-e1e8-4c61-9d50-542b699a3d90: shutdown FollowerState
2019-10-15 17:18:36,903 [grpc-default-executor-0] INFO  impl.RoleInfo (RoleInfo.java:shutdownFollowerState(121)) - ebd8d1f9-8297-450f-abe7-393807ba0c7e: shutdown FollowerState
2019-10-15 17:18:36,903 [Thread-2857] INFO  impl.FollowerState (FollowerState.java:run(117)) - dbc121b5-e1e8-4c61-9d50-542b699a3d90@group-B673650064C9-FollowerState was interrupted: java.lang.InterruptedException: sleep interrupted
2019-10-15 17:18:36,903 [grpc-default-executor-1] INFO  impl.RoleInfo (RoleInfo.java:updateAndGet(143)) - dbc121b5-e1e8-4c61-9d50-542b699a3d90: start FollowerState
2019-10-15 17:18:36,904 [Thread-2856] INFO  impl.FollowerState (FollowerState.java:run(117)) - ebd8d1f9-8297-450f-abe7-393807ba0c7e@group-B673650064C9-FollowerState was interrupted: java.lang.InterruptedException: sleep interrupted
2019-10-15 17:18:36,903 [grpc-default-executor-0] INFO  impl.RoleInfo (RoleInfo.java:updateAndGet(143)) - ebd8d1f9-8297-450f-abe7-393807ba0c7e: start FollowerState
2019-10-15 17:18:36,935 [79abbc2e-0a90-4a41-a17c-6388bb873359@group-B673650064C9-LeaderElection378] INFO  impl.LeaderElection (LeaderElection.java:logAndReturn(56)) - 79abbc2e-0a90-4a41-a17c-6388bb873359@group-B673650064C9-LeaderElection378: Election REJECTED; received 2 response(s) [79abbc2e-0a90-4a41-a17c-6388bb873359<-ebd8d1f9-8297-450f-abe7-393807ba0c7e#0:FAIL-t436, 79abbc2e-0a90-4a41-a17c-6388bb873359<-dbc121b5-e1e8-4c61-9d50-542b699a3d90#0:FAIL-t436] and 0 exception(s); 79abbc2e-0a90-4a41-a17c-6388bb873359@group-B673650064C9:t436, leader=null, voted=79abbc2e-0a90-4a41-a17c-6388bb873359, raftlog=79abbc2e-0a90-4a41-a17c-6388bb873359@group-B673650064C9-SegmentedRaftLog:OPENED:c-1,f-1,i0, conf=-1: [ebd8d1f9-8297-450f-abe7-393807ba0c7e:192.168.164.239:36510, dbc121b5-e1e8-4c61-9d50-542b699a3d90:192.168.164.239:43140, 79abbc2e-0a90-4a41-a17c-6388bb873359:192.168.164.239:37857], old=null
2019-10-15 17:18:36,936 [79abbc2e-0a90-4a41-a17c-6388bb873359@group-B673650064C9-LeaderElection378] INFO  impl.RaftServerImpl (RaftServerImpl.java:setRole(184)) - 79abbc2e-0a90-4a41-a17c-6388bb873359@group-B673650064C9: changes role from CANDIDATE to FOLLOWER at term 436 for DISCOVERED_A_NEW_TERM
2019-10-15 17:18:36,936 [79abbc2e-0a90-4a41-a17c-6388bb873359@group-B673650064C9-LeaderElection378] INFO  impl.RoleInfo (RoleInfo.java:shutdownLeaderElection(134)) - 79abbc2e-0a90-4a41-a17c-6388bb873359: shutdown LeaderElection
2019-10-15 17:18:36,936 [79abbc2e-0a90-4a41-a17c-6388bb873359@group-B673650064C9-LeaderElection378] INFO  impl.RoleInfo (RoleInfo.java:updateAndGet(143)) - 79abbc2e-0a90-4a41-a17c-6388bb873359: start FollowerState
2019-10-15 17:18:36,969 [Thread-2864] INFO  impl.FollowerState (FollowerState.java:run(108)) - 79abbc2e-0a90-4a41-a17c-6388bb873359@group-B673650064C9-FollowerState: change to CANDIDATE, lastRpcTime:33ms, electionTimeout:33ms
2019-10-15 17:18:36,969 [Thread-2864] INFO  impl.RoleInfo (RoleInfo.java:shutdownFollowerState(121)) - 79abbc2e-0a90-4a41-a17c-6388bb873359: shutdown FollowerState
2019-10-15 17:18:36,970 [Thread-2864] INFO  impl.RaftServerImpl (RaftServerImpl.java:setRole(184)) - 79abbc2e-0a90-4a41-a17c-6388bb873359@group-B673650064C9: changes role from  FOLLOWER to CANDIDATE at term 436 for changeToCandidate
2019-10-15 17:18:36,970 [Thread-2864] INFO  impl.RoleInfo (RoleInfo.java:updateAndGet(143)) - 79abbc2e-0a90-4a41-a17c-6388bb873359: start LeaderElection
2019-10-15 17:18:36,994 [79abbc2e-0a90-4a41-a17c-6388bb873359@group-B673650064C9-LeaderElection379] INFO  impl.LeaderElection (LeaderElection.java:askForVotes(178)) - 79abbc2e-0a90-4a41-a17c-6388bb873359@group-B673650064C9-LeaderElection379: begin an election at term 437 for -1: [ebd8d1f9-8297-450f-abe7-393807ba0c7e:192.168.164.239:36510, dbc121b5-e1e8-4c61-9d50-542b699a3d90:192.168.164.239:43140, 79abbc2e-0a90-4a41-a17c-6388bb873359:192.168.164.239:37857], old=null
2019-10-15 17:18:36,996 [grpc-default-executor-0] INFO  impl.RaftServerImpl (RaftServerImpl.java:setRole(184)) - dbc121b5-e1e8-4c61-9d50-542b699a3d90@group-B673650064C9: changes role from  FOLLOWER to FOLLOWER at term 437 for recognizeCandidate:79abbc2e-0a90-4a41-a17c-6388bb873359
2019-10-15 17:18:36,996 [grpc-default-executor-0] INFO  impl.RoleInfo (RoleInfo.java:shutdownFollowerState(121)) - dbc121b5-e1e8-4c61-9d50-542b699a3d90: shutdown FollowerState
2019-10-15 17:18:36,996 [grpc-default-executor-0] INFO  impl.RoleInfo (RoleInfo.java:updateAndGet(143)) - dbc121b5-e1e8-4c61-9d50-542b699a3d90: start FollowerState
2019-10-15 17:18:36,996 [grpc-default-executor-1] INFO  impl.RaftServerImpl (RaftServerImpl.java:setRole(184)) - ebd8d1f9-8297-450f-abe7-393807ba0c7e@group-B673650064C9: changes role from  FOLLOWER to FOLLOWER at term 437 for recognizeCandidate:79abbc2e-0a90-4a41-a17c-6388bb873359
2019-10-15 17:18:36,997 [grpc-default-executor-1] INFO  impl.RoleInfo (RoleInfo.java:shutdownFollowerState(121)) - ebd8d1f9-8297-450f-abe7-393807ba0c7e: shutdown FollowerState
2019-10-15 17:18:36,996 [Thread-2862] INFO  impl.FollowerState (FollowerState.java:run(117)) - dbc121b5-e1e8-4c61-9d50-542b699a3d90@group-B673650064C9-FollowerState was interrupted: java.lang.InterruptedException: sleep interrupted
2019-10-15 17:18:36,997 [Thread-2863] INFO  impl.FollowerState (FollowerState.java:run(117)) - ebd8d1f9-8297-450f-abe7-393807ba0c7e@group-B673650064C9-FollowerState was interrupted: java.lang.InterruptedException: sleep interrupted
2019-10-15 17:18:36,997 [grpc-default-executor-1] INFO  impl.RoleInfo (RoleInfo.java:updateAndGet(143)) - ebd8d1f9-8297-450f-abe7-393807ba0c7e: start FollowerState
2019-10-15 17:18:37,002 [79abbc2e-0a90-4a41-a17c-6388bb873359@group-B673650064C9-LeaderElection379] INFO  impl.LeaderElection (LeaderElection.java:logAndReturn(56)) - 79abbc2e-0a90-4a41-a17c-6388bb873359@group-B673650064C9-LeaderElection379: Election TIMEOUT; received 0 response(s) [] and 0 exception(s); 79abbc2e-0a90-4a41-a17c-6388bb873359@group-B673650064C9:t437, leader=null, voted=79abbc2e-0a90-4a41-a17c-6388bb873359, raftlog=79abbc2e-0a90-4a41-a17c-6388bb873359@group-B673650064C9-SegmentedRaftLog:OPENED:c-1,f-1,i0, conf=-1: [ebd8d1f9-8297-450f-abe7-393807ba0c7e:192.168.164.239:36510, dbc121b5-e1e8-4c61-9d50-542b699a3d90:192.168.164.239:43140, 79abbc2e-0a90-4a41-a17c-6388bb873359:192.168.164.239:37857], old=null
2019-10-15 17:18:37,019 [79abbc2e-0a90-4a41-a17c-6388bb873359@group-B673650064C9-LeaderElection379] INFO  impl.LeaderElection (LeaderElection.java:askForVotes(178)) - 79abbc2e-0a90-4a41-a17c-6388bb873359@group-B673650064C9-LeaderElection379: begin an election at term 438 for -1: [ebd8d1f9-8297-450f-abe7-393807ba0c7e:192.168.164.239:36510, dbc121b5-e1e8-4c61-9d50-542b699a3d90:192.168.164.239:43140, 79abbc2e-0a90-4a41-a17c-6388bb873359:192.168.164.239:37857], old=null
2019-10-15 17:18:37,021 [grpc-default-executor-0] INFO  impl.RaftServerImpl (RaftServerImpl.java:setRole(184)) - ebd8d1f9-8297-450f-abe7-393807ba0c7e@group-B673650064C9: changes role from  FOLLOWER to FOLLOWER at term 438 for recognizeCandidate:79abbc2e-0a90-4a41-a17c-6388bb873359
2019-10-15 17:18:37,021 [grpc-default-executor-0] INFO  impl.RoleInfo (RoleInfo.java:shutdownFollowerState(121)) - ebd8d1f9-8297-450f-abe7-393807ba0c7e: shutdown FollowerState
2019-10-15 17:18:37,021 [grpc-default-executor-0] INFO  impl.RoleInfo (RoleInfo.java:updateAndGet(143)) - ebd8d1f9-8297-450f-abe7-393807ba0c7e: start FollowerState
2019-10-15 17:18:37,021 [Thread-2869] INFO  impl.FollowerState (FollowerState.java:run(117)) - ebd8d1f9-8297-450f-abe7-393807ba0c7e@group-B673650064C9-FollowerState was interrupted: java.lang.InterruptedException: sleep interrupted
2019-10-15 17:18:37,021 [grpc-default-executor-1] INFO  impl.RaftServerImpl (RaftServerImpl.java:setRole(184)) - dbc121b5-e1e8-4c61-9d50-542b699a3d90@group-B673650064C9: changes role from  FOLLOWER to FOLLOWER at term 438 for recognizeCandidate:79abbc2e-0a90-4a41-a17c-6388bb873359
2019-10-15 17:18:37,021 [grpc-default-executor-1] INFO  impl.RoleInfo (RoleInfo.java:shutdownFollowerState(121)) - dbc121b5-e1e8-4c61-9d50-542b699a3d90: shutdown FollowerState
2019-10-15 17:18:37,021 [grpc-default-executor-1] INFO  impl.RoleInfo (RoleInfo.java:updateAndGet(143)) - dbc121b5-e1e8-4c61-9d50-542b699a3d90: start FollowerState
2019-10-15 17:18:37,021 [Thread-2868] INFO  impl.FollowerState (FollowerState.java:run(117)) - dbc121b5-e1e8-4c61-9d50-542b699a3d90@group-B673650064C9-FollowerState was interrupted: java.lang.InterruptedException: sleep interrupted
2019-10-15 17:18:37,045 [79abbc2e-0a90-4a41-a17c-6388bb873359@group-B673650064C9-LeaderElection379] INFO  impl.LeaderElection (LeaderElection.java:logAndReturn(56)) - 79abbc2e-0a90-4a41-a17c-6388bb873359@group-B673650064C9-LeaderElection379: Election REJECTED; received 2 response(s) [79abbc2e-0a90-4a41-a17c-6388bb873359<-ebd8d1f9-8297-450f-abe7-393807ba0c7e#0:FAIL-t438, 79abbc2e-0a90-4a41-a17c-6388bb873359<-dbc121b5-e1e8-4c61-9d50-542b699a3d90#0:FAIL-t438] and 0 exception(s); 79abbc2e-0a90-4a41-a17c-6388bb873359@group-B673650064C9:t438, leader=null, voted=79abbc2e-0a90-4a41-a17c-6388bb873359, raftlog=79abbc2e-0a90-4a41-a17c-6388bb873359@group-B673650064C9-SegmentedRaftLog:OPENED:c-1,f-1,i0, conf=-1: [ebd8d1f9-8297-450f-abe7-393807ba0c7e:192.168.164.239:36510, dbc121b5-e1e8-4c61-9d50-542b699a3d90:192.168.164.239:43140, 79abbc2e-0a90-4a41-a17c-6388bb873359:192.168.164.239:37857], old=null
2019-10-15 17:18:37,045 [79abbc2e-0a90-4a41-a17c-6388bb873359@group-B673650064C9-LeaderElection379] INFO  impl.RaftServerImpl (RaftServerImpl.java:setRole(184)) - 79abbc2e-0a90-4a41-a17c-6388bb873359@group-B673650064C9: changes role from CANDIDATE to FOLLOWER at term 438 for DISCOVERED_A_NEW_TERM
2019-10-15 17:18:37,045 [79abbc2e-0a90-4a41-a17c-6388bb873359@group-B673650064C9-LeaderElection379] INFO  impl.RoleInfo (RoleInfo.java:shutdownLeaderElection(134)) - 79abbc2e-0a90-4a41-a17c-6388bb873359: shutdown LeaderElection
2019-10-15 17:18:37,045 [79abbc2e-0a90-4a41-a17c-6388bb873359@group-B673650064C9-LeaderElection379] INFO  impl.RoleInfo (RoleInfo.java:updateAndGet(143)) - 79abbc2e-0a90-4a41-a17c-6388bb873359: start FollowerState
2019-10-15 17:18:37,055 [Thread-2874] INFO  impl.FollowerState (FollowerState.java:run(108)) - 79abbc2e-0a90-4a41-a17c-6388bb873359@group-B673650064C9-FollowerState: change to CANDIDATE, lastRpcTime:9ms, electionTimeout:9ms
2019-10-15 17:18:37,055 [Thread-2874] INFO  impl.RoleInfo (RoleInfo.java:shutdownFollowerState(121)) - 79abbc2e-0a90-4a41-a17c-6388bb873359: shutdown FollowerState
2019-10-15 17:18:37,055 [Thread-2874] INFO  impl.RaftServerImpl (RaftServerImpl.java:setRole(184)) - 79abbc2e-0a90-4a41-a17c-6388bb873359@group-B673650064C9: changes role from  FOLLOWER to CANDIDATE at term 438 for changeToCandidate
2019-10-15 17:18:37,055 [Thread-2874] INFO  impl.RoleInfo (RoleInfo.java:updateAndGet(143)) - 79abbc2e-0a90-4a41-a17c-6388bb873359: start LeaderElection
2019-10-15 17:18:37,078 [79abbc2e-0a90-4a41-a17c-6388bb873359@group-B673650064C9-LeaderElection380] INFO  impl.LeaderElection (LeaderElection.java:askForVotes(178)) - 79abbc2e-0a90-4a41-a17c-6388bb873359@group-B673650064C9-LeaderElection380: begin an election at term 439 for -1: [ebd8d1f9-8297-450f-abe7-393807ba0c7e:192.168.164.239:36510, dbc121b5-e1e8-4c61-9d50-542b699a3d90:192.168.164.239:43140, 79abbc2e-0a90-4a41-a17c-6388bb873359:192.168.164.239:37857], old=null
2019-10-15 17:18:37,079 [79abbc2e-0a90-4a41-a17c-6388bb873359@group-B673650064C9-LeaderElection380] INFO  impl.LeaderElection (LeaderElection.java:logAndReturn(56)) - 79abbc2e-0a90-4a41-a17c-6388bb873359@group-B673650064C9-LeaderElection380: Election TIMEOUT; received 0 response(s) [] and 0 exception(s); 79abbc2e-0a90-4a41-a17c-6388bb873359@group-B673650064C9:t439, leader=null, voted=79abbc2e-0a90-4a41-a17c-6388bb873359, raftlog=79abbc2e-0a90-4a41-a17c-6388bb873359@group-B673650064C9-SegmentedRaftLog:OPENED:c-1,f-1,i0, conf=-1: [ebd8d1f9-8297-450f-abe7-393807ba0c7e:192.168.164.239:36510, dbc121b5-e1e8-4c61-9d50-542b699a3d90:192.168.164.239:43140, 79abbc2e-0a90-4a41-a17c-6388bb873359:192.168.164.239:37857], old=null
2019-10-15 17:18:37,079 [grpc-default-executor-0] INFO  impl.RaftServerImpl (RaftServerImpl.java:setRole(184)) - ebd8d1f9-8297-450f-abe7-393807ba0c7e@group-B673650064C9: changes role from  FOLLOWER to FOLLOWER at term 439 for recognizeCandidate:79abbc2e-0a90-4a41-a17c-6388bb873359
2019-10-15 17:18:37,080 [grpc-default-executor-0] INFO  impl.RoleInfo (RoleInfo.java:shutdownFollowerState(121)) - ebd8d1f9-8297-450f-abe7-393807ba0c7e: shutdown FollowerState
2019-10-15 17:18:37,080 [grpc-default-executor-0] INFO  impl.RoleInfo (RoleInfo.java:updateAndGet(143)) - ebd8d1f9-8297-450f-abe7-393807ba0c7e: start FollowerState
2019-10-15 17:18:37,080 [Thread-2872] INFO  impl.FollowerState (FollowerState.java:run(117)) - ebd8d1f9-8297-450f-abe7-393807ba0c7e@group-B673650064C9-FollowerState was interrupted: java.lang.InterruptedException: sleep interrupted
2019-10-15 17:18:37,080 [grpc-default-executor-1] INFO  impl.RaftServerImpl (RaftServerImpl.java:setRole(184)) - dbc121b5-e1e8-4c61-9d50-542b699a3d90@group-B673650064C9: changes role from  FOLLOWER to FOLLOWER at term 439 for recognizeCandidate:79abbc2e-0a90-4a41-a17c-6388bb873359
2019-10-15 17:18:37,080 [grpc-default-executor-1] INFO  impl.RoleInfo (RoleInfo.java:shutdownFollowerState(121)) - dbc121b5-e1e8-4c61-9d50-542b699a3d90: shutdown FollowerState
2019-10-15 17:18:37,080 [grpc-default-executor-1] INFO  impl.RoleInfo (RoleInfo.java:updateAndGet(143)) - dbc121b5-e1e8-4c61-9d50-542b699a3d90: start FollowerState
2019-10-15 17:18:37,080 [Thread-2873] INFO  impl.FollowerState (FollowerState.java:run(117)) - dbc121b5-e1e8-4c61-9d50-542b699a3d90@group-B673650064C9-FollowerState was interrupted: java.lang.InterruptedException: sleep interrupted
2019-10-15 17:18:37,103 [79abbc2e-0a90-4a41-a17c-6388bb873359@group-B673650064C9-LeaderElection380] INFO  impl.LeaderElection (LeaderElection.java:askForVotes(178)) - 79abbc2e-0a90-4a41-a17c-6388bb873359@group-B673650064C9-LeaderElection380: begin an election at term 440 for -1: [ebd8d1f9-8297-450f-abe7-393807ba0c7e:192.168.164.239:36510, dbc121b5-e1e8-4c61-9d50-542b699a3d90:192.168.164.239:43140, 79abbc2e-0a90-4a41-a17c-6388bb873359:192.168.164.239:37857], old=null
2019-10-15 17:18:37,105 [grpc-default-executor-0] INFO  impl.RaftServerImpl (RaftServerImpl.java:setRole(184)) - ebd8d1f9-8297-450f-abe7-393807ba0c7e@group-B673650064C9: changes role from  FOLLOWER to FOLLOWER at term 440 for recognizeCandidate:79abbc2e-0a90-4a41-a17c-6388bb873359
2019-10-15 17:18:37,105 [grpc-default-executor-0] INFO  impl.RoleInfo (RoleInfo.java:shutdownFollowerState(121)) - ebd8d1f9-8297-450f-abe7-393807ba0c7e: shutdown FollowerState
2019-10-15 17:18:37,105 [grpc-default-executor-0] INFO  impl.RoleInfo (RoleInfo.java:updateAndGet(143)) - ebd8d1f9-8297-450f-abe7-393807ba0c7e: start FollowerState
2019-10-15 17:18:37,105 [Thread-2878] INFO  impl.FollowerState (FollowerState.java:run(117)) - ebd8d1f9-8297-450f-abe7-393807ba0c7e@group-B673650064C9-FollowerState was interrupted: java.lang.InterruptedException: sleep interrupted
2019-10-15 17:18:37,105 [grpc-default-executor-1] INFO  impl.RaftServerImpl (RaftServerImpl.java:setRole(184)) - dbc121b5-e1e8-4c61-9d50-542b699a3d90@group-B673650064C9: changes role from  FOLLOWER to FOLLOWER at term 440 for recognizeCandidate:79abbc2e-0a90-4a41-a17c-6388bb873359
2019-10-15 17:18:37,105 [grpc-default-executor-1] INFO  impl.RoleInfo (RoleInfo.java:shutdownFollowerState(121)) - dbc121b5-e1e8-4c61-9d50-542b699a3d90: shutdown FollowerState
2019-10-15 17:18:37,106 [grpc-default-executor-1] INFO  impl.RoleInfo (RoleInfo.java:updateAndGet(143)) - dbc121b5-e1e8-4c61-9d50-542b699a3d90: start FollowerState
2019-10-15 17:18:37,106 [Thread-2879] INFO  impl.FollowerState (FollowerState.java:run(117)) - dbc121b5-e1e8-4c61-9d50-542b699a3d90@group-B673650064C9-FollowerState was interrupted: java.lang.InterruptedException: sleep interrupted
2019-10-15 17:18:37,129 [79abbc2e-0a90-4a41-a17c-6388bb873359@group-B673650064C9-LeaderElection380] INFO  impl.LeaderElection (LeaderElection.java:logAndReturn(56)) - 79abbc2e-0a90-4a41-a17c-6388bb873359@group-B673650064C9-LeaderElection380: Election REJECTED; received 2 response(s) [79abbc2e-0a90-4a41-a17c-6388bb873359<-ebd8d1f9-8297-450f-abe7-393807ba0c7e#0:FAIL-t440, 79abbc2e-0a90-4a41-a17c-6388bb873359<-dbc121b5-e1e8-4c61-9d50-542b699a3d90#0:FAIL-t440] and 0 exception(s); 79abbc2e-0a90-4a41-a17c-6388bb873359@group-B673650064C9:t440, leader=null, voted=79abbc2e-0a90-4a41-a17c-6388bb873359, raftlog=79abbc2e-0a90-4a41-a17c-6388bb873359@group-B673650064C9-SegmentedRaftLog:OPENED:c-1,f-1,i0, conf=-1: [ebd8d1f9-8297-450f-abe7-393807ba0c7e:192.168.164.239:36510, dbc121b5-e1e8-4c61-9d50-542b699a3d90:192.168.164.239:43140, 79abbc2e-0a90-4a41-a17c-6388bb873359:192.168.164.239:37857], old=null
2019-10-15 17:18:37,129 [79abbc2e-0a90-4a41-a17c-6388bb873359@group-B673650064C9-LeaderElection380] INFO  impl.RaftServerImpl (RaftServerImpl.java:setRole(184)) - 79abbc2e-0a90-4a41-a17c-6388bb873359@group-B673650064C9: changes role from CANDIDATE to FOLLOWER at term 440 for DISCOVERED_A_NEW_TERM
2019-10-15 17:18:37,129 [79abbc2e-0a90-4a41-a17c-6388bb873359@group-B673650064C9-LeaderElection380] INFO  impl.RoleInfo (RoleInfo.java:shutdownLeaderElection(134)) - 79abbc2e-0a90-4a41-a17c-6388bb873359: shutdown LeaderElection
2019-10-15 17:18:37,129 [79abbc2e-0a90-4a41-a17c-6388bb873359@group-B673650064C9-LeaderElection380] INFO  impl.RoleInfo (RoleInfo.java:updateAndGet(143)) - 79abbc2e-0a90-4a41-a17c-6388bb873359: start FollowerState
2019-10-15 17:18:37,211 [Thread-2884] INFO  impl.FollowerState (FollowerState.java:run(108)) - 79abbc2e-0a90-4a41-a17c-6388bb873359@group-B673650064C9-FollowerState: change to CANDIDATE, lastRpcTime:81ms, electionTimeout:81ms
2019-10-15 17:18:37,211 [Thread-2884] INFO  impl.RoleInfo (RoleInfo.java:shutdownFollowerState(121)) - 79abbc2e-0a90-4a41-a17c-6388bb873359: shutdown FollowerState
2019-10-15 17:18:37,211 [Thread-2884] INFO  impl.RaftServerImpl (RaftServerImpl.java:setRole(184)) - 79abbc2e-0a90-4a41-a17c-6388bb873359@group-B673650064C9: changes role from  FOLLOWER to CANDIDATE at term 440 for changeToCandidate
2019-10-15 17:18:37,211 [Thread-2884] INFO  impl.RoleInfo (RoleInfo.java:updateAndGet(143)) - 79abbc2e-0a90-4a41-a17c-6388bb873359: start LeaderElection
2019-10-15 17:18:37,238 [79abbc2e-0a90-4a41-a17c-6388bb873359@group-B673650064C9-LeaderElection381] INFO  impl.LeaderElection (LeaderElection.java:askForVotes(178)) - 79abbc2e-0a90-4a41-a17c-6388bb873359@group-B673650064C9-LeaderElection381: begin an election at term 441 for -1: [ebd8d1f9-8297-450f-abe7-393807ba0c7e:192.168.164.239:36510, dbc121b5-e1e8-4c61-9d50-542b699a3d90:192.168.164.239:43140, 79abbc2e-0a90-4a41-a17c-6388bb873359:192.168.164.239:37857], old=null
2019-10-15 17:18:37,240 [grpc-default-executor-0] INFO  impl.RaftServerImpl (RaftServerImpl.java:setRole(184)) - ebd8d1f9-8297-450f-abe7-393807ba0c7e@group-B673650064C9: changes role from  FOLLOWER to FOLLOWER at term 441 for recognizeCandidate:79abbc2e-0a90-4a41-a17c-6388bb873359
2019-10-15 17:18:37,240 [grpc-default-executor-1] INFO  impl.RaftServerImpl (RaftServerImpl.java:setRole(184)) - dbc121b5-e1e8-4c61-9d50-542b699a3d90@group-B673650064C9: changes role from  FOLLOWER to FOLLOWER at term 441 for recognizeCandidate:79abbc2e-0a90-4a41-a17c-6388bb873359
2019-10-15 17:18:37,240 [grpc-default-executor-1] INFO  impl.RoleInfo (RoleInfo.java:shutdownFollowerState(121)) - dbc121b5-e1e8-4c61-9d50-542b699a3d90: shutdown FollowerState
2019-10-15 17:18:37,240 [grpc-default-executor-0] INFO  impl.RoleInfo (RoleInfo.java:shutdownFollowerState(121)) - ebd8d1f9-8297-450f-abe7-393807ba0c7e: shutdown FollowerState
2019-10-15 17:18:37,241 [Thread-2883] INFO  impl.FollowerState (FollowerState.java:run(117)) - dbc121b5-e1e8-4c61-9d50-542b699a3d90@group-B673650064C9-FollowerState was interrupted: java.lang.InterruptedException: sleep interrupted
2019-10-15 17:18:37,241 [grpc-default-executor-1] INFO  impl.RoleInfo (RoleInfo.java:updateAndGet(143)) - dbc121b5-e1e8-4c61-9d50-542b699a3d90: start FollowerState
2019-10-15 17:18:37,241 [Thread-2882] INFO  impl.FollowerState (FollowerState.java:run(117)) - ebd8d1f9-8297-450f-abe7-393807ba0c7e@group-B673650064C9-FollowerState was interrupted: java.lang.InterruptedException: sleep interrupted
2019-10-15 17:18:37,241 [grpc-default-executor-0] INFO  impl.RoleInfo (RoleInfo.java:updateAndGet(143)) - ebd8d1f9-8297-450f-abe7-393807ba0c7e: start FollowerState
2019-10-15 17:18:37,264 [79abbc2e-0a90-4a41-a17c-6388bb873359@group-B673650064C9-LeaderElection381] INFO  impl.LeaderElection (LeaderElection.java:logAndReturn(56)) - 79abbc2e-0a90-4a41-a17c-6388bb873359@group-B673650064C9-LeaderElection381: Election REJECTED; received 2 response(s) [79abbc2e-0a90-4a41-a17c-6388bb873359<-ebd8d1f9-8297-450f-abe7-393807ba0c7e#0:FAIL-t441, 79abbc2e-0a90-4a41-a17c-6388bb873359<-dbc121b5-e1e8-4c61-9d50-542b699a3d90#0:FAIL-t441] and 0 exception(s); 79abbc2e-0a90-4a41-a17c-6388bb873359@group-B673650064C9:t441, leader=null, voted=79abbc2e-0a90-4a41-a17c-6388bb873359, raftlog=79abbc2e-0a90-4a41-a17c-6388bb873359@group-B673650064C9-SegmentedRaftLog:OPENED:c-1,f-1,i0, conf=-1: [ebd8d1f9-8297-450f-abe7-393807ba0c7e:192.168.164.239:36510, dbc121b5-e1e8-4c61-9d50-542b699a3d90:192.168.164.239:43140, 79abbc2e-0a90-4a41-a17c-6388bb873359:192.168.164.239:37857], old=null
2019-10-15 17:18:37,264 [79abbc2e-0a90-4a41-a17c-6388bb873359@group-B673650064C9-LeaderElection381] INFO  impl.RaftServerImpl (RaftServerImpl.java:setRole(184)) - 79abbc2e-0a90-4a41-a17c-6388bb873359@group-B673650064C9: changes role from CANDIDATE to FOLLOWER at term 441 for DISCOVERED_A_NEW_TERM
2019-10-15 17:18:37,264 [79abbc2e-0a90-4a41-a17c-6388bb873359@group-B673650064C9-LeaderElection381] INFO  impl.RoleInfo (RoleInfo.java:shutdownLeaderElection(134)) - 79abbc2e-0a90-4a41-a17c-6388bb873359: shutdown LeaderElection
2019-10-15 17:18:37,265 [79abbc2e-0a90-4a41-a17c-6388bb873359@group-B673650064C9-LeaderElection381] INFO  impl.RoleInfo (RoleInfo.java:updateAndGet(143)) - 79abbc2e-0a90-4a41-a17c-6388bb873359: start FollowerState
2019-10-15 17:18:37,437 [Thread-2892] INFO  impl.FollowerState (FollowerState.java:run(108)) - 79abbc2e-0a90-4a41-a17c-6388bb873359@group-B673650064C9-FollowerState: change to CANDIDATE, lastRpcTime:172ms, electionTimeout:172ms
2019-10-15 17:18:37,437 [Thread-2892] INFO  impl.RoleInfo (RoleInfo.java:shutdownFollowerState(121)) - 79abbc2e-0a90-4a41-a17c-6388bb873359: shutdown FollowerState
2019-10-15 17:18:37,437 [Thread-2892] INFO  impl.RaftServerImpl (RaftServerImpl.java:setRole(184)) - 79abbc2e-0a90-4a41-a17c-6388bb873359@group-B673650064C9: changes role from  FOLLOWER to CANDIDATE at term 441 for changeToCandidate
2019-10-15 17:18:37,437 [Thread-2892] INFO  impl.RoleInfo (RoleInfo.java:updateAndGet(143)) - 79abbc2e-0a90-4a41-a17c-6388bb873359: start LeaderElection
2019-10-15 17:18:37,464 [79abbc2e-0a90-4a41-a17c-6388bb873359@group-B673650064C9-LeaderElection382] INFO  impl.LeaderElection (LeaderElection.java:askForVotes(178)) - 79abbc2e-0a90-4a41-a17c-6388bb873359@group-B673650064C9-LeaderElection382: begin an election at term 442 for -1: [ebd8d1f9-8297-450f-abe7-393807ba0c7e:192.168.164.239:36510, dbc121b5-e1e8-4c61-9d50-542b699a3d90:192.168.164.239:43140, 79abbc2e-0a90-4a41-a17c-6388bb873359:192.168.164.239:37857], old=null
2019-10-15 17:18:37,466 [grpc-default-executor-1] INFO  impl.RaftServerImpl (RaftServerImpl.java:setRole(184)) - ebd8d1f9-8297-450f-abe7-393807ba0c7e@group-B673650064C9: changes role from  FOLLOWER to FOLLOWER at term 442 for recognizeCandidate:79abbc2e-0a90-4a41-a17c-6388bb873359
2019-10-15 17:18:37,466 [grpc-default-executor-1] INFO  impl.RoleInfo (RoleInfo.java:shutdownFollowerState(121)) - ebd8d1f9-8297-450f-abe7-393807ba0c7e: shutdown FollowerState
2019-10-15 17:18:37,466 [grpc-default-executor-0] INFO  impl.RaftServerImpl (RaftServerImpl.java:setRole(184)) - dbc121b5-e1e8-4c61-9d50-542b699a3d90@group-B673650064C9: changes role from  FOLLOWER to FOLLOWER at term 442 for recognizeCandidate:79abbc2e-0a90-4a41-a17c-6388bb873359
2019-10-15 17:18:37,466 [grpc-default-executor-0] INFO  impl.RoleInfo (RoleInfo.java:shutdownFollowerState(121)) - dbc121b5-e1e8-4c61-9d50-542b699a3d90: shutdown FollowerState
2019-10-15 17:18:37,466 [Thread-2891] INFO  impl.FollowerState (FollowerState.java:run(117)) - ebd8d1f9-8297-450f-abe7-393807ba0c7e@group-B673650064C9-FollowerState was interrupted: java.lang.InterruptedException: sleep interrupted
2019-10-15 17:18:37,466 [grpc-default-executor-1] INFO  impl.RoleInfo (RoleInfo.java:updateAndGet(143)) - ebd8d1f9-8297-450f-abe7-393807ba0c7e: start FollowerState
2019-10-15 17:18:37,467 [Thread-2890] INFO  impl.FollowerState (FollowerState.java:run(117)) - dbc121b5-e1e8-4c61-9d50-542b699a3d90@group-B673650064C9-FollowerState was interrupted: java.lang.InterruptedException: sleep interrupted
2019-10-15 17:18:37,467 [grpc-default-executor-0] INFO  impl.RoleInfo (RoleInfo.java:updateAndGet(143)) - dbc121b5-e1e8-4c61-9d50-542b699a3d90: start FollowerState
2019-10-15 17:18:37,484 [79abbc2e-0a90-4a41-a17c-6388bb873359@group-B673650064C9-LeaderElection382] INFO  impl.LeaderElection (LeaderElection.java:logAndReturn(56)) - 79abbc2e-0a90-4a41-a17c-6388bb873359@group-B673650064C9-LeaderElection382: Election TIMEOUT; received 0 response(s) [] and 0 exception(s); 79abbc2e-0a90-4a41-a17c-6388bb873359@group-B673650064C9:t442, leader=null, voted=79abbc2e-0a90-4a41-a17c-6388bb873359, raftlog=79abbc2e-0a90-4a41-a17c-6388bb873359@group-B673650064C9-SegmentedRaftLog:OPENED:c-1,f-1,i0, conf=-1: [ebd8d1f9-8297-450f-abe7-393807ba0c7e:192.168.164.239:36510, dbc121b5-e1e8-4c61-9d50-542b699a3d90:192.168.164.239:43140, 79abbc2e-0a90-4a41-a17c-6388bb873359:192.168.164.239:37857], old=null
2019-10-15 17:18:37,507 [79abbc2e-0a90-4a41-a17c-6388bb873359@group-B673650064C9-LeaderElection382] INFO  impl.LeaderElection (LeaderElection.java:askForVotes(178)) - 79abbc2e-0a90-4a41-a17c-6388bb873359@group-B673650064C9-LeaderElection382: begin an election at term 443 for -1: [ebd8d1f9-8297-450f-abe7-393807ba0c7e:192.168.164.239:36510, dbc121b5-e1e8-4c61-9d50-542b699a3d90:192.168.164.239:43140, 79abbc2e-0a90-4a41-a17c-6388bb873359:192.168.164.239:37857], old=null
2019-10-15 17:18:37,508 [grpc-default-executor-1] INFO  impl.RaftServerImpl (RaftServerImpl.java:setRole(184)) - ebd8d1f9-8297-450f-abe7-393807ba0c7e@group-B673650064C9: changes role from  FOLLOWER to FOLLOWER at term 443 for recognizeCandidate:79abbc2e-0a90-4a41-a17c-6388bb873359
2019-10-15 17:18:37,508 [grpc-default-executor-0] INFO  impl.RaftServerImpl (RaftServerImpl.java:setRole(184)) - dbc121b5-e1e8-4c61-9d50-542b699a3d90@group-B673650064C9: changes role from  FOLLOWER to FOLLOWER at term 443 for recognizeCandidate:79abbc2e-0a90-4a41-a17c-6388bb873359
2019-10-15 17:18:37,508 [grpc-default-executor-1] INFO  impl.RoleInfo (RoleInfo.java:shutdownFollowerState(121)) - ebd8d1f9-8297-450f-abe7-393807ba0c7e: shutdown FollowerState
2019-10-15 17:18:37,509 [grpc-default-executor-0] INFO  impl.RoleInfo (RoleInfo.java:shutdownFollowerState(121)) - dbc121b5-e1e8-4c61-9d50-542b699a3d90: shutdown FollowerState
2019-10-15 17:18:37,509 [Thread-2896] INFO  impl.FollowerState (FollowerState.java:run(117)) - ebd8d1f9-8297-450f-abe7-393807ba0c7e@group-B673650064C9-FollowerState was interrupted: java.lang.InterruptedException: sleep interrupted
2019-10-15 17:18:37,509 [Thread-2897] INFO  impl.FollowerState (FollowerState.java:run(117)) - dbc121b5-e1e8-4c61-9d50-542b699a3d90@group-B673650064C9-FollowerState was interrupted: java.lang.InterruptedException: sleep interrupted
2019-10-15 17:18:37,509 [grpc-default-executor-1] INFO  impl.RoleInfo (RoleInfo.java:updateAndGet(143)) - ebd8d1f9-8297-450f-abe7-393807ba0c7e: start FollowerState
2019-10-15 17:18:37,509 [grpc-default-executor-0] INFO  impl.RoleInfo (RoleInfo.java:updateAndGet(143)) - dbc121b5-e1e8-4c61-9d50-542b699a3d90: start FollowerState
2019-10-15 17:18:37,533 [79abbc2e-0a90-4a41-a17c-6388bb873359@group-B673650064C9-LeaderElection382] INFO  impl.LeaderElection (LeaderElection.java:logAndReturn(56)) - 79abbc2e-0a90-4a41-a17c-6388bb873359@group-B673650064C9-LeaderElection382: Election REJECTED; received 2 response(s) [79abbc2e-0a90-4a41-a17c-6388bb873359<-ebd8d1f9-8297-450f-abe7-393807ba0c7e#0:FAIL-t443, 79abbc2e-0a90-4a41-a17c-6388bb873359<-dbc121b5-e1e8-4c61-9d50-542b699a3d90#0:FAIL-t443] and 0 exception(s); 79abbc2e-0a90-4a41-a17c-6388bb873359@group-B673650064C9:t443, leader=null, voted=79abbc2e-0a90-4a41-a17c-6388bb873359, raftlog=79abbc2e-0a90-4a41-a17c-6388bb873359@group-B673650064C9-SegmentedRaftLog:OPENED:c-1,f-1,i0, conf=-1: [ebd8d1f9-8297-450f-abe7-393807ba0c7e:192.168.164.239:36510, dbc121b5-e1e8-4c61-9d50-542b699a3d90:192.168.164.239:43140, 79abbc2e-0a90-4a41-a17c-6388bb873359:192.168.164.239:37857], old=null
2019-10-15 17:18:37,533 [79abbc2e-0a90-4a41-a17c-6388bb873359@group-B673650064C9-LeaderElection382] INFO  impl.RaftServerImpl (RaftServerImpl.java:setRole(184)) - 79abbc2e-0a90-4a41-a17c-6388bb873359@group-B673650064C9: changes role from CANDIDATE to FOLLOWER at term 443 for DISCOVERED_A_NEW_TERM
2019-10-15 17:18:37,533 [79abbc2e-0a90-4a41-a17c-6388bb873359@group-B673650064C9-LeaderElection382] INFO  impl.RoleInfo (RoleInfo.java:shutdownLeaderElection(134)) - 79abbc2e-0a90-4a41-a17c-6388bb873359: shutdown LeaderElection
2019-10-15 17:18:37,533 [79abbc2e-0a90-4a41-a17c-6388bb873359@group-B673650064C9-LeaderElection382] INFO  impl.RoleInfo (RoleInfo.java:updateAndGet(143)) - 79abbc2e-0a90-4a41-a17c-6388bb873359: start FollowerState
2019-10-15 17:18:37,665 [Thread-2902] INFO  impl.FollowerState (FollowerState.java:run(108)) - 79abbc2e-0a90-4a41-a17c-6388bb873359@group-B673650064C9-FollowerState: change to CANDIDATE, lastRpcTime:132ms, electionTimeout:132ms
2019-10-15 17:18:37,665 [Thread-2902] INFO  impl.RoleInfo (RoleInfo.java:shutdownFollowerState(121)) - 79abbc2e-0a90-4a41-a17c-6388bb873359: shutdown FollowerState
2019-10-15 17:18:37,666 [Thread-2902] INFO  impl.RaftServerImpl (RaftServerImpl.java:setRole(184)) - 79abbc2e-0a90-4a41-a17c-6388bb873359@group-B673650064C9: changes role from  FOLLOWER to CANDIDATE at term 443 for changeToCandidate
2019-10-15 17:18:37,666 [Thread-2902] INFO  impl.RoleInfo (RoleInfo.java:updateAndGet(143)) - 79abbc2e-0a90-4a41-a17c-6388bb873359: start LeaderElection
2019-10-15 17:18:37,691 [79abbc2e-0a90-4a41-a17c-6388bb873359@group-B673650064C9-LeaderElection383] INFO  impl.LeaderElection (LeaderElection.java:askForVotes(178)) - 79abbc2e-0a90-4a41-a17c-6388bb873359@group-B673650064C9-LeaderElection383: begin an election at term 444 for -1: [ebd8d1f9-8297-450f-abe7-393807ba0c7e:192.168.164.239:36510, dbc121b5-e1e8-4c61-9d50-542b699a3d90:192.168.164.239:43140, 79abbc2e-0a90-4a41-a17c-6388bb873359:192.168.164.239:37857], old=null
2019-10-15 17:18:37,692 [grpc-default-executor-1] INFO  impl.RaftServerImpl (RaftServerImpl.java:setRole(184)) - ebd8d1f9-8297-450f-abe7-393807ba0c7e@group-B673650064C9: changes role from  FOLLOWER to FOLLOWER at term 444 for recognizeCandidate:79abbc2e-0a90-4a41-a17c-6388bb873359
2019-10-15 17:18:37,692 [grpc-default-executor-1] INFO  impl.RoleInfo (RoleInfo.java:shutdownFollowerState(121)) - ebd8d1f9-8297-450f-abe7-393807ba0c7e: shutdown FollowerState
2019-10-15 17:18:37,692 [grpc-default-executor-0] INFO  impl.RaftServerImpl (RaftServerImpl.java:setRole(184)) - dbc121b5-e1e8-4c61-9d50-542b699a3d90@group-B673650064C9: changes role from  FOLLOWER to FOLLOWER at term 444 for recognizeCandidate:79abbc2e-0a90-4a41-a17c-6388bb873359
2019-10-15 17:18:37,693 [Thread-2900] INFO  impl.FollowerState (FollowerState.java:run(117)) - ebd8d1f9-8297-450f-abe7-393807ba0c7e@group-B673650064C9-FollowerState was interrupted: java.lang.InterruptedException: sleep interrupted
2019-10-15 17:18:37,693 [grpc-default-executor-0] INFO  impl.RoleInfo (RoleInfo.java:shutdownFollowerState(121)) - dbc121b5-e1e8-4c61-9d50-542b699a3d90: shutdown FollowerState
2019-10-15 17:18:37,692 [grpc-default-executor-1] INFO  impl.RoleInfo (RoleInfo.java:updateAndGet(143)) - ebd8d1f9-8297-450f-abe7-393807ba0c7e: start FollowerState
2019-10-15 17:18:37,693 [Thread-2901] INFO  impl.FollowerState (FollowerState.java:run(117)) - dbc121b5-e1e8-4c61-9d50-542b699a3d90@group-B673650064C9-FollowerState was interrupted: java.lang.InterruptedException: sleep interrupted
2019-10-15 17:18:37,693 [grpc-default-executor-0] INFO  impl.RoleInfo (RoleInfo.java:updateAndGet(143)) - dbc121b5-e1e8-4c61-9d50-542b699a3d90: start FollowerState
2019-10-15 17:18:37,717 [79abbc2e-0a90-4a41-a17c-6388bb873359@group-B673650064C9-LeaderElection383] INFO  impl.LeaderElection (LeaderElection.java:logAndReturn(56)) - 79abbc2e-0a90-4a41-a17c-6388bb873359@group-B673650064C9-LeaderElection383: Election REJECTED; received 2 response(s) [79abbc2e-0a90-4a41-a17c-6388bb873359<-ebd8d1f9-8297-450f-abe7-393807ba0c7e#0:FAIL-t444, 79abbc2e-0a90-4a41-a17c-6388bb873359<-dbc121b5-e1e8-4c61-9d50-542b699a3d90#0:FAIL-t444] and 0 exception(s); 79abbc2e-0a90-4a41-a17c-6388bb873359@group-B673650064C9:t444, leader=null, voted=79abbc2e-0a90-4a41-a17c-6388bb873359, raftlog=79abbc2e-0a90-4a41-a17c-6388bb873359@group-B673650064C9-SegmentedRaftLog:OPENED:c-1,f-1,i0, conf=-1: [ebd8d1f9-8297-450f-abe7-393807ba0c7e:192.168.164.239:36510, dbc121b5-e1e8-4c61-9d50-542b699a3d90:192.168.164.239:43140, 79abbc2e-0a90-4a41-a17c-6388bb873359:192.168.164.239:37857], old=null
2019-10-15 17:18:37,717 [79abbc2e-0a90-4a41-a17c-6388bb873359@group-B673650064C9-LeaderElection383] INFO  impl.RaftServerImpl (RaftServerImpl.java:setRole(184)) - 79abbc2e-0a90-4a41-a17c-6388bb873359@group-B673650064C9: changes role from CANDIDATE to FOLLOWER at term 444 for DISCOVERED_A_NEW_TERM
2019-10-15 17:18:37,717 [79abbc2e-0a90-4a41-a17c-6388bb873359@group-B673650064C9-LeaderElection383] INFO  impl.RoleInfo (RoleInfo.java:shutdownLeaderElection(134)) - 79abbc2e-0a90-4a41-a17c-6388bb873359: shutdown LeaderElection
2019-10-15 17:18:37,717 [79abbc2e-0a90-4a41-a17c-6388bb873359@group-B673650064C9-LeaderElection383] INFO  impl.RoleInfo (RoleInfo.java:updateAndGet(143)) - 79abbc2e-0a90-4a41-a17c-6388bb873359: start FollowerState
2019-10-15 17:18:37,891 [Thread-2908] INFO  impl.FollowerState (FollowerState.java:run(108)) - 79abbc2e-0a90-4a41-a17c-6388bb873359@group-B673650064C9-FollowerState: change to CANDIDATE, lastRpcTime:174ms, electionTimeout:174ms
2019-10-15 17:18:37,892 [Thread-2908] INFO  impl.RoleInfo (RoleInfo.java:shutdownFollowerState(121)) - 79abbc2e-0a90-4a41-a17c-6388bb873359: shutdown FollowerState
2019-10-15 17:18:37,892 [Thread-2908] INFO  impl.RaftServerImpl (RaftServerImpl.java:setRole(184)) - 79abbc2e-0a90-4a41-a17c-6388bb873359@group-B673650064C9: changes role from  FOLLOWER to CANDIDATE at term 444 for changeToCandidate
2019-10-15 17:18:37,892 [Thread-2908] INFO  impl.RoleInfo (RoleInfo.java:updateAndGet(143)) - 79abbc2e-0a90-4a41-a17c-6388bb873359: start LeaderElection
2019-10-15 17:18:37,916 [79abbc2e-0a90-4a41-a17c-6388bb873359@group-B673650064C9-LeaderElection384] INFO  impl.LeaderElection (LeaderElection.java:askForVotes(178)) - 79abbc2e-0a90-4a41-a17c-6388bb873359@group-B673650064C9-LeaderElection384: begin an election at term 445 for -1: [ebd8d1f9-8297-450f-abe7-393807ba0c7e:192.168.164.239:36510, dbc121b5-e1e8-4c61-9d50-542b699a3d90:192.168.164.239:43140, 79abbc2e-0a90-4a41-a17c-6388bb873359:192.168.164.239:37857], old=null
2019-10-15 17:18:37,919 [grpc-default-executor-0] INFO  impl.RaftServerImpl (RaftServerImpl.java:setRole(184)) - dbc121b5-e1e8-4c61-9d50-542b699a3d90@group-B673650064C9: changes role from  FOLLOWER to FOLLOWER at term 445 for recognizeCandidate:79abbc2e-0a90-4a41-a17c-6388bb873359
2019-10-15 17:18:37,919 [grpc-default-executor-1] INFO  impl.RaftServerImpl (RaftServerImpl.java:setRole(184)) - ebd8d1f9-8297-450f-abe7-393807ba0c7e@group-B673650064C9: changes role from  FOLLOWER to FOLLOWER at term 445 for recognizeCandidate:79abbc2e-0a90-4a41-a17c-6388bb873359
2019-10-15 17:18:37,919 [grpc-default-executor-1] INFO  impl.RoleInfo (RoleInfo.java:shutdownFollowerState(121)) - ebd8d1f9-8297-450f-abe7-393807ba0c7e: shutdown FollowerState
2019-10-15 17:18:37,919 [grpc-default-executor-0] INFO  impl.RoleInfo (RoleInfo.java:shutdownFollowerState(121)) - dbc121b5-e1e8-4c61-9d50-542b699a3d90: shutdown FollowerState
2019-10-15 17:18:37,920 [grpc-default-executor-0] INFO  impl.RoleInfo (RoleInfo.java:updateAndGet(143)) - dbc121b5-e1e8-4c61-9d50-542b699a3d90: start FollowerState
2019-10-15 17:18:37,920 [grpc-default-executor-1] INFO  impl.RoleInfo (RoleInfo.java:updateAndGet(143)) - ebd8d1f9-8297-450f-abe7-393807ba0c7e: start FollowerState
2019-10-15 17:18:37,920 [Thread-2906] INFO  impl.FollowerState (FollowerState.java:run(117)) - ebd8d1f9-8297-450f-abe7-393807ba0c7e@group-B673650064C9-FollowerState was interrupted: java.lang.InterruptedException: sleep interrupted
2019-10-15 17:18:37,920 [Thread-2907] INFO  impl.FollowerState (FollowerState.java:run(117)) - dbc121b5-e1e8-4c61-9d50-542b699a3d90@group-B673650064C9-FollowerState was interrupted: java.lang.InterruptedException: sleep interrupted
2019-10-15 17:18:37,942 [79abbc2e-0a90-4a41-a17c-6388bb873359@group-B673650064C9-LeaderElection384] INFO  impl.LeaderElection (LeaderElection.java:logAndReturn(56)) - 79abbc2e-0a90-4a41-a17c-6388bb873359@group-B673650064C9-LeaderElection384: Election REJECTED; received 2 response(s) [79abbc2e-0a90-4a41-a17c-6388bb873359<-ebd8d1f9-8297-450f-abe7-393807ba0c7e#0:FAIL-t445, 79abbc2e-0a90-4a41-a17c-6388bb873359<-dbc121b5-e1e8-4c61-9d50-542b699a3d90#0:FAIL-t445] and 0 exception(s); 79abbc2e-0a90-4a41-a17c-6388bb873359@group-B673650064C9:t445, leader=null, voted=79abbc2e-0a90-4a41-a17c-6388bb873359, raftlog=79abbc2e-0a90-4a41-a17c-6388bb873359@group-B673650064C9-SegmentedRaftLog:OPENED:c-1,f-1,i0, conf=-1: [ebd8d1f9-8297-450f-abe7-393807ba0c7e:192.168.164.239:36510, dbc121b5-e1e8-4c61-9d50-542b699a3d90:192.168.164.239:43140, 79abbc2e-0a90-4a41-a17c-6388bb873359:192.168.164.239:37857], old=null
2019-10-15 17:18:37,943 [79abbc2e-0a90-4a41-a17c-6388bb873359@group-B673650064C9-LeaderElection384] INFO  impl.RaftServerImpl (RaftServerImpl.java:setRole(184)) - 79abbc2e-0a90-4a41-a17c-6388bb873359@group-B673650064C9: changes role from CANDIDATE to FOLLOWER at term 445 for DISCOVERED_A_NEW_TERM
2019-10-15 17:18:37,943 [79abbc2e-0a90-4a41-a17c-6388bb873359@group-B673650064C9-LeaderElection384] INFO  impl.RoleInfo (RoleInfo.java:shutdownLeaderElection(134)) - 79abbc2e-0a90-4a41-a17c-6388bb873359: shutdown LeaderElection
2019-10-15 17:18:37,943 [79abbc2e-0a90-4a41-a17c-6388bb873359@group-B673650064C9-LeaderElection384] INFO  impl.RoleInfo (RoleInfo.java:updateAndGet(143)) - 79abbc2e-0a90-4a41-a17c-6388bb873359: start FollowerState
2019-10-15 17:18:38,078 [Thread-2914] INFO  impl.FollowerState (FollowerState.java:run(108)) - 79abbc2e-0a90-4a41-a17c-6388bb873359@group-B673650064C9-FollowerState: change to CANDIDATE, lastRpcTime:135ms, electionTimeout:135ms
2019-10-15 17:18:38,079 [Thread-2914] INFO  impl.RoleInfo (RoleInfo.java:shutdownFollowerState(121)) - 79abbc2e-0a90-4a41-a17c-6388bb873359: shutdown FollowerState
2019-10-15 17:18:38,079 [Thread-2914] INFO  impl.RaftServerImpl (RaftServerImpl.java:setRole(184)) - 79abbc2e-0a90-4a41-a17c-6388bb873359@group-B673650064C9: changes role from  FOLLOWER to CANDIDATE at term 445 for changeToCandidate
2019-10-15 17:18:38,079 [Thread-2914] INFO  impl.RoleInfo (RoleInfo.java:updateAndGet(143)) - 79abbc2e-0a90-4a41-a17c-6388bb873359: start LeaderElection
2019-10-15 17:18:38,109 [79abbc2e-0a90-4a41-a17c-6388bb873359@group-B673650064C9-LeaderElection385] INFO  impl.LeaderElection (LeaderElection.java:askForVotes(178)) - 79abbc2e-0a90-4a41-a17c-6388bb873359@group-B673650064C9-LeaderElection385: begin an election at term 446 for -1: [ebd8d1f9-8297-450f-abe7-393807ba0c7e:192.168.164.239:36510, dbc121b5-e1e8-4c61-9d50-542b699a3d90:192.168.164.239:43140, 79abbc2e-0a90-4a41-a17c-6388bb873359:192.168.164.239:37857], old=null
2019-10-15 17:18:38,111 [grpc-default-executor-1] INFO  impl.RaftServerImpl (RaftServerImpl.java:setRole(184)) - ebd8d1f9-8297-450f-abe7-393807ba0c7e@group-B673650064C9: changes role from  FOLLOWER to FOLLOWER at term 446 for recognizeCandidate:79abbc2e-0a90-4a41-a17c-6388bb873359
2019-10-15 17:18:38,111 [grpc-default-executor-1] INFO  impl.RoleInfo (RoleInfo.java:shutdownFollowerState(121)) - ebd8d1f9-8297-450f-abe7-393807ba0c7e: shutdown FollowerState
2019-10-15 17:18:38,111 [grpc-default-executor-0] INFO  impl.RaftServerImpl (RaftServerImpl.java:setRole(184)) - dbc121b5-e1e8-4c61-9d50-542b699a3d90@group-B673650064C9: changes role from  FOLLOWER to FOLLOWER at term 446 for recognizeCandidate:79abbc2e-0a90-4a41-a17c-6388bb873359
2019-10-15 17:18:38,112 [grpc-default-executor-0] INFO  impl.RoleInfo (RoleInfo.java:shutdownFollowerState(121)) - dbc121b5-e1e8-4c61-9d50-542b699a3d90: shutdown FollowerState
2019-10-15 17:18:38,112 [grpc-default-executor-0] INFO  impl.RoleInfo (RoleInfo.java:updateAndGet(143)) - dbc121b5-e1e8-4c61-9d50-542b699a3d90: start FollowerState
2019-10-15 17:18:38,111 [Thread-2912] INFO  impl.FollowerState (FollowerState.java:run(117)) - ebd8d1f9-8297-450f-abe7-393807ba0c7e@group-B673650064C9-FollowerState was interrupted: java.lang.InterruptedException: sleep interrupted
2019-10-15 17:18:38,111 [grpc-default-executor-1] INFO  impl.RoleInfo (RoleInfo.java:updateAndGet(143)) - ebd8d1f9-8297-450f-abe7-393807ba0c7e: start FollowerState
2019-10-15 17:18:38,112 [Thread-2913] INFO  impl.FollowerState (FollowerState.java:run(117)) - dbc121b5-e1e8-4c61-9d50-542b699a3d90@group-B673650064C9-FollowerState was interrupted: java.lang.InterruptedException: sleep interrupted
2019-10-15 17:18:38,135 [79abbc2e-0a90-4a41-a17c-6388bb873359@group-B673650064C9-LeaderElection385] INFO  impl.LeaderElection (LeaderElection.java:logAndReturn(56)) - 79abbc2e-0a90-4a41-a17c-6388bb873359@group-B673650064C9-LeaderElection385: Election REJECTED; received 2 response(s) [79abbc2e-0a90-4a41-a17c-6388bb873359<-ebd8d1f9-8297-450f-abe7-393807ba0c7e#0:FAIL-t446, 79abbc2e-0a90-4a41-a17c-6388bb873359<-dbc121b5-e1e8-4c61-9d50-542b699a3d90#0:FAIL-t446] and 0 exception(s); 79abbc2e-0a90-4a41-a17c-6388bb873359@group-B673650064C9:t446, leader=null, voted=79abbc2e-0a90-4a41-a17c-6388bb873359, raftlog=79abbc2e-0a90-4a41-a17c-6388bb873359@group-B673650064C9-SegmentedRaftLog:OPENED:c-1,f-1,i0, conf=-1: [ebd8d1f9-8297-450f-abe7-393807ba0c7e:192.168.164.239:36510, dbc121b5-e1e8-4c61-9d50-542b699a3d90:192.168.164.239:43140, 79abbc2e-0a90-4a41-a17c-6388bb873359:192.168.164.239:37857], old=null
2019-10-15 17:18:38,135 [79abbc2e-0a90-4a41-a17c-6388bb873359@group-B673650064C9-LeaderElection385] INFO  impl.RaftServerImpl (RaftServerImpl.java:setRole(184)) - 79abbc2e-0a90-4a41-a17c-6388bb873359@group-B673650064C9: changes role from CANDIDATE to FOLLOWER at term 446 for DISCOVERED_A_NEW_TERM
2019-10-15 17:18:38,135 [79abbc2e-0a90-4a41-a17c-6388bb873359@group-B673650064C9-LeaderElection385] INFO  impl.RoleInfo (RoleInfo.java:shutdownLeaderElection(134)) - 79abbc2e-0a90-4a41-a17c-6388bb873359: shutdown LeaderElection
2019-10-15 17:18:38,135 [79abbc2e-0a90-4a41-a17c-6388bb873359@group-B673650064C9-LeaderElection385] INFO  impl.RoleInfo (RoleInfo.java:updateAndGet(143)) - 79abbc2e-0a90-4a41-a17c-6388bb873359: start FollowerState
2019-10-15 17:18:38,226 [Thread-2920] INFO  impl.FollowerState (FollowerState.java:run(108)) - 79abbc2e-0a90-4a41-a17c-6388bb873359@group-B673650064C9-FollowerState: change to CANDIDATE, lastRpcTime:91ms, electionTimeout:91ms
2019-10-15 17:18:38,227 [Thread-2920] INFO  impl.RoleInfo (RoleInfo.java:shutdownFollowerState(121)) - 79abbc2e-0a90-4a41-a17c-6388bb873359: shutdown FollowerState
2019-10-15 17:18:38,227 [Thread-2920] INFO  impl.RaftServerImpl (RaftServerImpl.java:setRole(184)) - 79abbc2e-0a90-4a41-a17c-6388bb873359@group-B673650064C9: changes role from  FOLLOWER to CANDIDATE at term 446 for changeToCandidate
2019-10-15 17:18:38,227 [Thread-2920] INFO  impl.RoleInfo (RoleInfo.java:updateAndGet(143)) - 79abbc2e-0a90-4a41-a17c-6388bb873359: start LeaderElection
2019-10-15 17:18:38,251 [79abbc2e-0a90-4a41-a17c-6388bb873359@group-B673650064C9-LeaderElection386] INFO  impl.LeaderElection (LeaderElection.java:askForVotes(178)) - 79abbc2e-0a90-4a41-a17c-6388bb873359@group-B673650064C9-LeaderElection386: begin an election at term 447 for -1: [ebd8d1f9-8297-450f-abe7-393807ba0c7e:192.168.164.239:36510, dbc121b5-e1e8-4c61-9d50-542b699a3d90:192.168.164.239:43140, 79abbc2e-0a90-4a41-a17c-6388bb873359:192.168.164.239:37857], old=null
2019-10-15 17:18:38,253 [grpc-default-executor-0] INFO  impl.RaftServerImpl (RaftServerImpl.java:setRole(184)) - ebd8d1f9-8297-450f-abe7-393807ba0c7e@group-B673650064C9: changes role from  FOLLOWER to FOLLOWER at term 447 for recognizeCandidate:79abbc2e-0a90-4a41-a17c-6388bb873359
2019-10-15 17:18:38,253 [grpc-default-executor-0] INFO  impl.RoleInfo (RoleInfo.java:shutdownFollowerState(121)) - ebd8d1f9-8297-450f-abe7-393807ba0c7e: shutdown FollowerState
2019-10-15 17:18:38,253 [grpc-default-executor-0] INFO  impl.RoleInfo (RoleInfo.java:updateAndGet(143)) - ebd8d1f9-8297-450f-abe7-393807ba0c7e: start FollowerState
2019-10-15 17:18:38,253 [Thread-2918] INFO  impl.FollowerState (FollowerState.java:run(117)) - ebd8d1f9-8297-450f-abe7-393807ba0c7e@group-B673650064C9-FollowerState was interrupted: java.lang.InterruptedException: sleep interrupted
2019-10-15 17:18:38,253 [grpc-default-executor-1] INFO  impl.RaftServerImpl (RaftServerImpl.java:setRole(184)) - dbc121b5-e1e8-4c61-9d50-542b699a3d90@group-B673650064C9: changes role from  FOLLOWER to FOLLOWER at term 447 for recognizeCandidate:79abbc2e-0a90-4a41-a17c-6388bb873359
2019-10-15 17:18:38,253 [grpc-default-executor-1] INFO  impl.RoleInfo (RoleInfo.java:shutdownFollowerState(121)) - dbc121b5-e1e8-4c61-9d50-542b699a3d90: shutdown FollowerState
2019-10-15 17:18:38,253 [grpc-default-executor-1] INFO  impl.RoleInfo (RoleInfo.java:updateAndGet(143)) - dbc121b5-e1e8-4c61-9d50-542b699a3d90: start FollowerState
2019-10-15 17:18:38,253 [Thread-2919] INFO  impl.FollowerState (FollowerState.java:run(117)) - dbc121b5-e1e8-4c61-9d50-542b699a3d90@group-B673650064C9-FollowerState was interrupted: java.lang.InterruptedException: sleep interrupted
2019-10-15 17:18:38,285 [79abbc2e-0a90-4a41-a17c-6388bb873359@group-B673650064C9-LeaderElection386] INFO  impl.LeaderElection (LeaderElection.java:logAndReturn(56)) - 79abbc2e-0a90-4a41-a17c-6388bb873359@group-B673650064C9-LeaderElection386: Election REJECTED; received 2 response(s) [79abbc2e-0a90-4a41-a17c-6388bb873359<-ebd8d1f9-8297-450f-abe7-393807ba0c7e#0:FAIL-t447, 79abbc2e-0a90-4a41-a17c-6388bb873359<-dbc121b5-e1e8-4c61-9d50-542b699a3d90#0:FAIL-t447] and 0 exception(s); 79abbc2e-0a90-4a41-a17c-6388bb873359@group-B673650064C9:t447, leader=null, voted=79abbc2e-0a90-4a41-a17c-6388bb873359, raftlog=79abbc2e-0a90-4a41-a17c-6388bb873359@group-B673650064C9-SegmentedRaftLog:OPENED:c-1,f-1,i0, conf=-1: [ebd8d1f9-8297-450f-abe7-393807ba0c7e:192.168.164.239:36510, dbc121b5-e1e8-4c61-9d50-542b699a3d90:192.168.164.239:43140, 79abbc2e-0a90-4a41-a17c-6388bb873359:192.168.164.239:37857], old=null
2019-10-15 17:18:38,286 [79abbc2e-0a90-4a41-a17c-6388bb873359@group-B673650064C9-LeaderElection386] INFO  impl.RaftServerImpl (RaftServerImpl.java:setRole(184)) - 79abbc2e-0a90-4a41-a17c-6388bb873359@group-B673650064C9: changes role from CANDIDATE to FOLLOWER at term 447 for DISCOVERED_A_NEW_TERM
2019-10-15 17:18:38,286 [79abbc2e-0a90-4a41-a17c-6388bb873359@group-B673650064C9-LeaderElection386] INFO  impl.RoleInfo (RoleInfo.java:shutdownLeaderElection(134)) - 79abbc2e-0a90-4a41-a17c-6388bb873359: shutdown LeaderElection
2019-10-15 17:18:38,286 [79abbc2e-0a90-4a41-a17c-6388bb873359@group-B673650064C9-LeaderElection386] INFO  impl.RoleInfo (RoleInfo.java:updateAndGet(143)) - 79abbc2e-0a90-4a41-a17c-6388bb873359: start FollowerState
2019-10-15 17:18:38,316 [Thread-2928] INFO  impl.FollowerState (FollowerState.java:run(108)) - 79abbc2e-0a90-4a41-a17c-6388bb873359@group-B673650064C9-FollowerState: change to CANDIDATE, lastRpcTime:30ms, electionTimeout:30ms
2019-10-15 17:18:38,316 [Thread-2928] INFO  impl.RoleInfo (RoleInfo.java:shutdownFollowerState(121)) - 79abbc2e-0a90-4a41-a17c-6388bb873359: shutdown FollowerState
2019-10-15 17:18:38,316 [Thread-2928] INFO  impl.RaftServerImpl (RaftServerImpl.java:setRole(184)) - 79abbc2e-0a90-4a41-a17c-6388bb873359@group-B673650064C9: changes role from  FOLLOWER to CANDIDATE at term 447 for changeToCandidate
2019-10-15 17:18:38,316 [Thread-2928] INFO  impl.RoleInfo (RoleInfo.java:updateAndGet(143)) - 79abbc2e-0a90-4a41-a17c-6388bb873359: start LeaderElection
2019-10-15 17:18:38,344 [79abbc2e-0a90-4a41-a17c-6388bb873359@group-B673650064C9-LeaderElection387] INFO  impl.LeaderElection (LeaderElection.java:askForVotes(178)) - 79abbc2e-0a90-4a41-a17c-6388bb873359@group-B673650064C9-LeaderElection387: begin an election at term 448 for -1: [ebd8d1f9-8297-450f-abe7-393807ba0c7e:192.168.164.239:36510, dbc121b5-e1e8-4c61-9d50-542b699a3d90:192.168.164.239:43140, 79abbc2e-0a90-4a41-a17c-6388bb873359:192.168.164.239:37857], old=null
2019-10-15 17:18:38,345 [grpc-default-executor-1] INFO  impl.RaftServerImpl (RaftServerImpl.java:setRole(184)) - ebd8d1f9-8297-450f-abe7-393807ba0c7e@group-B673650064C9: changes role from  FOLLOWER to FOLLOWER at term 448 for recognizeCandidate:79abbc2e-0a90-4a41-a17c-6388bb873359
2019-10-15 17:18:38,345 [grpc-default-executor-1] INFO  impl.RoleInfo (RoleInfo.java:shutdownFollowerState(121)) - ebd8d1f9-8297-450f-abe7-393807ba0c7e: shutdown FollowerState
2019-10-15 17:18:38,345 [grpc-default-executor-0] INFO  impl.RaftServerImpl (RaftServerImpl.java:setRole(184)) - dbc121b5-e1e8-4c61-9d50-542b699a3d90@group-B673650064C9: changes role from  FOLLOWER to FOLLOWER at term 448 for recognizeCandidate:79abbc2e-0a90-4a41-a17c-6388bb873359
2019-10-15 17:18:38,346 [Thread-2926] INFO  impl.FollowerState (FollowerState.java:run(117)) - ebd8d1f9-8297-450f-abe7-393807ba0c7e@group-B673650064C9-FollowerState was interrupted: java.lang.InterruptedException: sleep interrupted
2019-10-15 17:18:38,346 [grpc-default-executor-1] INFO  impl.RoleInfo (RoleInfo.java:updateAndGet(143)) - ebd8d1f9-8297-450f-abe7-393807ba0c7e: start FollowerState
2019-10-15 17:18:38,346 [grpc-default-executor-0] INFO  impl.RoleInfo (RoleInfo.java:shutdownFollowerState(121)) - dbc121b5-e1e8-4c61-9d50-542b699a3d90: shutdown FollowerState
2019-10-15 17:18:38,346 [grpc-default-executor-0] INFO  impl.RoleInfo (RoleInfo.java:updateAndGet(143)) - dbc121b5-e1e8-4c61-9d50-542b699a3d90: start FollowerState
2019-10-15 17:18:38,346 [Thread-2927] INFO  impl.FollowerState (FollowerState.java:run(117)) - dbc121b5-e1e8-4c61-9d50-542b699a3d90@group-B673650064C9-FollowerState was interrupted: java.lang.InterruptedException: sleep interrupted
2019-10-15 17:18:38,370 [79abbc2e-0a90-4a41-a17c-6388bb873359@group-B673650064C9-LeaderElection387] INFO  impl.LeaderElection (LeaderElection.java:logAndReturn(56)) - 79abbc2e-0a90-4a41-a17c-6388bb873359@group-B673650064C9-LeaderElection387: Election REJECTED; received 2 response(s) [79abbc2e-0a90-4a41-a17c-6388bb873359<-ebd8d1f9-8297-450f-abe7-393807ba0c7e#0:FAIL-t448, 79abbc2e-0a90-4a41-a17c-6388bb873359<-dbc121b5-e1e8-4c61-9d50-542b699a3d90#0:FAIL-t448] and 0 exception(s); 79abbc2e-0a90-4a41-a17c-6388bb873359@group-B673650064C9:t448, leader=null, voted=79abbc2e-0a90-4a41-a17c-6388bb873359, raftlog=79abbc2e-0a90-4a41-a17c-6388bb873359@group-B673650064C9-SegmentedRaftLog:OPENED:c-1,f-1,i0, conf=-1: [ebd8d1f9-8297-450f-abe7-393807ba0c7e:192.168.164.239:36510, dbc121b5-e1e8-4c61-9d50-542b699a3d90:192.168.164.239:43140, 79abbc2e-0a90-4a41-a17c-6388bb873359:192.168.164.239:37857], old=null
2019-10-15 17:18:38,370 [79abbc2e-0a90-4a41-a17c-6388bb873359@group-B673650064C9-LeaderElection387] INFO  impl.RaftServerImpl (RaftServerImpl.java:setRole(184)) - 79abbc2e-0a90-4a41-a17c-6388bb873359@group-B673650064C9: changes role from CANDIDATE to FOLLOWER at term 448 for DISCOVERED_A_NEW_TERM
2019-10-15 17:18:38,370 [79abbc2e-0a90-4a41-a17c-6388bb873359@group-B673650064C9-LeaderElection387] INFO  impl.RoleInfo (RoleInfo.java:shutdownLeaderElection(134)) - 79abbc2e-0a90-4a41-a17c-6388bb873359: shutdown LeaderElection
2019-10-15 17:18:38,370 [79abbc2e-0a90-4a41-a17c-6388bb873359@group-B673650064C9-LeaderElection387] INFO  impl.RoleInfo (RoleInfo.java:updateAndGet(143)) - 79abbc2e-0a90-4a41-a17c-6388bb873359: start FollowerState
2019-10-15 17:18:38,527 [Thread-2934] INFO  impl.FollowerState (FollowerState.java:run(108)) - 79abbc2e-0a90-4a41-a17c-6388bb873359@group-B673650064C9-FollowerState: change to CANDIDATE, lastRpcTime:157ms, electionTimeout:157ms
2019-10-15 17:18:38,527 [Thread-2934] INFO  impl.RoleInfo (RoleInfo.java:shutdownFollowerState(121)) - 79abbc2e-0a90-4a41-a17c-6388bb873359: shutdown FollowerState
2019-10-15 17:18:38,528 [Thread-2934] INFO  impl.RaftServerImpl (RaftServerImpl.java:setRole(184)) - 79abbc2e-0a90-4a41-a17c-6388bb873359@group-B673650064C9: changes role from  FOLLOWER to CANDIDATE at term 448 for changeToCandidate
2019-10-15 17:18:38,528 [Thread-2934] INFO  impl.RoleInfo (RoleInfo.java:updateAndGet(143)) - 79abbc2e-0a90-4a41-a17c-6388bb873359: start LeaderElection
2019-10-15 17:18:38,561 [79abbc2e-0a90-4a41-a17c-6388bb873359@group-B673650064C9-LeaderElection388] INFO  impl.LeaderElection (LeaderElection.java:askForVotes(178)) - 79abbc2e-0a90-4a41-a17c-6388bb873359@group-B673650064C9-LeaderElection388: begin an election at term 449 for -1: [ebd8d1f9-8297-450f-abe7-393807ba0c7e:192.168.164.239:36510, dbc121b5-e1e8-4c61-9d50-542b699a3d90:192.168.164.239:43140, 79abbc2e-0a90-4a41-a17c-6388bb873359:192.168.164.239:37857], old=null
2019-10-15 17:18:38,563 [grpc-default-executor-0] INFO  impl.RaftServerImpl (RaftServerImpl.java:setRole(184)) - ebd8d1f9-8297-450f-abe7-393807ba0c7e@group-B673650064C9: changes role from  FOLLOWER to FOLLOWER at term 449 for recognizeCandidate:79abbc2e-0a90-4a41-a17c-6388bb873359
2019-10-15 17:18:38,563 [grpc-default-executor-1] INFO  impl.RaftServerImpl (RaftServerImpl.java:setRole(184)) - dbc121b5-e1e8-4c61-9d50-542b699a3d90@group-B673650064C9: changes role from  FOLLOWER to FOLLOWER at term 449 for recognizeCandidate:79abbc2e-0a90-4a41-a17c-6388bb873359
2019-10-15 17:18:38,564 [grpc-default-executor-1] INFO  impl.RoleInfo (RoleInfo.java:shutdownFollowerState(121)) - dbc121b5-e1e8-4c61-9d50-542b699a3d90: shutdown FollowerState
2019-10-15 17:18:38,563 [grpc-default-executor-0] INFO  impl.RoleInfo (RoleInfo.java:shutdownFollowerState(121)) - ebd8d1f9-8297-450f-abe7-393807ba0c7e: shutdown FollowerState
2019-10-15 17:18:38,564 [Thread-2933] INFO  impl.FollowerState (FollowerState.java:run(117)) - dbc121b5-e1e8-4c61-9d50-542b699a3d90@group-B673650064C9-FollowerState was interrupted: java.lang.InterruptedException: sleep interrupted
2019-10-15 17:18:38,564 [Thread-2932] INFO  impl.FollowerState (FollowerState.java:run(117)) - ebd8d1f9-8297-450f-abe7-393807ba0c7e@group-B673650064C9-FollowerState was interrupted: java.lang.InterruptedException: sleep interrupted
2019-10-15 17:18:38,564 [grpc-default-executor-1] INFO  impl.RoleInfo (RoleInfo.java:updateAndGet(143)) - dbc121b5-e1e8-4c61-9d50-542b699a3d90: start FollowerState
2019-10-15 17:18:38,564 [grpc-default-executor-0] INFO  impl.RoleInfo (RoleInfo.java:updateAndGet(143)) - ebd8d1f9-8297-450f-abe7-393807ba0c7e: start FollowerState
2019-10-15 17:18:38,587 [79abbc2e-0a90-4a41-a17c-6388bb873359@group-B673650064C9-LeaderElection388] INFO  impl.LeaderElection (LeaderElection.java:logAndReturn(56)) - 79abbc2e-0a90-4a41-a17c-6388bb873359@group-B673650064C9-LeaderElection388: Election REJECTED; received 2 response(s) [79abbc2e-0a90-4a41-a17c-6388bb873359<-ebd8d1f9-8297-450f-abe7-393807ba0c7e#0:FAIL-t449, 79abbc2e-0a90-4a41-a17c-6388bb873359<-dbc121b5-e1e8-4c61-9d50-542b699a3d90#0:FAIL-t449] and 0 exception(s); 79abbc2e-0a90-4a41-a17c-6388bb873359@group-B673650064C9:t449, leader=null, voted=79abbc2e-0a90-4a41-a17c-6388bb873359, raftlog=79abbc2e-0a90-4a41-a17c-6388bb873359@group-B673650064C9-SegmentedRaftLog:OPENED:c-1,f-1,i0, conf=-1: [ebd8d1f9-8297-450f-abe7-393807ba0c7e:192.168.164.239:36510, dbc121b5-e1e8-4c61-9d50-542b699a3d90:192.168.164.239:43140, 79abbc2e-0a90-4a41-a17c-6388bb873359:192.168.164.239:37857], old=null
2019-10-15 17:18:38,587 [79abbc2e-0a90-4a41-a17c-6388bb873359@group-B673650064C9-LeaderElection388] INFO  impl.RaftServerImpl (RaftServerImpl.java:setRole(184)) - 79abbc2e-0a90-4a41-a17c-6388bb873359@group-B673650064C9: changes role from CANDIDATE to FOLLOWER at term 449 for DISCOVERED_A_NEW_TERM
2019-10-15 17:18:38,587 [79abbc2e-0a90-4a41-a17c-6388bb873359@group-B673650064C9-LeaderElection388] INFO  impl.RoleInfo (RoleInfo.java:shutdownLeaderElection(134)) - 79abbc2e-0a90-4a41-a17c-6388bb873359: shutdown LeaderElection
2019-10-15 17:18:38,587 [79abbc2e-0a90-4a41-a17c-6388bb873359@group-B673650064C9-LeaderElection388] INFO  impl.RoleInfo (RoleInfo.java:updateAndGet(143)) - 79abbc2e-0a90-4a41-a17c-6388bb873359: start FollowerState
2019-10-15 17:18:38,732 [Thread-2940] INFO  impl.FollowerState (FollowerState.java:run(108)) - 79abbc2e-0a90-4a41-a17c-6388bb873359@group-B673650064C9-FollowerState: change to CANDIDATE, lastRpcTime:144ms, electionTimeout:144ms
2019-10-15 17:18:38,732 [Thread-2940] INFO  impl.RoleInfo (RoleInfo.java:shutdownFollowerState(121)) - 79abbc2e-0a90-4a41-a17c-6388bb873359: shutdown FollowerState
2019-10-15 17:18:38,732 [Thread-2940] INFO  impl.RaftServerImpl (RaftServerImpl.java:setRole(184)) - 79abbc2e-0a90-4a41-a17c-6388bb873359@group-B673650064C9: changes role from  FOLLOWER to CANDIDATE at term 449 for changeToCandidate
2019-10-15 17:18:38,732 [Thread-2940] INFO  impl.RoleInfo (RoleInfo.java:updateAndGet(143)) - 79abbc2e-0a90-4a41-a17c-6388bb873359: start LeaderElection
2019-10-15 17:18:38,762 [79abbc2e-0a90-4a41-a17c-6388bb873359@group-B673650064C9-LeaderElection389] INFO  impl.LeaderElection (LeaderElection.java:askForVotes(178)) - 79abbc2e-0a90-4a41-a17c-6388bb873359@group-B673650064C9-LeaderElection389: begin an election at term 450 for -1: [ebd8d1f9-8297-450f-abe7-393807ba0c7e:192.168.164.239:36510, dbc121b5-e1e8-4c61-9d50-542b699a3d90:192.168.164.239:43140, 79abbc2e-0a90-4a41-a17c-6388bb873359:192.168.164.239:37857], old=null
2019-10-15 17:18:38,764 [grpc-default-executor-0] INFO  impl.RaftServerImpl (RaftServerImpl.java:setRole(184)) - ebd8d1f9-8297-450f-abe7-393807ba0c7e@group-B673650064C9: changes role from  FOLLOWER to FOLLOWER at term 450 for recognizeCandidate:79abbc2e-0a90-4a41-a17c-6388bb873359
2019-10-15 17:18:38,764 [grpc-default-executor-0] INFO  impl.RoleInfo (RoleInfo.java:shutdownFollowerState(121)) - ebd8d1f9-8297-450f-abe7-393807ba0c7e: shutdown FollowerState
2019-10-15 17:18:38,764 [grpc-default-executor-0] INFO  impl.RoleInfo (RoleInfo.java:updateAndGet(143)) - ebd8d1f9-8297-450f-abe7-393807ba0c7e: start FollowerState
2019-10-15 17:18:38,764 [Thread-2939] INFO  impl.FollowerState (FollowerState.java:run(117)) - ebd8d1f9-8297-450f-abe7-393807ba0c7e@group-B673650064C9-FollowerState was interrupted: java.lang.InterruptedException: sleep interrupted
2019-10-15 17:18:38,764 [grpc-default-executor-1] INFO  impl.RaftServerImpl (RaftServerImpl.java:setRole(184)) - dbc121b5-e1e8-4c61-9d50-542b699a3d90@group-B673650064C9: changes role from  FOLLOWER to FOLLOWER at term 450 for recognizeCandidate:79abbc2e-0a90-4a41-a17c-6388bb873359
2019-10-15 17:18:38,765 [grpc-default-executor-1] INFO  impl.RoleInfo (RoleInfo.java:shutdownFollowerState(121)) - dbc121b5-e1e8-4c61-9d50-542b699a3d90: shutdown FollowerState
2019-10-15 17:18:38,765 [grpc-default-executor-1] INFO  impl.RoleInfo (RoleInfo.java:updateAndGet(143)) - dbc121b5-e1e8-4c61-9d50-542b699a3d90: start FollowerState
2019-10-15 17:18:38,765 [Thread-2938] INFO  impl.FollowerState (FollowerState.java:run(117)) - dbc121b5-e1e8-4c61-9d50-542b699a3d90@group-B673650064C9-FollowerState was interrupted: java.lang.InterruptedException: sleep interrupted
2019-10-15 17:18:38,788 [79abbc2e-0a90-4a41-a17c-6388bb873359@group-B673650064C9-LeaderElection389] INFO  impl.LeaderElection (LeaderElection.java:logAndReturn(56)) - 79abbc2e-0a90-4a41-a17c-6388bb873359@group-B673650064C9-LeaderElection389: Election REJECTED; received 2 response(s) [79abbc2e-0a90-4a41-a17c-6388bb873359<-ebd8d1f9-8297-450f-abe7-393807ba0c7e#0:FAIL-t450, 79abbc2e-0a90-4a41-a17c-6388bb873359<-dbc121b5-e1e8-4c61-9d50-542b699a3d90#0:FAIL-t450] and 0 exception(s); 79abbc2e-0a90-4a41-a17c-6388bb873359@group-B673650064C9:t450, leader=null, voted=79abbc2e-0a90-4a41-a17c-6388bb873359, raftlog=79abbc2e-0a90-4a41-a17c-6388bb873359@group-B673650064C9-SegmentedRaftLog:OPENED:c-1,f-1,i0, conf=-1: [ebd8d1f9-8297-450f-abe7-393807ba0c7e:192.168.164.239:36510, dbc121b5-e1e8-4c61-9d50-542b699a3d90:192.168.164.239:43140, 79abbc2e-0a90-4a41-a17c-6388bb873359:192.168.164.239:37857], old=null
2019-10-15 17:18:38,788 [79abbc2e-0a90-4a41-a17c-6388bb873359@group-B673650064C9-LeaderElection389] INFO  impl.RaftServerImpl (RaftServerImpl.java:setRole(184)) - 79abbc2e-0a90-4a41-a17c-6388bb873359@group-B673650064C9: changes role from CANDIDATE to FOLLOWER at term 450 for DISCOVERED_A_NEW_TERM
2019-10-15 17:18:38,789 [79abbc2e-0a90-4a41-a17c-6388bb873359@group-B673650064C9-LeaderElection389] INFO  impl.RoleInfo (RoleInfo.java:shutdownLeaderElection(134)) - 79abbc2e-0a90-4a41-a17c-6388bb873359: shutdown LeaderElection
2019-10-15 17:18:38,789 [79abbc2e-0a90-4a41-a17c-6388bb873359@group-B673650064C9-LeaderElection389] INFO  impl.RoleInfo (RoleInfo.java:updateAndGet(143)) - 79abbc2e-0a90-4a41-a17c-6388bb873359: start FollowerState
2019-10-15 17:18:38,842 [Thread-2946] INFO  impl.FollowerState (FollowerState.java:run(108)) - 79abbc2e-0a90-4a41-a17c-6388bb873359@group-B673650064C9-FollowerState: change to CANDIDATE, lastRpcTime:52ms, electionTimeout:52ms
2019-10-15 17:18:38,842 [Thread-2946] INFO  impl.RoleInfo (RoleInfo.java:shutdownFollowerState(121)) - 79abbc2e-0a90-4a41-a17c-6388bb873359: shutdown FollowerState
2019-10-15 17:18:38,842 [Thread-2946] INFO  impl.RaftServerImpl (RaftServerImpl.java:setRole(184)) - 79abbc2e-0a90-4a41-a17c-6388bb873359@group-B673650064C9: changes role from  FOLLOWER to CANDIDATE at term 450 for changeToCandidate
2019-10-15 17:18:38,842 [Thread-2946] INFO  impl.RoleInfo (RoleInfo.java:updateAndGet(143)) - 79abbc2e-0a90-4a41-a17c-6388bb873359: start LeaderElection
2019-10-15 17:18:38,871 [79abbc2e-0a90-4a41-a17c-6388bb873359@group-B673650064C9-LeaderElection390] INFO  impl.LeaderElection (LeaderElection.java:askForVotes(178)) - 79abbc2e-0a90-4a41-a17c-6388bb873359@group-B673650064C9-LeaderElection390: begin an election at term 451 for -1: [ebd8d1f9-8297-450f-abe7-393807ba0c7e:192.168.164.239:36510, dbc121b5-e1e8-4c61-9d50-542b699a3d90:192.168.164.239:43140, 79abbc2e-0a90-4a41-a17c-6388bb873359:192.168.164.239:37857], old=null
2019-10-15 17:18:38,872 [grpc-default-executor-1] INFO  impl.RaftServerImpl (RaftServerImpl.java:setRole(184)) - ebd8d1f9-8297-450f-abe7-393807ba0c7e@group-B673650064C9: changes role from  FOLLOWER to FOLLOWER at term 451 for recognizeCandidate:79abbc2e-0a90-4a41-a17c-6388bb873359
2019-10-15 17:18:38,872 [grpc-default-executor-0] INFO  impl.RaftServerImpl (RaftServerImpl.java:setRole(184)) - dbc121b5-e1e8-4c61-9d50-542b699a3d90@group-B673650064C9: changes role from  FOLLOWER to FOLLOWER at term 451 for recognizeCandidate:79abbc2e-0a90-4a41-a17c-6388bb873359
2019-10-15 17:18:38,873 [grpc-default-executor-1] INFO  impl.RoleInfo (RoleInfo.java:shutdownFollowerState(121)) - ebd8d1f9-8297-450f-abe7-393807ba0c7e: shutdown FollowerState
2019-10-15 17:18:38,873 [grpc-default-executor-0] INFO  impl.RoleInfo (RoleInfo.java:shutdownFollowerState(121)) - dbc121b5-e1e8-4c61-9d50-542b699a3d90: shutdown FollowerState
2019-10-15 17:18:38,873 [Thread-2944] INFO  impl.FollowerState (FollowerState.java:run(117)) - ebd8d1f9-8297-450f-abe7-393807ba0c7e@group-B673650064C9-FollowerState was interrupted: java.lang.InterruptedException: sleep interrupted
2019-10-15 17:18:38,873 [grpc-default-executor-1] INFO  impl.RoleInfo (RoleInfo.java:updateAndGet(143)) - ebd8d1f9-8297-450f-abe7-393807ba0c7e: start FollowerState
2019-10-15 17:18:38,873 [Thread-2945] INFO  impl.FollowerState (FollowerState.java:run(117)) - dbc121b5-e1e8-4c61-9d50-542b699a3d90@group-B673650064C9-FollowerState was interrupted: java.lang.InterruptedException: sleep interrupted
2019-10-15 17:18:38,873 [grpc-default-executor-0] INFO  impl.RoleInfo (RoleInfo.java:updateAndGet(143)) - dbc121b5-e1e8-4c61-9d50-542b699a3d90: start FollowerState
2019-10-15 17:18:38,897 [79abbc2e-0a90-4a41-a17c-6388bb873359@group-B673650064C9-LeaderElection390] INFO  impl.LeaderElection (LeaderElection.java:logAndReturn(56)) - 79abbc2e-0a90-4a41-a17c-6388bb873359@group-B673650064C9-LeaderElection390: Election REJECTED; received 2 response(s) [79abbc2e-0a90-4a41-a17c-6388bb873359<-ebd8d1f9-8297-450f-abe7-393807ba0c7e#0:FAIL-t451, 79abbc2e-0a90-4a41-a17c-6388bb873359<-dbc121b5-e1e8-4c61-9d50-542b699a3d90#0:FAIL-t451] and 0 exception(s); 79abbc2e-0a90-4a41-a17c-6388bb873359@group-B673650064C9:t451, leader=null, voted=79abbc2e-0a90-4a41-a17c-6388bb873359, raftlog=79abbc2e-0a90-4a41-a17c-6388bb873359@group-B673650064C9-SegmentedRaftLog:OPENED:c-1,f-1,i0, conf=-1: [ebd8d1f9-8297-450f-abe7-393807ba0c7e:192.168.164.239:36510, dbc121b5-e1e8-4c61-9d50-542b699a3d90:192.168.164.239:43140, 79abbc2e-0a90-4a41-a17c-6388bb873359:192.168.164.239:37857], old=null
2019-10-15 17:18:38,897 [79abbc2e-0a90-4a41-a17c-6388bb873359@group-B673650064C9-LeaderElection390] INFO  impl.RaftServerImpl (RaftServerImpl.java:setRole(184)) - 79abbc2e-0a90-4a41-a17c-6388bb873359@group-B673650064C9: changes role from CANDIDATE to FOLLOWER at term 451 for DISCOVERED_A_NEW_TERM
2019-10-15 17:18:38,897 [79abbc2e-0a90-4a41-a17c-6388bb873359@group-B673650064C9-LeaderElection390] INFO  impl.RoleInfo (RoleInfo.java:shutdownLeaderElection(134)) - 79abbc2e-0a90-4a41-a17c-6388bb873359: shutdown LeaderElection
2019-10-15 17:18:38,897 [79abbc2e-0a90-4a41-a17c-6388bb873359@group-B673650064C9-LeaderElection390] INFO  impl.RoleInfo (RoleInfo.java:updateAndGet(143)) - 79abbc2e-0a90-4a41-a17c-6388bb873359: start FollowerState
2019-10-15 17:18:38,938 [Thread-2952] INFO  impl.FollowerState (FollowerState.java:run(108)) - 79abbc2e-0a90-4a41-a17c-6388bb873359@group-B673650064C9-FollowerState: change to CANDIDATE, lastRpcTime:40ms, electionTimeout:40ms
2019-10-15 17:18:38,938 [Thread-2952] INFO  impl.RoleInfo (RoleInfo.java:shutdownFollowerState(121)) - 79abbc2e-0a90-4a41-a17c-6388bb873359: shutdown FollowerState
2019-10-15 17:18:38,938 [Thread-2952] INFO  impl.RaftServerImpl (RaftServerImpl.java:setRole(184)) - 79abbc2e-0a90-4a41-a17c-6388bb873359@group-B673650064C9: changes role from  FOLLOWER to CANDIDATE at term 451 for changeToCandidate
2019-10-15 17:18:38,938 [Thread-2952] INFO  impl.RoleInfo (RoleInfo.java:updateAndGet(143)) - 79abbc2e-0a90-4a41-a17c-6388bb873359: start LeaderElection
2019-10-15 17:18:38,956 [79abbc2e-0a90-4a41-a17c-6388bb873359@group-B673650064C9-LeaderElection391] INFO  impl.LeaderElection (LeaderElection.java:askForVotes(178)) - 79abbc2e-0a90-4a41-a17c-6388bb873359@group-B673650064C9-LeaderElection391: begin an election at term 452 for -1: [ebd8d1f9-8297-450f-abe7-393807ba0c7e:192.168.164.239:36510, dbc121b5-e1e8-4c61-9d50-542b699a3d90:192.168.164.239:43140, 79abbc2e-0a90-4a41-a17c-6388bb873359:192.168.164.239:37857], old=null
2019-10-15 17:18:38,957 [grpc-default-executor-0] INFO  impl.RaftServerImpl (RaftServerImpl.java:setRole(184)) - ebd8d1f9-8297-450f-abe7-393807ba0c7e@group-B673650064C9: changes role from  FOLLOWER to FOLLOWER at term 452 for recognizeCandidate:79abbc2e-0a90-4a41-a17c-6388bb873359
2019-10-15 17:18:38,958 [grpc-default-executor-1] INFO  impl.RaftServerImpl (RaftServerImpl.java:setRole(184)) - dbc121b5-e1e8-4c61-9d50-542b699a3d90@group-B673650064C9: changes role from  FOLLOWER to FOLLOWER at term 452 for recognizeCandidate:79abbc2e-0a90-4a41-a17c-6388bb873359
2019-10-15 17:18:38,958 [grpc-default-executor-0] INFO  impl.RoleInfo (RoleInfo.java:shutdownFollowerState(121)) - ebd8d1f9-8297-450f-abe7-393807ba0c7e: shutdown FollowerState
2019-10-15 17:18:38,958 [grpc-default-executor-1] INFO  impl.RoleInfo (RoleInfo.java:shutdownFollowerState(121)) - dbc121b5-e1e8-4c61-9d50-542b699a3d90: shutdown FollowerState
2019-10-15 17:18:38,958 [grpc-default-executor-1] INFO  impl.RoleInfo (RoleInfo.java:updateAndGet(143)) - dbc121b5-e1e8-4c61-9d50-542b699a3d90: start FollowerState
2019-10-15 17:18:38,958 [Thread-2950] INFO  impl.FollowerState (FollowerState.java:run(117)) - ebd8d1f9-8297-450f-abe7-393807ba0c7e@group-B673650064C9-FollowerState was interrupted: java.lang.InterruptedException: sleep interrupted
2019-10-15 17:18:38,958 [grpc-default-executor-0] INFO  impl.RoleInfo (RoleInfo.java:updateAndGet(143)) - ebd8d1f9-8297-450f-abe7-393807ba0c7e: start FollowerState
2019-10-15 17:18:38,958 [Thread-2951] INFO  impl.FollowerState (FollowerState.java:run(117)) - dbc121b5-e1e8-4c61-9d50-542b699a3d90@group-B673650064C9-FollowerState was interrupted: java.lang.InterruptedException: sleep interrupted
2019-10-15 17:18:38,982 [79abbc2e-0a90-4a41-a17c-6388bb873359@group-B673650064C9-LeaderElection391] INFO  impl.LeaderElection (LeaderElection.java:logAndReturn(56)) - 79abbc2e-0a90-4a41-a17c-6388bb873359@group-B673650064C9-LeaderElection391: Election REJECTED; received 2 response(s) [79abbc2e-0a90-4a41-a17c-6388bb873359<-ebd8d1f9-8297-450f-abe7-393807ba0c7e#0:FAIL-t452, 79abbc2e-0a90-4a41-a17c-6388bb873359<-dbc121b5-e1e8-4c61-9d50-542b699a3d90#0:FAIL-t452] and 0 exception(s); 79abbc2e-0a90-4a41-a17c-6388bb873359@group-B673650064C9:t452, leader=null, voted=79abbc2e-0a90-4a41-a17c-6388bb873359, raftlog=79abbc2e-0a90-4a41-a17c-6388bb873359@group-B673650064C9-SegmentedRaftLog:OPENED:c-1,f-1,i0, conf=-1: [ebd8d1f9-8297-450f-abe7-393807ba0c7e:192.168.164.239:36510, dbc121b5-e1e8-4c61-9d50-542b699a3d90:192.168.164.239:43140, 79abbc2e-0a90-4a41-a17c-6388bb873359:192.168.164.239:37857], old=null
2019-10-15 17:18:38,982 [79abbc2e-0a90-4a41-a17c-6388bb873359@group-B673650064C9-LeaderElection391] INFO  impl.RaftServerImpl (RaftServerImpl.java:setRole(184)) - 79abbc2e-0a90-4a41-a17c-6388bb873359@group-B673650064C9: changes role from CANDIDATE to FOLLOWER at term 452 for DISCOVERED_A_NEW_TERM
2019-10-15 17:18:38,982 [79abbc2e-0a90-4a41-a17c-6388bb873359@group-B673650064C9-LeaderElection391] INFO  impl.RoleInfo (RoleInfo.java:shutdownLeaderElection(134)) - 79abbc2e-0a90-4a41-a17c-6388bb873359: shutdown LeaderElection
2019-10-15 17:18:38,982 [79abbc2e-0a90-4a41-a17c-6388bb873359@group-B673650064C9-LeaderElection391] INFO  impl.RoleInfo (RoleInfo.java:updateAndGet(143)) - 79abbc2e-0a90-4a41-a17c-6388bb873359: start FollowerState
2019-10-15 17:18:39,124 [Thread-2958] INFO  impl.FollowerState (FollowerState.java:run(108)) - 79abbc2e-0a90-4a41-a17c-6388bb873359@group-B673650064C9-FollowerState: change to CANDIDATE, lastRpcTime:141ms, electionTimeout:141ms
2019-10-15 17:18:39,124 [Thread-2958] INFO  impl.RoleInfo (RoleInfo.java:shutdownFollowerState(121)) - 79abbc2e-0a90-4a41-a17c-6388bb873359: shutdown FollowerState
2019-10-15 17:18:39,124 [Thread-2958] INFO  impl.RaftServerImpl (RaftServerImpl.java:setRole(184)) - 79abbc2e-0a90-4a41-a17c-6388bb873359@group-B673650064C9: changes role from  FOLLOWER to CANDIDATE at term 452 for changeToCandidate
2019-10-15 17:18:39,125 [Thread-2958] INFO  impl.RoleInfo (RoleInfo.java:updateAndGet(143)) - 79abbc2e-0a90-4a41-a17c-6388bb873359: start LeaderElection
2019-10-15 17:18:39,148 [79abbc2e-0a90-4a41-a17c-6388bb873359@group-B673650064C9-LeaderElection392] INFO  impl.LeaderElection (LeaderElection.java:askForVotes(178)) - 79abbc2e-0a90-4a41-a17c-6388bb873359@group-B673650064C9-LeaderElection392: begin an election at term 453 for -1: [ebd8d1f9-8297-450f-abe7-393807ba0c7e:192.168.164.239:36510, dbc121b5-e1e8-4c61-9d50-542b699a3d90:192.168.164.239:43140, 79abbc2e-0a90-4a41-a17c-6388bb873359:192.168.164.239:37857], old=null
2019-10-15 17:18:39,150 [grpc-default-executor-0] INFO  impl.RaftServerImpl (RaftServerImpl.java:setRole(184)) - ebd8d1f9-8297-450f-abe7-393807ba0c7e@group-B673650064C9: changes role from  FOLLOWER to FOLLOWER at term 453 for recognizeCandidate:79abbc2e-0a90-4a41-a17c-6388bb873359
2019-10-15 17:18:39,150 [grpc-default-executor-1] INFO  impl.RaftServerImpl (RaftServerImpl.java:setRole(184)) - dbc121b5-e1e8-4c61-9d50-542b699a3d90@group-B673650064C9: changes role from  FOLLOWER to FOLLOWER at term 453 for recognizeCandidate:79abbc2e-0a90-4a41-a17c-6388bb873359
2019-10-15 17:18:39,151 [grpc-default-executor-0] INFO  impl.RoleInfo (RoleInfo.java:shutdownFollowerState(121)) - ebd8d1f9-8297-450f-abe7-393807ba0c7e: shutdown FollowerState
2019-10-15 17:18:39,151 [grpc-default-executor-1] INFO  impl.RoleInfo (RoleInfo.java:shutdownFollowerState(121)) - dbc121b5-e1e8-4c61-9d50-542b699a3d90: shutdown FollowerState
2019-10-15 17:18:39,151 [Thread-2956] INFO  impl.FollowerState (FollowerState.java:run(117)) - ebd8d1f9-8297-450f-abe7-393807ba0c7e@group-B673650064C9-FollowerState was interrupted: java.lang.InterruptedException: sleep interrupted
2019-10-15 17:18:39,151 [grpc-default-executor-0] INFO  impl.RoleInfo (RoleInfo.java:updateAndGet(143)) - ebd8d1f9-8297-450f-abe7-393807ba0c7e: start FollowerState
2019-10-15 17:18:39,151 [Thread-2957] INFO  impl.FollowerState (FollowerState.java:run(117)) - dbc121b5-e1e8-4c61-9d50-542b699a3d90@group-B673650064C9-FollowerState was interrupted: java.lang.InterruptedException: sleep interrupted
2019-10-15 17:18:39,151 [grpc-default-executor-1] INFO  impl.RoleInfo (RoleInfo.java:updateAndGet(143)) - dbc121b5-e1e8-4c61-9d50-542b699a3d90: start FollowerState
2019-10-15 17:18:39,174 [79abbc2e-0a90-4a41-a17c-6388bb873359@group-B673650064C9-LeaderElection392] INFO  impl.LeaderElection (LeaderElection.java:logAndReturn(56)) - 79abbc2e-0a90-4a41-a17c-6388bb873359@group-B673650064C9-LeaderElection392: Election REJECTED; received 2 response(s) [79abbc2e-0a90-4a41-a17c-6388bb873359<-ebd8d1f9-8297-450f-abe7-393807ba0c7e#0:FAIL-t453, 79abbc2e-0a90-4a41-a17c-6388bb873359<-dbc121b5-e1e8-4c61-9d50-542b699a3d90#0:FAIL-t453] and 0 exception(s); 79abbc2e-0a90-4a41-a17c-6388bb873359@group-B673650064C9:t453, leader=null, voted=79abbc2e-0a90-4a41-a17c-6388bb873359, raftlog=79abbc2e-0a90-4a41-a17c-6388bb873359@group-B673650064C9-SegmentedRaftLog:OPENED:c-1,f-1,i0, conf=-1: [ebd8d1f9-8297-450f-abe7-393807ba0c7e:192.168.164.239:36510, dbc121b5-e1e8-4c61-9d50-542b699a3d90:192.168.164.239:43140, 79abbc2e-0a90-4a41-a17c-6388bb873359:192.168.164.239:37857], old=null
2019-10-15 17:18:39,175 [79abbc2e-0a90-4a41-a17c-6388bb873359@group-B673650064C9-LeaderElection392] INFO  impl.RaftServerImpl (RaftServerImpl.java:setRole(184)) - 79abbc2e-0a90-4a41-a17c-6388bb873359@group-B673650064C9: changes role from CANDIDATE to FOLLOWER at term 453 for DISCOVERED_A_NEW_TERM
2019-10-15 17:18:39,175 [79abbc2e-0a90-4a41-a17c-6388bb873359@group-B673650064C9-LeaderElection392] INFO  impl.RoleInfo (RoleInfo.java:shutdownLeaderElection(134)) - 79abbc2e-0a90-4a41-a17c-6388bb873359: shutdown LeaderElection
2019-10-15 17:18:39,175 [79abbc2e-0a90-4a41-a17c-6388bb873359@group-B673650064C9-LeaderElection392] INFO  impl.RoleInfo (RoleInfo.java:updateAndGet(143)) - 79abbc2e-0a90-4a41-a17c-6388bb873359: start FollowerState
2019-10-15 17:18:39,325 [Thread-2964] INFO  impl.FollowerState (FollowerState.java:run(108)) - 79abbc2e-0a90-4a41-a17c-6388bb873359@group-B673650064C9-FollowerState: change to CANDIDATE, lastRpcTime:150ms, electionTimeout:150ms
2019-10-15 17:18:39,325 [Thread-2964] INFO  impl.RoleInfo (RoleInfo.java:shutdownFollowerState(121)) - 79abbc2e-0a90-4a41-a17c-6388bb873359: shutdown FollowerState
2019-10-15 17:18:39,326 [Thread-2964] INFO  impl.RaftServerImpl (RaftServerImpl.java:setRole(184)) - 79abbc2e-0a90-4a41-a17c-6388bb873359@group-B673650064C9: changes role from  FOLLOWER to CANDIDATE at term 453 for changeToCandidate
2019-10-15 17:18:39,326 [Thread-2964] INFO  impl.RoleInfo (RoleInfo.java:updateAndGet(143)) - 79abbc2e-0a90-4a41-a17c-6388bb873359: start LeaderElection
2019-10-15 17:18:39,349 [79abbc2e-0a90-4a41-a17c-6388bb873359@group-B673650064C9-LeaderElection393] INFO  impl.LeaderElection (LeaderElection.java:askForVotes(178)) - 79abbc2e-0a90-4a41-a17c-6388bb873359@group-B673650064C9-LeaderElection393: begin an election at term 454 for -1: [ebd8d1f9-8297-450f-abe7-393807ba0c7e:192.168.164.239:36510, dbc121b5-e1e8-4c61-9d50-542b699a3d90:192.168.164.239:43140, 79abbc2e-0a90-4a41-a17c-6388bb873359:192.168.164.239:37857], old=null
2019-10-15 17:18:39,351 [grpc-default-executor-0] INFO  impl.RaftServerImpl (RaftServerImpl.java:setRole(184)) - dbc121b5-e1e8-4c61-9d50-542b699a3d90@group-B673650064C9: changes role from  FOLLOWER to FOLLOWER at term 454 for recognizeCandidate:79abbc2e-0a90-4a41-a17c-6388bb873359
2019-10-15 17:18:39,351 [grpc-default-executor-1] INFO  impl.RaftServerImpl (RaftServerImpl.java:setRole(184)) - ebd8d1f9-8297-450f-abe7-393807ba0c7e@group-B673650064C9: changes role from  FOLLOWER to FOLLOWER at term 454 for recognizeCandidate:79abbc2e-0a90-4a41-a17c-6388bb873359
2019-10-15 17:18:39,351 [grpc-default-executor-0] INFO  impl.RoleInfo (RoleInfo.java:shutdownFollowerState(121)) - dbc121b5-e1e8-4c61-9d50-542b699a3d90: shutdown FollowerState
2019-10-15 17:18:39,351 [grpc-default-executor-1] INFO  impl.RoleInfo (RoleInfo.java:shutdownFollowerState(121)) - ebd8d1f9-8297-450f-abe7-393807ba0c7e: shutdown FollowerState
2019-10-15 17:18:39,351 [Thread-2963] INFO  impl.FollowerState (FollowerState.java:run(117)) - dbc121b5-e1e8-4c61-9d50-542b699a3d90@group-B673650064C9-FollowerState was interrupted: java.lang.InterruptedException: sleep interrupted
2019-10-15 17:18:39,351 [grpc-default-executor-0] INFO  impl.RoleInfo (RoleInfo.java:updateAndGet(143)) - dbc121b5-e1e8-4c61-9d50-542b699a3d90: start FollowerState
2019-10-15 17:18:39,351 [Thread-2962] INFO  impl.FollowerState (FollowerState.java:run(117)) - ebd8d1f9-8297-450f-abe7-393807ba0c7e@group-B673650064C9-FollowerState was interrupted: java.lang.InterruptedException: sleep interrupted
2019-10-15 17:18:39,351 [grpc-default-executor-1] INFO  impl.RoleInfo (RoleInfo.java:updateAndGet(143)) - ebd8d1f9-8297-450f-abe7-393807ba0c7e: start FollowerState
2019-10-15 17:18:39,364 [79abbc2e-0a90-4a41-a17c-6388bb873359@group-B673650064C9-LeaderElection393] INFO  impl.LeaderElection (LeaderElection.java:logAndReturn(56)) - 79abbc2e-0a90-4a41-a17c-6388bb873359@group-B673650064C9-LeaderElection393: Election TIMEOUT; received 0 response(s) [] and 0 exception(s); 79abbc2e-0a90-4a41-a17c-6388bb873359@group-B673650064C9:t454, leader=null, voted=79abbc2e-0a90-4a41-a17c-6388bb873359, raftlog=79abbc2e-0a90-4a41-a17c-6388bb873359@group-B673650064C9-SegmentedRaftLog:OPENED:c-1,f-1,i0, conf=-1: [ebd8d1f9-8297-450f-abe7-393807ba0c7e:192.168.164.239:36510, dbc121b5-e1e8-4c61-9d50-542b699a3d90:192.168.164.239:43140, 79abbc2e-0a90-4a41-a17c-6388bb873359:192.168.164.239:37857], old=null
2019-10-15 17:18:39,391 [79abbc2e-0a90-4a41-a17c-6388bb873359@group-B673650064C9-LeaderElection393] INFO  impl.LeaderElection (LeaderElection.java:askForVotes(178)) - 79abbc2e-0a90-4a41-a17c-6388bb873359@group-B673650064C9-LeaderElection393: begin an election at term 455 for -1: [ebd8d1f9-8297-450f-abe7-393807ba0c7e:192.168.164.239:36510, dbc121b5-e1e8-4c61-9d50-542b699a3d90:192.168.164.239:43140, 79abbc2e-0a90-4a41-a17c-6388bb873359:192.168.164.239:37857], old=null
2019-10-15 17:18:39,393 [grpc-default-executor-1] INFO  impl.RaftServerImpl (RaftServerImpl.java:setRole(184)) - ebd8d1f9-8297-450f-abe7-393807ba0c7e@group-B673650064C9: changes role from  FOLLOWER to FOLLOWER at term 455 for recognizeCandidate:79abbc2e-0a90-4a41-a17c-6388bb873359
2019-10-15 17:18:39,394 [grpc-default-executor-1] INFO  impl.RoleInfo (RoleInfo.java:shutdownFollowerState(121)) - ebd8d1f9-8297-450f-abe7-393807ba0c7e: shutdown FollowerState
2019-10-15 17:18:39,394 [grpc-default-executor-1] INFO  impl.RoleInfo (RoleInfo.java:updateAndGet(143)) - ebd8d1f9-8297-450f-abe7-393807ba0c7e: start FollowerState
2019-10-15 17:18:39,394 [Thread-2971] INFO  impl.FollowerState (FollowerState.java:run(117)) - ebd8d1f9-8297-450f-abe7-393807ba0c7e@group-B673650064C9-FollowerState was interrupted: java.lang.InterruptedException: sleep interrupted
2019-10-15 17:18:39,394 [grpc-default-executor-0] INFO  impl.RaftServerImpl (RaftServerImpl.java:setRole(184)) - dbc121b5-e1e8-4c61-9d50-542b699a3d90@group-B673650064C9: changes role from  FOLLOWER to FOLLOWER at term 455 for recognizeCandidate:79abbc2e-0a90-4a41-a17c-6388bb873359
2019-10-15 17:18:39,394 [grpc-default-executor-0] INFO  impl.RoleInfo (RoleInfo.java:shutdownFollowerState(121)) - dbc121b5-e1e8-4c61-9d50-542b699a3d90: shutdown FollowerState
2019-10-15 17:18:39,394 [grpc-default-executor-0] INFO  impl.RoleInfo (RoleInfo.java:updateAndGet(143)) - dbc121b5-e1e8-4c61-9d50-542b699a3d90: start FollowerState
2019-10-15 17:18:39,394 [Thread-2970] INFO  impl.FollowerState (FollowerState.java:run(117)) - dbc121b5-e1e8-4c61-9d50-542b699a3d90@group-B673650064C9-FollowerState was interrupted: java.lang.InterruptedException: sleep interrupted
2019-10-15 17:18:39,417 [79abbc2e-0a90-4a41-a17c-6388bb873359@group-B673650064C9-LeaderElection393] INFO  impl.LeaderElection (LeaderElection.java:logAndReturn(56)) - 79abbc2e-0a90-4a41-a17c-6388bb873359@group-B673650064C9-LeaderElection393: Election REJECTED; received 2 response(s) [79abbc2e-0a90-4a41-a17c-6388bb873359<-ebd8d1f9-8297-450f-abe7-393807ba0c7e#0:FAIL-t455, 79abbc2e-0a90-4a41-a17c-6388bb873359<-dbc121b5-e1e8-4c61-9d50-542b699a3d90#0:FAIL-t455] and 0 exception(s); 79abbc2e-0a90-4a41-a17c-6388bb873359@group-B673650064C9:t455, leader=null, voted=79abbc2e-0a90-4a41-a17c-6388bb873359, raftlog=79abbc2e-0a90-4a41-a17c-6388bb873359@group-B673650064C9-SegmentedRaftLog:OPENED:c-1,f-1,i0, conf=-1: [ebd8d1f9-8297-450f-abe7-393807ba0c7e:192.168.164.239:36510, dbc121b5-e1e8-4c61-9d50-542b699a3d90:192.168.164.239:43140, 79abbc2e-0a90-4a41-a17c-6388bb873359:192.168.164.239:37857], old=null
2019-10-15 17:18:39,418 [79abbc2e-0a90-4a41-a17c-6388bb873359@group-B673650064C9-LeaderElection393] INFO  impl.RaftServerImpl (RaftServerImpl.java:setRole(184)) - 79abbc2e-0a90-4a41-a17c-6388bb873359@group-B673650064C9: changes role from CANDIDATE to FOLLOWER at term 455 for DISCOVERED_A_NEW_TERM
2019-10-15 17:18:39,418 [79abbc2e-0a90-4a41-a17c-6388bb873359@group-B673650064C9-LeaderElection393] INFO  impl.RoleInfo (RoleInfo.java:shutdownLeaderElection(134)) - 79abbc2e-0a90-4a41-a17c-6388bb873359: shutdown LeaderElection
2019-10-15 17:18:39,418 [79abbc2e-0a90-4a41-a17c-6388bb873359@group-B673650064C9-LeaderElection393] INFO  impl.RoleInfo (RoleInfo.java:updateAndGet(143)) - 79abbc2e-0a90-4a41-a17c-6388bb873359: start FollowerState
2019-10-15 17:18:39,448 [Thread-2976] INFO  impl.FollowerState (FollowerState.java:run(108)) - 79abbc2e-0a90-4a41-a17c-6388bb873359@group-B673650064C9-FollowerState: change to CANDIDATE, lastRpcTime:30ms, electionTimeout:30ms
2019-10-15 17:18:39,448 [Thread-2976] INFO  impl.RoleInfo (RoleInfo.java:shutdownFollowerState(121)) - 79abbc2e-0a90-4a41-a17c-6388bb873359: shutdown FollowerState
2019-10-15 17:18:39,449 [Thread-2976] INFO  impl.RaftServerImpl (RaftServerImpl.java:setRole(184)) - 79abbc2e-0a90-4a41-a17c-6388bb873359@group-B673650064C9: changes role from  FOLLOWER to CANDIDATE at term 455 for changeToCandidate
2019-10-15 17:18:39,449 [Thread-2976] INFO  impl.RoleInfo (RoleInfo.java:updateAndGet(143)) - 79abbc2e-0a90-4a41-a17c-6388bb873359: start LeaderElection
2019-10-15 17:18:39,476 [79abbc2e-0a90-4a41-a17c-6388bb873359@group-B673650064C9-LeaderElection394] INFO  impl.LeaderElection (LeaderElection.java:askForVotes(178)) - 79abbc2e-0a90-4a41-a17c-6388bb873359@group-B673650064C9-LeaderElection394: begin an election at term 456 for -1: [ebd8d1f9-8297-450f-abe7-393807ba0c7e:192.168.164.239:36510, dbc121b5-e1e8-4c61-9d50-542b699a3d90:192.168.164.239:43140, 79abbc2e-0a90-4a41-a17c-6388bb873359:192.168.164.239:37857], old=null
2019-10-15 17:18:39,477 [grpc-default-executor-1] INFO  impl.RaftServerImpl (RaftServerImpl.java:setRole(184)) - ebd8d1f9-8297-450f-abe7-393807ba0c7e@group-B673650064C9: changes role from  FOLLOWER to FOLLOWER at term 456 for recognizeCandidate:79abbc2e-0a90-4a41-a17c-6388bb873359
2019-10-15 17:18:39,477 [grpc-default-executor-1] INFO  impl.RoleInfo (RoleInfo.java:shutdownFollowerState(121)) - ebd8d1f9-8297-450f-abe7-393807ba0c7e: shutdown FollowerState
2019-10-15 17:18:39,477 [grpc-default-executor-0] INFO  impl.RaftServerImpl (RaftServerImpl.java:setRole(184)) - dbc121b5-e1e8-4c61-9d50-542b699a3d90@group-B673650064C9: changes role from  FOLLOWER to FOLLOWER at term 456 for recognizeCandidate:79abbc2e-0a90-4a41-a17c-6388bb873359
2019-10-15 17:18:39,478 [grpc-default-executor-0] INFO  impl.RoleInfo (RoleInfo.java:shutdownFollowerState(121)) - dbc121b5-e1e8-4c61-9d50-542b699a3d90: shutdown FollowerState
2019-10-15 17:18:39,477 [Thread-2974] INFO  impl.FollowerState (FollowerState.java:run(117)) - ebd8d1f9-8297-450f-abe7-393807ba0c7e@group-B673650064C9-FollowerState was interrupted: java.lang.InterruptedException: sleep interrupted
2019-10-15 17:18:39,477 [grpc-default-executor-1] INFO  impl.RoleInfo (RoleInfo.java:updateAndGet(143)) - ebd8d1f9-8297-450f-abe7-393807ba0c7e: start FollowerState
2019-10-15 17:18:39,478 [Thread-2975] INFO  impl.FollowerState (FollowerState.java:run(117)) - dbc121b5-e1e8-4c61-9d50-542b699a3d90@group-B673650064C9-FollowerState was interrupted: java.lang.InterruptedException: sleep interrupted
2019-10-15 17:18:39,478 [grpc-default-executor-0] INFO  impl.RoleInfo (RoleInfo.java:updateAndGet(143)) - dbc121b5-e1e8-4c61-9d50-542b699a3d90: start FollowerState
2019-10-15 17:18:39,502 [79abbc2e-0a90-4a41-a17c-6388bb873359@group-B673650064C9-LeaderElection394] INFO  impl.LeaderElection (LeaderElection.java:logAndReturn(56)) - 79abbc2e-0a90-4a41-a17c-6388bb873359@group-B673650064C9-LeaderElection394: Election REJECTED; received 2 response(s) [79abbc2e-0a90-4a41-a17c-6388bb873359<-ebd8d1f9-8297-450f-abe7-393807ba0c7e#0:FAIL-t456, 79abbc2e-0a90-4a41-a17c-6388bb873359<-dbc121b5-e1e8-4c61-9d50-542b699a3d90#0:FAIL-t456] and 0 exception(s); 79abbc2e-0a90-4a41-a17c-6388bb873359@group-B673650064C9:t456, leader=null, voted=79abbc2e-0a90-4a41-a17c-6388bb873359, raftlog=79abbc2e-0a90-4a41-a17c-6388bb873359@group-B673650064C9-SegmentedRaftLog:OPENED:c-1,f-1,i0, conf=-1: [ebd8d1f9-8297-450f-abe7-393807ba0c7e:192.168.164.239:36510, dbc121b5-e1e8-4c61-9d50-542b699a3d90:192.168.164.239:43140, 79abbc2e-0a90-4a41-a17c-6388bb873359:192.168.164.239:37857], old=null
2019-10-15 17:18:39,502 [79abbc2e-0a90-4a41-a17c-6388bb873359@group-B673650064C9-LeaderElection394] INFO  impl.RaftServerImpl (RaftServerImpl.java:setRole(184)) - 79abbc2e-0a90-4a41-a17c-6388bb873359@group-B673650064C9: changes role from CANDIDATE to FOLLOWER at term 456 for DISCOVERED_A_NEW_TERM
2019-10-15 17:18:39,502 [79abbc2e-0a90-4a41-a17c-6388bb873359@group-B673650064C9-LeaderElection394] INFO  impl.RoleInfo (RoleInfo.java:shutdownLeaderElection(134)) - 79abbc2e-0a90-4a41-a17c-6388bb873359: shutdown LeaderElection
2019-10-15 17:18:39,502 [79abbc2e-0a90-4a41-a17c-6388bb873359@group-B673650064C9-LeaderElection394] INFO  impl.RoleInfo (RoleInfo.java:updateAndGet(143)) - 79abbc2e-0a90-4a41-a17c-6388bb873359: start FollowerState
2019-10-15 17:18:39,619 [Thread-2982] INFO  impl.FollowerState (FollowerState.java:run(108)) - 79abbc2e-0a90-4a41-a17c-6388bb873359@group-B673650064C9-FollowerState: change to CANDIDATE, lastRpcTime:116ms, electionTimeout:116ms
2019-10-15 17:18:39,619 [Thread-2982] INFO  impl.RoleInfo (RoleInfo.java:shutdownFollowerState(121)) - 79abbc2e-0a90-4a41-a17c-6388bb873359: shutdown FollowerState
2019-10-15 17:18:39,619 [Thread-2982] INFO  impl.RaftServerImpl (RaftServerImpl.java:setRole(184)) - 79abbc2e-0a90-4a41-a17c-6388bb873359@group-B673650064C9: changes role from  FOLLOWER to CANDIDATE at term 456 for changeToCandidate
2019-10-15 17:18:39,619 [Thread-2982] INFO  impl.RoleInfo (RoleInfo.java:updateAndGet(143)) - 79abbc2e-0a90-4a41-a17c-6388bb873359: start LeaderElection
2019-10-15 17:18:39,643 [79abbc2e-0a90-4a41-a17c-6388bb873359@group-B673650064C9-LeaderElection395] INFO  impl.LeaderElection (LeaderElection.java:askForVotes(178)) - 79abbc2e-0a90-4a41-a17c-6388bb873359@group-B673650064C9-LeaderElection395: begin an election at term 457 for -1: [ebd8d1f9-8297-450f-abe7-393807ba0c7e:192.168.164.239:36510, dbc121b5-e1e8-4c61-9d50-542b699a3d90:192.168.164.239:43140, 79abbc2e-0a90-4a41-a17c-6388bb873359:192.168.164.239:37857], old=null
2019-10-15 17:18:39,644 [grpc-default-executor-1] INFO  impl.RaftServerImpl (RaftServerImpl.java:setRole(184)) - ebd8d1f9-8297-450f-abe7-393807ba0c7e@group-B673650064C9: changes role from  FOLLOWER to FOLLOWER at term 457 for recognizeCandidate:79abbc2e-0a90-4a41-a17c-6388bb873359
2019-10-15 17:18:39,645 [grpc-default-executor-1] INFO  impl.RoleInfo (RoleInfo.java:shutdownFollowerState(121)) - ebd8d1f9-8297-450f-abe7-393807ba0c7e: shutdown FollowerState
2019-10-15 17:18:39,645 [grpc-default-executor-1] INFO  impl.RoleInfo (RoleInfo.java:updateAndGet(143)) - ebd8d1f9-8297-450f-abe7-393807ba0c7e: start FollowerState
2019-10-15 17:18:39,645 [Thread-2980] INFO  impl.FollowerState (FollowerState.java:run(117)) - ebd8d1f9-8297-450f-abe7-393807ba0c7e@group-B673650064C9-FollowerState was interrupted: java.lang.InterruptedException: sleep interrupted
2019-10-15 17:18:39,645 [grpc-default-executor-0] INFO  impl.RaftServerImpl (RaftServerImpl.java:setRole(184)) - dbc121b5-e1e8-4c61-9d50-542b699a3d90@group-B673650064C9: changes role from  FOLLOWER to FOLLOWER at term 457 for recognizeCandidate:79abbc2e-0a90-4a41-a17c-6388bb873359
2019-10-15 17:18:39,645 [grpc-default-executor-0] INFO  impl.RoleInfo (RoleInfo.java:shutdownFollowerState(121)) - dbc121b5-e1e8-4c61-9d50-542b699a3d90: shutdown FollowerState
2019-10-15 17:18:39,645 [grpc-default-executor-0] INFO  impl.RoleInfo (RoleInfo.java:updateAndGet(143)) - dbc121b5-e1e8-4c61-9d50-542b699a3d90: start FollowerState
2019-10-15 17:18:39,645 [Thread-2981] INFO  impl.FollowerState (FollowerState.java:run(117)) - dbc121b5-e1e8-4c61-9d50-542b699a3d90@group-B673650064C9-FollowerState was interrupted: java.lang.InterruptedException: sleep interrupted
2019-10-15 17:18:39,669 [79abbc2e-0a90-4a41-a17c-6388bb873359@group-B673650064C9-LeaderElection395] INFO  impl.LeaderElection (LeaderElection.java:logAndReturn(56)) - 79abbc2e-0a90-4a41-a17c-6388bb873359@group-B673650064C9-LeaderElection395: Election REJECTED; received 2 response(s) [79abbc2e-0a90-4a41-a17c-6388bb873359<-ebd8d1f9-8297-450f-abe7-393807ba0c7e#0:FAIL-t457, 79abbc2e-0a90-4a41-a17c-6388bb873359<-dbc121b5-e1e8-4c61-9d50-542b699a3d90#0:FAIL-t457] and 0 exception(s); 79abbc2e-0a90-4a41-a17c-6388bb873359@group-B673650064C9:t457, leader=null, voted=79abbc2e-0a90-4a41-a17c-6388bb873359, raftlog=79abbc2e-0a90-4a41-a17c-6388bb873359@group-B673650064C9-SegmentedRaftLog:OPENED:c-1,f-1,i0, conf=-1: [ebd8d1f9-8297-450f-abe7-393807ba0c7e:192.168.164.239:36510, dbc121b5-e1e8-4c61-9d50-542b699a3d90:192.168.164.239:43140, 79abbc2e-0a90-4a41-a17c-6388bb873359:192.168.164.239:37857], old=null
2019-10-15 17:18:39,669 [79abbc2e-0a90-4a41-a17c-6388bb873359@group-B673650064C9-LeaderElection395] INFO  impl.RaftServerImpl (RaftServerImpl.java:setRole(184)) - 79abbc2e-0a90-4a41-a17c-6388bb873359@group-B673650064C9: changes role from CANDIDATE to FOLLOWER at term 457 for DISCOVERED_A_NEW_TERM
2019-10-15 17:18:39,669 [79abbc2e-0a90-4a41-a17c-6388bb873359@group-B673650064C9-LeaderElection395] INFO  impl.RoleInfo (RoleInfo.java:shutdownLeaderElection(134)) - 79abbc2e-0a90-4a41-a17c-6388bb873359: shutdown LeaderElection
2019-10-15 17:18:39,670 [79abbc2e-0a90-4a41-a17c-6388bb873359@group-B673650064C9-LeaderElection395] INFO  impl.RoleInfo (RoleInfo.java:updateAndGet(143)) - 79abbc2e-0a90-4a41-a17c-6388bb873359: start FollowerState
2019-10-15 17:18:39,718 [Thread-2988] INFO  impl.FollowerState (FollowerState.java:run(108)) - 79abbc2e-0a90-4a41-a17c-6388bb873359@group-B673650064C9-FollowerState: change to CANDIDATE, lastRpcTime:48ms, electionTimeout:48ms
2019-10-15 17:18:39,718 [Thread-2988] INFO  impl.RoleInfo (RoleInfo.java:shutdownFollowerState(121)) - 79abbc2e-0a90-4a41-a17c-6388bb873359: shutdown FollowerState
2019-10-15 17:18:39,718 [Thread-2988] INFO  impl.RaftServerImpl (RaftServerImpl.java:setRole(184)) - 79abbc2e-0a90-4a41-a17c-6388bb873359@group-B673650064C9: changes role from  FOLLOWER to CANDIDATE at term 457 for changeToCandidate
2019-10-15 17:18:39,718 [Thread-2988] INFO  impl.RoleInfo (RoleInfo.java:updateAndGet(143)) - 79abbc2e-0a90-4a41-a17c-6388bb873359: start LeaderElection
2019-10-15 17:18:39,744 [79abbc2e-0a90-4a41-a17c-6388bb873359@group-B673650064C9-LeaderElection396] INFO  impl.LeaderElection (LeaderElection.java:askForVotes(178)) - 79abbc2e-0a90-4a41-a17c-6388bb873359@group-B673650064C9-LeaderElection396: begin an election at term 458 for -1: [ebd8d1f9-8297-450f-abe7-393807ba0c7e:192.168.164.239:36510, dbc121b5-e1e8-4c61-9d50-542b699a3d90:192.168.164.239:43140, 79abbc2e-0a90-4a41-a17c-6388bb873359:192.168.164.239:37857], old=null
2019-10-15 17:18:39,745 [grpc-default-executor-0] INFO  impl.RaftServerImpl (RaftServerImpl.java:setRole(184)) - ebd8d1f9-8297-450f-abe7-393807ba0c7e@group-B673650064C9: changes role from  FOLLOWER to FOLLOWER at term 458 for recognizeCandidate:79abbc2e-0a90-4a41-a17c-6388bb873359
2019-10-15 17:18:39,745 [grpc-default-executor-0] INFO  impl.RoleInfo (RoleInfo.java:shutdownFollowerState(121)) - ebd8d1f9-8297-450f-abe7-393807ba0c7e: shutdown FollowerState
2019-10-15 17:18:39,746 [grpc-default-executor-1] INFO  impl.RaftServerImpl (RaftServerImpl.java:setRole(184)) - dbc121b5-e1e8-4c61-9d50-542b699a3d90@group-B673650064C9: changes role from  FOLLOWER to FOLLOWER at term 458 for recognizeCandidate:79abbc2e-0a90-4a41-a17c-6388bb873359
2019-10-15 17:18:39,746 [Thread-2986] INFO  impl.FollowerState (FollowerState.java:run(117)) - ebd8d1f9-8297-450f-abe7-393807ba0c7e@group-B673650064C9-FollowerState was interrupted: java.lang.InterruptedException: sleep interrupted
2019-10-15 17:18:39,746 [grpc-default-executor-1] INFO  impl.RoleInfo (RoleInfo.java:shutdownFollowerState(121)) - dbc121b5-e1e8-4c61-9d50-542b699a3d90: shutdown FollowerState
2019-10-15 17:18:39,746 [grpc-default-executor-0] INFO  impl.RoleInfo (RoleInfo.java:updateAndGet(143)) - ebd8d1f9-8297-450f-abe7-393807ba0c7e: start FollowerState
2019-10-15 17:18:39,746 [Thread-2987] INFO  impl.FollowerState (FollowerState.java:run(117)) - dbc121b5-e1e8-4c61-9d50-542b699a3d90@group-B673650064C9-FollowerState was interrupted: java.lang.InterruptedException: sleep interrupted
2019-10-15 17:18:39,746 [grpc-default-executor-1] INFO  impl.RoleInfo (RoleInfo.java:updateAndGet(143)) - dbc121b5-e1e8-4c61-9d50-542b699a3d90: start FollowerState
2019-10-15 17:18:39,770 [79abbc2e-0a90-4a41-a17c-6388bb873359@group-B673650064C9-LeaderElection396] INFO  impl.LeaderElection (LeaderElection.java:logAndReturn(56)) - 79abbc2e-0a90-4a41-a17c-6388bb873359@group-B673650064C9-LeaderElection396: Election REJECTED; received 2 response(s) [79abbc2e-0a90-4a41-a17c-6388bb873359<-ebd8d1f9-8297-450f-abe7-393807ba0c7e#0:FAIL-t458, 79abbc2e-0a90-4a41-a17c-6388bb873359<-dbc121b5-e1e8-4c61-9d50-542b699a3d90#0:FAIL-t458] and 0 exception(s); 79abbc2e-0a90-4a41-a17c-6388bb873359@group-B673650064C9:t458, leader=null, voted=79abbc2e-0a90-4a41-a17c-6388bb873359, raftlog=79abbc2e-0a90-4a41-a17c-6388bb873359@group-B673650064C9-SegmentedRaftLog:OPENED:c-1,f-1,i0, conf=-1: [ebd8d1f9-8297-450f-abe7-393807ba0c7e:192.168.164.239:36510, dbc121b5-e1e8-4c61-9d50-542b699a3d90:192.168.164.239:43140, 79abbc2e-0a90-4a41-a17c-6388bb873359:192.168.164.239:37857], old=null
2019-10-15 17:18:39,770 [79abbc2e-0a90-4a41-a17c-6388bb873359@group-B673650064C9-LeaderElection396] INFO  impl.RaftServerImpl (RaftServerImpl.java:setRole(184)) - 79abbc2e-0a90-4a41-a17c-6388bb873359@group-B673650064C9: changes role from CANDIDATE to FOLLOWER at term 458 for DISCOVERED_A_NEW_TERM
2019-10-15 17:18:39,770 [79abbc2e-0a90-4a41-a17c-6388bb873359@group-B673650064C9-LeaderElection396] INFO  impl.RoleInfo (RoleInfo.java:shutdownLeaderElection(134)) - 79abbc2e-0a90-4a41-a17c-6388bb873359: shutdown LeaderElection
2019-10-15 17:18:39,771 [79abbc2e-0a90-4a41-a17c-6388bb873359@group-B673650064C9-LeaderElection396] INFO  impl.RoleInfo (RoleInfo.java:updateAndGet(143)) - 79abbc2e-0a90-4a41-a17c-6388bb873359: start FollowerState
2019-10-15 17:18:39,811 [Thread-2994] INFO  impl.FollowerState (FollowerState.java:run(108)) - 79abbc2e-0a90-4a41-a17c-6388bb873359@group-B673650064C9-FollowerState: change to CANDIDATE, lastRpcTime:40ms, electionTimeout:40ms
2019-10-15 17:18:39,811 [Thread-2994] INFO  impl.RoleInfo (RoleInfo.java:shutdownFollowerState(121)) - 79abbc2e-0a90-4a41-a17c-6388bb873359: shutdown FollowerState
2019-10-15 17:18:39,811 [Thread-2994] INFO  impl.RaftServerImpl (RaftServerImpl.java:setRole(184)) - 79abbc2e-0a90-4a41-a17c-6388bb873359@group-B673650064C9: changes role from  FOLLOWER to CANDIDATE at term 458 for changeToCandidate
2019-10-15 17:18:39,811 [Thread-2994] INFO  impl.RoleInfo (RoleInfo.java:updateAndGet(143)) - 79abbc2e-0a90-4a41-a17c-6388bb873359: start LeaderElection
2019-10-15 17:18:39,836 [79abbc2e-0a90-4a41-a17c-6388bb873359@group-B673650064C9-LeaderElection397] INFO  impl.LeaderElection (LeaderElection.java:askForVotes(178)) - 79abbc2e-0a90-4a41-a17c-6388bb873359@group-B673650064C9-LeaderElection397: begin an election at term 459 for -1: [ebd8d1f9-8297-450f-abe7-393807ba0c7e:192.168.164.239:36510, dbc121b5-e1e8-4c61-9d50-542b699a3d90:192.168.164.239:43140, 79abbc2e-0a90-4a41-a17c-6388bb873359:192.168.164.239:37857], old=null
2019-10-15 17:18:39,838 [grpc-default-executor-0] INFO  impl.RaftServerImpl (RaftServerImpl.java:setRole(184)) - ebd8d1f9-8297-450f-abe7-393807ba0c7e@group-B673650064C9: changes role from  FOLLOWER to FOLLOWER at term 459 for recognizeCandidate:79abbc2e-0a90-4a41-a17c-6388bb873359
2019-10-15 17:18:39,838 [grpc-default-executor-1] INFO  impl.RaftServerImpl (RaftServerImpl.java:setRole(184)) - dbc121b5-e1e8-4c61-9d50-542b699a3d90@group-B673650064C9: changes role from  FOLLOWER to FOLLOWER at term 459 for recognizeCandidate:79abbc2e-0a90-4a41-a17c-6388bb873359
2019-10-15 17:18:39,838 [grpc-default-executor-1] INFO  impl.RoleInfo (RoleInfo.java:shutdownFollowerState(121)) - dbc121b5-e1e8-4c61-9d50-542b699a3d90: shutdown FollowerState
2019-10-15 17:18:39,838 [grpc-default-executor-0] INFO  impl.RoleInfo (RoleInfo.java:shutdownFollowerState(121)) - ebd8d1f9-8297-450f-abe7-393807ba0c7e: shutdown FollowerState
2019-10-15 17:18:39,839 [Thread-2993] INFO  impl.FollowerState (FollowerState.java:run(117)) - dbc121b5-e1e8-4c61-9d50-542b699a3d90@group-B673650064C9-FollowerState was interrupted: java.lang.InterruptedException: sleep interrupted
2019-10-15 17:18:39,839 [grpc-default-executor-1] INFO  impl.RoleInfo (RoleInfo.java:updateAndGet(143)) - dbc121b5-e1e8-4c61-9d50-542b699a3d90: start FollowerState
2019-10-15 17:18:39,839 [Thread-2992] INFO  impl.FollowerState (FollowerState.java:run(117)) - ebd8d1f9-8297-450f-abe7-393807ba0c7e@group-B673650064C9-FollowerState was interrupted: java.lang.InterruptedException: sleep interrupted
2019-10-15 17:18:39,839 [grpc-default-executor-0] INFO  impl.RoleInfo (RoleInfo.java:updateAndGet(143)) - ebd8d1f9-8297-450f-abe7-393807ba0c7e: start FollowerState
2019-10-15 17:18:39,862 [79abbc2e-0a90-4a41-a17c-6388bb873359@group-B673650064C9-LeaderElection397] INFO  impl.LeaderElection (LeaderElection.java:logAndReturn(56)) - 79abbc2e-0a90-4a41-a17c-6388bb873359@group-B673650064C9-LeaderElection397: Election REJECTED; received 2 response(s) [79abbc2e-0a90-4a41-a17c-6388bb873359<-ebd8d1f9-8297-450f-abe7-393807ba0c7e#0:FAIL-t459, 79abbc2e-0a90-4a41-a17c-6388bb873359<-dbc121b5-e1e8-4c61-9d50-542b699a3d90#0:FAIL-t459] and 0 exception(s); 79abbc2e-0a90-4a41-a17c-6388bb873359@group-B673650064C9:t459, leader=null, voted=79abbc2e-0a90-4a41-a17c-6388bb873359, raftlog=79abbc2e-0a90-4a41-a17c-6388bb873359@group-B673650064C9-SegmentedRaftLog:OPENED:c-1,f-1,i0, conf=-1: [ebd8d1f9-8297-450f-abe7-393807ba0c7e:192.168.164.239:36510, dbc121b5-e1e8-4c61-9d50-542b699a3d90:192.168.164.239:43140, 79abbc2e-0a90-4a41-a17c-6388bb873359:192.168.164.239:37857], old=null
2019-10-15 17:18:39,862 [79abbc2e-0a90-4a41-a17c-6388bb873359@group-B673650064C9-LeaderElection397] INFO  impl.RaftServerImpl (RaftServerImpl.java:setRole(184)) - 79abbc2e-0a90-4a41-a17c-6388bb873359@group-B673650064C9: changes role from CANDIDATE to FOLLOWER at term 459 for DISCOVERED_A_NEW_TERM
2019-10-15 17:18:39,862 [79abbc2e-0a90-4a41-a17c-6388bb873359@group-B673650064C9-LeaderElection397] INFO  impl.RoleInfo (RoleInfo.java:shutdownLeaderElection(134)) - 79abbc2e-0a90-4a41-a17c-6388bb873359: shutdown LeaderElection
2019-10-15 17:18:39,862 [79abbc2e-0a90-4a41-a17c-6388bb873359@group-B673650064C9-LeaderElection397] INFO  impl.RoleInfo (RoleInfo.java:updateAndGet(143)) - 79abbc2e-0a90-4a41-a17c-6388bb873359: start FollowerState
2019-10-15 17:18:39,939 [ForkJoinPool.commonPool-worker-0] INFO  ozoneimpl.OzoneContainer (OzoneContainer.java:stop(227)) - Attempting to stop container services.
2019-10-15 17:18:39,939 [main] INFO  ozoneimpl.OzoneContainer (OzoneContainer.java:stop(227)) - Attempting to stop container services.
2019-10-15 17:18:39,939 [ForkJoinPool.commonPool-worker-0] INFO  impl.RaftServerProxy (RaftServerProxy.java:lambda$close$4(314)) - 79abbc2e-0a90-4a41-a17c-6388bb873359: close
2019-10-15 17:18:39,940 [main] INFO  impl.RaftServerProxy (RaftServerProxy.java:lambda$close$4(314)) - e0635a91-29e0-4e97-b998-fafeaa1ac257: close
2019-10-15 17:18:39,940 [ForkJoinPool.commonPool-worker-0] INFO  impl.RaftServerImpl (RaftServerImpl.java:lambda$shutdown$3(261)) - 79abbc2e-0a90-4a41-a17c-6388bb873359@group-896C59C76A40: shutdown
2019-10-15 17:18:39,940 [main] INFO  impl.RaftServerImpl (RaftServerImpl.java:lambda$shutdown$3(261)) - e0635a91-29e0-4e97-b998-fafeaa1ac257@group-D0DE759C5A3D: shutdown
2019-10-15 17:18:39,940 [ForkJoinPool.commonPool-worker-0] INFO  util.JmxRegister (JmxRegister.java:unregister(73)) - Successfully un-registered JMX Bean with object name Ratis:service=RaftServer,group=group-896C59C76A40,id=79abbc2e-0a90-4a41-a17c-6388bb873359
2019-10-15 17:18:39,941 [main] INFO  util.JmxRegister (JmxRegister.java:unregister(73)) - Successfully un-registered JMX Bean with object name Ratis:service=RaftServer,group=group-D0DE759C5A3D,id=e0635a91-29e0-4e97-b998-fafeaa1ac257
2019-10-15 17:18:39,941 [ForkJoinPool.commonPool-worker-0] INFO  impl.RoleInfo (RoleInfo.java:shutdownLeaderState(104)) - 79abbc2e-0a90-4a41-a17c-6388bb873359: shutdown LeaderState
2019-10-15 17:18:39,941 [main] INFO  impl.RoleInfo (RoleInfo.java:shutdownLeaderState(104)) - e0635a91-29e0-4e97-b998-fafeaa1ac257: shutdown LeaderState
2019-10-15 17:18:39,941 [ForkJoinPool.commonPool-worker-0] INFO  impl.PendingRequests (PendingRequests.java:sendNotLeaderResponses(202)) - 79abbc2e-0a90-4a41-a17c-6388bb873359@group-896C59C76A40-PendingRequests: sendNotLeaderResponses
2019-10-15 17:18:39,942 [main] INFO  impl.PendingRequests (PendingRequests.java:sendNotLeaderResponses(202)) - e0635a91-29e0-4e97-b998-fafeaa1ac257@group-D0DE759C5A3D-PendingRequests: sendNotLeaderResponses
2019-10-15 17:18:39,942 [ForkJoinPool.commonPool-worker-0] INFO  impl.StateMachineUpdater (StateMachineUpdater.java:stopAndJoin(136)) - 79abbc2e-0a90-4a41-a17c-6388bb873359@group-896C59C76A40-StateMachineUpdater: set stopIndex = 0
2019-10-15 17:18:39,942 [main] INFO  impl.StateMachineUpdater (StateMachineUpdater.java:stopAndJoin(136)) - e0635a91-29e0-4e97-b998-fafeaa1ac257@group-D0DE759C5A3D-StateMachineUpdater: set stopIndex = 0
2019-10-15 17:18:39,943 [ForkJoinPool.commonPool-worker-0] INFO  impl.RaftServerImpl (ServerState.java:close(388)) - 79abbc2e-0a90-4a41-a17c-6388bb873359@group-896C59C76A40: closes. applyIndex: 0
2019-10-15 17:18:39,943 [main] INFO  impl.RaftServerImpl (ServerState.java:close(388)) - e0635a91-29e0-4e97-b998-fafeaa1ac257@group-D0DE759C5A3D: closes. applyIndex: 0
2019-10-15 17:18:39,943 [79abbc2e-0a90-4a41-a17c-6388bb873359@group-896C59C76A40-SegmentedRaftLogWorker] INFO  segmented.SegmentedRaftLogWorker (SegmentedRaftLogWorker.java:run(316)) - 79abbc2e-0a90-4a41-a17c-6388bb873359@group-896C59C76A40-SegmentedRaftLogWorker was interrupted, exiting. There are 0 tasks remaining in the queue.
2019-10-15 17:18:39,944 [e0635a91-29e0-4e97-b998-fafeaa1ac257@group-D0DE759C5A3D-SegmentedRaftLogWorker] INFO  segmented.SegmentedRaftLogWorker (SegmentedRaftLogWorker.java:run(316)) - e0635a91-29e0-4e97-b998-fafeaa1ac257@group-D0DE759C5A3D-SegmentedRaftLogWorker was interrupted, exiting. There are 0 tasks remaining in the queue.
2019-10-15 17:18:39,946 [ForkJoinPool.commonPool-worker-0] INFO  segmented.SegmentedRaftLogWorker (SegmentedRaftLogWorker.java:close(224)) - 79abbc2e-0a90-4a41-a17c-6388bb873359@group-896C59C76A40-SegmentedRaftLogWorker close()
2019-10-15 17:18:39,948 [main] INFO  segmented.SegmentedRaftLogWorker (SegmentedRaftLogWorker.java:close(224)) - e0635a91-29e0-4e97-b998-fafeaa1ac257@group-D0DE759C5A3D-SegmentedRaftLogWorker close()
2019-10-15 17:18:39,951 [ForkJoinPool.commonPool-worker-0] INFO  impl.RaftServerImpl (RaftServerImpl.java:lambda$shutdown$3(261)) - 79abbc2e-0a90-4a41-a17c-6388bb873359@group-B673650064C9: shutdown
2019-10-15 17:18:39,954 [main] INFO  server.GrpcService (GrpcService.java:closeImpl(164)) - e0635a91-29e0-4e97-b998-fafeaa1ac257: shutdown server with port 44850 now
2019-10-15 17:18:39,954 [ForkJoinPool.commonPool-worker-0] INFO  util.JmxRegister (JmxRegister.java:unregister(73)) - Successfully un-registered JMX Bean with object name Ratis:service=RaftServer,group=group-B673650064C9,id=79abbc2e-0a90-4a41-a17c-6388bb873359
2019-10-15 17:18:39,954 [ForkJoinPool.commonPool-worker-0] INFO  impl.RoleInfo (RoleInfo.java:shutdownFollowerState(121)) - 79abbc2e-0a90-4a41-a17c-6388bb873359: shutdown FollowerState
2019-10-15 17:18:39,955 [ForkJoinPool.commonPool-worker-0] INFO  impl.StateMachineUpdater (StateMachineUpdater.java:stopAndJoin(136)) - 79abbc2e-0a90-4a41-a17c-6388bb873359@group-B673650064C9-StateMachineUpdater: set stopIndex = -1
2019-10-15 17:18:39,955 [Thread-3000] INFO  impl.FollowerState (FollowerState.java:run(117)) - 79abbc2e-0a90-4a41-a17c-6388bb873359@group-B673650064C9-FollowerState was interrupted: java.lang.InterruptedException: sleep interrupted
2019-10-15 17:18:39,955 [main] INFO  server.GrpcService (GrpcService.java:closeImpl(172)) - e0635a91-29e0-4e97-b998-fafeaa1ac257: shutdown server with port 44850 successfully
2019-10-15 17:18:39,956 [ForkJoinPool.commonPool-worker-0] INFO  impl.RaftServerImpl (ServerState.java:close(388)) - 79abbc2e-0a90-4a41-a17c-6388bb873359@group-B673650064C9: closes. applyIndex: -1
2019-10-15 17:18:39,956 [79abbc2e-0a90-4a41-a17c-6388bb873359@group-B673650064C9-SegmentedRaftLogWorker] INFO  segmented.SegmentedRaftLogWorker (SegmentedRaftLogWorker.java:run(316)) - 79abbc2e-0a90-4a41-a17c-6388bb873359@group-B673650064C9-SegmentedRaftLogWorker was interrupted, exiting. There are 0 tasks remaining in the queue.
2019-10-15 17:18:39,956 [ForkJoinPool.commonPool-worker-0] INFO  segmented.SegmentedRaftLogWorker (SegmentedRaftLogWorker.java:close(224)) - 79abbc2e-0a90-4a41-a17c-6388bb873359@group-B673650064C9-SegmentedRaftLogWorker close()
2019-10-15 17:18:39,959 [ForkJoinPool.commonPool-worker-0] INFO  server.GrpcService (GrpcService.java:closeImpl(164)) - 79abbc2e-0a90-4a41-a17c-6388bb873359: shutdown server with port 37857 now
2019-10-15 17:18:39,960 [ForkJoinPool.commonPool-worker-0] INFO  server.GrpcService (GrpcService.java:closeImpl(172)) - 79abbc2e-0a90-4a41-a17c-6388bb873359: shutdown server with port 37857 successfully
2019-10-15 17:18:39,961 [refreshUsed-/workdir/hadoop-ozone/integration-test/target/test-dir/MiniOzoneClusterImpl-4fa34157-8494-46a2-a506-7f2258cc6eab/datanode-2/data/containers] WARN  fs.CachingGetSpaceUsed (CachingGetSpaceUsed.java:run(183)) - Thread Interrupted waiting to refresh disk information: sleep interrupted
2019-10-15 17:18:39,971 [refreshUsed-/workdir/hadoop-ozone/integration-test/target/test-dir/MiniOzoneClusterImpl-4fa34157-8494-46a2-a506-7f2258cc6eab/datanode-1/data/containers] WARN  fs.CachingGetSpaceUsed (CachingGetSpaceUsed.java:run(183)) - Thread Interrupted waiting to refresh disk information: sleep interrupted
2019-10-15 17:18:39,989 [main] INFO  utils.BackgroundService (BackgroundService.java:shutdown(151)) - Shutting down service BlockDeletingService
2019-10-15 17:18:39,992 [main] INFO  statemachine.DatanodeStateMachine (DatanodeStateMachine.java:stopDaemon(395)) - Ozone container server stopped.
2019-10-15 17:18:39,993 [main] INFO  handler.ContextHandler (ContextHandler.java:doStop(910)) - Stopped o.e.j.w.WebAppContext@765ffb14{/,null,UNAVAILABLE}{/hddsDatanode}
2019-10-15 17:18:39,994 [main] INFO  server.AbstractConnector (AbstractConnector.java:doStop(318)) - Stopped ServerConnector@57562473{HTTP/1.1,[http/1.1]}{0.0.0.0:0}
2019-10-15 17:18:39,995 [main] INFO  handler.ContextHandler (ContextHandler.java:doStop(910)) - Stopped o.e.j.s.ServletContextHandler@27e7c77f{/static,jar:file:/home/user/.m2/repository/org/apache/hadoop/hadoop-hdds-container-service/0.5.0-SNAPSHOT/hadoop-hdds-container-service-0.5.0-SNAPSHOT.jar!/webapps/static,UNAVAILABLE}
2019-10-15 17:18:39,995 [main] INFO  handler.ContextHandler (ContextHandler.java:doStop(910)) - Stopped o.e.j.s.ServletContextHandler@1f53481b{/logs,file:///workdir/hadoop-ozone/integration-test/target/log,UNAVAILABLE}
2019-10-15 17:18:40,002 [ForkJoinPool.commonPool-worker-0] INFO  utils.BackgroundService (BackgroundService.java:shutdown(151)) - Shutting down service BlockDeletingService
2019-10-15 17:18:40,007 [ForkJoinPool.commonPool-worker-0] INFO  statemachine.DatanodeStateMachine (DatanodeStateMachine.java:stopDaemon(395)) - Ozone container server stopped.
2019-10-15 17:18:40,012 [ForkJoinPool.commonPool-worker-0] INFO  handler.ContextHandler (ContextHandler.java:doStop(910)) - Stopped o.e.j.w.WebAppContext@6d5c2745{/,null,UNAVAILABLE}{/hddsDatanode}
2019-10-15 17:18:40,013 [ForkJoinPool.commonPool-worker-0] INFO  server.AbstractConnector (AbstractConnector.java:doStop(318)) - Stopped ServerConnector@44b29496{HTTP/1.1,[http/1.1]}{0.0.0.0:0}
2019-10-15 17:18:40,014 [ForkJoinPool.commonPool-worker-0] INFO  handler.ContextHandler (ContextHandler.java:doStop(910)) - Stopped o.e.j.s.ServletContextHandler@1a96d94c{/static,jar:file:/home/user/.m2/repository/org/apache/hadoop/hadoop-hdds-container-service/0.5.0-SNAPSHOT/hadoop-hdds-container-service-0.5.0-SNAPSHOT.jar!/webapps/static,UNAVAILABLE}
2019-10-15 17:18:40,015 [ForkJoinPool.commonPool-worker-0] INFO  handler.ContextHandler (ContextHandler.java:doStop(910)) - Stopped o.e.j.s.ServletContextHandler@544e8149{/logs,file:///workdir/hadoop-ozone/integration-test/target/log,UNAVAILABLE}
2019-10-15 17:18:40,682 [Datanode State Machine Thread - 0] INFO  statemachine.DatanodeStateMachine (DatanodeStateMachine.java:lambda$startDaemon$0(350)) - Ozone container server started.
2019-10-15 17:18:40,683 [Datanode State Machine Thread - 0] INFO  statemachine.DatanodeStateMachine (DatanodeStateMachine.java:lambda$startDaemon$0(350)) - Ozone container server started.
2019-10-15 17:18:44,933 [Thread-2998] INFO  impl.FollowerState (FollowerState.java:run(108)) - dbc121b5-e1e8-4c61-9d50-542b699a3d90@group-B673650064C9-FollowerState: change to CANDIDATE, lastRpcTime:5094ms, electionTimeout:5094ms
2019-10-15 17:18:44,934 [Thread-2998] INFO  impl.RoleInfo (RoleInfo.java:shutdownFollowerState(121)) - dbc121b5-e1e8-4c61-9d50-542b699a3d90: shutdown FollowerState
2019-10-15 17:18:44,935 [Thread-2998] INFO  impl.RaftServerImpl (RaftServerImpl.java:setRole(184)) - dbc121b5-e1e8-4c61-9d50-542b699a3d90@group-B673650064C9: changes role from  FOLLOWER to CANDIDATE at term 459 for changeToCandidate
2019-10-15 17:18:44,935 [Thread-2998] INFO  impl.RoleInfo (RoleInfo.java:updateAndGet(143)) - dbc121b5-e1e8-4c61-9d50-542b699a3d90: start LeaderElection
2019-10-15 17:18:44,951 [dbc121b5-e1e8-4c61-9d50-542b699a3d90@group-B673650064C9-LeaderElection398] INFO  impl.LeaderElection (LeaderElection.java:askForVotes(178)) - dbc121b5-e1e8-4c61-9d50-542b699a3d90@group-B673650064C9-LeaderElection398: begin an election at term 460 for 0: [ebd8d1f9-8297-450f-abe7-393807ba0c7e:192.168.164.239:36510, dbc121b5-e1e8-4c61-9d50-542b699a3d90:192.168.164.239:43140, 79abbc2e-0a90-4a41-a17c-6388bb873359:192.168.164.239:37857], old=null
2019-10-15 17:18:44,963 [grpc-default-executor-0] INFO  impl.RaftServerImpl (RaftServerImpl.java:setRole(184)) - ebd8d1f9-8297-450f-abe7-393807ba0c7e@group-B673650064C9: changes role from  FOLLOWER to FOLLOWER at term 460 for recognizeCandidate:dbc121b5-e1e8-4c61-9d50-542b699a3d90
2019-10-15 17:18:44,963 [grpc-default-executor-0] INFO  impl.RoleInfo (RoleInfo.java:shutdownFollowerState(121)) - ebd8d1f9-8297-450f-abe7-393807ba0c7e: shutdown FollowerState
2019-10-15 17:18:44,964 [grpc-default-executor-0] INFO  impl.RoleInfo (RoleInfo.java:updateAndGet(143)) - ebd8d1f9-8297-450f-abe7-393807ba0c7e: start FollowerState
2019-10-15 17:18:44,964 [Thread-2999] INFO  impl.FollowerState (FollowerState.java:run(117)) - ebd8d1f9-8297-450f-abe7-393807ba0c7e@group-B673650064C9-FollowerState was interrupted: java.lang.InterruptedException: sleep interrupted
2019-10-15 17:18:44,970 [dbc121b5-e1e8-4c61-9d50-542b699a3d90@group-B673650064C9-LeaderElection398] INFO  impl.LeaderElection (LogUtils.java:infoOrTrace(149)) - dbc121b5-e1e8-4c61-9d50-542b699a3d90@group-B673650064C9-LeaderElection398 got exception when requesting votes: {}
java.util.concurrent.ExecutionException: org.apache.ratis.thirdparty.io.grpc.StatusRuntimeException: UNAVAILABLE: io exception
	at java.util.concurrent.FutureTask.report(FutureTask.java:122)
	at java.util.concurrent.FutureTask.get(FutureTask.java:192)
	at org.apache.ratis.server.impl.LeaderElection.waitForResults(LeaderElection.java:259)
	at org.apache.ratis.server.impl.LeaderElection.askForVotes(LeaderElection.java:197)
	at org.apache.ratis.server.impl.LeaderElection.run(LeaderElection.java:133)
	at java.lang.Thread.run(Thread.java:748)
Caused by: org.apache.ratis.thirdparty.io.grpc.StatusRuntimeException: UNAVAILABLE: io exception
	at org.apache.ratis.thirdparty.io.grpc.stub.ClientCalls.toStatusRuntimeException(ClientCalls.java:233)
	at org.apache.ratis.thirdparty.io.grpc.stub.ClientCalls.getUnchecked(ClientCalls.java:214)
	at org.apache.ratis.thirdparty.io.grpc.stub.ClientCalls.blockingUnaryCall(ClientCalls.java:139)
	at org.apache.ratis.proto.grpc.RaftServerProtocolServiceGrpc$RaftServerProtocolServiceBlockingStub.requestVote(RaftServerProtocolServiceGrpc.java:265)
	at org.apache.ratis.grpc.server.GrpcServerProtocolClient.requestVote(GrpcServerProtocolClient.java:99)
	at org.apache.ratis.grpc.server.GrpcService.requestVote(GrpcService.java:204)
	at org.apache.ratis.server.impl.LeaderElection.lambda$submitRequests$1(LeaderElection.java:234)
	at java.util.concurrent.FutureTask.run(FutureTask.java:266)
	at java.util.concurrent.Executors$RunnableAdapter.call(Executors.java:511)
	at java.util.concurrent.FutureTask.run(FutureTask.java:266)
	at java.util.concurrent.ThreadPoolExecutor.runWorker(ThreadPoolExecutor.java:1149)
	at java.util.concurrent.ThreadPoolExecutor$Worker.run(ThreadPoolExecutor.java:624)
	... 1 more
Caused by: org.apache.ratis.thirdparty.io.netty.channel.AbstractChannel$AnnotatedConnectException: Connection refused: /192.168.164.239:37857
	at sun.nio.ch.SocketChannelImpl.checkConnect(Native Method)
	at sun.nio.ch.SocketChannelImpl.finishConnect(SocketChannelImpl.java:717)
	at org.apache.ratis.thirdparty.io.netty.channel.socket.nio.NioSocketChannel.doFinishConnect(NioSocketChannel.java:327)
	at org.apache.ratis.thirdparty.io.netty.channel.nio.AbstractNioChannel$AbstractNioUnsafe.finishConnect(AbstractNioChannel.java:340)
	at org.apache.ratis.thirdparty.io.netty.channel.nio.NioEventLoop.processSelectedKey(NioEventLoop.java:632)
	at org.apache.ratis.thirdparty.io.netty.channel.nio.NioEventLoop.processSelectedKeysOptimized(NioEventLoop.java:579)
	at org.apache.ratis.thirdparty.io.netty.channel.nio.NioEventLoop.processSelectedKeys(NioEventLoop.java:496)
	at org.apache.ratis.thirdparty.io.netty.channel.nio.NioEventLoop.run(NioEventLoop.java:458)
	at org.apache.ratis.thirdparty.io.netty.util.concurrent.SingleThreadEventExecutor$5.run(SingleThreadEventExecutor.java:897)
	at org.apache.ratis.thirdparty.io.netty.util.concurrent.FastThreadLocalRunnable.run(FastThreadLocalRunnable.java:30)
	... 1 more
Caused by: java.net.ConnectException: Connection refused
	... 11 more
2019-10-15 17:18:44,975 [dbc121b5-e1e8-4c61-9d50-542b699a3d90@group-B673650064C9-LeaderElection398] INFO  impl.LeaderElection (LeaderElection.java:logAndReturn(56)) - dbc121b5-e1e8-4c61-9d50-542b699a3d90@group-B673650064C9-LeaderElection398: Election PASSED; received 1 response(s) [dbc121b5-e1e8-4c61-9d50-542b699a3d90<-ebd8d1f9-8297-450f-abe7-393807ba0c7e#0:OK-t460] and 1 exception(s); dbc121b5-e1e8-4c61-9d50-542b699a3d90@group-B673650064C9:t460, leader=null, voted=dbc121b5-e1e8-4c61-9d50-542b699a3d90, raftlog=dbc121b5-e1e8-4c61-9d50-542b699a3d90@group-B673650064C9-SegmentedRaftLog:OPENED:c-1,f0,i0, conf=0: [ebd8d1f9-8297-450f-abe7-393807ba0c7e:192.168.164.239:36510, dbc121b5-e1e8-4c61-9d50-542b699a3d90:192.168.164.239:43140, 79abbc2e-0a90-4a41-a17c-6388bb873359:192.168.164.239:37857], old=null
2019-10-15 17:18:44,976 [dbc121b5-e1e8-4c61-9d50-542b699a3d90@group-B673650064C9-LeaderElection398] INFO  impl.LeaderElection (LogUtils.java:infoOrTrace(149)) -   Exception 0: {}
java.util.concurrent.ExecutionException: org.apache.ratis.thirdparty.io.grpc.StatusRuntimeException: UNAVAILABLE: io exception
	at java.util.concurrent.FutureTask.report(FutureTask.java:122)
	at java.util.concurrent.FutureTask.get(FutureTask.java:192)
	at org.apache.ratis.server.impl.LeaderElection.waitForResults(LeaderElection.java:259)
	at org.apache.ratis.server.impl.LeaderElection.askForVotes(LeaderElection.java:197)
	at org.apache.ratis.server.impl.LeaderElection.run(LeaderElection.java:133)
	at java.lang.Thread.run(Thread.java:748)
Caused by: org.apache.ratis.thirdparty.io.grpc.StatusRuntimeException: UNAVAILABLE: io exception
	at org.apache.ratis.thirdparty.io.grpc.stub.ClientCalls.toStatusRuntimeException(ClientCalls.java:233)
	at org.apache.ratis.thirdparty.io.grpc.stub.ClientCalls.getUnchecked(ClientCalls.java:214)
	at org.apache.ratis.thirdparty.io.grpc.stub.ClientCalls.blockingUnaryCall(ClientCalls.java:139)
	at org.apache.ratis.proto.grpc.RaftServerProtocolServiceGrpc$RaftServerProtocolServiceBlockingStub.requestVote(RaftServerProtocolServiceGrpc.java:265)
	at org.apache.ratis.grpc.server.GrpcServerProtocolClient.requestVote(GrpcServerProtocolClient.java:99)
	at org.apache.ratis.grpc.server.GrpcService.requestVote(GrpcService.java:204)
	at org.apache.ratis.server.impl.LeaderElection.lambda$submitRequests$1(LeaderElection.java:234)
	at java.util.concurrent.FutureTask.run(FutureTask.java:266)
	at java.util.concurrent.Executors$RunnableAdapter.call(Executors.java:511)
	at java.util.concurrent.FutureTask.run(FutureTask.java:266)
	at java.util.concurrent.ThreadPoolExecutor.runWorker(ThreadPoolExecutor.java:1149)
	at java.util.concurrent.ThreadPoolExecutor$Worker.run(ThreadPoolExecutor.java:624)
	... 1 more
Caused by: org.apache.ratis.thirdparty.io.netty.channel.AbstractChannel$AnnotatedConnectException: Connection refused: /192.168.164.239:37857
	at sun.nio.ch.SocketChannelImpl.checkConnect(Native Method)
	at sun.nio.ch.SocketChannelImpl.finishConnect(SocketChannelImpl.java:717)
	at org.apache.ratis.thirdparty.io.netty.channel.socket.nio.NioSocketChannel.doFinishConnect(NioSocketChannel.java:327)
	at org.apache.ratis.thirdparty.io.netty.channel.nio.AbstractNioChannel$AbstractNioUnsafe.finishConnect(AbstractNioChannel.java:340)
	at org.apache.ratis.thirdparty.io.netty.channel.nio.NioEventLoop.processSelectedKey(NioEventLoop.java:632)
	at org.apache.ratis.thirdparty.io.netty.channel.nio.NioEventLoop.processSelectedKeysOptimized(NioEventLoop.java:579)
	at org.apache.ratis.thirdparty.io.netty.channel.nio.NioEventLoop.processSelectedKeys(NioEventLoop.java:496)
	at org.apache.ratis.thirdparty.io.netty.channel.nio.NioEventLoop.run(NioEventLoop.java:458)
	at org.apache.ratis.thirdparty.io.netty.util.concurrent.SingleThreadEventExecutor$5.run(SingleThreadEventExecutor.java:897)
	at org.apache.ratis.thirdparty.io.netty.util.concurrent.FastThreadLocalRunnable.run(FastThreadLocalRunnable.java:30)
	... 1 more
Caused by: java.net.ConnectException: Connection refused
	... 11 more
2019-10-15 17:18:44,977 [dbc121b5-e1e8-4c61-9d50-542b699a3d90@group-B673650064C9-LeaderElection398] INFO  impl.RoleInfo (RoleInfo.java:shutdownLeaderElection(134)) - dbc121b5-e1e8-4c61-9d50-542b699a3d90: shutdown LeaderElection
2019-10-15 17:18:44,977 [dbc121b5-e1e8-4c61-9d50-542b699a3d90@group-B673650064C9-LeaderElection398] INFO  impl.RaftServerImpl (RaftServerImpl.java:setRole(184)) - dbc121b5-e1e8-4c61-9d50-542b699a3d90@group-B673650064C9: changes role from CANDIDATE to LEADER at term 460 for changeToLeader
2019-10-15 17:18:44,977 [dbc121b5-e1e8-4c61-9d50-542b699a3d90@group-B673650064C9-LeaderElection398] INFO  impl.RaftServerImpl (ServerState.java:setLeader(256)) - dbc121b5-e1e8-4c61-9d50-542b699a3d90@group-B673650064C9: change Leader from null to dbc121b5-e1e8-4c61-9d50-542b699a3d90 at term 460 for becomeLeader, leader elected after 70939ms
2019-10-15 17:18:44,977 [dbc121b5-e1e8-4c61-9d50-542b699a3d90@group-B673650064C9-LeaderElection398] INFO  server.RaftServerConfigKeys (ConfUtils.java:logGet(43)) - raft.server.staging.catchup.gap = 1000 (default)
2019-10-15 17:18:44,978 [dbc121b5-e1e8-4c61-9d50-542b699a3d90@group-B673650064C9-LeaderElection398] INFO  server.RaftServerConfigKeys (ConfUtils.java:logGet(43)) - raft.server.rpc.sleep.time = 25ms (default)
2019-10-15 17:18:44,978 [dbc121b5-e1e8-4c61-9d50-542b699a3d90@group-B673650064C9-LeaderElection398] INFO  server.RaftServerConfigKeys (ConfUtils.java:logGet(43)) - raft.server.write.element-limit = 4096 (default)
2019-10-15 17:18:44,978 [dbc121b5-e1e8-4c61-9d50-542b699a3d90@group-B673650064C9-LeaderElection398] INFO  server.RaftServerConfigKeys (ConfUtils.java:logGet(43)) - raft.server.watch.timeout = 10s (default)
2019-10-15 17:18:44,978 [dbc121b5-e1e8-4c61-9d50-542b699a3d90@group-B673650064C9-LeaderElection398] INFO  server.RaftServerConfigKeys (ConfUtils.java:logGet(43)) - raft.server.watch.timeout.denomination = 1s (default)
2019-10-15 17:18:44,978 [dbc121b5-e1e8-4c61-9d50-542b699a3d90@group-B673650064C9-LeaderElection398] INFO  server.RaftServerConfigKeys (ConfUtils.java:logGet(43)) - raft.server.watch.element-limit = 65536 (default)
2019-10-15 17:18:44,979 [dbc121b5-e1e8-4c61-9d50-542b699a3d90@group-B673650064C9-LeaderElection398] INFO  server.RaftServerConfigKeys (ConfUtils.java:logGet(43)) - raft.server.log.appender.snapshot.chunk.size.max = 16MB (=16777216) (default)
2019-10-15 17:18:44,979 [dbc121b5-e1e8-4c61-9d50-542b699a3d90@group-B673650064C9-LeaderElection398] INFO  server.RaftServerConfigKeys (ConfUtils.java:logGet(43)) - raft.server.log.appender.buffer.byte-limit = 33554432 (custom)
2019-10-15 17:18:44,980 [dbc121b5-e1e8-4c61-9d50-542b699a3d90@group-B673650064C9-LeaderElection398] INFO  server.RaftServerConfigKeys (ConfUtils.java:logGet(43)) - raft.server.log.appender.buffer.element-limit = 1 (custom)
2019-10-15 17:18:44,980 [dbc121b5-e1e8-4c61-9d50-542b699a3d90@group-B673650064C9-LeaderElection398] INFO  grpc.GrpcConfigKeys$Server (ConfUtils.java:logGet(43)) - raft.grpc.server.leader.outstanding.appends.max = 128 (default)
2019-10-15 17:18:44,980 [dbc121b5-e1e8-4c61-9d50-542b699a3d90@group-B673650064C9-LeaderElection398] INFO  server.RaftServerConfigKeys (ConfUtils.java:logGet(43)) - raft.server.rpc.request.timeout = 3000ms (default)
2019-10-15 17:18:44,980 [dbc121b5-e1e8-4c61-9d50-542b699a3d90@group-B673650064C9-LeaderElection398] INFO  server.RaftServerConfigKeys (ConfUtils.java:logGet(43)) - raft.server.log.appender.install.snapshot.enabled = false (custom)
2019-10-15 17:18:44,986 [dbc121b5-e1e8-4c61-9d50-542b699a3d90@group-B673650064C9-LeaderElection398] INFO  server.RaftServerConfigKeys (ConfUtils.java:logGet(43)) - raft.server.log.appender.snapshot.chunk.size.max = 16MB (=16777216) (default)
2019-10-15 17:18:44,986 [dbc121b5-e1e8-4c61-9d50-542b699a3d90@group-B673650064C9-LeaderElection398] INFO  server.RaftServerConfigKeys (ConfUtils.java:logGet(43)) - raft.server.log.appender.buffer.byte-limit = 33554432 (custom)
2019-10-15 17:18:44,986 [dbc121b5-e1e8-4c61-9d50-542b699a3d90@group-B673650064C9-LeaderElection398] INFO  server.RaftServerConfigKeys (ConfUtils.java:logGet(43)) - raft.server.log.appender.buffer.element-limit = 1 (custom)
2019-10-15 17:18:44,986 [dbc121b5-e1e8-4c61-9d50-542b699a3d90@group-B673650064C9-LeaderElection398] INFO  grpc.GrpcConfigKeys$Server (ConfUtils.java:logGet(43)) - raft.grpc.server.leader.outstanding.appends.max = 128 (default)
2019-10-15 17:18:44,986 [dbc121b5-e1e8-4c61-9d50-542b699a3d90@group-B673650064C9-LeaderElection398] INFO  server.RaftServerConfigKeys (ConfUtils.java:logGet(43)) - raft.server.rpc.request.timeout = 3000ms (default)
2019-10-15 17:18:44,987 [dbc121b5-e1e8-4c61-9d50-542b699a3d90@group-B673650064C9-LeaderElection398] INFO  server.RaftServerConfigKeys (ConfUtils.java:logGet(43)) - raft.server.log.appender.install.snapshot.enabled = false (custom)
2019-10-15 17:18:44,990 [dbc121b5-e1e8-4c61-9d50-542b699a3d90@group-B673650064C9-LeaderElection398] INFO  impl.RoleInfo (RoleInfo.java:updateAndGet(143)) - dbc121b5-e1e8-4c61-9d50-542b699a3d90: start LeaderState
2019-10-15 17:18:44,990 [dbc121b5-e1e8-4c61-9d50-542b699a3d90@group-B673650064C9-LeaderElection398] INFO  segmented.SegmentedRaftLogWorker (SegmentedRaftLogWorker.java:rollLogSegment(390)) - dbc121b5-e1e8-4c61-9d50-542b699a3d90@group-B673650064C9-SegmentedRaftLogWorker: Rolling segment log-0_0 to index:0
2019-10-15 17:18:44,994 [dbc121b5-e1e8-4c61-9d50-542b699a3d90@group-B673650064C9-LeaderElection398] INFO  impl.RaftServerImpl (ServerState.java:setRaftConf(357)) - dbc121b5-e1e8-4c61-9d50-542b699a3d90@group-B673650064C9: set configuration 1: [ebd8d1f9-8297-450f-abe7-393807ba0c7e:192.168.164.239:36510, dbc121b5-e1e8-4c61-9d50-542b699a3d90:192.168.164.239:43140, 79abbc2e-0a90-4a41-a17c-6388bb873359:192.168.164.239:37857], old=null at 1
2019-10-15 17:18:44,995 [dbc121b5-e1e8-4c61-9d50-542b699a3d90@group-B673650064C9-SegmentedRaftLogWorker] INFO  segmented.SegmentedRaftLogWorker (SegmentedRaftLogWorker.java:execute(533)) - dbc121b5-e1e8-4c61-9d50-542b699a3d90@group-B673650064C9-SegmentedRaftLogWorker: Rolled log segment from /workdir/hadoop-ozone/integration-test/target/test-dir/MiniOzoneClusterImpl-4fa34157-8494-46a2-a506-7f2258cc6eab/datanode-3/data/ratis/ad9e22f8-2576-4b9b-abb4-b673650064c9/current/log_inprogress_0 to /workdir/hadoop-ozone/integration-test/target/test-dir/MiniOzoneClusterImpl-4fa34157-8494-46a2-a506-7f2258cc6eab/datanode-3/data/ratis/ad9e22f8-2576-4b9b-abb4-b673650064c9/current/log_0-0
2019-10-15 17:18:44,996 [grpc-default-executor-1] INFO  impl.RaftServerImpl (ServerState.java:setLeader(256)) - ebd8d1f9-8297-450f-abe7-393807ba0c7e@group-B673650064C9: change Leader from null to dbc121b5-e1e8-4c61-9d50-542b699a3d90 at term 460 for appendEntries, leader elected after 71071ms
2019-10-15 17:18:44,996 [grpc-default-executor-0] WARN  server.GrpcLogAppender (LogUtils.java:warn(134)) - dbc121b5-e1e8-4c61-9d50-542b699a3d90@group-B673650064C9->79abbc2e-0a90-4a41-a17c-6388bb873359-AppendLogResponseHandler: Failed appendEntries: org.apache.ratis.thirdparty.io.grpc.StatusRuntimeException: UNAVAILABLE: io exception
2019-10-15 17:18:44,998 [grpc-default-executor-1] INFO  impl.RaftServerImpl (RaftServerImpl.java:checkInconsistentAppendEntries(1023)) - ebd8d1f9-8297-450f-abe7-393807ba0c7e@group-B673650064C9: Failed appendEntries as previous log entry ((t:2, i:0)) is not found
2019-10-15 17:18:45,029 [grpc-default-executor-1] INFO  impl.RaftServerImpl (RaftServerImpl.java:checkInconsistentAppendEntries(996)) - ebd8d1f9-8297-450f-abe7-393807ba0c7e@group-B673650064C9: inconsistency entries. Reply:dbc121b5-e1e8-4c61-9d50-542b699a3d90<-ebd8d1f9-8297-450f-abe7-393807ba0c7e#0:FAIL,INCONSISTENCY,nextIndex:0,term:460,followerCommit:-1
2019-10-15 17:18:45,030 [main] INFO  ozoneimpl.OzoneContainer (OzoneContainer.java:stop(227)) - Attempting to stop container services.
2019-10-15 17:18:45,030 [ForkJoinPool.commonPool-worker-0] INFO  ozoneimpl.OzoneContainer (OzoneContainer.java:stop(227)) - Attempting to stop container services.
2019-10-15 17:18:45,031 [main] INFO  impl.RaftServerProxy (RaftServerProxy.java:lambda$close$4(314)) - dbc121b5-e1e8-4c61-9d50-542b699a3d90: close
2019-10-15 17:18:45,031 [ForkJoinPool.commonPool-worker-0] INFO  impl.RaftServerProxy (RaftServerProxy.java:lambda$close$4(314)) - ebd8d1f9-8297-450f-abe7-393807ba0c7e: close
2019-10-15 17:18:45,032 [main] INFO  impl.RaftServerImpl (RaftServerImpl.java:lambda$shutdown$3(261)) - dbc121b5-e1e8-4c61-9d50-542b699a3d90@group-6495590E20EC: shutdown
2019-10-15 17:18:45,032 [grpc-default-executor-3] INFO  impl.FollowerInfo (FollowerInfo.java:lambda$new$0(51)) - dbc121b5-e1e8-4c61-9d50-542b699a3d90@group-B673650064C9->ebd8d1f9-8297-450f-abe7-393807ba0c7e: nextIndex: updateUnconditionally 1 -> 0
2019-10-15 17:18:45,033 [main] INFO  util.JmxRegister (JmxRegister.java:unregister(73)) - Successfully un-registered JMX Bean with object name Ratis:service=RaftServer,group=group-6495590E20EC,id=dbc121b5-e1e8-4c61-9d50-542b699a3d90
2019-10-15 17:18:45,032 [ForkJoinPool.commonPool-worker-0] INFO  impl.RaftServerImpl (RaftServerImpl.java:lambda$shutdown$3(261)) - ebd8d1f9-8297-450f-abe7-393807ba0c7e@group-B673650064C9: shutdown
2019-10-15 17:18:45,033 [main] INFO  impl.RoleInfo (RoleInfo.java:shutdownLeaderState(104)) - dbc121b5-e1e8-4c61-9d50-542b699a3d90: shutdown LeaderState
2019-10-15 17:18:45,034 [ForkJoinPool.commonPool-worker-0] INFO  util.JmxRegister (JmxRegister.java:unregister(73)) - Successfully un-registered JMX Bean with object name Ratis:service=RaftServer,group=group-B673650064C9,id=ebd8d1f9-8297-450f-abe7-393807ba0c7e
2019-10-15 17:18:45,034 [main] INFO  impl.PendingRequests (PendingRequests.java:sendNotLeaderResponses(202)) - dbc121b5-e1e8-4c61-9d50-542b699a3d90@group-6495590E20EC-PendingRequests: sendNotLeaderResponses
2019-10-15 17:18:45,035 [ForkJoinPool.commonPool-worker-0] INFO  impl.RoleInfo (RoleInfo.java:shutdownFollowerState(121)) - ebd8d1f9-8297-450f-abe7-393807ba0c7e: shutdown FollowerState
2019-10-15 17:18:45,035 [main] INFO  impl.StateMachineUpdater (StateMachineUpdater.java:stopAndJoin(136)) - dbc121b5-e1e8-4c61-9d50-542b699a3d90@group-6495590E20EC-StateMachineUpdater: set stopIndex = 0
2019-10-15 17:18:45,035 [ForkJoinPool.commonPool-worker-0] INFO  impl.StateMachineUpdater (StateMachineUpdater.java:stopAndJoin(136)) - ebd8d1f9-8297-450f-abe7-393807ba0c7e@group-B673650064C9-StateMachineUpdater: set stopIndex = -1
2019-10-15 17:18:45,036 [ForkJoinPool.commonPool-worker-0] INFO  impl.RaftServerImpl (ServerState.java:close(388)) - ebd8d1f9-8297-450f-abe7-393807ba0c7e@group-B673650064C9: closes. applyIndex: -1
2019-10-15 17:18:45,036 [Thread-3014] INFO  impl.FollowerState (FollowerState.java:run(117)) - ebd8d1f9-8297-450f-abe7-393807ba0c7e@group-B673650064C9-FollowerState was interrupted: java.lang.InterruptedException: sleep interrupted
2019-10-15 17:18:45,037 [ebd8d1f9-8297-450f-abe7-393807ba0c7e@group-B673650064C9-SegmentedRaftLogWorker] INFO  segmented.SegmentedRaftLogWorker (SegmentedRaftLogWorker.java:run(316)) - ebd8d1f9-8297-450f-abe7-393807ba0c7e@group-B673650064C9-SegmentedRaftLogWorker was interrupted, exiting. There are 0 tasks remaining in the queue.
2019-10-15 17:18:45,036 [main] INFO  impl.RaftServerImpl (ServerState.java:close(388)) - dbc121b5-e1e8-4c61-9d50-542b699a3d90@group-6495590E20EC: closes. applyIndex: 0
2019-10-15 17:18:45,040 [dbc121b5-e1e8-4c61-9d50-542b699a3d90@group-6495590E20EC-SegmentedRaftLogWorker] INFO  segmented.SegmentedRaftLogWorker (SegmentedRaftLogWorker.java:run(316)) - dbc121b5-e1e8-4c61-9d50-542b699a3d90@group-6495590E20EC-SegmentedRaftLogWorker was interrupted, exiting. There are 0 tasks remaining in the queue.
2019-10-15 17:18:45,042 [main] INFO  segmented.SegmentedRaftLogWorker (SegmentedRaftLogWorker.java:close(224)) - dbc121b5-e1e8-4c61-9d50-542b699a3d90@group-6495590E20EC-SegmentedRaftLogWorker close()
2019-10-15 17:18:45,044 [dbc121b5-e1e8-4c61-9d50-542b699a3d90@group-B673650064C9-SegmentedRaftLogWorker] INFO  segmented.SegmentedRaftLogWorker (SegmentedRaftLogWorker.java:execute(576)) - dbc121b5-e1e8-4c61-9d50-542b699a3d90@group-B673650064C9-SegmentedRaftLogWorker: created new log segment /workdir/hadoop-ozone/integration-test/target/test-dir/MiniOzoneClusterImpl-4fa34157-8494-46a2-a506-7f2258cc6eab/datanode-3/data/ratis/ad9e22f8-2576-4b9b-abb4-b673650064c9/current/log_inprogress_1
2019-10-15 17:18:45,046 [ForkJoinPool.commonPool-worker-0] INFO  segmented.SegmentedRaftLogWorker (SegmentedRaftLogWorker.java:close(224)) - ebd8d1f9-8297-450f-abe7-393807ba0c7e@group-B673650064C9-SegmentedRaftLogWorker close()
2019-10-15 17:18:45,045 [main] INFO  impl.RaftServerImpl (RaftServerImpl.java:lambda$shutdown$3(261)) - dbc121b5-e1e8-4c61-9d50-542b699a3d90@group-B673650064C9: shutdown
2019-10-15 17:18:45,049 [ForkJoinPool.commonPool-worker-0] INFO  impl.RaftServerImpl (RaftServerImpl.java:lambda$shutdown$3(261)) - ebd8d1f9-8297-450f-abe7-393807ba0c7e@group-AB9BD0214365: shutdown
2019-10-15 17:18:45,050 [main] INFO  util.JmxRegister (JmxRegister.java:unregister(73)) - Successfully un-registered JMX Bean with object name Ratis:service=RaftServer,group=group-B673650064C9,id=dbc121b5-e1e8-4c61-9d50-542b699a3d90
2019-10-15 17:18:45,050 [ForkJoinPool.commonPool-worker-0] INFO  util.JmxRegister (JmxRegister.java:unregister(73)) - Successfully un-registered JMX Bean with object name Ratis:service=RaftServer,group=group-AB9BD0214365,id=ebd8d1f9-8297-450f-abe7-393807ba0c7e
2019-10-15 17:18:45,051 [ForkJoinPool.commonPool-worker-0] INFO  impl.RoleInfo (RoleInfo.java:shutdownLeaderState(104)) - ebd8d1f9-8297-450f-abe7-393807ba0c7e: shutdown LeaderState
2019-10-15 17:18:45,051 [main] INFO  impl.RoleInfo (RoleInfo.java:shutdownLeaderState(104)) - dbc121b5-e1e8-4c61-9d50-542b699a3d90: shutdown LeaderState
2019-10-15 17:18:45,052 [ForkJoinPool.commonPool-worker-0] INFO  impl.PendingRequests (PendingRequests.java:sendNotLeaderResponses(202)) - ebd8d1f9-8297-450f-abe7-393807ba0c7e@group-AB9BD0214365-PendingRequests: sendNotLeaderResponses
2019-10-15 17:18:45,055 [ForkJoinPool.commonPool-worker-0] INFO  impl.StateMachineUpdater (StateMachineUpdater.java:stopAndJoin(136)) - ebd8d1f9-8297-450f-abe7-393807ba0c7e@group-AB9BD0214365-StateMachineUpdater: set stopIndex = 0
2019-10-15 17:18:45,055 [org.apache.ratis.server.impl.LogAppender$AppenderDaemon$$Lambda$394/1561301726@56927d15] WARN  server.GrpcLogAppender (GrpcLogAppender.java:mayWait(149)) - dbc121b5-e1e8-4c61-9d50-542b699a3d90@group-B673650064C9->ebd8d1f9-8297-450f-abe7-393807ba0c7e-GrpcLogAppender: Wait interrupted by java.lang.InterruptedException
2019-10-15 17:18:45,056 [org.apache.ratis.server.impl.LogAppender$AppenderDaemon$$Lambda$394/1561301726@cc8b10] WARN  server.GrpcLogAppender (GrpcLogAppender.java:mayWait(149)) - dbc121b5-e1e8-4c61-9d50-542b699a3d90@group-B673650064C9->79abbc2e-0a90-4a41-a17c-6388bb873359-GrpcLogAppender: Wait interrupted by java.lang.InterruptedException
2019-10-15 17:18:45,056 [main] INFO  impl.PendingRequests (PendingRequests.java:sendNotLeaderResponses(202)) - dbc121b5-e1e8-4c61-9d50-542b699a3d90@group-B673650064C9-PendingRequests: sendNotLeaderResponses
2019-10-15 17:18:45,056 [ForkJoinPool.commonPool-worker-0] INFO  impl.RaftServerImpl (ServerState.java:close(388)) - ebd8d1f9-8297-450f-abe7-393807ba0c7e@group-AB9BD0214365: closes. applyIndex: 0
2019-10-15 17:18:45,057 [main] INFO  impl.StateMachineUpdater (StateMachineUpdater.java:stopAndJoin(136)) - dbc121b5-e1e8-4c61-9d50-542b699a3d90@group-B673650064C9-StateMachineUpdater: set stopIndex = -1
2019-10-15 17:18:45,058 [ebd8d1f9-8297-450f-abe7-393807ba0c7e@group-AB9BD0214365-SegmentedRaftLogWorker] INFO  segmented.SegmentedRaftLogWorker (SegmentedRaftLogWorker.java:run(316)) - ebd8d1f9-8297-450f-abe7-393807ba0c7e@group-AB9BD0214365-SegmentedRaftLogWorker was interrupted, exiting. There are 0 tasks remaining in the queue.
2019-10-15 17:18:45,058 [main] INFO  impl.RaftServerImpl (ServerState.java:close(388)) - dbc121b5-e1e8-4c61-9d50-542b699a3d90@group-B673650064C9: closes. applyIndex: -1
2019-10-15 17:18:45,059 [ForkJoinPool.commonPool-worker-0] INFO  segmented.SegmentedRaftLogWorker (SegmentedRaftLogWorker.java:close(224)) - ebd8d1f9-8297-450f-abe7-393807ba0c7e@group-AB9BD0214365-SegmentedRaftLogWorker close()
2019-10-15 17:18:45,059 [grpc-default-executor-0] INFO  server.GrpcServerProtocolService (GrpcServerProtocolService.java:onCompleted(113)) - ebd8d1f9-8297-450f-abe7-393807ba0c7e: Completed APPEND_ENTRIES, lastRequest: dbc121b5-e1e8-4c61-9d50-542b699a3d90->ebd8d1f9-8297-450f-abe7-393807ba0c7e#1-t460, previous=(t:0, i:0), leaderCommit=-1, initializing? false, entries: size=1, first=(t:2, i:0), CONFIGURATIONENTRY
2019-10-15 17:18:45,061 [ForkJoinPool.commonPool-worker-0] INFO  server.GrpcService (GrpcService.java:closeImpl(164)) - ebd8d1f9-8297-450f-abe7-393807ba0c7e: shutdown server with port 36510 now
2019-10-15 17:18:45,059 [dbc121b5-e1e8-4c61-9d50-542b699a3d90@group-B673650064C9-SegmentedRaftLogWorker] INFO  segmented.SegmentedRaftLogWorker (SegmentedRaftLogWorker.java:run(316)) - dbc121b5-e1e8-4c61-9d50-542b699a3d90@group-B673650064C9-SegmentedRaftLogWorker was interrupted, exiting. There are 0 tasks remaining in the queue.
2019-10-15 17:18:45,061 [grpc-default-executor-0] INFO  server.GrpcLogAppender (GrpcLogAppender.java:onCompleted(308)) - dbc121b5-e1e8-4c61-9d50-542b699a3d90@group-B673650064C9->ebd8d1f9-8297-450f-abe7-393807ba0c7e-AppendLogResponseHandler: follower responses appendEntries COMPLETED
2019-10-15 17:18:45,062 [main] INFO  segmented.SegmentedRaftLogWorker (SegmentedRaftLogWorker.java:close(224)) - dbc121b5-e1e8-4c61-9d50-542b699a3d90@group-B673650064C9-SegmentedRaftLogWorker close()
2019-10-15 17:18:45,064 [main] INFO  server.GrpcService (GrpcService.java:closeImpl(164)) - dbc121b5-e1e8-4c61-9d50-542b699a3d90: shutdown server with port 43140 now
2019-10-15 17:18:45,064 [grpc-default-executor-0] INFO  impl.FollowerInfo (FollowerInfo.java:lambda$new$0(51)) - dbc121b5-e1e8-4c61-9d50-542b699a3d90@group-B673650064C9->ebd8d1f9-8297-450f-abe7-393807ba0c7e: nextIndex: updateUnconditionally 2 -> 1
2019-10-15 17:18:45,064 [main] INFO  server.GrpcService (GrpcService.java:closeImpl(172)) - dbc121b5-e1e8-4c61-9d50-542b699a3d90: shutdown server with port 43140 successfully
2019-10-15 17:18:45,065 [ForkJoinPool.commonPool-worker-0] INFO  server.GrpcService (GrpcService.java:closeImpl(172)) - ebd8d1f9-8297-450f-abe7-393807ba0c7e: shutdown server with port 36510 successfully
2019-10-15 17:18:45,067 [refreshUsed-/workdir/hadoop-ozone/integration-test/target/test-dir/MiniOzoneClusterImpl-4fa34157-8494-46a2-a506-7f2258cc6eab/datanode-0/data/containers] WARN  fs.CachingGetSpaceUsed (CachingGetSpaceUsed.java:run(183)) - Thread Interrupted waiting to refresh disk information: sleep interrupted
2019-10-15 17:18:45,070 [refreshUsed-/workdir/hadoop-ozone/integration-test/target/test-dir/MiniOzoneClusterImpl-4fa34157-8494-46a2-a506-7f2258cc6eab/datanode-3/data/containers] WARN  fs.CachingGetSpaceUsed (CachingGetSpaceUsed.java:run(183)) - Thread Interrupted waiting to refresh disk information: sleep interrupted
2019-10-15 17:18:45,090 [ForkJoinPool.commonPool-worker-0] INFO  utils.BackgroundService (BackgroundService.java:shutdown(151)) - Shutting down service BlockDeletingService
2019-10-15 17:18:45,092 [ForkJoinPool.commonPool-worker-0] INFO  statemachine.DatanodeStateMachine (DatanodeStateMachine.java:stopDaemon(395)) - Ozone container server stopped.
2019-10-15 17:18:45,095 [main] INFO  utils.BackgroundService (BackgroundService.java:shutdown(151)) - Shutting down service BlockDeletingService
2019-10-15 17:18:45,095 [ForkJoinPool.commonPool-worker-0] INFO  handler.ContextHandler (ContextHandler.java:doStop(910)) - Stopped o.e.j.w.WebAppContext@59696551{/,null,UNAVAILABLE}{/hddsDatanode}
2019-10-15 17:18:45,098 [main] INFO  statemachine.DatanodeStateMachine (DatanodeStateMachine.java:stopDaemon(395)) - Ozone container server stopped.
2019-10-15 17:18:45,098 [ForkJoinPool.commonPool-worker-0] INFO  server.AbstractConnector (AbstractConnector.java:doStop(318)) - Stopped ServerConnector@648d0e6d{HTTP/1.1,[http/1.1]}{0.0.0.0:0}
2019-10-15 17:18:45,099 [ForkJoinPool.commonPool-worker-0] INFO  handler.ContextHandler (ContextHandler.java:doStop(910)) - Stopped o.e.j.s.ServletContextHandler@79a04e5f{/static,jar:file:/home/user/.m2/repository/org/apache/hadoop/hadoop-hdds-container-service/0.5.0-SNAPSHOT/hadoop-hdds-container-service-0.5.0-SNAPSHOT.jar!/webapps/static,UNAVAILABLE}
2019-10-15 17:18:45,100 [ForkJoinPool.commonPool-worker-0] INFO  handler.ContextHandler (ContextHandler.java:doStop(910)) - Stopped o.e.j.s.ServletContextHandler@1ab5f08a{/logs,file:///workdir/hadoop-ozone/integration-test/target/log,UNAVAILABLE}
2019-10-15 17:18:45,100 [main] INFO  handler.ContextHandler (ContextHandler.java:doStop(910)) - Stopped o.e.j.w.WebAppContext@1e0a864d{/,null,UNAVAILABLE}{/hddsDatanode}
2019-10-15 17:18:45,101 [main] INFO  server.AbstractConnector (AbstractConnector.java:doStop(318)) - Stopped ServerConnector@440e3ce6{HTTP/1.1,[http/1.1]}{0.0.0.0:0}
2019-10-15 17:18:45,102 [main] INFO  handler.ContextHandler (ContextHandler.java:doStop(910)) - Stopped o.e.j.s.ServletContextHandler@5d8ab698{/static,jar:file:/home/user/.m2/repository/org/apache/hadoop/hadoop-hdds-container-service/0.5.0-SNAPSHOT/hadoop-hdds-container-service-0.5.0-SNAPSHOT.jar!/webapps/static,UNAVAILABLE}
2019-10-15 17:18:45,102 [main] INFO  handler.ContextHandler (ContextHandler.java:doStop(910)) - Stopped o.e.j.s.ServletContextHandler@f88bfbe{/logs,file:///workdir/hadoop-ozone/integration-test/target/log,UNAVAILABLE}
2019-10-15 17:18:45,103 [main] INFO  ozone.MiniOzoneClusterImpl (MiniOzoneClusterImpl.java:stopSCM(392)) - Stopping the StorageContainerManager
2019-10-15 17:18:45,103 [main] INFO  server.StorageContainerManager (StorageContainerManager.java:stop(810)) - Stopping Replication Manager Service.
2019-10-15 17:18:45,103 [main] INFO  container.ReplicationManager (ReplicationManager.java:stop(203)) - Stopping Replication Monitor Thread.
2019-10-15 17:18:45,103 [main] INFO  server.StorageContainerManager (StorageContainerManager.java:stop(817)) - Stopping Lease Manager of the command watchers
2019-10-15 17:18:45,104 [main] INFO  server.StorageContainerManager (StorageContainerManager.java:stop(824)) - Stopping datanode service RPC server
2019-10-15 17:18:45,104 [main] INFO  server.SCMDatanodeProtocolServer (SCMDatanodeProtocolServer.java:stop(346)) - Stopping the RPC server for DataNodes
2019-10-15 17:18:45,104 [main] INFO  ipc.Server (Server.java:stop(3082)) - Stopping server on 44409
2019-10-15 17:18:45,105 [IPC Server listener on 44409] INFO  ipc.Server (Server.java:run(1185)) - Stopping IPC Server listener on 44409
2019-10-15 17:18:45,106 [IPC Server Responder] INFO  ipc.Server (Server.java:run(1319)) - Stopping IPC Server Responder
2019-10-15 17:18:45,129 [SCM Heartbeat Processing Thread - 0] WARN  node.NodeStateManager (NodeStateManager.java:scheduleNextHealthCheck(646)) - Current Thread is interrupted, shutting down HB processing thread for Node Manager.
2019-10-15 17:18:45,129 [main] INFO  server.StorageContainerManager (StorageContainerManager.java:stop(832)) - Stopping block service RPC server
2019-10-15 17:18:45,129 [main] INFO  server.SCMBlockProtocolServer (SCMBlockProtocolServer.java:stop(155)) - Stopping the RPC server for Block Protocol
2019-10-15 17:18:45,129 [main] INFO  ipc.Server (Server.java:stop(3082)) - Stopping server on 41697
2019-10-15 17:18:45,131 [IPC Server listener on 41697] INFO  ipc.Server (Server.java:run(1185)) - Stopping IPC Server listener on 41697
2019-10-15 17:18:45,131 [main] INFO  server.StorageContainerManager (StorageContainerManager.java:stop(839)) - Stopping the StorageContainerLocationProtocol RPC server
2019-10-15 17:18:45,132 [IPC Server Responder] INFO  ipc.Server (Server.java:run(1319)) - Stopping IPC Server Responder
2019-10-15 17:18:45,132 [main] INFO  server.SCMClientProtocolServer (SCMClientProtocolServer.java:stop(168)) - Stopping the RPC server for Client Protocol
2019-10-15 17:18:45,132 [main] INFO  ipc.Server (Server.java:stop(3082)) - Stopping server on 37424
2019-10-15 17:18:45,134 [IPC Server listener on 37424] INFO  ipc.Server (Server.java:run(1185)) - Stopping IPC Server listener on 37424
2019-10-15 17:18:45,134 [main] INFO  server.StorageContainerManager (StorageContainerManager.java:stop(846)) - Stopping Storage Container Manager HTTP server.
2019-10-15 17:18:45,134 [IPC Server Responder] INFO  ipc.Server (Server.java:run(1319)) - Stopping IPC Server Responder
2019-10-15 17:18:45,135 [main] INFO  handler.ContextHandler (ContextHandler.java:doStop(910)) - Stopped o.e.j.w.WebAppContext@7fb9f71f{/,null,UNAVAILABLE}{/scm}
2019-10-15 17:18:45,136 [main] INFO  server.AbstractConnector (AbstractConnector.java:doStop(318)) - Stopped ServerConnector@407cf41{HTTP/1.1,[http/1.1]}{0.0.0.0:0}
2019-10-15 17:18:45,137 [main] INFO  handler.ContextHandler (ContextHandler.java:doStop(910)) - Stopped o.e.j.s.ServletContextHandler@424ebba3{/static,file:///workdir/hadoop-ozone/integration-test/target/test-classes/webapps/static,UNAVAILABLE}
2019-10-15 17:18:45,137 [main] INFO  handler.ContextHandler (ContextHandler.java:doStop(910)) - Stopped o.e.j.s.ServletContextHandler@a43ce46{/logs,file:///workdir/hadoop-ozone/integration-test/target/log,UNAVAILABLE}
2019-10-15 17:18:45,138 [main] INFO  server.StorageContainerManager (StorageContainerManager.java:stop(857)) - Stopping Block Manager Service.
2019-10-15 17:18:45,138 [main] INFO  utils.BackgroundService (BackgroundService.java:shutdown(151)) - Shutting down service SCMBlockDeletingService
2019-10-15 17:18:45,139 [main] INFO  utils.BackgroundService (BackgroundService.java:shutdown(151)) - Shutting down service SCMBlockDeletingService
2019-10-15 17:18:45,139 [main] INFO  server.StorageContainerManager (StorageContainerManager.java:stop(879)) - Stopping SCM Event Queue.
2019-10-15 17:18:45,146 [main] INFO  impl.MetricsSystemImpl (MetricsSystemImpl.java:stop(210)) - Stopping XceiverClientMetrics metrics system...
2019-10-15 17:18:45,154 [prometheus] INFO  impl.MetricsSinkAdapter (MetricsSinkAdapter.java:publishMetricsFromQueue(141)) - prometheus thread interrupted.
2019-10-15 17:18:45,154 [main] INFO  impl.MetricsSystemImpl (MetricsSystemImpl.java:stop(216)) - XceiverClientMetrics metrics system stopped.
]]></system-out>
    <system-err><![CDATA[ERROR StatusLogger No Log4j 2 configuration file found. Using default configuration (logging only errors to the console), or user programmatically provided configurations. Set system property 'log4j2.debug' to show Log4j 2 internal initialization logging. See https://logging.apache.org/log4j/2.x/manual/configuration.html for instructions on how to configure Log4j 2
Oct 15, 2019 5:18:44 PM org.apache.ratis.thirdparty.io.grpc.internal.SerializingExecutor run
SEVERE: Exception while executing runnable org.apache.ratis.thirdparty.io.grpc.internal.ClientCallImpl$ClientStreamListenerImpl$1StreamClosed@1a4081e6
java.lang.NullPointerException
	at org.apache.ratis.grpc.server.GrpcLogAppender$AppendLogResponseHandler.onError(GrpcLogAppender.java:303)
	at org.apache.ratis.thirdparty.io.grpc.stub.ClientCalls$StreamObserverToCallListenerAdapter.onClose(ClientCalls.java:434)
	at org.apache.ratis.thirdparty.io.grpc.PartialForwardingClientCallListener.onClose(PartialForwardingClientCallListener.java:39)
	at org.apache.ratis.thirdparty.io.grpc.ForwardingClientCallListener.onClose(ForwardingClientCallListener.java:23)
	at org.apache.ratis.thirdparty.io.grpc.ForwardingClientCallListener$SimpleForwardingClientCallListener.onClose(ForwardingClientCallListener.java:40)
	at org.apache.ratis.thirdparty.io.grpc.internal.CensusStatsModule$StatsClientInterceptor$1$1.onClose(CensusStatsModule.java:678)
	at org.apache.ratis.thirdparty.io.grpc.PartialForwardingClientCallListener.onClose(PartialForwardingClientCallListener.java:39)
	at org.apache.ratis.thirdparty.io.grpc.ForwardingClientCallListener.onClose(ForwardingClientCallListener.java:23)
	at org.apache.ratis.thirdparty.io.grpc.ForwardingClientCallListener$SimpleForwardingClientCallListener.onClose(ForwardingClientCallListener.java:40)
	at org.apache.ratis.thirdparty.io.grpc.internal.CensusTracingModule$TracingClientInterceptor$1$1.onClose(CensusTracingModule.java:397)
	at org.apache.ratis.thirdparty.io.grpc.internal.ClientCallImpl.closeObserver(ClientCallImpl.java:459)
	at org.apache.ratis.thirdparty.io.grpc.internal.ClientCallImpl.access$300(ClientCallImpl.java:63)
	at org.apache.ratis.thirdparty.io.grpc.internal.ClientCallImpl$ClientStreamListenerImpl.close(ClientCallImpl.java:546)
	at org.apache.ratis.thirdparty.io.grpc.internal.ClientCallImpl$ClientStreamListenerImpl.access$600(ClientCallImpl.java:467)
	at org.apache.ratis.thirdparty.io.grpc.internal.ClientCallImpl$ClientStreamListenerImpl$1StreamClosed.runInContext(ClientCallImpl.java:584)
	at org.apache.ratis.thirdparty.io.grpc.internal.ContextRunnable.run(ContextRunnable.java:37)
	at org.apache.ratis.thirdparty.io.grpc.internal.SerializingExecutor.run(SerializingExecutor.java:123)
	at java.util.concurrent.ThreadPoolExecutor.runWorker(ThreadPoolExecutor.java:1149)
	at java.util.concurrent.ThreadPoolExecutor$Worker.run(ThreadPoolExecutor.java:624)
	at java.lang.Thread.run(Thread.java:748)

]]></system-err>
  </testcase>
</testsuite>