<?xml version="1.0" encoding="UTF-8"?>
<testsuite xmlns:xsi="http://www.w3.org/2001/XMLSchema-instance" xsi:noNamespaceSchemaLocation="https://maven.apache.org/surefire/maven-surefire-plugin/xsd/surefire-test-report.xsd" name="org.apache.hadoop.ozone.client.rpc.Test2WayCommitInRatis" time="37.662" tests="1" errors="1" skipped="0" failures="0">
  <properties>
    <property name="awt.toolkit" value="sun.awt.X11.XToolkit"/>
    <property name="file.encoding.pkg" value="sun.io"/>
    <property name="java.specification.version" value="1.8"/>
    <property name="sun.cpu.isalist" value=""/>
    <property name="sun.jnu.encoding" value="UTF-8"/>
    <property name="java.class.path" value="/workdir/hadoop-ozone/integration-test/target/test-classes:/workdir/hadoop-ozone/integration-test/target/classes:/home/user/.m2/repository/org/apache/hadoop/hadoop-ozone-common/0.5.0-SNAPSHOT/hadoop-ozone-common-0.5.0-SNAPSHOT.jar:/home/user/.m2/repository/org/apache/commons/commons-compress/1.4.1/commons-compress-1.4.1.jar:/home/user/.m2/repository/org/tukaani/xz/1.0/xz-1.0.jar:/home/user/.m2/repository/org/apache/hadoop/hadoop-common/3.2.0/hadoop-common-3.2.0.jar:/home/user/.m2/repository/org/apache/hadoop/hadoop-hdfs/3.2.0/hadoop-hdfs-3.2.0.jar:/home/user/.m2/repository/org/apache/hadoop/hadoop-hdfs-client/3.2.0/hadoop-hdfs-client-3.2.0.jar:/home/user/.m2/repository/com/fasterxml/jackson/core/jackson-annotations/2.9.9/jackson-annotations-2.9.9.jar:/home/user/.m2/repository/org/apache/hadoop/hadoop-hdds-common/0.5.0-SNAPSHOT/hadoop-hdds-common-0.5.0-SNAPSHOT.jar:/home/user/.m2/repository/javax/annotation/javax.annotation-api/1.2/javax.annotation-api-1.2.jar:/home/user/.m2/repository/org/apache/ratis/ratis-server/0.5.0-201fc85-SNAPSHOT/ratis-server-0.5.0-201fc85-SNAPSHOT.jar:/home/user/.m2/repository/org/apache/ratis/ratis-thirdparty-misc/0.2.0/ratis-thirdparty-misc-0.2.0.jar:/home/user/.m2/repository/org/apache/ratis/ratis-proto/0.5.0-201fc85-SNAPSHOT/ratis-proto-0.5.0-201fc85-SNAPSHOT.jar:/home/user/.m2/repository/org/apache/ratis/ratis-common/0.5.0-201fc85-SNAPSHOT/ratis-common-0.5.0-201fc85-SNAPSHOT.jar:/home/user/.m2/repository/org/apache/ratis/ratis-client/0.5.0-201fc85-SNAPSHOT/ratis-client-0.5.0-201fc85-SNAPSHOT.jar:/home/user/.m2/repository/org/apache/ratis/ratis-metrics/0.5.0-201fc85-SNAPSHOT/ratis-metrics-0.5.0-201fc85-SNAPSHOT.jar:/home/user/.m2/repository/com/github/joshelser/dropwizard-metrics-hadoop-metrics2-reporter/0.1.2/dropwizard-metrics-hadoop-metrics2-reporter-0.1.2.jar:/home/user/.m2/repository/io/dropwizard/metrics/metrics-jvm/3.2.5/metrics-jvm-3.2.5.jar:/home/user/.m2/repository/io/dropwizard/metrics/metrics-ganglia/3.2.5/metrics-ganglia-3.2.5.jar:/home/user/.m2/repository/info/ganglia/gmetric4j/gmetric4j/1.0.7/gmetric4j-1.0.7.jar:/home/user/.m2/repository/org/apache/ratis/ratis-netty/0.5.0-201fc85-SNAPSHOT/ratis-netty-0.5.0-201fc85-SNAPSHOT.jar:/home/user/.m2/repository/org/apache/ratis/ratis-grpc/0.5.0-201fc85-SNAPSHOT/ratis-grpc-0.5.0-201fc85-SNAPSHOT.jar:/home/user/.m2/repository/org/rocksdb/rocksdbjni/6.0.1/rocksdbjni-6.0.1.jar:/home/user/.m2/repository/org/apache/logging/log4j/log4j-api/2.11.0/log4j-api-2.11.0.jar:/home/user/.m2/repository/org/apache/logging/log4j/log4j-core/2.11.0/log4j-core-2.11.0.jar:/home/user/.m2/repository/com/lmax/disruptor/3.4.2/disruptor-3.4.2.jar:/home/user/.m2/repository/org/apache/commons/commons-pool2/2.6.0/commons-pool2-2.6.0.jar:/home/user/.m2/repository/org/bouncycastle/bcpkix-jdk15on/1.60/bcpkix-jdk15on-1.60.jar:/home/user/.m2/repository/commons-validator/commons-validator/1.6/commons-validator-1.6.jar:/home/user/.m2/repository/commons-digester/commons-digester/1.8.1/commons-digester-1.8.1.jar:/home/user/.m2/repository/io/jaegertracing/jaeger-client/0.34.0/jaeger-client-0.34.0.jar:/home/user/.m2/repository/io/jaegertracing/jaeger-thrift/0.34.0/jaeger-thrift-0.34.0.jar:/home/user/.m2/repository/org/apache/thrift/libthrift/0.12.0/libthrift-0.12.0.jar:/home/user/.m2/repository/com/squareup/okhttp3/okhttp/3.9.0/okhttp-3.9.0.jar:/home/user/.m2/repository/com/squareup/okio/okio/1.13.0/okio-1.13.0.jar:/home/user/.m2/repository/io/jaegertracing/jaeger-core/0.34.0/jaeger-core-0.34.0.jar:/home/user/.m2/repository/io/jaegertracing/jaeger-tracerresolver/0.34.0/jaeger-tracerresolver-0.34.0.jar:/home/user/.m2/repository/io/opentracing/contrib/opentracing-tracerresolver/0.1.5/opentracing-tracerresolver-0.1.5.jar:/home/user/.m2/repository/io/opentracing/opentracing-util/0.31.0/opentracing-util-0.31.0.jar:/home/user/.m2/repository/io/opentracing/opentracing-api/0.31.0/opentracing-api-0.31.0.jar:/home/user/.m2/repository/io/opentracing/opentracing-noop/0.31.0/opentracing-noop-0.31.0.jar:/home/user/.m2/repository/org/apache/hadoop/hadoop-hdds-server-framework/0.5.0-SNAPSHOT/hadoop-hdds-server-framework-0.5.0-SNAPSHOT.jar:/home/user/.m2/repository/org/apache/hadoop/hadoop-hdds-container-service/0.5.0-SNAPSHOT/hadoop-hdds-container-service-0.5.0-SNAPSHOT.jar:/home/user/.m2/repository/org/apache/hadoop/hadoop-hdds-client/0.5.0-SNAPSHOT/hadoop-hdds-client-0.5.0-SNAPSHOT.jar:/home/user/.m2/repository/org/apache/hadoop/hadoop-hdds-tools/0.5.0-SNAPSHOT/hadoop-hdds-tools-0.5.0-SNAPSHOT.jar:/home/user/.m2/repository/org/apache/hadoop/hadoop-hdds-server-scm/0.5.0-SNAPSHOT/hadoop-hdds-server-scm-0.5.0-SNAPSHOT.jar:/home/user/.m2/repository/org/apache/hadoop/hadoop-hdds-docs/0.5.0-SNAPSHOT/hadoop-hdds-docs-0.5.0-SNAPSHOT.jar:/home/user/.m2/repository/io/dropwizard/metrics/metrics-core/3.2.4/metrics-core-3.2.4.jar:/home/user/.m2/repository/org/hamcrest/hamcrest-all/1.3/hamcrest-all-1.3.jar:/home/user/.m2/repository/org/bouncycastle/bcprov-jdk15on/1.60/bcprov-jdk15on-1.60.jar:/home/user/.m2/repository/info/picocli/picocli/3.9.6/picocli-3.9.6.jar:/home/user/.m2/repository/com/google/protobuf/protobuf-java/2.5.0/protobuf-java-2.5.0.jar:/home/user/.m2/repository/com/google/guava/guava/11.0.2/guava-11.0.2.jar:/home/user/.m2/repository/org/apache/hadoop/hadoop-ozone-ozone-manager/0.5.0-SNAPSHOT/hadoop-ozone-ozone-manager-0.5.0-SNAPSHOT.jar:/home/user/.m2/repository/org/apache/hadoop/hadoop-minikdc/3.2.0/hadoop-minikdc-3.2.0.jar:/home/user/.m2/repository/commons-io/commons-io/2.5/commons-io-2.5.jar:/home/user/.m2/repository/org/apache/kerby/kerb-simplekdc/1.0.1/kerb-simplekdc-1.0.1.jar:/home/user/.m2/repository/org/apache/kerby/kerb-client/1.0.1/kerb-client-1.0.1.jar:/home/user/.m2/repository/org/apache/kerby/kerby-config/1.0.1/kerby-config-1.0.1.jar:/home/user/.m2/repository/org/apache/kerby/kerb-core/1.0.1/kerb-core-1.0.1.jar:/home/user/.m2/repository/org/apache/kerby/kerby-pkix/1.0.1/kerby-pkix-1.0.1.jar:/home/user/.m2/repository/org/apache/kerby/kerby-asn1/1.0.1/kerby-asn1-1.0.1.jar:/home/user/.m2/repository/org/apache/kerby/kerby-util/1.0.1/kerby-util-1.0.1.jar:/home/user/.m2/repository/org/apache/kerby/kerb-common/1.0.1/kerb-common-1.0.1.jar:/home/user/.m2/repository/org/apache/kerby/kerb-crypto/1.0.1/kerb-crypto-1.0.1.jar:/home/user/.m2/repository/org/apache/kerby/kerb-util/1.0.1/kerb-util-1.0.1.jar:/home/user/.m2/repository/org/apache/kerby/token-provider/1.0.1/token-provider-1.0.1.jar:/home/user/.m2/repository/org/apache/kerby/kerb-admin/1.0.1/kerb-admin-1.0.1.jar:/home/user/.m2/repository/org/apache/kerby/kerb-server/1.0.1/kerb-server-1.0.1.jar:/home/user/.m2/repository/org/apache/kerby/kerb-identity/1.0.1/kerb-identity-1.0.1.jar:/home/user/.m2/repository/org/apache/kerby/kerby-xdr/1.0.1/kerby-xdr-1.0.1.jar:/home/user/.m2/repository/org/slf4j/slf4j-log4j12/1.7.25/slf4j-log4j12-1.7.25.jar:/home/user/.m2/repository/org/apache/hadoop/hadoop-ozone-s3gateway/0.5.0-SNAPSHOT/hadoop-ozone-s3gateway-0.5.0-SNAPSHOT.jar:/home/user/.m2/repository/org/jboss/weld/servlet/weld-servlet/2.4.7.Final/weld-servlet-2.4.7.Final.jar:/home/user/.m2/repository/org/glassfish/jersey/containers/jersey-container-servlet-core/2.27/jersey-container-servlet-core-2.27.jar:/home/user/.m2/repository/org/glassfish/hk2/external/javax.inject/2.5.0-b42/javax.inject-2.5.0-b42.jar:/home/user/.m2/repository/org/glassfish/jersey/core/jersey-common/2.27/jersey-common-2.27.jar:/home/user/.m2/repository/org/glassfish/hk2/osgi-resource-locator/1.0.1/osgi-resource-locator-1.0.1.jar:/home/user/.m2/repository/javax/ws/rs/javax.ws.rs-api/2.1/javax.ws.rs-api-2.1.jar:/home/user/.m2/repository/org/glassfish/jersey/ext/cdi/jersey-cdi1x/2.27/jersey-cdi1x-2.27.jar:/home/user/.m2/repository/org/glassfish/jersey/inject/jersey-hk2/2.27/jersey-hk2-2.27.jar:/home/user/.m2/repository/org/glassfish/hk2/hk2-locator/2.5.0-b42/hk2-locator-2.5.0-b42.jar:/home/user/.m2/repository/org/javassist/javassist/3.22.0-CR2/javassist-3.22.0-CR2.jar:/home/user/.m2/repository/org/glassfish/hk2/hk2-api/2.5.0/hk2-api-2.5.0.jar:/home/user/.m2/repository/org/glassfish/hk2/external/jakarta.inject/2.5.0/jakarta.inject-2.5.0.jar:/home/user/.m2/repository/org/glassfish/hk2/hk2-utils/2.5.0/hk2-utils-2.5.0.jar:/home/user/.m2/repository/jakarta/annotation/jakarta.annotation-api/1.3.4/jakarta.annotation-api-1.3.4.jar:/home/user/.m2/repository/org/glassfish/hk2/external/aopalliance-repackaged/2.5.0/aopalliance-repackaged-2.5.0.jar:/home/user/.m2/repository/com/fasterxml/jackson/dataformat/jackson-dataformat-xml/2.9.0/jackson-dataformat-xml-2.9.0.jar:/home/user/.m2/repository/com/fasterxml/jackson/core/jackson-core/2.9.9/jackson-core-2.9.9.jar:/home/user/.m2/repository/com/fasterxml/jackson/module/jackson-module-jaxb-annotations/2.9.9/jackson-module-jaxb-annotations-2.9.9.jar:/home/user/.m2/repository/javax/enterprise/cdi-api/1.2/cdi-api-1.2.jar:/home/user/.m2/repository/javax/el/javax.el-api/3.0.0/javax.el-api-3.0.0.jar:/home/user/.m2/repository/javax/interceptor/javax.interceptor-api/1.2/javax.interceptor-api-1.2.jar:/home/user/.m2/repository/javax/inject/javax.inject/1/javax.inject-1.jar:/home/user/.m2/repository/com/sun/xml/bind/jaxb-impl/2.3.0.1/jaxb-impl-2.3.0.1.jar:/home/user/.m2/repository/com/sun/xml/bind/jaxb-core/2.3.0.1/jaxb-core-2.3.0.1.jar:/home/user/.m2/repository/javax/xml/bind/jaxb-api/2.3.0/jaxb-api-2.3.0.jar:/home/user/.m2/repository/javax/activation/activation/1.1.1/activation-1.1.1.jar:/home/user/.m2/repository/org/apache/hadoop/hadoop-ozone-csi/0.5.0-SNAPSHOT/hadoop-ozone-csi-0.5.0-SNAPSHOT.jar:/home/user/.m2/repository/com/google/protobuf/protobuf-java-util/3.5.1/protobuf-java-util-3.5.1.jar:/home/user/.m2/repository/org/apache/hadoop/hadoop-hdds-config/0.5.0-SNAPSHOT/hadoop-hdds-config-0.5.0-SNAPSHOT.jar:/home/user/.m2/repository/io/grpc/grpc-netty/1.17.1/grpc-netty-1.17.1.jar:/home/user/.m2/repository/io/grpc/grpc-core/1.17.1/grpc-core-1.17.1.jar:/home/user/.m2/repository/io/grpc/grpc-context/1.17.1/grpc-context-1.17.1.jar:/home/user/.m2/repository/com/google/errorprone/error_prone_annotations/2.2.0/error_prone_annotations-2.2.0.jar:/home/user/.m2/repository/org/codehaus/mojo/animal-sniffer-annotations/1.17/animal-sniffer-annotations-1.17.jar:/home/user/.m2/repository/io/opencensus/opencensus-api/0.17.0/opencensus-api-0.17.0.jar:/home/user/.m2/repository/io/opencensus/opencensus-contrib-grpc-metrics/0.17.0/opencensus-contrib-grpc-metrics-0.17.0.jar:/home/user/.m2/repository/io/netty/netty-codec-http2/4.1.30.Final/netty-codec-http2-4.1.30.Final.jar:/home/user/.m2/repository/io/netty/netty-codec-http/4.1.30.Final/netty-codec-http-4.1.30.Final.jar:/home/user/.m2/repository/io/netty/netty-codec/4.1.30.Final/netty-codec-4.1.30.Final.jar:/home/user/.m2/repository/io/netty/netty-handler/4.1.30.Final/netty-handler-4.1.30.Final.jar:/home/user/.m2/repository/io/netty/netty-handler-proxy/4.1.30.Final/netty-handler-proxy-4.1.30.Final.jar:/home/user/.m2/repository/io/netty/netty-codec-socks/4.1.30.Final/netty-codec-socks-4.1.30.Final.jar:/home/user/.m2/repository/io/netty/netty-transport-native-epoll/4.1.30.Final/netty-transport-native-epoll-4.1.30.Final.jar:/home/user/.m2/repository/io/netty/netty-common/4.1.30.Final/netty-common-4.1.30.Final.jar:/home/user/.m2/repository/io/netty/netty-buffer/4.1.30.Final/netty-buffer-4.1.30.Final.jar:/home/user/.m2/repository/io/netty/netty-transport/4.1.30.Final/netty-transport-4.1.30.Final.jar:/home/user/.m2/repository/io/netty/netty-resolver/4.1.30.Final/netty-resolver-4.1.30.Final.jar:/home/user/.m2/repository/io/netty/netty-transport-native-unix-common/4.1.30.Final/netty-transport-native-unix-common-4.1.30.Final.jar:/home/user/.m2/repository/io/grpc/grpc-protobuf/1.17.1/grpc-protobuf-1.17.1.jar:/home/user/.m2/repository/com/google/api/grpc/proto-google-common-protos/1.0.0/proto-google-common-protos-1.0.0.jar:/home/user/.m2/repository/io/grpc/grpc-protobuf-lite/1.17.1/grpc-protobuf-lite-1.17.1.jar:/home/user/.m2/repository/io/grpc/grpc-stub/1.17.1/grpc-stub-1.17.1.jar:/home/user/.m2/repository/org/apache/hadoop/hadoop-ozone-recon/0.5.0-SNAPSHOT/hadoop-ozone-recon-0.5.0-SNAPSHOT.jar:/home/user/.m2/repository/org/apache/hadoop/hadoop-ozone-reconcodegen/0.5.0-SNAPSHOT/hadoop-ozone-reconcodegen-0.5.0-SNAPSHOT.jar:/home/user/.m2/repository/com/google/inject/extensions/guice-multibindings/4.0/guice-multibindings-4.0.jar:/home/user/.m2/repository/com/google/inject/guice/4.0/guice-4.0.jar:/home/user/.m2/repository/aopalliance/aopalliance/1.0/aopalliance-1.0.jar:/home/user/.m2/repository/com/google/inject/extensions/guice-servlet/4.0/guice-servlet-4.0.jar:/home/user/.m2/repository/org/glassfish/jersey/containers/jersey-container-servlet/2.27/jersey-container-servlet-2.27.jar:/home/user/.m2/repository/org/glassfish/hk2/guice-bridge/2.5.0/guice-bridge-2.5.0.jar:/home/user/.m2/repository/org/glassfish/jersey/core/jersey-server/2.27/jersey-server-2.27.jar:/home/user/.m2/repository/org/glassfish/jersey/core/jersey-client/2.27/jersey-client-2.27.jar:/home/user/.m2/repository/org/glassfish/jersey/media/jersey-media-jaxb/2.27/jersey-media-jaxb-2.27.jar:/home/user/.m2/repository/javax/validation/validation-api/1.1.0.Final/validation-api-1.1.0.Final.jar:/home/user/.m2/repository/org/glassfish/jersey/media/jersey-media-json-jackson/2.27/jersey-media-json-jackson-2.27.jar:/home/user/.m2/repository/org/glassfish/jersey/ext/jersey-entity-filtering/2.27/jersey-entity-filtering-2.27.jar:/home/user/.m2/repository/com/google/inject/extensions/guice-assistedinject/4.0/guice-assistedinject-4.0.jar:/home/user/.m2/repository/org/jooq/jooq/3.11.10/jooq-3.11.10.jar:/home/user/.m2/repository/org/jooq/jooq-meta/3.11.10/jooq-meta-3.11.10.jar:/home/user/.m2/repository/org/jooq/jooq-codegen/3.11.10/jooq-codegen-3.11.10.jar:/home/user/.m2/repository/com/jolbox/bonecp/0.8.0.RELEASE/bonecp-0.8.0.RELEASE.jar:/home/user/.m2/repository/org/xerial/sqlite-jdbc/3.25.2/sqlite-jdbc-3.25.2.jar:/home/user/.m2/repository/org/springframework/spring-jdbc/5.1.3.RELEASE/spring-jdbc-5.1.3.RELEASE.jar:/home/user/.m2/repository/org/springframework/spring-beans/5.1.3.RELEASE/spring-beans-5.1.3.RELEASE.jar:/home/user/.m2/repository/org/springframework/spring-core/5.1.3.RELEASE/spring-core-5.1.3.RELEASE.jar:/home/user/.m2/repository/org/springframework/spring-jcl/5.1.3.RELEASE/spring-jcl-5.1.3.RELEASE.jar:/home/user/.m2/repository/org/springframework/spring-tx/5.1.3.RELEASE/spring-tx-5.1.3.RELEASE.jar:/home/user/.m2/repository/org/apache/hadoop/hadoop-ozone-client/0.5.0-SNAPSHOT/hadoop-ozone-client-0.5.0-SNAPSHOT.jar:/home/user/.m2/repository/commons-lang/commons-lang/2.6/commons-lang-2.6.jar:/home/user/.m2/repository/org/apache/hadoop/hadoop-ozone-ozone-manager/0.5.0-SNAPSHOT/hadoop-ozone-ozone-manager-0.5.0-SNAPSHOT-tests.jar:/home/user/.m2/repository/junit/junit/4.11/junit-4.11.jar:/home/user/.m2/repository/org/hamcrest/hamcrest-core/1.3/hamcrest-core-1.3.jar:/home/user/.m2/repository/org/openjdk/jmh/jmh-core/1.19/jmh-core-1.19.jar:/home/user/.m2/repository/net/sf/jopt-simple/jopt-simple/4.6/jopt-simple-4.6.jar:/home/user/.m2/repository/org/apache/commons/commons-math3/3.1.1/commons-math3-3.1.1.jar:/home/user/.m2/repository/org/openjdk/jmh/jmh-generator-annprocess/1.19/jmh-generator-annprocess-1.19.jar:/home/user/.m2/repository/org/mockito/mockito-all/1.8.5/mockito-all-1.8.5.jar:/home/user/.m2/repository/org/apache/hadoop/hadoop-kms/3.2.0/hadoop-kms-3.2.0.jar:/home/user/.m2/repository/org/apache/hadoop/hadoop-auth/3.2.0/hadoop-auth-3.2.0.jar:/home/user/.m2/repository/com/nimbusds/nimbus-jose-jwt/4.41.1/nimbus-jose-jwt-4.41.1.jar:/home/user/.m2/repository/com/github/stephenc/jcip/jcip-annotations/1.0-1/jcip-annotations-1.0-1.jar:/home/user/.m2/repository/net/minidev/json-smart/2.3/json-smart-2.3.jar:/home/user/.m2/repository/net/minidev/accessors-smart/1.2/accessors-smart-1.2.jar:/home/user/.m2/repository/org/ow2/asm/asm/5.0.4/asm-5.0.4.jar:/home/user/.m2/repository/org/apache/curator/curator-framework/2.12.0/curator-framework-2.12.0.jar:/home/user/.m2/repository/com/sun/jersey/jersey-core/1.19/jersey-core-1.19.jar:/home/user/.m2/repository/javax/ws/rs/jsr311-api/1.1.1/jsr311-api-1.1.1.jar:/home/user/.m2/repository/com/sun/jersey/jersey-server/1.19/jersey-server-1.19.jar:/home/user/.m2/repository/javax/servlet/javax.servlet-api/3.1.0/javax.servlet-api-3.1.0.jar:/home/user/.m2/repository/org/eclipse/jetty/jetty-server/9.3.25.v20180904/jetty-server-9.3.25.v20180904.jar:/home/user/.m2/repository/org/eclipse/jetty/jetty-http/9.3.25.v20180904/jetty-http-9.3.25.v20180904.jar:/home/user/.m2/repository/org/eclipse/jetty/jetty-io/9.3.25.v20180904/jetty-io-9.3.25.v20180904.jar:/home/user/.m2/repository/org/eclipse/jetty/jetty-webapp/9.3.25.v20180904/jetty-webapp-9.3.25.v20180904.jar:/home/user/.m2/repository/org/eclipse/jetty/jetty-xml/9.3.25.v20180904/jetty-xml-9.3.25.v20180904.jar:/home/user/.m2/repository/log4j/log4j/1.2.17/log4j-1.2.17.jar:/home/user/.m2/repository/org/slf4j/slf4j-api/1.7.25/slf4j-api-1.7.25.jar:/home/user/.m2/repository/org/slf4j/jul-to-slf4j/1.7.25/jul-to-slf4j-1.7.25.jar:/home/user/.m2/repository/org/eclipse/jetty/jetty-util/9.3.25.v20180904/jetty-util-9.3.25.v20180904.jar:/home/user/.m2/repository/com/fasterxml/jackson/core/jackson-databind/2.9.9/jackson-databind-2.9.9.jar:/home/user/.m2/repository/org/apache/hadoop/hadoop-kms/3.2.0/hadoop-kms-3.2.0-tests.jar:/home/user/.m2/repository/org/apache/hadoop/hadoop-hdds-server-scm/0.5.0-SNAPSHOT/hadoop-hdds-server-scm-0.5.0-SNAPSHOT-tests.jar:/home/user/.m2/repository/org/apache/hadoop/hadoop-hdds-container-service/0.5.0-SNAPSHOT/hadoop-hdds-container-service-0.5.0-SNAPSHOT-tests.jar:/home/user/.m2/repository/org/yaml/snakeyaml/1.16/snakeyaml-1.16.jar:/home/user/.m2/repository/org/apache/hadoop/hadoop-common/3.2.0/hadoop-common-3.2.0-tests.jar:/home/user/.m2/repository/org/apache/hadoop/hadoop-annotations/3.2.0/hadoop-annotations-3.2.0.jar:/usr/lib/jvm/java-1.8-openjdk/jre/../lib/tools.jar:/home/user/.m2/repository/commons-cli/commons-cli/1.2/commons-cli-1.2.jar:/home/user/.m2/repository/org/apache/httpcomponents/httpclient/4.5.2/httpclient-4.5.2.jar:/home/user/.m2/repository/org/apache/httpcomponents/httpcore/4.4.4/httpcore-4.4.4.jar:/home/user/.m2/repository/commons-codec/commons-codec/1.11/commons-codec-1.11.jar:/home/user/.m2/repository/commons-net/commons-net/3.6/commons-net-3.6.jar:/home/user/.m2/repository/commons-collections/commons-collections/3.2.2/commons-collections-3.2.2.jar:/home/user/.m2/repository/org/eclipse/jetty/jetty-servlet/9.3.25.v20180904/jetty-servlet-9.3.25.v20180904.jar:/home/user/.m2/repository/org/eclipse/jetty/jetty-security/9.3.25.v20180904/jetty-security-9.3.25.v20180904.jar:/home/user/.m2/repository/javax/servlet/jsp/jsp-api/2.1/jsp-api-2.1.jar:/home/user/.m2/repository/com/sun/jersey/jersey-servlet/1.19/jersey-servlet-1.19.jar:/home/user/.m2/repository/com/sun/jersey/jersey-json/1.19/jersey-json-1.19.jar:/home/user/.m2/repository/org/codehaus/jettison/jettison/1.1/jettison-1.1.jar:/home/user/.m2/repository/org/codehaus/jackson/jackson-core-asl/1.9.13/jackson-core-asl-1.9.13.jar:/home/user/.m2/repository/org/codehaus/jackson/jackson-mapper-asl/1.9.13/jackson-mapper-asl-1.9.13.jar:/home/user/.m2/repository/org/codehaus/jackson/jackson-jaxrs/1.9.13/jackson-jaxrs-1.9.13.jar:/home/user/.m2/repository/org/codehaus/jackson/jackson-xc/1.9.13/jackson-xc-1.9.13.jar:/home/user/.m2/repository/commons-logging/commons-logging/1.1.3/commons-logging-1.1.3.jar:/home/user/.m2/repository/commons-beanutils/commons-beanutils/1.9.4/commons-beanutils-1.9.4.jar:/home/user/.m2/repository/org/apache/commons/commons-configuration2/2.1.1/commons-configuration2-2.1.1.jar:/home/user/.m2/repository/org/apache/commons/commons-lang3/3.7/commons-lang3-3.7.jar:/home/user/.m2/repository/org/apache/commons/commons-text/1.4/commons-text-1.4.jar:/home/user/.m2/repository/org/apache/avro/avro/1.7.7/avro-1.7.7.jar:/home/user/.m2/repository/com/thoughtworks/paranamer/paranamer/2.3/paranamer-2.3.jar:/home/user/.m2/repository/org/xerial/snappy/snappy-java/1.0.5/snappy-java-1.0.5.jar:/home/user/.m2/repository/com/google/re2j/re2j/1.1/re2j-1.1.jar:/home/user/.m2/repository/com/google/code/gson/gson/2.2.4/gson-2.2.4.jar:/home/user/.m2/repository/com/jcraft/jsch/0.1.54/jsch-0.1.54.jar:/home/user/.m2/repository/org/apache/curator/curator-client/2.12.0/curator-client-2.12.0.jar:/home/user/.m2/repository/org/apache/curator/curator-recipes/2.12.0/curator-recipes-2.12.0.jar:/home/user/.m2/repository/com/google/code/findbugs/jsr305/3.0.0/jsr305-3.0.0.jar:/home/user/.m2/repository/org/apache/htrace/htrace-core4/4.1.0-incubating/htrace-core4-4.1.0-incubating.jar:/home/user/.m2/repository/org/apache/zookeeper/zookeeper/3.4.13/zookeeper-3.4.13.jar:/home/user/.m2/repository/jline/jline/0.9.94/jline-0.9.94.jar:/home/user/.m2/repository/org/apache/yetus/audience-annotations/0.5.0/audience-annotations-0.5.0.jar:/home/user/.m2/repository/org/codehaus/woodstox/stax2-api/3.1.4/stax2-api-3.1.4.jar:/home/user/.m2/repository/com/fasterxml/woodstox/woodstox-core/5.0.3/woodstox-core-5.0.3.jar:/home/user/.m2/repository/dnsjava/dnsjava/2.1.7/dnsjava-2.1.7.jar:/home/user/.m2/repository/org/apache/hadoop/hadoop-hdfs/3.2.0/hadoop-hdfs-3.2.0-tests.jar:/home/user/.m2/repository/org/eclipse/jetty/jetty-util-ajax/9.3.25.v20180904/jetty-util-ajax-9.3.25.v20180904.jar:/home/user/.m2/repository/commons-daemon/commons-daemon/1.0.13/commons-daemon-1.0.13.jar:/home/user/.m2/repository/io/netty/netty/3.10.5.Final/netty-3.10.5.Final.jar:/home/user/.m2/repository/io/netty/netty-all/4.0.52.Final/netty-all-4.0.52.Final.jar:/home/user/.m2/repository/org/fusesource/leveldbjni/leveldbjni-all/1.8/leveldbjni-all-1.8.jar:"/>
    <property name="java.vm.vendor" value="IcedTea"/>
    <property name="sun.arch.data.model" value="64"/>
    <property name="test.build.dir" value="/workdir/hadoop-ozone/integration-test/target/test-dir"/>
    <property name="test.cache.data" value=""/>
    <property name="java.vendor.url" value="https://icedtea.classpath.org"/>
    <property name="user.timezone" value=""/>
    <property name="java.vm.specification.version" value="1.8"/>
    <property name="os.name" value="Linux"/>
    <property name="test.build.data" value="/workdir/hadoop-ozone/integration-test/target/test-dir"/>
    <property name="user.country" value="US"/>
    <property name="sun.java.launcher" value="SUN_STANDARD"/>
    <property name="sun.boot.library.path" value="/usr/lib/jvm/java-1.8-openjdk/jre/lib/amd64"/>
    <property name="sun.java.command" value="/workdir/hadoop-ozone/integration-test/target/surefire/surefirebooter6196729068877566633.jar /workdir/hadoop-ozone/integration-test/target/surefire 2019-10-07T11-33-48_327-jvmRun1 surefire6957251485245380382tmp surefire_632745377913557914189tmp"/>
    <property name="test" value="!TestMiniChaosOzoneCluster"/>
    <property name="surefire.test.class.path" value="/workdir/hadoop-ozone/integration-test/target/test-classes:/workdir/hadoop-ozone/integration-test/target/classes:/home/user/.m2/repository/org/apache/hadoop/hadoop-ozone-common/0.5.0-SNAPSHOT/hadoop-ozone-common-0.5.0-SNAPSHOT.jar:/home/user/.m2/repository/org/apache/commons/commons-compress/1.4.1/commons-compress-1.4.1.jar:/home/user/.m2/repository/org/tukaani/xz/1.0/xz-1.0.jar:/home/user/.m2/repository/org/apache/hadoop/hadoop-common/3.2.0/hadoop-common-3.2.0.jar:/home/user/.m2/repository/org/apache/hadoop/hadoop-hdfs/3.2.0/hadoop-hdfs-3.2.0.jar:/home/user/.m2/repository/org/apache/hadoop/hadoop-hdfs-client/3.2.0/hadoop-hdfs-client-3.2.0.jar:/home/user/.m2/repository/com/fasterxml/jackson/core/jackson-annotations/2.9.9/jackson-annotations-2.9.9.jar:/home/user/.m2/repository/org/apache/hadoop/hadoop-hdds-common/0.5.0-SNAPSHOT/hadoop-hdds-common-0.5.0-SNAPSHOT.jar:/home/user/.m2/repository/javax/annotation/javax.annotation-api/1.2/javax.annotation-api-1.2.jar:/home/user/.m2/repository/org/apache/ratis/ratis-server/0.5.0-201fc85-SNAPSHOT/ratis-server-0.5.0-201fc85-SNAPSHOT.jar:/home/user/.m2/repository/org/apache/ratis/ratis-thirdparty-misc/0.2.0/ratis-thirdparty-misc-0.2.0.jar:/home/user/.m2/repository/org/apache/ratis/ratis-proto/0.5.0-201fc85-SNAPSHOT/ratis-proto-0.5.0-201fc85-SNAPSHOT.jar:/home/user/.m2/repository/org/apache/ratis/ratis-common/0.5.0-201fc85-SNAPSHOT/ratis-common-0.5.0-201fc85-SNAPSHOT.jar:/home/user/.m2/repository/org/apache/ratis/ratis-client/0.5.0-201fc85-SNAPSHOT/ratis-client-0.5.0-201fc85-SNAPSHOT.jar:/home/user/.m2/repository/org/apache/ratis/ratis-metrics/0.5.0-201fc85-SNAPSHOT/ratis-metrics-0.5.0-201fc85-SNAPSHOT.jar:/home/user/.m2/repository/com/github/joshelser/dropwizard-metrics-hadoop-metrics2-reporter/0.1.2/dropwizard-metrics-hadoop-metrics2-reporter-0.1.2.jar:/home/user/.m2/repository/io/dropwizard/metrics/metrics-jvm/3.2.5/metrics-jvm-3.2.5.jar:/home/user/.m2/repository/io/dropwizard/metrics/metrics-ganglia/3.2.5/metrics-ganglia-3.2.5.jar:/home/user/.m2/repository/info/ganglia/gmetric4j/gmetric4j/1.0.7/gmetric4j-1.0.7.jar:/home/user/.m2/repository/org/apache/ratis/ratis-netty/0.5.0-201fc85-SNAPSHOT/ratis-netty-0.5.0-201fc85-SNAPSHOT.jar:/home/user/.m2/repository/org/apache/ratis/ratis-grpc/0.5.0-201fc85-SNAPSHOT/ratis-grpc-0.5.0-201fc85-SNAPSHOT.jar:/home/user/.m2/repository/org/rocksdb/rocksdbjni/6.0.1/rocksdbjni-6.0.1.jar:/home/user/.m2/repository/org/apache/logging/log4j/log4j-api/2.11.0/log4j-api-2.11.0.jar:/home/user/.m2/repository/org/apache/logging/log4j/log4j-core/2.11.0/log4j-core-2.11.0.jar:/home/user/.m2/repository/com/lmax/disruptor/3.4.2/disruptor-3.4.2.jar:/home/user/.m2/repository/org/apache/commons/commons-pool2/2.6.0/commons-pool2-2.6.0.jar:/home/user/.m2/repository/org/bouncycastle/bcpkix-jdk15on/1.60/bcpkix-jdk15on-1.60.jar:/home/user/.m2/repository/commons-validator/commons-validator/1.6/commons-validator-1.6.jar:/home/user/.m2/repository/commons-digester/commons-digester/1.8.1/commons-digester-1.8.1.jar:/home/user/.m2/repository/io/jaegertracing/jaeger-client/0.34.0/jaeger-client-0.34.0.jar:/home/user/.m2/repository/io/jaegertracing/jaeger-thrift/0.34.0/jaeger-thrift-0.34.0.jar:/home/user/.m2/repository/org/apache/thrift/libthrift/0.12.0/libthrift-0.12.0.jar:/home/user/.m2/repository/com/squareup/okhttp3/okhttp/3.9.0/okhttp-3.9.0.jar:/home/user/.m2/repository/com/squareup/okio/okio/1.13.0/okio-1.13.0.jar:/home/user/.m2/repository/io/jaegertracing/jaeger-core/0.34.0/jaeger-core-0.34.0.jar:/home/user/.m2/repository/io/jaegertracing/jaeger-tracerresolver/0.34.0/jaeger-tracerresolver-0.34.0.jar:/home/user/.m2/repository/io/opentracing/contrib/opentracing-tracerresolver/0.1.5/opentracing-tracerresolver-0.1.5.jar:/home/user/.m2/repository/io/opentracing/opentracing-util/0.31.0/opentracing-util-0.31.0.jar:/home/user/.m2/repository/io/opentracing/opentracing-api/0.31.0/opentracing-api-0.31.0.jar:/home/user/.m2/repository/io/opentracing/opentracing-noop/0.31.0/opentracing-noop-0.31.0.jar:/home/user/.m2/repository/org/apache/hadoop/hadoop-hdds-server-framework/0.5.0-SNAPSHOT/hadoop-hdds-server-framework-0.5.0-SNAPSHOT.jar:/home/user/.m2/repository/org/apache/hadoop/hadoop-hdds-container-service/0.5.0-SNAPSHOT/hadoop-hdds-container-service-0.5.0-SNAPSHOT.jar:/home/user/.m2/repository/org/apache/hadoop/hadoop-hdds-client/0.5.0-SNAPSHOT/hadoop-hdds-client-0.5.0-SNAPSHOT.jar:/home/user/.m2/repository/org/apache/hadoop/hadoop-hdds-tools/0.5.0-SNAPSHOT/hadoop-hdds-tools-0.5.0-SNAPSHOT.jar:/home/user/.m2/repository/org/apache/hadoop/hadoop-hdds-server-scm/0.5.0-SNAPSHOT/hadoop-hdds-server-scm-0.5.0-SNAPSHOT.jar:/home/user/.m2/repository/org/apache/hadoop/hadoop-hdds-docs/0.5.0-SNAPSHOT/hadoop-hdds-docs-0.5.0-SNAPSHOT.jar:/home/user/.m2/repository/io/dropwizard/metrics/metrics-core/3.2.4/metrics-core-3.2.4.jar:/home/user/.m2/repository/org/hamcrest/hamcrest-all/1.3/hamcrest-all-1.3.jar:/home/user/.m2/repository/org/bouncycastle/bcprov-jdk15on/1.60/bcprov-jdk15on-1.60.jar:/home/user/.m2/repository/info/picocli/picocli/3.9.6/picocli-3.9.6.jar:/home/user/.m2/repository/com/google/protobuf/protobuf-java/2.5.0/protobuf-java-2.5.0.jar:/home/user/.m2/repository/com/google/guava/guava/11.0.2/guava-11.0.2.jar:/home/user/.m2/repository/org/apache/hadoop/hadoop-ozone-ozone-manager/0.5.0-SNAPSHOT/hadoop-ozone-ozone-manager-0.5.0-SNAPSHOT.jar:/home/user/.m2/repository/org/apache/hadoop/hadoop-minikdc/3.2.0/hadoop-minikdc-3.2.0.jar:/home/user/.m2/repository/commons-io/commons-io/2.5/commons-io-2.5.jar:/home/user/.m2/repository/org/apache/kerby/kerb-simplekdc/1.0.1/kerb-simplekdc-1.0.1.jar:/home/user/.m2/repository/org/apache/kerby/kerb-client/1.0.1/kerb-client-1.0.1.jar:/home/user/.m2/repository/org/apache/kerby/kerby-config/1.0.1/kerby-config-1.0.1.jar:/home/user/.m2/repository/org/apache/kerby/kerb-core/1.0.1/kerb-core-1.0.1.jar:/home/user/.m2/repository/org/apache/kerby/kerby-pkix/1.0.1/kerby-pkix-1.0.1.jar:/home/user/.m2/repository/org/apache/kerby/kerby-asn1/1.0.1/kerby-asn1-1.0.1.jar:/home/user/.m2/repository/org/apache/kerby/kerby-util/1.0.1/kerby-util-1.0.1.jar:/home/user/.m2/repository/org/apache/kerby/kerb-common/1.0.1/kerb-common-1.0.1.jar:/home/user/.m2/repository/org/apache/kerby/kerb-crypto/1.0.1/kerb-crypto-1.0.1.jar:/home/user/.m2/repository/org/apache/kerby/kerb-util/1.0.1/kerb-util-1.0.1.jar:/home/user/.m2/repository/org/apache/kerby/token-provider/1.0.1/token-provider-1.0.1.jar:/home/user/.m2/repository/org/apache/kerby/kerb-admin/1.0.1/kerb-admin-1.0.1.jar:/home/user/.m2/repository/org/apache/kerby/kerb-server/1.0.1/kerb-server-1.0.1.jar:/home/user/.m2/repository/org/apache/kerby/kerb-identity/1.0.1/kerb-identity-1.0.1.jar:/home/user/.m2/repository/org/apache/kerby/kerby-xdr/1.0.1/kerby-xdr-1.0.1.jar:/home/user/.m2/repository/org/slf4j/slf4j-log4j12/1.7.25/slf4j-log4j12-1.7.25.jar:/home/user/.m2/repository/org/apache/hadoop/hadoop-ozone-s3gateway/0.5.0-SNAPSHOT/hadoop-ozone-s3gateway-0.5.0-SNAPSHOT.jar:/home/user/.m2/repository/org/jboss/weld/servlet/weld-servlet/2.4.7.Final/weld-servlet-2.4.7.Final.jar:/home/user/.m2/repository/org/glassfish/jersey/containers/jersey-container-servlet-core/2.27/jersey-container-servlet-core-2.27.jar:/home/user/.m2/repository/org/glassfish/hk2/external/javax.inject/2.5.0-b42/javax.inject-2.5.0-b42.jar:/home/user/.m2/repository/org/glassfish/jersey/core/jersey-common/2.27/jersey-common-2.27.jar:/home/user/.m2/repository/org/glassfish/hk2/osgi-resource-locator/1.0.1/osgi-resource-locator-1.0.1.jar:/home/user/.m2/repository/javax/ws/rs/javax.ws.rs-api/2.1/javax.ws.rs-api-2.1.jar:/home/user/.m2/repository/org/glassfish/jersey/ext/cdi/jersey-cdi1x/2.27/jersey-cdi1x-2.27.jar:/home/user/.m2/repository/org/glassfish/jersey/inject/jersey-hk2/2.27/jersey-hk2-2.27.jar:/home/user/.m2/repository/org/glassfish/hk2/hk2-locator/2.5.0-b42/hk2-locator-2.5.0-b42.jar:/home/user/.m2/repository/org/javassist/javassist/3.22.0-CR2/javassist-3.22.0-CR2.jar:/home/user/.m2/repository/org/glassfish/hk2/hk2-api/2.5.0/hk2-api-2.5.0.jar:/home/user/.m2/repository/org/glassfish/hk2/external/jakarta.inject/2.5.0/jakarta.inject-2.5.0.jar:/home/user/.m2/repository/org/glassfish/hk2/hk2-utils/2.5.0/hk2-utils-2.5.0.jar:/home/user/.m2/repository/jakarta/annotation/jakarta.annotation-api/1.3.4/jakarta.annotation-api-1.3.4.jar:/home/user/.m2/repository/org/glassfish/hk2/external/aopalliance-repackaged/2.5.0/aopalliance-repackaged-2.5.0.jar:/home/user/.m2/repository/com/fasterxml/jackson/dataformat/jackson-dataformat-xml/2.9.0/jackson-dataformat-xml-2.9.0.jar:/home/user/.m2/repository/com/fasterxml/jackson/core/jackson-core/2.9.9/jackson-core-2.9.9.jar:/home/user/.m2/repository/com/fasterxml/jackson/module/jackson-module-jaxb-annotations/2.9.9/jackson-module-jaxb-annotations-2.9.9.jar:/home/user/.m2/repository/javax/enterprise/cdi-api/1.2/cdi-api-1.2.jar:/home/user/.m2/repository/javax/el/javax.el-api/3.0.0/javax.el-api-3.0.0.jar:/home/user/.m2/repository/javax/interceptor/javax.interceptor-api/1.2/javax.interceptor-api-1.2.jar:/home/user/.m2/repository/javax/inject/javax.inject/1/javax.inject-1.jar:/home/user/.m2/repository/com/sun/xml/bind/jaxb-impl/2.3.0.1/jaxb-impl-2.3.0.1.jar:/home/user/.m2/repository/com/sun/xml/bind/jaxb-core/2.3.0.1/jaxb-core-2.3.0.1.jar:/home/user/.m2/repository/javax/xml/bind/jaxb-api/2.3.0/jaxb-api-2.3.0.jar:/home/user/.m2/repository/javax/activation/activation/1.1.1/activation-1.1.1.jar:/home/user/.m2/repository/org/apache/hadoop/hadoop-ozone-csi/0.5.0-SNAPSHOT/hadoop-ozone-csi-0.5.0-SNAPSHOT.jar:/home/user/.m2/repository/com/google/protobuf/protobuf-java-util/3.5.1/protobuf-java-util-3.5.1.jar:/home/user/.m2/repository/org/apache/hadoop/hadoop-hdds-config/0.5.0-SNAPSHOT/hadoop-hdds-config-0.5.0-SNAPSHOT.jar:/home/user/.m2/repository/io/grpc/grpc-netty/1.17.1/grpc-netty-1.17.1.jar:/home/user/.m2/repository/io/grpc/grpc-core/1.17.1/grpc-core-1.17.1.jar:/home/user/.m2/repository/io/grpc/grpc-context/1.17.1/grpc-context-1.17.1.jar:/home/user/.m2/repository/com/google/errorprone/error_prone_annotations/2.2.0/error_prone_annotations-2.2.0.jar:/home/user/.m2/repository/org/codehaus/mojo/animal-sniffer-annotations/1.17/animal-sniffer-annotations-1.17.jar:/home/user/.m2/repository/io/opencensus/opencensus-api/0.17.0/opencensus-api-0.17.0.jar:/home/user/.m2/repository/io/opencensus/opencensus-contrib-grpc-metrics/0.17.0/opencensus-contrib-grpc-metrics-0.17.0.jar:/home/user/.m2/repository/io/netty/netty-codec-http2/4.1.30.Final/netty-codec-http2-4.1.30.Final.jar:/home/user/.m2/repository/io/netty/netty-codec-http/4.1.30.Final/netty-codec-http-4.1.30.Final.jar:/home/user/.m2/repository/io/netty/netty-codec/4.1.30.Final/netty-codec-4.1.30.Final.jar:/home/user/.m2/repository/io/netty/netty-handler/4.1.30.Final/netty-handler-4.1.30.Final.jar:/home/user/.m2/repository/io/netty/netty-handler-proxy/4.1.30.Final/netty-handler-proxy-4.1.30.Final.jar:/home/user/.m2/repository/io/netty/netty-codec-socks/4.1.30.Final/netty-codec-socks-4.1.30.Final.jar:/home/user/.m2/repository/io/netty/netty-transport-native-epoll/4.1.30.Final/netty-transport-native-epoll-4.1.30.Final.jar:/home/user/.m2/repository/io/netty/netty-common/4.1.30.Final/netty-common-4.1.30.Final.jar:/home/user/.m2/repository/io/netty/netty-buffer/4.1.30.Final/netty-buffer-4.1.30.Final.jar:/home/user/.m2/repository/io/netty/netty-transport/4.1.30.Final/netty-transport-4.1.30.Final.jar:/home/user/.m2/repository/io/netty/netty-resolver/4.1.30.Final/netty-resolver-4.1.30.Final.jar:/home/user/.m2/repository/io/netty/netty-transport-native-unix-common/4.1.30.Final/netty-transport-native-unix-common-4.1.30.Final.jar:/home/user/.m2/repository/io/grpc/grpc-protobuf/1.17.1/grpc-protobuf-1.17.1.jar:/home/user/.m2/repository/com/google/api/grpc/proto-google-common-protos/1.0.0/proto-google-common-protos-1.0.0.jar:/home/user/.m2/repository/io/grpc/grpc-protobuf-lite/1.17.1/grpc-protobuf-lite-1.17.1.jar:/home/user/.m2/repository/io/grpc/grpc-stub/1.17.1/grpc-stub-1.17.1.jar:/home/user/.m2/repository/org/apache/hadoop/hadoop-ozone-recon/0.5.0-SNAPSHOT/hadoop-ozone-recon-0.5.0-SNAPSHOT.jar:/home/user/.m2/repository/org/apache/hadoop/hadoop-ozone-reconcodegen/0.5.0-SNAPSHOT/hadoop-ozone-reconcodegen-0.5.0-SNAPSHOT.jar:/home/user/.m2/repository/com/google/inject/extensions/guice-multibindings/4.0/guice-multibindings-4.0.jar:/home/user/.m2/repository/com/google/inject/guice/4.0/guice-4.0.jar:/home/user/.m2/repository/aopalliance/aopalliance/1.0/aopalliance-1.0.jar:/home/user/.m2/repository/com/google/inject/extensions/guice-servlet/4.0/guice-servlet-4.0.jar:/home/user/.m2/repository/org/glassfish/jersey/containers/jersey-container-servlet/2.27/jersey-container-servlet-2.27.jar:/home/user/.m2/repository/org/glassfish/hk2/guice-bridge/2.5.0/guice-bridge-2.5.0.jar:/home/user/.m2/repository/org/glassfish/jersey/core/jersey-server/2.27/jersey-server-2.27.jar:/home/user/.m2/repository/org/glassfish/jersey/core/jersey-client/2.27/jersey-client-2.27.jar:/home/user/.m2/repository/org/glassfish/jersey/media/jersey-media-jaxb/2.27/jersey-media-jaxb-2.27.jar:/home/user/.m2/repository/javax/validation/validation-api/1.1.0.Final/validation-api-1.1.0.Final.jar:/home/user/.m2/repository/org/glassfish/jersey/media/jersey-media-json-jackson/2.27/jersey-media-json-jackson-2.27.jar:/home/user/.m2/repository/org/glassfish/jersey/ext/jersey-entity-filtering/2.27/jersey-entity-filtering-2.27.jar:/home/user/.m2/repository/com/google/inject/extensions/guice-assistedinject/4.0/guice-assistedinject-4.0.jar:/home/user/.m2/repository/org/jooq/jooq/3.11.10/jooq-3.11.10.jar:/home/user/.m2/repository/org/jooq/jooq-meta/3.11.10/jooq-meta-3.11.10.jar:/home/user/.m2/repository/org/jooq/jooq-codegen/3.11.10/jooq-codegen-3.11.10.jar:/home/user/.m2/repository/com/jolbox/bonecp/0.8.0.RELEASE/bonecp-0.8.0.RELEASE.jar:/home/user/.m2/repository/org/xerial/sqlite-jdbc/3.25.2/sqlite-jdbc-3.25.2.jar:/home/user/.m2/repository/org/springframework/spring-jdbc/5.1.3.RELEASE/spring-jdbc-5.1.3.RELEASE.jar:/home/user/.m2/repository/org/springframework/spring-beans/5.1.3.RELEASE/spring-beans-5.1.3.RELEASE.jar:/home/user/.m2/repository/org/springframework/spring-core/5.1.3.RELEASE/spring-core-5.1.3.RELEASE.jar:/home/user/.m2/repository/org/springframework/spring-jcl/5.1.3.RELEASE/spring-jcl-5.1.3.RELEASE.jar:/home/user/.m2/repository/org/springframework/spring-tx/5.1.3.RELEASE/spring-tx-5.1.3.RELEASE.jar:/home/user/.m2/repository/org/apache/hadoop/hadoop-ozone-client/0.5.0-SNAPSHOT/hadoop-ozone-client-0.5.0-SNAPSHOT.jar:/home/user/.m2/repository/commons-lang/commons-lang/2.6/commons-lang-2.6.jar:/home/user/.m2/repository/org/apache/hadoop/hadoop-ozone-ozone-manager/0.5.0-SNAPSHOT/hadoop-ozone-ozone-manager-0.5.0-SNAPSHOT-tests.jar:/home/user/.m2/repository/junit/junit/4.11/junit-4.11.jar:/home/user/.m2/repository/org/hamcrest/hamcrest-core/1.3/hamcrest-core-1.3.jar:/home/user/.m2/repository/org/openjdk/jmh/jmh-core/1.19/jmh-core-1.19.jar:/home/user/.m2/repository/net/sf/jopt-simple/jopt-simple/4.6/jopt-simple-4.6.jar:/home/user/.m2/repository/org/apache/commons/commons-math3/3.1.1/commons-math3-3.1.1.jar:/home/user/.m2/repository/org/openjdk/jmh/jmh-generator-annprocess/1.19/jmh-generator-annprocess-1.19.jar:/home/user/.m2/repository/org/mockito/mockito-all/1.8.5/mockito-all-1.8.5.jar:/home/user/.m2/repository/org/apache/hadoop/hadoop-kms/3.2.0/hadoop-kms-3.2.0.jar:/home/user/.m2/repository/org/apache/hadoop/hadoop-auth/3.2.0/hadoop-auth-3.2.0.jar:/home/user/.m2/repository/com/nimbusds/nimbus-jose-jwt/4.41.1/nimbus-jose-jwt-4.41.1.jar:/home/user/.m2/repository/com/github/stephenc/jcip/jcip-annotations/1.0-1/jcip-annotations-1.0-1.jar:/home/user/.m2/repository/net/minidev/json-smart/2.3/json-smart-2.3.jar:/home/user/.m2/repository/net/minidev/accessors-smart/1.2/accessors-smart-1.2.jar:/home/user/.m2/repository/org/ow2/asm/asm/5.0.4/asm-5.0.4.jar:/home/user/.m2/repository/org/apache/curator/curator-framework/2.12.0/curator-framework-2.12.0.jar:/home/user/.m2/repository/com/sun/jersey/jersey-core/1.19/jersey-core-1.19.jar:/home/user/.m2/repository/javax/ws/rs/jsr311-api/1.1.1/jsr311-api-1.1.1.jar:/home/user/.m2/repository/com/sun/jersey/jersey-server/1.19/jersey-server-1.19.jar:/home/user/.m2/repository/javax/servlet/javax.servlet-api/3.1.0/javax.servlet-api-3.1.0.jar:/home/user/.m2/repository/org/eclipse/jetty/jetty-server/9.3.25.v20180904/jetty-server-9.3.25.v20180904.jar:/home/user/.m2/repository/org/eclipse/jetty/jetty-http/9.3.25.v20180904/jetty-http-9.3.25.v20180904.jar:/home/user/.m2/repository/org/eclipse/jetty/jetty-io/9.3.25.v20180904/jetty-io-9.3.25.v20180904.jar:/home/user/.m2/repository/org/eclipse/jetty/jetty-webapp/9.3.25.v20180904/jetty-webapp-9.3.25.v20180904.jar:/home/user/.m2/repository/org/eclipse/jetty/jetty-xml/9.3.25.v20180904/jetty-xml-9.3.25.v20180904.jar:/home/user/.m2/repository/log4j/log4j/1.2.17/log4j-1.2.17.jar:/home/user/.m2/repository/org/slf4j/slf4j-api/1.7.25/slf4j-api-1.7.25.jar:/home/user/.m2/repository/org/slf4j/jul-to-slf4j/1.7.25/jul-to-slf4j-1.7.25.jar:/home/user/.m2/repository/org/eclipse/jetty/jetty-util/9.3.25.v20180904/jetty-util-9.3.25.v20180904.jar:/home/user/.m2/repository/com/fasterxml/jackson/core/jackson-databind/2.9.9/jackson-databind-2.9.9.jar:/home/user/.m2/repository/org/apache/hadoop/hadoop-kms/3.2.0/hadoop-kms-3.2.0-tests.jar:/home/user/.m2/repository/org/apache/hadoop/hadoop-hdds-server-scm/0.5.0-SNAPSHOT/hadoop-hdds-server-scm-0.5.0-SNAPSHOT-tests.jar:/home/user/.m2/repository/org/apache/hadoop/hadoop-hdds-container-service/0.5.0-SNAPSHOT/hadoop-hdds-container-service-0.5.0-SNAPSHOT-tests.jar:/home/user/.m2/repository/org/yaml/snakeyaml/1.16/snakeyaml-1.16.jar:/home/user/.m2/repository/org/apache/hadoop/hadoop-common/3.2.0/hadoop-common-3.2.0-tests.jar:/home/user/.m2/repository/org/apache/hadoop/hadoop-annotations/3.2.0/hadoop-annotations-3.2.0.jar:/usr/lib/jvm/java-1.8-openjdk/jre/../lib/tools.jar:/home/user/.m2/repository/commons-cli/commons-cli/1.2/commons-cli-1.2.jar:/home/user/.m2/repository/org/apache/httpcomponents/httpclient/4.5.2/httpclient-4.5.2.jar:/home/user/.m2/repository/org/apache/httpcomponents/httpcore/4.4.4/httpcore-4.4.4.jar:/home/user/.m2/repository/commons-codec/commons-codec/1.11/commons-codec-1.11.jar:/home/user/.m2/repository/commons-net/commons-net/3.6/commons-net-3.6.jar:/home/user/.m2/repository/commons-collections/commons-collections/3.2.2/commons-collections-3.2.2.jar:/home/user/.m2/repository/org/eclipse/jetty/jetty-servlet/9.3.25.v20180904/jetty-servlet-9.3.25.v20180904.jar:/home/user/.m2/repository/org/eclipse/jetty/jetty-security/9.3.25.v20180904/jetty-security-9.3.25.v20180904.jar:/home/user/.m2/repository/javax/servlet/jsp/jsp-api/2.1/jsp-api-2.1.jar:/home/user/.m2/repository/com/sun/jersey/jersey-servlet/1.19/jersey-servlet-1.19.jar:/home/user/.m2/repository/com/sun/jersey/jersey-json/1.19/jersey-json-1.19.jar:/home/user/.m2/repository/org/codehaus/jettison/jettison/1.1/jettison-1.1.jar:/home/user/.m2/repository/org/codehaus/jackson/jackson-core-asl/1.9.13/jackson-core-asl-1.9.13.jar:/home/user/.m2/repository/org/codehaus/jackson/jackson-mapper-asl/1.9.13/jackson-mapper-asl-1.9.13.jar:/home/user/.m2/repository/org/codehaus/jackson/jackson-jaxrs/1.9.13/jackson-jaxrs-1.9.13.jar:/home/user/.m2/repository/org/codehaus/jackson/jackson-xc/1.9.13/jackson-xc-1.9.13.jar:/home/user/.m2/repository/commons-logging/commons-logging/1.1.3/commons-logging-1.1.3.jar:/home/user/.m2/repository/commons-beanutils/commons-beanutils/1.9.4/commons-beanutils-1.9.4.jar:/home/user/.m2/repository/org/apache/commons/commons-configuration2/2.1.1/commons-configuration2-2.1.1.jar:/home/user/.m2/repository/org/apache/commons/commons-lang3/3.7/commons-lang3-3.7.jar:/home/user/.m2/repository/org/apache/commons/commons-text/1.4/commons-text-1.4.jar:/home/user/.m2/repository/org/apache/avro/avro/1.7.7/avro-1.7.7.jar:/home/user/.m2/repository/com/thoughtworks/paranamer/paranamer/2.3/paranamer-2.3.jar:/home/user/.m2/repository/org/xerial/snappy/snappy-java/1.0.5/snappy-java-1.0.5.jar:/home/user/.m2/repository/com/google/re2j/re2j/1.1/re2j-1.1.jar:/home/user/.m2/repository/com/google/code/gson/gson/2.2.4/gson-2.2.4.jar:/home/user/.m2/repository/com/jcraft/jsch/0.1.54/jsch-0.1.54.jar:/home/user/.m2/repository/org/apache/curator/curator-client/2.12.0/curator-client-2.12.0.jar:/home/user/.m2/repository/org/apache/curator/curator-recipes/2.12.0/curator-recipes-2.12.0.jar:/home/user/.m2/repository/com/google/code/findbugs/jsr305/3.0.0/jsr305-3.0.0.jar:/home/user/.m2/repository/org/apache/htrace/htrace-core4/4.1.0-incubating/htrace-core4-4.1.0-incubating.jar:/home/user/.m2/repository/org/apache/zookeeper/zookeeper/3.4.13/zookeeper-3.4.13.jar:/home/user/.m2/repository/jline/jline/0.9.94/jline-0.9.94.jar:/home/user/.m2/repository/org/apache/yetus/audience-annotations/0.5.0/audience-annotations-0.5.0.jar:/home/user/.m2/repository/org/codehaus/woodstox/stax2-api/3.1.4/stax2-api-3.1.4.jar:/home/user/.m2/repository/com/fasterxml/woodstox/woodstox-core/5.0.3/woodstox-core-5.0.3.jar:/home/user/.m2/repository/dnsjava/dnsjava/2.1.7/dnsjava-2.1.7.jar:/home/user/.m2/repository/org/apache/hadoop/hadoop-hdfs/3.2.0/hadoop-hdfs-3.2.0-tests.jar:/home/user/.m2/repository/org/eclipse/jetty/jetty-util-ajax/9.3.25.v20180904/jetty-util-ajax-9.3.25.v20180904.jar:/home/user/.m2/repository/commons-daemon/commons-daemon/1.0.13/commons-daemon-1.0.13.jar:/home/user/.m2/repository/io/netty/netty/3.10.5.Final/netty-3.10.5.Final.jar:/home/user/.m2/repository/io/netty/netty-all/4.0.52.Final/netty-all-4.0.52.Final.jar:/home/user/.m2/repository/org/fusesource/leveldbjni/leveldbjni-all/1.8/leveldbjni-all-1.8.jar:"/>
    <property name="sun.cpu.endian" value="little"/>
    <property name="user.home" value="/home/user"/>
    <property name="user.language" value="en"/>
    <property name="java.specification.vendor" value="Oracle Corporation"/>
    <property name="java.home" value="/usr/lib/jvm/java-1.8-openjdk/jre"/>
    <property name="java.security.krb5.conf" value="/workdir/hadoop-ozone/integration-test/target/test-classes/krb5.conf"/>
    <property name="basedir" value="/workdir/hadoop-ozone/integration-test"/>
    <property name="file.separator" value="/"/>
    <property name="line.separator" value="&#10;"/>
    <property name="java.vm.specification.vendor" value="Oracle Corporation"/>
    <property name="java.specification.name" value="Java Platform API Specification"/>
    <property name="java.awt.graphicsenv" value="sun.awt.X11GraphicsEnvironment"/>
    <property name="surefire.real.class.path" value="/workdir/hadoop-ozone/integration-test/target/surefire/surefirebooter6196729068877566633.jar"/>
    <property name="hadoop.log.dir" value="/workdir/hadoop-ozone/integration-test/target/log"/>
    <property name="sun.boot.class.path" value="/usr/lib/jvm/java-1.8-openjdk/jre/lib/resources.jar:/usr/lib/jvm/java-1.8-openjdk/jre/lib/rt.jar:/usr/lib/jvm/java-1.8-openjdk/jre/lib/sunrsasign.jar:/usr/lib/jvm/java-1.8-openjdk/jre/lib/jsse.jar:/usr/lib/jvm/java-1.8-openjdk/jre/lib/jce.jar:/usr/lib/jvm/java-1.8-openjdk/jre/lib/charsets.jar:/usr/lib/jvm/java-1.8-openjdk/jre/lib/jfr.jar:/usr/lib/jvm/java-1.8-openjdk/jre/classes"/>
    <property name="sun.management.compiler" value="HotSpot 64-Bit Tiered Compilers"/>
    <property name="java.runtime.version" value="1.8.0_212-b04"/>
    <property name="java.net.preferIPv4Stack" value="true"/>
    <property name="user.name" value="jenkins1000"/>
    <property name="path.separator" value=":"/>
    <property name="java.security.egd" value="file:///dev/urandom"/>
    <property name="os.version" value="3.10.0-957.12.2.el7.x86_64"/>
    <property name="java.endorsed.dirs" value="/usr/lib/jvm/java-1.8-openjdk/jre/lib/endorsed"/>
    <property name="java.runtime.name" value="OpenJDK Runtime Environment"/>
    <property name="file.encoding" value="UTF-8"/>
    <property name="java.vm.name" value="OpenJDK 64-Bit Server VM"/>
    <property name="test.build.webapps" value=""/>
    <property name="localRepository" value="/home/user/.m2/repository"/>
    <property name="java.vendor.url.bug" value="https://icedtea.classpath.org/bugzilla"/>
    <property name="java.io.tmpdir" value="/tmp"/>
    <property name="require.test.libhadoop" value=""/>
    <property name="java.version" value="1.8.0_212"/>
    <property name="user.dir" value="/workdir/hadoop-ozone/integration-test"/>
    <property name="os.arch" value="amd64"/>
    <property name="java.vm.specification.name" value="Java Virtual Machine Specification"/>
    <property name="test.build.classes" value="/workdir/hadoop-ozone/integration-test/target/test-classes"/>
    <property name="java.awt.printerjob" value="sun.print.PSPrinterJob"/>
    <property name="sun.os.patch.level" value="unknown"/>
    <property name="hadoop.tmp.dir" value="/workdir/hadoop-ozone/integration-test/target/tmp"/>
    <property name="java.library.path" value="/usr/lib/jvm/java-1.8-openjdk/jre/lib/amd64/server:/usr/lib/jvm/java-1.8-openjdk/jre/lib/amd64:/usr/lib/jvm/java-1.8-openjdk/jre/../lib/amd64:/workdir/hadoop-ozone/integration-test/target/native/target/usr/local/lib:/workdir/hadoop-ozone/integration-test/../../hadoop-common-project/hadoop-common/target/native/target/usr/local/lib:/usr/java/packages/lib/amd64:/usr/lib64:/lib64:/lib:/usr/lib"/>
    <property name="java.vm.info" value="mixed mode"/>
    <property name="java.vendor" value="IcedTea"/>
    <property name="java.vm.version" value="25.212-b04"/>
    <property name="java.ext.dirs" value="/usr/lib/jvm/java-1.8-openjdk/jre/lib/ext:/usr/java/packages/lib/ext"/>
    <property name="sun.io.unicode.encoding" value="UnicodeLittle"/>
    <property name="java.class.version" value="52.0"/>
  </properties>
  <testcase name="test2WayCommitForRetryfailure" classname="org.apache.hadoop.ozone.client.rpc.Test2WayCommitInRatis" time="37.588">
    <error message="org.apache.ratis.protocol.RaftRetryFailureException: Failed RaftClientRequest:client-E7FBFDE436DA-&gt;5ee5fc6f-fdaa-4b19-9e07-086f7bbe3426@group-9AEDFBD0BB30, cid=14, seq=2*, RW, cmdType: CloseContainer&#10;traceID: &quot;d0104e53f3737d73:d0104e53f3737d73:0:0&quot;&#10;containerID: 1&#10;datanodeUuid: &quot;20fd5385-81a2-480d-b174-88f0e4149f34&quot;&#10;closeContainer {&#10;}&#10;, data.size=0 for 20 attempts with RetryLimited(maxAttempts=20, sleepTime=1000ms)" type="java.util.concurrent.ExecutionException">java.util.concurrent.ExecutionException: 
org.apache.ratis.protocol.RaftRetryFailureException: Failed RaftClientRequest:client-E7FBFDE436DA->5ee5fc6f-fdaa-4b19-9e07-086f7bbe3426@group-9AEDFBD0BB30, cid=14, seq=2*, RW, cmdType: CloseContainer
traceID: "d0104e53f3737d73:d0104e53f3737d73:0:0"
containerID: 1
datanodeUuid: "20fd5385-81a2-480d-b174-88f0e4149f34"
closeContainer {
}
, data.size=0 for 20 attempts with RetryLimited(maxAttempts=20, sleepTime=1000ms)
	at java.util.concurrent.CompletableFuture.reportGet(CompletableFuture.java:357)
	at java.util.concurrent.CompletableFuture.get(CompletableFuture.java:1895)
	at org.apache.hadoop.ozone.client.rpc.Test2WayCommitInRatis.test2WayCommitForRetryfailure(Test2WayCommitInRatis.java:144)
	at sun.reflect.NativeMethodAccessorImpl.invoke0(Native Method)
	at sun.reflect.NativeMethodAccessorImpl.invoke(NativeMethodAccessorImpl.java:62)
	at sun.reflect.DelegatingMethodAccessorImpl.invoke(DelegatingMethodAccessorImpl.java:43)
	at java.lang.reflect.Method.invoke(Method.java:498)
	at org.junit.runners.model.FrameworkMethod$1.runReflectiveCall(FrameworkMethod.java:47)
	at org.junit.internal.runners.model.ReflectiveCallable.run(ReflectiveCallable.java:12)
	at org.junit.runners.model.FrameworkMethod.invokeExplosively(FrameworkMethod.java:44)
	at org.junit.internal.runners.statements.InvokeMethod.evaluate(InvokeMethod.java:17)
	at org.junit.runners.ParentRunner.runLeaf(ParentRunner.java:271)
	at org.junit.runners.BlockJUnit4ClassRunner.runChild(BlockJUnit4ClassRunner.java:70)
	at org.junit.runners.BlockJUnit4ClassRunner.runChild(BlockJUnit4ClassRunner.java:50)
	at org.junit.runners.ParentRunner$3.run(ParentRunner.java:238)
	at org.junit.runners.ParentRunner$1.schedule(ParentRunner.java:63)
	at org.junit.runners.ParentRunner.runChildren(ParentRunner.java:236)
	at org.junit.runners.ParentRunner.access$000(ParentRunner.java:53)
	at org.junit.runners.ParentRunner$2.evaluate(ParentRunner.java:229)
	at org.junit.runners.ParentRunner.run(ParentRunner.java:309)
	at org.apache.maven.surefire.junit4.JUnit4Provider.execute(JUnit4Provider.java:365)
	at org.apache.maven.surefire.junit4.JUnit4Provider.executeWithRerun(JUnit4Provider.java:273)
	at org.apache.maven.surefire.junit4.JUnit4Provider.executeTestSet(JUnit4Provider.java:238)
	at org.apache.maven.surefire.junit4.JUnit4Provider.invoke(JUnit4Provider.java:159)
	at org.apache.maven.surefire.booter.ForkedBooter.invokeProviderInSameClassLoader(ForkedBooter.java:384)
	at org.apache.maven.surefire.booter.ForkedBooter.runSuitesInProcess(ForkedBooter.java:345)
	at org.apache.maven.surefire.booter.ForkedBooter.execute(ForkedBooter.java:126)
	at org.apache.maven.surefire.booter.ForkedBooter.main(ForkedBooter.java:418)
Caused by: org.apache.ratis.protocol.RaftRetryFailureException: Failed RaftClientRequest:client-E7FBFDE436DA->5ee5fc6f-fdaa-4b19-9e07-086f7bbe3426@group-9AEDFBD0BB30, cid=14, seq=2*, RW, cmdType: CloseContainer
traceID: "d0104e53f3737d73:d0104e53f3737d73:0:0"
containerID: 1
datanodeUuid: "20fd5385-81a2-480d-b174-88f0e4149f34"
closeContainer {
}
, data.size=0 for 20 attempts with RetryLimited(maxAttempts=20, sleepTime=1000ms)
	at org.apache.ratis.client.impl.RaftClientImpl.noMoreRetries(RaftClientImpl.java:271)
	at org.apache.ratis.client.impl.OrderedAsync.handleAsyncRetryFailure(OrderedAsync.java:138)
	at org.apache.ratis.client.impl.OrderedAsync.lambda$sendRequest$10(OrderedAsync.java:230)
	at java.util.concurrent.CompletableFuture.uniExceptionally(CompletableFuture.java:870)
	at java.util.concurrent.CompletableFuture$UniExceptionally.tryFire(CompletableFuture.java:852)
	at java.util.concurrent.CompletableFuture.postComplete(CompletableFuture.java:474)
	at java.util.concurrent.CompletableFuture.completeExceptionally(CompletableFuture.java:1977)
	at org.apache.ratis.grpc.client.GrpcClientProtocolClient$AsyncStreamObservers.completeReplyExceptionally(GrpcClientProtocolClient.java:345)
	at org.apache.ratis.grpc.client.GrpcClientProtocolClient$AsyncStreamObservers.access$000(GrpcClientProtocolClient.java:261)
	at org.apache.ratis.grpc.client.GrpcClientProtocolClient$AsyncStreamObservers$1.onNext(GrpcClientProtocolClient.java:273)
	at org.apache.ratis.grpc.client.GrpcClientProtocolClient$AsyncStreamObservers$1.onNext(GrpcClientProtocolClient.java:264)
	at org.apache.ratis.thirdparty.io.grpc.stub.ClientCalls$StreamObserverToCallListenerAdapter.onMessage(ClientCalls.java:421)
	at org.apache.ratis.thirdparty.io.grpc.ForwardingClientCallListener.onMessage(ForwardingClientCallListener.java:33)
	at org.apache.ratis.thirdparty.io.grpc.ForwardingClientCallListener.onMessage(ForwardingClientCallListener.java:33)
	at org.apache.ratis.thirdparty.io.grpc.internal.ClientCallImpl$ClientStreamListenerImpl$1MessagesAvailable.runInContext(ClientCallImpl.java:519)
	at org.apache.ratis.thirdparty.io.grpc.internal.ContextRunnable.run(ContextRunnable.java:37)
	at org.apache.ratis.thirdparty.io.grpc.internal.SerializingExecutor.run(SerializingExecutor.java:123)
	at java.util.concurrent.ThreadPoolExecutor.runWorker(ThreadPoolExecutor.java:1149)
	at java.util.concurrent.ThreadPoolExecutor$Worker.run(ThreadPoolExecutor.java:624)
	at java.lang.Thread.run(Thread.java:748)
Caused by: org.apache.ratis.protocol.NotLeaderException: Server 5ee5fc6f-fdaa-4b19-9e07-086f7bbe3426@group-9AEDFBD0BB30 is not the leader bdc82da4-7981-40ca-bca7-6643a3478f33:192.168.151.100:46068
	at org.apache.ratis.client.impl.ClientProtoUtils.toRaftClientReply(ClientProtoUtils.java:243)
	at org.apache.ratis.grpc.client.GrpcClientProtocolClient$AsyncStreamObservers$1.onNext(GrpcClientProtocolClient.java:269)
	... 10 more
</error>
    <system-out><![CDATA[2019-10-07 12:25:38,641 [main] WARN  server.ServerUtils (ServerUtils.java:getScmDbDir(145)) - ozone.scm.db.dirs is not configured. We recommend adding this setting. Falling back to ozone.metadata.dirs instead.
2019-10-07 12:25:38,757 [main] WARN  server.ServerUtils (ServerUtils.java:getScmDbDir(145)) - ozone.scm.db.dirs is not configured. We recommend adding this setting. Falling back to ozone.metadata.dirs instead.
2019-10-07 12:25:38,760 [main] WARN  server.ServerUtils (ServerUtils.java:getScmDbDir(145)) - ozone.scm.db.dirs is not configured. We recommend adding this setting. Falling back to ozone.metadata.dirs instead.
2019-10-07 12:25:38,787 [main] INFO  util.log (Log.java:initialized(192)) - Logging initialized @858ms
2019-10-07 12:25:38,996 [main] INFO  db.DBStoreBuilder (DBStoreBuilder.java:addTable(117)) - using custom profile for table: deletedBlocks
2019-10-07 12:25:38,996 [main] INFO  db.DBStoreBuilder (DBStoreBuilder.java:processTables(168)) - Using default column profile:DBProfile.DISK for Table:deletedBlocks
2019-10-07 12:25:38,997 [main] INFO  db.DBStoreBuilder (DBStoreBuilder.java:addTable(117)) - using custom profile for table: validCerts
2019-10-07 12:25:38,997 [main] INFO  db.DBStoreBuilder (DBStoreBuilder.java:processTables(168)) - Using default column profile:DBProfile.DISK for Table:validCerts
2019-10-07 12:25:38,998 [main] INFO  db.DBStoreBuilder (DBStoreBuilder.java:addTable(117)) - using custom profile for table: revokedCerts
2019-10-07 12:25:38,998 [main] INFO  db.DBStoreBuilder (DBStoreBuilder.java:processTables(168)) - Using default column profile:DBProfile.DISK for Table:revokedCerts
2019-10-07 12:25:39,016 [main] INFO  db.DBStoreBuilder (DBStoreBuilder.java:addTable(117)) - using custom profile for table: default
2019-10-07 12:25:39,017 [main] INFO  db.DBStoreBuilder (DBStoreBuilder.java:processTables(174)) - Using default column profile:DBProfile.DISK for Table:default
2019-10-07 12:25:39,018 [main] INFO  db.DBStoreBuilder (DBStoreBuilder.java:getDbProfile(205)) - Using default options. DBProfile.DISK
2019-10-07 12:25:39,319 [main] INFO  net.NodeSchemaLoader (NodeSchemaLoader.java:loadSchemaFromFile(125)) - Loading file from sun.misc.CompoundEnumeration@2b71e916
2019-10-07 12:25:39,321 [main] INFO  net.NodeSchemaLoader (NodeSchemaLoader.java:loadSchema(171)) - Loading network topology layer schema file
2019-10-07 12:25:39,394 [main] WARN  server.ServerUtils (ServerUtils.java:sanitizeUserArgs(70)) - ozone.scm.stale.node.interval value = 300000 is larger than max = 100000 based on the key value of ozone.scm.heartbeat.thread.interval, reset to the max value 100000.
2019-10-07 12:25:39,396 [main] WARN  server.ServerUtils (ServerUtils.java:sanitizeUserArgs(70)) - ozone.scm.stale.node.interval value = 300000 is larger than max = 100000 based on the key value of ozone.scm.heartbeat.thread.interval, reset to the max value 100000.
2019-10-07 12:25:39,398 [main] INFO  node.SCMNodeManager (SCMNodeManager.java:<init>(116)) - Entering startup safe mode.
2019-10-07 12:25:39,467 [main] INFO  algorithms.ContainerPlacementPolicyFactory (ContainerPlacementPolicyFactory.java:getPolicy(57)) - Create container placement policy of type org.apache.hadoop.hdds.scm.container.placement.algorithms.SCMContainerPlacementRandom
2019-10-07 12:25:39,481 [main] WARN  server.ServerUtils (ServerUtils.java:getScmDbDir(145)) - ozone.scm.db.dirs is not configured. We recommend adding this setting. Falling back to ozone.metadata.dirs instead.
2019-10-07 12:25:39,562 [main] INFO  pipeline.SCMPipelineManager (SCMPipelineManager.java:initializePipelineState(132)) - No pipeline exists in current db
2019-10-07 12:25:39,565 [main] WARN  server.ServerUtils (ServerUtils.java:getScmDbDir(145)) - ozone.scm.db.dirs is not configured. We recommend adding this setting. Falling back to ozone.metadata.dirs instead.
2019-10-07 12:25:39,687 [main] WARN  events.EventQueue (EventQueue.java:fireEvent(183)) - No event handler registered for event TypedEvent{payloadType=SafeModeStatus, name='SafeModeStatus'}
2019-10-07 12:25:40,025 [main] INFO  ipc.CallQueueManager (CallQueueManager.java:<init>(84)) - Using callQueue: class java.util.concurrent.LinkedBlockingQueue, queueCapacity: 2000, scheduler: class org.apache.hadoop.ipc.DefaultRpcScheduler, ipcBackoff: false.
2019-10-07 12:25:40,053 [Socket Reader #1 for port 34855] INFO  ipc.Server (Server.java:run(1074)) - Starting Socket Reader #1 for port 34855
2019-10-07 12:25:40,171 [main] INFO  ipc.CallQueueManager (CallQueueManager.java:<init>(84)) - Using callQueue: class java.util.concurrent.LinkedBlockingQueue, queueCapacity: 2000, scheduler: class org.apache.hadoop.ipc.DefaultRpcScheduler, ipcBackoff: false.
2019-10-07 12:25:40,172 [Socket Reader #1 for port 45238] INFO  ipc.Server (Server.java:run(1074)) - Starting Socket Reader #1 for port 45238
2019-10-07 12:25:40,182 [main] INFO  ipc.CallQueueManager (CallQueueManager.java:<init>(84)) - Using callQueue: class java.util.concurrent.LinkedBlockingQueue, queueCapacity: 2000, scheduler: class org.apache.hadoop.ipc.DefaultRpcScheduler, ipcBackoff: false.
2019-10-07 12:25:40,183 [Socket Reader #1 for port 36322] INFO  ipc.Server (Server.java:run(1074)) - Starting Socket Reader #1 for port 36322
2019-10-07 12:25:40,206 [main] INFO  hdfs.DFSUtil (DFSUtil.java:httpServerTemplateForNNAndJN(1641)) - Starting Web-server for scm at: http://0.0.0.0:0
2019-10-07 12:25:40,337 [main] INFO  server.AuthenticationFilter (AuthenticationFilter.java:constructSecretProvider(240)) - Unable to initialize FileSignerSecretProvider, falling back to use random secrets.
2019-10-07 12:25:40,344 [main] WARN  http.HttpRequestLog (HttpRequestLog.java:getRequestLog(97)) - Jetty request log can only be enabled using Log4j
2019-10-07 12:25:40,352 [main] INFO  http.HttpServer2 (HttpServer2.java:addGlobalFilter(975)) - Added global filter 'safety' (class=org.apache.hadoop.http.HttpServer2$QuotingInputFilter)
2019-10-07 12:25:40,355 [main] INFO  http.HttpServer2 (HttpServer2.java:addFilter(948)) - Added filter static_user_filter (class=org.apache.hadoop.http.lib.StaticUserWebFilter$StaticUserFilter) to context scm
2019-10-07 12:25:40,355 [main] INFO  http.HttpServer2 (HttpServer2.java:addFilter(958)) - Added filter static_user_filter (class=org.apache.hadoop.http.lib.StaticUserWebFilter$StaticUserFilter) to context logs
2019-10-07 12:25:40,355 [main] INFO  http.HttpServer2 (HttpServer2.java:addFilter(958)) - Added filter static_user_filter (class=org.apache.hadoop.http.lib.StaticUserWebFilter$StaticUserFilter) to context static
2019-10-07 12:25:40,384 [main] INFO  server.StorageContainerManager (StorageContainerManager.java:start(770)) - StorageContainerLocationProtocol RPC server is listening at /0.0.0.0:36322
2019-10-07 12:25:40,444 [main] WARN  impl.MetricsConfig (MetricsConfig.java:loadFirst(134)) - Cannot locate configuration: tried hadoop-metrics2-storagecontainermanager.properties,hadoop-metrics2.properties
2019-10-07 12:25:40,457 [main] INFO  impl.MetricsSystemImpl (MetricsSystemImpl.java:startTimer(374)) - Scheduled Metric snapshot period at 10 second(s).
2019-10-07 12:25:40,457 [main] INFO  impl.MetricsSystemImpl (MetricsSystemImpl.java:start(191)) - StorageContainerManager metrics system started
2019-10-07 12:25:40,644 [main] INFO  server.SCMClientProtocolServer (SCMClientProtocolServer.java:start(159)) - RPC server for Client  is listening at /0.0.0.0:36322
2019-10-07 12:25:40,645 [IPC Server listener on 36322] INFO  ipc.Server (Server.java:run(1153)) - IPC Server listener on 36322: starting
2019-10-07 12:25:40,645 [IPC Server Responder] INFO  ipc.Server (Server.java:run(1314)) - IPC Server Responder: starting
2019-10-07 12:25:40,647 [main] INFO  server.StorageContainerManager (StorageContainerManager.java:start(780)) - ScmBlockLocationProtocol RPC server is listening at /0.0.0.0:45238
2019-10-07 12:25:40,648 [main] INFO  server.SCMBlockProtocolServer (SCMBlockProtocolServer.java:start(146)) - RPC server for Block Protocol is listening at /0.0.0.0:45238
2019-10-07 12:25:40,648 [IPC Server Responder] INFO  ipc.Server (Server.java:run(1314)) - IPC Server Responder: starting
2019-10-07 12:25:40,648 [IPC Server listener on 45238] INFO  ipc.Server (Server.java:run(1153)) - IPC Server listener on 45238: starting
2019-10-07 12:25:40,650 [main] INFO  server.StorageContainerManager (StorageContainerManager.java:start(784)) - ScmDatanodeProtocl RPC server is listening at /0.0.0.0:34855
2019-10-07 12:25:40,650 [main] INFO  server.SCMDatanodeProtocolServer (SCMDatanodeProtocolServer.java:start(169)) - RPC server for DataNodes is listening at /0.0.0.0:34855
2019-10-07 12:25:40,651 [IPC Server Responder] INFO  ipc.Server (Server.java:run(1314)) - IPC Server Responder: starting
2019-10-07 12:25:40,651 [IPC Server listener on 34855] INFO  ipc.Server (Server.java:run(1153)) - IPC Server listener on 34855: starting
2019-10-07 12:25:40,654 [main] INFO  http.HttpServer2 (HttpServer2.java:bindListener(1191)) - Jetty bound to port 43683
2019-10-07 12:25:40,656 [main] INFO  server.Server (Server.java:doStart(351)) - jetty-9.3.25.v20180904, build timestamp: 2018-09-04T21:11:46Z, git hash: 3ce520221d0240229c862b122d2b06c12a625732
2019-10-07 12:25:40,693 [main] INFO  handler.ContextHandler (ContextHandler.java:doStart(781)) - Started o.e.j.s.ServletContextHandler@340da44c{/logs,file:///workdir/hadoop-ozone/integration-test/target/log,AVAILABLE}
2019-10-07 12:25:40,694 [main] INFO  handler.ContextHandler (ContextHandler.java:doStart(781)) - Started o.e.j.s.ServletContextHandler@37052337{/static,file:///workdir/hadoop-ozone/integration-test/target/test-classes/webapps/static,AVAILABLE}
2019-10-07 12:25:40,727 [main] INFO  handler.ContextHandler (ContextHandler.java:doStart(781)) - Started o.e.j.w.WebAppContext@3b366632{/,file:///workdir/hadoop-ozone/integration-test/target/test-classes/webapps/scm/,AVAILABLE}{/scm}
2019-10-07 12:25:40,732 [main] INFO  server.AbstractConnector (AbstractConnector.java:doStart(278)) - Started ServerConnector@6815c5f2{HTTP/1.1,[http/1.1]}{0.0.0.0:43683}
2019-10-07 12:25:40,733 [main] INFO  server.Server (Server.java:doStart(419)) - Started @2803ms
2019-10-07 12:25:40,735 [main] INFO  impl.MetricsSinkAdapter (MetricsSinkAdapter.java:start(204)) - Sink prometheus started
2019-10-07 12:25:40,735 [main] INFO  impl.MetricsSystemImpl (MetricsSystemImpl.java:registerSink(301)) - Registered sink prometheus
2019-10-07 12:25:40,736 [main] INFO  server.BaseHttpServer (BaseHttpServer.java:updateConnectorAddress(215)) - HTTP server of SCM is listening at http://0.0.0.0:43683
2019-10-07 12:25:40,744 [org.apache.hadoop.util.JvmPauseMonitor$Monitor@4263b080] INFO  util.JvmPauseMonitor (JvmPauseMonitor.java:run(188)) - Starting JVM pause monitor
2019-10-07 12:25:40,750 [main] WARN  server.ServerUtils (ServerUtils.java:getDBPath(222)) - ozone.om.db.dirs is not configured. We recommend adding this setting. Falling back to ozone.metadata.dirs instead.
2019-10-07 12:25:40,878 [main] INFO  ha.OMHANodeDetails (OMHANodeDetails.java:loadOMHAConfig(190)) - Configuration either no ozone.om.address set. Falling back to the default OM address /127.0.0.1:0
2019-10-07 12:25:40,878 [main] INFO  ha.OMHANodeDetails (OMHANodeDetails.java:getOMNodeDetails(220)) - OM Service ID is not set. Setting it to the default ID: omServiceIdDefault
2019-10-07 12:25:40,880 [main] WARN  server.ServerUtils (ServerUtils.java:getDBPath(222)) - ozone.om.db.dirs is not configured. We recommend adding this setting. Falling back to ozone.metadata.dirs instead.
2019-10-07 12:25:40,880 [main] WARN  server.ServerUtils (ServerUtils.java:getDBPath(222)) - ozone.om.db.dirs is not configured. We recommend adding this setting. Falling back to ozone.metadata.dirs instead.
2019-10-07 12:25:41,509 [main] WARN  server.ServerUtils (ServerUtils.java:getDBPath(222)) - ozone.om.db.dirs is not configured. We recommend adding this setting. Falling back to ozone.metadata.dirs instead.
2019-10-07 12:25:41,516 [main] INFO  db.DBStoreBuilder (DBStoreBuilder.java:addTable(117)) - using custom profile for table: userTable
2019-10-07 12:25:41,516 [main] INFO  db.DBStoreBuilder (DBStoreBuilder.java:processTables(168)) - Using default column profile:DBProfile.DISK for Table:userTable
2019-10-07 12:25:41,517 [main] INFO  db.DBStoreBuilder (DBStoreBuilder.java:addTable(117)) - using custom profile for table: volumeTable
2019-10-07 12:25:41,517 [main] INFO  db.DBStoreBuilder (DBStoreBuilder.java:processTables(168)) - Using default column profile:DBProfile.DISK for Table:volumeTable
2019-10-07 12:25:41,517 [main] INFO  db.DBStoreBuilder (DBStoreBuilder.java:addTable(117)) - using custom profile for table: bucketTable
2019-10-07 12:25:41,517 [main] INFO  db.DBStoreBuilder (DBStoreBuilder.java:processTables(168)) - Using default column profile:DBProfile.DISK for Table:bucketTable
2019-10-07 12:25:41,518 [main] INFO  db.DBStoreBuilder (DBStoreBuilder.java:addTable(117)) - using custom profile for table: keyTable
2019-10-07 12:25:41,518 [main] INFO  db.DBStoreBuilder (DBStoreBuilder.java:processTables(168)) - Using default column profile:DBProfile.DISK for Table:keyTable
2019-10-07 12:25:41,518 [main] INFO  db.DBStoreBuilder (DBStoreBuilder.java:addTable(117)) - using custom profile for table: deletedTable
2019-10-07 12:25:41,518 [main] INFO  db.DBStoreBuilder (DBStoreBuilder.java:processTables(168)) - Using default column profile:DBProfile.DISK for Table:deletedTable
2019-10-07 12:25:41,519 [main] INFO  db.DBStoreBuilder (DBStoreBuilder.java:addTable(117)) - using custom profile for table: openKeyTable
2019-10-07 12:25:41,519 [main] INFO  db.DBStoreBuilder (DBStoreBuilder.java:processTables(168)) - Using default column profile:DBProfile.DISK for Table:openKeyTable
2019-10-07 12:25:41,519 [main] INFO  db.DBStoreBuilder (DBStoreBuilder.java:addTable(117)) - using custom profile for table: s3Table
2019-10-07 12:25:41,519 [main] INFO  db.DBStoreBuilder (DBStoreBuilder.java:processTables(168)) - Using default column profile:DBProfile.DISK for Table:s3Table
2019-10-07 12:25:41,519 [main] INFO  db.DBStoreBuilder (DBStoreBuilder.java:addTable(117)) - using custom profile for table: multipartInfoTable
2019-10-07 12:25:41,520 [main] INFO  db.DBStoreBuilder (DBStoreBuilder.java:processTables(168)) - Using default column profile:DBProfile.DISK for Table:multipartInfoTable
2019-10-07 12:25:41,520 [main] INFO  db.DBStoreBuilder (DBStoreBuilder.java:addTable(117)) - using custom profile for table: dTokenTable
2019-10-07 12:25:41,520 [main] INFO  db.DBStoreBuilder (DBStoreBuilder.java:processTables(168)) - Using default column profile:DBProfile.DISK for Table:dTokenTable
2019-10-07 12:25:41,520 [main] INFO  db.DBStoreBuilder (DBStoreBuilder.java:addTable(117)) - using custom profile for table: s3SecretTable
2019-10-07 12:25:41,521 [main] INFO  db.DBStoreBuilder (DBStoreBuilder.java:processTables(168)) - Using default column profile:DBProfile.DISK for Table:s3SecretTable
2019-10-07 12:25:41,521 [main] INFO  db.DBStoreBuilder (DBStoreBuilder.java:addTable(117)) - using custom profile for table: prefixTable
2019-10-07 12:25:41,521 [main] INFO  db.DBStoreBuilder (DBStoreBuilder.java:processTables(168)) - Using default column profile:DBProfile.DISK for Table:prefixTable
2019-10-07 12:25:41,521 [main] INFO  db.DBStoreBuilder (DBStoreBuilder.java:addTable(117)) - using custom profile for table: default
2019-10-07 12:25:41,521 [main] INFO  db.DBStoreBuilder (DBStoreBuilder.java:processTables(174)) - Using default column profile:DBProfile.DISK for Table:default
2019-10-07 12:25:41,522 [main] INFO  db.DBStoreBuilder (DBStoreBuilder.java:getDbProfile(205)) - Using default options. DBProfile.DISK
2019-10-07 12:25:42,254 [main] INFO  ipc.CallQueueManager (CallQueueManager.java:<init>(84)) - Using callQueue: class java.util.concurrent.LinkedBlockingQueue, queueCapacity: 2000, scheduler: class org.apache.hadoop.ipc.DefaultRpcScheduler, ipcBackoff: false.
2019-10-07 12:25:42,255 [Socket Reader #1 for port 38893] INFO  ipc.Server (Server.java:run(1074)) - Starting Socket Reader #1 for port 38893
2019-10-07 12:25:42,282 [main] INFO  om.OzoneManager (OzoneManager.java:start(1069)) - OzoneManager RPC server is listening at localhost/127.0.0.1:38893
2019-10-07 12:25:42,282 [main] INFO  impl.MetricsSystemImpl (MetricsSystemImpl.java:init(158)) - OzoneManager metrics system started (again)
2019-10-07 12:25:42,295 [IPC Server Responder] INFO  ipc.Server (Server.java:run(1314)) - IPC Server Responder: starting
2019-10-07 12:25:42,295 [IPC Server listener on 38893] INFO  ipc.Server (Server.java:run(1153)) - IPC Server listener on 38893: starting
2019-10-07 12:25:42,303 [main] INFO  hdfs.DFSUtil (DFSUtil.java:httpServerTemplateForNNAndJN(1641)) - Starting Web-server for ozoneManager at: http://0.0.0.0:0
2019-10-07 12:25:42,305 [main] INFO  server.AuthenticationFilter (AuthenticationFilter.java:constructSecretProvider(240)) - Unable to initialize FileSignerSecretProvider, falling back to use random secrets.
2019-10-07 12:25:42,306 [main] WARN  http.HttpRequestLog (HttpRequestLog.java:getRequestLog(97)) - Jetty request log can only be enabled using Log4j
2019-10-07 12:25:42,309 [main] INFO  http.HttpServer2 (HttpServer2.java:addGlobalFilter(975)) - Added global filter 'safety' (class=org.apache.hadoop.http.HttpServer2$QuotingInputFilter)
2019-10-07 12:25:42,310 [main] INFO  http.HttpServer2 (HttpServer2.java:addFilter(948)) - Added filter static_user_filter (class=org.apache.hadoop.http.lib.StaticUserWebFilter$StaticUserFilter) to context ozoneManager
2019-10-07 12:25:42,311 [main] INFO  http.HttpServer2 (HttpServer2.java:addFilter(958)) - Added filter static_user_filter (class=org.apache.hadoop.http.lib.StaticUserWebFilter$StaticUserFilter) to context logs
2019-10-07 12:25:42,311 [main] INFO  http.HttpServer2 (HttpServer2.java:addFilter(958)) - Added filter static_user_filter (class=org.apache.hadoop.http.lib.StaticUserWebFilter$StaticUserFilter) to context static
2019-10-07 12:25:42,314 [main] INFO  http.HttpServer2 (HttpServer2.java:bindListener(1191)) - Jetty bound to port 35283
2019-10-07 12:25:42,314 [main] INFO  server.Server (Server.java:doStart(351)) - jetty-9.3.25.v20180904, build timestamp: 2018-09-04T21:11:46Z, git hash: 3ce520221d0240229c862b122d2b06c12a625732
2019-10-07 12:25:42,317 [main] INFO  handler.ContextHandler (ContextHandler.java:doStart(781)) - Started o.e.j.s.ServletContextHandler@49aa766b{/logs,file:///workdir/hadoop-ozone/integration-test/target/log,AVAILABLE}
2019-10-07 12:25:42,318 [main] INFO  handler.ContextHandler (ContextHandler.java:doStart(781)) - Started o.e.j.s.ServletContextHandler@65004ff6{/static,file:///workdir/hadoop-ozone/integration-test/target/test-classes/webapps/static,AVAILABLE}
2019-10-07 12:25:42,325 [main] INFO  handler.ContextHandler (ContextHandler.java:doStart(781)) - Started o.e.j.w.WebAppContext@4158debd{/,file:///workdir/hadoop-ozone/integration-test/target/test-classes/webapps/ozoneManager/,AVAILABLE}{/ozoneManager}
2019-10-07 12:25:42,326 [main] INFO  server.AbstractConnector (AbstractConnector.java:doStart(278)) - Started ServerConnector@af78c87{HTTP/1.1,[http/1.1]}{0.0.0.0:35283}
2019-10-07 12:25:42,326 [main] INFO  server.Server (Server.java:doStart(419)) - Started @4397ms
2019-10-07 12:25:42,327 [main] WARN  impl.MetricsSystemImpl (MetricsSystemImpl.java:register(276)) - Sink prometheus already exists!
2019-10-07 12:25:42,329 [main] INFO  server.BaseHttpServer (BaseHttpServer.java:updateConnectorAddress(215)) - HTTP server of OZONEMANAGER is listening at http://0.0.0.0:35283
2019-10-07 12:25:42,620 [main] INFO  impl.MetricsSystemImpl (MetricsSystemImpl.java:init(158)) - HddsDatanode metrics system started (again)
2019-10-07 12:25:42,666 [main] INFO  ozone.HddsDatanodeService (HddsDatanodeService.java:start(184)) - HddsDatanodeService host:pr-hdds-2264-877rn-2827291287 ip:192.168.151.100
2019-10-07 12:25:42,699 [main] INFO  volume.HddsVolume (HddsVolume.java:<init>(176)) - Creating Volume: /workdir/hadoop-ozone/integration-test/target/test-dir/MiniOzoneClusterImpl-5b1ddd53-7c01-4eef-9c8a-394c48c68778/datanode-0/data/containers/hdds of  storage type : DISK and capacity : 1482555576320
2019-10-07 12:25:42,714 [main] INFO  volume.VolumeSet (VolumeSet.java:initializeVolumeSet(170)) - Added Volume : /workdir/hadoop-ozone/integration-test/target/test-dir/MiniOzoneClusterImpl-5b1ddd53-7c01-4eef-9c8a-394c48c68778/datanode-0/data/containers/hdds to VolumeSet
2019-10-07 12:25:42,724 [main] INFO  volume.ThrottledAsyncChecker (ThrottledAsyncChecker.java:schedule(139)) - Scheduling a check for org.apache.hadoop.ozone.container.common.volume.HddsVolume@787f32b7
2019-10-07 12:25:42,753 [main] INFO  volume.HddsVolumeChecker (HddsVolumeChecker.java:checkAllVolumes(202)) - Scheduled health check for volume org.apache.hadoop.ozone.container.common.volume.HddsVolume@787f32b7
2019-10-07 12:25:42,892 [main] INFO  impl.RaftServerProxy (ConfUtils.java:logGet(43)) - raft.rpc.type = GRPC (default)
2019-10-07 12:25:42,959 [main] INFO  grpc.GrpcFactory (GrpcFactory.java:checkPooledByteBufAllocatorUseCacheForAllThreads(45)) - PERFORMANCE WARNING: useCacheForAllThreads is true that may cause Netty to create a lot garbage objects and, as a result, trigger GC.
	It is recommended to disable useCacheForAllThreads by setting -Dorg.apache.ratis.thirdparty.io.netty.allocator.useCacheForAllThreads=false in command line.
2019-10-07 12:25:42,964 [main] INFO  grpc.GrpcConfigKeys$Server (ConfUtils.java:logGet(43)) - raft.grpc.server.port = 0 (default)
2019-10-07 12:25:42,965 [main] INFO  server.GrpcService (ConfUtils.java:logGet(43)) - raft.grpc.message.size.max = 33570816 (custom)
2019-10-07 12:25:42,967 [main] INFO  server.RaftServerConfigKeys (ConfUtils.java:logGet(43)) - raft.server.log.appender.buffer.byte-limit = 33554432 (custom)
2019-10-07 12:25:42,967 [main] INFO  server.GrpcService (ConfUtils.java:logGet(43)) - raft.grpc.flow.control.window = 1MB (=1048576) (default)
2019-10-07 12:25:42,968 [main] INFO  server.RaftServerConfigKeys (ConfUtils.java:logGet(43)) - raft.server.rpc.request.timeout = 3000ms (default)
2019-10-07 12:25:43,133 [main] INFO  server.RaftServerConfigKeys (ConfUtils.java:logGet(43)) - raft.server.storage.dir = [/workdir/hadoop-ozone/integration-test/target/test-dir/MiniOzoneClusterImpl-5b1ddd53-7c01-4eef-9c8a-394c48c68778/datanode-0/data/ratis] (custom)
2019-10-07 12:25:43,189 [main] INFO  hdfs.DFSUtil (DFSUtil.java:httpServerTemplateForNNAndJN(1641)) - Starting Web-server for hddsDatanode at: http://0.0.0.0:0
2019-10-07 12:25:43,191 [main] INFO  server.AuthenticationFilter (AuthenticationFilter.java:constructSecretProvider(240)) - Unable to initialize FileSignerSecretProvider, falling back to use random secrets.
2019-10-07 12:25:43,192 [main] WARN  http.HttpRequestLog (HttpRequestLog.java:getRequestLog(97)) - Jetty request log can only be enabled using Log4j
2019-10-07 12:25:43,195 [main] INFO  http.HttpServer2 (HttpServer2.java:addGlobalFilter(975)) - Added global filter 'safety' (class=org.apache.hadoop.http.HttpServer2$QuotingInputFilter)
2019-10-07 12:25:43,196 [main] INFO  http.HttpServer2 (HttpServer2.java:addFilter(948)) - Added filter static_user_filter (class=org.apache.hadoop.http.lib.StaticUserWebFilter$StaticUserFilter) to context hddsDatanode
2019-10-07 12:25:43,196 [main] INFO  http.HttpServer2 (HttpServer2.java:addFilter(958)) - Added filter static_user_filter (class=org.apache.hadoop.http.lib.StaticUserWebFilter$StaticUserFilter) to context logs
2019-10-07 12:25:43,196 [main] INFO  http.HttpServer2 (HttpServer2.java:addFilter(958)) - Added filter static_user_filter (class=org.apache.hadoop.http.lib.StaticUserWebFilter$StaticUserFilter) to context static
2019-10-07 12:25:43,198 [main] INFO  http.HttpServer2 (HttpServer2.java:bindListener(1191)) - Jetty bound to port 39450
2019-10-07 12:25:43,199 [main] INFO  server.Server (Server.java:doStart(351)) - jetty-9.3.25.v20180904, build timestamp: 2018-09-04T21:11:46Z, git hash: 3ce520221d0240229c862b122d2b06c12a625732
2019-10-07 12:25:43,202 [main] INFO  handler.ContextHandler (ContextHandler.java:doStart(781)) - Started o.e.j.s.ServletContextHandler@70228253{/logs,file:///workdir/hadoop-ozone/integration-test/target/log,AVAILABLE}
2019-10-07 12:25:43,203 [main] INFO  handler.ContextHandler (ContextHandler.java:doStart(781)) - Started o.e.j.s.ServletContextHandler@21bd20ee{/static,jar:file:/home/user/.m2/repository/org/apache/hadoop/hadoop-hdds-container-service/0.5.0-SNAPSHOT/hadoop-hdds-container-service-0.5.0-SNAPSHOT.jar!/webapps/static,AVAILABLE}
2019-10-07 12:25:43,243 [main] INFO  handler.ContextHandler (ContextHandler.java:doStart(781)) - Started o.e.j.w.WebAppContext@3804a9a8{/,file:///tmp/jetty-0.0.0.0-39450-hddsDatanode-_-any-144966215943527296.dir/webapp/,AVAILABLE}{/hddsDatanode}
2019-10-07 12:25:43,244 [main] INFO  server.AbstractConnector (AbstractConnector.java:doStart(278)) - Started ServerConnector@117525fe{HTTP/1.1,[http/1.1]}{0.0.0.0:39450}
2019-10-07 12:25:43,245 [main] INFO  server.Server (Server.java:doStart(419)) - Started @5316ms
2019-10-07 12:25:43,249 [main] WARN  impl.MetricsSystemImpl (MetricsSystemImpl.java:register(276)) - Sink prometheus already exists!
2019-10-07 12:25:43,250 [main] INFO  server.BaseHttpServer (BaseHttpServer.java:updateConnectorAddress(215)) - HTTP server of HDDSDATANODE is listening at http://0.0.0.0:39450
2019-10-07 12:25:43,251 [main] INFO  impl.MetricsSystemImpl (MetricsSystemImpl.java:init(158)) - HddsDatanode metrics system started (again)
2019-10-07 12:25:43,259 [org.apache.hadoop.util.JvmPauseMonitor$Monitor@6915be8c] INFO  util.JvmPauseMonitor (JvmPauseMonitor.java:run(188)) - Starting JVM pause monitor
2019-10-07 12:25:43,262 [main] INFO  ozone.HddsDatanodeService (HddsDatanodeService.java:start(184)) - HddsDatanodeService host:pr-hdds-2264-877rn-2827291287 ip:192.168.151.100
2019-10-07 12:25:43,275 [main] INFO  volume.HddsVolume (HddsVolume.java:<init>(176)) - Creating Volume: /workdir/hadoop-ozone/integration-test/target/test-dir/MiniOzoneClusterImpl-5b1ddd53-7c01-4eef-9c8a-394c48c68778/datanode-1/data/containers/hdds of  storage type : DISK and capacity : 1482555576320
2019-10-07 12:25:43,276 [main] INFO  volume.VolumeSet (VolumeSet.java:initializeVolumeSet(170)) - Added Volume : /workdir/hadoop-ozone/integration-test/target/test-dir/MiniOzoneClusterImpl-5b1ddd53-7c01-4eef-9c8a-394c48c68778/datanode-1/data/containers/hdds to VolumeSet
2019-10-07 12:25:43,277 [main] INFO  volume.ThrottledAsyncChecker (ThrottledAsyncChecker.java:schedule(139)) - Scheduling a check for org.apache.hadoop.ozone.container.common.volume.HddsVolume@625d9132
2019-10-07 12:25:43,278 [main] INFO  volume.HddsVolumeChecker (HddsVolumeChecker.java:checkAllVolumes(202)) - Scheduled health check for volume org.apache.hadoop.ozone.container.common.volume.HddsVolume@625d9132
2019-10-07 12:25:43,304 [main] INFO  impl.RaftServerProxy (ConfUtils.java:logGet(43)) - raft.rpc.type = GRPC (default)
2019-10-07 12:25:43,304 [main] INFO  grpc.GrpcFactory (GrpcFactory.java:checkPooledByteBufAllocatorUseCacheForAllThreads(45)) - PERFORMANCE WARNING: useCacheForAllThreads is true that may cause Netty to create a lot garbage objects and, as a result, trigger GC.
	It is recommended to disable useCacheForAllThreads by setting -Dorg.apache.ratis.thirdparty.io.netty.allocator.useCacheForAllThreads=false in command line.
2019-10-07 12:25:43,305 [main] INFO  grpc.GrpcConfigKeys$Server (ConfUtils.java:logGet(43)) - raft.grpc.server.port = 0 (default)
2019-10-07 12:25:43,305 [main] INFO  server.GrpcService (ConfUtils.java:logGet(43)) - raft.grpc.message.size.max = 33570816 (custom)
2019-10-07 12:25:43,306 [main] INFO  server.RaftServerConfigKeys (ConfUtils.java:logGet(43)) - raft.server.log.appender.buffer.byte-limit = 33554432 (custom)
2019-10-07 12:25:43,306 [main] INFO  server.GrpcService (ConfUtils.java:logGet(43)) - raft.grpc.flow.control.window = 1MB (=1048576) (default)
2019-10-07 12:25:43,306 [main] INFO  server.RaftServerConfigKeys (ConfUtils.java:logGet(43)) - raft.server.rpc.request.timeout = 3000ms (default)
2019-10-07 12:25:43,307 [main] INFO  server.RaftServerConfigKeys (ConfUtils.java:logGet(43)) - raft.server.storage.dir = [/workdir/hadoop-ozone/integration-test/target/test-dir/MiniOzoneClusterImpl-5b1ddd53-7c01-4eef-9c8a-394c48c68778/datanode-1/data/ratis] (custom)
2019-10-07 12:25:43,310 [main] INFO  hdfs.DFSUtil (DFSUtil.java:httpServerTemplateForNNAndJN(1641)) - Starting Web-server for hddsDatanode at: http://0.0.0.0:0
2019-10-07 12:25:43,312 [main] INFO  server.AuthenticationFilter (AuthenticationFilter.java:constructSecretProvider(240)) - Unable to initialize FileSignerSecretProvider, falling back to use random secrets.
2019-10-07 12:25:43,312 [main] WARN  http.HttpRequestLog (HttpRequestLog.java:getRequestLog(97)) - Jetty request log can only be enabled using Log4j
2019-10-07 12:25:43,314 [main] INFO  http.HttpServer2 (HttpServer2.java:addGlobalFilter(975)) - Added global filter 'safety' (class=org.apache.hadoop.http.HttpServer2$QuotingInputFilter)
2019-10-07 12:25:43,315 [main] INFO  http.HttpServer2 (HttpServer2.java:addFilter(948)) - Added filter static_user_filter (class=org.apache.hadoop.http.lib.StaticUserWebFilter$StaticUserFilter) to context hddsDatanode
2019-10-07 12:25:43,315 [main] INFO  http.HttpServer2 (HttpServer2.java:addFilter(958)) - Added filter static_user_filter (class=org.apache.hadoop.http.lib.StaticUserWebFilter$StaticUserFilter) to context static
2019-10-07 12:25:43,316 [main] INFO  http.HttpServer2 (HttpServer2.java:addFilter(958)) - Added filter static_user_filter (class=org.apache.hadoop.http.lib.StaticUserWebFilter$StaticUserFilter) to context logs
2019-10-07 12:25:43,317 [main] INFO  http.HttpServer2 (HttpServer2.java:bindListener(1191)) - Jetty bound to port 44770
2019-10-07 12:25:43,317 [main] INFO  server.Server (Server.java:doStart(351)) - jetty-9.3.25.v20180904, build timestamp: 2018-09-04T21:11:46Z, git hash: 3ce520221d0240229c862b122d2b06c12a625732
2019-10-07 12:25:43,322 [main] INFO  handler.ContextHandler (ContextHandler.java:doStart(781)) - Started o.e.j.s.ServletContextHandler@79b84841{/logs,file:///workdir/hadoop-ozone/integration-test/target/log,AVAILABLE}
2019-10-07 12:25:43,323 [main] INFO  handler.ContextHandler (ContextHandler.java:doStart(781)) - Started o.e.j.s.ServletContextHandler@3c87e6b7{/static,jar:file:/home/user/.m2/repository/org/apache/hadoop/hadoop-hdds-container-service/0.5.0-SNAPSHOT/hadoop-hdds-container-service-0.5.0-SNAPSHOT.jar!/webapps/static,AVAILABLE}
2019-10-07 12:25:43,365 [main] INFO  handler.ContextHandler (ContextHandler.java:doStart(781)) - Started o.e.j.w.WebAppContext@6cc86152{/,file:///tmp/jetty-0.0.0.0-44770-hddsDatanode-_-any-4167120716760205010.dir/webapp/,AVAILABLE}{/hddsDatanode}
2019-10-07 12:25:43,366 [main] INFO  server.AbstractConnector (AbstractConnector.java:doStart(278)) - Started ServerConnector@611a990b{HTTP/1.1,[http/1.1]}{0.0.0.0:44770}
2019-10-07 12:25:43,367 [main] INFO  server.Server (Server.java:doStart(419)) - Started @5437ms
2019-10-07 12:25:43,368 [main] WARN  impl.MetricsSystemImpl (MetricsSystemImpl.java:register(276)) - Sink prometheus already exists!
2019-10-07 12:25:43,369 [main] INFO  server.BaseHttpServer (BaseHttpServer.java:updateConnectorAddress(215)) - HTTP server of HDDSDATANODE is listening at http://0.0.0.0:44770
2019-10-07 12:25:43,369 [main] INFO  impl.MetricsSystemImpl (MetricsSystemImpl.java:init(158)) - HddsDatanode metrics system started (again)
2019-10-07 12:25:43,371 [org.apache.hadoop.util.JvmPauseMonitor$Monitor@1f3e838f] INFO  util.JvmPauseMonitor (JvmPauseMonitor.java:run(188)) - Starting JVM pause monitor
2019-10-07 12:25:43,373 [main] INFO  ozone.HddsDatanodeService (HddsDatanodeService.java:start(184)) - HddsDatanodeService host:pr-hdds-2264-877rn-2827291287 ip:192.168.151.100
2019-10-07 12:25:43,382 [main] INFO  volume.HddsVolume (HddsVolume.java:<init>(176)) - Creating Volume: /workdir/hadoop-ozone/integration-test/target/test-dir/MiniOzoneClusterImpl-5b1ddd53-7c01-4eef-9c8a-394c48c68778/datanode-2/data/containers/hdds of  storage type : DISK and capacity : 1482555576320
2019-10-07 12:25:43,383 [main] INFO  volume.VolumeSet (VolumeSet.java:initializeVolumeSet(170)) - Added Volume : /workdir/hadoop-ozone/integration-test/target/test-dir/MiniOzoneClusterImpl-5b1ddd53-7c01-4eef-9c8a-394c48c68778/datanode-2/data/containers/hdds to VolumeSet
2019-10-07 12:25:43,383 [main] INFO  volume.ThrottledAsyncChecker (ThrottledAsyncChecker.java:schedule(139)) - Scheduling a check for org.apache.hadoop.ozone.container.common.volume.HddsVolume@5fcfde70
2019-10-07 12:25:43,384 [main] INFO  volume.HddsVolumeChecker (HddsVolumeChecker.java:checkAllVolumes(202)) - Scheduled health check for volume org.apache.hadoop.ozone.container.common.volume.HddsVolume@5fcfde70
2019-10-07 12:25:43,386 [Datanode State Machine Thread - 0] INFO  datanode.InitDatanodeState (InitDatanodeState.java:persistContainerDatanodeDetails(140)) - DatanodeDetails is persisted to /workdir/hadoop-ozone/integration-test/target/test-dir/MiniOzoneClusterImpl-5b1ddd53-7c01-4eef-9c8a-394c48c68778/datanode-0/meta/datanode.id
2019-10-07 12:25:43,390 [Datanode State Machine Thread - 0] INFO  datanode.InitDatanodeState (InitDatanodeState.java:persistContainerDatanodeDetails(140)) - DatanodeDetails is persisted to /workdir/hadoop-ozone/integration-test/target/test-dir/MiniOzoneClusterImpl-5b1ddd53-7c01-4eef-9c8a-394c48c68778/datanode-1/meta/datanode.id
2019-10-07 12:25:43,405 [main] INFO  impl.RaftServerProxy (ConfUtils.java:logGet(43)) - raft.rpc.type = GRPC (default)
2019-10-07 12:25:43,406 [main] INFO  grpc.GrpcFactory (GrpcFactory.java:checkPooledByteBufAllocatorUseCacheForAllThreads(45)) - PERFORMANCE WARNING: useCacheForAllThreads is true that may cause Netty to create a lot garbage objects and, as a result, trigger GC.
	It is recommended to disable useCacheForAllThreads by setting -Dorg.apache.ratis.thirdparty.io.netty.allocator.useCacheForAllThreads=false in command line.
2019-10-07 12:25:43,406 [main] INFO  grpc.GrpcConfigKeys$Server (ConfUtils.java:logGet(43)) - raft.grpc.server.port = 0 (default)
2019-10-07 12:25:43,406 [main] INFO  server.GrpcService (ConfUtils.java:logGet(43)) - raft.grpc.message.size.max = 33570816 (custom)
2019-10-07 12:25:43,407 [main] INFO  server.RaftServerConfigKeys (ConfUtils.java:logGet(43)) - raft.server.log.appender.buffer.byte-limit = 33554432 (custom)
2019-10-07 12:25:43,407 [main] INFO  server.GrpcService (ConfUtils.java:logGet(43)) - raft.grpc.flow.control.window = 1MB (=1048576) (default)
2019-10-07 12:25:43,407 [main] INFO  server.RaftServerConfigKeys (ConfUtils.java:logGet(43)) - raft.server.rpc.request.timeout = 3000ms (default)
2019-10-07 12:25:43,408 [main] INFO  server.RaftServerConfigKeys (ConfUtils.java:logGet(43)) - raft.server.storage.dir = [/workdir/hadoop-ozone/integration-test/target/test-dir/MiniOzoneClusterImpl-5b1ddd53-7c01-4eef-9c8a-394c48c68778/datanode-2/data/ratis] (custom)
2019-10-07 12:25:43,410 [main] INFO  hdfs.DFSUtil (DFSUtil.java:httpServerTemplateForNNAndJN(1641)) - Starting Web-server for hddsDatanode at: http://0.0.0.0:0
2019-10-07 12:25:43,412 [main] INFO  server.AuthenticationFilter (AuthenticationFilter.java:constructSecretProvider(240)) - Unable to initialize FileSignerSecretProvider, falling back to use random secrets.
2019-10-07 12:25:43,412 [main] WARN  http.HttpRequestLog (HttpRequestLog.java:getRequestLog(97)) - Jetty request log can only be enabled using Log4j
2019-10-07 12:25:43,414 [main] INFO  http.HttpServer2 (HttpServer2.java:addGlobalFilter(975)) - Added global filter 'safety' (class=org.apache.hadoop.http.HttpServer2$QuotingInputFilter)
2019-10-07 12:25:43,415 [main] INFO  http.HttpServer2 (HttpServer2.java:addFilter(948)) - Added filter static_user_filter (class=org.apache.hadoop.http.lib.StaticUserWebFilter$StaticUserFilter) to context hddsDatanode
2019-10-07 12:25:43,415 [main] INFO  http.HttpServer2 (HttpServer2.java:addFilter(958)) - Added filter static_user_filter (class=org.apache.hadoop.http.lib.StaticUserWebFilter$StaticUserFilter) to context logs
2019-10-07 12:25:43,416 [main] INFO  http.HttpServer2 (HttpServer2.java:addFilter(958)) - Added filter static_user_filter (class=org.apache.hadoop.http.lib.StaticUserWebFilter$StaticUserFilter) to context static
2019-10-07 12:25:43,416 [main] INFO  http.HttpServer2 (HttpServer2.java:bindListener(1191)) - Jetty bound to port 37472
2019-10-07 12:25:43,417 [main] INFO  server.Server (Server.java:doStart(351)) - jetty-9.3.25.v20180904, build timestamp: 2018-09-04T21:11:46Z, git hash: 3ce520221d0240229c862b122d2b06c12a625732
2019-10-07 12:25:43,419 [main] INFO  handler.ContextHandler (ContextHandler.java:doStart(781)) - Started o.e.j.s.ServletContextHandler@6dcc40f5{/logs,file:///workdir/hadoop-ozone/integration-test/target/log,AVAILABLE}
2019-10-07 12:25:43,419 [main] INFO  handler.ContextHandler (ContextHandler.java:doStart(781)) - Started o.e.j.s.ServletContextHandler@70887727{/static,jar:file:/home/user/.m2/repository/org/apache/hadoop/hadoop-hdds-container-service/0.5.0-SNAPSHOT/hadoop-hdds-container-service-0.5.0-SNAPSHOT.jar!/webapps/static,AVAILABLE}
2019-10-07 12:25:43,453 [main] INFO  handler.ContextHandler (ContextHandler.java:doStart(781)) - Started o.e.j.w.WebAppContext@6540cf1d{/,file:///tmp/jetty-0.0.0.0-37472-hddsDatanode-_-any-5156556709017356610.dir/webapp/,AVAILABLE}{/hddsDatanode}
2019-10-07 12:25:43,454 [main] INFO  server.AbstractConnector (AbstractConnector.java:doStart(278)) - Started ServerConnector@ec8f4b9{HTTP/1.1,[http/1.1]}{0.0.0.0:37472}
2019-10-07 12:25:43,456 [main] INFO  server.Server (Server.java:doStart(419)) - Started @5525ms
2019-10-07 12:25:43,456 [main] WARN  impl.MetricsSystemImpl (MetricsSystemImpl.java:register(276)) - Sink prometheus already exists!
2019-10-07 12:25:43,456 [main] INFO  server.BaseHttpServer (BaseHttpServer.java:updateConnectorAddress(215)) - HTTP server of HDDSDATANODE is listening at http://0.0.0.0:37472
2019-10-07 12:25:43,457 [main] INFO  impl.MetricsSystemImpl (MetricsSystemImpl.java:init(158)) - HddsDatanode metrics system started (again)
2019-10-07 12:25:43,460 [main] INFO  ozone.HddsDatanodeService (HddsDatanodeService.java:start(184)) - HddsDatanodeService host:pr-hdds-2264-877rn-2827291287 ip:192.168.151.100
2019-10-07 12:25:43,460 [org.apache.hadoop.util.JvmPauseMonitor$Monitor@1066496b] INFO  util.JvmPauseMonitor (JvmPauseMonitor.java:run(188)) - Starting JVM pause monitor
2019-10-07 12:25:43,464 [Datanode State Machine Thread - 0] INFO  datanode.InitDatanodeState (InitDatanodeState.java:persistContainerDatanodeDetails(140)) - DatanodeDetails is persisted to /workdir/hadoop-ozone/integration-test/target/test-dir/MiniOzoneClusterImpl-5b1ddd53-7c01-4eef-9c8a-394c48c68778/datanode-2/meta/datanode.id
2019-10-07 12:25:43,468 [main] INFO  volume.HddsVolume (HddsVolume.java:<init>(176)) - Creating Volume: /workdir/hadoop-ozone/integration-test/target/test-dir/MiniOzoneClusterImpl-5b1ddd53-7c01-4eef-9c8a-394c48c68778/datanode-3/data/containers/hdds of  storage type : DISK and capacity : 1482555576320
2019-10-07 12:25:43,469 [main] INFO  volume.VolumeSet (VolumeSet.java:initializeVolumeSet(170)) - Added Volume : /workdir/hadoop-ozone/integration-test/target/test-dir/MiniOzoneClusterImpl-5b1ddd53-7c01-4eef-9c8a-394c48c68778/datanode-3/data/containers/hdds to VolumeSet
2019-10-07 12:25:43,470 [main] INFO  volume.ThrottledAsyncChecker (ThrottledAsyncChecker.java:schedule(139)) - Scheduling a check for org.apache.hadoop.ozone.container.common.volume.HddsVolume@27d33393
2019-10-07 12:25:43,470 [main] INFO  volume.HddsVolumeChecker (HddsVolumeChecker.java:checkAllVolumes(202)) - Scheduled health check for volume org.apache.hadoop.ozone.container.common.volume.HddsVolume@27d33393
2019-10-07 12:25:43,484 [main] INFO  impl.RaftServerProxy (ConfUtils.java:logGet(43)) - raft.rpc.type = GRPC (default)
2019-10-07 12:25:43,484 [main] INFO  grpc.GrpcFactory (GrpcFactory.java:checkPooledByteBufAllocatorUseCacheForAllThreads(45)) - PERFORMANCE WARNING: useCacheForAllThreads is true that may cause Netty to create a lot garbage objects and, as a result, trigger GC.
	It is recommended to disable useCacheForAllThreads by setting -Dorg.apache.ratis.thirdparty.io.netty.allocator.useCacheForAllThreads=false in command line.
2019-10-07 12:25:43,485 [main] INFO  grpc.GrpcConfigKeys$Server (ConfUtils.java:logGet(43)) - raft.grpc.server.port = 0 (default)
2019-10-07 12:25:43,485 [main] INFO  server.GrpcService (ConfUtils.java:logGet(43)) - raft.grpc.message.size.max = 33570816 (custom)
2019-10-07 12:25:43,485 [main] INFO  server.RaftServerConfigKeys (ConfUtils.java:logGet(43)) - raft.server.log.appender.buffer.byte-limit = 33554432 (custom)
2019-10-07 12:25:43,485 [main] INFO  server.GrpcService (ConfUtils.java:logGet(43)) - raft.grpc.flow.control.window = 1MB (=1048576) (default)
2019-10-07 12:25:43,486 [main] INFO  server.RaftServerConfigKeys (ConfUtils.java:logGet(43)) - raft.server.rpc.request.timeout = 3000ms (default)
2019-10-07 12:25:43,486 [main] INFO  server.RaftServerConfigKeys (ConfUtils.java:logGet(43)) - raft.server.storage.dir = [/workdir/hadoop-ozone/integration-test/target/test-dir/MiniOzoneClusterImpl-5b1ddd53-7c01-4eef-9c8a-394c48c68778/datanode-3/data/ratis] (custom)
2019-10-07 12:25:43,488 [main] INFO  hdfs.DFSUtil (DFSUtil.java:httpServerTemplateForNNAndJN(1641)) - Starting Web-server for hddsDatanode at: http://0.0.0.0:0
2019-10-07 12:25:43,489 [main] INFO  server.AuthenticationFilter (AuthenticationFilter.java:constructSecretProvider(240)) - Unable to initialize FileSignerSecretProvider, falling back to use random secrets.
2019-10-07 12:25:43,489 [main] WARN  http.HttpRequestLog (HttpRequestLog.java:getRequestLog(97)) - Jetty request log can only be enabled using Log4j
2019-10-07 12:25:43,491 [main] INFO  http.HttpServer2 (HttpServer2.java:addGlobalFilter(975)) - Added global filter 'safety' (class=org.apache.hadoop.http.HttpServer2$QuotingInputFilter)
2019-10-07 12:25:43,491 [main] INFO  http.HttpServer2 (HttpServer2.java:addFilter(948)) - Added filter static_user_filter (class=org.apache.hadoop.http.lib.StaticUserWebFilter$StaticUserFilter) to context hddsDatanode
2019-10-07 12:25:43,492 [main] INFO  http.HttpServer2 (HttpServer2.java:addFilter(958)) - Added filter static_user_filter (class=org.apache.hadoop.http.lib.StaticUserWebFilter$StaticUserFilter) to context static
2019-10-07 12:25:43,492 [main] INFO  http.HttpServer2 (HttpServer2.java:addFilter(958)) - Added filter static_user_filter (class=org.apache.hadoop.http.lib.StaticUserWebFilter$StaticUserFilter) to context logs
2019-10-07 12:25:43,492 [main] INFO  http.HttpServer2 (HttpServer2.java:bindListener(1191)) - Jetty bound to port 41155
2019-10-07 12:25:43,493 [main] INFO  server.Server (Server.java:doStart(351)) - jetty-9.3.25.v20180904, build timestamp: 2018-09-04T21:11:46Z, git hash: 3ce520221d0240229c862b122d2b06c12a625732
2019-10-07 12:25:43,499 [main] INFO  handler.ContextHandler (ContextHandler.java:doStart(781)) - Started o.e.j.s.ServletContextHandler@119aa36{/logs,file:///workdir/hadoop-ozone/integration-test/target/log,AVAILABLE}
2019-10-07 12:25:43,500 [main] INFO  handler.ContextHandler (ContextHandler.java:doStart(781)) - Started o.e.j.s.ServletContextHandler@69fe0ed4{/static,jar:file:/home/user/.m2/repository/org/apache/hadoop/hadoop-hdds-container-service/0.5.0-SNAPSHOT/hadoop-hdds-container-service-0.5.0-SNAPSHOT.jar!/webapps/static,AVAILABLE}
2019-10-07 12:25:43,529 [main] INFO  handler.ContextHandler (ContextHandler.java:doStart(781)) - Started o.e.j.w.WebAppContext@748d2277{/,file:///tmp/jetty-0.0.0.0-41155-hddsDatanode-_-any-4038739629730836441.dir/webapp/,AVAILABLE}{/hddsDatanode}
2019-10-07 12:25:43,530 [main] INFO  server.AbstractConnector (AbstractConnector.java:doStart(278)) - Started ServerConnector@2f897dab{HTTP/1.1,[http/1.1]}{0.0.0.0:41155}
2019-10-07 12:25:43,531 [main] INFO  server.Server (Server.java:doStart(419)) - Started @5602ms
2019-10-07 12:25:43,532 [main] WARN  impl.MetricsSystemImpl (MetricsSystemImpl.java:register(276)) - Sink prometheus already exists!
2019-10-07 12:25:43,533 [main] INFO  server.BaseHttpServer (BaseHttpServer.java:updateConnectorAddress(215)) - HTTP server of HDDSDATANODE is listening at http://0.0.0.0:41155
2019-10-07 12:25:43,533 [main] INFO  impl.MetricsSystemImpl (MetricsSystemImpl.java:init(158)) - HddsDatanode metrics system started (again)
2019-10-07 12:25:43,536 [main] INFO  ozone.HddsDatanodeService (HddsDatanodeService.java:start(184)) - HddsDatanodeService host:pr-hdds-2264-877rn-2827291287 ip:192.168.151.100
2019-10-07 12:25:43,537 [org.apache.hadoop.util.JvmPauseMonitor$Monitor@76930181] INFO  util.JvmPauseMonitor (JvmPauseMonitor.java:run(188)) - Starting JVM pause monitor
2019-10-07 12:25:43,541 [Datanode State Machine Thread - 0] INFO  datanode.InitDatanodeState (InitDatanodeState.java:persistContainerDatanodeDetails(140)) - DatanodeDetails is persisted to /workdir/hadoop-ozone/integration-test/target/test-dir/MiniOzoneClusterImpl-5b1ddd53-7c01-4eef-9c8a-394c48c68778/datanode-3/meta/datanode.id
2019-10-07 12:25:43,548 [main] INFO  volume.HddsVolume (HddsVolume.java:<init>(176)) - Creating Volume: /workdir/hadoop-ozone/integration-test/target/test-dir/MiniOzoneClusterImpl-5b1ddd53-7c01-4eef-9c8a-394c48c68778/datanode-4/data/containers/hdds of  storage type : DISK and capacity : 1482555576320
2019-10-07 12:25:43,549 [main] INFO  volume.VolumeSet (VolumeSet.java:initializeVolumeSet(170)) - Added Volume : /workdir/hadoop-ozone/integration-test/target/test-dir/MiniOzoneClusterImpl-5b1ddd53-7c01-4eef-9c8a-394c48c68778/datanode-4/data/containers/hdds to VolumeSet
2019-10-07 12:25:43,549 [main] INFO  volume.ThrottledAsyncChecker (ThrottledAsyncChecker.java:schedule(139)) - Scheduling a check for org.apache.hadoop.ozone.container.common.volume.HddsVolume@561b7d53
2019-10-07 12:25:43,549 [main] INFO  volume.HddsVolumeChecker (HddsVolumeChecker.java:checkAllVolumes(202)) - Scheduled health check for volume org.apache.hadoop.ozone.container.common.volume.HddsVolume@561b7d53
2019-10-07 12:25:43,563 [main] INFO  impl.RaftServerProxy (ConfUtils.java:logGet(43)) - raft.rpc.type = GRPC (default)
2019-10-07 12:25:43,564 [main] INFO  grpc.GrpcFactory (GrpcFactory.java:checkPooledByteBufAllocatorUseCacheForAllThreads(45)) - PERFORMANCE WARNING: useCacheForAllThreads is true that may cause Netty to create a lot garbage objects and, as a result, trigger GC.
	It is recommended to disable useCacheForAllThreads by setting -Dorg.apache.ratis.thirdparty.io.netty.allocator.useCacheForAllThreads=false in command line.
2019-10-07 12:25:43,564 [main] INFO  grpc.GrpcConfigKeys$Server (ConfUtils.java:logGet(43)) - raft.grpc.server.port = 0 (default)
2019-10-07 12:25:43,564 [main] INFO  server.GrpcService (ConfUtils.java:logGet(43)) - raft.grpc.message.size.max = 33570816 (custom)
2019-10-07 12:25:43,564 [main] INFO  server.RaftServerConfigKeys (ConfUtils.java:logGet(43)) - raft.server.log.appender.buffer.byte-limit = 33554432 (custom)
2019-10-07 12:25:43,565 [main] INFO  server.GrpcService (ConfUtils.java:logGet(43)) - raft.grpc.flow.control.window = 1MB (=1048576) (default)
2019-10-07 12:25:43,565 [main] INFO  server.RaftServerConfigKeys (ConfUtils.java:logGet(43)) - raft.server.rpc.request.timeout = 3000ms (default)
2019-10-07 12:25:43,565 [main] INFO  server.RaftServerConfigKeys (ConfUtils.java:logGet(43)) - raft.server.storage.dir = [/workdir/hadoop-ozone/integration-test/target/test-dir/MiniOzoneClusterImpl-5b1ddd53-7c01-4eef-9c8a-394c48c68778/datanode-4/data/ratis] (custom)
2019-10-07 12:25:43,567 [main] INFO  hdfs.DFSUtil (DFSUtil.java:httpServerTemplateForNNAndJN(1641)) - Starting Web-server for hddsDatanode at: http://0.0.0.0:0
2019-10-07 12:25:43,568 [main] INFO  server.AuthenticationFilter (AuthenticationFilter.java:constructSecretProvider(240)) - Unable to initialize FileSignerSecretProvider, falling back to use random secrets.
2019-10-07 12:25:43,569 [main] WARN  http.HttpRequestLog (HttpRequestLog.java:getRequestLog(97)) - Jetty request log can only be enabled using Log4j
2019-10-07 12:25:43,570 [main] INFO  http.HttpServer2 (HttpServer2.java:addGlobalFilter(975)) - Added global filter 'safety' (class=org.apache.hadoop.http.HttpServer2$QuotingInputFilter)
2019-10-07 12:25:43,571 [main] INFO  http.HttpServer2 (HttpServer2.java:addFilter(948)) - Added filter static_user_filter (class=org.apache.hadoop.http.lib.StaticUserWebFilter$StaticUserFilter) to context hddsDatanode
2019-10-07 12:25:43,571 [main] INFO  http.HttpServer2 (HttpServer2.java:addFilter(958)) - Added filter static_user_filter (class=org.apache.hadoop.http.lib.StaticUserWebFilter$StaticUserFilter) to context logs
2019-10-07 12:25:43,571 [main] INFO  http.HttpServer2 (HttpServer2.java:addFilter(958)) - Added filter static_user_filter (class=org.apache.hadoop.http.lib.StaticUserWebFilter$StaticUserFilter) to context static
2019-10-07 12:25:43,572 [main] INFO  http.HttpServer2 (HttpServer2.java:bindListener(1191)) - Jetty bound to port 46297
2019-10-07 12:25:43,572 [main] INFO  server.Server (Server.java:doStart(351)) - jetty-9.3.25.v20180904, build timestamp: 2018-09-04T21:11:46Z, git hash: 3ce520221d0240229c862b122d2b06c12a625732
2019-10-07 12:25:43,574 [main] INFO  handler.ContextHandler (ContextHandler.java:doStart(781)) - Started o.e.j.s.ServletContextHandler@75d982d3{/logs,file:///workdir/hadoop-ozone/integration-test/target/log,AVAILABLE}
2019-10-07 12:25:43,575 [main] INFO  handler.ContextHandler (ContextHandler.java:doStart(781)) - Started o.e.j.s.ServletContextHandler@618ff5c2{/static,jar:file:/home/user/.m2/repository/org/apache/hadoop/hadoop-hdds-container-service/0.5.0-SNAPSHOT/hadoop-hdds-container-service-0.5.0-SNAPSHOT.jar!/webapps/static,AVAILABLE}
2019-10-07 12:25:43,604 [main] INFO  handler.ContextHandler (ContextHandler.java:doStart(781)) - Started o.e.j.w.WebAppContext@6f911326{/,file:///tmp/jetty-0.0.0.0-46297-hddsDatanode-_-any-8639262325801323243.dir/webapp/,AVAILABLE}{/hddsDatanode}
2019-10-07 12:25:43,604 [main] INFO  server.AbstractConnector (AbstractConnector.java:doStart(278)) - Started ServerConnector@f1d0004{HTTP/1.1,[http/1.1]}{0.0.0.0:46297}
2019-10-07 12:25:43,605 [main] INFO  server.Server (Server.java:doStart(419)) - Started @5676ms
2019-10-07 12:25:43,605 [main] WARN  impl.MetricsSystemImpl (MetricsSystemImpl.java:register(276)) - Sink prometheus already exists!
2019-10-07 12:25:43,606 [main] INFO  server.BaseHttpServer (BaseHttpServer.java:updateConnectorAddress(215)) - HTTP server of HDDSDATANODE is listening at http://0.0.0.0:46297
2019-10-07 12:25:43,607 [main] INFO  impl.MetricsSystemImpl (MetricsSystemImpl.java:init(158)) - HddsDatanode metrics system started (again)
2019-10-07 12:25:43,610 [main] INFO  ozone.HddsDatanodeService (HddsDatanodeService.java:start(184)) - HddsDatanodeService host:pr-hdds-2264-877rn-2827291287 ip:192.168.151.100
2019-10-07 12:25:43,610 [org.apache.hadoop.util.JvmPauseMonitor$Monitor@2b686df1] INFO  util.JvmPauseMonitor (JvmPauseMonitor.java:run(188)) - Starting JVM pause monitor
2019-10-07 12:25:43,613 [Datanode State Machine Thread - 0] INFO  datanode.InitDatanodeState (InitDatanodeState.java:persistContainerDatanodeDetails(140)) - DatanodeDetails is persisted to /workdir/hadoop-ozone/integration-test/target/test-dir/MiniOzoneClusterImpl-5b1ddd53-7c01-4eef-9c8a-394c48c68778/datanode-4/meta/datanode.id
2019-10-07 12:25:43,616 [main] INFO  volume.HddsVolume (HddsVolume.java:<init>(176)) - Creating Volume: /workdir/hadoop-ozone/integration-test/target/test-dir/MiniOzoneClusterImpl-5b1ddd53-7c01-4eef-9c8a-394c48c68778/datanode-5/data/containers/hdds of  storage type : DISK and capacity : 1482555576320
2019-10-07 12:25:43,617 [main] INFO  volume.VolumeSet (VolumeSet.java:initializeVolumeSet(170)) - Added Volume : /workdir/hadoop-ozone/integration-test/target/test-dir/MiniOzoneClusterImpl-5b1ddd53-7c01-4eef-9c8a-394c48c68778/datanode-5/data/containers/hdds to VolumeSet
2019-10-07 12:25:43,617 [main] INFO  volume.ThrottledAsyncChecker (ThrottledAsyncChecker.java:schedule(139)) - Scheduling a check for org.apache.hadoop.ozone.container.common.volume.HddsVolume@51d387d3
2019-10-07 12:25:43,618 [main] INFO  volume.HddsVolumeChecker (HddsVolumeChecker.java:checkAllVolumes(202)) - Scheduled health check for volume org.apache.hadoop.ozone.container.common.volume.HddsVolume@51d387d3
2019-10-07 12:25:43,633 [main] INFO  impl.RaftServerProxy (ConfUtils.java:logGet(43)) - raft.rpc.type = GRPC (default)
2019-10-07 12:25:43,633 [main] INFO  grpc.GrpcFactory (GrpcFactory.java:checkPooledByteBufAllocatorUseCacheForAllThreads(45)) - PERFORMANCE WARNING: useCacheForAllThreads is true that may cause Netty to create a lot garbage objects and, as a result, trigger GC.
	It is recommended to disable useCacheForAllThreads by setting -Dorg.apache.ratis.thirdparty.io.netty.allocator.useCacheForAllThreads=false in command line.
2019-10-07 12:25:43,634 [main] INFO  grpc.GrpcConfigKeys$Server (ConfUtils.java:logGet(43)) - raft.grpc.server.port = 0 (default)
2019-10-07 12:25:43,634 [main] INFO  server.GrpcService (ConfUtils.java:logGet(43)) - raft.grpc.message.size.max = 33570816 (custom)
2019-10-07 12:25:43,634 [main] INFO  server.RaftServerConfigKeys (ConfUtils.java:logGet(43)) - raft.server.log.appender.buffer.byte-limit = 33554432 (custom)
2019-10-07 12:25:43,634 [main] INFO  server.GrpcService (ConfUtils.java:logGet(43)) - raft.grpc.flow.control.window = 1MB (=1048576) (default)
2019-10-07 12:25:43,635 [main] INFO  server.RaftServerConfigKeys (ConfUtils.java:logGet(43)) - raft.server.rpc.request.timeout = 3000ms (default)
2019-10-07 12:25:43,635 [main] INFO  server.RaftServerConfigKeys (ConfUtils.java:logGet(43)) - raft.server.storage.dir = [/workdir/hadoop-ozone/integration-test/target/test-dir/MiniOzoneClusterImpl-5b1ddd53-7c01-4eef-9c8a-394c48c68778/datanode-5/data/ratis] (custom)
2019-10-07 12:25:43,637 [main] INFO  hdfs.DFSUtil (DFSUtil.java:httpServerTemplateForNNAndJN(1641)) - Starting Web-server for hddsDatanode at: http://0.0.0.0:0
2019-10-07 12:25:43,638 [main] INFO  server.AuthenticationFilter (AuthenticationFilter.java:constructSecretProvider(240)) - Unable to initialize FileSignerSecretProvider, falling back to use random secrets.
2019-10-07 12:25:43,638 [main] WARN  http.HttpRequestLog (HttpRequestLog.java:getRequestLog(97)) - Jetty request log can only be enabled using Log4j
2019-10-07 12:25:43,639 [main] INFO  http.HttpServer2 (HttpServer2.java:addGlobalFilter(975)) - Added global filter 'safety' (class=org.apache.hadoop.http.HttpServer2$QuotingInputFilter)
2019-10-07 12:25:43,640 [main] INFO  http.HttpServer2 (HttpServer2.java:addFilter(948)) - Added filter static_user_filter (class=org.apache.hadoop.http.lib.StaticUserWebFilter$StaticUserFilter) to context hddsDatanode
2019-10-07 12:25:43,640 [main] INFO  http.HttpServer2 (HttpServer2.java:addFilter(958)) - Added filter static_user_filter (class=org.apache.hadoop.http.lib.StaticUserWebFilter$StaticUserFilter) to context logs
2019-10-07 12:25:43,640 [main] INFO  http.HttpServer2 (HttpServer2.java:addFilter(958)) - Added filter static_user_filter (class=org.apache.hadoop.http.lib.StaticUserWebFilter$StaticUserFilter) to context static
2019-10-07 12:25:43,641 [main] INFO  http.HttpServer2 (HttpServer2.java:bindListener(1191)) - Jetty bound to port 42078
2019-10-07 12:25:43,641 [main] INFO  server.Server (Server.java:doStart(351)) - jetty-9.3.25.v20180904, build timestamp: 2018-09-04T21:11:46Z, git hash: 3ce520221d0240229c862b122d2b06c12a625732
2019-10-07 12:25:43,643 [main] INFO  handler.ContextHandler (ContextHandler.java:doStart(781)) - Started o.e.j.s.ServletContextHandler@12d5c30e{/logs,file:///workdir/hadoop-ozone/integration-test/target/log,AVAILABLE}
2019-10-07 12:25:43,644 [main] INFO  handler.ContextHandler (ContextHandler.java:doStart(781)) - Started o.e.j.s.ServletContextHandler@26586b74{/static,jar:file:/home/user/.m2/repository/org/apache/hadoop/hadoop-hdds-container-service/0.5.0-SNAPSHOT/hadoop-hdds-container-service-0.5.0-SNAPSHOT.jar!/webapps/static,AVAILABLE}
2019-10-07 12:25:43,675 [main] INFO  handler.ContextHandler (ContextHandler.java:doStart(781)) - Started o.e.j.w.WebAppContext@ae2db25{/,file:///tmp/jetty-0.0.0.0-42078-hddsDatanode-_-any-3322418756648954150.dir/webapp/,AVAILABLE}{/hddsDatanode}
2019-10-07 12:25:43,675 [main] INFO  server.AbstractConnector (AbstractConnector.java:doStart(278)) - Started ServerConnector@363c4251{HTTP/1.1,[http/1.1]}{0.0.0.0:42078}
2019-10-07 12:25:43,676 [main] INFO  server.Server (Server.java:doStart(419)) - Started @5747ms
2019-10-07 12:25:43,676 [main] WARN  impl.MetricsSystemImpl (MetricsSystemImpl.java:register(276)) - Sink prometheus already exists!
2019-10-07 12:25:43,677 [main] INFO  server.BaseHttpServer (BaseHttpServer.java:updateConnectorAddress(215)) - HTTP server of HDDSDATANODE is listening at http://0.0.0.0:42078
2019-10-07 12:25:43,677 [main] INFO  impl.MetricsSystemImpl (MetricsSystemImpl.java:init(158)) - HddsDatanode metrics system started (again)
2019-10-07 12:25:43,680 [main] INFO  ozone.HddsDatanodeService (HddsDatanodeService.java:start(184)) - HddsDatanodeService host:pr-hdds-2264-877rn-2827291287 ip:192.168.151.100
2019-10-07 12:25:43,681 [org.apache.hadoop.util.JvmPauseMonitor$Monitor@272263d2] INFO  util.JvmPauseMonitor (JvmPauseMonitor.java:run(188)) - Starting JVM pause monitor
2019-10-07 12:25:43,684 [Datanode State Machine Thread - 0] INFO  datanode.InitDatanodeState (InitDatanodeState.java:persistContainerDatanodeDetails(140)) - DatanodeDetails is persisted to /workdir/hadoop-ozone/integration-test/target/test-dir/MiniOzoneClusterImpl-5b1ddd53-7c01-4eef-9c8a-394c48c68778/datanode-5/meta/datanode.id
2019-10-07 12:25:43,687 [main] INFO  volume.HddsVolume (HddsVolume.java:<init>(176)) - Creating Volume: /workdir/hadoop-ozone/integration-test/target/test-dir/MiniOzoneClusterImpl-5b1ddd53-7c01-4eef-9c8a-394c48c68778/datanode-6/data/containers/hdds of  storage type : DISK and capacity : 1482555576320
2019-10-07 12:25:43,688 [main] INFO  volume.VolumeSet (VolumeSet.java:initializeVolumeSet(170)) - Added Volume : /workdir/hadoop-ozone/integration-test/target/test-dir/MiniOzoneClusterImpl-5b1ddd53-7c01-4eef-9c8a-394c48c68778/datanode-6/data/containers/hdds to VolumeSet
2019-10-07 12:25:43,688 [main] INFO  volume.ThrottledAsyncChecker (ThrottledAsyncChecker.java:schedule(139)) - Scheduling a check for org.apache.hadoop.ozone.container.common.volume.HddsVolume@1f9f381d
2019-10-07 12:25:43,689 [main] INFO  volume.HddsVolumeChecker (HddsVolumeChecker.java:checkAllVolumes(202)) - Scheduled health check for volume org.apache.hadoop.ozone.container.common.volume.HddsVolume@1f9f381d
2019-10-07 12:25:43,702 [main] INFO  impl.RaftServerProxy (ConfUtils.java:logGet(43)) - raft.rpc.type = GRPC (default)
2019-10-07 12:25:43,703 [main] INFO  grpc.GrpcFactory (GrpcFactory.java:checkPooledByteBufAllocatorUseCacheForAllThreads(45)) - PERFORMANCE WARNING: useCacheForAllThreads is true that may cause Netty to create a lot garbage objects and, as a result, trigger GC.
	It is recommended to disable useCacheForAllThreads by setting -Dorg.apache.ratis.thirdparty.io.netty.allocator.useCacheForAllThreads=false in command line.
2019-10-07 12:25:43,703 [main] INFO  grpc.GrpcConfigKeys$Server (ConfUtils.java:logGet(43)) - raft.grpc.server.port = 0 (default)
2019-10-07 12:25:43,703 [main] INFO  server.GrpcService (ConfUtils.java:logGet(43)) - raft.grpc.message.size.max = 33570816 (custom)
2019-10-07 12:25:43,703 [main] INFO  server.RaftServerConfigKeys (ConfUtils.java:logGet(43)) - raft.server.log.appender.buffer.byte-limit = 33554432 (custom)
2019-10-07 12:25:43,703 [main] INFO  server.GrpcService (ConfUtils.java:logGet(43)) - raft.grpc.flow.control.window = 1MB (=1048576) (default)
2019-10-07 12:25:43,704 [main] INFO  server.RaftServerConfigKeys (ConfUtils.java:logGet(43)) - raft.server.rpc.request.timeout = 3000ms (default)
2019-10-07 12:25:43,704 [main] INFO  server.RaftServerConfigKeys (ConfUtils.java:logGet(43)) - raft.server.storage.dir = [/workdir/hadoop-ozone/integration-test/target/test-dir/MiniOzoneClusterImpl-5b1ddd53-7c01-4eef-9c8a-394c48c68778/datanode-6/data/ratis] (custom)
2019-10-07 12:25:43,705 [main] INFO  hdfs.DFSUtil (DFSUtil.java:httpServerTemplateForNNAndJN(1641)) - Starting Web-server for hddsDatanode at: http://0.0.0.0:0
2019-10-07 12:25:43,707 [main] INFO  server.AuthenticationFilter (AuthenticationFilter.java:constructSecretProvider(240)) - Unable to initialize FileSignerSecretProvider, falling back to use random secrets.
2019-10-07 12:25:43,707 [main] WARN  http.HttpRequestLog (HttpRequestLog.java:getRequestLog(97)) - Jetty request log can only be enabled using Log4j
2019-10-07 12:25:43,709 [main] INFO  http.HttpServer2 (HttpServer2.java:addGlobalFilter(975)) - Added global filter 'safety' (class=org.apache.hadoop.http.HttpServer2$QuotingInputFilter)
2019-10-07 12:25:43,709 [main] INFO  http.HttpServer2 (HttpServer2.java:addFilter(948)) - Added filter static_user_filter (class=org.apache.hadoop.http.lib.StaticUserWebFilter$StaticUserFilter) to context hddsDatanode
2019-10-07 12:25:43,709 [main] INFO  http.HttpServer2 (HttpServer2.java:addFilter(958)) - Added filter static_user_filter (class=org.apache.hadoop.http.lib.StaticUserWebFilter$StaticUserFilter) to context logs
2019-10-07 12:25:43,709 [main] INFO  http.HttpServer2 (HttpServer2.java:addFilter(958)) - Added filter static_user_filter (class=org.apache.hadoop.http.lib.StaticUserWebFilter$StaticUserFilter) to context static
2019-10-07 12:25:43,710 [main] INFO  http.HttpServer2 (HttpServer2.java:bindListener(1191)) - Jetty bound to port 37202
2019-10-07 12:25:43,710 [main] INFO  server.Server (Server.java:doStart(351)) - jetty-9.3.25.v20180904, build timestamp: 2018-09-04T21:11:46Z, git hash: 3ce520221d0240229c862b122d2b06c12a625732
2019-10-07 12:25:43,712 [main] INFO  handler.ContextHandler (ContextHandler.java:doStart(781)) - Started o.e.j.s.ServletContextHandler@7dbe2ebf{/logs,file:///workdir/hadoop-ozone/integration-test/target/log,AVAILABLE}
2019-10-07 12:25:43,713 [main] INFO  handler.ContextHandler (ContextHandler.java:doStart(781)) - Started o.e.j.s.ServletContextHandler@885e7ff{/static,jar:file:/home/user/.m2/repository/org/apache/hadoop/hadoop-hdds-container-service/0.5.0-SNAPSHOT/hadoop-hdds-container-service-0.5.0-SNAPSHOT.jar!/webapps/static,AVAILABLE}
2019-10-07 12:25:43,742 [main] INFO  handler.ContextHandler (ContextHandler.java:doStart(781)) - Started o.e.j.w.WebAppContext@6a818392{/,file:///tmp/jetty-0.0.0.0-37202-hddsDatanode-_-any-5154205367860751285.dir/webapp/,AVAILABLE}{/hddsDatanode}
2019-10-07 12:25:43,743 [main] INFO  server.AbstractConnector (AbstractConnector.java:doStart(278)) - Started ServerConnector@489091bd{HTTP/1.1,[http/1.1]}{0.0.0.0:37202}
2019-10-07 12:25:43,744 [main] INFO  server.Server (Server.java:doStart(419)) - Started @5814ms
2019-10-07 12:25:43,744 [main] WARN  impl.MetricsSystemImpl (MetricsSystemImpl.java:register(276)) - Sink prometheus already exists!
2019-10-07 12:25:43,745 [main] INFO  server.BaseHttpServer (BaseHttpServer.java:updateConnectorAddress(215)) - HTTP server of HDDSDATANODE is listening at http://0.0.0.0:37202
2019-10-07 12:25:43,747 [main] INFO  ozone.MiniOzoneClusterImpl (MiniOzoneClusterImpl.java:lambda$waitForClusterToBeReady$0(147)) - Waiting for cluster to be ready. Got 0 of 7 DN Heartbeats.
2019-10-07 12:25:43,747 [org.apache.hadoop.util.JvmPauseMonitor$Monitor@4f2d57c5] INFO  util.JvmPauseMonitor (JvmPauseMonitor.java:run(188)) - Starting JVM pause monitor
2019-10-07 12:25:43,750 [Datanode State Machine Thread - 0] INFO  datanode.InitDatanodeState (InitDatanodeState.java:persistContainerDatanodeDetails(140)) - DatanodeDetails is persisted to /workdir/hadoop-ozone/integration-test/target/test-dir/MiniOzoneClusterImpl-5b1ddd53-7c01-4eef-9c8a-394c48c68778/datanode-6/meta/datanode.id
2019-10-07 12:25:44,747 [main] INFO  ozone.MiniOzoneClusterImpl (MiniOzoneClusterImpl.java:lambda$waitForClusterToBeReady$0(147)) - Waiting for cluster to be ready. Got 0 of 7 DN Heartbeats.
2019-10-07 12:25:45,357 [Datanode State Machine Thread - 0] INFO  ozoneimpl.OzoneContainer (OzoneContainer.java:start(217)) - Attempting to start container services.
2019-10-07 12:25:45,359 [Datanode State Machine Thread - 0] INFO  ozoneimpl.OzoneContainer (OzoneContainer.java:startContainerScrub(179)) - Background container scanner has been disabled.
2019-10-07 12:25:45,360 [Datanode State Machine Thread - 0] INFO  ratis.XceiverServerRatis (XceiverServerRatis.java:start(418)) - Starting XceiverServerRatis 5ee5fc6f-fdaa-4b19-9e07-086f7bbe3426 at port 0
2019-10-07 12:25:45,383 [Datanode State Machine Thread - 0] INFO  impl.RaftServerProxy (RaftServerProxy.java:lambda$start$3(299)) - 5ee5fc6f-fdaa-4b19-9e07-086f7bbe3426: start RPC server
2019-10-07 12:25:45,394 [Datanode State Machine Thread - 0] INFO  ozoneimpl.OzoneContainer (OzoneContainer.java:start(217)) - Attempting to start container services.
2019-10-07 12:25:45,404 [Datanode State Machine Thread - 0] INFO  ozoneimpl.OzoneContainer (OzoneContainer.java:startContainerScrub(179)) - Background container scanner has been disabled.
2019-10-07 12:25:45,405 [Datanode State Machine Thread - 0] INFO  ratis.XceiverServerRatis (XceiverServerRatis.java:start(418)) - Starting XceiverServerRatis c7b3e0d2-9ebb-42f4-9e7a-a8bf947c7cde at port 0
2019-10-07 12:25:45,414 [Datanode State Machine Thread - 0] INFO  impl.RaftServerProxy (RaftServerProxy.java:lambda$start$3(299)) - c7b3e0d2-9ebb-42f4-9e7a-a8bf947c7cde: start RPC server
2019-10-07 12:25:45,476 [Datanode State Machine Thread - 0] INFO  ozoneimpl.OzoneContainer (OzoneContainer.java:start(217)) - Attempting to start container services.
2019-10-07 12:25:45,480 [Datanode State Machine Thread - 0] INFO  ozoneimpl.OzoneContainer (OzoneContainer.java:startContainerScrub(179)) - Background container scanner has been disabled.
2019-10-07 12:25:45,480 [Datanode State Machine Thread - 0] INFO  ratis.XceiverServerRatis (XceiverServerRatis.java:start(418)) - Starting XceiverServerRatis bdc82da4-7981-40ca-bca7-6643a3478f33 at port 0
2019-10-07 12:25:45,488 [Datanode State Machine Thread - 0] INFO  impl.RaftServerProxy (RaftServerProxy.java:lambda$start$3(299)) - bdc82da4-7981-40ca-bca7-6643a3478f33: start RPC server
2019-10-07 12:25:45,533 [Datanode State Machine Thread - 0] INFO  server.GrpcService (GrpcService.java:startImpl(158)) - 5ee5fc6f-fdaa-4b19-9e07-086f7bbe3426: GrpcService started, listening on 0.0.0.0/0.0.0.0:44182
2019-10-07 12:25:45,533 [Datanode State Machine Thread - 0] INFO  server.GrpcService (GrpcService.java:startImpl(158)) - c7b3e0d2-9ebb-42f4-9e7a-a8bf947c7cde: GrpcService started, listening on 0.0.0.0/0.0.0.0:46791
2019-10-07 12:25:45,533 [Datanode State Machine Thread - 0] INFO  server.GrpcService (GrpcService.java:startImpl(158)) - bdc82da4-7981-40ca-bca7-6643a3478f33: GrpcService started, listening on 0.0.0.0/0.0.0.0:46068
2019-10-07 12:25:45,534 [Datanode State Machine Thread - 0] INFO  ratis.XceiverServerRatis (XceiverServerRatis.java:start(428)) - XceiverServerRatis c7b3e0d2-9ebb-42f4-9e7a-a8bf947c7cde is started using port 46791
2019-10-07 12:25:45,534 [Datanode State Machine Thread - 0] INFO  ratis.XceiverServerRatis (XceiverServerRatis.java:start(428)) - XceiverServerRatis 5ee5fc6f-fdaa-4b19-9e07-086f7bbe3426 is started using port 44182
2019-10-07 12:25:45,534 [Datanode State Machine Thread - 0] INFO  ratis.XceiverServerRatis (XceiverServerRatis.java:start(428)) - XceiverServerRatis bdc82da4-7981-40ca-bca7-6643a3478f33 is started using port 46068
2019-10-07 12:25:45,539 [Datanode State Machine Thread - 0] INFO  server.XceiverServerGrpc (XceiverServerGrpc.java:start(149)) - XceiverServerGrpc 5ee5fc6f-fdaa-4b19-9e07-086f7bbe3426 is started using port 41984
2019-10-07 12:25:45,539 [Datanode State Machine Thread - 0] INFO  server.XceiverServerGrpc (XceiverServerGrpc.java:start(149)) - XceiverServerGrpc bdc82da4-7981-40ca-bca7-6643a3478f33 is started using port 37594
2019-10-07 12:25:45,539 [Datanode State Machine Thread - 0] INFO  server.XceiverServerGrpc (XceiverServerGrpc.java:start(149)) - XceiverServerGrpc c7b3e0d2-9ebb-42f4-9e7a-a8bf947c7cde is started using port 41536
2019-10-07 12:25:45,555 [Datanode State Machine Thread - 0] INFO  ozoneimpl.OzoneContainer (OzoneContainer.java:start(217)) - Attempting to start container services.
2019-10-07 12:25:45,555 [Datanode State Machine Thread - 0] INFO  ozoneimpl.OzoneContainer (OzoneContainer.java:startContainerScrub(179)) - Background container scanner has been disabled.
2019-10-07 12:25:45,555 [Datanode State Machine Thread - 0] INFO  ratis.XceiverServerRatis (XceiverServerRatis.java:start(418)) - Starting XceiverServerRatis dede47a1-ead0-4140-9862-ec97040384a5 at port 0
2019-10-07 12:25:45,560 [Datanode State Machine Thread - 0] INFO  impl.RaftServerProxy (RaftServerProxy.java:lambda$start$3(299)) - dede47a1-ead0-4140-9862-ec97040384a5: start RPC server
2019-10-07 12:25:45,562 [Datanode State Machine Thread - 0] INFO  server.GrpcService (GrpcService.java:startImpl(158)) - dede47a1-ead0-4140-9862-ec97040384a5: GrpcService started, listening on 0.0.0.0/0.0.0.0:37135
2019-10-07 12:25:45,562 [Datanode State Machine Thread - 0] INFO  ratis.XceiverServerRatis (XceiverServerRatis.java:start(428)) - XceiverServerRatis dede47a1-ead0-4140-9862-ec97040384a5 is started using port 37135
2019-10-07 12:25:45,564 [Datanode State Machine Thread - 0] INFO  server.XceiverServerGrpc (XceiverServerGrpc.java:start(149)) - XceiverServerGrpc dede47a1-ead0-4140-9862-ec97040384a5 is started using port 41710
2019-10-07 12:25:45,626 [Datanode State Machine Thread - 0] INFO  ozoneimpl.OzoneContainer (OzoneContainer.java:start(217)) - Attempting to start container services.
2019-10-07 12:25:45,627 [Datanode State Machine Thread - 0] INFO  ozoneimpl.OzoneContainer (OzoneContainer.java:startContainerScrub(179)) - Background container scanner has been disabled.
2019-10-07 12:25:45,627 [Datanode State Machine Thread - 0] INFO  ratis.XceiverServerRatis (XceiverServerRatis.java:start(418)) - Starting XceiverServerRatis 20fd5385-81a2-480d-b174-88f0e4149f34 at port 0
2019-10-07 12:25:45,633 [Datanode State Machine Thread - 0] INFO  impl.RaftServerProxy (RaftServerProxy.java:lambda$start$3(299)) - 20fd5385-81a2-480d-b174-88f0e4149f34: start RPC server
2019-10-07 12:25:45,636 [Datanode State Machine Thread - 0] INFO  server.GrpcService (GrpcService.java:startImpl(158)) - 20fd5385-81a2-480d-b174-88f0e4149f34: GrpcService started, listening on 0.0.0.0/0.0.0.0:44266
2019-10-07 12:25:45,636 [Datanode State Machine Thread - 0] INFO  ratis.XceiverServerRatis (XceiverServerRatis.java:start(428)) - XceiverServerRatis 20fd5385-81a2-480d-b174-88f0e4149f34 is started using port 44266
2019-10-07 12:25:45,638 [Datanode State Machine Thread - 0] INFO  server.XceiverServerGrpc (XceiverServerGrpc.java:start(149)) - XceiverServerGrpc 20fd5385-81a2-480d-b174-88f0e4149f34 is started using port 41060
2019-10-07 12:25:45,698 [Datanode State Machine Thread - 0] INFO  ozoneimpl.OzoneContainer (OzoneContainer.java:start(217)) - Attempting to start container services.
2019-10-07 12:25:45,698 [Datanode State Machine Thread - 0] INFO  ozoneimpl.OzoneContainer (OzoneContainer.java:startContainerScrub(179)) - Background container scanner has been disabled.
2019-10-07 12:25:45,699 [Datanode State Machine Thread - 0] INFO  ratis.XceiverServerRatis (XceiverServerRatis.java:start(418)) - Starting XceiverServerRatis 1d653722-c85d-4cca-bc33-c4a52e4659d9 at port 0
2019-10-07 12:25:45,706 [Datanode State Machine Thread - 0] INFO  impl.RaftServerProxy (RaftServerProxy.java:lambda$start$3(299)) - 1d653722-c85d-4cca-bc33-c4a52e4659d9: start RPC server
2019-10-07 12:25:45,710 [Datanode State Machine Thread - 0] INFO  server.GrpcService (GrpcService.java:startImpl(158)) - 1d653722-c85d-4cca-bc33-c4a52e4659d9: GrpcService started, listening on 0.0.0.0/0.0.0.0:34636
2019-10-07 12:25:45,711 [Datanode State Machine Thread - 0] INFO  ratis.XceiverServerRatis (XceiverServerRatis.java:start(428)) - XceiverServerRatis 1d653722-c85d-4cca-bc33-c4a52e4659d9 is started using port 34636
2019-10-07 12:25:45,714 [Datanode State Machine Thread - 0] INFO  server.XceiverServerGrpc (XceiverServerGrpc.java:start(149)) - XceiverServerGrpc 1d653722-c85d-4cca-bc33-c4a52e4659d9 is started using port 39980
2019-10-07 12:25:45,749 [main] INFO  ozone.MiniOzoneClusterImpl (MiniOzoneClusterImpl.java:lambda$waitForClusterToBeReady$0(147)) - Waiting for cluster to be ready. Got 0 of 7 DN Heartbeats.
2019-10-07 12:25:45,765 [Datanode State Machine Thread - 0] INFO  ozoneimpl.OzoneContainer (OzoneContainer.java:start(217)) - Attempting to start container services.
2019-10-07 12:25:45,766 [Datanode State Machine Thread - 0] INFO  ozoneimpl.OzoneContainer (OzoneContainer.java:startContainerScrub(179)) - Background container scanner has been disabled.
2019-10-07 12:25:45,766 [Datanode State Machine Thread - 0] INFO  ratis.XceiverServerRatis (XceiverServerRatis.java:start(418)) - Starting XceiverServerRatis 1b9987ce-69c4-4e08-87ab-8df577346a9d at port 0
2019-10-07 12:25:45,774 [Datanode State Machine Thread - 0] INFO  impl.RaftServerProxy (RaftServerProxy.java:lambda$start$3(299)) - 1b9987ce-69c4-4e08-87ab-8df577346a9d: start RPC server
2019-10-07 12:25:45,778 [Datanode State Machine Thread - 0] INFO  server.GrpcService (GrpcService.java:startImpl(158)) - 1b9987ce-69c4-4e08-87ab-8df577346a9d: GrpcService started, listening on 0.0.0.0/0.0.0.0:38947
2019-10-07 12:25:45,779 [Datanode State Machine Thread - 0] INFO  ratis.XceiverServerRatis (XceiverServerRatis.java:start(428)) - XceiverServerRatis 1b9987ce-69c4-4e08-87ab-8df577346a9d is started using port 38947
2019-10-07 12:25:45,782 [Datanode State Machine Thread - 0] INFO  server.XceiverServerGrpc (XceiverServerGrpc.java:start(149)) - XceiverServerGrpc 1b9987ce-69c4-4e08-87ab-8df577346a9d is started using port 42567
2019-10-07 12:25:46,750 [main] INFO  ozone.MiniOzoneClusterImpl (MiniOzoneClusterImpl.java:lambda$waitForClusterToBeReady$0(147)) - Waiting for cluster to be ready. Got 0 of 7 DN Heartbeats.
2019-10-07 12:25:47,299 [IPC Server handler 2 on 34855] INFO  net.NetworkTopology (NetworkTopologyImpl.java:add(111)) - Added a new node: /default-rack/5ee5fc6f-fdaa-4b19-9e07-086f7bbe3426
2019-10-07 12:25:47,299 [IPC Server handler 2 on 34855] INFO  node.SCMNodeManager (SCMNodeManager.java:register(268)) - Registered Data node : 5ee5fc6f-fdaa-4b19-9e07-086f7bbe3426{ip: 192.168.151.100, host: pr-hdds-2264-877rn-2827291287, networkLocation: /default-rack, certSerialId: null}
2019-10-07 12:25:47,304 [EventQueue-NodeRegistrationContainerReportForDataNodeSafeModeRule] INFO  safemode.SCMSafeModeManager (DataNodeSafeModeRule.java:process(71)) - SCM in safe mode. 1 DataNodes registered, 1 required.
2019-10-07 12:25:47,304 [EventQueue-NodeRegistrationContainerReportForDataNodeSafeModeRule] INFO  safemode.SCMSafeModeManager (SCMSafeModeManager.java:validateSafeModeExitRules(177)) - ScmSafeModeManager, all rules are successfully validated
2019-10-07 12:25:47,304 [EventQueue-NodeRegistrationContainerReportForDataNodeSafeModeRule] INFO  safemode.SCMSafeModeManager (SCMSafeModeManager.java:exitSafeMode(193)) - SCM exiting safe mode.
2019-10-07 12:25:47,377 [IPC Server handler 3 on 34855] INFO  net.NetworkTopology (NetworkTopologyImpl.java:add(111)) - Added a new node: /default-rack/c7b3e0d2-9ebb-42f4-9e7a-a8bf947c7cde
2019-10-07 12:25:47,378 [IPC Server handler 3 on 34855] INFO  node.SCMNodeManager (SCMNodeManager.java:register(268)) - Registered Data node : c7b3e0d2-9ebb-42f4-9e7a-a8bf947c7cde{ip: 192.168.151.100, host: pr-hdds-2264-877rn-2827291287, networkLocation: /default-rack, certSerialId: null}
2019-10-07 12:25:47,464 [IPC Server handler 5 on 34855] INFO  net.NetworkTopology (NetworkTopologyImpl.java:add(111)) - Added a new node: /default-rack/bdc82da4-7981-40ca-bca7-6643a3478f33
2019-10-07 12:25:47,465 [IPC Server handler 5 on 34855] INFO  node.SCMNodeManager (SCMNodeManager.java:register(268)) - Registered Data node : bdc82da4-7981-40ca-bca7-6643a3478f33{ip: 192.168.151.100, host: pr-hdds-2264-877rn-2827291287, networkLocation: /default-rack, certSerialId: null}
2019-10-07 12:25:47,540 [IPC Server handler 4 on 34855] INFO  net.NetworkTopology (NetworkTopologyImpl.java:add(111)) - Added a new node: /default-rack/dede47a1-ead0-4140-9862-ec97040384a5
2019-10-07 12:25:47,541 [IPC Server handler 4 on 34855] INFO  node.SCMNodeManager (SCMNodeManager.java:register(268)) - Registered Data node : dede47a1-ead0-4140-9862-ec97040384a5{ip: 192.168.151.100, host: pr-hdds-2264-877rn-2827291287, networkLocation: /default-rack, certSerialId: null}
2019-10-07 12:25:47,614 [IPC Server handler 6 on 34855] INFO  net.NetworkTopology (NetworkTopologyImpl.java:add(111)) - Added a new node: /default-rack/20fd5385-81a2-480d-b174-88f0e4149f34
2019-10-07 12:25:47,614 [IPC Server handler 6 on 34855] INFO  node.SCMNodeManager (SCMNodeManager.java:register(268)) - Registered Data node : 20fd5385-81a2-480d-b174-88f0e4149f34{ip: 192.168.151.100, host: pr-hdds-2264-877rn-2827291287, networkLocation: /default-rack, certSerialId: null}
2019-10-07 12:25:47,684 [IPC Server handler 0 on 34855] INFO  net.NetworkTopology (NetworkTopologyImpl.java:add(111)) - Added a new node: /default-rack/1d653722-c85d-4cca-bc33-c4a52e4659d9
2019-10-07 12:25:47,684 [IPC Server handler 0 on 34855] INFO  node.SCMNodeManager (SCMNodeManager.java:register(268)) - Registered Data node : 1d653722-c85d-4cca-bc33-c4a52e4659d9{ip: 192.168.151.100, host: pr-hdds-2264-877rn-2827291287, networkLocation: /default-rack, certSerialId: null}
2019-10-07 12:25:47,750 [IPC Server handler 1 on 34855] INFO  net.NetworkTopology (NetworkTopologyImpl.java:add(111)) - Added a new node: /default-rack/1b9987ce-69c4-4e08-87ab-8df577346a9d
2019-10-07 12:25:47,750 [IPC Server handler 1 on 34855] INFO  node.SCMNodeManager (SCMNodeManager.java:register(268)) - Registered Data node : 1b9987ce-69c4-4e08-87ab-8df577346a9d{ip: 192.168.151.100, host: pr-hdds-2264-877rn-2827291287, networkLocation: /default-rack, certSerialId: null}
2019-10-07 12:25:47,751 [main] INFO  ozone.MiniOzoneClusterImpl (MiniOzoneClusterImpl.java:lambda$waitForClusterToBeReady$0(147)) - Cluster is ready. Got 7 of 7 DN Heartbeats.
2019-10-07 12:25:47,863 [grpc-default-executor-0] INFO  impl.RaftServerProxy (RaftServerProxy.java:addNew(89)) - 5ee5fc6f-fdaa-4b19-9e07-086f7bbe3426: addNew group-C272787CBCC7:[5ee5fc6f-fdaa-4b19-9e07-086f7bbe3426:192.168.151.100:44182] returns group-C272787CBCC7:java.util.concurrent.CompletableFuture@70433c91[Not completed]
2019-10-07 12:25:47,878 [pool-27-thread-1] INFO  impl.RaftServerImpl (RaftServerImpl.java:<init>(95)) - 5ee5fc6f-fdaa-4b19-9e07-086f7bbe3426: new RaftServerImpl for group-C272787CBCC7:[5ee5fc6f-fdaa-4b19-9e07-086f7bbe3426:192.168.151.100:44182] with ContainerStateMachine:uninitialized
2019-10-07 12:25:47,880 [pool-27-thread-1] INFO  server.RaftServerConfigKeys (ConfUtils.java:logGet(43)) - raft.server.rpc.timeout.min = 5s (custom)
2019-10-07 12:25:47,882 [pool-27-thread-1] INFO  server.RaftServerConfigKeys (ConfUtils.java:logGet(43)) - raft.server.rpc.timeout.max = 5200ms (custom)
2019-10-07 12:25:47,883 [pool-27-thread-1] INFO  server.RaftServerConfigKeys (ConfUtils.java:logGet(43)) - raft.server.rpcslowness.timeout = 120s (custom)
2019-10-07 12:25:47,883 [pool-27-thread-1] INFO  server.RaftServerConfigKeys (ConfUtils.java:logGet(43)) - raft.server.sleep.deviation.threshold = 300 (default)
2019-10-07 12:25:47,884 [pool-27-thread-1] INFO  server.RaftServerConfigKeys (ConfUtils.java:logGet(43)) - raft.server.log.appender.install.snapshot.enabled = false (custom)
2019-10-07 12:25:47,891 [pool-27-thread-1] INFO  impl.RaftServerImpl (ServerState.java:<init>(103)) - 5ee5fc6f-fdaa-4b19-9e07-086f7bbe3426@group-C272787CBCC7: ConfigurationManager, init=-1: [5ee5fc6f-fdaa-4b19-9e07-086f7bbe3426:192.168.151.100:44182], old=null, confs=<EMPTY_MAP>
2019-10-07 12:25:47,892 [pool-27-thread-1] INFO  server.RaftServerConfigKeys (ConfUtils.java:logGet(43)) - raft.server.storage.dir = [/workdir/hadoop-ozone/integration-test/target/test-dir/MiniOzoneClusterImpl-5b1ddd53-7c01-4eef-9c8a-394c48c68778/datanode-0/data/ratis] (custom)
2019-10-07 12:25:47,897 [pool-27-thread-1] INFO  server.RaftServerConfigKeys (ConfUtils.java:logGet(43)) - raft.server.log.corruption.policy = EXCEPTION (default)
2019-10-07 12:25:47,899 [pool-27-thread-1] INFO  storage.RaftStorageDirectory (RaftStorageDirectory.java:analyzeStorage(246)) - The storage directory /workdir/hadoop-ozone/integration-test/target/test-dir/MiniOzoneClusterImpl-5b1ddd53-7c01-4eef-9c8a-394c48c68778/datanode-0/data/ratis/3e78c076-4096-4af2-a0c3-c272787cbcc7 does not exist. Creating ...
2019-10-07 12:25:47,916 [pool-27-thread-1] INFO  storage.RaftStorageDirectory (RaftStorageDirectory.java:tryLock(328)) - Lock on /workdir/hadoop-ozone/integration-test/target/test-dir/MiniOzoneClusterImpl-5b1ddd53-7c01-4eef-9c8a-394c48c68778/datanode-0/data/ratis/3e78c076-4096-4af2-a0c3-c272787cbcc7/in_use.lock acquired by nodename 21106@pr-hdds-2264-877rn-2827291287
2019-10-07 12:25:47,932 [pool-27-thread-1] INFO  storage.RaftStorage (RaftStorage.java:format(84)) - Storage directory /workdir/hadoop-ozone/integration-test/target/test-dir/MiniOzoneClusterImpl-5b1ddd53-7c01-4eef-9c8a-394c48c68778/datanode-0/data/ratis/3e78c076-4096-4af2-a0c3-c272787cbcc7 has been successfully formatted.
2019-10-07 12:25:47,934 [pool-27-thread-1] INFO  ratis.ContainerStateMachine (ContainerStateMachine.java:loadSnapshot(231)) - group-C272787CBCC7: The snapshot info is null. Setting the last applied indexto:(t:0, i:~)
2019-10-07 12:25:47,934 [pool-27-thread-1] INFO  server.RaftServerConfigKeys (ConfUtils.java:logGet(43)) - raft.server.notification.no-leader.timeout = 120s (custom)
2019-10-07 12:25:47,936 [pool-27-thread-1] INFO  server.RaftServerConfigKeys (ConfUtils.java:logGet(43)) - raft.server.log.use.memory = false (default)
2019-10-07 12:25:47,941 [pool-27-thread-1] INFO  server.RaftServerConfigKeys (ConfUtils.java:logGet(43)) - raft.server.log.purge.gap = 1000000 (custom)
2019-10-07 12:25:47,942 [pool-27-thread-1] INFO  server.RaftServerConfigKeys (ConfUtils.java:logGet(43)) - raft.server.log.appender.buffer.byte-limit = 33554432 (custom)
2019-10-07 12:25:47,944 [pool-27-thread-1] INFO  server.RaftServerConfigKeys (ConfUtils.java:logGet(43)) - raft.server.log.segment.size.max = 1048576 (custom)
2019-10-07 12:25:47,946 [pool-27-thread-1] INFO  impl.MetricsSystemImpl (MetricsSystemImpl.java:init(158)) - ratis metrics system started (again)
2019-10-07 12:25:47,949 [pool-27-thread-1] INFO  metrics.MetricRegistries (MetricRegistriesLoader.java:load(64)) - Loaded MetricRegistries class org.apache.ratis.metrics.impl.MetricRegistriesImpl
2019-10-07 12:25:48,004 [pool-27-thread-1] INFO  server.RaftServerConfigKeys (ConfUtils.java:logGet(43)) - raft.server.log.segment.cache.num.max = 2 (custom)
2019-10-07 12:25:48,011 [pool-27-thread-1] INFO  segmented.SegmentedRaftLogWorker (SegmentedRaftLogWorker.java:<init>(173)) - new 5ee5fc6f-fdaa-4b19-9e07-086f7bbe3426@group-C272787CBCC7-SegmentedRaftLogWorker for RaftStorage:Storage Directory /workdir/hadoop-ozone/integration-test/target/test-dir/MiniOzoneClusterImpl-5b1ddd53-7c01-4eef-9c8a-394c48c68778/datanode-0/data/ratis/3e78c076-4096-4af2-a0c3-c272787cbcc7
2019-10-07 12:25:48,012 [pool-27-thread-1] INFO  server.RaftServerConfigKeys (ConfUtils.java:logGet(43)) - raft.server.log.queue.byte-limit = 2147483647 (custom)
2019-10-07 12:25:48,013 [pool-27-thread-1] INFO  server.RaftServerConfigKeys (ConfUtils.java:logGet(43)) - raft.server.log.queue.element-limit = 1024 (custom)
2019-10-07 12:25:48,015 [pool-27-thread-1] INFO  server.RaftServerConfigKeys (ConfUtils.java:logGet(43)) - raft.server.log.segment.size.max = 1048576 (custom)
2019-10-07 12:25:48,016 [pool-27-thread-1] INFO  server.RaftServerConfigKeys (ConfUtils.java:logGet(43)) - raft.server.log.preallocated.size = 16384 (custom)
2019-10-07 12:25:48,016 [pool-27-thread-1] INFO  server.RaftServerConfigKeys (ConfUtils.java:logGet(43)) - raft.server.log.write.buffer.size = 33554432 (custom)
2019-10-07 12:25:48,017 [pool-27-thread-1] INFO  server.RaftServerConfigKeys (ConfUtils.java:logGet(43)) - raft.server.log.force.sync.num = 128 (default)
2019-10-07 12:25:48,018 [pool-27-thread-1] INFO  server.RaftServerConfigKeys (ConfUtils.java:logGet(43)) - raft.server.log.statemachine.data.sync = true (default)
2019-10-07 12:25:48,018 [pool-27-thread-1] INFO  server.RaftServerConfigKeys (ConfUtils.java:logGet(43)) - raft.server.log.statemachine.data.sync.timeout = 10s (default)
2019-10-07 12:25:48,019 [pool-27-thread-1] INFO  server.RaftServerConfigKeys (ConfUtils.java:logGet(43)) - raft.server.log.statemachine.data.sync.timeout.retry = -1 (default)
2019-10-07 12:25:48,034 [pool-27-thread-1] INFO  server.RaftServerConfigKeys (ConfUtils.java:logGet(43)) - raft.server.log.statemachine.data.caching.enabled = true (custom)
2019-10-07 12:25:48,040 [pool-27-thread-1] INFO  segmented.SegmentedRaftLogWorker (SegmentedRaftLogWorker.java:lambda$new$0(128)) - 5ee5fc6f-fdaa-4b19-9e07-086f7bbe3426@group-C272787CBCC7-SegmentedRaftLogWorker: flushIndex: setUnconditionally 0 -> -1
2019-10-07 12:25:48,049 [pool-27-thread-1] INFO  server.RaftServerConfigKeys (ConfUtils.java:logGet(43)) - raft.server.snapshot.auto.trigger.enabled = true (custom)
2019-10-07 12:25:48,051 [pool-27-thread-1] INFO  server.RaftServerConfigKeys (ConfUtils.java:logGet(43)) - raft.server.snapshot.auto.trigger.threshold = 10000 (custom)
2019-10-07 12:25:48,052 [pool-27-thread-1] INFO  server.RaftServerConfigKeys (ConfUtils.java:logGet(43)) - raft.server.snapshot.retention.file.num = 5 (custom)
2019-10-07 12:25:48,052 [pool-27-thread-1] INFO  server.RaftServerConfigKeys (ConfUtils.java:logGet(43)) - raft.server.retrycache.expirytime = 600000ms (custom)
2019-10-07 12:25:48,080 [pool-27-thread-1] INFO  impl.RaftServerImpl (RaftServerImpl.java:start(181)) - 5ee5fc6f-fdaa-4b19-9e07-086f7bbe3426@group-C272787CBCC7: start as a follower, conf=-1: [5ee5fc6f-fdaa-4b19-9e07-086f7bbe3426:192.168.151.100:44182], old=null
2019-10-07 12:25:48,081 [pool-27-thread-1] INFO  impl.RaftServerImpl (RaftServerImpl.java:setRole(170)) - 5ee5fc6f-fdaa-4b19-9e07-086f7bbe3426@group-C272787CBCC7: changes role from      null to FOLLOWER at term 0 for startAsFollower
2019-10-07 12:25:48,082 [pool-27-thread-1] INFO  impl.RoleInfo (RoleInfo.java:updateAndGet(143)) - 5ee5fc6f-fdaa-4b19-9e07-086f7bbe3426: start FollowerState
2019-10-07 12:25:48,084 [pool-27-thread-1] INFO  util.JmxRegister (JmxRegister.java:tryRegister(44)) - Successfully registered JMX Bean with object name Ratis:service=RaftServer,group=group-C272787CBCC7,id=5ee5fc6f-fdaa-4b19-9e07-086f7bbe3426
2019-10-07 12:25:48,317 [main] INFO  rpc.RpcClient (RpcClient.java:createVolume(277)) - Creating Volume: watchforcommithandlingtest, with jenkins1000 as owner.
2019-10-07 12:25:48,706 [RatisPipelineUtilsThread] INFO  pipeline.PipelineStateManager (PipelineStateManager.java:addPipeline(56)) - Created pipeline Pipeline[ Id: 3e78c076-4096-4af2-a0c3-c272787cbcc7, Nodes: 5ee5fc6f-fdaa-4b19-9e07-086f7bbe3426{ip: 192.168.151.100, host: pr-hdds-2264-877rn-2827291287, networkLocation: /default-rack, certSerialId: null}, Type:RATIS, Factor:ONE, State:OPEN]
2019-10-07 12:25:48,741 [IPC Server handler 0 on 38893] INFO  volume.OMVolumeCreateRequest (OMVolumeCreateRequest.java:validateAndUpdateCache(193)) - created volume:watchforcommithandlingtest for user:jenkins1000
2019-10-07 12:25:48,767 [grpc-default-executor-0] INFO  impl.RaftServerProxy (RaftServerProxy.java:addNew(89)) - 20fd5385-81a2-480d-b174-88f0e4149f34: addNew group-528479B327F5:[20fd5385-81a2-480d-b174-88f0e4149f34:192.168.151.100:44266] returns group-528479B327F5:java.util.concurrent.CompletableFuture@37e06dfd[Not completed]
2019-10-07 12:25:48,806 [pool-67-thread-1] INFO  impl.RaftServerImpl (RaftServerImpl.java:<init>(95)) - 20fd5385-81a2-480d-b174-88f0e4149f34: new RaftServerImpl for group-528479B327F5:[20fd5385-81a2-480d-b174-88f0e4149f34:192.168.151.100:44266] with ContainerStateMachine:uninitialized
2019-10-07 12:25:48,807 [pool-67-thread-1] INFO  server.RaftServerConfigKeys (ConfUtils.java:logGet(43)) - raft.server.rpc.timeout.min = 5s (custom)
2019-10-07 12:25:48,807 [pool-67-thread-1] INFO  server.RaftServerConfigKeys (ConfUtils.java:logGet(43)) - raft.server.rpc.timeout.max = 5200ms (custom)
2019-10-07 12:25:48,807 [pool-67-thread-1] INFO  server.RaftServerConfigKeys (ConfUtils.java:logGet(43)) - raft.server.rpcslowness.timeout = 120s (custom)
2019-10-07 12:25:48,807 [pool-67-thread-1] INFO  server.RaftServerConfigKeys (ConfUtils.java:logGet(43)) - raft.server.sleep.deviation.threshold = 300 (default)
2019-10-07 12:25:48,807 [pool-67-thread-1] INFO  server.RaftServerConfigKeys (ConfUtils.java:logGet(43)) - raft.server.log.appender.install.snapshot.enabled = false (custom)
2019-10-07 12:25:48,808 [pool-67-thread-1] INFO  impl.RaftServerImpl (ServerState.java:<init>(103)) - 20fd5385-81a2-480d-b174-88f0e4149f34@group-528479B327F5: ConfigurationManager, init=-1: [20fd5385-81a2-480d-b174-88f0e4149f34:192.168.151.100:44266], old=null, confs=<EMPTY_MAP>
2019-10-07 12:25:48,808 [pool-67-thread-1] INFO  server.RaftServerConfigKeys (ConfUtils.java:logGet(43)) - raft.server.storage.dir = [/workdir/hadoop-ozone/integration-test/target/test-dir/MiniOzoneClusterImpl-5b1ddd53-7c01-4eef-9c8a-394c48c68778/datanode-4/data/ratis] (custom)
2019-10-07 12:25:48,808 [pool-67-thread-1] INFO  server.RaftServerConfigKeys (ConfUtils.java:logGet(43)) - raft.server.log.corruption.policy = EXCEPTION (default)
2019-10-07 12:25:48,808 [pool-67-thread-1] INFO  storage.RaftStorageDirectory (RaftStorageDirectory.java:analyzeStorage(246)) - The storage directory /workdir/hadoop-ozone/integration-test/target/test-dir/MiniOzoneClusterImpl-5b1ddd53-7c01-4eef-9c8a-394c48c68778/datanode-4/data/ratis/c4537b63-529a-43ad-9ad5-528479b327f5 does not exist. Creating ...
2019-10-07 12:25:48,824 [pool-67-thread-1] INFO  storage.RaftStorageDirectory (RaftStorageDirectory.java:tryLock(328)) - Lock on /workdir/hadoop-ozone/integration-test/target/test-dir/MiniOzoneClusterImpl-5b1ddd53-7c01-4eef-9c8a-394c48c68778/datanode-4/data/ratis/c4537b63-529a-43ad-9ad5-528479b327f5/in_use.lock acquired by nodename 21106@pr-hdds-2264-877rn-2827291287
2019-10-07 12:25:48,824 [main] INFO  rpc.RpcClient (RpcClient.java:createBucket(416)) - Creating Bucket: watchforcommithandlingtest/watchforcommithandlingtest, with Versioning false and Storage Type set to DISK and Encryption set to false 
2019-10-07 12:25:48,836 [pool-67-thread-1] INFO  storage.RaftStorage (RaftStorage.java:format(84)) - Storage directory /workdir/hadoop-ozone/integration-test/target/test-dir/MiniOzoneClusterImpl-5b1ddd53-7c01-4eef-9c8a-394c48c68778/datanode-4/data/ratis/c4537b63-529a-43ad-9ad5-528479b327f5 has been successfully formatted.
2019-10-07 12:25:48,843 [pool-67-thread-1] INFO  ratis.ContainerStateMachine (ContainerStateMachine.java:loadSnapshot(231)) - group-528479B327F5: The snapshot info is null. Setting the last applied indexto:(t:0, i:~)
2019-10-07 12:25:48,845 [pool-67-thread-1] INFO  server.RaftServerConfigKeys (ConfUtils.java:logGet(43)) - raft.server.notification.no-leader.timeout = 120s (custom)
2019-10-07 12:25:48,845 [pool-67-thread-1] INFO  server.RaftServerConfigKeys (ConfUtils.java:logGet(43)) - raft.server.log.use.memory = false (default)
2019-10-07 12:25:48,845 [pool-67-thread-1] INFO  server.RaftServerConfigKeys (ConfUtils.java:logGet(43)) - raft.server.log.purge.gap = 1000000 (custom)
2019-10-07 12:25:48,845 [pool-67-thread-1] INFO  server.RaftServerConfigKeys (ConfUtils.java:logGet(43)) - raft.server.log.appender.buffer.byte-limit = 33554432 (custom)
2019-10-07 12:25:48,845 [pool-67-thread-1] INFO  server.RaftServerConfigKeys (ConfUtils.java:logGet(43)) - raft.server.log.segment.size.max = 1048576 (custom)
2019-10-07 12:25:48,850 [pool-67-thread-1] INFO  server.RaftServerConfigKeys (ConfUtils.java:logGet(43)) - raft.server.log.segment.cache.num.max = 2 (custom)
2019-10-07 12:25:48,850 [pool-67-thread-1] INFO  segmented.SegmentedRaftLogWorker (SegmentedRaftLogWorker.java:<init>(173)) - new 20fd5385-81a2-480d-b174-88f0e4149f34@group-528479B327F5-SegmentedRaftLogWorker for RaftStorage:Storage Directory /workdir/hadoop-ozone/integration-test/target/test-dir/MiniOzoneClusterImpl-5b1ddd53-7c01-4eef-9c8a-394c48c68778/datanode-4/data/ratis/c4537b63-529a-43ad-9ad5-528479b327f5
2019-10-07 12:25:48,852 [pool-67-thread-1] INFO  server.RaftServerConfigKeys (ConfUtils.java:logGet(43)) - raft.server.log.queue.byte-limit = 2147483647 (custom)
2019-10-07 12:25:48,852 [pool-67-thread-1] INFO  server.RaftServerConfigKeys (ConfUtils.java:logGet(43)) - raft.server.log.queue.element-limit = 1024 (custom)
2019-10-07 12:25:48,852 [pool-67-thread-1] INFO  server.RaftServerConfigKeys (ConfUtils.java:logGet(43)) - raft.server.log.segment.size.max = 1048576 (custom)
2019-10-07 12:25:48,852 [pool-67-thread-1] INFO  server.RaftServerConfigKeys (ConfUtils.java:logGet(43)) - raft.server.log.preallocated.size = 16384 (custom)
2019-10-07 12:25:48,852 [pool-67-thread-1] INFO  server.RaftServerConfigKeys (ConfUtils.java:logGet(43)) - raft.server.log.write.buffer.size = 33554432 (custom)
2019-10-07 12:25:48,852 [pool-67-thread-1] INFO  server.RaftServerConfigKeys (ConfUtils.java:logGet(43)) - raft.server.log.force.sync.num = 128 (default)
2019-10-07 12:25:48,852 [pool-67-thread-1] INFO  server.RaftServerConfigKeys (ConfUtils.java:logGet(43)) - raft.server.log.statemachine.data.sync = true (default)
2019-10-07 12:25:48,852 [pool-67-thread-1] INFO  server.RaftServerConfigKeys (ConfUtils.java:logGet(43)) - raft.server.log.statemachine.data.sync.timeout = 10s (default)
2019-10-07 12:25:48,853 [pool-67-thread-1] INFO  server.RaftServerConfigKeys (ConfUtils.java:logGet(43)) - raft.server.log.statemachine.data.sync.timeout.retry = -1 (default)
2019-10-07 12:25:48,853 [pool-67-thread-1] INFO  server.RaftServerConfigKeys (ConfUtils.java:logGet(43)) - raft.server.log.statemachine.data.caching.enabled = true (custom)
2019-10-07 12:25:48,853 [pool-67-thread-1] INFO  segmented.SegmentedRaftLogWorker (SegmentedRaftLogWorker.java:lambda$new$0(128)) - 20fd5385-81a2-480d-b174-88f0e4149f34@group-528479B327F5-SegmentedRaftLogWorker: flushIndex: setUnconditionally 0 -> -1
2019-10-07 12:25:48,854 [pool-67-thread-1] INFO  server.RaftServerConfigKeys (ConfUtils.java:logGet(43)) - raft.server.snapshot.auto.trigger.enabled = true (custom)
2019-10-07 12:25:48,854 [pool-67-thread-1] INFO  server.RaftServerConfigKeys (ConfUtils.java:logGet(43)) - raft.server.snapshot.auto.trigger.threshold = 10000 (custom)
2019-10-07 12:25:48,856 [pool-67-thread-1] INFO  server.RaftServerConfigKeys (ConfUtils.java:logGet(43)) - raft.server.snapshot.retention.file.num = 5 (custom)
2019-10-07 12:25:48,857 [pool-67-thread-1] INFO  server.RaftServerConfigKeys (ConfUtils.java:logGet(43)) - raft.server.retrycache.expirytime = 600000ms (custom)
2019-10-07 12:25:48,861 [main] INFO  ozone.MiniOzoneClusterImpl (MiniOzoneClusterImpl.java:getStorageContainerLocationClient(234)) - Creating StorageContainerLocationProtocol RPC client with address /0.0.0.0:36322
2019-10-07 12:25:48,862 [pool-67-thread-1] INFO  impl.RaftServerImpl (RaftServerImpl.java:start(181)) - 20fd5385-81a2-480d-b174-88f0e4149f34@group-528479B327F5: start as a follower, conf=-1: [20fd5385-81a2-480d-b174-88f0e4149f34:192.168.151.100:44266], old=null
2019-10-07 12:25:48,862 [pool-67-thread-1] INFO  impl.RaftServerImpl (RaftServerImpl.java:setRole(170)) - 20fd5385-81a2-480d-b174-88f0e4149f34@group-528479B327F5: changes role from      null to FOLLOWER at term 0 for startAsFollower
2019-10-07 12:25:48,862 [pool-67-thread-1] INFO  impl.RoleInfo (RoleInfo.java:updateAndGet(143)) - 20fd5385-81a2-480d-b174-88f0e4149f34: start FollowerState
2019-10-07 12:25:48,864 [pool-67-thread-1] INFO  util.JmxRegister (JmxRegister.java:tryRegister(44)) - Successfully registered JMX Bean with object name Ratis:service=RaftServer,group=group-528479B327F5,id=20fd5385-81a2-480d-b174-88f0e4149f34
2019-10-07 12:25:48,887 [RatisPipelineUtilsThread] INFO  pipeline.PipelineStateManager (PipelineStateManager.java:addPipeline(56)) - Created pipeline Pipeline[ Id: c4537b63-529a-43ad-9ad5-528479b327f5, Nodes: 20fd5385-81a2-480d-b174-88f0e4149f34{ip: 192.168.151.100, host: pr-hdds-2264-877rn-2827291287, networkLocation: /default-rack, certSerialId: null}, Type:RATIS, Factor:ONE, State:OPEN]
2019-10-07 12:25:48,912 [grpc-default-executor-0] INFO  impl.RaftServerProxy (RaftServerProxy.java:addNew(89)) - bdc82da4-7981-40ca-bca7-6643a3478f33: addNew group-9A02CDAD2B68:[bdc82da4-7981-40ca-bca7-6643a3478f33:192.168.151.100:46068] returns group-9A02CDAD2B68:java.util.concurrent.CompletableFuture@46d243a2[Not completed]
2019-10-07 12:25:48,942 [pool-47-thread-1] INFO  impl.RaftServerImpl (RaftServerImpl.java:<init>(95)) - bdc82da4-7981-40ca-bca7-6643a3478f33: new RaftServerImpl for group-9A02CDAD2B68:[bdc82da4-7981-40ca-bca7-6643a3478f33:192.168.151.100:46068] with ContainerStateMachine:uninitialized
2019-10-07 12:25:48,942 [pool-47-thread-1] INFO  server.RaftServerConfigKeys (ConfUtils.java:logGet(43)) - raft.server.rpc.timeout.min = 5s (custom)
2019-10-07 12:25:48,942 [pool-47-thread-1] INFO  server.RaftServerConfigKeys (ConfUtils.java:logGet(43)) - raft.server.rpc.timeout.max = 5200ms (custom)
2019-10-07 12:25:48,942 [pool-47-thread-1] INFO  server.RaftServerConfigKeys (ConfUtils.java:logGet(43)) - raft.server.rpcslowness.timeout = 120s (custom)
2019-10-07 12:25:48,942 [pool-47-thread-1] INFO  server.RaftServerConfigKeys (ConfUtils.java:logGet(43)) - raft.server.sleep.deviation.threshold = 300 (default)
2019-10-07 12:25:48,943 [pool-47-thread-1] INFO  server.RaftServerConfigKeys (ConfUtils.java:logGet(43)) - raft.server.log.appender.install.snapshot.enabled = false (custom)
2019-10-07 12:25:48,943 [pool-47-thread-1] INFO  impl.RaftServerImpl (ServerState.java:<init>(103)) - bdc82da4-7981-40ca-bca7-6643a3478f33@group-9A02CDAD2B68: ConfigurationManager, init=-1: [bdc82da4-7981-40ca-bca7-6643a3478f33:192.168.151.100:46068], old=null, confs=<EMPTY_MAP>
2019-10-07 12:25:48,943 [pool-47-thread-1] INFO  server.RaftServerConfigKeys (ConfUtils.java:logGet(43)) - raft.server.storage.dir = [/workdir/hadoop-ozone/integration-test/target/test-dir/MiniOzoneClusterImpl-5b1ddd53-7c01-4eef-9c8a-394c48c68778/datanode-2/data/ratis] (custom)
2019-10-07 12:25:48,943 [pool-47-thread-1] INFO  server.RaftServerConfigKeys (ConfUtils.java:logGet(43)) - raft.server.log.corruption.policy = EXCEPTION (default)
2019-10-07 12:25:48,944 [pool-47-thread-1] INFO  storage.RaftStorageDirectory (RaftStorageDirectory.java:analyzeStorage(246)) - The storage directory /workdir/hadoop-ozone/integration-test/target/test-dir/MiniOzoneClusterImpl-5b1ddd53-7c01-4eef-9c8a-394c48c68778/datanode-2/data/ratis/4e4acc77-22a1-44fd-b0b8-9a02cdad2b68 does not exist. Creating ...
2019-10-07 12:25:48,956 [pool-47-thread-1] INFO  storage.RaftStorageDirectory (RaftStorageDirectory.java:tryLock(328)) - Lock on /workdir/hadoop-ozone/integration-test/target/test-dir/MiniOzoneClusterImpl-5b1ddd53-7c01-4eef-9c8a-394c48c68778/datanode-2/data/ratis/4e4acc77-22a1-44fd-b0b8-9a02cdad2b68/in_use.lock acquired by nodename 21106@pr-hdds-2264-877rn-2827291287
2019-10-07 12:25:48,969 [pool-47-thread-1] INFO  storage.RaftStorage (RaftStorage.java:format(84)) - Storage directory /workdir/hadoop-ozone/integration-test/target/test-dir/MiniOzoneClusterImpl-5b1ddd53-7c01-4eef-9c8a-394c48c68778/datanode-2/data/ratis/4e4acc77-22a1-44fd-b0b8-9a02cdad2b68 has been successfully formatted.
2019-10-07 12:25:48,969 [pool-47-thread-1] INFO  ratis.ContainerStateMachine (ContainerStateMachine.java:loadSnapshot(231)) - group-9A02CDAD2B68: The snapshot info is null. Setting the last applied indexto:(t:0, i:~)
2019-10-07 12:25:48,969 [pool-47-thread-1] INFO  server.RaftServerConfigKeys (ConfUtils.java:logGet(43)) - raft.server.notification.no-leader.timeout = 120s (custom)
2019-10-07 12:25:48,970 [pool-47-thread-1] INFO  server.RaftServerConfigKeys (ConfUtils.java:logGet(43)) - raft.server.log.use.memory = false (default)
2019-10-07 12:25:48,970 [pool-47-thread-1] INFO  server.RaftServerConfigKeys (ConfUtils.java:logGet(43)) - raft.server.log.purge.gap = 1000000 (custom)
2019-10-07 12:25:48,970 [pool-47-thread-1] INFO  server.RaftServerConfigKeys (ConfUtils.java:logGet(43)) - raft.server.log.appender.buffer.byte-limit = 33554432 (custom)
2019-10-07 12:25:48,970 [pool-47-thread-1] INFO  server.RaftServerConfigKeys (ConfUtils.java:logGet(43)) - raft.server.log.segment.size.max = 1048576 (custom)
2019-10-07 12:25:49,000 [pool-47-thread-1] INFO  server.RaftServerConfigKeys (ConfUtils.java:logGet(43)) - raft.server.log.segment.cache.num.max = 2 (custom)
2019-10-07 12:25:49,000 [pool-47-thread-1] INFO  segmented.SegmentedRaftLogWorker (SegmentedRaftLogWorker.java:<init>(173)) - new bdc82da4-7981-40ca-bca7-6643a3478f33@group-9A02CDAD2B68-SegmentedRaftLogWorker for RaftStorage:Storage Directory /workdir/hadoop-ozone/integration-test/target/test-dir/MiniOzoneClusterImpl-5b1ddd53-7c01-4eef-9c8a-394c48c68778/datanode-2/data/ratis/4e4acc77-22a1-44fd-b0b8-9a02cdad2b68
2019-10-07 12:25:49,000 [pool-47-thread-1] INFO  server.RaftServerConfigKeys (ConfUtils.java:logGet(43)) - raft.server.log.queue.byte-limit = 2147483647 (custom)
2019-10-07 12:25:49,001 [pool-47-thread-1] INFO  server.RaftServerConfigKeys (ConfUtils.java:logGet(43)) - raft.server.log.queue.element-limit = 1024 (custom)
2019-10-07 12:25:49,001 [pool-47-thread-1] INFO  server.RaftServerConfigKeys (ConfUtils.java:logGet(43)) - raft.server.log.segment.size.max = 1048576 (custom)
2019-10-07 12:25:49,001 [pool-47-thread-1] INFO  server.RaftServerConfigKeys (ConfUtils.java:logGet(43)) - raft.server.log.preallocated.size = 16384 (custom)
2019-10-07 12:25:49,001 [pool-47-thread-1] INFO  server.RaftServerConfigKeys (ConfUtils.java:logGet(43)) - raft.server.log.write.buffer.size = 33554432 (custom)
2019-10-07 12:25:49,001 [pool-47-thread-1] INFO  server.RaftServerConfigKeys (ConfUtils.java:logGet(43)) - raft.server.log.force.sync.num = 128 (default)
2019-10-07 12:25:49,001 [pool-47-thread-1] INFO  server.RaftServerConfigKeys (ConfUtils.java:logGet(43)) - raft.server.log.statemachine.data.sync = true (default)
2019-10-07 12:25:49,001 [pool-47-thread-1] INFO  server.RaftServerConfigKeys (ConfUtils.java:logGet(43)) - raft.server.log.statemachine.data.sync.timeout = 10s (default)
2019-10-07 12:25:49,002 [pool-47-thread-1] INFO  server.RaftServerConfigKeys (ConfUtils.java:logGet(43)) - raft.server.log.statemachine.data.sync.timeout.retry = -1 (default)
2019-10-07 12:25:49,002 [pool-47-thread-1] INFO  server.RaftServerConfigKeys (ConfUtils.java:logGet(43)) - raft.server.log.statemachine.data.caching.enabled = true (custom)
2019-10-07 12:25:49,002 [pool-47-thread-1] INFO  segmented.SegmentedRaftLogWorker (SegmentedRaftLogWorker.java:lambda$new$0(128)) - bdc82da4-7981-40ca-bca7-6643a3478f33@group-9A02CDAD2B68-SegmentedRaftLogWorker: flushIndex: setUnconditionally 0 -> -1
2019-10-07 12:25:49,003 [pool-47-thread-1] INFO  server.RaftServerConfigKeys (ConfUtils.java:logGet(43)) - raft.server.snapshot.auto.trigger.enabled = true (custom)
2019-10-07 12:25:49,003 [pool-47-thread-1] INFO  server.RaftServerConfigKeys (ConfUtils.java:logGet(43)) - raft.server.snapshot.auto.trigger.threshold = 10000 (custom)
2019-10-07 12:25:49,003 [pool-47-thread-1] INFO  server.RaftServerConfigKeys (ConfUtils.java:logGet(43)) - raft.server.snapshot.retention.file.num = 5 (custom)
2019-10-07 12:25:49,003 [pool-47-thread-1] INFO  server.RaftServerConfigKeys (ConfUtils.java:logGet(43)) - raft.server.retrycache.expirytime = 600000ms (custom)
2019-10-07 12:25:49,006 [pool-47-thread-1] INFO  impl.RaftServerImpl (RaftServerImpl.java:start(181)) - bdc82da4-7981-40ca-bca7-6643a3478f33@group-9A02CDAD2B68: start as a follower, conf=-1: [bdc82da4-7981-40ca-bca7-6643a3478f33:192.168.151.100:46068], old=null
2019-10-07 12:25:49,006 [pool-47-thread-1] INFO  impl.RaftServerImpl (RaftServerImpl.java:setRole(170)) - bdc82da4-7981-40ca-bca7-6643a3478f33@group-9A02CDAD2B68: changes role from      null to FOLLOWER at term 0 for startAsFollower
2019-10-07 12:25:49,007 [pool-47-thread-1] INFO  impl.RoleInfo (RoleInfo.java:updateAndGet(143)) - bdc82da4-7981-40ca-bca7-6643a3478f33: start FollowerState
2019-10-07 12:25:49,007 [pool-47-thread-1] INFO  util.JmxRegister (JmxRegister.java:tryRegister(44)) - Successfully registered JMX Bean with object name Ratis:service=RaftServer,group=group-9A02CDAD2B68,id=bdc82da4-7981-40ca-bca7-6643a3478f33
2019-10-07 12:25:49,023 [RatisPipelineUtilsThread] INFO  pipeline.PipelineStateManager (PipelineStateManager.java:addPipeline(56)) - Created pipeline Pipeline[ Id: 4e4acc77-22a1-44fd-b0b8-9a02cdad2b68, Nodes: bdc82da4-7981-40ca-bca7-6643a3478f33{ip: 192.168.151.100, host: pr-hdds-2264-877rn-2827291287, networkLocation: /default-rack, certSerialId: null}, Type:RATIS, Factor:ONE, State:OPEN]
2019-10-07 12:25:49,042 [grpc-default-executor-0] INFO  impl.RaftServerProxy (RaftServerProxy.java:addNew(89)) - c7b3e0d2-9ebb-42f4-9e7a-a8bf947c7cde: addNew group-A00D538C3D53:[c7b3e0d2-9ebb-42f4-9e7a-a8bf947c7cde:192.168.151.100:46791] returns group-A00D538C3D53:java.util.concurrent.CompletableFuture@3077fafe[Not completed]
2019-10-07 12:25:49,043 [pool-37-thread-1] INFO  impl.RaftServerImpl (RaftServerImpl.java:<init>(95)) - c7b3e0d2-9ebb-42f4-9e7a-a8bf947c7cde: new RaftServerImpl for group-A00D538C3D53:[c7b3e0d2-9ebb-42f4-9e7a-a8bf947c7cde:192.168.151.100:46791] with ContainerStateMachine:uninitialized
2019-10-07 12:25:49,043 [pool-37-thread-1] INFO  server.RaftServerConfigKeys (ConfUtils.java:logGet(43)) - raft.server.rpc.timeout.min = 5s (custom)
2019-10-07 12:25:49,044 [pool-37-thread-1] INFO  server.RaftServerConfigKeys (ConfUtils.java:logGet(43)) - raft.server.rpc.timeout.max = 5200ms (custom)
2019-10-07 12:25:49,044 [pool-37-thread-1] INFO  server.RaftServerConfigKeys (ConfUtils.java:logGet(43)) - raft.server.rpcslowness.timeout = 120s (custom)
2019-10-07 12:25:49,044 [pool-37-thread-1] INFO  server.RaftServerConfigKeys (ConfUtils.java:logGet(43)) - raft.server.sleep.deviation.threshold = 300 (default)
2019-10-07 12:25:49,044 [pool-37-thread-1] INFO  server.RaftServerConfigKeys (ConfUtils.java:logGet(43)) - raft.server.log.appender.install.snapshot.enabled = false (custom)
2019-10-07 12:25:49,044 [pool-37-thread-1] INFO  impl.RaftServerImpl (ServerState.java:<init>(103)) - c7b3e0d2-9ebb-42f4-9e7a-a8bf947c7cde@group-A00D538C3D53: ConfigurationManager, init=-1: [c7b3e0d2-9ebb-42f4-9e7a-a8bf947c7cde:192.168.151.100:46791], old=null, confs=<EMPTY_MAP>
2019-10-07 12:25:49,044 [pool-37-thread-1] INFO  server.RaftServerConfigKeys (ConfUtils.java:logGet(43)) - raft.server.storage.dir = [/workdir/hadoop-ozone/integration-test/target/test-dir/MiniOzoneClusterImpl-5b1ddd53-7c01-4eef-9c8a-394c48c68778/datanode-1/data/ratis] (custom)
2019-10-07 12:25:49,044 [pool-37-thread-1] INFO  server.RaftServerConfigKeys (ConfUtils.java:logGet(43)) - raft.server.log.corruption.policy = EXCEPTION (default)
2019-10-07 12:25:49,045 [pool-37-thread-1] INFO  storage.RaftStorageDirectory (RaftStorageDirectory.java:analyzeStorage(246)) - The storage directory /workdir/hadoop-ozone/integration-test/target/test-dir/MiniOzoneClusterImpl-5b1ddd53-7c01-4eef-9c8a-394c48c68778/datanode-1/data/ratis/52bc744f-16ce-4099-b9b4-a00d538c3d53 does not exist. Creating ...
2019-10-07 12:25:49,071 [pool-37-thread-1] INFO  storage.RaftStorageDirectory (RaftStorageDirectory.java:tryLock(328)) - Lock on /workdir/hadoop-ozone/integration-test/target/test-dir/MiniOzoneClusterImpl-5b1ddd53-7c01-4eef-9c8a-394c48c68778/datanode-1/data/ratis/52bc744f-16ce-4099-b9b4-a00d538c3d53/in_use.lock acquired by nodename 21106@pr-hdds-2264-877rn-2827291287
2019-10-07 12:25:49,084 [pool-37-thread-1] INFO  storage.RaftStorage (RaftStorage.java:format(84)) - Storage directory /workdir/hadoop-ozone/integration-test/target/test-dir/MiniOzoneClusterImpl-5b1ddd53-7c01-4eef-9c8a-394c48c68778/datanode-1/data/ratis/52bc744f-16ce-4099-b9b4-a00d538c3d53 has been successfully formatted.
2019-10-07 12:25:49,084 [pool-37-thread-1] INFO  ratis.ContainerStateMachine (ContainerStateMachine.java:loadSnapshot(231)) - group-A00D538C3D53: The snapshot info is null. Setting the last applied indexto:(t:0, i:~)
2019-10-07 12:25:49,085 [pool-37-thread-1] INFO  server.RaftServerConfigKeys (ConfUtils.java:logGet(43)) - raft.server.notification.no-leader.timeout = 120s (custom)
2019-10-07 12:25:49,085 [pool-37-thread-1] INFO  server.RaftServerConfigKeys (ConfUtils.java:logGet(43)) - raft.server.log.use.memory = false (default)
2019-10-07 12:25:49,085 [pool-37-thread-1] INFO  server.RaftServerConfigKeys (ConfUtils.java:logGet(43)) - raft.server.log.purge.gap = 1000000 (custom)
2019-10-07 12:25:49,085 [pool-37-thread-1] INFO  server.RaftServerConfigKeys (ConfUtils.java:logGet(43)) - raft.server.log.appender.buffer.byte-limit = 33554432 (custom)
2019-10-07 12:25:49,085 [pool-37-thread-1] INFO  server.RaftServerConfigKeys (ConfUtils.java:logGet(43)) - raft.server.log.segment.size.max = 1048576 (custom)
2019-10-07 12:25:49,089 [pool-37-thread-1] INFO  server.RaftServerConfigKeys (ConfUtils.java:logGet(43)) - raft.server.log.segment.cache.num.max = 2 (custom)
2019-10-07 12:25:49,090 [pool-37-thread-1] INFO  segmented.SegmentedRaftLogWorker (SegmentedRaftLogWorker.java:<init>(173)) - new c7b3e0d2-9ebb-42f4-9e7a-a8bf947c7cde@group-A00D538C3D53-SegmentedRaftLogWorker for RaftStorage:Storage Directory /workdir/hadoop-ozone/integration-test/target/test-dir/MiniOzoneClusterImpl-5b1ddd53-7c01-4eef-9c8a-394c48c68778/datanode-1/data/ratis/52bc744f-16ce-4099-b9b4-a00d538c3d53
2019-10-07 12:25:49,090 [pool-37-thread-1] INFO  server.RaftServerConfigKeys (ConfUtils.java:logGet(43)) - raft.server.log.queue.byte-limit = 2147483647 (custom)
2019-10-07 12:25:49,090 [pool-37-thread-1] INFO  server.RaftServerConfigKeys (ConfUtils.java:logGet(43)) - raft.server.log.queue.element-limit = 1024 (custom)
2019-10-07 12:25:49,090 [pool-37-thread-1] INFO  server.RaftServerConfigKeys (ConfUtils.java:logGet(43)) - raft.server.log.segment.size.max = 1048576 (custom)
2019-10-07 12:25:49,090 [pool-37-thread-1] INFO  server.RaftServerConfigKeys (ConfUtils.java:logGet(43)) - raft.server.log.preallocated.size = 16384 (custom)
2019-10-07 12:25:49,090 [pool-37-thread-1] INFO  server.RaftServerConfigKeys (ConfUtils.java:logGet(43)) - raft.server.log.write.buffer.size = 33554432 (custom)
2019-10-07 12:25:49,090 [pool-37-thread-1] INFO  server.RaftServerConfigKeys (ConfUtils.java:logGet(43)) - raft.server.log.force.sync.num = 128 (default)
2019-10-07 12:25:49,090 [pool-37-thread-1] INFO  server.RaftServerConfigKeys (ConfUtils.java:logGet(43)) - raft.server.log.statemachine.data.sync = true (default)
2019-10-07 12:25:49,091 [pool-37-thread-1] INFO  server.RaftServerConfigKeys (ConfUtils.java:logGet(43)) - raft.server.log.statemachine.data.sync.timeout = 10s (default)
2019-10-07 12:25:49,091 [pool-37-thread-1] INFO  server.RaftServerConfigKeys (ConfUtils.java:logGet(43)) - raft.server.log.statemachine.data.sync.timeout.retry = -1 (default)
2019-10-07 12:25:49,091 [pool-37-thread-1] INFO  server.RaftServerConfigKeys (ConfUtils.java:logGet(43)) - raft.server.log.statemachine.data.caching.enabled = true (custom)
2019-10-07 12:25:49,091 [pool-37-thread-1] INFO  segmented.SegmentedRaftLogWorker (SegmentedRaftLogWorker.java:lambda$new$0(128)) - c7b3e0d2-9ebb-42f4-9e7a-a8bf947c7cde@group-A00D538C3D53-SegmentedRaftLogWorker: flushIndex: setUnconditionally 0 -> -1
2019-10-07 12:25:49,092 [pool-37-thread-1] INFO  server.RaftServerConfigKeys (ConfUtils.java:logGet(43)) - raft.server.snapshot.auto.trigger.enabled = true (custom)
2019-10-07 12:25:49,092 [pool-37-thread-1] INFO  server.RaftServerConfigKeys (ConfUtils.java:logGet(43)) - raft.server.snapshot.auto.trigger.threshold = 10000 (custom)
2019-10-07 12:25:49,092 [pool-37-thread-1] INFO  server.RaftServerConfigKeys (ConfUtils.java:logGet(43)) - raft.server.snapshot.retention.file.num = 5 (custom)
2019-10-07 12:25:49,092 [pool-37-thread-1] INFO  server.RaftServerConfigKeys (ConfUtils.java:logGet(43)) - raft.server.retrycache.expirytime = 600000ms (custom)
2019-10-07 12:25:49,094 [pool-37-thread-1] INFO  impl.RaftServerImpl (RaftServerImpl.java:start(181)) - c7b3e0d2-9ebb-42f4-9e7a-a8bf947c7cde@group-A00D538C3D53: start as a follower, conf=-1: [c7b3e0d2-9ebb-42f4-9e7a-a8bf947c7cde:192.168.151.100:46791], old=null
2019-10-07 12:25:49,094 [pool-37-thread-1] INFO  impl.RaftServerImpl (RaftServerImpl.java:setRole(170)) - c7b3e0d2-9ebb-42f4-9e7a-a8bf947c7cde@group-A00D538C3D53: changes role from      null to FOLLOWER at term 0 for startAsFollower
2019-10-07 12:25:49,095 [pool-37-thread-1] INFO  impl.RoleInfo (RoleInfo.java:updateAndGet(143)) - c7b3e0d2-9ebb-42f4-9e7a-a8bf947c7cde: start FollowerState
2019-10-07 12:25:49,095 [pool-37-thread-1] INFO  util.JmxRegister (JmxRegister.java:tryRegister(44)) - Successfully registered JMX Bean with object name Ratis:service=RaftServer,group=group-A00D538C3D53,id=c7b3e0d2-9ebb-42f4-9e7a-a8bf947c7cde
2019-10-07 12:25:49,108 [RatisPipelineUtilsThread] INFO  pipeline.PipelineStateManager (PipelineStateManager.java:addPipeline(56)) - Created pipeline Pipeline[ Id: 52bc744f-16ce-4099-b9b4-a00d538c3d53, Nodes: c7b3e0d2-9ebb-42f4-9e7a-a8bf947c7cde{ip: 192.168.151.100, host: pr-hdds-2264-877rn-2827291287, networkLocation: /default-rack, certSerialId: null}, Type:RATIS, Factor:ONE, State:OPEN]
2019-10-07 12:25:49,124 [grpc-default-executor-0] INFO  impl.RaftServerProxy (RaftServerProxy.java:addNew(89)) - 1d653722-c85d-4cca-bc33-c4a52e4659d9: addNew group-BEC65279A640:[1d653722-c85d-4cca-bc33-c4a52e4659d9:192.168.151.100:34636] returns group-BEC65279A640:java.util.concurrent.CompletableFuture@3bebbd04[Not completed]
2019-10-07 12:25:49,127 [pool-77-thread-1] INFO  impl.RaftServerImpl (RaftServerImpl.java:<init>(95)) - 1d653722-c85d-4cca-bc33-c4a52e4659d9: new RaftServerImpl for group-BEC65279A640:[1d653722-c85d-4cca-bc33-c4a52e4659d9:192.168.151.100:34636] with ContainerStateMachine:uninitialized
2019-10-07 12:25:49,127 [pool-77-thread-1] INFO  server.RaftServerConfigKeys (ConfUtils.java:logGet(43)) - raft.server.rpc.timeout.min = 5s (custom)
2019-10-07 12:25:49,127 [pool-77-thread-1] INFO  server.RaftServerConfigKeys (ConfUtils.java:logGet(43)) - raft.server.rpc.timeout.max = 5200ms (custom)
2019-10-07 12:25:49,127 [pool-77-thread-1] INFO  server.RaftServerConfigKeys (ConfUtils.java:logGet(43)) - raft.server.rpcslowness.timeout = 120s (custom)
2019-10-07 12:25:49,128 [pool-77-thread-1] INFO  server.RaftServerConfigKeys (ConfUtils.java:logGet(43)) - raft.server.sleep.deviation.threshold = 300 (default)
2019-10-07 12:25:49,128 [pool-77-thread-1] INFO  server.RaftServerConfigKeys (ConfUtils.java:logGet(43)) - raft.server.log.appender.install.snapshot.enabled = false (custom)
2019-10-07 12:25:49,128 [pool-77-thread-1] INFO  impl.RaftServerImpl (ServerState.java:<init>(103)) - 1d653722-c85d-4cca-bc33-c4a52e4659d9@group-BEC65279A640: ConfigurationManager, init=-1: [1d653722-c85d-4cca-bc33-c4a52e4659d9:192.168.151.100:34636], old=null, confs=<EMPTY_MAP>
2019-10-07 12:25:49,128 [pool-77-thread-1] INFO  server.RaftServerConfigKeys (ConfUtils.java:logGet(43)) - raft.server.storage.dir = [/workdir/hadoop-ozone/integration-test/target/test-dir/MiniOzoneClusterImpl-5b1ddd53-7c01-4eef-9c8a-394c48c68778/datanode-5/data/ratis] (custom)
2019-10-07 12:25:49,128 [pool-77-thread-1] INFO  server.RaftServerConfigKeys (ConfUtils.java:logGet(43)) - raft.server.log.corruption.policy = EXCEPTION (default)
2019-10-07 12:25:49,128 [pool-77-thread-1] INFO  storage.RaftStorageDirectory (RaftStorageDirectory.java:analyzeStorage(246)) - The storage directory /workdir/hadoop-ozone/integration-test/target/test-dir/MiniOzoneClusterImpl-5b1ddd53-7c01-4eef-9c8a-394c48c68778/datanode-5/data/ratis/50b3fa9d-6b3a-4258-913c-bec65279a640 does not exist. Creating ...
2019-10-07 12:25:49,141 [pool-77-thread-1] INFO  storage.RaftStorageDirectory (RaftStorageDirectory.java:tryLock(328)) - Lock on /workdir/hadoop-ozone/integration-test/target/test-dir/MiniOzoneClusterImpl-5b1ddd53-7c01-4eef-9c8a-394c48c68778/datanode-5/data/ratis/50b3fa9d-6b3a-4258-913c-bec65279a640/in_use.lock acquired by nodename 21106@pr-hdds-2264-877rn-2827291287
2019-10-07 12:25:49,156 [pool-77-thread-1] INFO  storage.RaftStorage (RaftStorage.java:format(84)) - Storage directory /workdir/hadoop-ozone/integration-test/target/test-dir/MiniOzoneClusterImpl-5b1ddd53-7c01-4eef-9c8a-394c48c68778/datanode-5/data/ratis/50b3fa9d-6b3a-4258-913c-bec65279a640 has been successfully formatted.
2019-10-07 12:25:49,156 [pool-77-thread-1] INFO  ratis.ContainerStateMachine (ContainerStateMachine.java:loadSnapshot(231)) - group-BEC65279A640: The snapshot info is null. Setting the last applied indexto:(t:0, i:~)
2019-10-07 12:25:49,156 [pool-77-thread-1] INFO  server.RaftServerConfigKeys (ConfUtils.java:logGet(43)) - raft.server.notification.no-leader.timeout = 120s (custom)
2019-10-07 12:25:49,156 [pool-77-thread-1] INFO  server.RaftServerConfigKeys (ConfUtils.java:logGet(43)) - raft.server.log.use.memory = false (default)
2019-10-07 12:25:49,156 [pool-77-thread-1] INFO  server.RaftServerConfigKeys (ConfUtils.java:logGet(43)) - raft.server.log.purge.gap = 1000000 (custom)
2019-10-07 12:25:49,157 [pool-77-thread-1] INFO  server.RaftServerConfigKeys (ConfUtils.java:logGet(43)) - raft.server.log.appender.buffer.byte-limit = 33554432 (custom)
2019-10-07 12:25:49,157 [pool-77-thread-1] INFO  server.RaftServerConfigKeys (ConfUtils.java:logGet(43)) - raft.server.log.segment.size.max = 1048576 (custom)
2019-10-07 12:25:49,159 [pool-77-thread-1] INFO  server.RaftServerConfigKeys (ConfUtils.java:logGet(43)) - raft.server.log.segment.cache.num.max = 2 (custom)
2019-10-07 12:25:49,159 [pool-77-thread-1] INFO  segmented.SegmentedRaftLogWorker (SegmentedRaftLogWorker.java:<init>(173)) - new 1d653722-c85d-4cca-bc33-c4a52e4659d9@group-BEC65279A640-SegmentedRaftLogWorker for RaftStorage:Storage Directory /workdir/hadoop-ozone/integration-test/target/test-dir/MiniOzoneClusterImpl-5b1ddd53-7c01-4eef-9c8a-394c48c68778/datanode-5/data/ratis/50b3fa9d-6b3a-4258-913c-bec65279a640
2019-10-07 12:25:49,159 [pool-77-thread-1] INFO  server.RaftServerConfigKeys (ConfUtils.java:logGet(43)) - raft.server.log.queue.byte-limit = 2147483647 (custom)
2019-10-07 12:25:49,159 [pool-77-thread-1] INFO  server.RaftServerConfigKeys (ConfUtils.java:logGet(43)) - raft.server.log.queue.element-limit = 1024 (custom)
2019-10-07 12:25:49,159 [pool-77-thread-1] INFO  server.RaftServerConfigKeys (ConfUtils.java:logGet(43)) - raft.server.log.segment.size.max = 1048576 (custom)
2019-10-07 12:25:49,159 [pool-77-thread-1] INFO  server.RaftServerConfigKeys (ConfUtils.java:logGet(43)) - raft.server.log.preallocated.size = 16384 (custom)
2019-10-07 12:25:49,159 [pool-77-thread-1] INFO  server.RaftServerConfigKeys (ConfUtils.java:logGet(43)) - raft.server.log.write.buffer.size = 33554432 (custom)
2019-10-07 12:25:49,160 [pool-77-thread-1] INFO  server.RaftServerConfigKeys (ConfUtils.java:logGet(43)) - raft.server.log.force.sync.num = 128 (default)
2019-10-07 12:25:49,160 [pool-77-thread-1] INFO  server.RaftServerConfigKeys (ConfUtils.java:logGet(43)) - raft.server.log.statemachine.data.sync = true (default)
2019-10-07 12:25:49,160 [pool-77-thread-1] INFO  server.RaftServerConfigKeys (ConfUtils.java:logGet(43)) - raft.server.log.statemachine.data.sync.timeout = 10s (default)
2019-10-07 12:25:49,160 [pool-77-thread-1] INFO  server.RaftServerConfigKeys (ConfUtils.java:logGet(43)) - raft.server.log.statemachine.data.sync.timeout.retry = -1 (default)
2019-10-07 12:25:49,160 [pool-77-thread-1] INFO  server.RaftServerConfigKeys (ConfUtils.java:logGet(43)) - raft.server.log.statemachine.data.caching.enabled = true (custom)
2019-10-07 12:25:49,161 [pool-77-thread-1] INFO  segmented.SegmentedRaftLogWorker (SegmentedRaftLogWorker.java:lambda$new$0(128)) - 1d653722-c85d-4cca-bc33-c4a52e4659d9@group-BEC65279A640-SegmentedRaftLogWorker: flushIndex: setUnconditionally 0 -> -1
2019-10-07 12:25:49,161 [pool-77-thread-1] INFO  server.RaftServerConfigKeys (ConfUtils.java:logGet(43)) - raft.server.snapshot.auto.trigger.enabled = true (custom)
2019-10-07 12:25:49,161 [pool-77-thread-1] INFO  server.RaftServerConfigKeys (ConfUtils.java:logGet(43)) - raft.server.snapshot.auto.trigger.threshold = 10000 (custom)
2019-10-07 12:25:49,161 [pool-77-thread-1] INFO  server.RaftServerConfigKeys (ConfUtils.java:logGet(43)) - raft.server.snapshot.retention.file.num = 5 (custom)
2019-10-07 12:25:49,161 [pool-77-thread-1] INFO  server.RaftServerConfigKeys (ConfUtils.java:logGet(43)) - raft.server.retrycache.expirytime = 600000ms (custom)
2019-10-07 12:25:49,163 [pool-77-thread-1] INFO  impl.RaftServerImpl (RaftServerImpl.java:start(181)) - 1d653722-c85d-4cca-bc33-c4a52e4659d9@group-BEC65279A640: start as a follower, conf=-1: [1d653722-c85d-4cca-bc33-c4a52e4659d9:192.168.151.100:34636], old=null
2019-10-07 12:25:49,163 [pool-77-thread-1] INFO  impl.RaftServerImpl (RaftServerImpl.java:setRole(170)) - 1d653722-c85d-4cca-bc33-c4a52e4659d9@group-BEC65279A640: changes role from      null to FOLLOWER at term 0 for startAsFollower
2019-10-07 12:25:49,164 [pool-77-thread-1] INFO  impl.RoleInfo (RoleInfo.java:updateAndGet(143)) - 1d653722-c85d-4cca-bc33-c4a52e4659d9: start FollowerState
2019-10-07 12:25:49,164 [pool-77-thread-1] INFO  util.JmxRegister (JmxRegister.java:tryRegister(44)) - Successfully registered JMX Bean with object name Ratis:service=RaftServer,group=group-BEC65279A640,id=1d653722-c85d-4cca-bc33-c4a52e4659d9
2019-10-07 12:25:49,177 [RatisPipelineUtilsThread] INFO  pipeline.PipelineStateManager (PipelineStateManager.java:addPipeline(56)) - Created pipeline Pipeline[ Id: 50b3fa9d-6b3a-4258-913c-bec65279a640, Nodes: 1d653722-c85d-4cca-bc33-c4a52e4659d9{ip: 192.168.151.100, host: pr-hdds-2264-877rn-2827291287, networkLocation: /default-rack, certSerialId: null}, Type:RATIS, Factor:ONE, State:OPEN]
2019-10-07 12:25:49,197 [grpc-default-executor-0] INFO  impl.RaftServerProxy (RaftServerProxy.java:addNew(89)) - dede47a1-ead0-4140-9862-ec97040384a5: addNew group-EB62EA9A957B:[dede47a1-ead0-4140-9862-ec97040384a5:192.168.151.100:37135] returns group-EB62EA9A957B:java.util.concurrent.CompletableFuture@458ae3e0[Not completed]
2019-10-07 12:25:49,201 [pool-57-thread-1] INFO  impl.RaftServerImpl (RaftServerImpl.java:<init>(95)) - dede47a1-ead0-4140-9862-ec97040384a5: new RaftServerImpl for group-EB62EA9A957B:[dede47a1-ead0-4140-9862-ec97040384a5:192.168.151.100:37135] with ContainerStateMachine:uninitialized
2019-10-07 12:25:49,201 [pool-57-thread-1] INFO  server.RaftServerConfigKeys (ConfUtils.java:logGet(43)) - raft.server.rpc.timeout.min = 5s (custom)
2019-10-07 12:25:49,201 [pool-57-thread-1] INFO  server.RaftServerConfigKeys (ConfUtils.java:logGet(43)) - raft.server.rpc.timeout.max = 5200ms (custom)
2019-10-07 12:25:49,201 [pool-57-thread-1] INFO  server.RaftServerConfigKeys (ConfUtils.java:logGet(43)) - raft.server.rpcslowness.timeout = 120s (custom)
2019-10-07 12:25:49,201 [pool-57-thread-1] INFO  server.RaftServerConfigKeys (ConfUtils.java:logGet(43)) - raft.server.sleep.deviation.threshold = 300 (default)
2019-10-07 12:25:49,202 [pool-57-thread-1] INFO  server.RaftServerConfigKeys (ConfUtils.java:logGet(43)) - raft.server.log.appender.install.snapshot.enabled = false (custom)
2019-10-07 12:25:49,202 [pool-57-thread-1] INFO  impl.RaftServerImpl (ServerState.java:<init>(103)) - dede47a1-ead0-4140-9862-ec97040384a5@group-EB62EA9A957B: ConfigurationManager, init=-1: [dede47a1-ead0-4140-9862-ec97040384a5:192.168.151.100:37135], old=null, confs=<EMPTY_MAP>
2019-10-07 12:25:49,202 [pool-57-thread-1] INFO  server.RaftServerConfigKeys (ConfUtils.java:logGet(43)) - raft.server.storage.dir = [/workdir/hadoop-ozone/integration-test/target/test-dir/MiniOzoneClusterImpl-5b1ddd53-7c01-4eef-9c8a-394c48c68778/datanode-3/data/ratis] (custom)
2019-10-07 12:25:49,202 [pool-57-thread-1] INFO  server.RaftServerConfigKeys (ConfUtils.java:logGet(43)) - raft.server.log.corruption.policy = EXCEPTION (default)
2019-10-07 12:25:49,202 [pool-57-thread-1] INFO  storage.RaftStorageDirectory (RaftStorageDirectory.java:analyzeStorage(246)) - The storage directory /workdir/hadoop-ozone/integration-test/target/test-dir/MiniOzoneClusterImpl-5b1ddd53-7c01-4eef-9c8a-394c48c68778/datanode-3/data/ratis/c6b6043e-6575-4632-8f19-eb62ea9a957b does not exist. Creating ...
2019-10-07 12:25:49,216 [pool-57-thread-1] INFO  storage.RaftStorageDirectory (RaftStorageDirectory.java:tryLock(328)) - Lock on /workdir/hadoop-ozone/integration-test/target/test-dir/MiniOzoneClusterImpl-5b1ddd53-7c01-4eef-9c8a-394c48c68778/datanode-3/data/ratis/c6b6043e-6575-4632-8f19-eb62ea9a957b/in_use.lock acquired by nodename 21106@pr-hdds-2264-877rn-2827291287
2019-10-07 12:25:49,229 [pool-57-thread-1] INFO  storage.RaftStorage (RaftStorage.java:format(84)) - Storage directory /workdir/hadoop-ozone/integration-test/target/test-dir/MiniOzoneClusterImpl-5b1ddd53-7c01-4eef-9c8a-394c48c68778/datanode-3/data/ratis/c6b6043e-6575-4632-8f19-eb62ea9a957b has been successfully formatted.
2019-10-07 12:25:49,229 [pool-57-thread-1] INFO  ratis.ContainerStateMachine (ContainerStateMachine.java:loadSnapshot(231)) - group-EB62EA9A957B: The snapshot info is null. Setting the last applied indexto:(t:0, i:~)
2019-10-07 12:25:49,230 [pool-57-thread-1] INFO  server.RaftServerConfigKeys (ConfUtils.java:logGet(43)) - raft.server.notification.no-leader.timeout = 120s (custom)
2019-10-07 12:25:49,230 [pool-57-thread-1] INFO  server.RaftServerConfigKeys (ConfUtils.java:logGet(43)) - raft.server.log.use.memory = false (default)
2019-10-07 12:25:49,230 [pool-57-thread-1] INFO  server.RaftServerConfigKeys (ConfUtils.java:logGet(43)) - raft.server.log.purge.gap = 1000000 (custom)
2019-10-07 12:25:49,230 [pool-57-thread-1] INFO  server.RaftServerConfigKeys (ConfUtils.java:logGet(43)) - raft.server.log.appender.buffer.byte-limit = 33554432 (custom)
2019-10-07 12:25:49,230 [pool-57-thread-1] INFO  server.RaftServerConfigKeys (ConfUtils.java:logGet(43)) - raft.server.log.segment.size.max = 1048576 (custom)
2019-10-07 12:25:49,232 [pool-57-thread-1] INFO  server.RaftServerConfigKeys (ConfUtils.java:logGet(43)) - raft.server.log.segment.cache.num.max = 2 (custom)
2019-10-07 12:25:49,232 [pool-57-thread-1] INFO  segmented.SegmentedRaftLogWorker (SegmentedRaftLogWorker.java:<init>(173)) - new dede47a1-ead0-4140-9862-ec97040384a5@group-EB62EA9A957B-SegmentedRaftLogWorker for RaftStorage:Storage Directory /workdir/hadoop-ozone/integration-test/target/test-dir/MiniOzoneClusterImpl-5b1ddd53-7c01-4eef-9c8a-394c48c68778/datanode-3/data/ratis/c6b6043e-6575-4632-8f19-eb62ea9a957b
2019-10-07 12:25:49,232 [pool-57-thread-1] INFO  server.RaftServerConfigKeys (ConfUtils.java:logGet(43)) - raft.server.log.queue.byte-limit = 2147483647 (custom)
2019-10-07 12:25:49,232 [pool-57-thread-1] INFO  server.RaftServerConfigKeys (ConfUtils.java:logGet(43)) - raft.server.log.queue.element-limit = 1024 (custom)
2019-10-07 12:25:49,233 [pool-57-thread-1] INFO  server.RaftServerConfigKeys (ConfUtils.java:logGet(43)) - raft.server.log.segment.size.max = 1048576 (custom)
2019-10-07 12:25:49,233 [pool-57-thread-1] INFO  server.RaftServerConfigKeys (ConfUtils.java:logGet(43)) - raft.server.log.preallocated.size = 16384 (custom)
2019-10-07 12:25:49,233 [pool-57-thread-1] INFO  server.RaftServerConfigKeys (ConfUtils.java:logGet(43)) - raft.server.log.write.buffer.size = 33554432 (custom)
2019-10-07 12:25:49,233 [pool-57-thread-1] INFO  server.RaftServerConfigKeys (ConfUtils.java:logGet(43)) - raft.server.log.force.sync.num = 128 (default)
2019-10-07 12:25:49,233 [pool-57-thread-1] INFO  server.RaftServerConfigKeys (ConfUtils.java:logGet(43)) - raft.server.log.statemachine.data.sync = true (default)
2019-10-07 12:25:49,233 [pool-57-thread-1] INFO  server.RaftServerConfigKeys (ConfUtils.java:logGet(43)) - raft.server.log.statemachine.data.sync.timeout = 10s (default)
2019-10-07 12:25:49,233 [pool-57-thread-1] INFO  server.RaftServerConfigKeys (ConfUtils.java:logGet(43)) - raft.server.log.statemachine.data.sync.timeout.retry = -1 (default)
2019-10-07 12:25:49,234 [pool-57-thread-1] INFO  server.RaftServerConfigKeys (ConfUtils.java:logGet(43)) - raft.server.log.statemachine.data.caching.enabled = true (custom)
2019-10-07 12:25:49,234 [pool-57-thread-1] INFO  segmented.SegmentedRaftLogWorker (SegmentedRaftLogWorker.java:lambda$new$0(128)) - dede47a1-ead0-4140-9862-ec97040384a5@group-EB62EA9A957B-SegmentedRaftLogWorker: flushIndex: setUnconditionally 0 -> -1
2019-10-07 12:25:49,234 [pool-57-thread-1] INFO  server.RaftServerConfigKeys (ConfUtils.java:logGet(43)) - raft.server.snapshot.auto.trigger.enabled = true (custom)
2019-10-07 12:25:49,234 [pool-57-thread-1] INFO  server.RaftServerConfigKeys (ConfUtils.java:logGet(43)) - raft.server.snapshot.auto.trigger.threshold = 10000 (custom)
2019-10-07 12:25:49,234 [pool-57-thread-1] INFO  server.RaftServerConfigKeys (ConfUtils.java:logGet(43)) - raft.server.snapshot.retention.file.num = 5 (custom)
2019-10-07 12:25:49,234 [pool-57-thread-1] INFO  server.RaftServerConfigKeys (ConfUtils.java:logGet(43)) - raft.server.retrycache.expirytime = 600000ms (custom)
2019-10-07 12:25:49,236 [pool-57-thread-1] INFO  impl.RaftServerImpl (RaftServerImpl.java:start(181)) - dede47a1-ead0-4140-9862-ec97040384a5@group-EB62EA9A957B: start as a follower, conf=-1: [dede47a1-ead0-4140-9862-ec97040384a5:192.168.151.100:37135], old=null
2019-10-07 12:25:49,236 [pool-57-thread-1] INFO  impl.RaftServerImpl (RaftServerImpl.java:setRole(170)) - dede47a1-ead0-4140-9862-ec97040384a5@group-EB62EA9A957B: changes role from      null to FOLLOWER at term 0 for startAsFollower
2019-10-07 12:25:49,236 [pool-57-thread-1] INFO  impl.RoleInfo (RoleInfo.java:updateAndGet(143)) - dede47a1-ead0-4140-9862-ec97040384a5: start FollowerState
2019-10-07 12:25:49,237 [pool-57-thread-1] INFO  util.JmxRegister (JmxRegister.java:tryRegister(44)) - Successfully registered JMX Bean with object name Ratis:service=RaftServer,group=group-EB62EA9A957B,id=dede47a1-ead0-4140-9862-ec97040384a5
2019-10-07 12:25:49,248 [RatisPipelineUtilsThread] INFO  pipeline.PipelineStateManager (PipelineStateManager.java:addPipeline(56)) - Created pipeline Pipeline[ Id: c6b6043e-6575-4632-8f19-eb62ea9a957b, Nodes: dede47a1-ead0-4140-9862-ec97040384a5{ip: 192.168.151.100, host: pr-hdds-2264-877rn-2827291287, networkLocation: /default-rack, certSerialId: null}, Type:RATIS, Factor:ONE, State:OPEN]
2019-10-07 12:25:49,263 [grpc-default-executor-0] INFO  impl.RaftServerProxy (RaftServerProxy.java:addNew(89)) - 1b9987ce-69c4-4e08-87ab-8df577346a9d: addNew group-56424088E851:[1b9987ce-69c4-4e08-87ab-8df577346a9d:192.168.151.100:38947] returns group-56424088E851:java.util.concurrent.CompletableFuture@78c891a9[Not completed]
2019-10-07 12:25:49,266 [pool-87-thread-1] INFO  impl.RaftServerImpl (RaftServerImpl.java:<init>(95)) - 1b9987ce-69c4-4e08-87ab-8df577346a9d: new RaftServerImpl for group-56424088E851:[1b9987ce-69c4-4e08-87ab-8df577346a9d:192.168.151.100:38947] with ContainerStateMachine:uninitialized
2019-10-07 12:25:49,266 [pool-87-thread-1] INFO  server.RaftServerConfigKeys (ConfUtils.java:logGet(43)) - raft.server.rpc.timeout.min = 5s (custom)
2019-10-07 12:25:49,267 [pool-87-thread-1] INFO  server.RaftServerConfigKeys (ConfUtils.java:logGet(43)) - raft.server.rpc.timeout.max = 5200ms (custom)
2019-10-07 12:25:49,267 [pool-87-thread-1] INFO  server.RaftServerConfigKeys (ConfUtils.java:logGet(43)) - raft.server.rpcslowness.timeout = 120s (custom)
2019-10-07 12:25:49,267 [pool-87-thread-1] INFO  server.RaftServerConfigKeys (ConfUtils.java:logGet(43)) - raft.server.sleep.deviation.threshold = 300 (default)
2019-10-07 12:25:49,267 [pool-87-thread-1] INFO  server.RaftServerConfigKeys (ConfUtils.java:logGet(43)) - raft.server.log.appender.install.snapshot.enabled = false (custom)
2019-10-07 12:25:49,267 [pool-87-thread-1] INFO  impl.RaftServerImpl (ServerState.java:<init>(103)) - 1b9987ce-69c4-4e08-87ab-8df577346a9d@group-56424088E851: ConfigurationManager, init=-1: [1b9987ce-69c4-4e08-87ab-8df577346a9d:192.168.151.100:38947], old=null, confs=<EMPTY_MAP>
2019-10-07 12:25:49,267 [pool-87-thread-1] INFO  server.RaftServerConfigKeys (ConfUtils.java:logGet(43)) - raft.server.storage.dir = [/workdir/hadoop-ozone/integration-test/target/test-dir/MiniOzoneClusterImpl-5b1ddd53-7c01-4eef-9c8a-394c48c68778/datanode-6/data/ratis] (custom)
2019-10-07 12:25:49,267 [pool-87-thread-1] INFO  server.RaftServerConfigKeys (ConfUtils.java:logGet(43)) - raft.server.log.corruption.policy = EXCEPTION (default)
2019-10-07 12:25:49,268 [pool-87-thread-1] INFO  storage.RaftStorageDirectory (RaftStorageDirectory.java:analyzeStorage(246)) - The storage directory /workdir/hadoop-ozone/integration-test/target/test-dir/MiniOzoneClusterImpl-5b1ddd53-7c01-4eef-9c8a-394c48c68778/datanode-6/data/ratis/0182b963-a4c5-4cce-88a8-56424088e851 does not exist. Creating ...
2019-10-07 12:25:49,280 [pool-87-thread-1] INFO  storage.RaftStorageDirectory (RaftStorageDirectory.java:tryLock(328)) - Lock on /workdir/hadoop-ozone/integration-test/target/test-dir/MiniOzoneClusterImpl-5b1ddd53-7c01-4eef-9c8a-394c48c68778/datanode-6/data/ratis/0182b963-a4c5-4cce-88a8-56424088e851/in_use.lock acquired by nodename 21106@pr-hdds-2264-877rn-2827291287
2019-10-07 12:25:49,293 [pool-87-thread-1] INFO  storage.RaftStorage (RaftStorage.java:format(84)) - Storage directory /workdir/hadoop-ozone/integration-test/target/test-dir/MiniOzoneClusterImpl-5b1ddd53-7c01-4eef-9c8a-394c48c68778/datanode-6/data/ratis/0182b963-a4c5-4cce-88a8-56424088e851 has been successfully formatted.
2019-10-07 12:25:49,294 [pool-87-thread-1] INFO  ratis.ContainerStateMachine (ContainerStateMachine.java:loadSnapshot(231)) - group-56424088E851: The snapshot info is null. Setting the last applied indexto:(t:0, i:~)
2019-10-07 12:25:49,294 [pool-87-thread-1] INFO  server.RaftServerConfigKeys (ConfUtils.java:logGet(43)) - raft.server.notification.no-leader.timeout = 120s (custom)
2019-10-07 12:25:49,294 [pool-87-thread-1] INFO  server.RaftServerConfigKeys (ConfUtils.java:logGet(43)) - raft.server.log.use.memory = false (default)
2019-10-07 12:25:49,294 [pool-87-thread-1] INFO  server.RaftServerConfigKeys (ConfUtils.java:logGet(43)) - raft.server.log.purge.gap = 1000000 (custom)
2019-10-07 12:25:49,294 [pool-87-thread-1] INFO  server.RaftServerConfigKeys (ConfUtils.java:logGet(43)) - raft.server.log.appender.buffer.byte-limit = 33554432 (custom)
2019-10-07 12:25:49,295 [pool-87-thread-1] INFO  server.RaftServerConfigKeys (ConfUtils.java:logGet(43)) - raft.server.log.segment.size.max = 1048576 (custom)
2019-10-07 12:25:49,298 [pool-87-thread-1] INFO  server.RaftServerConfigKeys (ConfUtils.java:logGet(43)) - raft.server.log.segment.cache.num.max = 2 (custom)
2019-10-07 12:25:49,298 [pool-87-thread-1] INFO  segmented.SegmentedRaftLogWorker (SegmentedRaftLogWorker.java:<init>(173)) - new 1b9987ce-69c4-4e08-87ab-8df577346a9d@group-56424088E851-SegmentedRaftLogWorker for RaftStorage:Storage Directory /workdir/hadoop-ozone/integration-test/target/test-dir/MiniOzoneClusterImpl-5b1ddd53-7c01-4eef-9c8a-394c48c68778/datanode-6/data/ratis/0182b963-a4c5-4cce-88a8-56424088e851
2019-10-07 12:25:49,299 [pool-87-thread-1] INFO  server.RaftServerConfigKeys (ConfUtils.java:logGet(43)) - raft.server.log.queue.byte-limit = 2147483647 (custom)
2019-10-07 12:25:49,299 [pool-87-thread-1] INFO  server.RaftServerConfigKeys (ConfUtils.java:logGet(43)) - raft.server.log.queue.element-limit = 1024 (custom)
2019-10-07 12:25:49,299 [pool-87-thread-1] INFO  server.RaftServerConfigKeys (ConfUtils.java:logGet(43)) - raft.server.log.segment.size.max = 1048576 (custom)
2019-10-07 12:25:49,299 [pool-87-thread-1] INFO  server.RaftServerConfigKeys (ConfUtils.java:logGet(43)) - raft.server.log.preallocated.size = 16384 (custom)
2019-10-07 12:25:49,299 [pool-87-thread-1] INFO  server.RaftServerConfigKeys (ConfUtils.java:logGet(43)) - raft.server.log.write.buffer.size = 33554432 (custom)
2019-10-07 12:25:49,299 [pool-87-thread-1] INFO  server.RaftServerConfigKeys (ConfUtils.java:logGet(43)) - raft.server.log.force.sync.num = 128 (default)
2019-10-07 12:25:49,299 [pool-87-thread-1] INFO  server.RaftServerConfigKeys (ConfUtils.java:logGet(43)) - raft.server.log.statemachine.data.sync = true (default)
2019-10-07 12:25:49,300 [pool-87-thread-1] INFO  server.RaftServerConfigKeys (ConfUtils.java:logGet(43)) - raft.server.log.statemachine.data.sync.timeout = 10s (default)
2019-10-07 12:25:49,300 [pool-87-thread-1] INFO  server.RaftServerConfigKeys (ConfUtils.java:logGet(43)) - raft.server.log.statemachine.data.sync.timeout.retry = -1 (default)
2019-10-07 12:25:49,300 [pool-87-thread-1] INFO  server.RaftServerConfigKeys (ConfUtils.java:logGet(43)) - raft.server.log.statemachine.data.caching.enabled = true (custom)
2019-10-07 12:25:49,300 [pool-87-thread-1] INFO  segmented.SegmentedRaftLogWorker (SegmentedRaftLogWorker.java:lambda$new$0(128)) - 1b9987ce-69c4-4e08-87ab-8df577346a9d@group-56424088E851-SegmentedRaftLogWorker: flushIndex: setUnconditionally 0 -> -1
2019-10-07 12:25:49,301 [pool-87-thread-1] INFO  server.RaftServerConfigKeys (ConfUtils.java:logGet(43)) - raft.server.snapshot.auto.trigger.enabled = true (custom)
2019-10-07 12:25:49,301 [pool-87-thread-1] INFO  server.RaftServerConfigKeys (ConfUtils.java:logGet(43)) - raft.server.snapshot.auto.trigger.threshold = 10000 (custom)
2019-10-07 12:25:49,301 [pool-87-thread-1] INFO  server.RaftServerConfigKeys (ConfUtils.java:logGet(43)) - raft.server.snapshot.retention.file.num = 5 (custom)
2019-10-07 12:25:49,301 [pool-87-thread-1] INFO  server.RaftServerConfigKeys (ConfUtils.java:logGet(43)) - raft.server.retrycache.expirytime = 600000ms (custom)
2019-10-07 12:25:49,303 [pool-87-thread-1] INFO  impl.RaftServerImpl (RaftServerImpl.java:start(181)) - 1b9987ce-69c4-4e08-87ab-8df577346a9d@group-56424088E851: start as a follower, conf=-1: [1b9987ce-69c4-4e08-87ab-8df577346a9d:192.168.151.100:38947], old=null
2019-10-07 12:25:49,303 [pool-87-thread-1] INFO  impl.RaftServerImpl (RaftServerImpl.java:setRole(170)) - 1b9987ce-69c4-4e08-87ab-8df577346a9d@group-56424088E851: changes role from      null to FOLLOWER at term 0 for startAsFollower
2019-10-07 12:25:49,303 [pool-87-thread-1] INFO  impl.RoleInfo (RoleInfo.java:updateAndGet(143)) - 1b9987ce-69c4-4e08-87ab-8df577346a9d: start FollowerState
2019-10-07 12:25:49,304 [pool-87-thread-1] INFO  util.JmxRegister (JmxRegister.java:tryRegister(44)) - Successfully registered JMX Bean with object name Ratis:service=RaftServer,group=group-56424088E851,id=1b9987ce-69c4-4e08-87ab-8df577346a9d
2019-10-07 12:25:49,319 [RatisPipelineUtilsThread] INFO  pipeline.PipelineStateManager (PipelineStateManager.java:addPipeline(56)) - Created pipeline Pipeline[ Id: 0182b963-a4c5-4cce-88a8-56424088e851, Nodes: 1b9987ce-69c4-4e08-87ab-8df577346a9d{ip: 192.168.151.100, host: pr-hdds-2264-877rn-2827291287, networkLocation: /default-rack, certSerialId: null}, Type:RATIS, Factor:ONE, State:OPEN]
2019-10-07 12:25:49,344 [grpc-default-executor-0] INFO  impl.RaftServerProxy (RaftServerProxy.java:addNew(89)) - 20fd5385-81a2-480d-b174-88f0e4149f34: addNew group-9AEDFBD0BB30:[5ee5fc6f-fdaa-4b19-9e07-086f7bbe3426:192.168.151.100:44182, bdc82da4-7981-40ca-bca7-6643a3478f33:192.168.151.100:46068, 20fd5385-81a2-480d-b174-88f0e4149f34:192.168.151.100:44266] returns group-9AEDFBD0BB30:java.util.concurrent.CompletableFuture@32d69107[Not completed]
2019-10-07 12:25:49,344 [grpc-default-executor-1] INFO  impl.RaftServerProxy (RaftServerProxy.java:addNew(89)) - 5ee5fc6f-fdaa-4b19-9e07-086f7bbe3426: addNew group-9AEDFBD0BB30:[5ee5fc6f-fdaa-4b19-9e07-086f7bbe3426:192.168.151.100:44182, bdc82da4-7981-40ca-bca7-6643a3478f33:192.168.151.100:46068, 20fd5385-81a2-480d-b174-88f0e4149f34:192.168.151.100:44266] returns group-9AEDFBD0BB30:java.util.concurrent.CompletableFuture@7adb5a82[Not completed]
2019-10-07 12:25:49,344 [grpc-default-executor-2] INFO  impl.RaftServerProxy (RaftServerProxy.java:addNew(89)) - bdc82da4-7981-40ca-bca7-6643a3478f33: addNew group-9AEDFBD0BB30:[5ee5fc6f-fdaa-4b19-9e07-086f7bbe3426:192.168.151.100:44182, bdc82da4-7981-40ca-bca7-6643a3478f33:192.168.151.100:46068, 20fd5385-81a2-480d-b174-88f0e4149f34:192.168.151.100:44266] returns group-9AEDFBD0BB30:java.util.concurrent.CompletableFuture@66dd4ab4[Not completed]
2019-10-07 12:25:49,345 [pool-67-thread-1] INFO  impl.RaftServerImpl (RaftServerImpl.java:<init>(95)) - 20fd5385-81a2-480d-b174-88f0e4149f34: new RaftServerImpl for group-9AEDFBD0BB30:[5ee5fc6f-fdaa-4b19-9e07-086f7bbe3426:192.168.151.100:44182, bdc82da4-7981-40ca-bca7-6643a3478f33:192.168.151.100:46068, 20fd5385-81a2-480d-b174-88f0e4149f34:192.168.151.100:44266] with ContainerStateMachine:uninitialized
2019-10-07 12:25:49,346 [pool-67-thread-1] INFO  server.RaftServerConfigKeys (ConfUtils.java:logGet(43)) - raft.server.rpc.timeout.min = 5s (custom)
2019-10-07 12:25:49,346 [pool-67-thread-1] INFO  server.RaftServerConfigKeys (ConfUtils.java:logGet(43)) - raft.server.rpc.timeout.max = 5200ms (custom)
2019-10-07 12:25:49,347 [pool-67-thread-1] INFO  server.RaftServerConfigKeys (ConfUtils.java:logGet(43)) - raft.server.rpcslowness.timeout = 120s (custom)
2019-10-07 12:25:49,347 [pool-67-thread-1] INFO  server.RaftServerConfigKeys (ConfUtils.java:logGet(43)) - raft.server.sleep.deviation.threshold = 300 (default)
2019-10-07 12:25:49,347 [pool-67-thread-1] INFO  server.RaftServerConfigKeys (ConfUtils.java:logGet(43)) - raft.server.log.appender.install.snapshot.enabled = false (custom)
2019-10-07 12:25:49,347 [pool-47-thread-1] INFO  impl.RaftServerImpl (RaftServerImpl.java:<init>(95)) - bdc82da4-7981-40ca-bca7-6643a3478f33: new RaftServerImpl for group-9AEDFBD0BB30:[5ee5fc6f-fdaa-4b19-9e07-086f7bbe3426:192.168.151.100:44182, bdc82da4-7981-40ca-bca7-6643a3478f33:192.168.151.100:46068, 20fd5385-81a2-480d-b174-88f0e4149f34:192.168.151.100:44266] with ContainerStateMachine:uninitialized
2019-10-07 12:25:49,348 [pool-67-thread-1] INFO  impl.RaftServerImpl (ServerState.java:<init>(103)) - 20fd5385-81a2-480d-b174-88f0e4149f34@group-9AEDFBD0BB30: ConfigurationManager, init=-1: [5ee5fc6f-fdaa-4b19-9e07-086f7bbe3426:192.168.151.100:44182, bdc82da4-7981-40ca-bca7-6643a3478f33:192.168.151.100:46068, 20fd5385-81a2-480d-b174-88f0e4149f34:192.168.151.100:44266], old=null, confs=<EMPTY_MAP>
2019-10-07 12:25:49,348 [pool-47-thread-1] INFO  server.RaftServerConfigKeys (ConfUtils.java:logGet(43)) - raft.server.rpc.timeout.min = 5s (custom)
2019-10-07 12:25:49,348 [pool-67-thread-1] INFO  server.RaftServerConfigKeys (ConfUtils.java:logGet(43)) - raft.server.storage.dir = [/workdir/hadoop-ozone/integration-test/target/test-dir/MiniOzoneClusterImpl-5b1ddd53-7c01-4eef-9c8a-394c48c68778/datanode-4/data/ratis] (custom)
2019-10-07 12:25:49,348 [pool-47-thread-1] INFO  server.RaftServerConfigKeys (ConfUtils.java:logGet(43)) - raft.server.rpc.timeout.max = 5200ms (custom)
2019-10-07 12:25:49,348 [pool-47-thread-1] INFO  server.RaftServerConfigKeys (ConfUtils.java:logGet(43)) - raft.server.rpcslowness.timeout = 120s (custom)
2019-10-07 12:25:49,348 [pool-27-thread-1] INFO  impl.RaftServerImpl (RaftServerImpl.java:<init>(95)) - 5ee5fc6f-fdaa-4b19-9e07-086f7bbe3426: new RaftServerImpl for group-9AEDFBD0BB30:[5ee5fc6f-fdaa-4b19-9e07-086f7bbe3426:192.168.151.100:44182, bdc82da4-7981-40ca-bca7-6643a3478f33:192.168.151.100:46068, 20fd5385-81a2-480d-b174-88f0e4149f34:192.168.151.100:44266] with ContainerStateMachine:uninitialized
2019-10-07 12:25:49,348 [pool-67-thread-1] INFO  server.RaftServerConfigKeys (ConfUtils.java:logGet(43)) - raft.server.log.corruption.policy = EXCEPTION (default)
2019-10-07 12:25:49,348 [pool-47-thread-1] INFO  server.RaftServerConfigKeys (ConfUtils.java:logGet(43)) - raft.server.sleep.deviation.threshold = 300 (default)
2019-10-07 12:25:49,348 [pool-27-thread-1] INFO  server.RaftServerConfigKeys (ConfUtils.java:logGet(43)) - raft.server.rpc.timeout.min = 5s (custom)
2019-10-07 12:25:49,348 [pool-67-thread-1] INFO  storage.RaftStorageDirectory (RaftStorageDirectory.java:analyzeStorage(246)) - The storage directory /workdir/hadoop-ozone/integration-test/target/test-dir/MiniOzoneClusterImpl-5b1ddd53-7c01-4eef-9c8a-394c48c68778/datanode-4/data/ratis/403733ef-ce95-48a9-b304-9aedfbd0bb30 does not exist. Creating ...
2019-10-07 12:25:49,348 [pool-47-thread-1] INFO  server.RaftServerConfigKeys (ConfUtils.java:logGet(43)) - raft.server.log.appender.install.snapshot.enabled = false (custom)
2019-10-07 12:25:49,348 [pool-27-thread-1] INFO  server.RaftServerConfigKeys (ConfUtils.java:logGet(43)) - raft.server.rpc.timeout.max = 5200ms (custom)
2019-10-07 12:25:49,349 [pool-47-thread-1] INFO  impl.RaftServerImpl (ServerState.java:<init>(103)) - bdc82da4-7981-40ca-bca7-6643a3478f33@group-9AEDFBD0BB30: ConfigurationManager, init=-1: [5ee5fc6f-fdaa-4b19-9e07-086f7bbe3426:192.168.151.100:44182, bdc82da4-7981-40ca-bca7-6643a3478f33:192.168.151.100:46068, 20fd5385-81a2-480d-b174-88f0e4149f34:192.168.151.100:44266], old=null, confs=<EMPTY_MAP>
2019-10-07 12:25:49,349 [pool-27-thread-1] INFO  server.RaftServerConfigKeys (ConfUtils.java:logGet(43)) - raft.server.rpcslowness.timeout = 120s (custom)
2019-10-07 12:25:49,349 [pool-47-thread-1] INFO  server.RaftServerConfigKeys (ConfUtils.java:logGet(43)) - raft.server.storage.dir = [/workdir/hadoop-ozone/integration-test/target/test-dir/MiniOzoneClusterImpl-5b1ddd53-7c01-4eef-9c8a-394c48c68778/datanode-2/data/ratis] (custom)
2019-10-07 12:25:49,349 [pool-27-thread-1] INFO  server.RaftServerConfigKeys (ConfUtils.java:logGet(43)) - raft.server.sleep.deviation.threshold = 300 (default)
2019-10-07 12:25:49,349 [pool-27-thread-1] INFO  server.RaftServerConfigKeys (ConfUtils.java:logGet(43)) - raft.server.log.appender.install.snapshot.enabled = false (custom)
2019-10-07 12:25:49,349 [pool-47-thread-1] INFO  server.RaftServerConfigKeys (ConfUtils.java:logGet(43)) - raft.server.log.corruption.policy = EXCEPTION (default)
2019-10-07 12:25:49,349 [pool-27-thread-1] INFO  impl.RaftServerImpl (ServerState.java:<init>(103)) - 5ee5fc6f-fdaa-4b19-9e07-086f7bbe3426@group-9AEDFBD0BB30: ConfigurationManager, init=-1: [5ee5fc6f-fdaa-4b19-9e07-086f7bbe3426:192.168.151.100:44182, bdc82da4-7981-40ca-bca7-6643a3478f33:192.168.151.100:46068, 20fd5385-81a2-480d-b174-88f0e4149f34:192.168.151.100:44266], old=null, confs=<EMPTY_MAP>
2019-10-07 12:25:49,349 [pool-47-thread-1] INFO  storage.RaftStorageDirectory (RaftStorageDirectory.java:analyzeStorage(246)) - The storage directory /workdir/hadoop-ozone/integration-test/target/test-dir/MiniOzoneClusterImpl-5b1ddd53-7c01-4eef-9c8a-394c48c68778/datanode-2/data/ratis/403733ef-ce95-48a9-b304-9aedfbd0bb30 does not exist. Creating ...
2019-10-07 12:25:49,349 [pool-27-thread-1] INFO  server.RaftServerConfigKeys (ConfUtils.java:logGet(43)) - raft.server.storage.dir = [/workdir/hadoop-ozone/integration-test/target/test-dir/MiniOzoneClusterImpl-5b1ddd53-7c01-4eef-9c8a-394c48c68778/datanode-0/data/ratis] (custom)
2019-10-07 12:25:49,349 [pool-27-thread-1] INFO  server.RaftServerConfigKeys (ConfUtils.java:logGet(43)) - raft.server.log.corruption.policy = EXCEPTION (default)
2019-10-07 12:25:49,350 [pool-27-thread-1] INFO  storage.RaftStorageDirectory (RaftStorageDirectory.java:analyzeStorage(246)) - The storage directory /workdir/hadoop-ozone/integration-test/target/test-dir/MiniOzoneClusterImpl-5b1ddd53-7c01-4eef-9c8a-394c48c68778/datanode-0/data/ratis/403733ef-ce95-48a9-b304-9aedfbd0bb30 does not exist. Creating ...
2019-10-07 12:25:49,373 [pool-47-thread-1] INFO  storage.RaftStorageDirectory (RaftStorageDirectory.java:tryLock(328)) - Lock on /workdir/hadoop-ozone/integration-test/target/test-dir/MiniOzoneClusterImpl-5b1ddd53-7c01-4eef-9c8a-394c48c68778/datanode-2/data/ratis/403733ef-ce95-48a9-b304-9aedfbd0bb30/in_use.lock acquired by nodename 21106@pr-hdds-2264-877rn-2827291287
2019-10-07 12:25:49,373 [pool-67-thread-1] INFO  storage.RaftStorageDirectory (RaftStorageDirectory.java:tryLock(328)) - Lock on /workdir/hadoop-ozone/integration-test/target/test-dir/MiniOzoneClusterImpl-5b1ddd53-7c01-4eef-9c8a-394c48c68778/datanode-4/data/ratis/403733ef-ce95-48a9-b304-9aedfbd0bb30/in_use.lock acquired by nodename 21106@pr-hdds-2264-877rn-2827291287
2019-10-07 12:25:49,373 [pool-27-thread-1] INFO  storage.RaftStorageDirectory (RaftStorageDirectory.java:tryLock(328)) - Lock on /workdir/hadoop-ozone/integration-test/target/test-dir/MiniOzoneClusterImpl-5b1ddd53-7c01-4eef-9c8a-394c48c68778/datanode-0/data/ratis/403733ef-ce95-48a9-b304-9aedfbd0bb30/in_use.lock acquired by nodename 21106@pr-hdds-2264-877rn-2827291287
2019-10-07 12:25:49,408 [pool-67-thread-1] INFO  storage.RaftStorage (RaftStorage.java:format(84)) - Storage directory /workdir/hadoop-ozone/integration-test/target/test-dir/MiniOzoneClusterImpl-5b1ddd53-7c01-4eef-9c8a-394c48c68778/datanode-4/data/ratis/403733ef-ce95-48a9-b304-9aedfbd0bb30 has been successfully formatted.
2019-10-07 12:25:49,408 [pool-47-thread-1] INFO  storage.RaftStorage (RaftStorage.java:format(84)) - Storage directory /workdir/hadoop-ozone/integration-test/target/test-dir/MiniOzoneClusterImpl-5b1ddd53-7c01-4eef-9c8a-394c48c68778/datanode-2/data/ratis/403733ef-ce95-48a9-b304-9aedfbd0bb30 has been successfully formatted.
2019-10-07 12:25:49,408 [pool-27-thread-1] INFO  storage.RaftStorage (RaftStorage.java:format(84)) - Storage directory /workdir/hadoop-ozone/integration-test/target/test-dir/MiniOzoneClusterImpl-5b1ddd53-7c01-4eef-9c8a-394c48c68778/datanode-0/data/ratis/403733ef-ce95-48a9-b304-9aedfbd0bb30 has been successfully formatted.
2019-10-07 12:25:49,408 [pool-67-thread-1] INFO  ratis.ContainerStateMachine (ContainerStateMachine.java:loadSnapshot(231)) - group-9AEDFBD0BB30: The snapshot info is null. Setting the last applied indexto:(t:0, i:~)
2019-10-07 12:25:49,408 [pool-47-thread-1] INFO  ratis.ContainerStateMachine (ContainerStateMachine.java:loadSnapshot(231)) - group-9AEDFBD0BB30: The snapshot info is null. Setting the last applied indexto:(t:0, i:~)
2019-10-07 12:25:49,408 [pool-27-thread-1] INFO  ratis.ContainerStateMachine (ContainerStateMachine.java:loadSnapshot(231)) - group-9AEDFBD0BB30: The snapshot info is null. Setting the last applied indexto:(t:0, i:~)
2019-10-07 12:25:49,408 [pool-47-thread-1] INFO  server.RaftServerConfigKeys (ConfUtils.java:logGet(43)) - raft.server.notification.no-leader.timeout = 120s (custom)
2019-10-07 12:25:49,408 [pool-67-thread-1] INFO  server.RaftServerConfigKeys (ConfUtils.java:logGet(43)) - raft.server.notification.no-leader.timeout = 120s (custom)
2019-10-07 12:25:49,409 [pool-47-thread-1] INFO  server.RaftServerConfigKeys (ConfUtils.java:logGet(43)) - raft.server.log.use.memory = false (default)
2019-10-07 12:25:49,408 [pool-27-thread-1] INFO  server.RaftServerConfigKeys (ConfUtils.java:logGet(43)) - raft.server.notification.no-leader.timeout = 120s (custom)
2019-10-07 12:25:49,409 [pool-47-thread-1] INFO  server.RaftServerConfigKeys (ConfUtils.java:logGet(43)) - raft.server.log.purge.gap = 1000000 (custom)
2019-10-07 12:25:49,409 [pool-67-thread-1] INFO  server.RaftServerConfigKeys (ConfUtils.java:logGet(43)) - raft.server.log.use.memory = false (default)
2019-10-07 12:25:49,409 [pool-47-thread-1] INFO  server.RaftServerConfigKeys (ConfUtils.java:logGet(43)) - raft.server.log.appender.buffer.byte-limit = 33554432 (custom)
2019-10-07 12:25:49,409 [pool-27-thread-1] INFO  server.RaftServerConfigKeys (ConfUtils.java:logGet(43)) - raft.server.log.use.memory = false (default)
2019-10-07 12:25:49,409 [pool-47-thread-1] INFO  server.RaftServerConfigKeys (ConfUtils.java:logGet(43)) - raft.server.log.segment.size.max = 1048576 (custom)
2019-10-07 12:25:49,409 [pool-67-thread-1] INFO  server.RaftServerConfigKeys (ConfUtils.java:logGet(43)) - raft.server.log.purge.gap = 1000000 (custom)
2019-10-07 12:25:49,410 [pool-47-thread-1] INFO  server.RaftServerConfigKeys (ConfUtils.java:logGet(43)) - raft.server.log.segment.cache.num.max = 2 (custom)
2019-10-07 12:25:49,409 [pool-27-thread-1] INFO  server.RaftServerConfigKeys (ConfUtils.java:logGet(43)) - raft.server.log.purge.gap = 1000000 (custom)
2019-10-07 12:25:49,410 [pool-47-thread-1] INFO  segmented.SegmentedRaftLogWorker (SegmentedRaftLogWorker.java:<init>(173)) - new bdc82da4-7981-40ca-bca7-6643a3478f33@group-9AEDFBD0BB30-SegmentedRaftLogWorker for RaftStorage:Storage Directory /workdir/hadoop-ozone/integration-test/target/test-dir/MiniOzoneClusterImpl-5b1ddd53-7c01-4eef-9c8a-394c48c68778/datanode-2/data/ratis/403733ef-ce95-48a9-b304-9aedfbd0bb30
2019-10-07 12:25:49,410 [pool-67-thread-1] INFO  server.RaftServerConfigKeys (ConfUtils.java:logGet(43)) - raft.server.log.appender.buffer.byte-limit = 33554432 (custom)
2019-10-07 12:25:49,410 [pool-47-thread-1] INFO  server.RaftServerConfigKeys (ConfUtils.java:logGet(43)) - raft.server.log.queue.byte-limit = 2147483647 (custom)
2019-10-07 12:25:49,410 [pool-27-thread-1] INFO  server.RaftServerConfigKeys (ConfUtils.java:logGet(43)) - raft.server.log.appender.buffer.byte-limit = 33554432 (custom)
2019-10-07 12:25:49,410 [pool-47-thread-1] INFO  server.RaftServerConfigKeys (ConfUtils.java:logGet(43)) - raft.server.log.queue.element-limit = 1024 (custom)
2019-10-07 12:25:49,410 [pool-67-thread-1] INFO  server.RaftServerConfigKeys (ConfUtils.java:logGet(43)) - raft.server.log.segment.size.max = 1048576 (custom)
2019-10-07 12:25:49,410 [pool-47-thread-1] INFO  server.RaftServerConfigKeys (ConfUtils.java:logGet(43)) - raft.server.log.segment.size.max = 1048576 (custom)
2019-10-07 12:25:49,410 [pool-27-thread-1] INFO  server.RaftServerConfigKeys (ConfUtils.java:logGet(43)) - raft.server.log.segment.size.max = 1048576 (custom)
2019-10-07 12:25:49,411 [pool-47-thread-1] INFO  server.RaftServerConfigKeys (ConfUtils.java:logGet(43)) - raft.server.log.preallocated.size = 16384 (custom)
2019-10-07 12:25:49,411 [pool-67-thread-1] INFO  server.RaftServerConfigKeys (ConfUtils.java:logGet(43)) - raft.server.log.segment.cache.num.max = 2 (custom)
2019-10-07 12:25:49,411 [pool-47-thread-1] INFO  server.RaftServerConfigKeys (ConfUtils.java:logGet(43)) - raft.server.log.write.buffer.size = 33554432 (custom)
2019-10-07 12:25:49,411 [pool-27-thread-1] INFO  server.RaftServerConfigKeys (ConfUtils.java:logGet(43)) - raft.server.log.segment.cache.num.max = 2 (custom)
2019-10-07 12:25:49,411 [pool-47-thread-1] INFO  server.RaftServerConfigKeys (ConfUtils.java:logGet(43)) - raft.server.log.force.sync.num = 128 (default)
2019-10-07 12:25:49,411 [pool-67-thread-1] INFO  segmented.SegmentedRaftLogWorker (SegmentedRaftLogWorker.java:<init>(173)) - new 20fd5385-81a2-480d-b174-88f0e4149f34@group-9AEDFBD0BB30-SegmentedRaftLogWorker for RaftStorage:Storage Directory /workdir/hadoop-ozone/integration-test/target/test-dir/MiniOzoneClusterImpl-5b1ddd53-7c01-4eef-9c8a-394c48c68778/datanode-4/data/ratis/403733ef-ce95-48a9-b304-9aedfbd0bb30
2019-10-07 12:25:49,411 [pool-47-thread-1] INFO  server.RaftServerConfigKeys (ConfUtils.java:logGet(43)) - raft.server.log.statemachine.data.sync = true (default)
2019-10-07 12:25:49,411 [pool-27-thread-1] INFO  segmented.SegmentedRaftLogWorker (SegmentedRaftLogWorker.java:<init>(173)) - new 5ee5fc6f-fdaa-4b19-9e07-086f7bbe3426@group-9AEDFBD0BB30-SegmentedRaftLogWorker for RaftStorage:Storage Directory /workdir/hadoop-ozone/integration-test/target/test-dir/MiniOzoneClusterImpl-5b1ddd53-7c01-4eef-9c8a-394c48c68778/datanode-0/data/ratis/403733ef-ce95-48a9-b304-9aedfbd0bb30
2019-10-07 12:25:49,411 [pool-47-thread-1] INFO  server.RaftServerConfigKeys (ConfUtils.java:logGet(43)) - raft.server.log.statemachine.data.sync.timeout = 10s (default)
2019-10-07 12:25:49,411 [pool-67-thread-1] INFO  server.RaftServerConfigKeys (ConfUtils.java:logGet(43)) - raft.server.log.queue.byte-limit = 2147483647 (custom)
2019-10-07 12:25:49,412 [pool-47-thread-1] INFO  server.RaftServerConfigKeys (ConfUtils.java:logGet(43)) - raft.server.log.statemachine.data.sync.timeout.retry = -1 (default)
2019-10-07 12:25:49,412 [pool-27-thread-1] INFO  server.RaftServerConfigKeys (ConfUtils.java:logGet(43)) - raft.server.log.queue.byte-limit = 2147483647 (custom)
2019-10-07 12:25:49,412 [pool-67-thread-1] INFO  server.RaftServerConfigKeys (ConfUtils.java:logGet(43)) - raft.server.log.queue.element-limit = 1024 (custom)
2019-10-07 12:25:49,412 [pool-27-thread-1] INFO  server.RaftServerConfigKeys (ConfUtils.java:logGet(43)) - raft.server.log.queue.element-limit = 1024 (custom)
2019-10-07 12:25:49,412 [pool-47-thread-1] INFO  server.RaftServerConfigKeys (ConfUtils.java:logGet(43)) - raft.server.log.statemachine.data.caching.enabled = true (custom)
2019-10-07 12:25:49,412 [pool-27-thread-1] INFO  server.RaftServerConfigKeys (ConfUtils.java:logGet(43)) - raft.server.log.segment.size.max = 1048576 (custom)
2019-10-07 12:25:49,412 [pool-67-thread-1] INFO  server.RaftServerConfigKeys (ConfUtils.java:logGet(43)) - raft.server.log.segment.size.max = 1048576 (custom)
2019-10-07 12:25:49,412 [pool-47-thread-1] INFO  segmented.SegmentedRaftLogWorker (SegmentedRaftLogWorker.java:lambda$new$0(128)) - bdc82da4-7981-40ca-bca7-6643a3478f33@group-9AEDFBD0BB30-SegmentedRaftLogWorker: flushIndex: setUnconditionally 0 -> -1
2019-10-07 12:25:49,412 [pool-27-thread-1] INFO  server.RaftServerConfigKeys (ConfUtils.java:logGet(43)) - raft.server.log.preallocated.size = 16384 (custom)
2019-10-07 12:25:49,412 [pool-67-thread-1] INFO  server.RaftServerConfigKeys (ConfUtils.java:logGet(43)) - raft.server.log.preallocated.size = 16384 (custom)
2019-10-07 12:25:49,413 [pool-47-thread-1] INFO  server.RaftServerConfigKeys (ConfUtils.java:logGet(43)) - raft.server.snapshot.auto.trigger.enabled = true (custom)
2019-10-07 12:25:49,413 [pool-27-thread-1] INFO  server.RaftServerConfigKeys (ConfUtils.java:logGet(43)) - raft.server.log.write.buffer.size = 33554432 (custom)
2019-10-07 12:25:49,413 [pool-47-thread-1] INFO  server.RaftServerConfigKeys (ConfUtils.java:logGet(43)) - raft.server.snapshot.auto.trigger.threshold = 10000 (custom)
2019-10-07 12:25:49,413 [pool-67-thread-1] INFO  server.RaftServerConfigKeys (ConfUtils.java:logGet(43)) - raft.server.log.write.buffer.size = 33554432 (custom)
2019-10-07 12:25:49,413 [pool-47-thread-1] INFO  server.RaftServerConfigKeys (ConfUtils.java:logGet(43)) - raft.server.snapshot.retention.file.num = 5 (custom)
2019-10-07 12:25:49,413 [pool-27-thread-1] INFO  server.RaftServerConfigKeys (ConfUtils.java:logGet(43)) - raft.server.log.force.sync.num = 128 (default)
2019-10-07 12:25:49,413 [pool-47-thread-1] INFO  server.RaftServerConfigKeys (ConfUtils.java:logGet(43)) - raft.server.retrycache.expirytime = 600000ms (custom)
2019-10-07 12:25:49,413 [pool-67-thread-1] INFO  server.RaftServerConfigKeys (ConfUtils.java:logGet(43)) - raft.server.log.force.sync.num = 128 (default)
2019-10-07 12:25:49,413 [pool-27-thread-1] INFO  server.RaftServerConfigKeys (ConfUtils.java:logGet(43)) - raft.server.log.statemachine.data.sync = true (default)
2019-10-07 12:25:49,414 [pool-67-thread-1] INFO  server.RaftServerConfigKeys (ConfUtils.java:logGet(43)) - raft.server.log.statemachine.data.sync = true (default)
2019-10-07 12:25:49,414 [pool-27-thread-1] INFO  server.RaftServerConfigKeys (ConfUtils.java:logGet(43)) - raft.server.log.statemachine.data.sync.timeout = 10s (default)
2019-10-07 12:25:49,414 [pool-67-thread-1] INFO  server.RaftServerConfigKeys (ConfUtils.java:logGet(43)) - raft.server.log.statemachine.data.sync.timeout = 10s (default)
2019-10-07 12:25:49,414 [pool-27-thread-1] INFO  server.RaftServerConfigKeys (ConfUtils.java:logGet(43)) - raft.server.log.statemachine.data.sync.timeout.retry = -1 (default)
2019-10-07 12:25:49,414 [pool-67-thread-1] INFO  server.RaftServerConfigKeys (ConfUtils.java:logGet(43)) - raft.server.log.statemachine.data.sync.timeout.retry = -1 (default)
2019-10-07 12:25:49,414 [pool-27-thread-1] INFO  server.RaftServerConfigKeys (ConfUtils.java:logGet(43)) - raft.server.log.statemachine.data.caching.enabled = true (custom)
2019-10-07 12:25:49,414 [pool-67-thread-1] INFO  server.RaftServerConfigKeys (ConfUtils.java:logGet(43)) - raft.server.log.statemachine.data.caching.enabled = true (custom)
2019-10-07 12:25:49,414 [pool-27-thread-1] INFO  segmented.SegmentedRaftLogWorker (SegmentedRaftLogWorker.java:lambda$new$0(128)) - 5ee5fc6f-fdaa-4b19-9e07-086f7bbe3426@group-9AEDFBD0BB30-SegmentedRaftLogWorker: flushIndex: setUnconditionally 0 -> -1
2019-10-07 12:25:49,415 [pool-67-thread-1] INFO  segmented.SegmentedRaftLogWorker (SegmentedRaftLogWorker.java:lambda$new$0(128)) - 20fd5385-81a2-480d-b174-88f0e4149f34@group-9AEDFBD0BB30-SegmentedRaftLogWorker: flushIndex: setUnconditionally 0 -> -1
2019-10-07 12:25:49,415 [pool-27-thread-1] INFO  server.RaftServerConfigKeys (ConfUtils.java:logGet(43)) - raft.server.snapshot.auto.trigger.enabled = true (custom)
2019-10-07 12:25:49,415 [pool-27-thread-1] INFO  server.RaftServerConfigKeys (ConfUtils.java:logGet(43)) - raft.server.snapshot.auto.trigger.threshold = 10000 (custom)
2019-10-07 12:25:49,415 [pool-67-thread-1] INFO  server.RaftServerConfigKeys (ConfUtils.java:logGet(43)) - raft.server.snapshot.auto.trigger.enabled = true (custom)
2019-10-07 12:25:49,415 [pool-27-thread-1] INFO  server.RaftServerConfigKeys (ConfUtils.java:logGet(43)) - raft.server.snapshot.retention.file.num = 5 (custom)
2019-10-07 12:25:49,415 [pool-67-thread-1] INFO  server.RaftServerConfigKeys (ConfUtils.java:logGet(43)) - raft.server.snapshot.auto.trigger.threshold = 10000 (custom)
2019-10-07 12:25:49,415 [pool-27-thread-1] INFO  server.RaftServerConfigKeys (ConfUtils.java:logGet(43)) - raft.server.retrycache.expirytime = 600000ms (custom)
2019-10-07 12:25:49,415 [pool-67-thread-1] INFO  server.RaftServerConfigKeys (ConfUtils.java:logGet(43)) - raft.server.snapshot.retention.file.num = 5 (custom)
2019-10-07 12:25:49,415 [pool-67-thread-1] INFO  server.RaftServerConfigKeys (ConfUtils.java:logGet(43)) - raft.server.retrycache.expirytime = 600000ms (custom)
2019-10-07 12:25:49,416 [pool-47-thread-1] INFO  impl.RaftServerImpl (RaftServerImpl.java:start(181)) - bdc82da4-7981-40ca-bca7-6643a3478f33@group-9AEDFBD0BB30: start as a follower, conf=-1: [5ee5fc6f-fdaa-4b19-9e07-086f7bbe3426:192.168.151.100:44182, bdc82da4-7981-40ca-bca7-6643a3478f33:192.168.151.100:46068, 20fd5385-81a2-480d-b174-88f0e4149f34:192.168.151.100:44266], old=null
2019-10-07 12:25:49,416 [pool-47-thread-1] INFO  impl.RaftServerImpl (RaftServerImpl.java:setRole(170)) - bdc82da4-7981-40ca-bca7-6643a3478f33@group-9AEDFBD0BB30: changes role from      null to FOLLOWER at term 0 for startAsFollower
2019-10-07 12:25:49,416 [pool-47-thread-1] INFO  impl.RoleInfo (RoleInfo.java:updateAndGet(143)) - bdc82da4-7981-40ca-bca7-6643a3478f33: start FollowerState
2019-10-07 12:25:49,416 [pool-47-thread-1] INFO  util.JmxRegister (JmxRegister.java:tryRegister(44)) - Successfully registered JMX Bean with object name Ratis:service=RaftServer,group=group-9AEDFBD0BB30,id=bdc82da4-7981-40ca-bca7-6643a3478f33
2019-10-07 12:25:49,418 [pool-27-thread-1] INFO  impl.RaftServerImpl (RaftServerImpl.java:start(181)) - 5ee5fc6f-fdaa-4b19-9e07-086f7bbe3426@group-9AEDFBD0BB30: start as a follower, conf=-1: [5ee5fc6f-fdaa-4b19-9e07-086f7bbe3426:192.168.151.100:44182, bdc82da4-7981-40ca-bca7-6643a3478f33:192.168.151.100:46068, 20fd5385-81a2-480d-b174-88f0e4149f34:192.168.151.100:44266], old=null
2019-10-07 12:25:49,418 [pool-27-thread-1] INFO  impl.RaftServerImpl (RaftServerImpl.java:setRole(170)) - 5ee5fc6f-fdaa-4b19-9e07-086f7bbe3426@group-9AEDFBD0BB30: changes role from      null to FOLLOWER at term 0 for startAsFollower
2019-10-07 12:25:49,418 [pool-27-thread-1] INFO  impl.RoleInfo (RoleInfo.java:updateAndGet(143)) - 5ee5fc6f-fdaa-4b19-9e07-086f7bbe3426: start FollowerState
2019-10-07 12:25:49,418 [pool-27-thread-1] INFO  util.JmxRegister (JmxRegister.java:tryRegister(44)) - Successfully registered JMX Bean with object name Ratis:service=RaftServer,group=group-9AEDFBD0BB30,id=5ee5fc6f-fdaa-4b19-9e07-086f7bbe3426
2019-10-07 12:25:49,418 [pool-67-thread-1] INFO  impl.RaftServerImpl (RaftServerImpl.java:start(181)) - 20fd5385-81a2-480d-b174-88f0e4149f34@group-9AEDFBD0BB30: start as a follower, conf=-1: [5ee5fc6f-fdaa-4b19-9e07-086f7bbe3426:192.168.151.100:44182, bdc82da4-7981-40ca-bca7-6643a3478f33:192.168.151.100:46068, 20fd5385-81a2-480d-b174-88f0e4149f34:192.168.151.100:44266], old=null
2019-10-07 12:25:49,418 [pool-67-thread-1] INFO  impl.RaftServerImpl (RaftServerImpl.java:setRole(170)) - 20fd5385-81a2-480d-b174-88f0e4149f34@group-9AEDFBD0BB30: changes role from      null to FOLLOWER at term 0 for startAsFollower
2019-10-07 12:25:49,419 [pool-67-thread-1] INFO  impl.RoleInfo (RoleInfo.java:updateAndGet(143)) - 20fd5385-81a2-480d-b174-88f0e4149f34: start FollowerState
2019-10-07 12:25:49,419 [pool-67-thread-1] INFO  util.JmxRegister (JmxRegister.java:tryRegister(44)) - Successfully registered JMX Bean with object name Ratis:service=RaftServer,group=group-9AEDFBD0BB30,id=20fd5385-81a2-480d-b174-88f0e4149f34
2019-10-07 12:25:49,436 [RatisPipelineUtilsThread] INFO  pipeline.PipelineStateManager (PipelineStateManager.java:addPipeline(56)) - Created pipeline Pipeline[ Id: 403733ef-ce95-48a9-b304-9aedfbd0bb30, Nodes: 20fd5385-81a2-480d-b174-88f0e4149f34{ip: 192.168.151.100, host: pr-hdds-2264-877rn-2827291287, networkLocation: /default-rack, certSerialId: null}bdc82da4-7981-40ca-bca7-6643a3478f33{ip: 192.168.151.100, host: pr-hdds-2264-877rn-2827291287, networkLocation: /default-rack, certSerialId: null}5ee5fc6f-fdaa-4b19-9e07-086f7bbe3426{ip: 192.168.151.100, host: pr-hdds-2264-877rn-2827291287, networkLocation: /default-rack, certSerialId: null}, Type:RATIS, Factor:THREE, State:OPEN]
2019-10-07 12:25:49,464 [grpc-default-executor-0] INFO  impl.RaftServerProxy (RaftServerProxy.java:addNew(89)) - c7b3e0d2-9ebb-42f4-9e7a-a8bf947c7cde: addNew group-7B2936CA983E:[dede47a1-ead0-4140-9862-ec97040384a5:192.168.151.100:37135, 1d653722-c85d-4cca-bc33-c4a52e4659d9:192.168.151.100:34636, c7b3e0d2-9ebb-42f4-9e7a-a8bf947c7cde:192.168.151.100:46791] returns group-7B2936CA983E:java.util.concurrent.CompletableFuture@67b728dd[Not completed]
2019-10-07 12:25:49,466 [grpc-default-executor-1] INFO  impl.RaftServerProxy (RaftServerProxy.java:addNew(89)) - dede47a1-ead0-4140-9862-ec97040384a5: addNew group-7B2936CA983E:[dede47a1-ead0-4140-9862-ec97040384a5:192.168.151.100:37135, 1d653722-c85d-4cca-bc33-c4a52e4659d9:192.168.151.100:34636, c7b3e0d2-9ebb-42f4-9e7a-a8bf947c7cde:192.168.151.100:46791] returns group-7B2936CA983E:java.util.concurrent.CompletableFuture@569cd115[Not completed]
2019-10-07 12:25:49,467 [pool-37-thread-1] INFO  impl.RaftServerImpl (RaftServerImpl.java:<init>(95)) - c7b3e0d2-9ebb-42f4-9e7a-a8bf947c7cde: new RaftServerImpl for group-7B2936CA983E:[dede47a1-ead0-4140-9862-ec97040384a5:192.168.151.100:37135, 1d653722-c85d-4cca-bc33-c4a52e4659d9:192.168.151.100:34636, c7b3e0d2-9ebb-42f4-9e7a-a8bf947c7cde:192.168.151.100:46791] with ContainerStateMachine:uninitialized
2019-10-07 12:25:49,467 [grpc-default-executor-0] INFO  impl.RaftServerProxy (RaftServerProxy.java:addNew(89)) - 1d653722-c85d-4cca-bc33-c4a52e4659d9: addNew group-7B2936CA983E:[dede47a1-ead0-4140-9862-ec97040384a5:192.168.151.100:37135, 1d653722-c85d-4cca-bc33-c4a52e4659d9:192.168.151.100:34636, c7b3e0d2-9ebb-42f4-9e7a-a8bf947c7cde:192.168.151.100:46791] returns group-7B2936CA983E:java.util.concurrent.CompletableFuture@72a8dee8[Not completed]
2019-10-07 12:25:49,467 [pool-37-thread-1] INFO  server.RaftServerConfigKeys (ConfUtils.java:logGet(43)) - raft.server.rpc.timeout.min = 5s (custom)
2019-10-07 12:25:49,468 [pool-37-thread-1] INFO  server.RaftServerConfigKeys (ConfUtils.java:logGet(43)) - raft.server.rpc.timeout.max = 5200ms (custom)
2019-10-07 12:25:49,468 [pool-37-thread-1] INFO  server.RaftServerConfigKeys (ConfUtils.java:logGet(43)) - raft.server.rpcslowness.timeout = 120s (custom)
2019-10-07 12:25:49,468 [pool-37-thread-1] INFO  server.RaftServerConfigKeys (ConfUtils.java:logGet(43)) - raft.server.sleep.deviation.threshold = 300 (default)
2019-10-07 12:25:49,468 [pool-37-thread-1] INFO  server.RaftServerConfigKeys (ConfUtils.java:logGet(43)) - raft.server.log.appender.install.snapshot.enabled = false (custom)
2019-10-07 12:25:49,468 [pool-57-thread-1] INFO  impl.RaftServerImpl (RaftServerImpl.java:<init>(95)) - dede47a1-ead0-4140-9862-ec97040384a5: new RaftServerImpl for group-7B2936CA983E:[dede47a1-ead0-4140-9862-ec97040384a5:192.168.151.100:37135, 1d653722-c85d-4cca-bc33-c4a52e4659d9:192.168.151.100:34636, c7b3e0d2-9ebb-42f4-9e7a-a8bf947c7cde:192.168.151.100:46791] with ContainerStateMachine:uninitialized
2019-10-07 12:25:49,468 [pool-37-thread-1] INFO  impl.RaftServerImpl (ServerState.java:<init>(103)) - c7b3e0d2-9ebb-42f4-9e7a-a8bf947c7cde@group-7B2936CA983E: ConfigurationManager, init=-1: [dede47a1-ead0-4140-9862-ec97040384a5:192.168.151.100:37135, 1d653722-c85d-4cca-bc33-c4a52e4659d9:192.168.151.100:34636, c7b3e0d2-9ebb-42f4-9e7a-a8bf947c7cde:192.168.151.100:46791], old=null, confs=<EMPTY_MAP>
2019-10-07 12:25:49,468 [pool-57-thread-1] INFO  server.RaftServerConfigKeys (ConfUtils.java:logGet(43)) - raft.server.rpc.timeout.min = 5s (custom)
2019-10-07 12:25:49,468 [pool-37-thread-1] INFO  server.RaftServerConfigKeys (ConfUtils.java:logGet(43)) - raft.server.storage.dir = [/workdir/hadoop-ozone/integration-test/target/test-dir/MiniOzoneClusterImpl-5b1ddd53-7c01-4eef-9c8a-394c48c68778/datanode-1/data/ratis] (custom)
2019-10-07 12:25:49,468 [pool-57-thread-1] INFO  server.RaftServerConfigKeys (ConfUtils.java:logGet(43)) - raft.server.rpc.timeout.max = 5200ms (custom)
2019-10-07 12:25:49,469 [pool-77-thread-1] INFO  impl.RaftServerImpl (RaftServerImpl.java:<init>(95)) - 1d653722-c85d-4cca-bc33-c4a52e4659d9: new RaftServerImpl for group-7B2936CA983E:[dede47a1-ead0-4140-9862-ec97040384a5:192.168.151.100:37135, 1d653722-c85d-4cca-bc33-c4a52e4659d9:192.168.151.100:34636, c7b3e0d2-9ebb-42f4-9e7a-a8bf947c7cde:192.168.151.100:46791] with ContainerStateMachine:uninitialized
2019-10-07 12:25:49,469 [pool-57-thread-1] INFO  server.RaftServerConfigKeys (ConfUtils.java:logGet(43)) - raft.server.rpcslowness.timeout = 120s (custom)
2019-10-07 12:25:49,469 [pool-77-thread-1] INFO  server.RaftServerConfigKeys (ConfUtils.java:logGet(43)) - raft.server.rpc.timeout.min = 5s (custom)
2019-10-07 12:25:49,469 [pool-37-thread-1] INFO  server.RaftServerConfigKeys (ConfUtils.java:logGet(43)) - raft.server.log.corruption.policy = EXCEPTION (default)
2019-10-07 12:25:49,469 [pool-77-thread-1] INFO  server.RaftServerConfigKeys (ConfUtils.java:logGet(43)) - raft.server.rpc.timeout.max = 5200ms (custom)
2019-10-07 12:25:49,469 [pool-57-thread-1] INFO  server.RaftServerConfigKeys (ConfUtils.java:logGet(43)) - raft.server.sleep.deviation.threshold = 300 (default)
2019-10-07 12:25:49,469 [pool-37-thread-1] INFO  storage.RaftStorageDirectory (RaftStorageDirectory.java:analyzeStorage(246)) - The storage directory /workdir/hadoop-ozone/integration-test/target/test-dir/MiniOzoneClusterImpl-5b1ddd53-7c01-4eef-9c8a-394c48c68778/datanode-1/data/ratis/8737075c-8b9d-49e6-ab45-7b2936ca983e does not exist. Creating ...
2019-10-07 12:25:49,469 [pool-77-thread-1] INFO  server.RaftServerConfigKeys (ConfUtils.java:logGet(43)) - raft.server.rpcslowness.timeout = 120s (custom)
2019-10-07 12:25:49,469 [pool-57-thread-1] INFO  server.RaftServerConfigKeys (ConfUtils.java:logGet(43)) - raft.server.log.appender.install.snapshot.enabled = false (custom)
2019-10-07 12:25:49,469 [pool-77-thread-1] INFO  server.RaftServerConfigKeys (ConfUtils.java:logGet(43)) - raft.server.sleep.deviation.threshold = 300 (default)
2019-10-07 12:25:49,469 [pool-57-thread-1] INFO  impl.RaftServerImpl (ServerState.java:<init>(103)) - dede47a1-ead0-4140-9862-ec97040384a5@group-7B2936CA983E: ConfigurationManager, init=-1: [dede47a1-ead0-4140-9862-ec97040384a5:192.168.151.100:37135, 1d653722-c85d-4cca-bc33-c4a52e4659d9:192.168.151.100:34636, c7b3e0d2-9ebb-42f4-9e7a-a8bf947c7cde:192.168.151.100:46791], old=null, confs=<EMPTY_MAP>
2019-10-07 12:25:49,469 [pool-77-thread-1] INFO  server.RaftServerConfigKeys (ConfUtils.java:logGet(43)) - raft.server.log.appender.install.snapshot.enabled = false (custom)
2019-10-07 12:25:49,470 [pool-57-thread-1] INFO  server.RaftServerConfigKeys (ConfUtils.java:logGet(43)) - raft.server.storage.dir = [/workdir/hadoop-ozone/integration-test/target/test-dir/MiniOzoneClusterImpl-5b1ddd53-7c01-4eef-9c8a-394c48c68778/datanode-3/data/ratis] (custom)
2019-10-07 12:25:49,470 [pool-77-thread-1] INFO  impl.RaftServerImpl (ServerState.java:<init>(103)) - 1d653722-c85d-4cca-bc33-c4a52e4659d9@group-7B2936CA983E: ConfigurationManager, init=-1: [dede47a1-ead0-4140-9862-ec97040384a5:192.168.151.100:37135, 1d653722-c85d-4cca-bc33-c4a52e4659d9:192.168.151.100:34636, c7b3e0d2-9ebb-42f4-9e7a-a8bf947c7cde:192.168.151.100:46791], old=null, confs=<EMPTY_MAP>
2019-10-07 12:25:49,470 [pool-77-thread-1] INFO  server.RaftServerConfigKeys (ConfUtils.java:logGet(43)) - raft.server.storage.dir = [/workdir/hadoop-ozone/integration-test/target/test-dir/MiniOzoneClusterImpl-5b1ddd53-7c01-4eef-9c8a-394c48c68778/datanode-5/data/ratis] (custom)
2019-10-07 12:25:49,470 [pool-57-thread-1] INFO  server.RaftServerConfigKeys (ConfUtils.java:logGet(43)) - raft.server.log.corruption.policy = EXCEPTION (default)
2019-10-07 12:25:49,470 [pool-77-thread-1] INFO  server.RaftServerConfigKeys (ConfUtils.java:logGet(43)) - raft.server.log.corruption.policy = EXCEPTION (default)
2019-10-07 12:25:49,470 [pool-57-thread-1] INFO  storage.RaftStorageDirectory (RaftStorageDirectory.java:analyzeStorage(246)) - The storage directory /workdir/hadoop-ozone/integration-test/target/test-dir/MiniOzoneClusterImpl-5b1ddd53-7c01-4eef-9c8a-394c48c68778/datanode-3/data/ratis/8737075c-8b9d-49e6-ab45-7b2936ca983e does not exist. Creating ...
2019-10-07 12:25:49,470 [pool-77-thread-1] INFO  storage.RaftStorageDirectory (RaftStorageDirectory.java:analyzeStorage(246)) - The storage directory /workdir/hadoop-ozone/integration-test/target/test-dir/MiniOzoneClusterImpl-5b1ddd53-7c01-4eef-9c8a-394c48c68778/datanode-5/data/ratis/8737075c-8b9d-49e6-ab45-7b2936ca983e does not exist. Creating ...
2019-10-07 12:25:49,482 [pool-37-thread-1] INFO  storage.RaftStorageDirectory (RaftStorageDirectory.java:tryLock(328)) - Lock on /workdir/hadoop-ozone/integration-test/target/test-dir/MiniOzoneClusterImpl-5b1ddd53-7c01-4eef-9c8a-394c48c68778/datanode-1/data/ratis/8737075c-8b9d-49e6-ab45-7b2936ca983e/in_use.lock acquired by nodename 21106@pr-hdds-2264-877rn-2827291287
2019-10-07 12:25:49,482 [pool-77-thread-1] INFO  storage.RaftStorageDirectory (RaftStorageDirectory.java:tryLock(328)) - Lock on /workdir/hadoop-ozone/integration-test/target/test-dir/MiniOzoneClusterImpl-5b1ddd53-7c01-4eef-9c8a-394c48c68778/datanode-5/data/ratis/8737075c-8b9d-49e6-ab45-7b2936ca983e/in_use.lock acquired by nodename 21106@pr-hdds-2264-877rn-2827291287
2019-10-07 12:25:49,482 [pool-57-thread-1] INFO  storage.RaftStorageDirectory (RaftStorageDirectory.java:tryLock(328)) - Lock on /workdir/hadoop-ozone/integration-test/target/test-dir/MiniOzoneClusterImpl-5b1ddd53-7c01-4eef-9c8a-394c48c68778/datanode-3/data/ratis/8737075c-8b9d-49e6-ab45-7b2936ca983e/in_use.lock acquired by nodename 21106@pr-hdds-2264-877rn-2827291287
2019-10-07 12:25:49,496 [pool-57-thread-1] INFO  storage.RaftStorage (RaftStorage.java:format(84)) - Storage directory /workdir/hadoop-ozone/integration-test/target/test-dir/MiniOzoneClusterImpl-5b1ddd53-7c01-4eef-9c8a-394c48c68778/datanode-3/data/ratis/8737075c-8b9d-49e6-ab45-7b2936ca983e has been successfully formatted.
2019-10-07 12:25:49,496 [pool-37-thread-1] INFO  storage.RaftStorage (RaftStorage.java:format(84)) - Storage directory /workdir/hadoop-ozone/integration-test/target/test-dir/MiniOzoneClusterImpl-5b1ddd53-7c01-4eef-9c8a-394c48c68778/datanode-1/data/ratis/8737075c-8b9d-49e6-ab45-7b2936ca983e has been successfully formatted.
2019-10-07 12:25:49,496 [pool-77-thread-1] INFO  storage.RaftStorage (RaftStorage.java:format(84)) - Storage directory /workdir/hadoop-ozone/integration-test/target/test-dir/MiniOzoneClusterImpl-5b1ddd53-7c01-4eef-9c8a-394c48c68778/datanode-5/data/ratis/8737075c-8b9d-49e6-ab45-7b2936ca983e has been successfully formatted.
2019-10-07 12:25:49,497 [pool-57-thread-1] INFO  ratis.ContainerStateMachine (ContainerStateMachine.java:loadSnapshot(231)) - group-7B2936CA983E: The snapshot info is null. Setting the last applied indexto:(t:0, i:~)
2019-10-07 12:25:49,497 [pool-37-thread-1] INFO  ratis.ContainerStateMachine (ContainerStateMachine.java:loadSnapshot(231)) - group-7B2936CA983E: The snapshot info is null. Setting the last applied indexto:(t:0, i:~)
2019-10-07 12:25:49,497 [pool-57-thread-1] INFO  server.RaftServerConfigKeys (ConfUtils.java:logGet(43)) - raft.server.notification.no-leader.timeout = 120s (custom)
2019-10-07 12:25:49,497 [pool-77-thread-1] INFO  ratis.ContainerStateMachine (ContainerStateMachine.java:loadSnapshot(231)) - group-7B2936CA983E: The snapshot info is null. Setting the last applied indexto:(t:0, i:~)
2019-10-07 12:25:49,497 [pool-57-thread-1] INFO  server.RaftServerConfigKeys (ConfUtils.java:logGet(43)) - raft.server.log.use.memory = false (default)
2019-10-07 12:25:49,497 [pool-37-thread-1] INFO  server.RaftServerConfigKeys (ConfUtils.java:logGet(43)) - raft.server.notification.no-leader.timeout = 120s (custom)
2019-10-07 12:25:49,497 [pool-57-thread-1] INFO  server.RaftServerConfigKeys (ConfUtils.java:logGet(43)) - raft.server.log.purge.gap = 1000000 (custom)
2019-10-07 12:25:49,497 [pool-77-thread-1] INFO  server.RaftServerConfigKeys (ConfUtils.java:logGet(43)) - raft.server.notification.no-leader.timeout = 120s (custom)
2019-10-07 12:25:49,497 [pool-57-thread-1] INFO  server.RaftServerConfigKeys (ConfUtils.java:logGet(43)) - raft.server.log.appender.buffer.byte-limit = 33554432 (custom)
2019-10-07 12:25:49,497 [pool-37-thread-1] INFO  server.RaftServerConfigKeys (ConfUtils.java:logGet(43)) - raft.server.log.use.memory = false (default)
2019-10-07 12:25:49,498 [pool-57-thread-1] INFO  server.RaftServerConfigKeys (ConfUtils.java:logGet(43)) - raft.server.log.segment.size.max = 1048576 (custom)
2019-10-07 12:25:49,497 [pool-77-thread-1] INFO  server.RaftServerConfigKeys (ConfUtils.java:logGet(43)) - raft.server.log.use.memory = false (default)
2019-10-07 12:25:49,498 [pool-57-thread-1] INFO  server.RaftServerConfigKeys (ConfUtils.java:logGet(43)) - raft.server.log.segment.cache.num.max = 2 (custom)
2019-10-07 12:25:49,498 [pool-37-thread-1] INFO  server.RaftServerConfigKeys (ConfUtils.java:logGet(43)) - raft.server.log.purge.gap = 1000000 (custom)
2019-10-07 12:25:49,500 [pool-57-thread-1] INFO  segmented.SegmentedRaftLogWorker (SegmentedRaftLogWorker.java:<init>(173)) - new dede47a1-ead0-4140-9862-ec97040384a5@group-7B2936CA983E-SegmentedRaftLogWorker for RaftStorage:Storage Directory /workdir/hadoop-ozone/integration-test/target/test-dir/MiniOzoneClusterImpl-5b1ddd53-7c01-4eef-9c8a-394c48c68778/datanode-3/data/ratis/8737075c-8b9d-49e6-ab45-7b2936ca983e
2019-10-07 12:25:49,498 [pool-77-thread-1] INFO  server.RaftServerConfigKeys (ConfUtils.java:logGet(43)) - raft.server.log.purge.gap = 1000000 (custom)
2019-10-07 12:25:49,500 [pool-57-thread-1] INFO  server.RaftServerConfigKeys (ConfUtils.java:logGet(43)) - raft.server.log.queue.byte-limit = 2147483647 (custom)
2019-10-07 12:25:49,500 [pool-37-thread-1] INFO  server.RaftServerConfigKeys (ConfUtils.java:logGet(43)) - raft.server.log.appender.buffer.byte-limit = 33554432 (custom)
2019-10-07 12:25:49,500 [pool-57-thread-1] INFO  server.RaftServerConfigKeys (ConfUtils.java:logGet(43)) - raft.server.log.queue.element-limit = 1024 (custom)
2019-10-07 12:25:49,500 [pool-77-thread-1] INFO  server.RaftServerConfigKeys (ConfUtils.java:logGet(43)) - raft.server.log.appender.buffer.byte-limit = 33554432 (custom)
2019-10-07 12:25:49,500 [pool-57-thread-1] INFO  server.RaftServerConfigKeys (ConfUtils.java:logGet(43)) - raft.server.log.segment.size.max = 1048576 (custom)
2019-10-07 12:25:49,500 [pool-37-thread-1] INFO  server.RaftServerConfigKeys (ConfUtils.java:logGet(43)) - raft.server.log.segment.size.max = 1048576 (custom)
2019-10-07 12:25:49,500 [pool-57-thread-1] INFO  server.RaftServerConfigKeys (ConfUtils.java:logGet(43)) - raft.server.log.preallocated.size = 16384 (custom)
2019-10-07 12:25:49,500 [pool-77-thread-1] INFO  server.RaftServerConfigKeys (ConfUtils.java:logGet(43)) - raft.server.log.segment.size.max = 1048576 (custom)
2019-10-07 12:25:49,501 [pool-57-thread-1] INFO  server.RaftServerConfigKeys (ConfUtils.java:logGet(43)) - raft.server.log.write.buffer.size = 33554432 (custom)
2019-10-07 12:25:49,501 [pool-37-thread-1] INFO  server.RaftServerConfigKeys (ConfUtils.java:logGet(43)) - raft.server.log.segment.cache.num.max = 2 (custom)
2019-10-07 12:25:49,501 [pool-57-thread-1] INFO  server.RaftServerConfigKeys (ConfUtils.java:logGet(43)) - raft.server.log.force.sync.num = 128 (default)
2019-10-07 12:25:49,501 [pool-77-thread-1] INFO  server.RaftServerConfigKeys (ConfUtils.java:logGet(43)) - raft.server.log.segment.cache.num.max = 2 (custom)
2019-10-07 12:25:49,501 [pool-57-thread-1] INFO  server.RaftServerConfigKeys (ConfUtils.java:logGet(43)) - raft.server.log.statemachine.data.sync = true (default)
2019-10-07 12:25:49,501 [pool-37-thread-1] INFO  segmented.SegmentedRaftLogWorker (SegmentedRaftLogWorker.java:<init>(173)) - new c7b3e0d2-9ebb-42f4-9e7a-a8bf947c7cde@group-7B2936CA983E-SegmentedRaftLogWorker for RaftStorage:Storage Directory /workdir/hadoop-ozone/integration-test/target/test-dir/MiniOzoneClusterImpl-5b1ddd53-7c01-4eef-9c8a-394c48c68778/datanode-1/data/ratis/8737075c-8b9d-49e6-ab45-7b2936ca983e
2019-10-07 12:25:49,501 [pool-57-thread-1] INFO  server.RaftServerConfigKeys (ConfUtils.java:logGet(43)) - raft.server.log.statemachine.data.sync.timeout = 10s (default)
2019-10-07 12:25:49,501 [pool-77-thread-1] INFO  segmented.SegmentedRaftLogWorker (SegmentedRaftLogWorker.java:<init>(173)) - new 1d653722-c85d-4cca-bc33-c4a52e4659d9@group-7B2936CA983E-SegmentedRaftLogWorker for RaftStorage:Storage Directory /workdir/hadoop-ozone/integration-test/target/test-dir/MiniOzoneClusterImpl-5b1ddd53-7c01-4eef-9c8a-394c48c68778/datanode-5/data/ratis/8737075c-8b9d-49e6-ab45-7b2936ca983e
2019-10-07 12:25:49,501 [pool-57-thread-1] INFO  server.RaftServerConfigKeys (ConfUtils.java:logGet(43)) - raft.server.log.statemachine.data.sync.timeout.retry = -1 (default)
2019-10-07 12:25:49,501 [pool-37-thread-1] INFO  server.RaftServerConfigKeys (ConfUtils.java:logGet(43)) - raft.server.log.queue.byte-limit = 2147483647 (custom)
2019-10-07 12:25:49,501 [pool-77-thread-1] INFO  server.RaftServerConfigKeys (ConfUtils.java:logGet(43)) - raft.server.log.queue.byte-limit = 2147483647 (custom)
2019-10-07 12:25:49,502 [pool-37-thread-1] INFO  server.RaftServerConfigKeys (ConfUtils.java:logGet(43)) - raft.server.log.queue.element-limit = 1024 (custom)
2019-10-07 12:25:49,502 [pool-57-thread-1] INFO  server.RaftServerConfigKeys (ConfUtils.java:logGet(43)) - raft.server.log.statemachine.data.caching.enabled = true (custom)
2019-10-07 12:25:49,502 [pool-37-thread-1] INFO  server.RaftServerConfigKeys (ConfUtils.java:logGet(43)) - raft.server.log.segment.size.max = 1048576 (custom)
2019-10-07 12:25:49,502 [pool-77-thread-1] INFO  server.RaftServerConfigKeys (ConfUtils.java:logGet(43)) - raft.server.log.queue.element-limit = 1024 (custom)
2019-10-07 12:25:49,502 [pool-57-thread-1] INFO  segmented.SegmentedRaftLogWorker (SegmentedRaftLogWorker.java:lambda$new$0(128)) - dede47a1-ead0-4140-9862-ec97040384a5@group-7B2936CA983E-SegmentedRaftLogWorker: flushIndex: setUnconditionally 0 -> -1
2019-10-07 12:25:49,502 [pool-37-thread-1] INFO  server.RaftServerConfigKeys (ConfUtils.java:logGet(43)) - raft.server.log.preallocated.size = 16384 (custom)
2019-10-07 12:25:49,502 [pool-77-thread-1] INFO  server.RaftServerConfigKeys (ConfUtils.java:logGet(43)) - raft.server.log.segment.size.max = 1048576 (custom)
2019-10-07 12:25:49,502 [pool-57-thread-1] INFO  server.RaftServerConfigKeys (ConfUtils.java:logGet(43)) - raft.server.snapshot.auto.trigger.enabled = true (custom)
2019-10-07 12:25:49,502 [pool-37-thread-1] INFO  server.RaftServerConfigKeys (ConfUtils.java:logGet(43)) - raft.server.log.write.buffer.size = 33554432 (custom)
2019-10-07 12:25:49,502 [pool-57-thread-1] INFO  server.RaftServerConfigKeys (ConfUtils.java:logGet(43)) - raft.server.snapshot.auto.trigger.threshold = 10000 (custom)
2019-10-07 12:25:49,502 [pool-77-thread-1] INFO  server.RaftServerConfigKeys (ConfUtils.java:logGet(43)) - raft.server.log.preallocated.size = 16384 (custom)
2019-10-07 12:25:49,503 [pool-57-thread-1] INFO  server.RaftServerConfigKeys (ConfUtils.java:logGet(43)) - raft.server.snapshot.retention.file.num = 5 (custom)
2019-10-07 12:25:49,503 [pool-37-thread-1] INFO  server.RaftServerConfigKeys (ConfUtils.java:logGet(43)) - raft.server.log.force.sync.num = 128 (default)
2019-10-07 12:25:49,503 [pool-57-thread-1] INFO  server.RaftServerConfigKeys (ConfUtils.java:logGet(43)) - raft.server.retrycache.expirytime = 600000ms (custom)
2019-10-07 12:25:49,503 [pool-77-thread-1] INFO  server.RaftServerConfigKeys (ConfUtils.java:logGet(43)) - raft.server.log.write.buffer.size = 33554432 (custom)
2019-10-07 12:25:49,503 [pool-37-thread-1] INFO  server.RaftServerConfigKeys (ConfUtils.java:logGet(43)) - raft.server.log.statemachine.data.sync = true (default)
2019-10-07 12:25:49,503 [pool-77-thread-1] INFO  server.RaftServerConfigKeys (ConfUtils.java:logGet(43)) - raft.server.log.force.sync.num = 128 (default)
2019-10-07 12:25:49,503 [pool-37-thread-1] INFO  server.RaftServerConfigKeys (ConfUtils.java:logGet(43)) - raft.server.log.statemachine.data.sync.timeout = 10s (default)
2019-10-07 12:25:49,503 [pool-77-thread-1] INFO  server.RaftServerConfigKeys (ConfUtils.java:logGet(43)) - raft.server.log.statemachine.data.sync = true (default)
2019-10-07 12:25:49,503 [pool-37-thread-1] INFO  server.RaftServerConfigKeys (ConfUtils.java:logGet(43)) - raft.server.log.statemachine.data.sync.timeout.retry = -1 (default)
2019-10-07 12:25:49,503 [pool-77-thread-1] INFO  server.RaftServerConfigKeys (ConfUtils.java:logGet(43)) - raft.server.log.statemachine.data.sync.timeout = 10s (default)
2019-10-07 12:25:49,504 [pool-37-thread-1] INFO  server.RaftServerConfigKeys (ConfUtils.java:logGet(43)) - raft.server.log.statemachine.data.caching.enabled = true (custom)
2019-10-07 12:25:49,504 [pool-77-thread-1] INFO  server.RaftServerConfigKeys (ConfUtils.java:logGet(43)) - raft.server.log.statemachine.data.sync.timeout.retry = -1 (default)
2019-10-07 12:25:49,505 [pool-77-thread-1] INFO  server.RaftServerConfigKeys (ConfUtils.java:logGet(43)) - raft.server.log.statemachine.data.caching.enabled = true (custom)
2019-10-07 12:25:49,505 [pool-37-thread-1] INFO  segmented.SegmentedRaftLogWorker (SegmentedRaftLogWorker.java:lambda$new$0(128)) - c7b3e0d2-9ebb-42f4-9e7a-a8bf947c7cde@group-7B2936CA983E-SegmentedRaftLogWorker: flushIndex: setUnconditionally 0 -> -1
2019-10-07 12:25:49,505 [pool-77-thread-1] INFO  segmented.SegmentedRaftLogWorker (SegmentedRaftLogWorker.java:lambda$new$0(128)) - 1d653722-c85d-4cca-bc33-c4a52e4659d9@group-7B2936CA983E-SegmentedRaftLogWorker: flushIndex: setUnconditionally 0 -> -1
2019-10-07 12:25:49,506 [pool-37-thread-1] INFO  server.RaftServerConfigKeys (ConfUtils.java:logGet(43)) - raft.server.snapshot.auto.trigger.enabled = true (custom)
2019-10-07 12:25:49,506 [pool-37-thread-1] INFO  server.RaftServerConfigKeys (ConfUtils.java:logGet(43)) - raft.server.snapshot.auto.trigger.threshold = 10000 (custom)
2019-10-07 12:25:49,506 [pool-77-thread-1] INFO  server.RaftServerConfigKeys (ConfUtils.java:logGet(43)) - raft.server.snapshot.auto.trigger.enabled = true (custom)
2019-10-07 12:25:49,506 [pool-37-thread-1] INFO  server.RaftServerConfigKeys (ConfUtils.java:logGet(43)) - raft.server.snapshot.retention.file.num = 5 (custom)
2019-10-07 12:25:49,506 [pool-77-thread-1] INFO  server.RaftServerConfigKeys (ConfUtils.java:logGet(43)) - raft.server.snapshot.auto.trigger.threshold = 10000 (custom)
2019-10-07 12:25:49,506 [pool-37-thread-1] INFO  server.RaftServerConfigKeys (ConfUtils.java:logGet(43)) - raft.server.retrycache.expirytime = 600000ms (custom)
2019-10-07 12:25:49,506 [pool-77-thread-1] INFO  server.RaftServerConfigKeys (ConfUtils.java:logGet(43)) - raft.server.snapshot.retention.file.num = 5 (custom)
2019-10-07 12:25:49,506 [pool-77-thread-1] INFO  server.RaftServerConfigKeys (ConfUtils.java:logGet(43)) - raft.server.retrycache.expirytime = 600000ms (custom)
2019-10-07 12:25:49,506 [pool-57-thread-1] INFO  impl.RaftServerImpl (RaftServerImpl.java:start(181)) - dede47a1-ead0-4140-9862-ec97040384a5@group-7B2936CA983E: start as a follower, conf=-1: [dede47a1-ead0-4140-9862-ec97040384a5:192.168.151.100:37135, 1d653722-c85d-4cca-bc33-c4a52e4659d9:192.168.151.100:34636, c7b3e0d2-9ebb-42f4-9e7a-a8bf947c7cde:192.168.151.100:46791], old=null
2019-10-07 12:25:49,506 [pool-57-thread-1] INFO  impl.RaftServerImpl (RaftServerImpl.java:setRole(170)) - dede47a1-ead0-4140-9862-ec97040384a5@group-7B2936CA983E: changes role from      null to FOLLOWER at term 0 for startAsFollower
2019-10-07 12:25:49,507 [pool-57-thread-1] INFO  impl.RoleInfo (RoleInfo.java:updateAndGet(143)) - dede47a1-ead0-4140-9862-ec97040384a5: start FollowerState
2019-10-07 12:25:49,507 [pool-57-thread-1] INFO  util.JmxRegister (JmxRegister.java:tryRegister(44)) - Successfully registered JMX Bean with object name Ratis:service=RaftServer,group=group-7B2936CA983E,id=dede47a1-ead0-4140-9862-ec97040384a5
2019-10-07 12:25:49,510 [pool-37-thread-1] INFO  impl.RaftServerImpl (RaftServerImpl.java:start(181)) - c7b3e0d2-9ebb-42f4-9e7a-a8bf947c7cde@group-7B2936CA983E: start as a follower, conf=-1: [dede47a1-ead0-4140-9862-ec97040384a5:192.168.151.100:37135, 1d653722-c85d-4cca-bc33-c4a52e4659d9:192.168.151.100:34636, c7b3e0d2-9ebb-42f4-9e7a-a8bf947c7cde:192.168.151.100:46791], old=null
2019-10-07 12:25:49,510 [pool-37-thread-1] INFO  impl.RaftServerImpl (RaftServerImpl.java:setRole(170)) - c7b3e0d2-9ebb-42f4-9e7a-a8bf947c7cde@group-7B2936CA983E: changes role from      null to FOLLOWER at term 0 for startAsFollower
2019-10-07 12:25:49,510 [pool-37-thread-1] INFO  impl.RoleInfo (RoleInfo.java:updateAndGet(143)) - c7b3e0d2-9ebb-42f4-9e7a-a8bf947c7cde: start FollowerState
2019-10-07 12:25:49,511 [pool-37-thread-1] INFO  util.JmxRegister (JmxRegister.java:tryRegister(44)) - Successfully registered JMX Bean with object name Ratis:service=RaftServer,group=group-7B2936CA983E,id=c7b3e0d2-9ebb-42f4-9e7a-a8bf947c7cde
2019-10-07 12:25:49,511 [pool-77-thread-1] INFO  impl.RaftServerImpl (RaftServerImpl.java:start(181)) - 1d653722-c85d-4cca-bc33-c4a52e4659d9@group-7B2936CA983E: start as a follower, conf=-1: [dede47a1-ead0-4140-9862-ec97040384a5:192.168.151.100:37135, 1d653722-c85d-4cca-bc33-c4a52e4659d9:192.168.151.100:34636, c7b3e0d2-9ebb-42f4-9e7a-a8bf947c7cde:192.168.151.100:46791], old=null
2019-10-07 12:25:49,511 [pool-77-thread-1] INFO  impl.RaftServerImpl (RaftServerImpl.java:setRole(170)) - 1d653722-c85d-4cca-bc33-c4a52e4659d9@group-7B2936CA983E: changes role from      null to FOLLOWER at term 0 for startAsFollower
2019-10-07 12:25:49,511 [pool-77-thread-1] INFO  impl.RoleInfo (RoleInfo.java:updateAndGet(143)) - 1d653722-c85d-4cca-bc33-c4a52e4659d9: start FollowerState
2019-10-07 12:25:49,512 [pool-77-thread-1] INFO  util.JmxRegister (JmxRegister.java:tryRegister(44)) - Successfully registered JMX Bean with object name Ratis:service=RaftServer,group=group-7B2936CA983E,id=1d653722-c85d-4cca-bc33-c4a52e4659d9
2019-10-07 12:25:49,532 [RatisPipelineUtilsThread] INFO  pipeline.PipelineStateManager (PipelineStateManager.java:addPipeline(56)) - Created pipeline Pipeline[ Id: 8737075c-8b9d-49e6-ab45-7b2936ca983e, Nodes: c7b3e0d2-9ebb-42f4-9e7a-a8bf947c7cde{ip: 192.168.151.100, host: pr-hdds-2264-877rn-2827291287, networkLocation: /default-rack, certSerialId: null}1d653722-c85d-4cca-bc33-c4a52e4659d9{ip: 192.168.151.100, host: pr-hdds-2264-877rn-2827291287, networkLocation: /default-rack, certSerialId: null}dede47a1-ead0-4140-9862-ec97040384a5{ip: 192.168.151.100, host: pr-hdds-2264-877rn-2827291287, networkLocation: /default-rack, certSerialId: null}, Type:RATIS, Factor:THREE, State:OPEN]
2019-10-07 12:25:49,555 [main] INFO  impl.MetricsSystemImpl (MetricsSystemImpl.java:init(158)) - XceiverClientMetrics metrics system started (again)
2019-10-07 12:25:50,308 [Thread-238] INFO  container.ReplicationManager (ReplicationManager.java:start(162)) - Starting Replication Monitor Thread.
2019-10-07 12:25:50,315 [ReplicationMonitor] INFO  container.ReplicationManager (ReplicationManager.java:run(225)) - Replication Monitor Thread took 4 milliseconds for processing 1 containers.
2019-10-07 12:25:53,204 [Thread-241] INFO  impl.FollowerState (FollowerState.java:run(108)) - 5ee5fc6f-fdaa-4b19-9e07-086f7bbe3426@group-C272787CBCC7-FollowerState: change to CANDIDATE, lastRpcTime:5122ms, electionTimeout:5121ms
2019-10-07 12:25:53,209 [Thread-241] INFO  impl.RoleInfo (RoleInfo.java:shutdownFollowerState(121)) - 5ee5fc6f-fdaa-4b19-9e07-086f7bbe3426: shutdown FollowerState
2019-10-07 12:25:53,209 [Thread-241] INFO  impl.RaftServerImpl (RaftServerImpl.java:setRole(170)) - 5ee5fc6f-fdaa-4b19-9e07-086f7bbe3426@group-C272787CBCC7: changes role from  FOLLOWER to CANDIDATE at term 0 for changeToCandidate
2019-10-07 12:25:53,216 [Thread-241] INFO  impl.RoleInfo (RoleInfo.java:updateAndGet(143)) - 5ee5fc6f-fdaa-4b19-9e07-086f7bbe3426: start LeaderElection
2019-10-07 12:25:53,234 [5ee5fc6f-fdaa-4b19-9e07-086f7bbe3426@group-C272787CBCC7-LeaderElection1] INFO  impl.LeaderElection (LeaderElection.java:askForVotes(178)) - 5ee5fc6f-fdaa-4b19-9e07-086f7bbe3426@group-C272787CBCC7-LeaderElection1: begin an election at term 1 for -1: [5ee5fc6f-fdaa-4b19-9e07-086f7bbe3426:192.168.151.100:44182], old=null
2019-10-07 12:25:53,237 [5ee5fc6f-fdaa-4b19-9e07-086f7bbe3426@group-C272787CBCC7-LeaderElection1] INFO  impl.RoleInfo (RoleInfo.java:shutdownLeaderElection(134)) - 5ee5fc6f-fdaa-4b19-9e07-086f7bbe3426: shutdown LeaderElection
2019-10-07 12:25:53,237 [5ee5fc6f-fdaa-4b19-9e07-086f7bbe3426@group-C272787CBCC7-LeaderElection1] INFO  impl.RaftServerImpl (RaftServerImpl.java:setRole(170)) - 5ee5fc6f-fdaa-4b19-9e07-086f7bbe3426@group-C272787CBCC7: changes role from CANDIDATE to LEADER at term 1 for changeToLeader
2019-10-07 12:25:53,238 [5ee5fc6f-fdaa-4b19-9e07-086f7bbe3426@group-C272787CBCC7-LeaderElection1] INFO  impl.RaftServerImpl (ServerState.java:setLeader(255)) - 5ee5fc6f-fdaa-4b19-9e07-086f7bbe3426@group-C272787CBCC7: change Leader from null to 5ee5fc6f-fdaa-4b19-9e07-086f7bbe3426 at term 1 for becomeLeader, leader elected after 5303ms
2019-10-07 12:25:53,247 [5ee5fc6f-fdaa-4b19-9e07-086f7bbe3426@group-C272787CBCC7-LeaderElection1] INFO  server.RaftServerConfigKeys (ConfUtils.java:logGet(43)) - raft.server.staging.catchup.gap = 1000 (default)
2019-10-07 12:25:53,247 [5ee5fc6f-fdaa-4b19-9e07-086f7bbe3426@group-C272787CBCC7-LeaderElection1] INFO  server.RaftServerConfigKeys (ConfUtils.java:logGet(43)) - raft.server.rpc.sleep.time = 25ms (default)
2019-10-07 12:25:53,252 [5ee5fc6f-fdaa-4b19-9e07-086f7bbe3426@group-C272787CBCC7-LeaderElection1] INFO  server.RaftServerConfigKeys (ConfUtils.java:logGet(43)) - raft.server.write.element-limit = 4096 (default)
2019-10-07 12:25:53,255 [5ee5fc6f-fdaa-4b19-9e07-086f7bbe3426@group-C272787CBCC7-LeaderElection1] INFO  server.RaftServerConfigKeys (ConfUtils.java:logGet(43)) - raft.server.watch.timeout = 10s (default)
2019-10-07 12:25:53,255 [5ee5fc6f-fdaa-4b19-9e07-086f7bbe3426@group-C272787CBCC7-LeaderElection1] INFO  server.RaftServerConfigKeys (ConfUtils.java:logGet(43)) - raft.server.watch.timeout.denomination = 1s (default)
2019-10-07 12:25:53,256 [5ee5fc6f-fdaa-4b19-9e07-086f7bbe3426@group-C272787CBCC7-LeaderElection1] INFO  server.RaftServerConfigKeys (ConfUtils.java:logGet(43)) - raft.server.watch.element-limit = 65536 (default)
2019-10-07 12:25:53,269 [5ee5fc6f-fdaa-4b19-9e07-086f7bbe3426@group-C272787CBCC7-LeaderElection1] INFO  impl.RoleInfo (RoleInfo.java:updateAndGet(143)) - 5ee5fc6f-fdaa-4b19-9e07-086f7bbe3426: start LeaderState
2019-10-07 12:25:53,295 [5ee5fc6f-fdaa-4b19-9e07-086f7bbe3426@group-C272787CBCC7-LeaderElection1] INFO  segmented.SegmentedRaftLogWorker (SegmentedRaftLogWorker.java:startLogSegment(385)) - 5ee5fc6f-fdaa-4b19-9e07-086f7bbe3426@group-C272787CBCC7-SegmentedRaftLogWorker: Starting segment from index:0
2019-10-07 12:25:53,305 [5ee5fc6f-fdaa-4b19-9e07-086f7bbe3426@group-C272787CBCC7-LeaderElection1] INFO  impl.RaftServerImpl (ServerState.java:setRaftConf(356)) - 5ee5fc6f-fdaa-4b19-9e07-086f7bbe3426@group-C272787CBCC7: set configuration 0: [5ee5fc6f-fdaa-4b19-9e07-086f7bbe3426:192.168.151.100:44182], old=null at 0
2019-10-07 12:25:53,498 [5ee5fc6f-fdaa-4b19-9e07-086f7bbe3426@group-C272787CBCC7-SegmentedRaftLogWorker] INFO  segmented.SegmentedRaftLogWorker (SegmentedRaftLogWorker.java:execute(574)) - 5ee5fc6f-fdaa-4b19-9e07-086f7bbe3426@group-C272787CBCC7-SegmentedRaftLogWorker: created new log segment /workdir/hadoop-ozone/integration-test/target/test-dir/MiniOzoneClusterImpl-5b1ddd53-7c01-4eef-9c8a-394c48c68778/datanode-0/data/ratis/3e78c076-4096-4af2-a0c3-c272787cbcc7/current/log_inprogress_0
2019-10-07 12:25:53,942 [Thread-246] INFO  impl.FollowerState (FollowerState.java:run(108)) - 20fd5385-81a2-480d-b174-88f0e4149f34@group-528479B327F5-FollowerState: change to CANDIDATE, lastRpcTime:5080ms, electionTimeout:5078ms
2019-10-07 12:25:53,945 [Thread-246] INFO  impl.RoleInfo (RoleInfo.java:shutdownFollowerState(121)) - 20fd5385-81a2-480d-b174-88f0e4149f34: shutdown FollowerState
2019-10-07 12:25:53,946 [Thread-246] INFO  impl.RaftServerImpl (RaftServerImpl.java:setRole(170)) - 20fd5385-81a2-480d-b174-88f0e4149f34@group-528479B327F5: changes role from  FOLLOWER to CANDIDATE at term 0 for changeToCandidate
2019-10-07 12:25:53,946 [Thread-246] INFO  impl.RoleInfo (RoleInfo.java:updateAndGet(143)) - 20fd5385-81a2-480d-b174-88f0e4149f34: start LeaderElection
2019-10-07 12:25:53,966 [20fd5385-81a2-480d-b174-88f0e4149f34@group-528479B327F5-LeaderElection2] INFO  impl.LeaderElection (LeaderElection.java:askForVotes(178)) - 20fd5385-81a2-480d-b174-88f0e4149f34@group-528479B327F5-LeaderElection2: begin an election at term 1 for -1: [20fd5385-81a2-480d-b174-88f0e4149f34:192.168.151.100:44266], old=null
2019-10-07 12:25:53,969 [20fd5385-81a2-480d-b174-88f0e4149f34@group-528479B327F5-LeaderElection2] INFO  impl.RoleInfo (RoleInfo.java:shutdownLeaderElection(134)) - 20fd5385-81a2-480d-b174-88f0e4149f34: shutdown LeaderElection
2019-10-07 12:25:53,970 [20fd5385-81a2-480d-b174-88f0e4149f34@group-528479B327F5-LeaderElection2] INFO  impl.RaftServerImpl (RaftServerImpl.java:setRole(170)) - 20fd5385-81a2-480d-b174-88f0e4149f34@group-528479B327F5: changes role from CANDIDATE to LEADER at term 1 for changeToLeader
2019-10-07 12:25:53,970 [20fd5385-81a2-480d-b174-88f0e4149f34@group-528479B327F5-LeaderElection2] INFO  impl.RaftServerImpl (ServerState.java:setLeader(255)) - 20fd5385-81a2-480d-b174-88f0e4149f34@group-528479B327F5: change Leader from null to 20fd5385-81a2-480d-b174-88f0e4149f34 at term 1 for becomeLeader, leader elected after 5125ms
2019-10-07 12:25:53,973 [20fd5385-81a2-480d-b174-88f0e4149f34@group-528479B327F5-LeaderElection2] INFO  server.RaftServerConfigKeys (ConfUtils.java:logGet(43)) - raft.server.staging.catchup.gap = 1000 (default)
2019-10-07 12:25:53,974 [20fd5385-81a2-480d-b174-88f0e4149f34@group-528479B327F5-LeaderElection2] INFO  server.RaftServerConfigKeys (ConfUtils.java:logGet(43)) - raft.server.rpc.sleep.time = 25ms (default)
2019-10-07 12:25:53,974 [20fd5385-81a2-480d-b174-88f0e4149f34@group-528479B327F5-LeaderElection2] INFO  server.RaftServerConfigKeys (ConfUtils.java:logGet(43)) - raft.server.write.element-limit = 4096 (default)
2019-10-07 12:25:53,975 [20fd5385-81a2-480d-b174-88f0e4149f34@group-528479B327F5-LeaderElection2] INFO  server.RaftServerConfigKeys (ConfUtils.java:logGet(43)) - raft.server.watch.timeout = 10s (default)
2019-10-07 12:25:53,975 [20fd5385-81a2-480d-b174-88f0e4149f34@group-528479B327F5-LeaderElection2] INFO  server.RaftServerConfigKeys (ConfUtils.java:logGet(43)) - raft.server.watch.timeout.denomination = 1s (default)
2019-10-07 12:25:53,975 [20fd5385-81a2-480d-b174-88f0e4149f34@group-528479B327F5-LeaderElection2] INFO  server.RaftServerConfigKeys (ConfUtils.java:logGet(43)) - raft.server.watch.element-limit = 65536 (default)
2019-10-07 12:25:53,979 [20fd5385-81a2-480d-b174-88f0e4149f34@group-528479B327F5-LeaderElection2] INFO  impl.RoleInfo (RoleInfo.java:updateAndGet(143)) - 20fd5385-81a2-480d-b174-88f0e4149f34: start LeaderState
2019-10-07 12:25:53,982 [20fd5385-81a2-480d-b174-88f0e4149f34@group-528479B327F5-LeaderElection2] INFO  segmented.SegmentedRaftLogWorker (SegmentedRaftLogWorker.java:startLogSegment(385)) - 20fd5385-81a2-480d-b174-88f0e4149f34@group-528479B327F5-SegmentedRaftLogWorker: Starting segment from index:0
2019-10-07 12:25:53,983 [20fd5385-81a2-480d-b174-88f0e4149f34@group-528479B327F5-LeaderElection2] INFO  impl.RaftServerImpl (ServerState.java:setRaftConf(356)) - 20fd5385-81a2-480d-b174-88f0e4149f34@group-528479B327F5: set configuration 0: [20fd5385-81a2-480d-b174-88f0e4149f34:192.168.151.100:44266], old=null at 0
2019-10-07 12:25:54,026 [20fd5385-81a2-480d-b174-88f0e4149f34@group-528479B327F5-SegmentedRaftLogWorker] INFO  segmented.SegmentedRaftLogWorker (SegmentedRaftLogWorker.java:execute(574)) - 20fd5385-81a2-480d-b174-88f0e4149f34@group-528479B327F5-SegmentedRaftLogWorker: created new log segment /workdir/hadoop-ozone/integration-test/target/test-dir/MiniOzoneClusterImpl-5b1ddd53-7c01-4eef-9c8a-394c48c68778/datanode-4/data/ratis/c4537b63-529a-43ad-9ad5-528479b327f5/current/log_inprogress_0
2019-10-07 12:25:54,165 [Thread-255] INFO  impl.FollowerState (FollowerState.java:run(108)) - 1d653722-c85d-4cca-bc33-c4a52e4659d9@group-BEC65279A640-FollowerState: change to CANDIDATE, lastRpcTime:5001ms, electionTimeout:5001ms
2019-10-07 12:25:54,165 [Thread-255] INFO  impl.RoleInfo (RoleInfo.java:shutdownFollowerState(121)) - 1d653722-c85d-4cca-bc33-c4a52e4659d9: shutdown FollowerState
2019-10-07 12:25:54,166 [Thread-255] INFO  impl.RaftServerImpl (RaftServerImpl.java:setRole(170)) - 1d653722-c85d-4cca-bc33-c4a52e4659d9@group-BEC65279A640: changes role from  FOLLOWER to CANDIDATE at term 0 for changeToCandidate
2019-10-07 12:25:54,166 [Thread-255] INFO  impl.RoleInfo (RoleInfo.java:updateAndGet(143)) - 1d653722-c85d-4cca-bc33-c4a52e4659d9: start LeaderElection
2019-10-07 12:25:54,176 [Thread-249] INFO  impl.FollowerState (FollowerState.java:run(108)) - bdc82da4-7981-40ca-bca7-6643a3478f33@group-9A02CDAD2B68-FollowerState: change to CANDIDATE, lastRpcTime:5169ms, electionTimeout:5169ms
2019-10-07 12:25:54,176 [Thread-249] INFO  impl.RoleInfo (RoleInfo.java:shutdownFollowerState(121)) - bdc82da4-7981-40ca-bca7-6643a3478f33: shutdown FollowerState
2019-10-07 12:25:54,176 [Thread-249] INFO  impl.RaftServerImpl (RaftServerImpl.java:setRole(170)) - bdc82da4-7981-40ca-bca7-6643a3478f33@group-9A02CDAD2B68: changes role from  FOLLOWER to CANDIDATE at term 0 for changeToCandidate
2019-10-07 12:25:54,177 [Thread-249] INFO  impl.RoleInfo (RoleInfo.java:updateAndGet(143)) - bdc82da4-7981-40ca-bca7-6643a3478f33: start LeaderElection
2019-10-07 12:25:54,185 [1d653722-c85d-4cca-bc33-c4a52e4659d9@group-BEC65279A640-LeaderElection3] INFO  impl.LeaderElection (LeaderElection.java:askForVotes(178)) - 1d653722-c85d-4cca-bc33-c4a52e4659d9@group-BEC65279A640-LeaderElection3: begin an election at term 1 for -1: [1d653722-c85d-4cca-bc33-c4a52e4659d9:192.168.151.100:34636], old=null
2019-10-07 12:25:54,185 [bdc82da4-7981-40ca-bca7-6643a3478f33@group-9A02CDAD2B68-LeaderElection4] INFO  impl.LeaderElection (LeaderElection.java:askForVotes(178)) - bdc82da4-7981-40ca-bca7-6643a3478f33@group-9A02CDAD2B68-LeaderElection4: begin an election at term 1 for -1: [bdc82da4-7981-40ca-bca7-6643a3478f33:192.168.151.100:46068], old=null
2019-10-07 12:25:54,186 [1d653722-c85d-4cca-bc33-c4a52e4659d9@group-BEC65279A640-LeaderElection3] INFO  impl.RoleInfo (RoleInfo.java:shutdownLeaderElection(134)) - 1d653722-c85d-4cca-bc33-c4a52e4659d9: shutdown LeaderElection
2019-10-07 12:25:54,186 [bdc82da4-7981-40ca-bca7-6643a3478f33@group-9A02CDAD2B68-LeaderElection4] INFO  impl.RoleInfo (RoleInfo.java:shutdownLeaderElection(134)) - bdc82da4-7981-40ca-bca7-6643a3478f33: shutdown LeaderElection
2019-10-07 12:25:54,186 [1d653722-c85d-4cca-bc33-c4a52e4659d9@group-BEC65279A640-LeaderElection3] INFO  impl.RaftServerImpl (RaftServerImpl.java:setRole(170)) - 1d653722-c85d-4cca-bc33-c4a52e4659d9@group-BEC65279A640: changes role from CANDIDATE to LEADER at term 1 for changeToLeader
2019-10-07 12:25:54,186 [bdc82da4-7981-40ca-bca7-6643a3478f33@group-9A02CDAD2B68-LeaderElection4] INFO  impl.RaftServerImpl (RaftServerImpl.java:setRole(170)) - bdc82da4-7981-40ca-bca7-6643a3478f33@group-9A02CDAD2B68: changes role from CANDIDATE to LEADER at term 1 for changeToLeader
2019-10-07 12:25:54,186 [1d653722-c85d-4cca-bc33-c4a52e4659d9@group-BEC65279A640-LeaderElection3] INFO  impl.RaftServerImpl (ServerState.java:setLeader(255)) - 1d653722-c85d-4cca-bc33-c4a52e4659d9@group-BEC65279A640: change Leader from null to 1d653722-c85d-4cca-bc33-c4a52e4659d9 at term 1 for becomeLeader, leader elected after 5029ms
2019-10-07 12:25:54,186 [bdc82da4-7981-40ca-bca7-6643a3478f33@group-9A02CDAD2B68-LeaderElection4] INFO  impl.RaftServerImpl (ServerState.java:setLeader(255)) - bdc82da4-7981-40ca-bca7-6643a3478f33@group-9A02CDAD2B68: change Leader from null to bdc82da4-7981-40ca-bca7-6643a3478f33 at term 1 for becomeLeader, leader elected after 5216ms
2019-10-07 12:25:54,189 [1d653722-c85d-4cca-bc33-c4a52e4659d9@group-BEC65279A640-LeaderElection3] INFO  server.RaftServerConfigKeys (ConfUtils.java:logGet(43)) - raft.server.staging.catchup.gap = 1000 (default)
2019-10-07 12:25:54,191 [bdc82da4-7981-40ca-bca7-6643a3478f33@group-9A02CDAD2B68-LeaderElection4] INFO  server.RaftServerConfigKeys (ConfUtils.java:logGet(43)) - raft.server.staging.catchup.gap = 1000 (default)
2019-10-07 12:25:54,191 [1d653722-c85d-4cca-bc33-c4a52e4659d9@group-BEC65279A640-LeaderElection3] INFO  server.RaftServerConfigKeys (ConfUtils.java:logGet(43)) - raft.server.rpc.sleep.time = 25ms (default)
2019-10-07 12:25:54,191 [bdc82da4-7981-40ca-bca7-6643a3478f33@group-9A02CDAD2B68-LeaderElection4] INFO  server.RaftServerConfigKeys (ConfUtils.java:logGet(43)) - raft.server.rpc.sleep.time = 25ms (default)
2019-10-07 12:25:54,191 [1d653722-c85d-4cca-bc33-c4a52e4659d9@group-BEC65279A640-LeaderElection3] INFO  server.RaftServerConfigKeys (ConfUtils.java:logGet(43)) - raft.server.write.element-limit = 4096 (default)
2019-10-07 12:25:54,191 [bdc82da4-7981-40ca-bca7-6643a3478f33@group-9A02CDAD2B68-LeaderElection4] INFO  server.RaftServerConfigKeys (ConfUtils.java:logGet(43)) - raft.server.write.element-limit = 4096 (default)
2019-10-07 12:25:54,192 [1d653722-c85d-4cca-bc33-c4a52e4659d9@group-BEC65279A640-LeaderElection3] INFO  server.RaftServerConfigKeys (ConfUtils.java:logGet(43)) - raft.server.watch.timeout = 10s (default)
2019-10-07 12:25:54,192 [bdc82da4-7981-40ca-bca7-6643a3478f33@group-9A02CDAD2B68-LeaderElection4] INFO  server.RaftServerConfigKeys (ConfUtils.java:logGet(43)) - raft.server.watch.timeout = 10s (default)
2019-10-07 12:25:54,192 [1d653722-c85d-4cca-bc33-c4a52e4659d9@group-BEC65279A640-LeaderElection3] INFO  server.RaftServerConfigKeys (ConfUtils.java:logGet(43)) - raft.server.watch.timeout.denomination = 1s (default)
2019-10-07 12:25:54,192 [bdc82da4-7981-40ca-bca7-6643a3478f33@group-9A02CDAD2B68-LeaderElection4] INFO  server.RaftServerConfigKeys (ConfUtils.java:logGet(43)) - raft.server.watch.timeout.denomination = 1s (default)
2019-10-07 12:25:54,192 [1d653722-c85d-4cca-bc33-c4a52e4659d9@group-BEC65279A640-LeaderElection3] INFO  server.RaftServerConfigKeys (ConfUtils.java:logGet(43)) - raft.server.watch.element-limit = 65536 (default)
2019-10-07 12:25:54,192 [bdc82da4-7981-40ca-bca7-6643a3478f33@group-9A02CDAD2B68-LeaderElection4] INFO  server.RaftServerConfigKeys (ConfUtils.java:logGet(43)) - raft.server.watch.element-limit = 65536 (default)
2019-10-07 12:25:54,197 [1d653722-c85d-4cca-bc33-c4a52e4659d9@group-BEC65279A640-LeaderElection3] INFO  impl.RoleInfo (RoleInfo.java:updateAndGet(143)) - 1d653722-c85d-4cca-bc33-c4a52e4659d9: start LeaderState
2019-10-07 12:25:54,198 [bdc82da4-7981-40ca-bca7-6643a3478f33@group-9A02CDAD2B68-LeaderElection4] INFO  impl.RoleInfo (RoleInfo.java:updateAndGet(143)) - bdc82da4-7981-40ca-bca7-6643a3478f33: start LeaderState
2019-10-07 12:25:54,198 [1d653722-c85d-4cca-bc33-c4a52e4659d9@group-BEC65279A640-LeaderElection3] INFO  segmented.SegmentedRaftLogWorker (SegmentedRaftLogWorker.java:startLogSegment(385)) - 1d653722-c85d-4cca-bc33-c4a52e4659d9@group-BEC65279A640-SegmentedRaftLogWorker: Starting segment from index:0
2019-10-07 12:25:54,198 [bdc82da4-7981-40ca-bca7-6643a3478f33@group-9A02CDAD2B68-LeaderElection4] INFO  segmented.SegmentedRaftLogWorker (SegmentedRaftLogWorker.java:startLogSegment(385)) - bdc82da4-7981-40ca-bca7-6643a3478f33@group-9A02CDAD2B68-SegmentedRaftLogWorker: Starting segment from index:0
2019-10-07 12:25:54,198 [1d653722-c85d-4cca-bc33-c4a52e4659d9@group-BEC65279A640-LeaderElection3] INFO  impl.RaftServerImpl (ServerState.java:setRaftConf(356)) - 1d653722-c85d-4cca-bc33-c4a52e4659d9@group-BEC65279A640: set configuration 0: [1d653722-c85d-4cca-bc33-c4a52e4659d9:192.168.151.100:34636], old=null at 0
2019-10-07 12:25:54,199 [bdc82da4-7981-40ca-bca7-6643a3478f33@group-9A02CDAD2B68-LeaderElection4] INFO  impl.RaftServerImpl (ServerState.java:setRaftConf(356)) - bdc82da4-7981-40ca-bca7-6643a3478f33@group-9A02CDAD2B68: set configuration 0: [bdc82da4-7981-40ca-bca7-6643a3478f33:192.168.151.100:46068], old=null at 0
2019-10-07 12:25:54,237 [Thread-252] INFO  impl.FollowerState (FollowerState.java:run(108)) - c7b3e0d2-9ebb-42f4-9e7a-a8bf947c7cde@group-A00D538C3D53-FollowerState: change to CANDIDATE, lastRpcTime:5142ms, electionTimeout:5137ms
2019-10-07 12:25:54,240 [Thread-252] INFO  impl.RoleInfo (RoleInfo.java:shutdownFollowerState(121)) - c7b3e0d2-9ebb-42f4-9e7a-a8bf947c7cde: shutdown FollowerState
2019-10-07 12:25:54,240 [Thread-252] INFO  impl.RaftServerImpl (RaftServerImpl.java:setRole(170)) - c7b3e0d2-9ebb-42f4-9e7a-a8bf947c7cde@group-A00D538C3D53: changes role from  FOLLOWER to CANDIDATE at term 0 for changeToCandidate
2019-10-07 12:25:54,240 [Thread-252] INFO  impl.RoleInfo (RoleInfo.java:updateAndGet(143)) - c7b3e0d2-9ebb-42f4-9e7a-a8bf947c7cde: start LeaderElection
2019-10-07 12:25:54,256 [bdc82da4-7981-40ca-bca7-6643a3478f33@group-9A02CDAD2B68-SegmentedRaftLogWorker] INFO  segmented.SegmentedRaftLogWorker (SegmentedRaftLogWorker.java:execute(574)) - bdc82da4-7981-40ca-bca7-6643a3478f33@group-9A02CDAD2B68-SegmentedRaftLogWorker: created new log segment /workdir/hadoop-ozone/integration-test/target/test-dir/MiniOzoneClusterImpl-5b1ddd53-7c01-4eef-9c8a-394c48c68778/datanode-2/data/ratis/4e4acc77-22a1-44fd-b0b8-9a02cdad2b68/current/log_inprogress_0
2019-10-07 12:25:54,256 [c7b3e0d2-9ebb-42f4-9e7a-a8bf947c7cde@group-A00D538C3D53-LeaderElection5] INFO  impl.LeaderElection (LeaderElection.java:askForVotes(178)) - c7b3e0d2-9ebb-42f4-9e7a-a8bf947c7cde@group-A00D538C3D53-LeaderElection5: begin an election at term 1 for -1: [c7b3e0d2-9ebb-42f4-9e7a-a8bf947c7cde:192.168.151.100:46791], old=null
2019-10-07 12:25:54,256 [1d653722-c85d-4cca-bc33-c4a52e4659d9@group-BEC65279A640-SegmentedRaftLogWorker] INFO  segmented.SegmentedRaftLogWorker (SegmentedRaftLogWorker.java:execute(574)) - 1d653722-c85d-4cca-bc33-c4a52e4659d9@group-BEC65279A640-SegmentedRaftLogWorker: created new log segment /workdir/hadoop-ozone/integration-test/target/test-dir/MiniOzoneClusterImpl-5b1ddd53-7c01-4eef-9c8a-394c48c68778/datanode-5/data/ratis/50b3fa9d-6b3a-4258-913c-bec65279a640/current/log_inprogress_0
2019-10-07 12:25:54,256 [c7b3e0d2-9ebb-42f4-9e7a-a8bf947c7cde@group-A00D538C3D53-LeaderElection5] INFO  impl.RoleInfo (RoleInfo.java:shutdownLeaderElection(134)) - c7b3e0d2-9ebb-42f4-9e7a-a8bf947c7cde: shutdown LeaderElection
2019-10-07 12:25:54,257 [c7b3e0d2-9ebb-42f4-9e7a-a8bf947c7cde@group-A00D538C3D53-LeaderElection5] INFO  impl.RaftServerImpl (RaftServerImpl.java:setRole(170)) - c7b3e0d2-9ebb-42f4-9e7a-a8bf947c7cde@group-A00D538C3D53: changes role from CANDIDATE to LEADER at term 1 for changeToLeader
2019-10-07 12:25:54,257 [c7b3e0d2-9ebb-42f4-9e7a-a8bf947c7cde@group-A00D538C3D53-LeaderElection5] INFO  impl.RaftServerImpl (ServerState.java:setLeader(255)) - c7b3e0d2-9ebb-42f4-9e7a-a8bf947c7cde@group-A00D538C3D53: change Leader from null to c7b3e0d2-9ebb-42f4-9e7a-a8bf947c7cde at term 1 for becomeLeader, leader elected after 5172ms
2019-10-07 12:25:54,258 [c7b3e0d2-9ebb-42f4-9e7a-a8bf947c7cde@group-A00D538C3D53-LeaderElection5] INFO  server.RaftServerConfigKeys (ConfUtils.java:logGet(43)) - raft.server.staging.catchup.gap = 1000 (default)
2019-10-07 12:25:54,259 [c7b3e0d2-9ebb-42f4-9e7a-a8bf947c7cde@group-A00D538C3D53-LeaderElection5] INFO  server.RaftServerConfigKeys (ConfUtils.java:logGet(43)) - raft.server.rpc.sleep.time = 25ms (default)
2019-10-07 12:25:54,259 [c7b3e0d2-9ebb-42f4-9e7a-a8bf947c7cde@group-A00D538C3D53-LeaderElection5] INFO  server.RaftServerConfigKeys (ConfUtils.java:logGet(43)) - raft.server.write.element-limit = 4096 (default)
2019-10-07 12:25:54,259 [c7b3e0d2-9ebb-42f4-9e7a-a8bf947c7cde@group-A00D538C3D53-LeaderElection5] INFO  server.RaftServerConfigKeys (ConfUtils.java:logGet(43)) - raft.server.watch.timeout = 10s (default)
2019-10-07 12:25:54,259 [c7b3e0d2-9ebb-42f4-9e7a-a8bf947c7cde@group-A00D538C3D53-LeaderElection5] INFO  server.RaftServerConfigKeys (ConfUtils.java:logGet(43)) - raft.server.watch.timeout.denomination = 1s (default)
2019-10-07 12:25:54,259 [c7b3e0d2-9ebb-42f4-9e7a-a8bf947c7cde@group-A00D538C3D53-LeaderElection5] INFO  server.RaftServerConfigKeys (ConfUtils.java:logGet(43)) - raft.server.watch.element-limit = 65536 (default)
2019-10-07 12:25:54,263 [c7b3e0d2-9ebb-42f4-9e7a-a8bf947c7cde@group-A00D538C3D53-LeaderElection5] INFO  impl.RoleInfo (RoleInfo.java:updateAndGet(143)) - c7b3e0d2-9ebb-42f4-9e7a-a8bf947c7cde: start LeaderState
2019-10-07 12:25:54,263 [c7b3e0d2-9ebb-42f4-9e7a-a8bf947c7cde@group-A00D538C3D53-LeaderElection5] INFO  segmented.SegmentedRaftLogWorker (SegmentedRaftLogWorker.java:startLogSegment(385)) - c7b3e0d2-9ebb-42f4-9e7a-a8bf947c7cde@group-A00D538C3D53-SegmentedRaftLogWorker: Starting segment from index:0
2019-10-07 12:25:54,264 [c7b3e0d2-9ebb-42f4-9e7a-a8bf947c7cde@group-A00D538C3D53-LeaderElection5] INFO  impl.RaftServerImpl (ServerState.java:setRaftConf(356)) - c7b3e0d2-9ebb-42f4-9e7a-a8bf947c7cde@group-A00D538C3D53: set configuration 0: [c7b3e0d2-9ebb-42f4-9e7a-a8bf947c7cde:192.168.151.100:46791], old=null at 0
2019-10-07 12:25:54,326 [c7b3e0d2-9ebb-42f4-9e7a-a8bf947c7cde@group-A00D538C3D53-SegmentedRaftLogWorker] INFO  segmented.SegmentedRaftLogWorker (SegmentedRaftLogWorker.java:execute(574)) - c7b3e0d2-9ebb-42f4-9e7a-a8bf947c7cde@group-A00D538C3D53-SegmentedRaftLogWorker: created new log segment /workdir/hadoop-ozone/integration-test/target/test-dir/MiniOzoneClusterImpl-5b1ddd53-7c01-4eef-9c8a-394c48c68778/datanode-1/data/ratis/52bc744f-16ce-4099-b9b4-a00d538c3d53/current/log_inprogress_0
2019-10-07 12:25:54,372 [Thread-261] INFO  impl.FollowerState (FollowerState.java:run(108)) - 1b9987ce-69c4-4e08-87ab-8df577346a9d@group-56424088E851-FollowerState: change to CANDIDATE, lastRpcTime:5068ms, electionTimeout:5068ms
2019-10-07 12:25:54,372 [Thread-258] INFO  impl.FollowerState (FollowerState.java:run(108)) - dede47a1-ead0-4140-9862-ec97040384a5@group-EB62EA9A957B-FollowerState: change to CANDIDATE, lastRpcTime:5135ms, electionTimeout:5135ms
2019-10-07 12:25:54,372 [Thread-261] INFO  impl.RoleInfo (RoleInfo.java:shutdownFollowerState(121)) - 1b9987ce-69c4-4e08-87ab-8df577346a9d: shutdown FollowerState
2019-10-07 12:25:54,372 [Thread-258] INFO  impl.RoleInfo (RoleInfo.java:shutdownFollowerState(121)) - dede47a1-ead0-4140-9862-ec97040384a5: shutdown FollowerState
2019-10-07 12:25:54,372 [Thread-261] INFO  impl.RaftServerImpl (RaftServerImpl.java:setRole(170)) - 1b9987ce-69c4-4e08-87ab-8df577346a9d@group-56424088E851: changes role from  FOLLOWER to CANDIDATE at term 0 for changeToCandidate
2019-10-07 12:25:54,372 [Thread-258] INFO  impl.RaftServerImpl (RaftServerImpl.java:setRole(170)) - dede47a1-ead0-4140-9862-ec97040384a5@group-EB62EA9A957B: changes role from  FOLLOWER to CANDIDATE at term 0 for changeToCandidate
2019-10-07 12:25:54,372 [Thread-261] INFO  impl.RoleInfo (RoleInfo.java:updateAndGet(143)) - 1b9987ce-69c4-4e08-87ab-8df577346a9d: start LeaderElection
2019-10-07 12:25:54,373 [Thread-258] INFO  impl.RoleInfo (RoleInfo.java:updateAndGet(143)) - dede47a1-ead0-4140-9862-ec97040384a5: start LeaderElection
2019-10-07 12:25:54,396 [dede47a1-ead0-4140-9862-ec97040384a5@group-EB62EA9A957B-LeaderElection7] INFO  impl.LeaderElection (LeaderElection.java:askForVotes(178)) - dede47a1-ead0-4140-9862-ec97040384a5@group-EB62EA9A957B-LeaderElection7: begin an election at term 1 for -1: [dede47a1-ead0-4140-9862-ec97040384a5:192.168.151.100:37135], old=null
2019-10-07 12:25:54,396 [1b9987ce-69c4-4e08-87ab-8df577346a9d@group-56424088E851-LeaderElection6] INFO  impl.LeaderElection (LeaderElection.java:askForVotes(178)) - 1b9987ce-69c4-4e08-87ab-8df577346a9d@group-56424088E851-LeaderElection6: begin an election at term 1 for -1: [1b9987ce-69c4-4e08-87ab-8df577346a9d:192.168.151.100:38947], old=null
2019-10-07 12:25:54,396 [dede47a1-ead0-4140-9862-ec97040384a5@group-EB62EA9A957B-LeaderElection7] INFO  impl.RoleInfo (RoleInfo.java:shutdownLeaderElection(134)) - dede47a1-ead0-4140-9862-ec97040384a5: shutdown LeaderElection
2019-10-07 12:25:54,396 [1b9987ce-69c4-4e08-87ab-8df577346a9d@group-56424088E851-LeaderElection6] INFO  impl.RoleInfo (RoleInfo.java:shutdownLeaderElection(134)) - 1b9987ce-69c4-4e08-87ab-8df577346a9d: shutdown LeaderElection
2019-10-07 12:25:54,396 [dede47a1-ead0-4140-9862-ec97040384a5@group-EB62EA9A957B-LeaderElection7] INFO  impl.RaftServerImpl (RaftServerImpl.java:setRole(170)) - dede47a1-ead0-4140-9862-ec97040384a5@group-EB62EA9A957B: changes role from CANDIDATE to LEADER at term 1 for changeToLeader
2019-10-07 12:25:54,396 [1b9987ce-69c4-4e08-87ab-8df577346a9d@group-56424088E851-LeaderElection6] INFO  impl.RaftServerImpl (RaftServerImpl.java:setRole(170)) - 1b9987ce-69c4-4e08-87ab-8df577346a9d@group-56424088E851: changes role from CANDIDATE to LEADER at term 1 for changeToLeader
2019-10-07 12:25:54,397 [dede47a1-ead0-4140-9862-ec97040384a5@group-EB62EA9A957B-LeaderElection7] INFO  impl.RaftServerImpl (ServerState.java:setLeader(255)) - dede47a1-ead0-4140-9862-ec97040384a5@group-EB62EA9A957B: change Leader from null to dede47a1-ead0-4140-9862-ec97040384a5 at term 1 for becomeLeader, leader elected after 5167ms
2019-10-07 12:25:54,397 [1b9987ce-69c4-4e08-87ab-8df577346a9d@group-56424088E851-LeaderElection6] INFO  impl.RaftServerImpl (ServerState.java:setLeader(255)) - 1b9987ce-69c4-4e08-87ab-8df577346a9d@group-56424088E851: change Leader from null to 1b9987ce-69c4-4e08-87ab-8df577346a9d at term 1 for becomeLeader, leader elected after 5103ms
2019-10-07 12:25:54,398 [dede47a1-ead0-4140-9862-ec97040384a5@group-EB62EA9A957B-LeaderElection7] INFO  server.RaftServerConfigKeys (ConfUtils.java:logGet(43)) - raft.server.staging.catchup.gap = 1000 (default)
2019-10-07 12:25:54,400 [1b9987ce-69c4-4e08-87ab-8df577346a9d@group-56424088E851-LeaderElection6] INFO  server.RaftServerConfigKeys (ConfUtils.java:logGet(43)) - raft.server.staging.catchup.gap = 1000 (default)
2019-10-07 12:25:54,400 [dede47a1-ead0-4140-9862-ec97040384a5@group-EB62EA9A957B-LeaderElection7] INFO  server.RaftServerConfigKeys (ConfUtils.java:logGet(43)) - raft.server.rpc.sleep.time = 25ms (default)
2019-10-07 12:25:54,400 [1b9987ce-69c4-4e08-87ab-8df577346a9d@group-56424088E851-LeaderElection6] INFO  server.RaftServerConfigKeys (ConfUtils.java:logGet(43)) - raft.server.rpc.sleep.time = 25ms (default)
2019-10-07 12:25:54,401 [dede47a1-ead0-4140-9862-ec97040384a5@group-EB62EA9A957B-LeaderElection7] INFO  server.RaftServerConfigKeys (ConfUtils.java:logGet(43)) - raft.server.write.element-limit = 4096 (default)
2019-10-07 12:25:54,401 [1b9987ce-69c4-4e08-87ab-8df577346a9d@group-56424088E851-LeaderElection6] INFO  server.RaftServerConfigKeys (ConfUtils.java:logGet(43)) - raft.server.write.element-limit = 4096 (default)
2019-10-07 12:25:54,401 [dede47a1-ead0-4140-9862-ec97040384a5@group-EB62EA9A957B-LeaderElection7] INFO  server.RaftServerConfigKeys (ConfUtils.java:logGet(43)) - raft.server.watch.timeout = 10s (default)
2019-10-07 12:25:54,401 [1b9987ce-69c4-4e08-87ab-8df577346a9d@group-56424088E851-LeaderElection6] INFO  server.RaftServerConfigKeys (ConfUtils.java:logGet(43)) - raft.server.watch.timeout = 10s (default)
2019-10-07 12:25:54,401 [dede47a1-ead0-4140-9862-ec97040384a5@group-EB62EA9A957B-LeaderElection7] INFO  server.RaftServerConfigKeys (ConfUtils.java:logGet(43)) - raft.server.watch.timeout.denomination = 1s (default)
2019-10-07 12:25:54,401 [1b9987ce-69c4-4e08-87ab-8df577346a9d@group-56424088E851-LeaderElection6] INFO  server.RaftServerConfigKeys (ConfUtils.java:logGet(43)) - raft.server.watch.timeout.denomination = 1s (default)
2019-10-07 12:25:54,401 [dede47a1-ead0-4140-9862-ec97040384a5@group-EB62EA9A957B-LeaderElection7] INFO  server.RaftServerConfigKeys (ConfUtils.java:logGet(43)) - raft.server.watch.element-limit = 65536 (default)
2019-10-07 12:25:54,402 [1b9987ce-69c4-4e08-87ab-8df577346a9d@group-56424088E851-LeaderElection6] INFO  server.RaftServerConfigKeys (ConfUtils.java:logGet(43)) - raft.server.watch.element-limit = 65536 (default)
2019-10-07 12:25:54,405 [dede47a1-ead0-4140-9862-ec97040384a5@group-EB62EA9A957B-LeaderElection7] INFO  impl.RoleInfo (RoleInfo.java:updateAndGet(143)) - dede47a1-ead0-4140-9862-ec97040384a5: start LeaderState
2019-10-07 12:25:54,405 [1b9987ce-69c4-4e08-87ab-8df577346a9d@group-56424088E851-LeaderElection6] INFO  impl.RoleInfo (RoleInfo.java:updateAndGet(143)) - 1b9987ce-69c4-4e08-87ab-8df577346a9d: start LeaderState
2019-10-07 12:25:54,405 [dede47a1-ead0-4140-9862-ec97040384a5@group-EB62EA9A957B-LeaderElection7] INFO  segmented.SegmentedRaftLogWorker (SegmentedRaftLogWorker.java:startLogSegment(385)) - dede47a1-ead0-4140-9862-ec97040384a5@group-EB62EA9A957B-SegmentedRaftLogWorker: Starting segment from index:0
2019-10-07 12:25:54,406 [1b9987ce-69c4-4e08-87ab-8df577346a9d@group-56424088E851-LeaderElection6] INFO  segmented.SegmentedRaftLogWorker (SegmentedRaftLogWorker.java:startLogSegment(385)) - 1b9987ce-69c4-4e08-87ab-8df577346a9d@group-56424088E851-SegmentedRaftLogWorker: Starting segment from index:0
2019-10-07 12:25:54,406 [dede47a1-ead0-4140-9862-ec97040384a5@group-EB62EA9A957B-LeaderElection7] INFO  impl.RaftServerImpl (ServerState.java:setRaftConf(356)) - dede47a1-ead0-4140-9862-ec97040384a5@group-EB62EA9A957B: set configuration 0: [dede47a1-ead0-4140-9862-ec97040384a5:192.168.151.100:37135], old=null at 0
2019-10-07 12:25:54,434 [1b9987ce-69c4-4e08-87ab-8df577346a9d@group-56424088E851-LeaderElection6] INFO  impl.RaftServerImpl (ServerState.java:setRaftConf(356)) - 1b9987ce-69c4-4e08-87ab-8df577346a9d@group-56424088E851: set configuration 0: [1b9987ce-69c4-4e08-87ab-8df577346a9d:192.168.151.100:38947], old=null at 0
2019-10-07 12:25:54,471 [dede47a1-ead0-4140-9862-ec97040384a5@group-EB62EA9A957B-SegmentedRaftLogWorker] INFO  segmented.SegmentedRaftLogWorker (SegmentedRaftLogWorker.java:execute(574)) - dede47a1-ead0-4140-9862-ec97040384a5@group-EB62EA9A957B-SegmentedRaftLogWorker: created new log segment /workdir/hadoop-ozone/integration-test/target/test-dir/MiniOzoneClusterImpl-5b1ddd53-7c01-4eef-9c8a-394c48c68778/datanode-3/data/ratis/c6b6043e-6575-4632-8f19-eb62ea9a957b/current/log_inprogress_0
2019-10-07 12:25:54,484 [1b9987ce-69c4-4e08-87ab-8df577346a9d@group-56424088E851-SegmentedRaftLogWorker] INFO  segmented.SegmentedRaftLogWorker (SegmentedRaftLogWorker.java:execute(574)) - 1b9987ce-69c4-4e08-87ab-8df577346a9d@group-56424088E851-SegmentedRaftLogWorker: created new log segment /workdir/hadoop-ozone/integration-test/target/test-dir/MiniOzoneClusterImpl-5b1ddd53-7c01-4eef-9c8a-394c48c68778/datanode-6/data/ratis/0182b963-a4c5-4cce-88a8-56424088e851/current/log_inprogress_0
2019-10-07 12:25:54,530 [Thread-267] INFO  impl.FollowerState (FollowerState.java:run(108)) - 5ee5fc6f-fdaa-4b19-9e07-086f7bbe3426@group-9AEDFBD0BB30-FollowerState: change to CANDIDATE, lastRpcTime:5112ms, electionTimeout:5112ms
2019-10-07 12:25:54,531 [Thread-267] INFO  impl.RoleInfo (RoleInfo.java:shutdownFollowerState(121)) - 5ee5fc6f-fdaa-4b19-9e07-086f7bbe3426: shutdown FollowerState
2019-10-07 12:25:54,531 [Thread-267] INFO  impl.RaftServerImpl (RaftServerImpl.java:setRole(170)) - 5ee5fc6f-fdaa-4b19-9e07-086f7bbe3426@group-9AEDFBD0BB30: changes role from  FOLLOWER to CANDIDATE at term 0 for changeToCandidate
2019-10-07 12:25:54,531 [Thread-267] INFO  impl.RoleInfo (RoleInfo.java:updateAndGet(143)) - 5ee5fc6f-fdaa-4b19-9e07-086f7bbe3426: start LeaderElection
2019-10-07 12:25:54,548 [5ee5fc6f-fdaa-4b19-9e07-086f7bbe3426@group-9AEDFBD0BB30-LeaderElection8] INFO  impl.LeaderElection (LeaderElection.java:askForVotes(178)) - 5ee5fc6f-fdaa-4b19-9e07-086f7bbe3426@group-9AEDFBD0BB30-LeaderElection8: begin an election at term 1 for -1: [5ee5fc6f-fdaa-4b19-9e07-086f7bbe3426:192.168.151.100:44182, bdc82da4-7981-40ca-bca7-6643a3478f33:192.168.151.100:46068, 20fd5385-81a2-480d-b174-88f0e4149f34:192.168.151.100:44266], old=null
2019-10-07 12:25:54,573 [Thread-277] INFO  impl.FollowerState (FollowerState.java:run(108)) - 1d653722-c85d-4cca-bc33-c4a52e4659d9@group-7B2936CA983E-FollowerState: change to CANDIDATE, lastRpcTime:5061ms, electionTimeout:5061ms
2019-10-07 12:25:54,573 [Thread-277] INFO  impl.RoleInfo (RoleInfo.java:shutdownFollowerState(121)) - 1d653722-c85d-4cca-bc33-c4a52e4659d9: shutdown FollowerState
2019-10-07 12:25:54,573 [Thread-277] INFO  impl.RaftServerImpl (RaftServerImpl.java:setRole(170)) - 1d653722-c85d-4cca-bc33-c4a52e4659d9@group-7B2936CA983E: changes role from  FOLLOWER to CANDIDATE at term 0 for changeToCandidate
2019-10-07 12:25:54,573 [Thread-277] INFO  impl.RoleInfo (RoleInfo.java:updateAndGet(143)) - 1d653722-c85d-4cca-bc33-c4a52e4659d9: start LeaderElection
2019-10-07 12:25:54,579 [Thread-266] INFO  impl.FollowerState (FollowerState.java:run(108)) - bdc82da4-7981-40ca-bca7-6643a3478f33@group-9AEDFBD0BB30-FollowerState: change to CANDIDATE, lastRpcTime:5162ms, electionTimeout:5161ms
2019-10-07 12:25:54,579 [Thread-266] INFO  impl.RoleInfo (RoleInfo.java:shutdownFollowerState(121)) - bdc82da4-7981-40ca-bca7-6643a3478f33: shutdown FollowerState
2019-10-07 12:25:54,585 [Thread-266] INFO  impl.RaftServerImpl (RaftServerImpl.java:setRole(170)) - bdc82da4-7981-40ca-bca7-6643a3478f33@group-9AEDFBD0BB30: changes role from  FOLLOWER to CANDIDATE at term 0 for changeToCandidate
2019-10-07 12:25:54,586 [Thread-266] INFO  impl.RoleInfo (RoleInfo.java:updateAndGet(143)) - bdc82da4-7981-40ca-bca7-6643a3478f33: start LeaderElection
2019-10-07 12:25:54,589 [Thread-268] INFO  impl.FollowerState (FollowerState.java:run(108)) - 20fd5385-81a2-480d-b174-88f0e4149f34@group-9AEDFBD0BB30-FollowerState: change to CANDIDATE, lastRpcTime:5170ms, electionTimeout:5170ms
2019-10-07 12:25:54,589 [Thread-268] INFO  impl.RoleInfo (RoleInfo.java:shutdownFollowerState(121)) - 20fd5385-81a2-480d-b174-88f0e4149f34: shutdown FollowerState
2019-10-07 12:25:54,590 [Thread-268] INFO  impl.RaftServerImpl (RaftServerImpl.java:setRole(170)) - 20fd5385-81a2-480d-b174-88f0e4149f34@group-9AEDFBD0BB30: changes role from  FOLLOWER to CANDIDATE at term 0 for changeToCandidate
2019-10-07 12:25:54,590 [Thread-268] INFO  impl.RoleInfo (RoleInfo.java:updateAndGet(143)) - 20fd5385-81a2-480d-b174-88f0e4149f34: start LeaderElection
2019-10-07 12:25:54,599 [20fd5385-81a2-480d-b174-88f0e4149f34@group-9AEDFBD0BB30-LeaderElection11] INFO  impl.LeaderElection (LeaderElection.java:askForVotes(178)) - 20fd5385-81a2-480d-b174-88f0e4149f34@group-9AEDFBD0BB30-LeaderElection11: begin an election at term 1 for -1: [5ee5fc6f-fdaa-4b19-9e07-086f7bbe3426:192.168.151.100:44182, bdc82da4-7981-40ca-bca7-6643a3478f33:192.168.151.100:46068, 20fd5385-81a2-480d-b174-88f0e4149f34:192.168.151.100:44266], old=null
2019-10-07 12:25:54,599 [1d653722-c85d-4cca-bc33-c4a52e4659d9@group-7B2936CA983E-LeaderElection9] INFO  impl.LeaderElection (LeaderElection.java:askForVotes(178)) - 1d653722-c85d-4cca-bc33-c4a52e4659d9@group-7B2936CA983E-LeaderElection9: begin an election at term 1 for -1: [dede47a1-ead0-4140-9862-ec97040384a5:192.168.151.100:37135, 1d653722-c85d-4cca-bc33-c4a52e4659d9:192.168.151.100:34636, c7b3e0d2-9ebb-42f4-9e7a-a8bf947c7cde:192.168.151.100:46791], old=null
2019-10-07 12:25:54,599 [bdc82da4-7981-40ca-bca7-6643a3478f33@group-9AEDFBD0BB30-LeaderElection10] INFO  impl.LeaderElection (LeaderElection.java:askForVotes(178)) - bdc82da4-7981-40ca-bca7-6643a3478f33@group-9AEDFBD0BB30-LeaderElection10: begin an election at term 1 for -1: [5ee5fc6f-fdaa-4b19-9e07-086f7bbe3426:192.168.151.100:44182, bdc82da4-7981-40ca-bca7-6643a3478f33:192.168.151.100:46068, 20fd5385-81a2-480d-b174-88f0e4149f34:192.168.151.100:44266], old=null
2019-10-07 12:25:54,610 [Thread-275] INFO  impl.FollowerState (FollowerState.java:run(108)) - dede47a1-ead0-4140-9862-ec97040384a5@group-7B2936CA983E-FollowerState: change to CANDIDATE, lastRpcTime:5103ms, electionTimeout:5101ms
2019-10-07 12:25:54,610 [Thread-275] INFO  impl.RoleInfo (RoleInfo.java:shutdownFollowerState(121)) - dede47a1-ead0-4140-9862-ec97040384a5: shutdown FollowerState
2019-10-07 12:25:54,610 [Thread-275] INFO  impl.RaftServerImpl (RaftServerImpl.java:setRole(170)) - dede47a1-ead0-4140-9862-ec97040384a5@group-7B2936CA983E: changes role from  FOLLOWER to CANDIDATE at term 0 for changeToCandidate
2019-10-07 12:25:54,610 [Thread-275] INFO  impl.RoleInfo (RoleInfo.java:updateAndGet(143)) - dede47a1-ead0-4140-9862-ec97040384a5: start LeaderElection
2019-10-07 12:25:54,629 [5ee5fc6f-fdaa-4b19-9e07-086f7bbe3426@group-9AEDFBD0BB30-LeaderElection8] INFO  impl.LeaderElection (LeaderElection.java:logAndReturn(56)) - 5ee5fc6f-fdaa-4b19-9e07-086f7bbe3426@group-9AEDFBD0BB30-LeaderElection8: Election REJECTED; received 2 response(s) [5ee5fc6f-fdaa-4b19-9e07-086f7bbe3426<-bdc82da4-7981-40ca-bca7-6643a3478f33#0:FAIL-t1, 5ee5fc6f-fdaa-4b19-9e07-086f7bbe3426<-20fd5385-81a2-480d-b174-88f0e4149f34#0:FAIL-t1] and 0 exception(s); 5ee5fc6f-fdaa-4b19-9e07-086f7bbe3426@group-9AEDFBD0BB30:t1, leader=null, voted=5ee5fc6f-fdaa-4b19-9e07-086f7bbe3426, raftlog=5ee5fc6f-fdaa-4b19-9e07-086f7bbe3426@group-9AEDFBD0BB30-SegmentedRaftLog:OPENED:c-1,f-1,i0, conf=-1: [5ee5fc6f-fdaa-4b19-9e07-086f7bbe3426:192.168.151.100:44182, bdc82da4-7981-40ca-bca7-6643a3478f33:192.168.151.100:46068, 20fd5385-81a2-480d-b174-88f0e4149f34:192.168.151.100:44266], old=null
2019-10-07 12:25:54,633 [5ee5fc6f-fdaa-4b19-9e07-086f7bbe3426@group-9AEDFBD0BB30-LeaderElection8] INFO  impl.RaftServerImpl (RaftServerImpl.java:setRole(170)) - 5ee5fc6f-fdaa-4b19-9e07-086f7bbe3426@group-9AEDFBD0BB30: changes role from CANDIDATE to FOLLOWER at term 1 for DISCOVERED_A_NEW_TERM
2019-10-07 12:25:54,633 [5ee5fc6f-fdaa-4b19-9e07-086f7bbe3426@group-9AEDFBD0BB30-LeaderElection8] INFO  impl.RoleInfo (RoleInfo.java:shutdownLeaderElection(134)) - 5ee5fc6f-fdaa-4b19-9e07-086f7bbe3426: shutdown LeaderElection
2019-10-07 12:25:54,633 [5ee5fc6f-fdaa-4b19-9e07-086f7bbe3426@group-9AEDFBD0BB30-LeaderElection8] INFO  impl.RoleInfo (RoleInfo.java:updateAndGet(143)) - 5ee5fc6f-fdaa-4b19-9e07-086f7bbe3426: start FollowerState
2019-10-07 12:25:54,638 [dede47a1-ead0-4140-9862-ec97040384a5@group-7B2936CA983E-LeaderElection12] INFO  impl.LeaderElection (LeaderElection.java:askForVotes(178)) - dede47a1-ead0-4140-9862-ec97040384a5@group-7B2936CA983E-LeaderElection12: begin an election at term 1 for -1: [dede47a1-ead0-4140-9862-ec97040384a5:192.168.151.100:37135, 1d653722-c85d-4cca-bc33-c4a52e4659d9:192.168.151.100:34636, c7b3e0d2-9ebb-42f4-9e7a-a8bf947c7cde:192.168.151.100:46791], old=null
2019-10-07 12:25:54,642 [grpc-default-executor-4] INFO  impl.RaftServerImpl (RaftServerImpl.java:setRole(170)) - c7b3e0d2-9ebb-42f4-9e7a-a8bf947c7cde@group-7B2936CA983E: changes role from  FOLLOWER to FOLLOWER at term 1 for recognizeCandidate:1d653722-c85d-4cca-bc33-c4a52e4659d9
2019-10-07 12:25:54,642 [grpc-default-executor-4] INFO  impl.RoleInfo (RoleInfo.java:shutdownFollowerState(121)) - c7b3e0d2-9ebb-42f4-9e7a-a8bf947c7cde: shutdown FollowerState
2019-10-07 12:25:54,642 [grpc-default-executor-4] INFO  impl.RoleInfo (RoleInfo.java:updateAndGet(143)) - c7b3e0d2-9ebb-42f4-9e7a-a8bf947c7cde: start FollowerState
2019-10-07 12:25:54,642 [Thread-276] INFO  impl.FollowerState (FollowerState.java:run(117)) - c7b3e0d2-9ebb-42f4-9e7a-a8bf947c7cde@group-7B2936CA983E-FollowerState was interrupted: java.lang.InterruptedException: sleep interrupted
2019-10-07 12:25:54,668 [20fd5385-81a2-480d-b174-88f0e4149f34@group-9AEDFBD0BB30-LeaderElection11] INFO  impl.LeaderElection (LeaderElection.java:logAndReturn(56)) - 20fd5385-81a2-480d-b174-88f0e4149f34@group-9AEDFBD0BB30-LeaderElection11: Election REJECTED; received 2 response(s) [20fd5385-81a2-480d-b174-88f0e4149f34<-5ee5fc6f-fdaa-4b19-9e07-086f7bbe3426#0:FAIL-t1, 20fd5385-81a2-480d-b174-88f0e4149f34<-bdc82da4-7981-40ca-bca7-6643a3478f33#0:FAIL-t1] and 0 exception(s); 20fd5385-81a2-480d-b174-88f0e4149f34@group-9AEDFBD0BB30:t1, leader=null, voted=20fd5385-81a2-480d-b174-88f0e4149f34, raftlog=20fd5385-81a2-480d-b174-88f0e4149f34@group-9AEDFBD0BB30-SegmentedRaftLog:OPENED:c-1,f-1,i0, conf=-1: [5ee5fc6f-fdaa-4b19-9e07-086f7bbe3426:192.168.151.100:44182, bdc82da4-7981-40ca-bca7-6643a3478f33:192.168.151.100:46068, 20fd5385-81a2-480d-b174-88f0e4149f34:192.168.151.100:44266], old=null
2019-10-07 12:25:54,668 [20fd5385-81a2-480d-b174-88f0e4149f34@group-9AEDFBD0BB30-LeaderElection11] INFO  impl.RaftServerImpl (RaftServerImpl.java:setRole(170)) - 20fd5385-81a2-480d-b174-88f0e4149f34@group-9AEDFBD0BB30: changes role from CANDIDATE to FOLLOWER at term 1 for DISCOVERED_A_NEW_TERM
2019-10-07 12:25:54,668 [bdc82da4-7981-40ca-bca7-6643a3478f33@group-9AEDFBD0BB30-LeaderElection10] INFO  impl.LeaderElection (LeaderElection.java:logAndReturn(56)) - bdc82da4-7981-40ca-bca7-6643a3478f33@group-9AEDFBD0BB30-LeaderElection10: Election REJECTED; received 2 response(s) [bdc82da4-7981-40ca-bca7-6643a3478f33<-5ee5fc6f-fdaa-4b19-9e07-086f7bbe3426#0:FAIL-t1, bdc82da4-7981-40ca-bca7-6643a3478f33<-20fd5385-81a2-480d-b174-88f0e4149f34#0:FAIL-t1] and 0 exception(s); bdc82da4-7981-40ca-bca7-6643a3478f33@group-9AEDFBD0BB30:t1, leader=null, voted=bdc82da4-7981-40ca-bca7-6643a3478f33, raftlog=bdc82da4-7981-40ca-bca7-6643a3478f33@group-9AEDFBD0BB30-SegmentedRaftLog:OPENED:c-1,f-1,i0, conf=-1: [5ee5fc6f-fdaa-4b19-9e07-086f7bbe3426:192.168.151.100:44182, bdc82da4-7981-40ca-bca7-6643a3478f33:192.168.151.100:46068, 20fd5385-81a2-480d-b174-88f0e4149f34:192.168.151.100:44266], old=null
2019-10-07 12:25:54,670 [20fd5385-81a2-480d-b174-88f0e4149f34@group-9AEDFBD0BB30-LeaderElection11] INFO  impl.RoleInfo (RoleInfo.java:shutdownLeaderElection(134)) - 20fd5385-81a2-480d-b174-88f0e4149f34: shutdown LeaderElection
2019-10-07 12:25:54,672 [bdc82da4-7981-40ca-bca7-6643a3478f33@group-9AEDFBD0BB30-LeaderElection10] INFO  impl.RaftServerImpl (RaftServerImpl.java:setRole(170)) - bdc82da4-7981-40ca-bca7-6643a3478f33@group-9AEDFBD0BB30: changes role from CANDIDATE to FOLLOWER at term 1 for DISCOVERED_A_NEW_TERM
2019-10-07 12:25:54,677 [bdc82da4-7981-40ca-bca7-6643a3478f33@group-9AEDFBD0BB30-LeaderElection10] INFO  impl.RoleInfo (RoleInfo.java:shutdownLeaderElection(134)) - bdc82da4-7981-40ca-bca7-6643a3478f33: shutdown LeaderElection
2019-10-07 12:25:54,677 [20fd5385-81a2-480d-b174-88f0e4149f34@group-9AEDFBD0BB30-LeaderElection11] INFO  impl.RoleInfo (RoleInfo.java:updateAndGet(143)) - 20fd5385-81a2-480d-b174-88f0e4149f34: start FollowerState
2019-10-07 12:25:54,677 [bdc82da4-7981-40ca-bca7-6643a3478f33@group-9AEDFBD0BB30-LeaderElection10] INFO  impl.RoleInfo (RoleInfo.java:updateAndGet(143)) - bdc82da4-7981-40ca-bca7-6643a3478f33: start FollowerState
2019-10-07 12:25:54,693 [1d653722-c85d-4cca-bc33-c4a52e4659d9@group-7B2936CA983E-LeaderElection9] INFO  impl.LeaderElection (LeaderElection.java:logAndReturn(56)) - 1d653722-c85d-4cca-bc33-c4a52e4659d9@group-7B2936CA983E-LeaderElection9: Election PASSED; received 2 response(s) [1d653722-c85d-4cca-bc33-c4a52e4659d9<-dede47a1-ead0-4140-9862-ec97040384a5#0:FAIL-t1, 1d653722-c85d-4cca-bc33-c4a52e4659d9<-c7b3e0d2-9ebb-42f4-9e7a-a8bf947c7cde#0:OK-t1] and 0 exception(s); 1d653722-c85d-4cca-bc33-c4a52e4659d9@group-7B2936CA983E:t1, leader=null, voted=1d653722-c85d-4cca-bc33-c4a52e4659d9, raftlog=1d653722-c85d-4cca-bc33-c4a52e4659d9@group-7B2936CA983E-SegmentedRaftLog:OPENED:c-1,f-1,i0, conf=-1: [dede47a1-ead0-4140-9862-ec97040384a5:192.168.151.100:37135, 1d653722-c85d-4cca-bc33-c4a52e4659d9:192.168.151.100:34636, c7b3e0d2-9ebb-42f4-9e7a-a8bf947c7cde:192.168.151.100:46791], old=null
2019-10-07 12:25:54,693 [1d653722-c85d-4cca-bc33-c4a52e4659d9@group-7B2936CA983E-LeaderElection9] INFO  impl.RoleInfo (RoleInfo.java:shutdownLeaderElection(134)) - 1d653722-c85d-4cca-bc33-c4a52e4659d9: shutdown LeaderElection
2019-10-07 12:25:54,693 [1d653722-c85d-4cca-bc33-c4a52e4659d9@group-7B2936CA983E-LeaderElection9] INFO  impl.RaftServerImpl (RaftServerImpl.java:setRole(170)) - 1d653722-c85d-4cca-bc33-c4a52e4659d9@group-7B2936CA983E: changes role from CANDIDATE to LEADER at term 1 for changeToLeader
2019-10-07 12:25:54,694 [1d653722-c85d-4cca-bc33-c4a52e4659d9@group-7B2936CA983E-LeaderElection9] INFO  impl.RaftServerImpl (ServerState.java:setLeader(255)) - 1d653722-c85d-4cca-bc33-c4a52e4659d9@group-7B2936CA983E: change Leader from null to 1d653722-c85d-4cca-bc33-c4a52e4659d9 at term 1 for becomeLeader, leader elected after 5196ms
2019-10-07 12:25:54,696 [1d653722-c85d-4cca-bc33-c4a52e4659d9@group-7B2936CA983E-LeaderElection9] INFO  server.RaftServerConfigKeys (ConfUtils.java:logGet(43)) - raft.server.staging.catchup.gap = 1000 (default)
2019-10-07 12:25:54,696 [1d653722-c85d-4cca-bc33-c4a52e4659d9@group-7B2936CA983E-LeaderElection9] INFO  server.RaftServerConfigKeys (ConfUtils.java:logGet(43)) - raft.server.rpc.sleep.time = 25ms (default)
2019-10-07 12:25:54,696 [1d653722-c85d-4cca-bc33-c4a52e4659d9@group-7B2936CA983E-LeaderElection9] INFO  server.RaftServerConfigKeys (ConfUtils.java:logGet(43)) - raft.server.write.element-limit = 4096 (default)
2019-10-07 12:25:54,697 [1d653722-c85d-4cca-bc33-c4a52e4659d9@group-7B2936CA983E-LeaderElection9] INFO  server.RaftServerConfigKeys (ConfUtils.java:logGet(43)) - raft.server.watch.timeout = 10s (default)
2019-10-07 12:25:54,697 [1d653722-c85d-4cca-bc33-c4a52e4659d9@group-7B2936CA983E-LeaderElection9] INFO  server.RaftServerConfigKeys (ConfUtils.java:logGet(43)) - raft.server.watch.timeout.denomination = 1s (default)
2019-10-07 12:25:54,697 [1d653722-c85d-4cca-bc33-c4a52e4659d9@group-7B2936CA983E-LeaderElection9] INFO  server.RaftServerConfigKeys (ConfUtils.java:logGet(43)) - raft.server.watch.element-limit = 65536 (default)
2019-10-07 12:25:54,702 [1d653722-c85d-4cca-bc33-c4a52e4659d9@group-7B2936CA983E-LeaderElection9] INFO  server.RaftServerConfigKeys (ConfUtils.java:logGet(43)) - raft.server.log.appender.snapshot.chunk.size.max = 16MB (=16777216) (default)
2019-10-07 12:25:54,702 [1d653722-c85d-4cca-bc33-c4a52e4659d9@group-7B2936CA983E-LeaderElection9] INFO  server.RaftServerConfigKeys (ConfUtils.java:logGet(43)) - raft.server.log.appender.buffer.byte-limit = 33554432 (custom)
2019-10-07 12:25:54,703 [1d653722-c85d-4cca-bc33-c4a52e4659d9@group-7B2936CA983E-LeaderElection9] INFO  server.RaftServerConfigKeys (ConfUtils.java:logGet(43)) - raft.server.log.appender.buffer.element-limit = 1 (custom)
2019-10-07 12:25:54,706 [1d653722-c85d-4cca-bc33-c4a52e4659d9@group-7B2936CA983E-LeaderElection9] INFO  grpc.GrpcConfigKeys$Server (ConfUtils.java:logGet(43)) - raft.grpc.server.leader.outstanding.appends.max = 128 (default)
2019-10-07 12:25:54,711 [1d653722-c85d-4cca-bc33-c4a52e4659d9@group-7B2936CA983E-LeaderElection9] INFO  server.RaftServerConfigKeys (ConfUtils.java:logGet(43)) - raft.server.rpc.request.timeout = 3000ms (default)
2019-10-07 12:25:54,711 [1d653722-c85d-4cca-bc33-c4a52e4659d9@group-7B2936CA983E-LeaderElection9] INFO  server.RaftServerConfigKeys (ConfUtils.java:logGet(43)) - raft.server.log.appender.install.snapshot.enabled = false (custom)
2019-10-07 12:25:54,712 [1d653722-c85d-4cca-bc33-c4a52e4659d9@group-7B2936CA983E-LeaderElection9] INFO  server.RaftServerConfigKeys (ConfUtils.java:logGet(43)) - raft.server.log.appender.snapshot.chunk.size.max = 16MB (=16777216) (default)
2019-10-07 12:25:54,712 [1d653722-c85d-4cca-bc33-c4a52e4659d9@group-7B2936CA983E-LeaderElection9] INFO  server.RaftServerConfigKeys (ConfUtils.java:logGet(43)) - raft.server.log.appender.buffer.byte-limit = 33554432 (custom)
2019-10-07 12:25:54,712 [1d653722-c85d-4cca-bc33-c4a52e4659d9@group-7B2936CA983E-LeaderElection9] INFO  server.RaftServerConfigKeys (ConfUtils.java:logGet(43)) - raft.server.log.appender.buffer.element-limit = 1 (custom)
2019-10-07 12:25:54,713 [1d653722-c85d-4cca-bc33-c4a52e4659d9@group-7B2936CA983E-LeaderElection9] INFO  grpc.GrpcConfigKeys$Server (ConfUtils.java:logGet(43)) - raft.grpc.server.leader.outstanding.appends.max = 128 (default)
2019-10-07 12:25:54,713 [1d653722-c85d-4cca-bc33-c4a52e4659d9@group-7B2936CA983E-LeaderElection9] INFO  server.RaftServerConfigKeys (ConfUtils.java:logGet(43)) - raft.server.rpc.request.timeout = 3000ms (default)
2019-10-07 12:25:54,713 [1d653722-c85d-4cca-bc33-c4a52e4659d9@group-7B2936CA983E-LeaderElection9] INFO  server.RaftServerConfigKeys (ConfUtils.java:logGet(43)) - raft.server.log.appender.install.snapshot.enabled = false (custom)
2019-10-07 12:25:54,714 [1d653722-c85d-4cca-bc33-c4a52e4659d9@group-7B2936CA983E-LeaderElection9] INFO  impl.RoleInfo (RoleInfo.java:updateAndGet(143)) - 1d653722-c85d-4cca-bc33-c4a52e4659d9: start LeaderState
2019-10-07 12:25:54,714 [1d653722-c85d-4cca-bc33-c4a52e4659d9@group-7B2936CA983E-LeaderElection9] INFO  segmented.SegmentedRaftLogWorker (SegmentedRaftLogWorker.java:startLogSegment(385)) - 1d653722-c85d-4cca-bc33-c4a52e4659d9@group-7B2936CA983E-SegmentedRaftLogWorker: Starting segment from index:0
2019-10-07 12:25:54,715 [1d653722-c85d-4cca-bc33-c4a52e4659d9@group-7B2936CA983E-LeaderElection9] INFO  impl.RaftServerImpl (ServerState.java:setRaftConf(356)) - 1d653722-c85d-4cca-bc33-c4a52e4659d9@group-7B2936CA983E: set configuration 0: [dede47a1-ead0-4140-9862-ec97040384a5:192.168.151.100:37135, 1d653722-c85d-4cca-bc33-c4a52e4659d9:192.168.151.100:34636, c7b3e0d2-9ebb-42f4-9e7a-a8bf947c7cde:192.168.151.100:46791], old=null at 0
2019-10-07 12:25:54,715 [grpc-default-executor-1] INFO  impl.RaftServerImpl (RaftServerImpl.java:requestVote(754)) - 1d653722-c85d-4cca-bc33-c4a52e4659d9@group-7B2936CA983E-   LEADER: Withhold vote from candidate dede47a1-ead0-4140-9862-ec97040384a5 with term 1. State: leader=1d653722-c85d-4cca-bc33-c4a52e4659d9, term=1, lastRpcElapsed=null
2019-10-07 12:25:54,746 [dede47a1-ead0-4140-9862-ec97040384a5@group-7B2936CA983E-LeaderElection12] INFO  impl.LeaderElection (LeaderElection.java:logAndReturn(56)) - dede47a1-ead0-4140-9862-ec97040384a5@group-7B2936CA983E-LeaderElection12: Election REJECTED; received 2 response(s) [dede47a1-ead0-4140-9862-ec97040384a5<-1d653722-c85d-4cca-bc33-c4a52e4659d9#0:FAIL-t1, dede47a1-ead0-4140-9862-ec97040384a5<-c7b3e0d2-9ebb-42f4-9e7a-a8bf947c7cde#0:FAIL-t1] and 0 exception(s); dede47a1-ead0-4140-9862-ec97040384a5@group-7B2936CA983E:t1, leader=null, voted=dede47a1-ead0-4140-9862-ec97040384a5, raftlog=dede47a1-ead0-4140-9862-ec97040384a5@group-7B2936CA983E-SegmentedRaftLog:OPENED:c-1,f-1,i0, conf=-1: [dede47a1-ead0-4140-9862-ec97040384a5:192.168.151.100:37135, 1d653722-c85d-4cca-bc33-c4a52e4659d9:192.168.151.100:34636, c7b3e0d2-9ebb-42f4-9e7a-a8bf947c7cde:192.168.151.100:46791], old=null
2019-10-07 12:25:54,747 [dede47a1-ead0-4140-9862-ec97040384a5@group-7B2936CA983E-LeaderElection12] INFO  impl.RaftServerImpl (RaftServerImpl.java:setRole(170)) - dede47a1-ead0-4140-9862-ec97040384a5@group-7B2936CA983E: changes role from CANDIDATE to FOLLOWER at term 1 for DISCOVERED_A_NEW_TERM
2019-10-07 12:25:54,747 [dede47a1-ead0-4140-9862-ec97040384a5@group-7B2936CA983E-LeaderElection12] INFO  impl.RoleInfo (RoleInfo.java:shutdownLeaderElection(134)) - dede47a1-ead0-4140-9862-ec97040384a5: shutdown LeaderElection
2019-10-07 12:25:54,747 [dede47a1-ead0-4140-9862-ec97040384a5@group-7B2936CA983E-LeaderElection12] INFO  impl.RoleInfo (RoleInfo.java:updateAndGet(143)) - dede47a1-ead0-4140-9862-ec97040384a5: start FollowerState
2019-10-07 12:25:54,754 [1d653722-c85d-4cca-bc33-c4a52e4659d9@group-7B2936CA983E-SegmentedRaftLogWorker] INFO  segmented.SegmentedRaftLogWorker (SegmentedRaftLogWorker.java:execute(574)) - 1d653722-c85d-4cca-bc33-c4a52e4659d9@group-7B2936CA983E-SegmentedRaftLogWorker: created new log segment /workdir/hadoop-ozone/integration-test/target/test-dir/MiniOzoneClusterImpl-5b1ddd53-7c01-4eef-9c8a-394c48c68778/datanode-5/data/ratis/8737075c-8b9d-49e6-ab45-7b2936ca983e/current/log_inprogress_0
2019-10-07 12:25:54,769 [grpc-default-executor-4] INFO  impl.RaftServerImpl (ServerState.java:setLeader(255)) - c7b3e0d2-9ebb-42f4-9e7a-a8bf947c7cde@group-7B2936CA983E: change Leader from null to 1d653722-c85d-4cca-bc33-c4a52e4659d9 at term 1 for appendEntries, leader elected after 5268ms
2019-10-07 12:25:54,769 [grpc-default-executor-1] INFO  impl.RaftServerImpl (ServerState.java:setLeader(255)) - dede47a1-ead0-4140-9862-ec97040384a5@group-7B2936CA983E: change Leader from null to 1d653722-c85d-4cca-bc33-c4a52e4659d9 at term 1 for appendEntries, leader elected after 5272ms
2019-10-07 12:25:54,805 [grpc-default-executor-1] INFO  impl.RaftServerImpl (ServerState.java:setRaftConf(356)) - dede47a1-ead0-4140-9862-ec97040384a5@group-7B2936CA983E: set configuration 0: [dede47a1-ead0-4140-9862-ec97040384a5:192.168.151.100:37135, 1d653722-c85d-4cca-bc33-c4a52e4659d9:192.168.151.100:34636, c7b3e0d2-9ebb-42f4-9e7a-a8bf947c7cde:192.168.151.100:46791], old=null at 0
2019-10-07 12:25:54,805 [grpc-default-executor-4] INFO  impl.RaftServerImpl (ServerState.java:setRaftConf(356)) - c7b3e0d2-9ebb-42f4-9e7a-a8bf947c7cde@group-7B2936CA983E: set configuration 0: [dede47a1-ead0-4140-9862-ec97040384a5:192.168.151.100:37135, 1d653722-c85d-4cca-bc33-c4a52e4659d9:192.168.151.100:34636, c7b3e0d2-9ebb-42f4-9e7a-a8bf947c7cde:192.168.151.100:46791], old=null at 0
2019-10-07 12:25:54,806 [grpc-default-executor-1] INFO  segmented.SegmentedRaftLogWorker (SegmentedRaftLogWorker.java:startLogSegment(385)) - dede47a1-ead0-4140-9862-ec97040384a5@group-7B2936CA983E-SegmentedRaftLogWorker: Starting segment from index:0
2019-10-07 12:25:54,806 [grpc-default-executor-4] INFO  segmented.SegmentedRaftLogWorker (SegmentedRaftLogWorker.java:startLogSegment(385)) - c7b3e0d2-9ebb-42f4-9e7a-a8bf947c7cde@group-7B2936CA983E-SegmentedRaftLogWorker: Starting segment from index:0
2019-10-07 12:25:54,846 [c7b3e0d2-9ebb-42f4-9e7a-a8bf947c7cde@group-7B2936CA983E-SegmentedRaftLogWorker] INFO  segmented.SegmentedRaftLogWorker (SegmentedRaftLogWorker.java:execute(574)) - c7b3e0d2-9ebb-42f4-9e7a-a8bf947c7cde@group-7B2936CA983E-SegmentedRaftLogWorker: created new log segment /workdir/hadoop-ozone/integration-test/target/test-dir/MiniOzoneClusterImpl-5b1ddd53-7c01-4eef-9c8a-394c48c68778/datanode-1/data/ratis/8737075c-8b9d-49e6-ab45-7b2936ca983e/current/log_inprogress_0
2019-10-07 12:25:54,846 [dede47a1-ead0-4140-9862-ec97040384a5@group-7B2936CA983E-SegmentedRaftLogWorker] INFO  segmented.SegmentedRaftLogWorker (SegmentedRaftLogWorker.java:execute(574)) - dede47a1-ead0-4140-9862-ec97040384a5@group-7B2936CA983E-SegmentedRaftLogWorker: created new log segment /workdir/hadoop-ozone/integration-test/target/test-dir/MiniOzoneClusterImpl-5b1ddd53-7c01-4eef-9c8a-394c48c68778/datanode-3/data/ratis/8737075c-8b9d-49e6-ab45-7b2936ca983e/current/log_inprogress_0
2019-10-07 12:25:59,754 [Thread-324] INFO  impl.FollowerState (FollowerState.java:run(108)) - 20fd5385-81a2-480d-b174-88f0e4149f34@group-9AEDFBD0BB30-FollowerState: change to CANDIDATE, lastRpcTime:5078ms, electionTimeout:5069ms
2019-10-07 12:25:59,755 [Thread-324] INFO  impl.RoleInfo (RoleInfo.java:shutdownFollowerState(121)) - 20fd5385-81a2-480d-b174-88f0e4149f34: shutdown FollowerState
2019-10-07 12:25:59,755 [Thread-324] INFO  impl.RaftServerImpl (RaftServerImpl.java:setRole(170)) - 20fd5385-81a2-480d-b174-88f0e4149f34@group-9AEDFBD0BB30: changes role from  FOLLOWER to CANDIDATE at term 1 for changeToCandidate
2019-10-07 12:25:59,755 [Thread-324] INFO  impl.RoleInfo (RoleInfo.java:updateAndGet(143)) - 20fd5385-81a2-480d-b174-88f0e4149f34: start LeaderElection
2019-10-07 12:25:59,771 [20fd5385-81a2-480d-b174-88f0e4149f34@group-9AEDFBD0BB30-LeaderElection13] INFO  impl.LeaderElection (LeaderElection.java:askForVotes(178)) - 20fd5385-81a2-480d-b174-88f0e4149f34@group-9AEDFBD0BB30-LeaderElection13: begin an election at term 2 for -1: [5ee5fc6f-fdaa-4b19-9e07-086f7bbe3426:192.168.151.100:44182, bdc82da4-7981-40ca-bca7-6643a3478f33:192.168.151.100:46068, 20fd5385-81a2-480d-b174-88f0e4149f34:192.168.151.100:44266], old=null
2019-10-07 12:25:59,781 [grpc-default-executor-0] INFO  impl.RaftServerImpl (RaftServerImpl.java:setRole(170)) - 5ee5fc6f-fdaa-4b19-9e07-086f7bbe3426@group-9AEDFBD0BB30: changes role from  FOLLOWER to FOLLOWER at term 2 for recognizeCandidate:20fd5385-81a2-480d-b174-88f0e4149f34
2019-10-07 12:25:59,781 [grpc-default-executor-1] INFO  impl.RaftServerImpl (RaftServerImpl.java:setRole(170)) - bdc82da4-7981-40ca-bca7-6643a3478f33@group-9AEDFBD0BB30: changes role from  FOLLOWER to FOLLOWER at term 2 for recognizeCandidate:20fd5385-81a2-480d-b174-88f0e4149f34
2019-10-07 12:25:59,781 [grpc-default-executor-0] INFO  impl.RoleInfo (RoleInfo.java:shutdownFollowerState(121)) - 5ee5fc6f-fdaa-4b19-9e07-086f7bbe3426: shutdown FollowerState
2019-10-07 12:25:59,781 [grpc-default-executor-1] INFO  impl.RoleInfo (RoleInfo.java:shutdownFollowerState(121)) - bdc82da4-7981-40ca-bca7-6643a3478f33: shutdown FollowerState
2019-10-07 12:25:59,781 [grpc-default-executor-0] INFO  impl.RoleInfo (RoleInfo.java:updateAndGet(143)) - 5ee5fc6f-fdaa-4b19-9e07-086f7bbe3426: start FollowerState
2019-10-07 12:25:59,781 [Thread-325] INFO  impl.FollowerState (FollowerState.java:run(117)) - bdc82da4-7981-40ca-bca7-6643a3478f33@group-9AEDFBD0BB30-FollowerState was interrupted: java.lang.InterruptedException: sleep interrupted
2019-10-07 12:25:59,781 [grpc-default-executor-1] INFO  impl.RoleInfo (RoleInfo.java:updateAndGet(143)) - bdc82da4-7981-40ca-bca7-6643a3478f33: start FollowerState
2019-10-07 12:25:59,781 [Thread-320] INFO  impl.FollowerState (FollowerState.java:run(117)) - 5ee5fc6f-fdaa-4b19-9e07-086f7bbe3426@group-9AEDFBD0BB30-FollowerState was interrupted: java.lang.InterruptedException: sleep interrupted
2019-10-07 12:25:59,802 [20fd5385-81a2-480d-b174-88f0e4149f34@group-9AEDFBD0BB30-LeaderElection13] INFO  impl.LeaderElection (LeaderElection.java:logAndReturn(56)) - 20fd5385-81a2-480d-b174-88f0e4149f34@group-9AEDFBD0BB30-LeaderElection13: Election PASSED; received 1 response(s) [20fd5385-81a2-480d-b174-88f0e4149f34<-5ee5fc6f-fdaa-4b19-9e07-086f7bbe3426#0:OK-t2] and 0 exception(s); 20fd5385-81a2-480d-b174-88f0e4149f34@group-9AEDFBD0BB30:t2, leader=null, voted=20fd5385-81a2-480d-b174-88f0e4149f34, raftlog=20fd5385-81a2-480d-b174-88f0e4149f34@group-9AEDFBD0BB30-SegmentedRaftLog:OPENED:c-1,f-1,i0, conf=-1: [5ee5fc6f-fdaa-4b19-9e07-086f7bbe3426:192.168.151.100:44182, bdc82da4-7981-40ca-bca7-6643a3478f33:192.168.151.100:46068, 20fd5385-81a2-480d-b174-88f0e4149f34:192.168.151.100:44266], old=null
2019-10-07 12:25:59,803 [20fd5385-81a2-480d-b174-88f0e4149f34@group-9AEDFBD0BB30-LeaderElection13] INFO  impl.RoleInfo (RoleInfo.java:shutdownLeaderElection(134)) - 20fd5385-81a2-480d-b174-88f0e4149f34: shutdown LeaderElection
2019-10-07 12:25:59,807 [20fd5385-81a2-480d-b174-88f0e4149f34@group-9AEDFBD0BB30-LeaderElection13] INFO  impl.RaftServerImpl (RaftServerImpl.java:setRole(170)) - 20fd5385-81a2-480d-b174-88f0e4149f34@group-9AEDFBD0BB30: changes role from CANDIDATE to LEADER at term 2 for changeToLeader
2019-10-07 12:25:59,807 [20fd5385-81a2-480d-b174-88f0e4149f34@group-9AEDFBD0BB30-LeaderElection13] INFO  impl.RaftServerImpl (ServerState.java:setLeader(255)) - 20fd5385-81a2-480d-b174-88f0e4149f34@group-9AEDFBD0BB30: change Leader from null to 20fd5385-81a2-480d-b174-88f0e4149f34 at term 2 for becomeLeader, leader elected after 10398ms
2019-10-07 12:25:59,807 [20fd5385-81a2-480d-b174-88f0e4149f34@group-9AEDFBD0BB30-LeaderElection13] INFO  server.RaftServerConfigKeys (ConfUtils.java:logGet(43)) - raft.server.staging.catchup.gap = 1000 (default)
2019-10-07 12:25:59,807 [20fd5385-81a2-480d-b174-88f0e4149f34@group-9AEDFBD0BB30-LeaderElection13] INFO  server.RaftServerConfigKeys (ConfUtils.java:logGet(43)) - raft.server.rpc.sleep.time = 25ms (default)
2019-10-07 12:25:59,808 [20fd5385-81a2-480d-b174-88f0e4149f34@group-9AEDFBD0BB30-LeaderElection13] INFO  server.RaftServerConfigKeys (ConfUtils.java:logGet(43)) - raft.server.write.element-limit = 4096 (default)
2019-10-07 12:25:59,808 [20fd5385-81a2-480d-b174-88f0e4149f34@group-9AEDFBD0BB30-LeaderElection13] INFO  server.RaftServerConfigKeys (ConfUtils.java:logGet(43)) - raft.server.watch.timeout = 10s (default)
2019-10-07 12:25:59,808 [20fd5385-81a2-480d-b174-88f0e4149f34@group-9AEDFBD0BB30-LeaderElection13] INFO  server.RaftServerConfigKeys (ConfUtils.java:logGet(43)) - raft.server.watch.timeout.denomination = 1s (default)
2019-10-07 12:25:59,808 [20fd5385-81a2-480d-b174-88f0e4149f34@group-9AEDFBD0BB30-LeaderElection13] INFO  server.RaftServerConfigKeys (ConfUtils.java:logGet(43)) - raft.server.watch.element-limit = 65536 (default)
2019-10-07 12:25:59,812 [20fd5385-81a2-480d-b174-88f0e4149f34@group-9AEDFBD0BB30-LeaderElection13] INFO  server.RaftServerConfigKeys (ConfUtils.java:logGet(43)) - raft.server.log.appender.snapshot.chunk.size.max = 16MB (=16777216) (default)
2019-10-07 12:25:59,812 [20fd5385-81a2-480d-b174-88f0e4149f34@group-9AEDFBD0BB30-LeaderElection13] INFO  server.RaftServerConfigKeys (ConfUtils.java:logGet(43)) - raft.server.log.appender.buffer.byte-limit = 33554432 (custom)
2019-10-07 12:25:59,812 [20fd5385-81a2-480d-b174-88f0e4149f34@group-9AEDFBD0BB30-LeaderElection13] INFO  server.RaftServerConfigKeys (ConfUtils.java:logGet(43)) - raft.server.log.appender.buffer.element-limit = 1 (custom)
2019-10-07 12:25:59,812 [20fd5385-81a2-480d-b174-88f0e4149f34@group-9AEDFBD0BB30-LeaderElection13] INFO  grpc.GrpcConfigKeys$Server (ConfUtils.java:logGet(43)) - raft.grpc.server.leader.outstanding.appends.max = 128 (default)
2019-10-07 12:25:59,815 [20fd5385-81a2-480d-b174-88f0e4149f34@group-9AEDFBD0BB30-LeaderElection13] INFO  server.RaftServerConfigKeys (ConfUtils.java:logGet(43)) - raft.server.rpc.request.timeout = 3000ms (default)
2019-10-07 12:25:59,815 [20fd5385-81a2-480d-b174-88f0e4149f34@group-9AEDFBD0BB30-LeaderElection13] INFO  server.RaftServerConfigKeys (ConfUtils.java:logGet(43)) - raft.server.log.appender.install.snapshot.enabled = false (custom)
2019-10-07 12:25:59,815 [20fd5385-81a2-480d-b174-88f0e4149f34@group-9AEDFBD0BB30-LeaderElection13] INFO  server.RaftServerConfigKeys (ConfUtils.java:logGet(43)) - raft.server.log.appender.snapshot.chunk.size.max = 16MB (=16777216) (default)
2019-10-07 12:25:59,815 [20fd5385-81a2-480d-b174-88f0e4149f34@group-9AEDFBD0BB30-LeaderElection13] INFO  server.RaftServerConfigKeys (ConfUtils.java:logGet(43)) - raft.server.log.appender.buffer.byte-limit = 33554432 (custom)
2019-10-07 12:25:59,816 [20fd5385-81a2-480d-b174-88f0e4149f34@group-9AEDFBD0BB30-LeaderElection13] INFO  server.RaftServerConfigKeys (ConfUtils.java:logGet(43)) - raft.server.log.appender.buffer.element-limit = 1 (custom)
2019-10-07 12:25:59,816 [20fd5385-81a2-480d-b174-88f0e4149f34@group-9AEDFBD0BB30-LeaderElection13] INFO  grpc.GrpcConfigKeys$Server (ConfUtils.java:logGet(43)) - raft.grpc.server.leader.outstanding.appends.max = 128 (default)
2019-10-07 12:25:59,816 [20fd5385-81a2-480d-b174-88f0e4149f34@group-9AEDFBD0BB30-LeaderElection13] INFO  server.RaftServerConfigKeys (ConfUtils.java:logGet(43)) - raft.server.rpc.request.timeout = 3000ms (default)
2019-10-07 12:25:59,816 [20fd5385-81a2-480d-b174-88f0e4149f34@group-9AEDFBD0BB30-LeaderElection13] INFO  server.RaftServerConfigKeys (ConfUtils.java:logGet(43)) - raft.server.log.appender.install.snapshot.enabled = false (custom)
2019-10-07 12:25:59,816 [20fd5385-81a2-480d-b174-88f0e4149f34@group-9AEDFBD0BB30-LeaderElection13] INFO  impl.RoleInfo (RoleInfo.java:updateAndGet(143)) - 20fd5385-81a2-480d-b174-88f0e4149f34: start LeaderState
2019-10-07 12:25:59,817 [20fd5385-81a2-480d-b174-88f0e4149f34@group-9AEDFBD0BB30-LeaderElection13] INFO  segmented.SegmentedRaftLogWorker (SegmentedRaftLogWorker.java:startLogSegment(385)) - 20fd5385-81a2-480d-b174-88f0e4149f34@group-9AEDFBD0BB30-SegmentedRaftLogWorker: Starting segment from index:0
2019-10-07 12:25:59,818 [20fd5385-81a2-480d-b174-88f0e4149f34@group-9AEDFBD0BB30-LeaderElection13] INFO  impl.RaftServerImpl (ServerState.java:setRaftConf(356)) - 20fd5385-81a2-480d-b174-88f0e4149f34@group-9AEDFBD0BB30: set configuration 0: [5ee5fc6f-fdaa-4b19-9e07-086f7bbe3426:192.168.151.100:44182, bdc82da4-7981-40ca-bca7-6643a3478f33:192.168.151.100:46068, 20fd5385-81a2-480d-b174-88f0e4149f34:192.168.151.100:44266], old=null at 0
2019-10-07 12:25:59,853 [grpc-default-executor-0] INFO  impl.RaftServerImpl (ServerState.java:setLeader(255)) - 5ee5fc6f-fdaa-4b19-9e07-086f7bbe3426@group-9AEDFBD0BB30: change Leader from null to 20fd5385-81a2-480d-b174-88f0e4149f34 at term 2 for appendEntries, leader elected after 10444ms
2019-10-07 12:25:59,855 [grpc-default-executor-1] INFO  impl.RaftServerImpl (ServerState.java:setLeader(255)) - bdc82da4-7981-40ca-bca7-6643a3478f33@group-9AEDFBD0BB30: change Leader from null to 20fd5385-81a2-480d-b174-88f0e4149f34 at term 2 for appendEntries, leader elected after 10446ms
2019-10-07 12:25:59,858 [grpc-default-executor-1] INFO  impl.RaftServerImpl (ServerState.java:setRaftConf(356)) - 5ee5fc6f-fdaa-4b19-9e07-086f7bbe3426@group-9AEDFBD0BB30: set configuration 0: [5ee5fc6f-fdaa-4b19-9e07-086f7bbe3426:192.168.151.100:44182, bdc82da4-7981-40ca-bca7-6643a3478f33:192.168.151.100:46068, 20fd5385-81a2-480d-b174-88f0e4149f34:192.168.151.100:44266], old=null at 0
2019-10-07 12:25:59,859 [grpc-default-executor-1] INFO  segmented.SegmentedRaftLogWorker (SegmentedRaftLogWorker.java:startLogSegment(385)) - 5ee5fc6f-fdaa-4b19-9e07-086f7bbe3426@group-9AEDFBD0BB30-SegmentedRaftLogWorker: Starting segment from index:0
2019-10-07 12:25:59,859 [grpc-default-executor-0] INFO  impl.RaftServerImpl (ServerState.java:setRaftConf(356)) - bdc82da4-7981-40ca-bca7-6643a3478f33@group-9AEDFBD0BB30: set configuration 0: [5ee5fc6f-fdaa-4b19-9e07-086f7bbe3426:192.168.151.100:44182, bdc82da4-7981-40ca-bca7-6643a3478f33:192.168.151.100:46068, 20fd5385-81a2-480d-b174-88f0e4149f34:192.168.151.100:44266], old=null at 0
2019-10-07 12:25:59,859 [grpc-default-executor-0] INFO  segmented.SegmentedRaftLogWorker (SegmentedRaftLogWorker.java:startLogSegment(385)) - bdc82da4-7981-40ca-bca7-6643a3478f33@group-9AEDFBD0BB30-SegmentedRaftLogWorker: Starting segment from index:0
2019-10-07 12:25:59,863 [20fd5385-81a2-480d-b174-88f0e4149f34@group-9AEDFBD0BB30-SegmentedRaftLogWorker] INFO  segmented.SegmentedRaftLogWorker (SegmentedRaftLogWorker.java:execute(574)) - 20fd5385-81a2-480d-b174-88f0e4149f34@group-9AEDFBD0BB30-SegmentedRaftLogWorker: created new log segment /workdir/hadoop-ozone/integration-test/target/test-dir/MiniOzoneClusterImpl-5b1ddd53-7c01-4eef-9c8a-394c48c68778/datanode-4/data/ratis/403733ef-ce95-48a9-b304-9aedfbd0bb30/current/log_inprogress_0
2019-10-07 12:25:59,906 [5ee5fc6f-fdaa-4b19-9e07-086f7bbe3426@group-9AEDFBD0BB30-SegmentedRaftLogWorker] INFO  segmented.SegmentedRaftLogWorker (SegmentedRaftLogWorker.java:execute(574)) - 5ee5fc6f-fdaa-4b19-9e07-086f7bbe3426@group-9AEDFBD0BB30-SegmentedRaftLogWorker: created new log segment /workdir/hadoop-ozone/integration-test/target/test-dir/MiniOzoneClusterImpl-5b1ddd53-7c01-4eef-9c8a-394c48c68778/datanode-0/data/ratis/403733ef-ce95-48a9-b304-9aedfbd0bb30/current/log_inprogress_0
2019-10-07 12:25:59,906 [bdc82da4-7981-40ca-bca7-6643a3478f33@group-9AEDFBD0BB30-SegmentedRaftLogWorker] INFO  segmented.SegmentedRaftLogWorker (SegmentedRaftLogWorker.java:execute(574)) - bdc82da4-7981-40ca-bca7-6643a3478f33@group-9AEDFBD0BB30-SegmentedRaftLogWorker: created new log segment /workdir/hadoop-ozone/integration-test/target/test-dir/MiniOzoneClusterImpl-5b1ddd53-7c01-4eef-9c8a-394c48c68778/datanode-2/data/ratis/403733ef-ce95-48a9-b304-9aedfbd0bb30/current/log_inprogress_0
2019-10-07 12:26:01,225 [Datanode State Machine Thread - 0] INFO  statemachine.DatanodeStateMachine (DatanodeStateMachine.java:lambda$startDaemon$0(350)) - Ozone container server started.
2019-10-07 12:26:05,274 [main] INFO  ozoneimpl.OzoneContainer (OzoneContainer.java:stop(231)) - Attempting to stop container services.
2019-10-07 12:26:05,275 [main] INFO  impl.RaftServerProxy (RaftServerProxy.java:lambda$close$4(314)) - 20fd5385-81a2-480d-b174-88f0e4149f34: close
2019-10-07 12:26:05,278 [main] INFO  impl.RaftServerImpl (RaftServerImpl.java:lambda$shutdown$3(247)) - 20fd5385-81a2-480d-b174-88f0e4149f34@group-528479B327F5: shutdown
2019-10-07 12:26:05,278 [ForkJoinPool.commonPool-worker-0] INFO  impl.RaftServerImpl (RaftServerImpl.java:lambda$shutdown$3(247)) - 20fd5385-81a2-480d-b174-88f0e4149f34@group-9AEDFBD0BB30: shutdown
2019-10-07 12:26:05,278 [main] INFO  util.JmxRegister (JmxRegister.java:unregister(73)) - Successfully un-registered JMX Bean with object name Ratis:service=RaftServer,group=group-528479B327F5,id=20fd5385-81a2-480d-b174-88f0e4149f34
2019-10-07 12:26:05,278 [ForkJoinPool.commonPool-worker-0] INFO  util.JmxRegister (JmxRegister.java:unregister(73)) - Successfully un-registered JMX Bean with object name Ratis:service=RaftServer,group=group-9AEDFBD0BB30,id=20fd5385-81a2-480d-b174-88f0e4149f34
2019-10-07 12:26:05,279 [main] INFO  impl.RoleInfo (RoleInfo.java:shutdownLeaderState(104)) - 20fd5385-81a2-480d-b174-88f0e4149f34: shutdown LeaderState
2019-10-07 12:26:05,279 [ForkJoinPool.commonPool-worker-0] INFO  impl.RoleInfo (RoleInfo.java:shutdownLeaderState(104)) - 20fd5385-81a2-480d-b174-88f0e4149f34: shutdown LeaderState
2019-10-07 12:26:05,279 [main] INFO  impl.PendingRequests (PendingRequests.java:sendNotLeaderResponses(202)) - 20fd5385-81a2-480d-b174-88f0e4149f34@group-528479B327F5-PendingRequests: sendNotLeaderResponses
2019-10-07 12:26:05,288 [org.apache.ratis.server.impl.LogAppender$AppenderDaemon$$Lambda$479/2013754428@2b47e096] WARN  server.GrpcLogAppender (GrpcLogAppender.java:mayWait(143)) - 20fd5385-81a2-480d-b174-88f0e4149f34@group-9AEDFBD0BB30->bdc82da4-7981-40ca-bca7-6643a3478f33-GrpcLogAppender: Wait interrupted by java.lang.InterruptedException
2019-10-07 12:26:05,285 [ForkJoinPool.commonPool-worker-0] INFO  impl.PendingRequests (PendingRequests.java:sendNotLeaderResponses(202)) - 20fd5385-81a2-480d-b174-88f0e4149f34@group-9AEDFBD0BB30-PendingRequests: sendNotLeaderResponses
2019-10-07 12:26:05,288 [org.apache.ratis.server.impl.LogAppender$AppenderDaemon$$Lambda$479/2013754428@7d66f78] WARN  server.GrpcLogAppender (GrpcLogAppender.java:mayWait(143)) - 20fd5385-81a2-480d-b174-88f0e4149f34@group-9AEDFBD0BB30->5ee5fc6f-fdaa-4b19-9e07-086f7bbe3426-GrpcLogAppender: Wait interrupted by java.lang.InterruptedException
2019-10-07 12:26:05,300 [main] INFO  impl.StateMachineUpdater (StateMachineUpdater.java:stopAndJoin(136)) - 20fd5385-81a2-480d-b174-88f0e4149f34@group-528479B327F5-StateMachineUpdater: set stopIndex = 0
2019-10-07 12:26:05,301 [ForkJoinPool.commonPool-worker-0] INFO  impl.StateMachineUpdater (StateMachineUpdater.java:stopAndJoin(136)) - 20fd5385-81a2-480d-b174-88f0e4149f34@group-9AEDFBD0BB30-StateMachineUpdater: set stopIndex = 2
2019-10-07 12:26:05,303 [20fd5385-81a2-480d-b174-88f0e4149f34@group-9AEDFBD0BB30-StateMachineUpdater] INFO  ratis.ContainerStateMachine (ContainerStateMachine.java:takeSnapshot(294)) - group-9AEDFBD0BB30: Taking a snapshot at:(t:2, i:2) file /workdir/hadoop-ozone/integration-test/target/test-dir/MiniOzoneClusterImpl-5b1ddd53-7c01-4eef-9c8a-394c48c68778/datanode-4/data/ratis/403733ef-ce95-48a9-b304-9aedfbd0bb30/sm/snapshot.2_2
2019-10-07 12:26:05,303 [main] INFO  impl.RaftServerImpl (ServerState.java:close(387)) - 20fd5385-81a2-480d-b174-88f0e4149f34@group-528479B327F5: closes. applyIndex: 0
2019-10-07 12:26:05,310 [grpc-default-executor-0] INFO  server.GrpcServerProtocolService (GrpcServerProtocolService.java:onCompleted(113)) - bdc82da4-7981-40ca-bca7-6643a3478f33: Completed APPEND_ENTRIES, lastRequest: 20fd5385-81a2-480d-b174-88f0e4149f34->bdc82da4-7981-40ca-bca7-6643a3478f33#5-t2, previous=(t:2, i:2), leaderCommit=2, initializing? false, entries: <empty>
2019-10-07 12:26:05,310 [grpc-default-executor-1] INFO  server.GrpcServerProtocolService (GrpcServerProtocolService.java:onCompleted(113)) - 5ee5fc6f-fdaa-4b19-9e07-086f7bbe3426: Completed APPEND_ENTRIES, lastRequest: 20fd5385-81a2-480d-b174-88f0e4149f34->5ee5fc6f-fdaa-4b19-9e07-086f7bbe3426#5-t2, previous=(t:2, i:2), leaderCommit=2, initializing? false, entries: <empty>
2019-10-07 12:26:05,313 [20fd5385-81a2-480d-b174-88f0e4149f34@group-528479B327F5-SegmentedRaftLogWorker] INFO  segmented.SegmentedRaftLogWorker (SegmentedRaftLogWorker.java:run(316)) - 20fd5385-81a2-480d-b174-88f0e4149f34@group-528479B327F5-SegmentedRaftLogWorker was interrupted, exiting. There are 0 tasks remaining in the queue.
2019-10-07 12:26:05,316 [grpc-default-executor-0] INFO  server.GrpcLogAppender (GrpcLogAppender.java:onCompleted(293)) - 20fd5385-81a2-480d-b174-88f0e4149f34@group-9AEDFBD0BB30->bdc82da4-7981-40ca-bca7-6643a3478f33-AppendLogResponseHandler: follower responses appendEntries COMPLETED
2019-10-07 12:26:05,316 [main] INFO  segmented.SegmentedRaftLogWorker (SegmentedRaftLogWorker.java:close(224)) - 20fd5385-81a2-480d-b174-88f0e4149f34@group-528479B327F5-SegmentedRaftLogWorker close()
2019-10-07 12:26:05,319 [grpc-default-executor-1] INFO  server.GrpcLogAppender (GrpcLogAppender.java:onCompleted(293)) - 20fd5385-81a2-480d-b174-88f0e4149f34@group-9AEDFBD0BB30->5ee5fc6f-fdaa-4b19-9e07-086f7bbe3426-AppendLogResponseHandler: follower responses appendEntries COMPLETED
2019-10-07 12:26:05,326 [grpc-default-executor-0] INFO  impl.FollowerInfo (FollowerInfo.java:lambda$new$0(51)) - 20fd5385-81a2-480d-b174-88f0e4149f34@group-9AEDFBD0BB30->bdc82da4-7981-40ca-bca7-6643a3478f33: nextIndex: updateUnconditionally 3 -> 2
2019-10-07 12:26:05,326 [grpc-default-executor-1] INFO  impl.FollowerInfo (FollowerInfo.java:lambda$new$0(51)) - 20fd5385-81a2-480d-b174-88f0e4149f34@group-9AEDFBD0BB30->5ee5fc6f-fdaa-4b19-9e07-086f7bbe3426: nextIndex: updateUnconditionally 3 -> 2
2019-10-07 12:26:05,416 [20fd5385-81a2-480d-b174-88f0e4149f34@group-9AEDFBD0BB30-StateMachineUpdater] INFO  ratis.ContainerStateMachine (ContainerStateMachine.java:takeSnapshot(305)) - group-9AEDFBD0BB30: Finished taking a snapshot at:(t:2, i:2) file:/workdir/hadoop-ozone/integration-test/target/test-dir/MiniOzoneClusterImpl-5b1ddd53-7c01-4eef-9c8a-394c48c68778/datanode-4/data/ratis/403733ef-ce95-48a9-b304-9aedfbd0bb30/sm/snapshot.2_2 time:112
2019-10-07 12:26:05,417 [20fd5385-81a2-480d-b174-88f0e4149f34@group-9AEDFBD0BB30-StateMachineUpdater] INFO  impl.StateMachineUpdater (StateMachineUpdater.java:takeSnapshot(269)) - 20fd5385-81a2-480d-b174-88f0e4149f34@group-9AEDFBD0BB30-StateMachineUpdater: Took a snapshot at index 2
2019-10-07 12:26:05,417 [20fd5385-81a2-480d-b174-88f0e4149f34@group-9AEDFBD0BB30-StateMachineUpdater] INFO  impl.StateMachineUpdater (StateMachineUpdater.java:lambda$new$0(84)) - 20fd5385-81a2-480d-b174-88f0e4149f34@group-9AEDFBD0BB30-StateMachineUpdater: snapshotIndex: updateIncreasingly -1 -> 2
2019-10-07 12:26:05,425 [ForkJoinPool.commonPool-worker-0] INFO  impl.RaftServerImpl (ServerState.java:close(387)) - 20fd5385-81a2-480d-b174-88f0e4149f34@group-9AEDFBD0BB30: closes. applyIndex: 2
2019-10-07 12:26:05,426 [20fd5385-81a2-480d-b174-88f0e4149f34@group-9AEDFBD0BB30-SegmentedRaftLogWorker] INFO  segmented.SegmentedRaftLogWorker (SegmentedRaftLogWorker.java:run(316)) - 20fd5385-81a2-480d-b174-88f0e4149f34@group-9AEDFBD0BB30-SegmentedRaftLogWorker was interrupted, exiting. There are 0 tasks remaining in the queue.
2019-10-07 12:26:05,428 [ForkJoinPool.commonPool-worker-0] INFO  segmented.SegmentedRaftLogWorker (SegmentedRaftLogWorker.java:close(224)) - 20fd5385-81a2-480d-b174-88f0e4149f34@group-9AEDFBD0BB30-SegmentedRaftLogWorker close()
2019-10-07 12:26:05,431 [main] INFO  server.GrpcService (GrpcService.java:closeImpl(164)) - 20fd5385-81a2-480d-b174-88f0e4149f34: shutdown server with port 44266 now
2019-10-07 12:26:05,435 [main] INFO  server.GrpcService (GrpcService.java:closeImpl(172)) - 20fd5385-81a2-480d-b174-88f0e4149f34: shutdown server with port 44266 successfully
2019-10-07 12:26:05,438 [refreshUsed-/workdir/hadoop-ozone/integration-test/target/test-dir/MiniOzoneClusterImpl-5b1ddd53-7c01-4eef-9c8a-394c48c68778/datanode-4/data/containers] WARN  fs.CachingGetSpaceUsed (CachingGetSpaceUsed.java:run(183)) - Thread Interrupted waiting to refresh disk information: sleep interrupted
2019-10-07 12:26:05,455 [main] INFO  utils.BackgroundService (BackgroundService.java:shutdown(148)) - Shutting down service BlockDeletingService
2019-10-07 12:26:05,460 [main] INFO  statemachine.DatanodeStateMachine (DatanodeStateMachine.java:stopDaemon(395)) - Ozone container server stopped.
2019-10-07 12:26:05,465 [main] INFO  handler.ContextHandler (ContextHandler.java:doStop(910)) - Stopped o.e.j.w.WebAppContext@6f911326{/,null,UNAVAILABLE}{/hddsDatanode}
2019-10-07 12:26:05,470 [main] INFO  server.AbstractConnector (AbstractConnector.java:doStop(318)) - Stopped ServerConnector@f1d0004{HTTP/1.1,[http/1.1]}{0.0.0.0:0}
2019-10-07 12:26:05,470 [main] INFO  handler.ContextHandler (ContextHandler.java:doStop(910)) - Stopped o.e.j.s.ServletContextHandler@618ff5c2{/static,jar:file:/home/user/.m2/repository/org/apache/hadoop/hadoop-hdds-container-service/0.5.0-SNAPSHOT/hadoop-hdds-container-service-0.5.0-SNAPSHOT.jar!/webapps/static,UNAVAILABLE}
2019-10-07 12:26:05,471 [main] INFO  handler.ContextHandler (ContextHandler.java:doStop(910)) - Stopped o.e.j.s.ServletContextHandler@75d982d3{/logs,file:///workdir/hadoop-ozone/integration-test/target/log,UNAVAILABLE}
2019-10-07 12:26:15,088 [Thread-352] INFO  impl.FollowerState (FollowerState.java:run(108)) - bdc82da4-7981-40ca-bca7-6643a3478f33@group-9AEDFBD0BB30-FollowerState: change to CANDIDATE, lastRpcTime:10000ms, electionTimeout:5165ms
2019-10-07 12:26:15,088 [Thread-352] INFO  impl.RoleInfo (RoleInfo.java:shutdownFollowerState(121)) - bdc82da4-7981-40ca-bca7-6643a3478f33: shutdown FollowerState
2019-10-07 12:26:15,088 [Thread-352] INFO  impl.RaftServerImpl (RaftServerImpl.java:setRole(170)) - bdc82da4-7981-40ca-bca7-6643a3478f33@group-9AEDFBD0BB30: changes role from  FOLLOWER to CANDIDATE at term 2 for changeToCandidate
2019-10-07 12:26:15,089 [Thread-352] INFO  impl.RoleInfo (RoleInfo.java:updateAndGet(143)) - bdc82da4-7981-40ca-bca7-6643a3478f33: start LeaderElection
2019-10-07 12:26:15,092 [bdc82da4-7981-40ca-bca7-6643a3478f33@group-9AEDFBD0BB30-LeaderElection14] INFO  impl.RaftServerImpl (ServerState.java:setLeader(255)) - bdc82da4-7981-40ca-bca7-6643a3478f33@group-9AEDFBD0BB30: change Leader from 20fd5385-81a2-480d-b174-88f0e4149f34 to null at term 2 for initElection
2019-10-07 12:26:15,108 [bdc82da4-7981-40ca-bca7-6643a3478f33@group-9AEDFBD0BB30-LeaderElection14] INFO  impl.LeaderElection (LeaderElection.java:askForVotes(178)) - bdc82da4-7981-40ca-bca7-6643a3478f33@group-9AEDFBD0BB30-LeaderElection14: begin an election at term 3 for 0: [5ee5fc6f-fdaa-4b19-9e07-086f7bbe3426:192.168.151.100:44182, bdc82da4-7981-40ca-bca7-6643a3478f33:192.168.151.100:46068, 20fd5385-81a2-480d-b174-88f0e4149f34:192.168.151.100:44266], old=null
2019-10-07 12:26:15,111 [grpc-default-executor-0] INFO  impl.RaftServerImpl (ServerState.java:setLeader(255)) - 5ee5fc6f-fdaa-4b19-9e07-086f7bbe3426@group-9AEDFBD0BB30: change Leader from 20fd5385-81a2-480d-b174-88f0e4149f34 to null at term 3 for updateCurrentTerm
2019-10-07 12:26:15,112 [grpc-default-executor-0] INFO  impl.RaftServerImpl (RaftServerImpl.java:setRole(170)) - 5ee5fc6f-fdaa-4b19-9e07-086f7bbe3426@group-9AEDFBD0BB30: changes role from  FOLLOWER to FOLLOWER at term 3 for recognizeCandidate:bdc82da4-7981-40ca-bca7-6643a3478f33
2019-10-07 12:26:15,112 [grpc-default-executor-0] INFO  impl.RoleInfo (RoleInfo.java:shutdownFollowerState(121)) - 5ee5fc6f-fdaa-4b19-9e07-086f7bbe3426: shutdown FollowerState
2019-10-07 12:26:15,112 [grpc-default-executor-0] INFO  impl.RoleInfo (RoleInfo.java:updateAndGet(143)) - 5ee5fc6f-fdaa-4b19-9e07-086f7bbe3426: start FollowerState
2019-10-07 12:26:15,112 [Thread-351] INFO  impl.FollowerState (FollowerState.java:run(117)) - 5ee5fc6f-fdaa-4b19-9e07-086f7bbe3426@group-9AEDFBD0BB30-FollowerState was interrupted: java.lang.InterruptedException: sleep interrupted
2019-10-07 12:26:15,117 [bdc82da4-7981-40ca-bca7-6643a3478f33@group-9AEDFBD0BB30-LeaderElection14] INFO  impl.LeaderElection (LogUtils.java:infoOrTrace(149)) - bdc82da4-7981-40ca-bca7-6643a3478f33@group-9AEDFBD0BB30-LeaderElection14 got exception when requesting votes: {}
java.util.concurrent.ExecutionException: org.apache.ratis.thirdparty.io.grpc.StatusRuntimeException: UNAVAILABLE: io exception
	at java.util.concurrent.FutureTask.report(FutureTask.java:122)
	at java.util.concurrent.FutureTask.get(FutureTask.java:192)
	at org.apache.ratis.server.impl.LeaderElection.waitForResults(LeaderElection.java:259)
	at org.apache.ratis.server.impl.LeaderElection.askForVotes(LeaderElection.java:197)
	at org.apache.ratis.server.impl.LeaderElection.run(LeaderElection.java:133)
	at java.lang.Thread.run(Thread.java:748)
Caused by: org.apache.ratis.thirdparty.io.grpc.StatusRuntimeException: UNAVAILABLE: io exception
	at org.apache.ratis.thirdparty.io.grpc.stub.ClientCalls.toStatusRuntimeException(ClientCalls.java:233)
	at org.apache.ratis.thirdparty.io.grpc.stub.ClientCalls.getUnchecked(ClientCalls.java:214)
	at org.apache.ratis.thirdparty.io.grpc.stub.ClientCalls.blockingUnaryCall(ClientCalls.java:139)
	at org.apache.ratis.proto.grpc.RaftServerProtocolServiceGrpc$RaftServerProtocolServiceBlockingStub.requestVote(RaftServerProtocolServiceGrpc.java:265)
	at org.apache.ratis.grpc.server.GrpcServerProtocolClient.requestVote(GrpcServerProtocolClient.java:99)
	at org.apache.ratis.grpc.server.GrpcService.requestVote(GrpcService.java:204)
	at org.apache.ratis.server.impl.LeaderElection.lambda$submitRequests$1(LeaderElection.java:234)
	at java.util.concurrent.FutureTask.run(FutureTask.java:266)
	at java.util.concurrent.Executors$RunnableAdapter.call(Executors.java:511)
	at java.util.concurrent.FutureTask.run(FutureTask.java:266)
	at java.util.concurrent.ThreadPoolExecutor.runWorker(ThreadPoolExecutor.java:1149)
	at java.util.concurrent.ThreadPoolExecutor$Worker.run(ThreadPoolExecutor.java:624)
	... 1 more
Caused by: org.apache.ratis.thirdparty.io.netty.channel.AbstractChannel$AnnotatedConnectException: Connection refused: /192.168.151.100:44266
	at sun.nio.ch.SocketChannelImpl.checkConnect(Native Method)
	at sun.nio.ch.SocketChannelImpl.finishConnect(SocketChannelImpl.java:717)
	at org.apache.ratis.thirdparty.io.netty.channel.socket.nio.NioSocketChannel.doFinishConnect(NioSocketChannel.java:327)
	at org.apache.ratis.thirdparty.io.netty.channel.nio.AbstractNioChannel$AbstractNioUnsafe.finishConnect(AbstractNioChannel.java:340)
	at org.apache.ratis.thirdparty.io.netty.channel.nio.NioEventLoop.processSelectedKey(NioEventLoop.java:632)
	at org.apache.ratis.thirdparty.io.netty.channel.nio.NioEventLoop.processSelectedKeysOptimized(NioEventLoop.java:579)
	at org.apache.ratis.thirdparty.io.netty.channel.nio.NioEventLoop.processSelectedKeys(NioEventLoop.java:496)
	at org.apache.ratis.thirdparty.io.netty.channel.nio.NioEventLoop.run(NioEventLoop.java:458)
	at org.apache.ratis.thirdparty.io.netty.util.concurrent.SingleThreadEventExecutor$5.run(SingleThreadEventExecutor.java:897)
	at org.apache.ratis.thirdparty.io.netty.util.concurrent.FastThreadLocalRunnable.run(FastThreadLocalRunnable.java:30)
	... 1 more
Caused by: java.net.ConnectException: Connection refused
	... 11 more
2019-10-07 12:26:15,130 [bdc82da4-7981-40ca-bca7-6643a3478f33@group-9AEDFBD0BB30-LeaderElection14] INFO  impl.LeaderElection (LeaderElection.java:logAndReturn(56)) - bdc82da4-7981-40ca-bca7-6643a3478f33@group-9AEDFBD0BB30-LeaderElection14: Election PASSED; received 1 response(s) [bdc82da4-7981-40ca-bca7-6643a3478f33<-5ee5fc6f-fdaa-4b19-9e07-086f7bbe3426#0:OK-t3] and 1 exception(s); bdc82da4-7981-40ca-bca7-6643a3478f33@group-9AEDFBD0BB30:t3, leader=null, voted=bdc82da4-7981-40ca-bca7-6643a3478f33, raftlog=bdc82da4-7981-40ca-bca7-6643a3478f33@group-9AEDFBD0BB30-SegmentedRaftLog:OPENED:c2,f2,i2, conf=0: [5ee5fc6f-fdaa-4b19-9e07-086f7bbe3426:192.168.151.100:44182, bdc82da4-7981-40ca-bca7-6643a3478f33:192.168.151.100:46068, 20fd5385-81a2-480d-b174-88f0e4149f34:192.168.151.100:44266], old=null
2019-10-07 12:26:15,130 [bdc82da4-7981-40ca-bca7-6643a3478f33@group-9AEDFBD0BB30-LeaderElection14] INFO  impl.LeaderElection (LogUtils.java:infoOrTrace(149)) -   Exception 0: {}
java.util.concurrent.ExecutionException: org.apache.ratis.thirdparty.io.grpc.StatusRuntimeException: UNAVAILABLE: io exception
	at java.util.concurrent.FutureTask.report(FutureTask.java:122)
	at java.util.concurrent.FutureTask.get(FutureTask.java:192)
	at org.apache.ratis.server.impl.LeaderElection.waitForResults(LeaderElection.java:259)
	at org.apache.ratis.server.impl.LeaderElection.askForVotes(LeaderElection.java:197)
	at org.apache.ratis.server.impl.LeaderElection.run(LeaderElection.java:133)
	at java.lang.Thread.run(Thread.java:748)
Caused by: org.apache.ratis.thirdparty.io.grpc.StatusRuntimeException: UNAVAILABLE: io exception
	at org.apache.ratis.thirdparty.io.grpc.stub.ClientCalls.toStatusRuntimeException(ClientCalls.java:233)
	at org.apache.ratis.thirdparty.io.grpc.stub.ClientCalls.getUnchecked(ClientCalls.java:214)
	at org.apache.ratis.thirdparty.io.grpc.stub.ClientCalls.blockingUnaryCall(ClientCalls.java:139)
	at org.apache.ratis.proto.grpc.RaftServerProtocolServiceGrpc$RaftServerProtocolServiceBlockingStub.requestVote(RaftServerProtocolServiceGrpc.java:265)
	at org.apache.ratis.grpc.server.GrpcServerProtocolClient.requestVote(GrpcServerProtocolClient.java:99)
	at org.apache.ratis.grpc.server.GrpcService.requestVote(GrpcService.java:204)
	at org.apache.ratis.server.impl.LeaderElection.lambda$submitRequests$1(LeaderElection.java:234)
	at java.util.concurrent.FutureTask.run(FutureTask.java:266)
	at java.util.concurrent.Executors$RunnableAdapter.call(Executors.java:511)
	at java.util.concurrent.FutureTask.run(FutureTask.java:266)
	at java.util.concurrent.ThreadPoolExecutor.runWorker(ThreadPoolExecutor.java:1149)
	at java.util.concurrent.ThreadPoolExecutor$Worker.run(ThreadPoolExecutor.java:624)
	... 1 more
Caused by: org.apache.ratis.thirdparty.io.netty.channel.AbstractChannel$AnnotatedConnectException: Connection refused: /192.168.151.100:44266
	at sun.nio.ch.SocketChannelImpl.checkConnect(Native Method)
	at sun.nio.ch.SocketChannelImpl.finishConnect(SocketChannelImpl.java:717)
	at org.apache.ratis.thirdparty.io.netty.channel.socket.nio.NioSocketChannel.doFinishConnect(NioSocketChannel.java:327)
	at org.apache.ratis.thirdparty.io.netty.channel.nio.AbstractNioChannel$AbstractNioUnsafe.finishConnect(AbstractNioChannel.java:340)
	at org.apache.ratis.thirdparty.io.netty.channel.nio.NioEventLoop.processSelectedKey(NioEventLoop.java:632)
	at org.apache.ratis.thirdparty.io.netty.channel.nio.NioEventLoop.processSelectedKeysOptimized(NioEventLoop.java:579)
	at org.apache.ratis.thirdparty.io.netty.channel.nio.NioEventLoop.processSelectedKeys(NioEventLoop.java:496)
	at org.apache.ratis.thirdparty.io.netty.channel.nio.NioEventLoop.run(NioEventLoop.java:458)
	at org.apache.ratis.thirdparty.io.netty.util.concurrent.SingleThreadEventExecutor$5.run(SingleThreadEventExecutor.java:897)
	at org.apache.ratis.thirdparty.io.netty.util.concurrent.FastThreadLocalRunnable.run(FastThreadLocalRunnable.java:30)
	... 1 more
Caused by: java.net.ConnectException: Connection refused
	... 11 more
2019-10-07 12:26:15,131 [bdc82da4-7981-40ca-bca7-6643a3478f33@group-9AEDFBD0BB30-LeaderElection14] INFO  impl.RoleInfo (RoleInfo.java:shutdownLeaderElection(134)) - bdc82da4-7981-40ca-bca7-6643a3478f33: shutdown LeaderElection
2019-10-07 12:26:15,131 [bdc82da4-7981-40ca-bca7-6643a3478f33@group-9AEDFBD0BB30-LeaderElection14] INFO  impl.RaftServerImpl (RaftServerImpl.java:setRole(170)) - bdc82da4-7981-40ca-bca7-6643a3478f33@group-9AEDFBD0BB30: changes role from CANDIDATE to LEADER at term 3 for changeToLeader
2019-10-07 12:26:15,132 [bdc82da4-7981-40ca-bca7-6643a3478f33@group-9AEDFBD0BB30-LeaderElection14] INFO  impl.RaftServerImpl (ServerState.java:setLeader(255)) - bdc82da4-7981-40ca-bca7-6643a3478f33@group-9AEDFBD0BB30: change Leader from null to bdc82da4-7981-40ca-bca7-6643a3478f33 at term 3 for becomeLeader, leader elected after 39ms
2019-10-07 12:26:15,132 [bdc82da4-7981-40ca-bca7-6643a3478f33@group-9AEDFBD0BB30-LeaderElection14] INFO  server.RaftServerConfigKeys (ConfUtils.java:logGet(43)) - raft.server.staging.catchup.gap = 1000 (default)
2019-10-07 12:26:15,132 [bdc82da4-7981-40ca-bca7-6643a3478f33@group-9AEDFBD0BB30-LeaderElection14] INFO  server.RaftServerConfigKeys (ConfUtils.java:logGet(43)) - raft.server.rpc.sleep.time = 25ms (default)
2019-10-07 12:26:15,132 [bdc82da4-7981-40ca-bca7-6643a3478f33@group-9AEDFBD0BB30-LeaderElection14] INFO  server.RaftServerConfigKeys (ConfUtils.java:logGet(43)) - raft.server.write.element-limit = 4096 (default)
2019-10-07 12:26:15,133 [bdc82da4-7981-40ca-bca7-6643a3478f33@group-9AEDFBD0BB30-LeaderElection14] INFO  server.RaftServerConfigKeys (ConfUtils.java:logGet(43)) - raft.server.watch.timeout = 10s (default)
2019-10-07 12:26:15,133 [bdc82da4-7981-40ca-bca7-6643a3478f33@group-9AEDFBD0BB30-LeaderElection14] INFO  server.RaftServerConfigKeys (ConfUtils.java:logGet(43)) - raft.server.watch.timeout.denomination = 1s (default)
2019-10-07 12:26:15,133 [bdc82da4-7981-40ca-bca7-6643a3478f33@group-9AEDFBD0BB30-LeaderElection14] INFO  server.RaftServerConfigKeys (ConfUtils.java:logGet(43)) - raft.server.watch.element-limit = 65536 (default)
2019-10-07 12:26:15,137 [bdc82da4-7981-40ca-bca7-6643a3478f33@group-9AEDFBD0BB30-LeaderElection14] INFO  server.RaftServerConfigKeys (ConfUtils.java:logGet(43)) - raft.server.log.appender.snapshot.chunk.size.max = 16MB (=16777216) (default)
2019-10-07 12:26:15,137 [bdc82da4-7981-40ca-bca7-6643a3478f33@group-9AEDFBD0BB30-LeaderElection14] INFO  server.RaftServerConfigKeys (ConfUtils.java:logGet(43)) - raft.server.log.appender.buffer.byte-limit = 33554432 (custom)
2019-10-07 12:26:15,137 [bdc82da4-7981-40ca-bca7-6643a3478f33@group-9AEDFBD0BB30-LeaderElection14] INFO  server.RaftServerConfigKeys (ConfUtils.java:logGet(43)) - raft.server.log.appender.buffer.element-limit = 1 (custom)
2019-10-07 12:26:15,138 [bdc82da4-7981-40ca-bca7-6643a3478f33@group-9AEDFBD0BB30-LeaderElection14] INFO  grpc.GrpcConfigKeys$Server (ConfUtils.java:logGet(43)) - raft.grpc.server.leader.outstanding.appends.max = 128 (default)
2019-10-07 12:26:15,138 [bdc82da4-7981-40ca-bca7-6643a3478f33@group-9AEDFBD0BB30-LeaderElection14] INFO  server.RaftServerConfigKeys (ConfUtils.java:logGet(43)) - raft.server.rpc.request.timeout = 3000ms (default)
2019-10-07 12:26:15,138 [bdc82da4-7981-40ca-bca7-6643a3478f33@group-9AEDFBD0BB30-LeaderElection14] INFO  server.RaftServerConfigKeys (ConfUtils.java:logGet(43)) - raft.server.log.appender.install.snapshot.enabled = false (custom)
2019-10-07 12:26:15,139 [bdc82da4-7981-40ca-bca7-6643a3478f33@group-9AEDFBD0BB30-LeaderElection14] INFO  server.RaftServerConfigKeys (ConfUtils.java:logGet(43)) - raft.server.log.appender.snapshot.chunk.size.max = 16MB (=16777216) (default)
2019-10-07 12:26:15,139 [bdc82da4-7981-40ca-bca7-6643a3478f33@group-9AEDFBD0BB30-LeaderElection14] INFO  server.RaftServerConfigKeys (ConfUtils.java:logGet(43)) - raft.server.log.appender.buffer.byte-limit = 33554432 (custom)
2019-10-07 12:26:15,139 [bdc82da4-7981-40ca-bca7-6643a3478f33@group-9AEDFBD0BB30-LeaderElection14] INFO  server.RaftServerConfigKeys (ConfUtils.java:logGet(43)) - raft.server.log.appender.buffer.element-limit = 1 (custom)
2019-10-07 12:26:15,139 [bdc82da4-7981-40ca-bca7-6643a3478f33@group-9AEDFBD0BB30-LeaderElection14] INFO  grpc.GrpcConfigKeys$Server (ConfUtils.java:logGet(43)) - raft.grpc.server.leader.outstanding.appends.max = 128 (default)
2019-10-07 12:26:15,139 [bdc82da4-7981-40ca-bca7-6643a3478f33@group-9AEDFBD0BB30-LeaderElection14] INFO  server.RaftServerConfigKeys (ConfUtils.java:logGet(43)) - raft.server.rpc.request.timeout = 3000ms (default)
2019-10-07 12:26:15,139 [bdc82da4-7981-40ca-bca7-6643a3478f33@group-9AEDFBD0BB30-LeaderElection14] INFO  server.RaftServerConfigKeys (ConfUtils.java:logGet(43)) - raft.server.log.appender.install.snapshot.enabled = false (custom)
2019-10-07 12:26:15,140 [bdc82da4-7981-40ca-bca7-6643a3478f33@group-9AEDFBD0BB30-LeaderElection14] INFO  impl.RoleInfo (RoleInfo.java:updateAndGet(143)) - bdc82da4-7981-40ca-bca7-6643a3478f33: start LeaderState
2019-10-07 12:26:15,140 [bdc82da4-7981-40ca-bca7-6643a3478f33@group-9AEDFBD0BB30-LeaderElection14] INFO  segmented.SegmentedRaftLogWorker (SegmentedRaftLogWorker.java:rollLogSegment(390)) - bdc82da4-7981-40ca-bca7-6643a3478f33@group-9AEDFBD0BB30-SegmentedRaftLogWorker: Rolling segment log-0_2 to index:2
2019-10-07 12:26:15,144 [bdc82da4-7981-40ca-bca7-6643a3478f33@group-9AEDFBD0BB30-SegmentedRaftLogWorker] INFO  segmented.SegmentedRaftLogWorker (SegmentedRaftLogWorker.java:execute(531)) - bdc82da4-7981-40ca-bca7-6643a3478f33@group-9AEDFBD0BB30-SegmentedRaftLogWorker: Rolled log segment from /workdir/hadoop-ozone/integration-test/target/test-dir/MiniOzoneClusterImpl-5b1ddd53-7c01-4eef-9c8a-394c48c68778/datanode-2/data/ratis/403733ef-ce95-48a9-b304-9aedfbd0bb30/current/log_inprogress_0 to /workdir/hadoop-ozone/integration-test/target/test-dir/MiniOzoneClusterImpl-5b1ddd53-7c01-4eef-9c8a-394c48c68778/datanode-2/data/ratis/403733ef-ce95-48a9-b304-9aedfbd0bb30/current/log_0-2
2019-10-07 12:26:15,146 [bdc82da4-7981-40ca-bca7-6643a3478f33@group-9AEDFBD0BB30-LeaderElection14] INFO  impl.RaftServerImpl (ServerState.java:setRaftConf(356)) - bdc82da4-7981-40ca-bca7-6643a3478f33@group-9AEDFBD0BB30: set configuration 3: [5ee5fc6f-fdaa-4b19-9e07-086f7bbe3426:192.168.151.100:44182, bdc82da4-7981-40ca-bca7-6643a3478f33:192.168.151.100:46068, 20fd5385-81a2-480d-b174-88f0e4149f34:192.168.151.100:44266], old=null at 3
2019-10-07 12:26:15,147 [grpc-default-executor-0] WARN  server.GrpcLogAppender (LogUtils.java:warn(134)) - bdc82da4-7981-40ca-bca7-6643a3478f33@group-9AEDFBD0BB30->20fd5385-81a2-480d-b174-88f0e4149f34-AppendLogResponseHandler: Failed appendEntries: org.apache.ratis.thirdparty.io.grpc.StatusRuntimeException: UNAVAILABLE: io exception
2019-10-07 12:26:15,178 [grpc-default-executor-0] INFO  impl.FollowerInfo (FollowerInfo.java:lambda$new$0(51)) - bdc82da4-7981-40ca-bca7-6643a3478f33@group-9AEDFBD0BB30->20fd5385-81a2-480d-b174-88f0e4149f34: nextIndex: updateUnconditionally 3 -> 1
2019-10-07 12:26:15,179 [grpc-default-executor-0] INFO  impl.RaftServerImpl (ServerState.java:setLeader(255)) - 5ee5fc6f-fdaa-4b19-9e07-086f7bbe3426@group-9AEDFBD0BB30: change Leader from null to bdc82da4-7981-40ca-bca7-6643a3478f33 at term 3 for appendEntries, leader elected after 67ms
2019-10-07 12:26:15,182 [grpc-default-executor-0] INFO  impl.RaftServerImpl (ServerState.java:setRaftConf(356)) - 5ee5fc6f-fdaa-4b19-9e07-086f7bbe3426@group-9AEDFBD0BB30: set configuration 3: [5ee5fc6f-fdaa-4b19-9e07-086f7bbe3426:192.168.151.100:44182, bdc82da4-7981-40ca-bca7-6643a3478f33:192.168.151.100:46068, 20fd5385-81a2-480d-b174-88f0e4149f34:192.168.151.100:44266], old=null at 3
2019-10-07 12:26:15,182 [grpc-default-executor-0] INFO  segmented.SegmentedRaftLogWorker (SegmentedRaftLogWorker.java:rollLogSegment(390)) - 5ee5fc6f-fdaa-4b19-9e07-086f7bbe3426@group-9AEDFBD0BB30-SegmentedRaftLogWorker: Rolling segment log-0_2 to index:2
2019-10-07 12:26:15,183 [5ee5fc6f-fdaa-4b19-9e07-086f7bbe3426@group-9AEDFBD0BB30-SegmentedRaftLogWorker] INFO  segmented.SegmentedRaftLogWorker (SegmentedRaftLogWorker.java:execute(531)) - 5ee5fc6f-fdaa-4b19-9e07-086f7bbe3426@group-9AEDFBD0BB30-SegmentedRaftLogWorker: Rolled log segment from /workdir/hadoop-ozone/integration-test/target/test-dir/MiniOzoneClusterImpl-5b1ddd53-7c01-4eef-9c8a-394c48c68778/datanode-0/data/ratis/403733ef-ce95-48a9-b304-9aedfbd0bb30/current/log_inprogress_0 to /workdir/hadoop-ozone/integration-test/target/test-dir/MiniOzoneClusterImpl-5b1ddd53-7c01-4eef-9c8a-394c48c68778/datanode-0/data/ratis/403733ef-ce95-48a9-b304-9aedfbd0bb30/current/log_0-2
2019-10-07 12:26:15,191 [bdc82da4-7981-40ca-bca7-6643a3478f33@group-9AEDFBD0BB30-SegmentedRaftLogWorker] INFO  segmented.SegmentedRaftLogWorker (SegmentedRaftLogWorker.java:execute(574)) - bdc82da4-7981-40ca-bca7-6643a3478f33@group-9AEDFBD0BB30-SegmentedRaftLogWorker: created new log segment /workdir/hadoop-ozone/integration-test/target/test-dir/MiniOzoneClusterImpl-5b1ddd53-7c01-4eef-9c8a-394c48c68778/datanode-2/data/ratis/403733ef-ce95-48a9-b304-9aedfbd0bb30/current/log_inprogress_3
2019-10-07 12:26:15,218 [5ee5fc6f-fdaa-4b19-9e07-086f7bbe3426@group-9AEDFBD0BB30-SegmentedRaftLogWorker] INFO  segmented.SegmentedRaftLogWorker (SegmentedRaftLogWorker.java:execute(574)) - 5ee5fc6f-fdaa-4b19-9e07-086f7bbe3426@group-9AEDFBD0BB30-SegmentedRaftLogWorker: created new log segment /workdir/hadoop-ozone/integration-test/target/test-dir/MiniOzoneClusterImpl-5b1ddd53-7c01-4eef-9c8a-394c48c68778/datanode-0/data/ratis/403733ef-ce95-48a9-b304-9aedfbd0bb30/current/log_inprogress_3
2019-10-07 12:26:15,240 [grpc-default-executor-4] WARN  server.GrpcLogAppender (LogUtils.java:warn(134)) - bdc82da4-7981-40ca-bca7-6643a3478f33@group-9AEDFBD0BB30->20fd5385-81a2-480d-b174-88f0e4149f34-AppendLogResponseHandler: Failed appendEntries: org.apache.ratis.thirdparty.io.grpc.StatusRuntimeException: UNAVAILABLE: io exception
2019-10-07 12:26:15,242 [grpc-default-executor-4] INFO  impl.FollowerInfo (FollowerInfo.java:lambda$new$0(51)) - bdc82da4-7981-40ca-bca7-6643a3478f33@group-9AEDFBD0BB30->20fd5385-81a2-480d-b174-88f0e4149f34: nextIndex: updateUnconditionally 2 -> 1
2019-10-07 12:26:15,254 [grpc-default-executor-0] WARN  server.GrpcLogAppender (LogUtils.java:warn(134)) - bdc82da4-7981-40ca-bca7-6643a3478f33@group-9AEDFBD0BB30->20fd5385-81a2-480d-b174-88f0e4149f34-AppendLogResponseHandler: Failed appendEntries: org.apache.ratis.thirdparty.io.grpc.StatusRuntimeException: UNAVAILABLE: io exception
2019-10-07 12:26:15,256 [grpc-default-executor-0] INFO  impl.FollowerInfo (FollowerInfo.java:lambda$new$0(51)) - bdc82da4-7981-40ca-bca7-6643a3478f33@group-9AEDFBD0BB30->20fd5385-81a2-480d-b174-88f0e4149f34: nextIndex: updateUnconditionally 2 -> 1
]]></system-out>
    <system-err><![CDATA[ERROR StatusLogger No Log4j 2 configuration file found. Using default configuration (logging only errors to the console), or user programmatically provided configurations. Set system property 'log4j2.debug' to show Log4j 2 internal initialization logging. See https://logging.apache.org/log4j/2.x/manual/configuration.html for instructions on how to configure Log4j 2
]]></system-err>
  </testcase>
</testsuite>