<?xml version="1.0" encoding="UTF-8"?>
<testsuite xmlns:xsi="http://www.w3.org/2001/XMLSchema-instance" xsi:noNamespaceSchemaLocation="https://maven.apache.org/surefire/maven-surefire-plugin/xsd/surefire-test-report.xsd" name="org.apache.hadoop.ozone.client.rpc.TestWatchForCommit" time="240.001" tests="5" errors="1" skipped="0" failures="1">
  <properties>
    <property name="awt.toolkit" value="sun.awt.X11.XToolkit"/>
    <property name="file.encoding.pkg" value="sun.io"/>
    <property name="java.specification.version" value="1.8"/>
    <property name="sun.cpu.isalist" value=""/>
    <property name="sun.jnu.encoding" value="UTF-8"/>
    <property name="java.class.path" value="/workdir/hadoop-ozone/integration-test/target/test-classes:/workdir/hadoop-ozone/integration-test/target/classes:/home/user/.m2/repository/org/apache/hadoop/hadoop-ozone-common/0.5.0-SNAPSHOT/hadoop-ozone-common-0.5.0-SNAPSHOT.jar:/home/user/.m2/repository/org/apache/commons/commons-compress/1.4.1/commons-compress-1.4.1.jar:/home/user/.m2/repository/org/tukaani/xz/1.0/xz-1.0.jar:/home/user/.m2/repository/org/apache/hadoop/hadoop-common/3.2.0/hadoop-common-3.2.0.jar:/home/user/.m2/repository/org/apache/hadoop/hadoop-hdfs/3.2.0/hadoop-hdfs-3.2.0.jar:/home/user/.m2/repository/org/apache/hadoop/hadoop-hdfs-client/3.2.0/hadoop-hdfs-client-3.2.0.jar:/home/user/.m2/repository/com/fasterxml/jackson/core/jackson-annotations/2.9.9/jackson-annotations-2.9.9.jar:/home/user/.m2/repository/org/apache/hadoop/hadoop-hdds-common/0.5.0-SNAPSHOT/hadoop-hdds-common-0.5.0-SNAPSHOT.jar:/home/user/.m2/repository/javax/annotation/javax.annotation-api/1.2/javax.annotation-api-1.2.jar:/home/user/.m2/repository/org/apache/ratis/ratis-server/0.5.0-201fc85-SNAPSHOT/ratis-server-0.5.0-201fc85-SNAPSHOT.jar:/home/user/.m2/repository/org/apache/ratis/ratis-thirdparty-misc/0.2.0/ratis-thirdparty-misc-0.2.0.jar:/home/user/.m2/repository/org/apache/ratis/ratis-proto/0.5.0-201fc85-SNAPSHOT/ratis-proto-0.5.0-201fc85-SNAPSHOT.jar:/home/user/.m2/repository/org/apache/ratis/ratis-common/0.5.0-201fc85-SNAPSHOT/ratis-common-0.5.0-201fc85-SNAPSHOT.jar:/home/user/.m2/repository/org/apache/ratis/ratis-client/0.5.0-201fc85-SNAPSHOT/ratis-client-0.5.0-201fc85-SNAPSHOT.jar:/home/user/.m2/repository/org/apache/ratis/ratis-metrics/0.5.0-201fc85-SNAPSHOT/ratis-metrics-0.5.0-201fc85-SNAPSHOT.jar:/home/user/.m2/repository/com/github/joshelser/dropwizard-metrics-hadoop-metrics2-reporter/0.1.2/dropwizard-metrics-hadoop-metrics2-reporter-0.1.2.jar:/home/user/.m2/repository/io/dropwizard/metrics/metrics-jvm/3.2.5/metrics-jvm-3.2.5.jar:/home/user/.m2/repository/io/dropwizard/metrics/metrics-ganglia/3.2.5/metrics-ganglia-3.2.5.jar:/home/user/.m2/repository/info/ganglia/gmetric4j/gmetric4j/1.0.7/gmetric4j-1.0.7.jar:/home/user/.m2/repository/org/apache/ratis/ratis-netty/0.5.0-201fc85-SNAPSHOT/ratis-netty-0.5.0-201fc85-SNAPSHOT.jar:/home/user/.m2/repository/org/apache/ratis/ratis-grpc/0.5.0-201fc85-SNAPSHOT/ratis-grpc-0.5.0-201fc85-SNAPSHOT.jar:/home/user/.m2/repository/org/rocksdb/rocksdbjni/6.0.1/rocksdbjni-6.0.1.jar:/home/user/.m2/repository/org/apache/logging/log4j/log4j-api/2.11.0/log4j-api-2.11.0.jar:/home/user/.m2/repository/org/apache/logging/log4j/log4j-core/2.11.0/log4j-core-2.11.0.jar:/home/user/.m2/repository/com/lmax/disruptor/3.4.2/disruptor-3.4.2.jar:/home/user/.m2/repository/org/apache/commons/commons-pool2/2.6.0/commons-pool2-2.6.0.jar:/home/user/.m2/repository/org/bouncycastle/bcpkix-jdk15on/1.60/bcpkix-jdk15on-1.60.jar:/home/user/.m2/repository/commons-validator/commons-validator/1.6/commons-validator-1.6.jar:/home/user/.m2/repository/commons-digester/commons-digester/1.8.1/commons-digester-1.8.1.jar:/home/user/.m2/repository/io/jaegertracing/jaeger-client/0.34.0/jaeger-client-0.34.0.jar:/home/user/.m2/repository/io/jaegertracing/jaeger-thrift/0.34.0/jaeger-thrift-0.34.0.jar:/home/user/.m2/repository/org/apache/thrift/libthrift/0.12.0/libthrift-0.12.0.jar:/home/user/.m2/repository/com/squareup/okhttp3/okhttp/3.9.0/okhttp-3.9.0.jar:/home/user/.m2/repository/com/squareup/okio/okio/1.13.0/okio-1.13.0.jar:/home/user/.m2/repository/io/jaegertracing/jaeger-core/0.34.0/jaeger-core-0.34.0.jar:/home/user/.m2/repository/io/jaegertracing/jaeger-tracerresolver/0.34.0/jaeger-tracerresolver-0.34.0.jar:/home/user/.m2/repository/io/opentracing/contrib/opentracing-tracerresolver/0.1.5/opentracing-tracerresolver-0.1.5.jar:/home/user/.m2/repository/io/opentracing/opentracing-util/0.31.0/opentracing-util-0.31.0.jar:/home/user/.m2/repository/io/opentracing/opentracing-api/0.31.0/opentracing-api-0.31.0.jar:/home/user/.m2/repository/io/opentracing/opentracing-noop/0.31.0/opentracing-noop-0.31.0.jar:/home/user/.m2/repository/org/apache/hadoop/hadoop-hdds-server-framework/0.5.0-SNAPSHOT/hadoop-hdds-server-framework-0.5.0-SNAPSHOT.jar:/home/user/.m2/repository/org/apache/hadoop/hadoop-hdds-container-service/0.5.0-SNAPSHOT/hadoop-hdds-container-service-0.5.0-SNAPSHOT.jar:/home/user/.m2/repository/org/apache/hadoop/hadoop-hdds-client/0.5.0-SNAPSHOT/hadoop-hdds-client-0.5.0-SNAPSHOT.jar:/home/user/.m2/repository/org/apache/hadoop/hadoop-hdds-tools/0.5.0-SNAPSHOT/hadoop-hdds-tools-0.5.0-SNAPSHOT.jar:/home/user/.m2/repository/org/apache/hadoop/hadoop-hdds-server-scm/0.5.0-SNAPSHOT/hadoop-hdds-server-scm-0.5.0-SNAPSHOT.jar:/home/user/.m2/repository/org/apache/hadoop/hadoop-hdds-docs/0.5.0-SNAPSHOT/hadoop-hdds-docs-0.5.0-SNAPSHOT.jar:/home/user/.m2/repository/io/dropwizard/metrics/metrics-core/3.2.4/metrics-core-3.2.4.jar:/home/user/.m2/repository/org/hamcrest/hamcrest-all/1.3/hamcrest-all-1.3.jar:/home/user/.m2/repository/org/bouncycastle/bcprov-jdk15on/1.60/bcprov-jdk15on-1.60.jar:/home/user/.m2/repository/info/picocli/picocli/3.9.6/picocli-3.9.6.jar:/home/user/.m2/repository/com/google/protobuf/protobuf-java/2.5.0/protobuf-java-2.5.0.jar:/home/user/.m2/repository/com/google/guava/guava/11.0.2/guava-11.0.2.jar:/home/user/.m2/repository/org/apache/hadoop/hadoop-ozone-ozone-manager/0.5.0-SNAPSHOT/hadoop-ozone-ozone-manager-0.5.0-SNAPSHOT.jar:/home/user/.m2/repository/org/apache/hadoop/hadoop-minikdc/3.2.0/hadoop-minikdc-3.2.0.jar:/home/user/.m2/repository/commons-io/commons-io/2.5/commons-io-2.5.jar:/home/user/.m2/repository/org/apache/kerby/kerb-simplekdc/1.0.1/kerb-simplekdc-1.0.1.jar:/home/user/.m2/repository/org/apache/kerby/kerb-client/1.0.1/kerb-client-1.0.1.jar:/home/user/.m2/repository/org/apache/kerby/kerby-config/1.0.1/kerby-config-1.0.1.jar:/home/user/.m2/repository/org/apache/kerby/kerb-core/1.0.1/kerb-core-1.0.1.jar:/home/user/.m2/repository/org/apache/kerby/kerby-pkix/1.0.1/kerby-pkix-1.0.1.jar:/home/user/.m2/repository/org/apache/kerby/kerby-asn1/1.0.1/kerby-asn1-1.0.1.jar:/home/user/.m2/repository/org/apache/kerby/kerby-util/1.0.1/kerby-util-1.0.1.jar:/home/user/.m2/repository/org/apache/kerby/kerb-common/1.0.1/kerb-common-1.0.1.jar:/home/user/.m2/repository/org/apache/kerby/kerb-crypto/1.0.1/kerb-crypto-1.0.1.jar:/home/user/.m2/repository/org/apache/kerby/kerb-util/1.0.1/kerb-util-1.0.1.jar:/home/user/.m2/repository/org/apache/kerby/token-provider/1.0.1/token-provider-1.0.1.jar:/home/user/.m2/repository/org/apache/kerby/kerb-admin/1.0.1/kerb-admin-1.0.1.jar:/home/user/.m2/repository/org/apache/kerby/kerb-server/1.0.1/kerb-server-1.0.1.jar:/home/user/.m2/repository/org/apache/kerby/kerb-identity/1.0.1/kerb-identity-1.0.1.jar:/home/user/.m2/repository/org/apache/kerby/kerby-xdr/1.0.1/kerby-xdr-1.0.1.jar:/home/user/.m2/repository/org/slf4j/slf4j-log4j12/1.7.25/slf4j-log4j12-1.7.25.jar:/home/user/.m2/repository/org/apache/hadoop/hadoop-ozone-s3gateway/0.5.0-SNAPSHOT/hadoop-ozone-s3gateway-0.5.0-SNAPSHOT.jar:/home/user/.m2/repository/org/jboss/weld/servlet/weld-servlet/2.4.7.Final/weld-servlet-2.4.7.Final.jar:/home/user/.m2/repository/org/glassfish/jersey/containers/jersey-container-servlet-core/2.27/jersey-container-servlet-core-2.27.jar:/home/user/.m2/repository/org/glassfish/hk2/external/javax.inject/2.5.0-b42/javax.inject-2.5.0-b42.jar:/home/user/.m2/repository/org/glassfish/jersey/core/jersey-common/2.27/jersey-common-2.27.jar:/home/user/.m2/repository/org/glassfish/hk2/osgi-resource-locator/1.0.1/osgi-resource-locator-1.0.1.jar:/home/user/.m2/repository/javax/ws/rs/javax.ws.rs-api/2.1/javax.ws.rs-api-2.1.jar:/home/user/.m2/repository/org/glassfish/jersey/ext/cdi/jersey-cdi1x/2.27/jersey-cdi1x-2.27.jar:/home/user/.m2/repository/org/glassfish/jersey/inject/jersey-hk2/2.27/jersey-hk2-2.27.jar:/home/user/.m2/repository/org/glassfish/hk2/hk2-locator/2.5.0-b42/hk2-locator-2.5.0-b42.jar:/home/user/.m2/repository/org/javassist/javassist/3.22.0-CR2/javassist-3.22.0-CR2.jar:/home/user/.m2/repository/org/glassfish/hk2/hk2-api/2.5.0/hk2-api-2.5.0.jar:/home/user/.m2/repository/org/glassfish/hk2/external/jakarta.inject/2.5.0/jakarta.inject-2.5.0.jar:/home/user/.m2/repository/org/glassfish/hk2/hk2-utils/2.5.0/hk2-utils-2.5.0.jar:/home/user/.m2/repository/jakarta/annotation/jakarta.annotation-api/1.3.4/jakarta.annotation-api-1.3.4.jar:/home/user/.m2/repository/org/glassfish/hk2/external/aopalliance-repackaged/2.5.0/aopalliance-repackaged-2.5.0.jar:/home/user/.m2/repository/com/fasterxml/jackson/dataformat/jackson-dataformat-xml/2.9.0/jackson-dataformat-xml-2.9.0.jar:/home/user/.m2/repository/com/fasterxml/jackson/core/jackson-core/2.9.9/jackson-core-2.9.9.jar:/home/user/.m2/repository/com/fasterxml/jackson/module/jackson-module-jaxb-annotations/2.9.9/jackson-module-jaxb-annotations-2.9.9.jar:/home/user/.m2/repository/javax/enterprise/cdi-api/1.2/cdi-api-1.2.jar:/home/user/.m2/repository/javax/el/javax.el-api/3.0.0/javax.el-api-3.0.0.jar:/home/user/.m2/repository/javax/interceptor/javax.interceptor-api/1.2/javax.interceptor-api-1.2.jar:/home/user/.m2/repository/javax/inject/javax.inject/1/javax.inject-1.jar:/home/user/.m2/repository/com/sun/xml/bind/jaxb-impl/2.3.0.1/jaxb-impl-2.3.0.1.jar:/home/user/.m2/repository/com/sun/xml/bind/jaxb-core/2.3.0.1/jaxb-core-2.3.0.1.jar:/home/user/.m2/repository/javax/xml/bind/jaxb-api/2.3.0/jaxb-api-2.3.0.jar:/home/user/.m2/repository/javax/activation/activation/1.1.1/activation-1.1.1.jar:/home/user/.m2/repository/org/apache/hadoop/hadoop-ozone-csi/0.5.0-SNAPSHOT/hadoop-ozone-csi-0.5.0-SNAPSHOT.jar:/home/user/.m2/repository/com/google/protobuf/protobuf-java-util/3.5.1/protobuf-java-util-3.5.1.jar:/home/user/.m2/repository/org/apache/hadoop/hadoop-hdds-config/0.5.0-SNAPSHOT/hadoop-hdds-config-0.5.0-SNAPSHOT.jar:/home/user/.m2/repository/io/grpc/grpc-netty/1.17.1/grpc-netty-1.17.1.jar:/home/user/.m2/repository/io/grpc/grpc-core/1.17.1/grpc-core-1.17.1.jar:/home/user/.m2/repository/io/grpc/grpc-context/1.17.1/grpc-context-1.17.1.jar:/home/user/.m2/repository/com/google/errorprone/error_prone_annotations/2.2.0/error_prone_annotations-2.2.0.jar:/home/user/.m2/repository/org/codehaus/mojo/animal-sniffer-annotations/1.17/animal-sniffer-annotations-1.17.jar:/home/user/.m2/repository/io/opencensus/opencensus-api/0.17.0/opencensus-api-0.17.0.jar:/home/user/.m2/repository/io/opencensus/opencensus-contrib-grpc-metrics/0.17.0/opencensus-contrib-grpc-metrics-0.17.0.jar:/home/user/.m2/repository/io/netty/netty-codec-http2/4.1.30.Final/netty-codec-http2-4.1.30.Final.jar:/home/user/.m2/repository/io/netty/netty-codec-http/4.1.30.Final/netty-codec-http-4.1.30.Final.jar:/home/user/.m2/repository/io/netty/netty-codec/4.1.30.Final/netty-codec-4.1.30.Final.jar:/home/user/.m2/repository/io/netty/netty-handler/4.1.30.Final/netty-handler-4.1.30.Final.jar:/home/user/.m2/repository/io/netty/netty-handler-proxy/4.1.30.Final/netty-handler-proxy-4.1.30.Final.jar:/home/user/.m2/repository/io/netty/netty-codec-socks/4.1.30.Final/netty-codec-socks-4.1.30.Final.jar:/home/user/.m2/repository/io/netty/netty-transport-native-epoll/4.1.30.Final/netty-transport-native-epoll-4.1.30.Final.jar:/home/user/.m2/repository/io/netty/netty-common/4.1.30.Final/netty-common-4.1.30.Final.jar:/home/user/.m2/repository/io/netty/netty-buffer/4.1.30.Final/netty-buffer-4.1.30.Final.jar:/home/user/.m2/repository/io/netty/netty-transport/4.1.30.Final/netty-transport-4.1.30.Final.jar:/home/user/.m2/repository/io/netty/netty-resolver/4.1.30.Final/netty-resolver-4.1.30.Final.jar:/home/user/.m2/repository/io/netty/netty-transport-native-unix-common/4.1.30.Final/netty-transport-native-unix-common-4.1.30.Final.jar:/home/user/.m2/repository/io/grpc/grpc-protobuf/1.17.1/grpc-protobuf-1.17.1.jar:/home/user/.m2/repository/com/google/api/grpc/proto-google-common-protos/1.0.0/proto-google-common-protos-1.0.0.jar:/home/user/.m2/repository/io/grpc/grpc-protobuf-lite/1.17.1/grpc-protobuf-lite-1.17.1.jar:/home/user/.m2/repository/io/grpc/grpc-stub/1.17.1/grpc-stub-1.17.1.jar:/home/user/.m2/repository/org/apache/hadoop/hadoop-ozone-recon/0.5.0-SNAPSHOT/hadoop-ozone-recon-0.5.0-SNAPSHOT.jar:/home/user/.m2/repository/org/apache/hadoop/hadoop-ozone-reconcodegen/0.5.0-SNAPSHOT/hadoop-ozone-reconcodegen-0.5.0-SNAPSHOT.jar:/home/user/.m2/repository/com/google/inject/extensions/guice-multibindings/4.0/guice-multibindings-4.0.jar:/home/user/.m2/repository/com/google/inject/guice/4.0/guice-4.0.jar:/home/user/.m2/repository/aopalliance/aopalliance/1.0/aopalliance-1.0.jar:/home/user/.m2/repository/com/google/inject/extensions/guice-servlet/4.0/guice-servlet-4.0.jar:/home/user/.m2/repository/org/glassfish/jersey/containers/jersey-container-servlet/2.27/jersey-container-servlet-2.27.jar:/home/user/.m2/repository/org/glassfish/hk2/guice-bridge/2.5.0/guice-bridge-2.5.0.jar:/home/user/.m2/repository/org/glassfish/jersey/core/jersey-server/2.27/jersey-server-2.27.jar:/home/user/.m2/repository/org/glassfish/jersey/core/jersey-client/2.27/jersey-client-2.27.jar:/home/user/.m2/repository/org/glassfish/jersey/media/jersey-media-jaxb/2.27/jersey-media-jaxb-2.27.jar:/home/user/.m2/repository/javax/validation/validation-api/1.1.0.Final/validation-api-1.1.0.Final.jar:/home/user/.m2/repository/org/glassfish/jersey/media/jersey-media-json-jackson/2.27/jersey-media-json-jackson-2.27.jar:/home/user/.m2/repository/org/glassfish/jersey/ext/jersey-entity-filtering/2.27/jersey-entity-filtering-2.27.jar:/home/user/.m2/repository/com/google/inject/extensions/guice-assistedinject/4.0/guice-assistedinject-4.0.jar:/home/user/.m2/repository/org/jooq/jooq/3.11.10/jooq-3.11.10.jar:/home/user/.m2/repository/org/jooq/jooq-meta/3.11.10/jooq-meta-3.11.10.jar:/home/user/.m2/repository/org/jooq/jooq-codegen/3.11.10/jooq-codegen-3.11.10.jar:/home/user/.m2/repository/com/jolbox/bonecp/0.8.0.RELEASE/bonecp-0.8.0.RELEASE.jar:/home/user/.m2/repository/org/xerial/sqlite-jdbc/3.25.2/sqlite-jdbc-3.25.2.jar:/home/user/.m2/repository/org/springframework/spring-jdbc/5.1.3.RELEASE/spring-jdbc-5.1.3.RELEASE.jar:/home/user/.m2/repository/org/springframework/spring-beans/5.1.3.RELEASE/spring-beans-5.1.3.RELEASE.jar:/home/user/.m2/repository/org/springframework/spring-core/5.1.3.RELEASE/spring-core-5.1.3.RELEASE.jar:/home/user/.m2/repository/org/springframework/spring-jcl/5.1.3.RELEASE/spring-jcl-5.1.3.RELEASE.jar:/home/user/.m2/repository/org/springframework/spring-tx/5.1.3.RELEASE/spring-tx-5.1.3.RELEASE.jar:/home/user/.m2/repository/org/apache/hadoop/hadoop-ozone-client/0.5.0-SNAPSHOT/hadoop-ozone-client-0.5.0-SNAPSHOT.jar:/home/user/.m2/repository/commons-lang/commons-lang/2.6/commons-lang-2.6.jar:/home/user/.m2/repository/org/apache/hadoop/hadoop-ozone-ozone-manager/0.5.0-SNAPSHOT/hadoop-ozone-ozone-manager-0.5.0-SNAPSHOT-tests.jar:/home/user/.m2/repository/junit/junit/4.11/junit-4.11.jar:/home/user/.m2/repository/org/hamcrest/hamcrest-core/1.3/hamcrest-core-1.3.jar:/home/user/.m2/repository/org/openjdk/jmh/jmh-core/1.19/jmh-core-1.19.jar:/home/user/.m2/repository/net/sf/jopt-simple/jopt-simple/4.6/jopt-simple-4.6.jar:/home/user/.m2/repository/org/apache/commons/commons-math3/3.1.1/commons-math3-3.1.1.jar:/home/user/.m2/repository/org/openjdk/jmh/jmh-generator-annprocess/1.19/jmh-generator-annprocess-1.19.jar:/home/user/.m2/repository/org/mockito/mockito-all/1.8.5/mockito-all-1.8.5.jar:/home/user/.m2/repository/org/apache/hadoop/hadoop-kms/3.2.0/hadoop-kms-3.2.0.jar:/home/user/.m2/repository/org/apache/hadoop/hadoop-auth/3.2.0/hadoop-auth-3.2.0.jar:/home/user/.m2/repository/com/nimbusds/nimbus-jose-jwt/4.41.1/nimbus-jose-jwt-4.41.1.jar:/home/user/.m2/repository/com/github/stephenc/jcip/jcip-annotations/1.0-1/jcip-annotations-1.0-1.jar:/home/user/.m2/repository/net/minidev/json-smart/2.3/json-smart-2.3.jar:/home/user/.m2/repository/net/minidev/accessors-smart/1.2/accessors-smart-1.2.jar:/home/user/.m2/repository/org/ow2/asm/asm/5.0.4/asm-5.0.4.jar:/home/user/.m2/repository/org/apache/curator/curator-framework/2.12.0/curator-framework-2.12.0.jar:/home/user/.m2/repository/com/sun/jersey/jersey-core/1.19/jersey-core-1.19.jar:/home/user/.m2/repository/javax/ws/rs/jsr311-api/1.1.1/jsr311-api-1.1.1.jar:/home/user/.m2/repository/com/sun/jersey/jersey-server/1.19/jersey-server-1.19.jar:/home/user/.m2/repository/javax/servlet/javax.servlet-api/3.1.0/javax.servlet-api-3.1.0.jar:/home/user/.m2/repository/org/eclipse/jetty/jetty-server/9.3.25.v20180904/jetty-server-9.3.25.v20180904.jar:/home/user/.m2/repository/org/eclipse/jetty/jetty-http/9.3.25.v20180904/jetty-http-9.3.25.v20180904.jar:/home/user/.m2/repository/org/eclipse/jetty/jetty-io/9.3.25.v20180904/jetty-io-9.3.25.v20180904.jar:/home/user/.m2/repository/org/eclipse/jetty/jetty-webapp/9.3.25.v20180904/jetty-webapp-9.3.25.v20180904.jar:/home/user/.m2/repository/org/eclipse/jetty/jetty-xml/9.3.25.v20180904/jetty-xml-9.3.25.v20180904.jar:/home/user/.m2/repository/log4j/log4j/1.2.17/log4j-1.2.17.jar:/home/user/.m2/repository/org/slf4j/slf4j-api/1.7.25/slf4j-api-1.7.25.jar:/home/user/.m2/repository/org/slf4j/jul-to-slf4j/1.7.25/jul-to-slf4j-1.7.25.jar:/home/user/.m2/repository/org/eclipse/jetty/jetty-util/9.3.25.v20180904/jetty-util-9.3.25.v20180904.jar:/home/user/.m2/repository/com/fasterxml/jackson/core/jackson-databind/2.9.9/jackson-databind-2.9.9.jar:/home/user/.m2/repository/org/apache/hadoop/hadoop-kms/3.2.0/hadoop-kms-3.2.0-tests.jar:/home/user/.m2/repository/org/apache/hadoop/hadoop-hdds-server-scm/0.5.0-SNAPSHOT/hadoop-hdds-server-scm-0.5.0-SNAPSHOT-tests.jar:/home/user/.m2/repository/org/apache/hadoop/hadoop-hdds-container-service/0.5.0-SNAPSHOT/hadoop-hdds-container-service-0.5.0-SNAPSHOT-tests.jar:/home/user/.m2/repository/org/yaml/snakeyaml/1.16/snakeyaml-1.16.jar:/home/user/.m2/repository/org/apache/hadoop/hadoop-common/3.2.0/hadoop-common-3.2.0-tests.jar:/home/user/.m2/repository/org/apache/hadoop/hadoop-annotations/3.2.0/hadoop-annotations-3.2.0.jar:/usr/lib/jvm/java-1.8-openjdk/jre/../lib/tools.jar:/home/user/.m2/repository/commons-cli/commons-cli/1.2/commons-cli-1.2.jar:/home/user/.m2/repository/org/apache/httpcomponents/httpclient/4.5.2/httpclient-4.5.2.jar:/home/user/.m2/repository/org/apache/httpcomponents/httpcore/4.4.4/httpcore-4.4.4.jar:/home/user/.m2/repository/commons-codec/commons-codec/1.11/commons-codec-1.11.jar:/home/user/.m2/repository/commons-net/commons-net/3.6/commons-net-3.6.jar:/home/user/.m2/repository/commons-collections/commons-collections/3.2.2/commons-collections-3.2.2.jar:/home/user/.m2/repository/org/eclipse/jetty/jetty-servlet/9.3.25.v20180904/jetty-servlet-9.3.25.v20180904.jar:/home/user/.m2/repository/org/eclipse/jetty/jetty-security/9.3.25.v20180904/jetty-security-9.3.25.v20180904.jar:/home/user/.m2/repository/javax/servlet/jsp/jsp-api/2.1/jsp-api-2.1.jar:/home/user/.m2/repository/com/sun/jersey/jersey-servlet/1.19/jersey-servlet-1.19.jar:/home/user/.m2/repository/com/sun/jersey/jersey-json/1.19/jersey-json-1.19.jar:/home/user/.m2/repository/org/codehaus/jettison/jettison/1.1/jettison-1.1.jar:/home/user/.m2/repository/org/codehaus/jackson/jackson-core-asl/1.9.13/jackson-core-asl-1.9.13.jar:/home/user/.m2/repository/org/codehaus/jackson/jackson-mapper-asl/1.9.13/jackson-mapper-asl-1.9.13.jar:/home/user/.m2/repository/org/codehaus/jackson/jackson-jaxrs/1.9.13/jackson-jaxrs-1.9.13.jar:/home/user/.m2/repository/org/codehaus/jackson/jackson-xc/1.9.13/jackson-xc-1.9.13.jar:/home/user/.m2/repository/commons-logging/commons-logging/1.1.3/commons-logging-1.1.3.jar:/home/user/.m2/repository/commons-beanutils/commons-beanutils/1.9.4/commons-beanutils-1.9.4.jar:/home/user/.m2/repository/org/apache/commons/commons-configuration2/2.1.1/commons-configuration2-2.1.1.jar:/home/user/.m2/repository/org/apache/commons/commons-lang3/3.7/commons-lang3-3.7.jar:/home/user/.m2/repository/org/apache/commons/commons-text/1.4/commons-text-1.4.jar:/home/user/.m2/repository/org/apache/avro/avro/1.7.7/avro-1.7.7.jar:/home/user/.m2/repository/com/thoughtworks/paranamer/paranamer/2.3/paranamer-2.3.jar:/home/user/.m2/repository/org/xerial/snappy/snappy-java/1.0.5/snappy-java-1.0.5.jar:/home/user/.m2/repository/com/google/re2j/re2j/1.1/re2j-1.1.jar:/home/user/.m2/repository/com/google/code/gson/gson/2.2.4/gson-2.2.4.jar:/home/user/.m2/repository/com/jcraft/jsch/0.1.54/jsch-0.1.54.jar:/home/user/.m2/repository/org/apache/curator/curator-client/2.12.0/curator-client-2.12.0.jar:/home/user/.m2/repository/org/apache/curator/curator-recipes/2.12.0/curator-recipes-2.12.0.jar:/home/user/.m2/repository/com/google/code/findbugs/jsr305/3.0.0/jsr305-3.0.0.jar:/home/user/.m2/repository/org/apache/htrace/htrace-core4/4.1.0-incubating/htrace-core4-4.1.0-incubating.jar:/home/user/.m2/repository/org/apache/zookeeper/zookeeper/3.4.13/zookeeper-3.4.13.jar:/home/user/.m2/repository/jline/jline/0.9.94/jline-0.9.94.jar:/home/user/.m2/repository/org/apache/yetus/audience-annotations/0.5.0/audience-annotations-0.5.0.jar:/home/user/.m2/repository/org/codehaus/woodstox/stax2-api/3.1.4/stax2-api-3.1.4.jar:/home/user/.m2/repository/com/fasterxml/woodstox/woodstox-core/5.0.3/woodstox-core-5.0.3.jar:/home/user/.m2/repository/dnsjava/dnsjava/2.1.7/dnsjava-2.1.7.jar:/home/user/.m2/repository/org/apache/hadoop/hadoop-hdfs/3.2.0/hadoop-hdfs-3.2.0-tests.jar:/home/user/.m2/repository/org/eclipse/jetty/jetty-util-ajax/9.3.25.v20180904/jetty-util-ajax-9.3.25.v20180904.jar:/home/user/.m2/repository/commons-daemon/commons-daemon/1.0.13/commons-daemon-1.0.13.jar:/home/user/.m2/repository/io/netty/netty/3.10.5.Final/netty-3.10.5.Final.jar:/home/user/.m2/repository/io/netty/netty-all/4.0.52.Final/netty-all-4.0.52.Final.jar:/home/user/.m2/repository/org/fusesource/leveldbjni/leveldbjni-all/1.8/leveldbjni-all-1.8.jar:"/>
    <property name="java.vm.vendor" value="IcedTea"/>
    <property name="sun.arch.data.model" value="64"/>
    <property name="test.build.dir" value="/workdir/hadoop-ozone/integration-test/target/test-dir"/>
    <property name="test.cache.data" value=""/>
    <property name="java.vendor.url" value="https://icedtea.classpath.org"/>
    <property name="user.timezone" value=""/>
    <property name="java.vm.specification.version" value="1.8"/>
    <property name="os.name" value="Linux"/>
    <property name="test.build.data" value="/workdir/hadoop-ozone/integration-test/target/test-dir"/>
    <property name="user.country" value="US"/>
    <property name="sun.java.launcher" value="SUN_STANDARD"/>
    <property name="sun.boot.library.path" value="/usr/lib/jvm/java-1.8-openjdk/jre/lib/amd64"/>
    <property name="sun.java.command" value="/workdir/hadoop-ozone/integration-test/target/surefire/surefirebooter5170803281112966389.jar /workdir/hadoop-ozone/integration-test/target/surefire 2019-10-07T11-33-48_327-jvmRun1 surefire652820961496326993tmp surefire_761123354942242759467tmp"/>
    <property name="test" value="!TestMiniChaosOzoneCluster"/>
    <property name="surefire.test.class.path" value="/workdir/hadoop-ozone/integration-test/target/test-classes:/workdir/hadoop-ozone/integration-test/target/classes:/home/user/.m2/repository/org/apache/hadoop/hadoop-ozone-common/0.5.0-SNAPSHOT/hadoop-ozone-common-0.5.0-SNAPSHOT.jar:/home/user/.m2/repository/org/apache/commons/commons-compress/1.4.1/commons-compress-1.4.1.jar:/home/user/.m2/repository/org/tukaani/xz/1.0/xz-1.0.jar:/home/user/.m2/repository/org/apache/hadoop/hadoop-common/3.2.0/hadoop-common-3.2.0.jar:/home/user/.m2/repository/org/apache/hadoop/hadoop-hdfs/3.2.0/hadoop-hdfs-3.2.0.jar:/home/user/.m2/repository/org/apache/hadoop/hadoop-hdfs-client/3.2.0/hadoop-hdfs-client-3.2.0.jar:/home/user/.m2/repository/com/fasterxml/jackson/core/jackson-annotations/2.9.9/jackson-annotations-2.9.9.jar:/home/user/.m2/repository/org/apache/hadoop/hadoop-hdds-common/0.5.0-SNAPSHOT/hadoop-hdds-common-0.5.0-SNAPSHOT.jar:/home/user/.m2/repository/javax/annotation/javax.annotation-api/1.2/javax.annotation-api-1.2.jar:/home/user/.m2/repository/org/apache/ratis/ratis-server/0.5.0-201fc85-SNAPSHOT/ratis-server-0.5.0-201fc85-SNAPSHOT.jar:/home/user/.m2/repository/org/apache/ratis/ratis-thirdparty-misc/0.2.0/ratis-thirdparty-misc-0.2.0.jar:/home/user/.m2/repository/org/apache/ratis/ratis-proto/0.5.0-201fc85-SNAPSHOT/ratis-proto-0.5.0-201fc85-SNAPSHOT.jar:/home/user/.m2/repository/org/apache/ratis/ratis-common/0.5.0-201fc85-SNAPSHOT/ratis-common-0.5.0-201fc85-SNAPSHOT.jar:/home/user/.m2/repository/org/apache/ratis/ratis-client/0.5.0-201fc85-SNAPSHOT/ratis-client-0.5.0-201fc85-SNAPSHOT.jar:/home/user/.m2/repository/org/apache/ratis/ratis-metrics/0.5.0-201fc85-SNAPSHOT/ratis-metrics-0.5.0-201fc85-SNAPSHOT.jar:/home/user/.m2/repository/com/github/joshelser/dropwizard-metrics-hadoop-metrics2-reporter/0.1.2/dropwizard-metrics-hadoop-metrics2-reporter-0.1.2.jar:/home/user/.m2/repository/io/dropwizard/metrics/metrics-jvm/3.2.5/metrics-jvm-3.2.5.jar:/home/user/.m2/repository/io/dropwizard/metrics/metrics-ganglia/3.2.5/metrics-ganglia-3.2.5.jar:/home/user/.m2/repository/info/ganglia/gmetric4j/gmetric4j/1.0.7/gmetric4j-1.0.7.jar:/home/user/.m2/repository/org/apache/ratis/ratis-netty/0.5.0-201fc85-SNAPSHOT/ratis-netty-0.5.0-201fc85-SNAPSHOT.jar:/home/user/.m2/repository/org/apache/ratis/ratis-grpc/0.5.0-201fc85-SNAPSHOT/ratis-grpc-0.5.0-201fc85-SNAPSHOT.jar:/home/user/.m2/repository/org/rocksdb/rocksdbjni/6.0.1/rocksdbjni-6.0.1.jar:/home/user/.m2/repository/org/apache/logging/log4j/log4j-api/2.11.0/log4j-api-2.11.0.jar:/home/user/.m2/repository/org/apache/logging/log4j/log4j-core/2.11.0/log4j-core-2.11.0.jar:/home/user/.m2/repository/com/lmax/disruptor/3.4.2/disruptor-3.4.2.jar:/home/user/.m2/repository/org/apache/commons/commons-pool2/2.6.0/commons-pool2-2.6.0.jar:/home/user/.m2/repository/org/bouncycastle/bcpkix-jdk15on/1.60/bcpkix-jdk15on-1.60.jar:/home/user/.m2/repository/commons-validator/commons-validator/1.6/commons-validator-1.6.jar:/home/user/.m2/repository/commons-digester/commons-digester/1.8.1/commons-digester-1.8.1.jar:/home/user/.m2/repository/io/jaegertracing/jaeger-client/0.34.0/jaeger-client-0.34.0.jar:/home/user/.m2/repository/io/jaegertracing/jaeger-thrift/0.34.0/jaeger-thrift-0.34.0.jar:/home/user/.m2/repository/org/apache/thrift/libthrift/0.12.0/libthrift-0.12.0.jar:/home/user/.m2/repository/com/squareup/okhttp3/okhttp/3.9.0/okhttp-3.9.0.jar:/home/user/.m2/repository/com/squareup/okio/okio/1.13.0/okio-1.13.0.jar:/home/user/.m2/repository/io/jaegertracing/jaeger-core/0.34.0/jaeger-core-0.34.0.jar:/home/user/.m2/repository/io/jaegertracing/jaeger-tracerresolver/0.34.0/jaeger-tracerresolver-0.34.0.jar:/home/user/.m2/repository/io/opentracing/contrib/opentracing-tracerresolver/0.1.5/opentracing-tracerresolver-0.1.5.jar:/home/user/.m2/repository/io/opentracing/opentracing-util/0.31.0/opentracing-util-0.31.0.jar:/home/user/.m2/repository/io/opentracing/opentracing-api/0.31.0/opentracing-api-0.31.0.jar:/home/user/.m2/repository/io/opentracing/opentracing-noop/0.31.0/opentracing-noop-0.31.0.jar:/home/user/.m2/repository/org/apache/hadoop/hadoop-hdds-server-framework/0.5.0-SNAPSHOT/hadoop-hdds-server-framework-0.5.0-SNAPSHOT.jar:/home/user/.m2/repository/org/apache/hadoop/hadoop-hdds-container-service/0.5.0-SNAPSHOT/hadoop-hdds-container-service-0.5.0-SNAPSHOT.jar:/home/user/.m2/repository/org/apache/hadoop/hadoop-hdds-client/0.5.0-SNAPSHOT/hadoop-hdds-client-0.5.0-SNAPSHOT.jar:/home/user/.m2/repository/org/apache/hadoop/hadoop-hdds-tools/0.5.0-SNAPSHOT/hadoop-hdds-tools-0.5.0-SNAPSHOT.jar:/home/user/.m2/repository/org/apache/hadoop/hadoop-hdds-server-scm/0.5.0-SNAPSHOT/hadoop-hdds-server-scm-0.5.0-SNAPSHOT.jar:/home/user/.m2/repository/org/apache/hadoop/hadoop-hdds-docs/0.5.0-SNAPSHOT/hadoop-hdds-docs-0.5.0-SNAPSHOT.jar:/home/user/.m2/repository/io/dropwizard/metrics/metrics-core/3.2.4/metrics-core-3.2.4.jar:/home/user/.m2/repository/org/hamcrest/hamcrest-all/1.3/hamcrest-all-1.3.jar:/home/user/.m2/repository/org/bouncycastle/bcprov-jdk15on/1.60/bcprov-jdk15on-1.60.jar:/home/user/.m2/repository/info/picocli/picocli/3.9.6/picocli-3.9.6.jar:/home/user/.m2/repository/com/google/protobuf/protobuf-java/2.5.0/protobuf-java-2.5.0.jar:/home/user/.m2/repository/com/google/guava/guava/11.0.2/guava-11.0.2.jar:/home/user/.m2/repository/org/apache/hadoop/hadoop-ozone-ozone-manager/0.5.0-SNAPSHOT/hadoop-ozone-ozone-manager-0.5.0-SNAPSHOT.jar:/home/user/.m2/repository/org/apache/hadoop/hadoop-minikdc/3.2.0/hadoop-minikdc-3.2.0.jar:/home/user/.m2/repository/commons-io/commons-io/2.5/commons-io-2.5.jar:/home/user/.m2/repository/org/apache/kerby/kerb-simplekdc/1.0.1/kerb-simplekdc-1.0.1.jar:/home/user/.m2/repository/org/apache/kerby/kerb-client/1.0.1/kerb-client-1.0.1.jar:/home/user/.m2/repository/org/apache/kerby/kerby-config/1.0.1/kerby-config-1.0.1.jar:/home/user/.m2/repository/org/apache/kerby/kerb-core/1.0.1/kerb-core-1.0.1.jar:/home/user/.m2/repository/org/apache/kerby/kerby-pkix/1.0.1/kerby-pkix-1.0.1.jar:/home/user/.m2/repository/org/apache/kerby/kerby-asn1/1.0.1/kerby-asn1-1.0.1.jar:/home/user/.m2/repository/org/apache/kerby/kerby-util/1.0.1/kerby-util-1.0.1.jar:/home/user/.m2/repository/org/apache/kerby/kerb-common/1.0.1/kerb-common-1.0.1.jar:/home/user/.m2/repository/org/apache/kerby/kerb-crypto/1.0.1/kerb-crypto-1.0.1.jar:/home/user/.m2/repository/org/apache/kerby/kerb-util/1.0.1/kerb-util-1.0.1.jar:/home/user/.m2/repository/org/apache/kerby/token-provider/1.0.1/token-provider-1.0.1.jar:/home/user/.m2/repository/org/apache/kerby/kerb-admin/1.0.1/kerb-admin-1.0.1.jar:/home/user/.m2/repository/org/apache/kerby/kerb-server/1.0.1/kerb-server-1.0.1.jar:/home/user/.m2/repository/org/apache/kerby/kerb-identity/1.0.1/kerb-identity-1.0.1.jar:/home/user/.m2/repository/org/apache/kerby/kerby-xdr/1.0.1/kerby-xdr-1.0.1.jar:/home/user/.m2/repository/org/slf4j/slf4j-log4j12/1.7.25/slf4j-log4j12-1.7.25.jar:/home/user/.m2/repository/org/apache/hadoop/hadoop-ozone-s3gateway/0.5.0-SNAPSHOT/hadoop-ozone-s3gateway-0.5.0-SNAPSHOT.jar:/home/user/.m2/repository/org/jboss/weld/servlet/weld-servlet/2.4.7.Final/weld-servlet-2.4.7.Final.jar:/home/user/.m2/repository/org/glassfish/jersey/containers/jersey-container-servlet-core/2.27/jersey-container-servlet-core-2.27.jar:/home/user/.m2/repository/org/glassfish/hk2/external/javax.inject/2.5.0-b42/javax.inject-2.5.0-b42.jar:/home/user/.m2/repository/org/glassfish/jersey/core/jersey-common/2.27/jersey-common-2.27.jar:/home/user/.m2/repository/org/glassfish/hk2/osgi-resource-locator/1.0.1/osgi-resource-locator-1.0.1.jar:/home/user/.m2/repository/javax/ws/rs/javax.ws.rs-api/2.1/javax.ws.rs-api-2.1.jar:/home/user/.m2/repository/org/glassfish/jersey/ext/cdi/jersey-cdi1x/2.27/jersey-cdi1x-2.27.jar:/home/user/.m2/repository/org/glassfish/jersey/inject/jersey-hk2/2.27/jersey-hk2-2.27.jar:/home/user/.m2/repository/org/glassfish/hk2/hk2-locator/2.5.0-b42/hk2-locator-2.5.0-b42.jar:/home/user/.m2/repository/org/javassist/javassist/3.22.0-CR2/javassist-3.22.0-CR2.jar:/home/user/.m2/repository/org/glassfish/hk2/hk2-api/2.5.0/hk2-api-2.5.0.jar:/home/user/.m2/repository/org/glassfish/hk2/external/jakarta.inject/2.5.0/jakarta.inject-2.5.0.jar:/home/user/.m2/repository/org/glassfish/hk2/hk2-utils/2.5.0/hk2-utils-2.5.0.jar:/home/user/.m2/repository/jakarta/annotation/jakarta.annotation-api/1.3.4/jakarta.annotation-api-1.3.4.jar:/home/user/.m2/repository/org/glassfish/hk2/external/aopalliance-repackaged/2.5.0/aopalliance-repackaged-2.5.0.jar:/home/user/.m2/repository/com/fasterxml/jackson/dataformat/jackson-dataformat-xml/2.9.0/jackson-dataformat-xml-2.9.0.jar:/home/user/.m2/repository/com/fasterxml/jackson/core/jackson-core/2.9.9/jackson-core-2.9.9.jar:/home/user/.m2/repository/com/fasterxml/jackson/module/jackson-module-jaxb-annotations/2.9.9/jackson-module-jaxb-annotations-2.9.9.jar:/home/user/.m2/repository/javax/enterprise/cdi-api/1.2/cdi-api-1.2.jar:/home/user/.m2/repository/javax/el/javax.el-api/3.0.0/javax.el-api-3.0.0.jar:/home/user/.m2/repository/javax/interceptor/javax.interceptor-api/1.2/javax.interceptor-api-1.2.jar:/home/user/.m2/repository/javax/inject/javax.inject/1/javax.inject-1.jar:/home/user/.m2/repository/com/sun/xml/bind/jaxb-impl/2.3.0.1/jaxb-impl-2.3.0.1.jar:/home/user/.m2/repository/com/sun/xml/bind/jaxb-core/2.3.0.1/jaxb-core-2.3.0.1.jar:/home/user/.m2/repository/javax/xml/bind/jaxb-api/2.3.0/jaxb-api-2.3.0.jar:/home/user/.m2/repository/javax/activation/activation/1.1.1/activation-1.1.1.jar:/home/user/.m2/repository/org/apache/hadoop/hadoop-ozone-csi/0.5.0-SNAPSHOT/hadoop-ozone-csi-0.5.0-SNAPSHOT.jar:/home/user/.m2/repository/com/google/protobuf/protobuf-java-util/3.5.1/protobuf-java-util-3.5.1.jar:/home/user/.m2/repository/org/apache/hadoop/hadoop-hdds-config/0.5.0-SNAPSHOT/hadoop-hdds-config-0.5.0-SNAPSHOT.jar:/home/user/.m2/repository/io/grpc/grpc-netty/1.17.1/grpc-netty-1.17.1.jar:/home/user/.m2/repository/io/grpc/grpc-core/1.17.1/grpc-core-1.17.1.jar:/home/user/.m2/repository/io/grpc/grpc-context/1.17.1/grpc-context-1.17.1.jar:/home/user/.m2/repository/com/google/errorprone/error_prone_annotations/2.2.0/error_prone_annotations-2.2.0.jar:/home/user/.m2/repository/org/codehaus/mojo/animal-sniffer-annotations/1.17/animal-sniffer-annotations-1.17.jar:/home/user/.m2/repository/io/opencensus/opencensus-api/0.17.0/opencensus-api-0.17.0.jar:/home/user/.m2/repository/io/opencensus/opencensus-contrib-grpc-metrics/0.17.0/opencensus-contrib-grpc-metrics-0.17.0.jar:/home/user/.m2/repository/io/netty/netty-codec-http2/4.1.30.Final/netty-codec-http2-4.1.30.Final.jar:/home/user/.m2/repository/io/netty/netty-codec-http/4.1.30.Final/netty-codec-http-4.1.30.Final.jar:/home/user/.m2/repository/io/netty/netty-codec/4.1.30.Final/netty-codec-4.1.30.Final.jar:/home/user/.m2/repository/io/netty/netty-handler/4.1.30.Final/netty-handler-4.1.30.Final.jar:/home/user/.m2/repository/io/netty/netty-handler-proxy/4.1.30.Final/netty-handler-proxy-4.1.30.Final.jar:/home/user/.m2/repository/io/netty/netty-codec-socks/4.1.30.Final/netty-codec-socks-4.1.30.Final.jar:/home/user/.m2/repository/io/netty/netty-transport-native-epoll/4.1.30.Final/netty-transport-native-epoll-4.1.30.Final.jar:/home/user/.m2/repository/io/netty/netty-common/4.1.30.Final/netty-common-4.1.30.Final.jar:/home/user/.m2/repository/io/netty/netty-buffer/4.1.30.Final/netty-buffer-4.1.30.Final.jar:/home/user/.m2/repository/io/netty/netty-transport/4.1.30.Final/netty-transport-4.1.30.Final.jar:/home/user/.m2/repository/io/netty/netty-resolver/4.1.30.Final/netty-resolver-4.1.30.Final.jar:/home/user/.m2/repository/io/netty/netty-transport-native-unix-common/4.1.30.Final/netty-transport-native-unix-common-4.1.30.Final.jar:/home/user/.m2/repository/io/grpc/grpc-protobuf/1.17.1/grpc-protobuf-1.17.1.jar:/home/user/.m2/repository/com/google/api/grpc/proto-google-common-protos/1.0.0/proto-google-common-protos-1.0.0.jar:/home/user/.m2/repository/io/grpc/grpc-protobuf-lite/1.17.1/grpc-protobuf-lite-1.17.1.jar:/home/user/.m2/repository/io/grpc/grpc-stub/1.17.1/grpc-stub-1.17.1.jar:/home/user/.m2/repository/org/apache/hadoop/hadoop-ozone-recon/0.5.0-SNAPSHOT/hadoop-ozone-recon-0.5.0-SNAPSHOT.jar:/home/user/.m2/repository/org/apache/hadoop/hadoop-ozone-reconcodegen/0.5.0-SNAPSHOT/hadoop-ozone-reconcodegen-0.5.0-SNAPSHOT.jar:/home/user/.m2/repository/com/google/inject/extensions/guice-multibindings/4.0/guice-multibindings-4.0.jar:/home/user/.m2/repository/com/google/inject/guice/4.0/guice-4.0.jar:/home/user/.m2/repository/aopalliance/aopalliance/1.0/aopalliance-1.0.jar:/home/user/.m2/repository/com/google/inject/extensions/guice-servlet/4.0/guice-servlet-4.0.jar:/home/user/.m2/repository/org/glassfish/jersey/containers/jersey-container-servlet/2.27/jersey-container-servlet-2.27.jar:/home/user/.m2/repository/org/glassfish/hk2/guice-bridge/2.5.0/guice-bridge-2.5.0.jar:/home/user/.m2/repository/org/glassfish/jersey/core/jersey-server/2.27/jersey-server-2.27.jar:/home/user/.m2/repository/org/glassfish/jersey/core/jersey-client/2.27/jersey-client-2.27.jar:/home/user/.m2/repository/org/glassfish/jersey/media/jersey-media-jaxb/2.27/jersey-media-jaxb-2.27.jar:/home/user/.m2/repository/javax/validation/validation-api/1.1.0.Final/validation-api-1.1.0.Final.jar:/home/user/.m2/repository/org/glassfish/jersey/media/jersey-media-json-jackson/2.27/jersey-media-json-jackson-2.27.jar:/home/user/.m2/repository/org/glassfish/jersey/ext/jersey-entity-filtering/2.27/jersey-entity-filtering-2.27.jar:/home/user/.m2/repository/com/google/inject/extensions/guice-assistedinject/4.0/guice-assistedinject-4.0.jar:/home/user/.m2/repository/org/jooq/jooq/3.11.10/jooq-3.11.10.jar:/home/user/.m2/repository/org/jooq/jooq-meta/3.11.10/jooq-meta-3.11.10.jar:/home/user/.m2/repository/org/jooq/jooq-codegen/3.11.10/jooq-codegen-3.11.10.jar:/home/user/.m2/repository/com/jolbox/bonecp/0.8.0.RELEASE/bonecp-0.8.0.RELEASE.jar:/home/user/.m2/repository/org/xerial/sqlite-jdbc/3.25.2/sqlite-jdbc-3.25.2.jar:/home/user/.m2/repository/org/springframework/spring-jdbc/5.1.3.RELEASE/spring-jdbc-5.1.3.RELEASE.jar:/home/user/.m2/repository/org/springframework/spring-beans/5.1.3.RELEASE/spring-beans-5.1.3.RELEASE.jar:/home/user/.m2/repository/org/springframework/spring-core/5.1.3.RELEASE/spring-core-5.1.3.RELEASE.jar:/home/user/.m2/repository/org/springframework/spring-jcl/5.1.3.RELEASE/spring-jcl-5.1.3.RELEASE.jar:/home/user/.m2/repository/org/springframework/spring-tx/5.1.3.RELEASE/spring-tx-5.1.3.RELEASE.jar:/home/user/.m2/repository/org/apache/hadoop/hadoop-ozone-client/0.5.0-SNAPSHOT/hadoop-ozone-client-0.5.0-SNAPSHOT.jar:/home/user/.m2/repository/commons-lang/commons-lang/2.6/commons-lang-2.6.jar:/home/user/.m2/repository/org/apache/hadoop/hadoop-ozone-ozone-manager/0.5.0-SNAPSHOT/hadoop-ozone-ozone-manager-0.5.0-SNAPSHOT-tests.jar:/home/user/.m2/repository/junit/junit/4.11/junit-4.11.jar:/home/user/.m2/repository/org/hamcrest/hamcrest-core/1.3/hamcrest-core-1.3.jar:/home/user/.m2/repository/org/openjdk/jmh/jmh-core/1.19/jmh-core-1.19.jar:/home/user/.m2/repository/net/sf/jopt-simple/jopt-simple/4.6/jopt-simple-4.6.jar:/home/user/.m2/repository/org/apache/commons/commons-math3/3.1.1/commons-math3-3.1.1.jar:/home/user/.m2/repository/org/openjdk/jmh/jmh-generator-annprocess/1.19/jmh-generator-annprocess-1.19.jar:/home/user/.m2/repository/org/mockito/mockito-all/1.8.5/mockito-all-1.8.5.jar:/home/user/.m2/repository/org/apache/hadoop/hadoop-kms/3.2.0/hadoop-kms-3.2.0.jar:/home/user/.m2/repository/org/apache/hadoop/hadoop-auth/3.2.0/hadoop-auth-3.2.0.jar:/home/user/.m2/repository/com/nimbusds/nimbus-jose-jwt/4.41.1/nimbus-jose-jwt-4.41.1.jar:/home/user/.m2/repository/com/github/stephenc/jcip/jcip-annotations/1.0-1/jcip-annotations-1.0-1.jar:/home/user/.m2/repository/net/minidev/json-smart/2.3/json-smart-2.3.jar:/home/user/.m2/repository/net/minidev/accessors-smart/1.2/accessors-smart-1.2.jar:/home/user/.m2/repository/org/ow2/asm/asm/5.0.4/asm-5.0.4.jar:/home/user/.m2/repository/org/apache/curator/curator-framework/2.12.0/curator-framework-2.12.0.jar:/home/user/.m2/repository/com/sun/jersey/jersey-core/1.19/jersey-core-1.19.jar:/home/user/.m2/repository/javax/ws/rs/jsr311-api/1.1.1/jsr311-api-1.1.1.jar:/home/user/.m2/repository/com/sun/jersey/jersey-server/1.19/jersey-server-1.19.jar:/home/user/.m2/repository/javax/servlet/javax.servlet-api/3.1.0/javax.servlet-api-3.1.0.jar:/home/user/.m2/repository/org/eclipse/jetty/jetty-server/9.3.25.v20180904/jetty-server-9.3.25.v20180904.jar:/home/user/.m2/repository/org/eclipse/jetty/jetty-http/9.3.25.v20180904/jetty-http-9.3.25.v20180904.jar:/home/user/.m2/repository/org/eclipse/jetty/jetty-io/9.3.25.v20180904/jetty-io-9.3.25.v20180904.jar:/home/user/.m2/repository/org/eclipse/jetty/jetty-webapp/9.3.25.v20180904/jetty-webapp-9.3.25.v20180904.jar:/home/user/.m2/repository/org/eclipse/jetty/jetty-xml/9.3.25.v20180904/jetty-xml-9.3.25.v20180904.jar:/home/user/.m2/repository/log4j/log4j/1.2.17/log4j-1.2.17.jar:/home/user/.m2/repository/org/slf4j/slf4j-api/1.7.25/slf4j-api-1.7.25.jar:/home/user/.m2/repository/org/slf4j/jul-to-slf4j/1.7.25/jul-to-slf4j-1.7.25.jar:/home/user/.m2/repository/org/eclipse/jetty/jetty-util/9.3.25.v20180904/jetty-util-9.3.25.v20180904.jar:/home/user/.m2/repository/com/fasterxml/jackson/core/jackson-databind/2.9.9/jackson-databind-2.9.9.jar:/home/user/.m2/repository/org/apache/hadoop/hadoop-kms/3.2.0/hadoop-kms-3.2.0-tests.jar:/home/user/.m2/repository/org/apache/hadoop/hadoop-hdds-server-scm/0.5.0-SNAPSHOT/hadoop-hdds-server-scm-0.5.0-SNAPSHOT-tests.jar:/home/user/.m2/repository/org/apache/hadoop/hadoop-hdds-container-service/0.5.0-SNAPSHOT/hadoop-hdds-container-service-0.5.0-SNAPSHOT-tests.jar:/home/user/.m2/repository/org/yaml/snakeyaml/1.16/snakeyaml-1.16.jar:/home/user/.m2/repository/org/apache/hadoop/hadoop-common/3.2.0/hadoop-common-3.2.0-tests.jar:/home/user/.m2/repository/org/apache/hadoop/hadoop-annotations/3.2.0/hadoop-annotations-3.2.0.jar:/usr/lib/jvm/java-1.8-openjdk/jre/../lib/tools.jar:/home/user/.m2/repository/commons-cli/commons-cli/1.2/commons-cli-1.2.jar:/home/user/.m2/repository/org/apache/httpcomponents/httpclient/4.5.2/httpclient-4.5.2.jar:/home/user/.m2/repository/org/apache/httpcomponents/httpcore/4.4.4/httpcore-4.4.4.jar:/home/user/.m2/repository/commons-codec/commons-codec/1.11/commons-codec-1.11.jar:/home/user/.m2/repository/commons-net/commons-net/3.6/commons-net-3.6.jar:/home/user/.m2/repository/commons-collections/commons-collections/3.2.2/commons-collections-3.2.2.jar:/home/user/.m2/repository/org/eclipse/jetty/jetty-servlet/9.3.25.v20180904/jetty-servlet-9.3.25.v20180904.jar:/home/user/.m2/repository/org/eclipse/jetty/jetty-security/9.3.25.v20180904/jetty-security-9.3.25.v20180904.jar:/home/user/.m2/repository/javax/servlet/jsp/jsp-api/2.1/jsp-api-2.1.jar:/home/user/.m2/repository/com/sun/jersey/jersey-servlet/1.19/jersey-servlet-1.19.jar:/home/user/.m2/repository/com/sun/jersey/jersey-json/1.19/jersey-json-1.19.jar:/home/user/.m2/repository/org/codehaus/jettison/jettison/1.1/jettison-1.1.jar:/home/user/.m2/repository/org/codehaus/jackson/jackson-core-asl/1.9.13/jackson-core-asl-1.9.13.jar:/home/user/.m2/repository/org/codehaus/jackson/jackson-mapper-asl/1.9.13/jackson-mapper-asl-1.9.13.jar:/home/user/.m2/repository/org/codehaus/jackson/jackson-jaxrs/1.9.13/jackson-jaxrs-1.9.13.jar:/home/user/.m2/repository/org/codehaus/jackson/jackson-xc/1.9.13/jackson-xc-1.9.13.jar:/home/user/.m2/repository/commons-logging/commons-logging/1.1.3/commons-logging-1.1.3.jar:/home/user/.m2/repository/commons-beanutils/commons-beanutils/1.9.4/commons-beanutils-1.9.4.jar:/home/user/.m2/repository/org/apache/commons/commons-configuration2/2.1.1/commons-configuration2-2.1.1.jar:/home/user/.m2/repository/org/apache/commons/commons-lang3/3.7/commons-lang3-3.7.jar:/home/user/.m2/repository/org/apache/commons/commons-text/1.4/commons-text-1.4.jar:/home/user/.m2/repository/org/apache/avro/avro/1.7.7/avro-1.7.7.jar:/home/user/.m2/repository/com/thoughtworks/paranamer/paranamer/2.3/paranamer-2.3.jar:/home/user/.m2/repository/org/xerial/snappy/snappy-java/1.0.5/snappy-java-1.0.5.jar:/home/user/.m2/repository/com/google/re2j/re2j/1.1/re2j-1.1.jar:/home/user/.m2/repository/com/google/code/gson/gson/2.2.4/gson-2.2.4.jar:/home/user/.m2/repository/com/jcraft/jsch/0.1.54/jsch-0.1.54.jar:/home/user/.m2/repository/org/apache/curator/curator-client/2.12.0/curator-client-2.12.0.jar:/home/user/.m2/repository/org/apache/curator/curator-recipes/2.12.0/curator-recipes-2.12.0.jar:/home/user/.m2/repository/com/google/code/findbugs/jsr305/3.0.0/jsr305-3.0.0.jar:/home/user/.m2/repository/org/apache/htrace/htrace-core4/4.1.0-incubating/htrace-core4-4.1.0-incubating.jar:/home/user/.m2/repository/org/apache/zookeeper/zookeeper/3.4.13/zookeeper-3.4.13.jar:/home/user/.m2/repository/jline/jline/0.9.94/jline-0.9.94.jar:/home/user/.m2/repository/org/apache/yetus/audience-annotations/0.5.0/audience-annotations-0.5.0.jar:/home/user/.m2/repository/org/codehaus/woodstox/stax2-api/3.1.4/stax2-api-3.1.4.jar:/home/user/.m2/repository/com/fasterxml/woodstox/woodstox-core/5.0.3/woodstox-core-5.0.3.jar:/home/user/.m2/repository/dnsjava/dnsjava/2.1.7/dnsjava-2.1.7.jar:/home/user/.m2/repository/org/apache/hadoop/hadoop-hdfs/3.2.0/hadoop-hdfs-3.2.0-tests.jar:/home/user/.m2/repository/org/eclipse/jetty/jetty-util-ajax/9.3.25.v20180904/jetty-util-ajax-9.3.25.v20180904.jar:/home/user/.m2/repository/commons-daemon/commons-daemon/1.0.13/commons-daemon-1.0.13.jar:/home/user/.m2/repository/io/netty/netty/3.10.5.Final/netty-3.10.5.Final.jar:/home/user/.m2/repository/io/netty/netty-all/4.0.52.Final/netty-all-4.0.52.Final.jar:/home/user/.m2/repository/org/fusesource/leveldbjni/leveldbjni-all/1.8/leveldbjni-all-1.8.jar:"/>
    <property name="sun.cpu.endian" value="little"/>
    <property name="user.home" value="/home/user"/>
    <property name="user.language" value="en"/>
    <property name="java.specification.vendor" value="Oracle Corporation"/>
    <property name="java.home" value="/usr/lib/jvm/java-1.8-openjdk/jre"/>
    <property name="java.security.krb5.conf" value="/workdir/hadoop-ozone/integration-test/target/test-classes/krb5.conf"/>
    <property name="basedir" value="/workdir/hadoop-ozone/integration-test"/>
    <property name="file.separator" value="/"/>
    <property name="line.separator" value="&#10;"/>
    <property name="java.vm.specification.vendor" value="Oracle Corporation"/>
    <property name="java.specification.name" value="Java Platform API Specification"/>
    <property name="java.awt.graphicsenv" value="sun.awt.X11GraphicsEnvironment"/>
    <property name="surefire.real.class.path" value="/workdir/hadoop-ozone/integration-test/target/surefire/surefirebooter5170803281112966389.jar"/>
    <property name="hadoop.log.dir" value="/workdir/hadoop-ozone/integration-test/target/log"/>
    <property name="sun.boot.class.path" value="/usr/lib/jvm/java-1.8-openjdk/jre/lib/resources.jar:/usr/lib/jvm/java-1.8-openjdk/jre/lib/rt.jar:/usr/lib/jvm/java-1.8-openjdk/jre/lib/sunrsasign.jar:/usr/lib/jvm/java-1.8-openjdk/jre/lib/jsse.jar:/usr/lib/jvm/java-1.8-openjdk/jre/lib/jce.jar:/usr/lib/jvm/java-1.8-openjdk/jre/lib/charsets.jar:/usr/lib/jvm/java-1.8-openjdk/jre/lib/jfr.jar:/usr/lib/jvm/java-1.8-openjdk/jre/classes"/>
    <property name="sun.management.compiler" value="HotSpot 64-Bit Tiered Compilers"/>
    <property name="java.runtime.version" value="1.8.0_212-b04"/>
    <property name="java.net.preferIPv4Stack" value="true"/>
    <property name="user.name" value="jenkins1000"/>
    <property name="path.separator" value=":"/>
    <property name="java.security.egd" value="file:///dev/urandom"/>
    <property name="os.version" value="3.10.0-957.12.2.el7.x86_64"/>
    <property name="java.endorsed.dirs" value="/usr/lib/jvm/java-1.8-openjdk/jre/lib/endorsed"/>
    <property name="java.runtime.name" value="OpenJDK Runtime Environment"/>
    <property name="file.encoding" value="UTF-8"/>
    <property name="java.vm.name" value="OpenJDK 64-Bit Server VM"/>
    <property name="test.build.webapps" value=""/>
    <property name="localRepository" value="/home/user/.m2/repository"/>
    <property name="java.vendor.url.bug" value="https://icedtea.classpath.org/bugzilla"/>
    <property name="java.io.tmpdir" value="/tmp"/>
    <property name="require.test.libhadoop" value=""/>
    <property name="java.version" value="1.8.0_212"/>
    <property name="user.dir" value="/workdir/hadoop-ozone/integration-test"/>
    <property name="os.arch" value="amd64"/>
    <property name="java.vm.specification.name" value="Java Virtual Machine Specification"/>
    <property name="test.build.classes" value="/workdir/hadoop-ozone/integration-test/target/test-classes"/>
    <property name="java.awt.printerjob" value="sun.print.PSPrinterJob"/>
    <property name="sun.os.patch.level" value="unknown"/>
    <property name="hadoop.tmp.dir" value="/workdir/hadoop-ozone/integration-test/target/tmp"/>
    <property name="java.library.path" value="/usr/lib/jvm/java-1.8-openjdk/jre/lib/amd64/server:/usr/lib/jvm/java-1.8-openjdk/jre/lib/amd64:/usr/lib/jvm/java-1.8-openjdk/jre/../lib/amd64:/workdir/hadoop-ozone/integration-test/target/native/target/usr/local/lib:/workdir/hadoop-ozone/integration-test/../../hadoop-common-project/hadoop-common/target/native/target/usr/local/lib:/usr/java/packages/lib/amd64:/usr/lib64:/lib64:/lib:/usr/lib"/>
    <property name="java.vm.info" value="mixed mode"/>
    <property name="java.vendor" value="IcedTea"/>
    <property name="java.vm.version" value="25.212-b04"/>
    <property name="java.ext.dirs" value="/usr/lib/jvm/java-1.8-openjdk/jre/lib/ext:/usr/java/packages/lib/ext"/>
    <property name="sun.io.unicode.encoding" value="UnicodeLittle"/>
    <property name="java.class.version" value="52.0"/>
  </properties>
  <testcase name="testWatchForCommitWithKeyWrite" classname="org.apache.hadoop.ozone.client.rpc.TestWatchForCommit" time="79.611"/>
  <testcase name="testWatchForCommitWithSmallerTimeoutValue" classname="org.apache.hadoop.ozone.client.rpc.TestWatchForCommit" time="42.835"/>
  <testcase name="testWatchForCommitForRetryfailure" classname="org.apache.hadoop.ozone.client.rpc.TestWatchForCommit" time="61.379">
    <failure type="java.lang.AssertionError">java.lang.AssertionError
	at org.junit.Assert.fail(Assert.java:86)
	at org.junit.Assert.assertTrue(Assert.java:41)
	at org.junit.Assert.assertTrue(Assert.java:52)
	at org.apache.hadoop.ozone.client.rpc.TestWatchForCommit.testWatchForCommitForRetryfailure(TestWatchForCommit.java:348)
	at sun.reflect.NativeMethodAccessorImpl.invoke0(Native Method)
	at sun.reflect.NativeMethodAccessorImpl.invoke(NativeMethodAccessorImpl.java:62)
	at sun.reflect.DelegatingMethodAccessorImpl.invoke(DelegatingMethodAccessorImpl.java:43)
	at java.lang.reflect.Method.invoke(Method.java:498)
	at org.junit.runners.model.FrameworkMethod$1.runReflectiveCall(FrameworkMethod.java:47)
	at org.junit.internal.runners.model.ReflectiveCallable.run(ReflectiveCallable.java:12)
	at org.junit.runners.model.FrameworkMethod.invokeExplosively(FrameworkMethod.java:44)
	at org.junit.internal.runners.statements.InvokeMethod.evaluate(InvokeMethod.java:17)
	at org.junit.runners.ParentRunner.runLeaf(ParentRunner.java:271)
	at org.junit.runners.BlockJUnit4ClassRunner.runChild(BlockJUnit4ClassRunner.java:70)
	at org.junit.runners.BlockJUnit4ClassRunner.runChild(BlockJUnit4ClassRunner.java:50)
	at org.junit.runners.ParentRunner$3.run(ParentRunner.java:238)
	at org.junit.runners.ParentRunner$1.schedule(ParentRunner.java:63)
	at org.junit.runners.ParentRunner.runChildren(ParentRunner.java:236)
	at org.junit.runners.ParentRunner.access$000(ParentRunner.java:53)
	at org.junit.runners.ParentRunner$2.evaluate(ParentRunner.java:229)
	at org.junit.runners.ParentRunner.run(ParentRunner.java:309)
	at org.apache.maven.surefire.junit4.JUnit4Provider.execute(JUnit4Provider.java:365)
	at org.apache.maven.surefire.junit4.JUnit4Provider.executeWithRerun(JUnit4Provider.java:273)
	at org.apache.maven.surefire.junit4.JUnit4Provider.executeTestSet(JUnit4Provider.java:238)
	at org.apache.maven.surefire.junit4.JUnit4Provider.invoke(JUnit4Provider.java:159)
	at org.apache.maven.surefire.booter.ForkedBooter.invokeProviderInSameClassLoader(ForkedBooter.java:384)
	at org.apache.maven.surefire.booter.ForkedBooter.runSuitesInProcess(ForkedBooter.java:345)
	at org.apache.maven.surefire.booter.ForkedBooter.execute(ForkedBooter.java:126)
	at org.apache.maven.surefire.booter.ForkedBooter.main(ForkedBooter.java:418)
</failure>
    <system-out><![CDATA[2019-10-07 12:53:06,818 [main] WARN  server.ServerUtils (ServerUtils.java:getScmDbDir(145)) - ozone.scm.db.dirs is not configured. We recommend adding this setting. Falling back to ozone.metadata.dirs instead.
2019-10-07 12:53:06,833 [main] WARN  server.ServerUtils (ServerUtils.java:getScmDbDir(145)) - ozone.scm.db.dirs is not configured. We recommend adding this setting. Falling back to ozone.metadata.dirs instead.
2019-10-07 12:53:06,833 [main] WARN  server.ServerUtils (ServerUtils.java:getScmDbDir(145)) - ozone.scm.db.dirs is not configured. We recommend adding this setting. Falling back to ozone.metadata.dirs instead.
2019-10-07 12:53:06,834 [main] INFO  db.DBStoreBuilder (DBStoreBuilder.java:addTable(117)) - using custom profile for table: deletedBlocks
2019-10-07 12:53:06,834 [main] INFO  db.DBStoreBuilder (DBStoreBuilder.java:processTables(168)) - Using default column profile:DBProfile.DISK for Table:deletedBlocks
2019-10-07 12:53:06,834 [main] INFO  db.DBStoreBuilder (DBStoreBuilder.java:addTable(117)) - using custom profile for table: validCerts
2019-10-07 12:53:06,835 [main] INFO  db.DBStoreBuilder (DBStoreBuilder.java:processTables(168)) - Using default column profile:DBProfile.DISK for Table:validCerts
2019-10-07 12:53:06,835 [main] INFO  db.DBStoreBuilder (DBStoreBuilder.java:addTable(117)) - using custom profile for table: revokedCerts
2019-10-07 12:53:06,835 [main] INFO  db.DBStoreBuilder (DBStoreBuilder.java:processTables(168)) - Using default column profile:DBProfile.DISK for Table:revokedCerts
2019-10-07 12:53:06,835 [main] INFO  db.DBStoreBuilder (DBStoreBuilder.java:addTable(117)) - using custom profile for table: default
2019-10-07 12:53:06,836 [main] INFO  db.DBStoreBuilder (DBStoreBuilder.java:processTables(174)) - Using default column profile:DBProfile.DISK for Table:default
2019-10-07 12:53:06,836 [main] INFO  db.DBStoreBuilder (DBStoreBuilder.java:getDbProfile(205)) - Using default options. DBProfile.DISK
2019-10-07 12:53:07,131 [main] INFO  net.NodeSchemaLoader (NodeSchemaLoader.java:loadSchemaFromFile(125)) - Loading file from sun.misc.CompoundEnumeration@4ed15347
2019-10-07 12:53:07,131 [main] INFO  net.NodeSchemaLoader (NodeSchemaLoader.java:loadSchema(171)) - Loading network topology layer schema file
2019-10-07 12:53:07,137 [main] WARN  server.ServerUtils (ServerUtils.java:sanitizeUserArgs(70)) - ozone.scm.stale.node.interval value = 300000 is larger than max = 100000 based on the key value of ozone.scm.heartbeat.thread.interval, reset to the max value 100000.
2019-10-07 12:53:07,137 [main] WARN  server.ServerUtils (ServerUtils.java:sanitizeUserArgs(70)) - ozone.scm.stale.node.interval value = 300000 is larger than max = 100000 based on the key value of ozone.scm.heartbeat.thread.interval, reset to the max value 100000.
2019-10-07 12:53:07,138 [main] INFO  node.SCMNodeManager (SCMNodeManager.java:<init>(116)) - Entering startup safe mode.
2019-10-07 12:53:07,139 [main] INFO  algorithms.ContainerPlacementPolicyFactory (ContainerPlacementPolicyFactory.java:getPolicy(57)) - Create container placement policy of type org.apache.hadoop.hdds.scm.container.placement.algorithms.SCMContainerPlacementRandom
2019-10-07 12:53:07,139 [main] WARN  server.ServerUtils (ServerUtils.java:getScmDbDir(145)) - ozone.scm.db.dirs is not configured. We recommend adding this setting. Falling back to ozone.metadata.dirs instead.
2019-10-07 12:53:07,209 [main] INFO  pipeline.SCMPipelineManager (SCMPipelineManager.java:initializePipelineState(132)) - No pipeline exists in current db
2019-10-07 12:53:07,210 [main] WARN  server.ServerUtils (ServerUtils.java:getScmDbDir(145)) - ozone.scm.db.dirs is not configured. We recommend adding this setting. Falling back to ozone.metadata.dirs instead.
2019-10-07 12:53:07,276 [main] WARN  events.EventQueue (EventQueue.java:fireEvent(183)) - No event handler registered for event TypedEvent{payloadType=SafeModeStatus, name='SafeModeStatus'}
2019-10-07 12:53:07,277 [main] INFO  ipc.CallQueueManager (CallQueueManager.java:<init>(84)) - Using callQueue: class java.util.concurrent.LinkedBlockingQueue, queueCapacity: 2000, scheduler: class org.apache.hadoop.ipc.DefaultRpcScheduler, ipcBackoff: false.
2019-10-07 12:53:07,278 [Socket Reader #1 for port 44331] INFO  ipc.Server (Server.java:run(1074)) - Starting Socket Reader #1 for port 44331
2019-10-07 12:53:07,281 [main] INFO  ipc.CallQueueManager (CallQueueManager.java:<init>(84)) - Using callQueue: class java.util.concurrent.LinkedBlockingQueue, queueCapacity: 2000, scheduler: class org.apache.hadoop.ipc.DefaultRpcScheduler, ipcBackoff: false.
2019-10-07 12:53:07,281 [Socket Reader #1 for port 43282] INFO  ipc.Server (Server.java:run(1074)) - Starting Socket Reader #1 for port 43282
2019-10-07 12:53:07,283 [main] INFO  ipc.CallQueueManager (CallQueueManager.java:<init>(84)) - Using callQueue: class java.util.concurrent.LinkedBlockingQueue, queueCapacity: 2000, scheduler: class org.apache.hadoop.ipc.DefaultRpcScheduler, ipcBackoff: false.
2019-10-07 12:53:07,284 [Socket Reader #1 for port 40251] INFO  ipc.Server (Server.java:run(1074)) - Starting Socket Reader #1 for port 40251
2019-10-07 12:53:07,287 [main] INFO  hdfs.DFSUtil (DFSUtil.java:httpServerTemplateForNNAndJN(1641)) - Starting Web-server for scm at: http://0.0.0.0:0
2019-10-07 12:53:07,289 [main] INFO  server.AuthenticationFilter (AuthenticationFilter.java:constructSecretProvider(240)) - Unable to initialize FileSignerSecretProvider, falling back to use random secrets.
2019-10-07 12:53:07,290 [main] WARN  http.HttpRequestLog (HttpRequestLog.java:getRequestLog(97)) - Jetty request log can only be enabled using Log4j
2019-10-07 12:53:07,292 [main] INFO  http.HttpServer2 (HttpServer2.java:addGlobalFilter(975)) - Added global filter 'safety' (class=org.apache.hadoop.http.HttpServer2$QuotingInputFilter)
2019-10-07 12:53:07,292 [main] INFO  http.HttpServer2 (HttpServer2.java:addFilter(948)) - Added filter static_user_filter (class=org.apache.hadoop.http.lib.StaticUserWebFilter$StaticUserFilter) to context scm
2019-10-07 12:53:07,293 [main] INFO  http.HttpServer2 (HttpServer2.java:addFilter(958)) - Added filter static_user_filter (class=org.apache.hadoop.http.lib.StaticUserWebFilter$StaticUserFilter) to context logs
2019-10-07 12:53:07,293 [main] INFO  http.HttpServer2 (HttpServer2.java:addFilter(958)) - Added filter static_user_filter (class=org.apache.hadoop.http.lib.StaticUserWebFilter$StaticUserFilter) to context static
2019-10-07 12:53:07,295 [main] INFO  server.StorageContainerManager (StorageContainerManager.java:start(770)) - StorageContainerLocationProtocol RPC server is listening at /0.0.0.0:40251
2019-10-07 12:53:07,298 [main] WARN  impl.MetricsConfig (MetricsConfig.java:loadFirst(134)) - Cannot locate configuration: tried hadoop-metrics2-storagecontainermanager.properties,hadoop-metrics2.properties
2019-10-07 12:53:07,299 [main] INFO  impl.MetricsSystemImpl (MetricsSystemImpl.java:startTimer(374)) - Scheduled Metric snapshot period at 10 second(s).
2019-10-07 12:53:07,299 [main] INFO  impl.MetricsSystemImpl (MetricsSystemImpl.java:start(191)) - StorageContainerManager metrics system started
2019-10-07 12:53:07,353 [main] INFO  lib.Interns (Interns.java:removeEldestEntry(50)) - Metrics intern cache overflow at 2011 for MetricsSystem={MetricsSystem=MetricsInfoImpl{name=MetricsSystem, description=MetricsSystem}, MetricsSystem record=MetricsInfoImpl{name=MetricsSystem, description=MetricsSystem record}}
2019-10-07 12:53:07,366 [main] WARN  impl.MetricsSystemImpl (MetricsSystemImpl.java:register(276)) - Sink prometheus already exists!
2019-10-07 12:53:07,413 [main] INFO  server.SCMClientProtocolServer (SCMClientProtocolServer.java:start(159)) - RPC server for Client  is listening at /0.0.0.0:40251
2019-10-07 12:53:07,414 [IPC Server listener on 40251] INFO  ipc.Server (Server.java:run(1153)) - IPC Server listener on 40251: starting
2019-10-07 12:53:07,414 [IPC Server Responder] INFO  ipc.Server (Server.java:run(1314)) - IPC Server Responder: starting
2019-10-07 12:53:07,418 [main] INFO  server.StorageContainerManager (StorageContainerManager.java:start(780)) - ScmBlockLocationProtocol RPC server is listening at /0.0.0.0:43282
2019-10-07 12:53:07,418 [main] INFO  server.SCMBlockProtocolServer (SCMBlockProtocolServer.java:start(146)) - RPC server for Block Protocol is listening at /0.0.0.0:43282
2019-10-07 12:53:07,418 [IPC Server Responder] INFO  ipc.Server (Server.java:run(1314)) - IPC Server Responder: starting
2019-10-07 12:53:07,418 [IPC Server listener on 43282] INFO  ipc.Server (Server.java:run(1153)) - IPC Server listener on 43282: starting
2019-10-07 12:53:07,423 [main] INFO  server.StorageContainerManager (StorageContainerManager.java:start(784)) - ScmDatanodeProtocl RPC server is listening at /0.0.0.0:44331
2019-10-07 12:53:07,424 [main] INFO  server.SCMDatanodeProtocolServer (SCMDatanodeProtocolServer.java:start(169)) - RPC server for DataNodes is listening at /0.0.0.0:44331
2019-10-07 12:53:07,424 [IPC Server Responder] INFO  ipc.Server (Server.java:run(1314)) - IPC Server Responder: starting
2019-10-07 12:53:07,424 [IPC Server listener on 44331] INFO  ipc.Server (Server.java:run(1153)) - IPC Server listener on 44331: starting
2019-10-07 12:53:07,427 [main] INFO  http.HttpServer2 (HttpServer2.java:bindListener(1191)) - Jetty bound to port 39111
2019-10-07 12:53:07,427 [main] INFO  server.Server (Server.java:doStart(351)) - jetty-9.3.25.v20180904, build timestamp: 2018-09-04T21:11:46Z, git hash: 3ce520221d0240229c862b122d2b06c12a625732
2019-10-07 12:53:07,429 [main] INFO  handler.ContextHandler (ContextHandler.java:doStart(781)) - Started o.e.j.s.ServletContextHandler@3290b1a6{/logs,file:///workdir/hadoop-ozone/integration-test/target/log,AVAILABLE}
2019-10-07 12:53:07,430 [main] INFO  handler.ContextHandler (ContextHandler.java:doStart(781)) - Started o.e.j.s.ServletContextHandler@67bf0480{/static,file:///workdir/hadoop-ozone/integration-test/target/test-classes/webapps/static,AVAILABLE}
2019-10-07 12:53:07,434 [main] INFO  handler.ContextHandler (ContextHandler.java:doStart(781)) - Started o.e.j.w.WebAppContext@79eeff87{/,file:///workdir/hadoop-ozone/integration-test/target/test-classes/webapps/scm/,AVAILABLE}{/scm}
2019-10-07 12:53:07,434 [main] INFO  server.AbstractConnector (AbstractConnector.java:doStart(278)) - Started ServerConnector@6b4fc2d1{HTTP/1.1,[http/1.1]}{0.0.0.0:39111}
2019-10-07 12:53:07,435 [main] INFO  server.Server (Server.java:doStart(419)) - Started @123447ms
2019-10-07 12:53:07,435 [main] WARN  impl.MetricsSystemImpl (MetricsSystemImpl.java:register(276)) - Sink prometheus already exists!
2019-10-07 12:53:07,436 [main] INFO  server.BaseHttpServer (BaseHttpServer.java:updateConnectorAddress(215)) - HTTP server of SCM is listening at http://0.0.0.0:39111
2019-10-07 12:53:07,436 [main] WARN  server.ServerUtils (ServerUtils.java:getDBPath(222)) - ozone.om.db.dirs is not configured. We recommend adding this setting. Falling back to ozone.metadata.dirs instead.
2019-10-07 12:53:07,436 [org.apache.hadoop.util.JvmPauseMonitor$Monitor@1de4285e] INFO  util.JvmPauseMonitor (JvmPauseMonitor.java:run(188)) - Starting JVM pause monitor
2019-10-07 12:53:07,462 [main] INFO  ha.OMHANodeDetails (OMHANodeDetails.java:loadOMHAConfig(190)) - Configuration either no ozone.om.address set. Falling back to the default OM address /127.0.0.1:0
2019-10-07 12:53:07,463 [main] INFO  ha.OMHANodeDetails (OMHANodeDetails.java:getOMNodeDetails(220)) - OM Service ID is not set. Setting it to the default ID: omServiceIdDefault
2019-10-07 12:53:07,463 [main] WARN  server.ServerUtils (ServerUtils.java:getDBPath(222)) - ozone.om.db.dirs is not configured. We recommend adding this setting. Falling back to ozone.metadata.dirs instead.
2019-10-07 12:53:07,464 [main] WARN  server.ServerUtils (ServerUtils.java:getDBPath(222)) - ozone.om.db.dirs is not configured. We recommend adding this setting. Falling back to ozone.metadata.dirs instead.
2019-10-07 12:53:07,472 [main] WARN  server.ServerUtils (ServerUtils.java:getDBPath(222)) - ozone.om.db.dirs is not configured. We recommend adding this setting. Falling back to ozone.metadata.dirs instead.
2019-10-07 12:53:07,472 [main] INFO  db.DBStoreBuilder (DBStoreBuilder.java:addTable(117)) - using custom profile for table: userTable
2019-10-07 12:53:07,473 [main] INFO  db.DBStoreBuilder (DBStoreBuilder.java:processTables(168)) - Using default column profile:DBProfile.DISK for Table:userTable
2019-10-07 12:53:07,473 [main] INFO  db.DBStoreBuilder (DBStoreBuilder.java:addTable(117)) - using custom profile for table: volumeTable
2019-10-07 12:53:07,473 [main] INFO  db.DBStoreBuilder (DBStoreBuilder.java:processTables(168)) - Using default column profile:DBProfile.DISK for Table:volumeTable
2019-10-07 12:53:07,473 [main] INFO  db.DBStoreBuilder (DBStoreBuilder.java:addTable(117)) - using custom profile for table: bucketTable
2019-10-07 12:53:07,474 [main] INFO  db.DBStoreBuilder (DBStoreBuilder.java:processTables(168)) - Using default column profile:DBProfile.DISK for Table:bucketTable
2019-10-07 12:53:07,474 [main] INFO  db.DBStoreBuilder (DBStoreBuilder.java:addTable(117)) - using custom profile for table: keyTable
2019-10-07 12:53:07,474 [main] INFO  db.DBStoreBuilder (DBStoreBuilder.java:processTables(168)) - Using default column profile:DBProfile.DISK for Table:keyTable
2019-10-07 12:53:07,475 [main] INFO  db.DBStoreBuilder (DBStoreBuilder.java:addTable(117)) - using custom profile for table: deletedTable
2019-10-07 12:53:07,475 [main] INFO  db.DBStoreBuilder (DBStoreBuilder.java:processTables(168)) - Using default column profile:DBProfile.DISK for Table:deletedTable
2019-10-07 12:53:07,475 [main] INFO  db.DBStoreBuilder (DBStoreBuilder.java:addTable(117)) - using custom profile for table: openKeyTable
2019-10-07 12:53:07,475 [main] INFO  db.DBStoreBuilder (DBStoreBuilder.java:processTables(168)) - Using default column profile:DBProfile.DISK for Table:openKeyTable
2019-10-07 12:53:07,476 [main] INFO  db.DBStoreBuilder (DBStoreBuilder.java:addTable(117)) - using custom profile for table: s3Table
2019-10-07 12:53:07,476 [main] INFO  db.DBStoreBuilder (DBStoreBuilder.java:processTables(168)) - Using default column profile:DBProfile.DISK for Table:s3Table
2019-10-07 12:53:07,476 [main] INFO  db.DBStoreBuilder (DBStoreBuilder.java:addTable(117)) - using custom profile for table: multipartInfoTable
2019-10-07 12:53:07,477 [main] INFO  db.DBStoreBuilder (DBStoreBuilder.java:processTables(168)) - Using default column profile:DBProfile.DISK for Table:multipartInfoTable
2019-10-07 12:53:07,477 [main] INFO  db.DBStoreBuilder (DBStoreBuilder.java:addTable(117)) - using custom profile for table: dTokenTable
2019-10-07 12:53:07,477 [main] INFO  db.DBStoreBuilder (DBStoreBuilder.java:processTables(168)) - Using default column profile:DBProfile.DISK for Table:dTokenTable
2019-10-07 12:53:07,477 [main] INFO  db.DBStoreBuilder (DBStoreBuilder.java:addTable(117)) - using custom profile for table: s3SecretTable
2019-10-07 12:53:07,478 [main] INFO  db.DBStoreBuilder (DBStoreBuilder.java:processTables(168)) - Using default column profile:DBProfile.DISK for Table:s3SecretTable
2019-10-07 12:53:07,478 [main] INFO  db.DBStoreBuilder (DBStoreBuilder.java:addTable(117)) - using custom profile for table: prefixTable
2019-10-07 12:53:07,478 [main] INFO  db.DBStoreBuilder (DBStoreBuilder.java:processTables(168)) - Using default column profile:DBProfile.DISK for Table:prefixTable
2019-10-07 12:53:07,478 [main] INFO  db.DBStoreBuilder (DBStoreBuilder.java:addTable(117)) - using custom profile for table: default
2019-10-07 12:53:07,479 [main] INFO  db.DBStoreBuilder (DBStoreBuilder.java:processTables(174)) - Using default column profile:DBProfile.DISK for Table:default
2019-10-07 12:53:07,479 [main] INFO  db.DBStoreBuilder (DBStoreBuilder.java:getDbProfile(205)) - Using default options. DBProfile.DISK
2019-10-07 12:53:08,092 [main] INFO  ipc.CallQueueManager (CallQueueManager.java:<init>(84)) - Using callQueue: class java.util.concurrent.LinkedBlockingQueue, queueCapacity: 2000, scheduler: class org.apache.hadoop.ipc.DefaultRpcScheduler, ipcBackoff: false.
2019-10-07 12:53:08,093 [Socket Reader #1 for port 45942] INFO  ipc.Server (Server.java:run(1074)) - Starting Socket Reader #1 for port 45942
2019-10-07 12:53:08,107 [main] INFO  om.OzoneManager (OzoneManager.java:start(1069)) - OzoneManager RPC server is listening at localhost/127.0.0.1:45942
2019-10-07 12:53:08,107 [main] INFO  impl.MetricsSystemImpl (MetricsSystemImpl.java:init(158)) - OzoneManager metrics system started (again)
2019-10-07 12:53:08,109 [IPC Server listener on 45942] INFO  ipc.Server (Server.java:run(1153)) - IPC Server listener on 45942: starting
2019-10-07 12:53:08,110 [IPC Server Responder] INFO  ipc.Server (Server.java:run(1314)) - IPC Server Responder: starting
2019-10-07 12:53:08,114 [main] INFO  hdfs.DFSUtil (DFSUtil.java:httpServerTemplateForNNAndJN(1641)) - Starting Web-server for ozoneManager at: http://0.0.0.0:0
2019-10-07 12:53:08,116 [main] INFO  server.AuthenticationFilter (AuthenticationFilter.java:constructSecretProvider(240)) - Unable to initialize FileSignerSecretProvider, falling back to use random secrets.
2019-10-07 12:53:08,116 [main] WARN  http.HttpRequestLog (HttpRequestLog.java:getRequestLog(97)) - Jetty request log can only be enabled using Log4j
2019-10-07 12:53:08,118 [main] INFO  http.HttpServer2 (HttpServer2.java:addGlobalFilter(975)) - Added global filter 'safety' (class=org.apache.hadoop.http.HttpServer2$QuotingInputFilter)
2019-10-07 12:53:08,119 [main] INFO  http.HttpServer2 (HttpServer2.java:addFilter(948)) - Added filter static_user_filter (class=org.apache.hadoop.http.lib.StaticUserWebFilter$StaticUserFilter) to context ozoneManager
2019-10-07 12:53:08,119 [main] INFO  http.HttpServer2 (HttpServer2.java:addFilter(958)) - Added filter static_user_filter (class=org.apache.hadoop.http.lib.StaticUserWebFilter$StaticUserFilter) to context static
2019-10-07 12:53:08,119 [main] INFO  http.HttpServer2 (HttpServer2.java:addFilter(958)) - Added filter static_user_filter (class=org.apache.hadoop.http.lib.StaticUserWebFilter$StaticUserFilter) to context logs
2019-10-07 12:53:08,120 [main] INFO  http.HttpServer2 (HttpServer2.java:bindListener(1191)) - Jetty bound to port 43706
2019-10-07 12:53:08,120 [main] INFO  server.Server (Server.java:doStart(351)) - jetty-9.3.25.v20180904, build timestamp: 2018-09-04T21:11:46Z, git hash: 3ce520221d0240229c862b122d2b06c12a625732
2019-10-07 12:53:08,122 [main] INFO  handler.ContextHandler (ContextHandler.java:doStart(781)) - Started o.e.j.s.ServletContextHandler@75b38c36{/logs,file:///workdir/hadoop-ozone/integration-test/target/log,AVAILABLE}
2019-10-07 12:53:08,123 [main] INFO  handler.ContextHandler (ContextHandler.java:doStart(781)) - Started o.e.j.s.ServletContextHandler@2349f14d{/static,file:///workdir/hadoop-ozone/integration-test/target/test-classes/webapps/static,AVAILABLE}
2019-10-07 12:53:08,127 [main] INFO  handler.ContextHandler (ContextHandler.java:doStart(781)) - Started o.e.j.w.WebAppContext@66383c29{/,file:///workdir/hadoop-ozone/integration-test/target/test-classes/webapps/ozoneManager/,AVAILABLE}{/ozoneManager}
2019-10-07 12:53:08,128 [main] INFO  server.AbstractConnector (AbstractConnector.java:doStart(278)) - Started ServerConnector@7f7c420c{HTTP/1.1,[http/1.1]}{0.0.0.0:43706}
2019-10-07 12:53:08,129 [main] INFO  server.Server (Server.java:doStart(419)) - Started @124141ms
2019-10-07 12:53:08,129 [main] WARN  impl.MetricsSystemImpl (MetricsSystemImpl.java:register(276)) - Sink prometheus already exists!
2019-10-07 12:53:08,130 [main] INFO  server.BaseHttpServer (BaseHttpServer.java:updateConnectorAddress(215)) - HTTP server of OZONEMANAGER is listening at http://0.0.0.0:43706
2019-10-07 12:53:08,150 [main] INFO  impl.MetricsSystemImpl (MetricsSystemImpl.java:init(158)) - HddsDatanode metrics system started (again)
2019-10-07 12:53:08,153 [main] INFO  ozone.HddsDatanodeService (HddsDatanodeService.java:start(184)) - HddsDatanodeService host:pr-hdds-2264-877rn-2827291287 ip:192.168.151.100
2019-10-07 12:53:08,159 [main] INFO  volume.HddsVolume (HddsVolume.java:<init>(176)) - Creating Volume: /workdir/hadoop-ozone/integration-test/target/test-dir/MiniOzoneClusterImpl-4feadec7-d447-476e-8398-86d62b3a4f14/datanode-0/data/containers/hdds of  storage type : DISK and capacity : 1482555576320
2019-10-07 12:53:08,159 [main] INFO  volume.VolumeSet (VolumeSet.java:initializeVolumeSet(170)) - Added Volume : /workdir/hadoop-ozone/integration-test/target/test-dir/MiniOzoneClusterImpl-4feadec7-d447-476e-8398-86d62b3a4f14/datanode-0/data/containers/hdds to VolumeSet
2019-10-07 12:53:08,159 [main] INFO  volume.ThrottledAsyncChecker (ThrottledAsyncChecker.java:schedule(139)) - Scheduling a check for org.apache.hadoop.ozone.container.common.volume.HddsVolume@60f21960
2019-10-07 12:53:08,161 [main] INFO  volume.HddsVolumeChecker (HddsVolumeChecker.java:checkAllVolumes(202)) - Scheduled health check for volume org.apache.hadoop.ozone.container.common.volume.HddsVolume@60f21960
2019-10-07 12:53:08,176 [main] INFO  impl.RaftServerProxy (ConfUtils.java:logGet(43)) - raft.rpc.type = GRPC (default)
2019-10-07 12:53:08,176 [main] INFO  grpc.GrpcFactory (GrpcFactory.java:checkPooledByteBufAllocatorUseCacheForAllThreads(45)) - PERFORMANCE WARNING: useCacheForAllThreads is true that may cause Netty to create a lot garbage objects and, as a result, trigger GC.
	It is recommended to disable useCacheForAllThreads by setting -Dorg.apache.ratis.thirdparty.io.netty.allocator.useCacheForAllThreads=false in command line.
2019-10-07 12:53:08,176 [main] INFO  grpc.GrpcConfigKeys$Server (ConfUtils.java:logGet(43)) - raft.grpc.server.port = 0 (default)
2019-10-07 12:53:08,176 [main] INFO  server.GrpcService (ConfUtils.java:logGet(43)) - raft.grpc.message.size.max = 33570816 (custom)
2019-10-07 12:53:08,177 [main] INFO  server.RaftServerConfigKeys (ConfUtils.java:logGet(43)) - raft.server.log.appender.buffer.byte-limit = 33554432 (custom)
2019-10-07 12:53:08,177 [main] INFO  server.GrpcService (ConfUtils.java:logGet(43)) - raft.grpc.flow.control.window = 1MB (=1048576) (default)
2019-10-07 12:53:08,177 [main] INFO  server.RaftServerConfigKeys (ConfUtils.java:logGet(43)) - raft.server.rpc.request.timeout = 3000ms (default)
2019-10-07 12:53:08,178 [main] INFO  server.RaftServerConfigKeys (ConfUtils.java:logGet(43)) - raft.server.storage.dir = [/workdir/hadoop-ozone/integration-test/target/test-dir/MiniOzoneClusterImpl-4feadec7-d447-476e-8398-86d62b3a4f14/datanode-0/data/ratis] (custom)
2019-10-07 12:53:08,179 [main] INFO  hdfs.DFSUtil (DFSUtil.java:httpServerTemplateForNNAndJN(1641)) - Starting Web-server for hddsDatanode at: http://0.0.0.0:0
2019-10-07 12:53:08,183 [main] INFO  server.AuthenticationFilter (AuthenticationFilter.java:constructSecretProvider(240)) - Unable to initialize FileSignerSecretProvider, falling back to use random secrets.
2019-10-07 12:53:08,184 [main] WARN  http.HttpRequestLog (HttpRequestLog.java:getRequestLog(97)) - Jetty request log can only be enabled using Log4j
2019-10-07 12:53:08,185 [main] INFO  http.HttpServer2 (HttpServer2.java:addGlobalFilter(975)) - Added global filter 'safety' (class=org.apache.hadoop.http.HttpServer2$QuotingInputFilter)
2019-10-07 12:53:08,186 [main] INFO  http.HttpServer2 (HttpServer2.java:addFilter(948)) - Added filter static_user_filter (class=org.apache.hadoop.http.lib.StaticUserWebFilter$StaticUserFilter) to context hddsDatanode
2019-10-07 12:53:08,186 [main] INFO  http.HttpServer2 (HttpServer2.java:addFilter(958)) - Added filter static_user_filter (class=org.apache.hadoop.http.lib.StaticUserWebFilter$StaticUserFilter) to context logs
2019-10-07 12:53:08,186 [main] INFO  http.HttpServer2 (HttpServer2.java:addFilter(958)) - Added filter static_user_filter (class=org.apache.hadoop.http.lib.StaticUserWebFilter$StaticUserFilter) to context static
2019-10-07 12:53:08,187 [main] INFO  http.HttpServer2 (HttpServer2.java:bindListener(1191)) - Jetty bound to port 44654
2019-10-07 12:53:08,187 [main] INFO  server.Server (Server.java:doStart(351)) - jetty-9.3.25.v20180904, build timestamp: 2018-09-04T21:11:46Z, git hash: 3ce520221d0240229c862b122d2b06c12a625732
2019-10-07 12:53:08,188 [main] INFO  handler.ContextHandler (ContextHandler.java:doStart(781)) - Started o.e.j.s.ServletContextHandler@746c411c{/logs,file:///workdir/hadoop-ozone/integration-test/target/log,AVAILABLE}
2019-10-07 12:53:08,189 [main] INFO  handler.ContextHandler (ContextHandler.java:doStart(781)) - Started o.e.j.s.ServletContextHandler@51efb731{/static,jar:file:/home/user/.m2/repository/org/apache/hadoop/hadoop-hdds-container-service/0.5.0-SNAPSHOT/hadoop-hdds-container-service-0.5.0-SNAPSHOT.jar!/webapps/static,AVAILABLE}
2019-10-07 12:53:08,218 [main] INFO  handler.ContextHandler (ContextHandler.java:doStart(781)) - Started o.e.j.w.WebAppContext@5cd96b41{/,file:///tmp/jetty-0.0.0.0-44654-hddsDatanode-_-any-1543065616675300025.dir/webapp/,AVAILABLE}{/hddsDatanode}
2019-10-07 12:53:08,218 [main] INFO  server.AbstractConnector (AbstractConnector.java:doStart(278)) - Started ServerConnector@7e1ffe70{HTTP/1.1,[http/1.1]}{0.0.0.0:44654}
2019-10-07 12:53:08,221 [main] INFO  server.Server (Server.java:doStart(419)) - Started @124233ms
2019-10-07 12:53:08,221 [main] WARN  impl.MetricsSystemImpl (MetricsSystemImpl.java:register(276)) - Sink prometheus already exists!
2019-10-07 12:53:08,222 [main] INFO  server.BaseHttpServer (BaseHttpServer.java:updateConnectorAddress(215)) - HTTP server of HDDSDATANODE is listening at http://0.0.0.0:44654
2019-10-07 12:53:08,222 [main] INFO  impl.MetricsSystemImpl (MetricsSystemImpl.java:init(158)) - HddsDatanode metrics system started (again)
2019-10-07 12:53:08,224 [org.apache.hadoop.util.JvmPauseMonitor$Monitor@49d7d4e1] INFO  util.JvmPauseMonitor (JvmPauseMonitor.java:run(188)) - Starting JVM pause monitor
2019-10-07 12:53:08,225 [main] INFO  ozone.HddsDatanodeService (HddsDatanodeService.java:start(184)) - HddsDatanodeService host:pr-hdds-2264-877rn-2827291287 ip:192.168.151.100
2019-10-07 12:53:08,226 [Datanode State Machine Thread - 0] INFO  datanode.InitDatanodeState (InitDatanodeState.java:persistContainerDatanodeDetails(140)) - DatanodeDetails is persisted to /workdir/hadoop-ozone/integration-test/target/test-dir/MiniOzoneClusterImpl-4feadec7-d447-476e-8398-86d62b3a4f14/datanode-0/meta/datanode.id
2019-10-07 12:53:08,230 [main] INFO  volume.HddsVolume (HddsVolume.java:<init>(176)) - Creating Volume: /workdir/hadoop-ozone/integration-test/target/test-dir/MiniOzoneClusterImpl-4feadec7-d447-476e-8398-86d62b3a4f14/datanode-1/data/containers/hdds of  storage type : DISK and capacity : 1482555576320
2019-10-07 12:53:08,230 [main] INFO  volume.VolumeSet (VolumeSet.java:initializeVolumeSet(170)) - Added Volume : /workdir/hadoop-ozone/integration-test/target/test-dir/MiniOzoneClusterImpl-4feadec7-d447-476e-8398-86d62b3a4f14/datanode-1/data/containers/hdds to VolumeSet
2019-10-07 12:53:08,230 [main] INFO  volume.ThrottledAsyncChecker (ThrottledAsyncChecker.java:schedule(139)) - Scheduling a check for org.apache.hadoop.ozone.container.common.volume.HddsVolume@4f486211
2019-10-07 12:53:08,231 [main] INFO  volume.HddsVolumeChecker (HddsVolumeChecker.java:checkAllVolumes(202)) - Scheduled health check for volume org.apache.hadoop.ozone.container.common.volume.HddsVolume@4f486211
2019-10-07 12:53:08,244 [main] INFO  impl.RaftServerProxy (ConfUtils.java:logGet(43)) - raft.rpc.type = GRPC (default)
2019-10-07 12:53:08,244 [main] INFO  grpc.GrpcFactory (GrpcFactory.java:checkPooledByteBufAllocatorUseCacheForAllThreads(45)) - PERFORMANCE WARNING: useCacheForAllThreads is true that may cause Netty to create a lot garbage objects and, as a result, trigger GC.
	It is recommended to disable useCacheForAllThreads by setting -Dorg.apache.ratis.thirdparty.io.netty.allocator.useCacheForAllThreads=false in command line.
2019-10-07 12:53:08,244 [main] INFO  grpc.GrpcConfigKeys$Server (ConfUtils.java:logGet(43)) - raft.grpc.server.port = 0 (default)
2019-10-07 12:53:08,244 [main] INFO  server.GrpcService (ConfUtils.java:logGet(43)) - raft.grpc.message.size.max = 33570816 (custom)
2019-10-07 12:53:08,245 [main] INFO  server.RaftServerConfigKeys (ConfUtils.java:logGet(43)) - raft.server.log.appender.buffer.byte-limit = 33554432 (custom)
2019-10-07 12:53:08,245 [main] INFO  server.GrpcService (ConfUtils.java:logGet(43)) - raft.grpc.flow.control.window = 1MB (=1048576) (default)
2019-10-07 12:53:08,245 [main] INFO  server.RaftServerConfigKeys (ConfUtils.java:logGet(43)) - raft.server.rpc.request.timeout = 3000ms (default)
2019-10-07 12:53:08,245 [main] INFO  server.RaftServerConfigKeys (ConfUtils.java:logGet(43)) - raft.server.storage.dir = [/workdir/hadoop-ozone/integration-test/target/test-dir/MiniOzoneClusterImpl-4feadec7-d447-476e-8398-86d62b3a4f14/datanode-1/data/ratis] (custom)
2019-10-07 12:53:08,247 [main] INFO  hdfs.DFSUtil (DFSUtil.java:httpServerTemplateForNNAndJN(1641)) - Starting Web-server for hddsDatanode at: http://0.0.0.0:0
2019-10-07 12:53:08,249 [main] INFO  server.AuthenticationFilter (AuthenticationFilter.java:constructSecretProvider(240)) - Unable to initialize FileSignerSecretProvider, falling back to use random secrets.
2019-10-07 12:53:08,249 [main] WARN  http.HttpRequestLog (HttpRequestLog.java:getRequestLog(97)) - Jetty request log can only be enabled using Log4j
2019-10-07 12:53:08,250 [main] INFO  http.HttpServer2 (HttpServer2.java:addGlobalFilter(975)) - Added global filter 'safety' (class=org.apache.hadoop.http.HttpServer2$QuotingInputFilter)
2019-10-07 12:53:08,251 [main] INFO  http.HttpServer2 (HttpServer2.java:addFilter(948)) - Added filter static_user_filter (class=org.apache.hadoop.http.lib.StaticUserWebFilter$StaticUserFilter) to context hddsDatanode
2019-10-07 12:53:08,251 [main] INFO  http.HttpServer2 (HttpServer2.java:addFilter(958)) - Added filter static_user_filter (class=org.apache.hadoop.http.lib.StaticUserWebFilter$StaticUserFilter) to context static
2019-10-07 12:53:08,251 [main] INFO  http.HttpServer2 (HttpServer2.java:addFilter(958)) - Added filter static_user_filter (class=org.apache.hadoop.http.lib.StaticUserWebFilter$StaticUserFilter) to context logs
2019-10-07 12:53:08,252 [main] INFO  http.HttpServer2 (HttpServer2.java:bindListener(1191)) - Jetty bound to port 43268
2019-10-07 12:53:08,252 [main] INFO  server.Server (Server.java:doStart(351)) - jetty-9.3.25.v20180904, build timestamp: 2018-09-04T21:11:46Z, git hash: 3ce520221d0240229c862b122d2b06c12a625732
2019-10-07 12:53:08,253 [main] INFO  handler.ContextHandler (ContextHandler.java:doStart(781)) - Started o.e.j.s.ServletContextHandler@4b862408{/logs,file:///workdir/hadoop-ozone/integration-test/target/log,AVAILABLE}
2019-10-07 12:53:08,254 [main] INFO  handler.ContextHandler (ContextHandler.java:doStart(781)) - Started o.e.j.s.ServletContextHandler@6e829e50{/static,jar:file:/home/user/.m2/repository/org/apache/hadoop/hadoop-hdds-container-service/0.5.0-SNAPSHOT/hadoop-hdds-container-service-0.5.0-SNAPSHOT.jar!/webapps/static,AVAILABLE}
2019-10-07 12:53:08,282 [main] INFO  handler.ContextHandler (ContextHandler.java:doStart(781)) - Started o.e.j.w.WebAppContext@36ef1d65{/,file:///tmp/jetty-0.0.0.0-43268-hddsDatanode-_-any-8902435236691876183.dir/webapp/,AVAILABLE}{/hddsDatanode}
2019-10-07 12:53:08,282 [main] INFO  server.AbstractConnector (AbstractConnector.java:doStart(278)) - Started ServerConnector@4be0a27d{HTTP/1.1,[http/1.1]}{0.0.0.0:43268}
2019-10-07 12:53:08,283 [main] INFO  server.Server (Server.java:doStart(419)) - Started @124295ms
2019-10-07 12:53:08,283 [main] WARN  impl.MetricsSystemImpl (MetricsSystemImpl.java:register(276)) - Sink prometheus already exists!
2019-10-07 12:53:08,284 [main] INFO  server.BaseHttpServer (BaseHttpServer.java:updateConnectorAddress(215)) - HTTP server of HDDSDATANODE is listening at http://0.0.0.0:43268
2019-10-07 12:53:08,284 [main] INFO  impl.MetricsSystemImpl (MetricsSystemImpl.java:init(158)) - HddsDatanode metrics system started (again)
2019-10-07 12:53:08,287 [org.apache.hadoop.util.JvmPauseMonitor$Monitor@7ffd0102] INFO  util.JvmPauseMonitor (JvmPauseMonitor.java:run(188)) - Starting JVM pause monitor
2019-10-07 12:53:08,287 [main] INFO  ozone.HddsDatanodeService (HddsDatanodeService.java:start(184)) - HddsDatanodeService host:pr-hdds-2264-877rn-2827291287 ip:192.168.151.100
2019-10-07 12:53:08,291 [Datanode State Machine Thread - 0] INFO  datanode.InitDatanodeState (InitDatanodeState.java:persistContainerDatanodeDetails(140)) - DatanodeDetails is persisted to /workdir/hadoop-ozone/integration-test/target/test-dir/MiniOzoneClusterImpl-4feadec7-d447-476e-8398-86d62b3a4f14/datanode-1/meta/datanode.id
2019-10-07 12:53:08,293 [main] INFO  volume.HddsVolume (HddsVolume.java:<init>(176)) - Creating Volume: /workdir/hadoop-ozone/integration-test/target/test-dir/MiniOzoneClusterImpl-4feadec7-d447-476e-8398-86d62b3a4f14/datanode-2/data/containers/hdds of  storage type : DISK and capacity : 1482555576320
2019-10-07 12:53:08,293 [main] INFO  volume.VolumeSet (VolumeSet.java:initializeVolumeSet(170)) - Added Volume : /workdir/hadoop-ozone/integration-test/target/test-dir/MiniOzoneClusterImpl-4feadec7-d447-476e-8398-86d62b3a4f14/datanode-2/data/containers/hdds to VolumeSet
2019-10-07 12:53:08,293 [main] INFO  volume.ThrottledAsyncChecker (ThrottledAsyncChecker.java:schedule(139)) - Scheduling a check for org.apache.hadoop.ozone.container.common.volume.HddsVolume@34414ffc
2019-10-07 12:53:08,293 [main] INFO  volume.HddsVolumeChecker (HddsVolumeChecker.java:checkAllVolumes(202)) - Scheduled health check for volume org.apache.hadoop.ozone.container.common.volume.HddsVolume@34414ffc
2019-10-07 12:53:08,306 [main] INFO  impl.RaftServerProxy (ConfUtils.java:logGet(43)) - raft.rpc.type = GRPC (default)
2019-10-07 12:53:08,306 [main] INFO  grpc.GrpcFactory (GrpcFactory.java:checkPooledByteBufAllocatorUseCacheForAllThreads(45)) - PERFORMANCE WARNING: useCacheForAllThreads is true that may cause Netty to create a lot garbage objects and, as a result, trigger GC.
	It is recommended to disable useCacheForAllThreads by setting -Dorg.apache.ratis.thirdparty.io.netty.allocator.useCacheForAllThreads=false in command line.
2019-10-07 12:53:08,306 [main] INFO  grpc.GrpcConfigKeys$Server (ConfUtils.java:logGet(43)) - raft.grpc.server.port = 0 (default)
2019-10-07 12:53:08,306 [main] INFO  server.GrpcService (ConfUtils.java:logGet(43)) - raft.grpc.message.size.max = 33570816 (custom)
2019-10-07 12:53:08,306 [main] INFO  server.RaftServerConfigKeys (ConfUtils.java:logGet(43)) - raft.server.log.appender.buffer.byte-limit = 33554432 (custom)
2019-10-07 12:53:08,307 [main] INFO  server.GrpcService (ConfUtils.java:logGet(43)) - raft.grpc.flow.control.window = 1MB (=1048576) (default)
2019-10-07 12:53:08,307 [main] INFO  server.RaftServerConfigKeys (ConfUtils.java:logGet(43)) - raft.server.rpc.request.timeout = 3000ms (default)
2019-10-07 12:53:08,307 [main] INFO  server.RaftServerConfigKeys (ConfUtils.java:logGet(43)) - raft.server.storage.dir = [/workdir/hadoop-ozone/integration-test/target/test-dir/MiniOzoneClusterImpl-4feadec7-d447-476e-8398-86d62b3a4f14/datanode-2/data/ratis] (custom)
2019-10-07 12:53:08,309 [main] INFO  hdfs.DFSUtil (DFSUtil.java:httpServerTemplateForNNAndJN(1641)) - Starting Web-server for hddsDatanode at: http://0.0.0.0:0
2019-10-07 12:53:08,310 [main] INFO  server.AuthenticationFilter (AuthenticationFilter.java:constructSecretProvider(240)) - Unable to initialize FileSignerSecretProvider, falling back to use random secrets.
2019-10-07 12:53:08,310 [main] WARN  http.HttpRequestLog (HttpRequestLog.java:getRequestLog(97)) - Jetty request log can only be enabled using Log4j
2019-10-07 12:53:08,311 [main] INFO  http.HttpServer2 (HttpServer2.java:addGlobalFilter(975)) - Added global filter 'safety' (class=org.apache.hadoop.http.HttpServer2$QuotingInputFilter)
2019-10-07 12:53:08,312 [main] INFO  http.HttpServer2 (HttpServer2.java:addFilter(948)) - Added filter static_user_filter (class=org.apache.hadoop.http.lib.StaticUserWebFilter$StaticUserFilter) to context hddsDatanode
2019-10-07 12:53:08,312 [main] INFO  http.HttpServer2 (HttpServer2.java:addFilter(958)) - Added filter static_user_filter (class=org.apache.hadoop.http.lib.StaticUserWebFilter$StaticUserFilter) to context static
2019-10-07 12:53:08,312 [main] INFO  http.HttpServer2 (HttpServer2.java:addFilter(958)) - Added filter static_user_filter (class=org.apache.hadoop.http.lib.StaticUserWebFilter$StaticUserFilter) to context logs
2019-10-07 12:53:08,313 [main] INFO  http.HttpServer2 (HttpServer2.java:bindListener(1191)) - Jetty bound to port 39136
2019-10-07 12:53:08,313 [main] INFO  server.Server (Server.java:doStart(351)) - jetty-9.3.25.v20180904, build timestamp: 2018-09-04T21:11:46Z, git hash: 3ce520221d0240229c862b122d2b06c12a625732
2019-10-07 12:53:08,315 [main] INFO  handler.ContextHandler (ContextHandler.java:doStart(781)) - Started o.e.j.s.ServletContextHandler@e700eba{/logs,file:///workdir/hadoop-ozone/integration-test/target/log,AVAILABLE}
2019-10-07 12:53:08,315 [main] INFO  handler.ContextHandler (ContextHandler.java:doStart(781)) - Started o.e.j.s.ServletContextHandler@7186b202{/static,jar:file:/home/user/.m2/repository/org/apache/hadoop/hadoop-hdds-container-service/0.5.0-SNAPSHOT/hadoop-hdds-container-service-0.5.0-SNAPSHOT.jar!/webapps/static,AVAILABLE}
2019-10-07 12:53:08,343 [main] INFO  handler.ContextHandler (ContextHandler.java:doStart(781)) - Started o.e.j.w.WebAppContext@4cb957b8{/,file:///tmp/jetty-0.0.0.0-39136-hddsDatanode-_-any-5038135805173200153.dir/webapp/,AVAILABLE}{/hddsDatanode}
2019-10-07 12:53:08,344 [main] INFO  server.AbstractConnector (AbstractConnector.java:doStart(278)) - Started ServerConnector@3cdc7b09{HTTP/1.1,[http/1.1]}{0.0.0.0:39136}
2019-10-07 12:53:08,345 [main] INFO  server.Server (Server.java:doStart(419)) - Started @124357ms
2019-10-07 12:53:08,345 [main] WARN  impl.MetricsSystemImpl (MetricsSystemImpl.java:register(276)) - Sink prometheus already exists!
2019-10-07 12:53:08,345 [main] INFO  server.BaseHttpServer (BaseHttpServer.java:updateConnectorAddress(215)) - HTTP server of HDDSDATANODE is listening at http://0.0.0.0:39136
2019-10-07 12:53:08,346 [main] INFO  impl.MetricsSystemImpl (MetricsSystemImpl.java:init(158)) - HddsDatanode metrics system started (again)
2019-10-07 12:53:08,349 [org.apache.hadoop.util.JvmPauseMonitor$Monitor@f0d5168] INFO  util.JvmPauseMonitor (JvmPauseMonitor.java:run(188)) - Starting JVM pause monitor
2019-10-07 12:53:08,349 [main] INFO  ozone.HddsDatanodeService (HddsDatanodeService.java:start(184)) - HddsDatanodeService host:pr-hdds-2264-877rn-2827291287 ip:192.168.151.100
2019-10-07 12:53:08,350 [Datanode State Machine Thread - 0] INFO  datanode.InitDatanodeState (InitDatanodeState.java:persistContainerDatanodeDetails(140)) - DatanodeDetails is persisted to /workdir/hadoop-ozone/integration-test/target/test-dir/MiniOzoneClusterImpl-4feadec7-d447-476e-8398-86d62b3a4f14/datanode-2/meta/datanode.id
2019-10-07 12:53:08,354 [main] INFO  volume.HddsVolume (HddsVolume.java:<init>(176)) - Creating Volume: /workdir/hadoop-ozone/integration-test/target/test-dir/MiniOzoneClusterImpl-4feadec7-d447-476e-8398-86d62b3a4f14/datanode-3/data/containers/hdds of  storage type : DISK and capacity : 1482555576320
2019-10-07 12:53:08,354 [main] INFO  volume.VolumeSet (VolumeSet.java:initializeVolumeSet(170)) - Added Volume : /workdir/hadoop-ozone/integration-test/target/test-dir/MiniOzoneClusterImpl-4feadec7-d447-476e-8398-86d62b3a4f14/datanode-3/data/containers/hdds to VolumeSet
2019-10-07 12:53:08,354 [main] INFO  volume.ThrottledAsyncChecker (ThrottledAsyncChecker.java:schedule(139)) - Scheduling a check for org.apache.hadoop.ozone.container.common.volume.HddsVolume@6fa2448b
2019-10-07 12:53:08,355 [main] INFO  volume.HddsVolumeChecker (HddsVolumeChecker.java:checkAllVolumes(202)) - Scheduled health check for volume org.apache.hadoop.ozone.container.common.volume.HddsVolume@6fa2448b
2019-10-07 12:53:08,366 [main] INFO  impl.RaftServerProxy (ConfUtils.java:logGet(43)) - raft.rpc.type = GRPC (default)
2019-10-07 12:53:08,367 [main] INFO  grpc.GrpcFactory (GrpcFactory.java:checkPooledByteBufAllocatorUseCacheForAllThreads(45)) - PERFORMANCE WARNING: useCacheForAllThreads is true that may cause Netty to create a lot garbage objects and, as a result, trigger GC.
	It is recommended to disable useCacheForAllThreads by setting -Dorg.apache.ratis.thirdparty.io.netty.allocator.useCacheForAllThreads=false in command line.
2019-10-07 12:53:08,367 [main] INFO  grpc.GrpcConfigKeys$Server (ConfUtils.java:logGet(43)) - raft.grpc.server.port = 0 (default)
2019-10-07 12:53:08,367 [main] INFO  server.GrpcService (ConfUtils.java:logGet(43)) - raft.grpc.message.size.max = 33570816 (custom)
2019-10-07 12:53:08,367 [main] INFO  server.RaftServerConfigKeys (ConfUtils.java:logGet(43)) - raft.server.log.appender.buffer.byte-limit = 33554432 (custom)
2019-10-07 12:53:08,367 [main] INFO  server.GrpcService (ConfUtils.java:logGet(43)) - raft.grpc.flow.control.window = 1MB (=1048576) (default)
2019-10-07 12:53:08,368 [main] INFO  server.RaftServerConfigKeys (ConfUtils.java:logGet(43)) - raft.server.rpc.request.timeout = 3000ms (default)
2019-10-07 12:53:08,368 [main] INFO  server.RaftServerConfigKeys (ConfUtils.java:logGet(43)) - raft.server.storage.dir = [/workdir/hadoop-ozone/integration-test/target/test-dir/MiniOzoneClusterImpl-4feadec7-d447-476e-8398-86d62b3a4f14/datanode-3/data/ratis] (custom)
2019-10-07 12:53:08,369 [main] INFO  hdfs.DFSUtil (DFSUtil.java:httpServerTemplateForNNAndJN(1641)) - Starting Web-server for hddsDatanode at: http://0.0.0.0:0
2019-10-07 12:53:08,370 [main] INFO  server.AuthenticationFilter (AuthenticationFilter.java:constructSecretProvider(240)) - Unable to initialize FileSignerSecretProvider, falling back to use random secrets.
2019-10-07 12:53:08,371 [main] WARN  http.HttpRequestLog (HttpRequestLog.java:getRequestLog(97)) - Jetty request log can only be enabled using Log4j
2019-10-07 12:53:08,372 [main] INFO  http.HttpServer2 (HttpServer2.java:addGlobalFilter(975)) - Added global filter 'safety' (class=org.apache.hadoop.http.HttpServer2$QuotingInputFilter)
2019-10-07 12:53:08,372 [main] INFO  http.HttpServer2 (HttpServer2.java:addFilter(948)) - Added filter static_user_filter (class=org.apache.hadoop.http.lib.StaticUserWebFilter$StaticUserFilter) to context hddsDatanode
2019-10-07 12:53:08,373 [main] INFO  http.HttpServer2 (HttpServer2.java:addFilter(958)) - Added filter static_user_filter (class=org.apache.hadoop.http.lib.StaticUserWebFilter$StaticUserFilter) to context logs
2019-10-07 12:53:08,373 [main] INFO  http.HttpServer2 (HttpServer2.java:addFilter(958)) - Added filter static_user_filter (class=org.apache.hadoop.http.lib.StaticUserWebFilter$StaticUserFilter) to context static
2019-10-07 12:53:08,373 [main] INFO  http.HttpServer2 (HttpServer2.java:bindListener(1191)) - Jetty bound to port 37520
2019-10-07 12:53:08,374 [main] INFO  server.Server (Server.java:doStart(351)) - jetty-9.3.25.v20180904, build timestamp: 2018-09-04T21:11:46Z, git hash: 3ce520221d0240229c862b122d2b06c12a625732
2019-10-07 12:53:08,375 [main] INFO  handler.ContextHandler (ContextHandler.java:doStart(781)) - Started o.e.j.s.ServletContextHandler@22d7fd41{/logs,file:///workdir/hadoop-ozone/integration-test/target/log,AVAILABLE}
2019-10-07 12:53:08,376 [main] INFO  handler.ContextHandler (ContextHandler.java:doStart(781)) - Started o.e.j.s.ServletContextHandler@19fd43da{/static,jar:file:/home/user/.m2/repository/org/apache/hadoop/hadoop-hdds-container-service/0.5.0-SNAPSHOT/hadoop-hdds-container-service-0.5.0-SNAPSHOT.jar!/webapps/static,AVAILABLE}
2019-10-07 12:53:08,404 [main] INFO  handler.ContextHandler (ContextHandler.java:doStart(781)) - Started o.e.j.w.WebAppContext@12f279b5{/,file:///tmp/jetty-0.0.0.0-37520-hddsDatanode-_-any-4443566575016816656.dir/webapp/,AVAILABLE}{/hddsDatanode}
2019-10-07 12:53:08,404 [main] INFO  server.AbstractConnector (AbstractConnector.java:doStart(278)) - Started ServerConnector@5ff6dd3c{HTTP/1.1,[http/1.1]}{0.0.0.0:37520}
2019-10-07 12:53:08,405 [main] INFO  server.Server (Server.java:doStart(419)) - Started @124418ms
2019-10-07 12:53:08,406 [main] WARN  impl.MetricsSystemImpl (MetricsSystemImpl.java:register(276)) - Sink prometheus already exists!
2019-10-07 12:53:08,406 [main] INFO  server.BaseHttpServer (BaseHttpServer.java:updateConnectorAddress(215)) - HTTP server of HDDSDATANODE is listening at http://0.0.0.0:37520
2019-10-07 12:53:08,407 [main] INFO  impl.MetricsSystemImpl (MetricsSystemImpl.java:init(158)) - HddsDatanode metrics system started (again)
2019-10-07 12:53:08,410 [org.apache.hadoop.util.JvmPauseMonitor$Monitor@1b23c2af] INFO  util.JvmPauseMonitor (JvmPauseMonitor.java:run(188)) - Starting JVM pause monitor
2019-10-07 12:53:08,410 [main] INFO  ozone.HddsDatanodeService (HddsDatanodeService.java:start(184)) - HddsDatanodeService host:pr-hdds-2264-877rn-2827291287 ip:192.168.151.100
2019-10-07 12:53:08,411 [Datanode State Machine Thread - 0] INFO  datanode.InitDatanodeState (InitDatanodeState.java:persistContainerDatanodeDetails(140)) - DatanodeDetails is persisted to /workdir/hadoop-ozone/integration-test/target/test-dir/MiniOzoneClusterImpl-4feadec7-d447-476e-8398-86d62b3a4f14/datanode-3/meta/datanode.id
2019-10-07 12:53:08,420 [main] INFO  volume.HddsVolume (HddsVolume.java:<init>(176)) - Creating Volume: /workdir/hadoop-ozone/integration-test/target/test-dir/MiniOzoneClusterImpl-4feadec7-d447-476e-8398-86d62b3a4f14/datanode-4/data/containers/hdds of  storage type : DISK and capacity : 1482555576320
2019-10-07 12:53:08,421 [main] INFO  volume.VolumeSet (VolumeSet.java:initializeVolumeSet(170)) - Added Volume : /workdir/hadoop-ozone/integration-test/target/test-dir/MiniOzoneClusterImpl-4feadec7-d447-476e-8398-86d62b3a4f14/datanode-4/data/containers/hdds to VolumeSet
2019-10-07 12:53:08,421 [main] INFO  volume.ThrottledAsyncChecker (ThrottledAsyncChecker.java:schedule(139)) - Scheduling a check for org.apache.hadoop.ozone.container.common.volume.HddsVolume@3c232051
2019-10-07 12:53:08,421 [main] INFO  volume.HddsVolumeChecker (HddsVolumeChecker.java:checkAllVolumes(202)) - Scheduled health check for volume org.apache.hadoop.ozone.container.common.volume.HddsVolume@3c232051
2019-10-07 12:53:08,434 [main] INFO  impl.RaftServerProxy (ConfUtils.java:logGet(43)) - raft.rpc.type = GRPC (default)
2019-10-07 12:53:08,434 [main] INFO  grpc.GrpcFactory (GrpcFactory.java:checkPooledByteBufAllocatorUseCacheForAllThreads(45)) - PERFORMANCE WARNING: useCacheForAllThreads is true that may cause Netty to create a lot garbage objects and, as a result, trigger GC.
	It is recommended to disable useCacheForAllThreads by setting -Dorg.apache.ratis.thirdparty.io.netty.allocator.useCacheForAllThreads=false in command line.
2019-10-07 12:53:08,434 [main] INFO  grpc.GrpcConfigKeys$Server (ConfUtils.java:logGet(43)) - raft.grpc.server.port = 0 (default)
2019-10-07 12:53:08,434 [main] INFO  server.GrpcService (ConfUtils.java:logGet(43)) - raft.grpc.message.size.max = 33570816 (custom)
2019-10-07 12:53:08,435 [main] INFO  server.RaftServerConfigKeys (ConfUtils.java:logGet(43)) - raft.server.log.appender.buffer.byte-limit = 33554432 (custom)
2019-10-07 12:53:08,435 [main] INFO  server.GrpcService (ConfUtils.java:logGet(43)) - raft.grpc.flow.control.window = 1MB (=1048576) (default)
2019-10-07 12:53:08,435 [main] INFO  server.RaftServerConfigKeys (ConfUtils.java:logGet(43)) - raft.server.rpc.request.timeout = 3000ms (default)
2019-10-07 12:53:08,435 [main] INFO  server.RaftServerConfigKeys (ConfUtils.java:logGet(43)) - raft.server.storage.dir = [/workdir/hadoop-ozone/integration-test/target/test-dir/MiniOzoneClusterImpl-4feadec7-d447-476e-8398-86d62b3a4f14/datanode-4/data/ratis] (custom)
2019-10-07 12:53:08,437 [main] INFO  hdfs.DFSUtil (DFSUtil.java:httpServerTemplateForNNAndJN(1641)) - Starting Web-server for hddsDatanode at: http://0.0.0.0:0
2019-10-07 12:53:08,438 [main] INFO  server.AuthenticationFilter (AuthenticationFilter.java:constructSecretProvider(240)) - Unable to initialize FileSignerSecretProvider, falling back to use random secrets.
2019-10-07 12:53:08,438 [main] WARN  http.HttpRequestLog (HttpRequestLog.java:getRequestLog(97)) - Jetty request log can only be enabled using Log4j
2019-10-07 12:53:08,439 [main] INFO  http.HttpServer2 (HttpServer2.java:addGlobalFilter(975)) - Added global filter 'safety' (class=org.apache.hadoop.http.HttpServer2$QuotingInputFilter)
2019-10-07 12:53:08,440 [main] INFO  http.HttpServer2 (HttpServer2.java:addFilter(948)) - Added filter static_user_filter (class=org.apache.hadoop.http.lib.StaticUserWebFilter$StaticUserFilter) to context hddsDatanode
2019-10-07 12:53:08,440 [main] INFO  http.HttpServer2 (HttpServer2.java:addFilter(958)) - Added filter static_user_filter (class=org.apache.hadoop.http.lib.StaticUserWebFilter$StaticUserFilter) to context static
2019-10-07 12:53:08,440 [main] INFO  http.HttpServer2 (HttpServer2.java:addFilter(958)) - Added filter static_user_filter (class=org.apache.hadoop.http.lib.StaticUserWebFilter$StaticUserFilter) to context logs
2019-10-07 12:53:08,441 [main] INFO  http.HttpServer2 (HttpServer2.java:bindListener(1191)) - Jetty bound to port 44594
2019-10-07 12:53:08,441 [main] INFO  server.Server (Server.java:doStart(351)) - jetty-9.3.25.v20180904, build timestamp: 2018-09-04T21:11:46Z, git hash: 3ce520221d0240229c862b122d2b06c12a625732
2019-10-07 12:53:08,442 [main] INFO  handler.ContextHandler (ContextHandler.java:doStart(781)) - Started o.e.j.s.ServletContextHandler@7a682d35{/logs,file:///workdir/hadoop-ozone/integration-test/target/log,AVAILABLE}
2019-10-07 12:53:08,443 [main] INFO  handler.ContextHandler (ContextHandler.java:doStart(781)) - Started o.e.j.s.ServletContextHandler@61a2aeb7{/static,jar:file:/home/user/.m2/repository/org/apache/hadoop/hadoop-hdds-container-service/0.5.0-SNAPSHOT/hadoop-hdds-container-service-0.5.0-SNAPSHOT.jar!/webapps/static,AVAILABLE}
2019-10-07 12:53:08,471 [main] INFO  handler.ContextHandler (ContextHandler.java:doStart(781)) - Started o.e.j.w.WebAppContext@1775c4e7{/,file:///tmp/jetty-0.0.0.0-44594-hddsDatanode-_-any-7971215105876656353.dir/webapp/,AVAILABLE}{/hddsDatanode}
2019-10-07 12:53:08,472 [main] INFO  server.AbstractConnector (AbstractConnector.java:doStart(278)) - Started ServerConnector@47829d6d{HTTP/1.1,[http/1.1]}{0.0.0.0:44594}
2019-10-07 12:53:08,473 [main] INFO  server.Server (Server.java:doStart(419)) - Started @124485ms
2019-10-07 12:53:08,473 [main] WARN  impl.MetricsSystemImpl (MetricsSystemImpl.java:register(276)) - Sink prometheus already exists!
2019-10-07 12:53:08,474 [main] INFO  server.BaseHttpServer (BaseHttpServer.java:updateConnectorAddress(215)) - HTTP server of HDDSDATANODE is listening at http://0.0.0.0:44594
2019-10-07 12:53:08,474 [main] INFO  impl.MetricsSystemImpl (MetricsSystemImpl.java:init(158)) - HddsDatanode metrics system started (again)
2019-10-07 12:53:08,478 [org.apache.hadoop.util.JvmPauseMonitor$Monitor@7cee0137] INFO  util.JvmPauseMonitor (JvmPauseMonitor.java:run(188)) - Starting JVM pause monitor
2019-10-07 12:53:08,478 [main] INFO  ozone.HddsDatanodeService (HddsDatanodeService.java:start(184)) - HddsDatanodeService host:pr-hdds-2264-877rn-2827291287 ip:192.168.151.100
2019-10-07 12:53:08,479 [Datanode State Machine Thread - 0] INFO  datanode.InitDatanodeState (InitDatanodeState.java:persistContainerDatanodeDetails(140)) - DatanodeDetails is persisted to /workdir/hadoop-ozone/integration-test/target/test-dir/MiniOzoneClusterImpl-4feadec7-d447-476e-8398-86d62b3a4f14/datanode-4/meta/datanode.id
2019-10-07 12:53:08,485 [main] INFO  volume.HddsVolume (HddsVolume.java:<init>(176)) - Creating Volume: /workdir/hadoop-ozone/integration-test/target/test-dir/MiniOzoneClusterImpl-4feadec7-d447-476e-8398-86d62b3a4f14/datanode-5/data/containers/hdds of  storage type : DISK and capacity : 1482555576320
2019-10-07 12:53:08,485 [main] INFO  volume.VolumeSet (VolumeSet.java:initializeVolumeSet(170)) - Added Volume : /workdir/hadoop-ozone/integration-test/target/test-dir/MiniOzoneClusterImpl-4feadec7-d447-476e-8398-86d62b3a4f14/datanode-5/data/containers/hdds to VolumeSet
2019-10-07 12:53:08,486 [main] INFO  volume.ThrottledAsyncChecker (ThrottledAsyncChecker.java:schedule(139)) - Scheduling a check for org.apache.hadoop.ozone.container.common.volume.HddsVolume@71e7adbb
2019-10-07 12:53:08,486 [main] INFO  volume.HddsVolumeChecker (HddsVolumeChecker.java:checkAllVolumes(202)) - Scheduled health check for volume org.apache.hadoop.ozone.container.common.volume.HddsVolume@71e7adbb
2019-10-07 12:53:08,500 [main] INFO  impl.RaftServerProxy (ConfUtils.java:logGet(43)) - raft.rpc.type = GRPC (default)
2019-10-07 12:53:08,500 [main] INFO  grpc.GrpcFactory (GrpcFactory.java:checkPooledByteBufAllocatorUseCacheForAllThreads(45)) - PERFORMANCE WARNING: useCacheForAllThreads is true that may cause Netty to create a lot garbage objects and, as a result, trigger GC.
	It is recommended to disable useCacheForAllThreads by setting -Dorg.apache.ratis.thirdparty.io.netty.allocator.useCacheForAllThreads=false in command line.
2019-10-07 12:53:08,500 [main] INFO  grpc.GrpcConfigKeys$Server (ConfUtils.java:logGet(43)) - raft.grpc.server.port = 0 (default)
2019-10-07 12:53:08,500 [main] INFO  server.GrpcService (ConfUtils.java:logGet(43)) - raft.grpc.message.size.max = 33570816 (custom)
2019-10-07 12:53:08,501 [main] INFO  server.RaftServerConfigKeys (ConfUtils.java:logGet(43)) - raft.server.log.appender.buffer.byte-limit = 33554432 (custom)
2019-10-07 12:53:08,501 [main] INFO  server.GrpcService (ConfUtils.java:logGet(43)) - raft.grpc.flow.control.window = 1MB (=1048576) (default)
2019-10-07 12:53:08,501 [main] INFO  server.RaftServerConfigKeys (ConfUtils.java:logGet(43)) - raft.server.rpc.request.timeout = 3000ms (default)
2019-10-07 12:53:08,501 [main] INFO  server.RaftServerConfigKeys (ConfUtils.java:logGet(43)) - raft.server.storage.dir = [/workdir/hadoop-ozone/integration-test/target/test-dir/MiniOzoneClusterImpl-4feadec7-d447-476e-8398-86d62b3a4f14/datanode-5/data/ratis] (custom)
2019-10-07 12:53:08,503 [main] INFO  hdfs.DFSUtil (DFSUtil.java:httpServerTemplateForNNAndJN(1641)) - Starting Web-server for hddsDatanode at: http://0.0.0.0:0
2019-10-07 12:53:08,504 [main] INFO  server.AuthenticationFilter (AuthenticationFilter.java:constructSecretProvider(240)) - Unable to initialize FileSignerSecretProvider, falling back to use random secrets.
2019-10-07 12:53:08,505 [main] WARN  http.HttpRequestLog (HttpRequestLog.java:getRequestLog(97)) - Jetty request log can only be enabled using Log4j
2019-10-07 12:53:08,506 [main] INFO  http.HttpServer2 (HttpServer2.java:addGlobalFilter(975)) - Added global filter 'safety' (class=org.apache.hadoop.http.HttpServer2$QuotingInputFilter)
2019-10-07 12:53:08,506 [main] INFO  http.HttpServer2 (HttpServer2.java:addFilter(948)) - Added filter static_user_filter (class=org.apache.hadoop.http.lib.StaticUserWebFilter$StaticUserFilter) to context hddsDatanode
2019-10-07 12:53:08,507 [main] INFO  http.HttpServer2 (HttpServer2.java:addFilter(958)) - Added filter static_user_filter (class=org.apache.hadoop.http.lib.StaticUserWebFilter$StaticUserFilter) to context logs
2019-10-07 12:53:08,507 [main] INFO  http.HttpServer2 (HttpServer2.java:addFilter(958)) - Added filter static_user_filter (class=org.apache.hadoop.http.lib.StaticUserWebFilter$StaticUserFilter) to context static
2019-10-07 12:53:08,507 [main] INFO  http.HttpServer2 (HttpServer2.java:bindListener(1191)) - Jetty bound to port 38218
2019-10-07 12:53:08,508 [main] INFO  server.Server (Server.java:doStart(351)) - jetty-9.3.25.v20180904, build timestamp: 2018-09-04T21:11:46Z, git hash: 3ce520221d0240229c862b122d2b06c12a625732
2019-10-07 12:53:08,509 [main] INFO  handler.ContextHandler (ContextHandler.java:doStart(781)) - Started o.e.j.s.ServletContextHandler@45843650{/logs,file:///workdir/hadoop-ozone/integration-test/target/log,AVAILABLE}
2019-10-07 12:53:08,510 [main] INFO  handler.ContextHandler (ContextHandler.java:doStart(781)) - Started o.e.j.s.ServletContextHandler@33feda48{/static,jar:file:/home/user/.m2/repository/org/apache/hadoop/hadoop-hdds-container-service/0.5.0-SNAPSHOT/hadoop-hdds-container-service-0.5.0-SNAPSHOT.jar!/webapps/static,AVAILABLE}
2019-10-07 12:53:08,538 [main] INFO  handler.ContextHandler (ContextHandler.java:doStart(781)) - Started o.e.j.w.WebAppContext@673e76b3{/,file:///tmp/jetty-0.0.0.0-38218-hddsDatanode-_-any-5491575739615026486.dir/webapp/,AVAILABLE}{/hddsDatanode}
2019-10-07 12:53:08,539 [main] INFO  server.AbstractConnector (AbstractConnector.java:doStart(278)) - Started ServerConnector@1bedc703{HTTP/1.1,[http/1.1]}{0.0.0.0:38218}
2019-10-07 12:53:08,540 [main] INFO  server.Server (Server.java:doStart(419)) - Started @124552ms
2019-10-07 12:53:08,540 [main] WARN  impl.MetricsSystemImpl (MetricsSystemImpl.java:register(276)) - Sink prometheus already exists!
2019-10-07 12:53:08,541 [main] INFO  server.BaseHttpServer (BaseHttpServer.java:updateConnectorAddress(215)) - HTTP server of HDDSDATANODE is listening at http://0.0.0.0:38218
2019-10-07 12:53:08,541 [main] INFO  impl.MetricsSystemImpl (MetricsSystemImpl.java:init(158)) - HddsDatanode metrics system started (again)
2019-10-07 12:53:08,545 [org.apache.hadoop.util.JvmPauseMonitor$Monitor@c2b49dc] INFO  util.JvmPauseMonitor (JvmPauseMonitor.java:run(188)) - Starting JVM pause monitor
2019-10-07 12:53:08,545 [main] INFO  ozone.HddsDatanodeService (HddsDatanodeService.java:start(184)) - HddsDatanodeService host:pr-hdds-2264-877rn-2827291287 ip:192.168.151.100
2019-10-07 12:53:08,547 [Datanode State Machine Thread - 0] INFO  datanode.InitDatanodeState (InitDatanodeState.java:persistContainerDatanodeDetails(140)) - DatanodeDetails is persisted to /workdir/hadoop-ozone/integration-test/target/test-dir/MiniOzoneClusterImpl-4feadec7-d447-476e-8398-86d62b3a4f14/datanode-5/meta/datanode.id
2019-10-07 12:53:08,551 [main] INFO  volume.HddsVolume (HddsVolume.java:<init>(176)) - Creating Volume: /workdir/hadoop-ozone/integration-test/target/test-dir/MiniOzoneClusterImpl-4feadec7-d447-476e-8398-86d62b3a4f14/datanode-6/data/containers/hdds of  storage type : DISK and capacity : 1482555576320
2019-10-07 12:53:08,552 [main] INFO  volume.VolumeSet (VolumeSet.java:initializeVolumeSet(170)) - Added Volume : /workdir/hadoop-ozone/integration-test/target/test-dir/MiniOzoneClusterImpl-4feadec7-d447-476e-8398-86d62b3a4f14/datanode-6/data/containers/hdds to VolumeSet
2019-10-07 12:53:08,552 [main] INFO  volume.ThrottledAsyncChecker (ThrottledAsyncChecker.java:schedule(139)) - Scheduling a check for org.apache.hadoop.ozone.container.common.volume.HddsVolume@704067c6
2019-10-07 12:53:08,552 [main] INFO  volume.HddsVolumeChecker (HddsVolumeChecker.java:checkAllVolumes(202)) - Scheduled health check for volume org.apache.hadoop.ozone.container.common.volume.HddsVolume@704067c6
2019-10-07 12:53:08,567 [main] INFO  impl.RaftServerProxy (ConfUtils.java:logGet(43)) - raft.rpc.type = GRPC (default)
2019-10-07 12:53:08,567 [main] INFO  grpc.GrpcFactory (GrpcFactory.java:checkPooledByteBufAllocatorUseCacheForAllThreads(45)) - PERFORMANCE WARNING: useCacheForAllThreads is true that may cause Netty to create a lot garbage objects and, as a result, trigger GC.
	It is recommended to disable useCacheForAllThreads by setting -Dorg.apache.ratis.thirdparty.io.netty.allocator.useCacheForAllThreads=false in command line.
2019-10-07 12:53:08,568 [main] INFO  grpc.GrpcConfigKeys$Server (ConfUtils.java:logGet(43)) - raft.grpc.server.port = 0 (default)
2019-10-07 12:53:08,568 [main] INFO  server.GrpcService (ConfUtils.java:logGet(43)) - raft.grpc.message.size.max = 33570816 (custom)
2019-10-07 12:53:08,568 [main] INFO  server.RaftServerConfigKeys (ConfUtils.java:logGet(43)) - raft.server.log.appender.buffer.byte-limit = 33554432 (custom)
2019-10-07 12:53:08,568 [main] INFO  server.GrpcService (ConfUtils.java:logGet(43)) - raft.grpc.flow.control.window = 1MB (=1048576) (default)
2019-10-07 12:53:08,568 [main] INFO  server.RaftServerConfigKeys (ConfUtils.java:logGet(43)) - raft.server.rpc.request.timeout = 3000ms (default)
2019-10-07 12:53:08,569 [main] INFO  server.RaftServerConfigKeys (ConfUtils.java:logGet(43)) - raft.server.storage.dir = [/workdir/hadoop-ozone/integration-test/target/test-dir/MiniOzoneClusterImpl-4feadec7-d447-476e-8398-86d62b3a4f14/datanode-6/data/ratis] (custom)
2019-10-07 12:53:08,570 [main] INFO  hdfs.DFSUtil (DFSUtil.java:httpServerTemplateForNNAndJN(1641)) - Starting Web-server for hddsDatanode at: http://0.0.0.0:0
2019-10-07 12:53:08,571 [main] INFO  server.AuthenticationFilter (AuthenticationFilter.java:constructSecretProvider(240)) - Unable to initialize FileSignerSecretProvider, falling back to use random secrets.
2019-10-07 12:53:08,572 [main] WARN  http.HttpRequestLog (HttpRequestLog.java:getRequestLog(97)) - Jetty request log can only be enabled using Log4j
2019-10-07 12:53:08,573 [main] INFO  http.HttpServer2 (HttpServer2.java:addGlobalFilter(975)) - Added global filter 'safety' (class=org.apache.hadoop.http.HttpServer2$QuotingInputFilter)
2019-10-07 12:53:08,574 [main] INFO  http.HttpServer2 (HttpServer2.java:addFilter(948)) - Added filter static_user_filter (class=org.apache.hadoop.http.lib.StaticUserWebFilter$StaticUserFilter) to context hddsDatanode
2019-10-07 12:53:08,574 [main] INFO  http.HttpServer2 (HttpServer2.java:addFilter(958)) - Added filter static_user_filter (class=org.apache.hadoop.http.lib.StaticUserWebFilter$StaticUserFilter) to context logs
2019-10-07 12:53:08,574 [main] INFO  http.HttpServer2 (HttpServer2.java:addFilter(958)) - Added filter static_user_filter (class=org.apache.hadoop.http.lib.StaticUserWebFilter$StaticUserFilter) to context static
2019-10-07 12:53:08,574 [main] INFO  http.HttpServer2 (HttpServer2.java:bindListener(1191)) - Jetty bound to port 41557
2019-10-07 12:53:08,575 [main] INFO  server.Server (Server.java:doStart(351)) - jetty-9.3.25.v20180904, build timestamp: 2018-09-04T21:11:46Z, git hash: 3ce520221d0240229c862b122d2b06c12a625732
2019-10-07 12:53:08,576 [main] INFO  handler.ContextHandler (ContextHandler.java:doStart(781)) - Started o.e.j.s.ServletContextHandler@5042e3d0{/logs,file:///workdir/hadoop-ozone/integration-test/target/log,AVAILABLE}
2019-10-07 12:53:08,577 [main] INFO  handler.ContextHandler (ContextHandler.java:doStart(781)) - Started o.e.j.s.ServletContextHandler@348137e8{/static,jar:file:/home/user/.m2/repository/org/apache/hadoop/hadoop-hdds-container-service/0.5.0-SNAPSHOT/hadoop-hdds-container-service-0.5.0-SNAPSHOT.jar!/webapps/static,AVAILABLE}
2019-10-07 12:53:08,606 [main] INFO  handler.ContextHandler (ContextHandler.java:doStart(781)) - Started o.e.j.w.WebAppContext@3cc79c02{/,file:///tmp/jetty-0.0.0.0-41557-hddsDatanode-_-any-1354248136183368554.dir/webapp/,AVAILABLE}{/hddsDatanode}
2019-10-07 12:53:08,606 [main] INFO  server.AbstractConnector (AbstractConnector.java:doStart(278)) - Started ServerConnector@1e01b133{HTTP/1.1,[http/1.1]}{0.0.0.0:41557}
2019-10-07 12:53:08,608 [main] INFO  server.Server (Server.java:doStart(419)) - Started @124620ms
2019-10-07 12:53:08,608 [main] WARN  impl.MetricsSystemImpl (MetricsSystemImpl.java:register(276)) - Sink prometheus already exists!
2019-10-07 12:53:08,609 [main] INFO  server.BaseHttpServer (BaseHttpServer.java:updateConnectorAddress(215)) - HTTP server of HDDSDATANODE is listening at http://0.0.0.0:41557
2019-10-07 12:53:08,609 [main] INFO  ozone.MiniOzoneClusterImpl (MiniOzoneClusterImpl.java:lambda$waitForClusterToBeReady$0(147)) - Waiting for cluster to be ready. Got 0 of 7 DN Heartbeats.
2019-10-07 12:53:08,610 [org.apache.hadoop.util.JvmPauseMonitor$Monitor@7254ecf4] INFO  util.JvmPauseMonitor (JvmPauseMonitor.java:run(188)) - Starting JVM pause monitor
2019-10-07 12:53:08,612 [Datanode State Machine Thread - 0] INFO  datanode.InitDatanodeState (InitDatanodeState.java:persistContainerDatanodeDetails(140)) - DatanodeDetails is persisted to /workdir/hadoop-ozone/integration-test/target/test-dir/MiniOzoneClusterImpl-4feadec7-d447-476e-8398-86d62b3a4f14/datanode-6/meta/datanode.id
2019-10-07 12:53:09,609 [main] INFO  ozone.MiniOzoneClusterImpl (MiniOzoneClusterImpl.java:lambda$waitForClusterToBeReady$0(147)) - Waiting for cluster to be ready. Got 0 of 7 DN Heartbeats.
2019-10-07 12:53:10,254 [Datanode State Machine Thread - 0] INFO  ozoneimpl.OzoneContainer (OzoneContainer.java:start(217)) - Attempting to start container services.
2019-10-07 12:53:10,255 [Datanode State Machine Thread - 0] INFO  ozoneimpl.OzoneContainer (OzoneContainer.java:startContainerScrub(179)) - Background container scanner has been disabled.
2019-10-07 12:53:10,255 [Datanode State Machine Thread - 0] INFO  ratis.XceiverServerRatis (XceiverServerRatis.java:start(418)) - Starting XceiverServerRatis 7741f835-7823-4120-ba15-da80b6525d1d at port 0
2019-10-07 12:53:10,261 [Datanode State Machine Thread - 0] INFO  impl.RaftServerProxy (RaftServerProxy.java:lambda$start$3(299)) - 7741f835-7823-4120-ba15-da80b6525d1d: start RPC server
2019-10-07 12:53:10,263 [Datanode State Machine Thread - 0] INFO  server.GrpcService (GrpcService.java:startImpl(158)) - 7741f835-7823-4120-ba15-da80b6525d1d: GrpcService started, listening on 0.0.0.0/0.0.0.0:38490
2019-10-07 12:53:10,263 [Datanode State Machine Thread - 0] INFO  ratis.XceiverServerRatis (XceiverServerRatis.java:start(428)) - XceiverServerRatis 7741f835-7823-4120-ba15-da80b6525d1d is started using port 38490
2019-10-07 12:53:10,263 [Datanode State Machine Thread - 0] INFO  server.XceiverServerGrpc (XceiverServerGrpc.java:start(149)) - XceiverServerGrpc 7741f835-7823-4120-ba15-da80b6525d1d is started using port 40805
2019-10-07 12:53:10,303 [Datanode State Machine Thread - 0] INFO  ozoneimpl.OzoneContainer (OzoneContainer.java:start(217)) - Attempting to start container services.
2019-10-07 12:53:10,303 [Datanode State Machine Thread - 0] INFO  ozoneimpl.OzoneContainer (OzoneContainer.java:startContainerScrub(179)) - Background container scanner has been disabled.
2019-10-07 12:53:10,303 [Datanode State Machine Thread - 0] INFO  ratis.XceiverServerRatis (XceiverServerRatis.java:start(418)) - Starting XceiverServerRatis a929fe19-32c2-4064-994c-6020b0bb7a68 at port 0
2019-10-07 12:53:10,310 [Datanode State Machine Thread - 0] INFO  impl.RaftServerProxy (RaftServerProxy.java:lambda$start$3(299)) - a929fe19-32c2-4064-994c-6020b0bb7a68: start RPC server
2019-10-07 12:53:10,312 [Datanode State Machine Thread - 0] INFO  server.GrpcService (GrpcService.java:startImpl(158)) - a929fe19-32c2-4064-994c-6020b0bb7a68: GrpcService started, listening on 0.0.0.0/0.0.0.0:37470
2019-10-07 12:53:10,312 [Datanode State Machine Thread - 0] INFO  ratis.XceiverServerRatis (XceiverServerRatis.java:start(428)) - XceiverServerRatis a929fe19-32c2-4064-994c-6020b0bb7a68 is started using port 37470
2019-10-07 12:53:10,312 [Datanode State Machine Thread - 0] INFO  server.XceiverServerGrpc (XceiverServerGrpc.java:start(149)) - XceiverServerGrpc a929fe19-32c2-4064-994c-6020b0bb7a68 is started using port 44383
2019-10-07 12:53:10,363 [Datanode State Machine Thread - 0] INFO  ozoneimpl.OzoneContainer (OzoneContainer.java:start(217)) - Attempting to start container services.
2019-10-07 12:53:10,366 [Datanode State Machine Thread - 0] INFO  ozoneimpl.OzoneContainer (OzoneContainer.java:startContainerScrub(179)) - Background container scanner has been disabled.
2019-10-07 12:53:10,366 [Datanode State Machine Thread - 0] INFO  ratis.XceiverServerRatis (XceiverServerRatis.java:start(418)) - Starting XceiverServerRatis 786f91eb-928f-4402-89ae-1713a48bf1ef at port 0
2019-10-07 12:53:10,373 [Datanode State Machine Thread - 0] INFO  impl.RaftServerProxy (RaftServerProxy.java:lambda$start$3(299)) - 786f91eb-928f-4402-89ae-1713a48bf1ef: start RPC server
2019-10-07 12:53:10,376 [Datanode State Machine Thread - 0] INFO  server.GrpcService (GrpcService.java:startImpl(158)) - 786f91eb-928f-4402-89ae-1713a48bf1ef: GrpcService started, listening on 0.0.0.0/0.0.0.0:34244
2019-10-07 12:53:10,376 [Datanode State Machine Thread - 0] INFO  ratis.XceiverServerRatis (XceiverServerRatis.java:start(428)) - XceiverServerRatis 786f91eb-928f-4402-89ae-1713a48bf1ef is started using port 34244
2019-10-07 12:53:10,376 [Datanode State Machine Thread - 0] INFO  server.XceiverServerGrpc (XceiverServerGrpc.java:start(149)) - XceiverServerGrpc 786f91eb-928f-4402-89ae-1713a48bf1ef is started using port 35610
2019-10-07 12:53:10,425 [Datanode State Machine Thread - 0] INFO  ozoneimpl.OzoneContainer (OzoneContainer.java:start(217)) - Attempting to start container services.
2019-10-07 12:53:10,425 [Datanode State Machine Thread - 0] INFO  ozoneimpl.OzoneContainer (OzoneContainer.java:startContainerScrub(179)) - Background container scanner has been disabled.
2019-10-07 12:53:10,425 [Datanode State Machine Thread - 0] INFO  ratis.XceiverServerRatis (XceiverServerRatis.java:start(418)) - Starting XceiverServerRatis c7bb312f-90c8-4ea3-a8d2-22df60f629e5 at port 0
2019-10-07 12:53:10,430 [Datanode State Machine Thread - 0] INFO  impl.RaftServerProxy (RaftServerProxy.java:lambda$start$3(299)) - c7bb312f-90c8-4ea3-a8d2-22df60f629e5: start RPC server
2019-10-07 12:53:10,431 [Datanode State Machine Thread - 0] INFO  server.GrpcService (GrpcService.java:startImpl(158)) - c7bb312f-90c8-4ea3-a8d2-22df60f629e5: GrpcService started, listening on 0.0.0.0/0.0.0.0:39644
2019-10-07 12:53:10,431 [Datanode State Machine Thread - 0] INFO  ratis.XceiverServerRatis (XceiverServerRatis.java:start(428)) - XceiverServerRatis c7bb312f-90c8-4ea3-a8d2-22df60f629e5 is started using port 39644
2019-10-07 12:53:10,432 [Datanode State Machine Thread - 0] INFO  server.XceiverServerGrpc (XceiverServerGrpc.java:start(149)) - XceiverServerGrpc c7bb312f-90c8-4ea3-a8d2-22df60f629e5 is started using port 43937
2019-10-07 12:53:10,492 [Datanode State Machine Thread - 0] INFO  ozoneimpl.OzoneContainer (OzoneContainer.java:start(217)) - Attempting to start container services.
2019-10-07 12:53:10,492 [Datanode State Machine Thread - 0] INFO  ozoneimpl.OzoneContainer (OzoneContainer.java:startContainerScrub(179)) - Background container scanner has been disabled.
2019-10-07 12:53:10,492 [Datanode State Machine Thread - 0] INFO  ratis.XceiverServerRatis (XceiverServerRatis.java:start(418)) - Starting XceiverServerRatis acf5e936-0c74-4611-aabc-462137e3cb2c at port 0
2019-10-07 12:53:10,497 [Datanode State Machine Thread - 0] INFO  impl.RaftServerProxy (RaftServerProxy.java:lambda$start$3(299)) - acf5e936-0c74-4611-aabc-462137e3cb2c: start RPC server
2019-10-07 12:53:10,500 [Datanode State Machine Thread - 0] INFO  server.GrpcService (GrpcService.java:startImpl(158)) - acf5e936-0c74-4611-aabc-462137e3cb2c: GrpcService started, listening on 0.0.0.0/0.0.0.0:45339
2019-10-07 12:53:10,500 [Datanode State Machine Thread - 0] INFO  ratis.XceiverServerRatis (XceiverServerRatis.java:start(428)) - XceiverServerRatis acf5e936-0c74-4611-aabc-462137e3cb2c is started using port 45339
2019-10-07 12:53:10,501 [Datanode State Machine Thread - 0] INFO  server.XceiverServerGrpc (XceiverServerGrpc.java:start(149)) - XceiverServerGrpc acf5e936-0c74-4611-aabc-462137e3cb2c is started using port 37275
2019-10-07 12:53:10,560 [Datanode State Machine Thread - 0] INFO  ozoneimpl.OzoneContainer (OzoneContainer.java:start(217)) - Attempting to start container services.
2019-10-07 12:53:10,560 [Datanode State Machine Thread - 0] INFO  ozoneimpl.OzoneContainer (OzoneContainer.java:startContainerScrub(179)) - Background container scanner has been disabled.
2019-10-07 12:53:10,560 [Datanode State Machine Thread - 0] INFO  ratis.XceiverServerRatis (XceiverServerRatis.java:start(418)) - Starting XceiverServerRatis 945959ea-d1ab-491b-81c1-772728ecc6fb at port 0
2019-10-07 12:53:10,566 [Datanode State Machine Thread - 0] INFO  impl.RaftServerProxy (RaftServerProxy.java:lambda$start$3(299)) - 945959ea-d1ab-491b-81c1-772728ecc6fb: start RPC server
2019-10-07 12:53:10,566 [Datanode State Machine Thread - 0] INFO  server.GrpcService (GrpcService.java:startImpl(158)) - 945959ea-d1ab-491b-81c1-772728ecc6fb: GrpcService started, listening on 0.0.0.0/0.0.0.0:36951
2019-10-07 12:53:10,567 [Datanode State Machine Thread - 0] INFO  ratis.XceiverServerRatis (XceiverServerRatis.java:start(428)) - XceiverServerRatis 945959ea-d1ab-491b-81c1-772728ecc6fb is started using port 36951
2019-10-07 12:53:10,567 [Datanode State Machine Thread - 0] INFO  server.XceiverServerGrpc (XceiverServerGrpc.java:start(149)) - XceiverServerGrpc 945959ea-d1ab-491b-81c1-772728ecc6fb is started using port 33483
2019-10-07 12:53:10,610 [main] INFO  ozone.MiniOzoneClusterImpl (MiniOzoneClusterImpl.java:lambda$waitForClusterToBeReady$0(147)) - Waiting for cluster to be ready. Got 0 of 7 DN Heartbeats.
2019-10-07 12:53:10,625 [Datanode State Machine Thread - 0] INFO  ozoneimpl.OzoneContainer (OzoneContainer.java:start(217)) - Attempting to start container services.
2019-10-07 12:53:10,626 [Datanode State Machine Thread - 0] INFO  ozoneimpl.OzoneContainer (OzoneContainer.java:startContainerScrub(179)) - Background container scanner has been disabled.
2019-10-07 12:53:10,626 [Datanode State Machine Thread - 0] INFO  ratis.XceiverServerRatis (XceiverServerRatis.java:start(418)) - Starting XceiverServerRatis 43d98e63-0113-493e-a7f1-645ee8b8ad5f at port 0
2019-10-07 12:53:10,632 [Datanode State Machine Thread - 0] INFO  impl.RaftServerProxy (RaftServerProxy.java:lambda$start$3(299)) - 43d98e63-0113-493e-a7f1-645ee8b8ad5f: start RPC server
2019-10-07 12:53:10,636 [Datanode State Machine Thread - 0] INFO  server.GrpcService (GrpcService.java:startImpl(158)) - 43d98e63-0113-493e-a7f1-645ee8b8ad5f: GrpcService started, listening on 0.0.0.0/0.0.0.0:42126
2019-10-07 12:53:10,636 [Datanode State Machine Thread - 0] INFO  ratis.XceiverServerRatis (XceiverServerRatis.java:start(428)) - XceiverServerRatis 43d98e63-0113-493e-a7f1-645ee8b8ad5f is started using port 42126
2019-10-07 12:53:10,636 [Datanode State Machine Thread - 0] INFO  server.XceiverServerGrpc (XceiverServerGrpc.java:start(149)) - XceiverServerGrpc 43d98e63-0113-493e-a7f1-645ee8b8ad5f is started using port 44311
2019-10-07 12:53:11,611 [main] INFO  ozone.MiniOzoneClusterImpl (MiniOzoneClusterImpl.java:lambda$waitForClusterToBeReady$0(147)) - Waiting for cluster to be ready. Got 0 of 7 DN Heartbeats.
2019-10-07 12:53:12,230 [IPC Server handler 3 on 44331] INFO  net.NetworkTopology (NetworkTopologyImpl.java:add(111)) - Added a new node: /default-rack/7741f835-7823-4120-ba15-da80b6525d1d
2019-10-07 12:53:12,232 [IPC Server handler 3 on 44331] INFO  node.SCMNodeManager (SCMNodeManager.java:register(268)) - Registered Data node : 7741f835-7823-4120-ba15-da80b6525d1d{ip: 192.168.151.100, host: pr-hdds-2264-877rn-2827291287, networkLocation: /default-rack, certSerialId: null}
2019-10-07 12:53:12,233 [EventQueue-NodeRegistrationContainerReportForDataNodeSafeModeRule] INFO  safemode.SCMSafeModeManager (DataNodeSafeModeRule.java:process(71)) - SCM in safe mode. 1 DataNodes registered, 1 required.
2019-10-07 12:53:12,236 [EventQueue-NodeRegistrationContainerReportForDataNodeSafeModeRule] INFO  safemode.SCMSafeModeManager (SCMSafeModeManager.java:validateSafeModeExitRules(177)) - ScmSafeModeManager, all rules are successfully validated
2019-10-07 12:53:12,236 [EventQueue-NodeRegistrationContainerReportForDataNodeSafeModeRule] INFO  safemode.SCMSafeModeManager (SCMSafeModeManager.java:exitSafeMode(193)) - SCM exiting safe mode.
2019-10-07 12:53:12,248 [grpc-default-executor-4] INFO  impl.RaftServerProxy (RaftServerProxy.java:addNew(89)) - 7741f835-7823-4120-ba15-da80b6525d1d: addNew group-BEFCF6E36C2B:[7741f835-7823-4120-ba15-da80b6525d1d:192.168.151.100:38490] returns group-BEFCF6E36C2B:java.util.concurrent.CompletableFuture@105220e1[Not completed]
2019-10-07 12:53:12,252 [pool-207-thread-1] INFO  impl.RaftServerImpl (RaftServerImpl.java:<init>(95)) - 7741f835-7823-4120-ba15-da80b6525d1d: new RaftServerImpl for group-BEFCF6E36C2B:[7741f835-7823-4120-ba15-da80b6525d1d:192.168.151.100:38490] with ContainerStateMachine:uninitialized
2019-10-07 12:53:12,252 [pool-207-thread-1] INFO  server.RaftServerConfigKeys (ConfUtils.java:logGet(43)) - raft.server.rpc.timeout.min = 5s (custom)
2019-10-07 12:53:12,252 [pool-207-thread-1] INFO  server.RaftServerConfigKeys (ConfUtils.java:logGet(43)) - raft.server.rpc.timeout.max = 5200ms (custom)
2019-10-07 12:53:12,252 [pool-207-thread-1] INFO  server.RaftServerConfigKeys (ConfUtils.java:logGet(43)) - raft.server.rpcslowness.timeout = 120s (custom)
2019-10-07 12:53:12,253 [pool-207-thread-1] INFO  server.RaftServerConfigKeys (ConfUtils.java:logGet(43)) - raft.server.sleep.deviation.threshold = 300 (default)
2019-10-07 12:53:12,253 [pool-207-thread-1] INFO  server.RaftServerConfigKeys (ConfUtils.java:logGet(43)) - raft.server.log.appender.install.snapshot.enabled = false (custom)
2019-10-07 12:53:12,253 [pool-207-thread-1] INFO  impl.RaftServerImpl (ServerState.java:<init>(103)) - 7741f835-7823-4120-ba15-da80b6525d1d@group-BEFCF6E36C2B: ConfigurationManager, init=-1: [7741f835-7823-4120-ba15-da80b6525d1d:192.168.151.100:38490], old=null, confs=<EMPTY_MAP>
2019-10-07 12:53:12,253 [pool-207-thread-1] INFO  server.RaftServerConfigKeys (ConfUtils.java:logGet(43)) - raft.server.storage.dir = [/workdir/hadoop-ozone/integration-test/target/test-dir/MiniOzoneClusterImpl-4feadec7-d447-476e-8398-86d62b3a4f14/datanode-0/data/ratis] (custom)
2019-10-07 12:53:12,254 [pool-207-thread-1] INFO  server.RaftServerConfigKeys (ConfUtils.java:logGet(43)) - raft.server.log.corruption.policy = EXCEPTION (default)
2019-10-07 12:53:12,254 [pool-207-thread-1] INFO  storage.RaftStorageDirectory (RaftStorageDirectory.java:analyzeStorage(246)) - The storage directory /workdir/hadoop-ozone/integration-test/target/test-dir/MiniOzoneClusterImpl-4feadec7-d447-476e-8398-86d62b3a4f14/datanode-0/data/ratis/ab62e538-1bd2-4fb0-afec-befcf6e36c2b does not exist. Creating ...
2019-10-07 12:53:12,268 [pool-207-thread-1] INFO  storage.RaftStorageDirectory (RaftStorageDirectory.java:tryLock(328)) - Lock on /workdir/hadoop-ozone/integration-test/target/test-dir/MiniOzoneClusterImpl-4feadec7-d447-476e-8398-86d62b3a4f14/datanode-0/data/ratis/ab62e538-1bd2-4fb0-afec-befcf6e36c2b/in_use.lock acquired by nodename 25439@pr-hdds-2264-877rn-2827291287
2019-10-07 12:53:12,281 [pool-207-thread-1] INFO  storage.RaftStorage (RaftStorage.java:format(84)) - Storage directory /workdir/hadoop-ozone/integration-test/target/test-dir/MiniOzoneClusterImpl-4feadec7-d447-476e-8398-86d62b3a4f14/datanode-0/data/ratis/ab62e538-1bd2-4fb0-afec-befcf6e36c2b has been successfully formatted.
2019-10-07 12:53:12,282 [pool-207-thread-1] INFO  ratis.ContainerStateMachine (ContainerStateMachine.java:loadSnapshot(231)) - group-BEFCF6E36C2B: The snapshot info is null. Setting the last applied indexto:(t:0, i:~)
2019-10-07 12:53:12,282 [pool-207-thread-1] INFO  server.RaftServerConfigKeys (ConfUtils.java:logGet(43)) - raft.server.notification.no-leader.timeout = 120s (custom)
2019-10-07 12:53:12,282 [pool-207-thread-1] INFO  server.RaftServerConfigKeys (ConfUtils.java:logGet(43)) - raft.server.log.use.memory = false (default)
2019-10-07 12:53:12,282 [pool-207-thread-1] INFO  server.RaftServerConfigKeys (ConfUtils.java:logGet(43)) - raft.server.log.purge.gap = 1000000 (custom)
2019-10-07 12:53:12,282 [pool-207-thread-1] INFO  server.RaftServerConfigKeys (ConfUtils.java:logGet(43)) - raft.server.log.appender.buffer.byte-limit = 33554432 (custom)
2019-10-07 12:53:12,282 [pool-207-thread-1] INFO  server.RaftServerConfigKeys (ConfUtils.java:logGet(43)) - raft.server.log.segment.size.max = 1048576 (custom)
2019-10-07 12:53:12,285 [pool-207-thread-1] INFO  server.RaftServerConfigKeys (ConfUtils.java:logGet(43)) - raft.server.log.segment.cache.num.max = 2 (custom)
2019-10-07 12:53:12,285 [pool-207-thread-1] INFO  segmented.SegmentedRaftLogWorker (SegmentedRaftLogWorker.java:<init>(173)) - new 7741f835-7823-4120-ba15-da80b6525d1d@group-BEFCF6E36C2B-SegmentedRaftLogWorker for RaftStorage:Storage Directory /workdir/hadoop-ozone/integration-test/target/test-dir/MiniOzoneClusterImpl-4feadec7-d447-476e-8398-86d62b3a4f14/datanode-0/data/ratis/ab62e538-1bd2-4fb0-afec-befcf6e36c2b
2019-10-07 12:53:12,285 [pool-207-thread-1] INFO  server.RaftServerConfigKeys (ConfUtils.java:logGet(43)) - raft.server.log.queue.byte-limit = 2147483647 (custom)
2019-10-07 12:53:12,285 [pool-207-thread-1] INFO  server.RaftServerConfigKeys (ConfUtils.java:logGet(43)) - raft.server.log.queue.element-limit = 1024 (custom)
2019-10-07 12:53:12,286 [pool-207-thread-1] INFO  server.RaftServerConfigKeys (ConfUtils.java:logGet(43)) - raft.server.log.segment.size.max = 1048576 (custom)
2019-10-07 12:53:12,286 [pool-207-thread-1] INFO  server.RaftServerConfigKeys (ConfUtils.java:logGet(43)) - raft.server.log.preallocated.size = 16384 (custom)
2019-10-07 12:53:12,286 [pool-207-thread-1] INFO  server.RaftServerConfigKeys (ConfUtils.java:logGet(43)) - raft.server.log.write.buffer.size = 33554432 (custom)
2019-10-07 12:53:12,286 [pool-207-thread-1] INFO  server.RaftServerConfigKeys (ConfUtils.java:logGet(43)) - raft.server.log.force.sync.num = 128 (default)
2019-10-07 12:53:12,286 [pool-207-thread-1] INFO  server.RaftServerConfigKeys (ConfUtils.java:logGet(43)) - raft.server.log.statemachine.data.sync = true (default)
2019-10-07 12:53:12,286 [pool-207-thread-1] INFO  server.RaftServerConfigKeys (ConfUtils.java:logGet(43)) - raft.server.log.statemachine.data.sync.timeout = 10s (default)
2019-10-07 12:53:12,287 [pool-207-thread-1] INFO  server.RaftServerConfigKeys (ConfUtils.java:logGet(43)) - raft.server.log.statemachine.data.sync.timeout.retry = -1 (default)
2019-10-07 12:53:12,287 [pool-207-thread-1] INFO  server.RaftServerConfigKeys (ConfUtils.java:logGet(43)) - raft.server.log.statemachine.data.caching.enabled = true (custom)
2019-10-07 12:53:12,288 [pool-207-thread-1] INFO  segmented.SegmentedRaftLogWorker (SegmentedRaftLogWorker.java:lambda$new$0(128)) - 7741f835-7823-4120-ba15-da80b6525d1d@group-BEFCF6E36C2B-SegmentedRaftLogWorker: flushIndex: setUnconditionally 0 -> -1
2019-10-07 12:53:12,288 [IPC Server handler 19 on 44331] INFO  net.NetworkTopology (NetworkTopologyImpl.java:add(111)) - Added a new node: /default-rack/a929fe19-32c2-4064-994c-6020b0bb7a68
2019-10-07 12:53:12,288 [pool-207-thread-1] INFO  server.RaftServerConfigKeys (ConfUtils.java:logGet(43)) - raft.server.snapshot.auto.trigger.enabled = true (custom)
2019-10-07 12:53:12,288 [IPC Server handler 19 on 44331] INFO  node.SCMNodeManager (SCMNodeManager.java:register(268)) - Registered Data node : a929fe19-32c2-4064-994c-6020b0bb7a68{ip: 192.168.151.100, host: pr-hdds-2264-877rn-2827291287, networkLocation: /default-rack, certSerialId: null}
2019-10-07 12:53:12,288 [pool-207-thread-1] INFO  server.RaftServerConfigKeys (ConfUtils.java:logGet(43)) - raft.server.snapshot.auto.trigger.threshold = 10000 (custom)
2019-10-07 12:53:12,289 [pool-207-thread-1] INFO  server.RaftServerConfigKeys (ConfUtils.java:logGet(43)) - raft.server.snapshot.retention.file.num = 5 (custom)
2019-10-07 12:53:12,289 [pool-207-thread-1] INFO  server.RaftServerConfigKeys (ConfUtils.java:logGet(43)) - raft.server.retrycache.expirytime = 600000ms (custom)
2019-10-07 12:53:12,291 [pool-207-thread-1] INFO  impl.RaftServerImpl (RaftServerImpl.java:start(181)) - 7741f835-7823-4120-ba15-da80b6525d1d@group-BEFCF6E36C2B: start as a follower, conf=-1: [7741f835-7823-4120-ba15-da80b6525d1d:192.168.151.100:38490], old=null
2019-10-07 12:53:12,291 [pool-207-thread-1] INFO  impl.RaftServerImpl (RaftServerImpl.java:setRole(170)) - 7741f835-7823-4120-ba15-da80b6525d1d@group-BEFCF6E36C2B: changes role from      null to FOLLOWER at term 0 for startAsFollower
2019-10-07 12:53:12,291 [pool-207-thread-1] INFO  impl.RoleInfo (RoleInfo.java:updateAndGet(143)) - 7741f835-7823-4120-ba15-da80b6525d1d: start FollowerState
2019-10-07 12:53:12,292 [pool-207-thread-1] INFO  util.JmxRegister (JmxRegister.java:tryRegister(44)) - Successfully registered JMX Bean with object name Ratis:service=RaftServer,group=group-BEFCF6E36C2B,id=7741f835-7823-4120-ba15-da80b6525d1d
2019-10-07 12:53:12,299 [RatisPipelineUtilsThread] INFO  pipeline.PipelineStateManager (PipelineStateManager.java:addPipeline(56)) - Created pipeline Pipeline[ Id: ab62e538-1bd2-4fb0-afec-befcf6e36c2b, Nodes: 7741f835-7823-4120-ba15-da80b6525d1d{ip: 192.168.151.100, host: pr-hdds-2264-877rn-2827291287, networkLocation: /default-rack, certSerialId: null}, Type:RATIS, Factor:ONE, State:OPEN]
2019-10-07 12:53:12,314 [grpc-default-executor-4] INFO  impl.RaftServerProxy (RaftServerProxy.java:addNew(89)) - a929fe19-32c2-4064-994c-6020b0bb7a68: addNew group-75CBC971D753:[a929fe19-32c2-4064-994c-6020b0bb7a68:192.168.151.100:37470] returns group-75CBC971D753:java.util.concurrent.CompletableFuture@2366f698[Not completed]
2019-10-07 12:53:12,315 [pool-217-thread-1] INFO  impl.RaftServerImpl (RaftServerImpl.java:<init>(95)) - a929fe19-32c2-4064-994c-6020b0bb7a68: new RaftServerImpl for group-75CBC971D753:[a929fe19-32c2-4064-994c-6020b0bb7a68:192.168.151.100:37470] with ContainerStateMachine:uninitialized
2019-10-07 12:53:12,315 [pool-217-thread-1] INFO  server.RaftServerConfigKeys (ConfUtils.java:logGet(43)) - raft.server.rpc.timeout.min = 5s (custom)
2019-10-07 12:53:12,316 [pool-217-thread-1] INFO  server.RaftServerConfigKeys (ConfUtils.java:logGet(43)) - raft.server.rpc.timeout.max = 5200ms (custom)
2019-10-07 12:53:12,316 [pool-217-thread-1] INFO  server.RaftServerConfigKeys (ConfUtils.java:logGet(43)) - raft.server.rpcslowness.timeout = 120s (custom)
2019-10-07 12:53:12,316 [pool-217-thread-1] INFO  server.RaftServerConfigKeys (ConfUtils.java:logGet(43)) - raft.server.sleep.deviation.threshold = 300 (default)
2019-10-07 12:53:12,316 [pool-217-thread-1] INFO  server.RaftServerConfigKeys (ConfUtils.java:logGet(43)) - raft.server.log.appender.install.snapshot.enabled = false (custom)
2019-10-07 12:53:12,316 [pool-217-thread-1] INFO  impl.RaftServerImpl (ServerState.java:<init>(103)) - a929fe19-32c2-4064-994c-6020b0bb7a68@group-75CBC971D753: ConfigurationManager, init=-1: [a929fe19-32c2-4064-994c-6020b0bb7a68:192.168.151.100:37470], old=null, confs=<EMPTY_MAP>
2019-10-07 12:53:12,316 [pool-217-thread-1] INFO  server.RaftServerConfigKeys (ConfUtils.java:logGet(43)) - raft.server.storage.dir = [/workdir/hadoop-ozone/integration-test/target/test-dir/MiniOzoneClusterImpl-4feadec7-d447-476e-8398-86d62b3a4f14/datanode-1/data/ratis] (custom)
2019-10-07 12:53:12,316 [pool-217-thread-1] INFO  server.RaftServerConfigKeys (ConfUtils.java:logGet(43)) - raft.server.log.corruption.policy = EXCEPTION (default)
2019-10-07 12:53:12,317 [pool-217-thread-1] INFO  storage.RaftStorageDirectory (RaftStorageDirectory.java:analyzeStorage(246)) - The storage directory /workdir/hadoop-ozone/integration-test/target/test-dir/MiniOzoneClusterImpl-4feadec7-d447-476e-8398-86d62b3a4f14/datanode-1/data/ratis/5af6c8bf-7a0c-4dae-9b28-75cbc971d753 does not exist. Creating ...
2019-10-07 12:53:12,330 [pool-217-thread-1] INFO  storage.RaftStorageDirectory (RaftStorageDirectory.java:tryLock(328)) - Lock on /workdir/hadoop-ozone/integration-test/target/test-dir/MiniOzoneClusterImpl-4feadec7-d447-476e-8398-86d62b3a4f14/datanode-1/data/ratis/5af6c8bf-7a0c-4dae-9b28-75cbc971d753/in_use.lock acquired by nodename 25439@pr-hdds-2264-877rn-2827291287
2019-10-07 12:53:12,343 [pool-217-thread-1] INFO  storage.RaftStorage (RaftStorage.java:format(84)) - Storage directory /workdir/hadoop-ozone/integration-test/target/test-dir/MiniOzoneClusterImpl-4feadec7-d447-476e-8398-86d62b3a4f14/datanode-1/data/ratis/5af6c8bf-7a0c-4dae-9b28-75cbc971d753 has been successfully formatted.
2019-10-07 12:53:12,343 [pool-217-thread-1] INFO  ratis.ContainerStateMachine (ContainerStateMachine.java:loadSnapshot(231)) - group-75CBC971D753: The snapshot info is null. Setting the last applied indexto:(t:0, i:~)
2019-10-07 12:53:12,343 [pool-217-thread-1] INFO  server.RaftServerConfigKeys (ConfUtils.java:logGet(43)) - raft.server.notification.no-leader.timeout = 120s (custom)
2019-10-07 12:53:12,343 [pool-217-thread-1] INFO  server.RaftServerConfigKeys (ConfUtils.java:logGet(43)) - raft.server.log.use.memory = false (default)
2019-10-07 12:53:12,343 [pool-217-thread-1] INFO  server.RaftServerConfigKeys (ConfUtils.java:logGet(43)) - raft.server.log.purge.gap = 1000000 (custom)
2019-10-07 12:53:12,344 [pool-217-thread-1] INFO  server.RaftServerConfigKeys (ConfUtils.java:logGet(43)) - raft.server.log.appender.buffer.byte-limit = 33554432 (custom)
2019-10-07 12:53:12,344 [pool-217-thread-1] INFO  server.RaftServerConfigKeys (ConfUtils.java:logGet(43)) - raft.server.log.segment.size.max = 1048576 (custom)
2019-10-07 12:53:12,346 [pool-217-thread-1] INFO  server.RaftServerConfigKeys (ConfUtils.java:logGet(43)) - raft.server.log.segment.cache.num.max = 2 (custom)
2019-10-07 12:53:12,346 [pool-217-thread-1] INFO  segmented.SegmentedRaftLogWorker (SegmentedRaftLogWorker.java:<init>(173)) - new a929fe19-32c2-4064-994c-6020b0bb7a68@group-75CBC971D753-SegmentedRaftLogWorker for RaftStorage:Storage Directory /workdir/hadoop-ozone/integration-test/target/test-dir/MiniOzoneClusterImpl-4feadec7-d447-476e-8398-86d62b3a4f14/datanode-1/data/ratis/5af6c8bf-7a0c-4dae-9b28-75cbc971d753
2019-10-07 12:53:12,346 [pool-217-thread-1] INFO  server.RaftServerConfigKeys (ConfUtils.java:logGet(43)) - raft.server.log.queue.byte-limit = 2147483647 (custom)
2019-10-07 12:53:12,346 [pool-217-thread-1] INFO  server.RaftServerConfigKeys (ConfUtils.java:logGet(43)) - raft.server.log.queue.element-limit = 1024 (custom)
2019-10-07 12:53:12,347 [pool-217-thread-1] INFO  server.RaftServerConfigKeys (ConfUtils.java:logGet(43)) - raft.server.log.segment.size.max = 1048576 (custom)
2019-10-07 12:53:12,347 [pool-217-thread-1] INFO  server.RaftServerConfigKeys (ConfUtils.java:logGet(43)) - raft.server.log.preallocated.size = 16384 (custom)
2019-10-07 12:53:12,347 [pool-217-thread-1] INFO  server.RaftServerConfigKeys (ConfUtils.java:logGet(43)) - raft.server.log.write.buffer.size = 33554432 (custom)
2019-10-07 12:53:12,347 [pool-217-thread-1] INFO  server.RaftServerConfigKeys (ConfUtils.java:logGet(43)) - raft.server.log.force.sync.num = 128 (default)
2019-10-07 12:53:12,347 [pool-217-thread-1] INFO  server.RaftServerConfigKeys (ConfUtils.java:logGet(43)) - raft.server.log.statemachine.data.sync = true (default)
2019-10-07 12:53:12,347 [pool-217-thread-1] INFO  server.RaftServerConfigKeys (ConfUtils.java:logGet(43)) - raft.server.log.statemachine.data.sync.timeout = 10s (default)
2019-10-07 12:53:12,347 [pool-217-thread-1] INFO  server.RaftServerConfigKeys (ConfUtils.java:logGet(43)) - raft.server.log.statemachine.data.sync.timeout.retry = -1 (default)
2019-10-07 12:53:12,348 [pool-217-thread-1] INFO  server.RaftServerConfigKeys (ConfUtils.java:logGet(43)) - raft.server.log.statemachine.data.caching.enabled = true (custom)
2019-10-07 12:53:12,348 [pool-217-thread-1] INFO  segmented.SegmentedRaftLogWorker (SegmentedRaftLogWorker.java:lambda$new$0(128)) - a929fe19-32c2-4064-994c-6020b0bb7a68@group-75CBC971D753-SegmentedRaftLogWorker: flushIndex: setUnconditionally 0 -> -1
2019-10-07 12:53:12,348 [pool-217-thread-1] INFO  server.RaftServerConfigKeys (ConfUtils.java:logGet(43)) - raft.server.snapshot.auto.trigger.enabled = true (custom)
2019-10-07 12:53:12,348 [pool-217-thread-1] INFO  server.RaftServerConfigKeys (ConfUtils.java:logGet(43)) - raft.server.snapshot.auto.trigger.threshold = 10000 (custom)
2019-10-07 12:53:12,349 [pool-217-thread-1] INFO  server.RaftServerConfigKeys (ConfUtils.java:logGet(43)) - raft.server.snapshot.retention.file.num = 5 (custom)
2019-10-07 12:53:12,349 [pool-217-thread-1] INFO  server.RaftServerConfigKeys (ConfUtils.java:logGet(43)) - raft.server.retrycache.expirytime = 600000ms (custom)
2019-10-07 12:53:12,349 [IPC Server handler 18 on 44331] INFO  net.NetworkTopology (NetworkTopologyImpl.java:add(111)) - Added a new node: /default-rack/786f91eb-928f-4402-89ae-1713a48bf1ef
2019-10-07 12:53:12,349 [IPC Server handler 18 on 44331] INFO  node.SCMNodeManager (SCMNodeManager.java:register(268)) - Registered Data node : 786f91eb-928f-4402-89ae-1713a48bf1ef{ip: 192.168.151.100, host: pr-hdds-2264-877rn-2827291287, networkLocation: /default-rack, certSerialId: null}
2019-10-07 12:53:12,350 [pool-217-thread-1] INFO  impl.RaftServerImpl (RaftServerImpl.java:start(181)) - a929fe19-32c2-4064-994c-6020b0bb7a68@group-75CBC971D753: start as a follower, conf=-1: [a929fe19-32c2-4064-994c-6020b0bb7a68:192.168.151.100:37470], old=null
2019-10-07 12:53:12,351 [pool-217-thread-1] INFO  impl.RaftServerImpl (RaftServerImpl.java:setRole(170)) - a929fe19-32c2-4064-994c-6020b0bb7a68@group-75CBC971D753: changes role from      null to FOLLOWER at term 0 for startAsFollower
2019-10-07 12:53:12,351 [pool-217-thread-1] INFO  impl.RoleInfo (RoleInfo.java:updateAndGet(143)) - a929fe19-32c2-4064-994c-6020b0bb7a68: start FollowerState
2019-10-07 12:53:12,351 [pool-217-thread-1] INFO  util.JmxRegister (JmxRegister.java:tryRegister(44)) - Successfully registered JMX Bean with object name Ratis:service=RaftServer,group=group-75CBC971D753,id=a929fe19-32c2-4064-994c-6020b0bb7a68
2019-10-07 12:53:12,358 [RatisPipelineUtilsThread] INFO  pipeline.PipelineStateManager (PipelineStateManager.java:addPipeline(56)) - Created pipeline Pipeline[ Id: 5af6c8bf-7a0c-4dae-9b28-75cbc971d753, Nodes: a929fe19-32c2-4064-994c-6020b0bb7a68{ip: 192.168.151.100, host: pr-hdds-2264-877rn-2827291287, networkLocation: /default-rack, certSerialId: null}, Type:RATIS, Factor:ONE, State:OPEN]
2019-10-07 12:53:12,364 [grpc-default-executor-4] INFO  impl.RaftServerProxy (RaftServerProxy.java:addNew(89)) - 786f91eb-928f-4402-89ae-1713a48bf1ef: addNew group-0AD706F46188:[786f91eb-928f-4402-89ae-1713a48bf1ef:192.168.151.100:34244] returns group-0AD706F46188:java.util.concurrent.CompletableFuture@288731f7[Not completed]
2019-10-07 12:53:12,365 [pool-227-thread-1] INFO  impl.RaftServerImpl (RaftServerImpl.java:<init>(95)) - 786f91eb-928f-4402-89ae-1713a48bf1ef: new RaftServerImpl for group-0AD706F46188:[786f91eb-928f-4402-89ae-1713a48bf1ef:192.168.151.100:34244] with ContainerStateMachine:uninitialized
2019-10-07 12:53:12,365 [pool-227-thread-1] INFO  server.RaftServerConfigKeys (ConfUtils.java:logGet(43)) - raft.server.rpc.timeout.min = 5s (custom)
2019-10-07 12:53:12,366 [pool-227-thread-1] INFO  server.RaftServerConfigKeys (ConfUtils.java:logGet(43)) - raft.server.rpc.timeout.max = 5200ms (custom)
2019-10-07 12:53:12,366 [pool-227-thread-1] INFO  server.RaftServerConfigKeys (ConfUtils.java:logGet(43)) - raft.server.rpcslowness.timeout = 120s (custom)
2019-10-07 12:53:12,366 [pool-227-thread-1] INFO  server.RaftServerConfigKeys (ConfUtils.java:logGet(43)) - raft.server.sleep.deviation.threshold = 300 (default)
2019-10-07 12:53:12,366 [pool-227-thread-1] INFO  server.RaftServerConfigKeys (ConfUtils.java:logGet(43)) - raft.server.log.appender.install.snapshot.enabled = false (custom)
2019-10-07 12:53:12,366 [pool-227-thread-1] INFO  impl.RaftServerImpl (ServerState.java:<init>(103)) - 786f91eb-928f-4402-89ae-1713a48bf1ef@group-0AD706F46188: ConfigurationManager, init=-1: [786f91eb-928f-4402-89ae-1713a48bf1ef:192.168.151.100:34244], old=null, confs=<EMPTY_MAP>
2019-10-07 12:53:12,366 [pool-227-thread-1] INFO  server.RaftServerConfigKeys (ConfUtils.java:logGet(43)) - raft.server.storage.dir = [/workdir/hadoop-ozone/integration-test/target/test-dir/MiniOzoneClusterImpl-4feadec7-d447-476e-8398-86d62b3a4f14/datanode-2/data/ratis] (custom)
2019-10-07 12:53:12,367 [pool-227-thread-1] INFO  server.RaftServerConfigKeys (ConfUtils.java:logGet(43)) - raft.server.log.corruption.policy = EXCEPTION (default)
2019-10-07 12:53:12,367 [pool-227-thread-1] INFO  storage.RaftStorageDirectory (RaftStorageDirectory.java:analyzeStorage(246)) - The storage directory /workdir/hadoop-ozone/integration-test/target/test-dir/MiniOzoneClusterImpl-4feadec7-d447-476e-8398-86d62b3a4f14/datanode-2/data/ratis/05149fa6-6fa0-4402-a399-0ad706f46188 does not exist. Creating ...
2019-10-07 12:53:12,380 [pool-227-thread-1] INFO  storage.RaftStorageDirectory (RaftStorageDirectory.java:tryLock(328)) - Lock on /workdir/hadoop-ozone/integration-test/target/test-dir/MiniOzoneClusterImpl-4feadec7-d447-476e-8398-86d62b3a4f14/datanode-2/data/ratis/05149fa6-6fa0-4402-a399-0ad706f46188/in_use.lock acquired by nodename 25439@pr-hdds-2264-877rn-2827291287
2019-10-07 12:53:12,393 [pool-227-thread-1] INFO  storage.RaftStorage (RaftStorage.java:format(84)) - Storage directory /workdir/hadoop-ozone/integration-test/target/test-dir/MiniOzoneClusterImpl-4feadec7-d447-476e-8398-86d62b3a4f14/datanode-2/data/ratis/05149fa6-6fa0-4402-a399-0ad706f46188 has been successfully formatted.
2019-10-07 12:53:12,393 [pool-227-thread-1] INFO  ratis.ContainerStateMachine (ContainerStateMachine.java:loadSnapshot(231)) - group-0AD706F46188: The snapshot info is null. Setting the last applied indexto:(t:0, i:~)
2019-10-07 12:53:12,394 [pool-227-thread-1] INFO  server.RaftServerConfigKeys (ConfUtils.java:logGet(43)) - raft.server.notification.no-leader.timeout = 120s (custom)
2019-10-07 12:53:12,394 [pool-227-thread-1] INFO  server.RaftServerConfigKeys (ConfUtils.java:logGet(43)) - raft.server.log.use.memory = false (default)
2019-10-07 12:53:12,394 [pool-227-thread-1] INFO  server.RaftServerConfigKeys (ConfUtils.java:logGet(43)) - raft.server.log.purge.gap = 1000000 (custom)
2019-10-07 12:53:12,394 [pool-227-thread-1] INFO  server.RaftServerConfigKeys (ConfUtils.java:logGet(43)) - raft.server.log.appender.buffer.byte-limit = 33554432 (custom)
2019-10-07 12:53:12,394 [pool-227-thread-1] INFO  server.RaftServerConfigKeys (ConfUtils.java:logGet(43)) - raft.server.log.segment.size.max = 1048576 (custom)
2019-10-07 12:53:12,396 [pool-227-thread-1] INFO  server.RaftServerConfigKeys (ConfUtils.java:logGet(43)) - raft.server.log.segment.cache.num.max = 2 (custom)
2019-10-07 12:53:12,396 [pool-227-thread-1] INFO  segmented.SegmentedRaftLogWorker (SegmentedRaftLogWorker.java:<init>(173)) - new 786f91eb-928f-4402-89ae-1713a48bf1ef@group-0AD706F46188-SegmentedRaftLogWorker for RaftStorage:Storage Directory /workdir/hadoop-ozone/integration-test/target/test-dir/MiniOzoneClusterImpl-4feadec7-d447-476e-8398-86d62b3a4f14/datanode-2/data/ratis/05149fa6-6fa0-4402-a399-0ad706f46188
2019-10-07 12:53:12,396 [pool-227-thread-1] INFO  server.RaftServerConfigKeys (ConfUtils.java:logGet(43)) - raft.server.log.queue.byte-limit = 2147483647 (custom)
2019-10-07 12:53:12,396 [pool-227-thread-1] INFO  server.RaftServerConfigKeys (ConfUtils.java:logGet(43)) - raft.server.log.queue.element-limit = 1024 (custom)
2019-10-07 12:53:12,396 [pool-227-thread-1] INFO  server.RaftServerConfigKeys (ConfUtils.java:logGet(43)) - raft.server.log.segment.size.max = 1048576 (custom)
2019-10-07 12:53:12,396 [pool-227-thread-1] INFO  server.RaftServerConfigKeys (ConfUtils.java:logGet(43)) - raft.server.log.preallocated.size = 16384 (custom)
2019-10-07 12:53:12,397 [pool-227-thread-1] INFO  server.RaftServerConfigKeys (ConfUtils.java:logGet(43)) - raft.server.log.write.buffer.size = 33554432 (custom)
2019-10-07 12:53:12,397 [pool-227-thread-1] INFO  server.RaftServerConfigKeys (ConfUtils.java:logGet(43)) - raft.server.log.force.sync.num = 128 (default)
2019-10-07 12:53:12,397 [pool-227-thread-1] INFO  server.RaftServerConfigKeys (ConfUtils.java:logGet(43)) - raft.server.log.statemachine.data.sync = true (default)
2019-10-07 12:53:12,397 [pool-227-thread-1] INFO  server.RaftServerConfigKeys (ConfUtils.java:logGet(43)) - raft.server.log.statemachine.data.sync.timeout = 10s (default)
2019-10-07 12:53:12,397 [pool-227-thread-1] INFO  server.RaftServerConfigKeys (ConfUtils.java:logGet(43)) - raft.server.log.statemachine.data.sync.timeout.retry = -1 (default)
2019-10-07 12:53:12,397 [pool-227-thread-1] INFO  server.RaftServerConfigKeys (ConfUtils.java:logGet(43)) - raft.server.log.statemachine.data.caching.enabled = true (custom)
2019-10-07 12:53:12,398 [pool-227-thread-1] INFO  segmented.SegmentedRaftLogWorker (SegmentedRaftLogWorker.java:lambda$new$0(128)) - 786f91eb-928f-4402-89ae-1713a48bf1ef@group-0AD706F46188-SegmentedRaftLogWorker: flushIndex: setUnconditionally 0 -> -1
2019-10-07 12:53:12,398 [pool-227-thread-1] INFO  server.RaftServerConfigKeys (ConfUtils.java:logGet(43)) - raft.server.snapshot.auto.trigger.enabled = true (custom)
2019-10-07 12:53:12,398 [pool-227-thread-1] INFO  server.RaftServerConfigKeys (ConfUtils.java:logGet(43)) - raft.server.snapshot.auto.trigger.threshold = 10000 (custom)
2019-10-07 12:53:12,398 [pool-227-thread-1] INFO  server.RaftServerConfigKeys (ConfUtils.java:logGet(43)) - raft.server.snapshot.retention.file.num = 5 (custom)
2019-10-07 12:53:12,398 [pool-227-thread-1] INFO  server.RaftServerConfigKeys (ConfUtils.java:logGet(43)) - raft.server.retrycache.expirytime = 600000ms (custom)
2019-10-07 12:53:12,400 [pool-227-thread-1] INFO  impl.RaftServerImpl (RaftServerImpl.java:start(181)) - 786f91eb-928f-4402-89ae-1713a48bf1ef@group-0AD706F46188: start as a follower, conf=-1: [786f91eb-928f-4402-89ae-1713a48bf1ef:192.168.151.100:34244], old=null
2019-10-07 12:53:12,400 [pool-227-thread-1] INFO  impl.RaftServerImpl (RaftServerImpl.java:setRole(170)) - 786f91eb-928f-4402-89ae-1713a48bf1ef@group-0AD706F46188: changes role from      null to FOLLOWER at term 0 for startAsFollower
2019-10-07 12:53:12,401 [pool-227-thread-1] INFO  impl.RoleInfo (RoleInfo.java:updateAndGet(143)) - 786f91eb-928f-4402-89ae-1713a48bf1ef: start FollowerState
2019-10-07 12:53:12,401 [pool-227-thread-1] INFO  util.JmxRegister (JmxRegister.java:tryRegister(44)) - Successfully registered JMX Bean with object name Ratis:service=RaftServer,group=group-0AD706F46188,id=786f91eb-928f-4402-89ae-1713a48bf1ef
2019-10-07 12:53:12,408 [RatisPipelineUtilsThread] INFO  pipeline.PipelineStateManager (PipelineStateManager.java:addPipeline(56)) - Created pipeline Pipeline[ Id: 05149fa6-6fa0-4402-a399-0ad706f46188, Nodes: 786f91eb-928f-4402-89ae-1713a48bf1ef{ip: 192.168.151.100, host: pr-hdds-2264-877rn-2827291287, networkLocation: /default-rack, certSerialId: null}, Type:RATIS, Factor:ONE, State:OPEN]
2019-10-07 12:53:12,423 [IPC Server handler 17 on 44331] INFO  net.NetworkTopology (NetworkTopologyImpl.java:add(111)) - Added a new node: /default-rack/c7bb312f-90c8-4ea3-a8d2-22df60f629e5
2019-10-07 12:53:12,425 [IPC Server handler 17 on 44331] INFO  node.SCMNodeManager (SCMNodeManager.java:register(268)) - Registered Data node : c7bb312f-90c8-4ea3-a8d2-22df60f629e5{ip: 192.168.151.100, host: pr-hdds-2264-877rn-2827291287, networkLocation: /default-rack, certSerialId: null}
2019-10-07 12:53:12,430 [grpc-default-executor-4] INFO  impl.RaftServerProxy (RaftServerProxy.java:addNew(89)) - a929fe19-32c2-4064-994c-6020b0bb7a68: addNew group-105F4042666B:[786f91eb-928f-4402-89ae-1713a48bf1ef:192.168.151.100:34244, a929fe19-32c2-4064-994c-6020b0bb7a68:192.168.151.100:37470, 7741f835-7823-4120-ba15-da80b6525d1d:192.168.151.100:38490] returns group-105F4042666B:java.util.concurrent.CompletableFuture@7789bb2f[Not completed]
2019-10-07 12:53:12,430 [grpc-default-executor-0] INFO  impl.RaftServerProxy (RaftServerProxy.java:addNew(89)) - 786f91eb-928f-4402-89ae-1713a48bf1ef: addNew group-105F4042666B:[786f91eb-928f-4402-89ae-1713a48bf1ef:192.168.151.100:34244, a929fe19-32c2-4064-994c-6020b0bb7a68:192.168.151.100:37470, 7741f835-7823-4120-ba15-da80b6525d1d:192.168.151.100:38490] returns group-105F4042666B:java.util.concurrent.CompletableFuture@cf54962[Not completed]
2019-10-07 12:53:12,430 [grpc-default-executor-2] INFO  impl.RaftServerProxy (RaftServerProxy.java:addNew(89)) - 7741f835-7823-4120-ba15-da80b6525d1d: addNew group-105F4042666B:[786f91eb-928f-4402-89ae-1713a48bf1ef:192.168.151.100:34244, a929fe19-32c2-4064-994c-6020b0bb7a68:192.168.151.100:37470, 7741f835-7823-4120-ba15-da80b6525d1d:192.168.151.100:38490] returns group-105F4042666B:java.util.concurrent.CompletableFuture@34a819e9[Not completed]
2019-10-07 12:53:12,431 [pool-217-thread-1] INFO  impl.RaftServerImpl (RaftServerImpl.java:<init>(95)) - a929fe19-32c2-4064-994c-6020b0bb7a68: new RaftServerImpl for group-105F4042666B:[786f91eb-928f-4402-89ae-1713a48bf1ef:192.168.151.100:34244, a929fe19-32c2-4064-994c-6020b0bb7a68:192.168.151.100:37470, 7741f835-7823-4120-ba15-da80b6525d1d:192.168.151.100:38490] with ContainerStateMachine:uninitialized
2019-10-07 12:53:12,431 [pool-217-thread-1] INFO  server.RaftServerConfigKeys (ConfUtils.java:logGet(43)) - raft.server.rpc.timeout.min = 5s (custom)
2019-10-07 12:53:12,432 [pool-217-thread-1] INFO  server.RaftServerConfigKeys (ConfUtils.java:logGet(43)) - raft.server.rpc.timeout.max = 5200ms (custom)
2019-10-07 12:53:12,432 [pool-217-thread-1] INFO  server.RaftServerConfigKeys (ConfUtils.java:logGet(43)) - raft.server.rpcslowness.timeout = 120s (custom)
2019-10-07 12:53:12,432 [pool-217-thread-1] INFO  server.RaftServerConfigKeys (ConfUtils.java:logGet(43)) - raft.server.sleep.deviation.threshold = 300 (default)
2019-10-07 12:53:12,432 [pool-217-thread-1] INFO  server.RaftServerConfigKeys (ConfUtils.java:logGet(43)) - raft.server.log.appender.install.snapshot.enabled = false (custom)
2019-10-07 12:53:12,432 [pool-227-thread-1] INFO  impl.RaftServerImpl (RaftServerImpl.java:<init>(95)) - 786f91eb-928f-4402-89ae-1713a48bf1ef: new RaftServerImpl for group-105F4042666B:[786f91eb-928f-4402-89ae-1713a48bf1ef:192.168.151.100:34244, a929fe19-32c2-4064-994c-6020b0bb7a68:192.168.151.100:37470, 7741f835-7823-4120-ba15-da80b6525d1d:192.168.151.100:38490] with ContainerStateMachine:uninitialized
2019-10-07 12:53:12,432 [pool-217-thread-1] INFO  impl.RaftServerImpl (ServerState.java:<init>(103)) - a929fe19-32c2-4064-994c-6020b0bb7a68@group-105F4042666B: ConfigurationManager, init=-1: [786f91eb-928f-4402-89ae-1713a48bf1ef:192.168.151.100:34244, a929fe19-32c2-4064-994c-6020b0bb7a68:192.168.151.100:37470, 7741f835-7823-4120-ba15-da80b6525d1d:192.168.151.100:38490], old=null, confs=<EMPTY_MAP>
2019-10-07 12:53:12,432 [pool-227-thread-1] INFO  server.RaftServerConfigKeys (ConfUtils.java:logGet(43)) - raft.server.rpc.timeout.min = 5s (custom)
2019-10-07 12:53:12,432 [pool-217-thread-1] INFO  server.RaftServerConfigKeys (ConfUtils.java:logGet(43)) - raft.server.storage.dir = [/workdir/hadoop-ozone/integration-test/target/test-dir/MiniOzoneClusterImpl-4feadec7-d447-476e-8398-86d62b3a4f14/datanode-1/data/ratis] (custom)
2019-10-07 12:53:12,432 [pool-227-thread-1] INFO  server.RaftServerConfigKeys (ConfUtils.java:logGet(43)) - raft.server.rpc.timeout.max = 5200ms (custom)
2019-10-07 12:53:12,432 [pool-207-thread-1] INFO  impl.RaftServerImpl (RaftServerImpl.java:<init>(95)) - 7741f835-7823-4120-ba15-da80b6525d1d: new RaftServerImpl for group-105F4042666B:[786f91eb-928f-4402-89ae-1713a48bf1ef:192.168.151.100:34244, a929fe19-32c2-4064-994c-6020b0bb7a68:192.168.151.100:37470, 7741f835-7823-4120-ba15-da80b6525d1d:192.168.151.100:38490] with ContainerStateMachine:uninitialized
2019-10-07 12:53:12,433 [pool-217-thread-1] INFO  server.RaftServerConfigKeys (ConfUtils.java:logGet(43)) - raft.server.log.corruption.policy = EXCEPTION (default)
2019-10-07 12:53:12,433 [pool-227-thread-1] INFO  server.RaftServerConfigKeys (ConfUtils.java:logGet(43)) - raft.server.rpcslowness.timeout = 120s (custom)
2019-10-07 12:53:12,433 [pool-217-thread-1] INFO  storage.RaftStorageDirectory (RaftStorageDirectory.java:analyzeStorage(246)) - The storage directory /workdir/hadoop-ozone/integration-test/target/test-dir/MiniOzoneClusterImpl-4feadec7-d447-476e-8398-86d62b3a4f14/datanode-1/data/ratis/485f1b3c-bc6e-4694-a404-105f4042666b does not exist. Creating ...
2019-10-07 12:53:12,433 [pool-207-thread-1] INFO  server.RaftServerConfigKeys (ConfUtils.java:logGet(43)) - raft.server.rpc.timeout.min = 5s (custom)
2019-10-07 12:53:12,433 [pool-227-thread-1] INFO  server.RaftServerConfigKeys (ConfUtils.java:logGet(43)) - raft.server.sleep.deviation.threshold = 300 (default)
2019-10-07 12:53:12,433 [pool-207-thread-1] INFO  server.RaftServerConfigKeys (ConfUtils.java:logGet(43)) - raft.server.rpc.timeout.max = 5200ms (custom)
2019-10-07 12:53:12,433 [pool-227-thread-1] INFO  server.RaftServerConfigKeys (ConfUtils.java:logGet(43)) - raft.server.log.appender.install.snapshot.enabled = false (custom)
2019-10-07 12:53:12,433 [pool-207-thread-1] INFO  server.RaftServerConfigKeys (ConfUtils.java:logGet(43)) - raft.server.rpcslowness.timeout = 120s (custom)
2019-10-07 12:53:12,433 [pool-227-thread-1] INFO  impl.RaftServerImpl (ServerState.java:<init>(103)) - 786f91eb-928f-4402-89ae-1713a48bf1ef@group-105F4042666B: ConfigurationManager, init=-1: [786f91eb-928f-4402-89ae-1713a48bf1ef:192.168.151.100:34244, a929fe19-32c2-4064-994c-6020b0bb7a68:192.168.151.100:37470, 7741f835-7823-4120-ba15-da80b6525d1d:192.168.151.100:38490], old=null, confs=<EMPTY_MAP>
2019-10-07 12:53:12,433 [pool-207-thread-1] INFO  server.RaftServerConfigKeys (ConfUtils.java:logGet(43)) - raft.server.sleep.deviation.threshold = 300 (default)
2019-10-07 12:53:12,433 [pool-227-thread-1] INFO  server.RaftServerConfigKeys (ConfUtils.java:logGet(43)) - raft.server.storage.dir = [/workdir/hadoop-ozone/integration-test/target/test-dir/MiniOzoneClusterImpl-4feadec7-d447-476e-8398-86d62b3a4f14/datanode-2/data/ratis] (custom)
2019-10-07 12:53:12,434 [pool-207-thread-1] INFO  server.RaftServerConfigKeys (ConfUtils.java:logGet(43)) - raft.server.log.appender.install.snapshot.enabled = false (custom)
2019-10-07 12:53:12,434 [pool-227-thread-1] INFO  server.RaftServerConfigKeys (ConfUtils.java:logGet(43)) - raft.server.log.corruption.policy = EXCEPTION (default)
2019-10-07 12:53:12,434 [pool-207-thread-1] INFO  impl.RaftServerImpl (ServerState.java:<init>(103)) - 7741f835-7823-4120-ba15-da80b6525d1d@group-105F4042666B: ConfigurationManager, init=-1: [786f91eb-928f-4402-89ae-1713a48bf1ef:192.168.151.100:34244, a929fe19-32c2-4064-994c-6020b0bb7a68:192.168.151.100:37470, 7741f835-7823-4120-ba15-da80b6525d1d:192.168.151.100:38490], old=null, confs=<EMPTY_MAP>
2019-10-07 12:53:12,434 [pool-227-thread-1] INFO  storage.RaftStorageDirectory (RaftStorageDirectory.java:analyzeStorage(246)) - The storage directory /workdir/hadoop-ozone/integration-test/target/test-dir/MiniOzoneClusterImpl-4feadec7-d447-476e-8398-86d62b3a4f14/datanode-2/data/ratis/485f1b3c-bc6e-4694-a404-105f4042666b does not exist. Creating ...
2019-10-07 12:53:12,434 [pool-207-thread-1] INFO  server.RaftServerConfigKeys (ConfUtils.java:logGet(43)) - raft.server.storage.dir = [/workdir/hadoop-ozone/integration-test/target/test-dir/MiniOzoneClusterImpl-4feadec7-d447-476e-8398-86d62b3a4f14/datanode-0/data/ratis] (custom)
2019-10-07 12:53:12,434 [pool-207-thread-1] INFO  server.RaftServerConfigKeys (ConfUtils.java:logGet(43)) - raft.server.log.corruption.policy = EXCEPTION (default)
2019-10-07 12:53:12,434 [pool-207-thread-1] INFO  storage.RaftStorageDirectory (RaftStorageDirectory.java:analyzeStorage(246)) - The storage directory /workdir/hadoop-ozone/integration-test/target/test-dir/MiniOzoneClusterImpl-4feadec7-d447-476e-8398-86d62b3a4f14/datanode-0/data/ratis/485f1b3c-bc6e-4694-a404-105f4042666b does not exist. Creating ...
2019-10-07 12:53:12,446 [pool-207-thread-1] INFO  storage.RaftStorageDirectory (RaftStorageDirectory.java:tryLock(328)) - Lock on /workdir/hadoop-ozone/integration-test/target/test-dir/MiniOzoneClusterImpl-4feadec7-d447-476e-8398-86d62b3a4f14/datanode-0/data/ratis/485f1b3c-bc6e-4694-a404-105f4042666b/in_use.lock acquired by nodename 25439@pr-hdds-2264-877rn-2827291287
2019-10-07 12:53:12,446 [pool-227-thread-1] INFO  storage.RaftStorageDirectory (RaftStorageDirectory.java:tryLock(328)) - Lock on /workdir/hadoop-ozone/integration-test/target/test-dir/MiniOzoneClusterImpl-4feadec7-d447-476e-8398-86d62b3a4f14/datanode-2/data/ratis/485f1b3c-bc6e-4694-a404-105f4042666b/in_use.lock acquired by nodename 25439@pr-hdds-2264-877rn-2827291287
2019-10-07 12:53:12,446 [pool-217-thread-1] INFO  storage.RaftStorageDirectory (RaftStorageDirectory.java:tryLock(328)) - Lock on /workdir/hadoop-ozone/integration-test/target/test-dir/MiniOzoneClusterImpl-4feadec7-d447-476e-8398-86d62b3a4f14/datanode-1/data/ratis/485f1b3c-bc6e-4694-a404-105f4042666b/in_use.lock acquired by nodename 25439@pr-hdds-2264-877rn-2827291287
2019-10-07 12:53:12,460 [pool-217-thread-1] INFO  storage.RaftStorage (RaftStorage.java:format(84)) - Storage directory /workdir/hadoop-ozone/integration-test/target/test-dir/MiniOzoneClusterImpl-4feadec7-d447-476e-8398-86d62b3a4f14/datanode-1/data/ratis/485f1b3c-bc6e-4694-a404-105f4042666b has been successfully formatted.
2019-10-07 12:53:12,460 [pool-227-thread-1] INFO  storage.RaftStorage (RaftStorage.java:format(84)) - Storage directory /workdir/hadoop-ozone/integration-test/target/test-dir/MiniOzoneClusterImpl-4feadec7-d447-476e-8398-86d62b3a4f14/datanode-2/data/ratis/485f1b3c-bc6e-4694-a404-105f4042666b has been successfully formatted.
2019-10-07 12:53:12,460 [pool-207-thread-1] INFO  storage.RaftStorage (RaftStorage.java:format(84)) - Storage directory /workdir/hadoop-ozone/integration-test/target/test-dir/MiniOzoneClusterImpl-4feadec7-d447-476e-8398-86d62b3a4f14/datanode-0/data/ratis/485f1b3c-bc6e-4694-a404-105f4042666b has been successfully formatted.
2019-10-07 12:53:12,460 [pool-217-thread-1] INFO  ratis.ContainerStateMachine (ContainerStateMachine.java:loadSnapshot(231)) - group-105F4042666B: The snapshot info is null. Setting the last applied indexto:(t:0, i:~)
2019-10-07 12:53:12,461 [pool-207-thread-1] INFO  ratis.ContainerStateMachine (ContainerStateMachine.java:loadSnapshot(231)) - group-105F4042666B: The snapshot info is null. Setting the last applied indexto:(t:0, i:~)
2019-10-07 12:53:12,461 [pool-227-thread-1] INFO  ratis.ContainerStateMachine (ContainerStateMachine.java:loadSnapshot(231)) - group-105F4042666B: The snapshot info is null. Setting the last applied indexto:(t:0, i:~)
2019-10-07 12:53:12,461 [pool-207-thread-1] INFO  server.RaftServerConfigKeys (ConfUtils.java:logGet(43)) - raft.server.notification.no-leader.timeout = 120s (custom)
2019-10-07 12:53:12,461 [pool-217-thread-1] INFO  server.RaftServerConfigKeys (ConfUtils.java:logGet(43)) - raft.server.notification.no-leader.timeout = 120s (custom)
2019-10-07 12:53:12,461 [pool-207-thread-1] INFO  server.RaftServerConfigKeys (ConfUtils.java:logGet(43)) - raft.server.log.use.memory = false (default)
2019-10-07 12:53:12,461 [pool-227-thread-1] INFO  server.RaftServerConfigKeys (ConfUtils.java:logGet(43)) - raft.server.notification.no-leader.timeout = 120s (custom)
2019-10-07 12:53:12,461 [pool-207-thread-1] INFO  server.RaftServerConfigKeys (ConfUtils.java:logGet(43)) - raft.server.log.purge.gap = 1000000 (custom)
2019-10-07 12:53:12,461 [pool-217-thread-1] INFO  server.RaftServerConfigKeys (ConfUtils.java:logGet(43)) - raft.server.log.use.memory = false (default)
2019-10-07 12:53:12,461 [pool-207-thread-1] INFO  server.RaftServerConfigKeys (ConfUtils.java:logGet(43)) - raft.server.log.appender.buffer.byte-limit = 33554432 (custom)
2019-10-07 12:53:12,461 [pool-227-thread-1] INFO  server.RaftServerConfigKeys (ConfUtils.java:logGet(43)) - raft.server.log.use.memory = false (default)
2019-10-07 12:53:12,462 [pool-207-thread-1] INFO  server.RaftServerConfigKeys (ConfUtils.java:logGet(43)) - raft.server.log.segment.size.max = 1048576 (custom)
2019-10-07 12:53:12,461 [pool-217-thread-1] INFO  server.RaftServerConfigKeys (ConfUtils.java:logGet(43)) - raft.server.log.purge.gap = 1000000 (custom)
2019-10-07 12:53:12,462 [pool-207-thread-1] INFO  server.RaftServerConfigKeys (ConfUtils.java:logGet(43)) - raft.server.log.segment.cache.num.max = 2 (custom)
2019-10-07 12:53:12,462 [pool-227-thread-1] INFO  server.RaftServerConfigKeys (ConfUtils.java:logGet(43)) - raft.server.log.purge.gap = 1000000 (custom)
2019-10-07 12:53:12,462 [pool-207-thread-1] INFO  segmented.SegmentedRaftLogWorker (SegmentedRaftLogWorker.java:<init>(173)) - new 7741f835-7823-4120-ba15-da80b6525d1d@group-105F4042666B-SegmentedRaftLogWorker for RaftStorage:Storage Directory /workdir/hadoop-ozone/integration-test/target/test-dir/MiniOzoneClusterImpl-4feadec7-d447-476e-8398-86d62b3a4f14/datanode-0/data/ratis/485f1b3c-bc6e-4694-a404-105f4042666b
2019-10-07 12:53:12,462 [pool-217-thread-1] INFO  server.RaftServerConfigKeys (ConfUtils.java:logGet(43)) - raft.server.log.appender.buffer.byte-limit = 33554432 (custom)
2019-10-07 12:53:12,462 [pool-207-thread-1] INFO  server.RaftServerConfigKeys (ConfUtils.java:logGet(43)) - raft.server.log.queue.byte-limit = 2147483647 (custom)
2019-10-07 12:53:12,462 [pool-227-thread-1] INFO  server.RaftServerConfigKeys (ConfUtils.java:logGet(43)) - raft.server.log.appender.buffer.byte-limit = 33554432 (custom)
2019-10-07 12:53:12,462 [pool-207-thread-1] INFO  server.RaftServerConfigKeys (ConfUtils.java:logGet(43)) - raft.server.log.queue.element-limit = 1024 (custom)
2019-10-07 12:53:12,462 [pool-217-thread-1] INFO  server.RaftServerConfigKeys (ConfUtils.java:logGet(43)) - raft.server.log.segment.size.max = 1048576 (custom)
2019-10-07 12:53:12,463 [pool-207-thread-1] INFO  server.RaftServerConfigKeys (ConfUtils.java:logGet(43)) - raft.server.log.segment.size.max = 1048576 (custom)
2019-10-07 12:53:12,463 [pool-227-thread-1] INFO  server.RaftServerConfigKeys (ConfUtils.java:logGet(43)) - raft.server.log.segment.size.max = 1048576 (custom)
2019-10-07 12:53:12,463 [pool-207-thread-1] INFO  server.RaftServerConfigKeys (ConfUtils.java:logGet(43)) - raft.server.log.preallocated.size = 16384 (custom)
2019-10-07 12:53:12,463 [pool-217-thread-1] INFO  server.RaftServerConfigKeys (ConfUtils.java:logGet(43)) - raft.server.log.segment.cache.num.max = 2 (custom)
2019-10-07 12:53:12,463 [pool-207-thread-1] INFO  server.RaftServerConfigKeys (ConfUtils.java:logGet(43)) - raft.server.log.write.buffer.size = 33554432 (custom)
2019-10-07 12:53:12,463 [pool-227-thread-1] INFO  server.RaftServerConfigKeys (ConfUtils.java:logGet(43)) - raft.server.log.segment.cache.num.max = 2 (custom)
2019-10-07 12:53:12,463 [pool-207-thread-1] INFO  server.RaftServerConfigKeys (ConfUtils.java:logGet(43)) - raft.server.log.force.sync.num = 128 (default)
2019-10-07 12:53:12,463 [pool-217-thread-1] INFO  segmented.SegmentedRaftLogWorker (SegmentedRaftLogWorker.java:<init>(173)) - new a929fe19-32c2-4064-994c-6020b0bb7a68@group-105F4042666B-SegmentedRaftLogWorker for RaftStorage:Storage Directory /workdir/hadoop-ozone/integration-test/target/test-dir/MiniOzoneClusterImpl-4feadec7-d447-476e-8398-86d62b3a4f14/datanode-1/data/ratis/485f1b3c-bc6e-4694-a404-105f4042666b
2019-10-07 12:53:12,464 [pool-207-thread-1] INFO  server.RaftServerConfigKeys (ConfUtils.java:logGet(43)) - raft.server.log.statemachine.data.sync = true (default)
2019-10-07 12:53:12,464 [pool-227-thread-1] INFO  segmented.SegmentedRaftLogWorker (SegmentedRaftLogWorker.java:<init>(173)) - new 786f91eb-928f-4402-89ae-1713a48bf1ef@group-105F4042666B-SegmentedRaftLogWorker for RaftStorage:Storage Directory /workdir/hadoop-ozone/integration-test/target/test-dir/MiniOzoneClusterImpl-4feadec7-d447-476e-8398-86d62b3a4f14/datanode-2/data/ratis/485f1b3c-bc6e-4694-a404-105f4042666b
2019-10-07 12:53:12,464 [pool-207-thread-1] INFO  server.RaftServerConfigKeys (ConfUtils.java:logGet(43)) - raft.server.log.statemachine.data.sync.timeout = 10s (default)
2019-10-07 12:53:12,464 [pool-217-thread-1] INFO  server.RaftServerConfigKeys (ConfUtils.java:logGet(43)) - raft.server.log.queue.byte-limit = 2147483647 (custom)
2019-10-07 12:53:12,464 [pool-207-thread-1] INFO  server.RaftServerConfigKeys (ConfUtils.java:logGet(43)) - raft.server.log.statemachine.data.sync.timeout.retry = -1 (default)
2019-10-07 12:53:12,464 [pool-227-thread-1] INFO  server.RaftServerConfigKeys (ConfUtils.java:logGet(43)) - raft.server.log.queue.byte-limit = 2147483647 (custom)
2019-10-07 12:53:12,464 [pool-207-thread-1] INFO  server.RaftServerConfigKeys (ConfUtils.java:logGet(43)) - raft.server.log.statemachine.data.caching.enabled = true (custom)
2019-10-07 12:53:12,464 [pool-217-thread-1] INFO  server.RaftServerConfigKeys (ConfUtils.java:logGet(43)) - raft.server.log.queue.element-limit = 1024 (custom)
2019-10-07 12:53:12,465 [pool-227-thread-1] INFO  server.RaftServerConfigKeys (ConfUtils.java:logGet(43)) - raft.server.log.queue.element-limit = 1024 (custom)
2019-10-07 12:53:12,465 [pool-207-thread-1] INFO  segmented.SegmentedRaftLogWorker (SegmentedRaftLogWorker.java:lambda$new$0(128)) - 7741f835-7823-4120-ba15-da80b6525d1d@group-105F4042666B-SegmentedRaftLogWorker: flushIndex: setUnconditionally 0 -> -1
2019-10-07 12:53:12,465 [pool-217-thread-1] INFO  server.RaftServerConfigKeys (ConfUtils.java:logGet(43)) - raft.server.log.segment.size.max = 1048576 (custom)
2019-10-07 12:53:12,465 [pool-227-thread-1] INFO  server.RaftServerConfigKeys (ConfUtils.java:logGet(43)) - raft.server.log.segment.size.max = 1048576 (custom)
2019-10-07 12:53:12,465 [pool-207-thread-1] INFO  server.RaftServerConfigKeys (ConfUtils.java:logGet(43)) - raft.server.snapshot.auto.trigger.enabled = true (custom)
2019-10-07 12:53:12,465 [pool-217-thread-1] INFO  server.RaftServerConfigKeys (ConfUtils.java:logGet(43)) - raft.server.log.preallocated.size = 16384 (custom)
2019-10-07 12:53:12,465 [pool-207-thread-1] INFO  server.RaftServerConfigKeys (ConfUtils.java:logGet(43)) - raft.server.snapshot.auto.trigger.threshold = 10000 (custom)
2019-10-07 12:53:12,465 [pool-227-thread-1] INFO  server.RaftServerConfigKeys (ConfUtils.java:logGet(43)) - raft.server.log.preallocated.size = 16384 (custom)
2019-10-07 12:53:12,466 [pool-207-thread-1] INFO  server.RaftServerConfigKeys (ConfUtils.java:logGet(43)) - raft.server.snapshot.retention.file.num = 5 (custom)
2019-10-07 12:53:12,466 [pool-217-thread-1] INFO  server.RaftServerConfigKeys (ConfUtils.java:logGet(43)) - raft.server.log.write.buffer.size = 33554432 (custom)
2019-10-07 12:53:12,466 [pool-207-thread-1] INFO  server.RaftServerConfigKeys (ConfUtils.java:logGet(43)) - raft.server.retrycache.expirytime = 600000ms (custom)
2019-10-07 12:53:12,466 [pool-227-thread-1] INFO  server.RaftServerConfigKeys (ConfUtils.java:logGet(43)) - raft.server.log.write.buffer.size = 33554432 (custom)
2019-10-07 12:53:12,466 [pool-217-thread-1] INFO  server.RaftServerConfigKeys (ConfUtils.java:logGet(43)) - raft.server.log.force.sync.num = 128 (default)
2019-10-07 12:53:12,466 [pool-227-thread-1] INFO  server.RaftServerConfigKeys (ConfUtils.java:logGet(43)) - raft.server.log.force.sync.num = 128 (default)
2019-10-07 12:53:12,466 [pool-217-thread-1] INFO  server.RaftServerConfigKeys (ConfUtils.java:logGet(43)) - raft.server.log.statemachine.data.sync = true (default)
2019-10-07 12:53:12,467 [pool-227-thread-1] INFO  server.RaftServerConfigKeys (ConfUtils.java:logGet(43)) - raft.server.log.statemachine.data.sync = true (default)
2019-10-07 12:53:12,467 [pool-217-thread-1] INFO  server.RaftServerConfigKeys (ConfUtils.java:logGet(43)) - raft.server.log.statemachine.data.sync.timeout = 10s (default)
2019-10-07 12:53:12,467 [pool-227-thread-1] INFO  server.RaftServerConfigKeys (ConfUtils.java:logGet(43)) - raft.server.log.statemachine.data.sync.timeout = 10s (default)
2019-10-07 12:53:12,467 [pool-217-thread-1] INFO  server.RaftServerConfigKeys (ConfUtils.java:logGet(43)) - raft.server.log.statemachine.data.sync.timeout.retry = -1 (default)
2019-10-07 12:53:12,467 [pool-227-thread-1] INFO  server.RaftServerConfigKeys (ConfUtils.java:logGet(43)) - raft.server.log.statemachine.data.sync.timeout.retry = -1 (default)
2019-10-07 12:53:12,467 [pool-217-thread-1] INFO  server.RaftServerConfigKeys (ConfUtils.java:logGet(43)) - raft.server.log.statemachine.data.caching.enabled = true (custom)
2019-10-07 12:53:12,467 [pool-227-thread-1] INFO  server.RaftServerConfigKeys (ConfUtils.java:logGet(43)) - raft.server.log.statemachine.data.caching.enabled = true (custom)
2019-10-07 12:53:12,468 [pool-217-thread-1] INFO  segmented.SegmentedRaftLogWorker (SegmentedRaftLogWorker.java:lambda$new$0(128)) - a929fe19-32c2-4064-994c-6020b0bb7a68@group-105F4042666B-SegmentedRaftLogWorker: flushIndex: setUnconditionally 0 -> -1
2019-10-07 12:53:12,468 [pool-227-thread-1] INFO  segmented.SegmentedRaftLogWorker (SegmentedRaftLogWorker.java:lambda$new$0(128)) - 786f91eb-928f-4402-89ae-1713a48bf1ef@group-105F4042666B-SegmentedRaftLogWorker: flushIndex: setUnconditionally 0 -> -1
2019-10-07 12:53:12,468 [pool-207-thread-1] INFO  impl.RaftServerImpl (RaftServerImpl.java:start(181)) - 7741f835-7823-4120-ba15-da80b6525d1d@group-105F4042666B: start as a follower, conf=-1: [786f91eb-928f-4402-89ae-1713a48bf1ef:192.168.151.100:34244, a929fe19-32c2-4064-994c-6020b0bb7a68:192.168.151.100:37470, 7741f835-7823-4120-ba15-da80b6525d1d:192.168.151.100:38490], old=null
2019-10-07 12:53:12,468 [pool-217-thread-1] INFO  server.RaftServerConfigKeys (ConfUtils.java:logGet(43)) - raft.server.snapshot.auto.trigger.enabled = true (custom)
2019-10-07 12:53:12,468 [pool-227-thread-1] INFO  server.RaftServerConfigKeys (ConfUtils.java:logGet(43)) - raft.server.snapshot.auto.trigger.enabled = true (custom)
2019-10-07 12:53:12,468 [pool-207-thread-1] INFO  impl.RaftServerImpl (RaftServerImpl.java:setRole(170)) - 7741f835-7823-4120-ba15-da80b6525d1d@group-105F4042666B: changes role from      null to FOLLOWER at term 0 for startAsFollower
2019-10-07 12:53:12,468 [pool-227-thread-1] INFO  server.RaftServerConfigKeys (ConfUtils.java:logGet(43)) - raft.server.snapshot.auto.trigger.threshold = 10000 (custom)
2019-10-07 12:53:12,468 [pool-217-thread-1] INFO  server.RaftServerConfigKeys (ConfUtils.java:logGet(43)) - raft.server.snapshot.auto.trigger.threshold = 10000 (custom)
2019-10-07 12:53:12,469 [pool-227-thread-1] INFO  server.RaftServerConfigKeys (ConfUtils.java:logGet(43)) - raft.server.snapshot.retention.file.num = 5 (custom)
2019-10-07 12:53:12,468 [pool-207-thread-1] INFO  impl.RoleInfo (RoleInfo.java:updateAndGet(143)) - 7741f835-7823-4120-ba15-da80b6525d1d: start FollowerState
2019-10-07 12:53:12,469 [pool-227-thread-1] INFO  server.RaftServerConfigKeys (ConfUtils.java:logGet(43)) - raft.server.retrycache.expirytime = 600000ms (custom)
2019-10-07 12:53:12,469 [pool-217-thread-1] INFO  server.RaftServerConfigKeys (ConfUtils.java:logGet(43)) - raft.server.snapshot.retention.file.num = 5 (custom)
2019-10-07 12:53:12,469 [pool-217-thread-1] INFO  server.RaftServerConfigKeys (ConfUtils.java:logGet(43)) - raft.server.retrycache.expirytime = 600000ms (custom)
2019-10-07 12:53:12,469 [pool-207-thread-1] INFO  util.JmxRegister (JmxRegister.java:tryRegister(44)) - Successfully registered JMX Bean with object name Ratis:service=RaftServer,group=group-105F4042666B,id=7741f835-7823-4120-ba15-da80b6525d1d
2019-10-07 12:53:12,472 [pool-227-thread-1] INFO  impl.RaftServerImpl (RaftServerImpl.java:start(181)) - 786f91eb-928f-4402-89ae-1713a48bf1ef@group-105F4042666B: start as a follower, conf=-1: [786f91eb-928f-4402-89ae-1713a48bf1ef:192.168.151.100:34244, a929fe19-32c2-4064-994c-6020b0bb7a68:192.168.151.100:37470, 7741f835-7823-4120-ba15-da80b6525d1d:192.168.151.100:38490], old=null
2019-10-07 12:53:12,472 [pool-227-thread-1] INFO  impl.RaftServerImpl (RaftServerImpl.java:setRole(170)) - 786f91eb-928f-4402-89ae-1713a48bf1ef@group-105F4042666B: changes role from      null to FOLLOWER at term 0 for startAsFollower
2019-10-07 12:53:12,472 [pool-227-thread-1] INFO  impl.RoleInfo (RoleInfo.java:updateAndGet(143)) - 786f91eb-928f-4402-89ae-1713a48bf1ef: start FollowerState
2019-10-07 12:53:12,472 [pool-217-thread-1] INFO  impl.RaftServerImpl (RaftServerImpl.java:start(181)) - a929fe19-32c2-4064-994c-6020b0bb7a68@group-105F4042666B: start as a follower, conf=-1: [786f91eb-928f-4402-89ae-1713a48bf1ef:192.168.151.100:34244, a929fe19-32c2-4064-994c-6020b0bb7a68:192.168.151.100:37470, 7741f835-7823-4120-ba15-da80b6525d1d:192.168.151.100:38490], old=null
2019-10-07 12:53:12,472 [pool-227-thread-1] INFO  util.JmxRegister (JmxRegister.java:tryRegister(44)) - Successfully registered JMX Bean with object name Ratis:service=RaftServer,group=group-105F4042666B,id=786f91eb-928f-4402-89ae-1713a48bf1ef
2019-10-07 12:53:12,472 [pool-217-thread-1] INFO  impl.RaftServerImpl (RaftServerImpl.java:setRole(170)) - a929fe19-32c2-4064-994c-6020b0bb7a68@group-105F4042666B: changes role from      null to FOLLOWER at term 0 for startAsFollower
2019-10-07 12:53:12,473 [pool-217-thread-1] INFO  impl.RoleInfo (RoleInfo.java:updateAndGet(143)) - a929fe19-32c2-4064-994c-6020b0bb7a68: start FollowerState
2019-10-07 12:53:12,473 [pool-217-thread-1] INFO  util.JmxRegister (JmxRegister.java:tryRegister(44)) - Successfully registered JMX Bean with object name Ratis:service=RaftServer,group=group-105F4042666B,id=a929fe19-32c2-4064-994c-6020b0bb7a68
2019-10-07 12:53:12,478 [IPC Server handler 0 on 44331] INFO  net.NetworkTopology (NetworkTopologyImpl.java:add(111)) - Added a new node: /default-rack/acf5e936-0c74-4611-aabc-462137e3cb2c
2019-10-07 12:53:12,481 [IPC Server handler 0 on 44331] INFO  node.SCMNodeManager (SCMNodeManager.java:register(268)) - Registered Data node : acf5e936-0c74-4611-aabc-462137e3cb2c{ip: 192.168.151.100, host: pr-hdds-2264-877rn-2827291287, networkLocation: /default-rack, certSerialId: null}
2019-10-07 12:53:12,486 [RatisPipelineUtilsThread] INFO  pipeline.PipelineStateManager (PipelineStateManager.java:addPipeline(56)) - Created pipeline Pipeline[ Id: 485f1b3c-bc6e-4694-a404-105f4042666b, Nodes: 786f91eb-928f-4402-89ae-1713a48bf1ef{ip: 192.168.151.100, host: pr-hdds-2264-877rn-2827291287, networkLocation: /default-rack, certSerialId: null}a929fe19-32c2-4064-994c-6020b0bb7a68{ip: 192.168.151.100, host: pr-hdds-2264-877rn-2827291287, networkLocation: /default-rack, certSerialId: null}7741f835-7823-4120-ba15-da80b6525d1d{ip: 192.168.151.100, host: pr-hdds-2264-877rn-2827291287, networkLocation: /default-rack, certSerialId: null}, Type:RATIS, Factor:THREE, State:OPEN]
2019-10-07 12:53:12,495 [grpc-default-executor-2] INFO  impl.RaftServerProxy (RaftServerProxy.java:addNew(89)) - c7bb312f-90c8-4ea3-a8d2-22df60f629e5: addNew group-6748CF49B59D:[c7bb312f-90c8-4ea3-a8d2-22df60f629e5:192.168.151.100:39644] returns group-6748CF49B59D:java.util.concurrent.CompletableFuture@61258e75[Not completed]
2019-10-07 12:53:12,496 [pool-237-thread-1] INFO  impl.RaftServerImpl (RaftServerImpl.java:<init>(95)) - c7bb312f-90c8-4ea3-a8d2-22df60f629e5: new RaftServerImpl for group-6748CF49B59D:[c7bb312f-90c8-4ea3-a8d2-22df60f629e5:192.168.151.100:39644] with ContainerStateMachine:uninitialized
2019-10-07 12:53:12,498 [pool-237-thread-1] INFO  server.RaftServerConfigKeys (ConfUtils.java:logGet(43)) - raft.server.rpc.timeout.min = 5s (custom)
2019-10-07 12:53:12,498 [pool-237-thread-1] INFO  server.RaftServerConfigKeys (ConfUtils.java:logGet(43)) - raft.server.rpc.timeout.max = 5200ms (custom)
2019-10-07 12:53:12,498 [pool-237-thread-1] INFO  server.RaftServerConfigKeys (ConfUtils.java:logGet(43)) - raft.server.rpcslowness.timeout = 120s (custom)
2019-10-07 12:53:12,498 [pool-237-thread-1] INFO  server.RaftServerConfigKeys (ConfUtils.java:logGet(43)) - raft.server.sleep.deviation.threshold = 300 (default)
2019-10-07 12:53:12,498 [pool-237-thread-1] INFO  server.RaftServerConfigKeys (ConfUtils.java:logGet(43)) - raft.server.log.appender.install.snapshot.enabled = false (custom)
2019-10-07 12:53:12,498 [pool-237-thread-1] INFO  impl.RaftServerImpl (ServerState.java:<init>(103)) - c7bb312f-90c8-4ea3-a8d2-22df60f629e5@group-6748CF49B59D: ConfigurationManager, init=-1: [c7bb312f-90c8-4ea3-a8d2-22df60f629e5:192.168.151.100:39644], old=null, confs=<EMPTY_MAP>
2019-10-07 12:53:12,498 [pool-237-thread-1] INFO  server.RaftServerConfigKeys (ConfUtils.java:logGet(43)) - raft.server.storage.dir = [/workdir/hadoop-ozone/integration-test/target/test-dir/MiniOzoneClusterImpl-4feadec7-d447-476e-8398-86d62b3a4f14/datanode-3/data/ratis] (custom)
2019-10-07 12:53:12,499 [pool-237-thread-1] INFO  server.RaftServerConfigKeys (ConfUtils.java:logGet(43)) - raft.server.log.corruption.policy = EXCEPTION (default)
2019-10-07 12:53:12,499 [pool-237-thread-1] INFO  storage.RaftStorageDirectory (RaftStorageDirectory.java:analyzeStorage(246)) - The storage directory /workdir/hadoop-ozone/integration-test/target/test-dir/MiniOzoneClusterImpl-4feadec7-d447-476e-8398-86d62b3a4f14/datanode-3/data/ratis/c45b4b0a-726e-4376-99e2-6748cf49b59d does not exist. Creating ...
2019-10-07 12:53:12,512 [pool-237-thread-1] INFO  storage.RaftStorageDirectory (RaftStorageDirectory.java:tryLock(328)) - Lock on /workdir/hadoop-ozone/integration-test/target/test-dir/MiniOzoneClusterImpl-4feadec7-d447-476e-8398-86d62b3a4f14/datanode-3/data/ratis/c45b4b0a-726e-4376-99e2-6748cf49b59d/in_use.lock acquired by nodename 25439@pr-hdds-2264-877rn-2827291287
2019-10-07 12:53:12,525 [pool-237-thread-1] INFO  storage.RaftStorage (RaftStorage.java:format(84)) - Storage directory /workdir/hadoop-ozone/integration-test/target/test-dir/MiniOzoneClusterImpl-4feadec7-d447-476e-8398-86d62b3a4f14/datanode-3/data/ratis/c45b4b0a-726e-4376-99e2-6748cf49b59d has been successfully formatted.
2019-10-07 12:53:12,526 [pool-237-thread-1] INFO  ratis.ContainerStateMachine (ContainerStateMachine.java:loadSnapshot(231)) - group-6748CF49B59D: The snapshot info is null. Setting the last applied indexto:(t:0, i:~)
2019-10-07 12:53:12,526 [pool-237-thread-1] INFO  server.RaftServerConfigKeys (ConfUtils.java:logGet(43)) - raft.server.notification.no-leader.timeout = 120s (custom)
2019-10-07 12:53:12,526 [pool-237-thread-1] INFO  server.RaftServerConfigKeys (ConfUtils.java:logGet(43)) - raft.server.log.use.memory = false (default)
2019-10-07 12:53:12,526 [pool-237-thread-1] INFO  server.RaftServerConfigKeys (ConfUtils.java:logGet(43)) - raft.server.log.purge.gap = 1000000 (custom)
2019-10-07 12:53:12,526 [pool-237-thread-1] INFO  server.RaftServerConfigKeys (ConfUtils.java:logGet(43)) - raft.server.log.appender.buffer.byte-limit = 33554432 (custom)
2019-10-07 12:53:12,526 [pool-237-thread-1] INFO  server.RaftServerConfigKeys (ConfUtils.java:logGet(43)) - raft.server.log.segment.size.max = 1048576 (custom)
2019-10-07 12:53:12,528 [pool-237-thread-1] INFO  server.RaftServerConfigKeys (ConfUtils.java:logGet(43)) - raft.server.log.segment.cache.num.max = 2 (custom)
2019-10-07 12:53:12,528 [pool-237-thread-1] INFO  segmented.SegmentedRaftLogWorker (SegmentedRaftLogWorker.java:<init>(173)) - new c7bb312f-90c8-4ea3-a8d2-22df60f629e5@group-6748CF49B59D-SegmentedRaftLogWorker for RaftStorage:Storage Directory /workdir/hadoop-ozone/integration-test/target/test-dir/MiniOzoneClusterImpl-4feadec7-d447-476e-8398-86d62b3a4f14/datanode-3/data/ratis/c45b4b0a-726e-4376-99e2-6748cf49b59d
2019-10-07 12:53:12,528 [pool-237-thread-1] INFO  server.RaftServerConfigKeys (ConfUtils.java:logGet(43)) - raft.server.log.queue.byte-limit = 2147483647 (custom)
2019-10-07 12:53:12,528 [pool-237-thread-1] INFO  server.RaftServerConfigKeys (ConfUtils.java:logGet(43)) - raft.server.log.queue.element-limit = 1024 (custom)
2019-10-07 12:53:12,528 [pool-237-thread-1] INFO  server.RaftServerConfigKeys (ConfUtils.java:logGet(43)) - raft.server.log.segment.size.max = 1048576 (custom)
2019-10-07 12:53:12,528 [pool-237-thread-1] INFO  server.RaftServerConfigKeys (ConfUtils.java:logGet(43)) - raft.server.log.preallocated.size = 16384 (custom)
2019-10-07 12:53:12,528 [pool-237-thread-1] INFO  server.RaftServerConfigKeys (ConfUtils.java:logGet(43)) - raft.server.log.write.buffer.size = 33554432 (custom)
2019-10-07 12:53:12,528 [pool-237-thread-1] INFO  server.RaftServerConfigKeys (ConfUtils.java:logGet(43)) - raft.server.log.force.sync.num = 128 (default)
2019-10-07 12:53:12,528 [pool-237-thread-1] INFO  server.RaftServerConfigKeys (ConfUtils.java:logGet(43)) - raft.server.log.statemachine.data.sync = true (default)
2019-10-07 12:53:12,529 [pool-237-thread-1] INFO  server.RaftServerConfigKeys (ConfUtils.java:logGet(43)) - raft.server.log.statemachine.data.sync.timeout = 10s (default)
2019-10-07 12:53:12,529 [pool-237-thread-1] INFO  server.RaftServerConfigKeys (ConfUtils.java:logGet(43)) - raft.server.log.statemachine.data.sync.timeout.retry = -1 (default)
2019-10-07 12:53:12,529 [pool-237-thread-1] INFO  server.RaftServerConfigKeys (ConfUtils.java:logGet(43)) - raft.server.log.statemachine.data.caching.enabled = true (custom)
2019-10-07 12:53:12,529 [pool-237-thread-1] INFO  segmented.SegmentedRaftLogWorker (SegmentedRaftLogWorker.java:lambda$new$0(128)) - c7bb312f-90c8-4ea3-a8d2-22df60f629e5@group-6748CF49B59D-SegmentedRaftLogWorker: flushIndex: setUnconditionally 0 -> -1
2019-10-07 12:53:12,529 [pool-237-thread-1] INFO  server.RaftServerConfigKeys (ConfUtils.java:logGet(43)) - raft.server.snapshot.auto.trigger.enabled = true (custom)
2019-10-07 12:53:12,530 [pool-237-thread-1] INFO  server.RaftServerConfigKeys (ConfUtils.java:logGet(43)) - raft.server.snapshot.auto.trigger.threshold = 10000 (custom)
2019-10-07 12:53:12,530 [pool-237-thread-1] INFO  server.RaftServerConfigKeys (ConfUtils.java:logGet(43)) - raft.server.snapshot.retention.file.num = 5 (custom)
2019-10-07 12:53:12,530 [pool-237-thread-1] INFO  server.RaftServerConfigKeys (ConfUtils.java:logGet(43)) - raft.server.retrycache.expirytime = 600000ms (custom)
2019-10-07 12:53:12,531 [pool-237-thread-1] INFO  impl.RaftServerImpl (RaftServerImpl.java:start(181)) - c7bb312f-90c8-4ea3-a8d2-22df60f629e5@group-6748CF49B59D: start as a follower, conf=-1: [c7bb312f-90c8-4ea3-a8d2-22df60f629e5:192.168.151.100:39644], old=null
2019-10-07 12:53:12,531 [pool-237-thread-1] INFO  impl.RaftServerImpl (RaftServerImpl.java:setRole(170)) - c7bb312f-90c8-4ea3-a8d2-22df60f629e5@group-6748CF49B59D: changes role from      null to FOLLOWER at term 0 for startAsFollower
2019-10-07 12:53:12,531 [pool-237-thread-1] INFO  impl.RoleInfo (RoleInfo.java:updateAndGet(143)) - c7bb312f-90c8-4ea3-a8d2-22df60f629e5: start FollowerState
2019-10-07 12:53:12,532 [pool-237-thread-1] INFO  util.JmxRegister (JmxRegister.java:tryRegister(44)) - Successfully registered JMX Bean with object name Ratis:service=RaftServer,group=group-6748CF49B59D,id=c7bb312f-90c8-4ea3-a8d2-22df60f629e5
2019-10-07 12:53:12,538 [RatisPipelineUtilsThread] INFO  pipeline.PipelineStateManager (PipelineStateManager.java:addPipeline(56)) - Created pipeline Pipeline[ Id: c45b4b0a-726e-4376-99e2-6748cf49b59d, Nodes: c7bb312f-90c8-4ea3-a8d2-22df60f629e5{ip: 192.168.151.100, host: pr-hdds-2264-877rn-2827291287, networkLocation: /default-rack, certSerialId: null}, Type:RATIS, Factor:ONE, State:OPEN]
2019-10-07 12:53:12,544 [grpc-default-executor-2] INFO  impl.RaftServerProxy (RaftServerProxy.java:addNew(89)) - acf5e936-0c74-4611-aabc-462137e3cb2c: addNew group-EF521DE5D685:[acf5e936-0c74-4611-aabc-462137e3cb2c:192.168.151.100:45339] returns group-EF521DE5D685:java.util.concurrent.CompletableFuture@1474576e[Not completed]
2019-10-07 12:53:12,546 [pool-247-thread-1] INFO  impl.RaftServerImpl (RaftServerImpl.java:<init>(95)) - acf5e936-0c74-4611-aabc-462137e3cb2c: new RaftServerImpl for group-EF521DE5D685:[acf5e936-0c74-4611-aabc-462137e3cb2c:192.168.151.100:45339] with ContainerStateMachine:uninitialized
2019-10-07 12:53:12,546 [pool-247-thread-1] INFO  server.RaftServerConfigKeys (ConfUtils.java:logGet(43)) - raft.server.rpc.timeout.min = 5s (custom)
2019-10-07 12:53:12,547 [pool-247-thread-1] INFO  server.RaftServerConfigKeys (ConfUtils.java:logGet(43)) - raft.server.rpc.timeout.max = 5200ms (custom)
2019-10-07 12:53:12,547 [pool-247-thread-1] INFO  server.RaftServerConfigKeys (ConfUtils.java:logGet(43)) - raft.server.rpcslowness.timeout = 120s (custom)
2019-10-07 12:53:12,547 [pool-247-thread-1] INFO  server.RaftServerConfigKeys (ConfUtils.java:logGet(43)) - raft.server.sleep.deviation.threshold = 300 (default)
2019-10-07 12:53:12,547 [IPC Server handler 2 on 44331] INFO  net.NetworkTopology (NetworkTopologyImpl.java:add(111)) - Added a new node: /default-rack/945959ea-d1ab-491b-81c1-772728ecc6fb
2019-10-07 12:53:12,547 [pool-247-thread-1] INFO  server.RaftServerConfigKeys (ConfUtils.java:logGet(43)) - raft.server.log.appender.install.snapshot.enabled = false (custom)
2019-10-07 12:53:12,547 [IPC Server handler 2 on 44331] INFO  node.SCMNodeManager (SCMNodeManager.java:register(268)) - Registered Data node : 945959ea-d1ab-491b-81c1-772728ecc6fb{ip: 192.168.151.100, host: pr-hdds-2264-877rn-2827291287, networkLocation: /default-rack, certSerialId: null}
2019-10-07 12:53:12,547 [pool-247-thread-1] INFO  impl.RaftServerImpl (ServerState.java:<init>(103)) - acf5e936-0c74-4611-aabc-462137e3cb2c@group-EF521DE5D685: ConfigurationManager, init=-1: [acf5e936-0c74-4611-aabc-462137e3cb2c:192.168.151.100:45339], old=null, confs=<EMPTY_MAP>
2019-10-07 12:53:12,548 [pool-247-thread-1] INFO  server.RaftServerConfigKeys (ConfUtils.java:logGet(43)) - raft.server.storage.dir = [/workdir/hadoop-ozone/integration-test/target/test-dir/MiniOzoneClusterImpl-4feadec7-d447-476e-8398-86d62b3a4f14/datanode-4/data/ratis] (custom)
2019-10-07 12:53:12,548 [pool-247-thread-1] INFO  server.RaftServerConfigKeys (ConfUtils.java:logGet(43)) - raft.server.log.corruption.policy = EXCEPTION (default)
2019-10-07 12:53:12,548 [pool-247-thread-1] INFO  storage.RaftStorageDirectory (RaftStorageDirectory.java:analyzeStorage(246)) - The storage directory /workdir/hadoop-ozone/integration-test/target/test-dir/MiniOzoneClusterImpl-4feadec7-d447-476e-8398-86d62b3a4f14/datanode-4/data/ratis/42eec83f-ab20-4354-9ce4-ef521de5d685 does not exist. Creating ...
2019-10-07 12:53:12,554 [pool-247-thread-1] INFO  storage.RaftStorageDirectory (RaftStorageDirectory.java:tryLock(328)) - Lock on /workdir/hadoop-ozone/integration-test/target/test-dir/MiniOzoneClusterImpl-4feadec7-d447-476e-8398-86d62b3a4f14/datanode-4/data/ratis/42eec83f-ab20-4354-9ce4-ef521de5d685/in_use.lock acquired by nodename 25439@pr-hdds-2264-877rn-2827291287
2019-10-07 12:53:12,568 [pool-247-thread-1] INFO  storage.RaftStorage (RaftStorage.java:format(84)) - Storage directory /workdir/hadoop-ozone/integration-test/target/test-dir/MiniOzoneClusterImpl-4feadec7-d447-476e-8398-86d62b3a4f14/datanode-4/data/ratis/42eec83f-ab20-4354-9ce4-ef521de5d685 has been successfully formatted.
2019-10-07 12:53:12,568 [pool-247-thread-1] INFO  ratis.ContainerStateMachine (ContainerStateMachine.java:loadSnapshot(231)) - group-EF521DE5D685: The snapshot info is null. Setting the last applied indexto:(t:0, i:~)
2019-10-07 12:53:12,568 [pool-247-thread-1] INFO  server.RaftServerConfigKeys (ConfUtils.java:logGet(43)) - raft.server.notification.no-leader.timeout = 120s (custom)
2019-10-07 12:53:12,568 [pool-247-thread-1] INFO  server.RaftServerConfigKeys (ConfUtils.java:logGet(43)) - raft.server.log.use.memory = false (default)
2019-10-07 12:53:12,568 [pool-247-thread-1] INFO  server.RaftServerConfigKeys (ConfUtils.java:logGet(43)) - raft.server.log.purge.gap = 1000000 (custom)
2019-10-07 12:53:12,569 [pool-247-thread-1] INFO  server.RaftServerConfigKeys (ConfUtils.java:logGet(43)) - raft.server.log.appender.buffer.byte-limit = 33554432 (custom)
2019-10-07 12:53:12,569 [pool-247-thread-1] INFO  server.RaftServerConfigKeys (ConfUtils.java:logGet(43)) - raft.server.log.segment.size.max = 1048576 (custom)
2019-10-07 12:53:12,571 [pool-247-thread-1] INFO  server.RaftServerConfigKeys (ConfUtils.java:logGet(43)) - raft.server.log.segment.cache.num.max = 2 (custom)
2019-10-07 12:53:12,571 [pool-247-thread-1] INFO  segmented.SegmentedRaftLogWorker (SegmentedRaftLogWorker.java:<init>(173)) - new acf5e936-0c74-4611-aabc-462137e3cb2c@group-EF521DE5D685-SegmentedRaftLogWorker for RaftStorage:Storage Directory /workdir/hadoop-ozone/integration-test/target/test-dir/MiniOzoneClusterImpl-4feadec7-d447-476e-8398-86d62b3a4f14/datanode-4/data/ratis/42eec83f-ab20-4354-9ce4-ef521de5d685
2019-10-07 12:53:12,571 [pool-247-thread-1] INFO  server.RaftServerConfigKeys (ConfUtils.java:logGet(43)) - raft.server.log.queue.byte-limit = 2147483647 (custom)
2019-10-07 12:53:12,572 [pool-247-thread-1] INFO  server.RaftServerConfigKeys (ConfUtils.java:logGet(43)) - raft.server.log.queue.element-limit = 1024 (custom)
2019-10-07 12:53:12,572 [pool-247-thread-1] INFO  server.RaftServerConfigKeys (ConfUtils.java:logGet(43)) - raft.server.log.segment.size.max = 1048576 (custom)
2019-10-07 12:53:12,572 [pool-247-thread-1] INFO  server.RaftServerConfigKeys (ConfUtils.java:logGet(43)) - raft.server.log.preallocated.size = 16384 (custom)
2019-10-07 12:53:12,572 [pool-247-thread-1] INFO  server.RaftServerConfigKeys (ConfUtils.java:logGet(43)) - raft.server.log.write.buffer.size = 33554432 (custom)
2019-10-07 12:53:12,572 [pool-247-thread-1] INFO  server.RaftServerConfigKeys (ConfUtils.java:logGet(43)) - raft.server.log.force.sync.num = 128 (default)
2019-10-07 12:53:12,572 [pool-247-thread-1] INFO  server.RaftServerConfigKeys (ConfUtils.java:logGet(43)) - raft.server.log.statemachine.data.sync = true (default)
2019-10-07 12:53:12,573 [pool-247-thread-1] INFO  server.RaftServerConfigKeys (ConfUtils.java:logGet(43)) - raft.server.log.statemachine.data.sync.timeout = 10s (default)
2019-10-07 12:53:12,573 [pool-247-thread-1] INFO  server.RaftServerConfigKeys (ConfUtils.java:logGet(43)) - raft.server.log.statemachine.data.sync.timeout.retry = -1 (default)
2019-10-07 12:53:12,573 [pool-247-thread-1] INFO  server.RaftServerConfigKeys (ConfUtils.java:logGet(43)) - raft.server.log.statemachine.data.caching.enabled = true (custom)
2019-10-07 12:53:12,574 [pool-247-thread-1] INFO  segmented.SegmentedRaftLogWorker (SegmentedRaftLogWorker.java:lambda$new$0(128)) - acf5e936-0c74-4611-aabc-462137e3cb2c@group-EF521DE5D685-SegmentedRaftLogWorker: flushIndex: setUnconditionally 0 -> -1
2019-10-07 12:53:12,574 [pool-247-thread-1] INFO  server.RaftServerConfigKeys (ConfUtils.java:logGet(43)) - raft.server.snapshot.auto.trigger.enabled = true (custom)
2019-10-07 12:53:12,574 [pool-247-thread-1] INFO  server.RaftServerConfigKeys (ConfUtils.java:logGet(43)) - raft.server.snapshot.auto.trigger.threshold = 10000 (custom)
2019-10-07 12:53:12,574 [pool-247-thread-1] INFO  server.RaftServerConfigKeys (ConfUtils.java:logGet(43)) - raft.server.snapshot.retention.file.num = 5 (custom)
2019-10-07 12:53:12,574 [pool-247-thread-1] INFO  server.RaftServerConfigKeys (ConfUtils.java:logGet(43)) - raft.server.retrycache.expirytime = 600000ms (custom)
2019-10-07 12:53:12,576 [pool-247-thread-1] INFO  impl.RaftServerImpl (RaftServerImpl.java:start(181)) - acf5e936-0c74-4611-aabc-462137e3cb2c@group-EF521DE5D685: start as a follower, conf=-1: [acf5e936-0c74-4611-aabc-462137e3cb2c:192.168.151.100:45339], old=null
2019-10-07 12:53:12,577 [pool-247-thread-1] INFO  impl.RaftServerImpl (RaftServerImpl.java:setRole(170)) - acf5e936-0c74-4611-aabc-462137e3cb2c@group-EF521DE5D685: changes role from      null to FOLLOWER at term 0 for startAsFollower
2019-10-07 12:53:12,577 [pool-247-thread-1] INFO  impl.RoleInfo (RoleInfo.java:updateAndGet(143)) - acf5e936-0c74-4611-aabc-462137e3cb2c: start FollowerState
2019-10-07 12:53:12,577 [pool-247-thread-1] INFO  util.JmxRegister (JmxRegister.java:tryRegister(44)) - Successfully registered JMX Bean with object name Ratis:service=RaftServer,group=group-EF521DE5D685,id=acf5e936-0c74-4611-aabc-462137e3cb2c
2019-10-07 12:53:12,584 [RatisPipelineUtilsThread] INFO  pipeline.PipelineStateManager (PipelineStateManager.java:addPipeline(56)) - Created pipeline Pipeline[ Id: 42eec83f-ab20-4354-9ce4-ef521de5d685, Nodes: acf5e936-0c74-4611-aabc-462137e3cb2c{ip: 192.168.151.100, host: pr-hdds-2264-877rn-2827291287, networkLocation: /default-rack, certSerialId: null}, Type:RATIS, Factor:ONE, State:OPEN]
2019-10-07 12:53:12,602 [grpc-default-executor-2] INFO  impl.RaftServerProxy (RaftServerProxy.java:addNew(89)) - 945959ea-d1ab-491b-81c1-772728ecc6fb: addNew group-A3B8BAC164D0:[945959ea-d1ab-491b-81c1-772728ecc6fb:192.168.151.100:36951] returns group-A3B8BAC164D0:java.util.concurrent.CompletableFuture@41107401[Not completed]
2019-10-07 12:53:12,603 [pool-257-thread-1] INFO  impl.RaftServerImpl (RaftServerImpl.java:<init>(95)) - 945959ea-d1ab-491b-81c1-772728ecc6fb: new RaftServerImpl for group-A3B8BAC164D0:[945959ea-d1ab-491b-81c1-772728ecc6fb:192.168.151.100:36951] with ContainerStateMachine:uninitialized
2019-10-07 12:53:12,604 [pool-257-thread-1] INFO  server.RaftServerConfigKeys (ConfUtils.java:logGet(43)) - raft.server.rpc.timeout.min = 5s (custom)
2019-10-07 12:53:12,604 [pool-257-thread-1] INFO  server.RaftServerConfigKeys (ConfUtils.java:logGet(43)) - raft.server.rpc.timeout.max = 5200ms (custom)
2019-10-07 12:53:12,604 [pool-257-thread-1] INFO  server.RaftServerConfigKeys (ConfUtils.java:logGet(43)) - raft.server.rpcslowness.timeout = 120s (custom)
2019-10-07 12:53:12,604 [pool-257-thread-1] INFO  server.RaftServerConfigKeys (ConfUtils.java:logGet(43)) - raft.server.sleep.deviation.threshold = 300 (default)
2019-10-07 12:53:12,604 [pool-257-thread-1] INFO  server.RaftServerConfigKeys (ConfUtils.java:logGet(43)) - raft.server.log.appender.install.snapshot.enabled = false (custom)
2019-10-07 12:53:12,605 [pool-257-thread-1] INFO  impl.RaftServerImpl (ServerState.java:<init>(103)) - 945959ea-d1ab-491b-81c1-772728ecc6fb@group-A3B8BAC164D0: ConfigurationManager, init=-1: [945959ea-d1ab-491b-81c1-772728ecc6fb:192.168.151.100:36951], old=null, confs=<EMPTY_MAP>
2019-10-07 12:53:12,605 [pool-257-thread-1] INFO  server.RaftServerConfigKeys (ConfUtils.java:logGet(43)) - raft.server.storage.dir = [/workdir/hadoop-ozone/integration-test/target/test-dir/MiniOzoneClusterImpl-4feadec7-d447-476e-8398-86d62b3a4f14/datanode-5/data/ratis] (custom)
2019-10-07 12:53:12,605 [pool-257-thread-1] INFO  server.RaftServerConfigKeys (ConfUtils.java:logGet(43)) - raft.server.log.corruption.policy = EXCEPTION (default)
2019-10-07 12:53:12,606 [pool-257-thread-1] INFO  storage.RaftStorageDirectory (RaftStorageDirectory.java:analyzeStorage(246)) - The storage directory /workdir/hadoop-ozone/integration-test/target/test-dir/MiniOzoneClusterImpl-4feadec7-d447-476e-8398-86d62b3a4f14/datanode-5/data/ratis/d5e261e4-17cb-4dc7-87c7-a3b8bac164d0 does not exist. Creating ...
2019-10-07 12:53:12,611 [main] INFO  ozone.MiniOzoneClusterImpl (MiniOzoneClusterImpl.java:lambda$waitForClusterToBeReady$0(147)) - Waiting for cluster to be ready. Got 6 of 7 DN Heartbeats.
2019-10-07 12:53:12,611 [IPC Server handler 3 on 44331] INFO  net.NetworkTopology (NetworkTopologyImpl.java:add(111)) - Added a new node: /default-rack/43d98e63-0113-493e-a7f1-645ee8b8ad5f
2019-10-07 12:53:12,612 [IPC Server handler 3 on 44331] INFO  node.SCMNodeManager (SCMNodeManager.java:register(268)) - Registered Data node : 43d98e63-0113-493e-a7f1-645ee8b8ad5f{ip: 192.168.151.100, host: pr-hdds-2264-877rn-2827291287, networkLocation: /default-rack, certSerialId: null}
2019-10-07 12:53:12,619 [pool-257-thread-1] INFO  storage.RaftStorageDirectory (RaftStorageDirectory.java:tryLock(328)) - Lock on /workdir/hadoop-ozone/integration-test/target/test-dir/MiniOzoneClusterImpl-4feadec7-d447-476e-8398-86d62b3a4f14/datanode-5/data/ratis/d5e261e4-17cb-4dc7-87c7-a3b8bac164d0/in_use.lock acquired by nodename 25439@pr-hdds-2264-877rn-2827291287
2019-10-07 12:53:12,633 [pool-257-thread-1] INFO  storage.RaftStorage (RaftStorage.java:format(84)) - Storage directory /workdir/hadoop-ozone/integration-test/target/test-dir/MiniOzoneClusterImpl-4feadec7-d447-476e-8398-86d62b3a4f14/datanode-5/data/ratis/d5e261e4-17cb-4dc7-87c7-a3b8bac164d0 has been successfully formatted.
2019-10-07 12:53:12,633 [pool-257-thread-1] INFO  ratis.ContainerStateMachine (ContainerStateMachine.java:loadSnapshot(231)) - group-A3B8BAC164D0: The snapshot info is null. Setting the last applied indexto:(t:0, i:~)
2019-10-07 12:53:12,633 [pool-257-thread-1] INFO  server.RaftServerConfigKeys (ConfUtils.java:logGet(43)) - raft.server.notification.no-leader.timeout = 120s (custom)
2019-10-07 12:53:12,633 [pool-257-thread-1] INFO  server.RaftServerConfigKeys (ConfUtils.java:logGet(43)) - raft.server.log.use.memory = false (default)
2019-10-07 12:53:12,634 [pool-257-thread-1] INFO  server.RaftServerConfigKeys (ConfUtils.java:logGet(43)) - raft.server.log.purge.gap = 1000000 (custom)
2019-10-07 12:53:12,634 [pool-257-thread-1] INFO  server.RaftServerConfigKeys (ConfUtils.java:logGet(43)) - raft.server.log.appender.buffer.byte-limit = 33554432 (custom)
2019-10-07 12:53:12,634 [pool-257-thread-1] INFO  server.RaftServerConfigKeys (ConfUtils.java:logGet(43)) - raft.server.log.segment.size.max = 1048576 (custom)
2019-10-07 12:53:12,636 [pool-257-thread-1] INFO  server.RaftServerConfigKeys (ConfUtils.java:logGet(43)) - raft.server.log.segment.cache.num.max = 2 (custom)
2019-10-07 12:53:12,636 [pool-257-thread-1] INFO  segmented.SegmentedRaftLogWorker (SegmentedRaftLogWorker.java:<init>(173)) - new 945959ea-d1ab-491b-81c1-772728ecc6fb@group-A3B8BAC164D0-SegmentedRaftLogWorker for RaftStorage:Storage Directory /workdir/hadoop-ozone/integration-test/target/test-dir/MiniOzoneClusterImpl-4feadec7-d447-476e-8398-86d62b3a4f14/datanode-5/data/ratis/d5e261e4-17cb-4dc7-87c7-a3b8bac164d0
2019-10-07 12:53:12,637 [pool-257-thread-1] INFO  server.RaftServerConfigKeys (ConfUtils.java:logGet(43)) - raft.server.log.queue.byte-limit = 2147483647 (custom)
2019-10-07 12:53:12,637 [pool-257-thread-1] INFO  server.RaftServerConfigKeys (ConfUtils.java:logGet(43)) - raft.server.log.queue.element-limit = 1024 (custom)
2019-10-07 12:53:12,637 [pool-257-thread-1] INFO  server.RaftServerConfigKeys (ConfUtils.java:logGet(43)) - raft.server.log.segment.size.max = 1048576 (custom)
2019-10-07 12:53:12,637 [pool-257-thread-1] INFO  server.RaftServerConfigKeys (ConfUtils.java:logGet(43)) - raft.server.log.preallocated.size = 16384 (custom)
2019-10-07 12:53:12,637 [pool-257-thread-1] INFO  server.RaftServerConfigKeys (ConfUtils.java:logGet(43)) - raft.server.log.write.buffer.size = 33554432 (custom)
2019-10-07 12:53:12,637 [pool-257-thread-1] INFO  server.RaftServerConfigKeys (ConfUtils.java:logGet(43)) - raft.server.log.force.sync.num = 128 (default)
2019-10-07 12:53:12,638 [pool-257-thread-1] INFO  server.RaftServerConfigKeys (ConfUtils.java:logGet(43)) - raft.server.log.statemachine.data.sync = true (default)
2019-10-07 12:53:12,638 [pool-257-thread-1] INFO  server.RaftServerConfigKeys (ConfUtils.java:logGet(43)) - raft.server.log.statemachine.data.sync.timeout = 10s (default)
2019-10-07 12:53:12,638 [pool-257-thread-1] INFO  server.RaftServerConfigKeys (ConfUtils.java:logGet(43)) - raft.server.log.statemachine.data.sync.timeout.retry = -1 (default)
2019-10-07 12:53:12,639 [pool-257-thread-1] INFO  server.RaftServerConfigKeys (ConfUtils.java:logGet(43)) - raft.server.log.statemachine.data.caching.enabled = true (custom)
2019-10-07 12:53:12,639 [pool-257-thread-1] INFO  segmented.SegmentedRaftLogWorker (SegmentedRaftLogWorker.java:lambda$new$0(128)) - 945959ea-d1ab-491b-81c1-772728ecc6fb@group-A3B8BAC164D0-SegmentedRaftLogWorker: flushIndex: setUnconditionally 0 -> -1
2019-10-07 12:53:12,640 [pool-257-thread-1] INFO  server.RaftServerConfigKeys (ConfUtils.java:logGet(43)) - raft.server.snapshot.auto.trigger.enabled = true (custom)
2019-10-07 12:53:12,640 [pool-257-thread-1] INFO  server.RaftServerConfigKeys (ConfUtils.java:logGet(43)) - raft.server.snapshot.auto.trigger.threshold = 10000 (custom)
2019-10-07 12:53:12,640 [pool-257-thread-1] INFO  server.RaftServerConfigKeys (ConfUtils.java:logGet(43)) - raft.server.snapshot.retention.file.num = 5 (custom)
2019-10-07 12:53:12,640 [pool-257-thread-1] INFO  server.RaftServerConfigKeys (ConfUtils.java:logGet(43)) - raft.server.retrycache.expirytime = 600000ms (custom)
2019-10-07 12:53:12,642 [pool-257-thread-1] INFO  impl.RaftServerImpl (RaftServerImpl.java:start(181)) - 945959ea-d1ab-491b-81c1-772728ecc6fb@group-A3B8BAC164D0: start as a follower, conf=-1: [945959ea-d1ab-491b-81c1-772728ecc6fb:192.168.151.100:36951], old=null
2019-10-07 12:53:12,642 [pool-257-thread-1] INFO  impl.RaftServerImpl (RaftServerImpl.java:setRole(170)) - 945959ea-d1ab-491b-81c1-772728ecc6fb@group-A3B8BAC164D0: changes role from      null to FOLLOWER at term 0 for startAsFollower
2019-10-07 12:53:12,642 [pool-257-thread-1] INFO  impl.RoleInfo (RoleInfo.java:updateAndGet(143)) - 945959ea-d1ab-491b-81c1-772728ecc6fb: start FollowerState
2019-10-07 12:53:12,643 [pool-257-thread-1] INFO  util.JmxRegister (JmxRegister.java:tryRegister(44)) - Successfully registered JMX Bean with object name Ratis:service=RaftServer,group=group-A3B8BAC164D0,id=945959ea-d1ab-491b-81c1-772728ecc6fb
2019-10-07 12:53:12,652 [RatisPipelineUtilsThread] INFO  pipeline.PipelineStateManager (PipelineStateManager.java:addPipeline(56)) - Created pipeline Pipeline[ Id: d5e261e4-17cb-4dc7-87c7-a3b8bac164d0, Nodes: 945959ea-d1ab-491b-81c1-772728ecc6fb{ip: 192.168.151.100, host: pr-hdds-2264-877rn-2827291287, networkLocation: /default-rack, certSerialId: null}, Type:RATIS, Factor:ONE, State:OPEN]
2019-10-07 12:53:12,661 [grpc-default-executor-2] INFO  impl.RaftServerProxy (RaftServerProxy.java:addNew(89)) - 43d98e63-0113-493e-a7f1-645ee8b8ad5f: addNew group-AB421884FC55:[43d98e63-0113-493e-a7f1-645ee8b8ad5f:192.168.151.100:42126] returns group-AB421884FC55:java.util.concurrent.CompletableFuture@5c42b6e8[Not completed]
2019-10-07 12:53:12,662 [pool-267-thread-1] INFO  impl.RaftServerImpl (RaftServerImpl.java:<init>(95)) - 43d98e63-0113-493e-a7f1-645ee8b8ad5f: new RaftServerImpl for group-AB421884FC55:[43d98e63-0113-493e-a7f1-645ee8b8ad5f:192.168.151.100:42126] with ContainerStateMachine:uninitialized
2019-10-07 12:53:12,662 [pool-267-thread-1] INFO  server.RaftServerConfigKeys (ConfUtils.java:logGet(43)) - raft.server.rpc.timeout.min = 5s (custom)
2019-10-07 12:53:12,662 [pool-267-thread-1] INFO  server.RaftServerConfigKeys (ConfUtils.java:logGet(43)) - raft.server.rpc.timeout.max = 5200ms (custom)
2019-10-07 12:53:12,662 [pool-267-thread-1] INFO  server.RaftServerConfigKeys (ConfUtils.java:logGet(43)) - raft.server.rpcslowness.timeout = 120s (custom)
2019-10-07 12:53:12,663 [pool-267-thread-1] INFO  server.RaftServerConfigKeys (ConfUtils.java:logGet(43)) - raft.server.sleep.deviation.threshold = 300 (default)
2019-10-07 12:53:12,663 [pool-267-thread-1] INFO  server.RaftServerConfigKeys (ConfUtils.java:logGet(43)) - raft.server.log.appender.install.snapshot.enabled = false (custom)
2019-10-07 12:53:12,663 [pool-267-thread-1] INFO  impl.RaftServerImpl (ServerState.java:<init>(103)) - 43d98e63-0113-493e-a7f1-645ee8b8ad5f@group-AB421884FC55: ConfigurationManager, init=-1: [43d98e63-0113-493e-a7f1-645ee8b8ad5f:192.168.151.100:42126], old=null, confs=<EMPTY_MAP>
2019-10-07 12:53:12,663 [pool-267-thread-1] INFO  server.RaftServerConfigKeys (ConfUtils.java:logGet(43)) - raft.server.storage.dir = [/workdir/hadoop-ozone/integration-test/target/test-dir/MiniOzoneClusterImpl-4feadec7-d447-476e-8398-86d62b3a4f14/datanode-6/data/ratis] (custom)
2019-10-07 12:53:12,663 [pool-267-thread-1] INFO  server.RaftServerConfigKeys (ConfUtils.java:logGet(43)) - raft.server.log.corruption.policy = EXCEPTION (default)
2019-10-07 12:53:12,663 [pool-267-thread-1] INFO  storage.RaftStorageDirectory (RaftStorageDirectory.java:analyzeStorage(246)) - The storage directory /workdir/hadoop-ozone/integration-test/target/test-dir/MiniOzoneClusterImpl-4feadec7-d447-476e-8398-86d62b3a4f14/datanode-6/data/ratis/1a533810-523b-4b79-9821-ab421884fc55 does not exist. Creating ...
2019-10-07 12:53:12,676 [pool-267-thread-1] INFO  storage.RaftStorageDirectory (RaftStorageDirectory.java:tryLock(328)) - Lock on /workdir/hadoop-ozone/integration-test/target/test-dir/MiniOzoneClusterImpl-4feadec7-d447-476e-8398-86d62b3a4f14/datanode-6/data/ratis/1a533810-523b-4b79-9821-ab421884fc55/in_use.lock acquired by nodename 25439@pr-hdds-2264-877rn-2827291287
2019-10-07 12:53:12,689 [pool-267-thread-1] INFO  storage.RaftStorage (RaftStorage.java:format(84)) - Storage directory /workdir/hadoop-ozone/integration-test/target/test-dir/MiniOzoneClusterImpl-4feadec7-d447-476e-8398-86d62b3a4f14/datanode-6/data/ratis/1a533810-523b-4b79-9821-ab421884fc55 has been successfully formatted.
2019-10-07 12:53:12,690 [pool-267-thread-1] INFO  ratis.ContainerStateMachine (ContainerStateMachine.java:loadSnapshot(231)) - group-AB421884FC55: The snapshot info is null. Setting the last applied indexto:(t:0, i:~)
2019-10-07 12:53:12,690 [pool-267-thread-1] INFO  server.RaftServerConfigKeys (ConfUtils.java:logGet(43)) - raft.server.notification.no-leader.timeout = 120s (custom)
2019-10-07 12:53:12,690 [pool-267-thread-1] INFO  server.RaftServerConfigKeys (ConfUtils.java:logGet(43)) - raft.server.log.use.memory = false (default)
2019-10-07 12:53:12,690 [pool-267-thread-1] INFO  server.RaftServerConfigKeys (ConfUtils.java:logGet(43)) - raft.server.log.purge.gap = 1000000 (custom)
2019-10-07 12:53:12,690 [pool-267-thread-1] INFO  server.RaftServerConfigKeys (ConfUtils.java:logGet(43)) - raft.server.log.appender.buffer.byte-limit = 33554432 (custom)
2019-10-07 12:53:12,690 [pool-267-thread-1] INFO  server.RaftServerConfigKeys (ConfUtils.java:logGet(43)) - raft.server.log.segment.size.max = 1048576 (custom)
2019-10-07 12:53:12,692 [pool-267-thread-1] INFO  server.RaftServerConfigKeys (ConfUtils.java:logGet(43)) - raft.server.log.segment.cache.num.max = 2 (custom)
2019-10-07 12:53:12,693 [pool-267-thread-1] INFO  segmented.SegmentedRaftLogWorker (SegmentedRaftLogWorker.java:<init>(173)) - new 43d98e63-0113-493e-a7f1-645ee8b8ad5f@group-AB421884FC55-SegmentedRaftLogWorker for RaftStorage:Storage Directory /workdir/hadoop-ozone/integration-test/target/test-dir/MiniOzoneClusterImpl-4feadec7-d447-476e-8398-86d62b3a4f14/datanode-6/data/ratis/1a533810-523b-4b79-9821-ab421884fc55
2019-10-07 12:53:12,693 [pool-267-thread-1] INFO  server.RaftServerConfigKeys (ConfUtils.java:logGet(43)) - raft.server.log.queue.byte-limit = 2147483647 (custom)
2019-10-07 12:53:12,693 [pool-267-thread-1] INFO  server.RaftServerConfigKeys (ConfUtils.java:logGet(43)) - raft.server.log.queue.element-limit = 1024 (custom)
2019-10-07 12:53:12,693 [pool-267-thread-1] INFO  server.RaftServerConfigKeys (ConfUtils.java:logGet(43)) - raft.server.log.segment.size.max = 1048576 (custom)
2019-10-07 12:53:12,693 [pool-267-thread-1] INFO  server.RaftServerConfigKeys (ConfUtils.java:logGet(43)) - raft.server.log.preallocated.size = 16384 (custom)
2019-10-07 12:53:12,693 [pool-267-thread-1] INFO  server.RaftServerConfigKeys (ConfUtils.java:logGet(43)) - raft.server.log.write.buffer.size = 33554432 (custom)
2019-10-07 12:53:12,693 [pool-267-thread-1] INFO  server.RaftServerConfigKeys (ConfUtils.java:logGet(43)) - raft.server.log.force.sync.num = 128 (default)
2019-10-07 12:53:12,694 [pool-267-thread-1] INFO  server.RaftServerConfigKeys (ConfUtils.java:logGet(43)) - raft.server.log.statemachine.data.sync = true (default)
2019-10-07 12:53:12,694 [pool-267-thread-1] INFO  server.RaftServerConfigKeys (ConfUtils.java:logGet(43)) - raft.server.log.statemachine.data.sync.timeout = 10s (default)
2019-10-07 12:53:12,694 [pool-267-thread-1] INFO  server.RaftServerConfigKeys (ConfUtils.java:logGet(43)) - raft.server.log.statemachine.data.sync.timeout.retry = -1 (default)
2019-10-07 12:53:12,694 [pool-267-thread-1] INFO  server.RaftServerConfigKeys (ConfUtils.java:logGet(43)) - raft.server.log.statemachine.data.caching.enabled = true (custom)
2019-10-07 12:53:12,695 [pool-267-thread-1] INFO  segmented.SegmentedRaftLogWorker (SegmentedRaftLogWorker.java:lambda$new$0(128)) - 43d98e63-0113-493e-a7f1-645ee8b8ad5f@group-AB421884FC55-SegmentedRaftLogWorker: flushIndex: setUnconditionally 0 -> -1
2019-10-07 12:53:12,695 [pool-267-thread-1] INFO  server.RaftServerConfigKeys (ConfUtils.java:logGet(43)) - raft.server.snapshot.auto.trigger.enabled = true (custom)
2019-10-07 12:53:12,695 [pool-267-thread-1] INFO  server.RaftServerConfigKeys (ConfUtils.java:logGet(43)) - raft.server.snapshot.auto.trigger.threshold = 10000 (custom)
2019-10-07 12:53:12,695 [pool-267-thread-1] INFO  server.RaftServerConfigKeys (ConfUtils.java:logGet(43)) - raft.server.snapshot.retention.file.num = 5 (custom)
2019-10-07 12:53:12,695 [pool-267-thread-1] INFO  server.RaftServerConfigKeys (ConfUtils.java:logGet(43)) - raft.server.retrycache.expirytime = 600000ms (custom)
2019-10-07 12:53:12,697 [pool-267-thread-1] INFO  impl.RaftServerImpl (RaftServerImpl.java:start(181)) - 43d98e63-0113-493e-a7f1-645ee8b8ad5f@group-AB421884FC55: start as a follower, conf=-1: [43d98e63-0113-493e-a7f1-645ee8b8ad5f:192.168.151.100:42126], old=null
2019-10-07 12:53:12,697 [pool-267-thread-1] INFO  impl.RaftServerImpl (RaftServerImpl.java:setRole(170)) - 43d98e63-0113-493e-a7f1-645ee8b8ad5f@group-AB421884FC55: changes role from      null to FOLLOWER at term 0 for startAsFollower
2019-10-07 12:53:12,697 [pool-267-thread-1] INFO  impl.RoleInfo (RoleInfo.java:updateAndGet(143)) - 43d98e63-0113-493e-a7f1-645ee8b8ad5f: start FollowerState
2019-10-07 12:53:12,698 [pool-267-thread-1] INFO  util.JmxRegister (JmxRegister.java:tryRegister(44)) - Successfully registered JMX Bean with object name Ratis:service=RaftServer,group=group-AB421884FC55,id=43d98e63-0113-493e-a7f1-645ee8b8ad5f
2019-10-07 12:53:12,705 [RatisPipelineUtilsThread] INFO  pipeline.PipelineStateManager (PipelineStateManager.java:addPipeline(56)) - Created pipeline Pipeline[ Id: 1a533810-523b-4b79-9821-ab421884fc55, Nodes: 43d98e63-0113-493e-a7f1-645ee8b8ad5f{ip: 192.168.151.100, host: pr-hdds-2264-877rn-2827291287, networkLocation: /default-rack, certSerialId: null}, Type:RATIS, Factor:ONE, State:OPEN]
2019-10-07 12:53:12,721 [grpc-default-executor-4] INFO  impl.RaftServerProxy (RaftServerProxy.java:addNew(89)) - 945959ea-d1ab-491b-81c1-772728ecc6fb: addNew group-89A124291B14:[c7bb312f-90c8-4ea3-a8d2-22df60f629e5:192.168.151.100:39644, 945959ea-d1ab-491b-81c1-772728ecc6fb:192.168.151.100:36951, acf5e936-0c74-4611-aabc-462137e3cb2c:192.168.151.100:45339] returns group-89A124291B14:java.util.concurrent.CompletableFuture@54e1e3a3[Not completed]
2019-10-07 12:53:12,721 [grpc-default-executor-2] INFO  impl.RaftServerProxy (RaftServerProxy.java:addNew(89)) - c7bb312f-90c8-4ea3-a8d2-22df60f629e5: addNew group-89A124291B14:[c7bb312f-90c8-4ea3-a8d2-22df60f629e5:192.168.151.100:39644, 945959ea-d1ab-491b-81c1-772728ecc6fb:192.168.151.100:36951, acf5e936-0c74-4611-aabc-462137e3cb2c:192.168.151.100:45339] returns group-89A124291B14:java.util.concurrent.CompletableFuture@2541ec75[Not completed]
2019-10-07 12:53:12,721 [grpc-default-executor-4] INFO  impl.RaftServerProxy (RaftServerProxy.java:addNew(89)) - acf5e936-0c74-4611-aabc-462137e3cb2c: addNew group-89A124291B14:[c7bb312f-90c8-4ea3-a8d2-22df60f629e5:192.168.151.100:39644, 945959ea-d1ab-491b-81c1-772728ecc6fb:192.168.151.100:36951, acf5e936-0c74-4611-aabc-462137e3cb2c:192.168.151.100:45339] returns group-89A124291B14:java.util.concurrent.CompletableFuture@3de82a07[Not completed]
2019-10-07 12:53:12,722 [pool-257-thread-1] INFO  impl.RaftServerImpl (RaftServerImpl.java:<init>(95)) - 945959ea-d1ab-491b-81c1-772728ecc6fb: new RaftServerImpl for group-89A124291B14:[c7bb312f-90c8-4ea3-a8d2-22df60f629e5:192.168.151.100:39644, 945959ea-d1ab-491b-81c1-772728ecc6fb:192.168.151.100:36951, acf5e936-0c74-4611-aabc-462137e3cb2c:192.168.151.100:45339] with ContainerStateMachine:uninitialized
2019-10-07 12:53:12,722 [pool-257-thread-1] INFO  server.RaftServerConfigKeys (ConfUtils.java:logGet(43)) - raft.server.rpc.timeout.min = 5s (custom)
2019-10-07 12:53:12,722 [pool-257-thread-1] INFO  server.RaftServerConfigKeys (ConfUtils.java:logGet(43)) - raft.server.rpc.timeout.max = 5200ms (custom)
2019-10-07 12:53:12,722 [pool-257-thread-1] INFO  server.RaftServerConfigKeys (ConfUtils.java:logGet(43)) - raft.server.rpcslowness.timeout = 120s (custom)
2019-10-07 12:53:12,722 [pool-257-thread-1] INFO  server.RaftServerConfigKeys (ConfUtils.java:logGet(43)) - raft.server.sleep.deviation.threshold = 300 (default)
2019-10-07 12:53:12,723 [pool-257-thread-1] INFO  server.RaftServerConfigKeys (ConfUtils.java:logGet(43)) - raft.server.log.appender.install.snapshot.enabled = false (custom)
2019-10-07 12:53:12,723 [pool-237-thread-1] INFO  impl.RaftServerImpl (RaftServerImpl.java:<init>(95)) - c7bb312f-90c8-4ea3-a8d2-22df60f629e5: new RaftServerImpl for group-89A124291B14:[c7bb312f-90c8-4ea3-a8d2-22df60f629e5:192.168.151.100:39644, 945959ea-d1ab-491b-81c1-772728ecc6fb:192.168.151.100:36951, acf5e936-0c74-4611-aabc-462137e3cb2c:192.168.151.100:45339] with ContainerStateMachine:uninitialized
2019-10-07 12:53:12,723 [pool-257-thread-1] INFO  impl.RaftServerImpl (ServerState.java:<init>(103)) - 945959ea-d1ab-491b-81c1-772728ecc6fb@group-89A124291B14: ConfigurationManager, init=-1: [c7bb312f-90c8-4ea3-a8d2-22df60f629e5:192.168.151.100:39644, 945959ea-d1ab-491b-81c1-772728ecc6fb:192.168.151.100:36951, acf5e936-0c74-4611-aabc-462137e3cb2c:192.168.151.100:45339], old=null, confs=<EMPTY_MAP>
2019-10-07 12:53:12,723 [pool-237-thread-1] INFO  server.RaftServerConfigKeys (ConfUtils.java:logGet(43)) - raft.server.rpc.timeout.min = 5s (custom)
2019-10-07 12:53:12,723 [pool-257-thread-1] INFO  server.RaftServerConfigKeys (ConfUtils.java:logGet(43)) - raft.server.storage.dir = [/workdir/hadoop-ozone/integration-test/target/test-dir/MiniOzoneClusterImpl-4feadec7-d447-476e-8398-86d62b3a4f14/datanode-5/data/ratis] (custom)
2019-10-07 12:53:12,723 [pool-237-thread-1] INFO  server.RaftServerConfigKeys (ConfUtils.java:logGet(43)) - raft.server.rpc.timeout.max = 5200ms (custom)
2019-10-07 12:53:12,723 [pool-247-thread-1] INFO  impl.RaftServerImpl (RaftServerImpl.java:<init>(95)) - acf5e936-0c74-4611-aabc-462137e3cb2c: new RaftServerImpl for group-89A124291B14:[c7bb312f-90c8-4ea3-a8d2-22df60f629e5:192.168.151.100:39644, 945959ea-d1ab-491b-81c1-772728ecc6fb:192.168.151.100:36951, acf5e936-0c74-4611-aabc-462137e3cb2c:192.168.151.100:45339] with ContainerStateMachine:uninitialized
2019-10-07 12:53:12,723 [pool-257-thread-1] INFO  server.RaftServerConfigKeys (ConfUtils.java:logGet(43)) - raft.server.log.corruption.policy = EXCEPTION (default)
2019-10-07 12:53:12,723 [pool-237-thread-1] INFO  server.RaftServerConfigKeys (ConfUtils.java:logGet(43)) - raft.server.rpcslowness.timeout = 120s (custom)
2019-10-07 12:53:12,724 [pool-257-thread-1] INFO  storage.RaftStorageDirectory (RaftStorageDirectory.java:analyzeStorage(246)) - The storage directory /workdir/hadoop-ozone/integration-test/target/test-dir/MiniOzoneClusterImpl-4feadec7-d447-476e-8398-86d62b3a4f14/datanode-5/data/ratis/627a0f56-6450-482c-bc10-89a124291b14 does not exist. Creating ...
2019-10-07 12:53:12,723 [pool-247-thread-1] INFO  server.RaftServerConfigKeys (ConfUtils.java:logGet(43)) - raft.server.rpc.timeout.min = 5s (custom)
2019-10-07 12:53:12,724 [pool-237-thread-1] INFO  server.RaftServerConfigKeys (ConfUtils.java:logGet(43)) - raft.server.sleep.deviation.threshold = 300 (default)
2019-10-07 12:53:12,724 [pool-247-thread-1] INFO  server.RaftServerConfigKeys (ConfUtils.java:logGet(43)) - raft.server.rpc.timeout.max = 5200ms (custom)
2019-10-07 12:53:12,724 [pool-237-thread-1] INFO  server.RaftServerConfigKeys (ConfUtils.java:logGet(43)) - raft.server.log.appender.install.snapshot.enabled = false (custom)
2019-10-07 12:53:12,724 [pool-247-thread-1] INFO  server.RaftServerConfigKeys (ConfUtils.java:logGet(43)) - raft.server.rpcslowness.timeout = 120s (custom)
2019-10-07 12:53:12,724 [pool-237-thread-1] INFO  impl.RaftServerImpl (ServerState.java:<init>(103)) - c7bb312f-90c8-4ea3-a8d2-22df60f629e5@group-89A124291B14: ConfigurationManager, init=-1: [c7bb312f-90c8-4ea3-a8d2-22df60f629e5:192.168.151.100:39644, 945959ea-d1ab-491b-81c1-772728ecc6fb:192.168.151.100:36951, acf5e936-0c74-4611-aabc-462137e3cb2c:192.168.151.100:45339], old=null, confs=<EMPTY_MAP>
2019-10-07 12:53:12,724 [pool-247-thread-1] INFO  server.RaftServerConfigKeys (ConfUtils.java:logGet(43)) - raft.server.sleep.deviation.threshold = 300 (default)
2019-10-07 12:53:12,724 [pool-237-thread-1] INFO  server.RaftServerConfigKeys (ConfUtils.java:logGet(43)) - raft.server.storage.dir = [/workdir/hadoop-ozone/integration-test/target/test-dir/MiniOzoneClusterImpl-4feadec7-d447-476e-8398-86d62b3a4f14/datanode-3/data/ratis] (custom)
2019-10-07 12:53:12,724 [pool-247-thread-1] INFO  server.RaftServerConfigKeys (ConfUtils.java:logGet(43)) - raft.server.log.appender.install.snapshot.enabled = false (custom)
2019-10-07 12:53:12,725 [pool-247-thread-1] INFO  impl.RaftServerImpl (ServerState.java:<init>(103)) - acf5e936-0c74-4611-aabc-462137e3cb2c@group-89A124291B14: ConfigurationManager, init=-1: [c7bb312f-90c8-4ea3-a8d2-22df60f629e5:192.168.151.100:39644, 945959ea-d1ab-491b-81c1-772728ecc6fb:192.168.151.100:36951, acf5e936-0c74-4611-aabc-462137e3cb2c:192.168.151.100:45339], old=null, confs=<EMPTY_MAP>
2019-10-07 12:53:12,725 [pool-237-thread-1] INFO  server.RaftServerConfigKeys (ConfUtils.java:logGet(43)) - raft.server.log.corruption.policy = EXCEPTION (default)
2019-10-07 12:53:12,725 [pool-247-thread-1] INFO  server.RaftServerConfigKeys (ConfUtils.java:logGet(43)) - raft.server.storage.dir = [/workdir/hadoop-ozone/integration-test/target/test-dir/MiniOzoneClusterImpl-4feadec7-d447-476e-8398-86d62b3a4f14/datanode-4/data/ratis] (custom)
2019-10-07 12:53:12,725 [pool-237-thread-1] INFO  storage.RaftStorageDirectory (RaftStorageDirectory.java:analyzeStorage(246)) - The storage directory /workdir/hadoop-ozone/integration-test/target/test-dir/MiniOzoneClusterImpl-4feadec7-d447-476e-8398-86d62b3a4f14/datanode-3/data/ratis/627a0f56-6450-482c-bc10-89a124291b14 does not exist. Creating ...
2019-10-07 12:53:12,725 [pool-247-thread-1] INFO  server.RaftServerConfigKeys (ConfUtils.java:logGet(43)) - raft.server.log.corruption.policy = EXCEPTION (default)
2019-10-07 12:53:12,725 [pool-247-thread-1] INFO  storage.RaftStorageDirectory (RaftStorageDirectory.java:analyzeStorage(246)) - The storage directory /workdir/hadoop-ozone/integration-test/target/test-dir/MiniOzoneClusterImpl-4feadec7-d447-476e-8398-86d62b3a4f14/datanode-4/data/ratis/627a0f56-6450-482c-bc10-89a124291b14 does not exist. Creating ...
2019-10-07 12:53:12,737 [pool-257-thread-1] INFO  storage.RaftStorageDirectory (RaftStorageDirectory.java:tryLock(328)) - Lock on /workdir/hadoop-ozone/integration-test/target/test-dir/MiniOzoneClusterImpl-4feadec7-d447-476e-8398-86d62b3a4f14/datanode-5/data/ratis/627a0f56-6450-482c-bc10-89a124291b14/in_use.lock acquired by nodename 25439@pr-hdds-2264-877rn-2827291287
2019-10-07 12:53:12,737 [pool-237-thread-1] INFO  storage.RaftStorageDirectory (RaftStorageDirectory.java:tryLock(328)) - Lock on /workdir/hadoop-ozone/integration-test/target/test-dir/MiniOzoneClusterImpl-4feadec7-d447-476e-8398-86d62b3a4f14/datanode-3/data/ratis/627a0f56-6450-482c-bc10-89a124291b14/in_use.lock acquired by nodename 25439@pr-hdds-2264-877rn-2827291287
2019-10-07 12:53:12,737 [pool-247-thread-1] INFO  storage.RaftStorageDirectory (RaftStorageDirectory.java:tryLock(328)) - Lock on /workdir/hadoop-ozone/integration-test/target/test-dir/MiniOzoneClusterImpl-4feadec7-d447-476e-8398-86d62b3a4f14/datanode-4/data/ratis/627a0f56-6450-482c-bc10-89a124291b14/in_use.lock acquired by nodename 25439@pr-hdds-2264-877rn-2827291287
2019-10-07 12:53:12,751 [pool-257-thread-1] INFO  storage.RaftStorage (RaftStorage.java:format(84)) - Storage directory /workdir/hadoop-ozone/integration-test/target/test-dir/MiniOzoneClusterImpl-4feadec7-d447-476e-8398-86d62b3a4f14/datanode-5/data/ratis/627a0f56-6450-482c-bc10-89a124291b14 has been successfully formatted.
2019-10-07 12:53:12,751 [pool-247-thread-1] INFO  storage.RaftStorage (RaftStorage.java:format(84)) - Storage directory /workdir/hadoop-ozone/integration-test/target/test-dir/MiniOzoneClusterImpl-4feadec7-d447-476e-8398-86d62b3a4f14/datanode-4/data/ratis/627a0f56-6450-482c-bc10-89a124291b14 has been successfully formatted.
2019-10-07 12:53:12,751 [pool-237-thread-1] INFO  storage.RaftStorage (RaftStorage.java:format(84)) - Storage directory /workdir/hadoop-ozone/integration-test/target/test-dir/MiniOzoneClusterImpl-4feadec7-d447-476e-8398-86d62b3a4f14/datanode-3/data/ratis/627a0f56-6450-482c-bc10-89a124291b14 has been successfully formatted.
2019-10-07 12:53:12,751 [pool-257-thread-1] INFO  ratis.ContainerStateMachine (ContainerStateMachine.java:loadSnapshot(231)) - group-89A124291B14: The snapshot info is null. Setting the last applied indexto:(t:0, i:~)
2019-10-07 12:53:12,751 [pool-237-thread-1] INFO  ratis.ContainerStateMachine (ContainerStateMachine.java:loadSnapshot(231)) - group-89A124291B14: The snapshot info is null. Setting the last applied indexto:(t:0, i:~)
2019-10-07 12:53:12,751 [pool-247-thread-1] INFO  ratis.ContainerStateMachine (ContainerStateMachine.java:loadSnapshot(231)) - group-89A124291B14: The snapshot info is null. Setting the last applied indexto:(t:0, i:~)
2019-10-07 12:53:12,752 [pool-237-thread-1] INFO  server.RaftServerConfigKeys (ConfUtils.java:logGet(43)) - raft.server.notification.no-leader.timeout = 120s (custom)
2019-10-07 12:53:12,751 [pool-257-thread-1] INFO  server.RaftServerConfigKeys (ConfUtils.java:logGet(43)) - raft.server.notification.no-leader.timeout = 120s (custom)
2019-10-07 12:53:12,752 [pool-237-thread-1] INFO  server.RaftServerConfigKeys (ConfUtils.java:logGet(43)) - raft.server.log.use.memory = false (default)
2019-10-07 12:53:12,752 [pool-247-thread-1] INFO  server.RaftServerConfigKeys (ConfUtils.java:logGet(43)) - raft.server.notification.no-leader.timeout = 120s (custom)
2019-10-07 12:53:12,752 [pool-237-thread-1] INFO  server.RaftServerConfigKeys (ConfUtils.java:logGet(43)) - raft.server.log.purge.gap = 1000000 (custom)
2019-10-07 12:53:12,752 [pool-257-thread-1] INFO  server.RaftServerConfigKeys (ConfUtils.java:logGet(43)) - raft.server.log.use.memory = false (default)
2019-10-07 12:53:12,752 [pool-237-thread-1] INFO  server.RaftServerConfigKeys (ConfUtils.java:logGet(43)) - raft.server.log.appender.buffer.byte-limit = 33554432 (custom)
2019-10-07 12:53:12,752 [pool-247-thread-1] INFO  server.RaftServerConfigKeys (ConfUtils.java:logGet(43)) - raft.server.log.use.memory = false (default)
2019-10-07 12:53:12,753 [pool-237-thread-1] INFO  server.RaftServerConfigKeys (ConfUtils.java:logGet(43)) - raft.server.log.segment.size.max = 1048576 (custom)
2019-10-07 12:53:12,752 [pool-257-thread-1] INFO  server.RaftServerConfigKeys (ConfUtils.java:logGet(43)) - raft.server.log.purge.gap = 1000000 (custom)
2019-10-07 12:53:12,753 [pool-237-thread-1] INFO  server.RaftServerConfigKeys (ConfUtils.java:logGet(43)) - raft.server.log.segment.cache.num.max = 2 (custom)
2019-10-07 12:53:12,753 [pool-247-thread-1] INFO  server.RaftServerConfigKeys (ConfUtils.java:logGet(43)) - raft.server.log.purge.gap = 1000000 (custom)
2019-10-07 12:53:12,753 [pool-237-thread-1] INFO  segmented.SegmentedRaftLogWorker (SegmentedRaftLogWorker.java:<init>(173)) - new c7bb312f-90c8-4ea3-a8d2-22df60f629e5@group-89A124291B14-SegmentedRaftLogWorker for RaftStorage:Storage Directory /workdir/hadoop-ozone/integration-test/target/test-dir/MiniOzoneClusterImpl-4feadec7-d447-476e-8398-86d62b3a4f14/datanode-3/data/ratis/627a0f56-6450-482c-bc10-89a124291b14
2019-10-07 12:53:12,753 [pool-257-thread-1] INFO  server.RaftServerConfigKeys (ConfUtils.java:logGet(43)) - raft.server.log.appender.buffer.byte-limit = 33554432 (custom)
2019-10-07 12:53:12,753 [pool-237-thread-1] INFO  server.RaftServerConfigKeys (ConfUtils.java:logGet(43)) - raft.server.log.queue.byte-limit = 2147483647 (custom)
2019-10-07 12:53:12,753 [pool-247-thread-1] INFO  server.RaftServerConfigKeys (ConfUtils.java:logGet(43)) - raft.server.log.appender.buffer.byte-limit = 33554432 (custom)
2019-10-07 12:53:12,753 [pool-237-thread-1] INFO  server.RaftServerConfigKeys (ConfUtils.java:logGet(43)) - raft.server.log.queue.element-limit = 1024 (custom)
2019-10-07 12:53:12,753 [pool-257-thread-1] INFO  server.RaftServerConfigKeys (ConfUtils.java:logGet(43)) - raft.server.log.segment.size.max = 1048576 (custom)
2019-10-07 12:53:12,754 [pool-237-thread-1] INFO  server.RaftServerConfigKeys (ConfUtils.java:logGet(43)) - raft.server.log.segment.size.max = 1048576 (custom)
2019-10-07 12:53:12,754 [pool-247-thread-1] INFO  server.RaftServerConfigKeys (ConfUtils.java:logGet(43)) - raft.server.log.segment.size.max = 1048576 (custom)
2019-10-07 12:53:12,754 [pool-237-thread-1] INFO  server.RaftServerConfigKeys (ConfUtils.java:logGet(43)) - raft.server.log.preallocated.size = 16384 (custom)
2019-10-07 12:53:12,754 [pool-257-thread-1] INFO  server.RaftServerConfigKeys (ConfUtils.java:logGet(43)) - raft.server.log.segment.cache.num.max = 2 (custom)
2019-10-07 12:53:12,754 [pool-237-thread-1] INFO  server.RaftServerConfigKeys (ConfUtils.java:logGet(43)) - raft.server.log.write.buffer.size = 33554432 (custom)
2019-10-07 12:53:12,754 [pool-247-thread-1] INFO  server.RaftServerConfigKeys (ConfUtils.java:logGet(43)) - raft.server.log.segment.cache.num.max = 2 (custom)
2019-10-07 12:53:12,754 [pool-237-thread-1] INFO  server.RaftServerConfigKeys (ConfUtils.java:logGet(43)) - raft.server.log.force.sync.num = 128 (default)
2019-10-07 12:53:12,754 [pool-257-thread-1] INFO  segmented.SegmentedRaftLogWorker (SegmentedRaftLogWorker.java:<init>(173)) - new 945959ea-d1ab-491b-81c1-772728ecc6fb@group-89A124291B14-SegmentedRaftLogWorker for RaftStorage:Storage Directory /workdir/hadoop-ozone/integration-test/target/test-dir/MiniOzoneClusterImpl-4feadec7-d447-476e-8398-86d62b3a4f14/datanode-5/data/ratis/627a0f56-6450-482c-bc10-89a124291b14
2019-10-07 12:53:12,755 [pool-237-thread-1] INFO  server.RaftServerConfigKeys (ConfUtils.java:logGet(43)) - raft.server.log.statemachine.data.sync = true (default)
2019-10-07 12:53:12,755 [pool-237-thread-1] INFO  server.RaftServerConfigKeys (ConfUtils.java:logGet(43)) - raft.server.log.statemachine.data.sync.timeout = 10s (default)
2019-10-07 12:53:12,755 [pool-247-thread-1] INFO  segmented.SegmentedRaftLogWorker (SegmentedRaftLogWorker.java:<init>(173)) - new acf5e936-0c74-4611-aabc-462137e3cb2c@group-89A124291B14-SegmentedRaftLogWorker for RaftStorage:Storage Directory /workdir/hadoop-ozone/integration-test/target/test-dir/MiniOzoneClusterImpl-4feadec7-d447-476e-8398-86d62b3a4f14/datanode-4/data/ratis/627a0f56-6450-482c-bc10-89a124291b14
2019-10-07 12:53:12,755 [pool-237-thread-1] INFO  server.RaftServerConfigKeys (ConfUtils.java:logGet(43)) - raft.server.log.statemachine.data.sync.timeout.retry = -1 (default)
2019-10-07 12:53:12,755 [pool-257-thread-1] INFO  server.RaftServerConfigKeys (ConfUtils.java:logGet(43)) - raft.server.log.queue.byte-limit = 2147483647 (custom)
2019-10-07 12:53:12,755 [pool-237-thread-1] INFO  server.RaftServerConfigKeys (ConfUtils.java:logGet(43)) - raft.server.log.statemachine.data.caching.enabled = true (custom)
2019-10-07 12:53:12,755 [pool-247-thread-1] INFO  server.RaftServerConfigKeys (ConfUtils.java:logGet(43)) - raft.server.log.queue.byte-limit = 2147483647 (custom)
2019-10-07 12:53:12,756 [pool-237-thread-1] INFO  segmented.SegmentedRaftLogWorker (SegmentedRaftLogWorker.java:lambda$new$0(128)) - c7bb312f-90c8-4ea3-a8d2-22df60f629e5@group-89A124291B14-SegmentedRaftLogWorker: flushIndex: setUnconditionally 0 -> -1
2019-10-07 12:53:12,755 [pool-257-thread-1] INFO  server.RaftServerConfigKeys (ConfUtils.java:logGet(43)) - raft.server.log.queue.element-limit = 1024 (custom)
2019-10-07 12:53:12,756 [pool-247-thread-1] INFO  server.RaftServerConfigKeys (ConfUtils.java:logGet(43)) - raft.server.log.queue.element-limit = 1024 (custom)
2019-10-07 12:53:12,756 [pool-257-thread-1] INFO  server.RaftServerConfigKeys (ConfUtils.java:logGet(43)) - raft.server.log.segment.size.max = 1048576 (custom)
2019-10-07 12:53:12,756 [pool-237-thread-1] INFO  server.RaftServerConfigKeys (ConfUtils.java:logGet(43)) - raft.server.snapshot.auto.trigger.enabled = true (custom)
2019-10-07 12:53:12,756 [pool-257-thread-1] INFO  server.RaftServerConfigKeys (ConfUtils.java:logGet(43)) - raft.server.log.preallocated.size = 16384 (custom)
2019-10-07 12:53:12,756 [pool-247-thread-1] INFO  server.RaftServerConfigKeys (ConfUtils.java:logGet(43)) - raft.server.log.segment.size.max = 1048576 (custom)
2019-10-07 12:53:12,757 [pool-257-thread-1] INFO  server.RaftServerConfigKeys (ConfUtils.java:logGet(43)) - raft.server.log.write.buffer.size = 33554432 (custom)
2019-10-07 12:53:12,756 [pool-237-thread-1] INFO  server.RaftServerConfigKeys (ConfUtils.java:logGet(43)) - raft.server.snapshot.auto.trigger.threshold = 10000 (custom)
2019-10-07 12:53:12,757 [pool-257-thread-1] INFO  server.RaftServerConfigKeys (ConfUtils.java:logGet(43)) - raft.server.log.force.sync.num = 128 (default)
2019-10-07 12:53:12,757 [pool-247-thread-1] INFO  server.RaftServerConfigKeys (ConfUtils.java:logGet(43)) - raft.server.log.preallocated.size = 16384 (custom)
2019-10-07 12:53:12,757 [pool-257-thread-1] INFO  server.RaftServerConfigKeys (ConfUtils.java:logGet(43)) - raft.server.log.statemachine.data.sync = true (default)
2019-10-07 12:53:12,757 [pool-237-thread-1] INFO  server.RaftServerConfigKeys (ConfUtils.java:logGet(43)) - raft.server.snapshot.retention.file.num = 5 (custom)
2019-10-07 12:53:12,757 [pool-257-thread-1] INFO  server.RaftServerConfigKeys (ConfUtils.java:logGet(43)) - raft.server.log.statemachine.data.sync.timeout = 10s (default)
2019-10-07 12:53:12,757 [pool-257-thread-1] INFO  server.RaftServerConfigKeys (ConfUtils.java:logGet(43)) - raft.server.log.statemachine.data.sync.timeout.retry = -1 (default)
2019-10-07 12:53:12,757 [pool-247-thread-1] INFO  server.RaftServerConfigKeys (ConfUtils.java:logGet(43)) - raft.server.log.write.buffer.size = 33554432 (custom)
2019-10-07 12:53:12,758 [pool-257-thread-1] INFO  server.RaftServerConfigKeys (ConfUtils.java:logGet(43)) - raft.server.log.statemachine.data.caching.enabled = true (custom)
2019-10-07 12:53:12,757 [pool-237-thread-1] INFO  server.RaftServerConfigKeys (ConfUtils.java:logGet(43)) - raft.server.retrycache.expirytime = 600000ms (custom)
2019-10-07 12:53:12,758 [pool-247-thread-1] INFO  server.RaftServerConfigKeys (ConfUtils.java:logGet(43)) - raft.server.log.force.sync.num = 128 (default)
2019-10-07 12:53:12,758 [pool-257-thread-1] INFO  segmented.SegmentedRaftLogWorker (SegmentedRaftLogWorker.java:lambda$new$0(128)) - 945959ea-d1ab-491b-81c1-772728ecc6fb@group-89A124291B14-SegmentedRaftLogWorker: flushIndex: setUnconditionally 0 -> -1
2019-10-07 12:53:12,758 [pool-247-thread-1] INFO  server.RaftServerConfigKeys (ConfUtils.java:logGet(43)) - raft.server.log.statemachine.data.sync = true (default)
2019-10-07 12:53:12,758 [pool-257-thread-1] INFO  server.RaftServerConfigKeys (ConfUtils.java:logGet(43)) - raft.server.snapshot.auto.trigger.enabled = true (custom)
2019-10-07 12:53:12,759 [pool-247-thread-1] INFO  server.RaftServerConfigKeys (ConfUtils.java:logGet(43)) - raft.server.log.statemachine.data.sync.timeout = 10s (default)
2019-10-07 12:53:12,759 [pool-257-thread-1] INFO  server.RaftServerConfigKeys (ConfUtils.java:logGet(43)) - raft.server.snapshot.auto.trigger.threshold = 10000 (custom)
2019-10-07 12:53:12,759 [pool-247-thread-1] INFO  server.RaftServerConfigKeys (ConfUtils.java:logGet(43)) - raft.server.log.statemachine.data.sync.timeout.retry = -1 (default)
2019-10-07 12:53:12,759 [pool-257-thread-1] INFO  server.RaftServerConfigKeys (ConfUtils.java:logGet(43)) - raft.server.snapshot.retention.file.num = 5 (custom)
2019-10-07 12:53:12,759 [pool-247-thread-1] INFO  server.RaftServerConfigKeys (ConfUtils.java:logGet(43)) - raft.server.log.statemachine.data.caching.enabled = true (custom)
2019-10-07 12:53:12,759 [pool-257-thread-1] INFO  server.RaftServerConfigKeys (ConfUtils.java:logGet(43)) - raft.server.retrycache.expirytime = 600000ms (custom)
2019-10-07 12:53:12,759 [pool-247-thread-1] INFO  segmented.SegmentedRaftLogWorker (SegmentedRaftLogWorker.java:lambda$new$0(128)) - acf5e936-0c74-4611-aabc-462137e3cb2c@group-89A124291B14-SegmentedRaftLogWorker: flushIndex: setUnconditionally 0 -> -1
2019-10-07 12:53:12,759 [pool-237-thread-1] INFO  impl.RaftServerImpl (RaftServerImpl.java:start(181)) - c7bb312f-90c8-4ea3-a8d2-22df60f629e5@group-89A124291B14: start as a follower, conf=-1: [c7bb312f-90c8-4ea3-a8d2-22df60f629e5:192.168.151.100:39644, 945959ea-d1ab-491b-81c1-772728ecc6fb:192.168.151.100:36951, acf5e936-0c74-4611-aabc-462137e3cb2c:192.168.151.100:45339], old=null
2019-10-07 12:53:12,760 [pool-237-thread-1] INFO  impl.RaftServerImpl (RaftServerImpl.java:setRole(170)) - c7bb312f-90c8-4ea3-a8d2-22df60f629e5@group-89A124291B14: changes role from      null to FOLLOWER at term 0 for startAsFollower
2019-10-07 12:53:12,760 [pool-247-thread-1] INFO  server.RaftServerConfigKeys (ConfUtils.java:logGet(43)) - raft.server.snapshot.auto.trigger.enabled = true (custom)
2019-10-07 12:53:12,760 [pool-237-thread-1] INFO  impl.RoleInfo (RoleInfo.java:updateAndGet(143)) - c7bb312f-90c8-4ea3-a8d2-22df60f629e5: start FollowerState
2019-10-07 12:53:12,760 [pool-247-thread-1] INFO  server.RaftServerConfigKeys (ConfUtils.java:logGet(43)) - raft.server.snapshot.auto.trigger.threshold = 10000 (custom)
2019-10-07 12:53:12,760 [pool-247-thread-1] INFO  server.RaftServerConfigKeys (ConfUtils.java:logGet(43)) - raft.server.snapshot.retention.file.num = 5 (custom)
2019-10-07 12:53:12,760 [pool-237-thread-1] INFO  util.JmxRegister (JmxRegister.java:tryRegister(44)) - Successfully registered JMX Bean with object name Ratis:service=RaftServer,group=group-89A124291B14,id=c7bb312f-90c8-4ea3-a8d2-22df60f629e5
2019-10-07 12:53:12,760 [pool-247-thread-1] INFO  server.RaftServerConfigKeys (ConfUtils.java:logGet(43)) - raft.server.retrycache.expirytime = 600000ms (custom)
2019-10-07 12:53:12,761 [pool-257-thread-1] INFO  impl.RaftServerImpl (RaftServerImpl.java:start(181)) - 945959ea-d1ab-491b-81c1-772728ecc6fb@group-89A124291B14: start as a follower, conf=-1: [c7bb312f-90c8-4ea3-a8d2-22df60f629e5:192.168.151.100:39644, 945959ea-d1ab-491b-81c1-772728ecc6fb:192.168.151.100:36951, acf5e936-0c74-4611-aabc-462137e3cb2c:192.168.151.100:45339], old=null
2019-10-07 12:53:12,761 [pool-257-thread-1] INFO  impl.RaftServerImpl (RaftServerImpl.java:setRole(170)) - 945959ea-d1ab-491b-81c1-772728ecc6fb@group-89A124291B14: changes role from      null to FOLLOWER at term 0 for startAsFollower
2019-10-07 12:53:12,761 [pool-257-thread-1] INFO  impl.RoleInfo (RoleInfo.java:updateAndGet(143)) - 945959ea-d1ab-491b-81c1-772728ecc6fb: start FollowerState
2019-10-07 12:53:12,761 [pool-257-thread-1] INFO  util.JmxRegister (JmxRegister.java:tryRegister(44)) - Successfully registered JMX Bean with object name Ratis:service=RaftServer,group=group-89A124291B14,id=945959ea-d1ab-491b-81c1-772728ecc6fb
2019-10-07 12:53:12,768 [pool-247-thread-1] INFO  impl.RaftServerImpl (RaftServerImpl.java:start(181)) - acf5e936-0c74-4611-aabc-462137e3cb2c@group-89A124291B14: start as a follower, conf=-1: [c7bb312f-90c8-4ea3-a8d2-22df60f629e5:192.168.151.100:39644, 945959ea-d1ab-491b-81c1-772728ecc6fb:192.168.151.100:36951, acf5e936-0c74-4611-aabc-462137e3cb2c:192.168.151.100:45339], old=null
2019-10-07 12:53:12,768 [pool-247-thread-1] INFO  impl.RaftServerImpl (RaftServerImpl.java:setRole(170)) - acf5e936-0c74-4611-aabc-462137e3cb2c@group-89A124291B14: changes role from      null to FOLLOWER at term 0 for startAsFollower
2019-10-07 12:53:12,768 [pool-247-thread-1] INFO  impl.RoleInfo (RoleInfo.java:updateAndGet(143)) - acf5e936-0c74-4611-aabc-462137e3cb2c: start FollowerState
2019-10-07 12:53:12,769 [pool-247-thread-1] INFO  util.JmxRegister (JmxRegister.java:tryRegister(44)) - Successfully registered JMX Bean with object name Ratis:service=RaftServer,group=group-89A124291B14,id=acf5e936-0c74-4611-aabc-462137e3cb2c
2019-10-07 12:53:12,777 [RatisPipelineUtilsThread] INFO  pipeline.PipelineStateManager (PipelineStateManager.java:addPipeline(56)) - Created pipeline Pipeline[ Id: 627a0f56-6450-482c-bc10-89a124291b14, Nodes: c7bb312f-90c8-4ea3-a8d2-22df60f629e5{ip: 192.168.151.100, host: pr-hdds-2264-877rn-2827291287, networkLocation: /default-rack, certSerialId: null}945959ea-d1ab-491b-81c1-772728ecc6fb{ip: 192.168.151.100, host: pr-hdds-2264-877rn-2827291287, networkLocation: /default-rack, certSerialId: null}acf5e936-0c74-4611-aabc-462137e3cb2c{ip: 192.168.151.100, host: pr-hdds-2264-877rn-2827291287, networkLocation: /default-rack, certSerialId: null}, Type:RATIS, Factor:THREE, State:OPEN]
2019-10-07 12:53:13,612 [main] INFO  ozone.MiniOzoneClusterImpl (MiniOzoneClusterImpl.java:lambda$waitForClusterToBeReady$0(147)) - Cluster is ready. Got 7 of 7 DN Heartbeats.
2019-10-07 12:53:13,660 [main] INFO  rpc.RpcClient (RpcClient.java:createVolume(277)) - Creating Volume: watchforcommithandlingtest, with jenkins1000 as owner.
2019-10-07 12:53:13,665 [IPC Server handler 1 on 45942] INFO  volume.OMVolumeCreateRequest (OMVolumeCreateRequest.java:validateAndUpdateCache(193)) - created volume:watchforcommithandlingtest for user:jenkins1000
2019-10-07 12:53:13,679 [main] INFO  rpc.RpcClient (RpcClient.java:createBucket(416)) - Creating Bucket: watchforcommithandlingtest/watchforcommithandlingtest, with Versioning false and Storage Type set to DISK and Encryption set to false 
2019-10-07 12:53:13,684 [main] INFO  ozone.MiniOzoneClusterImpl (MiniOzoneClusterImpl.java:getStorageContainerLocationClient(234)) - Creating StorageContainerLocationProtocol RPC client with address /0.0.0.0:40251
2019-10-07 12:53:15,238 [Thread-1451] INFO  container.ReplicationManager (ReplicationManager.java:start(162)) - Starting Replication Monitor Thread.
2019-10-07 12:53:15,242 [ReplicationMonitor] INFO  container.ReplicationManager (ReplicationManager.java:run(225)) - Replication Monitor Thread took 0 milliseconds for processing 1 containers.
2019-10-07 12:53:17,372 [Thread-1453] INFO  impl.FollowerState (FollowerState.java:run(108)) - 7741f835-7823-4120-ba15-da80b6525d1d@group-BEFCF6E36C2B-FollowerState: change to CANDIDATE, lastRpcTime:5080ms, electionTimeout:5080ms
2019-10-07 12:53:17,373 [Thread-1453] INFO  impl.RoleInfo (RoleInfo.java:shutdownFollowerState(121)) - 7741f835-7823-4120-ba15-da80b6525d1d: shutdown FollowerState
2019-10-07 12:53:17,373 [Thread-1453] INFO  impl.RaftServerImpl (RaftServerImpl.java:setRole(170)) - 7741f835-7823-4120-ba15-da80b6525d1d@group-BEFCF6E36C2B: changes role from  FOLLOWER to CANDIDATE at term 0 for changeToCandidate
2019-10-07 12:53:17,374 [Thread-1453] INFO  impl.RoleInfo (RoleInfo.java:updateAndGet(143)) - 7741f835-7823-4120-ba15-da80b6525d1d: start LeaderElection
2019-10-07 12:53:17,396 [7741f835-7823-4120-ba15-da80b6525d1d@group-BEFCF6E36C2B-LeaderElection30] INFO  impl.LeaderElection (LeaderElection.java:askForVotes(178)) - 7741f835-7823-4120-ba15-da80b6525d1d@group-BEFCF6E36C2B-LeaderElection30: begin an election at term 1 for -1: [7741f835-7823-4120-ba15-da80b6525d1d:192.168.151.100:38490], old=null
2019-10-07 12:53:17,396 [7741f835-7823-4120-ba15-da80b6525d1d@group-BEFCF6E36C2B-LeaderElection30] INFO  impl.RoleInfo (RoleInfo.java:shutdownLeaderElection(134)) - 7741f835-7823-4120-ba15-da80b6525d1d: shutdown LeaderElection
2019-10-07 12:53:17,396 [7741f835-7823-4120-ba15-da80b6525d1d@group-BEFCF6E36C2B-LeaderElection30] INFO  impl.RaftServerImpl (RaftServerImpl.java:setRole(170)) - 7741f835-7823-4120-ba15-da80b6525d1d@group-BEFCF6E36C2B: changes role from CANDIDATE to LEADER at term 1 for changeToLeader
2019-10-07 12:53:17,396 [7741f835-7823-4120-ba15-da80b6525d1d@group-BEFCF6E36C2B-LeaderElection30] INFO  impl.RaftServerImpl (ServerState.java:setLeader(255)) - 7741f835-7823-4120-ba15-da80b6525d1d@group-BEFCF6E36C2B: change Leader from null to 7741f835-7823-4120-ba15-da80b6525d1d at term 1 for becomeLeader, leader elected after 5114ms
2019-10-07 12:53:17,397 [7741f835-7823-4120-ba15-da80b6525d1d@group-BEFCF6E36C2B-LeaderElection30] INFO  server.RaftServerConfigKeys (ConfUtils.java:logGet(43)) - raft.server.staging.catchup.gap = 1000 (default)
2019-10-07 12:53:17,397 [7741f835-7823-4120-ba15-da80b6525d1d@group-BEFCF6E36C2B-LeaderElection30] INFO  server.RaftServerConfigKeys (ConfUtils.java:logGet(43)) - raft.server.rpc.sleep.time = 25ms (default)
2019-10-07 12:53:17,397 [7741f835-7823-4120-ba15-da80b6525d1d@group-BEFCF6E36C2B-LeaderElection30] INFO  server.RaftServerConfigKeys (ConfUtils.java:logGet(43)) - raft.server.write.element-limit = 4096 (default)
2019-10-07 12:53:17,398 [7741f835-7823-4120-ba15-da80b6525d1d@group-BEFCF6E36C2B-LeaderElection30] INFO  server.RaftServerConfigKeys (ConfUtils.java:logGet(43)) - raft.server.watch.timeout = 10s (default)
2019-10-07 12:53:17,398 [7741f835-7823-4120-ba15-da80b6525d1d@group-BEFCF6E36C2B-LeaderElection30] INFO  server.RaftServerConfigKeys (ConfUtils.java:logGet(43)) - raft.server.watch.timeout.denomination = 1s (default)
2019-10-07 12:53:17,398 [7741f835-7823-4120-ba15-da80b6525d1d@group-BEFCF6E36C2B-LeaderElection30] INFO  server.RaftServerConfigKeys (ConfUtils.java:logGet(43)) - raft.server.watch.element-limit = 65536 (default)
2019-10-07 12:53:17,401 [7741f835-7823-4120-ba15-da80b6525d1d@group-BEFCF6E36C2B-LeaderElection30] INFO  impl.RoleInfo (RoleInfo.java:updateAndGet(143)) - 7741f835-7823-4120-ba15-da80b6525d1d: start LeaderState
2019-10-07 12:53:17,402 [7741f835-7823-4120-ba15-da80b6525d1d@group-BEFCF6E36C2B-LeaderElection30] INFO  segmented.SegmentedRaftLogWorker (SegmentedRaftLogWorker.java:startLogSegment(385)) - 7741f835-7823-4120-ba15-da80b6525d1d@group-BEFCF6E36C2B-SegmentedRaftLogWorker: Starting segment from index:0
2019-10-07 12:53:17,402 [Thread-1459] INFO  impl.FollowerState (FollowerState.java:run(108)) - 786f91eb-928f-4402-89ae-1713a48bf1ef@group-0AD706F46188-FollowerState: change to CANDIDATE, lastRpcTime:5001ms, electionTimeout:5001ms
2019-10-07 12:53:17,403 [Thread-1459] INFO  impl.RoleInfo (RoleInfo.java:shutdownFollowerState(121)) - 786f91eb-928f-4402-89ae-1713a48bf1ef: shutdown FollowerState
2019-10-07 12:53:17,403 [7741f835-7823-4120-ba15-da80b6525d1d@group-BEFCF6E36C2B-LeaderElection30] INFO  impl.RaftServerImpl (ServerState.java:setRaftConf(356)) - 7741f835-7823-4120-ba15-da80b6525d1d@group-BEFCF6E36C2B: set configuration 0: [7741f835-7823-4120-ba15-da80b6525d1d:192.168.151.100:38490], old=null at 0
2019-10-07 12:53:17,403 [Thread-1459] INFO  impl.RaftServerImpl (RaftServerImpl.java:setRole(170)) - 786f91eb-928f-4402-89ae-1713a48bf1ef@group-0AD706F46188: changes role from  FOLLOWER to CANDIDATE at term 0 for changeToCandidate
2019-10-07 12:53:17,403 [Thread-1459] INFO  impl.RoleInfo (RoleInfo.java:updateAndGet(143)) - 786f91eb-928f-4402-89ae-1713a48bf1ef: start LeaderElection
2019-10-07 12:53:17,434 [7741f835-7823-4120-ba15-da80b6525d1d@group-BEFCF6E36C2B-SegmentedRaftLogWorker] INFO  segmented.SegmentedRaftLogWorker (SegmentedRaftLogWorker.java:execute(574)) - 7741f835-7823-4120-ba15-da80b6525d1d@group-BEFCF6E36C2B-SegmentedRaftLogWorker: created new log segment /workdir/hadoop-ozone/integration-test/target/test-dir/MiniOzoneClusterImpl-4feadec7-d447-476e-8398-86d62b3a4f14/datanode-0/data/ratis/ab62e538-1bd2-4fb0-afec-befcf6e36c2b/current/log_inprogress_0
2019-10-07 12:53:17,434 [786f91eb-928f-4402-89ae-1713a48bf1ef@group-0AD706F46188-LeaderElection31] INFO  impl.LeaderElection (LeaderElection.java:askForVotes(178)) - 786f91eb-928f-4402-89ae-1713a48bf1ef@group-0AD706F46188-LeaderElection31: begin an election at term 1 for -1: [786f91eb-928f-4402-89ae-1713a48bf1ef:192.168.151.100:34244], old=null
2019-10-07 12:53:17,434 [786f91eb-928f-4402-89ae-1713a48bf1ef@group-0AD706F46188-LeaderElection31] INFO  impl.RoleInfo (RoleInfo.java:shutdownLeaderElection(134)) - 786f91eb-928f-4402-89ae-1713a48bf1ef: shutdown LeaderElection
2019-10-07 12:53:17,434 [786f91eb-928f-4402-89ae-1713a48bf1ef@group-0AD706F46188-LeaderElection31] INFO  impl.RaftServerImpl (RaftServerImpl.java:setRole(170)) - 786f91eb-928f-4402-89ae-1713a48bf1ef@group-0AD706F46188: changes role from CANDIDATE to LEADER at term 1 for changeToLeader
2019-10-07 12:53:17,434 [786f91eb-928f-4402-89ae-1713a48bf1ef@group-0AD706F46188-LeaderElection31] INFO  impl.RaftServerImpl (ServerState.java:setLeader(255)) - 786f91eb-928f-4402-89ae-1713a48bf1ef@group-0AD706F46188: change Leader from null to 786f91eb-928f-4402-89ae-1713a48bf1ef at term 1 for becomeLeader, leader elected after 5040ms
2019-10-07 12:53:17,434 [786f91eb-928f-4402-89ae-1713a48bf1ef@group-0AD706F46188-LeaderElection31] INFO  server.RaftServerConfigKeys (ConfUtils.java:logGet(43)) - raft.server.staging.catchup.gap = 1000 (default)
2019-10-07 12:53:17,435 [786f91eb-928f-4402-89ae-1713a48bf1ef@group-0AD706F46188-LeaderElection31] INFO  server.RaftServerConfigKeys (ConfUtils.java:logGet(43)) - raft.server.rpc.sleep.time = 25ms (default)
2019-10-07 12:53:17,435 [786f91eb-928f-4402-89ae-1713a48bf1ef@group-0AD706F46188-LeaderElection31] INFO  server.RaftServerConfigKeys (ConfUtils.java:logGet(43)) - raft.server.write.element-limit = 4096 (default)
2019-10-07 12:53:17,435 [786f91eb-928f-4402-89ae-1713a48bf1ef@group-0AD706F46188-LeaderElection31] INFO  server.RaftServerConfigKeys (ConfUtils.java:logGet(43)) - raft.server.watch.timeout = 10s (default)
2019-10-07 12:53:17,435 [786f91eb-928f-4402-89ae-1713a48bf1ef@group-0AD706F46188-LeaderElection31] INFO  server.RaftServerConfigKeys (ConfUtils.java:logGet(43)) - raft.server.watch.timeout.denomination = 1s (default)
2019-10-07 12:53:17,435 [786f91eb-928f-4402-89ae-1713a48bf1ef@group-0AD706F46188-LeaderElection31] INFO  server.RaftServerConfigKeys (ConfUtils.java:logGet(43)) - raft.server.watch.element-limit = 65536 (default)
2019-10-07 12:53:17,438 [786f91eb-928f-4402-89ae-1713a48bf1ef@group-0AD706F46188-LeaderElection31] INFO  impl.RoleInfo (RoleInfo.java:updateAndGet(143)) - 786f91eb-928f-4402-89ae-1713a48bf1ef: start LeaderState
2019-10-07 12:53:17,438 [786f91eb-928f-4402-89ae-1713a48bf1ef@group-0AD706F46188-LeaderElection31] INFO  segmented.SegmentedRaftLogWorker (SegmentedRaftLogWorker.java:startLogSegment(385)) - 786f91eb-928f-4402-89ae-1713a48bf1ef@group-0AD706F46188-SegmentedRaftLogWorker: Starting segment from index:0
2019-10-07 12:53:17,439 [786f91eb-928f-4402-89ae-1713a48bf1ef@group-0AD706F46188-LeaderElection31] INFO  impl.RaftServerImpl (ServerState.java:setRaftConf(356)) - 786f91eb-928f-4402-89ae-1713a48bf1ef@group-0AD706F46188: set configuration 0: [786f91eb-928f-4402-89ae-1713a48bf1ef:192.168.151.100:34244], old=null at 0
2019-10-07 12:53:17,457 [786f91eb-928f-4402-89ae-1713a48bf1ef@group-0AD706F46188-SegmentedRaftLogWorker] INFO  segmented.SegmentedRaftLogWorker (SegmentedRaftLogWorker.java:execute(574)) - 786f91eb-928f-4402-89ae-1713a48bf1ef@group-0AD706F46188-SegmentedRaftLogWorker: created new log segment /workdir/hadoop-ozone/integration-test/target/test-dir/MiniOzoneClusterImpl-4feadec7-d447-476e-8398-86d62b3a4f14/datanode-2/data/ratis/05149fa6-6fa0-4402-a399-0ad706f46188/current/log_inprogress_0
2019-10-07 12:53:17,495 [Thread-1462] INFO  impl.FollowerState (FollowerState.java:run(108)) - 7741f835-7823-4120-ba15-da80b6525d1d@group-105F4042666B-FollowerState: change to CANDIDATE, lastRpcTime:5026ms, electionTimeout:5026ms
2019-10-07 12:53:17,495 [Thread-1462] INFO  impl.RoleInfo (RoleInfo.java:shutdownFollowerState(121)) - 7741f835-7823-4120-ba15-da80b6525d1d: shutdown FollowerState
2019-10-07 12:53:17,496 [Thread-1462] INFO  impl.RaftServerImpl (RaftServerImpl.java:setRole(170)) - 7741f835-7823-4120-ba15-da80b6525d1d@group-105F4042666B: changes role from  FOLLOWER to CANDIDATE at term 0 for changeToCandidate
2019-10-07 12:53:17,496 [Thread-1462] INFO  impl.RoleInfo (RoleInfo.java:updateAndGet(143)) - 7741f835-7823-4120-ba15-da80b6525d1d: start LeaderElection
2019-10-07 12:53:17,513 [7741f835-7823-4120-ba15-da80b6525d1d@group-105F4042666B-LeaderElection32] INFO  impl.LeaderElection (LeaderElection.java:askForVotes(178)) - 7741f835-7823-4120-ba15-da80b6525d1d@group-105F4042666B-LeaderElection32: begin an election at term 1 for -1: [786f91eb-928f-4402-89ae-1713a48bf1ef:192.168.151.100:34244, a929fe19-32c2-4064-994c-6020b0bb7a68:192.168.151.100:37470, 7741f835-7823-4120-ba15-da80b6525d1d:192.168.151.100:38490], old=null
2019-10-07 12:53:17,520 [grpc-default-executor-2] INFO  impl.RaftServerImpl (RaftServerImpl.java:setRole(170)) - 786f91eb-928f-4402-89ae-1713a48bf1ef@group-105F4042666B: changes role from  FOLLOWER to FOLLOWER at term 1 for recognizeCandidate:7741f835-7823-4120-ba15-da80b6525d1d
2019-10-07 12:53:17,520 [grpc-default-executor-4] INFO  impl.RaftServerImpl (RaftServerImpl.java:setRole(170)) - a929fe19-32c2-4064-994c-6020b0bb7a68@group-105F4042666B: changes role from  FOLLOWER to FOLLOWER at term 1 for recognizeCandidate:7741f835-7823-4120-ba15-da80b6525d1d
2019-10-07 12:53:17,520 [grpc-default-executor-2] INFO  impl.RoleInfo (RoleInfo.java:shutdownFollowerState(121)) - 786f91eb-928f-4402-89ae-1713a48bf1ef: shutdown FollowerState
2019-10-07 12:53:17,520 [grpc-default-executor-4] INFO  impl.RoleInfo (RoleInfo.java:shutdownFollowerState(121)) - a929fe19-32c2-4064-994c-6020b0bb7a68: shutdown FollowerState
2019-10-07 12:53:17,520 [grpc-default-executor-2] INFO  impl.RoleInfo (RoleInfo.java:updateAndGet(143)) - 786f91eb-928f-4402-89ae-1713a48bf1ef: start FollowerState
2019-10-07 12:53:17,521 [Thread-1467] INFO  impl.FollowerState (FollowerState.java:run(117)) - a929fe19-32c2-4064-994c-6020b0bb7a68@group-105F4042666B-FollowerState was interrupted: java.lang.InterruptedException: sleep interrupted
2019-10-07 12:53:17,521 [Thread-1465] INFO  impl.FollowerState (FollowerState.java:run(117)) - 786f91eb-928f-4402-89ae-1713a48bf1ef@group-105F4042666B-FollowerState was interrupted: java.lang.InterruptedException: sleep interrupted
2019-10-07 12:53:17,521 [grpc-default-executor-4] INFO  impl.RoleInfo (RoleInfo.java:updateAndGet(143)) - a929fe19-32c2-4064-994c-6020b0bb7a68: start FollowerState
2019-10-07 12:53:17,537 [Thread-1456] INFO  impl.FollowerState (FollowerState.java:run(108)) - a929fe19-32c2-4064-994c-6020b0bb7a68@group-75CBC971D753-FollowerState: change to CANDIDATE, lastRpcTime:5186ms, electionTimeout:5177ms
2019-10-07 12:53:17,537 [7741f835-7823-4120-ba15-da80b6525d1d@group-105F4042666B-LeaderElection32] INFO  impl.LeaderElection (LeaderElection.java:logAndReturn(56)) - 7741f835-7823-4120-ba15-da80b6525d1d@group-105F4042666B-LeaderElection32: Election PASSED; received 1 response(s) [7741f835-7823-4120-ba15-da80b6525d1d<-a929fe19-32c2-4064-994c-6020b0bb7a68#0:OK-t1] and 0 exception(s); 7741f835-7823-4120-ba15-da80b6525d1d@group-105F4042666B:t1, leader=null, voted=7741f835-7823-4120-ba15-da80b6525d1d, raftlog=7741f835-7823-4120-ba15-da80b6525d1d@group-105F4042666B-SegmentedRaftLog:OPENED:c-1,f-1,i0, conf=-1: [786f91eb-928f-4402-89ae-1713a48bf1ef:192.168.151.100:34244, a929fe19-32c2-4064-994c-6020b0bb7a68:192.168.151.100:37470, 7741f835-7823-4120-ba15-da80b6525d1d:192.168.151.100:38490], old=null
2019-10-07 12:53:17,537 [Thread-1456] INFO  impl.RoleInfo (RoleInfo.java:shutdownFollowerState(121)) - a929fe19-32c2-4064-994c-6020b0bb7a68: shutdown FollowerState
2019-10-07 12:53:17,537 [7741f835-7823-4120-ba15-da80b6525d1d@group-105F4042666B-LeaderElection32] INFO  impl.RoleInfo (RoleInfo.java:shutdownLeaderElection(134)) - 7741f835-7823-4120-ba15-da80b6525d1d: shutdown LeaderElection
2019-10-07 12:53:17,540 [7741f835-7823-4120-ba15-da80b6525d1d@group-105F4042666B-LeaderElection32] INFO  impl.RaftServerImpl (RaftServerImpl.java:setRole(170)) - 7741f835-7823-4120-ba15-da80b6525d1d@group-105F4042666B: changes role from CANDIDATE to LEADER at term 1 for changeToLeader
2019-10-07 12:53:17,540 [Thread-1456] INFO  impl.RaftServerImpl (RaftServerImpl.java:setRole(170)) - a929fe19-32c2-4064-994c-6020b0bb7a68@group-75CBC971D753: changes role from  FOLLOWER to CANDIDATE at term 0 for changeToCandidate
2019-10-07 12:53:17,540 [7741f835-7823-4120-ba15-da80b6525d1d@group-105F4042666B-LeaderElection32] INFO  impl.RaftServerImpl (ServerState.java:setLeader(255)) - 7741f835-7823-4120-ba15-da80b6525d1d@group-105F4042666B: change Leader from null to 7741f835-7823-4120-ba15-da80b6525d1d at term 1 for becomeLeader, leader elected after 5079ms
2019-10-07 12:53:17,540 [Thread-1456] INFO  impl.RoleInfo (RoleInfo.java:updateAndGet(143)) - a929fe19-32c2-4064-994c-6020b0bb7a68: start LeaderElection
2019-10-07 12:53:17,541 [7741f835-7823-4120-ba15-da80b6525d1d@group-105F4042666B-LeaderElection32] INFO  server.RaftServerConfigKeys (ConfUtils.java:logGet(43)) - raft.server.staging.catchup.gap = 1000 (default)
2019-10-07 12:53:17,541 [7741f835-7823-4120-ba15-da80b6525d1d@group-105F4042666B-LeaderElection32] INFO  server.RaftServerConfigKeys (ConfUtils.java:logGet(43)) - raft.server.rpc.sleep.time = 25ms (default)
2019-10-07 12:53:17,541 [7741f835-7823-4120-ba15-da80b6525d1d@group-105F4042666B-LeaderElection32] INFO  server.RaftServerConfigKeys (ConfUtils.java:logGet(43)) - raft.server.write.element-limit = 4096 (default)
2019-10-07 12:53:17,546 [7741f835-7823-4120-ba15-da80b6525d1d@group-105F4042666B-LeaderElection32] INFO  server.RaftServerConfigKeys (ConfUtils.java:logGet(43)) - raft.server.watch.timeout = 10s (default)
2019-10-07 12:53:17,546 [7741f835-7823-4120-ba15-da80b6525d1d@group-105F4042666B-LeaderElection32] INFO  server.RaftServerConfigKeys (ConfUtils.java:logGet(43)) - raft.server.watch.timeout.denomination = 1s (default)
2019-10-07 12:53:17,546 [7741f835-7823-4120-ba15-da80b6525d1d@group-105F4042666B-LeaderElection32] INFO  server.RaftServerConfigKeys (ConfUtils.java:logGet(43)) - raft.server.watch.element-limit = 65536 (default)
2019-10-07 12:53:17,548 [7741f835-7823-4120-ba15-da80b6525d1d@group-105F4042666B-LeaderElection32] INFO  server.RaftServerConfigKeys (ConfUtils.java:logGet(43)) - raft.server.log.appender.snapshot.chunk.size.max = 16MB (=16777216) (default)
2019-10-07 12:53:17,548 [7741f835-7823-4120-ba15-da80b6525d1d@group-105F4042666B-LeaderElection32] INFO  server.RaftServerConfigKeys (ConfUtils.java:logGet(43)) - raft.server.log.appender.buffer.byte-limit = 33554432 (custom)
2019-10-07 12:53:17,549 [7741f835-7823-4120-ba15-da80b6525d1d@group-105F4042666B-LeaderElection32] INFO  server.RaftServerConfigKeys (ConfUtils.java:logGet(43)) - raft.server.log.appender.buffer.element-limit = 1 (custom)
2019-10-07 12:53:17,549 [7741f835-7823-4120-ba15-da80b6525d1d@group-105F4042666B-LeaderElection32] INFO  grpc.GrpcConfigKeys$Server (ConfUtils.java:logGet(43)) - raft.grpc.server.leader.outstanding.appends.max = 128 (default)
2019-10-07 12:53:17,549 [7741f835-7823-4120-ba15-da80b6525d1d@group-105F4042666B-LeaderElection32] INFO  server.RaftServerConfigKeys (ConfUtils.java:logGet(43)) - raft.server.rpc.request.timeout = 3000ms (default)
2019-10-07 12:53:17,549 [7741f835-7823-4120-ba15-da80b6525d1d@group-105F4042666B-LeaderElection32] INFO  server.RaftServerConfigKeys (ConfUtils.java:logGet(43)) - raft.server.log.appender.install.snapshot.enabled = false (custom)
2019-10-07 12:53:17,549 [7741f835-7823-4120-ba15-da80b6525d1d@group-105F4042666B-LeaderElection32] INFO  server.RaftServerConfigKeys (ConfUtils.java:logGet(43)) - raft.server.log.appender.snapshot.chunk.size.max = 16MB (=16777216) (default)
2019-10-07 12:53:17,549 [7741f835-7823-4120-ba15-da80b6525d1d@group-105F4042666B-LeaderElection32] INFO  server.RaftServerConfigKeys (ConfUtils.java:logGet(43)) - raft.server.log.appender.buffer.byte-limit = 33554432 (custom)
2019-10-07 12:53:17,549 [7741f835-7823-4120-ba15-da80b6525d1d@group-105F4042666B-LeaderElection32] INFO  server.RaftServerConfigKeys (ConfUtils.java:logGet(43)) - raft.server.log.appender.buffer.element-limit = 1 (custom)
2019-10-07 12:53:17,550 [7741f835-7823-4120-ba15-da80b6525d1d@group-105F4042666B-LeaderElection32] INFO  grpc.GrpcConfigKeys$Server (ConfUtils.java:logGet(43)) - raft.grpc.server.leader.outstanding.appends.max = 128 (default)
2019-10-07 12:53:17,550 [7741f835-7823-4120-ba15-da80b6525d1d@group-105F4042666B-LeaderElection32] INFO  server.RaftServerConfigKeys (ConfUtils.java:logGet(43)) - raft.server.rpc.request.timeout = 3000ms (default)
2019-10-07 12:53:17,550 [7741f835-7823-4120-ba15-da80b6525d1d@group-105F4042666B-LeaderElection32] INFO  server.RaftServerConfigKeys (ConfUtils.java:logGet(43)) - raft.server.log.appender.install.snapshot.enabled = false (custom)
2019-10-07 12:53:17,550 [7741f835-7823-4120-ba15-da80b6525d1d@group-105F4042666B-LeaderElection32] INFO  impl.RoleInfo (RoleInfo.java:updateAndGet(143)) - 7741f835-7823-4120-ba15-da80b6525d1d: start LeaderState
2019-10-07 12:53:17,550 [a929fe19-32c2-4064-994c-6020b0bb7a68@group-75CBC971D753-LeaderElection33] INFO  impl.LeaderElection (LeaderElection.java:askForVotes(178)) - a929fe19-32c2-4064-994c-6020b0bb7a68@group-75CBC971D753-LeaderElection33: begin an election at term 1 for -1: [a929fe19-32c2-4064-994c-6020b0bb7a68:192.168.151.100:37470], old=null
2019-10-07 12:53:17,550 [7741f835-7823-4120-ba15-da80b6525d1d@group-105F4042666B-LeaderElection32] INFO  segmented.SegmentedRaftLogWorker (SegmentedRaftLogWorker.java:startLogSegment(385)) - 7741f835-7823-4120-ba15-da80b6525d1d@group-105F4042666B-SegmentedRaftLogWorker: Starting segment from index:0
2019-10-07 12:53:17,550 [a929fe19-32c2-4064-994c-6020b0bb7a68@group-75CBC971D753-LeaderElection33] INFO  impl.RoleInfo (RoleInfo.java:shutdownLeaderElection(134)) - a929fe19-32c2-4064-994c-6020b0bb7a68: shutdown LeaderElection
2019-10-07 12:53:17,550 [a929fe19-32c2-4064-994c-6020b0bb7a68@group-75CBC971D753-LeaderElection33] INFO  impl.RaftServerImpl (RaftServerImpl.java:setRole(170)) - a929fe19-32c2-4064-994c-6020b0bb7a68@group-75CBC971D753: changes role from CANDIDATE to LEADER at term 1 for changeToLeader
2019-10-07 12:53:17,551 [a929fe19-32c2-4064-994c-6020b0bb7a68@group-75CBC971D753-LeaderElection33] INFO  impl.RaftServerImpl (ServerState.java:setLeader(255)) - a929fe19-32c2-4064-994c-6020b0bb7a68@group-75CBC971D753: change Leader from null to a929fe19-32c2-4064-994c-6020b0bb7a68 at term 1 for becomeLeader, leader elected after 5207ms
2019-10-07 12:53:17,551 [a929fe19-32c2-4064-994c-6020b0bb7a68@group-75CBC971D753-LeaderElection33] INFO  server.RaftServerConfigKeys (ConfUtils.java:logGet(43)) - raft.server.staging.catchup.gap = 1000 (default)
2019-10-07 12:53:17,551 [7741f835-7823-4120-ba15-da80b6525d1d@group-105F4042666B-LeaderElection32] INFO  impl.RaftServerImpl (ServerState.java:setRaftConf(356)) - 7741f835-7823-4120-ba15-da80b6525d1d@group-105F4042666B: set configuration 0: [786f91eb-928f-4402-89ae-1713a48bf1ef:192.168.151.100:34244, a929fe19-32c2-4064-994c-6020b0bb7a68:192.168.151.100:37470, 7741f835-7823-4120-ba15-da80b6525d1d:192.168.151.100:38490], old=null at 0
2019-10-07 12:53:17,551 [a929fe19-32c2-4064-994c-6020b0bb7a68@group-75CBC971D753-LeaderElection33] INFO  server.RaftServerConfigKeys (ConfUtils.java:logGet(43)) - raft.server.rpc.sleep.time = 25ms (default)
2019-10-07 12:53:17,579 [a929fe19-32c2-4064-994c-6020b0bb7a68@group-75CBC971D753-LeaderElection33] INFO  server.RaftServerConfigKeys (ConfUtils.java:logGet(43)) - raft.server.write.element-limit = 4096 (default)
2019-10-07 12:53:17,580 [a929fe19-32c2-4064-994c-6020b0bb7a68@group-75CBC971D753-LeaderElection33] INFO  server.RaftServerConfigKeys (ConfUtils.java:logGet(43)) - raft.server.watch.timeout = 10s (default)
2019-10-07 12:53:17,580 [a929fe19-32c2-4064-994c-6020b0bb7a68@group-75CBC971D753-LeaderElection33] INFO  server.RaftServerConfigKeys (ConfUtils.java:logGet(43)) - raft.server.watch.timeout.denomination = 1s (default)
2019-10-07 12:53:17,580 [a929fe19-32c2-4064-994c-6020b0bb7a68@group-75CBC971D753-LeaderElection33] INFO  server.RaftServerConfigKeys (ConfUtils.java:logGet(43)) - raft.server.watch.element-limit = 65536 (default)
2019-10-07 12:53:17,584 [7741f835-7823-4120-ba15-da80b6525d1d@group-105F4042666B-SegmentedRaftLogWorker] INFO  segmented.SegmentedRaftLogWorker (SegmentedRaftLogWorker.java:execute(574)) - 7741f835-7823-4120-ba15-da80b6525d1d@group-105F4042666B-SegmentedRaftLogWorker: created new log segment /workdir/hadoop-ozone/integration-test/target/test-dir/MiniOzoneClusterImpl-4feadec7-d447-476e-8398-86d62b3a4f14/datanode-0/data/ratis/485f1b3c-bc6e-4694-a404-105f4042666b/current/log_inprogress_0
2019-10-07 12:53:17,584 [grpc-default-executor-2] INFO  impl.RaftServerImpl (ServerState.java:setLeader(255)) - a929fe19-32c2-4064-994c-6020b0bb7a68@group-105F4042666B: change Leader from null to 7741f835-7823-4120-ba15-da80b6525d1d at term 1 for appendEntries, leader elected after 5123ms
2019-10-07 12:53:17,584 [grpc-default-executor-4] INFO  impl.RaftServerImpl (ServerState.java:setLeader(255)) - 786f91eb-928f-4402-89ae-1713a48bf1ef@group-105F4042666B: change Leader from null to 7741f835-7823-4120-ba15-da80b6525d1d at term 1 for appendEntries, leader elected after 5122ms
2019-10-07 12:53:17,585 [a929fe19-32c2-4064-994c-6020b0bb7a68@group-75CBC971D753-LeaderElection33] INFO  impl.RoleInfo (RoleInfo.java:updateAndGet(143)) - a929fe19-32c2-4064-994c-6020b0bb7a68: start LeaderState
2019-10-07 12:53:17,586 [a929fe19-32c2-4064-994c-6020b0bb7a68@group-75CBC971D753-LeaderElection33] INFO  segmented.SegmentedRaftLogWorker (SegmentedRaftLogWorker.java:startLogSegment(385)) - a929fe19-32c2-4064-994c-6020b0bb7a68@group-75CBC971D753-SegmentedRaftLogWorker: Starting segment from index:0
2019-10-07 12:53:17,587 [a929fe19-32c2-4064-994c-6020b0bb7a68@group-75CBC971D753-LeaderElection33] INFO  impl.RaftServerImpl (ServerState.java:setRaftConf(356)) - a929fe19-32c2-4064-994c-6020b0bb7a68@group-75CBC971D753: set configuration 0: [a929fe19-32c2-4064-994c-6020b0bb7a68:192.168.151.100:37470], old=null at 0
2019-10-07 12:53:17,587 [grpc-default-executor-4] INFO  impl.RaftServerImpl (ServerState.java:setRaftConf(356)) - 786f91eb-928f-4402-89ae-1713a48bf1ef@group-105F4042666B: set configuration 0: [786f91eb-928f-4402-89ae-1713a48bf1ef:192.168.151.100:34244, a929fe19-32c2-4064-994c-6020b0bb7a68:192.168.151.100:37470, 7741f835-7823-4120-ba15-da80b6525d1d:192.168.151.100:38490], old=null at 0
2019-10-07 12:53:17,588 [grpc-default-executor-4] INFO  segmented.SegmentedRaftLogWorker (SegmentedRaftLogWorker.java:startLogSegment(385)) - 786f91eb-928f-4402-89ae-1713a48bf1ef@group-105F4042666B-SegmentedRaftLogWorker: Starting segment from index:0
2019-10-07 12:53:17,588 [grpc-default-executor-2] INFO  impl.RaftServerImpl (ServerState.java:setRaftConf(356)) - a929fe19-32c2-4064-994c-6020b0bb7a68@group-105F4042666B: set configuration 0: [786f91eb-928f-4402-89ae-1713a48bf1ef:192.168.151.100:34244, a929fe19-32c2-4064-994c-6020b0bb7a68:192.168.151.100:37470, 7741f835-7823-4120-ba15-da80b6525d1d:192.168.151.100:38490], old=null at 0
2019-10-07 12:53:17,588 [grpc-default-executor-2] INFO  segmented.SegmentedRaftLogWorker (SegmentedRaftLogWorker.java:startLogSegment(385)) - a929fe19-32c2-4064-994c-6020b0bb7a68@group-105F4042666B-SegmentedRaftLogWorker: Starting segment from index:0
2019-10-07 12:53:17,595 [Thread-1471] INFO  impl.FollowerState (FollowerState.java:run(108)) - c7bb312f-90c8-4ea3-a8d2-22df60f629e5@group-6748CF49B59D-FollowerState: change to CANDIDATE, lastRpcTime:5063ms, electionTimeout:5063ms
2019-10-07 12:53:17,595 [Thread-1471] INFO  impl.RoleInfo (RoleInfo.java:shutdownFollowerState(121)) - c7bb312f-90c8-4ea3-a8d2-22df60f629e5: shutdown FollowerState
2019-10-07 12:53:17,595 [Thread-1471] INFO  impl.RaftServerImpl (RaftServerImpl.java:setRole(170)) - c7bb312f-90c8-4ea3-a8d2-22df60f629e5@group-6748CF49B59D: changes role from  FOLLOWER to CANDIDATE at term 0 for changeToCandidate
2019-10-07 12:53:17,595 [Thread-1471] INFO  impl.RoleInfo (RoleInfo.java:updateAndGet(143)) - c7bb312f-90c8-4ea3-a8d2-22df60f629e5: start LeaderElection
2019-10-07 12:53:17,629 [786f91eb-928f-4402-89ae-1713a48bf1ef@group-105F4042666B-SegmentedRaftLogWorker] INFO  segmented.SegmentedRaftLogWorker (SegmentedRaftLogWorker.java:execute(574)) - 786f91eb-928f-4402-89ae-1713a48bf1ef@group-105F4042666B-SegmentedRaftLogWorker: created new log segment /workdir/hadoop-ozone/integration-test/target/test-dir/MiniOzoneClusterImpl-4feadec7-d447-476e-8398-86d62b3a4f14/datanode-2/data/ratis/485f1b3c-bc6e-4694-a404-105f4042666b/current/log_inprogress_0
2019-10-07 12:53:17,629 [a929fe19-32c2-4064-994c-6020b0bb7a68@group-75CBC971D753-SegmentedRaftLogWorker] INFO  segmented.SegmentedRaftLogWorker (SegmentedRaftLogWorker.java:execute(574)) - a929fe19-32c2-4064-994c-6020b0bb7a68@group-75CBC971D753-SegmentedRaftLogWorker: created new log segment /workdir/hadoop-ozone/integration-test/target/test-dir/MiniOzoneClusterImpl-4feadec7-d447-476e-8398-86d62b3a4f14/datanode-1/data/ratis/5af6c8bf-7a0c-4dae-9b28-75cbc971d753/current/log_inprogress_0
2019-10-07 12:53:17,629 [c7bb312f-90c8-4ea3-a8d2-22df60f629e5@group-6748CF49B59D-LeaderElection34] INFO  impl.LeaderElection (LeaderElection.java:askForVotes(178)) - c7bb312f-90c8-4ea3-a8d2-22df60f629e5@group-6748CF49B59D-LeaderElection34: begin an election at term 1 for -1: [c7bb312f-90c8-4ea3-a8d2-22df60f629e5:192.168.151.100:39644], old=null
2019-10-07 12:53:17,629 [Thread-1474] INFO  impl.FollowerState (FollowerState.java:run(108)) - acf5e936-0c74-4611-aabc-462137e3cb2c@group-EF521DE5D685-FollowerState: change to CANDIDATE, lastRpcTime:5052ms, electionTimeout:5052ms
2019-10-07 12:53:17,629 [a929fe19-32c2-4064-994c-6020b0bb7a68@group-105F4042666B-SegmentedRaftLogWorker] INFO  segmented.SegmentedRaftLogWorker (SegmentedRaftLogWorker.java:execute(574)) - a929fe19-32c2-4064-994c-6020b0bb7a68@group-105F4042666B-SegmentedRaftLogWorker: created new log segment /workdir/hadoop-ozone/integration-test/target/test-dir/MiniOzoneClusterImpl-4feadec7-d447-476e-8398-86d62b3a4f14/datanode-1/data/ratis/485f1b3c-bc6e-4694-a404-105f4042666b/current/log_inprogress_0
2019-10-07 12:53:17,630 [Thread-1474] INFO  impl.RoleInfo (RoleInfo.java:shutdownFollowerState(121)) - acf5e936-0c74-4611-aabc-462137e3cb2c: shutdown FollowerState
2019-10-07 12:53:17,630 [c7bb312f-90c8-4ea3-a8d2-22df60f629e5@group-6748CF49B59D-LeaderElection34] INFO  impl.RoleInfo (RoleInfo.java:shutdownLeaderElection(134)) - c7bb312f-90c8-4ea3-a8d2-22df60f629e5: shutdown LeaderElection
2019-10-07 12:53:17,630 [Thread-1474] INFO  impl.RaftServerImpl (RaftServerImpl.java:setRole(170)) - acf5e936-0c74-4611-aabc-462137e3cb2c@group-EF521DE5D685: changes role from  FOLLOWER to CANDIDATE at term 0 for changeToCandidate
2019-10-07 12:53:17,630 [c7bb312f-90c8-4ea3-a8d2-22df60f629e5@group-6748CF49B59D-LeaderElection34] INFO  impl.RaftServerImpl (RaftServerImpl.java:setRole(170)) - c7bb312f-90c8-4ea3-a8d2-22df60f629e5@group-6748CF49B59D: changes role from CANDIDATE to LEADER at term 1 for changeToLeader
2019-10-07 12:53:17,630 [Thread-1474] INFO  impl.RoleInfo (RoleInfo.java:updateAndGet(143)) - acf5e936-0c74-4611-aabc-462137e3cb2c: start LeaderElection
2019-10-07 12:53:17,630 [c7bb312f-90c8-4ea3-a8d2-22df60f629e5@group-6748CF49B59D-LeaderElection34] INFO  impl.RaftServerImpl (ServerState.java:setLeader(255)) - c7bb312f-90c8-4ea3-a8d2-22df60f629e5@group-6748CF49B59D: change Leader from null to c7bb312f-90c8-4ea3-a8d2-22df60f629e5 at term 1 for becomeLeader, leader elected after 5104ms
2019-10-07 12:53:17,630 [c7bb312f-90c8-4ea3-a8d2-22df60f629e5@group-6748CF49B59D-LeaderElection34] INFO  server.RaftServerConfigKeys (ConfUtils.java:logGet(43)) - raft.server.staging.catchup.gap = 1000 (default)
2019-10-07 12:53:17,631 [c7bb312f-90c8-4ea3-a8d2-22df60f629e5@group-6748CF49B59D-LeaderElection34] INFO  server.RaftServerConfigKeys (ConfUtils.java:logGet(43)) - raft.server.rpc.sleep.time = 25ms (default)
2019-10-07 12:53:17,635 [c7bb312f-90c8-4ea3-a8d2-22df60f629e5@group-6748CF49B59D-LeaderElection34] INFO  server.RaftServerConfigKeys (ConfUtils.java:logGet(43)) - raft.server.write.element-limit = 4096 (default)
2019-10-07 12:53:17,635 [c7bb312f-90c8-4ea3-a8d2-22df60f629e5@group-6748CF49B59D-LeaderElection34] INFO  server.RaftServerConfigKeys (ConfUtils.java:logGet(43)) - raft.server.watch.timeout = 10s (default)
2019-10-07 12:53:17,635 [c7bb312f-90c8-4ea3-a8d2-22df60f629e5@group-6748CF49B59D-LeaderElection34] INFO  server.RaftServerConfigKeys (ConfUtils.java:logGet(43)) - raft.server.watch.timeout.denomination = 1s (default)
2019-10-07 12:53:17,635 [c7bb312f-90c8-4ea3-a8d2-22df60f629e5@group-6748CF49B59D-LeaderElection34] INFO  server.RaftServerConfigKeys (ConfUtils.java:logGet(43)) - raft.server.watch.element-limit = 65536 (default)
2019-10-07 12:53:17,637 [c7bb312f-90c8-4ea3-a8d2-22df60f629e5@group-6748CF49B59D-LeaderElection34] INFO  impl.RoleInfo (RoleInfo.java:updateAndGet(143)) - c7bb312f-90c8-4ea3-a8d2-22df60f629e5: start LeaderState
2019-10-07 12:53:17,637 [c7bb312f-90c8-4ea3-a8d2-22df60f629e5@group-6748CF49B59D-LeaderElection34] INFO  segmented.SegmentedRaftLogWorker (SegmentedRaftLogWorker.java:startLogSegment(385)) - c7bb312f-90c8-4ea3-a8d2-22df60f629e5@group-6748CF49B59D-SegmentedRaftLogWorker: Starting segment from index:0
2019-10-07 12:53:17,637 [c7bb312f-90c8-4ea3-a8d2-22df60f629e5@group-6748CF49B59D-LeaderElection34] INFO  impl.RaftServerImpl (ServerState.java:setRaftConf(356)) - c7bb312f-90c8-4ea3-a8d2-22df60f629e5@group-6748CF49B59D: set configuration 0: [c7bb312f-90c8-4ea3-a8d2-22df60f629e5:192.168.151.100:39644], old=null at 0
2019-10-07 12:53:17,638 [acf5e936-0c74-4611-aabc-462137e3cb2c@group-EF521DE5D685-LeaderElection35] INFO  impl.LeaderElection (LeaderElection.java:askForVotes(178)) - acf5e936-0c74-4611-aabc-462137e3cb2c@group-EF521DE5D685-LeaderElection35: begin an election at term 1 for -1: [acf5e936-0c74-4611-aabc-462137e3cb2c:192.168.151.100:45339], old=null
2019-10-07 12:53:17,639 [acf5e936-0c74-4611-aabc-462137e3cb2c@group-EF521DE5D685-LeaderElection35] INFO  impl.RoleInfo (RoleInfo.java:shutdownLeaderElection(134)) - acf5e936-0c74-4611-aabc-462137e3cb2c: shutdown LeaderElection
2019-10-07 12:53:17,639 [acf5e936-0c74-4611-aabc-462137e3cb2c@group-EF521DE5D685-LeaderElection35] INFO  impl.RaftServerImpl (RaftServerImpl.java:setRole(170)) - acf5e936-0c74-4611-aabc-462137e3cb2c@group-EF521DE5D685: changes role from CANDIDATE to LEADER at term 1 for changeToLeader
2019-10-07 12:53:17,639 [acf5e936-0c74-4611-aabc-462137e3cb2c@group-EF521DE5D685-LeaderElection35] INFO  impl.RaftServerImpl (ServerState.java:setLeader(255)) - acf5e936-0c74-4611-aabc-462137e3cb2c@group-EF521DE5D685: change Leader from null to acf5e936-0c74-4611-aabc-462137e3cb2c at term 1 for becomeLeader, leader elected after 5070ms
2019-10-07 12:53:17,639 [acf5e936-0c74-4611-aabc-462137e3cb2c@group-EF521DE5D685-LeaderElection35] INFO  server.RaftServerConfigKeys (ConfUtils.java:logGet(43)) - raft.server.staging.catchup.gap = 1000 (default)
2019-10-07 12:53:17,639 [acf5e936-0c74-4611-aabc-462137e3cb2c@group-EF521DE5D685-LeaderElection35] INFO  server.RaftServerConfigKeys (ConfUtils.java:logGet(43)) - raft.server.rpc.sleep.time = 25ms (default)
2019-10-07 12:53:17,640 [acf5e936-0c74-4611-aabc-462137e3cb2c@group-EF521DE5D685-LeaderElection35] INFO  server.RaftServerConfigKeys (ConfUtils.java:logGet(43)) - raft.server.write.element-limit = 4096 (default)
2019-10-07 12:53:17,640 [acf5e936-0c74-4611-aabc-462137e3cb2c@group-EF521DE5D685-LeaderElection35] INFO  server.RaftServerConfigKeys (ConfUtils.java:logGet(43)) - raft.server.watch.timeout = 10s (default)
2019-10-07 12:53:17,640 [acf5e936-0c74-4611-aabc-462137e3cb2c@group-EF521DE5D685-LeaderElection35] INFO  server.RaftServerConfigKeys (ConfUtils.java:logGet(43)) - raft.server.watch.timeout.denomination = 1s (default)
2019-10-07 12:53:17,640 [acf5e936-0c74-4611-aabc-462137e3cb2c@group-EF521DE5D685-LeaderElection35] INFO  server.RaftServerConfigKeys (ConfUtils.java:logGet(43)) - raft.server.watch.element-limit = 65536 (default)
2019-10-07 12:53:17,643 [acf5e936-0c74-4611-aabc-462137e3cb2c@group-EF521DE5D685-LeaderElection35] INFO  impl.RoleInfo (RoleInfo.java:updateAndGet(143)) - acf5e936-0c74-4611-aabc-462137e3cb2c: start LeaderState
2019-10-07 12:53:17,643 [acf5e936-0c74-4611-aabc-462137e3cb2c@group-EF521DE5D685-LeaderElection35] INFO  segmented.SegmentedRaftLogWorker (SegmentedRaftLogWorker.java:startLogSegment(385)) - acf5e936-0c74-4611-aabc-462137e3cb2c@group-EF521DE5D685-SegmentedRaftLogWorker: Starting segment from index:0
2019-10-07 12:53:17,643 [acf5e936-0c74-4611-aabc-462137e3cb2c@group-EF521DE5D685-LeaderElection35] INFO  impl.RaftServerImpl (ServerState.java:setRaftConf(356)) - acf5e936-0c74-4611-aabc-462137e3cb2c@group-EF521DE5D685: set configuration 0: [acf5e936-0c74-4611-aabc-462137e3cb2c:192.168.151.100:45339], old=null at 0
2019-10-07 12:53:17,680 [acf5e936-0c74-4611-aabc-462137e3cb2c@group-EF521DE5D685-SegmentedRaftLogWorker] INFO  segmented.SegmentedRaftLogWorker (SegmentedRaftLogWorker.java:execute(574)) - acf5e936-0c74-4611-aabc-462137e3cb2c@group-EF521DE5D685-SegmentedRaftLogWorker: created new log segment /workdir/hadoop-ozone/integration-test/target/test-dir/MiniOzoneClusterImpl-4feadec7-d447-476e-8398-86d62b3a4f14/datanode-4/data/ratis/42eec83f-ab20-4354-9ce4-ef521de5d685/current/log_inprogress_0
2019-10-07 12:53:17,680 [c7bb312f-90c8-4ea3-a8d2-22df60f629e5@group-6748CF49B59D-SegmentedRaftLogWorker] INFO  segmented.SegmentedRaftLogWorker (SegmentedRaftLogWorker.java:execute(574)) - c7bb312f-90c8-4ea3-a8d2-22df60f629e5@group-6748CF49B59D-SegmentedRaftLogWorker: created new log segment /workdir/hadoop-ozone/integration-test/target/test-dir/MiniOzoneClusterImpl-4feadec7-d447-476e-8398-86d62b3a4f14/datanode-3/data/ratis/c45b4b0a-726e-4376-99e2-6748cf49b59d/current/log_inprogress_0
2019-10-07 12:53:17,739 [Thread-1480] INFO  impl.FollowerState (FollowerState.java:run(108)) - 43d98e63-0113-493e-a7f1-645ee8b8ad5f@group-AB421884FC55-FollowerState: change to CANDIDATE, lastRpcTime:5041ms, electionTimeout:5041ms
2019-10-07 12:53:17,739 [Thread-1480] INFO  impl.RoleInfo (RoleInfo.java:shutdownFollowerState(121)) - 43d98e63-0113-493e-a7f1-645ee8b8ad5f: shutdown FollowerState
2019-10-07 12:53:17,739 [Thread-1480] INFO  impl.RaftServerImpl (RaftServerImpl.java:setRole(170)) - 43d98e63-0113-493e-a7f1-645ee8b8ad5f@group-AB421884FC55: changes role from  FOLLOWER to CANDIDATE at term 0 for changeToCandidate
2019-10-07 12:53:17,740 [Thread-1480] INFO  impl.RoleInfo (RoleInfo.java:updateAndGet(143)) - 43d98e63-0113-493e-a7f1-645ee8b8ad5f: start LeaderElection
2019-10-07 12:53:17,760 [43d98e63-0113-493e-a7f1-645ee8b8ad5f@group-AB421884FC55-LeaderElection36] INFO  impl.LeaderElection (LeaderElection.java:askForVotes(178)) - 43d98e63-0113-493e-a7f1-645ee8b8ad5f@group-AB421884FC55-LeaderElection36: begin an election at term 1 for -1: [43d98e63-0113-493e-a7f1-645ee8b8ad5f:192.168.151.100:42126], old=null
2019-10-07 12:53:17,760 [43d98e63-0113-493e-a7f1-645ee8b8ad5f@group-AB421884FC55-LeaderElection36] INFO  impl.RoleInfo (RoleInfo.java:shutdownLeaderElection(134)) - 43d98e63-0113-493e-a7f1-645ee8b8ad5f: shutdown LeaderElection
2019-10-07 12:53:17,760 [43d98e63-0113-493e-a7f1-645ee8b8ad5f@group-AB421884FC55-LeaderElection36] INFO  impl.RaftServerImpl (RaftServerImpl.java:setRole(170)) - 43d98e63-0113-493e-a7f1-645ee8b8ad5f@group-AB421884FC55: changes role from CANDIDATE to LEADER at term 1 for changeToLeader
2019-10-07 12:53:17,761 [43d98e63-0113-493e-a7f1-645ee8b8ad5f@group-AB421884FC55-LeaderElection36] INFO  impl.RaftServerImpl (ServerState.java:setLeader(255)) - 43d98e63-0113-493e-a7f1-645ee8b8ad5f@group-AB421884FC55: change Leader from null to 43d98e63-0113-493e-a7f1-645ee8b8ad5f at term 1 for becomeLeader, leader elected after 5070ms
2019-10-07 12:53:17,761 [43d98e63-0113-493e-a7f1-645ee8b8ad5f@group-AB421884FC55-LeaderElection36] INFO  server.RaftServerConfigKeys (ConfUtils.java:logGet(43)) - raft.server.staging.catchup.gap = 1000 (default)
2019-10-07 12:53:17,761 [43d98e63-0113-493e-a7f1-645ee8b8ad5f@group-AB421884FC55-LeaderElection36] INFO  server.RaftServerConfigKeys (ConfUtils.java:logGet(43)) - raft.server.rpc.sleep.time = 25ms (default)
2019-10-07 12:53:17,761 [43d98e63-0113-493e-a7f1-645ee8b8ad5f@group-AB421884FC55-LeaderElection36] INFO  server.RaftServerConfigKeys (ConfUtils.java:logGet(43)) - raft.server.write.element-limit = 4096 (default)
2019-10-07 12:53:17,761 [43d98e63-0113-493e-a7f1-645ee8b8ad5f@group-AB421884FC55-LeaderElection36] INFO  server.RaftServerConfigKeys (ConfUtils.java:logGet(43)) - raft.server.watch.timeout = 10s (default)
2019-10-07 12:53:17,761 [43d98e63-0113-493e-a7f1-645ee8b8ad5f@group-AB421884FC55-LeaderElection36] INFO  server.RaftServerConfigKeys (ConfUtils.java:logGet(43)) - raft.server.watch.timeout.denomination = 1s (default)
2019-10-07 12:53:17,762 [43d98e63-0113-493e-a7f1-645ee8b8ad5f@group-AB421884FC55-LeaderElection36] INFO  server.RaftServerConfigKeys (ConfUtils.java:logGet(43)) - raft.server.watch.element-limit = 65536 (default)
2019-10-07 12:53:17,764 [43d98e63-0113-493e-a7f1-645ee8b8ad5f@group-AB421884FC55-LeaderElection36] INFO  impl.RoleInfo (RoleInfo.java:updateAndGet(143)) - 43d98e63-0113-493e-a7f1-645ee8b8ad5f: start LeaderState
2019-10-07 12:53:17,764 [43d98e63-0113-493e-a7f1-645ee8b8ad5f@group-AB421884FC55-LeaderElection36] INFO  segmented.SegmentedRaftLogWorker (SegmentedRaftLogWorker.java:startLogSegment(385)) - 43d98e63-0113-493e-a7f1-645ee8b8ad5f@group-AB421884FC55-SegmentedRaftLogWorker: Starting segment from index:0
2019-10-07 12:53:17,765 [43d98e63-0113-493e-a7f1-645ee8b8ad5f@group-AB421884FC55-LeaderElection36] INFO  impl.RaftServerImpl (ServerState.java:setRaftConf(356)) - 43d98e63-0113-493e-a7f1-645ee8b8ad5f@group-AB421884FC55: set configuration 0: [43d98e63-0113-493e-a7f1-645ee8b8ad5f:192.168.151.100:42126], old=null at 0
2019-10-07 12:53:17,812 [Thread-1477] INFO  impl.FollowerState (FollowerState.java:run(108)) - 945959ea-d1ab-491b-81c1-772728ecc6fb@group-A3B8BAC164D0-FollowerState: change to CANDIDATE, lastRpcTime:5169ms, electionTimeout:5141ms
2019-10-07 12:53:17,812 [Thread-1477] INFO  impl.RoleInfo (RoleInfo.java:shutdownFollowerState(121)) - 945959ea-d1ab-491b-81c1-772728ecc6fb: shutdown FollowerState
2019-10-07 12:53:17,813 [Thread-1477] INFO  impl.RaftServerImpl (RaftServerImpl.java:setRole(170)) - 945959ea-d1ab-491b-81c1-772728ecc6fb@group-A3B8BAC164D0: changes role from  FOLLOWER to CANDIDATE at term 0 for changeToCandidate
2019-10-07 12:53:17,813 [Thread-1477] INFO  impl.RoleInfo (RoleInfo.java:updateAndGet(143)) - 945959ea-d1ab-491b-81c1-772728ecc6fb: start LeaderElection
2019-10-07 12:53:17,825 [43d98e63-0113-493e-a7f1-645ee8b8ad5f@group-AB421884FC55-SegmentedRaftLogWorker] INFO  segmented.SegmentedRaftLogWorker (SegmentedRaftLogWorker.java:execute(574)) - 43d98e63-0113-493e-a7f1-645ee8b8ad5f@group-AB421884FC55-SegmentedRaftLogWorker: created new log segment /workdir/hadoop-ozone/integration-test/target/test-dir/MiniOzoneClusterImpl-4feadec7-d447-476e-8398-86d62b3a4f14/datanode-6/data/ratis/1a533810-523b-4b79-9821-ab421884fc55/current/log_inprogress_0
2019-10-07 12:53:17,825 [945959ea-d1ab-491b-81c1-772728ecc6fb@group-A3B8BAC164D0-LeaderElection37] INFO  impl.LeaderElection (LeaderElection.java:askForVotes(178)) - 945959ea-d1ab-491b-81c1-772728ecc6fb@group-A3B8BAC164D0-LeaderElection37: begin an election at term 1 for -1: [945959ea-d1ab-491b-81c1-772728ecc6fb:192.168.151.100:36951], old=null
2019-10-07 12:53:17,826 [945959ea-d1ab-491b-81c1-772728ecc6fb@group-A3B8BAC164D0-LeaderElection37] INFO  impl.RoleInfo (RoleInfo.java:shutdownLeaderElection(134)) - 945959ea-d1ab-491b-81c1-772728ecc6fb: shutdown LeaderElection
2019-10-07 12:53:17,826 [945959ea-d1ab-491b-81c1-772728ecc6fb@group-A3B8BAC164D0-LeaderElection37] INFO  impl.RaftServerImpl (RaftServerImpl.java:setRole(170)) - 945959ea-d1ab-491b-81c1-772728ecc6fb@group-A3B8BAC164D0: changes role from CANDIDATE to LEADER at term 1 for changeToLeader
2019-10-07 12:53:17,826 [945959ea-d1ab-491b-81c1-772728ecc6fb@group-A3B8BAC164D0-LeaderElection37] INFO  impl.RaftServerImpl (ServerState.java:setLeader(255)) - 945959ea-d1ab-491b-81c1-772728ecc6fb@group-A3B8BAC164D0: change Leader from null to 945959ea-d1ab-491b-81c1-772728ecc6fb at term 1 for becomeLeader, leader elected after 5192ms
2019-10-07 12:53:17,826 [945959ea-d1ab-491b-81c1-772728ecc6fb@group-A3B8BAC164D0-LeaderElection37] INFO  server.RaftServerConfigKeys (ConfUtils.java:logGet(43)) - raft.server.staging.catchup.gap = 1000 (default)
2019-10-07 12:53:17,827 [945959ea-d1ab-491b-81c1-772728ecc6fb@group-A3B8BAC164D0-LeaderElection37] INFO  server.RaftServerConfigKeys (ConfUtils.java:logGet(43)) - raft.server.rpc.sleep.time = 25ms (default)
2019-10-07 12:53:17,827 [945959ea-d1ab-491b-81c1-772728ecc6fb@group-A3B8BAC164D0-LeaderElection37] INFO  server.RaftServerConfigKeys (ConfUtils.java:logGet(43)) - raft.server.write.element-limit = 4096 (default)
2019-10-07 12:53:17,827 [945959ea-d1ab-491b-81c1-772728ecc6fb@group-A3B8BAC164D0-LeaderElection37] INFO  server.RaftServerConfigKeys (ConfUtils.java:logGet(43)) - raft.server.watch.timeout = 10s (default)
2019-10-07 12:53:17,827 [945959ea-d1ab-491b-81c1-772728ecc6fb@group-A3B8BAC164D0-LeaderElection37] INFO  server.RaftServerConfigKeys (ConfUtils.java:logGet(43)) - raft.server.watch.timeout.denomination = 1s (default)
2019-10-07 12:53:17,827 [945959ea-d1ab-491b-81c1-772728ecc6fb@group-A3B8BAC164D0-LeaderElection37] INFO  server.RaftServerConfigKeys (ConfUtils.java:logGet(43)) - raft.server.watch.element-limit = 65536 (default)
2019-10-07 12:53:17,830 [945959ea-d1ab-491b-81c1-772728ecc6fb@group-A3B8BAC164D0-LeaderElection37] INFO  impl.RoleInfo (RoleInfo.java:updateAndGet(143)) - 945959ea-d1ab-491b-81c1-772728ecc6fb: start LeaderState
2019-10-07 12:53:17,830 [945959ea-d1ab-491b-81c1-772728ecc6fb@group-A3B8BAC164D0-LeaderElection37] INFO  segmented.SegmentedRaftLogWorker (SegmentedRaftLogWorker.java:startLogSegment(385)) - 945959ea-d1ab-491b-81c1-772728ecc6fb@group-A3B8BAC164D0-SegmentedRaftLogWorker: Starting segment from index:0
2019-10-07 12:53:17,831 [945959ea-d1ab-491b-81c1-772728ecc6fb@group-A3B8BAC164D0-LeaderElection37] INFO  impl.RaftServerImpl (ServerState.java:setRaftConf(356)) - 945959ea-d1ab-491b-81c1-772728ecc6fb@group-A3B8BAC164D0: set configuration 0: [945959ea-d1ab-491b-81c1-772728ecc6fb:192.168.151.100:36951], old=null at 0
2019-10-07 12:53:17,895 [945959ea-d1ab-491b-81c1-772728ecc6fb@group-A3B8BAC164D0-SegmentedRaftLogWorker] INFO  segmented.SegmentedRaftLogWorker (SegmentedRaftLogWorker.java:execute(574)) - 945959ea-d1ab-491b-81c1-772728ecc6fb@group-A3B8BAC164D0-SegmentedRaftLogWorker: created new log segment /workdir/hadoop-ozone/integration-test/target/test-dir/MiniOzoneClusterImpl-4feadec7-d447-476e-8398-86d62b3a4f14/datanode-5/data/ratis/d5e261e4-17cb-4dc7-87c7-a3b8bac164d0/current/log_inprogress_0
2019-10-07 12:53:17,917 [Thread-1486] INFO  impl.FollowerState (FollowerState.java:run(108)) - 945959ea-d1ab-491b-81c1-772728ecc6fb@group-89A124291B14-FollowerState: change to CANDIDATE, lastRpcTime:5156ms, electionTimeout:5156ms
2019-10-07 12:53:17,918 [Thread-1486] INFO  impl.RoleInfo (RoleInfo.java:shutdownFollowerState(121)) - 945959ea-d1ab-491b-81c1-772728ecc6fb: shutdown FollowerState
2019-10-07 12:53:17,918 [Thread-1486] INFO  impl.RaftServerImpl (RaftServerImpl.java:setRole(170)) - 945959ea-d1ab-491b-81c1-772728ecc6fb@group-89A124291B14: changes role from  FOLLOWER to CANDIDATE at term 0 for changeToCandidate
2019-10-07 12:53:17,918 [Thread-1486] INFO  impl.RoleInfo (RoleInfo.java:updateAndGet(143)) - 945959ea-d1ab-491b-81c1-772728ecc6fb: start LeaderElection
2019-10-07 12:53:17,925 [Thread-1489] INFO  impl.FollowerState (FollowerState.java:run(108)) - acf5e936-0c74-4611-aabc-462137e3cb2c@group-89A124291B14-FollowerState: change to CANDIDATE, lastRpcTime:5157ms, electionTimeout:5156ms
2019-10-07 12:53:17,926 [Thread-1489] INFO  impl.RoleInfo (RoleInfo.java:shutdownFollowerState(121)) - acf5e936-0c74-4611-aabc-462137e3cb2c: shutdown FollowerState
2019-10-07 12:53:17,926 [Thread-1489] INFO  impl.RaftServerImpl (RaftServerImpl.java:setRole(170)) - acf5e936-0c74-4611-aabc-462137e3cb2c@group-89A124291B14: changes role from  FOLLOWER to CANDIDATE at term 0 for changeToCandidate
2019-10-07 12:53:17,926 [Thread-1489] INFO  impl.RoleInfo (RoleInfo.java:updateAndGet(143)) - acf5e936-0c74-4611-aabc-462137e3cb2c: start LeaderElection
2019-10-07 12:53:17,943 [Thread-1484] INFO  impl.FollowerState (FollowerState.java:run(108)) - c7bb312f-90c8-4ea3-a8d2-22df60f629e5@group-89A124291B14-FollowerState: change to CANDIDATE, lastRpcTime:5183ms, electionTimeout:5183ms
2019-10-07 12:53:17,944 [Thread-1484] INFO  impl.RoleInfo (RoleInfo.java:shutdownFollowerState(121)) - c7bb312f-90c8-4ea3-a8d2-22df60f629e5: shutdown FollowerState
2019-10-07 12:53:17,944 [Thread-1484] INFO  impl.RaftServerImpl (RaftServerImpl.java:setRole(170)) - c7bb312f-90c8-4ea3-a8d2-22df60f629e5@group-89A124291B14: changes role from  FOLLOWER to CANDIDATE at term 0 for changeToCandidate
2019-10-07 12:53:17,944 [Thread-1484] INFO  impl.RoleInfo (RoleInfo.java:updateAndGet(143)) - c7bb312f-90c8-4ea3-a8d2-22df60f629e5: start LeaderElection
2019-10-07 12:53:17,949 [945959ea-d1ab-491b-81c1-772728ecc6fb@group-89A124291B14-LeaderElection38] INFO  impl.LeaderElection (LeaderElection.java:askForVotes(178)) - 945959ea-d1ab-491b-81c1-772728ecc6fb@group-89A124291B14-LeaderElection38: begin an election at term 1 for -1: [c7bb312f-90c8-4ea3-a8d2-22df60f629e5:192.168.151.100:39644, 945959ea-d1ab-491b-81c1-772728ecc6fb:192.168.151.100:36951, acf5e936-0c74-4611-aabc-462137e3cb2c:192.168.151.100:45339], old=null
2019-10-07 12:53:17,949 [acf5e936-0c74-4611-aabc-462137e3cb2c@group-89A124291B14-LeaderElection39] INFO  impl.LeaderElection (LeaderElection.java:askForVotes(178)) - acf5e936-0c74-4611-aabc-462137e3cb2c@group-89A124291B14-LeaderElection39: begin an election at term 1 for -1: [c7bb312f-90c8-4ea3-a8d2-22df60f629e5:192.168.151.100:39644, 945959ea-d1ab-491b-81c1-772728ecc6fb:192.168.151.100:36951, acf5e936-0c74-4611-aabc-462137e3cb2c:192.168.151.100:45339], old=null
2019-10-07 12:53:17,960 [c7bb312f-90c8-4ea3-a8d2-22df60f629e5@group-89A124291B14-LeaderElection40] INFO  impl.LeaderElection (LeaderElection.java:askForVotes(178)) - c7bb312f-90c8-4ea3-a8d2-22df60f629e5@group-89A124291B14-LeaderElection40: begin an election at term 1 for -1: [c7bb312f-90c8-4ea3-a8d2-22df60f629e5:192.168.151.100:39644, 945959ea-d1ab-491b-81c1-772728ecc6fb:192.168.151.100:36951, acf5e936-0c74-4611-aabc-462137e3cb2c:192.168.151.100:45339], old=null
2019-10-07 12:53:17,963 [acf5e936-0c74-4611-aabc-462137e3cb2c@group-89A124291B14-LeaderElection39] INFO  impl.LeaderElection (LeaderElection.java:logAndReturn(56)) - acf5e936-0c74-4611-aabc-462137e3cb2c@group-89A124291B14-LeaderElection39: Election REJECTED; received 2 response(s) [acf5e936-0c74-4611-aabc-462137e3cb2c<-c7bb312f-90c8-4ea3-a8d2-22df60f629e5#0:FAIL-t1, acf5e936-0c74-4611-aabc-462137e3cb2c<-945959ea-d1ab-491b-81c1-772728ecc6fb#0:FAIL-t1] and 0 exception(s); acf5e936-0c74-4611-aabc-462137e3cb2c@group-89A124291B14:t1, leader=null, voted=acf5e936-0c74-4611-aabc-462137e3cb2c, raftlog=acf5e936-0c74-4611-aabc-462137e3cb2c@group-89A124291B14-SegmentedRaftLog:OPENED:c-1,f-1,i0, conf=-1: [c7bb312f-90c8-4ea3-a8d2-22df60f629e5:192.168.151.100:39644, 945959ea-d1ab-491b-81c1-772728ecc6fb:192.168.151.100:36951, acf5e936-0c74-4611-aabc-462137e3cb2c:192.168.151.100:45339], old=null
2019-10-07 12:53:17,964 [acf5e936-0c74-4611-aabc-462137e3cb2c@group-89A124291B14-LeaderElection39] INFO  impl.RaftServerImpl (RaftServerImpl.java:setRole(170)) - acf5e936-0c74-4611-aabc-462137e3cb2c@group-89A124291B14: changes role from CANDIDATE to FOLLOWER at term 1 for DISCOVERED_A_NEW_TERM
2019-10-07 12:53:17,966 [acf5e936-0c74-4611-aabc-462137e3cb2c@group-89A124291B14-LeaderElection39] INFO  impl.RoleInfo (RoleInfo.java:shutdownLeaderElection(134)) - acf5e936-0c74-4611-aabc-462137e3cb2c: shutdown LeaderElection
2019-10-07 12:53:17,966 [acf5e936-0c74-4611-aabc-462137e3cb2c@group-89A124291B14-LeaderElection39] INFO  impl.RoleInfo (RoleInfo.java:updateAndGet(143)) - acf5e936-0c74-4611-aabc-462137e3cb2c: start FollowerState
2019-10-07 12:53:17,966 [945959ea-d1ab-491b-81c1-772728ecc6fb@group-89A124291B14-LeaderElection38] INFO  impl.LeaderElection (LeaderElection.java:logAndReturn(56)) - 945959ea-d1ab-491b-81c1-772728ecc6fb@group-89A124291B14-LeaderElection38: Election REJECTED; received 2 response(s) [945959ea-d1ab-491b-81c1-772728ecc6fb<-c7bb312f-90c8-4ea3-a8d2-22df60f629e5#0:FAIL-t1, 945959ea-d1ab-491b-81c1-772728ecc6fb<-acf5e936-0c74-4611-aabc-462137e3cb2c#0:FAIL-t1] and 0 exception(s); 945959ea-d1ab-491b-81c1-772728ecc6fb@group-89A124291B14:t1, leader=null, voted=945959ea-d1ab-491b-81c1-772728ecc6fb, raftlog=945959ea-d1ab-491b-81c1-772728ecc6fb@group-89A124291B14-SegmentedRaftLog:OPENED:c-1,f-1,i0, conf=-1: [c7bb312f-90c8-4ea3-a8d2-22df60f629e5:192.168.151.100:39644, 945959ea-d1ab-491b-81c1-772728ecc6fb:192.168.151.100:36951, acf5e936-0c74-4611-aabc-462137e3cb2c:192.168.151.100:45339], old=null
2019-10-07 12:53:17,969 [945959ea-d1ab-491b-81c1-772728ecc6fb@group-89A124291B14-LeaderElection38] INFO  impl.RaftServerImpl (RaftServerImpl.java:setRole(170)) - 945959ea-d1ab-491b-81c1-772728ecc6fb@group-89A124291B14: changes role from CANDIDATE to FOLLOWER at term 1 for DISCOVERED_A_NEW_TERM
2019-10-07 12:53:17,969 [945959ea-d1ab-491b-81c1-772728ecc6fb@group-89A124291B14-LeaderElection38] INFO  impl.RoleInfo (RoleInfo.java:shutdownLeaderElection(134)) - 945959ea-d1ab-491b-81c1-772728ecc6fb: shutdown LeaderElection
2019-10-07 12:53:17,971 [945959ea-d1ab-491b-81c1-772728ecc6fb@group-89A124291B14-LeaderElection38] INFO  impl.RoleInfo (RoleInfo.java:updateAndGet(143)) - 945959ea-d1ab-491b-81c1-772728ecc6fb: start FollowerState
2019-10-07 12:53:17,977 [c7bb312f-90c8-4ea3-a8d2-22df60f629e5@group-89A124291B14-LeaderElection40] INFO  impl.LeaderElection (LeaderElection.java:logAndReturn(56)) - c7bb312f-90c8-4ea3-a8d2-22df60f629e5@group-89A124291B14-LeaderElection40: Election REJECTED; received 2 response(s) [c7bb312f-90c8-4ea3-a8d2-22df60f629e5<-945959ea-d1ab-491b-81c1-772728ecc6fb#0:FAIL-t1, c7bb312f-90c8-4ea3-a8d2-22df60f629e5<-acf5e936-0c74-4611-aabc-462137e3cb2c#0:FAIL-t1] and 0 exception(s); c7bb312f-90c8-4ea3-a8d2-22df60f629e5@group-89A124291B14:t1, leader=null, voted=c7bb312f-90c8-4ea3-a8d2-22df60f629e5, raftlog=c7bb312f-90c8-4ea3-a8d2-22df60f629e5@group-89A124291B14-SegmentedRaftLog:OPENED:c-1,f-1,i0, conf=-1: [c7bb312f-90c8-4ea3-a8d2-22df60f629e5:192.168.151.100:39644, 945959ea-d1ab-491b-81c1-772728ecc6fb:192.168.151.100:36951, acf5e936-0c74-4611-aabc-462137e3cb2c:192.168.151.100:45339], old=null
2019-10-07 12:53:17,979 [c7bb312f-90c8-4ea3-a8d2-22df60f629e5@group-89A124291B14-LeaderElection40] INFO  impl.RaftServerImpl (RaftServerImpl.java:setRole(170)) - c7bb312f-90c8-4ea3-a8d2-22df60f629e5@group-89A124291B14: changes role from CANDIDATE to FOLLOWER at term 1 for DISCOVERED_A_NEW_TERM
2019-10-07 12:53:17,979 [c7bb312f-90c8-4ea3-a8d2-22df60f629e5@group-89A124291B14-LeaderElection40] INFO  impl.RoleInfo (RoleInfo.java:shutdownLeaderElection(134)) - c7bb312f-90c8-4ea3-a8d2-22df60f629e5: shutdown LeaderElection
2019-10-07 12:53:17,979 [c7bb312f-90c8-4ea3-a8d2-22df60f629e5@group-89A124291B14-LeaderElection40] INFO  impl.RoleInfo (RoleInfo.java:updateAndGet(143)) - c7bb312f-90c8-4ea3-a8d2-22df60f629e5: start FollowerState
2019-10-07 12:53:18,987 [Datanode State Machine Thread - 0] INFO  statemachine.DatanodeStateMachine (DatanodeStateMachine.java:lambda$startDaemon$0(350)) - Ozone container server started.
2019-10-07 12:53:22,996 [main] INFO  ozoneimpl.OzoneContainer (OzoneContainer.java:stop(231)) - Attempting to stop container services.
2019-10-07 12:53:22,997 [main] INFO  impl.RaftServerProxy (RaftServerProxy.java:lambda$close$4(314)) - 786f91eb-928f-4402-89ae-1713a48bf1ef: close
2019-10-07 12:53:22,998 [main] INFO  impl.RaftServerImpl (RaftServerImpl.java:lambda$shutdown$3(247)) - 786f91eb-928f-4402-89ae-1713a48bf1ef@group-0AD706F46188: shutdown
2019-10-07 12:53:22,998 [ForkJoinPool.commonPool-worker-1] INFO  impl.RaftServerImpl (RaftServerImpl.java:lambda$shutdown$3(247)) - 786f91eb-928f-4402-89ae-1713a48bf1ef@group-105F4042666B: shutdown
2019-10-07 12:53:22,999 [main] INFO  util.JmxRegister (JmxRegister.java:unregister(73)) - Successfully un-registered JMX Bean with object name Ratis:service=RaftServer,group=group-0AD706F46188,id=786f91eb-928f-4402-89ae-1713a48bf1ef
2019-10-07 12:53:22,999 [ForkJoinPool.commonPool-worker-1] INFO  util.JmxRegister (JmxRegister.java:unregister(73)) - Successfully un-registered JMX Bean with object name Ratis:service=RaftServer,group=group-105F4042666B,id=786f91eb-928f-4402-89ae-1713a48bf1ef
2019-10-07 12:53:22,999 [main] INFO  impl.RoleInfo (RoleInfo.java:shutdownLeaderState(104)) - 786f91eb-928f-4402-89ae-1713a48bf1ef: shutdown LeaderState
2019-10-07 12:53:23,000 [ForkJoinPool.commonPool-worker-1] INFO  impl.RoleInfo (RoleInfo.java:shutdownFollowerState(121)) - 786f91eb-928f-4402-89ae-1713a48bf1ef: shutdown FollowerState
2019-10-07 12:53:23,000 [main] INFO  impl.PendingRequests (PendingRequests.java:sendNotLeaderResponses(202)) - 786f91eb-928f-4402-89ae-1713a48bf1ef@group-0AD706F46188-PendingRequests: sendNotLeaderResponses
2019-10-07 12:53:23,000 [786f91eb-928f-4402-89ae-1713a48bf1ef@group-105F4042666B-StateMachineUpdater] INFO  ratis.ContainerStateMachine (ContainerStateMachine.java:takeSnapshot(294)) - group-105F4042666B: Taking a snapshot at:(t:1, i:1) file /workdir/hadoop-ozone/integration-test/target/test-dir/MiniOzoneClusterImpl-4feadec7-d447-476e-8398-86d62b3a4f14/datanode-2/data/ratis/485f1b3c-bc6e-4694-a404-105f4042666b/sm/snapshot.1_1
2019-10-07 12:53:23,000 [Thread-1510] INFO  impl.FollowerState (FollowerState.java:run(117)) - 786f91eb-928f-4402-89ae-1713a48bf1ef@group-105F4042666B-FollowerState was interrupted: java.lang.InterruptedException: sleep interrupted
2019-10-07 12:53:23,000 [ForkJoinPool.commonPool-worker-1] INFO  impl.StateMachineUpdater (StateMachineUpdater.java:stopAndJoin(136)) - 786f91eb-928f-4402-89ae-1713a48bf1ef@group-105F4042666B-StateMachineUpdater: set stopIndex = 2
2019-10-07 12:53:23,001 [main] INFO  impl.StateMachineUpdater (StateMachineUpdater.java:stopAndJoin(136)) - 786f91eb-928f-4402-89ae-1713a48bf1ef@group-0AD706F46188-StateMachineUpdater: set stopIndex = 0
2019-10-07 12:53:23,002 [main] INFO  impl.RaftServerImpl (ServerState.java:close(387)) - 786f91eb-928f-4402-89ae-1713a48bf1ef@group-0AD706F46188: closes. applyIndex: 0
2019-10-07 12:53:23,002 [786f91eb-928f-4402-89ae-1713a48bf1ef@group-0AD706F46188-SegmentedRaftLogWorker] INFO  segmented.SegmentedRaftLogWorker (SegmentedRaftLogWorker.java:run(316)) - 786f91eb-928f-4402-89ae-1713a48bf1ef@group-0AD706F46188-SegmentedRaftLogWorker was interrupted, exiting. There are 0 tasks remaining in the queue.
2019-10-07 12:53:23,006 [main] INFO  segmented.SegmentedRaftLogWorker (SegmentedRaftLogWorker.java:close(224)) - 786f91eb-928f-4402-89ae-1713a48bf1ef@group-0AD706F46188-SegmentedRaftLogWorker close()
2019-10-07 12:53:23,014 [786f91eb-928f-4402-89ae-1713a48bf1ef@group-105F4042666B-StateMachineUpdater] INFO  ratis.ContainerStateMachine (ContainerStateMachine.java:takeSnapshot(305)) - group-105F4042666B: Finished taking a snapshot at:(t:1, i:1) file:/workdir/hadoop-ozone/integration-test/target/test-dir/MiniOzoneClusterImpl-4feadec7-d447-476e-8398-86d62b3a4f14/datanode-2/data/ratis/485f1b3c-bc6e-4694-a404-105f4042666b/sm/snapshot.1_1 time:14
2019-10-07 12:53:23,015 [786f91eb-928f-4402-89ae-1713a48bf1ef@group-105F4042666B-StateMachineUpdater] INFO  impl.StateMachineUpdater (StateMachineUpdater.java:takeSnapshot(269)) - 786f91eb-928f-4402-89ae-1713a48bf1ef@group-105F4042666B-StateMachineUpdater: Took a snapshot at index 1
2019-10-07 12:53:23,015 [786f91eb-928f-4402-89ae-1713a48bf1ef@group-105F4042666B-StateMachineUpdater] INFO  impl.StateMachineUpdater (StateMachineUpdater.java:lambda$new$0(84)) - 786f91eb-928f-4402-89ae-1713a48bf1ef@group-105F4042666B-StateMachineUpdater: snapshotIndex: updateIncreasingly -1 -> 1
2019-10-07 12:53:23,016 [786f91eb-928f-4402-89ae-1713a48bf1ef@group-105F4042666B-StateMachineUpdater] INFO  ratis.ContainerStateMachine (ContainerStateMachine.java:takeSnapshot(294)) - group-105F4042666B: Taking a snapshot at:(t:1, i:1) file /workdir/hadoop-ozone/integration-test/target/test-dir/MiniOzoneClusterImpl-4feadec7-d447-476e-8398-86d62b3a4f14/datanode-2/data/ratis/485f1b3c-bc6e-4694-a404-105f4042666b/sm/snapshot.1_1
2019-10-07 12:53:23,028 [786f91eb-928f-4402-89ae-1713a48bf1ef@group-105F4042666B-StateMachineUpdater] INFO  ratis.ContainerStateMachine (ContainerStateMachine.java:takeSnapshot(305)) - group-105F4042666B: Finished taking a snapshot at:(t:1, i:1) file:/workdir/hadoop-ozone/integration-test/target/test-dir/MiniOzoneClusterImpl-4feadec7-d447-476e-8398-86d62b3a4f14/datanode-2/data/ratis/485f1b3c-bc6e-4694-a404-105f4042666b/sm/snapshot.1_1 time:13
2019-10-07 12:53:23,028 [786f91eb-928f-4402-89ae-1713a48bf1ef@group-105F4042666B-StateMachineUpdater] INFO  impl.StateMachineUpdater (StateMachineUpdater.java:takeSnapshot(269)) - 786f91eb-928f-4402-89ae-1713a48bf1ef@group-105F4042666B-StateMachineUpdater: Took a snapshot at index 1
2019-10-07 12:53:23,029 [786f91eb-928f-4402-89ae-1713a48bf1ef@group-105F4042666B-StateMachineUpdater] INFO  impl.StateMachineUpdater (StateMachineUpdater.java:lambda$new$0(84)) - 786f91eb-928f-4402-89ae-1713a48bf1ef@group-105F4042666B-StateMachineUpdater: snapshotIndex: updateIncreasingly 1 -> 1
2019-10-07 12:53:23,029 [ForkJoinPool.commonPool-worker-1] INFO  impl.RaftServerImpl (ServerState.java:close(387)) - 786f91eb-928f-4402-89ae-1713a48bf1ef@group-105F4042666B: closes. applyIndex: 2
2019-10-07 12:53:23,029 [786f91eb-928f-4402-89ae-1713a48bf1ef@group-105F4042666B-SegmentedRaftLogWorker] INFO  segmented.SegmentedRaftLogWorker (SegmentedRaftLogWorker.java:run(316)) - 786f91eb-928f-4402-89ae-1713a48bf1ef@group-105F4042666B-SegmentedRaftLogWorker was interrupted, exiting. There are 0 tasks remaining in the queue.
2019-10-07 12:53:23,032 [ForkJoinPool.commonPool-worker-1] INFO  segmented.SegmentedRaftLogWorker (SegmentedRaftLogWorker.java:close(224)) - 786f91eb-928f-4402-89ae-1713a48bf1ef@group-105F4042666B-SegmentedRaftLogWorker close()
2019-10-07 12:53:23,037 [main] INFO  server.GrpcService (GrpcService.java:closeImpl(164)) - 786f91eb-928f-4402-89ae-1713a48bf1ef: shutdown server with port 34244 now
2019-10-07 12:53:23,039 [grpc-default-executor-0] WARN  server.GrpcServerProtocolService (LogUtils.java:warn(134)) - 786f91eb-928f-4402-89ae-1713a48bf1ef: installSnapshot onError, lastRequest: 7741f835-7823-4120-ba15-da80b6525d1d->786f91eb-928f-4402-89ae-1713a48bf1ef#5-t1, previous=(t:1, i:2), leaderCommit=2, initializing? false, entries: <empty>: org.apache.ratis.thirdparty.io.grpc.StatusRuntimeException: CANCELLED: cancelled before receiving half close
2019-10-07 12:53:23,039 [grpc-default-executor-5] WARN  server.GrpcLogAppender (LogUtils.java:warn(134)) - 7741f835-7823-4120-ba15-da80b6525d1d@group-105F4042666B->786f91eb-928f-4402-89ae-1713a48bf1ef-AppendLogResponseHandler: Failed appendEntries: org.apache.ratis.thirdparty.io.grpc.StatusRuntimeException: CANCELLED: HTTP/2 error code: CANCEL
Received Rst Stream
2019-10-07 12:53:23,039 [main] INFO  server.GrpcService (GrpcService.java:closeImpl(172)) - 786f91eb-928f-4402-89ae-1713a48bf1ef: shutdown server with port 34244 successfully
2019-10-07 12:53:23,039 [grpc-default-executor-5] INFO  impl.FollowerInfo (FollowerInfo.java:lambda$new$0(51)) - 7741f835-7823-4120-ba15-da80b6525d1d@group-105F4042666B->786f91eb-928f-4402-89ae-1713a48bf1ef: nextIndex: updateUnconditionally 3 -> 2
2019-10-07 12:53:23,041 [refreshUsed-/workdir/hadoop-ozone/integration-test/target/test-dir/MiniOzoneClusterImpl-4feadec7-d447-476e-8398-86d62b3a4f14/datanode-2/data/containers] WARN  fs.CachingGetSpaceUsed (CachingGetSpaceUsed.java:run(183)) - Thread Interrupted waiting to refresh disk information: sleep interrupted
2019-10-07 12:53:23,059 [main] INFO  utils.BackgroundService (BackgroundService.java:shutdown(148)) - Shutting down service BlockDeletingService
2019-10-07 12:53:23,068 [main] INFO  statemachine.DatanodeStateMachine (DatanodeStateMachine.java:stopDaemon(395)) - Ozone container server stopped.
2019-10-07 12:53:23,069 [main] INFO  handler.ContextHandler (ContextHandler.java:doStop(910)) - Stopped o.e.j.w.WebAppContext@4cb957b8{/,null,UNAVAILABLE}{/hddsDatanode}
2019-10-07 12:53:23,070 [main] INFO  server.AbstractConnector (AbstractConnector.java:doStop(318)) - Stopped ServerConnector@3cdc7b09{HTTP/1.1,[http/1.1]}{0.0.0.0:0}
2019-10-07 12:53:23,070 [main] INFO  handler.ContextHandler (ContextHandler.java:doStop(910)) - Stopped o.e.j.s.ServletContextHandler@7186b202{/static,jar:file:/home/user/.m2/repository/org/apache/hadoop/hadoop-hdds-container-service/0.5.0-SNAPSHOT/hadoop-hdds-container-service-0.5.0-SNAPSHOT.jar!/webapps/static,UNAVAILABLE}
2019-10-07 12:53:23,071 [main] INFO  handler.ContextHandler (ContextHandler.java:doStop(910)) - Stopped o.e.j.s.ServletContextHandler@e700eba{/logs,file:///workdir/hadoop-ozone/integration-test/target/log,UNAVAILABLE}
2019-10-07 12:53:23,147 [Thread-1548] INFO  impl.FollowerState (FollowerState.java:run(108)) - acf5e936-0c74-4611-aabc-462137e3cb2c@group-89A124291B14-FollowerState: change to CANDIDATE, lastRpcTime:5180ms, electionTimeout:5178ms
2019-10-07 12:53:23,147 [Thread-1548] INFO  impl.RoleInfo (RoleInfo.java:shutdownFollowerState(121)) - acf5e936-0c74-4611-aabc-462137e3cb2c: shutdown FollowerState
2019-10-07 12:53:23,147 [Thread-1548] INFO  impl.RaftServerImpl (RaftServerImpl.java:setRole(170)) - acf5e936-0c74-4611-aabc-462137e3cb2c@group-89A124291B14: changes role from  FOLLOWER to CANDIDATE at term 1 for changeToCandidate
2019-10-07 12:53:23,147 [Thread-1548] INFO  impl.RoleInfo (RoleInfo.java:updateAndGet(143)) - acf5e936-0c74-4611-aabc-462137e3cb2c: start LeaderElection
2019-10-07 12:53:23,156 [Thread-1550] INFO  impl.FollowerState (FollowerState.java:run(108)) - c7bb312f-90c8-4ea3-a8d2-22df60f629e5@group-89A124291B14-FollowerState: change to CANDIDATE, lastRpcTime:5176ms, electionTimeout:5176ms
2019-10-07 12:53:23,156 [Thread-1550] INFO  impl.RoleInfo (RoleInfo.java:shutdownFollowerState(121)) - c7bb312f-90c8-4ea3-a8d2-22df60f629e5: shutdown FollowerState
2019-10-07 12:53:23,156 [Thread-1550] INFO  impl.RaftServerImpl (RaftServerImpl.java:setRole(170)) - c7bb312f-90c8-4ea3-a8d2-22df60f629e5@group-89A124291B14: changes role from  FOLLOWER to CANDIDATE at term 1 for changeToCandidate
2019-10-07 12:53:23,156 [Thread-1550] INFO  impl.RoleInfo (RoleInfo.java:updateAndGet(143)) - c7bb312f-90c8-4ea3-a8d2-22df60f629e5: start LeaderElection
2019-10-07 12:53:23,159 [Thread-1549] INFO  impl.FollowerState (FollowerState.java:run(108)) - 945959ea-d1ab-491b-81c1-772728ecc6fb@group-89A124291B14-FollowerState: change to CANDIDATE, lastRpcTime:5188ms, electionTimeout:5188ms
2019-10-07 12:53:23,159 [Thread-1549] INFO  impl.RoleInfo (RoleInfo.java:shutdownFollowerState(121)) - 945959ea-d1ab-491b-81c1-772728ecc6fb: shutdown FollowerState
2019-10-07 12:53:23,159 [Thread-1549] INFO  impl.RaftServerImpl (RaftServerImpl.java:setRole(170)) - 945959ea-d1ab-491b-81c1-772728ecc6fb@group-89A124291B14: changes role from  FOLLOWER to CANDIDATE at term 1 for changeToCandidate
2019-10-07 12:53:23,160 [Thread-1549] INFO  impl.RoleInfo (RoleInfo.java:updateAndGet(143)) - 945959ea-d1ab-491b-81c1-772728ecc6fb: start LeaderElection
2019-10-07 12:53:23,162 [acf5e936-0c74-4611-aabc-462137e3cb2c@group-89A124291B14-LeaderElection41] INFO  impl.LeaderElection (LeaderElection.java:askForVotes(178)) - acf5e936-0c74-4611-aabc-462137e3cb2c@group-89A124291B14-LeaderElection41: begin an election at term 2 for -1: [c7bb312f-90c8-4ea3-a8d2-22df60f629e5:192.168.151.100:39644, 945959ea-d1ab-491b-81c1-772728ecc6fb:192.168.151.100:36951, acf5e936-0c74-4611-aabc-462137e3cb2c:192.168.151.100:45339], old=null
2019-10-07 12:53:23,162 [c7bb312f-90c8-4ea3-a8d2-22df60f629e5@group-89A124291B14-LeaderElection42] INFO  impl.LeaderElection (LeaderElection.java:askForVotes(178)) - c7bb312f-90c8-4ea3-a8d2-22df60f629e5@group-89A124291B14-LeaderElection42: begin an election at term 2 for -1: [c7bb312f-90c8-4ea3-a8d2-22df60f629e5:192.168.151.100:39644, 945959ea-d1ab-491b-81c1-772728ecc6fb:192.168.151.100:36951, acf5e936-0c74-4611-aabc-462137e3cb2c:192.168.151.100:45339], old=null
2019-10-07 12:53:23,164 [945959ea-d1ab-491b-81c1-772728ecc6fb@group-89A124291B14-LeaderElection43] INFO  impl.LeaderElection (LeaderElection.java:askForVotes(178)) - 945959ea-d1ab-491b-81c1-772728ecc6fb@group-89A124291B14-LeaderElection43: begin an election at term 2 for -1: [c7bb312f-90c8-4ea3-a8d2-22df60f629e5:192.168.151.100:39644, 945959ea-d1ab-491b-81c1-772728ecc6fb:192.168.151.100:36951, acf5e936-0c74-4611-aabc-462137e3cb2c:192.168.151.100:45339], old=null
2019-10-07 12:53:23,166 [c7bb312f-90c8-4ea3-a8d2-22df60f629e5@group-89A124291B14-LeaderElection42] INFO  impl.LeaderElection (LeaderElection.java:logAndReturn(56)) - c7bb312f-90c8-4ea3-a8d2-22df60f629e5@group-89A124291B14-LeaderElection42: Election REJECTED; received 2 response(s) [c7bb312f-90c8-4ea3-a8d2-22df60f629e5<-945959ea-d1ab-491b-81c1-772728ecc6fb#0:FAIL-t2, c7bb312f-90c8-4ea3-a8d2-22df60f629e5<-acf5e936-0c74-4611-aabc-462137e3cb2c#0:FAIL-t2] and 0 exception(s); c7bb312f-90c8-4ea3-a8d2-22df60f629e5@group-89A124291B14:t2, leader=null, voted=c7bb312f-90c8-4ea3-a8d2-22df60f629e5, raftlog=c7bb312f-90c8-4ea3-a8d2-22df60f629e5@group-89A124291B14-SegmentedRaftLog:OPENED:c-1,f-1,i0, conf=-1: [c7bb312f-90c8-4ea3-a8d2-22df60f629e5:192.168.151.100:39644, 945959ea-d1ab-491b-81c1-772728ecc6fb:192.168.151.100:36951, acf5e936-0c74-4611-aabc-462137e3cb2c:192.168.151.100:45339], old=null
2019-10-07 12:53:23,166 [c7bb312f-90c8-4ea3-a8d2-22df60f629e5@group-89A124291B14-LeaderElection42] INFO  impl.RaftServerImpl (RaftServerImpl.java:setRole(170)) - c7bb312f-90c8-4ea3-a8d2-22df60f629e5@group-89A124291B14: changes role from CANDIDATE to FOLLOWER at term 2 for DISCOVERED_A_NEW_TERM
2019-10-07 12:53:23,167 [c7bb312f-90c8-4ea3-a8d2-22df60f629e5@group-89A124291B14-LeaderElection42] INFO  impl.RoleInfo (RoleInfo.java:shutdownLeaderElection(134)) - c7bb312f-90c8-4ea3-a8d2-22df60f629e5: shutdown LeaderElection
2019-10-07 12:53:23,167 [c7bb312f-90c8-4ea3-a8d2-22df60f629e5@group-89A124291B14-LeaderElection42] INFO  impl.RoleInfo (RoleInfo.java:updateAndGet(143)) - c7bb312f-90c8-4ea3-a8d2-22df60f629e5: start FollowerState
2019-10-07 12:53:23,167 [acf5e936-0c74-4611-aabc-462137e3cb2c@group-89A124291B14-LeaderElection41] INFO  impl.LeaderElection (LeaderElection.java:logAndReturn(56)) - acf5e936-0c74-4611-aabc-462137e3cb2c@group-89A124291B14-LeaderElection41: Election REJECTED; received 2 response(s) [acf5e936-0c74-4611-aabc-462137e3cb2c<-c7bb312f-90c8-4ea3-a8d2-22df60f629e5#0:FAIL-t2, acf5e936-0c74-4611-aabc-462137e3cb2c<-945959ea-d1ab-491b-81c1-772728ecc6fb#0:FAIL-t2] and 0 exception(s); acf5e936-0c74-4611-aabc-462137e3cb2c@group-89A124291B14:t2, leader=null, voted=acf5e936-0c74-4611-aabc-462137e3cb2c, raftlog=acf5e936-0c74-4611-aabc-462137e3cb2c@group-89A124291B14-SegmentedRaftLog:OPENED:c-1,f-1,i0, conf=-1: [c7bb312f-90c8-4ea3-a8d2-22df60f629e5:192.168.151.100:39644, 945959ea-d1ab-491b-81c1-772728ecc6fb:192.168.151.100:36951, acf5e936-0c74-4611-aabc-462137e3cb2c:192.168.151.100:45339], old=null
2019-10-07 12:53:23,169 [acf5e936-0c74-4611-aabc-462137e3cb2c@group-89A124291B14-LeaderElection41] INFO  impl.RaftServerImpl (RaftServerImpl.java:setRole(170)) - acf5e936-0c74-4611-aabc-462137e3cb2c@group-89A124291B14: changes role from CANDIDATE to FOLLOWER at term 2 for DISCOVERED_A_NEW_TERM
2019-10-07 12:53:23,169 [acf5e936-0c74-4611-aabc-462137e3cb2c@group-89A124291B14-LeaderElection41] INFO  impl.RoleInfo (RoleInfo.java:shutdownLeaderElection(134)) - acf5e936-0c74-4611-aabc-462137e3cb2c: shutdown LeaderElection
2019-10-07 12:53:23,170 [945959ea-d1ab-491b-81c1-772728ecc6fb@group-89A124291B14-LeaderElection43] INFO  impl.LeaderElection (LeaderElection.java:logAndReturn(56)) - 945959ea-d1ab-491b-81c1-772728ecc6fb@group-89A124291B14-LeaderElection43: Election REJECTED; received 2 response(s) [945959ea-d1ab-491b-81c1-772728ecc6fb<-c7bb312f-90c8-4ea3-a8d2-22df60f629e5#0:FAIL-t2, 945959ea-d1ab-491b-81c1-772728ecc6fb<-acf5e936-0c74-4611-aabc-462137e3cb2c#0:FAIL-t2] and 0 exception(s); 945959ea-d1ab-491b-81c1-772728ecc6fb@group-89A124291B14:t2, leader=null, voted=945959ea-d1ab-491b-81c1-772728ecc6fb, raftlog=945959ea-d1ab-491b-81c1-772728ecc6fb@group-89A124291B14-SegmentedRaftLog:OPENED:c-1,f-1,i0, conf=-1: [c7bb312f-90c8-4ea3-a8d2-22df60f629e5:192.168.151.100:39644, 945959ea-d1ab-491b-81c1-772728ecc6fb:192.168.151.100:36951, acf5e936-0c74-4611-aabc-462137e3cb2c:192.168.151.100:45339], old=null
2019-10-07 12:53:23,170 [acf5e936-0c74-4611-aabc-462137e3cb2c@group-89A124291B14-LeaderElection41] INFO  impl.RoleInfo (RoleInfo.java:updateAndGet(143)) - acf5e936-0c74-4611-aabc-462137e3cb2c: start FollowerState
2019-10-07 12:53:23,171 [945959ea-d1ab-491b-81c1-772728ecc6fb@group-89A124291B14-LeaderElection43] INFO  impl.RaftServerImpl (RaftServerImpl.java:setRole(170)) - 945959ea-d1ab-491b-81c1-772728ecc6fb@group-89A124291B14: changes role from CANDIDATE to FOLLOWER at term 2 for DISCOVERED_A_NEW_TERM
2019-10-07 12:53:23,173 [945959ea-d1ab-491b-81c1-772728ecc6fb@group-89A124291B14-LeaderElection43] INFO  impl.RoleInfo (RoleInfo.java:shutdownLeaderElection(134)) - 945959ea-d1ab-491b-81c1-772728ecc6fb: shutdown LeaderElection
2019-10-07 12:53:23,173 [945959ea-d1ab-491b-81c1-772728ecc6fb@group-89A124291B14-LeaderElection43] INFO  impl.RoleInfo (RoleInfo.java:updateAndGet(143)) - 945959ea-d1ab-491b-81c1-772728ecc6fb: start FollowerState
2019-10-07 12:53:23,983 [Datanode State Machine Thread - 0] INFO  statemachine.DatanodeStateMachine (DatanodeStateMachine.java:lambda$startDaemon$0(350)) - Ozone container server started.
2019-10-07 12:53:25,350 [grpc-default-executor-5] WARN  server.GrpcLogAppender (LogUtils.java:warn(134)) - 7741f835-7823-4120-ba15-da80b6525d1d@group-105F4042666B->786f91eb-928f-4402-89ae-1713a48bf1ef-AppendLogResponseHandler: Failed appendEntries: org.apache.ratis.thirdparty.io.grpc.StatusRuntimeException: UNAVAILABLE: io exception
2019-10-07 12:53:25,350 [grpc-default-executor-5] INFO  impl.FollowerInfo (FollowerInfo.java:lambda$new$0(51)) - 7741f835-7823-4120-ba15-da80b6525d1d@group-105F4042666B->786f91eb-928f-4402-89ae-1713a48bf1ef: nextIndex: updateUnconditionally 2 -> 1
2019-10-07 12:53:27,855 [grpc-default-executor-5] WARN  server.GrpcLogAppender (LogUtils.java:warn(134)) - 7741f835-7823-4120-ba15-da80b6525d1d@group-105F4042666B->786f91eb-928f-4402-89ae-1713a48bf1ef-AppendLogResponseHandler: Failed appendEntries: org.apache.ratis.thirdparty.io.grpc.StatusRuntimeException: UNAVAILABLE: io exception
2019-10-07 12:53:27,856 [grpc-default-executor-5] INFO  impl.FollowerInfo (FollowerInfo.java:lambda$new$0(51)) - 7741f835-7823-4120-ba15-da80b6525d1d@group-105F4042666B->786f91eb-928f-4402-89ae-1713a48bf1ef: nextIndex: updateUnconditionally 1 -> 0
2019-10-07 12:53:28,073 [main] INFO  ozoneimpl.OzoneContainer (OzoneContainer.java:stop(231)) - Attempting to stop container services.
2019-10-07 12:53:28,074 [main] INFO  impl.RaftServerProxy (RaftServerProxy.java:lambda$close$4(314)) - a929fe19-32c2-4064-994c-6020b0bb7a68: close
2019-10-07 12:53:28,075 [main] INFO  impl.RaftServerImpl (RaftServerImpl.java:lambda$shutdown$3(247)) - a929fe19-32c2-4064-994c-6020b0bb7a68@group-75CBC971D753: shutdown
2019-10-07 12:53:28,075 [main] INFO  util.JmxRegister (JmxRegister.java:unregister(73)) - Successfully un-registered JMX Bean with object name Ratis:service=RaftServer,group=group-75CBC971D753,id=a929fe19-32c2-4064-994c-6020b0bb7a68
2019-10-07 12:53:28,076 [main] INFO  impl.RoleInfo (RoleInfo.java:shutdownLeaderState(104)) - a929fe19-32c2-4064-994c-6020b0bb7a68: shutdown LeaderState
2019-10-07 12:53:28,076 [main] INFO  impl.PendingRequests (PendingRequests.java:sendNotLeaderResponses(202)) - a929fe19-32c2-4064-994c-6020b0bb7a68@group-75CBC971D753-PendingRequests: sendNotLeaderResponses
2019-10-07 12:53:28,077 [main] INFO  impl.StateMachineUpdater (StateMachineUpdater.java:stopAndJoin(136)) - a929fe19-32c2-4064-994c-6020b0bb7a68@group-75CBC971D753-StateMachineUpdater: set stopIndex = 0
2019-10-07 12:53:28,078 [main] INFO  impl.RaftServerImpl (ServerState.java:close(387)) - a929fe19-32c2-4064-994c-6020b0bb7a68@group-75CBC971D753: closes. applyIndex: 0
2019-10-07 12:53:28,079 [a929fe19-32c2-4064-994c-6020b0bb7a68@group-75CBC971D753-SegmentedRaftLogWorker] INFO  segmented.SegmentedRaftLogWorker (SegmentedRaftLogWorker.java:run(316)) - a929fe19-32c2-4064-994c-6020b0bb7a68@group-75CBC971D753-SegmentedRaftLogWorker was interrupted, exiting. There are 0 tasks remaining in the queue.
2019-10-07 12:53:28,081 [main] INFO  segmented.SegmentedRaftLogWorker (SegmentedRaftLogWorker.java:close(224)) - a929fe19-32c2-4064-994c-6020b0bb7a68@group-75CBC971D753-SegmentedRaftLogWorker close()
2019-10-07 12:53:28,084 [main] INFO  impl.RaftServerImpl (RaftServerImpl.java:lambda$shutdown$3(247)) - a929fe19-32c2-4064-994c-6020b0bb7a68@group-105F4042666B: shutdown
2019-10-07 12:53:28,084 [main] INFO  util.JmxRegister (JmxRegister.java:unregister(73)) - Successfully un-registered JMX Bean with object name Ratis:service=RaftServer,group=group-105F4042666B,id=a929fe19-32c2-4064-994c-6020b0bb7a68
2019-10-07 12:53:28,085 [main] INFO  impl.RoleInfo (RoleInfo.java:shutdownFollowerState(121)) - a929fe19-32c2-4064-994c-6020b0bb7a68: shutdown FollowerState
2019-10-07 12:53:28,085 [main] INFO  impl.StateMachineUpdater (StateMachineUpdater.java:stopAndJoin(136)) - a929fe19-32c2-4064-994c-6020b0bb7a68@group-105F4042666B-StateMachineUpdater: set stopIndex = 2
2019-10-07 12:53:28,085 [a929fe19-32c2-4064-994c-6020b0bb7a68@group-105F4042666B-StateMachineUpdater] INFO  ratis.ContainerStateMachine (ContainerStateMachine.java:takeSnapshot(294)) - group-105F4042666B: Taking a snapshot at:(t:1, i:1) file /workdir/hadoop-ozone/integration-test/target/test-dir/MiniOzoneClusterImpl-4feadec7-d447-476e-8398-86d62b3a4f14/datanode-1/data/ratis/485f1b3c-bc6e-4694-a404-105f4042666b/sm/snapshot.1_1
2019-10-07 12:53:28,085 [Thread-1511] INFO  impl.FollowerState (FollowerState.java:run(117)) - a929fe19-32c2-4064-994c-6020b0bb7a68@group-105F4042666B-FollowerState was interrupted: java.lang.InterruptedException: sleep interrupted
2019-10-07 12:53:28,100 [a929fe19-32c2-4064-994c-6020b0bb7a68@group-105F4042666B-StateMachineUpdater] INFO  ratis.ContainerStateMachine (ContainerStateMachine.java:takeSnapshot(305)) - group-105F4042666B: Finished taking a snapshot at:(t:1, i:1) file:/workdir/hadoop-ozone/integration-test/target/test-dir/MiniOzoneClusterImpl-4feadec7-d447-476e-8398-86d62b3a4f14/datanode-1/data/ratis/485f1b3c-bc6e-4694-a404-105f4042666b/sm/snapshot.1_1 time:15
2019-10-07 12:53:28,100 [a929fe19-32c2-4064-994c-6020b0bb7a68@group-105F4042666B-StateMachineUpdater] INFO  impl.StateMachineUpdater (StateMachineUpdater.java:takeSnapshot(269)) - a929fe19-32c2-4064-994c-6020b0bb7a68@group-105F4042666B-StateMachineUpdater: Took a snapshot at index 1
2019-10-07 12:53:28,100 [a929fe19-32c2-4064-994c-6020b0bb7a68@group-105F4042666B-StateMachineUpdater] INFO  impl.StateMachineUpdater (StateMachineUpdater.java:lambda$new$0(84)) - a929fe19-32c2-4064-994c-6020b0bb7a68@group-105F4042666B-StateMachineUpdater: snapshotIndex: updateIncreasingly -1 -> 1
2019-10-07 12:53:28,101 [a929fe19-32c2-4064-994c-6020b0bb7a68@group-105F4042666B-StateMachineUpdater] INFO  ratis.ContainerStateMachine (ContainerStateMachine.java:takeSnapshot(294)) - group-105F4042666B: Taking a snapshot at:(t:1, i:1) file /workdir/hadoop-ozone/integration-test/target/test-dir/MiniOzoneClusterImpl-4feadec7-d447-476e-8398-86d62b3a4f14/datanode-1/data/ratis/485f1b3c-bc6e-4694-a404-105f4042666b/sm/snapshot.1_1
2019-10-07 12:53:28,114 [a929fe19-32c2-4064-994c-6020b0bb7a68@group-105F4042666B-StateMachineUpdater] INFO  ratis.ContainerStateMachine (ContainerStateMachine.java:takeSnapshot(305)) - group-105F4042666B: Finished taking a snapshot at:(t:1, i:1) file:/workdir/hadoop-ozone/integration-test/target/test-dir/MiniOzoneClusterImpl-4feadec7-d447-476e-8398-86d62b3a4f14/datanode-1/data/ratis/485f1b3c-bc6e-4694-a404-105f4042666b/sm/snapshot.1_1 time:12
2019-10-07 12:53:28,114 [a929fe19-32c2-4064-994c-6020b0bb7a68@group-105F4042666B-StateMachineUpdater] INFO  impl.StateMachineUpdater (StateMachineUpdater.java:takeSnapshot(269)) - a929fe19-32c2-4064-994c-6020b0bb7a68@group-105F4042666B-StateMachineUpdater: Took a snapshot at index 1
2019-10-07 12:53:28,114 [a929fe19-32c2-4064-994c-6020b0bb7a68@group-105F4042666B-StateMachineUpdater] INFO  impl.StateMachineUpdater (StateMachineUpdater.java:lambda$new$0(84)) - a929fe19-32c2-4064-994c-6020b0bb7a68@group-105F4042666B-StateMachineUpdater: snapshotIndex: updateIncreasingly 1 -> 1
2019-10-07 12:53:28,114 [main] INFO  impl.RaftServerImpl (ServerState.java:close(387)) - a929fe19-32c2-4064-994c-6020b0bb7a68@group-105F4042666B: closes. applyIndex: 2
2019-10-07 12:53:28,115 [a929fe19-32c2-4064-994c-6020b0bb7a68@group-105F4042666B-SegmentedRaftLogWorker] INFO  segmented.SegmentedRaftLogWorker (SegmentedRaftLogWorker.java:run(316)) - a929fe19-32c2-4064-994c-6020b0bb7a68@group-105F4042666B-SegmentedRaftLogWorker was interrupted, exiting. There are 0 tasks remaining in the queue.
2019-10-07 12:53:28,116 [main] INFO  segmented.SegmentedRaftLogWorker (SegmentedRaftLogWorker.java:close(224)) - a929fe19-32c2-4064-994c-6020b0bb7a68@group-105F4042666B-SegmentedRaftLogWorker close()
2019-10-07 12:53:28,119 [main] INFO  server.GrpcService (GrpcService.java:closeImpl(164)) - a929fe19-32c2-4064-994c-6020b0bb7a68: shutdown server with port 37470 now
2019-10-07 12:53:28,121 [grpc-default-executor-0] WARN  server.GrpcServerProtocolService (LogUtils.java:warn(134)) - a929fe19-32c2-4064-994c-6020b0bb7a68: installSnapshot onError, lastRequest: 7741f835-7823-4120-ba15-da80b6525d1d->a929fe19-32c2-4064-994c-6020b0bb7a68#7-t1, previous=(t:1, i:2), leaderCommit=2, initializing? false, entries: <empty>: org.apache.ratis.thirdparty.io.grpc.StatusRuntimeException: CANCELLED: cancelled before receiving half close
2019-10-07 12:53:28,121 [grpc-default-executor-5] WARN  server.GrpcLogAppender (LogUtils.java:warn(134)) - 7741f835-7823-4120-ba15-da80b6525d1d@group-105F4042666B->a929fe19-32c2-4064-994c-6020b0bb7a68-AppendLogResponseHandler: Failed appendEntries: org.apache.ratis.thirdparty.io.grpc.StatusRuntimeException: CANCELLED: HTTP/2 error code: CANCEL
Received Rst Stream
2019-10-07 12:53:28,121 [main] INFO  server.GrpcService (GrpcService.java:closeImpl(172)) - a929fe19-32c2-4064-994c-6020b0bb7a68: shutdown server with port 37470 successfully
2019-10-07 12:53:28,122 [grpc-default-executor-5] INFO  impl.FollowerInfo (FollowerInfo.java:lambda$new$0(51)) - 7741f835-7823-4120-ba15-da80b6525d1d@group-105F4042666B->a929fe19-32c2-4064-994c-6020b0bb7a68: nextIndex: updateUnconditionally 3 -> 2
2019-10-07 12:53:28,124 [refreshUsed-/workdir/hadoop-ozone/integration-test/target/test-dir/MiniOzoneClusterImpl-4feadec7-d447-476e-8398-86d62b3a4f14/datanode-1/data/containers] WARN  fs.CachingGetSpaceUsed (CachingGetSpaceUsed.java:run(183)) - Thread Interrupted waiting to refresh disk information: sleep interrupted
2019-10-07 12:53:28,137 [main] INFO  utils.BackgroundService (BackgroundService.java:shutdown(148)) - Shutting down service BlockDeletingService
2019-10-07 12:53:28,146 [main] INFO  statemachine.DatanodeStateMachine (DatanodeStateMachine.java:stopDaemon(395)) - Ozone container server stopped.
2019-10-07 12:53:28,147 [main] INFO  handler.ContextHandler (ContextHandler.java:doStop(910)) - Stopped o.e.j.w.WebAppContext@36ef1d65{/,null,UNAVAILABLE}{/hddsDatanode}
2019-10-07 12:53:28,148 [main] INFO  server.AbstractConnector (AbstractConnector.java:doStop(318)) - Stopped ServerConnector@4be0a27d{HTTP/1.1,[http/1.1]}{0.0.0.0:0}
2019-10-07 12:53:28,148 [main] INFO  handler.ContextHandler (ContextHandler.java:doStop(910)) - Stopped o.e.j.s.ServletContextHandler@6e829e50{/static,jar:file:/home/user/.m2/repository/org/apache/hadoop/hadoop-hdds-container-service/0.5.0-SNAPSHOT/hadoop-hdds-container-service-0.5.0-SNAPSHOT.jar!/webapps/static,UNAVAILABLE}
2019-10-07 12:53:28,149 [main] INFO  handler.ContextHandler (ContextHandler.java:doStop(910)) - Stopped o.e.j.s.ServletContextHandler@4b862408{/logs,file:///workdir/hadoop-ozone/integration-test/target/log,UNAVAILABLE}
2019-10-07 12:53:28,303 [Thread-1567] INFO  impl.FollowerState (FollowerState.java:run(108)) - acf5e936-0c74-4611-aabc-462137e3cb2c@group-89A124291B14-FollowerState: change to CANDIDATE, lastRpcTime:5133ms, electionTimeout:5129ms
2019-10-07 12:53:28,303 [Thread-1567] INFO  impl.RoleInfo (RoleInfo.java:shutdownFollowerState(121)) - acf5e936-0c74-4611-aabc-462137e3cb2c: shutdown FollowerState
2019-10-07 12:53:28,303 [Thread-1567] INFO  impl.RaftServerImpl (RaftServerImpl.java:setRole(170)) - acf5e936-0c74-4611-aabc-462137e3cb2c@group-89A124291B14: changes role from  FOLLOWER to CANDIDATE at term 2 for changeToCandidate
2019-10-07 12:53:28,303 [Thread-1567] INFO  impl.RoleInfo (RoleInfo.java:updateAndGet(143)) - acf5e936-0c74-4611-aabc-462137e3cb2c: start LeaderElection
2019-10-07 12:53:28,318 [acf5e936-0c74-4611-aabc-462137e3cb2c@group-89A124291B14-LeaderElection44] INFO  impl.LeaderElection (LeaderElection.java:askForVotes(178)) - acf5e936-0c74-4611-aabc-462137e3cb2c@group-89A124291B14-LeaderElection44: begin an election at term 3 for -1: [c7bb312f-90c8-4ea3-a8d2-22df60f629e5:192.168.151.100:39644, 945959ea-d1ab-491b-81c1-772728ecc6fb:192.168.151.100:36951, acf5e936-0c74-4611-aabc-462137e3cb2c:192.168.151.100:45339], old=null
2019-10-07 12:53:28,322 [grpc-default-executor-0] INFO  impl.RaftServerImpl (RaftServerImpl.java:setRole(170)) - c7bb312f-90c8-4ea3-a8d2-22df60f629e5@group-89A124291B14: changes role from  FOLLOWER to FOLLOWER at term 3 for recognizeCandidate:acf5e936-0c74-4611-aabc-462137e3cb2c
2019-10-07 12:53:28,323 [grpc-default-executor-0] INFO  impl.RoleInfo (RoleInfo.java:shutdownFollowerState(121)) - c7bb312f-90c8-4ea3-a8d2-22df60f629e5: shutdown FollowerState
2019-10-07 12:53:28,323 [grpc-default-executor-5] INFO  impl.RaftServerImpl (RaftServerImpl.java:setRole(170)) - 945959ea-d1ab-491b-81c1-772728ecc6fb@group-89A124291B14: changes role from  FOLLOWER to FOLLOWER at term 3 for recognizeCandidate:acf5e936-0c74-4611-aabc-462137e3cb2c
2019-10-07 12:53:28,323 [Thread-1566] INFO  impl.FollowerState (FollowerState.java:run(117)) - c7bb312f-90c8-4ea3-a8d2-22df60f629e5@group-89A124291B14-FollowerState was interrupted: java.lang.InterruptedException: sleep interrupted
2019-10-07 12:53:28,323 [grpc-default-executor-0] INFO  impl.RoleInfo (RoleInfo.java:updateAndGet(143)) - c7bb312f-90c8-4ea3-a8d2-22df60f629e5: start FollowerState
2019-10-07 12:53:28,323 [grpc-default-executor-5] INFO  impl.RoleInfo (RoleInfo.java:shutdownFollowerState(121)) - 945959ea-d1ab-491b-81c1-772728ecc6fb: shutdown FollowerState
2019-10-07 12:53:28,324 [grpc-default-executor-5] INFO  impl.RoleInfo (RoleInfo.java:updateAndGet(143)) - 945959ea-d1ab-491b-81c1-772728ecc6fb: start FollowerState
2019-10-07 12:53:28,324 [Thread-1568] INFO  impl.FollowerState (FollowerState.java:run(117)) - 945959ea-d1ab-491b-81c1-772728ecc6fb@group-89A124291B14-FollowerState was interrupted: java.lang.InterruptedException: sleep interrupted
2019-10-07 12:53:28,339 [acf5e936-0c74-4611-aabc-462137e3cb2c@group-89A124291B14-LeaderElection44] INFO  impl.LeaderElection (LeaderElection.java:logAndReturn(56)) - acf5e936-0c74-4611-aabc-462137e3cb2c@group-89A124291B14-LeaderElection44: Election PASSED; received 1 response(s) [acf5e936-0c74-4611-aabc-462137e3cb2c<-945959ea-d1ab-491b-81c1-772728ecc6fb#0:OK-t3] and 0 exception(s); acf5e936-0c74-4611-aabc-462137e3cb2c@group-89A124291B14:t3, leader=null, voted=acf5e936-0c74-4611-aabc-462137e3cb2c, raftlog=acf5e936-0c74-4611-aabc-462137e3cb2c@group-89A124291B14-SegmentedRaftLog:OPENED:c-1,f-1,i0, conf=-1: [c7bb312f-90c8-4ea3-a8d2-22df60f629e5:192.168.151.100:39644, 945959ea-d1ab-491b-81c1-772728ecc6fb:192.168.151.100:36951, acf5e936-0c74-4611-aabc-462137e3cb2c:192.168.151.100:45339], old=null
2019-10-07 12:53:28,340 [acf5e936-0c74-4611-aabc-462137e3cb2c@group-89A124291B14-LeaderElection44] INFO  impl.RoleInfo (RoleInfo.java:shutdownLeaderElection(134)) - acf5e936-0c74-4611-aabc-462137e3cb2c: shutdown LeaderElection
2019-10-07 12:53:28,340 [acf5e936-0c74-4611-aabc-462137e3cb2c@group-89A124291B14-LeaderElection44] INFO  impl.RaftServerImpl (RaftServerImpl.java:setRole(170)) - acf5e936-0c74-4611-aabc-462137e3cb2c@group-89A124291B14: changes role from CANDIDATE to LEADER at term 3 for changeToLeader
2019-10-07 12:53:28,340 [acf5e936-0c74-4611-aabc-462137e3cb2c@group-89A124291B14-LeaderElection44] INFO  impl.RaftServerImpl (ServerState.java:setLeader(255)) - acf5e936-0c74-4611-aabc-462137e3cb2c@group-89A124291B14: change Leader from null to acf5e936-0c74-4611-aabc-462137e3cb2c at term 3 for becomeLeader, leader elected after 15588ms
2019-10-07 12:53:28,340 [acf5e936-0c74-4611-aabc-462137e3cb2c@group-89A124291B14-LeaderElection44] INFO  server.RaftServerConfigKeys (ConfUtils.java:logGet(43)) - raft.server.staging.catchup.gap = 1000 (default)
2019-10-07 12:53:28,341 [acf5e936-0c74-4611-aabc-462137e3cb2c@group-89A124291B14-LeaderElection44] INFO  server.RaftServerConfigKeys (ConfUtils.java:logGet(43)) - raft.server.rpc.sleep.time = 25ms (default)
2019-10-07 12:53:28,341 [acf5e936-0c74-4611-aabc-462137e3cb2c@group-89A124291B14-LeaderElection44] INFO  server.RaftServerConfigKeys (ConfUtils.java:logGet(43)) - raft.server.write.element-limit = 4096 (default)
2019-10-07 12:53:28,341 [acf5e936-0c74-4611-aabc-462137e3cb2c@group-89A124291B14-LeaderElection44] INFO  server.RaftServerConfigKeys (ConfUtils.java:logGet(43)) - raft.server.watch.timeout = 10s (default)
2019-10-07 12:53:28,341 [acf5e936-0c74-4611-aabc-462137e3cb2c@group-89A124291B14-LeaderElection44] INFO  server.RaftServerConfigKeys (ConfUtils.java:logGet(43)) - raft.server.watch.timeout.denomination = 1s (default)
2019-10-07 12:53:28,342 [acf5e936-0c74-4611-aabc-462137e3cb2c@group-89A124291B14-LeaderElection44] INFO  server.RaftServerConfigKeys (ConfUtils.java:logGet(43)) - raft.server.watch.element-limit = 65536 (default)
2019-10-07 12:53:28,345 [acf5e936-0c74-4611-aabc-462137e3cb2c@group-89A124291B14-LeaderElection44] INFO  server.RaftServerConfigKeys (ConfUtils.java:logGet(43)) - raft.server.log.appender.snapshot.chunk.size.max = 16MB (=16777216) (default)
2019-10-07 12:53:28,346 [acf5e936-0c74-4611-aabc-462137e3cb2c@group-89A124291B14-LeaderElection44] INFO  server.RaftServerConfigKeys (ConfUtils.java:logGet(43)) - raft.server.log.appender.buffer.byte-limit = 33554432 (custom)
2019-10-07 12:53:28,346 [acf5e936-0c74-4611-aabc-462137e3cb2c@group-89A124291B14-LeaderElection44] INFO  server.RaftServerConfigKeys (ConfUtils.java:logGet(43)) - raft.server.log.appender.buffer.element-limit = 1 (custom)
2019-10-07 12:53:28,346 [acf5e936-0c74-4611-aabc-462137e3cb2c@group-89A124291B14-LeaderElection44] INFO  grpc.GrpcConfigKeys$Server (ConfUtils.java:logGet(43)) - raft.grpc.server.leader.outstanding.appends.max = 128 (default)
2019-10-07 12:53:28,346 [acf5e936-0c74-4611-aabc-462137e3cb2c@group-89A124291B14-LeaderElection44] INFO  server.RaftServerConfigKeys (ConfUtils.java:logGet(43)) - raft.server.rpc.request.timeout = 3000ms (default)
2019-10-07 12:53:28,347 [acf5e936-0c74-4611-aabc-462137e3cb2c@group-89A124291B14-LeaderElection44] INFO  server.RaftServerConfigKeys (ConfUtils.java:logGet(43)) - raft.server.log.appender.install.snapshot.enabled = false (custom)
2019-10-07 12:53:28,347 [acf5e936-0c74-4611-aabc-462137e3cb2c@group-89A124291B14-LeaderElection44] INFO  server.RaftServerConfigKeys (ConfUtils.java:logGet(43)) - raft.server.log.appender.snapshot.chunk.size.max = 16MB (=16777216) (default)
2019-10-07 12:53:28,347 [acf5e936-0c74-4611-aabc-462137e3cb2c@group-89A124291B14-LeaderElection44] INFO  server.RaftServerConfigKeys (ConfUtils.java:logGet(43)) - raft.server.log.appender.buffer.byte-limit = 33554432 (custom)
2019-10-07 12:53:28,347 [acf5e936-0c74-4611-aabc-462137e3cb2c@group-89A124291B14-LeaderElection44] INFO  server.RaftServerConfigKeys (ConfUtils.java:logGet(43)) - raft.server.log.appender.buffer.element-limit = 1 (custom)
2019-10-07 12:53:28,348 [acf5e936-0c74-4611-aabc-462137e3cb2c@group-89A124291B14-LeaderElection44] INFO  grpc.GrpcConfigKeys$Server (ConfUtils.java:logGet(43)) - raft.grpc.server.leader.outstanding.appends.max = 128 (default)
2019-10-07 12:53:28,348 [acf5e936-0c74-4611-aabc-462137e3cb2c@group-89A124291B14-LeaderElection44] INFO  server.RaftServerConfigKeys (ConfUtils.java:logGet(43)) - raft.server.rpc.request.timeout = 3000ms (default)
2019-10-07 12:53:28,348 [acf5e936-0c74-4611-aabc-462137e3cb2c@group-89A124291B14-LeaderElection44] INFO  server.RaftServerConfigKeys (ConfUtils.java:logGet(43)) - raft.server.log.appender.install.snapshot.enabled = false (custom)
2019-10-07 12:53:28,348 [acf5e936-0c74-4611-aabc-462137e3cb2c@group-89A124291B14-LeaderElection44] INFO  impl.RoleInfo (RoleInfo.java:updateAndGet(143)) - acf5e936-0c74-4611-aabc-462137e3cb2c: start LeaderState
2019-10-07 12:53:28,349 [acf5e936-0c74-4611-aabc-462137e3cb2c@group-89A124291B14-LeaderElection44] INFO  segmented.SegmentedRaftLogWorker (SegmentedRaftLogWorker.java:startLogSegment(385)) - acf5e936-0c74-4611-aabc-462137e3cb2c@group-89A124291B14-SegmentedRaftLogWorker: Starting segment from index:0
2019-10-07 12:53:28,351 [acf5e936-0c74-4611-aabc-462137e3cb2c@group-89A124291B14-LeaderElection44] INFO  impl.RaftServerImpl (ServerState.java:setRaftConf(356)) - acf5e936-0c74-4611-aabc-462137e3cb2c@group-89A124291B14: set configuration 0: [c7bb312f-90c8-4ea3-a8d2-22df60f629e5:192.168.151.100:39644, 945959ea-d1ab-491b-81c1-772728ecc6fb:192.168.151.100:36951, acf5e936-0c74-4611-aabc-462137e3cb2c:192.168.151.100:45339], old=null at 0
2019-10-07 12:53:28,353 [grpc-default-executor-5] INFO  impl.RaftServerImpl (ServerState.java:setLeader(255)) - c7bb312f-90c8-4ea3-a8d2-22df60f629e5@group-89A124291B14: change Leader from null to acf5e936-0c74-4611-aabc-462137e3cb2c at term 3 for appendEntries, leader elected after 15601ms
2019-10-07 12:53:28,390 [grpc-default-executor-5] INFO  impl.RaftServerImpl (ServerState.java:setLeader(255)) - 945959ea-d1ab-491b-81c1-772728ecc6fb@group-89A124291B14: change Leader from null to acf5e936-0c74-4611-aabc-462137e3cb2c at term 3 for appendEntries, leader elected after 15638ms
2019-10-07 12:53:28,393 [grpc-default-executor-5] INFO  impl.RaftServerImpl (ServerState.java:setRaftConf(356)) - 945959ea-d1ab-491b-81c1-772728ecc6fb@group-89A124291B14: set configuration 0: [c7bb312f-90c8-4ea3-a8d2-22df60f629e5:192.168.151.100:39644, 945959ea-d1ab-491b-81c1-772728ecc6fb:192.168.151.100:36951, acf5e936-0c74-4611-aabc-462137e3cb2c:192.168.151.100:45339], old=null at 0
2019-10-07 12:53:28,393 [grpc-default-executor-0] INFO  impl.RaftServerImpl (ServerState.java:setRaftConf(356)) - c7bb312f-90c8-4ea3-a8d2-22df60f629e5@group-89A124291B14: set configuration 0: [c7bb312f-90c8-4ea3-a8d2-22df60f629e5:192.168.151.100:39644, 945959ea-d1ab-491b-81c1-772728ecc6fb:192.168.151.100:36951, acf5e936-0c74-4611-aabc-462137e3cb2c:192.168.151.100:45339], old=null at 0
2019-10-07 12:53:28,393 [grpc-default-executor-5] INFO  segmented.SegmentedRaftLogWorker (SegmentedRaftLogWorker.java:startLogSegment(385)) - 945959ea-d1ab-491b-81c1-772728ecc6fb@group-89A124291B14-SegmentedRaftLogWorker: Starting segment from index:0
2019-10-07 12:53:28,393 [grpc-default-executor-0] INFO  segmented.SegmentedRaftLogWorker (SegmentedRaftLogWorker.java:startLogSegment(385)) - c7bb312f-90c8-4ea3-a8d2-22df60f629e5@group-89A124291B14-SegmentedRaftLogWorker: Starting segment from index:0
2019-10-07 12:53:28,401 [acf5e936-0c74-4611-aabc-462137e3cb2c@group-89A124291B14-SegmentedRaftLogWorker] INFO  segmented.SegmentedRaftLogWorker (SegmentedRaftLogWorker.java:execute(574)) - acf5e936-0c74-4611-aabc-462137e3cb2c@group-89A124291B14-SegmentedRaftLogWorker: created new log segment /workdir/hadoop-ozone/integration-test/target/test-dir/MiniOzoneClusterImpl-4feadec7-d447-476e-8398-86d62b3a4f14/datanode-4/data/ratis/627a0f56-6450-482c-bc10-89a124291b14/current/log_inprogress_0
2019-10-07 12:53:28,435 [945959ea-d1ab-491b-81c1-772728ecc6fb@group-89A124291B14-SegmentedRaftLogWorker] INFO  segmented.SegmentedRaftLogWorker (SegmentedRaftLogWorker.java:execute(574)) - 945959ea-d1ab-491b-81c1-772728ecc6fb@group-89A124291B14-SegmentedRaftLogWorker: created new log segment /workdir/hadoop-ozone/integration-test/target/test-dir/MiniOzoneClusterImpl-4feadec7-d447-476e-8398-86d62b3a4f14/datanode-5/data/ratis/627a0f56-6450-482c-bc10-89a124291b14/current/log_inprogress_0
2019-10-07 12:53:28,436 [c7bb312f-90c8-4ea3-a8d2-22df60f629e5@group-89A124291B14-SegmentedRaftLogWorker] INFO  segmented.SegmentedRaftLogWorker (SegmentedRaftLogWorker.java:execute(574)) - c7bb312f-90c8-4ea3-a8d2-22df60f629e5@group-89A124291B14-SegmentedRaftLogWorker: created new log segment /workdir/hadoop-ozone/integration-test/target/test-dir/MiniOzoneClusterImpl-4feadec7-d447-476e-8398-86d62b3a4f14/datanode-3/data/ratis/627a0f56-6450-482c-bc10-89a124291b14/current/log_inprogress_0
2019-10-07 12:53:30,357 [grpc-default-executor-5] WARN  server.GrpcLogAppender (LogUtils.java:warn(134)) - 7741f835-7823-4120-ba15-da80b6525d1d@group-105F4042666B->786f91eb-928f-4402-89ae-1713a48bf1ef-AppendLogResponseHandler: Failed appendEntries: org.apache.ratis.thirdparty.io.grpc.StatusRuntimeException: UNAVAILABLE: io exception
2019-10-07 12:53:30,357 [grpc-default-executor-5] INFO  impl.FollowerInfo (FollowerInfo.java:lambda$new$0(51)) - 7741f835-7823-4120-ba15-da80b6525d1d@group-105F4042666B->786f91eb-928f-4402-89ae-1713a48bf1ef: nextIndex: updateUnconditionally 0 -> 0
2019-10-07 12:53:30,378 [grpc-default-executor-5] WARN  server.GrpcLogAppender (LogUtils.java:warn(134)) - 7741f835-7823-4120-ba15-da80b6525d1d@group-105F4042666B->a929fe19-32c2-4064-994c-6020b0bb7a68-AppendLogResponseHandler: Failed appendEntries: org.apache.ratis.thirdparty.io.grpc.StatusRuntimeException: UNAVAILABLE: io exception
2019-10-07 12:53:30,378 [grpc-default-executor-5] INFO  impl.FollowerInfo (FollowerInfo.java:lambda$new$0(51)) - 7741f835-7823-4120-ba15-da80b6525d1d@group-105F4042666B->a929fe19-32c2-4064-994c-6020b0bb7a68: nextIndex: updateUnconditionally 2 -> 1
2019-10-07 12:53:32,857 [grpc-default-executor-2] WARN  server.GrpcLogAppender (LogUtils.java:warn(134)) - 7741f835-7823-4120-ba15-da80b6525d1d@group-105F4042666B->786f91eb-928f-4402-89ae-1713a48bf1ef-AppendLogResponseHandler: Failed appendEntries: org.apache.ratis.thirdparty.io.grpc.StatusRuntimeException: UNAVAILABLE: io exception
2019-10-07 12:53:32,858 [grpc-default-executor-2] INFO  impl.FollowerInfo (FollowerInfo.java:lambda$new$0(51)) - 7741f835-7823-4120-ba15-da80b6525d1d@group-105F4042666B->786f91eb-928f-4402-89ae-1713a48bf1ef: nextIndex: updateUnconditionally 0 -> 0
2019-10-07 12:53:32,878 [grpc-default-executor-5] WARN  server.GrpcLogAppender (LogUtils.java:warn(134)) - 7741f835-7823-4120-ba15-da80b6525d1d@group-105F4042666B->a929fe19-32c2-4064-994c-6020b0bb7a68-AppendLogResponseHandler: Failed appendEntries: org.apache.ratis.thirdparty.io.grpc.StatusRuntimeException: UNAVAILABLE: io exception
2019-10-07 12:53:32,879 [grpc-default-executor-5] INFO  impl.FollowerInfo (FollowerInfo.java:lambda$new$0(51)) - 7741f835-7823-4120-ba15-da80b6525d1d@group-105F4042666B->a929fe19-32c2-4064-994c-6020b0bb7a68: nextIndex: updateUnconditionally 1 -> 0
2019-10-07 12:53:35,358 [grpc-default-executor-0] WARN  server.GrpcLogAppender (LogUtils.java:warn(134)) - 7741f835-7823-4120-ba15-da80b6525d1d@group-105F4042666B->786f91eb-928f-4402-89ae-1713a48bf1ef-AppendLogResponseHandler: Failed appendEntries: org.apache.ratis.thirdparty.io.grpc.StatusRuntimeException: UNAVAILABLE: io exception
2019-10-07 12:53:35,359 [grpc-default-executor-0] INFO  impl.FollowerInfo (FollowerInfo.java:lambda$new$0(51)) - 7741f835-7823-4120-ba15-da80b6525d1d@group-105F4042666B->786f91eb-928f-4402-89ae-1713a48bf1ef: nextIndex: updateUnconditionally 0 -> 0
2019-10-07 12:53:35,379 [grpc-default-executor-2] WARN  server.GrpcLogAppender (LogUtils.java:warn(134)) - 7741f835-7823-4120-ba15-da80b6525d1d@group-105F4042666B->a929fe19-32c2-4064-994c-6020b0bb7a68-AppendLogResponseHandler: Failed appendEntries: org.apache.ratis.thirdparty.io.grpc.StatusRuntimeException: UNAVAILABLE: io exception
2019-10-07 12:53:35,379 [grpc-default-executor-2] INFO  impl.FollowerInfo (FollowerInfo.java:lambda$new$0(51)) - 7741f835-7823-4120-ba15-da80b6525d1d@group-105F4042666B->a929fe19-32c2-4064-994c-6020b0bb7a68: nextIndex: updateUnconditionally 0 -> 0
2019-10-07 12:53:37,863 [grpc-default-executor-2] WARN  server.GrpcLogAppender (LogUtils.java:warn(134)) - 7741f835-7823-4120-ba15-da80b6525d1d@group-105F4042666B->786f91eb-928f-4402-89ae-1713a48bf1ef-AppendLogResponseHandler: Failed appendEntries: org.apache.ratis.thirdparty.io.grpc.StatusRuntimeException: UNAVAILABLE: io exception
2019-10-07 12:53:37,865 [grpc-default-executor-2] INFO  impl.FollowerInfo (FollowerInfo.java:lambda$new$0(51)) - 7741f835-7823-4120-ba15-da80b6525d1d@group-105F4042666B->786f91eb-928f-4402-89ae-1713a48bf1ef: nextIndex: updateUnconditionally 0 -> 0
2019-10-07 12:53:37,879 [grpc-default-executor-5] WARN  server.GrpcLogAppender (LogUtils.java:warn(134)) - 7741f835-7823-4120-ba15-da80b6525d1d@group-105F4042666B->a929fe19-32c2-4064-994c-6020b0bb7a68-AppendLogResponseHandler: Failed appendEntries: org.apache.ratis.thirdparty.io.grpc.StatusRuntimeException: UNAVAILABLE: io exception
2019-10-07 12:53:37,880 [grpc-default-executor-5] INFO  impl.FollowerInfo (FollowerInfo.java:lambda$new$0(51)) - 7741f835-7823-4120-ba15-da80b6525d1d@group-105F4042666B->a929fe19-32c2-4064-994c-6020b0bb7a68: nextIndex: updateUnconditionally 0 -> 0
2019-10-07 12:53:39,057 [Thread-1599] INFO  client.GrpcClientProtocolService (GrpcClientProtocolService.java:lambda$processClientRequest$0(278)) - Failed RaftClientRequest:client-F577C44ADB69->7741f835-7823-4120-ba15-da80b6525d1d@group-105F4042666B, cid=67, seq=0, Watch-ALL_COMMITTED(42), Message:<EMPTY>, reply=RaftClientReply:client-F577C44ADB69->7741f835-7823-4120-ba15-da80b6525d1d@group-105F4042666B, cid=67, FAILED org.apache.ratis.protocol.NotReplicatedException: Request with call Id 67 and log index 42 is not yet replicated to ALL_COMMITTED, logIndex=42, commits[7741f835-7823-4120-ba15-da80b6525d1d:c2, 786f91eb-928f-4402-89ae-1713a48bf1ef:c2, a929fe19-32c2-4064-994c-6020b0bb7a68:c2]
2019-10-07 12:53:40,362 [grpc-default-executor-0] WARN  server.GrpcLogAppender (LogUtils.java:warn(134)) - 7741f835-7823-4120-ba15-da80b6525d1d@group-105F4042666B->786f91eb-928f-4402-89ae-1713a48bf1ef-AppendLogResponseHandler: Failed appendEntries: org.apache.ratis.thirdparty.io.grpc.StatusRuntimeException: UNAVAILABLE: io exception
2019-10-07 12:53:40,362 [grpc-default-executor-0] INFO  impl.FollowerInfo (FollowerInfo.java:lambda$new$0(51)) - 7741f835-7823-4120-ba15-da80b6525d1d@group-105F4042666B->786f91eb-928f-4402-89ae-1713a48bf1ef: nextIndex: updateUnconditionally 0 -> 0
2019-10-07 12:53:40,380 [grpc-default-executor-5] WARN  server.GrpcLogAppender (LogUtils.java:warn(134)) - 7741f835-7823-4120-ba15-da80b6525d1d@group-105F4042666B->a929fe19-32c2-4064-994c-6020b0bb7a68-AppendLogResponseHandler: Failed appendEntries: org.apache.ratis.thirdparty.io.grpc.StatusRuntimeException: UNAVAILABLE: io exception
2019-10-07 12:53:40,383 [grpc-default-executor-5] INFO  impl.FollowerInfo (FollowerInfo.java:lambda$new$0(51)) - 7741f835-7823-4120-ba15-da80b6525d1d@group-105F4042666B->a929fe19-32c2-4064-994c-6020b0bb7a68: nextIndex: updateUnconditionally 0 -> 0
2019-10-07 12:53:42,867 [grpc-default-executor-2] WARN  server.GrpcLogAppender (LogUtils.java:warn(134)) - 7741f835-7823-4120-ba15-da80b6525d1d@group-105F4042666B->786f91eb-928f-4402-89ae-1713a48bf1ef-AppendLogResponseHandler: Failed appendEntries: org.apache.ratis.thirdparty.io.grpc.StatusRuntimeException: UNAVAILABLE: io exception
2019-10-07 12:53:42,869 [grpc-default-executor-2] INFO  impl.FollowerInfo (FollowerInfo.java:lambda$new$0(51)) - 7741f835-7823-4120-ba15-da80b6525d1d@group-105F4042666B->786f91eb-928f-4402-89ae-1713a48bf1ef: nextIndex: updateUnconditionally 0 -> 0
2019-10-07 12:53:42,880 [grpc-default-executor-5] WARN  server.GrpcLogAppender (LogUtils.java:warn(134)) - 7741f835-7823-4120-ba15-da80b6525d1d@group-105F4042666B->a929fe19-32c2-4064-994c-6020b0bb7a68-AppendLogResponseHandler: Failed appendEntries: org.apache.ratis.thirdparty.io.grpc.StatusRuntimeException: UNAVAILABLE: io exception
2019-10-07 12:53:42,881 [grpc-default-executor-5] INFO  impl.FollowerInfo (FollowerInfo.java:lambda$new$0(51)) - 7741f835-7823-4120-ba15-da80b6525d1d@group-105F4042666B->a929fe19-32c2-4064-994c-6020b0bb7a68: nextIndex: updateUnconditionally 0 -> 0
2019-10-07 12:53:45,367 [grpc-default-executor-0] WARN  server.GrpcLogAppender (LogUtils.java:warn(134)) - 7741f835-7823-4120-ba15-da80b6525d1d@group-105F4042666B->786f91eb-928f-4402-89ae-1713a48bf1ef-AppendLogResponseHandler: Failed appendEntries: org.apache.ratis.thirdparty.io.grpc.StatusRuntimeException: UNAVAILABLE: io exception
2019-10-07 12:53:45,367 [grpc-default-executor-0] INFO  impl.FollowerInfo (FollowerInfo.java:lambda$new$0(51)) - 7741f835-7823-4120-ba15-da80b6525d1d@group-105F4042666B->786f91eb-928f-4402-89ae-1713a48bf1ef: nextIndex: updateUnconditionally 0 -> 0
2019-10-07 12:53:45,381 [grpc-default-executor-0] WARN  server.GrpcLogAppender (LogUtils.java:warn(134)) - 7741f835-7823-4120-ba15-da80b6525d1d@group-105F4042666B->a929fe19-32c2-4064-994c-6020b0bb7a68-AppendLogResponseHandler: Failed appendEntries: org.apache.ratis.thirdparty.io.grpc.StatusRuntimeException: UNAVAILABLE: io exception
2019-10-07 12:53:45,381 [grpc-default-executor-0] INFO  impl.FollowerInfo (FollowerInfo.java:lambda$new$0(51)) - 7741f835-7823-4120-ba15-da80b6525d1d@group-105F4042666B->a929fe19-32c2-4064-994c-6020b0bb7a68: nextIndex: updateUnconditionally 0 -> 0
2019-10-07 12:53:47,872 [grpc-default-executor-5] WARN  server.GrpcLogAppender (LogUtils.java:warn(134)) - 7741f835-7823-4120-ba15-da80b6525d1d@group-105F4042666B->786f91eb-928f-4402-89ae-1713a48bf1ef-AppendLogResponseHandler: Failed appendEntries: org.apache.ratis.thirdparty.io.grpc.StatusRuntimeException: UNAVAILABLE: io exception
2019-10-07 12:53:47,874 [grpc-default-executor-5] INFO  impl.FollowerInfo (FollowerInfo.java:lambda$new$0(51)) - 7741f835-7823-4120-ba15-da80b6525d1d@group-105F4042666B->786f91eb-928f-4402-89ae-1713a48bf1ef: nextIndex: updateUnconditionally 0 -> 0
2019-10-07 12:53:47,882 [grpc-default-executor-2] WARN  server.GrpcLogAppender (LogUtils.java:warn(134)) - 7741f835-7823-4120-ba15-da80b6525d1d@group-105F4042666B->a929fe19-32c2-4064-994c-6020b0bb7a68-AppendLogResponseHandler: Failed appendEntries: org.apache.ratis.thirdparty.io.grpc.StatusRuntimeException: UNAVAILABLE: io exception
2019-10-07 12:53:47,882 [grpc-default-executor-2] INFO  impl.FollowerInfo (FollowerInfo.java:lambda$new$0(51)) - 7741f835-7823-4120-ba15-da80b6525d1d@group-105F4042666B->a929fe19-32c2-4064-994c-6020b0bb7a68: nextIndex: updateUnconditionally 0 -> 0
2019-10-07 12:53:48,153 [main] WARN  scm.XceiverClientRatis (XceiverClientRatis.java:watchForCommit(269)) - 3 way commit failed on pipeline Pipeline[ Id: 485f1b3c-bc6e-4694-a404-105f4042666b, Nodes: 786f91eb-928f-4402-89ae-1713a48bf1ef{ip: 192.168.151.100, host: pr-hdds-2264-877rn-2827291287, networkLocation: /default-rack, certSerialId: null}a929fe19-32c2-4064-994c-6020b0bb7a68{ip: 192.168.151.100, host: pr-hdds-2264-877rn-2827291287, networkLocation: /default-rack, certSerialId: null}7741f835-7823-4120-ba15-da80b6525d1d{ip: 192.168.151.100, host: pr-hdds-2264-877rn-2827291287, networkLocation: /default-rack, certSerialId: null}, Type:RATIS, Factor:THREE, State:OPEN]
java.util.concurrent.TimeoutException
	at java.util.concurrent.CompletableFuture.timedGet(CompletableFuture.java:1771)
	at java.util.concurrent.CompletableFuture.get(CompletableFuture.java:1915)
	at org.apache.hadoop.hdds.scm.XceiverClientRatis.watchForCommit(XceiverClientRatis.java:266)
	at org.apache.hadoop.ozone.client.rpc.TestWatchForCommit.testWatchForCommitForRetryfailure(TestWatchForCommit.java:345)
	at sun.reflect.NativeMethodAccessorImpl.invoke0(Native Method)
	at sun.reflect.NativeMethodAccessorImpl.invoke(NativeMethodAccessorImpl.java:62)
	at sun.reflect.DelegatingMethodAccessorImpl.invoke(DelegatingMethodAccessorImpl.java:43)
	at java.lang.reflect.Method.invoke(Method.java:498)
	at org.junit.runners.model.FrameworkMethod$1.runReflectiveCall(FrameworkMethod.java:47)
	at org.junit.internal.runners.model.ReflectiveCallable.run(ReflectiveCallable.java:12)
	at org.junit.runners.model.FrameworkMethod.invokeExplosively(FrameworkMethod.java:44)
	at org.junit.internal.runners.statements.InvokeMethod.evaluate(InvokeMethod.java:17)
	at org.junit.runners.ParentRunner.runLeaf(ParentRunner.java:271)
	at org.junit.runners.BlockJUnit4ClassRunner.runChild(BlockJUnit4ClassRunner.java:70)
	at org.junit.runners.BlockJUnit4ClassRunner.runChild(BlockJUnit4ClassRunner.java:50)
	at org.junit.runners.ParentRunner$3.run(ParentRunner.java:238)
	at org.junit.runners.ParentRunner$1.schedule(ParentRunner.java:63)
	at org.junit.runners.ParentRunner.runChildren(ParentRunner.java:236)
	at org.junit.runners.ParentRunner.access$000(ParentRunner.java:53)
	at org.junit.runners.ParentRunner$2.evaluate(ParentRunner.java:229)
	at org.junit.runners.ParentRunner.run(ParentRunner.java:309)
	at org.apache.maven.surefire.junit4.JUnit4Provider.execute(JUnit4Provider.java:365)
	at org.apache.maven.surefire.junit4.JUnit4Provider.executeWithRerun(JUnit4Provider.java:273)
	at org.apache.maven.surefire.junit4.JUnit4Provider.executeTestSet(JUnit4Provider.java:238)
	at org.apache.maven.surefire.junit4.JUnit4Provider.invoke(JUnit4Provider.java:159)
	at org.apache.maven.surefire.booter.ForkedBooter.invokeProviderInSameClassLoader(ForkedBooter.java:384)
	at org.apache.maven.surefire.booter.ForkedBooter.runSuitesInProcess(ForkedBooter.java:345)
	at org.apache.maven.surefire.booter.ForkedBooter.execute(ForkedBooter.java:126)
	at org.apache.maven.surefire.booter.ForkedBooter.main(ForkedBooter.java:418)
2019-10-07 12:53:50,373 [grpc-default-executor-5] WARN  server.GrpcLogAppender (LogUtils.java:warn(134)) - 7741f835-7823-4120-ba15-da80b6525d1d@group-105F4042666B->786f91eb-928f-4402-89ae-1713a48bf1ef-AppendLogResponseHandler: Failed appendEntries: org.apache.ratis.thirdparty.io.grpc.StatusRuntimeException: UNAVAILABLE: io exception
2019-10-07 12:53:50,374 [grpc-default-executor-5] INFO  impl.FollowerInfo (FollowerInfo.java:lambda$new$0(51)) - 7741f835-7823-4120-ba15-da80b6525d1d@group-105F4042666B->786f91eb-928f-4402-89ae-1713a48bf1ef: nextIndex: updateUnconditionally 0 -> 0
2019-10-07 12:53:50,382 [grpc-default-executor-5] WARN  server.GrpcLogAppender (LogUtils.java:warn(134)) - 7741f835-7823-4120-ba15-da80b6525d1d@group-105F4042666B->a929fe19-32c2-4064-994c-6020b0bb7a68-AppendLogResponseHandler: Failed appendEntries: org.apache.ratis.thirdparty.io.grpc.StatusRuntimeException: UNAVAILABLE: io exception
2019-10-07 12:53:50,382 [grpc-default-executor-5] INFO  impl.FollowerInfo (FollowerInfo.java:lambda$new$0(51)) - 7741f835-7823-4120-ba15-da80b6525d1d@group-105F4042666B->a929fe19-32c2-4064-994c-6020b0bb7a68: nextIndex: updateUnconditionally 0 -> 0
2019-10-07 12:53:52,874 [grpc-default-executor-5] WARN  server.GrpcLogAppender (LogUtils.java:warn(134)) - 7741f835-7823-4120-ba15-da80b6525d1d@group-105F4042666B->786f91eb-928f-4402-89ae-1713a48bf1ef-AppendLogResponseHandler: Failed appendEntries: org.apache.ratis.thirdparty.io.grpc.StatusRuntimeException: UNAVAILABLE: io exception
2019-10-07 12:53:52,875 [grpc-default-executor-5] INFO  impl.FollowerInfo (FollowerInfo.java:lambda$new$0(51)) - 7741f835-7823-4120-ba15-da80b6525d1d@group-105F4042666B->786f91eb-928f-4402-89ae-1713a48bf1ef: nextIndex: updateUnconditionally 0 -> 0
2019-10-07 12:53:52,883 [grpc-default-executor-0] WARN  server.GrpcLogAppender (LogUtils.java:warn(134)) - 7741f835-7823-4120-ba15-da80b6525d1d@group-105F4042666B->a929fe19-32c2-4064-994c-6020b0bb7a68-AppendLogResponseHandler: Failed appendEntries: org.apache.ratis.thirdparty.io.grpc.StatusRuntimeException: UNAVAILABLE: io exception
2019-10-07 12:53:52,887 [grpc-default-executor-0] INFO  impl.FollowerInfo (FollowerInfo.java:lambda$new$0(51)) - 7741f835-7823-4120-ba15-da80b6525d1d@group-105F4042666B->a929fe19-32c2-4064-994c-6020b0bb7a68: nextIndex: updateUnconditionally 0 -> 0
2019-10-07 12:53:53,056 [Thread-1621] INFO  client.GrpcClientProtocolService (GrpcClientProtocolService.java:lambda$processClientRequest$0(278)) - Failed RaftClientRequest:client-F577C44ADB69->7741f835-7823-4120-ba15-da80b6525d1d@group-105F4042666B, cid=67, seq=0, Watch-ALL_COMMITTED(42), Message:<EMPTY>, reply=RaftClientReply:client-F577C44ADB69->7741f835-7823-4120-ba15-da80b6525d1d@group-105F4042666B, cid=67, FAILED org.apache.ratis.protocol.NotReplicatedException: Request with call Id 67 and log index 42 is not yet replicated to ALL_COMMITTED, logIndex=42, commits[7741f835-7823-4120-ba15-da80b6525d1d:c2, 786f91eb-928f-4402-89ae-1713a48bf1ef:c2, a929fe19-32c2-4064-994c-6020b0bb7a68:c2]
2019-10-07 12:53:55,376 [grpc-default-executor-2] WARN  server.GrpcLogAppender (LogUtils.java:warn(134)) - 7741f835-7823-4120-ba15-da80b6525d1d@group-105F4042666B->786f91eb-928f-4402-89ae-1713a48bf1ef-AppendLogResponseHandler: Failed appendEntries: org.apache.ratis.thirdparty.io.grpc.StatusRuntimeException: UNAVAILABLE: io exception
2019-10-07 12:53:55,377 [grpc-default-executor-2] INFO  impl.FollowerInfo (FollowerInfo.java:lambda$new$0(51)) - 7741f835-7823-4120-ba15-da80b6525d1d@group-105F4042666B->786f91eb-928f-4402-89ae-1713a48bf1ef: nextIndex: updateUnconditionally 0 -> 0
2019-10-07 12:53:55,383 [grpc-default-executor-0] WARN  server.GrpcLogAppender (LogUtils.java:warn(134)) - 7741f835-7823-4120-ba15-da80b6525d1d@group-105F4042666B->a929fe19-32c2-4064-994c-6020b0bb7a68-AppendLogResponseHandler: Failed appendEntries: org.apache.ratis.thirdparty.io.grpc.StatusRuntimeException: UNAVAILABLE: io exception
2019-10-07 12:53:55,387 [grpc-default-executor-0] INFO  impl.FollowerInfo (FollowerInfo.java:lambda$new$0(51)) - 7741f835-7823-4120-ba15-da80b6525d1d@group-105F4042666B->a929fe19-32c2-4064-994c-6020b0bb7a68: nextIndex: updateUnconditionally 0 -> 0
2019-10-07 12:53:57,883 [grpc-default-executor-0] WARN  server.GrpcLogAppender (LogUtils.java:warn(134)) - 7741f835-7823-4120-ba15-da80b6525d1d@group-105F4042666B->786f91eb-928f-4402-89ae-1713a48bf1ef-AppendLogResponseHandler: Failed appendEntries: org.apache.ratis.thirdparty.io.grpc.StatusRuntimeException: UNAVAILABLE: io exception
2019-10-07 12:53:57,884 [grpc-default-executor-2] WARN  server.GrpcLogAppender (LogUtils.java:warn(134)) - 7741f835-7823-4120-ba15-da80b6525d1d@group-105F4042666B->a929fe19-32c2-4064-994c-6020b0bb7a68-AppendLogResponseHandler: Failed appendEntries: org.apache.ratis.thirdparty.io.grpc.StatusRuntimeException: UNAVAILABLE: io exception
2019-10-07 12:53:57,885 [grpc-default-executor-0] INFO  impl.FollowerInfo (FollowerInfo.java:lambda$new$0(51)) - 7741f835-7823-4120-ba15-da80b6525d1d@group-105F4042666B->786f91eb-928f-4402-89ae-1713a48bf1ef: nextIndex: updateUnconditionally 0 -> 0
2019-10-07 12:53:57,885 [grpc-default-executor-2] INFO  impl.FollowerInfo (FollowerInfo.java:lambda$new$0(51)) - 7741f835-7823-4120-ba15-da80b6525d1d@group-105F4042666B->a929fe19-32c2-4064-994c-6020b0bb7a68: nextIndex: updateUnconditionally 0 -> 0
2019-10-07 12:54:00,380 [grpc-default-executor-5] WARN  server.GrpcLogAppender (LogUtils.java:warn(134)) - 7741f835-7823-4120-ba15-da80b6525d1d@group-105F4042666B->786f91eb-928f-4402-89ae-1713a48bf1ef-AppendLogResponseHandler: Failed appendEntries: org.apache.ratis.thirdparty.io.grpc.StatusRuntimeException: UNAVAILABLE: io exception
2019-10-07 12:54:00,382 [grpc-default-executor-5] INFO  impl.FollowerInfo (FollowerInfo.java:lambda$new$0(51)) - 7741f835-7823-4120-ba15-da80b6525d1d@group-105F4042666B->786f91eb-928f-4402-89ae-1713a48bf1ef: nextIndex: updateUnconditionally 0 -> 0
2019-10-07 12:54:00,385 [grpc-default-executor-2] WARN  server.GrpcLogAppender (LogUtils.java:warn(134)) - 7741f835-7823-4120-ba15-da80b6525d1d@group-105F4042666B->a929fe19-32c2-4064-994c-6020b0bb7a68-AppendLogResponseHandler: Failed appendEntries: org.apache.ratis.thirdparty.io.grpc.StatusRuntimeException: UNAVAILABLE: io exception
2019-10-07 12:54:00,385 [grpc-default-executor-2] INFO  impl.FollowerInfo (FollowerInfo.java:lambda$new$0(51)) - 7741f835-7823-4120-ba15-da80b6525d1d@group-105F4042666B->a929fe19-32c2-4064-994c-6020b0bb7a68: nextIndex: updateUnconditionally 0 -> 0
2019-10-07 12:54:02,057 [Thread-1638] INFO  client.GrpcClientProtocolService (GrpcClientProtocolService.java:lambda$processClientRequest$0(278)) - Failed RaftClientRequest:client-F577C44ADB69->7741f835-7823-4120-ba15-da80b6525d1d@group-105F4042666B, cid=68, seq=0, Watch-MAJORITY_COMMITTED(42), Message:<EMPTY>, reply=RaftClientReply:client-F577C44ADB69->7741f835-7823-4120-ba15-da80b6525d1d@group-105F4042666B, cid=68, FAILED org.apache.ratis.protocol.NotReplicatedException: Request with call Id 68 and log index 42 is not yet replicated to MAJORITY_COMMITTED, logIndex=42, commits[7741f835-7823-4120-ba15-da80b6525d1d:c2, 786f91eb-928f-4402-89ae-1713a48bf1ef:c2, a929fe19-32c2-4064-994c-6020b0bb7a68:c2]
2019-10-07 12:54:02,057 [Thread-1639] INFO  client.GrpcClientProtocolService (GrpcClientProtocolService.java:lambda$processClientRequest$0(278)) - Failed RaftClientRequest:client-F577C44ADB69->7741f835-7823-4120-ba15-da80b6525d1d@group-105F4042666B, cid=67, seq=0, Watch-ALL_COMMITTED(42), Message:<EMPTY>, reply=RaftClientReply:client-F577C44ADB69->7741f835-7823-4120-ba15-da80b6525d1d@group-105F4042666B, cid=67, FAILED org.apache.ratis.protocol.NotReplicatedException: Request with call Id 67 and log index 42 is not yet replicated to ALL_COMMITTED, logIndex=42, commits[7741f835-7823-4120-ba15-da80b6525d1d:c2, 786f91eb-928f-4402-89ae-1713a48bf1ef:c2, a929fe19-32c2-4064-994c-6020b0bb7a68:c2]
2019-10-07 12:54:02,883 [grpc-default-executor-2] WARN  server.GrpcLogAppender (LogUtils.java:warn(134)) - 7741f835-7823-4120-ba15-da80b6525d1d@group-105F4042666B->786f91eb-928f-4402-89ae-1713a48bf1ef-AppendLogResponseHandler: Failed appendEntries: org.apache.ratis.thirdparty.io.grpc.StatusRuntimeException: UNAVAILABLE: io exception
2019-10-07 12:54:02,891 [grpc-default-executor-2] INFO  impl.FollowerInfo (FollowerInfo.java:lambda$new$0(51)) - 7741f835-7823-4120-ba15-da80b6525d1d@group-105F4042666B->786f91eb-928f-4402-89ae-1713a48bf1ef: nextIndex: updateUnconditionally 0 -> 0
2019-10-07 12:54:02,892 [grpc-default-executor-0] WARN  server.GrpcLogAppender (LogUtils.java:warn(134)) - 7741f835-7823-4120-ba15-da80b6525d1d@group-105F4042666B->a929fe19-32c2-4064-994c-6020b0bb7a68-AppendLogResponseHandler: Failed appendEntries: org.apache.ratis.thirdparty.io.grpc.StatusRuntimeException: UNAVAILABLE: io exception
2019-10-07 12:54:02,894 [grpc-default-executor-0] INFO  impl.FollowerInfo (FollowerInfo.java:lambda$new$0(51)) - 7741f835-7823-4120-ba15-da80b6525d1d@group-105F4042666B->a929fe19-32c2-4064-994c-6020b0bb7a68: nextIndex: updateUnconditionally 0 -> 0
2019-10-07 12:54:05,385 [grpc-default-executor-0] WARN  server.GrpcLogAppender (LogUtils.java:warn(134)) - 7741f835-7823-4120-ba15-da80b6525d1d@group-105F4042666B->786f91eb-928f-4402-89ae-1713a48bf1ef-AppendLogResponseHandler: Failed appendEntries: org.apache.ratis.thirdparty.io.grpc.StatusRuntimeException: UNAVAILABLE: io exception
2019-10-07 12:54:05,386 [grpc-default-executor-0] INFO  impl.FollowerInfo (FollowerInfo.java:lambda$new$0(51)) - 7741f835-7823-4120-ba15-da80b6525d1d@group-105F4042666B->786f91eb-928f-4402-89ae-1713a48bf1ef: nextIndex: updateUnconditionally 0 -> 0
2019-10-07 12:54:05,392 [grpc-default-executor-0] WARN  server.GrpcLogAppender (LogUtils.java:warn(134)) - 7741f835-7823-4120-ba15-da80b6525d1d@group-105F4042666B->a929fe19-32c2-4064-994c-6020b0bb7a68-AppendLogResponseHandler: Failed appendEntries: org.apache.ratis.thirdparty.io.grpc.StatusRuntimeException: UNAVAILABLE: io exception
2019-10-07 12:54:05,393 [grpc-default-executor-0] INFO  impl.FollowerInfo (FollowerInfo.java:lambda$new$0(51)) - 7741f835-7823-4120-ba15-da80b6525d1d@group-105F4042666B->a929fe19-32c2-4064-994c-6020b0bb7a68: nextIndex: updateUnconditionally 0 -> 0
2019-10-07 12:54:07,886 [grpc-default-executor-0] WARN  server.GrpcLogAppender (LogUtils.java:warn(134)) - 7741f835-7823-4120-ba15-da80b6525d1d@group-105F4042666B->786f91eb-928f-4402-89ae-1713a48bf1ef-AppendLogResponseHandler: Failed appendEntries: org.apache.ratis.thirdparty.io.grpc.StatusRuntimeException: UNAVAILABLE: io exception
2019-10-07 12:54:07,887 [grpc-default-executor-0] INFO  impl.FollowerInfo (FollowerInfo.java:lambda$new$0(51)) - 7741f835-7823-4120-ba15-da80b6525d1d@group-105F4042666B->786f91eb-928f-4402-89ae-1713a48bf1ef: nextIndex: updateUnconditionally 0 -> 0
2019-10-07 12:54:07,893 [grpc-default-executor-5] WARN  server.GrpcLogAppender (LogUtils.java:warn(134)) - 7741f835-7823-4120-ba15-da80b6525d1d@group-105F4042666B->a929fe19-32c2-4064-994c-6020b0bb7a68-AppendLogResponseHandler: Failed appendEntries: org.apache.ratis.thirdparty.io.grpc.StatusRuntimeException: UNAVAILABLE: io exception
2019-10-07 12:54:07,894 [grpc-default-executor-5] INFO  impl.FollowerInfo (FollowerInfo.java:lambda$new$0(51)) - 7741f835-7823-4120-ba15-da80b6525d1d@group-105F4042666B->a929fe19-32c2-4064-994c-6020b0bb7a68: nextIndex: updateUnconditionally 0 -> 0
]]></system-out>
    <system-err><![CDATA[Oct 07, 2019 12:53:23 PM org.apache.ratis.thirdparty.io.grpc.internal.SerializingExecutor run
SEVERE: Exception while executing runnable org.apache.ratis.thirdparty.io.grpc.internal.ServerImpl$JumpToApplicationThreadServerStreamListener$1Closed@fbe8824
org.apache.ratis.thirdparty.io.grpc.StatusRuntimeException: CANCELLED: call already cancelled
	at org.apache.ratis.thirdparty.io.grpc.Status.asRuntimeException(Status.java:517)
	at org.apache.ratis.thirdparty.io.grpc.stub.ServerCalls$ServerCallStreamObserverImpl.onCompleted(ServerCalls.java:356)
	at org.apache.ratis.grpc.server.GrpcServerProtocolService$ServerRequestStreamObserver.onError(GrpcServerProtocolService.java:121)
	at org.apache.ratis.thirdparty.io.grpc.stub.ServerCalls$StreamingServerCallHandler$StreamingServerCallListener.onCancel(ServerCalls.java:269)
	at org.apache.ratis.thirdparty.io.grpc.internal.ServerCallImpl$ServerStreamListenerImpl.closed(ServerCallImpl.java:293)
	at org.apache.ratis.thirdparty.io.grpc.internal.ServerImpl$JumpToApplicationThreadServerStreamListener$1Closed.runInContext(ServerImpl.java:741)
	at org.apache.ratis.thirdparty.io.grpc.internal.ContextRunnable.run(ContextRunnable.java:37)
	at org.apache.ratis.thirdparty.io.grpc.internal.SerializingExecutor.run(SerializingExecutor.java:123)
	at java.util.concurrent.ThreadPoolExecutor.runWorker(ThreadPoolExecutor.java:1149)
	at java.util.concurrent.ThreadPoolExecutor$Worker.run(ThreadPoolExecutor.java:624)
	at java.lang.Thread.run(Thread.java:748)

Oct 07, 2019 12:53:28 PM org.apache.ratis.thirdparty.io.grpc.internal.SerializingExecutor run
SEVERE: Exception while executing runnable org.apache.ratis.thirdparty.io.grpc.internal.ServerImpl$JumpToApplicationThreadServerStreamListener$1Closed@3edd6e6
org.apache.ratis.thirdparty.io.grpc.StatusRuntimeException: CANCELLED: call already cancelled
	at org.apache.ratis.thirdparty.io.grpc.Status.asRuntimeException(Status.java:517)
	at org.apache.ratis.thirdparty.io.grpc.stub.ServerCalls$ServerCallStreamObserverImpl.onCompleted(ServerCalls.java:356)
	at org.apache.ratis.grpc.server.GrpcServerProtocolService$ServerRequestStreamObserver.onError(GrpcServerProtocolService.java:121)
	at org.apache.ratis.thirdparty.io.grpc.stub.ServerCalls$StreamingServerCallHandler$StreamingServerCallListener.onCancel(ServerCalls.java:269)
	at org.apache.ratis.thirdparty.io.grpc.internal.ServerCallImpl$ServerStreamListenerImpl.closed(ServerCallImpl.java:293)
	at org.apache.ratis.thirdparty.io.grpc.internal.ServerImpl$JumpToApplicationThreadServerStreamListener$1Closed.runInContext(ServerImpl.java:741)
	at org.apache.ratis.thirdparty.io.grpc.internal.ContextRunnable.run(ContextRunnable.java:37)
	at org.apache.ratis.thirdparty.io.grpc.internal.SerializingExecutor.run(SerializingExecutor.java:123)
	at java.util.concurrent.ThreadPoolExecutor.runWorker(ThreadPoolExecutor.java:1149)
	at java.util.concurrent.ThreadPoolExecutor$Worker.run(ThreadPoolExecutor.java:624)
	at java.lang.Thread.run(Thread.java:748)

]]></system-err>
  </testcase>
  <testcase name="testWatchForCommitForGroupMismatchException" classname="org.apache.hadoop.ozone.client.rpc.TestWatchForCommit" time="32.985"/>
  <testcase name="test2WayCommitForTimeoutException" classname="org.apache.hadoop.ozone.client.rpc.TestWatchForCommit" time="23.127">
    <error type="java.util.concurrent.TimeoutException">java.util.concurrent.TimeoutException
	at java.util.concurrent.CompletableFuture.timedGet(CompletableFuture.java:1771)
	at java.util.concurrent.CompletableFuture.get(CompletableFuture.java:1915)
	at org.apache.hadoop.hdds.scm.XceiverClientRatis.watchForCommit(XceiverClientRatis.java:275)
	at org.apache.hadoop.ozone.client.rpc.TestWatchForCommit.test2WayCommitForTimeoutException(TestWatchForCommit.java:391)
	at sun.reflect.NativeMethodAccessorImpl.invoke0(Native Method)
	at sun.reflect.NativeMethodAccessorImpl.invoke(NativeMethodAccessorImpl.java:62)
	at sun.reflect.DelegatingMethodAccessorImpl.invoke(DelegatingMethodAccessorImpl.java:43)
	at java.lang.reflect.Method.invoke(Method.java:498)
	at org.junit.runners.model.FrameworkMethod$1.runReflectiveCall(FrameworkMethod.java:47)
	at org.junit.internal.runners.model.ReflectiveCallable.run(ReflectiveCallable.java:12)
	at org.junit.runners.model.FrameworkMethod.invokeExplosively(FrameworkMethod.java:44)
	at org.junit.internal.runners.statements.InvokeMethod.evaluate(InvokeMethod.java:17)
	at org.junit.runners.ParentRunner.runLeaf(ParentRunner.java:271)
	at org.junit.runners.BlockJUnit4ClassRunner.runChild(BlockJUnit4ClassRunner.java:70)
	at org.junit.runners.BlockJUnit4ClassRunner.runChild(BlockJUnit4ClassRunner.java:50)
	at org.junit.runners.ParentRunner$3.run(ParentRunner.java:238)
	at org.junit.runners.ParentRunner$1.schedule(ParentRunner.java:63)
	at org.junit.runners.ParentRunner.runChildren(ParentRunner.java:236)
	at org.junit.runners.ParentRunner.access$000(ParentRunner.java:53)
	at org.junit.runners.ParentRunner$2.evaluate(ParentRunner.java:229)
	at org.junit.runners.ParentRunner.run(ParentRunner.java:309)
	at org.apache.maven.surefire.junit4.JUnit4Provider.execute(JUnit4Provider.java:365)
	at org.apache.maven.surefire.junit4.JUnit4Provider.executeWithRerun(JUnit4Provider.java:273)
	at org.apache.maven.surefire.junit4.JUnit4Provider.executeTestSet(JUnit4Provider.java:238)
	at org.apache.maven.surefire.junit4.JUnit4Provider.invoke(JUnit4Provider.java:159)
	at org.apache.maven.surefire.booter.ForkedBooter.invokeProviderInSameClassLoader(ForkedBooter.java:384)
	at org.apache.maven.surefire.booter.ForkedBooter.runSuitesInProcess(ForkedBooter.java:345)
	at org.apache.maven.surefire.booter.ForkedBooter.execute(ForkedBooter.java:126)
	at org.apache.maven.surefire.booter.ForkedBooter.main(ForkedBooter.java:418)
</error>
    <system-out><![CDATA[2019-10-07 12:54:41,182 [main] WARN  server.ServerUtils (ServerUtils.java:getScmDbDir(145)) - ozone.scm.db.dirs is not configured. We recommend adding this setting. Falling back to ozone.metadata.dirs instead.
2019-10-07 12:54:41,197 [main] WARN  server.ServerUtils (ServerUtils.java:getScmDbDir(145)) - ozone.scm.db.dirs is not configured. We recommend adding this setting. Falling back to ozone.metadata.dirs instead.
2019-10-07 12:54:41,197 [main] WARN  server.ServerUtils (ServerUtils.java:getScmDbDir(145)) - ozone.scm.db.dirs is not configured. We recommend adding this setting. Falling back to ozone.metadata.dirs instead.
2019-10-07 12:54:41,198 [main] INFO  db.DBStoreBuilder (DBStoreBuilder.java:addTable(117)) - using custom profile for table: deletedBlocks
2019-10-07 12:54:41,198 [main] INFO  db.DBStoreBuilder (DBStoreBuilder.java:processTables(168)) - Using default column profile:DBProfile.DISK for Table:deletedBlocks
2019-10-07 12:54:41,198 [main] INFO  db.DBStoreBuilder (DBStoreBuilder.java:addTable(117)) - using custom profile for table: validCerts
2019-10-07 12:54:41,198 [main] INFO  db.DBStoreBuilder (DBStoreBuilder.java:processTables(168)) - Using default column profile:DBProfile.DISK for Table:validCerts
2019-10-07 12:54:41,199 [main] INFO  db.DBStoreBuilder (DBStoreBuilder.java:addTable(117)) - using custom profile for table: revokedCerts
2019-10-07 12:54:41,199 [main] INFO  db.DBStoreBuilder (DBStoreBuilder.java:processTables(168)) - Using default column profile:DBProfile.DISK for Table:revokedCerts
2019-10-07 12:54:41,199 [main] INFO  db.DBStoreBuilder (DBStoreBuilder.java:addTable(117)) - using custom profile for table: default
2019-10-07 12:54:41,199 [main] INFO  db.DBStoreBuilder (DBStoreBuilder.java:processTables(174)) - Using default column profile:DBProfile.DISK for Table:default
2019-10-07 12:54:41,199 [main] INFO  db.DBStoreBuilder (DBStoreBuilder.java:getDbProfile(205)) - Using default options. DBProfile.DISK
2019-10-07 12:54:41,370 [main] INFO  net.NodeSchemaLoader (NodeSchemaLoader.java:loadSchemaFromFile(125)) - Loading file from sun.misc.CompoundEnumeration@69ed5ea2
2019-10-07 12:54:41,371 [main] INFO  net.NodeSchemaLoader (NodeSchemaLoader.java:loadSchema(171)) - Loading network topology layer schema file
2019-10-07 12:54:41,375 [main] WARN  server.ServerUtils (ServerUtils.java:sanitizeUserArgs(70)) - ozone.scm.stale.node.interval value = 300000 is larger than max = 100000 based on the key value of ozone.scm.heartbeat.thread.interval, reset to the max value 100000.
2019-10-07 12:54:41,375 [main] WARN  server.ServerUtils (ServerUtils.java:sanitizeUserArgs(70)) - ozone.scm.stale.node.interval value = 300000 is larger than max = 100000 based on the key value of ozone.scm.heartbeat.thread.interval, reset to the max value 100000.
2019-10-07 12:54:41,376 [main] INFO  node.SCMNodeManager (SCMNodeManager.java:<init>(116)) - Entering startup safe mode.
2019-10-07 12:54:41,376 [main] INFO  algorithms.ContainerPlacementPolicyFactory (ContainerPlacementPolicyFactory.java:getPolicy(57)) - Create container placement policy of type org.apache.hadoop.hdds.scm.container.placement.algorithms.SCMContainerPlacementRandom
2019-10-07 12:54:41,377 [main] WARN  server.ServerUtils (ServerUtils.java:getScmDbDir(145)) - ozone.scm.db.dirs is not configured. We recommend adding this setting. Falling back to ozone.metadata.dirs instead.
2019-10-07 12:54:41,418 [main] INFO  pipeline.SCMPipelineManager (SCMPipelineManager.java:initializePipelineState(132)) - No pipeline exists in current db
2019-10-07 12:54:41,418 [main] WARN  server.ServerUtils (ServerUtils.java:getScmDbDir(145)) - ozone.scm.db.dirs is not configured. We recommend adding this setting. Falling back to ozone.metadata.dirs instead.
2019-10-07 12:54:41,442 [main] WARN  events.EventQueue (EventQueue.java:fireEvent(183)) - No event handler registered for event TypedEvent{payloadType=SafeModeStatus, name='SafeModeStatus'}
2019-10-07 12:54:41,443 [main] INFO  ipc.CallQueueManager (CallQueueManager.java:<init>(84)) - Using callQueue: class java.util.concurrent.LinkedBlockingQueue, queueCapacity: 2000, scheduler: class org.apache.hadoop.ipc.DefaultRpcScheduler, ipcBackoff: false.
2019-10-07 12:54:41,444 [Socket Reader #1 for port 33909] INFO  ipc.Server (Server.java:run(1074)) - Starting Socket Reader #1 for port 33909
2019-10-07 12:54:41,448 [main] INFO  ipc.CallQueueManager (CallQueueManager.java:<init>(84)) - Using callQueue: class java.util.concurrent.LinkedBlockingQueue, queueCapacity: 2000, scheduler: class org.apache.hadoop.ipc.DefaultRpcScheduler, ipcBackoff: false.
2019-10-07 12:54:41,449 [Socket Reader #1 for port 43856] INFO  ipc.Server (Server.java:run(1074)) - Starting Socket Reader #1 for port 43856
2019-10-07 12:54:41,452 [main] INFO  ipc.CallQueueManager (CallQueueManager.java:<init>(84)) - Using callQueue: class java.util.concurrent.LinkedBlockingQueue, queueCapacity: 2000, scheduler: class org.apache.hadoop.ipc.DefaultRpcScheduler, ipcBackoff: false.
2019-10-07 12:54:41,452 [Socket Reader #1 for port 44894] INFO  ipc.Server (Server.java:run(1074)) - Starting Socket Reader #1 for port 44894
2019-10-07 12:54:41,456 [main] INFO  hdfs.DFSUtil (DFSUtil.java:httpServerTemplateForNNAndJN(1641)) - Starting Web-server for scm at: http://0.0.0.0:0
2019-10-07 12:54:41,458 [main] INFO  server.AuthenticationFilter (AuthenticationFilter.java:constructSecretProvider(240)) - Unable to initialize FileSignerSecretProvider, falling back to use random secrets.
2019-10-07 12:54:41,459 [main] WARN  http.HttpRequestLog (HttpRequestLog.java:getRequestLog(97)) - Jetty request log can only be enabled using Log4j
2019-10-07 12:54:41,461 [main] INFO  http.HttpServer2 (HttpServer2.java:addGlobalFilter(975)) - Added global filter 'safety' (class=org.apache.hadoop.http.HttpServer2$QuotingInputFilter)
2019-10-07 12:54:41,461 [main] INFO  http.HttpServer2 (HttpServer2.java:addFilter(948)) - Added filter static_user_filter (class=org.apache.hadoop.http.lib.StaticUserWebFilter$StaticUserFilter) to context scm
2019-10-07 12:54:41,462 [main] INFO  http.HttpServer2 (HttpServer2.java:addFilter(958)) - Added filter static_user_filter (class=org.apache.hadoop.http.lib.StaticUserWebFilter$StaticUserFilter) to context logs
2019-10-07 12:54:41,462 [main] INFO  http.HttpServer2 (HttpServer2.java:addFilter(958)) - Added filter static_user_filter (class=org.apache.hadoop.http.lib.StaticUserWebFilter$StaticUserFilter) to context static
2019-10-07 12:54:41,464 [main] INFO  server.StorageContainerManager (StorageContainerManager.java:start(770)) - StorageContainerLocationProtocol RPC server is listening at /0.0.0.0:44894
2019-10-07 12:54:41,467 [main] WARN  impl.MetricsConfig (MetricsConfig.java:loadFirst(134)) - Cannot locate configuration: tried hadoop-metrics2-storagecontainermanager.properties,hadoop-metrics2.properties
2019-10-07 12:54:41,468 [main] INFO  impl.MetricsSystemImpl (MetricsSystemImpl.java:startTimer(374)) - Scheduled Metric snapshot period at 10 second(s).
2019-10-07 12:54:41,468 [main] INFO  impl.MetricsSystemImpl (MetricsSystemImpl.java:start(191)) - StorageContainerManager metrics system started
2019-10-07 12:54:41,787 [main] WARN  impl.MetricsSystemImpl (MetricsSystemImpl.java:register(276)) - Sink prometheus already exists!
2019-10-07 12:54:42,082 [main] INFO  server.SCMClientProtocolServer (SCMClientProtocolServer.java:start(159)) - RPC server for Client  is listening at /0.0.0.0:44894
2019-10-07 12:54:42,083 [IPC Server Responder] INFO  ipc.Server (Server.java:run(1314)) - IPC Server Responder: starting
2019-10-07 12:54:42,083 [IPC Server listener on 44894] INFO  ipc.Server (Server.java:run(1153)) - IPC Server listener on 44894: starting
2019-10-07 12:54:42,097 [main] INFO  server.StorageContainerManager (StorageContainerManager.java:start(780)) - ScmBlockLocationProtocol RPC server is listening at /0.0.0.0:43856
2019-10-07 12:54:42,097 [main] INFO  server.SCMBlockProtocolServer (SCMBlockProtocolServer.java:start(146)) - RPC server for Block Protocol is listening at /0.0.0.0:43856
2019-10-07 12:54:42,098 [IPC Server Responder] INFO  ipc.Server (Server.java:run(1314)) - IPC Server Responder: starting
2019-10-07 12:54:42,098 [IPC Server listener on 43856] INFO  ipc.Server (Server.java:run(1153)) - IPC Server listener on 43856: starting
2019-10-07 12:54:42,105 [main] INFO  server.StorageContainerManager (StorageContainerManager.java:start(784)) - ScmDatanodeProtocl RPC server is listening at /0.0.0.0:33909
2019-10-07 12:54:42,105 [main] INFO  server.SCMDatanodeProtocolServer (SCMDatanodeProtocolServer.java:start(169)) - RPC server for DataNodes is listening at /0.0.0.0:33909
2019-10-07 12:54:42,106 [IPC Server Responder] INFO  ipc.Server (Server.java:run(1314)) - IPC Server Responder: starting
2019-10-07 12:54:42,106 [IPC Server listener on 33909] INFO  ipc.Server (Server.java:run(1153)) - IPC Server listener on 33909: starting
2019-10-07 12:54:42,112 [main] INFO  http.HttpServer2 (HttpServer2.java:bindListener(1191)) - Jetty bound to port 41712
2019-10-07 12:54:42,112 [main] INFO  server.Server (Server.java:doStart(351)) - jetty-9.3.25.v20180904, build timestamp: 2018-09-04T21:11:46Z, git hash: 3ce520221d0240229c862b122d2b06c12a625732
2019-10-07 12:54:42,114 [main] INFO  handler.ContextHandler (ContextHandler.java:doStart(781)) - Started o.e.j.s.ServletContextHandler@2faa55bb{/logs,file:///workdir/hadoop-ozone/integration-test/target/log,AVAILABLE}
2019-10-07 12:54:42,115 [main] INFO  handler.ContextHandler (ContextHandler.java:doStart(781)) - Started o.e.j.s.ServletContextHandler@5d1d9d73{/static,file:///workdir/hadoop-ozone/integration-test/target/test-classes/webapps/static,AVAILABLE}
2019-10-07 12:54:42,119 [main] INFO  handler.ContextHandler (ContextHandler.java:doStart(781)) - Started o.e.j.w.WebAppContext@111c229c{/,file:///workdir/hadoop-ozone/integration-test/target/test-classes/webapps/scm/,AVAILABLE}{/scm}
2019-10-07 12:54:42,119 [main] INFO  server.AbstractConnector (AbstractConnector.java:doStart(278)) - Started ServerConnector@49cb3881{HTTP/1.1,[http/1.1]}{0.0.0.0:41712}
2019-10-07 12:54:42,122 [main] INFO  server.Server (Server.java:doStart(419)) - Started @218134ms
2019-10-07 12:54:42,122 [main] WARN  impl.MetricsSystemImpl (MetricsSystemImpl.java:register(276)) - Sink prometheus already exists!
2019-10-07 12:54:42,124 [main] INFO  server.BaseHttpServer (BaseHttpServer.java:updateConnectorAddress(215)) - HTTP server of SCM is listening at http://0.0.0.0:41712
2019-10-07 12:54:42,125 [main] WARN  server.ServerUtils (ServerUtils.java:getDBPath(222)) - ozone.om.db.dirs is not configured. We recommend adding this setting. Falling back to ozone.metadata.dirs instead.
2019-10-07 12:54:42,126 [org.apache.hadoop.util.JvmPauseMonitor$Monitor@284bdeed] INFO  util.JvmPauseMonitor (JvmPauseMonitor.java:run(188)) - Starting JVM pause monitor
2019-10-07 12:54:42,140 [main] INFO  ha.OMHANodeDetails (OMHANodeDetails.java:loadOMHAConfig(190)) - Configuration either no ozone.om.address set. Falling back to the default OM address /127.0.0.1:0
2019-10-07 12:54:42,140 [main] INFO  ha.OMHANodeDetails (OMHANodeDetails.java:getOMNodeDetails(220)) - OM Service ID is not set. Setting it to the default ID: omServiceIdDefault
2019-10-07 12:54:42,141 [main] WARN  server.ServerUtils (ServerUtils.java:getDBPath(222)) - ozone.om.db.dirs is not configured. We recommend adding this setting. Falling back to ozone.metadata.dirs instead.
2019-10-07 12:54:42,141 [main] WARN  server.ServerUtils (ServerUtils.java:getDBPath(222)) - ozone.om.db.dirs is not configured. We recommend adding this setting. Falling back to ozone.metadata.dirs instead.
2019-10-07 12:54:42,152 [main] WARN  server.ServerUtils (ServerUtils.java:getDBPath(222)) - ozone.om.db.dirs is not configured. We recommend adding this setting. Falling back to ozone.metadata.dirs instead.
2019-10-07 12:54:42,153 [main] INFO  db.DBStoreBuilder (DBStoreBuilder.java:addTable(117)) - using custom profile for table: userTable
2019-10-07 12:54:42,153 [main] INFO  db.DBStoreBuilder (DBStoreBuilder.java:processTables(168)) - Using default column profile:DBProfile.DISK for Table:userTable
2019-10-07 12:54:42,153 [main] INFO  db.DBStoreBuilder (DBStoreBuilder.java:addTable(117)) - using custom profile for table: volumeTable
2019-10-07 12:54:42,153 [main] INFO  db.DBStoreBuilder (DBStoreBuilder.java:processTables(168)) - Using default column profile:DBProfile.DISK for Table:volumeTable
2019-10-07 12:54:42,154 [main] INFO  db.DBStoreBuilder (DBStoreBuilder.java:addTable(117)) - using custom profile for table: bucketTable
2019-10-07 12:54:42,154 [main] INFO  db.DBStoreBuilder (DBStoreBuilder.java:processTables(168)) - Using default column profile:DBProfile.DISK for Table:bucketTable
2019-10-07 12:54:42,154 [main] INFO  db.DBStoreBuilder (DBStoreBuilder.java:addTable(117)) - using custom profile for table: keyTable
2019-10-07 12:54:42,154 [main] INFO  db.DBStoreBuilder (DBStoreBuilder.java:processTables(168)) - Using default column profile:DBProfile.DISK for Table:keyTable
2019-10-07 12:54:42,154 [main] INFO  db.DBStoreBuilder (DBStoreBuilder.java:addTable(117)) - using custom profile for table: deletedTable
2019-10-07 12:54:42,154 [main] INFO  db.DBStoreBuilder (DBStoreBuilder.java:processTables(168)) - Using default column profile:DBProfile.DISK for Table:deletedTable
2019-10-07 12:54:42,155 [main] INFO  db.DBStoreBuilder (DBStoreBuilder.java:addTable(117)) - using custom profile for table: openKeyTable
2019-10-07 12:54:42,155 [main] INFO  db.DBStoreBuilder (DBStoreBuilder.java:processTables(168)) - Using default column profile:DBProfile.DISK for Table:openKeyTable
2019-10-07 12:54:42,155 [main] INFO  db.DBStoreBuilder (DBStoreBuilder.java:addTable(117)) - using custom profile for table: s3Table
2019-10-07 12:54:42,155 [main] INFO  db.DBStoreBuilder (DBStoreBuilder.java:processTables(168)) - Using default column profile:DBProfile.DISK for Table:s3Table
2019-10-07 12:54:42,155 [main] INFO  db.DBStoreBuilder (DBStoreBuilder.java:addTable(117)) - using custom profile for table: multipartInfoTable
2019-10-07 12:54:42,156 [main] INFO  db.DBStoreBuilder (DBStoreBuilder.java:processTables(168)) - Using default column profile:DBProfile.DISK for Table:multipartInfoTable
2019-10-07 12:54:42,156 [main] INFO  db.DBStoreBuilder (DBStoreBuilder.java:addTable(117)) - using custom profile for table: dTokenTable
2019-10-07 12:54:42,156 [main] INFO  db.DBStoreBuilder (DBStoreBuilder.java:processTables(168)) - Using default column profile:DBProfile.DISK for Table:dTokenTable
2019-10-07 12:54:42,156 [main] INFO  db.DBStoreBuilder (DBStoreBuilder.java:addTable(117)) - using custom profile for table: s3SecretTable
2019-10-07 12:54:42,156 [main] INFO  db.DBStoreBuilder (DBStoreBuilder.java:processTables(168)) - Using default column profile:DBProfile.DISK for Table:s3SecretTable
2019-10-07 12:54:42,157 [main] INFO  db.DBStoreBuilder (DBStoreBuilder.java:addTable(117)) - using custom profile for table: prefixTable
2019-10-07 12:54:42,157 [main] INFO  db.DBStoreBuilder (DBStoreBuilder.java:processTables(168)) - Using default column profile:DBProfile.DISK for Table:prefixTable
2019-10-07 12:54:42,157 [main] INFO  db.DBStoreBuilder (DBStoreBuilder.java:addTable(117)) - using custom profile for table: default
2019-10-07 12:54:42,157 [main] INFO  db.DBStoreBuilder (DBStoreBuilder.java:processTables(174)) - Using default column profile:DBProfile.DISK for Table:default
2019-10-07 12:54:42,157 [main] INFO  db.DBStoreBuilder (DBStoreBuilder.java:getDbProfile(205)) - Using default options. DBProfile.DISK
2019-10-07 12:54:42,890 [main] INFO  ipc.CallQueueManager (CallQueueManager.java:<init>(84)) - Using callQueue: class java.util.concurrent.LinkedBlockingQueue, queueCapacity: 2000, scheduler: class org.apache.hadoop.ipc.DefaultRpcScheduler, ipcBackoff: false.
2019-10-07 12:54:42,892 [Socket Reader #1 for port 33233] INFO  ipc.Server (Server.java:run(1074)) - Starting Socket Reader #1 for port 33233
2019-10-07 12:54:42,907 [grpc-default-executor-0] WARN  server.GrpcLogAppender (LogUtils.java:warn(134)) - 7741f835-7823-4120-ba15-da80b6525d1d@group-105F4042666B->786f91eb-928f-4402-89ae-1713a48bf1ef-AppendLogResponseHandler: Failed appendEntries: org.apache.ratis.thirdparty.io.grpc.StatusRuntimeException: UNAVAILABLE: io exception
2019-10-07 12:54:42,907 [grpc-default-executor-7] WARN  server.GrpcLogAppender (LogUtils.java:warn(134)) - 7741f835-7823-4120-ba15-da80b6525d1d@group-105F4042666B->a929fe19-32c2-4064-994c-6020b0bb7a68-AppendLogResponseHandler: Failed appendEntries: org.apache.ratis.thirdparty.io.grpc.StatusRuntimeException: UNAVAILABLE: io exception
2019-10-07 12:54:42,908 [grpc-default-executor-0] INFO  impl.FollowerInfo (FollowerInfo.java:lambda$new$0(51)) - 7741f835-7823-4120-ba15-da80b6525d1d@group-105F4042666B->786f91eb-928f-4402-89ae-1713a48bf1ef: nextIndex: updateUnconditionally 0 -> 0
2019-10-07 12:54:42,908 [grpc-default-executor-7] INFO  impl.FollowerInfo (FollowerInfo.java:lambda$new$0(51)) - 7741f835-7823-4120-ba15-da80b6525d1d@group-105F4042666B->a929fe19-32c2-4064-994c-6020b0bb7a68: nextIndex: updateUnconditionally 0 -> 0
2019-10-07 12:54:42,917 [main] INFO  om.OzoneManager (OzoneManager.java:start(1069)) - OzoneManager RPC server is listening at localhost/127.0.0.1:33233
2019-10-07 12:54:42,917 [main] INFO  impl.MetricsSystemImpl (MetricsSystemImpl.java:init(158)) - OzoneManager metrics system started (again)
2019-10-07 12:54:42,919 [IPC Server Responder] INFO  ipc.Server (Server.java:run(1314)) - IPC Server Responder: starting
2019-10-07 12:54:42,922 [IPC Server listener on 33233] INFO  ipc.Server (Server.java:run(1153)) - IPC Server listener on 33233: starting
2019-10-07 12:54:42,930 [main] INFO  hdfs.DFSUtil (DFSUtil.java:httpServerTemplateForNNAndJN(1641)) - Starting Web-server for ozoneManager at: http://0.0.0.0:0
2019-10-07 12:54:42,933 [main] INFO  server.AuthenticationFilter (AuthenticationFilter.java:constructSecretProvider(240)) - Unable to initialize FileSignerSecretProvider, falling back to use random secrets.
2019-10-07 12:54:42,934 [main] WARN  http.HttpRequestLog (HttpRequestLog.java:getRequestLog(97)) - Jetty request log can only be enabled using Log4j
2019-10-07 12:54:42,936 [main] INFO  http.HttpServer2 (HttpServer2.java:addGlobalFilter(975)) - Added global filter 'safety' (class=org.apache.hadoop.http.HttpServer2$QuotingInputFilter)
2019-10-07 12:54:42,937 [main] INFO  http.HttpServer2 (HttpServer2.java:addFilter(948)) - Added filter static_user_filter (class=org.apache.hadoop.http.lib.StaticUserWebFilter$StaticUserFilter) to context ozoneManager
2019-10-07 12:54:42,937 [main] INFO  http.HttpServer2 (HttpServer2.java:addFilter(958)) - Added filter static_user_filter (class=org.apache.hadoop.http.lib.StaticUserWebFilter$StaticUserFilter) to context static
2019-10-07 12:54:42,937 [main] INFO  http.HttpServer2 (HttpServer2.java:addFilter(958)) - Added filter static_user_filter (class=org.apache.hadoop.http.lib.StaticUserWebFilter$StaticUserFilter) to context logs
2019-10-07 12:54:42,938 [main] INFO  http.HttpServer2 (HttpServer2.java:bindListener(1191)) - Jetty bound to port 42619
2019-10-07 12:54:42,938 [main] INFO  server.Server (Server.java:doStart(351)) - jetty-9.3.25.v20180904, build timestamp: 2018-09-04T21:11:46Z, git hash: 3ce520221d0240229c862b122d2b06c12a625732
2019-10-07 12:54:42,941 [main] INFO  handler.ContextHandler (ContextHandler.java:doStart(781)) - Started o.e.j.s.ServletContextHandler@2416c658{/logs,file:///workdir/hadoop-ozone/integration-test/target/log,AVAILABLE}
2019-10-07 12:54:42,941 [main] INFO  handler.ContextHandler (ContextHandler.java:doStart(781)) - Started o.e.j.s.ServletContextHandler@1e40fbb3{/static,file:///workdir/hadoop-ozone/integration-test/target/test-classes/webapps/static,AVAILABLE}
2019-10-07 12:54:42,947 [main] INFO  handler.ContextHandler (ContextHandler.java:doStart(781)) - Started o.e.j.w.WebAppContext@7aded903{/,file:///workdir/hadoop-ozone/integration-test/target/test-classes/webapps/ozoneManager/,AVAILABLE}{/ozoneManager}
2019-10-07 12:54:42,947 [main] INFO  server.AbstractConnector (AbstractConnector.java:doStart(278)) - Started ServerConnector@2db86a7c{HTTP/1.1,[http/1.1]}{0.0.0.0:42619}
2019-10-07 12:54:42,950 [main] INFO  server.Server (Server.java:doStart(419)) - Started @218962ms
2019-10-07 12:54:42,950 [main] WARN  impl.MetricsSystemImpl (MetricsSystemImpl.java:register(276)) - Sink prometheus already exists!
2019-10-07 12:54:42,951 [main] INFO  server.BaseHttpServer (BaseHttpServer.java:updateConnectorAddress(215)) - HTTP server of OZONEMANAGER is listening at http://0.0.0.0:42619
2019-10-07 12:54:42,973 [main] INFO  impl.MetricsSystemImpl (MetricsSystemImpl.java:init(158)) - HddsDatanode metrics system started (again)
2019-10-07 12:54:42,996 [main] INFO  ozone.HddsDatanodeService (HddsDatanodeService.java:start(184)) - HddsDatanodeService host:pr-hdds-2264-877rn-2827291287 ip:192.168.151.100
2019-10-07 12:54:43,005 [main] INFO  volume.HddsVolume (HddsVolume.java:<init>(176)) - Creating Volume: /workdir/hadoop-ozone/integration-test/target/test-dir/MiniOzoneClusterImpl-8dabfc5a-884a-4661-b4d7-effaed3458cf/datanode-0/data/containers/hdds of  storage type : DISK and capacity : 1482555576320
2019-10-07 12:54:43,005 [main] INFO  volume.VolumeSet (VolumeSet.java:initializeVolumeSet(170)) - Added Volume : /workdir/hadoop-ozone/integration-test/target/test-dir/MiniOzoneClusterImpl-8dabfc5a-884a-4661-b4d7-effaed3458cf/datanode-0/data/containers/hdds to VolumeSet
2019-10-07 12:54:43,005 [main] INFO  volume.ThrottledAsyncChecker (ThrottledAsyncChecker.java:schedule(139)) - Scheduling a check for org.apache.hadoop.ozone.container.common.volume.HddsVolume@b1b471
2019-10-07 12:54:43,008 [main] INFO  volume.HddsVolumeChecker (HddsVolumeChecker.java:checkAllVolumes(202)) - Scheduled health check for volume org.apache.hadoop.ozone.container.common.volume.HddsVolume@b1b471
2019-10-07 12:54:43,024 [main] INFO  impl.RaftServerProxy (ConfUtils.java:logGet(43)) - raft.rpc.type = GRPC (default)
2019-10-07 12:54:43,024 [main] INFO  grpc.GrpcFactory (GrpcFactory.java:checkPooledByteBufAllocatorUseCacheForAllThreads(45)) - PERFORMANCE WARNING: useCacheForAllThreads is true that may cause Netty to create a lot garbage objects and, as a result, trigger GC.
	It is recommended to disable useCacheForAllThreads by setting -Dorg.apache.ratis.thirdparty.io.netty.allocator.useCacheForAllThreads=false in command line.
2019-10-07 12:54:43,024 [main] INFO  grpc.GrpcConfigKeys$Server (ConfUtils.java:logGet(43)) - raft.grpc.server.port = 0 (default)
2019-10-07 12:54:43,025 [main] INFO  server.GrpcService (ConfUtils.java:logGet(43)) - raft.grpc.message.size.max = 33570816 (custom)
2019-10-07 12:54:43,025 [main] INFO  server.RaftServerConfigKeys (ConfUtils.java:logGet(43)) - raft.server.log.appender.buffer.byte-limit = 33554432 (custom)
2019-10-07 12:54:43,025 [main] INFO  server.GrpcService (ConfUtils.java:logGet(43)) - raft.grpc.flow.control.window = 1MB (=1048576) (default)
2019-10-07 12:54:43,025 [main] INFO  server.RaftServerConfigKeys (ConfUtils.java:logGet(43)) - raft.server.rpc.request.timeout = 3000ms (default)
2019-10-07 12:54:43,026 [main] INFO  server.RaftServerConfigKeys (ConfUtils.java:logGet(43)) - raft.server.storage.dir = [/workdir/hadoop-ozone/integration-test/target/test-dir/MiniOzoneClusterImpl-8dabfc5a-884a-4661-b4d7-effaed3458cf/datanode-0/data/ratis] (custom)
2019-10-07 12:54:43,028 [main] INFO  hdfs.DFSUtil (DFSUtil.java:httpServerTemplateForNNAndJN(1641)) - Starting Web-server for hddsDatanode at: http://0.0.0.0:0
2019-10-07 12:54:43,029 [main] INFO  server.AuthenticationFilter (AuthenticationFilter.java:constructSecretProvider(240)) - Unable to initialize FileSignerSecretProvider, falling back to use random secrets.
2019-10-07 12:54:43,029 [main] WARN  http.HttpRequestLog (HttpRequestLog.java:getRequestLog(97)) - Jetty request log can only be enabled using Log4j
2019-10-07 12:54:43,031 [main] INFO  http.HttpServer2 (HttpServer2.java:addGlobalFilter(975)) - Added global filter 'safety' (class=org.apache.hadoop.http.HttpServer2$QuotingInputFilter)
2019-10-07 12:54:43,031 [main] INFO  http.HttpServer2 (HttpServer2.java:addFilter(948)) - Added filter static_user_filter (class=org.apache.hadoop.http.lib.StaticUserWebFilter$StaticUserFilter) to context hddsDatanode
2019-10-07 12:54:43,032 [main] INFO  http.HttpServer2 (HttpServer2.java:addFilter(958)) - Added filter static_user_filter (class=org.apache.hadoop.http.lib.StaticUserWebFilter$StaticUserFilter) to context logs
2019-10-07 12:54:43,032 [main] INFO  http.HttpServer2 (HttpServer2.java:addFilter(958)) - Added filter static_user_filter (class=org.apache.hadoop.http.lib.StaticUserWebFilter$StaticUserFilter) to context static
2019-10-07 12:54:43,032 [main] INFO  http.HttpServer2 (HttpServer2.java:bindListener(1191)) - Jetty bound to port 41459
2019-10-07 12:54:43,033 [main] INFO  server.Server (Server.java:doStart(351)) - jetty-9.3.25.v20180904, build timestamp: 2018-09-04T21:11:46Z, git hash: 3ce520221d0240229c862b122d2b06c12a625732
2019-10-07 12:54:43,034 [main] INFO  handler.ContextHandler (ContextHandler.java:doStart(781)) - Started o.e.j.s.ServletContextHandler@77a0dd63{/logs,file:///workdir/hadoop-ozone/integration-test/target/log,AVAILABLE}
2019-10-07 12:54:43,035 [main] INFO  handler.ContextHandler (ContextHandler.java:doStart(781)) - Started o.e.j.s.ServletContextHandler@6b2fdffc{/static,jar:file:/home/user/.m2/repository/org/apache/hadoop/hadoop-hdds-container-service/0.5.0-SNAPSHOT/hadoop-hdds-container-service-0.5.0-SNAPSHOT.jar!/webapps/static,AVAILABLE}
2019-10-07 12:54:43,056 [Thread-2236] INFO  client.GrpcClientProtocolService (GrpcClientProtocolService.java:lambda$processClientRequest$0(278)) - Failed RaftClientRequest:client-F577C44ADB69->7741f835-7823-4120-ba15-da80b6525d1d@group-105F4042666B, cid=68, seq=0, Watch-MAJORITY_COMMITTED(42), Message:<EMPTY>, reply=RaftClientReply:client-F577C44ADB69->7741f835-7823-4120-ba15-da80b6525d1d@group-105F4042666B, cid=68, FAILED org.apache.ratis.protocol.NotReplicatedException: Request with call Id 68 and log index 42 is not yet replicated to MAJORITY_COMMITTED, logIndex=42, commits[7741f835-7823-4120-ba15-da80b6525d1d:c2, 786f91eb-928f-4402-89ae-1713a48bf1ef:c2, a929fe19-32c2-4064-994c-6020b0bb7a68:c2]
2019-10-07 12:54:43,056 [Thread-2237] INFO  client.GrpcClientProtocolService (GrpcClientProtocolService.java:lambda$processClientRequest$0(278)) - Failed RaftClientRequest:client-F577C44ADB69->7741f835-7823-4120-ba15-da80b6525d1d@group-105F4042666B, cid=67, seq=0, Watch-ALL_COMMITTED(42), Message:<EMPTY>, reply=RaftClientReply:client-F577C44ADB69->7741f835-7823-4120-ba15-da80b6525d1d@group-105F4042666B, cid=67, FAILED org.apache.ratis.protocol.NotReplicatedException: Request with call Id 67 and log index 42 is not yet replicated to ALL_COMMITTED, logIndex=42, commits[7741f835-7823-4120-ba15-da80b6525d1d:c2, 786f91eb-928f-4402-89ae-1713a48bf1ef:c2, a929fe19-32c2-4064-994c-6020b0bb7a68:c2]
2019-10-07 12:54:43,066 [main] INFO  handler.ContextHandler (ContextHandler.java:doStart(781)) - Started o.e.j.w.WebAppContext@34a20f16{/,file:///tmp/jetty-0.0.0.0-41459-hddsDatanode-_-any-2347979237320663400.dir/webapp/,AVAILABLE}{/hddsDatanode}
2019-10-07 12:54:43,067 [main] INFO  server.AbstractConnector (AbstractConnector.java:doStart(278)) - Started ServerConnector@496cc217{HTTP/1.1,[http/1.1]}{0.0.0.0:41459}
2019-10-07 12:54:43,071 [main] INFO  server.Server (Server.java:doStart(419)) - Started @219084ms
2019-10-07 12:54:43,072 [main] WARN  impl.MetricsSystemImpl (MetricsSystemImpl.java:register(276)) - Sink prometheus already exists!
2019-10-07 12:54:43,072 [main] INFO  server.BaseHttpServer (BaseHttpServer.java:updateConnectorAddress(215)) - HTTP server of HDDSDATANODE is listening at http://0.0.0.0:41459
2019-10-07 12:54:43,073 [main] INFO  impl.MetricsSystemImpl (MetricsSystemImpl.java:init(158)) - HddsDatanode metrics system started (again)
2019-10-07 12:54:43,090 [org.apache.hadoop.util.JvmPauseMonitor$Monitor@276c51e5] INFO  util.JvmPauseMonitor (JvmPauseMonitor.java:run(188)) - Starting JVM pause monitor
2019-10-07 12:54:43,091 [main] INFO  ozone.HddsDatanodeService (HddsDatanodeService.java:start(184)) - HddsDatanodeService host:pr-hdds-2264-877rn-2827291287 ip:192.168.151.100
2019-10-07 12:54:43,092 [Datanode State Machine Thread - 0] INFO  datanode.InitDatanodeState (InitDatanodeState.java:persistContainerDatanodeDetails(140)) - DatanodeDetails is persisted to /workdir/hadoop-ozone/integration-test/target/test-dir/MiniOzoneClusterImpl-8dabfc5a-884a-4661-b4d7-effaed3458cf/datanode-0/meta/datanode.id
2019-10-07 12:54:43,100 [main] INFO  volume.HddsVolume (HddsVolume.java:<init>(176)) - Creating Volume: /workdir/hadoop-ozone/integration-test/target/test-dir/MiniOzoneClusterImpl-8dabfc5a-884a-4661-b4d7-effaed3458cf/datanode-1/data/containers/hdds of  storage type : DISK and capacity : 1482555576320
2019-10-07 12:54:43,100 [main] INFO  volume.VolumeSet (VolumeSet.java:initializeVolumeSet(170)) - Added Volume : /workdir/hadoop-ozone/integration-test/target/test-dir/MiniOzoneClusterImpl-8dabfc5a-884a-4661-b4d7-effaed3458cf/datanode-1/data/containers/hdds to VolumeSet
2019-10-07 12:54:43,100 [main] INFO  volume.ThrottledAsyncChecker (ThrottledAsyncChecker.java:schedule(139)) - Scheduling a check for org.apache.hadoop.ozone.container.common.volume.HddsVolume@5c8d58ed
2019-10-07 12:54:43,101 [main] INFO  volume.HddsVolumeChecker (HddsVolumeChecker.java:checkAllVolumes(202)) - Scheduled health check for volume org.apache.hadoop.ozone.container.common.volume.HddsVolume@5c8d58ed
2019-10-07 12:54:43,123 [main] INFO  impl.RaftServerProxy (ConfUtils.java:logGet(43)) - raft.rpc.type = GRPC (default)
2019-10-07 12:54:43,123 [main] INFO  grpc.GrpcFactory (GrpcFactory.java:checkPooledByteBufAllocatorUseCacheForAllThreads(45)) - PERFORMANCE WARNING: useCacheForAllThreads is true that may cause Netty to create a lot garbage objects and, as a result, trigger GC.
	It is recommended to disable useCacheForAllThreads by setting -Dorg.apache.ratis.thirdparty.io.netty.allocator.useCacheForAllThreads=false in command line.
2019-10-07 12:54:43,124 [main] INFO  grpc.GrpcConfigKeys$Server (ConfUtils.java:logGet(43)) - raft.grpc.server.port = 0 (default)
2019-10-07 12:54:43,124 [main] INFO  server.GrpcService (ConfUtils.java:logGet(43)) - raft.grpc.message.size.max = 33570816 (custom)
2019-10-07 12:54:43,124 [main] INFO  server.RaftServerConfigKeys (ConfUtils.java:logGet(43)) - raft.server.log.appender.buffer.byte-limit = 33554432 (custom)
2019-10-07 12:54:43,124 [main] INFO  server.GrpcService (ConfUtils.java:logGet(43)) - raft.grpc.flow.control.window = 1MB (=1048576) (default)
2019-10-07 12:54:43,125 [main] INFO  server.RaftServerConfigKeys (ConfUtils.java:logGet(43)) - raft.server.rpc.request.timeout = 3000ms (default)
2019-10-07 12:54:43,125 [main] INFO  server.RaftServerConfigKeys (ConfUtils.java:logGet(43)) - raft.server.storage.dir = [/workdir/hadoop-ozone/integration-test/target/test-dir/MiniOzoneClusterImpl-8dabfc5a-884a-4661-b4d7-effaed3458cf/datanode-1/data/ratis] (custom)
2019-10-07 12:54:43,127 [main] INFO  hdfs.DFSUtil (DFSUtil.java:httpServerTemplateForNNAndJN(1641)) - Starting Web-server for hddsDatanode at: http://0.0.0.0:0
2019-10-07 12:54:43,128 [main] INFO  server.AuthenticationFilter (AuthenticationFilter.java:constructSecretProvider(240)) - Unable to initialize FileSignerSecretProvider, falling back to use random secrets.
2019-10-07 12:54:43,129 [main] WARN  http.HttpRequestLog (HttpRequestLog.java:getRequestLog(97)) - Jetty request log can only be enabled using Log4j
2019-10-07 12:54:43,131 [main] INFO  http.HttpServer2 (HttpServer2.java:addGlobalFilter(975)) - Added global filter 'safety' (class=org.apache.hadoop.http.HttpServer2$QuotingInputFilter)
2019-10-07 12:54:43,131 [main] INFO  http.HttpServer2 (HttpServer2.java:addFilter(948)) - Added filter static_user_filter (class=org.apache.hadoop.http.lib.StaticUserWebFilter$StaticUserFilter) to context hddsDatanode
2019-10-07 12:54:43,132 [main] INFO  http.HttpServer2 (HttpServer2.java:addFilter(958)) - Added filter static_user_filter (class=org.apache.hadoop.http.lib.StaticUserWebFilter$StaticUserFilter) to context static
2019-10-07 12:54:43,132 [main] INFO  http.HttpServer2 (HttpServer2.java:addFilter(958)) - Added filter static_user_filter (class=org.apache.hadoop.http.lib.StaticUserWebFilter$StaticUserFilter) to context logs
2019-10-07 12:54:43,133 [main] INFO  http.HttpServer2 (HttpServer2.java:bindListener(1191)) - Jetty bound to port 37147
2019-10-07 12:54:43,133 [main] INFO  server.Server (Server.java:doStart(351)) - jetty-9.3.25.v20180904, build timestamp: 2018-09-04T21:11:46Z, git hash: 3ce520221d0240229c862b122d2b06c12a625732
2019-10-07 12:54:43,135 [main] INFO  handler.ContextHandler (ContextHandler.java:doStart(781)) - Started o.e.j.s.ServletContextHandler@5657967b{/logs,file:///workdir/hadoop-ozone/integration-test/target/log,AVAILABLE}
2019-10-07 12:54:43,135 [main] INFO  handler.ContextHandler (ContextHandler.java:doStart(781)) - Started o.e.j.s.ServletContextHandler@578a5ce8{/static,jar:file:/home/user/.m2/repository/org/apache/hadoop/hadoop-hdds-container-service/0.5.0-SNAPSHOT/hadoop-hdds-container-service-0.5.0-SNAPSHOT.jar!/webapps/static,AVAILABLE}
2019-10-07 12:54:43,182 [main] INFO  handler.ContextHandler (ContextHandler.java:doStart(781)) - Started o.e.j.w.WebAppContext@42c12b3e{/,file:///tmp/jetty-0.0.0.0-37147-hddsDatanode-_-any-1044448535489052352.dir/webapp/,AVAILABLE}{/hddsDatanode}
2019-10-07 12:54:43,183 [main] INFO  server.AbstractConnector (AbstractConnector.java:doStart(278)) - Started ServerConnector@2dbfa972{HTTP/1.1,[http/1.1]}{0.0.0.0:37147}
2019-10-07 12:54:43,185 [main] INFO  server.Server (Server.java:doStart(419)) - Started @219198ms
2019-10-07 12:54:43,186 [main] WARN  impl.MetricsSystemImpl (MetricsSystemImpl.java:register(276)) - Sink prometheus already exists!
2019-10-07 12:54:43,186 [main] INFO  server.BaseHttpServer (BaseHttpServer.java:updateConnectorAddress(215)) - HTTP server of HDDSDATANODE is listening at http://0.0.0.0:37147
2019-10-07 12:54:43,187 [main] INFO  impl.MetricsSystemImpl (MetricsSystemImpl.java:init(158)) - HddsDatanode metrics system started (again)
2019-10-07 12:54:43,205 [org.apache.hadoop.util.JvmPauseMonitor$Monitor@5c262eec] INFO  util.JvmPauseMonitor (JvmPauseMonitor.java:run(188)) - Starting JVM pause monitor
2019-10-07 12:54:43,207 [main] INFO  ozone.HddsDatanodeService (HddsDatanodeService.java:start(184)) - HddsDatanodeService host:pr-hdds-2264-877rn-2827291287 ip:192.168.151.100
2019-10-07 12:54:43,207 [Datanode State Machine Thread - 0] INFO  datanode.InitDatanodeState (InitDatanodeState.java:persistContainerDatanodeDetails(140)) - DatanodeDetails is persisted to /workdir/hadoop-ozone/integration-test/target/test-dir/MiniOzoneClusterImpl-8dabfc5a-884a-4661-b4d7-effaed3458cf/datanode-1/meta/datanode.id
2019-10-07 12:54:43,216 [main] INFO  volume.HddsVolume (HddsVolume.java:<init>(176)) - Creating Volume: /workdir/hadoop-ozone/integration-test/target/test-dir/MiniOzoneClusterImpl-8dabfc5a-884a-4661-b4d7-effaed3458cf/datanode-2/data/containers/hdds of  storage type : DISK and capacity : 1482555576320
2019-10-07 12:54:43,216 [main] INFO  volume.VolumeSet (VolumeSet.java:initializeVolumeSet(170)) - Added Volume : /workdir/hadoop-ozone/integration-test/target/test-dir/MiniOzoneClusterImpl-8dabfc5a-884a-4661-b4d7-effaed3458cf/datanode-2/data/containers/hdds to VolumeSet
2019-10-07 12:54:43,217 [main] INFO  volume.ThrottledAsyncChecker (ThrottledAsyncChecker.java:schedule(139)) - Scheduling a check for org.apache.hadoop.ozone.container.common.volume.HddsVolume@6f91fbda
2019-10-07 12:54:43,217 [main] INFO  volume.HddsVolumeChecker (HddsVolumeChecker.java:checkAllVolumes(202)) - Scheduled health check for volume org.apache.hadoop.ozone.container.common.volume.HddsVolume@6f91fbda
2019-10-07 12:54:43,230 [main] INFO  impl.RaftServerProxy (ConfUtils.java:logGet(43)) - raft.rpc.type = GRPC (default)
2019-10-07 12:54:43,230 [main] INFO  grpc.GrpcFactory (GrpcFactory.java:checkPooledByteBufAllocatorUseCacheForAllThreads(45)) - PERFORMANCE WARNING: useCacheForAllThreads is true that may cause Netty to create a lot garbage objects and, as a result, trigger GC.
	It is recommended to disable useCacheForAllThreads by setting -Dorg.apache.ratis.thirdparty.io.netty.allocator.useCacheForAllThreads=false in command line.
2019-10-07 12:54:43,231 [main] INFO  grpc.GrpcConfigKeys$Server (ConfUtils.java:logGet(43)) - raft.grpc.server.port = 0 (default)
2019-10-07 12:54:43,231 [main] INFO  server.GrpcService (ConfUtils.java:logGet(43)) - raft.grpc.message.size.max = 33570816 (custom)
2019-10-07 12:54:43,231 [main] INFO  server.RaftServerConfigKeys (ConfUtils.java:logGet(43)) - raft.server.log.appender.buffer.byte-limit = 33554432 (custom)
2019-10-07 12:54:43,231 [main] INFO  server.GrpcService (ConfUtils.java:logGet(43)) - raft.grpc.flow.control.window = 1MB (=1048576) (default)
2019-10-07 12:54:43,231 [main] INFO  server.RaftServerConfigKeys (ConfUtils.java:logGet(43)) - raft.server.rpc.request.timeout = 3000ms (default)
2019-10-07 12:54:43,232 [main] INFO  server.RaftServerConfigKeys (ConfUtils.java:logGet(43)) - raft.server.storage.dir = [/workdir/hadoop-ozone/integration-test/target/test-dir/MiniOzoneClusterImpl-8dabfc5a-884a-4661-b4d7-effaed3458cf/datanode-2/data/ratis] (custom)
2019-10-07 12:54:43,233 [main] INFO  hdfs.DFSUtil (DFSUtil.java:httpServerTemplateForNNAndJN(1641)) - Starting Web-server for hddsDatanode at: http://0.0.0.0:0
2019-10-07 12:54:43,234 [main] INFO  server.AuthenticationFilter (AuthenticationFilter.java:constructSecretProvider(240)) - Unable to initialize FileSignerSecretProvider, falling back to use random secrets.
2019-10-07 12:54:43,234 [main] WARN  http.HttpRequestLog (HttpRequestLog.java:getRequestLog(97)) - Jetty request log can only be enabled using Log4j
2019-10-07 12:54:43,235 [main] INFO  http.HttpServer2 (HttpServer2.java:addGlobalFilter(975)) - Added global filter 'safety' (class=org.apache.hadoop.http.HttpServer2$QuotingInputFilter)
2019-10-07 12:54:43,236 [main] INFO  http.HttpServer2 (HttpServer2.java:addFilter(948)) - Added filter static_user_filter (class=org.apache.hadoop.http.lib.StaticUserWebFilter$StaticUserFilter) to context hddsDatanode
2019-10-07 12:54:43,236 [main] INFO  http.HttpServer2 (HttpServer2.java:addFilter(958)) - Added filter static_user_filter (class=org.apache.hadoop.http.lib.StaticUserWebFilter$StaticUserFilter) to context static
2019-10-07 12:54:43,236 [main] INFO  http.HttpServer2 (HttpServer2.java:addFilter(958)) - Added filter static_user_filter (class=org.apache.hadoop.http.lib.StaticUserWebFilter$StaticUserFilter) to context logs
2019-10-07 12:54:43,236 [main] INFO  http.HttpServer2 (HttpServer2.java:bindListener(1191)) - Jetty bound to port 36623
2019-10-07 12:54:43,237 [main] INFO  server.Server (Server.java:doStart(351)) - jetty-9.3.25.v20180904, build timestamp: 2018-09-04T21:11:46Z, git hash: 3ce520221d0240229c862b122d2b06c12a625732
2019-10-07 12:54:43,238 [main] INFO  handler.ContextHandler (ContextHandler.java:doStart(781)) - Started o.e.j.s.ServletContextHandler@63e5b8aa{/logs,file:///workdir/hadoop-ozone/integration-test/target/log,AVAILABLE}
2019-10-07 12:54:43,238 [main] INFO  handler.ContextHandler (ContextHandler.java:doStart(781)) - Started o.e.j.s.ServletContextHandler@4270b142{/static,jar:file:/home/user/.m2/repository/org/apache/hadoop/hadoop-hdds-container-service/0.5.0-SNAPSHOT/hadoop-hdds-container-service-0.5.0-SNAPSHOT.jar!/webapps/static,AVAILABLE}
2019-10-07 12:54:43,263 [main] INFO  handler.ContextHandler (ContextHandler.java:doStart(781)) - Started o.e.j.w.WebAppContext@5d7dd549{/,file:///tmp/jetty-0.0.0.0-36623-hddsDatanode-_-any-2488334302912687214.dir/webapp/,AVAILABLE}{/hddsDatanode}
2019-10-07 12:54:43,263 [main] INFO  server.AbstractConnector (AbstractConnector.java:doStart(278)) - Started ServerConnector@486bd064{HTTP/1.1,[http/1.1]}{0.0.0.0:36623}
2019-10-07 12:54:43,267 [main] INFO  server.Server (Server.java:doStart(419)) - Started @219279ms
2019-10-07 12:54:43,267 [main] WARN  impl.MetricsSystemImpl (MetricsSystemImpl.java:register(276)) - Sink prometheus already exists!
2019-10-07 12:54:43,268 [main] INFO  server.BaseHttpServer (BaseHttpServer.java:updateConnectorAddress(215)) - HTTP server of HDDSDATANODE is listening at http://0.0.0.0:36623
2019-10-07 12:54:43,268 [main] INFO  impl.MetricsSystemImpl (MetricsSystemImpl.java:init(158)) - HddsDatanode metrics system started (again)
2019-10-07 12:54:43,289 [org.apache.hadoop.util.JvmPauseMonitor$Monitor@4caf9619] INFO  util.JvmPauseMonitor (JvmPauseMonitor.java:run(188)) - Starting JVM pause monitor
2019-10-07 12:54:43,290 [main] INFO  ozone.HddsDatanodeService (HddsDatanodeService.java:start(184)) - HddsDatanodeService host:pr-hdds-2264-877rn-2827291287 ip:192.168.151.100
2019-10-07 12:54:43,290 [Datanode State Machine Thread - 0] INFO  datanode.InitDatanodeState (InitDatanodeState.java:persistContainerDatanodeDetails(140)) - DatanodeDetails is persisted to /workdir/hadoop-ozone/integration-test/target/test-dir/MiniOzoneClusterImpl-8dabfc5a-884a-4661-b4d7-effaed3458cf/datanode-2/meta/datanode.id
2019-10-07 12:54:43,301 [main] INFO  volume.HddsVolume (HddsVolume.java:<init>(176)) - Creating Volume: /workdir/hadoop-ozone/integration-test/target/test-dir/MiniOzoneClusterImpl-8dabfc5a-884a-4661-b4d7-effaed3458cf/datanode-3/data/containers/hdds of  storage type : DISK and capacity : 1482555576320
2019-10-07 12:54:43,301 [main] INFO  volume.VolumeSet (VolumeSet.java:initializeVolumeSet(170)) - Added Volume : /workdir/hadoop-ozone/integration-test/target/test-dir/MiniOzoneClusterImpl-8dabfc5a-884a-4661-b4d7-effaed3458cf/datanode-3/data/containers/hdds to VolumeSet
2019-10-07 12:54:43,302 [main] INFO  volume.ThrottledAsyncChecker (ThrottledAsyncChecker.java:schedule(139)) - Scheduling a check for org.apache.hadoop.ozone.container.common.volume.HddsVolume@38159384
2019-10-07 12:54:43,302 [main] INFO  volume.HddsVolumeChecker (HddsVolumeChecker.java:checkAllVolumes(202)) - Scheduled health check for volume org.apache.hadoop.ozone.container.common.volume.HddsVolume@38159384
2019-10-07 12:54:43,322 [main] INFO  impl.RaftServerProxy (ConfUtils.java:logGet(43)) - raft.rpc.type = GRPC (default)
2019-10-07 12:54:43,323 [main] INFO  grpc.GrpcFactory (GrpcFactory.java:checkPooledByteBufAllocatorUseCacheForAllThreads(45)) - PERFORMANCE WARNING: useCacheForAllThreads is true that may cause Netty to create a lot garbage objects and, as a result, trigger GC.
	It is recommended to disable useCacheForAllThreads by setting -Dorg.apache.ratis.thirdparty.io.netty.allocator.useCacheForAllThreads=false in command line.
2019-10-07 12:54:43,323 [main] INFO  grpc.GrpcConfigKeys$Server (ConfUtils.java:logGet(43)) - raft.grpc.server.port = 0 (default)
2019-10-07 12:54:43,323 [main] INFO  server.GrpcService (ConfUtils.java:logGet(43)) - raft.grpc.message.size.max = 33570816 (custom)
2019-10-07 12:54:43,324 [main] INFO  server.RaftServerConfigKeys (ConfUtils.java:logGet(43)) - raft.server.log.appender.buffer.byte-limit = 33554432 (custom)
2019-10-07 12:54:43,324 [main] INFO  server.GrpcService (ConfUtils.java:logGet(43)) - raft.grpc.flow.control.window = 1MB (=1048576) (default)
2019-10-07 12:54:43,324 [main] INFO  server.RaftServerConfigKeys (ConfUtils.java:logGet(43)) - raft.server.rpc.request.timeout = 3000ms (default)
2019-10-07 12:54:43,325 [main] INFO  server.RaftServerConfigKeys (ConfUtils.java:logGet(43)) - raft.server.storage.dir = [/workdir/hadoop-ozone/integration-test/target/test-dir/MiniOzoneClusterImpl-8dabfc5a-884a-4661-b4d7-effaed3458cf/datanode-3/data/ratis] (custom)
2019-10-07 12:54:43,326 [main] INFO  hdfs.DFSUtil (DFSUtil.java:httpServerTemplateForNNAndJN(1641)) - Starting Web-server for hddsDatanode at: http://0.0.0.0:0
2019-10-07 12:54:43,328 [main] INFO  server.AuthenticationFilter (AuthenticationFilter.java:constructSecretProvider(240)) - Unable to initialize FileSignerSecretProvider, falling back to use random secrets.
2019-10-07 12:54:43,328 [main] WARN  http.HttpRequestLog (HttpRequestLog.java:getRequestLog(97)) - Jetty request log can only be enabled using Log4j
2019-10-07 12:54:43,330 [main] INFO  http.HttpServer2 (HttpServer2.java:addGlobalFilter(975)) - Added global filter 'safety' (class=org.apache.hadoop.http.HttpServer2$QuotingInputFilter)
2019-10-07 12:54:43,330 [main] INFO  http.HttpServer2 (HttpServer2.java:addFilter(948)) - Added filter static_user_filter (class=org.apache.hadoop.http.lib.StaticUserWebFilter$StaticUserFilter) to context hddsDatanode
2019-10-07 12:54:43,331 [main] INFO  http.HttpServer2 (HttpServer2.java:addFilter(958)) - Added filter static_user_filter (class=org.apache.hadoop.http.lib.StaticUserWebFilter$StaticUserFilter) to context static
2019-10-07 12:54:43,331 [main] INFO  http.HttpServer2 (HttpServer2.java:addFilter(958)) - Added filter static_user_filter (class=org.apache.hadoop.http.lib.StaticUserWebFilter$StaticUserFilter) to context logs
2019-10-07 12:54:43,332 [main] INFO  http.HttpServer2 (HttpServer2.java:bindListener(1191)) - Jetty bound to port 37780
2019-10-07 12:54:43,332 [main] INFO  server.Server (Server.java:doStart(351)) - jetty-9.3.25.v20180904, build timestamp: 2018-09-04T21:11:46Z, git hash: 3ce520221d0240229c862b122d2b06c12a625732
2019-10-07 12:54:43,334 [main] INFO  handler.ContextHandler (ContextHandler.java:doStart(781)) - Started o.e.j.s.ServletContextHandler@132e3594{/logs,file:///workdir/hadoop-ozone/integration-test/target/log,AVAILABLE}
2019-10-07 12:54:43,334 [main] INFO  handler.ContextHandler (ContextHandler.java:doStart(781)) - Started o.e.j.s.ServletContextHandler@28d739f1{/static,jar:file:/home/user/.m2/repository/org/apache/hadoop/hadoop-hdds-container-service/0.5.0-SNAPSHOT/hadoop-hdds-container-service-0.5.0-SNAPSHOT.jar!/webapps/static,AVAILABLE}
2019-10-07 12:54:43,364 [main] INFO  handler.ContextHandler (ContextHandler.java:doStart(781)) - Started o.e.j.w.WebAppContext@7d37ee0c{/,file:///tmp/jetty-0.0.0.0-37780-hddsDatanode-_-any-2833185227839737704.dir/webapp/,AVAILABLE}{/hddsDatanode}
2019-10-07 12:54:43,364 [main] INFO  server.AbstractConnector (AbstractConnector.java:doStart(278)) - Started ServerConnector@5a7b309b{HTTP/1.1,[http/1.1]}{0.0.0.0:37780}
2019-10-07 12:54:43,369 [main] INFO  server.Server (Server.java:doStart(419)) - Started @219381ms
2019-10-07 12:54:43,369 [main] WARN  impl.MetricsSystemImpl (MetricsSystemImpl.java:register(276)) - Sink prometheus already exists!
2019-10-07 12:54:43,370 [main] INFO  server.BaseHttpServer (BaseHttpServer.java:updateConnectorAddress(215)) - HTTP server of HDDSDATANODE is listening at http://0.0.0.0:37780
2019-10-07 12:54:43,370 [main] INFO  impl.MetricsSystemImpl (MetricsSystemImpl.java:init(158)) - HddsDatanode metrics system started (again)
2019-10-07 12:54:43,389 [org.apache.hadoop.util.JvmPauseMonitor$Monitor@431adb69] INFO  util.JvmPauseMonitor (JvmPauseMonitor.java:run(188)) - Starting JVM pause monitor
2019-10-07 12:54:43,390 [Datanode State Machine Thread - 0] INFO  datanode.InitDatanodeState (InitDatanodeState.java:persistContainerDatanodeDetails(140)) - DatanodeDetails is persisted to /workdir/hadoop-ozone/integration-test/target/test-dir/MiniOzoneClusterImpl-8dabfc5a-884a-4661-b4d7-effaed3458cf/datanode-3/meta/datanode.id
2019-10-07 12:54:43,390 [main] INFO  ozone.HddsDatanodeService (HddsDatanodeService.java:start(184)) - HddsDatanodeService host:pr-hdds-2264-877rn-2827291287 ip:192.168.151.100
2019-10-07 12:54:43,400 [main] INFO  volume.HddsVolume (HddsVolume.java:<init>(176)) - Creating Volume: /workdir/hadoop-ozone/integration-test/target/test-dir/MiniOzoneClusterImpl-8dabfc5a-884a-4661-b4d7-effaed3458cf/datanode-4/data/containers/hdds of  storage type : DISK and capacity : 1482555576320
2019-10-07 12:54:43,400 [main] INFO  volume.VolumeSet (VolumeSet.java:initializeVolumeSet(170)) - Added Volume : /workdir/hadoop-ozone/integration-test/target/test-dir/MiniOzoneClusterImpl-8dabfc5a-884a-4661-b4d7-effaed3458cf/datanode-4/data/containers/hdds to VolumeSet
2019-10-07 12:54:43,400 [main] INFO  volume.ThrottledAsyncChecker (ThrottledAsyncChecker.java:schedule(139)) - Scheduling a check for org.apache.hadoop.ozone.container.common.volume.HddsVolume@4def7d36
2019-10-07 12:54:43,401 [main] INFO  volume.HddsVolumeChecker (HddsVolumeChecker.java:checkAllVolumes(202)) - Scheduled health check for volume org.apache.hadoop.ozone.container.common.volume.HddsVolume@4def7d36
2019-10-07 12:54:43,417 [main] INFO  impl.RaftServerProxy (ConfUtils.java:logGet(43)) - raft.rpc.type = GRPC (default)
2019-10-07 12:54:43,417 [main] INFO  grpc.GrpcFactory (GrpcFactory.java:checkPooledByteBufAllocatorUseCacheForAllThreads(45)) - PERFORMANCE WARNING: useCacheForAllThreads is true that may cause Netty to create a lot garbage objects and, as a result, trigger GC.
	It is recommended to disable useCacheForAllThreads by setting -Dorg.apache.ratis.thirdparty.io.netty.allocator.useCacheForAllThreads=false in command line.
2019-10-07 12:54:43,418 [main] INFO  grpc.GrpcConfigKeys$Server (ConfUtils.java:logGet(43)) - raft.grpc.server.port = 0 (default)
2019-10-07 12:54:43,424 [main] INFO  server.GrpcService (ConfUtils.java:logGet(43)) - raft.grpc.message.size.max = 33570816 (custom)
2019-10-07 12:54:43,424 [main] INFO  server.RaftServerConfigKeys (ConfUtils.java:logGet(43)) - raft.server.log.appender.buffer.byte-limit = 33554432 (custom)
2019-10-07 12:54:43,424 [main] INFO  server.GrpcService (ConfUtils.java:logGet(43)) - raft.grpc.flow.control.window = 1MB (=1048576) (default)
2019-10-07 12:54:43,424 [main] INFO  server.RaftServerConfigKeys (ConfUtils.java:logGet(43)) - raft.server.rpc.request.timeout = 3000ms (default)
2019-10-07 12:54:43,425 [main] INFO  server.RaftServerConfigKeys (ConfUtils.java:logGet(43)) - raft.server.storage.dir = [/workdir/hadoop-ozone/integration-test/target/test-dir/MiniOzoneClusterImpl-8dabfc5a-884a-4661-b4d7-effaed3458cf/datanode-4/data/ratis] (custom)
2019-10-07 12:54:43,427 [main] INFO  hdfs.DFSUtil (DFSUtil.java:httpServerTemplateForNNAndJN(1641)) - Starting Web-server for hddsDatanode at: http://0.0.0.0:0
2019-10-07 12:54:43,428 [main] INFO  server.AuthenticationFilter (AuthenticationFilter.java:constructSecretProvider(240)) - Unable to initialize FileSignerSecretProvider, falling back to use random secrets.
2019-10-07 12:54:43,429 [main] WARN  http.HttpRequestLog (HttpRequestLog.java:getRequestLog(97)) - Jetty request log can only be enabled using Log4j
2019-10-07 12:54:43,431 [main] INFO  http.HttpServer2 (HttpServer2.java:addGlobalFilter(975)) - Added global filter 'safety' (class=org.apache.hadoop.http.HttpServer2$QuotingInputFilter)
2019-10-07 12:54:43,431 [main] INFO  http.HttpServer2 (HttpServer2.java:addFilter(948)) - Added filter static_user_filter (class=org.apache.hadoop.http.lib.StaticUserWebFilter$StaticUserFilter) to context hddsDatanode
2019-10-07 12:54:43,432 [main] INFO  http.HttpServer2 (HttpServer2.java:addFilter(958)) - Added filter static_user_filter (class=org.apache.hadoop.http.lib.StaticUserWebFilter$StaticUserFilter) to context static
2019-10-07 12:54:43,432 [main] INFO  http.HttpServer2 (HttpServer2.java:addFilter(958)) - Added filter static_user_filter (class=org.apache.hadoop.http.lib.StaticUserWebFilter$StaticUserFilter) to context logs
2019-10-07 12:54:43,433 [main] INFO  http.HttpServer2 (HttpServer2.java:bindListener(1191)) - Jetty bound to port 44103
2019-10-07 12:54:43,433 [main] INFO  server.Server (Server.java:doStart(351)) - jetty-9.3.25.v20180904, build timestamp: 2018-09-04T21:11:46Z, git hash: 3ce520221d0240229c862b122d2b06c12a625732
2019-10-07 12:54:43,435 [main] INFO  handler.ContextHandler (ContextHandler.java:doStart(781)) - Started o.e.j.s.ServletContextHandler@73e4387{/logs,file:///workdir/hadoop-ozone/integration-test/target/log,AVAILABLE}
2019-10-07 12:54:43,436 [main] INFO  handler.ContextHandler (ContextHandler.java:doStart(781)) - Started o.e.j.s.ServletContextHandler@4137aab0{/static,jar:file:/home/user/.m2/repository/org/apache/hadoop/hadoop-hdds-container-service/0.5.0-SNAPSHOT/hadoop-hdds-container-service-0.5.0-SNAPSHOT.jar!/webapps/static,AVAILABLE}
2019-10-07 12:54:43,476 [main] INFO  handler.ContextHandler (ContextHandler.java:doStart(781)) - Started o.e.j.w.WebAppContext@143fefaf{/,file:///tmp/jetty-0.0.0.0-44103-hddsDatanode-_-any-8752139119138632902.dir/webapp/,AVAILABLE}{/hddsDatanode}
2019-10-07 12:54:43,477 [main] INFO  server.AbstractConnector (AbstractConnector.java:doStart(278)) - Started ServerConnector@18ffca6c{HTTP/1.1,[http/1.1]}{0.0.0.0:44103}
2019-10-07 12:54:43,485 [main] INFO  server.Server (Server.java:doStart(419)) - Started @219498ms
2019-10-07 12:54:43,485 [main] WARN  impl.MetricsSystemImpl (MetricsSystemImpl.java:register(276)) - Sink prometheus already exists!
2019-10-07 12:54:43,486 [main] INFO  server.BaseHttpServer (BaseHttpServer.java:updateConnectorAddress(215)) - HTTP server of HDDSDATANODE is listening at http://0.0.0.0:44103
2019-10-07 12:54:43,487 [main] INFO  impl.MetricsSystemImpl (MetricsSystemImpl.java:init(158)) - HddsDatanode metrics system started (again)
2019-10-07 12:54:43,514 [org.apache.hadoop.util.JvmPauseMonitor$Monitor@1aa9f9f5] INFO  util.JvmPauseMonitor (JvmPauseMonitor.java:run(188)) - Starting JVM pause monitor
2019-10-07 12:54:43,516 [main] INFO  ozone.HddsDatanodeService (HddsDatanodeService.java:start(184)) - HddsDatanodeService host:pr-hdds-2264-877rn-2827291287 ip:192.168.151.100
2019-10-07 12:54:43,516 [Datanode State Machine Thread - 0] INFO  datanode.InitDatanodeState (InitDatanodeState.java:persistContainerDatanodeDetails(140)) - DatanodeDetails is persisted to /workdir/hadoop-ozone/integration-test/target/test-dir/MiniOzoneClusterImpl-8dabfc5a-884a-4661-b4d7-effaed3458cf/datanode-4/meta/datanode.id
2019-10-07 12:54:43,526 [main] INFO  volume.HddsVolume (HddsVolume.java:<init>(176)) - Creating Volume: /workdir/hadoop-ozone/integration-test/target/test-dir/MiniOzoneClusterImpl-8dabfc5a-884a-4661-b4d7-effaed3458cf/datanode-5/data/containers/hdds of  storage type : DISK and capacity : 1482555576320
2019-10-07 12:54:43,526 [main] INFO  volume.VolumeSet (VolumeSet.java:initializeVolumeSet(170)) - Added Volume : /workdir/hadoop-ozone/integration-test/target/test-dir/MiniOzoneClusterImpl-8dabfc5a-884a-4661-b4d7-effaed3458cf/datanode-5/data/containers/hdds to VolumeSet
2019-10-07 12:54:43,527 [main] INFO  volume.ThrottledAsyncChecker (ThrottledAsyncChecker.java:schedule(139)) - Scheduling a check for org.apache.hadoop.ozone.container.common.volume.HddsVolume@63d677f5
2019-10-07 12:54:43,527 [main] INFO  volume.HddsVolumeChecker (HddsVolumeChecker.java:checkAllVolumes(202)) - Scheduled health check for volume org.apache.hadoop.ozone.container.common.volume.HddsVolume@63d677f5
2019-10-07 12:54:43,542 [main] INFO  impl.RaftServerProxy (ConfUtils.java:logGet(43)) - raft.rpc.type = GRPC (default)
2019-10-07 12:54:43,542 [main] INFO  grpc.GrpcFactory (GrpcFactory.java:checkPooledByteBufAllocatorUseCacheForAllThreads(45)) - PERFORMANCE WARNING: useCacheForAllThreads is true that may cause Netty to create a lot garbage objects and, as a result, trigger GC.
	It is recommended to disable useCacheForAllThreads by setting -Dorg.apache.ratis.thirdparty.io.netty.allocator.useCacheForAllThreads=false in command line.
2019-10-07 12:54:43,543 [main] INFO  grpc.GrpcConfigKeys$Server (ConfUtils.java:logGet(43)) - raft.grpc.server.port = 0 (default)
2019-10-07 12:54:43,543 [main] INFO  server.GrpcService (ConfUtils.java:logGet(43)) - raft.grpc.message.size.max = 33570816 (custom)
2019-10-07 12:54:43,543 [main] INFO  server.RaftServerConfigKeys (ConfUtils.java:logGet(43)) - raft.server.log.appender.buffer.byte-limit = 33554432 (custom)
2019-10-07 12:54:43,543 [main] INFO  server.GrpcService (ConfUtils.java:logGet(43)) - raft.grpc.flow.control.window = 1MB (=1048576) (default)
2019-10-07 12:54:43,543 [main] INFO  server.RaftServerConfigKeys (ConfUtils.java:logGet(43)) - raft.server.rpc.request.timeout = 3000ms (default)
2019-10-07 12:54:43,544 [main] INFO  server.RaftServerConfigKeys (ConfUtils.java:logGet(43)) - raft.server.storage.dir = [/workdir/hadoop-ozone/integration-test/target/test-dir/MiniOzoneClusterImpl-8dabfc5a-884a-4661-b4d7-effaed3458cf/datanode-5/data/ratis] (custom)
2019-10-07 12:54:43,545 [main] INFO  hdfs.DFSUtil (DFSUtil.java:httpServerTemplateForNNAndJN(1641)) - Starting Web-server for hddsDatanode at: http://0.0.0.0:0
2019-10-07 12:54:43,546 [main] INFO  server.AuthenticationFilter (AuthenticationFilter.java:constructSecretProvider(240)) - Unable to initialize FileSignerSecretProvider, falling back to use random secrets.
2019-10-07 12:54:43,546 [main] WARN  http.HttpRequestLog (HttpRequestLog.java:getRequestLog(97)) - Jetty request log can only be enabled using Log4j
2019-10-07 12:54:43,547 [main] INFO  http.HttpServer2 (HttpServer2.java:addGlobalFilter(975)) - Added global filter 'safety' (class=org.apache.hadoop.http.HttpServer2$QuotingInputFilter)
2019-10-07 12:54:43,548 [main] INFO  http.HttpServer2 (HttpServer2.java:addFilter(948)) - Added filter static_user_filter (class=org.apache.hadoop.http.lib.StaticUserWebFilter$StaticUserFilter) to context hddsDatanode
2019-10-07 12:54:43,548 [main] INFO  http.HttpServer2 (HttpServer2.java:addFilter(958)) - Added filter static_user_filter (class=org.apache.hadoop.http.lib.StaticUserWebFilter$StaticUserFilter) to context static
2019-10-07 12:54:43,548 [main] INFO  http.HttpServer2 (HttpServer2.java:addFilter(958)) - Added filter static_user_filter (class=org.apache.hadoop.http.lib.StaticUserWebFilter$StaticUserFilter) to context logs
2019-10-07 12:54:43,549 [main] INFO  http.HttpServer2 (HttpServer2.java:bindListener(1191)) - Jetty bound to port 46701
2019-10-07 12:54:43,549 [main] INFO  server.Server (Server.java:doStart(351)) - jetty-9.3.25.v20180904, build timestamp: 2018-09-04T21:11:46Z, git hash: 3ce520221d0240229c862b122d2b06c12a625732
2019-10-07 12:54:43,550 [main] INFO  handler.ContextHandler (ContextHandler.java:doStart(781)) - Started o.e.j.s.ServletContextHandler@696fad31{/logs,file:///workdir/hadoop-ozone/integration-test/target/log,AVAILABLE}
2019-10-07 12:54:43,551 [main] INFO  handler.ContextHandler (ContextHandler.java:doStart(781)) - Started o.e.j.s.ServletContextHandler@7a64cb0c{/static,jar:file:/home/user/.m2/repository/org/apache/hadoop/hadoop-hdds-container-service/0.5.0-SNAPSHOT/hadoop-hdds-container-service-0.5.0-SNAPSHOT.jar!/webapps/static,AVAILABLE}
2019-10-07 12:54:43,576 [main] INFO  handler.ContextHandler (ContextHandler.java:doStart(781)) - Started o.e.j.w.WebAppContext@7b6141f0{/,file:///tmp/jetty-0.0.0.0-46701-hddsDatanode-_-any-8777623367944955343.dir/webapp/,AVAILABLE}{/hddsDatanode}
2019-10-07 12:54:43,576 [main] INFO  server.AbstractConnector (AbstractConnector.java:doStart(278)) - Started ServerConnector@4fb64a52{HTTP/1.1,[http/1.1]}{0.0.0.0:46701}
2019-10-07 12:54:43,581 [main] INFO  server.Server (Server.java:doStart(419)) - Started @219593ms
2019-10-07 12:54:43,581 [main] WARN  impl.MetricsSystemImpl (MetricsSystemImpl.java:register(276)) - Sink prometheus already exists!
2019-10-07 12:54:43,581 [main] INFO  server.BaseHttpServer (BaseHttpServer.java:updateConnectorAddress(215)) - HTTP server of HDDSDATANODE is listening at http://0.0.0.0:46701
2019-10-07 12:54:43,582 [main] INFO  impl.MetricsSystemImpl (MetricsSystemImpl.java:init(158)) - HddsDatanode metrics system started (again)
2019-10-07 12:54:43,601 [org.apache.hadoop.util.JvmPauseMonitor$Monitor@276c98c5] INFO  util.JvmPauseMonitor (JvmPauseMonitor.java:run(188)) - Starting JVM pause monitor
2019-10-07 12:54:43,603 [Datanode State Machine Thread - 0] INFO  datanode.InitDatanodeState (InitDatanodeState.java:persistContainerDatanodeDetails(140)) - DatanodeDetails is persisted to /workdir/hadoop-ozone/integration-test/target/test-dir/MiniOzoneClusterImpl-8dabfc5a-884a-4661-b4d7-effaed3458cf/datanode-5/meta/datanode.id
2019-10-07 12:54:43,603 [main] INFO  ozone.HddsDatanodeService (HddsDatanodeService.java:start(184)) - HddsDatanodeService host:pr-hdds-2264-877rn-2827291287 ip:192.168.151.100
2019-10-07 12:54:43,614 [main] INFO  volume.HddsVolume (HddsVolume.java:<init>(176)) - Creating Volume: /workdir/hadoop-ozone/integration-test/target/test-dir/MiniOzoneClusterImpl-8dabfc5a-884a-4661-b4d7-effaed3458cf/datanode-6/data/containers/hdds of  storage type : DISK and capacity : 1482555576320
2019-10-07 12:54:43,614 [main] INFO  volume.VolumeSet (VolumeSet.java:initializeVolumeSet(170)) - Added Volume : /workdir/hadoop-ozone/integration-test/target/test-dir/MiniOzoneClusterImpl-8dabfc5a-884a-4661-b4d7-effaed3458cf/datanode-6/data/containers/hdds to VolumeSet
2019-10-07 12:54:43,615 [main] INFO  volume.ThrottledAsyncChecker (ThrottledAsyncChecker.java:schedule(139)) - Scheduling a check for org.apache.hadoop.ozone.container.common.volume.HddsVolume@794240e2
2019-10-07 12:54:43,615 [main] INFO  volume.HddsVolumeChecker (HddsVolumeChecker.java:checkAllVolumes(202)) - Scheduled health check for volume org.apache.hadoop.ozone.container.common.volume.HddsVolume@794240e2
2019-10-07 12:54:43,628 [main] INFO  impl.RaftServerProxy (ConfUtils.java:logGet(43)) - raft.rpc.type = GRPC (default)
2019-10-07 12:54:43,629 [main] INFO  grpc.GrpcFactory (GrpcFactory.java:checkPooledByteBufAllocatorUseCacheForAllThreads(45)) - PERFORMANCE WARNING: useCacheForAllThreads is true that may cause Netty to create a lot garbage objects and, as a result, trigger GC.
	It is recommended to disable useCacheForAllThreads by setting -Dorg.apache.ratis.thirdparty.io.netty.allocator.useCacheForAllThreads=false in command line.
2019-10-07 12:54:43,629 [main] INFO  grpc.GrpcConfigKeys$Server (ConfUtils.java:logGet(43)) - raft.grpc.server.port = 0 (default)
2019-10-07 12:54:43,629 [main] INFO  server.GrpcService (ConfUtils.java:logGet(43)) - raft.grpc.message.size.max = 33570816 (custom)
2019-10-07 12:54:43,629 [main] INFO  server.RaftServerConfigKeys (ConfUtils.java:logGet(43)) - raft.server.log.appender.buffer.byte-limit = 33554432 (custom)
2019-10-07 12:54:43,629 [main] INFO  server.GrpcService (ConfUtils.java:logGet(43)) - raft.grpc.flow.control.window = 1MB (=1048576) (default)
2019-10-07 12:54:43,629 [main] INFO  server.RaftServerConfigKeys (ConfUtils.java:logGet(43)) - raft.server.rpc.request.timeout = 3000ms (default)
2019-10-07 12:54:43,630 [main] INFO  server.RaftServerConfigKeys (ConfUtils.java:logGet(43)) - raft.server.storage.dir = [/workdir/hadoop-ozone/integration-test/target/test-dir/MiniOzoneClusterImpl-8dabfc5a-884a-4661-b4d7-effaed3458cf/datanode-6/data/ratis] (custom)
2019-10-07 12:54:43,631 [main] INFO  hdfs.DFSUtil (DFSUtil.java:httpServerTemplateForNNAndJN(1641)) - Starting Web-server for hddsDatanode at: http://0.0.0.0:0
2019-10-07 12:54:43,632 [main] INFO  server.AuthenticationFilter (AuthenticationFilter.java:constructSecretProvider(240)) - Unable to initialize FileSignerSecretProvider, falling back to use random secrets.
2019-10-07 12:54:43,632 [main] WARN  http.HttpRequestLog (HttpRequestLog.java:getRequestLog(97)) - Jetty request log can only be enabled using Log4j
2019-10-07 12:54:43,633 [main] INFO  http.HttpServer2 (HttpServer2.java:addGlobalFilter(975)) - Added global filter 'safety' (class=org.apache.hadoop.http.HttpServer2$QuotingInputFilter)
2019-10-07 12:54:43,634 [main] INFO  http.HttpServer2 (HttpServer2.java:addFilter(948)) - Added filter static_user_filter (class=org.apache.hadoop.http.lib.StaticUserWebFilter$StaticUserFilter) to context hddsDatanode
2019-10-07 12:54:43,634 [main] INFO  http.HttpServer2 (HttpServer2.java:addFilter(958)) - Added filter static_user_filter (class=org.apache.hadoop.http.lib.StaticUserWebFilter$StaticUserFilter) to context logs
2019-10-07 12:54:43,634 [main] INFO  http.HttpServer2 (HttpServer2.java:addFilter(958)) - Added filter static_user_filter (class=org.apache.hadoop.http.lib.StaticUserWebFilter$StaticUserFilter) to context static
2019-10-07 12:54:43,634 [main] INFO  http.HttpServer2 (HttpServer2.java:bindListener(1191)) - Jetty bound to port 39606
2019-10-07 12:54:43,635 [main] INFO  server.Server (Server.java:doStart(351)) - jetty-9.3.25.v20180904, build timestamp: 2018-09-04T21:11:46Z, git hash: 3ce520221d0240229c862b122d2b06c12a625732
2019-10-07 12:54:43,636 [main] INFO  handler.ContextHandler (ContextHandler.java:doStart(781)) - Started o.e.j.s.ServletContextHandler@2e952845{/logs,file:///workdir/hadoop-ozone/integration-test/target/log,AVAILABLE}
2019-10-07 12:54:43,637 [main] INFO  handler.ContextHandler (ContextHandler.java:doStart(781)) - Started o.e.j.s.ServletContextHandler@6fbf5db2{/static,jar:file:/home/user/.m2/repository/org/apache/hadoop/hadoop-hdds-container-service/0.5.0-SNAPSHOT/hadoop-hdds-container-service-0.5.0-SNAPSHOT.jar!/webapps/static,AVAILABLE}
2019-10-07 12:54:43,662 [main] INFO  handler.ContextHandler (ContextHandler.java:doStart(781)) - Started o.e.j.w.WebAppContext@7d133fb7{/,file:///tmp/jetty-0.0.0.0-39606-hddsDatanode-_-any-535722072867748069.dir/webapp/,AVAILABLE}{/hddsDatanode}
2019-10-07 12:54:43,662 [main] INFO  server.AbstractConnector (AbstractConnector.java:doStart(278)) - Started ServerConnector@40bd0f8{HTTP/1.1,[http/1.1]}{0.0.0.0:39606}
2019-10-07 12:54:43,666 [main] INFO  server.Server (Server.java:doStart(419)) - Started @219679ms
2019-10-07 12:54:43,666 [main] WARN  impl.MetricsSystemImpl (MetricsSystemImpl.java:register(276)) - Sink prometheus already exists!
2019-10-07 12:54:43,667 [main] INFO  server.BaseHttpServer (BaseHttpServer.java:updateConnectorAddress(215)) - HTTP server of HDDSDATANODE is listening at http://0.0.0.0:39606
2019-10-07 12:54:43,667 [main] INFO  ozone.MiniOzoneClusterImpl (MiniOzoneClusterImpl.java:lambda$waitForClusterToBeReady$0(147)) - Waiting for cluster to be ready. Got 0 of 7 DN Heartbeats.
2019-10-07 12:54:43,669 [org.apache.hadoop.util.JvmPauseMonitor$Monitor@5ec99015] INFO  util.JvmPauseMonitor (JvmPauseMonitor.java:run(188)) - Starting JVM pause monitor
2019-10-07 12:54:43,670 [Datanode State Machine Thread - 0] INFO  datanode.InitDatanodeState (InitDatanodeState.java:persistContainerDatanodeDetails(140)) - DatanodeDetails is persisted to /workdir/hadoop-ozone/integration-test/target/test-dir/MiniOzoneClusterImpl-8dabfc5a-884a-4661-b4d7-effaed3458cf/datanode-6/meta/datanode.id
2019-10-07 12:54:44,668 [main] INFO  ozone.MiniOzoneClusterImpl (MiniOzoneClusterImpl.java:lambda$waitForClusterToBeReady$0(147)) - Waiting for cluster to be ready. Got 0 of 7 DN Heartbeats.
2019-10-07 12:54:45,156 [Datanode State Machine Thread - 0] INFO  ozoneimpl.OzoneContainer (OzoneContainer.java:start(217)) - Attempting to start container services.
2019-10-07 12:54:45,157 [Datanode State Machine Thread - 0] INFO  ozoneimpl.OzoneContainer (OzoneContainer.java:startContainerScrub(179)) - Background container scanner has been disabled.
2019-10-07 12:54:45,157 [Datanode State Machine Thread - 0] INFO  ratis.XceiverServerRatis (XceiverServerRatis.java:start(418)) - Starting XceiverServerRatis 79c34e7c-c09d-42ba-bb2b-d981192b5d8a at port 0
2019-10-07 12:54:45,163 [Datanode State Machine Thread - 0] INFO  impl.RaftServerProxy (RaftServerProxy.java:lambda$start$3(299)) - 79c34e7c-c09d-42ba-bb2b-d981192b5d8a: start RPC server
2019-10-07 12:54:45,164 [Datanode State Machine Thread - 0] INFO  server.GrpcService (GrpcService.java:startImpl(158)) - 79c34e7c-c09d-42ba-bb2b-d981192b5d8a: GrpcService started, listening on 0.0.0.0/0.0.0.0:38794
2019-10-07 12:54:45,164 [Datanode State Machine Thread - 0] INFO  ratis.XceiverServerRatis (XceiverServerRatis.java:start(428)) - XceiverServerRatis 79c34e7c-c09d-42ba-bb2b-d981192b5d8a is started using port 38794
2019-10-07 12:54:45,176 [Datanode State Machine Thread - 0] INFO  server.XceiverServerGrpc (XceiverServerGrpc.java:start(149)) - XceiverServerGrpc 79c34e7c-c09d-42ba-bb2b-d981192b5d8a is started using port 35870
2019-10-07 12:54:45,226 [Datanode State Machine Thread - 0] INFO  ozoneimpl.OzoneContainer (OzoneContainer.java:start(217)) - Attempting to start container services.
2019-10-07 12:54:45,226 [Datanode State Machine Thread - 0] INFO  ozoneimpl.OzoneContainer (OzoneContainer.java:startContainerScrub(179)) - Background container scanner has been disabled.
2019-10-07 12:54:45,226 [Datanode State Machine Thread - 0] INFO  ratis.XceiverServerRatis (XceiverServerRatis.java:start(418)) - Starting XceiverServerRatis 4d2b9bae-021e-4ccf-87e7-6329b6a7d832 at port 0
2019-10-07 12:54:45,233 [Datanode State Machine Thread - 0] INFO  impl.RaftServerProxy (RaftServerProxy.java:lambda$start$3(299)) - 4d2b9bae-021e-4ccf-87e7-6329b6a7d832: start RPC server
2019-10-07 12:54:45,236 [Datanode State Machine Thread - 0] INFO  server.GrpcService (GrpcService.java:startImpl(158)) - 4d2b9bae-021e-4ccf-87e7-6329b6a7d832: GrpcService started, listening on 0.0.0.0/0.0.0.0:41376
2019-10-07 12:54:45,237 [Datanode State Machine Thread - 0] INFO  ratis.XceiverServerRatis (XceiverServerRatis.java:start(428)) - XceiverServerRatis 4d2b9bae-021e-4ccf-87e7-6329b6a7d832 is started using port 41376
2019-10-07 12:54:45,237 [Datanode State Machine Thread - 0] INFO  server.XceiverServerGrpc (XceiverServerGrpc.java:start(149)) - XceiverServerGrpc 4d2b9bae-021e-4ccf-87e7-6329b6a7d832 is started using port 38220
2019-10-07 12:54:45,304 [Datanode State Machine Thread - 0] INFO  ozoneimpl.OzoneContainer (OzoneContainer.java:start(217)) - Attempting to start container services.
2019-10-07 12:54:45,305 [Datanode State Machine Thread - 0] INFO  ozoneimpl.OzoneContainer (OzoneContainer.java:startContainerScrub(179)) - Background container scanner has been disabled.
2019-10-07 12:54:45,305 [Datanode State Machine Thread - 0] INFO  ratis.XceiverServerRatis (XceiverServerRatis.java:start(418)) - Starting XceiverServerRatis 9604f214-8a72-43d6-82f0-dfc482dd7060 at port 0
2019-10-07 12:54:45,311 [Datanode State Machine Thread - 0] INFO  impl.RaftServerProxy (RaftServerProxy.java:lambda$start$3(299)) - 9604f214-8a72-43d6-82f0-dfc482dd7060: start RPC server
2019-10-07 12:54:45,311 [Datanode State Machine Thread - 0] INFO  server.GrpcService (GrpcService.java:startImpl(158)) - 9604f214-8a72-43d6-82f0-dfc482dd7060: GrpcService started, listening on 0.0.0.0/0.0.0.0:35809
2019-10-07 12:54:45,311 [Datanode State Machine Thread - 0] INFO  ratis.XceiverServerRatis (XceiverServerRatis.java:start(428)) - XceiverServerRatis 9604f214-8a72-43d6-82f0-dfc482dd7060 is started using port 35809
2019-10-07 12:54:45,312 [Datanode State Machine Thread - 0] INFO  server.XceiverServerGrpc (XceiverServerGrpc.java:start(149)) - XceiverServerGrpc 9604f214-8a72-43d6-82f0-dfc482dd7060 is started using port 34624
2019-10-07 12:54:45,403 [Datanode State Machine Thread - 0] INFO  ozoneimpl.OzoneContainer (OzoneContainer.java:start(217)) - Attempting to start container services.
2019-10-07 12:54:45,403 [Datanode State Machine Thread - 0] INFO  ozoneimpl.OzoneContainer (OzoneContainer.java:startContainerScrub(179)) - Background container scanner has been disabled.
2019-10-07 12:54:45,404 [Datanode State Machine Thread - 0] INFO  ratis.XceiverServerRatis (XceiverServerRatis.java:start(418)) - Starting XceiverServerRatis d77e94fa-427e-4395-be1c-71396d8b2ec7 at port 0
2019-10-07 12:54:45,409 [grpc-default-executor-4] WARN  server.GrpcLogAppender (LogUtils.java:warn(134)) - 7741f835-7823-4120-ba15-da80b6525d1d@group-105F4042666B->786f91eb-928f-4402-89ae-1713a48bf1ef-AppendLogResponseHandler: Failed appendEntries: org.apache.ratis.thirdparty.io.grpc.StatusRuntimeException: UNAVAILABLE: io exception
2019-10-07 12:54:45,409 [grpc-default-executor-7] WARN  server.GrpcLogAppender (LogUtils.java:warn(134)) - 7741f835-7823-4120-ba15-da80b6525d1d@group-105F4042666B->a929fe19-32c2-4064-994c-6020b0bb7a68-AppendLogResponseHandler: Failed appendEntries: org.apache.ratis.thirdparty.io.grpc.StatusRuntimeException: UNAVAILABLE: io exception
2019-10-07 12:54:45,409 [grpc-default-executor-4] INFO  impl.FollowerInfo (FollowerInfo.java:lambda$new$0(51)) - 7741f835-7823-4120-ba15-da80b6525d1d@group-105F4042666B->786f91eb-928f-4402-89ae-1713a48bf1ef: nextIndex: updateUnconditionally 0 -> 0
2019-10-07 12:54:45,410 [grpc-default-executor-7] INFO  impl.FollowerInfo (FollowerInfo.java:lambda$new$0(51)) - 7741f835-7823-4120-ba15-da80b6525d1d@group-105F4042666B->a929fe19-32c2-4064-994c-6020b0bb7a68: nextIndex: updateUnconditionally 0 -> 0
2019-10-07 12:54:45,412 [Datanode State Machine Thread - 0] INFO  impl.RaftServerProxy (RaftServerProxy.java:lambda$start$3(299)) - d77e94fa-427e-4395-be1c-71396d8b2ec7: start RPC server
2019-10-07 12:54:45,412 [Datanode State Machine Thread - 0] INFO  server.GrpcService (GrpcService.java:startImpl(158)) - d77e94fa-427e-4395-be1c-71396d8b2ec7: GrpcService started, listening on 0.0.0.0/0.0.0.0:42642
2019-10-07 12:54:45,412 [Datanode State Machine Thread - 0] INFO  ratis.XceiverServerRatis (XceiverServerRatis.java:start(428)) - XceiverServerRatis d77e94fa-427e-4395-be1c-71396d8b2ec7 is started using port 42642
2019-10-07 12:54:45,416 [Datanode State Machine Thread - 0] INFO  server.XceiverServerGrpc (XceiverServerGrpc.java:start(149)) - XceiverServerGrpc d77e94fa-427e-4395-be1c-71396d8b2ec7 is started using port 42448
2019-10-07 12:54:45,529 [Datanode State Machine Thread - 0] INFO  ozoneimpl.OzoneContainer (OzoneContainer.java:start(217)) - Attempting to start container services.
2019-10-07 12:54:45,529 [Datanode State Machine Thread - 0] INFO  ozoneimpl.OzoneContainer (OzoneContainer.java:startContainerScrub(179)) - Background container scanner has been disabled.
2019-10-07 12:54:45,530 [Datanode State Machine Thread - 0] INFO  ratis.XceiverServerRatis (XceiverServerRatis.java:start(418)) - Starting XceiverServerRatis 24893fc8-cf78-41d5-9bb1-57f1b8bca63b at port 0
2019-10-07 12:54:45,537 [Datanode State Machine Thread - 0] INFO  impl.RaftServerProxy (RaftServerProxy.java:lambda$start$3(299)) - 24893fc8-cf78-41d5-9bb1-57f1b8bca63b: start RPC server
2019-10-07 12:54:45,538 [Datanode State Machine Thread - 0] INFO  server.GrpcService (GrpcService.java:startImpl(158)) - 24893fc8-cf78-41d5-9bb1-57f1b8bca63b: GrpcService started, listening on 0.0.0.0/0.0.0.0:33481
2019-10-07 12:54:45,538 [Datanode State Machine Thread - 0] INFO  ratis.XceiverServerRatis (XceiverServerRatis.java:start(428)) - XceiverServerRatis 24893fc8-cf78-41d5-9bb1-57f1b8bca63b is started using port 33481
2019-10-07 12:54:45,539 [Datanode State Machine Thread - 0] INFO  server.XceiverServerGrpc (XceiverServerGrpc.java:start(149)) - XceiverServerGrpc 24893fc8-cf78-41d5-9bb1-57f1b8bca63b is started using port 34401
2019-10-07 12:54:45,616 [Datanode State Machine Thread - 0] INFO  ozoneimpl.OzoneContainer (OzoneContainer.java:start(217)) - Attempting to start container services.
2019-10-07 12:54:45,616 [Datanode State Machine Thread - 0] INFO  ozoneimpl.OzoneContainer (OzoneContainer.java:startContainerScrub(179)) - Background container scanner has been disabled.
2019-10-07 12:54:45,616 [Datanode State Machine Thread - 0] INFO  ratis.XceiverServerRatis (XceiverServerRatis.java:start(418)) - Starting XceiverServerRatis cc92755e-2d85-42c0-bfd7-b5b68ab0ba6e at port 0
2019-10-07 12:54:45,622 [Datanode State Machine Thread - 0] INFO  impl.RaftServerProxy (RaftServerProxy.java:lambda$start$3(299)) - cc92755e-2d85-42c0-bfd7-b5b68ab0ba6e: start RPC server
2019-10-07 12:54:45,623 [Datanode State Machine Thread - 0] INFO  server.GrpcService (GrpcService.java:startImpl(158)) - cc92755e-2d85-42c0-bfd7-b5b68ab0ba6e: GrpcService started, listening on 0.0.0.0/0.0.0.0:35274
2019-10-07 12:54:45,623 [Datanode State Machine Thread - 0] INFO  ratis.XceiverServerRatis (XceiverServerRatis.java:start(428)) - XceiverServerRatis cc92755e-2d85-42c0-bfd7-b5b68ab0ba6e is started using port 35274
2019-10-07 12:54:45,623 [Datanode State Machine Thread - 0] INFO  server.XceiverServerGrpc (XceiverServerGrpc.java:start(149)) - XceiverServerGrpc cc92755e-2d85-42c0-bfd7-b5b68ab0ba6e is started using port 42844
2019-10-07 12:54:45,668 [main] INFO  ozone.MiniOzoneClusterImpl (MiniOzoneClusterImpl.java:lambda$waitForClusterToBeReady$0(147)) - Waiting for cluster to be ready. Got 0 of 7 DN Heartbeats.
2019-10-07 12:54:45,683 [Datanode State Machine Thread - 0] INFO  ozoneimpl.OzoneContainer (OzoneContainer.java:start(217)) - Attempting to start container services.
2019-10-07 12:54:45,683 [Datanode State Machine Thread - 0] INFO  ozoneimpl.OzoneContainer (OzoneContainer.java:startContainerScrub(179)) - Background container scanner has been disabled.
2019-10-07 12:54:45,683 [Datanode State Machine Thread - 0] INFO  ratis.XceiverServerRatis (XceiverServerRatis.java:start(418)) - Starting XceiverServerRatis f443d5df-2da5-49a6-bd69-ba680cc1087d at port 0
2019-10-07 12:54:45,692 [Datanode State Machine Thread - 0] INFO  impl.RaftServerProxy (RaftServerProxy.java:lambda$start$3(299)) - f443d5df-2da5-49a6-bd69-ba680cc1087d: start RPC server
2019-10-07 12:54:45,696 [Datanode State Machine Thread - 0] INFO  server.GrpcService (GrpcService.java:startImpl(158)) - f443d5df-2da5-49a6-bd69-ba680cc1087d: GrpcService started, listening on 0.0.0.0/0.0.0.0:36147
2019-10-07 12:54:45,696 [Datanode State Machine Thread - 0] INFO  ratis.XceiverServerRatis (XceiverServerRatis.java:start(428)) - XceiverServerRatis f443d5df-2da5-49a6-bd69-ba680cc1087d is started using port 36147
2019-10-07 12:54:45,697 [Datanode State Machine Thread - 0] INFO  server.XceiverServerGrpc (XceiverServerGrpc.java:start(149)) - XceiverServerGrpc f443d5df-2da5-49a6-bd69-ba680cc1087d is started using port 40286
2019-10-07 12:54:46,669 [main] INFO  ozone.MiniOzoneClusterImpl (MiniOzoneClusterImpl.java:lambda$waitForClusterToBeReady$0(147)) - Waiting for cluster to be ready. Got 0 of 7 DN Heartbeats.
2019-10-07 12:54:47,098 [IPC Server handler 7 on 33909] INFO  net.NetworkTopology (NetworkTopologyImpl.java:add(111)) - Added a new node: /default-rack/79c34e7c-c09d-42ba-bb2b-d981192b5d8a
2019-10-07 12:54:47,101 [IPC Server handler 7 on 33909] INFO  node.SCMNodeManager (SCMNodeManager.java:register(268)) - Registered Data node : 79c34e7c-c09d-42ba-bb2b-d981192b5d8a{ip: 192.168.151.100, host: pr-hdds-2264-877rn-2827291287, networkLocation: /default-rack, certSerialId: null}
2019-10-07 12:54:47,102 [EventQueue-NodeRegistrationContainerReportForDataNodeSafeModeRule] INFO  safemode.SCMSafeModeManager (DataNodeSafeModeRule.java:process(71)) - SCM in safe mode. 1 DataNodes registered, 1 required.
2019-10-07 12:54:47,105 [EventQueue-NodeRegistrationContainerReportForDataNodeSafeModeRule] INFO  safemode.SCMSafeModeManager (SCMSafeModeManager.java:validateSafeModeExitRules(177)) - ScmSafeModeManager, all rules are successfully validated
2019-10-07 12:54:47,105 [EventQueue-NodeRegistrationContainerReportForDataNodeSafeModeRule] INFO  safemode.SCMSafeModeManager (SCMSafeModeManager.java:exitSafeMode(193)) - SCM exiting safe mode.
2019-10-07 12:54:47,122 [grpc-default-executor-7] INFO  impl.RaftServerProxy (RaftServerProxy.java:addNew(89)) - 79c34e7c-c09d-42ba-bb2b-d981192b5d8a: addNew group-19CB969FEF69:[79c34e7c-c09d-42ba-bb2b-d981192b5d8a:192.168.151.100:38794] returns group-19CB969FEF69:java.util.concurrent.CompletableFuture@643114f2[Not completed]
2019-10-07 12:54:47,128 [pool-383-thread-1] INFO  impl.RaftServerImpl (RaftServerImpl.java:<init>(95)) - 79c34e7c-c09d-42ba-bb2b-d981192b5d8a: new RaftServerImpl for group-19CB969FEF69:[79c34e7c-c09d-42ba-bb2b-d981192b5d8a:192.168.151.100:38794] with ContainerStateMachine:uninitialized
2019-10-07 12:54:47,128 [pool-383-thread-1] INFO  server.RaftServerConfigKeys (ConfUtils.java:logGet(43)) - raft.server.rpc.timeout.min = 5s (custom)
2019-10-07 12:54:47,129 [pool-383-thread-1] INFO  server.RaftServerConfigKeys (ConfUtils.java:logGet(43)) - raft.server.rpc.timeout.max = 5200ms (custom)
2019-10-07 12:54:47,129 [pool-383-thread-1] INFO  server.RaftServerConfigKeys (ConfUtils.java:logGet(43)) - raft.server.rpcslowness.timeout = 120s (custom)
2019-10-07 12:54:47,129 [pool-383-thread-1] INFO  server.RaftServerConfigKeys (ConfUtils.java:logGet(43)) - raft.server.sleep.deviation.threshold = 300 (default)
2019-10-07 12:54:47,129 [pool-383-thread-1] INFO  server.RaftServerConfigKeys (ConfUtils.java:logGet(43)) - raft.server.log.appender.install.snapshot.enabled = false (custom)
2019-10-07 12:54:47,129 [pool-383-thread-1] INFO  impl.RaftServerImpl (ServerState.java:<init>(103)) - 79c34e7c-c09d-42ba-bb2b-d981192b5d8a@group-19CB969FEF69: ConfigurationManager, init=-1: [79c34e7c-c09d-42ba-bb2b-d981192b5d8a:192.168.151.100:38794], old=null, confs=<EMPTY_MAP>
2019-10-07 12:54:47,130 [pool-383-thread-1] INFO  server.RaftServerConfigKeys (ConfUtils.java:logGet(43)) - raft.server.storage.dir = [/workdir/hadoop-ozone/integration-test/target/test-dir/MiniOzoneClusterImpl-8dabfc5a-884a-4661-b4d7-effaed3458cf/datanode-0/data/ratis] (custom)
2019-10-07 12:54:47,130 [pool-383-thread-1] INFO  server.RaftServerConfigKeys (ConfUtils.java:logGet(43)) - raft.server.log.corruption.policy = EXCEPTION (default)
2019-10-07 12:54:47,130 [pool-383-thread-1] INFO  storage.RaftStorageDirectory (RaftStorageDirectory.java:analyzeStorage(246)) - The storage directory /workdir/hadoop-ozone/integration-test/target/test-dir/MiniOzoneClusterImpl-8dabfc5a-884a-4661-b4d7-effaed3458cf/datanode-0/data/ratis/a2f2106a-f47e-4885-aae1-19cb969fef69 does not exist. Creating ...
2019-10-07 12:54:47,144 [pool-383-thread-1] INFO  storage.RaftStorageDirectory (RaftStorageDirectory.java:tryLock(328)) - Lock on /workdir/hadoop-ozone/integration-test/target/test-dir/MiniOzoneClusterImpl-8dabfc5a-884a-4661-b4d7-effaed3458cf/datanode-0/data/ratis/a2f2106a-f47e-4885-aae1-19cb969fef69/in_use.lock acquired by nodename 25439@pr-hdds-2264-877rn-2827291287
2019-10-07 12:54:47,157 [pool-383-thread-1] INFO  storage.RaftStorage (RaftStorage.java:format(84)) - Storage directory /workdir/hadoop-ozone/integration-test/target/test-dir/MiniOzoneClusterImpl-8dabfc5a-884a-4661-b4d7-effaed3458cf/datanode-0/data/ratis/a2f2106a-f47e-4885-aae1-19cb969fef69 has been successfully formatted.
2019-10-07 12:54:47,157 [pool-383-thread-1] INFO  ratis.ContainerStateMachine (ContainerStateMachine.java:loadSnapshot(231)) - group-19CB969FEF69: The snapshot info is null. Setting the last applied indexto:(t:0, i:~)
2019-10-07 12:54:47,157 [pool-383-thread-1] INFO  server.RaftServerConfigKeys (ConfUtils.java:logGet(43)) - raft.server.notification.no-leader.timeout = 120s (custom)
2019-10-07 12:54:47,158 [pool-383-thread-1] INFO  server.RaftServerConfigKeys (ConfUtils.java:logGet(43)) - raft.server.log.use.memory = false (default)
2019-10-07 12:54:47,158 [pool-383-thread-1] INFO  server.RaftServerConfigKeys (ConfUtils.java:logGet(43)) - raft.server.log.purge.gap = 1000000 (custom)
2019-10-07 12:54:47,158 [pool-383-thread-1] INFO  server.RaftServerConfigKeys (ConfUtils.java:logGet(43)) - raft.server.log.appender.buffer.byte-limit = 33554432 (custom)
2019-10-07 12:54:47,158 [pool-383-thread-1] INFO  server.RaftServerConfigKeys (ConfUtils.java:logGet(43)) - raft.server.log.segment.size.max = 1048576 (custom)
2019-10-07 12:54:47,160 [pool-383-thread-1] INFO  server.RaftServerConfigKeys (ConfUtils.java:logGet(43)) - raft.server.log.segment.cache.num.max = 2 (custom)
2019-10-07 12:54:47,160 [pool-383-thread-1] INFO  segmented.SegmentedRaftLogWorker (SegmentedRaftLogWorker.java:<init>(173)) - new 79c34e7c-c09d-42ba-bb2b-d981192b5d8a@group-19CB969FEF69-SegmentedRaftLogWorker for RaftStorage:Storage Directory /workdir/hadoop-ozone/integration-test/target/test-dir/MiniOzoneClusterImpl-8dabfc5a-884a-4661-b4d7-effaed3458cf/datanode-0/data/ratis/a2f2106a-f47e-4885-aae1-19cb969fef69
2019-10-07 12:54:47,161 [pool-383-thread-1] INFO  server.RaftServerConfigKeys (ConfUtils.java:logGet(43)) - raft.server.log.queue.byte-limit = 2147483647 (custom)
2019-10-07 12:54:47,161 [pool-383-thread-1] INFO  server.RaftServerConfigKeys (ConfUtils.java:logGet(43)) - raft.server.log.queue.element-limit = 1024 (custom)
2019-10-07 12:54:47,161 [pool-383-thread-1] INFO  server.RaftServerConfigKeys (ConfUtils.java:logGet(43)) - raft.server.log.segment.size.max = 1048576 (custom)
2019-10-07 12:54:47,161 [pool-383-thread-1] INFO  server.RaftServerConfigKeys (ConfUtils.java:logGet(43)) - raft.server.log.preallocated.size = 16384 (custom)
2019-10-07 12:54:47,161 [pool-383-thread-1] INFO  server.RaftServerConfigKeys (ConfUtils.java:logGet(43)) - raft.server.log.write.buffer.size = 33554432 (custom)
2019-10-07 12:54:47,161 [pool-383-thread-1] INFO  server.RaftServerConfigKeys (ConfUtils.java:logGet(43)) - raft.server.log.force.sync.num = 128 (default)
2019-10-07 12:54:47,161 [pool-383-thread-1] INFO  server.RaftServerConfigKeys (ConfUtils.java:logGet(43)) - raft.server.log.statemachine.data.sync = true (default)
2019-10-07 12:54:47,161 [pool-383-thread-1] INFO  server.RaftServerConfigKeys (ConfUtils.java:logGet(43)) - raft.server.log.statemachine.data.sync.timeout = 10s (default)
2019-10-07 12:54:47,162 [pool-383-thread-1] INFO  server.RaftServerConfigKeys (ConfUtils.java:logGet(43)) - raft.server.log.statemachine.data.sync.timeout.retry = -1 (default)
2019-10-07 12:54:47,162 [pool-383-thread-1] INFO  server.RaftServerConfigKeys (ConfUtils.java:logGet(43)) - raft.server.log.statemachine.data.caching.enabled = true (custom)
2019-10-07 12:54:47,162 [pool-383-thread-1] INFO  segmented.SegmentedRaftLogWorker (SegmentedRaftLogWorker.java:lambda$new$0(128)) - 79c34e7c-c09d-42ba-bb2b-d981192b5d8a@group-19CB969FEF69-SegmentedRaftLogWorker: flushIndex: setUnconditionally 0 -> -1
2019-10-07 12:54:47,163 [pool-383-thread-1] INFO  server.RaftServerConfigKeys (ConfUtils.java:logGet(43)) - raft.server.snapshot.auto.trigger.enabled = true (custom)
2019-10-07 12:54:47,163 [pool-383-thread-1] INFO  server.RaftServerConfigKeys (ConfUtils.java:logGet(43)) - raft.server.snapshot.auto.trigger.threshold = 10000 (custom)
2019-10-07 12:54:47,163 [pool-383-thread-1] INFO  server.RaftServerConfigKeys (ConfUtils.java:logGet(43)) - raft.server.snapshot.retention.file.num = 5 (custom)
2019-10-07 12:54:47,163 [pool-383-thread-1] INFO  server.RaftServerConfigKeys (ConfUtils.java:logGet(43)) - raft.server.retrycache.expirytime = 600000ms (custom)
2019-10-07 12:54:47,165 [pool-383-thread-1] INFO  impl.RaftServerImpl (RaftServerImpl.java:start(181)) - 79c34e7c-c09d-42ba-bb2b-d981192b5d8a@group-19CB969FEF69: start as a follower, conf=-1: [79c34e7c-c09d-42ba-bb2b-d981192b5d8a:192.168.151.100:38794], old=null
2019-10-07 12:54:47,165 [pool-383-thread-1] INFO  impl.RaftServerImpl (RaftServerImpl.java:setRole(170)) - 79c34e7c-c09d-42ba-bb2b-d981192b5d8a@group-19CB969FEF69: changes role from      null to FOLLOWER at term 0 for startAsFollower
2019-10-07 12:54:47,165 [pool-383-thread-1] INFO  impl.RoleInfo (RoleInfo.java:updateAndGet(143)) - 79c34e7c-c09d-42ba-bb2b-d981192b5d8a: start FollowerState
2019-10-07 12:54:47,166 [pool-383-thread-1] INFO  util.JmxRegister (JmxRegister.java:tryRegister(44)) - Successfully registered JMX Bean with object name Ratis:service=RaftServer,group=group-19CB969FEF69,id=79c34e7c-c09d-42ba-bb2b-d981192b5d8a
2019-10-07 12:54:47,171 [RatisPipelineUtilsThread] INFO  pipeline.PipelineStateManager (PipelineStateManager.java:addPipeline(56)) - Created pipeline Pipeline[ Id: a2f2106a-f47e-4885-aae1-19cb969fef69, Nodes: 79c34e7c-c09d-42ba-bb2b-d981192b5d8a{ip: 192.168.151.100, host: pr-hdds-2264-877rn-2827291287, networkLocation: /default-rack, certSerialId: null}, Type:RATIS, Factor:ONE, State:OPEN]
2019-10-07 12:54:47,207 [IPC Server handler 1 on 33909] INFO  net.NetworkTopology (NetworkTopologyImpl.java:add(111)) - Added a new node: /default-rack/4d2b9bae-021e-4ccf-87e7-6329b6a7d832
2019-10-07 12:54:47,207 [IPC Server handler 1 on 33909] INFO  node.SCMNodeManager (SCMNodeManager.java:register(268)) - Registered Data node : 4d2b9bae-021e-4ccf-87e7-6329b6a7d832{ip: 192.168.151.100, host: pr-hdds-2264-877rn-2827291287, networkLocation: /default-rack, certSerialId: null}
2019-10-07 12:54:47,218 [grpc-default-executor-7] INFO  impl.RaftServerProxy (RaftServerProxy.java:addNew(89)) - 4d2b9bae-021e-4ccf-87e7-6329b6a7d832: addNew group-6F620CB52CA5:[4d2b9bae-021e-4ccf-87e7-6329b6a7d832:192.168.151.100:41376] returns group-6F620CB52CA5:java.util.concurrent.CompletableFuture@526f2b2a[Not completed]
2019-10-07 12:54:47,220 [pool-393-thread-1] INFO  impl.RaftServerImpl (RaftServerImpl.java:<init>(95)) - 4d2b9bae-021e-4ccf-87e7-6329b6a7d832: new RaftServerImpl for group-6F620CB52CA5:[4d2b9bae-021e-4ccf-87e7-6329b6a7d832:192.168.151.100:41376] with ContainerStateMachine:uninitialized
2019-10-07 12:54:47,220 [pool-393-thread-1] INFO  server.RaftServerConfigKeys (ConfUtils.java:logGet(43)) - raft.server.rpc.timeout.min = 5s (custom)
2019-10-07 12:54:47,220 [pool-393-thread-1] INFO  server.RaftServerConfigKeys (ConfUtils.java:logGet(43)) - raft.server.rpc.timeout.max = 5200ms (custom)
2019-10-07 12:54:47,220 [pool-393-thread-1] INFO  server.RaftServerConfigKeys (ConfUtils.java:logGet(43)) - raft.server.rpcslowness.timeout = 120s (custom)
2019-10-07 12:54:47,220 [pool-393-thread-1] INFO  server.RaftServerConfigKeys (ConfUtils.java:logGet(43)) - raft.server.sleep.deviation.threshold = 300 (default)
2019-10-07 12:54:47,220 [pool-393-thread-1] INFO  server.RaftServerConfigKeys (ConfUtils.java:logGet(43)) - raft.server.log.appender.install.snapshot.enabled = false (custom)
2019-10-07 12:54:47,221 [pool-393-thread-1] INFO  impl.RaftServerImpl (ServerState.java:<init>(103)) - 4d2b9bae-021e-4ccf-87e7-6329b6a7d832@group-6F620CB52CA5: ConfigurationManager, init=-1: [4d2b9bae-021e-4ccf-87e7-6329b6a7d832:192.168.151.100:41376], old=null, confs=<EMPTY_MAP>
2019-10-07 12:54:47,221 [pool-393-thread-1] INFO  server.RaftServerConfigKeys (ConfUtils.java:logGet(43)) - raft.server.storage.dir = [/workdir/hadoop-ozone/integration-test/target/test-dir/MiniOzoneClusterImpl-8dabfc5a-884a-4661-b4d7-effaed3458cf/datanode-1/data/ratis] (custom)
2019-10-07 12:54:47,221 [pool-393-thread-1] INFO  server.RaftServerConfigKeys (ConfUtils.java:logGet(43)) - raft.server.log.corruption.policy = EXCEPTION (default)
2019-10-07 12:54:47,222 [pool-393-thread-1] INFO  storage.RaftStorageDirectory (RaftStorageDirectory.java:analyzeStorage(246)) - The storage directory /workdir/hadoop-ozone/integration-test/target/test-dir/MiniOzoneClusterImpl-8dabfc5a-884a-4661-b4d7-effaed3458cf/datanode-1/data/ratis/8bcfe344-8a7d-47d5-b9a4-6f620cb52ca5 does not exist. Creating ...
2019-10-07 12:54:47,236 [pool-393-thread-1] INFO  storage.RaftStorageDirectory (RaftStorageDirectory.java:tryLock(328)) - Lock on /workdir/hadoop-ozone/integration-test/target/test-dir/MiniOzoneClusterImpl-8dabfc5a-884a-4661-b4d7-effaed3458cf/datanode-1/data/ratis/8bcfe344-8a7d-47d5-b9a4-6f620cb52ca5/in_use.lock acquired by nodename 25439@pr-hdds-2264-877rn-2827291287
2019-10-07 12:54:47,249 [pool-393-thread-1] INFO  storage.RaftStorage (RaftStorage.java:format(84)) - Storage directory /workdir/hadoop-ozone/integration-test/target/test-dir/MiniOzoneClusterImpl-8dabfc5a-884a-4661-b4d7-effaed3458cf/datanode-1/data/ratis/8bcfe344-8a7d-47d5-b9a4-6f620cb52ca5 has been successfully formatted.
2019-10-07 12:54:47,249 [pool-393-thread-1] INFO  ratis.ContainerStateMachine (ContainerStateMachine.java:loadSnapshot(231)) - group-6F620CB52CA5: The snapshot info is null. Setting the last applied indexto:(t:0, i:~)
2019-10-07 12:54:47,249 [pool-393-thread-1] INFO  server.RaftServerConfigKeys (ConfUtils.java:logGet(43)) - raft.server.notification.no-leader.timeout = 120s (custom)
2019-10-07 12:54:47,250 [pool-393-thread-1] INFO  server.RaftServerConfigKeys (ConfUtils.java:logGet(43)) - raft.server.log.use.memory = false (default)
2019-10-07 12:54:47,250 [pool-393-thread-1] INFO  server.RaftServerConfigKeys (ConfUtils.java:logGet(43)) - raft.server.log.purge.gap = 1000000 (custom)
2019-10-07 12:54:47,250 [pool-393-thread-1] INFO  server.RaftServerConfigKeys (ConfUtils.java:logGet(43)) - raft.server.log.appender.buffer.byte-limit = 33554432 (custom)
2019-10-07 12:54:47,250 [pool-393-thread-1] INFO  server.RaftServerConfigKeys (ConfUtils.java:logGet(43)) - raft.server.log.segment.size.max = 1048576 (custom)
2019-10-07 12:54:47,252 [pool-393-thread-1] INFO  server.RaftServerConfigKeys (ConfUtils.java:logGet(43)) - raft.server.log.segment.cache.num.max = 2 (custom)
2019-10-07 12:54:47,252 [pool-393-thread-1] INFO  segmented.SegmentedRaftLogWorker (SegmentedRaftLogWorker.java:<init>(173)) - new 4d2b9bae-021e-4ccf-87e7-6329b6a7d832@group-6F620CB52CA5-SegmentedRaftLogWorker for RaftStorage:Storage Directory /workdir/hadoop-ozone/integration-test/target/test-dir/MiniOzoneClusterImpl-8dabfc5a-884a-4661-b4d7-effaed3458cf/datanode-1/data/ratis/8bcfe344-8a7d-47d5-b9a4-6f620cb52ca5
2019-10-07 12:54:47,252 [pool-393-thread-1] INFO  server.RaftServerConfigKeys (ConfUtils.java:logGet(43)) - raft.server.log.queue.byte-limit = 2147483647 (custom)
2019-10-07 12:54:47,252 [pool-393-thread-1] INFO  server.RaftServerConfigKeys (ConfUtils.java:logGet(43)) - raft.server.log.queue.element-limit = 1024 (custom)
2019-10-07 12:54:47,252 [pool-393-thread-1] INFO  server.RaftServerConfigKeys (ConfUtils.java:logGet(43)) - raft.server.log.segment.size.max = 1048576 (custom)
2019-10-07 12:54:47,252 [pool-393-thread-1] INFO  server.RaftServerConfigKeys (ConfUtils.java:logGet(43)) - raft.server.log.preallocated.size = 16384 (custom)
2019-10-07 12:54:47,252 [pool-393-thread-1] INFO  server.RaftServerConfigKeys (ConfUtils.java:logGet(43)) - raft.server.log.write.buffer.size = 33554432 (custom)
2019-10-07 12:54:47,252 [pool-393-thread-1] INFO  server.RaftServerConfigKeys (ConfUtils.java:logGet(43)) - raft.server.log.force.sync.num = 128 (default)
2019-10-07 12:54:47,253 [pool-393-thread-1] INFO  server.RaftServerConfigKeys (ConfUtils.java:logGet(43)) - raft.server.log.statemachine.data.sync = true (default)
2019-10-07 12:54:47,253 [pool-393-thread-1] INFO  server.RaftServerConfigKeys (ConfUtils.java:logGet(43)) - raft.server.log.statemachine.data.sync.timeout = 10s (default)
2019-10-07 12:54:47,253 [pool-393-thread-1] INFO  server.RaftServerConfigKeys (ConfUtils.java:logGet(43)) - raft.server.log.statemachine.data.sync.timeout.retry = -1 (default)
2019-10-07 12:54:47,253 [pool-393-thread-1] INFO  server.RaftServerConfigKeys (ConfUtils.java:logGet(43)) - raft.server.log.statemachine.data.caching.enabled = true (custom)
2019-10-07 12:54:47,254 [pool-393-thread-1] INFO  segmented.SegmentedRaftLogWorker (SegmentedRaftLogWorker.java:lambda$new$0(128)) - 4d2b9bae-021e-4ccf-87e7-6329b6a7d832@group-6F620CB52CA5-SegmentedRaftLogWorker: flushIndex: setUnconditionally 0 -> -1
2019-10-07 12:54:47,254 [pool-393-thread-1] INFO  server.RaftServerConfigKeys (ConfUtils.java:logGet(43)) - raft.server.snapshot.auto.trigger.enabled = true (custom)
2019-10-07 12:54:47,254 [pool-393-thread-1] INFO  server.RaftServerConfigKeys (ConfUtils.java:logGet(43)) - raft.server.snapshot.auto.trigger.threshold = 10000 (custom)
2019-10-07 12:54:47,254 [pool-393-thread-1] INFO  server.RaftServerConfigKeys (ConfUtils.java:logGet(43)) - raft.server.snapshot.retention.file.num = 5 (custom)
2019-10-07 12:54:47,254 [pool-393-thread-1] INFO  server.RaftServerConfigKeys (ConfUtils.java:logGet(43)) - raft.server.retrycache.expirytime = 600000ms (custom)
2019-10-07 12:54:47,256 [pool-393-thread-1] INFO  impl.RaftServerImpl (RaftServerImpl.java:start(181)) - 4d2b9bae-021e-4ccf-87e7-6329b6a7d832@group-6F620CB52CA5: start as a follower, conf=-1: [4d2b9bae-021e-4ccf-87e7-6329b6a7d832:192.168.151.100:41376], old=null
2019-10-07 12:54:47,256 [pool-393-thread-1] INFO  impl.RaftServerImpl (RaftServerImpl.java:setRole(170)) - 4d2b9bae-021e-4ccf-87e7-6329b6a7d832@group-6F620CB52CA5: changes role from      null to FOLLOWER at term 0 for startAsFollower
2019-10-07 12:54:47,256 [pool-393-thread-1] INFO  impl.RoleInfo (RoleInfo.java:updateAndGet(143)) - 4d2b9bae-021e-4ccf-87e7-6329b6a7d832: start FollowerState
2019-10-07 12:54:47,256 [pool-393-thread-1] INFO  util.JmxRegister (JmxRegister.java:tryRegister(44)) - Successfully registered JMX Bean with object name Ratis:service=RaftServer,group=group-6F620CB52CA5,id=4d2b9bae-021e-4ccf-87e7-6329b6a7d832
2019-10-07 12:54:47,261 [RatisPipelineUtilsThread] INFO  pipeline.PipelineStateManager (PipelineStateManager.java:addPipeline(56)) - Created pipeline Pipeline[ Id: 8bcfe344-8a7d-47d5-b9a4-6f620cb52ca5, Nodes: 4d2b9bae-021e-4ccf-87e7-6329b6a7d832{ip: 192.168.151.100, host: pr-hdds-2264-877rn-2827291287, networkLocation: /default-rack, certSerialId: null}, Type:RATIS, Factor:ONE, State:OPEN]
2019-10-07 12:54:47,291 [IPC Server handler 4 on 33909] INFO  net.NetworkTopology (NetworkTopologyImpl.java:add(111)) - Added a new node: /default-rack/9604f214-8a72-43d6-82f0-dfc482dd7060
2019-10-07 12:54:47,292 [IPC Server handler 4 on 33909] INFO  node.SCMNodeManager (SCMNodeManager.java:register(268)) - Registered Data node : 9604f214-8a72-43d6-82f0-dfc482dd7060{ip: 192.168.151.100, host: pr-hdds-2264-877rn-2827291287, networkLocation: /default-rack, certSerialId: null}
2019-10-07 12:54:47,304 [grpc-default-executor-7] INFO  impl.RaftServerProxy (RaftServerProxy.java:addNew(89)) - 9604f214-8a72-43d6-82f0-dfc482dd7060: addNew group-B57DD82BE2FA:[9604f214-8a72-43d6-82f0-dfc482dd7060:192.168.151.100:35809] returns group-B57DD82BE2FA:java.util.concurrent.CompletableFuture@402dd2ef[Not completed]
2019-10-07 12:54:47,305 [pool-403-thread-1] INFO  impl.RaftServerImpl (RaftServerImpl.java:<init>(95)) - 9604f214-8a72-43d6-82f0-dfc482dd7060: new RaftServerImpl for group-B57DD82BE2FA:[9604f214-8a72-43d6-82f0-dfc482dd7060:192.168.151.100:35809] with ContainerStateMachine:uninitialized
2019-10-07 12:54:47,305 [pool-403-thread-1] INFO  server.RaftServerConfigKeys (ConfUtils.java:logGet(43)) - raft.server.rpc.timeout.min = 5s (custom)
2019-10-07 12:54:47,305 [pool-403-thread-1] INFO  server.RaftServerConfigKeys (ConfUtils.java:logGet(43)) - raft.server.rpc.timeout.max = 5200ms (custom)
2019-10-07 12:54:47,306 [pool-403-thread-1] INFO  server.RaftServerConfigKeys (ConfUtils.java:logGet(43)) - raft.server.rpcslowness.timeout = 120s (custom)
2019-10-07 12:54:47,306 [pool-403-thread-1] INFO  server.RaftServerConfigKeys (ConfUtils.java:logGet(43)) - raft.server.sleep.deviation.threshold = 300 (default)
2019-10-07 12:54:47,306 [pool-403-thread-1] INFO  server.RaftServerConfigKeys (ConfUtils.java:logGet(43)) - raft.server.log.appender.install.snapshot.enabled = false (custom)
2019-10-07 12:54:47,306 [pool-403-thread-1] INFO  impl.RaftServerImpl (ServerState.java:<init>(103)) - 9604f214-8a72-43d6-82f0-dfc482dd7060@group-B57DD82BE2FA: ConfigurationManager, init=-1: [9604f214-8a72-43d6-82f0-dfc482dd7060:192.168.151.100:35809], old=null, confs=<EMPTY_MAP>
2019-10-07 12:54:47,306 [pool-403-thread-1] INFO  server.RaftServerConfigKeys (ConfUtils.java:logGet(43)) - raft.server.storage.dir = [/workdir/hadoop-ozone/integration-test/target/test-dir/MiniOzoneClusterImpl-8dabfc5a-884a-4661-b4d7-effaed3458cf/datanode-2/data/ratis] (custom)
2019-10-07 12:54:47,307 [pool-403-thread-1] INFO  server.RaftServerConfigKeys (ConfUtils.java:logGet(43)) - raft.server.log.corruption.policy = EXCEPTION (default)
2019-10-07 12:54:47,307 [pool-403-thread-1] INFO  storage.RaftStorageDirectory (RaftStorageDirectory.java:analyzeStorage(246)) - The storage directory /workdir/hadoop-ozone/integration-test/target/test-dir/MiniOzoneClusterImpl-8dabfc5a-884a-4661-b4d7-effaed3458cf/datanode-2/data/ratis/782714c0-5054-4d2e-b0b7-b57dd82be2fa does not exist. Creating ...
2019-10-07 12:54:47,320 [pool-403-thread-1] INFO  storage.RaftStorageDirectory (RaftStorageDirectory.java:tryLock(328)) - Lock on /workdir/hadoop-ozone/integration-test/target/test-dir/MiniOzoneClusterImpl-8dabfc5a-884a-4661-b4d7-effaed3458cf/datanode-2/data/ratis/782714c0-5054-4d2e-b0b7-b57dd82be2fa/in_use.lock acquired by nodename 25439@pr-hdds-2264-877rn-2827291287
2019-10-07 12:54:47,333 [pool-403-thread-1] INFO  storage.RaftStorage (RaftStorage.java:format(84)) - Storage directory /workdir/hadoop-ozone/integration-test/target/test-dir/MiniOzoneClusterImpl-8dabfc5a-884a-4661-b4d7-effaed3458cf/datanode-2/data/ratis/782714c0-5054-4d2e-b0b7-b57dd82be2fa has been successfully formatted.
2019-10-07 12:54:47,333 [pool-403-thread-1] INFO  ratis.ContainerStateMachine (ContainerStateMachine.java:loadSnapshot(231)) - group-B57DD82BE2FA: The snapshot info is null. Setting the last applied indexto:(t:0, i:~)
2019-10-07 12:54:47,333 [pool-403-thread-1] INFO  server.RaftServerConfigKeys (ConfUtils.java:logGet(43)) - raft.server.notification.no-leader.timeout = 120s (custom)
2019-10-07 12:54:47,334 [pool-403-thread-1] INFO  server.RaftServerConfigKeys (ConfUtils.java:logGet(43)) - raft.server.log.use.memory = false (default)
2019-10-07 12:54:47,334 [pool-403-thread-1] INFO  server.RaftServerConfigKeys (ConfUtils.java:logGet(43)) - raft.server.log.purge.gap = 1000000 (custom)
2019-10-07 12:54:47,334 [pool-403-thread-1] INFO  server.RaftServerConfigKeys (ConfUtils.java:logGet(43)) - raft.server.log.appender.buffer.byte-limit = 33554432 (custom)
2019-10-07 12:54:47,334 [pool-403-thread-1] INFO  server.RaftServerConfigKeys (ConfUtils.java:logGet(43)) - raft.server.log.segment.size.max = 1048576 (custom)
2019-10-07 12:54:47,335 [pool-403-thread-1] INFO  server.RaftServerConfigKeys (ConfUtils.java:logGet(43)) - raft.server.log.segment.cache.num.max = 2 (custom)
2019-10-07 12:54:47,336 [pool-403-thread-1] INFO  segmented.SegmentedRaftLogWorker (SegmentedRaftLogWorker.java:<init>(173)) - new 9604f214-8a72-43d6-82f0-dfc482dd7060@group-B57DD82BE2FA-SegmentedRaftLogWorker for RaftStorage:Storage Directory /workdir/hadoop-ozone/integration-test/target/test-dir/MiniOzoneClusterImpl-8dabfc5a-884a-4661-b4d7-effaed3458cf/datanode-2/data/ratis/782714c0-5054-4d2e-b0b7-b57dd82be2fa
2019-10-07 12:54:47,336 [pool-403-thread-1] INFO  server.RaftServerConfigKeys (ConfUtils.java:logGet(43)) - raft.server.log.queue.byte-limit = 2147483647 (custom)
2019-10-07 12:54:47,336 [pool-403-thread-1] INFO  server.RaftServerConfigKeys (ConfUtils.java:logGet(43)) - raft.server.log.queue.element-limit = 1024 (custom)
2019-10-07 12:54:47,336 [pool-403-thread-1] INFO  server.RaftServerConfigKeys (ConfUtils.java:logGet(43)) - raft.server.log.segment.size.max = 1048576 (custom)
2019-10-07 12:54:47,336 [pool-403-thread-1] INFO  server.RaftServerConfigKeys (ConfUtils.java:logGet(43)) - raft.server.log.preallocated.size = 16384 (custom)
2019-10-07 12:54:47,337 [pool-403-thread-1] INFO  server.RaftServerConfigKeys (ConfUtils.java:logGet(43)) - raft.server.log.write.buffer.size = 33554432 (custom)
2019-10-07 12:54:47,337 [pool-403-thread-1] INFO  server.RaftServerConfigKeys (ConfUtils.java:logGet(43)) - raft.server.log.force.sync.num = 128 (default)
2019-10-07 12:54:47,337 [pool-403-thread-1] INFO  server.RaftServerConfigKeys (ConfUtils.java:logGet(43)) - raft.server.log.statemachine.data.sync = true (default)
2019-10-07 12:54:47,337 [pool-403-thread-1] INFO  server.RaftServerConfigKeys (ConfUtils.java:logGet(43)) - raft.server.log.statemachine.data.sync.timeout = 10s (default)
2019-10-07 12:54:47,337 [pool-403-thread-1] INFO  server.RaftServerConfigKeys (ConfUtils.java:logGet(43)) - raft.server.log.statemachine.data.sync.timeout.retry = -1 (default)
2019-10-07 12:54:47,338 [pool-403-thread-1] INFO  server.RaftServerConfigKeys (ConfUtils.java:logGet(43)) - raft.server.log.statemachine.data.caching.enabled = true (custom)
2019-10-07 12:54:47,338 [pool-403-thread-1] INFO  segmented.SegmentedRaftLogWorker (SegmentedRaftLogWorker.java:lambda$new$0(128)) - 9604f214-8a72-43d6-82f0-dfc482dd7060@group-B57DD82BE2FA-SegmentedRaftLogWorker: flushIndex: setUnconditionally 0 -> -1
2019-10-07 12:54:47,338 [pool-403-thread-1] INFO  server.RaftServerConfigKeys (ConfUtils.java:logGet(43)) - raft.server.snapshot.auto.trigger.enabled = true (custom)
2019-10-07 12:54:47,339 [pool-403-thread-1] INFO  server.RaftServerConfigKeys (ConfUtils.java:logGet(43)) - raft.server.snapshot.auto.trigger.threshold = 10000 (custom)
2019-10-07 12:54:47,339 [pool-403-thread-1] INFO  server.RaftServerConfigKeys (ConfUtils.java:logGet(43)) - raft.server.snapshot.retention.file.num = 5 (custom)
2019-10-07 12:54:47,339 [pool-403-thread-1] INFO  server.RaftServerConfigKeys (ConfUtils.java:logGet(43)) - raft.server.retrycache.expirytime = 600000ms (custom)
2019-10-07 12:54:47,341 [pool-403-thread-1] INFO  impl.RaftServerImpl (RaftServerImpl.java:start(181)) - 9604f214-8a72-43d6-82f0-dfc482dd7060@group-B57DD82BE2FA: start as a follower, conf=-1: [9604f214-8a72-43d6-82f0-dfc482dd7060:192.168.151.100:35809], old=null
2019-10-07 12:54:47,341 [pool-403-thread-1] INFO  impl.RaftServerImpl (RaftServerImpl.java:setRole(170)) - 9604f214-8a72-43d6-82f0-dfc482dd7060@group-B57DD82BE2FA: changes role from      null to FOLLOWER at term 0 for startAsFollower
2019-10-07 12:54:47,342 [pool-403-thread-1] INFO  impl.RoleInfo (RoleInfo.java:updateAndGet(143)) - 9604f214-8a72-43d6-82f0-dfc482dd7060: start FollowerState
2019-10-07 12:54:47,342 [pool-403-thread-1] INFO  util.JmxRegister (JmxRegister.java:tryRegister(44)) - Successfully registered JMX Bean with object name Ratis:service=RaftServer,group=group-B57DD82BE2FA,id=9604f214-8a72-43d6-82f0-dfc482dd7060
2019-10-07 12:54:47,346 [RatisPipelineUtilsThread] INFO  pipeline.PipelineStateManager (PipelineStateManager.java:addPipeline(56)) - Created pipeline Pipeline[ Id: 782714c0-5054-4d2e-b0b7-b57dd82be2fa, Nodes: 9604f214-8a72-43d6-82f0-dfc482dd7060{ip: 192.168.151.100, host: pr-hdds-2264-877rn-2827291287, networkLocation: /default-rack, certSerialId: null}, Type:RATIS, Factor:ONE, State:OPEN]
2019-10-07 12:54:47,391 [IPC Server handler 2 on 33909] INFO  net.NetworkTopology (NetworkTopologyImpl.java:add(111)) - Added a new node: /default-rack/d77e94fa-427e-4395-be1c-71396d8b2ec7
2019-10-07 12:54:47,391 [IPC Server handler 2 on 33909] INFO  node.SCMNodeManager (SCMNodeManager.java:register(268)) - Registered Data node : d77e94fa-427e-4395-be1c-71396d8b2ec7{ip: 192.168.151.100, host: pr-hdds-2264-877rn-2827291287, networkLocation: /default-rack, certSerialId: null}
2019-10-07 12:54:47,392 [grpc-default-executor-6] INFO  impl.RaftServerProxy (RaftServerProxy.java:addNew(89)) - 9604f214-8a72-43d6-82f0-dfc482dd7060: addNew group-15B672439692:[4d2b9bae-021e-4ccf-87e7-6329b6a7d832:192.168.151.100:41376, 9604f214-8a72-43d6-82f0-dfc482dd7060:192.168.151.100:35809, 79c34e7c-c09d-42ba-bb2b-d981192b5d8a:192.168.151.100:38794] returns group-15B672439692:java.util.concurrent.CompletableFuture@216b4f73[Not completed]
2019-10-07 12:54:47,392 [grpc-default-executor-7] INFO  impl.RaftServerProxy (RaftServerProxy.java:addNew(89)) - 4d2b9bae-021e-4ccf-87e7-6329b6a7d832: addNew group-15B672439692:[4d2b9bae-021e-4ccf-87e7-6329b6a7d832:192.168.151.100:41376, 9604f214-8a72-43d6-82f0-dfc482dd7060:192.168.151.100:35809, 79c34e7c-c09d-42ba-bb2b-d981192b5d8a:192.168.151.100:38794] returns group-15B672439692:java.util.concurrent.CompletableFuture@7caa2c77[Not completed]
2019-10-07 12:54:47,393 [grpc-default-executor-6] INFO  impl.RaftServerProxy (RaftServerProxy.java:addNew(89)) - 79c34e7c-c09d-42ba-bb2b-d981192b5d8a: addNew group-15B672439692:[4d2b9bae-021e-4ccf-87e7-6329b6a7d832:192.168.151.100:41376, 9604f214-8a72-43d6-82f0-dfc482dd7060:192.168.151.100:35809, 79c34e7c-c09d-42ba-bb2b-d981192b5d8a:192.168.151.100:38794] returns group-15B672439692:java.util.concurrent.CompletableFuture@1176c697[Not completed]
2019-10-07 12:54:47,394 [pool-403-thread-1] INFO  impl.RaftServerImpl (RaftServerImpl.java:<init>(95)) - 9604f214-8a72-43d6-82f0-dfc482dd7060: new RaftServerImpl for group-15B672439692:[4d2b9bae-021e-4ccf-87e7-6329b6a7d832:192.168.151.100:41376, 9604f214-8a72-43d6-82f0-dfc482dd7060:192.168.151.100:35809, 79c34e7c-c09d-42ba-bb2b-d981192b5d8a:192.168.151.100:38794] with ContainerStateMachine:uninitialized
2019-10-07 12:54:47,395 [pool-403-thread-1] INFO  server.RaftServerConfigKeys (ConfUtils.java:logGet(43)) - raft.server.rpc.timeout.min = 5s (custom)
2019-10-07 12:54:47,395 [pool-403-thread-1] INFO  server.RaftServerConfigKeys (ConfUtils.java:logGet(43)) - raft.server.rpc.timeout.max = 5200ms (custom)
2019-10-07 12:54:47,395 [pool-403-thread-1] INFO  server.RaftServerConfigKeys (ConfUtils.java:logGet(43)) - raft.server.rpcslowness.timeout = 120s (custom)
2019-10-07 12:54:47,395 [pool-393-thread-1] INFO  impl.RaftServerImpl (RaftServerImpl.java:<init>(95)) - 4d2b9bae-021e-4ccf-87e7-6329b6a7d832: new RaftServerImpl for group-15B672439692:[4d2b9bae-021e-4ccf-87e7-6329b6a7d832:192.168.151.100:41376, 9604f214-8a72-43d6-82f0-dfc482dd7060:192.168.151.100:35809, 79c34e7c-c09d-42ba-bb2b-d981192b5d8a:192.168.151.100:38794] with ContainerStateMachine:uninitialized
2019-10-07 12:54:47,395 [pool-403-thread-1] INFO  server.RaftServerConfigKeys (ConfUtils.java:logGet(43)) - raft.server.sleep.deviation.threshold = 300 (default)
2019-10-07 12:54:47,395 [pool-393-thread-1] INFO  server.RaftServerConfigKeys (ConfUtils.java:logGet(43)) - raft.server.rpc.timeout.min = 5s (custom)
2019-10-07 12:54:47,395 [pool-403-thread-1] INFO  server.RaftServerConfigKeys (ConfUtils.java:logGet(43)) - raft.server.log.appender.install.snapshot.enabled = false (custom)
2019-10-07 12:54:47,396 [pool-383-thread-1] INFO  impl.RaftServerImpl (RaftServerImpl.java:<init>(95)) - 79c34e7c-c09d-42ba-bb2b-d981192b5d8a: new RaftServerImpl for group-15B672439692:[4d2b9bae-021e-4ccf-87e7-6329b6a7d832:192.168.151.100:41376, 9604f214-8a72-43d6-82f0-dfc482dd7060:192.168.151.100:35809, 79c34e7c-c09d-42ba-bb2b-d981192b5d8a:192.168.151.100:38794] with ContainerStateMachine:uninitialized
2019-10-07 12:54:47,396 [pool-393-thread-1] INFO  server.RaftServerConfigKeys (ConfUtils.java:logGet(43)) - raft.server.rpc.timeout.max = 5200ms (custom)
2019-10-07 12:54:47,396 [pool-383-thread-1] INFO  server.RaftServerConfigKeys (ConfUtils.java:logGet(43)) - raft.server.rpc.timeout.min = 5s (custom)
2019-10-07 12:54:47,396 [pool-403-thread-1] INFO  impl.RaftServerImpl (ServerState.java:<init>(103)) - 9604f214-8a72-43d6-82f0-dfc482dd7060@group-15B672439692: ConfigurationManager, init=-1: [4d2b9bae-021e-4ccf-87e7-6329b6a7d832:192.168.151.100:41376, 9604f214-8a72-43d6-82f0-dfc482dd7060:192.168.151.100:35809, 79c34e7c-c09d-42ba-bb2b-d981192b5d8a:192.168.151.100:38794], old=null, confs=<EMPTY_MAP>
2019-10-07 12:54:47,396 [pool-383-thread-1] INFO  server.RaftServerConfigKeys (ConfUtils.java:logGet(43)) - raft.server.rpc.timeout.max = 5200ms (custom)
2019-10-07 12:54:47,396 [pool-403-thread-1] INFO  server.RaftServerConfigKeys (ConfUtils.java:logGet(43)) - raft.server.storage.dir = [/workdir/hadoop-ozone/integration-test/target/test-dir/MiniOzoneClusterImpl-8dabfc5a-884a-4661-b4d7-effaed3458cf/datanode-2/data/ratis] (custom)
2019-10-07 12:54:47,396 [pool-393-thread-1] INFO  server.RaftServerConfigKeys (ConfUtils.java:logGet(43)) - raft.server.rpcslowness.timeout = 120s (custom)
2019-10-07 12:54:47,396 [pool-383-thread-1] INFO  server.RaftServerConfigKeys (ConfUtils.java:logGet(43)) - raft.server.rpcslowness.timeout = 120s (custom)
2019-10-07 12:54:47,397 [pool-403-thread-1] INFO  server.RaftServerConfigKeys (ConfUtils.java:logGet(43)) - raft.server.log.corruption.policy = EXCEPTION (default)
2019-10-07 12:54:47,397 [pool-393-thread-1] INFO  server.RaftServerConfigKeys (ConfUtils.java:logGet(43)) - raft.server.sleep.deviation.threshold = 300 (default)
2019-10-07 12:54:47,397 [pool-403-thread-1] INFO  storage.RaftStorageDirectory (RaftStorageDirectory.java:analyzeStorage(246)) - The storage directory /workdir/hadoop-ozone/integration-test/target/test-dir/MiniOzoneClusterImpl-8dabfc5a-884a-4661-b4d7-effaed3458cf/datanode-2/data/ratis/2d9238d0-2dfd-4d45-87ff-15b672439692 does not exist. Creating ...
2019-10-07 12:54:47,397 [pool-383-thread-1] INFO  server.RaftServerConfigKeys (ConfUtils.java:logGet(43)) - raft.server.sleep.deviation.threshold = 300 (default)
2019-10-07 12:54:47,397 [pool-393-thread-1] INFO  server.RaftServerConfigKeys (ConfUtils.java:logGet(43)) - raft.server.log.appender.install.snapshot.enabled = false (custom)
2019-10-07 12:54:47,397 [pool-383-thread-1] INFO  server.RaftServerConfigKeys (ConfUtils.java:logGet(43)) - raft.server.log.appender.install.snapshot.enabled = false (custom)
2019-10-07 12:54:47,398 [pool-393-thread-1] INFO  impl.RaftServerImpl (ServerState.java:<init>(103)) - 4d2b9bae-021e-4ccf-87e7-6329b6a7d832@group-15B672439692: ConfigurationManager, init=-1: [4d2b9bae-021e-4ccf-87e7-6329b6a7d832:192.168.151.100:41376, 9604f214-8a72-43d6-82f0-dfc482dd7060:192.168.151.100:35809, 79c34e7c-c09d-42ba-bb2b-d981192b5d8a:192.168.151.100:38794], old=null, confs=<EMPTY_MAP>
2019-10-07 12:54:47,398 [pool-383-thread-1] INFO  impl.RaftServerImpl (ServerState.java:<init>(103)) - 79c34e7c-c09d-42ba-bb2b-d981192b5d8a@group-15B672439692: ConfigurationManager, init=-1: [4d2b9bae-021e-4ccf-87e7-6329b6a7d832:192.168.151.100:41376, 9604f214-8a72-43d6-82f0-dfc482dd7060:192.168.151.100:35809, 79c34e7c-c09d-42ba-bb2b-d981192b5d8a:192.168.151.100:38794], old=null, confs=<EMPTY_MAP>
2019-10-07 12:54:47,398 [pool-393-thread-1] INFO  server.RaftServerConfigKeys (ConfUtils.java:logGet(43)) - raft.server.storage.dir = [/workdir/hadoop-ozone/integration-test/target/test-dir/MiniOzoneClusterImpl-8dabfc5a-884a-4661-b4d7-effaed3458cf/datanode-1/data/ratis] (custom)
2019-10-07 12:54:47,398 [pool-383-thread-1] INFO  server.RaftServerConfigKeys (ConfUtils.java:logGet(43)) - raft.server.storage.dir = [/workdir/hadoop-ozone/integration-test/target/test-dir/MiniOzoneClusterImpl-8dabfc5a-884a-4661-b4d7-effaed3458cf/datanode-0/data/ratis] (custom)
2019-10-07 12:54:47,398 [pool-393-thread-1] INFO  server.RaftServerConfigKeys (ConfUtils.java:logGet(43)) - raft.server.log.corruption.policy = EXCEPTION (default)
2019-10-07 12:54:47,398 [pool-383-thread-1] INFO  server.RaftServerConfigKeys (ConfUtils.java:logGet(43)) - raft.server.log.corruption.policy = EXCEPTION (default)
2019-10-07 12:54:47,398 [pool-393-thread-1] INFO  storage.RaftStorageDirectory (RaftStorageDirectory.java:analyzeStorage(246)) - The storage directory /workdir/hadoop-ozone/integration-test/target/test-dir/MiniOzoneClusterImpl-8dabfc5a-884a-4661-b4d7-effaed3458cf/datanode-1/data/ratis/2d9238d0-2dfd-4d45-87ff-15b672439692 does not exist. Creating ...
2019-10-07 12:54:47,398 [pool-383-thread-1] INFO  storage.RaftStorageDirectory (RaftStorageDirectory.java:analyzeStorage(246)) - The storage directory /workdir/hadoop-ozone/integration-test/target/test-dir/MiniOzoneClusterImpl-8dabfc5a-884a-4661-b4d7-effaed3458cf/datanode-0/data/ratis/2d9238d0-2dfd-4d45-87ff-15b672439692 does not exist. Creating ...
2019-10-07 12:54:47,469 [pool-383-thread-1] INFO  storage.RaftStorageDirectory (RaftStorageDirectory.java:tryLock(328)) - Lock on /workdir/hadoop-ozone/integration-test/target/test-dir/MiniOzoneClusterImpl-8dabfc5a-884a-4661-b4d7-effaed3458cf/datanode-0/data/ratis/2d9238d0-2dfd-4d45-87ff-15b672439692/in_use.lock acquired by nodename 25439@pr-hdds-2264-877rn-2827291287
2019-10-07 12:54:47,469 [pool-393-thread-1] INFO  storage.RaftStorageDirectory (RaftStorageDirectory.java:tryLock(328)) - Lock on /workdir/hadoop-ozone/integration-test/target/test-dir/MiniOzoneClusterImpl-8dabfc5a-884a-4661-b4d7-effaed3458cf/datanode-1/data/ratis/2d9238d0-2dfd-4d45-87ff-15b672439692/in_use.lock acquired by nodename 25439@pr-hdds-2264-877rn-2827291287
2019-10-07 12:54:47,469 [pool-403-thread-1] INFO  storage.RaftStorageDirectory (RaftStorageDirectory.java:tryLock(328)) - Lock on /workdir/hadoop-ozone/integration-test/target/test-dir/MiniOzoneClusterImpl-8dabfc5a-884a-4661-b4d7-effaed3458cf/datanode-2/data/ratis/2d9238d0-2dfd-4d45-87ff-15b672439692/in_use.lock acquired by nodename 25439@pr-hdds-2264-877rn-2827291287
2019-10-07 12:54:47,474 [pool-403-thread-1] INFO  storage.RaftStorage (RaftStorage.java:format(84)) - Storage directory /workdir/hadoop-ozone/integration-test/target/test-dir/MiniOzoneClusterImpl-8dabfc5a-884a-4661-b4d7-effaed3458cf/datanode-2/data/ratis/2d9238d0-2dfd-4d45-87ff-15b672439692 has been successfully formatted.
2019-10-07 12:54:47,474 [pool-393-thread-1] INFO  storage.RaftStorage (RaftStorage.java:format(84)) - Storage directory /workdir/hadoop-ozone/integration-test/target/test-dir/MiniOzoneClusterImpl-8dabfc5a-884a-4661-b4d7-effaed3458cf/datanode-1/data/ratis/2d9238d0-2dfd-4d45-87ff-15b672439692 has been successfully formatted.
2019-10-07 12:54:47,474 [pool-383-thread-1] INFO  storage.RaftStorage (RaftStorage.java:format(84)) - Storage directory /workdir/hadoop-ozone/integration-test/target/test-dir/MiniOzoneClusterImpl-8dabfc5a-884a-4661-b4d7-effaed3458cf/datanode-0/data/ratis/2d9238d0-2dfd-4d45-87ff-15b672439692 has been successfully formatted.
2019-10-07 12:54:47,474 [pool-403-thread-1] INFO  ratis.ContainerStateMachine (ContainerStateMachine.java:loadSnapshot(231)) - group-15B672439692: The snapshot info is null. Setting the last applied indexto:(t:0, i:~)
2019-10-07 12:54:47,474 [pool-393-thread-1] INFO  ratis.ContainerStateMachine (ContainerStateMachine.java:loadSnapshot(231)) - group-15B672439692: The snapshot info is null. Setting the last applied indexto:(t:0, i:~)
2019-10-07 12:54:47,475 [pool-403-thread-1] INFO  server.RaftServerConfigKeys (ConfUtils.java:logGet(43)) - raft.server.notification.no-leader.timeout = 120s (custom)
2019-10-07 12:54:47,474 [pool-383-thread-1] INFO  ratis.ContainerStateMachine (ContainerStateMachine.java:loadSnapshot(231)) - group-15B672439692: The snapshot info is null. Setting the last applied indexto:(t:0, i:~)
2019-10-07 12:54:47,475 [pool-403-thread-1] INFO  server.RaftServerConfigKeys (ConfUtils.java:logGet(43)) - raft.server.log.use.memory = false (default)
2019-10-07 12:54:47,475 [pool-393-thread-1] INFO  server.RaftServerConfigKeys (ConfUtils.java:logGet(43)) - raft.server.notification.no-leader.timeout = 120s (custom)
2019-10-07 12:54:47,475 [pool-403-thread-1] INFO  server.RaftServerConfigKeys (ConfUtils.java:logGet(43)) - raft.server.log.purge.gap = 1000000 (custom)
2019-10-07 12:54:47,475 [pool-383-thread-1] INFO  server.RaftServerConfigKeys (ConfUtils.java:logGet(43)) - raft.server.notification.no-leader.timeout = 120s (custom)
2019-10-07 12:54:47,475 [pool-403-thread-1] INFO  server.RaftServerConfigKeys (ConfUtils.java:logGet(43)) - raft.server.log.appender.buffer.byte-limit = 33554432 (custom)
2019-10-07 12:54:47,475 [pool-393-thread-1] INFO  server.RaftServerConfigKeys (ConfUtils.java:logGet(43)) - raft.server.log.use.memory = false (default)
2019-10-07 12:54:47,476 [pool-403-thread-1] INFO  server.RaftServerConfigKeys (ConfUtils.java:logGet(43)) - raft.server.log.segment.size.max = 1048576 (custom)
2019-10-07 12:54:47,476 [pool-383-thread-1] INFO  server.RaftServerConfigKeys (ConfUtils.java:logGet(43)) - raft.server.log.use.memory = false (default)
2019-10-07 12:54:47,476 [pool-403-thread-1] INFO  server.RaftServerConfigKeys (ConfUtils.java:logGet(43)) - raft.server.log.segment.cache.num.max = 2 (custom)
2019-10-07 12:54:47,476 [pool-393-thread-1] INFO  server.RaftServerConfigKeys (ConfUtils.java:logGet(43)) - raft.server.log.purge.gap = 1000000 (custom)
2019-10-07 12:54:47,476 [pool-403-thread-1] INFO  segmented.SegmentedRaftLogWorker (SegmentedRaftLogWorker.java:<init>(173)) - new 9604f214-8a72-43d6-82f0-dfc482dd7060@group-15B672439692-SegmentedRaftLogWorker for RaftStorage:Storage Directory /workdir/hadoop-ozone/integration-test/target/test-dir/MiniOzoneClusterImpl-8dabfc5a-884a-4661-b4d7-effaed3458cf/datanode-2/data/ratis/2d9238d0-2dfd-4d45-87ff-15b672439692
2019-10-07 12:54:47,477 [pool-403-thread-1] INFO  server.RaftServerConfigKeys (ConfUtils.java:logGet(43)) - raft.server.log.queue.byte-limit = 2147483647 (custom)
2019-10-07 12:54:47,476 [pool-383-thread-1] INFO  server.RaftServerConfigKeys (ConfUtils.java:logGet(43)) - raft.server.log.purge.gap = 1000000 (custom)
2019-10-07 12:54:47,477 [pool-403-thread-1] INFO  server.RaftServerConfigKeys (ConfUtils.java:logGet(43)) - raft.server.log.queue.element-limit = 1024 (custom)
2019-10-07 12:54:47,476 [pool-393-thread-1] INFO  server.RaftServerConfigKeys (ConfUtils.java:logGet(43)) - raft.server.log.appender.buffer.byte-limit = 33554432 (custom)
2019-10-07 12:54:47,477 [pool-403-thread-1] INFO  server.RaftServerConfigKeys (ConfUtils.java:logGet(43)) - raft.server.log.segment.size.max = 1048576 (custom)
2019-10-07 12:54:47,477 [pool-383-thread-1] INFO  server.RaftServerConfigKeys (ConfUtils.java:logGet(43)) - raft.server.log.appender.buffer.byte-limit = 33554432 (custom)
2019-10-07 12:54:47,477 [pool-403-thread-1] INFO  server.RaftServerConfigKeys (ConfUtils.java:logGet(43)) - raft.server.log.preallocated.size = 16384 (custom)
2019-10-07 12:54:47,477 [pool-403-thread-1] INFO  server.RaftServerConfigKeys (ConfUtils.java:logGet(43)) - raft.server.log.write.buffer.size = 33554432 (custom)
2019-10-07 12:54:47,477 [pool-393-thread-1] INFO  server.RaftServerConfigKeys (ConfUtils.java:logGet(43)) - raft.server.log.segment.size.max = 1048576 (custom)
2019-10-07 12:54:47,478 [pool-403-thread-1] INFO  server.RaftServerConfigKeys (ConfUtils.java:logGet(43)) - raft.server.log.force.sync.num = 128 (default)
2019-10-07 12:54:47,477 [pool-383-thread-1] INFO  server.RaftServerConfigKeys (ConfUtils.java:logGet(43)) - raft.server.log.segment.size.max = 1048576 (custom)
2019-10-07 12:54:47,478 [pool-403-thread-1] INFO  server.RaftServerConfigKeys (ConfUtils.java:logGet(43)) - raft.server.log.statemachine.data.sync = true (default)
2019-10-07 12:54:47,478 [pool-393-thread-1] INFO  server.RaftServerConfigKeys (ConfUtils.java:logGet(43)) - raft.server.log.segment.cache.num.max = 2 (custom)
2019-10-07 12:54:47,478 [pool-403-thread-1] INFO  server.RaftServerConfigKeys (ConfUtils.java:logGet(43)) - raft.server.log.statemachine.data.sync.timeout = 10s (default)
2019-10-07 12:54:47,478 [pool-383-thread-1] INFO  server.RaftServerConfigKeys (ConfUtils.java:logGet(43)) - raft.server.log.segment.cache.num.max = 2 (custom)
2019-10-07 12:54:47,478 [pool-403-thread-1] INFO  server.RaftServerConfigKeys (ConfUtils.java:logGet(43)) - raft.server.log.statemachine.data.sync.timeout.retry = -1 (default)
2019-10-07 12:54:47,478 [pool-393-thread-1] INFO  segmented.SegmentedRaftLogWorker (SegmentedRaftLogWorker.java:<init>(173)) - new 4d2b9bae-021e-4ccf-87e7-6329b6a7d832@group-15B672439692-SegmentedRaftLogWorker for RaftStorage:Storage Directory /workdir/hadoop-ozone/integration-test/target/test-dir/MiniOzoneClusterImpl-8dabfc5a-884a-4661-b4d7-effaed3458cf/datanode-1/data/ratis/2d9238d0-2dfd-4d45-87ff-15b672439692
2019-10-07 12:54:47,479 [pool-403-thread-1] INFO  server.RaftServerConfigKeys (ConfUtils.java:logGet(43)) - raft.server.log.statemachine.data.caching.enabled = true (custom)
2019-10-07 12:54:47,479 [pool-383-thread-1] INFO  segmented.SegmentedRaftLogWorker (SegmentedRaftLogWorker.java:<init>(173)) - new 79c34e7c-c09d-42ba-bb2b-d981192b5d8a@group-15B672439692-SegmentedRaftLogWorker for RaftStorage:Storage Directory /workdir/hadoop-ozone/integration-test/target/test-dir/MiniOzoneClusterImpl-8dabfc5a-884a-4661-b4d7-effaed3458cf/datanode-0/data/ratis/2d9238d0-2dfd-4d45-87ff-15b672439692
2019-10-07 12:54:47,479 [pool-393-thread-1] INFO  server.RaftServerConfigKeys (ConfUtils.java:logGet(43)) - raft.server.log.queue.byte-limit = 2147483647 (custom)
2019-10-07 12:54:47,479 [pool-403-thread-1] INFO  segmented.SegmentedRaftLogWorker (SegmentedRaftLogWorker.java:lambda$new$0(128)) - 9604f214-8a72-43d6-82f0-dfc482dd7060@group-15B672439692-SegmentedRaftLogWorker: flushIndex: setUnconditionally 0 -> -1
2019-10-07 12:54:47,479 [pool-383-thread-1] INFO  server.RaftServerConfigKeys (ConfUtils.java:logGet(43)) - raft.server.log.queue.byte-limit = 2147483647 (custom)
2019-10-07 12:54:47,479 [pool-393-thread-1] INFO  server.RaftServerConfigKeys (ConfUtils.java:logGet(43)) - raft.server.log.queue.element-limit = 1024 (custom)
2019-10-07 12:54:47,480 [pool-383-thread-1] INFO  server.RaftServerConfigKeys (ConfUtils.java:logGet(43)) - raft.server.log.queue.element-limit = 1024 (custom)
2019-10-07 12:54:47,480 [pool-403-thread-1] INFO  server.RaftServerConfigKeys (ConfUtils.java:logGet(43)) - raft.server.snapshot.auto.trigger.enabled = true (custom)
2019-10-07 12:54:47,480 [pool-383-thread-1] INFO  server.RaftServerConfigKeys (ConfUtils.java:logGet(43)) - raft.server.log.segment.size.max = 1048576 (custom)
2019-10-07 12:54:47,480 [pool-393-thread-1] INFO  server.RaftServerConfigKeys (ConfUtils.java:logGet(43)) - raft.server.log.segment.size.max = 1048576 (custom)
2019-10-07 12:54:47,480 [pool-383-thread-1] INFO  server.RaftServerConfigKeys (ConfUtils.java:logGet(43)) - raft.server.log.preallocated.size = 16384 (custom)
2019-10-07 12:54:47,480 [pool-403-thread-1] INFO  server.RaftServerConfigKeys (ConfUtils.java:logGet(43)) - raft.server.snapshot.auto.trigger.threshold = 10000 (custom)
2019-10-07 12:54:47,480 [pool-383-thread-1] INFO  server.RaftServerConfigKeys (ConfUtils.java:logGet(43)) - raft.server.log.write.buffer.size = 33554432 (custom)
2019-10-07 12:54:47,480 [pool-393-thread-1] INFO  server.RaftServerConfigKeys (ConfUtils.java:logGet(43)) - raft.server.log.preallocated.size = 16384 (custom)
2019-10-07 12:54:47,481 [pool-383-thread-1] INFO  server.RaftServerConfigKeys (ConfUtils.java:logGet(43)) - raft.server.log.force.sync.num = 128 (default)
2019-10-07 12:54:47,481 [pool-403-thread-1] INFO  server.RaftServerConfigKeys (ConfUtils.java:logGet(43)) - raft.server.snapshot.retention.file.num = 5 (custom)
2019-10-07 12:54:47,481 [pool-383-thread-1] INFO  server.RaftServerConfigKeys (ConfUtils.java:logGet(43)) - raft.server.log.statemachine.data.sync = true (default)
2019-10-07 12:54:47,481 [pool-393-thread-1] INFO  server.RaftServerConfigKeys (ConfUtils.java:logGet(43)) - raft.server.log.write.buffer.size = 33554432 (custom)
2019-10-07 12:54:47,481 [pool-383-thread-1] INFO  server.RaftServerConfigKeys (ConfUtils.java:logGet(43)) - raft.server.log.statemachine.data.sync.timeout = 10s (default)
2019-10-07 12:54:47,481 [pool-403-thread-1] INFO  server.RaftServerConfigKeys (ConfUtils.java:logGet(43)) - raft.server.retrycache.expirytime = 600000ms (custom)
2019-10-07 12:54:47,481 [pool-383-thread-1] INFO  server.RaftServerConfigKeys (ConfUtils.java:logGet(43)) - raft.server.log.statemachine.data.sync.timeout.retry = -1 (default)
2019-10-07 12:54:47,481 [pool-393-thread-1] INFO  server.RaftServerConfigKeys (ConfUtils.java:logGet(43)) - raft.server.log.force.sync.num = 128 (default)
2019-10-07 12:54:47,482 [pool-383-thread-1] INFO  server.RaftServerConfigKeys (ConfUtils.java:logGet(43)) - raft.server.log.statemachine.data.caching.enabled = true (custom)
2019-10-07 12:54:47,482 [pool-393-thread-1] INFO  server.RaftServerConfigKeys (ConfUtils.java:logGet(43)) - raft.server.log.statemachine.data.sync = true (default)
2019-10-07 12:54:47,482 [pool-393-thread-1] INFO  server.RaftServerConfigKeys (ConfUtils.java:logGet(43)) - raft.server.log.statemachine.data.sync.timeout = 10s (default)
2019-10-07 12:54:47,482 [pool-393-thread-1] INFO  server.RaftServerConfigKeys (ConfUtils.java:logGet(43)) - raft.server.log.statemachine.data.sync.timeout.retry = -1 (default)
2019-10-07 12:54:47,483 [pool-393-thread-1] INFO  server.RaftServerConfigKeys (ConfUtils.java:logGet(43)) - raft.server.log.statemachine.data.caching.enabled = true (custom)
2019-10-07 12:54:47,483 [pool-403-thread-1] INFO  impl.RaftServerImpl (RaftServerImpl.java:start(181)) - 9604f214-8a72-43d6-82f0-dfc482dd7060@group-15B672439692: start as a follower, conf=-1: [4d2b9bae-021e-4ccf-87e7-6329b6a7d832:192.168.151.100:41376, 9604f214-8a72-43d6-82f0-dfc482dd7060:192.168.151.100:35809, 79c34e7c-c09d-42ba-bb2b-d981192b5d8a:192.168.151.100:38794], old=null
2019-10-07 12:54:47,483 [pool-403-thread-1] INFO  impl.RaftServerImpl (RaftServerImpl.java:setRole(170)) - 9604f214-8a72-43d6-82f0-dfc482dd7060@group-15B672439692: changes role from      null to FOLLOWER at term 0 for startAsFollower
2019-10-07 12:54:47,483 [pool-403-thread-1] INFO  impl.RoleInfo (RoleInfo.java:updateAndGet(143)) - 9604f214-8a72-43d6-82f0-dfc482dd7060: start FollowerState
2019-10-07 12:54:47,484 [pool-403-thread-1] INFO  util.JmxRegister (JmxRegister.java:tryRegister(44)) - Successfully registered JMX Bean with object name Ratis:service=RaftServer,group=group-15B672439692,id=9604f214-8a72-43d6-82f0-dfc482dd7060
2019-10-07 12:54:47,492 [pool-383-thread-1] INFO  segmented.SegmentedRaftLogWorker (SegmentedRaftLogWorker.java:lambda$new$0(128)) - 79c34e7c-c09d-42ba-bb2b-d981192b5d8a@group-15B672439692-SegmentedRaftLogWorker: flushIndex: setUnconditionally 0 -> -1
2019-10-07 12:54:47,492 [pool-393-thread-1] INFO  segmented.SegmentedRaftLogWorker (SegmentedRaftLogWorker.java:lambda$new$0(128)) - 4d2b9bae-021e-4ccf-87e7-6329b6a7d832@group-15B672439692-SegmentedRaftLogWorker: flushIndex: setUnconditionally 0 -> -1
2019-10-07 12:54:47,492 [pool-383-thread-1] INFO  server.RaftServerConfigKeys (ConfUtils.java:logGet(43)) - raft.server.snapshot.auto.trigger.enabled = true (custom)
2019-10-07 12:54:47,492 [pool-383-thread-1] INFO  server.RaftServerConfigKeys (ConfUtils.java:logGet(43)) - raft.server.snapshot.auto.trigger.threshold = 10000 (custom)
2019-10-07 12:54:47,492 [pool-393-thread-1] INFO  server.RaftServerConfigKeys (ConfUtils.java:logGet(43)) - raft.server.snapshot.auto.trigger.enabled = true (custom)
2019-10-07 12:54:47,492 [pool-383-thread-1] INFO  server.RaftServerConfigKeys (ConfUtils.java:logGet(43)) - raft.server.snapshot.retention.file.num = 5 (custom)
2019-10-07 12:54:47,492 [pool-393-thread-1] INFO  server.RaftServerConfigKeys (ConfUtils.java:logGet(43)) - raft.server.snapshot.auto.trigger.threshold = 10000 (custom)
2019-10-07 12:54:47,493 [pool-383-thread-1] INFO  server.RaftServerConfigKeys (ConfUtils.java:logGet(43)) - raft.server.retrycache.expirytime = 600000ms (custom)
2019-10-07 12:54:47,493 [pool-393-thread-1] INFO  server.RaftServerConfigKeys (ConfUtils.java:logGet(43)) - raft.server.snapshot.retention.file.num = 5 (custom)
2019-10-07 12:54:47,493 [pool-393-thread-1] INFO  server.RaftServerConfigKeys (ConfUtils.java:logGet(43)) - raft.server.retrycache.expirytime = 600000ms (custom)
2019-10-07 12:54:47,495 [pool-383-thread-1] INFO  impl.RaftServerImpl (RaftServerImpl.java:start(181)) - 79c34e7c-c09d-42ba-bb2b-d981192b5d8a@group-15B672439692: start as a follower, conf=-1: [4d2b9bae-021e-4ccf-87e7-6329b6a7d832:192.168.151.100:41376, 9604f214-8a72-43d6-82f0-dfc482dd7060:192.168.151.100:35809, 79c34e7c-c09d-42ba-bb2b-d981192b5d8a:192.168.151.100:38794], old=null
2019-10-07 12:54:47,495 [pool-383-thread-1] INFO  impl.RaftServerImpl (RaftServerImpl.java:setRole(170)) - 79c34e7c-c09d-42ba-bb2b-d981192b5d8a@group-15B672439692: changes role from      null to FOLLOWER at term 0 for startAsFollower
2019-10-07 12:54:47,495 [pool-383-thread-1] INFO  impl.RoleInfo (RoleInfo.java:updateAndGet(143)) - 79c34e7c-c09d-42ba-bb2b-d981192b5d8a: start FollowerState
2019-10-07 12:54:47,495 [pool-393-thread-1] INFO  impl.RaftServerImpl (RaftServerImpl.java:start(181)) - 4d2b9bae-021e-4ccf-87e7-6329b6a7d832@group-15B672439692: start as a follower, conf=-1: [4d2b9bae-021e-4ccf-87e7-6329b6a7d832:192.168.151.100:41376, 9604f214-8a72-43d6-82f0-dfc482dd7060:192.168.151.100:35809, 79c34e7c-c09d-42ba-bb2b-d981192b5d8a:192.168.151.100:38794], old=null
2019-10-07 12:54:47,495 [pool-393-thread-1] INFO  impl.RaftServerImpl (RaftServerImpl.java:setRole(170)) - 4d2b9bae-021e-4ccf-87e7-6329b6a7d832@group-15B672439692: changes role from      null to FOLLOWER at term 0 for startAsFollower
2019-10-07 12:54:47,495 [pool-383-thread-1] INFO  util.JmxRegister (JmxRegister.java:tryRegister(44)) - Successfully registered JMX Bean with object name Ratis:service=RaftServer,group=group-15B672439692,id=79c34e7c-c09d-42ba-bb2b-d981192b5d8a
2019-10-07 12:54:47,496 [pool-393-thread-1] INFO  impl.RoleInfo (RoleInfo.java:updateAndGet(143)) - 4d2b9bae-021e-4ccf-87e7-6329b6a7d832: start FollowerState
2019-10-07 12:54:47,496 [pool-393-thread-1] INFO  util.JmxRegister (JmxRegister.java:tryRegister(44)) - Successfully registered JMX Bean with object name Ratis:service=RaftServer,group=group-15B672439692,id=4d2b9bae-021e-4ccf-87e7-6329b6a7d832
2019-10-07 12:54:47,501 [RatisPipelineUtilsThread] INFO  pipeline.PipelineStateManager (PipelineStateManager.java:addPipeline(56)) - Created pipeline Pipeline[ Id: 2d9238d0-2dfd-4d45-87ff-15b672439692, Nodes: 79c34e7c-c09d-42ba-bb2b-d981192b5d8a{ip: 192.168.151.100, host: pr-hdds-2264-877rn-2827291287, networkLocation: /default-rack, certSerialId: null}9604f214-8a72-43d6-82f0-dfc482dd7060{ip: 192.168.151.100, host: pr-hdds-2264-877rn-2827291287, networkLocation: /default-rack, certSerialId: null}4d2b9bae-021e-4ccf-87e7-6329b6a7d832{ip: 192.168.151.100, host: pr-hdds-2264-877rn-2827291287, networkLocation: /default-rack, certSerialId: null}, Type:RATIS, Factor:THREE, State:OPEN]
2019-10-07 12:54:47,515 [IPC Server handler 0 on 33909] INFO  net.NetworkTopology (NetworkTopologyImpl.java:add(111)) - Added a new node: /default-rack/24893fc8-cf78-41d5-9bb1-57f1b8bca63b
2019-10-07 12:54:47,516 [IPC Server handler 0 on 33909] INFO  node.SCMNodeManager (SCMNodeManager.java:register(268)) - Registered Data node : 24893fc8-cf78-41d5-9bb1-57f1b8bca63b{ip: 192.168.151.100, host: pr-hdds-2264-877rn-2827291287, networkLocation: /default-rack, certSerialId: null}
2019-10-07 12:54:47,525 [grpc-default-executor-6] INFO  impl.RaftServerProxy (RaftServerProxy.java:addNew(89)) - d77e94fa-427e-4395-be1c-71396d8b2ec7: addNew group-DFE3D849FA5D:[d77e94fa-427e-4395-be1c-71396d8b2ec7:192.168.151.100:42642] returns group-DFE3D849FA5D:java.util.concurrent.CompletableFuture@3421418d[Not completed]
2019-10-07 12:54:47,527 [pool-413-thread-1] INFO  impl.RaftServerImpl (RaftServerImpl.java:<init>(95)) - d77e94fa-427e-4395-be1c-71396d8b2ec7: new RaftServerImpl for group-DFE3D849FA5D:[d77e94fa-427e-4395-be1c-71396d8b2ec7:192.168.151.100:42642] with ContainerStateMachine:uninitialized
2019-10-07 12:54:47,527 [pool-413-thread-1] INFO  server.RaftServerConfigKeys (ConfUtils.java:logGet(43)) - raft.server.rpc.timeout.min = 5s (custom)
2019-10-07 12:54:47,527 [pool-413-thread-1] INFO  server.RaftServerConfigKeys (ConfUtils.java:logGet(43)) - raft.server.rpc.timeout.max = 5200ms (custom)
2019-10-07 12:54:47,527 [pool-413-thread-1] INFO  server.RaftServerConfigKeys (ConfUtils.java:logGet(43)) - raft.server.rpcslowness.timeout = 120s (custom)
2019-10-07 12:54:47,528 [pool-413-thread-1] INFO  server.RaftServerConfigKeys (ConfUtils.java:logGet(43)) - raft.server.sleep.deviation.threshold = 300 (default)
2019-10-07 12:54:47,528 [pool-413-thread-1] INFO  server.RaftServerConfigKeys (ConfUtils.java:logGet(43)) - raft.server.log.appender.install.snapshot.enabled = false (custom)
2019-10-07 12:54:47,528 [pool-413-thread-1] INFO  impl.RaftServerImpl (ServerState.java:<init>(103)) - d77e94fa-427e-4395-be1c-71396d8b2ec7@group-DFE3D849FA5D: ConfigurationManager, init=-1: [d77e94fa-427e-4395-be1c-71396d8b2ec7:192.168.151.100:42642], old=null, confs=<EMPTY_MAP>
2019-10-07 12:54:47,528 [pool-413-thread-1] INFO  server.RaftServerConfigKeys (ConfUtils.java:logGet(43)) - raft.server.storage.dir = [/workdir/hadoop-ozone/integration-test/target/test-dir/MiniOzoneClusterImpl-8dabfc5a-884a-4661-b4d7-effaed3458cf/datanode-3/data/ratis] (custom)
2019-10-07 12:54:47,529 [pool-413-thread-1] INFO  server.RaftServerConfigKeys (ConfUtils.java:logGet(43)) - raft.server.log.corruption.policy = EXCEPTION (default)
2019-10-07 12:54:47,529 [pool-413-thread-1] INFO  storage.RaftStorageDirectory (RaftStorageDirectory.java:analyzeStorage(246)) - The storage directory /workdir/hadoop-ozone/integration-test/target/test-dir/MiniOzoneClusterImpl-8dabfc5a-884a-4661-b4d7-effaed3458cf/datanode-3/data/ratis/7679114b-0e2c-41bd-b9eb-dfe3d849fa5d does not exist. Creating ...
2019-10-07 12:54:47,542 [pool-413-thread-1] INFO  storage.RaftStorageDirectory (RaftStorageDirectory.java:tryLock(328)) - Lock on /workdir/hadoop-ozone/integration-test/target/test-dir/MiniOzoneClusterImpl-8dabfc5a-884a-4661-b4d7-effaed3458cf/datanode-3/data/ratis/7679114b-0e2c-41bd-b9eb-dfe3d849fa5d/in_use.lock acquired by nodename 25439@pr-hdds-2264-877rn-2827291287
2019-10-07 12:54:47,556 [pool-413-thread-1] INFO  storage.RaftStorage (RaftStorage.java:format(84)) - Storage directory /workdir/hadoop-ozone/integration-test/target/test-dir/MiniOzoneClusterImpl-8dabfc5a-884a-4661-b4d7-effaed3458cf/datanode-3/data/ratis/7679114b-0e2c-41bd-b9eb-dfe3d849fa5d has been successfully formatted.
2019-10-07 12:54:47,557 [pool-413-thread-1] INFO  ratis.ContainerStateMachine (ContainerStateMachine.java:loadSnapshot(231)) - group-DFE3D849FA5D: The snapshot info is null. Setting the last applied indexto:(t:0, i:~)
2019-10-07 12:54:47,557 [pool-413-thread-1] INFO  server.RaftServerConfigKeys (ConfUtils.java:logGet(43)) - raft.server.notification.no-leader.timeout = 120s (custom)
2019-10-07 12:54:47,557 [pool-413-thread-1] INFO  server.RaftServerConfigKeys (ConfUtils.java:logGet(43)) - raft.server.log.use.memory = false (default)
2019-10-07 12:54:47,557 [pool-413-thread-1] INFO  server.RaftServerConfigKeys (ConfUtils.java:logGet(43)) - raft.server.log.purge.gap = 1000000 (custom)
2019-10-07 12:54:47,557 [pool-413-thread-1] INFO  server.RaftServerConfigKeys (ConfUtils.java:logGet(43)) - raft.server.log.appender.buffer.byte-limit = 33554432 (custom)
2019-10-07 12:54:47,558 [pool-413-thread-1] INFO  server.RaftServerConfigKeys (ConfUtils.java:logGet(43)) - raft.server.log.segment.size.max = 1048576 (custom)
2019-10-07 12:54:47,559 [pool-413-thread-1] INFO  server.RaftServerConfigKeys (ConfUtils.java:logGet(43)) - raft.server.log.segment.cache.num.max = 2 (custom)
2019-10-07 12:54:47,560 [pool-413-thread-1] INFO  segmented.SegmentedRaftLogWorker (SegmentedRaftLogWorker.java:<init>(173)) - new d77e94fa-427e-4395-be1c-71396d8b2ec7@group-DFE3D849FA5D-SegmentedRaftLogWorker for RaftStorage:Storage Directory /workdir/hadoop-ozone/integration-test/target/test-dir/MiniOzoneClusterImpl-8dabfc5a-884a-4661-b4d7-effaed3458cf/datanode-3/data/ratis/7679114b-0e2c-41bd-b9eb-dfe3d849fa5d
2019-10-07 12:54:47,560 [pool-413-thread-1] INFO  server.RaftServerConfigKeys (ConfUtils.java:logGet(43)) - raft.server.log.queue.byte-limit = 2147483647 (custom)
2019-10-07 12:54:47,560 [pool-413-thread-1] INFO  server.RaftServerConfigKeys (ConfUtils.java:logGet(43)) - raft.server.log.queue.element-limit = 1024 (custom)
2019-10-07 12:54:47,560 [pool-413-thread-1] INFO  server.RaftServerConfigKeys (ConfUtils.java:logGet(43)) - raft.server.log.segment.size.max = 1048576 (custom)
2019-10-07 12:54:47,560 [pool-413-thread-1] INFO  server.RaftServerConfigKeys (ConfUtils.java:logGet(43)) - raft.server.log.preallocated.size = 16384 (custom)
2019-10-07 12:54:47,560 [pool-413-thread-1] INFO  server.RaftServerConfigKeys (ConfUtils.java:logGet(43)) - raft.server.log.write.buffer.size = 33554432 (custom)
2019-10-07 12:54:47,560 [pool-413-thread-1] INFO  server.RaftServerConfigKeys (ConfUtils.java:logGet(43)) - raft.server.log.force.sync.num = 128 (default)
2019-10-07 12:54:47,561 [pool-413-thread-1] INFO  server.RaftServerConfigKeys (ConfUtils.java:logGet(43)) - raft.server.log.statemachine.data.sync = true (default)
2019-10-07 12:54:47,561 [pool-413-thread-1] INFO  server.RaftServerConfigKeys (ConfUtils.java:logGet(43)) - raft.server.log.statemachine.data.sync.timeout = 10s (default)
2019-10-07 12:54:47,561 [pool-413-thread-1] INFO  server.RaftServerConfigKeys (ConfUtils.java:logGet(43)) - raft.server.log.statemachine.data.sync.timeout.retry = -1 (default)
2019-10-07 12:54:47,561 [pool-413-thread-1] INFO  server.RaftServerConfigKeys (ConfUtils.java:logGet(43)) - raft.server.log.statemachine.data.caching.enabled = true (custom)
2019-10-07 12:54:47,562 [pool-413-thread-1] INFO  segmented.SegmentedRaftLogWorker (SegmentedRaftLogWorker.java:lambda$new$0(128)) - d77e94fa-427e-4395-be1c-71396d8b2ec7@group-DFE3D849FA5D-SegmentedRaftLogWorker: flushIndex: setUnconditionally 0 -> -1
2019-10-07 12:54:47,562 [pool-413-thread-1] INFO  server.RaftServerConfigKeys (ConfUtils.java:logGet(43)) - raft.server.snapshot.auto.trigger.enabled = true (custom)
2019-10-07 12:54:47,562 [pool-413-thread-1] INFO  server.RaftServerConfigKeys (ConfUtils.java:logGet(43)) - raft.server.snapshot.auto.trigger.threshold = 10000 (custom)
2019-10-07 12:54:47,562 [pool-413-thread-1] INFO  server.RaftServerConfigKeys (ConfUtils.java:logGet(43)) - raft.server.snapshot.retention.file.num = 5 (custom)
2019-10-07 12:54:47,562 [pool-413-thread-1] INFO  server.RaftServerConfigKeys (ConfUtils.java:logGet(43)) - raft.server.retrycache.expirytime = 600000ms (custom)
2019-10-07 12:54:47,564 [pool-413-thread-1] INFO  impl.RaftServerImpl (RaftServerImpl.java:start(181)) - d77e94fa-427e-4395-be1c-71396d8b2ec7@group-DFE3D849FA5D: start as a follower, conf=-1: [d77e94fa-427e-4395-be1c-71396d8b2ec7:192.168.151.100:42642], old=null
2019-10-07 12:54:47,564 [pool-413-thread-1] INFO  impl.RaftServerImpl (RaftServerImpl.java:setRole(170)) - d77e94fa-427e-4395-be1c-71396d8b2ec7@group-DFE3D849FA5D: changes role from      null to FOLLOWER at term 0 for startAsFollower
2019-10-07 12:54:47,564 [pool-413-thread-1] INFO  impl.RoleInfo (RoleInfo.java:updateAndGet(143)) - d77e94fa-427e-4395-be1c-71396d8b2ec7: start FollowerState
2019-10-07 12:54:47,565 [pool-413-thread-1] INFO  util.JmxRegister (JmxRegister.java:tryRegister(44)) - Successfully registered JMX Bean with object name Ratis:service=RaftServer,group=group-DFE3D849FA5D,id=d77e94fa-427e-4395-be1c-71396d8b2ec7
2019-10-07 12:54:47,574 [RatisPipelineUtilsThread] INFO  pipeline.PipelineStateManager (PipelineStateManager.java:addPipeline(56)) - Created pipeline Pipeline[ Id: 7679114b-0e2c-41bd-b9eb-dfe3d849fa5d, Nodes: d77e94fa-427e-4395-be1c-71396d8b2ec7{ip: 192.168.151.100, host: pr-hdds-2264-877rn-2827291287, networkLocation: /default-rack, certSerialId: null}, Type:RATIS, Factor:ONE, State:OPEN]
2019-10-07 12:54:47,583 [grpc-default-executor-6] INFO  impl.RaftServerProxy (RaftServerProxy.java:addNew(89)) - 24893fc8-cf78-41d5-9bb1-57f1b8bca63b: addNew group-7BCC2CC0ECE4:[24893fc8-cf78-41d5-9bb1-57f1b8bca63b:192.168.151.100:33481] returns group-7BCC2CC0ECE4:java.util.concurrent.CompletableFuture@689424e9[Not completed]
2019-10-07 12:54:47,585 [pool-423-thread-1] INFO  impl.RaftServerImpl (RaftServerImpl.java:<init>(95)) - 24893fc8-cf78-41d5-9bb1-57f1b8bca63b: new RaftServerImpl for group-7BCC2CC0ECE4:[24893fc8-cf78-41d5-9bb1-57f1b8bca63b:192.168.151.100:33481] with ContainerStateMachine:uninitialized
2019-10-07 12:54:47,585 [pool-423-thread-1] INFO  server.RaftServerConfigKeys (ConfUtils.java:logGet(43)) - raft.server.rpc.timeout.min = 5s (custom)
2019-10-07 12:54:47,585 [pool-423-thread-1] INFO  server.RaftServerConfigKeys (ConfUtils.java:logGet(43)) - raft.server.rpc.timeout.max = 5200ms (custom)
2019-10-07 12:54:47,586 [pool-423-thread-1] INFO  server.RaftServerConfigKeys (ConfUtils.java:logGet(43)) - raft.server.rpcslowness.timeout = 120s (custom)
2019-10-07 12:54:47,586 [pool-423-thread-1] INFO  server.RaftServerConfigKeys (ConfUtils.java:logGet(43)) - raft.server.sleep.deviation.threshold = 300 (default)
2019-10-07 12:54:47,586 [pool-423-thread-1] INFO  server.RaftServerConfigKeys (ConfUtils.java:logGet(43)) - raft.server.log.appender.install.snapshot.enabled = false (custom)
2019-10-07 12:54:47,586 [pool-423-thread-1] INFO  impl.RaftServerImpl (ServerState.java:<init>(103)) - 24893fc8-cf78-41d5-9bb1-57f1b8bca63b@group-7BCC2CC0ECE4: ConfigurationManager, init=-1: [24893fc8-cf78-41d5-9bb1-57f1b8bca63b:192.168.151.100:33481], old=null, confs=<EMPTY_MAP>
2019-10-07 12:54:47,586 [pool-423-thread-1] INFO  server.RaftServerConfigKeys (ConfUtils.java:logGet(43)) - raft.server.storage.dir = [/workdir/hadoop-ozone/integration-test/target/test-dir/MiniOzoneClusterImpl-8dabfc5a-884a-4661-b4d7-effaed3458cf/datanode-4/data/ratis] (custom)
2019-10-07 12:54:47,587 [pool-423-thread-1] INFO  server.RaftServerConfigKeys (ConfUtils.java:logGet(43)) - raft.server.log.corruption.policy = EXCEPTION (default)
2019-10-07 12:54:47,587 [pool-423-thread-1] INFO  storage.RaftStorageDirectory (RaftStorageDirectory.java:analyzeStorage(246)) - The storage directory /workdir/hadoop-ozone/integration-test/target/test-dir/MiniOzoneClusterImpl-8dabfc5a-884a-4661-b4d7-effaed3458cf/datanode-4/data/ratis/4fa990a2-fa0b-4b2f-9853-7bcc2cc0ece4 does not exist. Creating ...
2019-10-07 12:54:47,600 [pool-423-thread-1] INFO  storage.RaftStorageDirectory (RaftStorageDirectory.java:tryLock(328)) - Lock on /workdir/hadoop-ozone/integration-test/target/test-dir/MiniOzoneClusterImpl-8dabfc5a-884a-4661-b4d7-effaed3458cf/datanode-4/data/ratis/4fa990a2-fa0b-4b2f-9853-7bcc2cc0ece4/in_use.lock acquired by nodename 25439@pr-hdds-2264-877rn-2827291287
2019-10-07 12:54:47,604 [IPC Server handler 5 on 33909] INFO  net.NetworkTopology (NetworkTopologyImpl.java:add(111)) - Added a new node: /default-rack/cc92755e-2d85-42c0-bfd7-b5b68ab0ba6e
2019-10-07 12:54:47,604 [IPC Server handler 5 on 33909] INFO  node.SCMNodeManager (SCMNodeManager.java:register(268)) - Registered Data node : cc92755e-2d85-42c0-bfd7-b5b68ab0ba6e{ip: 192.168.151.100, host: pr-hdds-2264-877rn-2827291287, networkLocation: /default-rack, certSerialId: null}
2019-10-07 12:54:47,613 [pool-423-thread-1] INFO  storage.RaftStorage (RaftStorage.java:format(84)) - Storage directory /workdir/hadoop-ozone/integration-test/target/test-dir/MiniOzoneClusterImpl-8dabfc5a-884a-4661-b4d7-effaed3458cf/datanode-4/data/ratis/4fa990a2-fa0b-4b2f-9853-7bcc2cc0ece4 has been successfully formatted.
2019-10-07 12:54:47,614 [pool-423-thread-1] INFO  ratis.ContainerStateMachine (ContainerStateMachine.java:loadSnapshot(231)) - group-7BCC2CC0ECE4: The snapshot info is null. Setting the last applied indexto:(t:0, i:~)
2019-10-07 12:54:47,614 [pool-423-thread-1] INFO  server.RaftServerConfigKeys (ConfUtils.java:logGet(43)) - raft.server.notification.no-leader.timeout = 120s (custom)
2019-10-07 12:54:47,614 [pool-423-thread-1] INFO  server.RaftServerConfigKeys (ConfUtils.java:logGet(43)) - raft.server.log.use.memory = false (default)
2019-10-07 12:54:47,614 [pool-423-thread-1] INFO  server.RaftServerConfigKeys (ConfUtils.java:logGet(43)) - raft.server.log.purge.gap = 1000000 (custom)
2019-10-07 12:54:47,614 [pool-423-thread-1] INFO  server.RaftServerConfigKeys (ConfUtils.java:logGet(43)) - raft.server.log.appender.buffer.byte-limit = 33554432 (custom)
2019-10-07 12:54:47,614 [pool-423-thread-1] INFO  server.RaftServerConfigKeys (ConfUtils.java:logGet(43)) - raft.server.log.segment.size.max = 1048576 (custom)
2019-10-07 12:54:47,616 [pool-423-thread-1] INFO  server.RaftServerConfigKeys (ConfUtils.java:logGet(43)) - raft.server.log.segment.cache.num.max = 2 (custom)
2019-10-07 12:54:47,616 [pool-423-thread-1] INFO  segmented.SegmentedRaftLogWorker (SegmentedRaftLogWorker.java:<init>(173)) - new 24893fc8-cf78-41d5-9bb1-57f1b8bca63b@group-7BCC2CC0ECE4-SegmentedRaftLogWorker for RaftStorage:Storage Directory /workdir/hadoop-ozone/integration-test/target/test-dir/MiniOzoneClusterImpl-8dabfc5a-884a-4661-b4d7-effaed3458cf/datanode-4/data/ratis/4fa990a2-fa0b-4b2f-9853-7bcc2cc0ece4
2019-10-07 12:54:47,616 [pool-423-thread-1] INFO  server.RaftServerConfigKeys (ConfUtils.java:logGet(43)) - raft.server.log.queue.byte-limit = 2147483647 (custom)
2019-10-07 12:54:47,616 [pool-423-thread-1] INFO  server.RaftServerConfigKeys (ConfUtils.java:logGet(43)) - raft.server.log.queue.element-limit = 1024 (custom)
2019-10-07 12:54:47,617 [pool-423-thread-1] INFO  server.RaftServerConfigKeys (ConfUtils.java:logGet(43)) - raft.server.log.segment.size.max = 1048576 (custom)
2019-10-07 12:54:47,617 [pool-423-thread-1] INFO  server.RaftServerConfigKeys (ConfUtils.java:logGet(43)) - raft.server.log.preallocated.size = 16384 (custom)
2019-10-07 12:54:47,617 [pool-423-thread-1] INFO  server.RaftServerConfigKeys (ConfUtils.java:logGet(43)) - raft.server.log.write.buffer.size = 33554432 (custom)
2019-10-07 12:54:47,617 [pool-423-thread-1] INFO  server.RaftServerConfigKeys (ConfUtils.java:logGet(43)) - raft.server.log.force.sync.num = 128 (default)
2019-10-07 12:54:47,617 [pool-423-thread-1] INFO  server.RaftServerConfigKeys (ConfUtils.java:logGet(43)) - raft.server.log.statemachine.data.sync = true (default)
2019-10-07 12:54:47,617 [pool-423-thread-1] INFO  server.RaftServerConfigKeys (ConfUtils.java:logGet(43)) - raft.server.log.statemachine.data.sync.timeout = 10s (default)
2019-10-07 12:54:47,617 [pool-423-thread-1] INFO  server.RaftServerConfigKeys (ConfUtils.java:logGet(43)) - raft.server.log.statemachine.data.sync.timeout.retry = -1 (default)
2019-10-07 12:54:47,618 [pool-423-thread-1] INFO  server.RaftServerConfigKeys (ConfUtils.java:logGet(43)) - raft.server.log.statemachine.data.caching.enabled = true (custom)
2019-10-07 12:54:47,618 [pool-423-thread-1] INFO  segmented.SegmentedRaftLogWorker (SegmentedRaftLogWorker.java:lambda$new$0(128)) - 24893fc8-cf78-41d5-9bb1-57f1b8bca63b@group-7BCC2CC0ECE4-SegmentedRaftLogWorker: flushIndex: setUnconditionally 0 -> -1
2019-10-07 12:54:47,618 [pool-423-thread-1] INFO  server.RaftServerConfigKeys (ConfUtils.java:logGet(43)) - raft.server.snapshot.auto.trigger.enabled = true (custom)
2019-10-07 12:54:47,619 [pool-423-thread-1] INFO  server.RaftServerConfigKeys (ConfUtils.java:logGet(43)) - raft.server.snapshot.auto.trigger.threshold = 10000 (custom)
2019-10-07 12:54:47,619 [pool-423-thread-1] INFO  server.RaftServerConfigKeys (ConfUtils.java:logGet(43)) - raft.server.snapshot.retention.file.num = 5 (custom)
2019-10-07 12:54:47,619 [pool-423-thread-1] INFO  server.RaftServerConfigKeys (ConfUtils.java:logGet(43)) - raft.server.retrycache.expirytime = 600000ms (custom)
2019-10-07 12:54:47,620 [pool-423-thread-1] INFO  impl.RaftServerImpl (RaftServerImpl.java:start(181)) - 24893fc8-cf78-41d5-9bb1-57f1b8bca63b@group-7BCC2CC0ECE4: start as a follower, conf=-1: [24893fc8-cf78-41d5-9bb1-57f1b8bca63b:192.168.151.100:33481], old=null
2019-10-07 12:54:47,621 [pool-423-thread-1] INFO  impl.RaftServerImpl (RaftServerImpl.java:setRole(170)) - 24893fc8-cf78-41d5-9bb1-57f1b8bca63b@group-7BCC2CC0ECE4: changes role from      null to FOLLOWER at term 0 for startAsFollower
2019-10-07 12:54:47,621 [pool-423-thread-1] INFO  impl.RoleInfo (RoleInfo.java:updateAndGet(143)) - 24893fc8-cf78-41d5-9bb1-57f1b8bca63b: start FollowerState
2019-10-07 12:54:47,621 [pool-423-thread-1] INFO  util.JmxRegister (JmxRegister.java:tryRegister(44)) - Successfully registered JMX Bean with object name Ratis:service=RaftServer,group=group-7BCC2CC0ECE4,id=24893fc8-cf78-41d5-9bb1-57f1b8bca63b
2019-10-07 12:54:47,625 [RatisPipelineUtilsThread] INFO  pipeline.PipelineStateManager (PipelineStateManager.java:addPipeline(56)) - Created pipeline Pipeline[ Id: 4fa990a2-fa0b-4b2f-9853-7bcc2cc0ece4, Nodes: 24893fc8-cf78-41d5-9bb1-57f1b8bca63b{ip: 192.168.151.100, host: pr-hdds-2264-877rn-2827291287, networkLocation: /default-rack, certSerialId: null}, Type:RATIS, Factor:ONE, State:OPEN]
2019-10-07 12:54:47,634 [grpc-default-executor-6] INFO  impl.RaftServerProxy (RaftServerProxy.java:addNew(89)) - cc92755e-2d85-42c0-bfd7-b5b68ab0ba6e: addNew group-E4D475D03763:[cc92755e-2d85-42c0-bfd7-b5b68ab0ba6e:192.168.151.100:35274] returns group-E4D475D03763:java.util.concurrent.CompletableFuture@49b26399[Not completed]
2019-10-07 12:54:47,635 [pool-433-thread-1] INFO  impl.RaftServerImpl (RaftServerImpl.java:<init>(95)) - cc92755e-2d85-42c0-bfd7-b5b68ab0ba6e: new RaftServerImpl for group-E4D475D03763:[cc92755e-2d85-42c0-bfd7-b5b68ab0ba6e:192.168.151.100:35274] with ContainerStateMachine:uninitialized
2019-10-07 12:54:47,636 [pool-433-thread-1] INFO  server.RaftServerConfigKeys (ConfUtils.java:logGet(43)) - raft.server.rpc.timeout.min = 5s (custom)
2019-10-07 12:54:47,636 [pool-433-thread-1] INFO  server.RaftServerConfigKeys (ConfUtils.java:logGet(43)) - raft.server.rpc.timeout.max = 5200ms (custom)
2019-10-07 12:54:47,636 [pool-433-thread-1] INFO  server.RaftServerConfigKeys (ConfUtils.java:logGet(43)) - raft.server.rpcslowness.timeout = 120s (custom)
2019-10-07 12:54:47,636 [pool-433-thread-1] INFO  server.RaftServerConfigKeys (ConfUtils.java:logGet(43)) - raft.server.sleep.deviation.threshold = 300 (default)
2019-10-07 12:54:47,636 [pool-433-thread-1] INFO  server.RaftServerConfigKeys (ConfUtils.java:logGet(43)) - raft.server.log.appender.install.snapshot.enabled = false (custom)
2019-10-07 12:54:47,636 [pool-433-thread-1] INFO  impl.RaftServerImpl (ServerState.java:<init>(103)) - cc92755e-2d85-42c0-bfd7-b5b68ab0ba6e@group-E4D475D03763: ConfigurationManager, init=-1: [cc92755e-2d85-42c0-bfd7-b5b68ab0ba6e:192.168.151.100:35274], old=null, confs=<EMPTY_MAP>
2019-10-07 12:54:47,636 [pool-433-thread-1] INFO  server.RaftServerConfigKeys (ConfUtils.java:logGet(43)) - raft.server.storage.dir = [/workdir/hadoop-ozone/integration-test/target/test-dir/MiniOzoneClusterImpl-8dabfc5a-884a-4661-b4d7-effaed3458cf/datanode-5/data/ratis] (custom)
2019-10-07 12:54:47,637 [pool-433-thread-1] INFO  server.RaftServerConfigKeys (ConfUtils.java:logGet(43)) - raft.server.log.corruption.policy = EXCEPTION (default)
2019-10-07 12:54:47,637 [pool-433-thread-1] INFO  storage.RaftStorageDirectory (RaftStorageDirectory.java:analyzeStorage(246)) - The storage directory /workdir/hadoop-ozone/integration-test/target/test-dir/MiniOzoneClusterImpl-8dabfc5a-884a-4661-b4d7-effaed3458cf/datanode-5/data/ratis/041bf4dc-3f6a-4227-a41d-e4d475d03763 does not exist. Creating ...
2019-10-07 12:54:47,640 [pool-433-thread-1] INFO  storage.RaftStorageDirectory (RaftStorageDirectory.java:tryLock(328)) - Lock on /workdir/hadoop-ozone/integration-test/target/test-dir/MiniOzoneClusterImpl-8dabfc5a-884a-4661-b4d7-effaed3458cf/datanode-5/data/ratis/041bf4dc-3f6a-4227-a41d-e4d475d03763/in_use.lock acquired by nodename 25439@pr-hdds-2264-877rn-2827291287
2019-10-07 12:54:47,645 [pool-433-thread-1] INFO  storage.RaftStorage (RaftStorage.java:format(84)) - Storage directory /workdir/hadoop-ozone/integration-test/target/test-dir/MiniOzoneClusterImpl-8dabfc5a-884a-4661-b4d7-effaed3458cf/datanode-5/data/ratis/041bf4dc-3f6a-4227-a41d-e4d475d03763 has been successfully formatted.
2019-10-07 12:54:47,645 [pool-433-thread-1] INFO  ratis.ContainerStateMachine (ContainerStateMachine.java:loadSnapshot(231)) - group-E4D475D03763: The snapshot info is null. Setting the last applied indexto:(t:0, i:~)
2019-10-07 12:54:47,645 [pool-433-thread-1] INFO  server.RaftServerConfigKeys (ConfUtils.java:logGet(43)) - raft.server.notification.no-leader.timeout = 120s (custom)
2019-10-07 12:54:47,645 [pool-433-thread-1] INFO  server.RaftServerConfigKeys (ConfUtils.java:logGet(43)) - raft.server.log.use.memory = false (default)
2019-10-07 12:54:47,645 [pool-433-thread-1] INFO  server.RaftServerConfigKeys (ConfUtils.java:logGet(43)) - raft.server.log.purge.gap = 1000000 (custom)
2019-10-07 12:54:47,645 [pool-433-thread-1] INFO  server.RaftServerConfigKeys (ConfUtils.java:logGet(43)) - raft.server.log.appender.buffer.byte-limit = 33554432 (custom)
2019-10-07 12:54:47,646 [pool-433-thread-1] INFO  server.RaftServerConfigKeys (ConfUtils.java:logGet(43)) - raft.server.log.segment.size.max = 1048576 (custom)
2019-10-07 12:54:47,647 [pool-433-thread-1] INFO  server.RaftServerConfigKeys (ConfUtils.java:logGet(43)) - raft.server.log.segment.cache.num.max = 2 (custom)
2019-10-07 12:54:47,647 [pool-433-thread-1] INFO  segmented.SegmentedRaftLogWorker (SegmentedRaftLogWorker.java:<init>(173)) - new cc92755e-2d85-42c0-bfd7-b5b68ab0ba6e@group-E4D475D03763-SegmentedRaftLogWorker for RaftStorage:Storage Directory /workdir/hadoop-ozone/integration-test/target/test-dir/MiniOzoneClusterImpl-8dabfc5a-884a-4661-b4d7-effaed3458cf/datanode-5/data/ratis/041bf4dc-3f6a-4227-a41d-e4d475d03763
2019-10-07 12:54:47,647 [pool-433-thread-1] INFO  server.RaftServerConfigKeys (ConfUtils.java:logGet(43)) - raft.server.log.queue.byte-limit = 2147483647 (custom)
2019-10-07 12:54:47,647 [pool-433-thread-1] INFO  server.RaftServerConfigKeys (ConfUtils.java:logGet(43)) - raft.server.log.queue.element-limit = 1024 (custom)
2019-10-07 12:54:47,648 [pool-433-thread-1] INFO  server.RaftServerConfigKeys (ConfUtils.java:logGet(43)) - raft.server.log.segment.size.max = 1048576 (custom)
2019-10-07 12:54:47,648 [pool-433-thread-1] INFO  server.RaftServerConfigKeys (ConfUtils.java:logGet(43)) - raft.server.log.preallocated.size = 16384 (custom)
2019-10-07 12:54:47,648 [pool-433-thread-1] INFO  server.RaftServerConfigKeys (ConfUtils.java:logGet(43)) - raft.server.log.write.buffer.size = 33554432 (custom)
2019-10-07 12:54:47,648 [pool-433-thread-1] INFO  server.RaftServerConfigKeys (ConfUtils.java:logGet(43)) - raft.server.log.force.sync.num = 128 (default)
2019-10-07 12:54:47,648 [pool-433-thread-1] INFO  server.RaftServerConfigKeys (ConfUtils.java:logGet(43)) - raft.server.log.statemachine.data.sync = true (default)
2019-10-07 12:54:47,648 [pool-433-thread-1] INFO  server.RaftServerConfigKeys (ConfUtils.java:logGet(43)) - raft.server.log.statemachine.data.sync.timeout = 10s (default)
2019-10-07 12:54:47,648 [pool-433-thread-1] INFO  server.RaftServerConfigKeys (ConfUtils.java:logGet(43)) - raft.server.log.statemachine.data.sync.timeout.retry = -1 (default)
2019-10-07 12:54:47,649 [pool-433-thread-1] INFO  server.RaftServerConfigKeys (ConfUtils.java:logGet(43)) - raft.server.log.statemachine.data.caching.enabled = true (custom)
2019-10-07 12:54:47,649 [pool-433-thread-1] INFO  segmented.SegmentedRaftLogWorker (SegmentedRaftLogWorker.java:lambda$new$0(128)) - cc92755e-2d85-42c0-bfd7-b5b68ab0ba6e@group-E4D475D03763-SegmentedRaftLogWorker: flushIndex: setUnconditionally 0 -> -1
2019-10-07 12:54:47,649 [pool-433-thread-1] INFO  server.RaftServerConfigKeys (ConfUtils.java:logGet(43)) - raft.server.snapshot.auto.trigger.enabled = true (custom)
2019-10-07 12:54:47,649 [pool-433-thread-1] INFO  server.RaftServerConfigKeys (ConfUtils.java:logGet(43)) - raft.server.snapshot.auto.trigger.threshold = 10000 (custom)
2019-10-07 12:54:47,650 [pool-433-thread-1] INFO  server.RaftServerConfigKeys (ConfUtils.java:logGet(43)) - raft.server.snapshot.retention.file.num = 5 (custom)
2019-10-07 12:54:47,650 [pool-433-thread-1] INFO  server.RaftServerConfigKeys (ConfUtils.java:logGet(43)) - raft.server.retrycache.expirytime = 600000ms (custom)
2019-10-07 12:54:47,651 [pool-433-thread-1] INFO  impl.RaftServerImpl (RaftServerImpl.java:start(181)) - cc92755e-2d85-42c0-bfd7-b5b68ab0ba6e@group-E4D475D03763: start as a follower, conf=-1: [cc92755e-2d85-42c0-bfd7-b5b68ab0ba6e:192.168.151.100:35274], old=null
2019-10-07 12:54:47,651 [pool-433-thread-1] INFO  impl.RaftServerImpl (RaftServerImpl.java:setRole(170)) - cc92755e-2d85-42c0-bfd7-b5b68ab0ba6e@group-E4D475D03763: changes role from      null to FOLLOWER at term 0 for startAsFollower
2019-10-07 12:54:47,652 [pool-433-thread-1] INFO  impl.RoleInfo (RoleInfo.java:updateAndGet(143)) - cc92755e-2d85-42c0-bfd7-b5b68ab0ba6e: start FollowerState
2019-10-07 12:54:47,652 [pool-433-thread-1] INFO  util.JmxRegister (JmxRegister.java:tryRegister(44)) - Successfully registered JMX Bean with object name Ratis:service=RaftServer,group=group-E4D475D03763,id=cc92755e-2d85-42c0-bfd7-b5b68ab0ba6e
2019-10-07 12:54:47,656 [RatisPipelineUtilsThread] INFO  pipeline.PipelineStateManager (PipelineStateManager.java:addPipeline(56)) - Created pipeline Pipeline[ Id: 041bf4dc-3f6a-4227-a41d-e4d475d03763, Nodes: cc92755e-2d85-42c0-bfd7-b5b68ab0ba6e{ip: 192.168.151.100, host: pr-hdds-2264-877rn-2827291287, networkLocation: /default-rack, certSerialId: null}, Type:RATIS, Factor:ONE, State:OPEN]
2019-10-07 12:54:47,681 [main] INFO  ozone.MiniOzoneClusterImpl (MiniOzoneClusterImpl.java:lambda$waitForClusterToBeReady$0(147)) - Waiting for cluster to be ready. Got 6 of 7 DN Heartbeats.
2019-10-07 12:54:47,682 [IPC Server handler 7 on 33909] INFO  net.NetworkTopology (NetworkTopologyImpl.java:add(111)) - Added a new node: /default-rack/f443d5df-2da5-49a6-bd69-ba680cc1087d
2019-10-07 12:54:47,683 [IPC Server handler 7 on 33909] INFO  node.SCMNodeManager (SCMNodeManager.java:register(268)) - Registered Data node : f443d5df-2da5-49a6-bd69-ba680cc1087d{ip: 192.168.151.100, host: pr-hdds-2264-877rn-2827291287, networkLocation: /default-rack, certSerialId: null}
2019-10-07 12:54:47,694 [grpc-default-executor-4] INFO  impl.RaftServerProxy (RaftServerProxy.java:addNew(89)) - cc92755e-2d85-42c0-bfd7-b5b68ab0ba6e: addNew group-D0BE9244E9E4:[d77e94fa-427e-4395-be1c-71396d8b2ec7:192.168.151.100:42642, 24893fc8-cf78-41d5-9bb1-57f1b8bca63b:192.168.151.100:33481, cc92755e-2d85-42c0-bfd7-b5b68ab0ba6e:192.168.151.100:35274] returns group-D0BE9244E9E4:java.util.concurrent.CompletableFuture@106f51b1[Not completed]
2019-10-07 12:54:47,695 [grpc-default-executor-4] INFO  impl.RaftServerProxy (RaftServerProxy.java:addNew(89)) - d77e94fa-427e-4395-be1c-71396d8b2ec7: addNew group-D0BE9244E9E4:[d77e94fa-427e-4395-be1c-71396d8b2ec7:192.168.151.100:42642, 24893fc8-cf78-41d5-9bb1-57f1b8bca63b:192.168.151.100:33481, cc92755e-2d85-42c0-bfd7-b5b68ab0ba6e:192.168.151.100:35274] returns group-D0BE9244E9E4:java.util.concurrent.CompletableFuture@6959ab07[Not completed]
2019-10-07 12:54:47,695 [pool-433-thread-1] INFO  impl.RaftServerImpl (RaftServerImpl.java:<init>(95)) - cc92755e-2d85-42c0-bfd7-b5b68ab0ba6e: new RaftServerImpl for group-D0BE9244E9E4:[d77e94fa-427e-4395-be1c-71396d8b2ec7:192.168.151.100:42642, 24893fc8-cf78-41d5-9bb1-57f1b8bca63b:192.168.151.100:33481, cc92755e-2d85-42c0-bfd7-b5b68ab0ba6e:192.168.151.100:35274] with ContainerStateMachine:uninitialized
2019-10-07 12:54:47,695 [pool-433-thread-1] INFO  server.RaftServerConfigKeys (ConfUtils.java:logGet(43)) - raft.server.rpc.timeout.min = 5s (custom)
2019-10-07 12:54:47,695 [grpc-default-executor-6] INFO  impl.RaftServerProxy (RaftServerProxy.java:addNew(89)) - 24893fc8-cf78-41d5-9bb1-57f1b8bca63b: addNew group-D0BE9244E9E4:[d77e94fa-427e-4395-be1c-71396d8b2ec7:192.168.151.100:42642, 24893fc8-cf78-41d5-9bb1-57f1b8bca63b:192.168.151.100:33481, cc92755e-2d85-42c0-bfd7-b5b68ab0ba6e:192.168.151.100:35274] returns group-D0BE9244E9E4:java.util.concurrent.CompletableFuture@6fca9db9[Not completed]
2019-10-07 12:54:47,695 [pool-433-thread-1] INFO  server.RaftServerConfigKeys (ConfUtils.java:logGet(43)) - raft.server.rpc.timeout.max = 5200ms (custom)
2019-10-07 12:54:47,696 [pool-433-thread-1] INFO  server.RaftServerConfigKeys (ConfUtils.java:logGet(43)) - raft.server.rpcslowness.timeout = 120s (custom)
2019-10-07 12:54:47,696 [pool-433-thread-1] INFO  server.RaftServerConfigKeys (ConfUtils.java:logGet(43)) - raft.server.sleep.deviation.threshold = 300 (default)
2019-10-07 12:54:47,696 [pool-433-thread-1] INFO  server.RaftServerConfigKeys (ConfUtils.java:logGet(43)) - raft.server.log.appender.install.snapshot.enabled = false (custom)
2019-10-07 12:54:47,696 [pool-433-thread-1] INFO  impl.RaftServerImpl (ServerState.java:<init>(103)) - cc92755e-2d85-42c0-bfd7-b5b68ab0ba6e@group-D0BE9244E9E4: ConfigurationManager, init=-1: [d77e94fa-427e-4395-be1c-71396d8b2ec7:192.168.151.100:42642, 24893fc8-cf78-41d5-9bb1-57f1b8bca63b:192.168.151.100:33481, cc92755e-2d85-42c0-bfd7-b5b68ab0ba6e:192.168.151.100:35274], old=null, confs=<EMPTY_MAP>
2019-10-07 12:54:47,696 [pool-433-thread-1] INFO  server.RaftServerConfigKeys (ConfUtils.java:logGet(43)) - raft.server.storage.dir = [/workdir/hadoop-ozone/integration-test/target/test-dir/MiniOzoneClusterImpl-8dabfc5a-884a-4661-b4d7-effaed3458cf/datanode-5/data/ratis] (custom)
2019-10-07 12:54:47,697 [pool-413-thread-1] INFO  impl.RaftServerImpl (RaftServerImpl.java:<init>(95)) - d77e94fa-427e-4395-be1c-71396d8b2ec7: new RaftServerImpl for group-D0BE9244E9E4:[d77e94fa-427e-4395-be1c-71396d8b2ec7:192.168.151.100:42642, 24893fc8-cf78-41d5-9bb1-57f1b8bca63b:192.168.151.100:33481, cc92755e-2d85-42c0-bfd7-b5b68ab0ba6e:192.168.151.100:35274] with ContainerStateMachine:uninitialized
2019-10-07 12:54:47,697 [pool-433-thread-1] INFO  server.RaftServerConfigKeys (ConfUtils.java:logGet(43)) - raft.server.log.corruption.policy = EXCEPTION (default)
2019-10-07 12:54:47,697 [pool-413-thread-1] INFO  server.RaftServerConfigKeys (ConfUtils.java:logGet(43)) - raft.server.rpc.timeout.min = 5s (custom)
2019-10-07 12:54:47,697 [pool-433-thread-1] INFO  storage.RaftStorageDirectory (RaftStorageDirectory.java:analyzeStorage(246)) - The storage directory /workdir/hadoop-ozone/integration-test/target/test-dir/MiniOzoneClusterImpl-8dabfc5a-884a-4661-b4d7-effaed3458cf/datanode-5/data/ratis/9e714551-4e6e-49ee-9824-d0be9244e9e4 does not exist. Creating ...
2019-10-07 12:54:47,697 [pool-413-thread-1] INFO  server.RaftServerConfigKeys (ConfUtils.java:logGet(43)) - raft.server.rpc.timeout.max = 5200ms (custom)
2019-10-07 12:54:47,697 [pool-423-thread-1] INFO  impl.RaftServerImpl (RaftServerImpl.java:<init>(95)) - 24893fc8-cf78-41d5-9bb1-57f1b8bca63b: new RaftServerImpl for group-D0BE9244E9E4:[d77e94fa-427e-4395-be1c-71396d8b2ec7:192.168.151.100:42642, 24893fc8-cf78-41d5-9bb1-57f1b8bca63b:192.168.151.100:33481, cc92755e-2d85-42c0-bfd7-b5b68ab0ba6e:192.168.151.100:35274] with ContainerStateMachine:uninitialized
2019-10-07 12:54:47,697 [pool-413-thread-1] INFO  server.RaftServerConfigKeys (ConfUtils.java:logGet(43)) - raft.server.rpcslowness.timeout = 120s (custom)
2019-10-07 12:54:47,697 [pool-423-thread-1] INFO  server.RaftServerConfigKeys (ConfUtils.java:logGet(43)) - raft.server.rpc.timeout.min = 5s (custom)
2019-10-07 12:54:47,697 [pool-413-thread-1] INFO  server.RaftServerConfigKeys (ConfUtils.java:logGet(43)) - raft.server.sleep.deviation.threshold = 300 (default)
2019-10-07 12:54:47,697 [pool-423-thread-1] INFO  server.RaftServerConfigKeys (ConfUtils.java:logGet(43)) - raft.server.rpc.timeout.max = 5200ms (custom)
2019-10-07 12:54:47,697 [pool-413-thread-1] INFO  server.RaftServerConfigKeys (ConfUtils.java:logGet(43)) - raft.server.log.appender.install.snapshot.enabled = false (custom)
2019-10-07 12:54:47,698 [pool-423-thread-1] INFO  server.RaftServerConfigKeys (ConfUtils.java:logGet(43)) - raft.server.rpcslowness.timeout = 120s (custom)
2019-10-07 12:54:47,698 [pool-413-thread-1] INFO  impl.RaftServerImpl (ServerState.java:<init>(103)) - d77e94fa-427e-4395-be1c-71396d8b2ec7@group-D0BE9244E9E4: ConfigurationManager, init=-1: [d77e94fa-427e-4395-be1c-71396d8b2ec7:192.168.151.100:42642, 24893fc8-cf78-41d5-9bb1-57f1b8bca63b:192.168.151.100:33481, cc92755e-2d85-42c0-bfd7-b5b68ab0ba6e:192.168.151.100:35274], old=null, confs=<EMPTY_MAP>
2019-10-07 12:54:47,698 [pool-423-thread-1] INFO  server.RaftServerConfigKeys (ConfUtils.java:logGet(43)) - raft.server.sleep.deviation.threshold = 300 (default)
2019-10-07 12:54:47,698 [pool-413-thread-1] INFO  server.RaftServerConfigKeys (ConfUtils.java:logGet(43)) - raft.server.storage.dir = [/workdir/hadoop-ozone/integration-test/target/test-dir/MiniOzoneClusterImpl-8dabfc5a-884a-4661-b4d7-effaed3458cf/datanode-3/data/ratis] (custom)
2019-10-07 12:54:47,698 [pool-423-thread-1] INFO  server.RaftServerConfigKeys (ConfUtils.java:logGet(43)) - raft.server.log.appender.install.snapshot.enabled = false (custom)
2019-10-07 12:54:47,698 [pool-423-thread-1] INFO  impl.RaftServerImpl (ServerState.java:<init>(103)) - 24893fc8-cf78-41d5-9bb1-57f1b8bca63b@group-D0BE9244E9E4: ConfigurationManager, init=-1: [d77e94fa-427e-4395-be1c-71396d8b2ec7:192.168.151.100:42642, 24893fc8-cf78-41d5-9bb1-57f1b8bca63b:192.168.151.100:33481, cc92755e-2d85-42c0-bfd7-b5b68ab0ba6e:192.168.151.100:35274], old=null, confs=<EMPTY_MAP>
2019-10-07 12:54:47,698 [pool-413-thread-1] INFO  server.RaftServerConfigKeys (ConfUtils.java:logGet(43)) - raft.server.log.corruption.policy = EXCEPTION (default)
2019-10-07 12:54:47,698 [pool-423-thread-1] INFO  server.RaftServerConfigKeys (ConfUtils.java:logGet(43)) - raft.server.storage.dir = [/workdir/hadoop-ozone/integration-test/target/test-dir/MiniOzoneClusterImpl-8dabfc5a-884a-4661-b4d7-effaed3458cf/datanode-4/data/ratis] (custom)
2019-10-07 12:54:47,698 [pool-413-thread-1] INFO  storage.RaftStorageDirectory (RaftStorageDirectory.java:analyzeStorage(246)) - The storage directory /workdir/hadoop-ozone/integration-test/target/test-dir/MiniOzoneClusterImpl-8dabfc5a-884a-4661-b4d7-effaed3458cf/datanode-3/data/ratis/9e714551-4e6e-49ee-9824-d0be9244e9e4 does not exist. Creating ...
2019-10-07 12:54:47,699 [pool-423-thread-1] INFO  server.RaftServerConfigKeys (ConfUtils.java:logGet(43)) - raft.server.log.corruption.policy = EXCEPTION (default)
2019-10-07 12:54:47,699 [pool-423-thread-1] INFO  storage.RaftStorageDirectory (RaftStorageDirectory.java:analyzeStorage(246)) - The storage directory /workdir/hadoop-ozone/integration-test/target/test-dir/MiniOzoneClusterImpl-8dabfc5a-884a-4661-b4d7-effaed3458cf/datanode-4/data/ratis/9e714551-4e6e-49ee-9824-d0be9244e9e4 does not exist. Creating ...
2019-10-07 12:54:47,709 [pool-433-thread-1] INFO  storage.RaftStorageDirectory (RaftStorageDirectory.java:tryLock(328)) - Lock on /workdir/hadoop-ozone/integration-test/target/test-dir/MiniOzoneClusterImpl-8dabfc5a-884a-4661-b4d7-effaed3458cf/datanode-5/data/ratis/9e714551-4e6e-49ee-9824-d0be9244e9e4/in_use.lock acquired by nodename 25439@pr-hdds-2264-877rn-2827291287
2019-10-07 12:54:47,709 [pool-413-thread-1] INFO  storage.RaftStorageDirectory (RaftStorageDirectory.java:tryLock(328)) - Lock on /workdir/hadoop-ozone/integration-test/target/test-dir/MiniOzoneClusterImpl-8dabfc5a-884a-4661-b4d7-effaed3458cf/datanode-3/data/ratis/9e714551-4e6e-49ee-9824-d0be9244e9e4/in_use.lock acquired by nodename 25439@pr-hdds-2264-877rn-2827291287
2019-10-07 12:54:47,709 [pool-423-thread-1] INFO  storage.RaftStorageDirectory (RaftStorageDirectory.java:tryLock(328)) - Lock on /workdir/hadoop-ozone/integration-test/target/test-dir/MiniOzoneClusterImpl-8dabfc5a-884a-4661-b4d7-effaed3458cf/datanode-4/data/ratis/9e714551-4e6e-49ee-9824-d0be9244e9e4/in_use.lock acquired by nodename 25439@pr-hdds-2264-877rn-2827291287
2019-10-07 12:54:47,723 [pool-433-thread-1] INFO  storage.RaftStorage (RaftStorage.java:format(84)) - Storage directory /workdir/hadoop-ozone/integration-test/target/test-dir/MiniOzoneClusterImpl-8dabfc5a-884a-4661-b4d7-effaed3458cf/datanode-5/data/ratis/9e714551-4e6e-49ee-9824-d0be9244e9e4 has been successfully formatted.
2019-10-07 12:54:47,723 [pool-423-thread-1] INFO  storage.RaftStorage (RaftStorage.java:format(84)) - Storage directory /workdir/hadoop-ozone/integration-test/target/test-dir/MiniOzoneClusterImpl-8dabfc5a-884a-4661-b4d7-effaed3458cf/datanode-4/data/ratis/9e714551-4e6e-49ee-9824-d0be9244e9e4 has been successfully formatted.
2019-10-07 12:54:47,723 [pool-413-thread-1] INFO  storage.RaftStorage (RaftStorage.java:format(84)) - Storage directory /workdir/hadoop-ozone/integration-test/target/test-dir/MiniOzoneClusterImpl-8dabfc5a-884a-4661-b4d7-effaed3458cf/datanode-3/data/ratis/9e714551-4e6e-49ee-9824-d0be9244e9e4 has been successfully formatted.
2019-10-07 12:54:47,723 [pool-433-thread-1] INFO  ratis.ContainerStateMachine (ContainerStateMachine.java:loadSnapshot(231)) - group-D0BE9244E9E4: The snapshot info is null. Setting the last applied indexto:(t:0, i:~)
2019-10-07 12:54:47,723 [pool-423-thread-1] INFO  ratis.ContainerStateMachine (ContainerStateMachine.java:loadSnapshot(231)) - group-D0BE9244E9E4: The snapshot info is null. Setting the last applied indexto:(t:0, i:~)
2019-10-07 12:54:47,723 [pool-413-thread-1] INFO  ratis.ContainerStateMachine (ContainerStateMachine.java:loadSnapshot(231)) - group-D0BE9244E9E4: The snapshot info is null. Setting the last applied indexto:(t:0, i:~)
2019-10-07 12:54:47,724 [pool-423-thread-1] INFO  server.RaftServerConfigKeys (ConfUtils.java:logGet(43)) - raft.server.notification.no-leader.timeout = 120s (custom)
2019-10-07 12:54:47,723 [pool-433-thread-1] INFO  server.RaftServerConfigKeys (ConfUtils.java:logGet(43)) - raft.server.notification.no-leader.timeout = 120s (custom)
2019-10-07 12:54:47,724 [pool-423-thread-1] INFO  server.RaftServerConfigKeys (ConfUtils.java:logGet(43)) - raft.server.log.use.memory = false (default)
2019-10-07 12:54:47,724 [pool-413-thread-1] INFO  server.RaftServerConfigKeys (ConfUtils.java:logGet(43)) - raft.server.notification.no-leader.timeout = 120s (custom)
2019-10-07 12:54:47,724 [pool-423-thread-1] INFO  server.RaftServerConfigKeys (ConfUtils.java:logGet(43)) - raft.server.log.purge.gap = 1000000 (custom)
2019-10-07 12:54:47,724 [pool-433-thread-1] INFO  server.RaftServerConfigKeys (ConfUtils.java:logGet(43)) - raft.server.log.use.memory = false (default)
2019-10-07 12:54:47,724 [pool-423-thread-1] INFO  server.RaftServerConfigKeys (ConfUtils.java:logGet(43)) - raft.server.log.appender.buffer.byte-limit = 33554432 (custom)
2019-10-07 12:54:47,724 [pool-413-thread-1] INFO  server.RaftServerConfigKeys (ConfUtils.java:logGet(43)) - raft.server.log.use.memory = false (default)
2019-10-07 12:54:47,725 [pool-423-thread-1] INFO  server.RaftServerConfigKeys (ConfUtils.java:logGet(43)) - raft.server.log.segment.size.max = 1048576 (custom)
2019-10-07 12:54:47,725 [pool-433-thread-1] INFO  server.RaftServerConfigKeys (ConfUtils.java:logGet(43)) - raft.server.log.purge.gap = 1000000 (custom)
2019-10-07 12:54:47,725 [pool-423-thread-1] INFO  server.RaftServerConfigKeys (ConfUtils.java:logGet(43)) - raft.server.log.segment.cache.num.max = 2 (custom)
2019-10-07 12:54:47,725 [pool-413-thread-1] INFO  server.RaftServerConfigKeys (ConfUtils.java:logGet(43)) - raft.server.log.purge.gap = 1000000 (custom)
2019-10-07 12:54:47,725 [pool-423-thread-1] INFO  segmented.SegmentedRaftLogWorker (SegmentedRaftLogWorker.java:<init>(173)) - new 24893fc8-cf78-41d5-9bb1-57f1b8bca63b@group-D0BE9244E9E4-SegmentedRaftLogWorker for RaftStorage:Storage Directory /workdir/hadoop-ozone/integration-test/target/test-dir/MiniOzoneClusterImpl-8dabfc5a-884a-4661-b4d7-effaed3458cf/datanode-4/data/ratis/9e714551-4e6e-49ee-9824-d0be9244e9e4
2019-10-07 12:54:47,725 [pool-433-thread-1] INFO  server.RaftServerConfigKeys (ConfUtils.java:logGet(43)) - raft.server.log.appender.buffer.byte-limit = 33554432 (custom)
2019-10-07 12:54:47,725 [pool-423-thread-1] INFO  server.RaftServerConfigKeys (ConfUtils.java:logGet(43)) - raft.server.log.queue.byte-limit = 2147483647 (custom)
2019-10-07 12:54:47,725 [pool-413-thread-1] INFO  server.RaftServerConfigKeys (ConfUtils.java:logGet(43)) - raft.server.log.appender.buffer.byte-limit = 33554432 (custom)
2019-10-07 12:54:47,726 [pool-423-thread-1] INFO  server.RaftServerConfigKeys (ConfUtils.java:logGet(43)) - raft.server.log.queue.element-limit = 1024 (custom)
2019-10-07 12:54:47,726 [pool-433-thread-1] INFO  server.RaftServerConfigKeys (ConfUtils.java:logGet(43)) - raft.server.log.segment.size.max = 1048576 (custom)
2019-10-07 12:54:47,726 [pool-423-thread-1] INFO  server.RaftServerConfigKeys (ConfUtils.java:logGet(43)) - raft.server.log.segment.size.max = 1048576 (custom)
2019-10-07 12:54:47,726 [pool-413-thread-1] INFO  server.RaftServerConfigKeys (ConfUtils.java:logGet(43)) - raft.server.log.segment.size.max = 1048576 (custom)
2019-10-07 12:54:47,726 [pool-423-thread-1] INFO  server.RaftServerConfigKeys (ConfUtils.java:logGet(43)) - raft.server.log.preallocated.size = 16384 (custom)
2019-10-07 12:54:47,726 [pool-433-thread-1] INFO  server.RaftServerConfigKeys (ConfUtils.java:logGet(43)) - raft.server.log.segment.cache.num.max = 2 (custom)
2019-10-07 12:54:47,726 [pool-423-thread-1] INFO  server.RaftServerConfigKeys (ConfUtils.java:logGet(43)) - raft.server.log.write.buffer.size = 33554432 (custom)
2019-10-07 12:54:47,726 [pool-413-thread-1] INFO  server.RaftServerConfigKeys (ConfUtils.java:logGet(43)) - raft.server.log.segment.cache.num.max = 2 (custom)
2019-10-07 12:54:47,727 [pool-423-thread-1] INFO  server.RaftServerConfigKeys (ConfUtils.java:logGet(43)) - raft.server.log.force.sync.num = 128 (default)
2019-10-07 12:54:47,727 [pool-433-thread-1] INFO  segmented.SegmentedRaftLogWorker (SegmentedRaftLogWorker.java:<init>(173)) - new cc92755e-2d85-42c0-bfd7-b5b68ab0ba6e@group-D0BE9244E9E4-SegmentedRaftLogWorker for RaftStorage:Storage Directory /workdir/hadoop-ozone/integration-test/target/test-dir/MiniOzoneClusterImpl-8dabfc5a-884a-4661-b4d7-effaed3458cf/datanode-5/data/ratis/9e714551-4e6e-49ee-9824-d0be9244e9e4
2019-10-07 12:54:47,727 [pool-423-thread-1] INFO  server.RaftServerConfigKeys (ConfUtils.java:logGet(43)) - raft.server.log.statemachine.data.sync = true (default)
2019-10-07 12:54:47,727 [pool-413-thread-1] INFO  segmented.SegmentedRaftLogWorker (SegmentedRaftLogWorker.java:<init>(173)) - new d77e94fa-427e-4395-be1c-71396d8b2ec7@group-D0BE9244E9E4-SegmentedRaftLogWorker for RaftStorage:Storage Directory /workdir/hadoop-ozone/integration-test/target/test-dir/MiniOzoneClusterImpl-8dabfc5a-884a-4661-b4d7-effaed3458cf/datanode-3/data/ratis/9e714551-4e6e-49ee-9824-d0be9244e9e4
2019-10-07 12:54:47,727 [pool-423-thread-1] INFO  server.RaftServerConfigKeys (ConfUtils.java:logGet(43)) - raft.server.log.statemachine.data.sync.timeout = 10s (default)
2019-10-07 12:54:47,727 [pool-433-thread-1] INFO  server.RaftServerConfigKeys (ConfUtils.java:logGet(43)) - raft.server.log.queue.byte-limit = 2147483647 (custom)
2019-10-07 12:54:47,727 [pool-423-thread-1] INFO  server.RaftServerConfigKeys (ConfUtils.java:logGet(43)) - raft.server.log.statemachine.data.sync.timeout.retry = -1 (default)
2019-10-07 12:54:47,727 [pool-413-thread-1] INFO  server.RaftServerConfigKeys (ConfUtils.java:logGet(43)) - raft.server.log.queue.byte-limit = 2147483647 (custom)
2019-10-07 12:54:47,728 [pool-433-thread-1] INFO  server.RaftServerConfigKeys (ConfUtils.java:logGet(43)) - raft.server.log.queue.element-limit = 1024 (custom)
2019-10-07 12:54:47,728 [pool-423-thread-1] INFO  server.RaftServerConfigKeys (ConfUtils.java:logGet(43)) - raft.server.log.statemachine.data.caching.enabled = true (custom)
2019-10-07 12:54:47,728 [pool-413-thread-1] INFO  server.RaftServerConfigKeys (ConfUtils.java:logGet(43)) - raft.server.log.queue.element-limit = 1024 (custom)
2019-10-07 12:54:47,728 [pool-433-thread-1] INFO  server.RaftServerConfigKeys (ConfUtils.java:logGet(43)) - raft.server.log.segment.size.max = 1048576 (custom)
2019-10-07 12:54:47,728 [pool-423-thread-1] INFO  segmented.SegmentedRaftLogWorker (SegmentedRaftLogWorker.java:lambda$new$0(128)) - 24893fc8-cf78-41d5-9bb1-57f1b8bca63b@group-D0BE9244E9E4-SegmentedRaftLogWorker: flushIndex: setUnconditionally 0 -> -1
2019-10-07 12:54:47,728 [pool-413-thread-1] INFO  server.RaftServerConfigKeys (ConfUtils.java:logGet(43)) - raft.server.log.segment.size.max = 1048576 (custom)
2019-10-07 12:54:47,728 [pool-433-thread-1] INFO  server.RaftServerConfigKeys (ConfUtils.java:logGet(43)) - raft.server.log.preallocated.size = 16384 (custom)
2019-10-07 12:54:47,729 [pool-413-thread-1] INFO  server.RaftServerConfigKeys (ConfUtils.java:logGet(43)) - raft.server.log.preallocated.size = 16384 (custom)
2019-10-07 12:54:47,729 [pool-423-thread-1] INFO  server.RaftServerConfigKeys (ConfUtils.java:logGet(43)) - raft.server.snapshot.auto.trigger.enabled = true (custom)
2019-10-07 12:54:47,729 [pool-433-thread-1] INFO  server.RaftServerConfigKeys (ConfUtils.java:logGet(43)) - raft.server.log.write.buffer.size = 33554432 (custom)
2019-10-07 12:54:47,729 [pool-423-thread-1] INFO  server.RaftServerConfigKeys (ConfUtils.java:logGet(43)) - raft.server.snapshot.auto.trigger.threshold = 10000 (custom)
2019-10-07 12:54:47,729 [pool-413-thread-1] INFO  server.RaftServerConfigKeys (ConfUtils.java:logGet(43)) - raft.server.log.write.buffer.size = 33554432 (custom)
2019-10-07 12:54:47,729 [pool-423-thread-1] INFO  server.RaftServerConfigKeys (ConfUtils.java:logGet(43)) - raft.server.snapshot.retention.file.num = 5 (custom)
2019-10-07 12:54:47,729 [pool-433-thread-1] INFO  server.RaftServerConfigKeys (ConfUtils.java:logGet(43)) - raft.server.log.force.sync.num = 128 (default)
2019-10-07 12:54:47,729 [pool-423-thread-1] INFO  server.RaftServerConfigKeys (ConfUtils.java:logGet(43)) - raft.server.retrycache.expirytime = 600000ms (custom)
2019-10-07 12:54:47,729 [pool-413-thread-1] INFO  server.RaftServerConfigKeys (ConfUtils.java:logGet(43)) - raft.server.log.force.sync.num = 128 (default)
2019-10-07 12:54:47,730 [pool-433-thread-1] INFO  server.RaftServerConfigKeys (ConfUtils.java:logGet(43)) - raft.server.log.statemachine.data.sync = true (default)
2019-10-07 12:54:47,730 [pool-413-thread-1] INFO  server.RaftServerConfigKeys (ConfUtils.java:logGet(43)) - raft.server.log.statemachine.data.sync = true (default)
2019-10-07 12:54:47,730 [pool-433-thread-1] INFO  server.RaftServerConfigKeys (ConfUtils.java:logGet(43)) - raft.server.log.statemachine.data.sync.timeout = 10s (default)
2019-10-07 12:54:47,730 [pool-413-thread-1] INFO  server.RaftServerConfigKeys (ConfUtils.java:logGet(43)) - raft.server.log.statemachine.data.sync.timeout = 10s (default)
2019-10-07 12:54:47,730 [pool-433-thread-1] INFO  server.RaftServerConfigKeys (ConfUtils.java:logGet(43)) - raft.server.log.statemachine.data.sync.timeout.retry = -1 (default)
2019-10-07 12:54:47,730 [pool-413-thread-1] INFO  server.RaftServerConfigKeys (ConfUtils.java:logGet(43)) - raft.server.log.statemachine.data.sync.timeout.retry = -1 (default)
2019-10-07 12:54:47,730 [pool-433-thread-1] INFO  server.RaftServerConfigKeys (ConfUtils.java:logGet(43)) - raft.server.log.statemachine.data.caching.enabled = true (custom)
2019-10-07 12:54:47,730 [pool-413-thread-1] INFO  server.RaftServerConfigKeys (ConfUtils.java:logGet(43)) - raft.server.log.statemachine.data.caching.enabled = true (custom)
2019-10-07 12:54:47,731 [pool-433-thread-1] INFO  segmented.SegmentedRaftLogWorker (SegmentedRaftLogWorker.java:lambda$new$0(128)) - cc92755e-2d85-42c0-bfd7-b5b68ab0ba6e@group-D0BE9244E9E4-SegmentedRaftLogWorker: flushIndex: setUnconditionally 0 -> -1
2019-10-07 12:54:47,731 [pool-413-thread-1] INFO  segmented.SegmentedRaftLogWorker (SegmentedRaftLogWorker.java:lambda$new$0(128)) - d77e94fa-427e-4395-be1c-71396d8b2ec7@group-D0BE9244E9E4-SegmentedRaftLogWorker: flushIndex: setUnconditionally 0 -> -1
2019-10-07 12:54:47,731 [pool-433-thread-1] INFO  server.RaftServerConfigKeys (ConfUtils.java:logGet(43)) - raft.server.snapshot.auto.trigger.enabled = true (custom)
2019-10-07 12:54:47,731 [pool-413-thread-1] INFO  server.RaftServerConfigKeys (ConfUtils.java:logGet(43)) - raft.server.snapshot.auto.trigger.enabled = true (custom)
2019-10-07 12:54:47,731 [pool-433-thread-1] INFO  server.RaftServerConfigKeys (ConfUtils.java:logGet(43)) - raft.server.snapshot.auto.trigger.threshold = 10000 (custom)
2019-10-07 12:54:47,731 [pool-413-thread-1] INFO  server.RaftServerConfigKeys (ConfUtils.java:logGet(43)) - raft.server.snapshot.auto.trigger.threshold = 10000 (custom)
2019-10-07 12:54:47,731 [pool-433-thread-1] INFO  server.RaftServerConfigKeys (ConfUtils.java:logGet(43)) - raft.server.snapshot.retention.file.num = 5 (custom)
2019-10-07 12:54:47,732 [pool-433-thread-1] INFO  server.RaftServerConfigKeys (ConfUtils.java:logGet(43)) - raft.server.retrycache.expirytime = 600000ms (custom)
2019-10-07 12:54:47,732 [pool-423-thread-1] INFO  impl.RaftServerImpl (RaftServerImpl.java:start(181)) - 24893fc8-cf78-41d5-9bb1-57f1b8bca63b@group-D0BE9244E9E4: start as a follower, conf=-1: [d77e94fa-427e-4395-be1c-71396d8b2ec7:192.168.151.100:42642, 24893fc8-cf78-41d5-9bb1-57f1b8bca63b:192.168.151.100:33481, cc92755e-2d85-42c0-bfd7-b5b68ab0ba6e:192.168.151.100:35274], old=null
2019-10-07 12:54:47,732 [pool-413-thread-1] INFO  server.RaftServerConfigKeys (ConfUtils.java:logGet(43)) - raft.server.snapshot.retention.file.num = 5 (custom)
2019-10-07 12:54:47,732 [pool-423-thread-1] INFO  impl.RaftServerImpl (RaftServerImpl.java:setRole(170)) - 24893fc8-cf78-41d5-9bb1-57f1b8bca63b@group-D0BE9244E9E4: changes role from      null to FOLLOWER at term 0 for startAsFollower
2019-10-07 12:54:47,732 [pool-413-thread-1] INFO  server.RaftServerConfigKeys (ConfUtils.java:logGet(43)) - raft.server.retrycache.expirytime = 600000ms (custom)
2019-10-07 12:54:47,732 [pool-423-thread-1] INFO  impl.RoleInfo (RoleInfo.java:updateAndGet(143)) - 24893fc8-cf78-41d5-9bb1-57f1b8bca63b: start FollowerState
2019-10-07 12:54:47,733 [pool-423-thread-1] INFO  util.JmxRegister (JmxRegister.java:tryRegister(44)) - Successfully registered JMX Bean with object name Ratis:service=RaftServer,group=group-D0BE9244E9E4,id=24893fc8-cf78-41d5-9bb1-57f1b8bca63b
2019-10-07 12:54:47,735 [pool-433-thread-1] INFO  impl.RaftServerImpl (RaftServerImpl.java:start(181)) - cc92755e-2d85-42c0-bfd7-b5b68ab0ba6e@group-D0BE9244E9E4: start as a follower, conf=-1: [d77e94fa-427e-4395-be1c-71396d8b2ec7:192.168.151.100:42642, 24893fc8-cf78-41d5-9bb1-57f1b8bca63b:192.168.151.100:33481, cc92755e-2d85-42c0-bfd7-b5b68ab0ba6e:192.168.151.100:35274], old=null
2019-10-07 12:54:47,735 [pool-433-thread-1] INFO  impl.RaftServerImpl (RaftServerImpl.java:setRole(170)) - cc92755e-2d85-42c0-bfd7-b5b68ab0ba6e@group-D0BE9244E9E4: changes role from      null to FOLLOWER at term 0 for startAsFollower
2019-10-07 12:54:47,735 [pool-433-thread-1] INFO  impl.RoleInfo (RoleInfo.java:updateAndGet(143)) - cc92755e-2d85-42c0-bfd7-b5b68ab0ba6e: start FollowerState
2019-10-07 12:54:47,735 [pool-413-thread-1] INFO  impl.RaftServerImpl (RaftServerImpl.java:start(181)) - d77e94fa-427e-4395-be1c-71396d8b2ec7@group-D0BE9244E9E4: start as a follower, conf=-1: [d77e94fa-427e-4395-be1c-71396d8b2ec7:192.168.151.100:42642, 24893fc8-cf78-41d5-9bb1-57f1b8bca63b:192.168.151.100:33481, cc92755e-2d85-42c0-bfd7-b5b68ab0ba6e:192.168.151.100:35274], old=null
2019-10-07 12:54:47,735 [pool-413-thread-1] INFO  impl.RaftServerImpl (RaftServerImpl.java:setRole(170)) - d77e94fa-427e-4395-be1c-71396d8b2ec7@group-D0BE9244E9E4: changes role from      null to FOLLOWER at term 0 for startAsFollower
2019-10-07 12:54:47,735 [pool-433-thread-1] INFO  util.JmxRegister (JmxRegister.java:tryRegister(44)) - Successfully registered JMX Bean with object name Ratis:service=RaftServer,group=group-D0BE9244E9E4,id=cc92755e-2d85-42c0-bfd7-b5b68ab0ba6e
2019-10-07 12:54:47,735 [pool-413-thread-1] INFO  impl.RoleInfo (RoleInfo.java:updateAndGet(143)) - d77e94fa-427e-4395-be1c-71396d8b2ec7: start FollowerState
2019-10-07 12:54:47,736 [pool-413-thread-1] INFO  util.JmxRegister (JmxRegister.java:tryRegister(44)) - Successfully registered JMX Bean with object name Ratis:service=RaftServer,group=group-D0BE9244E9E4,id=d77e94fa-427e-4395-be1c-71396d8b2ec7
2019-10-07 12:54:47,741 [RatisPipelineUtilsThread] INFO  pipeline.PipelineStateManager (PipelineStateManager.java:addPipeline(56)) - Created pipeline Pipeline[ Id: 9e714551-4e6e-49ee-9824-d0be9244e9e4, Nodes: d77e94fa-427e-4395-be1c-71396d8b2ec7{ip: 192.168.151.100, host: pr-hdds-2264-877rn-2827291287, networkLocation: /default-rack, certSerialId: null}cc92755e-2d85-42c0-bfd7-b5b68ab0ba6e{ip: 192.168.151.100, host: pr-hdds-2264-877rn-2827291287, networkLocation: /default-rack, certSerialId: null}24893fc8-cf78-41d5-9bb1-57f1b8bca63b{ip: 192.168.151.100, host: pr-hdds-2264-877rn-2827291287, networkLocation: /default-rack, certSerialId: null}, Type:RATIS, Factor:THREE, State:OPEN]
2019-10-07 12:54:47,908 [grpc-default-executor-6] WARN  server.GrpcLogAppender (LogUtils.java:warn(134)) - 7741f835-7823-4120-ba15-da80b6525d1d@group-105F4042666B->a929fe19-32c2-4064-994c-6020b0bb7a68-AppendLogResponseHandler: Failed appendEntries: org.apache.ratis.thirdparty.io.grpc.StatusRuntimeException: UNAVAILABLE: io exception
2019-10-07 12:54:47,908 [grpc-default-executor-2] WARN  server.GrpcLogAppender (LogUtils.java:warn(134)) - 7741f835-7823-4120-ba15-da80b6525d1d@group-105F4042666B->786f91eb-928f-4402-89ae-1713a48bf1ef-AppendLogResponseHandler: Failed appendEntries: org.apache.ratis.thirdparty.io.grpc.StatusRuntimeException: UNAVAILABLE: io exception
2019-10-07 12:54:47,909 [grpc-default-executor-6] INFO  impl.FollowerInfo (FollowerInfo.java:lambda$new$0(51)) - 7741f835-7823-4120-ba15-da80b6525d1d@group-105F4042666B->a929fe19-32c2-4064-994c-6020b0bb7a68: nextIndex: updateUnconditionally 0 -> 0
2019-10-07 12:54:47,909 [grpc-default-executor-2] INFO  impl.FollowerInfo (FollowerInfo.java:lambda$new$0(51)) - 7741f835-7823-4120-ba15-da80b6525d1d@group-105F4042666B->786f91eb-928f-4402-89ae-1713a48bf1ef: nextIndex: updateUnconditionally 0 -> 0
2019-10-07 12:54:48,682 [main] INFO  ozone.MiniOzoneClusterImpl (MiniOzoneClusterImpl.java:lambda$waitForClusterToBeReady$0(147)) - Cluster is ready. Got 7 of 7 DN Heartbeats.
2019-10-07 12:54:48,756 [main] INFO  rpc.RpcClient (RpcClient.java:createVolume(277)) - Creating Volume: watchforcommithandlingtest, with jenkins1000 as owner.
2019-10-07 12:54:48,759 [IPC Server handler 2 on 33233] INFO  volume.OMVolumeCreateRequest (OMVolumeCreateRequest.java:validateAndUpdateCache(193)) - created volume:watchforcommithandlingtest for user:jenkins1000
2019-10-07 12:54:48,782 [main] INFO  rpc.RpcClient (RpcClient.java:createBucket(416)) - Creating Bucket: watchforcommithandlingtest/watchforcommithandlingtest, with Versioning false and Storage Type set to DISK and Encryption set to false 
2019-10-07 12:54:48,788 [main] INFO  ozone.MiniOzoneClusterImpl (MiniOzoneClusterImpl.java:getStorageContainerLocationClient(234)) - Creating StorageContainerLocationProtocol RPC client with address /0.0.0.0:44894
2019-10-07 12:54:50,107 [Thread-2346] INFO  container.ReplicationManager (ReplicationManager.java:start(162)) - Starting Replication Monitor Thread.
2019-10-07 12:54:50,114 [ReplicationMonitor] INFO  container.ReplicationManager (ReplicationManager.java:run(225)) - Replication Monitor Thread took 1 milliseconds for processing 1 containers.
2019-10-07 12:54:50,409 [grpc-default-executor-2] WARN  server.GrpcLogAppender (LogUtils.java:warn(134)) - 7741f835-7823-4120-ba15-da80b6525d1d@group-105F4042666B->a929fe19-32c2-4064-994c-6020b0bb7a68-AppendLogResponseHandler: Failed appendEntries: org.apache.ratis.thirdparty.io.grpc.StatusRuntimeException: UNAVAILABLE: io exception
2019-10-07 12:54:50,409 [grpc-default-executor-0] WARN  server.GrpcLogAppender (LogUtils.java:warn(134)) - 7741f835-7823-4120-ba15-da80b6525d1d@group-105F4042666B->786f91eb-928f-4402-89ae-1713a48bf1ef-AppendLogResponseHandler: Failed appendEntries: org.apache.ratis.thirdparty.io.grpc.StatusRuntimeException: UNAVAILABLE: io exception
2019-10-07 12:54:50,410 [grpc-default-executor-2] INFO  impl.FollowerInfo (FollowerInfo.java:lambda$new$0(51)) - 7741f835-7823-4120-ba15-da80b6525d1d@group-105F4042666B->a929fe19-32c2-4064-994c-6020b0bb7a68: nextIndex: updateUnconditionally 0 -> 0
2019-10-07 12:54:50,410 [grpc-default-executor-0] INFO  impl.FollowerInfo (FollowerInfo.java:lambda$new$0(51)) - 7741f835-7823-4120-ba15-da80b6525d1d@group-105F4042666B->786f91eb-928f-4402-89ae-1713a48bf1ef: nextIndex: updateUnconditionally 0 -> 0
2019-10-07 12:54:52,238 [Thread-2348] INFO  impl.FollowerState (FollowerState.java:run(108)) - 79c34e7c-c09d-42ba-bb2b-d981192b5d8a@group-19CB969FEF69-FollowerState: change to CANDIDATE, lastRpcTime:5072ms, electionTimeout:5072ms
2019-10-07 12:54:52,238 [Thread-2348] INFO  impl.RoleInfo (RoleInfo.java:shutdownFollowerState(121)) - 79c34e7c-c09d-42ba-bb2b-d981192b5d8a: shutdown FollowerState
2019-10-07 12:54:52,238 [Thread-2348] INFO  impl.RaftServerImpl (RaftServerImpl.java:setRole(170)) - 79c34e7c-c09d-42ba-bb2b-d981192b5d8a@group-19CB969FEF69: changes role from  FOLLOWER to CANDIDATE at term 0 for changeToCandidate
2019-10-07 12:54:52,239 [Thread-2348] INFO  impl.RoleInfo (RoleInfo.java:updateAndGet(143)) - 79c34e7c-c09d-42ba-bb2b-d981192b5d8a: start LeaderElection
2019-10-07 12:54:52,264 [79c34e7c-c09d-42ba-bb2b-d981192b5d8a@group-19CB969FEF69-LeaderElection61] INFO  impl.LeaderElection (LeaderElection.java:askForVotes(178)) - 79c34e7c-c09d-42ba-bb2b-d981192b5d8a@group-19CB969FEF69-LeaderElection61: begin an election at term 1 for -1: [79c34e7c-c09d-42ba-bb2b-d981192b5d8a:192.168.151.100:38794], old=null
2019-10-07 12:54:52,264 [79c34e7c-c09d-42ba-bb2b-d981192b5d8a@group-19CB969FEF69-LeaderElection61] INFO  impl.RoleInfo (RoleInfo.java:shutdownLeaderElection(134)) - 79c34e7c-c09d-42ba-bb2b-d981192b5d8a: shutdown LeaderElection
2019-10-07 12:54:52,264 [79c34e7c-c09d-42ba-bb2b-d981192b5d8a@group-19CB969FEF69-LeaderElection61] INFO  impl.RaftServerImpl (RaftServerImpl.java:setRole(170)) - 79c34e7c-c09d-42ba-bb2b-d981192b5d8a@group-19CB969FEF69: changes role from CANDIDATE to LEADER at term 1 for changeToLeader
2019-10-07 12:54:52,264 [79c34e7c-c09d-42ba-bb2b-d981192b5d8a@group-19CB969FEF69-LeaderElection61] INFO  impl.RaftServerImpl (ServerState.java:setLeader(255)) - 79c34e7c-c09d-42ba-bb2b-d981192b5d8a@group-19CB969FEF69: change Leader from null to 79c34e7c-c09d-42ba-bb2b-d981192b5d8a at term 1 for becomeLeader, leader elected after 5106ms
2019-10-07 12:54:52,264 [79c34e7c-c09d-42ba-bb2b-d981192b5d8a@group-19CB969FEF69-LeaderElection61] INFO  server.RaftServerConfigKeys (ConfUtils.java:logGet(43)) - raft.server.staging.catchup.gap = 1000 (default)
2019-10-07 12:54:52,265 [79c34e7c-c09d-42ba-bb2b-d981192b5d8a@group-19CB969FEF69-LeaderElection61] INFO  server.RaftServerConfigKeys (ConfUtils.java:logGet(43)) - raft.server.rpc.sleep.time = 25ms (default)
2019-10-07 12:54:52,265 [79c34e7c-c09d-42ba-bb2b-d981192b5d8a@group-19CB969FEF69-LeaderElection61] INFO  server.RaftServerConfigKeys (ConfUtils.java:logGet(43)) - raft.server.write.element-limit = 4096 (default)
2019-10-07 12:54:52,265 [79c34e7c-c09d-42ba-bb2b-d981192b5d8a@group-19CB969FEF69-LeaderElection61] INFO  server.RaftServerConfigKeys (ConfUtils.java:logGet(43)) - raft.server.watch.timeout = 10s (default)
2019-10-07 12:54:52,265 [79c34e7c-c09d-42ba-bb2b-d981192b5d8a@group-19CB969FEF69-LeaderElection61] INFO  server.RaftServerConfigKeys (ConfUtils.java:logGet(43)) - raft.server.watch.timeout.denomination = 1s (default)
2019-10-07 12:54:52,266 [79c34e7c-c09d-42ba-bb2b-d981192b5d8a@group-19CB969FEF69-LeaderElection61] INFO  server.RaftServerConfigKeys (ConfUtils.java:logGet(43)) - raft.server.watch.element-limit = 65536 (default)
2019-10-07 12:54:52,268 [79c34e7c-c09d-42ba-bb2b-d981192b5d8a@group-19CB969FEF69-LeaderElection61] INFO  impl.RoleInfo (RoleInfo.java:updateAndGet(143)) - 79c34e7c-c09d-42ba-bb2b-d981192b5d8a: start LeaderState
2019-10-07 12:54:52,269 [79c34e7c-c09d-42ba-bb2b-d981192b5d8a@group-19CB969FEF69-LeaderElection61] INFO  segmented.SegmentedRaftLogWorker (SegmentedRaftLogWorker.java:startLogSegment(385)) - 79c34e7c-c09d-42ba-bb2b-d981192b5d8a@group-19CB969FEF69-SegmentedRaftLogWorker: Starting segment from index:0
2019-10-07 12:54:52,270 [79c34e7c-c09d-42ba-bb2b-d981192b5d8a@group-19CB969FEF69-LeaderElection61] INFO  impl.RaftServerImpl (ServerState.java:setRaftConf(356)) - 79c34e7c-c09d-42ba-bb2b-d981192b5d8a@group-19CB969FEF69: set configuration 0: [79c34e7c-c09d-42ba-bb2b-d981192b5d8a:192.168.151.100:38794], old=null at 0
2019-10-07 12:54:52,322 [79c34e7c-c09d-42ba-bb2b-d981192b5d8a@group-19CB969FEF69-SegmentedRaftLogWorker] INFO  segmented.SegmentedRaftLogWorker (SegmentedRaftLogWorker.java:execute(574)) - 79c34e7c-c09d-42ba-bb2b-d981192b5d8a@group-19CB969FEF69-SegmentedRaftLogWorker: created new log segment /workdir/hadoop-ozone/integration-test/target/test-dir/MiniOzoneClusterImpl-8dabfc5a-884a-4661-b4d7-effaed3458cf/datanode-0/data/ratis/a2f2106a-f47e-4885-aae1-19cb969fef69/current/log_inprogress_0
2019-10-07 12:54:52,360 [Thread-2351] INFO  impl.FollowerState (FollowerState.java:run(108)) - 4d2b9bae-021e-4ccf-87e7-6329b6a7d832@group-6F620CB52CA5-FollowerState: change to CANDIDATE, lastRpcTime:5103ms, electionTimeout:5103ms
2019-10-07 12:54:52,360 [Thread-2351] INFO  impl.RoleInfo (RoleInfo.java:shutdownFollowerState(121)) - 4d2b9bae-021e-4ccf-87e7-6329b6a7d832: shutdown FollowerState
2019-10-07 12:54:52,360 [Thread-2351] INFO  impl.RaftServerImpl (RaftServerImpl.java:setRole(170)) - 4d2b9bae-021e-4ccf-87e7-6329b6a7d832@group-6F620CB52CA5: changes role from  FOLLOWER to CANDIDATE at term 0 for changeToCandidate
2019-10-07 12:54:52,360 [Thread-2351] INFO  impl.RoleInfo (RoleInfo.java:updateAndGet(143)) - 4d2b9bae-021e-4ccf-87e7-6329b6a7d832: start LeaderElection
2019-10-07 12:54:52,379 [4d2b9bae-021e-4ccf-87e7-6329b6a7d832@group-6F620CB52CA5-LeaderElection62] INFO  impl.LeaderElection (LeaderElection.java:askForVotes(178)) - 4d2b9bae-021e-4ccf-87e7-6329b6a7d832@group-6F620CB52CA5-LeaderElection62: begin an election at term 1 for -1: [4d2b9bae-021e-4ccf-87e7-6329b6a7d832:192.168.151.100:41376], old=null
2019-10-07 12:54:52,379 [4d2b9bae-021e-4ccf-87e7-6329b6a7d832@group-6F620CB52CA5-LeaderElection62] INFO  impl.RoleInfo (RoleInfo.java:shutdownLeaderElection(134)) - 4d2b9bae-021e-4ccf-87e7-6329b6a7d832: shutdown LeaderElection
2019-10-07 12:54:52,379 [4d2b9bae-021e-4ccf-87e7-6329b6a7d832@group-6F620CB52CA5-LeaderElection62] INFO  impl.RaftServerImpl (RaftServerImpl.java:setRole(170)) - 4d2b9bae-021e-4ccf-87e7-6329b6a7d832@group-6F620CB52CA5: changes role from CANDIDATE to LEADER at term 1 for changeToLeader
2019-10-07 12:54:52,379 [4d2b9bae-021e-4ccf-87e7-6329b6a7d832@group-6F620CB52CA5-LeaderElection62] INFO  impl.RaftServerImpl (ServerState.java:setLeader(255)) - 4d2b9bae-021e-4ccf-87e7-6329b6a7d832@group-6F620CB52CA5: change Leader from null to 4d2b9bae-021e-4ccf-87e7-6329b6a7d832 at term 1 for becomeLeader, leader elected after 5130ms
2019-10-07 12:54:52,380 [4d2b9bae-021e-4ccf-87e7-6329b6a7d832@group-6F620CB52CA5-LeaderElection62] INFO  server.RaftServerConfigKeys (ConfUtils.java:logGet(43)) - raft.server.staging.catchup.gap = 1000 (default)
2019-10-07 12:54:52,380 [4d2b9bae-021e-4ccf-87e7-6329b6a7d832@group-6F620CB52CA5-LeaderElection62] INFO  server.RaftServerConfigKeys (ConfUtils.java:logGet(43)) - raft.server.rpc.sleep.time = 25ms (default)
2019-10-07 12:54:52,380 [4d2b9bae-021e-4ccf-87e7-6329b6a7d832@group-6F620CB52CA5-LeaderElection62] INFO  server.RaftServerConfigKeys (ConfUtils.java:logGet(43)) - raft.server.write.element-limit = 4096 (default)
2019-10-07 12:54:52,380 [4d2b9bae-021e-4ccf-87e7-6329b6a7d832@group-6F620CB52CA5-LeaderElection62] INFO  server.RaftServerConfigKeys (ConfUtils.java:logGet(43)) - raft.server.watch.timeout = 10s (default)
2019-10-07 12:54:52,380 [4d2b9bae-021e-4ccf-87e7-6329b6a7d832@group-6F620CB52CA5-LeaderElection62] INFO  server.RaftServerConfigKeys (ConfUtils.java:logGet(43)) - raft.server.watch.timeout.denomination = 1s (default)
2019-10-07 12:54:52,380 [4d2b9bae-021e-4ccf-87e7-6329b6a7d832@group-6F620CB52CA5-LeaderElection62] INFO  server.RaftServerConfigKeys (ConfUtils.java:logGet(43)) - raft.server.watch.element-limit = 65536 (default)
2019-10-07 12:54:52,381 [4d2b9bae-021e-4ccf-87e7-6329b6a7d832@group-6F620CB52CA5-LeaderElection62] INFO  impl.RoleInfo (RoleInfo.java:updateAndGet(143)) - 4d2b9bae-021e-4ccf-87e7-6329b6a7d832: start LeaderState
2019-10-07 12:54:52,381 [4d2b9bae-021e-4ccf-87e7-6329b6a7d832@group-6F620CB52CA5-LeaderElection62] INFO  segmented.SegmentedRaftLogWorker (SegmentedRaftLogWorker.java:startLogSegment(385)) - 4d2b9bae-021e-4ccf-87e7-6329b6a7d832@group-6F620CB52CA5-SegmentedRaftLogWorker: Starting segment from index:0
2019-10-07 12:54:52,382 [4d2b9bae-021e-4ccf-87e7-6329b6a7d832@group-6F620CB52CA5-LeaderElection62] INFO  impl.RaftServerImpl (ServerState.java:setRaftConf(356)) - 4d2b9bae-021e-4ccf-87e7-6329b6a7d832@group-6F620CB52CA5: set configuration 0: [4d2b9bae-021e-4ccf-87e7-6329b6a7d832:192.168.151.100:41376], old=null at 0
2019-10-07 12:54:52,411 [4d2b9bae-021e-4ccf-87e7-6329b6a7d832@group-6F620CB52CA5-SegmentedRaftLogWorker] INFO  segmented.SegmentedRaftLogWorker (SegmentedRaftLogWorker.java:execute(574)) - 4d2b9bae-021e-4ccf-87e7-6329b6a7d832@group-6F620CB52CA5-SegmentedRaftLogWorker: created new log segment /workdir/hadoop-ozone/integration-test/target/test-dir/MiniOzoneClusterImpl-8dabfc5a-884a-4661-b4d7-effaed3458cf/datanode-1/data/ratis/8bcfe344-8a7d-47d5-b9a4-6f620cb52ca5/current/log_inprogress_0
2019-10-07 12:54:52,496 [Thread-2354] INFO  impl.FollowerState (FollowerState.java:run(108)) - 9604f214-8a72-43d6-82f0-dfc482dd7060@group-B57DD82BE2FA-FollowerState: change to CANDIDATE, lastRpcTime:5154ms, electionTimeout:5154ms
2019-10-07 12:54:52,496 [Thread-2354] INFO  impl.RoleInfo (RoleInfo.java:shutdownFollowerState(121)) - 9604f214-8a72-43d6-82f0-dfc482dd7060: shutdown FollowerState
2019-10-07 12:54:52,496 [Thread-2354] INFO  impl.RaftServerImpl (RaftServerImpl.java:setRole(170)) - 9604f214-8a72-43d6-82f0-dfc482dd7060@group-B57DD82BE2FA: changes role from  FOLLOWER to CANDIDATE at term 0 for changeToCandidate
2019-10-07 12:54:52,497 [Thread-2354] INFO  impl.RoleInfo (RoleInfo.java:updateAndGet(143)) - 9604f214-8a72-43d6-82f0-dfc482dd7060: start LeaderElection
2019-10-07 12:54:52,509 [Thread-2362] INFO  impl.FollowerState (FollowerState.java:run(108)) - 4d2b9bae-021e-4ccf-87e7-6329b6a7d832@group-15B672439692-FollowerState: change to CANDIDATE, lastRpcTime:5013ms, electionTimeout:5013ms
2019-10-07 12:54:52,510 [Thread-2362] INFO  impl.RoleInfo (RoleInfo.java:shutdownFollowerState(121)) - 4d2b9bae-021e-4ccf-87e7-6329b6a7d832: shutdown FollowerState
2019-10-07 12:54:52,510 [Thread-2362] INFO  impl.RaftServerImpl (RaftServerImpl.java:setRole(170)) - 4d2b9bae-021e-4ccf-87e7-6329b6a7d832@group-15B672439692: changes role from  FOLLOWER to CANDIDATE at term 0 for changeToCandidate
2019-10-07 12:54:52,510 [Thread-2362] INFO  impl.RoleInfo (RoleInfo.java:updateAndGet(143)) - 4d2b9bae-021e-4ccf-87e7-6329b6a7d832: start LeaderElection
2019-10-07 12:54:52,520 [9604f214-8a72-43d6-82f0-dfc482dd7060@group-B57DD82BE2FA-LeaderElection63] INFO  impl.LeaderElection (LeaderElection.java:askForVotes(178)) - 9604f214-8a72-43d6-82f0-dfc482dd7060@group-B57DD82BE2FA-LeaderElection63: begin an election at term 1 for -1: [9604f214-8a72-43d6-82f0-dfc482dd7060:192.168.151.100:35809], old=null
2019-10-07 12:54:52,521 [9604f214-8a72-43d6-82f0-dfc482dd7060@group-B57DD82BE2FA-LeaderElection63] INFO  impl.RoleInfo (RoleInfo.java:shutdownLeaderElection(134)) - 9604f214-8a72-43d6-82f0-dfc482dd7060: shutdown LeaderElection
2019-10-07 12:54:52,521 [9604f214-8a72-43d6-82f0-dfc482dd7060@group-B57DD82BE2FA-LeaderElection63] INFO  impl.RaftServerImpl (RaftServerImpl.java:setRole(170)) - 9604f214-8a72-43d6-82f0-dfc482dd7060@group-B57DD82BE2FA: changes role from CANDIDATE to LEADER at term 1 for changeToLeader
2019-10-07 12:54:52,521 [9604f214-8a72-43d6-82f0-dfc482dd7060@group-B57DD82BE2FA-LeaderElection63] INFO  impl.RaftServerImpl (ServerState.java:setLeader(255)) - 9604f214-8a72-43d6-82f0-dfc482dd7060@group-B57DD82BE2FA: change Leader from null to 9604f214-8a72-43d6-82f0-dfc482dd7060 at term 1 for becomeLeader, leader elected after 5187ms
2019-10-07 12:54:52,521 [9604f214-8a72-43d6-82f0-dfc482dd7060@group-B57DD82BE2FA-LeaderElection63] INFO  server.RaftServerConfigKeys (ConfUtils.java:logGet(43)) - raft.server.staging.catchup.gap = 1000 (default)
2019-10-07 12:54:52,521 [9604f214-8a72-43d6-82f0-dfc482dd7060@group-B57DD82BE2FA-LeaderElection63] INFO  server.RaftServerConfigKeys (ConfUtils.java:logGet(43)) - raft.server.rpc.sleep.time = 25ms (default)
2019-10-07 12:54:52,521 [9604f214-8a72-43d6-82f0-dfc482dd7060@group-B57DD82BE2FA-LeaderElection63] INFO  server.RaftServerConfigKeys (ConfUtils.java:logGet(43)) - raft.server.write.element-limit = 4096 (default)
2019-10-07 12:54:52,522 [9604f214-8a72-43d6-82f0-dfc482dd7060@group-B57DD82BE2FA-LeaderElection63] INFO  server.RaftServerConfigKeys (ConfUtils.java:logGet(43)) - raft.server.watch.timeout = 10s (default)
2019-10-07 12:54:52,522 [9604f214-8a72-43d6-82f0-dfc482dd7060@group-B57DD82BE2FA-LeaderElection63] INFO  server.RaftServerConfigKeys (ConfUtils.java:logGet(43)) - raft.server.watch.timeout.denomination = 1s (default)
2019-10-07 12:54:52,522 [9604f214-8a72-43d6-82f0-dfc482dd7060@group-B57DD82BE2FA-LeaderElection63] INFO  server.RaftServerConfigKeys (ConfUtils.java:logGet(43)) - raft.server.watch.element-limit = 65536 (default)
2019-10-07 12:54:52,523 [4d2b9bae-021e-4ccf-87e7-6329b6a7d832@group-15B672439692-LeaderElection64] INFO  impl.LeaderElection (LeaderElection.java:askForVotes(178)) - 4d2b9bae-021e-4ccf-87e7-6329b6a7d832@group-15B672439692-LeaderElection64: begin an election at term 1 for -1: [4d2b9bae-021e-4ccf-87e7-6329b6a7d832:192.168.151.100:41376, 9604f214-8a72-43d6-82f0-dfc482dd7060:192.168.151.100:35809, 79c34e7c-c09d-42ba-bb2b-d981192b5d8a:192.168.151.100:38794], old=null
2019-10-07 12:54:52,524 [9604f214-8a72-43d6-82f0-dfc482dd7060@group-B57DD82BE2FA-LeaderElection63] INFO  impl.RoleInfo (RoleInfo.java:updateAndGet(143)) - 9604f214-8a72-43d6-82f0-dfc482dd7060: start LeaderState
2019-10-07 12:54:52,525 [9604f214-8a72-43d6-82f0-dfc482dd7060@group-B57DD82BE2FA-LeaderElection63] INFO  segmented.SegmentedRaftLogWorker (SegmentedRaftLogWorker.java:startLogSegment(385)) - 9604f214-8a72-43d6-82f0-dfc482dd7060@group-B57DD82BE2FA-SegmentedRaftLogWorker: Starting segment from index:0
2019-10-07 12:54:52,525 [9604f214-8a72-43d6-82f0-dfc482dd7060@group-B57DD82BE2FA-LeaderElection63] INFO  impl.RaftServerImpl (ServerState.java:setRaftConf(356)) - 9604f214-8a72-43d6-82f0-dfc482dd7060@group-B57DD82BE2FA: set configuration 0: [9604f214-8a72-43d6-82f0-dfc482dd7060:192.168.151.100:35809], old=null at 0
2019-10-07 12:54:52,528 [grpc-default-executor-0] INFO  impl.RaftServerImpl (RaftServerImpl.java:setRole(170)) - 79c34e7c-c09d-42ba-bb2b-d981192b5d8a@group-15B672439692: changes role from  FOLLOWER to FOLLOWER at term 1 for recognizeCandidate:4d2b9bae-021e-4ccf-87e7-6329b6a7d832
2019-10-07 12:54:52,528 [grpc-default-executor-2] INFO  impl.RaftServerImpl (RaftServerImpl.java:setRole(170)) - 9604f214-8a72-43d6-82f0-dfc482dd7060@group-15B672439692: changes role from  FOLLOWER to FOLLOWER at term 1 for recognizeCandidate:4d2b9bae-021e-4ccf-87e7-6329b6a7d832
2019-10-07 12:54:52,528 [grpc-default-executor-0] INFO  impl.RoleInfo (RoleInfo.java:shutdownFollowerState(121)) - 79c34e7c-c09d-42ba-bb2b-d981192b5d8a: shutdown FollowerState
2019-10-07 12:54:52,528 [grpc-default-executor-2] INFO  impl.RoleInfo (RoleInfo.java:shutdownFollowerState(121)) - 9604f214-8a72-43d6-82f0-dfc482dd7060: shutdown FollowerState
2019-10-07 12:54:52,528 [grpc-default-executor-0] INFO  impl.RoleInfo (RoleInfo.java:updateAndGet(143)) - 79c34e7c-c09d-42ba-bb2b-d981192b5d8a: start FollowerState
2019-10-07 12:54:52,528 [grpc-default-executor-2] INFO  impl.RoleInfo (RoleInfo.java:updateAndGet(143)) - 9604f214-8a72-43d6-82f0-dfc482dd7060: start FollowerState
2019-10-07 12:54:52,528 [Thread-2361] INFO  impl.FollowerState (FollowerState.java:run(117)) - 79c34e7c-c09d-42ba-bb2b-d981192b5d8a@group-15B672439692-FollowerState was interrupted: java.lang.InterruptedException: sleep interrupted
2019-10-07 12:54:52,528 [Thread-2357] INFO  impl.FollowerState (FollowerState.java:run(117)) - 9604f214-8a72-43d6-82f0-dfc482dd7060@group-15B672439692-FollowerState was interrupted: java.lang.InterruptedException: sleep interrupted
2019-10-07 12:54:52,543 [4d2b9bae-021e-4ccf-87e7-6329b6a7d832@group-15B672439692-LeaderElection64] INFO  impl.LeaderElection (LeaderElection.java:logAndReturn(56)) - 4d2b9bae-021e-4ccf-87e7-6329b6a7d832@group-15B672439692-LeaderElection64: Election PASSED; received 1 response(s) [4d2b9bae-021e-4ccf-87e7-6329b6a7d832<-79c34e7c-c09d-42ba-bb2b-d981192b5d8a#0:OK-t1] and 0 exception(s); 4d2b9bae-021e-4ccf-87e7-6329b6a7d832@group-15B672439692:t1, leader=null, voted=4d2b9bae-021e-4ccf-87e7-6329b6a7d832, raftlog=4d2b9bae-021e-4ccf-87e7-6329b6a7d832@group-15B672439692-SegmentedRaftLog:OPENED:c-1,f-1,i0, conf=-1: [4d2b9bae-021e-4ccf-87e7-6329b6a7d832:192.168.151.100:41376, 9604f214-8a72-43d6-82f0-dfc482dd7060:192.168.151.100:35809, 79c34e7c-c09d-42ba-bb2b-d981192b5d8a:192.168.151.100:38794], old=null
2019-10-07 12:54:52,544 [4d2b9bae-021e-4ccf-87e7-6329b6a7d832@group-15B672439692-LeaderElection64] INFO  impl.RoleInfo (RoleInfo.java:shutdownLeaderElection(134)) - 4d2b9bae-021e-4ccf-87e7-6329b6a7d832: shutdown LeaderElection
2019-10-07 12:54:52,544 [4d2b9bae-021e-4ccf-87e7-6329b6a7d832@group-15B672439692-LeaderElection64] INFO  impl.RaftServerImpl (RaftServerImpl.java:setRole(170)) - 4d2b9bae-021e-4ccf-87e7-6329b6a7d832@group-15B672439692: changes role from CANDIDATE to LEADER at term 1 for changeToLeader
2019-10-07 12:54:52,544 [4d2b9bae-021e-4ccf-87e7-6329b6a7d832@group-15B672439692-LeaderElection64] INFO  impl.RaftServerImpl (ServerState.java:setLeader(255)) - 4d2b9bae-021e-4ccf-87e7-6329b6a7d832@group-15B672439692: change Leader from null to 4d2b9bae-021e-4ccf-87e7-6329b6a7d832 at term 1 for becomeLeader, leader elected after 5069ms
2019-10-07 12:54:52,544 [4d2b9bae-021e-4ccf-87e7-6329b6a7d832@group-15B672439692-LeaderElection64] INFO  server.RaftServerConfigKeys (ConfUtils.java:logGet(43)) - raft.server.staging.catchup.gap = 1000 (default)
2019-10-07 12:54:52,544 [4d2b9bae-021e-4ccf-87e7-6329b6a7d832@group-15B672439692-LeaderElection64] INFO  server.RaftServerConfigKeys (ConfUtils.java:logGet(43)) - raft.server.rpc.sleep.time = 25ms (default)
2019-10-07 12:54:52,545 [4d2b9bae-021e-4ccf-87e7-6329b6a7d832@group-15B672439692-LeaderElection64] INFO  server.RaftServerConfigKeys (ConfUtils.java:logGet(43)) - raft.server.write.element-limit = 4096 (default)
2019-10-07 12:54:52,545 [4d2b9bae-021e-4ccf-87e7-6329b6a7d832@group-15B672439692-LeaderElection64] INFO  server.RaftServerConfigKeys (ConfUtils.java:logGet(43)) - raft.server.watch.timeout = 10s (default)
2019-10-07 12:54:52,545 [4d2b9bae-021e-4ccf-87e7-6329b6a7d832@group-15B672439692-LeaderElection64] INFO  server.RaftServerConfigKeys (ConfUtils.java:logGet(43)) - raft.server.watch.timeout.denomination = 1s (default)
2019-10-07 12:54:52,545 [4d2b9bae-021e-4ccf-87e7-6329b6a7d832@group-15B672439692-LeaderElection64] INFO  server.RaftServerConfigKeys (ConfUtils.java:logGet(43)) - raft.server.watch.element-limit = 65536 (default)
2019-10-07 12:54:52,548 [4d2b9bae-021e-4ccf-87e7-6329b6a7d832@group-15B672439692-LeaderElection64] INFO  server.RaftServerConfigKeys (ConfUtils.java:logGet(43)) - raft.server.log.appender.snapshot.chunk.size.max = 16MB (=16777216) (default)
2019-10-07 12:54:52,548 [4d2b9bae-021e-4ccf-87e7-6329b6a7d832@group-15B672439692-LeaderElection64] INFO  server.RaftServerConfigKeys (ConfUtils.java:logGet(43)) - raft.server.log.appender.buffer.byte-limit = 33554432 (custom)
2019-10-07 12:54:52,548 [4d2b9bae-021e-4ccf-87e7-6329b6a7d832@group-15B672439692-LeaderElection64] INFO  server.RaftServerConfigKeys (ConfUtils.java:logGet(43)) - raft.server.log.appender.buffer.element-limit = 1 (custom)
2019-10-07 12:54:52,549 [4d2b9bae-021e-4ccf-87e7-6329b6a7d832@group-15B672439692-LeaderElection64] INFO  grpc.GrpcConfigKeys$Server (ConfUtils.java:logGet(43)) - raft.grpc.server.leader.outstanding.appends.max = 128 (default)
2019-10-07 12:54:52,549 [4d2b9bae-021e-4ccf-87e7-6329b6a7d832@group-15B672439692-LeaderElection64] INFO  server.RaftServerConfigKeys (ConfUtils.java:logGet(43)) - raft.server.rpc.request.timeout = 3000ms (default)
2019-10-07 12:54:52,549 [4d2b9bae-021e-4ccf-87e7-6329b6a7d832@group-15B672439692-LeaderElection64] INFO  server.RaftServerConfigKeys (ConfUtils.java:logGet(43)) - raft.server.log.appender.install.snapshot.enabled = false (custom)
2019-10-07 12:54:52,550 [4d2b9bae-021e-4ccf-87e7-6329b6a7d832@group-15B672439692-LeaderElection64] INFO  server.RaftServerConfigKeys (ConfUtils.java:logGet(43)) - raft.server.log.appender.snapshot.chunk.size.max = 16MB (=16777216) (default)
2019-10-07 12:54:52,550 [4d2b9bae-021e-4ccf-87e7-6329b6a7d832@group-15B672439692-LeaderElection64] INFO  server.RaftServerConfigKeys (ConfUtils.java:logGet(43)) - raft.server.log.appender.buffer.byte-limit = 33554432 (custom)
2019-10-07 12:54:52,550 [4d2b9bae-021e-4ccf-87e7-6329b6a7d832@group-15B672439692-LeaderElection64] INFO  server.RaftServerConfigKeys (ConfUtils.java:logGet(43)) - raft.server.log.appender.buffer.element-limit = 1 (custom)
2019-10-07 12:54:52,550 [4d2b9bae-021e-4ccf-87e7-6329b6a7d832@group-15B672439692-LeaderElection64] INFO  grpc.GrpcConfigKeys$Server (ConfUtils.java:logGet(43)) - raft.grpc.server.leader.outstanding.appends.max = 128 (default)
2019-10-07 12:54:52,551 [4d2b9bae-021e-4ccf-87e7-6329b6a7d832@group-15B672439692-LeaderElection64] INFO  server.RaftServerConfigKeys (ConfUtils.java:logGet(43)) - raft.server.rpc.request.timeout = 3000ms (default)
2019-10-07 12:54:52,551 [4d2b9bae-021e-4ccf-87e7-6329b6a7d832@group-15B672439692-LeaderElection64] INFO  server.RaftServerConfigKeys (ConfUtils.java:logGet(43)) - raft.server.log.appender.install.snapshot.enabled = false (custom)
2019-10-07 12:54:52,551 [4d2b9bae-021e-4ccf-87e7-6329b6a7d832@group-15B672439692-LeaderElection64] INFO  impl.RoleInfo (RoleInfo.java:updateAndGet(143)) - 4d2b9bae-021e-4ccf-87e7-6329b6a7d832: start LeaderState
2019-10-07 12:54:52,551 [4d2b9bae-021e-4ccf-87e7-6329b6a7d832@group-15B672439692-LeaderElection64] INFO  segmented.SegmentedRaftLogWorker (SegmentedRaftLogWorker.java:startLogSegment(385)) - 4d2b9bae-021e-4ccf-87e7-6329b6a7d832@group-15B672439692-SegmentedRaftLogWorker: Starting segment from index:0
2019-10-07 12:54:52,552 [4d2b9bae-021e-4ccf-87e7-6329b6a7d832@group-15B672439692-LeaderElection64] INFO  impl.RaftServerImpl (ServerState.java:setRaftConf(356)) - 4d2b9bae-021e-4ccf-87e7-6329b6a7d832@group-15B672439692: set configuration 0: [4d2b9bae-021e-4ccf-87e7-6329b6a7d832:192.168.151.100:41376, 9604f214-8a72-43d6-82f0-dfc482dd7060:192.168.151.100:35809, 79c34e7c-c09d-42ba-bb2b-d981192b5d8a:192.168.151.100:38794], old=null at 0
2019-10-07 12:54:52,554 [grpc-default-executor-2] INFO  impl.RaftServerImpl (ServerState.java:setLeader(255)) - 9604f214-8a72-43d6-82f0-dfc482dd7060@group-15B672439692: change Leader from null to 4d2b9bae-021e-4ccf-87e7-6329b6a7d832 at term 1 for appendEntries, leader elected after 5079ms
2019-10-07 12:54:52,554 [grpc-default-executor-0] INFO  impl.RaftServerImpl (ServerState.java:setLeader(255)) - 79c34e7c-c09d-42ba-bb2b-d981192b5d8a@group-15B672439692: change Leader from null to 4d2b9bae-021e-4ccf-87e7-6329b6a7d832 at term 1 for appendEntries, leader elected after 5079ms
2019-10-07 12:54:52,589 [grpc-default-executor-2] INFO  impl.RaftServerImpl (ServerState.java:setRaftConf(356)) - 79c34e7c-c09d-42ba-bb2b-d981192b5d8a@group-15B672439692: set configuration 0: [4d2b9bae-021e-4ccf-87e7-6329b6a7d832:192.168.151.100:41376, 9604f214-8a72-43d6-82f0-dfc482dd7060:192.168.151.100:35809, 79c34e7c-c09d-42ba-bb2b-d981192b5d8a:192.168.151.100:38794], old=null at 0
2019-10-07 12:54:52,589 [grpc-default-executor-0] INFO  impl.RaftServerImpl (ServerState.java:setRaftConf(356)) - 9604f214-8a72-43d6-82f0-dfc482dd7060@group-15B672439692: set configuration 0: [4d2b9bae-021e-4ccf-87e7-6329b6a7d832:192.168.151.100:41376, 9604f214-8a72-43d6-82f0-dfc482dd7060:192.168.151.100:35809, 79c34e7c-c09d-42ba-bb2b-d981192b5d8a:192.168.151.100:38794], old=null at 0
2019-10-07 12:54:52,590 [grpc-default-executor-2] INFO  segmented.SegmentedRaftLogWorker (SegmentedRaftLogWorker.java:startLogSegment(385)) - 79c34e7c-c09d-42ba-bb2b-d981192b5d8a@group-15B672439692-SegmentedRaftLogWorker: Starting segment from index:0
2019-10-07 12:54:52,590 [grpc-default-executor-0] INFO  segmented.SegmentedRaftLogWorker (SegmentedRaftLogWorker.java:startLogSegment(385)) - 9604f214-8a72-43d6-82f0-dfc482dd7060@group-15B672439692-SegmentedRaftLogWorker: Starting segment from index:0
2019-10-07 12:54:52,600 [9604f214-8a72-43d6-82f0-dfc482dd7060@group-B57DD82BE2FA-SegmentedRaftLogWorker] INFO  segmented.SegmentedRaftLogWorker (SegmentedRaftLogWorker.java:execute(574)) - 9604f214-8a72-43d6-82f0-dfc482dd7060@group-B57DD82BE2FA-SegmentedRaftLogWorker: created new log segment /workdir/hadoop-ozone/integration-test/target/test-dir/MiniOzoneClusterImpl-8dabfc5a-884a-4661-b4d7-effaed3458cf/datanode-2/data/ratis/782714c0-5054-4d2e-b0b7-b57dd82be2fa/current/log_inprogress_0
2019-10-07 12:54:52,600 [4d2b9bae-021e-4ccf-87e7-6329b6a7d832@group-15B672439692-SegmentedRaftLogWorker] INFO  segmented.SegmentedRaftLogWorker (SegmentedRaftLogWorker.java:execute(574)) - 4d2b9bae-021e-4ccf-87e7-6329b6a7d832@group-15B672439692-SegmentedRaftLogWorker: created new log segment /workdir/hadoop-ozone/integration-test/target/test-dir/MiniOzoneClusterImpl-8dabfc5a-884a-4661-b4d7-effaed3458cf/datanode-1/data/ratis/2d9238d0-2dfd-4d45-87ff-15b672439692/current/log_inprogress_0
2019-10-07 12:54:52,627 [Thread-2366] INFO  impl.FollowerState (FollowerState.java:run(108)) - d77e94fa-427e-4395-be1c-71396d8b2ec7@group-DFE3D849FA5D-FollowerState: change to CANDIDATE, lastRpcTime:5062ms, electionTimeout:5062ms
2019-10-07 12:54:52,627 [Thread-2366] INFO  impl.RoleInfo (RoleInfo.java:shutdownFollowerState(121)) - d77e94fa-427e-4395-be1c-71396d8b2ec7: shutdown FollowerState
2019-10-07 12:54:52,627 [Thread-2366] INFO  impl.RaftServerImpl (RaftServerImpl.java:setRole(170)) - d77e94fa-427e-4395-be1c-71396d8b2ec7@group-DFE3D849FA5D: changes role from  FOLLOWER to CANDIDATE at term 0 for changeToCandidate
2019-10-07 12:54:52,627 [Thread-2366] INFO  impl.RoleInfo (RoleInfo.java:updateAndGet(143)) - d77e94fa-427e-4395-be1c-71396d8b2ec7: start LeaderElection
2019-10-07 12:54:52,635 [9604f214-8a72-43d6-82f0-dfc482dd7060@group-15B672439692-SegmentedRaftLogWorker] INFO  segmented.SegmentedRaftLogWorker (SegmentedRaftLogWorker.java:execute(574)) - 9604f214-8a72-43d6-82f0-dfc482dd7060@group-15B672439692-SegmentedRaftLogWorker: created new log segment /workdir/hadoop-ozone/integration-test/target/test-dir/MiniOzoneClusterImpl-8dabfc5a-884a-4661-b4d7-effaed3458cf/datanode-2/data/ratis/2d9238d0-2dfd-4d45-87ff-15b672439692/current/log_inprogress_0
2019-10-07 12:54:52,636 [79c34e7c-c09d-42ba-bb2b-d981192b5d8a@group-15B672439692-SegmentedRaftLogWorker] INFO  segmented.SegmentedRaftLogWorker (SegmentedRaftLogWorker.java:execute(574)) - 79c34e7c-c09d-42ba-bb2b-d981192b5d8a@group-15B672439692-SegmentedRaftLogWorker: created new log segment /workdir/hadoop-ozone/integration-test/target/test-dir/MiniOzoneClusterImpl-8dabfc5a-884a-4661-b4d7-effaed3458cf/datanode-0/data/ratis/2d9238d0-2dfd-4d45-87ff-15b672439692/current/log_inprogress_0
2019-10-07 12:54:52,651 [d77e94fa-427e-4395-be1c-71396d8b2ec7@group-DFE3D849FA5D-LeaderElection65] INFO  impl.LeaderElection (LeaderElection.java:askForVotes(178)) - d77e94fa-427e-4395-be1c-71396d8b2ec7@group-DFE3D849FA5D-LeaderElection65: begin an election at term 1 for -1: [d77e94fa-427e-4395-be1c-71396d8b2ec7:192.168.151.100:42642], old=null
2019-10-07 12:54:52,651 [d77e94fa-427e-4395-be1c-71396d8b2ec7@group-DFE3D849FA5D-LeaderElection65] INFO  impl.RoleInfo (RoleInfo.java:shutdownLeaderElection(134)) - d77e94fa-427e-4395-be1c-71396d8b2ec7: shutdown LeaderElection
2019-10-07 12:54:52,651 [d77e94fa-427e-4395-be1c-71396d8b2ec7@group-DFE3D849FA5D-LeaderElection65] INFO  impl.RaftServerImpl (RaftServerImpl.java:setRole(170)) - d77e94fa-427e-4395-be1c-71396d8b2ec7@group-DFE3D849FA5D: changes role from CANDIDATE to LEADER at term 1 for changeToLeader
2019-10-07 12:54:52,651 [d77e94fa-427e-4395-be1c-71396d8b2ec7@group-DFE3D849FA5D-LeaderElection65] INFO  impl.RaftServerImpl (ServerState.java:setLeader(255)) - d77e94fa-427e-4395-be1c-71396d8b2ec7@group-DFE3D849FA5D: change Leader from null to d77e94fa-427e-4395-be1c-71396d8b2ec7 at term 1 for becomeLeader, leader elected after 5094ms
2019-10-07 12:54:52,652 [d77e94fa-427e-4395-be1c-71396d8b2ec7@group-DFE3D849FA5D-LeaderElection65] INFO  server.RaftServerConfigKeys (ConfUtils.java:logGet(43)) - raft.server.staging.catchup.gap = 1000 (default)
2019-10-07 12:54:52,652 [d77e94fa-427e-4395-be1c-71396d8b2ec7@group-DFE3D849FA5D-LeaderElection65] INFO  server.RaftServerConfigKeys (ConfUtils.java:logGet(43)) - raft.server.rpc.sleep.time = 25ms (default)
2019-10-07 12:54:52,652 [d77e94fa-427e-4395-be1c-71396d8b2ec7@group-DFE3D849FA5D-LeaderElection65] INFO  server.RaftServerConfigKeys (ConfUtils.java:logGet(43)) - raft.server.write.element-limit = 4096 (default)
2019-10-07 12:54:52,652 [d77e94fa-427e-4395-be1c-71396d8b2ec7@group-DFE3D849FA5D-LeaderElection65] INFO  server.RaftServerConfigKeys (ConfUtils.java:logGet(43)) - raft.server.watch.timeout = 10s (default)
2019-10-07 12:54:52,652 [d77e94fa-427e-4395-be1c-71396d8b2ec7@group-DFE3D849FA5D-LeaderElection65] INFO  server.RaftServerConfigKeys (ConfUtils.java:logGet(43)) - raft.server.watch.timeout.denomination = 1s (default)
2019-10-07 12:54:52,652 [d77e94fa-427e-4395-be1c-71396d8b2ec7@group-DFE3D849FA5D-LeaderElection65] INFO  server.RaftServerConfigKeys (ConfUtils.java:logGet(43)) - raft.server.watch.element-limit = 65536 (default)
2019-10-07 12:54:52,654 [d77e94fa-427e-4395-be1c-71396d8b2ec7@group-DFE3D849FA5D-LeaderElection65] INFO  impl.RoleInfo (RoleInfo.java:updateAndGet(143)) - d77e94fa-427e-4395-be1c-71396d8b2ec7: start LeaderState
2019-10-07 12:54:52,654 [d77e94fa-427e-4395-be1c-71396d8b2ec7@group-DFE3D849FA5D-LeaderElection65] INFO  segmented.SegmentedRaftLogWorker (SegmentedRaftLogWorker.java:startLogSegment(385)) - d77e94fa-427e-4395-be1c-71396d8b2ec7@group-DFE3D849FA5D-SegmentedRaftLogWorker: Starting segment from index:0
2019-10-07 12:54:52,655 [d77e94fa-427e-4395-be1c-71396d8b2ec7@group-DFE3D849FA5D-LeaderElection65] INFO  impl.RaftServerImpl (ServerState.java:setRaftConf(356)) - d77e94fa-427e-4395-be1c-71396d8b2ec7@group-DFE3D849FA5D: set configuration 0: [d77e94fa-427e-4395-be1c-71396d8b2ec7:192.168.151.100:42642], old=null at 0
2019-10-07 12:54:52,694 [Thread-2369] INFO  impl.FollowerState (FollowerState.java:run(108)) - 24893fc8-cf78-41d5-9bb1-57f1b8bca63b@group-7BCC2CC0ECE4-FollowerState: change to CANDIDATE, lastRpcTime:5073ms, electionTimeout:5073ms
2019-10-07 12:54:52,695 [Thread-2369] INFO  impl.RoleInfo (RoleInfo.java:shutdownFollowerState(121)) - 24893fc8-cf78-41d5-9bb1-57f1b8bca63b: shutdown FollowerState
2019-10-07 12:54:52,695 [Thread-2369] INFO  impl.RaftServerImpl (RaftServerImpl.java:setRole(170)) - 24893fc8-cf78-41d5-9bb1-57f1b8bca63b@group-7BCC2CC0ECE4: changes role from  FOLLOWER to CANDIDATE at term 0 for changeToCandidate
2019-10-07 12:54:52,695 [Thread-2369] INFO  impl.RoleInfo (RoleInfo.java:updateAndGet(143)) - 24893fc8-cf78-41d5-9bb1-57f1b8bca63b: start LeaderElection
2019-10-07 12:54:52,702 [d77e94fa-427e-4395-be1c-71396d8b2ec7@group-DFE3D849FA5D-SegmentedRaftLogWorker] INFO  segmented.SegmentedRaftLogWorker (SegmentedRaftLogWorker.java:execute(574)) - d77e94fa-427e-4395-be1c-71396d8b2ec7@group-DFE3D849FA5D-SegmentedRaftLogWorker: created new log segment /workdir/hadoop-ozone/integration-test/target/test-dir/MiniOzoneClusterImpl-8dabfc5a-884a-4661-b4d7-effaed3458cf/datanode-3/data/ratis/7679114b-0e2c-41bd-b9eb-dfe3d849fa5d/current/log_inprogress_0
2019-10-07 12:54:52,716 [24893fc8-cf78-41d5-9bb1-57f1b8bca63b@group-7BCC2CC0ECE4-LeaderElection66] INFO  impl.LeaderElection (LeaderElection.java:askForVotes(178)) - 24893fc8-cf78-41d5-9bb1-57f1b8bca63b@group-7BCC2CC0ECE4-LeaderElection66: begin an election at term 1 for -1: [24893fc8-cf78-41d5-9bb1-57f1b8bca63b:192.168.151.100:33481], old=null
2019-10-07 12:54:52,716 [24893fc8-cf78-41d5-9bb1-57f1b8bca63b@group-7BCC2CC0ECE4-LeaderElection66] INFO  impl.RoleInfo (RoleInfo.java:shutdownLeaderElection(134)) - 24893fc8-cf78-41d5-9bb1-57f1b8bca63b: shutdown LeaderElection
2019-10-07 12:54:52,716 [24893fc8-cf78-41d5-9bb1-57f1b8bca63b@group-7BCC2CC0ECE4-LeaderElection66] INFO  impl.RaftServerImpl (RaftServerImpl.java:setRole(170)) - 24893fc8-cf78-41d5-9bb1-57f1b8bca63b@group-7BCC2CC0ECE4: changes role from CANDIDATE to LEADER at term 1 for changeToLeader
2019-10-07 12:54:52,717 [24893fc8-cf78-41d5-9bb1-57f1b8bca63b@group-7BCC2CC0ECE4-LeaderElection66] INFO  impl.RaftServerImpl (ServerState.java:setLeader(255)) - 24893fc8-cf78-41d5-9bb1-57f1b8bca63b@group-7BCC2CC0ECE4: change Leader from null to 24893fc8-cf78-41d5-9bb1-57f1b8bca63b at term 1 for becomeLeader, leader elected after 5102ms
2019-10-07 12:54:52,717 [24893fc8-cf78-41d5-9bb1-57f1b8bca63b@group-7BCC2CC0ECE4-LeaderElection66] INFO  server.RaftServerConfigKeys (ConfUtils.java:logGet(43)) - raft.server.staging.catchup.gap = 1000 (default)
2019-10-07 12:54:52,717 [24893fc8-cf78-41d5-9bb1-57f1b8bca63b@group-7BCC2CC0ECE4-LeaderElection66] INFO  server.RaftServerConfigKeys (ConfUtils.java:logGet(43)) - raft.server.rpc.sleep.time = 25ms (default)
2019-10-07 12:54:52,717 [24893fc8-cf78-41d5-9bb1-57f1b8bca63b@group-7BCC2CC0ECE4-LeaderElection66] INFO  server.RaftServerConfigKeys (ConfUtils.java:logGet(43)) - raft.server.write.element-limit = 4096 (default)
2019-10-07 12:54:52,717 [24893fc8-cf78-41d5-9bb1-57f1b8bca63b@group-7BCC2CC0ECE4-LeaderElection66] INFO  server.RaftServerConfigKeys (ConfUtils.java:logGet(43)) - raft.server.watch.timeout = 10s (default)
2019-10-07 12:54:52,717 [24893fc8-cf78-41d5-9bb1-57f1b8bca63b@group-7BCC2CC0ECE4-LeaderElection66] INFO  server.RaftServerConfigKeys (ConfUtils.java:logGet(43)) - raft.server.watch.timeout.denomination = 1s (default)
2019-10-07 12:54:52,718 [24893fc8-cf78-41d5-9bb1-57f1b8bca63b@group-7BCC2CC0ECE4-LeaderElection66] INFO  server.RaftServerConfigKeys (ConfUtils.java:logGet(43)) - raft.server.watch.element-limit = 65536 (default)
2019-10-07 12:54:52,720 [24893fc8-cf78-41d5-9bb1-57f1b8bca63b@group-7BCC2CC0ECE4-LeaderElection66] INFO  impl.RoleInfo (RoleInfo.java:updateAndGet(143)) - 24893fc8-cf78-41d5-9bb1-57f1b8bca63b: start LeaderState
2019-10-07 12:54:52,720 [24893fc8-cf78-41d5-9bb1-57f1b8bca63b@group-7BCC2CC0ECE4-LeaderElection66] INFO  segmented.SegmentedRaftLogWorker (SegmentedRaftLogWorker.java:startLogSegment(385)) - 24893fc8-cf78-41d5-9bb1-57f1b8bca63b@group-7BCC2CC0ECE4-SegmentedRaftLogWorker: Starting segment from index:0
2019-10-07 12:54:52,721 [24893fc8-cf78-41d5-9bb1-57f1b8bca63b@group-7BCC2CC0ECE4-LeaderElection66] INFO  impl.RaftServerImpl (ServerState.java:setRaftConf(356)) - 24893fc8-cf78-41d5-9bb1-57f1b8bca63b@group-7BCC2CC0ECE4: set configuration 0: [24893fc8-cf78-41d5-9bb1-57f1b8bca63b:192.168.151.100:33481], old=null at 0
2019-10-07 12:54:52,746 [Thread-2379] INFO  impl.FollowerState (FollowerState.java:run(108)) - d77e94fa-427e-4395-be1c-71396d8b2ec7@group-D0BE9244E9E4-FollowerState: change to CANDIDATE, lastRpcTime:5010ms, electionTimeout:5010ms
2019-10-07 12:54:52,746 [Thread-2379] INFO  impl.RoleInfo (RoleInfo.java:shutdownFollowerState(121)) - d77e94fa-427e-4395-be1c-71396d8b2ec7: shutdown FollowerState
2019-10-07 12:54:52,746 [Thread-2379] INFO  impl.RaftServerImpl (RaftServerImpl.java:setRole(170)) - d77e94fa-427e-4395-be1c-71396d8b2ec7@group-D0BE9244E9E4: changes role from  FOLLOWER to CANDIDATE at term 0 for changeToCandidate
2019-10-07 12:54:52,747 [Thread-2379] INFO  impl.RoleInfo (RoleInfo.java:updateAndGet(143)) - d77e94fa-427e-4395-be1c-71396d8b2ec7: start LeaderElection
2019-10-07 12:54:52,762 [Thread-2372] INFO  impl.FollowerState (FollowerState.java:run(108)) - cc92755e-2d85-42c0-bfd7-b5b68ab0ba6e@group-E4D475D03763-FollowerState: change to CANDIDATE, lastRpcTime:5110ms, electionTimeout:5110ms
2019-10-07 12:54:52,762 [Thread-2372] INFO  impl.RoleInfo (RoleInfo.java:shutdownFollowerState(121)) - cc92755e-2d85-42c0-bfd7-b5b68ab0ba6e: shutdown FollowerState
2019-10-07 12:54:52,762 [Thread-2372] INFO  impl.RaftServerImpl (RaftServerImpl.java:setRole(170)) - cc92755e-2d85-42c0-bfd7-b5b68ab0ba6e@group-E4D475D03763: changes role from  FOLLOWER to CANDIDATE at term 0 for changeToCandidate
2019-10-07 12:54:52,762 [Thread-2372] INFO  impl.RoleInfo (RoleInfo.java:updateAndGet(143)) - cc92755e-2d85-42c0-bfd7-b5b68ab0ba6e: start LeaderElection
2019-10-07 12:54:52,772 [24893fc8-cf78-41d5-9bb1-57f1b8bca63b@group-7BCC2CC0ECE4-SegmentedRaftLogWorker] INFO  segmented.SegmentedRaftLogWorker (SegmentedRaftLogWorker.java:execute(574)) - 24893fc8-cf78-41d5-9bb1-57f1b8bca63b@group-7BCC2CC0ECE4-SegmentedRaftLogWorker: created new log segment /workdir/hadoop-ozone/integration-test/target/test-dir/MiniOzoneClusterImpl-8dabfc5a-884a-4661-b4d7-effaed3458cf/datanode-4/data/ratis/4fa990a2-fa0b-4b2f-9853-7bcc2cc0ece4/current/log_inprogress_0
2019-10-07 12:54:52,772 [d77e94fa-427e-4395-be1c-71396d8b2ec7@group-D0BE9244E9E4-LeaderElection67] INFO  impl.LeaderElection (LeaderElection.java:askForVotes(178)) - d77e94fa-427e-4395-be1c-71396d8b2ec7@group-D0BE9244E9E4-LeaderElection67: begin an election at term 1 for -1: [d77e94fa-427e-4395-be1c-71396d8b2ec7:192.168.151.100:42642, 24893fc8-cf78-41d5-9bb1-57f1b8bca63b:192.168.151.100:33481, cc92755e-2d85-42c0-bfd7-b5b68ab0ba6e:192.168.151.100:35274], old=null
2019-10-07 12:54:52,784 [grpc-default-executor-0] INFO  impl.RaftServerImpl (RaftServerImpl.java:setRole(170)) - cc92755e-2d85-42c0-bfd7-b5b68ab0ba6e@group-D0BE9244E9E4: changes role from  FOLLOWER to FOLLOWER at term 1 for recognizeCandidate:d77e94fa-427e-4395-be1c-71396d8b2ec7
2019-10-07 12:54:52,784 [grpc-default-executor-2] INFO  impl.RaftServerImpl (RaftServerImpl.java:setRole(170)) - 24893fc8-cf78-41d5-9bb1-57f1b8bca63b@group-D0BE9244E9E4: changes role from  FOLLOWER to FOLLOWER at term 1 for recognizeCandidate:d77e94fa-427e-4395-be1c-71396d8b2ec7
2019-10-07 12:54:52,784 [grpc-default-executor-0] INFO  impl.RoleInfo (RoleInfo.java:shutdownFollowerState(121)) - cc92755e-2d85-42c0-bfd7-b5b68ab0ba6e: shutdown FollowerState
2019-10-07 12:54:52,784 [grpc-default-executor-2] INFO  impl.RoleInfo (RoleInfo.java:shutdownFollowerState(121)) - 24893fc8-cf78-41d5-9bb1-57f1b8bca63b: shutdown FollowerState
2019-10-07 12:54:52,784 [grpc-default-executor-0] INFO  impl.RoleInfo (RoleInfo.java:updateAndGet(143)) - cc92755e-2d85-42c0-bfd7-b5b68ab0ba6e: start FollowerState
2019-10-07 12:54:52,785 [Thread-2378] INFO  impl.FollowerState (FollowerState.java:run(117)) - cc92755e-2d85-42c0-bfd7-b5b68ab0ba6e@group-D0BE9244E9E4-FollowerState was interrupted: java.lang.InterruptedException: sleep interrupted
2019-10-07 12:54:52,785 [grpc-default-executor-2] INFO  impl.RoleInfo (RoleInfo.java:updateAndGet(143)) - 24893fc8-cf78-41d5-9bb1-57f1b8bca63b: start FollowerState
2019-10-07 12:54:52,785 [Thread-2377] INFO  impl.FollowerState (FollowerState.java:run(117)) - 24893fc8-cf78-41d5-9bb1-57f1b8bca63b@group-D0BE9244E9E4-FollowerState was interrupted: java.lang.InterruptedException: sleep interrupted
2019-10-07 12:54:52,785 [cc92755e-2d85-42c0-bfd7-b5b68ab0ba6e@group-E4D475D03763-LeaderElection68] INFO  impl.LeaderElection (LeaderElection.java:askForVotes(178)) - cc92755e-2d85-42c0-bfd7-b5b68ab0ba6e@group-E4D475D03763-LeaderElection68: begin an election at term 1 for -1: [cc92755e-2d85-42c0-bfd7-b5b68ab0ba6e:192.168.151.100:35274], old=null
2019-10-07 12:54:52,785 [cc92755e-2d85-42c0-bfd7-b5b68ab0ba6e@group-E4D475D03763-LeaderElection68] INFO  impl.RoleInfo (RoleInfo.java:shutdownLeaderElection(134)) - cc92755e-2d85-42c0-bfd7-b5b68ab0ba6e: shutdown LeaderElection
2019-10-07 12:54:52,785 [cc92755e-2d85-42c0-bfd7-b5b68ab0ba6e@group-E4D475D03763-LeaderElection68] INFO  impl.RaftServerImpl (RaftServerImpl.java:setRole(170)) - cc92755e-2d85-42c0-bfd7-b5b68ab0ba6e@group-E4D475D03763: changes role from CANDIDATE to LEADER at term 1 for changeToLeader
2019-10-07 12:54:52,786 [cc92755e-2d85-42c0-bfd7-b5b68ab0ba6e@group-E4D475D03763-LeaderElection68] INFO  impl.RaftServerImpl (ServerState.java:setLeader(255)) - cc92755e-2d85-42c0-bfd7-b5b68ab0ba6e@group-E4D475D03763: change Leader from null to cc92755e-2d85-42c0-bfd7-b5b68ab0ba6e at term 1 for becomeLeader, leader elected after 5140ms
2019-10-07 12:54:52,786 [cc92755e-2d85-42c0-bfd7-b5b68ab0ba6e@group-E4D475D03763-LeaderElection68] INFO  server.RaftServerConfigKeys (ConfUtils.java:logGet(43)) - raft.server.staging.catchup.gap = 1000 (default)
2019-10-07 12:54:52,786 [cc92755e-2d85-42c0-bfd7-b5b68ab0ba6e@group-E4D475D03763-LeaderElection68] INFO  server.RaftServerConfigKeys (ConfUtils.java:logGet(43)) - raft.server.rpc.sleep.time = 25ms (default)
2019-10-07 12:54:52,786 [cc92755e-2d85-42c0-bfd7-b5b68ab0ba6e@group-E4D475D03763-LeaderElection68] INFO  server.RaftServerConfigKeys (ConfUtils.java:logGet(43)) - raft.server.write.element-limit = 4096 (default)
2019-10-07 12:54:52,786 [cc92755e-2d85-42c0-bfd7-b5b68ab0ba6e@group-E4D475D03763-LeaderElection68] INFO  server.RaftServerConfigKeys (ConfUtils.java:logGet(43)) - raft.server.watch.timeout = 10s (default)
2019-10-07 12:54:52,786 [cc92755e-2d85-42c0-bfd7-b5b68ab0ba6e@group-E4D475D03763-LeaderElection68] INFO  server.RaftServerConfigKeys (ConfUtils.java:logGet(43)) - raft.server.watch.timeout.denomination = 1s (default)
2019-10-07 12:54:52,786 [cc92755e-2d85-42c0-bfd7-b5b68ab0ba6e@group-E4D475D03763-LeaderElection68] INFO  server.RaftServerConfigKeys (ConfUtils.java:logGet(43)) - raft.server.watch.element-limit = 65536 (default)
2019-10-07 12:54:52,788 [cc92755e-2d85-42c0-bfd7-b5b68ab0ba6e@group-E4D475D03763-LeaderElection68] INFO  impl.RoleInfo (RoleInfo.java:updateAndGet(143)) - cc92755e-2d85-42c0-bfd7-b5b68ab0ba6e: start LeaderState
2019-10-07 12:54:52,789 [cc92755e-2d85-42c0-bfd7-b5b68ab0ba6e@group-E4D475D03763-LeaderElection68] INFO  segmented.SegmentedRaftLogWorker (SegmentedRaftLogWorker.java:startLogSegment(385)) - cc92755e-2d85-42c0-bfd7-b5b68ab0ba6e@group-E4D475D03763-SegmentedRaftLogWorker: Starting segment from index:0
2019-10-07 12:54:52,789 [cc92755e-2d85-42c0-bfd7-b5b68ab0ba6e@group-E4D475D03763-LeaderElection68] INFO  impl.RaftServerImpl (ServerState.java:setRaftConf(356)) - cc92755e-2d85-42c0-bfd7-b5b68ab0ba6e@group-E4D475D03763: set configuration 0: [cc92755e-2d85-42c0-bfd7-b5b68ab0ba6e:192.168.151.100:35274], old=null at 0
2019-10-07 12:54:52,799 [d77e94fa-427e-4395-be1c-71396d8b2ec7@group-D0BE9244E9E4-LeaderElection67] INFO  impl.LeaderElection (LeaderElection.java:logAndReturn(56)) - d77e94fa-427e-4395-be1c-71396d8b2ec7@group-D0BE9244E9E4-LeaderElection67: Election PASSED; received 1 response(s) [d77e94fa-427e-4395-be1c-71396d8b2ec7<-24893fc8-cf78-41d5-9bb1-57f1b8bca63b#0:OK-t1] and 0 exception(s); d77e94fa-427e-4395-be1c-71396d8b2ec7@group-D0BE9244E9E4:t1, leader=null, voted=d77e94fa-427e-4395-be1c-71396d8b2ec7, raftlog=d77e94fa-427e-4395-be1c-71396d8b2ec7@group-D0BE9244E9E4-SegmentedRaftLog:OPENED:c-1,f-1,i0, conf=-1: [d77e94fa-427e-4395-be1c-71396d8b2ec7:192.168.151.100:42642, 24893fc8-cf78-41d5-9bb1-57f1b8bca63b:192.168.151.100:33481, cc92755e-2d85-42c0-bfd7-b5b68ab0ba6e:192.168.151.100:35274], old=null
2019-10-07 12:54:52,799 [d77e94fa-427e-4395-be1c-71396d8b2ec7@group-D0BE9244E9E4-LeaderElection67] INFO  impl.RoleInfo (RoleInfo.java:shutdownLeaderElection(134)) - d77e94fa-427e-4395-be1c-71396d8b2ec7: shutdown LeaderElection
2019-10-07 12:54:52,799 [d77e94fa-427e-4395-be1c-71396d8b2ec7@group-D0BE9244E9E4-LeaderElection67] INFO  impl.RaftServerImpl (RaftServerImpl.java:setRole(170)) - d77e94fa-427e-4395-be1c-71396d8b2ec7@group-D0BE9244E9E4: changes role from CANDIDATE to LEADER at term 1 for changeToLeader
2019-10-07 12:54:52,799 [d77e94fa-427e-4395-be1c-71396d8b2ec7@group-D0BE9244E9E4-LeaderElection67] INFO  impl.RaftServerImpl (ServerState.java:setLeader(255)) - d77e94fa-427e-4395-be1c-71396d8b2ec7@group-D0BE9244E9E4: change Leader from null to d77e94fa-427e-4395-be1c-71396d8b2ec7 at term 1 for becomeLeader, leader elected after 5075ms
2019-10-07 12:54:52,799 [d77e94fa-427e-4395-be1c-71396d8b2ec7@group-D0BE9244E9E4-LeaderElection67] INFO  server.RaftServerConfigKeys (ConfUtils.java:logGet(43)) - raft.server.staging.catchup.gap = 1000 (default)
2019-10-07 12:54:52,799 [d77e94fa-427e-4395-be1c-71396d8b2ec7@group-D0BE9244E9E4-LeaderElection67] INFO  server.RaftServerConfigKeys (ConfUtils.java:logGet(43)) - raft.server.rpc.sleep.time = 25ms (default)
2019-10-07 12:54:52,800 [d77e94fa-427e-4395-be1c-71396d8b2ec7@group-D0BE9244E9E4-LeaderElection67] INFO  server.RaftServerConfigKeys (ConfUtils.java:logGet(43)) - raft.server.write.element-limit = 4096 (default)
2019-10-07 12:54:52,800 [d77e94fa-427e-4395-be1c-71396d8b2ec7@group-D0BE9244E9E4-LeaderElection67] INFO  server.RaftServerConfigKeys (ConfUtils.java:logGet(43)) - raft.server.watch.timeout = 10s (default)
2019-10-07 12:54:52,800 [d77e94fa-427e-4395-be1c-71396d8b2ec7@group-D0BE9244E9E4-LeaderElection67] INFO  server.RaftServerConfigKeys (ConfUtils.java:logGet(43)) - raft.server.watch.timeout.denomination = 1s (default)
2019-10-07 12:54:52,800 [d77e94fa-427e-4395-be1c-71396d8b2ec7@group-D0BE9244E9E4-LeaderElection67] INFO  server.RaftServerConfigKeys (ConfUtils.java:logGet(43)) - raft.server.watch.element-limit = 65536 (default)
2019-10-07 12:54:52,802 [d77e94fa-427e-4395-be1c-71396d8b2ec7@group-D0BE9244E9E4-LeaderElection67] INFO  server.RaftServerConfigKeys (ConfUtils.java:logGet(43)) - raft.server.log.appender.snapshot.chunk.size.max = 16MB (=16777216) (default)
2019-10-07 12:54:52,802 [d77e94fa-427e-4395-be1c-71396d8b2ec7@group-D0BE9244E9E4-LeaderElection67] INFO  server.RaftServerConfigKeys (ConfUtils.java:logGet(43)) - raft.server.log.appender.buffer.byte-limit = 33554432 (custom)
2019-10-07 12:54:52,802 [d77e94fa-427e-4395-be1c-71396d8b2ec7@group-D0BE9244E9E4-LeaderElection67] INFO  server.RaftServerConfigKeys (ConfUtils.java:logGet(43)) - raft.server.log.appender.buffer.element-limit = 1 (custom)
2019-10-07 12:54:52,803 [d77e94fa-427e-4395-be1c-71396d8b2ec7@group-D0BE9244E9E4-LeaderElection67] INFO  grpc.GrpcConfigKeys$Server (ConfUtils.java:logGet(43)) - raft.grpc.server.leader.outstanding.appends.max = 128 (default)
2019-10-07 12:54:52,803 [d77e94fa-427e-4395-be1c-71396d8b2ec7@group-D0BE9244E9E4-LeaderElection67] INFO  server.RaftServerConfigKeys (ConfUtils.java:logGet(43)) - raft.server.rpc.request.timeout = 3000ms (default)
2019-10-07 12:54:52,803 [d77e94fa-427e-4395-be1c-71396d8b2ec7@group-D0BE9244E9E4-LeaderElection67] INFO  server.RaftServerConfigKeys (ConfUtils.java:logGet(43)) - raft.server.log.appender.install.snapshot.enabled = false (custom)
2019-10-07 12:54:52,803 [d77e94fa-427e-4395-be1c-71396d8b2ec7@group-D0BE9244E9E4-LeaderElection67] INFO  server.RaftServerConfigKeys (ConfUtils.java:logGet(43)) - raft.server.log.appender.snapshot.chunk.size.max = 16MB (=16777216) (default)
2019-10-07 12:54:52,803 [d77e94fa-427e-4395-be1c-71396d8b2ec7@group-D0BE9244E9E4-LeaderElection67] INFO  server.RaftServerConfigKeys (ConfUtils.java:logGet(43)) - raft.server.log.appender.buffer.byte-limit = 33554432 (custom)
2019-10-07 12:54:52,804 [d77e94fa-427e-4395-be1c-71396d8b2ec7@group-D0BE9244E9E4-LeaderElection67] INFO  server.RaftServerConfigKeys (ConfUtils.java:logGet(43)) - raft.server.log.appender.buffer.element-limit = 1 (custom)
2019-10-07 12:54:52,804 [d77e94fa-427e-4395-be1c-71396d8b2ec7@group-D0BE9244E9E4-LeaderElection67] INFO  grpc.GrpcConfigKeys$Server (ConfUtils.java:logGet(43)) - raft.grpc.server.leader.outstanding.appends.max = 128 (default)
2019-10-07 12:54:52,804 [d77e94fa-427e-4395-be1c-71396d8b2ec7@group-D0BE9244E9E4-LeaderElection67] INFO  server.RaftServerConfigKeys (ConfUtils.java:logGet(43)) - raft.server.rpc.request.timeout = 3000ms (default)
2019-10-07 12:54:52,804 [d77e94fa-427e-4395-be1c-71396d8b2ec7@group-D0BE9244E9E4-LeaderElection67] INFO  server.RaftServerConfigKeys (ConfUtils.java:logGet(43)) - raft.server.log.appender.install.snapshot.enabled = false (custom)
2019-10-07 12:54:52,804 [d77e94fa-427e-4395-be1c-71396d8b2ec7@group-D0BE9244E9E4-LeaderElection67] INFO  impl.RoleInfo (RoleInfo.java:updateAndGet(143)) - d77e94fa-427e-4395-be1c-71396d8b2ec7: start LeaderState
2019-10-07 12:54:52,804 [d77e94fa-427e-4395-be1c-71396d8b2ec7@group-D0BE9244E9E4-LeaderElection67] INFO  segmented.SegmentedRaftLogWorker (SegmentedRaftLogWorker.java:startLogSegment(385)) - d77e94fa-427e-4395-be1c-71396d8b2ec7@group-D0BE9244E9E4-SegmentedRaftLogWorker: Starting segment from index:0
2019-10-07 12:54:52,805 [d77e94fa-427e-4395-be1c-71396d8b2ec7@group-D0BE9244E9E4-LeaderElection67] INFO  impl.RaftServerImpl (ServerState.java:setRaftConf(356)) - d77e94fa-427e-4395-be1c-71396d8b2ec7@group-D0BE9244E9E4: set configuration 0: [d77e94fa-427e-4395-be1c-71396d8b2ec7:192.168.151.100:42642, 24893fc8-cf78-41d5-9bb1-57f1b8bca63b:192.168.151.100:33481, cc92755e-2d85-42c0-bfd7-b5b68ab0ba6e:192.168.151.100:35274], old=null at 0
2019-10-07 12:54:52,806 [grpc-default-executor-2] INFO  impl.RaftServerImpl (ServerState.java:setLeader(255)) - 24893fc8-cf78-41d5-9bb1-57f1b8bca63b@group-D0BE9244E9E4: change Leader from null to d77e94fa-427e-4395-be1c-71396d8b2ec7 at term 1 for appendEntries, leader elected after 5082ms
2019-10-07 12:54:52,807 [grpc-default-executor-0] INFO  impl.RaftServerImpl (ServerState.java:setLeader(255)) - cc92755e-2d85-42c0-bfd7-b5b68ab0ba6e@group-D0BE9244E9E4: change Leader from null to d77e94fa-427e-4395-be1c-71396d8b2ec7 at term 1 for appendEntries, leader elected after 5083ms
2019-10-07 12:54:52,838 [grpc-default-executor-0] INFO  impl.RaftServerImpl (ServerState.java:setRaftConf(356)) - cc92755e-2d85-42c0-bfd7-b5b68ab0ba6e@group-D0BE9244E9E4: set configuration 0: [d77e94fa-427e-4395-be1c-71396d8b2ec7:192.168.151.100:42642, 24893fc8-cf78-41d5-9bb1-57f1b8bca63b:192.168.151.100:33481, cc92755e-2d85-42c0-bfd7-b5b68ab0ba6e:192.168.151.100:35274], old=null at 0
2019-10-07 12:54:52,838 [grpc-default-executor-2] INFO  impl.RaftServerImpl (ServerState.java:setRaftConf(356)) - 24893fc8-cf78-41d5-9bb1-57f1b8bca63b@group-D0BE9244E9E4: set configuration 0: [d77e94fa-427e-4395-be1c-71396d8b2ec7:192.168.151.100:42642, 24893fc8-cf78-41d5-9bb1-57f1b8bca63b:192.168.151.100:33481, cc92755e-2d85-42c0-bfd7-b5b68ab0ba6e:192.168.151.100:35274], old=null at 0
2019-10-07 12:54:52,839 [grpc-default-executor-0] INFO  segmented.SegmentedRaftLogWorker (SegmentedRaftLogWorker.java:startLogSegment(385)) - cc92755e-2d85-42c0-bfd7-b5b68ab0ba6e@group-D0BE9244E9E4-SegmentedRaftLogWorker: Starting segment from index:0
2019-10-07 12:54:52,839 [grpc-default-executor-2] INFO  segmented.SegmentedRaftLogWorker (SegmentedRaftLogWorker.java:startLogSegment(385)) - 24893fc8-cf78-41d5-9bb1-57f1b8bca63b@group-D0BE9244E9E4-SegmentedRaftLogWorker: Starting segment from index:0
2019-10-07 12:54:52,845 [d77e94fa-427e-4395-be1c-71396d8b2ec7@group-D0BE9244E9E4-SegmentedRaftLogWorker] INFO  segmented.SegmentedRaftLogWorker (SegmentedRaftLogWorker.java:execute(574)) - d77e94fa-427e-4395-be1c-71396d8b2ec7@group-D0BE9244E9E4-SegmentedRaftLogWorker: created new log segment /workdir/hadoop-ozone/integration-test/target/test-dir/MiniOzoneClusterImpl-8dabfc5a-884a-4661-b4d7-effaed3458cf/datanode-3/data/ratis/9e714551-4e6e-49ee-9824-d0be9244e9e4/current/log_inprogress_0
2019-10-07 12:54:52,845 [cc92755e-2d85-42c0-bfd7-b5b68ab0ba6e@group-E4D475D03763-SegmentedRaftLogWorker] INFO  segmented.SegmentedRaftLogWorker (SegmentedRaftLogWorker.java:execute(574)) - cc92755e-2d85-42c0-bfd7-b5b68ab0ba6e@group-E4D475D03763-SegmentedRaftLogWorker: created new log segment /workdir/hadoop-ozone/integration-test/target/test-dir/MiniOzoneClusterImpl-8dabfc5a-884a-4661-b4d7-effaed3458cf/datanode-5/data/ratis/041bf4dc-3f6a-4227-a41d-e4d475d03763/current/log_inprogress_0
2019-10-07 12:54:52,887 [cc92755e-2d85-42c0-bfd7-b5b68ab0ba6e@group-D0BE9244E9E4-SegmentedRaftLogWorker] INFO  segmented.SegmentedRaftLogWorker (SegmentedRaftLogWorker.java:execute(574)) - cc92755e-2d85-42c0-bfd7-b5b68ab0ba6e@group-D0BE9244E9E4-SegmentedRaftLogWorker: created new log segment /workdir/hadoop-ozone/integration-test/target/test-dir/MiniOzoneClusterImpl-8dabfc5a-884a-4661-b4d7-effaed3458cf/datanode-5/data/ratis/9e714551-4e6e-49ee-9824-d0be9244e9e4/current/log_inprogress_0
2019-10-07 12:54:52,887 [24893fc8-cf78-41d5-9bb1-57f1b8bca63b@group-D0BE9244E9E4-SegmentedRaftLogWorker] INFO  segmented.SegmentedRaftLogWorker (SegmentedRaftLogWorker.java:execute(574)) - 24893fc8-cf78-41d5-9bb1-57f1b8bca63b@group-D0BE9244E9E4-SegmentedRaftLogWorker: created new log segment /workdir/hadoop-ozone/integration-test/target/test-dir/MiniOzoneClusterImpl-8dabfc5a-884a-4661-b4d7-effaed3458cf/datanode-4/data/ratis/9e714551-4e6e-49ee-9824-d0be9244e9e4/current/log_inprogress_0
2019-10-07 12:54:52,909 [grpc-default-executor-4] WARN  server.GrpcLogAppender (LogUtils.java:warn(134)) - 7741f835-7823-4120-ba15-da80b6525d1d@group-105F4042666B->a929fe19-32c2-4064-994c-6020b0bb7a68-AppendLogResponseHandler: Failed appendEntries: org.apache.ratis.thirdparty.io.grpc.StatusRuntimeException: UNAVAILABLE: io exception
2019-10-07 12:54:52,909 [grpc-default-executor-2] WARN  server.GrpcLogAppender (LogUtils.java:warn(134)) - 7741f835-7823-4120-ba15-da80b6525d1d@group-105F4042666B->786f91eb-928f-4402-89ae-1713a48bf1ef-AppendLogResponseHandler: Failed appendEntries: org.apache.ratis.thirdparty.io.grpc.StatusRuntimeException: UNAVAILABLE: io exception
2019-10-07 12:54:52,910 [grpc-default-executor-4] INFO  impl.FollowerInfo (FollowerInfo.java:lambda$new$0(51)) - 7741f835-7823-4120-ba15-da80b6525d1d@group-105F4042666B->a929fe19-32c2-4064-994c-6020b0bb7a68: nextIndex: updateUnconditionally 0 -> 0
2019-10-07 12:54:52,910 [grpc-default-executor-2] INFO  impl.FollowerInfo (FollowerInfo.java:lambda$new$0(51)) - 7741f835-7823-4120-ba15-da80b6525d1d@group-105F4042666B->786f91eb-928f-4402-89ae-1713a48bf1ef: nextIndex: updateUnconditionally 0 -> 0
2019-10-07 12:54:53,034 [Datanode State Machine Thread - 0] INFO  statemachine.DatanodeStateMachine (DatanodeStateMachine.java:lambda$startDaemon$0(350)) - Ozone container server started.
2019-10-07 12:54:53,056 [Thread-2453] INFO  client.GrpcClientProtocolService (GrpcClientProtocolService.java:lambda$processClientRequest$0(278)) - Failed RaftClientRequest:client-F577C44ADB69->7741f835-7823-4120-ba15-da80b6525d1d@group-105F4042666B, cid=68, seq=0, Watch-MAJORITY_COMMITTED(42), Message:<EMPTY>, reply=RaftClientReply:client-F577C44ADB69->7741f835-7823-4120-ba15-da80b6525d1d@group-105F4042666B, cid=68, FAILED org.apache.ratis.protocol.NotReplicatedException: Request with call Id 68 and log index 42 is not yet replicated to MAJORITY_COMMITTED, logIndex=42, commits[7741f835-7823-4120-ba15-da80b6525d1d:c2, 786f91eb-928f-4402-89ae-1713a48bf1ef:c2, a929fe19-32c2-4064-994c-6020b0bb7a68:c2]
2019-10-07 12:54:53,056 [Thread-2454] INFO  client.GrpcClientProtocolService (GrpcClientProtocolService.java:lambda$processClientRequest$0(278)) - Failed RaftClientRequest:client-F577C44ADB69->7741f835-7823-4120-ba15-da80b6525d1d@group-105F4042666B, cid=67, seq=0, Watch-ALL_COMMITTED(42), Message:<EMPTY>, reply=RaftClientReply:client-F577C44ADB69->7741f835-7823-4120-ba15-da80b6525d1d@group-105F4042666B, cid=67, FAILED org.apache.ratis.protocol.NotReplicatedException: Request with call Id 67 and log index 42 is not yet replicated to ALL_COMMITTED, logIndex=42, commits[7741f835-7823-4120-ba15-da80b6525d1d:c2, 786f91eb-928f-4402-89ae-1713a48bf1ef:c2, a929fe19-32c2-4064-994c-6020b0bb7a68:c2]
2019-10-07 12:54:55,410 [grpc-default-executor-7] WARN  server.GrpcLogAppender (LogUtils.java:warn(134)) - 7741f835-7823-4120-ba15-da80b6525d1d@group-105F4042666B->a929fe19-32c2-4064-994c-6020b0bb7a68-AppendLogResponseHandler: Failed appendEntries: org.apache.ratis.thirdparty.io.grpc.StatusRuntimeException: UNAVAILABLE: io exception
2019-10-07 12:54:55,410 [grpc-default-executor-2] WARN  server.GrpcLogAppender (LogUtils.java:warn(134)) - 7741f835-7823-4120-ba15-da80b6525d1d@group-105F4042666B->786f91eb-928f-4402-89ae-1713a48bf1ef-AppendLogResponseHandler: Failed appendEntries: org.apache.ratis.thirdparty.io.grpc.StatusRuntimeException: UNAVAILABLE: io exception
2019-10-07 12:54:55,411 [grpc-default-executor-7] INFO  impl.FollowerInfo (FollowerInfo.java:lambda$new$0(51)) - 7741f835-7823-4120-ba15-da80b6525d1d@group-105F4042666B->a929fe19-32c2-4064-994c-6020b0bb7a68: nextIndex: updateUnconditionally 0 -> 0
2019-10-07 12:54:55,411 [grpc-default-executor-2] INFO  impl.FollowerInfo (FollowerInfo.java:lambda$new$0(51)) - 7741f835-7823-4120-ba15-da80b6525d1d@group-105F4042666B->786f91eb-928f-4402-89ae-1713a48bf1ef: nextIndex: updateUnconditionally 0 -> 0
2019-10-07 12:54:57,914 [grpc-default-executor-6] WARN  server.GrpcLogAppender (LogUtils.java:warn(134)) - 7741f835-7823-4120-ba15-da80b6525d1d@group-105F4042666B->786f91eb-928f-4402-89ae-1713a48bf1ef-AppendLogResponseHandler: Failed appendEntries: org.apache.ratis.thirdparty.io.grpc.StatusRuntimeException: UNAVAILABLE: io exception
2019-10-07 12:54:57,914 [grpc-default-executor-5] WARN  server.GrpcLogAppender (LogUtils.java:warn(134)) - 7741f835-7823-4120-ba15-da80b6525d1d@group-105F4042666B->a929fe19-32c2-4064-994c-6020b0bb7a68-AppendLogResponseHandler: Failed appendEntries: org.apache.ratis.thirdparty.io.grpc.StatusRuntimeException: UNAVAILABLE: io exception
2019-10-07 12:54:57,915 [grpc-default-executor-6] INFO  impl.FollowerInfo (FollowerInfo.java:lambda$new$0(51)) - 7741f835-7823-4120-ba15-da80b6525d1d@group-105F4042666B->786f91eb-928f-4402-89ae-1713a48bf1ef: nextIndex: updateUnconditionally 0 -> 0
2019-10-07 12:54:57,915 [grpc-default-executor-5] INFO  impl.FollowerInfo (FollowerInfo.java:lambda$new$0(51)) - 7741f835-7823-4120-ba15-da80b6525d1d@group-105F4042666B->a929fe19-32c2-4064-994c-6020b0bb7a68: nextIndex: updateUnconditionally 0 -> 0
2019-10-07 12:54:58,008 [main] INFO  ozoneimpl.OzoneContainer (OzoneContainer.java:stop(231)) - Attempting to stop container services.
2019-10-07 12:54:58,009 [main] INFO  impl.RaftServerProxy (RaftServerProxy.java:lambda$close$4(314)) - 79c34e7c-c09d-42ba-bb2b-d981192b5d8a: close
2019-10-07 12:54:58,010 [main] INFO  impl.RaftServerImpl (RaftServerImpl.java:lambda$shutdown$3(247)) - 79c34e7c-c09d-42ba-bb2b-d981192b5d8a@group-15B672439692: shutdown
2019-10-07 12:54:58,010 [ForkJoinPool.commonPool-worker-1] INFO  impl.RaftServerImpl (RaftServerImpl.java:lambda$shutdown$3(247)) - 79c34e7c-c09d-42ba-bb2b-d981192b5d8a@group-19CB969FEF69: shutdown
2019-10-07 12:54:58,010 [main] INFO  util.JmxRegister (JmxRegister.java:unregister(73)) - Successfully un-registered JMX Bean with object name Ratis:service=RaftServer,group=group-15B672439692,id=79c34e7c-c09d-42ba-bb2b-d981192b5d8a
2019-10-07 12:54:58,011 [ForkJoinPool.commonPool-worker-1] INFO  util.JmxRegister (JmxRegister.java:unregister(73)) - Successfully un-registered JMX Bean with object name Ratis:service=RaftServer,group=group-19CB969FEF69,id=79c34e7c-c09d-42ba-bb2b-d981192b5d8a
2019-10-07 12:54:58,011 [main] INFO  impl.RoleInfo (RoleInfo.java:shutdownFollowerState(121)) - 79c34e7c-c09d-42ba-bb2b-d981192b5d8a: shutdown FollowerState
2019-10-07 12:54:58,011 [ForkJoinPool.commonPool-worker-1] INFO  impl.RoleInfo (RoleInfo.java:shutdownLeaderState(104)) - 79c34e7c-c09d-42ba-bb2b-d981192b5d8a: shutdown LeaderState
2019-10-07 12:54:58,012 [Thread-2412] INFO  impl.FollowerState (FollowerState.java:run(117)) - 79c34e7c-c09d-42ba-bb2b-d981192b5d8a@group-15B672439692-FollowerState was interrupted: java.lang.InterruptedException: sleep interrupted
2019-10-07 12:54:58,012 [79c34e7c-c09d-42ba-bb2b-d981192b5d8a@group-15B672439692-StateMachineUpdater] INFO  ratis.ContainerStateMachine (ContainerStateMachine.java:takeSnapshot(294)) - group-15B672439692: Taking a snapshot at:(t:1, i:1) file /workdir/hadoop-ozone/integration-test/target/test-dir/MiniOzoneClusterImpl-8dabfc5a-884a-4661-b4d7-effaed3458cf/datanode-0/data/ratis/2d9238d0-2dfd-4d45-87ff-15b672439692/sm/snapshot.1_1
2019-10-07 12:54:58,012 [ForkJoinPool.commonPool-worker-1] INFO  impl.PendingRequests (PendingRequests.java:sendNotLeaderResponses(202)) - 79c34e7c-c09d-42ba-bb2b-d981192b5d8a@group-19CB969FEF69-PendingRequests: sendNotLeaderResponses
2019-10-07 12:54:58,012 [main] INFO  impl.StateMachineUpdater (StateMachineUpdater.java:stopAndJoin(136)) - 79c34e7c-c09d-42ba-bb2b-d981192b5d8a@group-15B672439692-StateMachineUpdater: set stopIndex = 2
2019-10-07 12:54:58,013 [ForkJoinPool.commonPool-worker-1] INFO  impl.StateMachineUpdater (StateMachineUpdater.java:stopAndJoin(136)) - 79c34e7c-c09d-42ba-bb2b-d981192b5d8a@group-19CB969FEF69-StateMachineUpdater: set stopIndex = 0
2019-10-07 12:54:58,014 [EventQueue-StaleNodeForStaleNodeHandler] INFO  node.StaleNodeHandler (StaleNodeHandler.java:onMessage(58)) - Datanode 786f91eb-928f-4402-89ae-1713a48bf1ef{ip: 192.168.151.100, host: pr-hdds-2264-877rn-2827291287, networkLocation: /default-rack, certSerialId: null} moved to stale state. Finalizing its pipelines [PipelineID=05149fa6-6fa0-4402-a399-0ad706f46188, PipelineID=485f1b3c-bc6e-4694-a404-105f4042666b]
2019-10-07 12:54:58,014 [ForkJoinPool.commonPool-worker-1] INFO  impl.RaftServerImpl (ServerState.java:close(387)) - 79c34e7c-c09d-42ba-bb2b-d981192b5d8a@group-19CB969FEF69: closes. applyIndex: 0
2019-10-07 12:54:58,015 [EventQueue-StaleNodeForStaleNodeHandler] INFO  pipeline.SCMPipelineManager (SCMPipelineManager.java:finalizeAndDestroyPipeline(315)) - destroying pipeline:Pipeline[ Id: 05149fa6-6fa0-4402-a399-0ad706f46188, Nodes: 786f91eb-928f-4402-89ae-1713a48bf1ef{ip: 192.168.151.100, host: pr-hdds-2264-877rn-2827291287, networkLocation: /default-rack, certSerialId: null}, Type:RATIS, Factor:ONE, State:OPEN]
2019-10-07 12:54:58,015 [79c34e7c-c09d-42ba-bb2b-d981192b5d8a@group-19CB969FEF69-SegmentedRaftLogWorker] INFO  segmented.SegmentedRaftLogWorker (SegmentedRaftLogWorker.java:run(316)) - 79c34e7c-c09d-42ba-bb2b-d981192b5d8a@group-19CB969FEF69-SegmentedRaftLogWorker was interrupted, exiting. There are 0 tasks remaining in the queue.
2019-10-07 12:54:58,015 [EventQueue-StaleNodeForStaleNodeHandler] INFO  pipeline.PipelineStateManager (PipelineStateManager.java:finalizePipeline(123)) - Pipeline Pipeline[ Id: 05149fa6-6fa0-4402-a399-0ad706f46188, Nodes: 786f91eb-928f-4402-89ae-1713a48bf1ef{ip: 192.168.151.100, host: pr-hdds-2264-877rn-2827291287, networkLocation: /default-rack, certSerialId: null}, Type:RATIS, Factor:ONE, State:CLOSED] moved to CLOSED state
2019-10-07 12:54:58,025 [EventQueue-StaleNodeForStaleNodeHandler] INFO  pipeline.SCMPipelineManager (SCMPipelineManager.java:finalizeAndDestroyPipeline(315)) - destroying pipeline:Pipeline[ Id: 485f1b3c-bc6e-4694-a404-105f4042666b, Nodes: 786f91eb-928f-4402-89ae-1713a48bf1ef{ip: 192.168.151.100, host: pr-hdds-2264-877rn-2827291287, networkLocation: /default-rack, certSerialId: null}a929fe19-32c2-4064-994c-6020b0bb7a68{ip: 192.168.151.100, host: pr-hdds-2264-877rn-2827291287, networkLocation: /default-rack, certSerialId: null}7741f835-7823-4120-ba15-da80b6525d1d{ip: 192.168.151.100, host: pr-hdds-2264-877rn-2827291287, networkLocation: /default-rack, certSerialId: null}, Type:RATIS, Factor:THREE, State:OPEN]
2019-10-07 12:54:58,025 [ForkJoinPool.commonPool-worker-1] INFO  segmented.SegmentedRaftLogWorker (SegmentedRaftLogWorker.java:close(224)) - 79c34e7c-c09d-42ba-bb2b-d981192b5d8a@group-19CB969FEF69-SegmentedRaftLogWorker close()
2019-10-07 12:54:58,025 [EventQueue-StaleNodeForStaleNodeHandler] INFO  pipeline.PipelineStateManager (PipelineStateManager.java:finalizePipeline(123)) - Pipeline Pipeline[ Id: 485f1b3c-bc6e-4694-a404-105f4042666b, Nodes: 786f91eb-928f-4402-89ae-1713a48bf1ef{ip: 192.168.151.100, host: pr-hdds-2264-877rn-2827291287, networkLocation: /default-rack, certSerialId: null}a929fe19-32c2-4064-994c-6020b0bb7a68{ip: 192.168.151.100, host: pr-hdds-2264-877rn-2827291287, networkLocation: /default-rack, certSerialId: null}7741f835-7823-4120-ba15-da80b6525d1d{ip: 192.168.151.100, host: pr-hdds-2264-877rn-2827291287, networkLocation: /default-rack, certSerialId: null}, Type:RATIS, Factor:THREE, State:CLOSED] moved to CLOSED state
2019-10-07 12:54:58,033 [79c34e7c-c09d-42ba-bb2b-d981192b5d8a@group-15B672439692-StateMachineUpdater] INFO  ratis.ContainerStateMachine (ContainerStateMachine.java:takeSnapshot(305)) - group-15B672439692: Finished taking a snapshot at:(t:1, i:1) file:/workdir/hadoop-ozone/integration-test/target/test-dir/MiniOzoneClusterImpl-8dabfc5a-884a-4661-b4d7-effaed3458cf/datanode-0/data/ratis/2d9238d0-2dfd-4d45-87ff-15b672439692/sm/snapshot.1_1 time:22
2019-10-07 12:54:58,034 [79c34e7c-c09d-42ba-bb2b-d981192b5d8a@group-15B672439692-StateMachineUpdater] INFO  impl.StateMachineUpdater (StateMachineUpdater.java:takeSnapshot(269)) - 79c34e7c-c09d-42ba-bb2b-d981192b5d8a@group-15B672439692-StateMachineUpdater: Took a snapshot at index 1
2019-10-07 12:54:58,034 [EventQueue-CloseContainerForCloseContainerEventHandler] INFO  container.CloseContainerEventHandler (CloseContainerEventHandler.java:onMessage(61)) - Close container Event triggered for container : #1
2019-10-07 12:54:58,034 [79c34e7c-c09d-42ba-bb2b-d981192b5d8a@group-15B672439692-StateMachineUpdater] INFO  impl.StateMachineUpdater (StateMachineUpdater.java:lambda$new$0(84)) - 79c34e7c-c09d-42ba-bb2b-d981192b5d8a@group-15B672439692-StateMachineUpdater: snapshotIndex: updateIncreasingly -1 -> 1
2019-10-07 12:54:58,035 [79c34e7c-c09d-42ba-bb2b-d981192b5d8a@group-15B672439692-StateMachineUpdater] INFO  ratis.ContainerStateMachine (ContainerStateMachine.java:takeSnapshot(294)) - group-15B672439692: Taking a snapshot at:(t:1, i:1) file /workdir/hadoop-ozone/integration-test/target/test-dir/MiniOzoneClusterImpl-8dabfc5a-884a-4661-b4d7-effaed3458cf/datanode-0/data/ratis/2d9238d0-2dfd-4d45-87ff-15b672439692/sm/snapshot.1_1
2019-10-07 12:54:58,048 [79c34e7c-c09d-42ba-bb2b-d981192b5d8a@group-15B672439692-StateMachineUpdater] INFO  ratis.ContainerStateMachine (ContainerStateMachine.java:takeSnapshot(305)) - group-15B672439692: Finished taking a snapshot at:(t:1, i:1) file:/workdir/hadoop-ozone/integration-test/target/test-dir/MiniOzoneClusterImpl-8dabfc5a-884a-4661-b4d7-effaed3458cf/datanode-0/data/ratis/2d9238d0-2dfd-4d45-87ff-15b672439692/sm/snapshot.1_1 time:12
2019-10-07 12:54:58,048 [79c34e7c-c09d-42ba-bb2b-d981192b5d8a@group-15B672439692-StateMachineUpdater] INFO  impl.StateMachineUpdater (StateMachineUpdater.java:takeSnapshot(269)) - 79c34e7c-c09d-42ba-bb2b-d981192b5d8a@group-15B672439692-StateMachineUpdater: Took a snapshot at index 1
2019-10-07 12:54:58,048 [79c34e7c-c09d-42ba-bb2b-d981192b5d8a@group-15B672439692-StateMachineUpdater] INFO  impl.StateMachineUpdater (StateMachineUpdater.java:lambda$new$0(84)) - 79c34e7c-c09d-42ba-bb2b-d981192b5d8a@group-15B672439692-StateMachineUpdater: snapshotIndex: updateIncreasingly 1 -> 1
2019-10-07 12:54:58,048 [main] INFO  impl.RaftServerImpl (ServerState.java:close(387)) - 79c34e7c-c09d-42ba-bb2b-d981192b5d8a@group-15B672439692: closes. applyIndex: 2
2019-10-07 12:54:58,049 [79c34e7c-c09d-42ba-bb2b-d981192b5d8a@group-15B672439692-SegmentedRaftLogWorker] INFO  segmented.SegmentedRaftLogWorker (SegmentedRaftLogWorker.java:run(316)) - 79c34e7c-c09d-42ba-bb2b-d981192b5d8a@group-15B672439692-SegmentedRaftLogWorker was interrupted, exiting. There are 0 tasks remaining in the queue.
2019-10-07 12:54:58,053 [main] INFO  segmented.SegmentedRaftLogWorker (SegmentedRaftLogWorker.java:close(224)) - 79c34e7c-c09d-42ba-bb2b-d981192b5d8a@group-15B672439692-SegmentedRaftLogWorker close()
2019-10-07 12:54:58,060 [main] INFO  server.GrpcService (GrpcService.java:closeImpl(164)) - 79c34e7c-c09d-42ba-bb2b-d981192b5d8a: shutdown server with port 38794 now
2019-10-07 12:54:58,061 [grpc-default-executor-6] WARN  server.GrpcServerProtocolService (LogUtils.java:warn(134)) - 79c34e7c-c09d-42ba-bb2b-d981192b5d8a: installSnapshot onError, lastRequest: 4d2b9bae-021e-4ccf-87e7-6329b6a7d832->79c34e7c-c09d-42ba-bb2b-d981192b5d8a#5-t1, previous=(t:1, i:2), leaderCommit=2, initializing? false, entries: <empty>: org.apache.ratis.thirdparty.io.grpc.StatusRuntimeException: CANCELLED: cancelled before receiving half close
2019-10-07 12:54:58,061 [grpc-default-executor-5] WARN  server.GrpcLogAppender (LogUtils.java:warn(134)) - 4d2b9bae-021e-4ccf-87e7-6329b6a7d832@group-15B672439692->79c34e7c-c09d-42ba-bb2b-d981192b5d8a-AppendLogResponseHandler: Failed appendEntries: org.apache.ratis.thirdparty.io.grpc.StatusRuntimeException: CANCELLED: HTTP/2 error code: CANCEL
Received Rst Stream
2019-10-07 12:54:58,062 [main] INFO  server.GrpcService (GrpcService.java:closeImpl(172)) - 79c34e7c-c09d-42ba-bb2b-d981192b5d8a: shutdown server with port 38794 successfully
2019-10-07 12:54:58,062 [grpc-default-executor-5] INFO  impl.FollowerInfo (FollowerInfo.java:lambda$new$0(51)) - 4d2b9bae-021e-4ccf-87e7-6329b6a7d832@group-15B672439692->79c34e7c-c09d-42ba-bb2b-d981192b5d8a: nextIndex: updateUnconditionally 3 -> 2
2019-10-07 12:54:58,064 [refreshUsed-/workdir/hadoop-ozone/integration-test/target/test-dir/MiniOzoneClusterImpl-8dabfc5a-884a-4661-b4d7-effaed3458cf/datanode-0/data/containers] WARN  fs.CachingGetSpaceUsed (CachingGetSpaceUsed.java:run(183)) - Thread Interrupted waiting to refresh disk information: sleep interrupted
2019-10-07 12:54:58,079 [main] INFO  utils.BackgroundService (BackgroundService.java:shutdown(148)) - Shutting down service BlockDeletingService
2019-10-07 12:54:58,088 [main] INFO  statemachine.DatanodeStateMachine (DatanodeStateMachine.java:stopDaemon(395)) - Ozone container server stopped.
2019-10-07 12:54:58,089 [main] INFO  handler.ContextHandler (ContextHandler.java:doStop(910)) - Stopped o.e.j.w.WebAppContext@34a20f16{/,null,UNAVAILABLE}{/hddsDatanode}
2019-10-07 12:54:58,090 [main] INFO  server.AbstractConnector (AbstractConnector.java:doStop(318)) - Stopped ServerConnector@496cc217{HTTP/1.1,[http/1.1]}{0.0.0.0:0}
2019-10-07 12:54:58,090 [main] INFO  handler.ContextHandler (ContextHandler.java:doStop(910)) - Stopped o.e.j.s.ServletContextHandler@6b2fdffc{/static,jar:file:/home/user/.m2/repository/org/apache/hadoop/hadoop-hdds-container-service/0.5.0-SNAPSHOT/hadoop-hdds-container-service-0.5.0-SNAPSHOT.jar!/webapps/static,UNAVAILABLE}
2019-10-07 12:54:58,090 [main] INFO  handler.ContextHandler (ContextHandler.java:doStop(910)) - Stopped o.e.j.s.ServletContextHandler@77a0dd63{/logs,file:///workdir/hadoop-ozone/integration-test/target/log,UNAVAILABLE}
2019-10-07 12:54:58,098 [grpc-default-executor-6] WARN  server.GrpcLogAppender (LogUtils.java:warn(134)) - 4d2b9bae-021e-4ccf-87e7-6329b6a7d832@group-15B672439692->79c34e7c-c09d-42ba-bb2b-d981192b5d8a-AppendLogResponseHandler: Failed appendEntries: org.apache.ratis.thirdparty.io.grpc.StatusRuntimeException: UNAVAILABLE: io exception
2019-10-07 12:54:58,099 [grpc-default-executor-6] INFO  impl.FollowerInfo (FollowerInfo.java:lambda$new$0(51)) - 4d2b9bae-021e-4ccf-87e7-6329b6a7d832@group-15B672439692->79c34e7c-c09d-42ba-bb2b-d981192b5d8a: nextIndex: updateUnconditionally 3 -> 2
2019-10-07 12:54:58,112 [grpc-default-executor-2] WARN  server.GrpcLogAppender (LogUtils.java:warn(134)) - 4d2b9bae-021e-4ccf-87e7-6329b6a7d832@group-15B672439692->79c34e7c-c09d-42ba-bb2b-d981192b5d8a-AppendLogResponseHandler: Failed appendEntries: org.apache.ratis.thirdparty.io.grpc.StatusRuntimeException: UNAVAILABLE: io exception
2019-10-07 12:54:58,112 [grpc-default-executor-2] INFO  impl.FollowerInfo (FollowerInfo.java:lambda$new$0(51)) - 4d2b9bae-021e-4ccf-87e7-6329b6a7d832@group-15B672439692->79c34e7c-c09d-42ba-bb2b-d981192b5d8a: nextIndex: updateUnconditionally 3 -> 2
2019-10-07 12:54:58,125 [EventQueue-IncrementalContainerReportForIncrementalContainerReportHandler] WARN  container.IncrementalContainerReportHandler (AbstractContainerReportHandler.java:updateContainerState(143)) - Container #1 is in OPEN state, but the datanode 4d2b9bae-021e-4ccf-87e7-6329b6a7d832{ip: 192.168.151.100, host: pr-hdds-2264-877rn-2827291287, networkLocation: /default-rack, certSerialId: null} reports an CLOSING replica.
2019-10-07 12:54:58,126 [grpc-default-executor-2] WARN  server.GrpcLogAppender (LogUtils.java:warn(134)) - 4d2b9bae-021e-4ccf-87e7-6329b6a7d832@group-15B672439692->79c34e7c-c09d-42ba-bb2b-d981192b5d8a-AppendLogResponseHandler: Failed appendEntries: org.apache.ratis.thirdparty.io.grpc.StatusRuntimeException: UNAVAILABLE: io exception
2019-10-07 12:54:58,126 [grpc-default-executor-2] INFO  impl.FollowerInfo (FollowerInfo.java:lambda$new$0(51)) - 4d2b9bae-021e-4ccf-87e7-6329b6a7d832@group-15B672439692->79c34e7c-c09d-42ba-bb2b-d981192b5d8a: nextIndex: updateUnconditionally 3 -> 2
2019-10-07 12:54:58,150 [EventQueue-IncrementalContainerReportForIncrementalContainerReportHandler] WARN  container.IncrementalContainerReportHandler (AbstractContainerReportHandler.java:updateContainerState(143)) - Container #1 is in OPEN state, but the datanode 9604f214-8a72-43d6-82f0-dfc482dd7060{ip: 192.168.151.100, host: pr-hdds-2264-877rn-2827291287, networkLocation: /default-rack, certSerialId: null} reports an CLOSING replica.
2019-10-07 12:54:58,179 [RatisApplyTransactionExecutor 1] INFO  interfaces.Container (KeyValueContainer.java:flushAndSyncDB(386)) - Container 1 is synced with bcsId 0.
2019-10-07 12:54:58,222 [RatisApplyTransactionExecutor 1] INFO  interfaces.Container (KeyValueContainer.java:flushAndSyncDB(386)) - Container 1 is synced with bcsId 0.
2019-10-07 12:54:58,225 [RatisApplyTransactionExecutor 1] INFO  interfaces.Container (KeyValueContainer.java:flushAndSyncDB(386)) - Container 1 is synced with bcsId 0.
2019-10-07 12:54:58,225 [RatisApplyTransactionExecutor 1] INFO  interfaces.Container (KeyValueContainer.java:flushAndSyncDB(386)) - Container 1 is synced with bcsId 0.
2019-10-07 12:54:58,230 [RatisApplyTransactionExecutor 1] INFO  interfaces.Container (KeyValueContainer.java:close(335)) - Container 1 is closed with bcsId 0.
2019-10-07 12:54:58,230 [RatisApplyTransactionExecutor 1] INFO  interfaces.Container (KeyValueContainer.java:close(335)) - Container 1 is closed with bcsId 0.
2019-10-07 12:54:58,246 [EventQueue-IncrementalContainerReportForIncrementalContainerReportHandler] WARN  container.IncrementalContainerReportHandler (AbstractContainerReportHandler.java:updateContainerState(143)) - Container #1 is in OPEN state, but the datanode 4d2b9bae-021e-4ccf-87e7-6329b6a7d832{ip: 192.168.151.100, host: pr-hdds-2264-877rn-2827291287, networkLocation: /default-rack, certSerialId: null} reports an CLOSED replica.
2019-10-07 12:54:58,246 [EventQueue-IncrementalContainerReportForIncrementalContainerReportHandler] WARN  container.IncrementalContainerReportHandler (AbstractContainerReportHandler.java:updateContainerState(143)) - Container #1 is in OPEN state, but the datanode 9604f214-8a72-43d6-82f0-dfc482dd7060{ip: 192.168.151.100, host: pr-hdds-2264-877rn-2827291287, networkLocation: /default-rack, certSerialId: null} reports an CLOSED replica.
2019-10-07 12:54:59,144 [grpc-default-executor-6] WARN  server.GrpcLogAppender (LogUtils.java:warn(134)) - 7741f835-7823-4120-ba15-da80b6525d1d@group-105F4042666B->a929fe19-32c2-4064-994c-6020b0bb7a68-AppendLogResponseHandler: Failed appendEntries: org.apache.ratis.thirdparty.io.grpc.StatusRuntimeException: UNAVAILABLE: io exception
2019-10-07 12:54:59,144 [grpc-default-executor-4] WARN  server.GrpcLogAppender (LogUtils.java:warn(134)) - 7741f835-7823-4120-ba15-da80b6525d1d@group-105F4042666B->786f91eb-928f-4402-89ae-1713a48bf1ef-AppendLogResponseHandler: Failed appendEntries: org.apache.ratis.thirdparty.io.grpc.StatusRuntimeException: UNAVAILABLE: io exception
2019-10-07 12:54:59,144 [grpc-default-executor-6] INFO  impl.FollowerInfo (FollowerInfo.java:lambda$new$0(51)) - 7741f835-7823-4120-ba15-da80b6525d1d@group-105F4042666B->a929fe19-32c2-4064-994c-6020b0bb7a68: nextIndex: updateUnconditionally 1 -> 0
2019-10-07 12:54:59,144 [grpc-default-executor-4] INFO  impl.FollowerInfo (FollowerInfo.java:lambda$new$0(51)) - 7741f835-7823-4120-ba15-da80b6525d1d@group-105F4042666B->786f91eb-928f-4402-89ae-1713a48bf1ef: nextIndex: updateUnconditionally 1 -> 0
2019-10-07 12:55:00,626 [grpc-default-executor-4] WARN  server.GrpcLogAppender (LogUtils.java:warn(134)) - 4d2b9bae-021e-4ccf-87e7-6329b6a7d832@group-15B672439692->79c34e7c-c09d-42ba-bb2b-d981192b5d8a-AppendLogResponseHandler: Failed appendEntries: org.apache.ratis.thirdparty.io.grpc.StatusRuntimeException: UNAVAILABLE: io exception
2019-10-07 12:55:00,649 [grpc-default-executor-4] INFO  impl.FollowerInfo (FollowerInfo.java:lambda$new$0(51)) - 4d2b9bae-021e-4ccf-87e7-6329b6a7d832@group-15B672439692->79c34e7c-c09d-42ba-bb2b-d981192b5d8a: nextIndex: updateUnconditionally 2 -> 1
2019-10-07 12:55:01,282 [main] WARN  scm.XceiverClientRatis (XceiverClientRatis.java:watchForCommit(269)) - 3 way commit failed on pipeline Pipeline[ Id: 2d9238d0-2dfd-4d45-87ff-15b672439692, Nodes: 79c34e7c-c09d-42ba-bb2b-d981192b5d8a{ip: 192.168.151.100, host: pr-hdds-2264-877rn-2827291287, networkLocation: /default-rack, certSerialId: null}9604f214-8a72-43d6-82f0-dfc482dd7060{ip: 192.168.151.100, host: pr-hdds-2264-877rn-2827291287, networkLocation: /default-rack, certSerialId: null}4d2b9bae-021e-4ccf-87e7-6329b6a7d832{ip: 192.168.151.100, host: pr-hdds-2264-877rn-2827291287, networkLocation: /default-rack, certSerialId: null}, Type:RATIS, Factor:THREE, State:OPEN]
java.util.concurrent.TimeoutException
	at java.util.concurrent.CompletableFuture.timedGet(CompletableFuture.java:1771)
	at java.util.concurrent.CompletableFuture.get(CompletableFuture.java:1915)
	at org.apache.hadoop.hdds.scm.XceiverClientRatis.watchForCommit(XceiverClientRatis.java:266)
	at org.apache.hadoop.ozone.client.rpc.TestWatchForCommit.test2WayCommitForTimeoutException(TestWatchForCommit.java:391)
	at sun.reflect.NativeMethodAccessorImpl.invoke0(Native Method)
	at sun.reflect.NativeMethodAccessorImpl.invoke(NativeMethodAccessorImpl.java:62)
	at sun.reflect.DelegatingMethodAccessorImpl.invoke(DelegatingMethodAccessorImpl.java:43)
	at java.lang.reflect.Method.invoke(Method.java:498)
	at org.junit.runners.model.FrameworkMethod$1.runReflectiveCall(FrameworkMethod.java:47)
	at org.junit.internal.runners.model.ReflectiveCallable.run(ReflectiveCallable.java:12)
	at org.junit.runners.model.FrameworkMethod.invokeExplosively(FrameworkMethod.java:44)
	at org.junit.internal.runners.statements.InvokeMethod.evaluate(InvokeMethod.java:17)
	at org.junit.runners.ParentRunner.runLeaf(ParentRunner.java:271)
	at org.junit.runners.BlockJUnit4ClassRunner.runChild(BlockJUnit4ClassRunner.java:70)
	at org.junit.runners.BlockJUnit4ClassRunner.runChild(BlockJUnit4ClassRunner.java:50)
	at org.junit.runners.ParentRunner$3.run(ParentRunner.java:238)
	at org.junit.runners.ParentRunner$1.schedule(ParentRunner.java:63)
	at org.junit.runners.ParentRunner.runChildren(ParentRunner.java:236)
	at org.junit.runners.ParentRunner.access$000(ParentRunner.java:53)
	at org.junit.runners.ParentRunner$2.evaluate(ParentRunner.java:229)
	at org.junit.runners.ParentRunner.run(ParentRunner.java:309)
	at org.apache.maven.surefire.junit4.JUnit4Provider.execute(JUnit4Provider.java:365)
	at org.apache.maven.surefire.junit4.JUnit4Provider.executeWithRerun(JUnit4Provider.java:273)
	at org.apache.maven.surefire.junit4.JUnit4Provider.executeTestSet(JUnit4Provider.java:238)
	at org.apache.maven.surefire.junit4.JUnit4Provider.invoke(JUnit4Provider.java:159)
	at org.apache.maven.surefire.booter.ForkedBooter.invokeProviderInSameClassLoader(ForkedBooter.java:384)
	at org.apache.maven.surefire.booter.ForkedBooter.runSuitesInProcess(ForkedBooter.java:345)
	at org.apache.maven.surefire.booter.ForkedBooter.execute(ForkedBooter.java:126)
	at org.apache.maven.surefire.booter.ForkedBooter.main(ForkedBooter.java:418)
2019-10-07 12:55:01,294 [Thread-2486] INFO  client.GrpcClientProtocolService (GrpcClientProtocolService.java:lambda$processClientRequest$0(278)) - Failed RaftClientRequest:client-70D998706B87->9604f214-8a72-43d6-82f0-dfc482dd7060@group-15B672439692, cid=105, seq=0, Watch-MAJORITY_COMMITTED(3), Message:<EMPTY>, reply=RaftClientReply:client-70D998706B87->9604f214-8a72-43d6-82f0-dfc482dd7060@group-15B672439692, cid=105, FAILED org.apache.ratis.protocol.NotLeaderException: Server 9604f214-8a72-43d6-82f0-dfc482dd7060@group-15B672439692 is not the leader 4d2b9bae-021e-4ccf-87e7-6329b6a7d832:192.168.151.100:41376, logIndex=0, commits[9604f214-8a72-43d6-82f0-dfc482dd7060:c4, 4d2b9bae-021e-4ccf-87e7-6329b6a7d832:c4, 79c34e7c-c09d-42ba-bb2b-d981192b5d8a:c2]
2019-10-07 12:55:01,645 [grpc-default-executor-4] WARN  server.GrpcLogAppender (LogUtils.java:warn(134)) - 7741f835-7823-4120-ba15-da80b6525d1d@group-105F4042666B->a929fe19-32c2-4064-994c-6020b0bb7a68-AppendLogResponseHandler: Failed appendEntries: org.apache.ratis.thirdparty.io.grpc.StatusRuntimeException: UNAVAILABLE: io exception
2019-10-07 12:55:01,645 [grpc-default-executor-6] WARN  server.GrpcLogAppender (LogUtils.java:warn(134)) - 7741f835-7823-4120-ba15-da80b6525d1d@group-105F4042666B->786f91eb-928f-4402-89ae-1713a48bf1ef-AppendLogResponseHandler: Failed appendEntries: org.apache.ratis.thirdparty.io.grpc.StatusRuntimeException: UNAVAILABLE: io exception
2019-10-07 12:55:01,645 [grpc-default-executor-4] INFO  impl.FollowerInfo (FollowerInfo.java:lambda$new$0(51)) - 7741f835-7823-4120-ba15-da80b6525d1d@group-105F4042666B->a929fe19-32c2-4064-994c-6020b0bb7a68: nextIndex: updateUnconditionally 0 -> 0
2019-10-07 12:55:01,645 [grpc-default-executor-6] INFO  impl.FollowerInfo (FollowerInfo.java:lambda$new$0(51)) - 7741f835-7823-4120-ba15-da80b6525d1d@group-105F4042666B->786f91eb-928f-4402-89ae-1713a48bf1ef: nextIndex: updateUnconditionally 0 -> 0
2019-10-07 12:55:03,020 [EventQueue-StaleNodeForStaleNodeHandler] INFO  node.StaleNodeHandler (StaleNodeHandler.java:onMessage(58)) - Datanode a929fe19-32c2-4064-994c-6020b0bb7a68{ip: 192.168.151.100, host: pr-hdds-2264-877rn-2827291287, networkLocation: /default-rack, certSerialId: null} moved to stale state. Finalizing its pipelines [PipelineID=5af6c8bf-7a0c-4dae-9b28-75cbc971d753, PipelineID=485f1b3c-bc6e-4694-a404-105f4042666b]
2019-10-07 12:55:03,021 [EventQueue-StaleNodeForStaleNodeHandler] INFO  pipeline.SCMPipelineManager (SCMPipelineManager.java:finalizeAndDestroyPipeline(315)) - destroying pipeline:Pipeline[ Id: 5af6c8bf-7a0c-4dae-9b28-75cbc971d753, Nodes: a929fe19-32c2-4064-994c-6020b0bb7a68{ip: 192.168.151.100, host: pr-hdds-2264-877rn-2827291287, networkLocation: /default-rack, certSerialId: null}, Type:RATIS, Factor:ONE, State:OPEN]
2019-10-07 12:55:03,021 [EventQueue-StaleNodeForStaleNodeHandler] INFO  pipeline.PipelineStateManager (PipelineStateManager.java:finalizePipeline(123)) - Pipeline Pipeline[ Id: 5af6c8bf-7a0c-4dae-9b28-75cbc971d753, Nodes: a929fe19-32c2-4064-994c-6020b0bb7a68{ip: 192.168.151.100, host: pr-hdds-2264-877rn-2827291287, networkLocation: /default-rack, certSerialId: null}, Type:RATIS, Factor:ONE, State:CLOSED] moved to CLOSED state
2019-10-07 12:55:03,022 [EventQueue-StaleNodeForStaleNodeHandler] INFO  pipeline.SCMPipelineManager (SCMPipelineManager.java:finalizeAndDestroyPipeline(315)) - destroying pipeline:Pipeline[ Id: 485f1b3c-bc6e-4694-a404-105f4042666b, Nodes: 786f91eb-928f-4402-89ae-1713a48bf1ef{ip: 192.168.151.100, host: pr-hdds-2264-877rn-2827291287, networkLocation: /default-rack, certSerialId: null}a929fe19-32c2-4064-994c-6020b0bb7a68{ip: 192.168.151.100, host: pr-hdds-2264-877rn-2827291287, networkLocation: /default-rack, certSerialId: null}7741f835-7823-4120-ba15-da80b6525d1d{ip: 192.168.151.100, host: pr-hdds-2264-877rn-2827291287, networkLocation: /default-rack, certSerialId: null}, Type:RATIS, Factor:THREE, State:CLOSED]
2019-10-07 12:55:03,056 [Thread-2492] INFO  client.GrpcClientProtocolService (GrpcClientProtocolService.java:lambda$processClientRequest$0(278)) - Failed RaftClientRequest:client-F577C44ADB69->7741f835-7823-4120-ba15-da80b6525d1d@group-105F4042666B, cid=68, seq=0, Watch-MAJORITY_COMMITTED(42), Message:<EMPTY>, reply=RaftClientReply:client-F577C44ADB69->7741f835-7823-4120-ba15-da80b6525d1d@group-105F4042666B, cid=68, FAILED org.apache.ratis.protocol.NotReplicatedException: Request with call Id 68 and log index 42 is not yet replicated to MAJORITY_COMMITTED, logIndex=42, commits[7741f835-7823-4120-ba15-da80b6525d1d:c2, 786f91eb-928f-4402-89ae-1713a48bf1ef:c2, a929fe19-32c2-4064-994c-6020b0bb7a68:c2]
2019-10-07 12:55:03,127 [grpc-default-executor-4] WARN  server.GrpcLogAppender (LogUtils.java:warn(134)) - 4d2b9bae-021e-4ccf-87e7-6329b6a7d832@group-15B672439692->79c34e7c-c09d-42ba-bb2b-d981192b5d8a-AppendLogResponseHandler: Failed appendEntries: org.apache.ratis.thirdparty.io.grpc.StatusRuntimeException: UNAVAILABLE: io exception
2019-10-07 12:55:03,127 [grpc-default-executor-4] INFO  impl.FollowerInfo (FollowerInfo.java:lambda$new$0(51)) - 4d2b9bae-021e-4ccf-87e7-6329b6a7d832@group-15B672439692->79c34e7c-c09d-42ba-bb2b-d981192b5d8a: nextIndex: updateUnconditionally 1 -> 0
2019-10-07 12:55:04,146 [grpc-default-executor-6] WARN  server.GrpcLogAppender (LogUtils.java:warn(134)) - 7741f835-7823-4120-ba15-da80b6525d1d@group-105F4042666B->786f91eb-928f-4402-89ae-1713a48bf1ef-AppendLogResponseHandler: Failed appendEntries: org.apache.ratis.thirdparty.io.grpc.StatusRuntimeException: UNAVAILABLE: io exception
2019-10-07 12:55:04,146 [grpc-default-executor-2] WARN  server.GrpcLogAppender (LogUtils.java:warn(134)) - 7741f835-7823-4120-ba15-da80b6525d1d@group-105F4042666B->a929fe19-32c2-4064-994c-6020b0bb7a68-AppendLogResponseHandler: Failed appendEntries: org.apache.ratis.thirdparty.io.grpc.StatusRuntimeException: UNAVAILABLE: io exception
2019-10-07 12:55:04,146 [grpc-default-executor-6] INFO  impl.FollowerInfo (FollowerInfo.java:lambda$new$0(51)) - 7741f835-7823-4120-ba15-da80b6525d1d@group-105F4042666B->786f91eb-928f-4402-89ae-1713a48bf1ef: nextIndex: updateUnconditionally 0 -> 0
2019-10-07 12:55:04,146 [grpc-default-executor-2] INFO  impl.FollowerInfo (FollowerInfo.java:lambda$new$0(51)) - 7741f835-7823-4120-ba15-da80b6525d1d@group-105F4042666B->a929fe19-32c2-4064-994c-6020b0bb7a68: nextIndex: updateUnconditionally 0 -> 0
]]></system-out>
    <system-err><![CDATA[Oct 07, 2019 12:54:58 PM org.apache.ratis.thirdparty.io.grpc.internal.SerializingExecutor run
SEVERE: Exception while executing runnable org.apache.ratis.thirdparty.io.grpc.internal.ServerImpl$JumpToApplicationThreadServerStreamListener$1Closed@355ae4eb
org.apache.ratis.thirdparty.io.grpc.StatusRuntimeException: CANCELLED: call already cancelled
	at org.apache.ratis.thirdparty.io.grpc.Status.asRuntimeException(Status.java:517)
	at org.apache.ratis.thirdparty.io.grpc.stub.ServerCalls$ServerCallStreamObserverImpl.onCompleted(ServerCalls.java:356)
	at org.apache.ratis.grpc.server.GrpcServerProtocolService$ServerRequestStreamObserver.onError(GrpcServerProtocolService.java:121)
	at org.apache.ratis.thirdparty.io.grpc.stub.ServerCalls$StreamingServerCallHandler$StreamingServerCallListener.onCancel(ServerCalls.java:269)
	at org.apache.ratis.thirdparty.io.grpc.internal.ServerCallImpl$ServerStreamListenerImpl.closed(ServerCallImpl.java:293)
	at org.apache.ratis.thirdparty.io.grpc.internal.ServerImpl$JumpToApplicationThreadServerStreamListener$1Closed.runInContext(ServerImpl.java:741)
	at org.apache.ratis.thirdparty.io.grpc.internal.ContextRunnable.run(ContextRunnable.java:37)
	at org.apache.ratis.thirdparty.io.grpc.internal.SerializingExecutor.run(SerializingExecutor.java:123)
	at java.util.concurrent.ThreadPoolExecutor.runWorker(ThreadPoolExecutor.java:1149)
	at java.util.concurrent.ThreadPoolExecutor$Worker.run(ThreadPoolExecutor.java:624)
	at java.lang.Thread.run(Thread.java:748)

]]></system-err>
  </testcase>
</testsuite>